<?xml version="1.0" encoding="UTF-8"?>
<testsuite xmlns:xsi="http://www.w3.org/2001/XMLSchema-instance" xsi:noNamespaceSchemaLocation="https://maven.apache.org/surefire/maven-surefire-plugin/xsd/surefire-test-report.xsd" name="org.apache.hadoop.ozone.scm.TestSCMInstallSnapshotWithHA" time="162.793" tests="3" errors="0" skipped="0" failures="1">
  <properties>
    <property name="awt.toolkit" value="sun.awt.X11.XToolkit"/>
    <property name="file.encoding.pkg" value="sun.io"/>
    <property name="java.specification.version" value="1.8"/>
    <property name="sun.cpu.isalist" value=""/>
    <property name="sun.jnu.encoding" value="UTF-8"/>
    <property name="java.class.path" value="/home/runner/work/ozone/ozone/mnt/ozone/hadoop-ozone/integration-test/target/test-classes:/home/runner/work/ozone/ozone/mnt/ozone/hadoop-ozone/integration-test/target/classes:/home/runner/.m2/repository/org/apache/ozone/ozone-common/1.2.0-SNAPSHOT/ozone-common-1.2.0-SNAPSHOT.jar:/home/runner/.m2/repository/org/apache/commons/commons-compress/1.20/commons-compress-1.20.jar:/home/runner/.m2/repository/org/apache/ozone/hdds-common/1.2.0-SNAPSHOT/hdds-common-1.2.0-SNAPSHOT.jar:/home/runner/.m2/repository/org/apache/ozone/hdds-client/1.2.0-SNAPSHOT/hdds-client-1.2.0-SNAPSHOT.jar:/home/runner/.m2/repository/org/apache/ozone/ozone-interface-client/1.2.0-SNAPSHOT/ozone-interface-client-1.2.0-SNAPSHOT.jar:/home/runner/.m2/repository/org/apache/ozone/hdds-test-utils/1.2.0-SNAPSHOT/hdds-test-utils-1.2.0-SNAPSHOT.jar:/home/runner/.m2/repository/com/google/guava/guava/30.1.1-jre/guava-30.1.1-jre.jar:/home/runner/.m2/repository/com/google/guava/failureaccess/1.0.1/failureaccess-1.0.1.jar:/home/runner/.m2/repository/com/google/guava/listenablefuture/9999.0-empty-to-avoid-conflict-with-guava/listenablefuture-9999.0-empty-to-avoid-conflict-with-guava.jar:/home/runner/.m2/repository/com/google/code/findbugs/jsr305/3.0.0/jsr305-3.0.0.jar:/home/runner/.m2/repository/org/checkerframework/checker-qual/3.8.0/checker-qual-3.8.0.jar:/home/runner/.m2/repository/com/google/errorprone/error_prone_annotations/2.2.0/error_prone_annotations-2.2.0.jar:/home/runner/.m2/repository/com/google/j2objc/j2objc-annotations/1.3/j2objc-annotations-1.3.jar:/home/runner/.m2/repository/commons-io/commons-io/2.8.0/commons-io-2.8.0.jar:/home/runner/.m2/repository/commons-logging/commons-logging/1.2/commons-logging-1.2.jar:/home/runner/.m2/repository/log4j/log4j/1.2.17/log4j-1.2.17.jar:/home/runner/.m2/repository/org/slf4j/slf4j-api/1.7.30/slf4j-api-1.7.30.jar:/home/runner/.m2/repository/org/apache/ozone/hdds-server-scm/1.2.0-SNAPSHOT/hdds-server-scm-1.2.0-SNAPSHOT.jar:/home/runner/.m2/repository/org/apache/ozone/hdds-container-service/1.2.0-SNAPSHOT/hdds-container-service-1.2.0-SNAPSHOT.jar:/home/runner/.m2/repository/org/apache/ozone/hdds-hadoop-dependency-server/1.2.0-SNAPSHOT/hdds-hadoop-dependency-server-1.2.0-SNAPSHOT.jar:/home/runner/.m2/repository/org/apache/hadoop/hadoop-hdfs/3.2.2/hadoop-hdfs-3.2.2.jar:/home/runner/.m2/repository/org/apache/ozone/hdds-server-framework/1.2.0-SNAPSHOT/hdds-server-framework-1.2.0-SNAPSHOT.jar:/home/runner/.m2/repository/org/apache/ozone/hdds-interface-server/1.2.0-SNAPSHOT/hdds-interface-server-1.2.0-SNAPSHOT.jar:/home/runner/.m2/repository/org/eclipse/jetty/jetty-servlet/9.4.35.v20201120/jetty-servlet-9.4.35.v20201120.jar:/home/runner/.m2/repository/org/eclipse/jetty/jetty-security/9.4.35.v20201120/jetty-security-9.4.35.v20201120.jar:/home/runner/.m2/repository/org/rocksdb/rocksdbjni/6.20.3/rocksdbjni-6.20.3.jar:/home/runner/.m2/repository/io/prometheus/simpleclient_dropwizard/0.7.0/simpleclient_dropwizard-0.7.0.jar:/home/runner/.m2/repository/io/prometheus/simpleclient/0.7.0/simpleclient-0.7.0.jar:/home/runner/.m2/repository/io/prometheus/simpleclient_common/0.7.0/simpleclient_common-0.7.0.jar:/home/runner/.m2/repository/com/fasterxml/jackson/datatype/jackson-datatype-jsr310/2.12.1/jackson-datatype-jsr310-2.12.1.jar:/home/runner/.m2/repository/io/dropwizard/metrics/metrics-core/3.2.4/metrics-core-3.2.4.jar:/home/runner/.m2/repository/org/apache/hadoop/hadoop-hdfs-client/3.2.2/hadoop-hdfs-client-3.2.2.jar:/home/runner/.m2/repository/org/bouncycastle/bcprov-jdk15on/1.67/bcprov-jdk15on-1.67.jar:/home/runner/.m2/repository/com/google/protobuf/protobuf-java/2.5.0/protobuf-java-2.5.0.jar:/home/runner/.m2/repository/org/apache/ozone/ozone-manager/1.2.0-SNAPSHOT/ozone-manager-1.2.0-SNAPSHOT.jar:/home/runner/.m2/repository/org/apache/ozone/hdds-interface-client/1.2.0-SNAPSHOT/hdds-interface-client-1.2.0-SNAPSHOT.jar:/home/runner/.m2/repository/org/apache/ratis/ratis-thirdparty-misc/0.7.0-a398b19-SNAPSHOT/ratis-thirdparty-misc-0.7.0-a398b19-SNAPSHOT.jar:/home/runner/.m2/repository/org/apache/ozone/ozone-interface-storage/1.2.0-SNAPSHOT/ozone-interface-storage-1.2.0-SNAPSHOT.jar:/home/runner/.m2/repository/org/apache/hadoop/hadoop-minikdc/3.2.2/hadoop-minikdc-3.2.2.jar:/home/runner/.m2/repository/org/apache/kerby/kerb-simplekdc/1.0.1/kerb-simplekdc-1.0.1.jar:/home/runner/.m2/repository/org/apache/kerby/kerb-client/1.0.1/kerb-client-1.0.1.jar:/home/runner/.m2/repository/org/apache/kerby/kerby-config/1.0.1/kerby-config-1.0.1.jar:/home/runner/.m2/repository/org/apache/kerby/kerb-core/1.0.1/kerb-core-1.0.1.jar:/home/runner/.m2/repository/org/apache/kerby/kerby-pkix/1.0.1/kerby-pkix-1.0.1.jar:/home/runner/.m2/repository/org/apache/kerby/kerby-asn1/1.0.1/kerby-asn1-1.0.1.jar:/home/runner/.m2/repository/org/apache/kerby/kerby-util/1.0.1/kerby-util-1.0.1.jar:/home/runner/.m2/repository/org/apache/kerby/kerb-common/1.0.1/kerb-common-1.0.1.jar:/home/runner/.m2/repository/org/apache/kerby/kerb-crypto/1.0.1/kerb-crypto-1.0.1.jar:/home/runner/.m2/repository/org/apache/kerby/kerb-util/1.0.1/kerb-util-1.0.1.jar:/home/runner/.m2/repository/org/apache/kerby/token-provider/1.0.1/token-provider-1.0.1.jar:/home/runner/.m2/repository/org/apache/kerby/kerb-admin/1.0.1/kerb-admin-1.0.1.jar:/home/runner/.m2/repository/org/apache/kerby/kerb-server/1.0.1/kerb-server-1.0.1.jar:/home/runner/.m2/repository/org/apache/kerby/kerb-identity/1.0.1/kerb-identity-1.0.1.jar:/home/runner/.m2/repository/org/apache/kerby/kerby-xdr/1.0.1/kerby-xdr-1.0.1.jar:/home/runner/.m2/repository/org/slf4j/slf4j-log4j12/1.7.30/slf4j-log4j12-1.7.30.jar:/home/runner/.m2/repository/org/apache/ozone/ozone-s3gateway/1.2.0-SNAPSHOT/ozone-s3gateway-1.2.0-SNAPSHOT.jar:/home/runner/.m2/repository/org/jboss/weld/servlet/weld-servlet/2.4.7.Final/weld-servlet-2.4.7.Final.jar:/home/runner/.m2/repository/org/glassfish/jersey/containers/jersey-container-servlet-core/2.33/jersey-container-servlet-core-2.33.jar:/home/runner/.m2/repository/org/glassfish/hk2/external/jakarta.inject/2.6.1/jakarta.inject-2.6.1.jar:/home/runner/.m2/repository/org/glassfish/jersey/core/jersey-common/2.33/jersey-common-2.33.jar:/home/runner/.m2/repository/jakarta/ws/rs/jakarta.ws.rs-api/2.1.6/jakarta.ws.rs-api-2.1.6.jar:/home/runner/.m2/repository/org/glassfish/jersey/ext/cdi/jersey-cdi1x/2.33/jersey-cdi1x-2.33.jar:/home/runner/.m2/repository/org/glassfish/jersey/inject/jersey-hk2/2.33/jersey-hk2-2.33.jar:/home/runner/.m2/repository/org/glassfish/hk2/hk2-locator/2.6.1/hk2-locator-2.6.1.jar:/home/runner/.m2/repository/org/javassist/javassist/3.25.0-GA/javassist-3.25.0-GA.jar:/home/runner/.m2/repository/org/glassfish/jersey/media/jersey-media-jaxb/2.33/jersey-media-jaxb-2.33.jar:/home/runner/.m2/repository/org/glassfish/hk2/osgi-resource-locator/1.0.3/osgi-resource-locator-1.0.3.jar:/home/runner/.m2/repository/org/glassfish/hk2/hk2-api/2.5.0/hk2-api-2.5.0.jar:/home/runner/.m2/repository/org/glassfish/hk2/hk2-utils/2.5.0/hk2-utils-2.5.0.jar:/home/runner/.m2/repository/org/glassfish/hk2/external/aopalliance-repackaged/2.5.0/aopalliance-repackaged-2.5.0.jar:/home/runner/.m2/repository/com/fasterxml/jackson/dataformat/jackson-dataformat-xml/2.12.1/jackson-dataformat-xml-2.12.1.jar:/home/runner/.m2/repository/com/fasterxml/jackson/core/jackson-core/2.12.1/jackson-core-2.12.1.jar:/home/runner/.m2/repository/com/fasterxml/jackson/module/jackson-module-jaxb-annotations/2.12.1/jackson-module-jaxb-annotations-2.12.1.jar:/home/runner/.m2/repository/jakarta/xml/bind/jakarta.xml.bind-api/2.3.2/jakarta.xml.bind-api-2.3.2.jar:/home/runner/.m2/repository/jakarta/activation/jakarta.activation-api/1.2.1/jakarta.activation-api-1.2.1.jar:/home/runner/.m2/repository/org/codehaus/woodstox/stax2-api/3.1.4/stax2-api-3.1.4.jar:/home/runner/.m2/repository/com/fasterxml/woodstox/woodstox-core/5.0.3/woodstox-core-5.0.3.jar:/home/runner/.m2/repository/javax/enterprise/cdi-api/1.2/cdi-api-1.2.jar:/home/runner/.m2/repository/javax/el/javax.el-api/3.0.0/javax.el-api-3.0.0.jar:/home/runner/.m2/repository/javax/interceptor/javax.interceptor-api/1.2/javax.interceptor-api-1.2.jar:/home/runner/.m2/repository/javax/inject/javax.inject/1/javax.inject-1.jar:/home/runner/.m2/repository/javax/xml/bind/jaxb-api/2.3.0/jaxb-api-2.3.0.jar:/home/runner/.m2/repository/org/glassfish/jaxb/jaxb-runtime/2.3.0.1/jaxb-runtime-2.3.0.1.jar:/home/runner/.m2/repository/org/glassfish/jaxb/jaxb-core/2.3.0.1/jaxb-core-2.3.0.1.jar:/home/runner/.m2/repository/org/glassfish/jaxb/txw2/2.3.0.1/txw2-2.3.0.1.jar:/home/runner/.m2/repository/com/sun/istack/istack-commons-runtime/3.0.5/istack-commons-runtime-3.0.5.jar:/home/runner/.m2/repository/org/jvnet/staxex/stax-ex/1.7.8/stax-ex-1.7.8.jar:/home/runner/.m2/repository/com/sun/xml/fastinfoset/FastInfoset/1.2.13/FastInfoset-1.2.13.jar:/home/runner/.m2/repository/javax/activation/activation/1.1.1/activation-1.1.1.jar:/home/runner/.m2/repository/org/apache/ozone/ozone-csi/1.2.0-SNAPSHOT/ozone-csi-1.2.0-SNAPSHOT.jar:/home/runner/.m2/repository/com/google/protobuf/protobuf-java-util/3.12.0/protobuf-java-util-3.12.0.jar:/home/runner/.m2/repository/com/google/code/gson/gson/2.2.4/gson-2.2.4.jar:/home/runner/.m2/repository/org/apache/ozone/hdds-config/1.2.0-SNAPSHOT/hdds-config-1.2.0-SNAPSHOT.jar:/home/runner/.m2/repository/io/grpc/grpc-netty/1.33.0/grpc-netty-1.33.0.jar:/home/runner/.m2/repository/io/grpc/grpc-core/1.33.0/grpc-core-1.33.0.jar:/home/runner/.m2/repository/com/google/android/annotations/4.1.1.4/annotations-4.1.1.4.jar:/home/runner/.m2/repository/io/netty/netty-codec-http2/4.1.51.Final/netty-codec-http2-4.1.51.Final.jar:/home/runner/.m2/repository/io/netty/netty-codec-http/4.1.51.Final/netty-codec-http-4.1.51.Final.jar:/home/runner/.m2/repository/io/netty/netty-handler-proxy/4.1.51.Final/netty-handler-proxy-4.1.51.Final.jar:/home/runner/.m2/repository/io/netty/netty-codec-socks/4.1.51.Final/netty-codec-socks-4.1.51.Final.jar:/home/runner/.m2/repository/io/perfmark/perfmark-api/0.19.0/perfmark-api-0.19.0.jar:/home/runner/.m2/repository/org/codehaus/mojo/animal-sniffer-annotations/1.18/animal-sniffer-annotations-1.18.jar:/home/runner/.m2/repository/io/netty/netty-transport-native-epoll/4.1.63.Final/netty-transport-native-epoll-4.1.63.Final.jar:/home/runner/.m2/repository/io/netty/netty-common/4.1.63.Final/netty-common-4.1.63.Final.jar:/home/runner/.m2/repository/io/netty/netty-buffer/4.1.63.Final/netty-buffer-4.1.63.Final.jar:/home/runner/.m2/repository/io/netty/netty-transport-native-unix-common/4.1.63.Final/netty-transport-native-unix-common-4.1.63.Final.jar:/home/runner/.m2/repository/io/grpc/grpc-protobuf/1.33.0/grpc-protobuf-1.33.0.jar:/home/runner/.m2/repository/io/grpc/grpc-api/1.33.0/grpc-api-1.33.0.jar:/home/runner/.m2/repository/io/grpc/grpc-context/1.33.0/grpc-context-1.33.0.jar:/home/runner/.m2/repository/com/google/api/grpc/proto-google-common-protos/1.17.0/proto-google-common-protos-1.17.0.jar:/home/runner/.m2/repository/io/grpc/grpc-protobuf-lite/1.33.0/grpc-protobuf-lite-1.33.0.jar:/home/runner/.m2/repository/io/grpc/grpc-stub/1.33.0/grpc-stub-1.33.0.jar:/home/runner/.m2/repository/org/apache/ozone/ozone-recon/1.2.0-SNAPSHOT/ozone-recon-1.2.0-SNAPSHOT.jar:/home/runner/.m2/repository/org/apache/ozone/ozone-reconcodegen/1.2.0-SNAPSHOT/ozone-reconcodegen-1.2.0-SNAPSHOT.jar:/home/runner/.m2/repository/com/google/inject/extensions/guice-multibindings/4.0/guice-multibindings-4.0.jar:/home/runner/.m2/repository/com/google/inject/guice/4.0/guice-4.0.jar:/home/runner/.m2/repository/aopalliance/aopalliance/1.0/aopalliance-1.0.jar:/home/runner/.m2/repository/com/google/inject/extensions/guice-assistedinject/4.0/guice-assistedinject-4.0.jar:/home/runner/.m2/repository/com/google/inject/extensions/guice-servlet/4.0/guice-servlet-4.0.jar:/home/runner/.m2/repository/org/glassfish/jersey/containers/jersey-container-servlet/2.33/jersey-container-servlet-2.33.jar:/home/runner/.m2/repository/org/glassfish/hk2/guice-bridge/2.5.0/guice-bridge-2.5.0.jar:/home/runner/.m2/repository/org/glassfish/jersey/core/jersey-server/2.33/jersey-server-2.33.jar:/home/runner/.m2/repository/org/glassfish/jersey/core/jersey-client/2.33/jersey-client-2.33.jar:/home/runner/.m2/repository/jakarta/annotation/jakarta.annotation-api/1.3.5/jakarta.annotation-api-1.3.5.jar:/home/runner/.m2/repository/jakarta/validation/jakarta.validation-api/2.0.2/jakarta.validation-api-2.0.2.jar:/home/runner/.m2/repository/org/glassfish/jersey/media/jersey-media-json-jackson/2.33/jersey-media-json-jackson-2.33.jar:/home/runner/.m2/repository/org/glassfish/jersey/ext/jersey-entity-filtering/2.33/jersey-entity-filtering-2.33.jar:/home/runner/.m2/repository/org/jooq/jooq/3.11.10/jooq-3.11.10.jar:/home/runner/.m2/repository/org/jooq/jooq-meta/3.11.10/jooq-meta-3.11.10.jar:/home/runner/.m2/repository/org/jooq/jooq-codegen/3.11.10/jooq-codegen-3.11.10.jar:/home/runner/.m2/repository/com/jolbox/bonecp/0.8.0.RELEASE/bonecp-0.8.0.RELEASE.jar:/home/runner/.m2/repository/org/apache/derby/derby/10.14.2.0/derby-10.14.2.0.jar:/home/runner/.m2/repository/org/xerial/sqlite-jdbc/3.25.2/sqlite-jdbc-3.25.2.jar:/home/runner/.m2/repository/org/springframework/spring-jdbc/5.2.11.RELEASE/spring-jdbc-5.2.11.RELEASE.jar:/home/runner/.m2/repository/org/springframework/spring-beans/5.2.11.RELEASE/spring-beans-5.2.11.RELEASE.jar:/home/runner/.m2/repository/org/springframework/spring-core/5.2.11.RELEASE/spring-core-5.2.11.RELEASE.jar:/home/runner/.m2/repository/org/springframework/spring-jcl/5.2.11.RELEASE/spring-jcl-5.2.11.RELEASE.jar:/home/runner/.m2/repository/org/springframework/spring-tx/5.2.11.RELEASE/spring-tx-5.2.11.RELEASE.jar:/home/runner/.m2/repository/org/apache/ozone/ozone-client/1.2.0-SNAPSHOT/ozone-client-1.2.0-SNAPSHOT.jar:/home/runner/.m2/repository/org/apache/ozone/ozone-filesystem/1.2.0-SNAPSHOT/ozone-filesystem-1.2.0-SNAPSHOT.jar:/home/runner/.m2/repository/org/apache/ozone/ozone-filesystem-common/1.2.0-SNAPSHOT/ozone-filesystem-common-1.2.0-SNAPSHOT.jar:/home/runner/.m2/repository/org/apache/ozone/ozone-tools/1.2.0-SNAPSHOT/ozone-tools-1.2.0-SNAPSHOT.jar:/home/runner/.m2/repository/org/apache/ratis/ratis-tools/2.1.0-ff8aa66-SNAPSHOT/ratis-tools-2.1.0-ff8aa66-SNAPSHOT.jar:/home/runner/.m2/repository/org/apache/ratis/ratis-proto/2.1.0-ff8aa66-SNAPSHOT/ratis-proto-2.1.0-ff8aa66-SNAPSHOT.jar:/home/runner/.m2/repository/org/apache/ratis/ratis-common/2.1.0-ff8aa66-SNAPSHOT/ratis-common-2.1.0-ff8aa66-SNAPSHOT.jar:/home/runner/.m2/repository/com/amazonaws/aws-java-sdk-core/1.11.901/aws-java-sdk-core-1.11.901.jar:/home/runner/.m2/repository/org/apache/httpcomponents/httpclient/4.5.13/httpclient-4.5.13.jar:/home/runner/.m2/repository/org/apache/httpcomponents/httpcore/4.4.13/httpcore-4.4.13.jar:/home/runner/.m2/repository/software/amazon/ion/ion-java/1.0.2/ion-java-1.0.2.jar:/home/runner/.m2/repository/com/fasterxml/jackson/dataformat/jackson-dataformat-cbor/2.12.1/jackson-dataformat-cbor-2.12.1.jar:/home/runner/.m2/repository/joda-time/joda-time/2.8.1/joda-time-2.8.1.jar:/home/runner/.m2/repository/com/amazonaws/aws-java-sdk-s3/1.11.901/aws-java-sdk-s3-1.11.901.jar:/home/runner/.m2/repository/com/amazonaws/aws-java-sdk-kms/1.11.901/aws-java-sdk-kms-1.11.901.jar:/home/runner/.m2/repository/com/amazonaws/jmespath-java/1.11.901/jmespath-java-1.11.901.jar:/home/runner/.m2/repository/org/kohsuke/metainf-services/metainf-services/1.8/metainf-services-1.8.jar:/home/runner/.m2/repository/org/apache/ozone/hdds-tools/1.2.0-SNAPSHOT/hdds-tools-1.2.0-SNAPSHOT.jar:/home/runner/.m2/repository/commons-cli/commons-cli/1.2/commons-cli-1.2.jar:/home/runner/.m2/repository/org/apache/commons/commons-lang3/3.7/commons-lang3-3.7.jar:/home/runner/.m2/repository/org/apache/ozone/ozone-manager/1.2.0-SNAPSHOT/ozone-manager-1.2.0-SNAPSHOT-tests.jar:/home/runner/.m2/repository/org/apache/ozone/hdds-common/1.2.0-SNAPSHOT/hdds-common-1.2.0-SNAPSHOT-tests.jar:/home/runner/.m2/repository/org/apache/ozone/hdds-hadoop-dependency-client/1.2.0-SNAPSHOT/hdds-hadoop-dependency-client-1.2.0-SNAPSHOT.jar:/home/runner/.m2/repository/info/picocli/picocli/4.4.0/picocli-4.4.0.jar:/home/runner/.m2/repository/com/fasterxml/jackson/core/jackson-annotations/2.12.1/jackson-annotations-2.12.1.jar:/home/runner/.m2/repository/javax/annotation/javax.annotation-api/1.2/javax.annotation-api-1.2.jar:/home/runner/.m2/repository/org/fusesource/leveldbjni/leveldbjni-all/1.8/leveldbjni-all-1.8.jar:/home/runner/.m2/repository/org/apache/ratis/ratis-server/2.1.0-ff8aa66-SNAPSHOT/ratis-server-2.1.0-ff8aa66-SNAPSHOT.jar:/home/runner/.m2/repository/org/apache/ratis/ratis-client/2.1.0-ff8aa66-SNAPSHOT/ratis-client-2.1.0-ff8aa66-SNAPSHOT.jar:/home/runner/.m2/repository/org/apache/ratis/ratis-server-api/2.1.0-ff8aa66-SNAPSHOT/ratis-server-api-2.1.0-ff8aa66-SNAPSHOT.jar:/home/runner/.m2/repository/org/apache/ratis/ratis-metrics/2.1.0-ff8aa66-SNAPSHOT/ratis-metrics-2.1.0-ff8aa66-SNAPSHOT.jar:/home/runner/.m2/repository/org/apache/ratis/ratis-netty/2.1.0-ff8aa66-SNAPSHOT/ratis-netty-2.1.0-ff8aa66-SNAPSHOT.jar:/home/runner/.m2/repository/org/apache/ratis/ratis-grpc/2.1.0-ff8aa66-SNAPSHOT/ratis-grpc-2.1.0-ff8aa66-SNAPSHOT.jar:/home/runner/.m2/repository/org/apache/logging/log4j/log4j-api/2.13.3/log4j-api-2.13.3.jar:/home/runner/.m2/repository/org/apache/logging/log4j/log4j-core/2.13.3/log4j-core-2.13.3.jar:/home/runner/.m2/repository/com/lmax/disruptor/3.4.2/disruptor-3.4.2.jar:/home/runner/.m2/repository/org/apache/commons/commons-pool2/2.6.0/commons-pool2-2.6.0.jar:/home/runner/.m2/repository/org/bouncycastle/bcpkix-jdk15on/1.67/bcpkix-jdk15on-1.67.jar:/home/runner/.m2/repository/commons-validator/commons-validator/1.6/commons-validator-1.6.jar:/home/runner/.m2/repository/commons-beanutils/commons-beanutils/1.9.4/commons-beanutils-1.9.4.jar:/home/runner/.m2/repository/commons-digester/commons-digester/1.8.1/commons-digester-1.8.1.jar:/home/runner/.m2/repository/commons-collections/commons-collections/3.2.2/commons-collections-3.2.2.jar:/home/runner/.m2/repository/io/jaegertracing/jaeger-client/1.6.0/jaeger-client-1.6.0.jar:/home/runner/.m2/repository/io/jaegertracing/jaeger-thrift/1.6.0/jaeger-thrift-1.6.0.jar:/home/runner/.m2/repository/org/apache/thrift/libthrift/0.14.1/libthrift-0.14.1.jar:/home/runner/.m2/repository/com/squareup/okhttp3/okhttp/4.9.0/okhttp-4.9.0.jar:/home/runner/.m2/repository/com/squareup/okio/okio/2.8.0/okio-2.8.0.jar:/home/runner/.m2/repository/io/jaegertracing/jaeger-core/1.6.0/jaeger-core-1.6.0.jar:/home/runner/.m2/repository/io/jaegertracing/jaeger-tracerresolver/1.6.0/jaeger-tracerresolver-1.6.0.jar:/home/runner/.m2/repository/io/opentracing/contrib/opentracing-tracerresolver/0.1.8/opentracing-tracerresolver-0.1.8.jar:/home/runner/.m2/repository/org/jetbrains/kotlin/kotlin-stdlib/1.4.31/kotlin-stdlib-1.4.31.jar:/home/runner/.m2/repository/org/jetbrains/kotlin/kotlin-stdlib-common/1.4.31/kotlin-stdlib-common-1.4.31.jar:/home/runner/.m2/repository/org/jetbrains/annotations/13.0/annotations-13.0.jar:/home/runner/.m2/repository/io/opentracing/opentracing-util/0.33.0/opentracing-util-0.33.0.jar:/home/runner/.m2/repository/io/opentracing/opentracing-api/0.33.0/opentracing-api-0.33.0.jar:/home/runner/.m2/repository/io/opentracing/opentracing-noop/0.33.0/opentracing-noop-0.33.0.jar:/home/runner/.m2/repository/org/yaml/snakeyaml/1.26/snakeyaml-1.26.jar:/home/runner/.m2/repository/org/apache/ozone/hdds-interface-admin/1.2.0-SNAPSHOT/hdds-interface-admin-1.2.0-SNAPSHOT.jar:/home/runner/.m2/repository/junit/junit/4.13.1/junit-4.13.1.jar:/home/runner/.m2/repository/org/hamcrest/hamcrest-core/1.3/hamcrest-core-1.3.jar:/home/runner/.m2/repository/org/junit/jupiter/junit-jupiter-api/5.7.0/junit-jupiter-api-5.7.0.jar:/home/runner/.m2/repository/org/apiguardian/apiguardian-api/1.1.0/apiguardian-api-1.1.0.jar:/home/runner/.m2/repository/org/opentest4j/opentest4j/1.2.0/opentest4j-1.2.0.jar:/home/runner/.m2/repository/org/junit/platform/junit-platform-commons/1.7.0/junit-platform-commons-1.7.0.jar:/home/runner/.m2/repository/org/junit/jupiter/junit-jupiter-engine/5.7.0/junit-jupiter-engine-5.7.0.jar:/home/runner/.m2/repository/org/junit/platform/junit-platform-engine/1.7.0/junit-platform-engine-1.7.0.jar:/home/runner/.m2/repository/org/junit/vintage/junit-vintage-engine/5.7.0/junit-vintage-engine-5.7.0.jar:/home/runner/.m2/repository/org/junit/platform/junit-platform-launcher/1.7.0/junit-platform-launcher-1.7.0.jar:/home/runner/.m2/repository/org/openjdk/jmh/jmh-core/1.19/jmh-core-1.19.jar:/home/runner/.m2/repository/net/sf/jopt-simple/jopt-simple/4.6/jopt-simple-4.6.jar:/home/runner/.m2/repository/org/apache/commons/commons-math3/3.1.1/commons-math3-3.1.1.jar:/home/runner/.m2/repository/org/openjdk/jmh/jmh-generator-annprocess/1.19/jmh-generator-annprocess-1.19.jar:/home/runner/.m2/repository/org/mockito/mockito-all/1.8.5/mockito-all-1.8.5.jar:/home/runner/.m2/repository/org/apache/hadoop/hadoop-kms/3.2.2/hadoop-kms-3.2.2.jar:/home/runner/.m2/repository/org/apache/hadoop/hadoop-auth/3.2.2/hadoop-auth-3.2.2.jar:/home/runner/.m2/repository/com/nimbusds/nimbus-jose-jwt/7.9/nimbus-jose-jwt-7.9.jar:/home/runner/.m2/repository/com/github/stephenc/jcip/jcip-annotations/1.0-1/jcip-annotations-1.0-1.jar:/home/runner/.m2/repository/net/minidev/json-smart/2.3/json-smart-2.3.jar:/home/runner/.m2/repository/net/minidev/accessors-smart/1.2/accessors-smart-1.2.jar:/home/runner/.m2/repository/org/ow2/asm/asm/5.0.4/asm-5.0.4.jar:/home/runner/.m2/repository/org/apache/zookeeper/zookeeper/3.4.13/zookeeper-3.4.13.jar:/home/runner/.m2/repository/org/apache/yetus/audience-annotations/0.5.0/audience-annotations-0.5.0.jar:/home/runner/.m2/repository/org/apache/curator/curator-framework/2.13.0/curator-framework-2.13.0.jar:/home/runner/.m2/repository/com/sun/jersey/jersey-core/1.19/jersey-core-1.19.jar:/home/runner/.m2/repository/javax/ws/rs/jsr311-api/1.1.1/jsr311-api-1.1.1.jar:/home/runner/.m2/repository/com/sun/jersey/jersey-server/1.19/jersey-server-1.19.jar:/home/runner/.m2/repository/javax/servlet/javax.servlet-api/3.1.0/javax.servlet-api-3.1.0.jar:/home/runner/.m2/repository/org/eclipse/jetty/jetty-server/9.4.35.v20201120/jetty-server-9.4.35.v20201120.jar:/home/runner/.m2/repository/org/eclipse/jetty/jetty-http/9.4.35.v20201120/jetty-http-9.4.35.v20201120.jar:/home/runner/.m2/repository/org/eclipse/jetty/jetty-io/9.4.35.v20201120/jetty-io-9.4.35.v20201120.jar:/home/runner/.m2/repository/org/eclipse/jetty/jetty-webapp/9.4.35.v20201120/jetty-webapp-9.4.35.v20201120.jar:/home/runner/.m2/repository/org/eclipse/jetty/jetty-xml/9.4.35.v20201120/jetty-xml-9.4.35.v20201120.jar:/home/runner/.m2/repository/org/apache/hadoop/hadoop-common/3.2.2/hadoop-common-3.2.2.jar:/home/runner/.m2/repository/commons-net/commons-net/3.6/commons-net-3.6.jar:/home/runner/.m2/repository/javax/activation/javax.activation-api/1.2.0/javax.activation-api-1.2.0.jar:/home/runner/.m2/repository/com/sun/jersey/jersey-servlet/1.19/jersey-servlet-1.19.jar:/home/runner/.m2/repository/com/sun/jersey/jersey-json/1.19/jersey-json-1.19.jar:/home/runner/.m2/repository/org/codehaus/jettison/jettison/1.1/jettison-1.1.jar:/home/runner/.m2/repository/com/sun/xml/bind/jaxb-impl/2.2.3-1/jaxb-impl-2.2.3-1.jar:/home/runner/.m2/repository/org/codehaus/jackson/jackson-jaxrs/1.9.2/jackson-jaxrs-1.9.2.jar:/home/runner/.m2/repository/org/codehaus/jackson/jackson-xc/1.9.2/jackson-xc-1.9.2.jar:/home/runner/.m2/repository/org/apache/commons/commons-configuration2/2.1.1/commons-configuration2-2.1.1.jar:/home/runner/.m2/repository/org/apache/commons/commons-text/1.4/commons-text-1.4.jar:/home/runner/.m2/repository/com/google/re2j/re2j/1.1/re2j-1.1.jar:/home/runner/.m2/repository/com/jcraft/jsch/0.1.54/jsch-0.1.54.jar:/home/runner/.m2/repository/org/apache/curator/curator-client/2.13.0/curator-client-2.13.0.jar:/home/runner/.m2/repository/org/apache/curator/curator-recipes/2.13.0/curator-recipes-2.13.0.jar:/home/runner/.m2/repository/dnsjava/dnsjava/2.1.7/dnsjava-2.1.7.jar:/home/runner/.m2/repository/org/slf4j/jul-to-slf4j/1.7.30/jul-to-slf4j-1.7.30.jar:/home/runner/.m2/repository/org/eclipse/jetty/jetty-util/9.4.35.v20201120/jetty-util-9.4.35.v20201120.jar:/home/runner/.m2/repository/com/fasterxml/jackson/core/jackson-databind/2.12.1/jackson-databind-2.12.1.jar:/home/runner/.m2/repository/org/apache/hadoop/hadoop-kms/3.2.2/hadoop-kms-3.2.2-tests.jar:/home/runner/.m2/repository/org/apache/ozone/hdds-server-scm/1.2.0-SNAPSHOT/hdds-server-scm-1.2.0-SNAPSHOT-tests.jar:/home/runner/.m2/repository/org/apache/ozone/hdds-container-service/1.2.0-SNAPSHOT/hdds-container-service-1.2.0-SNAPSHOT-tests.jar:/home/runner/.m2/repository/commons-codec/commons-codec/1.11/commons-codec-1.11.jar:/home/runner/.m2/repository/io/netty/netty-transport/4.1.63.Final/netty-transport-4.1.63.Final.jar:/home/runner/.m2/repository/io/netty/netty-resolver/4.1.63.Final/netty-resolver-4.1.63.Final.jar:/home/runner/.m2/repository/io/netty/netty-codec/4.1.63.Final/netty-codec-4.1.63.Final.jar:/home/runner/.m2/repository/io/netty/netty-handler/4.1.63.Final/netty-handler-4.1.63.Final.jar:/home/runner/.m2/repository/org/apache/ozone/hdds-hadoop-dependency-test/1.2.0-SNAPSHOT/hdds-hadoop-dependency-test-1.2.0-SNAPSHOT.jar:/home/runner/.m2/repository/org/apache/hadoop/hadoop-common/3.2.2/hadoop-common-3.2.2-tests.jar:/home/runner/.m2/repository/org/apache/hadoop/hadoop-hdfs/3.2.2/hadoop-hdfs-3.2.2-tests.jar:/home/runner/.m2/repository/org/eclipse/jetty/jetty-util-ajax/9.4.35.v20201120/jetty-util-ajax-9.4.35.v20201120.jar:/home/runner/.m2/repository/commons-daemon/commons-daemon/1.0.13/commons-daemon-1.0.13.jar:/home/runner/.m2/repository/io/netty/netty/3.10.6.Final/netty-3.10.6.Final.jar:/home/runner/.m2/repository/io/netty/netty-all/4.1.63.Final/netty-all-4.1.63.Final.jar:/home/runner/.m2/repository/org/apache/htrace/htrace-core4/4.1.0-incubating/htrace-core4-4.1.0-incubating.jar:/home/runner/.m2/repository/org/apache/hadoop/hadoop-distcp/3.2.2/hadoop-distcp-3.2.2.jar:/home/runner/.m2/repository/org/apache/hadoop/hadoop-mapreduce-client-jobclient/3.2.2/hadoop-mapreduce-client-jobclient-3.2.2.jar:/home/runner/.m2/repository/org/apache/hadoop/hadoop-mapreduce-client-common/3.2.2/hadoop-mapreduce-client-common-3.2.2.jar:/home/runner/.m2/repository/org/apache/hadoop/hadoop-yarn-common/3.2.2/hadoop-yarn-common-3.2.2.jar:/home/runner/.m2/repository/org/apache/hadoop/hadoop-yarn-api/3.2.2/hadoop-yarn-api-3.2.2.jar:/home/runner/.m2/repository/com/sun/jersey/jersey-client/1.19/jersey-client-1.19.jar:/home/runner/.m2/repository/com/sun/jersey/contribs/jersey-guice/1.19/jersey-guice-1.19.jar:/home/runner/.m2/repository/com/fasterxml/jackson/jaxrs/jackson-jaxrs-json-provider/2.12.1/jackson-jaxrs-json-provider-2.12.1.jar:/home/runner/.m2/repository/com/fasterxml/jackson/jaxrs/jackson-jaxrs-base/2.12.1/jackson-jaxrs-base-2.12.1.jar:/home/runner/.m2/repository/org/apache/hadoop/hadoop-yarn-client/3.2.2/hadoop-yarn-client-3.2.2.jar:/home/runner/.m2/repository/org/apache/hadoop/hadoop-mapreduce-client-core/3.2.2/hadoop-mapreduce-client-core-3.2.2.jar:/home/runner/.m2/repository/org/apache/avro/avro/1.7.7/avro-1.7.7.jar:/home/runner/.m2/repository/org/codehaus/jackson/jackson-core-asl/1.9.13/jackson-core-asl-1.9.13.jar:/home/runner/.m2/repository/org/codehaus/jackson/jackson-mapper-asl/1.9.13/jackson-mapper-asl-1.9.13.jar:/home/runner/.m2/repository/com/thoughtworks/paranamer/paranamer/2.3/paranamer-2.3.jar:/home/runner/.m2/repository/org/xerial/snappy/snappy-java/1.0.5/snappy-java-1.0.5.jar:/home/runner/.m2/repository/org/apache/hadoop/hadoop-annotations/3.2.2/hadoop-annotations-3.2.2.jar:/usr/lib/jvm/adoptopenjdk-8-hotspot-amd64/jre/../lib/tools.jar:/home/runner/.m2/repository/org/apache/hadoop/hadoop-distcp/3.2.2/hadoop-distcp-3.2.2-tests.jar:"/>
    <property name="java.vm.vendor" value="AdoptOpenJDK"/>
    <property name="sun.arch.data.model" value="64"/>
    <property name="test.build.dir" value="/home/runner/work/ozone/ozone/mnt/ozone/hadoop-ozone/integration-test/target/test-dir"/>
    <property name="test.cache.data" value=""/>
    <property name="java.vendor.url" value="https://adoptopenjdk.net/"/>
    <property name="user.timezone" value=""/>
    <property name="java.vm.specification.version" value="1.8"/>
    <property name="os.name" value="Linux"/>
    <property name="test.build.data" value="/home/runner/work/ozone/ozone/mnt/ozone/hadoop-ozone/integration-test/target/test-dir"/>
    <property name="sun.java.launcher" value="SUN_STANDARD"/>
    <property name="sun.boot.library.path" value="/usr/lib/jvm/adoptopenjdk-8-hotspot-amd64/jre/lib/amd64"/>
    <property name="sun.java.command" value="/home/runner/work/ozone/ozone/mnt/ozone/hadoop-ozone/integration-test/target/surefire/surefirebooter331783591889496248.jar /home/runner/work/ozone/ozone/mnt/ozone/hadoop-ozone/integration-test/target/surefire 2021-05-31T13-54-31_211-jvmRun1 surefire9155970082475556877tmp surefire_281151694517813288884tmp"/>
    <property name="surefire.test.class.path" value="/home/runner/work/ozone/ozone/mnt/ozone/hadoop-ozone/integration-test/target/test-classes:/home/runner/work/ozone/ozone/mnt/ozone/hadoop-ozone/integration-test/target/classes:/home/runner/.m2/repository/org/apache/ozone/ozone-common/1.2.0-SNAPSHOT/ozone-common-1.2.0-SNAPSHOT.jar:/home/runner/.m2/repository/org/apache/commons/commons-compress/1.20/commons-compress-1.20.jar:/home/runner/.m2/repository/org/apache/ozone/hdds-common/1.2.0-SNAPSHOT/hdds-common-1.2.0-SNAPSHOT.jar:/home/runner/.m2/repository/org/apache/ozone/hdds-client/1.2.0-SNAPSHOT/hdds-client-1.2.0-SNAPSHOT.jar:/home/runner/.m2/repository/org/apache/ozone/ozone-interface-client/1.2.0-SNAPSHOT/ozone-interface-client-1.2.0-SNAPSHOT.jar:/home/runner/.m2/repository/org/apache/ozone/hdds-test-utils/1.2.0-SNAPSHOT/hdds-test-utils-1.2.0-SNAPSHOT.jar:/home/runner/.m2/repository/com/google/guava/guava/30.1.1-jre/guava-30.1.1-jre.jar:/home/runner/.m2/repository/com/google/guava/failureaccess/1.0.1/failureaccess-1.0.1.jar:/home/runner/.m2/repository/com/google/guava/listenablefuture/9999.0-empty-to-avoid-conflict-with-guava/listenablefuture-9999.0-empty-to-avoid-conflict-with-guava.jar:/home/runner/.m2/repository/com/google/code/findbugs/jsr305/3.0.0/jsr305-3.0.0.jar:/home/runner/.m2/repository/org/checkerframework/checker-qual/3.8.0/checker-qual-3.8.0.jar:/home/runner/.m2/repository/com/google/errorprone/error_prone_annotations/2.2.0/error_prone_annotations-2.2.0.jar:/home/runner/.m2/repository/com/google/j2objc/j2objc-annotations/1.3/j2objc-annotations-1.3.jar:/home/runner/.m2/repository/commons-io/commons-io/2.8.0/commons-io-2.8.0.jar:/home/runner/.m2/repository/commons-logging/commons-logging/1.2/commons-logging-1.2.jar:/home/runner/.m2/repository/log4j/log4j/1.2.17/log4j-1.2.17.jar:/home/runner/.m2/repository/org/slf4j/slf4j-api/1.7.30/slf4j-api-1.7.30.jar:/home/runner/.m2/repository/org/apache/ozone/hdds-server-scm/1.2.0-SNAPSHOT/hdds-server-scm-1.2.0-SNAPSHOT.jar:/home/runner/.m2/repository/org/apache/ozone/hdds-container-service/1.2.0-SNAPSHOT/hdds-container-service-1.2.0-SNAPSHOT.jar:/home/runner/.m2/repository/org/apache/ozone/hdds-hadoop-dependency-server/1.2.0-SNAPSHOT/hdds-hadoop-dependency-server-1.2.0-SNAPSHOT.jar:/home/runner/.m2/repository/org/apache/hadoop/hadoop-hdfs/3.2.2/hadoop-hdfs-3.2.2.jar:/home/runner/.m2/repository/org/apache/ozone/hdds-server-framework/1.2.0-SNAPSHOT/hdds-server-framework-1.2.0-SNAPSHOT.jar:/home/runner/.m2/repository/org/apache/ozone/hdds-interface-server/1.2.0-SNAPSHOT/hdds-interface-server-1.2.0-SNAPSHOT.jar:/home/runner/.m2/repository/org/eclipse/jetty/jetty-servlet/9.4.35.v20201120/jetty-servlet-9.4.35.v20201120.jar:/home/runner/.m2/repository/org/eclipse/jetty/jetty-security/9.4.35.v20201120/jetty-security-9.4.35.v20201120.jar:/home/runner/.m2/repository/org/rocksdb/rocksdbjni/6.20.3/rocksdbjni-6.20.3.jar:/home/runner/.m2/repository/io/prometheus/simpleclient_dropwizard/0.7.0/simpleclient_dropwizard-0.7.0.jar:/home/runner/.m2/repository/io/prometheus/simpleclient/0.7.0/simpleclient-0.7.0.jar:/home/runner/.m2/repository/io/prometheus/simpleclient_common/0.7.0/simpleclient_common-0.7.0.jar:/home/runner/.m2/repository/com/fasterxml/jackson/datatype/jackson-datatype-jsr310/2.12.1/jackson-datatype-jsr310-2.12.1.jar:/home/runner/.m2/repository/io/dropwizard/metrics/metrics-core/3.2.4/metrics-core-3.2.4.jar:/home/runner/.m2/repository/org/apache/hadoop/hadoop-hdfs-client/3.2.2/hadoop-hdfs-client-3.2.2.jar:/home/runner/.m2/repository/org/bouncycastle/bcprov-jdk15on/1.67/bcprov-jdk15on-1.67.jar:/home/runner/.m2/repository/com/google/protobuf/protobuf-java/2.5.0/protobuf-java-2.5.0.jar:/home/runner/.m2/repository/org/apache/ozone/ozone-manager/1.2.0-SNAPSHOT/ozone-manager-1.2.0-SNAPSHOT.jar:/home/runner/.m2/repository/org/apache/ozone/hdds-interface-client/1.2.0-SNAPSHOT/hdds-interface-client-1.2.0-SNAPSHOT.jar:/home/runner/.m2/repository/org/apache/ratis/ratis-thirdparty-misc/0.7.0-a398b19-SNAPSHOT/ratis-thirdparty-misc-0.7.0-a398b19-SNAPSHOT.jar:/home/runner/.m2/repository/org/apache/ozone/ozone-interface-storage/1.2.0-SNAPSHOT/ozone-interface-storage-1.2.0-SNAPSHOT.jar:/home/runner/.m2/repository/org/apache/hadoop/hadoop-minikdc/3.2.2/hadoop-minikdc-3.2.2.jar:/home/runner/.m2/repository/org/apache/kerby/kerb-simplekdc/1.0.1/kerb-simplekdc-1.0.1.jar:/home/runner/.m2/repository/org/apache/kerby/kerb-client/1.0.1/kerb-client-1.0.1.jar:/home/runner/.m2/repository/org/apache/kerby/kerby-config/1.0.1/kerby-config-1.0.1.jar:/home/runner/.m2/repository/org/apache/kerby/kerb-core/1.0.1/kerb-core-1.0.1.jar:/home/runner/.m2/repository/org/apache/kerby/kerby-pkix/1.0.1/kerby-pkix-1.0.1.jar:/home/runner/.m2/repository/org/apache/kerby/kerby-asn1/1.0.1/kerby-asn1-1.0.1.jar:/home/runner/.m2/repository/org/apache/kerby/kerby-util/1.0.1/kerby-util-1.0.1.jar:/home/runner/.m2/repository/org/apache/kerby/kerb-common/1.0.1/kerb-common-1.0.1.jar:/home/runner/.m2/repository/org/apache/kerby/kerb-crypto/1.0.1/kerb-crypto-1.0.1.jar:/home/runner/.m2/repository/org/apache/kerby/kerb-util/1.0.1/kerb-util-1.0.1.jar:/home/runner/.m2/repository/org/apache/kerby/token-provider/1.0.1/token-provider-1.0.1.jar:/home/runner/.m2/repository/org/apache/kerby/kerb-admin/1.0.1/kerb-admin-1.0.1.jar:/home/runner/.m2/repository/org/apache/kerby/kerb-server/1.0.1/kerb-server-1.0.1.jar:/home/runner/.m2/repository/org/apache/kerby/kerb-identity/1.0.1/kerb-identity-1.0.1.jar:/home/runner/.m2/repository/org/apache/kerby/kerby-xdr/1.0.1/kerby-xdr-1.0.1.jar:/home/runner/.m2/repository/org/slf4j/slf4j-log4j12/1.7.30/slf4j-log4j12-1.7.30.jar:/home/runner/.m2/repository/org/apache/ozone/ozone-s3gateway/1.2.0-SNAPSHOT/ozone-s3gateway-1.2.0-SNAPSHOT.jar:/home/runner/.m2/repository/org/jboss/weld/servlet/weld-servlet/2.4.7.Final/weld-servlet-2.4.7.Final.jar:/home/runner/.m2/repository/org/glassfish/jersey/containers/jersey-container-servlet-core/2.33/jersey-container-servlet-core-2.33.jar:/home/runner/.m2/repository/org/glassfish/hk2/external/jakarta.inject/2.6.1/jakarta.inject-2.6.1.jar:/home/runner/.m2/repository/org/glassfish/jersey/core/jersey-common/2.33/jersey-common-2.33.jar:/home/runner/.m2/repository/jakarta/ws/rs/jakarta.ws.rs-api/2.1.6/jakarta.ws.rs-api-2.1.6.jar:/home/runner/.m2/repository/org/glassfish/jersey/ext/cdi/jersey-cdi1x/2.33/jersey-cdi1x-2.33.jar:/home/runner/.m2/repository/org/glassfish/jersey/inject/jersey-hk2/2.33/jersey-hk2-2.33.jar:/home/runner/.m2/repository/org/glassfish/hk2/hk2-locator/2.6.1/hk2-locator-2.6.1.jar:/home/runner/.m2/repository/org/javassist/javassist/3.25.0-GA/javassist-3.25.0-GA.jar:/home/runner/.m2/repository/org/glassfish/jersey/media/jersey-media-jaxb/2.33/jersey-media-jaxb-2.33.jar:/home/runner/.m2/repository/org/glassfish/hk2/osgi-resource-locator/1.0.3/osgi-resource-locator-1.0.3.jar:/home/runner/.m2/repository/org/glassfish/hk2/hk2-api/2.5.0/hk2-api-2.5.0.jar:/home/runner/.m2/repository/org/glassfish/hk2/hk2-utils/2.5.0/hk2-utils-2.5.0.jar:/home/runner/.m2/repository/org/glassfish/hk2/external/aopalliance-repackaged/2.5.0/aopalliance-repackaged-2.5.0.jar:/home/runner/.m2/repository/com/fasterxml/jackson/dataformat/jackson-dataformat-xml/2.12.1/jackson-dataformat-xml-2.12.1.jar:/home/runner/.m2/repository/com/fasterxml/jackson/core/jackson-core/2.12.1/jackson-core-2.12.1.jar:/home/runner/.m2/repository/com/fasterxml/jackson/module/jackson-module-jaxb-annotations/2.12.1/jackson-module-jaxb-annotations-2.12.1.jar:/home/runner/.m2/repository/jakarta/xml/bind/jakarta.xml.bind-api/2.3.2/jakarta.xml.bind-api-2.3.2.jar:/home/runner/.m2/repository/jakarta/activation/jakarta.activation-api/1.2.1/jakarta.activation-api-1.2.1.jar:/home/runner/.m2/repository/org/codehaus/woodstox/stax2-api/3.1.4/stax2-api-3.1.4.jar:/home/runner/.m2/repository/com/fasterxml/woodstox/woodstox-core/5.0.3/woodstox-core-5.0.3.jar:/home/runner/.m2/repository/javax/enterprise/cdi-api/1.2/cdi-api-1.2.jar:/home/runner/.m2/repository/javax/el/javax.el-api/3.0.0/javax.el-api-3.0.0.jar:/home/runner/.m2/repository/javax/interceptor/javax.interceptor-api/1.2/javax.interceptor-api-1.2.jar:/home/runner/.m2/repository/javax/inject/javax.inject/1/javax.inject-1.jar:/home/runner/.m2/repository/javax/xml/bind/jaxb-api/2.3.0/jaxb-api-2.3.0.jar:/home/runner/.m2/repository/org/glassfish/jaxb/jaxb-runtime/2.3.0.1/jaxb-runtime-2.3.0.1.jar:/home/runner/.m2/repository/org/glassfish/jaxb/jaxb-core/2.3.0.1/jaxb-core-2.3.0.1.jar:/home/runner/.m2/repository/org/glassfish/jaxb/txw2/2.3.0.1/txw2-2.3.0.1.jar:/home/runner/.m2/repository/com/sun/istack/istack-commons-runtime/3.0.5/istack-commons-runtime-3.0.5.jar:/home/runner/.m2/repository/org/jvnet/staxex/stax-ex/1.7.8/stax-ex-1.7.8.jar:/home/runner/.m2/repository/com/sun/xml/fastinfoset/FastInfoset/1.2.13/FastInfoset-1.2.13.jar:/home/runner/.m2/repository/javax/activation/activation/1.1.1/activation-1.1.1.jar:/home/runner/.m2/repository/org/apache/ozone/ozone-csi/1.2.0-SNAPSHOT/ozone-csi-1.2.0-SNAPSHOT.jar:/home/runner/.m2/repository/com/google/protobuf/protobuf-java-util/3.12.0/protobuf-java-util-3.12.0.jar:/home/runner/.m2/repository/com/google/code/gson/gson/2.2.4/gson-2.2.4.jar:/home/runner/.m2/repository/org/apache/ozone/hdds-config/1.2.0-SNAPSHOT/hdds-config-1.2.0-SNAPSHOT.jar:/home/runner/.m2/repository/io/grpc/grpc-netty/1.33.0/grpc-netty-1.33.0.jar:/home/runner/.m2/repository/io/grpc/grpc-core/1.33.0/grpc-core-1.33.0.jar:/home/runner/.m2/repository/com/google/android/annotations/4.1.1.4/annotations-4.1.1.4.jar:/home/runner/.m2/repository/io/netty/netty-codec-http2/4.1.51.Final/netty-codec-http2-4.1.51.Final.jar:/home/runner/.m2/repository/io/netty/netty-codec-http/4.1.51.Final/netty-codec-http-4.1.51.Final.jar:/home/runner/.m2/repository/io/netty/netty-handler-proxy/4.1.51.Final/netty-handler-proxy-4.1.51.Final.jar:/home/runner/.m2/repository/io/netty/netty-codec-socks/4.1.51.Final/netty-codec-socks-4.1.51.Final.jar:/home/runner/.m2/repository/io/perfmark/perfmark-api/0.19.0/perfmark-api-0.19.0.jar:/home/runner/.m2/repository/org/codehaus/mojo/animal-sniffer-annotations/1.18/animal-sniffer-annotations-1.18.jar:/home/runner/.m2/repository/io/netty/netty-transport-native-epoll/4.1.63.Final/netty-transport-native-epoll-4.1.63.Final.jar:/home/runner/.m2/repository/io/netty/netty-common/4.1.63.Final/netty-common-4.1.63.Final.jar:/home/runner/.m2/repository/io/netty/netty-buffer/4.1.63.Final/netty-buffer-4.1.63.Final.jar:/home/runner/.m2/repository/io/netty/netty-transport-native-unix-common/4.1.63.Final/netty-transport-native-unix-common-4.1.63.Final.jar:/home/runner/.m2/repository/io/grpc/grpc-protobuf/1.33.0/grpc-protobuf-1.33.0.jar:/home/runner/.m2/repository/io/grpc/grpc-api/1.33.0/grpc-api-1.33.0.jar:/home/runner/.m2/repository/io/grpc/grpc-context/1.33.0/grpc-context-1.33.0.jar:/home/runner/.m2/repository/com/google/api/grpc/proto-google-common-protos/1.17.0/proto-google-common-protos-1.17.0.jar:/home/runner/.m2/repository/io/grpc/grpc-protobuf-lite/1.33.0/grpc-protobuf-lite-1.33.0.jar:/home/runner/.m2/repository/io/grpc/grpc-stub/1.33.0/grpc-stub-1.33.0.jar:/home/runner/.m2/repository/org/apache/ozone/ozone-recon/1.2.0-SNAPSHOT/ozone-recon-1.2.0-SNAPSHOT.jar:/home/runner/.m2/repository/org/apache/ozone/ozone-reconcodegen/1.2.0-SNAPSHOT/ozone-reconcodegen-1.2.0-SNAPSHOT.jar:/home/runner/.m2/repository/com/google/inject/extensions/guice-multibindings/4.0/guice-multibindings-4.0.jar:/home/runner/.m2/repository/com/google/inject/guice/4.0/guice-4.0.jar:/home/runner/.m2/repository/aopalliance/aopalliance/1.0/aopalliance-1.0.jar:/home/runner/.m2/repository/com/google/inject/extensions/guice-assistedinject/4.0/guice-assistedinject-4.0.jar:/home/runner/.m2/repository/com/google/inject/extensions/guice-servlet/4.0/guice-servlet-4.0.jar:/home/runner/.m2/repository/org/glassfish/jersey/containers/jersey-container-servlet/2.33/jersey-container-servlet-2.33.jar:/home/runner/.m2/repository/org/glassfish/hk2/guice-bridge/2.5.0/guice-bridge-2.5.0.jar:/home/runner/.m2/repository/org/glassfish/jersey/core/jersey-server/2.33/jersey-server-2.33.jar:/home/runner/.m2/repository/org/glassfish/jersey/core/jersey-client/2.33/jersey-client-2.33.jar:/home/runner/.m2/repository/jakarta/annotation/jakarta.annotation-api/1.3.5/jakarta.annotation-api-1.3.5.jar:/home/runner/.m2/repository/jakarta/validation/jakarta.validation-api/2.0.2/jakarta.validation-api-2.0.2.jar:/home/runner/.m2/repository/org/glassfish/jersey/media/jersey-media-json-jackson/2.33/jersey-media-json-jackson-2.33.jar:/home/runner/.m2/repository/org/glassfish/jersey/ext/jersey-entity-filtering/2.33/jersey-entity-filtering-2.33.jar:/home/runner/.m2/repository/org/jooq/jooq/3.11.10/jooq-3.11.10.jar:/home/runner/.m2/repository/org/jooq/jooq-meta/3.11.10/jooq-meta-3.11.10.jar:/home/runner/.m2/repository/org/jooq/jooq-codegen/3.11.10/jooq-codegen-3.11.10.jar:/home/runner/.m2/repository/com/jolbox/bonecp/0.8.0.RELEASE/bonecp-0.8.0.RELEASE.jar:/home/runner/.m2/repository/org/apache/derby/derby/10.14.2.0/derby-10.14.2.0.jar:/home/runner/.m2/repository/org/xerial/sqlite-jdbc/3.25.2/sqlite-jdbc-3.25.2.jar:/home/runner/.m2/repository/org/springframework/spring-jdbc/5.2.11.RELEASE/spring-jdbc-5.2.11.RELEASE.jar:/home/runner/.m2/repository/org/springframework/spring-beans/5.2.11.RELEASE/spring-beans-5.2.11.RELEASE.jar:/home/runner/.m2/repository/org/springframework/spring-core/5.2.11.RELEASE/spring-core-5.2.11.RELEASE.jar:/home/runner/.m2/repository/org/springframework/spring-jcl/5.2.11.RELEASE/spring-jcl-5.2.11.RELEASE.jar:/home/runner/.m2/repository/org/springframework/spring-tx/5.2.11.RELEASE/spring-tx-5.2.11.RELEASE.jar:/home/runner/.m2/repository/org/apache/ozone/ozone-client/1.2.0-SNAPSHOT/ozone-client-1.2.0-SNAPSHOT.jar:/home/runner/.m2/repository/org/apache/ozone/ozone-filesystem/1.2.0-SNAPSHOT/ozone-filesystem-1.2.0-SNAPSHOT.jar:/home/runner/.m2/repository/org/apache/ozone/ozone-filesystem-common/1.2.0-SNAPSHOT/ozone-filesystem-common-1.2.0-SNAPSHOT.jar:/home/runner/.m2/repository/org/apache/ozone/ozone-tools/1.2.0-SNAPSHOT/ozone-tools-1.2.0-SNAPSHOT.jar:/home/runner/.m2/repository/org/apache/ratis/ratis-tools/2.1.0-ff8aa66-SNAPSHOT/ratis-tools-2.1.0-ff8aa66-SNAPSHOT.jar:/home/runner/.m2/repository/org/apache/ratis/ratis-proto/2.1.0-ff8aa66-SNAPSHOT/ratis-proto-2.1.0-ff8aa66-SNAPSHOT.jar:/home/runner/.m2/repository/org/apache/ratis/ratis-common/2.1.0-ff8aa66-SNAPSHOT/ratis-common-2.1.0-ff8aa66-SNAPSHOT.jar:/home/runner/.m2/repository/com/amazonaws/aws-java-sdk-core/1.11.901/aws-java-sdk-core-1.11.901.jar:/home/runner/.m2/repository/org/apache/httpcomponents/httpclient/4.5.13/httpclient-4.5.13.jar:/home/runner/.m2/repository/org/apache/httpcomponents/httpcore/4.4.13/httpcore-4.4.13.jar:/home/runner/.m2/repository/software/amazon/ion/ion-java/1.0.2/ion-java-1.0.2.jar:/home/runner/.m2/repository/com/fasterxml/jackson/dataformat/jackson-dataformat-cbor/2.12.1/jackson-dataformat-cbor-2.12.1.jar:/home/runner/.m2/repository/joda-time/joda-time/2.8.1/joda-time-2.8.1.jar:/home/runner/.m2/repository/com/amazonaws/aws-java-sdk-s3/1.11.901/aws-java-sdk-s3-1.11.901.jar:/home/runner/.m2/repository/com/amazonaws/aws-java-sdk-kms/1.11.901/aws-java-sdk-kms-1.11.901.jar:/home/runner/.m2/repository/com/amazonaws/jmespath-java/1.11.901/jmespath-java-1.11.901.jar:/home/runner/.m2/repository/org/kohsuke/metainf-services/metainf-services/1.8/metainf-services-1.8.jar:/home/runner/.m2/repository/org/apache/ozone/hdds-tools/1.2.0-SNAPSHOT/hdds-tools-1.2.0-SNAPSHOT.jar:/home/runner/.m2/repository/commons-cli/commons-cli/1.2/commons-cli-1.2.jar:/home/runner/.m2/repository/org/apache/commons/commons-lang3/3.7/commons-lang3-3.7.jar:/home/runner/.m2/repository/org/apache/ozone/ozone-manager/1.2.0-SNAPSHOT/ozone-manager-1.2.0-SNAPSHOT-tests.jar:/home/runner/.m2/repository/org/apache/ozone/hdds-common/1.2.0-SNAPSHOT/hdds-common-1.2.0-SNAPSHOT-tests.jar:/home/runner/.m2/repository/org/apache/ozone/hdds-hadoop-dependency-client/1.2.0-SNAPSHOT/hdds-hadoop-dependency-client-1.2.0-SNAPSHOT.jar:/home/runner/.m2/repository/info/picocli/picocli/4.4.0/picocli-4.4.0.jar:/home/runner/.m2/repository/com/fasterxml/jackson/core/jackson-annotations/2.12.1/jackson-annotations-2.12.1.jar:/home/runner/.m2/repository/javax/annotation/javax.annotation-api/1.2/javax.annotation-api-1.2.jar:/home/runner/.m2/repository/org/fusesource/leveldbjni/leveldbjni-all/1.8/leveldbjni-all-1.8.jar:/home/runner/.m2/repository/org/apache/ratis/ratis-server/2.1.0-ff8aa66-SNAPSHOT/ratis-server-2.1.0-ff8aa66-SNAPSHOT.jar:/home/runner/.m2/repository/org/apache/ratis/ratis-client/2.1.0-ff8aa66-SNAPSHOT/ratis-client-2.1.0-ff8aa66-SNAPSHOT.jar:/home/runner/.m2/repository/org/apache/ratis/ratis-server-api/2.1.0-ff8aa66-SNAPSHOT/ratis-server-api-2.1.0-ff8aa66-SNAPSHOT.jar:/home/runner/.m2/repository/org/apache/ratis/ratis-metrics/2.1.0-ff8aa66-SNAPSHOT/ratis-metrics-2.1.0-ff8aa66-SNAPSHOT.jar:/home/runner/.m2/repository/org/apache/ratis/ratis-netty/2.1.0-ff8aa66-SNAPSHOT/ratis-netty-2.1.0-ff8aa66-SNAPSHOT.jar:/home/runner/.m2/repository/org/apache/ratis/ratis-grpc/2.1.0-ff8aa66-SNAPSHOT/ratis-grpc-2.1.0-ff8aa66-SNAPSHOT.jar:/home/runner/.m2/repository/org/apache/logging/log4j/log4j-api/2.13.3/log4j-api-2.13.3.jar:/home/runner/.m2/repository/org/apache/logging/log4j/log4j-core/2.13.3/log4j-core-2.13.3.jar:/home/runner/.m2/repository/com/lmax/disruptor/3.4.2/disruptor-3.4.2.jar:/home/runner/.m2/repository/org/apache/commons/commons-pool2/2.6.0/commons-pool2-2.6.0.jar:/home/runner/.m2/repository/org/bouncycastle/bcpkix-jdk15on/1.67/bcpkix-jdk15on-1.67.jar:/home/runner/.m2/repository/commons-validator/commons-validator/1.6/commons-validator-1.6.jar:/home/runner/.m2/repository/commons-beanutils/commons-beanutils/1.9.4/commons-beanutils-1.9.4.jar:/home/runner/.m2/repository/commons-digester/commons-digester/1.8.1/commons-digester-1.8.1.jar:/home/runner/.m2/repository/commons-collections/commons-collections/3.2.2/commons-collections-3.2.2.jar:/home/runner/.m2/repository/io/jaegertracing/jaeger-client/1.6.0/jaeger-client-1.6.0.jar:/home/runner/.m2/repository/io/jaegertracing/jaeger-thrift/1.6.0/jaeger-thrift-1.6.0.jar:/home/runner/.m2/repository/org/apache/thrift/libthrift/0.14.1/libthrift-0.14.1.jar:/home/runner/.m2/repository/com/squareup/okhttp3/okhttp/4.9.0/okhttp-4.9.0.jar:/home/runner/.m2/repository/com/squareup/okio/okio/2.8.0/okio-2.8.0.jar:/home/runner/.m2/repository/io/jaegertracing/jaeger-core/1.6.0/jaeger-core-1.6.0.jar:/home/runner/.m2/repository/io/jaegertracing/jaeger-tracerresolver/1.6.0/jaeger-tracerresolver-1.6.0.jar:/home/runner/.m2/repository/io/opentracing/contrib/opentracing-tracerresolver/0.1.8/opentracing-tracerresolver-0.1.8.jar:/home/runner/.m2/repository/org/jetbrains/kotlin/kotlin-stdlib/1.4.31/kotlin-stdlib-1.4.31.jar:/home/runner/.m2/repository/org/jetbrains/kotlin/kotlin-stdlib-common/1.4.31/kotlin-stdlib-common-1.4.31.jar:/home/runner/.m2/repository/org/jetbrains/annotations/13.0/annotations-13.0.jar:/home/runner/.m2/repository/io/opentracing/opentracing-util/0.33.0/opentracing-util-0.33.0.jar:/home/runner/.m2/repository/io/opentracing/opentracing-api/0.33.0/opentracing-api-0.33.0.jar:/home/runner/.m2/repository/io/opentracing/opentracing-noop/0.33.0/opentracing-noop-0.33.0.jar:/home/runner/.m2/repository/org/yaml/snakeyaml/1.26/snakeyaml-1.26.jar:/home/runner/.m2/repository/org/apache/ozone/hdds-interface-admin/1.2.0-SNAPSHOT/hdds-interface-admin-1.2.0-SNAPSHOT.jar:/home/runner/.m2/repository/junit/junit/4.13.1/junit-4.13.1.jar:/home/runner/.m2/repository/org/hamcrest/hamcrest-core/1.3/hamcrest-core-1.3.jar:/home/runner/.m2/repository/org/junit/jupiter/junit-jupiter-api/5.7.0/junit-jupiter-api-5.7.0.jar:/home/runner/.m2/repository/org/apiguardian/apiguardian-api/1.1.0/apiguardian-api-1.1.0.jar:/home/runner/.m2/repository/org/opentest4j/opentest4j/1.2.0/opentest4j-1.2.0.jar:/home/runner/.m2/repository/org/junit/platform/junit-platform-commons/1.7.0/junit-platform-commons-1.7.0.jar:/home/runner/.m2/repository/org/junit/jupiter/junit-jupiter-engine/5.7.0/junit-jupiter-engine-5.7.0.jar:/home/runner/.m2/repository/org/junit/platform/junit-platform-engine/1.7.0/junit-platform-engine-1.7.0.jar:/home/runner/.m2/repository/org/junit/vintage/junit-vintage-engine/5.7.0/junit-vintage-engine-5.7.0.jar:/home/runner/.m2/repository/org/junit/platform/junit-platform-launcher/1.7.0/junit-platform-launcher-1.7.0.jar:/home/runner/.m2/repository/org/openjdk/jmh/jmh-core/1.19/jmh-core-1.19.jar:/home/runner/.m2/repository/net/sf/jopt-simple/jopt-simple/4.6/jopt-simple-4.6.jar:/home/runner/.m2/repository/org/apache/commons/commons-math3/3.1.1/commons-math3-3.1.1.jar:/home/runner/.m2/repository/org/openjdk/jmh/jmh-generator-annprocess/1.19/jmh-generator-annprocess-1.19.jar:/home/runner/.m2/repository/org/mockito/mockito-all/1.8.5/mockito-all-1.8.5.jar:/home/runner/.m2/repository/org/apache/hadoop/hadoop-kms/3.2.2/hadoop-kms-3.2.2.jar:/home/runner/.m2/repository/org/apache/hadoop/hadoop-auth/3.2.2/hadoop-auth-3.2.2.jar:/home/runner/.m2/repository/com/nimbusds/nimbus-jose-jwt/7.9/nimbus-jose-jwt-7.9.jar:/home/runner/.m2/repository/com/github/stephenc/jcip/jcip-annotations/1.0-1/jcip-annotations-1.0-1.jar:/home/runner/.m2/repository/net/minidev/json-smart/2.3/json-smart-2.3.jar:/home/runner/.m2/repository/net/minidev/accessors-smart/1.2/accessors-smart-1.2.jar:/home/runner/.m2/repository/org/ow2/asm/asm/5.0.4/asm-5.0.4.jar:/home/runner/.m2/repository/org/apache/zookeeper/zookeeper/3.4.13/zookeeper-3.4.13.jar:/home/runner/.m2/repository/org/apache/yetus/audience-annotations/0.5.0/audience-annotations-0.5.0.jar:/home/runner/.m2/repository/org/apache/curator/curator-framework/2.13.0/curator-framework-2.13.0.jar:/home/runner/.m2/repository/com/sun/jersey/jersey-core/1.19/jersey-core-1.19.jar:/home/runner/.m2/repository/javax/ws/rs/jsr311-api/1.1.1/jsr311-api-1.1.1.jar:/home/runner/.m2/repository/com/sun/jersey/jersey-server/1.19/jersey-server-1.19.jar:/home/runner/.m2/repository/javax/servlet/javax.servlet-api/3.1.0/javax.servlet-api-3.1.0.jar:/home/runner/.m2/repository/org/eclipse/jetty/jetty-server/9.4.35.v20201120/jetty-server-9.4.35.v20201120.jar:/home/runner/.m2/repository/org/eclipse/jetty/jetty-http/9.4.35.v20201120/jetty-http-9.4.35.v20201120.jar:/home/runner/.m2/repository/org/eclipse/jetty/jetty-io/9.4.35.v20201120/jetty-io-9.4.35.v20201120.jar:/home/runner/.m2/repository/org/eclipse/jetty/jetty-webapp/9.4.35.v20201120/jetty-webapp-9.4.35.v20201120.jar:/home/runner/.m2/repository/org/eclipse/jetty/jetty-xml/9.4.35.v20201120/jetty-xml-9.4.35.v20201120.jar:/home/runner/.m2/repository/org/apache/hadoop/hadoop-common/3.2.2/hadoop-common-3.2.2.jar:/home/runner/.m2/repository/commons-net/commons-net/3.6/commons-net-3.6.jar:/home/runner/.m2/repository/javax/activation/javax.activation-api/1.2.0/javax.activation-api-1.2.0.jar:/home/runner/.m2/repository/com/sun/jersey/jersey-servlet/1.19/jersey-servlet-1.19.jar:/home/runner/.m2/repository/com/sun/jersey/jersey-json/1.19/jersey-json-1.19.jar:/home/runner/.m2/repository/org/codehaus/jettison/jettison/1.1/jettison-1.1.jar:/home/runner/.m2/repository/com/sun/xml/bind/jaxb-impl/2.2.3-1/jaxb-impl-2.2.3-1.jar:/home/runner/.m2/repository/org/codehaus/jackson/jackson-jaxrs/1.9.2/jackson-jaxrs-1.9.2.jar:/home/runner/.m2/repository/org/codehaus/jackson/jackson-xc/1.9.2/jackson-xc-1.9.2.jar:/home/runner/.m2/repository/org/apache/commons/commons-configuration2/2.1.1/commons-configuration2-2.1.1.jar:/home/runner/.m2/repository/org/apache/commons/commons-text/1.4/commons-text-1.4.jar:/home/runner/.m2/repository/com/google/re2j/re2j/1.1/re2j-1.1.jar:/home/runner/.m2/repository/com/jcraft/jsch/0.1.54/jsch-0.1.54.jar:/home/runner/.m2/repository/org/apache/curator/curator-client/2.13.0/curator-client-2.13.0.jar:/home/runner/.m2/repository/org/apache/curator/curator-recipes/2.13.0/curator-recipes-2.13.0.jar:/home/runner/.m2/repository/dnsjava/dnsjava/2.1.7/dnsjava-2.1.7.jar:/home/runner/.m2/repository/org/slf4j/jul-to-slf4j/1.7.30/jul-to-slf4j-1.7.30.jar:/home/runner/.m2/repository/org/eclipse/jetty/jetty-util/9.4.35.v20201120/jetty-util-9.4.35.v20201120.jar:/home/runner/.m2/repository/com/fasterxml/jackson/core/jackson-databind/2.12.1/jackson-databind-2.12.1.jar:/home/runner/.m2/repository/org/apache/hadoop/hadoop-kms/3.2.2/hadoop-kms-3.2.2-tests.jar:/home/runner/.m2/repository/org/apache/ozone/hdds-server-scm/1.2.0-SNAPSHOT/hdds-server-scm-1.2.0-SNAPSHOT-tests.jar:/home/runner/.m2/repository/org/apache/ozone/hdds-container-service/1.2.0-SNAPSHOT/hdds-container-service-1.2.0-SNAPSHOT-tests.jar:/home/runner/.m2/repository/commons-codec/commons-codec/1.11/commons-codec-1.11.jar:/home/runner/.m2/repository/io/netty/netty-transport/4.1.63.Final/netty-transport-4.1.63.Final.jar:/home/runner/.m2/repository/io/netty/netty-resolver/4.1.63.Final/netty-resolver-4.1.63.Final.jar:/home/runner/.m2/repository/io/netty/netty-codec/4.1.63.Final/netty-codec-4.1.63.Final.jar:/home/runner/.m2/repository/io/netty/netty-handler/4.1.63.Final/netty-handler-4.1.63.Final.jar:/home/runner/.m2/repository/org/apache/ozone/hdds-hadoop-dependency-test/1.2.0-SNAPSHOT/hdds-hadoop-dependency-test-1.2.0-SNAPSHOT.jar:/home/runner/.m2/repository/org/apache/hadoop/hadoop-common/3.2.2/hadoop-common-3.2.2-tests.jar:/home/runner/.m2/repository/org/apache/hadoop/hadoop-hdfs/3.2.2/hadoop-hdfs-3.2.2-tests.jar:/home/runner/.m2/repository/org/eclipse/jetty/jetty-util-ajax/9.4.35.v20201120/jetty-util-ajax-9.4.35.v20201120.jar:/home/runner/.m2/repository/commons-daemon/commons-daemon/1.0.13/commons-daemon-1.0.13.jar:/home/runner/.m2/repository/io/netty/netty/3.10.6.Final/netty-3.10.6.Final.jar:/home/runner/.m2/repository/io/netty/netty-all/4.1.63.Final/netty-all-4.1.63.Final.jar:/home/runner/.m2/repository/org/apache/htrace/htrace-core4/4.1.0-incubating/htrace-core4-4.1.0-incubating.jar:/home/runner/.m2/repository/org/apache/hadoop/hadoop-distcp/3.2.2/hadoop-distcp-3.2.2.jar:/home/runner/.m2/repository/org/apache/hadoop/hadoop-mapreduce-client-jobclient/3.2.2/hadoop-mapreduce-client-jobclient-3.2.2.jar:/home/runner/.m2/repository/org/apache/hadoop/hadoop-mapreduce-client-common/3.2.2/hadoop-mapreduce-client-common-3.2.2.jar:/home/runner/.m2/repository/org/apache/hadoop/hadoop-yarn-common/3.2.2/hadoop-yarn-common-3.2.2.jar:/home/runner/.m2/repository/org/apache/hadoop/hadoop-yarn-api/3.2.2/hadoop-yarn-api-3.2.2.jar:/home/runner/.m2/repository/com/sun/jersey/jersey-client/1.19/jersey-client-1.19.jar:/home/runner/.m2/repository/com/sun/jersey/contribs/jersey-guice/1.19/jersey-guice-1.19.jar:/home/runner/.m2/repository/com/fasterxml/jackson/jaxrs/jackson-jaxrs-json-provider/2.12.1/jackson-jaxrs-json-provider-2.12.1.jar:/home/runner/.m2/repository/com/fasterxml/jackson/jaxrs/jackson-jaxrs-base/2.12.1/jackson-jaxrs-base-2.12.1.jar:/home/runner/.m2/repository/org/apache/hadoop/hadoop-yarn-client/3.2.2/hadoop-yarn-client-3.2.2.jar:/home/runner/.m2/repository/org/apache/hadoop/hadoop-mapreduce-client-core/3.2.2/hadoop-mapreduce-client-core-3.2.2.jar:/home/runner/.m2/repository/org/apache/avro/avro/1.7.7/avro-1.7.7.jar:/home/runner/.m2/repository/org/codehaus/jackson/jackson-core-asl/1.9.13/jackson-core-asl-1.9.13.jar:/home/runner/.m2/repository/org/codehaus/jackson/jackson-mapper-asl/1.9.13/jackson-mapper-asl-1.9.13.jar:/home/runner/.m2/repository/com/thoughtworks/paranamer/paranamer/2.3/paranamer-2.3.jar:/home/runner/.m2/repository/org/xerial/snappy/snappy-java/1.0.5/snappy-java-1.0.5.jar:/home/runner/.m2/repository/org/apache/hadoop/hadoop-annotations/3.2.2/hadoop-annotations-3.2.2.jar:/usr/lib/jvm/adoptopenjdk-8-hotspot-amd64/jre/../lib/tools.jar:/home/runner/.m2/repository/org/apache/hadoop/hadoop-distcp/3.2.2/hadoop-distcp-3.2.2-tests.jar:"/>
    <property name="sun.cpu.endian" value="little"/>
    <property name="user.home" value="/home/runner"/>
    <property name="user.language" value="en"/>
    <property name="java.specification.vendor" value="Oracle Corporation"/>
    <property name="java.home" value="/usr/lib/jvm/adoptopenjdk-8-hotspot-amd64/jre"/>
    <property name="java.security.krb5.conf" value="/home/runner/work/ozone/ozone/mnt/ozone/hadoop-ozone/integration-test/target/test-classes/krb5.conf"/>
    <property name="basedir" value="/home/runner/work/ozone/ozone/mnt/ozone/hadoop-ozone/integration-test"/>
    <property name="file.separator" value="/"/>
    <property name="line.separator" value="&#10;"/>
    <property name="java.vm.specification.vendor" value="Oracle Corporation"/>
    <property name="java.specification.name" value="Java Platform API Specification"/>
    <property name="java.awt.graphicsenv" value="sun.awt.X11GraphicsEnvironment"/>
    <property name="skip.installnpx" value="true"/>
    <property name="surefire.real.class.path" value="/home/runner/work/ozone/ozone/mnt/ozone/hadoop-ozone/integration-test/target/surefire/surefirebooter331783591889496248.jar:/home/runner/.m2/repository/org/jacoco/org.jacoco.agent/0.8.5/org.jacoco.agent-0.8.5-runtime.jar"/>
    <property name="hadoop.log.dir" value="/home/runner/work/ozone/ozone/mnt/ozone/hadoop-ozone/integration-test/target/log"/>
    <property name="sun.boot.class.path" value="/usr/lib/jvm/adoptopenjdk-8-hotspot-amd64/jre/lib/resources.jar:/usr/lib/jvm/adoptopenjdk-8-hotspot-amd64/jre/lib/rt.jar:/usr/lib/jvm/adoptopenjdk-8-hotspot-amd64/jre/lib/sunrsasign.jar:/usr/lib/jvm/adoptopenjdk-8-hotspot-amd64/jre/lib/jsse.jar:/usr/lib/jvm/adoptopenjdk-8-hotspot-amd64/jre/lib/jce.jar:/usr/lib/jvm/adoptopenjdk-8-hotspot-amd64/jre/lib/charsets.jar:/usr/lib/jvm/adoptopenjdk-8-hotspot-amd64/jre/lib/jfr.jar:/usr/lib/jvm/adoptopenjdk-8-hotspot-amd64/jre/classes"/>
    <property name="sun.management.compiler" value="HotSpot 64-Bit Tiered Compilers"/>
    <property name="skip.npx" value="true"/>
    <property name="java.runtime.version" value="1.8.0_292-b10"/>
    <property name="java.net.preferIPv4Stack" value="true"/>
    <property name="user.name" value="runner"/>
    <property name="path.separator" value=":"/>
    <property name="java.security.egd" value="file:///dev/urandom"/>
    <property name="os.version" value="5.4.0-1047-azure"/>
    <property name="java.endorsed.dirs" value="/usr/lib/jvm/adoptopenjdk-8-hotspot-amd64/jre/lib/endorsed"/>
    <property name="java.runtime.name" value="OpenJDK Runtime Environment"/>
    <property name="file.encoding" value="UTF-8"/>
    <property name="java.vm.name" value="OpenJDK 64-Bit Server VM"/>
    <property name="test.build.webapps" value=""/>
    <property name="localRepository" value="/home/runner/.m2/repository"/>
    <property name="java.vendor.url.bug" value="https://github.com/AdoptOpenJDK/openjdk-support/issues"/>
    <property name="java.io.tmpdir" value="/tmp"/>
    <property name="require.test.libhadoop" value=""/>
    <property name="java.version" value="1.8.0_292"/>
    <property name="user.dir" value="/home/runner/work/ozone/ozone/mnt/ozone/hadoop-ozone/integration-test"/>
    <property name="os.arch" value="amd64"/>
    <property name="java.vm.specification.name" value="Java Virtual Machine Specification"/>
    <property name="test.build.classes" value="/home/runner/work/ozone/ozone/mnt/ozone/hadoop-ozone/integration-test/target/test-classes"/>
    <property name="java.awt.printerjob" value="sun.print.PSPrinterJob"/>
    <property name="sun.os.patch.level" value="unknown"/>
    <property name="hadoop.tmp.dir" value="/home/runner/work/ozone/ozone/mnt/ozone/hadoop-ozone/integration-test/target/tmp"/>
    <property name="java.library.path" value="/usr/java/packages/lib/amd64:/usr/lib64:/lib64:/lib:/usr/lib"/>
    <property name="java.vm.info" value="mixed mode"/>
    <property name="java.vendor" value="AdoptOpenJDK"/>
    <property name="java.vm.version" value="25.292-b10"/>
    <property name="java.ext.dirs" value="/usr/lib/jvm/adoptopenjdk-8-hotspot-amd64/jre/lib/ext:/usr/java/packages/lib/ext"/>
    <property name="sun.io.unicode.encoding" value="UnicodeLittle"/>
    <property name="java.class.version" value="52.0"/>
  </properties>
  <testcase name="testInstallSnapshot" classname="org.apache.hadoop.ozone.scm.TestSCMInstallSnapshotWithHA" time="72.226">
    <failure type="java.lang.AssertionError">java.lang.AssertionError
	at org.junit.Assert.fail(Assert.java:87)
	at org.junit.Assert.assertTrue(Assert.java:42)
	at org.junit.Assert.assertTrue(Assert.java:53)
	at org.apache.hadoop.ozone.scm.TestSCMInstallSnapshotWithHA.testInstallSnapshot(TestSCMInstallSnapshotWithHA.java:140)
	at sun.reflect.NativeMethodAccessorImpl.invoke0(Native Method)
	at sun.reflect.NativeMethodAccessorImpl.invoke(NativeMethodAccessorImpl.java:62)
	at sun.reflect.DelegatingMethodAccessorImpl.invoke(DelegatingMethodAccessorImpl.java:43)
	at java.lang.reflect.Method.invoke(Method.java:498)
	at org.junit.platform.commons.util.ReflectionUtils.invokeMethod(ReflectionUtils.java:688)
	at org.junit.jupiter.engine.execution.MethodInvocation.proceed(MethodInvocation.java:60)
	at org.junit.jupiter.engine.execution.InvocationInterceptorChain$ValidatingInvocation.proceed(InvocationInterceptorChain.java:131)
	at org.junit.jupiter.engine.extension.TimeoutInvocation.proceed(TimeoutInvocation.java:46)
	at org.junit.jupiter.engine.extension.TimeoutExtension.intercept(TimeoutExtension.java:149)
	at org.junit.jupiter.engine.extension.TimeoutExtension.interceptTestableMethod(TimeoutExtension.java:140)
	at org.junit.jupiter.engine.extension.TimeoutExtension.interceptTestMethod(TimeoutExtension.java:84)
	at org.junit.jupiter.engine.execution.ExecutableInvoker$ReflectiveInterceptorCall.lambda$ofVoidMethod$0(ExecutableInvoker.java:115)
	at org.junit.jupiter.engine.execution.ExecutableInvoker.lambda$invoke$0(ExecutableInvoker.java:105)
	at org.junit.jupiter.engine.execution.InvocationInterceptorChain$InterceptedInvocation.proceed(InvocationInterceptorChain.java:106)
	at org.junit.jupiter.engine.execution.InvocationInterceptorChain.proceed(InvocationInterceptorChain.java:64)
	at org.junit.jupiter.engine.execution.InvocationInterceptorChain.chainAndInvoke(InvocationInterceptorChain.java:45)
	at org.junit.jupiter.engine.execution.InvocationInterceptorChain.invoke(InvocationInterceptorChain.java:37)
	at org.junit.jupiter.engine.execution.ExecutableInvoker.invoke(ExecutableInvoker.java:104)
	at org.junit.jupiter.engine.execution.ExecutableInvoker.invoke(ExecutableInvoker.java:98)
	at org.junit.jupiter.engine.descriptor.TestMethodTestDescriptor.lambda$invokeTestMethod$6(TestMethodTestDescriptor.java:210)
	at org.junit.platform.engine.support.hierarchical.ThrowableCollector.execute(ThrowableCollector.java:73)
	at org.junit.jupiter.engine.descriptor.TestMethodTestDescriptor.invokeTestMethod(TestMethodTestDescriptor.java:206)
	at org.junit.jupiter.engine.descriptor.TestMethodTestDescriptor.execute(TestMethodTestDescriptor.java:131)
	at org.junit.jupiter.engine.descriptor.TestMethodTestDescriptor.execute(TestMethodTestDescriptor.java:65)
	at org.junit.platform.engine.support.hierarchical.NodeTestTask.lambda$executeRecursively$5(NodeTestTask.java:139)
	at org.junit.platform.engine.support.hierarchical.ThrowableCollector.execute(ThrowableCollector.java:73)
	at org.junit.platform.engine.support.hierarchical.NodeTestTask.lambda$executeRecursively$7(NodeTestTask.java:129)
	at org.junit.platform.engine.support.hierarchical.Node.around(Node.java:137)
	at org.junit.platform.engine.support.hierarchical.NodeTestTask.lambda$executeRecursively$8(NodeTestTask.java:127)
	at org.junit.platform.engine.support.hierarchical.ThrowableCollector.execute(ThrowableCollector.java:73)
	at org.junit.platform.engine.support.hierarchical.NodeTestTask.executeRecursively(NodeTestTask.java:126)
	at org.junit.platform.engine.support.hierarchical.NodeTestTask.execute(NodeTestTask.java:84)
	at java.util.ArrayList.forEach(ArrayList.java:1259)
	at org.junit.platform.engine.support.hierarchical.SameThreadHierarchicalTestExecutorService.invokeAll(SameThreadHierarchicalTestExecutorService.java:38)
	at org.junit.platform.engine.support.hierarchical.NodeTestTask.lambda$executeRecursively$5(NodeTestTask.java:143)
	at org.junit.platform.engine.support.hierarchical.ThrowableCollector.execute(ThrowableCollector.java:73)
	at org.junit.platform.engine.support.hierarchical.NodeTestTask.lambda$executeRecursively$7(NodeTestTask.java:129)
	at org.junit.platform.engine.support.hierarchical.Node.around(Node.java:137)
	at org.junit.platform.engine.support.hierarchical.NodeTestTask.lambda$executeRecursively$8(NodeTestTask.java:127)
	at org.junit.platform.engine.support.hierarchical.ThrowableCollector.execute(ThrowableCollector.java:73)
	at org.junit.platform.engine.support.hierarchical.NodeTestTask.executeRecursively(NodeTestTask.java:126)
	at org.junit.platform.engine.support.hierarchical.NodeTestTask.execute(NodeTestTask.java:84)
	at java.util.ArrayList.forEach(ArrayList.java:1259)
	at org.junit.platform.engine.support.hierarchical.SameThreadHierarchicalTestExecutorService.invokeAll(SameThreadHierarchicalTestExecutorService.java:38)
	at org.junit.platform.engine.support.hierarchical.NodeTestTask.lambda$executeRecursively$5(NodeTestTask.java:143)
	at org.junit.platform.engine.support.hierarchical.ThrowableCollector.execute(ThrowableCollector.java:73)
	at org.junit.platform.engine.support.hierarchical.NodeTestTask.lambda$executeRecursively$7(NodeTestTask.java:129)
	at org.junit.platform.engine.support.hierarchical.Node.around(Node.java:137)
	at org.junit.platform.engine.support.hierarchical.NodeTestTask.lambda$executeRecursively$8(NodeTestTask.java:127)
	at org.junit.platform.engine.support.hierarchical.ThrowableCollector.execute(ThrowableCollector.java:73)
	at org.junit.platform.engine.support.hierarchical.NodeTestTask.executeRecursively(NodeTestTask.java:126)
	at org.junit.platform.engine.support.hierarchical.NodeTestTask.execute(NodeTestTask.java:84)
	at org.junit.platform.engine.support.hierarchical.SameThreadHierarchicalTestExecutorService.submit(SameThreadHierarchicalTestExecutorService.java:32)
	at org.junit.platform.engine.support.hierarchical.HierarchicalTestExecutor.execute(HierarchicalTestExecutor.java:57)
	at org.junit.platform.engine.support.hierarchical.HierarchicalTestEngine.execute(HierarchicalTestEngine.java:51)
	at org.junit.platform.launcher.core.EngineExecutionOrchestrator.execute(EngineExecutionOrchestrator.java:108)
	at org.junit.platform.launcher.core.EngineExecutionOrchestrator.execute(EngineExecutionOrchestrator.java:88)
	at org.junit.platform.launcher.core.EngineExecutionOrchestrator.lambda$execute$0(EngineExecutionOrchestrator.java:54)
	at org.junit.platform.launcher.core.EngineExecutionOrchestrator.withInterceptedStreams(EngineExecutionOrchestrator.java:67)
	at org.junit.platform.launcher.core.EngineExecutionOrchestrator.execute(EngineExecutionOrchestrator.java:52)
	at org.junit.platform.launcher.core.DefaultLauncher.execute(DefaultLauncher.java:96)
	at org.junit.platform.launcher.core.DefaultLauncher.execute(DefaultLauncher.java:75)
	at org.apache.maven.surefire.junitplatform.JUnitPlatformProvider.invokeAllTests(JUnitPlatformProvider.java:142)
	at org.apache.maven.surefire.junitplatform.JUnitPlatformProvider.invoke(JUnitPlatformProvider.java:113)
	at org.apache.maven.surefire.booter.ForkedBooter.invokeProviderInSameClassLoader(ForkedBooter.java:384)
	at org.apache.maven.surefire.booter.ForkedBooter.runSuitesInProcess(ForkedBooter.java:345)
	at org.apache.maven.surefire.booter.ForkedBooter.execute(ForkedBooter.java:126)
	at org.apache.maven.surefire.booter.ForkedBooter.main(ForkedBooter.java:418)
</failure>
    <system-out><![CDATA[2021-05-31 14:16:09,721 [main] WARN  server.ServerUtils (ServerUtils.java:getScmDbDir(148)) - ozone.scm.db.dirs is not configured. We recommend adding this setting. Falling back to ozone.metadata.dirs instead.
2021-05-31 14:16:09,740 [main] INFO  ha.SCMHANodeDetails (SCMHANodeDetails.java:loadSCMHAConfig(149)) - ServiceID for StorageContainerManager is scm-service-test1
2021-05-31 14:16:09,741 [main] INFO  ha.SCMHANodeDetails (SCMHANodeDetails.java:loadSCMHAConfig(160)) - ServiceID for StorageContainerManager is scm-service-test1
2021-05-31 14:16:09,778 [main] WARN  scm.ScmUtils (ScmUtils.java:logWarn(179)) - ConfigKey ozone.scm.block.client.address is deprecated, For configuring different ports for each SCM use PortConfigKey ozone.scm.block.client.port appended with serviceId and nodeId. If want to configure same port configure ozone.scm.block.client.port
2021-05-31 14:16:09,779 [main] WARN  scm.ScmUtils (ScmUtils.java:logWarn(179)) - ConfigKey ozone.scm.client.address is deprecated, For configuring different ports for each SCM use PortConfigKey ozone.scm.client.port appended with serviceId and nodeId. If want to configure same port configure ozone.scm.client.port
2021-05-31 14:16:09,779 [main] WARN  scm.ScmUtils (ScmUtils.java:logWarn(179)) - ConfigKey ozone.scm.datanode.address is deprecated, For configuring different ports for each SCM use PortConfigKey ozone.scm.datanode.port appended with serviceId and nodeId. If want to configure same port configure ozone.scm.datanode.port
2021-05-31 14:16:09,781 [main] WARN  scm.ScmUtils (ScmUtils.java:logWarn(179)) - ConfigKey ozone.scm.block.client.address is deprecated, For configuring different ports for each SCM use PortConfigKey ozone.scm.block.client.port appended with serviceId and nodeId. If want to configure same port configure ozone.scm.block.client.port
2021-05-31 14:16:09,781 [main] WARN  scm.ScmUtils (ScmUtils.java:logWarn(179)) - ConfigKey ozone.scm.client.address is deprecated, For configuring different ports for each SCM use PortConfigKey ozone.scm.client.port appended with serviceId and nodeId. If want to configure same port configure ozone.scm.client.port
2021-05-31 14:16:09,781 [main] WARN  scm.ScmUtils (ScmUtils.java:logWarn(179)) - ConfigKey ozone.scm.datanode.address is deprecated, For configuring different ports for each SCM use PortConfigKey ozone.scm.datanode.port appended with serviceId and nodeId. If want to configure same port configure ozone.scm.datanode.port
2021-05-31 14:16:09,782 [main] INFO  ha.SCMHANodeDetails (SCMHANodeDetails.java:loadSCMHAConfig(242)) - Found matching SCM address with SCMServiceId: scm-service-test1, SCMNodeId: scmNode-1, RPC Address: localhost:14160 and Ratis port: 14160
2021-05-31 14:16:09,782 [main] INFO  ha.SCMHANodeDetails (ConfUtils.java:setNodeSpecificConfigs(105)) - Setting configuration key ozone.scm.datanode.address with value of key ozone.scm.datanode.address.scm-service-test1.scmNode-1: 127.0.0.1:14161
2021-05-31 14:16:09,782 [main] INFO  ha.SCMHANodeDetails (ConfUtils.java:setNodeSpecificConfigs(105)) - Setting configuration key ozone.scm.block.client.address with value of key ozone.scm.block.client.address.scm-service-test1.scmNode-1: 127.0.0.1:14162
2021-05-31 14:16:09,783 [main] INFO  ha.SCMHANodeDetails (ConfUtils.java:setNodeSpecificConfigs(105)) - Setting configuration key ozone.scm.client.address with value of key ozone.scm.client.address.scm-service-test1.scmNode-1: 127.0.0.1:14163
2021-05-31 14:16:09,783 [main] INFO  ha.SCMHANodeDetails (ConfUtils.java:setNodeSpecificConfigs(105)) - Setting configuration key ozone.scm.ratis.port with value of key ozone.scm.ratis.port.scm-service-test1.scmNode-1: 14160
2021-05-31 14:16:09,784 [main] INFO  ha.SCMHANodeDetails (ConfUtils.java:setNodeSpecificConfigs(105)) - Setting configuration key ozone.scm.grpc.port with value of key ozone.scm.grpc.port.scm-service-test1.scmNode-1: 14164
2021-05-31 14:16:09,784 [main] INFO  ha.SCMHANodeDetails (ConfUtils.java:setNodeSpecificConfigs(105)) - Setting configuration key ozone.scm.http-address with value of key ozone.scm.http-address.scm-service-test1.scmNode-1: 127.0.0.1:14158
2021-05-31 14:16:09,785 [main] INFO  ha.SCMHANodeDetails (ConfUtils.java:setNodeSpecificConfigs(105)) - Setting configuration key ozone.scm.https-address with value of key ozone.scm.https-address.scm-service-test1.scmNode-1: 127.0.0.1:14159
2021-05-31 14:16:09,785 [main] INFO  ha.SCMHANodeDetails (ConfUtils.java:setNodeSpecificConfigs(105)) - Setting configuration key ozone.scm.address with value of key ozone.scm.address.scm-service-test1.scmNode-1: 127.0.0.1
2021-05-31 14:16:09,785 [main] WARN  scm.ScmUtils (ScmUtils.java:logWarn(179)) - ConfigKey ozone.scm.block.client.address is deprecated, For configuring different ports for each SCM use PortConfigKey ozone.scm.block.client.port appended with serviceId and nodeId. If want to configure same port configure ozone.scm.block.client.port
2021-05-31 14:16:09,785 [main] WARN  scm.ScmUtils (ScmUtils.java:logWarn(179)) - ConfigKey ozone.scm.client.address is deprecated, For configuring different ports for each SCM use PortConfigKey ozone.scm.client.port appended with serviceId and nodeId. If want to configure same port configure ozone.scm.client.port
2021-05-31 14:16:09,786 [main] WARN  scm.ScmUtils (ScmUtils.java:logWarn(179)) - ConfigKey ozone.scm.datanode.address is deprecated, For configuring different ports for each SCM use PortConfigKey ozone.scm.datanode.port appended with serviceId and nodeId. If want to configure same port configure ozone.scm.datanode.port
2021-05-31 14:16:09,873 [main] INFO  server.RaftServer (ConfUtils.java:logGet(44)) - raft.rpc.type = GRPC (default)
2021-05-31 14:16:09,927 [main] INFO  grpc.GrpcFactory (GrpcFactory.java:checkPooledByteBufAllocatorUseCacheForAllThreads(48)) - PERFORMANCE WARNING: useCacheForAllThreads is true that may cause Netty to create a lot garbage objects and, as a result, trigger GC.
	It is recommended to disable useCacheForAllThreads by setting -Dorg.apache.ratis.thirdparty.io.netty.allocator.useCacheForAllThreads=false in command line.
2021-05-31 14:16:09,931 [main] INFO  grpc.GrpcConfigKeys (ConfUtils.java:logGet(44)) - raft.grpc.admin.port = -1 (default)
2021-05-31 14:16:09,932 [main] INFO  grpc.GrpcConfigKeys (ConfUtils.java:logGet(44)) - raft.grpc.server.port = 14160 (custom)
2021-05-31 14:16:09,933 [main] INFO  grpc.GrpcConfigKeys (ConfUtils.java:logGet(44)) - raft.grpc.client.port = -1 (default)
2021-05-31 14:16:09,933 [main] INFO  grpc.GrpcConfigKeys (ConfUtils.java:logGet(44)) - raft.grpc.server.port = 14160 (custom)
2021-05-31 14:16:09,933 [main] INFO  grpc.GrpcConfigKeys (ConfUtils.java:logGet(44)) - raft.grpc.server.port = 14160 (custom)
2021-05-31 14:16:09,934 [main] INFO  server.GrpcService (ConfUtils.java:logGet(44)) - raft.grpc.message.size.max = 32m (=33554432) (custom)
2021-05-31 14:16:09,935 [main] INFO  server.RaftServerConfigKeys (ConfUtils.java:logGet(44)) - raft.server.log.appender.buffer.byte-limit = 33554432 (custom)
2021-05-31 14:16:09,936 [main] INFO  server.GrpcService (ConfUtils.java:logGet(44)) - raft.grpc.flow.control.window = 1MB (=1048576) (default)
2021-05-31 14:16:09,937 [main] INFO  server.RaftServerConfigKeys (ConfUtils.java:logGet(44)) - raft.server.rpc.request.timeout = 3000ms (default)
2021-05-31 14:16:10,169 [main] INFO  impl.DataStreamServerImpl (ConfUtils.java:logGet(44)) - raft.datastream.type = DISABLED (default)
2021-05-31 14:16:10,172 [main] INFO  server.RaftServerConfigKeys (ConfUtils.java:logGet(44)) - raft.server.rpc.slowness.timeout = 120000ms (custom)
2021-05-31 14:16:10,173 [main] INFO  server.RaftServerConfigKeys (ConfUtils.java:logGet(44)) - raft.server.leaderelection.leader.step-down.wait-time = 10s (default)
2021-05-31 14:16:10,184 [main] INFO  server.RaftServerConfigKeys (ConfUtils.java:logGet(44)) - raft.server.storage.dir = [/home/runner/work/ozone/ozone/mnt/ozone/hadoop-ozone/integration-test/target/test-dir/MiniOzoneClusterImpl-54085720-bde5-45d4-8ce8-a7ad55ee2c31/scmNode-1/scm-ha] (custom)
2021-05-31 14:16:10,191 [main] INFO  server.RaftServer (RaftServerProxy.java:addNew(95)) - 86c596a3-6f32-42a0-9237-c69d9bdf2958: addNew group-A7AD55EE2C31:[86c596a3-6f32-42a0-9237-c69d9bdf2958|rpc:localhost:14160|priority:0] returns group-A7AD55EE2C31:java.util.concurrent.CompletableFuture@72be135f[Not completed]
2021-05-31 14:16:10,210 [pool-1-thread-1] INFO  server.RaftServer$Division (RaftServerImpl.java:<init>(180)) - 86c596a3-6f32-42a0-9237-c69d9bdf2958: new RaftServerImpl for group-A7AD55EE2C31:[86c596a3-6f32-42a0-9237-c69d9bdf2958|rpc:localhost:14160|priority:0] with SCMStateMachine:uninitialized
2021-05-31 14:16:10,211 [pool-1-thread-1] INFO  server.RaftServerConfigKeys (ConfUtils.java:logGet(44)) - raft.server.rpc.timeout.min = 5000ms (custom)
2021-05-31 14:16:10,211 [pool-1-thread-1] INFO  server.RaftServerConfigKeys (ConfUtils.java:logGet(44)) - raft.server.rpc.timeout.max = 5200ms (custom)
2021-05-31 14:16:10,212 [pool-1-thread-1] INFO  server.RaftServerConfigKeys (ConfUtils.java:logGet(44)) - raft.server.rpc.sleep.time = 25ms (default)
2021-05-31 14:16:10,212 [pool-1-thread-1] INFO  server.RaftServerConfigKeys (ConfUtils.java:logGet(44)) - raft.server.rpc.slowness.timeout = 120000ms (custom)
2021-05-31 14:16:10,212 [pool-1-thread-1] INFO  server.RaftServerConfigKeys (ConfUtils.java:logGet(44)) - raft.server.leaderelection.leader.step-down.wait-time = 10s (default)
2021-05-31 14:16:10,212 [pool-1-thread-1] INFO  server.RaftServerConfigKeys (ConfUtils.java:logGet(44)) - raft.server.sleep.deviation.threshold = 300ms (default)
2021-05-31 14:16:10,213 [pool-1-thread-1] INFO  server.RaftServerConfigKeys (ConfUtils.java:logGet(44)) - raft.server.log.appender.install.snapshot.enabled = false (custom)
2021-05-31 14:16:10,217 [pool-1-thread-1] INFO  server.RaftServer$Division (ServerState.java:<init>(105)) - 86c596a3-6f32-42a0-9237-c69d9bdf2958@group-A7AD55EE2C31: ConfigurationManager, init=-1: [86c596a3-6f32-42a0-9237-c69d9bdf2958|rpc:localhost:14160|priority:0], old=null, confs=<EMPTY_MAP>
2021-05-31 14:16:10,217 [pool-1-thread-1] INFO  server.RaftServerConfigKeys (ConfUtils.java:logGet(44)) - raft.server.storage.dir = [/home/runner/work/ozone/ozone/mnt/ozone/hadoop-ozone/integration-test/target/test-dir/MiniOzoneClusterImpl-54085720-bde5-45d4-8ce8-a7ad55ee2c31/scmNode-1/scm-ha] (custom)
2021-05-31 14:16:10,221 [pool-1-thread-1] INFO  server.RaftServerConfigKeys (ConfUtils.java:logGet(44)) - raft.server.log.corruption.policy = EXCEPTION (default)
2021-05-31 14:16:10,222 [pool-1-thread-1] INFO  storage.RaftStorageDirectory (RaftStorageDirectoryImpl.java:analyzeStorage(132)) - The storage directory /home/runner/work/ozone/ozone/mnt/ozone/hadoop-ozone/integration-test/target/test-dir/MiniOzoneClusterImpl-54085720-bde5-45d4-8ce8-a7ad55ee2c31/scmNode-1/scm-ha/54085720-bde5-45d4-8ce8-a7ad55ee2c31 does not exist. Creating ...
2021-05-31 14:16:10,226 [pool-1-thread-1] INFO  storage.RaftStorageDirectory (RaftStorageDirectoryImpl.java:tryLock(215)) - Lock on /home/runner/work/ozone/ozone/mnt/ozone/hadoop-ozone/integration-test/target/test-dir/MiniOzoneClusterImpl-54085720-bde5-45d4-8ce8-a7ad55ee2c31/scmNode-1/scm-ha/54085720-bde5-45d4-8ce8-a7ad55ee2c31/in_use.lock acquired by nodename 5470@fv-az148-586
2021-05-31 14:16:10,235 [pool-1-thread-1] INFO  storage.RaftStorage (RaftStorageImpl.java:format(87)) - Storage directory /home/runner/work/ozone/ozone/mnt/ozone/hadoop-ozone/integration-test/target/test-dir/MiniOzoneClusterImpl-54085720-bde5-45d4-8ce8-a7ad55ee2c31/scmNode-1/scm-ha/54085720-bde5-45d4-8ce8-a7ad55ee2c31 has been successfully formatted.
2021-05-31 14:16:10,241 [pool-1-thread-1] INFO  server.RaftServerConfigKeys (ConfUtils.java:logGet(44)) - raft.server.notification.no-leader.timeout = 60s (default)
2021-05-31 14:16:10,246 [pool-1-thread-1] INFO  server.RaftServerConfigKeys (ConfUtils.java:logGet(44)) - raft.server.log.use.memory = false (default)
2021-05-31 14:16:10,257 [pool-1-thread-1] INFO  server.RaftServerConfigKeys (ConfUtils.java:logGet(44)) - raft.server.log.purge.gap = 5 (custom)
2021-05-31 14:16:10,257 [pool-1-thread-1] INFO  server.RaftServerConfigKeys (ConfUtils.java:logGet(44)) - raft.server.log.appender.buffer.byte-limit = 33554432 (custom)
2021-05-31 14:16:10,264 [pool-1-thread-1] INFO  metrics.MetricRegistries (MetricRegistriesLoader.java:load(64)) - Loaded MetricRegistries class org.apache.ratis.metrics.impl.MetricRegistriesImpl
2021-05-31 14:16:10,265 [pool-1-thread-1] INFO  metrics.RatisMetrics (RatisMetrics.java:lambda$create$0(36)) - Creating Metrics Registry : ratis.log_worker.86c596a3-6f32-42a0-9237-c69d9bdf2958@group-A7AD55EE2C31
2021-05-31 14:16:10,266 [pool-1-thread-1] WARN  impl.MetricRegistriesImpl (MetricRegistriesImpl.java:lambda$create$1(65)) - First MetricRegistry has been created without registering reporters. You may need to call MetricRegistries.global().addReporterRegistration(...) before.
2021-05-31 14:16:10,269 [pool-1-thread-1] INFO  server.RaftServerConfigKeys (ConfUtils.java:logGet(44)) - raft.server.log.segment.size.max = 16384 (custom)
2021-05-31 14:16:10,275 [pool-1-thread-1] INFO  server.RaftServerConfigKeys (ConfUtils.java:logGet(44)) - raft.server.log.segment.cache.num.max = 2 (custom)
2021-05-31 14:16:10,275 [pool-1-thread-1] INFO  server.RaftServerConfigKeys (ConfUtils.java:logGet(44)) - raft.server.log.segment.cache.size.max = 200MB (=209715200) (default)
2021-05-31 14:16:10,280 [pool-1-thread-1] INFO  segmented.SegmentedRaftLogWorker (SegmentedRaftLogWorker.java:<init>(182)) - new 86c596a3-6f32-42a0-9237-c69d9bdf2958@group-A7AD55EE2C31-SegmentedRaftLogWorker for RaftStorageImpl:Storage Directory /home/runner/work/ozone/ozone/mnt/ozone/hadoop-ozone/integration-test/target/test-dir/MiniOzoneClusterImpl-54085720-bde5-45d4-8ce8-a7ad55ee2c31/scmNode-1/scm-ha/54085720-bde5-45d4-8ce8-a7ad55ee2c31
2021-05-31 14:16:10,281 [pool-1-thread-1] INFO  server.RaftServerConfigKeys (ConfUtils.java:logGet(44)) - raft.server.log.queue.byte-limit = 64MB (=67108864) (default)
2021-05-31 14:16:10,282 [pool-1-thread-1] INFO  server.RaftServerConfigKeys (ConfUtils.java:logGet(44)) - raft.server.log.queue.element-limit = 4096 (default)
2021-05-31 14:16:10,283 [pool-1-thread-1] INFO  server.RaftServerConfigKeys (ConfUtils.java:logGet(44)) - raft.server.log.segment.size.max = 16384 (custom)
2021-05-31 14:16:10,283 [pool-1-thread-1] INFO  server.RaftServerConfigKeys (ConfUtils.java:logGet(44)) - raft.server.log.preallocated.size = 16384 (custom)
2021-05-31 14:16:10,284 [pool-1-thread-1] INFO  server.RaftServerConfigKeys (ConfUtils.java:logGet(44)) - raft.server.log.force.sync.num = 128 (default)
2021-05-31 14:16:10,285 [pool-1-thread-1] INFO  server.RaftServerConfigKeys (ConfUtils.java:logGet(44)) - raft.server.log.statemachine.data.sync = true (default)
2021-05-31 14:16:10,285 [pool-1-thread-1] INFO  server.RaftServerConfigKeys (ConfUtils.java:logGet(44)) - raft.server.log.statemachine.data.sync.timeout = 10s (default)
2021-05-31 14:16:10,286 [pool-1-thread-1] INFO  server.RaftServerConfigKeys (ConfUtils.java:logGet(44)) - raft.server.log.statemachine.data.sync.timeout.retry = -1 (default)
2021-05-31 14:16:10,292 [pool-1-thread-1] INFO  server.RaftServerConfigKeys (ConfUtils.java:logGet(44)) - raft.server.log.write.buffer.size = 64KB (=65536) (default)
2021-05-31 14:16:10,293 [pool-1-thread-1] INFO  server.RaftServerConfigKeys (ConfUtils.java:logGet(44)) - raft.server.log.statemachine.data.caching.enabled = false (default)
2021-05-31 14:16:10,299 [pool-1-thread-1] INFO  segmented.SegmentedRaftLogWorker (SegmentedRaftLogWorker.java:lambda$new$0(133)) - 86c596a3-6f32-42a0-9237-c69d9bdf2958@group-A7AD55EE2C31-SegmentedRaftLogWorker: flushIndex: setUnconditionally 0 -> -1
2021-05-31 14:16:10,299 [pool-1-thread-1] INFO  segmented.SegmentedRaftLogWorker (SegmentedRaftLogWorker.java:lambda$new$0(133)) - 86c596a3-6f32-42a0-9237-c69d9bdf2958@group-A7AD55EE2C31-SegmentedRaftLogWorker: safeCacheEvictIndex: setUnconditionally 0 -> -1
2021-05-31 14:16:10,303 [pool-1-thread-1] INFO  server.RaftServerConfigKeys (ConfUtils.java:logGet(44)) - raft.server.snapshot.auto.trigger.enabled = true (custom)
2021-05-31 14:16:10,304 [pool-1-thread-1] INFO  server.RaftServerConfigKeys (ConfUtils.java:logGet(44)) - raft.server.snapshot.auto.trigger.threshold = 5 (custom)
2021-05-31 14:16:10,305 [pool-1-thread-1] INFO  server.RaftServerConfigKeys (ConfUtils.java:logGet(44)) - raft.server.snapshot.retention.file.num = -1 (default)
2021-05-31 14:16:10,306 [pool-1-thread-1] INFO  server.RaftServerConfigKeys (ConfUtils.java:logGet(44)) - raft.server.log.purge.upto.snapshot.index = true (custom)
2021-05-31 14:16:10,307 [pool-1-thread-1] INFO  server.RaftServerConfigKeys (ConfUtils.java:logGet(44)) - raft.server.retrycache.expirytime = 60000ms (default)
2021-05-31 14:16:10,307 [pool-1-thread-1] INFO  server.RaftServerConfigKeys (ConfUtils.java:logGet(44)) - raft.server.retrycache.statistics.expirytime = 100μs (default)
2021-05-31 14:16:10,327 [pool-1-thread-1] INFO  metrics.RatisMetrics (RatisMetrics.java:lambda$create$0(36)) - Creating Metrics Registry : ratis.leader_election.86c596a3-6f32-42a0-9237-c69d9bdf2958@group-A7AD55EE2C31
2021-05-31 14:16:10,327 [pool-1-thread-1] WARN  impl.MetricRegistriesImpl (MetricRegistriesImpl.java:lambda$create$1(65)) - First MetricRegistry has been created without registering reporters. You may need to call MetricRegistries.global().addReporterRegistration(...) before.
2021-05-31 14:16:10,333 [pool-1-thread-1] INFO  metrics.RatisMetrics (RatisMetrics.java:lambda$create$0(36)) - Creating Metrics Registry : ratis.server.86c596a3-6f32-42a0-9237-c69d9bdf2958@group-A7AD55EE2C31
2021-05-31 14:16:10,333 [pool-1-thread-1] WARN  impl.MetricRegistriesImpl (MetricRegistriesImpl.java:lambda$create$1(65)) - First MetricRegistry has been created without registering reporters. You may need to call MetricRegistries.global().addReporterRegistration(...) before.
2021-05-31 14:16:10,339 [main] INFO  server.RaftServer$Division (RaftServerImpl.java:start(295)) - 86c596a3-6f32-42a0-9237-c69d9bdf2958@group-A7AD55EE2C31: start as a follower, conf=-1: [86c596a3-6f32-42a0-9237-c69d9bdf2958|rpc:localhost:14160|priority:0], old=null
2021-05-31 14:16:10,340 [main] INFO  server.RaftServer$Division (RaftServerImpl.java:setRole(284)) - 86c596a3-6f32-42a0-9237-c69d9bdf2958@group-A7AD55EE2C31: changes role from      null to FOLLOWER at term 0 for startAsFollower
2021-05-31 14:16:10,341 [main] INFO  impl.RoleInfo (RoleInfo.java:updateAndGet(130)) - 86c596a3-6f32-42a0-9237-c69d9bdf2958: start 86c596a3-6f32-42a0-9237-c69d9bdf2958@group-A7AD55EE2C31-FollowerState
2021-05-31 14:16:10,387 [main] INFO  util.JmxRegister (JmxRegister.java:tryRegister(44)) - Successfully registered JMX Bean with object name Ratis:service=RaftServer,group=group-A7AD55EE2C31,id=86c596a3-6f32-42a0-9237-c69d9bdf2958
2021-05-31 14:16:10,389 [main] INFO  metrics.RatisMetrics (RatisMetrics.java:lambda$create$0(36)) - Creating Metrics Registry : ratis.state_machine.86c596a3-6f32-42a0-9237-c69d9bdf2958@group-A7AD55EE2C31
2021-05-31 14:16:10,389 [main] WARN  impl.MetricRegistriesImpl (MetricRegistriesImpl.java:lambda$create$1(65)) - First MetricRegistry has been created without registering reporters. You may need to call MetricRegistries.global().addReporterRegistration(...) before.
2021-05-31 14:16:10,390 [main] INFO  server.RaftServer (RaftServerProxy.java:lambda$start$5(374)) - 86c596a3-6f32-42a0-9237-c69d9bdf2958: start RPC server
2021-05-31 14:16:10,427 [main] INFO  server.GrpcService (GrpcService.java:startImpl(253)) - 86c596a3-6f32-42a0-9237-c69d9bdf2958: GrpcService started, listening on 14160
2021-05-31 14:16:10,432 [org.apache.ratis.util.JvmPauseMonitor$$Lambda$493/1767532961@4b1abd11] INFO  util.JvmPauseMonitor (JvmPauseMonitor.java:run(103)) - JvmPauseMonitor-86c596a3-6f32-42a0-9237-c69d9bdf2958: Started
2021-05-31 14:16:15,519 [86c596a3-6f32-42a0-9237-c69d9bdf2958@group-A7AD55EE2C31-FollowerState] INFO  impl.FollowerState (FollowerState.java:run(134)) - 86c596a3-6f32-42a0-9237-c69d9bdf2958@group-A7AD55EE2C31-FollowerState: change to CANDIDATE, lastRpcElapsedTime:5177710831ns, electionTimeout:5168ms
2021-05-31 14:16:15,519 [86c596a3-6f32-42a0-9237-c69d9bdf2958@group-A7AD55EE2C31-FollowerState] INFO  impl.RoleInfo (RoleInfo.java:shutdownFollowerState(108)) - 86c596a3-6f32-42a0-9237-c69d9bdf2958: shutdown 86c596a3-6f32-42a0-9237-c69d9bdf2958@group-A7AD55EE2C31-FollowerState
2021-05-31 14:16:15,520 [86c596a3-6f32-42a0-9237-c69d9bdf2958@group-A7AD55EE2C31-FollowerState] INFO  server.RaftServer$Division (RaftServerImpl.java:setRole(284)) - 86c596a3-6f32-42a0-9237-c69d9bdf2958@group-A7AD55EE2C31: changes role from  FOLLOWER to CANDIDATE at term 0 for changeToCandidate
2021-05-31 14:16:15,524 [86c596a3-6f32-42a0-9237-c69d9bdf2958@group-A7AD55EE2C31-FollowerState] INFO  server.RaftServerConfigKeys (ConfUtils.java:logGet(44)) - raft.server.leaderelection.pre-vote = false (custom)
2021-05-31 14:16:15,529 [86c596a3-6f32-42a0-9237-c69d9bdf2958@group-A7AD55EE2C31-FollowerState] INFO  impl.RoleInfo (RoleInfo.java:updateAndGet(130)) - 86c596a3-6f32-42a0-9237-c69d9bdf2958: start 86c596a3-6f32-42a0-9237-c69d9bdf2958@group-A7AD55EE2C31-LeaderElection1
2021-05-31 14:16:15,533 [86c596a3-6f32-42a0-9237-c69d9bdf2958@group-A7AD55EE2C31-LeaderElection1] INFO  impl.LeaderElection (LeaderElection.java:askForVotes(306)) - 86c596a3-6f32-42a0-9237-c69d9bdf2958@group-A7AD55EE2C31-LeaderElection1 ELECTION round 0: submit vote requests at term 1 for -1: [86c596a3-6f32-42a0-9237-c69d9bdf2958|rpc:localhost:14160|priority:0], old=null
2021-05-31 14:16:15,536 [86c596a3-6f32-42a0-9237-c69d9bdf2958@group-A7AD55EE2C31-LeaderElection1] INFO  impl.LeaderElection (LeaderElection.java:askForVotes(308)) - 86c596a3-6f32-42a0-9237-c69d9bdf2958@group-A7AD55EE2C31-LeaderElection1 ELECTION round 0: result PASSED (term=1)
2021-05-31 14:16:15,537 [86c596a3-6f32-42a0-9237-c69d9bdf2958@group-A7AD55EE2C31-LeaderElection1] INFO  impl.RoleInfo (RoleInfo.java:shutdownLeaderElection(121)) - 86c596a3-6f32-42a0-9237-c69d9bdf2958: shutdown 86c596a3-6f32-42a0-9237-c69d9bdf2958@group-A7AD55EE2C31-LeaderElection1
2021-05-31 14:16:15,538 [86c596a3-6f32-42a0-9237-c69d9bdf2958@group-A7AD55EE2C31-LeaderElection1] INFO  server.RaftServer$Division (RaftServerImpl.java:setRole(284)) - 86c596a3-6f32-42a0-9237-c69d9bdf2958@group-A7AD55EE2C31: changes role from CANDIDATE to LEADER at term 1 for changeToLeader
2021-05-31 14:16:15,538 [86c596a3-6f32-42a0-9237-c69d9bdf2958@group-A7AD55EE2C31-LeaderElection1] INFO  server.RaftServer$Division (ServerState.java:setLeader(271)) - 86c596a3-6f32-42a0-9237-c69d9bdf2958@group-A7AD55EE2C31: change Leader from null to 86c596a3-6f32-42a0-9237-c69d9bdf2958 at term 1 for becomeLeader, leader elected after 5297ms
2021-05-31 14:16:15,545 [86c596a3-6f32-42a0-9237-c69d9bdf2958@group-A7AD55EE2C31-LeaderElection1] INFO  server.RaftServerConfigKeys (ConfUtils.java:logGet(44)) - raft.server.staging.catchup.gap = 1000 (default)
2021-05-31 14:16:15,548 [86c596a3-6f32-42a0-9237-c69d9bdf2958@group-A7AD55EE2C31-LeaderElection1] INFO  metrics.RatisMetrics (RatisMetrics.java:lambda$create$0(36)) - Creating Metrics Registry : ratis.log_appender.86c596a3-6f32-42a0-9237-c69d9bdf2958@group-A7AD55EE2C31
2021-05-31 14:16:15,548 [86c596a3-6f32-42a0-9237-c69d9bdf2958@group-A7AD55EE2C31-LeaderElection1] WARN  impl.MetricRegistriesImpl (MetricRegistriesImpl.java:lambda$create$1(65)) - First MetricRegistry has been created without registering reporters. You may need to call MetricRegistries.global().addReporterRegistration(...) before.
2021-05-31 14:16:15,555 [86c596a3-6f32-42a0-9237-c69d9bdf2958@group-A7AD55EE2C31-LeaderElection1] INFO  server.RaftServerConfigKeys (ConfUtils.java:logGet(44)) - raft.server.write.element-limit = 4096 (default)
2021-05-31 14:16:15,557 [86c596a3-6f32-42a0-9237-c69d9bdf2958@group-A7AD55EE2C31-LeaderElection1] INFO  server.RaftServerConfigKeys (ConfUtils.java:logGet(44)) - raft.server.write.byte-limit = 64MB (=67108864) (default)
2021-05-31 14:16:15,563 [86c596a3-6f32-42a0-9237-c69d9bdf2958@group-A7AD55EE2C31-LeaderElection1] INFO  server.RaftServerConfigKeys (ConfUtils.java:logGet(44)) - raft.server.watch.timeout = 10s (default)
2021-05-31 14:16:15,563 [86c596a3-6f32-42a0-9237-c69d9bdf2958@group-A7AD55EE2C31-LeaderElection1] INFO  server.RaftServerConfigKeys (ConfUtils.java:logGet(44)) - raft.server.watch.timeout.denomination = 1s (default)
2021-05-31 14:16:15,564 [86c596a3-6f32-42a0-9237-c69d9bdf2958@group-A7AD55EE2C31-LeaderElection1] INFO  server.RaftServerConfigKeys (ConfUtils.java:logGet(44)) - raft.server.watch.element-limit = 65536 (default)
2021-05-31 14:16:15,571 [86c596a3-6f32-42a0-9237-c69d9bdf2958@group-A7AD55EE2C31-LeaderElection1] INFO  impl.RoleInfo (RoleInfo.java:updateAndGet(130)) - 86c596a3-6f32-42a0-9237-c69d9bdf2958: start 86c596a3-6f32-42a0-9237-c69d9bdf2958@group-A7AD55EE2C31-LeaderStateImpl
2021-05-31 14:16:15,592 [86c596a3-6f32-42a0-9237-c69d9bdf2958@group-A7AD55EE2C31-LeaderElection1] INFO  segmented.SegmentedRaftLogWorker (SegmentedRaftLogWorker.java:startLogSegment(394)) - 86c596a3-6f32-42a0-9237-c69d9bdf2958@group-A7AD55EE2C31-SegmentedRaftLogWorker: Starting segment from index:0
2021-05-31 14:16:15,629 [86c596a3-6f32-42a0-9237-c69d9bdf2958@group-A7AD55EE2C31-LeaderElection1] INFO  server.RaftServer$Division (ServerState.java:setRaftConf(373)) - 86c596a3-6f32-42a0-9237-c69d9bdf2958@group-A7AD55EE2C31: set configuration 0: [86c596a3-6f32-42a0-9237-c69d9bdf2958|rpc:localhost:14160|admin:|client:|dataStream:|priority:0], old=null
2021-05-31 14:16:15,677 [86c596a3-6f32-42a0-9237-c69d9bdf2958@group-A7AD55EE2C31-SegmentedRaftLogWorker] INFO  segmented.SegmentedRaftLogWorker (SegmentedRaftLogWorker.java:execute(601)) - 86c596a3-6f32-42a0-9237-c69d9bdf2958@group-A7AD55EE2C31-SegmentedRaftLogWorker: created new log segment /home/runner/work/ozone/ozone/mnt/ozone/hadoop-ozone/integration-test/target/test-dir/MiniOzoneClusterImpl-54085720-bde5-45d4-8ce8-a7ad55ee2c31/scmNode-1/scm-ha/54085720-bde5-45d4-8ce8-a7ad55ee2c31/current/log_inprogress_0
2021-05-31 14:16:16,434 [main] INFO  server.RaftServer (RaftServerProxy.java:lambda$close$6(391)) - 86c596a3-6f32-42a0-9237-c69d9bdf2958: close
2021-05-31 14:16:16,435 [main] INFO  server.RaftServer$Division (RaftServerImpl.java:lambda$close$4(406)) - 86c596a3-6f32-42a0-9237-c69d9bdf2958@group-A7AD55EE2C31: shutdown
2021-05-31 14:16:16,436 [main] INFO  util.JmxRegister (JmxRegister.java:unregister(73)) - Successfully un-registered JMX Bean with object name Ratis:service=RaftServer,group=group-A7AD55EE2C31,id=86c596a3-6f32-42a0-9237-c69d9bdf2958
2021-05-31 14:16:16,436 [main] INFO  impl.RoleInfo (RoleInfo.java:shutdownLeaderState(91)) - 86c596a3-6f32-42a0-9237-c69d9bdf2958: shutdown 86c596a3-6f32-42a0-9237-c69d9bdf2958@group-A7AD55EE2C31-LeaderStateImpl
2021-05-31 14:16:16,442 [main] INFO  impl.PendingRequests (PendingRequests.java:sendNotLeaderResponses(249)) - 86c596a3-6f32-42a0-9237-c69d9bdf2958@group-A7AD55EE2C31-PendingRequests: sendNotLeaderResponses
2021-05-31 14:16:16,443 [main] INFO  metrics.RatisMetrics (RatisMetrics.java:unregister(43)) - Unregistering Metrics Registry : ratis.log_appender.86c596a3-6f32-42a0-9237-c69d9bdf2958@group-A7AD55EE2C31
2021-05-31 14:16:16,444 [main] INFO  metrics.RatisMetrics (RatisMetrics.java:unregister(43)) - Unregistering Metrics Registry : ratis.server.86c596a3-6f32-42a0-9237-c69d9bdf2958@group-A7AD55EE2C31
2021-05-31 14:16:16,445 [86c596a3-6f32-42a0-9237-c69d9bdf2958@group-A7AD55EE2C31-StateMachineUpdater] INFO  impl.StateMachineUpdater (StateMachineUpdater.java:takeSnapshot(281)) - 86c596a3-6f32-42a0-9237-c69d9bdf2958@group-A7AD55EE2C31-StateMachineUpdater: Took a snapshot at index 0
2021-05-31 14:16:16,445 [86c596a3-6f32-42a0-9237-c69d9bdf2958@group-A7AD55EE2C31-StateMachineUpdater] INFO  impl.StateMachineUpdater (StateMachineUpdater.java:lambda$new$0(89)) - 86c596a3-6f32-42a0-9237-c69d9bdf2958@group-A7AD55EE2C31-StateMachineUpdater: snapshotIndex: updateIncreasingly -1 -> 0
2021-05-31 14:16:16,445 [86c596a3-6f32-42a0-9237-c69d9bdf2958@group-A7AD55EE2C31-StateMachineUpdater] INFO  metrics.RatisMetrics (RatisMetrics.java:unregister(43)) - Unregistering Metrics Registry : ratis.state_machine.86c596a3-6f32-42a0-9237-c69d9bdf2958@group-A7AD55EE2C31
2021-05-31 14:16:16,445 [main] INFO  impl.StateMachineUpdater (StateMachineUpdater.java:stopAndJoin(149)) - 86c596a3-6f32-42a0-9237-c69d9bdf2958@group-A7AD55EE2C31-StateMachineUpdater: set stopIndex = 0
2021-05-31 14:16:16,445 [main] INFO  server.RaftServer$Division (ServerState.java:close(405)) - 86c596a3-6f32-42a0-9237-c69d9bdf2958@group-A7AD55EE2C31: closes. applyIndex: 0
2021-05-31 14:16:16,447 [86c596a3-6f32-42a0-9237-c69d9bdf2958@group-A7AD55EE2C31-SegmentedRaftLogWorker] INFO  segmented.SegmentedRaftLogWorker (SegmentedRaftLogWorker.java:run(327)) - 86c596a3-6f32-42a0-9237-c69d9bdf2958@group-A7AD55EE2C31-SegmentedRaftLogWorker was interrupted, exiting. There are 0 tasks remaining in the queue.
2021-05-31 14:16:16,448 [main] INFO  segmented.SegmentedRaftLogWorker (SegmentedRaftLogWorker.java:close(237)) - 86c596a3-6f32-42a0-9237-c69d9bdf2958@group-A7AD55EE2C31-SegmentedRaftLogWorker close()
2021-05-31 14:16:16,448 [main] INFO  metrics.RatisMetrics (RatisMetrics.java:unregister(43)) - Unregistering Metrics Registry : ratis.log_worker.86c596a3-6f32-42a0-9237-c69d9bdf2958@group-A7AD55EE2C31
2021-05-31 14:16:16,448 [main] INFO  metrics.RatisMetrics (RatisMetrics.java:unregister(43)) - Unregistering Metrics Registry : ratis.leader_election.86c596a3-6f32-42a0-9237-c69d9bdf2958@group-A7AD55EE2C31
2021-05-31 14:16:16,449 [main] INFO  metrics.RatisMetrics (RatisMetrics.java:unregister(43)) - Unregistering Metrics Registry : ratis.server.86c596a3-6f32-42a0-9237-c69d9bdf2958@group-A7AD55EE2C31
2021-05-31 14:16:16,449 [main] INFO  server.GrpcService (GrpcService.java:closeImpl(262)) - 86c596a3-6f32-42a0-9237-c69d9bdf2958: shutdown server with port 14160 now
2021-05-31 14:16:16,454 [main] INFO  server.GrpcService (GrpcService.java:closeImpl(271)) - 86c596a3-6f32-42a0-9237-c69d9bdf2958: shutdown server with port 14160 successfully
2021-05-31 14:16:16,455 [org.apache.ratis.util.JvmPauseMonitor$$Lambda$493/1767532961@4b1abd11] INFO  util.JvmPauseMonitor (JvmPauseMonitor.java:run(109)) - JvmPauseMonitor-86c596a3-6f32-42a0-9237-c69d9bdf2958: Stopped
2021-05-31 14:16:16,455 [main] WARN  server.ServerUtils (ServerUtils.java:getScmDbDir(148)) - ozone.scm.db.dirs is not configured. We recommend adding this setting. Falling back to ozone.metadata.dirs instead.
2021-05-31 14:16:16,457 [main] INFO  server.StorageContainerManager (StorageContainerManager.java:scmInit(980)) - SCM initialization succeeded. Current cluster id for sd=/home/runner/work/ozone/ozone/mnt/ozone/hadoop-ozone/integration-test/target/test-dir/MiniOzoneClusterImpl-54085720-bde5-45d4-8ce8-a7ad55ee2c31/scmNode-1/scm; cid=54085720-bde5-45d4-8ce8-a7ad55ee2c31; layoutVersion=0; scmId=86c596a3-6f32-42a0-9237-c69d9bdf2958
2021-05-31 14:16:16,464 [main] INFO  ha.SCMHANodeDetails (SCMHANodeDetails.java:loadSCMHAConfig(149)) - ServiceID for StorageContainerManager is scm-service-test1
2021-05-31 14:16:16,465 [main] INFO  ha.SCMHANodeDetails (SCMHANodeDetails.java:loadSCMHAConfig(160)) - ServiceID for StorageContainerManager is scm-service-test1
2021-05-31 14:16:16,465 [main] WARN  scm.ScmUtils (ScmUtils.java:logWarn(179)) - ConfigKey ozone.scm.block.client.address is deprecated, For configuring different ports for each SCM use PortConfigKey ozone.scm.block.client.port appended with serviceId and nodeId. If want to configure same port configure ozone.scm.block.client.port
2021-05-31 14:16:16,465 [main] WARN  scm.ScmUtils (ScmUtils.java:logWarn(179)) - ConfigKey ozone.scm.client.address is deprecated, For configuring different ports for each SCM use PortConfigKey ozone.scm.client.port appended with serviceId and nodeId. If want to configure same port configure ozone.scm.client.port
2021-05-31 14:16:16,465 [main] WARN  scm.ScmUtils (ScmUtils.java:logWarn(179)) - ConfigKey ozone.scm.datanode.address is deprecated, For configuring different ports for each SCM use PortConfigKey ozone.scm.datanode.port appended with serviceId and nodeId. If want to configure same port configure ozone.scm.datanode.port
2021-05-31 14:16:16,466 [main] WARN  scm.ScmUtils (ScmUtils.java:logWarn(179)) - ConfigKey ozone.scm.block.client.address is deprecated, For configuring different ports for each SCM use PortConfigKey ozone.scm.block.client.port appended with serviceId and nodeId. If want to configure same port configure ozone.scm.block.client.port
2021-05-31 14:16:16,466 [main] WARN  scm.ScmUtils (ScmUtils.java:logWarn(179)) - ConfigKey ozone.scm.client.address is deprecated, For configuring different ports for each SCM use PortConfigKey ozone.scm.client.port appended with serviceId and nodeId. If want to configure same port configure ozone.scm.client.port
2021-05-31 14:16:16,466 [main] WARN  scm.ScmUtils (ScmUtils.java:logWarn(179)) - ConfigKey ozone.scm.datanode.address is deprecated, For configuring different ports for each SCM use PortConfigKey ozone.scm.datanode.port appended with serviceId and nodeId. If want to configure same port configure ozone.scm.datanode.port
2021-05-31 14:16:16,466 [main] INFO  ha.SCMHANodeDetails (SCMHANodeDetails.java:loadSCMHAConfig(242)) - Found matching SCM address with SCMServiceId: scm-service-test1, SCMNodeId: scmNode-1, RPC Address: localhost:14160 and Ratis port: 14160
2021-05-31 14:16:16,466 [main] INFO  ha.SCMHANodeDetails (ConfUtils.java:setNodeSpecificConfigs(105)) - Setting configuration key ozone.scm.datanode.address with value of key ozone.scm.datanode.address.scm-service-test1.scmNode-1: 127.0.0.1:14161
2021-05-31 14:16:16,467 [main] INFO  ha.SCMHANodeDetails (ConfUtils.java:setNodeSpecificConfigs(105)) - Setting configuration key ozone.scm.block.client.address with value of key ozone.scm.block.client.address.scm-service-test1.scmNode-1: 127.0.0.1:14162
2021-05-31 14:16:16,467 [main] INFO  ha.SCMHANodeDetails (ConfUtils.java:setNodeSpecificConfigs(105)) - Setting configuration key ozone.scm.client.address with value of key ozone.scm.client.address.scm-service-test1.scmNode-1: 127.0.0.1:14163
2021-05-31 14:16:16,467 [main] INFO  ha.SCMHANodeDetails (ConfUtils.java:setNodeSpecificConfigs(105)) - Setting configuration key ozone.scm.ratis.port with value of key ozone.scm.ratis.port.scm-service-test1.scmNode-1: 14160
2021-05-31 14:16:16,467 [main] INFO  ha.SCMHANodeDetails (ConfUtils.java:setNodeSpecificConfigs(105)) - Setting configuration key ozone.scm.grpc.port with value of key ozone.scm.grpc.port.scm-service-test1.scmNode-1: 14164
2021-05-31 14:16:16,467 [main] INFO  ha.SCMHANodeDetails (ConfUtils.java:setNodeSpecificConfigs(105)) - Setting configuration key ozone.scm.http-address with value of key ozone.scm.http-address.scm-service-test1.scmNode-1: 127.0.0.1:14158
2021-05-31 14:16:16,467 [main] INFO  ha.SCMHANodeDetails (ConfUtils.java:setNodeSpecificConfigs(105)) - Setting configuration key ozone.scm.https-address with value of key ozone.scm.https-address.scm-service-test1.scmNode-1: 127.0.0.1:14159
2021-05-31 14:16:16,467 [main] INFO  ha.SCMHANodeDetails (ConfUtils.java:setNodeSpecificConfigs(105)) - Setting configuration key ozone.scm.address with value of key ozone.scm.address.scm-service-test1.scmNode-1: 127.0.0.1
2021-05-31 14:16:16,468 [main] WARN  scm.ScmUtils (ScmUtils.java:logWarn(179)) - ConfigKey ozone.scm.block.client.address is deprecated, For configuring different ports for each SCM use PortConfigKey ozone.scm.block.client.port appended with serviceId and nodeId. If want to configure same port configure ozone.scm.block.client.port
2021-05-31 14:16:16,468 [main] WARN  scm.ScmUtils (ScmUtils.java:logWarn(179)) - ConfigKey ozone.scm.client.address is deprecated, For configuring different ports for each SCM use PortConfigKey ozone.scm.client.port appended with serviceId and nodeId. If want to configure same port configure ozone.scm.client.port
2021-05-31 14:16:16,468 [main] WARN  scm.ScmUtils (ScmUtils.java:logWarn(179)) - ConfigKey ozone.scm.datanode.address is deprecated, For configuring different ports for each SCM use PortConfigKey ozone.scm.datanode.port appended with serviceId and nodeId. If want to configure same port configure ozone.scm.datanode.port
2021-05-31 14:16:16,486 [main] WARN  server.ServerUtils (ServerUtils.java:getScmDbDir(148)) - ozone.scm.db.dirs is not configured. We recommend adding this setting. Falling back to ozone.metadata.dirs instead.
2021-05-31 14:16:16,866 [main] WARN  utils.HAUtils (HAUtils.java:getMetaDir(342)) - ozone.scm.db.dirs is not configured. We recommend adding this setting. Falling back to ozone.metadata.dirs instead.
2021-05-31 14:16:16,991 [main] WARN  db.DBStoreBuilder (DBStoreBuilder.java:applyDBDefinition(145)) - ozone.scm.db.dirs is not configured. We recommend adding this setting. Falling back to ozone.metadata.dirs instead.
2021-05-31 14:16:17,170 [main] INFO  net.NodeSchemaLoader (NodeSchemaLoader.java:loadSchemaFromFile(129)) - Loading schema from [jar:file:/home/runner/.m2/repository/org/apache/ozone/hdds-common/1.2.0-SNAPSHOT/hdds-common-1.2.0-SNAPSHOT.jar!/network-topology-default.xml]
2021-05-31 14:16:17,174 [main] INFO  net.NodeSchemaLoader (NodeSchemaLoader.java:loadSchema(176)) - Loading network topology layer schema file
2021-05-31 14:16:17,217 [main] INFO  ha.SCMRatisServerImpl (SCMRatisServerImpl.java:<init>(86)) - starting Raft server for scm:86c596a3-6f32-42a0-9237-c69d9bdf2958
2021-05-31 14:16:17,224 [main] INFO  server.RaftServer (ConfUtils.java:logGet(44)) - raft.rpc.type = GRPC (default)
2021-05-31 14:16:17,225 [main] INFO  grpc.GrpcFactory (GrpcFactory.java:checkPooledByteBufAllocatorUseCacheForAllThreads(48)) - PERFORMANCE WARNING: useCacheForAllThreads is true that may cause Netty to create a lot garbage objects and, as a result, trigger GC.
	It is recommended to disable useCacheForAllThreads by setting -Dorg.apache.ratis.thirdparty.io.netty.allocator.useCacheForAllThreads=false in command line.
2021-05-31 14:16:17,226 [main] INFO  grpc.GrpcConfigKeys (ConfUtils.java:logGet(44)) - raft.grpc.admin.port = -1 (default)
2021-05-31 14:16:17,226 [main] INFO  grpc.GrpcConfigKeys (ConfUtils.java:logGet(44)) - raft.grpc.server.port = 14160 (custom)
2021-05-31 14:16:17,226 [main] INFO  grpc.GrpcConfigKeys (ConfUtils.java:logGet(44)) - raft.grpc.client.port = -1 (default)
2021-05-31 14:16:17,227 [main] INFO  grpc.GrpcConfigKeys (ConfUtils.java:logGet(44)) - raft.grpc.server.port = 14160 (custom)
2021-05-31 14:16:17,227 [main] INFO  grpc.GrpcConfigKeys (ConfUtils.java:logGet(44)) - raft.grpc.server.port = 14160 (custom)
2021-05-31 14:16:17,227 [main] INFO  server.GrpcService (ConfUtils.java:logGet(44)) - raft.grpc.message.size.max = 32m (=33554432) (custom)
2021-05-31 14:16:17,228 [main] INFO  server.RaftServerConfigKeys (ConfUtils.java:logGet(44)) - raft.server.log.appender.buffer.byte-limit = 33554432 (custom)
2021-05-31 14:16:17,228 [main] INFO  server.GrpcService (ConfUtils.java:logGet(44)) - raft.grpc.flow.control.window = 1MB (=1048576) (default)
2021-05-31 14:16:17,228 [main] INFO  server.RaftServerConfigKeys (ConfUtils.java:logGet(44)) - raft.server.rpc.request.timeout = 3000ms (default)
2021-05-31 14:16:17,230 [main] INFO  impl.DataStreamServerImpl (ConfUtils.java:logGet(44)) - raft.datastream.type = DISABLED (default)
2021-05-31 14:16:17,230 [main] INFO  server.RaftServerConfigKeys (ConfUtils.java:logGet(44)) - raft.server.rpc.slowness.timeout = 120000ms (custom)
2021-05-31 14:16:17,231 [main] INFO  server.RaftServerConfigKeys (ConfUtils.java:logGet(44)) - raft.server.leaderelection.leader.step-down.wait-time = 10s (default)
2021-05-31 14:16:17,231 [main] INFO  server.RaftServerConfigKeys (ConfUtils.java:logGet(44)) - raft.server.storage.dir = [/home/runner/work/ozone/ozone/mnt/ozone/hadoop-ozone/integration-test/target/test-dir/MiniOzoneClusterImpl-54085720-bde5-45d4-8ce8-a7ad55ee2c31/scmNode-1/scm-ha] (custom)
2021-05-31 14:16:17,232 [main] INFO  server.RaftServer (RaftServerProxy.java:lambda$null$1(235)) - 86c596a3-6f32-42a0-9237-c69d9bdf2958: found a subdirectory /home/runner/work/ozone/ozone/mnt/ozone/hadoop-ozone/integration-test/target/test-dir/MiniOzoneClusterImpl-54085720-bde5-45d4-8ce8-a7ad55ee2c31/scmNode-1/scm-ha/54085720-bde5-45d4-8ce8-a7ad55ee2c31
2021-05-31 14:16:17,233 [main] INFO  server.RaftServer (RaftServerProxy.java:addNew(95)) - 86c596a3-6f32-42a0-9237-c69d9bdf2958: addNew group-A7AD55EE2C31:[] returns group-A7AD55EE2C31:java.util.concurrent.CompletableFuture@41dc0598[Not completed]
2021-05-31 14:16:17,235 [pool-15-thread-1] INFO  server.RaftServer$Division (RaftServerImpl.java:<init>(180)) - 86c596a3-6f32-42a0-9237-c69d9bdf2958: new RaftServerImpl for group-A7AD55EE2C31:[] with SCMStateMachine:uninitialized
2021-05-31 14:16:17,235 [pool-15-thread-1] INFO  server.RaftServerConfigKeys (ConfUtils.java:logGet(44)) - raft.server.rpc.timeout.min = 5000ms (custom)
2021-05-31 14:16:17,236 [pool-15-thread-1] INFO  server.RaftServerConfigKeys (ConfUtils.java:logGet(44)) - raft.server.rpc.timeout.max = 5200ms (custom)
2021-05-31 14:16:17,236 [pool-15-thread-1] INFO  server.RaftServerConfigKeys (ConfUtils.java:logGet(44)) - raft.server.rpc.sleep.time = 25ms (default)
2021-05-31 14:16:17,236 [pool-15-thread-1] INFO  server.RaftServerConfigKeys (ConfUtils.java:logGet(44)) - raft.server.rpc.slowness.timeout = 120000ms (custom)
2021-05-31 14:16:17,236 [pool-15-thread-1] INFO  server.RaftServerConfigKeys (ConfUtils.java:logGet(44)) - raft.server.leaderelection.leader.step-down.wait-time = 10s (default)
2021-05-31 14:16:17,236 [pool-15-thread-1] INFO  server.RaftServerConfigKeys (ConfUtils.java:logGet(44)) - raft.server.sleep.deviation.threshold = 300ms (default)
2021-05-31 14:16:17,237 [pool-15-thread-1] INFO  server.RaftServerConfigKeys (ConfUtils.java:logGet(44)) - raft.server.log.appender.install.snapshot.enabled = false (custom)
2021-05-31 14:16:17,238 [pool-15-thread-1] INFO  server.RaftServer$Division (ServerState.java:<init>(105)) - 86c596a3-6f32-42a0-9237-c69d9bdf2958@group-A7AD55EE2C31: ConfigurationManager, init=-1: [], old=null, confs=<EMPTY_MAP>
2021-05-31 14:16:17,238 [pool-15-thread-1] INFO  server.RaftServerConfigKeys (ConfUtils.java:logGet(44)) - raft.server.storage.dir = [/home/runner/work/ozone/ozone/mnt/ozone/hadoop-ozone/integration-test/target/test-dir/MiniOzoneClusterImpl-54085720-bde5-45d4-8ce8-a7ad55ee2c31/scmNode-1/scm-ha] (custom)
2021-05-31 14:16:17,238 [pool-15-thread-1] INFO  server.RaftServerConfigKeys (ConfUtils.java:logGet(44)) - raft.server.log.corruption.policy = EXCEPTION (default)
2021-05-31 14:16:17,240 [pool-15-thread-1] INFO  storage.RaftStorageDirectory (RaftStorageDirectoryImpl.java:tryLock(215)) - Lock on /home/runner/work/ozone/ozone/mnt/ozone/hadoop-ozone/integration-test/target/test-dir/MiniOzoneClusterImpl-54085720-bde5-45d4-8ce8-a7ad55ee2c31/scmNode-1/scm-ha/54085720-bde5-45d4-8ce8-a7ad55ee2c31/in_use.lock acquired by nodename 5470@fv-az148-586
2021-05-31 14:16:17,242 [pool-15-thread-1] INFO  storage.RaftStorage (RaftStorageImpl.java:analyzeAndRecoverStorage(108)) - Read RaftStorageMetadata{term=1, votedFor=86c596a3-6f32-42a0-9237-c69d9bdf2958} from /home/runner/work/ozone/ozone/mnt/ozone/hadoop-ozone/integration-test/target/test-dir/MiniOzoneClusterImpl-54085720-bde5-45d4-8ce8-a7ad55ee2c31/scmNode-1/scm-ha/54085720-bde5-45d4-8ce8-a7ad55ee2c31/current/raft-meta
2021-05-31 14:16:17,249 [pool-15-thread-1] INFO  server.RaftServer$Division (ServerState.java:setRaftConf(373)) - 86c596a3-6f32-42a0-9237-c69d9bdf2958@group-A7AD55EE2C31: set configuration 0: [86c596a3-6f32-42a0-9237-c69d9bdf2958|rpc:localhost:14160|admin:|client:|dataStream:|priority:0], old=null
2021-05-31 14:16:17,249 [pool-15-thread-1] INFO  server.RaftServerConfigKeys (ConfUtils.java:logGet(44)) - raft.server.notification.no-leader.timeout = 60s (default)
2021-05-31 14:16:17,249 [pool-15-thread-1] INFO  server.RaftServerConfigKeys (ConfUtils.java:logGet(44)) - raft.server.log.use.memory = false (default)
2021-05-31 14:16:17,249 [pool-15-thread-1] INFO  server.RaftServerConfigKeys (ConfUtils.java:logGet(44)) - raft.server.log.purge.gap = 5 (custom)
2021-05-31 14:16:17,249 [pool-15-thread-1] INFO  server.RaftServerConfigKeys (ConfUtils.java:logGet(44)) - raft.server.log.appender.buffer.byte-limit = 33554432 (custom)
2021-05-31 14:16:17,250 [pool-15-thread-1] INFO  metrics.RatisMetrics (RatisMetrics.java:lambda$create$0(36)) - Creating Metrics Registry : ratis.log_worker.86c596a3-6f32-42a0-9237-c69d9bdf2958@group-A7AD55EE2C31
2021-05-31 14:16:17,250 [pool-15-thread-1] WARN  impl.MetricRegistriesImpl (MetricRegistriesImpl.java:lambda$create$1(65)) - First MetricRegistry has been created without registering reporters. You may need to call MetricRegistries.global().addReporterRegistration(...) before.
2021-05-31 14:16:17,250 [pool-15-thread-1] INFO  server.RaftServerConfigKeys (ConfUtils.java:logGet(44)) - raft.server.log.segment.size.max = 16384 (custom)
2021-05-31 14:16:17,250 [pool-15-thread-1] INFO  server.RaftServerConfigKeys (ConfUtils.java:logGet(44)) - raft.server.log.segment.cache.num.max = 2 (custom)
2021-05-31 14:16:17,250 [pool-15-thread-1] INFO  server.RaftServerConfigKeys (ConfUtils.java:logGet(44)) - raft.server.log.segment.cache.size.max = 200MB (=209715200) (default)
2021-05-31 14:16:17,250 [pool-15-thread-1] INFO  segmented.SegmentedRaftLogWorker (SegmentedRaftLogWorker.java:<init>(182)) - new 86c596a3-6f32-42a0-9237-c69d9bdf2958@group-A7AD55EE2C31-SegmentedRaftLogWorker for RaftStorageImpl:Storage Directory /home/runner/work/ozone/ozone/mnt/ozone/hadoop-ozone/integration-test/target/test-dir/MiniOzoneClusterImpl-54085720-bde5-45d4-8ce8-a7ad55ee2c31/scmNode-1/scm-ha/54085720-bde5-45d4-8ce8-a7ad55ee2c31
2021-05-31 14:16:17,250 [pool-15-thread-1] INFO  server.RaftServerConfigKeys (ConfUtils.java:logGet(44)) - raft.server.log.queue.byte-limit = 64MB (=67108864) (default)
2021-05-31 14:16:17,251 [pool-15-thread-1] INFO  server.RaftServerConfigKeys (ConfUtils.java:logGet(44)) - raft.server.log.queue.element-limit = 4096 (default)
2021-05-31 14:16:17,251 [pool-15-thread-1] INFO  server.RaftServerConfigKeys (ConfUtils.java:logGet(44)) - raft.server.log.segment.size.max = 16384 (custom)
2021-05-31 14:16:17,251 [pool-15-thread-1] INFO  server.RaftServerConfigKeys (ConfUtils.java:logGet(44)) - raft.server.log.preallocated.size = 16384 (custom)
2021-05-31 14:16:17,251 [pool-15-thread-1] INFO  server.RaftServerConfigKeys (ConfUtils.java:logGet(44)) - raft.server.log.force.sync.num = 128 (default)
2021-05-31 14:16:17,251 [pool-15-thread-1] INFO  server.RaftServerConfigKeys (ConfUtils.java:logGet(44)) - raft.server.log.statemachine.data.sync = true (default)
2021-05-31 14:16:17,251 [pool-15-thread-1] INFO  server.RaftServerConfigKeys (ConfUtils.java:logGet(44)) - raft.server.log.statemachine.data.sync.timeout = 10s (default)
2021-05-31 14:16:17,252 [pool-15-thread-1] INFO  server.RaftServerConfigKeys (ConfUtils.java:logGet(44)) - raft.server.log.statemachine.data.sync.timeout.retry = -1 (default)
2021-05-31 14:16:17,252 [pool-15-thread-1] INFO  server.RaftServerConfigKeys (ConfUtils.java:logGet(44)) - raft.server.log.write.buffer.size = 64KB (=65536) (default)
2021-05-31 14:16:17,254 [pool-15-thread-1] INFO  server.RaftServerConfigKeys (ConfUtils.java:logGet(44)) - raft.server.log.statemachine.data.caching.enabled = false (default)
2021-05-31 14:16:17,262 [pool-15-thread-1] INFO  server.RaftServer$Division (ServerState.java:setRaftConf(373)) - 86c596a3-6f32-42a0-9237-c69d9bdf2958@group-A7AD55EE2C31: set configuration 0: [86c596a3-6f32-42a0-9237-c69d9bdf2958|rpc:localhost:14160|admin:|client:|dataStream:|priority:0], old=null
2021-05-31 14:16:17,263 [pool-15-thread-1] INFO  segmented.LogSegment (LogSegment.java:loadSegment(173)) - Successfully read 1 entries from segment file /home/runner/work/ozone/ozone/mnt/ozone/hadoop-ozone/integration-test/target/test-dir/MiniOzoneClusterImpl-54085720-bde5-45d4-8ce8-a7ad55ee2c31/scmNode-1/scm-ha/54085720-bde5-45d4-8ce8-a7ad55ee2c31/current/log_inprogress_0
2021-05-31 14:16:17,263 [pool-15-thread-1] INFO  segmented.SegmentedRaftLogWorker (SegmentedRaftLogWorker.java:lambda$new$0(133)) - 86c596a3-6f32-42a0-9237-c69d9bdf2958@group-A7AD55EE2C31-SegmentedRaftLogWorker: flushIndex: setUnconditionally 0 -> 0
2021-05-31 14:16:17,263 [pool-15-thread-1] INFO  segmented.SegmentedRaftLogWorker (SegmentedRaftLogWorker.java:lambda$new$0(133)) - 86c596a3-6f32-42a0-9237-c69d9bdf2958@group-A7AD55EE2C31-SegmentedRaftLogWorker: safeCacheEvictIndex: setUnconditionally 0 -> -1
2021-05-31 14:16:17,267 [pool-15-thread-1] INFO  server.RaftServerConfigKeys (ConfUtils.java:logGet(44)) - raft.server.snapshot.auto.trigger.enabled = true (custom)
2021-05-31 14:16:17,269 [pool-15-thread-1] INFO  server.RaftServerConfigKeys (ConfUtils.java:logGet(44)) - raft.server.snapshot.auto.trigger.threshold = 5 (custom)
2021-05-31 14:16:17,270 [pool-15-thread-1] INFO  server.RaftServerConfigKeys (ConfUtils.java:logGet(44)) - raft.server.snapshot.retention.file.num = -1 (default)
2021-05-31 14:16:17,270 [pool-15-thread-1] INFO  server.RaftServerConfigKeys (ConfUtils.java:logGet(44)) - raft.server.log.purge.upto.snapshot.index = true (custom)
2021-05-31 14:16:17,270 [pool-15-thread-1] INFO  server.RaftServerConfigKeys (ConfUtils.java:logGet(44)) - raft.server.retrycache.expirytime = 60000ms (default)
2021-05-31 14:16:17,270 [pool-15-thread-1] INFO  server.RaftServerConfigKeys (ConfUtils.java:logGet(44)) - raft.server.retrycache.statistics.expirytime = 100μs (default)
2021-05-31 14:16:17,270 [pool-15-thread-1] INFO  metrics.RatisMetrics (RatisMetrics.java:lambda$create$0(36)) - Creating Metrics Registry : ratis.leader_election.86c596a3-6f32-42a0-9237-c69d9bdf2958@group-A7AD55EE2C31
2021-05-31 14:16:17,271 [pool-15-thread-1] WARN  impl.MetricRegistriesImpl (MetricRegistriesImpl.java:lambda$create$1(65)) - First MetricRegistry has been created without registering reporters. You may need to call MetricRegistries.global().addReporterRegistration(...) before.
2021-05-31 14:16:17,271 [pool-15-thread-1] INFO  metrics.RatisMetrics (RatisMetrics.java:lambda$create$0(36)) - Creating Metrics Registry : ratis.server.86c596a3-6f32-42a0-9237-c69d9bdf2958@group-A7AD55EE2C31
2021-05-31 14:16:17,271 [pool-15-thread-1] WARN  impl.MetricRegistriesImpl (MetricRegistriesImpl.java:lambda$create$1(65)) - First MetricRegistry has been created without registering reporters. You may need to call MetricRegistries.global().addReporterRegistration(...) before.
2021-05-31 14:16:17,273 [main] INFO  ha.SCMSnapshotProvider (SCMSnapshotProvider.java:<init>(66)) - Initializing SCM Snapshot Provider
2021-05-31 14:16:17,273 [main] WARN  server.ServerUtils (ServerUtils.java:getDefaultRatisDirectory(237)) - Storage directory for Ratis is not configured. It is a good idea to map this to an SSD disk. Falling back to ozone.metadata.dirs
2021-05-31 14:16:17,274 [main] WARN  ha.SCMHAUtils (SCMHAUtils.java:getSCMRatisSnapshotDirectory(142)) - SCM snapshot dir is not configured. Falling back to ozone.metadata.dirs config
2021-05-31 14:16:17,308 [main] INFO  ha.SequenceIdGenerator (SequenceIdGenerator.java:upgradeToSequenceId(300)) - upgrade localId to 107544261427200000
2021-05-31 14:16:17,309 [main] INFO  ha.SequenceIdGenerator (SequenceIdGenerator.java:upgradeToSequenceId(310)) - upgrade delTxnId to 0
2021-05-31 14:16:17,313 [main] INFO  ha.SequenceIdGenerator (SequenceIdGenerator.java:upgradeToSequenceId(324)) - upgrade containerId to 0
2021-05-31 14:16:17,314 [main] INFO  ha.SequenceIdGenerator (SequenceIdGenerator.java:<init>(196)) - Init the HA SequenceIdGenerator.
2021-05-31 14:16:17,353 [main] INFO  node.SCMNodeManager (SCMNodeManager.java:<init>(125)) - Entering startup safe mode.
2021-05-31 14:16:17,418 [main] INFO  algorithms.ContainerPlacementPolicyFactory (ContainerPlacementPolicyFactory.java:getPolicy(60)) - Create container placement policy of type org.apache.hadoop.hdds.scm.container.placement.algorithms.SCMContainerPlacementRandom
2021-05-31 14:16:17,428 [main] INFO  pipeline.PipelineStateManager (PipelineStateManagerV2Impl.java:initialize(78)) - No pipeline exists in current db
2021-05-31 14:16:17,465 [main] INFO  algorithms.LeaderChoosePolicyFactory (LeaderChoosePolicyFactory.java:getPolicy(57)) - Create leader choose policy of type org.apache.hadoop.hdds.scm.pipeline.leader.choose.algorithms.MinLeaderCountChoosePolicy
2021-05-31 14:16:17,475 [main] INFO  ha.SCMServiceManager (SCMServiceManager.java:register(43)) - Registering service BackgroundPipelineCreator.
2021-05-31 14:16:17,475 [main] INFO  pipeline.BackgroundPipelineCreator (BackgroundPipelineCreatorV2.java:start(130)) - Starting RatisPipelineUtilsThread.
2021-05-31 14:16:17,511 [main] INFO  algorithms.PipelineChoosePolicyFactory (PipelineChoosePolicyFactory.java:createPipelineChoosePolicyFromClass(73)) - Create pipeline choose policy of type org.apache.hadoop.hdds.scm.pipeline.choose.algorithms.RandomPipelineChoosePolicy
2021-05-31 14:16:17,528 [main] INFO  ha.SCMServiceManager (SCMServiceManager.java:register(43)) - Registering service SCMBlockDeletingService.
2021-05-31 14:16:17,557 [main] INFO  ha.SCMServiceManager (SCMServiceManager.java:register(43)) - Registering service ReplicationManager.
2021-05-31 14:16:17,561 [main] INFO  container.ReplicationManager (ReplicationManager.java:start(226)) - Starting Replication Monitor Thread.
2021-05-31 14:16:17,570 [ReplicationMonitor] INFO  container.ReplicationManager (ReplicationManager.java:run(290)) - Replication Monitor Thread took 1 milliseconds for processing 0 containers.
2021-05-31 14:16:17,575 [main] INFO  safemode.HealthyPipelineSafeModeRule (HealthyPipelineSafeModeRule.java:<init>(90)) - Total pipeline count is 0, healthy pipeline threshold count is 0
2021-05-31 14:16:17,577 [main] INFO  safemode.OneReplicaPipelineSafeModeRule (OneReplicaPipelineSafeModeRule.java:<init>(86)) - Total pipeline count is 0, pipeline's with at least one datanode reported threshold count is 0
2021-05-31 14:16:18,032 [main] INFO  ipc.CallQueueManager (CallQueueManager.java:<init>(85)) - Using callQueue: class java.util.concurrent.LinkedBlockingQueue, queueCapacity: 10000, scheduler: class org.apache.hadoop.ipc.DefaultRpcScheduler, ipcBackoff: false.
2021-05-31 14:16:18,049 [Socket Reader #1 for port 14161] INFO  ipc.Server (Server.java:run(1255)) - Starting Socket Reader #1 for port 14161
2021-05-31 14:16:18,087 [Listener at 0.0.0.0/14161] INFO  ipc.CallQueueManager (CallQueueManager.java:<init>(85)) - Using callQueue: class java.util.concurrent.LinkedBlockingQueue, queueCapacity: 10000, scheduler: class org.apache.hadoop.ipc.DefaultRpcScheduler, ipcBackoff: false.
2021-05-31 14:16:18,091 [Socket Reader #1 for port 14162] INFO  ipc.Server (Server.java:run(1255)) - Starting Socket Reader #1 for port 14162
2021-05-31 14:16:18,111 [Listener at 0.0.0.0/14162] INFO  ipc.CallQueueManager (CallQueueManager.java:<init>(85)) - Using callQueue: class java.util.concurrent.LinkedBlockingQueue, queueCapacity: 10000, scheduler: class org.apache.hadoop.ipc.DefaultRpcScheduler, ipcBackoff: false.
2021-05-31 14:16:18,112 [Socket Reader #1 for port 14163] INFO  ipc.Server (Server.java:run(1255)) - Starting Socket Reader #1 for port 14163
2021-05-31 14:16:18,118 [Listener at 0.0.0.0/14163] INFO  server.StorageContainerManager (StorageContainerManager.java:<init>(417)) - 
Container Balancer status:
Key                            Value
Running                        true
Container Balancer Configuration values:
Key                            Value
Threshold                      0.1
Max Datanodes to Balance       5
Max Size to Move               10737418240B

2021-05-31 14:16:18,119 [Listener at 0.0.0.0/14163] WARN  events.EventQueue (EventQueue.java:fireEvent(185)) - No event handler registered for event TypedEvent{payloadType=SafeModeStatus, name='Safe mode status'}
2021-05-31 14:16:18,119 [Listener at 0.0.0.0/14163] INFO  ha.SCMContext (SCMContext.java:updateSafeModeStatus(147)) - Update SafeModeStatus from SafeModeStatus{safeModeStatus=true, preCheckPassed=false} to SafeModeStatus{safeModeStatus=true, preCheckPassed=false}.
2021-05-31 14:16:18,121 [Listener at 0.0.0.0/14163] INFO  server.StorageContainerManager (StorageContainerManager.java:start(1200)) - StorageContainerLocationProtocol RPC server is listening at /0.0.0.0:14163
2021-05-31 14:16:18,122 [Listener at 0.0.0.0/14163] INFO  ha.SCMRatisServerImpl (SCMRatisServerImpl.java:start(171)) - starting ratis server 0.0.0.0:14160
2021-05-31 14:16:18,122 [Listener at 0.0.0.0/14163] INFO  server.RaftServer$Division (RaftServerImpl.java:start(295)) - 86c596a3-6f32-42a0-9237-c69d9bdf2958@group-A7AD55EE2C31: start as a follower, conf=0: [86c596a3-6f32-42a0-9237-c69d9bdf2958|rpc:localhost:14160|admin:|client:|dataStream:|priority:0], old=null
2021-05-31 14:16:18,123 [Listener at 0.0.0.0/14163] INFO  server.RaftServer$Division (RaftServerImpl.java:setRole(284)) - 86c596a3-6f32-42a0-9237-c69d9bdf2958@group-A7AD55EE2C31: changes role from      null to FOLLOWER at term 1 for startAsFollower
2021-05-31 14:16:18,123 [Listener at 0.0.0.0/14163] INFO  impl.RoleInfo (RoleInfo.java:updateAndGet(130)) - 86c596a3-6f32-42a0-9237-c69d9bdf2958: start 86c596a3-6f32-42a0-9237-c69d9bdf2958@group-A7AD55EE2C31-FollowerState
2021-05-31 14:16:18,124 [Listener at 0.0.0.0/14163] INFO  util.JmxRegister (JmxRegister.java:tryRegister(44)) - Successfully registered JMX Bean with object name Ratis:service=RaftServer,group=group-A7AD55EE2C31,id=86c596a3-6f32-42a0-9237-c69d9bdf2958
2021-05-31 14:16:18,124 [Listener at 0.0.0.0/14163] INFO  metrics.RatisMetrics (RatisMetrics.java:lambda$create$0(36)) - Creating Metrics Registry : ratis.state_machine.86c596a3-6f32-42a0-9237-c69d9bdf2958@group-A7AD55EE2C31
2021-05-31 14:16:18,124 [Listener at 0.0.0.0/14163] WARN  impl.MetricRegistriesImpl (MetricRegistriesImpl.java:lambda$create$1(65)) - First MetricRegistry has been created without registering reporters. You may need to call MetricRegistries.global().addReporterRegistration(...) before.
2021-05-31 14:16:18,127 [Listener at 0.0.0.0/14163] INFO  server.RaftServer (RaftServerProxy.java:lambda$start$5(374)) - 86c596a3-6f32-42a0-9237-c69d9bdf2958: start RPC server
2021-05-31 14:16:18,128 [Listener at 0.0.0.0/14163] INFO  server.GrpcService (GrpcService.java:startImpl(253)) - 86c596a3-6f32-42a0-9237-c69d9bdf2958: GrpcService started, listening on 14160
2021-05-31 14:16:18,130 [Listener at 0.0.0.0/14163] INFO  ha.SCMHAManagerImpl (SCMHAManagerImpl.java:start(120)) -  scm role is FOLLOWER peers [86c596a3-6f32-42a0-9237-c69d9bdf2958|rpc:localhost:14160|admin:|client:|dataStream:|priority:0]
2021-05-31 14:16:18,130 [Listener at 0.0.0.0/14163] INFO  ha.InterSCMGrpcService (InterSCMGrpcProtocolService.java:start(94)) - Starting SCM Grpc Service at port 14164
2021-05-31 14:16:18,131 [org.apache.ratis.util.JvmPauseMonitor$$Lambda$493/1767532961@70c31b17] INFO  util.JvmPauseMonitor (JvmPauseMonitor.java:run(103)) - JvmPauseMonitor-86c596a3-6f32-42a0-9237-c69d9bdf2958: Started
2021-05-31 14:16:18,192 [Listener at 0.0.0.0/14163] WARN  impl.MetricsConfig (MetricsConfig.java:loadFirst(136)) - Cannot locate configuration: tried hadoop-metrics2-storagecontainermanager.properties,hadoop-metrics2.properties
2021-05-31 14:16:18,207 [Listener at 0.0.0.0/14163] INFO  impl.MetricsSystemImpl (MetricsSystemImpl.java:startTimer(378)) - Scheduled Metric snapshot period at 10 second(s).
2021-05-31 14:16:18,208 [Listener at 0.0.0.0/14163] INFO  impl.MetricsSystemImpl (MetricsSystemImpl.java:start(191)) - StorageContainerManager metrics system started
2021-05-31 14:16:18,453 [Listener at 0.0.0.0/14163] INFO  server.SCMClientProtocolServer (SCMClientProtocolServer.java:start(163)) - RPC server for Client  is listening at /0.0.0.0:14163
2021-05-31 14:16:18,454 [IPC Server Responder] INFO  ipc.Server (Server.java:run(1497)) - IPC Server Responder: starting
2021-05-31 14:16:18,455 [IPC Server listener on 14163] INFO  ipc.Server (Server.java:run(1334)) - IPC Server listener on 14163: starting
2021-05-31 14:16:18,476 [Listener at 0.0.0.0/14163] INFO  server.StorageContainerManager (StorageContainerManager.java:start(1215)) - ScmBlockLocationProtocol RPC server is listening at /0.0.0.0:14162
2021-05-31 14:16:18,477 [Listener at 0.0.0.0/14163] INFO  server.SCMBlockProtocolServer (SCMBlockProtocolServer.java:start(149)) - RPC server for Block Protocol is listening at /0.0.0.0:14162
2021-05-31 14:16:18,478 [IPC Server Responder] INFO  ipc.Server (Server.java:run(1497)) - IPC Server Responder: starting
2021-05-31 14:16:18,478 [IPC Server listener on 14162] INFO  ipc.Server (Server.java:run(1334)) - IPC Server listener on 14162: starting
2021-05-31 14:16:18,494 [Listener at 0.0.0.0/14163] INFO  server.StorageContainerManager (StorageContainerManager.java:start(1221)) - ScmDatanodeProtocl RPC server is listening at /0.0.0.0:14161
2021-05-31 14:16:18,494 [Listener at 0.0.0.0/14163] INFO  server.SCMDatanodeProtocolServer (SCMDatanodeProtocolServer.java:start(174)) - RPC server for DataNodes is listening at /0.0.0.0:14161
2021-05-31 14:16:18,495 [IPC Server Responder] INFO  ipc.Server (Server.java:run(1497)) - IPC Server Responder: starting
2021-05-31 14:16:18,495 [IPC Server listener on 14161] INFO  ipc.Server (Server.java:run(1334)) - IPC Server listener on 14161: starting
2021-05-31 14:16:18,564 [org.apache.hadoop.util.JvmPauseMonitor$Monitor@28b2e4d8] INFO  util.JvmPauseMonitor (JvmPauseMonitor.java:run(188)) - Starting JVM pause monitor
2021-05-31 14:16:18,581 [Listener at 0.0.0.0/14163] INFO  http.BaseHttpServer (BaseHttpServer.java:newHttpServer2BuilderForOzone(209)) - Starting Web-server for scm at: http://0.0.0.0:14158
2021-05-31 14:16:18,581 [Listener at 0.0.0.0/14163] INFO  http.BaseHttpServer (BaseHttpServer.java:<init>(107)) - Hadoop Security Enabled: false Ozone Security Enabled: false Ozone HTTP Security Enabled: false 
2021-05-31 14:16:18,606 [Listener at 0.0.0.0/14163] INFO  util.log (Log.java:initialized(169)) - Logging initialized @10224ms to org.eclipse.jetty.util.log.Slf4jLog
2021-05-31 14:16:18,715 [Listener at 0.0.0.0/14163] INFO  server.AuthenticationFilter (AuthenticationFilter.java:constructSecretProvider(240)) - Unable to initialize FileSignerSecretProvider, falling back to use random secrets.
2021-05-31 14:16:18,719 [Listener at 0.0.0.0/14163] WARN  http.HttpRequestLog (HttpRequestLog.java:getRequestLog(103)) - Jetty request log can only be enabled using Log4j
2021-05-31 14:16:18,724 [Listener at 0.0.0.0/14163] INFO  http.HttpServer2 (HttpServer2.java:addGlobalFilter(1020)) - Added global filter 'safety' (class=org.apache.hadoop.hdds.server.http.HttpServer2$QuotingInputFilter)
2021-05-31 14:16:18,727 [Listener at 0.0.0.0/14163] INFO  http.HttpServer2 (HttpServer2.java:addFilter(996)) - Added filter static_user_filter (class=org.apache.hadoop.http.lib.StaticUserWebFilter$StaticUserFilter) to context scm
2021-05-31 14:16:18,727 [Listener at 0.0.0.0/14163] INFO  http.HttpServer2 (HttpServer2.java:addFilter(1004)) - Added filter static_user_filter (class=org.apache.hadoop.http.lib.StaticUserWebFilter$StaticUserFilter) to context static
2021-05-31 14:16:18,727 [Listener at 0.0.0.0/14163] INFO  http.HttpServer2 (HttpServer2.java:addFilter(1004)) - Added filter static_user_filter (class=org.apache.hadoop.http.lib.StaticUserWebFilter$StaticUserFilter) to context logs
2021-05-31 14:16:18,768 [Listener at 0.0.0.0/14163] INFO  http.HttpServer2 (HttpServer2.java:bindListener(1238)) - Jetty bound to port 14158
2021-05-31 14:16:18,770 [Listener at 0.0.0.0/14163] INFO  server.Server (Server.java:doStart(375)) - jetty-9.4.35.v20201120; built: 2020-11-20T21:17:03.964Z; git: bdc54f03a5e0a7e280fab27f55c3c75ee8da89fb; jvm 1.8.0_292-b10
2021-05-31 14:16:18,799 [Listener at 0.0.0.0/14163] INFO  server.session (DefaultSessionIdManager.java:doStart(334)) - DefaultSessionIdManager workerName=node0
2021-05-31 14:16:18,800 [Listener at 0.0.0.0/14163] INFO  server.session (DefaultSessionIdManager.java:doStart(339)) - No SessionScavenger set, using defaults
2021-05-31 14:16:18,802 [Listener at 0.0.0.0/14163] INFO  server.session (HouseKeeper.java:startScavenging(132)) - node0 Scavenging every 600000ms
2021-05-31 14:16:18,814 [Listener at 0.0.0.0/14163] INFO  handler.ContextHandler (ContextHandler.java:doStart(916)) - Started o.e.j.s.ServletContextHandler@3a116ca6{logs,/logs,file:///home/runner/work/ozone/ozone/mnt/ozone/hadoop-ozone/integration-test/target/log,AVAILABLE}
2021-05-31 14:16:18,815 [Listener at 0.0.0.0/14163] INFO  handler.ContextHandler (ContextHandler.java:doStart(916)) - Started o.e.j.s.ServletContextHandler@b2d8dcd{static,/static,file:///home/runner/work/ozone/ozone/mnt/ozone/hadoop-ozone/integration-test/target/test-classes/webapps/static,AVAILABLE}
2021-05-31 14:16:18,858 [Listener at 0.0.0.0/14163] INFO  handler.ContextHandler (ContextHandler.java:doStart(916)) - Started o.e.j.w.WebAppContext@3a917017{scm,/,file:///home/runner/work/ozone/ozone/mnt/ozone/hadoop-ozone/integration-test/target/test-classes/webapps/scm/,AVAILABLE}{file:/home/runner/work/ozone/ozone/mnt/ozone/hadoop-ozone/integration-test/target/test-classes/webapps/scm}
2021-05-31 14:16:18,869 [Listener at 0.0.0.0/14163] INFO  server.AbstractConnector (AbstractConnector.java:doStart(331)) - Started ServerConnector@3a12f3e7{HTTP/1.1, (http/1.1)}{0.0.0.0:14158}
2021-05-31 14:16:18,869 [Listener at 0.0.0.0/14163] INFO  server.Server (Server.java:doStart(415)) - Started @10487ms
2021-05-31 14:16:18,872 [Listener at 0.0.0.0/14163] INFO  impl.MetricsSinkAdapter (MetricsSinkAdapter.java:start(204)) - Sink prometheus started
2021-05-31 14:16:18,872 [Listener at 0.0.0.0/14163] INFO  impl.MetricsSystemImpl (MetricsSystemImpl.java:registerSink(305)) - Registered sink prometheus
2021-05-31 14:16:18,873 [Listener at 0.0.0.0/14163] INFO  http.BaseHttpServer (BaseHttpServer.java:updateConnectorAddress(329)) - HTTP server of scm listening at http://0.0.0.0:14158
2021-05-31 14:16:18,873 [Listener at 0.0.0.0/14163] INFO  ozone.MiniOzoneHAClusterImpl (MiniOzoneHAClusterImpl.java:createSCMService(536)) - Started SCM RPC server at org.apache.hadoop.hdds.scm.server.SCMClientProtocolServer@391e85df
2021-05-31 14:16:18,899 [Listener at 0.0.0.0/14163] INFO  ha.SCMHANodeDetails (SCMHANodeDetails.java:loadSCMHAConfig(149)) - ServiceID for StorageContainerManager is scm-service-test1
2021-05-31 14:16:18,899 [Listener at 0.0.0.0/14163] INFO  ha.SCMHANodeDetails (SCMHANodeDetails.java:loadSCMHAConfig(160)) - ServiceID for StorageContainerManager is scm-service-test1
2021-05-31 14:16:18,899 [Listener at 0.0.0.0/14163] WARN  scm.ScmUtils (ScmUtils.java:logWarn(179)) - ConfigKey ozone.scm.block.client.address is deprecated, For configuring different ports for each SCM use PortConfigKey ozone.scm.block.client.port appended with serviceId and nodeId. If want to configure same port configure ozone.scm.block.client.port
2021-05-31 14:16:18,899 [Listener at 0.0.0.0/14163] WARN  scm.ScmUtils (ScmUtils.java:logWarn(179)) - ConfigKey ozone.scm.client.address is deprecated, For configuring different ports for each SCM use PortConfigKey ozone.scm.client.port appended with serviceId and nodeId. If want to configure same port configure ozone.scm.client.port
2021-05-31 14:16:18,900 [Listener at 0.0.0.0/14163] WARN  scm.ScmUtils (ScmUtils.java:logWarn(179)) - ConfigKey ozone.scm.datanode.address is deprecated, For configuring different ports for each SCM use PortConfigKey ozone.scm.datanode.port appended with serviceId and nodeId. If want to configure same port configure ozone.scm.datanode.port
2021-05-31 14:16:18,902 [Listener at 0.0.0.0/14163] WARN  scm.ScmUtils (ScmUtils.java:logWarn(179)) - ConfigKey ozone.scm.block.client.address is deprecated, For configuring different ports for each SCM use PortConfigKey ozone.scm.block.client.port appended with serviceId and nodeId. If want to configure same port configure ozone.scm.block.client.port
2021-05-31 14:16:18,903 [Listener at 0.0.0.0/14163] WARN  scm.ScmUtils (ScmUtils.java:logWarn(179)) - ConfigKey ozone.scm.client.address is deprecated, For configuring different ports for each SCM use PortConfigKey ozone.scm.client.port appended with serviceId and nodeId. If want to configure same port configure ozone.scm.client.port
2021-05-31 14:16:18,903 [Listener at 0.0.0.0/14163] WARN  scm.ScmUtils (ScmUtils.java:logWarn(179)) - ConfigKey ozone.scm.datanode.address is deprecated, For configuring different ports for each SCM use PortConfigKey ozone.scm.datanode.port appended with serviceId and nodeId. If want to configure same port configure ozone.scm.datanode.port
2021-05-31 14:16:18,903 [Listener at 0.0.0.0/14163] INFO  ha.SCMHANodeDetails (SCMHANodeDetails.java:loadSCMHAConfig(242)) - Found matching SCM address with SCMServiceId: scm-service-test1, SCMNodeId: scmNode-2, RPC Address: localhost:14170 and Ratis port: 14170
2021-05-31 14:16:18,903 [Listener at 0.0.0.0/14163] INFO  ha.SCMHANodeDetails (ConfUtils.java:setNodeSpecificConfigs(105)) - Setting configuration key ozone.scm.datanode.address with value of key ozone.scm.datanode.address.scm-service-test1.scmNode-2: 127.0.0.1:14171
2021-05-31 14:16:18,903 [Listener at 0.0.0.0/14163] INFO  ha.SCMHANodeDetails (ConfUtils.java:setNodeSpecificConfigs(105)) - Setting configuration key ozone.scm.block.client.address with value of key ozone.scm.block.client.address.scm-service-test1.scmNode-2: 127.0.0.1:14172
2021-05-31 14:16:18,904 [Listener at 0.0.0.0/14163] INFO  ha.SCMHANodeDetails (ConfUtils.java:setNodeSpecificConfigs(105)) - Setting configuration key ozone.scm.client.address with value of key ozone.scm.client.address.scm-service-test1.scmNode-2: 127.0.0.1:14173
2021-05-31 14:16:18,904 [Listener at 0.0.0.0/14163] INFO  ha.SCMHANodeDetails (ConfUtils.java:setNodeSpecificConfigs(105)) - Setting configuration key ozone.scm.ratis.port with value of key ozone.scm.ratis.port.scm-service-test1.scmNode-2: 14170
2021-05-31 14:16:18,904 [Listener at 0.0.0.0/14163] INFO  ha.SCMHANodeDetails (ConfUtils.java:setNodeSpecificConfigs(105)) - Setting configuration key ozone.scm.grpc.port with value of key ozone.scm.grpc.port.scm-service-test1.scmNode-2: 14174
2021-05-31 14:16:18,904 [Listener at 0.0.0.0/14163] INFO  ha.SCMHANodeDetails (ConfUtils.java:setNodeSpecificConfigs(105)) - Setting configuration key ozone.scm.http-address with value of key ozone.scm.http-address.scm-service-test1.scmNode-2: 127.0.0.1:14168
2021-05-31 14:16:18,905 [Listener at 0.0.0.0/14163] INFO  ha.SCMHANodeDetails (ConfUtils.java:setNodeSpecificConfigs(105)) - Setting configuration key ozone.scm.https-address with value of key ozone.scm.https-address.scm-service-test1.scmNode-2: 127.0.0.1:14169
2021-05-31 14:16:18,905 [Listener at 0.0.0.0/14163] INFO  ha.SCMHANodeDetails (ConfUtils.java:setNodeSpecificConfigs(105)) - Setting configuration key ozone.scm.address with value of key ozone.scm.address.scm-service-test1.scmNode-2: 127.0.0.1
2021-05-31 14:16:18,905 [Listener at 0.0.0.0/14163] WARN  scm.ScmUtils (ScmUtils.java:logWarn(179)) - ConfigKey ozone.scm.block.client.address is deprecated, For configuring different ports for each SCM use PortConfigKey ozone.scm.block.client.port appended with serviceId and nodeId. If want to configure same port configure ozone.scm.block.client.port
2021-05-31 14:16:18,905 [Listener at 0.0.0.0/14163] WARN  scm.ScmUtils (ScmUtils.java:logWarn(179)) - ConfigKey ozone.scm.client.address is deprecated, For configuring different ports for each SCM use PortConfigKey ozone.scm.client.port appended with serviceId and nodeId. If want to configure same port configure ozone.scm.client.port
2021-05-31 14:16:18,905 [Listener at 0.0.0.0/14163] WARN  scm.ScmUtils (ScmUtils.java:logWarn(179)) - ConfigKey ozone.scm.datanode.address is deprecated, For configuring different ports for each SCM use PortConfigKey ozone.scm.datanode.port appended with serviceId and nodeId. If want to configure same port configure ozone.scm.datanode.port
2021-05-31 14:16:18,905 [Listener at 0.0.0.0/14163] WARN  server.ServerUtils (ServerUtils.java:getScmDbDir(148)) - ozone.scm.db.dirs is not configured. We recommend adding this setting. Falling back to ozone.metadata.dirs instead.
2021-05-31 14:16:18,915 [Listener at 0.0.0.0/14163] INFO  ha.SCMNodeInfo (SCMNodeInfo.java:getPort(197)) - ConfigKey ozone.scm.client.address is deprecated, For configuring different ports for each SCM use PortConfigKey ozone.scm.client.port appended with serviceId and nodeId
2021-05-31 14:16:18,916 [Listener at 0.0.0.0/14163] INFO  ha.SCMNodeInfo (SCMNodeInfo.java:getPort(197)) - ConfigKey ozone.scm.block.client.address is deprecated, For configuring different ports for each SCM use PortConfigKey ozone.scm.block.client.port appended with serviceId and nodeId
2021-05-31 14:16:18,916 [Listener at 0.0.0.0/14163] INFO  ha.SCMNodeInfo (SCMNodeInfo.java:getPort(197)) - ConfigKey ozone.scm.datanode.address is deprecated, For configuring different ports for each SCM use PortConfigKey ozone.scm.datanode.port appended with serviceId and nodeId
2021-05-31 14:16:18,916 [Listener at 0.0.0.0/14163] INFO  ha.SCMNodeInfo (SCMNodeInfo.java:getPort(197)) - ConfigKey ozone.scm.client.address is deprecated, For configuring different ports for each SCM use PortConfigKey ozone.scm.client.port appended with serviceId and nodeId
2021-05-31 14:16:18,916 [Listener at 0.0.0.0/14163] INFO  ha.SCMNodeInfo (SCMNodeInfo.java:getPort(197)) - ConfigKey ozone.scm.block.client.address is deprecated, For configuring different ports for each SCM use PortConfigKey ozone.scm.block.client.port appended with serviceId and nodeId
2021-05-31 14:16:18,918 [Listener at 0.0.0.0/14163] INFO  ha.SCMNodeInfo (SCMNodeInfo.java:getPort(197)) - ConfigKey ozone.scm.datanode.address is deprecated, For configuring different ports for each SCM use PortConfigKey ozone.scm.datanode.port appended with serviceId and nodeId
2021-05-31 14:16:18,918 [Listener at 0.0.0.0/14163] INFO  ha.SCMNodeInfo (SCMNodeInfo.java:getPort(197)) - ConfigKey ozone.scm.client.address is deprecated, For configuring different ports for each SCM use PortConfigKey ozone.scm.client.port appended with serviceId and nodeId
2021-05-31 14:16:18,918 [Listener at 0.0.0.0/14163] INFO  ha.SCMNodeInfo (SCMNodeInfo.java:getPort(197)) - ConfigKey ozone.scm.block.client.address is deprecated, For configuring different ports for each SCM use PortConfigKey ozone.scm.block.client.port appended with serviceId and nodeId
2021-05-31 14:16:18,919 [Listener at 0.0.0.0/14163] INFO  ha.SCMNodeInfo (SCMNodeInfo.java:getPort(197)) - ConfigKey ozone.scm.datanode.address is deprecated, For configuring different ports for each SCM use PortConfigKey ozone.scm.datanode.port appended with serviceId and nodeId
2021-05-31 14:16:19,131 [IPC Server handler 0 on default port 14162] INFO  ipc.Server (Server.java:logException(3018)) - IPC Server handler 0 on default port 14162, call Call#0 Retry#0 org.apache.hadoop.hdds.scm.protocol.ScmBlockLocationProtocol.send from 127.0.0.1:54282
org.apache.hadoop.hdds.ratis.ServerNotLeaderException: Server:86c596a3-6f32-42a0-9237-c69d9bdf2958 is not the leader. Could not determine the leader node.
	at org.apache.hadoop.hdds.ratis.ServerNotLeaderException.convertToNotLeaderException(ServerNotLeaderException.java:109)
	at org.apache.hadoop.hdds.scm.ha.RatisUtil.checkRatisException(RatisUtil.java:191)
	at org.apache.hadoop.hdds.scm.protocol.ScmBlockLocationProtocolServerSideTranslatorPB.send(ScmBlockLocationProtocolServerSideTranslatorPB.java:108)
	at org.apache.hadoop.hdds.protocol.proto.ScmBlockLocationProtocolProtos$ScmBlockLocationProtocolService$2.callBlockingMethod(ScmBlockLocationProtocolProtos.java:13919)
	at org.apache.hadoop.ipc.ProtobufRpcEngine$Server$ProtoBufRpcInvoker.call(ProtobufRpcEngine.java:528)
	at org.apache.hadoop.ipc.RPC$Server.call(RPC.java:1086)
	at org.apache.hadoop.ipc.Server$RpcCall.run(Server.java:1029)
	at org.apache.hadoop.ipc.Server$RpcCall.run(Server.java:957)
	at java.security.AccessController.doPrivileged(Native Method)
	at javax.security.auth.Subject.doAs(Subject.java:422)
	at org.apache.hadoop.security.UserGroupInformation.doAs(UserGroupInformation.java:1762)
	at org.apache.hadoop.ipc.Server$Handler.run(Server.java:2957)
2021-05-31 14:16:21,144 [Listener at 0.0.0.0/14163] INFO  retry.RetryInvocationHandler (RetryInvocationHandler.java:log(411)) - com.google.protobuf.ServiceException: java.net.ConnectException: Call From fv-az148-586/10.1.0.41 to localhost:14172 failed on connection exception: java.net.ConnectException: Connection refused; For more details see:  http://wiki.apache.org/hadoop/ConnectionRefused, while invoking $Proxy37.send over nodeId=scmNode-2,nodeAddress=/127.0.0.1:14172 after 1 failover attempts. Trying to failover after sleeping for 2000ms.
2021-05-31 14:16:23,146 [Listener at 0.0.0.0/14163] INFO  retry.RetryInvocationHandler (RetryInvocationHandler.java:log(411)) - com.google.protobuf.ServiceException: java.net.ConnectException: Call From fv-az148-586/10.1.0.41 to localhost:14182 failed on connection exception: java.net.ConnectException: Connection refused; For more details see:  http://wiki.apache.org/hadoop/ConnectionRefused, while invoking $Proxy37.send over nodeId=scmNode-3,nodeAddress=/127.0.0.1:14182 after 2 failover attempts. Trying to failover after sleeping for 2000ms.
2021-05-31 14:16:23,293 [86c596a3-6f32-42a0-9237-c69d9bdf2958@group-A7AD55EE2C31-FollowerState] INFO  impl.FollowerState (FollowerState.java:run(134)) - 86c596a3-6f32-42a0-9237-c69d9bdf2958@group-A7AD55EE2C31-FollowerState: change to CANDIDATE, lastRpcElapsedTime:5170588737ns, electionTimeout:5158ms
2021-05-31 14:16:23,295 [86c596a3-6f32-42a0-9237-c69d9bdf2958@group-A7AD55EE2C31-FollowerState] INFO  impl.RoleInfo (RoleInfo.java:shutdownFollowerState(108)) - 86c596a3-6f32-42a0-9237-c69d9bdf2958: shutdown 86c596a3-6f32-42a0-9237-c69d9bdf2958@group-A7AD55EE2C31-FollowerState
2021-05-31 14:16:23,295 [86c596a3-6f32-42a0-9237-c69d9bdf2958@group-A7AD55EE2C31-FollowerState] INFO  server.RaftServer$Division (RaftServerImpl.java:setRole(284)) - 86c596a3-6f32-42a0-9237-c69d9bdf2958@group-A7AD55EE2C31: changes role from  FOLLOWER to CANDIDATE at term 1 for changeToCandidate
2021-05-31 14:16:23,295 [86c596a3-6f32-42a0-9237-c69d9bdf2958@group-A7AD55EE2C31-FollowerState] INFO  server.RaftServerConfigKeys (ConfUtils.java:logGet(44)) - raft.server.leaderelection.pre-vote = false (custom)
2021-05-31 14:16:23,295 [86c596a3-6f32-42a0-9237-c69d9bdf2958@group-A7AD55EE2C31-FollowerState] INFO  impl.RoleInfo (RoleInfo.java:updateAndGet(130)) - 86c596a3-6f32-42a0-9237-c69d9bdf2958: start 86c596a3-6f32-42a0-9237-c69d9bdf2958@group-A7AD55EE2C31-LeaderElection2
2021-05-31 14:16:23,298 [86c596a3-6f32-42a0-9237-c69d9bdf2958@group-A7AD55EE2C31-LeaderElection2] INFO  impl.LeaderElection (LeaderElection.java:askForVotes(306)) - 86c596a3-6f32-42a0-9237-c69d9bdf2958@group-A7AD55EE2C31-LeaderElection2 ELECTION round 0: submit vote requests at term 2 for 0: [86c596a3-6f32-42a0-9237-c69d9bdf2958|rpc:localhost:14160|admin:|client:|dataStream:|priority:0], old=null
2021-05-31 14:16:23,299 [86c596a3-6f32-42a0-9237-c69d9bdf2958@group-A7AD55EE2C31-LeaderElection2] INFO  impl.LeaderElection (LeaderElection.java:askForVotes(308)) - 86c596a3-6f32-42a0-9237-c69d9bdf2958@group-A7AD55EE2C31-LeaderElection2 ELECTION round 0: result PASSED (term=2)
2021-05-31 14:16:23,299 [86c596a3-6f32-42a0-9237-c69d9bdf2958@group-A7AD55EE2C31-LeaderElection2] INFO  impl.RoleInfo (RoleInfo.java:shutdownLeaderElection(121)) - 86c596a3-6f32-42a0-9237-c69d9bdf2958: shutdown 86c596a3-6f32-42a0-9237-c69d9bdf2958@group-A7AD55EE2C31-LeaderElection2
2021-05-31 14:16:23,300 [86c596a3-6f32-42a0-9237-c69d9bdf2958@group-A7AD55EE2C31-LeaderElection2] INFO  server.RaftServer$Division (RaftServerImpl.java:setRole(284)) - 86c596a3-6f32-42a0-9237-c69d9bdf2958@group-A7AD55EE2C31: changes role from CANDIDATE to LEADER at term 2 for changeToLeader
2021-05-31 14:16:23,300 [86c596a3-6f32-42a0-9237-c69d9bdf2958@group-A7AD55EE2C31-LeaderElection2] INFO  ha.SCMStateMachine (SCMStateMachine.java:notifyLeaderChanged(243)) - current SCM becomes leader of term 2.
2021-05-31 14:16:23,300 [86c596a3-6f32-42a0-9237-c69d9bdf2958@group-A7AD55EE2C31-LeaderElection2] INFO  ha.SCMContext (SCMContext.java:updateLeaderAndTerm(88)) - update <isLeader,term> from <false,0> to <true,2>
2021-05-31 14:16:23,301 [86c596a3-6f32-42a0-9237-c69d9bdf2958@group-A7AD55EE2C31-LeaderElection2] INFO  pipeline.BackgroundPipelineCreator (BackgroundPipelineCreatorV2.java:notifyStatusChanged(261)) - Service BackgroundPipelineCreator transitions to RUNNING.
2021-05-31 14:16:23,320 [86c596a3-6f32-42a0-9237-c69d9bdf2958@group-A7AD55EE2C31-LeaderElection2] INFO  server.RaftServer$Division (ServerState.java:setLeader(271)) - 86c596a3-6f32-42a0-9237-c69d9bdf2958@group-A7AD55EE2C31: change Leader from null to 86c596a3-6f32-42a0-9237-c69d9bdf2958 at term 2 for becomeLeader, leader elected after 6050ms
2021-05-31 14:16:23,321 [86c596a3-6f32-42a0-9237-c69d9bdf2958@group-A7AD55EE2C31-LeaderElection2] INFO  server.RaftServerConfigKeys (ConfUtils.java:logGet(44)) - raft.server.staging.catchup.gap = 1000 (default)
2021-05-31 14:16:23,321 [86c596a3-6f32-42a0-9237-c69d9bdf2958@group-A7AD55EE2C31-LeaderElection2] INFO  metrics.RatisMetrics (RatisMetrics.java:lambda$create$0(36)) - Creating Metrics Registry : ratis.log_appender.86c596a3-6f32-42a0-9237-c69d9bdf2958@group-A7AD55EE2C31
2021-05-31 14:16:23,321 [86c596a3-6f32-42a0-9237-c69d9bdf2958@group-A7AD55EE2C31-LeaderElection2] WARN  impl.MetricRegistriesImpl (MetricRegistriesImpl.java:lambda$create$1(65)) - First MetricRegistry has been created without registering reporters. You may need to call MetricRegistries.global().addReporterRegistration(...) before.
2021-05-31 14:16:23,322 [86c596a3-6f32-42a0-9237-c69d9bdf2958@group-A7AD55EE2C31-LeaderElection2] INFO  server.RaftServerConfigKeys (ConfUtils.java:logGet(44)) - raft.server.write.element-limit = 4096 (default)
2021-05-31 14:16:23,322 [86c596a3-6f32-42a0-9237-c69d9bdf2958@group-A7AD55EE2C31-LeaderElection2] INFO  server.RaftServerConfigKeys (ConfUtils.java:logGet(44)) - raft.server.write.byte-limit = 64MB (=67108864) (default)
2021-05-31 14:16:23,322 [86c596a3-6f32-42a0-9237-c69d9bdf2958@group-A7AD55EE2C31-LeaderElection2] INFO  server.RaftServerConfigKeys (ConfUtils.java:logGet(44)) - raft.server.watch.timeout = 10s (default)
2021-05-31 14:16:23,323 [86c596a3-6f32-42a0-9237-c69d9bdf2958@group-A7AD55EE2C31-LeaderElection2] INFO  server.RaftServerConfigKeys (ConfUtils.java:logGet(44)) - raft.server.watch.timeout.denomination = 1s (default)
2021-05-31 14:16:23,323 [86c596a3-6f32-42a0-9237-c69d9bdf2958@group-A7AD55EE2C31-LeaderElection2] INFO  server.RaftServerConfigKeys (ConfUtils.java:logGet(44)) - raft.server.watch.element-limit = 65536 (default)
2021-05-31 14:16:23,323 [86c596a3-6f32-42a0-9237-c69d9bdf2958@group-A7AD55EE2C31-LeaderElection2] INFO  impl.RoleInfo (RoleInfo.java:updateAndGet(130)) - 86c596a3-6f32-42a0-9237-c69d9bdf2958: start 86c596a3-6f32-42a0-9237-c69d9bdf2958@group-A7AD55EE2C31-LeaderStateImpl
2021-05-31 14:16:23,324 [86c596a3-6f32-42a0-9237-c69d9bdf2958@group-A7AD55EE2C31-LeaderElection2] INFO  segmented.SegmentedRaftLogWorker (SegmentedRaftLogWorker.java:rollLogSegment(399)) - 86c596a3-6f32-42a0-9237-c69d9bdf2958@group-A7AD55EE2C31-SegmentedRaftLogWorker: Rolling segment log-0_0 to index:0
2021-05-31 14:16:23,332 [86c596a3-6f32-42a0-9237-c69d9bdf2958@group-A7AD55EE2C31-LeaderElection2] INFO  server.RaftServer$Division (ServerState.java:setRaftConf(373)) - 86c596a3-6f32-42a0-9237-c69d9bdf2958@group-A7AD55EE2C31: set configuration 1: [86c596a3-6f32-42a0-9237-c69d9bdf2958|rpc:localhost:14160|admin:|client:|dataStream:|priority:0], old=null
2021-05-31 14:16:23,334 [86c596a3-6f32-42a0-9237-c69d9bdf2958@group-A7AD55EE2C31-SegmentedRaftLogWorker] INFO  segmented.SegmentedRaftLogWorker (SegmentedRaftLogWorker.java:execute(558)) - 86c596a3-6f32-42a0-9237-c69d9bdf2958@group-A7AD55EE2C31-SegmentedRaftLogWorker: Rolled log segment from /home/runner/work/ozone/ozone/mnt/ozone/hadoop-ozone/integration-test/target/test-dir/MiniOzoneClusterImpl-54085720-bde5-45d4-8ce8-a7ad55ee2c31/scmNode-1/scm-ha/54085720-bde5-45d4-8ce8-a7ad55ee2c31/current/log_inprogress_0 to /home/runner/work/ozone/ozone/mnt/ozone/hadoop-ozone/integration-test/target/test-dir/MiniOzoneClusterImpl-54085720-bde5-45d4-8ce8-a7ad55ee2c31/scmNode-1/scm-ha/54085720-bde5-45d4-8ce8-a7ad55ee2c31/current/log_0-0
2021-05-31 14:16:23,337 [86c596a3-6f32-42a0-9237-c69d9bdf2958@group-A7AD55EE2C31-SegmentedRaftLogWorker] INFO  segmented.SegmentedRaftLogWorker (SegmentedRaftLogWorker.java:execute(601)) - 86c596a3-6f32-42a0-9237-c69d9bdf2958@group-A7AD55EE2C31-SegmentedRaftLogWorker: created new log segment /home/runner/work/ozone/ozone/mnt/ozone/hadoop-ozone/integration-test/target/test-dir/MiniOzoneClusterImpl-54085720-bde5-45d4-8ce8-a7ad55ee2c31/scmNode-1/scm-ha/54085720-bde5-45d4-8ce8-a7ad55ee2c31/current/log_inprogress_1
2021-05-31 14:16:25,181 [Listener at 0.0.0.0/14163] INFO  server.StorageContainerManager (StorageContainerManager.java:scmBootstrap(907)) - SCM BootStrap  is successful for ClusterID 54085720-bde5-45d4-8ce8-a7ad55ee2c31, SCMID fc8d0b26-40fd-4e75-8432-30636972f5a2
2021-05-31 14:16:25,181 [Listener at 0.0.0.0/14163] INFO  server.StorageContainerManager (StorageContainerManager.java:scmBootstrap(909)) - Primary SCM Node ID 86c596a3-6f32-42a0-9237-c69d9bdf2958
2021-05-31 14:16:25,181 [Listener at 0.0.0.0/14163] INFO  ha.SCMHANodeDetails (SCMHANodeDetails.java:loadSCMHAConfig(149)) - ServiceID for StorageContainerManager is scm-service-test1
2021-05-31 14:16:25,182 [Listener at 0.0.0.0/14163] INFO  ha.SCMHANodeDetails (SCMHANodeDetails.java:loadSCMHAConfig(160)) - ServiceID for StorageContainerManager is scm-service-test1
2021-05-31 14:16:25,182 [Listener at 0.0.0.0/14163] WARN  scm.ScmUtils (ScmUtils.java:logWarn(179)) - ConfigKey ozone.scm.block.client.address is deprecated, For configuring different ports for each SCM use PortConfigKey ozone.scm.block.client.port appended with serviceId and nodeId. If want to configure same port configure ozone.scm.block.client.port
2021-05-31 14:16:25,182 [Listener at 0.0.0.0/14163] WARN  scm.ScmUtils (ScmUtils.java:logWarn(179)) - ConfigKey ozone.scm.client.address is deprecated, For configuring different ports for each SCM use PortConfigKey ozone.scm.client.port appended with serviceId and nodeId. If want to configure same port configure ozone.scm.client.port
2021-05-31 14:16:25,182 [Listener at 0.0.0.0/14163] WARN  scm.ScmUtils (ScmUtils.java:logWarn(179)) - ConfigKey ozone.scm.datanode.address is deprecated, For configuring different ports for each SCM use PortConfigKey ozone.scm.datanode.port appended with serviceId and nodeId. If want to configure same port configure ozone.scm.datanode.port
2021-05-31 14:16:25,182 [Listener at 0.0.0.0/14163] WARN  scm.ScmUtils (ScmUtils.java:logWarn(179)) - ConfigKey ozone.scm.block.client.address is deprecated, For configuring different ports for each SCM use PortConfigKey ozone.scm.block.client.port appended with serviceId and nodeId. If want to configure same port configure ozone.scm.block.client.port
2021-05-31 14:16:25,183 [Listener at 0.0.0.0/14163] WARN  scm.ScmUtils (ScmUtils.java:logWarn(179)) - ConfigKey ozone.scm.client.address is deprecated, For configuring different ports for each SCM use PortConfigKey ozone.scm.client.port appended with serviceId and nodeId. If want to configure same port configure ozone.scm.client.port
2021-05-31 14:16:25,183 [Listener at 0.0.0.0/14163] WARN  scm.ScmUtils (ScmUtils.java:logWarn(179)) - ConfigKey ozone.scm.datanode.address is deprecated, For configuring different ports for each SCM use PortConfigKey ozone.scm.datanode.port appended with serviceId and nodeId. If want to configure same port configure ozone.scm.datanode.port
2021-05-31 14:16:25,183 [Listener at 0.0.0.0/14163] INFO  ha.SCMHANodeDetails (SCMHANodeDetails.java:loadSCMHAConfig(242)) - Found matching SCM address with SCMServiceId: scm-service-test1, SCMNodeId: scmNode-2, RPC Address: localhost:14170 and Ratis port: 14170
2021-05-31 14:16:25,183 [Listener at 0.0.0.0/14163] INFO  ha.SCMHANodeDetails (ConfUtils.java:setNodeSpecificConfigs(105)) - Setting configuration key ozone.scm.datanode.address with value of key ozone.scm.datanode.address.scm-service-test1.scmNode-2: 127.0.0.1:14171
2021-05-31 14:16:25,183 [Listener at 0.0.0.0/14163] INFO  ha.SCMHANodeDetails (ConfUtils.java:setNodeSpecificConfigs(105)) - Setting configuration key ozone.scm.block.client.address with value of key ozone.scm.block.client.address.scm-service-test1.scmNode-2: 127.0.0.1:14172
2021-05-31 14:16:25,184 [Listener at 0.0.0.0/14163] INFO  ha.SCMHANodeDetails (ConfUtils.java:setNodeSpecificConfigs(105)) - Setting configuration key ozone.scm.client.address with value of key ozone.scm.client.address.scm-service-test1.scmNode-2: 127.0.0.1:14173
2021-05-31 14:16:25,184 [Listener at 0.0.0.0/14163] INFO  ha.SCMHANodeDetails (ConfUtils.java:setNodeSpecificConfigs(105)) - Setting configuration key ozone.scm.ratis.port with value of key ozone.scm.ratis.port.scm-service-test1.scmNode-2: 14170
2021-05-31 14:16:25,184 [Listener at 0.0.0.0/14163] INFO  ha.SCMHANodeDetails (ConfUtils.java:setNodeSpecificConfigs(105)) - Setting configuration key ozone.scm.grpc.port with value of key ozone.scm.grpc.port.scm-service-test1.scmNode-2: 14174
2021-05-31 14:16:25,184 [Listener at 0.0.0.0/14163] INFO  ha.SCMHANodeDetails (ConfUtils.java:setNodeSpecificConfigs(105)) - Setting configuration key ozone.scm.http-address with value of key ozone.scm.http-address.scm-service-test1.scmNode-2: 127.0.0.1:14168
2021-05-31 14:16:25,184 [Listener at 0.0.0.0/14163] INFO  ha.SCMHANodeDetails (ConfUtils.java:setNodeSpecificConfigs(105)) - Setting configuration key ozone.scm.https-address with value of key ozone.scm.https-address.scm-service-test1.scmNode-2: 127.0.0.1:14169
2021-05-31 14:16:25,184 [Listener at 0.0.0.0/14163] INFO  ha.SCMHANodeDetails (ConfUtils.java:setNodeSpecificConfigs(105)) - Setting configuration key ozone.scm.address with value of key ozone.scm.address.scm-service-test1.scmNode-2: 127.0.0.1
2021-05-31 14:16:25,185 [Listener at 0.0.0.0/14163] WARN  scm.ScmUtils (ScmUtils.java:logWarn(179)) - ConfigKey ozone.scm.block.client.address is deprecated, For configuring different ports for each SCM use PortConfigKey ozone.scm.block.client.port appended with serviceId and nodeId. If want to configure same port configure ozone.scm.block.client.port
2021-05-31 14:16:25,185 [Listener at 0.0.0.0/14163] WARN  scm.ScmUtils (ScmUtils.java:logWarn(179)) - ConfigKey ozone.scm.client.address is deprecated, For configuring different ports for each SCM use PortConfigKey ozone.scm.client.port appended with serviceId and nodeId. If want to configure same port configure ozone.scm.client.port
2021-05-31 14:16:25,185 [Listener at 0.0.0.0/14163] WARN  scm.ScmUtils (ScmUtils.java:logWarn(179)) - ConfigKey ozone.scm.datanode.address is deprecated, For configuring different ports for each SCM use PortConfigKey ozone.scm.datanode.port appended with serviceId and nodeId. If want to configure same port configure ozone.scm.datanode.port
2021-05-31 14:16:25,186 [Listener at 0.0.0.0/14163] WARN  server.ServerUtils (ServerUtils.java:getScmDbDir(148)) - ozone.scm.db.dirs is not configured. We recommend adding this setting. Falling back to ozone.metadata.dirs instead.
2021-05-31 14:16:25,187 [Listener at 0.0.0.0/14163] WARN  utils.HAUtils (HAUtils.java:getMetaDir(342)) - ozone.scm.db.dirs is not configured. We recommend adding this setting. Falling back to ozone.metadata.dirs instead.
2021-05-31 14:16:25,188 [Listener at 0.0.0.0/14163] WARN  db.DBStoreBuilder (DBStoreBuilder.java:applyDBDefinition(145)) - ozone.scm.db.dirs is not configured. We recommend adding this setting. Falling back to ozone.metadata.dirs instead.
2021-05-31 14:16:25,255 [Listener at 0.0.0.0/14163] INFO  net.NodeSchemaLoader (NodeSchemaLoader.java:loadSchemaFromFile(129)) - Loading schema from [jar:file:/home/runner/.m2/repository/org/apache/ozone/hdds-common/1.2.0-SNAPSHOT/hdds-common-1.2.0-SNAPSHOT.jar!/network-topology-default.xml]
2021-05-31 14:16:25,255 [Listener at 0.0.0.0/14163] INFO  net.NodeSchemaLoader (NodeSchemaLoader.java:loadSchema(176)) - Loading network topology layer schema file
2021-05-31 14:16:25,258 [Listener at 0.0.0.0/14163] INFO  ha.SCMRatisServerImpl (SCMRatisServerImpl.java:<init>(86)) - starting Raft server for scm:fc8d0b26-40fd-4e75-8432-30636972f5a2
2021-05-31 14:16:25,258 [Listener at 0.0.0.0/14163] INFO  server.RaftServer (ConfUtils.java:logGet(44)) - raft.rpc.type = GRPC (default)
2021-05-31 14:16:25,259 [Listener at 0.0.0.0/14163] INFO  grpc.GrpcFactory (GrpcFactory.java:checkPooledByteBufAllocatorUseCacheForAllThreads(48)) - PERFORMANCE WARNING: useCacheForAllThreads is true that may cause Netty to create a lot garbage objects and, as a result, trigger GC.
	It is recommended to disable useCacheForAllThreads by setting -Dorg.apache.ratis.thirdparty.io.netty.allocator.useCacheForAllThreads=false in command line.
2021-05-31 14:16:25,259 [Listener at 0.0.0.0/14163] INFO  grpc.GrpcConfigKeys (ConfUtils.java:logGet(44)) - raft.grpc.admin.port = -1 (default)
2021-05-31 14:16:25,259 [Listener at 0.0.0.0/14163] INFO  grpc.GrpcConfigKeys (ConfUtils.java:logGet(44)) - raft.grpc.server.port = 14170 (custom)
2021-05-31 14:16:25,259 [Listener at 0.0.0.0/14163] INFO  grpc.GrpcConfigKeys (ConfUtils.java:logGet(44)) - raft.grpc.client.port = -1 (default)
2021-05-31 14:16:25,260 [Listener at 0.0.0.0/14163] INFO  grpc.GrpcConfigKeys (ConfUtils.java:logGet(44)) - raft.grpc.server.port = 14170 (custom)
2021-05-31 14:16:25,260 [Listener at 0.0.0.0/14163] INFO  grpc.GrpcConfigKeys (ConfUtils.java:logGet(44)) - raft.grpc.server.port = 14170 (custom)
2021-05-31 14:16:25,260 [Listener at 0.0.0.0/14163] INFO  server.GrpcService (ConfUtils.java:logGet(44)) - raft.grpc.message.size.max = 32m (=33554432) (custom)
2021-05-31 14:16:25,260 [Listener at 0.0.0.0/14163] INFO  server.RaftServerConfigKeys (ConfUtils.java:logGet(44)) - raft.server.log.appender.buffer.byte-limit = 33554432 (custom)
2021-05-31 14:16:25,260 [Listener at 0.0.0.0/14163] INFO  server.GrpcService (ConfUtils.java:logGet(44)) - raft.grpc.flow.control.window = 1MB (=1048576) (default)
2021-05-31 14:16:25,260 [Listener at 0.0.0.0/14163] INFO  server.RaftServerConfigKeys (ConfUtils.java:logGet(44)) - raft.server.rpc.request.timeout = 3000ms (default)
2021-05-31 14:16:25,262 [Listener at 0.0.0.0/14163] INFO  impl.DataStreamServerImpl (ConfUtils.java:logGet(44)) - raft.datastream.type = DISABLED (default)
2021-05-31 14:16:25,262 [Listener at 0.0.0.0/14163] INFO  server.RaftServerConfigKeys (ConfUtils.java:logGet(44)) - raft.server.rpc.slowness.timeout = 120000ms (custom)
2021-05-31 14:16:25,262 [Listener at 0.0.0.0/14163] INFO  server.RaftServerConfigKeys (ConfUtils.java:logGet(44)) - raft.server.leaderelection.leader.step-down.wait-time = 10s (default)
2021-05-31 14:16:25,262 [Listener at 0.0.0.0/14163] INFO  server.RaftServerConfigKeys (ConfUtils.java:logGet(44)) - raft.server.storage.dir = [/home/runner/work/ozone/ozone/mnt/ozone/hadoop-ozone/integration-test/target/test-dir/MiniOzoneClusterImpl-54085720-bde5-45d4-8ce8-a7ad55ee2c31/scmNode-2/scm-ha] (custom)
2021-05-31 14:16:25,263 [Listener at 0.0.0.0/14163] INFO  server.RaftServer (RaftServerProxy.java:addNew(95)) - fc8d0b26-40fd-4e75-8432-30636972f5a2: addNew group-A7AD55EE2C31:[] returns group-A7AD55EE2C31:java.util.concurrent.CompletableFuture@1e2b37cd[Not completed]
2021-05-31 14:16:25,263 [pool-36-thread-1] INFO  server.RaftServer$Division (RaftServerImpl.java:<init>(180)) - fc8d0b26-40fd-4e75-8432-30636972f5a2: new RaftServerImpl for group-A7AD55EE2C31:[] with SCMStateMachine:uninitialized
2021-05-31 14:16:25,264 [pool-36-thread-1] INFO  server.RaftServerConfigKeys (ConfUtils.java:logGet(44)) - raft.server.rpc.timeout.min = 5000ms (custom)
2021-05-31 14:16:25,264 [pool-36-thread-1] INFO  server.RaftServerConfigKeys (ConfUtils.java:logGet(44)) - raft.server.rpc.timeout.max = 5200ms (custom)
2021-05-31 14:16:25,264 [pool-36-thread-1] INFO  server.RaftServerConfigKeys (ConfUtils.java:logGet(44)) - raft.server.rpc.sleep.time = 25ms (default)
2021-05-31 14:16:25,265 [pool-36-thread-1] INFO  server.RaftServerConfigKeys (ConfUtils.java:logGet(44)) - raft.server.rpc.slowness.timeout = 120000ms (custom)
2021-05-31 14:16:25,265 [pool-36-thread-1] INFO  server.RaftServerConfigKeys (ConfUtils.java:logGet(44)) - raft.server.leaderelection.leader.step-down.wait-time = 10s (default)
2021-05-31 14:16:25,265 [pool-36-thread-1] INFO  server.RaftServerConfigKeys (ConfUtils.java:logGet(44)) - raft.server.sleep.deviation.threshold = 300ms (default)
2021-05-31 14:16:25,265 [pool-36-thread-1] INFO  server.RaftServerConfigKeys (ConfUtils.java:logGet(44)) - raft.server.log.appender.install.snapshot.enabled = false (custom)
2021-05-31 14:16:25,265 [pool-36-thread-1] INFO  server.RaftServer$Division (ServerState.java:<init>(105)) - fc8d0b26-40fd-4e75-8432-30636972f5a2@group-A7AD55EE2C31: ConfigurationManager, init=-1: [], old=null, confs=<EMPTY_MAP>
2021-05-31 14:16:25,265 [pool-36-thread-1] INFO  server.RaftServerConfigKeys (ConfUtils.java:logGet(44)) - raft.server.storage.dir = [/home/runner/work/ozone/ozone/mnt/ozone/hadoop-ozone/integration-test/target/test-dir/MiniOzoneClusterImpl-54085720-bde5-45d4-8ce8-a7ad55ee2c31/scmNode-2/scm-ha] (custom)
2021-05-31 14:16:25,265 [pool-36-thread-1] INFO  server.RaftServerConfigKeys (ConfUtils.java:logGet(44)) - raft.server.log.corruption.policy = EXCEPTION (default)
2021-05-31 14:16:25,265 [pool-36-thread-1] INFO  storage.RaftStorageDirectory (RaftStorageDirectoryImpl.java:analyzeStorage(132)) - The storage directory /home/runner/work/ozone/ozone/mnt/ozone/hadoop-ozone/integration-test/target/test-dir/MiniOzoneClusterImpl-54085720-bde5-45d4-8ce8-a7ad55ee2c31/scmNode-2/scm-ha/54085720-bde5-45d4-8ce8-a7ad55ee2c31 does not exist. Creating ...
2021-05-31 14:16:25,266 [pool-36-thread-1] INFO  storage.RaftStorageDirectory (RaftStorageDirectoryImpl.java:tryLock(215)) - Lock on /home/runner/work/ozone/ozone/mnt/ozone/hadoop-ozone/integration-test/target/test-dir/MiniOzoneClusterImpl-54085720-bde5-45d4-8ce8-a7ad55ee2c31/scmNode-2/scm-ha/54085720-bde5-45d4-8ce8-a7ad55ee2c31/in_use.lock acquired by nodename 5470@fv-az148-586
2021-05-31 14:16:25,267 [pool-36-thread-1] INFO  storage.RaftStorage (RaftStorageImpl.java:format(87)) - Storage directory /home/runner/work/ozone/ozone/mnt/ozone/hadoop-ozone/integration-test/target/test-dir/MiniOzoneClusterImpl-54085720-bde5-45d4-8ce8-a7ad55ee2c31/scmNode-2/scm-ha/54085720-bde5-45d4-8ce8-a7ad55ee2c31 has been successfully formatted.
2021-05-31 14:16:25,268 [pool-36-thread-1] INFO  server.RaftServerConfigKeys (ConfUtils.java:logGet(44)) - raft.server.notification.no-leader.timeout = 60s (default)
2021-05-31 14:16:25,268 [pool-36-thread-1] INFO  server.RaftServerConfigKeys (ConfUtils.java:logGet(44)) - raft.server.log.use.memory = false (default)
2021-05-31 14:16:25,268 [pool-36-thread-1] INFO  server.RaftServerConfigKeys (ConfUtils.java:logGet(44)) - raft.server.log.purge.gap = 5 (custom)
2021-05-31 14:16:25,268 [pool-36-thread-1] INFO  server.RaftServerConfigKeys (ConfUtils.java:logGet(44)) - raft.server.log.appender.buffer.byte-limit = 33554432 (custom)
2021-05-31 14:16:25,268 [pool-36-thread-1] INFO  metrics.RatisMetrics (RatisMetrics.java:lambda$create$0(36)) - Creating Metrics Registry : ratis.log_worker.fc8d0b26-40fd-4e75-8432-30636972f5a2@group-A7AD55EE2C31
2021-05-31 14:16:25,268 [pool-36-thread-1] WARN  impl.MetricRegistriesImpl (MetricRegistriesImpl.java:lambda$create$1(65)) - First MetricRegistry has been created without registering reporters. You may need to call MetricRegistries.global().addReporterRegistration(...) before.
2021-05-31 14:16:25,268 [pool-36-thread-1] INFO  server.RaftServerConfigKeys (ConfUtils.java:logGet(44)) - raft.server.log.segment.size.max = 16384 (custom)
2021-05-31 14:16:25,268 [pool-36-thread-1] INFO  server.RaftServerConfigKeys (ConfUtils.java:logGet(44)) - raft.server.log.segment.cache.num.max = 2 (custom)
2021-05-31 14:16:25,268 [pool-36-thread-1] INFO  server.RaftServerConfigKeys (ConfUtils.java:logGet(44)) - raft.server.log.segment.cache.size.max = 200MB (=209715200) (default)
2021-05-31 14:16:25,268 [pool-36-thread-1] INFO  segmented.SegmentedRaftLogWorker (SegmentedRaftLogWorker.java:<init>(182)) - new fc8d0b26-40fd-4e75-8432-30636972f5a2@group-A7AD55EE2C31-SegmentedRaftLogWorker for RaftStorageImpl:Storage Directory /home/runner/work/ozone/ozone/mnt/ozone/hadoop-ozone/integration-test/target/test-dir/MiniOzoneClusterImpl-54085720-bde5-45d4-8ce8-a7ad55ee2c31/scmNode-2/scm-ha/54085720-bde5-45d4-8ce8-a7ad55ee2c31
2021-05-31 14:16:25,268 [pool-36-thread-1] INFO  server.RaftServerConfigKeys (ConfUtils.java:logGet(44)) - raft.server.log.queue.byte-limit = 64MB (=67108864) (default)
2021-05-31 14:16:25,269 [pool-36-thread-1] INFO  server.RaftServerConfigKeys (ConfUtils.java:logGet(44)) - raft.server.log.queue.element-limit = 4096 (default)
2021-05-31 14:16:25,269 [pool-36-thread-1] INFO  server.RaftServerConfigKeys (ConfUtils.java:logGet(44)) - raft.server.log.segment.size.max = 16384 (custom)
2021-05-31 14:16:25,269 [pool-36-thread-1] INFO  server.RaftServerConfigKeys (ConfUtils.java:logGet(44)) - raft.server.log.preallocated.size = 16384 (custom)
2021-05-31 14:16:25,269 [pool-36-thread-1] INFO  server.RaftServerConfigKeys (ConfUtils.java:logGet(44)) - raft.server.log.force.sync.num = 128 (default)
2021-05-31 14:16:25,269 [pool-36-thread-1] INFO  server.RaftServerConfigKeys (ConfUtils.java:logGet(44)) - raft.server.log.statemachine.data.sync = true (default)
2021-05-31 14:16:25,269 [pool-36-thread-1] INFO  server.RaftServerConfigKeys (ConfUtils.java:logGet(44)) - raft.server.log.statemachine.data.sync.timeout = 10s (default)
2021-05-31 14:16:25,269 [pool-36-thread-1] INFO  server.RaftServerConfigKeys (ConfUtils.java:logGet(44)) - raft.server.log.statemachine.data.sync.timeout.retry = -1 (default)
2021-05-31 14:16:25,269 [pool-36-thread-1] INFO  server.RaftServerConfigKeys (ConfUtils.java:logGet(44)) - raft.server.log.write.buffer.size = 64KB (=65536) (default)
2021-05-31 14:16:25,269 [pool-36-thread-1] INFO  server.RaftServerConfigKeys (ConfUtils.java:logGet(44)) - raft.server.log.statemachine.data.caching.enabled = false (default)
2021-05-31 14:16:25,270 [pool-36-thread-1] INFO  segmented.SegmentedRaftLogWorker (SegmentedRaftLogWorker.java:lambda$new$0(133)) - fc8d0b26-40fd-4e75-8432-30636972f5a2@group-A7AD55EE2C31-SegmentedRaftLogWorker: flushIndex: setUnconditionally 0 -> -1
2021-05-31 14:16:25,270 [pool-36-thread-1] INFO  segmented.SegmentedRaftLogWorker (SegmentedRaftLogWorker.java:lambda$new$0(133)) - fc8d0b26-40fd-4e75-8432-30636972f5a2@group-A7AD55EE2C31-SegmentedRaftLogWorker: safeCacheEvictIndex: setUnconditionally 0 -> -1
2021-05-31 14:16:25,271 [pool-36-thread-1] INFO  server.RaftServerConfigKeys (ConfUtils.java:logGet(44)) - raft.server.snapshot.auto.trigger.enabled = true (custom)
2021-05-31 14:16:25,271 [pool-36-thread-1] INFO  server.RaftServerConfigKeys (ConfUtils.java:logGet(44)) - raft.server.snapshot.auto.trigger.threshold = 5 (custom)
2021-05-31 14:16:25,271 [pool-36-thread-1] INFO  server.RaftServerConfigKeys (ConfUtils.java:logGet(44)) - raft.server.snapshot.retention.file.num = -1 (default)
2021-05-31 14:16:25,271 [pool-36-thread-1] INFO  server.RaftServerConfigKeys (ConfUtils.java:logGet(44)) - raft.server.log.purge.upto.snapshot.index = true (custom)
2021-05-31 14:16:25,272 [pool-36-thread-1] INFO  server.RaftServerConfigKeys (ConfUtils.java:logGet(44)) - raft.server.retrycache.expirytime = 60000ms (default)
2021-05-31 14:16:25,272 [pool-36-thread-1] INFO  server.RaftServerConfigKeys (ConfUtils.java:logGet(44)) - raft.server.retrycache.statistics.expirytime = 100μs (default)
2021-05-31 14:16:25,272 [pool-36-thread-1] INFO  metrics.RatisMetrics (RatisMetrics.java:lambda$create$0(36)) - Creating Metrics Registry : ratis.leader_election.fc8d0b26-40fd-4e75-8432-30636972f5a2@group-A7AD55EE2C31
2021-05-31 14:16:25,272 [pool-36-thread-1] WARN  impl.MetricRegistriesImpl (MetricRegistriesImpl.java:lambda$create$1(65)) - First MetricRegistry has been created without registering reporters. You may need to call MetricRegistries.global().addReporterRegistration(...) before.
2021-05-31 14:16:25,272 [pool-36-thread-1] INFO  metrics.RatisMetrics (RatisMetrics.java:lambda$create$0(36)) - Creating Metrics Registry : ratis.server.fc8d0b26-40fd-4e75-8432-30636972f5a2@group-A7AD55EE2C31
2021-05-31 14:16:25,272 [pool-36-thread-1] WARN  impl.MetricRegistriesImpl (MetricRegistriesImpl.java:lambda$create$1(65)) - First MetricRegistry has been created without registering reporters. You may need to call MetricRegistries.global().addReporterRegistration(...) before.
2021-05-31 14:16:25,272 [Listener at 0.0.0.0/14163] INFO  ha.SCMSnapshotProvider (SCMSnapshotProvider.java:<init>(66)) - Initializing SCM Snapshot Provider
2021-05-31 14:16:25,273 [Listener at 0.0.0.0/14163] WARN  server.ServerUtils (ServerUtils.java:getDefaultRatisDirectory(237)) - Storage directory for Ratis is not configured. It is a good idea to map this to an SSD disk. Falling back to ozone.metadata.dirs
2021-05-31 14:16:25,273 [Listener at 0.0.0.0/14163] WARN  ha.SCMHAUtils (SCMHAUtils.java:getSCMRatisSnapshotDirectory(142)) - SCM snapshot dir is not configured. Falling back to ozone.metadata.dirs config
2021-05-31 14:16:25,274 [Listener at 0.0.0.0/14163] INFO  ha.SequenceIdGenerator (SequenceIdGenerator.java:upgradeToSequenceId(300)) - upgrade localId to 107544261427200000
2021-05-31 14:16:25,274 [Listener at 0.0.0.0/14163] INFO  ha.SequenceIdGenerator (SequenceIdGenerator.java:upgradeToSequenceId(310)) - upgrade delTxnId to 0
2021-05-31 14:16:25,275 [Listener at 0.0.0.0/14163] INFO  ha.SequenceIdGenerator (SequenceIdGenerator.java:upgradeToSequenceId(324)) - upgrade containerId to 0
2021-05-31 14:16:25,275 [Listener at 0.0.0.0/14163] INFO  ha.SequenceIdGenerator (SequenceIdGenerator.java:<init>(196)) - Init the HA SequenceIdGenerator.
2021-05-31 14:16:25,275 [Listener at 0.0.0.0/14163] WARN  server.ServerUtils (ServerUtils.java:sanitizeUserArgs(73)) - ozone.scm.stale.node.interval value = 300000 is larger than max = 100000 based on the key value of ozone.scm.heartbeat.thread.interval, reset to the max value 100000.
2021-05-31 14:16:25,275 [Listener at 0.0.0.0/14163] WARN  server.ServerUtils (ServerUtils.java:sanitizeUserArgs(73)) - ozone.scm.stale.node.interval value = 300000 is larger than max = 100000 based on the key value of ozone.scm.heartbeat.thread.interval, reset to the max value 100000.
2021-05-31 14:16:25,279 [Listener at 0.0.0.0/14163] INFO  node.SCMNodeManager (SCMNodeManager.java:<init>(125)) - Entering startup safe mode.
2021-05-31 14:16:25,280 [Listener at 0.0.0.0/14163] INFO  algorithms.ContainerPlacementPolicyFactory (ContainerPlacementPolicyFactory.java:getPolicy(60)) - Create container placement policy of type org.apache.hadoop.hdds.scm.container.placement.algorithms.SCMContainerPlacementRandom
2021-05-31 14:16:25,281 [Listener at 0.0.0.0/14163] INFO  pipeline.PipelineStateManager (PipelineStateManagerV2Impl.java:initialize(78)) - No pipeline exists in current db
2021-05-31 14:16:25,281 [Listener at 0.0.0.0/14163] INFO  algorithms.LeaderChoosePolicyFactory (LeaderChoosePolicyFactory.java:getPolicy(57)) - Create leader choose policy of type org.apache.hadoop.hdds.scm.pipeline.leader.choose.algorithms.MinLeaderCountChoosePolicy
2021-05-31 14:16:25,281 [Listener at 0.0.0.0/14163] INFO  ha.SCMServiceManager (SCMServiceManager.java:register(43)) - Registering service BackgroundPipelineCreator.
2021-05-31 14:16:25,281 [Listener at 0.0.0.0/14163] INFO  pipeline.BackgroundPipelineCreator (BackgroundPipelineCreatorV2.java:start(130)) - Starting RatisPipelineUtilsThread.
2021-05-31 14:16:25,286 [Listener at 0.0.0.0/14163] INFO  algorithms.PipelineChoosePolicyFactory (PipelineChoosePolicyFactory.java:createPipelineChoosePolicyFromClass(73)) - Create pipeline choose policy of type org.apache.hadoop.hdds.scm.pipeline.choose.algorithms.RandomPipelineChoosePolicy
2021-05-31 14:16:25,288 [Listener at 0.0.0.0/14163] INFO  ha.SCMServiceManager (SCMServiceManager.java:register(43)) - Registering service SCMBlockDeletingService.
2021-05-31 14:16:25,289 [Listener at 0.0.0.0/14163] INFO  ha.SCMServiceManager (SCMServiceManager.java:register(43)) - Registering service ReplicationManager.
2021-05-31 14:16:25,290 [Listener at 0.0.0.0/14163] INFO  container.ReplicationManager (ReplicationManager.java:start(226)) - Starting Replication Monitor Thread.
2021-05-31 14:16:25,291 [Listener at 0.0.0.0/14163] INFO  safemode.HealthyPipelineSafeModeRule (HealthyPipelineSafeModeRule.java:<init>(90)) - Total pipeline count is 0, healthy pipeline threshold count is 0
2021-05-31 14:16:25,291 [Listener at 0.0.0.0/14163] INFO  safemode.OneReplicaPipelineSafeModeRule (OneReplicaPipelineSafeModeRule.java:<init>(86)) - Total pipeline count is 0, pipeline's with at least one datanode reported threshold count is 0
2021-05-31 14:16:25,292 [Listener at 0.0.0.0/14163] INFO  ipc.CallQueueManager (CallQueueManager.java:<init>(85)) - Using callQueue: class java.util.concurrent.LinkedBlockingQueue, queueCapacity: 2000, scheduler: class org.apache.hadoop.ipc.DefaultRpcScheduler, ipcBackoff: false.
2021-05-31 14:16:25,294 [Socket Reader #1 for port 14171] INFO  ipc.Server (Server.java:run(1255)) - Starting Socket Reader #1 for port 14171
2021-05-31 14:16:25,296 [Listener at 0.0.0.0/14171] INFO  ipc.CallQueueManager (CallQueueManager.java:<init>(85)) - Using callQueue: class java.util.concurrent.LinkedBlockingQueue, queueCapacity: 2000, scheduler: class org.apache.hadoop.ipc.DefaultRpcScheduler, ipcBackoff: false.
2021-05-31 14:16:25,297 [Socket Reader #1 for port 14172] INFO  ipc.Server (Server.java:run(1255)) - Starting Socket Reader #1 for port 14172
2021-05-31 14:16:25,298 [Listener at 0.0.0.0/14172] INFO  ipc.CallQueueManager (CallQueueManager.java:<init>(85)) - Using callQueue: class java.util.concurrent.LinkedBlockingQueue, queueCapacity: 2000, scheduler: class org.apache.hadoop.ipc.DefaultRpcScheduler, ipcBackoff: false.
2021-05-31 14:16:25,299 [Socket Reader #1 for port 14173] INFO  ipc.Server (Server.java:run(1255)) - Starting Socket Reader #1 for port 14173
2021-05-31 14:16:25,311 [ReplicationMonitor] INFO  container.ReplicationManager (ReplicationManager.java:run(290)) - Replication Monitor Thread took 0 milliseconds for processing 0 containers.
2021-05-31 14:16:25,313 [Listener at 0.0.0.0/14173] INFO  server.StorageContainerManager (StorageContainerManager.java:<init>(417)) - 
Container Balancer status:
Key                            Value
Running                        true
Container Balancer Configuration values:
Key                            Value
Threshold                      0.1
Max Datanodes to Balance       5
Max Size to Move               10737418240B

2021-05-31 14:16:25,313 [Listener at 0.0.0.0/14173] WARN  events.EventQueue (EventQueue.java:fireEvent(185)) - No event handler registered for event TypedEvent{payloadType=SafeModeStatus, name='Safe mode status'}
2021-05-31 14:16:25,314 [Listener at 0.0.0.0/14173] INFO  ha.SCMContext (SCMContext.java:updateSafeModeStatus(147)) - Update SafeModeStatus from SafeModeStatus{safeModeStatus=true, preCheckPassed=false} to SafeModeStatus{safeModeStatus=true, preCheckPassed=false}.
2021-05-31 14:16:25,314 [Listener at 0.0.0.0/14173] INFO  server.StorageContainerManager (StorageContainerManager.java:start(1200)) - StorageContainerLocationProtocol RPC server is listening at /0.0.0.0:14173
2021-05-31 14:16:25,314 [Listener at 0.0.0.0/14173] INFO  ha.SCMRatisServerImpl (SCMRatisServerImpl.java:start(171)) - starting ratis server 0.0.0.0:14170
2021-05-31 14:16:25,315 [Listener at 0.0.0.0/14173] INFO  server.RaftServer$Division (RaftServerImpl.java:start(298)) - fc8d0b26-40fd-4e75-8432-30636972f5a2@group-A7AD55EE2C31: start with initializing state, conf=-1: [], old=null
2021-05-31 14:16:25,315 [Listener at 0.0.0.0/14173] INFO  server.RaftServer$Division (RaftServerImpl.java:setRole(284)) - fc8d0b26-40fd-4e75-8432-30636972f5a2@group-A7AD55EE2C31: changes role from      null to FOLLOWER at term 0 for startInitializing
2021-05-31 14:16:25,315 [Listener at 0.0.0.0/14173] INFO  util.JmxRegister (JmxRegister.java:tryRegister(44)) - Successfully registered JMX Bean with object name Ratis:service=RaftServer,group=group-A7AD55EE2C31,id=fc8d0b26-40fd-4e75-8432-30636972f5a2
2021-05-31 14:16:25,315 [Listener at 0.0.0.0/14173] INFO  metrics.RatisMetrics (RatisMetrics.java:lambda$create$0(36)) - Creating Metrics Registry : ratis.state_machine.fc8d0b26-40fd-4e75-8432-30636972f5a2@group-A7AD55EE2C31
2021-05-31 14:16:25,315 [Listener at 0.0.0.0/14173] WARN  impl.MetricRegistriesImpl (MetricRegistriesImpl.java:lambda$create$1(65)) - First MetricRegistry has been created without registering reporters. You may need to call MetricRegistries.global().addReporterRegistration(...) before.
2021-05-31 14:16:25,317 [Listener at 0.0.0.0/14173] INFO  server.RaftServer (RaftServerProxy.java:lambda$start$5(374)) - fc8d0b26-40fd-4e75-8432-30636972f5a2: start RPC server
2021-05-31 14:16:25,320 [Listener at 0.0.0.0/14173] INFO  server.GrpcService (GrpcService.java:startImpl(253)) - fc8d0b26-40fd-4e75-8432-30636972f5a2: GrpcService started, listening on 14170
2021-05-31 14:16:25,323 [Listener at 0.0.0.0/14173] INFO  ha.SCMNodeInfo (SCMNodeInfo.java:getPort(197)) - ConfigKey ozone.scm.client.address is deprecated, For configuring different ports for each SCM use PortConfigKey ozone.scm.client.port appended with serviceId and nodeId
2021-05-31 14:16:25,323 [Listener at 0.0.0.0/14173] INFO  ha.SCMNodeInfo (SCMNodeInfo.java:getPort(197)) - ConfigKey ozone.scm.block.client.address is deprecated, For configuring different ports for each SCM use PortConfigKey ozone.scm.block.client.port appended with serviceId and nodeId
2021-05-31 14:16:25,324 [Listener at 0.0.0.0/14173] INFO  ha.SCMNodeInfo (SCMNodeInfo.java:getPort(197)) - ConfigKey ozone.scm.datanode.address is deprecated, For configuring different ports for each SCM use PortConfigKey ozone.scm.datanode.port appended with serviceId and nodeId
2021-05-31 14:16:25,324 [Listener at 0.0.0.0/14173] INFO  ha.SCMNodeInfo (SCMNodeInfo.java:getPort(197)) - ConfigKey ozone.scm.client.address is deprecated, For configuring different ports for each SCM use PortConfigKey ozone.scm.client.port appended with serviceId and nodeId
2021-05-31 14:16:25,324 [Listener at 0.0.0.0/14173] INFO  ha.SCMNodeInfo (SCMNodeInfo.java:getPort(197)) - ConfigKey ozone.scm.block.client.address is deprecated, For configuring different ports for each SCM use PortConfigKey ozone.scm.block.client.port appended with serviceId and nodeId
2021-05-31 14:16:25,324 [Listener at 0.0.0.0/14173] INFO  ha.SCMNodeInfo (SCMNodeInfo.java:getPort(197)) - ConfigKey ozone.scm.datanode.address is deprecated, For configuring different ports for each SCM use PortConfigKey ozone.scm.datanode.port appended with serviceId and nodeId
2021-05-31 14:16:25,324 [Listener at 0.0.0.0/14173] INFO  ha.SCMNodeInfo (SCMNodeInfo.java:getPort(197)) - ConfigKey ozone.scm.client.address is deprecated, For configuring different ports for each SCM use PortConfigKey ozone.scm.client.port appended with serviceId and nodeId
2021-05-31 14:16:25,325 [Listener at 0.0.0.0/14173] INFO  ha.SCMNodeInfo (SCMNodeInfo.java:getPort(197)) - ConfigKey ozone.scm.block.client.address is deprecated, For configuring different ports for each SCM use PortConfigKey ozone.scm.block.client.port appended with serviceId and nodeId
2021-05-31 14:16:25,325 [Listener at 0.0.0.0/14173] INFO  ha.SCMNodeInfo (SCMNodeInfo.java:getPort(197)) - ConfigKey ozone.scm.datanode.address is deprecated, For configuring different ports for each SCM use PortConfigKey ozone.scm.datanode.port appended with serviceId and nodeId
2021-05-31 14:16:25,332 [org.apache.ratis.util.JvmPauseMonitor$$Lambda$493/1767532961@18d1d137] INFO  util.JvmPauseMonitor (JvmPauseMonitor.java:run(103)) - JvmPauseMonitor-fc8d0b26-40fd-4e75-8432-30636972f5a2: Started
2021-05-31 14:16:25,339 [IPC Server handler 2 on default port 14162] INFO  ha.SCMRatisServerImpl (SCMRatisServerImpl.java:addSCM(282)) - 86c596a3-6f32-42a0-9237-c69d9bdf2958: Submitting SetConfiguration request to Ratis server with new SCM peers list: [86c596a3-6f32-42a0-9237-c69d9bdf2958|rpc:localhost:14160|admin:|client:|dataStream:|priority:0, fc8d0b26-40fd-4e75-8432-30636972f5a2|rpc:localhost:14170|priority:0]
2021-05-31 14:16:25,352 [IPC Server handler 2 on default port 14162] INFO  server.RaftServer$Division (RaftServerImpl.java:setConfigurationAsync(970)) - 86c596a3-6f32-42a0-9237-c69d9bdf2958@group-A7AD55EE2C31: receive setConfiguration SetConfigurationRequest:client-EDBDB6DF57BB->86c596a3-6f32-42a0-9237-c69d9bdf2958@group-A7AD55EE2C31, cid=0, seq=0, RW, null, peers:[86c596a3-6f32-42a0-9237-c69d9bdf2958|rpc:localhost:14160|admin:|client:|dataStream:|priority:0, fc8d0b26-40fd-4e75-8432-30636972f5a2|rpc:localhost:14170|priority:0]
2021-05-31 14:16:25,353 [IPC Server handler 2 on default port 14162] INFO  server.RaftServer$Division (LeaderStateImpl.java:startSetConfiguration(345)) - 86c596a3-6f32-42a0-9237-c69d9bdf2958@group-A7AD55EE2C31-LeaderStateImpl: startSetConfiguration SetConfigurationRequest:client-EDBDB6DF57BB->86c596a3-6f32-42a0-9237-c69d9bdf2958@group-A7AD55EE2C31, cid=0, seq=0, RW, null, peers:[86c596a3-6f32-42a0-9237-c69d9bdf2958|rpc:localhost:14160|admin:|client:|dataStream:|priority:0, fc8d0b26-40fd-4e75-8432-30636972f5a2|rpc:localhost:14170|priority:0]
2021-05-31 14:16:25,358 [IPC Server handler 2 on default port 14162] INFO  server.RaftServerConfigKeys (ConfUtils.java:logGet(44)) - raft.server.log.appender.snapshot.chunk.size.max = 16MB (=16777216) (default)
2021-05-31 14:16:25,358 [IPC Server handler 2 on default port 14162] INFO  server.RaftServerConfigKeys (ConfUtils.java:logGet(44)) - raft.server.log.appender.buffer.byte-limit = 33554432 (custom)
2021-05-31 14:16:25,359 [IPC Server handler 2 on default port 14162] INFO  server.RaftServerConfigKeys (ConfUtils.java:logGet(44)) - raft.server.log.appender.buffer.element-limit = 33554432 (custom)
2021-05-31 14:16:25,448 [IPC Server handler 2 on default port 14162] INFO  grpc.GrpcConfigKeys (ConfUtils.java:logGet(44)) - raft.grpc.server.leader.outstanding.appends.max = 128 (default)
2021-05-31 14:16:25,448 [IPC Server handler 2 on default port 14162] INFO  server.RaftServerConfigKeys (ConfUtils.java:logGet(44)) - raft.server.rpc.request.timeout = 3000ms (default)
2021-05-31 14:16:25,448 [IPC Server handler 2 on default port 14162] INFO  server.RaftServerConfigKeys (ConfUtils.java:logGet(44)) - raft.server.log.appender.install.snapshot.enabled = false (custom)
2021-05-31 14:16:25,449 [IPC Server handler 2 on default port 14162] INFO  metrics.RatisMetrics (RatisMetrics.java:lambda$create$0(36)) - Creating Metrics Registry : ratis_grpc.log_appender.86c596a3-6f32-42a0-9237-c69d9bdf2958@group-A7AD55EE2C31
2021-05-31 14:16:25,449 [IPC Server handler 2 on default port 14162] WARN  impl.MetricRegistriesImpl (MetricRegistriesImpl.java:lambda$create$1(65)) - First MetricRegistry has been created without registering reporters. You may need to call MetricRegistries.global().addReporterRegistration(...) before.
2021-05-31 14:16:25,706 [grpc-default-executor-2] INFO  metrics.RatisMetrics (RatisMetrics.java:lambda$create$0(36)) - Creating Metrics Registry : ratis.server_message_metrics.fc8d0b26-40fd-4e75-8432-30636972f5a2
2021-05-31 14:16:25,707 [grpc-default-executor-2] WARN  impl.MetricRegistriesImpl (MetricRegistriesImpl.java:lambda$create$1(65)) - First MetricRegistry has been created without registering reporters. You may need to call MetricRegistries.global().addReporterRegistration(...) before.
2021-05-31 14:16:25,727 [grpc-default-executor-2] INFO  ha.SCMStateMachine (SCMStateMachine.java:notifyLeaderChanged(233)) - leader changed, yet current SCM is still follower.
2021-05-31 14:16:25,727 [grpc-default-executor-2] INFO  server.RaftServer$Division (ServerState.java:setLeader(271)) - fc8d0b26-40fd-4e75-8432-30636972f5a2@group-A7AD55EE2C31: change Leader from null to 86c596a3-6f32-42a0-9237-c69d9bdf2958 at term 2 for appendEntries, leader elected after 459ms
2021-05-31 14:16:25,728 [grpc-default-executor-2] INFO  impl.RoleInfo (RoleInfo.java:updateAndGet(130)) - fc8d0b26-40fd-4e75-8432-30636972f5a2: start fc8d0b26-40fd-4e75-8432-30636972f5a2@group-A7AD55EE2C31-FollowerState
2021-05-31 14:16:25,741 [grpc-default-executor-2] INFO  server.RaftServer$Division (ServerState.java:setRaftConf(373)) - fc8d0b26-40fd-4e75-8432-30636972f5a2@group-A7AD55EE2C31: set configuration 0: [86c596a3-6f32-42a0-9237-c69d9bdf2958|rpc:localhost:14160|admin:|client:|dataStream:|priority:0], old=null
2021-05-31 14:16:25,742 [grpc-default-executor-2] INFO  server.RaftServer$Division (ServerState.java:setRaftConf(373)) - fc8d0b26-40fd-4e75-8432-30636972f5a2@group-A7AD55EE2C31: set configuration 1: [86c596a3-6f32-42a0-9237-c69d9bdf2958|rpc:localhost:14160|admin:|client:|dataStream:|priority:0], old=null
2021-05-31 14:16:25,742 [grpc-default-executor-2] INFO  segmented.SegmentedRaftLogWorker (SegmentedRaftLogWorker.java:startLogSegment(394)) - fc8d0b26-40fd-4e75-8432-30636972f5a2@group-A7AD55EE2C31-SegmentedRaftLogWorker: Starting segment from index:0
2021-05-31 14:16:25,743 [grpc-default-executor-2] INFO  segmented.SegmentedRaftLogWorker (SegmentedRaftLogWorker.java:rollLogSegment(399)) - fc8d0b26-40fd-4e75-8432-30636972f5a2@group-A7AD55EE2C31-SegmentedRaftLogWorker: Rolling segment log-0_0 to index:0
2021-05-31 14:16:25,743 [fc8d0b26-40fd-4e75-8432-30636972f5a2@group-A7AD55EE2C31-SegmentedRaftLogWorker] INFO  segmented.SegmentedRaftLogWorker (SegmentedRaftLogWorker.java:execute(601)) - fc8d0b26-40fd-4e75-8432-30636972f5a2@group-A7AD55EE2C31-SegmentedRaftLogWorker: created new log segment /home/runner/work/ozone/ozone/mnt/ozone/hadoop-ozone/integration-test/target/test-dir/MiniOzoneClusterImpl-54085720-bde5-45d4-8ce8-a7ad55ee2c31/scmNode-2/scm-ha/54085720-bde5-45d4-8ce8-a7ad55ee2c31/current/log_inprogress_0
2021-05-31 14:16:25,744 [fc8d0b26-40fd-4e75-8432-30636972f5a2@group-A7AD55EE2C31-SegmentedRaftLogWorker] INFO  segmented.SegmentedRaftLogWorker (SegmentedRaftLogWorker.java:execute(558)) - fc8d0b26-40fd-4e75-8432-30636972f5a2@group-A7AD55EE2C31-SegmentedRaftLogWorker: Rolled log segment from /home/runner/work/ozone/ozone/mnt/ozone/hadoop-ozone/integration-test/target/test-dir/MiniOzoneClusterImpl-54085720-bde5-45d4-8ce8-a7ad55ee2c31/scmNode-2/scm-ha/54085720-bde5-45d4-8ce8-a7ad55ee2c31/current/log_inprogress_0 to /home/runner/work/ozone/ozone/mnt/ozone/hadoop-ozone/integration-test/target/test-dir/MiniOzoneClusterImpl-54085720-bde5-45d4-8ce8-a7ad55ee2c31/scmNode-2/scm-ha/54085720-bde5-45d4-8ce8-a7ad55ee2c31/current/log_0-0
2021-05-31 14:16:25,745 [fc8d0b26-40fd-4e75-8432-30636972f5a2@group-A7AD55EE2C31-SegmentedRaftLogWorker] INFO  segmented.SegmentedRaftLogWorker (SegmentedRaftLogWorker.java:execute(601)) - fc8d0b26-40fd-4e75-8432-30636972f5a2@group-A7AD55EE2C31-SegmentedRaftLogWorker: created new log segment /home/runner/work/ozone/ozone/mnt/ozone/hadoop-ozone/integration-test/target/test-dir/MiniOzoneClusterImpl-54085720-bde5-45d4-8ce8-a7ad55ee2c31/scmNode-2/scm-ha/54085720-bde5-45d4-8ce8-a7ad55ee2c31/current/log_inprogress_1
2021-05-31 14:16:25,764 [86c596a3-6f32-42a0-9237-c69d9bdf2958@group-A7AD55EE2C31-LeaderStateImpl] INFO  server.RaftServer$Division (ServerState.java:setRaftConf(373)) - 86c596a3-6f32-42a0-9237-c69d9bdf2958@group-A7AD55EE2C31: set configuration 3: [86c596a3-6f32-42a0-9237-c69d9bdf2958|rpc:localhost:14160|admin:|client:|dataStream:|priority:0, fc8d0b26-40fd-4e75-8432-30636972f5a2|rpc:localhost:14170|priority:0], old=[86c596a3-6f32-42a0-9237-c69d9bdf2958|rpc:localhost:14160|admin:|client:|dataStream:|priority:0]
2021-05-31 14:16:25,769 [grpc-default-executor-2] INFO  server.RaftServer$Division (ServerState.java:setRaftConf(373)) - fc8d0b26-40fd-4e75-8432-30636972f5a2@group-A7AD55EE2C31: set configuration 3: [86c596a3-6f32-42a0-9237-c69d9bdf2958|rpc:localhost:14160|admin:|client:|dataStream:|priority:0, fc8d0b26-40fd-4e75-8432-30636972f5a2|rpc:localhost:14170|admin:|client:|dataStream:|priority:0], old=[86c596a3-6f32-42a0-9237-c69d9bdf2958|rpc:localhost:14160|admin:|client:|dataStream:|priority:0]
2021-05-31 14:16:25,774 [86c596a3-6f32-42a0-9237-c69d9bdf2958@group-A7AD55EE2C31-LeaderStateImpl] INFO  server.RaftServer$Division (ServerState.java:setRaftConf(373)) - 86c596a3-6f32-42a0-9237-c69d9bdf2958@group-A7AD55EE2C31: set configuration 5: [86c596a3-6f32-42a0-9237-c69d9bdf2958|rpc:localhost:14160|admin:|client:|dataStream:|priority:0, fc8d0b26-40fd-4e75-8432-30636972f5a2|rpc:localhost:14170|priority:0], old=null
2021-05-31 14:16:25,779 [grpc-default-executor-2] INFO  server.RaftServer$Division (ServerState.java:setRaftConf(373)) - fc8d0b26-40fd-4e75-8432-30636972f5a2@group-A7AD55EE2C31: set configuration 5: [86c596a3-6f32-42a0-9237-c69d9bdf2958|rpc:localhost:14160|admin:|client:|dataStream:|priority:0, fc8d0b26-40fd-4e75-8432-30636972f5a2|rpc:localhost:14170|admin:|client:|dataStream:|priority:0], old=null
2021-05-31 14:16:25,783 [86c596a3-6f32-42a0-9237-c69d9bdf2958@group-A7AD55EE2C31-StateMachineUpdater] INFO  ha.SCMStateMachine (SCMStateMachine.java:takeSnapshot(282)) - Current Snapshot Index 4, takeSnapshot took 1 ms
2021-05-31 14:16:25,783 [86c596a3-6f32-42a0-9237-c69d9bdf2958@group-A7AD55EE2C31-StateMachineUpdater] INFO  impl.StateMachineUpdater (StateMachineUpdater.java:takeSnapshot(281)) - 86c596a3-6f32-42a0-9237-c69d9bdf2958@group-A7AD55EE2C31-StateMachineUpdater: Took a snapshot at index 4
2021-05-31 14:16:25,783 [86c596a3-6f32-42a0-9237-c69d9bdf2958@group-A7AD55EE2C31-StateMachineUpdater] INFO  impl.StateMachineUpdater (StateMachineUpdater.java:lambda$new$0(89)) - 86c596a3-6f32-42a0-9237-c69d9bdf2958@group-A7AD55EE2C31-StateMachineUpdater: snapshotIndex: updateIncreasingly -1 -> 4
2021-05-31 14:16:25,783 [86c596a3-6f32-42a0-9237-c69d9bdf2958@group-A7AD55EE2C31-StateMachineUpdater] INFO  raftlog.RaftLog (RaftLogBase.java:purge(306)) - 86c596a3-6f32-42a0-9237-c69d9bdf2958@group-A7AD55EE2C31-SegmentedRaftLog: purge 4
2021-05-31 14:16:25,785 [86c596a3-6f32-42a0-9237-c69d9bdf2958@group-A7AD55EE2C31-StateMachineUpdater] INFO  raftlog.RaftLog (RaftLogBase.java:lambda$new$0(53)) - 86c596a3-6f32-42a0-9237-c69d9bdf2958@group-A7AD55EE2C31-SegmentedRaftLog: snapshotIndex: updateIncreasingly -1 -> 4
2021-05-31 14:16:25,786 [86c596a3-6f32-42a0-9237-c69d9bdf2958@group-A7AD55EE2C31-SegmentedRaftLogWorker] INFO  raftlog.RaftLog (RaftLogBase.java:lambda$new$0(53)) - 86c596a3-6f32-42a0-9237-c69d9bdf2958@group-A7AD55EE2C31-SegmentedRaftLog: purgeIndex: updateToMax old=-1, new=0, updated? true
2021-05-31 14:16:25,787 [IPC Server handler 2 on default port 14162] INFO  ha.SCMRatisServerImpl (SCMRatisServerImpl.java:addSCM(293)) - Successfully added new SCM: fc8d0b26-40fd-4e75-8432-30636972f5a2.
2021-05-31 14:16:25,790 [Listener at 0.0.0.0/14173] INFO  ha.SCMHAManagerImpl (SCMHAManagerImpl.java:start(116)) - Successfully added SCM scmNode-2 to group group-A7AD55EE2C31:[86c596a3-6f32-42a0-9237-c69d9bdf2958|rpc:localhost:14160|admin:|client:|dataStream:|priority:0, fc8d0b26-40fd-4e75-8432-30636972f5a2|rpc:localhost:14170|admin:|client:|dataStream:|priority:0]
2021-05-31 14:16:25,790 [Listener at 0.0.0.0/14173] INFO  ha.InterSCMGrpcService (InterSCMGrpcProtocolService.java:start(94)) - Starting SCM Grpc Service at port 14174
2021-05-31 14:16:25,791 [fc8d0b26-40fd-4e75-8432-30636972f5a2@group-A7AD55EE2C31-StateMachineUpdater] INFO  ha.SCMStateMachine (SCMStateMachine.java:takeSnapshot(282)) - Current Snapshot Index 5, takeSnapshot took 0 ms
2021-05-31 14:16:25,791 [fc8d0b26-40fd-4e75-8432-30636972f5a2@group-A7AD55EE2C31-StateMachineUpdater] INFO  impl.StateMachineUpdater (StateMachineUpdater.java:takeSnapshot(281)) - fc8d0b26-40fd-4e75-8432-30636972f5a2@group-A7AD55EE2C31-StateMachineUpdater: Took a snapshot at index 5
2021-05-31 14:16:25,791 [fc8d0b26-40fd-4e75-8432-30636972f5a2@group-A7AD55EE2C31-StateMachineUpdater] INFO  impl.StateMachineUpdater (StateMachineUpdater.java:lambda$new$0(89)) - fc8d0b26-40fd-4e75-8432-30636972f5a2@group-A7AD55EE2C31-StateMachineUpdater: snapshotIndex: updateIncreasingly -1 -> 5
2021-05-31 14:16:25,791 [fc8d0b26-40fd-4e75-8432-30636972f5a2@group-A7AD55EE2C31-StateMachineUpdater] INFO  raftlog.RaftLog (RaftLogBase.java:purge(306)) - fc8d0b26-40fd-4e75-8432-30636972f5a2@group-A7AD55EE2C31-SegmentedRaftLog: purge 5
2021-05-31 14:16:25,791 [fc8d0b26-40fd-4e75-8432-30636972f5a2@group-A7AD55EE2C31-StateMachineUpdater] INFO  raftlog.RaftLog (RaftLogBase.java:lambda$new$0(53)) - fc8d0b26-40fd-4e75-8432-30636972f5a2@group-A7AD55EE2C31-SegmentedRaftLog: snapshotIndex: updateIncreasingly -1 -> 5
2021-05-31 14:16:25,792 [fc8d0b26-40fd-4e75-8432-30636972f5a2@group-A7AD55EE2C31-SegmentedRaftLogWorker] INFO  raftlog.RaftLog (RaftLogBase.java:lambda$new$0(53)) - fc8d0b26-40fd-4e75-8432-30636972f5a2@group-A7AD55EE2C31-SegmentedRaftLog: purgeIndex: updateToMax old=-1, new=0, updated? true
2021-05-31 14:16:25,795 [Listener at 0.0.0.0/14173] INFO  impl.MetricsSystemImpl (MetricsSystemImpl.java:init(158)) - StorageContainerManager metrics system started (again)
2021-05-31 14:16:25,803 [Listener at 0.0.0.0/14173] INFO  server.SCMClientProtocolServer (SCMClientProtocolServer.java:start(163)) - RPC server for Client  is listening at /0.0.0.0:14173
2021-05-31 14:16:25,804 [IPC Server Responder] INFO  ipc.Server (Server.java:run(1497)) - IPC Server Responder: starting
2021-05-31 14:16:25,807 [IPC Server listener on 14173] INFO  ipc.Server (Server.java:run(1334)) - IPC Server listener on 14173: starting
2021-05-31 14:16:25,816 [Listener at 0.0.0.0/14173] INFO  server.StorageContainerManager (StorageContainerManager.java:start(1215)) - ScmBlockLocationProtocol RPC server is listening at /0.0.0.0:14172
2021-05-31 14:16:25,817 [Listener at 0.0.0.0/14173] INFO  server.SCMBlockProtocolServer (SCMBlockProtocolServer.java:start(149)) - RPC server for Block Protocol is listening at /0.0.0.0:14172
2021-05-31 14:16:25,817 [IPC Server Responder] INFO  ipc.Server (Server.java:run(1497)) - IPC Server Responder: starting
2021-05-31 14:16:25,818 [IPC Server listener on 14172] INFO  ipc.Server (Server.java:run(1334)) - IPC Server listener on 14172: starting
2021-05-31 14:16:25,822 [Listener at 0.0.0.0/14173] INFO  server.StorageContainerManager (StorageContainerManager.java:start(1221)) - ScmDatanodeProtocl RPC server is listening at /0.0.0.0:14171
2021-05-31 14:16:25,822 [Listener at 0.0.0.0/14173] INFO  server.SCMDatanodeProtocolServer (SCMDatanodeProtocolServer.java:start(174)) - RPC server for DataNodes is listening at /0.0.0.0:14171
2021-05-31 14:16:25,823 [IPC Server Responder] INFO  ipc.Server (Server.java:run(1497)) - IPC Server Responder: starting
2021-05-31 14:16:25,823 [IPC Server listener on 14171] INFO  ipc.Server (Server.java:run(1334)) - IPC Server listener on 14171: starting
2021-05-31 14:16:25,830 [org.apache.hadoop.util.JvmPauseMonitor$Monitor@32fd5bc] INFO  util.JvmPauseMonitor (JvmPauseMonitor.java:run(188)) - Starting JVM pause monitor
2021-05-31 14:16:25,830 [Listener at 0.0.0.0/14173] INFO  http.BaseHttpServer (BaseHttpServer.java:newHttpServer2BuilderForOzone(209)) - Starting Web-server for scm at: http://0.0.0.0:14168
2021-05-31 14:16:25,830 [Listener at 0.0.0.0/14173] INFO  http.BaseHttpServer (BaseHttpServer.java:<init>(107)) - Hadoop Security Enabled: false Ozone Security Enabled: false Ozone HTTP Security Enabled: false 
2021-05-31 14:16:25,832 [Listener at 0.0.0.0/14173] INFO  server.AuthenticationFilter (AuthenticationFilter.java:constructSecretProvider(240)) - Unable to initialize FileSignerSecretProvider, falling back to use random secrets.
2021-05-31 14:16:25,834 [Listener at 0.0.0.0/14173] WARN  http.HttpRequestLog (HttpRequestLog.java:getRequestLog(103)) - Jetty request log can only be enabled using Log4j
2021-05-31 14:16:25,835 [Listener at 0.0.0.0/14173] INFO  http.HttpServer2 (HttpServer2.java:addGlobalFilter(1020)) - Added global filter 'safety' (class=org.apache.hadoop.hdds.server.http.HttpServer2$QuotingInputFilter)
2021-05-31 14:16:25,836 [Listener at 0.0.0.0/14173] INFO  http.HttpServer2 (HttpServer2.java:addFilter(996)) - Added filter static_user_filter (class=org.apache.hadoop.http.lib.StaticUserWebFilter$StaticUserFilter) to context scm
2021-05-31 14:16:25,836 [Listener at 0.0.0.0/14173] INFO  http.HttpServer2 (HttpServer2.java:addFilter(1004)) - Added filter static_user_filter (class=org.apache.hadoop.http.lib.StaticUserWebFilter$StaticUserFilter) to context static
2021-05-31 14:16:25,836 [Listener at 0.0.0.0/14173] INFO  http.HttpServer2 (HttpServer2.java:addFilter(1004)) - Added filter static_user_filter (class=org.apache.hadoop.http.lib.StaticUserWebFilter$StaticUserFilter) to context logs
2021-05-31 14:16:25,837 [Listener at 0.0.0.0/14173] INFO  http.HttpServer2 (HttpServer2.java:bindListener(1238)) - Jetty bound to port 14168
2021-05-31 14:16:25,837 [Listener at 0.0.0.0/14173] INFO  server.Server (Server.java:doStart(375)) - jetty-9.4.35.v20201120; built: 2020-11-20T21:17:03.964Z; git: bdc54f03a5e0a7e280fab27f55c3c75ee8da89fb; jvm 1.8.0_292-b10
2021-05-31 14:16:25,842 [Listener at 0.0.0.0/14173] INFO  server.session (DefaultSessionIdManager.java:doStart(334)) - DefaultSessionIdManager workerName=node0
2021-05-31 14:16:25,842 [Listener at 0.0.0.0/14173] INFO  server.session (DefaultSessionIdManager.java:doStart(339)) - No SessionScavenger set, using defaults
2021-05-31 14:16:25,842 [Listener at 0.0.0.0/14173] INFO  server.session (HouseKeeper.java:startScavenging(132)) - node0 Scavenging every 660000ms
2021-05-31 14:16:25,843 [Listener at 0.0.0.0/14173] INFO  handler.ContextHandler (ContextHandler.java:doStart(916)) - Started o.e.j.s.ServletContextHandler@7fcbc336{logs,/logs,file:///home/runner/work/ozone/ozone/mnt/ozone/hadoop-ozone/integration-test/target/log,AVAILABLE}
2021-05-31 14:16:25,843 [Listener at 0.0.0.0/14173] INFO  handler.ContextHandler (ContextHandler.java:doStart(916)) - Started o.e.j.s.ServletContextHandler@61503d00{static,/static,file:///home/runner/work/ozone/ozone/mnt/ozone/hadoop-ozone/integration-test/target/test-classes/webapps/static,AVAILABLE}
2021-05-31 14:16:25,849 [Listener at 0.0.0.0/14173] INFO  handler.ContextHandler (ContextHandler.java:doStart(916)) - Started o.e.j.w.WebAppContext@147097ad{scm,/,file:///home/runner/work/ozone/ozone/mnt/ozone/hadoop-ozone/integration-test/target/test-classes/webapps/scm/,AVAILABLE}{file:/home/runner/work/ozone/ozone/mnt/ozone/hadoop-ozone/integration-test/target/test-classes/webapps/scm}
2021-05-31 14:16:25,851 [Listener at 0.0.0.0/14173] INFO  server.AbstractConnector (AbstractConnector.java:doStart(331)) - Started ServerConnector@4229b92c{HTTP/1.1, (http/1.1)}{0.0.0.0:14168}
2021-05-31 14:16:25,851 [Listener at 0.0.0.0/14173] INFO  server.Server (Server.java:doStart(415)) - Started @17469ms
2021-05-31 14:16:25,852 [Listener at 0.0.0.0/14173] WARN  impl.MetricsSystemImpl (MetricsSystemImpl.java:register(279)) - Sink prometheus already exists!
2021-05-31 14:16:25,852 [Listener at 0.0.0.0/14173] INFO  http.BaseHttpServer (BaseHttpServer.java:updateConnectorAddress(329)) - HTTP server of scm listening at http://0.0.0.0:14168
2021-05-31 14:16:25,852 [Listener at 0.0.0.0/14173] INFO  ozone.MiniOzoneHAClusterImpl (MiniOzoneHAClusterImpl.java:createSCMService(536)) - Started SCM RPC server at org.apache.hadoop.hdds.scm.server.SCMClientProtocolServer@3539cf45
2021-05-31 14:16:25,853 [Listener at 0.0.0.0/14173] INFO  ha.SCMHANodeDetails (SCMHANodeDetails.java:loadSCMHAConfig(149)) - ServiceID for StorageContainerManager is scm-service-test1
2021-05-31 14:16:25,853 [Listener at 0.0.0.0/14173] INFO  ha.SCMHANodeDetails (SCMHANodeDetails.java:loadSCMHAConfig(160)) - ServiceID for StorageContainerManager is scm-service-test1
2021-05-31 14:16:25,854 [Listener at 0.0.0.0/14173] WARN  scm.ScmUtils (ScmUtils.java:logWarn(179)) - ConfigKey ozone.scm.block.client.address is deprecated, For configuring different ports for each SCM use PortConfigKey ozone.scm.block.client.port appended with serviceId and nodeId. If want to configure same port configure ozone.scm.block.client.port
2021-05-31 14:16:25,854 [Listener at 0.0.0.0/14173] WARN  scm.ScmUtils (ScmUtils.java:logWarn(179)) - ConfigKey ozone.scm.client.address is deprecated, For configuring different ports for each SCM use PortConfigKey ozone.scm.client.port appended with serviceId and nodeId. If want to configure same port configure ozone.scm.client.port
2021-05-31 14:16:25,854 [Listener at 0.0.0.0/14173] WARN  scm.ScmUtils (ScmUtils.java:logWarn(179)) - ConfigKey ozone.scm.datanode.address is deprecated, For configuring different ports for each SCM use PortConfigKey ozone.scm.datanode.port appended with serviceId and nodeId. If want to configure same port configure ozone.scm.datanode.port
2021-05-31 14:16:25,855 [Listener at 0.0.0.0/14173] WARN  scm.ScmUtils (ScmUtils.java:logWarn(179)) - ConfigKey ozone.scm.block.client.address is deprecated, For configuring different ports for each SCM use PortConfigKey ozone.scm.block.client.port appended with serviceId and nodeId. If want to configure same port configure ozone.scm.block.client.port
2021-05-31 14:16:25,855 [Listener at 0.0.0.0/14173] WARN  scm.ScmUtils (ScmUtils.java:logWarn(179)) - ConfigKey ozone.scm.client.address is deprecated, For configuring different ports for each SCM use PortConfigKey ozone.scm.client.port appended with serviceId and nodeId. If want to configure same port configure ozone.scm.client.port
2021-05-31 14:16:25,856 [Listener at 0.0.0.0/14173] WARN  scm.ScmUtils (ScmUtils.java:logWarn(179)) - ConfigKey ozone.scm.datanode.address is deprecated, For configuring different ports for each SCM use PortConfigKey ozone.scm.datanode.port appended with serviceId and nodeId. If want to configure same port configure ozone.scm.datanode.port
2021-05-31 14:16:25,857 [Listener at 0.0.0.0/14173] INFO  ha.SCMHANodeDetails (SCMHANodeDetails.java:loadSCMHAConfig(242)) - Found matching SCM address with SCMServiceId: scm-service-test1, SCMNodeId: scmNode-3, RPC Address: localhost:14180 and Ratis port: 14180
2021-05-31 14:16:25,858 [Listener at 0.0.0.0/14173] INFO  ha.SCMHANodeDetails (ConfUtils.java:setNodeSpecificConfigs(105)) - Setting configuration key ozone.scm.datanode.address with value of key ozone.scm.datanode.address.scm-service-test1.scmNode-3: 127.0.0.1:14181
2021-05-31 14:16:25,858 [Listener at 0.0.0.0/14173] INFO  ha.SCMHANodeDetails (ConfUtils.java:setNodeSpecificConfigs(105)) - Setting configuration key ozone.scm.block.client.address with value of key ozone.scm.block.client.address.scm-service-test1.scmNode-3: 127.0.0.1:14182
2021-05-31 14:16:25,858 [Listener at 0.0.0.0/14173] INFO  ha.SCMHANodeDetails (ConfUtils.java:setNodeSpecificConfigs(105)) - Setting configuration key ozone.scm.client.address with value of key ozone.scm.client.address.scm-service-test1.scmNode-3: 127.0.0.1:14183
2021-05-31 14:16:25,858 [Listener at 0.0.0.0/14173] INFO  ha.SCMHANodeDetails (ConfUtils.java:setNodeSpecificConfigs(105)) - Setting configuration key ozone.scm.ratis.port with value of key ozone.scm.ratis.port.scm-service-test1.scmNode-3: 14180
2021-05-31 14:16:25,858 [Listener at 0.0.0.0/14173] INFO  ha.SCMHANodeDetails (ConfUtils.java:setNodeSpecificConfigs(105)) - Setting configuration key ozone.scm.grpc.port with value of key ozone.scm.grpc.port.scm-service-test1.scmNode-3: 14184
2021-05-31 14:16:25,858 [Listener at 0.0.0.0/14173] INFO  ha.SCMHANodeDetails (ConfUtils.java:setNodeSpecificConfigs(105)) - Setting configuration key ozone.scm.http-address with value of key ozone.scm.http-address.scm-service-test1.scmNode-3: 127.0.0.1:14178
2021-05-31 14:16:25,859 [Listener at 0.0.0.0/14173] INFO  ha.SCMHANodeDetails (ConfUtils.java:setNodeSpecificConfigs(105)) - Setting configuration key ozone.scm.https-address with value of key ozone.scm.https-address.scm-service-test1.scmNode-3: 127.0.0.1:14179
2021-05-31 14:16:25,859 [Listener at 0.0.0.0/14173] INFO  ha.SCMHANodeDetails (ConfUtils.java:setNodeSpecificConfigs(105)) - Setting configuration key ozone.scm.address with value of key ozone.scm.address.scm-service-test1.scmNode-3: 127.0.0.1
2021-05-31 14:16:25,859 [Listener at 0.0.0.0/14173] WARN  scm.ScmUtils (ScmUtils.java:logWarn(179)) - ConfigKey ozone.scm.block.client.address is deprecated, For configuring different ports for each SCM use PortConfigKey ozone.scm.block.client.port appended with serviceId and nodeId. If want to configure same port configure ozone.scm.block.client.port
2021-05-31 14:16:25,860 [Listener at 0.0.0.0/14173] WARN  scm.ScmUtils (ScmUtils.java:logWarn(179)) - ConfigKey ozone.scm.client.address is deprecated, For configuring different ports for each SCM use PortConfigKey ozone.scm.client.port appended with serviceId and nodeId. If want to configure same port configure ozone.scm.client.port
2021-05-31 14:16:25,860 [Listener at 0.0.0.0/14173] WARN  scm.ScmUtils (ScmUtils.java:logWarn(179)) - ConfigKey ozone.scm.datanode.address is deprecated, For configuring different ports for each SCM use PortConfigKey ozone.scm.datanode.port appended with serviceId and nodeId. If want to configure same port configure ozone.scm.datanode.port
2021-05-31 14:16:25,860 [Listener at 0.0.0.0/14173] WARN  server.ServerUtils (ServerUtils.java:getScmDbDir(148)) - ozone.scm.db.dirs is not configured. We recommend adding this setting. Falling back to ozone.metadata.dirs instead.
2021-05-31 14:16:25,862 [Listener at 0.0.0.0/14173] INFO  ha.SCMNodeInfo (SCMNodeInfo.java:getPort(197)) - ConfigKey ozone.scm.client.address is deprecated, For configuring different ports for each SCM use PortConfigKey ozone.scm.client.port appended with serviceId and nodeId
2021-05-31 14:16:25,862 [Listener at 0.0.0.0/14173] INFO  ha.SCMNodeInfo (SCMNodeInfo.java:getPort(197)) - ConfigKey ozone.scm.block.client.address is deprecated, For configuring different ports for each SCM use PortConfigKey ozone.scm.block.client.port appended with serviceId and nodeId
2021-05-31 14:16:25,862 [Listener at 0.0.0.0/14173] INFO  ha.SCMNodeInfo (SCMNodeInfo.java:getPort(197)) - ConfigKey ozone.scm.datanode.address is deprecated, For configuring different ports for each SCM use PortConfigKey ozone.scm.datanode.port appended with serviceId and nodeId
2021-05-31 14:16:25,862 [Listener at 0.0.0.0/14173] INFO  ha.SCMNodeInfo (SCMNodeInfo.java:getPort(197)) - ConfigKey ozone.scm.client.address is deprecated, For configuring different ports for each SCM use PortConfigKey ozone.scm.client.port appended with serviceId and nodeId
2021-05-31 14:16:25,863 [Listener at 0.0.0.0/14173] INFO  ha.SCMNodeInfo (SCMNodeInfo.java:getPort(197)) - ConfigKey ozone.scm.block.client.address is deprecated, For configuring different ports for each SCM use PortConfigKey ozone.scm.block.client.port appended with serviceId and nodeId
2021-05-31 14:16:25,863 [Listener at 0.0.0.0/14173] INFO  ha.SCMNodeInfo (SCMNodeInfo.java:getPort(197)) - ConfigKey ozone.scm.datanode.address is deprecated, For configuring different ports for each SCM use PortConfigKey ozone.scm.datanode.port appended with serviceId and nodeId
2021-05-31 14:16:25,863 [Listener at 0.0.0.0/14173] INFO  ha.SCMNodeInfo (SCMNodeInfo.java:getPort(197)) - ConfigKey ozone.scm.client.address is deprecated, For configuring different ports for each SCM use PortConfigKey ozone.scm.client.port appended with serviceId and nodeId
2021-05-31 14:16:25,863 [Listener at 0.0.0.0/14173] INFO  ha.SCMNodeInfo (SCMNodeInfo.java:getPort(197)) - ConfigKey ozone.scm.block.client.address is deprecated, For configuring different ports for each SCM use PortConfigKey ozone.scm.block.client.port appended with serviceId and nodeId
2021-05-31 14:16:25,863 [Listener at 0.0.0.0/14173] INFO  ha.SCMNodeInfo (SCMNodeInfo.java:getPort(197)) - ConfigKey ozone.scm.datanode.address is deprecated, For configuring different ports for each SCM use PortConfigKey ozone.scm.datanode.port appended with serviceId and nodeId
2021-05-31 14:16:25,871 [Listener at 0.0.0.0/14173] INFO  server.StorageContainerManager (StorageContainerManager.java:scmBootstrap(907)) - SCM BootStrap  is successful for ClusterID 54085720-bde5-45d4-8ce8-a7ad55ee2c31, SCMID ea6a4452-19f2-47d1-a527-84367a76343d
2021-05-31 14:16:25,871 [Listener at 0.0.0.0/14173] INFO  server.StorageContainerManager (StorageContainerManager.java:scmBootstrap(909)) - Primary SCM Node ID 86c596a3-6f32-42a0-9237-c69d9bdf2958
2021-05-31 14:16:25,871 [Listener at 0.0.0.0/14173] INFO  ha.SCMHANodeDetails (SCMHANodeDetails.java:loadSCMHAConfig(149)) - ServiceID for StorageContainerManager is scm-service-test1
2021-05-31 14:16:25,872 [Listener at 0.0.0.0/14173] INFO  ha.SCMHANodeDetails (SCMHANodeDetails.java:loadSCMHAConfig(160)) - ServiceID for StorageContainerManager is scm-service-test1
2021-05-31 14:16:25,872 [Listener at 0.0.0.0/14173] WARN  scm.ScmUtils (ScmUtils.java:logWarn(179)) - ConfigKey ozone.scm.block.client.address is deprecated, For configuring different ports for each SCM use PortConfigKey ozone.scm.block.client.port appended with serviceId and nodeId. If want to configure same port configure ozone.scm.block.client.port
2021-05-31 14:16:25,872 [Listener at 0.0.0.0/14173] WARN  scm.ScmUtils (ScmUtils.java:logWarn(179)) - ConfigKey ozone.scm.client.address is deprecated, For configuring different ports for each SCM use PortConfigKey ozone.scm.client.port appended with serviceId and nodeId. If want to configure same port configure ozone.scm.client.port
2021-05-31 14:16:25,872 [Listener at 0.0.0.0/14173] WARN  scm.ScmUtils (ScmUtils.java:logWarn(179)) - ConfigKey ozone.scm.datanode.address is deprecated, For configuring different ports for each SCM use PortConfigKey ozone.scm.datanode.port appended with serviceId and nodeId. If want to configure same port configure ozone.scm.datanode.port
2021-05-31 14:16:25,872 [Listener at 0.0.0.0/14173] WARN  scm.ScmUtils (ScmUtils.java:logWarn(179)) - ConfigKey ozone.scm.block.client.address is deprecated, For configuring different ports for each SCM use PortConfigKey ozone.scm.block.client.port appended with serviceId and nodeId. If want to configure same port configure ozone.scm.block.client.port
2021-05-31 14:16:25,873 [Listener at 0.0.0.0/14173] WARN  scm.ScmUtils (ScmUtils.java:logWarn(179)) - ConfigKey ozone.scm.client.address is deprecated, For configuring different ports for each SCM use PortConfigKey ozone.scm.client.port appended with serviceId and nodeId. If want to configure same port configure ozone.scm.client.port
2021-05-31 14:16:25,873 [Listener at 0.0.0.0/14173] WARN  scm.ScmUtils (ScmUtils.java:logWarn(179)) - ConfigKey ozone.scm.datanode.address is deprecated, For configuring different ports for each SCM use PortConfigKey ozone.scm.datanode.port appended with serviceId and nodeId. If want to configure same port configure ozone.scm.datanode.port
2021-05-31 14:16:25,873 [Listener at 0.0.0.0/14173] INFO  ha.SCMHANodeDetails (SCMHANodeDetails.java:loadSCMHAConfig(242)) - Found matching SCM address with SCMServiceId: scm-service-test1, SCMNodeId: scmNode-3, RPC Address: localhost:14180 and Ratis port: 14180
2021-05-31 14:16:25,873 [Listener at 0.0.0.0/14173] INFO  ha.SCMHANodeDetails (ConfUtils.java:setNodeSpecificConfigs(105)) - Setting configuration key ozone.scm.datanode.address with value of key ozone.scm.datanode.address.scm-service-test1.scmNode-3: 127.0.0.1:14181
2021-05-31 14:16:25,873 [Listener at 0.0.0.0/14173] INFO  ha.SCMHANodeDetails (ConfUtils.java:setNodeSpecificConfigs(105)) - Setting configuration key ozone.scm.block.client.address with value of key ozone.scm.block.client.address.scm-service-test1.scmNode-3: 127.0.0.1:14182
2021-05-31 14:16:25,873 [Listener at 0.0.0.0/14173] INFO  ha.SCMHANodeDetails (ConfUtils.java:setNodeSpecificConfigs(105)) - Setting configuration key ozone.scm.client.address with value of key ozone.scm.client.address.scm-service-test1.scmNode-3: 127.0.0.1:14183
2021-05-31 14:16:25,874 [Listener at 0.0.0.0/14173] INFO  ha.SCMHANodeDetails (ConfUtils.java:setNodeSpecificConfigs(105)) - Setting configuration key ozone.scm.ratis.port with value of key ozone.scm.ratis.port.scm-service-test1.scmNode-3: 14180
2021-05-31 14:16:25,874 [Listener at 0.0.0.0/14173] INFO  ha.SCMHANodeDetails (ConfUtils.java:setNodeSpecificConfigs(105)) - Setting configuration key ozone.scm.grpc.port with value of key ozone.scm.grpc.port.scm-service-test1.scmNode-3: 14184
2021-05-31 14:16:25,874 [Listener at 0.0.0.0/14173] INFO  ha.SCMHANodeDetails (ConfUtils.java:setNodeSpecificConfigs(105)) - Setting configuration key ozone.scm.http-address with value of key ozone.scm.http-address.scm-service-test1.scmNode-3: 127.0.0.1:14178
2021-05-31 14:16:25,874 [Listener at 0.0.0.0/14173] INFO  ha.SCMHANodeDetails (ConfUtils.java:setNodeSpecificConfigs(105)) - Setting configuration key ozone.scm.https-address with value of key ozone.scm.https-address.scm-service-test1.scmNode-3: 127.0.0.1:14179
2021-05-31 14:16:25,874 [Listener at 0.0.0.0/14173] INFO  ha.SCMHANodeDetails (ConfUtils.java:setNodeSpecificConfigs(105)) - Setting configuration key ozone.scm.address with value of key ozone.scm.address.scm-service-test1.scmNode-3: 127.0.0.1
2021-05-31 14:16:25,874 [Listener at 0.0.0.0/14173] WARN  scm.ScmUtils (ScmUtils.java:logWarn(179)) - ConfigKey ozone.scm.block.client.address is deprecated, For configuring different ports for each SCM use PortConfigKey ozone.scm.block.client.port appended with serviceId and nodeId. If want to configure same port configure ozone.scm.block.client.port
2021-05-31 14:16:25,874 [Listener at 0.0.0.0/14173] WARN  scm.ScmUtils (ScmUtils.java:logWarn(179)) - ConfigKey ozone.scm.client.address is deprecated, For configuring different ports for each SCM use PortConfigKey ozone.scm.client.port appended with serviceId and nodeId. If want to configure same port configure ozone.scm.client.port
2021-05-31 14:16:25,875 [Listener at 0.0.0.0/14173] WARN  scm.ScmUtils (ScmUtils.java:logWarn(179)) - ConfigKey ozone.scm.datanode.address is deprecated, For configuring different ports for each SCM use PortConfigKey ozone.scm.datanode.port appended with serviceId and nodeId. If want to configure same port configure ozone.scm.datanode.port
2021-05-31 14:16:25,875 [Listener at 0.0.0.0/14173] WARN  server.ServerUtils (ServerUtils.java:getScmDbDir(148)) - ozone.scm.db.dirs is not configured. We recommend adding this setting. Falling back to ozone.metadata.dirs instead.
2021-05-31 14:16:25,876 [Listener at 0.0.0.0/14173] WARN  utils.HAUtils (HAUtils.java:getMetaDir(342)) - ozone.scm.db.dirs is not configured. We recommend adding this setting. Falling back to ozone.metadata.dirs instead.
2021-05-31 14:16:25,876 [Listener at 0.0.0.0/14173] WARN  db.DBStoreBuilder (DBStoreBuilder.java:applyDBDefinition(145)) - ozone.scm.db.dirs is not configured. We recommend adding this setting. Falling back to ozone.metadata.dirs instead.
2021-05-31 14:16:25,945 [Listener at 0.0.0.0/14173] INFO  net.NodeSchemaLoader (NodeSchemaLoader.java:loadSchemaFromFile(129)) - Loading schema from [jar:file:/home/runner/.m2/repository/org/apache/ozone/hdds-common/1.2.0-SNAPSHOT/hdds-common-1.2.0-SNAPSHOT.jar!/network-topology-default.xml]
2021-05-31 14:16:25,945 [Listener at 0.0.0.0/14173] INFO  net.NodeSchemaLoader (NodeSchemaLoader.java:loadSchema(176)) - Loading network topology layer schema file
2021-05-31 14:16:25,949 [Listener at 0.0.0.0/14173] INFO  ha.SCMRatisServerImpl (SCMRatisServerImpl.java:<init>(86)) - starting Raft server for scm:ea6a4452-19f2-47d1-a527-84367a76343d
2021-05-31 14:16:25,950 [Listener at 0.0.0.0/14173] INFO  server.RaftServer (ConfUtils.java:logGet(44)) - raft.rpc.type = GRPC (default)
2021-05-31 14:16:25,950 [Listener at 0.0.0.0/14173] INFO  grpc.GrpcFactory (GrpcFactory.java:checkPooledByteBufAllocatorUseCacheForAllThreads(48)) - PERFORMANCE WARNING: useCacheForAllThreads is true that may cause Netty to create a lot garbage objects and, as a result, trigger GC.
	It is recommended to disable useCacheForAllThreads by setting -Dorg.apache.ratis.thirdparty.io.netty.allocator.useCacheForAllThreads=false in command line.
2021-05-31 14:16:25,950 [Listener at 0.0.0.0/14173] INFO  grpc.GrpcConfigKeys (ConfUtils.java:logGet(44)) - raft.grpc.admin.port = -1 (default)
2021-05-31 14:16:25,950 [Listener at 0.0.0.0/14173] INFO  grpc.GrpcConfigKeys (ConfUtils.java:logGet(44)) - raft.grpc.server.port = 14180 (custom)
2021-05-31 14:16:25,950 [Listener at 0.0.0.0/14173] INFO  grpc.GrpcConfigKeys (ConfUtils.java:logGet(44)) - raft.grpc.client.port = -1 (default)
2021-05-31 14:16:25,951 [Listener at 0.0.0.0/14173] INFO  grpc.GrpcConfigKeys (ConfUtils.java:logGet(44)) - raft.grpc.server.port = 14180 (custom)
2021-05-31 14:16:25,951 [Listener at 0.0.0.0/14173] INFO  grpc.GrpcConfigKeys (ConfUtils.java:logGet(44)) - raft.grpc.server.port = 14180 (custom)
2021-05-31 14:16:25,951 [Listener at 0.0.0.0/14173] INFO  server.GrpcService (ConfUtils.java:logGet(44)) - raft.grpc.message.size.max = 32m (=33554432) (custom)
2021-05-31 14:16:25,951 [Listener at 0.0.0.0/14173] INFO  server.RaftServerConfigKeys (ConfUtils.java:logGet(44)) - raft.server.log.appender.buffer.byte-limit = 33554432 (custom)
2021-05-31 14:16:25,951 [Listener at 0.0.0.0/14173] INFO  server.GrpcService (ConfUtils.java:logGet(44)) - raft.grpc.flow.control.window = 1MB (=1048576) (default)
2021-05-31 14:16:25,951 [Listener at 0.0.0.0/14173] INFO  server.RaftServerConfigKeys (ConfUtils.java:logGet(44)) - raft.server.rpc.request.timeout = 3000ms (default)
2021-05-31 14:16:25,952 [Listener at 0.0.0.0/14173] INFO  impl.DataStreamServerImpl (ConfUtils.java:logGet(44)) - raft.datastream.type = DISABLED (default)
2021-05-31 14:16:25,953 [Listener at 0.0.0.0/14173] INFO  server.RaftServerConfigKeys (ConfUtils.java:logGet(44)) - raft.server.rpc.slowness.timeout = 120000ms (custom)
2021-05-31 14:16:25,953 [Listener at 0.0.0.0/14173] INFO  server.RaftServerConfigKeys (ConfUtils.java:logGet(44)) - raft.server.leaderelection.leader.step-down.wait-time = 10s (default)
2021-05-31 14:16:25,953 [Listener at 0.0.0.0/14173] INFO  server.RaftServerConfigKeys (ConfUtils.java:logGet(44)) - raft.server.storage.dir = [/home/runner/work/ozone/ozone/mnt/ozone/hadoop-ozone/integration-test/target/test-dir/MiniOzoneClusterImpl-54085720-bde5-45d4-8ce8-a7ad55ee2c31/scmNode-3/scm-ha] (custom)
2021-05-31 14:16:25,954 [Listener at 0.0.0.0/14173] INFO  server.RaftServer (RaftServerProxy.java:addNew(95)) - ea6a4452-19f2-47d1-a527-84367a76343d: addNew group-A7AD55EE2C31:[] returns group-A7AD55EE2C31:java.util.concurrent.CompletableFuture@744db9fb[Not completed]
2021-05-31 14:16:25,954 [pool-54-thread-1] INFO  server.RaftServer$Division (RaftServerImpl.java:<init>(180)) - ea6a4452-19f2-47d1-a527-84367a76343d: new RaftServerImpl for group-A7AD55EE2C31:[] with SCMStateMachine:uninitialized
2021-05-31 14:16:25,956 [pool-54-thread-1] INFO  server.RaftServerConfigKeys (ConfUtils.java:logGet(44)) - raft.server.rpc.timeout.min = 5000ms (custom)
2021-05-31 14:16:25,956 [pool-54-thread-1] INFO  server.RaftServerConfigKeys (ConfUtils.java:logGet(44)) - raft.server.rpc.timeout.max = 5200ms (custom)
2021-05-31 14:16:25,956 [pool-54-thread-1] INFO  server.RaftServerConfigKeys (ConfUtils.java:logGet(44)) - raft.server.rpc.sleep.time = 25ms (default)
2021-05-31 14:16:25,956 [pool-54-thread-1] INFO  server.RaftServerConfigKeys (ConfUtils.java:logGet(44)) - raft.server.rpc.slowness.timeout = 120000ms (custom)
2021-05-31 14:16:25,956 [pool-54-thread-1] INFO  server.RaftServerConfigKeys (ConfUtils.java:logGet(44)) - raft.server.leaderelection.leader.step-down.wait-time = 10s (default)
2021-05-31 14:16:25,956 [pool-54-thread-1] INFO  server.RaftServerConfigKeys (ConfUtils.java:logGet(44)) - raft.server.sleep.deviation.threshold = 300ms (default)
2021-05-31 14:16:25,956 [pool-54-thread-1] INFO  server.RaftServerConfigKeys (ConfUtils.java:logGet(44)) - raft.server.log.appender.install.snapshot.enabled = false (custom)
2021-05-31 14:16:25,956 [pool-54-thread-1] INFO  server.RaftServer$Division (ServerState.java:<init>(105)) - ea6a4452-19f2-47d1-a527-84367a76343d@group-A7AD55EE2C31: ConfigurationManager, init=-1: [], old=null, confs=<EMPTY_MAP>
2021-05-31 14:16:25,956 [pool-54-thread-1] INFO  server.RaftServerConfigKeys (ConfUtils.java:logGet(44)) - raft.server.storage.dir = [/home/runner/work/ozone/ozone/mnt/ozone/hadoop-ozone/integration-test/target/test-dir/MiniOzoneClusterImpl-54085720-bde5-45d4-8ce8-a7ad55ee2c31/scmNode-3/scm-ha] (custom)
2021-05-31 14:16:25,957 [pool-54-thread-1] INFO  server.RaftServerConfigKeys (ConfUtils.java:logGet(44)) - raft.server.log.corruption.policy = EXCEPTION (default)
2021-05-31 14:16:25,957 [pool-54-thread-1] INFO  storage.RaftStorageDirectory (RaftStorageDirectoryImpl.java:analyzeStorage(132)) - The storage directory /home/runner/work/ozone/ozone/mnt/ozone/hadoop-ozone/integration-test/target/test-dir/MiniOzoneClusterImpl-54085720-bde5-45d4-8ce8-a7ad55ee2c31/scmNode-3/scm-ha/54085720-bde5-45d4-8ce8-a7ad55ee2c31 does not exist. Creating ...
2021-05-31 14:16:25,958 [pool-54-thread-1] INFO  storage.RaftStorageDirectory (RaftStorageDirectoryImpl.java:tryLock(215)) - Lock on /home/runner/work/ozone/ozone/mnt/ozone/hadoop-ozone/integration-test/target/test-dir/MiniOzoneClusterImpl-54085720-bde5-45d4-8ce8-a7ad55ee2c31/scmNode-3/scm-ha/54085720-bde5-45d4-8ce8-a7ad55ee2c31/in_use.lock acquired by nodename 5470@fv-az148-586
2021-05-31 14:16:25,959 [pool-54-thread-1] INFO  storage.RaftStorage (RaftStorageImpl.java:format(87)) - Storage directory /home/runner/work/ozone/ozone/mnt/ozone/hadoop-ozone/integration-test/target/test-dir/MiniOzoneClusterImpl-54085720-bde5-45d4-8ce8-a7ad55ee2c31/scmNode-3/scm-ha/54085720-bde5-45d4-8ce8-a7ad55ee2c31 has been successfully formatted.
2021-05-31 14:16:25,959 [pool-54-thread-1] INFO  server.RaftServerConfigKeys (ConfUtils.java:logGet(44)) - raft.server.notification.no-leader.timeout = 60s (default)
2021-05-31 14:16:25,959 [pool-54-thread-1] INFO  server.RaftServerConfigKeys (ConfUtils.java:logGet(44)) - raft.server.log.use.memory = false (default)
2021-05-31 14:16:25,959 [pool-54-thread-1] INFO  server.RaftServerConfigKeys (ConfUtils.java:logGet(44)) - raft.server.log.purge.gap = 5 (custom)
2021-05-31 14:16:25,959 [pool-54-thread-1] INFO  server.RaftServerConfigKeys (ConfUtils.java:logGet(44)) - raft.server.log.appender.buffer.byte-limit = 33554432 (custom)
2021-05-31 14:16:25,959 [pool-54-thread-1] INFO  metrics.RatisMetrics (RatisMetrics.java:lambda$create$0(36)) - Creating Metrics Registry : ratis.log_worker.ea6a4452-19f2-47d1-a527-84367a76343d@group-A7AD55EE2C31
2021-05-31 14:16:25,959 [pool-54-thread-1] WARN  impl.MetricRegistriesImpl (MetricRegistriesImpl.java:lambda$create$1(65)) - First MetricRegistry has been created without registering reporters. You may need to call MetricRegistries.global().addReporterRegistration(...) before.
2021-05-31 14:16:25,959 [pool-54-thread-1] INFO  server.RaftServerConfigKeys (ConfUtils.java:logGet(44)) - raft.server.log.segment.size.max = 16384 (custom)
2021-05-31 14:16:25,960 [pool-54-thread-1] INFO  server.RaftServerConfigKeys (ConfUtils.java:logGet(44)) - raft.server.log.segment.cache.num.max = 2 (custom)
2021-05-31 14:16:25,960 [pool-54-thread-1] INFO  server.RaftServerConfigKeys (ConfUtils.java:logGet(44)) - raft.server.log.segment.cache.size.max = 200MB (=209715200) (default)
2021-05-31 14:16:25,960 [pool-54-thread-1] INFO  segmented.SegmentedRaftLogWorker (SegmentedRaftLogWorker.java:<init>(182)) - new ea6a4452-19f2-47d1-a527-84367a76343d@group-A7AD55EE2C31-SegmentedRaftLogWorker for RaftStorageImpl:Storage Directory /home/runner/work/ozone/ozone/mnt/ozone/hadoop-ozone/integration-test/target/test-dir/MiniOzoneClusterImpl-54085720-bde5-45d4-8ce8-a7ad55ee2c31/scmNode-3/scm-ha/54085720-bde5-45d4-8ce8-a7ad55ee2c31
2021-05-31 14:16:25,960 [pool-54-thread-1] INFO  server.RaftServerConfigKeys (ConfUtils.java:logGet(44)) - raft.server.log.queue.byte-limit = 64MB (=67108864) (default)
2021-05-31 14:16:25,960 [pool-54-thread-1] INFO  server.RaftServerConfigKeys (ConfUtils.java:logGet(44)) - raft.server.log.queue.element-limit = 4096 (default)
2021-05-31 14:16:25,960 [pool-54-thread-1] INFO  server.RaftServerConfigKeys (ConfUtils.java:logGet(44)) - raft.server.log.segment.size.max = 16384 (custom)
2021-05-31 14:16:25,960 [pool-54-thread-1] INFO  server.RaftServerConfigKeys (ConfUtils.java:logGet(44)) - raft.server.log.preallocated.size = 16384 (custom)
2021-05-31 14:16:25,960 [pool-54-thread-1] INFO  server.RaftServerConfigKeys (ConfUtils.java:logGet(44)) - raft.server.log.force.sync.num = 128 (default)
2021-05-31 14:16:25,960 [pool-54-thread-1] INFO  server.RaftServerConfigKeys (ConfUtils.java:logGet(44)) - raft.server.log.statemachine.data.sync = true (default)
2021-05-31 14:16:25,960 [pool-54-thread-1] INFO  server.RaftServerConfigKeys (ConfUtils.java:logGet(44)) - raft.server.log.statemachine.data.sync.timeout = 10s (default)
2021-05-31 14:16:25,960 [pool-54-thread-1] INFO  server.RaftServerConfigKeys (ConfUtils.java:logGet(44)) - raft.server.log.statemachine.data.sync.timeout.retry = -1 (default)
2021-05-31 14:16:25,960 [pool-54-thread-1] INFO  server.RaftServerConfigKeys (ConfUtils.java:logGet(44)) - raft.server.log.write.buffer.size = 64KB (=65536) (default)
2021-05-31 14:16:25,960 [pool-54-thread-1] INFO  server.RaftServerConfigKeys (ConfUtils.java:logGet(44)) - raft.server.log.statemachine.data.caching.enabled = false (default)
2021-05-31 14:16:25,961 [pool-54-thread-1] INFO  segmented.SegmentedRaftLogWorker (SegmentedRaftLogWorker.java:lambda$new$0(133)) - ea6a4452-19f2-47d1-a527-84367a76343d@group-A7AD55EE2C31-SegmentedRaftLogWorker: flushIndex: setUnconditionally 0 -> -1
2021-05-31 14:16:25,961 [pool-54-thread-1] INFO  segmented.SegmentedRaftLogWorker (SegmentedRaftLogWorker.java:lambda$new$0(133)) - ea6a4452-19f2-47d1-a527-84367a76343d@group-A7AD55EE2C31-SegmentedRaftLogWorker: safeCacheEvictIndex: setUnconditionally 0 -> -1
2021-05-31 14:16:25,961 [pool-54-thread-1] INFO  server.RaftServerConfigKeys (ConfUtils.java:logGet(44)) - raft.server.snapshot.auto.trigger.enabled = true (custom)
2021-05-31 14:16:25,961 [pool-54-thread-1] INFO  server.RaftServerConfigKeys (ConfUtils.java:logGet(44)) - raft.server.snapshot.auto.trigger.threshold = 5 (custom)
2021-05-31 14:16:25,961 [pool-54-thread-1] INFO  server.RaftServerConfigKeys (ConfUtils.java:logGet(44)) - raft.server.snapshot.retention.file.num = -1 (default)
2021-05-31 14:16:25,961 [pool-54-thread-1] INFO  server.RaftServerConfigKeys (ConfUtils.java:logGet(44)) - raft.server.log.purge.upto.snapshot.index = true (custom)
2021-05-31 14:16:25,961 [pool-54-thread-1] INFO  server.RaftServerConfigKeys (ConfUtils.java:logGet(44)) - raft.server.retrycache.expirytime = 60000ms (default)
2021-05-31 14:16:25,961 [pool-54-thread-1] INFO  server.RaftServerConfigKeys (ConfUtils.java:logGet(44)) - raft.server.retrycache.statistics.expirytime = 100μs (default)
2021-05-31 14:16:25,961 [pool-54-thread-1] INFO  metrics.RatisMetrics (RatisMetrics.java:lambda$create$0(36)) - Creating Metrics Registry : ratis.leader_election.ea6a4452-19f2-47d1-a527-84367a76343d@group-A7AD55EE2C31
2021-05-31 14:16:25,961 [pool-54-thread-1] WARN  impl.MetricRegistriesImpl (MetricRegistriesImpl.java:lambda$create$1(65)) - First MetricRegistry has been created without registering reporters. You may need to call MetricRegistries.global().addReporterRegistration(...) before.
2021-05-31 14:16:25,961 [pool-54-thread-1] INFO  metrics.RatisMetrics (RatisMetrics.java:lambda$create$0(36)) - Creating Metrics Registry : ratis.server.ea6a4452-19f2-47d1-a527-84367a76343d@group-A7AD55EE2C31
2021-05-31 14:16:25,961 [pool-54-thread-1] WARN  impl.MetricRegistriesImpl (MetricRegistriesImpl.java:lambda$create$1(65)) - First MetricRegistry has been created without registering reporters. You may need to call MetricRegistries.global().addReporterRegistration(...) before.
2021-05-31 14:16:25,962 [Listener at 0.0.0.0/14173] INFO  ha.SCMSnapshotProvider (SCMSnapshotProvider.java:<init>(66)) - Initializing SCM Snapshot Provider
2021-05-31 14:16:25,962 [Listener at 0.0.0.0/14173] WARN  server.ServerUtils (ServerUtils.java:getDefaultRatisDirectory(237)) - Storage directory for Ratis is not configured. It is a good idea to map this to an SSD disk. Falling back to ozone.metadata.dirs
2021-05-31 14:16:25,962 [Listener at 0.0.0.0/14173] WARN  ha.SCMHAUtils (SCMHAUtils.java:getSCMRatisSnapshotDirectory(142)) - SCM snapshot dir is not configured. Falling back to ozone.metadata.dirs config
2021-05-31 14:16:25,964 [Listener at 0.0.0.0/14173] INFO  ha.SequenceIdGenerator (SequenceIdGenerator.java:upgradeToSequenceId(300)) - upgrade localId to 107544261427200000
2021-05-31 14:16:25,964 [Listener at 0.0.0.0/14173] INFO  ha.SequenceIdGenerator (SequenceIdGenerator.java:upgradeToSequenceId(310)) - upgrade delTxnId to 0
2021-05-31 14:16:25,964 [Listener at 0.0.0.0/14173] INFO  ha.SequenceIdGenerator (SequenceIdGenerator.java:upgradeToSequenceId(324)) - upgrade containerId to 0
2021-05-31 14:16:25,964 [Listener at 0.0.0.0/14173] INFO  ha.SequenceIdGenerator (SequenceIdGenerator.java:<init>(196)) - Init the HA SequenceIdGenerator.
2021-05-31 14:16:25,965 [Listener at 0.0.0.0/14173] WARN  server.ServerUtils (ServerUtils.java:sanitizeUserArgs(73)) - ozone.scm.stale.node.interval value = 300000 is larger than max = 100000 based on the key value of ozone.scm.heartbeat.thread.interval, reset to the max value 100000.
2021-05-31 14:16:25,965 [Listener at 0.0.0.0/14173] WARN  server.ServerUtils (ServerUtils.java:sanitizeUserArgs(73)) - ozone.scm.stale.node.interval value = 300000 is larger than max = 100000 based on the key value of ozone.scm.heartbeat.thread.interval, reset to the max value 100000.
2021-05-31 14:16:25,965 [Listener at 0.0.0.0/14173] INFO  node.SCMNodeManager (SCMNodeManager.java:<init>(125)) - Entering startup safe mode.
2021-05-31 14:16:25,966 [Listener at 0.0.0.0/14173] INFO  algorithms.ContainerPlacementPolicyFactory (ContainerPlacementPolicyFactory.java:getPolicy(60)) - Create container placement policy of type org.apache.hadoop.hdds.scm.container.placement.algorithms.SCMContainerPlacementRandom
2021-05-31 14:16:25,966 [Listener at 0.0.0.0/14173] INFO  pipeline.PipelineStateManager (PipelineStateManagerV2Impl.java:initialize(78)) - No pipeline exists in current db
2021-05-31 14:16:25,967 [Listener at 0.0.0.0/14173] INFO  algorithms.LeaderChoosePolicyFactory (LeaderChoosePolicyFactory.java:getPolicy(57)) - Create leader choose policy of type org.apache.hadoop.hdds.scm.pipeline.leader.choose.algorithms.MinLeaderCountChoosePolicy
2021-05-31 14:16:25,967 [Listener at 0.0.0.0/14173] INFO  ha.SCMServiceManager (SCMServiceManager.java:register(43)) - Registering service BackgroundPipelineCreator.
2021-05-31 14:16:25,967 [Listener at 0.0.0.0/14173] INFO  pipeline.BackgroundPipelineCreator (BackgroundPipelineCreatorV2.java:start(130)) - Starting RatisPipelineUtilsThread.
2021-05-31 14:16:25,968 [Listener at 0.0.0.0/14173] INFO  algorithms.PipelineChoosePolicyFactory (PipelineChoosePolicyFactory.java:createPipelineChoosePolicyFromClass(73)) - Create pipeline choose policy of type org.apache.hadoop.hdds.scm.pipeline.choose.algorithms.RandomPipelineChoosePolicy
2021-05-31 14:16:25,969 [Listener at 0.0.0.0/14173] INFO  ha.SCMServiceManager (SCMServiceManager.java:register(43)) - Registering service SCMBlockDeletingService.
2021-05-31 14:16:25,969 [Listener at 0.0.0.0/14173] INFO  ha.SCMServiceManager (SCMServiceManager.java:register(43)) - Registering service ReplicationManager.
2021-05-31 14:16:25,970 [Listener at 0.0.0.0/14173] INFO  container.ReplicationManager (ReplicationManager.java:start(226)) - Starting Replication Monitor Thread.
2021-05-31 14:16:25,971 [Listener at 0.0.0.0/14173] INFO  safemode.HealthyPipelineSafeModeRule (HealthyPipelineSafeModeRule.java:<init>(90)) - Total pipeline count is 0, healthy pipeline threshold count is 0
2021-05-31 14:16:25,972 [Listener at 0.0.0.0/14173] INFO  safemode.OneReplicaPipelineSafeModeRule (OneReplicaPipelineSafeModeRule.java:<init>(86)) - Total pipeline count is 0, pipeline's with at least one datanode reported threshold count is 0
2021-05-31 14:16:25,973 [Listener at 0.0.0.0/14173] INFO  ipc.CallQueueManager (CallQueueManager.java:<init>(85)) - Using callQueue: class java.util.concurrent.LinkedBlockingQueue, queueCapacity: 2000, scheduler: class org.apache.hadoop.ipc.DefaultRpcScheduler, ipcBackoff: false.
2021-05-31 14:16:25,973 [ReplicationMonitor] INFO  container.ReplicationManager (ReplicationManager.java:run(290)) - Replication Monitor Thread took 0 milliseconds for processing 0 containers.
2021-05-31 14:16:25,974 [Socket Reader #1 for port 14181] INFO  ipc.Server (Server.java:run(1255)) - Starting Socket Reader #1 for port 14181
2021-05-31 14:16:25,977 [Listener at 0.0.0.0/14181] INFO  ipc.CallQueueManager (CallQueueManager.java:<init>(85)) - Using callQueue: class java.util.concurrent.LinkedBlockingQueue, queueCapacity: 2000, scheduler: class org.apache.hadoop.ipc.DefaultRpcScheduler, ipcBackoff: false.
2021-05-31 14:16:25,979 [Socket Reader #1 for port 14182] INFO  ipc.Server (Server.java:run(1255)) - Starting Socket Reader #1 for port 14182
2021-05-31 14:16:25,981 [Listener at 0.0.0.0/14182] INFO  ipc.CallQueueManager (CallQueueManager.java:<init>(85)) - Using callQueue: class java.util.concurrent.LinkedBlockingQueue, queueCapacity: 2000, scheduler: class org.apache.hadoop.ipc.DefaultRpcScheduler, ipcBackoff: false.
2021-05-31 14:16:25,981 [Socket Reader #1 for port 14183] INFO  ipc.Server (Server.java:run(1255)) - Starting Socket Reader #1 for port 14183
2021-05-31 14:16:25,986 [Listener at 0.0.0.0/14183] INFO  server.StorageContainerManager (StorageContainerManager.java:<init>(417)) - 
Container Balancer status:
Key                            Value
Running                        true
Container Balancer Configuration values:
Key                            Value
Threshold                      0.1
Max Datanodes to Balance       5
Max Size to Move               10737418240B

2021-05-31 14:16:25,986 [Listener at 0.0.0.0/14183] WARN  events.EventQueue (EventQueue.java:fireEvent(185)) - No event handler registered for event TypedEvent{payloadType=SafeModeStatus, name='Safe mode status'}
2021-05-31 14:16:25,989 [Listener at 0.0.0.0/14183] INFO  ha.SCMContext (SCMContext.java:updateSafeModeStatus(147)) - Update SafeModeStatus from SafeModeStatus{safeModeStatus=true, preCheckPassed=false} to SafeModeStatus{safeModeStatus=true, preCheckPassed=false}.
2021-05-31 14:16:25,990 [Listener at 0.0.0.0/14183] INFO  ozone.MiniOzoneHAClusterImpl (MiniOzoneHAClusterImpl.java:createSCMService(540)) - Intialized SCM at org.apache.hadoop.hdds.scm.server.SCMClientProtocolServer@55315a00. This SCM is currently inactive (not running).
2021-05-31 14:16:26,093 [Listener at 0.0.0.0/14183] INFO  ha.OMHANodeDetails (OMHANodeDetails.java:loadOMHAConfig(111)) - ServiceID for OzoneManager is om-service-test1
2021-05-31 14:16:26,096 [Listener at 0.0.0.0/14183] INFO  ha.OMHANodeDetails (OMHANodeDetails.java:loadOMHAConfig(187)) - Found matching OM address with OMServiceId: om-service-test1, OMNodeId: omNode-1, RPC Address: localhost:11372 and Ratis port: 11376
2021-05-31 14:16:26,096 [Listener at 0.0.0.0/14183] INFO  ha.OMHANodeDetails (ConfUtils.java:setNodeSpecificConfigs(105)) - Setting configuration key ozone.om.http-address with value of key ozone.om.http-address.om-service-test1.omNode-1: 127.0.0.1:11374
2021-05-31 14:16:26,097 [Listener at 0.0.0.0/14183] INFO  ha.OMHANodeDetails (ConfUtils.java:setNodeSpecificConfigs(105)) - Setting configuration key ozone.om.https-address with value of key ozone.om.https-address.om-service-test1.omNode-1: 127.0.0.1:11375
2021-05-31 14:16:26,097 [Listener at 0.0.0.0/14183] INFO  ha.OMHANodeDetails (ConfUtils.java:setNodeSpecificConfigs(105)) - Setting configuration key ozone.om.address with value of key ozone.om.address.om-service-test1.omNode-1: 127.0.0.1:11372
2021-05-31 14:16:26,099 [Listener at 0.0.0.0/14183] WARN  server.ServerUtils (ServerUtils.java:getDBPath(225)) - ozone.om.db.dirs is not configured. We recommend adding this setting. Falling back to ozone.metadata.dirs instead.
2021-05-31 14:16:26,100 [Listener at 0.0.0.0/14183] INFO  ha.SCMNodeInfo (SCMNodeInfo.java:getPort(197)) - ConfigKey ozone.scm.client.address is deprecated, For configuring different ports for each SCM use PortConfigKey ozone.scm.client.port appended with serviceId and nodeId
2021-05-31 14:16:26,100 [Listener at 0.0.0.0/14183] INFO  ha.SCMNodeInfo (SCMNodeInfo.java:getPort(197)) - ConfigKey ozone.scm.block.client.address is deprecated, For configuring different ports for each SCM use PortConfigKey ozone.scm.block.client.port appended with serviceId and nodeId
2021-05-31 14:16:26,100 [Listener at 0.0.0.0/14183] INFO  ha.SCMNodeInfo (SCMNodeInfo.java:getPort(197)) - ConfigKey ozone.scm.datanode.address is deprecated, For configuring different ports for each SCM use PortConfigKey ozone.scm.datanode.port appended with serviceId and nodeId
2021-05-31 14:16:26,100 [Listener at 0.0.0.0/14183] INFO  ha.SCMNodeInfo (SCMNodeInfo.java:getPort(197)) - ConfigKey ozone.scm.client.address is deprecated, For configuring different ports for each SCM use PortConfigKey ozone.scm.client.port appended with serviceId and nodeId
2021-05-31 14:16:26,101 [Listener at 0.0.0.0/14183] INFO  ha.SCMNodeInfo (SCMNodeInfo.java:getPort(197)) - ConfigKey ozone.scm.block.client.address is deprecated, For configuring different ports for each SCM use PortConfigKey ozone.scm.block.client.port appended with serviceId and nodeId
2021-05-31 14:16:26,101 [Listener at 0.0.0.0/14183] INFO  ha.SCMNodeInfo (SCMNodeInfo.java:getPort(197)) - ConfigKey ozone.scm.datanode.address is deprecated, For configuring different ports for each SCM use PortConfigKey ozone.scm.datanode.port appended with serviceId and nodeId
2021-05-31 14:16:26,101 [Listener at 0.0.0.0/14183] INFO  ha.SCMNodeInfo (SCMNodeInfo.java:getPort(197)) - ConfigKey ozone.scm.client.address is deprecated, For configuring different ports for each SCM use PortConfigKey ozone.scm.client.port appended with serviceId and nodeId
2021-05-31 14:16:26,101 [Listener at 0.0.0.0/14183] INFO  ha.SCMNodeInfo (SCMNodeInfo.java:getPort(197)) - ConfigKey ozone.scm.block.client.address is deprecated, For configuring different ports for each SCM use PortConfigKey ozone.scm.block.client.port appended with serviceId and nodeId
2021-05-31 14:16:26,101 [Listener at 0.0.0.0/14183] INFO  ha.SCMNodeInfo (SCMNodeInfo.java:getPort(197)) - ConfigKey ozone.scm.datanode.address is deprecated, For configuring different ports for each SCM use PortConfigKey ozone.scm.datanode.port appended with serviceId and nodeId
OM initialization succeeded.Current cluster id for sd=/home/runner/work/ozone/ozone/mnt/ozone/hadoop-ozone/integration-test/target/test-dir/MiniOzoneClusterImpl-54085720-bde5-45d4-8ce8-a7ad55ee2c31/omNode-1/om;cid=54085720-bde5-45d4-8ce8-a7ad55ee2c31;layoutVersion=0
2021-05-31 14:16:26,108 [Listener at 0.0.0.0/14183] INFO  ha.OMHANodeDetails (OMHANodeDetails.java:loadOMHAConfig(111)) - ServiceID for OzoneManager is om-service-test1
2021-05-31 14:16:26,109 [Listener at 0.0.0.0/14183] INFO  ha.OMHANodeDetails (OMHANodeDetails.java:loadOMHAConfig(187)) - Found matching OM address with OMServiceId: om-service-test1, OMNodeId: omNode-1, RPC Address: localhost:11372 and Ratis port: 11376
2021-05-31 14:16:26,109 [Listener at 0.0.0.0/14183] INFO  ha.OMHANodeDetails (ConfUtils.java:setNodeSpecificConfigs(105)) - Setting configuration key ozone.om.http-address with value of key ozone.om.http-address.om-service-test1.omNode-1: 127.0.0.1:11374
2021-05-31 14:16:26,109 [Listener at 0.0.0.0/14183] INFO  ha.OMHANodeDetails (ConfUtils.java:setNodeSpecificConfigs(105)) - Setting configuration key ozone.om.https-address with value of key ozone.om.https-address.om-service-test1.omNode-1: 127.0.0.1:11375
2021-05-31 14:16:26,109 [Listener at 0.0.0.0/14183] INFO  ha.OMHANodeDetails (ConfUtils.java:setNodeSpecificConfigs(105)) - Setting configuration key ozone.om.address with value of key ozone.om.address.om-service-test1.omNode-1: 127.0.0.1:11372
2021-05-31 14:16:26,109 [Listener at 0.0.0.0/14183] WARN  server.ServerUtils (ServerUtils.java:getDBPath(225)) - ozone.om.db.dirs is not configured. We recommend adding this setting. Falling back to ozone.metadata.dirs instead.
2021-05-31 14:16:26,109 [Listener at 0.0.0.0/14183] WARN  server.ServerUtils (ServerUtils.java:getDBPath(225)) - ozone.om.db.dirs is not configured. We recommend adding this setting. Falling back to ozone.metadata.dirs instead.
2021-05-31 14:16:26,118 [Listener at 0.0.0.0/14183] INFO  ha.SCMNodeInfo (SCMNodeInfo.java:getPort(197)) - ConfigKey ozone.scm.client.address is deprecated, For configuring different ports for each SCM use PortConfigKey ozone.scm.client.port appended with serviceId and nodeId
2021-05-31 14:16:26,118 [Listener at 0.0.0.0/14183] INFO  ha.SCMNodeInfo (SCMNodeInfo.java:getPort(197)) - ConfigKey ozone.scm.block.client.address is deprecated, For configuring different ports for each SCM use PortConfigKey ozone.scm.block.client.port appended with serviceId and nodeId
2021-05-31 14:16:26,119 [Listener at 0.0.0.0/14183] INFO  ha.SCMNodeInfo (SCMNodeInfo.java:getPort(197)) - ConfigKey ozone.scm.datanode.address is deprecated, For configuring different ports for each SCM use PortConfigKey ozone.scm.datanode.port appended with serviceId and nodeId
2021-05-31 14:16:26,119 [Listener at 0.0.0.0/14183] INFO  ha.SCMNodeInfo (SCMNodeInfo.java:getPort(197)) - ConfigKey ozone.scm.client.address is deprecated, For configuring different ports for each SCM use PortConfigKey ozone.scm.client.port appended with serviceId and nodeId
2021-05-31 14:16:26,119 [Listener at 0.0.0.0/14183] INFO  ha.SCMNodeInfo (SCMNodeInfo.java:getPort(197)) - ConfigKey ozone.scm.block.client.address is deprecated, For configuring different ports for each SCM use PortConfigKey ozone.scm.block.client.port appended with serviceId and nodeId
2021-05-31 14:16:26,119 [Listener at 0.0.0.0/14183] INFO  ha.SCMNodeInfo (SCMNodeInfo.java:getPort(197)) - ConfigKey ozone.scm.datanode.address is deprecated, For configuring different ports for each SCM use PortConfigKey ozone.scm.datanode.port appended with serviceId and nodeId
2021-05-31 14:16:26,119 [Listener at 0.0.0.0/14183] INFO  ha.SCMNodeInfo (SCMNodeInfo.java:getPort(197)) - ConfigKey ozone.scm.client.address is deprecated, For configuring different ports for each SCM use PortConfigKey ozone.scm.client.port appended with serviceId and nodeId
2021-05-31 14:16:26,119 [Listener at 0.0.0.0/14183] INFO  ha.SCMNodeInfo (SCMNodeInfo.java:getPort(197)) - ConfigKey ozone.scm.block.client.address is deprecated, For configuring different ports for each SCM use PortConfigKey ozone.scm.block.client.port appended with serviceId and nodeId
2021-05-31 14:16:26,120 [Listener at 0.0.0.0/14183] INFO  ha.SCMNodeInfo (SCMNodeInfo.java:getPort(197)) - ConfigKey ozone.scm.datanode.address is deprecated, For configuring different ports for each SCM use PortConfigKey ozone.scm.datanode.port appended with serviceId and nodeId
2021-05-31 14:16:26,298 [Listener at 0.0.0.0/14183] INFO  ha.SCMNodeInfo (SCMNodeInfo.java:getPort(197)) - ConfigKey ozone.scm.client.address is deprecated, For configuring different ports for each SCM use PortConfigKey ozone.scm.client.port appended with serviceId and nodeId
2021-05-31 14:16:26,298 [Listener at 0.0.0.0/14183] INFO  ha.SCMNodeInfo (SCMNodeInfo.java:getPort(197)) - ConfigKey ozone.scm.block.client.address is deprecated, For configuring different ports for each SCM use PortConfigKey ozone.scm.block.client.port appended with serviceId and nodeId
2021-05-31 14:16:26,299 [Listener at 0.0.0.0/14183] INFO  ha.SCMNodeInfo (SCMNodeInfo.java:getPort(197)) - ConfigKey ozone.scm.datanode.address is deprecated, For configuring different ports for each SCM use PortConfigKey ozone.scm.datanode.port appended with serviceId and nodeId
2021-05-31 14:16:26,299 [Listener at 0.0.0.0/14183] INFO  ha.SCMNodeInfo (SCMNodeInfo.java:getPort(197)) - ConfigKey ozone.scm.client.address is deprecated, For configuring different ports for each SCM use PortConfigKey ozone.scm.client.port appended with serviceId and nodeId
2021-05-31 14:16:26,299 [Listener at 0.0.0.0/14183] INFO  ha.SCMNodeInfo (SCMNodeInfo.java:getPort(197)) - ConfigKey ozone.scm.block.client.address is deprecated, For configuring different ports for each SCM use PortConfigKey ozone.scm.block.client.port appended with serviceId and nodeId
2021-05-31 14:16:26,299 [Listener at 0.0.0.0/14183] INFO  ha.SCMNodeInfo (SCMNodeInfo.java:getPort(197)) - ConfigKey ozone.scm.datanode.address is deprecated, For configuring different ports for each SCM use PortConfigKey ozone.scm.datanode.port appended with serviceId and nodeId
2021-05-31 14:16:26,299 [Listener at 0.0.0.0/14183] INFO  ha.SCMNodeInfo (SCMNodeInfo.java:getPort(197)) - ConfigKey ozone.scm.client.address is deprecated, For configuring different ports for each SCM use PortConfigKey ozone.scm.client.port appended with serviceId and nodeId
2021-05-31 14:16:26,299 [Listener at 0.0.0.0/14183] INFO  ha.SCMNodeInfo (SCMNodeInfo.java:getPort(197)) - ConfigKey ozone.scm.block.client.address is deprecated, For configuring different ports for each SCM use PortConfigKey ozone.scm.block.client.port appended with serviceId and nodeId
2021-05-31 14:16:26,299 [Listener at 0.0.0.0/14183] INFO  ha.SCMNodeInfo (SCMNodeInfo.java:getPort(197)) - ConfigKey ozone.scm.datanode.address is deprecated, For configuring different ports for each SCM use PortConfigKey ozone.scm.datanode.port appended with serviceId and nodeId
2021-05-31 14:16:26,301 [Listener at 0.0.0.0/14183] INFO  ha.SCMNodeInfo (SCMNodeInfo.java:getPort(197)) - ConfigKey ozone.scm.client.address is deprecated, For configuring different ports for each SCM use PortConfigKey ozone.scm.client.port appended with serviceId and nodeId
2021-05-31 14:16:26,302 [Listener at 0.0.0.0/14183] INFO  ha.SCMNodeInfo (SCMNodeInfo.java:getPort(197)) - ConfigKey ozone.scm.block.client.address is deprecated, For configuring different ports for each SCM use PortConfigKey ozone.scm.block.client.port appended with serviceId and nodeId
2021-05-31 14:16:26,302 [Listener at 0.0.0.0/14183] INFO  ha.SCMNodeInfo (SCMNodeInfo.java:getPort(197)) - ConfigKey ozone.scm.datanode.address is deprecated, For configuring different ports for each SCM use PortConfigKey ozone.scm.datanode.port appended with serviceId and nodeId
2021-05-31 14:16:26,302 [Listener at 0.0.0.0/14183] INFO  ha.SCMNodeInfo (SCMNodeInfo.java:getPort(197)) - ConfigKey ozone.scm.client.address is deprecated, For configuring different ports for each SCM use PortConfigKey ozone.scm.client.port appended with serviceId and nodeId
2021-05-31 14:16:26,302 [Listener at 0.0.0.0/14183] INFO  ha.SCMNodeInfo (SCMNodeInfo.java:getPort(197)) - ConfigKey ozone.scm.block.client.address is deprecated, For configuring different ports for each SCM use PortConfigKey ozone.scm.block.client.port appended with serviceId and nodeId
2021-05-31 14:16:26,302 [Listener at 0.0.0.0/14183] INFO  ha.SCMNodeInfo (SCMNodeInfo.java:getPort(197)) - ConfigKey ozone.scm.datanode.address is deprecated, For configuring different ports for each SCM use PortConfigKey ozone.scm.datanode.port appended with serviceId and nodeId
2021-05-31 14:16:26,302 [Listener at 0.0.0.0/14183] INFO  ha.SCMNodeInfo (SCMNodeInfo.java:getPort(197)) - ConfigKey ozone.scm.client.address is deprecated, For configuring different ports for each SCM use PortConfigKey ozone.scm.client.port appended with serviceId and nodeId
2021-05-31 14:16:26,302 [Listener at 0.0.0.0/14183] INFO  ha.SCMNodeInfo (SCMNodeInfo.java:getPort(197)) - ConfigKey ozone.scm.block.client.address is deprecated, For configuring different ports for each SCM use PortConfigKey ozone.scm.block.client.port appended with serviceId and nodeId
2021-05-31 14:16:26,303 [Listener at 0.0.0.0/14183] INFO  ha.SCMNodeInfo (SCMNodeInfo.java:getPort(197)) - ConfigKey ozone.scm.datanode.address is deprecated, For configuring different ports for each SCM use PortConfigKey ozone.scm.datanode.port appended with serviceId and nodeId
2021-05-31 14:16:26,322 [Listener at 0.0.0.0/14183] WARN  server.ServerUtils (ServerUtils.java:getDBPath(225)) - ozone.om.db.dirs is not configured. We recommend adding this setting. Falling back to ozone.metadata.dirs instead.
2021-05-31 14:16:26,329 [Listener at 0.0.0.0/14183] INFO  codec.OmKeyInfoCodec (OmKeyInfoCodec.java:<init>(43)) - OmKeyInfoCodec ignorePipeline = true
2021-05-31 14:16:26,330 [Listener at 0.0.0.0/14183] INFO  codec.RepeatedOmKeyInfoCodec (RepeatedOmKeyInfoCodec.java:<init>(42)) - RepeatedOmKeyInfoCodec ignorePipeline = true
2021-05-31 14:16:26,500 [Listener at 0.0.0.0/14183] INFO  om.OzoneManager (OzoneManager.java:addS3GVolumeToDB(3765)) - Created Volume s3v With Owner runner required for S3Gateway operations.
2021-05-31 14:16:26,504 [Listener at 0.0.0.0/14183] WARN  server.ServerUtils (ServerUtils.java:getDefaultRatisDirectory(237)) - Storage directory for Ratis is not configured. It is a good idea to map this to an SSD disk. Falling back to ozone.metadata.dirs
2021-05-31 14:16:26,505 [Listener at 0.0.0.0/14183] WARN  ratis.OzoneManagerRatisServer (OzoneManagerRatisServer.java:getOMRatisSnapshotDirectory(634)) - ozone.om.ratis.snapshot.dir is not configured. Falling back to ozone.metadata.dirs config
2021-05-31 14:16:26,509 [Listener at 0.0.0.0/14183] WARN  server.ServerUtils (ServerUtils.java:getDefaultRatisDirectory(237)) - Storage directory for Ratis is not configured. It is a good idea to map this to an SSD disk. Falling back to ozone.metadata.dirs
2021-05-31 14:16:26,511 [Listener at 0.0.0.0/14183] INFO  ratis.OzoneManagerRatisServer (OzoneManagerRatisServer.java:<init>(288)) - Instantiating OM Ratis server with GroupID: om-service-test1 and Raft Peers: localhost:11376
2021-05-31 14:16:26,514 [Listener at 0.0.0.0/14183] INFO  ratis.OzoneManagerStateMachine (OzoneManagerStateMachine.java:loadSnapshotInfoFromDB(520)) - LastAppliedIndex is set from TransactionInfo from OM DB as (t:0, i:~)
2021-05-31 14:16:26,524 [Listener at 0.0.0.0/14183] INFO  server.RaftServer (ConfUtils.java:logGet(44)) - raft.rpc.type = GRPC (default)
2021-05-31 14:16:26,524 [Listener at 0.0.0.0/14183] INFO  grpc.GrpcFactory (GrpcFactory.java:checkPooledByteBufAllocatorUseCacheForAllThreads(48)) - PERFORMANCE WARNING: useCacheForAllThreads is true that may cause Netty to create a lot garbage objects and, as a result, trigger GC.
	It is recommended to disable useCacheForAllThreads by setting -Dorg.apache.ratis.thirdparty.io.netty.allocator.useCacheForAllThreads=false in command line.
2021-05-31 14:16:26,524 [Listener at 0.0.0.0/14183] INFO  grpc.GrpcConfigKeys (ConfUtils.java:logGet(44)) - raft.grpc.admin.port = -1 (default)
2021-05-31 14:16:26,525 [Listener at 0.0.0.0/14183] INFO  grpc.GrpcConfigKeys (ConfUtils.java:logGet(44)) - raft.grpc.server.port = 11376 (custom)
2021-05-31 14:16:26,525 [Listener at 0.0.0.0/14183] INFO  grpc.GrpcConfigKeys (ConfUtils.java:logGet(44)) - raft.grpc.client.port = -1 (default)
2021-05-31 14:16:26,525 [Listener at 0.0.0.0/14183] INFO  grpc.GrpcConfigKeys (ConfUtils.java:logGet(44)) - raft.grpc.server.port = 11376 (custom)
2021-05-31 14:16:26,525 [Listener at 0.0.0.0/14183] INFO  grpc.GrpcConfigKeys (ConfUtils.java:logGet(44)) - raft.grpc.server.port = 11376 (custom)
2021-05-31 14:16:26,525 [Listener at 0.0.0.0/14183] INFO  server.GrpcService (ConfUtils.java:logGet(44)) - raft.grpc.message.size.max = 33554432 (custom)
2021-05-31 14:16:26,525 [Listener at 0.0.0.0/14183] INFO  server.RaftServerConfigKeys (ConfUtils.java:logGet(44)) - raft.server.log.appender.buffer.byte-limit = 33554432 (custom)
2021-05-31 14:16:26,526 [Listener at 0.0.0.0/14183] INFO  server.GrpcService (ConfUtils.java:logGet(44)) - raft.grpc.flow.control.window = 1MB (=1048576) (default)
2021-05-31 14:16:26,526 [Listener at 0.0.0.0/14183] INFO  server.RaftServerConfigKeys (ConfUtils.java:logGet(44)) - raft.server.rpc.request.timeout = 3000ms (default)
2021-05-31 14:16:26,527 [Listener at 0.0.0.0/14183] INFO  impl.DataStreamServerImpl (ConfUtils.java:logGet(44)) - raft.datastream.type = DISABLED (default)
2021-05-31 14:16:26,527 [Listener at 0.0.0.0/14183] INFO  server.RaftServerConfigKeys (ConfUtils.java:logGet(44)) - raft.server.rpc.slowness.timeout = 2s (custom)
2021-05-31 14:16:26,527 [Listener at 0.0.0.0/14183] INFO  server.RaftServerConfigKeys (ConfUtils.java:logGet(44)) - raft.server.leaderelection.leader.step-down.wait-time = 10s (default)
2021-05-31 14:16:26,528 [Listener at 0.0.0.0/14183] INFO  server.RaftServerConfigKeys (ConfUtils.java:logGet(44)) - raft.server.storage.dir = [/home/runner/work/ozone/ozone/mnt/ozone/hadoop-ozone/integration-test/target/test-dir/MiniOzoneClusterImpl-54085720-bde5-45d4-8ce8-a7ad55ee2c31/omNode-1/ratis] (custom)
2021-05-31 14:16:26,528 [Listener at 0.0.0.0/14183] INFO  server.RaftServer (RaftServerProxy.java:addNew(95)) - omNode-1: addNew group-523986131536:[omNode-1|rpc:localhost:11376|priority:0] returns group-523986131536:java.util.concurrent.CompletableFuture@7ee6d5fd[Not completed]
2021-05-31 14:16:26,528 [Listener at 0.0.0.0/14183] INFO  om.OzoneManager (OzoneManager.java:initializeRatisServer(1294)) - OzoneManager Ratis server initialized at port 11376
2021-05-31 14:16:26,538 [Listener at 0.0.0.0/14183] INFO  ipc.CallQueueManager (CallQueueManager.java:<init>(85)) - Using callQueue: class java.util.concurrent.LinkedBlockingQueue, queueCapacity: 2000, scheduler: class org.apache.hadoop.ipc.DefaultRpcScheduler, ipcBackoff: false.
2021-05-31 14:16:26,538 [pool-72-thread-1] INFO  server.RaftServer$Division (RaftServerImpl.java:<init>(180)) - omNode-1: new RaftServerImpl for group-523986131536:[omNode-1|rpc:localhost:11376|priority:0] with OzoneManagerStateMachine:uninitialized
2021-05-31 14:16:26,540 [pool-72-thread-1] INFO  server.RaftServerConfigKeys (ConfUtils.java:logGet(44)) - raft.server.rpc.timeout.min = 1s (custom)
2021-05-31 14:16:26,540 [pool-72-thread-1] INFO  server.RaftServerConfigKeys (ConfUtils.java:logGet(44)) - raft.server.rpc.timeout.max = 1200ms (custom)
2021-05-31 14:16:26,540 [pool-72-thread-1] INFO  server.RaftServerConfigKeys (ConfUtils.java:logGet(44)) - raft.server.rpc.sleep.time = 25ms (default)
2021-05-31 14:16:26,540 [pool-72-thread-1] INFO  server.RaftServerConfigKeys (ConfUtils.java:logGet(44)) - raft.server.rpc.slowness.timeout = 2s (custom)
2021-05-31 14:16:26,540 [pool-72-thread-1] INFO  server.RaftServerConfigKeys (ConfUtils.java:logGet(44)) - raft.server.leaderelection.leader.step-down.wait-time = 10s (default)
2021-05-31 14:16:26,540 [pool-72-thread-1] INFO  server.RaftServerConfigKeys (ConfUtils.java:logGet(44)) - raft.server.sleep.deviation.threshold = 300ms (default)
2021-05-31 14:16:26,540 [pool-72-thread-1] INFO  server.RaftServerConfigKeys (ConfUtils.java:logGet(44)) - raft.server.log.appender.install.snapshot.enabled = false (custom)
2021-05-31 14:16:26,541 [pool-72-thread-1] INFO  server.RaftServer$Division (ServerState.java:<init>(105)) - omNode-1@group-523986131536: ConfigurationManager, init=-1: [omNode-1|rpc:localhost:11376|priority:0], old=null, confs=<EMPTY_MAP>
2021-05-31 14:16:26,541 [pool-72-thread-1] INFO  server.RaftServerConfigKeys (ConfUtils.java:logGet(44)) - raft.server.storage.dir = [/home/runner/work/ozone/ozone/mnt/ozone/hadoop-ozone/integration-test/target/test-dir/MiniOzoneClusterImpl-54085720-bde5-45d4-8ce8-a7ad55ee2c31/omNode-1/ratis] (custom)
2021-05-31 14:16:26,541 [pool-72-thread-1] INFO  server.RaftServerConfigKeys (ConfUtils.java:logGet(44)) - raft.server.log.corruption.policy = EXCEPTION (default)
2021-05-31 14:16:26,541 [pool-72-thread-1] INFO  storage.RaftStorageDirectory (RaftStorageDirectoryImpl.java:analyzeStorage(132)) - The storage directory /home/runner/work/ozone/ozone/mnt/ozone/hadoop-ozone/integration-test/target/test-dir/MiniOzoneClusterImpl-54085720-bde5-45d4-8ce8-a7ad55ee2c31/omNode-1/ratis/c9bc4cf4-3bc3-3c60-a66b-523986131536 does not exist. Creating ...
2021-05-31 14:16:26,542 [pool-72-thread-1] INFO  storage.RaftStorageDirectory (RaftStorageDirectoryImpl.java:tryLock(215)) - Lock on /home/runner/work/ozone/ozone/mnt/ozone/hadoop-ozone/integration-test/target/test-dir/MiniOzoneClusterImpl-54085720-bde5-45d4-8ce8-a7ad55ee2c31/omNode-1/ratis/c9bc4cf4-3bc3-3c60-a66b-523986131536/in_use.lock acquired by nodename 5470@fv-az148-586
2021-05-31 14:16:26,543 [Socket Reader #1 for port 11372] INFO  ipc.Server (Server.java:run(1255)) - Starting Socket Reader #1 for port 11372
2021-05-31 14:16:26,544 [pool-72-thread-1] INFO  storage.RaftStorage (RaftStorageImpl.java:format(87)) - Storage directory /home/runner/work/ozone/ozone/mnt/ozone/hadoop-ozone/integration-test/target/test-dir/MiniOzoneClusterImpl-54085720-bde5-45d4-8ce8-a7ad55ee2c31/omNode-1/ratis/c9bc4cf4-3bc3-3c60-a66b-523986131536 has been successfully formatted.
2021-05-31 14:16:26,545 [pool-72-thread-1] INFO  server.RaftServerConfigKeys (ConfUtils.java:logGet(44)) - raft.server.notification.no-leader.timeout = 2s (custom)
2021-05-31 14:16:26,545 [pool-72-thread-1] INFO  server.RaftServerConfigKeys (ConfUtils.java:logGet(44)) - raft.server.log.use.memory = false (default)
2021-05-31 14:16:26,545 [pool-72-thread-1] INFO  server.RaftServerConfigKeys (ConfUtils.java:logGet(44)) - raft.server.log.purge.gap = 1000000 (custom)
2021-05-31 14:16:26,545 [pool-72-thread-1] INFO  server.RaftServerConfigKeys (ConfUtils.java:logGet(44)) - raft.server.log.appender.buffer.byte-limit = 33554432 (custom)
2021-05-31 14:16:26,545 [pool-72-thread-1] INFO  metrics.RatisMetrics (RatisMetrics.java:lambda$create$0(36)) - Creating Metrics Registry : ratis.log_worker.omNode-1@group-523986131536
2021-05-31 14:16:26,556 [pool-72-thread-1] INFO  server.RaftServerConfigKeys (ConfUtils.java:logGet(44)) - raft.server.log.segment.size.max = 4194304 (custom)
2021-05-31 14:16:26,565 [pool-72-thread-1] INFO  server.RaftServerConfigKeys (ConfUtils.java:logGet(44)) - raft.server.log.segment.cache.num.max = 2 (custom)
2021-05-31 14:16:26,566 [pool-72-thread-1] INFO  server.RaftServerConfigKeys (ConfUtils.java:logGet(44)) - raft.server.log.segment.cache.size.max = 200MB (=209715200) (default)
2021-05-31 14:16:26,566 [pool-72-thread-1] INFO  segmented.SegmentedRaftLogWorker (SegmentedRaftLogWorker.java:<init>(182)) - new omNode-1@group-523986131536-SegmentedRaftLogWorker for RaftStorageImpl:Storage Directory /home/runner/work/ozone/ozone/mnt/ozone/hadoop-ozone/integration-test/target/test-dir/MiniOzoneClusterImpl-54085720-bde5-45d4-8ce8-a7ad55ee2c31/omNode-1/ratis/c9bc4cf4-3bc3-3c60-a66b-523986131536
2021-05-31 14:16:26,566 [pool-72-thread-1] INFO  server.RaftServerConfigKeys (ConfUtils.java:logGet(44)) - raft.server.log.queue.byte-limit = 64MB (=67108864) (default)
2021-05-31 14:16:26,566 [pool-72-thread-1] INFO  server.RaftServerConfigKeys (ConfUtils.java:logGet(44)) - raft.server.log.queue.element-limit = 4096 (default)
2021-05-31 14:16:26,566 [pool-72-thread-1] INFO  server.RaftServerConfigKeys (ConfUtils.java:logGet(44)) - raft.server.log.segment.size.max = 4194304 (custom)
2021-05-31 14:16:26,566 [pool-72-thread-1] INFO  server.RaftServerConfigKeys (ConfUtils.java:logGet(44)) - raft.server.log.preallocated.size = 4194304 (custom)
2021-05-31 14:16:26,566 [pool-72-thread-1] INFO  server.RaftServerConfigKeys (ConfUtils.java:logGet(44)) - raft.server.log.force.sync.num = 128 (default)
2021-05-31 14:16:26,566 [pool-72-thread-1] INFO  server.RaftServerConfigKeys (ConfUtils.java:logGet(44)) - raft.server.log.statemachine.data.sync = true (default)
2021-05-31 14:16:26,566 [pool-72-thread-1] INFO  server.RaftServerConfigKeys (ConfUtils.java:logGet(44)) - raft.server.log.statemachine.data.sync.timeout = 10s (default)
2021-05-31 14:16:26,566 [pool-72-thread-1] INFO  server.RaftServerConfigKeys (ConfUtils.java:logGet(44)) - raft.server.log.statemachine.data.sync.timeout.retry = -1 (default)
2021-05-31 14:16:26,568 [pool-72-thread-1] INFO  server.RaftServerConfigKeys (ConfUtils.java:logGet(44)) - raft.server.log.write.buffer.size = 64KB (=65536) (default)
2021-05-31 14:16:26,568 [pool-72-thread-1] INFO  server.RaftServerConfigKeys (ConfUtils.java:logGet(44)) - raft.server.log.statemachine.data.caching.enabled = false (default)
2021-05-31 14:16:26,568 [pool-72-thread-1] INFO  segmented.SegmentedRaftLogWorker (SegmentedRaftLogWorker.java:lambda$new$0(133)) - omNode-1@group-523986131536-SegmentedRaftLogWorker: flushIndex: setUnconditionally 0 -> -1
2021-05-31 14:16:26,568 [pool-72-thread-1] INFO  segmented.SegmentedRaftLogWorker (SegmentedRaftLogWorker.java:lambda$new$0(133)) - omNode-1@group-523986131536-SegmentedRaftLogWorker: safeCacheEvictIndex: setUnconditionally 0 -> -1
2021-05-31 14:16:26,568 [pool-72-thread-1] INFO  server.RaftServerConfigKeys (ConfUtils.java:logGet(44)) - raft.server.snapshot.auto.trigger.enabled = true (custom)
2021-05-31 14:16:26,568 [pool-72-thread-1] INFO  server.RaftServerConfigKeys (ConfUtils.java:logGet(44)) - raft.server.snapshot.auto.trigger.threshold = 400000 (default)
2021-05-31 14:16:26,569 [pool-72-thread-1] INFO  server.RaftServerConfigKeys (ConfUtils.java:logGet(44)) - raft.server.snapshot.retention.file.num = -1 (default)
2021-05-31 14:16:26,569 [pool-72-thread-1] INFO  server.RaftServerConfigKeys (ConfUtils.java:logGet(44)) - raft.server.log.purge.upto.snapshot.index = true (custom)
2021-05-31 14:16:26,569 [pool-72-thread-1] INFO  server.RaftServerConfigKeys (ConfUtils.java:logGet(44)) - raft.server.retrycache.expirytime = 300s (custom)
2021-05-31 14:16:26,569 [pool-72-thread-1] INFO  server.RaftServerConfigKeys (ConfUtils.java:logGet(44)) - raft.server.retrycache.statistics.expirytime = 100μs (default)
2021-05-31 14:16:26,569 [pool-72-thread-1] INFO  metrics.RatisMetrics (RatisMetrics.java:lambda$create$0(36)) - Creating Metrics Registry : ratis.leader_election.omNode-1@group-523986131536
2021-05-31 14:16:26,569 [pool-72-thread-1] INFO  metrics.RatisMetrics (RatisMetrics.java:lambda$create$0(36)) - Creating Metrics Registry : ratis.server.omNode-1@group-523986131536
2021-05-31 14:16:26,581 [Listener at 127.0.0.1/11372] INFO  impl.MetricsSystemImpl (MetricsSystemImpl.java:init(158)) - OzoneManager metrics system started (again)
2021-05-31 14:16:26,584 [Listener at 127.0.0.1/11372] INFO  om.OzoneManager (OzoneManager.java:start(1104)) - OzoneManager RPC server is listening at localhost/127.0.0.1:11372
2021-05-31 14:16:26,584 [Listener at 127.0.0.1/11372] INFO  ratis.OzoneManagerRatisServer (OzoneManagerRatisServer.java:start(388)) - Starting OzoneManagerRatisServer omNode-1 at port 11376
2021-05-31 14:16:26,584 [Listener at 127.0.0.1/11372] INFO  server.RaftServer$Division (RaftServerImpl.java:start(295)) - omNode-1@group-523986131536: start as a follower, conf=-1: [omNode-1|rpc:localhost:11376|priority:0], old=null
2021-05-31 14:16:26,584 [Listener at 127.0.0.1/11372] INFO  server.RaftServer$Division (RaftServerImpl.java:setRole(284)) - omNode-1@group-523986131536: changes role from      null to FOLLOWER at term 0 for startAsFollower
2021-05-31 14:16:26,585 [Listener at 127.0.0.1/11372] INFO  impl.RoleInfo (RoleInfo.java:updateAndGet(130)) - omNode-1: start omNode-1@group-523986131536-FollowerState
2021-05-31 14:16:26,585 [Listener at 127.0.0.1/11372] INFO  util.JmxRegister (JmxRegister.java:tryRegister(44)) - Successfully registered JMX Bean with object name Ratis:service=RaftServer,group=group-523986131536,id=omNode-1
2021-05-31 14:16:26,585 [Listener at 127.0.0.1/11372] INFO  metrics.RatisMetrics (RatisMetrics.java:lambda$create$0(36)) - Creating Metrics Registry : ratis.state_machine.omNode-1@group-523986131536
2021-05-31 14:16:26,586 [Listener at 127.0.0.1/11372] INFO  server.RaftServer (RaftServerProxy.java:lambda$start$5(374)) - omNode-1: start RPC server
2021-05-31 14:16:26,588 [Listener at 127.0.0.1/11372] INFO  server.GrpcService (GrpcService.java:startImpl(253)) - omNode-1: GrpcService started, listening on 11376
2021-05-31 14:16:26,592 [org.apache.ratis.util.JvmPauseMonitor$$Lambda$493/1767532961@761d679f] INFO  util.JvmPauseMonitor (JvmPauseMonitor.java:run(103)) - JvmPauseMonitor-omNode-1: Started
2021-05-31 14:16:26,597 [Listener at 127.0.0.1/11372] INFO  http.BaseHttpServer (BaseHttpServer.java:newHttpServer2BuilderForOzone(209)) - Starting Web-server for ozoneManager at: http://0.0.0.0:11374
2021-05-31 14:16:26,597 [Listener at 127.0.0.1/11372] INFO  http.BaseHttpServer (BaseHttpServer.java:<init>(107)) - Hadoop Security Enabled: false Ozone Security Enabled: false Ozone HTTP Security Enabled: false 
2021-05-31 14:16:26,598 [Listener at 127.0.0.1/11372] INFO  server.AuthenticationFilter (AuthenticationFilter.java:constructSecretProvider(240)) - Unable to initialize FileSignerSecretProvider, falling back to use random secrets.
2021-05-31 14:16:26,605 [Listener at 127.0.0.1/11372] WARN  http.HttpRequestLog (HttpRequestLog.java:getRequestLog(103)) - Jetty request log can only be enabled using Log4j
2021-05-31 14:16:26,606 [Listener at 127.0.0.1/11372] INFO  http.HttpServer2 (HttpServer2.java:addGlobalFilter(1020)) - Added global filter 'safety' (class=org.apache.hadoop.hdds.server.http.HttpServer2$QuotingInputFilter)
2021-05-31 14:16:26,607 [Listener at 127.0.0.1/11372] INFO  http.HttpServer2 (HttpServer2.java:addFilter(996)) - Added filter static_user_filter (class=org.apache.hadoop.http.lib.StaticUserWebFilter$StaticUserFilter) to context ozoneManager
2021-05-31 14:16:26,607 [Listener at 127.0.0.1/11372] INFO  http.HttpServer2 (HttpServer2.java:addFilter(1004)) - Added filter static_user_filter (class=org.apache.hadoop.http.lib.StaticUserWebFilter$StaticUserFilter) to context logs
2021-05-31 14:16:26,607 [Listener at 127.0.0.1/11372] INFO  http.HttpServer2 (HttpServer2.java:addFilter(1004)) - Added filter static_user_filter (class=org.apache.hadoop.http.lib.StaticUserWebFilter$StaticUserFilter) to context static
2021-05-31 14:16:26,609 [Listener at 127.0.0.1/11372] INFO  http.HttpServer2 (HttpServer2.java:bindListener(1238)) - Jetty bound to port 11374
2021-05-31 14:16:26,609 [Listener at 127.0.0.1/11372] INFO  server.Server (Server.java:doStart(375)) - jetty-9.4.35.v20201120; built: 2020-11-20T21:17:03.964Z; git: bdc54f03a5e0a7e280fab27f55c3c75ee8da89fb; jvm 1.8.0_292-b10
2021-05-31 14:16:26,612 [Listener at 127.0.0.1/11372] INFO  server.session (DefaultSessionIdManager.java:doStart(334)) - DefaultSessionIdManager workerName=node0
2021-05-31 14:16:26,613 [Listener at 127.0.0.1/11372] INFO  server.session (DefaultSessionIdManager.java:doStart(339)) - No SessionScavenger set, using defaults
2021-05-31 14:16:26,613 [Listener at 127.0.0.1/11372] INFO  server.session (HouseKeeper.java:startScavenging(132)) - node0 Scavenging every 600000ms
2021-05-31 14:16:26,616 [Listener at 127.0.0.1/11372] INFO  handler.ContextHandler (ContextHandler.java:doStart(916)) - Started o.e.j.s.ServletContextHandler@75452b01{logs,/logs,file:///home/runner/work/ozone/ozone/mnt/ozone/hadoop-ozone/integration-test/target/log,AVAILABLE}
2021-05-31 14:16:26,616 [Listener at 127.0.0.1/11372] INFO  handler.ContextHandler (ContextHandler.java:doStart(916)) - Started o.e.j.s.ServletContextHandler@6d5b160{static,/static,file:///home/runner/work/ozone/ozone/mnt/ozone/hadoop-ozone/integration-test/target/test-classes/webapps/static,AVAILABLE}
2021-05-31 14:16:26,620 [Listener at 127.0.0.1/11372] INFO  handler.ContextHandler (ContextHandler.java:doStart(916)) - Started o.e.j.w.WebAppContext@7b99e726{ozoneManager,/,file:///home/runner/work/ozone/ozone/mnt/ozone/hadoop-ozone/integration-test/target/test-classes/webapps/ozoneManager/,AVAILABLE}{file:/home/runner/work/ozone/ozone/mnt/ozone/hadoop-ozone/integration-test/target/test-classes/webapps/ozoneManager}
2021-05-31 14:16:26,625 [Listener at 127.0.0.1/11372] INFO  server.AbstractConnector (AbstractConnector.java:doStart(331)) - Started ServerConnector@1d0b4b69{HTTP/1.1, (http/1.1)}{0.0.0.0:11374}
2021-05-31 14:16:26,625 [Listener at 127.0.0.1/11372] INFO  server.Server (Server.java:doStart(415)) - Started @18243ms
2021-05-31 14:16:26,626 [Listener at 127.0.0.1/11372] WARN  impl.MetricsSystemImpl (MetricsSystemImpl.java:register(279)) - Sink prometheus already exists!
2021-05-31 14:16:26,626 [Listener at 127.0.0.1/11372] INFO  http.BaseHttpServer (BaseHttpServer.java:updateConnectorAddress(329)) - HTTP server of ozoneManager listening at http://0.0.0.0:11374
2021-05-31 14:16:26,627 [IPC Server Responder] INFO  ipc.Server (Server.java:run(1497)) - IPC Server Responder: starting
2021-05-31 14:16:26,628 [IPC Server listener on 11372] INFO  ipc.Server (Server.java:run(1334)) - IPC Server listener on 11372: starting
2021-05-31 14:16:26,636 [Listener at 127.0.0.1/11372] INFO  om.OzoneManager (OzoneManager.java:startTrashEmptier(1234)) - Trash Interval set to 0. Files deleted will not move to trash
2021-05-31 14:16:26,637 [Listener at 127.0.0.1/11372] INFO  ozone.MiniOzoneHAClusterImpl (MiniOzoneHAClusterImpl.java:createOMService(461)) - Started OzoneManager RPC server at localhost/127.0.0.1:11372
2021-05-31 14:16:26,638 [org.apache.hadoop.util.JvmPauseMonitor$Monitor@42cef0af] INFO  util.JvmPauseMonitor (JvmPauseMonitor.java:run(188)) - Starting JVM pause monitor
2021-05-31 14:16:26,972 [org.apache.ratis.util.JvmPauseMonitor$$Lambda$493/1767532961@18d1d137] WARN  util.JvmPauseMonitor (JvmPauseMonitor.java:detectPause(124)) - JvmPauseMonitor-fc8d0b26-40fd-4e75-8432-30636972f5a2: Detected pause in JVM or host machine (eg GC): pause of approximately 139094503ns.
GC pool 'PS MarkSweep' had collection(s): count=1 time=240ms
GC pool 'PS Scavenge' had collection(s): count=1 time=15ms
2021-05-31 14:16:27,074 [Listener at 127.0.0.1/11372] INFO  impl.MetricsSystemImpl (MetricsSystemImpl.java:init(158)) - HddsDatanode metrics system started (again)
2021-05-31 14:16:27,081 [Listener at 127.0.0.1/11372] INFO  ozone.HddsDatanodeService (HddsDatanodeService.java:start(220)) - HddsDatanodeService host:fv-az148-586.bm4ck3pvxvsene1rjriu5fhcdb.bx.internal.cloudapp.net ip:10.1.0.41
2021-05-31 14:16:27,105 [Listener at 127.0.0.1/11372] INFO  ha.SCMNodeInfo (SCMNodeInfo.java:getPort(197)) - ConfigKey ozone.scm.client.address is deprecated, For configuring different ports for each SCM use PortConfigKey ozone.scm.client.port appended with serviceId and nodeId
2021-05-31 14:16:27,105 [Listener at 127.0.0.1/11372] INFO  ha.SCMNodeInfo (SCMNodeInfo.java:getPort(197)) - ConfigKey ozone.scm.block.client.address is deprecated, For configuring different ports for each SCM use PortConfigKey ozone.scm.block.client.port appended with serviceId and nodeId
2021-05-31 14:16:27,105 [Listener at 127.0.0.1/11372] INFO  ha.SCMNodeInfo (SCMNodeInfo.java:getPort(197)) - ConfigKey ozone.scm.datanode.address is deprecated, For configuring different ports for each SCM use PortConfigKey ozone.scm.datanode.port appended with serviceId and nodeId
2021-05-31 14:16:27,105 [Listener at 127.0.0.1/11372] INFO  ha.SCMNodeInfo (SCMNodeInfo.java:getPort(197)) - ConfigKey ozone.scm.client.address is deprecated, For configuring different ports for each SCM use PortConfigKey ozone.scm.client.port appended with serviceId and nodeId
2021-05-31 14:16:27,105 [Listener at 127.0.0.1/11372] INFO  ha.SCMNodeInfo (SCMNodeInfo.java:getPort(197)) - ConfigKey ozone.scm.block.client.address is deprecated, For configuring different ports for each SCM use PortConfigKey ozone.scm.block.client.port appended with serviceId and nodeId
2021-05-31 14:16:27,105 [Listener at 127.0.0.1/11372] INFO  ha.SCMNodeInfo (SCMNodeInfo.java:getPort(197)) - ConfigKey ozone.scm.datanode.address is deprecated, For configuring different ports for each SCM use PortConfigKey ozone.scm.datanode.port appended with serviceId and nodeId
2021-05-31 14:16:27,106 [Listener at 127.0.0.1/11372] INFO  ha.SCMNodeInfo (SCMNodeInfo.java:getPort(197)) - ConfigKey ozone.scm.client.address is deprecated, For configuring different ports for each SCM use PortConfigKey ozone.scm.client.port appended with serviceId and nodeId
2021-05-31 14:16:27,106 [Listener at 127.0.0.1/11372] INFO  ha.SCMNodeInfo (SCMNodeInfo.java:getPort(197)) - ConfigKey ozone.scm.block.client.address is deprecated, For configuring different ports for each SCM use PortConfigKey ozone.scm.block.client.port appended with serviceId and nodeId
2021-05-31 14:16:27,106 [Listener at 127.0.0.1/11372] INFO  ha.SCMNodeInfo (SCMNodeInfo.java:getPort(197)) - ConfigKey ozone.scm.datanode.address is deprecated, For configuring different ports for each SCM use PortConfigKey ozone.scm.datanode.port appended with serviceId and nodeId
2021-05-31 14:16:27,166 [Listener at 127.0.0.1/11372] INFO  volume.HddsVolume (HddsVolume.java:<init>(184)) - Creating Volume: /home/runner/work/ozone/ozone/mnt/ozone/hadoop-ozone/integration-test/target/test-dir/MiniOzoneClusterImpl-54085720-bde5-45d4-8ce8-a7ad55ee2c31/datanode-0/data-0/containers/hdds of storage type : DISK and capacity : 9223372036854775807
2021-05-31 14:16:27,171 [Listener at 127.0.0.1/11372] INFO  volume.MutableVolumeSet (MutableVolumeSet.java:initializeVolumeSet(198)) - Added Volume : /home/runner/work/ozone/ozone/mnt/ozone/hadoop-ozone/integration-test/target/test-dir/MiniOzoneClusterImpl-54085720-bde5-45d4-8ce8-a7ad55ee2c31/datanode-0/data-0/containers/hdds to VolumeSet
2021-05-31 14:16:27,172 [Listener at 127.0.0.1/11372] INFO  volume.ThrottledAsyncChecker (ThrottledAsyncChecker.java:schedule(141)) - Scheduling a check for /home/runner/work/ozone/ozone/mnt/ozone/hadoop-ozone/integration-test/target/test-dir/MiniOzoneClusterImpl-54085720-bde5-45d4-8ce8-a7ad55ee2c31/datanode-0/data-0/containers/hdds
2021-05-31 14:16:27,189 [Listener at 127.0.0.1/11372] INFO  volume.HddsVolumeChecker (HddsVolumeChecker.java:checkAllVolumes(201)) - Scheduled health check for volume /home/runner/work/ozone/ozone/mnt/ozone/hadoop-ozone/integration-test/target/test-dir/MiniOzoneClusterImpl-54085720-bde5-45d4-8ce8-a7ad55ee2c31/datanode-0/data-0/containers/hdds
2021-05-31 14:16:27,214 [Listener at 127.0.0.1/11372] INFO  ozoneimpl.ContainerReader (ContainerReader.java:<init>(98)) - Running in upgrade mode:true
2021-05-31 14:16:27,215 [Thread-486] INFO  ozoneimpl.ContainerReader (ContainerReader.java:readVolume(142)) - Start to verify containers on volume /home/runner/work/ozone/ozone/mnt/ozone/hadoop-ozone/integration-test/target/test-dir/MiniOzoneClusterImpl-54085720-bde5-45d4-8ce8-a7ad55ee2c31/datanode-0/data-0/containers/hdds
2021-05-31 14:16:27,216 [Thread-486] INFO  ozoneimpl.ContainerReader (ContainerReader.java:readVolume(174)) - Finish verifying containers on volume /home/runner/work/ozone/ozone/mnt/ozone/hadoop-ozone/integration-test/target/test-dir/MiniOzoneClusterImpl-54085720-bde5-45d4-8ce8-a7ad55ee2c31/datanode-0/data-0/containers/hdds
2021-05-31 14:16:27,216 [Listener at 127.0.0.1/11372] INFO  ozoneimpl.OzoneContainer (OzoneContainer.java:buildContainerSet(228)) - Build ContainerSet costs 0s
2021-05-31 14:16:27,286 [Listener at 127.0.0.1/11372] INFO  server.RaftServer (ConfUtils.java:logGet(44)) - raft.rpc.type = GRPC (default)
2021-05-31 14:16:27,286 [Listener at 127.0.0.1/11372] INFO  grpc.GrpcFactory (GrpcFactory.java:checkPooledByteBufAllocatorUseCacheForAllThreads(48)) - PERFORMANCE WARNING: useCacheForAllThreads is true that may cause Netty to create a lot garbage objects and, as a result, trigger GC.
	It is recommended to disable useCacheForAllThreads by setting -Dorg.apache.ratis.thirdparty.io.netty.allocator.useCacheForAllThreads=false in command line.
2021-05-31 14:16:27,287 [Listener at 127.0.0.1/11372] INFO  grpc.GrpcConfigKeys (ConfUtils.java:logGet(44)) - raft.grpc.admin.port = 0 (custom)
2021-05-31 14:16:27,287 [Listener at 127.0.0.1/11372] INFO  grpc.GrpcConfigKeys (ConfUtils.java:logGet(44)) - raft.grpc.client.port = 0 (custom)
2021-05-31 14:16:27,287 [Listener at 127.0.0.1/11372] INFO  grpc.GrpcConfigKeys (ConfUtils.java:logGet(44)) - raft.grpc.server.port = 0 (default)
2021-05-31 14:16:27,287 [Listener at 127.0.0.1/11372] INFO  server.GrpcService (ConfUtils.java:logGet(44)) - raft.grpc.message.size.max = 32MB (=33554432) (custom)
2021-05-31 14:16:27,287 [Listener at 127.0.0.1/11372] INFO  server.RaftServerConfigKeys (ConfUtils.java:logGet(44)) - raft.server.log.appender.buffer.byte-limit = 33554432 (custom)
2021-05-31 14:16:27,288 [Listener at 127.0.0.1/11372] INFO  server.GrpcService (ConfUtils.java:logGet(44)) - raft.grpc.flow.control.window = 5MB (=5242880) (custom)
2021-05-31 14:16:27,288 [Listener at 127.0.0.1/11372] INFO  server.RaftServerConfigKeys (ConfUtils.java:logGet(44)) - raft.server.rpc.request.timeout = 60s (custom)
2021-05-31 14:16:27,290 [Listener at 127.0.0.1/11372] INFO  impl.DataStreamServerImpl (ConfUtils.java:logGet(44)) - raft.datastream.type = DISABLED (default)
2021-05-31 14:16:27,290 [Listener at 127.0.0.1/11372] INFO  server.RaftServerConfigKeys (ConfUtils.java:logGet(44)) - raft.server.rpc.slowness.timeout = 300s (custom)
2021-05-31 14:16:27,291 [Listener at 127.0.0.1/11372] INFO  server.RaftServerConfigKeys (ConfUtils.java:logGet(44)) - raft.server.leaderelection.leader.step-down.wait-time = 10s (default)
2021-05-31 14:16:27,291 [Listener at 127.0.0.1/11372] INFO  server.RaftServerConfigKeys (ConfUtils.java:logGet(44)) - raft.server.storage.dir = [/home/runner/work/ozone/ozone/mnt/ozone/hadoop-ozone/integration-test/target/test-dir/MiniOzoneClusterImpl-54085720-bde5-45d4-8ce8-a7ad55ee2c31/datanode-0/data/ratis] (custom)
2021-05-31 14:16:27,357 [Listener at 127.0.0.1/11372] INFO  http.BaseHttpServer (BaseHttpServer.java:newHttpServer2BuilderForOzone(209)) - Starting Web-server for hddsDatanode at: http://0.0.0.0:0
2021-05-31 14:16:27,358 [Listener at 127.0.0.1/11372] INFO  http.BaseHttpServer (BaseHttpServer.java:<init>(107)) - Hadoop Security Enabled: false Ozone Security Enabled: false Ozone HTTP Security Enabled: false 
2021-05-31 14:16:27,359 [Listener at 127.0.0.1/11372] INFO  server.AuthenticationFilter (AuthenticationFilter.java:constructSecretProvider(240)) - Unable to initialize FileSignerSecretProvider, falling back to use random secrets.
2021-05-31 14:16:27,359 [Listener at 127.0.0.1/11372] WARN  http.HttpRequestLog (HttpRequestLog.java:getRequestLog(103)) - Jetty request log can only be enabled using Log4j
2021-05-31 14:16:27,360 [Listener at 127.0.0.1/11372] INFO  http.HttpServer2 (HttpServer2.java:addGlobalFilter(1020)) - Added global filter 'safety' (class=org.apache.hadoop.hdds.server.http.HttpServer2$QuotingInputFilter)
2021-05-31 14:16:27,361 [Listener at 127.0.0.1/11372] INFO  http.HttpServer2 (HttpServer2.java:addFilter(996)) - Added filter static_user_filter (class=org.apache.hadoop.http.lib.StaticUserWebFilter$StaticUserFilter) to context hddsDatanode
2021-05-31 14:16:27,361 [Listener at 127.0.0.1/11372] INFO  http.HttpServer2 (HttpServer2.java:addFilter(1004)) - Added filter static_user_filter (class=org.apache.hadoop.http.lib.StaticUserWebFilter$StaticUserFilter) to context static
2021-05-31 14:16:27,362 [Listener at 127.0.0.1/11372] INFO  http.HttpServer2 (HttpServer2.java:addFilter(1004)) - Added filter static_user_filter (class=org.apache.hadoop.http.lib.StaticUserWebFilter$StaticUserFilter) to context logs
2021-05-31 14:16:27,362 [Listener at 127.0.0.1/11372] INFO  http.HttpServer2 (HttpServer2.java:bindListener(1238)) - Jetty bound to port 33601
2021-05-31 14:16:27,362 [Listener at 127.0.0.1/11372] INFO  server.Server (Server.java:doStart(375)) - jetty-9.4.35.v20201120; built: 2020-11-20T21:17:03.964Z; git: bdc54f03a5e0a7e280fab27f55c3c75ee8da89fb; jvm 1.8.0_292-b10
2021-05-31 14:16:27,378 [Listener at 127.0.0.1/11372] INFO  server.session (DefaultSessionIdManager.java:doStart(334)) - DefaultSessionIdManager workerName=node0
2021-05-31 14:16:27,378 [Listener at 127.0.0.1/11372] INFO  server.session (DefaultSessionIdManager.java:doStart(339)) - No SessionScavenger set, using defaults
2021-05-31 14:16:27,378 [Listener at 127.0.0.1/11372] INFO  server.session (HouseKeeper.java:startScavenging(132)) - node0 Scavenging every 660000ms
2021-05-31 14:16:27,379 [Listener at 127.0.0.1/11372] INFO  handler.ContextHandler (ContextHandler.java:doStart(916)) - Started o.e.j.s.ServletContextHandler@5ec2462{logs,/logs,file:///home/runner/work/ozone/ozone/mnt/ozone/hadoop-ozone/integration-test/target/log,AVAILABLE}
2021-05-31 14:16:27,379 [Listener at 127.0.0.1/11372] INFO  handler.ContextHandler (ContextHandler.java:doStart(916)) - Started o.e.j.s.ServletContextHandler@c9dcfcd{static,/static,jar:file:/home/runner/.m2/repository/org/apache/ozone/hdds-container-service/1.2.0-SNAPSHOT/hdds-container-service-1.2.0-SNAPSHOT.jar!/webapps/static,AVAILABLE}
2021-05-31 14:16:27,437 [Listener at 127.0.0.1/11372] INFO  handler.ContextHandler (ContextHandler.java:doStart(916)) - Started o.e.j.w.WebAppContext@17ed6578{hddsDatanode,/,file:///tmp/jetty-0_0_0_0-33601-hdds-container-service-1_2_0-SNAPSHOT_jar-_-any-424229128989434083/webapp/,AVAILABLE}{jar:file:/home/runner/.m2/repository/org/apache/ozone/hdds-container-service/1.2.0-SNAPSHOT/hdds-container-service-1.2.0-SNAPSHOT.jar!/webapps/hddsDatanode}
2021-05-31 14:16:27,439 [Listener at 127.0.0.1/11372] INFO  server.AbstractConnector (AbstractConnector.java:doStart(331)) - Started ServerConnector@2927d781{HTTP/1.1, (http/1.1)}{0.0.0.0:33601}
2021-05-31 14:16:27,439 [Listener at 127.0.0.1/11372] INFO  server.Server (Server.java:doStart(415)) - Started @19057ms
2021-05-31 14:16:27,439 [Listener at 127.0.0.1/11372] WARN  impl.MetricsSystemImpl (MetricsSystemImpl.java:register(279)) - Sink prometheus already exists!
2021-05-31 14:16:27,440 [Listener at 127.0.0.1/11372] INFO  http.BaseHttpServer (BaseHttpServer.java:updateConnectorAddress(329)) - HTTP server of hddsDatanode listening at http://0.0.0.0:33601
2021-05-31 14:16:27,441 [Listener at 127.0.0.1/11372] INFO  impl.MetricsSystemImpl (MetricsSystemImpl.java:init(158)) - HddsDatanode metrics system started (again)
2021-05-31 14:16:27,445 [Listener at 127.0.0.1/11372] INFO  ozone.HddsDatanodeService (HddsDatanodeService.java:start(220)) - HddsDatanodeService host:fv-az148-586.bm4ck3pvxvsene1rjriu5fhcdb.bx.internal.cloudapp.net ip:10.1.0.41
2021-05-31 14:16:27,457 [org.apache.hadoop.util.JvmPauseMonitor$Monitor@26f605f4] INFO  util.JvmPauseMonitor (JvmPauseMonitor.java:run(188)) - Starting JVM pause monitor
2021-05-31 14:16:27,457 [Datanode State Machine Task Thread - 0] INFO  ha.SCMNodeInfo (SCMNodeInfo.java:getPort(197)) - ConfigKey ozone.scm.client.address is deprecated, For configuring different ports for each SCM use PortConfigKey ozone.scm.client.port appended with serviceId and nodeId
2021-05-31 14:16:27,457 [Datanode State Machine Task Thread - 0] INFO  ha.SCMNodeInfo (SCMNodeInfo.java:getPort(197)) - ConfigKey ozone.scm.block.client.address is deprecated, For configuring different ports for each SCM use PortConfigKey ozone.scm.block.client.port appended with serviceId and nodeId
2021-05-31 14:16:27,457 [Datanode State Machine Task Thread - 0] INFO  ha.SCMNodeInfo (SCMNodeInfo.java:getPort(197)) - ConfigKey ozone.scm.datanode.address is deprecated, For configuring different ports for each SCM use PortConfigKey ozone.scm.datanode.port appended with serviceId and nodeId
2021-05-31 14:16:27,457 [Datanode State Machine Task Thread - 0] INFO  ha.SCMNodeInfo (SCMNodeInfo.java:getPort(197)) - ConfigKey ozone.scm.client.address is deprecated, For configuring different ports for each SCM use PortConfigKey ozone.scm.client.port appended with serviceId and nodeId
2021-05-31 14:16:27,458 [Datanode State Machine Task Thread - 0] INFO  ha.SCMNodeInfo (SCMNodeInfo.java:getPort(197)) - ConfigKey ozone.scm.block.client.address is deprecated, For configuring different ports for each SCM use PortConfigKey ozone.scm.block.client.port appended with serviceId and nodeId
2021-05-31 14:16:27,458 [Datanode State Machine Task Thread - 0] INFO  ha.SCMNodeInfo (SCMNodeInfo.java:getPort(197)) - ConfigKey ozone.scm.datanode.address is deprecated, For configuring different ports for each SCM use PortConfigKey ozone.scm.datanode.port appended with serviceId and nodeId
2021-05-31 14:16:27,458 [Datanode State Machine Task Thread - 0] INFO  ha.SCMNodeInfo (SCMNodeInfo.java:getPort(197)) - ConfigKey ozone.scm.client.address is deprecated, For configuring different ports for each SCM use PortConfigKey ozone.scm.client.port appended with serviceId and nodeId
2021-05-31 14:16:27,458 [Datanode State Machine Task Thread - 0] INFO  ha.SCMNodeInfo (SCMNodeInfo.java:getPort(197)) - ConfigKey ozone.scm.block.client.address is deprecated, For configuring different ports for each SCM use PortConfigKey ozone.scm.block.client.port appended with serviceId and nodeId
2021-05-31 14:16:27,458 [Datanode State Machine Task Thread - 0] INFO  ha.SCMNodeInfo (SCMNodeInfo.java:getPort(197)) - ConfigKey ozone.scm.datanode.address is deprecated, For configuring different ports for each SCM use PortConfigKey ozone.scm.datanode.port appended with serviceId and nodeId
2021-05-31 14:16:27,473 [Listener at 127.0.0.1/11372] INFO  ha.SCMNodeInfo (SCMNodeInfo.java:getPort(197)) - ConfigKey ozone.scm.client.address is deprecated, For configuring different ports for each SCM use PortConfigKey ozone.scm.client.port appended with serviceId and nodeId
2021-05-31 14:16:27,473 [Listener at 127.0.0.1/11372] INFO  ha.SCMNodeInfo (SCMNodeInfo.java:getPort(197)) - ConfigKey ozone.scm.block.client.address is deprecated, For configuring different ports for each SCM use PortConfigKey ozone.scm.block.client.port appended with serviceId and nodeId
2021-05-31 14:16:27,473 [Listener at 127.0.0.1/11372] INFO  ha.SCMNodeInfo (SCMNodeInfo.java:getPort(197)) - ConfigKey ozone.scm.datanode.address is deprecated, For configuring different ports for each SCM use PortConfigKey ozone.scm.datanode.port appended with serviceId and nodeId
2021-05-31 14:16:27,473 [Listener at 127.0.0.1/11372] INFO  ha.SCMNodeInfo (SCMNodeInfo.java:getPort(197)) - ConfigKey ozone.scm.client.address is deprecated, For configuring different ports for each SCM use PortConfigKey ozone.scm.client.port appended with serviceId and nodeId
2021-05-31 14:16:27,473 [Listener at 127.0.0.1/11372] INFO  ha.SCMNodeInfo (SCMNodeInfo.java:getPort(197)) - ConfigKey ozone.scm.block.client.address is deprecated, For configuring different ports for each SCM use PortConfigKey ozone.scm.block.client.port appended with serviceId and nodeId
2021-05-31 14:16:27,474 [Listener at 127.0.0.1/11372] INFO  ha.SCMNodeInfo (SCMNodeInfo.java:getPort(197)) - ConfigKey ozone.scm.datanode.address is deprecated, For configuring different ports for each SCM use PortConfigKey ozone.scm.datanode.port appended with serviceId and nodeId
2021-05-31 14:16:27,474 [Listener at 127.0.0.1/11372] INFO  ha.SCMNodeInfo (SCMNodeInfo.java:getPort(197)) - ConfigKey ozone.scm.client.address is deprecated, For configuring different ports for each SCM use PortConfigKey ozone.scm.client.port appended with serviceId and nodeId
2021-05-31 14:16:27,474 [Listener at 127.0.0.1/11372] INFO  ha.SCMNodeInfo (SCMNodeInfo.java:getPort(197)) - ConfigKey ozone.scm.block.client.address is deprecated, For configuring different ports for each SCM use PortConfigKey ozone.scm.block.client.port appended with serviceId and nodeId
2021-05-31 14:16:27,474 [Listener at 127.0.0.1/11372] INFO  ha.SCMNodeInfo (SCMNodeInfo.java:getPort(197)) - ConfigKey ozone.scm.datanode.address is deprecated, For configuring different ports for each SCM use PortConfigKey ozone.scm.datanode.port appended with serviceId and nodeId
2021-05-31 14:16:27,476 [Listener at 127.0.0.1/11372] INFO  volume.HddsVolume (HddsVolume.java:<init>(184)) - Creating Volume: /home/runner/work/ozone/ozone/mnt/ozone/hadoop-ozone/integration-test/target/test-dir/MiniOzoneClusterImpl-54085720-bde5-45d4-8ce8-a7ad55ee2c31/datanode-1/data-0/containers/hdds of storage type : DISK and capacity : 9223372036854775807
2021-05-31 14:16:27,476 [Listener at 127.0.0.1/11372] INFO  volume.MutableVolumeSet (MutableVolumeSet.java:initializeVolumeSet(198)) - Added Volume : /home/runner/work/ozone/ozone/mnt/ozone/hadoop-ozone/integration-test/target/test-dir/MiniOzoneClusterImpl-54085720-bde5-45d4-8ce8-a7ad55ee2c31/datanode-1/data-0/containers/hdds to VolumeSet
2021-05-31 14:16:27,476 [Listener at 127.0.0.1/11372] INFO  volume.ThrottledAsyncChecker (ThrottledAsyncChecker.java:schedule(141)) - Scheduling a check for /home/runner/work/ozone/ozone/mnt/ozone/hadoop-ozone/integration-test/target/test-dir/MiniOzoneClusterImpl-54085720-bde5-45d4-8ce8-a7ad55ee2c31/datanode-1/data-0/containers/hdds
2021-05-31 14:16:27,477 [Listener at 127.0.0.1/11372] INFO  volume.HddsVolumeChecker (HddsVolumeChecker.java:checkAllVolumes(201)) - Scheduled health check for volume /home/runner/work/ozone/ozone/mnt/ozone/hadoop-ozone/integration-test/target/test-dir/MiniOzoneClusterImpl-54085720-bde5-45d4-8ce8-a7ad55ee2c31/datanode-1/data-0/containers/hdds
2021-05-31 14:16:27,492 [Listener at 127.0.0.1/11372] INFO  ozoneimpl.ContainerReader (ContainerReader.java:<init>(98)) - Running in upgrade mode:true
2021-05-31 14:16:27,492 [Thread-497] INFO  ozoneimpl.ContainerReader (ContainerReader.java:readVolume(142)) - Start to verify containers on volume /home/runner/work/ozone/ozone/mnt/ozone/hadoop-ozone/integration-test/target/test-dir/MiniOzoneClusterImpl-54085720-bde5-45d4-8ce8-a7ad55ee2c31/datanode-1/data-0/containers/hdds
2021-05-31 14:16:27,492 [Thread-497] INFO  ozoneimpl.ContainerReader (ContainerReader.java:readVolume(174)) - Finish verifying containers on volume /home/runner/work/ozone/ozone/mnt/ozone/hadoop-ozone/integration-test/target/test-dir/MiniOzoneClusterImpl-54085720-bde5-45d4-8ce8-a7ad55ee2c31/datanode-1/data-0/containers/hdds
2021-05-31 14:16:27,492 [Listener at 127.0.0.1/11372] INFO  ozoneimpl.OzoneContainer (OzoneContainer.java:buildContainerSet(228)) - Build ContainerSet costs 0s
2021-05-31 14:16:27,495 [Listener at 127.0.0.1/11372] INFO  server.RaftServer (ConfUtils.java:logGet(44)) - raft.rpc.type = GRPC (default)
2021-05-31 14:16:27,495 [Listener at 127.0.0.1/11372] INFO  grpc.GrpcFactory (GrpcFactory.java:checkPooledByteBufAllocatorUseCacheForAllThreads(48)) - PERFORMANCE WARNING: useCacheForAllThreads is true that may cause Netty to create a lot garbage objects and, as a result, trigger GC.
	It is recommended to disable useCacheForAllThreads by setting -Dorg.apache.ratis.thirdparty.io.netty.allocator.useCacheForAllThreads=false in command line.
2021-05-31 14:16:27,495 [Listener at 127.0.0.1/11372] INFO  grpc.GrpcConfigKeys (ConfUtils.java:logGet(44)) - raft.grpc.admin.port = 0 (custom)
2021-05-31 14:16:27,495 [Listener at 127.0.0.1/11372] INFO  grpc.GrpcConfigKeys (ConfUtils.java:logGet(44)) - raft.grpc.client.port = 0 (custom)
2021-05-31 14:16:27,496 [Listener at 127.0.0.1/11372] INFO  grpc.GrpcConfigKeys (ConfUtils.java:logGet(44)) - raft.grpc.server.port = 0 (default)
2021-05-31 14:16:27,496 [Listener at 127.0.0.1/11372] INFO  server.GrpcService (ConfUtils.java:logGet(44)) - raft.grpc.message.size.max = 32MB (=33554432) (custom)
2021-05-31 14:16:27,496 [Listener at 127.0.0.1/11372] INFO  server.RaftServerConfigKeys (ConfUtils.java:logGet(44)) - raft.server.log.appender.buffer.byte-limit = 33554432 (custom)
2021-05-31 14:16:27,496 [Listener at 127.0.0.1/11372] INFO  server.GrpcService (ConfUtils.java:logGet(44)) - raft.grpc.flow.control.window = 5MB (=5242880) (custom)
2021-05-31 14:16:27,496 [Listener at 127.0.0.1/11372] INFO  server.RaftServerConfigKeys (ConfUtils.java:logGet(44)) - raft.server.rpc.request.timeout = 60s (custom)
2021-05-31 14:16:27,497 [Listener at 127.0.0.1/11372] INFO  impl.DataStreamServerImpl (ConfUtils.java:logGet(44)) - raft.datastream.type = DISABLED (default)
2021-05-31 14:16:27,497 [Listener at 127.0.0.1/11372] INFO  server.RaftServerConfigKeys (ConfUtils.java:logGet(44)) - raft.server.rpc.slowness.timeout = 300s (custom)
2021-05-31 14:16:27,498 [Listener at 127.0.0.1/11372] INFO  server.RaftServerConfigKeys (ConfUtils.java:logGet(44)) - raft.server.leaderelection.leader.step-down.wait-time = 10s (default)
2021-05-31 14:16:27,498 [Listener at 127.0.0.1/11372] INFO  server.RaftServerConfigKeys (ConfUtils.java:logGet(44)) - raft.server.storage.dir = [/home/runner/work/ozone/ozone/mnt/ozone/hadoop-ozone/integration-test/target/test-dir/MiniOzoneClusterImpl-54085720-bde5-45d4-8ce8-a7ad55ee2c31/datanode-1/data/ratis] (custom)
2021-05-31 14:16:27,501 [Listener at 127.0.0.1/11372] INFO  http.BaseHttpServer (BaseHttpServer.java:newHttpServer2BuilderForOzone(209)) - Starting Web-server for hddsDatanode at: http://0.0.0.0:0
2021-05-31 14:16:27,501 [Listener at 127.0.0.1/11372] INFO  http.BaseHttpServer (BaseHttpServer.java:<init>(107)) - Hadoop Security Enabled: false Ozone Security Enabled: false Ozone HTTP Security Enabled: false 
2021-05-31 14:16:27,502 [Listener at 127.0.0.1/11372] INFO  server.AuthenticationFilter (AuthenticationFilter.java:constructSecretProvider(240)) - Unable to initialize FileSignerSecretProvider, falling back to use random secrets.
2021-05-31 14:16:27,503 [Listener at 127.0.0.1/11372] WARN  http.HttpRequestLog (HttpRequestLog.java:getRequestLog(103)) - Jetty request log can only be enabled using Log4j
2021-05-31 14:16:27,504 [Listener at 127.0.0.1/11372] INFO  http.HttpServer2 (HttpServer2.java:addGlobalFilter(1020)) - Added global filter 'safety' (class=org.apache.hadoop.hdds.server.http.HttpServer2$QuotingInputFilter)
2021-05-31 14:16:27,504 [Listener at 127.0.0.1/11372] INFO  http.HttpServer2 (HttpServer2.java:addFilter(996)) - Added filter static_user_filter (class=org.apache.hadoop.http.lib.StaticUserWebFilter$StaticUserFilter) to context hddsDatanode
2021-05-31 14:16:27,505 [Listener at 127.0.0.1/11372] INFO  http.HttpServer2 (HttpServer2.java:addFilter(1004)) - Added filter static_user_filter (class=org.apache.hadoop.http.lib.StaticUserWebFilter$StaticUserFilter) to context logs
2021-05-31 14:16:27,505 [Listener at 127.0.0.1/11372] INFO  http.HttpServer2 (HttpServer2.java:addFilter(1004)) - Added filter static_user_filter (class=org.apache.hadoop.http.lib.StaticUserWebFilter$StaticUserFilter) to context static
2021-05-31 14:16:27,505 [Listener at 127.0.0.1/11372] INFO  http.HttpServer2 (HttpServer2.java:bindListener(1238)) - Jetty bound to port 34121
2021-05-31 14:16:27,505 [Listener at 127.0.0.1/11372] INFO  server.Server (Server.java:doStart(375)) - jetty-9.4.35.v20201120; built: 2020-11-20T21:17:03.964Z; git: bdc54f03a5e0a7e280fab27f55c3c75ee8da89fb; jvm 1.8.0_292-b10
2021-05-31 14:16:27,507 [Listener at 127.0.0.1/11372] INFO  server.session (DefaultSessionIdManager.java:doStart(334)) - DefaultSessionIdManager workerName=node0
2021-05-31 14:16:27,507 [Listener at 127.0.0.1/11372] INFO  server.session (DefaultSessionIdManager.java:doStart(339)) - No SessionScavenger set, using defaults
2021-05-31 14:16:27,507 [Listener at 127.0.0.1/11372] INFO  server.session (HouseKeeper.java:startScavenging(132)) - node0 Scavenging every 600000ms
2021-05-31 14:16:27,513 [Listener at 127.0.0.1/11372] INFO  handler.ContextHandler (ContextHandler.java:doStart(916)) - Started o.e.j.s.ServletContextHandler@669f2128{logs,/logs,file:///home/runner/work/ozone/ozone/mnt/ozone/hadoop-ozone/integration-test/target/log,AVAILABLE}
2021-05-31 14:16:27,513 [Listener at 127.0.0.1/11372] INFO  handler.ContextHandler (ContextHandler.java:doStart(916)) - Started o.e.j.s.ServletContextHandler@6048e171{static,/static,jar:file:/home/runner/.m2/repository/org/apache/ozone/hdds-container-service/1.2.0-SNAPSHOT/hdds-container-service-1.2.0-SNAPSHOT.jar!/webapps/static,AVAILABLE}
2021-05-31 14:16:27,598 [Listener at 127.0.0.1/11372] INFO  handler.ContextHandler (ContextHandler.java:doStart(916)) - Started o.e.j.w.WebAppContext@5cb7eb6c{hddsDatanode,/,file:///tmp/jetty-0_0_0_0-34121-hdds-container-service-1_2_0-SNAPSHOT_jar-_-any-5050690600594858482/webapp/,AVAILABLE}{jar:file:/home/runner/.m2/repository/org/apache/ozone/hdds-container-service/1.2.0-SNAPSHOT/hdds-container-service-1.2.0-SNAPSHOT.jar!/webapps/hddsDatanode}
2021-05-31 14:16:27,600 [Listener at 127.0.0.1/11372] INFO  server.AbstractConnector (AbstractConnector.java:doStart(331)) - Started ServerConnector@72238cf0{HTTP/1.1, (http/1.1)}{0.0.0.0:34121}
2021-05-31 14:16:27,600 [Listener at 127.0.0.1/11372] INFO  server.Server (Server.java:doStart(415)) - Started @19218ms
2021-05-31 14:16:27,600 [Listener at 127.0.0.1/11372] WARN  impl.MetricsSystemImpl (MetricsSystemImpl.java:register(279)) - Sink prometheus already exists!
2021-05-31 14:16:27,601 [Listener at 127.0.0.1/11372] INFO  http.BaseHttpServer (BaseHttpServer.java:updateConnectorAddress(329)) - HTTP server of hddsDatanode listening at http://0.0.0.0:34121
2021-05-31 14:16:27,601 [Listener at 127.0.0.1/11372] INFO  impl.MetricsSystemImpl (MetricsSystemImpl.java:init(158)) - HddsDatanode metrics system started (again)
2021-05-31 14:16:27,605 [Listener at 127.0.0.1/11372] INFO  ozone.HddsDatanodeService (HddsDatanodeService.java:start(220)) - HddsDatanodeService host:fv-az148-586.bm4ck3pvxvsene1rjriu5fhcdb.bx.internal.cloudapp.net ip:10.1.0.41
2021-05-31 14:16:27,615 [org.apache.hadoop.util.JvmPauseMonitor$Monitor@5042c663] INFO  util.JvmPauseMonitor (JvmPauseMonitor.java:run(188)) - Starting JVM pause monitor
2021-05-31 14:16:27,628 [Datanode State Machine Task Thread - 0] INFO  ha.SCMNodeInfo (SCMNodeInfo.java:getPort(197)) - ConfigKey ozone.scm.client.address is deprecated, For configuring different ports for each SCM use PortConfigKey ozone.scm.client.port appended with serviceId and nodeId
2021-05-31 14:16:27,629 [Datanode State Machine Task Thread - 0] INFO  ha.SCMNodeInfo (SCMNodeInfo.java:getPort(197)) - ConfigKey ozone.scm.block.client.address is deprecated, For configuring different ports for each SCM use PortConfigKey ozone.scm.block.client.port appended with serviceId and nodeId
2021-05-31 14:16:27,629 [Datanode State Machine Task Thread - 0] INFO  ha.SCMNodeInfo (SCMNodeInfo.java:getPort(197)) - ConfigKey ozone.scm.datanode.address is deprecated, For configuring different ports for each SCM use PortConfigKey ozone.scm.datanode.port appended with serviceId and nodeId
2021-05-31 14:16:27,629 [Datanode State Machine Task Thread - 0] INFO  ha.SCMNodeInfo (SCMNodeInfo.java:getPort(197)) - ConfigKey ozone.scm.client.address is deprecated, For configuring different ports for each SCM use PortConfigKey ozone.scm.client.port appended with serviceId and nodeId
2021-05-31 14:16:27,629 [Datanode State Machine Task Thread - 0] INFO  ha.SCMNodeInfo (SCMNodeInfo.java:getPort(197)) - ConfigKey ozone.scm.block.client.address is deprecated, For configuring different ports for each SCM use PortConfigKey ozone.scm.block.client.port appended with serviceId and nodeId
2021-05-31 14:16:27,629 [Datanode State Machine Task Thread - 0] INFO  ha.SCMNodeInfo (SCMNodeInfo.java:getPort(197)) - ConfigKey ozone.scm.datanode.address is deprecated, For configuring different ports for each SCM use PortConfigKey ozone.scm.datanode.port appended with serviceId and nodeId
2021-05-31 14:16:27,629 [Datanode State Machine Task Thread - 0] INFO  ha.SCMNodeInfo (SCMNodeInfo.java:getPort(197)) - ConfigKey ozone.scm.client.address is deprecated, For configuring different ports for each SCM use PortConfigKey ozone.scm.client.port appended with serviceId and nodeId
2021-05-31 14:16:27,629 [Datanode State Machine Task Thread - 0] INFO  ha.SCMNodeInfo (SCMNodeInfo.java:getPort(197)) - ConfigKey ozone.scm.block.client.address is deprecated, For configuring different ports for each SCM use PortConfigKey ozone.scm.block.client.port appended with serviceId and nodeId
2021-05-31 14:16:27,629 [Datanode State Machine Task Thread - 0] INFO  ha.SCMNodeInfo (SCMNodeInfo.java:getPort(197)) - ConfigKey ozone.scm.datanode.address is deprecated, For configuring different ports for each SCM use PortConfigKey ozone.scm.datanode.port appended with serviceId and nodeId
2021-05-31 14:16:27,633 [omNode-1@group-523986131536-FollowerState] INFO  impl.FollowerState (FollowerState.java:run(134)) - omNode-1@group-523986131536-FollowerState: change to CANDIDATE, lastRpcElapsedTime:1048693742ns, electionTimeout:1037ms
2021-05-31 14:16:27,634 [omNode-1@group-523986131536-FollowerState] INFO  impl.RoleInfo (RoleInfo.java:shutdownFollowerState(108)) - omNode-1: shutdown omNode-1@group-523986131536-FollowerState
2021-05-31 14:16:27,634 [omNode-1@group-523986131536-FollowerState] INFO  server.RaftServer$Division (RaftServerImpl.java:setRole(284)) - omNode-1@group-523986131536: changes role from  FOLLOWER to CANDIDATE at term 0 for changeToCandidate
2021-05-31 14:16:27,634 [omNode-1@group-523986131536-FollowerState] INFO  server.RaftServerConfigKeys (ConfUtils.java:logGet(44)) - raft.server.leaderelection.pre-vote = false (custom)
2021-05-31 14:16:27,634 [omNode-1@group-523986131536-FollowerState] INFO  impl.RoleInfo (RoleInfo.java:updateAndGet(130)) - omNode-1: start omNode-1@group-523986131536-LeaderElection3
2021-05-31 14:16:27,635 [Listener at 127.0.0.1/11372] INFO  ha.SCMNodeInfo (SCMNodeInfo.java:getPort(197)) - ConfigKey ozone.scm.client.address is deprecated, For configuring different ports for each SCM use PortConfigKey ozone.scm.client.port appended with serviceId and nodeId
2021-05-31 14:16:27,636 [Listener at 127.0.0.1/11372] INFO  ha.SCMNodeInfo (SCMNodeInfo.java:getPort(197)) - ConfigKey ozone.scm.block.client.address is deprecated, For configuring different ports for each SCM use PortConfigKey ozone.scm.block.client.port appended with serviceId and nodeId
2021-05-31 14:16:27,636 [Listener at 127.0.0.1/11372] INFO  ha.SCMNodeInfo (SCMNodeInfo.java:getPort(197)) - ConfigKey ozone.scm.datanode.address is deprecated, For configuring different ports for each SCM use PortConfigKey ozone.scm.datanode.port appended with serviceId and nodeId
2021-05-31 14:16:27,636 [Listener at 127.0.0.1/11372] INFO  ha.SCMNodeInfo (SCMNodeInfo.java:getPort(197)) - ConfigKey ozone.scm.client.address is deprecated, For configuring different ports for each SCM use PortConfigKey ozone.scm.client.port appended with serviceId and nodeId
2021-05-31 14:16:27,636 [Listener at 127.0.0.1/11372] INFO  ha.SCMNodeInfo (SCMNodeInfo.java:getPort(197)) - ConfigKey ozone.scm.block.client.address is deprecated, For configuring different ports for each SCM use PortConfigKey ozone.scm.block.client.port appended with serviceId and nodeId
2021-05-31 14:16:27,636 [Listener at 127.0.0.1/11372] INFO  ha.SCMNodeInfo (SCMNodeInfo.java:getPort(197)) - ConfigKey ozone.scm.datanode.address is deprecated, For configuring different ports for each SCM use PortConfigKey ozone.scm.datanode.port appended with serviceId and nodeId
2021-05-31 14:16:27,636 [Listener at 127.0.0.1/11372] INFO  ha.SCMNodeInfo (SCMNodeInfo.java:getPort(197)) - ConfigKey ozone.scm.client.address is deprecated, For configuring different ports for each SCM use PortConfigKey ozone.scm.client.port appended with serviceId and nodeId
2021-05-31 14:16:27,637 [Listener at 127.0.0.1/11372] INFO  ha.SCMNodeInfo (SCMNodeInfo.java:getPort(197)) - ConfigKey ozone.scm.block.client.address is deprecated, For configuring different ports for each SCM use PortConfigKey ozone.scm.block.client.port appended with serviceId and nodeId
2021-05-31 14:16:27,637 [Listener at 127.0.0.1/11372] INFO  ha.SCMNodeInfo (SCMNodeInfo.java:getPort(197)) - ConfigKey ozone.scm.datanode.address is deprecated, For configuring different ports for each SCM use PortConfigKey ozone.scm.datanode.port appended with serviceId and nodeId
2021-05-31 14:16:27,648 [Listener at 127.0.0.1/11372] INFO  volume.HddsVolume (HddsVolume.java:<init>(184)) - Creating Volume: /home/runner/work/ozone/ozone/mnt/ozone/hadoop-ozone/integration-test/target/test-dir/MiniOzoneClusterImpl-54085720-bde5-45d4-8ce8-a7ad55ee2c31/datanode-2/data-0/containers/hdds of storage type : DISK and capacity : 9223372036854775807
2021-05-31 14:16:27,648 [Listener at 127.0.0.1/11372] INFO  volume.MutableVolumeSet (MutableVolumeSet.java:initializeVolumeSet(198)) - Added Volume : /home/runner/work/ozone/ozone/mnt/ozone/hadoop-ozone/integration-test/target/test-dir/MiniOzoneClusterImpl-54085720-bde5-45d4-8ce8-a7ad55ee2c31/datanode-2/data-0/containers/hdds to VolumeSet
2021-05-31 14:16:27,649 [Listener at 127.0.0.1/11372] INFO  volume.ThrottledAsyncChecker (ThrottledAsyncChecker.java:schedule(141)) - Scheduling a check for /home/runner/work/ozone/ozone/mnt/ozone/hadoop-ozone/integration-test/target/test-dir/MiniOzoneClusterImpl-54085720-bde5-45d4-8ce8-a7ad55ee2c31/datanode-2/data-0/containers/hdds
2021-05-31 14:16:27,649 [Listener at 127.0.0.1/11372] INFO  volume.HddsVolumeChecker (HddsVolumeChecker.java:checkAllVolumes(201)) - Scheduled health check for volume /home/runner/work/ozone/ozone/mnt/ozone/hadoop-ozone/integration-test/target/test-dir/MiniOzoneClusterImpl-54085720-bde5-45d4-8ce8-a7ad55ee2c31/datanode-2/data-0/containers/hdds
2021-05-31 14:16:27,663 [omNode-1@group-523986131536-LeaderElection3] INFO  impl.LeaderElection (LeaderElection.java:askForVotes(306)) - omNode-1@group-523986131536-LeaderElection3 ELECTION round 0: submit vote requests at term 1 for -1: [omNode-1|rpc:localhost:11376|priority:0], old=null
2021-05-31 14:16:27,663 [omNode-1@group-523986131536-LeaderElection3] INFO  impl.LeaderElection (LeaderElection.java:askForVotes(308)) - omNode-1@group-523986131536-LeaderElection3 ELECTION round 0: result PASSED (term=1)
2021-05-31 14:16:27,663 [omNode-1@group-523986131536-LeaderElection3] INFO  impl.RoleInfo (RoleInfo.java:shutdownLeaderElection(121)) - omNode-1: shutdown omNode-1@group-523986131536-LeaderElection3
2021-05-31 14:16:27,663 [omNode-1@group-523986131536-LeaderElection3] INFO  server.RaftServer$Division (RaftServerImpl.java:setRole(284)) - omNode-1@group-523986131536: changes role from CANDIDATE to LEADER at term 1 for changeToLeader
2021-05-31 14:16:27,663 [omNode-1@group-523986131536-LeaderElection3] INFO  server.RaftServer$Division (ServerState.java:setLeader(271)) - omNode-1@group-523986131536: change Leader from null to omNode-1 at term 1 for becomeLeader, leader elected after 1118ms
2021-05-31 14:16:27,663 [omNode-1@group-523986131536-LeaderElection3] INFO  server.RaftServerConfigKeys (ConfUtils.java:logGet(44)) - raft.server.staging.catchup.gap = 1000 (default)
2021-05-31 14:16:27,664 [omNode-1@group-523986131536-LeaderElection3] INFO  metrics.RatisMetrics (RatisMetrics.java:lambda$create$0(36)) - Creating Metrics Registry : ratis.log_appender.omNode-1@group-523986131536
2021-05-31 14:16:27,664 [omNode-1@group-523986131536-LeaderElection3] INFO  server.RaftServerConfigKeys (ConfUtils.java:logGet(44)) - raft.server.write.element-limit = 4096 (default)
2021-05-31 14:16:27,664 [omNode-1@group-523986131536-LeaderElection3] INFO  server.RaftServerConfigKeys (ConfUtils.java:logGet(44)) - raft.server.write.byte-limit = 64MB (=67108864) (default)
2021-05-31 14:16:27,664 [omNode-1@group-523986131536-LeaderElection3] INFO  server.RaftServerConfigKeys (ConfUtils.java:logGet(44)) - raft.server.watch.timeout = 10s (default)
2021-05-31 14:16:27,664 [omNode-1@group-523986131536-LeaderElection3] INFO  server.RaftServerConfigKeys (ConfUtils.java:logGet(44)) - raft.server.watch.timeout.denomination = 1s (default)
2021-05-31 14:16:27,664 [omNode-1@group-523986131536-LeaderElection3] INFO  server.RaftServerConfigKeys (ConfUtils.java:logGet(44)) - raft.server.watch.element-limit = 65536 (default)
2021-05-31 14:16:27,664 [omNode-1@group-523986131536-LeaderElection3] INFO  impl.RoleInfo (RoleInfo.java:updateAndGet(130)) - omNode-1: start omNode-1@group-523986131536-LeaderStateImpl
2021-05-31 14:16:27,664 [omNode-1@group-523986131536-LeaderElection3] INFO  segmented.SegmentedRaftLogWorker (SegmentedRaftLogWorker.java:startLogSegment(394)) - omNode-1@group-523986131536-SegmentedRaftLogWorker: Starting segment from index:0
2021-05-31 14:16:27,672 [omNode-1@group-523986131536-LeaderElection3] INFO  server.RaftServer$Division (ServerState.java:setRaftConf(373)) - omNode-1@group-523986131536: set configuration 0: [omNode-1|rpc:localhost:11376|admin:|client:|dataStream:|priority:0], old=null
2021-05-31 14:16:27,673 [omNode-1@group-523986131536-SegmentedRaftLogWorker] INFO  segmented.SegmentedRaftLogWorker (SegmentedRaftLogWorker.java:execute(601)) - omNode-1@group-523986131536-SegmentedRaftLogWorker: created new log segment /home/runner/work/ozone/ozone/mnt/ozone/hadoop-ozone/integration-test/target/test-dir/MiniOzoneClusterImpl-54085720-bde5-45d4-8ce8-a7ad55ee2c31/omNode-1/ratis/c9bc4cf4-3bc3-3c60-a66b-523986131536/current/log_inprogress_0
2021-05-31 14:16:27,675 [Listener at 127.0.0.1/11372] INFO  ozoneimpl.ContainerReader (ContainerReader.java:<init>(98)) - Running in upgrade mode:true
2021-05-31 14:16:27,675 [Thread-510] INFO  ozoneimpl.ContainerReader (ContainerReader.java:readVolume(142)) - Start to verify containers on volume /home/runner/work/ozone/ozone/mnt/ozone/hadoop-ozone/integration-test/target/test-dir/MiniOzoneClusterImpl-54085720-bde5-45d4-8ce8-a7ad55ee2c31/datanode-2/data-0/containers/hdds
2021-05-31 14:16:27,675 [Thread-510] INFO  ozoneimpl.ContainerReader (ContainerReader.java:readVolume(174)) - Finish verifying containers on volume /home/runner/work/ozone/ozone/mnt/ozone/hadoop-ozone/integration-test/target/test-dir/MiniOzoneClusterImpl-54085720-bde5-45d4-8ce8-a7ad55ee2c31/datanode-2/data-0/containers/hdds
2021-05-31 14:16:27,675 [Listener at 127.0.0.1/11372] INFO  ozoneimpl.OzoneContainer (OzoneContainer.java:buildContainerSet(228)) - Build ContainerSet costs 0s
2021-05-31 14:16:27,678 [Listener at 127.0.0.1/11372] INFO  server.RaftServer (ConfUtils.java:logGet(44)) - raft.rpc.type = GRPC (default)
2021-05-31 14:16:27,678 [Listener at 127.0.0.1/11372] INFO  grpc.GrpcFactory (GrpcFactory.java:checkPooledByteBufAllocatorUseCacheForAllThreads(48)) - PERFORMANCE WARNING: useCacheForAllThreads is true that may cause Netty to create a lot garbage objects and, as a result, trigger GC.
	It is recommended to disable useCacheForAllThreads by setting -Dorg.apache.ratis.thirdparty.io.netty.allocator.useCacheForAllThreads=false in command line.
2021-05-31 14:16:27,678 [Listener at 127.0.0.1/11372] INFO  grpc.GrpcConfigKeys (ConfUtils.java:logGet(44)) - raft.grpc.admin.port = 0 (custom)
2021-05-31 14:16:27,679 [Listener at 127.0.0.1/11372] INFO  grpc.GrpcConfigKeys (ConfUtils.java:logGet(44)) - raft.grpc.client.port = 0 (custom)
2021-05-31 14:16:27,679 [Listener at 127.0.0.1/11372] INFO  grpc.GrpcConfigKeys (ConfUtils.java:logGet(44)) - raft.grpc.server.port = 0 (default)
2021-05-31 14:16:27,679 [Listener at 127.0.0.1/11372] INFO  server.GrpcService (ConfUtils.java:logGet(44)) - raft.grpc.message.size.max = 32MB (=33554432) (custom)
2021-05-31 14:16:27,679 [Listener at 127.0.0.1/11372] INFO  server.RaftServerConfigKeys (ConfUtils.java:logGet(44)) - raft.server.log.appender.buffer.byte-limit = 33554432 (custom)
2021-05-31 14:16:27,679 [Listener at 127.0.0.1/11372] INFO  server.GrpcService (ConfUtils.java:logGet(44)) - raft.grpc.flow.control.window = 5MB (=5242880) (custom)
2021-05-31 14:16:27,679 [Listener at 127.0.0.1/11372] INFO  server.RaftServerConfigKeys (ConfUtils.java:logGet(44)) - raft.server.rpc.request.timeout = 60s (custom)
2021-05-31 14:16:27,680 [Listener at 127.0.0.1/11372] INFO  impl.DataStreamServerImpl (ConfUtils.java:logGet(44)) - raft.datastream.type = DISABLED (default)
2021-05-31 14:16:27,681 [Listener at 127.0.0.1/11372] INFO  server.RaftServerConfigKeys (ConfUtils.java:logGet(44)) - raft.server.rpc.slowness.timeout = 300s (custom)
2021-05-31 14:16:27,681 [Listener at 127.0.0.1/11372] INFO  server.RaftServerConfigKeys (ConfUtils.java:logGet(44)) - raft.server.leaderelection.leader.step-down.wait-time = 10s (default)
2021-05-31 14:16:27,681 [Listener at 127.0.0.1/11372] INFO  server.RaftServerConfigKeys (ConfUtils.java:logGet(44)) - raft.server.storage.dir = [/home/runner/work/ozone/ozone/mnt/ozone/hadoop-ozone/integration-test/target/test-dir/MiniOzoneClusterImpl-54085720-bde5-45d4-8ce8-a7ad55ee2c31/datanode-2/data/ratis] (custom)
2021-05-31 14:16:27,684 [Listener at 127.0.0.1/11372] INFO  http.BaseHttpServer (BaseHttpServer.java:newHttpServer2BuilderForOzone(209)) - Starting Web-server for hddsDatanode at: http://0.0.0.0:0
2021-05-31 14:16:27,684 [Listener at 127.0.0.1/11372] INFO  http.BaseHttpServer (BaseHttpServer.java:<init>(107)) - Hadoop Security Enabled: false Ozone Security Enabled: false Ozone HTTP Security Enabled: false 
2021-05-31 14:16:27,686 [Listener at 127.0.0.1/11372] INFO  server.AuthenticationFilter (AuthenticationFilter.java:constructSecretProvider(240)) - Unable to initialize FileSignerSecretProvider, falling back to use random secrets.
2021-05-31 14:16:27,686 [Listener at 127.0.0.1/11372] WARN  http.HttpRequestLog (HttpRequestLog.java:getRequestLog(103)) - Jetty request log can only be enabled using Log4j
2021-05-31 14:16:27,687 [Listener at 127.0.0.1/11372] INFO  http.HttpServer2 (HttpServer2.java:addGlobalFilter(1020)) - Added global filter 'safety' (class=org.apache.hadoop.hdds.server.http.HttpServer2$QuotingInputFilter)
2021-05-31 14:16:27,688 [Listener at 127.0.0.1/11372] INFO  http.HttpServer2 (HttpServer2.java:addFilter(996)) - Added filter static_user_filter (class=org.apache.hadoop.http.lib.StaticUserWebFilter$StaticUserFilter) to context hddsDatanode
2021-05-31 14:16:27,688 [Listener at 127.0.0.1/11372] INFO  http.HttpServer2 (HttpServer2.java:addFilter(1004)) - Added filter static_user_filter (class=org.apache.hadoop.http.lib.StaticUserWebFilter$StaticUserFilter) to context logs
2021-05-31 14:16:27,688 [Listener at 127.0.0.1/11372] INFO  http.HttpServer2 (HttpServer2.java:addFilter(1004)) - Added filter static_user_filter (class=org.apache.hadoop.http.lib.StaticUserWebFilter$StaticUserFilter) to context static
2021-05-31 14:16:27,689 [Listener at 127.0.0.1/11372] INFO  http.HttpServer2 (HttpServer2.java:bindListener(1238)) - Jetty bound to port 39743
2021-05-31 14:16:27,689 [Listener at 127.0.0.1/11372] INFO  server.Server (Server.java:doStart(375)) - jetty-9.4.35.v20201120; built: 2020-11-20T21:17:03.964Z; git: bdc54f03a5e0a7e280fab27f55c3c75ee8da89fb; jvm 1.8.0_292-b10
2021-05-31 14:16:27,690 [Listener at 127.0.0.1/11372] INFO  server.session (DefaultSessionIdManager.java:doStart(334)) - DefaultSessionIdManager workerName=node0
2021-05-31 14:16:27,691 [Listener at 127.0.0.1/11372] INFO  server.session (DefaultSessionIdManager.java:doStart(339)) - No SessionScavenger set, using defaults
2021-05-31 14:16:27,691 [Listener at 127.0.0.1/11372] INFO  server.session (HouseKeeper.java:startScavenging(132)) - node0 Scavenging every 600000ms
2021-05-31 14:16:27,692 [Listener at 127.0.0.1/11372] INFO  handler.ContextHandler (ContextHandler.java:doStart(916)) - Started o.e.j.s.ServletContextHandler@470c40be{logs,/logs,file:///home/runner/work/ozone/ozone/mnt/ozone/hadoop-ozone/integration-test/target/log,AVAILABLE}
2021-05-31 14:16:27,692 [Listener at 127.0.0.1/11372] INFO  handler.ContextHandler (ContextHandler.java:doStart(916)) - Started o.e.j.s.ServletContextHandler@7b78c40d{static,/static,jar:file:/home/runner/.m2/repository/org/apache/ozone/hdds-container-service/1.2.0-SNAPSHOT/hdds-container-service-1.2.0-SNAPSHOT.jar!/webapps/static,AVAILABLE}
2021-05-31 14:16:27,700 [Datanode State Machine Task Thread - 0] INFO  datanode.InitDatanodeState (InitDatanodeState.java:persistContainerDatanodeDetails(145)) - DatanodeDetails is persisted to /home/runner/work/ozone/ozone/mnt/ozone/hadoop-ozone/integration-test/target/test-dir/MiniOzoneClusterImpl-54085720-bde5-45d4-8ce8-a7ad55ee2c31/datanode-0/meta/datanode.id
2021-05-31 14:16:27,708 [Datanode State Machine Task Thread - 0] INFO  datanode.InitDatanodeState (InitDatanodeState.java:persistContainerDatanodeDetails(145)) - DatanodeDetails is persisted to /home/runner/work/ozone/ozone/mnt/ozone/hadoop-ozone/integration-test/target/test-dir/MiniOzoneClusterImpl-54085720-bde5-45d4-8ce8-a7ad55ee2c31/datanode-1/meta/datanode.id
2021-05-31 14:16:27,751 [Listener at 127.0.0.1/11372] INFO  handler.ContextHandler (ContextHandler.java:doStart(916)) - Started o.e.j.w.WebAppContext@83ec0b0{hddsDatanode,/,file:///tmp/jetty-0_0_0_0-39743-hdds-container-service-1_2_0-SNAPSHOT_jar-_-any-6645169169628547574/webapp/,AVAILABLE}{jar:file:/home/runner/.m2/repository/org/apache/ozone/hdds-container-service/1.2.0-SNAPSHOT/hdds-container-service-1.2.0-SNAPSHOT.jar!/webapps/hddsDatanode}
2021-05-31 14:16:27,753 [Listener at 127.0.0.1/11372] INFO  server.AbstractConnector (AbstractConnector.java:doStart(331)) - Started ServerConnector@7d9f0cf4{HTTP/1.1, (http/1.1)}{0.0.0.0:39743}
2021-05-31 14:16:27,753 [Listener at 127.0.0.1/11372] INFO  server.Server (Server.java:doStart(415)) - Started @19371ms
2021-05-31 14:16:27,753 [Listener at 127.0.0.1/11372] WARN  impl.MetricsSystemImpl (MetricsSystemImpl.java:register(279)) - Sink prometheus already exists!
2021-05-31 14:16:27,754 [Listener at 127.0.0.1/11372] INFO  http.BaseHttpServer (BaseHttpServer.java:updateConnectorAddress(329)) - HTTP server of hddsDatanode listening at http://0.0.0.0:39743
2021-05-31 14:16:27,755 [Listener at 127.0.0.1/11372] INFO  ozone.MiniOzoneClusterImpl (MiniOzoneClusterImpl.java:lambda$waitForClusterToBeReady$0(224)) - Waiting for nodes to be ready. Got 0 of 3 DN Heartbeats.
2021-05-31 14:16:27,755 [Listener at 127.0.0.1/11372] INFO  ozone.MiniOzoneClusterImpl (MiniOzoneClusterImpl.java:lambda$waitForClusterToBeReady$0(227)) - Waiting for cluster to exit safe mode
2021-05-31 14:16:27,755 [Listener at 127.0.0.1/11372] INFO  ozone.MiniOzoneClusterImpl (MiniOzoneClusterImpl.java:lambda$waitForClusterToBeReady$0(230)) - SCM became leader
2021-05-31 14:16:27,772 [Datanode State Machine Task Thread - 0] INFO  ha.SCMNodeInfo (SCMNodeInfo.java:getPort(197)) - ConfigKey ozone.scm.client.address is deprecated, For configuring different ports for each SCM use PortConfigKey ozone.scm.client.port appended with serviceId and nodeId
2021-05-31 14:16:27,772 [Datanode State Machine Task Thread - 0] INFO  ha.SCMNodeInfo (SCMNodeInfo.java:getPort(197)) - ConfigKey ozone.scm.block.client.address is deprecated, For configuring different ports for each SCM use PortConfigKey ozone.scm.block.client.port appended with serviceId and nodeId
2021-05-31 14:16:27,772 [Datanode State Machine Task Thread - 0] INFO  ha.SCMNodeInfo (SCMNodeInfo.java:getPort(197)) - ConfigKey ozone.scm.datanode.address is deprecated, For configuring different ports for each SCM use PortConfigKey ozone.scm.datanode.port appended with serviceId and nodeId
2021-05-31 14:16:27,772 [Datanode State Machine Task Thread - 0] INFO  ha.SCMNodeInfo (SCMNodeInfo.java:getPort(197)) - ConfigKey ozone.scm.client.address is deprecated, For configuring different ports for each SCM use PortConfigKey ozone.scm.client.port appended with serviceId and nodeId
2021-05-31 14:16:27,772 [Datanode State Machine Task Thread - 0] INFO  ha.SCMNodeInfo (SCMNodeInfo.java:getPort(197)) - ConfigKey ozone.scm.block.client.address is deprecated, For configuring different ports for each SCM use PortConfigKey ozone.scm.block.client.port appended with serviceId and nodeId
2021-05-31 14:16:27,772 [Datanode State Machine Task Thread - 0] INFO  ha.SCMNodeInfo (SCMNodeInfo.java:getPort(197)) - ConfigKey ozone.scm.datanode.address is deprecated, For configuring different ports for each SCM use PortConfigKey ozone.scm.datanode.port appended with serviceId and nodeId
2021-05-31 14:16:27,772 [Datanode State Machine Task Thread - 0] INFO  ha.SCMNodeInfo (SCMNodeInfo.java:getPort(197)) - ConfigKey ozone.scm.client.address is deprecated, For configuring different ports for each SCM use PortConfigKey ozone.scm.client.port appended with serviceId and nodeId
2021-05-31 14:16:27,772 [Datanode State Machine Task Thread - 0] INFO  ha.SCMNodeInfo (SCMNodeInfo.java:getPort(197)) - ConfigKey ozone.scm.block.client.address is deprecated, For configuring different ports for each SCM use PortConfigKey ozone.scm.block.client.port appended with serviceId and nodeId
2021-05-31 14:16:27,772 [Datanode State Machine Task Thread - 0] INFO  ha.SCMNodeInfo (SCMNodeInfo.java:getPort(197)) - ConfigKey ozone.scm.datanode.address is deprecated, For configuring different ports for each SCM use PortConfigKey ozone.scm.datanode.port appended with serviceId and nodeId
2021-05-31 14:16:27,774 [org.apache.hadoop.util.JvmPauseMonitor$Monitor@68079584] INFO  util.JvmPauseMonitor (JvmPauseMonitor.java:run(188)) - Starting JVM pause monitor
2021-05-31 14:16:27,775 [Datanode State Machine Task Thread - 0] INFO  datanode.InitDatanodeState (InitDatanodeState.java:persistContainerDatanodeDetails(145)) - DatanodeDetails is persisted to /home/runner/work/ozone/ozone/mnt/ozone/hadoop-ozone/integration-test/target/test-dir/MiniOzoneClusterImpl-54085720-bde5-45d4-8ce8-a7ad55ee2c31/datanode-2/meta/datanode.id
2021-05-31 14:16:28,756 [Listener at 127.0.0.1/11372] INFO  ozone.MiniOzoneClusterImpl (MiniOzoneClusterImpl.java:lambda$waitForClusterToBeReady$0(224)) - Waiting for nodes to be ready. Got 0 of 3 DN Heartbeats.
2021-05-31 14:16:28,756 [Listener at 127.0.0.1/11372] INFO  ozone.MiniOzoneClusterImpl (MiniOzoneClusterImpl.java:lambda$waitForClusterToBeReady$0(227)) - Waiting for cluster to exit safe mode
2021-05-31 14:16:28,757 [Listener at 127.0.0.1/11372] INFO  ozone.MiniOzoneClusterImpl (MiniOzoneClusterImpl.java:lambda$waitForClusterToBeReady$0(230)) - SCM became leader
2021-05-31 14:16:29,525 [EndpointStateMachine task thread for /127.0.0.1:14171 - 0 ] INFO  ozoneimpl.OzoneContainer (OzoneContainer.java:start(295)) - Attempting to start container services.
2021-05-31 14:16:29,526 [EndpointStateMachine task thread for /127.0.0.1:14171 - 0 ] INFO  ozoneimpl.OzoneContainer (OzoneContainer.java:startContainerScrub(241)) - Background container scanner has been disabled.
2021-05-31 14:16:29,529 [EndpointStateMachine task thread for /127.0.0.1:14171 - 0 ] INFO  replication.ReplicationServer (ReplicationServer.java:start(106)) - ReplicationServer is started using port 41577
2021-05-31 14:16:29,532 [EndpointStateMachine task thread for /127.0.0.1:14171 - 0 ] INFO  ratis.XceiverServerRatis (XceiverServerRatis.java:start(490)) - Starting XceiverServerRatis e4951dd4-f4df-4d2e-bd67-fe61550133c1
2021-05-31 14:16:29,533 [EndpointStateMachine task thread for /127.0.0.1:14171 - 0 ] INFO  server.RaftServer (RaftServerProxy.java:lambda$start$5(374)) - e4951dd4-f4df-4d2e-bd67-fe61550133c1: start RPC server
2021-05-31 14:16:29,535 [EndpointStateMachine task thread for /127.0.0.1:14171 - 0 ] INFO  server.GrpcService (GrpcService.java:startImpl(253)) - e4951dd4-f4df-4d2e-bd67-fe61550133c1: GrpcService started, listening on 42453
2021-05-31 14:16:29,540 [EndpointStateMachine task thread for /127.0.0.1:14171 - 0 ] INFO  ratis.XceiverServerRatis (XceiverServerRatis.java:getRealPort(511)) - XceiverServerRatis e4951dd4-f4df-4d2e-bd67-fe61550133c1 is started using port 42453 for RATIS
2021-05-31 14:16:29,540 [EndpointStateMachine task thread for /127.0.0.1:14171 - 0 ] INFO  ratis.XceiverServerRatis (XceiverServerRatis.java:getRealPort(511)) - XceiverServerRatis e4951dd4-f4df-4d2e-bd67-fe61550133c1 is started using port 42453 for RATIS_ADMIN
2021-05-31 14:16:29,541 [EndpointStateMachine task thread for /127.0.0.1:14171 - 0 ] INFO  ratis.XceiverServerRatis (XceiverServerRatis.java:getRealPort(511)) - XceiverServerRatis e4951dd4-f4df-4d2e-bd67-fe61550133c1 is started using port 42453 for RATIS_SERVER
2021-05-31 14:16:29,549 [EndpointStateMachine task thread for /127.0.0.1:14171 - 0 ] INFO  server.XceiverServerGrpc (XceiverServerGrpc.java:start(135)) - XceiverServerGrpc e4951dd4-f4df-4d2e-bd67-fe61550133c1 is started using port 44877
2021-05-31 14:16:29,550 [EndpointStateMachine task thread for /127.0.0.1:14161 - 0 ] INFO  ozoneimpl.OzoneContainer (OzoneContainer.java:start(291)) - Ignore. OzoneContainer already started.
2021-05-31 14:16:29,551 [org.apache.ratis.util.JvmPauseMonitor$$Lambda$493/1767532961@31f43aa5] INFO  util.JvmPauseMonitor (JvmPauseMonitor.java:run(103)) - JvmPauseMonitor-e4951dd4-f4df-4d2e-bd67-fe61550133c1: Started
2021-05-31 14:16:29,624 [EndpointStateMachine task thread for /127.0.0.1:14161 - 0 ] INFO  ozoneimpl.OzoneContainer (OzoneContainer.java:start(295)) - Attempting to start container services.
2021-05-31 14:16:29,624 [EndpointStateMachine task thread for /127.0.0.1:14161 - 0 ] INFO  ozoneimpl.OzoneContainer (OzoneContainer.java:startContainerScrub(241)) - Background container scanner has been disabled.
2021-05-31 14:16:29,627 [EndpointStateMachine task thread for /127.0.0.1:14161 - 0 ] INFO  replication.ReplicationServer (ReplicationServer.java:start(106)) - ReplicationServer is started using port 39391
2021-05-31 14:16:29,628 [EndpointStateMachine task thread for /127.0.0.1:14161 - 0 ] INFO  ratis.XceiverServerRatis (XceiverServerRatis.java:start(490)) - Starting XceiverServerRatis bda778da-51f4-4847-bee0-b4babae878aa
2021-05-31 14:16:29,629 [EndpointStateMachine task thread for /127.0.0.1:14161 - 0 ] INFO  server.RaftServer (RaftServerProxy.java:lambda$start$5(374)) - bda778da-51f4-4847-bee0-b4babae878aa: start RPC server
2021-05-31 14:16:29,631 [EndpointStateMachine task thread for /127.0.0.1:14161 - 0 ] INFO  server.GrpcService (GrpcService.java:startImpl(253)) - bda778da-51f4-4847-bee0-b4babae878aa: GrpcService started, listening on 32951
2021-05-31 14:16:29,631 [EndpointStateMachine task thread for /127.0.0.1:14161 - 0 ] INFO  ratis.XceiverServerRatis (XceiverServerRatis.java:getRealPort(511)) - XceiverServerRatis bda778da-51f4-4847-bee0-b4babae878aa is started using port 32951 for RATIS
2021-05-31 14:16:29,631 [EndpointStateMachine task thread for /127.0.0.1:14161 - 0 ] INFO  ratis.XceiverServerRatis (XceiverServerRatis.java:getRealPort(511)) - XceiverServerRatis bda778da-51f4-4847-bee0-b4babae878aa is started using port 32951 for RATIS_ADMIN
2021-05-31 14:16:29,631 [EndpointStateMachine task thread for /127.0.0.1:14161 - 0 ] INFO  ratis.XceiverServerRatis (XceiverServerRatis.java:getRealPort(511)) - XceiverServerRatis bda778da-51f4-4847-bee0-b4babae878aa is started using port 32951 for RATIS_SERVER
2021-05-31 14:16:29,631 [org.apache.ratis.util.JvmPauseMonitor$$Lambda$493/1767532961@252906ef] INFO  util.JvmPauseMonitor (JvmPauseMonitor.java:run(103)) - JvmPauseMonitor-bda778da-51f4-4847-bee0-b4babae878aa: Started
2021-05-31 14:16:29,632 [EndpointStateMachine task thread for /127.0.0.1:14161 - 0 ] INFO  server.XceiverServerGrpc (XceiverServerGrpc.java:start(135)) - XceiverServerGrpc bda778da-51f4-4847-bee0-b4babae878aa is started using port 43997
2021-05-31 14:16:29,640 [EndpointStateMachine task thread for /127.0.0.1:14171 - 0 ] INFO  ozoneimpl.OzoneContainer (OzoneContainer.java:start(291)) - Ignore. OzoneContainer already started.
2021-05-31 14:16:29,757 [Listener at 127.0.0.1/11372] INFO  ozone.MiniOzoneClusterImpl (MiniOzoneClusterImpl.java:lambda$waitForClusterToBeReady$0(224)) - Waiting for nodes to be ready. Got 0 of 3 DN Heartbeats.
2021-05-31 14:16:29,757 [Listener at 127.0.0.1/11372] INFO  ozone.MiniOzoneClusterImpl (MiniOzoneClusterImpl.java:lambda$waitForClusterToBeReady$0(227)) - Waiting for cluster to exit safe mode
2021-05-31 14:16:29,757 [Listener at 127.0.0.1/11372] INFO  ozone.MiniOzoneClusterImpl (MiniOzoneClusterImpl.java:lambda$waitForClusterToBeReady$0(230)) - SCM became leader
2021-05-31 14:16:29,779 [EndpointStateMachine task thread for /127.0.0.1:14171 - 0 ] INFO  ozoneimpl.OzoneContainer (OzoneContainer.java:start(295)) - Attempting to start container services.
2021-05-31 14:16:29,779 [EndpointStateMachine task thread for /127.0.0.1:14171 - 0 ] INFO  ozoneimpl.OzoneContainer (OzoneContainer.java:startContainerScrub(241)) - Background container scanner has been disabled.
2021-05-31 14:16:29,781 [EndpointStateMachine task thread for /127.0.0.1:14171 - 0 ] INFO  replication.ReplicationServer (ReplicationServer.java:start(106)) - ReplicationServer is started using port 38101
2021-05-31 14:16:29,782 [EndpointStateMachine task thread for /127.0.0.1:14171 - 0 ] INFO  ratis.XceiverServerRatis (XceiverServerRatis.java:start(490)) - Starting XceiverServerRatis 21f06eab-63c8-43fd-b305-f7c41bc87438
2021-05-31 14:16:29,783 [EndpointStateMachine task thread for /127.0.0.1:14171 - 0 ] INFO  server.RaftServer (RaftServerProxy.java:lambda$start$5(374)) - 21f06eab-63c8-43fd-b305-f7c41bc87438: start RPC server
2021-05-31 14:16:29,785 [EndpointStateMachine task thread for /127.0.0.1:14171 - 0 ] INFO  server.GrpcService (GrpcService.java:startImpl(253)) - 21f06eab-63c8-43fd-b305-f7c41bc87438: GrpcService started, listening on 43533
2021-05-31 14:16:29,786 [EndpointStateMachine task thread for /127.0.0.1:14171 - 0 ] INFO  ratis.XceiverServerRatis (XceiverServerRatis.java:getRealPort(511)) - XceiverServerRatis 21f06eab-63c8-43fd-b305-f7c41bc87438 is started using port 43533 for RATIS
2021-05-31 14:16:29,786 [EndpointStateMachine task thread for /127.0.0.1:14171 - 0 ] INFO  ratis.XceiverServerRatis (XceiverServerRatis.java:getRealPort(511)) - XceiverServerRatis 21f06eab-63c8-43fd-b305-f7c41bc87438 is started using port 43533 for RATIS_ADMIN
2021-05-31 14:16:29,786 [EndpointStateMachine task thread for /127.0.0.1:14171 - 0 ] INFO  ratis.XceiverServerRatis (XceiverServerRatis.java:getRealPort(511)) - XceiverServerRatis 21f06eab-63c8-43fd-b305-f7c41bc87438 is started using port 43533 for RATIS_SERVER
2021-05-31 14:16:29,786 [org.apache.ratis.util.JvmPauseMonitor$$Lambda$493/1767532961@294d1d6a] INFO  util.JvmPauseMonitor (JvmPauseMonitor.java:run(103)) - JvmPauseMonitor-21f06eab-63c8-43fd-b305-f7c41bc87438: Started
2021-05-31 14:16:29,788 [EndpointStateMachine task thread for /127.0.0.1:14171 - 0 ] INFO  server.XceiverServerGrpc (XceiverServerGrpc.java:start(135)) - XceiverServerGrpc 21f06eab-63c8-43fd-b305-f7c41bc87438 is started using port 39001
2021-05-31 14:16:29,792 [EndpointStateMachine task thread for /127.0.0.1:14161 - 0 ] INFO  ozoneimpl.OzoneContainer (OzoneContainer.java:start(291)) - Ignore. OzoneContainer already started.
2021-05-31 14:16:30,758 [Listener at 127.0.0.1/11372] INFO  ozone.MiniOzoneClusterImpl (MiniOzoneClusterImpl.java:lambda$waitForClusterToBeReady$0(224)) - Waiting for nodes to be ready. Got 0 of 3 DN Heartbeats.
2021-05-31 14:16:30,758 [Listener at 127.0.0.1/11372] INFO  ozone.MiniOzoneClusterImpl (MiniOzoneClusterImpl.java:lambda$waitForClusterToBeReady$0(227)) - Waiting for cluster to exit safe mode
2021-05-31 14:16:30,758 [Listener at 127.0.0.1/11372] INFO  ozone.MiniOzoneClusterImpl (MiniOzoneClusterImpl.java:lambda$waitForClusterToBeReady$0(230)) - SCM became leader
2021-05-31 14:16:31,505 [IPC Server handler 16 on default port 14161] INFO  net.NetworkTopologyImpl (NetworkTopologyImpl.java:add(112)) - Added a new node: /default-rack/e4951dd4-f4df-4d2e-bd67-fe61550133c1
2021-05-31 14:16:31,505 [IPC Server handler 19 on default port 14171] INFO  net.NetworkTopologyImpl (NetworkTopologyImpl.java:add(112)) - Added a new node: /default-rack/e4951dd4-f4df-4d2e-bd67-fe61550133c1
2021-05-31 14:16:31,507 [IPC Server handler 16 on default port 14161] INFO  node.SCMNodeManager (SCMNodeManager.java:register(348)) - Registered Data node : e4951dd4-f4df-4d2e-bd67-fe61550133c1{ip: 127.0.0.1, host: localhost, ports: [REPLICATION=41577, RATIS=42453, RATIS_ADMIN=42453, RATIS_SERVER=42453, STANDALONE=44877], networkLocation: /default-rack, certSerialId: null, persistedOpState: null, persistedOpStateExpiryEpochSec: 0}
2021-05-31 14:16:31,516 [IPC Server handler 19 on default port 14171] INFO  node.SCMNodeManager (SCMNodeManager.java:register(348)) - Registered Data node : e4951dd4-f4df-4d2e-bd67-fe61550133c1{ip: 127.0.0.1, host: localhost, ports: [REPLICATION=41577, RATIS=42453, RATIS_ADMIN=42453, RATIS_SERVER=42453, STANDALONE=44877], networkLocation: /default-rack, certSerialId: null, persistedOpState: null, persistedOpStateExpiryEpochSec: 0}
2021-05-31 14:16:31,517 [EventQueue-NewNodeForNewNodeHandler] INFO  pipeline.BackgroundPipelineCreator (BackgroundPipelineCreatorV2.java:notifyEventTriggered(282)) - trigger a one-shot run on RatisPipelineUtilsThread.
2021-05-31 14:16:31,522 [EventQueue-NodeRegistrationContainerReportForContainerSafeModeRule] INFO  safemode.SCMSafeModeManager (SCMSafeModeManager.java:validateSafeModeExitRules(201)) - ContainerSafeModeRule rule is successfully validated
2021-05-31 14:16:31,524 [EventQueue-NewNodeForNewNodeHandler] INFO  pipeline.BackgroundPipelineCreator (BackgroundPipelineCreatorV2.java:notifyEventTriggered(276)) - ignore, not leader SCM.
2021-05-31 14:16:31,524 [EventQueue-PipelineReportForOneReplicaPipelineSafeModeRule] INFO  safemode.SCMSafeModeManager (SCMSafeModeManager.java:validateSafeModeExitRules(201)) - AtleastOneDatanodeReportedRule rule is successfully validated
2021-05-31 14:16:31,522 [EventQueue-NodeRegistrationContainerReportForDataNodeSafeModeRule] INFO  safemode.SCMSafeModeManager (DataNodeSafeModeRule.java:process(71)) - SCM in safe mode. 1 DataNodes registered, 1 required.
2021-05-31 14:16:31,524 [EventQueue-NodeRegistrationContainerReportForDataNodeSafeModeRule] INFO  safemode.SCMSafeModeManager (SCMSafeModeManager.java:validateSafeModeExitRules(201)) - DataNodeSafeModeRule rule is successfully validated
2021-05-31 14:16:31,524 [EventQueue-NodeRegistrationContainerReportForDataNodeSafeModeRule] INFO  safemode.SCMSafeModeManager (SCMSafeModeManager.java:completePreCheck(229)) - All SCM safe mode pre check rules have passed
2021-05-31 14:16:31,525 [EventQueue-NodeRegistrationContainerReportForDataNodeSafeModeRule] INFO  safemode.SCMSafeModeManager (DataNodeSafeModeRule.java:process(71)) - SCM in safe mode. 1 DataNodes registered, 1 required.
2021-05-31 14:16:31,525 [EventQueue-NodeRegistrationContainerReportForDataNodeSafeModeRule] INFO  safemode.SCMSafeModeManager (SCMSafeModeManager.java:validateSafeModeExitRules(201)) - DataNodeSafeModeRule rule is successfully validated
2021-05-31 14:16:31,525 [EventQueue-NodeRegistrationContainerReportForDataNodeSafeModeRule] INFO  safemode.SCMSafeModeManager (SCMSafeModeManager.java:completePreCheck(229)) - All SCM safe mode pre check rules have passed
2021-05-31 14:16:31,524 [EventQueue-NodeRegistrationContainerReportForDataNodeSafeModeRule] WARN  events.EventQueue (EventQueue.java:fireEvent(185)) - No event handler registered for event TypedEvent{payloadType=SafeModeStatus, name='Safe mode status'}
2021-05-31 14:16:31,528 [EventQueue-NodeRegistrationContainerReportForDataNodeSafeModeRule] INFO  ha.SCMContext (SCMContext.java:updateSafeModeStatus(147)) - Update SafeModeStatus from SafeModeStatus{safeModeStatus=true, preCheckPassed=false} to SafeModeStatus{safeModeStatus=true, preCheckPassed=true}.
2021-05-31 14:16:31,525 [EventQueue-NodeRegistrationContainerReportForDataNodeSafeModeRule] WARN  events.EventQueue (EventQueue.java:fireEvent(185)) - No event handler registered for event TypedEvent{payloadType=SafeModeStatus, name='Safe mode status'}
2021-05-31 14:16:31,528 [EventQueue-NodeRegistrationContainerReportForDataNodeSafeModeRule] INFO  ha.SCMContext (SCMContext.java:updateSafeModeStatus(147)) - Update SafeModeStatus from SafeModeStatus{safeModeStatus=true, preCheckPassed=false} to SafeModeStatus{safeModeStatus=true, preCheckPassed=true}.
2021-05-31 14:16:31,528 [EventQueue-NodeRegistrationContainerReportForDataNodeSafeModeRule] INFO  pipeline.BackgroundPipelineCreator (BackgroundPipelineCreatorV2.java:notifyEventTriggered(282)) - trigger a one-shot run on RatisPipelineUtilsThread.
2021-05-31 14:16:31,528 [EventQueue-NodeRegistrationContainerReportForContainerSafeModeRule] INFO  safemode.SCMSafeModeManager (SCMSafeModeManager.java:validateSafeModeExitRules(201)) - ContainerSafeModeRule rule is successfully validated
2021-05-31 14:16:31,528 [EventQueue-NodeRegistrationContainerReportForDataNodeSafeModeRule] INFO  pipeline.BackgroundPipelineCreator (BackgroundPipelineCreatorV2.java:notifyEventTriggered(276)) - ignore, not leader SCM.
2021-05-31 14:16:31,535 [EventQueue-PipelineReportForOneReplicaPipelineSafeModeRule] INFO  safemode.SCMSafeModeManager (SCMSafeModeManager.java:validateSafeModeExitRules(201)) - AtleastOneDatanodeReportedRule rule is successfully validated
2021-05-31 14:16:31,537 [RatisPipelineUtilsThread - 0] INFO  pipeline.RatisPipelineProvider (RatisPipelineProvider.java:lambda$create$0(170)) - Sending CreatePipelineCommand for pipeline:PipelineID=0f7cccd9-3de2-4576-b761-11fc884ff120 to datanode:e4951dd4-f4df-4d2e-bd67-fe61550133c1
2021-05-31 14:16:31,594 [86c596a3-6f32-42a0-9237-c69d9bdf2958@group-A7AD55EE2C31-StateMachineUpdater] INFO  pipeline.PipelineStateManager (PipelineStateManagerV2Impl.java:addPipeline(101)) - Created pipeline Pipeline[ Id: 0f7cccd9-3de2-4576-b761-11fc884ff120, Nodes: e4951dd4-f4df-4d2e-bd67-fe61550133c1{ip: 127.0.0.1, host: localhost, ports: [REPLICATION=41577, RATIS=42453, RATIS_ADMIN=42453, RATIS_SERVER=42453, STANDALONE=44877], networkLocation: /default-rack, certSerialId: null, persistedOpState: IN_SERVICE, persistedOpStateExpiryEpochSec: 0}, ReplicationConfig: RATIS/ONE, State:ALLOCATED, leaderId:, CreationTimestamp2021-05-31T14:16:31.528Z].
2021-05-31 14:16:31,598 [RatisPipelineUtilsThread - 0] INFO  ha.SCMHAInvocationHandler (SCMHAInvocationHandler.java:invokeRatis(113)) - Invoking method public abstract void org.apache.hadoop.hdds.scm.pipeline.StateManager.addPipeline(org.apache.hadoop.hdds.protocol.proto.HddsProtos$Pipeline) throws java.io.IOException on target org.apache.hadoop.hdds.scm.ha.SCMRatisServerImpl@208eb941, cost 53176.339us
2021-05-31 14:16:31,601 [RatisPipelineUtilsThread - 0] WARN  pipeline.PipelinePlacementPolicy (PipelinePlacementPolicy.java:filterViableNodes(151)) - Pipeline creation failed due to no sufficient healthy datanodes. Required 3. Found 1.
2021-05-31 14:16:31,610 [fc8d0b26-40fd-4e75-8432-30636972f5a2@group-A7AD55EE2C31-StateMachineUpdater] INFO  pipeline.PipelineStateManager (PipelineStateManagerV2Impl.java:addPipeline(101)) - Created pipeline Pipeline[ Id: 0f7cccd9-3de2-4576-b761-11fc884ff120, Nodes: e4951dd4-f4df-4d2e-bd67-fe61550133c1{ip: 127.0.0.1, host: localhost, ports: [REPLICATION=41577, RATIS=42453, RATIS_ADMIN=42453, RATIS_SERVER=42453, STANDALONE=44877], networkLocation: /default-rack, certSerialId: null, persistedOpState: IN_SERVICE, persistedOpStateExpiryEpochSec: 0}, ReplicationConfig: RATIS/ONE, State:ALLOCATED, leaderId:, CreationTimestamp2021-05-31T14:16:31.528Z].
2021-05-31 14:16:31,615 [Datanode State Machine Thread - 0] ERROR datanode.RunningDatanodeState (RunningDatanodeState.java:computeNextContainerState(199)) - Error in executing end point task.
java.util.concurrent.ExecutionException: java.util.concurrent.TimeoutException
	at java.util.concurrent.FutureTask.report(FutureTask.java:122)
	at java.util.concurrent.FutureTask.get(FutureTask.java:192)
	at org.apache.hadoop.ozone.container.common.states.datanode.RunningDatanodeState.computeNextContainerState(RunningDatanodeState.java:191)
	at org.apache.hadoop.ozone.container.common.states.datanode.RunningDatanodeState.await(RunningDatanodeState.java:231)
	at org.apache.hadoop.ozone.container.common.states.datanode.RunningDatanodeState.await(RunningDatanodeState.java:50)
	at org.apache.hadoop.ozone.container.common.statemachine.StateContext.execute(StateContext.java:579)
	at org.apache.hadoop.ozone.container.common.statemachine.DatanodeStateMachine.start(DatanodeStateMachine.java:233)
	at org.apache.hadoop.ozone.container.common.statemachine.DatanodeStateMachine.lambda$startDaemon$0(DatanodeStateMachine.java:416)
	at java.lang.Thread.run(Thread.java:748)
Caused by: java.util.concurrent.TimeoutException
	at java.util.concurrent.FutureTask.get(FutureTask.java:205)
	at org.apache.hadoop.ozone.container.common.states.datanode.RunningDatanodeState.lambda$execute$0(RunningDatanodeState.java:149)
	at java.util.concurrent.FutureTask.run(FutureTask.java:266)
	at java.util.concurrent.Executors$RunnableAdapter.call(Executors.java:511)
	at java.util.concurrent.FutureTask.run(FutureTask.java:266)
	at java.util.concurrent.ThreadPoolExecutor.runWorker(ThreadPoolExecutor.java:1149)
	at java.util.concurrent.ThreadPoolExecutor$Worker.run(ThreadPoolExecutor.java:624)
	... 1 more
2021-05-31 14:16:31,619 [IPC Server handler 1 on default port 14161] INFO  net.NetworkTopologyImpl (NetworkTopologyImpl.java:add(112)) - Added a new node: /default-rack/bda778da-51f4-4847-bee0-b4babae878aa
2021-05-31 14:16:31,622 [IPC Server handler 1 on default port 14161] INFO  node.SCMNodeManager (SCMNodeManager.java:register(348)) - Registered Data node : bda778da-51f4-4847-bee0-b4babae878aa{ip: 127.0.0.1, host: localhost, ports: [REPLICATION=39391, RATIS=32951, RATIS_ADMIN=32951, RATIS_SERVER=32951, STANDALONE=43997], networkLocation: /default-rack, certSerialId: null, persistedOpState: null, persistedOpStateExpiryEpochSec: 0}
2021-05-31 14:16:31,622 [EventQueue-NewNodeForNewNodeHandler] INFO  pipeline.BackgroundPipelineCreator (BackgroundPipelineCreatorV2.java:notifyEventTriggered(282)) - trigger a one-shot run on RatisPipelineUtilsThread.
2021-05-31 14:16:31,622 [EventQueue-NodeRegistrationContainerReportForDataNodeSafeModeRule] INFO  safemode.SCMSafeModeManager (SCMSafeModeManager.java:validateSafeModeExitRules(201)) - DataNodeSafeModeRule rule is successfully validated
2021-05-31 14:16:31,622 [EventQueue-NodeRegistrationContainerReportForContainerSafeModeRule] INFO  safemode.SCMSafeModeManager (SCMSafeModeManager.java:validateSafeModeExitRules(201)) - ContainerSafeModeRule rule is successfully validated
2021-05-31 14:16:31,622 [EventQueue-PipelineReportForOneReplicaPipelineSafeModeRule] INFO  safemode.SCMSafeModeManager (SCMSafeModeManager.java:validateSafeModeExitRules(201)) - AtleastOneDatanodeReportedRule rule is successfully validated
2021-05-31 14:16:31,623 [IPC Server handler 16 on default port 14171] INFO  net.NetworkTopologyImpl (NetworkTopologyImpl.java:add(112)) - Added a new node: /default-rack/bda778da-51f4-4847-bee0-b4babae878aa
2021-05-31 14:16:31,624 [IPC Server handler 16 on default port 14171] INFO  node.SCMNodeManager (SCMNodeManager.java:register(348)) - Registered Data node : bda778da-51f4-4847-bee0-b4babae878aa{ip: 127.0.0.1, host: localhost, ports: [REPLICATION=39391, RATIS=32951, RATIS_ADMIN=32951, RATIS_SERVER=32951, STANDALONE=43997], networkLocation: /default-rack, certSerialId: null, persistedOpState: null, persistedOpStateExpiryEpochSec: 0}
2021-05-31 14:16:31,624 [RatisPipelineUtilsThread - 0] INFO  pipeline.RatisPipelineProvider (RatisPipelineProvider.java:lambda$create$0(170)) - Sending CreatePipelineCommand for pipeline:PipelineID=9213f601-e2f2-4424-be6b-31f7564114ff to datanode:bda778da-51f4-4847-bee0-b4babae878aa
2021-05-31 14:16:31,624 [EventQueue-NewNodeForNewNodeHandler] INFO  pipeline.BackgroundPipelineCreator (BackgroundPipelineCreatorV2.java:notifyEventTriggered(276)) - ignore, not leader SCM.
2021-05-31 14:16:31,625 [EventQueue-NodeRegistrationContainerReportForContainerSafeModeRule] INFO  safemode.SCMSafeModeManager (SCMSafeModeManager.java:validateSafeModeExitRules(201)) - ContainerSafeModeRule rule is successfully validated
2021-05-31 14:16:31,625 [EventQueue-NodeRegistrationContainerReportForDataNodeSafeModeRule] INFO  safemode.SCMSafeModeManager (SCMSafeModeManager.java:validateSafeModeExitRules(201)) - DataNodeSafeModeRule rule is successfully validated
2021-05-31 14:16:31,625 [EventQueue-PipelineReportForOneReplicaPipelineSafeModeRule] INFO  safemode.SCMSafeModeManager (SCMSafeModeManager.java:validateSafeModeExitRules(201)) - AtleastOneDatanodeReportedRule rule is successfully validated
2021-05-31 14:16:31,636 [86c596a3-6f32-42a0-9237-c69d9bdf2958@group-A7AD55EE2C31-StateMachineUpdater] INFO  pipeline.PipelineStateManager (PipelineStateManagerV2Impl.java:addPipeline(101)) - Created pipeline Pipeline[ Id: 9213f601-e2f2-4424-be6b-31f7564114ff, Nodes: bda778da-51f4-4847-bee0-b4babae878aa{ip: 127.0.0.1, host: localhost, ports: [REPLICATION=39391, RATIS=32951, RATIS_ADMIN=32951, RATIS_SERVER=32951, STANDALONE=43997], networkLocation: /default-rack, certSerialId: null, persistedOpState: IN_SERVICE, persistedOpStateExpiryEpochSec: 0}, ReplicationConfig: RATIS/ONE, State:ALLOCATED, leaderId:, CreationTimestamp2021-05-31T14:16:31.624Z].
2021-05-31 14:16:31,636 [86c596a3-6f32-42a0-9237-c69d9bdf2958@group-A7AD55EE2C31-StateMachineUpdater] INFO  ha.SCMStateMachine (SCMStateMachine.java:takeSnapshot(282)) - Current Snapshot Index 9, takeSnapshot took 0 ms
2021-05-31 14:16:31,636 [86c596a3-6f32-42a0-9237-c69d9bdf2958@group-A7AD55EE2C31-StateMachineUpdater] INFO  impl.StateMachineUpdater (StateMachineUpdater.java:takeSnapshot(281)) - 86c596a3-6f32-42a0-9237-c69d9bdf2958@group-A7AD55EE2C31-StateMachineUpdater: Took a snapshot at index 9
2021-05-31 14:16:31,636 [86c596a3-6f32-42a0-9237-c69d9bdf2958@group-A7AD55EE2C31-StateMachineUpdater] INFO  impl.StateMachineUpdater (StateMachineUpdater.java:lambda$new$0(89)) - 86c596a3-6f32-42a0-9237-c69d9bdf2958@group-A7AD55EE2C31-StateMachineUpdater: snapshotIndex: updateIncreasingly 4 -> 9
2021-05-31 14:16:31,636 [86c596a3-6f32-42a0-9237-c69d9bdf2958@group-A7AD55EE2C31-StateMachineUpdater] INFO  raftlog.RaftLog (RaftLogBase.java:purge(306)) - 86c596a3-6f32-42a0-9237-c69d9bdf2958@group-A7AD55EE2C31-SegmentedRaftLog: purge 9
2021-05-31 14:16:31,636 [86c596a3-6f32-42a0-9237-c69d9bdf2958@group-A7AD55EE2C31-StateMachineUpdater] INFO  raftlog.RaftLog (RaftLogBase.java:lambda$new$0(53)) - 86c596a3-6f32-42a0-9237-c69d9bdf2958@group-A7AD55EE2C31-SegmentedRaftLog: snapshotIndex: updateIncreasingly 4 -> 9
2021-05-31 14:16:31,636 [86c596a3-6f32-42a0-9237-c69d9bdf2958@group-A7AD55EE2C31-StateMachineUpdater] INFO  raftlog.RaftLog (RaftLogBase.java:lambda$new$0(53)) - 86c596a3-6f32-42a0-9237-c69d9bdf2958@group-A7AD55EE2C31-SegmentedRaftLog: purgeIndex: updateToMax old=0, new=9, updated? true
2021-05-31 14:16:31,637 [RatisPipelineUtilsThread - 0] INFO  ha.SCMHAInvocationHandler (SCMHAInvocationHandler.java:invokeRatis(113)) - Invoking method public abstract void org.apache.hadoop.hdds.scm.pipeline.StateManager.addPipeline(org.apache.hadoop.hdds.protocol.proto.HddsProtos$Pipeline) throws java.io.IOException on target org.apache.hadoop.hdds.scm.ha.SCMRatisServerImpl@208eb941, cost 12108.713us
2021-05-31 14:16:31,637 [RatisPipelineUtilsThread - 0] WARN  pipeline.PipelinePlacementPolicy (PipelinePlacementPolicy.java:filterViableNodes(151)) - Pipeline creation failed due to no sufficient healthy datanodes. Required 3. Found 2.
2021-05-31 14:16:31,644 [fc8d0b26-40fd-4e75-8432-30636972f5a2@group-A7AD55EE2C31-StateMachineUpdater] INFO  pipeline.PipelineStateManager (PipelineStateManagerV2Impl.java:addPipeline(101)) - Created pipeline Pipeline[ Id: 9213f601-e2f2-4424-be6b-31f7564114ff, Nodes: bda778da-51f4-4847-bee0-b4babae878aa{ip: 127.0.0.1, host: localhost, ports: [REPLICATION=39391, RATIS=32951, RATIS_ADMIN=32951, RATIS_SERVER=32951, STANDALONE=43997], networkLocation: /default-rack, certSerialId: null, persistedOpState: IN_SERVICE, persistedOpStateExpiryEpochSec: 0}, ReplicationConfig: RATIS/ONE, State:ALLOCATED, leaderId:, CreationTimestamp2021-05-31T14:16:31.624Z].
2021-05-31 14:16:31,759 [Listener at 127.0.0.1/11372] INFO  ozone.MiniOzoneClusterImpl (MiniOzoneClusterImpl.java:lambda$waitForClusterToBeReady$0(224)) - Waiting for nodes to be ready. Got 2 of 3 DN Heartbeats.
2021-05-31 14:16:31,759 [Listener at 127.0.0.1/11372] INFO  ozone.MiniOzoneClusterImpl (MiniOzoneClusterImpl.java:lambda$waitForClusterToBeReady$0(227)) - Waiting for cluster to exit safe mode
2021-05-31 14:16:31,759 [Listener at 127.0.0.1/11372] INFO  ozone.MiniOzoneClusterImpl (MiniOzoneClusterImpl.java:lambda$waitForClusterToBeReady$0(230)) - SCM became leader
2021-05-31 14:16:31,771 [Datanode State Machine Thread - 0] ERROR datanode.RunningDatanodeState (RunningDatanodeState.java:computeNextContainerState(199)) - Error in executing end point task.
java.util.concurrent.ExecutionException: java.util.concurrent.TimeoutException
	at java.util.concurrent.FutureTask.report(FutureTask.java:122)
	at java.util.concurrent.FutureTask.get(FutureTask.java:192)
	at org.apache.hadoop.ozone.container.common.states.datanode.RunningDatanodeState.computeNextContainerState(RunningDatanodeState.java:191)
	at org.apache.hadoop.ozone.container.common.states.datanode.RunningDatanodeState.await(RunningDatanodeState.java:231)
	at org.apache.hadoop.ozone.container.common.states.datanode.RunningDatanodeState.await(RunningDatanodeState.java:50)
	at org.apache.hadoop.ozone.container.common.statemachine.StateContext.execute(StateContext.java:579)
	at org.apache.hadoop.ozone.container.common.statemachine.DatanodeStateMachine.start(DatanodeStateMachine.java:233)
	at org.apache.hadoop.ozone.container.common.statemachine.DatanodeStateMachine.lambda$startDaemon$0(DatanodeStateMachine.java:416)
	at java.lang.Thread.run(Thread.java:748)
Caused by: java.util.concurrent.TimeoutException
	at java.util.concurrent.FutureTask.get(FutureTask.java:205)
	at org.apache.hadoop.ozone.container.common.states.datanode.RunningDatanodeState.lambda$execute$0(RunningDatanodeState.java:149)
	at java.util.concurrent.FutureTask.run(FutureTask.java:266)
	at java.util.concurrent.Executors$RunnableAdapter.call(Executors.java:511)
	at java.util.concurrent.FutureTask.run(FutureTask.java:266)
	at java.util.concurrent.ThreadPoolExecutor.runWorker(ThreadPoolExecutor.java:1149)
	at java.util.concurrent.ThreadPoolExecutor$Worker.run(ThreadPoolExecutor.java:624)
	... 1 more
2021-05-31 14:16:31,782 [IPC Server handler 15 on default port 14171] INFO  net.NetworkTopologyImpl (NetworkTopologyImpl.java:add(112)) - Added a new node: /default-rack/21f06eab-63c8-43fd-b305-f7c41bc87438
2021-05-31 14:16:31,782 [IPC Server handler 15 on default port 14171] INFO  node.SCMNodeManager (SCMNodeManager.java:register(348)) - Registered Data node : 21f06eab-63c8-43fd-b305-f7c41bc87438{ip: 127.0.0.1, host: localhost, ports: [REPLICATION=38101, RATIS=43533, RATIS_ADMIN=43533, RATIS_SERVER=43533, STANDALONE=39001], networkLocation: /default-rack, certSerialId: null, persistedOpState: null, persistedOpStateExpiryEpochSec: 0}
2021-05-31 14:16:31,783 [IPC Server handler 4 on default port 14161] INFO  net.NetworkTopologyImpl (NetworkTopologyImpl.java:add(112)) - Added a new node: /default-rack/21f06eab-63c8-43fd-b305-f7c41bc87438
2021-05-31 14:16:31,783 [IPC Server handler 4 on default port 14161] INFO  node.SCMNodeManager (SCMNodeManager.java:register(348)) - Registered Data node : 21f06eab-63c8-43fd-b305-f7c41bc87438{ip: 127.0.0.1, host: localhost, ports: [REPLICATION=38101, RATIS=43533, RATIS_ADMIN=43533, RATIS_SERVER=43533, STANDALONE=39001], networkLocation: /default-rack, certSerialId: null, persistedOpState: null, persistedOpStateExpiryEpochSec: 0}
2021-05-31 14:16:31,783 [EventQueue-NewNodeForNewNodeHandler] INFO  pipeline.BackgroundPipelineCreator (BackgroundPipelineCreatorV2.java:notifyEventTriggered(282)) - trigger a one-shot run on RatisPipelineUtilsThread.
2021-05-31 14:16:31,783 [EventQueue-NodeRegistrationContainerReportForDataNodeSafeModeRule] INFO  safemode.SCMSafeModeManager (SCMSafeModeManager.java:validateSafeModeExitRules(201)) - DataNodeSafeModeRule rule is successfully validated
2021-05-31 14:16:31,783 [EventQueue-NodeRegistrationContainerReportForContainerSafeModeRule] INFO  safemode.SCMSafeModeManager (SCMSafeModeManager.java:validateSafeModeExitRules(201)) - ContainerSafeModeRule rule is successfully validated
2021-05-31 14:16:31,784 [EventQueue-PipelineReportForOneReplicaPipelineSafeModeRule] INFO  safemode.SCMSafeModeManager (SCMSafeModeManager.java:validateSafeModeExitRules(201)) - AtleastOneDatanodeReportedRule rule is successfully validated
2021-05-31 14:16:31,783 [EventQueue-NewNodeForNewNodeHandler] INFO  pipeline.BackgroundPipelineCreator (BackgroundPipelineCreatorV2.java:notifyEventTriggered(276)) - ignore, not leader SCM.
2021-05-31 14:16:31,784 [RatisPipelineUtilsThread - 0] INFO  pipeline.RatisPipelineProvider (RatisPipelineProvider.java:lambda$create$0(170)) - Sending CreatePipelineCommand for pipeline:PipelineID=ed7a5838-6f04-4a61-8b70-52dfbd58e75d to datanode:21f06eab-63c8-43fd-b305-f7c41bc87438
2021-05-31 14:16:31,783 [EventQueue-NodeRegistrationContainerReportForContainerSafeModeRule] INFO  safemode.SCMSafeModeManager (SCMSafeModeManager.java:validateSafeModeExitRules(201)) - ContainerSafeModeRule rule is successfully validated
2021-05-31 14:16:31,784 [EventQueue-PipelineReportForOneReplicaPipelineSafeModeRule] INFO  safemode.SCMSafeModeManager (SCMSafeModeManager.java:validateSafeModeExitRules(201)) - AtleastOneDatanodeReportedRule rule is successfully validated
2021-05-31 14:16:31,785 [EventQueue-NodeRegistrationContainerReportForDataNodeSafeModeRule] INFO  safemode.SCMSafeModeManager (SCMSafeModeManager.java:validateSafeModeExitRules(201)) - DataNodeSafeModeRule rule is successfully validated
2021-05-31 14:16:31,789 [fc8d0b26-40fd-4e75-8432-30636972f5a2@group-A7AD55EE2C31-StateMachineUpdater] INFO  ha.SCMStateMachine (SCMStateMachine.java:takeSnapshot(282)) - Current Snapshot Index 10, takeSnapshot took 0 ms
2021-05-31 14:16:31,789 [fc8d0b26-40fd-4e75-8432-30636972f5a2@group-A7AD55EE2C31-StateMachineUpdater] INFO  impl.StateMachineUpdater (StateMachineUpdater.java:takeSnapshot(281)) - fc8d0b26-40fd-4e75-8432-30636972f5a2@group-A7AD55EE2C31-StateMachineUpdater: Took a snapshot at index 10
2021-05-31 14:16:31,789 [fc8d0b26-40fd-4e75-8432-30636972f5a2@group-A7AD55EE2C31-StateMachineUpdater] INFO  impl.StateMachineUpdater (StateMachineUpdater.java:lambda$new$0(89)) - fc8d0b26-40fd-4e75-8432-30636972f5a2@group-A7AD55EE2C31-StateMachineUpdater: snapshotIndex: updateIncreasingly 5 -> 10
2021-05-31 14:16:31,789 [fc8d0b26-40fd-4e75-8432-30636972f5a2@group-A7AD55EE2C31-StateMachineUpdater] INFO  raftlog.RaftLog (RaftLogBase.java:purge(306)) - fc8d0b26-40fd-4e75-8432-30636972f5a2@group-A7AD55EE2C31-SegmentedRaftLog: purge 10
2021-05-31 14:16:31,790 [fc8d0b26-40fd-4e75-8432-30636972f5a2@group-A7AD55EE2C31-StateMachineUpdater] INFO  raftlog.RaftLog (RaftLogBase.java:lambda$new$0(53)) - fc8d0b26-40fd-4e75-8432-30636972f5a2@group-A7AD55EE2C31-SegmentedRaftLog: snapshotIndex: updateIncreasingly 5 -> 10
2021-05-31 14:16:31,790 [fc8d0b26-40fd-4e75-8432-30636972f5a2@group-A7AD55EE2C31-StateMachineUpdater] INFO  raftlog.RaftLog (RaftLogBase.java:lambda$new$0(53)) - fc8d0b26-40fd-4e75-8432-30636972f5a2@group-A7AD55EE2C31-SegmentedRaftLog: purgeIndex: updateToMax old=0, new=10, updated? true
2021-05-31 14:16:31,793 [86c596a3-6f32-42a0-9237-c69d9bdf2958@group-A7AD55EE2C31-StateMachineUpdater] INFO  pipeline.PipelineStateManager (PipelineStateManagerV2Impl.java:addPipeline(101)) - Created pipeline Pipeline[ Id: ed7a5838-6f04-4a61-8b70-52dfbd58e75d, Nodes: 21f06eab-63c8-43fd-b305-f7c41bc87438{ip: 127.0.0.1, host: localhost, ports: [REPLICATION=38101, RATIS=43533, RATIS_ADMIN=43533, RATIS_SERVER=43533, STANDALONE=39001], networkLocation: /default-rack, certSerialId: null, persistedOpState: IN_SERVICE, persistedOpStateExpiryEpochSec: 0}, ReplicationConfig: RATIS/ONE, State:ALLOCATED, leaderId:, CreationTimestamp2021-05-31T14:16:31.784Z].
2021-05-31 14:16:31,793 [RatisPipelineUtilsThread - 0] INFO  ha.SCMHAInvocationHandler (SCMHAInvocationHandler.java:invokeRatis(113)) - Invoking method public abstract void org.apache.hadoop.hdds.scm.pipeline.StateManager.addPipeline(org.apache.hadoop.hdds.protocol.proto.HddsProtos$Pipeline) throws java.io.IOException on target org.apache.hadoop.hdds.scm.ha.SCMRatisServerImpl@208eb941, cost 8844.356us
2021-05-31 14:16:31,796 [fc8d0b26-40fd-4e75-8432-30636972f5a2@group-A7AD55EE2C31-StateMachineUpdater] INFO  pipeline.PipelineStateManager (PipelineStateManagerV2Impl.java:addPipeline(101)) - Created pipeline Pipeline[ Id: ed7a5838-6f04-4a61-8b70-52dfbd58e75d, Nodes: 21f06eab-63c8-43fd-b305-f7c41bc87438{ip: 127.0.0.1, host: localhost, ports: [REPLICATION=38101, RATIS=43533, RATIS_ADMIN=43533, RATIS_SERVER=43533, STANDALONE=39001], networkLocation: /default-rack, certSerialId: null, persistedOpState: IN_SERVICE, persistedOpStateExpiryEpochSec: 0}, ReplicationConfig: RATIS/ONE, State:ALLOCATED, leaderId:, CreationTimestamp2021-05-31T14:16:31.784Z].
2021-05-31 14:16:31,798 [RatisPipelineUtilsThread - 0] INFO  pipeline.RatisPipelineProvider (RatisPipelineProvider.java:lambda$create$0(170)) - Sending CreatePipelineCommand for pipeline:PipelineID=95a153cd-5601-43af-81b8-249122fff215 to datanode:bda778da-51f4-4847-bee0-b4babae878aa
2021-05-31 14:16:31,799 [RatisPipelineUtilsThread - 0] INFO  pipeline.RatisPipelineProvider (RatisPipelineProvider.java:lambda$create$0(170)) - Sending CreatePipelineCommand for pipeline:PipelineID=95a153cd-5601-43af-81b8-249122fff215 to datanode:21f06eab-63c8-43fd-b305-f7c41bc87438
2021-05-31 14:16:31,799 [RatisPipelineUtilsThread - 0] INFO  pipeline.RatisPipelineProvider (RatisPipelineProvider.java:lambda$create$0(170)) - Sending CreatePipelineCommand for pipeline:PipelineID=95a153cd-5601-43af-81b8-249122fff215 to datanode:e4951dd4-f4df-4d2e-bd67-fe61550133c1
2021-05-31 14:16:31,803 [86c596a3-6f32-42a0-9237-c69d9bdf2958@group-A7AD55EE2C31-StateMachineUpdater] INFO  pipeline.PipelineStateManager (PipelineStateManagerV2Impl.java:addPipeline(101)) - Created pipeline Pipeline[ Id: 95a153cd-5601-43af-81b8-249122fff215, Nodes: bda778da-51f4-4847-bee0-b4babae878aa{ip: 127.0.0.1, host: localhost, ports: [REPLICATION=39391, RATIS=32951, RATIS_ADMIN=32951, RATIS_SERVER=32951, STANDALONE=43997], networkLocation: /default-rack, certSerialId: null, persistedOpState: IN_SERVICE, persistedOpStateExpiryEpochSec: 0}21f06eab-63c8-43fd-b305-f7c41bc87438{ip: 127.0.0.1, host: localhost, ports: [REPLICATION=38101, RATIS=43533, RATIS_ADMIN=43533, RATIS_SERVER=43533, STANDALONE=39001], networkLocation: /default-rack, certSerialId: null, persistedOpState: IN_SERVICE, persistedOpStateExpiryEpochSec: 0}e4951dd4-f4df-4d2e-bd67-fe61550133c1{ip: 127.0.0.1, host: localhost, ports: [REPLICATION=41577, RATIS=42453, RATIS_ADMIN=42453, RATIS_SERVER=42453, STANDALONE=44877], networkLocation: /default-rack, certSerialId: null, persistedOpState: IN_SERVICE, persistedOpStateExpiryEpochSec: 0}, ReplicationConfig: RATIS/THREE, State:ALLOCATED, leaderId:, CreationTimestamp2021-05-31T14:16:31.798Z].
2021-05-31 14:16:31,805 [RatisPipelineUtilsThread - 0] INFO  ha.SCMHAInvocationHandler (SCMHAInvocationHandler.java:invokeRatis(113)) - Invoking method public abstract void org.apache.hadoop.hdds.scm.pipeline.StateManager.addPipeline(org.apache.hadoop.hdds.protocol.proto.HddsProtos$Pipeline) throws java.io.IOException on target org.apache.hadoop.hdds.scm.ha.SCMRatisServerImpl@208eb941, cost 6273.31us
2021-05-31 14:16:31,806 [RatisPipelineUtilsThread - 0] INFO  pipeline.RatisPipelineProvider (RatisPipelineProvider.java:lambda$create$0(170)) - Sending CreatePipelineCommand for pipeline:PipelineID=8cd76b9d-6141-408e-890d-914a9c454ec2 to datanode:21f06eab-63c8-43fd-b305-f7c41bc87438
2021-05-31 14:16:31,806 [RatisPipelineUtilsThread - 0] INFO  pipeline.RatisPipelineProvider (RatisPipelineProvider.java:lambda$create$0(170)) - Sending CreatePipelineCommand for pipeline:PipelineID=8cd76b9d-6141-408e-890d-914a9c454ec2 to datanode:e4951dd4-f4df-4d2e-bd67-fe61550133c1
2021-05-31 14:16:31,806 [RatisPipelineUtilsThread - 0] INFO  pipeline.RatisPipelineProvider (RatisPipelineProvider.java:lambda$create$0(170)) - Sending CreatePipelineCommand for pipeline:PipelineID=8cd76b9d-6141-408e-890d-914a9c454ec2 to datanode:bda778da-51f4-4847-bee0-b4babae878aa
2021-05-31 14:16:31,810 [fc8d0b26-40fd-4e75-8432-30636972f5a2@group-A7AD55EE2C31-StateMachineUpdater] INFO  pipeline.PipelineStateManager (PipelineStateManagerV2Impl.java:addPipeline(101)) - Created pipeline Pipeline[ Id: 95a153cd-5601-43af-81b8-249122fff215, Nodes: bda778da-51f4-4847-bee0-b4babae878aa{ip: 127.0.0.1, host: localhost, ports: [REPLICATION=39391, RATIS=32951, RATIS_ADMIN=32951, RATIS_SERVER=32951, STANDALONE=43997], networkLocation: /default-rack, certSerialId: null, persistedOpState: IN_SERVICE, persistedOpStateExpiryEpochSec: 0}21f06eab-63c8-43fd-b305-f7c41bc87438{ip: 127.0.0.1, host: localhost, ports: [REPLICATION=38101, RATIS=43533, RATIS_ADMIN=43533, RATIS_SERVER=43533, STANDALONE=39001], networkLocation: /default-rack, certSerialId: null, persistedOpState: IN_SERVICE, persistedOpStateExpiryEpochSec: 0}e4951dd4-f4df-4d2e-bd67-fe61550133c1{ip: 127.0.0.1, host: localhost, ports: [REPLICATION=41577, RATIS=42453, RATIS_ADMIN=42453, RATIS_SERVER=42453, STANDALONE=44877], networkLocation: /default-rack, certSerialId: null, persistedOpState: IN_SERVICE, persistedOpStateExpiryEpochSec: 0}, ReplicationConfig: RATIS/THREE, State:ALLOCATED, leaderId:, CreationTimestamp2021-05-31T14:16:31.798Z].
2021-05-31 14:16:31,813 [86c596a3-6f32-42a0-9237-c69d9bdf2958@group-A7AD55EE2C31-StateMachineUpdater] INFO  ha.SCMStateMachine (SCMStateMachine.java:takeSnapshot(282)) - Current Snapshot Index 14, takeSnapshot took 0 ms
2021-05-31 14:16:31,813 [86c596a3-6f32-42a0-9237-c69d9bdf2958@group-A7AD55EE2C31-StateMachineUpdater] INFO  impl.StateMachineUpdater (StateMachineUpdater.java:takeSnapshot(281)) - 86c596a3-6f32-42a0-9237-c69d9bdf2958@group-A7AD55EE2C31-StateMachineUpdater: Took a snapshot at index 14
2021-05-31 14:16:31,813 [86c596a3-6f32-42a0-9237-c69d9bdf2958@group-A7AD55EE2C31-StateMachineUpdater] INFO  impl.StateMachineUpdater (StateMachineUpdater.java:lambda$new$0(89)) - 86c596a3-6f32-42a0-9237-c69d9bdf2958@group-A7AD55EE2C31-StateMachineUpdater: snapshotIndex: updateIncreasingly 9 -> 14
2021-05-31 14:16:31,813 [86c596a3-6f32-42a0-9237-c69d9bdf2958@group-A7AD55EE2C31-StateMachineUpdater] INFO  raftlog.RaftLog (RaftLogBase.java:purge(306)) - 86c596a3-6f32-42a0-9237-c69d9bdf2958@group-A7AD55EE2C31-SegmentedRaftLog: purge 14
2021-05-31 14:16:31,813 [86c596a3-6f32-42a0-9237-c69d9bdf2958@group-A7AD55EE2C31-StateMachineUpdater] INFO  raftlog.RaftLog (RaftLogBase.java:lambda$new$0(53)) - 86c596a3-6f32-42a0-9237-c69d9bdf2958@group-A7AD55EE2C31-SegmentedRaftLog: snapshotIndex: updateIncreasingly 9 -> 14
2021-05-31 14:16:31,813 [86c596a3-6f32-42a0-9237-c69d9bdf2958@group-A7AD55EE2C31-StateMachineUpdater] INFO  raftlog.RaftLog (RaftLogBase.java:lambda$new$0(53)) - 86c596a3-6f32-42a0-9237-c69d9bdf2958@group-A7AD55EE2C31-SegmentedRaftLog: purgeIndex: updateToMax old=9, new=14, updated? true
2021-05-31 14:16:31,816 [86c596a3-6f32-42a0-9237-c69d9bdf2958@group-A7AD55EE2C31-StateMachineUpdater] INFO  pipeline.PipelineStateManager (PipelineStateManagerV2Impl.java:addPipeline(101)) - Created pipeline Pipeline[ Id: 8cd76b9d-6141-408e-890d-914a9c454ec2, Nodes: 21f06eab-63c8-43fd-b305-f7c41bc87438{ip: 127.0.0.1, host: localhost, ports: [REPLICATION=38101, RATIS=43533, RATIS_ADMIN=43533, RATIS_SERVER=43533, STANDALONE=39001], networkLocation: /default-rack, certSerialId: null, persistedOpState: IN_SERVICE, persistedOpStateExpiryEpochSec: 0}e4951dd4-f4df-4d2e-bd67-fe61550133c1{ip: 127.0.0.1, host: localhost, ports: [REPLICATION=41577, RATIS=42453, RATIS_ADMIN=42453, RATIS_SERVER=42453, STANDALONE=44877], networkLocation: /default-rack, certSerialId: null, persistedOpState: IN_SERVICE, persistedOpStateExpiryEpochSec: 0}bda778da-51f4-4847-bee0-b4babae878aa{ip: 127.0.0.1, host: localhost, ports: [REPLICATION=39391, RATIS=32951, RATIS_ADMIN=32951, RATIS_SERVER=32951, STANDALONE=43997], networkLocation: /default-rack, certSerialId: null, persistedOpState: IN_SERVICE, persistedOpStateExpiryEpochSec: 0}, ReplicationConfig: RATIS/THREE, State:ALLOCATED, leaderId:, CreationTimestamp2021-05-31T14:16:31.806Z].
2021-05-31 14:16:31,816 [RatisPipelineUtilsThread - 0] INFO  ha.SCMHAInvocationHandler (SCMHAInvocationHandler.java:invokeRatis(113)) - Invoking method public abstract void org.apache.hadoop.hdds.scm.pipeline.StateManager.addPipeline(org.apache.hadoop.hdds.protocol.proto.HddsProtos$Pipeline) throws java.io.IOException on target org.apache.hadoop.hdds.scm.ha.SCMRatisServerImpl@208eb941, cost 9552.868us
2021-05-31 14:16:31,817 [RatisPipelineUtilsThread - 0] INFO  pipeline.PipelineManagerV2Impl (PipelineManagerV2Impl.java:recordMetricsForPipeline(589)) - Pipeline: PipelineID=8cd76b9d-6141-408e-890d-914a9c454ec2 contains same datanodes as previous pipelines: PipelineID=95a153cd-5601-43af-81b8-249122fff215 nodeIds: 21f06eab-63c8-43fd-b305-f7c41bc87438, e4951dd4-f4df-4d2e-bd67-fe61550133c1, bda778da-51f4-4847-bee0-b4babae878aa
2021-05-31 14:16:31,819 [fc8d0b26-40fd-4e75-8432-30636972f5a2@group-A7AD55EE2C31-StateMachineUpdater] INFO  pipeline.PipelineStateManager (PipelineStateManagerV2Impl.java:addPipeline(101)) - Created pipeline Pipeline[ Id: 8cd76b9d-6141-408e-890d-914a9c454ec2, Nodes: 21f06eab-63c8-43fd-b305-f7c41bc87438{ip: 127.0.0.1, host: localhost, ports: [REPLICATION=38101, RATIS=43533, RATIS_ADMIN=43533, RATIS_SERVER=43533, STANDALONE=39001], networkLocation: /default-rack, certSerialId: null, persistedOpState: IN_SERVICE, persistedOpStateExpiryEpochSec: 0}e4951dd4-f4df-4d2e-bd67-fe61550133c1{ip: 127.0.0.1, host: localhost, ports: [REPLICATION=41577, RATIS=42453, RATIS_ADMIN=42453, RATIS_SERVER=42453, STANDALONE=44877], networkLocation: /default-rack, certSerialId: null, persistedOpState: IN_SERVICE, persistedOpStateExpiryEpochSec: 0}bda778da-51f4-4847-bee0-b4babae878aa{ip: 127.0.0.1, host: localhost, ports: [REPLICATION=39391, RATIS=32951, RATIS_ADMIN=32951, RATIS_SERVER=32951, STANDALONE=43997], networkLocation: /default-rack, certSerialId: null, persistedOpState: IN_SERVICE, persistedOpStateExpiryEpochSec: 0}, ReplicationConfig: RATIS/THREE, State:ALLOCATED, leaderId:, CreationTimestamp2021-05-31T14:16:31.806Z].
2021-05-31 14:16:31,821 [fc8d0b26-40fd-4e75-8432-30636972f5a2@group-A7AD55EE2C31-StateMachineUpdater] INFO  ha.SCMStateMachine (SCMStateMachine.java:takeSnapshot(282)) - Current Snapshot Index 15, takeSnapshot took 0 ms
2021-05-31 14:16:31,821 [fc8d0b26-40fd-4e75-8432-30636972f5a2@group-A7AD55EE2C31-StateMachineUpdater] INFO  impl.StateMachineUpdater (StateMachineUpdater.java:takeSnapshot(281)) - fc8d0b26-40fd-4e75-8432-30636972f5a2@group-A7AD55EE2C31-StateMachineUpdater: Took a snapshot at index 15
2021-05-31 14:16:31,821 [fc8d0b26-40fd-4e75-8432-30636972f5a2@group-A7AD55EE2C31-StateMachineUpdater] INFO  impl.StateMachineUpdater (StateMachineUpdater.java:lambda$new$0(89)) - fc8d0b26-40fd-4e75-8432-30636972f5a2@group-A7AD55EE2C31-StateMachineUpdater: snapshotIndex: updateIncreasingly 10 -> 15
2021-05-31 14:16:31,821 [fc8d0b26-40fd-4e75-8432-30636972f5a2@group-A7AD55EE2C31-StateMachineUpdater] INFO  raftlog.RaftLog (RaftLogBase.java:purge(306)) - fc8d0b26-40fd-4e75-8432-30636972f5a2@group-A7AD55EE2C31-SegmentedRaftLog: purge 15
2021-05-31 14:16:31,821 [fc8d0b26-40fd-4e75-8432-30636972f5a2@group-A7AD55EE2C31-StateMachineUpdater] INFO  raftlog.RaftLog (RaftLogBase.java:lambda$new$0(53)) - fc8d0b26-40fd-4e75-8432-30636972f5a2@group-A7AD55EE2C31-SegmentedRaftLog: snapshotIndex: updateIncreasingly 10 -> 15
2021-05-31 14:16:31,821 [fc8d0b26-40fd-4e75-8432-30636972f5a2@group-A7AD55EE2C31-StateMachineUpdater] INFO  raftlog.RaftLog (RaftLogBase.java:lambda$new$0(53)) - fc8d0b26-40fd-4e75-8432-30636972f5a2@group-A7AD55EE2C31-SegmentedRaftLog: purgeIndex: updateToMax old=10, new=15, updated? true
2021-05-31 14:16:32,760 [Listener at 127.0.0.1/11372] INFO  ozone.MiniOzoneClusterImpl (MiniOzoneClusterImpl.java:lambda$waitForClusterToBeReady$0(224)) - Nodes are ready. Got 3 of 3 DN Heartbeats.
2021-05-31 14:16:32,762 [Listener at 127.0.0.1/11372] INFO  ozone.MiniOzoneClusterImpl (MiniOzoneClusterImpl.java:lambda$waitForClusterToBeReady$0(227)) - Waiting for cluster to exit safe mode
2021-05-31 14:16:32,762 [Listener at 127.0.0.1/11372] INFO  ozone.MiniOzoneClusterImpl (MiniOzoneClusterImpl.java:lambda$waitForClusterToBeReady$0(230)) - SCM became leader
2021-05-31 14:16:33,762 [Listener at 127.0.0.1/11372] INFO  ozone.MiniOzoneClusterImpl (MiniOzoneClusterImpl.java:lambda$waitForClusterToBeReady$0(224)) - Nodes are ready. Got 3 of 3 DN Heartbeats.
2021-05-31 14:16:33,763 [Listener at 127.0.0.1/11372] INFO  ozone.MiniOzoneClusterImpl (MiniOzoneClusterImpl.java:lambda$waitForClusterToBeReady$0(227)) - Waiting for cluster to exit safe mode
2021-05-31 14:16:33,763 [Listener at 127.0.0.1/11372] INFO  ozone.MiniOzoneClusterImpl (MiniOzoneClusterImpl.java:lambda$waitForClusterToBeReady$0(230)) - SCM became leader
2021-05-31 14:16:34,473 [Command processor thread] INFO  server.RaftServer (RaftServerProxy.java:addNew(95)) - e4951dd4-f4df-4d2e-bd67-fe61550133c1: addNew group-11FC884FF120:[e4951dd4-f4df-4d2e-bd67-fe61550133c1|rpc:127.0.0.1:42453|priority:1] returns group-11FC884FF120:java.util.concurrent.CompletableFuture@4da49cde[Not completed]
2021-05-31 14:16:34,494 [EndpointStateMachine task thread for /127.0.0.1:14181 - 0 ] WARN  statemachine.EndpointStateMachine (EndpointStateMachine.java:logIfNeeded(236)) - Unable to communicate to SCM server at 127.0.0.1:14181 for past 0 seconds.
java.net.SocketTimeoutException: Call From fv-az148-586/10.1.0.41 to localhost:14181 failed on socket timeout exception: java.net.SocketTimeoutException: 5000 millis timeout while waiting for channel to be ready for read. ch : java.nio.channels.SocketChannel[connected local=/127.0.0.1:42246 remote=/127.0.0.1:14181]; For more details see:  http://wiki.apache.org/hadoop/SocketTimeout
	at sun.reflect.NativeConstructorAccessorImpl.newInstance0(Native Method)
	at sun.reflect.NativeConstructorAccessorImpl.newInstance(NativeConstructorAccessorImpl.java:62)
	at sun.reflect.DelegatingConstructorAccessorImpl.newInstance(DelegatingConstructorAccessorImpl.java:45)
	at java.lang.reflect.Constructor.newInstance(Constructor.java:423)
	at org.apache.hadoop.net.NetUtils.wrapWithMessage(NetUtils.java:836)
	at org.apache.hadoop.net.NetUtils.wrapException(NetUtils.java:780)
	at org.apache.hadoop.ipc.Client.getRpcResponse(Client.java:1566)
	at org.apache.hadoop.ipc.Client.call(Client.java:1508)
	at org.apache.hadoop.ipc.Client.call(Client.java:1405)
	at org.apache.hadoop.ipc.ProtobufRpcEngine$Invoker.invoke(ProtobufRpcEngine.java:233)
	at org.apache.hadoop.ipc.ProtobufRpcEngine$Invoker.invoke(ProtobufRpcEngine.java:118)
	at com.sun.proxy.$Proxy45.submitRequest(Unknown Source)
	at org.apache.hadoop.ozone.protocolPB.StorageContainerDatanodeProtocolClientSideTranslatorPB.submitRequest(StorageContainerDatanodeProtocolClientSideTranslatorPB.java:117)
	at org.apache.hadoop.ozone.protocolPB.StorageContainerDatanodeProtocolClientSideTranslatorPB.getVersion(StorageContainerDatanodeProtocolClientSideTranslatorPB.java:133)
	at org.apache.hadoop.ozone.container.common.states.endpoint.VersionEndpointTask.call(VersionEndpointTask.java:70)
	at org.apache.hadoop.ozone.container.common.states.endpoint.VersionEndpointTask.call(VersionEndpointTask.java:41)
	at java.util.concurrent.FutureTask.run(FutureTask.java:266)
	at java.util.concurrent.ThreadPoolExecutor.runWorker(ThreadPoolExecutor.java:1149)
	at java.util.concurrent.ThreadPoolExecutor$Worker.run(ThreadPoolExecutor.java:624)
	at java.lang.Thread.run(Thread.java:748)
Caused by: java.net.SocketTimeoutException: 5000 millis timeout while waiting for channel to be ready for read. ch : java.nio.channels.SocketChannel[connected local=/127.0.0.1:42246 remote=/127.0.0.1:14181]
	at org.apache.hadoop.net.SocketIOWithTimeout.doIO(SocketIOWithTimeout.java:164)
	at org.apache.hadoop.net.SocketInputStream.read(SocketInputStream.java:161)
	at org.apache.hadoop.net.SocketInputStream.read(SocketInputStream.java:131)
	at java.io.FilterInputStream.read(FilterInputStream.java:133)
	at java.io.BufferedInputStream.fill(BufferedInputStream.java:246)
	at java.io.BufferedInputStream.read(BufferedInputStream.java:265)
	at java.io.FilterInputStream.read(FilterInputStream.java:83)
	at java.io.FilterInputStream.read(FilterInputStream.java:83)
	at org.apache.hadoop.ipc.Client$Connection$PingInputStream.read(Client.java:562)
	at java.io.DataInputStream.readInt(DataInputStream.java:387)
	at org.apache.hadoop.ipc.Client$IpcStreams.readResponse(Client.java:1880)
	at org.apache.hadoop.ipc.Client$Connection.receiveRpcResponse(Client.java:1191)
	at org.apache.hadoop.ipc.Client$Connection.run(Client.java:1087)
2021-05-31 14:16:34,496 [EndpointStateMachine task thread for /127.0.0.1:14181 - 0 ] WARN  statemachine.EndpointStateMachine (EndpointStateMachine.java:logIfNeeded(236)) - Unable to communicate to SCM server at 127.0.0.1:14181 for past 0 seconds.
java.net.SocketTimeoutException: Call From fv-az148-586/10.1.0.41 to localhost:14181 failed on socket timeout exception: java.net.SocketTimeoutException: 5000 millis timeout while waiting for channel to be ready for read. ch : java.nio.channels.SocketChannel[connected local=/127.0.0.1:42246 remote=/127.0.0.1:14181]; For more details see:  http://wiki.apache.org/hadoop/SocketTimeout
	at sun.reflect.NativeConstructorAccessorImpl.newInstance0(Native Method)
	at sun.reflect.NativeConstructorAccessorImpl.newInstance(NativeConstructorAccessorImpl.java:62)
	at sun.reflect.DelegatingConstructorAccessorImpl.newInstance(DelegatingConstructorAccessorImpl.java:45)
	at java.lang.reflect.Constructor.newInstance(Constructor.java:423)
	at org.apache.hadoop.net.NetUtils.wrapWithMessage(NetUtils.java:836)
	at org.apache.hadoop.net.NetUtils.wrapException(NetUtils.java:780)
	at org.apache.hadoop.ipc.Client.getRpcResponse(Client.java:1566)
	at org.apache.hadoop.ipc.Client.call(Client.java:1508)
	at org.apache.hadoop.ipc.Client.call(Client.java:1405)
	at org.apache.hadoop.ipc.ProtobufRpcEngine$Invoker.invoke(ProtobufRpcEngine.java:233)
	at org.apache.hadoop.ipc.ProtobufRpcEngine$Invoker.invoke(ProtobufRpcEngine.java:118)
	at com.sun.proxy.$Proxy45.submitRequest(Unknown Source)
	at org.apache.hadoop.ozone.protocolPB.StorageContainerDatanodeProtocolClientSideTranslatorPB.submitRequest(StorageContainerDatanodeProtocolClientSideTranslatorPB.java:117)
	at org.apache.hadoop.ozone.protocolPB.StorageContainerDatanodeProtocolClientSideTranslatorPB.getVersion(StorageContainerDatanodeProtocolClientSideTranslatorPB.java:133)
	at org.apache.hadoop.ozone.container.common.states.endpoint.VersionEndpointTask.call(VersionEndpointTask.java:70)
	at org.apache.hadoop.ozone.container.common.states.endpoint.VersionEndpointTask.call(VersionEndpointTask.java:41)
	at java.util.concurrent.FutureTask.run(FutureTask.java:266)
	at java.util.concurrent.ThreadPoolExecutor.runWorker(ThreadPoolExecutor.java:1149)
	at java.util.concurrent.ThreadPoolExecutor$Worker.run(ThreadPoolExecutor.java:624)
	at java.lang.Thread.run(Thread.java:748)
Caused by: java.net.SocketTimeoutException: 5000 millis timeout while waiting for channel to be ready for read. ch : java.nio.channels.SocketChannel[connected local=/127.0.0.1:42246 remote=/127.0.0.1:14181]
	at org.apache.hadoop.net.SocketIOWithTimeout.doIO(SocketIOWithTimeout.java:164)
	at org.apache.hadoop.net.SocketInputStream.read(SocketInputStream.java:161)
	at org.apache.hadoop.net.SocketInputStream.read(SocketInputStream.java:131)
	at java.io.FilterInputStream.read(FilterInputStream.java:133)
	at java.io.BufferedInputStream.fill(BufferedInputStream.java:246)
	at java.io.BufferedInputStream.read(BufferedInputStream.java:265)
	at java.io.FilterInputStream.read(FilterInputStream.java:83)
	at java.io.FilterInputStream.read(FilterInputStream.java:83)
	at org.apache.hadoop.ipc.Client$Connection$PingInputStream.read(Client.java:562)
	at java.io.DataInputStream.readInt(DataInputStream.java:387)
	at org.apache.hadoop.ipc.Client$IpcStreams.readResponse(Client.java:1880)
	at org.apache.hadoop.ipc.Client$Connection.receiveRpcResponse(Client.java:1191)
	at org.apache.hadoop.ipc.Client$Connection.run(Client.java:1087)
2021-05-31 14:16:34,505 [EndpointStateMachine task thread for /127.0.0.1:14181 - 0 ] WARN  statemachine.EndpointStateMachine (EndpointStateMachine.java:logIfNeeded(236)) - Unable to communicate to SCM server at localhost:14181 for past 0 seconds.
java.net.SocketTimeoutException: Call From fv-az148-586/10.1.0.41 to localhost:14181 failed on socket timeout exception: java.net.SocketTimeoutException: 5000 millis timeout while waiting for channel to be ready for read. ch : java.nio.channels.SocketChannel[connected local=/127.0.0.1:42246 remote=/127.0.0.1:14181]; For more details see:  http://wiki.apache.org/hadoop/SocketTimeout
	at sun.reflect.NativeConstructorAccessorImpl.newInstance0(Native Method)
	at sun.reflect.NativeConstructorAccessorImpl.newInstance(NativeConstructorAccessorImpl.java:62)
	at sun.reflect.DelegatingConstructorAccessorImpl.newInstance(DelegatingConstructorAccessorImpl.java:45)
	at java.lang.reflect.Constructor.newInstance(Constructor.java:423)
	at org.apache.hadoop.net.NetUtils.wrapWithMessage(NetUtils.java:836)
	at org.apache.hadoop.net.NetUtils.wrapException(NetUtils.java:780)
	at org.apache.hadoop.ipc.Client.getRpcResponse(Client.java:1566)
	at org.apache.hadoop.ipc.Client.call(Client.java:1508)
	at org.apache.hadoop.ipc.Client.call(Client.java:1405)
	at org.apache.hadoop.ipc.ProtobufRpcEngine$Invoker.invoke(ProtobufRpcEngine.java:233)
	at org.apache.hadoop.ipc.ProtobufRpcEngine$Invoker.invoke(ProtobufRpcEngine.java:118)
	at com.sun.proxy.$Proxy45.submitRequest(Unknown Source)
	at org.apache.hadoop.ozone.protocolPB.StorageContainerDatanodeProtocolClientSideTranslatorPB.submitRequest(StorageContainerDatanodeProtocolClientSideTranslatorPB.java:117)
	at org.apache.hadoop.ozone.protocolPB.StorageContainerDatanodeProtocolClientSideTranslatorPB.getVersion(StorageContainerDatanodeProtocolClientSideTranslatorPB.java:133)
	at org.apache.hadoop.ozone.container.common.states.endpoint.VersionEndpointTask.call(VersionEndpointTask.java:70)
	at org.apache.hadoop.ozone.container.common.states.endpoint.VersionEndpointTask.call(VersionEndpointTask.java:41)
	at java.util.concurrent.FutureTask.run(FutureTask.java:266)
	at java.util.concurrent.ThreadPoolExecutor.runWorker(ThreadPoolExecutor.java:1149)
	at java.util.concurrent.ThreadPoolExecutor$Worker.run(ThreadPoolExecutor.java:624)
	at java.lang.Thread.run(Thread.java:748)
Caused by: java.net.SocketTimeoutException: 5000 millis timeout while waiting for channel to be ready for read. ch : java.nio.channels.SocketChannel[connected local=/127.0.0.1:42246 remote=/127.0.0.1:14181]
	at org.apache.hadoop.net.SocketIOWithTimeout.doIO(SocketIOWithTimeout.java:164)
	at org.apache.hadoop.net.SocketInputStream.read(SocketInputStream.java:161)
	at org.apache.hadoop.net.SocketInputStream.read(SocketInputStream.java:131)
	at java.io.FilterInputStream.read(FilterInputStream.java:133)
	at java.io.BufferedInputStream.fill(BufferedInputStream.java:246)
	at java.io.BufferedInputStream.read(BufferedInputStream.java:265)
	at java.io.FilterInputStream.read(FilterInputStream.java:83)
	at java.io.FilterInputStream.read(FilterInputStream.java:83)
	at org.apache.hadoop.ipc.Client$Connection$PingInputStream.read(Client.java:562)
	at java.io.DataInputStream.readInt(DataInputStream.java:387)
	at org.apache.hadoop.ipc.Client$IpcStreams.readResponse(Client.java:1880)
	at org.apache.hadoop.ipc.Client$Connection.receiveRpcResponse(Client.java:1191)
	at org.apache.hadoop.ipc.Client$Connection.run(Client.java:1087)
2021-05-31 14:16:34,512 [pool-86-thread-1] INFO  server.RaftServer$Division (RaftServerImpl.java:<init>(180)) - e4951dd4-f4df-4d2e-bd67-fe61550133c1: new RaftServerImpl for group-11FC884FF120:[e4951dd4-f4df-4d2e-bd67-fe61550133c1|rpc:127.0.0.1:42453|priority:1] with ContainerStateMachine:uninitialized
2021-05-31 14:16:34,516 [pool-86-thread-1] INFO  server.RaftServerConfigKeys (ConfUtils.java:logGet(44)) - raft.server.rpc.timeout.min = 5s (custom)
2021-05-31 14:16:34,516 [pool-86-thread-1] INFO  server.RaftServerConfigKeys (ConfUtils.java:logGet(44)) - raft.server.rpc.timeout.max = 5200ms (custom)
2021-05-31 14:16:34,516 [pool-86-thread-1] INFO  server.RaftServerConfigKeys (ConfUtils.java:logGet(44)) - raft.server.rpc.sleep.time = 25ms (default)
2021-05-31 14:16:34,516 [pool-86-thread-1] INFO  server.RaftServerConfigKeys (ConfUtils.java:logGet(44)) - raft.server.rpc.slowness.timeout = 300s (custom)
2021-05-31 14:16:34,516 [pool-86-thread-1] INFO  server.RaftServerConfigKeys (ConfUtils.java:logGet(44)) - raft.server.leaderelection.leader.step-down.wait-time = 10s (default)
2021-05-31 14:16:34,516 [pool-86-thread-1] INFO  server.RaftServerConfigKeys (ConfUtils.java:logGet(44)) - raft.server.sleep.deviation.threshold = 300ms (default)
2021-05-31 14:16:34,516 [pool-86-thread-1] INFO  server.RaftServerConfigKeys (ConfUtils.java:logGet(44)) - raft.server.log.appender.install.snapshot.enabled = false (custom)
2021-05-31 14:16:34,516 [pool-86-thread-1] INFO  server.RaftServer$Division (ServerState.java:<init>(105)) - e4951dd4-f4df-4d2e-bd67-fe61550133c1@group-11FC884FF120: ConfigurationManager, init=-1: [e4951dd4-f4df-4d2e-bd67-fe61550133c1|rpc:127.0.0.1:42453|priority:1], old=null, confs=<EMPTY_MAP>
2021-05-31 14:16:34,517 [pool-86-thread-1] INFO  server.RaftServerConfigKeys (ConfUtils.java:logGet(44)) - raft.server.storage.dir = [/home/runner/work/ozone/ozone/mnt/ozone/hadoop-ozone/integration-test/target/test-dir/MiniOzoneClusterImpl-54085720-bde5-45d4-8ce8-a7ad55ee2c31/datanode-0/data/ratis] (custom)
2021-05-31 14:16:34,517 [pool-86-thread-1] INFO  server.RaftServerConfigKeys (ConfUtils.java:logGet(44)) - raft.server.log.corruption.policy = EXCEPTION (default)
2021-05-31 14:16:34,517 [pool-86-thread-1] INFO  storage.RaftStorageDirectory (RaftStorageDirectoryImpl.java:analyzeStorage(132)) - The storage directory /home/runner/work/ozone/ozone/mnt/ozone/hadoop-ozone/integration-test/target/test-dir/MiniOzoneClusterImpl-54085720-bde5-45d4-8ce8-a7ad55ee2c31/datanode-0/data/ratis/0f7cccd9-3de2-4576-b761-11fc884ff120 does not exist. Creating ...
2021-05-31 14:16:34,518 [pool-86-thread-1] INFO  storage.RaftStorageDirectory (RaftStorageDirectoryImpl.java:tryLock(215)) - Lock on /home/runner/work/ozone/ozone/mnt/ozone/hadoop-ozone/integration-test/target/test-dir/MiniOzoneClusterImpl-54085720-bde5-45d4-8ce8-a7ad55ee2c31/datanode-0/data/ratis/0f7cccd9-3de2-4576-b761-11fc884ff120/in_use.lock acquired by nodename 5470@fv-az148-586
2021-05-31 14:16:34,519 [pool-86-thread-1] INFO  storage.RaftStorage (RaftStorageImpl.java:format(87)) - Storage directory /home/runner/work/ozone/ozone/mnt/ozone/hadoop-ozone/integration-test/target/test-dir/MiniOzoneClusterImpl-54085720-bde5-45d4-8ce8-a7ad55ee2c31/datanode-0/data/ratis/0f7cccd9-3de2-4576-b761-11fc884ff120 has been successfully formatted.
2021-05-31 14:16:34,523 [pool-86-thread-1] INFO  ratis.ContainerStateMachine (ContainerStateMachine.java:loadSnapshot(224)) - group-11FC884FF120: The snapshot info is null. Setting the last applied indexto:(t:0, i:~)
2021-05-31 14:16:34,525 [pool-86-thread-1] INFO  server.RaftServerConfigKeys (ConfUtils.java:logGet(44)) - raft.server.notification.no-leader.timeout = 300s (custom)
2021-05-31 14:16:34,525 [pool-86-thread-1] INFO  server.RaftServerConfigKeys (ConfUtils.java:logGet(44)) - raft.server.log.use.memory = false (default)
2021-05-31 14:16:34,525 [pool-86-thread-1] INFO  server.RaftServerConfigKeys (ConfUtils.java:logGet(44)) - raft.server.log.purge.gap = 1000000 (custom)
2021-05-31 14:16:34,525 [pool-86-thread-1] INFO  server.RaftServerConfigKeys (ConfUtils.java:logGet(44)) - raft.server.log.appender.buffer.byte-limit = 33554432 (custom)
2021-05-31 14:16:34,525 [pool-86-thread-1] INFO  metrics.RatisMetrics (RatisMetrics.java:lambda$create$0(36)) - Creating Metrics Registry : ratis.log_worker.e4951dd4-f4df-4d2e-bd67-fe61550133c1@group-11FC884FF120
2021-05-31 14:16:34,525 [pool-86-thread-1] INFO  server.RaftServerConfigKeys (ConfUtils.java:logGet(44)) - raft.server.log.segment.size.max = 1048576 (custom)
2021-05-31 14:16:34,527 [pool-86-thread-1] INFO  server.RaftServerConfigKeys (ConfUtils.java:logGet(44)) - raft.server.log.segment.cache.num.max = 2 (custom)
2021-05-31 14:16:34,527 [pool-86-thread-1] INFO  server.RaftServerConfigKeys (ConfUtils.java:logGet(44)) - raft.server.log.segment.cache.size.max = 200MB (=209715200) (default)
2021-05-31 14:16:34,527 [pool-86-thread-1] INFO  segmented.SegmentedRaftLogWorker (SegmentedRaftLogWorker.java:<init>(182)) - new e4951dd4-f4df-4d2e-bd67-fe61550133c1@group-11FC884FF120-SegmentedRaftLogWorker for RaftStorageImpl:Storage Directory /home/runner/work/ozone/ozone/mnt/ozone/hadoop-ozone/integration-test/target/test-dir/MiniOzoneClusterImpl-54085720-bde5-45d4-8ce8-a7ad55ee2c31/datanode-0/data/ratis/0f7cccd9-3de2-4576-b761-11fc884ff120
2021-05-31 14:16:34,527 [pool-86-thread-1] INFO  server.RaftServerConfigKeys (ConfUtils.java:logGet(44)) - raft.server.log.queue.byte-limit = 2147483647 (custom)
2021-05-31 14:16:34,527 [pool-86-thread-1] INFO  server.RaftServerConfigKeys (ConfUtils.java:logGet(44)) - raft.server.log.queue.element-limit = 1024 (custom)
2021-05-31 14:16:34,527 [pool-86-thread-1] INFO  server.RaftServerConfigKeys (ConfUtils.java:logGet(44)) - raft.server.log.segment.size.max = 1048576 (custom)
2021-05-31 14:16:34,527 [pool-86-thread-1] INFO  server.RaftServerConfigKeys (ConfUtils.java:logGet(44)) - raft.server.log.preallocated.size = 16384 (custom)
2021-05-31 14:16:34,527 [pool-86-thread-1] INFO  server.RaftServerConfigKeys (ConfUtils.java:logGet(44)) - raft.server.log.force.sync.num = 128 (default)
2021-05-31 14:16:34,535 [pool-86-thread-1] INFO  server.RaftServerConfigKeys (ConfUtils.java:logGet(44)) - raft.server.log.statemachine.data.sync = true (default)
2021-05-31 14:16:34,535 [pool-86-thread-1] INFO  server.RaftServerConfigKeys (ConfUtils.java:logGet(44)) - raft.server.log.statemachine.data.sync.timeout = 10s (default)
2021-05-31 14:16:34,536 [pool-86-thread-1] INFO  server.RaftServerConfigKeys (ConfUtils.java:logGet(44)) - raft.server.log.statemachine.data.sync.timeout.retry = -1 (default)
2021-05-31 14:16:34,537 [pool-86-thread-1] INFO  server.RaftServerConfigKeys (ConfUtils.java:logGet(44)) - raft.server.log.write.buffer.size = 1048576 (custom)
2021-05-31 14:16:34,537 [pool-86-thread-1] INFO  server.RaftServerConfigKeys (ConfUtils.java:logGet(44)) - raft.server.log.statemachine.data.caching.enabled = true (custom)
2021-05-31 14:16:34,538 [pool-86-thread-1] INFO  segmented.SegmentedRaftLogWorker (SegmentedRaftLogWorker.java:lambda$new$0(133)) - e4951dd4-f4df-4d2e-bd67-fe61550133c1@group-11FC884FF120-SegmentedRaftLogWorker: flushIndex: setUnconditionally 0 -> -1
2021-05-31 14:16:34,538 [pool-86-thread-1] INFO  segmented.SegmentedRaftLogWorker (SegmentedRaftLogWorker.java:lambda$new$0(133)) - e4951dd4-f4df-4d2e-bd67-fe61550133c1@group-11FC884FF120-SegmentedRaftLogWorker: safeCacheEvictIndex: setUnconditionally 0 -> -1
2021-05-31 14:16:34,539 [pool-86-thread-1] INFO  server.RaftServerConfigKeys (ConfUtils.java:logGet(44)) - raft.server.snapshot.auto.trigger.enabled = true (custom)
2021-05-31 14:16:34,539 [pool-86-thread-1] INFO  server.RaftServerConfigKeys (ConfUtils.java:logGet(44)) - raft.server.snapshot.auto.trigger.threshold = 10000 (custom)
2021-05-31 14:16:34,539 [pool-86-thread-1] INFO  server.RaftServerConfigKeys (ConfUtils.java:logGet(44)) - raft.server.snapshot.retention.file.num = 5 (custom)
2021-05-31 14:16:34,540 [pool-86-thread-1] INFO  server.RaftServerConfigKeys (ConfUtils.java:logGet(44)) - raft.server.log.purge.upto.snapshot.index = false (default)
2021-05-31 14:16:34,540 [pool-86-thread-1] INFO  server.RaftServerConfigKeys (ConfUtils.java:logGet(44)) - raft.server.retrycache.expirytime = 600000ms (custom)
2021-05-31 14:16:34,540 [pool-86-thread-1] INFO  server.RaftServerConfigKeys (ConfUtils.java:logGet(44)) - raft.server.retrycache.statistics.expirytime = 100μs (default)
2021-05-31 14:16:34,540 [pool-86-thread-1] INFO  metrics.RatisMetrics (RatisMetrics.java:lambda$create$0(36)) - Creating Metrics Registry : ratis.leader_election.e4951dd4-f4df-4d2e-bd67-fe61550133c1@group-11FC884FF120
2021-05-31 14:16:34,543 [pool-86-thread-1] INFO  metrics.RatisMetrics (RatisMetrics.java:lambda$create$0(36)) - Creating Metrics Registry : ratis.server.e4951dd4-f4df-4d2e-bd67-fe61550133c1@group-11FC884FF120
2021-05-31 14:16:34,549 [EventQueue-PipelineReportForOneReplicaPipelineSafeModeRule] INFO  safemode.SCMSafeModeManager (SCMSafeModeManager.java:validateSafeModeExitRules(201)) - AtleastOneDatanodeReportedRule rule is successfully validated
2021-05-31 14:16:34,549 [EventQueue-PipelineReportForPipelineReportHandler] INFO  pipeline.PipelineManagerV2Impl (PipelineManagerV2Impl.java:openPipeline(270)) - Pipeline Pipeline[ Id: 0f7cccd9-3de2-4576-b761-11fc884ff120, Nodes: e4951dd4-f4df-4d2e-bd67-fe61550133c1{ip: 127.0.0.1, host: localhost, ports: [REPLICATION=41577, RATIS=42453, RATIS_ADMIN=42453, RATIS_SERVER=42453, STANDALONE=44877], networkLocation: /default-rack, certSerialId: null, persistedOpState: IN_SERVICE, persistedOpStateExpiryEpochSec: 0}, ReplicationConfig: RATIS/ONE, State:ALLOCATED, leaderId:e4951dd4-f4df-4d2e-bd67-fe61550133c1, CreationTimestamp2021-05-31T14:16:31.528Z] moved to OPEN state
2021-05-31 14:16:34,555 [EventQueue-PipelineReportForPipelineReportHandler] INFO  ha.SCMHAInvocationHandler (SCMHAInvocationHandler.java:invokeRatis(113)) - Invoking method public abstract void org.apache.hadoop.hdds.scm.pipeline.StateManager.updatePipelineState(org.apache.hadoop.hdds.protocol.proto.HddsProtos$PipelineID,org.apache.hadoop.hdds.protocol.proto.HddsProtos$PipelineState) throws java.io.IOException on target org.apache.hadoop.hdds.scm.ha.SCMRatisServerImpl@79071c14, cost 3386.859us
2021-05-31 14:16:34,557 [EventQueue-PipelineReportForPipelineReportHandler] ERROR pipeline.PipelineReportHandler (PipelineReportHandler.java:onMessage(93)) - Could not process pipeline report=pipelineID {
  id: "0f7cccd9-3de2-4576-b761-11fc884ff120"
  uuid128 {
    mostSigBits: 1115992041099249014
    leastSigBits: -5232881515711434464
  }
}
isLeader: false
bytesWritten: 0
 from dn=e4951dd4-f4df-4d2e-bd67-fe61550133c1{ip: 127.0.0.1, host: localhost, ports: [REPLICATION=41577, RATIS=42453, RATIS_ADMIN=42453, RATIS_SERVER=42453, STANDALONE=44877], networkLocation: /default-rack, certSerialId: null, persistedOpState: null, persistedOpStateExpiryEpochSec: 0}.
org.apache.ratis.protocol.exceptions.NotLeaderException: Server fc8d0b26-40fd-4e75-8432-30636972f5a2@group-A7AD55EE2C31 is not the leader 86c596a3-6f32-42a0-9237-c69d9bdf2958|rpc:localhost:14160|admin:|client:|dataStream:|priority:0
	at org.apache.ratis.server.impl.RaftServerImpl.generateNotLeaderException(RaftServerImpl.java:661)
	at org.apache.ratis.server.impl.RaftServerImpl.checkLeaderState(RaftServerImpl.java:626)
	at org.apache.ratis.server.impl.RaftServerImpl.submitClientRequestAsync(RaftServerImpl.java:754)
	at org.apache.ratis.server.impl.RaftServerProxy.lambda$submitClientRequestAsync$9(RaftServerProxy.java:417)
	at org.apache.ratis.server.impl.RaftServerProxy.lambda$null$7(RaftServerProxy.java:412)
	at org.apache.ratis.util.JavaUtils.callAsUnchecked(JavaUtils.java:115)
	at org.apache.ratis.server.impl.RaftServerProxy.lambda$submitRequest$8(RaftServerProxy.java:412)
	at java.util.concurrent.CompletableFuture.uniComposeStage(CompletableFuture.java:995)
	at java.util.concurrent.CompletableFuture.thenCompose(CompletableFuture.java:2137)
	at org.apache.ratis.server.impl.RaftServerProxy.submitRequest(RaftServerProxy.java:411)
	at org.apache.ratis.server.impl.RaftServerProxy.submitClientRequestAsync(RaftServerProxy.java:417)
	at org.apache.hadoop.hdds.scm.ha.SCMRatisServerImpl.submitRequest(SCMRatisServerImpl.java:214)
	at org.apache.hadoop.hdds.scm.ha.SCMHAInvocationHandler.invokeRatis(SCMHAInvocationHandler.java:110)
	at org.apache.hadoop.hdds.scm.ha.SCMHAInvocationHandler.invoke(SCMHAInvocationHandler.java:67)
	at com.sun.proxy.$Proxy22.updatePipelineState(Unknown Source)
	at org.apache.hadoop.hdds.scm.pipeline.PipelineManagerV2Impl.openPipeline(PipelineManagerV2Impl.java:271)
	at org.apache.hadoop.hdds.scm.pipeline.PipelineReportHandler.processPipelineReport(PipelineReportHandler.java:124)
	at org.apache.hadoop.hdds.scm.pipeline.PipelineReportHandler.onMessage(PipelineReportHandler.java:91)
	at org.apache.hadoop.hdds.scm.pipeline.PipelineReportHandler.onMessage(PipelineReportHandler.java:50)
	at org.apache.hadoop.hdds.server.events.SingleThreadExecutor.lambda$onMessage$1(SingleThreadExecutor.java:81)
	at java.util.concurrent.ThreadPoolExecutor.runWorker(ThreadPoolExecutor.java:1149)
	at java.util.concurrent.ThreadPoolExecutor$Worker.run(ThreadPoolExecutor.java:624)
	at java.lang.Thread.run(Thread.java:748)
2021-05-31 14:16:34,558 [pool-86-thread-1] INFO  server.RaftServer$Division (RaftServerImpl.java:start(295)) - e4951dd4-f4df-4d2e-bd67-fe61550133c1@group-11FC884FF120: start as a follower, conf=-1: [e4951dd4-f4df-4d2e-bd67-fe61550133c1|rpc:127.0.0.1:42453|priority:1], old=null
2021-05-31 14:16:34,560 [pool-86-thread-1] INFO  server.RaftServer$Division (RaftServerImpl.java:setRole(284)) - e4951dd4-f4df-4d2e-bd67-fe61550133c1@group-11FC884FF120: changes role from      null to FOLLOWER at term 0 for startAsFollower
2021-05-31 14:16:34,560 [pool-86-thread-1] INFO  impl.RoleInfo (RoleInfo.java:updateAndGet(130)) - e4951dd4-f4df-4d2e-bd67-fe61550133c1: start e4951dd4-f4df-4d2e-bd67-fe61550133c1@group-11FC884FF120-FollowerState
2021-05-31 14:16:34,565 [pool-86-thread-1] INFO  util.JmxRegister (JmxRegister.java:tryRegister(44)) - Successfully registered JMX Bean with object name Ratis:service=RaftServer,group=group-11FC884FF120,id=e4951dd4-f4df-4d2e-bd67-fe61550133c1
2021-05-31 14:16:34,565 [pool-86-thread-1] INFO  metrics.RatisMetrics (RatisMetrics.java:lambda$create$0(36)) - Creating Metrics Registry : ratis.state_machine.e4951dd4-f4df-4d2e-bd67-fe61550133c1@group-11FC884FF120
2021-05-31 14:16:34,568 [EventQueue-PipelineReportForPipelineReportHandler] INFO  pipeline.PipelineManagerV2Impl (PipelineManagerV2Impl.java:openPipeline(270)) - Pipeline Pipeline[ Id: 0f7cccd9-3de2-4576-b761-11fc884ff120, Nodes: e4951dd4-f4df-4d2e-bd67-fe61550133c1{ip: 127.0.0.1, host: localhost, ports: [REPLICATION=41577, RATIS=42453, RATIS_ADMIN=42453, RATIS_SERVER=42453, STANDALONE=44877], networkLocation: /default-rack, certSerialId: null, persistedOpState: IN_SERVICE, persistedOpStateExpiryEpochSec: 0}, ReplicationConfig: RATIS/ONE, State:ALLOCATED, leaderId:e4951dd4-f4df-4d2e-bd67-fe61550133c1, CreationTimestamp2021-05-31T14:16:31.528Z] moved to OPEN state
2021-05-31 14:16:34,568 [EventQueue-PipelineReportForOneReplicaPipelineSafeModeRule] INFO  safemode.SCMSafeModeManager (SCMSafeModeManager.java:validateSafeModeExitRules(201)) - AtleastOneDatanodeReportedRule rule is successfully validated
2021-05-31 14:16:34,569 [Command processor thread] INFO  ratis.XceiverServerRatis (XceiverServerRatis.java:addGroup(808)) - Created group PipelineID=0f7cccd9-3de2-4576-b761-11fc884ff120
2021-05-31 14:16:34,576 [Command processor thread] INFO  commandhandler.CreatePipelineCommandHandler (CreatePipelineCommandHandler.java:handle(106)) - Created Pipeline RATIS ONE PipelineID=0f7cccd9-3de2-4576-b761-11fc884ff120.
2021-05-31 14:16:34,577 [Command processor thread] INFO  server.RaftServer (RaftServerProxy.java:addNew(95)) - e4951dd4-f4df-4d2e-bd67-fe61550133c1: addNew group-249122FFF215:[21f06eab-63c8-43fd-b305-f7c41bc87438|rpc:127.0.0.1:43533|priority:0, e4951dd4-f4df-4d2e-bd67-fe61550133c1|rpc:127.0.0.1:42453|priority:0, bda778da-51f4-4847-bee0-b4babae878aa|rpc:127.0.0.1:32951|priority:1] returns group-249122FFF215:java.util.concurrent.CompletableFuture@48b55994[Not completed]
2021-05-31 14:16:34,577 [pool-86-thread-1] INFO  server.RaftServer$Division (RaftServerImpl.java:<init>(180)) - e4951dd4-f4df-4d2e-bd67-fe61550133c1: new RaftServerImpl for group-249122FFF215:[21f06eab-63c8-43fd-b305-f7c41bc87438|rpc:127.0.0.1:43533|priority:0, e4951dd4-f4df-4d2e-bd67-fe61550133c1|rpc:127.0.0.1:42453|priority:0, bda778da-51f4-4847-bee0-b4babae878aa|rpc:127.0.0.1:32951|priority:1] with ContainerStateMachine:uninitialized
2021-05-31 14:16:34,578 [pool-86-thread-1] INFO  server.RaftServerConfigKeys (ConfUtils.java:logGet(44)) - raft.server.rpc.timeout.min = 5s (custom)
2021-05-31 14:16:34,578 [pool-86-thread-1] INFO  server.RaftServerConfigKeys (ConfUtils.java:logGet(44)) - raft.server.rpc.timeout.max = 5200ms (custom)
2021-05-31 14:16:34,578 [pool-86-thread-1] INFO  server.RaftServerConfigKeys (ConfUtils.java:logGet(44)) - raft.server.rpc.sleep.time = 25ms (default)
2021-05-31 14:16:34,578 [pool-86-thread-1] INFO  server.RaftServerConfigKeys (ConfUtils.java:logGet(44)) - raft.server.rpc.slowness.timeout = 300s (custom)
2021-05-31 14:16:34,578 [pool-86-thread-1] INFO  server.RaftServerConfigKeys (ConfUtils.java:logGet(44)) - raft.server.leaderelection.leader.step-down.wait-time = 10s (default)
2021-05-31 14:16:34,578 [pool-86-thread-1] INFO  server.RaftServerConfigKeys (ConfUtils.java:logGet(44)) - raft.server.sleep.deviation.threshold = 300ms (default)
2021-05-31 14:16:34,578 [pool-86-thread-1] INFO  server.RaftServerConfigKeys (ConfUtils.java:logGet(44)) - raft.server.log.appender.install.snapshot.enabled = false (custom)
2021-05-31 14:16:34,578 [pool-86-thread-1] INFO  server.RaftServer$Division (ServerState.java:<init>(105)) - e4951dd4-f4df-4d2e-bd67-fe61550133c1@group-249122FFF215: ConfigurationManager, init=-1: [21f06eab-63c8-43fd-b305-f7c41bc87438|rpc:127.0.0.1:43533|priority:0, e4951dd4-f4df-4d2e-bd67-fe61550133c1|rpc:127.0.0.1:42453|priority:0, bda778da-51f4-4847-bee0-b4babae878aa|rpc:127.0.0.1:32951|priority:1], old=null, confs=<EMPTY_MAP>
2021-05-31 14:16:34,578 [pool-86-thread-1] INFO  server.RaftServerConfigKeys (ConfUtils.java:logGet(44)) - raft.server.storage.dir = [/home/runner/work/ozone/ozone/mnt/ozone/hadoop-ozone/integration-test/target/test-dir/MiniOzoneClusterImpl-54085720-bde5-45d4-8ce8-a7ad55ee2c31/datanode-0/data/ratis] (custom)
2021-05-31 14:16:34,578 [pool-86-thread-1] INFO  server.RaftServerConfigKeys (ConfUtils.java:logGet(44)) - raft.server.log.corruption.policy = EXCEPTION (default)
2021-05-31 14:16:34,578 [pool-86-thread-1] INFO  storage.RaftStorageDirectory (RaftStorageDirectoryImpl.java:analyzeStorage(132)) - The storage directory /home/runner/work/ozone/ozone/mnt/ozone/hadoop-ozone/integration-test/target/test-dir/MiniOzoneClusterImpl-54085720-bde5-45d4-8ce8-a7ad55ee2c31/datanode-0/data/ratis/95a153cd-5601-43af-81b8-249122fff215 does not exist. Creating ...
2021-05-31 14:16:34,580 [EventQueue-PipelineReportForPipelineReportHandler] INFO  ha.SCMHAInvocationHandler (SCMHAInvocationHandler.java:invokeRatis(113)) - Invoking method public abstract void org.apache.hadoop.hdds.scm.pipeline.StateManager.updatePipelineState(org.apache.hadoop.hdds.protocol.proto.HddsProtos$PipelineID,org.apache.hadoop.hdds.protocol.proto.HddsProtos$PipelineState) throws java.io.IOException on target org.apache.hadoop.hdds.scm.ha.SCMRatisServerImpl@208eb941, cost 11185.998us
2021-05-31 14:16:34,580 [pool-86-thread-1] INFO  storage.RaftStorageDirectory (RaftStorageDirectoryImpl.java:tryLock(215)) - Lock on /home/runner/work/ozone/ozone/mnt/ozone/hadoop-ozone/integration-test/target/test-dir/MiniOzoneClusterImpl-54085720-bde5-45d4-8ce8-a7ad55ee2c31/datanode-0/data/ratis/95a153cd-5601-43af-81b8-249122fff215/in_use.lock acquired by nodename 5470@fv-az148-586
2021-05-31 14:16:34,582 [pool-86-thread-1] INFO  storage.RaftStorage (RaftStorageImpl.java:format(87)) - Storage directory /home/runner/work/ozone/ozone/mnt/ozone/hadoop-ozone/integration-test/target/test-dir/MiniOzoneClusterImpl-54085720-bde5-45d4-8ce8-a7ad55ee2c31/datanode-0/data/ratis/95a153cd-5601-43af-81b8-249122fff215 has been successfully formatted.
2021-05-31 14:16:34,596 [pool-86-thread-1] INFO  ratis.ContainerStateMachine (ContainerStateMachine.java:loadSnapshot(224)) - group-249122FFF215: The snapshot info is null. Setting the last applied indexto:(t:0, i:~)
2021-05-31 14:16:34,597 [pool-86-thread-1] INFO  server.RaftServerConfigKeys (ConfUtils.java:logGet(44)) - raft.server.notification.no-leader.timeout = 300s (custom)
2021-05-31 14:16:34,597 [pool-86-thread-1] INFO  server.RaftServerConfigKeys (ConfUtils.java:logGet(44)) - raft.server.log.use.memory = false (default)
2021-05-31 14:16:34,597 [pool-86-thread-1] INFO  server.RaftServerConfigKeys (ConfUtils.java:logGet(44)) - raft.server.log.purge.gap = 1000000 (custom)
2021-05-31 14:16:34,597 [pool-86-thread-1] INFO  server.RaftServerConfigKeys (ConfUtils.java:logGet(44)) - raft.server.log.appender.buffer.byte-limit = 33554432 (custom)
2021-05-31 14:16:34,597 [pool-86-thread-1] INFO  metrics.RatisMetrics (RatisMetrics.java:lambda$create$0(36)) - Creating Metrics Registry : ratis.log_worker.e4951dd4-f4df-4d2e-bd67-fe61550133c1@group-249122FFF215
2021-05-31 14:16:34,597 [pool-86-thread-1] INFO  server.RaftServerConfigKeys (ConfUtils.java:logGet(44)) - raft.server.log.segment.size.max = 1048576 (custom)
2021-05-31 14:16:34,598 [pool-86-thread-1] INFO  server.RaftServerConfigKeys (ConfUtils.java:logGet(44)) - raft.server.log.segment.cache.num.max = 2 (custom)
2021-05-31 14:16:34,598 [pool-86-thread-1] INFO  server.RaftServerConfigKeys (ConfUtils.java:logGet(44)) - raft.server.log.segment.cache.size.max = 200MB (=209715200) (default)
2021-05-31 14:16:34,598 [pool-86-thread-1] INFO  segmented.SegmentedRaftLogWorker (SegmentedRaftLogWorker.java:<init>(182)) - new e4951dd4-f4df-4d2e-bd67-fe61550133c1@group-249122FFF215-SegmentedRaftLogWorker for RaftStorageImpl:Storage Directory /home/runner/work/ozone/ozone/mnt/ozone/hadoop-ozone/integration-test/target/test-dir/MiniOzoneClusterImpl-54085720-bde5-45d4-8ce8-a7ad55ee2c31/datanode-0/data/ratis/95a153cd-5601-43af-81b8-249122fff215
2021-05-31 14:16:34,598 [pool-86-thread-1] INFO  server.RaftServerConfigKeys (ConfUtils.java:logGet(44)) - raft.server.log.queue.byte-limit = 2147483647 (custom)
2021-05-31 14:16:34,598 [pool-86-thread-1] INFO  server.RaftServerConfigKeys (ConfUtils.java:logGet(44)) - raft.server.log.queue.element-limit = 1024 (custom)
2021-05-31 14:16:34,598 [pool-86-thread-1] INFO  server.RaftServerConfigKeys (ConfUtils.java:logGet(44)) - raft.server.log.segment.size.max = 1048576 (custom)
2021-05-31 14:16:34,598 [pool-86-thread-1] INFO  server.RaftServerConfigKeys (ConfUtils.java:logGet(44)) - raft.server.log.preallocated.size = 16384 (custom)
2021-05-31 14:16:34,598 [pool-86-thread-1] INFO  server.RaftServerConfigKeys (ConfUtils.java:logGet(44)) - raft.server.log.force.sync.num = 128 (default)
2021-05-31 14:16:34,598 [pool-86-thread-1] INFO  server.RaftServerConfigKeys (ConfUtils.java:logGet(44)) - raft.server.log.statemachine.data.sync = true (default)
2021-05-31 14:16:34,598 [pool-86-thread-1] INFO  server.RaftServerConfigKeys (ConfUtils.java:logGet(44)) - raft.server.log.statemachine.data.sync.timeout = 10s (default)
2021-05-31 14:16:34,598 [pool-86-thread-1] INFO  server.RaftServerConfigKeys (ConfUtils.java:logGet(44)) - raft.server.log.statemachine.data.sync.timeout.retry = -1 (default)
2021-05-31 14:16:34,599 [pool-86-thread-1] INFO  server.RaftServerConfigKeys (ConfUtils.java:logGet(44)) - raft.server.log.write.buffer.size = 1048576 (custom)
2021-05-31 14:16:34,600 [pool-86-thread-1] INFO  server.RaftServerConfigKeys (ConfUtils.java:logGet(44)) - raft.server.log.statemachine.data.caching.enabled = true (custom)
2021-05-31 14:16:34,600 [pool-86-thread-1] INFO  segmented.SegmentedRaftLogWorker (SegmentedRaftLogWorker.java:lambda$new$0(133)) - e4951dd4-f4df-4d2e-bd67-fe61550133c1@group-249122FFF215-SegmentedRaftLogWorker: flushIndex: setUnconditionally 0 -> -1
2021-05-31 14:16:34,600 [pool-86-thread-1] INFO  segmented.SegmentedRaftLogWorker (SegmentedRaftLogWorker.java:lambda$new$0(133)) - e4951dd4-f4df-4d2e-bd67-fe61550133c1@group-249122FFF215-SegmentedRaftLogWorker: safeCacheEvictIndex: setUnconditionally 0 -> -1
2021-05-31 14:16:34,600 [EventQueue-OpenPipelineForHealthyPipelineSafeModeRule] INFO  safemode.SCMSafeModeManager (HealthyPipelineSafeModeRule.java:process(130)) - SCM in safe mode. Healthy pipelines reported count is 0, required healthy pipeline reported count is 1
2021-05-31 14:16:34,612 [pool-86-thread-1] INFO  server.RaftServerConfigKeys (ConfUtils.java:logGet(44)) - raft.server.snapshot.auto.trigger.enabled = true (custom)
2021-05-31 14:16:34,612 [pool-86-thread-1] INFO  server.RaftServerConfigKeys (ConfUtils.java:logGet(44)) - raft.server.snapshot.auto.trigger.threshold = 10000 (custom)
2021-05-31 14:16:34,612 [pool-86-thread-1] INFO  server.RaftServerConfigKeys (ConfUtils.java:logGet(44)) - raft.server.snapshot.retention.file.num = 5 (custom)
2021-05-31 14:16:34,612 [pool-86-thread-1] INFO  server.RaftServerConfigKeys (ConfUtils.java:logGet(44)) - raft.server.log.purge.upto.snapshot.index = false (default)
2021-05-31 14:16:34,612 [pool-86-thread-1] INFO  server.RaftServerConfigKeys (ConfUtils.java:logGet(44)) - raft.server.retrycache.expirytime = 600000ms (custom)
2021-05-31 14:16:34,612 [pool-86-thread-1] INFO  server.RaftServerConfigKeys (ConfUtils.java:logGet(44)) - raft.server.retrycache.statistics.expirytime = 100μs (default)
2021-05-31 14:16:34,612 [pool-86-thread-1] INFO  metrics.RatisMetrics (RatisMetrics.java:lambda$create$0(36)) - Creating Metrics Registry : ratis.leader_election.e4951dd4-f4df-4d2e-bd67-fe61550133c1@group-249122FFF215
2021-05-31 14:16:34,613 [pool-86-thread-1] INFO  metrics.RatisMetrics (RatisMetrics.java:lambda$create$0(36)) - Creating Metrics Registry : ratis.server.e4951dd4-f4df-4d2e-bd67-fe61550133c1@group-249122FFF215
2021-05-31 14:16:34,613 [pool-86-thread-1] INFO  server.RaftServer$Division (RaftServerImpl.java:start(295)) - e4951dd4-f4df-4d2e-bd67-fe61550133c1@group-249122FFF215: start as a follower, conf=-1: [21f06eab-63c8-43fd-b305-f7c41bc87438|rpc:127.0.0.1:43533|priority:0, e4951dd4-f4df-4d2e-bd67-fe61550133c1|rpc:127.0.0.1:42453|priority:0, bda778da-51f4-4847-bee0-b4babae878aa|rpc:127.0.0.1:32951|priority:1], old=null
2021-05-31 14:16:34,613 [pool-86-thread-1] INFO  server.RaftServer$Division (RaftServerImpl.java:setRole(284)) - e4951dd4-f4df-4d2e-bd67-fe61550133c1@group-249122FFF215: changes role from      null to FOLLOWER at term 0 for startAsFollower
2021-05-31 14:16:34,613 [pool-86-thread-1] INFO  impl.RoleInfo (RoleInfo.java:updateAndGet(130)) - e4951dd4-f4df-4d2e-bd67-fe61550133c1: start e4951dd4-f4df-4d2e-bd67-fe61550133c1@group-249122FFF215-FollowerState
2021-05-31 14:16:34,614 [EventQueue-PipelineReportForOneReplicaPipelineSafeModeRule] INFO  safemode.SCMSafeModeManager (SCMSafeModeManager.java:validateSafeModeExitRules(201)) - AtleastOneDatanodeReportedRule rule is successfully validated
2021-05-31 14:16:34,616 [pool-86-thread-1] INFO  util.JmxRegister (JmxRegister.java:tryRegister(44)) - Successfully registered JMX Bean with object name Ratis:service=RaftServer,group=group-249122FFF215,id=e4951dd4-f4df-4d2e-bd67-fe61550133c1
2021-05-31 14:16:34,616 [pool-86-thread-1] INFO  metrics.RatisMetrics (RatisMetrics.java:lambda$create$0(36)) - Creating Metrics Registry : ratis.state_machine.e4951dd4-f4df-4d2e-bd67-fe61550133c1@group-249122FFF215
2021-05-31 14:16:34,623 [Command processor thread] INFO  server.RaftServer (RaftServerProxy.java:addNew(95)) - bda778da-51f4-4847-bee0-b4babae878aa: addNew group-31F7564114FF:[bda778da-51f4-4847-bee0-b4babae878aa|rpc:127.0.0.1:32951|priority:1] returns group-31F7564114FF:java.util.concurrent.CompletableFuture@1ce352dc[Not completed]
2021-05-31 14:16:34,628 [pool-103-thread-1] INFO  server.RaftServer$Division (RaftServerImpl.java:<init>(180)) - bda778da-51f4-4847-bee0-b4babae878aa: new RaftServerImpl for group-31F7564114FF:[bda778da-51f4-4847-bee0-b4babae878aa|rpc:127.0.0.1:32951|priority:1] with ContainerStateMachine:uninitialized
2021-05-31 14:16:34,634 [EventQueue-OpenPipelineForHealthyPipelineSafeModeRule] INFO  safemode.SCMSafeModeManager (HealthyPipelineSafeModeRule.java:process(130)) - SCM in safe mode. Healthy pipelines reported count is 0, required healthy pipeline reported count is 1
2021-05-31 14:16:34,635 [pool-103-thread-1] INFO  server.RaftServerConfigKeys (ConfUtils.java:logGet(44)) - raft.server.rpc.timeout.min = 5s (custom)
2021-05-31 14:16:34,635 [pool-103-thread-1] INFO  server.RaftServerConfigKeys (ConfUtils.java:logGet(44)) - raft.server.rpc.timeout.max = 5200ms (custom)
2021-05-31 14:16:34,635 [pool-103-thread-1] INFO  server.RaftServerConfigKeys (ConfUtils.java:logGet(44)) - raft.server.rpc.sleep.time = 25ms (default)
2021-05-31 14:16:34,635 [Command processor thread] INFO  ratis.XceiverServerRatis (XceiverServerRatis.java:addGroup(808)) - Created group PipelineID=95a153cd-5601-43af-81b8-249122fff215
2021-05-31 14:16:34,635 [EventQueue-PipelineReportForOneReplicaPipelineSafeModeRule] INFO  safemode.SCMSafeModeManager (SCMSafeModeManager.java:validateSafeModeExitRules(201)) - AtleastOneDatanodeReportedRule rule is successfully validated
2021-05-31 14:16:34,641 [pool-103-thread-1] INFO  server.RaftServerConfigKeys (ConfUtils.java:logGet(44)) - raft.server.rpc.slowness.timeout = 300s (custom)
2021-05-31 14:16:34,643 [pool-103-thread-1] INFO  server.RaftServerConfigKeys (ConfUtils.java:logGet(44)) - raft.server.leaderelection.leader.step-down.wait-time = 10s (default)
2021-05-31 14:16:34,643 [pool-103-thread-1] INFO  server.RaftServerConfigKeys (ConfUtils.java:logGet(44)) - raft.server.sleep.deviation.threshold = 300ms (default)
2021-05-31 14:16:34,643 [pool-103-thread-1] INFO  server.RaftServerConfigKeys (ConfUtils.java:logGet(44)) - raft.server.log.appender.install.snapshot.enabled = false (custom)
2021-05-31 14:16:34,644 [pool-103-thread-1] INFO  server.RaftServer$Division (ServerState.java:<init>(105)) - bda778da-51f4-4847-bee0-b4babae878aa@group-31F7564114FF: ConfigurationManager, init=-1: [bda778da-51f4-4847-bee0-b4babae878aa|rpc:127.0.0.1:32951|priority:1], old=null, confs=<EMPTY_MAP>
2021-05-31 14:16:34,644 [pool-103-thread-1] INFO  server.RaftServerConfigKeys (ConfUtils.java:logGet(44)) - raft.server.storage.dir = [/home/runner/work/ozone/ozone/mnt/ozone/hadoop-ozone/integration-test/target/test-dir/MiniOzoneClusterImpl-54085720-bde5-45d4-8ce8-a7ad55ee2c31/datanode-1/data/ratis] (custom)
2021-05-31 14:16:34,644 [pool-103-thread-1] INFO  server.RaftServerConfigKeys (ConfUtils.java:logGet(44)) - raft.server.log.corruption.policy = EXCEPTION (default)
2021-05-31 14:16:34,644 [pool-103-thread-1] INFO  storage.RaftStorageDirectory (RaftStorageDirectoryImpl.java:analyzeStorage(132)) - The storage directory /home/runner/work/ozone/ozone/mnt/ozone/hadoop-ozone/integration-test/target/test-dir/MiniOzoneClusterImpl-54085720-bde5-45d4-8ce8-a7ad55ee2c31/datanode-1/data/ratis/9213f601-e2f2-4424-be6b-31f7564114ff does not exist. Creating ...
2021-05-31 14:16:34,649 [EventQueue-OpenPipelineForHealthyPipelineSafeModeRule] INFO  safemode.SCMSafeModeManager (HealthyPipelineSafeModeRule.java:process(130)) - SCM in safe mode. Healthy pipelines reported count is 0, required healthy pipeline reported count is 1
2021-05-31 14:16:34,649 [pool-103-thread-1] INFO  storage.RaftStorageDirectory (RaftStorageDirectoryImpl.java:tryLock(215)) - Lock on /home/runner/work/ozone/ozone/mnt/ozone/hadoop-ozone/integration-test/target/test-dir/MiniOzoneClusterImpl-54085720-bde5-45d4-8ce8-a7ad55ee2c31/datanode-1/data/ratis/9213f601-e2f2-4424-be6b-31f7564114ff/in_use.lock acquired by nodename 5470@fv-az148-586
2021-05-31 14:16:34,654 [pool-103-thread-1] INFO  storage.RaftStorage (RaftStorageImpl.java:format(87)) - Storage directory /home/runner/work/ozone/ozone/mnt/ozone/hadoop-ozone/integration-test/target/test-dir/MiniOzoneClusterImpl-54085720-bde5-45d4-8ce8-a7ad55ee2c31/datanode-1/data/ratis/9213f601-e2f2-4424-be6b-31f7564114ff has been successfully formatted.
2021-05-31 14:16:34,655 [pool-103-thread-1] INFO  ratis.ContainerStateMachine (ContainerStateMachine.java:loadSnapshot(224)) - group-31F7564114FF: The snapshot info is null. Setting the last applied indexto:(t:0, i:~)
2021-05-31 14:16:34,662 [pool-103-thread-1] INFO  server.RaftServerConfigKeys (ConfUtils.java:logGet(44)) - raft.server.notification.no-leader.timeout = 300s (custom)
2021-05-31 14:16:34,662 [pool-103-thread-1] INFO  server.RaftServerConfigKeys (ConfUtils.java:logGet(44)) - raft.server.log.use.memory = false (default)
2021-05-31 14:16:34,662 [pool-103-thread-1] INFO  server.RaftServerConfigKeys (ConfUtils.java:logGet(44)) - raft.server.log.purge.gap = 1000000 (custom)
2021-05-31 14:16:34,662 [pool-103-thread-1] INFO  server.RaftServerConfigKeys (ConfUtils.java:logGet(44)) - raft.server.log.appender.buffer.byte-limit = 33554432 (custom)
2021-05-31 14:16:34,662 [pool-103-thread-1] INFO  metrics.RatisMetrics (RatisMetrics.java:lambda$create$0(36)) - Creating Metrics Registry : ratis.log_worker.bda778da-51f4-4847-bee0-b4babae878aa@group-31F7564114FF
2021-05-31 14:16:34,662 [pool-103-thread-1] INFO  server.RaftServerConfigKeys (ConfUtils.java:logGet(44)) - raft.server.log.segment.size.max = 1048576 (custom)
2021-05-31 14:16:34,663 [pool-103-thread-1] INFO  server.RaftServerConfigKeys (ConfUtils.java:logGet(44)) - raft.server.log.segment.cache.num.max = 2 (custom)
2021-05-31 14:16:34,664 [pool-103-thread-1] INFO  server.RaftServerConfigKeys (ConfUtils.java:logGet(44)) - raft.server.log.segment.cache.size.max = 200MB (=209715200) (default)
2021-05-31 14:16:34,664 [pool-103-thread-1] INFO  segmented.SegmentedRaftLogWorker (SegmentedRaftLogWorker.java:<init>(182)) - new bda778da-51f4-4847-bee0-b4babae878aa@group-31F7564114FF-SegmentedRaftLogWorker for RaftStorageImpl:Storage Directory /home/runner/work/ozone/ozone/mnt/ozone/hadoop-ozone/integration-test/target/test-dir/MiniOzoneClusterImpl-54085720-bde5-45d4-8ce8-a7ad55ee2c31/datanode-1/data/ratis/9213f601-e2f2-4424-be6b-31f7564114ff
2021-05-31 14:16:34,664 [pool-103-thread-1] INFO  server.RaftServerConfigKeys (ConfUtils.java:logGet(44)) - raft.server.log.queue.byte-limit = 2147483647 (custom)
2021-05-31 14:16:34,664 [pool-103-thread-1] INFO  server.RaftServerConfigKeys (ConfUtils.java:logGet(44)) - raft.server.log.queue.element-limit = 1024 (custom)
2021-05-31 14:16:34,664 [pool-103-thread-1] INFO  server.RaftServerConfigKeys (ConfUtils.java:logGet(44)) - raft.server.log.segment.size.max = 1048576 (custom)
2021-05-31 14:16:34,664 [pool-103-thread-1] INFO  server.RaftServerConfigKeys (ConfUtils.java:logGet(44)) - raft.server.log.preallocated.size = 16384 (custom)
2021-05-31 14:16:34,664 [pool-103-thread-1] INFO  server.RaftServerConfigKeys (ConfUtils.java:logGet(44)) - raft.server.log.force.sync.num = 128 (default)
2021-05-31 14:16:34,664 [pool-103-thread-1] INFO  server.RaftServerConfigKeys (ConfUtils.java:logGet(44)) - raft.server.log.statemachine.data.sync = true (default)
2021-05-31 14:16:34,664 [pool-103-thread-1] INFO  server.RaftServerConfigKeys (ConfUtils.java:logGet(44)) - raft.server.log.statemachine.data.sync.timeout = 10s (default)
2021-05-31 14:16:34,664 [pool-103-thread-1] INFO  server.RaftServerConfigKeys (ConfUtils.java:logGet(44)) - raft.server.log.statemachine.data.sync.timeout.retry = -1 (default)
2021-05-31 14:16:34,665 [pool-103-thread-1] INFO  server.RaftServerConfigKeys (ConfUtils.java:logGet(44)) - raft.server.log.write.buffer.size = 1048576 (custom)
2021-05-31 14:16:34,665 [pool-103-thread-1] INFO  server.RaftServerConfigKeys (ConfUtils.java:logGet(44)) - raft.server.log.statemachine.data.caching.enabled = true (custom)
2021-05-31 14:16:34,665 [pool-103-thread-1] INFO  segmented.SegmentedRaftLogWorker (SegmentedRaftLogWorker.java:lambda$new$0(133)) - bda778da-51f4-4847-bee0-b4babae878aa@group-31F7564114FF-SegmentedRaftLogWorker: flushIndex: setUnconditionally 0 -> -1
2021-05-31 14:16:34,665 [pool-103-thread-1] INFO  segmented.SegmentedRaftLogWorker (SegmentedRaftLogWorker.java:lambda$new$0(133)) - bda778da-51f4-4847-bee0-b4babae878aa@group-31F7564114FF-SegmentedRaftLogWorker: safeCacheEvictIndex: setUnconditionally 0 -> -1
2021-05-31 14:16:34,665 [pool-103-thread-1] INFO  server.RaftServerConfigKeys (ConfUtils.java:logGet(44)) - raft.server.snapshot.auto.trigger.enabled = true (custom)
2021-05-31 14:16:34,665 [pool-103-thread-1] INFO  server.RaftServerConfigKeys (ConfUtils.java:logGet(44)) - raft.server.snapshot.auto.trigger.threshold = 10000 (custom)
2021-05-31 14:16:34,665 [pool-103-thread-1] INFO  server.RaftServerConfigKeys (ConfUtils.java:logGet(44)) - raft.server.snapshot.retention.file.num = 5 (custom)
2021-05-31 14:16:34,666 [pool-103-thread-1] INFO  server.RaftServerConfigKeys (ConfUtils.java:logGet(44)) - raft.server.log.purge.upto.snapshot.index = false (default)
2021-05-31 14:16:34,666 [pool-103-thread-1] INFO  server.RaftServerConfigKeys (ConfUtils.java:logGet(44)) - raft.server.retrycache.expirytime = 600000ms (custom)
2021-05-31 14:16:34,666 [pool-103-thread-1] INFO  server.RaftServerConfigKeys (ConfUtils.java:logGet(44)) - raft.server.retrycache.statistics.expirytime = 100μs (default)
2021-05-31 14:16:34,666 [pool-103-thread-1] INFO  metrics.RatisMetrics (RatisMetrics.java:lambda$create$0(36)) - Creating Metrics Registry : ratis.leader_election.bda778da-51f4-4847-bee0-b4babae878aa@group-31F7564114FF
2021-05-31 14:16:34,666 [pool-103-thread-1] INFO  metrics.RatisMetrics (RatisMetrics.java:lambda$create$0(36)) - Creating Metrics Registry : ratis.server.bda778da-51f4-4847-bee0-b4babae878aa@group-31F7564114FF
2021-05-31 14:16:34,667 [pool-103-thread-1] INFO  server.RaftServer$Division (RaftServerImpl.java:start(295)) - bda778da-51f4-4847-bee0-b4babae878aa@group-31F7564114FF: start as a follower, conf=-1: [bda778da-51f4-4847-bee0-b4babae878aa|rpc:127.0.0.1:32951|priority:1], old=null
2021-05-31 14:16:34,667 [pool-103-thread-1] INFO  server.RaftServer$Division (RaftServerImpl.java:setRole(284)) - bda778da-51f4-4847-bee0-b4babae878aa@group-31F7564114FF: changes role from      null to FOLLOWER at term 0 for startAsFollower
2021-05-31 14:16:34,667 [pool-103-thread-1] INFO  impl.RoleInfo (RoleInfo.java:updateAndGet(130)) - bda778da-51f4-4847-bee0-b4babae878aa: start bda778da-51f4-4847-bee0-b4babae878aa@group-31F7564114FF-FollowerState
2021-05-31 14:16:34,667 [pool-103-thread-1] INFO  util.JmxRegister (JmxRegister.java:tryRegister(44)) - Successfully registered JMX Bean with object name Ratis:service=RaftServer,group=group-31F7564114FF,id=bda778da-51f4-4847-bee0-b4babae878aa
2021-05-31 14:16:34,667 [pool-103-thread-1] INFO  metrics.RatisMetrics (RatisMetrics.java:lambda$create$0(36)) - Creating Metrics Registry : ratis.state_machine.bda778da-51f4-4847-bee0-b4babae878aa@group-31F7564114FF
2021-05-31 14:16:34,668 [Command processor thread] INFO  ratis.XceiverServerRatis (XceiverServerRatis.java:addGroup(808)) - Created group PipelineID=9213f601-e2f2-4424-be6b-31f7564114ff
2021-05-31 14:16:34,672 [EventQueue-PipelineReportForOneReplicaPipelineSafeModeRule] INFO  safemode.SCMSafeModeManager (SCMSafeModeManager.java:validateSafeModeExitRules(201)) - AtleastOneDatanodeReportedRule rule is successfully validated
2021-05-31 14:16:34,672 [EventQueue-PipelineReportForPipelineReportHandler] INFO  pipeline.PipelineManagerV2Impl (PipelineManagerV2Impl.java:openPipeline(270)) - Pipeline Pipeline[ Id: 9213f601-e2f2-4424-be6b-31f7564114ff, Nodes: bda778da-51f4-4847-bee0-b4babae878aa{ip: 127.0.0.1, host: localhost, ports: [REPLICATION=39391, RATIS=32951, RATIS_ADMIN=32951, RATIS_SERVER=32951, STANDALONE=43997], networkLocation: /default-rack, certSerialId: null, persistedOpState: IN_SERVICE, persistedOpStateExpiryEpochSec: 0}, ReplicationConfig: RATIS/ONE, State:ALLOCATED, leaderId:bda778da-51f4-4847-bee0-b4babae878aa, CreationTimestamp2021-05-31T14:16:31.624Z] moved to OPEN state
2021-05-31 14:16:34,672 [EventQueue-PipelineReportForPipelineReportHandler] INFO  pipeline.PipelineManagerV2Impl (PipelineManagerV2Impl.java:openPipeline(270)) - Pipeline Pipeline[ Id: 9213f601-e2f2-4424-be6b-31f7564114ff, Nodes: bda778da-51f4-4847-bee0-b4babae878aa{ip: 127.0.0.1, host: localhost, ports: [REPLICATION=39391, RATIS=32951, RATIS_ADMIN=32951, RATIS_SERVER=32951, STANDALONE=43997], networkLocation: /default-rack, certSerialId: null, persistedOpState: IN_SERVICE, persistedOpStateExpiryEpochSec: 0}, ReplicationConfig: RATIS/ONE, State:ALLOCATED, leaderId:bda778da-51f4-4847-bee0-b4babae878aa, CreationTimestamp2021-05-31T14:16:31.624Z] moved to OPEN state
2021-05-31 14:16:34,672 [EventQueue-PipelineReportForPipelineReportHandler] INFO  ha.SCMHAInvocationHandler (SCMHAInvocationHandler.java:invokeRatis(113)) - Invoking method public abstract void org.apache.hadoop.hdds.scm.pipeline.StateManager.updatePipelineState(org.apache.hadoop.hdds.protocol.proto.HddsProtos$PipelineID,org.apache.hadoop.hdds.protocol.proto.HddsProtos$PipelineState) throws java.io.IOException on target org.apache.hadoop.hdds.scm.ha.SCMRatisServerImpl@79071c14, cost 227.304us
2021-05-31 14:16:34,672 [EventQueue-PipelineReportForPipelineReportHandler] ERROR pipeline.PipelineReportHandler (PipelineReportHandler.java:onMessage(93)) - Could not process pipeline report=pipelineID {
  id: "9213f601-e2f2-4424-be6b-31f7564114ff"
  uuid128 {
    mostSigBits: -7920716831651642332
    leastSigBits: -4725628445621414657
  }
}
isLeader: false
bytesWritten: 0
 from dn=bda778da-51f4-4847-bee0-b4babae878aa{ip: 127.0.0.1, host: localhost, ports: [REPLICATION=39391, RATIS=32951, RATIS_ADMIN=32951, RATIS_SERVER=32951, STANDALONE=43997], networkLocation: /default-rack, certSerialId: null, persistedOpState: null, persistedOpStateExpiryEpochSec: 0}.
org.apache.ratis.protocol.exceptions.NotLeaderException: Server fc8d0b26-40fd-4e75-8432-30636972f5a2@group-A7AD55EE2C31 is not the leader 86c596a3-6f32-42a0-9237-c69d9bdf2958|rpc:localhost:14160|admin:|client:|dataStream:|priority:0
	at org.apache.ratis.server.impl.RaftServerImpl.generateNotLeaderException(RaftServerImpl.java:661)
	at org.apache.ratis.server.impl.RaftServerImpl.checkLeaderState(RaftServerImpl.java:626)
	at org.apache.ratis.server.impl.RaftServerImpl.submitClientRequestAsync(RaftServerImpl.java:754)
	at org.apache.ratis.server.impl.RaftServerProxy.lambda$submitClientRequestAsync$9(RaftServerProxy.java:417)
	at org.apache.ratis.server.impl.RaftServerProxy.lambda$null$7(RaftServerProxy.java:412)
	at org.apache.ratis.util.JavaUtils.callAsUnchecked(JavaUtils.java:115)
	at org.apache.ratis.server.impl.RaftServerProxy.lambda$submitRequest$8(RaftServerProxy.java:412)
	at java.util.concurrent.CompletableFuture.uniComposeStage(CompletableFuture.java:995)
	at java.util.concurrent.CompletableFuture.thenCompose(CompletableFuture.java:2137)
	at org.apache.ratis.server.impl.RaftServerProxy.submitRequest(RaftServerProxy.java:411)
	at org.apache.ratis.server.impl.RaftServerProxy.submitClientRequestAsync(RaftServerProxy.java:417)
	at org.apache.hadoop.hdds.scm.ha.SCMRatisServerImpl.submitRequest(SCMRatisServerImpl.java:214)
	at org.apache.hadoop.hdds.scm.ha.SCMHAInvocationHandler.invokeRatis(SCMHAInvocationHandler.java:110)
	at org.apache.hadoop.hdds.scm.ha.SCMHAInvocationHandler.invoke(SCMHAInvocationHandler.java:67)
	at com.sun.proxy.$Proxy22.updatePipelineState(Unknown Source)
	at org.apache.hadoop.hdds.scm.pipeline.PipelineManagerV2Impl.openPipeline(PipelineManagerV2Impl.java:271)
	at org.apache.hadoop.hdds.scm.pipeline.PipelineReportHandler.processPipelineReport(PipelineReportHandler.java:124)
	at org.apache.hadoop.hdds.scm.pipeline.PipelineReportHandler.onMessage(PipelineReportHandler.java:91)
	at org.apache.hadoop.hdds.scm.pipeline.PipelineReportHandler.onMessage(PipelineReportHandler.java:50)
	at org.apache.hadoop.hdds.server.events.SingleThreadExecutor.lambda$onMessage$1(SingleThreadExecutor.java:81)
	at java.util.concurrent.ThreadPoolExecutor.runWorker(ThreadPoolExecutor.java:1149)
	at java.util.concurrent.ThreadPoolExecutor$Worker.run(ThreadPoolExecutor.java:624)
	at java.lang.Thread.run(Thread.java:748)
2021-05-31 14:16:34,668 [Command processor thread] INFO  commandhandler.CreatePipelineCommandHandler (CreatePipelineCommandHandler.java:handle(106)) - Created Pipeline RATIS ONE PipelineID=9213f601-e2f2-4424-be6b-31f7564114ff.
2021-05-31 14:16:34,684 [Command processor thread] INFO  server.RaftServer (RaftServerProxy.java:addNew(95)) - bda778da-51f4-4847-bee0-b4babae878aa: addNew group-249122FFF215:[21f06eab-63c8-43fd-b305-f7c41bc87438|rpc:127.0.0.1:43533|priority:0, e4951dd4-f4df-4d2e-bd67-fe61550133c1|rpc:127.0.0.1:42453|priority:0, bda778da-51f4-4847-bee0-b4babae878aa|rpc:127.0.0.1:32951|priority:1] returns group-249122FFF215:java.util.concurrent.CompletableFuture@18dcc598[Not completed]
2021-05-31 14:16:34,672 [EventQueue-PipelineReportForOneReplicaPipelineSafeModeRule] INFO  safemode.SCMSafeModeManager (SCMSafeModeManager.java:validateSafeModeExitRules(201)) - AtleastOneDatanodeReportedRule rule is successfully validated
2021-05-31 14:16:34,687 [EventQueue-PipelineReportForPipelineReportHandler] INFO  ha.SCMHAInvocationHandler (SCMHAInvocationHandler.java:invokeRatis(113)) - Invoking method public abstract void org.apache.hadoop.hdds.scm.pipeline.StateManager.updatePipelineState(org.apache.hadoop.hdds.protocol.proto.HddsProtos$PipelineID,org.apache.hadoop.hdds.protocol.proto.HddsProtos$PipelineState) throws java.io.IOException on target org.apache.hadoop.hdds.scm.ha.SCMRatisServerImpl@208eb941, cost 15224.268us
2021-05-31 14:16:34,689 [EventQueue-OpenPipelineForHealthyPipelineSafeModeRule] INFO  safemode.SCMSafeModeManager (HealthyPipelineSafeModeRule.java:process(130)) - SCM in safe mode. Healthy pipelines reported count is 0, required healthy pipeline reported count is 1
2021-05-31 14:16:34,687 [86c596a3-6f32-42a0-9237-c69d9bdf2958@group-A7AD55EE2C31-StateMachineUpdater] INFO  ha.SCMStateMachine (SCMStateMachine.java:takeSnapshot(282)) - Current Snapshot Index 19, takeSnapshot took 0 ms
2021-05-31 14:16:34,689 [86c596a3-6f32-42a0-9237-c69d9bdf2958@group-A7AD55EE2C31-StateMachineUpdater] INFO  impl.StateMachineUpdater (StateMachineUpdater.java:takeSnapshot(281)) - 86c596a3-6f32-42a0-9237-c69d9bdf2958@group-A7AD55EE2C31-StateMachineUpdater: Took a snapshot at index 19
2021-05-31 14:16:34,689 [86c596a3-6f32-42a0-9237-c69d9bdf2958@group-A7AD55EE2C31-StateMachineUpdater] INFO  impl.StateMachineUpdater (StateMachineUpdater.java:lambda$new$0(89)) - 86c596a3-6f32-42a0-9237-c69d9bdf2958@group-A7AD55EE2C31-StateMachineUpdater: snapshotIndex: updateIncreasingly 14 -> 19
2021-05-31 14:16:34,689 [86c596a3-6f32-42a0-9237-c69d9bdf2958@group-A7AD55EE2C31-StateMachineUpdater] INFO  raftlog.RaftLog (RaftLogBase.java:purge(306)) - 86c596a3-6f32-42a0-9237-c69d9bdf2958@group-A7AD55EE2C31-SegmentedRaftLog: purge 19
2021-05-31 14:16:34,690 [86c596a3-6f32-42a0-9237-c69d9bdf2958@group-A7AD55EE2C31-StateMachineUpdater] INFO  raftlog.RaftLog (RaftLogBase.java:lambda$new$0(53)) - 86c596a3-6f32-42a0-9237-c69d9bdf2958@group-A7AD55EE2C31-SegmentedRaftLog: snapshotIndex: updateIncreasingly 14 -> 19
2021-05-31 14:16:34,690 [86c596a3-6f32-42a0-9237-c69d9bdf2958@group-A7AD55EE2C31-StateMachineUpdater] INFO  raftlog.RaftLog (RaftLogBase.java:lambda$new$0(53)) - 86c596a3-6f32-42a0-9237-c69d9bdf2958@group-A7AD55EE2C31-SegmentedRaftLog: purgeIndex: updateToMax old=14, new=19, updated? true
2021-05-31 14:16:34,685 [pool-103-thread-1] INFO  server.RaftServer$Division (RaftServerImpl.java:<init>(180)) - bda778da-51f4-4847-bee0-b4babae878aa: new RaftServerImpl for group-249122FFF215:[21f06eab-63c8-43fd-b305-f7c41bc87438|rpc:127.0.0.1:43533|priority:0, e4951dd4-f4df-4d2e-bd67-fe61550133c1|rpc:127.0.0.1:42453|priority:0, bda778da-51f4-4847-bee0-b4babae878aa|rpc:127.0.0.1:32951|priority:1] with ContainerStateMachine:uninitialized
2021-05-31 14:16:34,690 [pool-103-thread-1] INFO  server.RaftServerConfigKeys (ConfUtils.java:logGet(44)) - raft.server.rpc.timeout.min = 5s (custom)
2021-05-31 14:16:34,690 [pool-103-thread-1] INFO  server.RaftServerConfigKeys (ConfUtils.java:logGet(44)) - raft.server.rpc.timeout.max = 5200ms (custom)
2021-05-31 14:16:34,690 [pool-103-thread-1] INFO  server.RaftServerConfigKeys (ConfUtils.java:logGet(44)) - raft.server.rpc.sleep.time = 25ms (default)
2021-05-31 14:16:34,690 [pool-103-thread-1] INFO  server.RaftServerConfigKeys (ConfUtils.java:logGet(44)) - raft.server.rpc.slowness.timeout = 300s (custom)
2021-05-31 14:16:34,690 [pool-103-thread-1] INFO  server.RaftServerConfigKeys (ConfUtils.java:logGet(44)) - raft.server.leaderelection.leader.step-down.wait-time = 10s (default)
2021-05-31 14:16:34,690 [pool-103-thread-1] INFO  server.RaftServerConfigKeys (ConfUtils.java:logGet(44)) - raft.server.sleep.deviation.threshold = 300ms (default)
2021-05-31 14:16:34,690 [pool-103-thread-1] INFO  server.RaftServerConfigKeys (ConfUtils.java:logGet(44)) - raft.server.log.appender.install.snapshot.enabled = false (custom)
2021-05-31 14:16:34,690 [pool-103-thread-1] INFO  server.RaftServer$Division (ServerState.java:<init>(105)) - bda778da-51f4-4847-bee0-b4babae878aa@group-249122FFF215: ConfigurationManager, init=-1: [21f06eab-63c8-43fd-b305-f7c41bc87438|rpc:127.0.0.1:43533|priority:0, e4951dd4-f4df-4d2e-bd67-fe61550133c1|rpc:127.0.0.1:42453|priority:0, bda778da-51f4-4847-bee0-b4babae878aa|rpc:127.0.0.1:32951|priority:1], old=null, confs=<EMPTY_MAP>
2021-05-31 14:16:34,690 [pool-103-thread-1] INFO  server.RaftServerConfigKeys (ConfUtils.java:logGet(44)) - raft.server.storage.dir = [/home/runner/work/ozone/ozone/mnt/ozone/hadoop-ozone/integration-test/target/test-dir/MiniOzoneClusterImpl-54085720-bde5-45d4-8ce8-a7ad55ee2c31/datanode-1/data/ratis] (custom)
2021-05-31 14:16:34,690 [pool-103-thread-1] INFO  server.RaftServerConfigKeys (ConfUtils.java:logGet(44)) - raft.server.log.corruption.policy = EXCEPTION (default)
2021-05-31 14:16:34,690 [pool-103-thread-1] INFO  storage.RaftStorageDirectory (RaftStorageDirectoryImpl.java:analyzeStorage(132)) - The storage directory /home/runner/work/ozone/ozone/mnt/ozone/hadoop-ozone/integration-test/target/test-dir/MiniOzoneClusterImpl-54085720-bde5-45d4-8ce8-a7ad55ee2c31/datanode-1/data/ratis/95a153cd-5601-43af-81b8-249122fff215 does not exist. Creating ...
2021-05-31 14:16:34,691 [pool-103-thread-1] INFO  storage.RaftStorageDirectory (RaftStorageDirectoryImpl.java:tryLock(215)) - Lock on /home/runner/work/ozone/ozone/mnt/ozone/hadoop-ozone/integration-test/target/test-dir/MiniOzoneClusterImpl-54085720-bde5-45d4-8ce8-a7ad55ee2c31/datanode-1/data/ratis/95a153cd-5601-43af-81b8-249122fff215/in_use.lock acquired by nodename 5470@fv-az148-586
2021-05-31 14:16:34,693 [pool-103-thread-1] INFO  storage.RaftStorage (RaftStorageImpl.java:format(87)) - Storage directory /home/runner/work/ozone/ozone/mnt/ozone/hadoop-ozone/integration-test/target/test-dir/MiniOzoneClusterImpl-54085720-bde5-45d4-8ce8-a7ad55ee2c31/datanode-1/data/ratis/95a153cd-5601-43af-81b8-249122fff215 has been successfully formatted.
2021-05-31 14:16:34,703 [Command processor thread] INFO  metrics.RatisMetrics (RatisMetrics.java:lambda$create$0(36)) - Creating Metrics Registry : ratis.client_message_metrics.client-2E93DA0CEB5C->bda778da-51f4-4847-bee0-b4babae878aa
2021-05-31 14:16:34,706 [EventQueue-OpenPipelineForHealthyPipelineSafeModeRule] INFO  safemode.SCMSafeModeManager (HealthyPipelineSafeModeRule.java:process(130)) - SCM in safe mode. Healthy pipelines reported count is 0, required healthy pipeline reported count is 1
2021-05-31 14:16:34,705 [EventQueue-PipelineReportForOneReplicaPipelineSafeModeRule] INFO  safemode.SCMSafeModeManager (SCMSafeModeManager.java:validateSafeModeExitRules(201)) - AtleastOneDatanodeReportedRule rule is successfully validated
2021-05-31 14:16:34,707 [EventQueue-PipelineReportForOneReplicaPipelineSafeModeRule] INFO  safemode.SCMSafeModeManager (SCMSafeModeManager.java:validateSafeModeExitRules(201)) - AtleastOneDatanodeReportedRule rule is successfully validated
2021-05-31 14:16:34,703 [pool-103-thread-1] INFO  ratis.ContainerStateMachine (ContainerStateMachine.java:loadSnapshot(224)) - group-249122FFF215: The snapshot info is null. Setting the last applied indexto:(t:0, i:~)
2021-05-31 14:16:34,707 [EventQueue-OpenPipelineForHealthyPipelineSafeModeRule] INFO  safemode.SCMSafeModeManager (HealthyPipelineSafeModeRule.java:process(130)) - SCM in safe mode. Healthy pipelines reported count is 0, required healthy pipeline reported count is 1
2021-05-31 14:16:34,707 [pool-103-thread-1] INFO  server.RaftServerConfigKeys (ConfUtils.java:logGet(44)) - raft.server.notification.no-leader.timeout = 300s (custom)
2021-05-31 14:16:34,707 [pool-103-thread-1] INFO  server.RaftServerConfigKeys (ConfUtils.java:logGet(44)) - raft.server.log.use.memory = false (default)
2021-05-31 14:16:34,707 [pool-103-thread-1] INFO  server.RaftServerConfigKeys (ConfUtils.java:logGet(44)) - raft.server.log.purge.gap = 1000000 (custom)
2021-05-31 14:16:34,707 [pool-103-thread-1] INFO  server.RaftServerConfigKeys (ConfUtils.java:logGet(44)) - raft.server.log.appender.buffer.byte-limit = 33554432 (custom)
2021-05-31 14:16:34,707 [pool-103-thread-1] INFO  metrics.RatisMetrics (RatisMetrics.java:lambda$create$0(36)) - Creating Metrics Registry : ratis.log_worker.bda778da-51f4-4847-bee0-b4babae878aa@group-249122FFF215
2021-05-31 14:16:34,708 [pool-103-thread-1] INFO  server.RaftServerConfigKeys (ConfUtils.java:logGet(44)) - raft.server.log.segment.size.max = 1048576 (custom)
2021-05-31 14:16:34,708 [pool-103-thread-1] INFO  server.RaftServerConfigKeys (ConfUtils.java:logGet(44)) - raft.server.log.segment.cache.num.max = 2 (custom)
2021-05-31 14:16:34,708 [pool-103-thread-1] INFO  server.RaftServerConfigKeys (ConfUtils.java:logGet(44)) - raft.server.log.segment.cache.size.max = 200MB (=209715200) (default)
2021-05-31 14:16:34,708 [pool-103-thread-1] INFO  segmented.SegmentedRaftLogWorker (SegmentedRaftLogWorker.java:<init>(182)) - new bda778da-51f4-4847-bee0-b4babae878aa@group-249122FFF215-SegmentedRaftLogWorker for RaftStorageImpl:Storage Directory /home/runner/work/ozone/ozone/mnt/ozone/hadoop-ozone/integration-test/target/test-dir/MiniOzoneClusterImpl-54085720-bde5-45d4-8ce8-a7ad55ee2c31/datanode-1/data/ratis/95a153cd-5601-43af-81b8-249122fff215
2021-05-31 14:16:34,708 [pool-103-thread-1] INFO  server.RaftServerConfigKeys (ConfUtils.java:logGet(44)) - raft.server.log.queue.byte-limit = 2147483647 (custom)
2021-05-31 14:16:34,708 [pool-103-thread-1] INFO  server.RaftServerConfigKeys (ConfUtils.java:logGet(44)) - raft.server.log.queue.element-limit = 1024 (custom)
2021-05-31 14:16:34,708 [pool-103-thread-1] INFO  server.RaftServerConfigKeys (ConfUtils.java:logGet(44)) - raft.server.log.segment.size.max = 1048576 (custom)
2021-05-31 14:16:34,708 [pool-103-thread-1] INFO  server.RaftServerConfigKeys (ConfUtils.java:logGet(44)) - raft.server.log.preallocated.size = 16384 (custom)
2021-05-31 14:16:34,708 [pool-103-thread-1] INFO  server.RaftServerConfigKeys (ConfUtils.java:logGet(44)) - raft.server.log.force.sync.num = 128 (default)
2021-05-31 14:16:34,708 [pool-103-thread-1] INFO  server.RaftServerConfigKeys (ConfUtils.java:logGet(44)) - raft.server.log.statemachine.data.sync = true (default)
2021-05-31 14:16:34,708 [pool-103-thread-1] INFO  server.RaftServerConfigKeys (ConfUtils.java:logGet(44)) - raft.server.log.statemachine.data.sync.timeout = 10s (default)
2021-05-31 14:16:34,708 [pool-103-thread-1] INFO  server.RaftServerConfigKeys (ConfUtils.java:logGet(44)) - raft.server.log.statemachine.data.sync.timeout.retry = -1 (default)
2021-05-31 14:16:34,710 [pool-103-thread-1] INFO  server.RaftServerConfigKeys (ConfUtils.java:logGet(44)) - raft.server.log.write.buffer.size = 1048576 (custom)
2021-05-31 14:16:34,710 [pool-103-thread-1] INFO  server.RaftServerConfigKeys (ConfUtils.java:logGet(44)) - raft.server.log.statemachine.data.caching.enabled = true (custom)
2021-05-31 14:16:34,710 [pool-103-thread-1] INFO  segmented.SegmentedRaftLogWorker (SegmentedRaftLogWorker.java:lambda$new$0(133)) - bda778da-51f4-4847-bee0-b4babae878aa@group-249122FFF215-SegmentedRaftLogWorker: flushIndex: setUnconditionally 0 -> -1
2021-05-31 14:16:34,710 [pool-103-thread-1] INFO  segmented.SegmentedRaftLogWorker (SegmentedRaftLogWorker.java:lambda$new$0(133)) - bda778da-51f4-4847-bee0-b4babae878aa@group-249122FFF215-SegmentedRaftLogWorker: safeCacheEvictIndex: setUnconditionally 0 -> -1
2021-05-31 14:16:34,713 [pool-103-thread-1] INFO  server.RaftServerConfigKeys (ConfUtils.java:logGet(44)) - raft.server.snapshot.auto.trigger.enabled = true (custom)
2021-05-31 14:16:34,713 [pool-103-thread-1] INFO  server.RaftServerConfigKeys (ConfUtils.java:logGet(44)) - raft.server.snapshot.auto.trigger.threshold = 10000 (custom)
2021-05-31 14:16:34,713 [pool-103-thread-1] INFO  server.RaftServerConfigKeys (ConfUtils.java:logGet(44)) - raft.server.snapshot.retention.file.num = 5 (custom)
2021-05-31 14:16:34,713 [pool-103-thread-1] INFO  server.RaftServerConfigKeys (ConfUtils.java:logGet(44)) - raft.server.log.purge.upto.snapshot.index = false (default)
2021-05-31 14:16:34,713 [pool-103-thread-1] INFO  server.RaftServerConfigKeys (ConfUtils.java:logGet(44)) - raft.server.retrycache.expirytime = 600000ms (custom)
2021-05-31 14:16:34,713 [pool-103-thread-1] INFO  server.RaftServerConfigKeys (ConfUtils.java:logGet(44)) - raft.server.retrycache.statistics.expirytime = 100μs (default)
2021-05-31 14:16:34,713 [pool-103-thread-1] INFO  metrics.RatisMetrics (RatisMetrics.java:lambda$create$0(36)) - Creating Metrics Registry : ratis.leader_election.bda778da-51f4-4847-bee0-b4babae878aa@group-249122FFF215
2021-05-31 14:16:34,714 [pool-103-thread-1] INFO  metrics.RatisMetrics (RatisMetrics.java:lambda$create$0(36)) - Creating Metrics Registry : ratis.server.bda778da-51f4-4847-bee0-b4babae878aa@group-249122FFF215
2021-05-31 14:16:34,714 [pool-103-thread-1] INFO  server.RaftServer$Division (RaftServerImpl.java:start(295)) - bda778da-51f4-4847-bee0-b4babae878aa@group-249122FFF215: start as a follower, conf=-1: [21f06eab-63c8-43fd-b305-f7c41bc87438|rpc:127.0.0.1:43533|priority:0, e4951dd4-f4df-4d2e-bd67-fe61550133c1|rpc:127.0.0.1:42453|priority:0, bda778da-51f4-4847-bee0-b4babae878aa|rpc:127.0.0.1:32951|priority:1], old=null
2021-05-31 14:16:34,714 [pool-103-thread-1] INFO  server.RaftServer$Division (RaftServerImpl.java:setRole(284)) - bda778da-51f4-4847-bee0-b4babae878aa@group-249122FFF215: changes role from      null to FOLLOWER at term 0 for startAsFollower
2021-05-31 14:16:34,714 [pool-103-thread-1] INFO  impl.RoleInfo (RoleInfo.java:updateAndGet(130)) - bda778da-51f4-4847-bee0-b4babae878aa: start bda778da-51f4-4847-bee0-b4babae878aa@group-249122FFF215-FollowerState
2021-05-31 14:16:34,715 [pool-103-thread-1] INFO  util.JmxRegister (JmxRegister.java:tryRegister(44)) - Successfully registered JMX Bean with object name Ratis:service=RaftServer,group=group-249122FFF215,id=bda778da-51f4-4847-bee0-b4babae878aa
2021-05-31 14:16:34,715 [pool-103-thread-1] INFO  metrics.RatisMetrics (RatisMetrics.java:lambda$create$0(36)) - Creating Metrics Registry : ratis.state_machine.bda778da-51f4-4847-bee0-b4babae878aa@group-249122FFF215
2021-05-31 14:16:34,717 [Command processor thread] INFO  ratis.XceiverServerRatis (XceiverServerRatis.java:addGroup(808)) - Created group PipelineID=95a153cd-5601-43af-81b8-249122fff215
2021-05-31 14:16:34,722 [Command processor thread] INFO  metrics.RatisMetrics (RatisMetrics.java:lambda$create$0(36)) - Creating Metrics Registry : ratis.client_message_metrics.client-8482548A8A58->21f06eab-63c8-43fd-b305-f7c41bc87438
2021-05-31 14:16:34,749 [grpc-default-executor-0] INFO  metrics.RatisMetrics (RatisMetrics.java:lambda$create$0(36)) - Creating Metrics Registry : ratis.server_message_metrics.21f06eab-63c8-43fd-b305-f7c41bc87438
2021-05-31 14:16:34,754 [grpc-default-executor-0] INFO  server.RaftServer (RaftServerProxy.java:addNew(95)) - 21f06eab-63c8-43fd-b305-f7c41bc87438: addNew group-249122FFF215:[21f06eab-63c8-43fd-b305-f7c41bc87438|rpc:127.0.0.1:43533|dataStream:|priority:0, e4951dd4-f4df-4d2e-bd67-fe61550133c1|rpc:127.0.0.1:42453|dataStream:|priority:0, bda778da-51f4-4847-bee0-b4babae878aa|rpc:127.0.0.1:32951|dataStream:|priority:1] returns group-249122FFF215:java.util.concurrent.CompletableFuture@772633db[Not completed]
2021-05-31 14:16:34,755 [grpc-default-executor-2] INFO  metrics.RatisMetrics (RatisMetrics.java:lambda$create$0(36)) - Creating Metrics Registry : ratis.server_message_metrics.bda778da-51f4-4847-bee0-b4babae878aa
2021-05-31 14:16:34,757 [pool-126-thread-1] INFO  server.RaftServer$Division (RaftServerImpl.java:<init>(180)) - 21f06eab-63c8-43fd-b305-f7c41bc87438: new RaftServerImpl for group-249122FFF215:[21f06eab-63c8-43fd-b305-f7c41bc87438|rpc:127.0.0.1:43533|dataStream:|priority:0, e4951dd4-f4df-4d2e-bd67-fe61550133c1|rpc:127.0.0.1:42453|dataStream:|priority:0, bda778da-51f4-4847-bee0-b4babae878aa|rpc:127.0.0.1:32951|dataStream:|priority:1] with ContainerStateMachine:uninitialized
2021-05-31 14:16:34,758 [pool-126-thread-1] INFO  server.RaftServerConfigKeys (ConfUtils.java:logGet(44)) - raft.server.rpc.timeout.min = 5s (custom)
2021-05-31 14:16:34,758 [pool-126-thread-1] INFO  server.RaftServerConfigKeys (ConfUtils.java:logGet(44)) - raft.server.rpc.timeout.max = 5200ms (custom)
2021-05-31 14:16:34,758 [pool-126-thread-1] INFO  server.RaftServerConfigKeys (ConfUtils.java:logGet(44)) - raft.server.rpc.sleep.time = 25ms (default)
2021-05-31 14:16:34,758 [pool-126-thread-1] INFO  server.RaftServerConfigKeys (ConfUtils.java:logGet(44)) - raft.server.rpc.slowness.timeout = 300s (custom)
2021-05-31 14:16:34,758 [pool-126-thread-1] INFO  server.RaftServerConfigKeys (ConfUtils.java:logGet(44)) - raft.server.leaderelection.leader.step-down.wait-time = 10s (default)
2021-05-31 14:16:34,759 [pool-126-thread-1] INFO  server.RaftServerConfigKeys (ConfUtils.java:logGet(44)) - raft.server.sleep.deviation.threshold = 300ms (default)
2021-05-31 14:16:34,759 [pool-126-thread-1] INFO  server.RaftServerConfigKeys (ConfUtils.java:logGet(44)) - raft.server.log.appender.install.snapshot.enabled = false (custom)
2021-05-31 14:16:34,759 [pool-126-thread-1] INFO  server.RaftServer$Division (ServerState.java:<init>(105)) - 21f06eab-63c8-43fd-b305-f7c41bc87438@group-249122FFF215: ConfigurationManager, init=-1: [21f06eab-63c8-43fd-b305-f7c41bc87438|rpc:127.0.0.1:43533|dataStream:|priority:0, e4951dd4-f4df-4d2e-bd67-fe61550133c1|rpc:127.0.0.1:42453|dataStream:|priority:0, bda778da-51f4-4847-bee0-b4babae878aa|rpc:127.0.0.1:32951|dataStream:|priority:1], old=null, confs=<EMPTY_MAP>
2021-05-31 14:16:34,759 [pool-126-thread-1] INFO  server.RaftServerConfigKeys (ConfUtils.java:logGet(44)) - raft.server.storage.dir = [/home/runner/work/ozone/ozone/mnt/ozone/hadoop-ozone/integration-test/target/test-dir/MiniOzoneClusterImpl-54085720-bde5-45d4-8ce8-a7ad55ee2c31/datanode-2/data/ratis] (custom)
2021-05-31 14:16:34,759 [pool-126-thread-1] INFO  server.RaftServerConfigKeys (ConfUtils.java:logGet(44)) - raft.server.log.corruption.policy = EXCEPTION (default)
2021-05-31 14:16:34,760 [pool-126-thread-1] INFO  storage.RaftStorageDirectory (RaftStorageDirectoryImpl.java:analyzeStorage(132)) - The storage directory /home/runner/work/ozone/ozone/mnt/ozone/hadoop-ozone/integration-test/target/test-dir/MiniOzoneClusterImpl-54085720-bde5-45d4-8ce8-a7ad55ee2c31/datanode-2/data/ratis/95a153cd-5601-43af-81b8-249122fff215 does not exist. Creating ...
2021-05-31 14:16:34,760 [pool-126-thread-1] INFO  storage.RaftStorageDirectory (RaftStorageDirectoryImpl.java:tryLock(215)) - Lock on /home/runner/work/ozone/ozone/mnt/ozone/hadoop-ozone/integration-test/target/test-dir/MiniOzoneClusterImpl-54085720-bde5-45d4-8ce8-a7ad55ee2c31/datanode-2/data/ratis/95a153cd-5601-43af-81b8-249122fff215/in_use.lock acquired by nodename 5470@fv-az148-586
2021-05-31 14:16:34,761 [pool-126-thread-1] INFO  storage.RaftStorage (RaftStorageImpl.java:format(87)) - Storage directory /home/runner/work/ozone/ozone/mnt/ozone/hadoop-ozone/integration-test/target/test-dir/MiniOzoneClusterImpl-54085720-bde5-45d4-8ce8-a7ad55ee2c31/datanode-2/data/ratis/95a153cd-5601-43af-81b8-249122fff215 has been successfully formatted.
2021-05-31 14:16:34,762 [pool-126-thread-1] INFO  ratis.ContainerStateMachine (ContainerStateMachine.java:loadSnapshot(224)) - group-249122FFF215: The snapshot info is null. Setting the last applied indexto:(t:0, i:~)
2021-05-31 14:16:34,762 [pool-126-thread-1] INFO  server.RaftServerConfigKeys (ConfUtils.java:logGet(44)) - raft.server.notification.no-leader.timeout = 300s (custom)
2021-05-31 14:16:34,763 [Listener at 127.0.0.1/11372] INFO  ozone.MiniOzoneClusterImpl (MiniOzoneClusterImpl.java:lambda$waitForClusterToBeReady$0(224)) - Nodes are ready. Got 3 of 3 DN Heartbeats.
2021-05-31 14:16:34,764 [Listener at 127.0.0.1/11372] INFO  ozone.MiniOzoneClusterImpl (MiniOzoneClusterImpl.java:lambda$waitForClusterToBeReady$0(227)) - Waiting for cluster to exit safe mode
2021-05-31 14:16:34,764 [Listener at 127.0.0.1/11372] INFO  ozone.MiniOzoneClusterImpl (MiniOzoneClusterImpl.java:lambda$waitForClusterToBeReady$0(230)) - SCM became leader
2021-05-31 14:16:34,763 [pool-126-thread-1] INFO  server.RaftServerConfigKeys (ConfUtils.java:logGet(44)) - raft.server.log.use.memory = false (default)
2021-05-31 14:16:34,763 [EventQueue-PipelineReportForOneReplicaPipelineSafeModeRule] INFO  safemode.SCMSafeModeManager (SCMSafeModeManager.java:validateSafeModeExitRules(201)) - AtleastOneDatanodeReportedRule rule is successfully validated
2021-05-31 14:16:34,765 [EventQueue-PipelineReportForOneReplicaPipelineSafeModeRule] INFO  safemode.SCMSafeModeManager (SCMSafeModeManager.java:validateSafeModeExitRules(201)) - AtleastOneDatanodeReportedRule rule is successfully validated
2021-05-31 14:16:34,765 [pool-126-thread-1] INFO  server.RaftServerConfigKeys (ConfUtils.java:logGet(44)) - raft.server.log.purge.gap = 1000000 (custom)
2021-05-31 14:16:34,765 [pool-126-thread-1] INFO  server.RaftServerConfigKeys (ConfUtils.java:logGet(44)) - raft.server.log.appender.buffer.byte-limit = 33554432 (custom)
2021-05-31 14:16:34,765 [pool-126-thread-1] INFO  metrics.RatisMetrics (RatisMetrics.java:lambda$create$0(36)) - Creating Metrics Registry : ratis.log_worker.21f06eab-63c8-43fd-b305-f7c41bc87438@group-249122FFF215
2021-05-31 14:16:34,765 [pool-126-thread-1] INFO  server.RaftServerConfigKeys (ConfUtils.java:logGet(44)) - raft.server.log.segment.size.max = 1048576 (custom)
2021-05-31 14:16:34,767 [pool-126-thread-1] INFO  server.RaftServerConfigKeys (ConfUtils.java:logGet(44)) - raft.server.log.segment.cache.num.max = 2 (custom)
2021-05-31 14:16:34,767 [pool-126-thread-1] INFO  server.RaftServerConfigKeys (ConfUtils.java:logGet(44)) - raft.server.log.segment.cache.size.max = 200MB (=209715200) (default)
2021-05-31 14:16:34,767 [pool-126-thread-1] INFO  segmented.SegmentedRaftLogWorker (SegmentedRaftLogWorker.java:<init>(182)) - new 21f06eab-63c8-43fd-b305-f7c41bc87438@group-249122FFF215-SegmentedRaftLogWorker for RaftStorageImpl:Storage Directory /home/runner/work/ozone/ozone/mnt/ozone/hadoop-ozone/integration-test/target/test-dir/MiniOzoneClusterImpl-54085720-bde5-45d4-8ce8-a7ad55ee2c31/datanode-2/data/ratis/95a153cd-5601-43af-81b8-249122fff215
2021-05-31 14:16:34,768 [pool-126-thread-1] INFO  server.RaftServerConfigKeys (ConfUtils.java:logGet(44)) - raft.server.log.queue.byte-limit = 2147483647 (custom)
2021-05-31 14:16:34,768 [pool-126-thread-1] INFO  server.RaftServerConfigKeys (ConfUtils.java:logGet(44)) - raft.server.log.queue.element-limit = 1024 (custom)
2021-05-31 14:16:34,768 [pool-126-thread-1] INFO  server.RaftServerConfigKeys (ConfUtils.java:logGet(44)) - raft.server.log.segment.size.max = 1048576 (custom)
2021-05-31 14:16:34,768 [pool-126-thread-1] INFO  server.RaftServerConfigKeys (ConfUtils.java:logGet(44)) - raft.server.log.preallocated.size = 16384 (custom)
2021-05-31 14:16:34,768 [pool-126-thread-1] INFO  server.RaftServerConfigKeys (ConfUtils.java:logGet(44)) - raft.server.log.force.sync.num = 128 (default)
2021-05-31 14:16:34,768 [pool-126-thread-1] INFO  server.RaftServerConfigKeys (ConfUtils.java:logGet(44)) - raft.server.log.statemachine.data.sync = true (default)
2021-05-31 14:16:34,779 [Command processor thread] INFO  server.RaftServer (RaftServerProxy.java:addNew(95)) - 21f06eab-63c8-43fd-b305-f7c41bc87438: addNew group-52DFBD58E75D:[21f06eab-63c8-43fd-b305-f7c41bc87438|rpc:127.0.0.1:43533|priority:1] returns group-52DFBD58E75D:java.util.concurrent.CompletableFuture@da82407[Not completed]
2021-05-31 14:16:34,852 [pool-126-thread-1] INFO  server.RaftServerConfigKeys (ConfUtils.java:logGet(44)) - raft.server.log.statemachine.data.sync.timeout = 10s (default)
2021-05-31 14:16:34,852 [pool-126-thread-1] INFO  server.RaftServerConfigKeys (ConfUtils.java:logGet(44)) - raft.server.log.statemachine.data.sync.timeout.retry = -1 (default)
2021-05-31 14:16:34,853 [pool-126-thread-1] INFO  server.RaftServerConfigKeys (ConfUtils.java:logGet(44)) - raft.server.log.write.buffer.size = 1048576 (custom)
2021-05-31 14:16:34,853 [pool-126-thread-1] INFO  server.RaftServerConfigKeys (ConfUtils.java:logGet(44)) - raft.server.log.statemachine.data.caching.enabled = true (custom)
2021-05-31 14:16:34,853 [pool-126-thread-1] INFO  segmented.SegmentedRaftLogWorker (SegmentedRaftLogWorker.java:lambda$new$0(133)) - 21f06eab-63c8-43fd-b305-f7c41bc87438@group-249122FFF215-SegmentedRaftLogWorker: flushIndex: setUnconditionally 0 -> -1
2021-05-31 14:16:34,853 [pool-126-thread-1] INFO  segmented.SegmentedRaftLogWorker (SegmentedRaftLogWorker.java:lambda$new$0(133)) - 21f06eab-63c8-43fd-b305-f7c41bc87438@group-249122FFF215-SegmentedRaftLogWorker: safeCacheEvictIndex: setUnconditionally 0 -> -1
2021-05-31 14:16:34,853 [pool-126-thread-1] INFO  server.RaftServerConfigKeys (ConfUtils.java:logGet(44)) - raft.server.snapshot.auto.trigger.enabled = true (custom)
2021-05-31 14:16:34,854 [pool-126-thread-1] INFO  server.RaftServerConfigKeys (ConfUtils.java:logGet(44)) - raft.server.snapshot.auto.trigger.threshold = 10000 (custom)
2021-05-31 14:16:34,854 [pool-126-thread-1] INFO  server.RaftServerConfigKeys (ConfUtils.java:logGet(44)) - raft.server.snapshot.retention.file.num = 5 (custom)
2021-05-31 14:16:34,854 [pool-126-thread-1] INFO  server.RaftServerConfigKeys (ConfUtils.java:logGet(44)) - raft.server.log.purge.upto.snapshot.index = false (default)
2021-05-31 14:16:34,854 [pool-126-thread-1] INFO  server.RaftServerConfigKeys (ConfUtils.java:logGet(44)) - raft.server.retrycache.expirytime = 600000ms (custom)
2021-05-31 14:16:34,854 [pool-126-thread-1] INFO  server.RaftServerConfigKeys (ConfUtils.java:logGet(44)) - raft.server.retrycache.statistics.expirytime = 100μs (default)
2021-05-31 14:16:34,854 [pool-126-thread-1] INFO  metrics.RatisMetrics (RatisMetrics.java:lambda$create$0(36)) - Creating Metrics Registry : ratis.leader_election.21f06eab-63c8-43fd-b305-f7c41bc87438@group-249122FFF215
2021-05-31 14:16:34,854 [pool-126-thread-1] INFO  metrics.RatisMetrics (RatisMetrics.java:lambda$create$0(36)) - Creating Metrics Registry : ratis.server.21f06eab-63c8-43fd-b305-f7c41bc87438@group-249122FFF215
2021-05-31 14:16:34,856 [pool-126-thread-1] INFO  server.RaftServer$Division (RaftServerImpl.java:<init>(180)) - 21f06eab-63c8-43fd-b305-f7c41bc87438: new RaftServerImpl for group-52DFBD58E75D:[21f06eab-63c8-43fd-b305-f7c41bc87438|rpc:127.0.0.1:43533|priority:1] with ContainerStateMachine:uninitialized
2021-05-31 14:16:34,856 [pool-126-thread-1] INFO  server.RaftServerConfigKeys (ConfUtils.java:logGet(44)) - raft.server.rpc.timeout.min = 5s (custom)
2021-05-31 14:16:34,856 [pool-126-thread-1] INFO  server.RaftServerConfigKeys (ConfUtils.java:logGet(44)) - raft.server.rpc.timeout.max = 5200ms (custom)
2021-05-31 14:16:34,856 [pool-126-thread-1] INFO  server.RaftServerConfigKeys (ConfUtils.java:logGet(44)) - raft.server.rpc.sleep.time = 25ms (default)
2021-05-31 14:16:34,856 [pool-126-thread-1] INFO  server.RaftServerConfigKeys (ConfUtils.java:logGet(44)) - raft.server.rpc.slowness.timeout = 300s (custom)
2021-05-31 14:16:34,856 [pool-126-thread-1] INFO  server.RaftServerConfigKeys (ConfUtils.java:logGet(44)) - raft.server.leaderelection.leader.step-down.wait-time = 10s (default)
2021-05-31 14:16:34,856 [pool-126-thread-1] INFO  server.RaftServerConfigKeys (ConfUtils.java:logGet(44)) - raft.server.sleep.deviation.threshold = 300ms (default)
2021-05-31 14:16:34,856 [pool-126-thread-1] INFO  server.RaftServerConfigKeys (ConfUtils.java:logGet(44)) - raft.server.log.appender.install.snapshot.enabled = false (custom)
2021-05-31 14:16:34,856 [pool-126-thread-1] INFO  server.RaftServer$Division (ServerState.java:<init>(105)) - 21f06eab-63c8-43fd-b305-f7c41bc87438@group-52DFBD58E75D: ConfigurationManager, init=-1: [21f06eab-63c8-43fd-b305-f7c41bc87438|rpc:127.0.0.1:43533|priority:1], old=null, confs=<EMPTY_MAP>
2021-05-31 14:16:34,856 [pool-126-thread-1] INFO  server.RaftServerConfigKeys (ConfUtils.java:logGet(44)) - raft.server.storage.dir = [/home/runner/work/ozone/ozone/mnt/ozone/hadoop-ozone/integration-test/target/test-dir/MiniOzoneClusterImpl-54085720-bde5-45d4-8ce8-a7ad55ee2c31/datanode-2/data/ratis] (custom)
2021-05-31 14:16:34,857 [pool-126-thread-1] INFO  server.RaftServerConfigKeys (ConfUtils.java:logGet(44)) - raft.server.log.corruption.policy = EXCEPTION (default)
2021-05-31 14:16:34,857 [pool-126-thread-1] INFO  storage.RaftStorageDirectory (RaftStorageDirectoryImpl.java:analyzeStorage(132)) - The storage directory /home/runner/work/ozone/ozone/mnt/ozone/hadoop-ozone/integration-test/target/test-dir/MiniOzoneClusterImpl-54085720-bde5-45d4-8ce8-a7ad55ee2c31/datanode-2/data/ratis/ed7a5838-6f04-4a61-8b70-52dfbd58e75d does not exist. Creating ...
2021-05-31 14:16:34,858 [pool-126-thread-1] INFO  storage.RaftStorageDirectory (RaftStorageDirectoryImpl.java:tryLock(215)) - Lock on /home/runner/work/ozone/ozone/mnt/ozone/hadoop-ozone/integration-test/target/test-dir/MiniOzoneClusterImpl-54085720-bde5-45d4-8ce8-a7ad55ee2c31/datanode-2/data/ratis/ed7a5838-6f04-4a61-8b70-52dfbd58e75d/in_use.lock acquired by nodename 5470@fv-az148-586
2021-05-31 14:16:34,865 [pool-126-thread-1] INFO  storage.RaftStorage (RaftStorageImpl.java:format(87)) - Storage directory /home/runner/work/ozone/ozone/mnt/ozone/hadoop-ozone/integration-test/target/test-dir/MiniOzoneClusterImpl-54085720-bde5-45d4-8ce8-a7ad55ee2c31/datanode-2/data/ratis/ed7a5838-6f04-4a61-8b70-52dfbd58e75d has been successfully formatted.
2021-05-31 14:16:34,866 [pool-126-thread-1] INFO  ratis.ContainerStateMachine (ContainerStateMachine.java:loadSnapshot(224)) - group-52DFBD58E75D: The snapshot info is null. Setting the last applied indexto:(t:0, i:~)
2021-05-31 14:16:34,866 [pool-126-thread-1] INFO  server.RaftServerConfigKeys (ConfUtils.java:logGet(44)) - raft.server.notification.no-leader.timeout = 300s (custom)
2021-05-31 14:16:34,866 [pool-126-thread-1] INFO  server.RaftServerConfigKeys (ConfUtils.java:logGet(44)) - raft.server.log.use.memory = false (default)
2021-05-31 14:16:34,866 [pool-126-thread-1] INFO  server.RaftServerConfigKeys (ConfUtils.java:logGet(44)) - raft.server.log.purge.gap = 1000000 (custom)
2021-05-31 14:16:34,866 [pool-126-thread-1] INFO  server.RaftServerConfigKeys (ConfUtils.java:logGet(44)) - raft.server.log.appender.buffer.byte-limit = 33554432 (custom)
2021-05-31 14:16:34,866 [pool-126-thread-1] INFO  metrics.RatisMetrics (RatisMetrics.java:lambda$create$0(36)) - Creating Metrics Registry : ratis.log_worker.21f06eab-63c8-43fd-b305-f7c41bc87438@group-52DFBD58E75D
2021-05-31 14:16:34,866 [pool-126-thread-1] INFO  server.RaftServerConfigKeys (ConfUtils.java:logGet(44)) - raft.server.log.segment.size.max = 1048576 (custom)
2021-05-31 14:16:34,867 [pool-126-thread-1] INFO  server.RaftServerConfigKeys (ConfUtils.java:logGet(44)) - raft.server.log.segment.cache.num.max = 2 (custom)
2021-05-31 14:16:34,867 [pool-126-thread-1] INFO  server.RaftServerConfigKeys (ConfUtils.java:logGet(44)) - raft.server.log.segment.cache.size.max = 200MB (=209715200) (default)
2021-05-31 14:16:34,867 [pool-126-thread-1] INFO  segmented.SegmentedRaftLogWorker (SegmentedRaftLogWorker.java:<init>(182)) - new 21f06eab-63c8-43fd-b305-f7c41bc87438@group-52DFBD58E75D-SegmentedRaftLogWorker for RaftStorageImpl:Storage Directory /home/runner/work/ozone/ozone/mnt/ozone/hadoop-ozone/integration-test/target/test-dir/MiniOzoneClusterImpl-54085720-bde5-45d4-8ce8-a7ad55ee2c31/datanode-2/data/ratis/ed7a5838-6f04-4a61-8b70-52dfbd58e75d
2021-05-31 14:16:34,867 [pool-126-thread-1] INFO  server.RaftServerConfigKeys (ConfUtils.java:logGet(44)) - raft.server.log.queue.byte-limit = 2147483647 (custom)
2021-05-31 14:16:34,867 [pool-126-thread-1] INFO  server.RaftServerConfigKeys (ConfUtils.java:logGet(44)) - raft.server.log.queue.element-limit = 1024 (custom)
2021-05-31 14:16:34,867 [pool-126-thread-1] INFO  server.RaftServerConfigKeys (ConfUtils.java:logGet(44)) - raft.server.log.segment.size.max = 1048576 (custom)
2021-05-31 14:16:34,867 [pool-126-thread-1] INFO  server.RaftServerConfigKeys (ConfUtils.java:logGet(44)) - raft.server.log.preallocated.size = 16384 (custom)
2021-05-31 14:16:34,867 [pool-126-thread-1] INFO  server.RaftServerConfigKeys (ConfUtils.java:logGet(44)) - raft.server.log.force.sync.num = 128 (default)
2021-05-31 14:16:34,867 [pool-126-thread-1] INFO  server.RaftServerConfigKeys (ConfUtils.java:logGet(44)) - raft.server.log.statemachine.data.sync = true (default)
2021-05-31 14:16:34,867 [pool-126-thread-1] INFO  server.RaftServerConfigKeys (ConfUtils.java:logGet(44)) - raft.server.log.statemachine.data.sync.timeout = 10s (default)
2021-05-31 14:16:34,867 [pool-126-thread-1] INFO  server.RaftServerConfigKeys (ConfUtils.java:logGet(44)) - raft.server.log.statemachine.data.sync.timeout.retry = -1 (default)
2021-05-31 14:16:34,868 [EventQueue-PipelineReportForOneReplicaPipelineSafeModeRule] INFO  safemode.SCMSafeModeManager (SCMSafeModeManager.java:validateSafeModeExitRules(201)) - AtleastOneDatanodeReportedRule rule is successfully validated
2021-05-31 14:16:34,868 [EventQueue-PipelineReportForPipelineReportHandler] INFO  pipeline.PipelineManagerV2Impl (PipelineManagerV2Impl.java:openPipeline(270)) - Pipeline Pipeline[ Id: ed7a5838-6f04-4a61-8b70-52dfbd58e75d, Nodes: 21f06eab-63c8-43fd-b305-f7c41bc87438{ip: 127.0.0.1, host: localhost, ports: [REPLICATION=38101, RATIS=43533, RATIS_ADMIN=43533, RATIS_SERVER=43533, STANDALONE=39001], networkLocation: /default-rack, certSerialId: null, persistedOpState: IN_SERVICE, persistedOpStateExpiryEpochSec: 0}, ReplicationConfig: RATIS/ONE, State:ALLOCATED, leaderId:21f06eab-63c8-43fd-b305-f7c41bc87438, CreationTimestamp2021-05-31T14:16:31.784Z] moved to OPEN state
2021-05-31 14:16:34,868 [EventQueue-PipelineReportForPipelineReportHandler] INFO  ha.SCMHAInvocationHandler (SCMHAInvocationHandler.java:invokeRatis(113)) - Invoking method public abstract void org.apache.hadoop.hdds.scm.pipeline.StateManager.updatePipelineState(org.apache.hadoop.hdds.protocol.proto.HddsProtos$PipelineID,org.apache.hadoop.hdds.protocol.proto.HddsProtos$PipelineState) throws java.io.IOException on target org.apache.hadoop.hdds.scm.ha.SCMRatisServerImpl@79071c14, cost 286.605us
2021-05-31 14:16:34,869 [EventQueue-PipelineReportForPipelineReportHandler] ERROR pipeline.PipelineReportHandler (PipelineReportHandler.java:onMessage(93)) - Could not process pipeline report=pipelineID {
  id: "ed7a5838-6f04-4a61-8b70-52dfbd58e75d"
  uuid128 {
    mostSigBits: -1334657340157965727
    leastSigBits: -8399122184138070179
  }
}
isLeader: false
bytesWritten: 0
 from dn=21f06eab-63c8-43fd-b305-f7c41bc87438{ip: 127.0.0.1, host: localhost, ports: [REPLICATION=38101, RATIS=43533, RATIS_ADMIN=43533, RATIS_SERVER=43533, STANDALONE=39001], networkLocation: /default-rack, certSerialId: null, persistedOpState: null, persistedOpStateExpiryEpochSec: 0}.
org.apache.ratis.protocol.exceptions.NotLeaderException: Server fc8d0b26-40fd-4e75-8432-30636972f5a2@group-A7AD55EE2C31 is not the leader 86c596a3-6f32-42a0-9237-c69d9bdf2958|rpc:localhost:14160|admin:|client:|dataStream:|priority:0
	at org.apache.ratis.server.impl.RaftServerImpl.generateNotLeaderException(RaftServerImpl.java:661)
	at org.apache.ratis.server.impl.RaftServerImpl.checkLeaderState(RaftServerImpl.java:626)
	at org.apache.ratis.server.impl.RaftServerImpl.submitClientRequestAsync(RaftServerImpl.java:754)
	at org.apache.ratis.server.impl.RaftServerProxy.lambda$submitClientRequestAsync$9(RaftServerProxy.java:417)
	at org.apache.ratis.server.impl.RaftServerProxy.lambda$null$7(RaftServerProxy.java:412)
	at org.apache.ratis.util.JavaUtils.callAsUnchecked(JavaUtils.java:115)
	at org.apache.ratis.server.impl.RaftServerProxy.lambda$submitRequest$8(RaftServerProxy.java:412)
	at java.util.concurrent.CompletableFuture.uniComposeStage(CompletableFuture.java:995)
	at java.util.concurrent.CompletableFuture.thenCompose(CompletableFuture.java:2137)
	at org.apache.ratis.server.impl.RaftServerProxy.submitRequest(RaftServerProxy.java:411)
	at org.apache.ratis.server.impl.RaftServerProxy.submitClientRequestAsync(RaftServerProxy.java:417)
	at org.apache.hadoop.hdds.scm.ha.SCMRatisServerImpl.submitRequest(SCMRatisServerImpl.java:214)
	at org.apache.hadoop.hdds.scm.ha.SCMHAInvocationHandler.invokeRatis(SCMHAInvocationHandler.java:110)
	at org.apache.hadoop.hdds.scm.ha.SCMHAInvocationHandler.invoke(SCMHAInvocationHandler.java:67)
	at com.sun.proxy.$Proxy22.updatePipelineState(Unknown Source)
	at org.apache.hadoop.hdds.scm.pipeline.PipelineManagerV2Impl.openPipeline(PipelineManagerV2Impl.java:271)
	at org.apache.hadoop.hdds.scm.pipeline.PipelineReportHandler.processPipelineReport(PipelineReportHandler.java:124)
	at org.apache.hadoop.hdds.scm.pipeline.PipelineReportHandler.onMessage(PipelineReportHandler.java:91)
	at org.apache.hadoop.hdds.scm.pipeline.PipelineReportHandler.onMessage(PipelineReportHandler.java:50)
	at org.apache.hadoop.hdds.server.events.SingleThreadExecutor.lambda$onMessage$1(SingleThreadExecutor.java:81)
	at java.util.concurrent.ThreadPoolExecutor.runWorker(ThreadPoolExecutor.java:1149)
	at java.util.concurrent.ThreadPoolExecutor$Worker.run(ThreadPoolExecutor.java:624)
	at java.lang.Thread.run(Thread.java:748)
2021-05-31 14:16:34,876 [EventQueue-PipelineReportForPipelineReportHandler] INFO  pipeline.PipelineManagerV2Impl (PipelineManagerV2Impl.java:openPipeline(270)) - Pipeline Pipeline[ Id: ed7a5838-6f04-4a61-8b70-52dfbd58e75d, Nodes: 21f06eab-63c8-43fd-b305-f7c41bc87438{ip: 127.0.0.1, host: localhost, ports: [REPLICATION=38101, RATIS=43533, RATIS_ADMIN=43533, RATIS_SERVER=43533, STANDALONE=39001], networkLocation: /default-rack, certSerialId: null, persistedOpState: IN_SERVICE, persistedOpStateExpiryEpochSec: 0}, ReplicationConfig: RATIS/ONE, State:ALLOCATED, leaderId:21f06eab-63c8-43fd-b305-f7c41bc87438, CreationTimestamp2021-05-31T14:16:31.784Z] moved to OPEN state
2021-05-31 14:16:34,878 [EventQueue-PipelineReportForOneReplicaPipelineSafeModeRule] INFO  safemode.SCMSafeModeManager (SCMSafeModeManager.java:validateSafeModeExitRules(201)) - AtleastOneDatanodeReportedRule rule is successfully validated
2021-05-31 14:16:34,881 [pool-126-thread-1] INFO  server.RaftServerConfigKeys (ConfUtils.java:logGet(44)) - raft.server.log.write.buffer.size = 1048576 (custom)
2021-05-31 14:16:34,882 [pool-126-thread-1] INFO  server.RaftServerConfigKeys (ConfUtils.java:logGet(44)) - raft.server.log.statemachine.data.caching.enabled = true (custom)
2021-05-31 14:16:34,884 [pool-126-thread-1] INFO  segmented.SegmentedRaftLogWorker (SegmentedRaftLogWorker.java:lambda$new$0(133)) - 21f06eab-63c8-43fd-b305-f7c41bc87438@group-52DFBD58E75D-SegmentedRaftLogWorker: flushIndex: setUnconditionally 0 -> -1
2021-05-31 14:16:34,884 [pool-126-thread-1] INFO  segmented.SegmentedRaftLogWorker (SegmentedRaftLogWorker.java:lambda$new$0(133)) - 21f06eab-63c8-43fd-b305-f7c41bc87438@group-52DFBD58E75D-SegmentedRaftLogWorker: safeCacheEvictIndex: setUnconditionally 0 -> -1
2021-05-31 14:16:34,888 [fc8d0b26-40fd-4e75-8432-30636972f5a2@group-A7AD55EE2C31-StateMachineUpdater] INFO  ha.SCMStateMachine (SCMStateMachine.java:takeSnapshot(282)) - Current Snapshot Index 20, takeSnapshot took 1 ms
2021-05-31 14:16:34,888 [fc8d0b26-40fd-4e75-8432-30636972f5a2@group-A7AD55EE2C31-StateMachineUpdater] INFO  impl.StateMachineUpdater (StateMachineUpdater.java:takeSnapshot(281)) - fc8d0b26-40fd-4e75-8432-30636972f5a2@group-A7AD55EE2C31-StateMachineUpdater: Took a snapshot at index 20
2021-05-31 14:16:34,888 [fc8d0b26-40fd-4e75-8432-30636972f5a2@group-A7AD55EE2C31-StateMachineUpdater] INFO  impl.StateMachineUpdater (StateMachineUpdater.java:lambda$new$0(89)) - fc8d0b26-40fd-4e75-8432-30636972f5a2@group-A7AD55EE2C31-StateMachineUpdater: snapshotIndex: updateIncreasingly 15 -> 20
2021-05-31 14:16:34,888 [fc8d0b26-40fd-4e75-8432-30636972f5a2@group-A7AD55EE2C31-StateMachineUpdater] INFO  raftlog.RaftLog (RaftLogBase.java:purge(306)) - fc8d0b26-40fd-4e75-8432-30636972f5a2@group-A7AD55EE2C31-SegmentedRaftLog: purge 20
2021-05-31 14:16:34,888 [fc8d0b26-40fd-4e75-8432-30636972f5a2@group-A7AD55EE2C31-StateMachineUpdater] INFO  raftlog.RaftLog (RaftLogBase.java:lambda$new$0(53)) - fc8d0b26-40fd-4e75-8432-30636972f5a2@group-A7AD55EE2C31-SegmentedRaftLog: snapshotIndex: updateIncreasingly 15 -> 20
2021-05-31 14:16:34,888 [fc8d0b26-40fd-4e75-8432-30636972f5a2@group-A7AD55EE2C31-StateMachineUpdater] INFO  raftlog.RaftLog (RaftLogBase.java:lambda$new$0(53)) - fc8d0b26-40fd-4e75-8432-30636972f5a2@group-A7AD55EE2C31-SegmentedRaftLog: purgeIndex: updateToMax old=15, new=20, updated? true
2021-05-31 14:16:34,890 [EventQueue-PipelineReportForPipelineReportHandler] INFO  ha.SCMHAInvocationHandler (SCMHAInvocationHandler.java:invokeRatis(113)) - Invoking method public abstract void org.apache.hadoop.hdds.scm.pipeline.StateManager.updatePipelineState(org.apache.hadoop.hdds.protocol.proto.HddsProtos$PipelineID,org.apache.hadoop.hdds.protocol.proto.HddsProtos$PipelineState) throws java.io.IOException on target org.apache.hadoop.hdds.scm.ha.SCMRatisServerImpl@208eb941, cost 12747.925us
2021-05-31 14:16:34,890 [EventQueue-OpenPipelineForHealthyPipelineSafeModeRule] INFO  safemode.SCMSafeModeManager (HealthyPipelineSafeModeRule.java:process(130)) - SCM in safe mode. Healthy pipelines reported count is 0, required healthy pipeline reported count is 1
2021-05-31 14:16:34,895 [pool-126-thread-1] INFO  server.RaftServerConfigKeys (ConfUtils.java:logGet(44)) - raft.server.snapshot.auto.trigger.enabled = true (custom)
2021-05-31 14:16:34,895 [pool-126-thread-1] INFO  server.RaftServerConfigKeys (ConfUtils.java:logGet(44)) - raft.server.snapshot.auto.trigger.threshold = 10000 (custom)
2021-05-31 14:16:34,895 [pool-126-thread-1] INFO  server.RaftServerConfigKeys (ConfUtils.java:logGet(44)) - raft.server.snapshot.retention.file.num = 5 (custom)
2021-05-31 14:16:34,896 [pool-126-thread-1] INFO  server.RaftServerConfigKeys (ConfUtils.java:logGet(44)) - raft.server.log.purge.upto.snapshot.index = false (default)
2021-05-31 14:16:34,896 [pool-126-thread-1] INFO  server.RaftServerConfigKeys (ConfUtils.java:logGet(44)) - raft.server.retrycache.expirytime = 600000ms (custom)
2021-05-31 14:16:34,896 [pool-126-thread-1] INFO  server.RaftServerConfigKeys (ConfUtils.java:logGet(44)) - raft.server.retrycache.statistics.expirytime = 100μs (default)
2021-05-31 14:16:34,896 [pool-126-thread-1] INFO  metrics.RatisMetrics (RatisMetrics.java:lambda$create$0(36)) - Creating Metrics Registry : ratis.leader_election.21f06eab-63c8-43fd-b305-f7c41bc87438@group-52DFBD58E75D
2021-05-31 14:16:34,896 [pool-126-thread-1] INFO  metrics.RatisMetrics (RatisMetrics.java:lambda$create$0(36)) - Creating Metrics Registry : ratis.server.21f06eab-63c8-43fd-b305-f7c41bc87438@group-52DFBD58E75D
2021-05-31 14:16:34,897 [pool-126-thread-1] INFO  server.RaftServer$Division (RaftServerImpl.java:start(295)) - 21f06eab-63c8-43fd-b305-f7c41bc87438@group-249122FFF215: start as a follower, conf=-1: [21f06eab-63c8-43fd-b305-f7c41bc87438|rpc:127.0.0.1:43533|dataStream:|priority:0, e4951dd4-f4df-4d2e-bd67-fe61550133c1|rpc:127.0.0.1:42453|dataStream:|priority:0, bda778da-51f4-4847-bee0-b4babae878aa|rpc:127.0.0.1:32951|dataStream:|priority:1], old=null
2021-05-31 14:16:34,902 [Command processor thread] INFO  metrics.RatisMetrics (RatisMetrics.java:lambda$create$0(36)) - Creating Metrics Registry : ratis.client_message_metrics.client-9ADA658DC3A5->21f06eab-63c8-43fd-b305-f7c41bc87438
2021-05-31 14:16:34,907 [pool-126-thread-1] INFO  server.RaftServer$Division (RaftServerImpl.java:setRole(284)) - 21f06eab-63c8-43fd-b305-f7c41bc87438@group-249122FFF215: changes role from      null to FOLLOWER at term 0 for startAsFollower
2021-05-31 14:16:34,907 [pool-126-thread-1] INFO  impl.RoleInfo (RoleInfo.java:updateAndGet(130)) - 21f06eab-63c8-43fd-b305-f7c41bc87438: start 21f06eab-63c8-43fd-b305-f7c41bc87438@group-249122FFF215-FollowerState
2021-05-31 14:16:34,908 [pool-126-thread-1] INFO  util.JmxRegister (JmxRegister.java:tryRegister(44)) - Successfully registered JMX Bean with object name Ratis:service=RaftServer,group=group-249122FFF215,id=21f06eab-63c8-43fd-b305-f7c41bc87438
2021-05-31 14:16:34,908 [pool-126-thread-1] INFO  metrics.RatisMetrics (RatisMetrics.java:lambda$create$0(36)) - Creating Metrics Registry : ratis.state_machine.21f06eab-63c8-43fd-b305-f7c41bc87438@group-249122FFF215
2021-05-31 14:16:34,913 [pool-126-thread-1] INFO  server.RaftServer$Division (RaftServerImpl.java:start(295)) - 21f06eab-63c8-43fd-b305-f7c41bc87438@group-52DFBD58E75D: start as a follower, conf=-1: [21f06eab-63c8-43fd-b305-f7c41bc87438|rpc:127.0.0.1:43533|priority:1], old=null
2021-05-31 14:16:34,913 [pool-126-thread-1] INFO  server.RaftServer$Division (RaftServerImpl.java:setRole(284)) - 21f06eab-63c8-43fd-b305-f7c41bc87438@group-52DFBD58E75D: changes role from      null to FOLLOWER at term 0 for startAsFollower
2021-05-31 14:16:34,914 [pool-126-thread-1] INFO  impl.RoleInfo (RoleInfo.java:updateAndGet(130)) - 21f06eab-63c8-43fd-b305-f7c41bc87438: start 21f06eab-63c8-43fd-b305-f7c41bc87438@group-52DFBD58E75D-FollowerState
2021-05-31 14:16:34,919 [pool-126-thread-1] INFO  util.JmxRegister (JmxRegister.java:tryRegister(44)) - Successfully registered JMX Bean with object name Ratis:service=RaftServer,group=group-52DFBD58E75D,id=21f06eab-63c8-43fd-b305-f7c41bc87438
2021-05-31 14:16:34,919 [pool-126-thread-1] INFO  metrics.RatisMetrics (RatisMetrics.java:lambda$create$0(36)) - Creating Metrics Registry : ratis.state_machine.21f06eab-63c8-43fd-b305-f7c41bc87438@group-52DFBD58E75D
2021-05-31 14:16:34,924 [Command processor thread] INFO  ratis.XceiverServerRatis (XceiverServerRatis.java:addGroup(808)) - Created group PipelineID=ed7a5838-6f04-4a61-8b70-52dfbd58e75d
2021-05-31 14:16:34,924 [Command processor thread] INFO  commandhandler.CreatePipelineCommandHandler (CreatePipelineCommandHandler.java:handle(106)) - Created Pipeline RATIS ONE PipelineID=ed7a5838-6f04-4a61-8b70-52dfbd58e75d.
2021-05-31 14:16:34,924 [Command processor thread] INFO  server.RaftServer (RaftServerProxy.java:addNew(95)) - 21f06eab-63c8-43fd-b305-f7c41bc87438: addNew group-914A9C454EC2:[21f06eab-63c8-43fd-b305-f7c41bc87438|rpc:127.0.0.1:43533|priority:0, e4951dd4-f4df-4d2e-bd67-fe61550133c1|rpc:127.0.0.1:42453|priority:1, bda778da-51f4-4847-bee0-b4babae878aa|rpc:127.0.0.1:32951|priority:0] returns group-914A9C454EC2:java.util.concurrent.CompletableFuture@36fcbc2[Not completed]
2021-05-31 14:16:34,925 [pool-126-thread-1] INFO  server.RaftServer$Division (RaftServerImpl.java:<init>(180)) - 21f06eab-63c8-43fd-b305-f7c41bc87438: new RaftServerImpl for group-914A9C454EC2:[21f06eab-63c8-43fd-b305-f7c41bc87438|rpc:127.0.0.1:43533|priority:0, e4951dd4-f4df-4d2e-bd67-fe61550133c1|rpc:127.0.0.1:42453|priority:1, bda778da-51f4-4847-bee0-b4babae878aa|rpc:127.0.0.1:32951|priority:0] with ContainerStateMachine:uninitialized
2021-05-31 14:16:34,925 [pool-126-thread-1] INFO  server.RaftServerConfigKeys (ConfUtils.java:logGet(44)) - raft.server.rpc.timeout.min = 5s (custom)
2021-05-31 14:16:34,925 [pool-126-thread-1] INFO  server.RaftServerConfigKeys (ConfUtils.java:logGet(44)) - raft.server.rpc.timeout.max = 5200ms (custom)
2021-05-31 14:16:34,925 [pool-126-thread-1] INFO  server.RaftServerConfigKeys (ConfUtils.java:logGet(44)) - raft.server.rpc.sleep.time = 25ms (default)
2021-05-31 14:16:34,925 [pool-126-thread-1] INFO  server.RaftServerConfigKeys (ConfUtils.java:logGet(44)) - raft.server.rpc.slowness.timeout = 300s (custom)
2021-05-31 14:16:34,925 [pool-126-thread-1] INFO  server.RaftServerConfigKeys (ConfUtils.java:logGet(44)) - raft.server.leaderelection.leader.step-down.wait-time = 10s (default)
2021-05-31 14:16:34,925 [pool-126-thread-1] INFO  server.RaftServerConfigKeys (ConfUtils.java:logGet(44)) - raft.server.sleep.deviation.threshold = 300ms (default)
2021-05-31 14:16:34,925 [pool-126-thread-1] INFO  server.RaftServerConfigKeys (ConfUtils.java:logGet(44)) - raft.server.log.appender.install.snapshot.enabled = false (custom)
2021-05-31 14:16:34,925 [pool-126-thread-1] INFO  server.RaftServer$Division (ServerState.java:<init>(105)) - 21f06eab-63c8-43fd-b305-f7c41bc87438@group-914A9C454EC2: ConfigurationManager, init=-1: [21f06eab-63c8-43fd-b305-f7c41bc87438|rpc:127.0.0.1:43533|priority:0, e4951dd4-f4df-4d2e-bd67-fe61550133c1|rpc:127.0.0.1:42453|priority:1, bda778da-51f4-4847-bee0-b4babae878aa|rpc:127.0.0.1:32951|priority:0], old=null, confs=<EMPTY_MAP>
2021-05-31 14:16:34,925 [pool-126-thread-1] INFO  server.RaftServerConfigKeys (ConfUtils.java:logGet(44)) - raft.server.storage.dir = [/home/runner/work/ozone/ozone/mnt/ozone/hadoop-ozone/integration-test/target/test-dir/MiniOzoneClusterImpl-54085720-bde5-45d4-8ce8-a7ad55ee2c31/datanode-2/data/ratis] (custom)
2021-05-31 14:16:34,925 [pool-126-thread-1] INFO  server.RaftServerConfigKeys (ConfUtils.java:logGet(44)) - raft.server.log.corruption.policy = EXCEPTION (default)
2021-05-31 14:16:34,925 [pool-126-thread-1] INFO  storage.RaftStorageDirectory (RaftStorageDirectoryImpl.java:analyzeStorage(132)) - The storage directory /home/runner/work/ozone/ozone/mnt/ozone/hadoop-ozone/integration-test/target/test-dir/MiniOzoneClusterImpl-54085720-bde5-45d4-8ce8-a7ad55ee2c31/datanode-2/data/ratis/8cd76b9d-6141-408e-890d-914a9c454ec2 does not exist. Creating ...
2021-05-31 14:16:34,928 [pool-126-thread-1] INFO  storage.RaftStorageDirectory (RaftStorageDirectoryImpl.java:tryLock(215)) - Lock on /home/runner/work/ozone/ozone/mnt/ozone/hadoop-ozone/integration-test/target/test-dir/MiniOzoneClusterImpl-54085720-bde5-45d4-8ce8-a7ad55ee2c31/datanode-2/data/ratis/8cd76b9d-6141-408e-890d-914a9c454ec2/in_use.lock acquired by nodename 5470@fv-az148-586
2021-05-31 14:16:34,931 [pool-126-thread-1] INFO  storage.RaftStorage (RaftStorageImpl.java:format(87)) - Storage directory /home/runner/work/ozone/ozone/mnt/ozone/hadoop-ozone/integration-test/target/test-dir/MiniOzoneClusterImpl-54085720-bde5-45d4-8ce8-a7ad55ee2c31/datanode-2/data/ratis/8cd76b9d-6141-408e-890d-914a9c454ec2 has been successfully formatted.
2021-05-31 14:16:34,931 [pool-126-thread-1] INFO  ratis.ContainerStateMachine (ContainerStateMachine.java:loadSnapshot(224)) - group-914A9C454EC2: The snapshot info is null. Setting the last applied indexto:(t:0, i:~)
2021-05-31 14:16:34,933 [EventQueue-PipelineReportForOneReplicaPipelineSafeModeRule] INFO  safemode.SCMSafeModeManager (SCMSafeModeManager.java:validateSafeModeExitRules(201)) - AtleastOneDatanodeReportedRule rule is successfully validated
2021-05-31 14:16:34,933 [EventQueue-OpenPipelineForHealthyPipelineSafeModeRule] INFO  safemode.SCMSafeModeManager (HealthyPipelineSafeModeRule.java:process(130)) - SCM in safe mode. Healthy pipelines reported count is 0, required healthy pipeline reported count is 1
2021-05-31 14:16:34,933 [pool-126-thread-1] INFO  server.RaftServerConfigKeys (ConfUtils.java:logGet(44)) - raft.server.notification.no-leader.timeout = 300s (custom)
2021-05-31 14:16:34,933 [pool-126-thread-1] INFO  server.RaftServerConfigKeys (ConfUtils.java:logGet(44)) - raft.server.log.use.memory = false (default)
2021-05-31 14:16:34,933 [pool-126-thread-1] INFO  server.RaftServerConfigKeys (ConfUtils.java:logGet(44)) - raft.server.log.purge.gap = 1000000 (custom)
2021-05-31 14:16:34,933 [pool-126-thread-1] INFO  server.RaftServerConfigKeys (ConfUtils.java:logGet(44)) - raft.server.log.appender.buffer.byte-limit = 33554432 (custom)
2021-05-31 14:16:34,933 [pool-126-thread-1] INFO  metrics.RatisMetrics (RatisMetrics.java:lambda$create$0(36)) - Creating Metrics Registry : ratis.log_worker.21f06eab-63c8-43fd-b305-f7c41bc87438@group-914A9C454EC2
2021-05-31 14:16:34,935 [EventQueue-PipelineReportForOneReplicaPipelineSafeModeRule] INFO  safemode.SCMSafeModeManager (SCMSafeModeManager.java:validateSafeModeExitRules(201)) - AtleastOneDatanodeReportedRule rule is successfully validated
2021-05-31 14:16:34,935 [EventQueue-OpenPipelineForHealthyPipelineSafeModeRule] INFO  safemode.SCMSafeModeManager (HealthyPipelineSafeModeRule.java:process(130)) - SCM in safe mode. Healthy pipelines reported count is 0, required healthy pipeline reported count is 1
2021-05-31 14:16:34,935 [pool-126-thread-1] INFO  server.RaftServerConfigKeys (ConfUtils.java:logGet(44)) - raft.server.log.segment.size.max = 1048576 (custom)
2021-05-31 14:16:34,935 [pool-126-thread-1] INFO  server.RaftServerConfigKeys (ConfUtils.java:logGet(44)) - raft.server.log.segment.cache.num.max = 2 (custom)
2021-05-31 14:16:34,936 [pool-126-thread-1] INFO  server.RaftServerConfigKeys (ConfUtils.java:logGet(44)) - raft.server.log.segment.cache.size.max = 200MB (=209715200) (default)
2021-05-31 14:16:34,936 [pool-126-thread-1] INFO  segmented.SegmentedRaftLogWorker (SegmentedRaftLogWorker.java:<init>(182)) - new 21f06eab-63c8-43fd-b305-f7c41bc87438@group-914A9C454EC2-SegmentedRaftLogWorker for RaftStorageImpl:Storage Directory /home/runner/work/ozone/ozone/mnt/ozone/hadoop-ozone/integration-test/target/test-dir/MiniOzoneClusterImpl-54085720-bde5-45d4-8ce8-a7ad55ee2c31/datanode-2/data/ratis/8cd76b9d-6141-408e-890d-914a9c454ec2
2021-05-31 14:16:34,936 [pool-126-thread-1] INFO  server.RaftServerConfigKeys (ConfUtils.java:logGet(44)) - raft.server.log.queue.byte-limit = 2147483647 (custom)
2021-05-31 14:16:34,936 [pool-126-thread-1] INFO  server.RaftServerConfigKeys (ConfUtils.java:logGet(44)) - raft.server.log.queue.element-limit = 1024 (custom)
2021-05-31 14:16:34,936 [pool-126-thread-1] INFO  server.RaftServerConfigKeys (ConfUtils.java:logGet(44)) - raft.server.log.segment.size.max = 1048576 (custom)
2021-05-31 14:16:34,936 [pool-126-thread-1] INFO  server.RaftServerConfigKeys (ConfUtils.java:logGet(44)) - raft.server.log.preallocated.size = 16384 (custom)
2021-05-31 14:16:34,936 [pool-126-thread-1] INFO  server.RaftServerConfigKeys (ConfUtils.java:logGet(44)) - raft.server.log.force.sync.num = 128 (default)
2021-05-31 14:16:34,936 [pool-126-thread-1] INFO  server.RaftServerConfigKeys (ConfUtils.java:logGet(44)) - raft.server.log.statemachine.data.sync = true (default)
2021-05-31 14:16:34,936 [pool-126-thread-1] INFO  server.RaftServerConfigKeys (ConfUtils.java:logGet(44)) - raft.server.log.statemachine.data.sync.timeout = 10s (default)
2021-05-31 14:16:34,936 [pool-126-thread-1] INFO  server.RaftServerConfigKeys (ConfUtils.java:logGet(44)) - raft.server.log.statemachine.data.sync.timeout.retry = -1 (default)
2021-05-31 14:16:34,937 [pool-126-thread-1] INFO  server.RaftServerConfigKeys (ConfUtils.java:logGet(44)) - raft.server.log.write.buffer.size = 1048576 (custom)
2021-05-31 14:16:34,937 [pool-126-thread-1] INFO  server.RaftServerConfigKeys (ConfUtils.java:logGet(44)) - raft.server.log.statemachine.data.caching.enabled = true (custom)
2021-05-31 14:16:34,937 [pool-126-thread-1] INFO  segmented.SegmentedRaftLogWorker (SegmentedRaftLogWorker.java:lambda$new$0(133)) - 21f06eab-63c8-43fd-b305-f7c41bc87438@group-914A9C454EC2-SegmentedRaftLogWorker: flushIndex: setUnconditionally 0 -> -1
2021-05-31 14:16:34,937 [pool-126-thread-1] INFO  segmented.SegmentedRaftLogWorker (SegmentedRaftLogWorker.java:lambda$new$0(133)) - 21f06eab-63c8-43fd-b305-f7c41bc87438@group-914A9C454EC2-SegmentedRaftLogWorker: safeCacheEvictIndex: setUnconditionally 0 -> -1
2021-05-31 14:16:34,937 [pool-126-thread-1] INFO  server.RaftServerConfigKeys (ConfUtils.java:logGet(44)) - raft.server.snapshot.auto.trigger.enabled = true (custom)
2021-05-31 14:16:34,937 [pool-126-thread-1] INFO  server.RaftServerConfigKeys (ConfUtils.java:logGet(44)) - raft.server.snapshot.auto.trigger.threshold = 10000 (custom)
2021-05-31 14:16:34,938 [pool-126-thread-1] INFO  server.RaftServerConfigKeys (ConfUtils.java:logGet(44)) - raft.server.snapshot.retention.file.num = 5 (custom)
2021-05-31 14:16:34,938 [pool-126-thread-1] INFO  server.RaftServerConfigKeys (ConfUtils.java:logGet(44)) - raft.server.log.purge.upto.snapshot.index = false (default)
2021-05-31 14:16:34,938 [pool-126-thread-1] INFO  server.RaftServerConfigKeys (ConfUtils.java:logGet(44)) - raft.server.retrycache.expirytime = 600000ms (custom)
2021-05-31 14:16:34,938 [pool-126-thread-1] INFO  server.RaftServerConfigKeys (ConfUtils.java:logGet(44)) - raft.server.retrycache.statistics.expirytime = 100μs (default)
2021-05-31 14:16:34,938 [pool-126-thread-1] INFO  metrics.RatisMetrics (RatisMetrics.java:lambda$create$0(36)) - Creating Metrics Registry : ratis.leader_election.21f06eab-63c8-43fd-b305-f7c41bc87438@group-914A9C454EC2
2021-05-31 14:16:34,938 [pool-126-thread-1] INFO  metrics.RatisMetrics (RatisMetrics.java:lambda$create$0(36)) - Creating Metrics Registry : ratis.server.21f06eab-63c8-43fd-b305-f7c41bc87438@group-914A9C454EC2
2021-05-31 14:16:34,939 [pool-126-thread-1] INFO  server.RaftServer$Division (RaftServerImpl.java:start(295)) - 21f06eab-63c8-43fd-b305-f7c41bc87438@group-914A9C454EC2: start as a follower, conf=-1: [21f06eab-63c8-43fd-b305-f7c41bc87438|rpc:127.0.0.1:43533|priority:0, e4951dd4-f4df-4d2e-bd67-fe61550133c1|rpc:127.0.0.1:42453|priority:1, bda778da-51f4-4847-bee0-b4babae878aa|rpc:127.0.0.1:32951|priority:0], old=null
2021-05-31 14:16:34,939 [pool-126-thread-1] INFO  server.RaftServer$Division (RaftServerImpl.java:setRole(284)) - 21f06eab-63c8-43fd-b305-f7c41bc87438@group-914A9C454EC2: changes role from      null to FOLLOWER at term 0 for startAsFollower
2021-05-31 14:16:34,939 [pool-126-thread-1] INFO  impl.RoleInfo (RoleInfo.java:updateAndGet(130)) - 21f06eab-63c8-43fd-b305-f7c41bc87438: start 21f06eab-63c8-43fd-b305-f7c41bc87438@group-914A9C454EC2-FollowerState
2021-05-31 14:16:34,939 [pool-126-thread-1] INFO  util.JmxRegister (JmxRegister.java:tryRegister(44)) - Successfully registered JMX Bean with object name Ratis:service=RaftServer,group=group-914A9C454EC2,id=21f06eab-63c8-43fd-b305-f7c41bc87438
2021-05-31 14:16:34,939 [pool-126-thread-1] INFO  metrics.RatisMetrics (RatisMetrics.java:lambda$create$0(36)) - Creating Metrics Registry : ratis.state_machine.21f06eab-63c8-43fd-b305-f7c41bc87438@group-914A9C454EC2
2021-05-31 14:16:34,942 [Command processor thread] INFO  ratis.XceiverServerRatis (XceiverServerRatis.java:addGroup(808)) - Created group PipelineID=8cd76b9d-6141-408e-890d-914a9c454ec2
2021-05-31 14:16:34,943 [Command processor thread] INFO  metrics.RatisMetrics (RatisMetrics.java:lambda$create$0(36)) - Creating Metrics Registry : ratis.client_message_metrics.client-993F250617E9->e4951dd4-f4df-4d2e-bd67-fe61550133c1
2021-05-31 14:16:34,951 [Command processor thread] INFO  commandhandler.CreatePipelineCommandHandler (CreatePipelineCommandHandler.java:handle(106)) - Created Pipeline RATIS THREE PipelineID=95a153cd-5601-43af-81b8-249122fff215.
2021-05-31 14:16:34,958 [Command processor thread] INFO  metrics.RatisMetrics (RatisMetrics.java:lambda$create$0(36)) - Creating Metrics Registry : ratis.client_message_metrics.client-D392778FFDBE->e4951dd4-f4df-4d2e-bd67-fe61550133c1
2021-05-31 14:16:34,960 [Command processor thread] INFO  server.RaftServer (RaftServerProxy.java:addNew(95)) - e4951dd4-f4df-4d2e-bd67-fe61550133c1: addNew group-914A9C454EC2:[21f06eab-63c8-43fd-b305-f7c41bc87438|rpc:127.0.0.1:43533|priority:0, e4951dd4-f4df-4d2e-bd67-fe61550133c1|rpc:127.0.0.1:42453|priority:1, bda778da-51f4-4847-bee0-b4babae878aa|rpc:127.0.0.1:32951|priority:0] returns group-914A9C454EC2:java.util.concurrent.CompletableFuture@77a3ff8a[Not completed]
2021-05-31 14:16:34,961 [pool-86-thread-1] INFO  server.RaftServer$Division (RaftServerImpl.java:<init>(180)) - e4951dd4-f4df-4d2e-bd67-fe61550133c1: new RaftServerImpl for group-914A9C454EC2:[21f06eab-63c8-43fd-b305-f7c41bc87438|rpc:127.0.0.1:43533|priority:0, e4951dd4-f4df-4d2e-bd67-fe61550133c1|rpc:127.0.0.1:42453|priority:1, bda778da-51f4-4847-bee0-b4babae878aa|rpc:127.0.0.1:32951|priority:0] with ContainerStateMachine:uninitialized
2021-05-31 14:16:34,961 [pool-86-thread-1] INFO  server.RaftServerConfigKeys (ConfUtils.java:logGet(44)) - raft.server.rpc.timeout.min = 5s (custom)
2021-05-31 14:16:34,961 [pool-86-thread-1] INFO  server.RaftServerConfigKeys (ConfUtils.java:logGet(44)) - raft.server.rpc.timeout.max = 5200ms (custom)
2021-05-31 14:16:34,961 [pool-86-thread-1] INFO  server.RaftServerConfigKeys (ConfUtils.java:logGet(44)) - raft.server.rpc.sleep.time = 25ms (default)
2021-05-31 14:16:34,961 [pool-86-thread-1] INFO  server.RaftServerConfigKeys (ConfUtils.java:logGet(44)) - raft.server.rpc.slowness.timeout = 300s (custom)
2021-05-31 14:16:34,961 [pool-86-thread-1] INFO  server.RaftServerConfigKeys (ConfUtils.java:logGet(44)) - raft.server.leaderelection.leader.step-down.wait-time = 10s (default)
2021-05-31 14:16:34,961 [pool-86-thread-1] INFO  server.RaftServerConfigKeys (ConfUtils.java:logGet(44)) - raft.server.sleep.deviation.threshold = 300ms (default)
2021-05-31 14:16:34,961 [pool-86-thread-1] INFO  server.RaftServerConfigKeys (ConfUtils.java:logGet(44)) - raft.server.log.appender.install.snapshot.enabled = false (custom)
2021-05-31 14:16:34,961 [pool-86-thread-1] INFO  server.RaftServer$Division (ServerState.java:<init>(105)) - e4951dd4-f4df-4d2e-bd67-fe61550133c1@group-914A9C454EC2: ConfigurationManager, init=-1: [21f06eab-63c8-43fd-b305-f7c41bc87438|rpc:127.0.0.1:43533|priority:0, e4951dd4-f4df-4d2e-bd67-fe61550133c1|rpc:127.0.0.1:42453|priority:1, bda778da-51f4-4847-bee0-b4babae878aa|rpc:127.0.0.1:32951|priority:0], old=null, confs=<EMPTY_MAP>
2021-05-31 14:16:34,961 [pool-86-thread-1] INFO  server.RaftServerConfigKeys (ConfUtils.java:logGet(44)) - raft.server.storage.dir = [/home/runner/work/ozone/ozone/mnt/ozone/hadoop-ozone/integration-test/target/test-dir/MiniOzoneClusterImpl-54085720-bde5-45d4-8ce8-a7ad55ee2c31/datanode-0/data/ratis] (custom)
2021-05-31 14:16:34,961 [pool-86-thread-1] INFO  server.RaftServerConfigKeys (ConfUtils.java:logGet(44)) - raft.server.log.corruption.policy = EXCEPTION (default)
2021-05-31 14:16:34,962 [pool-86-thread-1] INFO  storage.RaftStorageDirectory (RaftStorageDirectoryImpl.java:analyzeStorage(132)) - The storage directory /home/runner/work/ozone/ozone/mnt/ozone/hadoop-ozone/integration-test/target/test-dir/MiniOzoneClusterImpl-54085720-bde5-45d4-8ce8-a7ad55ee2c31/datanode-0/data/ratis/8cd76b9d-6141-408e-890d-914a9c454ec2 does not exist. Creating ...
2021-05-31 14:16:34,963 [pool-86-thread-1] INFO  storage.RaftStorageDirectory (RaftStorageDirectoryImpl.java:tryLock(215)) - Lock on /home/runner/work/ozone/ozone/mnt/ozone/hadoop-ozone/integration-test/target/test-dir/MiniOzoneClusterImpl-54085720-bde5-45d4-8ce8-a7ad55ee2c31/datanode-0/data/ratis/8cd76b9d-6141-408e-890d-914a9c454ec2/in_use.lock acquired by nodename 5470@fv-az148-586
2021-05-31 14:16:34,966 [pool-86-thread-1] INFO  storage.RaftStorage (RaftStorageImpl.java:format(87)) - Storage directory /home/runner/work/ozone/ozone/mnt/ozone/hadoop-ozone/integration-test/target/test-dir/MiniOzoneClusterImpl-54085720-bde5-45d4-8ce8-a7ad55ee2c31/datanode-0/data/ratis/8cd76b9d-6141-408e-890d-914a9c454ec2 has been successfully formatted.
2021-05-31 14:16:34,969 [pool-86-thread-1] INFO  ratis.ContainerStateMachine (ContainerStateMachine.java:loadSnapshot(224)) - group-914A9C454EC2: The snapshot info is null. Setting the last applied indexto:(t:0, i:~)
2021-05-31 14:16:34,969 [pool-86-thread-1] INFO  server.RaftServerConfigKeys (ConfUtils.java:logGet(44)) - raft.server.notification.no-leader.timeout = 300s (custom)
2021-05-31 14:16:34,968 [grpc-default-executor-2] INFO  metrics.RatisMetrics (RatisMetrics.java:lambda$create$0(36)) - Creating Metrics Registry : ratis.server_message_metrics.e4951dd4-f4df-4d2e-bd67-fe61550133c1
2021-05-31 14:16:34,970 [pool-86-thread-1] INFO  server.RaftServerConfigKeys (ConfUtils.java:logGet(44)) - raft.server.log.use.memory = false (default)
2021-05-31 14:16:34,970 [pool-86-thread-1] INFO  server.RaftServerConfigKeys (ConfUtils.java:logGet(44)) - raft.server.log.purge.gap = 1000000 (custom)
2021-05-31 14:16:34,970 [pool-86-thread-1] INFO  server.RaftServerConfigKeys (ConfUtils.java:logGet(44)) - raft.server.log.appender.buffer.byte-limit = 33554432 (custom)
2021-05-31 14:16:34,970 [pool-86-thread-1] INFO  metrics.RatisMetrics (RatisMetrics.java:lambda$create$0(36)) - Creating Metrics Registry : ratis.log_worker.e4951dd4-f4df-4d2e-bd67-fe61550133c1@group-914A9C454EC2
2021-05-31 14:16:34,970 [pool-86-thread-1] INFO  server.RaftServerConfigKeys (ConfUtils.java:logGet(44)) - raft.server.log.segment.size.max = 1048576 (custom)
2021-05-31 14:16:34,971 [pool-86-thread-1] INFO  server.RaftServerConfigKeys (ConfUtils.java:logGet(44)) - raft.server.log.segment.cache.num.max = 2 (custom)
2021-05-31 14:16:34,971 [pool-86-thread-1] INFO  server.RaftServerConfigKeys (ConfUtils.java:logGet(44)) - raft.server.log.segment.cache.size.max = 200MB (=209715200) (default)
2021-05-31 14:16:34,971 [pool-86-thread-1] INFO  segmented.SegmentedRaftLogWorker (SegmentedRaftLogWorker.java:<init>(182)) - new e4951dd4-f4df-4d2e-bd67-fe61550133c1@group-914A9C454EC2-SegmentedRaftLogWorker for RaftStorageImpl:Storage Directory /home/runner/work/ozone/ozone/mnt/ozone/hadoop-ozone/integration-test/target/test-dir/MiniOzoneClusterImpl-54085720-bde5-45d4-8ce8-a7ad55ee2c31/datanode-0/data/ratis/8cd76b9d-6141-408e-890d-914a9c454ec2
2021-05-31 14:16:34,971 [pool-86-thread-1] INFO  server.RaftServerConfigKeys (ConfUtils.java:logGet(44)) - raft.server.log.queue.byte-limit = 2147483647 (custom)
2021-05-31 14:16:34,971 [pool-86-thread-1] INFO  server.RaftServerConfigKeys (ConfUtils.java:logGet(44)) - raft.server.log.queue.element-limit = 1024 (custom)
2021-05-31 14:16:34,971 [pool-86-thread-1] INFO  server.RaftServerConfigKeys (ConfUtils.java:logGet(44)) - raft.server.log.segment.size.max = 1048576 (custom)
2021-05-31 14:16:34,971 [pool-86-thread-1] INFO  server.RaftServerConfigKeys (ConfUtils.java:logGet(44)) - raft.server.log.preallocated.size = 16384 (custom)
2021-05-31 14:16:34,971 [pool-86-thread-1] INFO  server.RaftServerConfigKeys (ConfUtils.java:logGet(44)) - raft.server.log.force.sync.num = 128 (default)
2021-05-31 14:16:34,971 [pool-86-thread-1] INFO  server.RaftServerConfigKeys (ConfUtils.java:logGet(44)) - raft.server.log.statemachine.data.sync = true (default)
2021-05-31 14:16:34,971 [pool-86-thread-1] INFO  server.RaftServerConfigKeys (ConfUtils.java:logGet(44)) - raft.server.log.statemachine.data.sync.timeout = 10s (default)
2021-05-31 14:16:34,971 [pool-86-thread-1] INFO  server.RaftServerConfigKeys (ConfUtils.java:logGet(44)) - raft.server.log.statemachine.data.sync.timeout.retry = -1 (default)
2021-05-31 14:16:34,972 [EventQueue-OpenPipelineForHealthyPipelineSafeModeRule] INFO  safemode.SCMSafeModeManager (HealthyPipelineSafeModeRule.java:process(130)) - SCM in safe mode. Healthy pipelines reported count is 0, required healthy pipeline reported count is 1
2021-05-31 14:16:34,972 [EventQueue-PipelineReportForOneReplicaPipelineSafeModeRule] INFO  safemode.SCMSafeModeManager (SCMSafeModeManager.java:validateSafeModeExitRules(201)) - AtleastOneDatanodeReportedRule rule is successfully validated
2021-05-31 14:16:34,973 [pool-86-thread-1] INFO  server.RaftServerConfigKeys (ConfUtils.java:logGet(44)) - raft.server.log.write.buffer.size = 1048576 (custom)
2021-05-31 14:16:34,974 [pool-86-thread-1] INFO  server.RaftServerConfigKeys (ConfUtils.java:logGet(44)) - raft.server.log.statemachine.data.caching.enabled = true (custom)
2021-05-31 14:16:34,975 [pool-86-thread-1] INFO  segmented.SegmentedRaftLogWorker (SegmentedRaftLogWorker.java:lambda$new$0(133)) - e4951dd4-f4df-4d2e-bd67-fe61550133c1@group-914A9C454EC2-SegmentedRaftLogWorker: flushIndex: setUnconditionally 0 -> -1
2021-05-31 14:16:34,975 [pool-86-thread-1] INFO  segmented.SegmentedRaftLogWorker (SegmentedRaftLogWorker.java:lambda$new$0(133)) - e4951dd4-f4df-4d2e-bd67-fe61550133c1@group-914A9C454EC2-SegmentedRaftLogWorker: safeCacheEvictIndex: setUnconditionally 0 -> -1
2021-05-31 14:16:34,983 [pool-86-thread-1] INFO  server.RaftServerConfigKeys (ConfUtils.java:logGet(44)) - raft.server.snapshot.auto.trigger.enabled = true (custom)
2021-05-31 14:16:34,983 [pool-86-thread-1] INFO  server.RaftServerConfigKeys (ConfUtils.java:logGet(44)) - raft.server.snapshot.auto.trigger.threshold = 10000 (custom)
2021-05-31 14:16:34,983 [pool-86-thread-1] INFO  server.RaftServerConfigKeys (ConfUtils.java:logGet(44)) - raft.server.snapshot.retention.file.num = 5 (custom)
2021-05-31 14:16:34,983 [pool-86-thread-1] INFO  server.RaftServerConfigKeys (ConfUtils.java:logGet(44)) - raft.server.log.purge.upto.snapshot.index = false (default)
2021-05-31 14:16:34,984 [pool-86-thread-1] INFO  server.RaftServerConfigKeys (ConfUtils.java:logGet(44)) - raft.server.retrycache.expirytime = 600000ms (custom)
2021-05-31 14:16:34,984 [pool-86-thread-1] INFO  server.RaftServerConfigKeys (ConfUtils.java:logGet(44)) - raft.server.retrycache.statistics.expirytime = 100μs (default)
2021-05-31 14:16:34,984 [pool-86-thread-1] INFO  metrics.RatisMetrics (RatisMetrics.java:lambda$create$0(36)) - Creating Metrics Registry : ratis.leader_election.e4951dd4-f4df-4d2e-bd67-fe61550133c1@group-914A9C454EC2
2021-05-31 14:16:34,984 [pool-86-thread-1] INFO  metrics.RatisMetrics (RatisMetrics.java:lambda$create$0(36)) - Creating Metrics Registry : ratis.server.e4951dd4-f4df-4d2e-bd67-fe61550133c1@group-914A9C454EC2
2021-05-31 14:16:34,984 [pool-86-thread-1] INFO  server.RaftServer$Division (RaftServerImpl.java:start(295)) - e4951dd4-f4df-4d2e-bd67-fe61550133c1@group-914A9C454EC2: start as a follower, conf=-1: [21f06eab-63c8-43fd-b305-f7c41bc87438|rpc:127.0.0.1:43533|priority:0, e4951dd4-f4df-4d2e-bd67-fe61550133c1|rpc:127.0.0.1:42453|priority:1, bda778da-51f4-4847-bee0-b4babae878aa|rpc:127.0.0.1:32951|priority:0], old=null
2021-05-31 14:16:34,984 [pool-86-thread-1] INFO  server.RaftServer$Division (RaftServerImpl.java:setRole(284)) - e4951dd4-f4df-4d2e-bd67-fe61550133c1@group-914A9C454EC2: changes role from      null to FOLLOWER at term 0 for startAsFollower
2021-05-31 14:16:34,985 [pool-86-thread-1] INFO  impl.RoleInfo (RoleInfo.java:updateAndGet(130)) - e4951dd4-f4df-4d2e-bd67-fe61550133c1: start e4951dd4-f4df-4d2e-bd67-fe61550133c1@group-914A9C454EC2-FollowerState
2021-05-31 14:16:34,987 [pool-86-thread-1] INFO  util.JmxRegister (JmxRegister.java:tryRegister(44)) - Successfully registered JMX Bean with object name Ratis:service=RaftServer,group=group-914A9C454EC2,id=e4951dd4-f4df-4d2e-bd67-fe61550133c1
2021-05-31 14:16:34,987 [pool-86-thread-1] INFO  metrics.RatisMetrics (RatisMetrics.java:lambda$create$0(36)) - Creating Metrics Registry : ratis.state_machine.e4951dd4-f4df-4d2e-bd67-fe61550133c1@group-914A9C454EC2
2021-05-31 14:16:34,988 [Command processor thread] INFO  ratis.XceiverServerRatis (XceiverServerRatis.java:addGroup(808)) - Created group PipelineID=8cd76b9d-6141-408e-890d-914a9c454ec2
2021-05-31 14:16:34,989 [Command processor thread] INFO  metrics.RatisMetrics (RatisMetrics.java:lambda$create$0(36)) - Creating Metrics Registry : ratis.client_message_metrics.client-CD30AAC56D79->21f06eab-63c8-43fd-b305-f7c41bc87438
2021-05-31 14:16:34,995 [Command processor thread] INFO  commandhandler.CreatePipelineCommandHandler (CreatePipelineCommandHandler.java:handle(106)) - Created Pipeline RATIS THREE PipelineID=95a153cd-5601-43af-81b8-249122fff215.
2021-05-31 14:16:34,995 [Command processor thread] INFO  server.RaftServer (RaftServerProxy.java:addNew(95)) - bda778da-51f4-4847-bee0-b4babae878aa: addNew group-914A9C454EC2:[21f06eab-63c8-43fd-b305-f7c41bc87438|rpc:127.0.0.1:43533|priority:0, e4951dd4-f4df-4d2e-bd67-fe61550133c1|rpc:127.0.0.1:42453|priority:1, bda778da-51f4-4847-bee0-b4babae878aa|rpc:127.0.0.1:32951|priority:0] returns group-914A9C454EC2:java.util.concurrent.CompletableFuture@56eb357d[Not completed]
2021-05-31 14:16:34,996 [pool-103-thread-1] INFO  server.RaftServer$Division (RaftServerImpl.java:<init>(180)) - bda778da-51f4-4847-bee0-b4babae878aa: new RaftServerImpl for group-914A9C454EC2:[21f06eab-63c8-43fd-b305-f7c41bc87438|rpc:127.0.0.1:43533|priority:0, e4951dd4-f4df-4d2e-bd67-fe61550133c1|rpc:127.0.0.1:42453|priority:1, bda778da-51f4-4847-bee0-b4babae878aa|rpc:127.0.0.1:32951|priority:0] with ContainerStateMachine:uninitialized
2021-05-31 14:16:34,996 [pool-103-thread-1] INFO  server.RaftServerConfigKeys (ConfUtils.java:logGet(44)) - raft.server.rpc.timeout.min = 5s (custom)
2021-05-31 14:16:34,996 [pool-103-thread-1] INFO  server.RaftServerConfigKeys (ConfUtils.java:logGet(44)) - raft.server.rpc.timeout.max = 5200ms (custom)
2021-05-31 14:16:34,996 [pool-103-thread-1] INFO  server.RaftServerConfigKeys (ConfUtils.java:logGet(44)) - raft.server.rpc.sleep.time = 25ms (default)
2021-05-31 14:16:34,997 [pool-103-thread-1] INFO  server.RaftServerConfigKeys (ConfUtils.java:logGet(44)) - raft.server.rpc.slowness.timeout = 300s (custom)
2021-05-31 14:16:34,997 [pool-103-thread-1] INFO  server.RaftServerConfigKeys (ConfUtils.java:logGet(44)) - raft.server.leaderelection.leader.step-down.wait-time = 10s (default)
2021-05-31 14:16:34,997 [pool-103-thread-1] INFO  server.RaftServerConfigKeys (ConfUtils.java:logGet(44)) - raft.server.sleep.deviation.threshold = 300ms (default)
2021-05-31 14:16:34,997 [pool-103-thread-1] INFO  server.RaftServerConfigKeys (ConfUtils.java:logGet(44)) - raft.server.log.appender.install.snapshot.enabled = false (custom)
2021-05-31 14:16:34,997 [pool-103-thread-1] INFO  server.RaftServer$Division (ServerState.java:<init>(105)) - bda778da-51f4-4847-bee0-b4babae878aa@group-914A9C454EC2: ConfigurationManager, init=-1: [21f06eab-63c8-43fd-b305-f7c41bc87438|rpc:127.0.0.1:43533|priority:0, e4951dd4-f4df-4d2e-bd67-fe61550133c1|rpc:127.0.0.1:42453|priority:1, bda778da-51f4-4847-bee0-b4babae878aa|rpc:127.0.0.1:32951|priority:0], old=null, confs=<EMPTY_MAP>
2021-05-31 14:16:34,997 [pool-103-thread-1] INFO  server.RaftServerConfigKeys (ConfUtils.java:logGet(44)) - raft.server.storage.dir = [/home/runner/work/ozone/ozone/mnt/ozone/hadoop-ozone/integration-test/target/test-dir/MiniOzoneClusterImpl-54085720-bde5-45d4-8ce8-a7ad55ee2c31/datanode-1/data/ratis] (custom)
2021-05-31 14:16:34,997 [pool-103-thread-1] INFO  server.RaftServerConfigKeys (ConfUtils.java:logGet(44)) - raft.server.log.corruption.policy = EXCEPTION (default)
2021-05-31 14:16:34,997 [pool-103-thread-1] INFO  storage.RaftStorageDirectory (RaftStorageDirectoryImpl.java:analyzeStorage(132)) - The storage directory /home/runner/work/ozone/ozone/mnt/ozone/hadoop-ozone/integration-test/target/test-dir/MiniOzoneClusterImpl-54085720-bde5-45d4-8ce8-a7ad55ee2c31/datanode-1/data/ratis/8cd76b9d-6141-408e-890d-914a9c454ec2 does not exist. Creating ...
2021-05-31 14:16:35,001 [pool-103-thread-1] INFO  storage.RaftStorageDirectory (RaftStorageDirectoryImpl.java:tryLock(215)) - Lock on /home/runner/work/ozone/ozone/mnt/ozone/hadoop-ozone/integration-test/target/test-dir/MiniOzoneClusterImpl-54085720-bde5-45d4-8ce8-a7ad55ee2c31/datanode-1/data/ratis/8cd76b9d-6141-408e-890d-914a9c454ec2/in_use.lock acquired by nodename 5470@fv-az148-586
2021-05-31 14:16:35,004 [pool-103-thread-1] INFO  storage.RaftStorage (RaftStorageImpl.java:format(87)) - Storage directory /home/runner/work/ozone/ozone/mnt/ozone/hadoop-ozone/integration-test/target/test-dir/MiniOzoneClusterImpl-54085720-bde5-45d4-8ce8-a7ad55ee2c31/datanode-1/data/ratis/8cd76b9d-6141-408e-890d-914a9c454ec2 has been successfully formatted.
2021-05-31 14:16:35,005 [pool-103-thread-1] INFO  ratis.ContainerStateMachine (ContainerStateMachine.java:loadSnapshot(224)) - group-914A9C454EC2: The snapshot info is null. Setting the last applied indexto:(t:0, i:~)
2021-05-31 14:16:35,005 [pool-103-thread-1] INFO  server.RaftServerConfigKeys (ConfUtils.java:logGet(44)) - raft.server.notification.no-leader.timeout = 300s (custom)
2021-05-31 14:16:35,005 [pool-103-thread-1] INFO  server.RaftServerConfigKeys (ConfUtils.java:logGet(44)) - raft.server.log.use.memory = false (default)
2021-05-31 14:16:35,005 [pool-103-thread-1] INFO  server.RaftServerConfigKeys (ConfUtils.java:logGet(44)) - raft.server.log.purge.gap = 1000000 (custom)
2021-05-31 14:16:35,005 [pool-103-thread-1] INFO  server.RaftServerConfigKeys (ConfUtils.java:logGet(44)) - raft.server.log.appender.buffer.byte-limit = 33554432 (custom)
2021-05-31 14:16:35,005 [pool-103-thread-1] INFO  metrics.RatisMetrics (RatisMetrics.java:lambda$create$0(36)) - Creating Metrics Registry : ratis.log_worker.bda778da-51f4-4847-bee0-b4babae878aa@group-914A9C454EC2
2021-05-31 14:16:35,006 [pool-103-thread-1] INFO  server.RaftServerConfigKeys (ConfUtils.java:logGet(44)) - raft.server.log.segment.size.max = 1048576 (custom)
2021-05-31 14:16:35,006 [pool-103-thread-1] INFO  server.RaftServerConfigKeys (ConfUtils.java:logGet(44)) - raft.server.log.segment.cache.num.max = 2 (custom)
2021-05-31 14:16:35,006 [pool-103-thread-1] INFO  server.RaftServerConfigKeys (ConfUtils.java:logGet(44)) - raft.server.log.segment.cache.size.max = 200MB (=209715200) (default)
2021-05-31 14:16:35,006 [pool-103-thread-1] INFO  segmented.SegmentedRaftLogWorker (SegmentedRaftLogWorker.java:<init>(182)) - new bda778da-51f4-4847-bee0-b4babae878aa@group-914A9C454EC2-SegmentedRaftLogWorker for RaftStorageImpl:Storage Directory /home/runner/work/ozone/ozone/mnt/ozone/hadoop-ozone/integration-test/target/test-dir/MiniOzoneClusterImpl-54085720-bde5-45d4-8ce8-a7ad55ee2c31/datanode-1/data/ratis/8cd76b9d-6141-408e-890d-914a9c454ec2
2021-05-31 14:16:35,006 [pool-103-thread-1] INFO  server.RaftServerConfigKeys (ConfUtils.java:logGet(44)) - raft.server.log.queue.byte-limit = 2147483647 (custom)
2021-05-31 14:16:35,006 [pool-103-thread-1] INFO  server.RaftServerConfigKeys (ConfUtils.java:logGet(44)) - raft.server.log.queue.element-limit = 1024 (custom)
2021-05-31 14:16:35,006 [pool-103-thread-1] INFO  server.RaftServerConfigKeys (ConfUtils.java:logGet(44)) - raft.server.log.segment.size.max = 1048576 (custom)
2021-05-31 14:16:35,006 [pool-103-thread-1] INFO  server.RaftServerConfigKeys (ConfUtils.java:logGet(44)) - raft.server.log.preallocated.size = 16384 (custom)
2021-05-31 14:16:35,006 [pool-103-thread-1] INFO  server.RaftServerConfigKeys (ConfUtils.java:logGet(44)) - raft.server.log.force.sync.num = 128 (default)
2021-05-31 14:16:35,006 [pool-103-thread-1] INFO  server.RaftServerConfigKeys (ConfUtils.java:logGet(44)) - raft.server.log.statemachine.data.sync = true (default)
2021-05-31 14:16:35,006 [pool-103-thread-1] INFO  server.RaftServerConfigKeys (ConfUtils.java:logGet(44)) - raft.server.log.statemachine.data.sync.timeout = 10s (default)
2021-05-31 14:16:35,006 [pool-103-thread-1] INFO  server.RaftServerConfigKeys (ConfUtils.java:logGet(44)) - raft.server.log.statemachine.data.sync.timeout.retry = -1 (default)
2021-05-31 14:16:35,007 [pool-103-thread-1] INFO  server.RaftServerConfigKeys (ConfUtils.java:logGet(44)) - raft.server.log.write.buffer.size = 1048576 (custom)
2021-05-31 14:16:35,007 [pool-103-thread-1] INFO  server.RaftServerConfigKeys (ConfUtils.java:logGet(44)) - raft.server.log.statemachine.data.caching.enabled = true (custom)
2021-05-31 14:16:35,008 [pool-103-thread-1] INFO  segmented.SegmentedRaftLogWorker (SegmentedRaftLogWorker.java:lambda$new$0(133)) - bda778da-51f4-4847-bee0-b4babae878aa@group-914A9C454EC2-SegmentedRaftLogWorker: flushIndex: setUnconditionally 0 -> -1
2021-05-31 14:16:35,008 [pool-103-thread-1] INFO  segmented.SegmentedRaftLogWorker (SegmentedRaftLogWorker.java:lambda$new$0(133)) - bda778da-51f4-4847-bee0-b4babae878aa@group-914A9C454EC2-SegmentedRaftLogWorker: safeCacheEvictIndex: setUnconditionally 0 -> -1
2021-05-31 14:16:35,020 [pool-103-thread-1] INFO  server.RaftServerConfigKeys (ConfUtils.java:logGet(44)) - raft.server.snapshot.auto.trigger.enabled = true (custom)
2021-05-31 14:16:35,020 [pool-103-thread-1] INFO  server.RaftServerConfigKeys (ConfUtils.java:logGet(44)) - raft.server.snapshot.auto.trigger.threshold = 10000 (custom)
2021-05-31 14:16:35,020 [pool-103-thread-1] INFO  server.RaftServerConfigKeys (ConfUtils.java:logGet(44)) - raft.server.snapshot.retention.file.num = 5 (custom)
2021-05-31 14:16:35,020 [pool-103-thread-1] INFO  server.RaftServerConfigKeys (ConfUtils.java:logGet(44)) - raft.server.log.purge.upto.snapshot.index = false (default)
2021-05-31 14:16:35,020 [pool-103-thread-1] INFO  server.RaftServerConfigKeys (ConfUtils.java:logGet(44)) - raft.server.retrycache.expirytime = 600000ms (custom)
2021-05-31 14:16:35,020 [pool-103-thread-1] INFO  server.RaftServerConfigKeys (ConfUtils.java:logGet(44)) - raft.server.retrycache.statistics.expirytime = 100μs (default)
2021-05-31 14:16:35,020 [pool-103-thread-1] INFO  metrics.RatisMetrics (RatisMetrics.java:lambda$create$0(36)) - Creating Metrics Registry : ratis.leader_election.bda778da-51f4-4847-bee0-b4babae878aa@group-914A9C454EC2
2021-05-31 14:16:35,020 [pool-103-thread-1] INFO  metrics.RatisMetrics (RatisMetrics.java:lambda$create$0(36)) - Creating Metrics Registry : ratis.server.bda778da-51f4-4847-bee0-b4babae878aa@group-914A9C454EC2
2021-05-31 14:16:35,021 [pool-103-thread-1] INFO  server.RaftServer$Division (RaftServerImpl.java:start(295)) - bda778da-51f4-4847-bee0-b4babae878aa@group-914A9C454EC2: start as a follower, conf=-1: [21f06eab-63c8-43fd-b305-f7c41bc87438|rpc:127.0.0.1:43533|priority:0, e4951dd4-f4df-4d2e-bd67-fe61550133c1|rpc:127.0.0.1:42453|priority:1, bda778da-51f4-4847-bee0-b4babae878aa|rpc:127.0.0.1:32951|priority:0], old=null
2021-05-31 14:16:35,021 [pool-103-thread-1] INFO  server.RaftServer$Division (RaftServerImpl.java:setRole(284)) - bda778da-51f4-4847-bee0-b4babae878aa@group-914A9C454EC2: changes role from      null to FOLLOWER at term 0 for startAsFollower
2021-05-31 14:16:35,021 [Command processor thread] INFO  metrics.RatisMetrics (RatisMetrics.java:lambda$create$0(36)) - Creating Metrics Registry : ratis.client_message_metrics.client-5686F5D8F8EB->bda778da-51f4-4847-bee0-b4babae878aa
2021-05-31 14:16:35,021 [pool-103-thread-1] INFO  impl.RoleInfo (RoleInfo.java:updateAndGet(130)) - bda778da-51f4-4847-bee0-b4babae878aa: start bda778da-51f4-4847-bee0-b4babae878aa@group-914A9C454EC2-FollowerState
2021-05-31 14:16:35,022 [pool-103-thread-1] INFO  util.JmxRegister (JmxRegister.java:tryRegister(44)) - Successfully registered JMX Bean with object name Ratis:service=RaftServer,group=group-914A9C454EC2,id=bda778da-51f4-4847-bee0-b4babae878aa
2021-05-31 14:16:35,022 [pool-103-thread-1] INFO  metrics.RatisMetrics (RatisMetrics.java:lambda$create$0(36)) - Creating Metrics Registry : ratis.state_machine.bda778da-51f4-4847-bee0-b4babae878aa@group-914A9C454EC2
2021-05-31 14:16:35,024 [Command processor thread] INFO  ratis.XceiverServerRatis (XceiverServerRatis.java:addGroup(808)) - Created group PipelineID=8cd76b9d-6141-408e-890d-914a9c454ec2
2021-05-31 14:16:35,026 [Command processor thread] INFO  metrics.RatisMetrics (RatisMetrics.java:lambda$create$0(36)) - Creating Metrics Registry : ratis.client_message_metrics.client-3196A783C8D5->21f06eab-63c8-43fd-b305-f7c41bc87438
2021-05-31 14:16:35,028 [EventQueue-PipelineReportForOneReplicaPipelineSafeModeRule] INFO  safemode.SCMSafeModeManager (SCMSafeModeManager.java:validateSafeModeExitRules(201)) - AtleastOneDatanodeReportedRule rule is successfully validated
2021-05-31 14:16:35,028 [EventQueue-OpenPipelineForHealthyPipelineSafeModeRule] INFO  safemode.SCMSafeModeManager (HealthyPipelineSafeModeRule.java:process(130)) - SCM in safe mode. Healthy pipelines reported count is 0, required healthy pipeline reported count is 1
2021-05-31 14:16:35,049 [Command processor thread] INFO  metrics.RatisMetrics (RatisMetrics.java:lambda$create$0(36)) - Creating Metrics Registry : ratis.client_message_metrics.client-F85957DCD573->bda778da-51f4-4847-bee0-b4babae878aa
2021-05-31 14:16:35,065 [Command processor thread] INFO  commandhandler.CreatePipelineCommandHandler (CreatePipelineCommandHandler.java:handle(106)) - Created Pipeline RATIS THREE PipelineID=8cd76b9d-6141-408e-890d-914a9c454ec2.
2021-05-31 14:16:35,072 [Command processor thread] INFO  metrics.RatisMetrics (RatisMetrics.java:lambda$create$0(36)) - Creating Metrics Registry : ratis.client_message_metrics.client-C5364462879E->e4951dd4-f4df-4d2e-bd67-fe61550133c1
2021-05-31 14:16:35,082 [Command processor thread] INFO  commandhandler.CreatePipelineCommandHandler (CreatePipelineCommandHandler.java:handle(106)) - Created Pipeline RATIS THREE PipelineID=8cd76b9d-6141-408e-890d-914a9c454ec2.
2021-05-31 14:16:35,090 [Command processor thread] INFO  commandhandler.CreatePipelineCommandHandler (CreatePipelineCommandHandler.java:handle(106)) - Created Pipeline RATIS THREE PipelineID=8cd76b9d-6141-408e-890d-914a9c454ec2.
2021-05-31 14:16:35,479 [EventQueue-PipelineReportForOneReplicaPipelineSafeModeRule] INFO  safemode.SCMSafeModeManager (SCMSafeModeManager.java:validateSafeModeExitRules(201)) - AtleastOneDatanodeReportedRule rule is successfully validated
2021-05-31 14:16:35,479 [EventQueue-OpenPipelineForHealthyPipelineSafeModeRule] INFO  safemode.SCMSafeModeManager (HealthyPipelineSafeModeRule.java:process(130)) - SCM in safe mode. Healthy pipelines reported count is 0, required healthy pipeline reported count is 1
2021-05-31 14:16:35,619 [EventQueue-OpenPipelineForHealthyPipelineSafeModeRule] INFO  safemode.SCMSafeModeManager (HealthyPipelineSafeModeRule.java:process(130)) - SCM in safe mode. Healthy pipelines reported count is 0, required healthy pipeline reported count is 1
2021-05-31 14:16:35,619 [EventQueue-PipelineReportForOneReplicaPipelineSafeModeRule] INFO  safemode.SCMSafeModeManager (SCMSafeModeManager.java:validateSafeModeExitRules(201)) - AtleastOneDatanodeReportedRule rule is successfully validated
2021-05-31 14:16:35,764 [Listener at 127.0.0.1/11372] INFO  ozone.MiniOzoneClusterImpl (MiniOzoneClusterImpl.java:lambda$waitForClusterToBeReady$0(224)) - Nodes are ready. Got 3 of 3 DN Heartbeats.
2021-05-31 14:16:35,764 [Listener at 127.0.0.1/11372] INFO  ozone.MiniOzoneClusterImpl (MiniOzoneClusterImpl.java:lambda$waitForClusterToBeReady$0(227)) - Waiting for cluster to exit safe mode
2021-05-31 14:16:35,765 [Listener at 127.0.0.1/11372] INFO  ozone.MiniOzoneClusterImpl (MiniOzoneClusterImpl.java:lambda$waitForClusterToBeReady$0(230)) - SCM became leader
2021-05-31 14:16:35,934 [EventQueue-PipelineReportForOneReplicaPipelineSafeModeRule] INFO  safemode.SCMSafeModeManager (SCMSafeModeManager.java:validateSafeModeExitRules(201)) - AtleastOneDatanodeReportedRule rule is successfully validated
2021-05-31 14:16:35,934 [EventQueue-OpenPipelineForHealthyPipelineSafeModeRule] INFO  safemode.SCMSafeModeManager (HealthyPipelineSafeModeRule.java:process(130)) - SCM in safe mode. Healthy pipelines reported count is 0, required healthy pipeline reported count is 1
2021-05-31 14:16:35,934 [EventQueue-PipelineReportForOneReplicaPipelineSafeModeRule] INFO  safemode.SCMSafeModeManager (SCMSafeModeManager.java:validateSafeModeExitRules(201)) - AtleastOneDatanodeReportedRule rule is successfully validated
2021-05-31 14:16:35,934 [EventQueue-OpenPipelineForHealthyPipelineSafeModeRule] INFO  safemode.SCMSafeModeManager (HealthyPipelineSafeModeRule.java:process(130)) - SCM in safe mode. Healthy pipelines reported count is 0, required healthy pipeline reported count is 1
2021-05-31 14:16:35,971 [EventQueue-PipelineReportForOneReplicaPipelineSafeModeRule] INFO  safemode.SCMSafeModeManager (SCMSafeModeManager.java:validateSafeModeExitRules(201)) - AtleastOneDatanodeReportedRule rule is successfully validated
2021-05-31 14:16:35,971 [EventQueue-PipelineReportForOneReplicaPipelineSafeModeRule] INFO  safemode.SCMSafeModeManager (SCMSafeModeManager.java:validateSafeModeExitRules(201)) - AtleastOneDatanodeReportedRule rule is successfully validated
2021-05-31 14:16:35,971 [EventQueue-OpenPipelineForHealthyPipelineSafeModeRule] INFO  safemode.SCMSafeModeManager (HealthyPipelineSafeModeRule.java:process(130)) - SCM in safe mode. Healthy pipelines reported count is 0, required healthy pipeline reported count is 1
2021-05-31 14:16:35,971 [EventQueue-OpenPipelineForHealthyPipelineSafeModeRule] INFO  safemode.SCMSafeModeManager (HealthyPipelineSafeModeRule.java:process(130)) - SCM in safe mode. Healthy pipelines reported count is 0, required healthy pipeline reported count is 1
2021-05-31 14:16:36,007 [EventQueue-PipelineReportForOneReplicaPipelineSafeModeRule] INFO  safemode.SCMSafeModeManager (SCMSafeModeManager.java:validateSafeModeExitRules(201)) - AtleastOneDatanodeReportedRule rule is successfully validated
2021-05-31 14:16:36,008 [EventQueue-OpenPipelineForHealthyPipelineSafeModeRule] INFO  safemode.SCMSafeModeManager (HealthyPipelineSafeModeRule.java:process(130)) - SCM in safe mode. Healthy pipelines reported count is 0, required healthy pipeline reported count is 1
2021-05-31 14:16:36,008 [EventQueue-PipelineReportForOneReplicaPipelineSafeModeRule] INFO  safemode.SCMSafeModeManager (SCMSafeModeManager.java:validateSafeModeExitRules(201)) - AtleastOneDatanodeReportedRule rule is successfully validated
2021-05-31 14:16:36,008 [EventQueue-OpenPipelineForHealthyPipelineSafeModeRule] INFO  safemode.SCMSafeModeManager (HealthyPipelineSafeModeRule.java:process(130)) - SCM in safe mode. Healthy pipelines reported count is 0, required healthy pipeline reported count is 1
2021-05-31 14:16:36,765 [Listener at 127.0.0.1/11372] INFO  ozone.MiniOzoneClusterImpl (MiniOzoneClusterImpl.java:lambda$waitForClusterToBeReady$0(224)) - Nodes are ready. Got 3 of 3 DN Heartbeats.
2021-05-31 14:16:36,765 [Listener at 127.0.0.1/11372] INFO  ozone.MiniOzoneClusterImpl (MiniOzoneClusterImpl.java:lambda$waitForClusterToBeReady$0(227)) - Waiting for cluster to exit safe mode
2021-05-31 14:16:36,765 [Listener at 127.0.0.1/11372] INFO  ozone.MiniOzoneClusterImpl (MiniOzoneClusterImpl.java:lambda$waitForClusterToBeReady$0(230)) - SCM became leader
2021-05-31 14:16:36,932 [Datanode State Machine Thread - 0] ERROR datanode.RunningDatanodeState (RunningDatanodeState.java:computeNextContainerState(199)) - Error in executing end point task.
java.util.concurrent.ExecutionException: java.util.concurrent.TimeoutException
	at java.util.concurrent.FutureTask.report(FutureTask.java:122)
	at java.util.concurrent.FutureTask.get(FutureTask.java:192)
	at org.apache.hadoop.ozone.container.common.states.datanode.RunningDatanodeState.computeNextContainerState(RunningDatanodeState.java:191)
	at org.apache.hadoop.ozone.container.common.states.datanode.RunningDatanodeState.await(RunningDatanodeState.java:231)
	at org.apache.hadoop.ozone.container.common.states.datanode.RunningDatanodeState.await(RunningDatanodeState.java:50)
	at org.apache.hadoop.ozone.container.common.statemachine.StateContext.execute(StateContext.java:579)
	at org.apache.hadoop.ozone.container.common.statemachine.DatanodeStateMachine.start(DatanodeStateMachine.java:233)
	at org.apache.hadoop.ozone.container.common.statemachine.DatanodeStateMachine.lambda$startDaemon$0(DatanodeStateMachine.java:416)
	at java.lang.Thread.run(Thread.java:748)
Caused by: java.util.concurrent.TimeoutException
	at java.util.concurrent.FutureTask.get(FutureTask.java:205)
	at org.apache.hadoop.ozone.container.common.states.datanode.RunningDatanodeState.lambda$execute$0(RunningDatanodeState.java:149)
	at java.util.concurrent.FutureTask.run(FutureTask.java:266)
	at java.util.concurrent.Executors$RunnableAdapter.call(Executors.java:511)
	at java.util.concurrent.FutureTask.run(FutureTask.java:266)
	at java.util.concurrent.ThreadPoolExecutor.runWorker(ThreadPoolExecutor.java:1149)
	at java.util.concurrent.ThreadPoolExecutor$Worker.run(ThreadPoolExecutor.java:624)
	... 1 more
2021-05-31 14:16:36,936 [EventQueue-PipelineReportForOneReplicaPipelineSafeModeRule] INFO  safemode.SCMSafeModeManager (SCMSafeModeManager.java:validateSafeModeExitRules(201)) - AtleastOneDatanodeReportedRule rule is successfully validated
2021-05-31 14:16:36,937 [EventQueue-OpenPipelineForHealthyPipelineSafeModeRule] INFO  safemode.SCMSafeModeManager (HealthyPipelineSafeModeRule.java:process(130)) - SCM in safe mode. Healthy pipelines reported count is 0, required healthy pipeline reported count is 1
2021-05-31 14:16:36,938 [EventQueue-PipelineReportForOneReplicaPipelineSafeModeRule] INFO  safemode.SCMSafeModeManager (SCMSafeModeManager.java:validateSafeModeExitRules(201)) - AtleastOneDatanodeReportedRule rule is successfully validated
2021-05-31 14:16:36,938 [EventQueue-OpenPipelineForHealthyPipelineSafeModeRule] INFO  safemode.SCMSafeModeManager (HealthyPipelineSafeModeRule.java:process(130)) - SCM in safe mode. Healthy pipelines reported count is 0, required healthy pipeline reported count is 1
2021-05-31 14:16:36,969 [Datanode State Machine Thread - 0] ERROR datanode.RunningDatanodeState (RunningDatanodeState.java:computeNextContainerState(199)) - Error in executing end point task.
java.util.concurrent.ExecutionException: java.util.concurrent.TimeoutException
	at java.util.concurrent.FutureTask.report(FutureTask.java:122)
	at java.util.concurrent.FutureTask.get(FutureTask.java:192)
	at org.apache.hadoop.ozone.container.common.states.datanode.RunningDatanodeState.computeNextContainerState(RunningDatanodeState.java:191)
	at org.apache.hadoop.ozone.container.common.states.datanode.RunningDatanodeState.await(RunningDatanodeState.java:231)
	at org.apache.hadoop.ozone.container.common.states.datanode.RunningDatanodeState.await(RunningDatanodeState.java:50)
	at org.apache.hadoop.ozone.container.common.statemachine.StateContext.execute(StateContext.java:579)
	at org.apache.hadoop.ozone.container.common.statemachine.DatanodeStateMachine.start(DatanodeStateMachine.java:233)
	at org.apache.hadoop.ozone.container.common.statemachine.DatanodeStateMachine.lambda$startDaemon$0(DatanodeStateMachine.java:416)
	at java.lang.Thread.run(Thread.java:748)
Caused by: java.util.concurrent.TimeoutException
	at java.util.concurrent.FutureTask.get(FutureTask.java:205)
	at org.apache.hadoop.ozone.container.common.states.datanode.RunningDatanodeState.lambda$execute$0(RunningDatanodeState.java:149)
	at java.util.concurrent.FutureTask.run(FutureTask.java:266)
	at java.util.concurrent.Executors$RunnableAdapter.call(Executors.java:511)
	at java.util.concurrent.FutureTask.run(FutureTask.java:266)
	at java.util.concurrent.ThreadPoolExecutor.runWorker(ThreadPoolExecutor.java:1149)
	at java.util.concurrent.ThreadPoolExecutor$Worker.run(ThreadPoolExecutor.java:624)
	... 1 more
2021-05-31 14:16:36,973 [EventQueue-OpenPipelineForHealthyPipelineSafeModeRule] INFO  safemode.SCMSafeModeManager (HealthyPipelineSafeModeRule.java:process(130)) - SCM in safe mode. Healthy pipelines reported count is 0, required healthy pipeline reported count is 1
2021-05-31 14:16:36,973 [EventQueue-PipelineReportForOneReplicaPipelineSafeModeRule] INFO  safemode.SCMSafeModeManager (SCMSafeModeManager.java:validateSafeModeExitRules(201)) - AtleastOneDatanodeReportedRule rule is successfully validated
2021-05-31 14:16:36,974 [EventQueue-OpenPipelineForHealthyPipelineSafeModeRule] INFO  safemode.SCMSafeModeManager (HealthyPipelineSafeModeRule.java:process(130)) - SCM in safe mode. Healthy pipelines reported count is 0, required healthy pipeline reported count is 1
2021-05-31 14:16:36,975 [EventQueue-PipelineReportForOneReplicaPipelineSafeModeRule] INFO  safemode.SCMSafeModeManager (SCMSafeModeManager.java:validateSafeModeExitRules(201)) - AtleastOneDatanodeReportedRule rule is successfully validated
2021-05-31 14:16:37,007 [Datanode State Machine Thread - 0] ERROR datanode.RunningDatanodeState (RunningDatanodeState.java:computeNextContainerState(199)) - Error in executing end point task.
java.util.concurrent.ExecutionException: java.util.concurrent.TimeoutException
	at java.util.concurrent.FutureTask.report(FutureTask.java:122)
	at java.util.concurrent.FutureTask.get(FutureTask.java:192)
	at org.apache.hadoop.ozone.container.common.states.datanode.RunningDatanodeState.computeNextContainerState(RunningDatanodeState.java:191)
	at org.apache.hadoop.ozone.container.common.states.datanode.RunningDatanodeState.await(RunningDatanodeState.java:231)
	at org.apache.hadoop.ozone.container.common.states.datanode.RunningDatanodeState.await(RunningDatanodeState.java:50)
	at org.apache.hadoop.ozone.container.common.statemachine.StateContext.execute(StateContext.java:579)
	at org.apache.hadoop.ozone.container.common.statemachine.DatanodeStateMachine.start(DatanodeStateMachine.java:233)
	at org.apache.hadoop.ozone.container.common.statemachine.DatanodeStateMachine.lambda$startDaemon$0(DatanodeStateMachine.java:416)
	at java.lang.Thread.run(Thread.java:748)
Caused by: java.util.concurrent.TimeoutException
	at java.util.concurrent.FutureTask.get(FutureTask.java:205)
	at org.apache.hadoop.ozone.container.common.states.datanode.RunningDatanodeState.lambda$execute$0(RunningDatanodeState.java:149)
	at java.util.concurrent.FutureTask.run(FutureTask.java:266)
	at java.util.concurrent.Executors$RunnableAdapter.call(Executors.java:511)
	at java.util.concurrent.FutureTask.run(FutureTask.java:266)
	at java.util.concurrent.ThreadPoolExecutor.runWorker(ThreadPoolExecutor.java:1149)
	at java.util.concurrent.ThreadPoolExecutor$Worker.run(ThreadPoolExecutor.java:624)
	... 1 more
2021-05-31 14:16:37,011 [EventQueue-PipelineReportForOneReplicaPipelineSafeModeRule] INFO  safemode.SCMSafeModeManager (SCMSafeModeManager.java:validateSafeModeExitRules(201)) - AtleastOneDatanodeReportedRule rule is successfully validated
2021-05-31 14:16:37,012 [EventQueue-OpenPipelineForHealthyPipelineSafeModeRule] INFO  safemode.SCMSafeModeManager (HealthyPipelineSafeModeRule.java:process(130)) - SCM in safe mode. Healthy pipelines reported count is 0, required healthy pipeline reported count is 1
2021-05-31 14:16:37,012 [EventQueue-PipelineReportForOneReplicaPipelineSafeModeRule] INFO  safemode.SCMSafeModeManager (SCMSafeModeManager.java:validateSafeModeExitRules(201)) - AtleastOneDatanodeReportedRule rule is successfully validated
2021-05-31 14:16:37,012 [EventQueue-OpenPipelineForHealthyPipelineSafeModeRule] INFO  safemode.SCMSafeModeManager (HealthyPipelineSafeModeRule.java:process(130)) - SCM in safe mode. Healthy pipelines reported count is 0, required healthy pipeline reported count is 1
2021-05-31 14:16:37,766 [Listener at 127.0.0.1/11372] INFO  ozone.MiniOzoneClusterImpl (MiniOzoneClusterImpl.java:lambda$waitForClusterToBeReady$0(224)) - Nodes are ready. Got 3 of 3 DN Heartbeats.
2021-05-31 14:16:37,766 [Listener at 127.0.0.1/11372] INFO  ozone.MiniOzoneClusterImpl (MiniOzoneClusterImpl.java:lambda$waitForClusterToBeReady$0(227)) - Waiting for cluster to exit safe mode
2021-05-31 14:16:37,767 [Listener at 127.0.0.1/11372] INFO  ozone.MiniOzoneClusterImpl (MiniOzoneClusterImpl.java:lambda$waitForClusterToBeReady$0(230)) - SCM became leader
2021-05-31 14:16:37,934 [Datanode State Machine Thread - 0] ERROR datanode.RunningDatanodeState (RunningDatanodeState.java:computeNextContainerState(199)) - Error in executing end point task.
java.util.concurrent.ExecutionException: java.util.concurrent.TimeoutException
	at java.util.concurrent.FutureTask.report(FutureTask.java:122)
	at java.util.concurrent.FutureTask.get(FutureTask.java:192)
	at org.apache.hadoop.ozone.container.common.states.datanode.RunningDatanodeState.computeNextContainerState(RunningDatanodeState.java:191)
	at org.apache.hadoop.ozone.container.common.states.datanode.RunningDatanodeState.await(RunningDatanodeState.java:231)
	at org.apache.hadoop.ozone.container.common.states.datanode.RunningDatanodeState.await(RunningDatanodeState.java:50)
	at org.apache.hadoop.ozone.container.common.statemachine.StateContext.execute(StateContext.java:579)
	at org.apache.hadoop.ozone.container.common.statemachine.DatanodeStateMachine.start(DatanodeStateMachine.java:233)
	at org.apache.hadoop.ozone.container.common.statemachine.DatanodeStateMachine.lambda$startDaemon$0(DatanodeStateMachine.java:416)
	at java.lang.Thread.run(Thread.java:748)
Caused by: java.util.concurrent.TimeoutException
	at java.util.concurrent.FutureTask.get(FutureTask.java:205)
	at org.apache.hadoop.ozone.container.common.states.datanode.RunningDatanodeState.lambda$execute$0(RunningDatanodeState.java:149)
	at java.util.concurrent.FutureTask.run(FutureTask.java:266)
	at java.util.concurrent.Executors$RunnableAdapter.call(Executors.java:511)
	at java.util.concurrent.FutureTask.run(FutureTask.java:266)
	at java.util.concurrent.ThreadPoolExecutor.runWorker(ThreadPoolExecutor.java:1149)
	at java.util.concurrent.ThreadPoolExecutor$Worker.run(ThreadPoolExecutor.java:624)
	... 1 more
2021-05-31 14:16:37,938 [EventQueue-PipelineReportForOneReplicaPipelineSafeModeRule] INFO  safemode.SCMSafeModeManager (SCMSafeModeManager.java:validateSafeModeExitRules(201)) - AtleastOneDatanodeReportedRule rule is successfully validated
2021-05-31 14:16:37,938 [EventQueue-OpenPipelineForHealthyPipelineSafeModeRule] INFO  safemode.SCMSafeModeManager (HealthyPipelineSafeModeRule.java:process(130)) - SCM in safe mode. Healthy pipelines reported count is 0, required healthy pipeline reported count is 1
2021-05-31 14:16:37,939 [EventQueue-PipelineReportForOneReplicaPipelineSafeModeRule] INFO  safemode.SCMSafeModeManager (SCMSafeModeManager.java:validateSafeModeExitRules(201)) - AtleastOneDatanodeReportedRule rule is successfully validated
2021-05-31 14:16:37,939 [EventQueue-OpenPipelineForHealthyPipelineSafeModeRule] INFO  safemode.SCMSafeModeManager (HealthyPipelineSafeModeRule.java:process(130)) - SCM in safe mode. Healthy pipelines reported count is 0, required healthy pipeline reported count is 1
2021-05-31 14:16:37,973 [Datanode State Machine Thread - 0] ERROR datanode.RunningDatanodeState (RunningDatanodeState.java:computeNextContainerState(199)) - Error in executing end point task.
java.util.concurrent.ExecutionException: java.util.concurrent.TimeoutException
	at java.util.concurrent.FutureTask.report(FutureTask.java:122)
	at java.util.concurrent.FutureTask.get(FutureTask.java:192)
	at org.apache.hadoop.ozone.container.common.states.datanode.RunningDatanodeState.computeNextContainerState(RunningDatanodeState.java:191)
	at org.apache.hadoop.ozone.container.common.states.datanode.RunningDatanodeState.await(RunningDatanodeState.java:231)
	at org.apache.hadoop.ozone.container.common.states.datanode.RunningDatanodeState.await(RunningDatanodeState.java:50)
	at org.apache.hadoop.ozone.container.common.statemachine.StateContext.execute(StateContext.java:579)
	at org.apache.hadoop.ozone.container.common.statemachine.DatanodeStateMachine.start(DatanodeStateMachine.java:233)
	at org.apache.hadoop.ozone.container.common.statemachine.DatanodeStateMachine.lambda$startDaemon$0(DatanodeStateMachine.java:416)
	at java.lang.Thread.run(Thread.java:748)
Caused by: java.util.concurrent.TimeoutException
	at java.util.concurrent.FutureTask.get(FutureTask.java:205)
	at org.apache.hadoop.ozone.container.common.states.datanode.RunningDatanodeState.lambda$execute$0(RunningDatanodeState.java:149)
	at java.util.concurrent.FutureTask.run(FutureTask.java:266)
	at java.util.concurrent.Executors$RunnableAdapter.call(Executors.java:511)
	at java.util.concurrent.FutureTask.run(FutureTask.java:266)
	at java.util.concurrent.ThreadPoolExecutor.runWorker(ThreadPoolExecutor.java:1149)
	at java.util.concurrent.ThreadPoolExecutor$Worker.run(ThreadPoolExecutor.java:624)
	... 1 more
2021-05-31 14:16:37,976 [EventQueue-OpenPipelineForHealthyPipelineSafeModeRule] INFO  safemode.SCMSafeModeManager (HealthyPipelineSafeModeRule.java:process(130)) - SCM in safe mode. Healthy pipelines reported count is 0, required healthy pipeline reported count is 1
2021-05-31 14:16:37,976 [EventQueue-PipelineReportForOneReplicaPipelineSafeModeRule] INFO  safemode.SCMSafeModeManager (SCMSafeModeManager.java:validateSafeModeExitRules(201)) - AtleastOneDatanodeReportedRule rule is successfully validated
2021-05-31 14:16:37,977 [EventQueue-OpenPipelineForHealthyPipelineSafeModeRule] INFO  safemode.SCMSafeModeManager (HealthyPipelineSafeModeRule.java:process(130)) - SCM in safe mode. Healthy pipelines reported count is 0, required healthy pipeline reported count is 1
2021-05-31 14:16:37,977 [EventQueue-PipelineReportForOneReplicaPipelineSafeModeRule] INFO  safemode.SCMSafeModeManager (SCMSafeModeManager.java:validateSafeModeExitRules(201)) - AtleastOneDatanodeReportedRule rule is successfully validated
2021-05-31 14:16:38,010 [Datanode State Machine Thread - 0] ERROR datanode.RunningDatanodeState (RunningDatanodeState.java:computeNextContainerState(199)) - Error in executing end point task.
java.util.concurrent.ExecutionException: java.util.concurrent.TimeoutException
	at java.util.concurrent.FutureTask.report(FutureTask.java:122)
	at java.util.concurrent.FutureTask.get(FutureTask.java:192)
	at org.apache.hadoop.ozone.container.common.states.datanode.RunningDatanodeState.computeNextContainerState(RunningDatanodeState.java:191)
	at org.apache.hadoop.ozone.container.common.states.datanode.RunningDatanodeState.await(RunningDatanodeState.java:231)
	at org.apache.hadoop.ozone.container.common.states.datanode.RunningDatanodeState.await(RunningDatanodeState.java:50)
	at org.apache.hadoop.ozone.container.common.statemachine.StateContext.execute(StateContext.java:579)
	at org.apache.hadoop.ozone.container.common.statemachine.DatanodeStateMachine.start(DatanodeStateMachine.java:233)
	at org.apache.hadoop.ozone.container.common.statemachine.DatanodeStateMachine.lambda$startDaemon$0(DatanodeStateMachine.java:416)
	at java.lang.Thread.run(Thread.java:748)
Caused by: java.util.concurrent.TimeoutException
	at java.util.concurrent.FutureTask.get(FutureTask.java:205)
	at org.apache.hadoop.ozone.container.common.states.datanode.RunningDatanodeState.lambda$execute$0(RunningDatanodeState.java:149)
	at java.util.concurrent.FutureTask.run(FutureTask.java:266)
	at java.util.concurrent.Executors$RunnableAdapter.call(Executors.java:511)
	at java.util.concurrent.FutureTask.run(FutureTask.java:266)
	at java.util.concurrent.ThreadPoolExecutor.runWorker(ThreadPoolExecutor.java:1149)
	at java.util.concurrent.ThreadPoolExecutor$Worker.run(ThreadPoolExecutor.java:624)
	... 1 more
2021-05-31 14:16:38,013 [EventQueue-PipelineReportForOneReplicaPipelineSafeModeRule] INFO  safemode.SCMSafeModeManager (SCMSafeModeManager.java:validateSafeModeExitRules(201)) - AtleastOneDatanodeReportedRule rule is successfully validated
2021-05-31 14:16:38,013 [EventQueue-PipelineReportForOneReplicaPipelineSafeModeRule] INFO  safemode.SCMSafeModeManager (SCMSafeModeManager.java:validateSafeModeExitRules(201)) - AtleastOneDatanodeReportedRule rule is successfully validated
2021-05-31 14:16:38,013 [EventQueue-OpenPipelineForHealthyPipelineSafeModeRule] INFO  safemode.SCMSafeModeManager (HealthyPipelineSafeModeRule.java:process(130)) - SCM in safe mode. Healthy pipelines reported count is 0, required healthy pipeline reported count is 1
2021-05-31 14:16:38,013 [EventQueue-OpenPipelineForHealthyPipelineSafeModeRule] INFO  safemode.SCMSafeModeManager (HealthyPipelineSafeModeRule.java:process(130)) - SCM in safe mode. Healthy pipelines reported count is 0, required healthy pipeline reported count is 1
2021-05-31 14:16:38,767 [Listener at 127.0.0.1/11372] INFO  ozone.MiniOzoneClusterImpl (MiniOzoneClusterImpl.java:lambda$waitForClusterToBeReady$0(224)) - Nodes are ready. Got 3 of 3 DN Heartbeats.
2021-05-31 14:16:38,767 [Listener at 127.0.0.1/11372] INFO  ozone.MiniOzoneClusterImpl (MiniOzoneClusterImpl.java:lambda$waitForClusterToBeReady$0(227)) - Waiting for cluster to exit safe mode
2021-05-31 14:16:38,768 [Listener at 127.0.0.1/11372] INFO  ozone.MiniOzoneClusterImpl (MiniOzoneClusterImpl.java:lambda$waitForClusterToBeReady$0(230)) - SCM became leader
2021-05-31 14:16:38,938 [EventQueue-PipelineReportForOneReplicaPipelineSafeModeRule] INFO  safemode.SCMSafeModeManager (SCMSafeModeManager.java:validateSafeModeExitRules(201)) - AtleastOneDatanodeReportedRule rule is successfully validated
2021-05-31 14:16:38,939 [EventQueue-OpenPipelineForHealthyPipelineSafeModeRule] INFO  safemode.SCMSafeModeManager (HealthyPipelineSafeModeRule.java:process(130)) - SCM in safe mode. Healthy pipelines reported count is 0, required healthy pipeline reported count is 1
2021-05-31 14:16:38,939 [EventQueue-PipelineReportForOneReplicaPipelineSafeModeRule] INFO  safemode.SCMSafeModeManager (SCMSafeModeManager.java:validateSafeModeExitRules(201)) - AtleastOneDatanodeReportedRule rule is successfully validated
2021-05-31 14:16:38,940 [EventQueue-OpenPipelineForHealthyPipelineSafeModeRule] INFO  safemode.SCMSafeModeManager (HealthyPipelineSafeModeRule.java:process(130)) - SCM in safe mode. Healthy pipelines reported count is 0, required healthy pipeline reported count is 1
2021-05-31 14:16:38,976 [EventQueue-PipelineReportForOneReplicaPipelineSafeModeRule] INFO  safemode.SCMSafeModeManager (SCMSafeModeManager.java:validateSafeModeExitRules(201)) - AtleastOneDatanodeReportedRule rule is successfully validated
2021-05-31 14:16:38,977 [EventQueue-OpenPipelineForHealthyPipelineSafeModeRule] INFO  safemode.SCMSafeModeManager (HealthyPipelineSafeModeRule.java:process(130)) - SCM in safe mode. Healthy pipelines reported count is 0, required healthy pipeline reported count is 1
2021-05-31 14:16:38,977 [EventQueue-PipelineReportForOneReplicaPipelineSafeModeRule] INFO  safemode.SCMSafeModeManager (SCMSafeModeManager.java:validateSafeModeExitRules(201)) - AtleastOneDatanodeReportedRule rule is successfully validated
2021-05-31 14:16:38,977 [EventQueue-OpenPipelineForHealthyPipelineSafeModeRule] INFO  safemode.SCMSafeModeManager (HealthyPipelineSafeModeRule.java:process(130)) - SCM in safe mode. Healthy pipelines reported count is 0, required healthy pipeline reported count is 1
2021-05-31 14:16:39,013 [EventQueue-PipelineReportForOneReplicaPipelineSafeModeRule] INFO  safemode.SCMSafeModeManager (SCMSafeModeManager.java:validateSafeModeExitRules(201)) - AtleastOneDatanodeReportedRule rule is successfully validated
2021-05-31 14:16:39,014 [EventQueue-PipelineReportForOneReplicaPipelineSafeModeRule] INFO  safemode.SCMSafeModeManager (SCMSafeModeManager.java:validateSafeModeExitRules(201)) - AtleastOneDatanodeReportedRule rule is successfully validated
2021-05-31 14:16:39,014 [EventQueue-OpenPipelineForHealthyPipelineSafeModeRule] INFO  safemode.SCMSafeModeManager (HealthyPipelineSafeModeRule.java:process(130)) - SCM in safe mode. Healthy pipelines reported count is 0, required healthy pipeline reported count is 1
2021-05-31 14:16:39,015 [EventQueue-OpenPipelineForHealthyPipelineSafeModeRule] INFO  safemode.SCMSafeModeManager (HealthyPipelineSafeModeRule.java:process(130)) - SCM in safe mode. Healthy pipelines reported count is 0, required healthy pipeline reported count is 1
2021-05-31 14:16:39,598 [e4951dd4-f4df-4d2e-bd67-fe61550133c1@group-11FC884FF120-FollowerState] INFO  impl.FollowerState (FollowerState.java:run(134)) - e4951dd4-f4df-4d2e-bd67-fe61550133c1@group-11FC884FF120-FollowerState: change to CANDIDATE, lastRpcElapsedTime:5037191249ns, electionTimeout:5031ms
2021-05-31 14:16:39,598 [e4951dd4-f4df-4d2e-bd67-fe61550133c1@group-11FC884FF120-FollowerState] INFO  impl.RoleInfo (RoleInfo.java:shutdownFollowerState(108)) - e4951dd4-f4df-4d2e-bd67-fe61550133c1: shutdown e4951dd4-f4df-4d2e-bd67-fe61550133c1@group-11FC884FF120-FollowerState
2021-05-31 14:16:39,598 [e4951dd4-f4df-4d2e-bd67-fe61550133c1@group-11FC884FF120-FollowerState] INFO  server.RaftServer$Division (RaftServerImpl.java:setRole(284)) - e4951dd4-f4df-4d2e-bd67-fe61550133c1@group-11FC884FF120: changes role from  FOLLOWER to CANDIDATE at term 0 for changeToCandidate
2021-05-31 14:16:39,598 [e4951dd4-f4df-4d2e-bd67-fe61550133c1@group-11FC884FF120-FollowerState] INFO  server.RaftServerConfigKeys (ConfUtils.java:logGet(44)) - raft.server.leaderelection.pre-vote = false (custom)
2021-05-31 14:16:39,598 [e4951dd4-f4df-4d2e-bd67-fe61550133c1@group-11FC884FF120-FollowerState] INFO  impl.RoleInfo (RoleInfo.java:updateAndGet(130)) - e4951dd4-f4df-4d2e-bd67-fe61550133c1: start e4951dd4-f4df-4d2e-bd67-fe61550133c1@group-11FC884FF120-LeaderElection4
2021-05-31 14:16:39,603 [e4951dd4-f4df-4d2e-bd67-fe61550133c1@group-11FC884FF120-LeaderElection4] INFO  impl.LeaderElection (LeaderElection.java:askForVotes(306)) - e4951dd4-f4df-4d2e-bd67-fe61550133c1@group-11FC884FF120-LeaderElection4 ELECTION round 0: submit vote requests at term 1 for -1: [e4951dd4-f4df-4d2e-bd67-fe61550133c1|rpc:127.0.0.1:42453|priority:1], old=null
2021-05-31 14:16:39,603 [e4951dd4-f4df-4d2e-bd67-fe61550133c1@group-11FC884FF120-LeaderElection4] INFO  impl.LeaderElection (LeaderElection.java:askForVotes(308)) - e4951dd4-f4df-4d2e-bd67-fe61550133c1@group-11FC884FF120-LeaderElection4 ELECTION round 0: result PASSED (term=1)
2021-05-31 14:16:39,603 [e4951dd4-f4df-4d2e-bd67-fe61550133c1@group-11FC884FF120-LeaderElection4] INFO  impl.RoleInfo (RoleInfo.java:shutdownLeaderElection(121)) - e4951dd4-f4df-4d2e-bd67-fe61550133c1: shutdown e4951dd4-f4df-4d2e-bd67-fe61550133c1@group-11FC884FF120-LeaderElection4
2021-05-31 14:16:39,603 [e4951dd4-f4df-4d2e-bd67-fe61550133c1@group-11FC884FF120-LeaderElection4] INFO  server.RaftServer$Division (RaftServerImpl.java:setRole(284)) - e4951dd4-f4df-4d2e-bd67-fe61550133c1@group-11FC884FF120: changes role from CANDIDATE to LEADER at term 1 for changeToLeader
2021-05-31 14:16:39,603 [e4951dd4-f4df-4d2e-bd67-fe61550133c1@group-11FC884FF120-LeaderElection4] INFO  ratis.XceiverServerRatis (XceiverServerRatis.java:handleLeaderChangedNotification(906)) - Leader change notification received for group: group-11FC884FF120 with new leaderId: e4951dd4-f4df-4d2e-bd67-fe61550133c1
2021-05-31 14:16:39,603 [e4951dd4-f4df-4d2e-bd67-fe61550133c1@group-11FC884FF120-LeaderElection4] INFO  server.RaftServer$Division (ServerState.java:setLeader(271)) - e4951dd4-f4df-4d2e-bd67-fe61550133c1@group-11FC884FF120: change Leader from null to e4951dd4-f4df-4d2e-bd67-fe61550133c1 at term 1 for becomeLeader, leader elected after 5080ms
2021-05-31 14:16:39,604 [e4951dd4-f4df-4d2e-bd67-fe61550133c1@group-11FC884FF120-LeaderElection4] INFO  server.RaftServerConfigKeys (ConfUtils.java:logGet(44)) - raft.server.staging.catchup.gap = 1000 (default)
2021-05-31 14:16:39,604 [e4951dd4-f4df-4d2e-bd67-fe61550133c1@group-11FC884FF120-LeaderElection4] INFO  metrics.RatisMetrics (RatisMetrics.java:lambda$create$0(36)) - Creating Metrics Registry : ratis.log_appender.e4951dd4-f4df-4d2e-bd67-fe61550133c1@group-11FC884FF120
2021-05-31 14:16:39,604 [e4951dd4-f4df-4d2e-bd67-fe61550133c1@group-11FC884FF120-LeaderElection4] INFO  server.RaftServerConfigKeys (ConfUtils.java:logGet(44)) - raft.server.write.element-limit = 1024 (custom)
2021-05-31 14:16:39,604 [e4951dd4-f4df-4d2e-bd67-fe61550133c1@group-11FC884FF120-LeaderElection4] INFO  server.RaftServerConfigKeys (ConfUtils.java:logGet(44)) - raft.server.write.byte-limit = 1073741824 (custom)
2021-05-31 14:16:39,604 [e4951dd4-f4df-4d2e-bd67-fe61550133c1@group-11FC884FF120-LeaderElection4] INFO  server.RaftServerConfigKeys (ConfUtils.java:logGet(44)) - raft.server.watch.timeout = 180s (custom)
2021-05-31 14:16:39,607 [e4951dd4-f4df-4d2e-bd67-fe61550133c1@group-11FC884FF120-LeaderElection4] INFO  server.RaftServerConfigKeys (ConfUtils.java:logGet(44)) - raft.server.watch.timeout.denomination = 1s (default)
2021-05-31 14:16:39,607 [e4951dd4-f4df-4d2e-bd67-fe61550133c1@group-11FC884FF120-LeaderElection4] INFO  server.RaftServerConfigKeys (ConfUtils.java:logGet(44)) - raft.server.watch.element-limit = 65536 (default)
2021-05-31 14:16:39,606 [EventQueue-OpenPipelineForHealthyPipelineSafeModeRule] INFO  safemode.SCMSafeModeManager (HealthyPipelineSafeModeRule.java:process(130)) - SCM in safe mode. Healthy pipelines reported count is 0, required healthy pipeline reported count is 1
2021-05-31 14:16:39,606 [EventQueue-PipelineReportForOneReplicaPipelineSafeModeRule] INFO  safemode.SCMSafeModeManager (SCMSafeModeManager.java:validateSafeModeExitRules(201)) - AtleastOneDatanodeReportedRule rule is successfully validated
2021-05-31 14:16:39,606 [EventQueue-OpenPipelineForHealthyPipelineSafeModeRule] INFO  safemode.SCMSafeModeManager (HealthyPipelineSafeModeRule.java:process(130)) - SCM in safe mode. Healthy pipelines reported count is 0, required healthy pipeline reported count is 1
2021-05-31 14:16:39,606 [EventQueue-PipelineReportForOneReplicaPipelineSafeModeRule] INFO  safemode.SCMSafeModeManager (SCMSafeModeManager.java:validateSafeModeExitRules(201)) - AtleastOneDatanodeReportedRule rule is successfully validated
2021-05-31 14:16:39,607 [e4951dd4-f4df-4d2e-bd67-fe61550133c1@group-11FC884FF120-LeaderElection4] INFO  impl.RoleInfo (RoleInfo.java:updateAndGet(130)) - e4951dd4-f4df-4d2e-bd67-fe61550133c1: start e4951dd4-f4df-4d2e-bd67-fe61550133c1@group-11FC884FF120-LeaderStateImpl
2021-05-31 14:16:39,610 [e4951dd4-f4df-4d2e-bd67-fe61550133c1@group-11FC884FF120-LeaderElection4] INFO  segmented.SegmentedRaftLogWorker (SegmentedRaftLogWorker.java:startLogSegment(394)) - e4951dd4-f4df-4d2e-bd67-fe61550133c1@group-11FC884FF120-SegmentedRaftLogWorker: Starting segment from index:0
2021-05-31 14:16:39,615 [e4951dd4-f4df-4d2e-bd67-fe61550133c1@group-11FC884FF120-SegmentedRaftLogWorker] INFO  segmented.SegmentedRaftLogWorker (SegmentedRaftLogWorker.java:execute(601)) - e4951dd4-f4df-4d2e-bd67-fe61550133c1@group-11FC884FF120-SegmentedRaftLogWorker: created new log segment /home/runner/work/ozone/ozone/mnt/ozone/hadoop-ozone/integration-test/target/test-dir/MiniOzoneClusterImpl-54085720-bde5-45d4-8ce8-a7ad55ee2c31/datanode-0/data/ratis/0f7cccd9-3de2-4576-b761-11fc884ff120/current/log_inprogress_0
2021-05-31 14:16:39,616 [e4951dd4-f4df-4d2e-bd67-fe61550133c1@group-11FC884FF120-LeaderElection4] INFO  server.RaftServer$Division (ServerState.java:setRaftConf(373)) - e4951dd4-f4df-4d2e-bd67-fe61550133c1@group-11FC884FF120: set configuration 0: [e4951dd4-f4df-4d2e-bd67-fe61550133c1|rpc:127.0.0.1:42453|dataStream:|priority:1], old=null
2021-05-31 14:16:39,658 [e4951dd4-f4df-4d2e-bd67-fe61550133c1@group-249122FFF215-FollowerState] INFO  impl.FollowerState (FollowerState.java:run(134)) - e4951dd4-f4df-4d2e-bd67-fe61550133c1@group-249122FFF215-FollowerState: change to CANDIDATE, lastRpcElapsedTime:5044839682ns, electionTimeout:5040ms
2021-05-31 14:16:39,659 [e4951dd4-f4df-4d2e-bd67-fe61550133c1@group-249122FFF215-FollowerState] INFO  impl.RoleInfo (RoleInfo.java:shutdownFollowerState(108)) - e4951dd4-f4df-4d2e-bd67-fe61550133c1: shutdown e4951dd4-f4df-4d2e-bd67-fe61550133c1@group-249122FFF215-FollowerState
2021-05-31 14:16:39,659 [e4951dd4-f4df-4d2e-bd67-fe61550133c1@group-249122FFF215-FollowerState] INFO  server.RaftServer$Division (RaftServerImpl.java:setRole(284)) - e4951dd4-f4df-4d2e-bd67-fe61550133c1@group-249122FFF215: changes role from  FOLLOWER to CANDIDATE at term 0 for changeToCandidate
2021-05-31 14:16:39,660 [e4951dd4-f4df-4d2e-bd67-fe61550133c1@group-249122FFF215-FollowerState] INFO  server.RaftServerConfigKeys (ConfUtils.java:logGet(44)) - raft.server.leaderelection.pre-vote = false (custom)
2021-05-31 14:16:39,660 [e4951dd4-f4df-4d2e-bd67-fe61550133c1@group-249122FFF215-FollowerState] INFO  impl.RoleInfo (RoleInfo.java:updateAndGet(130)) - e4951dd4-f4df-4d2e-bd67-fe61550133c1: start e4951dd4-f4df-4d2e-bd67-fe61550133c1@group-249122FFF215-LeaderElection5
2021-05-31 14:16:39,663 [e4951dd4-f4df-4d2e-bd67-fe61550133c1@group-249122FFF215-LeaderElection5] INFO  impl.LeaderElection (LeaderElection.java:askForVotes(306)) - e4951dd4-f4df-4d2e-bd67-fe61550133c1@group-249122FFF215-LeaderElection5 ELECTION round 0: submit vote requests at term 1 for -1: [21f06eab-63c8-43fd-b305-f7c41bc87438|rpc:127.0.0.1:43533|priority:0, e4951dd4-f4df-4d2e-bd67-fe61550133c1|rpc:127.0.0.1:42453|priority:0, bda778da-51f4-4847-bee0-b4babae878aa|rpc:127.0.0.1:32951|priority:1], old=null
2021-05-31 14:16:39,693 [grpc-default-executor-2] INFO  server.RaftServer$Division (RaftServerImpl.java:requestVote(1042)) - 21f06eab-63c8-43fd-b305-f7c41bc87438@group-249122FFF215: receive requestVote(ELECTION, e4951dd4-f4df-4d2e-bd67-fe61550133c1, group-249122FFF215, 1, (t:0, i:0))
2021-05-31 14:16:39,694 [grpc-default-executor-2] INFO  impl.VoteContext (VoteContext.java:log(48)) - 21f06eab-63c8-43fd-b305-f7c41bc87438@group-249122FFF215-FOLLOWER: accept ELECTION from e4951dd4-f4df-4d2e-bd67-fe61550133c1: our priority 0 <= candidate's priority 0
2021-05-31 14:16:39,695 [grpc-default-executor-2] INFO  server.RaftServer$Division (RaftServerImpl.java:setRole(284)) - 21f06eab-63c8-43fd-b305-f7c41bc87438@group-249122FFF215: changes role from  FOLLOWER to FOLLOWER at term 1 for candidate:e4951dd4-f4df-4d2e-bd67-fe61550133c1
2021-05-31 14:16:39,695 [grpc-default-executor-2] INFO  impl.RoleInfo (RoleInfo.java:shutdownFollowerState(108)) - 21f06eab-63c8-43fd-b305-f7c41bc87438: shutdown 21f06eab-63c8-43fd-b305-f7c41bc87438@group-249122FFF215-FollowerState
2021-05-31 14:16:39,695 [grpc-default-executor-2] INFO  impl.RoleInfo (RoleInfo.java:updateAndGet(130)) - 21f06eab-63c8-43fd-b305-f7c41bc87438: start 21f06eab-63c8-43fd-b305-f7c41bc87438@group-249122FFF215-FollowerState
2021-05-31 14:16:39,695 [21f06eab-63c8-43fd-b305-f7c41bc87438@group-249122FFF215-FollowerState] INFO  impl.FollowerState (FollowerState.java:run(143)) - 21f06eab-63c8-43fd-b305-f7c41bc87438@group-249122FFF215-FollowerState was interrupted: {}
java.lang.InterruptedException: sleep interrupted
	at java.lang.Thread.sleep(Native Method)
	at java.lang.Thread.sleep(Thread.java:340)
	at java.util.concurrent.TimeUnit.sleep(TimeUnit.java:386)
	at org.apache.ratis.util.TimeDuration.sleep(TimeDuration.java:324)
	at org.apache.ratis.util.TimeDuration.sleep(TimeDuration.java:309)
	at org.apache.ratis.server.impl.FollowerState.run(FollowerState.java:118)
2021-05-31 14:16:39,700 [grpc-default-executor-0] INFO  server.RaftServer$Division (RaftServerImpl.java:requestVote(1042)) - bda778da-51f4-4847-bee0-b4babae878aa@group-249122FFF215: receive requestVote(ELECTION, e4951dd4-f4df-4d2e-bd67-fe61550133c1, group-249122FFF215, 1, (t:0, i:0))
2021-05-31 14:16:39,700 [grpc-default-executor-0] INFO  impl.VoteContext (VoteContext.java:log(48)) - bda778da-51f4-4847-bee0-b4babae878aa@group-249122FFF215-FOLLOWER: reject ELECTION from e4951dd4-f4df-4d2e-bd67-fe61550133c1: our priority 1 > candidate's priority 0
2021-05-31 14:16:39,701 [grpc-default-executor-0] INFO  server.RaftServer$Division (RaftServerImpl.java:setRole(284)) - bda778da-51f4-4847-bee0-b4babae878aa@group-249122FFF215: changes role from  FOLLOWER to FOLLOWER at term 1 for candidate:e4951dd4-f4df-4d2e-bd67-fe61550133c1
2021-05-31 14:16:39,701 [grpc-default-executor-0] INFO  impl.RoleInfo (RoleInfo.java:shutdownFollowerState(108)) - bda778da-51f4-4847-bee0-b4babae878aa: shutdown bda778da-51f4-4847-bee0-b4babae878aa@group-249122FFF215-FollowerState
2021-05-31 14:16:39,701 [bda778da-51f4-4847-bee0-b4babae878aa@group-249122FFF215-FollowerState] INFO  impl.FollowerState (FollowerState.java:run(143)) - bda778da-51f4-4847-bee0-b4babae878aa@group-249122FFF215-FollowerState was interrupted: {}
java.lang.InterruptedException: sleep interrupted
	at java.lang.Thread.sleep(Native Method)
	at java.lang.Thread.sleep(Thread.java:340)
	at java.util.concurrent.TimeUnit.sleep(TimeUnit.java:386)
	at org.apache.ratis.util.TimeDuration.sleep(TimeDuration.java:324)
	at org.apache.ratis.util.TimeDuration.sleep(TimeDuration.java:309)
	at org.apache.ratis.server.impl.FollowerState.run(FollowerState.java:118)
2021-05-31 14:16:39,701 [grpc-default-executor-0] INFO  impl.RoleInfo (RoleInfo.java:updateAndGet(130)) - bda778da-51f4-4847-bee0-b4babae878aa: start bda778da-51f4-4847-bee0-b4babae878aa@group-249122FFF215-FollowerState
2021-05-31 14:16:39,708 [grpc-default-executor-2] INFO  server.RaftServer$Division (RaftServerImpl.java:requestVote(1074)) - 21f06eab-63c8-43fd-b305-f7c41bc87438@group-249122FFF215 replies to ELECTION vote request: e4951dd4-f4df-4d2e-bd67-fe61550133c1<-21f06eab-63c8-43fd-b305-f7c41bc87438#0:OK-t1. Peer's state: 21f06eab-63c8-43fd-b305-f7c41bc87438@group-249122FFF215:t1, leader=null, voted=e4951dd4-f4df-4d2e-bd67-fe61550133c1, raftlog=21f06eab-63c8-43fd-b305-f7c41bc87438@group-249122FFF215-SegmentedRaftLog:OPENED:c-1,f-1,i0, conf=-1: [21f06eab-63c8-43fd-b305-f7c41bc87438|rpc:127.0.0.1:43533|dataStream:|priority:0, e4951dd4-f4df-4d2e-bd67-fe61550133c1|rpc:127.0.0.1:42453|dataStream:|priority:0, bda778da-51f4-4847-bee0-b4babae878aa|rpc:127.0.0.1:32951|dataStream:|priority:1], old=null
2021-05-31 14:16:39,708 [grpc-default-executor-0] INFO  server.RaftServer$Division (RaftServerImpl.java:requestVote(1074)) - bda778da-51f4-4847-bee0-b4babae878aa@group-249122FFF215 replies to ELECTION vote request: e4951dd4-f4df-4d2e-bd67-fe61550133c1<-bda778da-51f4-4847-bee0-b4babae878aa#0:FAIL-t1. Peer's state: bda778da-51f4-4847-bee0-b4babae878aa@group-249122FFF215:t1, leader=null, voted=null, raftlog=bda778da-51f4-4847-bee0-b4babae878aa@group-249122FFF215-SegmentedRaftLog:OPENED:c-1,f-1,i0, conf=-1: [21f06eab-63c8-43fd-b305-f7c41bc87438|rpc:127.0.0.1:43533|priority:0, e4951dd4-f4df-4d2e-bd67-fe61550133c1|rpc:127.0.0.1:42453|priority:0, bda778da-51f4-4847-bee0-b4babae878aa|rpc:127.0.0.1:32951|priority:1], old=null
2021-05-31 14:16:39,714 [e4951dd4-f4df-4d2e-bd67-fe61550133c1@group-249122FFF215-LeaderElection5] INFO  impl.LeaderElection (LeaderElection.java:logAndReturn(89)) - e4951dd4-f4df-4d2e-bd67-fe61550133c1@group-249122FFF215-LeaderElection5: ELECTION REJECTED received 1 response(s) and 0 exception(s):
2021-05-31 14:16:39,715 [e4951dd4-f4df-4d2e-bd67-fe61550133c1@group-249122FFF215-LeaderElection5] INFO  impl.LeaderElection (LeaderElection.java:logAndReturn(93)) -   Response 0: e4951dd4-f4df-4d2e-bd67-fe61550133c1<-bda778da-51f4-4847-bee0-b4babae878aa#0:FAIL-t1
2021-05-31 14:16:39,715 [e4951dd4-f4df-4d2e-bd67-fe61550133c1@group-249122FFF215-LeaderElection5] INFO  impl.LeaderElection (LeaderElection.java:askForVotes(308)) - e4951dd4-f4df-4d2e-bd67-fe61550133c1@group-249122FFF215-LeaderElection5 ELECTION round 0: result REJECTED
2021-05-31 14:16:39,715 [e4951dd4-f4df-4d2e-bd67-fe61550133c1@group-249122FFF215-LeaderElection5] INFO  server.RaftServer$Division (RaftServerImpl.java:setRole(284)) - e4951dd4-f4df-4d2e-bd67-fe61550133c1@group-249122FFF215: changes role from CANDIDATE to FOLLOWER at term 1 for REJECTED
2021-05-31 14:16:39,715 [e4951dd4-f4df-4d2e-bd67-fe61550133c1@group-249122FFF215-LeaderElection5] INFO  impl.RoleInfo (RoleInfo.java:shutdownLeaderElection(121)) - e4951dd4-f4df-4d2e-bd67-fe61550133c1: shutdown e4951dd4-f4df-4d2e-bd67-fe61550133c1@group-249122FFF215-LeaderElection5
2021-05-31 14:16:39,715 [e4951dd4-f4df-4d2e-bd67-fe61550133c1@group-249122FFF215-LeaderElection5] INFO  impl.RoleInfo (RoleInfo.java:updateAndGet(130)) - e4951dd4-f4df-4d2e-bd67-fe61550133c1: start e4951dd4-f4df-4d2e-bd67-fe61550133c1@group-249122FFF215-FollowerState
2021-05-31 14:16:39,768 [Listener at 127.0.0.1/11372] INFO  ozone.MiniOzoneClusterImpl (MiniOzoneClusterImpl.java:lambda$waitForClusterToBeReady$0(224)) - Nodes are ready. Got 3 of 3 DN Heartbeats.
2021-05-31 14:16:39,770 [Listener at 127.0.0.1/11372] INFO  ozone.MiniOzoneClusterImpl (MiniOzoneClusterImpl.java:lambda$waitForClusterToBeReady$0(227)) - Waiting for cluster to exit safe mode
2021-05-31 14:16:39,770 [Listener at 127.0.0.1/11372] INFO  ozone.MiniOzoneClusterImpl (MiniOzoneClusterImpl.java:lambda$waitForClusterToBeReady$0(230)) - SCM became leader
2021-05-31 14:16:39,808 [bda778da-51f4-4847-bee0-b4babae878aa@group-31F7564114FF-FollowerState] INFO  impl.FollowerState (FollowerState.java:run(134)) - bda778da-51f4-4847-bee0-b4babae878aa@group-31F7564114FF-FollowerState: change to CANDIDATE, lastRpcElapsedTime:5141095374ns, electionTimeout:5140ms
2021-05-31 14:16:39,808 [bda778da-51f4-4847-bee0-b4babae878aa@group-31F7564114FF-FollowerState] INFO  impl.RoleInfo (RoleInfo.java:shutdownFollowerState(108)) - bda778da-51f4-4847-bee0-b4babae878aa: shutdown bda778da-51f4-4847-bee0-b4babae878aa@group-31F7564114FF-FollowerState
2021-05-31 14:16:39,809 [bda778da-51f4-4847-bee0-b4babae878aa@group-31F7564114FF-FollowerState] INFO  server.RaftServer$Division (RaftServerImpl.java:setRole(284)) - bda778da-51f4-4847-bee0-b4babae878aa@group-31F7564114FF: changes role from  FOLLOWER to CANDIDATE at term 0 for changeToCandidate
2021-05-31 14:16:39,809 [bda778da-51f4-4847-bee0-b4babae878aa@group-31F7564114FF-FollowerState] INFO  server.RaftServerConfigKeys (ConfUtils.java:logGet(44)) - raft.server.leaderelection.pre-vote = false (custom)
2021-05-31 14:16:39,809 [bda778da-51f4-4847-bee0-b4babae878aa@group-31F7564114FF-FollowerState] INFO  impl.RoleInfo (RoleInfo.java:updateAndGet(130)) - bda778da-51f4-4847-bee0-b4babae878aa: start bda778da-51f4-4847-bee0-b4babae878aa@group-31F7564114FF-LeaderElection6
2021-05-31 14:16:39,813 [bda778da-51f4-4847-bee0-b4babae878aa@group-31F7564114FF-LeaderElection6] INFO  impl.LeaderElection (LeaderElection.java:askForVotes(306)) - bda778da-51f4-4847-bee0-b4babae878aa@group-31F7564114FF-LeaderElection6 ELECTION round 0: submit vote requests at term 1 for -1: [bda778da-51f4-4847-bee0-b4babae878aa|rpc:127.0.0.1:32951|priority:1], old=null
2021-05-31 14:16:39,813 [bda778da-51f4-4847-bee0-b4babae878aa@group-31F7564114FF-LeaderElection6] INFO  impl.LeaderElection (LeaderElection.java:askForVotes(308)) - bda778da-51f4-4847-bee0-b4babae878aa@group-31F7564114FF-LeaderElection6 ELECTION round 0: result PASSED (term=1)
2021-05-31 14:16:39,813 [bda778da-51f4-4847-bee0-b4babae878aa@group-31F7564114FF-LeaderElection6] INFO  impl.RoleInfo (RoleInfo.java:shutdownLeaderElection(121)) - bda778da-51f4-4847-bee0-b4babae878aa: shutdown bda778da-51f4-4847-bee0-b4babae878aa@group-31F7564114FF-LeaderElection6
2021-05-31 14:16:39,813 [bda778da-51f4-4847-bee0-b4babae878aa@group-31F7564114FF-LeaderElection6] INFO  server.RaftServer$Division (RaftServerImpl.java:setRole(284)) - bda778da-51f4-4847-bee0-b4babae878aa@group-31F7564114FF: changes role from CANDIDATE to LEADER at term 1 for changeToLeader
2021-05-31 14:16:39,813 [bda778da-51f4-4847-bee0-b4babae878aa@group-31F7564114FF-LeaderElection6] INFO  ratis.XceiverServerRatis (XceiverServerRatis.java:handleLeaderChangedNotification(906)) - Leader change notification received for group: group-31F7564114FF with new leaderId: bda778da-51f4-4847-bee0-b4babae878aa
2021-05-31 14:16:39,814 [bda778da-51f4-4847-bee0-b4babae878aa@group-31F7564114FF-LeaderElection6] INFO  server.RaftServer$Division (ServerState.java:setLeader(271)) - bda778da-51f4-4847-bee0-b4babae878aa@group-31F7564114FF: change Leader from null to bda778da-51f4-4847-bee0-b4babae878aa at term 1 for becomeLeader, leader elected after 5151ms
2021-05-31 14:16:39,814 [bda778da-51f4-4847-bee0-b4babae878aa@group-31F7564114FF-LeaderElection6] INFO  server.RaftServerConfigKeys (ConfUtils.java:logGet(44)) - raft.server.staging.catchup.gap = 1000 (default)
2021-05-31 14:16:39,819 [bda778da-51f4-4847-bee0-b4babae878aa@group-31F7564114FF-LeaderElection6] INFO  metrics.RatisMetrics (RatisMetrics.java:lambda$create$0(36)) - Creating Metrics Registry : ratis.log_appender.bda778da-51f4-4847-bee0-b4babae878aa@group-31F7564114FF
2021-05-31 14:16:39,819 [bda778da-51f4-4847-bee0-b4babae878aa@group-31F7564114FF-LeaderElection6] INFO  server.RaftServerConfigKeys (ConfUtils.java:logGet(44)) - raft.server.write.element-limit = 1024 (custom)
2021-05-31 14:16:39,819 [bda778da-51f4-4847-bee0-b4babae878aa@group-31F7564114FF-LeaderElection6] INFO  server.RaftServerConfigKeys (ConfUtils.java:logGet(44)) - raft.server.write.byte-limit = 1073741824 (custom)
2021-05-31 14:16:39,819 [bda778da-51f4-4847-bee0-b4babae878aa@group-31F7564114FF-LeaderElection6] INFO  server.RaftServerConfigKeys (ConfUtils.java:logGet(44)) - raft.server.watch.timeout = 180s (custom)
2021-05-31 14:16:39,819 [bda778da-51f4-4847-bee0-b4babae878aa@group-31F7564114FF-LeaderElection6] INFO  server.RaftServerConfigKeys (ConfUtils.java:logGet(44)) - raft.server.watch.timeout.denomination = 1s (default)
2021-05-31 14:16:39,819 [bda778da-51f4-4847-bee0-b4babae878aa@group-31F7564114FF-LeaderElection6] INFO  server.RaftServerConfigKeys (ConfUtils.java:logGet(44)) - raft.server.watch.element-limit = 65536 (default)
2021-05-31 14:16:39,820 [bda778da-51f4-4847-bee0-b4babae878aa@group-31F7564114FF-LeaderElection6] INFO  impl.RoleInfo (RoleInfo.java:updateAndGet(130)) - bda778da-51f4-4847-bee0-b4babae878aa: start bda778da-51f4-4847-bee0-b4babae878aa@group-31F7564114FF-LeaderStateImpl
2021-05-31 14:16:39,820 [bda778da-51f4-4847-bee0-b4babae878aa@group-31F7564114FF-LeaderElection6] INFO  segmented.SegmentedRaftLogWorker (SegmentedRaftLogWorker.java:startLogSegment(394)) - bda778da-51f4-4847-bee0-b4babae878aa@group-31F7564114FF-SegmentedRaftLogWorker: Starting segment from index:0
2021-05-31 14:16:39,820 [EventQueue-PipelineReportForOneReplicaPipelineSafeModeRule] INFO  safemode.SCMSafeModeManager (SCMSafeModeManager.java:validateSafeModeExitRules(201)) - AtleastOneDatanodeReportedRule rule is successfully validated
2021-05-31 14:16:39,821 [EventQueue-OpenPipelineForHealthyPipelineSafeModeRule] INFO  safemode.SCMSafeModeManager (HealthyPipelineSafeModeRule.java:process(130)) - SCM in safe mode. Healthy pipelines reported count is 0, required healthy pipeline reported count is 1
2021-05-31 14:16:39,821 [EventQueue-PipelineReportForOneReplicaPipelineSafeModeRule] INFO  safemode.SCMSafeModeManager (SCMSafeModeManager.java:validateSafeModeExitRules(201)) - AtleastOneDatanodeReportedRule rule is successfully validated
2021-05-31 14:16:39,821 [EventQueue-OpenPipelineForHealthyPipelineSafeModeRule] INFO  safemode.SCMSafeModeManager (HealthyPipelineSafeModeRule.java:process(130)) - SCM in safe mode. Healthy pipelines reported count is 0, required healthy pipeline reported count is 1
2021-05-31 14:16:39,824 [bda778da-51f4-4847-bee0-b4babae878aa@group-31F7564114FF-SegmentedRaftLogWorker] INFO  segmented.SegmentedRaftLogWorker (SegmentedRaftLogWorker.java:execute(601)) - bda778da-51f4-4847-bee0-b4babae878aa@group-31F7564114FF-SegmentedRaftLogWorker: created new log segment /home/runner/work/ozone/ozone/mnt/ozone/hadoop-ozone/integration-test/target/test-dir/MiniOzoneClusterImpl-54085720-bde5-45d4-8ce8-a7ad55ee2c31/datanode-1/data/ratis/9213f601-e2f2-4424-be6b-31f7564114ff/current/log_inprogress_0
2021-05-31 14:16:39,824 [bda778da-51f4-4847-bee0-b4babae878aa@group-31F7564114FF-LeaderElection6] INFO  server.RaftServer$Division (ServerState.java:setRaftConf(373)) - bda778da-51f4-4847-bee0-b4babae878aa@group-31F7564114FF: set configuration 0: [bda778da-51f4-4847-bee0-b4babae878aa|rpc:127.0.0.1:32951|dataStream:|priority:1], old=null
2021-05-31 14:16:39,938 [EventQueue-PipelineReportForOneReplicaPipelineSafeModeRule] INFO  safemode.SCMSafeModeManager (SCMSafeModeManager.java:validateSafeModeExitRules(201)) - AtleastOneDatanodeReportedRule rule is successfully validated
2021-05-31 14:16:39,939 [EventQueue-OpenPipelineForHealthyPipelineSafeModeRule] INFO  safemode.SCMSafeModeManager (HealthyPipelineSafeModeRule.java:process(130)) - SCM in safe mode. Healthy pipelines reported count is 0, required healthy pipeline reported count is 1
2021-05-31 14:16:39,940 [EventQueue-PipelineReportForOneReplicaPipelineSafeModeRule] INFO  safemode.SCMSafeModeManager (SCMSafeModeManager.java:validateSafeModeExitRules(201)) - AtleastOneDatanodeReportedRule rule is successfully validated
2021-05-31 14:16:39,940 [EventQueue-OpenPipelineForHealthyPipelineSafeModeRule] INFO  safemode.SCMSafeModeManager (HealthyPipelineSafeModeRule.java:process(130)) - SCM in safe mode. Healthy pipelines reported count is 0, required healthy pipeline reported count is 1
2021-05-31 14:16:40,037 [21f06eab-63c8-43fd-b305-f7c41bc87438@group-914A9C454EC2-FollowerState] INFO  impl.FollowerState (FollowerState.java:run(134)) - 21f06eab-63c8-43fd-b305-f7c41bc87438@group-914A9C454EC2-FollowerState: change to CANDIDATE, lastRpcElapsedTime:5098020008ns, electionTimeout:5097ms
2021-05-31 14:16:40,037 [21f06eab-63c8-43fd-b305-f7c41bc87438@group-914A9C454EC2-FollowerState] INFO  impl.RoleInfo (RoleInfo.java:shutdownFollowerState(108)) - 21f06eab-63c8-43fd-b305-f7c41bc87438: shutdown 21f06eab-63c8-43fd-b305-f7c41bc87438@group-914A9C454EC2-FollowerState
2021-05-31 14:16:40,037 [21f06eab-63c8-43fd-b305-f7c41bc87438@group-914A9C454EC2-FollowerState] INFO  server.RaftServer$Division (RaftServerImpl.java:setRole(284)) - 21f06eab-63c8-43fd-b305-f7c41bc87438@group-914A9C454EC2: changes role from  FOLLOWER to CANDIDATE at term 0 for changeToCandidate
2021-05-31 14:16:40,037 [21f06eab-63c8-43fd-b305-f7c41bc87438@group-914A9C454EC2-FollowerState] INFO  server.RaftServerConfigKeys (ConfUtils.java:logGet(44)) - raft.server.leaderelection.pre-vote = false (custom)
2021-05-31 14:16:40,038 [21f06eab-63c8-43fd-b305-f7c41bc87438@group-914A9C454EC2-FollowerState] INFO  impl.RoleInfo (RoleInfo.java:updateAndGet(130)) - 21f06eab-63c8-43fd-b305-f7c41bc87438: start 21f06eab-63c8-43fd-b305-f7c41bc87438@group-914A9C454EC2-LeaderElection7
2021-05-31 14:16:40,042 [21f06eab-63c8-43fd-b305-f7c41bc87438@group-914A9C454EC2-LeaderElection7] INFO  impl.LeaderElection (LeaderElection.java:askForVotes(306)) - 21f06eab-63c8-43fd-b305-f7c41bc87438@group-914A9C454EC2-LeaderElection7 ELECTION round 0: submit vote requests at term 1 for -1: [21f06eab-63c8-43fd-b305-f7c41bc87438|rpc:127.0.0.1:43533|priority:0, e4951dd4-f4df-4d2e-bd67-fe61550133c1|rpc:127.0.0.1:42453|priority:1, bda778da-51f4-4847-bee0-b4babae878aa|rpc:127.0.0.1:32951|priority:0], old=null
2021-05-31 14:16:40,046 [e4951dd4-f4df-4d2e-bd67-fe61550133c1@group-914A9C454EC2-FollowerState] INFO  impl.FollowerState (FollowerState.java:run(134)) - e4951dd4-f4df-4d2e-bd67-fe61550133c1@group-914A9C454EC2-FollowerState: change to CANDIDATE, lastRpcElapsedTime:5061850770ns, electionTimeout:5059ms
2021-05-31 14:16:40,047 [e4951dd4-f4df-4d2e-bd67-fe61550133c1@group-914A9C454EC2-FollowerState] INFO  impl.RoleInfo (RoleInfo.java:shutdownFollowerState(108)) - e4951dd4-f4df-4d2e-bd67-fe61550133c1: shutdown e4951dd4-f4df-4d2e-bd67-fe61550133c1@group-914A9C454EC2-FollowerState
2021-05-31 14:16:40,047 [e4951dd4-f4df-4d2e-bd67-fe61550133c1@group-914A9C454EC2-FollowerState] INFO  server.RaftServer$Division (RaftServerImpl.java:setRole(284)) - e4951dd4-f4df-4d2e-bd67-fe61550133c1@group-914A9C454EC2: changes role from  FOLLOWER to CANDIDATE at term 0 for changeToCandidate
2021-05-31 14:16:40,047 [e4951dd4-f4df-4d2e-bd67-fe61550133c1@group-914A9C454EC2-FollowerState] INFO  server.RaftServerConfigKeys (ConfUtils.java:logGet(44)) - raft.server.leaderelection.pre-vote = false (custom)
2021-05-31 14:16:40,047 [e4951dd4-f4df-4d2e-bd67-fe61550133c1@group-914A9C454EC2-FollowerState] INFO  impl.RoleInfo (RoleInfo.java:updateAndGet(130)) - e4951dd4-f4df-4d2e-bd67-fe61550133c1: start e4951dd4-f4df-4d2e-bd67-fe61550133c1@group-914A9C454EC2-LeaderElection8
2021-05-31 14:16:40,055 [e4951dd4-f4df-4d2e-bd67-fe61550133c1@group-914A9C454EC2-LeaderElection8] INFO  impl.LeaderElection (LeaderElection.java:askForVotes(306)) - e4951dd4-f4df-4d2e-bd67-fe61550133c1@group-914A9C454EC2-LeaderElection8 ELECTION round 0: submit vote requests at term 1 for -1: [21f06eab-63c8-43fd-b305-f7c41bc87438|rpc:127.0.0.1:43533|priority:0, e4951dd4-f4df-4d2e-bd67-fe61550133c1|rpc:127.0.0.1:42453|priority:1, bda778da-51f4-4847-bee0-b4babae878aa|rpc:127.0.0.1:32951|priority:0], old=null
2021-05-31 14:16:40,061 [grpc-default-executor-0] INFO  server.RaftServer$Division (RaftServerImpl.java:requestVote(1042)) - e4951dd4-f4df-4d2e-bd67-fe61550133c1@group-914A9C454EC2: receive requestVote(ELECTION, 21f06eab-63c8-43fd-b305-f7c41bc87438, group-914A9C454EC2, 1, (t:0, i:0))
2021-05-31 14:16:40,061 [grpc-default-executor-0] INFO  impl.VoteContext (VoteContext.java:log(48)) - e4951dd4-f4df-4d2e-bd67-fe61550133c1@group-914A9C454EC2-CANDIDATE: reject ELECTION from 21f06eab-63c8-43fd-b305-f7c41bc87438: already has voted for e4951dd4-f4df-4d2e-bd67-fe61550133c1 at current term 1
2021-05-31 14:16:40,061 [grpc-default-executor-0] INFO  server.RaftServer$Division (RaftServerImpl.java:requestVote(1074)) - e4951dd4-f4df-4d2e-bd67-fe61550133c1@group-914A9C454EC2 replies to ELECTION vote request: 21f06eab-63c8-43fd-b305-f7c41bc87438<-e4951dd4-f4df-4d2e-bd67-fe61550133c1#0:FAIL-t1. Peer's state: e4951dd4-f4df-4d2e-bd67-fe61550133c1@group-914A9C454EC2:t1, leader=null, voted=e4951dd4-f4df-4d2e-bd67-fe61550133c1, raftlog=e4951dd4-f4df-4d2e-bd67-fe61550133c1@group-914A9C454EC2-SegmentedRaftLog:OPENED:c-1,f-1,i0, conf=-1: [21f06eab-63c8-43fd-b305-f7c41bc87438|rpc:127.0.0.1:43533|priority:0, e4951dd4-f4df-4d2e-bd67-fe61550133c1|rpc:127.0.0.1:42453|priority:1, bda778da-51f4-4847-bee0-b4babae878aa|rpc:127.0.0.1:32951|priority:0], old=null
2021-05-31 14:16:40,064 [grpc-default-executor-2] INFO  server.RaftServer$Division (RaftServerImpl.java:requestVote(1042)) - bda778da-51f4-4847-bee0-b4babae878aa@group-914A9C454EC2: receive requestVote(ELECTION, 21f06eab-63c8-43fd-b305-f7c41bc87438, group-914A9C454EC2, 1, (t:0, i:0))
2021-05-31 14:16:40,064 [grpc-default-executor-2] INFO  impl.VoteContext (VoteContext.java:log(48)) - bda778da-51f4-4847-bee0-b4babae878aa@group-914A9C454EC2-FOLLOWER: accept ELECTION from 21f06eab-63c8-43fd-b305-f7c41bc87438: our priority 0 <= candidate's priority 0
2021-05-31 14:16:40,064 [grpc-default-executor-2] INFO  server.RaftServer$Division (RaftServerImpl.java:setRole(284)) - bda778da-51f4-4847-bee0-b4babae878aa@group-914A9C454EC2: changes role from  FOLLOWER to FOLLOWER at term 1 for candidate:21f06eab-63c8-43fd-b305-f7c41bc87438
2021-05-31 14:16:40,064 [grpc-default-executor-2] INFO  impl.RoleInfo (RoleInfo.java:shutdownFollowerState(108)) - bda778da-51f4-4847-bee0-b4babae878aa: shutdown bda778da-51f4-4847-bee0-b4babae878aa@group-914A9C454EC2-FollowerState
2021-05-31 14:16:40,064 [grpc-default-executor-2] INFO  impl.RoleInfo (RoleInfo.java:updateAndGet(130)) - bda778da-51f4-4847-bee0-b4babae878aa: start bda778da-51f4-4847-bee0-b4babae878aa@group-914A9C454EC2-FollowerState
2021-05-31 14:16:40,065 [bda778da-51f4-4847-bee0-b4babae878aa@group-914A9C454EC2-FollowerState] INFO  impl.FollowerState (FollowerState.java:run(143)) - bda778da-51f4-4847-bee0-b4babae878aa@group-914A9C454EC2-FollowerState was interrupted: {}
java.lang.InterruptedException: sleep interrupted
	at java.lang.Thread.sleep(Native Method)
	at java.lang.Thread.sleep(Thread.java:340)
	at java.util.concurrent.TimeUnit.sleep(TimeUnit.java:386)
	at org.apache.ratis.util.TimeDuration.sleep(TimeDuration.java:324)
	at org.apache.ratis.util.TimeDuration.sleep(TimeDuration.java:309)
	at org.apache.ratis.server.impl.FollowerState.run(FollowerState.java:118)
2021-05-31 14:16:40,072 [21f06eab-63c8-43fd-b305-f7c41bc87438@group-914A9C454EC2-LeaderElection7] INFO  impl.LeaderElection (LeaderElection.java:logAndReturn(89)) - 21f06eab-63c8-43fd-b305-f7c41bc87438@group-914A9C454EC2-LeaderElection7: ELECTION REJECTED received 1 response(s) and 0 exception(s):
2021-05-31 14:16:40,073 [21f06eab-63c8-43fd-b305-f7c41bc87438@group-914A9C454EC2-LeaderElection7] INFO  impl.LeaderElection (LeaderElection.java:logAndReturn(93)) -   Response 0: 21f06eab-63c8-43fd-b305-f7c41bc87438<-e4951dd4-f4df-4d2e-bd67-fe61550133c1#0:FAIL-t1
2021-05-31 14:16:40,073 [21f06eab-63c8-43fd-b305-f7c41bc87438@group-914A9C454EC2-LeaderElection7] INFO  impl.LeaderElection (LeaderElection.java:askForVotes(308)) - 21f06eab-63c8-43fd-b305-f7c41bc87438@group-914A9C454EC2-LeaderElection7 ELECTION round 0: result REJECTED
2021-05-31 14:16:40,073 [21f06eab-63c8-43fd-b305-f7c41bc87438@group-914A9C454EC2-LeaderElection7] INFO  server.RaftServer$Division (RaftServerImpl.java:setRole(284)) - 21f06eab-63c8-43fd-b305-f7c41bc87438@group-914A9C454EC2: changes role from CANDIDATE to FOLLOWER at term 1 for REJECTED
2021-05-31 14:16:40,073 [21f06eab-63c8-43fd-b305-f7c41bc87438@group-914A9C454EC2-LeaderElection7] INFO  impl.RoleInfo (RoleInfo.java:shutdownLeaderElection(121)) - 21f06eab-63c8-43fd-b305-f7c41bc87438: shutdown 21f06eab-63c8-43fd-b305-f7c41bc87438@group-914A9C454EC2-LeaderElection7
2021-05-31 14:16:40,073 [21f06eab-63c8-43fd-b305-f7c41bc87438@group-914A9C454EC2-LeaderElection7] INFO  impl.RoleInfo (RoleInfo.java:updateAndGet(130)) - 21f06eab-63c8-43fd-b305-f7c41bc87438: start 21f06eab-63c8-43fd-b305-f7c41bc87438@group-914A9C454EC2-FollowerState
2021-05-31 14:16:40,073 [21f06eab-63c8-43fd-b305-f7c41bc87438@group-52DFBD58E75D-FollowerState] INFO  impl.FollowerState (FollowerState.java:run(134)) - 21f06eab-63c8-43fd-b305-f7c41bc87438@group-52DFBD58E75D-FollowerState: change to CANDIDATE, lastRpcElapsedTime:5159846896ns, electionTimeout:5152ms
2021-05-31 14:16:40,073 [21f06eab-63c8-43fd-b305-f7c41bc87438@group-52DFBD58E75D-FollowerState] INFO  impl.RoleInfo (RoleInfo.java:shutdownFollowerState(108)) - 21f06eab-63c8-43fd-b305-f7c41bc87438: shutdown 21f06eab-63c8-43fd-b305-f7c41bc87438@group-52DFBD58E75D-FollowerState
2021-05-31 14:16:40,074 [21f06eab-63c8-43fd-b305-f7c41bc87438@group-52DFBD58E75D-FollowerState] INFO  server.RaftServer$Division (RaftServerImpl.java:setRole(284)) - 21f06eab-63c8-43fd-b305-f7c41bc87438@group-52DFBD58E75D: changes role from  FOLLOWER to CANDIDATE at term 0 for changeToCandidate
2021-05-31 14:16:40,074 [21f06eab-63c8-43fd-b305-f7c41bc87438@group-52DFBD58E75D-FollowerState] INFO  server.RaftServerConfigKeys (ConfUtils.java:logGet(44)) - raft.server.leaderelection.pre-vote = false (custom)
2021-05-31 14:16:40,074 [21f06eab-63c8-43fd-b305-f7c41bc87438@group-52DFBD58E75D-FollowerState] INFO  impl.RoleInfo (RoleInfo.java:updateAndGet(130)) - 21f06eab-63c8-43fd-b305-f7c41bc87438: start 21f06eab-63c8-43fd-b305-f7c41bc87438@group-52DFBD58E75D-LeaderElection9
2021-05-31 14:16:40,066 [grpc-default-executor-2] INFO  server.RaftServer$Division (RaftServerImpl.java:requestVote(1074)) - bda778da-51f4-4847-bee0-b4babae878aa@group-914A9C454EC2 replies to ELECTION vote request: 21f06eab-63c8-43fd-b305-f7c41bc87438<-bda778da-51f4-4847-bee0-b4babae878aa#0:OK-t1. Peer's state: bda778da-51f4-4847-bee0-b4babae878aa@group-914A9C454EC2:t1, leader=null, voted=21f06eab-63c8-43fd-b305-f7c41bc87438, raftlog=bda778da-51f4-4847-bee0-b4babae878aa@group-914A9C454EC2-SegmentedRaftLog:OPENED:c-1,f-1,i0, conf=-1: [21f06eab-63c8-43fd-b305-f7c41bc87438|rpc:127.0.0.1:43533|priority:0, e4951dd4-f4df-4d2e-bd67-fe61550133c1|rpc:127.0.0.1:42453|priority:1, bda778da-51f4-4847-bee0-b4babae878aa|rpc:127.0.0.1:32951|priority:0], old=null
2021-05-31 14:16:40,073 [grpc-default-executor-1] INFO  server.RaftServer$Division (RaftServerImpl.java:requestVote(1042)) - bda778da-51f4-4847-bee0-b4babae878aa@group-914A9C454EC2: receive requestVote(ELECTION, e4951dd4-f4df-4d2e-bd67-fe61550133c1, group-914A9C454EC2, 1, (t:0, i:0))
2021-05-31 14:16:40,073 [grpc-default-executor-0] INFO  server.RaftServer$Division (RaftServerImpl.java:requestVote(1042)) - 21f06eab-63c8-43fd-b305-f7c41bc87438@group-914A9C454EC2: receive requestVote(ELECTION, e4951dd4-f4df-4d2e-bd67-fe61550133c1, group-914A9C454EC2, 1, (t:0, i:0))
2021-05-31 14:16:40,081 [grpc-default-executor-0] INFO  impl.VoteContext (VoteContext.java:log(48)) - 21f06eab-63c8-43fd-b305-f7c41bc87438@group-914A9C454EC2-FOLLOWER: reject ELECTION from e4951dd4-f4df-4d2e-bd67-fe61550133c1: already has voted for 21f06eab-63c8-43fd-b305-f7c41bc87438 at current term 1
2021-05-31 14:16:40,081 [grpc-default-executor-0] INFO  server.RaftServer$Division (RaftServerImpl.java:requestVote(1074)) - 21f06eab-63c8-43fd-b305-f7c41bc87438@group-914A9C454EC2 replies to ELECTION vote request: e4951dd4-f4df-4d2e-bd67-fe61550133c1<-21f06eab-63c8-43fd-b305-f7c41bc87438#0:FAIL-t1. Peer's state: 21f06eab-63c8-43fd-b305-f7c41bc87438@group-914A9C454EC2:t1, leader=null, voted=21f06eab-63c8-43fd-b305-f7c41bc87438, raftlog=21f06eab-63c8-43fd-b305-f7c41bc87438@group-914A9C454EC2-SegmentedRaftLog:OPENED:c-1,f-1,i0, conf=-1: [21f06eab-63c8-43fd-b305-f7c41bc87438|rpc:127.0.0.1:43533|priority:0, e4951dd4-f4df-4d2e-bd67-fe61550133c1|rpc:127.0.0.1:42453|priority:1, bda778da-51f4-4847-bee0-b4babae878aa|rpc:127.0.0.1:32951|priority:0], old=null
2021-05-31 14:16:40,081 [grpc-default-executor-1] INFO  impl.VoteContext (VoteContext.java:log(48)) - bda778da-51f4-4847-bee0-b4babae878aa@group-914A9C454EC2-FOLLOWER: reject ELECTION from e4951dd4-f4df-4d2e-bd67-fe61550133c1: already has voted for 21f06eab-63c8-43fd-b305-f7c41bc87438 at current term 1
2021-05-31 14:16:40,081 [grpc-default-executor-1] INFO  server.RaftServer$Division (RaftServerImpl.java:requestVote(1074)) - bda778da-51f4-4847-bee0-b4babae878aa@group-914A9C454EC2 replies to ELECTION vote request: e4951dd4-f4df-4d2e-bd67-fe61550133c1<-bda778da-51f4-4847-bee0-b4babae878aa#0:FAIL-t1. Peer's state: bda778da-51f4-4847-bee0-b4babae878aa@group-914A9C454EC2:t1, leader=null, voted=21f06eab-63c8-43fd-b305-f7c41bc87438, raftlog=bda778da-51f4-4847-bee0-b4babae878aa@group-914A9C454EC2-SegmentedRaftLog:OPENED:c-1,f-1,i0, conf=-1: [21f06eab-63c8-43fd-b305-f7c41bc87438|rpc:127.0.0.1:43533|priority:0, e4951dd4-f4df-4d2e-bd67-fe61550133c1|rpc:127.0.0.1:42453|priority:1, bda778da-51f4-4847-bee0-b4babae878aa|rpc:127.0.0.1:32951|priority:0], old=null
2021-05-31 14:16:40,084 [e4951dd4-f4df-4d2e-bd67-fe61550133c1@group-914A9C454EC2-LeaderElection8] INFO  impl.LeaderElection (LeaderElection.java:logAndReturn(89)) - e4951dd4-f4df-4d2e-bd67-fe61550133c1@group-914A9C454EC2-LeaderElection8: ELECTION REJECTED received 2 response(s) and 0 exception(s):
2021-05-31 14:16:40,085 [e4951dd4-f4df-4d2e-bd67-fe61550133c1@group-914A9C454EC2-LeaderElection8] INFO  impl.LeaderElection (LeaderElection.java:logAndReturn(93)) -   Response 0: e4951dd4-f4df-4d2e-bd67-fe61550133c1<-21f06eab-63c8-43fd-b305-f7c41bc87438#0:FAIL-t1
2021-05-31 14:16:40,085 [e4951dd4-f4df-4d2e-bd67-fe61550133c1@group-914A9C454EC2-LeaderElection8] INFO  impl.LeaderElection (LeaderElection.java:logAndReturn(93)) -   Response 1: e4951dd4-f4df-4d2e-bd67-fe61550133c1<-bda778da-51f4-4847-bee0-b4babae878aa#0:FAIL-t1
2021-05-31 14:16:40,085 [21f06eab-63c8-43fd-b305-f7c41bc87438@group-52DFBD58E75D-LeaderElection9] INFO  impl.LeaderElection (LeaderElection.java:askForVotes(306)) - 21f06eab-63c8-43fd-b305-f7c41bc87438@group-52DFBD58E75D-LeaderElection9 ELECTION round 0: submit vote requests at term 1 for -1: [21f06eab-63c8-43fd-b305-f7c41bc87438|rpc:127.0.0.1:43533|priority:1], old=null
2021-05-31 14:16:40,085 [e4951dd4-f4df-4d2e-bd67-fe61550133c1@group-914A9C454EC2-LeaderElection8] INFO  impl.LeaderElection (LeaderElection.java:askForVotes(308)) - e4951dd4-f4df-4d2e-bd67-fe61550133c1@group-914A9C454EC2-LeaderElection8 ELECTION round 0: result REJECTED
2021-05-31 14:16:40,086 [e4951dd4-f4df-4d2e-bd67-fe61550133c1@group-914A9C454EC2-LeaderElection8] INFO  server.RaftServer$Division (RaftServerImpl.java:setRole(284)) - e4951dd4-f4df-4d2e-bd67-fe61550133c1@group-914A9C454EC2: changes role from CANDIDATE to FOLLOWER at term 1 for REJECTED
2021-05-31 14:16:40,086 [e4951dd4-f4df-4d2e-bd67-fe61550133c1@group-914A9C454EC2-LeaderElection8] INFO  impl.RoleInfo (RoleInfo.java:shutdownLeaderElection(121)) - e4951dd4-f4df-4d2e-bd67-fe61550133c1: shutdown e4951dd4-f4df-4d2e-bd67-fe61550133c1@group-914A9C454EC2-LeaderElection8
2021-05-31 14:16:40,086 [e4951dd4-f4df-4d2e-bd67-fe61550133c1@group-914A9C454EC2-LeaderElection8] INFO  impl.RoleInfo (RoleInfo.java:updateAndGet(130)) - e4951dd4-f4df-4d2e-bd67-fe61550133c1: start e4951dd4-f4df-4d2e-bd67-fe61550133c1@group-914A9C454EC2-FollowerState
2021-05-31 14:16:40,086 [21f06eab-63c8-43fd-b305-f7c41bc87438@group-52DFBD58E75D-LeaderElection9] INFO  impl.LeaderElection (LeaderElection.java:askForVotes(308)) - 21f06eab-63c8-43fd-b305-f7c41bc87438@group-52DFBD58E75D-LeaderElection9 ELECTION round 0: result PASSED (term=1)
2021-05-31 14:16:40,086 [21f06eab-63c8-43fd-b305-f7c41bc87438@group-52DFBD58E75D-LeaderElection9] INFO  impl.RoleInfo (RoleInfo.java:shutdownLeaderElection(121)) - 21f06eab-63c8-43fd-b305-f7c41bc87438: shutdown 21f06eab-63c8-43fd-b305-f7c41bc87438@group-52DFBD58E75D-LeaderElection9
2021-05-31 14:16:40,086 [21f06eab-63c8-43fd-b305-f7c41bc87438@group-52DFBD58E75D-LeaderElection9] INFO  server.RaftServer$Division (RaftServerImpl.java:setRole(284)) - 21f06eab-63c8-43fd-b305-f7c41bc87438@group-52DFBD58E75D: changes role from CANDIDATE to LEADER at term 1 for changeToLeader
2021-05-31 14:16:40,086 [21f06eab-63c8-43fd-b305-f7c41bc87438@group-52DFBD58E75D-LeaderElection9] INFO  ratis.XceiverServerRatis (XceiverServerRatis.java:handleLeaderChangedNotification(906)) - Leader change notification received for group: group-52DFBD58E75D with new leaderId: 21f06eab-63c8-43fd-b305-f7c41bc87438
2021-05-31 14:16:40,092 [21f06eab-63c8-43fd-b305-f7c41bc87438@group-52DFBD58E75D-LeaderElection9] INFO  server.RaftServer$Division (ServerState.java:setLeader(271)) - 21f06eab-63c8-43fd-b305-f7c41bc87438@group-52DFBD58E75D: change Leader from null to 21f06eab-63c8-43fd-b305-f7c41bc87438 at term 1 for becomeLeader, leader elected after 5220ms
2021-05-31 14:16:40,092 [21f06eab-63c8-43fd-b305-f7c41bc87438@group-52DFBD58E75D-LeaderElection9] INFO  server.RaftServerConfigKeys (ConfUtils.java:logGet(44)) - raft.server.staging.catchup.gap = 1000 (default)
2021-05-31 14:16:40,092 [21f06eab-63c8-43fd-b305-f7c41bc87438@group-52DFBD58E75D-LeaderElection9] INFO  metrics.RatisMetrics (RatisMetrics.java:lambda$create$0(36)) - Creating Metrics Registry : ratis.log_appender.21f06eab-63c8-43fd-b305-f7c41bc87438@group-52DFBD58E75D
2021-05-31 14:16:40,092 [21f06eab-63c8-43fd-b305-f7c41bc87438@group-52DFBD58E75D-LeaderElection9] INFO  server.RaftServerConfigKeys (ConfUtils.java:logGet(44)) - raft.server.write.element-limit = 1024 (custom)
2021-05-31 14:16:40,092 [21f06eab-63c8-43fd-b305-f7c41bc87438@group-52DFBD58E75D-LeaderElection9] INFO  server.RaftServerConfigKeys (ConfUtils.java:logGet(44)) - raft.server.write.byte-limit = 1073741824 (custom)
2021-05-31 14:16:40,092 [21f06eab-63c8-43fd-b305-f7c41bc87438@group-52DFBD58E75D-LeaderElection9] INFO  server.RaftServerConfigKeys (ConfUtils.java:logGet(44)) - raft.server.watch.timeout = 180s (custom)
2021-05-31 14:16:40,092 [21f06eab-63c8-43fd-b305-f7c41bc87438@group-52DFBD58E75D-LeaderElection9] INFO  server.RaftServerConfigKeys (ConfUtils.java:logGet(44)) - raft.server.watch.timeout.denomination = 1s (default)
2021-05-31 14:16:40,092 [21f06eab-63c8-43fd-b305-f7c41bc87438@group-52DFBD58E75D-LeaderElection9] INFO  server.RaftServerConfigKeys (ConfUtils.java:logGet(44)) - raft.server.watch.element-limit = 65536 (default)
2021-05-31 14:16:40,093 [21f06eab-63c8-43fd-b305-f7c41bc87438@group-52DFBD58E75D-LeaderElection9] INFO  impl.RoleInfo (RoleInfo.java:updateAndGet(130)) - 21f06eab-63c8-43fd-b305-f7c41bc87438: start 21f06eab-63c8-43fd-b305-f7c41bc87438@group-52DFBD58E75D-LeaderStateImpl
2021-05-31 14:16:40,093 [21f06eab-63c8-43fd-b305-f7c41bc87438@group-52DFBD58E75D-LeaderElection9] INFO  segmented.SegmentedRaftLogWorker (SegmentedRaftLogWorker.java:startLogSegment(394)) - 21f06eab-63c8-43fd-b305-f7c41bc87438@group-52DFBD58E75D-SegmentedRaftLogWorker: Starting segment from index:0
2021-05-31 14:16:40,094 [21f06eab-63c8-43fd-b305-f7c41bc87438@group-52DFBD58E75D-SegmentedRaftLogWorker] INFO  segmented.SegmentedRaftLogWorker (SegmentedRaftLogWorker.java:execute(601)) - 21f06eab-63c8-43fd-b305-f7c41bc87438@group-52DFBD58E75D-SegmentedRaftLogWorker: created new log segment /home/runner/work/ozone/ozone/mnt/ozone/hadoop-ozone/integration-test/target/test-dir/MiniOzoneClusterImpl-54085720-bde5-45d4-8ce8-a7ad55ee2c31/datanode-2/data/ratis/ed7a5838-6f04-4a61-8b70-52dfbd58e75d/current/log_inprogress_0
2021-05-31 14:16:40,094 [EventQueue-PipelineReportForOneReplicaPipelineSafeModeRule] INFO  safemode.SCMSafeModeManager (SCMSafeModeManager.java:validateSafeModeExitRules(201)) - AtleastOneDatanodeReportedRule rule is successfully validated
2021-05-31 14:16:40,095 [EventQueue-OpenPipelineForHealthyPipelineSafeModeRule] INFO  safemode.SCMSafeModeManager (HealthyPipelineSafeModeRule.java:process(130)) - SCM in safe mode. Healthy pipelines reported count is 0, required healthy pipeline reported count is 1
2021-05-31 14:16:40,097 [21f06eab-63c8-43fd-b305-f7c41bc87438@group-52DFBD58E75D-LeaderElection9] INFO  server.RaftServer$Division (ServerState.java:setRaftConf(373)) - 21f06eab-63c8-43fd-b305-f7c41bc87438@group-52DFBD58E75D: set configuration 0: [21f06eab-63c8-43fd-b305-f7c41bc87438|rpc:127.0.0.1:43533|dataStream:|priority:1], old=null
2021-05-31 14:16:40,095 [EventQueue-PipelineReportForOneReplicaPipelineSafeModeRule] INFO  safemode.SCMSafeModeManager (SCMSafeModeManager.java:validateSafeModeExitRules(201)) - AtleastOneDatanodeReportedRule rule is successfully validated
2021-05-31 14:16:40,095 [EventQueue-OpenPipelineForHealthyPipelineSafeModeRule] INFO  safemode.SCMSafeModeManager (HealthyPipelineSafeModeRule.java:process(130)) - SCM in safe mode. Healthy pipelines reported count is 0, required healthy pipeline reported count is 1
2021-05-31 14:16:40,606 [EventQueue-PipelineReportForOneReplicaPipelineSafeModeRule] INFO  safemode.SCMSafeModeManager (SCMSafeModeManager.java:validateSafeModeExitRules(201)) - AtleastOneDatanodeReportedRule rule is successfully validated
2021-05-31 14:16:40,606 [EventQueue-PipelineReportForOneReplicaPipelineSafeModeRule] INFO  safemode.SCMSafeModeManager (SCMSafeModeManager.java:validateSafeModeExitRules(201)) - AtleastOneDatanodeReportedRule rule is successfully validated
2021-05-31 14:16:40,606 [EventQueue-OpenPipelineForHealthyPipelineSafeModeRule] INFO  safemode.SCMSafeModeManager (HealthyPipelineSafeModeRule.java:process(130)) - SCM in safe mode. Healthy pipelines reported count is 0, required healthy pipeline reported count is 1
2021-05-31 14:16:40,608 [EventQueue-OpenPipelineForHealthyPipelineSafeModeRule] INFO  safemode.SCMSafeModeManager (HealthyPipelineSafeModeRule.java:process(130)) - SCM in safe mode. Healthy pipelines reported count is 0, required healthy pipeline reported count is 1
2021-05-31 14:16:40,771 [Listener at 127.0.0.1/11372] INFO  ozone.MiniOzoneClusterImpl (MiniOzoneClusterImpl.java:lambda$waitForClusterToBeReady$0(224)) - Nodes are ready. Got 3 of 3 DN Heartbeats.
2021-05-31 14:16:40,771 [Listener at 127.0.0.1/11372] INFO  ozone.MiniOzoneClusterImpl (MiniOzoneClusterImpl.java:lambda$waitForClusterToBeReady$0(227)) - Waiting for cluster to exit safe mode
2021-05-31 14:16:40,771 [Listener at 127.0.0.1/11372] INFO  ozone.MiniOzoneClusterImpl (MiniOzoneClusterImpl.java:lambda$waitForClusterToBeReady$0(230)) - SCM became leader
2021-05-31 14:16:40,814 [Datanode State Machine Thread - 0] ERROR datanode.RunningDatanodeState (RunningDatanodeState.java:computeNextContainerState(199)) - Error in executing end point task.
java.util.concurrent.ExecutionException: java.util.concurrent.TimeoutException
	at java.util.concurrent.FutureTask.report(FutureTask.java:122)
	at java.util.concurrent.FutureTask.get(FutureTask.java:192)
	at org.apache.hadoop.ozone.container.common.states.datanode.RunningDatanodeState.computeNextContainerState(RunningDatanodeState.java:191)
	at org.apache.hadoop.ozone.container.common.states.datanode.RunningDatanodeState.await(RunningDatanodeState.java:231)
	at org.apache.hadoop.ozone.container.common.states.datanode.RunningDatanodeState.await(RunningDatanodeState.java:50)
	at org.apache.hadoop.ozone.container.common.statemachine.StateContext.execute(StateContext.java:579)
	at org.apache.hadoop.ozone.container.common.statemachine.DatanodeStateMachine.start(DatanodeStateMachine.java:233)
	at org.apache.hadoop.ozone.container.common.statemachine.DatanodeStateMachine.lambda$startDaemon$0(DatanodeStateMachine.java:416)
	at java.lang.Thread.run(Thread.java:748)
Caused by: java.util.concurrent.TimeoutException
	at java.util.concurrent.FutureTask.get(FutureTask.java:205)
	at org.apache.hadoop.ozone.container.common.states.datanode.RunningDatanodeState.lambda$execute$0(RunningDatanodeState.java:149)
	at java.util.concurrent.FutureTask.run(FutureTask.java:266)
	at java.util.concurrent.Executors$RunnableAdapter.call(Executors.java:511)
	at java.util.concurrent.FutureTask.run(FutureTask.java:266)
	at java.util.concurrent.ThreadPoolExecutor.runWorker(ThreadPoolExecutor.java:1149)
	at java.util.concurrent.ThreadPoolExecutor$Worker.run(ThreadPoolExecutor.java:624)
	... 1 more
2021-05-31 14:16:40,820 [EventQueue-PipelineReportForOneReplicaPipelineSafeModeRule] INFO  safemode.SCMSafeModeManager (SCMSafeModeManager.java:validateSafeModeExitRules(201)) - AtleastOneDatanodeReportedRule rule is successfully validated
2021-05-31 14:16:40,820 [EventQueue-OpenPipelineForHealthyPipelineSafeModeRule] INFO  safemode.SCMSafeModeManager (HealthyPipelineSafeModeRule.java:process(130)) - SCM in safe mode. Healthy pipelines reported count is 0, required healthy pipeline reported count is 1
2021-05-31 14:16:40,821 [EventQueue-OpenPipelineForHealthyPipelineSafeModeRule] INFO  safemode.SCMSafeModeManager (HealthyPipelineSafeModeRule.java:process(130)) - SCM in safe mode. Healthy pipelines reported count is 0, required healthy pipeline reported count is 1
2021-05-31 14:16:40,821 [EventQueue-PipelineReportForOneReplicaPipelineSafeModeRule] INFO  safemode.SCMSafeModeManager (SCMSafeModeManager.java:validateSafeModeExitRules(201)) - AtleastOneDatanodeReportedRule rule is successfully validated
2021-05-31 14:16:41,096 [EventQueue-PipelineReportForOneReplicaPipelineSafeModeRule] INFO  safemode.SCMSafeModeManager (SCMSafeModeManager.java:validateSafeModeExitRules(201)) - AtleastOneDatanodeReportedRule rule is successfully validated
2021-05-31 14:16:41,096 [EventQueue-PipelineReportForOneReplicaPipelineSafeModeRule] INFO  safemode.SCMSafeModeManager (SCMSafeModeManager.java:validateSafeModeExitRules(201)) - AtleastOneDatanodeReportedRule rule is successfully validated
2021-05-31 14:16:41,096 [EventQueue-OpenPipelineForHealthyPipelineSafeModeRule] INFO  safemode.SCMSafeModeManager (HealthyPipelineSafeModeRule.java:process(130)) - SCM in safe mode. Healthy pipelines reported count is 0, required healthy pipeline reported count is 1
2021-05-31 14:16:41,096 [EventQueue-OpenPipelineForHealthyPipelineSafeModeRule] INFO  safemode.SCMSafeModeManager (HealthyPipelineSafeModeRule.java:process(130)) - SCM in safe mode. Healthy pipelines reported count is 0, required healthy pipeline reported count is 1
2021-05-31 14:16:41,607 [EventQueue-PipelineReportForOneReplicaPipelineSafeModeRule] INFO  safemode.SCMSafeModeManager (SCMSafeModeManager.java:validateSafeModeExitRules(201)) - AtleastOneDatanodeReportedRule rule is successfully validated
2021-05-31 14:16:41,607 [EventQueue-PipelineReportForOneReplicaPipelineSafeModeRule] INFO  safemode.SCMSafeModeManager (SCMSafeModeManager.java:validateSafeModeExitRules(201)) - AtleastOneDatanodeReportedRule rule is successfully validated
2021-05-31 14:16:41,608 [EventQueue-OpenPipelineForHealthyPipelineSafeModeRule] INFO  safemode.SCMSafeModeManager (HealthyPipelineSafeModeRule.java:process(130)) - SCM in safe mode. Healthy pipelines reported count is 0, required healthy pipeline reported count is 1
2021-05-31 14:16:41,608 [EventQueue-OpenPipelineForHealthyPipelineSafeModeRule] INFO  safemode.SCMSafeModeManager (HealthyPipelineSafeModeRule.java:process(130)) - SCM in safe mode. Healthy pipelines reported count is 0, required healthy pipeline reported count is 1
2021-05-31 14:16:41,772 [Listener at 127.0.0.1/11372] INFO  ozone.MiniOzoneClusterImpl (MiniOzoneClusterImpl.java:lambda$waitForClusterToBeReady$0(224)) - Nodes are ready. Got 3 of 3 DN Heartbeats.
2021-05-31 14:16:41,772 [Listener at 127.0.0.1/11372] INFO  ozone.MiniOzoneClusterImpl (MiniOzoneClusterImpl.java:lambda$waitForClusterToBeReady$0(227)) - Waiting for cluster to exit safe mode
2021-05-31 14:16:41,772 [Listener at 127.0.0.1/11372] INFO  ozone.MiniOzoneClusterImpl (MiniOzoneClusterImpl.java:lambda$waitForClusterToBeReady$0(230)) - SCM became leader
2021-05-31 14:16:41,819 [EventQueue-PipelineReportForOneReplicaPipelineSafeModeRule] INFO  safemode.SCMSafeModeManager (SCMSafeModeManager.java:validateSafeModeExitRules(201)) - AtleastOneDatanodeReportedRule rule is successfully validated
2021-05-31 14:16:41,819 [EventQueue-PipelineReportForOneReplicaPipelineSafeModeRule] INFO  safemode.SCMSafeModeManager (SCMSafeModeManager.java:validateSafeModeExitRules(201)) - AtleastOneDatanodeReportedRule rule is successfully validated
2021-05-31 14:16:41,819 [EventQueue-OpenPipelineForHealthyPipelineSafeModeRule] INFO  safemode.SCMSafeModeManager (HealthyPipelineSafeModeRule.java:process(130)) - SCM in safe mode. Healthy pipelines reported count is 0, required healthy pipeline reported count is 1
2021-05-31 14:16:41,819 [EventQueue-OpenPipelineForHealthyPipelineSafeModeRule] INFO  safemode.SCMSafeModeManager (HealthyPipelineSafeModeRule.java:process(130)) - SCM in safe mode. Healthy pipelines reported count is 0, required healthy pipeline reported count is 1
2021-05-31 14:16:42,096 [EventQueue-PipelineReportForOneReplicaPipelineSafeModeRule] INFO  safemode.SCMSafeModeManager (SCMSafeModeManager.java:validateSafeModeExitRules(201)) - AtleastOneDatanodeReportedRule rule is successfully validated
2021-05-31 14:16:42,096 [EventQueue-OpenPipelineForHealthyPipelineSafeModeRule] INFO  safemode.SCMSafeModeManager (HealthyPipelineSafeModeRule.java:process(130)) - SCM in safe mode. Healthy pipelines reported count is 0, required healthy pipeline reported count is 1
2021-05-31 14:16:42,096 [EventQueue-PipelineReportForOneReplicaPipelineSafeModeRule] INFO  safemode.SCMSafeModeManager (SCMSafeModeManager.java:validateSafeModeExitRules(201)) - AtleastOneDatanodeReportedRule rule is successfully validated
2021-05-31 14:16:42,097 [EventQueue-OpenPipelineForHealthyPipelineSafeModeRule] INFO  safemode.SCMSafeModeManager (HealthyPipelineSafeModeRule.java:process(130)) - SCM in safe mode. Healthy pipelines reported count is 0, required healthy pipeline reported count is 1
2021-05-31 14:16:42,607 [EventQueue-PipelineReportForOneReplicaPipelineSafeModeRule] INFO  safemode.SCMSafeModeManager (SCMSafeModeManager.java:validateSafeModeExitRules(201)) - AtleastOneDatanodeReportedRule rule is successfully validated
2021-05-31 14:16:42,607 [EventQueue-PipelineReportForOneReplicaPipelineSafeModeRule] INFO  safemode.SCMSafeModeManager (SCMSafeModeManager.java:validateSafeModeExitRules(201)) - AtleastOneDatanodeReportedRule rule is successfully validated
2021-05-31 14:16:42,608 [EventQueue-OpenPipelineForHealthyPipelineSafeModeRule] INFO  safemode.SCMSafeModeManager (HealthyPipelineSafeModeRule.java:process(130)) - SCM in safe mode. Healthy pipelines reported count is 0, required healthy pipeline reported count is 1
2021-05-31 14:16:42,608 [EventQueue-OpenPipelineForHealthyPipelineSafeModeRule] INFO  safemode.SCMSafeModeManager (HealthyPipelineSafeModeRule.java:process(130)) - SCM in safe mode. Healthy pipelines reported count is 0, required healthy pipeline reported count is 1
2021-05-31 14:16:42,773 [Listener at 127.0.0.1/11372] INFO  ozone.MiniOzoneClusterImpl (MiniOzoneClusterImpl.java:lambda$waitForClusterToBeReady$0(224)) - Nodes are ready. Got 3 of 3 DN Heartbeats.
2021-05-31 14:16:42,773 [Listener at 127.0.0.1/11372] INFO  ozone.MiniOzoneClusterImpl (MiniOzoneClusterImpl.java:lambda$waitForClusterToBeReady$0(227)) - Waiting for cluster to exit safe mode
2021-05-31 14:16:42,773 [Listener at 127.0.0.1/11372] INFO  ozone.MiniOzoneClusterImpl (MiniOzoneClusterImpl.java:lambda$waitForClusterToBeReady$0(230)) - SCM became leader
2021-05-31 14:16:42,818 [EventQueue-PipelineReportForOneReplicaPipelineSafeModeRule] INFO  safemode.SCMSafeModeManager (SCMSafeModeManager.java:validateSafeModeExitRules(201)) - AtleastOneDatanodeReportedRule rule is successfully validated
2021-05-31 14:16:42,819 [EventQueue-OpenPipelineForHealthyPipelineSafeModeRule] INFO  safemode.SCMSafeModeManager (HealthyPipelineSafeModeRule.java:process(130)) - SCM in safe mode. Healthy pipelines reported count is 0, required healthy pipeline reported count is 1
2021-05-31 14:16:42,820 [EventQueue-PipelineReportForOneReplicaPipelineSafeModeRule] INFO  safemode.SCMSafeModeManager (SCMSafeModeManager.java:validateSafeModeExitRules(201)) - AtleastOneDatanodeReportedRule rule is successfully validated
2021-05-31 14:16:42,820 [EventQueue-OpenPipelineForHealthyPipelineSafeModeRule] INFO  safemode.SCMSafeModeManager (HealthyPipelineSafeModeRule.java:process(130)) - SCM in safe mode. Healthy pipelines reported count is 0, required healthy pipeline reported count is 1
2021-05-31 14:16:43,096 [EventQueue-PipelineReportForOneReplicaPipelineSafeModeRule] INFO  safemode.SCMSafeModeManager (SCMSafeModeManager.java:validateSafeModeExitRules(201)) - AtleastOneDatanodeReportedRule rule is successfully validated
2021-05-31 14:16:43,096 [EventQueue-OpenPipelineForHealthyPipelineSafeModeRule] INFO  safemode.SCMSafeModeManager (HealthyPipelineSafeModeRule.java:process(130)) - SCM in safe mode. Healthy pipelines reported count is 0, required healthy pipeline reported count is 1
2021-05-31 14:16:43,097 [EventQueue-OpenPipelineForHealthyPipelineSafeModeRule] INFO  safemode.SCMSafeModeManager (HealthyPipelineSafeModeRule.java:process(130)) - SCM in safe mode. Healthy pipelines reported count is 0, required healthy pipeline reported count is 1
2021-05-31 14:16:43,096 [EventQueue-PipelineReportForOneReplicaPipelineSafeModeRule] INFO  safemode.SCMSafeModeManager (SCMSafeModeManager.java:validateSafeModeExitRules(201)) - AtleastOneDatanodeReportedRule rule is successfully validated
2021-05-31 14:16:43,607 [EventQueue-PipelineReportForOneReplicaPipelineSafeModeRule] INFO  safemode.SCMSafeModeManager (SCMSafeModeManager.java:validateSafeModeExitRules(201)) - AtleastOneDatanodeReportedRule rule is successfully validated
2021-05-31 14:16:43,608 [EventQueue-OpenPipelineForHealthyPipelineSafeModeRule] INFO  safemode.SCMSafeModeManager (HealthyPipelineSafeModeRule.java:process(130)) - SCM in safe mode. Healthy pipelines reported count is 0, required healthy pipeline reported count is 1
2021-05-31 14:16:43,608 [EventQueue-PipelineReportForOneReplicaPipelineSafeModeRule] INFO  safemode.SCMSafeModeManager (SCMSafeModeManager.java:validateSafeModeExitRules(201)) - AtleastOneDatanodeReportedRule rule is successfully validated
2021-05-31 14:16:43,608 [EventQueue-OpenPipelineForHealthyPipelineSafeModeRule] INFO  safemode.SCMSafeModeManager (HealthyPipelineSafeModeRule.java:process(130)) - SCM in safe mode. Healthy pipelines reported count is 0, required healthy pipeline reported count is 1
2021-05-31 14:16:43,774 [Listener at 127.0.0.1/11372] INFO  ozone.MiniOzoneClusterImpl (MiniOzoneClusterImpl.java:lambda$waitForClusterToBeReady$0(224)) - Nodes are ready. Got 3 of 3 DN Heartbeats.
2021-05-31 14:16:43,774 [Listener at 127.0.0.1/11372] INFO  ozone.MiniOzoneClusterImpl (MiniOzoneClusterImpl.java:lambda$waitForClusterToBeReady$0(227)) - Waiting for cluster to exit safe mode
2021-05-31 14:16:43,774 [Listener at 127.0.0.1/11372] INFO  ozone.MiniOzoneClusterImpl (MiniOzoneClusterImpl.java:lambda$waitForClusterToBeReady$0(230)) - SCM became leader
2021-05-31 14:16:43,819 [EventQueue-PipelineReportForOneReplicaPipelineSafeModeRule] INFO  safemode.SCMSafeModeManager (SCMSafeModeManager.java:validateSafeModeExitRules(201)) - AtleastOneDatanodeReportedRule rule is successfully validated
2021-05-31 14:16:43,820 [EventQueue-OpenPipelineForHealthyPipelineSafeModeRule] INFO  safemode.SCMSafeModeManager (HealthyPipelineSafeModeRule.java:process(130)) - SCM in safe mode. Healthy pipelines reported count is 0, required healthy pipeline reported count is 1
2021-05-31 14:16:43,820 [EventQueue-OpenPipelineForHealthyPipelineSafeModeRule] INFO  safemode.SCMSafeModeManager (HealthyPipelineSafeModeRule.java:process(130)) - SCM in safe mode. Healthy pipelines reported count is 0, required healthy pipeline reported count is 1
2021-05-31 14:16:43,820 [EventQueue-PipelineReportForOneReplicaPipelineSafeModeRule] INFO  safemode.SCMSafeModeManager (SCMSafeModeManager.java:validateSafeModeExitRules(201)) - AtleastOneDatanodeReportedRule rule is successfully validated
2021-05-31 14:16:44,096 [EventQueue-PipelineReportForOneReplicaPipelineSafeModeRule] INFO  safemode.SCMSafeModeManager (SCMSafeModeManager.java:validateSafeModeExitRules(201)) - AtleastOneDatanodeReportedRule rule is successfully validated
2021-05-31 14:16:44,096 [EventQueue-PipelineReportForOneReplicaPipelineSafeModeRule] INFO  safemode.SCMSafeModeManager (SCMSafeModeManager.java:validateSafeModeExitRules(201)) - AtleastOneDatanodeReportedRule rule is successfully validated
2021-05-31 14:16:44,097 [EventQueue-OpenPipelineForHealthyPipelineSafeModeRule] INFO  safemode.SCMSafeModeManager (HealthyPipelineSafeModeRule.java:process(130)) - SCM in safe mode. Healthy pipelines reported count is 0, required healthy pipeline reported count is 1
2021-05-31 14:16:44,097 [EventQueue-OpenPipelineForHealthyPipelineSafeModeRule] INFO  safemode.SCMSafeModeManager (HealthyPipelineSafeModeRule.java:process(130)) - SCM in safe mode. Healthy pipelines reported count is 0, required healthy pipeline reported count is 1
2021-05-31 14:16:44,607 [EventQueue-PipelineReportForOneReplicaPipelineSafeModeRule] INFO  safemode.SCMSafeModeManager (SCMSafeModeManager.java:validateSafeModeExitRules(201)) - AtleastOneDatanodeReportedRule rule is successfully validated
2021-05-31 14:16:44,608 [EventQueue-OpenPipelineForHealthyPipelineSafeModeRule] INFO  safemode.SCMSafeModeManager (HealthyPipelineSafeModeRule.java:process(130)) - SCM in safe mode. Healthy pipelines reported count is 0, required healthy pipeline reported count is 1
2021-05-31 14:16:44,608 [EventQueue-PipelineReportForOneReplicaPipelineSafeModeRule] INFO  safemode.SCMSafeModeManager (SCMSafeModeManager.java:validateSafeModeExitRules(201)) - AtleastOneDatanodeReportedRule rule is successfully validated
2021-05-31 14:16:44,608 [EventQueue-OpenPipelineForHealthyPipelineSafeModeRule] INFO  safemode.SCMSafeModeManager (HealthyPipelineSafeModeRule.java:process(130)) - SCM in safe mode. Healthy pipelines reported count is 0, required healthy pipeline reported count is 1
2021-05-31 14:16:44,718 [21f06eab-63c8-43fd-b305-f7c41bc87438@group-249122FFF215-FollowerState] INFO  impl.FollowerState (FollowerState.java:run(134)) - 21f06eab-63c8-43fd-b305-f7c41bc87438@group-249122FFF215-FollowerState: change to CANDIDATE, lastRpcElapsedTime:5016329724ns, electionTimeout:5016ms
2021-05-31 14:16:44,718 [21f06eab-63c8-43fd-b305-f7c41bc87438@group-249122FFF215-FollowerState] INFO  impl.RoleInfo (RoleInfo.java:shutdownFollowerState(108)) - 21f06eab-63c8-43fd-b305-f7c41bc87438: shutdown 21f06eab-63c8-43fd-b305-f7c41bc87438@group-249122FFF215-FollowerState
2021-05-31 14:16:44,718 [21f06eab-63c8-43fd-b305-f7c41bc87438@group-249122FFF215-FollowerState] INFO  server.RaftServer$Division (RaftServerImpl.java:setRole(284)) - 21f06eab-63c8-43fd-b305-f7c41bc87438@group-249122FFF215: changes role from  FOLLOWER to CANDIDATE at term 1 for changeToCandidate
2021-05-31 14:16:44,718 [21f06eab-63c8-43fd-b305-f7c41bc87438@group-249122FFF215-FollowerState] INFO  server.RaftServerConfigKeys (ConfUtils.java:logGet(44)) - raft.server.leaderelection.pre-vote = false (custom)
2021-05-31 14:16:44,719 [21f06eab-63c8-43fd-b305-f7c41bc87438@group-249122FFF215-FollowerState] INFO  impl.RoleInfo (RoleInfo.java:updateAndGet(130)) - 21f06eab-63c8-43fd-b305-f7c41bc87438: start 21f06eab-63c8-43fd-b305-f7c41bc87438@group-249122FFF215-LeaderElection10
2021-05-31 14:16:44,722 [21f06eab-63c8-43fd-b305-f7c41bc87438@group-249122FFF215-LeaderElection10] INFO  impl.LeaderElection (LeaderElection.java:askForVotes(306)) - 21f06eab-63c8-43fd-b305-f7c41bc87438@group-249122FFF215-LeaderElection10 ELECTION round 0: submit vote requests at term 2 for -1: [21f06eab-63c8-43fd-b305-f7c41bc87438|rpc:127.0.0.1:43533|dataStream:|priority:0, e4951dd4-f4df-4d2e-bd67-fe61550133c1|rpc:127.0.0.1:42453|dataStream:|priority:0, bda778da-51f4-4847-bee0-b4babae878aa|rpc:127.0.0.1:32951|dataStream:|priority:1], old=null
2021-05-31 14:16:44,732 [grpc-default-executor-0] INFO  server.RaftServer$Division (RaftServerImpl.java:requestVote(1042)) - bda778da-51f4-4847-bee0-b4babae878aa@group-249122FFF215: receive requestVote(ELECTION, 21f06eab-63c8-43fd-b305-f7c41bc87438, group-249122FFF215, 2, (t:0, i:0))
2021-05-31 14:16:44,732 [grpc-default-executor-0] INFO  impl.VoteContext (VoteContext.java:log(48)) - bda778da-51f4-4847-bee0-b4babae878aa@group-249122FFF215-FOLLOWER: reject ELECTION from 21f06eab-63c8-43fd-b305-f7c41bc87438: our priority 1 > candidate's priority 0
2021-05-31 14:16:44,732 [grpc-default-executor-0] INFO  server.RaftServer$Division (RaftServerImpl.java:setRole(284)) - bda778da-51f4-4847-bee0-b4babae878aa@group-249122FFF215: changes role from  FOLLOWER to FOLLOWER at term 2 for candidate:21f06eab-63c8-43fd-b305-f7c41bc87438
2021-05-31 14:16:44,732 [grpc-default-executor-0] INFO  impl.RoleInfo (RoleInfo.java:shutdownFollowerState(108)) - bda778da-51f4-4847-bee0-b4babae878aa: shutdown bda778da-51f4-4847-bee0-b4babae878aa@group-249122FFF215-FollowerState
2021-05-31 14:16:44,733 [grpc-default-executor-0] INFO  impl.RoleInfo (RoleInfo.java:updateAndGet(130)) - bda778da-51f4-4847-bee0-b4babae878aa: start bda778da-51f4-4847-bee0-b4babae878aa@group-249122FFF215-FollowerState
2021-05-31 14:16:44,733 [bda778da-51f4-4847-bee0-b4babae878aa@group-249122FFF215-FollowerState] INFO  impl.FollowerState (FollowerState.java:run(143)) - bda778da-51f4-4847-bee0-b4babae878aa@group-249122FFF215-FollowerState was interrupted: {}
java.lang.InterruptedException: sleep interrupted
	at java.lang.Thread.sleep(Native Method)
	at java.lang.Thread.sleep(Thread.java:340)
	at java.util.concurrent.TimeUnit.sleep(TimeUnit.java:386)
	at org.apache.ratis.util.TimeDuration.sleep(TimeDuration.java:324)
	at org.apache.ratis.util.TimeDuration.sleep(TimeDuration.java:309)
	at org.apache.ratis.server.impl.FollowerState.run(FollowerState.java:118)
2021-05-31 14:16:44,744 [grpc-default-executor-1] INFO  server.RaftServer$Division (RaftServerImpl.java:requestVote(1042)) - e4951dd4-f4df-4d2e-bd67-fe61550133c1@group-249122FFF215: receive requestVote(ELECTION, 21f06eab-63c8-43fd-b305-f7c41bc87438, group-249122FFF215, 2, (t:0, i:0))
2021-05-31 14:16:44,744 [grpc-default-executor-1] INFO  impl.VoteContext (VoteContext.java:log(48)) - e4951dd4-f4df-4d2e-bd67-fe61550133c1@group-249122FFF215-FOLLOWER: accept ELECTION from 21f06eab-63c8-43fd-b305-f7c41bc87438: our priority 0 <= candidate's priority 0
2021-05-31 14:16:44,744 [grpc-default-executor-1] INFO  server.RaftServer$Division (RaftServerImpl.java:setRole(284)) - e4951dd4-f4df-4d2e-bd67-fe61550133c1@group-249122FFF215: changes role from  FOLLOWER to FOLLOWER at term 2 for candidate:21f06eab-63c8-43fd-b305-f7c41bc87438
2021-05-31 14:16:44,744 [grpc-default-executor-1] INFO  impl.RoleInfo (RoleInfo.java:shutdownFollowerState(108)) - e4951dd4-f4df-4d2e-bd67-fe61550133c1: shutdown e4951dd4-f4df-4d2e-bd67-fe61550133c1@group-249122FFF215-FollowerState
2021-05-31 14:16:44,744 [grpc-default-executor-1] INFO  impl.RoleInfo (RoleInfo.java:updateAndGet(130)) - e4951dd4-f4df-4d2e-bd67-fe61550133c1: start e4951dd4-f4df-4d2e-bd67-fe61550133c1@group-249122FFF215-FollowerState
2021-05-31 14:16:44,744 [e4951dd4-f4df-4d2e-bd67-fe61550133c1@group-249122FFF215-FollowerState] INFO  impl.FollowerState (FollowerState.java:run(143)) - e4951dd4-f4df-4d2e-bd67-fe61550133c1@group-249122FFF215-FollowerState was interrupted: {}
java.lang.InterruptedException: sleep interrupted
	at java.lang.Thread.sleep(Native Method)
	at java.lang.Thread.sleep(Thread.java:340)
	at java.util.concurrent.TimeUnit.sleep(TimeUnit.java:386)
	at org.apache.ratis.util.TimeDuration.sleep(TimeDuration.java:324)
	at org.apache.ratis.util.TimeDuration.sleep(TimeDuration.java:309)
	at org.apache.ratis.server.impl.FollowerState.run(FollowerState.java:118)
2021-05-31 14:16:44,746 [grpc-default-executor-1] INFO  server.RaftServer$Division (RaftServerImpl.java:requestVote(1074)) - e4951dd4-f4df-4d2e-bd67-fe61550133c1@group-249122FFF215 replies to ELECTION vote request: 21f06eab-63c8-43fd-b305-f7c41bc87438<-e4951dd4-f4df-4d2e-bd67-fe61550133c1#0:OK-t2. Peer's state: e4951dd4-f4df-4d2e-bd67-fe61550133c1@group-249122FFF215:t2, leader=null, voted=21f06eab-63c8-43fd-b305-f7c41bc87438, raftlog=e4951dd4-f4df-4d2e-bd67-fe61550133c1@group-249122FFF215-SegmentedRaftLog:OPENED:c-1,f-1,i0, conf=-1: [21f06eab-63c8-43fd-b305-f7c41bc87438|rpc:127.0.0.1:43533|priority:0, e4951dd4-f4df-4d2e-bd67-fe61550133c1|rpc:127.0.0.1:42453|priority:0, bda778da-51f4-4847-bee0-b4babae878aa|rpc:127.0.0.1:32951|priority:1], old=null
2021-05-31 14:16:44,746 [grpc-default-executor-0] INFO  server.RaftServer$Division (RaftServerImpl.java:requestVote(1074)) - bda778da-51f4-4847-bee0-b4babae878aa@group-249122FFF215 replies to ELECTION vote request: 21f06eab-63c8-43fd-b305-f7c41bc87438<-bda778da-51f4-4847-bee0-b4babae878aa#0:FAIL-t2. Peer's state: bda778da-51f4-4847-bee0-b4babae878aa@group-249122FFF215:t2, leader=null, voted=null, raftlog=bda778da-51f4-4847-bee0-b4babae878aa@group-249122FFF215-SegmentedRaftLog:OPENED:c-1,f-1,i0, conf=-1: [21f06eab-63c8-43fd-b305-f7c41bc87438|rpc:127.0.0.1:43533|priority:0, e4951dd4-f4df-4d2e-bd67-fe61550133c1|rpc:127.0.0.1:42453|priority:0, bda778da-51f4-4847-bee0-b4babae878aa|rpc:127.0.0.1:32951|priority:1], old=null
2021-05-31 14:16:44,748 [21f06eab-63c8-43fd-b305-f7c41bc87438@group-249122FFF215-LeaderElection10] INFO  impl.LeaderElection (LeaderElection.java:logAndReturn(89)) - 21f06eab-63c8-43fd-b305-f7c41bc87438@group-249122FFF215-LeaderElection10: ELECTION REJECTED received 2 response(s) and 0 exception(s):
2021-05-31 14:16:44,749 [21f06eab-63c8-43fd-b305-f7c41bc87438@group-249122FFF215-LeaderElection10] INFO  impl.LeaderElection (LeaderElection.java:logAndReturn(93)) -   Response 0: 21f06eab-63c8-43fd-b305-f7c41bc87438<-e4951dd4-f4df-4d2e-bd67-fe61550133c1#0:OK-t2
2021-05-31 14:16:44,749 [21f06eab-63c8-43fd-b305-f7c41bc87438@group-249122FFF215-LeaderElection10] INFO  impl.LeaderElection (LeaderElection.java:logAndReturn(93)) -   Response 1: 21f06eab-63c8-43fd-b305-f7c41bc87438<-bda778da-51f4-4847-bee0-b4babae878aa#0:FAIL-t2
2021-05-31 14:16:44,749 [21f06eab-63c8-43fd-b305-f7c41bc87438@group-249122FFF215-LeaderElection10] INFO  impl.LeaderElection (LeaderElection.java:askForVotes(308)) - 21f06eab-63c8-43fd-b305-f7c41bc87438@group-249122FFF215-LeaderElection10 ELECTION round 0: result REJECTED
2021-05-31 14:16:44,749 [21f06eab-63c8-43fd-b305-f7c41bc87438@group-249122FFF215-LeaderElection10] INFO  server.RaftServer$Division (RaftServerImpl.java:setRole(284)) - 21f06eab-63c8-43fd-b305-f7c41bc87438@group-249122FFF215: changes role from CANDIDATE to FOLLOWER at term 2 for REJECTED
2021-05-31 14:16:44,750 [21f06eab-63c8-43fd-b305-f7c41bc87438@group-249122FFF215-LeaderElection10] INFO  impl.RoleInfo (RoleInfo.java:shutdownLeaderElection(121)) - 21f06eab-63c8-43fd-b305-f7c41bc87438: shutdown 21f06eab-63c8-43fd-b305-f7c41bc87438@group-249122FFF215-LeaderElection10
2021-05-31 14:16:44,750 [21f06eab-63c8-43fd-b305-f7c41bc87438@group-249122FFF215-LeaderElection10] INFO  impl.RoleInfo (RoleInfo.java:updateAndGet(130)) - 21f06eab-63c8-43fd-b305-f7c41bc87438: start 21f06eab-63c8-43fd-b305-f7c41bc87438@group-249122FFF215-FollowerState
2021-05-31 14:16:44,775 [Listener at 127.0.0.1/11372] INFO  ozone.MiniOzoneClusterImpl (MiniOzoneClusterImpl.java:lambda$waitForClusterToBeReady$0(224)) - Nodes are ready. Got 3 of 3 DN Heartbeats.
2021-05-31 14:16:44,776 [Listener at 127.0.0.1/11372] INFO  ozone.MiniOzoneClusterImpl (MiniOzoneClusterImpl.java:lambda$waitForClusterToBeReady$0(227)) - Waiting for cluster to exit safe mode
2021-05-31 14:16:44,776 [Listener at 127.0.0.1/11372] INFO  ozone.MiniOzoneClusterImpl (MiniOzoneClusterImpl.java:lambda$waitForClusterToBeReady$0(230)) - SCM became leader
2021-05-31 14:16:44,820 [EventQueue-PipelineReportForOneReplicaPipelineSafeModeRule] INFO  safemode.SCMSafeModeManager (SCMSafeModeManager.java:validateSafeModeExitRules(201)) - AtleastOneDatanodeReportedRule rule is successfully validated
2021-05-31 14:16:44,820 [EventQueue-OpenPipelineForHealthyPipelineSafeModeRule] INFO  safemode.SCMSafeModeManager (HealthyPipelineSafeModeRule.java:process(130)) - SCM in safe mode. Healthy pipelines reported count is 0, required healthy pipeline reported count is 1
2021-05-31 14:16:44,820 [EventQueue-PipelineReportForOneReplicaPipelineSafeModeRule] INFO  safemode.SCMSafeModeManager (SCMSafeModeManager.java:validateSafeModeExitRules(201)) - AtleastOneDatanodeReportedRule rule is successfully validated
2021-05-31 14:16:44,820 [EventQueue-OpenPipelineForHealthyPipelineSafeModeRule] INFO  safemode.SCMSafeModeManager (HealthyPipelineSafeModeRule.java:process(130)) - SCM in safe mode. Healthy pipelines reported count is 0, required healthy pipeline reported count is 1
2021-05-31 14:16:45,080 [21f06eab-63c8-43fd-b305-f7c41bc87438@group-914A9C454EC2-FollowerState] INFO  impl.FollowerState (FollowerState.java:run(134)) - 21f06eab-63c8-43fd-b305-f7c41bc87438@group-914A9C454EC2-FollowerState: change to CANDIDATE, lastRpcElapsedTime:5006513641ns, electionTimeout:5006ms
2021-05-31 14:16:45,080 [21f06eab-63c8-43fd-b305-f7c41bc87438@group-914A9C454EC2-FollowerState] INFO  impl.RoleInfo (RoleInfo.java:shutdownFollowerState(108)) - 21f06eab-63c8-43fd-b305-f7c41bc87438: shutdown 21f06eab-63c8-43fd-b305-f7c41bc87438@group-914A9C454EC2-FollowerState
2021-05-31 14:16:45,080 [21f06eab-63c8-43fd-b305-f7c41bc87438@group-914A9C454EC2-FollowerState] INFO  server.RaftServer$Division (RaftServerImpl.java:setRole(284)) - 21f06eab-63c8-43fd-b305-f7c41bc87438@group-914A9C454EC2: changes role from  FOLLOWER to CANDIDATE at term 1 for changeToCandidate
2021-05-31 14:16:45,080 [21f06eab-63c8-43fd-b305-f7c41bc87438@group-914A9C454EC2-FollowerState] INFO  server.RaftServerConfigKeys (ConfUtils.java:logGet(44)) - raft.server.leaderelection.pre-vote = false (custom)
2021-05-31 14:16:45,080 [21f06eab-63c8-43fd-b305-f7c41bc87438@group-914A9C454EC2-FollowerState] INFO  impl.RoleInfo (RoleInfo.java:updateAndGet(130)) - 21f06eab-63c8-43fd-b305-f7c41bc87438: start 21f06eab-63c8-43fd-b305-f7c41bc87438@group-914A9C454EC2-LeaderElection11
2021-05-31 14:16:45,084 [21f06eab-63c8-43fd-b305-f7c41bc87438@group-914A9C454EC2-LeaderElection11] INFO  impl.LeaderElection (LeaderElection.java:askForVotes(306)) - 21f06eab-63c8-43fd-b305-f7c41bc87438@group-914A9C454EC2-LeaderElection11 ELECTION round 0: submit vote requests at term 2 for -1: [21f06eab-63c8-43fd-b305-f7c41bc87438|rpc:127.0.0.1:43533|priority:0, e4951dd4-f4df-4d2e-bd67-fe61550133c1|rpc:127.0.0.1:42453|priority:1, bda778da-51f4-4847-bee0-b4babae878aa|rpc:127.0.0.1:32951|priority:0], old=null
2021-05-31 14:16:45,090 [grpc-default-executor-0] INFO  server.RaftServer$Division (RaftServerImpl.java:requestVote(1042)) - bda778da-51f4-4847-bee0-b4babae878aa@group-914A9C454EC2: receive requestVote(ELECTION, 21f06eab-63c8-43fd-b305-f7c41bc87438, group-914A9C454EC2, 2, (t:0, i:0))
2021-05-31 14:16:45,090 [grpc-default-executor-0] INFO  impl.VoteContext (VoteContext.java:log(48)) - bda778da-51f4-4847-bee0-b4babae878aa@group-914A9C454EC2-FOLLOWER: accept ELECTION from 21f06eab-63c8-43fd-b305-f7c41bc87438: our priority 0 <= candidate's priority 0
2021-05-31 14:16:45,090 [grpc-default-executor-0] INFO  server.RaftServer$Division (RaftServerImpl.java:setRole(284)) - bda778da-51f4-4847-bee0-b4babae878aa@group-914A9C454EC2: changes role from  FOLLOWER to FOLLOWER at term 2 for candidate:21f06eab-63c8-43fd-b305-f7c41bc87438
2021-05-31 14:16:45,090 [grpc-default-executor-0] INFO  impl.RoleInfo (RoleInfo.java:shutdownFollowerState(108)) - bda778da-51f4-4847-bee0-b4babae878aa: shutdown bda778da-51f4-4847-bee0-b4babae878aa@group-914A9C454EC2-FollowerState
2021-05-31 14:16:45,090 [bda778da-51f4-4847-bee0-b4babae878aa@group-914A9C454EC2-FollowerState] INFO  impl.FollowerState (FollowerState.java:run(143)) - bda778da-51f4-4847-bee0-b4babae878aa@group-914A9C454EC2-FollowerState was interrupted: {}
java.lang.InterruptedException: sleep interrupted
	at java.lang.Thread.sleep(Native Method)
	at java.lang.Thread.sleep(Thread.java:340)
	at java.util.concurrent.TimeUnit.sleep(TimeUnit.java:386)
	at org.apache.ratis.util.TimeDuration.sleep(TimeDuration.java:324)
	at org.apache.ratis.util.TimeDuration.sleep(TimeDuration.java:309)
	at org.apache.ratis.server.impl.FollowerState.run(FollowerState.java:118)
2021-05-31 14:16:45,090 [grpc-default-executor-0] INFO  impl.RoleInfo (RoleInfo.java:updateAndGet(130)) - bda778da-51f4-4847-bee0-b4babae878aa: start bda778da-51f4-4847-bee0-b4babae878aa@group-914A9C454EC2-FollowerState
2021-05-31 14:16:45,093 [grpc-default-executor-1] INFO  server.RaftServer$Division (RaftServerImpl.java:requestVote(1042)) - e4951dd4-f4df-4d2e-bd67-fe61550133c1@group-914A9C454EC2: receive requestVote(ELECTION, 21f06eab-63c8-43fd-b305-f7c41bc87438, group-914A9C454EC2, 2, (t:0, i:0))
2021-05-31 14:16:45,093 [grpc-default-executor-1] INFO  impl.VoteContext (VoteContext.java:log(48)) - e4951dd4-f4df-4d2e-bd67-fe61550133c1@group-914A9C454EC2-FOLLOWER: reject ELECTION from 21f06eab-63c8-43fd-b305-f7c41bc87438: our priority 1 > candidate's priority 0
2021-05-31 14:16:45,093 [grpc-default-executor-1] INFO  server.RaftServer$Division (RaftServerImpl.java:setRole(284)) - e4951dd4-f4df-4d2e-bd67-fe61550133c1@group-914A9C454EC2: changes role from  FOLLOWER to FOLLOWER at term 2 for candidate:21f06eab-63c8-43fd-b305-f7c41bc87438
2021-05-31 14:16:45,093 [grpc-default-executor-1] INFO  impl.RoleInfo (RoleInfo.java:shutdownFollowerState(108)) - e4951dd4-f4df-4d2e-bd67-fe61550133c1: shutdown e4951dd4-f4df-4d2e-bd67-fe61550133c1@group-914A9C454EC2-FollowerState
2021-05-31 14:16:45,096 [grpc-default-executor-1] INFO  impl.RoleInfo (RoleInfo.java:updateAndGet(130)) - e4951dd4-f4df-4d2e-bd67-fe61550133c1: start e4951dd4-f4df-4d2e-bd67-fe61550133c1@group-914A9C454EC2-FollowerState
2021-05-31 14:16:45,096 [e4951dd4-f4df-4d2e-bd67-fe61550133c1@group-914A9C454EC2-FollowerState] INFO  impl.FollowerState (FollowerState.java:run(143)) - e4951dd4-f4df-4d2e-bd67-fe61550133c1@group-914A9C454EC2-FollowerState was interrupted: {}
java.lang.InterruptedException: sleep interrupted
	at java.lang.Thread.sleep(Native Method)
	at java.lang.Thread.sleep(Thread.java:340)
	at java.util.concurrent.TimeUnit.sleep(TimeUnit.java:386)
	at org.apache.ratis.util.TimeDuration.sleep(TimeDuration.java:324)
	at org.apache.ratis.util.TimeDuration.sleep(TimeDuration.java:309)
	at org.apache.ratis.server.impl.FollowerState.run(FollowerState.java:118)
2021-05-31 14:16:45,098 [Datanode State Machine Thread - 0] ERROR datanode.RunningDatanodeState (RunningDatanodeState.java:computeNextContainerState(199)) - Error in executing end point task.
java.util.concurrent.ExecutionException: java.util.concurrent.TimeoutException
	at java.util.concurrent.FutureTask.report(FutureTask.java:122)
	at java.util.concurrent.FutureTask.get(FutureTask.java:192)
	at org.apache.hadoop.ozone.container.common.states.datanode.RunningDatanodeState.computeNextContainerState(RunningDatanodeState.java:191)
	at org.apache.hadoop.ozone.container.common.states.datanode.RunningDatanodeState.await(RunningDatanodeState.java:231)
	at org.apache.hadoop.ozone.container.common.states.datanode.RunningDatanodeState.await(RunningDatanodeState.java:50)
	at org.apache.hadoop.ozone.container.common.statemachine.StateContext.execute(StateContext.java:579)
	at org.apache.hadoop.ozone.container.common.statemachine.DatanodeStateMachine.start(DatanodeStateMachine.java:233)
	at org.apache.hadoop.ozone.container.common.statemachine.DatanodeStateMachine.lambda$startDaemon$0(DatanodeStateMachine.java:416)
	at java.lang.Thread.run(Thread.java:748)
Caused by: java.util.concurrent.TimeoutException
	at java.util.concurrent.FutureTask.get(FutureTask.java:205)
	at org.apache.hadoop.ozone.container.common.states.datanode.RunningDatanodeState.lambda$execute$0(RunningDatanodeState.java:149)
	at java.util.concurrent.FutureTask.run(FutureTask.java:266)
	at java.util.concurrent.Executors$RunnableAdapter.call(Executors.java:511)
	at java.util.concurrent.FutureTask.run(FutureTask.java:266)
	at java.util.concurrent.ThreadPoolExecutor.runWorker(ThreadPoolExecutor.java:1149)
	at java.util.concurrent.ThreadPoolExecutor$Worker.run(ThreadPoolExecutor.java:624)
	... 1 more
2021-05-31 14:16:45,100 [grpc-default-executor-1] INFO  server.RaftServer$Division (RaftServerImpl.java:requestVote(1074)) - e4951dd4-f4df-4d2e-bd67-fe61550133c1@group-914A9C454EC2 replies to ELECTION vote request: 21f06eab-63c8-43fd-b305-f7c41bc87438<-e4951dd4-f4df-4d2e-bd67-fe61550133c1#0:FAIL-t2. Peer's state: e4951dd4-f4df-4d2e-bd67-fe61550133c1@group-914A9C454EC2:t2, leader=null, voted=null, raftlog=e4951dd4-f4df-4d2e-bd67-fe61550133c1@group-914A9C454EC2-SegmentedRaftLog:OPENED:c-1,f-1,i0, conf=-1: [21f06eab-63c8-43fd-b305-f7c41bc87438|rpc:127.0.0.1:43533|priority:0, e4951dd4-f4df-4d2e-bd67-fe61550133c1|rpc:127.0.0.1:42453|priority:1, bda778da-51f4-4847-bee0-b4babae878aa|rpc:127.0.0.1:32951|priority:0], old=null
2021-05-31 14:16:45,098 [grpc-default-executor-0] INFO  server.RaftServer$Division (RaftServerImpl.java:requestVote(1074)) - bda778da-51f4-4847-bee0-b4babae878aa@group-914A9C454EC2 replies to ELECTION vote request: 21f06eab-63c8-43fd-b305-f7c41bc87438<-bda778da-51f4-4847-bee0-b4babae878aa#0:OK-t2. Peer's state: bda778da-51f4-4847-bee0-b4babae878aa@group-914A9C454EC2:t2, leader=null, voted=21f06eab-63c8-43fd-b305-f7c41bc87438, raftlog=bda778da-51f4-4847-bee0-b4babae878aa@group-914A9C454EC2-SegmentedRaftLog:OPENED:c-1,f-1,i0, conf=-1: [21f06eab-63c8-43fd-b305-f7c41bc87438|rpc:127.0.0.1:43533|priority:0, e4951dd4-f4df-4d2e-bd67-fe61550133c1|rpc:127.0.0.1:42453|priority:1, bda778da-51f4-4847-bee0-b4babae878aa|rpc:127.0.0.1:32951|priority:0], old=null
2021-05-31 14:16:45,111 [EventQueue-PipelineReportForOneReplicaPipelineSafeModeRule] INFO  safemode.SCMSafeModeManager (SCMSafeModeManager.java:validateSafeModeExitRules(201)) - AtleastOneDatanodeReportedRule rule is successfully validated
2021-05-31 14:16:45,115 [21f06eab-63c8-43fd-b305-f7c41bc87438@group-914A9C454EC2-LeaderElection11] INFO  impl.LeaderElection (LeaderElection.java:logAndReturn(89)) - 21f06eab-63c8-43fd-b305-f7c41bc87438@group-914A9C454EC2-LeaderElection11: ELECTION REJECTED received 1 response(s) and 0 exception(s):
2021-05-31 14:16:45,115 [21f06eab-63c8-43fd-b305-f7c41bc87438@group-914A9C454EC2-LeaderElection11] INFO  impl.LeaderElection (LeaderElection.java:logAndReturn(93)) -   Response 0: 21f06eab-63c8-43fd-b305-f7c41bc87438<-e4951dd4-f4df-4d2e-bd67-fe61550133c1#0:FAIL-t2
2021-05-31 14:16:45,115 [21f06eab-63c8-43fd-b305-f7c41bc87438@group-914A9C454EC2-LeaderElection11] INFO  impl.LeaderElection (LeaderElection.java:askForVotes(308)) - 21f06eab-63c8-43fd-b305-f7c41bc87438@group-914A9C454EC2-LeaderElection11 ELECTION round 0: result REJECTED
2021-05-31 14:16:45,115 [21f06eab-63c8-43fd-b305-f7c41bc87438@group-914A9C454EC2-LeaderElection11] INFO  server.RaftServer$Division (RaftServerImpl.java:setRole(284)) - 21f06eab-63c8-43fd-b305-f7c41bc87438@group-914A9C454EC2: changes role from CANDIDATE to FOLLOWER at term 2 for REJECTED
2021-05-31 14:16:45,115 [21f06eab-63c8-43fd-b305-f7c41bc87438@group-914A9C454EC2-LeaderElection11] INFO  impl.RoleInfo (RoleInfo.java:shutdownLeaderElection(121)) - 21f06eab-63c8-43fd-b305-f7c41bc87438: shutdown 21f06eab-63c8-43fd-b305-f7c41bc87438@group-914A9C454EC2-LeaderElection11
2021-05-31 14:16:45,115 [21f06eab-63c8-43fd-b305-f7c41bc87438@group-914A9C454EC2-LeaderElection11] INFO  impl.RoleInfo (RoleInfo.java:updateAndGet(130)) - 21f06eab-63c8-43fd-b305-f7c41bc87438: start 21f06eab-63c8-43fd-b305-f7c41bc87438@group-914A9C454EC2-FollowerState
2021-05-31 14:16:45,112 [EventQueue-OpenPipelineForHealthyPipelineSafeModeRule] INFO  safemode.SCMSafeModeManager (HealthyPipelineSafeModeRule.java:process(130)) - SCM in safe mode. Healthy pipelines reported count is 0, required healthy pipeline reported count is 1
2021-05-31 14:16:45,112 [EventQueue-OpenPipelineForHealthyPipelineSafeModeRule] INFO  safemode.SCMSafeModeManager (HealthyPipelineSafeModeRule.java:process(130)) - SCM in safe mode. Healthy pipelines reported count is 0, required healthy pipeline reported count is 1
2021-05-31 14:16:45,112 [EventQueue-PipelineReportForOneReplicaPipelineSafeModeRule] INFO  safemode.SCMSafeModeManager (SCMSafeModeManager.java:validateSafeModeExitRules(201)) - AtleastOneDatanodeReportedRule rule is successfully validated
2021-05-31 14:16:45,608 [EventQueue-PipelineReportForOneReplicaPipelineSafeModeRule] INFO  safemode.SCMSafeModeManager (SCMSafeModeManager.java:validateSafeModeExitRules(201)) - AtleastOneDatanodeReportedRule rule is successfully validated
2021-05-31 14:16:45,608 [EventQueue-PipelineReportForOneReplicaPipelineSafeModeRule] INFO  safemode.SCMSafeModeManager (SCMSafeModeManager.java:validateSafeModeExitRules(201)) - AtleastOneDatanodeReportedRule rule is successfully validated
2021-05-31 14:16:45,608 [EventQueue-OpenPipelineForHealthyPipelineSafeModeRule] INFO  safemode.SCMSafeModeManager (HealthyPipelineSafeModeRule.java:process(130)) - SCM in safe mode. Healthy pipelines reported count is 0, required healthy pipeline reported count is 1
2021-05-31 14:16:45,608 [EventQueue-OpenPipelineForHealthyPipelineSafeModeRule] INFO  safemode.SCMSafeModeManager (HealthyPipelineSafeModeRule.java:process(130)) - SCM in safe mode. Healthy pipelines reported count is 0, required healthy pipeline reported count is 1
2021-05-31 14:16:45,776 [Listener at 127.0.0.1/11372] INFO  ozone.MiniOzoneClusterImpl (MiniOzoneClusterImpl.java:lambda$waitForClusterToBeReady$0(224)) - Nodes are ready. Got 3 of 3 DN Heartbeats.
2021-05-31 14:16:45,777 [Listener at 127.0.0.1/11372] INFO  ozone.MiniOzoneClusterImpl (MiniOzoneClusterImpl.java:lambda$waitForClusterToBeReady$0(227)) - Waiting for cluster to exit safe mode
2021-05-31 14:16:45,777 [Listener at 127.0.0.1/11372] INFO  ozone.MiniOzoneClusterImpl (MiniOzoneClusterImpl.java:lambda$waitForClusterToBeReady$0(230)) - SCM became leader
2021-05-31 14:16:45,821 [EventQueue-PipelineReportForOneReplicaPipelineSafeModeRule] INFO  safemode.SCMSafeModeManager (SCMSafeModeManager.java:validateSafeModeExitRules(201)) - AtleastOneDatanodeReportedRule rule is successfully validated
2021-05-31 14:16:45,821 [EventQueue-PipelineReportForOneReplicaPipelineSafeModeRule] INFO  safemode.SCMSafeModeManager (SCMSafeModeManager.java:validateSafeModeExitRules(201)) - AtleastOneDatanodeReportedRule rule is successfully validated
2021-05-31 14:16:45,821 [EventQueue-OpenPipelineForHealthyPipelineSafeModeRule] INFO  safemode.SCMSafeModeManager (HealthyPipelineSafeModeRule.java:process(130)) - SCM in safe mode. Healthy pipelines reported count is 0, required healthy pipeline reported count is 1
2021-05-31 14:16:45,821 [EventQueue-OpenPipelineForHealthyPipelineSafeModeRule] INFO  safemode.SCMSafeModeManager (HealthyPipelineSafeModeRule.java:process(130)) - SCM in safe mode. Healthy pipelines reported count is 0, required healthy pipeline reported count is 1
2021-05-31 14:16:46,106 [EventQueue-PipelineReportForOneReplicaPipelineSafeModeRule] INFO  safemode.SCMSafeModeManager (SCMSafeModeManager.java:validateSafeModeExitRules(201)) - AtleastOneDatanodeReportedRule rule is successfully validated
2021-05-31 14:16:46,107 [EventQueue-PipelineReportForOneReplicaPipelineSafeModeRule] INFO  safemode.SCMSafeModeManager (SCMSafeModeManager.java:validateSafeModeExitRules(201)) - AtleastOneDatanodeReportedRule rule is successfully validated
2021-05-31 14:16:46,107 [EventQueue-OpenPipelineForHealthyPipelineSafeModeRule] INFO  safemode.SCMSafeModeManager (HealthyPipelineSafeModeRule.java:process(130)) - SCM in safe mode. Healthy pipelines reported count is 0, required healthy pipeline reported count is 1
2021-05-31 14:16:46,107 [EventQueue-OpenPipelineForHealthyPipelineSafeModeRule] INFO  safemode.SCMSafeModeManager (HealthyPipelineSafeModeRule.java:process(130)) - SCM in safe mode. Healthy pipelines reported count is 0, required healthy pipeline reported count is 1
2021-05-31 14:16:46,607 [EventQueue-OpenPipelineForHealthyPipelineSafeModeRule] INFO  safemode.SCMSafeModeManager (HealthyPipelineSafeModeRule.java:process(130)) - SCM in safe mode. Healthy pipelines reported count is 0, required healthy pipeline reported count is 1
2021-05-31 14:16:46,608 [EventQueue-PipelineReportForOneReplicaPipelineSafeModeRule] INFO  safemode.SCMSafeModeManager (SCMSafeModeManager.java:validateSafeModeExitRules(201)) - AtleastOneDatanodeReportedRule rule is successfully validated
2021-05-31 14:16:46,608 [EventQueue-PipelineReportForOneReplicaPipelineSafeModeRule] INFO  safemode.SCMSafeModeManager (SCMSafeModeManager.java:validateSafeModeExitRules(201)) - AtleastOneDatanodeReportedRule rule is successfully validated
2021-05-31 14:16:46,608 [EventQueue-OpenPipelineForHealthyPipelineSafeModeRule] INFO  safemode.SCMSafeModeManager (HealthyPipelineSafeModeRule.java:process(130)) - SCM in safe mode. Healthy pipelines reported count is 0, required healthy pipeline reported count is 1
2021-05-31 14:16:46,777 [Listener at 127.0.0.1/11372] INFO  ozone.MiniOzoneClusterImpl (MiniOzoneClusterImpl.java:lambda$waitForClusterToBeReady$0(224)) - Nodes are ready. Got 3 of 3 DN Heartbeats.
2021-05-31 14:16:46,777 [Listener at 127.0.0.1/11372] INFO  ozone.MiniOzoneClusterImpl (MiniOzoneClusterImpl.java:lambda$waitForClusterToBeReady$0(227)) - Waiting for cluster to exit safe mode
2021-05-31 14:16:46,777 [Listener at 127.0.0.1/11372] INFO  ozone.MiniOzoneClusterImpl (MiniOzoneClusterImpl.java:lambda$waitForClusterToBeReady$0(230)) - SCM became leader
2021-05-31 14:16:46,820 [EventQueue-PipelineReportForOneReplicaPipelineSafeModeRule] INFO  safemode.SCMSafeModeManager (SCMSafeModeManager.java:validateSafeModeExitRules(201)) - AtleastOneDatanodeReportedRule rule is successfully validated
2021-05-31 14:16:46,821 [EventQueue-OpenPipelineForHealthyPipelineSafeModeRule] INFO  safemode.SCMSafeModeManager (HealthyPipelineSafeModeRule.java:process(130)) - SCM in safe mode. Healthy pipelines reported count is 0, required healthy pipeline reported count is 1
2021-05-31 14:16:46,821 [EventQueue-OpenPipelineForHealthyPipelineSafeModeRule] INFO  safemode.SCMSafeModeManager (HealthyPipelineSafeModeRule.java:process(130)) - SCM in safe mode. Healthy pipelines reported count is 0, required healthy pipeline reported count is 1
2021-05-31 14:16:46,821 [EventQueue-PipelineReportForOneReplicaPipelineSafeModeRule] INFO  safemode.SCMSafeModeManager (SCMSafeModeManager.java:validateSafeModeExitRules(201)) - AtleastOneDatanodeReportedRule rule is successfully validated
2021-05-31 14:16:47,106 [EventQueue-PipelineReportForOneReplicaPipelineSafeModeRule] INFO  safemode.SCMSafeModeManager (SCMSafeModeManager.java:validateSafeModeExitRules(201)) - AtleastOneDatanodeReportedRule rule is successfully validated
2021-05-31 14:16:47,107 [EventQueue-OpenPipelineForHealthyPipelineSafeModeRule] INFO  safemode.SCMSafeModeManager (HealthyPipelineSafeModeRule.java:process(130)) - SCM in safe mode. Healthy pipelines reported count is 0, required healthy pipeline reported count is 1
2021-05-31 14:16:47,107 [EventQueue-PipelineReportForOneReplicaPipelineSafeModeRule] INFO  safemode.SCMSafeModeManager (SCMSafeModeManager.java:validateSafeModeExitRules(201)) - AtleastOneDatanodeReportedRule rule is successfully validated
2021-05-31 14:16:47,107 [EventQueue-OpenPipelineForHealthyPipelineSafeModeRule] INFO  safemode.SCMSafeModeManager (HealthyPipelineSafeModeRule.java:process(130)) - SCM in safe mode. Healthy pipelines reported count is 0, required healthy pipeline reported count is 1
2021-05-31 14:16:47,607 [EventQueue-PipelineReportForOneReplicaPipelineSafeModeRule] INFO  safemode.SCMSafeModeManager (SCMSafeModeManager.java:validateSafeModeExitRules(201)) - AtleastOneDatanodeReportedRule rule is successfully validated
2021-05-31 14:16:47,608 [EventQueue-OpenPipelineForHealthyPipelineSafeModeRule] INFO  safemode.SCMSafeModeManager (HealthyPipelineSafeModeRule.java:process(130)) - SCM in safe mode. Healthy pipelines reported count is 0, required healthy pipeline reported count is 1
2021-05-31 14:16:47,608 [EventQueue-OpenPipelineForHealthyPipelineSafeModeRule] INFO  safemode.SCMSafeModeManager (HealthyPipelineSafeModeRule.java:process(130)) - SCM in safe mode. Healthy pipelines reported count is 0, required healthy pipeline reported count is 1
2021-05-31 14:16:47,608 [EventQueue-PipelineReportForOneReplicaPipelineSafeModeRule] INFO  safemode.SCMSafeModeManager (SCMSafeModeManager.java:validateSafeModeExitRules(201)) - AtleastOneDatanodeReportedRule rule is successfully validated
2021-05-31 14:16:47,778 [Listener at 127.0.0.1/11372] INFO  ozone.MiniOzoneClusterImpl (MiniOzoneClusterImpl.java:lambda$waitForClusterToBeReady$0(224)) - Nodes are ready. Got 3 of 3 DN Heartbeats.
2021-05-31 14:16:47,778 [Listener at 127.0.0.1/11372] INFO  ozone.MiniOzoneClusterImpl (MiniOzoneClusterImpl.java:lambda$waitForClusterToBeReady$0(227)) - Waiting for cluster to exit safe mode
2021-05-31 14:16:47,779 [Listener at 127.0.0.1/11372] INFO  ozone.MiniOzoneClusterImpl (MiniOzoneClusterImpl.java:lambda$waitForClusterToBeReady$0(230)) - SCM became leader
2021-05-31 14:16:47,820 [EventQueue-PipelineReportForOneReplicaPipelineSafeModeRule] INFO  safemode.SCMSafeModeManager (SCMSafeModeManager.java:validateSafeModeExitRules(201)) - AtleastOneDatanodeReportedRule rule is successfully validated
2021-05-31 14:16:47,820 [EventQueue-OpenPipelineForHealthyPipelineSafeModeRule] INFO  safemode.SCMSafeModeManager (HealthyPipelineSafeModeRule.java:process(130)) - SCM in safe mode. Healthy pipelines reported count is 0, required healthy pipeline reported count is 1
2021-05-31 14:16:47,821 [EventQueue-PipelineReportForOneReplicaPipelineSafeModeRule] INFO  safemode.SCMSafeModeManager (SCMSafeModeManager.java:validateSafeModeExitRules(201)) - AtleastOneDatanodeReportedRule rule is successfully validated
2021-05-31 14:16:47,821 [EventQueue-OpenPipelineForHealthyPipelineSafeModeRule] INFO  safemode.SCMSafeModeManager (HealthyPipelineSafeModeRule.java:process(130)) - SCM in safe mode. Healthy pipelines reported count is 0, required healthy pipeline reported count is 1
2021-05-31 14:16:48,107 [EventQueue-OpenPipelineForHealthyPipelineSafeModeRule] INFO  safemode.SCMSafeModeManager (HealthyPipelineSafeModeRule.java:process(130)) - SCM in safe mode. Healthy pipelines reported count is 0, required healthy pipeline reported count is 1
2021-05-31 14:16:48,107 [EventQueue-PipelineReportForOneReplicaPipelineSafeModeRule] INFO  safemode.SCMSafeModeManager (SCMSafeModeManager.java:validateSafeModeExitRules(201)) - AtleastOneDatanodeReportedRule rule is successfully validated
2021-05-31 14:16:48,107 [EventQueue-OpenPipelineForHealthyPipelineSafeModeRule] INFO  safemode.SCMSafeModeManager (HealthyPipelineSafeModeRule.java:process(130)) - SCM in safe mode. Healthy pipelines reported count is 0, required healthy pipeline reported count is 1
2021-05-31 14:16:48,107 [EventQueue-PipelineReportForOneReplicaPipelineSafeModeRule] INFO  safemode.SCMSafeModeManager (SCMSafeModeManager.java:validateSafeModeExitRules(201)) - AtleastOneDatanodeReportedRule rule is successfully validated
2021-05-31 14:16:48,606 [Datanode State Machine Thread - 0] ERROR datanode.RunningDatanodeState (RunningDatanodeState.java:computeNextContainerState(199)) - Error in executing end point task.
java.util.concurrent.ExecutionException: java.util.concurrent.TimeoutException
	at java.util.concurrent.FutureTask.report(FutureTask.java:122)
	at java.util.concurrent.FutureTask.get(FutureTask.java:192)
	at org.apache.hadoop.ozone.container.common.states.datanode.RunningDatanodeState.computeNextContainerState(RunningDatanodeState.java:191)
	at org.apache.hadoop.ozone.container.common.states.datanode.RunningDatanodeState.await(RunningDatanodeState.java:231)
	at org.apache.hadoop.ozone.container.common.states.datanode.RunningDatanodeState.await(RunningDatanodeState.java:50)
	at org.apache.hadoop.ozone.container.common.statemachine.StateContext.execute(StateContext.java:579)
	at org.apache.hadoop.ozone.container.common.statemachine.DatanodeStateMachine.start(DatanodeStateMachine.java:233)
	at org.apache.hadoop.ozone.container.common.statemachine.DatanodeStateMachine.lambda$startDaemon$0(DatanodeStateMachine.java:416)
	at java.lang.Thread.run(Thread.java:748)
Caused by: java.util.concurrent.TimeoutException
	at java.util.concurrent.FutureTask.get(FutureTask.java:205)
	at org.apache.hadoop.ozone.container.common.states.datanode.RunningDatanodeState.lambda$execute$0(RunningDatanodeState.java:149)
	at java.util.concurrent.FutureTask.run(FutureTask.java:266)
	at java.util.concurrent.Executors$RunnableAdapter.call(Executors.java:511)
	at java.util.concurrent.FutureTask.run(FutureTask.java:266)
	at java.util.concurrent.ThreadPoolExecutor.runWorker(ThreadPoolExecutor.java:1149)
	at java.util.concurrent.ThreadPoolExecutor$Worker.run(ThreadPoolExecutor.java:624)
	... 1 more
2021-05-31 14:16:48,609 [EventQueue-PipelineReportForOneReplicaPipelineSafeModeRule] INFO  safemode.SCMSafeModeManager (SCMSafeModeManager.java:validateSafeModeExitRules(201)) - AtleastOneDatanodeReportedRule rule is successfully validated
2021-05-31 14:16:48,609 [EventQueue-OpenPipelineForHealthyPipelineSafeModeRule] INFO  safemode.SCMSafeModeManager (HealthyPipelineSafeModeRule.java:process(130)) - SCM in safe mode. Healthy pipelines reported count is 0, required healthy pipeline reported count is 1
2021-05-31 14:16:48,610 [EventQueue-PipelineReportForOneReplicaPipelineSafeModeRule] INFO  safemode.SCMSafeModeManager (SCMSafeModeManager.java:validateSafeModeExitRules(201)) - AtleastOneDatanodeReportedRule rule is successfully validated
2021-05-31 14:16:48,611 [EventQueue-OpenPipelineForHealthyPipelineSafeModeRule] INFO  safemode.SCMSafeModeManager (HealthyPipelineSafeModeRule.java:process(130)) - SCM in safe mode. Healthy pipelines reported count is 0, required healthy pipeline reported count is 1
2021-05-31 14:16:48,779 [Listener at 127.0.0.1/11372] INFO  ozone.MiniOzoneClusterImpl (MiniOzoneClusterImpl.java:lambda$waitForClusterToBeReady$0(224)) - Nodes are ready. Got 3 of 3 DN Heartbeats.
2021-05-31 14:16:48,779 [Listener at 127.0.0.1/11372] INFO  ozone.MiniOzoneClusterImpl (MiniOzoneClusterImpl.java:lambda$waitForClusterToBeReady$0(227)) - Waiting for cluster to exit safe mode
2021-05-31 14:16:48,780 [Listener at 127.0.0.1/11372] INFO  ozone.MiniOzoneClusterImpl (MiniOzoneClusterImpl.java:lambda$waitForClusterToBeReady$0(230)) - SCM became leader
2021-05-31 14:16:48,820 [EventQueue-OpenPipelineForHealthyPipelineSafeModeRule] INFO  safemode.SCMSafeModeManager (HealthyPipelineSafeModeRule.java:process(130)) - SCM in safe mode. Healthy pipelines reported count is 0, required healthy pipeline reported count is 1
2021-05-31 14:16:48,820 [EventQueue-PipelineReportForOneReplicaPipelineSafeModeRule] INFO  safemode.SCMSafeModeManager (SCMSafeModeManager.java:validateSafeModeExitRules(201)) - AtleastOneDatanodeReportedRule rule is successfully validated
2021-05-31 14:16:48,820 [EventQueue-PipelineReportForOneReplicaPipelineSafeModeRule] INFO  safemode.SCMSafeModeManager (SCMSafeModeManager.java:validateSafeModeExitRules(201)) - AtleastOneDatanodeReportedRule rule is successfully validated
2021-05-31 14:16:48,821 [EventQueue-OpenPipelineForHealthyPipelineSafeModeRule] INFO  safemode.SCMSafeModeManager (HealthyPipelineSafeModeRule.java:process(130)) - SCM in safe mode. Healthy pipelines reported count is 0, required healthy pipeline reported count is 1
2021-05-31 14:16:49,106 [EventQueue-OpenPipelineForHealthyPipelineSafeModeRule] INFO  safemode.SCMSafeModeManager (HealthyPipelineSafeModeRule.java:process(130)) - SCM in safe mode. Healthy pipelines reported count is 0, required healthy pipeline reported count is 1
2021-05-31 14:16:49,106 [EventQueue-OpenPipelineForHealthyPipelineSafeModeRule] INFO  safemode.SCMSafeModeManager (HealthyPipelineSafeModeRule.java:process(130)) - SCM in safe mode. Healthy pipelines reported count is 0, required healthy pipeline reported count is 1
2021-05-31 14:16:49,106 [EventQueue-PipelineReportForOneReplicaPipelineSafeModeRule] INFO  safemode.SCMSafeModeManager (SCMSafeModeManager.java:validateSafeModeExitRules(201)) - AtleastOneDatanodeReportedRule rule is successfully validated
2021-05-31 14:16:49,106 [EventQueue-PipelineReportForOneReplicaPipelineSafeModeRule] INFO  safemode.SCMSafeModeManager (SCMSafeModeManager.java:validateSafeModeExitRules(201)) - AtleastOneDatanodeReportedRule rule is successfully validated
2021-05-31 14:16:49,609 [EventQueue-OpenPipelineForHealthyPipelineSafeModeRule] INFO  safemode.SCMSafeModeManager (HealthyPipelineSafeModeRule.java:process(130)) - SCM in safe mode. Healthy pipelines reported count is 0, required healthy pipeline reported count is 1
2021-05-31 14:16:49,610 [EventQueue-PipelineReportForOneReplicaPipelineSafeModeRule] INFO  safemode.SCMSafeModeManager (SCMSafeModeManager.java:validateSafeModeExitRules(201)) - AtleastOneDatanodeReportedRule rule is successfully validated
2021-05-31 14:16:49,610 [EventQueue-PipelineReportForOneReplicaPipelineSafeModeRule] INFO  safemode.SCMSafeModeManager (SCMSafeModeManager.java:validateSafeModeExitRules(201)) - AtleastOneDatanodeReportedRule rule is successfully validated
2021-05-31 14:16:49,611 [EventQueue-OpenPipelineForHealthyPipelineSafeModeRule] INFO  safemode.SCMSafeModeManager (HealthyPipelineSafeModeRule.java:process(130)) - SCM in safe mode. Healthy pipelines reported count is 0, required healthy pipeline reported count is 1
2021-05-31 14:16:49,780 [Listener at 127.0.0.1/11372] INFO  ozone.MiniOzoneClusterImpl (MiniOzoneClusterImpl.java:lambda$waitForClusterToBeReady$0(224)) - Nodes are ready. Got 3 of 3 DN Heartbeats.
2021-05-31 14:16:49,780 [Listener at 127.0.0.1/11372] INFO  ozone.MiniOzoneClusterImpl (MiniOzoneClusterImpl.java:lambda$waitForClusterToBeReady$0(227)) - Waiting for cluster to exit safe mode
2021-05-31 14:16:49,781 [Listener at 127.0.0.1/11372] INFO  ozone.MiniOzoneClusterImpl (MiniOzoneClusterImpl.java:lambda$waitForClusterToBeReady$0(230)) - SCM became leader
2021-05-31 14:16:49,820 [EventQueue-PipelineReportForOneReplicaPipelineSafeModeRule] INFO  safemode.SCMSafeModeManager (SCMSafeModeManager.java:validateSafeModeExitRules(201)) - AtleastOneDatanodeReportedRule rule is successfully validated
2021-05-31 14:16:49,821 [EventQueue-PipelineReportForOneReplicaPipelineSafeModeRule] INFO  safemode.SCMSafeModeManager (SCMSafeModeManager.java:validateSafeModeExitRules(201)) - AtleastOneDatanodeReportedRule rule is successfully validated
2021-05-31 14:16:49,821 [EventQueue-OpenPipelineForHealthyPipelineSafeModeRule] INFO  safemode.SCMSafeModeManager (HealthyPipelineSafeModeRule.java:process(130)) - SCM in safe mode. Healthy pipelines reported count is 0, required healthy pipeline reported count is 1
2021-05-31 14:16:49,821 [EventQueue-OpenPipelineForHealthyPipelineSafeModeRule] INFO  safemode.SCMSafeModeManager (HealthyPipelineSafeModeRule.java:process(130)) - SCM in safe mode. Healthy pipelines reported count is 0, required healthy pipeline reported count is 1
2021-05-31 14:16:49,846 [e4951dd4-f4df-4d2e-bd67-fe61550133c1@group-249122FFF215-FollowerState] INFO  impl.FollowerState (FollowerState.java:run(134)) - e4951dd4-f4df-4d2e-bd67-fe61550133c1@group-249122FFF215-FollowerState: change to CANDIDATE, lastRpcElapsedTime:5100733454ns, electionTimeout:5100ms
2021-05-31 14:16:49,847 [e4951dd4-f4df-4d2e-bd67-fe61550133c1@group-249122FFF215-FollowerState] INFO  impl.RoleInfo (RoleInfo.java:shutdownFollowerState(108)) - e4951dd4-f4df-4d2e-bd67-fe61550133c1: shutdown e4951dd4-f4df-4d2e-bd67-fe61550133c1@group-249122FFF215-FollowerState
2021-05-31 14:16:49,847 [e4951dd4-f4df-4d2e-bd67-fe61550133c1@group-249122FFF215-FollowerState] INFO  server.RaftServer$Division (RaftServerImpl.java:setRole(284)) - e4951dd4-f4df-4d2e-bd67-fe61550133c1@group-249122FFF215: changes role from  FOLLOWER to CANDIDATE at term 2 for changeToCandidate
2021-05-31 14:16:49,847 [e4951dd4-f4df-4d2e-bd67-fe61550133c1@group-249122FFF215-FollowerState] INFO  server.RaftServerConfigKeys (ConfUtils.java:logGet(44)) - raft.server.leaderelection.pre-vote = false (custom)
2021-05-31 14:16:49,847 [e4951dd4-f4df-4d2e-bd67-fe61550133c1@group-249122FFF215-FollowerState] INFO  impl.RoleInfo (RoleInfo.java:updateAndGet(130)) - e4951dd4-f4df-4d2e-bd67-fe61550133c1: start e4951dd4-f4df-4d2e-bd67-fe61550133c1@group-249122FFF215-LeaderElection12
2021-05-31 14:16:49,850 [e4951dd4-f4df-4d2e-bd67-fe61550133c1@group-249122FFF215-LeaderElection12] INFO  impl.LeaderElection (LeaderElection.java:askForVotes(306)) - e4951dd4-f4df-4d2e-bd67-fe61550133c1@group-249122FFF215-LeaderElection12 ELECTION round 0: submit vote requests at term 3 for -1: [21f06eab-63c8-43fd-b305-f7c41bc87438|rpc:127.0.0.1:43533|priority:0, e4951dd4-f4df-4d2e-bd67-fe61550133c1|rpc:127.0.0.1:42453|priority:0, bda778da-51f4-4847-bee0-b4babae878aa|rpc:127.0.0.1:32951|priority:1], old=null
2021-05-31 14:16:49,853 [grpc-default-executor-0] INFO  server.RaftServer$Division (RaftServerImpl.java:requestVote(1042)) - 21f06eab-63c8-43fd-b305-f7c41bc87438@group-249122FFF215: receive requestVote(ELECTION, e4951dd4-f4df-4d2e-bd67-fe61550133c1, group-249122FFF215, 3, (t:0, i:0))
2021-05-31 14:16:49,853 [grpc-default-executor-0] INFO  impl.VoteContext (VoteContext.java:log(48)) - 21f06eab-63c8-43fd-b305-f7c41bc87438@group-249122FFF215-FOLLOWER: accept ELECTION from e4951dd4-f4df-4d2e-bd67-fe61550133c1: our priority 0 <= candidate's priority 0
2021-05-31 14:16:49,853 [grpc-default-executor-0] INFO  server.RaftServer$Division (RaftServerImpl.java:setRole(284)) - 21f06eab-63c8-43fd-b305-f7c41bc87438@group-249122FFF215: changes role from  FOLLOWER to FOLLOWER at term 3 for candidate:e4951dd4-f4df-4d2e-bd67-fe61550133c1
2021-05-31 14:16:49,853 [grpc-default-executor-0] INFO  impl.RoleInfo (RoleInfo.java:shutdownFollowerState(108)) - 21f06eab-63c8-43fd-b305-f7c41bc87438: shutdown 21f06eab-63c8-43fd-b305-f7c41bc87438@group-249122FFF215-FollowerState
2021-05-31 14:16:49,853 [grpc-default-executor-0] INFO  impl.RoleInfo (RoleInfo.java:updateAndGet(130)) - 21f06eab-63c8-43fd-b305-f7c41bc87438: start 21f06eab-63c8-43fd-b305-f7c41bc87438@group-249122FFF215-FollowerState
2021-05-31 14:16:49,854 [21f06eab-63c8-43fd-b305-f7c41bc87438@group-249122FFF215-FollowerState] INFO  impl.FollowerState (FollowerState.java:run(143)) - 21f06eab-63c8-43fd-b305-f7c41bc87438@group-249122FFF215-FollowerState was interrupted: {}
java.lang.InterruptedException: sleep interrupted
	at java.lang.Thread.sleep(Native Method)
	at java.lang.Thread.sleep(Thread.java:340)
	at java.util.concurrent.TimeUnit.sleep(TimeUnit.java:386)
	at org.apache.ratis.util.TimeDuration.sleep(TimeDuration.java:324)
	at org.apache.ratis.util.TimeDuration.sleep(TimeDuration.java:309)
	at org.apache.ratis.server.impl.FollowerState.run(FollowerState.java:118)
2021-05-31 14:16:49,856 [grpc-default-executor-0] INFO  server.RaftServer$Division (RaftServerImpl.java:requestVote(1074)) - 21f06eab-63c8-43fd-b305-f7c41bc87438@group-249122FFF215 replies to ELECTION vote request: e4951dd4-f4df-4d2e-bd67-fe61550133c1<-21f06eab-63c8-43fd-b305-f7c41bc87438#0:OK-t3. Peer's state: 21f06eab-63c8-43fd-b305-f7c41bc87438@group-249122FFF215:t3, leader=null, voted=e4951dd4-f4df-4d2e-bd67-fe61550133c1, raftlog=21f06eab-63c8-43fd-b305-f7c41bc87438@group-249122FFF215-SegmentedRaftLog:OPENED:c-1,f-1,i0, conf=-1: [21f06eab-63c8-43fd-b305-f7c41bc87438|rpc:127.0.0.1:43533|dataStream:|priority:0, e4951dd4-f4df-4d2e-bd67-fe61550133c1|rpc:127.0.0.1:42453|dataStream:|priority:0, bda778da-51f4-4847-bee0-b4babae878aa|rpc:127.0.0.1:32951|dataStream:|priority:1], old=null
2021-05-31 14:16:49,858 [grpc-default-executor-0] INFO  server.RaftServer$Division (RaftServerImpl.java:requestVote(1042)) - bda778da-51f4-4847-bee0-b4babae878aa@group-249122FFF215: receive requestVote(ELECTION, e4951dd4-f4df-4d2e-bd67-fe61550133c1, group-249122FFF215, 3, (t:0, i:0))
2021-05-31 14:16:49,858 [grpc-default-executor-0] INFO  impl.VoteContext (VoteContext.java:log(48)) - bda778da-51f4-4847-bee0-b4babae878aa@group-249122FFF215-FOLLOWER: reject ELECTION from e4951dd4-f4df-4d2e-bd67-fe61550133c1: our priority 1 > candidate's priority 0
2021-05-31 14:16:49,858 [grpc-default-executor-0] INFO  server.RaftServer$Division (RaftServerImpl.java:setRole(284)) - bda778da-51f4-4847-bee0-b4babae878aa@group-249122FFF215: changes role from  FOLLOWER to FOLLOWER at term 3 for candidate:e4951dd4-f4df-4d2e-bd67-fe61550133c1
2021-05-31 14:16:49,858 [grpc-default-executor-0] INFO  impl.RoleInfo (RoleInfo.java:shutdownFollowerState(108)) - bda778da-51f4-4847-bee0-b4babae878aa: shutdown bda778da-51f4-4847-bee0-b4babae878aa@group-249122FFF215-FollowerState
2021-05-31 14:16:49,859 [bda778da-51f4-4847-bee0-b4babae878aa@group-249122FFF215-FollowerState] INFO  impl.FollowerState (FollowerState.java:run(143)) - bda778da-51f4-4847-bee0-b4babae878aa@group-249122FFF215-FollowerState was interrupted: {}
java.lang.InterruptedException: sleep interrupted
	at java.lang.Thread.sleep(Native Method)
	at java.lang.Thread.sleep(Thread.java:340)
	at java.util.concurrent.TimeUnit.sleep(TimeUnit.java:386)
	at org.apache.ratis.util.TimeDuration.sleep(TimeDuration.java:324)
	at org.apache.ratis.util.TimeDuration.sleep(TimeDuration.java:309)
	at org.apache.ratis.server.impl.FollowerState.run(FollowerState.java:118)
2021-05-31 14:16:49,859 [grpc-default-executor-0] INFO  impl.RoleInfo (RoleInfo.java:updateAndGet(130)) - bda778da-51f4-4847-bee0-b4babae878aa: start bda778da-51f4-4847-bee0-b4babae878aa@group-249122FFF215-FollowerState
2021-05-31 14:16:49,871 [grpc-default-executor-0] INFO  server.RaftServer$Division (RaftServerImpl.java:requestVote(1074)) - bda778da-51f4-4847-bee0-b4babae878aa@group-249122FFF215 replies to ELECTION vote request: e4951dd4-f4df-4d2e-bd67-fe61550133c1<-bda778da-51f4-4847-bee0-b4babae878aa#0:FAIL-t3. Peer's state: bda778da-51f4-4847-bee0-b4babae878aa@group-249122FFF215:t3, leader=null, voted=null, raftlog=bda778da-51f4-4847-bee0-b4babae878aa@group-249122FFF215-SegmentedRaftLog:OPENED:c-1,f-1,i0, conf=-1: [21f06eab-63c8-43fd-b305-f7c41bc87438|rpc:127.0.0.1:43533|priority:0, e4951dd4-f4df-4d2e-bd67-fe61550133c1|rpc:127.0.0.1:42453|priority:0, bda778da-51f4-4847-bee0-b4babae878aa|rpc:127.0.0.1:32951|priority:1], old=null
2021-05-31 14:16:49,873 [e4951dd4-f4df-4d2e-bd67-fe61550133c1@group-249122FFF215-LeaderElection12] INFO  impl.LeaderElection (LeaderElection.java:logAndReturn(89)) - e4951dd4-f4df-4d2e-bd67-fe61550133c1@group-249122FFF215-LeaderElection12: ELECTION REJECTED received 2 response(s) and 0 exception(s):
2021-05-31 14:16:49,873 [e4951dd4-f4df-4d2e-bd67-fe61550133c1@group-249122FFF215-LeaderElection12] INFO  impl.LeaderElection (LeaderElection.java:logAndReturn(93)) -   Response 0: e4951dd4-f4df-4d2e-bd67-fe61550133c1<-21f06eab-63c8-43fd-b305-f7c41bc87438#0:OK-t3
2021-05-31 14:16:49,873 [e4951dd4-f4df-4d2e-bd67-fe61550133c1@group-249122FFF215-LeaderElection12] INFO  impl.LeaderElection (LeaderElection.java:logAndReturn(93)) -   Response 1: e4951dd4-f4df-4d2e-bd67-fe61550133c1<-bda778da-51f4-4847-bee0-b4babae878aa#0:FAIL-t3
2021-05-31 14:16:49,873 [e4951dd4-f4df-4d2e-bd67-fe61550133c1@group-249122FFF215-LeaderElection12] INFO  impl.LeaderElection (LeaderElection.java:askForVotes(308)) - e4951dd4-f4df-4d2e-bd67-fe61550133c1@group-249122FFF215-LeaderElection12 ELECTION round 0: result REJECTED
2021-05-31 14:16:49,874 [e4951dd4-f4df-4d2e-bd67-fe61550133c1@group-249122FFF215-LeaderElection12] INFO  server.RaftServer$Division (RaftServerImpl.java:setRole(284)) - e4951dd4-f4df-4d2e-bd67-fe61550133c1@group-249122FFF215: changes role from CANDIDATE to FOLLOWER at term 3 for REJECTED
2021-05-31 14:16:49,874 [e4951dd4-f4df-4d2e-bd67-fe61550133c1@group-249122FFF215-LeaderElection12] INFO  impl.RoleInfo (RoleInfo.java:shutdownLeaderElection(121)) - e4951dd4-f4df-4d2e-bd67-fe61550133c1: shutdown e4951dd4-f4df-4d2e-bd67-fe61550133c1@group-249122FFF215-LeaderElection12
2021-05-31 14:16:49,875 [e4951dd4-f4df-4d2e-bd67-fe61550133c1@group-249122FFF215-LeaderElection12] INFO  impl.RoleInfo (RoleInfo.java:updateAndGet(130)) - e4951dd4-f4df-4d2e-bd67-fe61550133c1: start e4951dd4-f4df-4d2e-bd67-fe61550133c1@group-249122FFF215-FollowerState
2021-05-31 14:16:50,107 [EventQueue-PipelineReportForOneReplicaPipelineSafeModeRule] INFO  safemode.SCMSafeModeManager (SCMSafeModeManager.java:validateSafeModeExitRules(201)) - AtleastOneDatanodeReportedRule rule is successfully validated
2021-05-31 14:16:50,107 [EventQueue-PipelineReportForOneReplicaPipelineSafeModeRule] INFO  safemode.SCMSafeModeManager (SCMSafeModeManager.java:validateSafeModeExitRules(201)) - AtleastOneDatanodeReportedRule rule is successfully validated
2021-05-31 14:16:50,107 [EventQueue-OpenPipelineForHealthyPipelineSafeModeRule] INFO  safemode.SCMSafeModeManager (HealthyPipelineSafeModeRule.java:process(130)) - SCM in safe mode. Healthy pipelines reported count is 0, required healthy pipeline reported count is 1
2021-05-31 14:16:50,107 [EventQueue-OpenPipelineForHealthyPipelineSafeModeRule] INFO  safemode.SCMSafeModeManager (HealthyPipelineSafeModeRule.java:process(130)) - SCM in safe mode. Healthy pipelines reported count is 0, required healthy pipeline reported count is 1
2021-05-31 14:16:50,129 [bda778da-51f4-4847-bee0-b4babae878aa@group-914A9C454EC2-FollowerState] INFO  impl.FollowerState (FollowerState.java:run(134)) - bda778da-51f4-4847-bee0-b4babae878aa@group-914A9C454EC2-FollowerState: change to CANDIDATE, lastRpcElapsedTime:5030652815ns, electionTimeout:5027ms
2021-05-31 14:16:50,129 [bda778da-51f4-4847-bee0-b4babae878aa@group-914A9C454EC2-FollowerState] INFO  impl.RoleInfo (RoleInfo.java:shutdownFollowerState(108)) - bda778da-51f4-4847-bee0-b4babae878aa: shutdown bda778da-51f4-4847-bee0-b4babae878aa@group-914A9C454EC2-FollowerState
2021-05-31 14:16:50,129 [bda778da-51f4-4847-bee0-b4babae878aa@group-914A9C454EC2-FollowerState] INFO  server.RaftServer$Division (RaftServerImpl.java:setRole(284)) - bda778da-51f4-4847-bee0-b4babae878aa@group-914A9C454EC2: changes role from  FOLLOWER to CANDIDATE at term 2 for changeToCandidate
2021-05-31 14:16:50,129 [bda778da-51f4-4847-bee0-b4babae878aa@group-914A9C454EC2-FollowerState] INFO  server.RaftServerConfigKeys (ConfUtils.java:logGet(44)) - raft.server.leaderelection.pre-vote = false (custom)
2021-05-31 14:16:50,129 [bda778da-51f4-4847-bee0-b4babae878aa@group-914A9C454EC2-FollowerState] INFO  impl.RoleInfo (RoleInfo.java:updateAndGet(130)) - bda778da-51f4-4847-bee0-b4babae878aa: start bda778da-51f4-4847-bee0-b4babae878aa@group-914A9C454EC2-LeaderElection13
2021-05-31 14:16:50,131 [bda778da-51f4-4847-bee0-b4babae878aa@group-914A9C454EC2-LeaderElection13] INFO  impl.LeaderElection (LeaderElection.java:askForVotes(306)) - bda778da-51f4-4847-bee0-b4babae878aa@group-914A9C454EC2-LeaderElection13 ELECTION round 0: submit vote requests at term 3 for -1: [21f06eab-63c8-43fd-b305-f7c41bc87438|rpc:127.0.0.1:43533|priority:0, e4951dd4-f4df-4d2e-bd67-fe61550133c1|rpc:127.0.0.1:42453|priority:1, bda778da-51f4-4847-bee0-b4babae878aa|rpc:127.0.0.1:32951|priority:0], old=null
2021-05-31 14:16:50,139 [grpc-default-executor-0] INFO  server.RaftServer$Division (RaftServerImpl.java:requestVote(1042)) - 21f06eab-63c8-43fd-b305-f7c41bc87438@group-914A9C454EC2: receive requestVote(ELECTION, bda778da-51f4-4847-bee0-b4babae878aa, group-914A9C454EC2, 3, (t:0, i:0))
2021-05-31 14:16:50,139 [grpc-default-executor-0] INFO  impl.VoteContext (VoteContext.java:log(48)) - 21f06eab-63c8-43fd-b305-f7c41bc87438@group-914A9C454EC2-FOLLOWER: accept ELECTION from bda778da-51f4-4847-bee0-b4babae878aa: our priority 0 <= candidate's priority 0
2021-05-31 14:16:50,139 [grpc-default-executor-0] INFO  server.RaftServer$Division (RaftServerImpl.java:setRole(284)) - 21f06eab-63c8-43fd-b305-f7c41bc87438@group-914A9C454EC2: changes role from  FOLLOWER to FOLLOWER at term 3 for candidate:bda778da-51f4-4847-bee0-b4babae878aa
2021-05-31 14:16:50,139 [grpc-default-executor-0] INFO  impl.RoleInfo (RoleInfo.java:shutdownFollowerState(108)) - 21f06eab-63c8-43fd-b305-f7c41bc87438: shutdown 21f06eab-63c8-43fd-b305-f7c41bc87438@group-914A9C454EC2-FollowerState
2021-05-31 14:16:50,140 [grpc-default-executor-0] INFO  impl.RoleInfo (RoleInfo.java:updateAndGet(130)) - 21f06eab-63c8-43fd-b305-f7c41bc87438: start 21f06eab-63c8-43fd-b305-f7c41bc87438@group-914A9C454EC2-FollowerState
2021-05-31 14:16:50,140 [21f06eab-63c8-43fd-b305-f7c41bc87438@group-914A9C454EC2-FollowerState] INFO  impl.FollowerState (FollowerState.java:run(143)) - 21f06eab-63c8-43fd-b305-f7c41bc87438@group-914A9C454EC2-FollowerState was interrupted: {}
java.lang.InterruptedException: sleep interrupted
	at java.lang.Thread.sleep(Native Method)
	at java.lang.Thread.sleep(Thread.java:340)
	at java.util.concurrent.TimeUnit.sleep(TimeUnit.java:386)
	at org.apache.ratis.util.TimeDuration.sleep(TimeDuration.java:324)
	at org.apache.ratis.util.TimeDuration.sleep(TimeDuration.java:309)
	at org.apache.ratis.server.impl.FollowerState.run(FollowerState.java:118)
2021-05-31 14:16:50,145 [grpc-default-executor-0] INFO  server.RaftServer$Division (RaftServerImpl.java:requestVote(1074)) - 21f06eab-63c8-43fd-b305-f7c41bc87438@group-914A9C454EC2 replies to ELECTION vote request: bda778da-51f4-4847-bee0-b4babae878aa<-21f06eab-63c8-43fd-b305-f7c41bc87438#0:OK-t3. Peer's state: 21f06eab-63c8-43fd-b305-f7c41bc87438@group-914A9C454EC2:t3, leader=null, voted=bda778da-51f4-4847-bee0-b4babae878aa, raftlog=21f06eab-63c8-43fd-b305-f7c41bc87438@group-914A9C454EC2-SegmentedRaftLog:OPENED:c-1,f-1,i0, conf=-1: [21f06eab-63c8-43fd-b305-f7c41bc87438|rpc:127.0.0.1:43533|priority:0, e4951dd4-f4df-4d2e-bd67-fe61550133c1|rpc:127.0.0.1:42453|priority:1, bda778da-51f4-4847-bee0-b4babae878aa|rpc:127.0.0.1:32951|priority:0], old=null
2021-05-31 14:16:50,154 [grpc-default-executor-0] INFO  server.RaftServer$Division (RaftServerImpl.java:requestVote(1042)) - e4951dd4-f4df-4d2e-bd67-fe61550133c1@group-914A9C454EC2: receive requestVote(ELECTION, bda778da-51f4-4847-bee0-b4babae878aa, group-914A9C454EC2, 3, (t:0, i:0))
2021-05-31 14:16:50,154 [grpc-default-executor-0] INFO  impl.VoteContext (VoteContext.java:log(48)) - e4951dd4-f4df-4d2e-bd67-fe61550133c1@group-914A9C454EC2-FOLLOWER: reject ELECTION from bda778da-51f4-4847-bee0-b4babae878aa: our priority 1 > candidate's priority 0
2021-05-31 14:16:50,155 [grpc-default-executor-0] INFO  server.RaftServer$Division (RaftServerImpl.java:setRole(284)) - e4951dd4-f4df-4d2e-bd67-fe61550133c1@group-914A9C454EC2: changes role from  FOLLOWER to FOLLOWER at term 3 for candidate:bda778da-51f4-4847-bee0-b4babae878aa
2021-05-31 14:16:50,155 [grpc-default-executor-0] INFO  impl.RoleInfo (RoleInfo.java:shutdownFollowerState(108)) - e4951dd4-f4df-4d2e-bd67-fe61550133c1: shutdown e4951dd4-f4df-4d2e-bd67-fe61550133c1@group-914A9C454EC2-FollowerState
2021-05-31 14:16:50,155 [grpc-default-executor-0] INFO  impl.RoleInfo (RoleInfo.java:updateAndGet(130)) - e4951dd4-f4df-4d2e-bd67-fe61550133c1: start e4951dd4-f4df-4d2e-bd67-fe61550133c1@group-914A9C454EC2-FollowerState
2021-05-31 14:16:50,155 [e4951dd4-f4df-4d2e-bd67-fe61550133c1@group-914A9C454EC2-FollowerState] INFO  impl.FollowerState (FollowerState.java:run(143)) - e4951dd4-f4df-4d2e-bd67-fe61550133c1@group-914A9C454EC2-FollowerState was interrupted: {}
java.lang.InterruptedException: sleep interrupted
	at java.lang.Thread.sleep(Native Method)
	at java.lang.Thread.sleep(Thread.java:340)
	at java.util.concurrent.TimeUnit.sleep(TimeUnit.java:386)
	at org.apache.ratis.util.TimeDuration.sleep(TimeDuration.java:324)
	at org.apache.ratis.util.TimeDuration.sleep(TimeDuration.java:309)
	at org.apache.ratis.server.impl.FollowerState.run(FollowerState.java:118)
2021-05-31 14:16:50,160 [grpc-default-executor-0] INFO  server.RaftServer$Division (RaftServerImpl.java:requestVote(1074)) - e4951dd4-f4df-4d2e-bd67-fe61550133c1@group-914A9C454EC2 replies to ELECTION vote request: bda778da-51f4-4847-bee0-b4babae878aa<-e4951dd4-f4df-4d2e-bd67-fe61550133c1#0:FAIL-t3. Peer's state: e4951dd4-f4df-4d2e-bd67-fe61550133c1@group-914A9C454EC2:t3, leader=null, voted=null, raftlog=e4951dd4-f4df-4d2e-bd67-fe61550133c1@group-914A9C454EC2-SegmentedRaftLog:OPENED:c-1,f-1,i0, conf=-1: [21f06eab-63c8-43fd-b305-f7c41bc87438|rpc:127.0.0.1:43533|priority:0, e4951dd4-f4df-4d2e-bd67-fe61550133c1|rpc:127.0.0.1:42453|priority:1, bda778da-51f4-4847-bee0-b4babae878aa|rpc:127.0.0.1:32951|priority:0], old=null
2021-05-31 14:16:50,162 [bda778da-51f4-4847-bee0-b4babae878aa@group-914A9C454EC2-LeaderElection13] INFO  impl.LeaderElection (LeaderElection.java:logAndReturn(89)) - bda778da-51f4-4847-bee0-b4babae878aa@group-914A9C454EC2-LeaderElection13: ELECTION REJECTED received 2 response(s) and 0 exception(s):
2021-05-31 14:16:50,162 [bda778da-51f4-4847-bee0-b4babae878aa@group-914A9C454EC2-LeaderElection13] INFO  impl.LeaderElection (LeaderElection.java:logAndReturn(93)) -   Response 0: bda778da-51f4-4847-bee0-b4babae878aa<-21f06eab-63c8-43fd-b305-f7c41bc87438#0:OK-t3
2021-05-31 14:16:50,162 [bda778da-51f4-4847-bee0-b4babae878aa@group-914A9C454EC2-LeaderElection13] INFO  impl.LeaderElection (LeaderElection.java:logAndReturn(93)) -   Response 1: bda778da-51f4-4847-bee0-b4babae878aa<-e4951dd4-f4df-4d2e-bd67-fe61550133c1#0:FAIL-t3
2021-05-31 14:16:50,162 [bda778da-51f4-4847-bee0-b4babae878aa@group-914A9C454EC2-LeaderElection13] INFO  impl.LeaderElection (LeaderElection.java:askForVotes(308)) - bda778da-51f4-4847-bee0-b4babae878aa@group-914A9C454EC2-LeaderElection13 ELECTION round 0: result REJECTED
2021-05-31 14:16:50,162 [bda778da-51f4-4847-bee0-b4babae878aa@group-914A9C454EC2-LeaderElection13] INFO  server.RaftServer$Division (RaftServerImpl.java:setRole(284)) - bda778da-51f4-4847-bee0-b4babae878aa@group-914A9C454EC2: changes role from CANDIDATE to FOLLOWER at term 3 for REJECTED
2021-05-31 14:16:50,162 [bda778da-51f4-4847-bee0-b4babae878aa@group-914A9C454EC2-LeaderElection13] INFO  impl.RoleInfo (RoleInfo.java:shutdownLeaderElection(121)) - bda778da-51f4-4847-bee0-b4babae878aa: shutdown bda778da-51f4-4847-bee0-b4babae878aa@group-914A9C454EC2-LeaderElection13
2021-05-31 14:16:50,162 [bda778da-51f4-4847-bee0-b4babae878aa@group-914A9C454EC2-LeaderElection13] INFO  impl.RoleInfo (RoleInfo.java:updateAndGet(130)) - bda778da-51f4-4847-bee0-b4babae878aa: start bda778da-51f4-4847-bee0-b4babae878aa@group-914A9C454EC2-FollowerState
2021-05-31 14:16:50,610 [Datanode State Machine Thread - 0] ERROR datanode.RunningDatanodeState (RunningDatanodeState.java:computeNextContainerState(199)) - Error in executing end point task.
java.util.concurrent.ExecutionException: java.util.concurrent.TimeoutException
	at java.util.concurrent.FutureTask.report(FutureTask.java:122)
	at java.util.concurrent.FutureTask.get(FutureTask.java:192)
	at org.apache.hadoop.ozone.container.common.states.datanode.RunningDatanodeState.computeNextContainerState(RunningDatanodeState.java:191)
	at org.apache.hadoop.ozone.container.common.states.datanode.RunningDatanodeState.await(RunningDatanodeState.java:231)
	at org.apache.hadoop.ozone.container.common.states.datanode.RunningDatanodeState.await(RunningDatanodeState.java:50)
	at org.apache.hadoop.ozone.container.common.statemachine.StateContext.execute(StateContext.java:579)
	at org.apache.hadoop.ozone.container.common.statemachine.DatanodeStateMachine.start(DatanodeStateMachine.java:233)
	at org.apache.hadoop.ozone.container.common.statemachine.DatanodeStateMachine.lambda$startDaemon$0(DatanodeStateMachine.java:416)
	at java.lang.Thread.run(Thread.java:748)
Caused by: java.util.concurrent.TimeoutException
	at java.util.concurrent.FutureTask.get(FutureTask.java:205)
	at org.apache.hadoop.ozone.container.common.states.datanode.RunningDatanodeState.lambda$execute$0(RunningDatanodeState.java:149)
	at java.util.concurrent.FutureTask.run(FutureTask.java:266)
	at java.util.concurrent.Executors$RunnableAdapter.call(Executors.java:511)
	at java.util.concurrent.FutureTask.run(FutureTask.java:266)
	at java.util.concurrent.ThreadPoolExecutor.runWorker(ThreadPoolExecutor.java:1149)
	at java.util.concurrent.ThreadPoolExecutor$Worker.run(ThreadPoolExecutor.java:624)
	... 1 more
2021-05-31 14:16:50,619 [EventQueue-PipelineReportForOneReplicaPipelineSafeModeRule] INFO  safemode.SCMSafeModeManager (SCMSafeModeManager.java:validateSafeModeExitRules(201)) - AtleastOneDatanodeReportedRule rule is successfully validated
2021-05-31 14:16:50,620 [EventQueue-OpenPipelineForHealthyPipelineSafeModeRule] INFO  safemode.SCMSafeModeManager (HealthyPipelineSafeModeRule.java:process(130)) - SCM in safe mode. Healthy pipelines reported count is 0, required healthy pipeline reported count is 1
2021-05-31 14:16:50,620 [EventQueue-PipelineReportForOneReplicaPipelineSafeModeRule] INFO  safemode.SCMSafeModeManager (SCMSafeModeManager.java:validateSafeModeExitRules(201)) - AtleastOneDatanodeReportedRule rule is successfully validated
2021-05-31 14:16:50,620 [EventQueue-OpenPipelineForHealthyPipelineSafeModeRule] INFO  safemode.SCMSafeModeManager (HealthyPipelineSafeModeRule.java:process(130)) - SCM in safe mode. Healthy pipelines reported count is 0, required healthy pipeline reported count is 1
2021-05-31 14:16:50,781 [Listener at 127.0.0.1/11372] INFO  ozone.MiniOzoneClusterImpl (MiniOzoneClusterImpl.java:lambda$waitForClusterToBeReady$0(224)) - Nodes are ready. Got 3 of 3 DN Heartbeats.
2021-05-31 14:16:50,782 [Listener at 127.0.0.1/11372] INFO  ozone.MiniOzoneClusterImpl (MiniOzoneClusterImpl.java:lambda$waitForClusterToBeReady$0(227)) - Waiting for cluster to exit safe mode
2021-05-31 14:16:50,782 [Listener at 127.0.0.1/11372] INFO  ozone.MiniOzoneClusterImpl (MiniOzoneClusterImpl.java:lambda$waitForClusterToBeReady$0(230)) - SCM became leader
2021-05-31 14:16:50,820 [EventQueue-OpenPipelineForHealthyPipelineSafeModeRule] INFO  safemode.SCMSafeModeManager (HealthyPipelineSafeModeRule.java:process(130)) - SCM in safe mode. Healthy pipelines reported count is 0, required healthy pipeline reported count is 1
2021-05-31 14:16:50,820 [EventQueue-PipelineReportForOneReplicaPipelineSafeModeRule] INFO  safemode.SCMSafeModeManager (SCMSafeModeManager.java:validateSafeModeExitRules(201)) - AtleastOneDatanodeReportedRule rule is successfully validated
2021-05-31 14:16:50,822 [EventQueue-PipelineReportForOneReplicaPipelineSafeModeRule] INFO  safemode.SCMSafeModeManager (SCMSafeModeManager.java:validateSafeModeExitRules(201)) - AtleastOneDatanodeReportedRule rule is successfully validated
2021-05-31 14:16:50,822 [EventQueue-OpenPipelineForHealthyPipelineSafeModeRule] INFO  safemode.SCMSafeModeManager (HealthyPipelineSafeModeRule.java:process(130)) - SCM in safe mode. Healthy pipelines reported count is 0, required healthy pipeline reported count is 1
2021-05-31 14:16:51,106 [Datanode State Machine Thread - 0] ERROR datanode.RunningDatanodeState (RunningDatanodeState.java:computeNextContainerState(199)) - Error in executing end point task.
java.util.concurrent.ExecutionException: java.util.concurrent.TimeoutException
	at java.util.concurrent.FutureTask.report(FutureTask.java:122)
	at java.util.concurrent.FutureTask.get(FutureTask.java:192)
	at org.apache.hadoop.ozone.container.common.states.datanode.RunningDatanodeState.computeNextContainerState(RunningDatanodeState.java:191)
	at org.apache.hadoop.ozone.container.common.states.datanode.RunningDatanodeState.await(RunningDatanodeState.java:231)
	at org.apache.hadoop.ozone.container.common.states.datanode.RunningDatanodeState.await(RunningDatanodeState.java:50)
	at org.apache.hadoop.ozone.container.common.statemachine.StateContext.execute(StateContext.java:579)
	at org.apache.hadoop.ozone.container.common.statemachine.DatanodeStateMachine.start(DatanodeStateMachine.java:233)
	at org.apache.hadoop.ozone.container.common.statemachine.DatanodeStateMachine.lambda$startDaemon$0(DatanodeStateMachine.java:416)
	at java.lang.Thread.run(Thread.java:748)
Caused by: java.util.concurrent.TimeoutException
	at java.util.concurrent.FutureTask.get(FutureTask.java:205)
	at org.apache.hadoop.ozone.container.common.states.datanode.RunningDatanodeState.lambda$execute$0(RunningDatanodeState.java:149)
	at java.util.concurrent.FutureTask.run(FutureTask.java:266)
	at java.util.concurrent.Executors$RunnableAdapter.call(Executors.java:511)
	at java.util.concurrent.FutureTask.run(FutureTask.java:266)
	at java.util.concurrent.ThreadPoolExecutor.runWorker(ThreadPoolExecutor.java:1149)
	at java.util.concurrent.ThreadPoolExecutor$Worker.run(ThreadPoolExecutor.java:624)
	... 1 more
2021-05-31 14:16:51,112 [EventQueue-PipelineReportForOneReplicaPipelineSafeModeRule] INFO  safemode.SCMSafeModeManager (SCMSafeModeManager.java:validateSafeModeExitRules(201)) - AtleastOneDatanodeReportedRule rule is successfully validated
2021-05-31 14:16:51,112 [EventQueue-OpenPipelineForHealthyPipelineSafeModeRule] INFO  safemode.SCMSafeModeManager (HealthyPipelineSafeModeRule.java:process(130)) - SCM in safe mode. Healthy pipelines reported count is 0, required healthy pipeline reported count is 1
2021-05-31 14:16:51,113 [EventQueue-PipelineReportForOneReplicaPipelineSafeModeRule] INFO  safemode.SCMSafeModeManager (SCMSafeModeManager.java:validateSafeModeExitRules(201)) - AtleastOneDatanodeReportedRule rule is successfully validated
2021-05-31 14:16:51,113 [EventQueue-OpenPipelineForHealthyPipelineSafeModeRule] INFO  safemode.SCMSafeModeManager (HealthyPipelineSafeModeRule.java:process(130)) - SCM in safe mode. Healthy pipelines reported count is 0, required healthy pipeline reported count is 1
2021-05-31 14:16:51,614 [EventQueue-PipelineReportForOneReplicaPipelineSafeModeRule] INFO  safemode.SCMSafeModeManager (SCMSafeModeManager.java:validateSafeModeExitRules(201)) - AtleastOneDatanodeReportedRule rule is successfully validated
2021-05-31 14:16:51,614 [EventQueue-OpenPipelineForHealthyPipelineSafeModeRule] INFO  safemode.SCMSafeModeManager (HealthyPipelineSafeModeRule.java:process(130)) - SCM in safe mode. Healthy pipelines reported count is 0, required healthy pipeline reported count is 1
2021-05-31 14:16:51,615 [EventQueue-OpenPipelineForHealthyPipelineSafeModeRule] INFO  safemode.SCMSafeModeManager (HealthyPipelineSafeModeRule.java:process(130)) - SCM in safe mode. Healthy pipelines reported count is 0, required healthy pipeline reported count is 1
2021-05-31 14:16:51,614 [EventQueue-PipelineReportForOneReplicaPipelineSafeModeRule] INFO  safemode.SCMSafeModeManager (SCMSafeModeManager.java:validateSafeModeExitRules(201)) - AtleastOneDatanodeReportedRule rule is successfully validated
2021-05-31 14:16:51,782 [Listener at 127.0.0.1/11372] INFO  ozone.MiniOzoneClusterImpl (MiniOzoneClusterImpl.java:lambda$waitForClusterToBeReady$0(224)) - Nodes are ready. Got 3 of 3 DN Heartbeats.
2021-05-31 14:16:51,783 [Listener at 127.0.0.1/11372] INFO  ozone.MiniOzoneClusterImpl (MiniOzoneClusterImpl.java:lambda$waitForClusterToBeReady$0(227)) - Waiting for cluster to exit safe mode
2021-05-31 14:16:51,783 [Listener at 127.0.0.1/11372] INFO  ozone.MiniOzoneClusterImpl (MiniOzoneClusterImpl.java:lambda$waitForClusterToBeReady$0(230)) - SCM became leader
2021-05-31 14:16:51,820 [EventQueue-PipelineReportForOneReplicaPipelineSafeModeRule] INFO  safemode.SCMSafeModeManager (SCMSafeModeManager.java:validateSafeModeExitRules(201)) - AtleastOneDatanodeReportedRule rule is successfully validated
2021-05-31 14:16:51,820 [EventQueue-OpenPipelineForHealthyPipelineSafeModeRule] INFO  safemode.SCMSafeModeManager (HealthyPipelineSafeModeRule.java:process(130)) - SCM in safe mode. Healthy pipelines reported count is 0, required healthy pipeline reported count is 1
2021-05-31 14:16:51,820 [EventQueue-PipelineReportForOneReplicaPipelineSafeModeRule] INFO  safemode.SCMSafeModeManager (SCMSafeModeManager.java:validateSafeModeExitRules(201)) - AtleastOneDatanodeReportedRule rule is successfully validated
2021-05-31 14:16:51,820 [EventQueue-OpenPipelineForHealthyPipelineSafeModeRule] INFO  safemode.SCMSafeModeManager (HealthyPipelineSafeModeRule.java:process(130)) - SCM in safe mode. Healthy pipelines reported count is 0, required healthy pipeline reported count is 1
2021-05-31 14:16:52,111 [EventQueue-PipelineReportForOneReplicaPipelineSafeModeRule] INFO  safemode.SCMSafeModeManager (SCMSafeModeManager.java:validateSafeModeExitRules(201)) - AtleastOneDatanodeReportedRule rule is successfully validated
2021-05-31 14:16:52,112 [EventQueue-OpenPipelineForHealthyPipelineSafeModeRule] INFO  safemode.SCMSafeModeManager (HealthyPipelineSafeModeRule.java:process(130)) - SCM in safe mode. Healthy pipelines reported count is 0, required healthy pipeline reported count is 1
2021-05-31 14:16:52,112 [EventQueue-OpenPipelineForHealthyPipelineSafeModeRule] INFO  safemode.SCMSafeModeManager (HealthyPipelineSafeModeRule.java:process(130)) - SCM in safe mode. Healthy pipelines reported count is 0, required healthy pipeline reported count is 1
2021-05-31 14:16:52,112 [EventQueue-PipelineReportForOneReplicaPipelineSafeModeRule] INFO  safemode.SCMSafeModeManager (SCMSafeModeManager.java:validateSafeModeExitRules(201)) - AtleastOneDatanodeReportedRule rule is successfully validated
2021-05-31 14:16:52,614 [EventQueue-PipelineReportForOneReplicaPipelineSafeModeRule] INFO  safemode.SCMSafeModeManager (SCMSafeModeManager.java:validateSafeModeExitRules(201)) - AtleastOneDatanodeReportedRule rule is successfully validated
2021-05-31 14:16:52,614 [EventQueue-PipelineReportForOneReplicaPipelineSafeModeRule] INFO  safemode.SCMSafeModeManager (SCMSafeModeManager.java:validateSafeModeExitRules(201)) - AtleastOneDatanodeReportedRule rule is successfully validated
2021-05-31 14:16:52,614 [EventQueue-OpenPipelineForHealthyPipelineSafeModeRule] INFO  safemode.SCMSafeModeManager (HealthyPipelineSafeModeRule.java:process(130)) - SCM in safe mode. Healthy pipelines reported count is 0, required healthy pipeline reported count is 1
2021-05-31 14:16:52,614 [EventQueue-OpenPipelineForHealthyPipelineSafeModeRule] INFO  safemode.SCMSafeModeManager (HealthyPipelineSafeModeRule.java:process(130)) - SCM in safe mode. Healthy pipelines reported count is 0, required healthy pipeline reported count is 1
2021-05-31 14:16:52,783 [Listener at 127.0.0.1/11372] INFO  ozone.MiniOzoneClusterImpl (MiniOzoneClusterImpl.java:lambda$waitForClusterToBeReady$0(224)) - Nodes are ready. Got 3 of 3 DN Heartbeats.
2021-05-31 14:16:52,784 [Listener at 127.0.0.1/11372] INFO  ozone.MiniOzoneClusterImpl (MiniOzoneClusterImpl.java:lambda$waitForClusterToBeReady$0(227)) - Waiting for cluster to exit safe mode
2021-05-31 14:16:52,784 [Listener at 127.0.0.1/11372] INFO  ozone.MiniOzoneClusterImpl (MiniOzoneClusterImpl.java:lambda$waitForClusterToBeReady$0(230)) - SCM became leader
2021-05-31 14:16:52,819 [Datanode State Machine Thread - 0] ERROR datanode.RunningDatanodeState (RunningDatanodeState.java:computeNextContainerState(199)) - Error in executing end point task.
java.util.concurrent.ExecutionException: java.util.concurrent.TimeoutException
	at java.util.concurrent.FutureTask.report(FutureTask.java:122)
	at java.util.concurrent.FutureTask.get(FutureTask.java:192)
	at org.apache.hadoop.ozone.container.common.states.datanode.RunningDatanodeState.computeNextContainerState(RunningDatanodeState.java:191)
	at org.apache.hadoop.ozone.container.common.states.datanode.RunningDatanodeState.await(RunningDatanodeState.java:231)
	at org.apache.hadoop.ozone.container.common.states.datanode.RunningDatanodeState.await(RunningDatanodeState.java:50)
	at org.apache.hadoop.ozone.container.common.statemachine.StateContext.execute(StateContext.java:579)
	at org.apache.hadoop.ozone.container.common.statemachine.DatanodeStateMachine.start(DatanodeStateMachine.java:233)
	at org.apache.hadoop.ozone.container.common.statemachine.DatanodeStateMachine.lambda$startDaemon$0(DatanodeStateMachine.java:416)
	at java.lang.Thread.run(Thread.java:748)
Caused by: java.util.concurrent.TimeoutException
	at java.util.concurrent.FutureTask.get(FutureTask.java:205)
	at org.apache.hadoop.ozone.container.common.states.datanode.RunningDatanodeState.lambda$execute$0(RunningDatanodeState.java:149)
	at java.util.concurrent.FutureTask.run(FutureTask.java:266)
	at java.util.concurrent.Executors$RunnableAdapter.call(Executors.java:511)
	at java.util.concurrent.FutureTask.run(FutureTask.java:266)
	at java.util.concurrent.ThreadPoolExecutor.runWorker(ThreadPoolExecutor.java:1149)
	at java.util.concurrent.ThreadPoolExecutor$Worker.run(ThreadPoolExecutor.java:624)
	... 1 more
2021-05-31 14:16:52,822 [EventQueue-PipelineReportForOneReplicaPipelineSafeModeRule] INFO  safemode.SCMSafeModeManager (SCMSafeModeManager.java:validateSafeModeExitRules(201)) - AtleastOneDatanodeReportedRule rule is successfully validated
2021-05-31 14:16:52,822 [EventQueue-PipelineReportForOneReplicaPipelineSafeModeRule] INFO  safemode.SCMSafeModeManager (SCMSafeModeManager.java:validateSafeModeExitRules(201)) - AtleastOneDatanodeReportedRule rule is successfully validated
2021-05-31 14:16:52,822 [EventQueue-OpenPipelineForHealthyPipelineSafeModeRule] INFO  safemode.SCMSafeModeManager (HealthyPipelineSafeModeRule.java:process(130)) - SCM in safe mode. Healthy pipelines reported count is 0, required healthy pipeline reported count is 1
2021-05-31 14:16:52,822 [EventQueue-OpenPipelineForHealthyPipelineSafeModeRule] INFO  safemode.SCMSafeModeManager (HealthyPipelineSafeModeRule.java:process(130)) - SCM in safe mode. Healthy pipelines reported count is 0, required healthy pipeline reported count is 1
2021-05-31 14:16:53,111 [EventQueue-PipelineReportForOneReplicaPipelineSafeModeRule] INFO  safemode.SCMSafeModeManager (SCMSafeModeManager.java:validateSafeModeExitRules(201)) - AtleastOneDatanodeReportedRule rule is successfully validated
2021-05-31 14:16:53,111 [EventQueue-PipelineReportForOneReplicaPipelineSafeModeRule] INFO  safemode.SCMSafeModeManager (SCMSafeModeManager.java:validateSafeModeExitRules(201)) - AtleastOneDatanodeReportedRule rule is successfully validated
2021-05-31 14:16:53,111 [EventQueue-OpenPipelineForHealthyPipelineSafeModeRule] INFO  safemode.SCMSafeModeManager (HealthyPipelineSafeModeRule.java:process(130)) - SCM in safe mode. Healthy pipelines reported count is 0, required healthy pipeline reported count is 1
2021-05-31 14:16:53,112 [EventQueue-OpenPipelineForHealthyPipelineSafeModeRule] INFO  safemode.SCMSafeModeManager (HealthyPipelineSafeModeRule.java:process(130)) - SCM in safe mode. Healthy pipelines reported count is 0, required healthy pipeline reported count is 1
2021-05-31 14:16:53,614 [EventQueue-OpenPipelineForHealthyPipelineSafeModeRule] INFO  safemode.SCMSafeModeManager (HealthyPipelineSafeModeRule.java:process(130)) - SCM in safe mode. Healthy pipelines reported count is 0, required healthy pipeline reported count is 1
2021-05-31 14:16:53,614 [EventQueue-PipelineReportForOneReplicaPipelineSafeModeRule] INFO  safemode.SCMSafeModeManager (SCMSafeModeManager.java:validateSafeModeExitRules(201)) - AtleastOneDatanodeReportedRule rule is successfully validated
2021-05-31 14:16:53,614 [EventQueue-PipelineReportForOneReplicaPipelineSafeModeRule] INFO  safemode.SCMSafeModeManager (SCMSafeModeManager.java:validateSafeModeExitRules(201)) - AtleastOneDatanodeReportedRule rule is successfully validated
2021-05-31 14:16:53,614 [EventQueue-OpenPipelineForHealthyPipelineSafeModeRule] INFO  safemode.SCMSafeModeManager (HealthyPipelineSafeModeRule.java:process(130)) - SCM in safe mode. Healthy pipelines reported count is 0, required healthy pipeline reported count is 1
2021-05-31 14:16:53,784 [Listener at 127.0.0.1/11372] INFO  ozone.MiniOzoneClusterImpl (MiniOzoneClusterImpl.java:lambda$waitForClusterToBeReady$0(224)) - Nodes are ready. Got 3 of 3 DN Heartbeats.
2021-05-31 14:16:53,785 [Listener at 127.0.0.1/11372] INFO  ozone.MiniOzoneClusterImpl (MiniOzoneClusterImpl.java:lambda$waitForClusterToBeReady$0(227)) - Waiting for cluster to exit safe mode
2021-05-31 14:16:53,785 [Listener at 127.0.0.1/11372] INFO  ozone.MiniOzoneClusterImpl (MiniOzoneClusterImpl.java:lambda$waitForClusterToBeReady$0(230)) - SCM became leader
2021-05-31 14:16:53,824 [EventQueue-PipelineReportForOneReplicaPipelineSafeModeRule] INFO  safemode.SCMSafeModeManager (SCMSafeModeManager.java:validateSafeModeExitRules(201)) - AtleastOneDatanodeReportedRule rule is successfully validated
2021-05-31 14:16:53,824 [EventQueue-PipelineReportForOneReplicaPipelineSafeModeRule] INFO  safemode.SCMSafeModeManager (SCMSafeModeManager.java:validateSafeModeExitRules(201)) - AtleastOneDatanodeReportedRule rule is successfully validated
2021-05-31 14:16:53,824 [EventQueue-OpenPipelineForHealthyPipelineSafeModeRule] INFO  safemode.SCMSafeModeManager (HealthyPipelineSafeModeRule.java:process(130)) - SCM in safe mode. Healthy pipelines reported count is 0, required healthy pipeline reported count is 1
2021-05-31 14:16:53,824 [EventQueue-OpenPipelineForHealthyPipelineSafeModeRule] INFO  safemode.SCMSafeModeManager (HealthyPipelineSafeModeRule.java:process(130)) - SCM in safe mode. Healthy pipelines reported count is 0, required healthy pipeline reported count is 1
2021-05-31 14:16:54,110 [Datanode State Machine Thread - 0] ERROR datanode.RunningDatanodeState (RunningDatanodeState.java:computeNextContainerState(199)) - Error in executing end point task.
java.util.concurrent.ExecutionException: java.util.concurrent.TimeoutException
	at java.util.concurrent.FutureTask.report(FutureTask.java:122)
	at java.util.concurrent.FutureTask.get(FutureTask.java:192)
	at org.apache.hadoop.ozone.container.common.states.datanode.RunningDatanodeState.computeNextContainerState(RunningDatanodeState.java:191)
	at org.apache.hadoop.ozone.container.common.states.datanode.RunningDatanodeState.await(RunningDatanodeState.java:231)
	at org.apache.hadoop.ozone.container.common.states.datanode.RunningDatanodeState.await(RunningDatanodeState.java:50)
	at org.apache.hadoop.ozone.container.common.statemachine.StateContext.execute(StateContext.java:579)
	at org.apache.hadoop.ozone.container.common.statemachine.DatanodeStateMachine.start(DatanodeStateMachine.java:233)
	at org.apache.hadoop.ozone.container.common.statemachine.DatanodeStateMachine.lambda$startDaemon$0(DatanodeStateMachine.java:416)
	at java.lang.Thread.run(Thread.java:748)
Caused by: java.util.concurrent.TimeoutException
	at java.util.concurrent.FutureTask.get(FutureTask.java:205)
	at org.apache.hadoop.ozone.container.common.states.datanode.RunningDatanodeState.lambda$execute$0(RunningDatanodeState.java:149)
	at java.util.concurrent.FutureTask.run(FutureTask.java:266)
	at java.util.concurrent.Executors$RunnableAdapter.call(Executors.java:511)
	at java.util.concurrent.FutureTask.run(FutureTask.java:266)
	at java.util.concurrent.ThreadPoolExecutor.runWorker(ThreadPoolExecutor.java:1149)
	at java.util.concurrent.ThreadPoolExecutor$Worker.run(ThreadPoolExecutor.java:624)
	... 1 more
2021-05-31 14:16:54,114 [EventQueue-PipelineReportForOneReplicaPipelineSafeModeRule] INFO  safemode.SCMSafeModeManager (SCMSafeModeManager.java:validateSafeModeExitRules(201)) - AtleastOneDatanodeReportedRule rule is successfully validated
2021-05-31 14:16:54,114 [EventQueue-PipelineReportForOneReplicaPipelineSafeModeRule] INFO  safemode.SCMSafeModeManager (SCMSafeModeManager.java:validateSafeModeExitRules(201)) - AtleastOneDatanodeReportedRule rule is successfully validated
2021-05-31 14:16:54,114 [EventQueue-OpenPipelineForHealthyPipelineSafeModeRule] INFO  safemode.SCMSafeModeManager (HealthyPipelineSafeModeRule.java:process(130)) - SCM in safe mode. Healthy pipelines reported count is 0, required healthy pipeline reported count is 1
2021-05-31 14:16:54,114 [EventQueue-OpenPipelineForHealthyPipelineSafeModeRule] INFO  safemode.SCMSafeModeManager (HealthyPipelineSafeModeRule.java:process(130)) - SCM in safe mode. Healthy pipelines reported count is 0, required healthy pipeline reported count is 1
2021-05-31 14:16:54,613 [Datanode State Machine Thread - 0] ERROR datanode.RunningDatanodeState (RunningDatanodeState.java:computeNextContainerState(199)) - Error in executing end point task.
java.util.concurrent.ExecutionException: java.util.concurrent.TimeoutException
	at java.util.concurrent.FutureTask.report(FutureTask.java:122)
	at java.util.concurrent.FutureTask.get(FutureTask.java:192)
	at org.apache.hadoop.ozone.container.common.states.datanode.RunningDatanodeState.computeNextContainerState(RunningDatanodeState.java:191)
	at org.apache.hadoop.ozone.container.common.states.datanode.RunningDatanodeState.await(RunningDatanodeState.java:231)
	at org.apache.hadoop.ozone.container.common.states.datanode.RunningDatanodeState.await(RunningDatanodeState.java:50)
	at org.apache.hadoop.ozone.container.common.statemachine.StateContext.execute(StateContext.java:579)
	at org.apache.hadoop.ozone.container.common.statemachine.DatanodeStateMachine.start(DatanodeStateMachine.java:233)
	at org.apache.hadoop.ozone.container.common.statemachine.DatanodeStateMachine.lambda$startDaemon$0(DatanodeStateMachine.java:416)
	at java.lang.Thread.run(Thread.java:748)
Caused by: java.util.concurrent.TimeoutException
	at java.util.concurrent.FutureTask.get(FutureTask.java:205)
	at org.apache.hadoop.ozone.container.common.states.datanode.RunningDatanodeState.lambda$execute$0(RunningDatanodeState.java:149)
	at java.util.concurrent.FutureTask.run(FutureTask.java:266)
	at java.util.concurrent.Executors$RunnableAdapter.call(Executors.java:511)
	at java.util.concurrent.FutureTask.run(FutureTask.java:266)
	at java.util.concurrent.ThreadPoolExecutor.runWorker(ThreadPoolExecutor.java:1149)
	at java.util.concurrent.ThreadPoolExecutor$Worker.run(ThreadPoolExecutor.java:624)
	... 1 more
2021-05-31 14:16:54,615 [EventQueue-OpenPipelineForHealthyPipelineSafeModeRule] INFO  safemode.SCMSafeModeManager (HealthyPipelineSafeModeRule.java:process(130)) - SCM in safe mode. Healthy pipelines reported count is 0, required healthy pipeline reported count is 1
2021-05-31 14:16:54,616 [EventQueue-PipelineReportForOneReplicaPipelineSafeModeRule] INFO  safemode.SCMSafeModeManager (SCMSafeModeManager.java:validateSafeModeExitRules(201)) - AtleastOneDatanodeReportedRule rule is successfully validated
2021-05-31 14:16:54,616 [EventQueue-PipelineReportForOneReplicaPipelineSafeModeRule] INFO  safemode.SCMSafeModeManager (SCMSafeModeManager.java:validateSafeModeExitRules(201)) - AtleastOneDatanodeReportedRule rule is successfully validated
2021-05-31 14:16:54,616 [EventQueue-OpenPipelineForHealthyPipelineSafeModeRule] INFO  safemode.SCMSafeModeManager (HealthyPipelineSafeModeRule.java:process(130)) - SCM in safe mode. Healthy pipelines reported count is 0, required healthy pipeline reported count is 1
2021-05-31 14:16:54,785 [Listener at 127.0.0.1/11372] INFO  ozone.MiniOzoneClusterImpl (MiniOzoneClusterImpl.java:lambda$waitForClusterToBeReady$0(224)) - Nodes are ready. Got 3 of 3 DN Heartbeats.
2021-05-31 14:16:54,786 [Listener at 127.0.0.1/11372] INFO  ozone.MiniOzoneClusterImpl (MiniOzoneClusterImpl.java:lambda$waitForClusterToBeReady$0(227)) - Waiting for cluster to exit safe mode
2021-05-31 14:16:54,786 [Listener at 127.0.0.1/11372] INFO  ozone.MiniOzoneClusterImpl (MiniOzoneClusterImpl.java:lambda$waitForClusterToBeReady$0(230)) - SCM became leader
2021-05-31 14:16:54,822 [Datanode State Machine Thread - 0] ERROR datanode.RunningDatanodeState (RunningDatanodeState.java:computeNextContainerState(199)) - Error in executing end point task.
java.util.concurrent.ExecutionException: java.util.concurrent.TimeoutException
	at java.util.concurrent.FutureTask.report(FutureTask.java:122)
	at java.util.concurrent.FutureTask.get(FutureTask.java:192)
	at org.apache.hadoop.ozone.container.common.states.datanode.RunningDatanodeState.computeNextContainerState(RunningDatanodeState.java:191)
	at org.apache.hadoop.ozone.container.common.states.datanode.RunningDatanodeState.await(RunningDatanodeState.java:231)
	at org.apache.hadoop.ozone.container.common.states.datanode.RunningDatanodeState.await(RunningDatanodeState.java:50)
	at org.apache.hadoop.ozone.container.common.statemachine.StateContext.execute(StateContext.java:579)
	at org.apache.hadoop.ozone.container.common.statemachine.DatanodeStateMachine.start(DatanodeStateMachine.java:233)
	at org.apache.hadoop.ozone.container.common.statemachine.DatanodeStateMachine.lambda$startDaemon$0(DatanodeStateMachine.java:416)
	at java.lang.Thread.run(Thread.java:748)
Caused by: java.util.concurrent.TimeoutException
	at java.util.concurrent.FutureTask.get(FutureTask.java:205)
	at org.apache.hadoop.ozone.container.common.states.datanode.RunningDatanodeState.lambda$execute$0(RunningDatanodeState.java:149)
	at java.util.concurrent.FutureTask.run(FutureTask.java:266)
	at java.util.concurrent.Executors$RunnableAdapter.call(Executors.java:511)
	at java.util.concurrent.FutureTask.run(FutureTask.java:266)
	at java.util.concurrent.ThreadPoolExecutor.runWorker(ThreadPoolExecutor.java:1149)
	at java.util.concurrent.ThreadPoolExecutor$Worker.run(ThreadPoolExecutor.java:624)
	... 1 more
2021-05-31 14:16:54,828 [EventQueue-OpenPipelineForHealthyPipelineSafeModeRule] INFO  safemode.SCMSafeModeManager (HealthyPipelineSafeModeRule.java:process(130)) - SCM in safe mode. Healthy pipelines reported count is 0, required healthy pipeline reported count is 1
2021-05-31 14:16:54,828 [EventQueue-OpenPipelineForHealthyPipelineSafeModeRule] INFO  safemode.SCMSafeModeManager (HealthyPipelineSafeModeRule.java:process(130)) - SCM in safe mode. Healthy pipelines reported count is 0, required healthy pipeline reported count is 1
2021-05-31 14:16:54,830 [EventQueue-PipelineReportForOneReplicaPipelineSafeModeRule] INFO  safemode.SCMSafeModeManager (SCMSafeModeManager.java:validateSafeModeExitRules(201)) - AtleastOneDatanodeReportedRule rule is successfully validated
2021-05-31 14:16:54,830 [EventQueue-PipelineReportForOneReplicaPipelineSafeModeRule] INFO  safemode.SCMSafeModeManager (SCMSafeModeManager.java:validateSafeModeExitRules(201)) - AtleastOneDatanodeReportedRule rule is successfully validated
2021-05-31 14:16:54,892 [21f06eab-63c8-43fd-b305-f7c41bc87438@group-249122FFF215-FollowerState] INFO  impl.FollowerState (FollowerState.java:run(134)) - 21f06eab-63c8-43fd-b305-f7c41bc87438@group-249122FFF215-FollowerState: change to CANDIDATE, lastRpcElapsedTime:5036069569ns, electionTimeout:5035ms
2021-05-31 14:16:54,892 [21f06eab-63c8-43fd-b305-f7c41bc87438@group-249122FFF215-FollowerState] INFO  impl.RoleInfo (RoleInfo.java:shutdownFollowerState(108)) - 21f06eab-63c8-43fd-b305-f7c41bc87438: shutdown 21f06eab-63c8-43fd-b305-f7c41bc87438@group-249122FFF215-FollowerState
2021-05-31 14:16:54,892 [21f06eab-63c8-43fd-b305-f7c41bc87438@group-249122FFF215-FollowerState] INFO  server.RaftServer$Division (RaftServerImpl.java:setRole(284)) - 21f06eab-63c8-43fd-b305-f7c41bc87438@group-249122FFF215: changes role from  FOLLOWER to CANDIDATE at term 3 for changeToCandidate
2021-05-31 14:16:54,892 [21f06eab-63c8-43fd-b305-f7c41bc87438@group-249122FFF215-FollowerState] INFO  server.RaftServerConfigKeys (ConfUtils.java:logGet(44)) - raft.server.leaderelection.pre-vote = false (custom)
2021-05-31 14:16:54,892 [21f06eab-63c8-43fd-b305-f7c41bc87438@group-249122FFF215-FollowerState] INFO  impl.RoleInfo (RoleInfo.java:updateAndGet(130)) - 21f06eab-63c8-43fd-b305-f7c41bc87438: start 21f06eab-63c8-43fd-b305-f7c41bc87438@group-249122FFF215-LeaderElection14
2021-05-31 14:16:54,895 [21f06eab-63c8-43fd-b305-f7c41bc87438@group-249122FFF215-LeaderElection14] INFO  impl.LeaderElection (LeaderElection.java:askForVotes(306)) - 21f06eab-63c8-43fd-b305-f7c41bc87438@group-249122FFF215-LeaderElection14 ELECTION round 0: submit vote requests at term 4 for -1: [21f06eab-63c8-43fd-b305-f7c41bc87438|rpc:127.0.0.1:43533|dataStream:|priority:0, e4951dd4-f4df-4d2e-bd67-fe61550133c1|rpc:127.0.0.1:42453|dataStream:|priority:0, bda778da-51f4-4847-bee0-b4babae878aa|rpc:127.0.0.1:32951|dataStream:|priority:1], old=null
2021-05-31 14:16:54,902 [grpc-default-executor-0] INFO  server.RaftServer$Division (RaftServerImpl.java:requestVote(1042)) - e4951dd4-f4df-4d2e-bd67-fe61550133c1@group-249122FFF215: receive requestVote(ELECTION, 21f06eab-63c8-43fd-b305-f7c41bc87438, group-249122FFF215, 4, (t:0, i:0))
2021-05-31 14:16:54,902 [grpc-default-executor-0] INFO  impl.VoteContext (VoteContext.java:log(48)) - e4951dd4-f4df-4d2e-bd67-fe61550133c1@group-249122FFF215-FOLLOWER: accept ELECTION from 21f06eab-63c8-43fd-b305-f7c41bc87438: our priority 0 <= candidate's priority 0
2021-05-31 14:16:54,902 [grpc-default-executor-0] INFO  server.RaftServer$Division (RaftServerImpl.java:setRole(284)) - e4951dd4-f4df-4d2e-bd67-fe61550133c1@group-249122FFF215: changes role from  FOLLOWER to FOLLOWER at term 4 for candidate:21f06eab-63c8-43fd-b305-f7c41bc87438
2021-05-31 14:16:54,902 [grpc-default-executor-0] INFO  impl.RoleInfo (RoleInfo.java:shutdownFollowerState(108)) - e4951dd4-f4df-4d2e-bd67-fe61550133c1: shutdown e4951dd4-f4df-4d2e-bd67-fe61550133c1@group-249122FFF215-FollowerState
2021-05-31 14:16:54,902 [grpc-default-executor-0] INFO  impl.RoleInfo (RoleInfo.java:updateAndGet(130)) - e4951dd4-f4df-4d2e-bd67-fe61550133c1: start e4951dd4-f4df-4d2e-bd67-fe61550133c1@group-249122FFF215-FollowerState
2021-05-31 14:16:54,903 [e4951dd4-f4df-4d2e-bd67-fe61550133c1@group-249122FFF215-FollowerState] INFO  impl.FollowerState (FollowerState.java:run(143)) - e4951dd4-f4df-4d2e-bd67-fe61550133c1@group-249122FFF215-FollowerState was interrupted: {}
java.lang.InterruptedException: sleep interrupted
	at java.lang.Thread.sleep(Native Method)
	at java.lang.Thread.sleep(Thread.java:340)
	at java.util.concurrent.TimeUnit.sleep(TimeUnit.java:386)
	at org.apache.ratis.util.TimeDuration.sleep(TimeDuration.java:324)
	at org.apache.ratis.util.TimeDuration.sleep(TimeDuration.java:309)
	at org.apache.ratis.server.impl.FollowerState.run(FollowerState.java:118)
2021-05-31 14:16:54,904 [grpc-default-executor-0] INFO  server.RaftServer$Division (RaftServerImpl.java:requestVote(1074)) - e4951dd4-f4df-4d2e-bd67-fe61550133c1@group-249122FFF215 replies to ELECTION vote request: 21f06eab-63c8-43fd-b305-f7c41bc87438<-e4951dd4-f4df-4d2e-bd67-fe61550133c1#0:OK-t4. Peer's state: e4951dd4-f4df-4d2e-bd67-fe61550133c1@group-249122FFF215:t4, leader=null, voted=21f06eab-63c8-43fd-b305-f7c41bc87438, raftlog=e4951dd4-f4df-4d2e-bd67-fe61550133c1@group-249122FFF215-SegmentedRaftLog:OPENED:c-1,f-1,i0, conf=-1: [21f06eab-63c8-43fd-b305-f7c41bc87438|rpc:127.0.0.1:43533|priority:0, e4951dd4-f4df-4d2e-bd67-fe61550133c1|rpc:127.0.0.1:42453|priority:0, bda778da-51f4-4847-bee0-b4babae878aa|rpc:127.0.0.1:32951|priority:1], old=null
2021-05-31 14:16:54,907 [grpc-default-executor-1] INFO  server.RaftServer$Division (RaftServerImpl.java:requestVote(1042)) - bda778da-51f4-4847-bee0-b4babae878aa@group-249122FFF215: receive requestVote(ELECTION, 21f06eab-63c8-43fd-b305-f7c41bc87438, group-249122FFF215, 4, (t:0, i:0))
2021-05-31 14:16:54,908 [grpc-default-executor-1] INFO  impl.VoteContext (VoteContext.java:log(48)) - bda778da-51f4-4847-bee0-b4babae878aa@group-249122FFF215-FOLLOWER: reject ELECTION from 21f06eab-63c8-43fd-b305-f7c41bc87438: our priority 1 > candidate's priority 0
2021-05-31 14:16:54,908 [grpc-default-executor-1] INFO  server.RaftServer$Division (RaftServerImpl.java:setRole(284)) - bda778da-51f4-4847-bee0-b4babae878aa@group-249122FFF215: changes role from  FOLLOWER to FOLLOWER at term 4 for candidate:21f06eab-63c8-43fd-b305-f7c41bc87438
2021-05-31 14:16:54,908 [grpc-default-executor-1] INFO  impl.RoleInfo (RoleInfo.java:shutdownFollowerState(108)) - bda778da-51f4-4847-bee0-b4babae878aa: shutdown bda778da-51f4-4847-bee0-b4babae878aa@group-249122FFF215-FollowerState
2021-05-31 14:16:54,908 [grpc-default-executor-1] INFO  impl.RoleInfo (RoleInfo.java:updateAndGet(130)) - bda778da-51f4-4847-bee0-b4babae878aa: start bda778da-51f4-4847-bee0-b4babae878aa@group-249122FFF215-FollowerState
2021-05-31 14:16:54,908 [bda778da-51f4-4847-bee0-b4babae878aa@group-249122FFF215-FollowerState] INFO  impl.FollowerState (FollowerState.java:run(143)) - bda778da-51f4-4847-bee0-b4babae878aa@group-249122FFF215-FollowerState was interrupted: {}
java.lang.InterruptedException: sleep interrupted
	at java.lang.Thread.sleep(Native Method)
	at java.lang.Thread.sleep(Thread.java:340)
	at java.util.concurrent.TimeUnit.sleep(TimeUnit.java:386)
	at org.apache.ratis.util.TimeDuration.sleep(TimeDuration.java:324)
	at org.apache.ratis.util.TimeDuration.sleep(TimeDuration.java:309)
	at org.apache.ratis.server.impl.FollowerState.run(FollowerState.java:118)
2021-05-31 14:16:54,909 [grpc-default-executor-1] INFO  server.RaftServer$Division (RaftServerImpl.java:requestVote(1074)) - bda778da-51f4-4847-bee0-b4babae878aa@group-249122FFF215 replies to ELECTION vote request: 21f06eab-63c8-43fd-b305-f7c41bc87438<-bda778da-51f4-4847-bee0-b4babae878aa#0:FAIL-t4. Peer's state: bda778da-51f4-4847-bee0-b4babae878aa@group-249122FFF215:t4, leader=null, voted=null, raftlog=bda778da-51f4-4847-bee0-b4babae878aa@group-249122FFF215-SegmentedRaftLog:OPENED:c-1,f-1,i0, conf=-1: [21f06eab-63c8-43fd-b305-f7c41bc87438|rpc:127.0.0.1:43533|priority:0, e4951dd4-f4df-4d2e-bd67-fe61550133c1|rpc:127.0.0.1:42453|priority:0, bda778da-51f4-4847-bee0-b4babae878aa|rpc:127.0.0.1:32951|priority:1], old=null
2021-05-31 14:16:54,911 [21f06eab-63c8-43fd-b305-f7c41bc87438@group-249122FFF215-LeaderElection14] INFO  impl.LeaderElection (LeaderElection.java:logAndReturn(89)) - 21f06eab-63c8-43fd-b305-f7c41bc87438@group-249122FFF215-LeaderElection14: ELECTION REJECTED received 2 response(s) and 0 exception(s):
2021-05-31 14:16:54,911 [21f06eab-63c8-43fd-b305-f7c41bc87438@group-249122FFF215-LeaderElection14] INFO  impl.LeaderElection (LeaderElection.java:logAndReturn(93)) -   Response 0: 21f06eab-63c8-43fd-b305-f7c41bc87438<-e4951dd4-f4df-4d2e-bd67-fe61550133c1#0:OK-t4
2021-05-31 14:16:54,911 [21f06eab-63c8-43fd-b305-f7c41bc87438@group-249122FFF215-LeaderElection14] INFO  impl.LeaderElection (LeaderElection.java:logAndReturn(93)) -   Response 1: 21f06eab-63c8-43fd-b305-f7c41bc87438<-bda778da-51f4-4847-bee0-b4babae878aa#0:FAIL-t4
2021-05-31 14:16:54,911 [21f06eab-63c8-43fd-b305-f7c41bc87438@group-249122FFF215-LeaderElection14] INFO  impl.LeaderElection (LeaderElection.java:askForVotes(308)) - 21f06eab-63c8-43fd-b305-f7c41bc87438@group-249122FFF215-LeaderElection14 ELECTION round 0: result REJECTED
2021-05-31 14:16:54,912 [21f06eab-63c8-43fd-b305-f7c41bc87438@group-249122FFF215-LeaderElection14] INFO  server.RaftServer$Division (RaftServerImpl.java:setRole(284)) - 21f06eab-63c8-43fd-b305-f7c41bc87438@group-249122FFF215: changes role from CANDIDATE to FOLLOWER at term 4 for REJECTED
2021-05-31 14:16:54,912 [21f06eab-63c8-43fd-b305-f7c41bc87438@group-249122FFF215-LeaderElection14] INFO  impl.RoleInfo (RoleInfo.java:shutdownLeaderElection(121)) - 21f06eab-63c8-43fd-b305-f7c41bc87438: shutdown 21f06eab-63c8-43fd-b305-f7c41bc87438@group-249122FFF215-LeaderElection14
2021-05-31 14:16:54,912 [21f06eab-63c8-43fd-b305-f7c41bc87438@group-249122FFF215-LeaderElection14] INFO  impl.RoleInfo (RoleInfo.java:updateAndGet(130)) - 21f06eab-63c8-43fd-b305-f7c41bc87438: start 21f06eab-63c8-43fd-b305-f7c41bc87438@group-249122FFF215-FollowerState
2021-05-31 14:16:55,113 [Datanode State Machine Thread - 0] ERROR datanode.RunningDatanodeState (RunningDatanodeState.java:computeNextContainerState(199)) - Error in executing end point task.
java.util.concurrent.ExecutionException: java.util.concurrent.TimeoutException
	at java.util.concurrent.FutureTask.report(FutureTask.java:122)
	at java.util.concurrent.FutureTask.get(FutureTask.java:192)
	at org.apache.hadoop.ozone.container.common.states.datanode.RunningDatanodeState.computeNextContainerState(RunningDatanodeState.java:191)
	at org.apache.hadoop.ozone.container.common.states.datanode.RunningDatanodeState.await(RunningDatanodeState.java:231)
	at org.apache.hadoop.ozone.container.common.states.datanode.RunningDatanodeState.await(RunningDatanodeState.java:50)
	at org.apache.hadoop.ozone.container.common.statemachine.StateContext.execute(StateContext.java:579)
	at org.apache.hadoop.ozone.container.common.statemachine.DatanodeStateMachine.start(DatanodeStateMachine.java:233)
	at org.apache.hadoop.ozone.container.common.statemachine.DatanodeStateMachine.lambda$startDaemon$0(DatanodeStateMachine.java:416)
	at java.lang.Thread.run(Thread.java:748)
Caused by: java.util.concurrent.TimeoutException
	at java.util.concurrent.FutureTask.get(FutureTask.java:205)
	at org.apache.hadoop.ozone.container.common.states.datanode.RunningDatanodeState.lambda$execute$0(RunningDatanodeState.java:149)
	at java.util.concurrent.FutureTask.run(FutureTask.java:266)
	at java.util.concurrent.Executors$RunnableAdapter.call(Executors.java:511)
	at java.util.concurrent.FutureTask.run(FutureTask.java:266)
	at java.util.concurrent.ThreadPoolExecutor.runWorker(ThreadPoolExecutor.java:1149)
	at java.util.concurrent.ThreadPoolExecutor$Worker.run(ThreadPoolExecutor.java:624)
	... 1 more
2021-05-31 14:16:55,117 [EventQueue-PipelineReportForOneReplicaPipelineSafeModeRule] INFO  safemode.SCMSafeModeManager (SCMSafeModeManager.java:validateSafeModeExitRules(201)) - AtleastOneDatanodeReportedRule rule is successfully validated
2021-05-31 14:16:55,117 [EventQueue-OpenPipelineForHealthyPipelineSafeModeRule] INFO  safemode.SCMSafeModeManager (HealthyPipelineSafeModeRule.java:process(130)) - SCM in safe mode. Healthy pipelines reported count is 0, required healthy pipeline reported count is 1
2021-05-31 14:16:55,117 [EventQueue-PipelineReportForOneReplicaPipelineSafeModeRule] INFO  safemode.SCMSafeModeManager (SCMSafeModeManager.java:validateSafeModeExitRules(201)) - AtleastOneDatanodeReportedRule rule is successfully validated
2021-05-31 14:16:55,117 [EventQueue-OpenPipelineForHealthyPipelineSafeModeRule] INFO  safemode.SCMSafeModeManager (HealthyPipelineSafeModeRule.java:process(130)) - SCM in safe mode. Healthy pipelines reported count is 0, required healthy pipeline reported count is 1
2021-05-31 14:16:55,167 [21f06eab-63c8-43fd-b305-f7c41bc87438@group-914A9C454EC2-FollowerState] INFO  impl.FollowerState (FollowerState.java:run(134)) - 21f06eab-63c8-43fd-b305-f7c41bc87438@group-914A9C454EC2-FollowerState: change to CANDIDATE, lastRpcElapsedTime:5022066816ns, electionTimeout:5022ms
2021-05-31 14:16:55,167 [21f06eab-63c8-43fd-b305-f7c41bc87438@group-914A9C454EC2-FollowerState] INFO  impl.RoleInfo (RoleInfo.java:shutdownFollowerState(108)) - 21f06eab-63c8-43fd-b305-f7c41bc87438: shutdown 21f06eab-63c8-43fd-b305-f7c41bc87438@group-914A9C454EC2-FollowerState
2021-05-31 14:16:55,167 [21f06eab-63c8-43fd-b305-f7c41bc87438@group-914A9C454EC2-FollowerState] INFO  server.RaftServer$Division (RaftServerImpl.java:setRole(284)) - 21f06eab-63c8-43fd-b305-f7c41bc87438@group-914A9C454EC2: changes role from  FOLLOWER to CANDIDATE at term 3 for changeToCandidate
2021-05-31 14:16:55,168 [21f06eab-63c8-43fd-b305-f7c41bc87438@group-914A9C454EC2-FollowerState] INFO  server.RaftServerConfigKeys (ConfUtils.java:logGet(44)) - raft.server.leaderelection.pre-vote = false (custom)
2021-05-31 14:16:55,168 [21f06eab-63c8-43fd-b305-f7c41bc87438@group-914A9C454EC2-FollowerState] INFO  impl.RoleInfo (RoleInfo.java:updateAndGet(130)) - 21f06eab-63c8-43fd-b305-f7c41bc87438: start 21f06eab-63c8-43fd-b305-f7c41bc87438@group-914A9C454EC2-LeaderElection15
2021-05-31 14:16:55,171 [21f06eab-63c8-43fd-b305-f7c41bc87438@group-914A9C454EC2-LeaderElection15] INFO  impl.LeaderElection (LeaderElection.java:askForVotes(306)) - 21f06eab-63c8-43fd-b305-f7c41bc87438@group-914A9C454EC2-LeaderElection15 ELECTION round 0: submit vote requests at term 4 for -1: [21f06eab-63c8-43fd-b305-f7c41bc87438|rpc:127.0.0.1:43533|priority:0, e4951dd4-f4df-4d2e-bd67-fe61550133c1|rpc:127.0.0.1:42453|priority:1, bda778da-51f4-4847-bee0-b4babae878aa|rpc:127.0.0.1:32951|priority:0], old=null
2021-05-31 14:16:55,175 [grpc-default-executor-1] INFO  server.RaftServer$Division (RaftServerImpl.java:requestVote(1042)) - e4951dd4-f4df-4d2e-bd67-fe61550133c1@group-914A9C454EC2: receive requestVote(ELECTION, 21f06eab-63c8-43fd-b305-f7c41bc87438, group-914A9C454EC2, 4, (t:0, i:0))
2021-05-31 14:16:55,175 [grpc-default-executor-1] INFO  impl.VoteContext (VoteContext.java:log(48)) - e4951dd4-f4df-4d2e-bd67-fe61550133c1@group-914A9C454EC2-FOLLOWER: reject ELECTION from 21f06eab-63c8-43fd-b305-f7c41bc87438: our priority 1 > candidate's priority 0
2021-05-31 14:16:55,175 [grpc-default-executor-1] INFO  server.RaftServer$Division (RaftServerImpl.java:setRole(284)) - e4951dd4-f4df-4d2e-bd67-fe61550133c1@group-914A9C454EC2: changes role from  FOLLOWER to FOLLOWER at term 4 for candidate:21f06eab-63c8-43fd-b305-f7c41bc87438
2021-05-31 14:16:55,176 [grpc-default-executor-1] INFO  impl.RoleInfo (RoleInfo.java:shutdownFollowerState(108)) - e4951dd4-f4df-4d2e-bd67-fe61550133c1: shutdown e4951dd4-f4df-4d2e-bd67-fe61550133c1@group-914A9C454EC2-FollowerState
2021-05-31 14:16:55,176 [grpc-default-executor-1] INFO  impl.RoleInfo (RoleInfo.java:updateAndGet(130)) - e4951dd4-f4df-4d2e-bd67-fe61550133c1: start e4951dd4-f4df-4d2e-bd67-fe61550133c1@group-914A9C454EC2-FollowerState
2021-05-31 14:16:55,176 [e4951dd4-f4df-4d2e-bd67-fe61550133c1@group-914A9C454EC2-FollowerState] INFO  impl.FollowerState (FollowerState.java:run(143)) - e4951dd4-f4df-4d2e-bd67-fe61550133c1@group-914A9C454EC2-FollowerState was interrupted: {}
java.lang.InterruptedException: sleep interrupted
	at java.lang.Thread.sleep(Native Method)
	at java.lang.Thread.sleep(Thread.java:340)
	at java.util.concurrent.TimeUnit.sleep(TimeUnit.java:386)
	at org.apache.ratis.util.TimeDuration.sleep(TimeDuration.java:324)
	at org.apache.ratis.util.TimeDuration.sleep(TimeDuration.java:309)
	at org.apache.ratis.server.impl.FollowerState.run(FollowerState.java:118)
2021-05-31 14:16:55,176 [grpc-default-executor-0] INFO  server.RaftServer$Division (RaftServerImpl.java:requestVote(1042)) - bda778da-51f4-4847-bee0-b4babae878aa@group-914A9C454EC2: receive requestVote(ELECTION, 21f06eab-63c8-43fd-b305-f7c41bc87438, group-914A9C454EC2, 4, (t:0, i:0))
2021-05-31 14:16:55,176 [grpc-default-executor-0] INFO  impl.VoteContext (VoteContext.java:log(48)) - bda778da-51f4-4847-bee0-b4babae878aa@group-914A9C454EC2-FOLLOWER: accept ELECTION from 21f06eab-63c8-43fd-b305-f7c41bc87438: our priority 0 <= candidate's priority 0
2021-05-31 14:16:55,176 [grpc-default-executor-0] INFO  server.RaftServer$Division (RaftServerImpl.java:setRole(284)) - bda778da-51f4-4847-bee0-b4babae878aa@group-914A9C454EC2: changes role from  FOLLOWER to FOLLOWER at term 4 for candidate:21f06eab-63c8-43fd-b305-f7c41bc87438
2021-05-31 14:16:55,176 [grpc-default-executor-0] INFO  impl.RoleInfo (RoleInfo.java:shutdownFollowerState(108)) - bda778da-51f4-4847-bee0-b4babae878aa: shutdown bda778da-51f4-4847-bee0-b4babae878aa@group-914A9C454EC2-FollowerState
2021-05-31 14:16:55,179 [grpc-default-executor-0] INFO  impl.RoleInfo (RoleInfo.java:updateAndGet(130)) - bda778da-51f4-4847-bee0-b4babae878aa: start bda778da-51f4-4847-bee0-b4babae878aa@group-914A9C454EC2-FollowerState
2021-05-31 14:16:55,179 [bda778da-51f4-4847-bee0-b4babae878aa@group-914A9C454EC2-FollowerState] INFO  impl.FollowerState (FollowerState.java:run(143)) - bda778da-51f4-4847-bee0-b4babae878aa@group-914A9C454EC2-FollowerState was interrupted: {}
java.lang.InterruptedException: sleep interrupted
	at java.lang.Thread.sleep(Native Method)
	at java.lang.Thread.sleep(Thread.java:340)
	at java.util.concurrent.TimeUnit.sleep(TimeUnit.java:386)
	at org.apache.ratis.util.TimeDuration.sleep(TimeDuration.java:324)
	at org.apache.ratis.util.TimeDuration.sleep(TimeDuration.java:309)
	at org.apache.ratis.server.impl.FollowerState.run(FollowerState.java:118)
2021-05-31 14:16:55,184 [grpc-default-executor-1] INFO  server.RaftServer$Division (RaftServerImpl.java:requestVote(1074)) - e4951dd4-f4df-4d2e-bd67-fe61550133c1@group-914A9C454EC2 replies to ELECTION vote request: 21f06eab-63c8-43fd-b305-f7c41bc87438<-e4951dd4-f4df-4d2e-bd67-fe61550133c1#0:FAIL-t4. Peer's state: e4951dd4-f4df-4d2e-bd67-fe61550133c1@group-914A9C454EC2:t4, leader=null, voted=null, raftlog=e4951dd4-f4df-4d2e-bd67-fe61550133c1@group-914A9C454EC2-SegmentedRaftLog:OPENED:c-1,f-1,i0, conf=-1: [21f06eab-63c8-43fd-b305-f7c41bc87438|rpc:127.0.0.1:43533|priority:0, e4951dd4-f4df-4d2e-bd67-fe61550133c1|rpc:127.0.0.1:42453|priority:1, bda778da-51f4-4847-bee0-b4babae878aa|rpc:127.0.0.1:32951|priority:0], old=null
2021-05-31 14:16:55,186 [grpc-default-executor-0] INFO  server.RaftServer$Division (RaftServerImpl.java:requestVote(1074)) - bda778da-51f4-4847-bee0-b4babae878aa@group-914A9C454EC2 replies to ELECTION vote request: 21f06eab-63c8-43fd-b305-f7c41bc87438<-bda778da-51f4-4847-bee0-b4babae878aa#0:OK-t4. Peer's state: bda778da-51f4-4847-bee0-b4babae878aa@group-914A9C454EC2:t4, leader=null, voted=21f06eab-63c8-43fd-b305-f7c41bc87438, raftlog=bda778da-51f4-4847-bee0-b4babae878aa@group-914A9C454EC2-SegmentedRaftLog:OPENED:c-1,f-1,i0, conf=-1: [21f06eab-63c8-43fd-b305-f7c41bc87438|rpc:127.0.0.1:43533|priority:0, e4951dd4-f4df-4d2e-bd67-fe61550133c1|rpc:127.0.0.1:42453|priority:1, bda778da-51f4-4847-bee0-b4babae878aa|rpc:127.0.0.1:32951|priority:0], old=null
2021-05-31 14:16:55,186 [21f06eab-63c8-43fd-b305-f7c41bc87438@group-914A9C454EC2-LeaderElection15] INFO  impl.LeaderElection (LeaderElection.java:logAndReturn(89)) - 21f06eab-63c8-43fd-b305-f7c41bc87438@group-914A9C454EC2-LeaderElection15: ELECTION REJECTED received 1 response(s) and 0 exception(s):
2021-05-31 14:16:55,186 [21f06eab-63c8-43fd-b305-f7c41bc87438@group-914A9C454EC2-LeaderElection15] INFO  impl.LeaderElection (LeaderElection.java:logAndReturn(93)) -   Response 0: 21f06eab-63c8-43fd-b305-f7c41bc87438<-e4951dd4-f4df-4d2e-bd67-fe61550133c1#0:FAIL-t4
2021-05-31 14:16:55,186 [21f06eab-63c8-43fd-b305-f7c41bc87438@group-914A9C454EC2-LeaderElection15] INFO  impl.LeaderElection (LeaderElection.java:askForVotes(308)) - 21f06eab-63c8-43fd-b305-f7c41bc87438@group-914A9C454EC2-LeaderElection15 ELECTION round 0: result REJECTED
2021-05-31 14:16:55,186 [21f06eab-63c8-43fd-b305-f7c41bc87438@group-914A9C454EC2-LeaderElection15] INFO  server.RaftServer$Division (RaftServerImpl.java:setRole(284)) - 21f06eab-63c8-43fd-b305-f7c41bc87438@group-914A9C454EC2: changes role from CANDIDATE to FOLLOWER at term 4 for REJECTED
2021-05-31 14:16:55,186 [21f06eab-63c8-43fd-b305-f7c41bc87438@group-914A9C454EC2-LeaderElection15] INFO  impl.RoleInfo (RoleInfo.java:shutdownLeaderElection(121)) - 21f06eab-63c8-43fd-b305-f7c41bc87438: shutdown 21f06eab-63c8-43fd-b305-f7c41bc87438@group-914A9C454EC2-LeaderElection15
2021-05-31 14:16:55,186 [21f06eab-63c8-43fd-b305-f7c41bc87438@group-914A9C454EC2-LeaderElection15] INFO  impl.RoleInfo (RoleInfo.java:updateAndGet(130)) - 21f06eab-63c8-43fd-b305-f7c41bc87438: start 21f06eab-63c8-43fd-b305-f7c41bc87438@group-914A9C454EC2-FollowerState
2021-05-31 14:16:55,616 [EventQueue-PipelineReportForOneReplicaPipelineSafeModeRule] INFO  safemode.SCMSafeModeManager (SCMSafeModeManager.java:validateSafeModeExitRules(201)) - AtleastOneDatanodeReportedRule rule is successfully validated
2021-05-31 14:16:55,617 [EventQueue-PipelineReportForOneReplicaPipelineSafeModeRule] INFO  safemode.SCMSafeModeManager (SCMSafeModeManager.java:validateSafeModeExitRules(201)) - AtleastOneDatanodeReportedRule rule is successfully validated
2021-05-31 14:16:55,617 [EventQueue-OpenPipelineForHealthyPipelineSafeModeRule] INFO  safemode.SCMSafeModeManager (HealthyPipelineSafeModeRule.java:process(130)) - SCM in safe mode. Healthy pipelines reported count is 0, required healthy pipeline reported count is 1
2021-05-31 14:16:55,617 [EventQueue-OpenPipelineForHealthyPipelineSafeModeRule] INFO  safemode.SCMSafeModeManager (HealthyPipelineSafeModeRule.java:process(130)) - SCM in safe mode. Healthy pipelines reported count is 0, required healthy pipeline reported count is 1
2021-05-31 14:16:55,786 [Listener at 127.0.0.1/11372] INFO  ozone.MiniOzoneClusterImpl (MiniOzoneClusterImpl.java:lambda$waitForClusterToBeReady$0(224)) - Nodes are ready. Got 3 of 3 DN Heartbeats.
2021-05-31 14:16:55,787 [Listener at 127.0.0.1/11372] INFO  ozone.MiniOzoneClusterImpl (MiniOzoneClusterImpl.java:lambda$waitForClusterToBeReady$0(227)) - Waiting for cluster to exit safe mode
2021-05-31 14:16:55,787 [Listener at 127.0.0.1/11372] INFO  ozone.MiniOzoneClusterImpl (MiniOzoneClusterImpl.java:lambda$waitForClusterToBeReady$0(230)) - SCM became leader
2021-05-31 14:16:55,826 [Datanode State Machine Thread - 0] ERROR datanode.RunningDatanodeState (RunningDatanodeState.java:computeNextContainerState(199)) - Error in executing end point task.
java.util.concurrent.ExecutionException: java.util.concurrent.TimeoutException
	at java.util.concurrent.FutureTask.report(FutureTask.java:122)
	at java.util.concurrent.FutureTask.get(FutureTask.java:192)
	at org.apache.hadoop.ozone.container.common.states.datanode.RunningDatanodeState.computeNextContainerState(RunningDatanodeState.java:191)
	at org.apache.hadoop.ozone.container.common.states.datanode.RunningDatanodeState.await(RunningDatanodeState.java:231)
	at org.apache.hadoop.ozone.container.common.states.datanode.RunningDatanodeState.await(RunningDatanodeState.java:50)
	at org.apache.hadoop.ozone.container.common.statemachine.StateContext.execute(StateContext.java:579)
	at org.apache.hadoop.ozone.container.common.statemachine.DatanodeStateMachine.start(DatanodeStateMachine.java:233)
	at org.apache.hadoop.ozone.container.common.statemachine.DatanodeStateMachine.lambda$startDaemon$0(DatanodeStateMachine.java:416)
	at java.lang.Thread.run(Thread.java:748)
Caused by: java.util.concurrent.TimeoutException
	at java.util.concurrent.FutureTask.get(FutureTask.java:205)
	at org.apache.hadoop.ozone.container.common.states.datanode.RunningDatanodeState.lambda$execute$0(RunningDatanodeState.java:149)
	at java.util.concurrent.FutureTask.run(FutureTask.java:266)
	at java.util.concurrent.Executors$RunnableAdapter.call(Executors.java:511)
	at java.util.concurrent.FutureTask.run(FutureTask.java:266)
	at java.util.concurrent.ThreadPoolExecutor.runWorker(ThreadPoolExecutor.java:1149)
	at java.util.concurrent.ThreadPoolExecutor$Worker.run(ThreadPoolExecutor.java:624)
	... 1 more
2021-05-31 14:16:55,829 [EventQueue-PipelineReportForOneReplicaPipelineSafeModeRule] INFO  safemode.SCMSafeModeManager (SCMSafeModeManager.java:validateSafeModeExitRules(201)) - AtleastOneDatanodeReportedRule rule is successfully validated
2021-05-31 14:16:55,829 [EventQueue-OpenPipelineForHealthyPipelineSafeModeRule] INFO  safemode.SCMSafeModeManager (HealthyPipelineSafeModeRule.java:process(130)) - SCM in safe mode. Healthy pipelines reported count is 0, required healthy pipeline reported count is 1
2021-05-31 14:16:55,830 [EventQueue-OpenPipelineForHealthyPipelineSafeModeRule] INFO  safemode.SCMSafeModeManager (HealthyPipelineSafeModeRule.java:process(130)) - SCM in safe mode. Healthy pipelines reported count is 0, required healthy pipeline reported count is 1
2021-05-31 14:16:55,829 [EventQueue-PipelineReportForOneReplicaPipelineSafeModeRule] INFO  safemode.SCMSafeModeManager (SCMSafeModeManager.java:validateSafeModeExitRules(201)) - AtleastOneDatanodeReportedRule rule is successfully validated
2021-05-31 14:16:56,116 [EventQueue-PipelineReportForOneReplicaPipelineSafeModeRule] INFO  safemode.SCMSafeModeManager (SCMSafeModeManager.java:validateSafeModeExitRules(201)) - AtleastOneDatanodeReportedRule rule is successfully validated
2021-05-31 14:16:56,116 [EventQueue-OpenPipelineForHealthyPipelineSafeModeRule] INFO  safemode.SCMSafeModeManager (HealthyPipelineSafeModeRule.java:process(130)) - SCM in safe mode. Healthy pipelines reported count is 0, required healthy pipeline reported count is 1
2021-05-31 14:16:56,117 [EventQueue-PipelineReportForOneReplicaPipelineSafeModeRule] INFO  safemode.SCMSafeModeManager (SCMSafeModeManager.java:validateSafeModeExitRules(201)) - AtleastOneDatanodeReportedRule rule is successfully validated
2021-05-31 14:16:56,117 [EventQueue-OpenPipelineForHealthyPipelineSafeModeRule] INFO  safemode.SCMSafeModeManager (HealthyPipelineSafeModeRule.java:process(130)) - SCM in safe mode. Healthy pipelines reported count is 0, required healthy pipeline reported count is 1
2021-05-31 14:16:56,616 [EventQueue-PipelineReportForOneReplicaPipelineSafeModeRule] INFO  safemode.SCMSafeModeManager (SCMSafeModeManager.java:validateSafeModeExitRules(201)) - AtleastOneDatanodeReportedRule rule is successfully validated
2021-05-31 14:16:56,616 [EventQueue-OpenPipelineForHealthyPipelineSafeModeRule] INFO  safemode.SCMSafeModeManager (HealthyPipelineSafeModeRule.java:process(130)) - SCM in safe mode. Healthy pipelines reported count is 0, required healthy pipeline reported count is 1
2021-05-31 14:16:56,616 [EventQueue-OpenPipelineForHealthyPipelineSafeModeRule] INFO  safemode.SCMSafeModeManager (HealthyPipelineSafeModeRule.java:process(130)) - SCM in safe mode. Healthy pipelines reported count is 0, required healthy pipeline reported count is 1
2021-05-31 14:16:56,616 [EventQueue-PipelineReportForOneReplicaPipelineSafeModeRule] INFO  safemode.SCMSafeModeManager (SCMSafeModeManager.java:validateSafeModeExitRules(201)) - AtleastOneDatanodeReportedRule rule is successfully validated
2021-05-31 14:16:56,788 [Listener at 127.0.0.1/11372] INFO  ozone.MiniOzoneClusterImpl (MiniOzoneClusterImpl.java:lambda$waitForClusterToBeReady$0(224)) - Nodes are ready. Got 3 of 3 DN Heartbeats.
2021-05-31 14:16:56,788 [Listener at 127.0.0.1/11372] INFO  ozone.MiniOzoneClusterImpl (MiniOzoneClusterImpl.java:lambda$waitForClusterToBeReady$0(227)) - Waiting for cluster to exit safe mode
2021-05-31 14:16:56,788 [Listener at 127.0.0.1/11372] INFO  ozone.MiniOzoneClusterImpl (MiniOzoneClusterImpl.java:lambda$waitForClusterToBeReady$0(230)) - SCM became leader
2021-05-31 14:16:56,831 [EventQueue-PipelineReportForOneReplicaPipelineSafeModeRule] INFO  safemode.SCMSafeModeManager (SCMSafeModeManager.java:validateSafeModeExitRules(201)) - AtleastOneDatanodeReportedRule rule is successfully validated
2021-05-31 14:16:56,831 [EventQueue-OpenPipelineForHealthyPipelineSafeModeRule] INFO  safemode.SCMSafeModeManager (HealthyPipelineSafeModeRule.java:process(130)) - SCM in safe mode. Healthy pipelines reported count is 0, required healthy pipeline reported count is 1
2021-05-31 14:16:56,832 [EventQueue-PipelineReportForOneReplicaPipelineSafeModeRule] INFO  safemode.SCMSafeModeManager (SCMSafeModeManager.java:validateSafeModeExitRules(201)) - AtleastOneDatanodeReportedRule rule is successfully validated
2021-05-31 14:16:56,832 [EventQueue-OpenPipelineForHealthyPipelineSafeModeRule] INFO  safemode.SCMSafeModeManager (HealthyPipelineSafeModeRule.java:process(130)) - SCM in safe mode. Healthy pipelines reported count is 0, required healthy pipeline reported count is 1
2021-05-31 14:16:57,116 [EventQueue-PipelineReportForOneReplicaPipelineSafeModeRule] INFO  safemode.SCMSafeModeManager (SCMSafeModeManager.java:validateSafeModeExitRules(201)) - AtleastOneDatanodeReportedRule rule is successfully validated
2021-05-31 14:16:57,116 [EventQueue-OpenPipelineForHealthyPipelineSafeModeRule] INFO  safemode.SCMSafeModeManager (HealthyPipelineSafeModeRule.java:process(130)) - SCM in safe mode. Healthy pipelines reported count is 0, required healthy pipeline reported count is 1
2021-05-31 14:16:57,117 [EventQueue-PipelineReportForOneReplicaPipelineSafeModeRule] INFO  safemode.SCMSafeModeManager (SCMSafeModeManager.java:validateSafeModeExitRules(201)) - AtleastOneDatanodeReportedRule rule is successfully validated
2021-05-31 14:16:57,117 [EventQueue-OpenPipelineForHealthyPipelineSafeModeRule] INFO  safemode.SCMSafeModeManager (HealthyPipelineSafeModeRule.java:process(130)) - SCM in safe mode. Healthy pipelines reported count is 0, required healthy pipeline reported count is 1
2021-05-31 14:16:57,616 [EventQueue-PipelineReportForOneReplicaPipelineSafeModeRule] INFO  safemode.SCMSafeModeManager (SCMSafeModeManager.java:validateSafeModeExitRules(201)) - AtleastOneDatanodeReportedRule rule is successfully validated
2021-05-31 14:16:57,616 [EventQueue-PipelineReportForOneReplicaPipelineSafeModeRule] INFO  safemode.SCMSafeModeManager (SCMSafeModeManager.java:validateSafeModeExitRules(201)) - AtleastOneDatanodeReportedRule rule is successfully validated
2021-05-31 14:16:57,616 [EventQueue-OpenPipelineForHealthyPipelineSafeModeRule] INFO  safemode.SCMSafeModeManager (HealthyPipelineSafeModeRule.java:process(130)) - SCM in safe mode. Healthy pipelines reported count is 0, required healthy pipeline reported count is 1
2021-05-31 14:16:57,616 [EventQueue-OpenPipelineForHealthyPipelineSafeModeRule] INFO  safemode.SCMSafeModeManager (HealthyPipelineSafeModeRule.java:process(130)) - SCM in safe mode. Healthy pipelines reported count is 0, required healthy pipeline reported count is 1
2021-05-31 14:16:57,789 [Listener at 127.0.0.1/11372] INFO  ozone.MiniOzoneClusterImpl (MiniOzoneClusterImpl.java:lambda$waitForClusterToBeReady$0(224)) - Nodes are ready. Got 3 of 3 DN Heartbeats.
2021-05-31 14:16:57,789 [Listener at 127.0.0.1/11372] INFO  ozone.MiniOzoneClusterImpl (MiniOzoneClusterImpl.java:lambda$waitForClusterToBeReady$0(227)) - Waiting for cluster to exit safe mode
2021-05-31 14:16:57,789 [Listener at 127.0.0.1/11372] INFO  ozone.MiniOzoneClusterImpl (MiniOzoneClusterImpl.java:lambda$waitForClusterToBeReady$0(230)) - SCM became leader
2021-05-31 14:16:57,832 [Datanode State Machine Thread - 0] ERROR datanode.RunningDatanodeState (RunningDatanodeState.java:computeNextContainerState(199)) - Error in executing end point task.
java.util.concurrent.ExecutionException: java.util.concurrent.TimeoutException
	at java.util.concurrent.FutureTask.report(FutureTask.java:122)
	at java.util.concurrent.FutureTask.get(FutureTask.java:192)
	at org.apache.hadoop.ozone.container.common.states.datanode.RunningDatanodeState.computeNextContainerState(RunningDatanodeState.java:191)
	at org.apache.hadoop.ozone.container.common.states.datanode.RunningDatanodeState.await(RunningDatanodeState.java:231)
	at org.apache.hadoop.ozone.container.common.states.datanode.RunningDatanodeState.await(RunningDatanodeState.java:50)
	at org.apache.hadoop.ozone.container.common.statemachine.StateContext.execute(StateContext.java:579)
	at org.apache.hadoop.ozone.container.common.statemachine.DatanodeStateMachine.start(DatanodeStateMachine.java:233)
	at org.apache.hadoop.ozone.container.common.statemachine.DatanodeStateMachine.lambda$startDaemon$0(DatanodeStateMachine.java:416)
	at java.lang.Thread.run(Thread.java:748)
Caused by: java.util.concurrent.TimeoutException
	at java.util.concurrent.FutureTask.get(FutureTask.java:205)
	at org.apache.hadoop.ozone.container.common.states.datanode.RunningDatanodeState.lambda$execute$0(RunningDatanodeState.java:149)
	at java.util.concurrent.FutureTask.run(FutureTask.java:266)
	at java.util.concurrent.Executors$RunnableAdapter.call(Executors.java:511)
	at java.util.concurrent.FutureTask.run(FutureTask.java:266)
	at java.util.concurrent.ThreadPoolExecutor.runWorker(ThreadPoolExecutor.java:1149)
	at java.util.concurrent.ThreadPoolExecutor$Worker.run(ThreadPoolExecutor.java:624)
	... 1 more
2021-05-31 14:16:57,841 [EventQueue-PipelineReportForOneReplicaPipelineSafeModeRule] INFO  safemode.SCMSafeModeManager (SCMSafeModeManager.java:validateSafeModeExitRules(201)) - AtleastOneDatanodeReportedRule rule is successfully validated
2021-05-31 14:16:57,841 [EventQueue-PipelineReportForOneReplicaPipelineSafeModeRule] INFO  safemode.SCMSafeModeManager (SCMSafeModeManager.java:validateSafeModeExitRules(201)) - AtleastOneDatanodeReportedRule rule is successfully validated
2021-05-31 14:16:57,841 [EventQueue-OpenPipelineForHealthyPipelineSafeModeRule] INFO  safemode.SCMSafeModeManager (HealthyPipelineSafeModeRule.java:process(130)) - SCM in safe mode. Healthy pipelines reported count is 0, required healthy pipeline reported count is 1
2021-05-31 14:16:57,841 [EventQueue-OpenPipelineForHealthyPipelineSafeModeRule] INFO  safemode.SCMSafeModeManager (HealthyPipelineSafeModeRule.java:process(130)) - SCM in safe mode. Healthy pipelines reported count is 0, required healthy pipeline reported count is 1
2021-05-31 14:16:58,117 [EventQueue-PipelineReportForOneReplicaPipelineSafeModeRule] INFO  safemode.SCMSafeModeManager (SCMSafeModeManager.java:validateSafeModeExitRules(201)) - AtleastOneDatanodeReportedRule rule is successfully validated
2021-05-31 14:16:58,117 [EventQueue-PipelineReportForOneReplicaPipelineSafeModeRule] INFO  safemode.SCMSafeModeManager (SCMSafeModeManager.java:validateSafeModeExitRules(201)) - AtleastOneDatanodeReportedRule rule is successfully validated
2021-05-31 14:16:58,117 [EventQueue-OpenPipelineForHealthyPipelineSafeModeRule] INFO  safemode.SCMSafeModeManager (HealthyPipelineSafeModeRule.java:process(130)) - SCM in safe mode. Healthy pipelines reported count is 0, required healthy pipeline reported count is 1
2021-05-31 14:16:58,118 [EventQueue-OpenPipelineForHealthyPipelineSafeModeRule] INFO  safemode.SCMSafeModeManager (HealthyPipelineSafeModeRule.java:process(130)) - SCM in safe mode. Healthy pipelines reported count is 0, required healthy pipeline reported count is 1
2021-05-31 14:16:58,615 [Datanode State Machine Thread - 0] ERROR datanode.RunningDatanodeState (RunningDatanodeState.java:computeNextContainerState(199)) - Error in executing end point task.
java.util.concurrent.ExecutionException: java.util.concurrent.TimeoutException
	at java.util.concurrent.FutureTask.report(FutureTask.java:122)
	at java.util.concurrent.FutureTask.get(FutureTask.java:192)
	at org.apache.hadoop.ozone.container.common.states.datanode.RunningDatanodeState.computeNextContainerState(RunningDatanodeState.java:191)
	at org.apache.hadoop.ozone.container.common.states.datanode.RunningDatanodeState.await(RunningDatanodeState.java:231)
	at org.apache.hadoop.ozone.container.common.states.datanode.RunningDatanodeState.await(RunningDatanodeState.java:50)
	at org.apache.hadoop.ozone.container.common.statemachine.StateContext.execute(StateContext.java:579)
	at org.apache.hadoop.ozone.container.common.statemachine.DatanodeStateMachine.start(DatanodeStateMachine.java:233)
	at org.apache.hadoop.ozone.container.common.statemachine.DatanodeStateMachine.lambda$startDaemon$0(DatanodeStateMachine.java:416)
	at java.lang.Thread.run(Thread.java:748)
Caused by: java.util.concurrent.TimeoutException
	at java.util.concurrent.FutureTask.get(FutureTask.java:205)
	at org.apache.hadoop.ozone.container.common.states.datanode.RunningDatanodeState.lambda$execute$0(RunningDatanodeState.java:149)
	at java.util.concurrent.FutureTask.run(FutureTask.java:266)
	at java.util.concurrent.Executors$RunnableAdapter.call(Executors.java:511)
	at java.util.concurrent.FutureTask.run(FutureTask.java:266)
	at java.util.concurrent.ThreadPoolExecutor.runWorker(ThreadPoolExecutor.java:1149)
	at java.util.concurrent.ThreadPoolExecutor$Worker.run(ThreadPoolExecutor.java:624)
	... 1 more
2021-05-31 14:16:58,619 [EventQueue-OpenPipelineForHealthyPipelineSafeModeRule] INFO  safemode.SCMSafeModeManager (HealthyPipelineSafeModeRule.java:process(130)) - SCM in safe mode. Healthy pipelines reported count is 0, required healthy pipeline reported count is 1
2021-05-31 14:16:58,620 [EventQueue-PipelineReportForOneReplicaPipelineSafeModeRule] INFO  safemode.SCMSafeModeManager (SCMSafeModeManager.java:validateSafeModeExitRules(201)) - AtleastOneDatanodeReportedRule rule is successfully validated
2021-05-31 14:16:58,620 [EventQueue-PipelineReportForOneReplicaPipelineSafeModeRule] INFO  safemode.SCMSafeModeManager (SCMSafeModeManager.java:validateSafeModeExitRules(201)) - AtleastOneDatanodeReportedRule rule is successfully validated
2021-05-31 14:16:58,620 [EventQueue-OpenPipelineForHealthyPipelineSafeModeRule] INFO  safemode.SCMSafeModeManager (HealthyPipelineSafeModeRule.java:process(130)) - SCM in safe mode. Healthy pipelines reported count is 0, required healthy pipeline reported count is 1
2021-05-31 14:16:58,790 [Listener at 127.0.0.1/11372] INFO  ozone.MiniOzoneClusterImpl (MiniOzoneClusterImpl.java:lambda$waitForClusterToBeReady$0(224)) - Nodes are ready. Got 3 of 3 DN Heartbeats.
2021-05-31 14:16:58,790 [Listener at 127.0.0.1/11372] INFO  ozone.MiniOzoneClusterImpl (MiniOzoneClusterImpl.java:lambda$waitForClusterToBeReady$0(227)) - Waiting for cluster to exit safe mode
2021-05-31 14:16:58,790 [Listener at 127.0.0.1/11372] INFO  ozone.MiniOzoneClusterImpl (MiniOzoneClusterImpl.java:lambda$waitForClusterToBeReady$0(230)) - SCM became leader
2021-05-31 14:16:58,842 [EventQueue-OpenPipelineForHealthyPipelineSafeModeRule] INFO  safemode.SCMSafeModeManager (HealthyPipelineSafeModeRule.java:process(130)) - SCM in safe mode. Healthy pipelines reported count is 0, required healthy pipeline reported count is 1
2021-05-31 14:16:58,842 [EventQueue-PipelineReportForOneReplicaPipelineSafeModeRule] INFO  safemode.SCMSafeModeManager (SCMSafeModeManager.java:validateSafeModeExitRules(201)) - AtleastOneDatanodeReportedRule rule is successfully validated
2021-05-31 14:16:58,843 [EventQueue-PipelineReportForOneReplicaPipelineSafeModeRule] INFO  safemode.SCMSafeModeManager (SCMSafeModeManager.java:validateSafeModeExitRules(201)) - AtleastOneDatanodeReportedRule rule is successfully validated
2021-05-31 14:16:58,843 [EventQueue-OpenPipelineForHealthyPipelineSafeModeRule] INFO  safemode.SCMSafeModeManager (HealthyPipelineSafeModeRule.java:process(130)) - SCM in safe mode. Healthy pipelines reported count is 0, required healthy pipeline reported count is 1
2021-05-31 14:16:59,116 [EventQueue-PipelineReportForOneReplicaPipelineSafeModeRule] INFO  safemode.SCMSafeModeManager (SCMSafeModeManager.java:validateSafeModeExitRules(201)) - AtleastOneDatanodeReportedRule rule is successfully validated
2021-05-31 14:16:59,116 [EventQueue-OpenPipelineForHealthyPipelineSafeModeRule] INFO  safemode.SCMSafeModeManager (HealthyPipelineSafeModeRule.java:process(130)) - SCM in safe mode. Healthy pipelines reported count is 0, required healthy pipeline reported count is 1
2021-05-31 14:16:59,117 [EventQueue-PipelineReportForOneReplicaPipelineSafeModeRule] INFO  safemode.SCMSafeModeManager (SCMSafeModeManager.java:validateSafeModeExitRules(201)) - AtleastOneDatanodeReportedRule rule is successfully validated
2021-05-31 14:16:59,118 [EventQueue-OpenPipelineForHealthyPipelineSafeModeRule] INFO  safemode.SCMSafeModeManager (HealthyPipelineSafeModeRule.java:process(130)) - SCM in safe mode. Healthy pipelines reported count is 0, required healthy pipeline reported count is 1
2021-05-31 14:16:59,619 [EventQueue-PipelineReportForOneReplicaPipelineSafeModeRule] INFO  safemode.SCMSafeModeManager (SCMSafeModeManager.java:validateSafeModeExitRules(201)) - AtleastOneDatanodeReportedRule rule is successfully validated
2021-05-31 14:16:59,620 [EventQueue-OpenPipelineForHealthyPipelineSafeModeRule] INFO  safemode.SCMSafeModeManager (HealthyPipelineSafeModeRule.java:process(130)) - SCM in safe mode. Healthy pipelines reported count is 0, required healthy pipeline reported count is 1
2021-05-31 14:16:59,620 [EventQueue-OpenPipelineForHealthyPipelineSafeModeRule] INFO  safemode.SCMSafeModeManager (HealthyPipelineSafeModeRule.java:process(130)) - SCM in safe mode. Healthy pipelines reported count is 0, required healthy pipeline reported count is 1
2021-05-31 14:16:59,620 [EventQueue-PipelineReportForOneReplicaPipelineSafeModeRule] INFO  safemode.SCMSafeModeManager (SCMSafeModeManager.java:validateSafeModeExitRules(201)) - AtleastOneDatanodeReportedRule rule is successfully validated
2021-05-31 14:16:59,791 [Listener at 127.0.0.1/11372] INFO  ozone.MiniOzoneClusterImpl (MiniOzoneClusterImpl.java:lambda$waitForClusterToBeReady$0(224)) - Nodes are ready. Got 3 of 3 DN Heartbeats.
2021-05-31 14:16:59,791 [Listener at 127.0.0.1/11372] INFO  ozone.MiniOzoneClusterImpl (MiniOzoneClusterImpl.java:lambda$waitForClusterToBeReady$0(227)) - Waiting for cluster to exit safe mode
2021-05-31 14:16:59,791 [Listener at 127.0.0.1/11372] INFO  ozone.MiniOzoneClusterImpl (MiniOzoneClusterImpl.java:lambda$waitForClusterToBeReady$0(230)) - SCM became leader
2021-05-31 14:16:59,841 [EventQueue-PipelineReportForOneReplicaPipelineSafeModeRule] INFO  safemode.SCMSafeModeManager (SCMSafeModeManager.java:validateSafeModeExitRules(201)) - AtleastOneDatanodeReportedRule rule is successfully validated
2021-05-31 14:16:59,842 [EventQueue-OpenPipelineForHealthyPipelineSafeModeRule] INFO  safemode.SCMSafeModeManager (HealthyPipelineSafeModeRule.java:process(130)) - SCM in safe mode. Healthy pipelines reported count is 0, required healthy pipeline reported count is 1
2021-05-31 14:16:59,842 [EventQueue-PipelineReportForOneReplicaPipelineSafeModeRule] INFO  safemode.SCMSafeModeManager (SCMSafeModeManager.java:validateSafeModeExitRules(201)) - AtleastOneDatanodeReportedRule rule is successfully validated
2021-05-31 14:16:59,842 [EventQueue-OpenPipelineForHealthyPipelineSafeModeRule] INFO  safemode.SCMSafeModeManager (HealthyPipelineSafeModeRule.java:process(130)) - SCM in safe mode. Healthy pipelines reported count is 0, required healthy pipeline reported count is 1
2021-05-31 14:16:59,921 [bda778da-51f4-4847-bee0-b4babae878aa@group-249122FFF215-FollowerState] INFO  impl.FollowerState (FollowerState.java:run(134)) - bda778da-51f4-4847-bee0-b4babae878aa@group-249122FFF215-FollowerState: change to CANDIDATE, lastRpcElapsedTime:5012808616ns, electionTimeout:5012ms
2021-05-31 14:16:59,921 [bda778da-51f4-4847-bee0-b4babae878aa@group-249122FFF215-FollowerState] INFO  impl.RoleInfo (RoleInfo.java:shutdownFollowerState(108)) - bda778da-51f4-4847-bee0-b4babae878aa: shutdown bda778da-51f4-4847-bee0-b4babae878aa@group-249122FFF215-FollowerState
2021-05-31 14:16:59,921 [bda778da-51f4-4847-bee0-b4babae878aa@group-249122FFF215-FollowerState] INFO  server.RaftServer$Division (RaftServerImpl.java:setRole(284)) - bda778da-51f4-4847-bee0-b4babae878aa@group-249122FFF215: changes role from  FOLLOWER to CANDIDATE at term 4 for changeToCandidate
2021-05-31 14:16:59,921 [bda778da-51f4-4847-bee0-b4babae878aa@group-249122FFF215-FollowerState] INFO  server.RaftServerConfigKeys (ConfUtils.java:logGet(44)) - raft.server.leaderelection.pre-vote = false (custom)
2021-05-31 14:16:59,922 [bda778da-51f4-4847-bee0-b4babae878aa@group-249122FFF215-FollowerState] INFO  impl.RoleInfo (RoleInfo.java:updateAndGet(130)) - bda778da-51f4-4847-bee0-b4babae878aa: start bda778da-51f4-4847-bee0-b4babae878aa@group-249122FFF215-LeaderElection16
2021-05-31 14:16:59,925 [bda778da-51f4-4847-bee0-b4babae878aa@group-249122FFF215-LeaderElection16] INFO  impl.LeaderElection (LeaderElection.java:askForVotes(306)) - bda778da-51f4-4847-bee0-b4babae878aa@group-249122FFF215-LeaderElection16 ELECTION round 0: submit vote requests at term 5 for -1: [21f06eab-63c8-43fd-b305-f7c41bc87438|rpc:127.0.0.1:43533|priority:0, e4951dd4-f4df-4d2e-bd67-fe61550133c1|rpc:127.0.0.1:42453|priority:0, bda778da-51f4-4847-bee0-b4babae878aa|rpc:127.0.0.1:32951|priority:1], old=null
2021-05-31 14:16:59,929 [grpc-default-executor-1] INFO  server.RaftServer$Division (RaftServerImpl.java:requestVote(1042)) - 21f06eab-63c8-43fd-b305-f7c41bc87438@group-249122FFF215: receive requestVote(ELECTION, bda778da-51f4-4847-bee0-b4babae878aa, group-249122FFF215, 5, (t:0, i:0))
2021-05-31 14:16:59,929 [grpc-default-executor-1] INFO  impl.VoteContext (VoteContext.java:log(48)) - 21f06eab-63c8-43fd-b305-f7c41bc87438@group-249122FFF215-FOLLOWER: accept ELECTION from bda778da-51f4-4847-bee0-b4babae878aa: our priority 0 <= candidate's priority 1
2021-05-31 14:16:59,929 [grpc-default-executor-1] INFO  server.RaftServer$Division (RaftServerImpl.java:setRole(284)) - 21f06eab-63c8-43fd-b305-f7c41bc87438@group-249122FFF215: changes role from  FOLLOWER to FOLLOWER at term 5 for candidate:bda778da-51f4-4847-bee0-b4babae878aa
2021-05-31 14:16:59,930 [grpc-default-executor-1] INFO  impl.RoleInfo (RoleInfo.java:shutdownFollowerState(108)) - 21f06eab-63c8-43fd-b305-f7c41bc87438: shutdown 21f06eab-63c8-43fd-b305-f7c41bc87438@group-249122FFF215-FollowerState
2021-05-31 14:16:59,930 [grpc-default-executor-1] INFO  impl.RoleInfo (RoleInfo.java:updateAndGet(130)) - 21f06eab-63c8-43fd-b305-f7c41bc87438: start 21f06eab-63c8-43fd-b305-f7c41bc87438@group-249122FFF215-FollowerState
2021-05-31 14:16:59,930 [21f06eab-63c8-43fd-b305-f7c41bc87438@group-249122FFF215-FollowerState] INFO  impl.FollowerState (FollowerState.java:run(143)) - 21f06eab-63c8-43fd-b305-f7c41bc87438@group-249122FFF215-FollowerState was interrupted: {}
java.lang.InterruptedException: sleep interrupted
	at java.lang.Thread.sleep(Native Method)
	at java.lang.Thread.sleep(Thread.java:340)
	at java.util.concurrent.TimeUnit.sleep(TimeUnit.java:386)
	at org.apache.ratis.util.TimeDuration.sleep(TimeDuration.java:324)
	at org.apache.ratis.util.TimeDuration.sleep(TimeDuration.java:309)
	at org.apache.ratis.server.impl.FollowerState.run(FollowerState.java:118)
2021-05-31 14:16:59,932 [grpc-default-executor-0] INFO  server.RaftServer$Division (RaftServerImpl.java:requestVote(1042)) - e4951dd4-f4df-4d2e-bd67-fe61550133c1@group-249122FFF215: receive requestVote(ELECTION, bda778da-51f4-4847-bee0-b4babae878aa, group-249122FFF215, 5, (t:0, i:0))
2021-05-31 14:16:59,932 [grpc-default-executor-0] INFO  impl.VoteContext (VoteContext.java:log(48)) - e4951dd4-f4df-4d2e-bd67-fe61550133c1@group-249122FFF215-FOLLOWER: accept ELECTION from bda778da-51f4-4847-bee0-b4babae878aa: our priority 0 <= candidate's priority 1
2021-05-31 14:16:59,932 [grpc-default-executor-0] INFO  server.RaftServer$Division (RaftServerImpl.java:setRole(284)) - e4951dd4-f4df-4d2e-bd67-fe61550133c1@group-249122FFF215: changes role from  FOLLOWER to FOLLOWER at term 5 for candidate:bda778da-51f4-4847-bee0-b4babae878aa
2021-05-31 14:16:59,932 [grpc-default-executor-0] INFO  impl.RoleInfo (RoleInfo.java:shutdownFollowerState(108)) - e4951dd4-f4df-4d2e-bd67-fe61550133c1: shutdown e4951dd4-f4df-4d2e-bd67-fe61550133c1@group-249122FFF215-FollowerState
2021-05-31 14:16:59,932 [e4951dd4-f4df-4d2e-bd67-fe61550133c1@group-249122FFF215-FollowerState] INFO  impl.FollowerState (FollowerState.java:run(143)) - e4951dd4-f4df-4d2e-bd67-fe61550133c1@group-249122FFF215-FollowerState was interrupted: {}
java.lang.InterruptedException: sleep interrupted
	at java.lang.Thread.sleep(Native Method)
	at java.lang.Thread.sleep(Thread.java:340)
	at java.util.concurrent.TimeUnit.sleep(TimeUnit.java:386)
	at org.apache.ratis.util.TimeDuration.sleep(TimeDuration.java:324)
	at org.apache.ratis.util.TimeDuration.sleep(TimeDuration.java:309)
	at org.apache.ratis.server.impl.FollowerState.run(FollowerState.java:118)
2021-05-31 14:16:59,932 [grpc-default-executor-0] INFO  impl.RoleInfo (RoleInfo.java:updateAndGet(130)) - e4951dd4-f4df-4d2e-bd67-fe61550133c1: start e4951dd4-f4df-4d2e-bd67-fe61550133c1@group-249122FFF215-FollowerState
2021-05-31 14:16:59,933 [grpc-default-executor-1] INFO  server.RaftServer$Division (RaftServerImpl.java:requestVote(1074)) - 21f06eab-63c8-43fd-b305-f7c41bc87438@group-249122FFF215 replies to ELECTION vote request: bda778da-51f4-4847-bee0-b4babae878aa<-21f06eab-63c8-43fd-b305-f7c41bc87438#0:OK-t5. Peer's state: 21f06eab-63c8-43fd-b305-f7c41bc87438@group-249122FFF215:t5, leader=null, voted=bda778da-51f4-4847-bee0-b4babae878aa, raftlog=21f06eab-63c8-43fd-b305-f7c41bc87438@group-249122FFF215-SegmentedRaftLog:OPENED:c-1,f-1,i0, conf=-1: [21f06eab-63c8-43fd-b305-f7c41bc87438|rpc:127.0.0.1:43533|dataStream:|priority:0, e4951dd4-f4df-4d2e-bd67-fe61550133c1|rpc:127.0.0.1:42453|dataStream:|priority:0, bda778da-51f4-4847-bee0-b4babae878aa|rpc:127.0.0.1:32951|dataStream:|priority:1], old=null
2021-05-31 14:16:59,934 [bda778da-51f4-4847-bee0-b4babae878aa@group-249122FFF215-LeaderElection16] INFO  impl.LeaderElection (LeaderElection.java:logAndReturn(89)) - bda778da-51f4-4847-bee0-b4babae878aa@group-249122FFF215-LeaderElection16: ELECTION PASSED received 1 response(s) and 0 exception(s):
2021-05-31 14:16:59,934 [bda778da-51f4-4847-bee0-b4babae878aa@group-249122FFF215-LeaderElection16] INFO  impl.LeaderElection (LeaderElection.java:logAndReturn(93)) -   Response 0: bda778da-51f4-4847-bee0-b4babae878aa<-21f06eab-63c8-43fd-b305-f7c41bc87438#0:OK-t5
2021-05-31 14:16:59,935 [bda778da-51f4-4847-bee0-b4babae878aa@group-249122FFF215-LeaderElection16] INFO  impl.LeaderElection (LeaderElection.java:askForVotes(308)) - bda778da-51f4-4847-bee0-b4babae878aa@group-249122FFF215-LeaderElection16 ELECTION round 0: result PASSED
2021-05-31 14:16:59,935 [bda778da-51f4-4847-bee0-b4babae878aa@group-249122FFF215-LeaderElection16] INFO  impl.RoleInfo (RoleInfo.java:shutdownLeaderElection(121)) - bda778da-51f4-4847-bee0-b4babae878aa: shutdown bda778da-51f4-4847-bee0-b4babae878aa@group-249122FFF215-LeaderElection16
2021-05-31 14:16:59,935 [bda778da-51f4-4847-bee0-b4babae878aa@group-249122FFF215-LeaderElection16] INFO  server.RaftServer$Division (RaftServerImpl.java:setRole(284)) - bda778da-51f4-4847-bee0-b4babae878aa@group-249122FFF215: changes role from CANDIDATE to LEADER at term 5 for changeToLeader
2021-05-31 14:16:59,935 [bda778da-51f4-4847-bee0-b4babae878aa@group-249122FFF215-LeaderElection16] INFO  ratis.XceiverServerRatis (XceiverServerRatis.java:handleLeaderChangedNotification(906)) - Leader change notification received for group: group-249122FFF215 with new leaderId: bda778da-51f4-4847-bee0-b4babae878aa
2021-05-31 14:16:59,935 [bda778da-51f4-4847-bee0-b4babae878aa@group-249122FFF215-LeaderElection16] INFO  server.RaftServer$Division (ServerState.java:setLeader(271)) - bda778da-51f4-4847-bee0-b4babae878aa@group-249122FFF215: change Leader from null to bda778da-51f4-4847-bee0-b4babae878aa at term 5 for becomeLeader, leader elected after 25227ms
2021-05-31 14:16:59,935 [bda778da-51f4-4847-bee0-b4babae878aa@group-249122FFF215-LeaderElection16] INFO  server.RaftServerConfigKeys (ConfUtils.java:logGet(44)) - raft.server.staging.catchup.gap = 1000 (default)
2021-05-31 14:16:59,935 [bda778da-51f4-4847-bee0-b4babae878aa@group-249122FFF215-LeaderElection16] INFO  metrics.RatisMetrics (RatisMetrics.java:lambda$create$0(36)) - Creating Metrics Registry : ratis.log_appender.bda778da-51f4-4847-bee0-b4babae878aa@group-249122FFF215
2021-05-31 14:16:59,935 [bda778da-51f4-4847-bee0-b4babae878aa@group-249122FFF215-LeaderElection16] INFO  server.RaftServerConfigKeys (ConfUtils.java:logGet(44)) - raft.server.write.element-limit = 1024 (custom)
2021-05-31 14:16:59,935 [bda778da-51f4-4847-bee0-b4babae878aa@group-249122FFF215-LeaderElection16] INFO  server.RaftServerConfigKeys (ConfUtils.java:logGet(44)) - raft.server.write.byte-limit = 1073741824 (custom)
2021-05-31 14:16:59,935 [bda778da-51f4-4847-bee0-b4babae878aa@group-249122FFF215-LeaderElection16] INFO  server.RaftServerConfigKeys (ConfUtils.java:logGet(44)) - raft.server.watch.timeout = 180s (custom)
2021-05-31 14:16:59,936 [bda778da-51f4-4847-bee0-b4babae878aa@group-249122FFF215-LeaderElection16] INFO  server.RaftServerConfigKeys (ConfUtils.java:logGet(44)) - raft.server.watch.timeout.denomination = 1s (default)
2021-05-31 14:16:59,936 [bda778da-51f4-4847-bee0-b4babae878aa@group-249122FFF215-LeaderElection16] INFO  server.RaftServerConfigKeys (ConfUtils.java:logGet(44)) - raft.server.watch.element-limit = 65536 (default)
2021-05-31 14:16:59,936 [bda778da-51f4-4847-bee0-b4babae878aa@group-249122FFF215-LeaderElection16] INFO  server.RaftServerConfigKeys (ConfUtils.java:logGet(44)) - raft.server.log.appender.snapshot.chunk.size.max = 16MB (=16777216) (default)
2021-05-31 14:16:59,936 [bda778da-51f4-4847-bee0-b4babae878aa@group-249122FFF215-LeaderElection16] INFO  server.RaftServerConfigKeys (ConfUtils.java:logGet(44)) - raft.server.log.appender.buffer.byte-limit = 33554432 (custom)
2021-05-31 14:16:59,936 [bda778da-51f4-4847-bee0-b4babae878aa@group-249122FFF215-LeaderElection16] INFO  server.RaftServerConfigKeys (ConfUtils.java:logGet(44)) - raft.server.log.appender.buffer.element-limit = 1 (custom)
2021-05-31 14:16:59,936 [bda778da-51f4-4847-bee0-b4babae878aa@group-249122FFF215-LeaderElection16] INFO  grpc.GrpcConfigKeys (ConfUtils.java:logGet(44)) - raft.grpc.server.leader.outstanding.appends.max = 128 (default)
2021-05-31 14:16:59,936 [bda778da-51f4-4847-bee0-b4babae878aa@group-249122FFF215-LeaderElection16] INFO  server.RaftServerConfigKeys (ConfUtils.java:logGet(44)) - raft.server.rpc.request.timeout = 60s (custom)
2021-05-31 14:16:59,936 [bda778da-51f4-4847-bee0-b4babae878aa@group-249122FFF215-LeaderElection16] INFO  server.RaftServerConfigKeys (ConfUtils.java:logGet(44)) - raft.server.log.appender.install.snapshot.enabled = false (custom)
2021-05-31 14:16:59,936 [bda778da-51f4-4847-bee0-b4babae878aa@group-249122FFF215-LeaderElection16] INFO  metrics.RatisMetrics (RatisMetrics.java:lambda$create$0(36)) - Creating Metrics Registry : ratis_grpc.log_appender.bda778da-51f4-4847-bee0-b4babae878aa@group-249122FFF215
2021-05-31 14:16:59,941 [grpc-default-executor-0] INFO  server.RaftServer$Division (RaftServerImpl.java:requestVote(1074)) - e4951dd4-f4df-4d2e-bd67-fe61550133c1@group-249122FFF215 replies to ELECTION vote request: bda778da-51f4-4847-bee0-b4babae878aa<-e4951dd4-f4df-4d2e-bd67-fe61550133c1#0:OK-t5. Peer's state: e4951dd4-f4df-4d2e-bd67-fe61550133c1@group-249122FFF215:t5, leader=null, voted=bda778da-51f4-4847-bee0-b4babae878aa, raftlog=e4951dd4-f4df-4d2e-bd67-fe61550133c1@group-249122FFF215-SegmentedRaftLog:OPENED:c-1,f-1,i0, conf=-1: [21f06eab-63c8-43fd-b305-f7c41bc87438|rpc:127.0.0.1:43533|priority:0, e4951dd4-f4df-4d2e-bd67-fe61550133c1|rpc:127.0.0.1:42453|priority:0, bda778da-51f4-4847-bee0-b4babae878aa|rpc:127.0.0.1:32951|priority:1], old=null
2021-05-31 14:16:59,941 [bda778da-51f4-4847-bee0-b4babae878aa@group-249122FFF215-LeaderElection16] INFO  server.RaftServerConfigKeys (ConfUtils.java:logGet(44)) - raft.server.log.appender.snapshot.chunk.size.max = 16MB (=16777216) (default)
2021-05-31 14:16:59,942 [bda778da-51f4-4847-bee0-b4babae878aa@group-249122FFF215-LeaderElection16] INFO  server.RaftServerConfigKeys (ConfUtils.java:logGet(44)) - raft.server.log.appender.buffer.byte-limit = 33554432 (custom)
2021-05-31 14:16:59,942 [bda778da-51f4-4847-bee0-b4babae878aa@group-249122FFF215-LeaderElection16] INFO  server.RaftServerConfigKeys (ConfUtils.java:logGet(44)) - raft.server.log.appender.buffer.element-limit = 1 (custom)
2021-05-31 14:16:59,942 [bda778da-51f4-4847-bee0-b4babae878aa@group-249122FFF215-LeaderElection16] INFO  grpc.GrpcConfigKeys (ConfUtils.java:logGet(44)) - raft.grpc.server.leader.outstanding.appends.max = 128 (default)
2021-05-31 14:16:59,942 [bda778da-51f4-4847-bee0-b4babae878aa@group-249122FFF215-LeaderElection16] INFO  server.RaftServerConfigKeys (ConfUtils.java:logGet(44)) - raft.server.rpc.request.timeout = 60s (custom)
2021-05-31 14:16:59,942 [bda778da-51f4-4847-bee0-b4babae878aa@group-249122FFF215-LeaderElection16] INFO  server.RaftServerConfigKeys (ConfUtils.java:logGet(44)) - raft.server.log.appender.install.snapshot.enabled = false (custom)
2021-05-31 14:16:59,942 [bda778da-51f4-4847-bee0-b4babae878aa@group-249122FFF215-LeaderElection16] INFO  impl.RoleInfo (RoleInfo.java:updateAndGet(130)) - bda778da-51f4-4847-bee0-b4babae878aa: start bda778da-51f4-4847-bee0-b4babae878aa@group-249122FFF215-LeaderStateImpl
2021-05-31 14:16:59,943 [bda778da-51f4-4847-bee0-b4babae878aa@group-249122FFF215-LeaderElection16] INFO  segmented.SegmentedRaftLogWorker (SegmentedRaftLogWorker.java:startLogSegment(394)) - bda778da-51f4-4847-bee0-b4babae878aa@group-249122FFF215-SegmentedRaftLogWorker: Starting segment from index:0
2021-05-31 14:16:59,943 [EventQueue-PipelineReportForPipelineReportHandler] INFO  pipeline.PipelineManagerV2Impl (PipelineManagerV2Impl.java:openPipeline(270)) - Pipeline Pipeline[ Id: 95a153cd-5601-43af-81b8-249122fff215, Nodes: bda778da-51f4-4847-bee0-b4babae878aa{ip: 127.0.0.1, host: localhost, ports: [REPLICATION=39391, RATIS=32951, RATIS_ADMIN=32951, RATIS_SERVER=32951, STANDALONE=43997], networkLocation: /default-rack, certSerialId: null, persistedOpState: IN_SERVICE, persistedOpStateExpiryEpochSec: 0}21f06eab-63c8-43fd-b305-f7c41bc87438{ip: 127.0.0.1, host: localhost, ports: [REPLICATION=38101, RATIS=43533, RATIS_ADMIN=43533, RATIS_SERVER=43533, STANDALONE=39001], networkLocation: /default-rack, certSerialId: null, persistedOpState: IN_SERVICE, persistedOpStateExpiryEpochSec: 0}e4951dd4-f4df-4d2e-bd67-fe61550133c1{ip: 127.0.0.1, host: localhost, ports: [REPLICATION=41577, RATIS=42453, RATIS_ADMIN=42453, RATIS_SERVER=42453, STANDALONE=44877], networkLocation: /default-rack, certSerialId: null, persistedOpState: IN_SERVICE, persistedOpStateExpiryEpochSec: 0}, ReplicationConfig: RATIS/THREE, State:ALLOCATED, leaderId:bda778da-51f4-4847-bee0-b4babae878aa, CreationTimestamp2021-05-31T14:16:31.798Z] moved to OPEN state
2021-05-31 14:16:59,944 [EventQueue-PipelineReportForOneReplicaPipelineSafeModeRule] INFO  safemode.SCMSafeModeManager (SCMSafeModeManager.java:validateSafeModeExitRules(201)) - AtleastOneDatanodeReportedRule rule is successfully validated
2021-05-31 14:16:59,945 [EventQueue-PipelineReportForOneReplicaPipelineSafeModeRule] INFO  safemode.SCMSafeModeManager (SCMSafeModeManager.java:validateSafeModeExitRules(201)) - AtleastOneDatanodeReportedRule rule is successfully validated
2021-05-31 14:16:59,945 [EventQueue-PipelineReportForPipelineReportHandler] INFO  pipeline.PipelineManagerV2Impl (PipelineManagerV2Impl.java:openPipeline(270)) - Pipeline Pipeline[ Id: 95a153cd-5601-43af-81b8-249122fff215, Nodes: bda778da-51f4-4847-bee0-b4babae878aa{ip: 127.0.0.1, host: localhost, ports: [REPLICATION=39391, RATIS=32951, RATIS_ADMIN=32951, RATIS_SERVER=32951, STANDALONE=43997], networkLocation: /default-rack, certSerialId: null, persistedOpState: IN_SERVICE, persistedOpStateExpiryEpochSec: 0}21f06eab-63c8-43fd-b305-f7c41bc87438{ip: 127.0.0.1, host: localhost, ports: [REPLICATION=38101, RATIS=43533, RATIS_ADMIN=43533, RATIS_SERVER=43533, STANDALONE=39001], networkLocation: /default-rack, certSerialId: null, persistedOpState: IN_SERVICE, persistedOpStateExpiryEpochSec: 0}e4951dd4-f4df-4d2e-bd67-fe61550133c1{ip: 127.0.0.1, host: localhost, ports: [REPLICATION=41577, RATIS=42453, RATIS_ADMIN=42453, RATIS_SERVER=42453, STANDALONE=44877], networkLocation: /default-rack, certSerialId: null, persistedOpState: IN_SERVICE, persistedOpStateExpiryEpochSec: 0}, ReplicationConfig: RATIS/THREE, State:ALLOCATED, leaderId:bda778da-51f4-4847-bee0-b4babae878aa, CreationTimestamp2021-05-31T14:16:31.798Z] moved to OPEN state
2021-05-31 14:16:59,945 [EventQueue-PipelineReportForPipelineReportHandler] INFO  ha.SCMHAInvocationHandler (SCMHAInvocationHandler.java:invokeRatis(113)) - Invoking method public abstract void org.apache.hadoop.hdds.scm.pipeline.StateManager.updatePipelineState(org.apache.hadoop.hdds.protocol.proto.HddsProtos$PipelineID,org.apache.hadoop.hdds.protocol.proto.HddsProtos$PipelineState) throws java.io.IOException on target org.apache.hadoop.hdds.scm.ha.SCMRatisServerImpl@79071c14, cost 228.504us
2021-05-31 14:16:59,946 [EventQueue-PipelineReportForPipelineReportHandler] ERROR pipeline.PipelineReportHandler (PipelineReportHandler.java:onMessage(93)) - Could not process pipeline report=pipelineID {
  id: "95a153cd-5601-43af-81b8-249122fff215"
  uuid128 {
    mostSigBits: -7664752949431549009
    leastSigBits: -9099482841326030315
  }
}
isLeader: true
bytesWritten: 0
 from dn=bda778da-51f4-4847-bee0-b4babae878aa{ip: 127.0.0.1, host: localhost, ports: [REPLICATION=39391, RATIS=32951, RATIS_ADMIN=32951, RATIS_SERVER=32951, STANDALONE=43997], networkLocation: /default-rack, certSerialId: null, persistedOpState: null, persistedOpStateExpiryEpochSec: 0}.
org.apache.ratis.protocol.exceptions.NotLeaderException: Server fc8d0b26-40fd-4e75-8432-30636972f5a2@group-A7AD55EE2C31 is not the leader 86c596a3-6f32-42a0-9237-c69d9bdf2958|rpc:localhost:14160|admin:|client:|dataStream:|priority:0
	at org.apache.ratis.server.impl.RaftServerImpl.generateNotLeaderException(RaftServerImpl.java:661)
	at org.apache.ratis.server.impl.RaftServerImpl.checkLeaderState(RaftServerImpl.java:626)
	at org.apache.ratis.server.impl.RaftServerImpl.submitClientRequestAsync(RaftServerImpl.java:754)
	at org.apache.ratis.server.impl.RaftServerProxy.lambda$submitClientRequestAsync$9(RaftServerProxy.java:417)
	at org.apache.ratis.server.impl.RaftServerProxy.lambda$null$7(RaftServerProxy.java:412)
	at org.apache.ratis.util.JavaUtils.callAsUnchecked(JavaUtils.java:115)
	at org.apache.ratis.server.impl.RaftServerProxy.lambda$submitRequest$8(RaftServerProxy.java:412)
	at java.util.concurrent.CompletableFuture.uniComposeStage(CompletableFuture.java:995)
	at java.util.concurrent.CompletableFuture.thenCompose(CompletableFuture.java:2137)
	at org.apache.ratis.server.impl.RaftServerProxy.submitRequest(RaftServerProxy.java:411)
	at org.apache.ratis.server.impl.RaftServerProxy.submitClientRequestAsync(RaftServerProxy.java:417)
	at org.apache.hadoop.hdds.scm.ha.SCMRatisServerImpl.submitRequest(SCMRatisServerImpl.java:214)
	at org.apache.hadoop.hdds.scm.ha.SCMHAInvocationHandler.invokeRatis(SCMHAInvocationHandler.java:110)
	at org.apache.hadoop.hdds.scm.ha.SCMHAInvocationHandler.invoke(SCMHAInvocationHandler.java:67)
	at com.sun.proxy.$Proxy22.updatePipelineState(Unknown Source)
	at org.apache.hadoop.hdds.scm.pipeline.PipelineManagerV2Impl.openPipeline(PipelineManagerV2Impl.java:271)
	at org.apache.hadoop.hdds.scm.pipeline.PipelineReportHandler.processPipelineReport(PipelineReportHandler.java:124)
	at org.apache.hadoop.hdds.scm.pipeline.PipelineReportHandler.onMessage(PipelineReportHandler.java:91)
	at org.apache.hadoop.hdds.scm.pipeline.PipelineReportHandler.onMessage(PipelineReportHandler.java:50)
	at org.apache.hadoop.hdds.server.events.SingleThreadExecutor.lambda$onMessage$1(SingleThreadExecutor.java:81)
	at java.util.concurrent.ThreadPoolExecutor.runWorker(ThreadPoolExecutor.java:1149)
	at java.util.concurrent.ThreadPoolExecutor$Worker.run(ThreadPoolExecutor.java:624)
	at java.lang.Thread.run(Thread.java:748)
2021-05-31 14:16:59,946 [EventQueue-OpenPipelineForHealthyPipelineSafeModeRule] INFO  safemode.SCMSafeModeManager (HealthyPipelineSafeModeRule.java:process(130)) - SCM in safe mode. Healthy pipelines reported count is 0, required healthy pipeline reported count is 1
2021-05-31 14:16:59,947 [bda778da-51f4-4847-bee0-b4babae878aa@group-249122FFF215-SegmentedRaftLogWorker] INFO  segmented.SegmentedRaftLogWorker (SegmentedRaftLogWorker.java:execute(601)) - bda778da-51f4-4847-bee0-b4babae878aa@group-249122FFF215-SegmentedRaftLogWorker: created new log segment /home/runner/work/ozone/ozone/mnt/ozone/hadoop-ozone/integration-test/target/test-dir/MiniOzoneClusterImpl-54085720-bde5-45d4-8ce8-a7ad55ee2c31/datanode-1/data/ratis/95a153cd-5601-43af-81b8-249122fff215/current/log_inprogress_0
2021-05-31 14:16:59,949 [grpc-default-executor-1] INFO  ratis.XceiverServerRatis (XceiverServerRatis.java:handleLeaderChangedNotification(906)) - Leader change notification received for group: group-249122FFF215 with new leaderId: bda778da-51f4-4847-bee0-b4babae878aa
2021-05-31 14:16:59,949 [grpc-default-executor-1] INFO  server.RaftServer$Division (ServerState.java:setLeader(271)) - 21f06eab-63c8-43fd-b305-f7c41bc87438@group-249122FFF215: change Leader from null to bda778da-51f4-4847-bee0-b4babae878aa at term 5 for appendEntries, leader elected after 25187ms
2021-05-31 14:16:59,960 [bda778da-51f4-4847-bee0-b4babae878aa@group-249122FFF215-LeaderElection16] INFO  server.RaftServer$Division (ServerState.java:setRaftConf(373)) - bda778da-51f4-4847-bee0-b4babae878aa@group-249122FFF215: set configuration 0: [21f06eab-63c8-43fd-b305-f7c41bc87438|rpc:127.0.0.1:43533|dataStream:|priority:0, e4951dd4-f4df-4d2e-bd67-fe61550133c1|rpc:127.0.0.1:42453|dataStream:|priority:0, bda778da-51f4-4847-bee0-b4babae878aa|rpc:127.0.0.1:32951|dataStream:|priority:1], old=null
2021-05-31 14:16:59,960 [grpc-default-executor-1] INFO  server.RaftServer$Division (ServerState.java:setRaftConf(373)) - 21f06eab-63c8-43fd-b305-f7c41bc87438@group-249122FFF215: set configuration 0: [21f06eab-63c8-43fd-b305-f7c41bc87438|rpc:127.0.0.1:43533|dataStream:|priority:0, e4951dd4-f4df-4d2e-bd67-fe61550133c1|rpc:127.0.0.1:42453|dataStream:|priority:0, bda778da-51f4-4847-bee0-b4babae878aa|rpc:127.0.0.1:32951|dataStream:|priority:1], old=null
2021-05-31 14:16:59,960 [grpc-default-executor-1] INFO  segmented.SegmentedRaftLogWorker (SegmentedRaftLogWorker.java:startLogSegment(394)) - 21f06eab-63c8-43fd-b305-f7c41bc87438@group-249122FFF215-SegmentedRaftLogWorker: Starting segment from index:0
2021-05-31 14:16:59,962 [21f06eab-63c8-43fd-b305-f7c41bc87438@group-249122FFF215-SegmentedRaftLogWorker] INFO  segmented.SegmentedRaftLogWorker (SegmentedRaftLogWorker.java:execute(601)) - 21f06eab-63c8-43fd-b305-f7c41bc87438@group-249122FFF215-SegmentedRaftLogWorker: created new log segment /home/runner/work/ozone/ozone/mnt/ozone/hadoop-ozone/integration-test/target/test-dir/MiniOzoneClusterImpl-54085720-bde5-45d4-8ce8-a7ad55ee2c31/datanode-2/data/ratis/95a153cd-5601-43af-81b8-249122fff215/current/log_inprogress_0
2021-05-31 14:16:59,971 [grpc-default-executor-1] INFO  ratis.XceiverServerRatis (XceiverServerRatis.java:handleLeaderChangedNotification(906)) - Leader change notification received for group: group-249122FFF215 with new leaderId: bda778da-51f4-4847-bee0-b4babae878aa
2021-05-31 14:16:59,971 [grpc-default-executor-1] INFO  server.RaftServer$Division (ServerState.java:setLeader(271)) - e4951dd4-f4df-4d2e-bd67-fe61550133c1@group-249122FFF215: change Leader from null to bda778da-51f4-4847-bee0-b4babae878aa at term 5 for appendEntries, leader elected after 25373ms
2021-05-31 14:16:59,971 [EventQueue-PipelineReportForPipelineReportHandler] INFO  ha.SCMHAInvocationHandler (SCMHAInvocationHandler.java:invokeRatis(113)) - Invoking method public abstract void org.apache.hadoop.hdds.scm.pipeline.StateManager.updatePipelineState(org.apache.hadoop.hdds.protocol.proto.HddsProtos$PipelineID,org.apache.hadoop.hdds.protocol.proto.HddsProtos$PipelineState) throws java.io.IOException on target org.apache.hadoop.hdds.scm.ha.SCMRatisServerImpl@208eb941, cost 27689.785us
2021-05-31 14:16:59,971 [EventQueue-OpenPipelineForHealthyPipelineSafeModeRule] INFO  safemode.SCMSafeModeManager (HealthyPipelineSafeModeRule.java:process(130)) - SCM in safe mode. Healthy pipelines reported count is 1, required healthy pipeline reported count is 1
2021-05-31 14:16:59,971 [EventQueue-OpenPipelineForHealthyPipelineSafeModeRule] INFO  safemode.SCMSafeModeManager (SCMSafeModeManager.java:validateSafeModeExitRules(201)) - HealthyPipelineSafeModeRule rule is successfully validated
2021-05-31 14:16:59,971 [EventQueue-OpenPipelineForHealthyPipelineSafeModeRule] INFO  safemode.SCMSafeModeManager (SCMSafeModeManager.java:validateSafeModeExitRules(215)) - ScmSafeModeManager, all rules are successfully validated
2021-05-31 14:16:59,971 [EventQueue-OpenPipelineForHealthyPipelineSafeModeRule] INFO  safemode.SCMSafeModeManager (SCMSafeModeManager.java:exitSafeMode(244)) - SCM exiting safe mode.
2021-05-31 14:16:59,971 [EventQueue-OpenPipelineForHealthyPipelineSafeModeRule] WARN  events.EventQueue (EventQueue.java:fireEvent(185)) - No event handler registered for event TypedEvent{payloadType=SafeModeStatus, name='Safe mode status'}
2021-05-31 14:16:59,971 [EventQueue-OpenPipelineForHealthyPipelineSafeModeRule] INFO  ha.SCMContext (SCMContext.java:updateSafeModeStatus(147)) - Update SafeModeStatus from SafeModeStatus{safeModeStatus=true, preCheckPassed=true} to SafeModeStatus{safeModeStatus=false, preCheckPassed=true}.
2021-05-31 14:16:59,971 [EventQueue-OpenPipelineForHealthyPipelineSafeModeRule] INFO  container.ReplicationManager (ReplicationManager.java:notifyStatusChanged(1279)) - Service ReplicationManager transitions to RUNNING.
2021-05-31 14:16:59,974 [86c596a3-6f32-42a0-9237-c69d9bdf2958@group-A7AD55EE2C31-StateMachineUpdater] INFO  ha.SCMStateMachine (SCMStateMachine.java:takeSnapshot(282)) - Current Snapshot Index 24, takeSnapshot took 0 ms
2021-05-31 14:16:59,975 [86c596a3-6f32-42a0-9237-c69d9bdf2958@group-A7AD55EE2C31-StateMachineUpdater] INFO  impl.StateMachineUpdater (StateMachineUpdater.java:takeSnapshot(281)) - 86c596a3-6f32-42a0-9237-c69d9bdf2958@group-A7AD55EE2C31-StateMachineUpdater: Took a snapshot at index 24
2021-05-31 14:16:59,975 [86c596a3-6f32-42a0-9237-c69d9bdf2958@group-A7AD55EE2C31-StateMachineUpdater] INFO  impl.StateMachineUpdater (StateMachineUpdater.java:lambda$new$0(89)) - 86c596a3-6f32-42a0-9237-c69d9bdf2958@group-A7AD55EE2C31-StateMachineUpdater: snapshotIndex: updateIncreasingly 19 -> 24
2021-05-31 14:16:59,975 [86c596a3-6f32-42a0-9237-c69d9bdf2958@group-A7AD55EE2C31-StateMachineUpdater] INFO  raftlog.RaftLog (RaftLogBase.java:purge(306)) - 86c596a3-6f32-42a0-9237-c69d9bdf2958@group-A7AD55EE2C31-SegmentedRaftLog: purge 24
2021-05-31 14:16:59,975 [86c596a3-6f32-42a0-9237-c69d9bdf2958@group-A7AD55EE2C31-StateMachineUpdater] INFO  raftlog.RaftLog (RaftLogBase.java:lambda$new$0(53)) - 86c596a3-6f32-42a0-9237-c69d9bdf2958@group-A7AD55EE2C31-SegmentedRaftLog: snapshotIndex: updateIncreasingly 19 -> 24
2021-05-31 14:16:59,975 [86c596a3-6f32-42a0-9237-c69d9bdf2958@group-A7AD55EE2C31-StateMachineUpdater] INFO  raftlog.RaftLog (RaftLogBase.java:lambda$new$0(53)) - 86c596a3-6f32-42a0-9237-c69d9bdf2958@group-A7AD55EE2C31-SegmentedRaftLog: purgeIndex: updateToMax old=19, new=24, updated? true
2021-05-31 14:16:59,976 [grpc-default-executor-1] INFO  server.RaftServer$Division (ServerState.java:setRaftConf(373)) - e4951dd4-f4df-4d2e-bd67-fe61550133c1@group-249122FFF215: set configuration 0: [21f06eab-63c8-43fd-b305-f7c41bc87438|rpc:127.0.0.1:43533|dataStream:|priority:0, e4951dd4-f4df-4d2e-bd67-fe61550133c1|rpc:127.0.0.1:42453|dataStream:|priority:0, bda778da-51f4-4847-bee0-b4babae878aa|rpc:127.0.0.1:32951|dataStream:|priority:1], old=null
2021-05-31 14:16:59,976 [grpc-default-executor-1] INFO  segmented.SegmentedRaftLogWorker (SegmentedRaftLogWorker.java:startLogSegment(394)) - e4951dd4-f4df-4d2e-bd67-fe61550133c1@group-249122FFF215-SegmentedRaftLogWorker: Starting segment from index:0
2021-05-31 14:16:59,980 [e4951dd4-f4df-4d2e-bd67-fe61550133c1@group-249122FFF215-SegmentedRaftLogWorker] INFO  segmented.SegmentedRaftLogWorker (SegmentedRaftLogWorker.java:execute(601)) - e4951dd4-f4df-4d2e-bd67-fe61550133c1@group-249122FFF215-SegmentedRaftLogWorker: created new log segment /home/runner/work/ozone/ozone/mnt/ozone/hadoop-ozone/integration-test/target/test-dir/MiniOzoneClusterImpl-54085720-bde5-45d4-8ce8-a7ad55ee2c31/datanode-0/data/ratis/95a153cd-5601-43af-81b8-249122fff215/current/log_inprogress_0
2021-05-31 14:17:00,116 [EventQueue-PipelineReportForOneReplicaPipelineSafeModeRule] INFO  safemode.SCMSafeModeManager (SCMSafeModeManager.java:validateSafeModeExitRules(201)) - AtleastOneDatanodeReportedRule rule is successfully validated
2021-05-31 14:17:00,117 [EventQueue-OpenPipelineForHealthyPipelineSafeModeRule] INFO  safemode.SCMSafeModeManager (HealthyPipelineSafeModeRule.java:process(130)) - SCM in safe mode. Healthy pipelines reported count is 1, required healthy pipeline reported count is 1
2021-05-31 14:17:00,117 [EventQueue-OpenPipelineForHealthyPipelineSafeModeRule] INFO  safemode.SCMSafeModeManager (SCMSafeModeManager.java:validateSafeModeExitRules(201)) - HealthyPipelineSafeModeRule rule is successfully validated
2021-05-31 14:17:00,117 [EventQueue-OpenPipelineForHealthyPipelineSafeModeRule] INFO  safemode.SCMSafeModeManager (SCMSafeModeManager.java:validateSafeModeExitRules(215)) - ScmSafeModeManager, all rules are successfully validated
2021-05-31 14:17:00,117 [EventQueue-OpenPipelineForHealthyPipelineSafeModeRule] INFO  safemode.SCMSafeModeManager (SCMSafeModeManager.java:exitSafeMode(244)) - SCM exiting safe mode.
2021-05-31 14:17:00,117 [EventQueue-OpenPipelineForHealthyPipelineSafeModeRule] WARN  events.EventQueue (EventQueue.java:fireEvent(185)) - No event handler registered for event TypedEvent{payloadType=SafeModeStatus, name='Safe mode status'}
2021-05-31 14:17:00,117 [EventQueue-OpenPipelineForHealthyPipelineSafeModeRule] INFO  ha.SCMContext (SCMContext.java:updateSafeModeStatus(147)) - Update SafeModeStatus from SafeModeStatus{safeModeStatus=true, preCheckPassed=true} to SafeModeStatus{safeModeStatus=false, preCheckPassed=true}.
2021-05-31 14:17:00,220 [21f06eab-63c8-43fd-b305-f7c41bc87438@group-914A9C454EC2-FollowerState] INFO  impl.FollowerState (FollowerState.java:run(134)) - 21f06eab-63c8-43fd-b305-f7c41bc87438@group-914A9C454EC2-FollowerState: change to CANDIDATE, lastRpcElapsedTime:5033322968ns, electionTimeout:5032ms
2021-05-31 14:17:00,220 [21f06eab-63c8-43fd-b305-f7c41bc87438@group-914A9C454EC2-FollowerState] INFO  impl.RoleInfo (RoleInfo.java:shutdownFollowerState(108)) - 21f06eab-63c8-43fd-b305-f7c41bc87438: shutdown 21f06eab-63c8-43fd-b305-f7c41bc87438@group-914A9C454EC2-FollowerState
2021-05-31 14:17:00,220 [21f06eab-63c8-43fd-b305-f7c41bc87438@group-914A9C454EC2-FollowerState] INFO  server.RaftServer$Division (RaftServerImpl.java:setRole(284)) - 21f06eab-63c8-43fd-b305-f7c41bc87438@group-914A9C454EC2: changes role from  FOLLOWER to CANDIDATE at term 4 for changeToCandidate
2021-05-31 14:17:00,220 [21f06eab-63c8-43fd-b305-f7c41bc87438@group-914A9C454EC2-FollowerState] INFO  server.RaftServerConfigKeys (ConfUtils.java:logGet(44)) - raft.server.leaderelection.pre-vote = false (custom)
2021-05-31 14:17:00,220 [21f06eab-63c8-43fd-b305-f7c41bc87438@group-914A9C454EC2-FollowerState] INFO  impl.RoleInfo (RoleInfo.java:updateAndGet(130)) - 21f06eab-63c8-43fd-b305-f7c41bc87438: start 21f06eab-63c8-43fd-b305-f7c41bc87438@group-914A9C454EC2-LeaderElection17
2021-05-31 14:17:00,223 [21f06eab-63c8-43fd-b305-f7c41bc87438@group-914A9C454EC2-LeaderElection17] INFO  impl.LeaderElection (LeaderElection.java:askForVotes(306)) - 21f06eab-63c8-43fd-b305-f7c41bc87438@group-914A9C454EC2-LeaderElection17 ELECTION round 0: submit vote requests at term 5 for -1: [21f06eab-63c8-43fd-b305-f7c41bc87438|rpc:127.0.0.1:43533|priority:0, e4951dd4-f4df-4d2e-bd67-fe61550133c1|rpc:127.0.0.1:42453|priority:1, bda778da-51f4-4847-bee0-b4babae878aa|rpc:127.0.0.1:32951|priority:0], old=null
2021-05-31 14:17:00,229 [grpc-default-executor-1] INFO  server.RaftServer$Division (RaftServerImpl.java:requestVote(1042)) - bda778da-51f4-4847-bee0-b4babae878aa@group-914A9C454EC2: receive requestVote(ELECTION, 21f06eab-63c8-43fd-b305-f7c41bc87438, group-914A9C454EC2, 5, (t:0, i:0))
2021-05-31 14:17:00,229 [grpc-default-executor-1] INFO  impl.VoteContext (VoteContext.java:log(48)) - bda778da-51f4-4847-bee0-b4babae878aa@group-914A9C454EC2-FOLLOWER: accept ELECTION from 21f06eab-63c8-43fd-b305-f7c41bc87438: our priority 0 <= candidate's priority 0
2021-05-31 14:17:00,229 [grpc-default-executor-1] INFO  server.RaftServer$Division (RaftServerImpl.java:setRole(284)) - bda778da-51f4-4847-bee0-b4babae878aa@group-914A9C454EC2: changes role from  FOLLOWER to FOLLOWER at term 5 for candidate:21f06eab-63c8-43fd-b305-f7c41bc87438
2021-05-31 14:17:00,229 [grpc-default-executor-1] INFO  impl.RoleInfo (RoleInfo.java:shutdownFollowerState(108)) - bda778da-51f4-4847-bee0-b4babae878aa: shutdown bda778da-51f4-4847-bee0-b4babae878aa@group-914A9C454EC2-FollowerState
2021-05-31 14:17:00,230 [grpc-default-executor-1] INFO  impl.RoleInfo (RoleInfo.java:updateAndGet(130)) - bda778da-51f4-4847-bee0-b4babae878aa: start bda778da-51f4-4847-bee0-b4babae878aa@group-914A9C454EC2-FollowerState
2021-05-31 14:17:00,230 [bda778da-51f4-4847-bee0-b4babae878aa@group-914A9C454EC2-FollowerState] INFO  impl.FollowerState (FollowerState.java:run(143)) - bda778da-51f4-4847-bee0-b4babae878aa@group-914A9C454EC2-FollowerState was interrupted: {}
java.lang.InterruptedException: sleep interrupted
	at java.lang.Thread.sleep(Native Method)
	at java.lang.Thread.sleep(Thread.java:340)
	at java.util.concurrent.TimeUnit.sleep(TimeUnit.java:386)
	at org.apache.ratis.util.TimeDuration.sleep(TimeDuration.java:324)
	at org.apache.ratis.util.TimeDuration.sleep(TimeDuration.java:309)
	at org.apache.ratis.server.impl.FollowerState.run(FollowerState.java:118)
2021-05-31 14:17:00,232 [grpc-default-executor-1] INFO  server.RaftServer$Division (RaftServerImpl.java:requestVote(1074)) - bda778da-51f4-4847-bee0-b4babae878aa@group-914A9C454EC2 replies to ELECTION vote request: 21f06eab-63c8-43fd-b305-f7c41bc87438<-bda778da-51f4-4847-bee0-b4babae878aa#0:OK-t5. Peer's state: bda778da-51f4-4847-bee0-b4babae878aa@group-914A9C454EC2:t5, leader=null, voted=21f06eab-63c8-43fd-b305-f7c41bc87438, raftlog=bda778da-51f4-4847-bee0-b4babae878aa@group-914A9C454EC2-SegmentedRaftLog:OPENED:c-1,f-1,i0, conf=-1: [21f06eab-63c8-43fd-b305-f7c41bc87438|rpc:127.0.0.1:43533|priority:0, e4951dd4-f4df-4d2e-bd67-fe61550133c1|rpc:127.0.0.1:42453|priority:1, bda778da-51f4-4847-bee0-b4babae878aa|rpc:127.0.0.1:32951|priority:0], old=null
2021-05-31 14:17:00,232 [grpc-default-executor-2] INFO  server.RaftServer$Division (RaftServerImpl.java:requestVote(1042)) - e4951dd4-f4df-4d2e-bd67-fe61550133c1@group-914A9C454EC2: receive requestVote(ELECTION, 21f06eab-63c8-43fd-b305-f7c41bc87438, group-914A9C454EC2, 5, (t:0, i:0))
2021-05-31 14:17:00,232 [grpc-default-executor-2] INFO  impl.VoteContext (VoteContext.java:log(48)) - e4951dd4-f4df-4d2e-bd67-fe61550133c1@group-914A9C454EC2-FOLLOWER: reject ELECTION from 21f06eab-63c8-43fd-b305-f7c41bc87438: our priority 1 > candidate's priority 0
2021-05-31 14:17:00,232 [grpc-default-executor-2] INFO  server.RaftServer$Division (RaftServerImpl.java:setRole(284)) - e4951dd4-f4df-4d2e-bd67-fe61550133c1@group-914A9C454EC2: changes role from  FOLLOWER to FOLLOWER at term 5 for candidate:21f06eab-63c8-43fd-b305-f7c41bc87438
2021-05-31 14:17:00,232 [grpc-default-executor-2] INFO  impl.RoleInfo (RoleInfo.java:shutdownFollowerState(108)) - e4951dd4-f4df-4d2e-bd67-fe61550133c1: shutdown e4951dd4-f4df-4d2e-bd67-fe61550133c1@group-914A9C454EC2-FollowerState
2021-05-31 14:17:00,232 [grpc-default-executor-2] INFO  impl.RoleInfo (RoleInfo.java:updateAndGet(130)) - e4951dd4-f4df-4d2e-bd67-fe61550133c1: start e4951dd4-f4df-4d2e-bd67-fe61550133c1@group-914A9C454EC2-FollowerState
2021-05-31 14:17:00,233 [e4951dd4-f4df-4d2e-bd67-fe61550133c1@group-914A9C454EC2-FollowerState] INFO  impl.FollowerState (FollowerState.java:run(143)) - e4951dd4-f4df-4d2e-bd67-fe61550133c1@group-914A9C454EC2-FollowerState was interrupted: {}
java.lang.InterruptedException: sleep interrupted
	at java.lang.Thread.sleep(Native Method)
	at java.lang.Thread.sleep(Thread.java:340)
	at java.util.concurrent.TimeUnit.sleep(TimeUnit.java:386)
	at org.apache.ratis.util.TimeDuration.sleep(TimeDuration.java:324)
	at org.apache.ratis.util.TimeDuration.sleep(TimeDuration.java:309)
	at org.apache.ratis.server.impl.FollowerState.run(FollowerState.java:118)
2021-05-31 14:17:00,234 [grpc-default-executor-2] INFO  server.RaftServer$Division (RaftServerImpl.java:requestVote(1074)) - e4951dd4-f4df-4d2e-bd67-fe61550133c1@group-914A9C454EC2 replies to ELECTION vote request: 21f06eab-63c8-43fd-b305-f7c41bc87438<-e4951dd4-f4df-4d2e-bd67-fe61550133c1#0:FAIL-t5. Peer's state: e4951dd4-f4df-4d2e-bd67-fe61550133c1@group-914A9C454EC2:t5, leader=null, voted=null, raftlog=e4951dd4-f4df-4d2e-bd67-fe61550133c1@group-914A9C454EC2-SegmentedRaftLog:OPENED:c-1,f-1,i0, conf=-1: [21f06eab-63c8-43fd-b305-f7c41bc87438|rpc:127.0.0.1:43533|priority:0, e4951dd4-f4df-4d2e-bd67-fe61550133c1|rpc:127.0.0.1:42453|priority:1, bda778da-51f4-4847-bee0-b4babae878aa|rpc:127.0.0.1:32951|priority:0], old=null
2021-05-31 14:17:00,235 [21f06eab-63c8-43fd-b305-f7c41bc87438@group-914A9C454EC2-LeaderElection17] INFO  impl.LeaderElection (LeaderElection.java:logAndReturn(89)) - 21f06eab-63c8-43fd-b305-f7c41bc87438@group-914A9C454EC2-LeaderElection17: ELECTION REJECTED received 2 response(s) and 0 exception(s):
2021-05-31 14:17:00,235 [21f06eab-63c8-43fd-b305-f7c41bc87438@group-914A9C454EC2-LeaderElection17] INFO  impl.LeaderElection (LeaderElection.java:logAndReturn(93)) -   Response 0: 21f06eab-63c8-43fd-b305-f7c41bc87438<-e4951dd4-f4df-4d2e-bd67-fe61550133c1#0:FAIL-t5
2021-05-31 14:17:00,235 [21f06eab-63c8-43fd-b305-f7c41bc87438@group-914A9C454EC2-LeaderElection17] INFO  impl.LeaderElection (LeaderElection.java:logAndReturn(93)) -   Response 1: 21f06eab-63c8-43fd-b305-f7c41bc87438<-bda778da-51f4-4847-bee0-b4babae878aa#0:OK-t5
2021-05-31 14:17:00,235 [21f06eab-63c8-43fd-b305-f7c41bc87438@group-914A9C454EC2-LeaderElection17] INFO  impl.LeaderElection (LeaderElection.java:askForVotes(308)) - 21f06eab-63c8-43fd-b305-f7c41bc87438@group-914A9C454EC2-LeaderElection17 ELECTION round 0: result REJECTED
2021-05-31 14:17:00,236 [21f06eab-63c8-43fd-b305-f7c41bc87438@group-914A9C454EC2-LeaderElection17] INFO  server.RaftServer$Division (RaftServerImpl.java:setRole(284)) - 21f06eab-63c8-43fd-b305-f7c41bc87438@group-914A9C454EC2: changes role from CANDIDATE to FOLLOWER at term 5 for REJECTED
2021-05-31 14:17:00,236 [21f06eab-63c8-43fd-b305-f7c41bc87438@group-914A9C454EC2-LeaderElection17] INFO  impl.RoleInfo (RoleInfo.java:shutdownLeaderElection(121)) - 21f06eab-63c8-43fd-b305-f7c41bc87438: shutdown 21f06eab-63c8-43fd-b305-f7c41bc87438@group-914A9C454EC2-LeaderElection17
2021-05-31 14:17:00,236 [21f06eab-63c8-43fd-b305-f7c41bc87438@group-914A9C454EC2-LeaderElection17] INFO  impl.RoleInfo (RoleInfo.java:updateAndGet(130)) - 21f06eab-63c8-43fd-b305-f7c41bc87438: start 21f06eab-63c8-43fd-b305-f7c41bc87438@group-914A9C454EC2-FollowerState
2021-05-31 14:17:00,618 [Datanode State Machine Thread - 0] ERROR datanode.RunningDatanodeState (RunningDatanodeState.java:computeNextContainerState(199)) - Error in executing end point task.
java.util.concurrent.ExecutionException: java.util.concurrent.TimeoutException
	at java.util.concurrent.FutureTask.report(FutureTask.java:122)
	at java.util.concurrent.FutureTask.get(FutureTask.java:192)
	at org.apache.hadoop.ozone.container.common.states.datanode.RunningDatanodeState.computeNextContainerState(RunningDatanodeState.java:191)
	at org.apache.hadoop.ozone.container.common.states.datanode.RunningDatanodeState.await(RunningDatanodeState.java:231)
	at org.apache.hadoop.ozone.container.common.states.datanode.RunningDatanodeState.await(RunningDatanodeState.java:50)
	at org.apache.hadoop.ozone.container.common.statemachine.StateContext.execute(StateContext.java:579)
	at org.apache.hadoop.ozone.container.common.statemachine.DatanodeStateMachine.start(DatanodeStateMachine.java:233)
	at org.apache.hadoop.ozone.container.common.statemachine.DatanodeStateMachine.lambda$startDaemon$0(DatanodeStateMachine.java:416)
	at java.lang.Thread.run(Thread.java:748)
Caused by: java.util.concurrent.TimeoutException
	at java.util.concurrent.FutureTask.get(FutureTask.java:205)
	at org.apache.hadoop.ozone.container.common.states.datanode.RunningDatanodeState.lambda$execute$0(RunningDatanodeState.java:149)
	at java.util.concurrent.FutureTask.run(FutureTask.java:266)
	at java.util.concurrent.Executors$RunnableAdapter.call(Executors.java:511)
	at java.util.concurrent.FutureTask.run(FutureTask.java:266)
	at java.util.concurrent.ThreadPoolExecutor.runWorker(ThreadPoolExecutor.java:1149)
	at java.util.concurrent.ThreadPoolExecutor$Worker.run(ThreadPoolExecutor.java:624)
	... 1 more
2021-05-31 14:17:00,792 [Listener at 127.0.0.1/11372] INFO  ozone.MiniOzoneClusterImpl (MiniOzoneClusterImpl.java:lambda$waitForClusterToBeReady$0(224)) - Nodes are ready. Got 3 of 3 DN Heartbeats.
2021-05-31 14:17:00,792 [Listener at 127.0.0.1/11372] INFO  ozone.MiniOzoneClusterImpl (MiniOzoneClusterImpl.java:lambda$waitForClusterToBeReady$0(227)) - Cluster exits safe mode
2021-05-31 14:17:00,792 [Listener at 127.0.0.1/11372] INFO  ozone.MiniOzoneClusterImpl (MiniOzoneClusterImpl.java:lambda$waitForClusterToBeReady$0(230)) - SCM became leader
2021-05-31 14:17:00,812 [Listener at 127.0.0.1/11372] INFO  ha.SCMHAInvocationHandler (SCMHAInvocationHandler.java:invokeRatis(113)) - Invoking method public abstract java.lang.Boolean org.apache.hadoop.hdds.scm.ha.SequenceIdGenerator$StateManager.allocateBatch(java.lang.String,java.lang.Long,java.lang.Long) on target org.apache.hadoop.hdds.scm.ha.SCMRatisServerImpl@208eb941, cost 12062.811us
2021-05-31 14:17:00,813 [Listener at 127.0.0.1/11372] INFO  ha.SequenceIdGenerator (SequenceIdGenerator.java:getNextId(127)) - Allocate a batch for containerId, change lastId from 0 to 1000.
2021-05-31 14:17:00,816 [fc8d0b26-40fd-4e75-8432-30636972f5a2@group-A7AD55EE2C31-StateMachineUpdater] INFO  ha.SCMStateMachine (SCMStateMachine.java:takeSnapshot(282)) - Current Snapshot Index 25, takeSnapshot took 0 ms
2021-05-31 14:17:00,816 [fc8d0b26-40fd-4e75-8432-30636972f5a2@group-A7AD55EE2C31-StateMachineUpdater] INFO  impl.StateMachineUpdater (StateMachineUpdater.java:takeSnapshot(281)) - fc8d0b26-40fd-4e75-8432-30636972f5a2@group-A7AD55EE2C31-StateMachineUpdater: Took a snapshot at index 25
2021-05-31 14:17:00,816 [fc8d0b26-40fd-4e75-8432-30636972f5a2@group-A7AD55EE2C31-StateMachineUpdater] INFO  impl.StateMachineUpdater (StateMachineUpdater.java:lambda$new$0(89)) - fc8d0b26-40fd-4e75-8432-30636972f5a2@group-A7AD55EE2C31-StateMachineUpdater: snapshotIndex: updateIncreasingly 20 -> 25
2021-05-31 14:17:00,816 [fc8d0b26-40fd-4e75-8432-30636972f5a2@group-A7AD55EE2C31-StateMachineUpdater] INFO  raftlog.RaftLog (RaftLogBase.java:purge(306)) - fc8d0b26-40fd-4e75-8432-30636972f5a2@group-A7AD55EE2C31-SegmentedRaftLog: purge 25
2021-05-31 14:17:00,816 [fc8d0b26-40fd-4e75-8432-30636972f5a2@group-A7AD55EE2C31-StateMachineUpdater] INFO  raftlog.RaftLog (RaftLogBase.java:lambda$new$0(53)) - fc8d0b26-40fd-4e75-8432-30636972f5a2@group-A7AD55EE2C31-SegmentedRaftLog: snapshotIndex: updateIncreasingly 20 -> 25
2021-05-31 14:17:00,816 [fc8d0b26-40fd-4e75-8432-30636972f5a2@group-A7AD55EE2C31-StateMachineUpdater] INFO  raftlog.RaftLog (RaftLogBase.java:lambda$new$0(53)) - fc8d0b26-40fd-4e75-8432-30636972f5a2@group-A7AD55EE2C31-SegmentedRaftLog: purgeIndex: updateToMax old=20, new=25, updated? true
2021-05-31 14:17:00,825 [Listener at 127.0.0.1/11372] INFO  ha.SCMHAInvocationHandler (SCMHAInvocationHandler.java:invokeRatis(113)) - Invoking method public abstract void org.apache.hadoop.hdds.scm.container.ContainerStateManagerV2.addContainer(org.apache.hadoop.hdds.protocol.proto.HddsProtos$ContainerInfoProto) throws java.io.IOException on target org.apache.hadoop.hdds.scm.ha.SCMRatisServerImpl@208eb941, cost 8314.445us
2021-05-31 14:17:00,933 [86c596a3-6f32-42a0-9237-c69d9bdf2958@group-A7AD55EE2C31-StateMachineUpdater] INFO  ha.SCMStateMachine (SCMStateMachine.java:takeSnapshot(282)) - Current Snapshot Index 29, takeSnapshot took 0 ms
2021-05-31 14:17:00,933 [86c596a3-6f32-42a0-9237-c69d9bdf2958@group-A7AD55EE2C31-StateMachineUpdater] INFO  impl.StateMachineUpdater (StateMachineUpdater.java:takeSnapshot(281)) - 86c596a3-6f32-42a0-9237-c69d9bdf2958@group-A7AD55EE2C31-StateMachineUpdater: Took a snapshot at index 29
2021-05-31 14:17:00,933 [86c596a3-6f32-42a0-9237-c69d9bdf2958@group-A7AD55EE2C31-StateMachineUpdater] INFO  impl.StateMachineUpdater (StateMachineUpdater.java:lambda$new$0(89)) - 86c596a3-6f32-42a0-9237-c69d9bdf2958@group-A7AD55EE2C31-StateMachineUpdater: snapshotIndex: updateIncreasingly 24 -> 29
2021-05-31 14:17:00,933 [86c596a3-6f32-42a0-9237-c69d9bdf2958@group-A7AD55EE2C31-StateMachineUpdater] INFO  raftlog.RaftLog (RaftLogBase.java:purge(306)) - 86c596a3-6f32-42a0-9237-c69d9bdf2958@group-A7AD55EE2C31-SegmentedRaftLog: purge 29
2021-05-31 14:17:00,933 [86c596a3-6f32-42a0-9237-c69d9bdf2958@group-A7AD55EE2C31-StateMachineUpdater] INFO  raftlog.RaftLog (RaftLogBase.java:lambda$new$0(53)) - 86c596a3-6f32-42a0-9237-c69d9bdf2958@group-A7AD55EE2C31-SegmentedRaftLog: snapshotIndex: updateIncreasingly 24 -> 29
2021-05-31 14:17:00,934 [86c596a3-6f32-42a0-9237-c69d9bdf2958@group-A7AD55EE2C31-StateMachineUpdater] INFO  raftlog.RaftLog (RaftLogBase.java:lambda$new$0(53)) - 86c596a3-6f32-42a0-9237-c69d9bdf2958@group-A7AD55EE2C31-SegmentedRaftLog: purgeIndex: updateToMax old=24, new=29, updated? true
2021-05-31 14:17:00,934 [Listener at 127.0.0.1/11372] INFO  ha.SCMHAInvocationHandler (SCMHAInvocationHandler.java:invokeRatis(113)) - Invoking method public abstract void org.apache.hadoop.hdds.scm.container.ContainerStateManagerV2.addContainer(org.apache.hadoop.hdds.protocol.proto.HddsProtos$ContainerInfoProto) throws java.io.IOException on target org.apache.hadoop.hdds.scm.ha.SCMRatisServerImpl@208eb941, cost 6219.609us
2021-05-31 14:17:01,038 [fc8d0b26-40fd-4e75-8432-30636972f5a2@group-A7AD55EE2C31-StateMachineUpdater] INFO  ha.SCMStateMachine (SCMStateMachine.java:takeSnapshot(282)) - Current Snapshot Index 30, takeSnapshot took 0 ms
2021-05-31 14:17:01,038 [fc8d0b26-40fd-4e75-8432-30636972f5a2@group-A7AD55EE2C31-StateMachineUpdater] INFO  impl.StateMachineUpdater (StateMachineUpdater.java:takeSnapshot(281)) - fc8d0b26-40fd-4e75-8432-30636972f5a2@group-A7AD55EE2C31-StateMachineUpdater: Took a snapshot at index 30
2021-05-31 14:17:01,038 [fc8d0b26-40fd-4e75-8432-30636972f5a2@group-A7AD55EE2C31-StateMachineUpdater] INFO  impl.StateMachineUpdater (StateMachineUpdater.java:lambda$new$0(89)) - fc8d0b26-40fd-4e75-8432-30636972f5a2@group-A7AD55EE2C31-StateMachineUpdater: snapshotIndex: updateIncreasingly 25 -> 30
2021-05-31 14:17:01,038 [fc8d0b26-40fd-4e75-8432-30636972f5a2@group-A7AD55EE2C31-StateMachineUpdater] INFO  raftlog.RaftLog (RaftLogBase.java:purge(306)) - fc8d0b26-40fd-4e75-8432-30636972f5a2@group-A7AD55EE2C31-SegmentedRaftLog: purge 30
2021-05-31 14:17:01,038 [fc8d0b26-40fd-4e75-8432-30636972f5a2@group-A7AD55EE2C31-StateMachineUpdater] INFO  raftlog.RaftLog (RaftLogBase.java:lambda$new$0(53)) - fc8d0b26-40fd-4e75-8432-30636972f5a2@group-A7AD55EE2C31-SegmentedRaftLog: snapshotIndex: updateIncreasingly 25 -> 30
2021-05-31 14:17:01,038 [fc8d0b26-40fd-4e75-8432-30636972f5a2@group-A7AD55EE2C31-StateMachineUpdater] INFO  raftlog.RaftLog (RaftLogBase.java:lambda$new$0(53)) - fc8d0b26-40fd-4e75-8432-30636972f5a2@group-A7AD55EE2C31-SegmentedRaftLog: purgeIndex: updateToMax old=25, new=30, updated? true
2021-05-31 14:17:01,040 [Listener at 127.0.0.1/11372] INFO  ha.SCMHAInvocationHandler (SCMHAInvocationHandler.java:invokeRatis(113)) - Invoking method public abstract void org.apache.hadoop.hdds.scm.container.ContainerStateManagerV2.addContainer(org.apache.hadoop.hdds.protocol.proto.HddsProtos$ContainerInfoProto) throws java.io.IOException on target org.apache.hadoop.hdds.scm.ha.SCMRatisServerImpl@208eb941, cost 5393.194us
2021-05-31 14:17:01,145 [Listener at 127.0.0.1/11372] INFO  ha.SCMHAInvocationHandler (SCMHAInvocationHandler.java:invokeRatis(113)) - Invoking method public abstract void org.apache.hadoop.hdds.scm.container.ContainerStateManagerV2.addContainer(org.apache.hadoop.hdds.protocol.proto.HddsProtos$ContainerInfoProto) throws java.io.IOException on target org.apache.hadoop.hdds.scm.ha.SCMRatisServerImpl@208eb941, cost 4188.573us
2021-05-31 14:17:01,147 [86c596a3-6f32-42a0-9237-c69d9bdf2958@group-A7AD55EE2C31-StateMachineUpdater] INFO  ha.SCMStateMachine (SCMStateMachine.java:takeSnapshot(282)) - Current Snapshot Index 34, takeSnapshot took 0 ms
2021-05-31 14:17:01,148 [86c596a3-6f32-42a0-9237-c69d9bdf2958@group-A7AD55EE2C31-StateMachineUpdater] INFO  impl.StateMachineUpdater (StateMachineUpdater.java:takeSnapshot(281)) - 86c596a3-6f32-42a0-9237-c69d9bdf2958@group-A7AD55EE2C31-StateMachineUpdater: Took a snapshot at index 34
2021-05-31 14:17:01,148 [86c596a3-6f32-42a0-9237-c69d9bdf2958@group-A7AD55EE2C31-StateMachineUpdater] INFO  impl.StateMachineUpdater (StateMachineUpdater.java:lambda$new$0(89)) - 86c596a3-6f32-42a0-9237-c69d9bdf2958@group-A7AD55EE2C31-StateMachineUpdater: snapshotIndex: updateIncreasingly 29 -> 34
2021-05-31 14:17:01,148 [86c596a3-6f32-42a0-9237-c69d9bdf2958@group-A7AD55EE2C31-StateMachineUpdater] INFO  raftlog.RaftLog (RaftLogBase.java:purge(306)) - 86c596a3-6f32-42a0-9237-c69d9bdf2958@group-A7AD55EE2C31-SegmentedRaftLog: purge 34
2021-05-31 14:17:01,148 [86c596a3-6f32-42a0-9237-c69d9bdf2958@group-A7AD55EE2C31-StateMachineUpdater] INFO  raftlog.RaftLog (RaftLogBase.java:lambda$new$0(53)) - 86c596a3-6f32-42a0-9237-c69d9bdf2958@group-A7AD55EE2C31-SegmentedRaftLog: snapshotIndex: updateIncreasingly 29 -> 34
2021-05-31 14:17:01,148 [86c596a3-6f32-42a0-9237-c69d9bdf2958@group-A7AD55EE2C31-StateMachineUpdater] INFO  raftlog.RaftLog (RaftLogBase.java:lambda$new$0(53)) - 86c596a3-6f32-42a0-9237-c69d9bdf2958@group-A7AD55EE2C31-SegmentedRaftLog: purgeIndex: updateToMax old=29, new=34, updated? true
2021-05-31 14:17:01,251 [Listener at 127.0.0.1/11372] INFO  ha.SCMHAInvocationHandler (SCMHAInvocationHandler.java:invokeRatis(113)) - Invoking method public abstract void org.apache.hadoop.hdds.scm.container.ContainerStateManagerV2.addContainer(org.apache.hadoop.hdds.protocol.proto.HddsProtos$ContainerInfoProto) throws java.io.IOException on target org.apache.hadoop.hdds.scm.ha.SCMRatisServerImpl@208eb941, cost 5453.396us
2021-05-31 14:17:01,253 [fc8d0b26-40fd-4e75-8432-30636972f5a2@group-A7AD55EE2C31-StateMachineUpdater] INFO  ha.SCMStateMachine (SCMStateMachine.java:takeSnapshot(282)) - Current Snapshot Index 35, takeSnapshot took 0 ms
2021-05-31 14:17:01,253 [fc8d0b26-40fd-4e75-8432-30636972f5a2@group-A7AD55EE2C31-StateMachineUpdater] INFO  impl.StateMachineUpdater (StateMachineUpdater.java:takeSnapshot(281)) - fc8d0b26-40fd-4e75-8432-30636972f5a2@group-A7AD55EE2C31-StateMachineUpdater: Took a snapshot at index 35
2021-05-31 14:17:01,253 [fc8d0b26-40fd-4e75-8432-30636972f5a2@group-A7AD55EE2C31-StateMachineUpdater] INFO  impl.StateMachineUpdater (StateMachineUpdater.java:lambda$new$0(89)) - fc8d0b26-40fd-4e75-8432-30636972f5a2@group-A7AD55EE2C31-StateMachineUpdater: snapshotIndex: updateIncreasingly 30 -> 35
2021-05-31 14:17:01,253 [fc8d0b26-40fd-4e75-8432-30636972f5a2@group-A7AD55EE2C31-StateMachineUpdater] INFO  raftlog.RaftLog (RaftLogBase.java:purge(306)) - fc8d0b26-40fd-4e75-8432-30636972f5a2@group-A7AD55EE2C31-SegmentedRaftLog: purge 35
2021-05-31 14:17:01,253 [fc8d0b26-40fd-4e75-8432-30636972f5a2@group-A7AD55EE2C31-StateMachineUpdater] INFO  raftlog.RaftLog (RaftLogBase.java:lambda$new$0(53)) - fc8d0b26-40fd-4e75-8432-30636972f5a2@group-A7AD55EE2C31-SegmentedRaftLog: snapshotIndex: updateIncreasingly 30 -> 35
2021-05-31 14:17:01,253 [fc8d0b26-40fd-4e75-8432-30636972f5a2@group-A7AD55EE2C31-StateMachineUpdater] INFO  raftlog.RaftLog (RaftLogBase.java:lambda$new$0(53)) - fc8d0b26-40fd-4e75-8432-30636972f5a2@group-A7AD55EE2C31-SegmentedRaftLog: purgeIndex: updateToMax old=30, new=35, updated? true
2021-05-31 14:17:01,358 [Listener at 127.0.0.1/11372] INFO  ha.SCMHAInvocationHandler (SCMHAInvocationHandler.java:invokeRatis(113)) - Invoking method public abstract void org.apache.hadoop.hdds.scm.container.ContainerStateManagerV2.addContainer(org.apache.hadoop.hdds.protocol.proto.HddsProtos$ContainerInfoProto) throws java.io.IOException on target org.apache.hadoop.hdds.scm.ha.SCMRatisServerImpl@208eb941, cost 6273.31us
2021-05-31 14:17:01,464 [86c596a3-6f32-42a0-9237-c69d9bdf2958@group-A7AD55EE2C31-StateMachineUpdater] INFO  ha.SCMStateMachine (SCMStateMachine.java:takeSnapshot(282)) - Current Snapshot Index 39, takeSnapshot took 0 ms
2021-05-31 14:17:01,464 [86c596a3-6f32-42a0-9237-c69d9bdf2958@group-A7AD55EE2C31-StateMachineUpdater] INFO  impl.StateMachineUpdater (StateMachineUpdater.java:takeSnapshot(281)) - 86c596a3-6f32-42a0-9237-c69d9bdf2958@group-A7AD55EE2C31-StateMachineUpdater: Took a snapshot at index 39
2021-05-31 14:17:01,464 [86c596a3-6f32-42a0-9237-c69d9bdf2958@group-A7AD55EE2C31-StateMachineUpdater] INFO  impl.StateMachineUpdater (StateMachineUpdater.java:lambda$new$0(89)) - 86c596a3-6f32-42a0-9237-c69d9bdf2958@group-A7AD55EE2C31-StateMachineUpdater: snapshotIndex: updateIncreasingly 34 -> 39
2021-05-31 14:17:01,465 [86c596a3-6f32-42a0-9237-c69d9bdf2958@group-A7AD55EE2C31-StateMachineUpdater] INFO  raftlog.RaftLog (RaftLogBase.java:purge(306)) - 86c596a3-6f32-42a0-9237-c69d9bdf2958@group-A7AD55EE2C31-SegmentedRaftLog: purge 39
2021-05-31 14:17:01,465 [86c596a3-6f32-42a0-9237-c69d9bdf2958@group-A7AD55EE2C31-StateMachineUpdater] INFO  raftlog.RaftLog (RaftLogBase.java:lambda$new$0(53)) - 86c596a3-6f32-42a0-9237-c69d9bdf2958@group-A7AD55EE2C31-SegmentedRaftLog: snapshotIndex: updateIncreasingly 34 -> 39
2021-05-31 14:17:01,465 [86c596a3-6f32-42a0-9237-c69d9bdf2958@group-A7AD55EE2C31-StateMachineUpdater] INFO  raftlog.RaftLog (RaftLogBase.java:lambda$new$0(53)) - 86c596a3-6f32-42a0-9237-c69d9bdf2958@group-A7AD55EE2C31-SegmentedRaftLog: purgeIndex: updateToMax old=34, new=39, updated? true
2021-05-31 14:17:01,465 [Listener at 127.0.0.1/11372] INFO  ha.SCMHAInvocationHandler (SCMHAInvocationHandler.java:invokeRatis(113)) - Invoking method public abstract void org.apache.hadoop.hdds.scm.container.ContainerStateManagerV2.addContainer(org.apache.hadoop.hdds.protocol.proto.HddsProtos$ContainerInfoProto) throws java.io.IOException on target org.apache.hadoop.hdds.scm.ha.SCMRatisServerImpl@208eb941, cost 5735.501us
2021-05-31 14:17:01,570 [fc8d0b26-40fd-4e75-8432-30636972f5a2@group-A7AD55EE2C31-StateMachineUpdater] INFO  ha.SCMStateMachine (SCMStateMachine.java:takeSnapshot(282)) - Current Snapshot Index 40, takeSnapshot took 0 ms
2021-05-31 14:17:01,570 [fc8d0b26-40fd-4e75-8432-30636972f5a2@group-A7AD55EE2C31-StateMachineUpdater] INFO  impl.StateMachineUpdater (StateMachineUpdater.java:takeSnapshot(281)) - fc8d0b26-40fd-4e75-8432-30636972f5a2@group-A7AD55EE2C31-StateMachineUpdater: Took a snapshot at index 40
2021-05-31 14:17:01,570 [fc8d0b26-40fd-4e75-8432-30636972f5a2@group-A7AD55EE2C31-StateMachineUpdater] INFO  impl.StateMachineUpdater (StateMachineUpdater.java:lambda$new$0(89)) - fc8d0b26-40fd-4e75-8432-30636972f5a2@group-A7AD55EE2C31-StateMachineUpdater: snapshotIndex: updateIncreasingly 35 -> 40
2021-05-31 14:17:01,570 [fc8d0b26-40fd-4e75-8432-30636972f5a2@group-A7AD55EE2C31-StateMachineUpdater] INFO  raftlog.RaftLog (RaftLogBase.java:purge(306)) - fc8d0b26-40fd-4e75-8432-30636972f5a2@group-A7AD55EE2C31-SegmentedRaftLog: purge 40
2021-05-31 14:17:01,570 [fc8d0b26-40fd-4e75-8432-30636972f5a2@group-A7AD55EE2C31-StateMachineUpdater] INFO  raftlog.RaftLog (RaftLogBase.java:lambda$new$0(53)) - fc8d0b26-40fd-4e75-8432-30636972f5a2@group-A7AD55EE2C31-SegmentedRaftLog: snapshotIndex: updateIncreasingly 35 -> 40
2021-05-31 14:17:01,570 [fc8d0b26-40fd-4e75-8432-30636972f5a2@group-A7AD55EE2C31-StateMachineUpdater] INFO  raftlog.RaftLog (RaftLogBase.java:lambda$new$0(53)) - fc8d0b26-40fd-4e75-8432-30636972f5a2@group-A7AD55EE2C31-SegmentedRaftLog: purgeIndex: updateToMax old=35, new=40, updated? true
2021-05-31 14:17:01,574 [Listener at 127.0.0.1/11372] INFO  ha.SCMHAInvocationHandler (SCMHAInvocationHandler.java:invokeRatis(113)) - Invoking method public abstract void org.apache.hadoop.hdds.scm.container.ContainerStateManagerV2.addContainer(org.apache.hadoop.hdds.protocol.proto.HddsProtos$ContainerInfoProto) throws java.io.IOException on target org.apache.hadoop.hdds.scm.ha.SCMRatisServerImpl@208eb941, cost 8957.257us
2021-05-31 14:17:01,679 [Listener at 127.0.0.1/11372] INFO  ha.SCMHAInvocationHandler (SCMHAInvocationHandler.java:invokeRatis(113)) - Invoking method public abstract void org.apache.hadoop.hdds.scm.container.ContainerStateManagerV2.addContainer(org.apache.hadoop.hdds.protocol.proto.HddsProtos$ContainerInfoProto) throws java.io.IOException on target org.apache.hadoop.hdds.scm.ha.SCMRatisServerImpl@208eb941, cost 4482.678us
2021-05-31 14:17:01,683 [86c596a3-6f32-42a0-9237-c69d9bdf2958@group-A7AD55EE2C31-StateMachineUpdater] INFO  ha.SCMStateMachine (SCMStateMachine.java:takeSnapshot(282)) - Current Snapshot Index 44, takeSnapshot took 0 ms
2021-05-31 14:17:01,683 [86c596a3-6f32-42a0-9237-c69d9bdf2958@group-A7AD55EE2C31-StateMachineUpdater] INFO  impl.StateMachineUpdater (StateMachineUpdater.java:takeSnapshot(281)) - 86c596a3-6f32-42a0-9237-c69d9bdf2958@group-A7AD55EE2C31-StateMachineUpdater: Took a snapshot at index 44
2021-05-31 14:17:01,683 [86c596a3-6f32-42a0-9237-c69d9bdf2958@group-A7AD55EE2C31-StateMachineUpdater] INFO  impl.StateMachineUpdater (StateMachineUpdater.java:lambda$new$0(89)) - 86c596a3-6f32-42a0-9237-c69d9bdf2958@group-A7AD55EE2C31-StateMachineUpdater: snapshotIndex: updateIncreasingly 39 -> 44
2021-05-31 14:17:01,683 [86c596a3-6f32-42a0-9237-c69d9bdf2958@group-A7AD55EE2C31-StateMachineUpdater] INFO  raftlog.RaftLog (RaftLogBase.java:purge(306)) - 86c596a3-6f32-42a0-9237-c69d9bdf2958@group-A7AD55EE2C31-SegmentedRaftLog: purge 44
2021-05-31 14:17:01,683 [86c596a3-6f32-42a0-9237-c69d9bdf2958@group-A7AD55EE2C31-StateMachineUpdater] INFO  raftlog.RaftLog (RaftLogBase.java:lambda$new$0(53)) - 86c596a3-6f32-42a0-9237-c69d9bdf2958@group-A7AD55EE2C31-SegmentedRaftLog: snapshotIndex: updateIncreasingly 39 -> 44
2021-05-31 14:17:01,683 [86c596a3-6f32-42a0-9237-c69d9bdf2958@group-A7AD55EE2C31-StateMachineUpdater] INFO  raftlog.RaftLog (RaftLogBase.java:lambda$new$0(53)) - 86c596a3-6f32-42a0-9237-c69d9bdf2958@group-A7AD55EE2C31-SegmentedRaftLog: purgeIndex: updateToMax old=39, new=44, updated? true
2021-05-31 14:17:01,787 [Listener at 127.0.0.1/11372] INFO  ha.SCMHAInvocationHandler (SCMHAInvocationHandler.java:invokeRatis(113)) - Invoking method public abstract void org.apache.hadoop.hdds.scm.container.ContainerStateManagerV2.addContainer(org.apache.hadoop.hdds.protocol.proto.HddsProtos$ContainerInfoProto) throws java.io.IOException on target org.apache.hadoop.hdds.scm.ha.SCMRatisServerImpl@208eb941, cost 6679.717us
2021-05-31 14:17:01,789 [fc8d0b26-40fd-4e75-8432-30636972f5a2@group-A7AD55EE2C31-StateMachineUpdater] INFO  ha.SCMStateMachine (SCMStateMachine.java:takeSnapshot(282)) - Current Snapshot Index 45, takeSnapshot took 0 ms
2021-05-31 14:17:01,789 [fc8d0b26-40fd-4e75-8432-30636972f5a2@group-A7AD55EE2C31-StateMachineUpdater] INFO  impl.StateMachineUpdater (StateMachineUpdater.java:takeSnapshot(281)) - fc8d0b26-40fd-4e75-8432-30636972f5a2@group-A7AD55EE2C31-StateMachineUpdater: Took a snapshot at index 45
2021-05-31 14:17:01,789 [fc8d0b26-40fd-4e75-8432-30636972f5a2@group-A7AD55EE2C31-StateMachineUpdater] INFO  impl.StateMachineUpdater (StateMachineUpdater.java:lambda$new$0(89)) - fc8d0b26-40fd-4e75-8432-30636972f5a2@group-A7AD55EE2C31-StateMachineUpdater: snapshotIndex: updateIncreasingly 40 -> 45
2021-05-31 14:17:01,789 [fc8d0b26-40fd-4e75-8432-30636972f5a2@group-A7AD55EE2C31-StateMachineUpdater] INFO  raftlog.RaftLog (RaftLogBase.java:purge(306)) - fc8d0b26-40fd-4e75-8432-30636972f5a2@group-A7AD55EE2C31-SegmentedRaftLog: purge 45
2021-05-31 14:17:01,789 [fc8d0b26-40fd-4e75-8432-30636972f5a2@group-A7AD55EE2C31-StateMachineUpdater] INFO  raftlog.RaftLog (RaftLogBase.java:lambda$new$0(53)) - fc8d0b26-40fd-4e75-8432-30636972f5a2@group-A7AD55EE2C31-SegmentedRaftLog: snapshotIndex: updateIncreasingly 40 -> 45
2021-05-31 14:17:01,789 [fc8d0b26-40fd-4e75-8432-30636972f5a2@group-A7AD55EE2C31-StateMachineUpdater] INFO  raftlog.RaftLog (RaftLogBase.java:lambda$new$0(53)) - fc8d0b26-40fd-4e75-8432-30636972f5a2@group-A7AD55EE2C31-SegmentedRaftLog: purgeIndex: updateToMax old=40, new=45, updated? true
2021-05-31 14:17:01,893 [Listener at 127.0.0.1/11372] INFO  ha.SCMHAInvocationHandler (SCMHAInvocationHandler.java:invokeRatis(113)) - Invoking method public abstract void org.apache.hadoop.hdds.scm.container.ContainerStateManagerV2.addContainer(org.apache.hadoop.hdds.protocol.proto.HddsProtos$ContainerInfoProto) throws java.io.IOException on target org.apache.hadoop.hdds.scm.ha.SCMRatisServerImpl@208eb941, cost 5866.802us
2021-05-31 14:17:01,998 [86c596a3-6f32-42a0-9237-c69d9bdf2958@group-A7AD55EE2C31-StateMachineUpdater] INFO  ha.SCMStateMachine (SCMStateMachine.java:takeSnapshot(282)) - Current Snapshot Index 49, takeSnapshot took 0 ms
2021-05-31 14:17:01,998 [86c596a3-6f32-42a0-9237-c69d9bdf2958@group-A7AD55EE2C31-StateMachineUpdater] INFO  impl.StateMachineUpdater (StateMachineUpdater.java:takeSnapshot(281)) - 86c596a3-6f32-42a0-9237-c69d9bdf2958@group-A7AD55EE2C31-StateMachineUpdater: Took a snapshot at index 49
2021-05-31 14:17:01,998 [86c596a3-6f32-42a0-9237-c69d9bdf2958@group-A7AD55EE2C31-StateMachineUpdater] INFO  impl.StateMachineUpdater (StateMachineUpdater.java:lambda$new$0(89)) - 86c596a3-6f32-42a0-9237-c69d9bdf2958@group-A7AD55EE2C31-StateMachineUpdater: snapshotIndex: updateIncreasingly 44 -> 49
2021-05-31 14:17:01,998 [86c596a3-6f32-42a0-9237-c69d9bdf2958@group-A7AD55EE2C31-StateMachineUpdater] INFO  raftlog.RaftLog (RaftLogBase.java:purge(306)) - 86c596a3-6f32-42a0-9237-c69d9bdf2958@group-A7AD55EE2C31-SegmentedRaftLog: purge 49
2021-05-31 14:17:01,998 [86c596a3-6f32-42a0-9237-c69d9bdf2958@group-A7AD55EE2C31-StateMachineUpdater] INFO  raftlog.RaftLog (RaftLogBase.java:lambda$new$0(53)) - 86c596a3-6f32-42a0-9237-c69d9bdf2958@group-A7AD55EE2C31-SegmentedRaftLog: snapshotIndex: updateIncreasingly 44 -> 49
2021-05-31 14:17:01,998 [86c596a3-6f32-42a0-9237-c69d9bdf2958@group-A7AD55EE2C31-StateMachineUpdater] INFO  raftlog.RaftLog (RaftLogBase.java:lambda$new$0(53)) - 86c596a3-6f32-42a0-9237-c69d9bdf2958@group-A7AD55EE2C31-SegmentedRaftLog: purgeIndex: updateToMax old=44, new=49, updated? true
2021-05-31 14:17:01,999 [Listener at 127.0.0.1/11372] INFO  ha.SCMHAInvocationHandler (SCMHAInvocationHandler.java:invokeRatis(113)) - Invoking method public abstract void org.apache.hadoop.hdds.scm.container.ContainerStateManagerV2.addContainer(org.apache.hadoop.hdds.protocol.proto.HddsProtos$ContainerInfoProto) throws java.io.IOException on target org.apache.hadoop.hdds.scm.ha.SCMRatisServerImpl@208eb941, cost 4900.286us
2021-05-31 14:17:02,103 [fc8d0b26-40fd-4e75-8432-30636972f5a2@group-A7AD55EE2C31-StateMachineUpdater] INFO  ha.SCMStateMachine (SCMStateMachine.java:takeSnapshot(282)) - Current Snapshot Index 50, takeSnapshot took 0 ms
2021-05-31 14:17:02,103 [fc8d0b26-40fd-4e75-8432-30636972f5a2@group-A7AD55EE2C31-StateMachineUpdater] INFO  impl.StateMachineUpdater (StateMachineUpdater.java:takeSnapshot(281)) - fc8d0b26-40fd-4e75-8432-30636972f5a2@group-A7AD55EE2C31-StateMachineUpdater: Took a snapshot at index 50
2021-05-31 14:17:02,104 [fc8d0b26-40fd-4e75-8432-30636972f5a2@group-A7AD55EE2C31-StateMachineUpdater] INFO  impl.StateMachineUpdater (StateMachineUpdater.java:lambda$new$0(89)) - fc8d0b26-40fd-4e75-8432-30636972f5a2@group-A7AD55EE2C31-StateMachineUpdater: snapshotIndex: updateIncreasingly 45 -> 50
2021-05-31 14:17:02,104 [fc8d0b26-40fd-4e75-8432-30636972f5a2@group-A7AD55EE2C31-StateMachineUpdater] INFO  raftlog.RaftLog (RaftLogBase.java:purge(306)) - fc8d0b26-40fd-4e75-8432-30636972f5a2@group-A7AD55EE2C31-SegmentedRaftLog: purge 50
2021-05-31 14:17:02,104 [fc8d0b26-40fd-4e75-8432-30636972f5a2@group-A7AD55EE2C31-StateMachineUpdater] INFO  raftlog.RaftLog (RaftLogBase.java:lambda$new$0(53)) - fc8d0b26-40fd-4e75-8432-30636972f5a2@group-A7AD55EE2C31-SegmentedRaftLog: snapshotIndex: updateIncreasingly 45 -> 50
2021-05-31 14:17:02,104 [fc8d0b26-40fd-4e75-8432-30636972f5a2@group-A7AD55EE2C31-StateMachineUpdater] INFO  raftlog.RaftLog (RaftLogBase.java:lambda$new$0(53)) - fc8d0b26-40fd-4e75-8432-30636972f5a2@group-A7AD55EE2C31-SegmentedRaftLog: purgeIndex: updateToMax old=45, new=50, updated? true
2021-05-31 14:17:02,105 [Listener at 127.0.0.1/11372] INFO  ha.SCMHAInvocationHandler (SCMHAInvocationHandler.java:invokeRatis(113)) - Invoking method public abstract void org.apache.hadoop.hdds.scm.container.ContainerStateManagerV2.addContainer(org.apache.hadoop.hdds.protocol.proto.HddsProtos$ContainerInfoProto) throws java.io.IOException on target org.apache.hadoop.hdds.scm.ha.SCMRatisServerImpl@208eb941, cost 5843.302us
2021-05-31 14:17:02,115 [Datanode State Machine Thread - 0] ERROR datanode.RunningDatanodeState (RunningDatanodeState.java:computeNextContainerState(199)) - Error in executing end point task.
java.util.concurrent.ExecutionException: java.util.concurrent.TimeoutException
	at java.util.concurrent.FutureTask.report(FutureTask.java:122)
	at java.util.concurrent.FutureTask.get(FutureTask.java:192)
	at org.apache.hadoop.ozone.container.common.states.datanode.RunningDatanodeState.computeNextContainerState(RunningDatanodeState.java:191)
	at org.apache.hadoop.ozone.container.common.states.datanode.RunningDatanodeState.await(RunningDatanodeState.java:231)
	at org.apache.hadoop.ozone.container.common.states.datanode.RunningDatanodeState.await(RunningDatanodeState.java:50)
	at org.apache.hadoop.ozone.container.common.statemachine.StateContext.execute(StateContext.java:579)
	at org.apache.hadoop.ozone.container.common.statemachine.DatanodeStateMachine.start(DatanodeStateMachine.java:233)
	at org.apache.hadoop.ozone.container.common.statemachine.DatanodeStateMachine.lambda$startDaemon$0(DatanodeStateMachine.java:416)
	at java.lang.Thread.run(Thread.java:748)
Caused by: java.util.concurrent.TimeoutException
	at java.util.concurrent.FutureTask.get(FutureTask.java:205)
	at org.apache.hadoop.ozone.container.common.states.datanode.RunningDatanodeState.lambda$execute$0(RunningDatanodeState.java:149)
	at java.util.concurrent.FutureTask.run(FutureTask.java:266)
	at java.util.concurrent.Executors$RunnableAdapter.call(Executors.java:511)
	at java.util.concurrent.FutureTask.run(FutureTask.java:266)
	at java.util.concurrent.ThreadPoolExecutor.runWorker(ThreadPoolExecutor.java:1149)
	at java.util.concurrent.ThreadPoolExecutor$Worker.run(ThreadPoolExecutor.java:624)
	... 1 more
2021-05-31 14:17:02,211 [Listener at 127.0.0.1/11372] INFO  ha.SCMHAInvocationHandler (SCMHAInvocationHandler.java:invokeRatis(113)) - Invoking method public abstract void org.apache.hadoop.hdds.scm.container.ContainerStateManagerV2.addContainer(org.apache.hadoop.hdds.protocol.proto.HddsProtos$ContainerInfoProto) throws java.io.IOException on target org.apache.hadoop.hdds.scm.ha.SCMRatisServerImpl@208eb941, cost 5641.399us
2021-05-31 14:17:02,215 [86c596a3-6f32-42a0-9237-c69d9bdf2958@group-A7AD55EE2C31-StateMachineUpdater] INFO  ha.SCMStateMachine (SCMStateMachine.java:takeSnapshot(282)) - Current Snapshot Index 54, takeSnapshot took 1 ms
2021-05-31 14:17:02,215 [86c596a3-6f32-42a0-9237-c69d9bdf2958@group-A7AD55EE2C31-StateMachineUpdater] INFO  impl.StateMachineUpdater (StateMachineUpdater.java:takeSnapshot(281)) - 86c596a3-6f32-42a0-9237-c69d9bdf2958@group-A7AD55EE2C31-StateMachineUpdater: Took a snapshot at index 54
2021-05-31 14:17:02,215 [86c596a3-6f32-42a0-9237-c69d9bdf2958@group-A7AD55EE2C31-StateMachineUpdater] INFO  impl.StateMachineUpdater (StateMachineUpdater.java:lambda$new$0(89)) - 86c596a3-6f32-42a0-9237-c69d9bdf2958@group-A7AD55EE2C31-StateMachineUpdater: snapshotIndex: updateIncreasingly 49 -> 54
2021-05-31 14:17:02,215 [86c596a3-6f32-42a0-9237-c69d9bdf2958@group-A7AD55EE2C31-StateMachineUpdater] INFO  raftlog.RaftLog (RaftLogBase.java:purge(306)) - 86c596a3-6f32-42a0-9237-c69d9bdf2958@group-A7AD55EE2C31-SegmentedRaftLog: purge 54
2021-05-31 14:17:02,215 [86c596a3-6f32-42a0-9237-c69d9bdf2958@group-A7AD55EE2C31-StateMachineUpdater] INFO  raftlog.RaftLog (RaftLogBase.java:lambda$new$0(53)) - 86c596a3-6f32-42a0-9237-c69d9bdf2958@group-A7AD55EE2C31-SegmentedRaftLog: snapshotIndex: updateIncreasingly 49 -> 54
2021-05-31 14:17:02,215 [86c596a3-6f32-42a0-9237-c69d9bdf2958@group-A7AD55EE2C31-StateMachineUpdater] INFO  raftlog.RaftLog (RaftLogBase.java:lambda$new$0(53)) - 86c596a3-6f32-42a0-9237-c69d9bdf2958@group-A7AD55EE2C31-SegmentedRaftLog: purgeIndex: updateToMax old=49, new=54, updated? true
2021-05-31 14:17:02,318 [Listener at 127.0.0.1/11372] INFO  ha.SCMHAInvocationHandler (SCMHAInvocationHandler.java:invokeRatis(113)) - Invoking method public abstract void org.apache.hadoop.hdds.scm.container.ContainerStateManagerV2.addContainer(org.apache.hadoop.hdds.protocol.proto.HddsProtos$ContainerInfoProto) throws java.io.IOException on target org.apache.hadoop.hdds.scm.ha.SCMRatisServerImpl@208eb941, cost 5567.997us
2021-05-31 14:17:02,320 [fc8d0b26-40fd-4e75-8432-30636972f5a2@group-A7AD55EE2C31-StateMachineUpdater] INFO  ha.SCMStateMachine (SCMStateMachine.java:takeSnapshot(282)) - Current Snapshot Index 55, takeSnapshot took 0 ms
2021-05-31 14:17:02,320 [fc8d0b26-40fd-4e75-8432-30636972f5a2@group-A7AD55EE2C31-StateMachineUpdater] INFO  impl.StateMachineUpdater (StateMachineUpdater.java:takeSnapshot(281)) - fc8d0b26-40fd-4e75-8432-30636972f5a2@group-A7AD55EE2C31-StateMachineUpdater: Took a snapshot at index 55
2021-05-31 14:17:02,320 [fc8d0b26-40fd-4e75-8432-30636972f5a2@group-A7AD55EE2C31-StateMachineUpdater] INFO  impl.StateMachineUpdater (StateMachineUpdater.java:lambda$new$0(89)) - fc8d0b26-40fd-4e75-8432-30636972f5a2@group-A7AD55EE2C31-StateMachineUpdater: snapshotIndex: updateIncreasingly 50 -> 55
2021-05-31 14:17:02,320 [fc8d0b26-40fd-4e75-8432-30636972f5a2@group-A7AD55EE2C31-StateMachineUpdater] INFO  raftlog.RaftLog (RaftLogBase.java:purge(306)) - fc8d0b26-40fd-4e75-8432-30636972f5a2@group-A7AD55EE2C31-SegmentedRaftLog: purge 55
2021-05-31 14:17:02,320 [fc8d0b26-40fd-4e75-8432-30636972f5a2@group-A7AD55EE2C31-StateMachineUpdater] INFO  raftlog.RaftLog (RaftLogBase.java:lambda$new$0(53)) - fc8d0b26-40fd-4e75-8432-30636972f5a2@group-A7AD55EE2C31-SegmentedRaftLog: snapshotIndex: updateIncreasingly 50 -> 55
2021-05-31 14:17:02,320 [fc8d0b26-40fd-4e75-8432-30636972f5a2@group-A7AD55EE2C31-StateMachineUpdater] INFO  raftlog.RaftLog (RaftLogBase.java:lambda$new$0(53)) - fc8d0b26-40fd-4e75-8432-30636972f5a2@group-A7AD55EE2C31-SegmentedRaftLog: purgeIndex: updateToMax old=50, new=55, updated? true
2021-05-31 14:17:02,424 [Listener at 127.0.0.1/11372] INFO  ha.SCMHAInvocationHandler (SCMHAInvocationHandler.java:invokeRatis(113)) - Invoking method public abstract void org.apache.hadoop.hdds.scm.container.ContainerStateManagerV2.addContainer(org.apache.hadoop.hdds.protocol.proto.HddsProtos$ContainerInfoProto) throws java.io.IOException on target org.apache.hadoop.hdds.scm.ha.SCMRatisServerImpl@208eb941, cost 5334.593us
2021-05-31 14:17:02,532 [Listener at 127.0.0.1/11372] INFO  ha.SCMHAInvocationHandler (SCMHAInvocationHandler.java:invokeRatis(113)) - Invoking method public abstract void org.apache.hadoop.hdds.scm.container.ContainerStateManagerV2.addContainer(org.apache.hadoop.hdds.protocol.proto.HddsProtos$ContainerInfoProto) throws java.io.IOException on target org.apache.hadoop.hdds.scm.ha.SCMRatisServerImpl@208eb941, cost 6890.92us
2021-05-31 14:17:02,532 [86c596a3-6f32-42a0-9237-c69d9bdf2958@group-A7AD55EE2C31-StateMachineUpdater] INFO  ha.SCMStateMachine (SCMStateMachine.java:takeSnapshot(282)) - Current Snapshot Index 59, takeSnapshot took 0 ms
2021-05-31 14:17:02,532 [86c596a3-6f32-42a0-9237-c69d9bdf2958@group-A7AD55EE2C31-StateMachineUpdater] INFO  impl.StateMachineUpdater (StateMachineUpdater.java:takeSnapshot(281)) - 86c596a3-6f32-42a0-9237-c69d9bdf2958@group-A7AD55EE2C31-StateMachineUpdater: Took a snapshot at index 59
2021-05-31 14:17:02,532 [86c596a3-6f32-42a0-9237-c69d9bdf2958@group-A7AD55EE2C31-StateMachineUpdater] INFO  impl.StateMachineUpdater (StateMachineUpdater.java:lambda$new$0(89)) - 86c596a3-6f32-42a0-9237-c69d9bdf2958@group-A7AD55EE2C31-StateMachineUpdater: snapshotIndex: updateIncreasingly 54 -> 59
2021-05-31 14:17:02,532 [86c596a3-6f32-42a0-9237-c69d9bdf2958@group-A7AD55EE2C31-StateMachineUpdater] INFO  raftlog.RaftLog (RaftLogBase.java:purge(306)) - 86c596a3-6f32-42a0-9237-c69d9bdf2958@group-A7AD55EE2C31-SegmentedRaftLog: purge 59
2021-05-31 14:17:02,532 [86c596a3-6f32-42a0-9237-c69d9bdf2958@group-A7AD55EE2C31-StateMachineUpdater] INFO  raftlog.RaftLog (RaftLogBase.java:lambda$new$0(53)) - 86c596a3-6f32-42a0-9237-c69d9bdf2958@group-A7AD55EE2C31-SegmentedRaftLog: snapshotIndex: updateIncreasingly 54 -> 59
2021-05-31 14:17:02,532 [86c596a3-6f32-42a0-9237-c69d9bdf2958@group-A7AD55EE2C31-StateMachineUpdater] INFO  raftlog.RaftLog (RaftLogBase.java:lambda$new$0(53)) - 86c596a3-6f32-42a0-9237-c69d9bdf2958@group-A7AD55EE2C31-SegmentedRaftLog: purgeIndex: updateToMax old=54, new=59, updated? true
2021-05-31 14:17:02,621 [Datanode State Machine Thread - 0] ERROR datanode.RunningDatanodeState (RunningDatanodeState.java:computeNextContainerState(199)) - Error in executing end point task.
java.util.concurrent.ExecutionException: java.util.concurrent.TimeoutException
	at java.util.concurrent.FutureTask.report(FutureTask.java:122)
	at java.util.concurrent.FutureTask.get(FutureTask.java:192)
	at org.apache.hadoop.ozone.container.common.states.datanode.RunningDatanodeState.computeNextContainerState(RunningDatanodeState.java:191)
	at org.apache.hadoop.ozone.container.common.states.datanode.RunningDatanodeState.await(RunningDatanodeState.java:231)
	at org.apache.hadoop.ozone.container.common.states.datanode.RunningDatanodeState.await(RunningDatanodeState.java:50)
	at org.apache.hadoop.ozone.container.common.statemachine.StateContext.execute(StateContext.java:579)
	at org.apache.hadoop.ozone.container.common.statemachine.DatanodeStateMachine.start(DatanodeStateMachine.java:233)
	at org.apache.hadoop.ozone.container.common.statemachine.DatanodeStateMachine.lambda$startDaemon$0(DatanodeStateMachine.java:416)
	at java.lang.Thread.run(Thread.java:748)
Caused by: java.util.concurrent.TimeoutException
	at java.util.concurrent.FutureTask.get(FutureTask.java:205)
	at org.apache.hadoop.ozone.container.common.states.datanode.RunningDatanodeState.lambda$execute$0(RunningDatanodeState.java:149)
	at java.util.concurrent.FutureTask.run(FutureTask.java:266)
	at java.util.concurrent.Executors$RunnableAdapter.call(Executors.java:511)
	at java.util.concurrent.FutureTask.run(FutureTask.java:266)
	at java.util.concurrent.ThreadPoolExecutor.runWorker(ThreadPoolExecutor.java:1149)
	at java.util.concurrent.ThreadPoolExecutor$Worker.run(ThreadPoolExecutor.java:624)
	... 1 more
2021-05-31 14:17:02,635 [fc8d0b26-40fd-4e75-8432-30636972f5a2@group-A7AD55EE2C31-StateMachineUpdater] INFO  ha.SCMStateMachine (SCMStateMachine.java:takeSnapshot(282)) - Current Snapshot Index 60, takeSnapshot took 0 ms
2021-05-31 14:17:02,635 [fc8d0b26-40fd-4e75-8432-30636972f5a2@group-A7AD55EE2C31-StateMachineUpdater] INFO  impl.StateMachineUpdater (StateMachineUpdater.java:takeSnapshot(281)) - fc8d0b26-40fd-4e75-8432-30636972f5a2@group-A7AD55EE2C31-StateMachineUpdater: Took a snapshot at index 60
2021-05-31 14:17:02,635 [fc8d0b26-40fd-4e75-8432-30636972f5a2@group-A7AD55EE2C31-StateMachineUpdater] INFO  impl.StateMachineUpdater (StateMachineUpdater.java:lambda$new$0(89)) - fc8d0b26-40fd-4e75-8432-30636972f5a2@group-A7AD55EE2C31-StateMachineUpdater: snapshotIndex: updateIncreasingly 55 -> 60
2021-05-31 14:17:02,635 [fc8d0b26-40fd-4e75-8432-30636972f5a2@group-A7AD55EE2C31-StateMachineUpdater] INFO  raftlog.RaftLog (RaftLogBase.java:purge(306)) - fc8d0b26-40fd-4e75-8432-30636972f5a2@group-A7AD55EE2C31-SegmentedRaftLog: purge 60
2021-05-31 14:17:02,635 [fc8d0b26-40fd-4e75-8432-30636972f5a2@group-A7AD55EE2C31-StateMachineUpdater] INFO  raftlog.RaftLog (RaftLogBase.java:lambda$new$0(53)) - fc8d0b26-40fd-4e75-8432-30636972f5a2@group-A7AD55EE2C31-SegmentedRaftLog: snapshotIndex: updateIncreasingly 55 -> 60
2021-05-31 14:17:02,635 [fc8d0b26-40fd-4e75-8432-30636972f5a2@group-A7AD55EE2C31-StateMachineUpdater] INFO  raftlog.RaftLog (RaftLogBase.java:lambda$new$0(53)) - fc8d0b26-40fd-4e75-8432-30636972f5a2@group-A7AD55EE2C31-SegmentedRaftLog: purgeIndex: updateToMax old=55, new=60, updated? true
2021-05-31 14:17:02,636 [Listener at 127.0.0.1/11372] INFO  ha.SCMHAInvocationHandler (SCMHAInvocationHandler.java:invokeRatis(113)) - Invoking method public abstract void org.apache.hadoop.hdds.scm.container.ContainerStateManagerV2.addContainer(org.apache.hadoop.hdds.protocol.proto.HddsProtos$ContainerInfoProto) throws java.io.IOException on target org.apache.hadoop.hdds.scm.ha.SCMRatisServerImpl@208eb941, cost 4121.872us
2021-05-31 14:17:02,745 [Listener at 127.0.0.1/11372] INFO  ha.SCMHAInvocationHandler (SCMHAInvocationHandler.java:invokeRatis(113)) - Invoking method public abstract void org.apache.hadoop.hdds.scm.container.ContainerStateManagerV2.addContainer(org.apache.hadoop.hdds.protocol.proto.HddsProtos$ContainerInfoProto) throws java.io.IOException on target org.apache.hadoop.hdds.scm.ha.SCMRatisServerImpl@208eb941, cost 7600.133us
2021-05-31 14:17:02,752 [86c596a3-6f32-42a0-9237-c69d9bdf2958@group-A7AD55EE2C31-StateMachineUpdater] INFO  ha.SCMStateMachine (SCMStateMachine.java:takeSnapshot(282)) - Current Snapshot Index 64, takeSnapshot took 0 ms
2021-05-31 14:17:02,752 [86c596a3-6f32-42a0-9237-c69d9bdf2958@group-A7AD55EE2C31-StateMachineUpdater] INFO  impl.StateMachineUpdater (StateMachineUpdater.java:takeSnapshot(281)) - 86c596a3-6f32-42a0-9237-c69d9bdf2958@group-A7AD55EE2C31-StateMachineUpdater: Took a snapshot at index 64
2021-05-31 14:17:02,752 [86c596a3-6f32-42a0-9237-c69d9bdf2958@group-A7AD55EE2C31-StateMachineUpdater] INFO  impl.StateMachineUpdater (StateMachineUpdater.java:lambda$new$0(89)) - 86c596a3-6f32-42a0-9237-c69d9bdf2958@group-A7AD55EE2C31-StateMachineUpdater: snapshotIndex: updateIncreasingly 59 -> 64
2021-05-31 14:17:02,752 [86c596a3-6f32-42a0-9237-c69d9bdf2958@group-A7AD55EE2C31-StateMachineUpdater] INFO  raftlog.RaftLog (RaftLogBase.java:purge(306)) - 86c596a3-6f32-42a0-9237-c69d9bdf2958@group-A7AD55EE2C31-SegmentedRaftLog: purge 64
2021-05-31 14:17:02,752 [86c596a3-6f32-42a0-9237-c69d9bdf2958@group-A7AD55EE2C31-StateMachineUpdater] INFO  raftlog.RaftLog (RaftLogBase.java:lambda$new$0(53)) - 86c596a3-6f32-42a0-9237-c69d9bdf2958@group-A7AD55EE2C31-SegmentedRaftLog: snapshotIndex: updateIncreasingly 59 -> 64
2021-05-31 14:17:02,752 [86c596a3-6f32-42a0-9237-c69d9bdf2958@group-A7AD55EE2C31-StateMachineUpdater] INFO  raftlog.RaftLog (RaftLogBase.java:lambda$new$0(53)) - 86c596a3-6f32-42a0-9237-c69d9bdf2958@group-A7AD55EE2C31-SegmentedRaftLog: purgeIndex: updateToMax old=59, new=64, updated? true
2021-05-31 14:17:02,851 [Listener at 127.0.0.1/11372] INFO  ha.SCMHAInvocationHandler (SCMHAInvocationHandler.java:invokeRatis(113)) - Invoking method public abstract void org.apache.hadoop.hdds.scm.container.ContainerStateManagerV2.addContainer(org.apache.hadoop.hdds.protocol.proto.HddsProtos$ContainerInfoProto) throws java.io.IOException on target org.apache.hadoop.hdds.scm.ha.SCMRatisServerImpl@208eb941, cost 5462.695us
2021-05-31 14:17:02,853 [fc8d0b26-40fd-4e75-8432-30636972f5a2@group-A7AD55EE2C31-StateMachineUpdater] INFO  ha.SCMStateMachine (SCMStateMachine.java:takeSnapshot(282)) - Current Snapshot Index 65, takeSnapshot took 0 ms
2021-05-31 14:17:02,854 [fc8d0b26-40fd-4e75-8432-30636972f5a2@group-A7AD55EE2C31-StateMachineUpdater] INFO  impl.StateMachineUpdater (StateMachineUpdater.java:takeSnapshot(281)) - fc8d0b26-40fd-4e75-8432-30636972f5a2@group-A7AD55EE2C31-StateMachineUpdater: Took a snapshot at index 65
2021-05-31 14:17:02,854 [fc8d0b26-40fd-4e75-8432-30636972f5a2@group-A7AD55EE2C31-StateMachineUpdater] INFO  impl.StateMachineUpdater (StateMachineUpdater.java:lambda$new$0(89)) - fc8d0b26-40fd-4e75-8432-30636972f5a2@group-A7AD55EE2C31-StateMachineUpdater: snapshotIndex: updateIncreasingly 60 -> 65
2021-05-31 14:17:02,854 [fc8d0b26-40fd-4e75-8432-30636972f5a2@group-A7AD55EE2C31-StateMachineUpdater] INFO  raftlog.RaftLog (RaftLogBase.java:purge(306)) - fc8d0b26-40fd-4e75-8432-30636972f5a2@group-A7AD55EE2C31-SegmentedRaftLog: purge 65
2021-05-31 14:17:02,854 [fc8d0b26-40fd-4e75-8432-30636972f5a2@group-A7AD55EE2C31-StateMachineUpdater] INFO  raftlog.RaftLog (RaftLogBase.java:lambda$new$0(53)) - fc8d0b26-40fd-4e75-8432-30636972f5a2@group-A7AD55EE2C31-SegmentedRaftLog: snapshotIndex: updateIncreasingly 60 -> 65
2021-05-31 14:17:02,854 [fc8d0b26-40fd-4e75-8432-30636972f5a2@group-A7AD55EE2C31-StateMachineUpdater] INFO  raftlog.RaftLog (RaftLogBase.java:lambda$new$0(53)) - fc8d0b26-40fd-4e75-8432-30636972f5a2@group-A7AD55EE2C31-SegmentedRaftLog: purgeIndex: updateToMax old=60, new=65, updated? true
2021-05-31 14:17:02,955 [Listener at 127.0.0.1/11372] INFO  ha.SCMHAInvocationHandler (SCMHAInvocationHandler.java:invokeRatis(113)) - Invoking method public abstract void org.apache.hadoop.hdds.scm.container.ContainerStateManagerV2.addContainer(org.apache.hadoop.hdds.protocol.proto.HddsProtos$ContainerInfoProto) throws java.io.IOException on target org.apache.hadoop.hdds.scm.ha.SCMRatisServerImpl@208eb941, cost 3420.76us
2021-05-31 14:17:03,060 [86c596a3-6f32-42a0-9237-c69d9bdf2958@group-A7AD55EE2C31-StateMachineUpdater] INFO  ha.SCMStateMachine (SCMStateMachine.java:takeSnapshot(282)) - Current Snapshot Index 69, takeSnapshot took 0 ms
2021-05-31 14:17:03,060 [86c596a3-6f32-42a0-9237-c69d9bdf2958@group-A7AD55EE2C31-StateMachineUpdater] INFO  impl.StateMachineUpdater (StateMachineUpdater.java:takeSnapshot(281)) - 86c596a3-6f32-42a0-9237-c69d9bdf2958@group-A7AD55EE2C31-StateMachineUpdater: Took a snapshot at index 69
2021-05-31 14:17:03,060 [86c596a3-6f32-42a0-9237-c69d9bdf2958@group-A7AD55EE2C31-StateMachineUpdater] INFO  impl.StateMachineUpdater (StateMachineUpdater.java:lambda$new$0(89)) - 86c596a3-6f32-42a0-9237-c69d9bdf2958@group-A7AD55EE2C31-StateMachineUpdater: snapshotIndex: updateIncreasingly 64 -> 69
2021-05-31 14:17:03,060 [86c596a3-6f32-42a0-9237-c69d9bdf2958@group-A7AD55EE2C31-StateMachineUpdater] INFO  raftlog.RaftLog (RaftLogBase.java:purge(306)) - 86c596a3-6f32-42a0-9237-c69d9bdf2958@group-A7AD55EE2C31-SegmentedRaftLog: purge 69
2021-05-31 14:17:03,060 [86c596a3-6f32-42a0-9237-c69d9bdf2958@group-A7AD55EE2C31-StateMachineUpdater] INFO  raftlog.RaftLog (RaftLogBase.java:lambda$new$0(53)) - 86c596a3-6f32-42a0-9237-c69d9bdf2958@group-A7AD55EE2C31-SegmentedRaftLog: snapshotIndex: updateIncreasingly 64 -> 69
2021-05-31 14:17:03,060 [86c596a3-6f32-42a0-9237-c69d9bdf2958@group-A7AD55EE2C31-StateMachineUpdater] INFO  raftlog.RaftLog (RaftLogBase.java:lambda$new$0(53)) - 86c596a3-6f32-42a0-9237-c69d9bdf2958@group-A7AD55EE2C31-SegmentedRaftLog: purgeIndex: updateToMax old=64, new=69, updated? true
2021-05-31 14:17:03,060 [Listener at 127.0.0.1/11372] INFO  ha.SCMHAInvocationHandler (SCMHAInvocationHandler.java:invokeRatis(113)) - Invoking method public abstract void org.apache.hadoop.hdds.scm.container.ContainerStateManagerV2.addContainer(org.apache.hadoop.hdds.protocol.proto.HddsProtos$ContainerInfoProto) throws java.io.IOException on target org.apache.hadoop.hdds.scm.ha.SCMRatisServerImpl@208eb941, cost 4608.38us
2021-05-31 14:17:03,164 [fc8d0b26-40fd-4e75-8432-30636972f5a2@group-A7AD55EE2C31-StateMachineUpdater] INFO  ha.SCMStateMachine (SCMStateMachine.java:takeSnapshot(282)) - Current Snapshot Index 70, takeSnapshot took 1 ms
2021-05-31 14:17:03,164 [fc8d0b26-40fd-4e75-8432-30636972f5a2@group-A7AD55EE2C31-StateMachineUpdater] INFO  impl.StateMachineUpdater (StateMachineUpdater.java:takeSnapshot(281)) - fc8d0b26-40fd-4e75-8432-30636972f5a2@group-A7AD55EE2C31-StateMachineUpdater: Took a snapshot at index 70
2021-05-31 14:17:03,164 [fc8d0b26-40fd-4e75-8432-30636972f5a2@group-A7AD55EE2C31-StateMachineUpdater] INFO  impl.StateMachineUpdater (StateMachineUpdater.java:lambda$new$0(89)) - fc8d0b26-40fd-4e75-8432-30636972f5a2@group-A7AD55EE2C31-StateMachineUpdater: snapshotIndex: updateIncreasingly 65 -> 70
2021-05-31 14:17:03,164 [fc8d0b26-40fd-4e75-8432-30636972f5a2@group-A7AD55EE2C31-StateMachineUpdater] INFO  raftlog.RaftLog (RaftLogBase.java:purge(306)) - fc8d0b26-40fd-4e75-8432-30636972f5a2@group-A7AD55EE2C31-SegmentedRaftLog: purge 70
2021-05-31 14:17:03,164 [fc8d0b26-40fd-4e75-8432-30636972f5a2@group-A7AD55EE2C31-StateMachineUpdater] INFO  raftlog.RaftLog (RaftLogBase.java:lambda$new$0(53)) - fc8d0b26-40fd-4e75-8432-30636972f5a2@group-A7AD55EE2C31-SegmentedRaftLog: snapshotIndex: updateIncreasingly 65 -> 70
2021-05-31 14:17:03,164 [fc8d0b26-40fd-4e75-8432-30636972f5a2@group-A7AD55EE2C31-StateMachineUpdater] INFO  raftlog.RaftLog (RaftLogBase.java:lambda$new$0(53)) - fc8d0b26-40fd-4e75-8432-30636972f5a2@group-A7AD55EE2C31-SegmentedRaftLog: purgeIndex: updateToMax old=65, new=70, updated? true
2021-05-31 14:17:03,168 [Listener at 127.0.0.1/11372] INFO  ha.SCMHAInvocationHandler (SCMHAInvocationHandler.java:invokeRatis(113)) - Invoking method public abstract void org.apache.hadoop.hdds.scm.container.ContainerStateManagerV2.addContainer(org.apache.hadoop.hdds.protocol.proto.HddsProtos$ContainerInfoProto) throws java.io.IOException on target org.apache.hadoop.hdds.scm.ha.SCMRatisServerImpl@208eb941, cost 7846.637us
2021-05-31 14:17:03,274 [Listener at 127.0.0.1/11372] INFO  ha.SCMHAInvocationHandler (SCMHAInvocationHandler.java:invokeRatis(113)) - Invoking method public abstract void org.apache.hadoop.hdds.scm.container.ContainerStateManagerV2.addContainer(org.apache.hadoop.hdds.protocol.proto.HddsProtos$ContainerInfoProto) throws java.io.IOException on target org.apache.hadoop.hdds.scm.ha.SCMRatisServerImpl@208eb941, cost 5185.39us
2021-05-31 14:17:03,280 [86c596a3-6f32-42a0-9237-c69d9bdf2958@group-A7AD55EE2C31-StateMachineUpdater] INFO  ha.SCMStateMachine (SCMStateMachine.java:takeSnapshot(282)) - Current Snapshot Index 74, takeSnapshot took 0 ms
2021-05-31 14:17:03,280 [86c596a3-6f32-42a0-9237-c69d9bdf2958@group-A7AD55EE2C31-StateMachineUpdater] INFO  impl.StateMachineUpdater (StateMachineUpdater.java:takeSnapshot(281)) - 86c596a3-6f32-42a0-9237-c69d9bdf2958@group-A7AD55EE2C31-StateMachineUpdater: Took a snapshot at index 74
2021-05-31 14:17:03,280 [86c596a3-6f32-42a0-9237-c69d9bdf2958@group-A7AD55EE2C31-StateMachineUpdater] INFO  impl.StateMachineUpdater (StateMachineUpdater.java:lambda$new$0(89)) - 86c596a3-6f32-42a0-9237-c69d9bdf2958@group-A7AD55EE2C31-StateMachineUpdater: snapshotIndex: updateIncreasingly 69 -> 74
2021-05-31 14:17:03,280 [86c596a3-6f32-42a0-9237-c69d9bdf2958@group-A7AD55EE2C31-StateMachineUpdater] INFO  raftlog.RaftLog (RaftLogBase.java:purge(306)) - 86c596a3-6f32-42a0-9237-c69d9bdf2958@group-A7AD55EE2C31-SegmentedRaftLog: purge 74
2021-05-31 14:17:03,280 [86c596a3-6f32-42a0-9237-c69d9bdf2958@group-A7AD55EE2C31-StateMachineUpdater] INFO  raftlog.RaftLog (RaftLogBase.java:lambda$new$0(53)) - 86c596a3-6f32-42a0-9237-c69d9bdf2958@group-A7AD55EE2C31-SegmentedRaftLog: snapshotIndex: updateIncreasingly 69 -> 74
2021-05-31 14:17:03,280 [86c596a3-6f32-42a0-9237-c69d9bdf2958@group-A7AD55EE2C31-StateMachineUpdater] INFO  raftlog.RaftLog (RaftLogBase.java:lambda$new$0(53)) - 86c596a3-6f32-42a0-9237-c69d9bdf2958@group-A7AD55EE2C31-SegmentedRaftLog: purgeIndex: updateToMax old=69, new=74, updated? true
2021-05-31 14:17:03,380 [Listener at 127.0.0.1/11372] INFO  ha.SCMHAInvocationHandler (SCMHAInvocationHandler.java:invokeRatis(113)) - Invoking method public abstract void org.apache.hadoop.hdds.scm.container.ContainerStateManagerV2.addContainer(org.apache.hadoop.hdds.protocol.proto.HddsProtos$ContainerInfoProto) throws java.io.IOException on target org.apache.hadoop.hdds.scm.ha.SCMRatisServerImpl@208eb941, cost 5161.19us
2021-05-31 14:17:03,385 [fc8d0b26-40fd-4e75-8432-30636972f5a2@group-A7AD55EE2C31-StateMachineUpdater] INFO  ha.SCMStateMachine (SCMStateMachine.java:takeSnapshot(282)) - Current Snapshot Index 75, takeSnapshot took 1 ms
2021-05-31 14:17:03,385 [fc8d0b26-40fd-4e75-8432-30636972f5a2@group-A7AD55EE2C31-StateMachineUpdater] INFO  impl.StateMachineUpdater (StateMachineUpdater.java:takeSnapshot(281)) - fc8d0b26-40fd-4e75-8432-30636972f5a2@group-A7AD55EE2C31-StateMachineUpdater: Took a snapshot at index 75
2021-05-31 14:17:03,385 [fc8d0b26-40fd-4e75-8432-30636972f5a2@group-A7AD55EE2C31-StateMachineUpdater] INFO  impl.StateMachineUpdater (StateMachineUpdater.java:lambda$new$0(89)) - fc8d0b26-40fd-4e75-8432-30636972f5a2@group-A7AD55EE2C31-StateMachineUpdater: snapshotIndex: updateIncreasingly 70 -> 75
2021-05-31 14:17:03,385 [fc8d0b26-40fd-4e75-8432-30636972f5a2@group-A7AD55EE2C31-StateMachineUpdater] INFO  raftlog.RaftLog (RaftLogBase.java:purge(306)) - fc8d0b26-40fd-4e75-8432-30636972f5a2@group-A7AD55EE2C31-SegmentedRaftLog: purge 75
2021-05-31 14:17:03,385 [fc8d0b26-40fd-4e75-8432-30636972f5a2@group-A7AD55EE2C31-StateMachineUpdater] INFO  raftlog.RaftLog (RaftLogBase.java:lambda$new$0(53)) - fc8d0b26-40fd-4e75-8432-30636972f5a2@group-A7AD55EE2C31-SegmentedRaftLog: snapshotIndex: updateIncreasingly 70 -> 75
2021-05-31 14:17:03,385 [fc8d0b26-40fd-4e75-8432-30636972f5a2@group-A7AD55EE2C31-StateMachineUpdater] INFO  raftlog.RaftLog (RaftLogBase.java:lambda$new$0(53)) - fc8d0b26-40fd-4e75-8432-30636972f5a2@group-A7AD55EE2C31-SegmentedRaftLog: purgeIndex: updateToMax old=70, new=75, updated? true
2021-05-31 14:17:03,485 [Listener at 127.0.0.1/11372] INFO  ha.SCMHAInvocationHandler (SCMHAInvocationHandler.java:invokeRatis(113)) - Invoking method public abstract void org.apache.hadoop.hdds.scm.container.ContainerStateManagerV2.addContainer(org.apache.hadoop.hdds.protocol.proto.HddsProtos$ContainerInfoProto) throws java.io.IOException on target org.apache.hadoop.hdds.scm.ha.SCMRatisServerImpl@208eb941, cost 3886.268us
2021-05-31 14:17:03,590 [86c596a3-6f32-42a0-9237-c69d9bdf2958@group-A7AD55EE2C31-StateMachineUpdater] INFO  ha.SCMStateMachine (SCMStateMachine.java:takeSnapshot(282)) - Current Snapshot Index 79, takeSnapshot took 0 ms
2021-05-31 14:17:03,590 [Listener at 127.0.0.1/11372] INFO  ha.SCMHAInvocationHandler (SCMHAInvocationHandler.java:invokeRatis(113)) - Invoking method public abstract void org.apache.hadoop.hdds.scm.container.ContainerStateManagerV2.addContainer(org.apache.hadoop.hdds.protocol.proto.HddsProtos$ContainerInfoProto) throws java.io.IOException on target org.apache.hadoop.hdds.scm.ha.SCMRatisServerImpl@208eb941, cost 5177.89us
2021-05-31 14:17:03,590 [86c596a3-6f32-42a0-9237-c69d9bdf2958@group-A7AD55EE2C31-StateMachineUpdater] INFO  impl.StateMachineUpdater (StateMachineUpdater.java:takeSnapshot(281)) - 86c596a3-6f32-42a0-9237-c69d9bdf2958@group-A7AD55EE2C31-StateMachineUpdater: Took a snapshot at index 79
2021-05-31 14:17:03,591 [86c596a3-6f32-42a0-9237-c69d9bdf2958@group-A7AD55EE2C31-StateMachineUpdater] INFO  impl.StateMachineUpdater (StateMachineUpdater.java:lambda$new$0(89)) - 86c596a3-6f32-42a0-9237-c69d9bdf2958@group-A7AD55EE2C31-StateMachineUpdater: snapshotIndex: updateIncreasingly 74 -> 79
2021-05-31 14:17:03,591 [86c596a3-6f32-42a0-9237-c69d9bdf2958@group-A7AD55EE2C31-StateMachineUpdater] INFO  raftlog.RaftLog (RaftLogBase.java:purge(306)) - 86c596a3-6f32-42a0-9237-c69d9bdf2958@group-A7AD55EE2C31-SegmentedRaftLog: purge 79
2021-05-31 14:17:03,591 [86c596a3-6f32-42a0-9237-c69d9bdf2958@group-A7AD55EE2C31-StateMachineUpdater] INFO  raftlog.RaftLog (RaftLogBase.java:lambda$new$0(53)) - 86c596a3-6f32-42a0-9237-c69d9bdf2958@group-A7AD55EE2C31-SegmentedRaftLog: snapshotIndex: updateIncreasingly 74 -> 79
2021-05-31 14:17:03,591 [86c596a3-6f32-42a0-9237-c69d9bdf2958@group-A7AD55EE2C31-StateMachineUpdater] INFO  raftlog.RaftLog (RaftLogBase.java:lambda$new$0(53)) - 86c596a3-6f32-42a0-9237-c69d9bdf2958@group-A7AD55EE2C31-SegmentedRaftLog: purgeIndex: updateToMax old=74, new=79, updated? true
2021-05-31 14:17:03,695 [fc8d0b26-40fd-4e75-8432-30636972f5a2@group-A7AD55EE2C31-StateMachineUpdater] INFO  ha.SCMStateMachine (SCMStateMachine.java:takeSnapshot(282)) - Current Snapshot Index 80, takeSnapshot took 0 ms
2021-05-31 14:17:03,695 [fc8d0b26-40fd-4e75-8432-30636972f5a2@group-A7AD55EE2C31-StateMachineUpdater] INFO  impl.StateMachineUpdater (StateMachineUpdater.java:takeSnapshot(281)) - fc8d0b26-40fd-4e75-8432-30636972f5a2@group-A7AD55EE2C31-StateMachineUpdater: Took a snapshot at index 80
2021-05-31 14:17:03,695 [fc8d0b26-40fd-4e75-8432-30636972f5a2@group-A7AD55EE2C31-StateMachineUpdater] INFO  impl.StateMachineUpdater (StateMachineUpdater.java:lambda$new$0(89)) - fc8d0b26-40fd-4e75-8432-30636972f5a2@group-A7AD55EE2C31-StateMachineUpdater: snapshotIndex: updateIncreasingly 75 -> 80
2021-05-31 14:17:03,695 [fc8d0b26-40fd-4e75-8432-30636972f5a2@group-A7AD55EE2C31-StateMachineUpdater] INFO  raftlog.RaftLog (RaftLogBase.java:purge(306)) - fc8d0b26-40fd-4e75-8432-30636972f5a2@group-A7AD55EE2C31-SegmentedRaftLog: purge 80
2021-05-31 14:17:03,695 [fc8d0b26-40fd-4e75-8432-30636972f5a2@group-A7AD55EE2C31-StateMachineUpdater] INFO  raftlog.RaftLog (RaftLogBase.java:lambda$new$0(53)) - fc8d0b26-40fd-4e75-8432-30636972f5a2@group-A7AD55EE2C31-SegmentedRaftLog: snapshotIndex: updateIncreasingly 75 -> 80
2021-05-31 14:17:03,695 [fc8d0b26-40fd-4e75-8432-30636972f5a2@group-A7AD55EE2C31-StateMachineUpdater] INFO  raftlog.RaftLog (RaftLogBase.java:lambda$new$0(53)) - fc8d0b26-40fd-4e75-8432-30636972f5a2@group-A7AD55EE2C31-SegmentedRaftLog: purgeIndex: updateToMax old=75, new=80, updated? true
2021-05-31 14:17:03,697 [Listener at 127.0.0.1/11372] INFO  ha.SCMHAInvocationHandler (SCMHAInvocationHandler.java:invokeRatis(113)) - Invoking method public abstract void org.apache.hadoop.hdds.scm.container.ContainerStateManagerV2.addContainer(org.apache.hadoop.hdds.protocol.proto.HddsProtos$ContainerInfoProto) throws java.io.IOException on target org.apache.hadoop.hdds.scm.ha.SCMRatisServerImpl@208eb941, cost 6336.011us
2021-05-31 14:17:03,806 [Listener at 127.0.0.1/11372] INFO  ha.SCMHAInvocationHandler (SCMHAInvocationHandler.java:invokeRatis(113)) - Invoking method public abstract void org.apache.hadoop.hdds.scm.container.ContainerStateManagerV2.addContainer(org.apache.hadoop.hdds.protocol.proto.HddsProtos$ContainerInfoProto) throws java.io.IOException on target org.apache.hadoop.hdds.scm.ha.SCMRatisServerImpl@208eb941, cost 8310.245us
2021-05-31 14:17:03,810 [86c596a3-6f32-42a0-9237-c69d9bdf2958@group-A7AD55EE2C31-StateMachineUpdater] INFO  ha.SCMStateMachine (SCMStateMachine.java:takeSnapshot(282)) - Current Snapshot Index 84, takeSnapshot took 0 ms
2021-05-31 14:17:03,810 [86c596a3-6f32-42a0-9237-c69d9bdf2958@group-A7AD55EE2C31-StateMachineUpdater] INFO  impl.StateMachineUpdater (StateMachineUpdater.java:takeSnapshot(281)) - 86c596a3-6f32-42a0-9237-c69d9bdf2958@group-A7AD55EE2C31-StateMachineUpdater: Took a snapshot at index 84
2021-05-31 14:17:03,810 [86c596a3-6f32-42a0-9237-c69d9bdf2958@group-A7AD55EE2C31-StateMachineUpdater] INFO  impl.StateMachineUpdater (StateMachineUpdater.java:lambda$new$0(89)) - 86c596a3-6f32-42a0-9237-c69d9bdf2958@group-A7AD55EE2C31-StateMachineUpdater: snapshotIndex: updateIncreasingly 79 -> 84
2021-05-31 14:17:03,810 [86c596a3-6f32-42a0-9237-c69d9bdf2958@group-A7AD55EE2C31-StateMachineUpdater] INFO  raftlog.RaftLog (RaftLogBase.java:purge(306)) - 86c596a3-6f32-42a0-9237-c69d9bdf2958@group-A7AD55EE2C31-SegmentedRaftLog: purge 84
2021-05-31 14:17:03,810 [86c596a3-6f32-42a0-9237-c69d9bdf2958@group-A7AD55EE2C31-StateMachineUpdater] INFO  raftlog.RaftLog (RaftLogBase.java:lambda$new$0(53)) - 86c596a3-6f32-42a0-9237-c69d9bdf2958@group-A7AD55EE2C31-SegmentedRaftLog: snapshotIndex: updateIncreasingly 79 -> 84
2021-05-31 14:17:03,810 [86c596a3-6f32-42a0-9237-c69d9bdf2958@group-A7AD55EE2C31-StateMachineUpdater] INFO  raftlog.RaftLog (RaftLogBase.java:lambda$new$0(53)) - 86c596a3-6f32-42a0-9237-c69d9bdf2958@group-A7AD55EE2C31-SegmentedRaftLog: purgeIndex: updateToMax old=79, new=84, updated? true
2021-05-31 14:17:03,912 [Listener at 127.0.0.1/11372] INFO  ha.SCMHAInvocationHandler (SCMHAInvocationHandler.java:invokeRatis(113)) - Invoking method public abstract void org.apache.hadoop.hdds.scm.container.ContainerStateManagerV2.addContainer(org.apache.hadoop.hdds.protocol.proto.HddsProtos$ContainerInfoProto) throws java.io.IOException on target org.apache.hadoop.hdds.scm.ha.SCMRatisServerImpl@208eb941, cost 5131.19us
2021-05-31 14:17:03,914 [fc8d0b26-40fd-4e75-8432-30636972f5a2@group-A7AD55EE2C31-StateMachineUpdater] INFO  ha.SCMStateMachine (SCMStateMachine.java:takeSnapshot(282)) - Current Snapshot Index 85, takeSnapshot took 0 ms
2021-05-31 14:17:03,914 [fc8d0b26-40fd-4e75-8432-30636972f5a2@group-A7AD55EE2C31-StateMachineUpdater] INFO  impl.StateMachineUpdater (StateMachineUpdater.java:takeSnapshot(281)) - fc8d0b26-40fd-4e75-8432-30636972f5a2@group-A7AD55EE2C31-StateMachineUpdater: Took a snapshot at index 85
2021-05-31 14:17:03,914 [fc8d0b26-40fd-4e75-8432-30636972f5a2@group-A7AD55EE2C31-StateMachineUpdater] INFO  impl.StateMachineUpdater (StateMachineUpdater.java:lambda$new$0(89)) - fc8d0b26-40fd-4e75-8432-30636972f5a2@group-A7AD55EE2C31-StateMachineUpdater: snapshotIndex: updateIncreasingly 80 -> 85
2021-05-31 14:17:03,914 [fc8d0b26-40fd-4e75-8432-30636972f5a2@group-A7AD55EE2C31-StateMachineUpdater] INFO  raftlog.RaftLog (RaftLogBase.java:purge(306)) - fc8d0b26-40fd-4e75-8432-30636972f5a2@group-A7AD55EE2C31-SegmentedRaftLog: purge 85
2021-05-31 14:17:03,914 [fc8d0b26-40fd-4e75-8432-30636972f5a2@group-A7AD55EE2C31-StateMachineUpdater] INFO  raftlog.RaftLog (RaftLogBase.java:lambda$new$0(53)) - fc8d0b26-40fd-4e75-8432-30636972f5a2@group-A7AD55EE2C31-SegmentedRaftLog: snapshotIndex: updateIncreasingly 80 -> 85
2021-05-31 14:17:03,914 [fc8d0b26-40fd-4e75-8432-30636972f5a2@group-A7AD55EE2C31-StateMachineUpdater] INFO  raftlog.RaftLog (RaftLogBase.java:lambda$new$0(53)) - fc8d0b26-40fd-4e75-8432-30636972f5a2@group-A7AD55EE2C31-SegmentedRaftLog: purgeIndex: updateToMax old=80, new=85, updated? true
2021-05-31 14:17:03,943 [Datanode State Machine Thread - 0] ERROR datanode.RunningDatanodeState (RunningDatanodeState.java:computeNextContainerState(199)) - Error in executing end point task.
java.util.concurrent.ExecutionException: java.util.concurrent.TimeoutException
	at java.util.concurrent.FutureTask.report(FutureTask.java:122)
	at java.util.concurrent.FutureTask.get(FutureTask.java:192)
	at org.apache.hadoop.ozone.container.common.states.datanode.RunningDatanodeState.computeNextContainerState(RunningDatanodeState.java:191)
	at org.apache.hadoop.ozone.container.common.states.datanode.RunningDatanodeState.await(RunningDatanodeState.java:231)
	at org.apache.hadoop.ozone.container.common.states.datanode.RunningDatanodeState.await(RunningDatanodeState.java:50)
	at org.apache.hadoop.ozone.container.common.statemachine.StateContext.execute(StateContext.java:579)
	at org.apache.hadoop.ozone.container.common.statemachine.DatanodeStateMachine.start(DatanodeStateMachine.java:233)
	at org.apache.hadoop.ozone.container.common.statemachine.DatanodeStateMachine.lambda$startDaemon$0(DatanodeStateMachine.java:416)
	at java.lang.Thread.run(Thread.java:748)
Caused by: java.util.concurrent.TimeoutException
	at java.util.concurrent.FutureTask.get(FutureTask.java:205)
	at org.apache.hadoop.ozone.container.common.states.datanode.RunningDatanodeState.lambda$execute$0(RunningDatanodeState.java:149)
	at java.util.concurrent.FutureTask.run(FutureTask.java:266)
	at java.util.concurrent.Executors$RunnableAdapter.call(Executors.java:511)
	at java.util.concurrent.FutureTask.run(FutureTask.java:266)
	at java.util.concurrent.ThreadPoolExecutor.runWorker(ThreadPoolExecutor.java:1149)
	at java.util.concurrent.ThreadPoolExecutor$Worker.run(ThreadPoolExecutor.java:624)
	... 1 more
2021-05-31 14:17:04,018 [Listener at 127.0.0.1/11372] INFO  ha.SCMHAInvocationHandler (SCMHAInvocationHandler.java:invokeRatis(113)) - Invoking method public abstract void org.apache.hadoop.hdds.scm.container.ContainerStateManagerV2.addContainer(org.apache.hadoop.hdds.protocol.proto.HddsProtos$ContainerInfoProto) throws java.io.IOException on target org.apache.hadoop.hdds.scm.ha.SCMRatisServerImpl@208eb941, cost 5109.689us
2021-05-31 14:17:04,124 [86c596a3-6f32-42a0-9237-c69d9bdf2958@group-A7AD55EE2C31-StateMachineUpdater] INFO  ha.SCMStateMachine (SCMStateMachine.java:takeSnapshot(282)) - Current Snapshot Index 89, takeSnapshot took 0 ms
2021-05-31 14:17:04,124 [86c596a3-6f32-42a0-9237-c69d9bdf2958@group-A7AD55EE2C31-StateMachineUpdater] INFO  impl.StateMachineUpdater (StateMachineUpdater.java:takeSnapshot(281)) - 86c596a3-6f32-42a0-9237-c69d9bdf2958@group-A7AD55EE2C31-StateMachineUpdater: Took a snapshot at index 89
2021-05-31 14:17:04,124 [86c596a3-6f32-42a0-9237-c69d9bdf2958@group-A7AD55EE2C31-StateMachineUpdater] INFO  impl.StateMachineUpdater (StateMachineUpdater.java:lambda$new$0(89)) - 86c596a3-6f32-42a0-9237-c69d9bdf2958@group-A7AD55EE2C31-StateMachineUpdater: snapshotIndex: updateIncreasingly 84 -> 89
2021-05-31 14:17:04,124 [86c596a3-6f32-42a0-9237-c69d9bdf2958@group-A7AD55EE2C31-StateMachineUpdater] INFO  raftlog.RaftLog (RaftLogBase.java:purge(306)) - 86c596a3-6f32-42a0-9237-c69d9bdf2958@group-A7AD55EE2C31-SegmentedRaftLog: purge 89
2021-05-31 14:17:04,124 [86c596a3-6f32-42a0-9237-c69d9bdf2958@group-A7AD55EE2C31-StateMachineUpdater] INFO  raftlog.RaftLog (RaftLogBase.java:lambda$new$0(53)) - 86c596a3-6f32-42a0-9237-c69d9bdf2958@group-A7AD55EE2C31-SegmentedRaftLog: snapshotIndex: updateIncreasingly 84 -> 89
2021-05-31 14:17:04,125 [86c596a3-6f32-42a0-9237-c69d9bdf2958@group-A7AD55EE2C31-StateMachineUpdater] INFO  raftlog.RaftLog (RaftLogBase.java:lambda$new$0(53)) - 86c596a3-6f32-42a0-9237-c69d9bdf2958@group-A7AD55EE2C31-SegmentedRaftLog: purgeIndex: updateToMax old=84, new=89, updated? true
2021-05-31 14:17:04,125 [Listener at 127.0.0.1/11372] INFO  ha.SCMHAInvocationHandler (SCMHAInvocationHandler.java:invokeRatis(113)) - Invoking method public abstract void org.apache.hadoop.hdds.scm.container.ContainerStateManagerV2.addContainer(org.apache.hadoop.hdds.protocol.proto.HddsProtos$ContainerInfoProto) throws java.io.IOException on target org.apache.hadoop.hdds.scm.ha.SCMRatisServerImpl@208eb941, cost 5535.497us
2021-05-31 14:17:04,229 [fc8d0b26-40fd-4e75-8432-30636972f5a2@group-A7AD55EE2C31-StateMachineUpdater] INFO  ha.SCMStateMachine (SCMStateMachine.java:takeSnapshot(282)) - Current Snapshot Index 90, takeSnapshot took 0 ms
2021-05-31 14:17:04,229 [fc8d0b26-40fd-4e75-8432-30636972f5a2@group-A7AD55EE2C31-StateMachineUpdater] INFO  impl.StateMachineUpdater (StateMachineUpdater.java:takeSnapshot(281)) - fc8d0b26-40fd-4e75-8432-30636972f5a2@group-A7AD55EE2C31-StateMachineUpdater: Took a snapshot at index 90
2021-05-31 14:17:04,229 [fc8d0b26-40fd-4e75-8432-30636972f5a2@group-A7AD55EE2C31-StateMachineUpdater] INFO  impl.StateMachineUpdater (StateMachineUpdater.java:lambda$new$0(89)) - fc8d0b26-40fd-4e75-8432-30636972f5a2@group-A7AD55EE2C31-StateMachineUpdater: snapshotIndex: updateIncreasingly 85 -> 90
2021-05-31 14:17:04,229 [fc8d0b26-40fd-4e75-8432-30636972f5a2@group-A7AD55EE2C31-StateMachineUpdater] INFO  raftlog.RaftLog (RaftLogBase.java:purge(306)) - fc8d0b26-40fd-4e75-8432-30636972f5a2@group-A7AD55EE2C31-SegmentedRaftLog: purge 90
2021-05-31 14:17:04,229 [fc8d0b26-40fd-4e75-8432-30636972f5a2@group-A7AD55EE2C31-StateMachineUpdater] INFO  raftlog.RaftLog (RaftLogBase.java:lambda$new$0(53)) - fc8d0b26-40fd-4e75-8432-30636972f5a2@group-A7AD55EE2C31-SegmentedRaftLog: snapshotIndex: updateIncreasingly 85 -> 90
2021-05-31 14:17:04,229 [fc8d0b26-40fd-4e75-8432-30636972f5a2@group-A7AD55EE2C31-StateMachineUpdater] INFO  raftlog.RaftLog (RaftLogBase.java:lambda$new$0(53)) - fc8d0b26-40fd-4e75-8432-30636972f5a2@group-A7AD55EE2C31-SegmentedRaftLog: purgeIndex: updateToMax old=85, new=90, updated? true
2021-05-31 14:17:04,231 [Listener at 127.0.0.1/11372] INFO  ha.SCMHAInvocationHandler (SCMHAInvocationHandler.java:invokeRatis(113)) - Invoking method public abstract void org.apache.hadoop.hdds.scm.container.ContainerStateManagerV2.addContainer(org.apache.hadoop.hdds.protocol.proto.HddsProtos$ContainerInfoProto) throws java.io.IOException on target org.apache.hadoop.hdds.scm.ha.SCMRatisServerImpl@208eb941, cost 5330.293us
2021-05-31 14:17:04,338 [Listener at 127.0.0.1/11372] INFO  ha.SCMHAInvocationHandler (SCMHAInvocationHandler.java:invokeRatis(113)) - Invoking method public abstract void org.apache.hadoop.hdds.scm.container.ContainerStateManagerV2.addContainer(org.apache.hadoop.hdds.protocol.proto.HddsProtos$ContainerInfoProto) throws java.io.IOException on target org.apache.hadoop.hdds.scm.ha.SCMRatisServerImpl@208eb941, cost 6117.607us
2021-05-31 14:17:04,341 [86c596a3-6f32-42a0-9237-c69d9bdf2958@group-A7AD55EE2C31-StateMachineUpdater] INFO  ha.SCMStateMachine (SCMStateMachine.java:takeSnapshot(282)) - Current Snapshot Index 94, takeSnapshot took 1 ms
2021-05-31 14:17:04,341 [86c596a3-6f32-42a0-9237-c69d9bdf2958@group-A7AD55EE2C31-StateMachineUpdater] INFO  impl.StateMachineUpdater (StateMachineUpdater.java:takeSnapshot(281)) - 86c596a3-6f32-42a0-9237-c69d9bdf2958@group-A7AD55EE2C31-StateMachineUpdater: Took a snapshot at index 94
2021-05-31 14:17:04,341 [86c596a3-6f32-42a0-9237-c69d9bdf2958@group-A7AD55EE2C31-StateMachineUpdater] INFO  impl.StateMachineUpdater (StateMachineUpdater.java:lambda$new$0(89)) - 86c596a3-6f32-42a0-9237-c69d9bdf2958@group-A7AD55EE2C31-StateMachineUpdater: snapshotIndex: updateIncreasingly 89 -> 94
2021-05-31 14:17:04,341 [86c596a3-6f32-42a0-9237-c69d9bdf2958@group-A7AD55EE2C31-StateMachineUpdater] INFO  raftlog.RaftLog (RaftLogBase.java:purge(306)) - 86c596a3-6f32-42a0-9237-c69d9bdf2958@group-A7AD55EE2C31-SegmentedRaftLog: purge 94
2021-05-31 14:17:04,341 [86c596a3-6f32-42a0-9237-c69d9bdf2958@group-A7AD55EE2C31-StateMachineUpdater] INFO  raftlog.RaftLog (RaftLogBase.java:lambda$new$0(53)) - 86c596a3-6f32-42a0-9237-c69d9bdf2958@group-A7AD55EE2C31-SegmentedRaftLog: snapshotIndex: updateIncreasingly 89 -> 94
2021-05-31 14:17:04,341 [86c596a3-6f32-42a0-9237-c69d9bdf2958@group-A7AD55EE2C31-StateMachineUpdater] INFO  raftlog.RaftLog (RaftLogBase.java:lambda$new$0(53)) - 86c596a3-6f32-42a0-9237-c69d9bdf2958@group-A7AD55EE2C31-SegmentedRaftLog: purgeIndex: updateToMax old=89, new=94, updated? true
2021-05-31 14:17:04,444 [Listener at 127.0.0.1/11372] INFO  ha.SCMHAInvocationHandler (SCMHAInvocationHandler.java:invokeRatis(113)) - Invoking method public abstract void org.apache.hadoop.hdds.scm.container.ContainerStateManagerV2.addContainer(org.apache.hadoop.hdds.protocol.proto.HddsProtos$ContainerInfoProto) throws java.io.IOException on target org.apache.hadoop.hdds.scm.ha.SCMRatisServerImpl@208eb941, cost 5179.091us
2021-05-31 14:17:04,447 [fc8d0b26-40fd-4e75-8432-30636972f5a2@group-A7AD55EE2C31-StateMachineUpdater] INFO  ha.SCMStateMachine (SCMStateMachine.java:takeSnapshot(282)) - Current Snapshot Index 95, takeSnapshot took 0 ms
2021-05-31 14:17:04,447 [fc8d0b26-40fd-4e75-8432-30636972f5a2@group-A7AD55EE2C31-StateMachineUpdater] INFO  impl.StateMachineUpdater (StateMachineUpdater.java:takeSnapshot(281)) - fc8d0b26-40fd-4e75-8432-30636972f5a2@group-A7AD55EE2C31-StateMachineUpdater: Took a snapshot at index 95
2021-05-31 14:17:04,447 [fc8d0b26-40fd-4e75-8432-30636972f5a2@group-A7AD55EE2C31-StateMachineUpdater] INFO  impl.StateMachineUpdater (StateMachineUpdater.java:lambda$new$0(89)) - fc8d0b26-40fd-4e75-8432-30636972f5a2@group-A7AD55EE2C31-StateMachineUpdater: snapshotIndex: updateIncreasingly 90 -> 95
2021-05-31 14:17:04,447 [fc8d0b26-40fd-4e75-8432-30636972f5a2@group-A7AD55EE2C31-StateMachineUpdater] INFO  raftlog.RaftLog (RaftLogBase.java:purge(306)) - fc8d0b26-40fd-4e75-8432-30636972f5a2@group-A7AD55EE2C31-SegmentedRaftLog: purge 95
2021-05-31 14:17:04,447 [fc8d0b26-40fd-4e75-8432-30636972f5a2@group-A7AD55EE2C31-StateMachineUpdater] INFO  raftlog.RaftLog (RaftLogBase.java:lambda$new$0(53)) - fc8d0b26-40fd-4e75-8432-30636972f5a2@group-A7AD55EE2C31-SegmentedRaftLog: snapshotIndex: updateIncreasingly 90 -> 95
2021-05-31 14:17:04,447 [fc8d0b26-40fd-4e75-8432-30636972f5a2@group-A7AD55EE2C31-StateMachineUpdater] INFO  raftlog.RaftLog (RaftLogBase.java:lambda$new$0(53)) - fc8d0b26-40fd-4e75-8432-30636972f5a2@group-A7AD55EE2C31-SegmentedRaftLog: purgeIndex: updateToMax old=90, new=95, updated? true
2021-05-31 14:17:04,550 [Listener at 127.0.0.1/11372] INFO  ha.SCMHAInvocationHandler (SCMHAInvocationHandler.java:invokeRatis(113)) - Invoking method public abstract void org.apache.hadoop.hdds.scm.container.ContainerStateManagerV2.addContainer(org.apache.hadoop.hdds.protocol.proto.HddsProtos$ContainerInfoProto) throws java.io.IOException on target org.apache.hadoop.hdds.scm.ha.SCMRatisServerImpl@208eb941, cost 5005.287us
2021-05-31 14:17:04,625 [Datanode State Machine Thread - 0] ERROR datanode.RunningDatanodeState (RunningDatanodeState.java:computeNextContainerState(199)) - Error in executing end point task.
java.util.concurrent.ExecutionException: java.util.concurrent.TimeoutException
	at java.util.concurrent.FutureTask.report(FutureTask.java:122)
	at java.util.concurrent.FutureTask.get(FutureTask.java:192)
	at org.apache.hadoop.ozone.container.common.states.datanode.RunningDatanodeState.computeNextContainerState(RunningDatanodeState.java:191)
	at org.apache.hadoop.ozone.container.common.states.datanode.RunningDatanodeState.await(RunningDatanodeState.java:231)
	at org.apache.hadoop.ozone.container.common.states.datanode.RunningDatanodeState.await(RunningDatanodeState.java:50)
	at org.apache.hadoop.ozone.container.common.statemachine.StateContext.execute(StateContext.java:579)
	at org.apache.hadoop.ozone.container.common.statemachine.DatanodeStateMachine.start(DatanodeStateMachine.java:233)
	at org.apache.hadoop.ozone.container.common.statemachine.DatanodeStateMachine.lambda$startDaemon$0(DatanodeStateMachine.java:416)
	at java.lang.Thread.run(Thread.java:748)
Caused by: java.util.concurrent.TimeoutException
	at java.util.concurrent.FutureTask.get(FutureTask.java:205)
	at org.apache.hadoop.ozone.container.common.states.datanode.RunningDatanodeState.lambda$execute$0(RunningDatanodeState.java:149)
	at java.util.concurrent.FutureTask.run(FutureTask.java:266)
	at java.util.concurrent.Executors$RunnableAdapter.call(Executors.java:511)
	at java.util.concurrent.FutureTask.run(FutureTask.java:266)
	at java.util.concurrent.ThreadPoolExecutor.runWorker(ThreadPoolExecutor.java:1149)
	at java.util.concurrent.ThreadPoolExecutor$Worker.run(ThreadPoolExecutor.java:624)
	... 1 more
2021-05-31 14:17:04,655 [86c596a3-6f32-42a0-9237-c69d9bdf2958@group-A7AD55EE2C31-StateMachineUpdater] INFO  ha.SCMStateMachine (SCMStateMachine.java:takeSnapshot(282)) - Current Snapshot Index 99, takeSnapshot took 0 ms
2021-05-31 14:17:04,655 [86c596a3-6f32-42a0-9237-c69d9bdf2958@group-A7AD55EE2C31-StateMachineUpdater] INFO  impl.StateMachineUpdater (StateMachineUpdater.java:takeSnapshot(281)) - 86c596a3-6f32-42a0-9237-c69d9bdf2958@group-A7AD55EE2C31-StateMachineUpdater: Took a snapshot at index 99
2021-05-31 14:17:04,655 [86c596a3-6f32-42a0-9237-c69d9bdf2958@group-A7AD55EE2C31-StateMachineUpdater] INFO  impl.StateMachineUpdater (StateMachineUpdater.java:lambda$new$0(89)) - 86c596a3-6f32-42a0-9237-c69d9bdf2958@group-A7AD55EE2C31-StateMachineUpdater: snapshotIndex: updateIncreasingly 94 -> 99
2021-05-31 14:17:04,655 [86c596a3-6f32-42a0-9237-c69d9bdf2958@group-A7AD55EE2C31-StateMachineUpdater] INFO  raftlog.RaftLog (RaftLogBase.java:purge(306)) - 86c596a3-6f32-42a0-9237-c69d9bdf2958@group-A7AD55EE2C31-SegmentedRaftLog: purge 99
2021-05-31 14:17:04,655 [86c596a3-6f32-42a0-9237-c69d9bdf2958@group-A7AD55EE2C31-StateMachineUpdater] INFO  raftlog.RaftLog (RaftLogBase.java:lambda$new$0(53)) - 86c596a3-6f32-42a0-9237-c69d9bdf2958@group-A7AD55EE2C31-SegmentedRaftLog: snapshotIndex: updateIncreasingly 94 -> 99
2021-05-31 14:17:04,655 [86c596a3-6f32-42a0-9237-c69d9bdf2958@group-A7AD55EE2C31-StateMachineUpdater] INFO  raftlog.RaftLog (RaftLogBase.java:lambda$new$0(53)) - 86c596a3-6f32-42a0-9237-c69d9bdf2958@group-A7AD55EE2C31-SegmentedRaftLog: purgeIndex: updateToMax old=94, new=99, updated? true
2021-05-31 14:17:04,657 [Listener at 127.0.0.1/11372] INFO  ha.SCMHAInvocationHandler (SCMHAInvocationHandler.java:invokeRatis(113)) - Invoking method public abstract void org.apache.hadoop.hdds.scm.container.ContainerStateManagerV2.addContainer(org.apache.hadoop.hdds.protocol.proto.HddsProtos$ContainerInfoProto) throws java.io.IOException on target org.apache.hadoop.hdds.scm.ha.SCMRatisServerImpl@208eb941, cost 6947.021us
2021-05-31 14:17:04,761 [fc8d0b26-40fd-4e75-8432-30636972f5a2@group-A7AD55EE2C31-StateMachineUpdater] INFO  ha.SCMStateMachine (SCMStateMachine.java:takeSnapshot(282)) - Current Snapshot Index 100, takeSnapshot took 0 ms
2021-05-31 14:17:04,761 [fc8d0b26-40fd-4e75-8432-30636972f5a2@group-A7AD55EE2C31-StateMachineUpdater] INFO  impl.StateMachineUpdater (StateMachineUpdater.java:takeSnapshot(281)) - fc8d0b26-40fd-4e75-8432-30636972f5a2@group-A7AD55EE2C31-StateMachineUpdater: Took a snapshot at index 100
2021-05-31 14:17:04,761 [fc8d0b26-40fd-4e75-8432-30636972f5a2@group-A7AD55EE2C31-StateMachineUpdater] INFO  impl.StateMachineUpdater (StateMachineUpdater.java:lambda$new$0(89)) - fc8d0b26-40fd-4e75-8432-30636972f5a2@group-A7AD55EE2C31-StateMachineUpdater: snapshotIndex: updateIncreasingly 95 -> 100
2021-05-31 14:17:04,761 [fc8d0b26-40fd-4e75-8432-30636972f5a2@group-A7AD55EE2C31-StateMachineUpdater] INFO  raftlog.RaftLog (RaftLogBase.java:purge(306)) - fc8d0b26-40fd-4e75-8432-30636972f5a2@group-A7AD55EE2C31-SegmentedRaftLog: purge 100
2021-05-31 14:17:04,762 [fc8d0b26-40fd-4e75-8432-30636972f5a2@group-A7AD55EE2C31-StateMachineUpdater] INFO  raftlog.RaftLog (RaftLogBase.java:lambda$new$0(53)) - fc8d0b26-40fd-4e75-8432-30636972f5a2@group-A7AD55EE2C31-SegmentedRaftLog: snapshotIndex: updateIncreasingly 95 -> 100
2021-05-31 14:17:04,762 [fc8d0b26-40fd-4e75-8432-30636972f5a2@group-A7AD55EE2C31-StateMachineUpdater] INFO  raftlog.RaftLog (RaftLogBase.java:lambda$new$0(53)) - fc8d0b26-40fd-4e75-8432-30636972f5a2@group-A7AD55EE2C31-SegmentedRaftLog: purgeIndex: updateToMax old=95, new=100, updated? true
2021-05-31 14:17:04,763 [Listener at 127.0.0.1/11372] INFO  ha.SCMHAInvocationHandler (SCMHAInvocationHandler.java:invokeRatis(113)) - Invoking method public abstract void org.apache.hadoop.hdds.scm.container.ContainerStateManagerV2.addContainer(org.apache.hadoop.hdds.protocol.proto.HddsProtos$ContainerInfoProto) throws java.io.IOException on target org.apache.hadoop.hdds.scm.ha.SCMRatisServerImpl@208eb941, cost 5266.092us
2021-05-31 14:17:04,869 [Listener at 127.0.0.1/11372] INFO  ha.SCMHAInvocationHandler (SCMHAInvocationHandler.java:invokeRatis(113)) - Invoking method public abstract void org.apache.hadoop.hdds.scm.container.ContainerStateManagerV2.addContainer(org.apache.hadoop.hdds.protocol.proto.HddsProtos$ContainerInfoProto) throws java.io.IOException on target org.apache.hadoop.hdds.scm.ha.SCMRatisServerImpl@208eb941, cost 5463.895us
2021-05-31 14:17:04,872 [86c596a3-6f32-42a0-9237-c69d9bdf2958@group-A7AD55EE2C31-StateMachineUpdater] INFO  ha.SCMStateMachine (SCMStateMachine.java:takeSnapshot(282)) - Current Snapshot Index 104, takeSnapshot took 0 ms
2021-05-31 14:17:04,872 [86c596a3-6f32-42a0-9237-c69d9bdf2958@group-A7AD55EE2C31-StateMachineUpdater] INFO  impl.StateMachineUpdater (StateMachineUpdater.java:takeSnapshot(281)) - 86c596a3-6f32-42a0-9237-c69d9bdf2958@group-A7AD55EE2C31-StateMachineUpdater: Took a snapshot at index 104
2021-05-31 14:17:04,872 [86c596a3-6f32-42a0-9237-c69d9bdf2958@group-A7AD55EE2C31-StateMachineUpdater] INFO  impl.StateMachineUpdater (StateMachineUpdater.java:lambda$new$0(89)) - 86c596a3-6f32-42a0-9237-c69d9bdf2958@group-A7AD55EE2C31-StateMachineUpdater: snapshotIndex: updateIncreasingly 99 -> 104
2021-05-31 14:17:04,872 [86c596a3-6f32-42a0-9237-c69d9bdf2958@group-A7AD55EE2C31-StateMachineUpdater] INFO  raftlog.RaftLog (RaftLogBase.java:purge(306)) - 86c596a3-6f32-42a0-9237-c69d9bdf2958@group-A7AD55EE2C31-SegmentedRaftLog: purge 104
2021-05-31 14:17:04,872 [86c596a3-6f32-42a0-9237-c69d9bdf2958@group-A7AD55EE2C31-StateMachineUpdater] INFO  raftlog.RaftLog (RaftLogBase.java:lambda$new$0(53)) - 86c596a3-6f32-42a0-9237-c69d9bdf2958@group-A7AD55EE2C31-SegmentedRaftLog: snapshotIndex: updateIncreasingly 99 -> 104
2021-05-31 14:17:04,872 [86c596a3-6f32-42a0-9237-c69d9bdf2958@group-A7AD55EE2C31-StateMachineUpdater] INFO  raftlog.RaftLog (RaftLogBase.java:lambda$new$0(53)) - 86c596a3-6f32-42a0-9237-c69d9bdf2958@group-A7AD55EE2C31-SegmentedRaftLog: purgeIndex: updateToMax old=99, new=104, updated? true
2021-05-31 14:17:04,970 [Listener at 127.0.0.1/11372] INFO  segmented.SegmentedRaftLogWorker (SegmentedRaftLogWorker.java:rollLogSegment(399)) - 86c596a3-6f32-42a0-9237-c69d9bdf2958@group-A7AD55EE2C31-SegmentedRaftLogWorker: Rolling segment log-1_104 to index:104
2021-05-31 14:17:04,971 [86c596a3-6f32-42a0-9237-c69d9bdf2958@group-A7AD55EE2C31-SegmentedRaftLogWorker] INFO  segmented.SegmentedRaftLogWorker (SegmentedRaftLogWorker.java:execute(558)) - 86c596a3-6f32-42a0-9237-c69d9bdf2958@group-A7AD55EE2C31-SegmentedRaftLogWorker: Rolled log segment from /home/runner/work/ozone/ozone/mnt/ozone/hadoop-ozone/integration-test/target/test-dir/MiniOzoneClusterImpl-54085720-bde5-45d4-8ce8-a7ad55ee2c31/scmNode-1/scm-ha/54085720-bde5-45d4-8ce8-a7ad55ee2c31/current/log_inprogress_1 to /home/runner/work/ozone/ozone/mnt/ozone/hadoop-ozone/integration-test/target/test-dir/MiniOzoneClusterImpl-54085720-bde5-45d4-8ce8-a7ad55ee2c31/scmNode-1/scm-ha/54085720-bde5-45d4-8ce8-a7ad55ee2c31/current/log_1-104
2021-05-31 14:17:04,973 [grpc-default-executor-2] INFO  segmented.SegmentedRaftLogWorker (SegmentedRaftLogWorker.java:rollLogSegment(399)) - fc8d0b26-40fd-4e75-8432-30636972f5a2@group-A7AD55EE2C31-SegmentedRaftLogWorker: Rolling segment log-1_104 to index:104
2021-05-31 14:17:04,973 [fc8d0b26-40fd-4e75-8432-30636972f5a2@group-A7AD55EE2C31-SegmentedRaftLogWorker] INFO  segmented.SegmentedRaftLogWorker (SegmentedRaftLogWorker.java:execute(558)) - fc8d0b26-40fd-4e75-8432-30636972f5a2@group-A7AD55EE2C31-SegmentedRaftLogWorker: Rolled log segment from /home/runner/work/ozone/ozone/mnt/ozone/hadoop-ozone/integration-test/target/test-dir/MiniOzoneClusterImpl-54085720-bde5-45d4-8ce8-a7ad55ee2c31/scmNode-2/scm-ha/54085720-bde5-45d4-8ce8-a7ad55ee2c31/current/log_inprogress_1 to /home/runner/work/ozone/ozone/mnt/ozone/hadoop-ozone/integration-test/target/test-dir/MiniOzoneClusterImpl-54085720-bde5-45d4-8ce8-a7ad55ee2c31/scmNode-2/scm-ha/54085720-bde5-45d4-8ce8-a7ad55ee2c31/current/log_1-104
2021-05-31 14:17:04,973 [86c596a3-6f32-42a0-9237-c69d9bdf2958@group-A7AD55EE2C31-SegmentedRaftLogWorker] INFO  segmented.SegmentedRaftLogWorker (SegmentedRaftLogWorker.java:execute(601)) - 86c596a3-6f32-42a0-9237-c69d9bdf2958@group-A7AD55EE2C31-SegmentedRaftLogWorker: created new log segment /home/runner/work/ozone/ozone/mnt/ozone/hadoop-ozone/integration-test/target/test-dir/MiniOzoneClusterImpl-54085720-bde5-45d4-8ce8-a7ad55ee2c31/scmNode-1/scm-ha/54085720-bde5-45d4-8ce8-a7ad55ee2c31/current/log_inprogress_105
2021-05-31 14:17:04,974 [fc8d0b26-40fd-4e75-8432-30636972f5a2@group-A7AD55EE2C31-SegmentedRaftLogWorker] INFO  segmented.SegmentedRaftLogWorker (SegmentedRaftLogWorker.java:execute(601)) - fc8d0b26-40fd-4e75-8432-30636972f5a2@group-A7AD55EE2C31-SegmentedRaftLogWorker: created new log segment /home/runner/work/ozone/ozone/mnt/ozone/hadoop-ozone/integration-test/target/test-dir/MiniOzoneClusterImpl-54085720-bde5-45d4-8ce8-a7ad55ee2c31/scmNode-2/scm-ha/54085720-bde5-45d4-8ce8-a7ad55ee2c31/current/log_inprogress_105
2021-05-31 14:17:04,978 [Listener at 127.0.0.1/11372] INFO  ha.SCMHAInvocationHandler (SCMHAInvocationHandler.java:invokeRatis(113)) - Invoking method public abstract void org.apache.hadoop.hdds.scm.container.ContainerStateManagerV2.addContainer(org.apache.hadoop.hdds.protocol.proto.HddsProtos$ContainerInfoProto) throws java.io.IOException on target org.apache.hadoop.hdds.scm.ha.SCMRatisServerImpl@208eb941, cost 8421.647us
2021-05-31 14:17:04,983 [fc8d0b26-40fd-4e75-8432-30636972f5a2@group-A7AD55EE2C31-StateMachineUpdater] INFO  ha.SCMStateMachine (SCMStateMachine.java:takeSnapshot(282)) - Current Snapshot Index 105, takeSnapshot took 0 ms
2021-05-31 14:17:04,983 [fc8d0b26-40fd-4e75-8432-30636972f5a2@group-A7AD55EE2C31-StateMachineUpdater] INFO  impl.StateMachineUpdater (StateMachineUpdater.java:takeSnapshot(281)) - fc8d0b26-40fd-4e75-8432-30636972f5a2@group-A7AD55EE2C31-StateMachineUpdater: Took a snapshot at index 105
2021-05-31 14:17:04,983 [fc8d0b26-40fd-4e75-8432-30636972f5a2@group-A7AD55EE2C31-StateMachineUpdater] INFO  impl.StateMachineUpdater (StateMachineUpdater.java:lambda$new$0(89)) - fc8d0b26-40fd-4e75-8432-30636972f5a2@group-A7AD55EE2C31-StateMachineUpdater: snapshotIndex: updateIncreasingly 100 -> 105
2021-05-31 14:17:04,983 [fc8d0b26-40fd-4e75-8432-30636972f5a2@group-A7AD55EE2C31-StateMachineUpdater] INFO  raftlog.RaftLog (RaftLogBase.java:purge(306)) - fc8d0b26-40fd-4e75-8432-30636972f5a2@group-A7AD55EE2C31-SegmentedRaftLog: purge 105
2021-05-31 14:17:04,983 [fc8d0b26-40fd-4e75-8432-30636972f5a2@group-A7AD55EE2C31-StateMachineUpdater] INFO  raftlog.RaftLog (RaftLogBase.java:lambda$new$0(53)) - fc8d0b26-40fd-4e75-8432-30636972f5a2@group-A7AD55EE2C31-SegmentedRaftLog: snapshotIndex: updateIncreasingly 100 -> 105
2021-05-31 14:17:04,983 [fc8d0b26-40fd-4e75-8432-30636972f5a2@group-A7AD55EE2C31-SegmentedRaftLogWorker] INFO  raftlog.RaftLog (RaftLogBase.java:lambda$new$0(53)) - fc8d0b26-40fd-4e75-8432-30636972f5a2@group-A7AD55EE2C31-SegmentedRaftLog: purgeIndex: updateToMax old=100, new=104, updated? true
2021-05-31 14:17:05,085 [Listener at 127.0.0.1/11372] INFO  ha.SCMHAInvocationHandler (SCMHAInvocationHandler.java:invokeRatis(113)) - Invoking method public abstract void org.apache.hadoop.hdds.scm.container.ContainerStateManagerV2.addContainer(org.apache.hadoop.hdds.protocol.proto.HddsProtos$ContainerInfoProto) throws java.io.IOException on target org.apache.hadoop.hdds.scm.ha.SCMRatisServerImpl@208eb941, cost 5472.996us
2021-05-31 14:17:05,190 [86c596a3-6f32-42a0-9237-c69d9bdf2958@group-A7AD55EE2C31-StateMachineUpdater] INFO  ha.SCMStateMachine (SCMStateMachine.java:takeSnapshot(282)) - Current Snapshot Index 109, takeSnapshot took 0 ms
2021-05-31 14:17:05,190 [86c596a3-6f32-42a0-9237-c69d9bdf2958@group-A7AD55EE2C31-StateMachineUpdater] INFO  impl.StateMachineUpdater (StateMachineUpdater.java:takeSnapshot(281)) - 86c596a3-6f32-42a0-9237-c69d9bdf2958@group-A7AD55EE2C31-StateMachineUpdater: Took a snapshot at index 109
2021-05-31 14:17:05,190 [86c596a3-6f32-42a0-9237-c69d9bdf2958@group-A7AD55EE2C31-StateMachineUpdater] INFO  impl.StateMachineUpdater (StateMachineUpdater.java:lambda$new$0(89)) - 86c596a3-6f32-42a0-9237-c69d9bdf2958@group-A7AD55EE2C31-StateMachineUpdater: snapshotIndex: updateIncreasingly 104 -> 109
2021-05-31 14:17:05,190 [86c596a3-6f32-42a0-9237-c69d9bdf2958@group-A7AD55EE2C31-StateMachineUpdater] INFO  raftlog.RaftLog (RaftLogBase.java:purge(306)) - 86c596a3-6f32-42a0-9237-c69d9bdf2958@group-A7AD55EE2C31-SegmentedRaftLog: purge 109
2021-05-31 14:17:05,190 [86c596a3-6f32-42a0-9237-c69d9bdf2958@group-A7AD55EE2C31-StateMachineUpdater] INFO  raftlog.RaftLog (RaftLogBase.java:lambda$new$0(53)) - 86c596a3-6f32-42a0-9237-c69d9bdf2958@group-A7AD55EE2C31-SegmentedRaftLog: snapshotIndex: updateIncreasingly 104 -> 109
2021-05-31 14:17:05,190 [Listener at 127.0.0.1/11372] INFO  ha.SCMHAInvocationHandler (SCMHAInvocationHandler.java:invokeRatis(113)) - Invoking method public abstract void org.apache.hadoop.hdds.scm.container.ContainerStateManagerV2.addContainer(org.apache.hadoop.hdds.protocol.proto.HddsProtos$ContainerInfoProto) throws java.io.IOException on target org.apache.hadoop.hdds.scm.ha.SCMRatisServerImpl@208eb941, cost 4907.286us
2021-05-31 14:17:05,190 [86c596a3-6f32-42a0-9237-c69d9bdf2958@group-A7AD55EE2C31-SegmentedRaftLogWorker] INFO  raftlog.RaftLog (RaftLogBase.java:lambda$new$0(53)) - 86c596a3-6f32-42a0-9237-c69d9bdf2958@group-A7AD55EE2C31-SegmentedRaftLog: purgeIndex: updateToMax old=104, new=104, updated? false
2021-05-31 14:17:05,294 [fc8d0b26-40fd-4e75-8432-30636972f5a2@group-A7AD55EE2C31-StateMachineUpdater] INFO  ha.SCMStateMachine (SCMStateMachine.java:takeSnapshot(282)) - Current Snapshot Index 110, takeSnapshot took 0 ms
2021-05-31 14:17:05,294 [fc8d0b26-40fd-4e75-8432-30636972f5a2@group-A7AD55EE2C31-StateMachineUpdater] INFO  impl.StateMachineUpdater (StateMachineUpdater.java:takeSnapshot(281)) - fc8d0b26-40fd-4e75-8432-30636972f5a2@group-A7AD55EE2C31-StateMachineUpdater: Took a snapshot at index 110
2021-05-31 14:17:05,294 [fc8d0b26-40fd-4e75-8432-30636972f5a2@group-A7AD55EE2C31-StateMachineUpdater] INFO  impl.StateMachineUpdater (StateMachineUpdater.java:lambda$new$0(89)) - fc8d0b26-40fd-4e75-8432-30636972f5a2@group-A7AD55EE2C31-StateMachineUpdater: snapshotIndex: updateIncreasingly 105 -> 110
2021-05-31 14:17:05,294 [fc8d0b26-40fd-4e75-8432-30636972f5a2@group-A7AD55EE2C31-StateMachineUpdater] INFO  raftlog.RaftLog (RaftLogBase.java:purge(306)) - fc8d0b26-40fd-4e75-8432-30636972f5a2@group-A7AD55EE2C31-SegmentedRaftLog: purge 110
2021-05-31 14:17:05,294 [fc8d0b26-40fd-4e75-8432-30636972f5a2@group-A7AD55EE2C31-StateMachineUpdater] INFO  raftlog.RaftLog (RaftLogBase.java:lambda$new$0(53)) - fc8d0b26-40fd-4e75-8432-30636972f5a2@group-A7AD55EE2C31-SegmentedRaftLog: snapshotIndex: updateIncreasingly 105 -> 110
2021-05-31 14:17:05,294 [fc8d0b26-40fd-4e75-8432-30636972f5a2@group-A7AD55EE2C31-StateMachineUpdater] INFO  raftlog.RaftLog (RaftLogBase.java:lambda$new$0(53)) - fc8d0b26-40fd-4e75-8432-30636972f5a2@group-A7AD55EE2C31-SegmentedRaftLog: purgeIndex: updateToMax old=104, new=110, updated? true
2021-05-31 14:17:05,296 [Listener at 127.0.0.1/11372] INFO  ha.SCMHAInvocationHandler (SCMHAInvocationHandler.java:invokeRatis(113)) - Invoking method public abstract void org.apache.hadoop.hdds.scm.container.ContainerStateManagerV2.addContainer(org.apache.hadoop.hdds.protocol.proto.HddsProtos$ContainerInfoProto) throws java.io.IOException on target org.apache.hadoop.hdds.scm.ha.SCMRatisServerImpl@208eb941, cost 5253.891us
2021-05-31 14:17:05,299 [bda778da-51f4-4847-bee0-b4babae878aa@group-914A9C454EC2-FollowerState] INFO  impl.FollowerState (FollowerState.java:run(134)) - bda778da-51f4-4847-bee0-b4babae878aa@group-914A9C454EC2-FollowerState: change to CANDIDATE, lastRpcElapsedTime:5067182315ns, electionTimeout:5065ms
2021-05-31 14:17:05,299 [bda778da-51f4-4847-bee0-b4babae878aa@group-914A9C454EC2-FollowerState] INFO  impl.RoleInfo (RoleInfo.java:shutdownFollowerState(108)) - bda778da-51f4-4847-bee0-b4babae878aa: shutdown bda778da-51f4-4847-bee0-b4babae878aa@group-914A9C454EC2-FollowerState
2021-05-31 14:17:05,299 [bda778da-51f4-4847-bee0-b4babae878aa@group-914A9C454EC2-FollowerState] INFO  server.RaftServer$Division (RaftServerImpl.java:setRole(284)) - bda778da-51f4-4847-bee0-b4babae878aa@group-914A9C454EC2: changes role from  FOLLOWER to CANDIDATE at term 5 for changeToCandidate
2021-05-31 14:17:05,301 [bda778da-51f4-4847-bee0-b4babae878aa@group-914A9C454EC2-FollowerState] INFO  server.RaftServerConfigKeys (ConfUtils.java:logGet(44)) - raft.server.leaderelection.pre-vote = false (custom)
2021-05-31 14:17:05,301 [bda778da-51f4-4847-bee0-b4babae878aa@group-914A9C454EC2-FollowerState] INFO  impl.RoleInfo (RoleInfo.java:updateAndGet(130)) - bda778da-51f4-4847-bee0-b4babae878aa: start bda778da-51f4-4847-bee0-b4babae878aa@group-914A9C454EC2-LeaderElection18
2021-05-31 14:17:05,310 [bda778da-51f4-4847-bee0-b4babae878aa@group-914A9C454EC2-LeaderElection18] INFO  impl.LeaderElection (LeaderElection.java:askForVotes(306)) - bda778da-51f4-4847-bee0-b4babae878aa@group-914A9C454EC2-LeaderElection18 ELECTION round 0: submit vote requests at term 6 for -1: [21f06eab-63c8-43fd-b305-f7c41bc87438|rpc:127.0.0.1:43533|priority:0, e4951dd4-f4df-4d2e-bd67-fe61550133c1|rpc:127.0.0.1:42453|priority:1, bda778da-51f4-4847-bee0-b4babae878aa|rpc:127.0.0.1:32951|priority:0], old=null
2021-05-31 14:17:05,320 [grpc-default-executor-2] INFO  server.RaftServer$Division (RaftServerImpl.java:requestVote(1042)) - 21f06eab-63c8-43fd-b305-f7c41bc87438@group-914A9C454EC2: receive requestVote(ELECTION, bda778da-51f4-4847-bee0-b4babae878aa, group-914A9C454EC2, 6, (t:0, i:0))
2021-05-31 14:17:05,320 [grpc-default-executor-2] INFO  impl.VoteContext (VoteContext.java:log(48)) - 21f06eab-63c8-43fd-b305-f7c41bc87438@group-914A9C454EC2-FOLLOWER: accept ELECTION from bda778da-51f4-4847-bee0-b4babae878aa: our priority 0 <= candidate's priority 0
2021-05-31 14:17:05,320 [grpc-default-executor-2] INFO  server.RaftServer$Division (RaftServerImpl.java:setRole(284)) - 21f06eab-63c8-43fd-b305-f7c41bc87438@group-914A9C454EC2: changes role from  FOLLOWER to FOLLOWER at term 6 for candidate:bda778da-51f4-4847-bee0-b4babae878aa
2021-05-31 14:17:05,320 [grpc-default-executor-2] INFO  impl.RoleInfo (RoleInfo.java:shutdownFollowerState(108)) - 21f06eab-63c8-43fd-b305-f7c41bc87438: shutdown 21f06eab-63c8-43fd-b305-f7c41bc87438@group-914A9C454EC2-FollowerState
2021-05-31 14:17:05,320 [grpc-default-executor-2] INFO  impl.RoleInfo (RoleInfo.java:updateAndGet(130)) - 21f06eab-63c8-43fd-b305-f7c41bc87438: start 21f06eab-63c8-43fd-b305-f7c41bc87438@group-914A9C454EC2-FollowerState
2021-05-31 14:17:05,322 [21f06eab-63c8-43fd-b305-f7c41bc87438@group-914A9C454EC2-FollowerState] INFO  impl.FollowerState (FollowerState.java:run(143)) - 21f06eab-63c8-43fd-b305-f7c41bc87438@group-914A9C454EC2-FollowerState was interrupted: {}
java.lang.InterruptedException: sleep interrupted
	at java.lang.Thread.sleep(Native Method)
	at java.lang.Thread.sleep(Thread.java:340)
	at java.util.concurrent.TimeUnit.sleep(TimeUnit.java:386)
	at org.apache.ratis.util.TimeDuration.sleep(TimeDuration.java:324)
	at org.apache.ratis.util.TimeDuration.sleep(TimeDuration.java:309)
	at org.apache.ratis.server.impl.FollowerState.run(FollowerState.java:118)
2021-05-31 14:17:05,322 [grpc-default-executor-2] INFO  server.RaftServer$Division (RaftServerImpl.java:requestVote(1074)) - 21f06eab-63c8-43fd-b305-f7c41bc87438@group-914A9C454EC2 replies to ELECTION vote request: bda778da-51f4-4847-bee0-b4babae878aa<-21f06eab-63c8-43fd-b305-f7c41bc87438#0:OK-t6. Peer's state: 21f06eab-63c8-43fd-b305-f7c41bc87438@group-914A9C454EC2:t6, leader=null, voted=bda778da-51f4-4847-bee0-b4babae878aa, raftlog=21f06eab-63c8-43fd-b305-f7c41bc87438@group-914A9C454EC2-SegmentedRaftLog:OPENED:c-1,f-1,i0, conf=-1: [21f06eab-63c8-43fd-b305-f7c41bc87438|rpc:127.0.0.1:43533|priority:0, e4951dd4-f4df-4d2e-bd67-fe61550133c1|rpc:127.0.0.1:42453|priority:1, bda778da-51f4-4847-bee0-b4babae878aa|rpc:127.0.0.1:32951|priority:0], old=null
2021-05-31 14:17:05,326 [grpc-default-executor-2] INFO  server.RaftServer$Division (RaftServerImpl.java:requestVote(1042)) - e4951dd4-f4df-4d2e-bd67-fe61550133c1@group-914A9C454EC2: receive requestVote(ELECTION, bda778da-51f4-4847-bee0-b4babae878aa, group-914A9C454EC2, 6, (t:0, i:0))
2021-05-31 14:17:05,326 [grpc-default-executor-2] INFO  impl.VoteContext (VoteContext.java:log(48)) - e4951dd4-f4df-4d2e-bd67-fe61550133c1@group-914A9C454EC2-FOLLOWER: reject ELECTION from bda778da-51f4-4847-bee0-b4babae878aa: our priority 1 > candidate's priority 0
2021-05-31 14:17:05,326 [grpc-default-executor-2] INFO  server.RaftServer$Division (RaftServerImpl.java:setRole(284)) - e4951dd4-f4df-4d2e-bd67-fe61550133c1@group-914A9C454EC2: changes role from  FOLLOWER to FOLLOWER at term 6 for candidate:bda778da-51f4-4847-bee0-b4babae878aa
2021-05-31 14:17:05,326 [grpc-default-executor-2] INFO  impl.RoleInfo (RoleInfo.java:shutdownFollowerState(108)) - e4951dd4-f4df-4d2e-bd67-fe61550133c1: shutdown e4951dd4-f4df-4d2e-bd67-fe61550133c1@group-914A9C454EC2-FollowerState
2021-05-31 14:17:05,326 [grpc-default-executor-2] INFO  impl.RoleInfo (RoleInfo.java:updateAndGet(130)) - e4951dd4-f4df-4d2e-bd67-fe61550133c1: start e4951dd4-f4df-4d2e-bd67-fe61550133c1@group-914A9C454EC2-FollowerState
2021-05-31 14:17:05,326 [e4951dd4-f4df-4d2e-bd67-fe61550133c1@group-914A9C454EC2-FollowerState] INFO  impl.FollowerState (FollowerState.java:run(143)) - e4951dd4-f4df-4d2e-bd67-fe61550133c1@group-914A9C454EC2-FollowerState was interrupted: {}
java.lang.InterruptedException: sleep interrupted
	at java.lang.Thread.sleep(Native Method)
	at java.lang.Thread.sleep(Thread.java:340)
	at java.util.concurrent.TimeUnit.sleep(TimeUnit.java:386)
	at org.apache.ratis.util.TimeDuration.sleep(TimeDuration.java:324)
	at org.apache.ratis.util.TimeDuration.sleep(TimeDuration.java:309)
	at org.apache.ratis.server.impl.FollowerState.run(FollowerState.java:118)
2021-05-31 14:17:05,328 [grpc-default-executor-2] INFO  server.RaftServer$Division (RaftServerImpl.java:requestVote(1074)) - e4951dd4-f4df-4d2e-bd67-fe61550133c1@group-914A9C454EC2 replies to ELECTION vote request: bda778da-51f4-4847-bee0-b4babae878aa<-e4951dd4-f4df-4d2e-bd67-fe61550133c1#0:FAIL-t6. Peer's state: e4951dd4-f4df-4d2e-bd67-fe61550133c1@group-914A9C454EC2:t6, leader=null, voted=null, raftlog=e4951dd4-f4df-4d2e-bd67-fe61550133c1@group-914A9C454EC2-SegmentedRaftLog:OPENED:c-1,f-1,i0, conf=-1: [21f06eab-63c8-43fd-b305-f7c41bc87438|rpc:127.0.0.1:43533|priority:0, e4951dd4-f4df-4d2e-bd67-fe61550133c1|rpc:127.0.0.1:42453|priority:1, bda778da-51f4-4847-bee0-b4babae878aa|rpc:127.0.0.1:32951|priority:0], old=null
2021-05-31 14:17:05,329 [bda778da-51f4-4847-bee0-b4babae878aa@group-914A9C454EC2-LeaderElection18] INFO  impl.LeaderElection (LeaderElection.java:logAndReturn(89)) - bda778da-51f4-4847-bee0-b4babae878aa@group-914A9C454EC2-LeaderElection18: ELECTION REJECTED received 2 response(s) and 0 exception(s):
2021-05-31 14:17:05,329 [bda778da-51f4-4847-bee0-b4babae878aa@group-914A9C454EC2-LeaderElection18] INFO  impl.LeaderElection (LeaderElection.java:logAndReturn(93)) -   Response 0: bda778da-51f4-4847-bee0-b4babae878aa<-21f06eab-63c8-43fd-b305-f7c41bc87438#0:OK-t6
2021-05-31 14:17:05,329 [bda778da-51f4-4847-bee0-b4babae878aa@group-914A9C454EC2-LeaderElection18] INFO  impl.LeaderElection (LeaderElection.java:logAndReturn(93)) -   Response 1: bda778da-51f4-4847-bee0-b4babae878aa<-e4951dd4-f4df-4d2e-bd67-fe61550133c1#0:FAIL-t6
2021-05-31 14:17:05,329 [bda778da-51f4-4847-bee0-b4babae878aa@group-914A9C454EC2-LeaderElection18] INFO  impl.LeaderElection (LeaderElection.java:askForVotes(308)) - bda778da-51f4-4847-bee0-b4babae878aa@group-914A9C454EC2-LeaderElection18 ELECTION round 0: result REJECTED
2021-05-31 14:17:05,330 [bda778da-51f4-4847-bee0-b4babae878aa@group-914A9C454EC2-LeaderElection18] INFO  server.RaftServer$Division (RaftServerImpl.java:setRole(284)) - bda778da-51f4-4847-bee0-b4babae878aa@group-914A9C454EC2: changes role from CANDIDATE to FOLLOWER at term 6 for REJECTED
2021-05-31 14:17:05,330 [bda778da-51f4-4847-bee0-b4babae878aa@group-914A9C454EC2-LeaderElection18] INFO  impl.RoleInfo (RoleInfo.java:shutdownLeaderElection(121)) - bda778da-51f4-4847-bee0-b4babae878aa: shutdown bda778da-51f4-4847-bee0-b4babae878aa@group-914A9C454EC2-LeaderElection18
2021-05-31 14:17:05,330 [bda778da-51f4-4847-bee0-b4babae878aa@group-914A9C454EC2-LeaderElection18] INFO  impl.RoleInfo (RoleInfo.java:updateAndGet(130)) - bda778da-51f4-4847-bee0-b4babae878aa: start bda778da-51f4-4847-bee0-b4babae878aa@group-914A9C454EC2-FollowerState
2021-05-31 14:17:05,402 [Listener at 127.0.0.1/11372] INFO  ha.SCMHAInvocationHandler (SCMHAInvocationHandler.java:invokeRatis(113)) - Invoking method public abstract void org.apache.hadoop.hdds.scm.container.ContainerStateManagerV2.addContainer(org.apache.hadoop.hdds.protocol.proto.HddsProtos$ContainerInfoProto) throws java.io.IOException on target org.apache.hadoop.hdds.scm.ha.SCMRatisServerImpl@208eb941, cost 5111.689us
2021-05-31 14:17:05,404 [86c596a3-6f32-42a0-9237-c69d9bdf2958@group-A7AD55EE2C31-StateMachineUpdater] INFO  ha.SCMStateMachine (SCMStateMachine.java:takeSnapshot(282)) - Current Snapshot Index 114, takeSnapshot took 0 ms
2021-05-31 14:17:05,404 [86c596a3-6f32-42a0-9237-c69d9bdf2958@group-A7AD55EE2C31-StateMachineUpdater] INFO  impl.StateMachineUpdater (StateMachineUpdater.java:takeSnapshot(281)) - 86c596a3-6f32-42a0-9237-c69d9bdf2958@group-A7AD55EE2C31-StateMachineUpdater: Took a snapshot at index 114
2021-05-31 14:17:05,404 [86c596a3-6f32-42a0-9237-c69d9bdf2958@group-A7AD55EE2C31-StateMachineUpdater] INFO  impl.StateMachineUpdater (StateMachineUpdater.java:lambda$new$0(89)) - 86c596a3-6f32-42a0-9237-c69d9bdf2958@group-A7AD55EE2C31-StateMachineUpdater: snapshotIndex: updateIncreasingly 109 -> 114
2021-05-31 14:17:05,404 [86c596a3-6f32-42a0-9237-c69d9bdf2958@group-A7AD55EE2C31-StateMachineUpdater] INFO  raftlog.RaftLog (RaftLogBase.java:purge(306)) - 86c596a3-6f32-42a0-9237-c69d9bdf2958@group-A7AD55EE2C31-SegmentedRaftLog: purge 114
2021-05-31 14:17:05,404 [86c596a3-6f32-42a0-9237-c69d9bdf2958@group-A7AD55EE2C31-StateMachineUpdater] INFO  raftlog.RaftLog (RaftLogBase.java:lambda$new$0(53)) - 86c596a3-6f32-42a0-9237-c69d9bdf2958@group-A7AD55EE2C31-SegmentedRaftLog: snapshotIndex: updateIncreasingly 109 -> 114
2021-05-31 14:17:05,404 [86c596a3-6f32-42a0-9237-c69d9bdf2958@group-A7AD55EE2C31-StateMachineUpdater] INFO  raftlog.RaftLog (RaftLogBase.java:lambda$new$0(53)) - 86c596a3-6f32-42a0-9237-c69d9bdf2958@group-A7AD55EE2C31-SegmentedRaftLog: purgeIndex: updateToMax old=104, new=114, updated? true
2021-05-31 14:17:05,506 [Listener at 127.0.0.1/11372] INFO  ha.SCMHAInvocationHandler (SCMHAInvocationHandler.java:invokeRatis(113)) - Invoking method public abstract void org.apache.hadoop.hdds.scm.container.ContainerStateManagerV2.addContainer(org.apache.hadoop.hdds.protocol.proto.HddsProtos$ContainerInfoProto) throws java.io.IOException on target org.apache.hadoop.hdds.scm.ha.SCMRatisServerImpl@208eb941, cost 3771.766us
2021-05-31 14:17:05,508 [fc8d0b26-40fd-4e75-8432-30636972f5a2@group-A7AD55EE2C31-StateMachineUpdater] INFO  ha.SCMStateMachine (SCMStateMachine.java:takeSnapshot(282)) - Current Snapshot Index 115, takeSnapshot took 0 ms
2021-05-31 14:17:05,508 [fc8d0b26-40fd-4e75-8432-30636972f5a2@group-A7AD55EE2C31-StateMachineUpdater] INFO  impl.StateMachineUpdater (StateMachineUpdater.java:takeSnapshot(281)) - fc8d0b26-40fd-4e75-8432-30636972f5a2@group-A7AD55EE2C31-StateMachineUpdater: Took a snapshot at index 115
2021-05-31 14:17:05,508 [fc8d0b26-40fd-4e75-8432-30636972f5a2@group-A7AD55EE2C31-StateMachineUpdater] INFO  impl.StateMachineUpdater (StateMachineUpdater.java:lambda$new$0(89)) - fc8d0b26-40fd-4e75-8432-30636972f5a2@group-A7AD55EE2C31-StateMachineUpdater: snapshotIndex: updateIncreasingly 110 -> 115
2021-05-31 14:17:05,508 [fc8d0b26-40fd-4e75-8432-30636972f5a2@group-A7AD55EE2C31-StateMachineUpdater] INFO  raftlog.RaftLog (RaftLogBase.java:purge(306)) - fc8d0b26-40fd-4e75-8432-30636972f5a2@group-A7AD55EE2C31-SegmentedRaftLog: purge 115
2021-05-31 14:17:05,508 [fc8d0b26-40fd-4e75-8432-30636972f5a2@group-A7AD55EE2C31-StateMachineUpdater] INFO  raftlog.RaftLog (RaftLogBase.java:lambda$new$0(53)) - fc8d0b26-40fd-4e75-8432-30636972f5a2@group-A7AD55EE2C31-SegmentedRaftLog: snapshotIndex: updateIncreasingly 110 -> 115
2021-05-31 14:17:05,508 [fc8d0b26-40fd-4e75-8432-30636972f5a2@group-A7AD55EE2C31-StateMachineUpdater] INFO  raftlog.RaftLog (RaftLogBase.java:lambda$new$0(53)) - fc8d0b26-40fd-4e75-8432-30636972f5a2@group-A7AD55EE2C31-SegmentedRaftLog: purgeIndex: updateToMax old=110, new=115, updated? true
2021-05-31 14:17:05,612 [Listener at 127.0.0.1/11372] INFO  ha.SCMHAInvocationHandler (SCMHAInvocationHandler.java:invokeRatis(113)) - Invoking method public abstract void org.apache.hadoop.hdds.scm.container.ContainerStateManagerV2.addContainer(org.apache.hadoop.hdds.protocol.proto.HddsProtos$ContainerInfoProto) throws java.io.IOException on target org.apache.hadoop.hdds.scm.ha.SCMRatisServerImpl@208eb941, cost 5177.691us
2021-05-31 14:17:05,718 [86c596a3-6f32-42a0-9237-c69d9bdf2958@group-A7AD55EE2C31-StateMachineUpdater] INFO  ha.SCMStateMachine (SCMStateMachine.java:takeSnapshot(282)) - Current Snapshot Index 119, takeSnapshot took 1 ms
2021-05-31 14:17:05,718 [86c596a3-6f32-42a0-9237-c69d9bdf2958@group-A7AD55EE2C31-StateMachineUpdater] INFO  impl.StateMachineUpdater (StateMachineUpdater.java:takeSnapshot(281)) - 86c596a3-6f32-42a0-9237-c69d9bdf2958@group-A7AD55EE2C31-StateMachineUpdater: Took a snapshot at index 119
2021-05-31 14:17:05,718 [86c596a3-6f32-42a0-9237-c69d9bdf2958@group-A7AD55EE2C31-StateMachineUpdater] INFO  impl.StateMachineUpdater (StateMachineUpdater.java:lambda$new$0(89)) - 86c596a3-6f32-42a0-9237-c69d9bdf2958@group-A7AD55EE2C31-StateMachineUpdater: snapshotIndex: updateIncreasingly 114 -> 119
2021-05-31 14:17:05,718 [86c596a3-6f32-42a0-9237-c69d9bdf2958@group-A7AD55EE2C31-StateMachineUpdater] INFO  raftlog.RaftLog (RaftLogBase.java:purge(306)) - 86c596a3-6f32-42a0-9237-c69d9bdf2958@group-A7AD55EE2C31-SegmentedRaftLog: purge 119
2021-05-31 14:17:05,718 [86c596a3-6f32-42a0-9237-c69d9bdf2958@group-A7AD55EE2C31-StateMachineUpdater] INFO  raftlog.RaftLog (RaftLogBase.java:lambda$new$0(53)) - 86c596a3-6f32-42a0-9237-c69d9bdf2958@group-A7AD55EE2C31-SegmentedRaftLog: snapshotIndex: updateIncreasingly 114 -> 119
2021-05-31 14:17:05,718 [86c596a3-6f32-42a0-9237-c69d9bdf2958@group-A7AD55EE2C31-StateMachineUpdater] INFO  raftlog.RaftLog (RaftLogBase.java:lambda$new$0(53)) - 86c596a3-6f32-42a0-9237-c69d9bdf2958@group-A7AD55EE2C31-SegmentedRaftLog: purgeIndex: updateToMax old=114, new=119, updated? true
2021-05-31 14:17:05,718 [Listener at 127.0.0.1/11372] INFO  ha.SCMHAInvocationHandler (SCMHAInvocationHandler.java:invokeRatis(113)) - Invoking method public abstract void org.apache.hadoop.hdds.scm.container.ContainerStateManagerV2.addContainer(org.apache.hadoop.hdds.protocol.proto.HddsProtos$ContainerInfoProto) throws java.io.IOException on target org.apache.hadoop.hdds.scm.ha.SCMRatisServerImpl@208eb941, cost 5377.494us
2021-05-31 14:17:05,822 [fc8d0b26-40fd-4e75-8432-30636972f5a2@group-A7AD55EE2C31-StateMachineUpdater] INFO  ha.SCMStateMachine (SCMStateMachine.java:takeSnapshot(282)) - Current Snapshot Index 120, takeSnapshot took 0 ms
2021-05-31 14:17:05,822 [fc8d0b26-40fd-4e75-8432-30636972f5a2@group-A7AD55EE2C31-StateMachineUpdater] INFO  impl.StateMachineUpdater (StateMachineUpdater.java:takeSnapshot(281)) - fc8d0b26-40fd-4e75-8432-30636972f5a2@group-A7AD55EE2C31-StateMachineUpdater: Took a snapshot at index 120
2021-05-31 14:17:05,822 [fc8d0b26-40fd-4e75-8432-30636972f5a2@group-A7AD55EE2C31-StateMachineUpdater] INFO  impl.StateMachineUpdater (StateMachineUpdater.java:lambda$new$0(89)) - fc8d0b26-40fd-4e75-8432-30636972f5a2@group-A7AD55EE2C31-StateMachineUpdater: snapshotIndex: updateIncreasingly 115 -> 120
2021-05-31 14:17:05,822 [fc8d0b26-40fd-4e75-8432-30636972f5a2@group-A7AD55EE2C31-StateMachineUpdater] INFO  raftlog.RaftLog (RaftLogBase.java:purge(306)) - fc8d0b26-40fd-4e75-8432-30636972f5a2@group-A7AD55EE2C31-SegmentedRaftLog: purge 120
2021-05-31 14:17:05,823 [fc8d0b26-40fd-4e75-8432-30636972f5a2@group-A7AD55EE2C31-StateMachineUpdater] INFO  raftlog.RaftLog (RaftLogBase.java:lambda$new$0(53)) - fc8d0b26-40fd-4e75-8432-30636972f5a2@group-A7AD55EE2C31-SegmentedRaftLog: snapshotIndex: updateIncreasingly 115 -> 120
2021-05-31 14:17:05,823 [fc8d0b26-40fd-4e75-8432-30636972f5a2@group-A7AD55EE2C31-StateMachineUpdater] INFO  raftlog.RaftLog (RaftLogBase.java:lambda$new$0(53)) - fc8d0b26-40fd-4e75-8432-30636972f5a2@group-A7AD55EE2C31-SegmentedRaftLog: purgeIndex: updateToMax old=115, new=120, updated? true
2021-05-31 14:17:05,824 [Listener at 127.0.0.1/11372] INFO  ha.SCMHAInvocationHandler (SCMHAInvocationHandler.java:invokeRatis(113)) - Invoking method public abstract void org.apache.hadoop.hdds.scm.container.ContainerStateManagerV2.addContainer(org.apache.hadoop.hdds.protocol.proto.HddsProtos$ContainerInfoProto) throws java.io.IOException on target org.apache.hadoop.hdds.scm.ha.SCMRatisServerImpl@208eb941, cost 5406.594us
2021-05-31 14:17:05,934 [Listener at 127.0.0.1/11372] INFO  ha.SCMHAInvocationHandler (SCMHAInvocationHandler.java:invokeRatis(113)) - Invoking method public abstract void org.apache.hadoop.hdds.scm.container.ContainerStateManagerV2.addContainer(org.apache.hadoop.hdds.protocol.proto.HddsProtos$ContainerInfoProto) throws java.io.IOException on target org.apache.hadoop.hdds.scm.ha.SCMRatisServerImpl@208eb941, cost 8626.85us
2021-05-31 14:17:05,938 [86c596a3-6f32-42a0-9237-c69d9bdf2958@group-A7AD55EE2C31-StateMachineUpdater] INFO  ha.SCMStateMachine (SCMStateMachine.java:takeSnapshot(282)) - Current Snapshot Index 124, takeSnapshot took 0 ms
2021-05-31 14:17:05,938 [86c596a3-6f32-42a0-9237-c69d9bdf2958@group-A7AD55EE2C31-StateMachineUpdater] INFO  impl.StateMachineUpdater (StateMachineUpdater.java:takeSnapshot(281)) - 86c596a3-6f32-42a0-9237-c69d9bdf2958@group-A7AD55EE2C31-StateMachineUpdater: Took a snapshot at index 124
2021-05-31 14:17:05,938 [86c596a3-6f32-42a0-9237-c69d9bdf2958@group-A7AD55EE2C31-StateMachineUpdater] INFO  impl.StateMachineUpdater (StateMachineUpdater.java:lambda$new$0(89)) - 86c596a3-6f32-42a0-9237-c69d9bdf2958@group-A7AD55EE2C31-StateMachineUpdater: snapshotIndex: updateIncreasingly 119 -> 124
2021-05-31 14:17:05,938 [86c596a3-6f32-42a0-9237-c69d9bdf2958@group-A7AD55EE2C31-StateMachineUpdater] INFO  raftlog.RaftLog (RaftLogBase.java:purge(306)) - 86c596a3-6f32-42a0-9237-c69d9bdf2958@group-A7AD55EE2C31-SegmentedRaftLog: purge 124
2021-05-31 14:17:05,938 [86c596a3-6f32-42a0-9237-c69d9bdf2958@group-A7AD55EE2C31-StateMachineUpdater] INFO  raftlog.RaftLog (RaftLogBase.java:lambda$new$0(53)) - 86c596a3-6f32-42a0-9237-c69d9bdf2958@group-A7AD55EE2C31-SegmentedRaftLog: snapshotIndex: updateIncreasingly 119 -> 124
2021-05-31 14:17:05,938 [86c596a3-6f32-42a0-9237-c69d9bdf2958@group-A7AD55EE2C31-StateMachineUpdater] INFO  raftlog.RaftLog (RaftLogBase.java:lambda$new$0(53)) - 86c596a3-6f32-42a0-9237-c69d9bdf2958@group-A7AD55EE2C31-SegmentedRaftLog: purgeIndex: updateToMax old=119, new=124, updated? true
2021-05-31 14:17:05,945 [Datanode State Machine Thread - 0] ERROR datanode.RunningDatanodeState (RunningDatanodeState.java:computeNextContainerState(199)) - Error in executing end point task.
java.util.concurrent.ExecutionException: java.util.concurrent.TimeoutException
	at java.util.concurrent.FutureTask.report(FutureTask.java:122)
	at java.util.concurrent.FutureTask.get(FutureTask.java:192)
	at org.apache.hadoop.ozone.container.common.states.datanode.RunningDatanodeState.computeNextContainerState(RunningDatanodeState.java:191)
	at org.apache.hadoop.ozone.container.common.states.datanode.RunningDatanodeState.await(RunningDatanodeState.java:231)
	at org.apache.hadoop.ozone.container.common.states.datanode.RunningDatanodeState.await(RunningDatanodeState.java:50)
	at org.apache.hadoop.ozone.container.common.statemachine.StateContext.execute(StateContext.java:579)
	at org.apache.hadoop.ozone.container.common.statemachine.DatanodeStateMachine.start(DatanodeStateMachine.java:233)
	at org.apache.hadoop.ozone.container.common.statemachine.DatanodeStateMachine.lambda$startDaemon$0(DatanodeStateMachine.java:416)
	at java.lang.Thread.run(Thread.java:748)
Caused by: java.util.concurrent.TimeoutException
	at java.util.concurrent.FutureTask.get(FutureTask.java:205)
	at org.apache.hadoop.ozone.container.common.states.datanode.RunningDatanodeState.lambda$execute$0(RunningDatanodeState.java:149)
	at java.util.concurrent.FutureTask.run(FutureTask.java:266)
	at java.util.concurrent.Executors$RunnableAdapter.call(Executors.java:511)
	at java.util.concurrent.FutureTask.run(FutureTask.java:266)
	at java.util.concurrent.ThreadPoolExecutor.runWorker(ThreadPoolExecutor.java:1149)
	at java.util.concurrent.ThreadPoolExecutor$Worker.run(ThreadPoolExecutor.java:624)
	... 1 more
2021-05-31 14:17:06,042 [Listener at 127.0.0.1/11372] INFO  ha.SCMHAInvocationHandler (SCMHAInvocationHandler.java:invokeRatis(113)) - Invoking method public abstract void org.apache.hadoop.hdds.scm.container.ContainerStateManagerV2.addContainer(org.apache.hadoop.hdds.protocol.proto.HddsProtos$ContainerInfoProto) throws java.io.IOException on target org.apache.hadoop.hdds.scm.ha.SCMRatisServerImpl@208eb941, cost 7575.332us
2021-05-31 14:17:06,043 [fc8d0b26-40fd-4e75-8432-30636972f5a2@group-A7AD55EE2C31-StateMachineUpdater] INFO  ha.SCMStateMachine (SCMStateMachine.java:takeSnapshot(282)) - Current Snapshot Index 125, takeSnapshot took 0 ms
2021-05-31 14:17:06,043 [fc8d0b26-40fd-4e75-8432-30636972f5a2@group-A7AD55EE2C31-StateMachineUpdater] INFO  impl.StateMachineUpdater (StateMachineUpdater.java:takeSnapshot(281)) - fc8d0b26-40fd-4e75-8432-30636972f5a2@group-A7AD55EE2C31-StateMachineUpdater: Took a snapshot at index 125
2021-05-31 14:17:06,043 [fc8d0b26-40fd-4e75-8432-30636972f5a2@group-A7AD55EE2C31-StateMachineUpdater] INFO  impl.StateMachineUpdater (StateMachineUpdater.java:lambda$new$0(89)) - fc8d0b26-40fd-4e75-8432-30636972f5a2@group-A7AD55EE2C31-StateMachineUpdater: snapshotIndex: updateIncreasingly 120 -> 125
2021-05-31 14:17:06,043 [fc8d0b26-40fd-4e75-8432-30636972f5a2@group-A7AD55EE2C31-StateMachineUpdater] INFO  raftlog.RaftLog (RaftLogBase.java:purge(306)) - fc8d0b26-40fd-4e75-8432-30636972f5a2@group-A7AD55EE2C31-SegmentedRaftLog: purge 125
2021-05-31 14:17:06,044 [fc8d0b26-40fd-4e75-8432-30636972f5a2@group-A7AD55EE2C31-StateMachineUpdater] INFO  raftlog.RaftLog (RaftLogBase.java:lambda$new$0(53)) - fc8d0b26-40fd-4e75-8432-30636972f5a2@group-A7AD55EE2C31-SegmentedRaftLog: snapshotIndex: updateIncreasingly 120 -> 125
2021-05-31 14:17:06,044 [fc8d0b26-40fd-4e75-8432-30636972f5a2@group-A7AD55EE2C31-StateMachineUpdater] INFO  raftlog.RaftLog (RaftLogBase.java:lambda$new$0(53)) - fc8d0b26-40fd-4e75-8432-30636972f5a2@group-A7AD55EE2C31-SegmentedRaftLog: purgeIndex: updateToMax old=120, new=125, updated? true
2021-05-31 14:17:06,147 [Listener at 127.0.0.1/11372] INFO  ha.SCMHAInvocationHandler (SCMHAInvocationHandler.java:invokeRatis(113)) - Invoking method public abstract void org.apache.hadoop.hdds.scm.container.ContainerStateManagerV2.addContainer(org.apache.hadoop.hdds.protocol.proto.HddsProtos$ContainerInfoProto) throws java.io.IOException on target org.apache.hadoop.hdds.scm.ha.SCMRatisServerImpl@208eb941, cost 3871.767us
2021-05-31 14:17:06,253 [86c596a3-6f32-42a0-9237-c69d9bdf2958@group-A7AD55EE2C31-StateMachineUpdater] INFO  ha.SCMStateMachine (SCMStateMachine.java:takeSnapshot(282)) - Current Snapshot Index 129, takeSnapshot took 0 ms
2021-05-31 14:17:06,253 [86c596a3-6f32-42a0-9237-c69d9bdf2958@group-A7AD55EE2C31-StateMachineUpdater] INFO  impl.StateMachineUpdater (StateMachineUpdater.java:takeSnapshot(281)) - 86c596a3-6f32-42a0-9237-c69d9bdf2958@group-A7AD55EE2C31-StateMachineUpdater: Took a snapshot at index 129
2021-05-31 14:17:06,253 [86c596a3-6f32-42a0-9237-c69d9bdf2958@group-A7AD55EE2C31-StateMachineUpdater] INFO  impl.StateMachineUpdater (StateMachineUpdater.java:lambda$new$0(89)) - 86c596a3-6f32-42a0-9237-c69d9bdf2958@group-A7AD55EE2C31-StateMachineUpdater: snapshotIndex: updateIncreasingly 124 -> 129
2021-05-31 14:17:06,253 [86c596a3-6f32-42a0-9237-c69d9bdf2958@group-A7AD55EE2C31-StateMachineUpdater] INFO  raftlog.RaftLog (RaftLogBase.java:purge(306)) - 86c596a3-6f32-42a0-9237-c69d9bdf2958@group-A7AD55EE2C31-SegmentedRaftLog: purge 129
2021-05-31 14:17:06,253 [86c596a3-6f32-42a0-9237-c69d9bdf2958@group-A7AD55EE2C31-StateMachineUpdater] INFO  raftlog.RaftLog (RaftLogBase.java:lambda$new$0(53)) - 86c596a3-6f32-42a0-9237-c69d9bdf2958@group-A7AD55EE2C31-SegmentedRaftLog: snapshotIndex: updateIncreasingly 124 -> 129
2021-05-31 14:17:06,254 [86c596a3-6f32-42a0-9237-c69d9bdf2958@group-A7AD55EE2C31-StateMachineUpdater] INFO  raftlog.RaftLog (RaftLogBase.java:lambda$new$0(53)) - 86c596a3-6f32-42a0-9237-c69d9bdf2958@group-A7AD55EE2C31-SegmentedRaftLog: purgeIndex: updateToMax old=124, new=129, updated? true
2021-05-31 14:17:06,254 [Listener at 127.0.0.1/11372] INFO  ha.SCMHAInvocationHandler (SCMHAInvocationHandler.java:invokeRatis(113)) - Invoking method public abstract void org.apache.hadoop.hdds.scm.container.ContainerStateManagerV2.addContainer(org.apache.hadoop.hdds.protocol.proto.HddsProtos$ContainerInfoProto) throws java.io.IOException on target org.apache.hadoop.hdds.scm.ha.SCMRatisServerImpl@208eb941, cost 6434.712us
2021-05-31 14:17:06,358 [fc8d0b26-40fd-4e75-8432-30636972f5a2@group-A7AD55EE2C31-StateMachineUpdater] INFO  ha.SCMStateMachine (SCMStateMachine.java:takeSnapshot(282)) - Current Snapshot Index 130, takeSnapshot took 0 ms
2021-05-31 14:17:06,358 [fc8d0b26-40fd-4e75-8432-30636972f5a2@group-A7AD55EE2C31-StateMachineUpdater] INFO  impl.StateMachineUpdater (StateMachineUpdater.java:takeSnapshot(281)) - fc8d0b26-40fd-4e75-8432-30636972f5a2@group-A7AD55EE2C31-StateMachineUpdater: Took a snapshot at index 130
2021-05-31 14:17:06,358 [fc8d0b26-40fd-4e75-8432-30636972f5a2@group-A7AD55EE2C31-StateMachineUpdater] INFO  impl.StateMachineUpdater (StateMachineUpdater.java:lambda$new$0(89)) - fc8d0b26-40fd-4e75-8432-30636972f5a2@group-A7AD55EE2C31-StateMachineUpdater: snapshotIndex: updateIncreasingly 125 -> 130
2021-05-31 14:17:06,358 [fc8d0b26-40fd-4e75-8432-30636972f5a2@group-A7AD55EE2C31-StateMachineUpdater] INFO  raftlog.RaftLog (RaftLogBase.java:purge(306)) - fc8d0b26-40fd-4e75-8432-30636972f5a2@group-A7AD55EE2C31-SegmentedRaftLog: purge 130
2021-05-31 14:17:06,358 [fc8d0b26-40fd-4e75-8432-30636972f5a2@group-A7AD55EE2C31-StateMachineUpdater] INFO  raftlog.RaftLog (RaftLogBase.java:lambda$new$0(53)) - fc8d0b26-40fd-4e75-8432-30636972f5a2@group-A7AD55EE2C31-SegmentedRaftLog: snapshotIndex: updateIncreasingly 125 -> 130
2021-05-31 14:17:06,358 [fc8d0b26-40fd-4e75-8432-30636972f5a2@group-A7AD55EE2C31-StateMachineUpdater] INFO  raftlog.RaftLog (RaftLogBase.java:lambda$new$0(53)) - fc8d0b26-40fd-4e75-8432-30636972f5a2@group-A7AD55EE2C31-SegmentedRaftLog: purgeIndex: updateToMax old=125, new=130, updated? true
2021-05-31 14:17:06,360 [Listener at 127.0.0.1/11372] INFO  ha.SCMHAInvocationHandler (SCMHAInvocationHandler.java:invokeRatis(113)) - Invoking method public abstract void org.apache.hadoop.hdds.scm.container.ContainerStateManagerV2.addContainer(org.apache.hadoop.hdds.protocol.proto.HddsProtos$ContainerInfoProto) throws java.io.IOException on target org.apache.hadoop.hdds.scm.ha.SCMRatisServerImpl@208eb941, cost 5584.098us
2021-05-31 14:17:06,464 [Listener at 127.0.0.1/11372] INFO  ha.SCMHAInvocationHandler (SCMHAInvocationHandler.java:invokeRatis(113)) - Invoking method public abstract void org.apache.hadoop.hdds.scm.container.ContainerStateManagerV2.addContainer(org.apache.hadoop.hdds.protocol.proto.HddsProtos$ContainerInfoProto) throws java.io.IOException on target org.apache.hadoop.hdds.scm.ha.SCMRatisServerImpl@208eb941, cost 4067.771us
2021-05-31 14:17:06,468 [86c596a3-6f32-42a0-9237-c69d9bdf2958@group-A7AD55EE2C31-StateMachineUpdater] INFO  ha.SCMStateMachine (SCMStateMachine.java:takeSnapshot(282)) - Current Snapshot Index 134, takeSnapshot took 0 ms
2021-05-31 14:17:06,468 [86c596a3-6f32-42a0-9237-c69d9bdf2958@group-A7AD55EE2C31-StateMachineUpdater] INFO  impl.StateMachineUpdater (StateMachineUpdater.java:takeSnapshot(281)) - 86c596a3-6f32-42a0-9237-c69d9bdf2958@group-A7AD55EE2C31-StateMachineUpdater: Took a snapshot at index 134
2021-05-31 14:17:06,468 [86c596a3-6f32-42a0-9237-c69d9bdf2958@group-A7AD55EE2C31-StateMachineUpdater] INFO  impl.StateMachineUpdater (StateMachineUpdater.java:lambda$new$0(89)) - 86c596a3-6f32-42a0-9237-c69d9bdf2958@group-A7AD55EE2C31-StateMachineUpdater: snapshotIndex: updateIncreasingly 129 -> 134
2021-05-31 14:17:06,468 [86c596a3-6f32-42a0-9237-c69d9bdf2958@group-A7AD55EE2C31-StateMachineUpdater] INFO  raftlog.RaftLog (RaftLogBase.java:purge(306)) - 86c596a3-6f32-42a0-9237-c69d9bdf2958@group-A7AD55EE2C31-SegmentedRaftLog: purge 134
2021-05-31 14:17:06,468 [86c596a3-6f32-42a0-9237-c69d9bdf2958@group-A7AD55EE2C31-StateMachineUpdater] INFO  raftlog.RaftLog (RaftLogBase.java:lambda$new$0(53)) - 86c596a3-6f32-42a0-9237-c69d9bdf2958@group-A7AD55EE2C31-SegmentedRaftLog: snapshotIndex: updateIncreasingly 129 -> 134
2021-05-31 14:17:06,468 [86c596a3-6f32-42a0-9237-c69d9bdf2958@group-A7AD55EE2C31-StateMachineUpdater] INFO  raftlog.RaftLog (RaftLogBase.java:lambda$new$0(53)) - 86c596a3-6f32-42a0-9237-c69d9bdf2958@group-A7AD55EE2C31-SegmentedRaftLog: purgeIndex: updateToMax old=129, new=134, updated? true
2021-05-31 14:17:06,568 [Listener at 127.0.0.1/11372] INFO  ha.SCMHAInvocationHandler (SCMHAInvocationHandler.java:invokeRatis(113)) - Invoking method public abstract void org.apache.hadoop.hdds.scm.container.ContainerStateManagerV2.addContainer(org.apache.hadoop.hdds.protocol.proto.HddsProtos$ContainerInfoProto) throws java.io.IOException on target org.apache.hadoop.hdds.scm.ha.SCMRatisServerImpl@208eb941, cost 3298.057us
2021-05-31 14:17:06,570 [fc8d0b26-40fd-4e75-8432-30636972f5a2@group-A7AD55EE2C31-StateMachineUpdater] INFO  ha.SCMStateMachine (SCMStateMachine.java:takeSnapshot(282)) - Current Snapshot Index 135, takeSnapshot took 0 ms
2021-05-31 14:17:06,570 [fc8d0b26-40fd-4e75-8432-30636972f5a2@group-A7AD55EE2C31-StateMachineUpdater] INFO  impl.StateMachineUpdater (StateMachineUpdater.java:takeSnapshot(281)) - fc8d0b26-40fd-4e75-8432-30636972f5a2@group-A7AD55EE2C31-StateMachineUpdater: Took a snapshot at index 135
2021-05-31 14:17:06,570 [fc8d0b26-40fd-4e75-8432-30636972f5a2@group-A7AD55EE2C31-StateMachineUpdater] INFO  impl.StateMachineUpdater (StateMachineUpdater.java:lambda$new$0(89)) - fc8d0b26-40fd-4e75-8432-30636972f5a2@group-A7AD55EE2C31-StateMachineUpdater: snapshotIndex: updateIncreasingly 130 -> 135
2021-05-31 14:17:06,570 [fc8d0b26-40fd-4e75-8432-30636972f5a2@group-A7AD55EE2C31-StateMachineUpdater] INFO  raftlog.RaftLog (RaftLogBase.java:purge(306)) - fc8d0b26-40fd-4e75-8432-30636972f5a2@group-A7AD55EE2C31-SegmentedRaftLog: purge 135
2021-05-31 14:17:06,571 [fc8d0b26-40fd-4e75-8432-30636972f5a2@group-A7AD55EE2C31-StateMachineUpdater] INFO  raftlog.RaftLog (RaftLogBase.java:lambda$new$0(53)) - fc8d0b26-40fd-4e75-8432-30636972f5a2@group-A7AD55EE2C31-SegmentedRaftLog: snapshotIndex: updateIncreasingly 130 -> 135
2021-05-31 14:17:06,571 [fc8d0b26-40fd-4e75-8432-30636972f5a2@group-A7AD55EE2C31-StateMachineUpdater] INFO  raftlog.RaftLog (RaftLogBase.java:lambda$new$0(53)) - fc8d0b26-40fd-4e75-8432-30636972f5a2@group-A7AD55EE2C31-SegmentedRaftLog: purgeIndex: updateToMax old=130, new=135, updated? true
2021-05-31 14:17:06,627 [Datanode State Machine Thread - 0] ERROR datanode.RunningDatanodeState (RunningDatanodeState.java:computeNextContainerState(199)) - Error in executing end point task.
java.util.concurrent.ExecutionException: java.util.concurrent.TimeoutException
	at java.util.concurrent.FutureTask.report(FutureTask.java:122)
	at java.util.concurrent.FutureTask.get(FutureTask.java:192)
	at org.apache.hadoop.ozone.container.common.states.datanode.RunningDatanodeState.computeNextContainerState(RunningDatanodeState.java:191)
	at org.apache.hadoop.ozone.container.common.states.datanode.RunningDatanodeState.await(RunningDatanodeState.java:231)
	at org.apache.hadoop.ozone.container.common.states.datanode.RunningDatanodeState.await(RunningDatanodeState.java:50)
	at org.apache.hadoop.ozone.container.common.statemachine.StateContext.execute(StateContext.java:579)
	at org.apache.hadoop.ozone.container.common.statemachine.DatanodeStateMachine.start(DatanodeStateMachine.java:233)
	at org.apache.hadoop.ozone.container.common.statemachine.DatanodeStateMachine.lambda$startDaemon$0(DatanodeStateMachine.java:416)
	at java.lang.Thread.run(Thread.java:748)
Caused by: java.util.concurrent.TimeoutException
	at java.util.concurrent.FutureTask.get(FutureTask.java:205)
	at org.apache.hadoop.ozone.container.common.states.datanode.RunningDatanodeState.lambda$execute$0(RunningDatanodeState.java:149)
	at java.util.concurrent.FutureTask.run(FutureTask.java:266)
	at java.util.concurrent.Executors$RunnableAdapter.call(Executors.java:511)
	at java.util.concurrent.FutureTask.run(FutureTask.java:266)
	at java.util.concurrent.ThreadPoolExecutor.runWorker(ThreadPoolExecutor.java:1149)
	at java.util.concurrent.ThreadPoolExecutor$Worker.run(ThreadPoolExecutor.java:624)
	... 1 more
2021-05-31 14:17:06,674 [Listener at 127.0.0.1/11372] INFO  ha.SCMHAInvocationHandler (SCMHAInvocationHandler.java:invokeRatis(113)) - Invoking method public abstract void org.apache.hadoop.hdds.scm.container.ContainerStateManagerV2.addContainer(org.apache.hadoop.hdds.protocol.proto.HddsProtos$ContainerInfoProto) throws java.io.IOException on target org.apache.hadoop.hdds.scm.ha.SCMRatisServerImpl@208eb941, cost 4670.082us
2021-05-31 14:17:06,787 [Listener at 127.0.0.1/11372] INFO  ha.SCMHAInvocationHandler (SCMHAInvocationHandler.java:invokeRatis(113)) - Invoking method public abstract void org.apache.hadoop.hdds.scm.container.ContainerStateManagerV2.addContainer(org.apache.hadoop.hdds.protocol.proto.HddsProtos$ContainerInfoProto) throws java.io.IOException on target org.apache.hadoop.hdds.scm.ha.SCMRatisServerImpl@208eb941, cost 12472.918us
2021-05-31 14:17:06,787 [86c596a3-6f32-42a0-9237-c69d9bdf2958@group-A7AD55EE2C31-StateMachineUpdater] INFO  ha.SCMStateMachine (SCMStateMachine.java:takeSnapshot(282)) - Current Snapshot Index 139, takeSnapshot took 0 ms
2021-05-31 14:17:06,787 [86c596a3-6f32-42a0-9237-c69d9bdf2958@group-A7AD55EE2C31-StateMachineUpdater] INFO  impl.StateMachineUpdater (StateMachineUpdater.java:takeSnapshot(281)) - 86c596a3-6f32-42a0-9237-c69d9bdf2958@group-A7AD55EE2C31-StateMachineUpdater: Took a snapshot at index 139
2021-05-31 14:17:06,787 [86c596a3-6f32-42a0-9237-c69d9bdf2958@group-A7AD55EE2C31-StateMachineUpdater] INFO  impl.StateMachineUpdater (StateMachineUpdater.java:lambda$new$0(89)) - 86c596a3-6f32-42a0-9237-c69d9bdf2958@group-A7AD55EE2C31-StateMachineUpdater: snapshotIndex: updateIncreasingly 134 -> 139
2021-05-31 14:17:06,787 [86c596a3-6f32-42a0-9237-c69d9bdf2958@group-A7AD55EE2C31-StateMachineUpdater] INFO  raftlog.RaftLog (RaftLogBase.java:purge(306)) - 86c596a3-6f32-42a0-9237-c69d9bdf2958@group-A7AD55EE2C31-SegmentedRaftLog: purge 139
2021-05-31 14:17:06,787 [86c596a3-6f32-42a0-9237-c69d9bdf2958@group-A7AD55EE2C31-StateMachineUpdater] INFO  raftlog.RaftLog (RaftLogBase.java:lambda$new$0(53)) - 86c596a3-6f32-42a0-9237-c69d9bdf2958@group-A7AD55EE2C31-SegmentedRaftLog: snapshotIndex: updateIncreasingly 134 -> 139
2021-05-31 14:17:06,787 [86c596a3-6f32-42a0-9237-c69d9bdf2958@group-A7AD55EE2C31-StateMachineUpdater] INFO  raftlog.RaftLog (RaftLogBase.java:lambda$new$0(53)) - 86c596a3-6f32-42a0-9237-c69d9bdf2958@group-A7AD55EE2C31-SegmentedRaftLog: purgeIndex: updateToMax old=134, new=139, updated? true
2021-05-31 14:17:06,891 [fc8d0b26-40fd-4e75-8432-30636972f5a2@group-A7AD55EE2C31-StateMachineUpdater] INFO  ha.SCMStateMachine (SCMStateMachine.java:takeSnapshot(282)) - Current Snapshot Index 140, takeSnapshot took 0 ms
2021-05-31 14:17:06,891 [fc8d0b26-40fd-4e75-8432-30636972f5a2@group-A7AD55EE2C31-StateMachineUpdater] INFO  impl.StateMachineUpdater (StateMachineUpdater.java:takeSnapshot(281)) - fc8d0b26-40fd-4e75-8432-30636972f5a2@group-A7AD55EE2C31-StateMachineUpdater: Took a snapshot at index 140
2021-05-31 14:17:06,891 [fc8d0b26-40fd-4e75-8432-30636972f5a2@group-A7AD55EE2C31-StateMachineUpdater] INFO  impl.StateMachineUpdater (StateMachineUpdater.java:lambda$new$0(89)) - fc8d0b26-40fd-4e75-8432-30636972f5a2@group-A7AD55EE2C31-StateMachineUpdater: snapshotIndex: updateIncreasingly 135 -> 140
2021-05-31 14:17:06,891 [fc8d0b26-40fd-4e75-8432-30636972f5a2@group-A7AD55EE2C31-StateMachineUpdater] INFO  raftlog.RaftLog (RaftLogBase.java:purge(306)) - fc8d0b26-40fd-4e75-8432-30636972f5a2@group-A7AD55EE2C31-SegmentedRaftLog: purge 140
2021-05-31 14:17:06,891 [fc8d0b26-40fd-4e75-8432-30636972f5a2@group-A7AD55EE2C31-StateMachineUpdater] INFO  raftlog.RaftLog (RaftLogBase.java:lambda$new$0(53)) - fc8d0b26-40fd-4e75-8432-30636972f5a2@group-A7AD55EE2C31-SegmentedRaftLog: snapshotIndex: updateIncreasingly 135 -> 140
2021-05-31 14:17:06,891 [fc8d0b26-40fd-4e75-8432-30636972f5a2@group-A7AD55EE2C31-StateMachineUpdater] INFO  raftlog.RaftLog (RaftLogBase.java:lambda$new$0(53)) - fc8d0b26-40fd-4e75-8432-30636972f5a2@group-A7AD55EE2C31-SegmentedRaftLog: purgeIndex: updateToMax old=135, new=140, updated? true
2021-05-31 14:17:06,893 [Listener at 127.0.0.1/11372] INFO  ha.SCMHAInvocationHandler (SCMHAInvocationHandler.java:invokeRatis(113)) - Invoking method public abstract void org.apache.hadoop.hdds.scm.container.ContainerStateManagerV2.addContainer(org.apache.hadoop.hdds.protocol.proto.HddsProtos$ContainerInfoProto) throws java.io.IOException on target org.apache.hadoop.hdds.scm.ha.SCMRatisServerImpl@208eb941, cost 5457.495us
2021-05-31 14:17:06,997 [Listener at 127.0.0.1/11372] INFO  ha.SCMHAInvocationHandler (SCMHAInvocationHandler.java:invokeRatis(113)) - Invoking method public abstract void org.apache.hadoop.hdds.scm.container.ContainerStateManagerV2.addContainer(org.apache.hadoop.hdds.protocol.proto.HddsProtos$ContainerInfoProto) throws java.io.IOException on target org.apache.hadoop.hdds.scm.ha.SCMRatisServerImpl@208eb941, cost 3797.367us
2021-05-31 14:17:07,001 [86c596a3-6f32-42a0-9237-c69d9bdf2958@group-A7AD55EE2C31-StateMachineUpdater] INFO  ha.SCMStateMachine (SCMStateMachine.java:takeSnapshot(282)) - Current Snapshot Index 144, takeSnapshot took 0 ms
2021-05-31 14:17:07,002 [86c596a3-6f32-42a0-9237-c69d9bdf2958@group-A7AD55EE2C31-StateMachineUpdater] INFO  impl.StateMachineUpdater (StateMachineUpdater.java:takeSnapshot(281)) - 86c596a3-6f32-42a0-9237-c69d9bdf2958@group-A7AD55EE2C31-StateMachineUpdater: Took a snapshot at index 144
2021-05-31 14:17:07,002 [86c596a3-6f32-42a0-9237-c69d9bdf2958@group-A7AD55EE2C31-StateMachineUpdater] INFO  impl.StateMachineUpdater (StateMachineUpdater.java:lambda$new$0(89)) - 86c596a3-6f32-42a0-9237-c69d9bdf2958@group-A7AD55EE2C31-StateMachineUpdater: snapshotIndex: updateIncreasingly 139 -> 144
2021-05-31 14:17:07,002 [86c596a3-6f32-42a0-9237-c69d9bdf2958@group-A7AD55EE2C31-StateMachineUpdater] INFO  raftlog.RaftLog (RaftLogBase.java:purge(306)) - 86c596a3-6f32-42a0-9237-c69d9bdf2958@group-A7AD55EE2C31-SegmentedRaftLog: purge 144
2021-05-31 14:17:07,002 [86c596a3-6f32-42a0-9237-c69d9bdf2958@group-A7AD55EE2C31-StateMachineUpdater] INFO  raftlog.RaftLog (RaftLogBase.java:lambda$new$0(53)) - 86c596a3-6f32-42a0-9237-c69d9bdf2958@group-A7AD55EE2C31-SegmentedRaftLog: snapshotIndex: updateIncreasingly 139 -> 144
2021-05-31 14:17:07,002 [86c596a3-6f32-42a0-9237-c69d9bdf2958@group-A7AD55EE2C31-StateMachineUpdater] INFO  raftlog.RaftLog (RaftLogBase.java:lambda$new$0(53)) - 86c596a3-6f32-42a0-9237-c69d9bdf2958@group-A7AD55EE2C31-SegmentedRaftLog: purgeIndex: updateToMax old=139, new=144, updated? true
2021-05-31 14:17:07,102 [Listener at 127.0.0.1/11372] INFO  ha.SCMHAInvocationHandler (SCMHAInvocationHandler.java:invokeRatis(113)) - Invoking method public abstract void org.apache.hadoop.hdds.scm.container.ContainerStateManagerV2.addContainer(org.apache.hadoop.hdds.protocol.proto.HddsProtos$ContainerInfoProto) throws java.io.IOException on target org.apache.hadoop.hdds.scm.ha.SCMRatisServerImpl@208eb941, cost 4345.775us
2021-05-31 14:17:07,104 [fc8d0b26-40fd-4e75-8432-30636972f5a2@group-A7AD55EE2C31-StateMachineUpdater] INFO  ha.SCMStateMachine (SCMStateMachine.java:takeSnapshot(282)) - Current Snapshot Index 145, takeSnapshot took 0 ms
2021-05-31 14:17:07,104 [fc8d0b26-40fd-4e75-8432-30636972f5a2@group-A7AD55EE2C31-StateMachineUpdater] INFO  impl.StateMachineUpdater (StateMachineUpdater.java:takeSnapshot(281)) - fc8d0b26-40fd-4e75-8432-30636972f5a2@group-A7AD55EE2C31-StateMachineUpdater: Took a snapshot at index 145
2021-05-31 14:17:07,104 [fc8d0b26-40fd-4e75-8432-30636972f5a2@group-A7AD55EE2C31-StateMachineUpdater] INFO  impl.StateMachineUpdater (StateMachineUpdater.java:lambda$new$0(89)) - fc8d0b26-40fd-4e75-8432-30636972f5a2@group-A7AD55EE2C31-StateMachineUpdater: snapshotIndex: updateIncreasingly 140 -> 145
2021-05-31 14:17:07,104 [fc8d0b26-40fd-4e75-8432-30636972f5a2@group-A7AD55EE2C31-StateMachineUpdater] INFO  raftlog.RaftLog (RaftLogBase.java:purge(306)) - fc8d0b26-40fd-4e75-8432-30636972f5a2@group-A7AD55EE2C31-SegmentedRaftLog: purge 145
2021-05-31 14:17:07,104 [fc8d0b26-40fd-4e75-8432-30636972f5a2@group-A7AD55EE2C31-StateMachineUpdater] INFO  raftlog.RaftLog (RaftLogBase.java:lambda$new$0(53)) - fc8d0b26-40fd-4e75-8432-30636972f5a2@group-A7AD55EE2C31-SegmentedRaftLog: snapshotIndex: updateIncreasingly 140 -> 145
2021-05-31 14:17:07,104 [fc8d0b26-40fd-4e75-8432-30636972f5a2@group-A7AD55EE2C31-StateMachineUpdater] INFO  raftlog.RaftLog (RaftLogBase.java:lambda$new$0(53)) - fc8d0b26-40fd-4e75-8432-30636972f5a2@group-A7AD55EE2C31-SegmentedRaftLog: purgeIndex: updateToMax old=140, new=145, updated? true
2021-05-31 14:17:07,118 [Datanode State Machine Thread - 0] ERROR datanode.RunningDatanodeState (RunningDatanodeState.java:computeNextContainerState(199)) - Error in executing end point task.
java.util.concurrent.ExecutionException: java.util.concurrent.TimeoutException
	at java.util.concurrent.FutureTask.report(FutureTask.java:122)
	at java.util.concurrent.FutureTask.get(FutureTask.java:192)
	at org.apache.hadoop.ozone.container.common.states.datanode.RunningDatanodeState.computeNextContainerState(RunningDatanodeState.java:191)
	at org.apache.hadoop.ozone.container.common.states.datanode.RunningDatanodeState.await(RunningDatanodeState.java:231)
	at org.apache.hadoop.ozone.container.common.states.datanode.RunningDatanodeState.await(RunningDatanodeState.java:50)
	at org.apache.hadoop.ozone.container.common.statemachine.StateContext.execute(StateContext.java:579)
	at org.apache.hadoop.ozone.container.common.statemachine.DatanodeStateMachine.start(DatanodeStateMachine.java:233)
	at org.apache.hadoop.ozone.container.common.statemachine.DatanodeStateMachine.lambda$startDaemon$0(DatanodeStateMachine.java:416)
	at java.lang.Thread.run(Thread.java:748)
Caused by: java.util.concurrent.TimeoutException
	at java.util.concurrent.FutureTask.get(FutureTask.java:205)
	at org.apache.hadoop.ozone.container.common.states.datanode.RunningDatanodeState.lambda$execute$0(RunningDatanodeState.java:149)
	at java.util.concurrent.FutureTask.run(FutureTask.java:266)
	at java.util.concurrent.Executors$RunnableAdapter.call(Executors.java:511)
	at java.util.concurrent.FutureTask.run(FutureTask.java:266)
	at java.util.concurrent.ThreadPoolExecutor.runWorker(ThreadPoolExecutor.java:1149)
	at java.util.concurrent.ThreadPoolExecutor$Worker.run(ThreadPoolExecutor.java:624)
	... 1 more
2021-05-31 14:17:07,209 [Listener at 127.0.0.1/11372] INFO  ha.SCMHAInvocationHandler (SCMHAInvocationHandler.java:invokeRatis(113)) - Invoking method public abstract void org.apache.hadoop.hdds.scm.container.ContainerStateManagerV2.addContainer(org.apache.hadoop.hdds.protocol.proto.HddsProtos$ContainerInfoProto) throws java.io.IOException on target org.apache.hadoop.hdds.scm.ha.SCMRatisServerImpl@208eb941, cost 6605.215us
2021-05-31 14:17:07,315 [Listener at 127.0.0.1/11372] INFO  ha.SCMHAInvocationHandler (SCMHAInvocationHandler.java:invokeRatis(113)) - Invoking method public abstract void org.apache.hadoop.hdds.scm.container.ContainerStateManagerV2.addContainer(org.apache.hadoop.hdds.protocol.proto.HddsProtos$ContainerInfoProto) throws java.io.IOException on target org.apache.hadoop.hdds.scm.ha.SCMRatisServerImpl@208eb941, cost 5163.19us
2021-05-31 14:17:07,315 [86c596a3-6f32-42a0-9237-c69d9bdf2958@group-A7AD55EE2C31-StateMachineUpdater] INFO  ha.SCMStateMachine (SCMStateMachine.java:takeSnapshot(282)) - Current Snapshot Index 149, takeSnapshot took 0 ms
2021-05-31 14:17:07,316 [86c596a3-6f32-42a0-9237-c69d9bdf2958@group-A7AD55EE2C31-StateMachineUpdater] INFO  impl.StateMachineUpdater (StateMachineUpdater.java:takeSnapshot(281)) - 86c596a3-6f32-42a0-9237-c69d9bdf2958@group-A7AD55EE2C31-StateMachineUpdater: Took a snapshot at index 149
2021-05-31 14:17:07,316 [86c596a3-6f32-42a0-9237-c69d9bdf2958@group-A7AD55EE2C31-StateMachineUpdater] INFO  impl.StateMachineUpdater (StateMachineUpdater.java:lambda$new$0(89)) - 86c596a3-6f32-42a0-9237-c69d9bdf2958@group-A7AD55EE2C31-StateMachineUpdater: snapshotIndex: updateIncreasingly 144 -> 149
2021-05-31 14:17:07,316 [86c596a3-6f32-42a0-9237-c69d9bdf2958@group-A7AD55EE2C31-StateMachineUpdater] INFO  raftlog.RaftLog (RaftLogBase.java:purge(306)) - 86c596a3-6f32-42a0-9237-c69d9bdf2958@group-A7AD55EE2C31-SegmentedRaftLog: purge 149
2021-05-31 14:17:07,316 [86c596a3-6f32-42a0-9237-c69d9bdf2958@group-A7AD55EE2C31-StateMachineUpdater] INFO  raftlog.RaftLog (RaftLogBase.java:lambda$new$0(53)) - 86c596a3-6f32-42a0-9237-c69d9bdf2958@group-A7AD55EE2C31-SegmentedRaftLog: snapshotIndex: updateIncreasingly 144 -> 149
2021-05-31 14:17:07,316 [86c596a3-6f32-42a0-9237-c69d9bdf2958@group-A7AD55EE2C31-StateMachineUpdater] INFO  raftlog.RaftLog (RaftLogBase.java:lambda$new$0(53)) - 86c596a3-6f32-42a0-9237-c69d9bdf2958@group-A7AD55EE2C31-SegmentedRaftLog: purgeIndex: updateToMax old=144, new=149, updated? true
2021-05-31 14:17:07,419 [fc8d0b26-40fd-4e75-8432-30636972f5a2@group-A7AD55EE2C31-StateMachineUpdater] INFO  ha.SCMStateMachine (SCMStateMachine.java:takeSnapshot(282)) - Current Snapshot Index 150, takeSnapshot took 1 ms
2021-05-31 14:17:07,419 [fc8d0b26-40fd-4e75-8432-30636972f5a2@group-A7AD55EE2C31-StateMachineUpdater] INFO  impl.StateMachineUpdater (StateMachineUpdater.java:takeSnapshot(281)) - fc8d0b26-40fd-4e75-8432-30636972f5a2@group-A7AD55EE2C31-StateMachineUpdater: Took a snapshot at index 150
2021-05-31 14:17:07,419 [fc8d0b26-40fd-4e75-8432-30636972f5a2@group-A7AD55EE2C31-StateMachineUpdater] INFO  impl.StateMachineUpdater (StateMachineUpdater.java:lambda$new$0(89)) - fc8d0b26-40fd-4e75-8432-30636972f5a2@group-A7AD55EE2C31-StateMachineUpdater: snapshotIndex: updateIncreasingly 145 -> 150
2021-05-31 14:17:07,419 [fc8d0b26-40fd-4e75-8432-30636972f5a2@group-A7AD55EE2C31-StateMachineUpdater] INFO  raftlog.RaftLog (RaftLogBase.java:purge(306)) - fc8d0b26-40fd-4e75-8432-30636972f5a2@group-A7AD55EE2C31-SegmentedRaftLog: purge 150
2021-05-31 14:17:07,419 [fc8d0b26-40fd-4e75-8432-30636972f5a2@group-A7AD55EE2C31-StateMachineUpdater] INFO  raftlog.RaftLog (RaftLogBase.java:lambda$new$0(53)) - fc8d0b26-40fd-4e75-8432-30636972f5a2@group-A7AD55EE2C31-SegmentedRaftLog: snapshotIndex: updateIncreasingly 145 -> 150
2021-05-31 14:17:07,420 [fc8d0b26-40fd-4e75-8432-30636972f5a2@group-A7AD55EE2C31-StateMachineUpdater] INFO  raftlog.RaftLog (RaftLogBase.java:lambda$new$0(53)) - fc8d0b26-40fd-4e75-8432-30636972f5a2@group-A7AD55EE2C31-SegmentedRaftLog: purgeIndex: updateToMax old=145, new=150, updated? true
2021-05-31 14:17:07,421 [Listener at 127.0.0.1/11372] INFO  ha.SCMHAInvocationHandler (SCMHAInvocationHandler.java:invokeRatis(113)) - Invoking method public abstract void org.apache.hadoop.hdds.scm.container.ContainerStateManagerV2.addContainer(org.apache.hadoop.hdds.protocol.proto.HddsProtos$ContainerInfoProto) throws java.io.IOException on target org.apache.hadoop.hdds.scm.ha.SCMRatisServerImpl@208eb941, cost 5514.597us
2021-05-31 14:17:07,526 [Listener at 127.0.0.1/11372] INFO  ha.SCMHAInvocationHandler (SCMHAInvocationHandler.java:invokeRatis(113)) - Invoking method public abstract void org.apache.hadoop.hdds.scm.container.ContainerStateManagerV2.addContainer(org.apache.hadoop.hdds.protocol.proto.HddsProtos$ContainerInfoProto) throws java.io.IOException on target org.apache.hadoop.hdds.scm.ha.SCMRatisServerImpl@208eb941, cost 3707.265us
2021-05-31 14:17:07,529 [86c596a3-6f32-42a0-9237-c69d9bdf2958@group-A7AD55EE2C31-StateMachineUpdater] INFO  ha.SCMStateMachine (SCMStateMachine.java:takeSnapshot(282)) - Current Snapshot Index 154, takeSnapshot took 0 ms
2021-05-31 14:17:07,530 [86c596a3-6f32-42a0-9237-c69d9bdf2958@group-A7AD55EE2C31-StateMachineUpdater] INFO  impl.StateMachineUpdater (StateMachineUpdater.java:takeSnapshot(281)) - 86c596a3-6f32-42a0-9237-c69d9bdf2958@group-A7AD55EE2C31-StateMachineUpdater: Took a snapshot at index 154
2021-05-31 14:17:07,530 [86c596a3-6f32-42a0-9237-c69d9bdf2958@group-A7AD55EE2C31-StateMachineUpdater] INFO  impl.StateMachineUpdater (StateMachineUpdater.java:lambda$new$0(89)) - 86c596a3-6f32-42a0-9237-c69d9bdf2958@group-A7AD55EE2C31-StateMachineUpdater: snapshotIndex: updateIncreasingly 149 -> 154
2021-05-31 14:17:07,530 [86c596a3-6f32-42a0-9237-c69d9bdf2958@group-A7AD55EE2C31-StateMachineUpdater] INFO  raftlog.RaftLog (RaftLogBase.java:purge(306)) - 86c596a3-6f32-42a0-9237-c69d9bdf2958@group-A7AD55EE2C31-SegmentedRaftLog: purge 154
2021-05-31 14:17:07,530 [86c596a3-6f32-42a0-9237-c69d9bdf2958@group-A7AD55EE2C31-StateMachineUpdater] INFO  raftlog.RaftLog (RaftLogBase.java:lambda$new$0(53)) - 86c596a3-6f32-42a0-9237-c69d9bdf2958@group-A7AD55EE2C31-SegmentedRaftLog: snapshotIndex: updateIncreasingly 149 -> 154
2021-05-31 14:17:07,530 [86c596a3-6f32-42a0-9237-c69d9bdf2958@group-A7AD55EE2C31-StateMachineUpdater] INFO  raftlog.RaftLog (RaftLogBase.java:lambda$new$0(53)) - 86c596a3-6f32-42a0-9237-c69d9bdf2958@group-A7AD55EE2C31-SegmentedRaftLog: purgeIndex: updateToMax old=149, new=154, updated? true
2021-05-31 14:17:07,629 [Datanode State Machine Thread - 0] ERROR datanode.RunningDatanodeState (RunningDatanodeState.java:computeNextContainerState(199)) - Error in executing end point task.
java.util.concurrent.ExecutionException: java.util.concurrent.TimeoutException
	at java.util.concurrent.FutureTask.report(FutureTask.java:122)
	at java.util.concurrent.FutureTask.get(FutureTask.java:192)
	at org.apache.hadoop.ozone.container.common.states.datanode.RunningDatanodeState.computeNextContainerState(RunningDatanodeState.java:191)
	at org.apache.hadoop.ozone.container.common.states.datanode.RunningDatanodeState.await(RunningDatanodeState.java:231)
	at org.apache.hadoop.ozone.container.common.states.datanode.RunningDatanodeState.await(RunningDatanodeState.java:50)
	at org.apache.hadoop.ozone.container.common.statemachine.StateContext.execute(StateContext.java:579)
	at org.apache.hadoop.ozone.container.common.statemachine.DatanodeStateMachine.start(DatanodeStateMachine.java:233)
	at org.apache.hadoop.ozone.container.common.statemachine.DatanodeStateMachine.lambda$startDaemon$0(DatanodeStateMachine.java:416)
	at java.lang.Thread.run(Thread.java:748)
Caused by: java.util.concurrent.TimeoutException
	at java.util.concurrent.FutureTask.get(FutureTask.java:205)
	at org.apache.hadoop.ozone.container.common.states.datanode.RunningDatanodeState.lambda$execute$0(RunningDatanodeState.java:149)
	at java.util.concurrent.FutureTask.run(FutureTask.java:266)
	at java.util.concurrent.Executors$RunnableAdapter.call(Executors.java:511)
	at java.util.concurrent.FutureTask.run(FutureTask.java:266)
	at java.util.concurrent.ThreadPoolExecutor.runWorker(ThreadPoolExecutor.java:1149)
	at java.util.concurrent.ThreadPoolExecutor$Worker.run(ThreadPoolExecutor.java:624)
	... 1 more
2021-05-31 14:17:07,633 [Listener at 127.0.0.1/11372] INFO  ha.SCMHAInvocationHandler (SCMHAInvocationHandler.java:invokeRatis(113)) - Invoking method public abstract void org.apache.hadoop.hdds.scm.container.ContainerStateManagerV2.addContainer(org.apache.hadoop.hdds.protocol.proto.HddsProtos$ContainerInfoProto) throws java.io.IOException on target org.apache.hadoop.hdds.scm.ha.SCMRatisServerImpl@208eb941, cost 6993.721us
2021-05-31 14:17:07,635 [fc8d0b26-40fd-4e75-8432-30636972f5a2@group-A7AD55EE2C31-StateMachineUpdater] INFO  ha.SCMStateMachine (SCMStateMachine.java:takeSnapshot(282)) - Current Snapshot Index 155, takeSnapshot took 0 ms
2021-05-31 14:17:07,635 [fc8d0b26-40fd-4e75-8432-30636972f5a2@group-A7AD55EE2C31-StateMachineUpdater] INFO  impl.StateMachineUpdater (StateMachineUpdater.java:takeSnapshot(281)) - fc8d0b26-40fd-4e75-8432-30636972f5a2@group-A7AD55EE2C31-StateMachineUpdater: Took a snapshot at index 155
2021-05-31 14:17:07,635 [fc8d0b26-40fd-4e75-8432-30636972f5a2@group-A7AD55EE2C31-StateMachineUpdater] INFO  impl.StateMachineUpdater (StateMachineUpdater.java:lambda$new$0(89)) - fc8d0b26-40fd-4e75-8432-30636972f5a2@group-A7AD55EE2C31-StateMachineUpdater: snapshotIndex: updateIncreasingly 150 -> 155
2021-05-31 14:17:07,635 [fc8d0b26-40fd-4e75-8432-30636972f5a2@group-A7AD55EE2C31-StateMachineUpdater] INFO  raftlog.RaftLog (RaftLogBase.java:purge(306)) - fc8d0b26-40fd-4e75-8432-30636972f5a2@group-A7AD55EE2C31-SegmentedRaftLog: purge 155
2021-05-31 14:17:07,635 [fc8d0b26-40fd-4e75-8432-30636972f5a2@group-A7AD55EE2C31-StateMachineUpdater] INFO  raftlog.RaftLog (RaftLogBase.java:lambda$new$0(53)) - fc8d0b26-40fd-4e75-8432-30636972f5a2@group-A7AD55EE2C31-SegmentedRaftLog: snapshotIndex: updateIncreasingly 150 -> 155
2021-05-31 14:17:07,636 [fc8d0b26-40fd-4e75-8432-30636972f5a2@group-A7AD55EE2C31-StateMachineUpdater] INFO  raftlog.RaftLog (RaftLogBase.java:lambda$new$0(53)) - fc8d0b26-40fd-4e75-8432-30636972f5a2@group-A7AD55EE2C31-SegmentedRaftLog: purgeIndex: updateToMax old=150, new=155, updated? true
2021-05-31 14:17:07,740 [Listener at 127.0.0.1/11372] INFO  ha.SCMHAInvocationHandler (SCMHAInvocationHandler.java:invokeRatis(113)) - Invoking method public abstract void org.apache.hadoop.hdds.scm.container.ContainerStateManagerV2.addContainer(org.apache.hadoop.hdds.protocol.proto.HddsProtos$ContainerInfoProto) throws java.io.IOException on target org.apache.hadoop.hdds.scm.ha.SCMRatisServerImpl@208eb941, cost 6493.313us
2021-05-31 14:17:07,845 [86c596a3-6f32-42a0-9237-c69d9bdf2958@group-A7AD55EE2C31-StateMachineUpdater] INFO  ha.SCMStateMachine (SCMStateMachine.java:takeSnapshot(282)) - Current Snapshot Index 159, takeSnapshot took 0 ms
2021-05-31 14:17:07,845 [86c596a3-6f32-42a0-9237-c69d9bdf2958@group-A7AD55EE2C31-StateMachineUpdater] INFO  impl.StateMachineUpdater (StateMachineUpdater.java:takeSnapshot(281)) - 86c596a3-6f32-42a0-9237-c69d9bdf2958@group-A7AD55EE2C31-StateMachineUpdater: Took a snapshot at index 159
2021-05-31 14:17:07,845 [86c596a3-6f32-42a0-9237-c69d9bdf2958@group-A7AD55EE2C31-StateMachineUpdater] INFO  impl.StateMachineUpdater (StateMachineUpdater.java:lambda$new$0(89)) - 86c596a3-6f32-42a0-9237-c69d9bdf2958@group-A7AD55EE2C31-StateMachineUpdater: snapshotIndex: updateIncreasingly 154 -> 159
2021-05-31 14:17:07,845 [86c596a3-6f32-42a0-9237-c69d9bdf2958@group-A7AD55EE2C31-StateMachineUpdater] INFO  raftlog.RaftLog (RaftLogBase.java:purge(306)) - 86c596a3-6f32-42a0-9237-c69d9bdf2958@group-A7AD55EE2C31-SegmentedRaftLog: purge 159
2021-05-31 14:17:07,845 [86c596a3-6f32-42a0-9237-c69d9bdf2958@group-A7AD55EE2C31-StateMachineUpdater] INFO  raftlog.RaftLog (RaftLogBase.java:lambda$new$0(53)) - 86c596a3-6f32-42a0-9237-c69d9bdf2958@group-A7AD55EE2C31-SegmentedRaftLog: snapshotIndex: updateIncreasingly 154 -> 159
2021-05-31 14:17:07,845 [86c596a3-6f32-42a0-9237-c69d9bdf2958@group-A7AD55EE2C31-StateMachineUpdater] INFO  raftlog.RaftLog (RaftLogBase.java:lambda$new$0(53)) - 86c596a3-6f32-42a0-9237-c69d9bdf2958@group-A7AD55EE2C31-SegmentedRaftLog: purgeIndex: updateToMax old=154, new=159, updated? true
2021-05-31 14:17:07,845 [Listener at 127.0.0.1/11372] INFO  ha.SCMHAInvocationHandler (SCMHAInvocationHandler.java:invokeRatis(113)) - Invoking method public abstract void org.apache.hadoop.hdds.scm.container.ContainerStateManagerV2.addContainer(org.apache.hadoop.hdds.protocol.proto.HddsProtos$ContainerInfoProto) throws java.io.IOException on target org.apache.hadoop.hdds.scm.ha.SCMRatisServerImpl@208eb941, cost 4241.574us
2021-05-31 14:17:07,951 [fc8d0b26-40fd-4e75-8432-30636972f5a2@group-A7AD55EE2C31-StateMachineUpdater] INFO  ha.SCMStateMachine (SCMStateMachine.java:takeSnapshot(282)) - Current Snapshot Index 160, takeSnapshot took 1 ms
2021-05-31 14:17:07,951 [fc8d0b26-40fd-4e75-8432-30636972f5a2@group-A7AD55EE2C31-StateMachineUpdater] INFO  impl.StateMachineUpdater (StateMachineUpdater.java:takeSnapshot(281)) - fc8d0b26-40fd-4e75-8432-30636972f5a2@group-A7AD55EE2C31-StateMachineUpdater: Took a snapshot at index 160
2021-05-31 14:17:07,952 [fc8d0b26-40fd-4e75-8432-30636972f5a2@group-A7AD55EE2C31-StateMachineUpdater] INFO  impl.StateMachineUpdater (StateMachineUpdater.java:lambda$new$0(89)) - fc8d0b26-40fd-4e75-8432-30636972f5a2@group-A7AD55EE2C31-StateMachineUpdater: snapshotIndex: updateIncreasingly 155 -> 160
2021-05-31 14:17:07,952 [fc8d0b26-40fd-4e75-8432-30636972f5a2@group-A7AD55EE2C31-StateMachineUpdater] INFO  raftlog.RaftLog (RaftLogBase.java:purge(306)) - fc8d0b26-40fd-4e75-8432-30636972f5a2@group-A7AD55EE2C31-SegmentedRaftLog: purge 160
2021-05-31 14:17:07,952 [fc8d0b26-40fd-4e75-8432-30636972f5a2@group-A7AD55EE2C31-StateMachineUpdater] INFO  raftlog.RaftLog (RaftLogBase.java:lambda$new$0(53)) - fc8d0b26-40fd-4e75-8432-30636972f5a2@group-A7AD55EE2C31-SegmentedRaftLog: snapshotIndex: updateIncreasingly 155 -> 160
2021-05-31 14:17:07,952 [fc8d0b26-40fd-4e75-8432-30636972f5a2@group-A7AD55EE2C31-StateMachineUpdater] INFO  raftlog.RaftLog (RaftLogBase.java:lambda$new$0(53)) - fc8d0b26-40fd-4e75-8432-30636972f5a2@group-A7AD55EE2C31-SegmentedRaftLog: purgeIndex: updateToMax old=155, new=160, updated? true
2021-05-31 14:17:07,953 [Listener at 127.0.0.1/11372] INFO  ha.SCMHAInvocationHandler (SCMHAInvocationHandler.java:invokeRatis(113)) - Invoking method public abstract void org.apache.hadoop.hdds.scm.container.ContainerStateManagerV2.addContainer(org.apache.hadoop.hdds.protocol.proto.HddsProtos$ContainerInfoProto) throws java.io.IOException on target org.apache.hadoop.hdds.scm.ha.SCMRatisServerImpl@208eb941, cost 7406.829us
2021-05-31 14:17:08,058 [Listener at 127.0.0.1/11372] INFO  ha.SCMHAInvocationHandler (SCMHAInvocationHandler.java:invokeRatis(113)) - Invoking method public abstract void org.apache.hadoop.hdds.scm.container.ContainerStateManagerV2.addContainer(org.apache.hadoop.hdds.protocol.proto.HddsProtos$ContainerInfoProto) throws java.io.IOException on target org.apache.hadoop.hdds.scm.ha.SCMRatisServerImpl@208eb941, cost 3872.368us
2021-05-31 14:17:08,060 [86c596a3-6f32-42a0-9237-c69d9bdf2958@group-A7AD55EE2C31-StateMachineUpdater] INFO  ha.SCMStateMachine (SCMStateMachine.java:takeSnapshot(282)) - Current Snapshot Index 164, takeSnapshot took 0 ms
2021-05-31 14:17:08,060 [86c596a3-6f32-42a0-9237-c69d9bdf2958@group-A7AD55EE2C31-StateMachineUpdater] INFO  impl.StateMachineUpdater (StateMachineUpdater.java:takeSnapshot(281)) - 86c596a3-6f32-42a0-9237-c69d9bdf2958@group-A7AD55EE2C31-StateMachineUpdater: Took a snapshot at index 164
2021-05-31 14:17:08,060 [86c596a3-6f32-42a0-9237-c69d9bdf2958@group-A7AD55EE2C31-StateMachineUpdater] INFO  impl.StateMachineUpdater (StateMachineUpdater.java:lambda$new$0(89)) - 86c596a3-6f32-42a0-9237-c69d9bdf2958@group-A7AD55EE2C31-StateMachineUpdater: snapshotIndex: updateIncreasingly 159 -> 164
2021-05-31 14:17:08,060 [86c596a3-6f32-42a0-9237-c69d9bdf2958@group-A7AD55EE2C31-StateMachineUpdater] INFO  raftlog.RaftLog (RaftLogBase.java:purge(306)) - 86c596a3-6f32-42a0-9237-c69d9bdf2958@group-A7AD55EE2C31-SegmentedRaftLog: purge 164
2021-05-31 14:17:08,060 [86c596a3-6f32-42a0-9237-c69d9bdf2958@group-A7AD55EE2C31-StateMachineUpdater] INFO  raftlog.RaftLog (RaftLogBase.java:lambda$new$0(53)) - 86c596a3-6f32-42a0-9237-c69d9bdf2958@group-A7AD55EE2C31-SegmentedRaftLog: snapshotIndex: updateIncreasingly 159 -> 164
2021-05-31 14:17:08,060 [86c596a3-6f32-42a0-9237-c69d9bdf2958@group-A7AD55EE2C31-StateMachineUpdater] INFO  raftlog.RaftLog (RaftLogBase.java:lambda$new$0(53)) - 86c596a3-6f32-42a0-9237-c69d9bdf2958@group-A7AD55EE2C31-SegmentedRaftLog: purgeIndex: updateToMax old=159, new=164, updated? true
2021-05-31 14:17:08,163 [Listener at 127.0.0.1/11372] INFO  ha.SCMHAInvocationHandler (SCMHAInvocationHandler.java:invokeRatis(113)) - Invoking method public abstract void org.apache.hadoop.hdds.scm.container.ContainerStateManagerV2.addContainer(org.apache.hadoop.hdds.protocol.proto.HddsProtos$ContainerInfoProto) throws java.io.IOException on target org.apache.hadoop.hdds.scm.ha.SCMRatisServerImpl@208eb941, cost 4796.484us
2021-05-31 14:17:08,167 [fc8d0b26-40fd-4e75-8432-30636972f5a2@group-A7AD55EE2C31-StateMachineUpdater] INFO  ha.SCMStateMachine (SCMStateMachine.java:takeSnapshot(282)) - Current Snapshot Index 165, takeSnapshot took 0 ms
2021-05-31 14:17:08,167 [fc8d0b26-40fd-4e75-8432-30636972f5a2@group-A7AD55EE2C31-StateMachineUpdater] INFO  impl.StateMachineUpdater (StateMachineUpdater.java:takeSnapshot(281)) - fc8d0b26-40fd-4e75-8432-30636972f5a2@group-A7AD55EE2C31-StateMachineUpdater: Took a snapshot at index 165
2021-05-31 14:17:08,167 [fc8d0b26-40fd-4e75-8432-30636972f5a2@group-A7AD55EE2C31-StateMachineUpdater] INFO  impl.StateMachineUpdater (StateMachineUpdater.java:lambda$new$0(89)) - fc8d0b26-40fd-4e75-8432-30636972f5a2@group-A7AD55EE2C31-StateMachineUpdater: snapshotIndex: updateIncreasingly 160 -> 165
2021-05-31 14:17:08,167 [fc8d0b26-40fd-4e75-8432-30636972f5a2@group-A7AD55EE2C31-StateMachineUpdater] INFO  raftlog.RaftLog (RaftLogBase.java:purge(306)) - fc8d0b26-40fd-4e75-8432-30636972f5a2@group-A7AD55EE2C31-SegmentedRaftLog: purge 165
2021-05-31 14:17:08,168 [fc8d0b26-40fd-4e75-8432-30636972f5a2@group-A7AD55EE2C31-StateMachineUpdater] INFO  raftlog.RaftLog (RaftLogBase.java:lambda$new$0(53)) - fc8d0b26-40fd-4e75-8432-30636972f5a2@group-A7AD55EE2C31-SegmentedRaftLog: snapshotIndex: updateIncreasingly 160 -> 165
2021-05-31 14:17:08,168 [fc8d0b26-40fd-4e75-8432-30636972f5a2@group-A7AD55EE2C31-StateMachineUpdater] INFO  raftlog.RaftLog (RaftLogBase.java:lambda$new$0(53)) - fc8d0b26-40fd-4e75-8432-30636972f5a2@group-A7AD55EE2C31-SegmentedRaftLog: purgeIndex: updateToMax old=160, new=165, updated? true
2021-05-31 14:17:08,267 [Listener at 127.0.0.1/11372] INFO  ha.SCMHAInvocationHandler (SCMHAInvocationHandler.java:invokeRatis(113)) - Invoking method public abstract void org.apache.hadoop.hdds.scm.container.ContainerStateManagerV2.addContainer(org.apache.hadoop.hdds.protocol.proto.HddsProtos$ContainerInfoProto) throws java.io.IOException on target org.apache.hadoop.hdds.scm.ha.SCMRatisServerImpl@208eb941, cost 3276.457us
2021-05-31 14:17:08,372 [86c596a3-6f32-42a0-9237-c69d9bdf2958@group-A7AD55EE2C31-StateMachineUpdater] INFO  ha.SCMStateMachine (SCMStateMachine.java:takeSnapshot(282)) - Current Snapshot Index 169, takeSnapshot took 0 ms
2021-05-31 14:17:08,372 [86c596a3-6f32-42a0-9237-c69d9bdf2958@group-A7AD55EE2C31-StateMachineUpdater] INFO  impl.StateMachineUpdater (StateMachineUpdater.java:takeSnapshot(281)) - 86c596a3-6f32-42a0-9237-c69d9bdf2958@group-A7AD55EE2C31-StateMachineUpdater: Took a snapshot at index 169
2021-05-31 14:17:08,372 [86c596a3-6f32-42a0-9237-c69d9bdf2958@group-A7AD55EE2C31-StateMachineUpdater] INFO  impl.StateMachineUpdater (StateMachineUpdater.java:lambda$new$0(89)) - 86c596a3-6f32-42a0-9237-c69d9bdf2958@group-A7AD55EE2C31-StateMachineUpdater: snapshotIndex: updateIncreasingly 164 -> 169
2021-05-31 14:17:08,372 [86c596a3-6f32-42a0-9237-c69d9bdf2958@group-A7AD55EE2C31-StateMachineUpdater] INFO  raftlog.RaftLog (RaftLogBase.java:purge(306)) - 86c596a3-6f32-42a0-9237-c69d9bdf2958@group-A7AD55EE2C31-SegmentedRaftLog: purge 169
2021-05-31 14:17:08,372 [86c596a3-6f32-42a0-9237-c69d9bdf2958@group-A7AD55EE2C31-StateMachineUpdater] INFO  raftlog.RaftLog (RaftLogBase.java:lambda$new$0(53)) - 86c596a3-6f32-42a0-9237-c69d9bdf2958@group-A7AD55EE2C31-SegmentedRaftLog: snapshotIndex: updateIncreasingly 164 -> 169
2021-05-31 14:17:08,372 [86c596a3-6f32-42a0-9237-c69d9bdf2958@group-A7AD55EE2C31-StateMachineUpdater] INFO  raftlog.RaftLog (RaftLogBase.java:lambda$new$0(53)) - 86c596a3-6f32-42a0-9237-c69d9bdf2958@group-A7AD55EE2C31-SegmentedRaftLog: purgeIndex: updateToMax old=164, new=169, updated? true
2021-05-31 14:17:08,374 [Listener at 127.0.0.1/11372] INFO  ha.SCMHAInvocationHandler (SCMHAInvocationHandler.java:invokeRatis(113)) - Invoking method public abstract void org.apache.hadoop.hdds.scm.container.ContainerStateManagerV2.addContainer(org.apache.hadoop.hdds.protocol.proto.HddsProtos$ContainerInfoProto) throws java.io.IOException on target org.apache.hadoop.hdds.scm.ha.SCMRatisServerImpl@208eb941, cost 5889.302us
2021-05-31 14:17:08,477 [fc8d0b26-40fd-4e75-8432-30636972f5a2@group-A7AD55EE2C31-StateMachineUpdater] INFO  ha.SCMStateMachine (SCMStateMachine.java:takeSnapshot(282)) - Current Snapshot Index 170, takeSnapshot took 0 ms
2021-05-31 14:17:08,477 [fc8d0b26-40fd-4e75-8432-30636972f5a2@group-A7AD55EE2C31-StateMachineUpdater] INFO  impl.StateMachineUpdater (StateMachineUpdater.java:takeSnapshot(281)) - fc8d0b26-40fd-4e75-8432-30636972f5a2@group-A7AD55EE2C31-StateMachineUpdater: Took a snapshot at index 170
2021-05-31 14:17:08,477 [fc8d0b26-40fd-4e75-8432-30636972f5a2@group-A7AD55EE2C31-StateMachineUpdater] INFO  impl.StateMachineUpdater (StateMachineUpdater.java:lambda$new$0(89)) - fc8d0b26-40fd-4e75-8432-30636972f5a2@group-A7AD55EE2C31-StateMachineUpdater: snapshotIndex: updateIncreasingly 165 -> 170
2021-05-31 14:17:08,477 [fc8d0b26-40fd-4e75-8432-30636972f5a2@group-A7AD55EE2C31-StateMachineUpdater] INFO  raftlog.RaftLog (RaftLogBase.java:purge(306)) - fc8d0b26-40fd-4e75-8432-30636972f5a2@group-A7AD55EE2C31-SegmentedRaftLog: purge 170
2021-05-31 14:17:08,477 [fc8d0b26-40fd-4e75-8432-30636972f5a2@group-A7AD55EE2C31-StateMachineUpdater] INFO  raftlog.RaftLog (RaftLogBase.java:lambda$new$0(53)) - fc8d0b26-40fd-4e75-8432-30636972f5a2@group-A7AD55EE2C31-SegmentedRaftLog: snapshotIndex: updateIncreasingly 165 -> 170
2021-05-31 14:17:08,477 [fc8d0b26-40fd-4e75-8432-30636972f5a2@group-A7AD55EE2C31-StateMachineUpdater] INFO  raftlog.RaftLog (RaftLogBase.java:lambda$new$0(53)) - fc8d0b26-40fd-4e75-8432-30636972f5a2@group-A7AD55EE2C31-SegmentedRaftLog: purgeIndex: updateToMax old=165, new=170, updated? true
2021-05-31 14:17:08,482 [Listener at 127.0.0.1/11372] INFO  ha.SCMHAInvocationHandler (SCMHAInvocationHandler.java:invokeRatis(113)) - Invoking method public abstract void org.apache.hadoop.hdds.scm.container.ContainerStateManagerV2.addContainer(org.apache.hadoop.hdds.protocol.proto.HddsProtos$ContainerInfoProto) throws java.io.IOException on target org.apache.hadoop.hdds.scm.ha.SCMRatisServerImpl@208eb941, cost 7548.931us
2021-05-31 14:17:08,588 [Listener at 127.0.0.1/11372] INFO  ha.SCMHAInvocationHandler (SCMHAInvocationHandler.java:invokeRatis(113)) - Invoking method public abstract void org.apache.hadoop.hdds.scm.container.ContainerStateManagerV2.addContainer(org.apache.hadoop.hdds.protocol.proto.HddsProtos$ContainerInfoProto) throws java.io.IOException on target org.apache.hadoop.hdds.scm.ha.SCMRatisServerImpl@208eb941, cost 5469.295us
2021-05-31 14:17:08,591 [86c596a3-6f32-42a0-9237-c69d9bdf2958@group-A7AD55EE2C31-StateMachineUpdater] INFO  ha.SCMStateMachine (SCMStateMachine.java:takeSnapshot(282)) - Current Snapshot Index 174, takeSnapshot took 0 ms
2021-05-31 14:17:08,591 [86c596a3-6f32-42a0-9237-c69d9bdf2958@group-A7AD55EE2C31-StateMachineUpdater] INFO  impl.StateMachineUpdater (StateMachineUpdater.java:takeSnapshot(281)) - 86c596a3-6f32-42a0-9237-c69d9bdf2958@group-A7AD55EE2C31-StateMachineUpdater: Took a snapshot at index 174
2021-05-31 14:17:08,591 [86c596a3-6f32-42a0-9237-c69d9bdf2958@group-A7AD55EE2C31-StateMachineUpdater] INFO  impl.StateMachineUpdater (StateMachineUpdater.java:lambda$new$0(89)) - 86c596a3-6f32-42a0-9237-c69d9bdf2958@group-A7AD55EE2C31-StateMachineUpdater: snapshotIndex: updateIncreasingly 169 -> 174
2021-05-31 14:17:08,591 [86c596a3-6f32-42a0-9237-c69d9bdf2958@group-A7AD55EE2C31-StateMachineUpdater] INFO  raftlog.RaftLog (RaftLogBase.java:purge(306)) - 86c596a3-6f32-42a0-9237-c69d9bdf2958@group-A7AD55EE2C31-SegmentedRaftLog: purge 174
2021-05-31 14:17:08,591 [86c596a3-6f32-42a0-9237-c69d9bdf2958@group-A7AD55EE2C31-StateMachineUpdater] INFO  raftlog.RaftLog (RaftLogBase.java:lambda$new$0(53)) - 86c596a3-6f32-42a0-9237-c69d9bdf2958@group-A7AD55EE2C31-SegmentedRaftLog: snapshotIndex: updateIncreasingly 169 -> 174
2021-05-31 14:17:08,591 [86c596a3-6f32-42a0-9237-c69d9bdf2958@group-A7AD55EE2C31-StateMachineUpdater] INFO  raftlog.RaftLog (RaftLogBase.java:lambda$new$0(53)) - 86c596a3-6f32-42a0-9237-c69d9bdf2958@group-A7AD55EE2C31-SegmentedRaftLog: purgeIndex: updateToMax old=169, new=174, updated? true
2021-05-31 14:17:08,695 [Listener at 127.0.0.1/11372] INFO  ha.SCMHAInvocationHandler (SCMHAInvocationHandler.java:invokeRatis(113)) - Invoking method public abstract void org.apache.hadoop.hdds.scm.container.ContainerStateManagerV2.addContainer(org.apache.hadoop.hdds.protocol.proto.HddsProtos$ContainerInfoProto) throws java.io.IOException on target org.apache.hadoop.hdds.scm.ha.SCMRatisServerImpl@208eb941, cost 6293.21us
2021-05-31 14:17:08,696 [fc8d0b26-40fd-4e75-8432-30636972f5a2@group-A7AD55EE2C31-StateMachineUpdater] INFO  ha.SCMStateMachine (SCMStateMachine.java:takeSnapshot(282)) - Current Snapshot Index 175, takeSnapshot took 0 ms
2021-05-31 14:17:08,696 [fc8d0b26-40fd-4e75-8432-30636972f5a2@group-A7AD55EE2C31-StateMachineUpdater] INFO  impl.StateMachineUpdater (StateMachineUpdater.java:takeSnapshot(281)) - fc8d0b26-40fd-4e75-8432-30636972f5a2@group-A7AD55EE2C31-StateMachineUpdater: Took a snapshot at index 175
2021-05-31 14:17:08,696 [fc8d0b26-40fd-4e75-8432-30636972f5a2@group-A7AD55EE2C31-StateMachineUpdater] INFO  impl.StateMachineUpdater (StateMachineUpdater.java:lambda$new$0(89)) - fc8d0b26-40fd-4e75-8432-30636972f5a2@group-A7AD55EE2C31-StateMachineUpdater: snapshotIndex: updateIncreasingly 170 -> 175
2021-05-31 14:17:08,696 [fc8d0b26-40fd-4e75-8432-30636972f5a2@group-A7AD55EE2C31-StateMachineUpdater] INFO  raftlog.RaftLog (RaftLogBase.java:purge(306)) - fc8d0b26-40fd-4e75-8432-30636972f5a2@group-A7AD55EE2C31-SegmentedRaftLog: purge 175
2021-05-31 14:17:08,696 [fc8d0b26-40fd-4e75-8432-30636972f5a2@group-A7AD55EE2C31-StateMachineUpdater] INFO  raftlog.RaftLog (RaftLogBase.java:lambda$new$0(53)) - fc8d0b26-40fd-4e75-8432-30636972f5a2@group-A7AD55EE2C31-SegmentedRaftLog: snapshotIndex: updateIncreasingly 170 -> 175
2021-05-31 14:17:08,696 [fc8d0b26-40fd-4e75-8432-30636972f5a2@group-A7AD55EE2C31-StateMachineUpdater] INFO  raftlog.RaftLog (RaftLogBase.java:lambda$new$0(53)) - fc8d0b26-40fd-4e75-8432-30636972f5a2@group-A7AD55EE2C31-SegmentedRaftLog: purgeIndex: updateToMax old=170, new=175, updated? true
2021-05-31 14:17:08,801 [Listener at 127.0.0.1/11372] INFO  ha.SCMHAInvocationHandler (SCMHAInvocationHandler.java:invokeRatis(113)) - Invoking method public abstract void org.apache.hadoop.hdds.scm.container.ContainerStateManagerV2.addContainer(org.apache.hadoop.hdds.protocol.proto.HddsProtos$ContainerInfoProto) throws java.io.IOException on target org.apache.hadoop.hdds.scm.ha.SCMRatisServerImpl@208eb941, cost 5319.293us
2021-05-31 14:17:08,907 [Listener at 127.0.0.1/11372] INFO  ha.SCMHAInvocationHandler (SCMHAInvocationHandler.java:invokeRatis(113)) - Invoking method public abstract void org.apache.hadoop.hdds.scm.container.ContainerStateManagerV2.addContainer(org.apache.hadoop.hdds.protocol.proto.HddsProtos$ContainerInfoProto) throws java.io.IOException on target org.apache.hadoop.hdds.scm.ha.SCMRatisServerImpl@208eb941, cost 4621.98us
2021-05-31 14:17:08,907 [86c596a3-6f32-42a0-9237-c69d9bdf2958@group-A7AD55EE2C31-StateMachineUpdater] INFO  ha.SCMStateMachine (SCMStateMachine.java:takeSnapshot(282)) - Current Snapshot Index 179, takeSnapshot took 0 ms
2021-05-31 14:17:08,908 [86c596a3-6f32-42a0-9237-c69d9bdf2958@group-A7AD55EE2C31-StateMachineUpdater] INFO  impl.StateMachineUpdater (StateMachineUpdater.java:takeSnapshot(281)) - 86c596a3-6f32-42a0-9237-c69d9bdf2958@group-A7AD55EE2C31-StateMachineUpdater: Took a snapshot at index 179
2021-05-31 14:17:08,908 [86c596a3-6f32-42a0-9237-c69d9bdf2958@group-A7AD55EE2C31-StateMachineUpdater] INFO  impl.StateMachineUpdater (StateMachineUpdater.java:lambda$new$0(89)) - 86c596a3-6f32-42a0-9237-c69d9bdf2958@group-A7AD55EE2C31-StateMachineUpdater: snapshotIndex: updateIncreasingly 174 -> 179
2021-05-31 14:17:08,908 [86c596a3-6f32-42a0-9237-c69d9bdf2958@group-A7AD55EE2C31-StateMachineUpdater] INFO  raftlog.RaftLog (RaftLogBase.java:purge(306)) - 86c596a3-6f32-42a0-9237-c69d9bdf2958@group-A7AD55EE2C31-SegmentedRaftLog: purge 179
2021-05-31 14:17:08,908 [86c596a3-6f32-42a0-9237-c69d9bdf2958@group-A7AD55EE2C31-StateMachineUpdater] INFO  raftlog.RaftLog (RaftLogBase.java:lambda$new$0(53)) - 86c596a3-6f32-42a0-9237-c69d9bdf2958@group-A7AD55EE2C31-SegmentedRaftLog: snapshotIndex: updateIncreasingly 174 -> 179
2021-05-31 14:17:08,908 [86c596a3-6f32-42a0-9237-c69d9bdf2958@group-A7AD55EE2C31-StateMachineUpdater] INFO  raftlog.RaftLog (RaftLogBase.java:lambda$new$0(53)) - 86c596a3-6f32-42a0-9237-c69d9bdf2958@group-A7AD55EE2C31-SegmentedRaftLog: purgeIndex: updateToMax old=174, new=179, updated? true
2021-05-31 14:17:09,010 [fc8d0b26-40fd-4e75-8432-30636972f5a2@group-A7AD55EE2C31-StateMachineUpdater] INFO  ha.SCMStateMachine (SCMStateMachine.java:takeSnapshot(282)) - Current Snapshot Index 180, takeSnapshot took 0 ms
2021-05-31 14:17:09,010 [fc8d0b26-40fd-4e75-8432-30636972f5a2@group-A7AD55EE2C31-StateMachineUpdater] INFO  impl.StateMachineUpdater (StateMachineUpdater.java:takeSnapshot(281)) - fc8d0b26-40fd-4e75-8432-30636972f5a2@group-A7AD55EE2C31-StateMachineUpdater: Took a snapshot at index 180
2021-05-31 14:17:09,010 [fc8d0b26-40fd-4e75-8432-30636972f5a2@group-A7AD55EE2C31-StateMachineUpdater] INFO  impl.StateMachineUpdater (StateMachineUpdater.java:lambda$new$0(89)) - fc8d0b26-40fd-4e75-8432-30636972f5a2@group-A7AD55EE2C31-StateMachineUpdater: snapshotIndex: updateIncreasingly 175 -> 180
2021-05-31 14:17:09,010 [fc8d0b26-40fd-4e75-8432-30636972f5a2@group-A7AD55EE2C31-StateMachineUpdater] INFO  raftlog.RaftLog (RaftLogBase.java:purge(306)) - fc8d0b26-40fd-4e75-8432-30636972f5a2@group-A7AD55EE2C31-SegmentedRaftLog: purge 180
2021-05-31 14:17:09,010 [fc8d0b26-40fd-4e75-8432-30636972f5a2@group-A7AD55EE2C31-StateMachineUpdater] INFO  raftlog.RaftLog (RaftLogBase.java:lambda$new$0(53)) - fc8d0b26-40fd-4e75-8432-30636972f5a2@group-A7AD55EE2C31-SegmentedRaftLog: snapshotIndex: updateIncreasingly 175 -> 180
2021-05-31 14:17:09,010 [fc8d0b26-40fd-4e75-8432-30636972f5a2@group-A7AD55EE2C31-StateMachineUpdater] INFO  raftlog.RaftLog (RaftLogBase.java:lambda$new$0(53)) - fc8d0b26-40fd-4e75-8432-30636972f5a2@group-A7AD55EE2C31-SegmentedRaftLog: purgeIndex: updateToMax old=175, new=180, updated? true
2021-05-31 14:17:09,011 [Listener at 127.0.0.1/11372] INFO  ha.SCMHAInvocationHandler (SCMHAInvocationHandler.java:invokeRatis(113)) - Invoking method public abstract void org.apache.hadoop.hdds.scm.container.ContainerStateManagerV2.addContainer(org.apache.hadoop.hdds.protocol.proto.HddsProtos$ContainerInfoProto) throws java.io.IOException on target org.apache.hadoop.hdds.scm.ha.SCMRatisServerImpl@208eb941, cost 4287.674us
2021-05-31 14:17:09,118 [Listener at 127.0.0.1/11372] INFO  ha.SCMHAInvocationHandler (SCMHAInvocationHandler.java:invokeRatis(113)) - Invoking method public abstract void org.apache.hadoop.hdds.scm.container.ContainerStateManagerV2.addContainer(org.apache.hadoop.hdds.protocol.proto.HddsProtos$ContainerInfoProto) throws java.io.IOException on target org.apache.hadoop.hdds.scm.ha.SCMRatisServerImpl@208eb941, cost 5569.597us
2021-05-31 14:17:09,120 [Datanode State Machine Thread - 0] ERROR datanode.RunningDatanodeState (RunningDatanodeState.java:computeNextContainerState(199)) - Error in executing end point task.
java.util.concurrent.ExecutionException: java.util.concurrent.TimeoutException
	at java.util.concurrent.FutureTask.report(FutureTask.java:122)
	at java.util.concurrent.FutureTask.get(FutureTask.java:192)
	at org.apache.hadoop.ozone.container.common.states.datanode.RunningDatanodeState.computeNextContainerState(RunningDatanodeState.java:191)
	at org.apache.hadoop.ozone.container.common.states.datanode.RunningDatanodeState.await(RunningDatanodeState.java:231)
	at org.apache.hadoop.ozone.container.common.states.datanode.RunningDatanodeState.await(RunningDatanodeState.java:50)
	at org.apache.hadoop.ozone.container.common.statemachine.StateContext.execute(StateContext.java:579)
	at org.apache.hadoop.ozone.container.common.statemachine.DatanodeStateMachine.start(DatanodeStateMachine.java:233)
	at org.apache.hadoop.ozone.container.common.statemachine.DatanodeStateMachine.lambda$startDaemon$0(DatanodeStateMachine.java:416)
	at java.lang.Thread.run(Thread.java:748)
Caused by: java.util.concurrent.TimeoutException
	at java.util.concurrent.FutureTask.get(FutureTask.java:205)
	at org.apache.hadoop.ozone.container.common.states.datanode.RunningDatanodeState.lambda$execute$0(RunningDatanodeState.java:149)
	at java.util.concurrent.FutureTask.run(FutureTask.java:266)
	at java.util.concurrent.Executors$RunnableAdapter.call(Executors.java:511)
	at java.util.concurrent.FutureTask.run(FutureTask.java:266)
	at java.util.concurrent.ThreadPoolExecutor.runWorker(ThreadPoolExecutor.java:1149)
	at java.util.concurrent.ThreadPoolExecutor$Worker.run(ThreadPoolExecutor.java:624)
	... 1 more
2021-05-31 14:17:09,120 [86c596a3-6f32-42a0-9237-c69d9bdf2958@group-A7AD55EE2C31-StateMachineUpdater] INFO  ha.SCMStateMachine (SCMStateMachine.java:takeSnapshot(282)) - Current Snapshot Index 184, takeSnapshot took 1 ms
2021-05-31 14:17:09,122 [86c596a3-6f32-42a0-9237-c69d9bdf2958@group-A7AD55EE2C31-StateMachineUpdater] INFO  impl.StateMachineUpdater (StateMachineUpdater.java:takeSnapshot(281)) - 86c596a3-6f32-42a0-9237-c69d9bdf2958@group-A7AD55EE2C31-StateMachineUpdater: Took a snapshot at index 184
2021-05-31 14:17:09,122 [86c596a3-6f32-42a0-9237-c69d9bdf2958@group-A7AD55EE2C31-StateMachineUpdater] INFO  impl.StateMachineUpdater (StateMachineUpdater.java:lambda$new$0(89)) - 86c596a3-6f32-42a0-9237-c69d9bdf2958@group-A7AD55EE2C31-StateMachineUpdater: snapshotIndex: updateIncreasingly 179 -> 184
2021-05-31 14:17:09,122 [86c596a3-6f32-42a0-9237-c69d9bdf2958@group-A7AD55EE2C31-StateMachineUpdater] INFO  raftlog.RaftLog (RaftLogBase.java:purge(306)) - 86c596a3-6f32-42a0-9237-c69d9bdf2958@group-A7AD55EE2C31-SegmentedRaftLog: purge 184
2021-05-31 14:17:09,122 [86c596a3-6f32-42a0-9237-c69d9bdf2958@group-A7AD55EE2C31-StateMachineUpdater] INFO  raftlog.RaftLog (RaftLogBase.java:lambda$new$0(53)) - 86c596a3-6f32-42a0-9237-c69d9bdf2958@group-A7AD55EE2C31-SegmentedRaftLog: snapshotIndex: updateIncreasingly 179 -> 184
2021-05-31 14:17:09,122 [86c596a3-6f32-42a0-9237-c69d9bdf2958@group-A7AD55EE2C31-StateMachineUpdater] INFO  raftlog.RaftLog (RaftLogBase.java:lambda$new$0(53)) - 86c596a3-6f32-42a0-9237-c69d9bdf2958@group-A7AD55EE2C31-SegmentedRaftLog: purgeIndex: updateToMax old=179, new=184, updated? true
2021-05-31 14:17:09,223 [Listener at 127.0.0.1/11372] INFO  ha.SCMHAInvocationHandler (SCMHAInvocationHandler.java:invokeRatis(113)) - Invoking method public abstract void org.apache.hadoop.hdds.scm.container.ContainerStateManagerV2.addContainer(org.apache.hadoop.hdds.protocol.proto.HddsProtos$ContainerInfoProto) throws java.io.IOException on target org.apache.hadoop.hdds.scm.ha.SCMRatisServerImpl@208eb941, cost 4584.979us
2021-05-31 14:17:09,225 [fc8d0b26-40fd-4e75-8432-30636972f5a2@group-A7AD55EE2C31-StateMachineUpdater] INFO  ha.SCMStateMachine (SCMStateMachine.java:takeSnapshot(282)) - Current Snapshot Index 185, takeSnapshot took 0 ms
2021-05-31 14:17:09,225 [fc8d0b26-40fd-4e75-8432-30636972f5a2@group-A7AD55EE2C31-StateMachineUpdater] INFO  impl.StateMachineUpdater (StateMachineUpdater.java:takeSnapshot(281)) - fc8d0b26-40fd-4e75-8432-30636972f5a2@group-A7AD55EE2C31-StateMachineUpdater: Took a snapshot at index 185
2021-05-31 14:17:09,225 [fc8d0b26-40fd-4e75-8432-30636972f5a2@group-A7AD55EE2C31-StateMachineUpdater] INFO  impl.StateMachineUpdater (StateMachineUpdater.java:lambda$new$0(89)) - fc8d0b26-40fd-4e75-8432-30636972f5a2@group-A7AD55EE2C31-StateMachineUpdater: snapshotIndex: updateIncreasingly 180 -> 185
2021-05-31 14:17:09,225 [fc8d0b26-40fd-4e75-8432-30636972f5a2@group-A7AD55EE2C31-StateMachineUpdater] INFO  raftlog.RaftLog (RaftLogBase.java:purge(306)) - fc8d0b26-40fd-4e75-8432-30636972f5a2@group-A7AD55EE2C31-SegmentedRaftLog: purge 185
2021-05-31 14:17:09,225 [fc8d0b26-40fd-4e75-8432-30636972f5a2@group-A7AD55EE2C31-StateMachineUpdater] INFO  raftlog.RaftLog (RaftLogBase.java:lambda$new$0(53)) - fc8d0b26-40fd-4e75-8432-30636972f5a2@group-A7AD55EE2C31-SegmentedRaftLog: snapshotIndex: updateIncreasingly 180 -> 185
2021-05-31 14:17:09,225 [fc8d0b26-40fd-4e75-8432-30636972f5a2@group-A7AD55EE2C31-StateMachineUpdater] INFO  raftlog.RaftLog (RaftLogBase.java:lambda$new$0(53)) - fc8d0b26-40fd-4e75-8432-30636972f5a2@group-A7AD55EE2C31-SegmentedRaftLog: purgeIndex: updateToMax old=180, new=185, updated? true
2021-05-31 14:17:09,327 [Listener at 127.0.0.1/11372] INFO  ha.SCMHAInvocationHandler (SCMHAInvocationHandler.java:invokeRatis(113)) - Invoking method public abstract void org.apache.hadoop.hdds.scm.container.ContainerStateManagerV2.addContainer(org.apache.hadoop.hdds.protocol.proto.HddsProtos$ContainerInfoProto) throws java.io.IOException on target org.apache.hadoop.hdds.scm.ha.SCMRatisServerImpl@208eb941, cost 3730.465us
2021-05-31 14:17:09,432 [86c596a3-6f32-42a0-9237-c69d9bdf2958@group-A7AD55EE2C31-StateMachineUpdater] INFO  ha.SCMStateMachine (SCMStateMachine.java:takeSnapshot(282)) - Current Snapshot Index 189, takeSnapshot took 0 ms
2021-05-31 14:17:09,432 [86c596a3-6f32-42a0-9237-c69d9bdf2958@group-A7AD55EE2C31-StateMachineUpdater] INFO  impl.StateMachineUpdater (StateMachineUpdater.java:takeSnapshot(281)) - 86c596a3-6f32-42a0-9237-c69d9bdf2958@group-A7AD55EE2C31-StateMachineUpdater: Took a snapshot at index 189
2021-05-31 14:17:09,432 [86c596a3-6f32-42a0-9237-c69d9bdf2958@group-A7AD55EE2C31-StateMachineUpdater] INFO  impl.StateMachineUpdater (StateMachineUpdater.java:lambda$new$0(89)) - 86c596a3-6f32-42a0-9237-c69d9bdf2958@group-A7AD55EE2C31-StateMachineUpdater: snapshotIndex: updateIncreasingly 184 -> 189
2021-05-31 14:17:09,432 [86c596a3-6f32-42a0-9237-c69d9bdf2958@group-A7AD55EE2C31-StateMachineUpdater] INFO  raftlog.RaftLog (RaftLogBase.java:purge(306)) - 86c596a3-6f32-42a0-9237-c69d9bdf2958@group-A7AD55EE2C31-SegmentedRaftLog: purge 189
2021-05-31 14:17:09,432 [86c596a3-6f32-42a0-9237-c69d9bdf2958@group-A7AD55EE2C31-StateMachineUpdater] INFO  raftlog.RaftLog (RaftLogBase.java:lambda$new$0(53)) - 86c596a3-6f32-42a0-9237-c69d9bdf2958@group-A7AD55EE2C31-SegmentedRaftLog: snapshotIndex: updateIncreasingly 184 -> 189
2021-05-31 14:17:09,432 [86c596a3-6f32-42a0-9237-c69d9bdf2958@group-A7AD55EE2C31-StateMachineUpdater] INFO  raftlog.RaftLog (RaftLogBase.java:lambda$new$0(53)) - 86c596a3-6f32-42a0-9237-c69d9bdf2958@group-A7AD55EE2C31-SegmentedRaftLog: purgeIndex: updateToMax old=184, new=189, updated? true
2021-05-31 14:17:09,433 [Listener at 127.0.0.1/11372] INFO  ha.SCMHAInvocationHandler (SCMHAInvocationHandler.java:invokeRatis(113)) - Invoking method public abstract void org.apache.hadoop.hdds.scm.container.ContainerStateManagerV2.addContainer(org.apache.hadoop.hdds.protocol.proto.HddsProtos$ContainerInfoProto) throws java.io.IOException on target org.apache.hadoop.hdds.scm.ha.SCMRatisServerImpl@208eb941, cost 4621.381us
2021-05-31 14:17:09,536 [fc8d0b26-40fd-4e75-8432-30636972f5a2@group-A7AD55EE2C31-StateMachineUpdater] INFO  ha.SCMStateMachine (SCMStateMachine.java:takeSnapshot(282)) - Current Snapshot Index 190, takeSnapshot took 1 ms
2021-05-31 14:17:09,536 [fc8d0b26-40fd-4e75-8432-30636972f5a2@group-A7AD55EE2C31-StateMachineUpdater] INFO  impl.StateMachineUpdater (StateMachineUpdater.java:takeSnapshot(281)) - fc8d0b26-40fd-4e75-8432-30636972f5a2@group-A7AD55EE2C31-StateMachineUpdater: Took a snapshot at index 190
2021-05-31 14:17:09,536 [fc8d0b26-40fd-4e75-8432-30636972f5a2@group-A7AD55EE2C31-StateMachineUpdater] INFO  impl.StateMachineUpdater (StateMachineUpdater.java:lambda$new$0(89)) - fc8d0b26-40fd-4e75-8432-30636972f5a2@group-A7AD55EE2C31-StateMachineUpdater: snapshotIndex: updateIncreasingly 185 -> 190
2021-05-31 14:17:09,536 [fc8d0b26-40fd-4e75-8432-30636972f5a2@group-A7AD55EE2C31-StateMachineUpdater] INFO  raftlog.RaftLog (RaftLogBase.java:purge(306)) - fc8d0b26-40fd-4e75-8432-30636972f5a2@group-A7AD55EE2C31-SegmentedRaftLog: purge 190
2021-05-31 14:17:09,536 [fc8d0b26-40fd-4e75-8432-30636972f5a2@group-A7AD55EE2C31-StateMachineUpdater] INFO  raftlog.RaftLog (RaftLogBase.java:lambda$new$0(53)) - fc8d0b26-40fd-4e75-8432-30636972f5a2@group-A7AD55EE2C31-SegmentedRaftLog: snapshotIndex: updateIncreasingly 185 -> 190
2021-05-31 14:17:09,536 [fc8d0b26-40fd-4e75-8432-30636972f5a2@group-A7AD55EE2C31-StateMachineUpdater] INFO  raftlog.RaftLog (RaftLogBase.java:lambda$new$0(53)) - fc8d0b26-40fd-4e75-8432-30636972f5a2@group-A7AD55EE2C31-SegmentedRaftLog: purgeIndex: updateToMax old=185, new=190, updated? true
2021-05-31 14:17:09,538 [Listener at 127.0.0.1/11372] INFO  ha.SCMHAInvocationHandler (SCMHAInvocationHandler.java:invokeRatis(113)) - Invoking method public abstract void org.apache.hadoop.hdds.scm.container.ContainerStateManagerV2.addContainer(org.apache.hadoop.hdds.protocol.proto.HddsProtos$ContainerInfoProto) throws java.io.IOException on target org.apache.hadoop.hdds.scm.ha.SCMRatisServerImpl@208eb941, cost 4482.678us
2021-05-31 14:17:09,642 [Listener at 127.0.0.1/11372] INFO  ha.SCMHAInvocationHandler (SCMHAInvocationHandler.java:invokeRatis(113)) - Invoking method public abstract void org.apache.hadoop.hdds.scm.container.ContainerStateManagerV2.addContainer(org.apache.hadoop.hdds.protocol.proto.HddsProtos$ContainerInfoProto) throws java.io.IOException on target org.apache.hadoop.hdds.scm.ha.SCMRatisServerImpl@208eb941, cost 3367.258us
2021-05-31 14:17:09,644 [86c596a3-6f32-42a0-9237-c69d9bdf2958@group-A7AD55EE2C31-StateMachineUpdater] INFO  ha.SCMStateMachine (SCMStateMachine.java:takeSnapshot(282)) - Current Snapshot Index 194, takeSnapshot took 0 ms
2021-05-31 14:17:09,644 [86c596a3-6f32-42a0-9237-c69d9bdf2958@group-A7AD55EE2C31-StateMachineUpdater] INFO  impl.StateMachineUpdater (StateMachineUpdater.java:takeSnapshot(281)) - 86c596a3-6f32-42a0-9237-c69d9bdf2958@group-A7AD55EE2C31-StateMachineUpdater: Took a snapshot at index 194
2021-05-31 14:17:09,644 [86c596a3-6f32-42a0-9237-c69d9bdf2958@group-A7AD55EE2C31-StateMachineUpdater] INFO  impl.StateMachineUpdater (StateMachineUpdater.java:lambda$new$0(89)) - 86c596a3-6f32-42a0-9237-c69d9bdf2958@group-A7AD55EE2C31-StateMachineUpdater: snapshotIndex: updateIncreasingly 189 -> 194
2021-05-31 14:17:09,644 [86c596a3-6f32-42a0-9237-c69d9bdf2958@group-A7AD55EE2C31-StateMachineUpdater] INFO  raftlog.RaftLog (RaftLogBase.java:purge(306)) - 86c596a3-6f32-42a0-9237-c69d9bdf2958@group-A7AD55EE2C31-SegmentedRaftLog: purge 194
2021-05-31 14:17:09,644 [86c596a3-6f32-42a0-9237-c69d9bdf2958@group-A7AD55EE2C31-StateMachineUpdater] INFO  raftlog.RaftLog (RaftLogBase.java:lambda$new$0(53)) - 86c596a3-6f32-42a0-9237-c69d9bdf2958@group-A7AD55EE2C31-SegmentedRaftLog: snapshotIndex: updateIncreasingly 189 -> 194
2021-05-31 14:17:09,644 [86c596a3-6f32-42a0-9237-c69d9bdf2958@group-A7AD55EE2C31-StateMachineUpdater] INFO  raftlog.RaftLog (RaftLogBase.java:lambda$new$0(53)) - 86c596a3-6f32-42a0-9237-c69d9bdf2958@group-A7AD55EE2C31-SegmentedRaftLog: purgeIndex: updateToMax old=189, new=194, updated? true
2021-05-31 14:17:09,747 [Listener at 127.0.0.1/11372] INFO  ha.SCMHAInvocationHandler (SCMHAInvocationHandler.java:invokeRatis(113)) - Invoking method public abstract void org.apache.hadoop.hdds.scm.container.ContainerStateManagerV2.addContainer(org.apache.hadoop.hdds.protocol.proto.HddsProtos$ContainerInfoProto) throws java.io.IOException on target org.apache.hadoop.hdds.scm.ha.SCMRatisServerImpl@208eb941, cost 4694.982us
2021-05-31 14:17:09,750 [fc8d0b26-40fd-4e75-8432-30636972f5a2@group-A7AD55EE2C31-StateMachineUpdater] INFO  ha.SCMStateMachine (SCMStateMachine.java:takeSnapshot(282)) - Current Snapshot Index 195, takeSnapshot took 0 ms
2021-05-31 14:17:09,750 [fc8d0b26-40fd-4e75-8432-30636972f5a2@group-A7AD55EE2C31-StateMachineUpdater] INFO  impl.StateMachineUpdater (StateMachineUpdater.java:takeSnapshot(281)) - fc8d0b26-40fd-4e75-8432-30636972f5a2@group-A7AD55EE2C31-StateMachineUpdater: Took a snapshot at index 195
2021-05-31 14:17:09,750 [fc8d0b26-40fd-4e75-8432-30636972f5a2@group-A7AD55EE2C31-StateMachineUpdater] INFO  impl.StateMachineUpdater (StateMachineUpdater.java:lambda$new$0(89)) - fc8d0b26-40fd-4e75-8432-30636972f5a2@group-A7AD55EE2C31-StateMachineUpdater: snapshotIndex: updateIncreasingly 190 -> 195
2021-05-31 14:17:09,750 [fc8d0b26-40fd-4e75-8432-30636972f5a2@group-A7AD55EE2C31-StateMachineUpdater] INFO  raftlog.RaftLog (RaftLogBase.java:purge(306)) - fc8d0b26-40fd-4e75-8432-30636972f5a2@group-A7AD55EE2C31-SegmentedRaftLog: purge 195
2021-05-31 14:17:09,750 [fc8d0b26-40fd-4e75-8432-30636972f5a2@group-A7AD55EE2C31-StateMachineUpdater] INFO  raftlog.RaftLog (RaftLogBase.java:lambda$new$0(53)) - fc8d0b26-40fd-4e75-8432-30636972f5a2@group-A7AD55EE2C31-SegmentedRaftLog: snapshotIndex: updateIncreasingly 190 -> 195
2021-05-31 14:17:09,750 [fc8d0b26-40fd-4e75-8432-30636972f5a2@group-A7AD55EE2C31-StateMachineUpdater] INFO  raftlog.RaftLog (RaftLogBase.java:lambda$new$0(53)) - fc8d0b26-40fd-4e75-8432-30636972f5a2@group-A7AD55EE2C31-SegmentedRaftLog: purgeIndex: updateToMax old=190, new=195, updated? true
2021-05-31 14:17:09,851 [Listener at 127.0.0.1/11372] INFO  ha.SCMHAInvocationHandler (SCMHAInvocationHandler.java:invokeRatis(113)) - Invoking method public abstract void org.apache.hadoop.hdds.scm.container.ContainerStateManagerV2.addContainer(org.apache.hadoop.hdds.protocol.proto.HddsProtos$ContainerInfoProto) throws java.io.IOException on target org.apache.hadoop.hdds.scm.ha.SCMRatisServerImpl@208eb941, cost 3591.963us
2021-05-31 14:17:09,956 [86c596a3-6f32-42a0-9237-c69d9bdf2958@group-A7AD55EE2C31-StateMachineUpdater] INFO  ha.SCMStateMachine (SCMStateMachine.java:takeSnapshot(282)) - Current Snapshot Index 199, takeSnapshot took 0 ms
2021-05-31 14:17:09,956 [86c596a3-6f32-42a0-9237-c69d9bdf2958@group-A7AD55EE2C31-StateMachineUpdater] INFO  impl.StateMachineUpdater (StateMachineUpdater.java:takeSnapshot(281)) - 86c596a3-6f32-42a0-9237-c69d9bdf2958@group-A7AD55EE2C31-StateMachineUpdater: Took a snapshot at index 199
2021-05-31 14:17:09,956 [86c596a3-6f32-42a0-9237-c69d9bdf2958@group-A7AD55EE2C31-StateMachineUpdater] INFO  impl.StateMachineUpdater (StateMachineUpdater.java:lambda$new$0(89)) - 86c596a3-6f32-42a0-9237-c69d9bdf2958@group-A7AD55EE2C31-StateMachineUpdater: snapshotIndex: updateIncreasingly 194 -> 199
2021-05-31 14:17:09,956 [86c596a3-6f32-42a0-9237-c69d9bdf2958@group-A7AD55EE2C31-StateMachineUpdater] INFO  raftlog.RaftLog (RaftLogBase.java:purge(306)) - 86c596a3-6f32-42a0-9237-c69d9bdf2958@group-A7AD55EE2C31-SegmentedRaftLog: purge 199
2021-05-31 14:17:09,956 [86c596a3-6f32-42a0-9237-c69d9bdf2958@group-A7AD55EE2C31-StateMachineUpdater] INFO  raftlog.RaftLog (RaftLogBase.java:lambda$new$0(53)) - 86c596a3-6f32-42a0-9237-c69d9bdf2958@group-A7AD55EE2C31-SegmentedRaftLog: snapshotIndex: updateIncreasingly 194 -> 199
2021-05-31 14:17:09,956 [86c596a3-6f32-42a0-9237-c69d9bdf2958@group-A7AD55EE2C31-StateMachineUpdater] INFO  raftlog.RaftLog (RaftLogBase.java:lambda$new$0(53)) - 86c596a3-6f32-42a0-9237-c69d9bdf2958@group-A7AD55EE2C31-SegmentedRaftLog: purgeIndex: updateToMax old=194, new=199, updated? true
2021-05-31 14:17:09,956 [Listener at 127.0.0.1/11372] INFO  ha.SCMHAInvocationHandler (SCMHAInvocationHandler.java:invokeRatis(113)) - Invoking method public abstract void org.apache.hadoop.hdds.scm.container.ContainerStateManagerV2.addContainer(org.apache.hadoop.hdds.protocol.proto.HddsProtos$ContainerInfoProto) throws java.io.IOException on target org.apache.hadoop.hdds.scm.ha.SCMRatisServerImpl@208eb941, cost 4218.474us
2021-05-31 14:17:10,059 [fc8d0b26-40fd-4e75-8432-30636972f5a2@group-A7AD55EE2C31-StateMachineUpdater] INFO  ha.SCMStateMachine (SCMStateMachine.java:takeSnapshot(282)) - Current Snapshot Index 200, takeSnapshot took 0 ms
2021-05-31 14:17:10,059 [fc8d0b26-40fd-4e75-8432-30636972f5a2@group-A7AD55EE2C31-StateMachineUpdater] INFO  impl.StateMachineUpdater (StateMachineUpdater.java:takeSnapshot(281)) - fc8d0b26-40fd-4e75-8432-30636972f5a2@group-A7AD55EE2C31-StateMachineUpdater: Took a snapshot at index 200
2021-05-31 14:17:10,059 [fc8d0b26-40fd-4e75-8432-30636972f5a2@group-A7AD55EE2C31-StateMachineUpdater] INFO  impl.StateMachineUpdater (StateMachineUpdater.java:lambda$new$0(89)) - fc8d0b26-40fd-4e75-8432-30636972f5a2@group-A7AD55EE2C31-StateMachineUpdater: snapshotIndex: updateIncreasingly 195 -> 200
2021-05-31 14:17:10,059 [fc8d0b26-40fd-4e75-8432-30636972f5a2@group-A7AD55EE2C31-StateMachineUpdater] INFO  raftlog.RaftLog (RaftLogBase.java:purge(306)) - fc8d0b26-40fd-4e75-8432-30636972f5a2@group-A7AD55EE2C31-SegmentedRaftLog: purge 200
2021-05-31 14:17:10,059 [fc8d0b26-40fd-4e75-8432-30636972f5a2@group-A7AD55EE2C31-StateMachineUpdater] INFO  raftlog.RaftLog (RaftLogBase.java:lambda$new$0(53)) - fc8d0b26-40fd-4e75-8432-30636972f5a2@group-A7AD55EE2C31-SegmentedRaftLog: snapshotIndex: updateIncreasingly 195 -> 200
2021-05-31 14:17:10,059 [fc8d0b26-40fd-4e75-8432-30636972f5a2@group-A7AD55EE2C31-StateMachineUpdater] INFO  raftlog.RaftLog (RaftLogBase.java:lambda$new$0(53)) - fc8d0b26-40fd-4e75-8432-30636972f5a2@group-A7AD55EE2C31-SegmentedRaftLog: purgeIndex: updateToMax old=195, new=200, updated? true
2021-05-31 14:17:10,060 [Listener at 127.0.0.1/11372] INFO  ha.SCMHAInvocationHandler (SCMHAInvocationHandler.java:invokeRatis(113)) - Invoking method public abstract void org.apache.hadoop.hdds.scm.container.ContainerStateManagerV2.addContainer(org.apache.hadoop.hdds.protocol.proto.HddsProtos$ContainerInfoProto) throws java.io.IOException on target org.apache.hadoop.hdds.scm.ha.SCMRatisServerImpl@208eb941, cost 3742.165us
2021-05-31 14:17:10,161 [Listener at 127.0.0.1/11372] INFO  server.StorageContainerManager (StorageContainerManager.java:start(1200)) - StorageContainerLocationProtocol RPC server is listening at /0.0.0.0:14183
2021-05-31 14:17:10,162 [Listener at 127.0.0.1/11372] INFO  ha.SCMRatisServerImpl (SCMRatisServerImpl.java:start(171)) - starting ratis server 0.0.0.0:14180
2021-05-31 14:17:10,162 [Listener at 127.0.0.1/11372] INFO  server.RaftServer$Division (RaftServerImpl.java:start(298)) - ea6a4452-19f2-47d1-a527-84367a76343d@group-A7AD55EE2C31: start with initializing state, conf=-1: [], old=null
2021-05-31 14:17:10,162 [Listener at 127.0.0.1/11372] INFO  server.RaftServer$Division (RaftServerImpl.java:setRole(284)) - ea6a4452-19f2-47d1-a527-84367a76343d@group-A7AD55EE2C31: changes role from      null to FOLLOWER at term 0 for startInitializing
2021-05-31 14:17:10,162 [Listener at 127.0.0.1/11372] INFO  util.JmxRegister (JmxRegister.java:tryRegister(44)) - Successfully registered JMX Bean with object name Ratis:service=RaftServer,group=group-A7AD55EE2C31,id=ea6a4452-19f2-47d1-a527-84367a76343d
2021-05-31 14:17:10,163 [Listener at 127.0.0.1/11372] INFO  metrics.RatisMetrics (RatisMetrics.java:lambda$create$0(36)) - Creating Metrics Registry : ratis.state_machine.ea6a4452-19f2-47d1-a527-84367a76343d@group-A7AD55EE2C31
2021-05-31 14:17:10,164 [Listener at 127.0.0.1/11372] INFO  server.RaftServer (RaftServerProxy.java:lambda$start$5(374)) - ea6a4452-19f2-47d1-a527-84367a76343d: start RPC server
2021-05-31 14:17:10,165 [Listener at 127.0.0.1/11372] INFO  server.GrpcService (GrpcService.java:startImpl(253)) - ea6a4452-19f2-47d1-a527-84367a76343d: GrpcService started, listening on 14180
2021-05-31 14:17:10,166 [org.apache.ratis.util.JvmPauseMonitor$$Lambda$493/1767532961@16ea544e] INFO  util.JvmPauseMonitor (JvmPauseMonitor.java:run(103)) - JvmPauseMonitor-ea6a4452-19f2-47d1-a527-84367a76343d: Started
2021-05-31 14:17:10,166 [Listener at 127.0.0.1/11372] INFO  ha.SCMNodeInfo (SCMNodeInfo.java:getPort(197)) - ConfigKey ozone.scm.client.address is deprecated, For configuring different ports for each SCM use PortConfigKey ozone.scm.client.port appended with serviceId and nodeId
2021-05-31 14:17:10,166 [Listener at 127.0.0.1/11372] INFO  ha.SCMNodeInfo (SCMNodeInfo.java:getPort(197)) - ConfigKey ozone.scm.block.client.address is deprecated, For configuring different ports for each SCM use PortConfigKey ozone.scm.block.client.port appended with serviceId and nodeId
2021-05-31 14:17:10,167 [Listener at 127.0.0.1/11372] INFO  ha.SCMNodeInfo (SCMNodeInfo.java:getPort(197)) - ConfigKey ozone.scm.datanode.address is deprecated, For configuring different ports for each SCM use PortConfigKey ozone.scm.datanode.port appended with serviceId and nodeId
2021-05-31 14:17:10,167 [Listener at 127.0.0.1/11372] INFO  ha.SCMNodeInfo (SCMNodeInfo.java:getPort(197)) - ConfigKey ozone.scm.client.address is deprecated, For configuring different ports for each SCM use PortConfigKey ozone.scm.client.port appended with serviceId and nodeId
2021-05-31 14:17:10,167 [Listener at 127.0.0.1/11372] INFO  ha.SCMNodeInfo (SCMNodeInfo.java:getPort(197)) - ConfigKey ozone.scm.block.client.address is deprecated, For configuring different ports for each SCM use PortConfigKey ozone.scm.block.client.port appended with serviceId and nodeId
2021-05-31 14:17:10,167 [Listener at 127.0.0.1/11372] INFO  ha.SCMNodeInfo (SCMNodeInfo.java:getPort(197)) - ConfigKey ozone.scm.datanode.address is deprecated, For configuring different ports for each SCM use PortConfigKey ozone.scm.datanode.port appended with serviceId and nodeId
2021-05-31 14:17:10,167 [Listener at 127.0.0.1/11372] INFO  ha.SCMNodeInfo (SCMNodeInfo.java:getPort(197)) - ConfigKey ozone.scm.client.address is deprecated, For configuring different ports for each SCM use PortConfigKey ozone.scm.client.port appended with serviceId and nodeId
2021-05-31 14:17:10,167 [Listener at 127.0.0.1/11372] INFO  ha.SCMNodeInfo (SCMNodeInfo.java:getPort(197)) - ConfigKey ozone.scm.block.client.address is deprecated, For configuring different ports for each SCM use PortConfigKey ozone.scm.block.client.port appended with serviceId and nodeId
2021-05-31 14:17:10,167 [Listener at 127.0.0.1/11372] INFO  ha.SCMNodeInfo (SCMNodeInfo.java:getPort(197)) - ConfigKey ozone.scm.datanode.address is deprecated, For configuring different ports for each SCM use PortConfigKey ozone.scm.datanode.port appended with serviceId and nodeId
2021-05-31 14:17:10,172 [IPC Server handler 3 on default port 14162] INFO  ha.SCMRatisServerImpl (SCMRatisServerImpl.java:addSCM(282)) - 86c596a3-6f32-42a0-9237-c69d9bdf2958: Submitting SetConfiguration request to Ratis server with new SCM peers list: [86c596a3-6f32-42a0-9237-c69d9bdf2958|rpc:localhost:14160|admin:|client:|dataStream:|priority:0, fc8d0b26-40fd-4e75-8432-30636972f5a2|rpc:localhost:14170|priority:0, ea6a4452-19f2-47d1-a527-84367a76343d|rpc:localhost:14180|priority:0]
2021-05-31 14:17:10,172 [IPC Server handler 3 on default port 14162] INFO  server.RaftServer$Division (RaftServerImpl.java:setConfigurationAsync(970)) - 86c596a3-6f32-42a0-9237-c69d9bdf2958@group-A7AD55EE2C31: receive setConfiguration SetConfigurationRequest:client-EDBDB6DF57BB->86c596a3-6f32-42a0-9237-c69d9bdf2958@group-A7AD55EE2C31, cid=99, seq=0, RW, null, peers:[86c596a3-6f32-42a0-9237-c69d9bdf2958|rpc:localhost:14160|admin:|client:|dataStream:|priority:0, fc8d0b26-40fd-4e75-8432-30636972f5a2|rpc:localhost:14170|priority:0, ea6a4452-19f2-47d1-a527-84367a76343d|rpc:localhost:14180|priority:0]
2021-05-31 14:17:10,172 [IPC Server handler 3 on default port 14162] INFO  server.RaftServer$Division (LeaderStateImpl.java:startSetConfiguration(345)) - 86c596a3-6f32-42a0-9237-c69d9bdf2958@group-A7AD55EE2C31-LeaderStateImpl: startSetConfiguration SetConfigurationRequest:client-EDBDB6DF57BB->86c596a3-6f32-42a0-9237-c69d9bdf2958@group-A7AD55EE2C31, cid=99, seq=0, RW, null, peers:[86c596a3-6f32-42a0-9237-c69d9bdf2958|rpc:localhost:14160|admin:|client:|dataStream:|priority:0, fc8d0b26-40fd-4e75-8432-30636972f5a2|rpc:localhost:14170|priority:0, ea6a4452-19f2-47d1-a527-84367a76343d|rpc:localhost:14180|priority:0]
2021-05-31 14:17:10,172 [IPC Server handler 3 on default port 14162] INFO  server.RaftServerConfigKeys (ConfUtils.java:logGet(44)) - raft.server.log.appender.snapshot.chunk.size.max = 16MB (=16777216) (default)
2021-05-31 14:17:10,172 [IPC Server handler 3 on default port 14162] INFO  server.RaftServerConfigKeys (ConfUtils.java:logGet(44)) - raft.server.log.appender.buffer.byte-limit = 33554432 (custom)
2021-05-31 14:17:10,172 [IPC Server handler 3 on default port 14162] INFO  server.RaftServerConfigKeys (ConfUtils.java:logGet(44)) - raft.server.log.appender.buffer.element-limit = 33554432 (custom)
2021-05-31 14:17:10,257 [IPC Server handler 3 on default port 14162] INFO  grpc.GrpcConfigKeys (ConfUtils.java:logGet(44)) - raft.grpc.server.leader.outstanding.appends.max = 128 (default)
2021-05-31 14:17:10,257 [IPC Server handler 3 on default port 14162] INFO  server.RaftServerConfigKeys (ConfUtils.java:logGet(44)) - raft.server.rpc.request.timeout = 3000ms (default)
2021-05-31 14:17:10,257 [IPC Server handler 3 on default port 14162] INFO  server.RaftServerConfigKeys (ConfUtils.java:logGet(44)) - raft.server.log.appender.install.snapshot.enabled = false (custom)
2021-05-31 14:17:10,258 [86c596a3-6f32-42a0-9237-c69d9bdf2958@group-A7AD55EE2C31->ea6a4452-19f2-47d1-a527-84367a76343d-GrpcLogAppender-LogAppenderDaemon] INFO  server.GrpcLogAppender (GrpcLogAppender.java:installSnapshot(524)) - 86c596a3-6f32-42a0-9237-c69d9bdf2958@group-A7AD55EE2C31->ea6a4452-19f2-47d1-a527-84367a76343d-GrpcLogAppender: followerNextIndex = 0 but logStartIndex = 105, notify follower to install snapshot-(t:2, i:105)
2021-05-31 14:17:10,265 [86c596a3-6f32-42a0-9237-c69d9bdf2958@group-A7AD55EE2C31->ea6a4452-19f2-47d1-a527-84367a76343d-GrpcLogAppender-LogAppenderDaemon] INFO  server.GrpcLogAppender (GrpcLogAppender.java:installSnapshot(532)) - 86c596a3-6f32-42a0-9237-c69d9bdf2958@group-A7AD55EE2C31->ea6a4452-19f2-47d1-a527-84367a76343d-GrpcLogAppender: send 86c596a3-6f32-42a0-9237-c69d9bdf2958->ea6a4452-19f2-47d1-a527-84367a76343d#0-t2,notify:(t:2, i:105)
2021-05-31 14:17:10,271 [grpc-default-executor-2] INFO  metrics.RatisMetrics (RatisMetrics.java:lambda$create$0(36)) - Creating Metrics Registry : ratis.server_message_metrics.ea6a4452-19f2-47d1-a527-84367a76343d
2021-05-31 14:17:10,273 [grpc-default-executor-2] INFO  server.RaftServer$Division (RaftServerImpl.java:installSnapshot(1328)) - ea6a4452-19f2-47d1-a527-84367a76343d@group-A7AD55EE2C31: receive installSnapshot: 86c596a3-6f32-42a0-9237-c69d9bdf2958->ea6a4452-19f2-47d1-a527-84367a76343d#0-t2,notify:(t:2, i:105)
2021-05-31 14:17:10,275 [grpc-default-executor-2] INFO  ha.SCMStateMachine (SCMStateMachine.java:notifyLeaderChanged(233)) - leader changed, yet current SCM is still follower.
2021-05-31 14:17:10,275 [grpc-default-executor-2] INFO  server.RaftServer$Division (ServerState.java:setLeader(271)) - ea6a4452-19f2-47d1-a527-84367a76343d@group-A7AD55EE2C31: change Leader from null to 86c596a3-6f32-42a0-9237-c69d9bdf2958 at term 2 for installSnapshot, leader elected after 44315ms
2021-05-31 14:17:10,277 [grpc-default-executor-2] INFO  server.RaftServer$Division (RaftServerImpl.java:notifyStateMachineToInstallSnapshot(1580)) - ea6a4452-19f2-47d1-a527-84367a76343d@group-A7AD55EE2C31: notifyInstallSnapshot: nextIndex is 0 but the leader's first available index is 105.
2021-05-31 14:17:10,277 [grpc-default-executor-2] INFO  ha.SCMStateMachine (SCMStateMachine.java:notifyInstallSnapshotFromLeader(201)) - Received install snapshot notification from SCM leader: localhost:14160 with term index: (t:2, i:105)
2021-05-31 14:17:10,278 [pool-55-thread-1] INFO  ha.SCMHAManagerImpl (SCMHAManagerImpl.java:getDBCheckpointFromLeader(206)) - Downloading checkpoint from leader SCM scmNode-1 and reloading state from the checkpoint.
2021-05-31 14:17:10,304 [grpc-default-executor-1] INFO  ha.SCMDBCheckpointProvider (SCMDBCheckpointProvider.java:writeDBCheckPointToSream(46)) - Received request to obtain SCM DB checkpoint snapshot
2021-05-31 14:17:10,322 [grpc-default-executor-1] INFO  db.RDBCheckpointManager (RDBCheckpointManager.java:createCheckpoint(86)) - Created checkpoint at /home/runner/work/ozone/ozone/mnt/ozone/hadoop-ozone/integration-test/target/test-dir/MiniOzoneClusterImpl-54085720-bde5-45d4-8ce8-a7ad55ee2c31/scmNode-1/db.checkpoints/scm.db_checkpoint_1622470630304 in 17 milliseconds
2021-05-31 14:17:10,346 [grpc-default-executor-2] INFO  server.RaftServer$Division (RaftServerImpl.java:installSnapshotImpl(1458)) - ea6a4452-19f2-47d1-a527-84367a76343d@group-A7AD55EE2C31: set new configuration index: 5
configurationEntry {
  peers {
    id: "86c596a3-6f32-42a0-9237-c69d9bdf2958"
    address: "localhost:14160"
  }
  peers {
    id: "fc8d0b26-40fd-4e75-8432-30636972f5a2"
    address: "localhost:14170"
  }
}
 from snapshot
2021-05-31 14:17:10,348 [grpc-default-executor-2] INFO  server.RaftServer$Division (ServerState.java:setRaftConf(373)) - ea6a4452-19f2-47d1-a527-84367a76343d@group-A7AD55EE2C31: set configuration 5: [86c596a3-6f32-42a0-9237-c69d9bdf2958|rpc:localhost:14160|admin:|client:|dataStream:|priority:0, fc8d0b26-40fd-4e75-8432-30636972f5a2|rpc:localhost:14170|admin:|client:|dataStream:|priority:0], old=null
2021-05-31 14:17:10,349 [grpc-default-executor-2] INFO  server.RaftServer$Division (RaftServerImpl.java:installSnapshot(1339)) - ea6a4452-19f2-47d1-a527-84367a76343d@group-A7AD55EE2C31: reply installSnapshot: 86c596a3-6f32-42a0-9237-c69d9bdf2958<-ea6a4452-19f2-47d1-a527-84367a76343d#0:FAIL-t0,IN_PROGRESS
2021-05-31 14:17:10,350 [grpc-default-executor-2] INFO  server.GrpcServerProtocolService (GrpcServerProtocolService.java:onCompleted(140)) - ea6a4452-19f2-47d1-a527-84367a76343d: Completed INSTALL_SNAPSHOT, lastRequest: 86c596a3-6f32-42a0-9237-c69d9bdf2958->ea6a4452-19f2-47d1-a527-84367a76343d#0-t2,notify:(t:2, i:105)
2021-05-31 14:17:10,353 [grpc-default-executor-3] INFO  server.GrpcLogAppender (GrpcLogAppender.java:onNext(400)) - 86c596a3-6f32-42a0-9237-c69d9bdf2958@group-A7AD55EE2C31->ea6a4452-19f2-47d1-a527-84367a76343d-InstallSnapshotResponseHandler: received the first reply 86c596a3-6f32-42a0-9237-c69d9bdf2958<-ea6a4452-19f2-47d1-a527-84367a76343d#0:FAIL-t0,IN_PROGRESS
2021-05-31 14:17:10,354 [grpc-default-executor-3] INFO  server.GrpcLogAppender (GrpcLogAppender.java:onNext(417)) - 86c596a3-6f32-42a0-9237-c69d9bdf2958@group-A7AD55EE2C31->ea6a4452-19f2-47d1-a527-84367a76343d-InstallSnapshotResponseHandler: InstallSnapshot in progress.
2021-05-31 14:17:10,355 [86c596a3-6f32-42a0-9237-c69d9bdf2958@group-A7AD55EE2C31->ea6a4452-19f2-47d1-a527-84367a76343d-GrpcLogAppender-LogAppenderDaemon] INFO  server.GrpcLogAppender (GrpcLogAppender.java:installSnapshot(524)) - 86c596a3-6f32-42a0-9237-c69d9bdf2958@group-A7AD55EE2C31->ea6a4452-19f2-47d1-a527-84367a76343d-GrpcLogAppender: followerNextIndex = 0 but logStartIndex = 105, notify follower to install snapshot-(t:2, i:105)
2021-05-31 14:17:10,356 [86c596a3-6f32-42a0-9237-c69d9bdf2958@group-A7AD55EE2C31->ea6a4452-19f2-47d1-a527-84367a76343d-GrpcLogAppender-LogAppenderDaemon] INFO  server.GrpcLogAppender (GrpcLogAppender.java:installSnapshot(532)) - 86c596a3-6f32-42a0-9237-c69d9bdf2958@group-A7AD55EE2C31->ea6a4452-19f2-47d1-a527-84367a76343d-GrpcLogAppender: send 86c596a3-6f32-42a0-9237-c69d9bdf2958->ea6a4452-19f2-47d1-a527-84367a76343d#0-t2,notify:(t:2, i:105)
2021-05-31 14:17:10,356 [e4951dd4-f4df-4d2e-bd67-fe61550133c1@group-914A9C454EC2-FollowerState] INFO  impl.FollowerState (FollowerState.java:run(134)) - e4951dd4-f4df-4d2e-bd67-fe61550133c1@group-914A9C454EC2-FollowerState: change to CANDIDATE, lastRpcElapsedTime:5030043727ns, electionTimeout:5029ms
2021-05-31 14:17:10,356 [e4951dd4-f4df-4d2e-bd67-fe61550133c1@group-914A9C454EC2-FollowerState] INFO  impl.RoleInfo (RoleInfo.java:shutdownFollowerState(108)) - e4951dd4-f4df-4d2e-bd67-fe61550133c1: shutdown e4951dd4-f4df-4d2e-bd67-fe61550133c1@group-914A9C454EC2-FollowerState
2021-05-31 14:17:10,356 [e4951dd4-f4df-4d2e-bd67-fe61550133c1@group-914A9C454EC2-FollowerState] INFO  server.RaftServer$Division (RaftServerImpl.java:setRole(284)) - e4951dd4-f4df-4d2e-bd67-fe61550133c1@group-914A9C454EC2: changes role from  FOLLOWER to CANDIDATE at term 6 for changeToCandidate
2021-05-31 14:17:10,357 [e4951dd4-f4df-4d2e-bd67-fe61550133c1@group-914A9C454EC2-FollowerState] INFO  server.RaftServerConfigKeys (ConfUtils.java:logGet(44)) - raft.server.leaderelection.pre-vote = false (custom)
2021-05-31 14:17:10,357 [e4951dd4-f4df-4d2e-bd67-fe61550133c1@group-914A9C454EC2-FollowerState] INFO  impl.RoleInfo (RoleInfo.java:updateAndGet(130)) - e4951dd4-f4df-4d2e-bd67-fe61550133c1: start e4951dd4-f4df-4d2e-bd67-fe61550133c1@group-914A9C454EC2-LeaderElection19
2021-05-31 14:17:10,360 [grpc-default-executor-0] INFO  server.RaftServer$Division (RaftServerImpl.java:installSnapshot(1328)) - ea6a4452-19f2-47d1-a527-84367a76343d@group-A7AD55EE2C31: receive installSnapshot: 86c596a3-6f32-42a0-9237-c69d9bdf2958->ea6a4452-19f2-47d1-a527-84367a76343d#0-t2,notify:(t:2, i:105)
2021-05-31 14:17:10,364 [grpc-default-executor-0] INFO  server.RaftServer$Division (RaftServerImpl.java:notifyStateMachineToInstallSnapshot(1610)) - ea6a4452-19f2-47d1-a527-84367a76343d@group-A7AD55EE2C31: Snapshot Installation by StateMachine is in progress.
2021-05-31 14:17:10,364 [grpc-default-executor-0] INFO  server.RaftServer$Division (RaftServerImpl.java:installSnapshotImpl(1458)) - ea6a4452-19f2-47d1-a527-84367a76343d@group-A7AD55EE2C31: set new configuration index: 5
configurationEntry {
  peers {
    id: "86c596a3-6f32-42a0-9237-c69d9bdf2958"
    address: "localhost:14160"
  }
  peers {
    id: "fc8d0b26-40fd-4e75-8432-30636972f5a2"
    address: "localhost:14170"
  }
}
 from snapshot
2021-05-31 14:17:10,364 [grpc-default-executor-0] INFO  server.RaftServer$Division (ServerState.java:setRaftConf(373)) - ea6a4452-19f2-47d1-a527-84367a76343d@group-A7AD55EE2C31: set configuration 5: [86c596a3-6f32-42a0-9237-c69d9bdf2958|rpc:localhost:14160|admin:|client:|dataStream:|priority:0, fc8d0b26-40fd-4e75-8432-30636972f5a2|rpc:localhost:14170|admin:|client:|dataStream:|priority:0], old=null
2021-05-31 14:17:10,364 [grpc-default-executor-0] INFO  server.RaftServer$Division (RaftServerImpl.java:installSnapshot(1339)) - ea6a4452-19f2-47d1-a527-84367a76343d@group-A7AD55EE2C31: reply installSnapshot: 86c596a3-6f32-42a0-9237-c69d9bdf2958<-ea6a4452-19f2-47d1-a527-84367a76343d#0:FAIL-t2,IN_PROGRESS
2021-05-31 14:17:10,365 [grpc-default-executor-0] INFO  server.GrpcServerProtocolService (GrpcServerProtocolService.java:onCompleted(140)) - ea6a4452-19f2-47d1-a527-84367a76343d: Completed INSTALL_SNAPSHOT, lastRequest: 86c596a3-6f32-42a0-9237-c69d9bdf2958->ea6a4452-19f2-47d1-a527-84367a76343d#0-t2,notify:(t:2, i:105)
2021-05-31 14:17:10,365 [grpc-default-executor-0] INFO  server.GrpcLogAppender (GrpcLogAppender.java:onNext(400)) - 86c596a3-6f32-42a0-9237-c69d9bdf2958@group-A7AD55EE2C31->ea6a4452-19f2-47d1-a527-84367a76343d-InstallSnapshotResponseHandler: received a reply 86c596a3-6f32-42a0-9237-c69d9bdf2958<-ea6a4452-19f2-47d1-a527-84367a76343d#0:FAIL-t2,IN_PROGRESS
2021-05-31 14:17:10,365 [grpc-default-executor-0] INFO  server.GrpcLogAppender (GrpcLogAppender.java:onNext(417)) - 86c596a3-6f32-42a0-9237-c69d9bdf2958@group-A7AD55EE2C31->ea6a4452-19f2-47d1-a527-84367a76343d-InstallSnapshotResponseHandler: InstallSnapshot in progress.
2021-05-31 14:17:10,366 [86c596a3-6f32-42a0-9237-c69d9bdf2958@group-A7AD55EE2C31->ea6a4452-19f2-47d1-a527-84367a76343d-GrpcLogAppender-LogAppenderDaemon] INFO  server.GrpcLogAppender (GrpcLogAppender.java:installSnapshot(524)) - 86c596a3-6f32-42a0-9237-c69d9bdf2958@group-A7AD55EE2C31->ea6a4452-19f2-47d1-a527-84367a76343d-GrpcLogAppender: followerNextIndex = 0 but logStartIndex = 105, notify follower to install snapshot-(t:2, i:105)
2021-05-31 14:17:10,366 [86c596a3-6f32-42a0-9237-c69d9bdf2958@group-A7AD55EE2C31->ea6a4452-19f2-47d1-a527-84367a76343d-GrpcLogAppender-LogAppenderDaemon] INFO  server.GrpcLogAppender (GrpcLogAppender.java:installSnapshot(532)) - 86c596a3-6f32-42a0-9237-c69d9bdf2958@group-A7AD55EE2C31->ea6a4452-19f2-47d1-a527-84367a76343d-GrpcLogAppender: send 86c596a3-6f32-42a0-9237-c69d9bdf2958->ea6a4452-19f2-47d1-a527-84367a76343d#0-t2,notify:(t:2, i:105)
2021-05-31 14:17:10,367 [grpc-default-executor-0] INFO  impl.RoleInfo (RoleInfo.java:updateAndGet(130)) - ea6a4452-19f2-47d1-a527-84367a76343d: start ea6a4452-19f2-47d1-a527-84367a76343d@group-A7AD55EE2C31-FollowerState
2021-05-31 14:17:10,369 [grpc-default-executor-0] INFO  server.RaftServer$Division (RaftServerImpl.java:checkInconsistentAppendEntries(1292)) - ea6a4452-19f2-47d1-a527-84367a76343d@group-A7AD55EE2C31: Failed appendEntries as snapshot ((t:2, i:105)) installation is in progress
2021-05-31 14:17:10,370 [grpc-default-executor-0] INFO  server.RaftServer$Division (RaftServerImpl.java:checkInconsistentAppendEntries(1284)) - ea6a4452-19f2-47d1-a527-84367a76343d@group-A7AD55EE2C31: inconsistency entries. Reply:86c596a3-6f32-42a0-9237-c69d9bdf2958<-ea6a4452-19f2-47d1-a527-84367a76343d#0:FAIL-t2,INCONSISTENCY,nextIndex=0,followerCommit=-1
2021-05-31 14:17:10,373 [grpc-default-executor-0] INFO  server.RaftServer$Division (RaftServerImpl.java:checkInconsistentAppendEntries(1292)) - ea6a4452-19f2-47d1-a527-84367a76343d@group-A7AD55EE2C31: Failed appendEntries as snapshot ((t:2, i:105)) installation is in progress
2021-05-31 14:17:10,373 [grpc-default-executor-0] INFO  server.RaftServer$Division (RaftServerImpl.java:checkInconsistentAppendEntries(1284)) - ea6a4452-19f2-47d1-a527-84367a76343d@group-A7AD55EE2C31: inconsistency entries. Reply:86c596a3-6f32-42a0-9237-c69d9bdf2958<-ea6a4452-19f2-47d1-a527-84367a76343d#1:FAIL-t2,INCONSISTENCY,nextIndex=0,followerCommit=-1
2021-05-31 14:17:10,373 [grpc-default-executor-3] INFO  leader.FollowerInfo (FollowerInfoImpl.java:lambda$new$0(46)) - 86c596a3-6f32-42a0-9237-c69d9bdf2958@group-A7AD55EE2C31->ea6a4452-19f2-47d1-a527-84367a76343d: nextIndex: updateUnconditionally 0 -> 0
2021-05-31 14:17:10,374 [grpc-default-executor-3] INFO  leader.FollowerInfo (FollowerInfoImpl.java:lambda$new$0(46)) - 86c596a3-6f32-42a0-9237-c69d9bdf2958@group-A7AD55EE2C31->ea6a4452-19f2-47d1-a527-84367a76343d: nextIndex: updateUnconditionally 0 -> 0
2021-05-31 14:17:10,374 [e4951dd4-f4df-4d2e-bd67-fe61550133c1@group-914A9C454EC2-LeaderElection19] INFO  impl.LeaderElection (LeaderElection.java:askForVotes(306)) - e4951dd4-f4df-4d2e-bd67-fe61550133c1@group-914A9C454EC2-LeaderElection19 ELECTION round 0: submit vote requests at term 7 for -1: [21f06eab-63c8-43fd-b305-f7c41bc87438|rpc:127.0.0.1:43533|priority:0, e4951dd4-f4df-4d2e-bd67-fe61550133c1|rpc:127.0.0.1:42453|priority:1, bda778da-51f4-4847-bee0-b4babae878aa|rpc:127.0.0.1:32951|priority:0], old=null
2021-05-31 14:17:10,377 [grpc-default-executor-2] INFO  server.RaftServer$Division (RaftServerImpl.java:installSnapshot(1328)) - ea6a4452-19f2-47d1-a527-84367a76343d@group-A7AD55EE2C31: receive installSnapshot: 86c596a3-6f32-42a0-9237-c69d9bdf2958->ea6a4452-19f2-47d1-a527-84367a76343d#0-t2,notify:(t:2, i:105)
2021-05-31 14:17:10,377 [grpc-default-executor-2] INFO  server.RaftServer$Division (RaftServerImpl.java:notifyStateMachineToInstallSnapshot(1610)) - ea6a4452-19f2-47d1-a527-84367a76343d@group-A7AD55EE2C31: Snapshot Installation by StateMachine is in progress.
2021-05-31 14:17:10,377 [grpc-default-executor-2] INFO  server.RaftServer$Division (RaftServerImpl.java:installSnapshotImpl(1458)) - ea6a4452-19f2-47d1-a527-84367a76343d@group-A7AD55EE2C31: set new configuration index: 5
configurationEntry {
  peers {
    id: "86c596a3-6f32-42a0-9237-c69d9bdf2958"
    address: "localhost:14160"
  }
  peers {
    id: "fc8d0b26-40fd-4e75-8432-30636972f5a2"
    address: "localhost:14170"
  }
}
 from snapshot
2021-05-31 14:17:10,382 [grpc-default-executor-2] INFO  server.RaftServer$Division (ServerState.java:setRaftConf(373)) - ea6a4452-19f2-47d1-a527-84367a76343d@group-A7AD55EE2C31: set configuration 5: [86c596a3-6f32-42a0-9237-c69d9bdf2958|rpc:localhost:14160|admin:|client:|dataStream:|priority:0, fc8d0b26-40fd-4e75-8432-30636972f5a2|rpc:localhost:14170|admin:|client:|dataStream:|priority:0], old=null
2021-05-31 14:17:10,382 [grpc-default-executor-2] INFO  server.RaftServer$Division (RaftServerImpl.java:installSnapshot(1339)) - ea6a4452-19f2-47d1-a527-84367a76343d@group-A7AD55EE2C31: reply installSnapshot: 86c596a3-6f32-42a0-9237-c69d9bdf2958<-ea6a4452-19f2-47d1-a527-84367a76343d#0:FAIL-t2,IN_PROGRESS
2021-05-31 14:17:10,383 [grpc-default-executor-2] INFO  server.GrpcServerProtocolService (GrpcServerProtocolService.java:onCompleted(140)) - ea6a4452-19f2-47d1-a527-84367a76343d: Completed INSTALL_SNAPSHOT, lastRequest: 86c596a3-6f32-42a0-9237-c69d9bdf2958->ea6a4452-19f2-47d1-a527-84367a76343d#0-t2,notify:(t:2, i:105)
2021-05-31 14:17:10,382 [grpc-default-executor-1] INFO  ha.SCMGrpcOutputStream (SCMGrpcOutputStream.java:close(111)) - Sent 7505 bytes for cluster 54085720-bde5-45d4-8ce8-a7ad55ee2c31
2021-05-31 14:17:10,383 [grpc-default-executor-1] INFO  ha.SCMDBCheckpointProvider (SCMDBCheckpointProvider.java:writeDBCheckPointToSream(71)) - Time taken to write the checkpoint to response output stream: 58 milliseconds
2021-05-31 14:17:10,383 [grpc-default-executor-1] INFO  db.RocksDBCheckpoint (RocksDBCheckpoint.java:cleanupCheckpoint(78)) - Cleaning up RocksDB checkpoint at /home/runner/work/ozone/ozone/mnt/ozone/hadoop-ozone/integration-test/target/test-dir/MiniOzoneClusterImpl-54085720-bde5-45d4-8ce8-a7ad55ee2c31/scmNode-1/db.checkpoints/scm.db_checkpoint_1622470630304
2021-05-31 14:17:10,388 [bda778da-51f4-4847-bee0-b4babae878aa@group-914A9C454EC2-FollowerState] INFO  impl.FollowerState (FollowerState.java:run(134)) - bda778da-51f4-4847-bee0-b4babae878aa@group-914A9C454EC2-FollowerState: change to CANDIDATE, lastRpcElapsedTime:5058796127ns, electionTimeout:5054ms
2021-05-31 14:17:10,389 [bda778da-51f4-4847-bee0-b4babae878aa@group-914A9C454EC2-FollowerState] INFO  impl.RoleInfo (RoleInfo.java:shutdownFollowerState(108)) - bda778da-51f4-4847-bee0-b4babae878aa: shutdown bda778da-51f4-4847-bee0-b4babae878aa@group-914A9C454EC2-FollowerState
2021-05-31 14:17:10,389 [bda778da-51f4-4847-bee0-b4babae878aa@group-914A9C454EC2-FollowerState] INFO  server.RaftServer$Division (RaftServerImpl.java:setRole(284)) - bda778da-51f4-4847-bee0-b4babae878aa@group-914A9C454EC2: changes role from  FOLLOWER to CANDIDATE at term 6 for changeToCandidate
2021-05-31 14:17:10,392 [bda778da-51f4-4847-bee0-b4babae878aa@group-914A9C454EC2-FollowerState] INFO  server.RaftServerConfigKeys (ConfUtils.java:logGet(44)) - raft.server.leaderelection.pre-vote = false (custom)
2021-05-31 14:17:10,392 [bda778da-51f4-4847-bee0-b4babae878aa@group-914A9C454EC2-FollowerState] INFO  impl.RoleInfo (RoleInfo.java:updateAndGet(130)) - bda778da-51f4-4847-bee0-b4babae878aa: start bda778da-51f4-4847-bee0-b4babae878aa@group-914A9C454EC2-LeaderElection20
2021-05-31 14:17:10,393 [grpc-default-executor-3] INFO  server.GrpcLogAppender (GrpcLogAppender.java:onNext(400)) - 86c596a3-6f32-42a0-9237-c69d9bdf2958@group-A7AD55EE2C31->ea6a4452-19f2-47d1-a527-84367a76343d-InstallSnapshotResponseHandler: received a reply 86c596a3-6f32-42a0-9237-c69d9bdf2958<-ea6a4452-19f2-47d1-a527-84367a76343d#0:FAIL-t2,IN_PROGRESS
2021-05-31 14:17:10,393 [grpc-default-executor-3] INFO  server.GrpcLogAppender (GrpcLogAppender.java:onNext(417)) - 86c596a3-6f32-42a0-9237-c69d9bdf2958@group-A7AD55EE2C31->ea6a4452-19f2-47d1-a527-84367a76343d-InstallSnapshotResponseHandler: InstallSnapshot in progress.
2021-05-31 14:17:10,398 [grpc-default-executor-0] INFO  server.RaftServer$Division (RaftServerImpl.java:requestVote(1042)) - 21f06eab-63c8-43fd-b305-f7c41bc87438@group-914A9C454EC2: receive requestVote(ELECTION, e4951dd4-f4df-4d2e-bd67-fe61550133c1, group-914A9C454EC2, 7, (t:0, i:0))
2021-05-31 14:17:10,399 [grpc-default-executor-0] INFO  impl.VoteContext (VoteContext.java:log(48)) - 21f06eab-63c8-43fd-b305-f7c41bc87438@group-914A9C454EC2-FOLLOWER: accept ELECTION from e4951dd4-f4df-4d2e-bd67-fe61550133c1: our priority 0 <= candidate's priority 1
2021-05-31 14:17:10,399 [grpc-default-executor-0] INFO  server.RaftServer$Division (RaftServerImpl.java:setRole(284)) - 21f06eab-63c8-43fd-b305-f7c41bc87438@group-914A9C454EC2: changes role from  FOLLOWER to FOLLOWER at term 7 for candidate:e4951dd4-f4df-4d2e-bd67-fe61550133c1
2021-05-31 14:17:10,399 [grpc-default-executor-0] INFO  impl.RoleInfo (RoleInfo.java:shutdownFollowerState(108)) - 21f06eab-63c8-43fd-b305-f7c41bc87438: shutdown 21f06eab-63c8-43fd-b305-f7c41bc87438@group-914A9C454EC2-FollowerState
2021-05-31 14:17:10,399 [grpc-default-executor-0] INFO  impl.RoleInfo (RoleInfo.java:updateAndGet(130)) - 21f06eab-63c8-43fd-b305-f7c41bc87438: start 21f06eab-63c8-43fd-b305-f7c41bc87438@group-914A9C454EC2-FollowerState
2021-05-31 14:17:10,399 [86c596a3-6f32-42a0-9237-c69d9bdf2958@group-A7AD55EE2C31->ea6a4452-19f2-47d1-a527-84367a76343d-GrpcLogAppender-LogAppenderDaemon] INFO  server.GrpcLogAppender (GrpcLogAppender.java:installSnapshot(524)) - 86c596a3-6f32-42a0-9237-c69d9bdf2958@group-A7AD55EE2C31->ea6a4452-19f2-47d1-a527-84367a76343d-GrpcLogAppender: followerNextIndex = 0 but logStartIndex = 105, notify follower to install snapshot-(t:2, i:105)
2021-05-31 14:17:10,399 [86c596a3-6f32-42a0-9237-c69d9bdf2958@group-A7AD55EE2C31->ea6a4452-19f2-47d1-a527-84367a76343d-GrpcLogAppender-LogAppenderDaemon] INFO  server.GrpcLogAppender (GrpcLogAppender.java:installSnapshot(532)) - 86c596a3-6f32-42a0-9237-c69d9bdf2958@group-A7AD55EE2C31->ea6a4452-19f2-47d1-a527-84367a76343d-GrpcLogAppender: send 86c596a3-6f32-42a0-9237-c69d9bdf2958->ea6a4452-19f2-47d1-a527-84367a76343d#0-t2,notify:(t:2, i:105)
2021-05-31 14:17:10,400 [grpc-default-executor-2] INFO  ha.InterSCMGrpcClient (InterSCMGrpcClient.java:onCompleted(169)) - Checkpoint is downloaded to /home/runner/work/ozone/ozone/mnt/ozone/hadoop-ozone/integration-test/target/test-dir/MiniOzoneClusterImpl-54085720-bde5-45d4-8ce8-a7ad55ee2c31/scmNode-3/snapshot/scm.db-scmNode-1-1622470630278.tar.gz
2021-05-31 14:17:10,400 [21f06eab-63c8-43fd-b305-f7c41bc87438@group-914A9C454EC2-FollowerState] INFO  impl.FollowerState (FollowerState.java:run(143)) - 21f06eab-63c8-43fd-b305-f7c41bc87438@group-914A9C454EC2-FollowerState was interrupted: {}
java.lang.InterruptedException: sleep interrupted
	at java.lang.Thread.sleep(Native Method)
	at java.lang.Thread.sleep(Thread.java:340)
	at java.util.concurrent.TimeUnit.sleep(TimeUnit.java:386)
	at org.apache.ratis.util.TimeDuration.sleep(TimeDuration.java:324)
	at org.apache.ratis.util.TimeDuration.sleep(TimeDuration.java:309)
	at org.apache.ratis.server.impl.FollowerState.run(FollowerState.java:118)
2021-05-31 14:17:10,400 [grpc-default-executor-3] INFO  server.RaftServer$Division (RaftServerImpl.java:checkInconsistentAppendEntries(1292)) - ea6a4452-19f2-47d1-a527-84367a76343d@group-A7AD55EE2C31: Failed appendEntries as snapshot ((t:2, i:105)) installation is in progress
2021-05-31 14:17:10,400 [grpc-default-executor-3] INFO  server.RaftServer$Division (RaftServerImpl.java:checkInconsistentAppendEntries(1284)) - ea6a4452-19f2-47d1-a527-84367a76343d@group-A7AD55EE2C31: inconsistency entries. Reply:86c596a3-6f32-42a0-9237-c69d9bdf2958<-ea6a4452-19f2-47d1-a527-84367a76343d#2:FAIL-t2,INCONSISTENCY,nextIndex=0,followerCommit=-1
2021-05-31 14:17:10,403 [grpc-default-executor-4] INFO  server.RaftServer$Division (RaftServerImpl.java:requestVote(1042)) - bda778da-51f4-4847-bee0-b4babae878aa@group-914A9C454EC2: receive requestVote(ELECTION, e4951dd4-f4df-4d2e-bd67-fe61550133c1, group-914A9C454EC2, 7, (t:0, i:0))
2021-05-31 14:17:10,404 [grpc-default-executor-0] INFO  server.RaftServer$Division (RaftServerImpl.java:requestVote(1074)) - 21f06eab-63c8-43fd-b305-f7c41bc87438@group-914A9C454EC2 replies to ELECTION vote request: e4951dd4-f4df-4d2e-bd67-fe61550133c1<-21f06eab-63c8-43fd-b305-f7c41bc87438#0:OK-t7. Peer's state: 21f06eab-63c8-43fd-b305-f7c41bc87438@group-914A9C454EC2:t7, leader=null, voted=e4951dd4-f4df-4d2e-bd67-fe61550133c1, raftlog=21f06eab-63c8-43fd-b305-f7c41bc87438@group-914A9C454EC2-SegmentedRaftLog:OPENED:c-1,f-1,i0, conf=-1: [21f06eab-63c8-43fd-b305-f7c41bc87438|rpc:127.0.0.1:43533|priority:0, e4951dd4-f4df-4d2e-bd67-fe61550133c1|rpc:127.0.0.1:42453|priority:1, bda778da-51f4-4847-bee0-b4babae878aa|rpc:127.0.0.1:32951|priority:0], old=null
2021-05-31 14:17:10,404 [bda778da-51f4-4847-bee0-b4babae878aa@group-914A9C454EC2-LeaderElection20] INFO  impl.LeaderElection (LeaderElection.java:askForVotes(306)) - bda778da-51f4-4847-bee0-b4babae878aa@group-914A9C454EC2-LeaderElection20 ELECTION round 0: submit vote requests at term 7 for -1: [21f06eab-63c8-43fd-b305-f7c41bc87438|rpc:127.0.0.1:43533|priority:0, e4951dd4-f4df-4d2e-bd67-fe61550133c1|rpc:127.0.0.1:42453|priority:1, bda778da-51f4-4847-bee0-b4babae878aa|rpc:127.0.0.1:32951|priority:0], old=null
2021-05-31 14:17:10,405 [grpc-default-executor-4] INFO  impl.VoteContext (VoteContext.java:log(48)) - bda778da-51f4-4847-bee0-b4babae878aa@group-914A9C454EC2-CANDIDATE: reject ELECTION from e4951dd4-f4df-4d2e-bd67-fe61550133c1: already has voted for bda778da-51f4-4847-bee0-b4babae878aa at current term 7
2021-05-31 14:17:10,405 [grpc-default-executor-4] INFO  server.RaftServer$Division (RaftServerImpl.java:requestVote(1074)) - bda778da-51f4-4847-bee0-b4babae878aa@group-914A9C454EC2 replies to ELECTION vote request: e4951dd4-f4df-4d2e-bd67-fe61550133c1<-bda778da-51f4-4847-bee0-b4babae878aa#0:FAIL-t7. Peer's state: bda778da-51f4-4847-bee0-b4babae878aa@group-914A9C454EC2:t7, leader=null, voted=bda778da-51f4-4847-bee0-b4babae878aa, raftlog=bda778da-51f4-4847-bee0-b4babae878aa@group-914A9C454EC2-SegmentedRaftLog:OPENED:c-1,f-1,i0, conf=-1: [21f06eab-63c8-43fd-b305-f7c41bc87438|rpc:127.0.0.1:43533|priority:0, e4951dd4-f4df-4d2e-bd67-fe61550133c1|rpc:127.0.0.1:42453|priority:1, bda778da-51f4-4847-bee0-b4babae878aa|rpc:127.0.0.1:32951|priority:0], old=null
2021-05-31 14:17:10,423 [grpc-default-executor-5] INFO  server.RaftServer$Division (RaftServerImpl.java:installSnapshot(1328)) - ea6a4452-19f2-47d1-a527-84367a76343d@group-A7AD55EE2C31: receive installSnapshot: 86c596a3-6f32-42a0-9237-c69d9bdf2958->ea6a4452-19f2-47d1-a527-84367a76343d#0-t2,notify:(t:2, i:105)
2021-05-31 14:17:10,424 [grpc-default-executor-5] INFO  server.RaftServer$Division (RaftServerImpl.java:notifyStateMachineToInstallSnapshot(1610)) - ea6a4452-19f2-47d1-a527-84367a76343d@group-A7AD55EE2C31: Snapshot Installation by StateMachine is in progress.
2021-05-31 14:17:10,424 [grpc-default-executor-5] INFO  server.RaftServer$Division (RaftServerImpl.java:installSnapshotImpl(1458)) - ea6a4452-19f2-47d1-a527-84367a76343d@group-A7AD55EE2C31: set new configuration index: 5
configurationEntry {
  peers {
    id: "86c596a3-6f32-42a0-9237-c69d9bdf2958"
    address: "localhost:14160"
  }
  peers {
    id: "fc8d0b26-40fd-4e75-8432-30636972f5a2"
    address: "localhost:14170"
  }
}
 from snapshot
2021-05-31 14:17:10,424 [grpc-default-executor-5] INFO  server.RaftServer$Division (ServerState.java:setRaftConf(373)) - ea6a4452-19f2-47d1-a527-84367a76343d@group-A7AD55EE2C31: set configuration 5: [86c596a3-6f32-42a0-9237-c69d9bdf2958|rpc:localhost:14160|admin:|client:|dataStream:|priority:0, fc8d0b26-40fd-4e75-8432-30636972f5a2|rpc:localhost:14170|admin:|client:|dataStream:|priority:0], old=null
2021-05-31 14:17:10,425 [grpc-default-executor-5] INFO  server.RaftServer$Division (RaftServerImpl.java:installSnapshot(1339)) - ea6a4452-19f2-47d1-a527-84367a76343d@group-A7AD55EE2C31: reply installSnapshot: 86c596a3-6f32-42a0-9237-c69d9bdf2958<-ea6a4452-19f2-47d1-a527-84367a76343d#0:FAIL-t2,IN_PROGRESS
2021-05-31 14:17:10,425 [grpc-default-executor-5] INFO  server.GrpcServerProtocolService (GrpcServerProtocolService.java:onCompleted(140)) - ea6a4452-19f2-47d1-a527-84367a76343d: Completed INSTALL_SNAPSHOT, lastRequest: 86c596a3-6f32-42a0-9237-c69d9bdf2958->ea6a4452-19f2-47d1-a527-84367a76343d#0-t2,notify:(t:2, i:105)
2021-05-31 14:17:10,427 [e4951dd4-f4df-4d2e-bd67-fe61550133c1@group-914A9C454EC2-LeaderElection19] INFO  impl.LeaderElection (LeaderElection.java:logAndReturn(89)) - e4951dd4-f4df-4d2e-bd67-fe61550133c1@group-914A9C454EC2-LeaderElection19: ELECTION PASSED received 1 response(s) and 0 exception(s):
2021-05-31 14:17:10,427 [e4951dd4-f4df-4d2e-bd67-fe61550133c1@group-914A9C454EC2-LeaderElection19] INFO  impl.LeaderElection (LeaderElection.java:logAndReturn(93)) -   Response 0: e4951dd4-f4df-4d2e-bd67-fe61550133c1<-21f06eab-63c8-43fd-b305-f7c41bc87438#0:OK-t7
2021-05-31 14:17:10,427 [e4951dd4-f4df-4d2e-bd67-fe61550133c1@group-914A9C454EC2-LeaderElection19] INFO  impl.LeaderElection (LeaderElection.java:askForVotes(308)) - e4951dd4-f4df-4d2e-bd67-fe61550133c1@group-914A9C454EC2-LeaderElection19 ELECTION round 0: result PASSED
2021-05-31 14:17:10,427 [e4951dd4-f4df-4d2e-bd67-fe61550133c1@group-914A9C454EC2-LeaderElection19] INFO  impl.RoleInfo (RoleInfo.java:shutdownLeaderElection(121)) - e4951dd4-f4df-4d2e-bd67-fe61550133c1: shutdown e4951dd4-f4df-4d2e-bd67-fe61550133c1@group-914A9C454EC2-LeaderElection19
2021-05-31 14:17:10,427 [e4951dd4-f4df-4d2e-bd67-fe61550133c1@group-914A9C454EC2-LeaderElection19] INFO  server.RaftServer$Division (RaftServerImpl.java:setRole(284)) - e4951dd4-f4df-4d2e-bd67-fe61550133c1@group-914A9C454EC2: changes role from CANDIDATE to LEADER at term 7 for changeToLeader
2021-05-31 14:17:10,427 [e4951dd4-f4df-4d2e-bd67-fe61550133c1@group-914A9C454EC2-LeaderElection19] INFO  ratis.XceiverServerRatis (XceiverServerRatis.java:handleLeaderChangedNotification(906)) - Leader change notification received for group: group-914A9C454EC2 with new leaderId: e4951dd4-f4df-4d2e-bd67-fe61550133c1
2021-05-31 14:17:10,427 [e4951dd4-f4df-4d2e-bd67-fe61550133c1@group-914A9C454EC2-LeaderElection19] INFO  server.RaftServer$Division (ServerState.java:setLeader(271)) - e4951dd4-f4df-4d2e-bd67-fe61550133c1@group-914A9C454EC2: change Leader from null to e4951dd4-f4df-4d2e-bd67-fe61550133c1 at term 7 for becomeLeader, leader elected after 35458ms
2021-05-31 14:17:10,427 [e4951dd4-f4df-4d2e-bd67-fe61550133c1@group-914A9C454EC2-LeaderElection19] INFO  server.RaftServerConfigKeys (ConfUtils.java:logGet(44)) - raft.server.staging.catchup.gap = 1000 (default)
2021-05-31 14:17:10,427 [e4951dd4-f4df-4d2e-bd67-fe61550133c1@group-914A9C454EC2-LeaderElection19] INFO  metrics.RatisMetrics (RatisMetrics.java:lambda$create$0(36)) - Creating Metrics Registry : ratis.log_appender.e4951dd4-f4df-4d2e-bd67-fe61550133c1@group-914A9C454EC2
2021-05-31 14:17:10,427 [e4951dd4-f4df-4d2e-bd67-fe61550133c1@group-914A9C454EC2-LeaderElection19] INFO  server.RaftServerConfigKeys (ConfUtils.java:logGet(44)) - raft.server.write.element-limit = 1024 (custom)
2021-05-31 14:17:10,428 [e4951dd4-f4df-4d2e-bd67-fe61550133c1@group-914A9C454EC2-LeaderElection19] INFO  server.RaftServerConfigKeys (ConfUtils.java:logGet(44)) - raft.server.write.byte-limit = 1073741824 (custom)
2021-05-31 14:17:10,428 [e4951dd4-f4df-4d2e-bd67-fe61550133c1@group-914A9C454EC2-LeaderElection19] INFO  server.RaftServerConfigKeys (ConfUtils.java:logGet(44)) - raft.server.watch.timeout = 180s (custom)
2021-05-31 14:17:10,428 [grpc-default-executor-0] INFO  server.GrpcLogAppender (GrpcLogAppender.java:onNext(400)) - 86c596a3-6f32-42a0-9237-c69d9bdf2958@group-A7AD55EE2C31->ea6a4452-19f2-47d1-a527-84367a76343d-InstallSnapshotResponseHandler: received a reply 86c596a3-6f32-42a0-9237-c69d9bdf2958<-ea6a4452-19f2-47d1-a527-84367a76343d#0:FAIL-t2,IN_PROGRESS
2021-05-31 14:17:10,428 [grpc-default-executor-0] INFO  server.GrpcLogAppender (GrpcLogAppender.java:onNext(417)) - 86c596a3-6f32-42a0-9237-c69d9bdf2958@group-A7AD55EE2C31->ea6a4452-19f2-47d1-a527-84367a76343d-InstallSnapshotResponseHandler: InstallSnapshot in progress.
2021-05-31 14:17:10,428 [e4951dd4-f4df-4d2e-bd67-fe61550133c1@group-914A9C454EC2-LeaderElection19] INFO  server.RaftServerConfigKeys (ConfUtils.java:logGet(44)) - raft.server.watch.timeout.denomination = 1s (default)
2021-05-31 14:17:10,428 [e4951dd4-f4df-4d2e-bd67-fe61550133c1@group-914A9C454EC2-LeaderElection19] INFO  server.RaftServerConfigKeys (ConfUtils.java:logGet(44)) - raft.server.watch.element-limit = 65536 (default)
2021-05-31 14:17:10,428 [e4951dd4-f4df-4d2e-bd67-fe61550133c1@group-914A9C454EC2-LeaderElection19] INFO  server.RaftServerConfigKeys (ConfUtils.java:logGet(44)) - raft.server.log.appender.snapshot.chunk.size.max = 16MB (=16777216) (default)
2021-05-31 14:17:10,429 [e4951dd4-f4df-4d2e-bd67-fe61550133c1@group-914A9C454EC2-LeaderElection19] INFO  server.RaftServerConfigKeys (ConfUtils.java:logGet(44)) - raft.server.log.appender.buffer.byte-limit = 33554432 (custom)
2021-05-31 14:17:10,429 [e4951dd4-f4df-4d2e-bd67-fe61550133c1@group-914A9C454EC2-LeaderElection19] INFO  server.RaftServerConfigKeys (ConfUtils.java:logGet(44)) - raft.server.log.appender.buffer.element-limit = 1 (custom)
2021-05-31 14:17:10,429 [e4951dd4-f4df-4d2e-bd67-fe61550133c1@group-914A9C454EC2-LeaderElection19] INFO  grpc.GrpcConfigKeys (ConfUtils.java:logGet(44)) - raft.grpc.server.leader.outstanding.appends.max = 128 (default)
2021-05-31 14:17:10,429 [e4951dd4-f4df-4d2e-bd67-fe61550133c1@group-914A9C454EC2-LeaderElection19] INFO  server.RaftServerConfigKeys (ConfUtils.java:logGet(44)) - raft.server.rpc.request.timeout = 60s (custom)
2021-05-31 14:17:10,429 [e4951dd4-f4df-4d2e-bd67-fe61550133c1@group-914A9C454EC2-LeaderElection19] INFO  server.RaftServerConfigKeys (ConfUtils.java:logGet(44)) - raft.server.log.appender.install.snapshot.enabled = false (custom)
2021-05-31 14:17:10,429 [e4951dd4-f4df-4d2e-bd67-fe61550133c1@group-914A9C454EC2-LeaderElection19] INFO  metrics.RatisMetrics (RatisMetrics.java:lambda$create$0(36)) - Creating Metrics Registry : ratis_grpc.log_appender.e4951dd4-f4df-4d2e-bd67-fe61550133c1@group-914A9C454EC2
2021-05-31 14:17:10,429 [e4951dd4-f4df-4d2e-bd67-fe61550133c1@group-914A9C454EC2-LeaderElection19] INFO  server.RaftServerConfigKeys (ConfUtils.java:logGet(44)) - raft.server.log.appender.snapshot.chunk.size.max = 16MB (=16777216) (default)
2021-05-31 14:17:10,429 [e4951dd4-f4df-4d2e-bd67-fe61550133c1@group-914A9C454EC2-LeaderElection19] INFO  server.RaftServerConfigKeys (ConfUtils.java:logGet(44)) - raft.server.log.appender.buffer.byte-limit = 33554432 (custom)
2021-05-31 14:17:10,430 [e4951dd4-f4df-4d2e-bd67-fe61550133c1@group-914A9C454EC2-LeaderElection19] INFO  server.RaftServerConfigKeys (ConfUtils.java:logGet(44)) - raft.server.log.appender.buffer.element-limit = 1 (custom)
2021-05-31 14:17:10,430 [e4951dd4-f4df-4d2e-bd67-fe61550133c1@group-914A9C454EC2-LeaderElection19] INFO  grpc.GrpcConfigKeys (ConfUtils.java:logGet(44)) - raft.grpc.server.leader.outstanding.appends.max = 128 (default)
2021-05-31 14:17:10,430 [e4951dd4-f4df-4d2e-bd67-fe61550133c1@group-914A9C454EC2-LeaderElection19] INFO  server.RaftServerConfigKeys (ConfUtils.java:logGet(44)) - raft.server.rpc.request.timeout = 60s (custom)
2021-05-31 14:17:10,430 [e4951dd4-f4df-4d2e-bd67-fe61550133c1@group-914A9C454EC2-LeaderElection19] INFO  server.RaftServerConfigKeys (ConfUtils.java:logGet(44)) - raft.server.log.appender.install.snapshot.enabled = false (custom)
2021-05-31 14:17:10,430 [e4951dd4-f4df-4d2e-bd67-fe61550133c1@group-914A9C454EC2-LeaderElection19] INFO  impl.RoleInfo (RoleInfo.java:updateAndGet(130)) - e4951dd4-f4df-4d2e-bd67-fe61550133c1: start e4951dd4-f4df-4d2e-bd67-fe61550133c1@group-914A9C454EC2-LeaderStateImpl
2021-05-31 14:17:10,430 [e4951dd4-f4df-4d2e-bd67-fe61550133c1@group-914A9C454EC2-LeaderElection19] INFO  segmented.SegmentedRaftLogWorker (SegmentedRaftLogWorker.java:startLogSegment(394)) - e4951dd4-f4df-4d2e-bd67-fe61550133c1@group-914A9C454EC2-SegmentedRaftLogWorker: Starting segment from index:0
2021-05-31 14:17:10,432 [EventQueue-PipelineReportForPipelineReportHandler] INFO  pipeline.PipelineManagerV2Impl (PipelineManagerV2Impl.java:openPipeline(270)) - Pipeline Pipeline[ Id: 8cd76b9d-6141-408e-890d-914a9c454ec2, Nodes: 21f06eab-63c8-43fd-b305-f7c41bc87438{ip: 127.0.0.1, host: localhost, ports: [REPLICATION=38101, RATIS=43533, RATIS_ADMIN=43533, RATIS_SERVER=43533, STANDALONE=39001], networkLocation: /default-rack, certSerialId: null, persistedOpState: IN_SERVICE, persistedOpStateExpiryEpochSec: 0}e4951dd4-f4df-4d2e-bd67-fe61550133c1{ip: 127.0.0.1, host: localhost, ports: [REPLICATION=41577, RATIS=42453, RATIS_ADMIN=42453, RATIS_SERVER=42453, STANDALONE=44877], networkLocation: /default-rack, certSerialId: null, persistedOpState: IN_SERVICE, persistedOpStateExpiryEpochSec: 0}bda778da-51f4-4847-bee0-b4babae878aa{ip: 127.0.0.1, host: localhost, ports: [REPLICATION=39391, RATIS=32951, RATIS_ADMIN=32951, RATIS_SERVER=32951, STANDALONE=43997], networkLocation: /default-rack, certSerialId: null, persistedOpState: IN_SERVICE, persistedOpStateExpiryEpochSec: 0}, ReplicationConfig: RATIS/THREE, State:ALLOCATED, leaderId:e4951dd4-f4df-4d2e-bd67-fe61550133c1, CreationTimestamp2021-05-31T14:16:31.806Z] moved to OPEN state
2021-05-31 14:17:10,433 [EventQueue-PipelineReportForPipelineReportHandler] INFO  pipeline.PipelineManagerV2Impl (PipelineManagerV2Impl.java:openPipeline(270)) - Pipeline Pipeline[ Id: 8cd76b9d-6141-408e-890d-914a9c454ec2, Nodes: 21f06eab-63c8-43fd-b305-f7c41bc87438{ip: 127.0.0.1, host: localhost, ports: [REPLICATION=38101, RATIS=43533, RATIS_ADMIN=43533, RATIS_SERVER=43533, STANDALONE=39001], networkLocation: /default-rack, certSerialId: null, persistedOpState: IN_SERVICE, persistedOpStateExpiryEpochSec: 0}e4951dd4-f4df-4d2e-bd67-fe61550133c1{ip: 127.0.0.1, host: localhost, ports: [REPLICATION=41577, RATIS=42453, RATIS_ADMIN=42453, RATIS_SERVER=42453, STANDALONE=44877], networkLocation: /default-rack, certSerialId: null, persistedOpState: IN_SERVICE, persistedOpStateExpiryEpochSec: 0}bda778da-51f4-4847-bee0-b4babae878aa{ip: 127.0.0.1, host: localhost, ports: [REPLICATION=39391, RATIS=32951, RATIS_ADMIN=32951, RATIS_SERVER=32951, STANDALONE=43997], networkLocation: /default-rack, certSerialId: null, persistedOpState: IN_SERVICE, persistedOpStateExpiryEpochSec: 0}, ReplicationConfig: RATIS/THREE, State:ALLOCATED, leaderId:e4951dd4-f4df-4d2e-bd67-fe61550133c1, CreationTimestamp2021-05-31T14:16:31.806Z] moved to OPEN state
2021-05-31 14:17:10,434 [EventQueue-PipelineReportForPipelineReportHandler] INFO  ha.SCMHAInvocationHandler (SCMHAInvocationHandler.java:invokeRatis(113)) - Invoking method public abstract void org.apache.hadoop.hdds.scm.pipeline.StateManager.updatePipelineState(org.apache.hadoop.hdds.protocol.proto.HddsProtos$PipelineID,org.apache.hadoop.hdds.protocol.proto.HddsProtos$PipelineState) throws java.io.IOException on target org.apache.hadoop.hdds.scm.ha.SCMRatisServerImpl@79071c14, cost 177.703us
2021-05-31 14:17:10,434 [EventQueue-PipelineReportForPipelineReportHandler] ERROR pipeline.PipelineReportHandler (PipelineReportHandler.java:onMessage(93)) - Could not process pipeline report=pipelineID {
  id: "8cd76b9d-6141-408e-890d-914a9c454ec2"
  uuid128 {
    mostSigBits: -8298045464721145714
    leastSigBits: -8571034766180790590
  }
}
isLeader: true
bytesWritten: 0
 from dn=e4951dd4-f4df-4d2e-bd67-fe61550133c1{ip: 127.0.0.1, host: localhost, ports: [REPLICATION=41577, RATIS=42453, RATIS_ADMIN=42453, RATIS_SERVER=42453, STANDALONE=44877], networkLocation: /default-rack, certSerialId: null, persistedOpState: null, persistedOpStateExpiryEpochSec: 0}.
org.apache.ratis.protocol.exceptions.NotLeaderException: Server fc8d0b26-40fd-4e75-8432-30636972f5a2@group-A7AD55EE2C31 is not the leader 86c596a3-6f32-42a0-9237-c69d9bdf2958|rpc:localhost:14160|admin:|client:|dataStream:|priority:0
	at org.apache.ratis.server.impl.RaftServerImpl.generateNotLeaderException(RaftServerImpl.java:661)
	at org.apache.ratis.server.impl.RaftServerImpl.checkLeaderState(RaftServerImpl.java:626)
	at org.apache.ratis.server.impl.RaftServerImpl.submitClientRequestAsync(RaftServerImpl.java:754)
	at org.apache.ratis.server.impl.RaftServerProxy.lambda$submitClientRequestAsync$9(RaftServerProxy.java:417)
	at org.apache.ratis.server.impl.RaftServerProxy.lambda$null$7(RaftServerProxy.java:412)
	at org.apache.ratis.util.JavaUtils.callAsUnchecked(JavaUtils.java:115)
	at org.apache.ratis.server.impl.RaftServerProxy.lambda$submitRequest$8(RaftServerProxy.java:412)
	at java.util.concurrent.CompletableFuture.uniComposeStage(CompletableFuture.java:995)
	at java.util.concurrent.CompletableFuture.thenCompose(CompletableFuture.java:2137)
	at org.apache.ratis.server.impl.RaftServerProxy.submitRequest(RaftServerProxy.java:411)
	at org.apache.ratis.server.impl.RaftServerProxy.submitClientRequestAsync(RaftServerProxy.java:417)
	at org.apache.hadoop.hdds.scm.ha.SCMRatisServerImpl.submitRequest(SCMRatisServerImpl.java:214)
	at org.apache.hadoop.hdds.scm.ha.SCMHAInvocationHandler.invokeRatis(SCMHAInvocationHandler.java:110)
	at org.apache.hadoop.hdds.scm.ha.SCMHAInvocationHandler.invoke(SCMHAInvocationHandler.java:67)
	at com.sun.proxy.$Proxy22.updatePipelineState(Unknown Source)
	at org.apache.hadoop.hdds.scm.pipeline.PipelineManagerV2Impl.openPipeline(PipelineManagerV2Impl.java:271)
	at org.apache.hadoop.hdds.scm.pipeline.PipelineReportHandler.processPipelineReport(PipelineReportHandler.java:124)
	at org.apache.hadoop.hdds.scm.pipeline.PipelineReportHandler.onMessage(PipelineReportHandler.java:91)
	at org.apache.hadoop.hdds.scm.pipeline.PipelineReportHandler.onMessage(PipelineReportHandler.java:50)
	at org.apache.hadoop.hdds.server.events.SingleThreadExecutor.lambda$onMessage$1(SingleThreadExecutor.java:81)
	at java.util.concurrent.ThreadPoolExecutor.runWorker(ThreadPoolExecutor.java:1149)
	at java.util.concurrent.ThreadPoolExecutor$Worker.run(ThreadPoolExecutor.java:624)
	at java.lang.Thread.run(Thread.java:748)
2021-05-31 14:17:10,435 [e4951dd4-f4df-4d2e-bd67-fe61550133c1@group-914A9C454EC2-SegmentedRaftLogWorker] INFO  segmented.SegmentedRaftLogWorker (SegmentedRaftLogWorker.java:execute(601)) - e4951dd4-f4df-4d2e-bd67-fe61550133c1@group-914A9C454EC2-SegmentedRaftLogWorker: created new log segment /home/runner/work/ozone/ozone/mnt/ozone/hadoop-ozone/integration-test/target/test-dir/MiniOzoneClusterImpl-54085720-bde5-45d4-8ce8-a7ad55ee2c31/datanode-0/data/ratis/8cd76b9d-6141-408e-890d-914a9c454ec2/current/log_inprogress_0
2021-05-31 14:17:10,444 [grpc-default-executor-1] INFO  ratis.XceiverServerRatis (XceiverServerRatis.java:handleLeaderChangedNotification(906)) - Leader change notification received for group: group-914A9C454EC2 with new leaderId: e4951dd4-f4df-4d2e-bd67-fe61550133c1
2021-05-31 14:17:10,444 [grpc-default-executor-1] INFO  server.RaftServer$Division (ServerState.java:setLeader(271)) - 21f06eab-63c8-43fd-b305-f7c41bc87438@group-914A9C454EC2: change Leader from null to e4951dd4-f4df-4d2e-bd67-fe61550133c1 at term 7 for appendEntries, leader elected after 35511ms
2021-05-31 14:17:10,464 [grpc-default-executor-2] INFO  server.RaftServer$Division (RaftServerImpl.java:requestVote(1042)) - e4951dd4-f4df-4d2e-bd67-fe61550133c1@group-914A9C454EC2: receive requestVote(ELECTION, bda778da-51f4-4847-bee0-b4babae878aa, group-914A9C454EC2, 7, (t:0, i:0))
2021-05-31 14:17:10,474 [grpc-default-executor-3] INFO  server.RaftServer$Division (RaftServerImpl.java:requestVote(1042)) - 21f06eab-63c8-43fd-b305-f7c41bc87438@group-914A9C454EC2: receive requestVote(ELECTION, bda778da-51f4-4847-bee0-b4babae878aa, group-914A9C454EC2, 7, (t:0, i:0))
2021-05-31 14:17:10,475 [grpc-default-executor-3] INFO  impl.VoteContext (VoteContext.java:log(48)) - 21f06eab-63c8-43fd-b305-f7c41bc87438@group-914A9C454EC2-FOLLOWER: reject ELECTION from bda778da-51f4-4847-bee0-b4babae878aa: already has voted for e4951dd4-f4df-4d2e-bd67-fe61550133c1 at current term 7
2021-05-31 14:17:10,475 [grpc-default-executor-3] INFO  server.RaftServer$Division (RaftServerImpl.java:requestVote(1074)) - 21f06eab-63c8-43fd-b305-f7c41bc87438@group-914A9C454EC2 replies to ELECTION vote request: bda778da-51f4-4847-bee0-b4babae878aa<-21f06eab-63c8-43fd-b305-f7c41bc87438#0:FAIL-t7. Peer's state: 21f06eab-63c8-43fd-b305-f7c41bc87438@group-914A9C454EC2:t7, leader=e4951dd4-f4df-4d2e-bd67-fe61550133c1, voted=e4951dd4-f4df-4d2e-bd67-fe61550133c1, raftlog=21f06eab-63c8-43fd-b305-f7c41bc87438@group-914A9C454EC2-SegmentedRaftLog:OPENED:c-1,f-1,i0, conf=-1: [21f06eab-63c8-43fd-b305-f7c41bc87438|rpc:127.0.0.1:43533|priority:0, e4951dd4-f4df-4d2e-bd67-fe61550133c1|rpc:127.0.0.1:42453|priority:1, bda778da-51f4-4847-bee0-b4babae878aa|rpc:127.0.0.1:32951|priority:0], old=null
2021-05-31 14:17:10,431 [grpc-default-executor-5] INFO  leader.FollowerInfo (FollowerInfoImpl.java:lambda$new$0(46)) - 86c596a3-6f32-42a0-9237-c69d9bdf2958@group-A7AD55EE2C31->ea6a4452-19f2-47d1-a527-84367a76343d: nextIndex: updateUnconditionally 0 -> 0
2021-05-31 14:17:10,475 [e4951dd4-f4df-4d2e-bd67-fe61550133c1@group-914A9C454EC2-LeaderElection19] INFO  server.RaftServer$Division (ServerState.java:setRaftConf(373)) - e4951dd4-f4df-4d2e-bd67-fe61550133c1@group-914A9C454EC2: set configuration 0: [21f06eab-63c8-43fd-b305-f7c41bc87438|rpc:127.0.0.1:43533|dataStream:|priority:0, e4951dd4-f4df-4d2e-bd67-fe61550133c1|rpc:127.0.0.1:42453|dataStream:|priority:1, bda778da-51f4-4847-bee0-b4babae878aa|rpc:127.0.0.1:32951|dataStream:|priority:0], old=null
2021-05-31 14:17:10,475 [86c596a3-6f32-42a0-9237-c69d9bdf2958@group-A7AD55EE2C31->ea6a4452-19f2-47d1-a527-84367a76343d-GrpcLogAppender-LogAppenderDaemon] INFO  server.GrpcLogAppender (GrpcLogAppender.java:installSnapshot(524)) - 86c596a3-6f32-42a0-9237-c69d9bdf2958@group-A7AD55EE2C31->ea6a4452-19f2-47d1-a527-84367a76343d-GrpcLogAppender: followerNextIndex = 0 but logStartIndex = 105, notify follower to install snapshot-(t:2, i:105)
2021-05-31 14:17:10,476 [86c596a3-6f32-42a0-9237-c69d9bdf2958@group-A7AD55EE2C31->ea6a4452-19f2-47d1-a527-84367a76343d-GrpcLogAppender-LogAppenderDaemon] INFO  server.GrpcLogAppender (GrpcLogAppender.java:installSnapshot(532)) - 86c596a3-6f32-42a0-9237-c69d9bdf2958@group-A7AD55EE2C31->ea6a4452-19f2-47d1-a527-84367a76343d-GrpcLogAppender: send 86c596a3-6f32-42a0-9237-c69d9bdf2958->ea6a4452-19f2-47d1-a527-84367a76343d#0-t2,notify:(t:2, i:105)
2021-05-31 14:17:10,476 [EventQueue-PipelineReportForPipelineReportHandler] INFO  ha.SCMHAInvocationHandler (SCMHAInvocationHandler.java:invokeRatis(113)) - Invoking method public abstract void org.apache.hadoop.hdds.scm.pipeline.StateManager.updatePipelineState(org.apache.hadoop.hdds.protocol.proto.HddsProtos$PipelineID,org.apache.hadoop.hdds.protocol.proto.HddsProtos$PipelineState) throws java.io.IOException on target org.apache.hadoop.hdds.scm.ha.SCMRatisServerImpl@208eb941, cost 44308.372us
2021-05-31 14:17:10,473 [grpc-default-executor-6] INFO  server.RaftServer$Division (RaftServerImpl.java:setRole(284)) - bda778da-51f4-4847-bee0-b4babae878aa@group-914A9C454EC2: changes role from CANDIDATE to FOLLOWER at term 7 for appendEntries
2021-05-31 14:17:10,487 [grpc-default-executor-6] INFO  impl.RoleInfo (RoleInfo.java:shutdownLeaderElection(121)) - bda778da-51f4-4847-bee0-b4babae878aa: shutdown bda778da-51f4-4847-bee0-b4babae878aa@group-914A9C454EC2-LeaderElection20
2021-05-31 14:17:10,487 [grpc-default-executor-6] INFO  impl.RoleInfo (RoleInfo.java:updateAndGet(130)) - bda778da-51f4-4847-bee0-b4babae878aa: start bda778da-51f4-4847-bee0-b4babae878aa@group-914A9C454EC2-FollowerState
2021-05-31 14:17:10,488 [grpc-default-executor-6] INFO  ratis.XceiverServerRatis (XceiverServerRatis.java:handleLeaderChangedNotification(906)) - Leader change notification received for group: group-914A9C454EC2 with new leaderId: e4951dd4-f4df-4d2e-bd67-fe61550133c1
2021-05-31 14:17:10,488 [grpc-default-executor-6] INFO  server.RaftServer$Division (ServerState.java:setLeader(271)) - bda778da-51f4-4847-bee0-b4babae878aa@group-914A9C454EC2: change Leader from null to e4951dd4-f4df-4d2e-bd67-fe61550133c1 at term 7 for appendEntries, leader elected after 35482ms
2021-05-31 14:17:10,489 [grpc-default-executor-2] INFO  impl.VoteContext (VoteContext.java:log(48)) - e4951dd4-f4df-4d2e-bd67-fe61550133c1@group-914A9C454EC2-LEADER: reject ELECTION from bda778da-51f4-4847-bee0-b4babae878aa: already has voted for e4951dd4-f4df-4d2e-bd67-fe61550133c1 at current term 7
2021-05-31 14:17:10,489 [grpc-default-executor-2] INFO  server.RaftServer$Division (RaftServerImpl.java:requestVote(1074)) - e4951dd4-f4df-4d2e-bd67-fe61550133c1@group-914A9C454EC2 replies to ELECTION vote request: bda778da-51f4-4847-bee0-b4babae878aa<-e4951dd4-f4df-4d2e-bd67-fe61550133c1#0:FAIL-t7. Peer's state: e4951dd4-f4df-4d2e-bd67-fe61550133c1@group-914A9C454EC2:t7, leader=e4951dd4-f4df-4d2e-bd67-fe61550133c1, voted=e4951dd4-f4df-4d2e-bd67-fe61550133c1, raftlog=e4951dd4-f4df-4d2e-bd67-fe61550133c1@group-914A9C454EC2-SegmentedRaftLog:OPENED:c-1,f0,i0, conf=0: [21f06eab-63c8-43fd-b305-f7c41bc87438|rpc:127.0.0.1:43533|dataStream:|priority:0, e4951dd4-f4df-4d2e-bd67-fe61550133c1|rpc:127.0.0.1:42453|dataStream:|priority:1, bda778da-51f4-4847-bee0-b4babae878aa|rpc:127.0.0.1:32951|dataStream:|priority:0], old=null
2021-05-31 14:17:10,489 [pool-55-thread-1] INFO  ha.SCMSnapshotProvider (SCMSnapshotProvider.java:getSCMDBSnapshot(130)) - Successfully downloaded latest checkpoint from leader SCM: scmNode-1 path /home/runner/work/ozone/ozone/mnt/ozone/hadoop-ozone/integration-test/target/test-dir/MiniOzoneClusterImpl-54085720-bde5-45d4-8ce8-a7ad55ee2c31/scmNode-3/snapshot/scm.db-scmNode-1-1622470630278
2021-05-31 14:17:10,489 [pool-55-thread-1] INFO  ha.SCMHAManagerImpl (SCMHAManagerImpl.java:downloadCheckpointFromLeader(158)) - Downloaded checkpoint from Leader scmNode-1 to the location /home/runner/work/ozone/ozone/mnt/ozone/hadoop-ozone/integration-test/target/test-dir/MiniOzoneClusterImpl-54085720-bde5-45d4-8ce8-a7ad55ee2c31/scmNode-3/snapshot/scm.db-scmNode-1-1622470630278
2021-05-31 14:17:10,490 [grpc-default-executor-1] INFO  server.RaftServer$Division (ServerState.java:setRaftConf(373)) - 21f06eab-63c8-43fd-b305-f7c41bc87438@group-914A9C454EC2: set configuration 0: [21f06eab-63c8-43fd-b305-f7c41bc87438|rpc:127.0.0.1:43533|dataStream:|priority:0, e4951dd4-f4df-4d2e-bd67-fe61550133c1|rpc:127.0.0.1:42453|dataStream:|priority:1, bda778da-51f4-4847-bee0-b4babae878aa|rpc:127.0.0.1:32951|dataStream:|priority:0], old=null
2021-05-31 14:17:10,490 [grpc-default-executor-1] INFO  segmented.SegmentedRaftLogWorker (SegmentedRaftLogWorker.java:startLogSegment(394)) - 21f06eab-63c8-43fd-b305-f7c41bc87438@group-914A9C454EC2-SegmentedRaftLogWorker: Starting segment from index:0
2021-05-31 14:17:10,497 [bda778da-51f4-4847-bee0-b4babae878aa@group-914A9C454EC2-LeaderElection20] INFO  impl.LeaderElection (LeaderElection.java:logAndReturn(89)) - bda778da-51f4-4847-bee0-b4babae878aa@group-914A9C454EC2-LeaderElection20: ELECTION REJECTED received 1 response(s) and 0 exception(s):
2021-05-31 14:17:10,497 [bda778da-51f4-4847-bee0-b4babae878aa@group-914A9C454EC2-LeaderElection20] INFO  impl.LeaderElection (LeaderElection.java:logAndReturn(93)) -   Response 0: bda778da-51f4-4847-bee0-b4babae878aa<-e4951dd4-f4df-4d2e-bd67-fe61550133c1#0:FAIL-t7
2021-05-31 14:17:10,497 [bda778da-51f4-4847-bee0-b4babae878aa@group-914A9C454EC2-LeaderElection20] INFO  impl.LeaderElection (LeaderElection.java:askForVotes(308)) - bda778da-51f4-4847-bee0-b4babae878aa@group-914A9C454EC2-LeaderElection20 ELECTION round 0: result REJECTED
2021-05-31 14:17:10,500 [grpc-default-executor-0] INFO  server.RaftServer$Division (RaftServerImpl.java:checkInconsistentAppendEntries(1292)) - ea6a4452-19f2-47d1-a527-84367a76343d@group-A7AD55EE2C31: Failed appendEntries as snapshot ((t:2, i:105)) installation is in progress
2021-05-31 14:17:10,500 [grpc-default-executor-0] INFO  server.RaftServer$Division (RaftServerImpl.java:checkInconsistentAppendEntries(1284)) - ea6a4452-19f2-47d1-a527-84367a76343d@group-A7AD55EE2C31: inconsistency entries. Reply:86c596a3-6f32-42a0-9237-c69d9bdf2958<-ea6a4452-19f2-47d1-a527-84367a76343d#3:FAIL-t2,INCONSISTENCY,nextIndex=0,followerCommit=-1
2021-05-31 14:17:10,502 [21f06eab-63c8-43fd-b305-f7c41bc87438@group-914A9C454EC2-SegmentedRaftLogWorker] INFO  segmented.SegmentedRaftLogWorker (SegmentedRaftLogWorker.java:execute(601)) - 21f06eab-63c8-43fd-b305-f7c41bc87438@group-914A9C454EC2-SegmentedRaftLogWorker: created new log segment /home/runner/work/ozone/ozone/mnt/ozone/hadoop-ozone/integration-test/target/test-dir/MiniOzoneClusterImpl-54085720-bde5-45d4-8ce8-a7ad55ee2c31/datanode-2/data/ratis/8cd76b9d-6141-408e-890d-914a9c454ec2/current/log_inprogress_0
2021-05-31 14:17:10,503 [grpc-default-executor-0] INFO  leader.FollowerInfo (FollowerInfoImpl.java:lambda$new$0(46)) - 86c596a3-6f32-42a0-9237-c69d9bdf2958@group-A7AD55EE2C31->ea6a4452-19f2-47d1-a527-84367a76343d: nextIndex: updateUnconditionally 0 -> 0
2021-05-31 14:17:10,507 [grpc-default-executor-6] INFO  server.RaftServer$Division (RaftServerImpl.java:installSnapshot(1328)) - ea6a4452-19f2-47d1-a527-84367a76343d@group-A7AD55EE2C31: receive installSnapshot: 86c596a3-6f32-42a0-9237-c69d9bdf2958->ea6a4452-19f2-47d1-a527-84367a76343d#0-t2,notify:(t:2, i:105)
2021-05-31 14:17:10,507 [grpc-default-executor-6] INFO  server.RaftServer$Division (RaftServerImpl.java:notifyStateMachineToInstallSnapshot(1610)) - ea6a4452-19f2-47d1-a527-84367a76343d@group-A7AD55EE2C31: Snapshot Installation by StateMachine is in progress.
2021-05-31 14:17:10,507 [grpc-default-executor-6] INFO  server.RaftServer$Division (RaftServerImpl.java:installSnapshotImpl(1458)) - ea6a4452-19f2-47d1-a527-84367a76343d@group-A7AD55EE2C31: set new configuration index: 5
configurationEntry {
  peers {
    id: "86c596a3-6f32-42a0-9237-c69d9bdf2958"
    address: "localhost:14160"
  }
  peers {
    id: "fc8d0b26-40fd-4e75-8432-30636972f5a2"
    address: "localhost:14170"
  }
}
 from snapshot
2021-05-31 14:17:10,507 [grpc-default-executor-6] INFO  server.RaftServer$Division (ServerState.java:setRaftConf(373)) - ea6a4452-19f2-47d1-a527-84367a76343d@group-A7AD55EE2C31: set configuration 5: [86c596a3-6f32-42a0-9237-c69d9bdf2958|rpc:localhost:14160|admin:|client:|dataStream:|priority:0, fc8d0b26-40fd-4e75-8432-30636972f5a2|rpc:localhost:14170|admin:|client:|dataStream:|priority:0], old=null
2021-05-31 14:17:10,507 [grpc-default-executor-6] INFO  server.RaftServer$Division (RaftServerImpl.java:installSnapshot(1339)) - ea6a4452-19f2-47d1-a527-84367a76343d@group-A7AD55EE2C31: reply installSnapshot: 86c596a3-6f32-42a0-9237-c69d9bdf2958<-ea6a4452-19f2-47d1-a527-84367a76343d#0:FAIL-t2,IN_PROGRESS
2021-05-31 14:17:10,508 [grpc-default-executor-6] INFO  server.GrpcServerProtocolService (GrpcServerProtocolService.java:onCompleted(140)) - ea6a4452-19f2-47d1-a527-84367a76343d: Completed INSTALL_SNAPSHOT, lastRequest: 86c596a3-6f32-42a0-9237-c69d9bdf2958->ea6a4452-19f2-47d1-a527-84367a76343d#0-t2,notify:(t:2, i:105)
2021-05-31 14:17:10,508 [86c596a3-6f32-42a0-9237-c69d9bdf2958@group-A7AD55EE2C31-StateMachineUpdater] INFO  ha.SCMStateMachine (SCMStateMachine.java:takeSnapshot(282)) - Current Snapshot Index 204, takeSnapshot took 1 ms
2021-05-31 14:17:10,508 [86c596a3-6f32-42a0-9237-c69d9bdf2958@group-A7AD55EE2C31-StateMachineUpdater] INFO  impl.StateMachineUpdater (StateMachineUpdater.java:takeSnapshot(281)) - 86c596a3-6f32-42a0-9237-c69d9bdf2958@group-A7AD55EE2C31-StateMachineUpdater: Took a snapshot at index 204
2021-05-31 14:17:10,508 [86c596a3-6f32-42a0-9237-c69d9bdf2958@group-A7AD55EE2C31-StateMachineUpdater] INFO  impl.StateMachineUpdater (StateMachineUpdater.java:lambda$new$0(89)) - 86c596a3-6f32-42a0-9237-c69d9bdf2958@group-A7AD55EE2C31-StateMachineUpdater: snapshotIndex: updateIncreasingly 199 -> 204
2021-05-31 14:17:10,508 [86c596a3-6f32-42a0-9237-c69d9bdf2958@group-A7AD55EE2C31-StateMachineUpdater] INFO  raftlog.RaftLog (RaftLogBase.java:purge(306)) - 86c596a3-6f32-42a0-9237-c69d9bdf2958@group-A7AD55EE2C31-SegmentedRaftLog: purge 204
2021-05-31 14:17:10,508 [86c596a3-6f32-42a0-9237-c69d9bdf2958@group-A7AD55EE2C31-StateMachineUpdater] INFO  raftlog.RaftLog (RaftLogBase.java:lambda$new$0(53)) - 86c596a3-6f32-42a0-9237-c69d9bdf2958@group-A7AD55EE2C31-SegmentedRaftLog: snapshotIndex: updateIncreasingly 199 -> 204
2021-05-31 14:17:10,508 [86c596a3-6f32-42a0-9237-c69d9bdf2958@group-A7AD55EE2C31-StateMachineUpdater] INFO  raftlog.RaftLog (RaftLogBase.java:lambda$new$0(53)) - 86c596a3-6f32-42a0-9237-c69d9bdf2958@group-A7AD55EE2C31-SegmentedRaftLog: purgeIndex: updateToMax old=199, new=204, updated? true
2021-05-31 14:17:10,509 [grpc-default-executor-0] INFO  server.GrpcLogAppender (GrpcLogAppender.java:onNext(400)) - 86c596a3-6f32-42a0-9237-c69d9bdf2958@group-A7AD55EE2C31->ea6a4452-19f2-47d1-a527-84367a76343d-InstallSnapshotResponseHandler: received a reply 86c596a3-6f32-42a0-9237-c69d9bdf2958<-ea6a4452-19f2-47d1-a527-84367a76343d#0:FAIL-t2,IN_PROGRESS
2021-05-31 14:17:10,509 [grpc-default-executor-0] INFO  server.GrpcLogAppender (GrpcLogAppender.java:onNext(417)) - 86c596a3-6f32-42a0-9237-c69d9bdf2958@group-A7AD55EE2C31->ea6a4452-19f2-47d1-a527-84367a76343d-InstallSnapshotResponseHandler: InstallSnapshot in progress.
2021-05-31 14:17:10,518 [grpc-default-executor-4] INFO  server.RaftServer$Division (ServerState.java:setRaftConf(373)) - bda778da-51f4-4847-bee0-b4babae878aa@group-914A9C454EC2: set configuration 0: [21f06eab-63c8-43fd-b305-f7c41bc87438|rpc:127.0.0.1:43533|dataStream:|priority:0, e4951dd4-f4df-4d2e-bd67-fe61550133c1|rpc:127.0.0.1:42453|dataStream:|priority:1, bda778da-51f4-4847-bee0-b4babae878aa|rpc:127.0.0.1:32951|dataStream:|priority:0], old=null
2021-05-31 14:17:10,518 [grpc-default-executor-4] INFO  segmented.SegmentedRaftLogWorker (SegmentedRaftLogWorker.java:startLogSegment(394)) - bda778da-51f4-4847-bee0-b4babae878aa@group-914A9C454EC2-SegmentedRaftLogWorker: Starting segment from index:0
2021-05-31 14:17:10,519 [86c596a3-6f32-42a0-9237-c69d9bdf2958@group-A7AD55EE2C31->ea6a4452-19f2-47d1-a527-84367a76343d-GrpcLogAppender-LogAppenderDaemon] INFO  server.GrpcLogAppender (GrpcLogAppender.java:installSnapshot(524)) - 86c596a3-6f32-42a0-9237-c69d9bdf2958@group-A7AD55EE2C31->ea6a4452-19f2-47d1-a527-84367a76343d-GrpcLogAppender: followerNextIndex = 0 but logStartIndex = 105, notify follower to install snapshot-(t:2, i:105)
2021-05-31 14:17:10,519 [86c596a3-6f32-42a0-9237-c69d9bdf2958@group-A7AD55EE2C31->ea6a4452-19f2-47d1-a527-84367a76343d-GrpcLogAppender-LogAppenderDaemon] INFO  server.GrpcLogAppender (GrpcLogAppender.java:installSnapshot(532)) - 86c596a3-6f32-42a0-9237-c69d9bdf2958@group-A7AD55EE2C31->ea6a4452-19f2-47d1-a527-84367a76343d-GrpcLogAppender: send 86c596a3-6f32-42a0-9237-c69d9bdf2958->ea6a4452-19f2-47d1-a527-84367a76343d#0-t2,notify:(t:2, i:105)
2021-05-31 14:17:10,520 [grpc-default-executor-2] INFO  server.RaftServer$Division (RaftServerImpl.java:checkInconsistentAppendEntries(1292)) - ea6a4452-19f2-47d1-a527-84367a76343d@group-A7AD55EE2C31: Failed appendEntries as snapshot ((t:2, i:105)) installation is in progress
2021-05-31 14:17:10,521 [grpc-default-executor-2] INFO  server.RaftServer$Division (RaftServerImpl.java:checkInconsistentAppendEntries(1284)) - ea6a4452-19f2-47d1-a527-84367a76343d@group-A7AD55EE2C31: inconsistency entries. Reply:86c596a3-6f32-42a0-9237-c69d9bdf2958<-ea6a4452-19f2-47d1-a527-84367a76343d#4:FAIL-t2,INCONSISTENCY,nextIndex=0,followerCommit=-1
2021-05-31 14:17:10,521 [bda778da-51f4-4847-bee0-b4babae878aa@group-914A9C454EC2-SegmentedRaftLogWorker] INFO  segmented.SegmentedRaftLogWorker (SegmentedRaftLogWorker.java:execute(601)) - bda778da-51f4-4847-bee0-b4babae878aa@group-914A9C454EC2-SegmentedRaftLogWorker: created new log segment /home/runner/work/ozone/ozone/mnt/ozone/hadoop-ozone/integration-test/target/test-dir/MiniOzoneClusterImpl-54085720-bde5-45d4-8ce8-a7ad55ee2c31/datanode-1/data/ratis/8cd76b9d-6141-408e-890d-914a9c454ec2/current/log_inprogress_0
2021-05-31 14:17:10,524 [grpc-default-executor-2] INFO  leader.FollowerInfo (FollowerInfoImpl.java:lambda$new$0(46)) - 86c596a3-6f32-42a0-9237-c69d9bdf2958@group-A7AD55EE2C31->ea6a4452-19f2-47d1-a527-84367a76343d: nextIndex: updateUnconditionally 0 -> 0
2021-05-31 14:17:10,531 [grpc-default-executor-1] INFO  server.RaftServer$Division (RaftServerImpl.java:installSnapshot(1328)) - ea6a4452-19f2-47d1-a527-84367a76343d@group-A7AD55EE2C31: receive installSnapshot: 86c596a3-6f32-42a0-9237-c69d9bdf2958->ea6a4452-19f2-47d1-a527-84367a76343d#0-t2,notify:(t:2, i:105)
2021-05-31 14:17:10,531 [grpc-default-executor-1] INFO  server.RaftServer$Division (RaftServerImpl.java:notifyStateMachineToInstallSnapshot(1610)) - ea6a4452-19f2-47d1-a527-84367a76343d@group-A7AD55EE2C31: Snapshot Installation by StateMachine is in progress.
2021-05-31 14:17:10,531 [grpc-default-executor-1] INFO  server.RaftServer$Division (RaftServerImpl.java:installSnapshotImpl(1458)) - ea6a4452-19f2-47d1-a527-84367a76343d@group-A7AD55EE2C31: set new configuration index: 5
configurationEntry {
  peers {
    id: "86c596a3-6f32-42a0-9237-c69d9bdf2958"
    address: "localhost:14160"
  }
  peers {
    id: "fc8d0b26-40fd-4e75-8432-30636972f5a2"
    address: "localhost:14170"
  }
}
 from snapshot
2021-05-31 14:17:10,531 [grpc-default-executor-1] INFO  server.RaftServer$Division (ServerState.java:setRaftConf(373)) - ea6a4452-19f2-47d1-a527-84367a76343d@group-A7AD55EE2C31: set configuration 5: [86c596a3-6f32-42a0-9237-c69d9bdf2958|rpc:localhost:14160|admin:|client:|dataStream:|priority:0, fc8d0b26-40fd-4e75-8432-30636972f5a2|rpc:localhost:14170|admin:|client:|dataStream:|priority:0], old=null
2021-05-31 14:17:10,531 [grpc-default-executor-1] INFO  server.RaftServer$Division (RaftServerImpl.java:installSnapshot(1339)) - ea6a4452-19f2-47d1-a527-84367a76343d@group-A7AD55EE2C31: reply installSnapshot: 86c596a3-6f32-42a0-9237-c69d9bdf2958<-ea6a4452-19f2-47d1-a527-84367a76343d#0:FAIL-t2,IN_PROGRESS
2021-05-31 14:17:10,532 [grpc-default-executor-1] INFO  server.GrpcServerProtocolService (GrpcServerProtocolService.java:onCompleted(140)) - ea6a4452-19f2-47d1-a527-84367a76343d: Completed INSTALL_SNAPSHOT, lastRequest: 86c596a3-6f32-42a0-9237-c69d9bdf2958->ea6a4452-19f2-47d1-a527-84367a76343d#0-t2,notify:(t:2, i:105)
2021-05-31 14:17:10,535 [grpc-default-executor-0] INFO  server.GrpcLogAppender (GrpcLogAppender.java:onNext(400)) - 86c596a3-6f32-42a0-9237-c69d9bdf2958@group-A7AD55EE2C31->ea6a4452-19f2-47d1-a527-84367a76343d-InstallSnapshotResponseHandler: received a reply 86c596a3-6f32-42a0-9237-c69d9bdf2958<-ea6a4452-19f2-47d1-a527-84367a76343d#0:FAIL-t2,IN_PROGRESS
2021-05-31 14:17:10,535 [grpc-default-executor-0] INFO  server.GrpcLogAppender (GrpcLogAppender.java:onNext(417)) - 86c596a3-6f32-42a0-9237-c69d9bdf2958@group-A7AD55EE2C31->ea6a4452-19f2-47d1-a527-84367a76343d-InstallSnapshotResponseHandler: InstallSnapshot in progress.
2021-05-31 14:17:10,544 [86c596a3-6f32-42a0-9237-c69d9bdf2958@group-A7AD55EE2C31->ea6a4452-19f2-47d1-a527-84367a76343d-GrpcLogAppender-LogAppenderDaemon] INFO  server.GrpcLogAppender (GrpcLogAppender.java:installSnapshot(524)) - 86c596a3-6f32-42a0-9237-c69d9bdf2958@group-A7AD55EE2C31->ea6a4452-19f2-47d1-a527-84367a76343d-GrpcLogAppender: followerNextIndex = 0 but logStartIndex = 105, notify follower to install snapshot-(t:2, i:105)
2021-05-31 14:17:10,544 [86c596a3-6f32-42a0-9237-c69d9bdf2958@group-A7AD55EE2C31->ea6a4452-19f2-47d1-a527-84367a76343d-GrpcLogAppender-LogAppenderDaemon] INFO  server.GrpcLogAppender (GrpcLogAppender.java:installSnapshot(532)) - 86c596a3-6f32-42a0-9237-c69d9bdf2958@group-A7AD55EE2C31->ea6a4452-19f2-47d1-a527-84367a76343d-GrpcLogAppender: send 86c596a3-6f32-42a0-9237-c69d9bdf2958->ea6a4452-19f2-47d1-a527-84367a76343d#0-t2,notify:(t:2, i:105)
2021-05-31 14:17:10,545 [grpc-default-executor-0] INFO  server.RaftServer$Division (RaftServerImpl.java:checkInconsistentAppendEntries(1292)) - ea6a4452-19f2-47d1-a527-84367a76343d@group-A7AD55EE2C31: Failed appendEntries as snapshot ((t:2, i:105)) installation is in progress
2021-05-31 14:17:10,545 [grpc-default-executor-0] INFO  server.RaftServer$Division (RaftServerImpl.java:checkInconsistentAppendEntries(1284)) - ea6a4452-19f2-47d1-a527-84367a76343d@group-A7AD55EE2C31: inconsistency entries. Reply:86c596a3-6f32-42a0-9237-c69d9bdf2958<-ea6a4452-19f2-47d1-a527-84367a76343d#5:FAIL-t2,INCONSISTENCY,nextIndex=0,followerCommit=-1
2021-05-31 14:17:10,546 [grpc-default-executor-0] INFO  leader.FollowerInfo (FollowerInfoImpl.java:lambda$new$0(46)) - 86c596a3-6f32-42a0-9237-c69d9bdf2958@group-A7AD55EE2C31->ea6a4452-19f2-47d1-a527-84367a76343d: nextIndex: updateUnconditionally 0 -> 0
2021-05-31 14:17:10,553 [grpc-default-executor-2] INFO  server.RaftServer$Division (RaftServerImpl.java:installSnapshot(1328)) - ea6a4452-19f2-47d1-a527-84367a76343d@group-A7AD55EE2C31: receive installSnapshot: 86c596a3-6f32-42a0-9237-c69d9bdf2958->ea6a4452-19f2-47d1-a527-84367a76343d#0-t2,notify:(t:2, i:105)
2021-05-31 14:17:10,553 [grpc-default-executor-2] INFO  server.RaftServer$Division (RaftServerImpl.java:notifyStateMachineToInstallSnapshot(1610)) - ea6a4452-19f2-47d1-a527-84367a76343d@group-A7AD55EE2C31: Snapshot Installation by StateMachine is in progress.
2021-05-31 14:17:10,554 [grpc-default-executor-2] INFO  server.RaftServer$Division (RaftServerImpl.java:installSnapshotImpl(1458)) - ea6a4452-19f2-47d1-a527-84367a76343d@group-A7AD55EE2C31: set new configuration index: 5
configurationEntry {
  peers {
    id: "86c596a3-6f32-42a0-9237-c69d9bdf2958"
    address: "localhost:14160"
  }
  peers {
    id: "fc8d0b26-40fd-4e75-8432-30636972f5a2"
    address: "localhost:14170"
  }
}
 from snapshot
2021-05-31 14:17:10,554 [grpc-default-executor-2] INFO  server.RaftServer$Division (ServerState.java:setRaftConf(373)) - ea6a4452-19f2-47d1-a527-84367a76343d@group-A7AD55EE2C31: set configuration 5: [86c596a3-6f32-42a0-9237-c69d9bdf2958|rpc:localhost:14160|admin:|client:|dataStream:|priority:0, fc8d0b26-40fd-4e75-8432-30636972f5a2|rpc:localhost:14170|admin:|client:|dataStream:|priority:0], old=null
2021-05-31 14:17:10,554 [grpc-default-executor-2] INFO  server.RaftServer$Division (RaftServerImpl.java:installSnapshot(1339)) - ea6a4452-19f2-47d1-a527-84367a76343d@group-A7AD55EE2C31: reply installSnapshot: 86c596a3-6f32-42a0-9237-c69d9bdf2958<-ea6a4452-19f2-47d1-a527-84367a76343d#0:FAIL-t2,IN_PROGRESS
2021-05-31 14:17:10,554 [grpc-default-executor-2] INFO  server.GrpcServerProtocolService (GrpcServerProtocolService.java:onCompleted(140)) - ea6a4452-19f2-47d1-a527-84367a76343d: Completed INSTALL_SNAPSHOT, lastRequest: 86c596a3-6f32-42a0-9237-c69d9bdf2958->ea6a4452-19f2-47d1-a527-84367a76343d#0-t2,notify:(t:2, i:105)
2021-05-31 14:17:10,557 [grpc-default-executor-2] INFO  server.GrpcLogAppender (GrpcLogAppender.java:onNext(400)) - 86c596a3-6f32-42a0-9237-c69d9bdf2958@group-A7AD55EE2C31->ea6a4452-19f2-47d1-a527-84367a76343d-InstallSnapshotResponseHandler: received a reply 86c596a3-6f32-42a0-9237-c69d9bdf2958<-ea6a4452-19f2-47d1-a527-84367a76343d#0:FAIL-t2,IN_PROGRESS
2021-05-31 14:17:10,557 [grpc-default-executor-2] INFO  server.GrpcLogAppender (GrpcLogAppender.java:onNext(417)) - 86c596a3-6f32-42a0-9237-c69d9bdf2958@group-A7AD55EE2C31->ea6a4452-19f2-47d1-a527-84367a76343d-InstallSnapshotResponseHandler: InstallSnapshot in progress.
2021-05-31 14:17:10,558 [86c596a3-6f32-42a0-9237-c69d9bdf2958@group-A7AD55EE2C31->ea6a4452-19f2-47d1-a527-84367a76343d-GrpcLogAppender-LogAppenderDaemon] INFO  server.GrpcLogAppender (GrpcLogAppender.java:installSnapshot(524)) - 86c596a3-6f32-42a0-9237-c69d9bdf2958@group-A7AD55EE2C31->ea6a4452-19f2-47d1-a527-84367a76343d-GrpcLogAppender: followerNextIndex = 0 but logStartIndex = 105, notify follower to install snapshot-(t:2, i:105)
2021-05-31 14:17:10,558 [86c596a3-6f32-42a0-9237-c69d9bdf2958@group-A7AD55EE2C31->ea6a4452-19f2-47d1-a527-84367a76343d-GrpcLogAppender-LogAppenderDaemon] INFO  server.GrpcLogAppender (GrpcLogAppender.java:installSnapshot(532)) - 86c596a3-6f32-42a0-9237-c69d9bdf2958@group-A7AD55EE2C31->ea6a4452-19f2-47d1-a527-84367a76343d-GrpcLogAppender: send 86c596a3-6f32-42a0-9237-c69d9bdf2958->ea6a4452-19f2-47d1-a527-84367a76343d#0-t2,notify:(t:2, i:105)
2021-05-31 14:17:10,558 [grpc-default-executor-2] INFO  server.RaftServer$Division (RaftServerImpl.java:checkInconsistentAppendEntries(1292)) - ea6a4452-19f2-47d1-a527-84367a76343d@group-A7AD55EE2C31: Failed appendEntries as snapshot ((t:2, i:105)) installation is in progress
2021-05-31 14:17:10,558 [grpc-default-executor-2] INFO  server.RaftServer$Division (RaftServerImpl.java:checkInconsistentAppendEntries(1284)) - ea6a4452-19f2-47d1-a527-84367a76343d@group-A7AD55EE2C31: inconsistency entries. Reply:86c596a3-6f32-42a0-9237-c69d9bdf2958<-ea6a4452-19f2-47d1-a527-84367a76343d#6:FAIL-t2,INCONSISTENCY,nextIndex=0,followerCommit=-1
2021-05-31 14:17:10,559 [grpc-default-executor-0] INFO  leader.FollowerInfo (FollowerInfoImpl.java:lambda$new$0(46)) - 86c596a3-6f32-42a0-9237-c69d9bdf2958@group-A7AD55EE2C31->ea6a4452-19f2-47d1-a527-84367a76343d: nextIndex: updateUnconditionally 0 -> 0
2021-05-31 14:17:10,560 [grpc-default-executor-2] INFO  server.RaftServer$Division (RaftServerImpl.java:installSnapshot(1328)) - ea6a4452-19f2-47d1-a527-84367a76343d@group-A7AD55EE2C31: receive installSnapshot: 86c596a3-6f32-42a0-9237-c69d9bdf2958->ea6a4452-19f2-47d1-a527-84367a76343d#0-t2,notify:(t:2, i:105)
2021-05-31 14:17:10,560 [grpc-default-executor-2] INFO  server.RaftServer$Division (RaftServerImpl.java:notifyStateMachineToInstallSnapshot(1610)) - ea6a4452-19f2-47d1-a527-84367a76343d@group-A7AD55EE2C31: Snapshot Installation by StateMachine is in progress.
2021-05-31 14:17:10,561 [grpc-default-executor-2] INFO  server.RaftServer$Division (RaftServerImpl.java:installSnapshotImpl(1458)) - ea6a4452-19f2-47d1-a527-84367a76343d@group-A7AD55EE2C31: set new configuration index: 5
configurationEntry {
  peers {
    id: "86c596a3-6f32-42a0-9237-c69d9bdf2958"
    address: "localhost:14160"
  }
  peers {
    id: "fc8d0b26-40fd-4e75-8432-30636972f5a2"
    address: "localhost:14170"
  }
}
 from snapshot
2021-05-31 14:17:10,561 [grpc-default-executor-2] INFO  server.RaftServer$Division (ServerState.java:setRaftConf(373)) - ea6a4452-19f2-47d1-a527-84367a76343d@group-A7AD55EE2C31: set configuration 5: [86c596a3-6f32-42a0-9237-c69d9bdf2958|rpc:localhost:14160|admin:|client:|dataStream:|priority:0, fc8d0b26-40fd-4e75-8432-30636972f5a2|rpc:localhost:14170|admin:|client:|dataStream:|priority:0], old=null
2021-05-31 14:17:10,561 [grpc-default-executor-2] INFO  server.RaftServer$Division (RaftServerImpl.java:installSnapshot(1339)) - ea6a4452-19f2-47d1-a527-84367a76343d@group-A7AD55EE2C31: reply installSnapshot: 86c596a3-6f32-42a0-9237-c69d9bdf2958<-ea6a4452-19f2-47d1-a527-84367a76343d#0:FAIL-t2,IN_PROGRESS
2021-05-31 14:17:10,562 [grpc-default-executor-2] INFO  server.GrpcServerProtocolService (GrpcServerProtocolService.java:onCompleted(140)) - ea6a4452-19f2-47d1-a527-84367a76343d: Completed INSTALL_SNAPSHOT, lastRequest: 86c596a3-6f32-42a0-9237-c69d9bdf2958->ea6a4452-19f2-47d1-a527-84367a76343d#0-t2,notify:(t:2, i:105)
2021-05-31 14:17:10,562 [grpc-default-executor-0] INFO  server.GrpcLogAppender (GrpcLogAppender.java:onNext(400)) - 86c596a3-6f32-42a0-9237-c69d9bdf2958@group-A7AD55EE2C31->ea6a4452-19f2-47d1-a527-84367a76343d-InstallSnapshotResponseHandler: received a reply 86c596a3-6f32-42a0-9237-c69d9bdf2958<-ea6a4452-19f2-47d1-a527-84367a76343d#0:FAIL-t2,IN_PROGRESS
2021-05-31 14:17:10,562 [grpc-default-executor-0] INFO  server.GrpcLogAppender (GrpcLogAppender.java:onNext(417)) - 86c596a3-6f32-42a0-9237-c69d9bdf2958@group-A7AD55EE2C31->ea6a4452-19f2-47d1-a527-84367a76343d-InstallSnapshotResponseHandler: InstallSnapshot in progress.
2021-05-31 14:17:10,563 [86c596a3-6f32-42a0-9237-c69d9bdf2958@group-A7AD55EE2C31->ea6a4452-19f2-47d1-a527-84367a76343d-GrpcLogAppender-LogAppenderDaemon] INFO  server.GrpcLogAppender (GrpcLogAppender.java:installSnapshot(524)) - 86c596a3-6f32-42a0-9237-c69d9bdf2958@group-A7AD55EE2C31->ea6a4452-19f2-47d1-a527-84367a76343d-GrpcLogAppender: followerNextIndex = 0 but logStartIndex = 105, notify follower to install snapshot-(t:2, i:105)
2021-05-31 14:17:10,563 [86c596a3-6f32-42a0-9237-c69d9bdf2958@group-A7AD55EE2C31->ea6a4452-19f2-47d1-a527-84367a76343d-GrpcLogAppender-LogAppenderDaemon] INFO  server.GrpcLogAppender (GrpcLogAppender.java:installSnapshot(532)) - 86c596a3-6f32-42a0-9237-c69d9bdf2958@group-A7AD55EE2C31->ea6a4452-19f2-47d1-a527-84367a76343d-GrpcLogAppender: send 86c596a3-6f32-42a0-9237-c69d9bdf2958->ea6a4452-19f2-47d1-a527-84367a76343d#0-t2,notify:(t:2, i:105)
2021-05-31 14:17:10,564 [grpc-default-executor-0] INFO  server.RaftServer$Division (RaftServerImpl.java:checkInconsistentAppendEntries(1292)) - ea6a4452-19f2-47d1-a527-84367a76343d@group-A7AD55EE2C31: Failed appendEntries as snapshot ((t:2, i:105)) installation is in progress
2021-05-31 14:17:10,564 [grpc-default-executor-0] INFO  server.RaftServer$Division (RaftServerImpl.java:checkInconsistentAppendEntries(1284)) - ea6a4452-19f2-47d1-a527-84367a76343d@group-A7AD55EE2C31: inconsistency entries. Reply:86c596a3-6f32-42a0-9237-c69d9bdf2958<-ea6a4452-19f2-47d1-a527-84367a76343d#7:FAIL-t2,INCONSISTENCY,nextIndex=0,followerCommit=-1
2021-05-31 14:17:10,565 [grpc-default-executor-0] INFO  leader.FollowerInfo (FollowerInfoImpl.java:lambda$new$0(46)) - 86c596a3-6f32-42a0-9237-c69d9bdf2958@group-A7AD55EE2C31->ea6a4452-19f2-47d1-a527-84367a76343d: nextIndex: updateUnconditionally 0 -> 0
2021-05-31 14:17:10,566 [grpc-default-executor-0] INFO  server.RaftServer$Division (RaftServerImpl.java:installSnapshot(1328)) - ea6a4452-19f2-47d1-a527-84367a76343d@group-A7AD55EE2C31: receive installSnapshot: 86c596a3-6f32-42a0-9237-c69d9bdf2958->ea6a4452-19f2-47d1-a527-84367a76343d#0-t2,notify:(t:2, i:105)
2021-05-31 14:17:10,566 [grpc-default-executor-0] INFO  server.RaftServer$Division (RaftServerImpl.java:notifyStateMachineToInstallSnapshot(1610)) - ea6a4452-19f2-47d1-a527-84367a76343d@group-A7AD55EE2C31: Snapshot Installation by StateMachine is in progress.
2021-05-31 14:17:10,566 [grpc-default-executor-0] INFO  server.RaftServer$Division (RaftServerImpl.java:installSnapshotImpl(1458)) - ea6a4452-19f2-47d1-a527-84367a76343d@group-A7AD55EE2C31: set new configuration index: 5
configurationEntry {
  peers {
    id: "86c596a3-6f32-42a0-9237-c69d9bdf2958"
    address: "localhost:14160"
  }
  peers {
    id: "fc8d0b26-40fd-4e75-8432-30636972f5a2"
    address: "localhost:14170"
  }
}
 from snapshot
2021-05-31 14:17:10,566 [grpc-default-executor-0] INFO  server.RaftServer$Division (ServerState.java:setRaftConf(373)) - ea6a4452-19f2-47d1-a527-84367a76343d@group-A7AD55EE2C31: set configuration 5: [86c596a3-6f32-42a0-9237-c69d9bdf2958|rpc:localhost:14160|admin:|client:|dataStream:|priority:0, fc8d0b26-40fd-4e75-8432-30636972f5a2|rpc:localhost:14170|admin:|client:|dataStream:|priority:0], old=null
2021-05-31 14:17:10,566 [grpc-default-executor-0] INFO  server.RaftServer$Division (RaftServerImpl.java:installSnapshot(1339)) - ea6a4452-19f2-47d1-a527-84367a76343d@group-A7AD55EE2C31: reply installSnapshot: 86c596a3-6f32-42a0-9237-c69d9bdf2958<-ea6a4452-19f2-47d1-a527-84367a76343d#0:FAIL-t2,IN_PROGRESS
2021-05-31 14:17:10,566 [grpc-default-executor-0] INFO  server.GrpcServerProtocolService (GrpcServerProtocolService.java:onCompleted(140)) - ea6a4452-19f2-47d1-a527-84367a76343d: Completed INSTALL_SNAPSHOT, lastRequest: 86c596a3-6f32-42a0-9237-c69d9bdf2958->ea6a4452-19f2-47d1-a527-84367a76343d#0-t2,notify:(t:2, i:105)
2021-05-31 14:17:10,567 [grpc-default-executor-2] INFO  server.GrpcLogAppender (GrpcLogAppender.java:onNext(400)) - 86c596a3-6f32-42a0-9237-c69d9bdf2958@group-A7AD55EE2C31->ea6a4452-19f2-47d1-a527-84367a76343d-InstallSnapshotResponseHandler: received a reply 86c596a3-6f32-42a0-9237-c69d9bdf2958<-ea6a4452-19f2-47d1-a527-84367a76343d#0:FAIL-t2,IN_PROGRESS
2021-05-31 14:17:10,567 [grpc-default-executor-2] INFO  server.GrpcLogAppender (GrpcLogAppender.java:onNext(417)) - 86c596a3-6f32-42a0-9237-c69d9bdf2958@group-A7AD55EE2C31->ea6a4452-19f2-47d1-a527-84367a76343d-InstallSnapshotResponseHandler: InstallSnapshot in progress.
2021-05-31 14:17:10,568 [86c596a3-6f32-42a0-9237-c69d9bdf2958@group-A7AD55EE2C31->ea6a4452-19f2-47d1-a527-84367a76343d-GrpcLogAppender-LogAppenderDaemon] INFO  server.GrpcLogAppender (GrpcLogAppender.java:installSnapshot(524)) - 86c596a3-6f32-42a0-9237-c69d9bdf2958@group-A7AD55EE2C31->ea6a4452-19f2-47d1-a527-84367a76343d-GrpcLogAppender: followerNextIndex = 0 but logStartIndex = 105, notify follower to install snapshot-(t:2, i:105)
2021-05-31 14:17:10,568 [86c596a3-6f32-42a0-9237-c69d9bdf2958@group-A7AD55EE2C31->ea6a4452-19f2-47d1-a527-84367a76343d-GrpcLogAppender-LogAppenderDaemon] INFO  server.GrpcLogAppender (GrpcLogAppender.java:installSnapshot(532)) - 86c596a3-6f32-42a0-9237-c69d9bdf2958@group-A7AD55EE2C31->ea6a4452-19f2-47d1-a527-84367a76343d-GrpcLogAppender: send 86c596a3-6f32-42a0-9237-c69d9bdf2958->ea6a4452-19f2-47d1-a527-84367a76343d#0-t2,notify:(t:2, i:105)
2021-05-31 14:17:10,568 [grpc-default-executor-0] INFO  server.RaftServer$Division (RaftServerImpl.java:checkInconsistentAppendEntries(1292)) - ea6a4452-19f2-47d1-a527-84367a76343d@group-A7AD55EE2C31: Failed appendEntries as snapshot ((t:2, i:105)) installation is in progress
2021-05-31 14:17:10,568 [grpc-default-executor-0] INFO  server.RaftServer$Division (RaftServerImpl.java:checkInconsistentAppendEntries(1284)) - ea6a4452-19f2-47d1-a527-84367a76343d@group-A7AD55EE2C31: inconsistency entries. Reply:86c596a3-6f32-42a0-9237-c69d9bdf2958<-ea6a4452-19f2-47d1-a527-84367a76343d#8:FAIL-t2,INCONSISTENCY,nextIndex=0,followerCommit=-1
2021-05-31 14:17:10,570 [grpc-default-executor-2] INFO  leader.FollowerInfo (FollowerInfoImpl.java:lambda$new$0(46)) - 86c596a3-6f32-42a0-9237-c69d9bdf2958@group-A7AD55EE2C31->ea6a4452-19f2-47d1-a527-84367a76343d: nextIndex: updateUnconditionally 0 -> 0
2021-05-31 14:17:10,570 [grpc-default-executor-0] INFO  server.RaftServer$Division (RaftServerImpl.java:installSnapshot(1328)) - ea6a4452-19f2-47d1-a527-84367a76343d@group-A7AD55EE2C31: receive installSnapshot: 86c596a3-6f32-42a0-9237-c69d9bdf2958->ea6a4452-19f2-47d1-a527-84367a76343d#0-t2,notify:(t:2, i:105)
2021-05-31 14:17:10,570 [grpc-default-executor-0] INFO  server.RaftServer$Division (RaftServerImpl.java:notifyStateMachineToInstallSnapshot(1610)) - ea6a4452-19f2-47d1-a527-84367a76343d@group-A7AD55EE2C31: Snapshot Installation by StateMachine is in progress.
2021-05-31 14:17:10,570 [grpc-default-executor-0] INFO  server.RaftServer$Division (RaftServerImpl.java:installSnapshotImpl(1458)) - ea6a4452-19f2-47d1-a527-84367a76343d@group-A7AD55EE2C31: set new configuration index: 5
configurationEntry {
  peers {
    id: "86c596a3-6f32-42a0-9237-c69d9bdf2958"
    address: "localhost:14160"
  }
  peers {
    id: "fc8d0b26-40fd-4e75-8432-30636972f5a2"
    address: "localhost:14170"
  }
}
 from snapshot
2021-05-31 14:17:10,570 [grpc-default-executor-0] INFO  server.RaftServer$Division (ServerState.java:setRaftConf(373)) - ea6a4452-19f2-47d1-a527-84367a76343d@group-A7AD55EE2C31: set configuration 5: [86c596a3-6f32-42a0-9237-c69d9bdf2958|rpc:localhost:14160|admin:|client:|dataStream:|priority:0, fc8d0b26-40fd-4e75-8432-30636972f5a2|rpc:localhost:14170|admin:|client:|dataStream:|priority:0], old=null
2021-05-31 14:17:10,570 [grpc-default-executor-0] INFO  server.RaftServer$Division (RaftServerImpl.java:installSnapshot(1339)) - ea6a4452-19f2-47d1-a527-84367a76343d@group-A7AD55EE2C31: reply installSnapshot: 86c596a3-6f32-42a0-9237-c69d9bdf2958<-ea6a4452-19f2-47d1-a527-84367a76343d#0:FAIL-t2,IN_PROGRESS
2021-05-31 14:17:10,571 [grpc-default-executor-0] INFO  server.GrpcServerProtocolService (GrpcServerProtocolService.java:onCompleted(140)) - ea6a4452-19f2-47d1-a527-84367a76343d: Completed INSTALL_SNAPSHOT, lastRequest: 86c596a3-6f32-42a0-9237-c69d9bdf2958->ea6a4452-19f2-47d1-a527-84367a76343d#0-t2,notify:(t:2, i:105)
2021-05-31 14:17:10,571 [grpc-default-executor-2] INFO  server.GrpcLogAppender (GrpcLogAppender.java:onNext(400)) - 86c596a3-6f32-42a0-9237-c69d9bdf2958@group-A7AD55EE2C31->ea6a4452-19f2-47d1-a527-84367a76343d-InstallSnapshotResponseHandler: received a reply 86c596a3-6f32-42a0-9237-c69d9bdf2958<-ea6a4452-19f2-47d1-a527-84367a76343d#0:FAIL-t2,IN_PROGRESS
2021-05-31 14:17:10,571 [grpc-default-executor-2] INFO  server.GrpcLogAppender (GrpcLogAppender.java:onNext(417)) - 86c596a3-6f32-42a0-9237-c69d9bdf2958@group-A7AD55EE2C31->ea6a4452-19f2-47d1-a527-84367a76343d-InstallSnapshotResponseHandler: InstallSnapshot in progress.
2021-05-31 14:17:10,572 [86c596a3-6f32-42a0-9237-c69d9bdf2958@group-A7AD55EE2C31->ea6a4452-19f2-47d1-a527-84367a76343d-GrpcLogAppender-LogAppenderDaemon] INFO  server.GrpcLogAppender (GrpcLogAppender.java:installSnapshot(524)) - 86c596a3-6f32-42a0-9237-c69d9bdf2958@group-A7AD55EE2C31->ea6a4452-19f2-47d1-a527-84367a76343d-GrpcLogAppender: followerNextIndex = 0 but logStartIndex = 105, notify follower to install snapshot-(t:2, i:105)
2021-05-31 14:17:10,572 [86c596a3-6f32-42a0-9237-c69d9bdf2958@group-A7AD55EE2C31->ea6a4452-19f2-47d1-a527-84367a76343d-GrpcLogAppender-LogAppenderDaemon] INFO  server.GrpcLogAppender (GrpcLogAppender.java:installSnapshot(532)) - 86c596a3-6f32-42a0-9237-c69d9bdf2958@group-A7AD55EE2C31->ea6a4452-19f2-47d1-a527-84367a76343d-GrpcLogAppender: send 86c596a3-6f32-42a0-9237-c69d9bdf2958->ea6a4452-19f2-47d1-a527-84367a76343d#0-t2,notify:(t:2, i:105)
2021-05-31 14:17:10,573 [grpc-default-executor-1] INFO  server.RaftServer$Division (RaftServerImpl.java:checkInconsistentAppendEntries(1292)) - ea6a4452-19f2-47d1-a527-84367a76343d@group-A7AD55EE2C31: Failed appendEntries as snapshot ((t:2, i:105)) installation is in progress
2021-05-31 14:17:10,573 [grpc-default-executor-1] INFO  server.RaftServer$Division (RaftServerImpl.java:checkInconsistentAppendEntries(1284)) - ea6a4452-19f2-47d1-a527-84367a76343d@group-A7AD55EE2C31: inconsistency entries. Reply:86c596a3-6f32-42a0-9237-c69d9bdf2958<-ea6a4452-19f2-47d1-a527-84367a76343d#9:FAIL-t2,INCONSISTENCY,nextIndex=0,followerCommit=-1
2021-05-31 14:17:10,574 [grpc-default-executor-2] INFO  server.RaftServer$Division (RaftServerImpl.java:installSnapshot(1328)) - ea6a4452-19f2-47d1-a527-84367a76343d@group-A7AD55EE2C31: receive installSnapshot: 86c596a3-6f32-42a0-9237-c69d9bdf2958->ea6a4452-19f2-47d1-a527-84367a76343d#0-t2,notify:(t:2, i:105)
2021-05-31 14:17:10,574 [grpc-default-executor-1] INFO  leader.FollowerInfo (FollowerInfoImpl.java:lambda$new$0(46)) - 86c596a3-6f32-42a0-9237-c69d9bdf2958@group-A7AD55EE2C31->ea6a4452-19f2-47d1-a527-84367a76343d: nextIndex: updateUnconditionally 0 -> 0
2021-05-31 14:17:10,574 [grpc-default-executor-2] INFO  server.RaftServer$Division (RaftServerImpl.java:notifyStateMachineToInstallSnapshot(1610)) - ea6a4452-19f2-47d1-a527-84367a76343d@group-A7AD55EE2C31: Snapshot Installation by StateMachine is in progress.
2021-05-31 14:17:10,575 [grpc-default-executor-2] INFO  server.RaftServer$Division (RaftServerImpl.java:installSnapshotImpl(1458)) - ea6a4452-19f2-47d1-a527-84367a76343d@group-A7AD55EE2C31: set new configuration index: 5
configurationEntry {
  peers {
    id: "86c596a3-6f32-42a0-9237-c69d9bdf2958"
    address: "localhost:14160"
  }
  peers {
    id: "fc8d0b26-40fd-4e75-8432-30636972f5a2"
    address: "localhost:14170"
  }
}
 from snapshot
2021-05-31 14:17:10,575 [grpc-default-executor-2] INFO  server.RaftServer$Division (ServerState.java:setRaftConf(373)) - ea6a4452-19f2-47d1-a527-84367a76343d@group-A7AD55EE2C31: set configuration 5: [86c596a3-6f32-42a0-9237-c69d9bdf2958|rpc:localhost:14160|admin:|client:|dataStream:|priority:0, fc8d0b26-40fd-4e75-8432-30636972f5a2|rpc:localhost:14170|admin:|client:|dataStream:|priority:0], old=null
2021-05-31 14:17:10,575 [grpc-default-executor-2] INFO  server.RaftServer$Division (RaftServerImpl.java:installSnapshot(1339)) - ea6a4452-19f2-47d1-a527-84367a76343d@group-A7AD55EE2C31: reply installSnapshot: 86c596a3-6f32-42a0-9237-c69d9bdf2958<-ea6a4452-19f2-47d1-a527-84367a76343d#0:FAIL-t2,IN_PROGRESS
2021-05-31 14:17:10,575 [grpc-default-executor-2] INFO  server.GrpcServerProtocolService (GrpcServerProtocolService.java:onCompleted(140)) - ea6a4452-19f2-47d1-a527-84367a76343d: Completed INSTALL_SNAPSHOT, lastRequest: 86c596a3-6f32-42a0-9237-c69d9bdf2958->ea6a4452-19f2-47d1-a527-84367a76343d#0-t2,notify:(t:2, i:105)
2021-05-31 14:17:10,577 [grpc-default-executor-2] INFO  server.GrpcLogAppender (GrpcLogAppender.java:onNext(400)) - 86c596a3-6f32-42a0-9237-c69d9bdf2958@group-A7AD55EE2C31->ea6a4452-19f2-47d1-a527-84367a76343d-InstallSnapshotResponseHandler: received a reply 86c596a3-6f32-42a0-9237-c69d9bdf2958<-ea6a4452-19f2-47d1-a527-84367a76343d#0:FAIL-t2,IN_PROGRESS
2021-05-31 14:17:10,577 [grpc-default-executor-2] INFO  server.GrpcLogAppender (GrpcLogAppender.java:onNext(417)) - 86c596a3-6f32-42a0-9237-c69d9bdf2958@group-A7AD55EE2C31->ea6a4452-19f2-47d1-a527-84367a76343d-InstallSnapshotResponseHandler: InstallSnapshot in progress.
2021-05-31 14:17:10,579 [86c596a3-6f32-42a0-9237-c69d9bdf2958@group-A7AD55EE2C31->ea6a4452-19f2-47d1-a527-84367a76343d-GrpcLogAppender-LogAppenderDaemon] INFO  server.GrpcLogAppender (GrpcLogAppender.java:installSnapshot(524)) - 86c596a3-6f32-42a0-9237-c69d9bdf2958@group-A7AD55EE2C31->ea6a4452-19f2-47d1-a527-84367a76343d-GrpcLogAppender: followerNextIndex = 0 but logStartIndex = 105, notify follower to install snapshot-(t:2, i:105)
2021-05-31 14:17:10,579 [86c596a3-6f32-42a0-9237-c69d9bdf2958@group-A7AD55EE2C31->ea6a4452-19f2-47d1-a527-84367a76343d-GrpcLogAppender-LogAppenderDaemon] INFO  server.GrpcLogAppender (GrpcLogAppender.java:installSnapshot(532)) - 86c596a3-6f32-42a0-9237-c69d9bdf2958@group-A7AD55EE2C31->ea6a4452-19f2-47d1-a527-84367a76343d-GrpcLogAppender: send 86c596a3-6f32-42a0-9237-c69d9bdf2958->ea6a4452-19f2-47d1-a527-84367a76343d#0-t2,notify:(t:2, i:105)
2021-05-31 14:17:10,580 [grpc-default-executor-2] INFO  server.RaftServer$Division (RaftServerImpl.java:checkInconsistentAppendEntries(1292)) - ea6a4452-19f2-47d1-a527-84367a76343d@group-A7AD55EE2C31: Failed appendEntries as snapshot ((t:2, i:105)) installation is in progress
2021-05-31 14:17:10,580 [grpc-default-executor-2] INFO  server.RaftServer$Division (RaftServerImpl.java:checkInconsistentAppendEntries(1284)) - ea6a4452-19f2-47d1-a527-84367a76343d@group-A7AD55EE2C31: inconsistency entries. Reply:86c596a3-6f32-42a0-9237-c69d9bdf2958<-ea6a4452-19f2-47d1-a527-84367a76343d#10:FAIL-t2,INCONSISTENCY,nextIndex=0,followerCommit=-1
2021-05-31 14:17:10,581 [grpc-default-executor-1] INFO  leader.FollowerInfo (FollowerInfoImpl.java:lambda$new$0(46)) - 86c596a3-6f32-42a0-9237-c69d9bdf2958@group-A7AD55EE2C31->ea6a4452-19f2-47d1-a527-84367a76343d: nextIndex: updateUnconditionally 0 -> 0
2021-05-31 14:17:10,581 [grpc-default-executor-0] INFO  server.RaftServer$Division (RaftServerImpl.java:installSnapshot(1328)) - ea6a4452-19f2-47d1-a527-84367a76343d@group-A7AD55EE2C31: receive installSnapshot: 86c596a3-6f32-42a0-9237-c69d9bdf2958->ea6a4452-19f2-47d1-a527-84367a76343d#0-t2,notify:(t:2, i:105)
2021-05-31 14:17:10,581 [grpc-default-executor-0] INFO  server.RaftServer$Division (RaftServerImpl.java:notifyStateMachineToInstallSnapshot(1610)) - ea6a4452-19f2-47d1-a527-84367a76343d@group-A7AD55EE2C31: Snapshot Installation by StateMachine is in progress.
2021-05-31 14:17:10,582 [grpc-default-executor-0] INFO  server.RaftServer$Division (RaftServerImpl.java:installSnapshotImpl(1458)) - ea6a4452-19f2-47d1-a527-84367a76343d@group-A7AD55EE2C31: set new configuration index: 5
configurationEntry {
  peers {
    id: "86c596a3-6f32-42a0-9237-c69d9bdf2958"
    address: "localhost:14160"
  }
  peers {
    id: "fc8d0b26-40fd-4e75-8432-30636972f5a2"
    address: "localhost:14170"
  }
}
 from snapshot
2021-05-31 14:17:10,582 [grpc-default-executor-0] INFO  server.RaftServer$Division (ServerState.java:setRaftConf(373)) - ea6a4452-19f2-47d1-a527-84367a76343d@group-A7AD55EE2C31: set configuration 5: [86c596a3-6f32-42a0-9237-c69d9bdf2958|rpc:localhost:14160|admin:|client:|dataStream:|priority:0, fc8d0b26-40fd-4e75-8432-30636972f5a2|rpc:localhost:14170|admin:|client:|dataStream:|priority:0], old=null
2021-05-31 14:17:10,582 [grpc-default-executor-0] INFO  server.RaftServer$Division (RaftServerImpl.java:installSnapshot(1339)) - ea6a4452-19f2-47d1-a527-84367a76343d@group-A7AD55EE2C31: reply installSnapshot: 86c596a3-6f32-42a0-9237-c69d9bdf2958<-ea6a4452-19f2-47d1-a527-84367a76343d#0:FAIL-t2,IN_PROGRESS
2021-05-31 14:17:10,582 [grpc-default-executor-0] INFO  server.GrpcServerProtocolService (GrpcServerProtocolService.java:onCompleted(140)) - ea6a4452-19f2-47d1-a527-84367a76343d: Completed INSTALL_SNAPSHOT, lastRequest: 86c596a3-6f32-42a0-9237-c69d9bdf2958->ea6a4452-19f2-47d1-a527-84367a76343d#0-t2,notify:(t:2, i:105)
2021-05-31 14:17:10,583 [grpc-default-executor-2] INFO  server.GrpcLogAppender (GrpcLogAppender.java:onNext(400)) - 86c596a3-6f32-42a0-9237-c69d9bdf2958@group-A7AD55EE2C31->ea6a4452-19f2-47d1-a527-84367a76343d-InstallSnapshotResponseHandler: received a reply 86c596a3-6f32-42a0-9237-c69d9bdf2958<-ea6a4452-19f2-47d1-a527-84367a76343d#0:FAIL-t2,IN_PROGRESS
2021-05-31 14:17:10,583 [grpc-default-executor-2] INFO  server.GrpcLogAppender (GrpcLogAppender.java:onNext(417)) - 86c596a3-6f32-42a0-9237-c69d9bdf2958@group-A7AD55EE2C31->ea6a4452-19f2-47d1-a527-84367a76343d-InstallSnapshotResponseHandler: InstallSnapshot in progress.
2021-05-31 14:17:10,585 [86c596a3-6f32-42a0-9237-c69d9bdf2958@group-A7AD55EE2C31->ea6a4452-19f2-47d1-a527-84367a76343d-GrpcLogAppender-LogAppenderDaemon] INFO  server.GrpcLogAppender (GrpcLogAppender.java:installSnapshot(524)) - 86c596a3-6f32-42a0-9237-c69d9bdf2958@group-A7AD55EE2C31->ea6a4452-19f2-47d1-a527-84367a76343d-GrpcLogAppender: followerNextIndex = 0 but logStartIndex = 105, notify follower to install snapshot-(t:2, i:105)
2021-05-31 14:17:10,586 [86c596a3-6f32-42a0-9237-c69d9bdf2958@group-A7AD55EE2C31->ea6a4452-19f2-47d1-a527-84367a76343d-GrpcLogAppender-LogAppenderDaemon] INFO  server.GrpcLogAppender (GrpcLogAppender.java:installSnapshot(532)) - 86c596a3-6f32-42a0-9237-c69d9bdf2958@group-A7AD55EE2C31->ea6a4452-19f2-47d1-a527-84367a76343d-GrpcLogAppender: send 86c596a3-6f32-42a0-9237-c69d9bdf2958->ea6a4452-19f2-47d1-a527-84367a76343d#0-t2,notify:(t:2, i:105)
2021-05-31 14:17:10,586 [grpc-default-executor-2] INFO  server.RaftServer$Division (RaftServerImpl.java:checkInconsistentAppendEntries(1292)) - ea6a4452-19f2-47d1-a527-84367a76343d@group-A7AD55EE2C31: Failed appendEntries as snapshot ((t:2, i:105)) installation is in progress
2021-05-31 14:17:10,587 [grpc-default-executor-2] INFO  server.RaftServer$Division (RaftServerImpl.java:checkInconsistentAppendEntries(1284)) - ea6a4452-19f2-47d1-a527-84367a76343d@group-A7AD55EE2C31: inconsistency entries. Reply:86c596a3-6f32-42a0-9237-c69d9bdf2958<-ea6a4452-19f2-47d1-a527-84367a76343d#11:FAIL-t2,INCONSISTENCY,nextIndex=0,followerCommit=-1
2021-05-31 14:17:10,587 [grpc-default-executor-2] INFO  leader.FollowerInfo (FollowerInfoImpl.java:lambda$new$0(46)) - 86c596a3-6f32-42a0-9237-c69d9bdf2958@group-A7AD55EE2C31->ea6a4452-19f2-47d1-a527-84367a76343d: nextIndex: updateUnconditionally 0 -> 0
2021-05-31 14:17:10,590 [grpc-default-executor-0] INFO  server.RaftServer$Division (RaftServerImpl.java:installSnapshot(1328)) - ea6a4452-19f2-47d1-a527-84367a76343d@group-A7AD55EE2C31: receive installSnapshot: 86c596a3-6f32-42a0-9237-c69d9bdf2958->ea6a4452-19f2-47d1-a527-84367a76343d#0-t2,notify:(t:2, i:105)
2021-05-31 14:17:10,590 [grpc-default-executor-0] INFO  server.RaftServer$Division (RaftServerImpl.java:notifyStateMachineToInstallSnapshot(1610)) - ea6a4452-19f2-47d1-a527-84367a76343d@group-A7AD55EE2C31: Snapshot Installation by StateMachine is in progress.
2021-05-31 14:17:10,590 [grpc-default-executor-0] INFO  server.RaftServer$Division (RaftServerImpl.java:installSnapshotImpl(1458)) - ea6a4452-19f2-47d1-a527-84367a76343d@group-A7AD55EE2C31: set new configuration index: 5
configurationEntry {
  peers {
    id: "86c596a3-6f32-42a0-9237-c69d9bdf2958"
    address: "localhost:14160"
  }
  peers {
    id: "fc8d0b26-40fd-4e75-8432-30636972f5a2"
    address: "localhost:14170"
  }
}
 from snapshot
2021-05-31 14:17:10,590 [grpc-default-executor-0] INFO  server.RaftServer$Division (ServerState.java:setRaftConf(373)) - ea6a4452-19f2-47d1-a527-84367a76343d@group-A7AD55EE2C31: set configuration 5: [86c596a3-6f32-42a0-9237-c69d9bdf2958|rpc:localhost:14160|admin:|client:|dataStream:|priority:0, fc8d0b26-40fd-4e75-8432-30636972f5a2|rpc:localhost:14170|admin:|client:|dataStream:|priority:0], old=null
2021-05-31 14:17:10,590 [grpc-default-executor-0] INFO  server.RaftServer$Division (RaftServerImpl.java:installSnapshot(1339)) - ea6a4452-19f2-47d1-a527-84367a76343d@group-A7AD55EE2C31: reply installSnapshot: 86c596a3-6f32-42a0-9237-c69d9bdf2958<-ea6a4452-19f2-47d1-a527-84367a76343d#0:FAIL-t2,IN_PROGRESS
2021-05-31 14:17:10,591 [grpc-default-executor-0] INFO  server.GrpcServerProtocolService (GrpcServerProtocolService.java:onCompleted(140)) - ea6a4452-19f2-47d1-a527-84367a76343d: Completed INSTALL_SNAPSHOT, lastRequest: 86c596a3-6f32-42a0-9237-c69d9bdf2958->ea6a4452-19f2-47d1-a527-84367a76343d#0-t2,notify:(t:2, i:105)
2021-05-31 14:17:10,591 [grpc-default-executor-2] INFO  server.GrpcLogAppender (GrpcLogAppender.java:onNext(400)) - 86c596a3-6f32-42a0-9237-c69d9bdf2958@group-A7AD55EE2C31->ea6a4452-19f2-47d1-a527-84367a76343d-InstallSnapshotResponseHandler: received a reply 86c596a3-6f32-42a0-9237-c69d9bdf2958<-ea6a4452-19f2-47d1-a527-84367a76343d#0:FAIL-t2,IN_PROGRESS
2021-05-31 14:17:10,592 [grpc-default-executor-2] INFO  server.GrpcLogAppender (GrpcLogAppender.java:onNext(417)) - 86c596a3-6f32-42a0-9237-c69d9bdf2958@group-A7AD55EE2C31->ea6a4452-19f2-47d1-a527-84367a76343d-InstallSnapshotResponseHandler: InstallSnapshot in progress.
2021-05-31 14:17:10,592 [86c596a3-6f32-42a0-9237-c69d9bdf2958@group-A7AD55EE2C31->ea6a4452-19f2-47d1-a527-84367a76343d-GrpcLogAppender-LogAppenderDaemon] INFO  server.GrpcLogAppender (GrpcLogAppender.java:installSnapshot(524)) - 86c596a3-6f32-42a0-9237-c69d9bdf2958@group-A7AD55EE2C31->ea6a4452-19f2-47d1-a527-84367a76343d-GrpcLogAppender: followerNextIndex = 0 but logStartIndex = 105, notify follower to install snapshot-(t:2, i:105)
2021-05-31 14:17:10,592 [86c596a3-6f32-42a0-9237-c69d9bdf2958@group-A7AD55EE2C31->ea6a4452-19f2-47d1-a527-84367a76343d-GrpcLogAppender-LogAppenderDaemon] INFO  server.GrpcLogAppender (GrpcLogAppender.java:installSnapshot(532)) - 86c596a3-6f32-42a0-9237-c69d9bdf2958@group-A7AD55EE2C31->ea6a4452-19f2-47d1-a527-84367a76343d-GrpcLogAppender: send 86c596a3-6f32-42a0-9237-c69d9bdf2958->ea6a4452-19f2-47d1-a527-84367a76343d#0-t2,notify:(t:2, i:105)
2021-05-31 14:17:10,593 [grpc-default-executor-2] INFO  server.RaftServer$Division (RaftServerImpl.java:checkInconsistentAppendEntries(1292)) - ea6a4452-19f2-47d1-a527-84367a76343d@group-A7AD55EE2C31: Failed appendEntries as snapshot ((t:2, i:105)) installation is in progress
2021-05-31 14:17:10,593 [grpc-default-executor-2] INFO  server.RaftServer$Division (RaftServerImpl.java:checkInconsistentAppendEntries(1284)) - ea6a4452-19f2-47d1-a527-84367a76343d@group-A7AD55EE2C31: inconsistency entries. Reply:86c596a3-6f32-42a0-9237-c69d9bdf2958<-ea6a4452-19f2-47d1-a527-84367a76343d#12:FAIL-t2,INCONSISTENCY,nextIndex=0,followerCommit=-1
2021-05-31 14:17:10,594 [grpc-default-executor-2] INFO  leader.FollowerInfo (FollowerInfoImpl.java:lambda$new$0(46)) - 86c596a3-6f32-42a0-9237-c69d9bdf2958@group-A7AD55EE2C31->ea6a4452-19f2-47d1-a527-84367a76343d: nextIndex: updateUnconditionally 0 -> 0
2021-05-31 14:17:10,595 [grpc-default-executor-1] INFO  server.RaftServer$Division (RaftServerImpl.java:installSnapshot(1328)) - ea6a4452-19f2-47d1-a527-84367a76343d@group-A7AD55EE2C31: receive installSnapshot: 86c596a3-6f32-42a0-9237-c69d9bdf2958->ea6a4452-19f2-47d1-a527-84367a76343d#0-t2,notify:(t:2, i:105)
2021-05-31 14:17:10,595 [grpc-default-executor-1] INFO  server.RaftServer$Division (RaftServerImpl.java:notifyStateMachineToInstallSnapshot(1610)) - ea6a4452-19f2-47d1-a527-84367a76343d@group-A7AD55EE2C31: Snapshot Installation by StateMachine is in progress.
2021-05-31 14:17:10,595 [grpc-default-executor-1] INFO  server.RaftServer$Division (RaftServerImpl.java:installSnapshotImpl(1458)) - ea6a4452-19f2-47d1-a527-84367a76343d@group-A7AD55EE2C31: set new configuration index: 5
configurationEntry {
  peers {
    id: "86c596a3-6f32-42a0-9237-c69d9bdf2958"
    address: "localhost:14160"
  }
  peers {
    id: "fc8d0b26-40fd-4e75-8432-30636972f5a2"
    address: "localhost:14170"
  }
}
 from snapshot
2021-05-31 14:17:10,595 [grpc-default-executor-1] INFO  server.RaftServer$Division (ServerState.java:setRaftConf(373)) - ea6a4452-19f2-47d1-a527-84367a76343d@group-A7AD55EE2C31: set configuration 5: [86c596a3-6f32-42a0-9237-c69d9bdf2958|rpc:localhost:14160|admin:|client:|dataStream:|priority:0, fc8d0b26-40fd-4e75-8432-30636972f5a2|rpc:localhost:14170|admin:|client:|dataStream:|priority:0], old=null
2021-05-31 14:17:10,595 [grpc-default-executor-1] INFO  server.RaftServer$Division (RaftServerImpl.java:installSnapshot(1339)) - ea6a4452-19f2-47d1-a527-84367a76343d@group-A7AD55EE2C31: reply installSnapshot: 86c596a3-6f32-42a0-9237-c69d9bdf2958<-ea6a4452-19f2-47d1-a527-84367a76343d#0:FAIL-t2,IN_PROGRESS
2021-05-31 14:17:10,595 [grpc-default-executor-1] INFO  server.GrpcServerProtocolService (GrpcServerProtocolService.java:onCompleted(140)) - ea6a4452-19f2-47d1-a527-84367a76343d: Completed INSTALL_SNAPSHOT, lastRequest: 86c596a3-6f32-42a0-9237-c69d9bdf2958->ea6a4452-19f2-47d1-a527-84367a76343d#0-t2,notify:(t:2, i:105)
2021-05-31 14:17:10,596 [grpc-default-executor-2] INFO  server.GrpcLogAppender (GrpcLogAppender.java:onNext(400)) - 86c596a3-6f32-42a0-9237-c69d9bdf2958@group-A7AD55EE2C31->ea6a4452-19f2-47d1-a527-84367a76343d-InstallSnapshotResponseHandler: received a reply 86c596a3-6f32-42a0-9237-c69d9bdf2958<-ea6a4452-19f2-47d1-a527-84367a76343d#0:FAIL-t2,IN_PROGRESS
2021-05-31 14:17:10,596 [grpc-default-executor-2] INFO  server.GrpcLogAppender (GrpcLogAppender.java:onNext(417)) - 86c596a3-6f32-42a0-9237-c69d9bdf2958@group-A7AD55EE2C31->ea6a4452-19f2-47d1-a527-84367a76343d-InstallSnapshotResponseHandler: InstallSnapshot in progress.
2021-05-31 14:17:10,599 [86c596a3-6f32-42a0-9237-c69d9bdf2958@group-A7AD55EE2C31->ea6a4452-19f2-47d1-a527-84367a76343d-GrpcLogAppender-LogAppenderDaemon] INFO  server.GrpcLogAppender (GrpcLogAppender.java:installSnapshot(524)) - 86c596a3-6f32-42a0-9237-c69d9bdf2958@group-A7AD55EE2C31->ea6a4452-19f2-47d1-a527-84367a76343d-GrpcLogAppender: followerNextIndex = 0 but logStartIndex = 105, notify follower to install snapshot-(t:2, i:105)
2021-05-31 14:17:10,599 [86c596a3-6f32-42a0-9237-c69d9bdf2958@group-A7AD55EE2C31->ea6a4452-19f2-47d1-a527-84367a76343d-GrpcLogAppender-LogAppenderDaemon] INFO  server.GrpcLogAppender (GrpcLogAppender.java:installSnapshot(532)) - 86c596a3-6f32-42a0-9237-c69d9bdf2958@group-A7AD55EE2C31->ea6a4452-19f2-47d1-a527-84367a76343d-GrpcLogAppender: send 86c596a3-6f32-42a0-9237-c69d9bdf2958->ea6a4452-19f2-47d1-a527-84367a76343d#0-t2,notify:(t:2, i:105)
2021-05-31 14:17:10,599 [grpc-default-executor-2] INFO  server.RaftServer$Division (RaftServerImpl.java:checkInconsistentAppendEntries(1292)) - ea6a4452-19f2-47d1-a527-84367a76343d@group-A7AD55EE2C31: Failed appendEntries as snapshot ((t:2, i:105)) installation is in progress
2021-05-31 14:17:10,600 [grpc-default-executor-2] INFO  server.RaftServer$Division (RaftServerImpl.java:checkInconsistentAppendEntries(1284)) - ea6a4452-19f2-47d1-a527-84367a76343d@group-A7AD55EE2C31: inconsistency entries. Reply:86c596a3-6f32-42a0-9237-c69d9bdf2958<-ea6a4452-19f2-47d1-a527-84367a76343d#13:FAIL-t2,INCONSISTENCY,nextIndex=0,followerCommit=-1
2021-05-31 14:17:10,600 [pool-55-thread-1] INFO  ha.SCMHAManagerImpl (SCMHAManagerImpl.java:verifyCheckpointFromLeader(172)) - Installing checkpoint with SCMTransactionInfo 2#202
2021-05-31 14:17:10,600 [grpc-default-executor-2] INFO  leader.FollowerInfo (FollowerInfoImpl.java:lambda$new$0(46)) - 86c596a3-6f32-42a0-9237-c69d9bdf2958@group-A7AD55EE2C31->ea6a4452-19f2-47d1-a527-84367a76343d: nextIndex: updateUnconditionally 0 -> 0
2021-05-31 14:17:10,600 [pool-55-thread-1] INFO  server.RaftServer$Division (RaftServerImpl.java:lambda$notifyStateMachineToInstallSnapshot$30(1593)) - ea6a4452-19f2-47d1-a527-84367a76343d@group-A7AD55EE2C31: StateMachine successfully installed snapshot index 202. Reloading the StateMachine.
2021-05-31 14:17:10,602 [grpc-default-executor-1] INFO  server.RaftServer$Division (RaftServerImpl.java:installSnapshot(1328)) - ea6a4452-19f2-47d1-a527-84367a76343d@group-A7AD55EE2C31: receive installSnapshot: 86c596a3-6f32-42a0-9237-c69d9bdf2958->ea6a4452-19f2-47d1-a527-84367a76343d#0-t2,notify:(t:2, i:105)
2021-05-31 14:17:10,603 [grpc-default-executor-1] INFO  server.RaftServer$Division (RaftServerImpl.java:notifyStateMachineToInstallSnapshot(1610)) - ea6a4452-19f2-47d1-a527-84367a76343d@group-A7AD55EE2C31: Snapshot Installation by StateMachine is in progress.
2021-05-31 14:17:10,603 [grpc-default-executor-1] INFO  server.RaftServer$Division (RaftServerImpl.java:installSnapshotImpl(1458)) - ea6a4452-19f2-47d1-a527-84367a76343d@group-A7AD55EE2C31: set new configuration index: 5
configurationEntry {
  peers {
    id: "86c596a3-6f32-42a0-9237-c69d9bdf2958"
    address: "localhost:14160"
  }
  peers {
    id: "fc8d0b26-40fd-4e75-8432-30636972f5a2"
    address: "localhost:14170"
  }
}
 from snapshot
2021-05-31 14:17:10,602 [pool-55-thread-1] INFO  segmented.SegmentedRaftLogWorker (SegmentedRaftLogWorker.java:lambda$new$0(133)) - ea6a4452-19f2-47d1-a527-84367a76343d@group-A7AD55EE2C31-SegmentedRaftLogWorker: flushIndex: setUnconditionally -1 -> 202
2021-05-31 14:17:10,603 [pool-55-thread-1] INFO  segmented.SegmentedRaftLogWorker (SegmentedRaftLogWorker.java:lambda$new$0(133)) - ea6a4452-19f2-47d1-a527-84367a76343d@group-A7AD55EE2C31-SegmentedRaftLogWorker: safeCacheEvictIndex: setUnconditionally -1 -> 202
2021-05-31 14:17:10,603 [pool-55-thread-1] INFO  raftlog.RaftLog (RaftLogBase.java:lambda$new$0(53)) - ea6a4452-19f2-47d1-a527-84367a76343d@group-A7AD55EE2C31-SegmentedRaftLog: snapshotIndex: updateIncreasingly -1 -> 202
2021-05-31 14:17:10,603 [grpc-default-executor-1] INFO  server.RaftServer$Division (ServerState.java:setRaftConf(373)) - ea6a4452-19f2-47d1-a527-84367a76343d@group-A7AD55EE2C31: set configuration 5: [86c596a3-6f32-42a0-9237-c69d9bdf2958|rpc:localhost:14160|admin:|client:|dataStream:|priority:0, fc8d0b26-40fd-4e75-8432-30636972f5a2|rpc:localhost:14170|admin:|client:|dataStream:|priority:0], old=null
2021-05-31 14:17:10,606 [grpc-default-executor-1] INFO  server.RaftServer$Division (RaftServerImpl.java:installSnapshot(1339)) - ea6a4452-19f2-47d1-a527-84367a76343d@group-A7AD55EE2C31: reply installSnapshot: 86c596a3-6f32-42a0-9237-c69d9bdf2958<-ea6a4452-19f2-47d1-a527-84367a76343d#0:FAIL-t2,IN_PROGRESS
2021-05-31 14:17:10,606 [grpc-default-executor-1] INFO  server.GrpcServerProtocolService (GrpcServerProtocolService.java:onCompleted(140)) - ea6a4452-19f2-47d1-a527-84367a76343d: Completed INSTALL_SNAPSHOT, lastRequest: 86c596a3-6f32-42a0-9237-c69d9bdf2958->ea6a4452-19f2-47d1-a527-84367a76343d#0-t2,notify:(t:2, i:105)
2021-05-31 14:17:10,608 [grpc-default-executor-1] INFO  server.GrpcLogAppender (GrpcLogAppender.java:onNext(400)) - 86c596a3-6f32-42a0-9237-c69d9bdf2958@group-A7AD55EE2C31->ea6a4452-19f2-47d1-a527-84367a76343d-InstallSnapshotResponseHandler: received a reply 86c596a3-6f32-42a0-9237-c69d9bdf2958<-ea6a4452-19f2-47d1-a527-84367a76343d#0:FAIL-t2,IN_PROGRESS
2021-05-31 14:17:10,608 [grpc-default-executor-1] INFO  server.GrpcLogAppender (GrpcLogAppender.java:onNext(417)) - 86c596a3-6f32-42a0-9237-c69d9bdf2958@group-A7AD55EE2C31->ea6a4452-19f2-47d1-a527-84367a76343d-InstallSnapshotResponseHandler: InstallSnapshot in progress.
2021-05-31 14:17:10,616 [86c596a3-6f32-42a0-9237-c69d9bdf2958@group-A7AD55EE2C31->ea6a4452-19f2-47d1-a527-84367a76343d-GrpcLogAppender-LogAppenderDaemon] INFO  server.GrpcLogAppender (GrpcLogAppender.java:installSnapshot(524)) - 86c596a3-6f32-42a0-9237-c69d9bdf2958@group-A7AD55EE2C31->ea6a4452-19f2-47d1-a527-84367a76343d-GrpcLogAppender: followerNextIndex = 0 but logStartIndex = 105, notify follower to install snapshot-(t:2, i:105)
2021-05-31 14:17:10,616 [86c596a3-6f32-42a0-9237-c69d9bdf2958@group-A7AD55EE2C31->ea6a4452-19f2-47d1-a527-84367a76343d-GrpcLogAppender-LogAppenderDaemon] INFO  server.GrpcLogAppender (GrpcLogAppender.java:installSnapshot(532)) - 86c596a3-6f32-42a0-9237-c69d9bdf2958@group-A7AD55EE2C31->ea6a4452-19f2-47d1-a527-84367a76343d-GrpcLogAppender: send 86c596a3-6f32-42a0-9237-c69d9bdf2958->ea6a4452-19f2-47d1-a527-84367a76343d#0-t2,notify:(t:2, i:105)
2021-05-31 14:17:10,619 [grpc-default-executor-1] INFO  server.RaftServer$Division (RaftServerImpl.java:installSnapshot(1328)) - ea6a4452-19f2-47d1-a527-84367a76343d@group-A7AD55EE2C31: receive installSnapshot: 86c596a3-6f32-42a0-9237-c69d9bdf2958->ea6a4452-19f2-47d1-a527-84367a76343d#0-t2,notify:(t:2, i:105)
2021-05-31 14:17:10,619 [grpc-default-executor-1] INFO  server.RaftServer$Division (RaftServerImpl.java:notifyStateMachineToInstallSnapshot(1559)) - ea6a4452-19f2-47d1-a527-84367a76343d@group-A7AD55EE2C31: StateMachine snapshotIndex is 202
2021-05-31 14:17:10,620 [grpc-default-executor-1] INFO  server.RaftServer$Division (RaftServerImpl.java:installSnapshotImpl(1458)) - ea6a4452-19f2-47d1-a527-84367a76343d@group-A7AD55EE2C31: set new configuration index: 5
configurationEntry {
  peers {
    id: "86c596a3-6f32-42a0-9237-c69d9bdf2958"
    address: "localhost:14160"
  }
  peers {
    id: "fc8d0b26-40fd-4e75-8432-30636972f5a2"
    address: "localhost:14170"
  }
}
 from snapshot
2021-05-31 14:17:10,620 [grpc-default-executor-1] INFO  server.RaftServer$Division (ServerState.java:setRaftConf(373)) - ea6a4452-19f2-47d1-a527-84367a76343d@group-A7AD55EE2C31: set configuration 5: [86c596a3-6f32-42a0-9237-c69d9bdf2958|rpc:localhost:14160|admin:|client:|dataStream:|priority:0, fc8d0b26-40fd-4e75-8432-30636972f5a2|rpc:localhost:14170|admin:|client:|dataStream:|priority:0], old=null
2021-05-31 14:17:10,620 [grpc-default-executor-1] INFO  server.RaftServer$Division (RaftServerImpl.java:installSnapshot(1339)) - ea6a4452-19f2-47d1-a527-84367a76343d@group-A7AD55EE2C31: reply installSnapshot: 86c596a3-6f32-42a0-9237-c69d9bdf2958<-ea6a4452-19f2-47d1-a527-84367a76343d#0:FAIL-t2,ALREADY_INSTALLED,snapshotIndex=202
2021-05-31 14:17:10,620 [grpc-default-executor-1] INFO  server.GrpcServerProtocolService (GrpcServerProtocolService.java:onCompleted(140)) - ea6a4452-19f2-47d1-a527-84367a76343d: Completed INSTALL_SNAPSHOT, lastRequest: 86c596a3-6f32-42a0-9237-c69d9bdf2958->ea6a4452-19f2-47d1-a527-84367a76343d#0-t2,notify:(t:2, i:105)
2021-05-31 14:17:10,621 [grpc-default-executor-1] INFO  server.GrpcLogAppender (GrpcLogAppender.java:onNext(400)) - 86c596a3-6f32-42a0-9237-c69d9bdf2958@group-A7AD55EE2C31->ea6a4452-19f2-47d1-a527-84367a76343d-InstallSnapshotResponseHandler: received a reply 86c596a3-6f32-42a0-9237-c69d9bdf2958<-ea6a4452-19f2-47d1-a527-84367a76343d#0:FAIL-t2,ALREADY_INSTALLED,snapshotIndex=202
2021-05-31 14:17:10,621 [grpc-default-executor-1] INFO  server.GrpcLogAppender (GrpcLogAppender.java:onNext(422)) - 86c596a3-6f32-42a0-9237-c69d9bdf2958@group-A7AD55EE2C31->ea6a4452-19f2-47d1-a527-84367a76343d-InstallSnapshotResponseHandler: Already Installed Snapshot Index 202.
2021-05-31 14:17:10,621 [grpc-default-executor-1] INFO  leader.FollowerInfo (FollowerInfoImpl.java:lambda$new$0(46)) - 86c596a3-6f32-42a0-9237-c69d9bdf2958@group-A7AD55EE2C31->ea6a4452-19f2-47d1-a527-84367a76343d: snapshotIndex: setUnconditionally 0 -> 202
2021-05-31 14:17:10,621 [grpc-default-executor-1] INFO  leader.FollowerInfo (FollowerInfoImpl.java:lambda$new$0(46)) - 86c596a3-6f32-42a0-9237-c69d9bdf2958@group-A7AD55EE2C31->ea6a4452-19f2-47d1-a527-84367a76343d: matchIndex: setUnconditionally 0 -> 202
2021-05-31 14:17:10,621 [grpc-default-executor-1] INFO  leader.FollowerInfo (FollowerInfoImpl.java:lambda$new$0(46)) - 86c596a3-6f32-42a0-9237-c69d9bdf2958@group-A7AD55EE2C31->ea6a4452-19f2-47d1-a527-84367a76343d: nextIndex: setUnconditionally 0 -> 203
2021-05-31 14:17:10,622 [grpc-default-executor-1] INFO  leader.FollowerInfo (FollowerInfoImpl.java:lambda$new$0(46)) - 86c596a3-6f32-42a0-9237-c69d9bdf2958@group-A7AD55EE2C31->ea6a4452-19f2-47d1-a527-84367a76343d: nextIndex: updateToMax old=203, new=203, updated? false
2021-05-31 14:17:10,626 [grpc-default-executor-1] INFO  segmented.SegmentedRaftLogWorker (SegmentedRaftLogWorker.java:startLogSegment(394)) - ea6a4452-19f2-47d1-a527-84367a76343d@group-A7AD55EE2C31-SegmentedRaftLogWorker: Starting segment from index:203
2021-05-31 14:17:10,627 [ea6a4452-19f2-47d1-a527-84367a76343d@group-A7AD55EE2C31-SegmentedRaftLogWorker] INFO  segmented.SegmentedRaftLogWorker (SegmentedRaftLogWorker.java:execute(601)) - ea6a4452-19f2-47d1-a527-84367a76343d@group-A7AD55EE2C31-SegmentedRaftLogWorker: created new log segment /home/runner/work/ozone/ozone/mnt/ozone/hadoop-ozone/integration-test/target/test-dir/MiniOzoneClusterImpl-54085720-bde5-45d4-8ce8-a7ad55ee2c31/scmNode-3/scm-ha/54085720-bde5-45d4-8ce8-a7ad55ee2c31/current/log_inprogress_203
2021-05-31 14:17:10,630 [86c596a3-6f32-42a0-9237-c69d9bdf2958@group-A7AD55EE2C31-LeaderStateImpl] INFO  server.RaftServer$Division (ServerState.java:setRaftConf(373)) - 86c596a3-6f32-42a0-9237-c69d9bdf2958@group-A7AD55EE2C31: set configuration 205: [ea6a4452-19f2-47d1-a527-84367a76343d|rpc:localhost:14180|priority:0, 86c596a3-6f32-42a0-9237-c69d9bdf2958|rpc:localhost:14160|admin:|client:|dataStream:|priority:0, fc8d0b26-40fd-4e75-8432-30636972f5a2|rpc:localhost:14170|priority:0], old=[86c596a3-6f32-42a0-9237-c69d9bdf2958|rpc:localhost:14160|admin:|client:|dataStream:|priority:0, fc8d0b26-40fd-4e75-8432-30636972f5a2|rpc:localhost:14170|priority:0]
2021-05-31 14:17:10,631 [grpc-default-executor-0] INFO  server.RaftServer$Division (ServerState.java:setRaftConf(373)) - fc8d0b26-40fd-4e75-8432-30636972f5a2@group-A7AD55EE2C31: set configuration 205: [ea6a4452-19f2-47d1-a527-84367a76343d|rpc:localhost:14180|admin:|client:|dataStream:|priority:0, 86c596a3-6f32-42a0-9237-c69d9bdf2958|rpc:localhost:14160|admin:|client:|dataStream:|priority:0, fc8d0b26-40fd-4e75-8432-30636972f5a2|rpc:localhost:14170|admin:|client:|dataStream:|priority:0], old=[86c596a3-6f32-42a0-9237-c69d9bdf2958|rpc:localhost:14160|admin:|client:|dataStream:|priority:0, fc8d0b26-40fd-4e75-8432-30636972f5a2|rpc:localhost:14170|admin:|client:|dataStream:|priority:0]
2021-05-31 14:17:10,631 [grpc-default-executor-1] INFO  server.RaftServer$Division (ServerState.java:setRaftConf(373)) - ea6a4452-19f2-47d1-a527-84367a76343d@group-A7AD55EE2C31: set configuration 205: [ea6a4452-19f2-47d1-a527-84367a76343d|rpc:localhost:14180|admin:|client:|dataStream:|priority:0, 86c596a3-6f32-42a0-9237-c69d9bdf2958|rpc:localhost:14160|admin:|client:|dataStream:|priority:0, fc8d0b26-40fd-4e75-8432-30636972f5a2|rpc:localhost:14170|admin:|client:|dataStream:|priority:0], old=[86c596a3-6f32-42a0-9237-c69d9bdf2958|rpc:localhost:14160|admin:|client:|dataStream:|priority:0, fc8d0b26-40fd-4e75-8432-30636972f5a2|rpc:localhost:14170|admin:|client:|dataStream:|priority:0]
2021-05-31 14:17:10,633 [86c596a3-6f32-42a0-9237-c69d9bdf2958@group-A7AD55EE2C31-LeaderStateImpl] INFO  server.RaftServer$Division (ServerState.java:setRaftConf(373)) - 86c596a3-6f32-42a0-9237-c69d9bdf2958@group-A7AD55EE2C31: set configuration 207: [ea6a4452-19f2-47d1-a527-84367a76343d|rpc:localhost:14180|priority:0, 86c596a3-6f32-42a0-9237-c69d9bdf2958|rpc:localhost:14160|admin:|client:|dataStream:|priority:0, fc8d0b26-40fd-4e75-8432-30636972f5a2|rpc:localhost:14170|priority:0], old=null
2021-05-31 14:17:10,634 [grpc-default-executor-1] INFO  server.RaftServer$Division (ServerState.java:setRaftConf(373)) - fc8d0b26-40fd-4e75-8432-30636972f5a2@group-A7AD55EE2C31: set configuration 207: [ea6a4452-19f2-47d1-a527-84367a76343d|rpc:localhost:14180|admin:|client:|dataStream:|priority:0, 86c596a3-6f32-42a0-9237-c69d9bdf2958|rpc:localhost:14160|admin:|client:|dataStream:|priority:0, fc8d0b26-40fd-4e75-8432-30636972f5a2|rpc:localhost:14170|admin:|client:|dataStream:|priority:0], old=null
2021-05-31 14:17:10,635 [grpc-default-executor-1] INFO  server.RaftServer$Division (ServerState.java:setRaftConf(373)) - ea6a4452-19f2-47d1-a527-84367a76343d@group-A7AD55EE2C31: set configuration 207: [ea6a4452-19f2-47d1-a527-84367a76343d|rpc:localhost:14180|admin:|client:|dataStream:|priority:0, 86c596a3-6f32-42a0-9237-c69d9bdf2958|rpc:localhost:14160|admin:|client:|dataStream:|priority:0, fc8d0b26-40fd-4e75-8432-30636972f5a2|rpc:localhost:14170|admin:|client:|dataStream:|priority:0], old=null
2021-05-31 14:17:10,636 [fc8d0b26-40fd-4e75-8432-30636972f5a2@group-A7AD55EE2C31-StateMachineUpdater] INFO  ha.SCMStateMachine (SCMStateMachine.java:takeSnapshot(282)) - Current Snapshot Index 205, takeSnapshot took 0 ms
2021-05-31 14:17:10,636 [fc8d0b26-40fd-4e75-8432-30636972f5a2@group-A7AD55EE2C31-StateMachineUpdater] INFO  impl.StateMachineUpdater (StateMachineUpdater.java:takeSnapshot(281)) - fc8d0b26-40fd-4e75-8432-30636972f5a2@group-A7AD55EE2C31-StateMachineUpdater: Took a snapshot at index 205
2021-05-31 14:17:10,637 [fc8d0b26-40fd-4e75-8432-30636972f5a2@group-A7AD55EE2C31-StateMachineUpdater] INFO  impl.StateMachineUpdater (StateMachineUpdater.java:lambda$new$0(89)) - fc8d0b26-40fd-4e75-8432-30636972f5a2@group-A7AD55EE2C31-StateMachineUpdater: snapshotIndex: updateIncreasingly 200 -> 205
2021-05-31 14:17:10,637 [fc8d0b26-40fd-4e75-8432-30636972f5a2@group-A7AD55EE2C31-StateMachineUpdater] INFO  raftlog.RaftLog (RaftLogBase.java:purge(306)) - fc8d0b26-40fd-4e75-8432-30636972f5a2@group-A7AD55EE2C31-SegmentedRaftLog: purge 205
2021-05-31 14:17:10,637 [fc8d0b26-40fd-4e75-8432-30636972f5a2@group-A7AD55EE2C31-StateMachineUpdater] INFO  raftlog.RaftLog (RaftLogBase.java:lambda$new$0(53)) - fc8d0b26-40fd-4e75-8432-30636972f5a2@group-A7AD55EE2C31-SegmentedRaftLog: snapshotIndex: updateIncreasingly 200 -> 205
2021-05-31 14:17:10,637 [fc8d0b26-40fd-4e75-8432-30636972f5a2@group-A7AD55EE2C31-StateMachineUpdater] INFO  raftlog.RaftLog (RaftLogBase.java:lambda$new$0(53)) - fc8d0b26-40fd-4e75-8432-30636972f5a2@group-A7AD55EE2C31-SegmentedRaftLog: purgeIndex: updateToMax old=200, new=205, updated? true
2021-05-31 14:17:10,637 [IPC Server handler 3 on default port 14162] INFO  ha.SCMRatisServerImpl (SCMRatisServerImpl.java:addSCM(293)) - Successfully added new SCM: ea6a4452-19f2-47d1-a527-84367a76343d.
2021-05-31 14:17:10,638 [Listener at 127.0.0.1/11372] INFO  ha.SCMHAManagerImpl (SCMHAManagerImpl.java:start(116)) - Successfully added SCM scmNode-3 to group group-A7AD55EE2C31:[ea6a4452-19f2-47d1-a527-84367a76343d|rpc:localhost:14180|admin:|client:|dataStream:|priority:0, 86c596a3-6f32-42a0-9237-c69d9bdf2958|rpc:localhost:14160|admin:|client:|dataStream:|priority:0, fc8d0b26-40fd-4e75-8432-30636972f5a2|rpc:localhost:14170|admin:|client:|dataStream:|priority:0]
2021-05-31 14:17:10,641 [Listener at 127.0.0.1/11372] INFO  ha.InterSCMGrpcService (InterSCMGrpcProtocolService.java:start(94)) - Starting SCM Grpc Service at port 14184
2021-05-31 14:17:10,641 [Listener at 127.0.0.1/11372] INFO  impl.MetricsSystemImpl (MetricsSystemImpl.java:init(158)) - StorageContainerManager metrics system started (again)
2021-05-31 14:17:10,647 [Listener at 127.0.0.1/11372] INFO  server.SCMClientProtocolServer (SCMClientProtocolServer.java:start(163)) - RPC server for Client  is listening at /0.0.0.0:14183
2021-05-31 14:17:10,649 [IPC Server Responder] INFO  ipc.Server (Server.java:run(1497)) - IPC Server Responder: starting
2021-05-31 14:17:10,649 [IPC Server listener on 14183] INFO  ipc.Server (Server.java:run(1334)) - IPC Server listener on 14183: starting
2021-05-31 14:17:10,660 [Listener at 127.0.0.1/11372] INFO  server.StorageContainerManager (StorageContainerManager.java:start(1215)) - ScmBlockLocationProtocol RPC server is listening at /0.0.0.0:14182
2021-05-31 14:17:10,660 [Listener at 127.0.0.1/11372] INFO  server.SCMBlockProtocolServer (SCMBlockProtocolServer.java:start(149)) - RPC server for Block Protocol is listening at /0.0.0.0:14182
2021-05-31 14:17:10,661 [IPC Server Responder] INFO  ipc.Server (Server.java:run(1497)) - IPC Server Responder: starting
2021-05-31 14:17:10,675 [IPC Server listener on 14182] INFO  ipc.Server (Server.java:run(1334)) - IPC Server listener on 14182: starting
2021-05-31 14:17:10,676 [Listener at 127.0.0.1/11372] INFO  server.StorageContainerManager (StorageContainerManager.java:start(1221)) - ScmDatanodeProtocl RPC server is listening at /0.0.0.0:14181
2021-05-31 14:17:10,676 [Listener at 127.0.0.1/11372] INFO  server.SCMDatanodeProtocolServer (SCMDatanodeProtocolServer.java:start(174)) - RPC server for DataNodes is listening at /0.0.0.0:14181
2021-05-31 14:17:10,676 [IPC Server Responder] INFO  ipc.Server (Server.java:run(1497)) - IPC Server Responder: starting
2021-05-31 14:17:10,677 [IPC Server listener on 14181] INFO  ipc.Server (Server.java:run(1334)) - IPC Server listener on 14181: starting
2021-05-31 14:17:10,677 [ea6a4452-19f2-47d1-a527-84367a76343d@group-A7AD55EE2C31-StateMachineUpdater] INFO  ha.SCMHAManagerImpl (SCMHAManagerImpl.java:installCheckpoint(227)) - Installing checkpoint with SCMTransactionInfo 2#202
2021-05-31 14:17:10,680 [Listener at 127.0.0.1/11372] INFO  http.BaseHttpServer (BaseHttpServer.java:newHttpServer2BuilderForOzone(209)) - Starting Web-server for scm at: http://0.0.0.0:14178
2021-05-31 14:17:10,682 [org.apache.hadoop.util.JvmPauseMonitor$Monitor@6c90063f] INFO  util.JvmPauseMonitor (JvmPauseMonitor.java:run(188)) - Starting JVM pause monitor
2021-05-31 14:17:10,683 [ea6a4452-19f2-47d1-a527-84367a76343d@group-A7AD55EE2C31-StateMachineUpdater] INFO  ha.SCMHAManagerImpl (SCMHAManagerImpl.java:installCheckpoint(266)) - Replaced DB with checkpoint, term: 2, index: 202
2021-05-31 14:17:10,683 [ea6a4452-19f2-47d1-a527-84367a76343d@group-A7AD55EE2C31-StateMachineUpdater] WARN  utils.HAUtils (HAUtils.java:getMetaDir(342)) - ozone.scm.db.dirs is not configured. We recommend adding this setting. Falling back to ozone.metadata.dirs instead.
2021-05-31 14:17:10,683 [Listener at 127.0.0.1/11372] INFO  http.BaseHttpServer (BaseHttpServer.java:<init>(107)) - Hadoop Security Enabled: false Ozone Security Enabled: false Ozone HTTP Security Enabled: false 
2021-05-31 14:17:10,684 [IPC Server handler 1 on default port 14181] INFO  ipc.Server (Server.java:run(1020)) - IPC Server handler 1 on default port 14181: skipped Call#6 Retry#0 org.apache.hadoop.ozone.protocol.StorageContainerDatanodeProtocol.submitRequest from 127.0.0.1:42246
2021-05-31 14:17:10,684 [IPC Server handler 1 on default port 14181] INFO  ipc.Server (Server.java:run(1020)) - IPC Server handler 1 on default port 14181: skipped Call#28 Retry#0 org.apache.hadoop.ozone.protocol.StorageContainerDatanodeProtocol.submitRequest from 127.0.0.1:42260
2021-05-31 14:17:10,684 [IPC Server handler 1 on default port 14181] INFO  ipc.Server (Server.java:run(1020)) - IPC Server handler 1 on default port 14181: skipped Call#143 Retry#0 org.apache.hadoop.ozone.protocol.StorageContainerDatanodeProtocol.submitRequest from 127.0.0.1:42310
2021-05-31 14:17:10,684 [IPC Server handler 1 on default port 14181] INFO  ipc.Server (Server.java:run(1020)) - IPC Server handler 1 on default port 14181: skipped Call#209 Retry#0 org.apache.hadoop.ozone.protocol.StorageContainerDatanodeProtocol.submitRequest from 127.0.0.1:42334
2021-05-31 14:17:10,685 [IPC Server handler 1 on default port 14181] INFO  ipc.Server (Server.java:run(1020)) - IPC Server handler 1 on default port 14181: skipped Call#176 Retry#0 org.apache.hadoop.ozone.protocol.StorageContainerDatanodeProtocol.submitRequest from 127.0.0.1:42324
2021-05-31 14:17:10,685 [IPC Server handler 1 on default port 14181] INFO  ipc.Server (Server.java:run(1020)) - IPC Server handler 1 on default port 14181: skipped Call#75 Retry#0 org.apache.hadoop.ozone.protocol.StorageContainerDatanodeProtocol.submitRequest from 127.0.0.1:42282
2021-05-31 14:17:10,685 [IPC Server handler 1 on default port 14181] INFO  ipc.Server (Server.java:run(1020)) - IPC Server handler 1 on default port 14181: skipped Call#112 Retry#0 org.apache.hadoop.ozone.protocol.StorageContainerDatanodeProtocol.submitRequest from 127.0.0.1:42300
2021-05-31 14:17:10,685 [IPC Server handler 1 on default port 14181] INFO  ipc.Server (Server.java:run(1020)) - IPC Server handler 1 on default port 14181: skipped Call#8 Retry#0 org.apache.hadoop.ozone.protocol.StorageContainerDatanodeProtocol.submitRequest from 127.0.0.1:42246
2021-05-31 14:17:10,685 [IPC Server handler 1 on default port 14181] INFO  ipc.Server (Server.java:run(1020)) - IPC Server handler 1 on default port 14181: skipped Call#29 Retry#0 org.apache.hadoop.ozone.protocol.StorageContainerDatanodeProtocol.submitRequest from 127.0.0.1:42260
2021-05-31 14:17:10,685 [IPC Server handler 1 on default port 14181] INFO  ipc.Server (Server.java:run(1020)) - IPC Server handler 1 on default port 14181: skipped Call#145 Retry#0 org.apache.hadoop.ozone.protocol.StorageContainerDatanodeProtocol.submitRequest from 127.0.0.1:42310
2021-05-31 14:17:10,685 [IPC Server handler 1 on default port 14181] INFO  ipc.Server (Server.java:run(1020)) - IPC Server handler 1 on default port 14181: skipped Call#210 Retry#0 org.apache.hadoop.ozone.protocol.StorageContainerDatanodeProtocol.submitRequest from 127.0.0.1:42334
2021-05-31 14:17:10,685 [IPC Server handler 1 on default port 14181] INFO  ipc.Server (Server.java:run(1020)) - IPC Server handler 1 on default port 14181: skipped Call#177 Retry#0 org.apache.hadoop.ozone.protocol.StorageContainerDatanodeProtocol.submitRequest from 127.0.0.1:42324
2021-05-31 14:17:10,685 [IPC Server handler 1 on default port 14181] INFO  ipc.Server (Server.java:run(1020)) - IPC Server handler 1 on default port 14181: skipped Call#77 Retry#0 org.apache.hadoop.ozone.protocol.StorageContainerDatanodeProtocol.submitRequest from 127.0.0.1:42282
2021-05-31 14:17:10,685 [IPC Server handler 1 on default port 14181] INFO  ipc.Server (Server.java:run(1020)) - IPC Server handler 1 on default port 14181: skipped Call#111 Retry#0 org.apache.hadoop.ozone.protocol.StorageContainerDatanodeProtocol.submitRequest from 127.0.0.1:42300
2021-05-31 14:17:10,685 [IPC Server handler 1 on default port 14181] INFO  ipc.Server (Server.java:run(1020)) - IPC Server handler 1 on default port 14181: skipped Call#12 Retry#0 org.apache.hadoop.ozone.protocol.StorageContainerDatanodeProtocol.submitRequest from 127.0.0.1:42246
2021-05-31 14:17:10,685 [IPC Server handler 1 on default port 14181] INFO  ipc.Server (Server.java:run(1020)) - IPC Server handler 1 on default port 14181: skipped Call#30 Retry#0 org.apache.hadoop.ozone.protocol.StorageContainerDatanodeProtocol.submitRequest from 127.0.0.1:42260
2021-05-31 14:17:10,685 [IPC Server handler 1 on default port 14181] INFO  ipc.Server (Server.java:run(1020)) - IPC Server handler 1 on default port 14181: skipped Call#144 Retry#0 org.apache.hadoop.ozone.protocol.StorageContainerDatanodeProtocol.submitRequest from 127.0.0.1:42310
2021-05-31 14:17:10,685 [IPC Server handler 1 on default port 14181] INFO  ipc.Server (Server.java:run(1020)) - IPC Server handler 1 on default port 14181: skipped Call#211 Retry#0 org.apache.hadoop.ozone.protocol.StorageContainerDatanodeProtocol.submitRequest from 127.0.0.1:42334
2021-05-31 14:17:10,685 [IPC Server handler 1 on default port 14181] INFO  ipc.Server (Server.java:run(1020)) - IPC Server handler 1 on default port 14181: skipped Call#178 Retry#0 org.apache.hadoop.ozone.protocol.StorageContainerDatanodeProtocol.submitRequest from 127.0.0.1:42324
2021-05-31 14:17:10,685 [IPC Server handler 1 on default port 14181] INFO  ipc.Server (Server.java:run(1020)) - IPC Server handler 1 on default port 14181: skipped Call#76 Retry#0 org.apache.hadoop.ozone.protocol.StorageContainerDatanodeProtocol.submitRequest from 127.0.0.1:42282
2021-05-31 14:17:10,684 [Listener at 127.0.0.1/11372] INFO  server.AuthenticationFilter (AuthenticationFilter.java:constructSecretProvider(240)) - Unable to initialize FileSignerSecretProvider, falling back to use random secrets.
2021-05-31 14:17:10,686 [ea6a4452-19f2-47d1-a527-84367a76343d@group-A7AD55EE2C31-StateMachineUpdater] WARN  db.DBStoreBuilder (DBStoreBuilder.java:applyDBDefinition(145)) - ozone.scm.db.dirs is not configured. We recommend adding this setting. Falling back to ozone.metadata.dirs instead.
2021-05-31 14:17:10,690 [Listener at 127.0.0.1/11372] WARN  http.HttpRequestLog (HttpRequestLog.java:getRequestLog(103)) - Jetty request log can only be enabled using Log4j
2021-05-31 14:17:10,690 [IPC Server handler 0 on default port 14181] WARN  ipc.Server (Server.java:processResponse(1707)) - IPC Server handler 0 on default port 14181, call Call#110 Retry#0 org.apache.hadoop.ozone.protocol.StorageContainerDatanodeProtocol.submitRequest from 127.0.0.1:42300: output error
2021-05-31 14:17:10,691 [IPC Server handler 0 on default port 14181] INFO  ipc.Server (Server.java:run(2970)) - IPC Server handler 0 on default port 14181 caught an exception
java.nio.channels.ClosedChannelException
	at sun.nio.ch.SocketChannelImpl.ensureWriteOpen(SocketChannelImpl.java:269)
	at sun.nio.ch.SocketChannelImpl.write(SocketChannelImpl.java:460)
	at org.apache.hadoop.ipc.Server.channelWrite(Server.java:3594)
	at org.apache.hadoop.ipc.Server.access$1700(Server.java:139)
	at org.apache.hadoop.ipc.Server$Responder.processResponse(Server.java:1657)
	at org.apache.hadoop.ipc.Server$Responder.doRespond(Server.java:1727)
	at org.apache.hadoop.ipc.Server$Connection.sendResponse(Server.java:2828)
	at org.apache.hadoop.ipc.Server$Connection.access$300(Server.java:1799)
	at org.apache.hadoop.ipc.Server$RpcCall.doResponse(Server.java:1111)
	at org.apache.hadoop.ipc.Server$Call.doResponse(Server.java:903)
	at org.apache.hadoop.ipc.Server$Call.sendResponse(Server.java:889)
	at org.apache.hadoop.ipc.Server$RpcCall.run(Server.java:1046)
	at org.apache.hadoop.ipc.Server$RpcCall.run(Server.java:957)
	at java.security.AccessController.doPrivileged(Native Method)
	at javax.security.auth.Subject.doAs(Subject.java:422)
	at org.apache.hadoop.security.UserGroupInformation.doAs(UserGroupInformation.java:1762)
	at org.apache.hadoop.ipc.Server$Handler.run(Server.java:2957)
2021-05-31 14:17:10,691 [IPC Server handler 0 on default port 14181] INFO  ipc.Server (Server.java:run(1020)) - IPC Server handler 0 on default port 14181: skipped Call#244 Retry#0 org.apache.hadoop.ozone.protocol.StorageContainerDatanodeProtocol.submitRequest from 127.0.0.1:42354
2021-05-31 14:17:10,691 [Listener at 127.0.0.1/11372] INFO  http.HttpServer2 (HttpServer2.java:addGlobalFilter(1020)) - Added global filter 'safety' (class=org.apache.hadoop.hdds.server.http.HttpServer2$QuotingInputFilter)
2021-05-31 14:17:10,691 [IPC Server handler 1 on default port 14181] INFO  ipc.Server (Server.java:run(1020)) - IPC Server handler 1 on default port 14181: skipped Call#246 Retry#0 org.apache.hadoop.ozone.protocol.StorageContainerDatanodeProtocol.submitRequest from 127.0.0.1:42354
2021-05-31 14:17:10,691 [IPC Server handler 2 on default port 14181] INFO  ipc.Server (Server.java:run(1020)) - IPC Server handler 2 on default port 14181: skipped Call#245 Retry#0 org.apache.hadoop.ozone.protocol.StorageContainerDatanodeProtocol.submitRequest from 127.0.0.1:42354
2021-05-31 14:17:10,692 [Listener at 127.0.0.1/11372] INFO  http.HttpServer2 (HttpServer2.java:addFilter(996)) - Added filter static_user_filter (class=org.apache.hadoop.http.lib.StaticUserWebFilter$StaticUserFilter) to context scm
2021-05-31 14:17:10,693 [Listener at 127.0.0.1/11372] INFO  http.HttpServer2 (HttpServer2.java:addFilter(1004)) - Added filter static_user_filter (class=org.apache.hadoop.http.lib.StaticUserWebFilter$StaticUserFilter) to context logs
2021-05-31 14:17:10,693 [Listener at 127.0.0.1/11372] INFO  http.HttpServer2 (HttpServer2.java:addFilter(1004)) - Added filter static_user_filter (class=org.apache.hadoop.http.lib.StaticUserWebFilter$StaticUserFilter) to context static
2021-05-31 14:17:10,694 [Listener at 127.0.0.1/11372] INFO  http.HttpServer2 (HttpServer2.java:bindListener(1238)) - Jetty bound to port 14178
2021-05-31 14:17:10,694 [Listener at 127.0.0.1/11372] INFO  server.Server (Server.java:doStart(375)) - jetty-9.4.35.v20201120; built: 2020-11-20T21:17:03.964Z; git: bdc54f03a5e0a7e280fab27f55c3c75ee8da89fb; jvm 1.8.0_292-b10
2021-05-31 14:17:10,692 [EndpointStateMachine task thread for /127.0.0.1:14181 - 0 ] INFO  ozoneimpl.OzoneContainer (OzoneContainer.java:start(291)) - Ignore. OzoneContainer already started.
2021-05-31 14:17:10,700 [EndpointStateMachine task thread for /127.0.0.1:14181 - 0 ] INFO  ozoneimpl.OzoneContainer (OzoneContainer.java:start(291)) - Ignore. OzoneContainer already started.
2021-05-31 14:17:10,701 [EndpointStateMachine task thread for /127.0.0.1:14181 - 0 ] INFO  ozoneimpl.OzoneContainer (OzoneContainer.java:start(291)) - Ignore. OzoneContainer already started.
2021-05-31 14:17:10,702 [Listener at 127.0.0.1/11372] INFO  server.session (DefaultSessionIdManager.java:doStart(334)) - DefaultSessionIdManager workerName=node0
2021-05-31 14:17:10,702 [Listener at 127.0.0.1/11372] INFO  server.session (DefaultSessionIdManager.java:doStart(339)) - No SessionScavenger set, using defaults
2021-05-31 14:17:10,702 [Listener at 127.0.0.1/11372] INFO  server.session (HouseKeeper.java:startScavenging(132)) - node0 Scavenging every 660000ms
2021-05-31 14:17:10,703 [Listener at 127.0.0.1/11372] INFO  handler.ContextHandler (ContextHandler.java:doStart(916)) - Started o.e.j.s.ServletContextHandler@66626c96{logs,/logs,file:///home/runner/work/ozone/ozone/mnt/ozone/hadoop-ozone/integration-test/target/log,AVAILABLE}
2021-05-31 14:17:10,704 [Listener at 127.0.0.1/11372] INFO  handler.ContextHandler (ContextHandler.java:doStart(916)) - Started o.e.j.s.ServletContextHandler@30cd72a4{static,/static,file:///home/runner/work/ozone/ozone/mnt/ozone/hadoop-ozone/integration-test/target/test-classes/webapps/static,AVAILABLE}
2021-05-31 14:17:10,707 [Listener at 127.0.0.1/11372] INFO  handler.ContextHandler (ContextHandler.java:doStart(916)) - Started o.e.j.w.WebAppContext@3829e6ca{scm,/,file:///home/runner/work/ozone/ozone/mnt/ozone/hadoop-ozone/integration-test/target/test-classes/webapps/scm/,AVAILABLE}{file:/home/runner/work/ozone/ozone/mnt/ozone/hadoop-ozone/integration-test/target/test-classes/webapps/scm}
2021-05-31 14:17:10,708 [Listener at 127.0.0.1/11372] INFO  server.AbstractConnector (AbstractConnector.java:doStart(331)) - Started ServerConnector@57e74053{HTTP/1.1, (http/1.1)}{0.0.0.0:14178}
2021-05-31 14:17:10,708 [Listener at 127.0.0.1/11372] INFO  server.Server (Server.java:doStart(415)) - Started @62327ms
2021-05-31 14:17:10,709 [Listener at 127.0.0.1/11372] WARN  impl.MetricsSystemImpl (MetricsSystemImpl.java:register(279)) - Sink prometheus already exists!
2021-05-31 14:17:10,710 [Listener at 127.0.0.1/11372] INFO  http.BaseHttpServer (BaseHttpServer.java:updateConnectorAddress(329)) - HTTP server of scm listening at http://0.0.0.0:14178
2021-05-31 14:17:10,715 [Listener at 127.0.0.1/11372] INFO  ozone.MiniOzoneClusterImpl (MiniOzoneClusterImpl.java:shutdown(443)) - Shutting down the Mini Ozone Cluster
2021-05-31 14:17:10,715 [Listener at 127.0.0.1/11372] INFO  ozone.MiniOzoneHAClusterImpl (MiniOzoneHAClusterImpl.java:stop(287)) - Stopping the OzoneManager omNode-1
2021-05-31 14:17:10,716 [Listener at 127.0.0.1/11372] INFO  ipc.Server (Server.java:stop(3403)) - Stopping server on 11372
2021-05-31 14:17:10,727 [IPC Server listener on 11372] INFO  ipc.Server (Server.java:run(1366)) - Stopping IPC Server listener on 11372
2021-05-31 14:17:10,727 [IPC Server Responder] INFO  ipc.Server (Server.java:run(1502)) - Stopping IPC Server Responder
2021-05-31 14:17:10,728 [Listener at 127.0.0.1/11372] INFO  server.RaftServer (RaftServerProxy.java:lambda$close$6(391)) - omNode-1: close
2021-05-31 14:17:10,729 [Listener at 127.0.0.1/11372] INFO  server.RaftServer$Division (RaftServerImpl.java:lambda$close$4(406)) - omNode-1@group-523986131536: shutdown
2021-05-31 14:17:10,729 [Listener at 127.0.0.1/11372] INFO  util.JmxRegister (JmxRegister.java:unregister(73)) - Successfully un-registered JMX Bean with object name Ratis:service=RaftServer,group=group-523986131536,id=omNode-1
2021-05-31 14:17:10,729 [Listener at 127.0.0.1/11372] INFO  impl.RoleInfo (RoleInfo.java:shutdownLeaderState(91)) - omNode-1: shutdown omNode-1@group-523986131536-LeaderStateImpl
2021-05-31 14:17:10,729 [Listener at 127.0.0.1/11372] INFO  impl.PendingRequests (PendingRequests.java:sendNotLeaderResponses(249)) - omNode-1@group-523986131536-PendingRequests: sendNotLeaderResponses
2021-05-31 14:17:10,729 [Listener at 127.0.0.1/11372] INFO  metrics.RatisMetrics (RatisMetrics.java:unregister(43)) - Unregistering Metrics Registry : ratis.log_appender.omNode-1@group-523986131536
2021-05-31 14:17:10,730 [Listener at 127.0.0.1/11372] INFO  metrics.RatisMetrics (RatisMetrics.java:unregister(43)) - Unregistering Metrics Registry : ratis.server.omNode-1@group-523986131536
2021-05-31 14:17:10,730 [omNode-1@group-523986131536-StateMachineUpdater] INFO  ratis.OzoneManagerStateMachine (OzoneManagerStateMachine.java:takeSnapshot(347)) - Current Snapshot Index (t:1, i:0)
2021-05-31 14:17:10,730 [omNode-1@group-523986131536-StateMachineUpdater] INFO  impl.StateMachineUpdater (StateMachineUpdater.java:takeSnapshot(281)) - omNode-1@group-523986131536-StateMachineUpdater: Took a snapshot at index 0
2021-05-31 14:17:10,730 [omNode-1@group-523986131536-StateMachineUpdater] INFO  impl.StateMachineUpdater (StateMachineUpdater.java:lambda$new$0(89)) - omNode-1@group-523986131536-StateMachineUpdater: snapshotIndex: updateIncreasingly -1 -> 0
2021-05-31 14:17:10,730 [omNode-1@group-523986131536-StateMachineUpdater] INFO  metrics.RatisMetrics (RatisMetrics.java:unregister(43)) - Unregistering Metrics Registry : ratis.state_machine.omNode-1@group-523986131536
2021-05-31 14:17:10,730 [Listener at 127.0.0.1/11372] INFO  impl.StateMachineUpdater (StateMachineUpdater.java:stopAndJoin(149)) - omNode-1@group-523986131536-StateMachineUpdater: set stopIndex = 0
2021-05-31 14:17:10,731 [Listener at 127.0.0.1/11372] INFO  server.RaftServer$Division (ServerState.java:close(405)) - omNode-1@group-523986131536: closes. applyIndex: 0
2021-05-31 14:17:10,731 [omNode-1@group-523986131536-SegmentedRaftLogWorker] INFO  segmented.SegmentedRaftLogWorker (SegmentedRaftLogWorker.java:run(327)) - omNode-1@group-523986131536-SegmentedRaftLogWorker was interrupted, exiting. There are 0 tasks remaining in the queue.
2021-05-31 14:17:10,733 [Listener at 127.0.0.1/11372] INFO  segmented.SegmentedRaftLogWorker (SegmentedRaftLogWorker.java:close(237)) - omNode-1@group-523986131536-SegmentedRaftLogWorker close()
2021-05-31 14:17:10,734 [Listener at 127.0.0.1/11372] INFO  metrics.RatisMetrics (RatisMetrics.java:unregister(43)) - Unregistering Metrics Registry : ratis.log_worker.omNode-1@group-523986131536
2021-05-31 14:17:10,735 [Listener at 127.0.0.1/11372] INFO  metrics.RatisMetrics (RatisMetrics.java:unregister(43)) - Unregistering Metrics Registry : ratis.leader_election.omNode-1@group-523986131536
2021-05-31 14:17:10,739 [Listener at 127.0.0.1/11372] INFO  metrics.RatisMetrics (RatisMetrics.java:unregister(43)) - Unregistering Metrics Registry : ratis.server.omNode-1@group-523986131536
2021-05-31 14:17:10,739 [Listener at 127.0.0.1/11372] INFO  server.GrpcService (GrpcService.java:closeImpl(262)) - omNode-1: shutdown server with port 11376 now
2021-05-31 14:17:10,740 [Listener at 127.0.0.1/11372] INFO  server.GrpcService (GrpcService.java:closeImpl(271)) - omNode-1: shutdown server with port 11376 successfully
2021-05-31 14:17:10,740 [org.apache.ratis.util.JvmPauseMonitor$$Lambda$493/1767532961@761d679f] INFO  util.JvmPauseMonitor (JvmPauseMonitor.java:run(109)) - JvmPauseMonitor-omNode-1: Stopped
2021-05-31 14:17:10,744 [ea6a4452-19f2-47d1-a527-84367a76343d@group-A7AD55EE2C31-StateMachineUpdater] INFO  ha.SCMHAManagerImpl (SCMHAManagerImpl.java:installCheckpoint(277)) - Reloaded SCM state with Term: 2 and Index: 202
2021-05-31 14:17:10,745 [Listener at 127.0.0.1/11372] INFO  ratis.OzoneManagerDoubleBuffer (OzoneManagerDoubleBuffer.java:stop(426)) - Stopping OMDoubleBuffer flush thread
2021-05-31 14:17:10,745 [OMDoubleBufferFlushThread] INFO  ratis.OzoneManagerDoubleBuffer (OzoneManagerDoubleBuffer.java:flushTransactions(353)) - OMDoubleBuffer flush thread OMDoubleBufferFlushThread is interrupted and will exit. OMDoubleBufferFlushThread
2021-05-31 14:17:10,746 [Listener at 127.0.0.1/11372] INFO  ratis.OzoneManagerStateMachine (HadoopExecutors.java:shutdown(118)) - Gracefully shutting down executor service. Waiting max 5 SECONDS
2021-05-31 14:17:10,747 [Listener at 127.0.0.1/11372] INFO  ratis.OzoneManagerStateMachine (HadoopExecutors.java:shutdown(129)) - Succesfully shutdown executor service
2021-05-31 14:17:10,747 [Listener at 127.0.0.1/11372] INFO  ratis.OzoneManagerStateMachine (HadoopExecutors.java:shutdown(118)) - Gracefully shutting down executor service. Waiting max 5 SECONDS
2021-05-31 14:17:10,747 [Listener at 127.0.0.1/11372] INFO  ratis.OzoneManagerStateMachine (HadoopExecutors.java:shutdown(129)) - Succesfully shutdown executor service
2021-05-31 14:17:10,747 [Listener at 127.0.0.1/11372] INFO  utils.BackgroundService (BackgroundService.java:shutdown(132)) - Shutting down service KeyDeletingService
2021-05-31 14:17:10,750 [Listener at 127.0.0.1/11372] INFO  handler.ContextHandler (ContextHandler.java:doStop(1154)) - Stopped o.e.j.w.WebAppContext@7b99e726{ozoneManager,/,null,STOPPED}{file:/home/runner/work/ozone/ozone/mnt/ozone/hadoop-ozone/integration-test/target/test-classes/webapps/ozoneManager}
2021-05-31 14:17:10,754 [ea6a4452-19f2-47d1-a527-84367a76343d@group-A7AD55EE2C31-StateMachineUpdater] INFO  impl.StateMachineUpdater (StateMachineUpdater.java:lambda$new$0(89)) - ea6a4452-19f2-47d1-a527-84367a76343d@group-A7AD55EE2C31-StateMachineUpdater: snapshotIndex: setUnconditionally -1 -> 202
2021-05-31 14:17:10,754 [ea6a4452-19f2-47d1-a527-84367a76343d@group-A7AD55EE2C31-StateMachineUpdater] INFO  impl.StateMachineUpdater (StateMachineUpdater.java:lambda$new$0(89)) - ea6a4452-19f2-47d1-a527-84367a76343d@group-A7AD55EE2C31-StateMachineUpdater: appliedIndex: setUnconditionally -1 -> 202
2021-05-31 14:17:10,755 [Listener at 127.0.0.1/11372] INFO  server.AbstractConnector (AbstractConnector.java:doStop(381)) - Stopped ServerConnector@1d0b4b69{HTTP/1.1, (http/1.1)}{0.0.0.0:11374}
2021-05-31 14:17:10,755 [Listener at 127.0.0.1/11372] INFO  server.session (HouseKeeper.java:stopScavenging(149)) - node0 Stopped scavenging
2021-05-31 14:17:10,755 [Listener at 127.0.0.1/11372] INFO  handler.ContextHandler (ContextHandler.java:doStop(1154)) - Stopped o.e.j.s.ServletContextHandler@6d5b160{static,/static,file:///home/runner/work/ozone/ozone/mnt/ozone/hadoop-ozone/integration-test/target/test-classes/webapps/static,STOPPED}
2021-05-31 14:17:10,756 [Listener at 127.0.0.1/11372] INFO  handler.ContextHandler (ContextHandler.java:doStop(1154)) - Stopped o.e.j.s.ServletContextHandler@75452b01{logs,/logs,file:///home/runner/work/ozone/ozone/mnt/ozone/hadoop-ozone/integration-test/target/log,STOPPED}
2021-05-31 14:17:10,759 [Listener at 127.0.0.1/11372] INFO  ozone.MiniOzoneHAClusterImpl (MiniOzoneHAClusterImpl.java:stop(295)) - Stopping the StorageContainerManager ea6a4452-19f2-47d1-a527-84367a76343d
2021-05-31 14:17:10,759 [Listener at 127.0.0.1/11372] INFO  server.StorageContainerManager (StorageContainerManager.java:stop(1288)) - Stopping Replication Manager Service.
2021-05-31 14:17:10,759 [Listener at 127.0.0.1/11372] INFO  container.ReplicationManager (ReplicationManager.java:stop(267)) - Stopping Replication Monitor Thread.
2021-05-31 14:17:10,759 [Listener at 127.0.0.1/11372] INFO  server.StorageContainerManager (StorageContainerManager.java:stop(1295)) - Stopping the Datanode Admin Monitor.
2021-05-31 14:17:10,763 [Listener at 127.0.0.1/11372] INFO  server.StorageContainerManager (StorageContainerManager.java:stop(1302)) - Stopping Lease Manager of the command watchers
2021-05-31 14:17:10,764 [Listener at 127.0.0.1/11372] INFO  server.StorageContainerManager (StorageContainerManager.java:stop(1309)) - Stopping datanode service RPC server
2021-05-31 14:17:10,764 [Listener at 127.0.0.1/11372] INFO  server.SCMDatanodeProtocolServer (SCMDatanodeProtocolServer.java:stop(374)) - Stopping the RPC server for DataNodes
2021-05-31 14:17:10,764 [Listener at 127.0.0.1/11372] INFO  ipc.Server (Server.java:stop(3403)) - Stopping server on 14181
2021-05-31 14:17:10,764 [ea6a4452-19f2-47d1-a527-84367a76343d@group-A7AD55EE2C31-StateMachineUpdater] INFO  ha.SCMStateMachine (SCMStateMachine.java:takeSnapshot(282)) - Current Snapshot Index 207, takeSnapshot took 0 ms
2021-05-31 14:17:10,764 [ea6a4452-19f2-47d1-a527-84367a76343d@group-A7AD55EE2C31-StateMachineUpdater] INFO  impl.StateMachineUpdater (StateMachineUpdater.java:takeSnapshot(281)) - ea6a4452-19f2-47d1-a527-84367a76343d@group-A7AD55EE2C31-StateMachineUpdater: Took a snapshot at index 207
2021-05-31 14:17:10,764 [ea6a4452-19f2-47d1-a527-84367a76343d@group-A7AD55EE2C31-StateMachineUpdater] INFO  impl.StateMachineUpdater (StateMachineUpdater.java:lambda$new$0(89)) - ea6a4452-19f2-47d1-a527-84367a76343d@group-A7AD55EE2C31-StateMachineUpdater: snapshotIndex: updateIncreasingly 202 -> 207
2021-05-31 14:17:10,764 [ea6a4452-19f2-47d1-a527-84367a76343d@group-A7AD55EE2C31-StateMachineUpdater] INFO  raftlog.RaftLog (RaftLogBase.java:purge(306)) - ea6a4452-19f2-47d1-a527-84367a76343d@group-A7AD55EE2C31-SegmentedRaftLog: purge 207
2021-05-31 14:17:10,764 [ea6a4452-19f2-47d1-a527-84367a76343d@group-A7AD55EE2C31-StateMachineUpdater] INFO  raftlog.RaftLog (RaftLogBase.java:lambda$new$0(53)) - ea6a4452-19f2-47d1-a527-84367a76343d@group-A7AD55EE2C31-SegmentedRaftLog: snapshotIndex: updateIncreasingly 202 -> 207
2021-05-31 14:17:10,764 [ea6a4452-19f2-47d1-a527-84367a76343d@group-A7AD55EE2C31-StateMachineUpdater] INFO  raftlog.RaftLog (RaftLogBase.java:lambda$new$0(53)) - ea6a4452-19f2-47d1-a527-84367a76343d@group-A7AD55EE2C31-SegmentedRaftLog: purgeIndex: updateToMax old=-1, new=207, updated? true
2021-05-31 14:17:10,768 [IPC Server listener on 14181] INFO  ipc.Server (Server.java:run(1366)) - Stopping IPC Server listener on 14181
2021-05-31 14:17:10,770 [IPC Server Responder] INFO  ipc.Server (Server.java:run(1502)) - Stopping IPC Server Responder
2021-05-31 14:17:10,824 [SCM Heartbeat Processing Thread - 0] WARN  node.NodeStateManager (NodeStateManager.java:scheduleNextHealthCheck(688)) - Current Thread is interrupted, shutting down HB processing thread for Node Manager.
2021-05-31 14:17:10,825 [Listener at 127.0.0.1/11372] INFO  server.StorageContainerManager (StorageContainerManager.java:stop(1317)) - Stopping block service RPC server
2021-05-31 14:17:10,825 [Listener at 127.0.0.1/11372] INFO  server.SCMBlockProtocolServer (SCMBlockProtocolServer.java:stop(158)) - Stopping the RPC server for Block Protocol
2021-05-31 14:17:10,826 [Listener at 127.0.0.1/11372] INFO  ipc.Server (Server.java:stop(3403)) - Stopping server on 14182
2021-05-31 14:17:10,831 [IPC Server Responder] INFO  ipc.Server (Server.java:run(1502)) - Stopping IPC Server Responder
2021-05-31 14:17:10,831 [Listener at 127.0.0.1/11372] INFO  server.StorageContainerManager (StorageContainerManager.java:stop(1324)) - Stopping the StorageContainerLocationProtocol RPC server
2021-05-31 14:17:10,831 [Listener at 127.0.0.1/11372] INFO  server.SCMClientProtocolServer (SCMClientProtocolServer.java:stop(172)) - Stopping the RPC server for Client Protocol
2021-05-31 14:17:10,832 [Listener at 127.0.0.1/11372] INFO  ipc.Server (Server.java:stop(3403)) - Stopping server on 14183
2021-05-31 14:17:10,832 [IPC Server listener on 14182] INFO  ipc.Server (Server.java:run(1366)) - Stopping IPC Server listener on 14182
2021-05-31 14:17:10,834 [IPC Server listener on 14183] INFO  ipc.Server (Server.java:run(1366)) - Stopping IPC Server listener on 14183
2021-05-31 14:17:10,837 [IPC Server Responder] INFO  ipc.Server (Server.java:run(1502)) - Stopping IPC Server Responder
2021-05-31 14:17:10,837 [Listener at 127.0.0.1/11372] INFO  server.StorageContainerManager (StorageContainerManager.java:stop(1331)) - Stopping Storage Container Manager HTTP server.
2021-05-31 14:17:10,838 [Listener at 127.0.0.1/11372] INFO  handler.ContextHandler (ContextHandler.java:doStop(1154)) - Stopped o.e.j.w.WebAppContext@3829e6ca{scm,/,null,STOPPED}{file:/home/runner/work/ozone/ozone/mnt/ozone/hadoop-ozone/integration-test/target/test-classes/webapps/scm}
2021-05-31 14:17:10,838 [Listener at 127.0.0.1/11372] INFO  server.AbstractConnector (AbstractConnector.java:doStop(381)) - Stopped ServerConnector@57e74053{HTTP/1.1, (http/1.1)}{0.0.0.0:14178}
2021-05-31 14:17:10,839 [Listener at 127.0.0.1/11372] INFO  server.session (HouseKeeper.java:stopScavenging(149)) - node0 Stopped scavenging
2021-05-31 14:17:10,839 [Listener at 127.0.0.1/11372] INFO  handler.ContextHandler (ContextHandler.java:doStop(1154)) - Stopped o.e.j.s.ServletContextHandler@30cd72a4{static,/static,file:///home/runner/work/ozone/ozone/mnt/ozone/hadoop-ozone/integration-test/target/test-classes/webapps/static,STOPPED}
2021-05-31 14:17:10,839 [Listener at 127.0.0.1/11372] INFO  handler.ContextHandler (ContextHandler.java:doStop(1154)) - Stopped o.e.j.s.ServletContextHandler@66626c96{logs,/logs,file:///home/runner/work/ozone/ozone/mnt/ozone/hadoop-ozone/integration-test/target/log,STOPPED}
2021-05-31 14:17:10,840 [Listener at 127.0.0.1/11372] INFO  server.StorageContainerManager (StorageContainerManager.java:stop(1342)) - Stopping Block Manager Service.
2021-05-31 14:17:10,840 [Listener at 127.0.0.1/11372] INFO  utils.BackgroundService (BackgroundService.java:shutdown(132)) - Shutting down service SCMBlockDeletingService
2021-05-31 14:17:10,843 [Listener at 127.0.0.1/11372] INFO  utils.BackgroundService (BackgroundService.java:shutdown(132)) - Shutting down service SCMBlockDeletingService
2021-05-31 14:17:10,843 [Listener at 127.0.0.1/11372] INFO  server.StorageContainerManager (StorageContainerManager.java:stop(1369)) - Stopping SCM Event Queue.
2021-05-31 14:17:10,844 [Listener at 127.0.0.1/11372] INFO  ha.SCMRatisServerImpl (SCMRatisServerImpl.java:stop(228)) - stopping ratis server 0.0.0.0:14180
2021-05-31 14:17:10,845 [Listener at 127.0.0.1/11372] INFO  server.RaftServer (RaftServerProxy.java:lambda$close$6(391)) - ea6a4452-19f2-47d1-a527-84367a76343d: close
2021-05-31 14:17:10,845 [Listener at 127.0.0.1/11372] INFO  server.RaftServer$Division (RaftServerImpl.java:lambda$close$4(406)) - ea6a4452-19f2-47d1-a527-84367a76343d@group-A7AD55EE2C31: shutdown
2021-05-31 14:17:10,845 [Listener at 127.0.0.1/11372] INFO  util.JmxRegister (JmxRegister.java:unregister(73)) - Successfully un-registered JMX Bean with object name Ratis:service=RaftServer,group=group-A7AD55EE2C31,id=ea6a4452-19f2-47d1-a527-84367a76343d
2021-05-31 14:17:10,845 [Listener at 127.0.0.1/11372] INFO  impl.RoleInfo (RoleInfo.java:shutdownFollowerState(108)) - ea6a4452-19f2-47d1-a527-84367a76343d: shutdown ea6a4452-19f2-47d1-a527-84367a76343d@group-A7AD55EE2C31-FollowerState
2021-05-31 14:17:10,845 [ea6a4452-19f2-47d1-a527-84367a76343d@group-A7AD55EE2C31-FollowerState] INFO  impl.FollowerState (FollowerState.java:run(143)) - ea6a4452-19f2-47d1-a527-84367a76343d@group-A7AD55EE2C31-FollowerState was interrupted: {}
java.lang.InterruptedException: sleep interrupted
	at java.lang.Thread.sleep(Native Method)
	at java.lang.Thread.sleep(Thread.java:340)
	at java.util.concurrent.TimeUnit.sleep(TimeUnit.java:386)
	at org.apache.ratis.util.TimeDuration.sleep(TimeDuration.java:324)
	at org.apache.ratis.util.TimeDuration.sleep(TimeDuration.java:309)
	at org.apache.ratis.server.impl.FollowerState.run(FollowerState.java:118)
2021-05-31 14:17:10,846 [Listener at 127.0.0.1/11372] INFO  impl.StateMachineUpdater (StateMachineUpdater.java:stopAndJoin(149)) - ea6a4452-19f2-47d1-a527-84367a76343d@group-A7AD55EE2C31-StateMachineUpdater: set stopIndex = 207
2021-05-31 14:17:10,846 [ea6a4452-19f2-47d1-a527-84367a76343d@group-A7AD55EE2C31-StateMachineUpdater] INFO  ha.SCMStateMachine (HadoopExecutors.java:shutdown(118)) - Gracefully shutting down executor service. Waiting max 5 SECONDS
2021-05-31 14:17:10,846 [ea6a4452-19f2-47d1-a527-84367a76343d@group-A7AD55EE2C31-StateMachineUpdater] INFO  ha.SCMStateMachine (HadoopExecutors.java:shutdown(129)) - Succesfully shutdown executor service
2021-05-31 14:17:10,846 [ea6a4452-19f2-47d1-a527-84367a76343d@group-A7AD55EE2C31-StateMachineUpdater] INFO  metrics.RatisMetrics (RatisMetrics.java:unregister(43)) - Unregistering Metrics Registry : ratis.state_machine.ea6a4452-19f2-47d1-a527-84367a76343d@group-A7AD55EE2C31
2021-05-31 14:17:10,847 [Listener at 127.0.0.1/11372] INFO  server.RaftServer$Division (ServerState.java:close(405)) - ea6a4452-19f2-47d1-a527-84367a76343d@group-A7AD55EE2C31: closes. applyIndex: 207
2021-05-31 14:17:10,848 [ea6a4452-19f2-47d1-a527-84367a76343d@group-A7AD55EE2C31-SegmentedRaftLogWorker] INFO  segmented.SegmentedRaftLogWorker (SegmentedRaftLogWorker.java:run(327)) - ea6a4452-19f2-47d1-a527-84367a76343d@group-A7AD55EE2C31-SegmentedRaftLogWorker was interrupted, exiting. There are 0 tasks remaining in the queue.
2021-05-31 14:17:10,848 [Listener at 127.0.0.1/11372] INFO  segmented.SegmentedRaftLogWorker (SegmentedRaftLogWorker.java:close(237)) - ea6a4452-19f2-47d1-a527-84367a76343d@group-A7AD55EE2C31-SegmentedRaftLogWorker close()
2021-05-31 14:17:10,849 [Listener at 127.0.0.1/11372] INFO  metrics.RatisMetrics (RatisMetrics.java:unregister(43)) - Unregistering Metrics Registry : ratis.log_worker.ea6a4452-19f2-47d1-a527-84367a76343d@group-A7AD55EE2C31
2021-05-31 14:17:10,850 [Listener at 127.0.0.1/11372] INFO  metrics.RatisMetrics (RatisMetrics.java:unregister(43)) - Unregistering Metrics Registry : ratis.leader_election.ea6a4452-19f2-47d1-a527-84367a76343d@group-A7AD55EE2C31
2021-05-31 14:17:10,850 [Listener at 127.0.0.1/11372] INFO  metrics.RatisMetrics (RatisMetrics.java:unregister(43)) - Unregistering Metrics Registry : ratis.server.ea6a4452-19f2-47d1-a527-84367a76343d@group-A7AD55EE2C31
2021-05-31 14:17:10,850 [Listener at 127.0.0.1/11372] INFO  server.GrpcService (GrpcService.java:closeImpl(262)) - ea6a4452-19f2-47d1-a527-84367a76343d: shutdown server with port 14180 now
2021-05-31 14:17:10,853 [grpc-default-executor-2] WARN  server.GrpcLogAppender (LogUtils.java:warn(122)) - 86c596a3-6f32-42a0-9237-c69d9bdf2958@group-A7AD55EE2C31->ea6a4452-19f2-47d1-a527-84367a76343d-AppendLogResponseHandler: Failed appendEntries: org.apache.ratis.thirdparty.io.grpc.StatusRuntimeException: CANCELLED: HTTP/2 error code: CANCEL
Received Rst Stream
2021-05-31 14:17:10,855 [grpc-default-executor-2] INFO  leader.FollowerInfo (FollowerInfoImpl.java:lambda$new$0(46)) - 86c596a3-6f32-42a0-9237-c69d9bdf2958@group-A7AD55EE2C31->ea6a4452-19f2-47d1-a527-84367a76343d: nextIndex: updateUnconditionally 209 -> 208
2021-05-31 14:17:10,858 [grpc-default-executor-0] WARN  server.GrpcServerProtocolService (LogUtils.java:warn(122)) - ea6a4452-19f2-47d1-a527-84367a76343d: installSnapshot onError, lastRequest: 86c596a3-6f32-42a0-9237-c69d9bdf2958->ea6a4452-19f2-47d1-a527-84367a76343d#21-t2,previous=(t:2, i:207),leaderCommit=207,initializing? true,entries: size=1, first=(t:2, i:208), METADATAENTRY(c:207): org.apache.ratis.thirdparty.io.grpc.StatusRuntimeException: CANCELLED: client cancelled
2021-05-31 14:17:10,863 [grpc-default-executor-2] WARN  server.GrpcLogAppender (LogUtils.java:warn(122)) - 86c596a3-6f32-42a0-9237-c69d9bdf2958@group-A7AD55EE2C31->ea6a4452-19f2-47d1-a527-84367a76343d-AppendLogResponseHandler: Failed appendEntries: org.apache.ratis.thirdparty.io.grpc.StatusRuntimeException: UNAVAILABLE: io exception
2021-05-31 14:17:10,863 [grpc-default-executor-2] INFO  leader.FollowerInfo (FollowerInfoImpl.java:lambda$new$0(46)) - 86c596a3-6f32-42a0-9237-c69d9bdf2958@group-A7AD55EE2C31->ea6a4452-19f2-47d1-a527-84367a76343d: nextIndex: updateUnconditionally 209 -> 208
2021-05-31 14:17:10,883 [Listener at 127.0.0.1/11372] INFO  server.GrpcService (GrpcService.java:closeImpl(271)) - ea6a4452-19f2-47d1-a527-84367a76343d: shutdown server with port 14180 successfully
2021-05-31 14:17:10,884 [org.apache.ratis.util.JvmPauseMonitor$$Lambda$493/1767532961@16ea544e] INFO  util.JvmPauseMonitor (JvmPauseMonitor.java:run(109)) - JvmPauseMonitor-ea6a4452-19f2-47d1-a527-84367a76343d: Stopped
2021-05-31 14:17:10,884 [Listener at 127.0.0.1/11372] INFO  ha.SCMStateMachine (HadoopExecutors.java:shutdown(118)) - Gracefully shutting down executor service. Waiting max 5 SECONDS
2021-05-31 14:17:10,884 [Listener at 127.0.0.1/11372] INFO  ha.SCMStateMachine (HadoopExecutors.java:shutdown(129)) - Succesfully shutdown executor service
2021-05-31 14:17:10,884 [Listener at 127.0.0.1/11372] WARN  pipeline.BackgroundPipelineCreator (BackgroundPipelineCreatorV2.java:stop(154)) - RatisPipelineUtilsThread is not running, just ignore.
2021-05-31 14:17:10,886 [Listener at 127.0.0.1/11372] INFO  impl.MetricsSystemImpl (MetricsSystemImpl.java:stop(210)) - Stopping StorageContainerManager metrics system...
2021-05-31 14:17:10,892 [prometheus] INFO  impl.MetricsSinkAdapter (MetricsSinkAdapter.java:publishMetricsFromQueue(141)) - prometheus thread interrupted.
2021-05-31 14:17:10,893 [Listener at 127.0.0.1/11372] INFO  impl.MetricsSystemImpl (MetricsSystemImpl.java:stop(216)) - StorageContainerManager metrics system stopped.
2021-05-31 14:17:10,893 [Listener at 127.0.0.1/11372] INFO  ozone.MiniOzoneHAClusterImpl (MiniOzoneHAClusterImpl.java:stop(295)) - Stopping the StorageContainerManager 86c596a3-6f32-42a0-9237-c69d9bdf2958
2021-05-31 14:17:10,893 [Listener at 127.0.0.1/11372] INFO  server.StorageContainerManager (StorageContainerManager.java:stop(1288)) - Stopping Replication Manager Service.
2021-05-31 14:17:10,893 [Listener at 127.0.0.1/11372] INFO  container.ReplicationManager (ReplicationManager.java:stop(267)) - Stopping Replication Monitor Thread.
2021-05-31 14:17:10,894 [Listener at 127.0.0.1/11372] INFO  server.StorageContainerManager (StorageContainerManager.java:stop(1295)) - Stopping the Datanode Admin Monitor.
2021-05-31 14:17:10,894 [Listener at 127.0.0.1/11372] INFO  server.StorageContainerManager (StorageContainerManager.java:stop(1302)) - Stopping Lease Manager of the command watchers
2021-05-31 14:17:10,894 [Listener at 127.0.0.1/11372] INFO  server.StorageContainerManager (StorageContainerManager.java:stop(1309)) - Stopping datanode service RPC server
2021-05-31 14:17:10,894 [Listener at 127.0.0.1/11372] INFO  server.SCMDatanodeProtocolServer (SCMDatanodeProtocolServer.java:stop(374)) - Stopping the RPC server for DataNodes
2021-05-31 14:17:10,894 [Listener at 127.0.0.1/11372] INFO  ipc.Server (Server.java:stop(3403)) - Stopping server on 14161
2021-05-31 14:17:10,902 [IPC Server listener on 14161] INFO  ipc.Server (Server.java:run(1366)) - Stopping IPC Server listener on 14161
2021-05-31 14:17:10,902 [IPC Server Responder] INFO  ipc.Server (Server.java:run(1502)) - Stopping IPC Server Responder
2021-05-31 14:17:10,948 [EndpointStateMachine task thread for /127.0.0.1:14181 - 0 ] WARN  statemachine.EndpointStateMachine (EndpointStateMachine.java:logIfNeeded(236)) - Unable to communicate to SCM server at localhost:14181 for past 0 seconds.
java.io.EOFException: End of File Exception between local host is: "fv-az148-586/10.1.0.41"; destination host is: "localhost":14181; : java.io.EOFException; For more details see:  http://wiki.apache.org/hadoop/EOFException
	at sun.reflect.NativeConstructorAccessorImpl.newInstance0(Native Method)
	at sun.reflect.NativeConstructorAccessorImpl.newInstance(NativeConstructorAccessorImpl.java:62)
	at sun.reflect.DelegatingConstructorAccessorImpl.newInstance(DelegatingConstructorAccessorImpl.java:45)
	at java.lang.reflect.Constructor.newInstance(Constructor.java:423)
	at org.apache.hadoop.net.NetUtils.wrapWithMessage(NetUtils.java:836)
	at org.apache.hadoop.net.NetUtils.wrapException(NetUtils.java:794)
	at org.apache.hadoop.ipc.Client.getRpcResponse(Client.java:1566)
	at org.apache.hadoop.ipc.Client.call(Client.java:1508)
	at org.apache.hadoop.ipc.Client.call(Client.java:1405)
	at org.apache.hadoop.ipc.ProtobufRpcEngine$Invoker.invoke(ProtobufRpcEngine.java:233)
	at org.apache.hadoop.ipc.ProtobufRpcEngine$Invoker.invoke(ProtobufRpcEngine.java:118)
	at com.sun.proxy.$Proxy45.submitRequest(Unknown Source)
	at org.apache.hadoop.ozone.protocolPB.StorageContainerDatanodeProtocolClientSideTranslatorPB.submitRequest(StorageContainerDatanodeProtocolClientSideTranslatorPB.java:117)
	at org.apache.hadoop.ozone.protocolPB.StorageContainerDatanodeProtocolClientSideTranslatorPB.register(StorageContainerDatanodeProtocolClientSideTranslatorPB.java:175)
	at org.apache.hadoop.ozone.container.common.states.endpoint.RegisterEndpointTask.call(RegisterEndpointTask.java:122)
	at org.apache.hadoop.ozone.container.common.states.endpoint.RegisterEndpointTask.call(RegisterEndpointTask.java:47)
	at java.util.concurrent.FutureTask.run(FutureTask.java:266)
	at java.util.concurrent.ThreadPoolExecutor.runWorker(ThreadPoolExecutor.java:1149)
	at java.util.concurrent.ThreadPoolExecutor$Worker.run(ThreadPoolExecutor.java:624)
	at java.lang.Thread.run(Thread.java:748)
Caused by: java.io.EOFException
	at java.io.DataInputStream.readInt(DataInputStream.java:392)
	at org.apache.hadoop.ipc.Client$IpcStreams.readResponse(Client.java:1880)
	at org.apache.hadoop.ipc.Client$Connection.receiveRpcResponse(Client.java:1191)
	at org.apache.hadoop.ipc.Client$Connection.run(Client.java:1087)
2021-05-31 14:17:10,950 [EndpointStateMachine task thread for /127.0.0.1:14161 - 0 ] WARN  statemachine.EndpointStateMachine (EndpointStateMachine.java:logIfNeeded(236)) - Unable to communicate to SCM server at 127.0.0.1:14161 for past 0 seconds.
java.io.EOFException: End of File Exception between local host is: "fv-az148-586/10.1.0.41"; destination host is: "localhost":14161; : java.io.EOFException; For more details see:  http://wiki.apache.org/hadoop/EOFException
	at sun.reflect.NativeConstructorAccessorImpl.newInstance0(Native Method)
	at sun.reflect.NativeConstructorAccessorImpl.newInstance(NativeConstructorAccessorImpl.java:62)
	at sun.reflect.DelegatingConstructorAccessorImpl.newInstance(DelegatingConstructorAccessorImpl.java:45)
	at java.lang.reflect.Constructor.newInstance(Constructor.java:423)
	at org.apache.hadoop.net.NetUtils.wrapWithMessage(NetUtils.java:836)
	at org.apache.hadoop.net.NetUtils.wrapException(NetUtils.java:794)
	at org.apache.hadoop.ipc.Client.getRpcResponse(Client.java:1566)
	at org.apache.hadoop.ipc.Client.call(Client.java:1508)
	at org.apache.hadoop.ipc.Client.call(Client.java:1405)
	at org.apache.hadoop.ipc.ProtobufRpcEngine$Invoker.invoke(ProtobufRpcEngine.java:233)
	at org.apache.hadoop.ipc.ProtobufRpcEngine$Invoker.invoke(ProtobufRpcEngine.java:118)
	at com.sun.proxy.$Proxy45.submitRequest(Unknown Source)
	at org.apache.hadoop.ozone.protocolPB.StorageContainerDatanodeProtocolClientSideTranslatorPB.submitRequest(StorageContainerDatanodeProtocolClientSideTranslatorPB.java:117)
	at org.apache.hadoop.ozone.protocolPB.StorageContainerDatanodeProtocolClientSideTranslatorPB.sendHeartbeat(StorageContainerDatanodeProtocolClientSideTranslatorPB.java:149)
	at org.apache.hadoop.ozone.container.common.states.endpoint.HeartbeatEndpointTask.call(HeartbeatEndpointTask.java:146)
	at org.apache.hadoop.ozone.container.common.states.endpoint.HeartbeatEndpointTask.call(HeartbeatEndpointTask.java:77)
	at java.util.concurrent.FutureTask.run(FutureTask.java:266)
	at java.util.concurrent.ThreadPoolExecutor.runWorker(ThreadPoolExecutor.java:1149)
	at java.util.concurrent.ThreadPoolExecutor$Worker.run(ThreadPoolExecutor.java:624)
	at java.lang.Thread.run(Thread.java:748)
Caused by: java.io.EOFException
	at java.io.DataInputStream.readInt(DataInputStream.java:392)
	at org.apache.hadoop.ipc.Client$IpcStreams.readResponse(Client.java:1880)
	at org.apache.hadoop.ipc.Client$Connection.receiveRpcResponse(Client.java:1191)
	at org.apache.hadoop.ipc.Client$Connection.run(Client.java:1087)
2021-05-31 14:17:11,356 [SCM Heartbeat Processing Thread - 0] WARN  node.NodeStateManager (NodeStateManager.java:scheduleNextHealthCheck(688)) - Current Thread is interrupted, shutting down HB processing thread for Node Manager.
2021-05-31 14:17:11,357 [Listener at 127.0.0.1/11372] INFO  server.StorageContainerManager (StorageContainerManager.java:stop(1317)) - Stopping block service RPC server
2021-05-31 14:17:11,357 [Listener at 127.0.0.1/11372] INFO  server.SCMBlockProtocolServer (SCMBlockProtocolServer.java:stop(158)) - Stopping the RPC server for Block Protocol
2021-05-31 14:17:11,358 [Listener at 127.0.0.1/11372] INFO  ipc.Server (Server.java:stop(3403)) - Stopping server on 14162
2021-05-31 14:17:11,366 [IPC Server listener on 14162] INFO  ipc.Server (Server.java:run(1366)) - Stopping IPC Server listener on 14162
2021-05-31 14:17:11,366 [Listener at 127.0.0.1/11372] INFO  server.StorageContainerManager (StorageContainerManager.java:stop(1324)) - Stopping the StorageContainerLocationProtocol RPC server
2021-05-31 14:17:11,366 [Listener at 127.0.0.1/11372] INFO  server.SCMClientProtocolServer (SCMClientProtocolServer.java:stop(172)) - Stopping the RPC server for Client Protocol
2021-05-31 14:17:11,367 [IPC Server Responder] INFO  ipc.Server (Server.java:run(1502)) - Stopping IPC Server Responder
2021-05-31 14:17:11,367 [Listener at 127.0.0.1/11372] INFO  ipc.Server (Server.java:stop(3403)) - Stopping server on 14163
2021-05-31 14:17:11,372 [Listener at 127.0.0.1/11372] INFO  server.StorageContainerManager (StorageContainerManager.java:stop(1331)) - Stopping Storage Container Manager HTTP server.
2021-05-31 14:17:11,373 [Listener at 127.0.0.1/11372] INFO  handler.ContextHandler (ContextHandler.java:doStop(1154)) - Stopped o.e.j.w.WebAppContext@3a917017{scm,/,null,STOPPED}{file:/home/runner/work/ozone/ozone/mnt/ozone/hadoop-ozone/integration-test/target/test-classes/webapps/scm}
2021-05-31 14:17:11,373 [IPC Server Responder] INFO  ipc.Server (Server.java:run(1502)) - Stopping IPC Server Responder
2021-05-31 14:17:11,373 [IPC Server listener on 14163] INFO  ipc.Server (Server.java:run(1366)) - Stopping IPC Server listener on 14163
2021-05-31 14:17:11,374 [Listener at 127.0.0.1/11372] INFO  server.AbstractConnector (AbstractConnector.java:doStop(381)) - Stopped ServerConnector@3a12f3e7{HTTP/1.1, (http/1.1)}{0.0.0.0:14158}
2021-05-31 14:17:11,374 [Listener at 127.0.0.1/11372] INFO  server.session (HouseKeeper.java:stopScavenging(149)) - node0 Stopped scavenging
2021-05-31 14:17:11,375 [Listener at 127.0.0.1/11372] INFO  handler.ContextHandler (ContextHandler.java:doStop(1154)) - Stopped o.e.j.s.ServletContextHandler@b2d8dcd{static,/static,file:///home/runner/work/ozone/ozone/mnt/ozone/hadoop-ozone/integration-test/target/test-classes/webapps/static,STOPPED}
2021-05-31 14:17:11,376 [Listener at 127.0.0.1/11372] INFO  handler.ContextHandler (ContextHandler.java:doStop(1154)) - Stopped o.e.j.s.ServletContextHandler@3a116ca6{logs,/logs,file:///home/runner/work/ozone/ozone/mnt/ozone/hadoop-ozone/integration-test/target/log,STOPPED}
2021-05-31 14:17:11,377 [Listener at 127.0.0.1/11372] INFO  server.StorageContainerManager (StorageContainerManager.java:stop(1342)) - Stopping Block Manager Service.
2021-05-31 14:17:11,377 [Listener at 127.0.0.1/11372] INFO  utils.BackgroundService (BackgroundService.java:shutdown(132)) - Shutting down service SCMBlockDeletingService
2021-05-31 14:17:11,377 [Listener at 127.0.0.1/11372] INFO  utils.BackgroundService (BackgroundService.java:shutdown(132)) - Shutting down service SCMBlockDeletingService
2021-05-31 14:17:11,377 [Listener at 127.0.0.1/11372] INFO  server.StorageContainerManager (StorageContainerManager.java:stop(1369)) - Stopping SCM Event Queue.
2021-05-31 14:17:11,379 [Listener at 127.0.0.1/11372] INFO  ha.SCMRatisServerImpl (SCMRatisServerImpl.java:stop(228)) - stopping ratis server 0.0.0.0:14160
2021-05-31 14:17:11,379 [Listener at 127.0.0.1/11372] INFO  server.RaftServer (RaftServerProxy.java:lambda$close$6(391)) - 86c596a3-6f32-42a0-9237-c69d9bdf2958: close
2021-05-31 14:17:11,379 [Listener at 127.0.0.1/11372] INFO  server.RaftServer$Division (RaftServerImpl.java:lambda$close$4(406)) - 86c596a3-6f32-42a0-9237-c69d9bdf2958@group-A7AD55EE2C31: shutdown
2021-05-31 14:17:11,380 [Listener at 127.0.0.1/11372] INFO  util.JmxRegister (JmxRegister.java:unregister(73)) - Successfully un-registered JMX Bean with object name Ratis:service=RaftServer,group=group-A7AD55EE2C31,id=86c596a3-6f32-42a0-9237-c69d9bdf2958
2021-05-31 14:17:11,380 [Listener at 127.0.0.1/11372] INFO  impl.RoleInfo (RoleInfo.java:shutdownLeaderState(91)) - 86c596a3-6f32-42a0-9237-c69d9bdf2958: shutdown 86c596a3-6f32-42a0-9237-c69d9bdf2958@group-A7AD55EE2C31-LeaderStateImpl
2021-05-31 14:17:11,380 [Listener at 127.0.0.1/11372] INFO  metrics.RatisMetrics (RatisMetrics.java:unregister(43)) - Unregistering Metrics Registry : ratis_grpc.log_appender.86c596a3-6f32-42a0-9237-c69d9bdf2958@group-A7AD55EE2C31
2021-05-31 14:17:11,380 [86c596a3-6f32-42a0-9237-c69d9bdf2958@group-A7AD55EE2C31->fc8d0b26-40fd-4e75-8432-30636972f5a2-GrpcLogAppender-LogAppenderDaemon] WARN  server.GrpcLogAppender (GrpcLogAppender.java:mayWait(175)) - 86c596a3-6f32-42a0-9237-c69d9bdf2958@group-A7AD55EE2C31->fc8d0b26-40fd-4e75-8432-30636972f5a2-GrpcLogAppender: Wait interrupted by java.lang.InterruptedException
2021-05-31 14:17:11,381 [grpc-default-executor-0] INFO  server.GrpcServerProtocolService (GrpcServerProtocolService.java:onCompleted(140)) - fc8d0b26-40fd-4e75-8432-30636972f5a2: Completed APPEND_ENTRIES, lastRequest: 86c596a3-6f32-42a0-9237-c69d9bdf2958->fc8d0b26-40fd-4e75-8432-30636972f5a2#1974-t2,previous=(t:2, i:207),leaderCommit=207,initializing? true,entries: size=1, first=(t:2, i:208), METADATAENTRY(c:207)
2021-05-31 14:17:11,382 [Listener at 127.0.0.1/11372] INFO  metrics.RatisMetrics (RatisMetrics.java:unregister(43)) - Unregistering Metrics Registry : ratis_grpc.log_appender.86c596a3-6f32-42a0-9237-c69d9bdf2958@group-A7AD55EE2C31
2021-05-31 14:17:11,382 [86c596a3-6f32-42a0-9237-c69d9bdf2958@group-A7AD55EE2C31->ea6a4452-19f2-47d1-a527-84367a76343d-GrpcLogAppender-LogAppenderDaemon] WARN  server.GrpcLogAppender (GrpcLogAppender.java:mayWait(175)) - 86c596a3-6f32-42a0-9237-c69d9bdf2958@group-A7AD55EE2C31->ea6a4452-19f2-47d1-a527-84367a76343d-GrpcLogAppender: Wait interrupted by java.lang.InterruptedException
2021-05-31 14:17:11,382 [Listener at 127.0.0.1/11372] INFO  impl.PendingRequests (PendingRequests.java:sendNotLeaderResponses(249)) - 86c596a3-6f32-42a0-9237-c69d9bdf2958@group-A7AD55EE2C31-PendingRequests: sendNotLeaderResponses
2021-05-31 14:17:11,383 [Listener at 127.0.0.1/11372] INFO  ha.SCMStateMachine (SCMStateMachine.java:notifyNotLeader(172)) - current leader SCM steps down.
2021-05-31 14:17:11,383 [Listener at 127.0.0.1/11372] INFO  ha.SCMContext (SCMContext.java:updateLeaderAndTerm(88)) - update <isLeader,term> from <true,2> to <false,0>
2021-05-31 14:17:11,383 [grpc-default-executor-0] INFO  server.GrpcLogAppender (GrpcLogAppender.java:onCompleted(344)) - 86c596a3-6f32-42a0-9237-c69d9bdf2958@group-A7AD55EE2C31->fc8d0b26-40fd-4e75-8432-30636972f5a2-AppendLogResponseHandler: follower responses appendEntries COMPLETED
2021-05-31 14:17:11,384 [grpc-default-executor-0] INFO  leader.FollowerInfo (FollowerInfoImpl.java:lambda$new$0(46)) - 86c596a3-6f32-42a0-9237-c69d9bdf2958@group-A7AD55EE2C31->fc8d0b26-40fd-4e75-8432-30636972f5a2: nextIndex: updateUnconditionally 209 -> 208
2021-05-31 14:17:11,384 [Listener at 127.0.0.1/11372] INFO  metrics.RatisMetrics (RatisMetrics.java:unregister(43)) - Unregistering Metrics Registry : ratis.log_appender.86c596a3-6f32-42a0-9237-c69d9bdf2958@group-A7AD55EE2C31
2021-05-31 14:17:11,384 [Listener at 127.0.0.1/11372] INFO  metrics.RatisMetrics (RatisMetrics.java:unregister(43)) - Unregistering Metrics Registry : ratis.server.86c596a3-6f32-42a0-9237-c69d9bdf2958@group-A7AD55EE2C31
2021-05-31 14:17:11,385 [86c596a3-6f32-42a0-9237-c69d9bdf2958@group-A7AD55EE2C31-StateMachineUpdater] INFO  ha.SCMStateMachine (SCMStateMachine.java:takeSnapshot(282)) - Current Snapshot Index 208, takeSnapshot took 0 ms
2021-05-31 14:17:11,385 [86c596a3-6f32-42a0-9237-c69d9bdf2958@group-A7AD55EE2C31-StateMachineUpdater] INFO  impl.StateMachineUpdater (StateMachineUpdater.java:takeSnapshot(281)) - 86c596a3-6f32-42a0-9237-c69d9bdf2958@group-A7AD55EE2C31-StateMachineUpdater: Took a snapshot at index 208
2021-05-31 14:17:11,385 [86c596a3-6f32-42a0-9237-c69d9bdf2958@group-A7AD55EE2C31-StateMachineUpdater] INFO  impl.StateMachineUpdater (StateMachineUpdater.java:lambda$new$0(89)) - 86c596a3-6f32-42a0-9237-c69d9bdf2958@group-A7AD55EE2C31-StateMachineUpdater: snapshotIndex: updateIncreasingly 204 -> 208
2021-05-31 14:17:11,385 [86c596a3-6f32-42a0-9237-c69d9bdf2958@group-A7AD55EE2C31-StateMachineUpdater] INFO  ha.SCMStateMachine (HadoopExecutors.java:shutdown(118)) - Gracefully shutting down executor service. Waiting max 5 SECONDS
2021-05-31 14:17:11,385 [86c596a3-6f32-42a0-9237-c69d9bdf2958@group-A7AD55EE2C31-StateMachineUpdater] INFO  ha.SCMStateMachine (HadoopExecutors.java:shutdown(129)) - Succesfully shutdown executor service
2021-05-31 14:17:11,385 [86c596a3-6f32-42a0-9237-c69d9bdf2958@group-A7AD55EE2C31-StateMachineUpdater] INFO  metrics.RatisMetrics (RatisMetrics.java:unregister(43)) - Unregistering Metrics Registry : ratis.state_machine.86c596a3-6f32-42a0-9237-c69d9bdf2958@group-A7AD55EE2C31
2021-05-31 14:17:11,385 [Listener at 127.0.0.1/11372] INFO  impl.StateMachineUpdater (StateMachineUpdater.java:stopAndJoin(149)) - 86c596a3-6f32-42a0-9237-c69d9bdf2958@group-A7AD55EE2C31-StateMachineUpdater: set stopIndex = 208
2021-05-31 14:17:11,385 [Listener at 127.0.0.1/11372] INFO  server.RaftServer$Division (ServerState.java:close(405)) - 86c596a3-6f32-42a0-9237-c69d9bdf2958@group-A7AD55EE2C31: closes. applyIndex: 208
2021-05-31 14:17:11,385 [86c596a3-6f32-42a0-9237-c69d9bdf2958@group-A7AD55EE2C31-SegmentedRaftLogWorker] INFO  segmented.SegmentedRaftLogWorker (SegmentedRaftLogWorker.java:run(327)) - 86c596a3-6f32-42a0-9237-c69d9bdf2958@group-A7AD55EE2C31-SegmentedRaftLogWorker was interrupted, exiting. There are 0 tasks remaining in the queue.
2021-05-31 14:17:11,386 [Listener at 127.0.0.1/11372] INFO  segmented.SegmentedRaftLogWorker (SegmentedRaftLogWorker.java:close(237)) - 86c596a3-6f32-42a0-9237-c69d9bdf2958@group-A7AD55EE2C31-SegmentedRaftLogWorker close()
2021-05-31 14:17:11,387 [Listener at 127.0.0.1/11372] INFO  metrics.RatisMetrics (RatisMetrics.java:unregister(43)) - Unregistering Metrics Registry : ratis.log_worker.86c596a3-6f32-42a0-9237-c69d9bdf2958@group-A7AD55EE2C31
2021-05-31 14:17:11,387 [Listener at 127.0.0.1/11372] INFO  metrics.RatisMetrics (RatisMetrics.java:unregister(43)) - Unregistering Metrics Registry : ratis.leader_election.86c596a3-6f32-42a0-9237-c69d9bdf2958@group-A7AD55EE2C31
2021-05-31 14:17:11,387 [Listener at 127.0.0.1/11372] INFO  metrics.RatisMetrics (RatisMetrics.java:unregister(43)) - Unregistering Metrics Registry : ratis.server.86c596a3-6f32-42a0-9237-c69d9bdf2958@group-A7AD55EE2C31
2021-05-31 14:17:11,387 [Listener at 127.0.0.1/11372] INFO  server.GrpcService (GrpcService.java:closeImpl(262)) - 86c596a3-6f32-42a0-9237-c69d9bdf2958: shutdown server with port 14160 now
2021-05-31 14:17:11,393 [Listener at 127.0.0.1/11372] INFO  server.GrpcService (GrpcService.java:closeImpl(271)) - 86c596a3-6f32-42a0-9237-c69d9bdf2958: shutdown server with port 14160 successfully
2021-05-31 14:17:11,394 [org.apache.ratis.util.JvmPauseMonitor$$Lambda$493/1767532961@70c31b17] INFO  util.JvmPauseMonitor (JvmPauseMonitor.java:run(109)) - JvmPauseMonitor-86c596a3-6f32-42a0-9237-c69d9bdf2958: Stopped
2021-05-31 14:17:11,394 [Listener at 127.0.0.1/11372] INFO  ha.SCMStateMachine (HadoopExecutors.java:shutdown(118)) - Gracefully shutting down executor service. Waiting max 5 SECONDS
2021-05-31 14:17:11,395 [Listener at 127.0.0.1/11372] INFO  ha.SCMStateMachine (HadoopExecutors.java:shutdown(129)) - Succesfully shutdown executor service
2021-05-31 14:17:11,395 [Listener at 127.0.0.1/11372] WARN  pipeline.BackgroundPipelineCreator (BackgroundPipelineCreatorV2.java:stop(154)) - RatisPipelineUtilsThread is not running, just ignore.
2021-05-31 14:17:11,396 [Listener at 127.0.0.1/11372] INFO  impl.MetricsSystemImpl (MetricsSystemImpl.java:stop(205)) - StorageContainerManager metrics system stopped (again)
2021-05-31 14:17:11,396 [Listener at 127.0.0.1/11372] INFO  ozone.MiniOzoneHAClusterImpl (MiniOzoneHAClusterImpl.java:stop(295)) - Stopping the StorageContainerManager fc8d0b26-40fd-4e75-8432-30636972f5a2
2021-05-31 14:17:11,396 [Listener at 127.0.0.1/11372] INFO  server.StorageContainerManager (StorageContainerManager.java:stop(1288)) - Stopping Replication Manager Service.
2021-05-31 14:17:11,396 [Listener at 127.0.0.1/11372] INFO  container.ReplicationManager (ReplicationManager.java:stop(267)) - Stopping Replication Monitor Thread.
2021-05-31 14:17:11,397 [Listener at 127.0.0.1/11372] INFO  server.StorageContainerManager (StorageContainerManager.java:stop(1295)) - Stopping the Datanode Admin Monitor.
2021-05-31 14:17:11,397 [Listener at 127.0.0.1/11372] INFO  server.StorageContainerManager (StorageContainerManager.java:stop(1302)) - Stopping Lease Manager of the command watchers
2021-05-31 14:17:11,397 [Listener at 127.0.0.1/11372] INFO  server.StorageContainerManager (StorageContainerManager.java:stop(1309)) - Stopping datanode service RPC server
2021-05-31 14:17:11,397 [Listener at 127.0.0.1/11372] INFO  server.SCMDatanodeProtocolServer (SCMDatanodeProtocolServer.java:stop(374)) - Stopping the RPC server for DataNodes
2021-05-31 14:17:11,397 [Listener at 127.0.0.1/11372] INFO  ipc.Server (Server.java:stop(3403)) - Stopping server on 14171
2021-05-31 14:17:11,398 [IPC Server listener on 14171] INFO  ipc.Server (Server.java:run(1366)) - Stopping IPC Server listener on 14171
2021-05-31 14:17:11,400 [IPC Server Responder] INFO  ipc.Server (Server.java:run(1502)) - Stopping IPC Server Responder
2021-05-31 14:17:11,425 [SCM Heartbeat Processing Thread - 0] WARN  node.NodeStateManager (NodeStateManager.java:scheduleNextHealthCheck(688)) - Current Thread is interrupted, shutting down HB processing thread for Node Manager.
2021-05-31 14:17:11,425 [Listener at 127.0.0.1/11372] INFO  server.StorageContainerManager (StorageContainerManager.java:stop(1317)) - Stopping block service RPC server
2021-05-31 14:17:11,427 [Listener at 127.0.0.1/11372] INFO  server.SCMBlockProtocolServer (SCMBlockProtocolServer.java:stop(158)) - Stopping the RPC server for Block Protocol
2021-05-31 14:17:11,427 [Listener at 127.0.0.1/11372] INFO  ipc.Server (Server.java:stop(3403)) - Stopping server on 14172
2021-05-31 14:17:11,428 [IPC Server listener on 14172] INFO  ipc.Server (Server.java:run(1366)) - Stopping IPC Server listener on 14172
2021-05-31 14:17:11,430 [Listener at 127.0.0.1/11372] INFO  server.StorageContainerManager (StorageContainerManager.java:stop(1324)) - Stopping the StorageContainerLocationProtocol RPC server
2021-05-31 14:17:11,430 [Listener at 127.0.0.1/11372] INFO  server.SCMClientProtocolServer (SCMClientProtocolServer.java:stop(172)) - Stopping the RPC server for Client Protocol
2021-05-31 14:17:11,430 [Listener at 127.0.0.1/11372] INFO  ipc.Server (Server.java:stop(3403)) - Stopping server on 14173
2021-05-31 14:17:11,430 [IPC Server Responder] INFO  ipc.Server (Server.java:run(1502)) - Stopping IPC Server Responder
2021-05-31 14:17:11,430 [IPC Server listener on 14173] INFO  ipc.Server (Server.java:run(1366)) - Stopping IPC Server listener on 14173
2021-05-31 14:17:11,435 [IPC Server Responder] INFO  ipc.Server (Server.java:run(1502)) - Stopping IPC Server Responder
2021-05-31 14:17:11,435 [Listener at 127.0.0.1/11372] INFO  server.StorageContainerManager (StorageContainerManager.java:stop(1331)) - Stopping Storage Container Manager HTTP server.
2021-05-31 14:17:11,436 [EndpointStateMachine task thread for /127.0.0.1:14171 - 0 ] WARN  statemachine.EndpointStateMachine (EndpointStateMachine.java:logIfNeeded(236)) - Unable to communicate to SCM server at localhost:14171 for past 0 seconds.
java.io.EOFException: End of File Exception between local host is: "fv-az148-586/10.1.0.41"; destination host is: "localhost":14171; : java.io.EOFException; For more details see:  http://wiki.apache.org/hadoop/EOFException
	at sun.reflect.NativeConstructorAccessorImpl.newInstance0(Native Method)
	at sun.reflect.NativeConstructorAccessorImpl.newInstance(NativeConstructorAccessorImpl.java:62)
	at sun.reflect.DelegatingConstructorAccessorImpl.newInstance(DelegatingConstructorAccessorImpl.java:45)
	at java.lang.reflect.Constructor.newInstance(Constructor.java:423)
	at org.apache.hadoop.net.NetUtils.wrapWithMessage(NetUtils.java:836)
	at org.apache.hadoop.net.NetUtils.wrapException(NetUtils.java:794)
	at org.apache.hadoop.ipc.Client.getRpcResponse(Client.java:1566)
	at org.apache.hadoop.ipc.Client.call(Client.java:1508)
	at org.apache.hadoop.ipc.Client.call(Client.java:1405)
	at org.apache.hadoop.ipc.ProtobufRpcEngine$Invoker.invoke(ProtobufRpcEngine.java:233)
	at org.apache.hadoop.ipc.ProtobufRpcEngine$Invoker.invoke(ProtobufRpcEngine.java:118)
	at com.sun.proxy.$Proxy45.submitRequest(Unknown Source)
	at org.apache.hadoop.ozone.protocolPB.StorageContainerDatanodeProtocolClientSideTranslatorPB.submitRequest(StorageContainerDatanodeProtocolClientSideTranslatorPB.java:117)
	at org.apache.hadoop.ozone.protocolPB.StorageContainerDatanodeProtocolClientSideTranslatorPB.sendHeartbeat(StorageContainerDatanodeProtocolClientSideTranslatorPB.java:149)
	at org.apache.hadoop.ozone.container.common.states.endpoint.HeartbeatEndpointTask.call(HeartbeatEndpointTask.java:146)
	at org.apache.hadoop.ozone.container.common.states.endpoint.HeartbeatEndpointTask.call(HeartbeatEndpointTask.java:77)
	at java.util.concurrent.FutureTask.run(FutureTask.java:266)
	at java.util.concurrent.ThreadPoolExecutor.runWorker(ThreadPoolExecutor.java:1149)
	at java.util.concurrent.ThreadPoolExecutor$Worker.run(ThreadPoolExecutor.java:624)
	at java.lang.Thread.run(Thread.java:748)
Caused by: java.io.EOFException
	at java.io.DataInputStream.readInt(DataInputStream.java:392)
	at org.apache.hadoop.ipc.Client$IpcStreams.readResponse(Client.java:1880)
	at org.apache.hadoop.ipc.Client$Connection.receiveRpcResponse(Client.java:1191)
	at org.apache.hadoop.ipc.Client$Connection.run(Client.java:1087)
2021-05-31 14:17:11,436 [Listener at 127.0.0.1/11372] INFO  handler.ContextHandler (ContextHandler.java:doStop(1154)) - Stopped o.e.j.w.WebAppContext@147097ad{scm,/,null,STOPPED}{file:/home/runner/work/ozone/ozone/mnt/ozone/hadoop-ozone/integration-test/target/test-classes/webapps/scm}
2021-05-31 14:17:11,438 [Listener at 127.0.0.1/11372] INFO  server.AbstractConnector (AbstractConnector.java:doStop(381)) - Stopped ServerConnector@4229b92c{HTTP/1.1, (http/1.1)}{0.0.0.0:14168}
2021-05-31 14:17:11,438 [Listener at 127.0.0.1/11372] INFO  server.session (HouseKeeper.java:stopScavenging(149)) - node0 Stopped scavenging
2021-05-31 14:17:11,438 [Listener at 127.0.0.1/11372] INFO  handler.ContextHandler (ContextHandler.java:doStop(1154)) - Stopped o.e.j.s.ServletContextHandler@61503d00{static,/static,file:///home/runner/work/ozone/ozone/mnt/ozone/hadoop-ozone/integration-test/target/test-classes/webapps/static,STOPPED}
2021-05-31 14:17:11,438 [Listener at 127.0.0.1/11372] INFO  handler.ContextHandler (ContextHandler.java:doStop(1154)) - Stopped o.e.j.s.ServletContextHandler@7fcbc336{logs,/logs,file:///home/runner/work/ozone/ozone/mnt/ozone/hadoop-ozone/integration-test/target/log,STOPPED}
2021-05-31 14:17:11,439 [Listener at 127.0.0.1/11372] INFO  server.StorageContainerManager (StorageContainerManager.java:stop(1342)) - Stopping Block Manager Service.
2021-05-31 14:17:11,439 [Listener at 127.0.0.1/11372] INFO  utils.BackgroundService (BackgroundService.java:shutdown(132)) - Shutting down service SCMBlockDeletingService
2021-05-31 14:17:11,439 [Listener at 127.0.0.1/11372] INFO  utils.BackgroundService (BackgroundService.java:shutdown(132)) - Shutting down service SCMBlockDeletingService
2021-05-31 14:17:11,440 [Listener at 127.0.0.1/11372] INFO  server.StorageContainerManager (StorageContainerManager.java:stop(1369)) - Stopping SCM Event Queue.
2021-05-31 14:17:11,441 [Listener at 127.0.0.1/11372] INFO  ha.SCMRatisServerImpl (SCMRatisServerImpl.java:stop(228)) - stopping ratis server 0.0.0.0:14170
2021-05-31 14:17:11,441 [Listener at 127.0.0.1/11372] INFO  server.RaftServer (RaftServerProxy.java:lambda$close$6(391)) - fc8d0b26-40fd-4e75-8432-30636972f5a2: close
2021-05-31 14:17:11,441 [Listener at 127.0.0.1/11372] INFO  server.RaftServer$Division (RaftServerImpl.java:lambda$close$4(406)) - fc8d0b26-40fd-4e75-8432-30636972f5a2@group-A7AD55EE2C31: shutdown
2021-05-31 14:17:11,441 [Listener at 127.0.0.1/11372] INFO  util.JmxRegister (JmxRegister.java:unregister(73)) - Successfully un-registered JMX Bean with object name Ratis:service=RaftServer,group=group-A7AD55EE2C31,id=fc8d0b26-40fd-4e75-8432-30636972f5a2
2021-05-31 14:17:11,441 [Listener at 127.0.0.1/11372] INFO  impl.RoleInfo (RoleInfo.java:shutdownFollowerState(108)) - fc8d0b26-40fd-4e75-8432-30636972f5a2: shutdown fc8d0b26-40fd-4e75-8432-30636972f5a2@group-A7AD55EE2C31-FollowerState
2021-05-31 14:17:11,442 [fc8d0b26-40fd-4e75-8432-30636972f5a2@group-A7AD55EE2C31-FollowerState] INFO  impl.FollowerState (FollowerState.java:run(143)) - fc8d0b26-40fd-4e75-8432-30636972f5a2@group-A7AD55EE2C31-FollowerState was interrupted: {}
java.lang.InterruptedException: sleep interrupted
	at java.lang.Thread.sleep(Native Method)
	at java.lang.Thread.sleep(Thread.java:340)
	at java.util.concurrent.TimeUnit.sleep(TimeUnit.java:386)
	at org.apache.ratis.util.TimeDuration.sleep(TimeDuration.java:324)
	at org.apache.ratis.util.TimeDuration.sleep(TimeDuration.java:309)
	at org.apache.ratis.server.impl.FollowerState.run(FollowerState.java:118)
2021-05-31 14:17:11,442 [fc8d0b26-40fd-4e75-8432-30636972f5a2@group-A7AD55EE2C31-StateMachineUpdater] INFO  ha.SCMStateMachine (SCMStateMachine.java:takeSnapshot(282)) - Current Snapshot Index 207, takeSnapshot took 0 ms
2021-05-31 14:17:11,442 [fc8d0b26-40fd-4e75-8432-30636972f5a2@group-A7AD55EE2C31-StateMachineUpdater] INFO  impl.StateMachineUpdater (StateMachineUpdater.java:takeSnapshot(281)) - fc8d0b26-40fd-4e75-8432-30636972f5a2@group-A7AD55EE2C31-StateMachineUpdater: Took a snapshot at index 207
2021-05-31 14:17:11,442 [fc8d0b26-40fd-4e75-8432-30636972f5a2@group-A7AD55EE2C31-StateMachineUpdater] INFO  impl.StateMachineUpdater (StateMachineUpdater.java:lambda$new$0(89)) - fc8d0b26-40fd-4e75-8432-30636972f5a2@group-A7AD55EE2C31-StateMachineUpdater: snapshotIndex: updateIncreasingly 205 -> 207
2021-05-31 14:17:11,442 [fc8d0b26-40fd-4e75-8432-30636972f5a2@group-A7AD55EE2C31-StateMachineUpdater] INFO  ha.SCMStateMachine (HadoopExecutors.java:shutdown(118)) - Gracefully shutting down executor service. Waiting max 5 SECONDS
2021-05-31 14:17:11,442 [fc8d0b26-40fd-4e75-8432-30636972f5a2@group-A7AD55EE2C31-StateMachineUpdater] INFO  ha.SCMStateMachine (HadoopExecutors.java:shutdown(129)) - Succesfully shutdown executor service
2021-05-31 14:17:11,442 [fc8d0b26-40fd-4e75-8432-30636972f5a2@group-A7AD55EE2C31-StateMachineUpdater] INFO  metrics.RatisMetrics (RatisMetrics.java:unregister(43)) - Unregistering Metrics Registry : ratis.state_machine.fc8d0b26-40fd-4e75-8432-30636972f5a2@group-A7AD55EE2C31
2021-05-31 14:17:11,442 [Listener at 127.0.0.1/11372] INFO  impl.StateMachineUpdater (StateMachineUpdater.java:stopAndJoin(149)) - fc8d0b26-40fd-4e75-8432-30636972f5a2@group-A7AD55EE2C31-StateMachineUpdater: set stopIndex = 207
2021-05-31 14:17:11,442 [Listener at 127.0.0.1/11372] INFO  server.RaftServer$Division (ServerState.java:close(405)) - fc8d0b26-40fd-4e75-8432-30636972f5a2@group-A7AD55EE2C31: closes. applyIndex: 207
2021-05-31 14:17:11,443 [fc8d0b26-40fd-4e75-8432-30636972f5a2@group-A7AD55EE2C31-SegmentedRaftLogWorker] INFO  segmented.SegmentedRaftLogWorker (SegmentedRaftLogWorker.java:run(327)) - fc8d0b26-40fd-4e75-8432-30636972f5a2@group-A7AD55EE2C31-SegmentedRaftLogWorker was interrupted, exiting. There are 0 tasks remaining in the queue.
2021-05-31 14:17:11,443 [Listener at 127.0.0.1/11372] INFO  segmented.SegmentedRaftLogWorker (SegmentedRaftLogWorker.java:close(237)) - fc8d0b26-40fd-4e75-8432-30636972f5a2@group-A7AD55EE2C31-SegmentedRaftLogWorker close()
2021-05-31 14:17:11,444 [Listener at 127.0.0.1/11372] INFO  metrics.RatisMetrics (RatisMetrics.java:unregister(43)) - Unregistering Metrics Registry : ratis.log_worker.fc8d0b26-40fd-4e75-8432-30636972f5a2@group-A7AD55EE2C31
2021-05-31 14:17:11,444 [Listener at 127.0.0.1/11372] INFO  metrics.RatisMetrics (RatisMetrics.java:unregister(43)) - Unregistering Metrics Registry : ratis.leader_election.fc8d0b26-40fd-4e75-8432-30636972f5a2@group-A7AD55EE2C31
2021-05-31 14:17:11,444 [Listener at 127.0.0.1/11372] INFO  metrics.RatisMetrics (RatisMetrics.java:unregister(43)) - Unregistering Metrics Registry : ratis.server.fc8d0b26-40fd-4e75-8432-30636972f5a2@group-A7AD55EE2C31
2021-05-31 14:17:11,444 [Listener at 127.0.0.1/11372] INFO  server.GrpcService (GrpcService.java:closeImpl(262)) - fc8d0b26-40fd-4e75-8432-30636972f5a2: shutdown server with port 14170 now
2021-05-31 14:17:11,445 [Listener at 127.0.0.1/11372] INFO  server.GrpcService (GrpcService.java:closeImpl(271)) - fc8d0b26-40fd-4e75-8432-30636972f5a2: shutdown server with port 14170 successfully
2021-05-31 14:17:11,445 [org.apache.ratis.util.JvmPauseMonitor$$Lambda$493/1767532961@18d1d137] INFO  util.JvmPauseMonitor (JvmPauseMonitor.java:run(109)) - JvmPauseMonitor-fc8d0b26-40fd-4e75-8432-30636972f5a2: Stopped
2021-05-31 14:17:11,445 [Listener at 127.0.0.1/11372] INFO  ha.SCMStateMachine (HadoopExecutors.java:shutdown(118)) - Gracefully shutting down executor service. Waiting max 5 SECONDS
2021-05-31 14:17:11,445 [Listener at 127.0.0.1/11372] INFO  ha.SCMStateMachine (HadoopExecutors.java:shutdown(129)) - Succesfully shutdown executor service
2021-05-31 14:17:11,446 [Listener at 127.0.0.1/11372] WARN  pipeline.BackgroundPipelineCreator (BackgroundPipelineCreatorV2.java:stop(154)) - RatisPipelineUtilsThread is not running, just ignore.
2021-05-31 14:17:11,446 [Listener at 127.0.0.1/11372] INFO  impl.MetricsSystemImpl (MetricsSystemImpl.java:stop(205)) - StorageContainerManager metrics system stopped (again)
2021-05-31 14:17:11,447 [Listener at 127.0.0.1/11372] INFO  ozone.MiniOzoneClusterImpl (MiniOzoneClusterImpl.java:stop(458)) - Stopping the Mini Ozone Cluster
2021-05-31 14:17:11,447 [Listener at 127.0.0.1/11372] INFO  ozone.MiniOzoneClusterImpl (MiniOzoneClusterImpl.java:stopDatanodes(517)) - Stopping the HddsDatanodes
2021-05-31 14:17:11,947 [Datanode State Machine Thread - 0] INFO  statemachine.DatanodeStateMachine (DatanodeStateMachine.java:lambda$startDaemon$0(417)) - Ozone container server started.
2021-05-31 14:17:12,122 [Datanode State Machine Thread - 0] ERROR datanode.RunningDatanodeState (RunningDatanodeState.java:computeNextContainerState(199)) - Error in executing end point task.
java.util.concurrent.ExecutionException: java.util.concurrent.TimeoutException
	at java.util.concurrent.FutureTask.report(FutureTask.java:122)
	at java.util.concurrent.FutureTask.get(FutureTask.java:192)
	at org.apache.hadoop.ozone.container.common.states.datanode.RunningDatanodeState.computeNextContainerState(RunningDatanodeState.java:191)
	at org.apache.hadoop.ozone.container.common.states.datanode.RunningDatanodeState.await(RunningDatanodeState.java:231)
	at org.apache.hadoop.ozone.container.common.states.datanode.RunningDatanodeState.await(RunningDatanodeState.java:50)
	at org.apache.hadoop.ozone.container.common.statemachine.StateContext.execute(StateContext.java:579)
	at org.apache.hadoop.ozone.container.common.statemachine.DatanodeStateMachine.start(DatanodeStateMachine.java:233)
	at org.apache.hadoop.ozone.container.common.statemachine.DatanodeStateMachine.lambda$startDaemon$0(DatanodeStateMachine.java:416)
	at java.lang.Thread.run(Thread.java:748)
Caused by: java.util.concurrent.TimeoutException
	at java.util.concurrent.FutureTask.get(FutureTask.java:205)
	at org.apache.hadoop.ozone.container.common.states.datanode.RunningDatanodeState.lambda$execute$0(RunningDatanodeState.java:149)
	at java.util.concurrent.FutureTask.run(FutureTask.java:266)
	at java.util.concurrent.Executors$RunnableAdapter.call(Executors.java:511)
	at java.util.concurrent.FutureTask.run(FutureTask.java:266)
	at java.util.concurrent.ThreadPoolExecutor.runWorker(ThreadPoolExecutor.java:1149)
	at java.util.concurrent.ThreadPoolExecutor$Worker.run(ThreadPoolExecutor.java:624)
	... 1 more
2021-05-31 14:17:12,125 [EndpointStateMachine task thread for /127.0.0.1:14161 - 0 ] INFO  ipc.Client (Client.java:handleConnectionFailure(966)) - Retrying connect to server: localhost/127.0.0.1:14161. Already tried 0 time(s); retry policy is RetryUpToMaximumCountWithFixedSleep(maxRetries=15, sleepTime=1000 MILLISECONDS)
2021-05-31 14:17:12,126 [EndpointStateMachine task thread for /127.0.0.1:14181 - 0 ] INFO  ipc.Client (Client.java:handleConnectionFailure(966)) - Retrying connect to server: localhost/127.0.0.1:14181. Already tried 0 time(s); retry policy is RetryUpToMaximumCountWithFixedSleep(maxRetries=15, sleepTime=1000 MILLISECONDS)
2021-05-31 14:17:12,430 [Datanode State Machine Thread - 0] ERROR datanode.RunningDatanodeState (RunningDatanodeState.java:computeNextContainerState(199)) - Error in executing end point task.
java.util.concurrent.ExecutionException: java.util.concurrent.TimeoutException
	at java.util.concurrent.FutureTask.report(FutureTask.java:122)
	at java.util.concurrent.FutureTask.get(FutureTask.java:192)
	at org.apache.hadoop.ozone.container.common.states.datanode.RunningDatanodeState.computeNextContainerState(RunningDatanodeState.java:191)
	at org.apache.hadoop.ozone.container.common.states.datanode.RunningDatanodeState.await(RunningDatanodeState.java:231)
	at org.apache.hadoop.ozone.container.common.states.datanode.RunningDatanodeState.await(RunningDatanodeState.java:50)
	at org.apache.hadoop.ozone.container.common.statemachine.StateContext.execute(StateContext.java:579)
	at org.apache.hadoop.ozone.container.common.statemachine.DatanodeStateMachine.start(DatanodeStateMachine.java:233)
	at org.apache.hadoop.ozone.container.common.statemachine.DatanodeStateMachine.lambda$startDaemon$0(DatanodeStateMachine.java:416)
	at java.lang.Thread.run(Thread.java:748)
Caused by: java.util.concurrent.TimeoutException
	at java.util.concurrent.FutureTask.get(FutureTask.java:205)
	at org.apache.hadoop.ozone.container.common.states.datanode.RunningDatanodeState.lambda$execute$0(RunningDatanodeState.java:149)
	at java.util.concurrent.FutureTask.run(FutureTask.java:266)
	at java.util.concurrent.Executors$RunnableAdapter.call(Executors.java:511)
	at java.util.concurrent.FutureTask.run(FutureTask.java:266)
	at java.util.concurrent.ThreadPoolExecutor.runWorker(ThreadPoolExecutor.java:1149)
	at java.util.concurrent.ThreadPoolExecutor$Worker.run(ThreadPoolExecutor.java:624)
	... 1 more
2021-05-31 14:17:12,431 [Datanode State Machine Thread - 0] WARN  statemachine.StateContext (StateContext.java:setState(217)) - Ignore disallowed transition from SHUTDOWN to RUNNING
2021-05-31 14:17:12,431 [Datanode State Machine Thread - 0] INFO  statemachine.DatanodeStateMachine (DatanodeStateMachine.java:lambda$startDaemon$0(417)) - Ozone container server started.
2021-05-31 14:17:13,124 [EndpointStateMachine task thread for /127.0.0.1:14171 - 0 ] INFO  ipc.Client (Client.java:handleConnectionFailure(966)) - Retrying connect to server: localhost/127.0.0.1:14171. Already tried 0 time(s); retry policy is RetryUpToMaximumCountWithFixedSleep(maxRetries=15, sleepTime=1000 MILLISECONDS)
2021-05-31 14:17:13,126 [EndpointStateMachine task thread for /127.0.0.1:14161 - 0 ] INFO  ipc.Client (Client.java:handleConnectionFailure(966)) - Retrying connect to server: localhost/127.0.0.1:14161. Already tried 1 time(s); retry policy is RetryUpToMaximumCountWithFixedSleep(maxRetries=15, sleepTime=1000 MILLISECONDS)
2021-05-31 14:17:13,127 [EndpointStateMachine task thread for /127.0.0.1:14181 - 0 ] INFO  ipc.Client (Client.java:handleConnectionFailure(966)) - Retrying connect to server: localhost/127.0.0.1:14181. Already tried 1 time(s); retry policy is RetryUpToMaximumCountWithFixedSleep(maxRetries=15, sleepTime=1000 MILLISECONDS)
2021-05-31 14:17:14,124 [Datanode State Machine Thread - 0] ERROR datanode.RunningDatanodeState (RunningDatanodeState.java:computeNextContainerState(199)) - Error in executing end point task.
java.util.concurrent.ExecutionException: java.util.concurrent.TimeoutException
	at java.util.concurrent.FutureTask.report(FutureTask.java:122)
	at java.util.concurrent.FutureTask.get(FutureTask.java:192)
	at org.apache.hadoop.ozone.container.common.states.datanode.RunningDatanodeState.computeNextContainerState(RunningDatanodeState.java:191)
	at org.apache.hadoop.ozone.container.common.states.datanode.RunningDatanodeState.await(RunningDatanodeState.java:231)
	at org.apache.hadoop.ozone.container.common.states.datanode.RunningDatanodeState.await(RunningDatanodeState.java:50)
	at org.apache.hadoop.ozone.container.common.statemachine.StateContext.execute(StateContext.java:579)
	at org.apache.hadoop.ozone.container.common.statemachine.DatanodeStateMachine.start(DatanodeStateMachine.java:233)
	at org.apache.hadoop.ozone.container.common.statemachine.DatanodeStateMachine.lambda$startDaemon$0(DatanodeStateMachine.java:416)
	at java.lang.Thread.run(Thread.java:748)
Caused by: java.util.concurrent.TimeoutException
	at java.util.concurrent.FutureTask.get(FutureTask.java:205)
	at org.apache.hadoop.ozone.container.common.states.datanode.RunningDatanodeState.lambda$execute$0(RunningDatanodeState.java:149)
	at java.util.concurrent.FutureTask.run(FutureTask.java:266)
	at java.util.concurrent.Executors$RunnableAdapter.call(Executors.java:511)
	at java.util.concurrent.FutureTask.run(FutureTask.java:266)
	at java.util.concurrent.ThreadPoolExecutor.runWorker(ThreadPoolExecutor.java:1149)
	at java.util.concurrent.ThreadPoolExecutor$Worker.run(ThreadPoolExecutor.java:624)
	... 1 more
2021-05-31 14:17:14,125 [EndpointStateMachine task thread for /127.0.0.1:14171 - 0 ] INFO  ipc.Client (Client.java:handleConnectionFailure(966)) - Retrying connect to server: localhost/127.0.0.1:14171. Already tried 1 time(s); retry policy is RetryUpToMaximumCountWithFixedSleep(maxRetries=15, sleepTime=1000 MILLISECONDS)
2021-05-31 14:17:14,127 [EndpointStateMachine task thread for /127.0.0.1:14161 - 0 ] INFO  ipc.Client (Client.java:handleConnectionFailure(966)) - Retrying connect to server: localhost/127.0.0.1:14161. Already tried 2 time(s); retry policy is RetryUpToMaximumCountWithFixedSleep(maxRetries=15, sleepTime=1000 MILLISECONDS)
2021-05-31 14:17:14,127 [EndpointStateMachine task thread for /127.0.0.1:14181 - 0 ] INFO  ipc.Client (Client.java:handleConnectionFailure(966)) - Retrying connect to server: localhost/127.0.0.1:14181. Already tried 2 time(s); retry policy is RetryUpToMaximumCountWithFixedSleep(maxRetries=15, sleepTime=1000 MILLISECONDS)
2021-05-31 14:17:15,126 [EndpointStateMachine task thread for /127.0.0.1:14171 - 0 ] INFO  ipc.Client (Client.java:handleConnectionFailure(966)) - Retrying connect to server: localhost/127.0.0.1:14171. Already tried 2 time(s); retry policy is RetryUpToMaximumCountWithFixedSleep(maxRetries=15, sleepTime=1000 MILLISECONDS)
2021-05-31 14:17:15,127 [EndpointStateMachine task thread for /127.0.0.1:14161 - 0 ] INFO  ipc.Client (Client.java:handleConnectionFailure(966)) - Retrying connect to server: localhost/127.0.0.1:14161. Already tried 3 time(s); retry policy is RetryUpToMaximumCountWithFixedSleep(maxRetries=15, sleepTime=1000 MILLISECONDS)
2021-05-31 14:17:15,128 [EndpointStateMachine task thread for /127.0.0.1:14181 - 0 ] INFO  ipc.Client (Client.java:handleConnectionFailure(966)) - Retrying connect to server: localhost/127.0.0.1:14181. Already tried 3 time(s); retry policy is RetryUpToMaximumCountWithFixedSleep(maxRetries=15, sleepTime=1000 MILLISECONDS)
2021-05-31 14:17:16,125 [Datanode State Machine Thread - 0] ERROR datanode.RunningDatanodeState (RunningDatanodeState.java:computeNextContainerState(199)) - Error in executing end point task.
java.util.concurrent.ExecutionException: java.util.concurrent.TimeoutException
	at java.util.concurrent.FutureTask.report(FutureTask.java:122)
	at java.util.concurrent.FutureTask.get(FutureTask.java:192)
	at org.apache.hadoop.ozone.container.common.states.datanode.RunningDatanodeState.computeNextContainerState(RunningDatanodeState.java:191)
	at org.apache.hadoop.ozone.container.common.states.datanode.RunningDatanodeState.await(RunningDatanodeState.java:231)
	at org.apache.hadoop.ozone.container.common.states.datanode.RunningDatanodeState.await(RunningDatanodeState.java:50)
	at org.apache.hadoop.ozone.container.common.statemachine.StateContext.execute(StateContext.java:579)
	at org.apache.hadoop.ozone.container.common.statemachine.DatanodeStateMachine.start(DatanodeStateMachine.java:233)
	at org.apache.hadoop.ozone.container.common.statemachine.DatanodeStateMachine.lambda$startDaemon$0(DatanodeStateMachine.java:416)
	at java.lang.Thread.run(Thread.java:748)
Caused by: java.util.concurrent.TimeoutException
	at java.util.concurrent.FutureTask.get(FutureTask.java:205)
	at org.apache.hadoop.ozone.container.common.states.datanode.RunningDatanodeState.lambda$execute$0(RunningDatanodeState.java:149)
	at java.util.concurrent.FutureTask.run(FutureTask.java:266)
	at java.util.concurrent.Executors$RunnableAdapter.call(Executors.java:511)
	at java.util.concurrent.FutureTask.run(FutureTask.java:266)
	at java.util.concurrent.ThreadPoolExecutor.runWorker(ThreadPoolExecutor.java:1149)
	at java.util.concurrent.ThreadPoolExecutor$Worker.run(ThreadPoolExecutor.java:624)
	... 1 more
2021-05-31 14:17:16,127 [EndpointStateMachine task thread for /127.0.0.1:14171 - 0 ] INFO  ipc.Client (Client.java:handleConnectionFailure(966)) - Retrying connect to server: localhost/127.0.0.1:14171. Already tried 3 time(s); retry policy is RetryUpToMaximumCountWithFixedSleep(maxRetries=15, sleepTime=1000 MILLISECONDS)
2021-05-31 14:17:16,128 [EndpointStateMachine task thread for /127.0.0.1:14161 - 0 ] INFO  ipc.Client (Client.java:handleConnectionFailure(966)) - Retrying connect to server: localhost/127.0.0.1:14161. Already tried 4 time(s); retry policy is RetryUpToMaximumCountWithFixedSleep(maxRetries=15, sleepTime=1000 MILLISECONDS)
2021-05-31 14:17:16,129 [EndpointStateMachine task thread for /127.0.0.1:14181 - 0 ] INFO  ipc.Client (Client.java:handleConnectionFailure(966)) - Retrying connect to server: localhost/127.0.0.1:14181. Already tried 4 time(s); retry policy is RetryUpToMaximumCountWithFixedSleep(maxRetries=15, sleepTime=1000 MILLISECONDS)
2021-05-31 14:17:16,449 [Listener at 127.0.0.1/11372] INFO  ozoneimpl.OzoneContainer (OzoneContainer.java:stop(316)) - Attempting to stop container services.
2021-05-31 14:17:16,450 [Listener at 127.0.0.1/11372] INFO  server.RaftServer (RaftServerProxy.java:lambda$close$6(391)) - bda778da-51f4-4847-bee0-b4babae878aa: close
2021-05-31 14:17:16,449 [ForkJoinPool.commonPool-worker-1] INFO  ozoneimpl.OzoneContainer (OzoneContainer.java:stop(316)) - Attempting to stop container services.
2021-05-31 14:17:16,450 [Listener at 127.0.0.1/11372] INFO  server.RaftServer$Division (RaftServerImpl.java:lambda$close$4(406)) - bda778da-51f4-4847-bee0-b4babae878aa@group-249122FFF215: shutdown
2021-05-31 14:17:16,451 [ForkJoinPool.commonPool-worker-1] INFO  server.RaftServer (RaftServerProxy.java:lambda$close$6(391)) - e4951dd4-f4df-4d2e-bd67-fe61550133c1: close
2021-05-31 14:17:16,451 [Listener at 127.0.0.1/11372] INFO  util.JmxRegister (JmxRegister.java:unregister(73)) - Successfully un-registered JMX Bean with object name Ratis:service=RaftServer,group=group-249122FFF215,id=bda778da-51f4-4847-bee0-b4babae878aa
2021-05-31 14:17:16,451 [Listener at 127.0.0.1/11372] INFO  impl.RoleInfo (RoleInfo.java:shutdownLeaderState(91)) - bda778da-51f4-4847-bee0-b4babae878aa: shutdown bda778da-51f4-4847-bee0-b4babae878aa@group-249122FFF215-LeaderStateImpl
2021-05-31 14:17:16,451 [Listener at 127.0.0.1/11372] INFO  metrics.RatisMetrics (RatisMetrics.java:unregister(43)) - Unregistering Metrics Registry : ratis_grpc.log_appender.bda778da-51f4-4847-bee0-b4babae878aa@group-249122FFF215
2021-05-31 14:17:16,451 [ForkJoinPool.commonPool-worker-1] INFO  server.RaftServer$Division (RaftServerImpl.java:lambda$close$4(406)) - e4951dd4-f4df-4d2e-bd67-fe61550133c1@group-249122FFF215: shutdown
2021-05-31 14:17:16,452 [bda778da-51f4-4847-bee0-b4babae878aa@group-249122FFF215->21f06eab-63c8-43fd-b305-f7c41bc87438-GrpcLogAppender-LogAppenderDaemon] WARN  server.GrpcLogAppender (GrpcLogAppender.java:mayWait(175)) - bda778da-51f4-4847-bee0-b4babae878aa@group-249122FFF215->21f06eab-63c8-43fd-b305-f7c41bc87438-GrpcLogAppender: Wait interrupted by java.lang.InterruptedException
2021-05-31 14:17:16,452 [Listener at 127.0.0.1/11372] INFO  metrics.RatisMetrics (RatisMetrics.java:unregister(43)) - Unregistering Metrics Registry : ratis_grpc.log_appender.bda778da-51f4-4847-bee0-b4babae878aa@group-249122FFF215
2021-05-31 14:17:16,452 [grpc-default-executor-0] INFO  server.GrpcServerProtocolService (GrpcServerProtocolService.java:onCompleted(140)) - 21f06eab-63c8-43fd-b305-f7c41bc87438: Completed APPEND_ENTRIES, lastRequest: bda778da-51f4-4847-bee0-b4babae878aa->21f06eab-63c8-43fd-b305-f7c41bc87438#1-t5,previous=(t:0, i:0),leaderCommit=-1,initializing? true,entries: size=1, first=(t:5, i:0), CONFIGURATIONENTRY
2021-05-31 14:17:16,452 [ForkJoinPool.commonPool-worker-1] INFO  util.JmxRegister (JmxRegister.java:unregister(73)) - Successfully un-registered JMX Bean with object name Ratis:service=RaftServer,group=group-249122FFF215,id=e4951dd4-f4df-4d2e-bd67-fe61550133c1
2021-05-31 14:17:16,453 [ForkJoinPool.commonPool-worker-1] INFO  impl.RoleInfo (RoleInfo.java:shutdownFollowerState(108)) - e4951dd4-f4df-4d2e-bd67-fe61550133c1: shutdown e4951dd4-f4df-4d2e-bd67-fe61550133c1@group-249122FFF215-FollowerState
2021-05-31 14:17:16,453 [ForkJoinPool.commonPool-worker-1] INFO  impl.StateMachineUpdater (StateMachineUpdater.java:stopAndJoin(149)) - e4951dd4-f4df-4d2e-bd67-fe61550133c1@group-249122FFF215-StateMachineUpdater: set stopIndex = 0
2021-05-31 14:17:16,453 [e4951dd4-f4df-4d2e-bd67-fe61550133c1@group-249122FFF215-StateMachineUpdater] INFO  ratis.ContainerStateMachine (ContainerStateMachine.java:takeSnapshot(292)) - group-249122FFF215: Taking a snapshot at:(t:5, i:0) file /home/runner/work/ozone/ozone/mnt/ozone/hadoop-ozone/integration-test/target/test-dir/MiniOzoneClusterImpl-54085720-bde5-45d4-8ce8-a7ad55ee2c31/datanode-0/data/ratis/95a153cd-5601-43af-81b8-249122fff215/sm/snapshot.5_0
2021-05-31 14:17:16,453 [e4951dd4-f4df-4d2e-bd67-fe61550133c1@group-249122FFF215-FollowerState] INFO  impl.FollowerState (FollowerState.java:run(143)) - e4951dd4-f4df-4d2e-bd67-fe61550133c1@group-249122FFF215-FollowerState was interrupted: {}
java.lang.InterruptedException: sleep interrupted
	at java.lang.Thread.sleep(Native Method)
	at java.lang.Thread.sleep(Thread.java:340)
	at java.util.concurrent.TimeUnit.sleep(TimeUnit.java:386)
	at org.apache.ratis.util.TimeDuration.sleep(TimeDuration.java:324)
	at org.apache.ratis.util.TimeDuration.sleep(TimeDuration.java:309)
	at org.apache.ratis.server.impl.FollowerState.run(FollowerState.java:118)
2021-05-31 14:17:16,453 [Listener at 127.0.0.1/11372] INFO  impl.PendingRequests (PendingRequests.java:sendNotLeaderResponses(249)) - bda778da-51f4-4847-bee0-b4babae878aa@group-249122FFF215-PendingRequests: sendNotLeaderResponses
2021-05-31 14:17:16,455 [Listener at 127.0.0.1/11372] INFO  metrics.RatisMetrics (RatisMetrics.java:unregister(43)) - Unregistering Metrics Registry : ratis.log_appender.bda778da-51f4-4847-bee0-b4babae878aa@group-249122FFF215
2021-05-31 14:17:16,455 [Listener at 127.0.0.1/11372] INFO  metrics.RatisMetrics (RatisMetrics.java:unregister(43)) - Unregistering Metrics Registry : ratis.server.bda778da-51f4-4847-bee0-b4babae878aa@group-249122FFF215
2021-05-31 14:17:16,459 [bda778da-51f4-4847-bee0-b4babae878aa@group-249122FFF215->e4951dd4-f4df-4d2e-bd67-fe61550133c1-GrpcLogAppender-LogAppenderDaemon] WARN  server.GrpcLogAppender (GrpcLogAppender.java:mayWait(175)) - bda778da-51f4-4847-bee0-b4babae878aa@group-249122FFF215->e4951dd4-f4df-4d2e-bd67-fe61550133c1-GrpcLogAppender: Wait interrupted by java.lang.InterruptedException
2021-05-31 14:17:16,455 [grpc-default-executor-2] INFO  server.GrpcLogAppender (GrpcLogAppender.java:onCompleted(344)) - bda778da-51f4-4847-bee0-b4babae878aa@group-249122FFF215->21f06eab-63c8-43fd-b305-f7c41bc87438-AppendLogResponseHandler: follower responses appendEntries COMPLETED
2021-05-31 14:17:16,459 [grpc-default-executor-2] INFO  leader.FollowerInfo (FollowerInfoImpl.java:lambda$new$0(46)) - bda778da-51f4-4847-bee0-b4babae878aa@group-249122FFF215->21f06eab-63c8-43fd-b305-f7c41bc87438: nextIndex: updateUnconditionally 1 -> 0
2021-05-31 14:17:16,460 [grpc-default-executor-2] INFO  server.GrpcServerProtocolService (GrpcServerProtocolService.java:onCompleted(140)) - e4951dd4-f4df-4d2e-bd67-fe61550133c1: Completed APPEND_ENTRIES, lastRequest: bda778da-51f4-4847-bee0-b4babae878aa->e4951dd4-f4df-4d2e-bd67-fe61550133c1#1-t5,previous=(t:0, i:0),leaderCommit=0,initializing? true,entries: size=1, first=(t:5, i:0), CONFIGURATIONENTRY
2021-05-31 14:17:16,460 [grpc-default-executor-0] INFO  server.GrpcLogAppender (GrpcLogAppender.java:onCompleted(344)) - bda778da-51f4-4847-bee0-b4babae878aa@group-249122FFF215->e4951dd4-f4df-4d2e-bd67-fe61550133c1-AppendLogResponseHandler: follower responses appendEntries COMPLETED
2021-05-31 14:17:16,460 [grpc-default-executor-0] INFO  leader.FollowerInfo (FollowerInfoImpl.java:lambda$new$0(46)) - bda778da-51f4-4847-bee0-b4babae878aa@group-249122FFF215->e4951dd4-f4df-4d2e-bd67-fe61550133c1: nextIndex: updateUnconditionally 1 -> 0
2021-05-31 14:17:16,470 [Listener at 127.0.0.1/11372] INFO  impl.StateMachineUpdater (StateMachineUpdater.java:stopAndJoin(149)) - bda778da-51f4-4847-bee0-b4babae878aa@group-249122FFF215-StateMachineUpdater: set stopIndex = 0
2021-05-31 14:17:16,470 [bda778da-51f4-4847-bee0-b4babae878aa@group-249122FFF215-StateMachineUpdater] INFO  ratis.ContainerStateMachine (ContainerStateMachine.java:takeSnapshot(292)) - group-249122FFF215: Taking a snapshot at:(t:5, i:0) file /home/runner/work/ozone/ozone/mnt/ozone/hadoop-ozone/integration-test/target/test-dir/MiniOzoneClusterImpl-54085720-bde5-45d4-8ce8-a7ad55ee2c31/datanode-1/data/ratis/95a153cd-5601-43af-81b8-249122fff215/sm/snapshot.5_0
2021-05-31 14:17:16,478 [bda778da-51f4-4847-bee0-b4babae878aa@group-249122FFF215-StateMachineUpdater] INFO  ratis.ContainerStateMachine (ContainerStateMachine.java:takeSnapshot(303)) - group-249122FFF215: Finished taking a snapshot at:(t:5, i:0) file:/home/runner/work/ozone/ozone/mnt/ozone/hadoop-ozone/integration-test/target/test-dir/MiniOzoneClusterImpl-54085720-bde5-45d4-8ce8-a7ad55ee2c31/datanode-1/data/ratis/95a153cd-5601-43af-81b8-249122fff215/sm/snapshot.5_0 took: 8 ms
2021-05-31 14:17:16,480 [bda778da-51f4-4847-bee0-b4babae878aa@group-249122FFF215-StateMachineUpdater] INFO  impl.StateMachineUpdater (StateMachineUpdater.java:takeSnapshot(281)) - bda778da-51f4-4847-bee0-b4babae878aa@group-249122FFF215-StateMachineUpdater: Took a snapshot at index 0
2021-05-31 14:17:16,480 [bda778da-51f4-4847-bee0-b4babae878aa@group-249122FFF215-StateMachineUpdater] INFO  impl.StateMachineUpdater (StateMachineUpdater.java:lambda$new$0(89)) - bda778da-51f4-4847-bee0-b4babae878aa@group-249122FFF215-StateMachineUpdater: snapshotIndex: updateIncreasingly -1 -> 0
2021-05-31 14:17:16,483 [bda778da-51f4-4847-bee0-b4babae878aa@group-249122FFF215-StateMachineUpdater] INFO  metrics.RatisMetrics (RatisMetrics.java:unregister(43)) - Unregistering Metrics Registry : ratis.state_machine.bda778da-51f4-4847-bee0-b4babae878aa@group-249122FFF215
2021-05-31 14:17:16,483 [e4951dd4-f4df-4d2e-bd67-fe61550133c1@group-249122FFF215-StateMachineUpdater] INFO  ratis.ContainerStateMachine (ContainerStateMachine.java:takeSnapshot(303)) - group-249122FFF215: Finished taking a snapshot at:(t:5, i:0) file:/home/runner/work/ozone/ozone/mnt/ozone/hadoop-ozone/integration-test/target/test-dir/MiniOzoneClusterImpl-54085720-bde5-45d4-8ce8-a7ad55ee2c31/datanode-0/data/ratis/95a153cd-5601-43af-81b8-249122fff215/sm/snapshot.5_0 took: 31 ms
2021-05-31 14:17:16,483 [e4951dd4-f4df-4d2e-bd67-fe61550133c1@group-249122FFF215-StateMachineUpdater] INFO  impl.StateMachineUpdater (StateMachineUpdater.java:takeSnapshot(281)) - e4951dd4-f4df-4d2e-bd67-fe61550133c1@group-249122FFF215-StateMachineUpdater: Took a snapshot at index 0
2021-05-31 14:17:16,483 [e4951dd4-f4df-4d2e-bd67-fe61550133c1@group-249122FFF215-StateMachineUpdater] INFO  impl.StateMachineUpdater (StateMachineUpdater.java:lambda$new$0(89)) - e4951dd4-f4df-4d2e-bd67-fe61550133c1@group-249122FFF215-StateMachineUpdater: snapshotIndex: updateIncreasingly -1 -> 0
2021-05-31 14:17:16,484 [e4951dd4-f4df-4d2e-bd67-fe61550133c1@group-249122FFF215-StateMachineUpdater] INFO  metrics.RatisMetrics (RatisMetrics.java:unregister(43)) - Unregistering Metrics Registry : ratis.state_machine.e4951dd4-f4df-4d2e-bd67-fe61550133c1@group-249122FFF215
2021-05-31 14:17:16,484 [ForkJoinPool.commonPool-worker-1] INFO  server.RaftServer$Division (ServerState.java:close(405)) - e4951dd4-f4df-4d2e-bd67-fe61550133c1@group-249122FFF215: closes. applyIndex: 0
2021-05-31 14:17:16,484 [Listener at 127.0.0.1/11372] INFO  server.RaftServer$Division (ServerState.java:close(405)) - bda778da-51f4-4847-bee0-b4babae878aa@group-249122FFF215: closes. applyIndex: 0
2021-05-31 14:17:16,484 [e4951dd4-f4df-4d2e-bd67-fe61550133c1@group-249122FFF215-SegmentedRaftLogWorker] INFO  segmented.SegmentedRaftLogWorker (SegmentedRaftLogWorker.java:run(327)) - e4951dd4-f4df-4d2e-bd67-fe61550133c1@group-249122FFF215-SegmentedRaftLogWorker was interrupted, exiting. There are 0 tasks remaining in the queue.
2021-05-31 14:17:16,484 [bda778da-51f4-4847-bee0-b4babae878aa@group-249122FFF215-SegmentedRaftLogWorker] INFO  segmented.SegmentedRaftLogWorker (SegmentedRaftLogWorker.java:run(327)) - bda778da-51f4-4847-bee0-b4babae878aa@group-249122FFF215-SegmentedRaftLogWorker was interrupted, exiting. There are 0 tasks remaining in the queue.
2021-05-31 14:17:16,485 [Listener at 127.0.0.1/11372] INFO  segmented.SegmentedRaftLogWorker (SegmentedRaftLogWorker.java:close(237)) - bda778da-51f4-4847-bee0-b4babae878aa@group-249122FFF215-SegmentedRaftLogWorker close()
2021-05-31 14:17:16,485 [ForkJoinPool.commonPool-worker-1] INFO  segmented.SegmentedRaftLogWorker (SegmentedRaftLogWorker.java:close(237)) - e4951dd4-f4df-4d2e-bd67-fe61550133c1@group-249122FFF215-SegmentedRaftLogWorker close()
2021-05-31 14:17:16,486 [ForkJoinPool.commonPool-worker-1] INFO  metrics.RatisMetrics (RatisMetrics.java:unregister(43)) - Unregistering Metrics Registry : ratis.log_worker.e4951dd4-f4df-4d2e-bd67-fe61550133c1@group-249122FFF215
2021-05-31 14:17:16,486 [ForkJoinPool.commonPool-worker-1] INFO  metrics.RatisMetrics (RatisMetrics.java:unregister(43)) - Unregistering Metrics Registry : ratis.leader_election.e4951dd4-f4df-4d2e-bd67-fe61550133c1@group-249122FFF215
2021-05-31 14:17:16,486 [ForkJoinPool.commonPool-worker-1] INFO  metrics.RatisMetrics (RatisMetrics.java:unregister(43)) - Unregistering Metrics Registry : ratis.server.e4951dd4-f4df-4d2e-bd67-fe61550133c1@group-249122FFF215
2021-05-31 14:17:16,486 [ForkJoinPool.commonPool-worker-1] INFO  server.RaftServer$Division (RaftServerImpl.java:lambda$close$4(406)) - e4951dd4-f4df-4d2e-bd67-fe61550133c1@group-11FC884FF120: shutdown
2021-05-31 14:17:16,486 [ForkJoinPool.commonPool-worker-1] INFO  util.JmxRegister (JmxRegister.java:unregister(73)) - Successfully un-registered JMX Bean with object name Ratis:service=RaftServer,group=group-11FC884FF120,id=e4951dd4-f4df-4d2e-bd67-fe61550133c1
2021-05-31 14:17:16,486 [ForkJoinPool.commonPool-worker-1] INFO  impl.RoleInfo (RoleInfo.java:shutdownLeaderState(91)) - e4951dd4-f4df-4d2e-bd67-fe61550133c1: shutdown e4951dd4-f4df-4d2e-bd67-fe61550133c1@group-11FC884FF120-LeaderStateImpl
2021-05-31 14:17:16,486 [ForkJoinPool.commonPool-worker-1] INFO  impl.PendingRequests (PendingRequests.java:sendNotLeaderResponses(249)) - e4951dd4-f4df-4d2e-bd67-fe61550133c1@group-11FC884FF120-PendingRequests: sendNotLeaderResponses
2021-05-31 14:17:16,487 [ForkJoinPool.commonPool-worker-1] INFO  metrics.RatisMetrics (RatisMetrics.java:unregister(43)) - Unregistering Metrics Registry : ratis.log_appender.e4951dd4-f4df-4d2e-bd67-fe61550133c1@group-11FC884FF120
2021-05-31 14:17:16,487 [ForkJoinPool.commonPool-worker-1] INFO  metrics.RatisMetrics (RatisMetrics.java:unregister(43)) - Unregistering Metrics Registry : ratis.server.e4951dd4-f4df-4d2e-bd67-fe61550133c1@group-11FC884FF120
2021-05-31 14:17:16,487 [ForkJoinPool.commonPool-worker-1] INFO  impl.StateMachineUpdater (StateMachineUpdater.java:stopAndJoin(149)) - e4951dd4-f4df-4d2e-bd67-fe61550133c1@group-11FC884FF120-StateMachineUpdater: set stopIndex = 0
2021-05-31 14:17:16,487 [e4951dd4-f4df-4d2e-bd67-fe61550133c1@group-11FC884FF120-StateMachineUpdater] INFO  ratis.ContainerStateMachine (ContainerStateMachine.java:takeSnapshot(292)) - group-11FC884FF120: Taking a snapshot at:(t:1, i:0) file /home/runner/work/ozone/ozone/mnt/ozone/hadoop-ozone/integration-test/target/test-dir/MiniOzoneClusterImpl-54085720-bde5-45d4-8ce8-a7ad55ee2c31/datanode-0/data/ratis/0f7cccd9-3de2-4576-b761-11fc884ff120/sm/snapshot.1_0
2021-05-31 14:17:16,488 [Listener at 127.0.0.1/11372] INFO  metrics.RatisMetrics (RatisMetrics.java:unregister(43)) - Unregistering Metrics Registry : ratis.log_worker.bda778da-51f4-4847-bee0-b4babae878aa@group-249122FFF215
2021-05-31 14:17:16,488 [Listener at 127.0.0.1/11372] INFO  metrics.RatisMetrics (RatisMetrics.java:unregister(43)) - Unregistering Metrics Registry : ratis.leader_election.bda778da-51f4-4847-bee0-b4babae878aa@group-249122FFF215
2021-05-31 14:17:16,488 [e4951dd4-f4df-4d2e-bd67-fe61550133c1@group-11FC884FF120-StateMachineUpdater] INFO  ratis.ContainerStateMachine (ContainerStateMachine.java:takeSnapshot(303)) - group-11FC884FF120: Finished taking a snapshot at:(t:1, i:0) file:/home/runner/work/ozone/ozone/mnt/ozone/hadoop-ozone/integration-test/target/test-dir/MiniOzoneClusterImpl-54085720-bde5-45d4-8ce8-a7ad55ee2c31/datanode-0/data/ratis/0f7cccd9-3de2-4576-b761-11fc884ff120/sm/snapshot.1_0 took: 1 ms
2021-05-31 14:17:16,488 [e4951dd4-f4df-4d2e-bd67-fe61550133c1@group-11FC884FF120-StateMachineUpdater] INFO  impl.StateMachineUpdater (StateMachineUpdater.java:takeSnapshot(281)) - e4951dd4-f4df-4d2e-bd67-fe61550133c1@group-11FC884FF120-StateMachineUpdater: Took a snapshot at index 0
2021-05-31 14:17:16,488 [e4951dd4-f4df-4d2e-bd67-fe61550133c1@group-11FC884FF120-StateMachineUpdater] INFO  impl.StateMachineUpdater (StateMachineUpdater.java:lambda$new$0(89)) - e4951dd4-f4df-4d2e-bd67-fe61550133c1@group-11FC884FF120-StateMachineUpdater: snapshotIndex: updateIncreasingly -1 -> 0
2021-05-31 14:17:16,488 [e4951dd4-f4df-4d2e-bd67-fe61550133c1@group-11FC884FF120-StateMachineUpdater] INFO  metrics.RatisMetrics (RatisMetrics.java:unregister(43)) - Unregistering Metrics Registry : ratis.state_machine.e4951dd4-f4df-4d2e-bd67-fe61550133c1@group-11FC884FF120
2021-05-31 14:17:16,489 [ForkJoinPool.commonPool-worker-1] INFO  server.RaftServer$Division (ServerState.java:close(405)) - e4951dd4-f4df-4d2e-bd67-fe61550133c1@group-11FC884FF120: closes. applyIndex: 0
2021-05-31 14:17:16,489 [e4951dd4-f4df-4d2e-bd67-fe61550133c1@group-11FC884FF120-SegmentedRaftLogWorker] INFO  segmented.SegmentedRaftLogWorker (SegmentedRaftLogWorker.java:run(327)) - e4951dd4-f4df-4d2e-bd67-fe61550133c1@group-11FC884FF120-SegmentedRaftLogWorker was interrupted, exiting. There are 0 tasks remaining in the queue.
2021-05-31 14:17:16,489 [ForkJoinPool.commonPool-worker-1] INFO  segmented.SegmentedRaftLogWorker (SegmentedRaftLogWorker.java:close(237)) - e4951dd4-f4df-4d2e-bd67-fe61550133c1@group-11FC884FF120-SegmentedRaftLogWorker close()
2021-05-31 14:17:16,490 [ForkJoinPool.commonPool-worker-1] INFO  metrics.RatisMetrics (RatisMetrics.java:unregister(43)) - Unregistering Metrics Registry : ratis.log_worker.e4951dd4-f4df-4d2e-bd67-fe61550133c1@group-11FC884FF120
2021-05-31 14:17:16,490 [Listener at 127.0.0.1/11372] INFO  metrics.RatisMetrics (RatisMetrics.java:unregister(43)) - Unregistering Metrics Registry : ratis.server.bda778da-51f4-4847-bee0-b4babae878aa@group-249122FFF215
2021-05-31 14:17:16,490 [ForkJoinPool.commonPool-worker-1] INFO  metrics.RatisMetrics (RatisMetrics.java:unregister(43)) - Unregistering Metrics Registry : ratis.leader_election.e4951dd4-f4df-4d2e-bd67-fe61550133c1@group-11FC884FF120
2021-05-31 14:17:16,490 [Listener at 127.0.0.1/11372] INFO  server.RaftServer$Division (RaftServerImpl.java:lambda$close$4(406)) - bda778da-51f4-4847-bee0-b4babae878aa@group-914A9C454EC2: shutdown
2021-05-31 14:17:16,490 [ForkJoinPool.commonPool-worker-1] INFO  metrics.RatisMetrics (RatisMetrics.java:unregister(43)) - Unregistering Metrics Registry : ratis.server.e4951dd4-f4df-4d2e-bd67-fe61550133c1@group-11FC884FF120
2021-05-31 14:17:16,490 [ForkJoinPool.commonPool-worker-1] INFO  server.RaftServer$Division (RaftServerImpl.java:lambda$close$4(406)) - e4951dd4-f4df-4d2e-bd67-fe61550133c1@group-914A9C454EC2: shutdown
2021-05-31 14:17:16,491 [ForkJoinPool.commonPool-worker-1] INFO  util.JmxRegister (JmxRegister.java:unregister(73)) - Successfully un-registered JMX Bean with object name Ratis:service=RaftServer,group=group-914A9C454EC2,id=e4951dd4-f4df-4d2e-bd67-fe61550133c1
2021-05-31 14:17:16,491 [ForkJoinPool.commonPool-worker-1] INFO  impl.RoleInfo (RoleInfo.java:shutdownLeaderState(91)) - e4951dd4-f4df-4d2e-bd67-fe61550133c1: shutdown e4951dd4-f4df-4d2e-bd67-fe61550133c1@group-914A9C454EC2-LeaderStateImpl
2021-05-31 14:17:16,491 [ForkJoinPool.commonPool-worker-1] INFO  metrics.RatisMetrics (RatisMetrics.java:unregister(43)) - Unregistering Metrics Registry : ratis_grpc.log_appender.e4951dd4-f4df-4d2e-bd67-fe61550133c1@group-914A9C454EC2
2021-05-31 14:17:16,491 [ForkJoinPool.commonPool-worker-1] INFO  metrics.RatisMetrics (RatisMetrics.java:unregister(43)) - Unregistering Metrics Registry : ratis_grpc.log_appender.e4951dd4-f4df-4d2e-bd67-fe61550133c1@group-914A9C454EC2
2021-05-31 14:17:16,490 [Listener at 127.0.0.1/11372] INFO  util.JmxRegister (JmxRegister.java:unregister(73)) - Successfully un-registered JMX Bean with object name Ratis:service=RaftServer,group=group-914A9C454EC2,id=bda778da-51f4-4847-bee0-b4babae878aa
2021-05-31 14:17:16,491 [Listener at 127.0.0.1/11372] INFO  impl.RoleInfo (RoleInfo.java:shutdownFollowerState(108)) - bda778da-51f4-4847-bee0-b4babae878aa: shutdown bda778da-51f4-4847-bee0-b4babae878aa@group-914A9C454EC2-FollowerState
2021-05-31 14:17:16,491 [ForkJoinPool.commonPool-worker-1] INFO  impl.PendingRequests (PendingRequests.java:sendNotLeaderResponses(249)) - e4951dd4-f4df-4d2e-bd67-fe61550133c1@group-914A9C454EC2-PendingRequests: sendNotLeaderResponses
2021-05-31 14:17:16,491 [e4951dd4-f4df-4d2e-bd67-fe61550133c1@group-914A9C454EC2->bda778da-51f4-4847-bee0-b4babae878aa-GrpcLogAppender-LogAppenderDaemon] WARN  server.GrpcLogAppender (GrpcLogAppender.java:mayWait(175)) - e4951dd4-f4df-4d2e-bd67-fe61550133c1@group-914A9C454EC2->bda778da-51f4-4847-bee0-b4babae878aa-GrpcLogAppender: Wait interrupted by java.lang.InterruptedException
2021-05-31 14:17:16,491 [e4951dd4-f4df-4d2e-bd67-fe61550133c1@group-914A9C454EC2->21f06eab-63c8-43fd-b305-f7c41bc87438-GrpcLogAppender-LogAppenderDaemon] WARN  server.GrpcLogAppender (GrpcLogAppender.java:mayWait(175)) - e4951dd4-f4df-4d2e-bd67-fe61550133c1@group-914A9C454EC2->21f06eab-63c8-43fd-b305-f7c41bc87438-GrpcLogAppender: Wait interrupted by java.lang.InterruptedException
2021-05-31 14:17:16,492 [ForkJoinPool.commonPool-worker-1] INFO  metrics.RatisMetrics (RatisMetrics.java:unregister(43)) - Unregistering Metrics Registry : ratis.log_appender.e4951dd4-f4df-4d2e-bd67-fe61550133c1@group-914A9C454EC2
2021-05-31 14:17:16,492 [bda778da-51f4-4847-bee0-b4babae878aa@group-914A9C454EC2-StateMachineUpdater] INFO  ratis.ContainerStateMachine (ContainerStateMachine.java:takeSnapshot(292)) - group-914A9C454EC2: Taking a snapshot at:(t:7, i:0) file /home/runner/work/ozone/ozone/mnt/ozone/hadoop-ozone/integration-test/target/test-dir/MiniOzoneClusterImpl-54085720-bde5-45d4-8ce8-a7ad55ee2c31/datanode-1/data/ratis/8cd76b9d-6141-408e-890d-914a9c454ec2/sm/snapshot.7_0
2021-05-31 14:17:16,492 [Listener at 127.0.0.1/11372] INFO  impl.StateMachineUpdater (StateMachineUpdater.java:stopAndJoin(149)) - bda778da-51f4-4847-bee0-b4babae878aa@group-914A9C454EC2-StateMachineUpdater: set stopIndex = 0
2021-05-31 14:17:16,491 [bda778da-51f4-4847-bee0-b4babae878aa@group-914A9C454EC2-FollowerState] INFO  impl.FollowerState (FollowerState.java:run(143)) - bda778da-51f4-4847-bee0-b4babae878aa@group-914A9C454EC2-FollowerState was interrupted: {}
java.lang.InterruptedException: sleep interrupted
	at java.lang.Thread.sleep(Native Method)
	at java.lang.Thread.sleep(Thread.java:340)
	at java.util.concurrent.TimeUnit.sleep(TimeUnit.java:386)
	at org.apache.ratis.util.TimeDuration.sleep(TimeDuration.java:324)
	at org.apache.ratis.util.TimeDuration.sleep(TimeDuration.java:309)
	at org.apache.ratis.server.impl.FollowerState.run(FollowerState.java:118)
2021-05-31 14:17:16,493 [bda778da-51f4-4847-bee0-b4babae878aa@group-914A9C454EC2-StateMachineUpdater] INFO  ratis.ContainerStateMachine (ContainerStateMachine.java:takeSnapshot(303)) - group-914A9C454EC2: Finished taking a snapshot at:(t:7, i:0) file:/home/runner/work/ozone/ozone/mnt/ozone/hadoop-ozone/integration-test/target/test-dir/MiniOzoneClusterImpl-54085720-bde5-45d4-8ce8-a7ad55ee2c31/datanode-1/data/ratis/8cd76b9d-6141-408e-890d-914a9c454ec2/sm/snapshot.7_0 took: 2 ms
2021-05-31 14:17:16,496 [bda778da-51f4-4847-bee0-b4babae878aa@group-914A9C454EC2-StateMachineUpdater] INFO  impl.StateMachineUpdater (StateMachineUpdater.java:takeSnapshot(281)) - bda778da-51f4-4847-bee0-b4babae878aa@group-914A9C454EC2-StateMachineUpdater: Took a snapshot at index 0
2021-05-31 14:17:16,496 [bda778da-51f4-4847-bee0-b4babae878aa@group-914A9C454EC2-StateMachineUpdater] INFO  impl.StateMachineUpdater (StateMachineUpdater.java:lambda$new$0(89)) - bda778da-51f4-4847-bee0-b4babae878aa@group-914A9C454EC2-StateMachineUpdater: snapshotIndex: updateIncreasingly -1 -> 0
2021-05-31 14:17:16,497 [bda778da-51f4-4847-bee0-b4babae878aa@group-914A9C454EC2-StateMachineUpdater] INFO  metrics.RatisMetrics (RatisMetrics.java:unregister(43)) - Unregistering Metrics Registry : ratis.state_machine.bda778da-51f4-4847-bee0-b4babae878aa@group-914A9C454EC2
2021-05-31 14:17:16,497 [Listener at 127.0.0.1/11372] INFO  server.RaftServer$Division (ServerState.java:close(405)) - bda778da-51f4-4847-bee0-b4babae878aa@group-914A9C454EC2: closes. applyIndex: 0
2021-05-31 14:17:16,493 [ForkJoinPool.commonPool-worker-1] INFO  metrics.RatisMetrics (RatisMetrics.java:unregister(43)) - Unregistering Metrics Registry : ratis.server.e4951dd4-f4df-4d2e-bd67-fe61550133c1@group-914A9C454EC2
2021-05-31 14:17:16,493 [grpc-default-executor-0] INFO  server.GrpcServerProtocolService (GrpcServerProtocolService.java:onCompleted(140)) - 21f06eab-63c8-43fd-b305-f7c41bc87438: Completed APPEND_ENTRIES, lastRequest: e4951dd4-f4df-4d2e-bd67-fe61550133c1->21f06eab-63c8-43fd-b305-f7c41bc87438#1-t7,previous=(t:0, i:0),leaderCommit=-1,initializing? true,entries: size=1, first=(t:7, i:0), CONFIGURATIONENTRY
2021-05-31 14:17:16,493 [grpc-default-executor-2] INFO  server.GrpcServerProtocolService (GrpcServerProtocolService.java:onCompleted(140)) - bda778da-51f4-4847-bee0-b4babae878aa: Completed APPEND_ENTRIES, lastRequest: e4951dd4-f4df-4d2e-bd67-fe61550133c1->bda778da-51f4-4847-bee0-b4babae878aa#1-t7,previous=(t:0, i:0),leaderCommit=-1,initializing? true,entries: size=1, first=(t:7, i:0), CONFIGURATIONENTRY
2021-05-31 14:17:16,497 [bda778da-51f4-4847-bee0-b4babae878aa@group-914A9C454EC2-SegmentedRaftLogWorker] INFO  segmented.SegmentedRaftLogWorker (SegmentedRaftLogWorker.java:run(327)) - bda778da-51f4-4847-bee0-b4babae878aa@group-914A9C454EC2-SegmentedRaftLogWorker was interrupted, exiting. There are 0 tasks remaining in the queue.
2021-05-31 14:17:16,498 [grpc-default-executor-1] INFO  server.GrpcLogAppender (GrpcLogAppender.java:onCompleted(344)) - e4951dd4-f4df-4d2e-bd67-fe61550133c1@group-914A9C454EC2->21f06eab-63c8-43fd-b305-f7c41bc87438-AppendLogResponseHandler: follower responses appendEntries COMPLETED
2021-05-31 14:17:16,498 [grpc-default-executor-1] INFO  leader.FollowerInfo (FollowerInfoImpl.java:lambda$new$0(46)) - e4951dd4-f4df-4d2e-bd67-fe61550133c1@group-914A9C454EC2->21f06eab-63c8-43fd-b305-f7c41bc87438: nextIndex: updateUnconditionally 1 -> 0
2021-05-31 14:17:16,498 [grpc-default-executor-4] INFO  server.GrpcLogAppender (GrpcLogAppender.java:onCompleted(344)) - e4951dd4-f4df-4d2e-bd67-fe61550133c1@group-914A9C454EC2->bda778da-51f4-4847-bee0-b4babae878aa-AppendLogResponseHandler: follower responses appendEntries COMPLETED
2021-05-31 14:17:16,498 [e4951dd4-f4df-4d2e-bd67-fe61550133c1@group-914A9C454EC2-StateMachineUpdater] INFO  ratis.ContainerStateMachine (ContainerStateMachine.java:takeSnapshot(292)) - group-914A9C454EC2: Taking a snapshot at:(t:7, i:0) file /home/runner/work/ozone/ozone/mnt/ozone/hadoop-ozone/integration-test/target/test-dir/MiniOzoneClusterImpl-54085720-bde5-45d4-8ce8-a7ad55ee2c31/datanode-0/data/ratis/8cd76b9d-6141-408e-890d-914a9c454ec2/sm/snapshot.7_0
2021-05-31 14:17:16,498 [grpc-default-executor-4] INFO  leader.FollowerInfo (FollowerInfoImpl.java:lambda$new$0(46)) - e4951dd4-f4df-4d2e-bd67-fe61550133c1@group-914A9C454EC2->bda778da-51f4-4847-bee0-b4babae878aa: nextIndex: updateUnconditionally 1 -> 0
2021-05-31 14:17:16,498 [ForkJoinPool.commonPool-worker-1] INFO  impl.StateMachineUpdater (StateMachineUpdater.java:stopAndJoin(149)) - e4951dd4-f4df-4d2e-bd67-fe61550133c1@group-914A9C454EC2-StateMachineUpdater: set stopIndex = 0
2021-05-31 14:17:16,498 [e4951dd4-f4df-4d2e-bd67-fe61550133c1@group-914A9C454EC2-StateMachineUpdater] INFO  ratis.ContainerStateMachine (ContainerStateMachine.java:takeSnapshot(303)) - group-914A9C454EC2: Finished taking a snapshot at:(t:7, i:0) file:/home/runner/work/ozone/ozone/mnt/ozone/hadoop-ozone/integration-test/target/test-dir/MiniOzoneClusterImpl-54085720-bde5-45d4-8ce8-a7ad55ee2c31/datanode-0/data/ratis/8cd76b9d-6141-408e-890d-914a9c454ec2/sm/snapshot.7_0 took: 1 ms
2021-05-31 14:17:16,498 [Listener at 127.0.0.1/11372] INFO  segmented.SegmentedRaftLogWorker (SegmentedRaftLogWorker.java:close(237)) - bda778da-51f4-4847-bee0-b4babae878aa@group-914A9C454EC2-SegmentedRaftLogWorker close()
2021-05-31 14:17:16,499 [e4951dd4-f4df-4d2e-bd67-fe61550133c1@group-914A9C454EC2-StateMachineUpdater] INFO  impl.StateMachineUpdater (StateMachineUpdater.java:takeSnapshot(281)) - e4951dd4-f4df-4d2e-bd67-fe61550133c1@group-914A9C454EC2-StateMachineUpdater: Took a snapshot at index 0
2021-05-31 14:17:16,499 [Listener at 127.0.0.1/11372] INFO  metrics.RatisMetrics (RatisMetrics.java:unregister(43)) - Unregistering Metrics Registry : ratis.log_worker.bda778da-51f4-4847-bee0-b4babae878aa@group-914A9C454EC2
2021-05-31 14:17:16,499 [e4951dd4-f4df-4d2e-bd67-fe61550133c1@group-914A9C454EC2-StateMachineUpdater] INFO  impl.StateMachineUpdater (StateMachineUpdater.java:lambda$new$0(89)) - e4951dd4-f4df-4d2e-bd67-fe61550133c1@group-914A9C454EC2-StateMachineUpdater: snapshotIndex: updateIncreasingly -1 -> 0
2021-05-31 14:17:16,500 [Listener at 127.0.0.1/11372] INFO  metrics.RatisMetrics (RatisMetrics.java:unregister(43)) - Unregistering Metrics Registry : ratis.leader_election.bda778da-51f4-4847-bee0-b4babae878aa@group-914A9C454EC2
2021-05-31 14:17:16,500 [e4951dd4-f4df-4d2e-bd67-fe61550133c1@group-914A9C454EC2-StateMachineUpdater] INFO  metrics.RatisMetrics (RatisMetrics.java:unregister(43)) - Unregistering Metrics Registry : ratis.state_machine.e4951dd4-f4df-4d2e-bd67-fe61550133c1@group-914A9C454EC2
2021-05-31 14:17:16,500 [Listener at 127.0.0.1/11372] INFO  metrics.RatisMetrics (RatisMetrics.java:unregister(43)) - Unregistering Metrics Registry : ratis.server.bda778da-51f4-4847-bee0-b4babae878aa@group-914A9C454EC2
2021-05-31 14:17:16,500 [ForkJoinPool.commonPool-worker-1] INFO  server.RaftServer$Division (ServerState.java:close(405)) - e4951dd4-f4df-4d2e-bd67-fe61550133c1@group-914A9C454EC2: closes. applyIndex: 0
2021-05-31 14:17:16,500 [Listener at 127.0.0.1/11372] INFO  server.RaftServer$Division (RaftServerImpl.java:lambda$close$4(406)) - bda778da-51f4-4847-bee0-b4babae878aa@group-31F7564114FF: shutdown
2021-05-31 14:17:16,500 [e4951dd4-f4df-4d2e-bd67-fe61550133c1@group-914A9C454EC2-SegmentedRaftLogWorker] INFO  segmented.SegmentedRaftLogWorker (SegmentedRaftLogWorker.java:run(327)) - e4951dd4-f4df-4d2e-bd67-fe61550133c1@group-914A9C454EC2-SegmentedRaftLogWorker was interrupted, exiting. There are 0 tasks remaining in the queue.
2021-05-31 14:17:16,501 [Listener at 127.0.0.1/11372] INFO  util.JmxRegister (JmxRegister.java:unregister(73)) - Successfully un-registered JMX Bean with object name Ratis:service=RaftServer,group=group-31F7564114FF,id=bda778da-51f4-4847-bee0-b4babae878aa
2021-05-31 14:17:16,501 [Listener at 127.0.0.1/11372] INFO  impl.RoleInfo (RoleInfo.java:shutdownLeaderState(91)) - bda778da-51f4-4847-bee0-b4babae878aa: shutdown bda778da-51f4-4847-bee0-b4babae878aa@group-31F7564114FF-LeaderStateImpl
2021-05-31 14:17:16,501 [ForkJoinPool.commonPool-worker-1] INFO  segmented.SegmentedRaftLogWorker (SegmentedRaftLogWorker.java:close(237)) - e4951dd4-f4df-4d2e-bd67-fe61550133c1@group-914A9C454EC2-SegmentedRaftLogWorker close()
2021-05-31 14:17:16,501 [Listener at 127.0.0.1/11372] INFO  impl.PendingRequests (PendingRequests.java:sendNotLeaderResponses(249)) - bda778da-51f4-4847-bee0-b4babae878aa@group-31F7564114FF-PendingRequests: sendNotLeaderResponses
2021-05-31 14:17:16,502 [ForkJoinPool.commonPool-worker-1] INFO  metrics.RatisMetrics (RatisMetrics.java:unregister(43)) - Unregistering Metrics Registry : ratis.log_worker.e4951dd4-f4df-4d2e-bd67-fe61550133c1@group-914A9C454EC2
2021-05-31 14:17:16,502 [Listener at 127.0.0.1/11372] INFO  metrics.RatisMetrics (RatisMetrics.java:unregister(43)) - Unregistering Metrics Registry : ratis.log_appender.bda778da-51f4-4847-bee0-b4babae878aa@group-31F7564114FF
2021-05-31 14:17:16,503 [ForkJoinPool.commonPool-worker-1] INFO  metrics.RatisMetrics (RatisMetrics.java:unregister(43)) - Unregistering Metrics Registry : ratis.leader_election.e4951dd4-f4df-4d2e-bd67-fe61550133c1@group-914A9C454EC2
2021-05-31 14:17:16,503 [Listener at 127.0.0.1/11372] INFO  metrics.RatisMetrics (RatisMetrics.java:unregister(43)) - Unregistering Metrics Registry : ratis.server.bda778da-51f4-4847-bee0-b4babae878aa@group-31F7564114FF
2021-05-31 14:17:16,503 [ForkJoinPool.commonPool-worker-1] INFO  metrics.RatisMetrics (RatisMetrics.java:unregister(43)) - Unregistering Metrics Registry : ratis.server.e4951dd4-f4df-4d2e-bd67-fe61550133c1@group-914A9C454EC2
2021-05-31 14:17:16,503 [Listener at 127.0.0.1/11372] INFO  impl.StateMachineUpdater (StateMachineUpdater.java:stopAndJoin(149)) - bda778da-51f4-4847-bee0-b4babae878aa@group-31F7564114FF-StateMachineUpdater: set stopIndex = 0
2021-05-31 14:17:16,504 [ForkJoinPool.commonPool-worker-1] INFO  server.GrpcService (GrpcService.java:closeImpl(262)) - e4951dd4-f4df-4d2e-bd67-fe61550133c1: shutdown server with port 42453 now
2021-05-31 14:17:16,504 [bda778da-51f4-4847-bee0-b4babae878aa@group-31F7564114FF-StateMachineUpdater] INFO  ratis.ContainerStateMachine (ContainerStateMachine.java:takeSnapshot(292)) - group-31F7564114FF: Taking a snapshot at:(t:1, i:0) file /home/runner/work/ozone/ozone/mnt/ozone/hadoop-ozone/integration-test/target/test-dir/MiniOzoneClusterImpl-54085720-bde5-45d4-8ce8-a7ad55ee2c31/datanode-1/data/ratis/9213f601-e2f2-4424-be6b-31f7564114ff/sm/snapshot.1_0
2021-05-31 14:17:16,506 [bda778da-51f4-4847-bee0-b4babae878aa@group-31F7564114FF-StateMachineUpdater] INFO  ratis.ContainerStateMachine (ContainerStateMachine.java:takeSnapshot(303)) - group-31F7564114FF: Finished taking a snapshot at:(t:1, i:0) file:/home/runner/work/ozone/ozone/mnt/ozone/hadoop-ozone/integration-test/target/test-dir/MiniOzoneClusterImpl-54085720-bde5-45d4-8ce8-a7ad55ee2c31/datanode-1/data/ratis/9213f601-e2f2-4424-be6b-31f7564114ff/sm/snapshot.1_0 took: 2 ms
2021-05-31 14:17:16,506 [bda778da-51f4-4847-bee0-b4babae878aa@group-31F7564114FF-StateMachineUpdater] INFO  impl.StateMachineUpdater (StateMachineUpdater.java:takeSnapshot(281)) - bda778da-51f4-4847-bee0-b4babae878aa@group-31F7564114FF-StateMachineUpdater: Took a snapshot at index 0
2021-05-31 14:17:16,506 [bda778da-51f4-4847-bee0-b4babae878aa@group-31F7564114FF-StateMachineUpdater] INFO  impl.StateMachineUpdater (StateMachineUpdater.java:lambda$new$0(89)) - bda778da-51f4-4847-bee0-b4babae878aa@group-31F7564114FF-StateMachineUpdater: snapshotIndex: updateIncreasingly -1 -> 0
2021-05-31 14:17:16,506 [bda778da-51f4-4847-bee0-b4babae878aa@group-31F7564114FF-StateMachineUpdater] INFO  metrics.RatisMetrics (RatisMetrics.java:unregister(43)) - Unregistering Metrics Registry : ratis.state_machine.bda778da-51f4-4847-bee0-b4babae878aa@group-31F7564114FF
2021-05-31 14:17:16,506 [Listener at 127.0.0.1/11372] INFO  server.RaftServer$Division (ServerState.java:close(405)) - bda778da-51f4-4847-bee0-b4babae878aa@group-31F7564114FF: closes. applyIndex: 0
2021-05-31 14:17:16,507 [bda778da-51f4-4847-bee0-b4babae878aa@group-31F7564114FF-SegmentedRaftLogWorker] INFO  segmented.SegmentedRaftLogWorker (SegmentedRaftLogWorker.java:run(327)) - bda778da-51f4-4847-bee0-b4babae878aa@group-31F7564114FF-SegmentedRaftLogWorker was interrupted, exiting. There are 0 tasks remaining in the queue.
2021-05-31 14:17:16,507 [Listener at 127.0.0.1/11372] INFO  segmented.SegmentedRaftLogWorker (SegmentedRaftLogWorker.java:close(237)) - bda778da-51f4-4847-bee0-b4babae878aa@group-31F7564114FF-SegmentedRaftLogWorker close()
2021-05-31 14:17:16,508 [ForkJoinPool.commonPool-worker-1] INFO  server.GrpcService (GrpcService.java:closeImpl(271)) - e4951dd4-f4df-4d2e-bd67-fe61550133c1: shutdown server with port 42453 successfully
2021-05-31 14:17:16,509 [org.apache.ratis.util.JvmPauseMonitor$$Lambda$493/1767532961@31f43aa5] INFO  util.JvmPauseMonitor (JvmPauseMonitor.java:run(109)) - JvmPauseMonitor-e4951dd4-f4df-4d2e-bd67-fe61550133c1: Stopped
2021-05-31 14:17:16,510 [Listener at 127.0.0.1/11372] INFO  metrics.RatisMetrics (RatisMetrics.java:unregister(43)) - Unregistering Metrics Registry : ratis.log_worker.bda778da-51f4-4847-bee0-b4babae878aa@group-31F7564114FF
2021-05-31 14:17:16,511 [ForkJoinPool.commonPool-worker-1] INFO  utils.BackgroundService (BackgroundService.java:shutdown(132)) - Shutting down service BlockDeletingService
2021-05-31 14:17:16,511 [Listener at 127.0.0.1/11372] INFO  metrics.RatisMetrics (RatisMetrics.java:unregister(43)) - Unregistering Metrics Registry : ratis.leader_election.bda778da-51f4-4847-bee0-b4babae878aa@group-31F7564114FF
2021-05-31 14:17:16,512 [Listener at 127.0.0.1/11372] INFO  metrics.RatisMetrics (RatisMetrics.java:unregister(43)) - Unregistering Metrics Registry : ratis.server.bda778da-51f4-4847-bee0-b4babae878aa@group-31F7564114FF
2021-05-31 14:17:16,513 [ForkJoinPool.commonPool-worker-1] INFO  statemachine.DatanodeStateMachine (DatanodeStateMachine.java:stopDaemon(475)) - Ozone container server stopped.
2021-05-31 14:17:16,514 [ForkJoinPool.commonPool-worker-1] INFO  handler.ContextHandler (ContextHandler.java:doStop(1154)) - Stopped o.e.j.w.WebAppContext@17ed6578{hddsDatanode,/,null,STOPPED}{jar:file:/home/runner/.m2/repository/org/apache/ozone/hdds-container-service/1.2.0-SNAPSHOT/hdds-container-service-1.2.0-SNAPSHOT.jar!/webapps/hddsDatanode}
2021-05-31 14:17:16,515 [ForkJoinPool.commonPool-worker-1] INFO  server.AbstractConnector (AbstractConnector.java:doStop(381)) - Stopped ServerConnector@2927d781{HTTP/1.1, (http/1.1)}{0.0.0.0:0}
2021-05-31 14:17:16,515 [ForkJoinPool.commonPool-worker-1] INFO  server.session (HouseKeeper.java:stopScavenging(149)) - node0 Stopped scavenging
2021-05-31 14:17:16,515 [Listener at 127.0.0.1/11372] INFO  server.GrpcService (GrpcService.java:closeImpl(262)) - bda778da-51f4-4847-bee0-b4babae878aa: shutdown server with port 32951 now
2021-05-31 14:17:16,516 [ForkJoinPool.commonPool-worker-1] INFO  handler.ContextHandler (ContextHandler.java:doStop(1154)) - Stopped o.e.j.s.ServletContextHandler@c9dcfcd{static,/static,jar:file:/home/runner/.m2/repository/org/apache/ozone/hdds-container-service/1.2.0-SNAPSHOT/hdds-container-service-1.2.0-SNAPSHOT.jar!/webapps/static,STOPPED}
2021-05-31 14:17:16,520 [ForkJoinPool.commonPool-worker-1] INFO  handler.ContextHandler (ContextHandler.java:doStop(1154)) - Stopped o.e.j.s.ServletContextHandler@5ec2462{logs,/logs,file:///home/runner/work/ozone/ozone/mnt/ozone/hadoop-ozone/integration-test/target/log,STOPPED}
2021-05-31 14:17:16,524 [Listener at 127.0.0.1/11372] INFO  server.GrpcService (GrpcService.java:closeImpl(271)) - bda778da-51f4-4847-bee0-b4babae878aa: shutdown server with port 32951 successfully
2021-05-31 14:17:16,524 [org.apache.ratis.util.JvmPauseMonitor$$Lambda$493/1767532961@252906ef] INFO  util.JvmPauseMonitor (JvmPauseMonitor.java:run(109)) - JvmPauseMonitor-bda778da-51f4-4847-bee0-b4babae878aa: Stopped
2021-05-31 14:17:16,524 [Listener at 127.0.0.1/11372] INFO  utils.BackgroundService (BackgroundService.java:shutdown(132)) - Shutting down service BlockDeletingService
2021-05-31 14:17:16,528 [Listener at 127.0.0.1/11372] INFO  statemachine.DatanodeStateMachine (DatanodeStateMachine.java:stopDaemon(475)) - Ozone container server stopped.
2021-05-31 14:17:16,528 [Listener at 127.0.0.1/11372] INFO  handler.ContextHandler (ContextHandler.java:doStop(1154)) - Stopped o.e.j.w.WebAppContext@5cb7eb6c{hddsDatanode,/,null,STOPPED}{jar:file:/home/runner/.m2/repository/org/apache/ozone/hdds-container-service/1.2.0-SNAPSHOT/hdds-container-service-1.2.0-SNAPSHOT.jar!/webapps/hddsDatanode}
2021-05-31 14:17:16,529 [Listener at 127.0.0.1/11372] INFO  server.AbstractConnector (AbstractConnector.java:doStop(381)) - Stopped ServerConnector@72238cf0{HTTP/1.1, (http/1.1)}{0.0.0.0:0}
2021-05-31 14:17:16,529 [Listener at 127.0.0.1/11372] INFO  server.session (HouseKeeper.java:stopScavenging(149)) - node0 Stopped scavenging
2021-05-31 14:17:16,529 [Listener at 127.0.0.1/11372] INFO  handler.ContextHandler (ContextHandler.java:doStop(1154)) - Stopped o.e.j.s.ServletContextHandler@6048e171{static,/static,jar:file:/home/runner/.m2/repository/org/apache/ozone/hdds-container-service/1.2.0-SNAPSHOT/hdds-container-service-1.2.0-SNAPSHOT.jar!/webapps/static,STOPPED}
2021-05-31 14:17:16,530 [Listener at 127.0.0.1/11372] INFO  handler.ContextHandler (ContextHandler.java:doStop(1154)) - Stopped o.e.j.s.ServletContextHandler@669f2128{logs,/logs,file:///home/runner/work/ozone/ozone/mnt/ozone/hadoop-ozone/integration-test/target/log,STOPPED}
2021-05-31 14:17:17,127 [Datanode State Machine Thread - 0] WARN  statemachine.StateContext (StateContext.java:setState(217)) - Ignore disallowed transition from SHUTDOWN to RUNNING
2021-05-31 14:17:17,127 [Datanode State Machine Thread - 0] INFO  statemachine.DatanodeStateMachine (DatanodeStateMachine.java:lambda$startDaemon$0(417)) - Ozone container server started.
2021-05-31 14:17:17,127 [EndpointStateMachine task thread for /127.0.0.1:14171 - 0 ] INFO  ipc.Client (Client.java:handleConnectionFailure(966)) - Retrying connect to server: localhost/127.0.0.1:14171. Already tried 4 time(s); retry policy is RetryUpToMaximumCountWithFixedSleep(maxRetries=15, sleepTime=1000 MILLISECONDS)
2021-05-31 14:17:17,128 [EndpointStateMachine task thread for /127.0.0.1:14161 - 0 ] INFO  ipc.Client (Client.java:handleConnectionFailure(966)) - Retrying connect to server: localhost/127.0.0.1:14161. Already tried 5 time(s); retry policy is RetryUpToMaximumCountWithFixedSleep(maxRetries=15, sleepTime=1000 MILLISECONDS)
2021-05-31 14:17:17,129 [EndpointStateMachine task thread for /127.0.0.1:14181 - 0 ] INFO  ipc.Client (Client.java:handleConnectionFailure(966)) - Retrying connect to server: localhost/127.0.0.1:14181. Already tried 5 time(s); retry policy is RetryUpToMaximumCountWithFixedSleep(maxRetries=15, sleepTime=1000 MILLISECONDS)
2021-05-31 14:17:18,128 [EndpointStateMachine task thread for /127.0.0.1:14171 - 0 ] INFO  ipc.Client (Client.java:handleConnectionFailure(966)) - Retrying connect to server: localhost/127.0.0.1:14171. Already tried 5 time(s); retry policy is RetryUpToMaximumCountWithFixedSleep(maxRetries=15, sleepTime=1000 MILLISECONDS)
2021-05-31 14:17:18,129 [EndpointStateMachine task thread for /127.0.0.1:14161 - 0 ] INFO  ipc.Client (Client.java:handleConnectionFailure(966)) - Retrying connect to server: localhost/127.0.0.1:14161. Already tried 6 time(s); retry policy is RetryUpToMaximumCountWithFixedSleep(maxRetries=15, sleepTime=1000 MILLISECONDS)
2021-05-31 14:17:18,129 [EndpointStateMachine task thread for /127.0.0.1:14181 - 0 ] INFO  ipc.Client (Client.java:handleConnectionFailure(966)) - Retrying connect to server: localhost/127.0.0.1:14181. Already tried 6 time(s); retry policy is RetryUpToMaximumCountWithFixedSleep(maxRetries=15, sleepTime=1000 MILLISECONDS)
2021-05-31 14:17:19,129 [EndpointStateMachine task thread for /127.0.0.1:14171 - 0 ] INFO  ipc.Client (Client.java:handleConnectionFailure(966)) - Retrying connect to server: localhost/127.0.0.1:14171. Already tried 6 time(s); retry policy is RetryUpToMaximumCountWithFixedSleep(maxRetries=15, sleepTime=1000 MILLISECONDS)
2021-05-31 14:17:19,129 [EndpointStateMachine task thread for /127.0.0.1:14161 - 0 ] INFO  ipc.Client (Client.java:handleConnectionFailure(966)) - Retrying connect to server: localhost/127.0.0.1:14161. Already tried 7 time(s); retry policy is RetryUpToMaximumCountWithFixedSleep(maxRetries=15, sleepTime=1000 MILLISECONDS)
2021-05-31 14:17:19,130 [EndpointStateMachine task thread for /127.0.0.1:14181 - 0 ] INFO  ipc.Client (Client.java:handleConnectionFailure(966)) - Retrying connect to server: localhost/127.0.0.1:14181. Already tried 7 time(s); retry policy is RetryUpToMaximumCountWithFixedSleep(maxRetries=15, sleepTime=1000 MILLISECONDS)
2021-05-31 14:17:20,130 [EndpointStateMachine task thread for /127.0.0.1:14171 - 0 ] INFO  ipc.Client (Client.java:handleConnectionFailure(966)) - Retrying connect to server: localhost/127.0.0.1:14171. Already tried 7 time(s); retry policy is RetryUpToMaximumCountWithFixedSleep(maxRetries=15, sleepTime=1000 MILLISECONDS)
2021-05-31 14:17:20,130 [EndpointStateMachine task thread for /127.0.0.1:14161 - 0 ] INFO  ipc.Client (Client.java:handleConnectionFailure(966)) - Retrying connect to server: localhost/127.0.0.1:14161. Already tried 8 time(s); retry policy is RetryUpToMaximumCountWithFixedSleep(maxRetries=15, sleepTime=1000 MILLISECONDS)
2021-05-31 14:17:20,131 [EndpointStateMachine task thread for /127.0.0.1:14181 - 0 ] INFO  ipc.Client (Client.java:handleConnectionFailure(966)) - Retrying connect to server: localhost/127.0.0.1:14181. Already tried 8 time(s); retry policy is RetryUpToMaximumCountWithFixedSleep(maxRetries=15, sleepTime=1000 MILLISECONDS)
2021-05-31 14:17:20,467 [21f06eab-63c8-43fd-b305-f7c41bc87438@group-249122FFF215-FollowerState] INFO  impl.FollowerState (FollowerState.java:run(134)) - 21f06eab-63c8-43fd-b305-f7c41bc87438@group-249122FFF215-FollowerState: change to CANDIDATE, lastRpcElapsedTime:5463998105ns, electionTimeout:5056ms
2021-05-31 14:17:20,467 [21f06eab-63c8-43fd-b305-f7c41bc87438@group-249122FFF215-FollowerState] INFO  impl.RoleInfo (RoleInfo.java:shutdownFollowerState(108)) - 21f06eab-63c8-43fd-b305-f7c41bc87438: shutdown 21f06eab-63c8-43fd-b305-f7c41bc87438@group-249122FFF215-FollowerState
2021-05-31 14:17:20,467 [21f06eab-63c8-43fd-b305-f7c41bc87438@group-249122FFF215-FollowerState] INFO  server.RaftServer$Division (RaftServerImpl.java:setRole(284)) - 21f06eab-63c8-43fd-b305-f7c41bc87438@group-249122FFF215: changes role from  FOLLOWER to CANDIDATE at term 5 for changeToCandidate
2021-05-31 14:17:20,467 [21f06eab-63c8-43fd-b305-f7c41bc87438@group-249122FFF215-FollowerState] INFO  server.RaftServerConfigKeys (ConfUtils.java:logGet(44)) - raft.server.leaderelection.pre-vote = false (custom)
2021-05-31 14:17:20,467 [21f06eab-63c8-43fd-b305-f7c41bc87438@group-249122FFF215-FollowerState] INFO  impl.RoleInfo (RoleInfo.java:updateAndGet(130)) - 21f06eab-63c8-43fd-b305-f7c41bc87438: start 21f06eab-63c8-43fd-b305-f7c41bc87438@group-249122FFF215-LeaderElection21
2021-05-31 14:17:20,471 [21f06eab-63c8-43fd-b305-f7c41bc87438@group-249122FFF215-LeaderElection21] INFO  server.RaftServer$Division (ServerState.java:setLeader(271)) - 21f06eab-63c8-43fd-b305-f7c41bc87438@group-249122FFF215: change Leader from bda778da-51f4-4847-bee0-b4babae878aa to null at term 5 for ELECTION
2021-05-31 14:17:20,473 [21f06eab-63c8-43fd-b305-f7c41bc87438@group-249122FFF215-LeaderElection21] INFO  impl.LeaderElection (LeaderElection.java:askForVotes(306)) - 21f06eab-63c8-43fd-b305-f7c41bc87438@group-249122FFF215-LeaderElection21 ELECTION round 0: submit vote requests at term 6 for 0: [21f06eab-63c8-43fd-b305-f7c41bc87438|rpc:127.0.0.1:43533|dataStream:|priority:0, e4951dd4-f4df-4d2e-bd67-fe61550133c1|rpc:127.0.0.1:42453|dataStream:|priority:0, bda778da-51f4-4847-bee0-b4babae878aa|rpc:127.0.0.1:32951|dataStream:|priority:1], old=null
2021-05-31 14:17:20,479 [21f06eab-63c8-43fd-b305-f7c41bc87438@group-249122FFF215-LeaderElection21] INFO  impl.LeaderElection (LogUtils.java:infoOrTrace(137)) - 21f06eab-63c8-43fd-b305-f7c41bc87438@group-249122FFF215-LeaderElection21 got exception when requesting votes: java.util.concurrent.ExecutionException: org.apache.ratis.thirdparty.io.grpc.StatusRuntimeException: UNAVAILABLE: io exception
2021-05-31 14:17:20,479 [21f06eab-63c8-43fd-b305-f7c41bc87438@group-249122FFF215-LeaderElection21] INFO  impl.LeaderElection (LogUtils.java:infoOrTrace(137)) - 21f06eab-63c8-43fd-b305-f7c41bc87438@group-249122FFF215-LeaderElection21 got exception when requesting votes: java.util.concurrent.ExecutionException: org.apache.ratis.thirdparty.io.grpc.StatusRuntimeException: UNAVAILABLE: io exception
2021-05-31 14:17:20,479 [21f06eab-63c8-43fd-b305-f7c41bc87438@group-249122FFF215-LeaderElection21] INFO  impl.LeaderElection (LeaderElection.java:logAndReturn(89)) - 21f06eab-63c8-43fd-b305-f7c41bc87438@group-249122FFF215-LeaderElection21: ELECTION REJECTED received 0 response(s) and 2 exception(s):
2021-05-31 14:17:20,479 [21f06eab-63c8-43fd-b305-f7c41bc87438@group-249122FFF215-LeaderElection21] INFO  impl.LeaderElection (LogUtils.java:infoOrTrace(137)) -   Exception 0: java.util.concurrent.ExecutionException: org.apache.ratis.thirdparty.io.grpc.StatusRuntimeException: UNAVAILABLE: io exception
2021-05-31 14:17:20,479 [21f06eab-63c8-43fd-b305-f7c41bc87438@group-249122FFF215-LeaderElection21] INFO  impl.LeaderElection (LogUtils.java:infoOrTrace(137)) -   Exception 1: java.util.concurrent.ExecutionException: org.apache.ratis.thirdparty.io.grpc.StatusRuntimeException: UNAVAILABLE: io exception
2021-05-31 14:17:20,479 [21f06eab-63c8-43fd-b305-f7c41bc87438@group-249122FFF215-LeaderElection21] INFO  impl.LeaderElection (LeaderElection.java:askForVotes(308)) - 21f06eab-63c8-43fd-b305-f7c41bc87438@group-249122FFF215-LeaderElection21 ELECTION round 0: result REJECTED
2021-05-31 14:17:20,479 [21f06eab-63c8-43fd-b305-f7c41bc87438@group-249122FFF215-LeaderElection21] INFO  server.RaftServer$Division (RaftServerImpl.java:setRole(284)) - 21f06eab-63c8-43fd-b305-f7c41bc87438@group-249122FFF215: changes role from CANDIDATE to FOLLOWER at term 6 for REJECTED
2021-05-31 14:17:20,479 [21f06eab-63c8-43fd-b305-f7c41bc87438@group-249122FFF215-LeaderElection21] INFO  impl.RoleInfo (RoleInfo.java:shutdownLeaderElection(121)) - 21f06eab-63c8-43fd-b305-f7c41bc87438: shutdown 21f06eab-63c8-43fd-b305-f7c41bc87438@group-249122FFF215-LeaderElection21
2021-05-31 14:17:20,480 [21f06eab-63c8-43fd-b305-f7c41bc87438@group-249122FFF215-LeaderElection21] INFO  impl.RoleInfo (RoleInfo.java:updateAndGet(130)) - 21f06eab-63c8-43fd-b305-f7c41bc87438: start 21f06eab-63c8-43fd-b305-f7c41bc87438@group-249122FFF215-FollowerState
2021-05-31 14:17:21,131 [EndpointStateMachine task thread for /127.0.0.1:14171 - 0 ] INFO  ipc.Client (Client.java:handleConnectionFailure(966)) - Retrying connect to server: localhost/127.0.0.1:14171. Already tried 8 time(s); retry policy is RetryUpToMaximumCountWithFixedSleep(maxRetries=15, sleepTime=1000 MILLISECONDS)
2021-05-31 14:17:21,131 [EndpointStateMachine task thread for /127.0.0.1:14161 - 0 ] INFO  ipc.Client (Client.java:handleConnectionFailure(966)) - Retrying connect to server: localhost/127.0.0.1:14161. Already tried 9 time(s); retry policy is RetryUpToMaximumCountWithFixedSleep(maxRetries=15, sleepTime=1000 MILLISECONDS)
2021-05-31 14:17:21,131 [EndpointStateMachine task thread for /127.0.0.1:14181 - 0 ] INFO  ipc.Client (Client.java:handleConnectionFailure(966)) - Retrying connect to server: localhost/127.0.0.1:14181. Already tried 9 time(s); retry policy is RetryUpToMaximumCountWithFixedSleep(maxRetries=15, sleepTime=1000 MILLISECONDS)
2021-05-31 14:17:21,529 [ForkJoinPool.commonPool-worker-1] INFO  ozoneimpl.OzoneContainer (OzoneContainer.java:stop(316)) - Attempting to stop container services.
2021-05-31 14:17:21,529 [ForkJoinPool.commonPool-worker-1] INFO  server.RaftServer (RaftServerProxy.java:lambda$close$6(391)) - 21f06eab-63c8-43fd-b305-f7c41bc87438: close
2021-05-31 14:17:21,530 [ForkJoinPool.commonPool-worker-1] INFO  server.RaftServer$Division (RaftServerImpl.java:lambda$close$4(406)) - 21f06eab-63c8-43fd-b305-f7c41bc87438@group-249122FFF215: shutdown
2021-05-31 14:17:21,530 [ForkJoinPool.commonPool-worker-1] INFO  util.JmxRegister (JmxRegister.java:unregister(73)) - Successfully un-registered JMX Bean with object name Ratis:service=RaftServer,group=group-249122FFF215,id=21f06eab-63c8-43fd-b305-f7c41bc87438
2021-05-31 14:17:21,530 [ForkJoinPool.commonPool-worker-1] INFO  impl.RoleInfo (RoleInfo.java:shutdownFollowerState(108)) - 21f06eab-63c8-43fd-b305-f7c41bc87438: shutdown 21f06eab-63c8-43fd-b305-f7c41bc87438@group-249122FFF215-FollowerState
2021-05-31 14:17:21,530 [ForkJoinPool.commonPool-worker-1] INFO  impl.StateMachineUpdater (StateMachineUpdater.java:stopAndJoin(149)) - 21f06eab-63c8-43fd-b305-f7c41bc87438@group-249122FFF215-StateMachineUpdater: set stopIndex = 0
2021-05-31 14:17:21,530 [21f06eab-63c8-43fd-b305-f7c41bc87438@group-249122FFF215-FollowerState] INFO  impl.FollowerState (FollowerState.java:run(143)) - 21f06eab-63c8-43fd-b305-f7c41bc87438@group-249122FFF215-FollowerState was interrupted: {}
java.lang.InterruptedException: sleep interrupted
	at java.lang.Thread.sleep(Native Method)
	at java.lang.Thread.sleep(Thread.java:340)
	at java.util.concurrent.TimeUnit.sleep(TimeUnit.java:386)
	at org.apache.ratis.util.TimeDuration.sleep(TimeDuration.java:324)
	at org.apache.ratis.util.TimeDuration.sleep(TimeDuration.java:309)
	at org.apache.ratis.server.impl.FollowerState.run(FollowerState.java:118)
2021-05-31 14:17:21,530 [21f06eab-63c8-43fd-b305-f7c41bc87438@group-249122FFF215-StateMachineUpdater] INFO  ratis.ContainerStateMachine (ContainerStateMachine.java:takeSnapshot(292)) - group-249122FFF215: Taking a snapshot at:(t:5, i:0) file /home/runner/work/ozone/ozone/mnt/ozone/hadoop-ozone/integration-test/target/test-dir/MiniOzoneClusterImpl-54085720-bde5-45d4-8ce8-a7ad55ee2c31/datanode-2/data/ratis/95a153cd-5601-43af-81b8-249122fff215/sm/snapshot.5_0
2021-05-31 14:17:21,532 [21f06eab-63c8-43fd-b305-f7c41bc87438@group-249122FFF215-StateMachineUpdater] INFO  ratis.ContainerStateMachine (ContainerStateMachine.java:takeSnapshot(303)) - group-249122FFF215: Finished taking a snapshot at:(t:5, i:0) file:/home/runner/work/ozone/ozone/mnt/ozone/hadoop-ozone/integration-test/target/test-dir/MiniOzoneClusterImpl-54085720-bde5-45d4-8ce8-a7ad55ee2c31/datanode-2/data/ratis/95a153cd-5601-43af-81b8-249122fff215/sm/snapshot.5_0 took: 2 ms
2021-05-31 14:17:21,532 [21f06eab-63c8-43fd-b305-f7c41bc87438@group-249122FFF215-StateMachineUpdater] INFO  impl.StateMachineUpdater (StateMachineUpdater.java:takeSnapshot(281)) - 21f06eab-63c8-43fd-b305-f7c41bc87438@group-249122FFF215-StateMachineUpdater: Took a snapshot at index 0
2021-05-31 14:17:21,532 [21f06eab-63c8-43fd-b305-f7c41bc87438@group-249122FFF215-StateMachineUpdater] INFO  impl.StateMachineUpdater (StateMachineUpdater.java:lambda$new$0(89)) - 21f06eab-63c8-43fd-b305-f7c41bc87438@group-249122FFF215-StateMachineUpdater: snapshotIndex: updateIncreasingly -1 -> 0
2021-05-31 14:17:21,533 [21f06eab-63c8-43fd-b305-f7c41bc87438@group-249122FFF215-StateMachineUpdater] INFO  metrics.RatisMetrics (RatisMetrics.java:unregister(43)) - Unregistering Metrics Registry : ratis.state_machine.21f06eab-63c8-43fd-b305-f7c41bc87438@group-249122FFF215
2021-05-31 14:17:21,533 [ForkJoinPool.commonPool-worker-1] INFO  server.RaftServer$Division (ServerState.java:close(405)) - 21f06eab-63c8-43fd-b305-f7c41bc87438@group-249122FFF215: closes. applyIndex: 0
2021-05-31 14:17:21,533 [21f06eab-63c8-43fd-b305-f7c41bc87438@group-249122FFF215-SegmentedRaftLogWorker] INFO  segmented.SegmentedRaftLogWorker (SegmentedRaftLogWorker.java:run(327)) - 21f06eab-63c8-43fd-b305-f7c41bc87438@group-249122FFF215-SegmentedRaftLogWorker was interrupted, exiting. There are 0 tasks remaining in the queue.
2021-05-31 14:17:21,533 [ForkJoinPool.commonPool-worker-1] INFO  segmented.SegmentedRaftLogWorker (SegmentedRaftLogWorker.java:close(237)) - 21f06eab-63c8-43fd-b305-f7c41bc87438@group-249122FFF215-SegmentedRaftLogWorker close()
2021-05-31 14:17:21,534 [ForkJoinPool.commonPool-worker-1] INFO  metrics.RatisMetrics (RatisMetrics.java:unregister(43)) - Unregistering Metrics Registry : ratis.log_worker.21f06eab-63c8-43fd-b305-f7c41bc87438@group-249122FFF215
2021-05-31 14:17:21,534 [ForkJoinPool.commonPool-worker-1] INFO  metrics.RatisMetrics (RatisMetrics.java:unregister(43)) - Unregistering Metrics Registry : ratis.leader_election.21f06eab-63c8-43fd-b305-f7c41bc87438@group-249122FFF215
2021-05-31 14:17:21,534 [ForkJoinPool.commonPool-worker-1] INFO  metrics.RatisMetrics (RatisMetrics.java:unregister(43)) - Unregistering Metrics Registry : ratis.server.21f06eab-63c8-43fd-b305-f7c41bc87438@group-249122FFF215
2021-05-31 14:17:21,534 [ForkJoinPool.commonPool-worker-1] INFO  server.RaftServer$Division (RaftServerImpl.java:lambda$close$4(406)) - 21f06eab-63c8-43fd-b305-f7c41bc87438@group-914A9C454EC2: shutdown
2021-05-31 14:17:21,534 [ForkJoinPool.commonPool-worker-1] INFO  util.JmxRegister (JmxRegister.java:unregister(73)) - Successfully un-registered JMX Bean with object name Ratis:service=RaftServer,group=group-914A9C454EC2,id=21f06eab-63c8-43fd-b305-f7c41bc87438
2021-05-31 14:17:21,534 [ForkJoinPool.commonPool-worker-1] INFO  impl.RoleInfo (RoleInfo.java:shutdownFollowerState(108)) - 21f06eab-63c8-43fd-b305-f7c41bc87438: shutdown 21f06eab-63c8-43fd-b305-f7c41bc87438@group-914A9C454EC2-FollowerState
2021-05-31 14:17:21,535 [21f06eab-63c8-43fd-b305-f7c41bc87438@group-914A9C454EC2-FollowerState] INFO  impl.FollowerState (FollowerState.java:run(143)) - 21f06eab-63c8-43fd-b305-f7c41bc87438@group-914A9C454EC2-FollowerState was interrupted: {}
java.lang.InterruptedException: sleep interrupted
	at java.lang.Thread.sleep(Native Method)
	at java.lang.Thread.sleep(Thread.java:340)
	at java.util.concurrent.TimeUnit.sleep(TimeUnit.java:386)
	at org.apache.ratis.util.TimeDuration.sleep(TimeDuration.java:324)
	at org.apache.ratis.util.TimeDuration.sleep(TimeDuration.java:309)
	at org.apache.ratis.server.impl.FollowerState.run(FollowerState.java:118)
2021-05-31 14:17:21,535 [ForkJoinPool.commonPool-worker-1] INFO  impl.StateMachineUpdater (StateMachineUpdater.java:stopAndJoin(149)) - 21f06eab-63c8-43fd-b305-f7c41bc87438@group-914A9C454EC2-StateMachineUpdater: set stopIndex = 0
2021-05-31 14:17:21,535 [21f06eab-63c8-43fd-b305-f7c41bc87438@group-914A9C454EC2-StateMachineUpdater] INFO  ratis.ContainerStateMachine (ContainerStateMachine.java:takeSnapshot(292)) - group-914A9C454EC2: Taking a snapshot at:(t:7, i:0) file /home/runner/work/ozone/ozone/mnt/ozone/hadoop-ozone/integration-test/target/test-dir/MiniOzoneClusterImpl-54085720-bde5-45d4-8ce8-a7ad55ee2c31/datanode-2/data/ratis/8cd76b9d-6141-408e-890d-914a9c454ec2/sm/snapshot.7_0
2021-05-31 14:17:21,536 [21f06eab-63c8-43fd-b305-f7c41bc87438@group-914A9C454EC2-StateMachineUpdater] INFO  ratis.ContainerStateMachine (ContainerStateMachine.java:takeSnapshot(303)) - group-914A9C454EC2: Finished taking a snapshot at:(t:7, i:0) file:/home/runner/work/ozone/ozone/mnt/ozone/hadoop-ozone/integration-test/target/test-dir/MiniOzoneClusterImpl-54085720-bde5-45d4-8ce8-a7ad55ee2c31/datanode-2/data/ratis/8cd76b9d-6141-408e-890d-914a9c454ec2/sm/snapshot.7_0 took: 0 ms
2021-05-31 14:17:21,536 [21f06eab-63c8-43fd-b305-f7c41bc87438@group-914A9C454EC2-StateMachineUpdater] INFO  impl.StateMachineUpdater (StateMachineUpdater.java:takeSnapshot(281)) - 21f06eab-63c8-43fd-b305-f7c41bc87438@group-914A9C454EC2-StateMachineUpdater: Took a snapshot at index 0
2021-05-31 14:17:21,536 [21f06eab-63c8-43fd-b305-f7c41bc87438@group-914A9C454EC2-StateMachineUpdater] INFO  impl.StateMachineUpdater (StateMachineUpdater.java:lambda$new$0(89)) - 21f06eab-63c8-43fd-b305-f7c41bc87438@group-914A9C454EC2-StateMachineUpdater: snapshotIndex: updateIncreasingly -1 -> 0
2021-05-31 14:17:21,536 [21f06eab-63c8-43fd-b305-f7c41bc87438@group-914A9C454EC2-StateMachineUpdater] INFO  metrics.RatisMetrics (RatisMetrics.java:unregister(43)) - Unregistering Metrics Registry : ratis.state_machine.21f06eab-63c8-43fd-b305-f7c41bc87438@group-914A9C454EC2
2021-05-31 14:17:21,538 [ForkJoinPool.commonPool-worker-1] INFO  server.RaftServer$Division (ServerState.java:close(405)) - 21f06eab-63c8-43fd-b305-f7c41bc87438@group-914A9C454EC2: closes. applyIndex: 0
2021-05-31 14:17:21,538 [21f06eab-63c8-43fd-b305-f7c41bc87438@group-914A9C454EC2-SegmentedRaftLogWorker] INFO  segmented.SegmentedRaftLogWorker (SegmentedRaftLogWorker.java:run(327)) - 21f06eab-63c8-43fd-b305-f7c41bc87438@group-914A9C454EC2-SegmentedRaftLogWorker was interrupted, exiting. There are 0 tasks remaining in the queue.
2021-05-31 14:17:21,538 [ForkJoinPool.commonPool-worker-1] INFO  segmented.SegmentedRaftLogWorker (SegmentedRaftLogWorker.java:close(237)) - 21f06eab-63c8-43fd-b305-f7c41bc87438@group-914A9C454EC2-SegmentedRaftLogWorker close()
2021-05-31 14:17:21,539 [ForkJoinPool.commonPool-worker-1] INFO  metrics.RatisMetrics (RatisMetrics.java:unregister(43)) - Unregistering Metrics Registry : ratis.log_worker.21f06eab-63c8-43fd-b305-f7c41bc87438@group-914A9C454EC2
2021-05-31 14:17:21,539 [ForkJoinPool.commonPool-worker-1] INFO  metrics.RatisMetrics (RatisMetrics.java:unregister(43)) - Unregistering Metrics Registry : ratis.leader_election.21f06eab-63c8-43fd-b305-f7c41bc87438@group-914A9C454EC2
2021-05-31 14:17:21,539 [ForkJoinPool.commonPool-worker-1] INFO  metrics.RatisMetrics (RatisMetrics.java:unregister(43)) - Unregistering Metrics Registry : ratis.server.21f06eab-63c8-43fd-b305-f7c41bc87438@group-914A9C454EC2
2021-05-31 14:17:21,539 [ForkJoinPool.commonPool-worker-1] INFO  server.RaftServer$Division (RaftServerImpl.java:lambda$close$4(406)) - 21f06eab-63c8-43fd-b305-f7c41bc87438@group-52DFBD58E75D: shutdown
2021-05-31 14:17:21,539 [ForkJoinPool.commonPool-worker-1] INFO  util.JmxRegister (JmxRegister.java:unregister(73)) - Successfully un-registered JMX Bean with object name Ratis:service=RaftServer,group=group-52DFBD58E75D,id=21f06eab-63c8-43fd-b305-f7c41bc87438
2021-05-31 14:17:21,539 [ForkJoinPool.commonPool-worker-1] INFO  impl.RoleInfo (RoleInfo.java:shutdownLeaderState(91)) - 21f06eab-63c8-43fd-b305-f7c41bc87438: shutdown 21f06eab-63c8-43fd-b305-f7c41bc87438@group-52DFBD58E75D-LeaderStateImpl
2021-05-31 14:17:21,539 [ForkJoinPool.commonPool-worker-1] INFO  impl.PendingRequests (PendingRequests.java:sendNotLeaderResponses(249)) - 21f06eab-63c8-43fd-b305-f7c41bc87438@group-52DFBD58E75D-PendingRequests: sendNotLeaderResponses
2021-05-31 14:17:21,539 [ForkJoinPool.commonPool-worker-1] INFO  metrics.RatisMetrics (RatisMetrics.java:unregister(43)) - Unregistering Metrics Registry : ratis.log_appender.21f06eab-63c8-43fd-b305-f7c41bc87438@group-52DFBD58E75D
2021-05-31 14:17:21,540 [ForkJoinPool.commonPool-worker-1] INFO  metrics.RatisMetrics (RatisMetrics.java:unregister(43)) - Unregistering Metrics Registry : ratis.server.21f06eab-63c8-43fd-b305-f7c41bc87438@group-52DFBD58E75D
2021-05-31 14:17:21,540 [ForkJoinPool.commonPool-worker-1] INFO  impl.StateMachineUpdater (StateMachineUpdater.java:stopAndJoin(149)) - 21f06eab-63c8-43fd-b305-f7c41bc87438@group-52DFBD58E75D-StateMachineUpdater: set stopIndex = 0
2021-05-31 14:17:21,540 [21f06eab-63c8-43fd-b305-f7c41bc87438@group-52DFBD58E75D-StateMachineUpdater] INFO  ratis.ContainerStateMachine (ContainerStateMachine.java:takeSnapshot(292)) - group-52DFBD58E75D: Taking a snapshot at:(t:1, i:0) file /home/runner/work/ozone/ozone/mnt/ozone/hadoop-ozone/integration-test/target/test-dir/MiniOzoneClusterImpl-54085720-bde5-45d4-8ce8-a7ad55ee2c31/datanode-2/data/ratis/ed7a5838-6f04-4a61-8b70-52dfbd58e75d/sm/snapshot.1_0
2021-05-31 14:17:21,541 [21f06eab-63c8-43fd-b305-f7c41bc87438@group-52DFBD58E75D-StateMachineUpdater] INFO  ratis.ContainerStateMachine (ContainerStateMachine.java:takeSnapshot(303)) - group-52DFBD58E75D: Finished taking a snapshot at:(t:1, i:0) file:/home/runner/work/ozone/ozone/mnt/ozone/hadoop-ozone/integration-test/target/test-dir/MiniOzoneClusterImpl-54085720-bde5-45d4-8ce8-a7ad55ee2c31/datanode-2/data/ratis/ed7a5838-6f04-4a61-8b70-52dfbd58e75d/sm/snapshot.1_0 took: 0 ms
2021-05-31 14:17:21,541 [21f06eab-63c8-43fd-b305-f7c41bc87438@group-52DFBD58E75D-StateMachineUpdater] INFO  impl.StateMachineUpdater (StateMachineUpdater.java:takeSnapshot(281)) - 21f06eab-63c8-43fd-b305-f7c41bc87438@group-52DFBD58E75D-StateMachineUpdater: Took a snapshot at index 0
2021-05-31 14:17:21,541 [21f06eab-63c8-43fd-b305-f7c41bc87438@group-52DFBD58E75D-StateMachineUpdater] INFO  impl.StateMachineUpdater (StateMachineUpdater.java:lambda$new$0(89)) - 21f06eab-63c8-43fd-b305-f7c41bc87438@group-52DFBD58E75D-StateMachineUpdater: snapshotIndex: updateIncreasingly -1 -> 0
2021-05-31 14:17:21,541 [21f06eab-63c8-43fd-b305-f7c41bc87438@group-52DFBD58E75D-StateMachineUpdater] INFO  metrics.RatisMetrics (RatisMetrics.java:unregister(43)) - Unregistering Metrics Registry : ratis.state_machine.21f06eab-63c8-43fd-b305-f7c41bc87438@group-52DFBD58E75D
2021-05-31 14:17:21,541 [ForkJoinPool.commonPool-worker-1] INFO  server.RaftServer$Division (ServerState.java:close(405)) - 21f06eab-63c8-43fd-b305-f7c41bc87438@group-52DFBD58E75D: closes. applyIndex: 0
2021-05-31 14:17:21,541 [21f06eab-63c8-43fd-b305-f7c41bc87438@group-52DFBD58E75D-SegmentedRaftLogWorker] INFO  segmented.SegmentedRaftLogWorker (SegmentedRaftLogWorker.java:run(327)) - 21f06eab-63c8-43fd-b305-f7c41bc87438@group-52DFBD58E75D-SegmentedRaftLogWorker was interrupted, exiting. There are 0 tasks remaining in the queue.
2021-05-31 14:17:21,541 [ForkJoinPool.commonPool-worker-1] INFO  segmented.SegmentedRaftLogWorker (SegmentedRaftLogWorker.java:close(237)) - 21f06eab-63c8-43fd-b305-f7c41bc87438@group-52DFBD58E75D-SegmentedRaftLogWorker close()
2021-05-31 14:17:21,542 [ForkJoinPool.commonPool-worker-1] INFO  metrics.RatisMetrics (RatisMetrics.java:unregister(43)) - Unregistering Metrics Registry : ratis.log_worker.21f06eab-63c8-43fd-b305-f7c41bc87438@group-52DFBD58E75D
2021-05-31 14:17:21,542 [ForkJoinPool.commonPool-worker-1] INFO  metrics.RatisMetrics (RatisMetrics.java:unregister(43)) - Unregistering Metrics Registry : ratis.leader_election.21f06eab-63c8-43fd-b305-f7c41bc87438@group-52DFBD58E75D
2021-05-31 14:17:21,542 [ForkJoinPool.commonPool-worker-1] INFO  metrics.RatisMetrics (RatisMetrics.java:unregister(43)) - Unregistering Metrics Registry : ratis.server.21f06eab-63c8-43fd-b305-f7c41bc87438@group-52DFBD58E75D
2021-05-31 14:17:21,542 [ForkJoinPool.commonPool-worker-1] INFO  server.GrpcService (GrpcService.java:closeImpl(262)) - 21f06eab-63c8-43fd-b305-f7c41bc87438: shutdown server with port 43533 now
2021-05-31 14:17:21,543 [ForkJoinPool.commonPool-worker-1] INFO  server.GrpcService (GrpcService.java:closeImpl(271)) - 21f06eab-63c8-43fd-b305-f7c41bc87438: shutdown server with port 43533 successfully
2021-05-31 14:17:21,543 [org.apache.ratis.util.JvmPauseMonitor$$Lambda$493/1767532961@294d1d6a] INFO  util.JvmPauseMonitor (JvmPauseMonitor.java:run(109)) - JvmPauseMonitor-21f06eab-63c8-43fd-b305-f7c41bc87438: Stopped
2021-05-31 14:17:21,544 [ForkJoinPool.commonPool-worker-1] INFO  utils.BackgroundService (BackgroundService.java:shutdown(132)) - Shutting down service BlockDeletingService
2021-05-31 14:17:21,545 [ForkJoinPool.commonPool-worker-1] INFO  statemachine.DatanodeStateMachine (DatanodeStateMachine.java:stopDaemon(475)) - Ozone container server stopped.
2021-05-31 14:17:21,546 [ForkJoinPool.commonPool-worker-1] INFO  handler.ContextHandler (ContextHandler.java:doStop(1154)) - Stopped o.e.j.w.WebAppContext@83ec0b0{hddsDatanode,/,null,STOPPED}{jar:file:/home/runner/.m2/repository/org/apache/ozone/hdds-container-service/1.2.0-SNAPSHOT/hdds-container-service-1.2.0-SNAPSHOT.jar!/webapps/hddsDatanode}
2021-05-31 14:17:21,547 [ForkJoinPool.commonPool-worker-1] INFO  server.AbstractConnector (AbstractConnector.java:doStop(381)) - Stopped ServerConnector@7d9f0cf4{HTTP/1.1, (http/1.1)}{0.0.0.0:0}
2021-05-31 14:17:21,547 [ForkJoinPool.commonPool-worker-1] INFO  server.session (HouseKeeper.java:stopScavenging(149)) - node0 Stopped scavenging
2021-05-31 14:17:21,547 [ForkJoinPool.commonPool-worker-1] INFO  handler.ContextHandler (ContextHandler.java:doStop(1154)) - Stopped o.e.j.s.ServletContextHandler@7b78c40d{static,/static,jar:file:/home/runner/.m2/repository/org/apache/ozone/hdds-container-service/1.2.0-SNAPSHOT/hdds-container-service-1.2.0-SNAPSHOT.jar!/webapps/static,STOPPED}
2021-05-31 14:17:21,548 [ForkJoinPool.commonPool-worker-1] INFO  handler.ContextHandler (ContextHandler.java:doStop(1154)) - Stopped o.e.j.s.ServletContextHandler@470c40be{logs,/logs,file:///home/runner/work/ozone/ozone/mnt/ozone/hadoop-ozone/integration-test/target/log,STOPPED}
]]></system-out>
  </testcase>
  <testcase name="testInstallOldCheckpointFailure" classname="org.apache.hadoop.ozone.scm.TestSCMInstallSnapshotWithHA" time="47.219"/>
  <testcase name="testInstallCorruptedCheckpointFailure" classname="org.apache.hadoop.ozone.scm.TestSCMInstallSnapshotWithHA" time="43.331"/>
</testsuite>