<?xml version="1.0" encoding="UTF-8"?>
<testsuite xmlns:xsi="http://www.w3.org/2001/XMLSchema-instance" xsi:noNamespaceSchemaLocation="https://maven.apache.org/surefire/maven-surefire-plugin/xsd/surefire-test-report-3.0.xsd" version="3.0" name="org.apache.hadoop.ozone.scm.TestSecretKeySnapshot" time="86.928" tests="1" errors="0" skipped="0" failures="1">
  <properties>
    <property name="awt.toolkit" value="sun.awt.X11.XToolkit"/>
    <property name="file.encoding.pkg" value="sun.io"/>
    <property name="java.specification.version" value="1.8"/>
    <property name="sun.cpu.isalist" value=""/>
    <property name="sun.jnu.encoding" value="UTF-8"/>
    <property name="java.class.path" value="/home/runner/work/ozone/ozone/hadoop-ozone/integration-test/target/test-classes:/home/runner/work/ozone/ozone/hadoop-ozone/integration-test/target/classes:/home/runner/.m2/repository/org/apache/ozone/ozone-common/1.4.0-SNAPSHOT/ozone-common-1.4.0-SNAPSHOT.jar:/home/runner/.m2/repository/io/grpc/grpc-netty/1.51.1/grpc-netty-1.51.1.jar:/home/runner/.m2/repository/io/grpc/grpc-core/1.51.1/grpc-core-1.51.1.jar:/home/runner/.m2/repository/com/google/android/annotations/4.1.1.4/annotations-4.1.1.4.jar:/home/runner/.m2/repository/org/codehaus/mojo/animal-sniffer-annotations/1.21/animal-sniffer-annotations-1.21.jar:/home/runner/.m2/repository/com/google/errorprone/error_prone_annotations/2.2.0/error_prone_annotations-2.2.0.jar:/home/runner/.m2/repository/io/perfmark/perfmark-api/0.25.0/perfmark-api-0.25.0.jar:/home/runner/.m2/repository/io/netty/netty-codec-http2/4.1.86.Final/netty-codec-http2-4.1.86.Final.jar:/home/runner/.m2/repository/io/netty/netty-common/4.1.86.Final/netty-common-4.1.86.Final.jar:/home/runner/.m2/repository/io/netty/netty-buffer/4.1.86.Final/netty-buffer-4.1.86.Final.jar:/home/runner/.m2/repository/io/netty/netty-codec-http/4.1.86.Final/netty-codec-http-4.1.86.Final.jar:/home/runner/.m2/repository/io/netty/netty-handler-proxy/4.1.86.Final/netty-handler-proxy-4.1.86.Final.jar:/home/runner/.m2/repository/io/netty/netty-codec-socks/4.1.86.Final/netty-codec-socks-4.1.86.Final.jar:/home/runner/.m2/repository/io/netty/netty-tcnative-boringssl-static/2.0.54.Final/netty-tcnative-boringssl-static-2.0.54.Final.jar:/home/runner/.m2/repository/io/netty/netty-tcnative-classes/2.0.54.Final/netty-tcnative-classes-2.0.54.Final.jar:/home/runner/.m2/repository/io/netty/netty-tcnative-boringssl-static/2.0.54.Final/netty-tcnative-boringssl-static-2.0.54.Final-linux-x86_64.jar:/home/runner/.m2/repository/io/netty/netty-tcnative-boringssl-static/2.0.54.Final/netty-tcnative-boringssl-static-2.0.54.Final-linux-aarch_64.jar:/home/runner/.m2/repository/io/netty/netty-tcnative-boringssl-static/2.0.54.Final/netty-tcnative-boringssl-static-2.0.54.Final-osx-x86_64.jar:/home/runner/.m2/repository/io/netty/netty-tcnative-boringssl-static/2.0.54.Final/netty-tcnative-boringssl-static-2.0.54.Final-osx-aarch_64.jar:/home/runner/.m2/repository/io/netty/netty-tcnative-boringssl-static/2.0.54.Final/netty-tcnative-boringssl-static-2.0.54.Final-windows-x86_64.jar:/home/runner/.m2/repository/org/apache/commons/commons-compress/1.21/commons-compress-1.21.jar:/home/runner/.m2/repository/org/apache/ozone/hdds-common/1.4.0-SNAPSHOT/hdds-common-1.4.0-SNAPSHOT.jar:/home/runner/.m2/repository/org/apache/ozone/hdds-client/1.4.0-SNAPSHOT/hdds-client-1.4.0-SNAPSHOT.jar:/home/runner/.m2/repository/org/apache/ozone/ozone-interface-client/1.4.0-SNAPSHOT/ozone-interface-client-1.4.0-SNAPSHOT.jar:/home/runner/.m2/repository/org/apache/hadoop/hadoop-hdfs-client/3.3.5/hadoop-hdfs-client-3.3.5.jar:/home/runner/.m2/repository/com/squareup/okhttp3/okhttp/4.9.3/okhttp-4.9.3.jar:/home/runner/.m2/repository/com/squareup/okio/okio/2.8.0/okio-2.8.0.jar:/home/runner/.m2/repository/org/jetbrains/kotlin/kotlin-stdlib-common/1.6.21/kotlin-stdlib-common-1.6.21.jar:/home/runner/.m2/repository/org/apache/ozone/hdds-test-utils/1.4.0-SNAPSHOT/hdds-test-utils-1.4.0-SNAPSHOT.jar:/home/runner/.m2/repository/com/google/guava/guava/32.0.0-jre/guava-32.0.0-jre.jar:/home/runner/.m2/repository/com/google/guava/failureaccess/1.0.1/failureaccess-1.0.1.jar:/home/runner/.m2/repository/com/google/guava/listenablefuture/9999.0-empty-to-avoid-conflict-with-guava/listenablefuture-9999.0-empty-to-avoid-conflict-with-guava.jar:/home/runner/.m2/repository/com/google/code/findbugs/jsr305/3.0.0/jsr305-3.0.0.jar:/home/runner/.m2/repository/org/checkerframework/checker-qual/3.33.0/checker-qual-3.33.0.jar:/home/runner/.m2/repository/com/google/j2objc/j2objc-annotations/2.8/j2objc-annotations-2.8.jar:/home/runner/.m2/repository/commons-io/commons-io/2.11.0/commons-io-2.11.0.jar:/home/runner/.m2/repository/commons-logging/commons-logging/1.2/commons-logging-1.2.jar:/home/runner/.m2/repository/ch/qos/reload4j/reload4j/1.2.22/reload4j-1.2.22.jar:/home/runner/.m2/repository/org/slf4j/slf4j-api/1.7.36/slf4j-api-1.7.36.jar:/home/runner/.m2/repository/org/apache/ozone/hdds-server-scm/1.4.0-SNAPSHOT/hdds-server-scm-1.4.0-SNAPSHOT.jar:/home/runner/.m2/repository/org/apache/ozone/hdds-container-service/1.4.0-SNAPSHOT/hdds-container-service-1.4.0-SNAPSHOT.jar:/home/runner/.m2/repository/org/apache/ozone/hdds-hadoop-dependency-server/1.4.0-SNAPSHOT/hdds-hadoop-dependency-server-1.4.0-SNAPSHOT.jar:/home/runner/.m2/repository/org/apache/hadoop/hadoop-hdfs/3.3.5/hadoop-hdfs-3.3.5.jar:/home/runner/.m2/repository/commons-daemon/commons-daemon/1.0.13/commons-daemon-1.0.13.jar:/home/runner/.m2/repository/org/apache/ozone/hdds-server-framework/1.4.0-SNAPSHOT/hdds-server-framework-1.4.0-SNAPSHOT.jar:/home/runner/.m2/repository/io/dropwizard/metrics/metrics-core/3.2.4/metrics-core-3.2.4.jar:/home/runner/.m2/repository/org/apache/commons/commons-text/1.10.0/commons-text-1.10.0.jar:/home/runner/.m2/repository/org/bouncycastle/bcprov-jdk15on/1.67/bcprov-jdk15on-1.67.jar:/home/runner/.m2/repository/com/google/protobuf/protobuf-java/2.5.0/protobuf-java-2.5.0.jar:/home/runner/.m2/repository/org/apache/ozone/hdds-server-framework/1.4.0-SNAPSHOT/hdds-server-framework-1.4.0-SNAPSHOT-tests.jar:/home/runner/.m2/repository/org/apache/ozone/hdds-interface-server/1.4.0-SNAPSHOT/hdds-interface-server-1.4.0-SNAPSHOT.jar:/home/runner/.m2/repository/org/apache/ozone/hdds-interface-admin/1.4.0-SNAPSHOT/hdds-interface-admin-1.4.0-SNAPSHOT.jar:/home/runner/.m2/repository/org/apache/ozone/hdds-managed-rocksdb/1.4.0-SNAPSHOT/hdds-managed-rocksdb-1.4.0-SNAPSHOT.jar:/home/runner/.m2/repository/org/rocksdb/rocksdbjni/7.7.3/rocksdbjni-7.7.3.jar:/home/runner/.m2/repository/org/slf4j/slf4j-reload4j/1.7.36/slf4j-reload4j-1.7.36.jar:/home/runner/.m2/repository/org/apache/commons/commons-configuration2/2.1.1/commons-configuration2-2.1.1.jar:/home/runner/.m2/repository/commons-fileupload/commons-fileupload/1.5/commons-fileupload-1.5.jar:/home/runner/.m2/repository/org/apache/logging/log4j/log4j-core/2.17.1/log4j-core-2.17.1.jar:/home/runner/.m2/repository/com/lmax/disruptor/3.4.2/disruptor-3.4.2.jar:/home/runner/.m2/repository/org/eclipse/jetty/jetty-util/9.4.51.v20230217/jetty-util-9.4.51.v20230217.jar:/home/runner/.m2/repository/org/eclipse/jetty/jetty-server/9.4.51.v20230217/jetty-server-9.4.51.v20230217.jar:/home/runner/.m2/repository/org/eclipse/jetty/jetty-http/9.4.51.v20230217/jetty-http-9.4.51.v20230217.jar:/home/runner/.m2/repository/org/eclipse/jetty/jetty-io/9.4.51.v20230217/jetty-io-9.4.51.v20230217.jar:/home/runner/.m2/repository/org/eclipse/jetty/jetty-servlet/9.4.51.v20230217/jetty-servlet-9.4.51.v20230217.jar:/home/runner/.m2/repository/org/eclipse/jetty/jetty-security/9.4.51.v20230217/jetty-security-9.4.51.v20230217.jar:/home/runner/.m2/repository/org/eclipse/jetty/jetty-util-ajax/9.4.51.v20230217/jetty-util-ajax-9.4.51.v20230217.jar:/home/runner/.m2/repository/org/eclipse/jetty/jetty-webapp/9.4.51.v20230217/jetty-webapp-9.4.51.v20230217.jar:/home/runner/.m2/repository/org/eclipse/jetty/jetty-xml/9.4.51.v20230217/jetty-xml-9.4.51.v20230217.jar:/home/runner/.m2/repository/org/apache/ratis/ratis-server/2.5.1/ratis-server-2.5.1.jar:/home/runner/.m2/repository/org/apache/ratis/ratis-thirdparty-misc/1.0.4/ratis-thirdparty-misc-1.0.4.jar:/home/runner/.m2/repository/org/apache/ratis/ratis-proto/2.5.1/ratis-proto-2.5.1.jar:/home/runner/.m2/repository/org/apache/ratis/ratis-common/2.5.1/ratis-common-2.5.1.jar:/home/runner/.m2/repository/org/apache/ratis/ratis-client/2.5.1/ratis-client-2.5.1.jar:/home/runner/.m2/repository/org/apache/ratis/ratis-server-api/2.5.1/ratis-server-api-2.5.1.jar:/home/runner/.m2/repository/org/apache/ratis/ratis-metrics/2.5.1/ratis-metrics-2.5.1.jar:/home/runner/.m2/repository/io/prometheus/simpleclient_dropwizard/0.7.0/simpleclient_dropwizard-0.7.0.jar:/home/runner/.m2/repository/io/prometheus/simpleclient/0.7.0/simpleclient-0.7.0.jar:/home/runner/.m2/repository/io/prometheus/simpleclient_common/0.7.0/simpleclient_common-0.7.0.jar:/home/runner/.m2/repository/com/fasterxml/jackson/datatype/jackson-datatype-jsr310/2.13.4/jackson-datatype-jsr310-2.13.4.jar:/home/runner/.m2/repository/com/fasterxml/jackson/core/jackson-core/2.13.4/jackson-core-2.13.4.jar:/home/runner/.m2/repository/com/github/spotbugs/spotbugs-annotations/3.1.12/spotbugs-annotations-3.1.12.jar:/home/runner/.m2/repository/org/apache/ozone/rocksdb-checkpoint-differ/1.4.0-SNAPSHOT/rocksdb-checkpoint-differ-1.4.0-SNAPSHOT.jar:/home/runner/.m2/repository/org/awaitility/awaitility/4.2.0/awaitility-4.2.0.jar:/home/runner/.m2/repository/org/hamcrest/hamcrest/2.1/hamcrest-2.1.jar:/home/runner/.m2/repository/org/apache/ozone/ozone-manager/1.4.0-SNAPSHOT/ozone-manager-1.4.0-SNAPSHOT.jar:/home/runner/.m2/repository/org/aspectj/aspectjrt/1.9.7/aspectjrt-1.9.7.jar:/home/runner/.m2/repository/org/aspectj/aspectjweaver/1.9.7/aspectjweaver-1.9.7.jar:/home/runner/.m2/repository/org/apache/ozone/hdds-interface-client/1.4.0-SNAPSHOT/hdds-interface-client-1.4.0-SNAPSHOT.jar:/home/runner/.m2/repository/org/apache/hadoop/thirdparty/hadoop-shaded-protobuf_3_7/1.1.1/hadoop-shaded-protobuf_3_7-1.1.1.jar:/home/runner/.m2/repository/org/apache/ozone/ozone-interface-storage/1.4.0-SNAPSHOT/ozone-interface-storage-1.4.0-SNAPSHOT.jar:/home/runner/.m2/repository/org/reflections/reflections/0.9.11/reflections-0.9.11.jar:/home/runner/.m2/repository/com/sun/jersey/jersey-client/1.19/jersey-client-1.19.jar:/home/runner/.m2/repository/org/codehaus/jackson/jackson-core-asl/1.9.13/jackson-core-asl-1.9.13.jar:/home/runner/.m2/repository/org/codehaus/jackson/jackson-mapper-asl/1.9.13/jackson-mapper-asl-1.9.13.jar:/home/runner/.m2/repository/org/codehaus/jackson/jackson-jaxrs/1.9.13/jackson-jaxrs-1.9.13.jar:/home/runner/.m2/repository/org/apache/ranger/ranger-intg/2.3.0/ranger-intg-2.3.0.jar:/home/runner/.m2/repository/org/apache/ranger/ranger-plugins-common/2.3.0/ranger-plugins-common-2.3.0.jar:/home/runner/.m2/repository/commons-lang/commons-lang/2.6/commons-lang-2.6.jar:/home/runner/.m2/repository/org/apache/ranger/ranger-plugins-cred/2.3.0/ranger-plugins-cred-2.3.0.jar:/home/runner/.m2/repository/org/apache/ranger/ranger-plugins-audit/2.3.0/ranger-plugins-audit-2.3.0.jar:/home/runner/.m2/repository/org/eclipse/jetty/jetty-client/9.4.51.v20230217/jetty-client-9.4.51.v20230217.jar:/home/runner/.m2/repository/org/apache/httpcomponents/httpmime/4.5.6/httpmime-4.5.6.jar:/home/runner/.m2/repository/org/apache/httpcomponents/httpcore-nio/4.4.13/httpcore-nio-4.4.13.jar:/home/runner/.m2/repository/org/apache/httpcomponents/httpasyncclient/4.1.3/httpasyncclient-4.1.3.jar:/home/runner/.m2/repository/com/carrotsearch/hppc/0.8.0/hppc-0.8.0.jar:/home/runner/.m2/repository/org/apache/orc/orc-core/1.5.8/orc-core-1.5.8.jar:/home/runner/.m2/repository/net/java/dev/jna/jna/5.2.0/jna-5.2.0.jar:/home/runner/.m2/repository/net/java/dev/jna/jna-platform/5.2.0/jna-platform-5.2.0.jar:/home/runner/.m2/repository/com/kstruct/gethostname4j/0.0.2/gethostname4j-0.0.2.jar:/home/runner/.m2/repository/org/apache/ranger/ranger-plugin-classloader/2.3.0/ranger-plugin-classloader-2.3.0.jar:/home/runner/.m2/repository/org/apache/ozone/hdds-rocks-native/1.4.0-SNAPSHOT/hdds-rocks-native-1.4.0-SNAPSHOT.jar:/home/runner/.m2/repository/org/apache/hadoop/hadoop-minikdc/3.3.5/hadoop-minikdc-3.3.5.jar:/home/runner/.m2/repository/org/apache/kerby/kerb-simplekdc/1.0.1/kerb-simplekdc-1.0.1.jar:/home/runner/.m2/repository/org/apache/kerby/kerb-client/1.0.1/kerb-client-1.0.1.jar:/home/runner/.m2/repository/org/apache/kerby/kerby-config/1.0.1/kerby-config-1.0.1.jar:/home/runner/.m2/repository/org/apache/kerby/kerb-common/1.0.1/kerb-common-1.0.1.jar:/home/runner/.m2/repository/org/apache/kerby/kerb-crypto/1.0.1/kerb-crypto-1.0.1.jar:/home/runner/.m2/repository/org/apache/kerby/kerb-util/1.0.1/kerb-util-1.0.1.jar:/home/runner/.m2/repository/org/apache/kerby/token-provider/1.0.1/token-provider-1.0.1.jar:/home/runner/.m2/repository/org/apache/kerby/kerb-admin/1.0.1/kerb-admin-1.0.1.jar:/home/runner/.m2/repository/org/apache/kerby/kerb-server/1.0.1/kerb-server-1.0.1.jar:/home/runner/.m2/repository/org/apache/kerby/kerb-identity/1.0.1/kerb-identity-1.0.1.jar:/home/runner/.m2/repository/org/apache/kerby/kerby-xdr/1.0.1/kerby-xdr-1.0.1.jar:/home/runner/.m2/repository/org/apache/ozone/ozone-s3gateway/1.4.0-SNAPSHOT/ozone-s3gateway-1.4.0-SNAPSHOT.jar:/home/runner/.m2/repository/org/javassist/javassist/3.21.0-GA/javassist-3.21.0-GA.jar:/home/runner/.m2/repository/org/jboss/weld/servlet/weld-servlet-shaded/3.1.9.Final/weld-servlet-shaded-3.1.9.Final.jar:/home/runner/.m2/repository/org/glassfish/jersey/containers/jersey-container-servlet-core/2.34/jersey-container-servlet-core-2.34.jar:/home/runner/.m2/repository/org/glassfish/hk2/external/jakarta.inject/2.6.1/jakarta.inject-2.6.1.jar:/home/runner/.m2/repository/org/glassfish/jersey/core/jersey-common/2.34/jersey-common-2.34.jar:/home/runner/.m2/repository/jakarta/ws/rs/jakarta.ws.rs-api/2.1.6/jakarta.ws.rs-api-2.1.6.jar:/home/runner/.m2/repository/org/glassfish/jersey/ext/cdi/jersey-cdi1x/2.34/jersey-cdi1x-2.34.jar:/home/runner/.m2/repository/org/glassfish/jersey/inject/jersey-hk2/2.34/jersey-hk2-2.34.jar:/home/runner/.m2/repository/org/glassfish/hk2/hk2-locator/2.6.1/hk2-locator-2.6.1.jar:/home/runner/.m2/repository/org/glassfish/jersey/media/jersey-media-jaxb/2.34/jersey-media-jaxb-2.34.jar:/home/runner/.m2/repository/org/glassfish/hk2/osgi-resource-locator/1.0.3/osgi-resource-locator-1.0.3.jar:/home/runner/.m2/repository/org/glassfish/hk2/hk2-api/2.5.0/hk2-api-2.5.0.jar:/home/runner/.m2/repository/org/glassfish/hk2/hk2-utils/2.5.0/hk2-utils-2.5.0.jar:/home/runner/.m2/repository/org/glassfish/hk2/external/aopalliance-repackaged/2.5.0/aopalliance-repackaged-2.5.0.jar:/home/runner/.m2/repository/com/fasterxml/jackson/dataformat/jackson-dataformat-xml/2.13.4/jackson-dataformat-xml-2.13.4.jar:/home/runner/.m2/repository/org/codehaus/woodstox/stax2-api/4.2.1/stax2-api-4.2.1.jar:/home/runner/.m2/repository/com/fasterxml/woodstox/woodstox-core/5.4.0/woodstox-core-5.4.0.jar:/home/runner/.m2/repository/com/fasterxml/jackson/module/jackson-module-jaxb-annotations/2.13.4/jackson-module-jaxb-annotations-2.13.4.jar:/home/runner/.m2/repository/jakarta/xml/bind/jakarta.xml.bind-api/2.3.3/jakarta.xml.bind-api-2.3.3.jar:/home/runner/.m2/repository/jakarta/activation/jakarta.activation-api/1.2.2/jakarta.activation-api-1.2.2.jar:/home/runner/.m2/repository/javax/enterprise/cdi-api/2.0/cdi-api-2.0.jar:/home/runner/.m2/repository/javax/el/javax.el-api/3.0.0/javax.el-api-3.0.0.jar:/home/runner/.m2/repository/javax/interceptor/javax.interceptor-api/1.2/javax.interceptor-api-1.2.jar:/home/runner/.m2/repository/javax/inject/javax.inject/1/javax.inject-1.jar:/home/runner/.m2/repository/javax/xml/bind/jaxb-api/2.3.0/jaxb-api-2.3.0.jar:/home/runner/.m2/repository/org/glassfish/jaxb/jaxb-runtime/2.3.0.1/jaxb-runtime-2.3.0.1.jar:/home/runner/.m2/repository/org/glassfish/jaxb/jaxb-core/2.3.0.1/jaxb-core-2.3.0.1.jar:/home/runner/.m2/repository/org/glassfish/jaxb/txw2/2.3.0.1/txw2-2.3.0.1.jar:/home/runner/.m2/repository/com/sun/istack/istack-commons-runtime/3.0.5/istack-commons-runtime-3.0.5.jar:/home/runner/.m2/repository/org/jvnet/staxex/stax-ex/1.7.8/stax-ex-1.7.8.jar:/home/runner/.m2/repository/com/sun/xml/fastinfoset/FastInfoset/1.2.13/FastInfoset-1.2.13.jar:/home/runner/.m2/repository/javax/activation/activation/1.1.1/activation-1.1.1.jar:/home/runner/.m2/repository/io/grpc/grpc-protobuf/1.51.1/grpc-protobuf-1.51.1.jar:/home/runner/.m2/repository/com/google/api/grpc/proto-google-common-protos/2.9.0/proto-google-common-protos-2.9.0.jar:/home/runner/.m2/repository/io/grpc/grpc-protobuf-lite/1.51.1/grpc-protobuf-lite-1.51.1.jar:/home/runner/.m2/repository/io/grpc/grpc-stub/1.51.1/grpc-stub-1.51.1.jar:/home/runner/.m2/repository/io/netty/netty-transport/4.1.86.Final/netty-transport-4.1.86.Final.jar:/home/runner/.m2/repository/io/netty/netty-resolver/4.1.86.Final/netty-resolver-4.1.86.Final.jar:/home/runner/.m2/repository/org/apache/ozone/ozone-csi/1.4.0-SNAPSHOT/ozone-csi-1.4.0-SNAPSHOT.jar:/home/runner/.m2/repository/com/google/protobuf/protobuf-java-util/3.19.6/protobuf-java-util-3.19.6.jar:/home/runner/.m2/repository/com/google/code/gson/gson/2.9.0/gson-2.9.0.jar:/home/runner/.m2/repository/org/apache/ozone/hdds-config/1.4.0-SNAPSHOT/hdds-config-1.4.0-SNAPSHOT.jar:/home/runner/.m2/repository/io/netty/netty-transport-native-epoll/4.1.86.Final/netty-transport-native-epoll-4.1.86.Final-linux-x86_64.jar:/home/runner/.m2/repository/io/netty/netty-transport-classes-epoll/4.1.86.Final/netty-transport-classes-epoll-4.1.86.Final.jar:/home/runner/.m2/repository/io/netty/netty-transport-native-unix-common/4.1.86.Final/netty-transport-native-unix-common-4.1.86.Final.jar:/home/runner/.m2/repository/org/apache/ozone/ozone-recon/1.4.0-SNAPSHOT/ozone-recon-1.4.0-SNAPSHOT.jar:/home/runner/.m2/repository/org/apache/ozone/ozone-reconcodegen/1.4.0-SNAPSHOT/ozone-reconcodegen-1.4.0-SNAPSHOT.jar:/home/runner/.m2/repository/com/google/inject/guice/5.1.0/guice-5.1.0.jar:/home/runner/.m2/repository/aopalliance/aopalliance/1.0/aopalliance-1.0.jar:/home/runner/.m2/repository/com/google/inject/extensions/guice-assistedinject/5.1.0/guice-assistedinject-5.1.0.jar:/home/runner/.m2/repository/com/google/inject/extensions/guice-servlet/5.1.0/guice-servlet-5.1.0.jar:/home/runner/.m2/repository/org/glassfish/jersey/containers/jersey-container-servlet/2.34/jersey-container-servlet-2.34.jar:/home/runner/.m2/repository/org/glassfish/hk2/guice-bridge/2.5.0/guice-bridge-2.5.0.jar:/home/runner/.m2/repository/org/glassfish/jersey/core/jersey-server/2.34/jersey-server-2.34.jar:/home/runner/.m2/repository/org/glassfish/jersey/core/jersey-client/2.34/jersey-client-2.34.jar:/home/runner/.m2/repository/jakarta/annotation/jakarta.annotation-api/1.3.5/jakarta.annotation-api-1.3.5.jar:/home/runner/.m2/repository/jakarta/validation/jakarta.validation-api/2.0.2/jakarta.validation-api-2.0.2.jar:/home/runner/.m2/repository/org/glassfish/jersey/media/jersey-media-json-jackson/2.34/jersey-media-json-jackson-2.34.jar:/home/runner/.m2/repository/org/glassfish/jersey/ext/jersey-entity-filtering/2.34/jersey-entity-filtering-2.34.jar:/home/runner/.m2/repository/org/jooq/jooq/3.11.10/jooq-3.11.10.jar:/home/runner/.m2/repository/org/jooq/jooq-meta/3.11.10/jooq-meta-3.11.10.jar:/home/runner/.m2/repository/org/jooq/jooq-codegen/3.11.10/jooq-codegen-3.11.10.jar:/home/runner/.m2/repository/com/jolbox/bonecp/0.8.0.RELEASE/bonecp-0.8.0.RELEASE.jar:/home/runner/.m2/repository/org/apache/derby/derby/10.14.2.0/derby-10.14.2.0.jar:/home/runner/.m2/repository/org/xerial/sqlite-jdbc/3.41.2.2/sqlite-jdbc-3.41.2.2.jar:/home/runner/.m2/repository/org/springframework/spring-jdbc/5.3.27/spring-jdbc-5.3.27.jar:/home/runner/.m2/repository/org/springframework/spring-beans/5.3.27/spring-beans-5.3.27.jar:/home/runner/.m2/repository/org/springframework/spring-core/5.3.27/spring-core-5.3.27.jar:/home/runner/.m2/repository/org/springframework/spring-tx/5.3.27/spring-tx-5.3.27.jar:/home/runner/.m2/repository/org/apache/ozone/ozone-client/1.4.0-SNAPSHOT/ozone-client-1.4.0-SNAPSHOT.jar:/home/runner/.m2/repository/org/apache/ozone/hdds-erasurecode/1.4.0-SNAPSHOT/hdds-erasurecode-1.4.0-SNAPSHOT.jar:/home/runner/.m2/repository/org/apache/ozone/ozone-filesystem/1.4.0-SNAPSHOT/ozone-filesystem-1.4.0-SNAPSHOT.jar:/home/runner/.m2/repository/org/apache/ozone/ozone-filesystem-common/1.4.0-SNAPSHOT/ozone-filesystem-common-1.4.0-SNAPSHOT.jar:/home/runner/.m2/repository/org/apache/ozone/ozone-tools/1.4.0-SNAPSHOT/ozone-tools-1.4.0-SNAPSHOT.jar:/home/runner/.m2/repository/com/amazonaws/aws-java-sdk-core/1.12.261/aws-java-sdk-core-1.12.261.jar:/home/runner/.m2/repository/org/apache/httpcomponents/httpclient/4.5.13/httpclient-4.5.13.jar:/home/runner/.m2/repository/org/apache/httpcomponents/httpcore/4.4.13/httpcore-4.4.13.jar:/home/runner/.m2/repository/software/amazon/ion/ion-java/1.0.2/ion-java-1.0.2.jar:/home/runner/.m2/repository/com/fasterxml/jackson/dataformat/jackson-dataformat-cbor/2.13.4/jackson-dataformat-cbor-2.13.4.jar:/home/runner/.m2/repository/joda-time/joda-time/2.10.6/joda-time-2.10.6.jar:/home/runner/.m2/repository/com/amazonaws/aws-java-sdk-s3/1.12.261/aws-java-sdk-s3-1.12.261.jar:/home/runner/.m2/repository/com/amazonaws/aws-java-sdk-kms/1.12.261/aws-java-sdk-kms-1.12.261.jar:/home/runner/.m2/repository/com/amazonaws/jmespath-java/1.12.261/jmespath-java-1.12.261.jar:/home/runner/.m2/repository/org/kohsuke/metainf-services/metainf-services/1.8/metainf-services-1.8.jar:/home/runner/.m2/repository/org/apache/ozone/hdds-tools/1.4.0-SNAPSHOT/hdds-tools-1.4.0-SNAPSHOT.jar:/home/runner/.m2/repository/org/apache/ratis/ratis-tools/2.5.1/ratis-tools-2.5.1.jar:/home/runner/.m2/repository/commons-cli/commons-cli/1.2/commons-cli-1.2.jar:/home/runner/.m2/repository/org/apache/commons/commons-lang3/3.7/commons-lang3-3.7.jar:/home/runner/.m2/repository/org/apache/ozone/ozone-manager/1.4.0-SNAPSHOT/ozone-manager-1.4.0-SNAPSHOT-tests.jar:/home/runner/.m2/repository/org/apache/ozone/hdds-common/1.4.0-SNAPSHOT/hdds-common-1.4.0-SNAPSHOT-tests.jar:/home/runner/.m2/repository/org/apache/ozone/hdds-hadoop-dependency-client/1.4.0-SNAPSHOT/hdds-hadoop-dependency-client-1.4.0-SNAPSHOT.jar:/home/runner/.m2/repository/info/picocli/picocli/4.6.1/picocli-4.6.1.jar:/home/runner/.m2/repository/com/fasterxml/jackson/core/jackson-annotations/2.13.4/jackson-annotations-2.13.4.jar:/home/runner/.m2/repository/org/apache/ozone/hdds-annotation-processing/1.4.0-SNAPSHOT/hdds-annotation-processing-1.4.0-SNAPSHOT.jar:/home/runner/.m2/repository/javax/annotation/javax.annotation-api/1.2/javax.annotation-api-1.2.jar:/home/runner/.m2/repository/org/apache/ratis/ratis-netty/2.5.1/ratis-netty-2.5.1.jar:/home/runner/.m2/repository/org/apache/ratis/ratis-grpc/2.5.1/ratis-grpc-2.5.1.jar:/home/runner/.m2/repository/org/apache/logging/log4j/log4j-api/2.17.1/log4j-api-2.17.1.jar:/home/runner/.m2/repository/org/apache/commons/commons-pool2/2.6.0/commons-pool2-2.6.0.jar:/home/runner/.m2/repository/org/bouncycastle/bcpkix-jdk15on/1.67/bcpkix-jdk15on-1.67.jar:/home/runner/.m2/repository/commons-validator/commons-validator/1.6/commons-validator-1.6.jar:/home/runner/.m2/repository/commons-beanutils/commons-beanutils/1.9.4/commons-beanutils-1.9.4.jar:/home/runner/.m2/repository/commons-digester/commons-digester/1.8.1/commons-digester-1.8.1.jar:/home/runner/.m2/repository/commons-collections/commons-collections/3.2.2/commons-collections-3.2.2.jar:/home/runner/.m2/repository/io/jaegertracing/jaeger-client/1.6.0/jaeger-client-1.6.0.jar:/home/runner/.m2/repository/io/jaegertracing/jaeger-thrift/1.6.0/jaeger-thrift-1.6.0.jar:/home/runner/.m2/repository/org/apache/thrift/libthrift/0.14.1/libthrift-0.14.1.jar:/home/runner/.m2/repository/io/jaegertracing/jaeger-core/1.6.0/jaeger-core-1.6.0.jar:/home/runner/.m2/repository/io/jaegertracing/jaeger-tracerresolver/1.6.0/jaeger-tracerresolver-1.6.0.jar:/home/runner/.m2/repository/io/opentracing/contrib/opentracing-tracerresolver/0.1.8/opentracing-tracerresolver-0.1.8.jar:/home/runner/.m2/repository/org/jetbrains/kotlin/kotlin-stdlib/1.6.21/kotlin-stdlib-1.6.21.jar:/home/runner/.m2/repository/org/jetbrains/annotations/13.0/annotations-13.0.jar:/home/runner/.m2/repository/io/opentracing/opentracing-util/0.33.0/opentracing-util-0.33.0.jar:/home/runner/.m2/repository/io/opentracing/opentracing-api/0.33.0/opentracing-api-0.33.0.jar:/home/runner/.m2/repository/io/opentracing/opentracing-noop/0.33.0/opentracing-noop-0.33.0.jar:/home/runner/.m2/repository/org/yaml/snakeyaml/2.0/snakeyaml-2.0.jar:/home/runner/.m2/repository/io/grpc/grpc-api/1.51.1/grpc-api-1.51.1.jar:/home/runner/.m2/repository/io/grpc/grpc-context/1.51.1/grpc-context-1.51.1.jar:/home/runner/.m2/repository/junit/junit/4.13.1/junit-4.13.1.jar:/home/runner/.m2/repository/org/hamcrest/hamcrest-core/1.3/hamcrest-core-1.3.jar:/home/runner/.m2/repository/org/junit/jupiter/junit-jupiter-api/5.8.2/junit-jupiter-api-5.8.2.jar:/home/runner/.m2/repository/org/opentest4j/opentest4j/1.2.0/opentest4j-1.2.0.jar:/home/runner/.m2/repository/org/junit/platform/junit-platform-commons/1.8.2/junit-platform-commons-1.8.2.jar:/home/runner/.m2/repository/org/apiguardian/apiguardian-api/1.1.2/apiguardian-api-1.1.2.jar:/home/runner/.m2/repository/org/junit/jupiter/junit-jupiter-params/5.8.2/junit-jupiter-params-5.8.2.jar:/home/runner/.m2/repository/org/junit/jupiter/junit-jupiter-migrationsupport/5.8.2/junit-jupiter-migrationsupport-5.8.2.jar:/home/runner/.m2/repository/org/junit/jupiter/junit-jupiter-engine/5.8.2/junit-jupiter-engine-5.8.2.jar:/home/runner/.m2/repository/org/junit/platform/junit-platform-engine/1.8.2/junit-platform-engine-1.8.2.jar:/home/runner/.m2/repository/org/junit/vintage/junit-vintage-engine/5.8.2/junit-vintage-engine-5.8.2.jar:/home/runner/.m2/repository/org/junit/platform/junit-platform-launcher/1.8.2/junit-platform-launcher-1.8.2.jar:/home/runner/.m2/repository/org/mockito/mockito-core/3.5.9/mockito-core-3.5.9.jar:/home/runner/.m2/repository/net/bytebuddy/byte-buddy/1.10.13/byte-buddy-1.10.13.jar:/home/runner/.m2/repository/net/bytebuddy/byte-buddy-agent/1.10.13/byte-buddy-agent-1.10.13.jar:/home/runner/.m2/repository/org/objenesis/objenesis/1.0/objenesis-1.0.jar:/home/runner/.m2/repository/org/apache/hadoop/hadoop-kms/3.3.5/hadoop-kms-3.3.5.jar:/home/runner/.m2/repository/org/apache/hadoop/hadoop-auth/3.3.5/hadoop-auth-3.3.5.jar:/home/runner/.m2/repository/com/nimbusds/nimbus-jose-jwt/9.8.1/nimbus-jose-jwt-9.8.1.jar:/home/runner/.m2/repository/com/github/stephenc/jcip/jcip-annotations/1.0-1/jcip-annotations-1.0-1.jar:/home/runner/.m2/repository/net/minidev/json-smart/2.4.7/json-smart-2.4.7.jar:/home/runner/.m2/repository/net/minidev/accessors-smart/2.4.7/accessors-smart-2.4.7.jar:/home/runner/.m2/repository/org/ow2/asm/asm/5.0.4/asm-5.0.4.jar:/home/runner/.m2/repository/org/apache/zookeeper/zookeeper/3.5.6/zookeeper-3.5.6.jar:/home/runner/.m2/repository/org/apache/zookeeper/zookeeper-jute/3.5.6/zookeeper-jute-3.5.6.jar:/home/runner/.m2/repository/org/apache/yetus/audience-annotations/0.5.0/audience-annotations-0.5.0.jar:/home/runner/.m2/repository/org/apache/curator/curator-framework/4.2.0/curator-framework-4.2.0.jar:/home/runner/.m2/repository/org/apache/hadoop/thirdparty/hadoop-shaded-guava/1.1.1/hadoop-shaded-guava-1.1.1.jar:/home/runner/.m2/repository/com/sun/jersey/jersey-core/1.19/jersey-core-1.19.jar:/home/runner/.m2/repository/javax/ws/rs/jsr311-api/1.1.1/jsr311-api-1.1.1.jar:/home/runner/.m2/repository/com/sun/jersey/jersey-server/1.19/jersey-server-1.19.jar:/home/runner/.m2/repository/javax/servlet/javax.servlet-api/3.1.0/javax.servlet-api-3.1.0.jar:/home/runner/.m2/repository/org/apache/hadoop/hadoop-common/3.3.5/hadoop-common-3.3.5.jar:/home/runner/.m2/repository/org/apache/commons/commons-math3/3.1.1/commons-math3-3.1.1.jar:/home/runner/.m2/repository/commons-net/commons-net/3.9.0/commons-net-3.9.0.jar:/home/runner/.m2/repository/com/sun/jersey/jersey-servlet/1.19/jersey-servlet-1.19.jar:/home/runner/.m2/repository/com/github/pjfanning/jersey-json/1.20/jersey-json-1.20.jar:/home/runner/.m2/repository/org/codehaus/jettison/jettison/1.1/jettison-1.1.jar:/home/runner/.m2/repository/com/sun/xml/bind/jaxb-impl/2.2.3-1/jaxb-impl-2.2.3-1.jar:/home/runner/.m2/repository/com/google/re2j/re2j/1.1/re2j-1.1.jar:/home/runner/.m2/repository/com/jcraft/jsch/0.1.54/jsch-0.1.54.jar:/home/runner/.m2/repository/org/apache/curator/curator-client/4.2.0/curator-client-4.2.0.jar:/home/runner/.m2/repository/org/apache/curator/curator-recipes/4.2.0/curator-recipes-4.2.0.jar:/home/runner/.m2/repository/org/apache/kerby/kerb-core/1.0.1/kerb-core-1.0.1.jar:/home/runner/.m2/repository/org/apache/kerby/kerby-pkix/1.0.1/kerby-pkix-1.0.1.jar:/home/runner/.m2/repository/org/apache/kerby/kerby-asn1/1.0.1/kerby-asn1-1.0.1.jar:/home/runner/.m2/repository/org/apache/kerby/kerby-util/1.0.1/kerby-util-1.0.1.jar:/home/runner/.m2/repository/dnsjava/dnsjava/2.1.7/dnsjava-2.1.7.jar:/home/runner/.m2/repository/org/xerial/snappy/snappy-java/1.1.8.2/snappy-java-1.1.8.2.jar:/home/runner/.m2/repository/com/fasterxml/jackson/core/jackson-databind/2.13.4.2/jackson-databind-2.13.4.2.jar:/home/runner/.m2/repository/org/apache/hadoop/hadoop-kms/3.3.5/hadoop-kms-3.3.5-tests.jar:/home/runner/.m2/repository/org/apache/ozone/hdds-server-scm/1.4.0-SNAPSHOT/hdds-server-scm-1.4.0-SNAPSHOT-tests.jar:/home/runner/.m2/repository/org/apache/ozone/hdds-container-service/1.4.0-SNAPSHOT/hdds-container-service-1.4.0-SNAPSHOT-tests.jar:/home/runner/.m2/repository/com/github/luben/zstd-jni/1.5.2-5/zstd-jni-1.5.2-5.jar:/home/runner/.m2/repository/commons-codec/commons-codec/1.15/commons-codec-1.15.jar:/home/runner/.m2/repository/io/netty/netty-codec/4.1.86.Final/netty-codec-4.1.86.Final.jar:/home/runner/.m2/repository/io/netty/netty-handler/4.1.86.Final/netty-handler-4.1.86.Final.jar:/home/runner/.m2/repository/org/apache/ozone/hdds-hadoop-dependency-test/1.4.0-SNAPSHOT/hdds-hadoop-dependency-test-1.4.0-SNAPSHOT.jar:/home/runner/.m2/repository/org/apache/hadoop/hadoop-common/3.3.5/hadoop-common-3.3.5-tests.jar:/home/runner/.m2/repository/org/apache/hadoop/hadoop-hdfs/3.3.5/hadoop-hdfs-3.3.5-tests.jar:/home/runner/.m2/repository/org/assertj/assertj-core/3.12.2/assertj-core-3.12.2.jar:/home/runner/.m2/repository/org/apache/hadoop/hadoop-distcp/3.3.5/hadoop-distcp-3.3.5.jar:/home/runner/.m2/repository/org/apache/hadoop/hadoop-mapreduce-client-jobclient/3.3.5/hadoop-mapreduce-client-jobclient-3.3.5.jar:/home/runner/.m2/repository/org/apache/hadoop/hadoop-mapreduce-client-common/3.3.5/hadoop-mapreduce-client-common-3.3.5.jar:/home/runner/.m2/repository/org/apache/hadoop/hadoop-yarn-common/3.3.5/hadoop-yarn-common-3.3.5.jar:/home/runner/.m2/repository/org/apache/hadoop/hadoop-yarn-api/3.3.5/hadoop-yarn-api-3.3.5.jar:/home/runner/.m2/repository/com/sun/jersey/contribs/jersey-guice/1.19/jersey-guice-1.19.jar:/home/runner/.m2/repository/com/fasterxml/jackson/jaxrs/jackson-jaxrs-json-provider/2.13.4/jackson-jaxrs-json-provider-2.13.4.jar:/home/runner/.m2/repository/com/fasterxml/jackson/jaxrs/jackson-jaxrs-base/2.13.4/jackson-jaxrs-base-2.13.4.jar:/home/runner/.m2/repository/org/apache/hadoop/hadoop-yarn-client/3.3.5/hadoop-yarn-client-3.3.5.jar:/home/runner/.m2/repository/org/eclipse/jetty/websocket/websocket-client/9.4.48.v20220622/websocket-client-9.4.48.v20220622.jar:/home/runner/.m2/repository/org/eclipse/jetty/websocket/websocket-common/9.4.48.v20220622/websocket-common-9.4.48.v20220622.jar:/home/runner/.m2/repository/org/eclipse/jetty/websocket/websocket-api/9.4.48.v20220622/websocket-api-9.4.48.v20220622.jar:/home/runner/.m2/repository/org/jline/jline/3.9.0/jline-3.9.0.jar:/home/runner/.m2/repository/org/apache/hadoop/hadoop-mapreduce-client-core/3.3.5/hadoop-mapreduce-client-core-3.3.5.jar:/home/runner/.m2/repository/org/apache/avro/avro/1.7.7/avro-1.7.7.jar:/home/runner/.m2/repository/com/thoughtworks/paranamer/paranamer/2.3/paranamer-2.3.jar:/home/runner/.m2/repository/org/apache/hadoop/hadoop-annotations/3.3.5/hadoop-annotations-3.3.5.jar:/usr/lib/jvm/temurin-8-jdk-amd64/jre/../lib/tools.jar:/home/runner/.m2/repository/io/netty/netty/3.10.6.Final/netty-3.10.6.Final.jar:/home/runner/.m2/repository/org/apache/hadoop/hadoop-distcp/3.3.5/hadoop-distcp-3.3.5-tests.jar:/home/runner/.m2/repository/org/slf4j/jul-to-slf4j/1.7.36/jul-to-slf4j-1.7.36.jar:"/>
    <property name="java.vm.vendor" value="Temurin"/>
    <property name="sun.arch.data.model" value="64"/>
    <property name="test.build.dir" value="/home/runner/work/ozone/ozone/hadoop-ozone/integration-test/target/test-dir"/>
    <property name="sun.security.krb5.debug" value="false"/>
    <property name="test.cache.data" value=""/>
    <property name="java.vendor.url" value="https://adoptium.net/"/>
    <property name="user.timezone" value="Etc/UTC"/>
    <property name="os.name" value="Linux"/>
    <property name="java.vm.specification.version" value="1.8"/>
    <property name="test.build.data" value="/home/runner/work/ozone/ozone/hadoop-ozone/integration-test/target/test-dir"/>
    <property name="sun.java.launcher" value="SUN_STANDARD"/>
    <property name="sun.boot.library.path" value="/usr/lib/jvm/temurin-8-jdk-amd64/jre/lib/amd64"/>
    <property name="sun.java.command" value="/home/runner/work/ozone/ozone/hadoop-ozone/integration-test/target/surefire/surefirebooter6518857906765843271.jar /home/runner/work/ozone/ozone/hadoop-ozone/integration-test/target/surefire 2023-06-21T21-36-09_481-jvmRun1 surefire7412743573142134193tmp surefire_124933774160351357291tmp"/>
    <property name="native.lib.tmp.dir" value="/tmp"/>
    <property name="surefire.test.class.path" value="/home/runner/work/ozone/ozone/hadoop-ozone/integration-test/target/test-classes:/home/runner/work/ozone/ozone/hadoop-ozone/integration-test/target/classes:/home/runner/.m2/repository/org/apache/ozone/ozone-common/1.4.0-SNAPSHOT/ozone-common-1.4.0-SNAPSHOT.jar:/home/runner/.m2/repository/io/grpc/grpc-netty/1.51.1/grpc-netty-1.51.1.jar:/home/runner/.m2/repository/io/grpc/grpc-core/1.51.1/grpc-core-1.51.1.jar:/home/runner/.m2/repository/com/google/android/annotations/4.1.1.4/annotations-4.1.1.4.jar:/home/runner/.m2/repository/org/codehaus/mojo/animal-sniffer-annotations/1.21/animal-sniffer-annotations-1.21.jar:/home/runner/.m2/repository/com/google/errorprone/error_prone_annotations/2.2.0/error_prone_annotations-2.2.0.jar:/home/runner/.m2/repository/io/perfmark/perfmark-api/0.25.0/perfmark-api-0.25.0.jar:/home/runner/.m2/repository/io/netty/netty-codec-http2/4.1.86.Final/netty-codec-http2-4.1.86.Final.jar:/home/runner/.m2/repository/io/netty/netty-common/4.1.86.Final/netty-common-4.1.86.Final.jar:/home/runner/.m2/repository/io/netty/netty-buffer/4.1.86.Final/netty-buffer-4.1.86.Final.jar:/home/runner/.m2/repository/io/netty/netty-codec-http/4.1.86.Final/netty-codec-http-4.1.86.Final.jar:/home/runner/.m2/repository/io/netty/netty-handler-proxy/4.1.86.Final/netty-handler-proxy-4.1.86.Final.jar:/home/runner/.m2/repository/io/netty/netty-codec-socks/4.1.86.Final/netty-codec-socks-4.1.86.Final.jar:/home/runner/.m2/repository/io/netty/netty-tcnative-boringssl-static/2.0.54.Final/netty-tcnative-boringssl-static-2.0.54.Final.jar:/home/runner/.m2/repository/io/netty/netty-tcnative-classes/2.0.54.Final/netty-tcnative-classes-2.0.54.Final.jar:/home/runner/.m2/repository/io/netty/netty-tcnative-boringssl-static/2.0.54.Final/netty-tcnative-boringssl-static-2.0.54.Final-linux-x86_64.jar:/home/runner/.m2/repository/io/netty/netty-tcnative-boringssl-static/2.0.54.Final/netty-tcnative-boringssl-static-2.0.54.Final-linux-aarch_64.jar:/home/runner/.m2/repository/io/netty/netty-tcnative-boringssl-static/2.0.54.Final/netty-tcnative-boringssl-static-2.0.54.Final-osx-x86_64.jar:/home/runner/.m2/repository/io/netty/netty-tcnative-boringssl-static/2.0.54.Final/netty-tcnative-boringssl-static-2.0.54.Final-osx-aarch_64.jar:/home/runner/.m2/repository/io/netty/netty-tcnative-boringssl-static/2.0.54.Final/netty-tcnative-boringssl-static-2.0.54.Final-windows-x86_64.jar:/home/runner/.m2/repository/org/apache/commons/commons-compress/1.21/commons-compress-1.21.jar:/home/runner/.m2/repository/org/apache/ozone/hdds-common/1.4.0-SNAPSHOT/hdds-common-1.4.0-SNAPSHOT.jar:/home/runner/.m2/repository/org/apache/ozone/hdds-client/1.4.0-SNAPSHOT/hdds-client-1.4.0-SNAPSHOT.jar:/home/runner/.m2/repository/org/apache/ozone/ozone-interface-client/1.4.0-SNAPSHOT/ozone-interface-client-1.4.0-SNAPSHOT.jar:/home/runner/.m2/repository/org/apache/hadoop/hadoop-hdfs-client/3.3.5/hadoop-hdfs-client-3.3.5.jar:/home/runner/.m2/repository/com/squareup/okhttp3/okhttp/4.9.3/okhttp-4.9.3.jar:/home/runner/.m2/repository/com/squareup/okio/okio/2.8.0/okio-2.8.0.jar:/home/runner/.m2/repository/org/jetbrains/kotlin/kotlin-stdlib-common/1.6.21/kotlin-stdlib-common-1.6.21.jar:/home/runner/.m2/repository/org/apache/ozone/hdds-test-utils/1.4.0-SNAPSHOT/hdds-test-utils-1.4.0-SNAPSHOT.jar:/home/runner/.m2/repository/com/google/guava/guava/32.0.0-jre/guava-32.0.0-jre.jar:/home/runner/.m2/repository/com/google/guava/failureaccess/1.0.1/failureaccess-1.0.1.jar:/home/runner/.m2/repository/com/google/guava/listenablefuture/9999.0-empty-to-avoid-conflict-with-guava/listenablefuture-9999.0-empty-to-avoid-conflict-with-guava.jar:/home/runner/.m2/repository/com/google/code/findbugs/jsr305/3.0.0/jsr305-3.0.0.jar:/home/runner/.m2/repository/org/checkerframework/checker-qual/3.33.0/checker-qual-3.33.0.jar:/home/runner/.m2/repository/com/google/j2objc/j2objc-annotations/2.8/j2objc-annotations-2.8.jar:/home/runner/.m2/repository/commons-io/commons-io/2.11.0/commons-io-2.11.0.jar:/home/runner/.m2/repository/commons-logging/commons-logging/1.2/commons-logging-1.2.jar:/home/runner/.m2/repository/ch/qos/reload4j/reload4j/1.2.22/reload4j-1.2.22.jar:/home/runner/.m2/repository/org/slf4j/slf4j-api/1.7.36/slf4j-api-1.7.36.jar:/home/runner/.m2/repository/org/apache/ozone/hdds-server-scm/1.4.0-SNAPSHOT/hdds-server-scm-1.4.0-SNAPSHOT.jar:/home/runner/.m2/repository/org/apache/ozone/hdds-container-service/1.4.0-SNAPSHOT/hdds-container-service-1.4.0-SNAPSHOT.jar:/home/runner/.m2/repository/org/apache/ozone/hdds-hadoop-dependency-server/1.4.0-SNAPSHOT/hdds-hadoop-dependency-server-1.4.0-SNAPSHOT.jar:/home/runner/.m2/repository/org/apache/hadoop/hadoop-hdfs/3.3.5/hadoop-hdfs-3.3.5.jar:/home/runner/.m2/repository/commons-daemon/commons-daemon/1.0.13/commons-daemon-1.0.13.jar:/home/runner/.m2/repository/org/apache/ozone/hdds-server-framework/1.4.0-SNAPSHOT/hdds-server-framework-1.4.0-SNAPSHOT.jar:/home/runner/.m2/repository/io/dropwizard/metrics/metrics-core/3.2.4/metrics-core-3.2.4.jar:/home/runner/.m2/repository/org/apache/commons/commons-text/1.10.0/commons-text-1.10.0.jar:/home/runner/.m2/repository/org/bouncycastle/bcprov-jdk15on/1.67/bcprov-jdk15on-1.67.jar:/home/runner/.m2/repository/com/google/protobuf/protobuf-java/2.5.0/protobuf-java-2.5.0.jar:/home/runner/.m2/repository/org/apache/ozone/hdds-server-framework/1.4.0-SNAPSHOT/hdds-server-framework-1.4.0-SNAPSHOT-tests.jar:/home/runner/.m2/repository/org/apache/ozone/hdds-interface-server/1.4.0-SNAPSHOT/hdds-interface-server-1.4.0-SNAPSHOT.jar:/home/runner/.m2/repository/org/apache/ozone/hdds-interface-admin/1.4.0-SNAPSHOT/hdds-interface-admin-1.4.0-SNAPSHOT.jar:/home/runner/.m2/repository/org/apache/ozone/hdds-managed-rocksdb/1.4.0-SNAPSHOT/hdds-managed-rocksdb-1.4.0-SNAPSHOT.jar:/home/runner/.m2/repository/org/rocksdb/rocksdbjni/7.7.3/rocksdbjni-7.7.3.jar:/home/runner/.m2/repository/org/slf4j/slf4j-reload4j/1.7.36/slf4j-reload4j-1.7.36.jar:/home/runner/.m2/repository/org/apache/commons/commons-configuration2/2.1.1/commons-configuration2-2.1.1.jar:/home/runner/.m2/repository/commons-fileupload/commons-fileupload/1.5/commons-fileupload-1.5.jar:/home/runner/.m2/repository/org/apache/logging/log4j/log4j-core/2.17.1/log4j-core-2.17.1.jar:/home/runner/.m2/repository/com/lmax/disruptor/3.4.2/disruptor-3.4.2.jar:/home/runner/.m2/repository/org/eclipse/jetty/jetty-util/9.4.51.v20230217/jetty-util-9.4.51.v20230217.jar:/home/runner/.m2/repository/org/eclipse/jetty/jetty-server/9.4.51.v20230217/jetty-server-9.4.51.v20230217.jar:/home/runner/.m2/repository/org/eclipse/jetty/jetty-http/9.4.51.v20230217/jetty-http-9.4.51.v20230217.jar:/home/runner/.m2/repository/org/eclipse/jetty/jetty-io/9.4.51.v20230217/jetty-io-9.4.51.v20230217.jar:/home/runner/.m2/repository/org/eclipse/jetty/jetty-servlet/9.4.51.v20230217/jetty-servlet-9.4.51.v20230217.jar:/home/runner/.m2/repository/org/eclipse/jetty/jetty-security/9.4.51.v20230217/jetty-security-9.4.51.v20230217.jar:/home/runner/.m2/repository/org/eclipse/jetty/jetty-util-ajax/9.4.51.v20230217/jetty-util-ajax-9.4.51.v20230217.jar:/home/runner/.m2/repository/org/eclipse/jetty/jetty-webapp/9.4.51.v20230217/jetty-webapp-9.4.51.v20230217.jar:/home/runner/.m2/repository/org/eclipse/jetty/jetty-xml/9.4.51.v20230217/jetty-xml-9.4.51.v20230217.jar:/home/runner/.m2/repository/org/apache/ratis/ratis-server/2.5.1/ratis-server-2.5.1.jar:/home/runner/.m2/repository/org/apache/ratis/ratis-thirdparty-misc/1.0.4/ratis-thirdparty-misc-1.0.4.jar:/home/runner/.m2/repository/org/apache/ratis/ratis-proto/2.5.1/ratis-proto-2.5.1.jar:/home/runner/.m2/repository/org/apache/ratis/ratis-common/2.5.1/ratis-common-2.5.1.jar:/home/runner/.m2/repository/org/apache/ratis/ratis-client/2.5.1/ratis-client-2.5.1.jar:/home/runner/.m2/repository/org/apache/ratis/ratis-server-api/2.5.1/ratis-server-api-2.5.1.jar:/home/runner/.m2/repository/org/apache/ratis/ratis-metrics/2.5.1/ratis-metrics-2.5.1.jar:/home/runner/.m2/repository/io/prometheus/simpleclient_dropwizard/0.7.0/simpleclient_dropwizard-0.7.0.jar:/home/runner/.m2/repository/io/prometheus/simpleclient/0.7.0/simpleclient-0.7.0.jar:/home/runner/.m2/repository/io/prometheus/simpleclient_common/0.7.0/simpleclient_common-0.7.0.jar:/home/runner/.m2/repository/com/fasterxml/jackson/datatype/jackson-datatype-jsr310/2.13.4/jackson-datatype-jsr310-2.13.4.jar:/home/runner/.m2/repository/com/fasterxml/jackson/core/jackson-core/2.13.4/jackson-core-2.13.4.jar:/home/runner/.m2/repository/com/github/spotbugs/spotbugs-annotations/3.1.12/spotbugs-annotations-3.1.12.jar:/home/runner/.m2/repository/org/apache/ozone/rocksdb-checkpoint-differ/1.4.0-SNAPSHOT/rocksdb-checkpoint-differ-1.4.0-SNAPSHOT.jar:/home/runner/.m2/repository/org/awaitility/awaitility/4.2.0/awaitility-4.2.0.jar:/home/runner/.m2/repository/org/hamcrest/hamcrest/2.1/hamcrest-2.1.jar:/home/runner/.m2/repository/org/apache/ozone/ozone-manager/1.4.0-SNAPSHOT/ozone-manager-1.4.0-SNAPSHOT.jar:/home/runner/.m2/repository/org/aspectj/aspectjrt/1.9.7/aspectjrt-1.9.7.jar:/home/runner/.m2/repository/org/aspectj/aspectjweaver/1.9.7/aspectjweaver-1.9.7.jar:/home/runner/.m2/repository/org/apache/ozone/hdds-interface-client/1.4.0-SNAPSHOT/hdds-interface-client-1.4.0-SNAPSHOT.jar:/home/runner/.m2/repository/org/apache/hadoop/thirdparty/hadoop-shaded-protobuf_3_7/1.1.1/hadoop-shaded-protobuf_3_7-1.1.1.jar:/home/runner/.m2/repository/org/apache/ozone/ozone-interface-storage/1.4.0-SNAPSHOT/ozone-interface-storage-1.4.0-SNAPSHOT.jar:/home/runner/.m2/repository/org/reflections/reflections/0.9.11/reflections-0.9.11.jar:/home/runner/.m2/repository/com/sun/jersey/jersey-client/1.19/jersey-client-1.19.jar:/home/runner/.m2/repository/org/codehaus/jackson/jackson-core-asl/1.9.13/jackson-core-asl-1.9.13.jar:/home/runner/.m2/repository/org/codehaus/jackson/jackson-mapper-asl/1.9.13/jackson-mapper-asl-1.9.13.jar:/home/runner/.m2/repository/org/codehaus/jackson/jackson-jaxrs/1.9.13/jackson-jaxrs-1.9.13.jar:/home/runner/.m2/repository/org/apache/ranger/ranger-intg/2.3.0/ranger-intg-2.3.0.jar:/home/runner/.m2/repository/org/apache/ranger/ranger-plugins-common/2.3.0/ranger-plugins-common-2.3.0.jar:/home/runner/.m2/repository/commons-lang/commons-lang/2.6/commons-lang-2.6.jar:/home/runner/.m2/repository/org/apache/ranger/ranger-plugins-cred/2.3.0/ranger-plugins-cred-2.3.0.jar:/home/runner/.m2/repository/org/apache/ranger/ranger-plugins-audit/2.3.0/ranger-plugins-audit-2.3.0.jar:/home/runner/.m2/repository/org/eclipse/jetty/jetty-client/9.4.51.v20230217/jetty-client-9.4.51.v20230217.jar:/home/runner/.m2/repository/org/apache/httpcomponents/httpmime/4.5.6/httpmime-4.5.6.jar:/home/runner/.m2/repository/org/apache/httpcomponents/httpcore-nio/4.4.13/httpcore-nio-4.4.13.jar:/home/runner/.m2/repository/org/apache/httpcomponents/httpasyncclient/4.1.3/httpasyncclient-4.1.3.jar:/home/runner/.m2/repository/com/carrotsearch/hppc/0.8.0/hppc-0.8.0.jar:/home/runner/.m2/repository/org/apache/orc/orc-core/1.5.8/orc-core-1.5.8.jar:/home/runner/.m2/repository/net/java/dev/jna/jna/5.2.0/jna-5.2.0.jar:/home/runner/.m2/repository/net/java/dev/jna/jna-platform/5.2.0/jna-platform-5.2.0.jar:/home/runner/.m2/repository/com/kstruct/gethostname4j/0.0.2/gethostname4j-0.0.2.jar:/home/runner/.m2/repository/org/apache/ranger/ranger-plugin-classloader/2.3.0/ranger-plugin-classloader-2.3.0.jar:/home/runner/.m2/repository/org/apache/ozone/hdds-rocks-native/1.4.0-SNAPSHOT/hdds-rocks-native-1.4.0-SNAPSHOT.jar:/home/runner/.m2/repository/org/apache/hadoop/hadoop-minikdc/3.3.5/hadoop-minikdc-3.3.5.jar:/home/runner/.m2/repository/org/apache/kerby/kerb-simplekdc/1.0.1/kerb-simplekdc-1.0.1.jar:/home/runner/.m2/repository/org/apache/kerby/kerb-client/1.0.1/kerb-client-1.0.1.jar:/home/runner/.m2/repository/org/apache/kerby/kerby-config/1.0.1/kerby-config-1.0.1.jar:/home/runner/.m2/repository/org/apache/kerby/kerb-common/1.0.1/kerb-common-1.0.1.jar:/home/runner/.m2/repository/org/apache/kerby/kerb-crypto/1.0.1/kerb-crypto-1.0.1.jar:/home/runner/.m2/repository/org/apache/kerby/kerb-util/1.0.1/kerb-util-1.0.1.jar:/home/runner/.m2/repository/org/apache/kerby/token-provider/1.0.1/token-provider-1.0.1.jar:/home/runner/.m2/repository/org/apache/kerby/kerb-admin/1.0.1/kerb-admin-1.0.1.jar:/home/runner/.m2/repository/org/apache/kerby/kerb-server/1.0.1/kerb-server-1.0.1.jar:/home/runner/.m2/repository/org/apache/kerby/kerb-identity/1.0.1/kerb-identity-1.0.1.jar:/home/runner/.m2/repository/org/apache/kerby/kerby-xdr/1.0.1/kerby-xdr-1.0.1.jar:/home/runner/.m2/repository/org/apache/ozone/ozone-s3gateway/1.4.0-SNAPSHOT/ozone-s3gateway-1.4.0-SNAPSHOT.jar:/home/runner/.m2/repository/org/javassist/javassist/3.21.0-GA/javassist-3.21.0-GA.jar:/home/runner/.m2/repository/org/jboss/weld/servlet/weld-servlet-shaded/3.1.9.Final/weld-servlet-shaded-3.1.9.Final.jar:/home/runner/.m2/repository/org/glassfish/jersey/containers/jersey-container-servlet-core/2.34/jersey-container-servlet-core-2.34.jar:/home/runner/.m2/repository/org/glassfish/hk2/external/jakarta.inject/2.6.1/jakarta.inject-2.6.1.jar:/home/runner/.m2/repository/org/glassfish/jersey/core/jersey-common/2.34/jersey-common-2.34.jar:/home/runner/.m2/repository/jakarta/ws/rs/jakarta.ws.rs-api/2.1.6/jakarta.ws.rs-api-2.1.6.jar:/home/runner/.m2/repository/org/glassfish/jersey/ext/cdi/jersey-cdi1x/2.34/jersey-cdi1x-2.34.jar:/home/runner/.m2/repository/org/glassfish/jersey/inject/jersey-hk2/2.34/jersey-hk2-2.34.jar:/home/runner/.m2/repository/org/glassfish/hk2/hk2-locator/2.6.1/hk2-locator-2.6.1.jar:/home/runner/.m2/repository/org/glassfish/jersey/media/jersey-media-jaxb/2.34/jersey-media-jaxb-2.34.jar:/home/runner/.m2/repository/org/glassfish/hk2/osgi-resource-locator/1.0.3/osgi-resource-locator-1.0.3.jar:/home/runner/.m2/repository/org/glassfish/hk2/hk2-api/2.5.0/hk2-api-2.5.0.jar:/home/runner/.m2/repository/org/glassfish/hk2/hk2-utils/2.5.0/hk2-utils-2.5.0.jar:/home/runner/.m2/repository/org/glassfish/hk2/external/aopalliance-repackaged/2.5.0/aopalliance-repackaged-2.5.0.jar:/home/runner/.m2/repository/com/fasterxml/jackson/dataformat/jackson-dataformat-xml/2.13.4/jackson-dataformat-xml-2.13.4.jar:/home/runner/.m2/repository/org/codehaus/woodstox/stax2-api/4.2.1/stax2-api-4.2.1.jar:/home/runner/.m2/repository/com/fasterxml/woodstox/woodstox-core/5.4.0/woodstox-core-5.4.0.jar:/home/runner/.m2/repository/com/fasterxml/jackson/module/jackson-module-jaxb-annotations/2.13.4/jackson-module-jaxb-annotations-2.13.4.jar:/home/runner/.m2/repository/jakarta/xml/bind/jakarta.xml.bind-api/2.3.3/jakarta.xml.bind-api-2.3.3.jar:/home/runner/.m2/repository/jakarta/activation/jakarta.activation-api/1.2.2/jakarta.activation-api-1.2.2.jar:/home/runner/.m2/repository/javax/enterprise/cdi-api/2.0/cdi-api-2.0.jar:/home/runner/.m2/repository/javax/el/javax.el-api/3.0.0/javax.el-api-3.0.0.jar:/home/runner/.m2/repository/javax/interceptor/javax.interceptor-api/1.2/javax.interceptor-api-1.2.jar:/home/runner/.m2/repository/javax/inject/javax.inject/1/javax.inject-1.jar:/home/runner/.m2/repository/javax/xml/bind/jaxb-api/2.3.0/jaxb-api-2.3.0.jar:/home/runner/.m2/repository/org/glassfish/jaxb/jaxb-runtime/2.3.0.1/jaxb-runtime-2.3.0.1.jar:/home/runner/.m2/repository/org/glassfish/jaxb/jaxb-core/2.3.0.1/jaxb-core-2.3.0.1.jar:/home/runner/.m2/repository/org/glassfish/jaxb/txw2/2.3.0.1/txw2-2.3.0.1.jar:/home/runner/.m2/repository/com/sun/istack/istack-commons-runtime/3.0.5/istack-commons-runtime-3.0.5.jar:/home/runner/.m2/repository/org/jvnet/staxex/stax-ex/1.7.8/stax-ex-1.7.8.jar:/home/runner/.m2/repository/com/sun/xml/fastinfoset/FastInfoset/1.2.13/FastInfoset-1.2.13.jar:/home/runner/.m2/repository/javax/activation/activation/1.1.1/activation-1.1.1.jar:/home/runner/.m2/repository/io/grpc/grpc-protobuf/1.51.1/grpc-protobuf-1.51.1.jar:/home/runner/.m2/repository/com/google/api/grpc/proto-google-common-protos/2.9.0/proto-google-common-protos-2.9.0.jar:/home/runner/.m2/repository/io/grpc/grpc-protobuf-lite/1.51.1/grpc-protobuf-lite-1.51.1.jar:/home/runner/.m2/repository/io/grpc/grpc-stub/1.51.1/grpc-stub-1.51.1.jar:/home/runner/.m2/repository/io/netty/netty-transport/4.1.86.Final/netty-transport-4.1.86.Final.jar:/home/runner/.m2/repository/io/netty/netty-resolver/4.1.86.Final/netty-resolver-4.1.86.Final.jar:/home/runner/.m2/repository/org/apache/ozone/ozone-csi/1.4.0-SNAPSHOT/ozone-csi-1.4.0-SNAPSHOT.jar:/home/runner/.m2/repository/com/google/protobuf/protobuf-java-util/3.19.6/protobuf-java-util-3.19.6.jar:/home/runner/.m2/repository/com/google/code/gson/gson/2.9.0/gson-2.9.0.jar:/home/runner/.m2/repository/org/apache/ozone/hdds-config/1.4.0-SNAPSHOT/hdds-config-1.4.0-SNAPSHOT.jar:/home/runner/.m2/repository/io/netty/netty-transport-native-epoll/4.1.86.Final/netty-transport-native-epoll-4.1.86.Final-linux-x86_64.jar:/home/runner/.m2/repository/io/netty/netty-transport-classes-epoll/4.1.86.Final/netty-transport-classes-epoll-4.1.86.Final.jar:/home/runner/.m2/repository/io/netty/netty-transport-native-unix-common/4.1.86.Final/netty-transport-native-unix-common-4.1.86.Final.jar:/home/runner/.m2/repository/org/apache/ozone/ozone-recon/1.4.0-SNAPSHOT/ozone-recon-1.4.0-SNAPSHOT.jar:/home/runner/.m2/repository/org/apache/ozone/ozone-reconcodegen/1.4.0-SNAPSHOT/ozone-reconcodegen-1.4.0-SNAPSHOT.jar:/home/runner/.m2/repository/com/google/inject/guice/5.1.0/guice-5.1.0.jar:/home/runner/.m2/repository/aopalliance/aopalliance/1.0/aopalliance-1.0.jar:/home/runner/.m2/repository/com/google/inject/extensions/guice-assistedinject/5.1.0/guice-assistedinject-5.1.0.jar:/home/runner/.m2/repository/com/google/inject/extensions/guice-servlet/5.1.0/guice-servlet-5.1.0.jar:/home/runner/.m2/repository/org/glassfish/jersey/containers/jersey-container-servlet/2.34/jersey-container-servlet-2.34.jar:/home/runner/.m2/repository/org/glassfish/hk2/guice-bridge/2.5.0/guice-bridge-2.5.0.jar:/home/runner/.m2/repository/org/glassfish/jersey/core/jersey-server/2.34/jersey-server-2.34.jar:/home/runner/.m2/repository/org/glassfish/jersey/core/jersey-client/2.34/jersey-client-2.34.jar:/home/runner/.m2/repository/jakarta/annotation/jakarta.annotation-api/1.3.5/jakarta.annotation-api-1.3.5.jar:/home/runner/.m2/repository/jakarta/validation/jakarta.validation-api/2.0.2/jakarta.validation-api-2.0.2.jar:/home/runner/.m2/repository/org/glassfish/jersey/media/jersey-media-json-jackson/2.34/jersey-media-json-jackson-2.34.jar:/home/runner/.m2/repository/org/glassfish/jersey/ext/jersey-entity-filtering/2.34/jersey-entity-filtering-2.34.jar:/home/runner/.m2/repository/org/jooq/jooq/3.11.10/jooq-3.11.10.jar:/home/runner/.m2/repository/org/jooq/jooq-meta/3.11.10/jooq-meta-3.11.10.jar:/home/runner/.m2/repository/org/jooq/jooq-codegen/3.11.10/jooq-codegen-3.11.10.jar:/home/runner/.m2/repository/com/jolbox/bonecp/0.8.0.RELEASE/bonecp-0.8.0.RELEASE.jar:/home/runner/.m2/repository/org/apache/derby/derby/10.14.2.0/derby-10.14.2.0.jar:/home/runner/.m2/repository/org/xerial/sqlite-jdbc/3.41.2.2/sqlite-jdbc-3.41.2.2.jar:/home/runner/.m2/repository/org/springframework/spring-jdbc/5.3.27/spring-jdbc-5.3.27.jar:/home/runner/.m2/repository/org/springframework/spring-beans/5.3.27/spring-beans-5.3.27.jar:/home/runner/.m2/repository/org/springframework/spring-core/5.3.27/spring-core-5.3.27.jar:/home/runner/.m2/repository/org/springframework/spring-tx/5.3.27/spring-tx-5.3.27.jar:/home/runner/.m2/repository/org/apache/ozone/ozone-client/1.4.0-SNAPSHOT/ozone-client-1.4.0-SNAPSHOT.jar:/home/runner/.m2/repository/org/apache/ozone/hdds-erasurecode/1.4.0-SNAPSHOT/hdds-erasurecode-1.4.0-SNAPSHOT.jar:/home/runner/.m2/repository/org/apache/ozone/ozone-filesystem/1.4.0-SNAPSHOT/ozone-filesystem-1.4.0-SNAPSHOT.jar:/home/runner/.m2/repository/org/apache/ozone/ozone-filesystem-common/1.4.0-SNAPSHOT/ozone-filesystem-common-1.4.0-SNAPSHOT.jar:/home/runner/.m2/repository/org/apache/ozone/ozone-tools/1.4.0-SNAPSHOT/ozone-tools-1.4.0-SNAPSHOT.jar:/home/runner/.m2/repository/com/amazonaws/aws-java-sdk-core/1.12.261/aws-java-sdk-core-1.12.261.jar:/home/runner/.m2/repository/org/apache/httpcomponents/httpclient/4.5.13/httpclient-4.5.13.jar:/home/runner/.m2/repository/org/apache/httpcomponents/httpcore/4.4.13/httpcore-4.4.13.jar:/home/runner/.m2/repository/software/amazon/ion/ion-java/1.0.2/ion-java-1.0.2.jar:/home/runner/.m2/repository/com/fasterxml/jackson/dataformat/jackson-dataformat-cbor/2.13.4/jackson-dataformat-cbor-2.13.4.jar:/home/runner/.m2/repository/joda-time/joda-time/2.10.6/joda-time-2.10.6.jar:/home/runner/.m2/repository/com/amazonaws/aws-java-sdk-s3/1.12.261/aws-java-sdk-s3-1.12.261.jar:/home/runner/.m2/repository/com/amazonaws/aws-java-sdk-kms/1.12.261/aws-java-sdk-kms-1.12.261.jar:/home/runner/.m2/repository/com/amazonaws/jmespath-java/1.12.261/jmespath-java-1.12.261.jar:/home/runner/.m2/repository/org/kohsuke/metainf-services/metainf-services/1.8/metainf-services-1.8.jar:/home/runner/.m2/repository/org/apache/ozone/hdds-tools/1.4.0-SNAPSHOT/hdds-tools-1.4.0-SNAPSHOT.jar:/home/runner/.m2/repository/org/apache/ratis/ratis-tools/2.5.1/ratis-tools-2.5.1.jar:/home/runner/.m2/repository/commons-cli/commons-cli/1.2/commons-cli-1.2.jar:/home/runner/.m2/repository/org/apache/commons/commons-lang3/3.7/commons-lang3-3.7.jar:/home/runner/.m2/repository/org/apache/ozone/ozone-manager/1.4.0-SNAPSHOT/ozone-manager-1.4.0-SNAPSHOT-tests.jar:/home/runner/.m2/repository/org/apache/ozone/hdds-common/1.4.0-SNAPSHOT/hdds-common-1.4.0-SNAPSHOT-tests.jar:/home/runner/.m2/repository/org/apache/ozone/hdds-hadoop-dependency-client/1.4.0-SNAPSHOT/hdds-hadoop-dependency-client-1.4.0-SNAPSHOT.jar:/home/runner/.m2/repository/info/picocli/picocli/4.6.1/picocli-4.6.1.jar:/home/runner/.m2/repository/com/fasterxml/jackson/core/jackson-annotations/2.13.4/jackson-annotations-2.13.4.jar:/home/runner/.m2/repository/org/apache/ozone/hdds-annotation-processing/1.4.0-SNAPSHOT/hdds-annotation-processing-1.4.0-SNAPSHOT.jar:/home/runner/.m2/repository/javax/annotation/javax.annotation-api/1.2/javax.annotation-api-1.2.jar:/home/runner/.m2/repository/org/apache/ratis/ratis-netty/2.5.1/ratis-netty-2.5.1.jar:/home/runner/.m2/repository/org/apache/ratis/ratis-grpc/2.5.1/ratis-grpc-2.5.1.jar:/home/runner/.m2/repository/org/apache/logging/log4j/log4j-api/2.17.1/log4j-api-2.17.1.jar:/home/runner/.m2/repository/org/apache/commons/commons-pool2/2.6.0/commons-pool2-2.6.0.jar:/home/runner/.m2/repository/org/bouncycastle/bcpkix-jdk15on/1.67/bcpkix-jdk15on-1.67.jar:/home/runner/.m2/repository/commons-validator/commons-validator/1.6/commons-validator-1.6.jar:/home/runner/.m2/repository/commons-beanutils/commons-beanutils/1.9.4/commons-beanutils-1.9.4.jar:/home/runner/.m2/repository/commons-digester/commons-digester/1.8.1/commons-digester-1.8.1.jar:/home/runner/.m2/repository/commons-collections/commons-collections/3.2.2/commons-collections-3.2.2.jar:/home/runner/.m2/repository/io/jaegertracing/jaeger-client/1.6.0/jaeger-client-1.6.0.jar:/home/runner/.m2/repository/io/jaegertracing/jaeger-thrift/1.6.0/jaeger-thrift-1.6.0.jar:/home/runner/.m2/repository/org/apache/thrift/libthrift/0.14.1/libthrift-0.14.1.jar:/home/runner/.m2/repository/io/jaegertracing/jaeger-core/1.6.0/jaeger-core-1.6.0.jar:/home/runner/.m2/repository/io/jaegertracing/jaeger-tracerresolver/1.6.0/jaeger-tracerresolver-1.6.0.jar:/home/runner/.m2/repository/io/opentracing/contrib/opentracing-tracerresolver/0.1.8/opentracing-tracerresolver-0.1.8.jar:/home/runner/.m2/repository/org/jetbrains/kotlin/kotlin-stdlib/1.6.21/kotlin-stdlib-1.6.21.jar:/home/runner/.m2/repository/org/jetbrains/annotations/13.0/annotations-13.0.jar:/home/runner/.m2/repository/io/opentracing/opentracing-util/0.33.0/opentracing-util-0.33.0.jar:/home/runner/.m2/repository/io/opentracing/opentracing-api/0.33.0/opentracing-api-0.33.0.jar:/home/runner/.m2/repository/io/opentracing/opentracing-noop/0.33.0/opentracing-noop-0.33.0.jar:/home/runner/.m2/repository/org/yaml/snakeyaml/2.0/snakeyaml-2.0.jar:/home/runner/.m2/repository/io/grpc/grpc-api/1.51.1/grpc-api-1.51.1.jar:/home/runner/.m2/repository/io/grpc/grpc-context/1.51.1/grpc-context-1.51.1.jar:/home/runner/.m2/repository/junit/junit/4.13.1/junit-4.13.1.jar:/home/runner/.m2/repository/org/hamcrest/hamcrest-core/1.3/hamcrest-core-1.3.jar:/home/runner/.m2/repository/org/junit/jupiter/junit-jupiter-api/5.8.2/junit-jupiter-api-5.8.2.jar:/home/runner/.m2/repository/org/opentest4j/opentest4j/1.2.0/opentest4j-1.2.0.jar:/home/runner/.m2/repository/org/junit/platform/junit-platform-commons/1.8.2/junit-platform-commons-1.8.2.jar:/home/runner/.m2/repository/org/apiguardian/apiguardian-api/1.1.2/apiguardian-api-1.1.2.jar:/home/runner/.m2/repository/org/junit/jupiter/junit-jupiter-params/5.8.2/junit-jupiter-params-5.8.2.jar:/home/runner/.m2/repository/org/junit/jupiter/junit-jupiter-migrationsupport/5.8.2/junit-jupiter-migrationsupport-5.8.2.jar:/home/runner/.m2/repository/org/junit/jupiter/junit-jupiter-engine/5.8.2/junit-jupiter-engine-5.8.2.jar:/home/runner/.m2/repository/org/junit/platform/junit-platform-engine/1.8.2/junit-platform-engine-1.8.2.jar:/home/runner/.m2/repository/org/junit/vintage/junit-vintage-engine/5.8.2/junit-vintage-engine-5.8.2.jar:/home/runner/.m2/repository/org/junit/platform/junit-platform-launcher/1.8.2/junit-platform-launcher-1.8.2.jar:/home/runner/.m2/repository/org/mockito/mockito-core/3.5.9/mockito-core-3.5.9.jar:/home/runner/.m2/repository/net/bytebuddy/byte-buddy/1.10.13/byte-buddy-1.10.13.jar:/home/runner/.m2/repository/net/bytebuddy/byte-buddy-agent/1.10.13/byte-buddy-agent-1.10.13.jar:/home/runner/.m2/repository/org/objenesis/objenesis/1.0/objenesis-1.0.jar:/home/runner/.m2/repository/org/apache/hadoop/hadoop-kms/3.3.5/hadoop-kms-3.3.5.jar:/home/runner/.m2/repository/org/apache/hadoop/hadoop-auth/3.3.5/hadoop-auth-3.3.5.jar:/home/runner/.m2/repository/com/nimbusds/nimbus-jose-jwt/9.8.1/nimbus-jose-jwt-9.8.1.jar:/home/runner/.m2/repository/com/github/stephenc/jcip/jcip-annotations/1.0-1/jcip-annotations-1.0-1.jar:/home/runner/.m2/repository/net/minidev/json-smart/2.4.7/json-smart-2.4.7.jar:/home/runner/.m2/repository/net/minidev/accessors-smart/2.4.7/accessors-smart-2.4.7.jar:/home/runner/.m2/repository/org/ow2/asm/asm/5.0.4/asm-5.0.4.jar:/home/runner/.m2/repository/org/apache/zookeeper/zookeeper/3.5.6/zookeeper-3.5.6.jar:/home/runner/.m2/repository/org/apache/zookeeper/zookeeper-jute/3.5.6/zookeeper-jute-3.5.6.jar:/home/runner/.m2/repository/org/apache/yetus/audience-annotations/0.5.0/audience-annotations-0.5.0.jar:/home/runner/.m2/repository/org/apache/curator/curator-framework/4.2.0/curator-framework-4.2.0.jar:/home/runner/.m2/repository/org/apache/hadoop/thirdparty/hadoop-shaded-guava/1.1.1/hadoop-shaded-guava-1.1.1.jar:/home/runner/.m2/repository/com/sun/jersey/jersey-core/1.19/jersey-core-1.19.jar:/home/runner/.m2/repository/javax/ws/rs/jsr311-api/1.1.1/jsr311-api-1.1.1.jar:/home/runner/.m2/repository/com/sun/jersey/jersey-server/1.19/jersey-server-1.19.jar:/home/runner/.m2/repository/javax/servlet/javax.servlet-api/3.1.0/javax.servlet-api-3.1.0.jar:/home/runner/.m2/repository/org/apache/hadoop/hadoop-common/3.3.5/hadoop-common-3.3.5.jar:/home/runner/.m2/repository/org/apache/commons/commons-math3/3.1.1/commons-math3-3.1.1.jar:/home/runner/.m2/repository/commons-net/commons-net/3.9.0/commons-net-3.9.0.jar:/home/runner/.m2/repository/com/sun/jersey/jersey-servlet/1.19/jersey-servlet-1.19.jar:/home/runner/.m2/repository/com/github/pjfanning/jersey-json/1.20/jersey-json-1.20.jar:/home/runner/.m2/repository/org/codehaus/jettison/jettison/1.1/jettison-1.1.jar:/home/runner/.m2/repository/com/sun/xml/bind/jaxb-impl/2.2.3-1/jaxb-impl-2.2.3-1.jar:/home/runner/.m2/repository/com/google/re2j/re2j/1.1/re2j-1.1.jar:/home/runner/.m2/repository/com/jcraft/jsch/0.1.54/jsch-0.1.54.jar:/home/runner/.m2/repository/org/apache/curator/curator-client/4.2.0/curator-client-4.2.0.jar:/home/runner/.m2/repository/org/apache/curator/curator-recipes/4.2.0/curator-recipes-4.2.0.jar:/home/runner/.m2/repository/org/apache/kerby/kerb-core/1.0.1/kerb-core-1.0.1.jar:/home/runner/.m2/repository/org/apache/kerby/kerby-pkix/1.0.1/kerby-pkix-1.0.1.jar:/home/runner/.m2/repository/org/apache/kerby/kerby-asn1/1.0.1/kerby-asn1-1.0.1.jar:/home/runner/.m2/repository/org/apache/kerby/kerby-util/1.0.1/kerby-util-1.0.1.jar:/home/runner/.m2/repository/dnsjava/dnsjava/2.1.7/dnsjava-2.1.7.jar:/home/runner/.m2/repository/org/xerial/snappy/snappy-java/1.1.8.2/snappy-java-1.1.8.2.jar:/home/runner/.m2/repository/com/fasterxml/jackson/core/jackson-databind/2.13.4.2/jackson-databind-2.13.4.2.jar:/home/runner/.m2/repository/org/apache/hadoop/hadoop-kms/3.3.5/hadoop-kms-3.3.5-tests.jar:/home/runner/.m2/repository/org/apache/ozone/hdds-server-scm/1.4.0-SNAPSHOT/hdds-server-scm-1.4.0-SNAPSHOT-tests.jar:/home/runner/.m2/repository/org/apache/ozone/hdds-container-service/1.4.0-SNAPSHOT/hdds-container-service-1.4.0-SNAPSHOT-tests.jar:/home/runner/.m2/repository/com/github/luben/zstd-jni/1.5.2-5/zstd-jni-1.5.2-5.jar:/home/runner/.m2/repository/commons-codec/commons-codec/1.15/commons-codec-1.15.jar:/home/runner/.m2/repository/io/netty/netty-codec/4.1.86.Final/netty-codec-4.1.86.Final.jar:/home/runner/.m2/repository/io/netty/netty-handler/4.1.86.Final/netty-handler-4.1.86.Final.jar:/home/runner/.m2/repository/org/apache/ozone/hdds-hadoop-dependency-test/1.4.0-SNAPSHOT/hdds-hadoop-dependency-test-1.4.0-SNAPSHOT.jar:/home/runner/.m2/repository/org/apache/hadoop/hadoop-common/3.3.5/hadoop-common-3.3.5-tests.jar:/home/runner/.m2/repository/org/apache/hadoop/hadoop-hdfs/3.3.5/hadoop-hdfs-3.3.5-tests.jar:/home/runner/.m2/repository/org/assertj/assertj-core/3.12.2/assertj-core-3.12.2.jar:/home/runner/.m2/repository/org/apache/hadoop/hadoop-distcp/3.3.5/hadoop-distcp-3.3.5.jar:/home/runner/.m2/repository/org/apache/hadoop/hadoop-mapreduce-client-jobclient/3.3.5/hadoop-mapreduce-client-jobclient-3.3.5.jar:/home/runner/.m2/repository/org/apache/hadoop/hadoop-mapreduce-client-common/3.3.5/hadoop-mapreduce-client-common-3.3.5.jar:/home/runner/.m2/repository/org/apache/hadoop/hadoop-yarn-common/3.3.5/hadoop-yarn-common-3.3.5.jar:/home/runner/.m2/repository/org/apache/hadoop/hadoop-yarn-api/3.3.5/hadoop-yarn-api-3.3.5.jar:/home/runner/.m2/repository/com/sun/jersey/contribs/jersey-guice/1.19/jersey-guice-1.19.jar:/home/runner/.m2/repository/com/fasterxml/jackson/jaxrs/jackson-jaxrs-json-provider/2.13.4/jackson-jaxrs-json-provider-2.13.4.jar:/home/runner/.m2/repository/com/fasterxml/jackson/jaxrs/jackson-jaxrs-base/2.13.4/jackson-jaxrs-base-2.13.4.jar:/home/runner/.m2/repository/org/apache/hadoop/hadoop-yarn-client/3.3.5/hadoop-yarn-client-3.3.5.jar:/home/runner/.m2/repository/org/eclipse/jetty/websocket/websocket-client/9.4.48.v20220622/websocket-client-9.4.48.v20220622.jar:/home/runner/.m2/repository/org/eclipse/jetty/websocket/websocket-common/9.4.48.v20220622/websocket-common-9.4.48.v20220622.jar:/home/runner/.m2/repository/org/eclipse/jetty/websocket/websocket-api/9.4.48.v20220622/websocket-api-9.4.48.v20220622.jar:/home/runner/.m2/repository/org/jline/jline/3.9.0/jline-3.9.0.jar:/home/runner/.m2/repository/org/apache/hadoop/hadoop-mapreduce-client-core/3.3.5/hadoop-mapreduce-client-core-3.3.5.jar:/home/runner/.m2/repository/org/apache/avro/avro/1.7.7/avro-1.7.7.jar:/home/runner/.m2/repository/com/thoughtworks/paranamer/paranamer/2.3/paranamer-2.3.jar:/home/runner/.m2/repository/org/apache/hadoop/hadoop-annotations/3.3.5/hadoop-annotations-3.3.5.jar:/usr/lib/jvm/temurin-8-jdk-amd64/jre/../lib/tools.jar:/home/runner/.m2/repository/io/netty/netty/3.10.6.Final/netty-3.10.6.Final.jar:/home/runner/.m2/repository/org/apache/hadoop/hadoop-distcp/3.3.5/hadoop-distcp-3.3.5-tests.jar:/home/runner/.m2/repository/org/slf4j/jul-to-slf4j/1.7.36/jul-to-slf4j-1.7.36.jar:"/>
    <property name="sun.cpu.endian" value="little"/>
    <property name="user.home" value="/home/runner"/>
    <property name="user.language" value="en"/>
    <property name="java.specification.vendor" value="Oracle Corporation"/>
    <property name="java.home" value="/usr/lib/jvm/temurin-8-jdk-amd64/jre"/>
    <property name="java.security.krb5.conf" value="/home/runner/work/ozone/ozone/hadoop-ozone/integration-test/target/test-dir/TestSecretKeySnapshot/1687384098472/krb5.conf"/>
    <property name="file.separator" value="/"/>
    <property name="basedir" value="/home/runner/work/ozone/ozone/hadoop-ozone/integration-test"/>
    <property name="line.separator" value="&#10;"/>
    <property name="java.vm.specification.vendor" value="Oracle Corporation"/>
    <property name="java.specification.name" value="Java Platform API Specification"/>
    <property name="skip.installnpx" value="true"/>
    <property name="java.awt.graphicsenv" value="sun.awt.X11GraphicsEnvironment"/>
    <property name="surefire.real.class.path" value="/home/runner/work/ozone/ozone/hadoop-ozone/integration-test/target/surefire/surefirebooter6518857906765843271.jar:/home/runner/.m2/repository/org/jacoco/org.jacoco.agent/0.8.5/org.jacoco.agent-0.8.5-runtime.jar"/>
    <property name="sun.boot.class.path" value="/usr/lib/jvm/temurin-8-jdk-amd64/jre/lib/resources.jar:/usr/lib/jvm/temurin-8-jdk-amd64/jre/lib/rt.jar:/usr/lib/jvm/temurin-8-jdk-amd64/jre/lib/sunrsasign.jar:/usr/lib/jvm/temurin-8-jdk-amd64/jre/lib/jsse.jar:/usr/lib/jvm/temurin-8-jdk-amd64/jre/lib/jce.jar:/usr/lib/jvm/temurin-8-jdk-amd64/jre/lib/charsets.jar:/usr/lib/jvm/temurin-8-jdk-amd64/jre/lib/jfr.jar:/usr/lib/jvm/temurin-8-jdk-amd64/jre/classes"/>
    <property name="hadoop.log.dir" value="/home/runner/work/ozone/ozone/hadoop-ozone/integration-test/target/log"/>
    <property name="sun.management.compiler" value="HotSpot 64-Bit Tiered Compilers"/>
    <property name="java.runtime.version" value="1.8.0_372-b07"/>
    <property name="skip.npx" value="true"/>
    <property name="user.name" value="runner"/>
    <property name="java.net.preferIPv4Stack" value="true"/>
    <property name="path.separator" value=":"/>
    <property name="java.security.egd" value="file:///dev/urandom"/>
    <property name="os.version" value="5.15.0-1039-azure"/>
    <property name="java.endorsed.dirs" value="/usr/lib/jvm/temurin-8-jdk-amd64/jre/lib/endorsed"/>
    <property name="java.runtime.name" value="OpenJDK Runtime Environment"/>
    <property name="file.encoding" value="UTF-8"/>
    <property name="java.vm.name" value="OpenJDK 64-Bit Server VM"/>
    <property name="test.build.webapps" value=""/>
    <property name="localRepository" value="/home/runner/.m2/repository"/>
    <property name="jetty.git.hash" value="b45c405e4544384de066f814ed42ae3dceacdd49"/>
    <property name="java.vendor.url.bug" value="https://github.com/adoptium/adoptium-support/issues"/>
    <property name="require.test.libhadoop" value=""/>
    <property name="java.io.tmpdir" value="/tmp"/>
    <property name="java.version" value="1.8.0_372"/>
    <property name="user.dir" value="/home/runner/work/ozone/ozone/hadoop-ozone/integration-test"/>
    <property name="os.arch" value="amd64"/>
    <property name="test.build.classes" value="/home/runner/work/ozone/ozone/hadoop-ozone/integration-test/target/test-classes"/>
    <property name="java.vm.specification.name" value="Java Virtual Machine Specification"/>
    <property name="java.awt.printerjob" value="sun.print.PSPrinterJob"/>
    <property name="sun.os.patch.level" value="unknown"/>
    <property name="org.apache.ratis.thirdparty.io.netty.allocator.useCacheForAllThreads" value="false"/>
    <property name="hadoop.tmp.dir" value="/home/runner/work/ozone/ozone/hadoop-ozone/integration-test/target/tmp"/>
    <property name="java.library.path" value="/usr/java/packages/lib/amd64:/usr/lib64:/lib64:/lib:/usr/lib"/>
    <property name="java.vendor" value="Temurin"/>
    <property name="java.vm.info" value="mixed mode"/>
    <property name="java.vm.version" value="25.372-b07"/>
    <property name="java.specification.maintenance.version" value="4"/>
    <property name="sun.io.unicode.encoding" value="UnicodeLittle"/>
    <property name="java.ext.dirs" value="/usr/lib/jvm/temurin-8-jdk-amd64/jre/lib/ext:/usr/java/packages/lib/ext"/>
    <property name="java.class.version" value="52.0"/>
  </properties>
  <testcase name="testInstallSnapshot" classname="org.apache.hadoop.ozone.scm.TestSecretKeySnapshot" time="86.842">
    <failure type="org.opentest4j.AssertionFailedError"><![CDATA[org.opentest4j.AssertionFailedError: expected: <[SecretKey(id = f81cb22c-dbdc-432a-a3ff-c04ef2a90eff, creation at: 2023-06-21T21:49:35.677Z, expire at: 2023-06-21T21:50:36.677Z), SecretKey(id = 5b27779a-2fdb-4e1e-86c7-93e4a4e5632c, creation at: 2023-06-21T21:49:05.677Z, expire at: 2023-06-21T21:50:06.677Z), SecretKey(id = 549f050c-1bf3-451b-8f20-a15d7a7e75fa, creation at: 2023-06-21T21:48:35.500Z, expire at: 2023-06-21T21:49:36.500Z)]> but was: <[SecretKey(id = 5b27779a-2fdb-4e1e-86c7-93e4a4e5632c, creation at: 2023-06-21T21:49:05.677Z, expire at: 2023-06-21T21:50:06.677Z), SecretKey(id = 549f050c-1bf3-451b-8f20-a15d7a7e75fa, creation at: 2023-06-21T21:48:35.500Z, expire at: 2023-06-21T21:49:36.500Z)]>
	at org.junit.jupiter.api.AssertionUtils.fail(AssertionUtils.java:55)
	at org.junit.jupiter.api.AssertionUtils.failNotEqual(AssertionUtils.java:62)
	at org.junit.jupiter.api.AssertEquals.assertEquals(AssertEquals.java:182)
	at org.junit.jupiter.api.AssertEquals.assertEquals(AssertEquals.java:177)
	at org.junit.jupiter.api.Assertions.assertEquals(Assertions.java:1141)
	at org.apache.hadoop.ozone.scm.TestSecretKeySnapshot.testInstallSnapshot(TestSecretKeySnapshot.java:265)
	at sun.reflect.NativeMethodAccessorImpl.invoke0(Native Method)
	at sun.reflect.NativeMethodAccessorImpl.invoke(NativeMethodAccessorImpl.java:62)
	at sun.reflect.DelegatingMethodAccessorImpl.invoke(DelegatingMethodAccessorImpl.java:43)
	at java.lang.reflect.Method.invoke(Method.java:498)
	at org.junit.platform.commons.util.ReflectionUtils.invokeMethod(ReflectionUtils.java:725)
	at org.junit.jupiter.engine.execution.MethodInvocation.proceed(MethodInvocation.java:60)
	at org.junit.jupiter.engine.execution.InvocationInterceptorChain$ValidatingInvocation.proceed(InvocationInterceptorChain.java:131)
	at org.junit.jupiter.engine.extension.TimeoutInvocation.proceed(TimeoutInvocation.java:46)
	at org.junit.jupiter.engine.extension.TimeoutExtension.intercept(TimeoutExtension.java:149)
	at org.junit.jupiter.engine.extension.TimeoutExtension.interceptTestableMethod(TimeoutExtension.java:140)
	at org.junit.jupiter.engine.extension.TimeoutExtension.interceptTestMethod(TimeoutExtension.java:84)
	at org.junit.jupiter.engine.execution.ExecutableInvoker$ReflectiveInterceptorCall.lambda$ofVoidMethod$0(ExecutableInvoker.java:115)
	at org.junit.jupiter.engine.execution.ExecutableInvoker.lambda$invoke$0(ExecutableInvoker.java:105)
	at org.junit.jupiter.engine.execution.InvocationInterceptorChain$InterceptedInvocation.proceed(InvocationInterceptorChain.java:106)
	at org.junit.jupiter.engine.execution.InvocationInterceptorChain.proceed(InvocationInterceptorChain.java:64)
	at org.junit.jupiter.engine.execution.InvocationInterceptorChain.chainAndInvoke(InvocationInterceptorChain.java:45)
	at org.junit.jupiter.engine.execution.InvocationInterceptorChain.invoke(InvocationInterceptorChain.java:37)
	at org.junit.jupiter.engine.execution.ExecutableInvoker.invoke(ExecutableInvoker.java:104)
	at org.junit.jupiter.engine.execution.ExecutableInvoker.invoke(ExecutableInvoker.java:98)
	at org.junit.jupiter.engine.descriptor.TestMethodTestDescriptor.lambda$invokeTestMethod$7(TestMethodTestDescriptor.java:214)
	at org.junit.platform.engine.support.hierarchical.ThrowableCollector.execute(ThrowableCollector.java:73)
	at org.junit.jupiter.engine.descriptor.TestMethodTestDescriptor.invokeTestMethod(TestMethodTestDescriptor.java:210)
	at org.junit.jupiter.engine.descriptor.TestMethodTestDescriptor.execute(TestMethodTestDescriptor.java:135)
	at org.junit.jupiter.engine.descriptor.TestMethodTestDescriptor.execute(TestMethodTestDescriptor.java:66)
	at org.junit.platform.engine.support.hierarchical.NodeTestTask.lambda$executeRecursively$6(NodeTestTask.java:151)
	at org.junit.platform.engine.support.hierarchical.ThrowableCollector.execute(ThrowableCollector.java:73)
	at org.junit.platform.engine.support.hierarchical.NodeTestTask.lambda$executeRecursively$8(NodeTestTask.java:141)
	at org.junit.platform.engine.support.hierarchical.Node.around(Node.java:137)
	at org.junit.platform.engine.support.hierarchical.NodeTestTask.lambda$executeRecursively$9(NodeTestTask.java:139)
	at org.junit.platform.engine.support.hierarchical.ThrowableCollector.execute(ThrowableCollector.java:73)
	at org.junit.platform.engine.support.hierarchical.NodeTestTask.executeRecursively(NodeTestTask.java:138)
	at org.junit.platform.engine.support.hierarchical.NodeTestTask.execute(NodeTestTask.java:95)
	at java.util.ArrayList.forEach(ArrayList.java:1259)
	at org.junit.platform.engine.support.hierarchical.SameThreadHierarchicalTestExecutorService.invokeAll(SameThreadHierarchicalTestExecutorService.java:41)
	at org.junit.platform.engine.support.hierarchical.NodeTestTask.lambda$executeRecursively$6(NodeTestTask.java:155)
	at org.junit.platform.engine.support.hierarchical.ThrowableCollector.execute(ThrowableCollector.java:73)
	at org.junit.platform.engine.support.hierarchical.NodeTestTask.lambda$executeRecursively$8(NodeTestTask.java:141)
	at org.junit.platform.engine.support.hierarchical.Node.around(Node.java:137)
	at org.junit.platform.engine.support.hierarchical.NodeTestTask.lambda$executeRecursively$9(NodeTestTask.java:139)
	at org.junit.platform.engine.support.hierarchical.ThrowableCollector.execute(ThrowableCollector.java:73)
	at org.junit.platform.engine.support.hierarchical.NodeTestTask.executeRecursively(NodeTestTask.java:138)
	at org.junit.platform.engine.support.hierarchical.NodeTestTask.execute(NodeTestTask.java:95)
	at java.util.ArrayList.forEach(ArrayList.java:1259)
	at org.junit.platform.engine.support.hierarchical.SameThreadHierarchicalTestExecutorService.invokeAll(SameThreadHierarchicalTestExecutorService.java:41)
	at org.junit.platform.engine.support.hierarchical.NodeTestTask.lambda$executeRecursively$6(NodeTestTask.java:155)
	at org.junit.platform.engine.support.hierarchical.ThrowableCollector.execute(ThrowableCollector.java:73)
	at org.junit.platform.engine.support.hierarchical.NodeTestTask.lambda$executeRecursively$8(NodeTestTask.java:141)
	at org.junit.platform.engine.support.hierarchical.Node.around(Node.java:137)
	at org.junit.platform.engine.support.hierarchical.NodeTestTask.lambda$executeRecursively$9(NodeTestTask.java:139)
	at org.junit.platform.engine.support.hierarchical.ThrowableCollector.execute(ThrowableCollector.java:73)
	at org.junit.platform.engine.support.hierarchical.NodeTestTask.executeRecursively(NodeTestTask.java:138)
	at org.junit.platform.engine.support.hierarchical.NodeTestTask.execute(NodeTestTask.java:95)
	at org.junit.platform.engine.support.hierarchical.SameThreadHierarchicalTestExecutorService.submit(SameThreadHierarchicalTestExecutorService.java:35)
	at org.junit.platform.engine.support.hierarchical.HierarchicalTestExecutor.execute(HierarchicalTestExecutor.java:57)
	at org.junit.platform.engine.support.hierarchical.HierarchicalTestEngine.execute(HierarchicalTestEngine.java:54)
	at org.junit.platform.launcher.core.EngineExecutionOrchestrator.execute(EngineExecutionOrchestrator.java:107)
	at org.junit.platform.launcher.core.EngineExecutionOrchestrator.execute(EngineExecutionOrchestrator.java:88)
	at org.junit.platform.launcher.core.EngineExecutionOrchestrator.lambda$execute$0(EngineExecutionOrchestrator.java:54)
	at org.junit.platform.launcher.core.EngineExecutionOrchestrator.withInterceptedStreams(EngineExecutionOrchestrator.java:67)
	at org.junit.platform.launcher.core.EngineExecutionOrchestrator.execute(EngineExecutionOrchestrator.java:52)
	at org.junit.platform.launcher.core.DefaultLauncher.execute(DefaultLauncher.java:114)
	at org.junit.platform.launcher.core.DefaultLauncher.execute(DefaultLauncher.java:86)
	at org.junit.platform.launcher.core.DefaultLauncherSession$DelegatingLauncher.execute(DefaultLauncherSession.java:86)
	at org.junit.platform.launcher.core.SessionPerRequestLauncher.execute(SessionPerRequestLauncher.java:53)
	at org.apache.maven.surefire.junitplatform.JUnitPlatformProvider.execute(JUnitPlatformProvider.java:188)
	at org.apache.maven.surefire.junitplatform.JUnitPlatformProvider.invokeAllTests(JUnitPlatformProvider.java:154)
	at org.apache.maven.surefire.junitplatform.JUnitPlatformProvider.invoke(JUnitPlatformProvider.java:124)
	at org.apache.maven.surefire.booter.ForkedBooter.runSuitesInProcess(ForkedBooter.java:428)
	at org.apache.maven.surefire.booter.ForkedBooter.execute(ForkedBooter.java:162)
	at org.apache.maven.surefire.booter.ForkedBooter.run(ForkedBooter.java:562)
	at org.apache.maven.surefire.booter.ForkedBooter.main(ForkedBooter.java:548)
]]></failure>
    <system-out><![CDATA[2023-06-21 21:48:18,472 [main] INFO  minikdc.MiniKdc (MiniKdc.java:<init>(225)) - Configuration:
2023-06-21 21:48:18,474 [main] INFO  minikdc.MiniKdc (MiniKdc.java:<init>(226)) - ---------------------------------------------------------------
2023-06-21 21:48:18,475 [main] INFO  minikdc.MiniKdc (MiniKdc.java:<init>(228)) -   debug: false
2023-06-21 21:48:18,475 [main] INFO  minikdc.MiniKdc (MiniKdc.java:<init>(228)) -   transport: TCP
2023-06-21 21:48:18,475 [main] INFO  minikdc.MiniKdc (MiniKdc.java:<init>(228)) -   max.ticket.lifetime: 86400000
2023-06-21 21:48:18,475 [main] INFO  minikdc.MiniKdc (MiniKdc.java:<init>(228)) -   org.name: EXAMPLE
2023-06-21 21:48:18,475 [main] INFO  minikdc.MiniKdc (MiniKdc.java:<init>(228)) -   kdc.port: 0
2023-06-21 21:48:18,476 [main] INFO  minikdc.MiniKdc (MiniKdc.java:<init>(228)) -   org.domain: COM
2023-06-21 21:48:18,476 [main] INFO  minikdc.MiniKdc (MiniKdc.java:<init>(228)) -   max.renewable.lifetime: 604800000
2023-06-21 21:48:18,476 [main] INFO  minikdc.MiniKdc (MiniKdc.java:<init>(228)) -   instance: DefaultKrbServer
2023-06-21 21:48:18,476 [main] INFO  minikdc.MiniKdc (MiniKdc.java:<init>(228)) -   kdc.bind.address: localhost
2023-06-21 21:48:18,476 [main] INFO  minikdc.MiniKdc (MiniKdc.java:<init>(230)) - ---------------------------------------------------------------
2023-06-21 21:48:18,593 [main] INFO  minikdc.MiniKdc (MiniKdc.java:start(285)) - MiniKdc started.
2023-06-21 21:48:18,877 [main] WARN  server.ServerUtils (ServerUtils.java:getScmDbDir(155)) - ozone.scm.db.dirs is not configured. We recommend adding this setting. Falling back to ozone.metadata.dirs instead.
2023-06-21 21:48:19,178 [main] INFO  reflections.Reflections (Reflections.java:scan(232)) - Reflections took 246 ms to scan 7 urls, producing 159 keys and 372 values 
2023-06-21 21:48:19,267 [main] INFO  ha.SCMHANodeDetails (SCMHANodeDetails.java:loadSCMHAConfig(210)) - ServiceID for StorageContainerManager is SCMServiceId
2023-06-21 21:48:19,274 [main] INFO  ha.SCMHANodeDetails (SCMHANodeDetails.java:loadSCMHAConfig(221)) - ServiceID for StorageContainerManager is SCMServiceId
2023-06-21 21:48:19,303 [main] WARN  scm.ScmUtils (ScmUtils.java:logWarn(190)) - ConfigKey ozone.scm.block.client.address is deprecated, For configuring different ports for each SCM use PortConfigKey ozone.scm.block.client.port appended with serviceId and nodeId. If want to configure same port configure ozone.scm.block.client.port
2023-06-21 21:48:19,304 [main] WARN  scm.ScmUtils (ScmUtils.java:logWarn(190)) - ConfigKey ozone.scm.client.address is deprecated, For configuring different ports for each SCM use PortConfigKey ozone.scm.client.port appended with serviceId and nodeId. If want to configure same port configure ozone.scm.client.port
2023-06-21 21:48:19,304 [main] WARN  scm.ScmUtils (ScmUtils.java:logWarn(190)) - ConfigKey ozone.scm.datanode.address is deprecated, For configuring different ports for each SCM use PortConfigKey ozone.scm.datanode.port appended with serviceId and nodeId. If want to configure same port configure ozone.scm.datanode.port
2023-06-21 21:48:19,306 [main] WARN  scm.ScmUtils (ScmUtils.java:logWarn(190)) - ConfigKey ozone.scm.block.client.address is deprecated, For configuring different ports for each SCM use PortConfigKey ozone.scm.block.client.port appended with serviceId and nodeId. If want to configure same port configure ozone.scm.block.client.port
2023-06-21 21:48:19,307 [main] WARN  scm.ScmUtils (ScmUtils.java:logWarn(190)) - ConfigKey ozone.scm.client.address is deprecated, For configuring different ports for each SCM use PortConfigKey ozone.scm.client.port appended with serviceId and nodeId. If want to configure same port configure ozone.scm.client.port
2023-06-21 21:48:19,308 [main] WARN  scm.ScmUtils (ScmUtils.java:logWarn(190)) - ConfigKey ozone.scm.datanode.address is deprecated, For configuring different ports for each SCM use PortConfigKey ozone.scm.datanode.port appended with serviceId and nodeId. If want to configure same port configure ozone.scm.datanode.port
2023-06-21 21:48:19,310 [main] INFO  ha.SCMHANodeDetails (SCMHANodeDetails.java:loadSCMHAConfig(308)) - Found matching SCM address with SCMServiceId: SCMServiceId, SCMNodeId: scmNode-1, RPC Address: localhost:15003 and Ratis port: 15003
2023-06-21 21:48:19,310 [main] INFO  ha.SCMHANodeDetails (ConfUtils.java:setNodeSpecificConfigs(97)) - Setting configuration key ozone.scm.datanode.address with value of key ozone.scm.datanode.address.SCMServiceId.scmNode-1: 127.0.0.1:15004
2023-06-21 21:48:19,311 [main] INFO  ha.SCMHANodeDetails (ConfUtils.java:setNodeSpecificConfigs(97)) - Setting configuration key ozone.scm.block.client.address with value of key ozone.scm.block.client.address.SCMServiceId.scmNode-1: 127.0.0.1:15007
2023-06-21 21:48:19,311 [main] INFO  ha.SCMHANodeDetails (ConfUtils.java:setNodeSpecificConfigs(97)) - Setting configuration key ozone.scm.client.address with value of key ozone.scm.client.address.SCMServiceId.scmNode-1: 127.0.0.1:15005
2023-06-21 21:48:19,312 [main] INFO  ha.SCMHANodeDetails (ConfUtils.java:setNodeSpecificConfigs(97)) - Setting configuration key ozone.scm.security.service.address with value of key ozone.scm.security.service.address.SCMServiceId.scmNode-1: 127.0.0.1:15002
2023-06-21 21:48:19,312 [main] INFO  ha.SCMHANodeDetails (ConfUtils.java:setNodeSpecificConfigs(97)) - Setting configuration key ozone.scm.ratis.port with value of key ozone.scm.ratis.port.SCMServiceId.scmNode-1: 15003
2023-06-21 21:48:19,313 [main] INFO  ha.SCMHANodeDetails (ConfUtils.java:setNodeSpecificConfigs(97)) - Setting configuration key ozone.scm.grpc.port with value of key ozone.scm.grpc.port.SCMServiceId.scmNode-1: 15006
2023-06-21 21:48:19,313 [main] INFO  ha.SCMHANodeDetails (ConfUtils.java:setNodeSpecificConfigs(97)) - Setting configuration key ozone.scm.http-address with value of key ozone.scm.http-address.SCMServiceId.scmNode-1: 127.0.0.1:15000
2023-06-21 21:48:19,313 [main] INFO  ha.SCMHANodeDetails (ConfUtils.java:setNodeSpecificConfigs(97)) - Setting configuration key ozone.scm.https-address with value of key ozone.scm.https-address.SCMServiceId.scmNode-1: 127.0.0.1:15001
2023-06-21 21:48:19,314 [main] INFO  ha.SCMHANodeDetails (ConfUtils.java:setNodeSpecificConfigs(97)) - Setting configuration key ozone.scm.address with value of key ozone.scm.address.SCMServiceId.scmNode-1: 127.0.0.1
2023-06-21 21:48:19,314 [main] WARN  scm.ScmUtils (ScmUtils.java:logWarn(190)) - ConfigKey ozone.scm.block.client.address is deprecated, For configuring different ports for each SCM use PortConfigKey ozone.scm.block.client.port appended with serviceId and nodeId. If want to configure same port configure ozone.scm.block.client.port
2023-06-21 21:48:19,314 [main] WARN  scm.ScmUtils (ScmUtils.java:logWarn(190)) - ConfigKey ozone.scm.client.address is deprecated, For configuring different ports for each SCM use PortConfigKey ozone.scm.client.port appended with serviceId and nodeId. If want to configure same port configure ozone.scm.client.port
2023-06-21 21:48:19,315 [main] WARN  scm.ScmUtils (ScmUtils.java:logWarn(190)) - ConfigKey ozone.scm.datanode.address is deprecated, For configuring different ports for each SCM use PortConfigKey ozone.scm.datanode.port appended with serviceId and nodeId. If want to configure same port configure ozone.scm.datanode.port
2023-06-21 21:48:19,319 [main] INFO  ha.SCMNodeInfo (SCMNodeInfo.java:getPort(197)) - ConfigKey ozone.scm.client.address is deprecated, For configuring different ports for each SCM use PortConfigKey ozone.scm.client.port appended with serviceId and nodeId
2023-06-21 21:48:19,319 [main] INFO  ha.SCMNodeInfo (SCMNodeInfo.java:getPort(197)) - ConfigKey ozone.scm.block.client.address is deprecated, For configuring different ports for each SCM use PortConfigKey ozone.scm.block.client.port appended with serviceId and nodeId
2023-06-21 21:48:19,319 [main] INFO  ha.SCMNodeInfo (SCMNodeInfo.java:getPort(197)) - ConfigKey ozone.scm.security.service.address is deprecated, For configuring different ports for each SCM use PortConfigKey ozone.scm.security.service.port appended with serviceId and nodeId
2023-06-21 21:48:19,320 [main] INFO  ha.SCMNodeInfo (SCMNodeInfo.java:getPort(197)) - ConfigKey ozone.scm.datanode.address is deprecated, For configuring different ports for each SCM use PortConfigKey ozone.scm.datanode.port appended with serviceId and nodeId
2023-06-21 21:48:19,320 [main] INFO  ha.SCMNodeInfo (SCMNodeInfo.java:getPort(197)) - ConfigKey ozone.scm.client.address is deprecated, For configuring different ports for each SCM use PortConfigKey ozone.scm.client.port appended with serviceId and nodeId
2023-06-21 21:48:19,320 [main] INFO  ha.SCMNodeInfo (SCMNodeInfo.java:getPort(197)) - ConfigKey ozone.scm.block.client.address is deprecated, For configuring different ports for each SCM use PortConfigKey ozone.scm.block.client.port appended with serviceId and nodeId
2023-06-21 21:48:19,320 [main] INFO  ha.SCMNodeInfo (SCMNodeInfo.java:getPort(197)) - ConfigKey ozone.scm.security.service.address is deprecated, For configuring different ports for each SCM use PortConfigKey ozone.scm.security.service.port appended with serviceId and nodeId
2023-06-21 21:48:19,325 [main] INFO  ha.SCMNodeInfo (SCMNodeInfo.java:getPort(197)) - ConfigKey ozone.scm.datanode.address is deprecated, For configuring different ports for each SCM use PortConfigKey ozone.scm.datanode.port appended with serviceId and nodeId
2023-06-21 21:48:19,325 [main] INFO  ha.SCMNodeInfo (SCMNodeInfo.java:getPort(197)) - ConfigKey ozone.scm.client.address is deprecated, For configuring different ports for each SCM use PortConfigKey ozone.scm.client.port appended with serviceId and nodeId
2023-06-21 21:48:19,325 [main] INFO  ha.SCMNodeInfo (SCMNodeInfo.java:getPort(197)) - ConfigKey ozone.scm.block.client.address is deprecated, For configuring different ports for each SCM use PortConfigKey ozone.scm.block.client.port appended with serviceId and nodeId
2023-06-21 21:48:19,326 [main] INFO  ha.SCMNodeInfo (SCMNodeInfo.java:getPort(197)) - ConfigKey ozone.scm.security.service.address is deprecated, For configuring different ports for each SCM use PortConfigKey ozone.scm.security.service.port appended with serviceId and nodeId
2023-06-21 21:48:19,326 [main] INFO  ha.SCMNodeInfo (SCMNodeInfo.java:getPort(197)) - ConfigKey ozone.scm.datanode.address is deprecated, For configuring different ports for each SCM use PortConfigKey ozone.scm.datanode.port appended with serviceId and nodeId
2023-06-21 21:48:19,329 [main] INFO  ha.HASecurityUtils (HASecurityUtils.java:initializeSecurity(93)) - Initializing secure StorageContainerManager.
2023-06-21 21:48:19,751 [main] WARN  client.SCMCertificateClient (DefaultCertificateClient.java:loadAllCertificates(161)) - Certificates could not be loaded.
java.nio.file.NoSuchFileException: /home/runner/work/ozone/ozone/hadoop-ozone/integration-test/target/test-dir/MiniOzoneClusterImpl-ed2e7ec8-c199-49a5-9fff-29e1d18647c8/scmNode-1/scm/sub-ca/certs
	at sun.nio.fs.UnixException.translateToIOException(UnixException.java:86)
	at sun.nio.fs.UnixException.rethrowAsIOException(UnixException.java:102)
	at sun.nio.fs.UnixException.rethrowAsIOException(UnixException.java:107)
	at sun.nio.fs.UnixFileSystemProvider.newDirectoryStream(UnixFileSystemProvider.java:427)
	at java.nio.file.Files.newDirectoryStream(Files.java:457)
	at java.nio.file.Files.list(Files.java:3451)
	at org.apache.hadoop.hdds.security.x509.certificate.client.DefaultCertificateClient.loadAllCertificates(DefaultCertificateClient.java:156)
	at org.apache.hadoop.hdds.security.x509.certificate.client.DefaultCertificateClient.updateCertSerialId(DefaultCertificateClient.java:1206)
	at org.apache.hadoop.hdds.security.x509.certificate.client.DefaultCertificateClient.<init>(DefaultCertificateClient.java:148)
	at org.apache.hadoop.hdds.security.x509.certificate.client.SCMCertificateClient.<init>(SCMCertificateClient.java:54)
	at org.apache.hadoop.hdds.scm.ha.HASecurityUtils.initializeSecurity(HASecurityUtils.java:97)
	at org.apache.hadoop.hdds.scm.server.StorageContainerManager.scmInit(StorageContainerManager.java:1274)
	at org.apache.hadoop.ozone.MiniOzoneHAClusterImpl$Builder.createSCMService(MiniOzoneHAClusterImpl.java:565)
	at org.apache.hadoop.ozone.MiniOzoneHAClusterImpl$Builder.build(MiniOzoneHAClusterImpl.java:403)
	at org.apache.hadoop.ozone.scm.TestSecretKeySnapshot.init(TestSecretKeySnapshot.java:137)
	at sun.reflect.NativeMethodAccessorImpl.invoke0(Native Method)
	at sun.reflect.NativeMethodAccessorImpl.invoke(NativeMethodAccessorImpl.java:62)
	at sun.reflect.DelegatingMethodAccessorImpl.invoke(DelegatingMethodAccessorImpl.java:43)
	at java.lang.reflect.Method.invoke(Method.java:498)
	at org.junit.platform.commons.util.ReflectionUtils.invokeMethod(ReflectionUtils.java:725)
	at org.junit.jupiter.engine.execution.MethodInvocation.proceed(MethodInvocation.java:60)
	at org.junit.jupiter.engine.execution.InvocationInterceptorChain$ValidatingInvocation.proceed(InvocationInterceptorChain.java:131)
	at org.junit.jupiter.engine.extension.TimeoutExtension.intercept(TimeoutExtension.java:149)
	at org.junit.jupiter.engine.extension.TimeoutExtension.interceptLifecycleMethod(TimeoutExtension.java:126)
	at org.junit.jupiter.engine.extension.TimeoutExtension.interceptBeforeEachMethod(TimeoutExtension.java:76)
	at org.junit.jupiter.engine.execution.ExecutableInvoker$ReflectiveInterceptorCall.lambda$ofVoidMethod$0(ExecutableInvoker.java:115)
	at org.junit.jupiter.engine.execution.ExecutableInvoker.lambda$invoke$0(ExecutableInvoker.java:105)
	at org.junit.jupiter.engine.execution.InvocationInterceptorChain$InterceptedInvocation.proceed(InvocationInterceptorChain.java:106)
	at org.junit.jupiter.engine.execution.InvocationInterceptorChain.proceed(InvocationInterceptorChain.java:64)
	at org.junit.jupiter.engine.execution.InvocationInterceptorChain.chainAndInvoke(InvocationInterceptorChain.java:45)
	at org.junit.jupiter.engine.execution.InvocationInterceptorChain.invoke(InvocationInterceptorChain.java:37)
	at org.junit.jupiter.engine.execution.ExecutableInvoker.invoke(ExecutableInvoker.java:104)
	at org.junit.jupiter.engine.execution.ExecutableInvoker.invoke(ExecutableInvoker.java:98)
	at org.junit.jupiter.engine.descriptor.ClassBasedTestDescriptor.invokeMethodInExtensionContext(ClassBasedTestDescriptor.java:506)
	at org.junit.jupiter.engine.descriptor.ClassBasedTestDescriptor.lambda$synthesizeBeforeEachMethodAdapter$21(ClassBasedTestDescriptor.java:491)
	at org.junit.jupiter.engine.descriptor.TestMethodTestDescriptor.lambda$invokeBeforeEachMethods$3(TestMethodTestDescriptor.java:171)
	at org.junit.jupiter.engine.descriptor.TestMethodTestDescriptor.lambda$invokeBeforeMethodsOrCallbacksUntilExceptionOccurs$6(TestMethodTestDescriptor.java:199)
	at org.junit.platform.engine.support.hierarchical.ThrowableCollector.execute(ThrowableCollector.java:73)
	at org.junit.jupiter.engine.descriptor.TestMethodTestDescriptor.invokeBeforeMethodsOrCallbacksUntilExceptionOccurs(TestMethodTestDescriptor.java:199)
	at org.junit.jupiter.engine.descriptor.TestMethodTestDescriptor.invokeBeforeEachMethods(TestMethodTestDescriptor.java:168)
	at org.junit.jupiter.engine.descriptor.TestMethodTestDescriptor.execute(TestMethodTestDescriptor.java:131)
	at org.junit.jupiter.engine.descriptor.TestMethodTestDescriptor.execute(TestMethodTestDescriptor.java:66)
	at org.junit.platform.engine.support.hierarchical.NodeTestTask.lambda$executeRecursively$6(NodeTestTask.java:151)
	at org.junit.platform.engine.support.hierarchical.ThrowableCollector.execute(ThrowableCollector.java:73)
	at org.junit.platform.engine.support.hierarchical.NodeTestTask.lambda$executeRecursively$8(NodeTestTask.java:141)
	at org.junit.platform.engine.support.hierarchical.Node.around(Node.java:137)
	at org.junit.platform.engine.support.hierarchical.NodeTestTask.lambda$executeRecursively$9(NodeTestTask.java:139)
	at org.junit.platform.engine.support.hierarchical.ThrowableCollector.execute(ThrowableCollector.java:73)
	at org.junit.platform.engine.support.hierarchical.NodeTestTask.executeRecursively(NodeTestTask.java:138)
	at org.junit.platform.engine.support.hierarchical.NodeTestTask.execute(NodeTestTask.java:95)
	at java.util.ArrayList.forEach(ArrayList.java:1259)
	at org.junit.platform.engine.support.hierarchical.SameThreadHierarchicalTestExecutorService.invokeAll(SameThreadHierarchicalTestExecutorService.java:41)
	at org.junit.platform.engine.support.hierarchical.NodeTestTask.lambda$executeRecursively$6(NodeTestTask.java:155)
	at org.junit.platform.engine.support.hierarchical.ThrowableCollector.execute(ThrowableCollector.java:73)
	at org.junit.platform.engine.support.hierarchical.NodeTestTask.lambda$executeRecursively$8(NodeTestTask.java:141)
	at org.junit.platform.engine.support.hierarchical.Node.around(Node.java:137)
	at org.junit.platform.engine.support.hierarchical.NodeTestTask.lambda$executeRecursively$9(NodeTestTask.java:139)
	at org.junit.platform.engine.support.hierarchical.ThrowableCollector.execute(ThrowableCollector.java:73)
	at org.junit.platform.engine.support.hierarchical.NodeTestTask.executeRecursively(NodeTestTask.java:138)
	at org.junit.platform.engine.support.hierarchical.NodeTestTask.execute(NodeTestTask.java:95)
	at java.util.ArrayList.forEach(ArrayList.java:1259)
	at org.junit.platform.engine.support.hierarchical.SameThreadHierarchicalTestExecutorService.invokeAll(SameThreadHierarchicalTestExecutorService.java:41)
	at org.junit.platform.engine.support.hierarchical.NodeTestTask.lambda$executeRecursively$6(NodeTestTask.java:155)
	at org.junit.platform.engine.support.hierarchical.ThrowableCollector.execute(ThrowableCollector.java:73)
	at org.junit.platform.engine.support.hierarchical.NodeTestTask.lambda$executeRecursively$8(NodeTestTask.java:141)
	at org.junit.platform.engine.support.hierarchical.Node.around(Node.java:137)
	at org.junit.platform.engine.support.hierarchical.NodeTestTask.lambda$executeRecursively$9(NodeTestTask.java:139)
	at org.junit.platform.engine.support.hierarchical.ThrowableCollector.execute(ThrowableCollector.java:73)
	at org.junit.platform.engine.support.hierarchical.NodeTestTask.executeRecursively(NodeTestTask.java:138)
	at org.junit.platform.engine.support.hierarchical.NodeTestTask.execute(NodeTestTask.java:95)
	at org.junit.platform.engine.support.hierarchical.SameThreadHierarchicalTestExecutorService.submit(SameThreadHierarchicalTestExecutorService.java:35)
	at org.junit.platform.engine.support.hierarchical.HierarchicalTestExecutor.execute(HierarchicalTestExecutor.java:57)
	at org.junit.platform.engine.support.hierarchical.HierarchicalTestEngine.execute(HierarchicalTestEngine.java:54)
	at org.junit.platform.launcher.core.EngineExecutionOrchestrator.execute(EngineExecutionOrchestrator.java:107)
	at org.junit.platform.launcher.core.EngineExecutionOrchestrator.execute(EngineExecutionOrchestrator.java:88)
	at org.junit.platform.launcher.core.EngineExecutionOrchestrator.lambda$execute$0(EngineExecutionOrchestrator.java:54)
	at org.junit.platform.launcher.core.EngineExecutionOrchestrator.withInterceptedStreams(EngineExecutionOrchestrator.java:67)
	at org.junit.platform.launcher.core.EngineExecutionOrchestrator.execute(EngineExecutionOrchestrator.java:52)
	at org.junit.platform.launcher.core.DefaultLauncher.execute(DefaultLauncher.java:114)
	at org.junit.platform.launcher.core.DefaultLauncher.execute(DefaultLauncher.java:86)
	at org.junit.platform.launcher.core.DefaultLauncherSession$DelegatingLauncher.execute(DefaultLauncherSession.java:86)
	at org.junit.platform.launcher.core.SessionPerRequestLauncher.execute(SessionPerRequestLauncher.java:53)
	at org.apache.maven.surefire.junitplatform.JUnitPlatformProvider.execute(JUnitPlatformProvider.java:188)
	at org.apache.maven.surefire.junitplatform.JUnitPlatformProvider.invokeAllTests(JUnitPlatformProvider.java:154)
	at org.apache.maven.surefire.junitplatform.JUnitPlatformProvider.invoke(JUnitPlatformProvider.java:124)
	at org.apache.maven.surefire.booter.ForkedBooter.runSuitesInProcess(ForkedBooter.java:428)
	at org.apache.maven.surefire.booter.ForkedBooter.execute(ForkedBooter.java:162)
	at org.apache.maven.surefire.booter.ForkedBooter.run(ForkedBooter.java:562)
	at org.apache.maven.surefire.booter.ForkedBooter.main(ForkedBooter.java:548)
2023-06-21 21:48:19,756 [main] WARN  client.SCMCertificateClient (DefaultCertificateClient.java:loadAllCertificates(161)) - Certificates could not be loaded.
java.nio.file.NoSuchFileException: /home/runner/work/ozone/ozone/hadoop-ozone/integration-test/target/test-dir/MiniOzoneClusterImpl-ed2e7ec8-c199-49a5-9fff-29e1d18647c8/scmNode-1/scm/sub-ca/certs
	at sun.nio.fs.UnixException.translateToIOException(UnixException.java:86)
	at sun.nio.fs.UnixException.rethrowAsIOException(UnixException.java:102)
	at sun.nio.fs.UnixException.rethrowAsIOException(UnixException.java:107)
	at sun.nio.fs.UnixFileSystemProvider.newDirectoryStream(UnixFileSystemProvider.java:427)
	at java.nio.file.Files.newDirectoryStream(Files.java:457)
	at java.nio.file.Files.list(Files.java:3451)
	at org.apache.hadoop.hdds.security.x509.certificate.client.DefaultCertificateClient.loadAllCertificates(DefaultCertificateClient.java:156)
	at org.apache.hadoop.hdds.security.x509.certificate.client.DefaultCertificateClient.getCertPath(DefaultCertificateClient.java:324)
	at org.apache.hadoop.hdds.security.x509.certificate.client.DefaultCertificateClient.getCertificate(DefaultCertificateClient.java:300)
	at org.apache.hadoop.hdds.security.x509.certificate.client.DefaultCertificateClient.init(DefaultCertificateClient.java:669)
	at org.apache.hadoop.hdds.scm.ha.HASecurityUtils.initializeSecurity(HASecurityUtils.java:98)
	at org.apache.hadoop.hdds.scm.server.StorageContainerManager.scmInit(StorageContainerManager.java:1274)
	at org.apache.hadoop.ozone.MiniOzoneHAClusterImpl$Builder.createSCMService(MiniOzoneHAClusterImpl.java:565)
	at org.apache.hadoop.ozone.MiniOzoneHAClusterImpl$Builder.build(MiniOzoneHAClusterImpl.java:403)
	at org.apache.hadoop.ozone.scm.TestSecretKeySnapshot.init(TestSecretKeySnapshot.java:137)
	at sun.reflect.NativeMethodAccessorImpl.invoke0(Native Method)
	at sun.reflect.NativeMethodAccessorImpl.invoke(NativeMethodAccessorImpl.java:62)
	at sun.reflect.DelegatingMethodAccessorImpl.invoke(DelegatingMethodAccessorImpl.java:43)
	at java.lang.reflect.Method.invoke(Method.java:498)
	at org.junit.platform.commons.util.ReflectionUtils.invokeMethod(ReflectionUtils.java:725)
	at org.junit.jupiter.engine.execution.MethodInvocation.proceed(MethodInvocation.java:60)
	at org.junit.jupiter.engine.execution.InvocationInterceptorChain$ValidatingInvocation.proceed(InvocationInterceptorChain.java:131)
	at org.junit.jupiter.engine.extension.TimeoutExtension.intercept(TimeoutExtension.java:149)
	at org.junit.jupiter.engine.extension.TimeoutExtension.interceptLifecycleMethod(TimeoutExtension.java:126)
	at org.junit.jupiter.engine.extension.TimeoutExtension.interceptBeforeEachMethod(TimeoutExtension.java:76)
	at org.junit.jupiter.engine.execution.ExecutableInvoker$ReflectiveInterceptorCall.lambda$ofVoidMethod$0(ExecutableInvoker.java:115)
	at org.junit.jupiter.engine.execution.ExecutableInvoker.lambda$invoke$0(ExecutableInvoker.java:105)
	at org.junit.jupiter.engine.execution.InvocationInterceptorChain$InterceptedInvocation.proceed(InvocationInterceptorChain.java:106)
	at org.junit.jupiter.engine.execution.InvocationInterceptorChain.proceed(InvocationInterceptorChain.java:64)
	at org.junit.jupiter.engine.execution.InvocationInterceptorChain.chainAndInvoke(InvocationInterceptorChain.java:45)
	at org.junit.jupiter.engine.execution.InvocationInterceptorChain.invoke(InvocationInterceptorChain.java:37)
	at org.junit.jupiter.engine.execution.ExecutableInvoker.invoke(ExecutableInvoker.java:104)
	at org.junit.jupiter.engine.execution.ExecutableInvoker.invoke(ExecutableInvoker.java:98)
	at org.junit.jupiter.engine.descriptor.ClassBasedTestDescriptor.invokeMethodInExtensionContext(ClassBasedTestDescriptor.java:506)
	at org.junit.jupiter.engine.descriptor.ClassBasedTestDescriptor.lambda$synthesizeBeforeEachMethodAdapter$21(ClassBasedTestDescriptor.java:491)
	at org.junit.jupiter.engine.descriptor.TestMethodTestDescriptor.lambda$invokeBeforeEachMethods$3(TestMethodTestDescriptor.java:171)
	at org.junit.jupiter.engine.descriptor.TestMethodTestDescriptor.lambda$invokeBeforeMethodsOrCallbacksUntilExceptionOccurs$6(TestMethodTestDescriptor.java:199)
	at org.junit.platform.engine.support.hierarchical.ThrowableCollector.execute(ThrowableCollector.java:73)
	at org.junit.jupiter.engine.descriptor.TestMethodTestDescriptor.invokeBeforeMethodsOrCallbacksUntilExceptionOccurs(TestMethodTestDescriptor.java:199)
	at org.junit.jupiter.engine.descriptor.TestMethodTestDescriptor.invokeBeforeEachMethods(TestMethodTestDescriptor.java:168)
	at org.junit.jupiter.engine.descriptor.TestMethodTestDescriptor.execute(TestMethodTestDescriptor.java:131)
	at org.junit.jupiter.engine.descriptor.TestMethodTestDescriptor.execute(TestMethodTestDescriptor.java:66)
	at org.junit.platform.engine.support.hierarchical.NodeTestTask.lambda$executeRecursively$6(NodeTestTask.java:151)
	at org.junit.platform.engine.support.hierarchical.ThrowableCollector.execute(ThrowableCollector.java:73)
	at org.junit.platform.engine.support.hierarchical.NodeTestTask.lambda$executeRecursively$8(NodeTestTask.java:141)
	at org.junit.platform.engine.support.hierarchical.Node.around(Node.java:137)
	at org.junit.platform.engine.support.hierarchical.NodeTestTask.lambda$executeRecursively$9(NodeTestTask.java:139)
	at org.junit.platform.engine.support.hierarchical.ThrowableCollector.execute(ThrowableCollector.java:73)
	at org.junit.platform.engine.support.hierarchical.NodeTestTask.executeRecursively(NodeTestTask.java:138)
	at org.junit.platform.engine.support.hierarchical.NodeTestTask.execute(NodeTestTask.java:95)
	at java.util.ArrayList.forEach(ArrayList.java:1259)
	at org.junit.platform.engine.support.hierarchical.SameThreadHierarchicalTestExecutorService.invokeAll(SameThreadHierarchicalTestExecutorService.java:41)
	at org.junit.platform.engine.support.hierarchical.NodeTestTask.lambda$executeRecursively$6(NodeTestTask.java:155)
	at org.junit.platform.engine.support.hierarchical.ThrowableCollector.execute(ThrowableCollector.java:73)
	at org.junit.platform.engine.support.hierarchical.NodeTestTask.lambda$executeRecursively$8(NodeTestTask.java:141)
	at org.junit.platform.engine.support.hierarchical.Node.around(Node.java:137)
	at org.junit.platform.engine.support.hierarchical.NodeTestTask.lambda$executeRecursively$9(NodeTestTask.java:139)
	at org.junit.platform.engine.support.hierarchical.ThrowableCollector.execute(ThrowableCollector.java:73)
	at org.junit.platform.engine.support.hierarchical.NodeTestTask.executeRecursively(NodeTestTask.java:138)
	at org.junit.platform.engine.support.hierarchical.NodeTestTask.execute(NodeTestTask.java:95)
	at java.util.ArrayList.forEach(ArrayList.java:1259)
	at org.junit.platform.engine.support.hierarchical.SameThreadHierarchicalTestExecutorService.invokeAll(SameThreadHierarchicalTestExecutorService.java:41)
	at org.junit.platform.engine.support.hierarchical.NodeTestTask.lambda$executeRecursively$6(NodeTestTask.java:155)
	at org.junit.platform.engine.support.hierarchical.ThrowableCollector.execute(ThrowableCollector.java:73)
	at org.junit.platform.engine.support.hierarchical.NodeTestTask.lambda$executeRecursively$8(NodeTestTask.java:141)
	at org.junit.platform.engine.support.hierarchical.Node.around(Node.java:137)
	at org.junit.platform.engine.support.hierarchical.NodeTestTask.lambda$executeRecursively$9(NodeTestTask.java:139)
	at org.junit.platform.engine.support.hierarchical.ThrowableCollector.execute(ThrowableCollector.java:73)
	at org.junit.platform.engine.support.hierarchical.NodeTestTask.executeRecursively(NodeTestTask.java:138)
	at org.junit.platform.engine.support.hierarchical.NodeTestTask.execute(NodeTestTask.java:95)
	at org.junit.platform.engine.support.hierarchical.SameThreadHierarchicalTestExecutorService.submit(SameThreadHierarchicalTestExecutorService.java:35)
	at org.junit.platform.engine.support.hierarchical.HierarchicalTestExecutor.execute(HierarchicalTestExecutor.java:57)
	at org.junit.platform.engine.support.hierarchical.HierarchicalTestEngine.execute(HierarchicalTestEngine.java:54)
	at org.junit.platform.launcher.core.EngineExecutionOrchestrator.execute(EngineExecutionOrchestrator.java:107)
	at org.junit.platform.launcher.core.EngineExecutionOrchestrator.execute(EngineExecutionOrchestrator.java:88)
	at org.junit.platform.launcher.core.EngineExecutionOrchestrator.lambda$execute$0(EngineExecutionOrchestrator.java:54)
	at org.junit.platform.launcher.core.EngineExecutionOrchestrator.withInterceptedStreams(EngineExecutionOrchestrator.java:67)
	at org.junit.platform.launcher.core.EngineExecutionOrchestrator.execute(EngineExecutionOrchestrator.java:52)
	at org.junit.platform.launcher.core.DefaultLauncher.execute(DefaultLauncher.java:114)
	at org.junit.platform.launcher.core.DefaultLauncher.execute(DefaultLauncher.java:86)
	at org.junit.platform.launcher.core.DefaultLauncherSession$DelegatingLauncher.execute(DefaultLauncherSession.java:86)
	at org.junit.platform.launcher.core.SessionPerRequestLauncher.execute(SessionPerRequestLauncher.java:53)
	at org.apache.maven.surefire.junitplatform.JUnitPlatformProvider.execute(JUnitPlatformProvider.java:188)
	at org.apache.maven.surefire.junitplatform.JUnitPlatformProvider.invokeAllTests(JUnitPlatformProvider.java:154)
	at org.apache.maven.surefire.junitplatform.JUnitPlatformProvider.invoke(JUnitPlatformProvider.java:124)
	at org.apache.maven.surefire.booter.ForkedBooter.runSuitesInProcess(ForkedBooter.java:428)
	at org.apache.maven.surefire.booter.ForkedBooter.execute(ForkedBooter.java:162)
	at org.apache.maven.surefire.booter.ForkedBooter.run(ForkedBooter.java:562)
	at org.apache.maven.surefire.booter.ForkedBooter.main(ForkedBooter.java:548)
2023-06-21 21:48:19,758 [main] INFO  client.SCMCertificateClient (DefaultCertificateClient.java:init(692)) - Certificate client init case: 0
2023-06-21 21:48:19,759 [main] INFO  client.SCMCertificateClient (SCMCertificateClient.java:handleCase(68)) - Creating keypair for client as keypair and certificate not found.
2023-06-21 21:48:20,408 [main] INFO  ha.HASecurityUtils (HASecurityUtils.java:initializeSecurity(99)) - Init response: GETCERT
2023-06-21 21:48:21,213 [main] INFO  ozone.OzoneSecurityUtil (OzoneSecurityUtil.java:getValidInetsForCurrentHost(119)) - ip:fe80:0:0:0:6245:bdff:feb0:498c%eth0 not returned.
2023-06-21 21:48:21,213 [main] INFO  ozone.OzoneSecurityUtil (OzoneSecurityUtil.java:getValidInetsForCurrentHost(116)) - Adding ip:10.1.0.15,host:fv-az1254-726.qtnbswlwlufehe3u4emko3izng.cx.internal.cloudapp.net
2023-06-21 21:48:21,213 [main] INFO  ozone.OzoneSecurityUtil (OzoneSecurityUtil.java:getValidInetsForCurrentHost(119)) - ip:0:0:0:0:0:0:0:1%lo not returned.
2023-06-21 21:48:21,214 [main] INFO  ozone.OzoneSecurityUtil (OzoneSecurityUtil.java:getValidInetsForCurrentHost(119)) - ip:127.0.0.1 not returned.
2023-06-21 21:48:21,266 [main] INFO  utils.SelfSignedCertificate (SelfSignedCertificate.java:generateCertificate(158)) - Certificate 1 is issued by CN=scm@fv-az1254-726,OU=6554ba57-669d-4c9f-91d9-11f4838b8a27,O=ed2e7ec8-c199-49a5-9fff-29e1d18647c8 to CN=scm@fv-az1254-726,OU=6554ba57-669d-4c9f-91d9-11f4838b8a27,O=ed2e7ec8-c199-49a5-9fff-29e1d18647c8, valid from Wed Jun 21 21:48:21 UTC 2023 to Sat Jul 29 21:48:21 UTC 2028
2023-06-21 21:48:21,297 [main] INFO  ozone.OzoneSecurityUtil (OzoneSecurityUtil.java:getValidInetsForCurrentHost(119)) - ip:fe80:0:0:0:6245:bdff:feb0:498c%eth0 not returned.
2023-06-21 21:48:21,297 [main] INFO  ozone.OzoneSecurityUtil (OzoneSecurityUtil.java:getValidInetsForCurrentHost(116)) - Adding ip:10.1.0.15,host:fv-az1254-726.qtnbswlwlufehe3u4emko3izng.cx.internal.cloudapp.net
2023-06-21 21:48:21,297 [main] INFO  ozone.OzoneSecurityUtil (OzoneSecurityUtil.java:getValidInetsForCurrentHost(119)) - ip:0:0:0:0:0:0:0:1%lo not returned.
2023-06-21 21:48:21,297 [main] INFO  ozone.OzoneSecurityUtil (OzoneSecurityUtil.java:getValidInetsForCurrentHost(119)) - ip:127.0.0.1 not returned.
2023-06-21 21:48:21,302 [main] INFO  ha.HASecurityUtils (HASecurityUtils.java:generateCSR(280)) - Creating csr for SCM->hostName:localhost,scmId:6554ba57-669d-4c9f-91d9-11f4838b8a27,clusterId:ed2e7ec8-c199-49a5-9fff-29e1d18647c8,subject:scm-sub@localhost
2023-06-21 21:48:21,382 [main] INFO  ha.HASecurityUtils (HASecurityUtils.java:initializeSecurity(112)) - Successfully stored SCM signed certificate.
2023-06-21 21:48:21,474 [main] INFO  server.RaftServer (ConfUtils.java:logGet(46)) - raft.rpc.type = GRPC (default)
2023-06-21 21:48:21,538 [main] INFO  grpc.GrpcConfigKeys (ConfUtils.java:logFallback(53)) - raft.grpc.admin.host = null (fallback to raft.grpc.server.host)
2023-06-21 21:48:21,539 [main] INFO  grpc.GrpcConfigKeys (ConfUtils.java:logFallback(53)) - raft.grpc.admin.port = 15003 (fallback to raft.grpc.server.port)
2023-06-21 21:48:21,540 [main] INFO  grpc.GrpcConfigKeys (ConfUtils.java:logFallback(53)) - raft.grpc.client.host = null (fallback to raft.grpc.server.host)
2023-06-21 21:48:21,541 [main] INFO  grpc.GrpcConfigKeys (ConfUtils.java:logFallback(53)) - raft.grpc.client.port = 15003 (fallback to raft.grpc.server.port)
2023-06-21 21:48:21,541 [main] INFO  grpc.GrpcConfigKeys (ConfUtils.java:logGet(46)) - raft.grpc.server.host = null (default)
2023-06-21 21:48:21,542 [main] INFO  grpc.GrpcConfigKeys (ConfUtils.java:logGet(46)) - raft.grpc.server.port = 15003 (custom)
2023-06-21 21:48:21,542 [main] INFO  server.GrpcService (ConfUtils.java:logGet(46)) - raft.grpc.message.size.max = 32m (=33554432) (custom)
2023-06-21 21:48:21,544 [main] INFO  server.RaftServerConfigKeys (ConfUtils.java:logGet(46)) - raft.server.log.appender.buffer.byte-limit = 33554432 (custom)
2023-06-21 21:48:21,544 [main] INFO  server.GrpcService (ConfUtils.java:logGet(46)) - raft.grpc.flow.control.window = 1MB (=1048576) (default)
2023-06-21 21:48:21,545 [main] INFO  server.RaftServerConfigKeys (ConfUtils.java:logGet(46)) - raft.server.rpc.request.timeout = 30000ms (custom)
2023-06-21 21:48:21,554 [main] INFO  grpc.GrpcConfigKeys (ConfUtils.java:logGet(46)) - raft.grpc.server.heartbeat.channel = true (default)
2023-06-21 21:48:21,558 [main] INFO  grpc.GrpcConfigKeys (ConfUtils.java:logGet(46)) - raft.grpc.server.async.request.thread.pool.cached = true (default)
2023-06-21 21:48:21,559 [main] INFO  grpc.GrpcConfigKeys (ConfUtils.java:logGet(46)) - raft.grpc.server.async.request.thread.pool.size = 32 (default)
2023-06-21 21:48:21,748 [main] INFO  impl.DataStreamServerImpl (ConfUtils.java:logGet(46)) - raft.datastream.type = DISABLED (default)
2023-06-21 21:48:21,751 [main] INFO  server.RaftServerConfigKeys (ConfUtils.java:logGet(46)) - raft.server.threadpool.proxy.cached = true (default)
2023-06-21 21:48:21,752 [main] INFO  server.RaftServerConfigKeys (ConfUtils.java:logGet(46)) - raft.server.threadpool.proxy.size = 0 (default)
2023-06-21 21:48:21,753 [main] INFO  server.RaftServerConfigKeys (ConfUtils.java:logGet(46)) - raft.server.rpc.slowness.timeout = 120000ms (custom)
2023-06-21 21:48:21,753 [main] INFO  server.RaftServerConfigKeys (ConfUtils.java:logGet(46)) - raft.server.leaderelection.leader.step-down.wait-time = 10s (default)
2023-06-21 21:48:21,756 [main] INFO  server.RaftServerConfigKeys (ConfUtils.java:logGet(46)) - raft.server.storage.dir = [/home/runner/work/ozone/ozone/hadoop-ozone/integration-test/target/test-dir/MiniOzoneClusterImpl-ed2e7ec8-c199-49a5-9fff-29e1d18647c8/scmNode-1/scm-ha] (custom)
2023-06-21 21:48:21,766 [main] INFO  server.RaftServer (RaftServerProxy.java:addNew(98)) - 6554ba57-669d-4c9f-91d9-11f4838b8a27: addNew group-29E1D18647C8:[6554ba57-669d-4c9f-91d9-11f4838b8a27|rpc:localhost:15003|priority:0|startupRole:FOLLOWER] returns group-29E1D18647C8:java.util.concurrent.CompletableFuture@2db86a7c[Not completed]
2023-06-21 21:48:21,781 [6554ba57-669d-4c9f-91d9-11f4838b8a27-groupManagement] INFO  server.RaftServer$Division (RaftServerImpl.java:<init>(198)) - 6554ba57-669d-4c9f-91d9-11f4838b8a27: new RaftServerImpl for group-29E1D18647C8:[6554ba57-669d-4c9f-91d9-11f4838b8a27|rpc:localhost:15003|priority:0|startupRole:FOLLOWER] with SCMStateMachine:uninitialized
2023-06-21 21:48:21,784 [6554ba57-669d-4c9f-91d9-11f4838b8a27-groupManagement] INFO  server.RaftServerConfigKeys (ConfUtils.java:logGet(46)) - raft.server.rpc.timeout.min = 5000ms (custom)
2023-06-21 21:48:21,784 [6554ba57-669d-4c9f-91d9-11f4838b8a27-groupManagement] INFO  server.RaftServerConfigKeys (ConfUtils.java:logGet(46)) - raft.server.rpc.timeout.max = 5200ms (custom)
2023-06-21 21:48:21,784 [6554ba57-669d-4c9f-91d9-11f4838b8a27-groupManagement] INFO  server.RaftServerConfigKeys (ConfUtils.java:logGet(46)) - raft.server.rpc.sleep.time = 25ms (default)
2023-06-21 21:48:21,784 [6554ba57-669d-4c9f-91d9-11f4838b8a27-groupManagement] INFO  server.RaftServerConfigKeys (ConfUtils.java:logGet(46)) - raft.server.rpc.slowness.timeout = 120000ms (custom)
2023-06-21 21:48:21,784 [6554ba57-669d-4c9f-91d9-11f4838b8a27-groupManagement] INFO  server.RaftServerConfigKeys (ConfUtils.java:logGet(46)) - raft.server.leaderelection.leader.step-down.wait-time = 10s (default)
2023-06-21 21:48:21,784 [6554ba57-669d-4c9f-91d9-11f4838b8a27-groupManagement] INFO  server.RaftServerConfigKeys (ConfUtils.java:logGet(46)) - raft.server.sleep.deviation.threshold = 300ms (default)
2023-06-21 21:48:21,790 [6554ba57-669d-4c9f-91d9-11f4838b8a27-groupManagement] INFO  server.RaftServer$Division (ServerState.java:<init>(120)) - 6554ba57-669d-4c9f-91d9-11f4838b8a27@group-29E1D18647C8: ConfigurationManager, init=-1: peers:[6554ba57-669d-4c9f-91d9-11f4838b8a27|rpc:localhost:15003|priority:0|startupRole:FOLLOWER]|listeners:[], old=null, confs=<EMPTY_MAP>
2023-06-21 21:48:21,791 [6554ba57-669d-4c9f-91d9-11f4838b8a27-groupManagement] INFO  server.RaftServerConfigKeys (ConfUtils.java:logGet(46)) - raft.server.storage.dir = [/home/runner/work/ozone/ozone/hadoop-ozone/integration-test/target/test-dir/MiniOzoneClusterImpl-ed2e7ec8-c199-49a5-9fff-29e1d18647c8/scmNode-1/scm-ha] (custom)
2023-06-21 21:48:21,796 [6554ba57-669d-4c9f-91d9-11f4838b8a27-groupManagement] INFO  server.RaftServerConfigKeys (ConfUtils.java:logGet(46)) - raft.server.log.corruption.policy = EXCEPTION (default)
2023-06-21 21:48:21,796 [6554ba57-669d-4c9f-91d9-11f4838b8a27-groupManagement] INFO  server.RaftServerConfigKeys (ConfUtils.java:logGet(46)) - raft.server.storage.free-space.min = 0MB (=0) (default)
2023-06-21 21:48:21,803 [6554ba57-669d-4c9f-91d9-11f4838b8a27-groupManagement] INFO  server.RaftServerConfigKeys (ConfUtils.java:logGet(46)) - raft.server.notification.no-leader.timeout = 60s (default)
2023-06-21 21:48:21,806 [6554ba57-669d-4c9f-91d9-11f4838b8a27-groupManagement] INFO  server.RaftServerConfigKeys (ConfUtils.java:logGet(46)) - raft.server.read.timeout = 10s (default)
2023-06-21 21:48:21,813 [6554ba57-669d-4c9f-91d9-11f4838b8a27-groupManagement] INFO  server.RaftServerConfigKeys (ConfUtils.java:logGet(46)) - raft.server.retrycache.expirytime = 60000ms (default)
2023-06-21 21:48:21,813 [6554ba57-669d-4c9f-91d9-11f4838b8a27-groupManagement] INFO  server.RaftServerConfigKeys (ConfUtils.java:logGet(46)) - raft.server.retrycache.statistics.expirytime = 100μs (default)
2023-06-21 21:48:21,837 [6554ba57-669d-4c9f-91d9-11f4838b8a27-groupManagement] INFO  server.RaftServerConfigKeys (ConfUtils.java:logGet(46)) - raft.server.read.option = DEFAULT (default)
2023-06-21 21:48:21,847 [6554ba57-669d-4c9f-91d9-11f4838b8a27-groupManagement] INFO  metrics.MetricRegistries (MetricRegistriesLoader.java:load(64)) - Loaded MetricRegistries class org.apache.ratis.metrics.impl.MetricRegistriesImpl
2023-06-21 21:48:21,929 [6554ba57-669d-4c9f-91d9-11f4838b8a27-groupManagement] INFO  server.RaftServerConfigKeys (ConfUtils.java:logGet(46)) - raft.server.rpc.request.timeout = 30000ms (custom)
2023-06-21 21:48:21,931 [6554ba57-669d-4c9f-91d9-11f4838b8a27-groupManagement] INFO  server.RaftServerConfigKeys (ConfUtils.java:logGet(46)) - raft.server.log.appender.install.snapshot.enabled = false (custom)
2023-06-21 21:48:21,931 [6554ba57-669d-4c9f-91d9-11f4838b8a27-groupManagement] INFO  server.RaftServerConfigKeys (ConfUtils.java:logGet(46)) - raft.server.threadpool.server.cached = true (default)
2023-06-21 21:48:21,933 [6554ba57-669d-4c9f-91d9-11f4838b8a27-groupManagement] INFO  server.RaftServerConfigKeys (ConfUtils.java:logGet(46)) - raft.server.threadpool.server.size = 0 (default)
2023-06-21 21:48:21,933 [6554ba57-669d-4c9f-91d9-11f4838b8a27-groupManagement] INFO  server.RaftServerConfigKeys (ConfUtils.java:logGet(46)) - raft.server.threadpool.client.cached = true (default)
2023-06-21 21:48:21,934 [6554ba57-669d-4c9f-91d9-11f4838b8a27-groupManagement] INFO  server.RaftServerConfigKeys (ConfUtils.java:logGet(46)) - raft.server.threadpool.client.size = 0 (default)
2023-06-21 21:48:21,935 [6554ba57-669d-4c9f-91d9-11f4838b8a27-impl-thread1] INFO  storage.RaftStorageDirectory (RaftStorageDirectoryImpl.java:analyzeStorage(137)) - The storage directory /home/runner/work/ozone/ozone/hadoop-ozone/integration-test/target/test-dir/MiniOzoneClusterImpl-ed2e7ec8-c199-49a5-9fff-29e1d18647c8/scmNode-1/scm-ha/ed2e7ec8-c199-49a5-9fff-29e1d18647c8 does not exist. Creating ...
2023-06-21 21:48:21,939 [6554ba57-669d-4c9f-91d9-11f4838b8a27-impl-thread1] INFO  storage.RaftStorageDirectory (RaftStorageDirectoryImpl.java:tryLock(231)) - Lock on /home/runner/work/ozone/ozone/hadoop-ozone/integration-test/target/test-dir/MiniOzoneClusterImpl-ed2e7ec8-c199-49a5-9fff-29e1d18647c8/scmNode-1/scm-ha/ed2e7ec8-c199-49a5-9fff-29e1d18647c8/in_use.lock acquired by nodename 26391@fv-az1254-726
2023-06-21 21:48:21,944 [6554ba57-669d-4c9f-91d9-11f4838b8a27-impl-thread1] INFO  storage.RaftStorage (RaftStorageImpl.java:format(96)) - Storage directory /home/runner/work/ozone/ozone/hadoop-ozone/integration-test/target/test-dir/MiniOzoneClusterImpl-ed2e7ec8-c199-49a5-9fff-29e1d18647c8/scmNode-1/scm-ha/ed2e7ec8-c199-49a5-9fff-29e1d18647c8 has been successfully formatted.
2023-06-21 21:48:21,947 [6554ba57-669d-4c9f-91d9-11f4838b8a27-impl-thread1] INFO  server.RaftServerConfigKeys (ConfUtils.java:logGet(46)) - raft.server.log.use.memory = false (default)
2023-06-21 21:48:21,955 [6554ba57-669d-4c9f-91d9-11f4838b8a27-impl-thread1] INFO  server.RaftServerConfigKeys (ConfUtils.java:logGet(46)) - raft.server.log.purge.gap = 100 (custom)
2023-06-21 21:48:21,955 [6554ba57-669d-4c9f-91d9-11f4838b8a27-impl-thread1] INFO  server.RaftServerConfigKeys (ConfUtils.java:logGet(46)) - raft.server.log.appender.buffer.byte-limit = 33554432 (custom)
2023-06-21 21:48:21,956 [6554ba57-669d-4c9f-91d9-11f4838b8a27-impl-thread1] INFO  server.RaftServerConfigKeys (ConfUtils.java:logGet(46)) - raft.server.log.statemachine.data.read.timeout = 1000ms (default)
2023-06-21 21:48:21,957 [6554ba57-669d-4c9f-91d9-11f4838b8a27-impl-thread1] INFO  server.RaftServerConfigKeys (ConfUtils.java:logGet(46)) - raft.server.log.purge.preservation.log.num = 0 (default)
2023-06-21 21:48:21,959 [6554ba57-669d-4c9f-91d9-11f4838b8a27-impl-thread1] INFO  server.RaftServerConfigKeys (ConfUtils.java:logGet(46)) - raft.server.log.segment.size.max = 4194304 (custom)
2023-06-21 21:48:21,964 [6554ba57-669d-4c9f-91d9-11f4838b8a27-impl-thread1] INFO  server.RaftServerConfigKeys (ConfUtils.java:logGet(46)) - raft.server.log.segment.cache.num.max = 2 (custom)
2023-06-21 21:48:21,964 [6554ba57-669d-4c9f-91d9-11f4838b8a27-impl-thread1] INFO  server.RaftServerConfigKeys (ConfUtils.java:logGet(46)) - raft.server.log.segment.cache.size.max = 200MB (=209715200) (default)
2023-06-21 21:48:21,964 [6554ba57-669d-4c9f-91d9-11f4838b8a27-impl-thread1] INFO  server.RaftServerConfigKeys (ConfUtils.java:logGet(46)) - raft.server.log.appender.buffer.byte-limit = 33554432 (custom)
2023-06-21 21:48:21,977 [6554ba57-669d-4c9f-91d9-11f4838b8a27-impl-thread1] INFO  segmented.SegmentedRaftLogWorker (SegmentedRaftLogWorker.java:<init>(188)) - new 6554ba57-669d-4c9f-91d9-11f4838b8a27@group-29E1D18647C8-SegmentedRaftLogWorker for RaftStorageImpl:Storage Directory /home/runner/work/ozone/ozone/hadoop-ozone/integration-test/target/test-dir/MiniOzoneClusterImpl-ed2e7ec8-c199-49a5-9fff-29e1d18647c8/scmNode-1/scm-ha/ed2e7ec8-c199-49a5-9fff-29e1d18647c8
2023-06-21 21:48:21,977 [6554ba57-669d-4c9f-91d9-11f4838b8a27-impl-thread1] INFO  server.RaftServerConfigKeys (ConfUtils.java:logGet(46)) - raft.server.log.queue.byte-limit = 64MB (=67108864) (default)
2023-06-21 21:48:21,977 [6554ba57-669d-4c9f-91d9-11f4838b8a27-impl-thread1] INFO  server.RaftServerConfigKeys (ConfUtils.java:logGet(46)) - raft.server.log.queue.element-limit = 4096 (default)
2023-06-21 21:48:21,978 [6554ba57-669d-4c9f-91d9-11f4838b8a27-impl-thread1] INFO  server.RaftServerConfigKeys (ConfUtils.java:logGet(46)) - raft.server.log.segment.size.max = 4194304 (custom)
2023-06-21 21:48:21,979 [6554ba57-669d-4c9f-91d9-11f4838b8a27-impl-thread1] INFO  server.RaftServerConfigKeys (ConfUtils.java:logGet(46)) - raft.server.log.preallocated.size = 4194304 (custom)
2023-06-21 21:48:21,979 [6554ba57-669d-4c9f-91d9-11f4838b8a27-impl-thread1] INFO  server.RaftServerConfigKeys (ConfUtils.java:logGet(46)) - raft.server.log.force.sync.num = 128 (default)
2023-06-21 21:48:21,980 [6554ba57-669d-4c9f-91d9-11f4838b8a27-impl-thread1] INFO  server.RaftServerConfigKeys (ConfUtils.java:logGet(46)) - raft.server.log.statemachine.data.sync = true (default)
2023-06-21 21:48:21,980 [6554ba57-669d-4c9f-91d9-11f4838b8a27-impl-thread1] INFO  server.RaftServerConfigKeys (ConfUtils.java:logGet(46)) - raft.server.log.statemachine.data.sync.timeout = 10s (default)
2023-06-21 21:48:21,980 [6554ba57-669d-4c9f-91d9-11f4838b8a27-impl-thread1] INFO  server.RaftServerConfigKeys (ConfUtils.java:logGet(46)) - raft.server.log.statemachine.data.sync.timeout.retry = -1 (default)
2023-06-21 21:48:21,988 [6554ba57-669d-4c9f-91d9-11f4838b8a27-impl-thread1] INFO  server.RaftServerConfigKeys (ConfUtils.java:logGet(46)) - raft.server.log.write.buffer.size = 64KB (=65536) (default)
2023-06-21 21:48:21,988 [6554ba57-669d-4c9f-91d9-11f4838b8a27-impl-thread1] INFO  server.RaftServerConfigKeys (ConfUtils.java:logGet(46)) - raft.server.log.appender.buffer.byte-limit = 33554432 (custom)
2023-06-21 21:48:21,998 [6554ba57-669d-4c9f-91d9-11f4838b8a27-impl-thread1] INFO  server.RaftServerConfigKeys (ConfUtils.java:logGet(46)) - raft.server.log.unsafe-flush.enabled = false (default)
2023-06-21 21:48:21,998 [6554ba57-669d-4c9f-91d9-11f4838b8a27-impl-thread1] INFO  server.RaftServerConfigKeys (ConfUtils.java:logGet(46)) - raft.server.log.async-flush.enabled = false (default)
2023-06-21 21:48:21,999 [6554ba57-669d-4c9f-91d9-11f4838b8a27-impl-thread1] INFO  server.RaftServerConfigKeys (ConfUtils.java:logGet(46)) - raft.server.log.statemachine.data.caching.enabled = false (default)
2023-06-21 21:48:22,004 [6554ba57-669d-4c9f-91d9-11f4838b8a27-impl-thread1] INFO  segmented.SegmentedRaftLogWorker (SegmentedRaftLogWorker.java:lambda$new$0(135)) - 6554ba57-669d-4c9f-91d9-11f4838b8a27@group-29E1D18647C8-SegmentedRaftLogWorker: flushIndex: setUnconditionally 0 -> -1
2023-06-21 21:48:22,004 [6554ba57-669d-4c9f-91d9-11f4838b8a27-impl-thread1] INFO  segmented.SegmentedRaftLogWorker (SegmentedRaftLogWorker.java:lambda$new$0(135)) - 6554ba57-669d-4c9f-91d9-11f4838b8a27@group-29E1D18647C8-SegmentedRaftLogWorker: safeCacheEvictIndex: setUnconditionally 0 -> -1
2023-06-21 21:48:22,006 [6554ba57-669d-4c9f-91d9-11f4838b8a27-impl-thread1] INFO  server.RaftServer$Division (RaftServerImpl.java:start(342)) - 6554ba57-669d-4c9f-91d9-11f4838b8a27@group-29E1D18647C8: start as a follower, conf=-1: peers:[6554ba57-669d-4c9f-91d9-11f4838b8a27|rpc:localhost:15003|priority:0|startupRole:FOLLOWER]|listeners:[], old=null
2023-06-21 21:48:22,011 [6554ba57-669d-4c9f-91d9-11f4838b8a27-impl-thread1] INFO  server.RaftServer$Division (RaftServerImpl.java:setRole(329)) - 6554ba57-669d-4c9f-91d9-11f4838b8a27@group-29E1D18647C8: changes role from      null to FOLLOWER at term 0 for startAsFollower
2023-06-21 21:48:22,012 [6554ba57-669d-4c9f-91d9-11f4838b8a27-impl-thread1] INFO  impl.RoleInfo (RoleInfo.java:updateAndGet(139)) - 6554ba57-669d-4c9f-91d9-11f4838b8a27: start 6554ba57-669d-4c9f-91d9-11f4838b8a27@group-29E1D18647C8-FollowerState
2023-06-21 21:48:22,017 [6554ba57-669d-4c9f-91d9-11f4838b8a27-impl-thread1] INFO  util.JmxRegister (JmxRegister.java:tryRegister(44)) - Successfully registered JMX Bean with object name Ratis:service=RaftServer,group=group-29E1D18647C8,id=6554ba57-669d-4c9f-91d9-11f4838b8a27
2023-06-21 21:48:22,019 [6554ba57-669d-4c9f-91d9-11f4838b8a27-impl-thread1] INFO  server.RaftServerConfigKeys (ConfUtils.java:logGet(46)) - raft.server.snapshot.auto.trigger.enabled = true (custom)
2023-06-21 21:48:22,019 [6554ba57-669d-4c9f-91d9-11f4838b8a27-impl-thread1] INFO  server.RaftServerConfigKeys (ConfUtils.java:logGet(46)) - raft.server.snapshot.auto.trigger.threshold = 100 (custom)
2023-06-21 21:48:22,019 [6554ba57-669d-4c9f-91d9-11f4838b8a27-impl-thread1] INFO  server.RaftServerConfigKeys (ConfUtils.java:logGet(46)) - raft.server.snapshot.retention.file.num = -1 (default)
2023-06-21 21:48:22,020 [6554ba57-669d-4c9f-91d9-11f4838b8a27-impl-thread1] INFO  server.RaftServerConfigKeys (ConfUtils.java:logGet(46)) - raft.server.log.purge.upto.snapshot.index = true (custom)
2023-06-21 21:48:22,023 [main] INFO  server.RaftServer (RaftServerProxy.java:startImpl(400)) - 6554ba57-669d-4c9f-91d9-11f4838b8a27: start RPC server
2023-06-21 21:48:22,139 [6554ba57-669d-4c9f-91d9-11f4838b8a27@group-29E1D18647C8-FollowerState] INFO  server.RaftServerConfigKeys (ConfUtils.java:logFallback(53)) - raft.server.rpc.first-election.timeout.min = 5000ms (fallback to raft.server.rpc.timeout.min)
2023-06-21 21:48:22,140 [6554ba57-669d-4c9f-91d9-11f4838b8a27@group-29E1D18647C8-FollowerState] INFO  server.RaftServerConfigKeys (ConfUtils.java:logFallback(53)) - raft.server.rpc.first-election.timeout.max = 5200ms (fallback to raft.server.rpc.timeout.max)
2023-06-21 21:48:22,187 [main] INFO  server.GrpcService (GrpcService.java:startImpl(302)) - 6554ba57-669d-4c9f-91d9-11f4838b8a27: GrpcService started, listening on 15003
2023-06-21 21:48:22,189 [JvmPauseMonitor0] INFO  util.JvmPauseMonitor (JvmPauseMonitor.java:run(103)) - JvmPauseMonitor-6554ba57-669d-4c9f-91d9-11f4838b8a27: Started
2023-06-21 21:48:27,213 [6554ba57-669d-4c9f-91d9-11f4838b8a27@group-29E1D18647C8-FollowerState] INFO  impl.FollowerState (FollowerState.java:run(143)) - 6554ba57-669d-4c9f-91d9-11f4838b8a27@group-29E1D18647C8-FollowerState: change to CANDIDATE, lastRpcElapsedTime:5201209233ns, electionTimeout:5072ms
2023-06-21 21:48:27,214 [6554ba57-669d-4c9f-91d9-11f4838b8a27@group-29E1D18647C8-FollowerState] INFO  impl.RoleInfo (RoleInfo.java:shutdownFollowerState(110)) - 6554ba57-669d-4c9f-91d9-11f4838b8a27: shutdown 6554ba57-669d-4c9f-91d9-11f4838b8a27@group-29E1D18647C8-FollowerState
2023-06-21 21:48:27,215 [6554ba57-669d-4c9f-91d9-11f4838b8a27@group-29E1D18647C8-FollowerState] INFO  server.RaftServer$Division (RaftServerImpl.java:setRole(329)) - 6554ba57-669d-4c9f-91d9-11f4838b8a27@group-29E1D18647C8: changes role from  FOLLOWER to CANDIDATE at term 0 for changeToCandidate
2023-06-21 21:48:27,218 [6554ba57-669d-4c9f-91d9-11f4838b8a27@group-29E1D18647C8-FollowerState] INFO  server.RaftServerConfigKeys (ConfUtils.java:logGet(46)) - raft.server.leaderelection.pre-vote = true (default)
2023-06-21 21:48:27,218 [6554ba57-669d-4c9f-91d9-11f4838b8a27@group-29E1D18647C8-FollowerState] INFO  impl.RoleInfo (RoleInfo.java:updateAndGet(139)) - 6554ba57-669d-4c9f-91d9-11f4838b8a27: start 6554ba57-669d-4c9f-91d9-11f4838b8a27@group-29E1D18647C8-LeaderElection1
2023-06-21 21:48:27,223 [6554ba57-669d-4c9f-91d9-11f4838b8a27@group-29E1D18647C8-LeaderElection1] INFO  impl.LeaderElection (LeaderElection.java:askForVotes(321)) - 6554ba57-669d-4c9f-91d9-11f4838b8a27@group-29E1D18647C8-LeaderElection1 PRE_VOTE round 0: submit vote requests at term 0 for -1: peers:[6554ba57-669d-4c9f-91d9-11f4838b8a27|rpc:localhost:15003|priority:0|startupRole:FOLLOWER]|listeners:[], old=null
2023-06-21 21:48:27,223 [6554ba57-669d-4c9f-91d9-11f4838b8a27@group-29E1D18647C8-LeaderElection1] INFO  impl.LeaderElection (LeaderElection.java:askForVotes(323)) - 6554ba57-669d-4c9f-91d9-11f4838b8a27@group-29E1D18647C8-LeaderElection1 PRE_VOTE round 0: result PASSED (term=0)
2023-06-21 21:48:27,225 [6554ba57-669d-4c9f-91d9-11f4838b8a27@group-29E1D18647C8-LeaderElection1] INFO  impl.LeaderElection (LeaderElection.java:askForVotes(321)) - 6554ba57-669d-4c9f-91d9-11f4838b8a27@group-29E1D18647C8-LeaderElection1 ELECTION round 0: submit vote requests at term 1 for -1: peers:[6554ba57-669d-4c9f-91d9-11f4838b8a27|rpc:localhost:15003|priority:0|startupRole:FOLLOWER]|listeners:[], old=null
2023-06-21 21:48:27,225 [6554ba57-669d-4c9f-91d9-11f4838b8a27@group-29E1D18647C8-LeaderElection1] INFO  impl.LeaderElection (LeaderElection.java:askForVotes(323)) - 6554ba57-669d-4c9f-91d9-11f4838b8a27@group-29E1D18647C8-LeaderElection1 ELECTION round 0: result PASSED (term=1)
2023-06-21 21:48:27,225 [6554ba57-669d-4c9f-91d9-11f4838b8a27@group-29E1D18647C8-LeaderElection1] INFO  impl.RoleInfo (RoleInfo.java:shutdownLeaderElection(130)) - 6554ba57-669d-4c9f-91d9-11f4838b8a27: shutdown 6554ba57-669d-4c9f-91d9-11f4838b8a27@group-29E1D18647C8-LeaderElection1
2023-06-21 21:48:27,225 [6554ba57-669d-4c9f-91d9-11f4838b8a27@group-29E1D18647C8-LeaderElection1] INFO  server.RaftServer$Division (RaftServerImpl.java:setRole(329)) - 6554ba57-669d-4c9f-91d9-11f4838b8a27@group-29E1D18647C8: changes role from CANDIDATE to LEADER at term 1 for changeToLeader
2023-06-21 21:48:27,226 [6554ba57-669d-4c9f-91d9-11f4838b8a27@group-29E1D18647C8-LeaderElection1] INFO  server.RaftServer$Division (ServerState.java:setLeader(317)) - 6554ba57-669d-4c9f-91d9-11f4838b8a27@group-29E1D18647C8: change Leader from null to 6554ba57-669d-4c9f-91d9-11f4838b8a27 at term 1 for becomeLeader, leader elected after 5423ms
2023-06-21 21:48:27,232 [6554ba57-669d-4c9f-91d9-11f4838b8a27@group-29E1D18647C8-LeaderElection1] INFO  server.RaftServerConfigKeys (ConfUtils.java:logGet(46)) - raft.server.staging.catchup.gap = 1000 (default)
2023-06-21 21:48:27,235 [6554ba57-669d-4c9f-91d9-11f4838b8a27@group-29E1D18647C8-LeaderElection1] INFO  server.RaftServerConfigKeys (ConfUtils.java:logGet(46)) - raft.server.write.element-limit = 4096 (default)
2023-06-21 21:48:27,236 [6554ba57-669d-4c9f-91d9-11f4838b8a27@group-29E1D18647C8-LeaderElection1] INFO  server.RaftServerConfigKeys (ConfUtils.java:logGet(46)) - raft.server.write.byte-limit = 64MB (=67108864) (default)
2023-06-21 21:48:27,241 [6554ba57-669d-4c9f-91d9-11f4838b8a27@group-29E1D18647C8-LeaderElection1] INFO  server.RaftServerConfigKeys (ConfUtils.java:logGet(46)) - raft.server.watch.timeout = 10s (default)
2023-06-21 21:48:27,241 [6554ba57-669d-4c9f-91d9-11f4838b8a27@group-29E1D18647C8-LeaderElection1] INFO  server.RaftServerConfigKeys (ConfUtils.java:logGet(46)) - raft.server.watch.timeout.denomination = 1s (default)
2023-06-21 21:48:27,241 [6554ba57-669d-4c9f-91d9-11f4838b8a27@group-29E1D18647C8-LeaderElection1] INFO  server.RaftServerConfigKeys (ConfUtils.java:logGet(46)) - raft.server.watch.element-limit = 65536 (default)
2023-06-21 21:48:27,246 [6554ba57-669d-4c9f-91d9-11f4838b8a27@group-29E1D18647C8-LeaderElection1] INFO  server.RaftServerConfigKeys (ConfUtils.java:logGet(46)) - raft.server.write.element-limit = 4096 (default)
2023-06-21 21:48:27,248 [6554ba57-669d-4c9f-91d9-11f4838b8a27@group-29E1D18647C8-LeaderElection1] INFO  server.RaftServerConfigKeys (ConfUtils.java:logGet(46)) - raft.server.write.follower.gap.ratio.max = -1.0 (default)
2023-06-21 21:48:27,249 [6554ba57-669d-4c9f-91d9-11f4838b8a27@group-29E1D18647C8-LeaderElection1] INFO  impl.RoleInfo (RoleInfo.java:updateAndGet(139)) - 6554ba57-669d-4c9f-91d9-11f4838b8a27: start 6554ba57-669d-4c9f-91d9-11f4838b8a27@group-29E1D18647C8-LeaderStateImpl
2023-06-21 21:48:27,267 [6554ba57-669d-4c9f-91d9-11f4838b8a27@group-29E1D18647C8-LeaderElection1] INFO  segmented.SegmentedRaftLogWorker (SegmentedRaftLogWorker.java:startLogSegment(447)) - 6554ba57-669d-4c9f-91d9-11f4838b8a27@group-29E1D18647C8-SegmentedRaftLogWorker: Starting segment from index:0
2023-06-21 21:48:27,310 [6554ba57-669d-4c9f-91d9-11f4838b8a27@group-29E1D18647C8-LeaderElection1] INFO  server.RaftServer$Division (ServerState.java:setRaftConf(434)) - 6554ba57-669d-4c9f-91d9-11f4838b8a27@group-29E1D18647C8: set configuration 0: peers:[6554ba57-669d-4c9f-91d9-11f4838b8a27|rpc:localhost:15003|admin:|client:|dataStream:|priority:0|startupRole:FOLLOWER]|listeners:[], old=null
2023-06-21 21:48:27,361 [6554ba57-669d-4c9f-91d9-11f4838b8a27@group-29E1D18647C8-SegmentedRaftLogWorker] INFO  segmented.SegmentedRaftLogWorker (SegmentedRaftLogWorker.java:execute(651)) - 6554ba57-669d-4c9f-91d9-11f4838b8a27@group-29E1D18647C8-SegmentedRaftLogWorker: created new log segment /home/runner/work/ozone/ozone/hadoop-ozone/integration-test/target/test-dir/MiniOzoneClusterImpl-ed2e7ec8-c199-49a5-9fff-29e1d18647c8/scmNode-1/scm-ha/ed2e7ec8-c199-49a5-9fff-29e1d18647c8/current/log_inprogress_0
2023-06-21 21:48:28,191 [main] INFO  server.RaftServer (RaftServerProxy.java:lambda$close$6(416)) - 6554ba57-669d-4c9f-91d9-11f4838b8a27: close
2023-06-21 21:48:28,192 [main] INFO  server.GrpcService (GrpcService.java:closeImpl(311)) - 6554ba57-669d-4c9f-91d9-11f4838b8a27: shutdown server GrpcServerProtocolService now
2023-06-21 21:48:28,192 [6554ba57-669d-4c9f-91d9-11f4838b8a27-impl-thread1] INFO  server.RaftServer$Division (RaftServerImpl.java:lambda$close$4(466)) - 6554ba57-669d-4c9f-91d9-11f4838b8a27@group-29E1D18647C8: shutdown
2023-06-21 21:48:28,195 [6554ba57-669d-4c9f-91d9-11f4838b8a27-impl-thread1] INFO  util.JmxRegister (JmxRegister.java:unregister(73)) - Successfully un-registered JMX Bean with object name Ratis:service=RaftServer,group=group-29E1D18647C8,id=6554ba57-669d-4c9f-91d9-11f4838b8a27
2023-06-21 21:48:28,195 [6554ba57-669d-4c9f-91d9-11f4838b8a27-impl-thread1] INFO  impl.RoleInfo (RoleInfo.java:shutdownLeaderState(93)) - 6554ba57-669d-4c9f-91d9-11f4838b8a27: shutdown 6554ba57-669d-4c9f-91d9-11f4838b8a27@group-29E1D18647C8-LeaderStateImpl
2023-06-21 21:48:28,200 [6554ba57-669d-4c9f-91d9-11f4838b8a27-impl-thread1] INFO  impl.PendingRequests (PendingRequests.java:sendNotLeaderResponses(289)) - 6554ba57-669d-4c9f-91d9-11f4838b8a27@group-29E1D18647C8-PendingRequests: sendNotLeaderResponses
2023-06-21 21:48:28,203 [6554ba57-669d-4c9f-91d9-11f4838b8a27-impl-thread1] INFO  impl.StateMachineUpdater (StateMachineUpdater.java:stopAndJoin(155)) - 6554ba57-669d-4c9f-91d9-11f4838b8a27@group-29E1D18647C8-StateMachineUpdater: set stopIndex = 0
2023-06-21 21:48:28,204 [6554ba57-669d-4c9f-91d9-11f4838b8a27@group-29E1D18647C8-StateMachineUpdater] INFO  impl.StateMachineUpdater (StateMachineUpdater.java:takeSnapshot(291)) - 6554ba57-669d-4c9f-91d9-11f4838b8a27@group-29E1D18647C8-StateMachineUpdater: Took a snapshot at index 0
2023-06-21 21:48:28,210 [6554ba57-669d-4c9f-91d9-11f4838b8a27@group-29E1D18647C8-StateMachineUpdater] INFO  impl.StateMachineUpdater (StateMachineUpdater.java:lambda$new$0(97)) - 6554ba57-669d-4c9f-91d9-11f4838b8a27@group-29E1D18647C8-StateMachineUpdater: snapshotIndex: updateIncreasingly -1 -> 0
2023-06-21 21:48:28,211 [6554ba57-669d-4c9f-91d9-11f4838b8a27-impl-thread1] INFO  server.RaftServer$Division (ServerState.java:close(472)) - 6554ba57-669d-4c9f-91d9-11f4838b8a27@group-29E1D18647C8: closes. applyIndex: 0
2023-06-21 21:48:28,212 [main] INFO  server.GrpcService (GrpcService.java:closeImpl(320)) - 6554ba57-669d-4c9f-91d9-11f4838b8a27: shutdown server GrpcServerProtocolService successfully
2023-06-21 21:48:28,366 [6554ba57-669d-4c9f-91d9-11f4838b8a27-impl-thread1] INFO  segmented.SegmentedRaftLogWorker (SegmentedRaftLogWorker.java:close(252)) - 6554ba57-669d-4c9f-91d9-11f4838b8a27@group-29E1D18647C8-SegmentedRaftLogWorker close()
2023-06-21 21:48:28,370 [JvmPauseMonitor0] INFO  util.JvmPauseMonitor (JvmPauseMonitor.java:run(109)) - JvmPauseMonitor-6554ba57-669d-4c9f-91d9-11f4838b8a27: Stopped
2023-06-21 21:48:28,371 [main] WARN  server.ServerUtils (ServerUtils.java:getScmDbDir(155)) - ozone.scm.db.dirs is not configured. We recommend adding this setting. Falling back to ozone.metadata.dirs instead.
2023-06-21 21:48:28,374 [main] INFO  server.StorageContainerManager (StorageContainerManager.java:scmInit(1302)) - SCM initialization succeeded. Current cluster id for sd=/home/runner/work/ozone/ozone/hadoop-ozone/integration-test/target/test-dir/MiniOzoneClusterImpl-ed2e7ec8-c199-49a5-9fff-29e1d18647c8/scmNode-1/scm; cid=ed2e7ec8-c199-49a5-9fff-29e1d18647c8; layoutVersion=7; scmId=6554ba57-669d-4c9f-91d9-11f4838b8a27
2023-06-21 21:48:28,385 [main] WARN  server.ServerUtils (ServerUtils.java:getScmDbDir(155)) - ozone.scm.db.dirs is not configured. We recommend adding this setting. Falling back to ozone.metadata.dirs instead.
2023-06-21 21:48:28,386 [main] INFO  ha.SCMHANodeDetails (SCMHANodeDetails.java:loadSCMHAConfig(210)) - ServiceID for StorageContainerManager is SCMServiceId
2023-06-21 21:48:28,386 [main] INFO  ha.SCMHANodeDetails (SCMHANodeDetails.java:loadSCMHAConfig(221)) - ServiceID for StorageContainerManager is SCMServiceId
2023-06-21 21:48:28,386 [main] WARN  scm.ScmUtils (ScmUtils.java:logWarn(190)) - ConfigKey ozone.scm.block.client.address is deprecated, For configuring different ports for each SCM use PortConfigKey ozone.scm.block.client.port appended with serviceId and nodeId. If want to configure same port configure ozone.scm.block.client.port
2023-06-21 21:48:28,387 [main] WARN  scm.ScmUtils (ScmUtils.java:logWarn(190)) - ConfigKey ozone.scm.client.address is deprecated, For configuring different ports for each SCM use PortConfigKey ozone.scm.client.port appended with serviceId and nodeId. If want to configure same port configure ozone.scm.client.port
2023-06-21 21:48:28,387 [main] WARN  scm.ScmUtils (ScmUtils.java:logWarn(190)) - ConfigKey ozone.scm.datanode.address is deprecated, For configuring different ports for each SCM use PortConfigKey ozone.scm.datanode.port appended with serviceId and nodeId. If want to configure same port configure ozone.scm.datanode.port
2023-06-21 21:48:28,387 [main] WARN  scm.ScmUtils (ScmUtils.java:logWarn(190)) - ConfigKey ozone.scm.block.client.address is deprecated, For configuring different ports for each SCM use PortConfigKey ozone.scm.block.client.port appended with serviceId and nodeId. If want to configure same port configure ozone.scm.block.client.port
2023-06-21 21:48:28,387 [main] WARN  scm.ScmUtils (ScmUtils.java:logWarn(190)) - ConfigKey ozone.scm.client.address is deprecated, For configuring different ports for each SCM use PortConfigKey ozone.scm.client.port appended with serviceId and nodeId. If want to configure same port configure ozone.scm.client.port
2023-06-21 21:48:28,388 [main] WARN  scm.ScmUtils (ScmUtils.java:logWarn(190)) - ConfigKey ozone.scm.datanode.address is deprecated, For configuring different ports for each SCM use PortConfigKey ozone.scm.datanode.port appended with serviceId and nodeId. If want to configure same port configure ozone.scm.datanode.port
2023-06-21 21:48:28,388 [main] INFO  ha.SCMHANodeDetails (SCMHANodeDetails.java:loadSCMHAConfig(308)) - Found matching SCM address with SCMServiceId: SCMServiceId, SCMNodeId: scmNode-1, RPC Address: localhost:15003 and Ratis port: 15003
2023-06-21 21:48:28,388 [main] INFO  ha.SCMHANodeDetails (ConfUtils.java:setNodeSpecificConfigs(97)) - Setting configuration key ozone.scm.datanode.address with value of key ozone.scm.datanode.address.SCMServiceId.scmNode-1: 127.0.0.1:15004
2023-06-21 21:48:28,388 [main] INFO  ha.SCMHANodeDetails (ConfUtils.java:setNodeSpecificConfigs(97)) - Setting configuration key ozone.scm.block.client.address with value of key ozone.scm.block.client.address.SCMServiceId.scmNode-1: 127.0.0.1:15007
2023-06-21 21:48:28,388 [main] INFO  ha.SCMHANodeDetails (ConfUtils.java:setNodeSpecificConfigs(97)) - Setting configuration key ozone.scm.client.address with value of key ozone.scm.client.address.SCMServiceId.scmNode-1: 127.0.0.1:15005
2023-06-21 21:48:28,388 [main] INFO  ha.SCMHANodeDetails (ConfUtils.java:setNodeSpecificConfigs(97)) - Setting configuration key ozone.scm.security.service.address with value of key ozone.scm.security.service.address.SCMServiceId.scmNode-1: 127.0.0.1:15002
2023-06-21 21:48:28,389 [main] INFO  ha.SCMHANodeDetails (ConfUtils.java:setNodeSpecificConfigs(97)) - Setting configuration key ozone.scm.ratis.port with value of key ozone.scm.ratis.port.SCMServiceId.scmNode-1: 15003
2023-06-21 21:48:28,389 [main] INFO  ha.SCMHANodeDetails (ConfUtils.java:setNodeSpecificConfigs(97)) - Setting configuration key ozone.scm.grpc.port with value of key ozone.scm.grpc.port.SCMServiceId.scmNode-1: 15006
2023-06-21 21:48:28,389 [main] INFO  ha.SCMHANodeDetails (ConfUtils.java:setNodeSpecificConfigs(97)) - Setting configuration key ozone.scm.http-address with value of key ozone.scm.http-address.SCMServiceId.scmNode-1: 127.0.0.1:15000
2023-06-21 21:48:28,389 [main] INFO  ha.SCMHANodeDetails (ConfUtils.java:setNodeSpecificConfigs(97)) - Setting configuration key ozone.scm.https-address with value of key ozone.scm.https-address.SCMServiceId.scmNode-1: 127.0.0.1:15001
2023-06-21 21:48:28,389 [main] INFO  ha.SCMHANodeDetails (ConfUtils.java:setNodeSpecificConfigs(97)) - Setting configuration key ozone.scm.address with value of key ozone.scm.address.SCMServiceId.scmNode-1: 127.0.0.1
2023-06-21 21:48:28,389 [main] WARN  scm.ScmUtils (ScmUtils.java:logWarn(190)) - ConfigKey ozone.scm.block.client.address is deprecated, For configuring different ports for each SCM use PortConfigKey ozone.scm.block.client.port appended with serviceId and nodeId. If want to configure same port configure ozone.scm.block.client.port
2023-06-21 21:48:28,389 [main] WARN  scm.ScmUtils (ScmUtils.java:logWarn(190)) - ConfigKey ozone.scm.client.address is deprecated, For configuring different ports for each SCM use PortConfigKey ozone.scm.client.port appended with serviceId and nodeId. If want to configure same port configure ozone.scm.client.port
2023-06-21 21:48:28,390 [main] WARN  scm.ScmUtils (ScmUtils.java:logWarn(190)) - ConfigKey ozone.scm.datanode.address is deprecated, For configuring different ports for each SCM use PortConfigKey ozone.scm.datanode.port appended with serviceId and nodeId. If want to configure same port configure ozone.scm.datanode.port
2023-06-21 21:48:28,404 [main] INFO  client.SCMCertificateClient (DefaultCertificateClient.java:readCertificateFile(196)) - Added certificate   [0]         Version: 3
         SerialNumber: 1699472678288
             IssuerDN: CN=scm@fv-az1254-726,OU=6554ba57-669d-4c9f-91d9-11f4838b8a27,O=ed2e7ec8-c199-49a5-9fff-29e1d18647c8
           Start Date: Wed Jun 21 21:48:21 UTC 2023
           Final Date: Sat Jul 29 21:48:21 UTC 2028
            SubjectDN: CN=scm-sub@localhost,OU=6554ba57-669d-4c9f-91d9-11f4838b8a27,O=ed2e7ec8-c199-49a5-9fff-29e1d18647c8
           Public Key: RSA Public Key [ad:e4:f8:74:1b:79:64:ac:79:2c:d2:61:79:95:5d:4a:cc:5e:da:72],[56:66:d1:a4]
        modulus: a1fc53ac09e2ae2c6559a78021630c8a4a88dec243eba21687d367c3767c066ca364c3e21f60735e7cfd73287b23d3383b41bbe7b17f7b46ec83cfe19fff045065d7009c0c026aa855b54ba4ec36934b9d6643b3e311537e5311107b42f56dfb00565f121e8a750df72e66a27d9897a88aae199e8e8a8356003515073fbd1dc6e112810ed9e231fee847a486d8dd4bb7ae06bb8729574793847d5b29d4feaa55936d86036fe17ceef9f7e12d5eb025c37f7012ee82a81faa0f18705ac0df8a85ae9ef50ce66fc00494a920405eb3ac1e28fc65b8d910bac4b5ffff20e4470a18c0fe1ac7bbaa16de8fed58184ed9e7b6bca66561f69e7b9a4668d0dd6fdda52b
public exponent: 10001

  Signature Algorithm: SHA256WITHRSA
            Signature: 4a6b0fb3fc4de60ed525f7e5e21d0fa5169ca857
                       e657339964d32017319668d724d2de705c73069e
                       4b0ec371a0f0650f1912badba46f12d603a7baf3
                       afb9b414325ec81948abf20d09ae8c52d6691dba
                       708744315dcd754a4a991e068e45f882d74411e7
                       1bd8f63285c95d1a1b9362840be0db2e848c72bd
                       e38116bc2d511d8bdda9368ec58dee4a3d090308
                       908d608100038e2c5752681994b8e4fc0731c8b6
                       6e326faa21ab29317dc17fae3666e7ab8d685055
                       46db6d5dc613b7a8e0ddd708044efbcb0a9e49c8
                       07800926e2c94bc07f7395dd0c7e1f7babd1b4fc
                       444a64c86ac2a0eb2911ba3fddc04a18979acbc9
                       c10c4d503cdac5ae7d7da7d9c2f4602b
       Extensions: 
                       critical(false) 2.5.29.17 value = Sequence
    Tagged [7] IMPLICIT 
        DER Octet String[4] 
    Tagged [2] IMPLICIT 
        DER Octet String[65] 

                       critical(true) BasicConstraints: isCa(true)
                       critical(true) KeyUsage: 0xbe
 from file: /home/runner/work/ozone/ozone/hadoop-ozone/integration-test/target/test-dir/MiniOzoneClusterImpl-ed2e7ec8-c199-49a5-9fff-29e1d18647c8/scmNode-1/scm/sub-ca/certs/certificate.crt.
2023-06-21 21:48:28,406 [main] INFO  client.SCMCertificateClient (DefaultCertificateClient.java:readCertificateFile(196)) - Added certificate   [0]         Version: 3
         SerialNumber: 1699472678288
             IssuerDN: CN=scm@fv-az1254-726,OU=6554ba57-669d-4c9f-91d9-11f4838b8a27,O=ed2e7ec8-c199-49a5-9fff-29e1d18647c8
           Start Date: Wed Jun 21 21:48:21 UTC 2023
           Final Date: Sat Jul 29 21:48:21 UTC 2028
            SubjectDN: CN=scm-sub@localhost,OU=6554ba57-669d-4c9f-91d9-11f4838b8a27,O=ed2e7ec8-c199-49a5-9fff-29e1d18647c8
           Public Key: RSA Public Key [ad:e4:f8:74:1b:79:64:ac:79:2c:d2:61:79:95:5d:4a:cc:5e:da:72],[56:66:d1:a4]
        modulus: a1fc53ac09e2ae2c6559a78021630c8a4a88dec243eba21687d367c3767c066ca364c3e21f60735e7cfd73287b23d3383b41bbe7b17f7b46ec83cfe19fff045065d7009c0c026aa855b54ba4ec36934b9d6643b3e311537e5311107b42f56dfb00565f121e8a750df72e66a27d9897a88aae199e8e8a8356003515073fbd1dc6e112810ed9e231fee847a486d8dd4bb7ae06bb8729574793847d5b29d4feaa55936d86036fe17ceef9f7e12d5eb025c37f7012ee82a81faa0f18705ac0df8a85ae9ef50ce66fc00494a920405eb3ac1e28fc65b8d910bac4b5ffff20e4470a18c0fe1ac7bbaa16de8fed58184ed9e7b6bca66561f69e7b9a4668d0dd6fdda52b
public exponent: 10001

  Signature Algorithm: SHA256WITHRSA
            Signature: 4a6b0fb3fc4de60ed525f7e5e21d0fa5169ca857
                       e657339964d32017319668d724d2de705c73069e
                       4b0ec371a0f0650f1912badba46f12d603a7baf3
                       afb9b414325ec81948abf20d09ae8c52d6691dba
                       708744315dcd754a4a991e068e45f882d74411e7
                       1bd8f63285c95d1a1b9362840be0db2e848c72bd
                       e38116bc2d511d8bdda9368ec58dee4a3d090308
                       908d608100038e2c5752681994b8e4fc0731c8b6
                       6e326faa21ab29317dc17fae3666e7ab8d685055
                       46db6d5dc613b7a8e0ddd708044efbcb0a9e49c8
                       07800926e2c94bc07f7395dd0c7e1f7babd1b4fc
                       444a64c86ac2a0eb2911ba3fddc04a18979acbc9
                       c10c4d503cdac5ae7d7da7d9c2f4602b
       Extensions: 
                       critical(false) 2.5.29.17 value = Sequence
    Tagged [7] IMPLICIT 
        DER Octet String[4] 
    Tagged [2] IMPLICIT 
        DER Octet String[65] 

                       critical(true) BasicConstraints: isCa(true)
                       critical(true) KeyUsage: 0xbe
 from file: /home/runner/work/ozone/ozone/hadoop-ozone/integration-test/target/test-dir/MiniOzoneClusterImpl-ed2e7ec8-c199-49a5-9fff-29e1d18647c8/scmNode-1/scm/sub-ca/certs/1699472678288.crt.
2023-06-21 21:48:28,408 [main] INFO  client.SCMCertificateClient (DefaultCertificateClient.java:readCertificateFile(196)) - Added certificate   [0]         Version: 3
         SerialNumber: 1
             IssuerDN: CN=scm@fv-az1254-726,OU=6554ba57-669d-4c9f-91d9-11f4838b8a27,O=ed2e7ec8-c199-49a5-9fff-29e1d18647c8
           Start Date: Wed Jun 21 21:48:21 UTC 2023
           Final Date: Sat Jul 29 21:48:21 UTC 2028
            SubjectDN: CN=scm@fv-az1254-726,OU=6554ba57-669d-4c9f-91d9-11f4838b8a27,O=ed2e7ec8-c199-49a5-9fff-29e1d18647c8
           Public Key: RSA Public Key [2c:69:cf:f0:97:04:f0:3a:8f:0a:03:f1:15:41:9a:6b:a5:20:dd:c3],[56:66:d1:a4]
        modulus: b1f5f5b26f58524b7ceed6238c0164a5e0f68098a1de78efe7e2da0c2ace7ff8d95263670ba7e1a50644c44bda98847aa50c9dafdfcf632b99049d2b1508be1124636d6a04296e0ce8b17d5d738257052a223bff56eaf694c00a2b8cf407ea19d1ee979ef47c1244cd0f11f8b4792dd90ba0766388a71115590b22d31ee03f7777a70eba99354a80f4fe6c18a7e74a117b6cb3abff4bca0e6efcce343ba87e1b11dbbb5c9f2182cebf68ec58dc3390168a1996a6213d9ef111dba5bd5b58cc1c6e66f69c283927fa28c7d0427068ef3e60b8300ac329f21ff07f20e7b1e445ae13bf8835c969264fa2e3fdd99dcd3f41cc2471454d3d13fdc8ecb3c62eaf6b85
public exponent: 10001

  Signature Algorithm: SHA256WITHRSA
            Signature: 71be930adf6a02910a64fc3feb2c03f96bae97bb
                       086294776abaea75db0be6fae57978872a4291dd
                       c640dae516800bd462ca54680da0e03172ad789a
                       69ccac790180ffa2b195c2913b00d90d0cbcf4a4
                       8c92284415b78e4e7b2342ca6575569252f6bddb
                       fd8ff046cb759c68cf349310d181e813cfd33c93
                       8b21d11e8302a7cfbc735e7aeb0da2ee7bf413d2
                       ad2502a16ad0a1ad96a720ba487e9a0f25e37b4c
                       3394a50c4336345c4395cc3e1f8068ab76b8a358
                       3fbc8f031a5e67a29032424b4f1feb4cd8cdf663
                       4f075ee1ebd546d2ea1fd1e09a6a14340e174f0c
                       f6baa29edf6c54090c18705dc24c7859ba9a706c
                       476df4ad77011b72f9e4b80082c2a819
       Extensions: 
                       critical(true) BasicConstraints: isCa(true)
                       critical(true) KeyUsage: 0x6
                       critical(false) 2.5.29.17 value = Sequence
    Tagged [7] IMPLICIT 
        DER Octet String[4] 
    Tagged [2] IMPLICIT 
        DER Octet String[65] 

 from file: /home/runner/work/ozone/ozone/hadoop-ozone/integration-test/target/test-dir/MiniOzoneClusterImpl-ed2e7ec8-c199-49a5-9fff-29e1d18647c8/scmNode-1/scm/sub-ca/certs/CA-1.crt.
2023-06-21 21:48:28,411 [main] INFO  client.SCMCertificateClient (DefaultCertificateClient.java:startCertificateMonitor(1260)) - CertificateLifetimeMonitor for scm/sub-ca is started with first delay 158716792591 ms and interval 86400000 ms.
2023-06-21 21:48:28,432 [main] INFO  ha.SCMNodeInfo (SCMNodeInfo.java:getPort(197)) - ConfigKey ozone.scm.client.address is deprecated, For configuring different ports for each SCM use PortConfigKey ozone.scm.client.port appended with serviceId and nodeId
2023-06-21 21:48:28,432 [main] INFO  ha.SCMNodeInfo (SCMNodeInfo.java:getPort(197)) - ConfigKey ozone.scm.block.client.address is deprecated, For configuring different ports for each SCM use PortConfigKey ozone.scm.block.client.port appended with serviceId and nodeId
2023-06-21 21:48:28,432 [main] INFO  ha.SCMNodeInfo (SCMNodeInfo.java:getPort(197)) - ConfigKey ozone.scm.security.service.address is deprecated, For configuring different ports for each SCM use PortConfigKey ozone.scm.security.service.port appended with serviceId and nodeId
2023-06-21 21:48:28,432 [main] INFO  ha.SCMNodeInfo (SCMNodeInfo.java:getPort(197)) - ConfigKey ozone.scm.datanode.address is deprecated, For configuring different ports for each SCM use PortConfigKey ozone.scm.datanode.port appended with serviceId and nodeId
2023-06-21 21:48:28,432 [main] INFO  ha.SCMNodeInfo (SCMNodeInfo.java:getPort(197)) - ConfigKey ozone.scm.client.address is deprecated, For configuring different ports for each SCM use PortConfigKey ozone.scm.client.port appended with serviceId and nodeId
2023-06-21 21:48:28,432 [main] INFO  ha.SCMNodeInfo (SCMNodeInfo.java:getPort(197)) - ConfigKey ozone.scm.block.client.address is deprecated, For configuring different ports for each SCM use PortConfigKey ozone.scm.block.client.port appended with serviceId and nodeId
2023-06-21 21:48:28,433 [main] INFO  ha.SCMNodeInfo (SCMNodeInfo.java:getPort(197)) - ConfigKey ozone.scm.security.service.address is deprecated, For configuring different ports for each SCM use PortConfigKey ozone.scm.security.service.port appended with serviceId and nodeId
2023-06-21 21:48:28,433 [main] INFO  ha.SCMNodeInfo (SCMNodeInfo.java:getPort(197)) - ConfigKey ozone.scm.datanode.address is deprecated, For configuring different ports for each SCM use PortConfigKey ozone.scm.datanode.port appended with serviceId and nodeId
2023-06-21 21:48:28,433 [main] INFO  ha.SCMNodeInfo (SCMNodeInfo.java:getPort(197)) - ConfigKey ozone.scm.client.address is deprecated, For configuring different ports for each SCM use PortConfigKey ozone.scm.client.port appended with serviceId and nodeId
2023-06-21 21:48:28,433 [main] INFO  ha.SCMNodeInfo (SCMNodeInfo.java:getPort(197)) - ConfigKey ozone.scm.block.client.address is deprecated, For configuring different ports for each SCM use PortConfigKey ozone.scm.block.client.port appended with serviceId and nodeId
2023-06-21 21:48:28,433 [main] INFO  ha.SCMNodeInfo (SCMNodeInfo.java:getPort(197)) - ConfigKey ozone.scm.security.service.address is deprecated, For configuring different ports for each SCM use PortConfigKey ozone.scm.security.service.port appended with serviceId and nodeId
2023-06-21 21:48:28,433 [main] INFO  ha.SCMNodeInfo (SCMNodeInfo.java:getPort(197)) - ConfigKey ozone.scm.datanode.address is deprecated, For configuring different ports for each SCM use PortConfigKey ozone.scm.datanode.port appended with serviceId and nodeId
2023-06-21 21:48:28,491 [pool-2-thread-1] INFO  request.KdcRequest (KdcRequest.java:preauth(651)) - The preauth data is empty.
2023-06-21 21:48:28,496 [pool-2-thread-1] INFO  server.KdcHandler (KdcHandler.java:handleRecoverableException(177)) - KRB error occurred while processing request:Additional pre-authentication required
2023-06-21 21:48:28,543 [pool-2-thread-1] INFO  request.AsRequest (AsRequest.java:issueTicket(112)) - AS_REQ ISSUE: authtime 1687384108542,scm/fv-az1254-726.qtnbswlwlufehe3u4emko3izng.cx.internal.cloudapp.net@EXAMPLE.COM for krbtgt/EXAMPLE.COM@EXAMPLE.COM
2023-06-21 21:48:28,550 [main] INFO  security.UserGroupInformation (UserGroupInformation.java:loginUserFromKeytab(1132)) - Login successful for user scm/fv-az1254-726.qtnbswlwlufehe3u4emko3izng.cx.internal.cloudapp.net@EXAMPLE.COM using keytab file scm.keytab. Keytab auto renewal enabled : false
2023-06-21 21:48:28,551 [main] INFO  server.StorageContainerManager (StorageContainerManager.java:loginAsSCMUserIfSecurityEnabled(1054)) - SCM login successful.
2023-06-21 21:48:28,620 [main] WARN  utils.HAUtils (HAUtils.java:getMetaDir(339)) - ozone.scm.db.dirs is not configured. We recommend adding this setting. Falling back to ozone.metadata.dirs instead.
2023-06-21 21:48:28,758 [main] WARN  db.DBStoreBuilder (DBStoreBuilder.java:applyDBDefinition(165)) - ozone.scm.db.dirs is not configured. We recommend adding this setting. Falling back to ozone.metadata.dirs instead.
2023-06-21 21:48:28,967 [main] INFO  net.NodeSchemaLoader (NodeSchemaLoader.java:loadSchemaFromFile(129)) - Loading schema from [jar:file:/home/runner/.m2/repository/org/apache/ozone/hdds-common/1.4.0-SNAPSHOT/hdds-common-1.4.0-SNAPSHOT.jar!/network-topology-default.xml]
2023-06-21 21:48:28,968 [main] INFO  net.NodeSchemaLoader (NodeSchemaLoader.java:loadSchema(176)) - Loading network topology layer schema file
2023-06-21 21:48:29,052 [main] INFO  ha.SCMRatisServerImpl (SCMRatisServerImpl.java:<init>(98)) - starting Raft server for scm:6554ba57-669d-4c9f-91d9-11f4838b8a27
2023-06-21 21:48:29,054 [main] INFO  server.RaftServer (ConfUtils.java:logGet(46)) - raft.rpc.type = GRPC (default)
2023-06-21 21:48:29,054 [main] INFO  grpc.GrpcConfigKeys (ConfUtils.java:logFallback(53)) - raft.grpc.admin.host = null (fallback to raft.grpc.server.host)
2023-06-21 21:48:29,054 [main] INFO  grpc.GrpcConfigKeys (ConfUtils.java:logFallback(53)) - raft.grpc.admin.port = 15003 (fallback to raft.grpc.server.port)
2023-06-21 21:48:29,055 [main] INFO  grpc.GrpcConfigKeys (ConfUtils.java:logFallback(53)) - raft.grpc.client.host = null (fallback to raft.grpc.server.host)
2023-06-21 21:48:29,055 [main] INFO  grpc.GrpcConfigKeys (ConfUtils.java:logFallback(53)) - raft.grpc.client.port = 15003 (fallback to raft.grpc.server.port)
2023-06-21 21:48:29,055 [main] INFO  grpc.GrpcConfigKeys (ConfUtils.java:logGet(46)) - raft.grpc.server.host = null (default)
2023-06-21 21:48:29,055 [main] INFO  grpc.GrpcConfigKeys (ConfUtils.java:logGet(46)) - raft.grpc.server.port = 15003 (custom)
2023-06-21 21:48:29,055 [main] INFO  server.GrpcService (ConfUtils.java:logGet(46)) - raft.grpc.message.size.max = 32m (=33554432) (custom)
2023-06-21 21:48:29,056 [main] INFO  server.RaftServerConfigKeys (ConfUtils.java:logGet(46)) - raft.server.log.appender.buffer.byte-limit = 33554432 (custom)
2023-06-21 21:48:29,056 [main] INFO  server.GrpcService (ConfUtils.java:logGet(46)) - raft.grpc.flow.control.window = 1MB (=1048576) (default)
2023-06-21 21:48:29,056 [main] INFO  server.RaftServerConfigKeys (ConfUtils.java:logGet(46)) - raft.server.rpc.request.timeout = 30000ms (custom)
2023-06-21 21:48:29,056 [main] INFO  grpc.GrpcConfigKeys (ConfUtils.java:logGet(46)) - raft.grpc.server.heartbeat.channel = true (default)
2023-06-21 21:48:29,056 [main] INFO  grpc.GrpcConfigKeys (ConfUtils.java:logGet(46)) - raft.grpc.server.async.request.thread.pool.cached = true (default)
2023-06-21 21:48:29,056 [main] INFO  grpc.GrpcConfigKeys (ConfUtils.java:logGet(46)) - raft.grpc.server.async.request.thread.pool.size = 32 (default)
2023-06-21 21:48:29,058 [main] INFO  impl.DataStreamServerImpl (ConfUtils.java:logGet(46)) - raft.datastream.type = DISABLED (default)
2023-06-21 21:48:29,058 [main] INFO  server.RaftServerConfigKeys (ConfUtils.java:logGet(46)) - raft.server.threadpool.proxy.cached = true (default)
2023-06-21 21:48:29,058 [main] INFO  server.RaftServerConfigKeys (ConfUtils.java:logGet(46)) - raft.server.threadpool.proxy.size = 0 (default)
2023-06-21 21:48:29,058 [main] INFO  server.RaftServerConfigKeys (ConfUtils.java:logGet(46)) - raft.server.rpc.slowness.timeout = 120000ms (custom)
2023-06-21 21:48:29,059 [main] INFO  server.RaftServerConfigKeys (ConfUtils.java:logGet(46)) - raft.server.leaderelection.leader.step-down.wait-time = 10s (default)
2023-06-21 21:48:29,059 [main] INFO  server.RaftServerConfigKeys (ConfUtils.java:logGet(46)) - raft.server.storage.dir = [/home/runner/work/ozone/ozone/hadoop-ozone/integration-test/target/test-dir/MiniOzoneClusterImpl-ed2e7ec8-c199-49a5-9fff-29e1d18647c8/scmNode-1/scm-ha] (custom)
2023-06-21 21:48:29,060 [6554ba57-669d-4c9f-91d9-11f4838b8a27-impl-thread1] INFO  server.RaftServer (RaftServerProxy.java:initGroupDir(258)) - 6554ba57-669d-4c9f-91d9-11f4838b8a27: found a subdirectory /home/runner/work/ozone/ozone/hadoop-ozone/integration-test/target/test-dir/MiniOzoneClusterImpl-ed2e7ec8-c199-49a5-9fff-29e1d18647c8/scmNode-1/scm-ha/ed2e7ec8-c199-49a5-9fff-29e1d18647c8
2023-06-21 21:48:29,060 [main] INFO  server.RaftServer (RaftServerProxy.java:addNew(98)) - 6554ba57-669d-4c9f-91d9-11f4838b8a27: addNew group-29E1D18647C8:[] returns group-29E1D18647C8:java.util.concurrent.CompletableFuture@6cbbfe29[Not completed]
2023-06-21 21:48:29,068 [6554ba57-669d-4c9f-91d9-11f4838b8a27-groupManagement] INFO  server.RaftServer$Division (RaftServerImpl.java:<init>(198)) - 6554ba57-669d-4c9f-91d9-11f4838b8a27: new RaftServerImpl for group-29E1D18647C8:[] with SCMStateMachine:uninitialized
2023-06-21 21:48:29,068 [6554ba57-669d-4c9f-91d9-11f4838b8a27-groupManagement] INFO  server.RaftServerConfigKeys (ConfUtils.java:logGet(46)) - raft.server.rpc.timeout.min = 5000ms (custom)
2023-06-21 21:48:29,069 [6554ba57-669d-4c9f-91d9-11f4838b8a27-groupManagement] INFO  server.RaftServerConfigKeys (ConfUtils.java:logGet(46)) - raft.server.rpc.timeout.max = 5200ms (custom)
2023-06-21 21:48:29,069 [6554ba57-669d-4c9f-91d9-11f4838b8a27-groupManagement] INFO  server.RaftServerConfigKeys (ConfUtils.java:logGet(46)) - raft.server.rpc.sleep.time = 25ms (default)
2023-06-21 21:48:29,069 [6554ba57-669d-4c9f-91d9-11f4838b8a27-groupManagement] INFO  server.RaftServerConfigKeys (ConfUtils.java:logGet(46)) - raft.server.rpc.slowness.timeout = 120000ms (custom)
2023-06-21 21:48:29,069 [6554ba57-669d-4c9f-91d9-11f4838b8a27-groupManagement] INFO  server.RaftServerConfigKeys (ConfUtils.java:logGet(46)) - raft.server.leaderelection.leader.step-down.wait-time = 10s (default)
2023-06-21 21:48:29,069 [6554ba57-669d-4c9f-91d9-11f4838b8a27-groupManagement] INFO  server.RaftServerConfigKeys (ConfUtils.java:logGet(46)) - raft.server.sleep.deviation.threshold = 300ms (default)
2023-06-21 21:48:29,069 [6554ba57-669d-4c9f-91d9-11f4838b8a27-groupManagement] INFO  server.RaftServer$Division (ServerState.java:<init>(120)) - 6554ba57-669d-4c9f-91d9-11f4838b8a27@group-29E1D18647C8: ConfigurationManager, init=-1: peers:[]|listeners:[], old=null, confs=<EMPTY_MAP>
2023-06-21 21:48:29,069 [6554ba57-669d-4c9f-91d9-11f4838b8a27-groupManagement] INFO  server.RaftServerConfigKeys (ConfUtils.java:logGet(46)) - raft.server.storage.dir = [/home/runner/work/ozone/ozone/hadoop-ozone/integration-test/target/test-dir/MiniOzoneClusterImpl-ed2e7ec8-c199-49a5-9fff-29e1d18647c8/scmNode-1/scm-ha] (custom)
2023-06-21 21:48:29,069 [6554ba57-669d-4c9f-91d9-11f4838b8a27-groupManagement] INFO  server.RaftServerConfigKeys (ConfUtils.java:logGet(46)) - raft.server.log.corruption.policy = EXCEPTION (default)
2023-06-21 21:48:29,070 [6554ba57-669d-4c9f-91d9-11f4838b8a27-groupManagement] INFO  server.RaftServerConfigKeys (ConfUtils.java:logGet(46)) - raft.server.storage.free-space.min = 0MB (=0) (default)
2023-06-21 21:48:29,070 [6554ba57-669d-4c9f-91d9-11f4838b8a27-groupManagement] INFO  server.RaftServerConfigKeys (ConfUtils.java:logGet(46)) - raft.server.notification.no-leader.timeout = 60s (default)
2023-06-21 21:48:29,070 [6554ba57-669d-4c9f-91d9-11f4838b8a27-groupManagement] INFO  server.RaftServerConfigKeys (ConfUtils.java:logGet(46)) - raft.server.read.timeout = 10s (default)
2023-06-21 21:48:29,070 [6554ba57-669d-4c9f-91d9-11f4838b8a27-groupManagement] INFO  server.RaftServerConfigKeys (ConfUtils.java:logGet(46)) - raft.server.retrycache.expirytime = 60000ms (default)
2023-06-21 21:48:29,070 [6554ba57-669d-4c9f-91d9-11f4838b8a27-groupManagement] INFO  server.RaftServerConfigKeys (ConfUtils.java:logGet(46)) - raft.server.retrycache.statistics.expirytime = 100μs (default)
2023-06-21 21:48:29,071 [6554ba57-669d-4c9f-91d9-11f4838b8a27-groupManagement] INFO  server.RaftServerConfigKeys (ConfUtils.java:logGet(46)) - raft.server.read.option = DEFAULT (default)
2023-06-21 21:48:29,075 [6554ba57-669d-4c9f-91d9-11f4838b8a27-groupManagement] INFO  server.RaftServerConfigKeys (ConfUtils.java:logGet(46)) - raft.server.rpc.request.timeout = 30000ms (custom)
2023-06-21 21:48:29,076 [6554ba57-669d-4c9f-91d9-11f4838b8a27-groupManagement] INFO  server.RaftServerConfigKeys (ConfUtils.java:logGet(46)) - raft.server.log.appender.install.snapshot.enabled = false (custom)
2023-06-21 21:48:29,076 [6554ba57-669d-4c9f-91d9-11f4838b8a27-groupManagement] INFO  server.RaftServerConfigKeys (ConfUtils.java:logGet(46)) - raft.server.threadpool.server.cached = true (default)
2023-06-21 21:48:29,076 [6554ba57-669d-4c9f-91d9-11f4838b8a27-groupManagement] INFO  server.RaftServerConfigKeys (ConfUtils.java:logGet(46)) - raft.server.threadpool.server.size = 0 (default)
2023-06-21 21:48:29,076 [6554ba57-669d-4c9f-91d9-11f4838b8a27-groupManagement] INFO  server.RaftServerConfigKeys (ConfUtils.java:logGet(46)) - raft.server.threadpool.client.cached = true (default)
2023-06-21 21:48:29,076 [6554ba57-669d-4c9f-91d9-11f4838b8a27-groupManagement] INFO  server.RaftServerConfigKeys (ConfUtils.java:logGet(46)) - raft.server.threadpool.client.size = 0 (default)
2023-06-21 21:48:29,078 [main] INFO  ha.SCMSnapshotProvider (SCMSnapshotProvider.java:<init>(66)) - Initializing SCM Snapshot Provider
2023-06-21 21:48:29,078 [main] WARN  server.ServerUtils (ServerUtils.java:getDefaultRatisDirectory(323)) - Storage directory for Ratis is not configured. It is a good idea to map this to an SSD disk. Falling back to ozone.metadata.dirs
2023-06-21 21:48:29,078 [main] WARN  ha.SCMHAUtils (SCMHAUtils.java:getSCMRatisSnapshotDirectory(153)) - SCM snapshot dir is not configured. Falling back to ozone.metadata.dirs config
2023-06-21 21:48:29,105 [main] INFO  upgrade.AbstractLayoutVersionManager (AbstractLayoutVersionManager.java:init(83)) - Initializing Layout version manager with metadata layout = HADOOP_PRC_PORTS_IN_DATANODEDETAILS (version = 7), software layout = HADOOP_PRC_PORTS_IN_DATANODEDETAILS (version = 7)
2023-06-21 21:48:29,142 [main] INFO  ha.SequenceIdGenerator (SequenceIdGenerator.java:upgradeToSequenceId(349)) - upgrade localId to 111677748019200000
2023-06-21 21:48:29,143 [main] INFO  ha.SequenceIdGenerator (SequenceIdGenerator.java:upgradeToSequenceId(359)) - upgrade delTxnId to 0
2023-06-21 21:48:29,149 [main] INFO  ha.SequenceIdGenerator (SequenceIdGenerator.java:upgradeToSequenceId(376)) - upgrade containerId to 0
2023-06-21 21:48:29,150 [main] INFO  ha.SequenceIdGenerator (SequenceIdGenerator.java:<init>(220)) - Init the HA SequenceIdGenerator.
2023-06-21 21:48:29,211 [main] INFO  node.SCMNodeManager (SCMNodeManager.java:<init>(158)) - Entering startup safe mode.
2023-06-21 21:48:29,226 [main] INFO  algorithms.ContainerPlacementPolicyFactory (ContainerPlacementPolicyFactory.java:getPolicyInternal(86)) - Create container placement policy of type org.apache.hadoop.hdds.scm.container.placement.algorithms.SCMContainerPlacementRackAware
2023-06-21 21:48:29,228 [main] INFO  algorithms.ContainerPlacementPolicyFactory (ContainerPlacementPolicyFactory.java:getPolicyInternal(86)) - Create container placement policy of type org.apache.hadoop.hdds.scm.container.placement.algorithms.SCMContainerPlacementRackScatter
2023-06-21 21:48:29,236 [main] INFO  pipeline.PipelineStateManagerImpl (PipelineStateManagerImpl.java:initialize(78)) - No pipeline exists in current db
2023-06-21 21:48:29,249 [main] INFO  algorithms.LeaderChoosePolicyFactory (LeaderChoosePolicyFactory.java:getPolicy(57)) - Create leader choose policy of type org.apache.hadoop.hdds.scm.pipeline.leader.choose.algorithms.MinLeaderCountChoosePolicy
2023-06-21 21:48:29,249 [main] INFO  algorithms.ContainerPlacementPolicyFactory (ContainerPlacementPolicyFactory.java:getPolicyInternal(86)) - Create container placement policy of type org.apache.hadoop.hdds.scm.container.placement.algorithms.SCMContainerPlacementRackScatter
2023-06-21 21:48:29,255 [main] INFO  ha.SCMServiceManager (SCMServiceManager.java:register(42)) - Registering service BackgroundPipelineCreator.
2023-06-21 21:48:29,255 [main] INFO  pipeline.BackgroundPipelineCreator (BackgroundPipelineCreator.java:start(124)) - Starting RatisPipelineUtilsThread.
2023-06-21 21:48:29,260 [main] INFO  BackgroundPipelineScrubber (BackgroundSCMService.java:start(68)) - Starting BackgroundPipelineScrubber Service.
2023-06-21 21:48:29,260 [main] INFO  ha.SCMServiceManager (SCMServiceManager.java:register(42)) - Registering service BackgroundPipelineScrubber.
2023-06-21 21:48:29,267 [main] INFO  ExpiredContainerReplicaOpScrubber (BackgroundSCMService.java:start(68)) - Starting ExpiredContainerReplicaOpScrubber Service.
2023-06-21 21:48:29,267 [main] INFO  ha.SCMServiceManager (SCMServiceManager.java:register(42)) - Registering service ExpiredContainerReplicaOpScrubber.
2023-06-21 21:48:29,320 [main] INFO  algorithms.PipelineChoosePolicyFactory (PipelineChoosePolicyFactory.java:createPipelineChoosePolicyFromClass(73)) - Create pipeline choose policy of type org.apache.hadoop.hdds.scm.pipeline.choose.algorithms.RandomPipelineChoosePolicy
2023-06-21 21:48:29,341 [main] INFO  ha.SCMServiceManager (SCMServiceManager.java:register(42)) - Registering service SCMBlockDeletingService.
2023-06-21 21:48:29,398 [main] INFO  replication.ReplicationManager (ReplicationManager.java:start(286)) - Starting Replication Monitor Thread.
2023-06-21 21:48:29,407 [main] INFO  ha.SCMServiceManager (SCMServiceManager.java:register(42)) - Registering service ReplicationManager.
2023-06-21 21:48:29,413 [ReplicationMonitor] INFO  replication.ReplicationManager (ReplicationManager.java:processAll(361)) - Replication Manager is not ready to run until 300000ms after safemode exit
2023-06-21 21:48:29,419 [main] INFO  safemode.ContainerSafeModeRule (ContainerSafeModeRule.java:<init>(89)) - containers with one replica threshold count 0
2023-06-21 21:48:29,423 [main] INFO  safemode.HealthyPipelineSafeModeRule (HealthyPipelineSafeModeRule.java:initializeRule(169)) - Total pipeline count is 0, healthy pipeline threshold count is 0
2023-06-21 21:48:29,425 [main] INFO  safemode.OneReplicaPipelineSafeModeRule (OneReplicaPipelineSafeModeRule.java:initializeRule(180)) - Total pipeline count is 0, pipeline's with at least one datanode reported threshold count is 0
2023-06-21 21:48:29,676 [main] INFO  security.SecretKeyManagerService (SecretKeyManagerService.java:start(143)) - Scheduling rotation checker with interval PT1S
2023-06-21 21:48:29,678 [main] INFO  ha.SCMServiceManager (SCMServiceManager.java:register(42)) - Registering service SecretKeyManagerService.
2023-06-21 21:48:29,685 [main] INFO  authority.DefaultCAServer (DefaultCAServer.java:lambda$processVerificationStatus$0(465)) - CertificateServer validation is successful
2023-06-21 21:48:29,686 [main] INFO  authority.DefaultCAServer (DefaultCAServer.java:lambda$processVerificationStatus$0(465)) - CertificateServer validation is successful
2023-06-21 21:48:29,687 [main] INFO  server.StorageContainerManager (StorageContainerManager.java:persistPrimarySCMCerts(922)) - Storing sub-ca certificate serialId 1699472678288 on primary SCM
2023-06-21 21:48:29,695 [main] INFO  server.StorageContainerManager (StorageContainerManager.java:persistPrimarySCMCerts(930)) - Storing root certificate serialId 1
2023-06-21 21:48:29,733 [main] INFO  ipc.CallQueueManager (CallQueueManager.java:<init>(90)) - Using callQueue: class java.util.concurrent.LinkedBlockingQueue, queueCapacity: 200, scheduler: class org.apache.hadoop.ipc.DefaultRpcScheduler, ipcBackoff: false.
2023-06-21 21:48:29,776 [Socket Reader #1 for port 15002] INFO  ipc.Server (Server.java:run(1319)) - Starting Socket Reader #1 for port 15002
2023-06-21 21:48:29,823 [Listener at 0.0.0.0/15002] INFO  hdds.HddsUtils (HddsUtils.java:preserveThreadName(848)) - Restoring thread name: main
2023-06-21 21:48:29,831 [main] INFO  ha.SCMServiceManager (SCMServiceManager.java:register(42)) - Registering service RootCARotationManager.
2023-06-21 21:48:29,832 [main] INFO  server.StorageContainerManager (StorageContainerManager.java:<init>(418)) - SCM start with adminUsers: [runner, scm]
2023-06-21 21:48:30,093 [main] INFO  audit.AuditLogger (AuditLogger.java:refreshDebugCmdSet(126)) - Refresh DebugCmdSet for SCMAudit to [].
2023-06-21 21:48:30,100 [main] INFO  ipc.CallQueueManager (CallQueueManager.java:<init>(90)) - Using callQueue: class java.util.concurrent.LinkedBlockingQueue, queueCapacity: 10000, scheduler: class org.apache.hadoop.ipc.DefaultRpcScheduler, ipcBackoff: false.
2023-06-21 21:48:30,101 [Socket Reader #1 for port 15004] INFO  ipc.Server (Server.java:run(1319)) - Starting Socket Reader #1 for port 15004
2023-06-21 21:48:30,109 [Listener at 0.0.0.0/15004] INFO  hdds.HddsUtils (HddsUtils.java:preserveThreadName(848)) - Restoring thread name: main
2023-06-21 21:48:30,136 [main] INFO  audit.AuditLogger (AuditLogger.java:refreshDebugCmdSet(126)) - Refresh DebugCmdSet for SCMAudit to [].
2023-06-21 21:48:30,141 [main] INFO  ipc.CallQueueManager (CallQueueManager.java:<init>(90)) - Using callQueue: class java.util.concurrent.LinkedBlockingQueue, queueCapacity: 10000, scheduler: class org.apache.hadoop.ipc.DefaultRpcScheduler, ipcBackoff: false.
2023-06-21 21:48:30,142 [Socket Reader #1 for port 15007] INFO  ipc.Server (Server.java:run(1319)) - Starting Socket Reader #1 for port 15007
2023-06-21 21:48:30,146 [Listener at 0.0.0.0/15007] INFO  hdds.HddsUtils (HddsUtils.java:preserveThreadName(848)) - Restoring thread name: main
2023-06-21 21:48:30,178 [main] INFO  audit.AuditLogger (AuditLogger.java:refreshDebugCmdSet(126)) - Refresh DebugCmdSet for SCMAudit to [].
2023-06-21 21:48:30,189 [main] INFO  ipc.CallQueueManager (CallQueueManager.java:<init>(90)) - Using callQueue: class java.util.concurrent.LinkedBlockingQueue, queueCapacity: 10000, scheduler: class org.apache.hadoop.ipc.DefaultRpcScheduler, ipcBackoff: false.
2023-06-21 21:48:30,189 [Socket Reader #1 for port 15005] INFO  ipc.Server (Server.java:run(1319)) - Starting Socket Reader #1 for port 15005
2023-06-21 21:48:30,194 [Listener at 0.0.0.0/15005] INFO  hdds.HddsUtils (HddsUtils.java:preserveThreadName(848)) - Restoring thread name: main
2023-06-21 21:48:30,249 [main] INFO  ha.SCMServiceManager (SCMServiceManager.java:register(42)) - Registering service ContainerBalancer.
2023-06-21 21:48:30,249 [main] INFO  server.StorageContainerManager (StorageContainerManager.java:<init>(431)) - 
Container Balancer status:
Key                            Value
Running                        false
Container Balancer Configuration values:
Key                                                Value
Threshold                                          10
Max Datanodes to Involve per Iteration(percent)    20
Max Size to Move per Iteration                     500GB
Max Size Entering Target per Iteration             26GB
Max Size Leaving Source per Iteration              26GB

2023-06-21 21:48:30,249 [main] INFO  ha.SCMContext (SCMContext.java:updateSafeModeStatus(228)) - Update SafeModeStatus from SafeModeStatus{safeModeStatus=true, preCheckPassed=false} to SafeModeStatus{safeModeStatus=true, preCheckPassed=false}.
2023-06-21 21:48:30,255 [main] INFO  server.StorageContainerManager (StorageContainerManager.java:start(1495)) - StorageContainerLocationProtocol RPC server is listening at /0.0.0.0:15005
2023-06-21 21:48:30,256 [main] INFO  ha.SCMRatisServerImpl (SCMRatisServerImpl.java:start(189)) - starting ratis server 0.0.0.0:15003
2023-06-21 21:48:30,258 [6554ba57-669d-4c9f-91d9-11f4838b8a27-impl-thread1] INFO  storage.RaftStorageDirectory (RaftStorageDirectoryImpl.java:tryLock(231)) - Lock on /home/runner/work/ozone/ozone/hadoop-ozone/integration-test/target/test-dir/MiniOzoneClusterImpl-ed2e7ec8-c199-49a5-9fff-29e1d18647c8/scmNode-1/scm-ha/ed2e7ec8-c199-49a5-9fff-29e1d18647c8/in_use.lock acquired by nodename 26391@fv-az1254-726
2023-06-21 21:48:30,259 [6554ba57-669d-4c9f-91d9-11f4838b8a27-impl-thread1] INFO  storage.RaftStorage (RaftStorageImpl.java:analyzeAndRecoverStorage(117)) - Read RaftStorageMetadata{term=1, votedFor=6554ba57-669d-4c9f-91d9-11f4838b8a27} from /home/runner/work/ozone/ozone/hadoop-ozone/integration-test/target/test-dir/MiniOzoneClusterImpl-ed2e7ec8-c199-49a5-9fff-29e1d18647c8/scmNode-1/scm-ha/ed2e7ec8-c199-49a5-9fff-29e1d18647c8/current/raft-meta
2023-06-21 21:48:30,263 [6554ba57-669d-4c9f-91d9-11f4838b8a27-impl-thread1] INFO  server.RaftServer$Division (ServerState.java:setRaftConf(434)) - 6554ba57-669d-4c9f-91d9-11f4838b8a27@group-29E1D18647C8: set configuration 0: peers:[6554ba57-669d-4c9f-91d9-11f4838b8a27|rpc:localhost:15003|admin:|client:|dataStream:|priority:0|startupRole:FOLLOWER]|listeners:[], old=null
2023-06-21 21:48:30,264 [6554ba57-669d-4c9f-91d9-11f4838b8a27-impl-thread1] INFO  server.RaftServerConfigKeys (ConfUtils.java:logGet(46)) - raft.server.log.use.memory = false (default)
2023-06-21 21:48:30,264 [6554ba57-669d-4c9f-91d9-11f4838b8a27-impl-thread1] INFO  server.RaftServerConfigKeys (ConfUtils.java:logGet(46)) - raft.server.log.purge.gap = 100 (custom)
2023-06-21 21:48:30,265 [6554ba57-669d-4c9f-91d9-11f4838b8a27-impl-thread1] INFO  server.RaftServerConfigKeys (ConfUtils.java:logGet(46)) - raft.server.log.appender.buffer.byte-limit = 33554432 (custom)
2023-06-21 21:48:30,265 [6554ba57-669d-4c9f-91d9-11f4838b8a27-impl-thread1] INFO  server.RaftServerConfigKeys (ConfUtils.java:logGet(46)) - raft.server.log.statemachine.data.read.timeout = 1000ms (default)
2023-06-21 21:48:30,265 [6554ba57-669d-4c9f-91d9-11f4838b8a27-impl-thread1] INFO  server.RaftServerConfigKeys (ConfUtils.java:logGet(46)) - raft.server.log.purge.preservation.log.num = 0 (default)
2023-06-21 21:48:30,266 [6554ba57-669d-4c9f-91d9-11f4838b8a27-impl-thread1] INFO  server.RaftServerConfigKeys (ConfUtils.java:logGet(46)) - raft.server.log.segment.size.max = 4194304 (custom)
2023-06-21 21:48:30,266 [6554ba57-669d-4c9f-91d9-11f4838b8a27-impl-thread1] INFO  server.RaftServerConfigKeys (ConfUtils.java:logGet(46)) - raft.server.log.segment.cache.num.max = 2 (custom)
2023-06-21 21:48:30,266 [6554ba57-669d-4c9f-91d9-11f4838b8a27-impl-thread1] INFO  server.RaftServerConfigKeys (ConfUtils.java:logGet(46)) - raft.server.log.segment.cache.size.max = 200MB (=209715200) (default)
2023-06-21 21:48:30,266 [6554ba57-669d-4c9f-91d9-11f4838b8a27-impl-thread1] INFO  server.RaftServerConfigKeys (ConfUtils.java:logGet(46)) - raft.server.log.appender.buffer.byte-limit = 33554432 (custom)
2023-06-21 21:48:30,266 [6554ba57-669d-4c9f-91d9-11f4838b8a27-impl-thread1] INFO  segmented.SegmentedRaftLogWorker (SegmentedRaftLogWorker.java:<init>(188)) - new 6554ba57-669d-4c9f-91d9-11f4838b8a27@group-29E1D18647C8-SegmentedRaftLogWorker for RaftStorageImpl:Storage Directory /home/runner/work/ozone/ozone/hadoop-ozone/integration-test/target/test-dir/MiniOzoneClusterImpl-ed2e7ec8-c199-49a5-9fff-29e1d18647c8/scmNode-1/scm-ha/ed2e7ec8-c199-49a5-9fff-29e1d18647c8
2023-06-21 21:48:30,267 [6554ba57-669d-4c9f-91d9-11f4838b8a27-impl-thread1] INFO  server.RaftServerConfigKeys (ConfUtils.java:logGet(46)) - raft.server.log.queue.byte-limit = 64MB (=67108864) (default)
2023-06-21 21:48:30,267 [6554ba57-669d-4c9f-91d9-11f4838b8a27-impl-thread1] INFO  server.RaftServerConfigKeys (ConfUtils.java:logGet(46)) - raft.server.log.queue.element-limit = 4096 (default)
2023-06-21 21:48:30,267 [6554ba57-669d-4c9f-91d9-11f4838b8a27-impl-thread1] INFO  server.RaftServerConfigKeys (ConfUtils.java:logGet(46)) - raft.server.log.segment.size.max = 4194304 (custom)
2023-06-21 21:48:30,267 [6554ba57-669d-4c9f-91d9-11f4838b8a27-impl-thread1] INFO  server.RaftServerConfigKeys (ConfUtils.java:logGet(46)) - raft.server.log.preallocated.size = 4194304 (custom)
2023-06-21 21:48:30,267 [6554ba57-669d-4c9f-91d9-11f4838b8a27-impl-thread1] INFO  server.RaftServerConfigKeys (ConfUtils.java:logGet(46)) - raft.server.log.force.sync.num = 128 (default)
2023-06-21 21:48:30,267 [6554ba57-669d-4c9f-91d9-11f4838b8a27-impl-thread1] INFO  server.RaftServerConfigKeys (ConfUtils.java:logGet(46)) - raft.server.log.statemachine.data.sync = true (default)
2023-06-21 21:48:30,267 [6554ba57-669d-4c9f-91d9-11f4838b8a27-impl-thread1] INFO  server.RaftServerConfigKeys (ConfUtils.java:logGet(46)) - raft.server.log.statemachine.data.sync.timeout = 10s (default)
2023-06-21 21:48:30,267 [6554ba57-669d-4c9f-91d9-11f4838b8a27-impl-thread1] INFO  server.RaftServerConfigKeys (ConfUtils.java:logGet(46)) - raft.server.log.statemachine.data.sync.timeout.retry = -1 (default)
2023-06-21 21:48:30,268 [6554ba57-669d-4c9f-91d9-11f4838b8a27-impl-thread1] INFO  server.RaftServerConfigKeys (ConfUtils.java:logGet(46)) - raft.server.log.write.buffer.size = 64KB (=65536) (default)
2023-06-21 21:48:30,269 [6554ba57-669d-4c9f-91d9-11f4838b8a27-impl-thread1] INFO  server.RaftServerConfigKeys (ConfUtils.java:logGet(46)) - raft.server.log.appender.buffer.byte-limit = 33554432 (custom)
2023-06-21 21:48:30,273 [6554ba57-669d-4c9f-91d9-11f4838b8a27-impl-thread1] INFO  server.RaftServerConfigKeys (ConfUtils.java:logGet(46)) - raft.server.log.unsafe-flush.enabled = false (default)
2023-06-21 21:48:30,274 [6554ba57-669d-4c9f-91d9-11f4838b8a27-impl-thread1] INFO  server.RaftServerConfigKeys (ConfUtils.java:logGet(46)) - raft.server.log.async-flush.enabled = false (default)
2023-06-21 21:48:30,274 [6554ba57-669d-4c9f-91d9-11f4838b8a27-impl-thread1] INFO  server.RaftServerConfigKeys (ConfUtils.java:logGet(46)) - raft.server.log.statemachine.data.caching.enabled = false (default)
2023-06-21 21:48:30,281 [6554ba57-669d-4c9f-91d9-11f4838b8a27-impl-thread1] INFO  server.RaftServer$Division (ServerState.java:setRaftConf(434)) - 6554ba57-669d-4c9f-91d9-11f4838b8a27@group-29E1D18647C8: set configuration 0: peers:[6554ba57-669d-4c9f-91d9-11f4838b8a27|rpc:localhost:15003|admin:|client:|dataStream:|priority:0|startupRole:FOLLOWER]|listeners:[], old=null
2023-06-21 21:48:30,282 [6554ba57-669d-4c9f-91d9-11f4838b8a27-impl-thread1] INFO  segmented.LogSegment (LogSegment.java:loadSegment(170)) - Successfully read 1 entries from segment file /home/runner/work/ozone/ozone/hadoop-ozone/integration-test/target/test-dir/MiniOzoneClusterImpl-ed2e7ec8-c199-49a5-9fff-29e1d18647c8/scmNode-1/scm-ha/ed2e7ec8-c199-49a5-9fff-29e1d18647c8/current/log_inprogress_0
2023-06-21 21:48:30,282 [6554ba57-669d-4c9f-91d9-11f4838b8a27-impl-thread1] INFO  segmented.SegmentedRaftLogWorker (SegmentedRaftLogWorker.java:lambda$new$0(135)) - 6554ba57-669d-4c9f-91d9-11f4838b8a27@group-29E1D18647C8-SegmentedRaftLogWorker: safeCacheEvictIndex: setUnconditionally 0 -> -1
2023-06-21 21:48:30,282 [6554ba57-669d-4c9f-91d9-11f4838b8a27-impl-thread1] INFO  server.RaftServer$Division (RaftServerImpl.java:start(342)) - 6554ba57-669d-4c9f-91d9-11f4838b8a27@group-29E1D18647C8: start as a follower, conf=0: peers:[6554ba57-669d-4c9f-91d9-11f4838b8a27|rpc:localhost:15003|admin:|client:|dataStream:|priority:0|startupRole:FOLLOWER]|listeners:[], old=null
2023-06-21 21:48:30,282 [6554ba57-669d-4c9f-91d9-11f4838b8a27-impl-thread1] INFO  server.RaftServer$Division (RaftServerImpl.java:setRole(329)) - 6554ba57-669d-4c9f-91d9-11f4838b8a27@group-29E1D18647C8: changes role from      null to FOLLOWER at term 1 for startAsFollower
2023-06-21 21:48:30,283 [6554ba57-669d-4c9f-91d9-11f4838b8a27-impl-thread1] INFO  impl.RoleInfo (RoleInfo.java:updateAndGet(139)) - 6554ba57-669d-4c9f-91d9-11f4838b8a27: start 6554ba57-669d-4c9f-91d9-11f4838b8a27@group-29E1D18647C8-FollowerState
2023-06-21 21:48:30,283 [6554ba57-669d-4c9f-91d9-11f4838b8a27-impl-thread1] INFO  util.JmxRegister (JmxRegister.java:tryRegister(44)) - Successfully registered JMX Bean with object name Ratis:service=RaftServer,group=group-29E1D18647C8,id=6554ba57-669d-4c9f-91d9-11f4838b8a27
2023-06-21 21:48:30,288 [6554ba57-669d-4c9f-91d9-11f4838b8a27-impl-thread1] INFO  server.RaftServerConfigKeys (ConfUtils.java:logGet(46)) - raft.server.snapshot.auto.trigger.enabled = true (custom)
2023-06-21 21:48:30,288 [6554ba57-669d-4c9f-91d9-11f4838b8a27-impl-thread1] INFO  server.RaftServerConfigKeys (ConfUtils.java:logGet(46)) - raft.server.snapshot.auto.trigger.threshold = 100 (custom)
2023-06-21 21:48:30,288 [6554ba57-669d-4c9f-91d9-11f4838b8a27-impl-thread1] INFO  server.RaftServerConfigKeys (ConfUtils.java:logGet(46)) - raft.server.snapshot.retention.file.num = -1 (default)
2023-06-21 21:48:30,288 [6554ba57-669d-4c9f-91d9-11f4838b8a27-impl-thread1] INFO  server.RaftServerConfigKeys (ConfUtils.java:logGet(46)) - raft.server.log.purge.upto.snapshot.index = true (custom)
2023-06-21 21:48:30,290 [main] INFO  server.RaftServer (RaftServerProxy.java:startImpl(400)) - 6554ba57-669d-4c9f-91d9-11f4838b8a27: start RPC server
2023-06-21 21:48:30,293 [main] INFO  server.GrpcService (GrpcService.java:startImpl(302)) - 6554ba57-669d-4c9f-91d9-11f4838b8a27: GrpcService started, listening on 15003
2023-06-21 21:48:30,297 [JvmPauseMonitor1] INFO  util.JvmPauseMonitor (JvmPauseMonitor.java:run(103)) - JvmPauseMonitor-6554ba57-669d-4c9f-91d9-11f4838b8a27: Started
2023-06-21 21:48:30,301 [6554ba57-669d-4c9f-91d9-11f4838b8a27@group-29E1D18647C8-FollowerState] INFO  server.RaftServerConfigKeys (ConfUtils.java:logFallback(53)) - raft.server.rpc.first-election.timeout.min = 5000ms (fallback to raft.server.rpc.timeout.min)
2023-06-21 21:48:30,301 [6554ba57-669d-4c9f-91d9-11f4838b8a27@group-29E1D18647C8-FollowerState] INFO  server.RaftServerConfigKeys (ConfUtils.java:logFallback(53)) - raft.server.rpc.first-election.timeout.max = 5200ms (fallback to raft.server.rpc.timeout.max)
2023-06-21 21:48:30,341 [main] INFO  ha.SCMHAManagerImpl (SCMHAManagerImpl.java:start(139)) -  scm role is FOLLOWER peers [6554ba57-669d-4c9f-91d9-11f4838b8a27|rpc:localhost:15003|admin:|client:|dataStream:|priority:0|startupRole:FOLLOWER]
2023-06-21 21:48:30,341 [main] INFO  ha.InterSCMGrpcService (InterSCMGrpcProtocolService.java:start(95)) - Starting SCM Grpc Service at port 15006
2023-06-21 21:48:30,346 [main] INFO  SCMHATransactionMonitor (BackgroundSCMService.java:start(68)) - Starting SCMHATransactionMonitor Service.
2023-06-21 21:48:30,351 [main] INFO  ha.SCMServiceManager (SCMServiceManager.java:register(42)) - Registering service SCMHATransactionMonitor.
2023-06-21 21:48:30,351 [main] INFO  SCMHATransactionMonitor (BackgroundSCMService.java:start(65)) - SCMHATransactionMonitor Service is already running, skip start.
2023-06-21 21:48:30,439 [main] WARN  impl.MetricsConfig (MetricsConfig.java:loadFirst(136)) - Cannot locate configuration: tried hadoop-metrics2-storagecontainermanager.properties,hadoop-metrics2.properties
2023-06-21 21:48:30,464 [main] INFO  impl.MetricsSystemImpl (MetricsSystemImpl.java:startTimer(378)) - Scheduled Metric snapshot period at 10 second(s).
2023-06-21 21:48:30,464 [main] INFO  impl.MetricsSystemImpl (MetricsSystemImpl.java:start(191)) - StorageContainerManager metrics system started
2023-06-21 21:48:30,557 [main] INFO  server.SCMClientProtocolServer (SCMClientProtocolServer.java:start(201)) - RPC server for Client  is listening at /0.0.0.0:15005
2023-06-21 21:48:30,558 [IPC Server Responder] INFO  ipc.Server (Server.java:run(1558)) - IPC Server Responder: starting
2023-06-21 21:48:30,580 [main] INFO  server.StorageContainerManager (StorageContainerManager.java:start(1508)) - ScmBlockLocationProtocol RPC server is listening at /0.0.0.0:15007
2023-06-21 21:48:30,581 [main] INFO  server.SCMBlockProtocolServer (SCMBlockProtocolServer.java:start(152)) - RPC server for Block Protocol is listening at /0.0.0.0:15007
2023-06-21 21:48:30,582 [IPC Server Responder] INFO  ipc.Server (Server.java:run(1558)) - IPC Server Responder: starting
2023-06-21 21:48:30,582 [IPC Server listener on 15007] INFO  ipc.Server (Server.java:run(1398)) - IPC Server listener on 15007: starting
2023-06-21 21:48:30,603 [main] INFO  server.SCMSecurityProtocolServer (SCMSecurityProtocolServer.java:start(491)) - Starting RPC server for SCMSecurityProtocolServer. is listening at /0.0.0.0:15002
2023-06-21 21:48:30,604 [IPC Server Responder] INFO  ipc.Server (Server.java:run(1558)) - IPC Server Responder: starting
2023-06-21 21:48:30,604 [IPC Server listener on 15002] INFO  ipc.Server (Server.java:run(1398)) - IPC Server listener on 15002: starting
2023-06-21 21:48:30,605 [main] INFO  server.SCMUpdateServiceGrpcServer (SCMUpdateServiceGrpcServer.java:start(58)) - SCMUpdateService starting
2023-06-21 21:48:30,612 [IPC Server listener on 15005] INFO  ipc.Server (Server.java:run(1398)) - IPC Server listener on 15005: starting
2023-06-21 21:48:30,638 [main] INFO  security.RootCARotationManager (RootCARotationManager.java:start(135)) - Monitor task for root certificate 1 is started with interval PT24H.
2023-06-21 21:48:30,661 [main] INFO  http.BaseHttpServer (BaseHttpServer.java:newHttpServer2BuilderForOzone(224)) - Starting Web-server for scm at: http://0.0.0.0:15000
2023-06-21 21:48:30,661 [main] INFO  http.BaseHttpServer (BaseHttpServer.java:<init>(111)) - Hadoop Security Enabled: true Ozone Security Enabled: true Ozone HTTP Security Enabled: false 
2023-06-21 21:48:30,685 [main] INFO  util.log (Log.java:initialized(170)) - Logging initialized @13526ms to org.eclipse.jetty.util.log.Slf4jLog
2023-06-21 21:48:30,789 [main] WARN  server.AuthenticationFilter (AuthenticationFilter.java:constructSecretProvider(240)) - Unable to initialize FileSignerSecretProvider, falling back to use random secrets. Reason: Could not read signature secret file: /home/runner/hadoop-http-auth-signature-secret
2023-06-21 21:48:30,795 [main] INFO  http.HttpRequestLog (HttpRequestLog.java:getRequestLog(86)) - Http request log for http.requests.scm is not defined
2023-06-21 21:48:30,803 [main] INFO  http.HttpServer2 (HttpServer2.java:addGlobalFilter(1031)) - Added global filter 'safety' (class=org.apache.hadoop.hdds.server.http.HttpServer2$QuotingInputFilter)
2023-06-21 21:48:30,806 [main] INFO  http.HttpServer2 (HttpServer2.java:addFilter(1007)) - Added filter static_user_filter (class=org.apache.hadoop.http.lib.StaticUserWebFilter$StaticUserFilter) to context scm
2023-06-21 21:48:30,806 [main] INFO  http.HttpServer2 (HttpServer2.java:addFilter(1015)) - Added filter static_user_filter (class=org.apache.hadoop.http.lib.StaticUserWebFilter$StaticUserFilter) to context static
2023-06-21 21:48:30,806 [main] INFO  http.HttpServer2 (HttpServer2.java:addFilter(1015)) - Added filter static_user_filter (class=org.apache.hadoop.http.lib.StaticUserWebFilter$StaticUserFilter) to context logs
2023-06-21 21:48:30,980 [main] INFO  http.BaseHttpServer (BaseHttpServer.java:<init>(190)) - HTTP server of scm uses base directory /home/runner/work/ozone/ozone/hadoop-ozone/integration-test/target/test-dir/MiniOzoneClusterImpl-ed2e7ec8-c199-49a5-9fff-29e1d18647c8/scmNode-1/webserver
2023-06-21 21:48:30,982 [main] INFO  http.HttpServer2 (HttpServer2.java:bindListener(1250)) - Jetty bound to port 15000
2023-06-21 21:48:30,984 [main] INFO  server.Server (Server.java:doStart(375)) - jetty-9.4.51.v20230217; built: 2023-02-17T08:19:37.309Z; git: b45c405e4544384de066f814ed42ae3dceacdd49; jvm 1.8.0_372-b07
2023-06-21 21:48:31,013 [main] INFO  server.session (DefaultSessionIdManager.java:doStart(334)) - DefaultSessionIdManager workerName=node0
2023-06-21 21:48:31,014 [main] INFO  server.session (DefaultSessionIdManager.java:doStart(339)) - No SessionScavenger set, using defaults
2023-06-21 21:48:31,015 [main] INFO  server.session (HouseKeeper.java:startScavenging(132)) - node0 Scavenging every 660000ms
2023-06-21 21:48:31,027 [main] INFO  handler.ContextHandler (ContextHandler.java:doStart(921)) - Started o.e.j.s.ServletContextHandler@59294447{logs,/logs,file:///home/runner/work/ozone/ozone/hadoop-ozone/integration-test/target/log,AVAILABLE}
2023-06-21 21:48:31,028 [main] INFO  handler.ContextHandler (ContextHandler.java:doStart(921)) - Started o.e.j.s.ServletContextHandler@4eb5cdae{static,/static,file:///home/runner/work/ozone/ozone/hadoop-ozone/integration-test/target/test-classes/webapps/static,AVAILABLE}
2023-06-21 21:48:31,066 [main] INFO  handler.ContextHandler (ContextHandler.java:doStart(921)) - Started o.e.j.w.WebAppContext@7c1f435a{scm,/,file:///home/runner/work/ozone/ozone/hadoop-ozone/integration-test/target/test-classes/webapps/scm/,AVAILABLE}{file:/home/runner/work/ozone/ozone/hadoop-ozone/integration-test/target/test-classes/webapps/scm}
2023-06-21 21:48:31,074 [main] INFO  server.AbstractConnector (AbstractConnector.java:doStart(333)) - Started ServerConnector@3ed79f41{HTTP/1.1, (http/1.1)}{0.0.0.0:15000}
2023-06-21 21:48:31,074 [main] INFO  server.Server (Server.java:doStart(415)) - Started @13915ms
2023-06-21 21:48:31,076 [main] INFO  impl.MetricsSinkAdapter (MetricsSinkAdapter.java:start(204)) - Sink prometheus started
2023-06-21 21:48:31,076 [main] INFO  impl.MetricsSystemImpl (MetricsSystemImpl.java:registerSink(305)) - Registered sink prometheus
2023-06-21 21:48:31,078 [main] INFO  http.BaseHttpServer (BaseHttpServer.java:updateConnectorAddress(344)) - HTTP server of scm listening at http://0.0.0.0:15000
2023-06-21 21:48:31,081 [main] INFO  ozone.MiniOzoneHAClusterImpl (MiniOzoneHAClusterImpl.java:createSCMService(584)) - Started SCM RPC server at /0.0.0.0:15005
2023-06-21 21:48:31,082 [main] WARN  server.ServerUtils (ServerUtils.java:getScmDbDir(155)) - ozone.scm.db.dirs is not configured. We recommend adding this setting. Falling back to ozone.metadata.dirs instead.
2023-06-21 21:48:31,083 [main] INFO  ha.SCMHANodeDetails (SCMHANodeDetails.java:loadSCMHAConfig(210)) - ServiceID for StorageContainerManager is SCMServiceId
2023-06-21 21:48:31,083 [main] INFO  ha.SCMHANodeDetails (SCMHANodeDetails.java:loadSCMHAConfig(221)) - ServiceID for StorageContainerManager is SCMServiceId
2023-06-21 21:48:31,083 [main] WARN  scm.ScmUtils (ScmUtils.java:logWarn(190)) - ConfigKey ozone.scm.block.client.address is deprecated, For configuring different ports for each SCM use PortConfigKey ozone.scm.block.client.port appended with serviceId and nodeId. If want to configure same port configure ozone.scm.block.client.port
2023-06-21 21:48:31,083 [main] WARN  scm.ScmUtils (ScmUtils.java:logWarn(190)) - ConfigKey ozone.scm.client.address is deprecated, For configuring different ports for each SCM use PortConfigKey ozone.scm.client.port appended with serviceId and nodeId. If want to configure same port configure ozone.scm.client.port
2023-06-21 21:48:31,083 [main] WARN  scm.ScmUtils (ScmUtils.java:logWarn(190)) - ConfigKey ozone.scm.datanode.address is deprecated, For configuring different ports for each SCM use PortConfigKey ozone.scm.datanode.port appended with serviceId and nodeId. If want to configure same port configure ozone.scm.datanode.port
2023-06-21 21:48:31,084 [main] WARN  scm.ScmUtils (ScmUtils.java:logWarn(190)) - ConfigKey ozone.scm.block.client.address is deprecated, For configuring different ports for each SCM use PortConfigKey ozone.scm.block.client.port appended with serviceId and nodeId. If want to configure same port configure ozone.scm.block.client.port
2023-06-21 21:48:31,084 [main] WARN  scm.ScmUtils (ScmUtils.java:logWarn(190)) - ConfigKey ozone.scm.client.address is deprecated, For configuring different ports for each SCM use PortConfigKey ozone.scm.client.port appended with serviceId and nodeId. If want to configure same port configure ozone.scm.client.port
2023-06-21 21:48:31,084 [main] WARN  scm.ScmUtils (ScmUtils.java:logWarn(190)) - ConfigKey ozone.scm.datanode.address is deprecated, For configuring different ports for each SCM use PortConfigKey ozone.scm.datanode.port appended with serviceId and nodeId. If want to configure same port configure ozone.scm.datanode.port
2023-06-21 21:48:31,084 [main] INFO  ha.SCMHANodeDetails (SCMHANodeDetails.java:loadSCMHAConfig(308)) - Found matching SCM address with SCMServiceId: SCMServiceId, SCMNodeId: scmNode-2, RPC Address: localhost:15011 and Ratis port: 15011
2023-06-21 21:48:31,084 [main] INFO  ha.SCMHANodeDetails (ConfUtils.java:setNodeSpecificConfigs(97)) - Setting configuration key ozone.scm.datanode.address with value of key ozone.scm.datanode.address.SCMServiceId.scmNode-2: 127.0.0.1:15012
2023-06-21 21:48:31,085 [main] INFO  ha.SCMHANodeDetails (ConfUtils.java:setNodeSpecificConfigs(97)) - Setting configuration key ozone.scm.block.client.address with value of key ozone.scm.block.client.address.SCMServiceId.scmNode-2: 127.0.0.1:15015
2023-06-21 21:48:31,085 [main] INFO  ha.SCMHANodeDetails (ConfUtils.java:setNodeSpecificConfigs(97)) - Setting configuration key ozone.scm.client.address with value of key ozone.scm.client.address.SCMServiceId.scmNode-2: 127.0.0.1:15013
2023-06-21 21:48:31,085 [main] INFO  ha.SCMHANodeDetails (ConfUtils.java:setNodeSpecificConfigs(97)) - Setting configuration key ozone.scm.security.service.address with value of key ozone.scm.security.service.address.SCMServiceId.scmNode-2: 127.0.0.1:15010
2023-06-21 21:48:31,085 [main] INFO  ha.SCMHANodeDetails (ConfUtils.java:setNodeSpecificConfigs(97)) - Setting configuration key ozone.scm.ratis.port with value of key ozone.scm.ratis.port.SCMServiceId.scmNode-2: 15011
2023-06-21 21:48:31,085 [main] INFO  ha.SCMHANodeDetails (ConfUtils.java:setNodeSpecificConfigs(97)) - Setting configuration key ozone.scm.grpc.port with value of key ozone.scm.grpc.port.SCMServiceId.scmNode-2: 15014
2023-06-21 21:48:31,085 [main] INFO  ha.SCMHANodeDetails (ConfUtils.java:setNodeSpecificConfigs(97)) - Setting configuration key ozone.scm.http-address with value of key ozone.scm.http-address.SCMServiceId.scmNode-2: 127.0.0.1:15008
2023-06-21 21:48:31,085 [main] INFO  ha.SCMHANodeDetails (ConfUtils.java:setNodeSpecificConfigs(97)) - Setting configuration key ozone.scm.https-address with value of key ozone.scm.https-address.SCMServiceId.scmNode-2: 127.0.0.1:15009
2023-06-21 21:48:31,086 [main] INFO  ha.SCMHANodeDetails (ConfUtils.java:setNodeSpecificConfigs(97)) - Setting configuration key ozone.scm.address with value of key ozone.scm.address.SCMServiceId.scmNode-2: 127.0.0.1
2023-06-21 21:48:31,086 [main] WARN  scm.ScmUtils (ScmUtils.java:logWarn(190)) - ConfigKey ozone.scm.block.client.address is deprecated, For configuring different ports for each SCM use PortConfigKey ozone.scm.block.client.port appended with serviceId and nodeId. If want to configure same port configure ozone.scm.block.client.port
2023-06-21 21:48:31,086 [main] WARN  scm.ScmUtils (ScmUtils.java:logWarn(190)) - ConfigKey ozone.scm.client.address is deprecated, For configuring different ports for each SCM use PortConfigKey ozone.scm.client.port appended with serviceId and nodeId. If want to configure same port configure ozone.scm.client.port
2023-06-21 21:48:31,086 [main] WARN  scm.ScmUtils (ScmUtils.java:logWarn(190)) - ConfigKey ozone.scm.datanode.address is deprecated, For configuring different ports for each SCM use PortConfigKey ozone.scm.datanode.port appended with serviceId and nodeId. If want to configure same port configure ozone.scm.datanode.port
2023-06-21 21:48:31,086 [main] INFO  ha.SCMNodeInfo (SCMNodeInfo.java:getPort(197)) - ConfigKey ozone.scm.client.address is deprecated, For configuring different ports for each SCM use PortConfigKey ozone.scm.client.port appended with serviceId and nodeId
2023-06-21 21:48:31,087 [main] INFO  ha.SCMNodeInfo (SCMNodeInfo.java:getPort(197)) - ConfigKey ozone.scm.block.client.address is deprecated, For configuring different ports for each SCM use PortConfigKey ozone.scm.block.client.port appended with serviceId and nodeId
2023-06-21 21:48:31,087 [main] INFO  ha.SCMNodeInfo (SCMNodeInfo.java:getPort(197)) - ConfigKey ozone.scm.security.service.address is deprecated, For configuring different ports for each SCM use PortConfigKey ozone.scm.security.service.port appended with serviceId and nodeId
2023-06-21 21:48:31,087 [main] INFO  ha.SCMNodeInfo (SCMNodeInfo.java:getPort(197)) - ConfigKey ozone.scm.datanode.address is deprecated, For configuring different ports for each SCM use PortConfigKey ozone.scm.datanode.port appended with serviceId and nodeId
2023-06-21 21:48:31,087 [main] INFO  ha.SCMNodeInfo (SCMNodeInfo.java:getPort(197)) - ConfigKey ozone.scm.client.address is deprecated, For configuring different ports for each SCM use PortConfigKey ozone.scm.client.port appended with serviceId and nodeId
2023-06-21 21:48:31,087 [main] INFO  ha.SCMNodeInfo (SCMNodeInfo.java:getPort(197)) - ConfigKey ozone.scm.block.client.address is deprecated, For configuring different ports for each SCM use PortConfigKey ozone.scm.block.client.port appended with serviceId and nodeId
2023-06-21 21:48:31,087 [main] INFO  ha.SCMNodeInfo (SCMNodeInfo.java:getPort(197)) - ConfigKey ozone.scm.security.service.address is deprecated, For configuring different ports for each SCM use PortConfigKey ozone.scm.security.service.port appended with serviceId and nodeId
2023-06-21 21:48:31,087 [main] INFO  ha.SCMNodeInfo (SCMNodeInfo.java:getPort(197)) - ConfigKey ozone.scm.datanode.address is deprecated, For configuring different ports for each SCM use PortConfigKey ozone.scm.datanode.port appended with serviceId and nodeId
2023-06-21 21:48:31,087 [main] INFO  ha.SCMNodeInfo (SCMNodeInfo.java:getPort(197)) - ConfigKey ozone.scm.client.address is deprecated, For configuring different ports for each SCM use PortConfigKey ozone.scm.client.port appended with serviceId and nodeId
2023-06-21 21:48:31,088 [main] INFO  ha.SCMNodeInfo (SCMNodeInfo.java:getPort(197)) - ConfigKey ozone.scm.block.client.address is deprecated, For configuring different ports for each SCM use PortConfigKey ozone.scm.block.client.port appended with serviceId and nodeId
2023-06-21 21:48:31,088 [main] INFO  ha.SCMNodeInfo (SCMNodeInfo.java:getPort(197)) - ConfigKey ozone.scm.security.service.address is deprecated, For configuring different ports for each SCM use PortConfigKey ozone.scm.security.service.port appended with serviceId and nodeId
2023-06-21 21:48:31,088 [main] INFO  ha.SCMNodeInfo (SCMNodeInfo.java:getPort(197)) - ConfigKey ozone.scm.datanode.address is deprecated, For configuring different ports for each SCM use PortConfigKey ozone.scm.datanode.port appended with serviceId and nodeId
2023-06-21 21:48:31,091 [pool-2-thread-1] INFO  request.KdcRequest (KdcRequest.java:preauth(651)) - The preauth data is empty.
2023-06-21 21:48:31,091 [pool-2-thread-1] INFO  server.KdcHandler (KdcHandler.java:handleRecoverableException(177)) - KRB error occurred while processing request:Additional pre-authentication required
2023-06-21 21:48:31,097 [pool-2-thread-1] INFO  request.AsRequest (AsRequest.java:issueTicket(112)) - AS_REQ ISSUE: authtime 1687384111096,scm/fv-az1254-726.qtnbswlwlufehe3u4emko3izng.cx.internal.cloudapp.net@EXAMPLE.COM for krbtgt/EXAMPLE.COM@EXAMPLE.COM
2023-06-21 21:48:31,099 [main] INFO  security.UserGroupInformation (UserGroupInformation.java:loginUserFromKeytab(1132)) - Login successful for user scm/fv-az1254-726.qtnbswlwlufehe3u4emko3izng.cx.internal.cloudapp.net@EXAMPLE.COM using keytab file scm.keytab. Keytab auto renewal enabled : false
2023-06-21 21:48:31,100 [main] INFO  server.StorageContainerManager (StorageContainerManager.java:loginAsSCMUserIfSecurityEnabled(1054)) - SCM login successful.
2023-06-21 21:48:31,106 [main] INFO  ha.SCMNodeInfo (SCMNodeInfo.java:getPort(197)) - ConfigKey ozone.scm.client.address is deprecated, For configuring different ports for each SCM use PortConfigKey ozone.scm.client.port appended with serviceId and nodeId
2023-06-21 21:48:31,106 [main] INFO  ha.SCMNodeInfo (SCMNodeInfo.java:getPort(197)) - ConfigKey ozone.scm.block.client.address is deprecated, For configuring different ports for each SCM use PortConfigKey ozone.scm.block.client.port appended with serviceId and nodeId
2023-06-21 21:48:31,107 [main] INFO  ha.SCMNodeInfo (SCMNodeInfo.java:getPort(197)) - ConfigKey ozone.scm.security.service.address is deprecated, For configuring different ports for each SCM use PortConfigKey ozone.scm.security.service.port appended with serviceId and nodeId
2023-06-21 21:48:31,107 [main] INFO  ha.SCMNodeInfo (SCMNodeInfo.java:getPort(197)) - ConfigKey ozone.scm.datanode.address is deprecated, For configuring different ports for each SCM use PortConfigKey ozone.scm.datanode.port appended with serviceId and nodeId
2023-06-21 21:48:31,107 [main] INFO  ha.SCMNodeInfo (SCMNodeInfo.java:getPort(197)) - ConfigKey ozone.scm.client.address is deprecated, For configuring different ports for each SCM use PortConfigKey ozone.scm.client.port appended with serviceId and nodeId
2023-06-21 21:48:31,107 [main] INFO  ha.SCMNodeInfo (SCMNodeInfo.java:getPort(197)) - ConfigKey ozone.scm.block.client.address is deprecated, For configuring different ports for each SCM use PortConfigKey ozone.scm.block.client.port appended with serviceId and nodeId
2023-06-21 21:48:31,107 [main] INFO  ha.SCMNodeInfo (SCMNodeInfo.java:getPort(197)) - ConfigKey ozone.scm.security.service.address is deprecated, For configuring different ports for each SCM use PortConfigKey ozone.scm.security.service.port appended with serviceId and nodeId
2023-06-21 21:48:31,107 [main] INFO  ha.SCMNodeInfo (SCMNodeInfo.java:getPort(197)) - ConfigKey ozone.scm.datanode.address is deprecated, For configuring different ports for each SCM use PortConfigKey ozone.scm.datanode.port appended with serviceId and nodeId
2023-06-21 21:48:31,108 [main] INFO  proxy.SCMBlockLocationFailoverProxyProvider (SCMBlockLocationFailoverProxyProvider.java:<init>(114)) - Created block location fail-over proxy with 2 nodes: [nodeId=scmNode-3,nodeAddress=/127.0.0.1:15023, nodeId=scmNode-1,nodeAddress=/127.0.0.1:15007]
2023-06-21 21:48:31,254 [pool-2-thread-1] INFO  request.TgsRequest (TgsRequest.java:issueTicket(115)) - TGS_REQ ISSUE: authtime 1687384111254,scm/fv-az1254-726.qtnbswlwlufehe3u4emko3izng.cx.internal.cloudapp.net for scm/fv-az1254-726.qtnbswlwlufehe3u4emko3izng.cx.internal.cloudapp.net@EXAMPLE.COM
2023-06-21 21:48:31,290 [Socket Reader #1 for port 15007] INFO  ipc.Server (Server.java:saslProcess(2116)) - Auth successful for scm/fv-az1254-726.qtnbswlwlufehe3u4emko3izng.cx.internal.cloudapp.net@EXAMPLE.COM (auth:KERBEROS) from 10.1.0.15:35641
2023-06-21 21:48:35,408 [main] INFO  retry.RetryInvocationHandler (RetryInvocationHandler.java:log(422)) - com.google.protobuf.ServiceException: org.apache.hadoop.ipc.RemoteException(org.apache.hadoop.hdds.ratis.ServerNotLeaderException): Server:6554ba57-669d-4c9f-91d9-11f4838b8a27 is not the leader. Could not determine the leader node.
	at org.apache.hadoop.hdds.ratis.ServerNotLeaderException.convertToNotLeaderException(ServerNotLeaderException.java:109)
	at org.apache.hadoop.hdds.scm.ha.RatisUtil.checkRatisException(RatisUtil.java:249)
	at org.apache.hadoop.hdds.scm.protocol.ScmBlockLocationProtocolServerSideTranslatorPB.send(ScmBlockLocationProtocolServerSideTranslatorPB.java:109)
	at org.apache.hadoop.hdds.protocol.proto.ScmBlockLocationProtocolProtos$ScmBlockLocationProtocolService$2.callBlockingMethod(ScmBlockLocationProtocolProtos.java:14220)
	at org.apache.hadoop.ipc.ProtobufRpcEngine$Server.processCall(ProtobufRpcEngine.java:484)
	at org.apache.hadoop.ipc.ProtobufRpcEngine2$Server$ProtoBufRpcInvoker.call(ProtobufRpcEngine2.java:595)
	at org.apache.hadoop.ipc.ProtobufRpcEngine2$Server$ProtoBufRpcInvoker.call(ProtobufRpcEngine2.java:573)
	at org.apache.hadoop.ipc.RPC$Server.call(RPC.java:1213)
	at org.apache.hadoop.ipc.Server$RpcCall.run(Server.java:1089)
	at org.apache.hadoop.ipc.Server$RpcCall.run(Server.java:1012)
	at java.security.AccessController.doPrivileged(Native Method)
	at javax.security.auth.Subject.doAs(Subject.java:422)
	at org.apache.hadoop.security.UserGroupInformation.doAs(UserGroupInformation.java:1899)
	at org.apache.hadoop.ipc.Server$Handler.run(Server.java:3026)
, while invoking $Proxy44.send over nodeId=scmNode-1,nodeAddress=/127.0.0.1:15007 after 2 failover attempts. Trying to failover after sleeping for 2000ms. Current retry count: 2.
2023-06-21 21:48:35,461 [6554ba57-669d-4c9f-91d9-11f4838b8a27@group-29E1D18647C8-FollowerState] INFO  impl.FollowerState (FollowerState.java:run(143)) - 6554ba57-669d-4c9f-91d9-11f4838b8a27@group-29E1D18647C8-FollowerState: change to CANDIDATE, lastRpcElapsedTime:5178355949ns, electionTimeout:5159ms
2023-06-21 21:48:35,462 [6554ba57-669d-4c9f-91d9-11f4838b8a27@group-29E1D18647C8-FollowerState] INFO  impl.RoleInfo (RoleInfo.java:shutdownFollowerState(110)) - 6554ba57-669d-4c9f-91d9-11f4838b8a27: shutdown 6554ba57-669d-4c9f-91d9-11f4838b8a27@group-29E1D18647C8-FollowerState
2023-06-21 21:48:35,462 [6554ba57-669d-4c9f-91d9-11f4838b8a27@group-29E1D18647C8-FollowerState] INFO  server.RaftServer$Division (RaftServerImpl.java:setRole(329)) - 6554ba57-669d-4c9f-91d9-11f4838b8a27@group-29E1D18647C8: changes role from  FOLLOWER to CANDIDATE at term 1 for changeToCandidate
2023-06-21 21:48:35,462 [6554ba57-669d-4c9f-91d9-11f4838b8a27@group-29E1D18647C8-FollowerState] INFO  server.RaftServerConfigKeys (ConfUtils.java:logGet(46)) - raft.server.leaderelection.pre-vote = true (default)
2023-06-21 21:48:35,462 [6554ba57-669d-4c9f-91d9-11f4838b8a27@group-29E1D18647C8-FollowerState] INFO  impl.RoleInfo (RoleInfo.java:updateAndGet(139)) - 6554ba57-669d-4c9f-91d9-11f4838b8a27: start 6554ba57-669d-4c9f-91d9-11f4838b8a27@group-29E1D18647C8-LeaderElection2
2023-06-21 21:48:35,464 [6554ba57-669d-4c9f-91d9-11f4838b8a27@group-29E1D18647C8-LeaderElection2] INFO  impl.LeaderElection (LeaderElection.java:askForVotes(321)) - 6554ba57-669d-4c9f-91d9-11f4838b8a27@group-29E1D18647C8-LeaderElection2 PRE_VOTE round 0: submit vote requests at term 1 for 0: peers:[6554ba57-669d-4c9f-91d9-11f4838b8a27|rpc:localhost:15003|admin:|client:|dataStream:|priority:0|startupRole:FOLLOWER]|listeners:[], old=null
2023-06-21 21:48:35,464 [6554ba57-669d-4c9f-91d9-11f4838b8a27@group-29E1D18647C8-LeaderElection2] INFO  impl.LeaderElection (LeaderElection.java:askForVotes(323)) - 6554ba57-669d-4c9f-91d9-11f4838b8a27@group-29E1D18647C8-LeaderElection2 PRE_VOTE round 0: result PASSED (term=1)
2023-06-21 21:48:35,466 [6554ba57-669d-4c9f-91d9-11f4838b8a27@group-29E1D18647C8-LeaderElection2] INFO  impl.LeaderElection (LeaderElection.java:askForVotes(321)) - 6554ba57-669d-4c9f-91d9-11f4838b8a27@group-29E1D18647C8-LeaderElection2 ELECTION round 0: submit vote requests at term 2 for 0: peers:[6554ba57-669d-4c9f-91d9-11f4838b8a27|rpc:localhost:15003|admin:|client:|dataStream:|priority:0|startupRole:FOLLOWER]|listeners:[], old=null
2023-06-21 21:48:35,466 [6554ba57-669d-4c9f-91d9-11f4838b8a27@group-29E1D18647C8-LeaderElection2] INFO  impl.LeaderElection (LeaderElection.java:askForVotes(323)) - 6554ba57-669d-4c9f-91d9-11f4838b8a27@group-29E1D18647C8-LeaderElection2 ELECTION round 0: result PASSED (term=2)
2023-06-21 21:48:35,466 [6554ba57-669d-4c9f-91d9-11f4838b8a27@group-29E1D18647C8-LeaderElection2] INFO  impl.RoleInfo (RoleInfo.java:shutdownLeaderElection(130)) - 6554ba57-669d-4c9f-91d9-11f4838b8a27: shutdown 6554ba57-669d-4c9f-91d9-11f4838b8a27@group-29E1D18647C8-LeaderElection2
2023-06-21 21:48:35,466 [6554ba57-669d-4c9f-91d9-11f4838b8a27@group-29E1D18647C8-LeaderElection2] INFO  server.RaftServer$Division (RaftServerImpl.java:setRole(329)) - 6554ba57-669d-4c9f-91d9-11f4838b8a27@group-29E1D18647C8: changes role from CANDIDATE to LEADER at term 2 for changeToLeader
2023-06-21 21:48:35,466 [6554ba57-669d-4c9f-91d9-11f4838b8a27@group-29E1D18647C8-LeaderElection2] INFO  ha.SCMStateMachine (SCMStateMachine.java:notifyLeaderChanged(290)) - current SCM becomes leader of term 2.
2023-06-21 21:48:35,466 [6554ba57-669d-4c9f-91d9-11f4838b8a27@group-29E1D18647C8-LeaderElection2] INFO  ha.SCMContext (SCMContext.java:updateLeaderAndTerm(99)) - update <isLeader,term> from <false,0> to <true,2>
2023-06-21 21:48:35,470 [6554ba57-669d-4c9f-91d9-11f4838b8a27@group-29E1D18647C8-LeaderElection2] INFO  server.RaftServer$Division (ServerState.java:setLeader(317)) - 6554ba57-669d-4c9f-91d9-11f4838b8a27@group-29E1D18647C8: change Leader from null to 6554ba57-669d-4c9f-91d9-11f4838b8a27 at term 2 for becomeLeader, leader elected after 6396ms
2023-06-21 21:48:35,470 [6554ba57-669d-4c9f-91d9-11f4838b8a27@group-29E1D18647C8-LeaderElection2] INFO  server.RaftServerConfigKeys (ConfUtils.java:logGet(46)) - raft.server.staging.catchup.gap = 1000 (default)
2023-06-21 21:48:35,470 [6554ba57-669d-4c9f-91d9-11f4838b8a27@group-29E1D18647C8-LeaderElection2] INFO  server.RaftServerConfigKeys (ConfUtils.java:logGet(46)) - raft.server.write.element-limit = 4096 (default)
2023-06-21 21:48:35,470 [6554ba57-669d-4c9f-91d9-11f4838b8a27@group-29E1D18647C8-LeaderElection2] INFO  server.RaftServerConfigKeys (ConfUtils.java:logGet(46)) - raft.server.write.byte-limit = 64MB (=67108864) (default)
2023-06-21 21:48:35,470 [6554ba57-669d-4c9f-91d9-11f4838b8a27@group-29E1D18647C8-LeaderElection2] INFO  server.RaftServerConfigKeys (ConfUtils.java:logGet(46)) - raft.server.watch.timeout = 10s (default)
2023-06-21 21:48:35,470 [6554ba57-669d-4c9f-91d9-11f4838b8a27@group-29E1D18647C8-LeaderElection2] INFO  server.RaftServerConfigKeys (ConfUtils.java:logGet(46)) - raft.server.watch.timeout.denomination = 1s (default)
2023-06-21 21:48:35,471 [6554ba57-669d-4c9f-91d9-11f4838b8a27@group-29E1D18647C8-LeaderElection2] INFO  server.RaftServerConfigKeys (ConfUtils.java:logGet(46)) - raft.server.watch.element-limit = 65536 (default)
2023-06-21 21:48:35,471 [6554ba57-669d-4c9f-91d9-11f4838b8a27@group-29E1D18647C8-LeaderElection2] INFO  server.RaftServerConfigKeys (ConfUtils.java:logGet(46)) - raft.server.write.element-limit = 4096 (default)
2023-06-21 21:48:35,471 [6554ba57-669d-4c9f-91d9-11f4838b8a27@group-29E1D18647C8-LeaderElection2] INFO  server.RaftServerConfigKeys (ConfUtils.java:logGet(46)) - raft.server.write.follower.gap.ratio.max = -1.0 (default)
2023-06-21 21:48:35,471 [6554ba57-669d-4c9f-91d9-11f4838b8a27@group-29E1D18647C8-LeaderElection2] INFO  impl.RoleInfo (RoleInfo.java:updateAndGet(139)) - 6554ba57-669d-4c9f-91d9-11f4838b8a27: start 6554ba57-669d-4c9f-91d9-11f4838b8a27@group-29E1D18647C8-LeaderStateImpl
2023-06-21 21:48:35,472 [6554ba57-669d-4c9f-91d9-11f4838b8a27@group-29E1D18647C8-LeaderElection2] INFO  segmented.SegmentedRaftLogWorker (SegmentedRaftLogWorker.java:rollLogSegment(452)) - 6554ba57-669d-4c9f-91d9-11f4838b8a27@group-29E1D18647C8-SegmentedRaftLogWorker: Rolling segment log-0_0 to index:0
2023-06-21 21:48:35,474 [6554ba57-669d-4c9f-91d9-11f4838b8a27@group-29E1D18647C8-SegmentedRaftLogWorker] INFO  segmented.SegmentedRaftLogWorker (SegmentedRaftLogWorker.java:execute(608)) - 6554ba57-669d-4c9f-91d9-11f4838b8a27@group-29E1D18647C8-SegmentedRaftLogWorker: Rolled log segment from /home/runner/work/ozone/ozone/hadoop-ozone/integration-test/target/test-dir/MiniOzoneClusterImpl-ed2e7ec8-c199-49a5-9fff-29e1d18647c8/scmNode-1/scm-ha/ed2e7ec8-c199-49a5-9fff-29e1d18647c8/current/log_inprogress_0 to /home/runner/work/ozone/ozone/hadoop-ozone/integration-test/target/test-dir/MiniOzoneClusterImpl-ed2e7ec8-c199-49a5-9fff-29e1d18647c8/scmNode-1/scm-ha/ed2e7ec8-c199-49a5-9fff-29e1d18647c8/current/log_0-0
2023-06-21 21:48:35,482 [6554ba57-669d-4c9f-91d9-11f4838b8a27@group-29E1D18647C8-LeaderElection2] INFO  server.RaftServer$Division (ServerState.java:setRaftConf(434)) - 6554ba57-669d-4c9f-91d9-11f4838b8a27@group-29E1D18647C8: set configuration 1: peers:[6554ba57-669d-4c9f-91d9-11f4838b8a27|rpc:localhost:15003|admin:|client:|dataStream:|priority:0|startupRole:FOLLOWER]|listeners:[], old=null
2023-06-21 21:48:35,490 [6554ba57-669d-4c9f-91d9-11f4838b8a27@group-29E1D18647C8-SegmentedRaftLogWorker] INFO  segmented.SegmentedRaftLogWorker (SegmentedRaftLogWorker.java:execute(651)) - 6554ba57-669d-4c9f-91d9-11f4838b8a27@group-29E1D18647C8-SegmentedRaftLogWorker: created new log segment /home/runner/work/ozone/ozone/hadoop-ozone/integration-test/target/test-dir/MiniOzoneClusterImpl-ed2e7ec8-c199-49a5-9fff-29e1d18647c8/scmNode-1/scm-ha/ed2e7ec8-c199-49a5-9fff-29e1d18647c8/current/log_inprogress_1
2023-06-21 21:48:35,497 [6554ba57-669d-4c9f-91d9-11f4838b8a27@group-29E1D18647C8-StateMachineUpdater] INFO  ha.SCMContext (SCMContext.java:setLeaderReady(126)) - update <isLeaderReady> from <false> to <true>
2023-06-21 21:48:35,498 [6554ba57-669d-4c9f-91d9-11f4838b8a27@group-29E1D18647C8-StateMachineUpdater] INFO  pipeline.BackgroundPipelineCreator (BackgroundPipelineCreator.java:notifyStatusChanged(254)) - Service BackgroundPipelineCreator transitions to RUNNING.
2023-06-21 21:48:35,499 [SecretKeyManagerService] INFO  symmetric.SecretKeyManager (SecretKeyManager.java:checkAndInitialize(80)) - Initializing SecretKeys.
2023-06-21 21:48:35,501 [SecretKeyManagerService] INFO  symmetric.SecretKeyManager (SecretKeyManager.java:checkAndInitialize(94)) - No valid key has been loaded. A new key is generated: SecretKey(id = 549f050c-1bf3-451b-8f20-a15d7a7e75fa, creation at: 2023-06-21T21:48:35.500Z, expire at: 2023-06-21T21:49:36.500Z)
2023-06-21 21:48:35,512 [6554ba57-669d-4c9f-91d9-11f4838b8a27@group-29E1D18647C8-StateMachineUpdater] INFO  safemode.HealthyPipelineSafeModeRule (HealthyPipelineSafeModeRule.java:initializeRule(165)) - Refreshed total pipeline count is 0, healthy pipeline threshold count is 0
2023-06-21 21:48:35,514 [6554ba57-669d-4c9f-91d9-11f4838b8a27@group-29E1D18647C8-StateMachineUpdater] INFO  safemode.ContainerSafeModeRule (ContainerSafeModeRule.java:reInitializeRule(177)) - Refreshed one replica container threshold 0, currentThreshold 0
2023-06-21 21:48:35,515 [6554ba57-669d-4c9f-91d9-11f4838b8a27@group-29E1D18647C8-StateMachineUpdater] INFO  safemode.OneReplicaPipelineSafeModeRule (OneReplicaPipelineSafeModeRule.java:initializeRule(176)) - Refreshed Total pipeline count is 0, pipeline's with at least one datanode reported threshold count is 0
2023-06-21 21:48:35,516 [6554ba57-669d-4c9f-91d9-11f4838b8a27@group-29E1D18647C8-StateMachineUpdater] INFO  server.SCMDatanodeProtocolServer (SCMDatanodeProtocolServer.java:start(193)) - ScmDatanodeProtocol RPC server for DataNodes is listening at /0.0.0.0:15004
2023-06-21 21:48:35,524 [IPC Server Responder] INFO  ipc.Server (Server.java:run(1558)) - IPC Server Responder: starting
2023-06-21 21:48:35,526 [IPC Server listener on 15004] INFO  ipc.Server (Server.java:run(1398)) - IPC Server listener on 15004: starting
2023-06-21 21:48:35,632 [6554ba57-669d-4c9f-91d9-11f4838b8a27@group-29E1D18647C8-StateMachineUpdater] INFO  symmetric.SecretKeyStateImpl (SecretKeyStateImpl.java:updateKeysInternal(113)) - Updating keys with [SecretKey(id = 549f050c-1bf3-451b-8f20-a15d7a7e75fa, creation at: 2023-06-21T21:48:35.500Z, expire at: 2023-06-21T21:49:36.500Z)]
2023-06-21 21:48:35,633 [6554ba57-669d-4c9f-91d9-11f4838b8a27@group-29E1D18647C8-StateMachineUpdater] INFO  symmetric.SecretKeyStateImpl (SecretKeyStateImpl.java:updateKeysInternal(128)) - Current key updated SecretKey(id = 549f050c-1bf3-451b-8f20-a15d7a7e75fa, creation at: 2023-06-21T21:48:35.500Z, expire at: 2023-06-21T21:49:36.500Z)
2023-06-21 21:48:35,695 [6554ba57-669d-4c9f-91d9-11f4838b8a27@group-29E1D18647C8-StateMachineUpdater] INFO  symmetric.LocalSecretKeyStore (LocalSecretKeyStore.java:save(109)) - Saved [SecretKey(id = 549f050c-1bf3-451b-8f20-a15d7a7e75fa, creation at: 2023-06-21T21:48:35.500Z, expire at: 2023-06-21T21:49:36.500Z)] to file /home/runner/work/ozone/ozone/hadoop-ozone/integration-test/target/test-dir/MiniOzoneClusterImpl-ed2e7ec8-c199-49a5-9fff-29e1d18647c8/scmNode-1/scm/keys/secret_keys.json
2023-06-21 21:48:35,696 [6554ba57-669d-4c9f-91d9-11f4838b8a27@group-29E1D18647C8-StateMachineUpdater] INFO  safemode.SCMSafeModeManager (SCMSafeModeManager.java:validateSafeModeExitRules(200)) - HealthyPipelineSafeModeRule rule is successfully validated
2023-06-21 21:48:35,696 [6554ba57-669d-4c9f-91d9-11f4838b8a27@group-29E1D18647C8-StateMachineUpdater] INFO  safemode.SCMSafeModeManager (SCMSafeModeManager.java:validateSafeModeExitRules(200)) - ContainerSafeModeRule rule is successfully validated
2023-06-21 21:48:35,696 [6554ba57-669d-4c9f-91d9-11f4838b8a27@group-29E1D18647C8-StateMachineUpdater] INFO  safemode.SCMSafeModeManager (SCMSafeModeManager.java:validateSafeModeExitRules(200)) - AtleastOneDatanodeReportedRule rule is successfully validated
2023-06-21 21:48:37,410 [main] INFO  retry.RetryInvocationHandler (RetryInvocationHandler.java:log(422)) - com.google.protobuf.ServiceException: java.net.ConnectException: Call From fv-az1254-726/10.1.0.15 to localhost:15023 failed on connection exception: java.net.ConnectException: Connection refused; For more details see:  http://wiki.apache.org/hadoop/ConnectionRefused, while invoking $Proxy44.send over nodeId=scmNode-3,nodeAddress=/127.0.0.1:15023 after 3 failover attempts. Trying to failover after sleeping for 2000ms. Current retry count: 3.
2023-06-21 21:48:39,438 [main] INFO  ha.SCMNodeInfo (SCMNodeInfo.java:getPort(197)) - ConfigKey ozone.scm.client.address is deprecated, For configuring different ports for each SCM use PortConfigKey ozone.scm.client.port appended with serviceId and nodeId
2023-06-21 21:48:39,439 [main] INFO  ha.SCMNodeInfo (SCMNodeInfo.java:getPort(197)) - ConfigKey ozone.scm.block.client.address is deprecated, For configuring different ports for each SCM use PortConfigKey ozone.scm.block.client.port appended with serviceId and nodeId
2023-06-21 21:48:39,439 [main] INFO  ha.SCMNodeInfo (SCMNodeInfo.java:getPort(197)) - ConfigKey ozone.scm.security.service.address is deprecated, For configuring different ports for each SCM use PortConfigKey ozone.scm.security.service.port appended with serviceId and nodeId
2023-06-21 21:48:39,439 [main] INFO  ha.SCMNodeInfo (SCMNodeInfo.java:getPort(197)) - ConfigKey ozone.scm.datanode.address is deprecated, For configuring different ports for each SCM use PortConfigKey ozone.scm.datanode.port appended with serviceId and nodeId
2023-06-21 21:48:39,439 [main] INFO  ha.SCMNodeInfo (SCMNodeInfo.java:getPort(197)) - ConfigKey ozone.scm.client.address is deprecated, For configuring different ports for each SCM use PortConfigKey ozone.scm.client.port appended with serviceId and nodeId
2023-06-21 21:48:39,439 [main] INFO  ha.SCMNodeInfo (SCMNodeInfo.java:getPort(197)) - ConfigKey ozone.scm.block.client.address is deprecated, For configuring different ports for each SCM use PortConfigKey ozone.scm.block.client.port appended with serviceId and nodeId
2023-06-21 21:48:39,439 [main] INFO  ha.SCMNodeInfo (SCMNodeInfo.java:getPort(197)) - ConfigKey ozone.scm.security.service.address is deprecated, For configuring different ports for each SCM use PortConfigKey ozone.scm.security.service.port appended with serviceId and nodeId
2023-06-21 21:48:39,439 [main] INFO  ha.SCMNodeInfo (SCMNodeInfo.java:getPort(197)) - ConfigKey ozone.scm.datanode.address is deprecated, For configuring different ports for each SCM use PortConfigKey ozone.scm.datanode.port appended with serviceId and nodeId
2023-06-21 21:48:39,439 [main] INFO  ha.SCMNodeInfo (SCMNodeInfo.java:getPort(197)) - ConfigKey ozone.scm.client.address is deprecated, For configuring different ports for each SCM use PortConfigKey ozone.scm.client.port appended with serviceId and nodeId
2023-06-21 21:48:39,439 [main] INFO  ha.SCMNodeInfo (SCMNodeInfo.java:getPort(197)) - ConfigKey ozone.scm.block.client.address is deprecated, For configuring different ports for each SCM use PortConfigKey ozone.scm.block.client.port appended with serviceId and nodeId
2023-06-21 21:48:39,439 [main] INFO  ha.SCMNodeInfo (SCMNodeInfo.java:getPort(197)) - ConfigKey ozone.scm.security.service.address is deprecated, For configuring different ports for each SCM use PortConfigKey ozone.scm.security.service.port appended with serviceId and nodeId
2023-06-21 21:48:39,440 [main] INFO  ha.SCMNodeInfo (SCMNodeInfo.java:getPort(197)) - ConfigKey ozone.scm.datanode.address is deprecated, For configuring different ports for each SCM use PortConfigKey ozone.scm.datanode.port appended with serviceId and nodeId
2023-06-21 21:48:39,440 [main] INFO  ha.HASecurityUtils (HASecurityUtils.java:initializeSecurity(93)) - Initializing secure StorageContainerManager.
2023-06-21 21:48:39,440 [main] WARN  client.SCMCertificateClient (DefaultCertificateClient.java:loadAllCertificates(161)) - Certificates could not be loaded.
java.nio.file.NoSuchFileException: /home/runner/work/ozone/ozone/hadoop-ozone/integration-test/target/test-dir/MiniOzoneClusterImpl-ed2e7ec8-c199-49a5-9fff-29e1d18647c8/scmNode-2/scm/sub-ca/certs
	at sun.nio.fs.UnixException.translateToIOException(UnixException.java:86)
	at sun.nio.fs.UnixException.rethrowAsIOException(UnixException.java:102)
	at sun.nio.fs.UnixException.rethrowAsIOException(UnixException.java:107)
	at sun.nio.fs.UnixFileSystemProvider.newDirectoryStream(UnixFileSystemProvider.java:427)
	at java.nio.file.Files.newDirectoryStream(Files.java:457)
	at java.nio.file.Files.list(Files.java:3451)
	at org.apache.hadoop.hdds.security.x509.certificate.client.DefaultCertificateClient.loadAllCertificates(DefaultCertificateClient.java:156)
	at org.apache.hadoop.hdds.security.x509.certificate.client.DefaultCertificateClient.updateCertSerialId(DefaultCertificateClient.java:1206)
	at org.apache.hadoop.hdds.security.x509.certificate.client.DefaultCertificateClient.<init>(DefaultCertificateClient.java:148)
	at org.apache.hadoop.hdds.security.x509.certificate.client.SCMCertificateClient.<init>(SCMCertificateClient.java:54)
	at org.apache.hadoop.hdds.scm.ha.HASecurityUtils.initializeSecurity(HASecurityUtils.java:97)
	at org.apache.hadoop.hdds.scm.server.StorageContainerManager.scmBootstrap(StorageContainerManager.java:1202)
	at org.apache.hadoop.ozone.MiniOzoneHAClusterImpl$Builder.createSCMService(MiniOzoneHAClusterImpl.java:567)
	at org.apache.hadoop.ozone.MiniOzoneHAClusterImpl$Builder.build(MiniOzoneHAClusterImpl.java:403)
	at org.apache.hadoop.ozone.scm.TestSecretKeySnapshot.init(TestSecretKeySnapshot.java:137)
	at sun.reflect.NativeMethodAccessorImpl.invoke0(Native Method)
	at sun.reflect.NativeMethodAccessorImpl.invoke(NativeMethodAccessorImpl.java:62)
	at sun.reflect.DelegatingMethodAccessorImpl.invoke(DelegatingMethodAccessorImpl.java:43)
	at java.lang.reflect.Method.invoke(Method.java:498)
	at org.junit.platform.commons.util.ReflectionUtils.invokeMethod(ReflectionUtils.java:725)
	at org.junit.jupiter.engine.execution.MethodInvocation.proceed(MethodInvocation.java:60)
	at org.junit.jupiter.engine.execution.InvocationInterceptorChain$ValidatingInvocation.proceed(InvocationInterceptorChain.java:131)
	at org.junit.jupiter.engine.extension.TimeoutExtension.intercept(TimeoutExtension.java:149)
	at org.junit.jupiter.engine.extension.TimeoutExtension.interceptLifecycleMethod(TimeoutExtension.java:126)
	at org.junit.jupiter.engine.extension.TimeoutExtension.interceptBeforeEachMethod(TimeoutExtension.java:76)
	at org.junit.jupiter.engine.execution.ExecutableInvoker$ReflectiveInterceptorCall.lambda$ofVoidMethod$0(ExecutableInvoker.java:115)
	at org.junit.jupiter.engine.execution.ExecutableInvoker.lambda$invoke$0(ExecutableInvoker.java:105)
	at org.junit.jupiter.engine.execution.InvocationInterceptorChain$InterceptedInvocation.proceed(InvocationInterceptorChain.java:106)
	at org.junit.jupiter.engine.execution.InvocationInterceptorChain.proceed(InvocationInterceptorChain.java:64)
	at org.junit.jupiter.engine.execution.InvocationInterceptorChain.chainAndInvoke(InvocationInterceptorChain.java:45)
	at org.junit.jupiter.engine.execution.InvocationInterceptorChain.invoke(InvocationInterceptorChain.java:37)
	at org.junit.jupiter.engine.execution.ExecutableInvoker.invoke(ExecutableInvoker.java:104)
	at org.junit.jupiter.engine.execution.ExecutableInvoker.invoke(ExecutableInvoker.java:98)
	at org.junit.jupiter.engine.descriptor.ClassBasedTestDescriptor.invokeMethodInExtensionContext(ClassBasedTestDescriptor.java:506)
	at org.junit.jupiter.engine.descriptor.ClassBasedTestDescriptor.lambda$synthesizeBeforeEachMethodAdapter$21(ClassBasedTestDescriptor.java:491)
	at org.junit.jupiter.engine.descriptor.TestMethodTestDescriptor.lambda$invokeBeforeEachMethods$3(TestMethodTestDescriptor.java:171)
	at org.junit.jupiter.engine.descriptor.TestMethodTestDescriptor.lambda$invokeBeforeMethodsOrCallbacksUntilExceptionOccurs$6(TestMethodTestDescriptor.java:199)
	at org.junit.platform.engine.support.hierarchical.ThrowableCollector.execute(ThrowableCollector.java:73)
	at org.junit.jupiter.engine.descriptor.TestMethodTestDescriptor.invokeBeforeMethodsOrCallbacksUntilExceptionOccurs(TestMethodTestDescriptor.java:199)
	at org.junit.jupiter.engine.descriptor.TestMethodTestDescriptor.invokeBeforeEachMethods(TestMethodTestDescriptor.java:168)
	at org.junit.jupiter.engine.descriptor.TestMethodTestDescriptor.execute(TestMethodTestDescriptor.java:131)
	at org.junit.jupiter.engine.descriptor.TestMethodTestDescriptor.execute(TestMethodTestDescriptor.java:66)
	at org.junit.platform.engine.support.hierarchical.NodeTestTask.lambda$executeRecursively$6(NodeTestTask.java:151)
	at org.junit.platform.engine.support.hierarchical.ThrowableCollector.execute(ThrowableCollector.java:73)
	at org.junit.platform.engine.support.hierarchical.NodeTestTask.lambda$executeRecursively$8(NodeTestTask.java:141)
	at org.junit.platform.engine.support.hierarchical.Node.around(Node.java:137)
	at org.junit.platform.engine.support.hierarchical.NodeTestTask.lambda$executeRecursively$9(NodeTestTask.java:139)
	at org.junit.platform.engine.support.hierarchical.ThrowableCollector.execute(ThrowableCollector.java:73)
	at org.junit.platform.engine.support.hierarchical.NodeTestTask.executeRecursively(NodeTestTask.java:138)
	at org.junit.platform.engine.support.hierarchical.NodeTestTask.execute(NodeTestTask.java:95)
	at java.util.ArrayList.forEach(ArrayList.java:1259)
	at org.junit.platform.engine.support.hierarchical.SameThreadHierarchicalTestExecutorService.invokeAll(SameThreadHierarchicalTestExecutorService.java:41)
	at org.junit.platform.engine.support.hierarchical.NodeTestTask.lambda$executeRecursively$6(NodeTestTask.java:155)
	at org.junit.platform.engine.support.hierarchical.ThrowableCollector.execute(ThrowableCollector.java:73)
	at org.junit.platform.engine.support.hierarchical.NodeTestTask.lambda$executeRecursively$8(NodeTestTask.java:141)
	at org.junit.platform.engine.support.hierarchical.Node.around(Node.java:137)
	at org.junit.platform.engine.support.hierarchical.NodeTestTask.lambda$executeRecursively$9(NodeTestTask.java:139)
	at org.junit.platform.engine.support.hierarchical.ThrowableCollector.execute(ThrowableCollector.java:73)
	at org.junit.platform.engine.support.hierarchical.NodeTestTask.executeRecursively(NodeTestTask.java:138)
	at org.junit.platform.engine.support.hierarchical.NodeTestTask.execute(NodeTestTask.java:95)
	at java.util.ArrayList.forEach(ArrayList.java:1259)
	at org.junit.platform.engine.support.hierarchical.SameThreadHierarchicalTestExecutorService.invokeAll(SameThreadHierarchicalTestExecutorService.java:41)
	at org.junit.platform.engine.support.hierarchical.NodeTestTask.lambda$executeRecursively$6(NodeTestTask.java:155)
	at org.junit.platform.engine.support.hierarchical.ThrowableCollector.execute(ThrowableCollector.java:73)
	at org.junit.platform.engine.support.hierarchical.NodeTestTask.lambda$executeRecursively$8(NodeTestTask.java:141)
	at org.junit.platform.engine.support.hierarchical.Node.around(Node.java:137)
	at org.junit.platform.engine.support.hierarchical.NodeTestTask.lambda$executeRecursively$9(NodeTestTask.java:139)
	at org.junit.platform.engine.support.hierarchical.ThrowableCollector.execute(ThrowableCollector.java:73)
	at org.junit.platform.engine.support.hierarchical.NodeTestTask.executeRecursively(NodeTestTask.java:138)
	at org.junit.platform.engine.support.hierarchical.NodeTestTask.execute(NodeTestTask.java:95)
	at org.junit.platform.engine.support.hierarchical.SameThreadHierarchicalTestExecutorService.submit(SameThreadHierarchicalTestExecutorService.java:35)
	at org.junit.platform.engine.support.hierarchical.HierarchicalTestExecutor.execute(HierarchicalTestExecutor.java:57)
	at org.junit.platform.engine.support.hierarchical.HierarchicalTestEngine.execute(HierarchicalTestEngine.java:54)
	at org.junit.platform.launcher.core.EngineExecutionOrchestrator.execute(EngineExecutionOrchestrator.java:107)
	at org.junit.platform.launcher.core.EngineExecutionOrchestrator.execute(EngineExecutionOrchestrator.java:88)
	at org.junit.platform.launcher.core.EngineExecutionOrchestrator.lambda$execute$0(EngineExecutionOrchestrator.java:54)
	at org.junit.platform.launcher.core.EngineExecutionOrchestrator.withInterceptedStreams(EngineExecutionOrchestrator.java:67)
	at org.junit.platform.launcher.core.EngineExecutionOrchestrator.execute(EngineExecutionOrchestrator.java:52)
	at org.junit.platform.launcher.core.DefaultLauncher.execute(DefaultLauncher.java:114)
	at org.junit.platform.launcher.core.DefaultLauncher.execute(DefaultLauncher.java:86)
	at org.junit.platform.launcher.core.DefaultLauncherSession$DelegatingLauncher.execute(DefaultLauncherSession.java:86)
	at org.junit.platform.launcher.core.SessionPerRequestLauncher.execute(SessionPerRequestLauncher.java:53)
	at org.apache.maven.surefire.junitplatform.JUnitPlatformProvider.execute(JUnitPlatformProvider.java:188)
	at org.apache.maven.surefire.junitplatform.JUnitPlatformProvider.invokeAllTests(JUnitPlatformProvider.java:154)
	at org.apache.maven.surefire.junitplatform.JUnitPlatformProvider.invoke(JUnitPlatformProvider.java:124)
	at org.apache.maven.surefire.booter.ForkedBooter.runSuitesInProcess(ForkedBooter.java:428)
	at org.apache.maven.surefire.booter.ForkedBooter.execute(ForkedBooter.java:162)
	at org.apache.maven.surefire.booter.ForkedBooter.run(ForkedBooter.java:562)
	at org.apache.maven.surefire.booter.ForkedBooter.main(ForkedBooter.java:548)
2023-06-21 21:48:39,441 [main] WARN  client.SCMCertificateClient (DefaultCertificateClient.java:loadAllCertificates(161)) - Certificates could not be loaded.
java.nio.file.NoSuchFileException: /home/runner/work/ozone/ozone/hadoop-ozone/integration-test/target/test-dir/MiniOzoneClusterImpl-ed2e7ec8-c199-49a5-9fff-29e1d18647c8/scmNode-2/scm/sub-ca/certs
	at sun.nio.fs.UnixException.translateToIOException(UnixException.java:86)
	at sun.nio.fs.UnixException.rethrowAsIOException(UnixException.java:102)
	at sun.nio.fs.UnixException.rethrowAsIOException(UnixException.java:107)
	at sun.nio.fs.UnixFileSystemProvider.newDirectoryStream(UnixFileSystemProvider.java:427)
	at java.nio.file.Files.newDirectoryStream(Files.java:457)
	at java.nio.file.Files.list(Files.java:3451)
	at org.apache.hadoop.hdds.security.x509.certificate.client.DefaultCertificateClient.loadAllCertificates(DefaultCertificateClient.java:156)
	at org.apache.hadoop.hdds.security.x509.certificate.client.DefaultCertificateClient.getCertPath(DefaultCertificateClient.java:324)
	at org.apache.hadoop.hdds.security.x509.certificate.client.DefaultCertificateClient.getCertificate(DefaultCertificateClient.java:300)
	at org.apache.hadoop.hdds.security.x509.certificate.client.DefaultCertificateClient.init(DefaultCertificateClient.java:669)
	at org.apache.hadoop.hdds.scm.ha.HASecurityUtils.initializeSecurity(HASecurityUtils.java:98)
	at org.apache.hadoop.hdds.scm.server.StorageContainerManager.scmBootstrap(StorageContainerManager.java:1202)
	at org.apache.hadoop.ozone.MiniOzoneHAClusterImpl$Builder.createSCMService(MiniOzoneHAClusterImpl.java:567)
	at org.apache.hadoop.ozone.MiniOzoneHAClusterImpl$Builder.build(MiniOzoneHAClusterImpl.java:403)
	at org.apache.hadoop.ozone.scm.TestSecretKeySnapshot.init(TestSecretKeySnapshot.java:137)
	at sun.reflect.NativeMethodAccessorImpl.invoke0(Native Method)
	at sun.reflect.NativeMethodAccessorImpl.invoke(NativeMethodAccessorImpl.java:62)
	at sun.reflect.DelegatingMethodAccessorImpl.invoke(DelegatingMethodAccessorImpl.java:43)
	at java.lang.reflect.Method.invoke(Method.java:498)
	at org.junit.platform.commons.util.ReflectionUtils.invokeMethod(ReflectionUtils.java:725)
	at org.junit.jupiter.engine.execution.MethodInvocation.proceed(MethodInvocation.java:60)
	at org.junit.jupiter.engine.execution.InvocationInterceptorChain$ValidatingInvocation.proceed(InvocationInterceptorChain.java:131)
	at org.junit.jupiter.engine.extension.TimeoutExtension.intercept(TimeoutExtension.java:149)
	at org.junit.jupiter.engine.extension.TimeoutExtension.interceptLifecycleMethod(TimeoutExtension.java:126)
	at org.junit.jupiter.engine.extension.TimeoutExtension.interceptBeforeEachMethod(TimeoutExtension.java:76)
	at org.junit.jupiter.engine.execution.ExecutableInvoker$ReflectiveInterceptorCall.lambda$ofVoidMethod$0(ExecutableInvoker.java:115)
	at org.junit.jupiter.engine.execution.ExecutableInvoker.lambda$invoke$0(ExecutableInvoker.java:105)
	at org.junit.jupiter.engine.execution.InvocationInterceptorChain$InterceptedInvocation.proceed(InvocationInterceptorChain.java:106)
	at org.junit.jupiter.engine.execution.InvocationInterceptorChain.proceed(InvocationInterceptorChain.java:64)
	at org.junit.jupiter.engine.execution.InvocationInterceptorChain.chainAndInvoke(InvocationInterceptorChain.java:45)
	at org.junit.jupiter.engine.execution.InvocationInterceptorChain.invoke(InvocationInterceptorChain.java:37)
	at org.junit.jupiter.engine.execution.ExecutableInvoker.invoke(ExecutableInvoker.java:104)
	at org.junit.jupiter.engine.execution.ExecutableInvoker.invoke(ExecutableInvoker.java:98)
	at org.junit.jupiter.engine.descriptor.ClassBasedTestDescriptor.invokeMethodInExtensionContext(ClassBasedTestDescriptor.java:506)
	at org.junit.jupiter.engine.descriptor.ClassBasedTestDescriptor.lambda$synthesizeBeforeEachMethodAdapter$21(ClassBasedTestDescriptor.java:491)
	at org.junit.jupiter.engine.descriptor.TestMethodTestDescriptor.lambda$invokeBeforeEachMethods$3(TestMethodTestDescriptor.java:171)
	at org.junit.jupiter.engine.descriptor.TestMethodTestDescriptor.lambda$invokeBeforeMethodsOrCallbacksUntilExceptionOccurs$6(TestMethodTestDescriptor.java:199)
	at org.junit.platform.engine.support.hierarchical.ThrowableCollector.execute(ThrowableCollector.java:73)
	at org.junit.jupiter.engine.descriptor.TestMethodTestDescriptor.invokeBeforeMethodsOrCallbacksUntilExceptionOccurs(TestMethodTestDescriptor.java:199)
	at org.junit.jupiter.engine.descriptor.TestMethodTestDescriptor.invokeBeforeEachMethods(TestMethodTestDescriptor.java:168)
	at org.junit.jupiter.engine.descriptor.TestMethodTestDescriptor.execute(TestMethodTestDescriptor.java:131)
	at org.junit.jupiter.engine.descriptor.TestMethodTestDescriptor.execute(TestMethodTestDescriptor.java:66)
	at org.junit.platform.engine.support.hierarchical.NodeTestTask.lambda$executeRecursively$6(NodeTestTask.java:151)
	at org.junit.platform.engine.support.hierarchical.ThrowableCollector.execute(ThrowableCollector.java:73)
	at org.junit.platform.engine.support.hierarchical.NodeTestTask.lambda$executeRecursively$8(NodeTestTask.java:141)
	at org.junit.platform.engine.support.hierarchical.Node.around(Node.java:137)
	at org.junit.platform.engine.support.hierarchical.NodeTestTask.lambda$executeRecursively$9(NodeTestTask.java:139)
	at org.junit.platform.engine.support.hierarchical.ThrowableCollector.execute(ThrowableCollector.java:73)
	at org.junit.platform.engine.support.hierarchical.NodeTestTask.executeRecursively(NodeTestTask.java:138)
	at org.junit.platform.engine.support.hierarchical.NodeTestTask.execute(NodeTestTask.java:95)
	at java.util.ArrayList.forEach(ArrayList.java:1259)
	at org.junit.platform.engine.support.hierarchical.SameThreadHierarchicalTestExecutorService.invokeAll(SameThreadHierarchicalTestExecutorService.java:41)
	at org.junit.platform.engine.support.hierarchical.NodeTestTask.lambda$executeRecursively$6(NodeTestTask.java:155)
	at org.junit.platform.engine.support.hierarchical.ThrowableCollector.execute(ThrowableCollector.java:73)
	at org.junit.platform.engine.support.hierarchical.NodeTestTask.lambda$executeRecursively$8(NodeTestTask.java:141)
	at org.junit.platform.engine.support.hierarchical.Node.around(Node.java:137)
	at org.junit.platform.engine.support.hierarchical.NodeTestTask.lambda$executeRecursively$9(NodeTestTask.java:139)
	at org.junit.platform.engine.support.hierarchical.ThrowableCollector.execute(ThrowableCollector.java:73)
	at org.junit.platform.engine.support.hierarchical.NodeTestTask.executeRecursively(NodeTestTask.java:138)
	at org.junit.platform.engine.support.hierarchical.NodeTestTask.execute(NodeTestTask.java:95)
	at java.util.ArrayList.forEach(ArrayList.java:1259)
	at org.junit.platform.engine.support.hierarchical.SameThreadHierarchicalTestExecutorService.invokeAll(SameThreadHierarchicalTestExecutorService.java:41)
	at org.junit.platform.engine.support.hierarchical.NodeTestTask.lambda$executeRecursively$6(NodeTestTask.java:155)
	at org.junit.platform.engine.support.hierarchical.ThrowableCollector.execute(ThrowableCollector.java:73)
	at org.junit.platform.engine.support.hierarchical.NodeTestTask.lambda$executeRecursively$8(NodeTestTask.java:141)
	at org.junit.platform.engine.support.hierarchical.Node.around(Node.java:137)
	at org.junit.platform.engine.support.hierarchical.NodeTestTask.lambda$executeRecursively$9(NodeTestTask.java:139)
	at org.junit.platform.engine.support.hierarchical.ThrowableCollector.execute(ThrowableCollector.java:73)
	at org.junit.platform.engine.support.hierarchical.NodeTestTask.executeRecursively(NodeTestTask.java:138)
	at org.junit.platform.engine.support.hierarchical.NodeTestTask.execute(NodeTestTask.java:95)
	at org.junit.platform.engine.support.hierarchical.SameThreadHierarchicalTestExecutorService.submit(SameThreadHierarchicalTestExecutorService.java:35)
	at org.junit.platform.engine.support.hierarchical.HierarchicalTestExecutor.execute(HierarchicalTestExecutor.java:57)
	at org.junit.platform.engine.support.hierarchical.HierarchicalTestEngine.execute(HierarchicalTestEngine.java:54)
	at org.junit.platform.launcher.core.EngineExecutionOrchestrator.execute(EngineExecutionOrchestrator.java:107)
	at org.junit.platform.launcher.core.EngineExecutionOrchestrator.execute(EngineExecutionOrchestrator.java:88)
	at org.junit.platform.launcher.core.EngineExecutionOrchestrator.lambda$execute$0(EngineExecutionOrchestrator.java:54)
	at org.junit.platform.launcher.core.EngineExecutionOrchestrator.withInterceptedStreams(EngineExecutionOrchestrator.java:67)
	at org.junit.platform.launcher.core.EngineExecutionOrchestrator.execute(EngineExecutionOrchestrator.java:52)
	at org.junit.platform.launcher.core.DefaultLauncher.execute(DefaultLauncher.java:114)
	at org.junit.platform.launcher.core.DefaultLauncher.execute(DefaultLauncher.java:86)
	at org.junit.platform.launcher.core.DefaultLauncherSession$DelegatingLauncher.execute(DefaultLauncherSession.java:86)
	at org.junit.platform.launcher.core.SessionPerRequestLauncher.execute(SessionPerRequestLauncher.java:53)
	at org.apache.maven.surefire.junitplatform.JUnitPlatformProvider.execute(JUnitPlatformProvider.java:188)
	at org.apache.maven.surefire.junitplatform.JUnitPlatformProvider.invokeAllTests(JUnitPlatformProvider.java:154)
	at org.apache.maven.surefire.junitplatform.JUnitPlatformProvider.invoke(JUnitPlatformProvider.java:124)
	at org.apache.maven.surefire.booter.ForkedBooter.runSuitesInProcess(ForkedBooter.java:428)
	at org.apache.maven.surefire.booter.ForkedBooter.execute(ForkedBooter.java:162)
	at org.apache.maven.surefire.booter.ForkedBooter.run(ForkedBooter.java:562)
	at org.apache.maven.surefire.booter.ForkedBooter.main(ForkedBooter.java:548)
2023-06-21 21:48:39,442 [main] INFO  client.SCMCertificateClient (DefaultCertificateClient.java:init(692)) - Certificate client init case: 0
2023-06-21 21:48:39,442 [main] INFO  client.SCMCertificateClient (SCMCertificateClient.java:handleCase(68)) - Creating keypair for client as keypair and certificate not found.
2023-06-21 21:48:39,762 [main] INFO  ha.HASecurityUtils (HASecurityUtils.java:initializeSecurity(99)) - Init response: GETCERT
2023-06-21 21:48:39,763 [main] INFO  ozone.OzoneSecurityUtil (OzoneSecurityUtil.java:getValidInetsForCurrentHost(119)) - ip:fe80:0:0:0:6245:bdff:feb0:498c%eth0 not returned.
2023-06-21 21:48:39,763 [main] INFO  ozone.OzoneSecurityUtil (OzoneSecurityUtil.java:getValidInetsForCurrentHost(116)) - Adding ip:10.1.0.15,host:fv-az1254-726.qtnbswlwlufehe3u4emko3izng.cx.internal.cloudapp.net
2023-06-21 21:48:39,763 [main] INFO  ozone.OzoneSecurityUtil (OzoneSecurityUtil.java:getValidInetsForCurrentHost(119)) - ip:0:0:0:0:0:0:0:1%lo not returned.
2023-06-21 21:48:39,763 [main] INFO  ozone.OzoneSecurityUtil (OzoneSecurityUtil.java:getValidInetsForCurrentHost(119)) - ip:127.0.0.1 not returned.
2023-06-21 21:48:39,763 [main] INFO  ha.HASecurityUtils (HASecurityUtils.java:generateCSR(280)) - Creating csr for SCM->hostName:localhost,scmId:336e6589-5d5b-4942-96a6-e8ef4b976bc7,clusterId:ed2e7ec8-c199-49a5-9fff-29e1d18647c8,subject:scm-sub@localhost
2023-06-21 21:48:39,776 [main] INFO  ha.SCMNodeInfo (SCMNodeInfo.java:getPort(197)) - ConfigKey ozone.scm.client.address is deprecated, For configuring different ports for each SCM use PortConfigKey ozone.scm.client.port appended with serviceId and nodeId
2023-06-21 21:48:39,776 [main] INFO  ha.SCMNodeInfo (SCMNodeInfo.java:getPort(197)) - ConfigKey ozone.scm.block.client.address is deprecated, For configuring different ports for each SCM use PortConfigKey ozone.scm.block.client.port appended with serviceId and nodeId
2023-06-21 21:48:39,776 [main] INFO  ha.SCMNodeInfo (SCMNodeInfo.java:getPort(197)) - ConfigKey ozone.scm.security.service.address is deprecated, For configuring different ports for each SCM use PortConfigKey ozone.scm.security.service.port appended with serviceId and nodeId
2023-06-21 21:48:39,776 [main] INFO  ha.SCMNodeInfo (SCMNodeInfo.java:getPort(197)) - ConfigKey ozone.scm.datanode.address is deprecated, For configuring different ports for each SCM use PortConfigKey ozone.scm.datanode.port appended with serviceId and nodeId
2023-06-21 21:48:39,776 [main] INFO  ha.SCMNodeInfo (SCMNodeInfo.java:getPort(197)) - ConfigKey ozone.scm.client.address is deprecated, For configuring different ports for each SCM use PortConfigKey ozone.scm.client.port appended with serviceId and nodeId
2023-06-21 21:48:39,777 [main] INFO  ha.SCMNodeInfo (SCMNodeInfo.java:getPort(197)) - ConfigKey ozone.scm.block.client.address is deprecated, For configuring different ports for each SCM use PortConfigKey ozone.scm.block.client.port appended with serviceId and nodeId
2023-06-21 21:48:39,777 [main] INFO  ha.SCMNodeInfo (SCMNodeInfo.java:getPort(197)) - ConfigKey ozone.scm.security.service.address is deprecated, For configuring different ports for each SCM use PortConfigKey ozone.scm.security.service.port appended with serviceId and nodeId
2023-06-21 21:48:39,777 [main] INFO  ha.SCMNodeInfo (SCMNodeInfo.java:getPort(197)) - ConfigKey ozone.scm.datanode.address is deprecated, For configuring different ports for each SCM use PortConfigKey ozone.scm.datanode.port appended with serviceId and nodeId
2023-06-21 21:48:39,839 [Socket Reader #1 for port 15002] INFO  ipc.Server (Server.java:saslProcess(2116)) - Auth successful for scm/fv-az1254-726.qtnbswlwlufehe3u4emko3izng.cx.internal.cloudapp.net@EXAMPLE.COM (auth:KERBEROS) from 10.1.0.15:37685
2023-06-21 21:48:39,886 [IPC Server handler 0 on default port 15002] INFO  server.SCMSecurityProtocolServer (SCMSecurityProtocolServer.java:getSCMCertificate(283)) - Processing CSR for scm localhost, nodeId: 336e6589-5d5b-4942-96a6-e8ef4b976bc7
2023-06-21 21:48:40,347 [main] INFO  ha.HASecurityUtils (HASecurityUtils.java:initializeSecurity(112)) - Successfully stored SCM signed certificate.
2023-06-21 21:48:40,350 [main] INFO  server.StorageContainerManager (StorageContainerManager.java:scmBootstrap(1208)) - SCM BootStrap  is successful for ClusterID ed2e7ec8-c199-49a5-9fff-29e1d18647c8, SCMID 336e6589-5d5b-4942-96a6-e8ef4b976bc7
2023-06-21 21:48:40,350 [main] INFO  server.StorageContainerManager (StorageContainerManager.java:scmBootstrap(1210)) - Primary SCM Node ID 6554ba57-669d-4c9f-91d9-11f4838b8a27
2023-06-21 21:48:40,350 [main] WARN  server.ServerUtils (ServerUtils.java:getScmDbDir(155)) - ozone.scm.db.dirs is not configured. We recommend adding this setting. Falling back to ozone.metadata.dirs instead.
2023-06-21 21:48:40,351 [main] INFO  ha.SCMHANodeDetails (SCMHANodeDetails.java:loadSCMHAConfig(210)) - ServiceID for StorageContainerManager is SCMServiceId
2023-06-21 21:48:40,351 [main] INFO  ha.SCMHANodeDetails (SCMHANodeDetails.java:loadSCMHAConfig(221)) - ServiceID for StorageContainerManager is SCMServiceId
2023-06-21 21:48:40,351 [main] WARN  scm.ScmUtils (ScmUtils.java:logWarn(190)) - ConfigKey ozone.scm.block.client.address is deprecated, For configuring different ports for each SCM use PortConfigKey ozone.scm.block.client.port appended with serviceId and nodeId. If want to configure same port configure ozone.scm.block.client.port
2023-06-21 21:48:40,353 [main] WARN  scm.ScmUtils (ScmUtils.java:logWarn(190)) - ConfigKey ozone.scm.client.address is deprecated, For configuring different ports for each SCM use PortConfigKey ozone.scm.client.port appended with serviceId and nodeId. If want to configure same port configure ozone.scm.client.port
2023-06-21 21:48:40,353 [main] WARN  scm.ScmUtils (ScmUtils.java:logWarn(190)) - ConfigKey ozone.scm.datanode.address is deprecated, For configuring different ports for each SCM use PortConfigKey ozone.scm.datanode.port appended with serviceId and nodeId. If want to configure same port configure ozone.scm.datanode.port
2023-06-21 21:48:40,353 [main] WARN  scm.ScmUtils (ScmUtils.java:logWarn(190)) - ConfigKey ozone.scm.block.client.address is deprecated, For configuring different ports for each SCM use PortConfigKey ozone.scm.block.client.port appended with serviceId and nodeId. If want to configure same port configure ozone.scm.block.client.port
2023-06-21 21:48:40,354 [main] WARN  scm.ScmUtils (ScmUtils.java:logWarn(190)) - ConfigKey ozone.scm.client.address is deprecated, For configuring different ports for each SCM use PortConfigKey ozone.scm.client.port appended with serviceId and nodeId. If want to configure same port configure ozone.scm.client.port
2023-06-21 21:48:40,354 [main] WARN  scm.ScmUtils (ScmUtils.java:logWarn(190)) - ConfigKey ozone.scm.datanode.address is deprecated, For configuring different ports for each SCM use PortConfigKey ozone.scm.datanode.port appended with serviceId and nodeId. If want to configure same port configure ozone.scm.datanode.port
2023-06-21 21:48:40,354 [main] INFO  ha.SCMHANodeDetails (SCMHANodeDetails.java:loadSCMHAConfig(308)) - Found matching SCM address with SCMServiceId: SCMServiceId, SCMNodeId: scmNode-2, RPC Address: localhost:15011 and Ratis port: 15011
2023-06-21 21:48:40,354 [main] INFO  ha.SCMHANodeDetails (ConfUtils.java:setNodeSpecificConfigs(97)) - Setting configuration key ozone.scm.datanode.address with value of key ozone.scm.datanode.address.SCMServiceId.scmNode-2: 127.0.0.1:15012
2023-06-21 21:48:40,354 [main] INFO  ha.SCMHANodeDetails (ConfUtils.java:setNodeSpecificConfigs(97)) - Setting configuration key ozone.scm.block.client.address with value of key ozone.scm.block.client.address.SCMServiceId.scmNode-2: 127.0.0.1:15015
2023-06-21 21:48:40,357 [main] INFO  ha.SCMHANodeDetails (ConfUtils.java:setNodeSpecificConfigs(97)) - Setting configuration key ozone.scm.client.address with value of key ozone.scm.client.address.SCMServiceId.scmNode-2: 127.0.0.1:15013
2023-06-21 21:48:40,357 [main] INFO  ha.SCMHANodeDetails (ConfUtils.java:setNodeSpecificConfigs(97)) - Setting configuration key ozone.scm.security.service.address with value of key ozone.scm.security.service.address.SCMServiceId.scmNode-2: 127.0.0.1:15010
2023-06-21 21:48:40,357 [main] INFO  ha.SCMHANodeDetails (ConfUtils.java:setNodeSpecificConfigs(97)) - Setting configuration key ozone.scm.ratis.port with value of key ozone.scm.ratis.port.SCMServiceId.scmNode-2: 15011
2023-06-21 21:48:40,357 [main] INFO  ha.SCMHANodeDetails (ConfUtils.java:setNodeSpecificConfigs(97)) - Setting configuration key ozone.scm.grpc.port with value of key ozone.scm.grpc.port.SCMServiceId.scmNode-2: 15014
2023-06-21 21:48:40,357 [main] INFO  ha.SCMHANodeDetails (ConfUtils.java:setNodeSpecificConfigs(97)) - Setting configuration key ozone.scm.http-address with value of key ozone.scm.http-address.SCMServiceId.scmNode-2: 127.0.0.1:15008
2023-06-21 21:48:40,357 [main] INFO  ha.SCMHANodeDetails (ConfUtils.java:setNodeSpecificConfigs(97)) - Setting configuration key ozone.scm.https-address with value of key ozone.scm.https-address.SCMServiceId.scmNode-2: 127.0.0.1:15009
2023-06-21 21:48:40,357 [main] INFO  ha.SCMHANodeDetails (ConfUtils.java:setNodeSpecificConfigs(97)) - Setting configuration key ozone.scm.address with value of key ozone.scm.address.SCMServiceId.scmNode-2: 127.0.0.1
2023-06-21 21:48:40,357 [main] WARN  scm.ScmUtils (ScmUtils.java:logWarn(190)) - ConfigKey ozone.scm.block.client.address is deprecated, For configuring different ports for each SCM use PortConfigKey ozone.scm.block.client.port appended with serviceId and nodeId. If want to configure same port configure ozone.scm.block.client.port
2023-06-21 21:48:40,359 [main] WARN  scm.ScmUtils (ScmUtils.java:logWarn(190)) - ConfigKey ozone.scm.client.address is deprecated, For configuring different ports for each SCM use PortConfigKey ozone.scm.client.port appended with serviceId and nodeId. If want to configure same port configure ozone.scm.client.port
2023-06-21 21:48:40,359 [main] WARN  scm.ScmUtils (ScmUtils.java:logWarn(190)) - ConfigKey ozone.scm.datanode.address is deprecated, For configuring different ports for each SCM use PortConfigKey ozone.scm.datanode.port appended with serviceId and nodeId. If want to configure same port configure ozone.scm.datanode.port
2023-06-21 21:48:40,365 [main] INFO  client.SCMCertificateClient (DefaultCertificateClient.java:readCertificateFile(196)) - Added certificate   [0]         Version: 3
         SerialNumber: 1718014313270
             IssuerDN: CN=scm@fv-az1254-726,OU=6554ba57-669d-4c9f-91d9-11f4838b8a27,O=ed2e7ec8-c199-49a5-9fff-29e1d18647c8
           Start Date: Wed Jun 21 21:48:39 UTC 2023
           Final Date: Sat Jul 29 21:48:39 UTC 2028
            SubjectDN: CN=scm-sub@localhost,OU=336e6589-5d5b-4942-96a6-e8ef4b976bc7,O=ed2e7ec8-c199-49a5-9fff-29e1d18647c8
           Public Key: RSA Public Key [6e:b9:e2:17:d1:4d:d3:20:59:3c:58:c7:6c:9d:16:dd:61:c2:07:40],[56:66:d1:a4]
        modulus: b403506a01f80839dde3edd29a04bf2bfae81fd9a039e74bf7b3d051f5d4a230f2d2470392bf27def374d96a5639394bbce4c21c68ffaf2e455f02832e61e0bc60a595a2483fc47d9c94ca2d6ae7959259c9631bcc4370399289fc439855b60380b248b0733e844c6269fc26a543b69c7ddf1badcdf976e30b8bde357fe873709d63f6b64953823a4dda9506232a78c1c38936b93770aca0f33ea48a8720518e5e95f2e530b041927aad0d0ccb9f0345db615d34735c88da4b6f29c24375d5b397fd6ab89b48accf72d084d37a34a9c772f88fa6f5edb875fe36e6af854b8d54c3a386492c095a6cd6ee9f6ede2f5d998d2698ba16e391349296c1aebbf99a4d
public exponent: 10001

  Signature Algorithm: SHA256WITHRSA
            Signature: 00119b4570a837f73d6b17f7d42504bbb663c49c
                       7b2073969e0c83e4f3ced39404dd334faf32b9ee
                       87994978e2c1aa6e41fd2cdb757f6388f5577e60
                       e6946b1ec081cc2eadae6b1b4b3c2120bf8e6d2b
                       83c7e1546485ef042a8bfa8620bf5cafa5c035e4
                       5f53dc2544d66d347b0bbe6312da998817d66602
                       020f829e7c831c5738f544b13fabce5c92dfcf83
                       f4e19b2bcddfaad3fc29b3fd37ca749cad57bb88
                       4b505dd71ba3462df410925f516cf7399b2081f5
                       35c3e17b5abf154b43ad89177cd0b7215323c762
                       914435500e567194da1b6849fac6723cafaf3afc
                       9cad5d61c16cd2e793748f3c34a8a1fb1e408a17
                       0319ae6d337828cc0b8c1a18553ab434
       Extensions: 
                       critical(false) 2.5.29.17 value = Sequence
    Tagged [7] IMPLICIT 
        DER Octet String[4] 
    Tagged [2] IMPLICIT 
        DER Octet String[65] 

                       critical(true) BasicConstraints: isCa(true)
                       critical(true) KeyUsage: 0xbe
 from file: /home/runner/work/ozone/ozone/hadoop-ozone/integration-test/target/test-dir/MiniOzoneClusterImpl-ed2e7ec8-c199-49a5-9fff-29e1d18647c8/scmNode-2/scm/sub-ca/certs/certificate.crt.
2023-06-21 21:48:40,370 [main] INFO  client.SCMCertificateClient (DefaultCertificateClient.java:readCertificateFile(196)) - Added certificate   [0]         Version: 3
         SerialNumber: 1718014313270
             IssuerDN: CN=scm@fv-az1254-726,OU=6554ba57-669d-4c9f-91d9-11f4838b8a27,O=ed2e7ec8-c199-49a5-9fff-29e1d18647c8
           Start Date: Wed Jun 21 21:48:39 UTC 2023
           Final Date: Sat Jul 29 21:48:39 UTC 2028
            SubjectDN: CN=scm-sub@localhost,OU=336e6589-5d5b-4942-96a6-e8ef4b976bc7,O=ed2e7ec8-c199-49a5-9fff-29e1d18647c8
           Public Key: RSA Public Key [6e:b9:e2:17:d1:4d:d3:20:59:3c:58:c7:6c:9d:16:dd:61:c2:07:40],[56:66:d1:a4]
        modulus: b403506a01f80839dde3edd29a04bf2bfae81fd9a039e74bf7b3d051f5d4a230f2d2470392bf27def374d96a5639394bbce4c21c68ffaf2e455f02832e61e0bc60a595a2483fc47d9c94ca2d6ae7959259c9631bcc4370399289fc439855b60380b248b0733e844c6269fc26a543b69c7ddf1badcdf976e30b8bde357fe873709d63f6b64953823a4dda9506232a78c1c38936b93770aca0f33ea48a8720518e5e95f2e530b041927aad0d0ccb9f0345db615d34735c88da4b6f29c24375d5b397fd6ab89b48accf72d084d37a34a9c772f88fa6f5edb875fe36e6af854b8d54c3a386492c095a6cd6ee9f6ede2f5d998d2698ba16e391349296c1aebbf99a4d
public exponent: 10001

  Signature Algorithm: SHA256WITHRSA
            Signature: 00119b4570a837f73d6b17f7d42504bbb663c49c
                       7b2073969e0c83e4f3ced39404dd334faf32b9ee
                       87994978e2c1aa6e41fd2cdb757f6388f5577e60
                       e6946b1ec081cc2eadae6b1b4b3c2120bf8e6d2b
                       83c7e1546485ef042a8bfa8620bf5cafa5c035e4
                       5f53dc2544d66d347b0bbe6312da998817d66602
                       020f829e7c831c5738f544b13fabce5c92dfcf83
                       f4e19b2bcddfaad3fc29b3fd37ca749cad57bb88
                       4b505dd71ba3462df410925f516cf7399b2081f5
                       35c3e17b5abf154b43ad89177cd0b7215323c762
                       914435500e567194da1b6849fac6723cafaf3afc
                       9cad5d61c16cd2e793748f3c34a8a1fb1e408a17
                       0319ae6d337828cc0b8c1a18553ab434
       Extensions: 
                       critical(false) 2.5.29.17 value = Sequence
    Tagged [7] IMPLICIT 
        DER Octet String[4] 
    Tagged [2] IMPLICIT 
        DER Octet String[65] 

                       critical(true) BasicConstraints: isCa(true)
                       critical(true) KeyUsage: 0xbe
 from file: /home/runner/work/ozone/ozone/hadoop-ozone/integration-test/target/test-dir/MiniOzoneClusterImpl-ed2e7ec8-c199-49a5-9fff-29e1d18647c8/scmNode-2/scm/sub-ca/certs/1718014313270.crt.
2023-06-21 21:48:40,373 [main] INFO  client.SCMCertificateClient (DefaultCertificateClient.java:readCertificateFile(196)) - Added certificate   [0]         Version: 3
         SerialNumber: 1
             IssuerDN: CN=scm@fv-az1254-726,OU=6554ba57-669d-4c9f-91d9-11f4838b8a27,O=ed2e7ec8-c199-49a5-9fff-29e1d18647c8
           Start Date: Wed Jun 21 21:48:21 UTC 2023
           Final Date: Sat Jul 29 21:48:21 UTC 2028
            SubjectDN: CN=scm@fv-az1254-726,OU=6554ba57-669d-4c9f-91d9-11f4838b8a27,O=ed2e7ec8-c199-49a5-9fff-29e1d18647c8
           Public Key: RSA Public Key [2c:69:cf:f0:97:04:f0:3a:8f:0a:03:f1:15:41:9a:6b:a5:20:dd:c3],[56:66:d1:a4]
        modulus: b1f5f5b26f58524b7ceed6238c0164a5e0f68098a1de78efe7e2da0c2ace7ff8d95263670ba7e1a50644c44bda98847aa50c9dafdfcf632b99049d2b1508be1124636d6a04296e0ce8b17d5d738257052a223bff56eaf694c00a2b8cf407ea19d1ee979ef47c1244cd0f11f8b4792dd90ba0766388a71115590b22d31ee03f7777a70eba99354a80f4fe6c18a7e74a117b6cb3abff4bca0e6efcce343ba87e1b11dbbb5c9f2182cebf68ec58dc3390168a1996a6213d9ef111dba5bd5b58cc1c6e66f69c283927fa28c7d0427068ef3e60b8300ac329f21ff07f20e7b1e445ae13bf8835c969264fa2e3fdd99dcd3f41cc2471454d3d13fdc8ecb3c62eaf6b85
public exponent: 10001

  Signature Algorithm: SHA256WITHRSA
            Signature: 71be930adf6a02910a64fc3feb2c03f96bae97bb
                       086294776abaea75db0be6fae57978872a4291dd
                       c640dae516800bd462ca54680da0e03172ad789a
                       69ccac790180ffa2b195c2913b00d90d0cbcf4a4
                       8c92284415b78e4e7b2342ca6575569252f6bddb
                       fd8ff046cb759c68cf349310d181e813cfd33c93
                       8b21d11e8302a7cfbc735e7aeb0da2ee7bf413d2
                       ad2502a16ad0a1ad96a720ba487e9a0f25e37b4c
                       3394a50c4336345c4395cc3e1f8068ab76b8a358
                       3fbc8f031a5e67a29032424b4f1feb4cd8cdf663
                       4f075ee1ebd546d2ea1fd1e09a6a14340e174f0c
                       f6baa29edf6c54090c18705dc24c7859ba9a706c
                       476df4ad77011b72f9e4b80082c2a819
       Extensions: 
                       critical(true) BasicConstraints: isCa(true)
                       critical(true) KeyUsage: 0x6
                       critical(false) 2.5.29.17 value = Sequence
    Tagged [7] IMPLICIT 
        DER Octet String[4] 
    Tagged [2] IMPLICIT 
        DER Octet String[65] 

 from file: /home/runner/work/ozone/ozone/hadoop-ozone/integration-test/target/test-dir/MiniOzoneClusterImpl-ed2e7ec8-c199-49a5-9fff-29e1d18647c8/scmNode-2/scm/sub-ca/certs/CA-1.crt.
2023-06-21 21:48:40,373 [main] INFO  client.SCMCertificateClient (DefaultCertificateClient.java:startCertificateMonitor(1260)) - CertificateLifetimeMonitor for scm/sub-ca is started with first delay 158716798627 ms and interval 86400000 ms.
2023-06-21 21:48:40,374 [main] INFO  ha.SCMNodeInfo (SCMNodeInfo.java:getPort(197)) - ConfigKey ozone.scm.client.address is deprecated, For configuring different ports for each SCM use PortConfigKey ozone.scm.client.port appended with serviceId and nodeId
2023-06-21 21:48:40,374 [main] INFO  ha.SCMNodeInfo (SCMNodeInfo.java:getPort(197)) - ConfigKey ozone.scm.block.client.address is deprecated, For configuring different ports for each SCM use PortConfigKey ozone.scm.block.client.port appended with serviceId and nodeId
2023-06-21 21:48:40,374 [main] INFO  ha.SCMNodeInfo (SCMNodeInfo.java:getPort(197)) - ConfigKey ozone.scm.security.service.address is deprecated, For configuring different ports for each SCM use PortConfigKey ozone.scm.security.service.port appended with serviceId and nodeId
2023-06-21 21:48:40,374 [main] INFO  ha.SCMNodeInfo (SCMNodeInfo.java:getPort(197)) - ConfigKey ozone.scm.datanode.address is deprecated, For configuring different ports for each SCM use PortConfigKey ozone.scm.datanode.port appended with serviceId and nodeId
2023-06-21 21:48:40,374 [main] INFO  ha.SCMNodeInfo (SCMNodeInfo.java:getPort(197)) - ConfigKey ozone.scm.client.address is deprecated, For configuring different ports for each SCM use PortConfigKey ozone.scm.client.port appended with serviceId and nodeId
2023-06-21 21:48:40,374 [main] INFO  ha.SCMNodeInfo (SCMNodeInfo.java:getPort(197)) - ConfigKey ozone.scm.block.client.address is deprecated, For configuring different ports for each SCM use PortConfigKey ozone.scm.block.client.port appended with serviceId and nodeId
2023-06-21 21:48:40,374 [main] INFO  ha.SCMNodeInfo (SCMNodeInfo.java:getPort(197)) - ConfigKey ozone.scm.security.service.address is deprecated, For configuring different ports for each SCM use PortConfigKey ozone.scm.security.service.port appended with serviceId and nodeId
2023-06-21 21:48:40,375 [main] INFO  ha.SCMNodeInfo (SCMNodeInfo.java:getPort(197)) - ConfigKey ozone.scm.datanode.address is deprecated, For configuring different ports for each SCM use PortConfigKey ozone.scm.datanode.port appended with serviceId and nodeId
2023-06-21 21:48:40,375 [main] INFO  ha.SCMNodeInfo (SCMNodeInfo.java:getPort(197)) - ConfigKey ozone.scm.client.address is deprecated, For configuring different ports for each SCM use PortConfigKey ozone.scm.client.port appended with serviceId and nodeId
2023-06-21 21:48:40,375 [main] INFO  ha.SCMNodeInfo (SCMNodeInfo.java:getPort(197)) - ConfigKey ozone.scm.block.client.address is deprecated, For configuring different ports for each SCM use PortConfigKey ozone.scm.block.client.port appended with serviceId and nodeId
2023-06-21 21:48:40,375 [main] INFO  ha.SCMNodeInfo (SCMNodeInfo.java:getPort(197)) - ConfigKey ozone.scm.security.service.address is deprecated, For configuring different ports for each SCM use PortConfigKey ozone.scm.security.service.port appended with serviceId and nodeId
2023-06-21 21:48:40,375 [main] INFO  ha.SCMNodeInfo (SCMNodeInfo.java:getPort(197)) - ConfigKey ozone.scm.datanode.address is deprecated, For configuring different ports for each SCM use PortConfigKey ozone.scm.datanode.port appended with serviceId and nodeId
2023-06-21 21:48:40,378 [pool-2-thread-1] INFO  request.KdcRequest (KdcRequest.java:preauth(651)) - The preauth data is empty.
2023-06-21 21:48:40,379 [pool-2-thread-1] INFO  server.KdcHandler (KdcHandler.java:handleRecoverableException(177)) - KRB error occurred while processing request:Additional pre-authentication required
2023-06-21 21:48:40,384 [pool-2-thread-1] INFO  request.AsRequest (AsRequest.java:issueTicket(112)) - AS_REQ ISSUE: authtime 1687384120383,scm/fv-az1254-726.qtnbswlwlufehe3u4emko3izng.cx.internal.cloudapp.net@EXAMPLE.COM for krbtgt/EXAMPLE.COM@EXAMPLE.COM
2023-06-21 21:48:40,385 [main] INFO  security.UserGroupInformation (UserGroupInformation.java:loginUserFromKeytab(1132)) - Login successful for user scm/fv-az1254-726.qtnbswlwlufehe3u4emko3izng.cx.internal.cloudapp.net@EXAMPLE.COM using keytab file scm.keytab. Keytab auto renewal enabled : false
2023-06-21 21:48:40,385 [main] INFO  server.StorageContainerManager (StorageContainerManager.java:loginAsSCMUserIfSecurityEnabled(1054)) - SCM login successful.
2023-06-21 21:48:40,385 [main] WARN  utils.HAUtils (HAUtils.java:getMetaDir(339)) - ozone.scm.db.dirs is not configured. We recommend adding this setting. Falling back to ozone.metadata.dirs instead.
2023-06-21 21:48:40,386 [main] WARN  db.DBStoreBuilder (DBStoreBuilder.java:applyDBDefinition(165)) - ozone.scm.db.dirs is not configured. We recommend adding this setting. Falling back to ozone.metadata.dirs instead.
2023-06-21 21:48:40,518 [main] INFO  net.NodeSchemaLoader (NodeSchemaLoader.java:loadSchemaFromFile(129)) - Loading schema from [jar:file:/home/runner/.m2/repository/org/apache/ozone/hdds-common/1.4.0-SNAPSHOT/hdds-common-1.4.0-SNAPSHOT.jar!/network-topology-default.xml]
2023-06-21 21:48:40,518 [main] INFO  net.NodeSchemaLoader (NodeSchemaLoader.java:loadSchema(176)) - Loading network topology layer schema file
2023-06-21 21:48:40,524 [main] WARN  impl.MetricRegistriesImpl (MetricRegistriesImpl.java:addReporterRegistration(111)) - New reporters are added after registries were created. Some metrics will be missing from the reporter. Please add reporter before adding any new registry.
2023-06-21 21:48:40,524 [main] WARN  impl.MetricRegistriesImpl (MetricRegistriesImpl.java:addReporterRegistration(111)) - New reporters are added after registries were created. Some metrics will be missing from the reporter. Please add reporter before adding any new registry.
2023-06-21 21:48:40,572 [main] INFO  ha.SCMRatisServerImpl (SCMRatisServerImpl.java:<init>(98)) - starting Raft server for scm:336e6589-5d5b-4942-96a6-e8ef4b976bc7
2023-06-21 21:48:40,574 [main] INFO  server.RaftServer (ConfUtils.java:logGet(46)) - raft.rpc.type = GRPC (default)
2023-06-21 21:48:40,575 [main] INFO  grpc.GrpcConfigKeys (ConfUtils.java:logFallback(53)) - raft.grpc.admin.host = null (fallback to raft.grpc.server.host)
2023-06-21 21:48:40,576 [main] INFO  grpc.GrpcConfigKeys (ConfUtils.java:logFallback(53)) - raft.grpc.admin.port = 15011 (fallback to raft.grpc.server.port)
2023-06-21 21:48:40,576 [main] INFO  grpc.GrpcConfigKeys (ConfUtils.java:logFallback(53)) - raft.grpc.client.host = null (fallback to raft.grpc.server.host)
2023-06-21 21:48:40,576 [main] INFO  grpc.GrpcConfigKeys (ConfUtils.java:logFallback(53)) - raft.grpc.client.port = 15011 (fallback to raft.grpc.server.port)
2023-06-21 21:48:40,576 [main] INFO  grpc.GrpcConfigKeys (ConfUtils.java:logGet(46)) - raft.grpc.server.host = null (default)
2023-06-21 21:48:40,576 [main] INFO  grpc.GrpcConfigKeys (ConfUtils.java:logGet(46)) - raft.grpc.server.port = 15011 (custom)
2023-06-21 21:48:40,576 [main] INFO  server.GrpcService (ConfUtils.java:logGet(46)) - raft.grpc.message.size.max = 32m (=33554432) (custom)
2023-06-21 21:48:40,576 [main] INFO  server.RaftServerConfigKeys (ConfUtils.java:logGet(46)) - raft.server.log.appender.buffer.byte-limit = 33554432 (custom)
2023-06-21 21:48:40,578 [main] INFO  server.GrpcService (ConfUtils.java:logGet(46)) - raft.grpc.flow.control.window = 1MB (=1048576) (default)
2023-06-21 21:48:40,578 [main] INFO  server.RaftServerConfigKeys (ConfUtils.java:logGet(46)) - raft.server.rpc.request.timeout = 30000ms (custom)
2023-06-21 21:48:40,579 [main] INFO  grpc.GrpcConfigKeys (ConfUtils.java:logGet(46)) - raft.grpc.server.heartbeat.channel = true (default)
2023-06-21 21:48:40,579 [main] INFO  grpc.GrpcConfigKeys (ConfUtils.java:logGet(46)) - raft.grpc.server.async.request.thread.pool.cached = true (default)
2023-06-21 21:48:40,580 [main] INFO  grpc.GrpcConfigKeys (ConfUtils.java:logGet(46)) - raft.grpc.server.async.request.thread.pool.size = 32 (default)
2023-06-21 21:48:40,583 [main] INFO  impl.DataStreamServerImpl (ConfUtils.java:logGet(46)) - raft.datastream.type = DISABLED (default)
2023-06-21 21:48:40,583 [main] INFO  server.RaftServerConfigKeys (ConfUtils.java:logGet(46)) - raft.server.threadpool.proxy.cached = true (default)
2023-06-21 21:48:40,583 [main] INFO  server.RaftServerConfigKeys (ConfUtils.java:logGet(46)) - raft.server.threadpool.proxy.size = 0 (default)
2023-06-21 21:48:40,583 [main] INFO  server.RaftServerConfigKeys (ConfUtils.java:logGet(46)) - raft.server.rpc.slowness.timeout = 120000ms (custom)
2023-06-21 21:48:40,584 [main] INFO  server.RaftServerConfigKeys (ConfUtils.java:logGet(46)) - raft.server.leaderelection.leader.step-down.wait-time = 10s (default)
2023-06-21 21:48:40,584 [main] INFO  server.RaftServerConfigKeys (ConfUtils.java:logGet(46)) - raft.server.storage.dir = [/home/runner/work/ozone/ozone/hadoop-ozone/integration-test/target/test-dir/MiniOzoneClusterImpl-ed2e7ec8-c199-49a5-9fff-29e1d18647c8/scmNode-2/scm-ha] (custom)
2023-06-21 21:48:40,597 [main] INFO  server.RaftServer (RaftServerProxy.java:addNew(98)) - 336e6589-5d5b-4942-96a6-e8ef4b976bc7: addNew group-29E1D18647C8:[] returns group-29E1D18647C8:java.util.concurrent.CompletableFuture@67387eba[Not completed]
2023-06-21 21:48:40,598 [336e6589-5d5b-4942-96a6-e8ef4b976bc7-groupManagement] INFO  server.RaftServer$Division (RaftServerImpl.java:<init>(198)) - 336e6589-5d5b-4942-96a6-e8ef4b976bc7: new RaftServerImpl for group-29E1D18647C8:[] with SCMStateMachine:uninitialized
2023-06-21 21:48:40,598 [336e6589-5d5b-4942-96a6-e8ef4b976bc7-groupManagement] INFO  server.RaftServerConfigKeys (ConfUtils.java:logGet(46)) - raft.server.rpc.timeout.min = 5000ms (custom)
2023-06-21 21:48:40,598 [336e6589-5d5b-4942-96a6-e8ef4b976bc7-groupManagement] INFO  server.RaftServerConfigKeys (ConfUtils.java:logGet(46)) - raft.server.rpc.timeout.max = 5200ms (custom)
2023-06-21 21:48:40,598 [336e6589-5d5b-4942-96a6-e8ef4b976bc7-groupManagement] INFO  server.RaftServerConfigKeys (ConfUtils.java:logGet(46)) - raft.server.rpc.sleep.time = 25ms (default)
2023-06-21 21:48:40,598 [336e6589-5d5b-4942-96a6-e8ef4b976bc7-groupManagement] INFO  server.RaftServerConfigKeys (ConfUtils.java:logGet(46)) - raft.server.rpc.slowness.timeout = 120000ms (custom)
2023-06-21 21:48:40,598 [336e6589-5d5b-4942-96a6-e8ef4b976bc7-groupManagement] INFO  server.RaftServerConfigKeys (ConfUtils.java:logGet(46)) - raft.server.leaderelection.leader.step-down.wait-time = 10s (default)
2023-06-21 21:48:40,599 [336e6589-5d5b-4942-96a6-e8ef4b976bc7-groupManagement] INFO  server.RaftServerConfigKeys (ConfUtils.java:logGet(46)) - raft.server.sleep.deviation.threshold = 300ms (default)
2023-06-21 21:48:40,599 [336e6589-5d5b-4942-96a6-e8ef4b976bc7-groupManagement] INFO  server.RaftServer$Division (ServerState.java:<init>(120)) - 336e6589-5d5b-4942-96a6-e8ef4b976bc7@group-29E1D18647C8: ConfigurationManager, init=-1: peers:[]|listeners:[], old=null, confs=<EMPTY_MAP>
2023-06-21 21:48:40,600 [336e6589-5d5b-4942-96a6-e8ef4b976bc7-groupManagement] INFO  server.RaftServerConfigKeys (ConfUtils.java:logGet(46)) - raft.server.storage.dir = [/home/runner/work/ozone/ozone/hadoop-ozone/integration-test/target/test-dir/MiniOzoneClusterImpl-ed2e7ec8-c199-49a5-9fff-29e1d18647c8/scmNode-2/scm-ha] (custom)
2023-06-21 21:48:40,600 [336e6589-5d5b-4942-96a6-e8ef4b976bc7-groupManagement] INFO  server.RaftServerConfigKeys (ConfUtils.java:logGet(46)) - raft.server.log.corruption.policy = EXCEPTION (default)
2023-06-21 21:48:40,600 [336e6589-5d5b-4942-96a6-e8ef4b976bc7-groupManagement] INFO  server.RaftServerConfigKeys (ConfUtils.java:logGet(46)) - raft.server.storage.free-space.min = 0MB (=0) (default)
2023-06-21 21:48:40,600 [336e6589-5d5b-4942-96a6-e8ef4b976bc7-groupManagement] INFO  server.RaftServerConfigKeys (ConfUtils.java:logGet(46)) - raft.server.notification.no-leader.timeout = 60s (default)
2023-06-21 21:48:40,601 [336e6589-5d5b-4942-96a6-e8ef4b976bc7-groupManagement] INFO  server.RaftServerConfigKeys (ConfUtils.java:logGet(46)) - raft.server.read.timeout = 10s (default)
2023-06-21 21:48:40,601 [336e6589-5d5b-4942-96a6-e8ef4b976bc7-groupManagement] INFO  server.RaftServerConfigKeys (ConfUtils.java:logGet(46)) - raft.server.retrycache.expirytime = 60000ms (default)
2023-06-21 21:48:40,601 [336e6589-5d5b-4942-96a6-e8ef4b976bc7-groupManagement] INFO  server.RaftServerConfigKeys (ConfUtils.java:logGet(46)) - raft.server.retrycache.statistics.expirytime = 100μs (default)
2023-06-21 21:48:40,601 [336e6589-5d5b-4942-96a6-e8ef4b976bc7-groupManagement] INFO  server.RaftServerConfigKeys (ConfUtils.java:logGet(46)) - raft.server.read.option = DEFAULT (default)
2023-06-21 21:48:40,604 [336e6589-5d5b-4942-96a6-e8ef4b976bc7-groupManagement] INFO  server.RaftServerConfigKeys (ConfUtils.java:logGet(46)) - raft.server.rpc.request.timeout = 30000ms (custom)
2023-06-21 21:48:40,604 [336e6589-5d5b-4942-96a6-e8ef4b976bc7-groupManagement] INFO  server.RaftServerConfigKeys (ConfUtils.java:logGet(46)) - raft.server.log.appender.install.snapshot.enabled = false (custom)
2023-06-21 21:48:40,604 [336e6589-5d5b-4942-96a6-e8ef4b976bc7-groupManagement] INFO  server.RaftServerConfigKeys (ConfUtils.java:logGet(46)) - raft.server.threadpool.server.cached = true (default)
2023-06-21 21:48:40,604 [336e6589-5d5b-4942-96a6-e8ef4b976bc7-groupManagement] INFO  server.RaftServerConfigKeys (ConfUtils.java:logGet(46)) - raft.server.threadpool.server.size = 0 (default)
2023-06-21 21:48:40,604 [336e6589-5d5b-4942-96a6-e8ef4b976bc7-groupManagement] INFO  server.RaftServerConfigKeys (ConfUtils.java:logGet(46)) - raft.server.threadpool.client.cached = true (default)
2023-06-21 21:48:40,604 [336e6589-5d5b-4942-96a6-e8ef4b976bc7-groupManagement] INFO  server.RaftServerConfigKeys (ConfUtils.java:logGet(46)) - raft.server.threadpool.client.size = 0 (default)
2023-06-21 21:48:40,604 [main] INFO  ha.SCMSnapshotProvider (SCMSnapshotProvider.java:<init>(66)) - Initializing SCM Snapshot Provider
2023-06-21 21:48:40,605 [main] WARN  server.ServerUtils (ServerUtils.java:getDefaultRatisDirectory(323)) - Storage directory for Ratis is not configured. It is a good idea to map this to an SSD disk. Falling back to ozone.metadata.dirs
2023-06-21 21:48:40,605 [main] WARN  ha.SCMHAUtils (SCMHAUtils.java:getSCMRatisSnapshotDirectory(153)) - SCM snapshot dir is not configured. Falling back to ozone.metadata.dirs config
2023-06-21 21:48:40,607 [main] INFO  upgrade.AbstractLayoutVersionManager (AbstractLayoutVersionManager.java:init(83)) - Initializing Layout version manager with metadata layout = HADOOP_PRC_PORTS_IN_DATANODEDETAILS (version = 7), software layout = HADOOP_PRC_PORTS_IN_DATANODEDETAILS (version = 7)
2023-06-21 21:48:40,609 [main] INFO  ha.SequenceIdGenerator (SequenceIdGenerator.java:upgradeToSequenceId(349)) - upgrade localId to 111677748019200000
2023-06-21 21:48:40,611 [main] INFO  ha.SequenceIdGenerator (SequenceIdGenerator.java:upgradeToSequenceId(359)) - upgrade delTxnId to 0
2023-06-21 21:48:40,612 [main] INFO  ha.SequenceIdGenerator (SequenceIdGenerator.java:upgradeToSequenceId(376)) - upgrade containerId to 0
2023-06-21 21:48:40,612 [main] INFO  ha.SequenceIdGenerator (SequenceIdGenerator.java:<init>(220)) - Init the HA SequenceIdGenerator.
2023-06-21 21:48:40,613 [main] WARN  server.ServerUtils (ServerUtils.java:sanitizeUserArgs(80)) - ozone.scm.stale.node.interval value = 300000 is larger than max = 100000 based on the key value of ozone.scm.heartbeat.thread.interval, reset to the max value 100000.
2023-06-21 21:48:40,613 [main] WARN  server.ServerUtils (ServerUtils.java:sanitizeUserArgs(80)) - ozone.scm.stale.node.interval value = 300000 is larger than max = 100000 based on the key value of ozone.scm.heartbeat.thread.interval, reset to the max value 100000.
2023-06-21 21:48:40,613 [main] INFO  node.SCMNodeManager (SCMNodeManager.java:<init>(158)) - Entering startup safe mode.
2023-06-21 21:48:40,614 [main] INFO  algorithms.ContainerPlacementPolicyFactory (ContainerPlacementPolicyFactory.java:getPolicyInternal(86)) - Create container placement policy of type org.apache.hadoop.hdds.scm.container.placement.algorithms.SCMContainerPlacementRackAware
2023-06-21 21:48:40,614 [main] INFO  algorithms.ContainerPlacementPolicyFactory (ContainerPlacementPolicyFactory.java:getPolicyInternal(86)) - Create container placement policy of type org.apache.hadoop.hdds.scm.container.placement.algorithms.SCMContainerPlacementRackScatter
2023-06-21 21:48:40,615 [main] INFO  pipeline.PipelineStateManagerImpl (PipelineStateManagerImpl.java:initialize(78)) - No pipeline exists in current db
2023-06-21 21:48:40,615 [main] INFO  algorithms.LeaderChoosePolicyFactory (LeaderChoosePolicyFactory.java:getPolicy(57)) - Create leader choose policy of type org.apache.hadoop.hdds.scm.pipeline.leader.choose.algorithms.MinLeaderCountChoosePolicy
2023-06-21 21:48:40,615 [main] INFO  algorithms.ContainerPlacementPolicyFactory (ContainerPlacementPolicyFactory.java:getPolicyInternal(86)) - Create container placement policy of type org.apache.hadoop.hdds.scm.container.placement.algorithms.SCMContainerPlacementRackScatter
2023-06-21 21:48:40,615 [main] INFO  ha.SCMServiceManager (SCMServiceManager.java:register(42)) - Registering service BackgroundPipelineCreator.
2023-06-21 21:48:40,616 [main] INFO  pipeline.BackgroundPipelineCreator (BackgroundPipelineCreator.java:start(124)) - Starting RatisPipelineUtilsThread.
2023-06-21 21:48:40,616 [main] INFO  BackgroundPipelineScrubber (BackgroundSCMService.java:start(68)) - Starting BackgroundPipelineScrubber Service.
2023-06-21 21:48:40,616 [main] INFO  ha.SCMServiceManager (SCMServiceManager.java:register(42)) - Registering service BackgroundPipelineScrubber.
2023-06-21 21:48:40,616 [main] INFO  ExpiredContainerReplicaOpScrubber (BackgroundSCMService.java:start(68)) - Starting ExpiredContainerReplicaOpScrubber Service.
2023-06-21 21:48:40,617 [main] INFO  ha.SCMServiceManager (SCMServiceManager.java:register(42)) - Registering service ExpiredContainerReplicaOpScrubber.
2023-06-21 21:48:40,618 [main] INFO  algorithms.PipelineChoosePolicyFactory (PipelineChoosePolicyFactory.java:createPipelineChoosePolicyFromClass(73)) - Create pipeline choose policy of type org.apache.hadoop.hdds.scm.pipeline.choose.algorithms.RandomPipelineChoosePolicy
2023-06-21 21:48:40,619 [main] INFO  ha.SCMServiceManager (SCMServiceManager.java:register(42)) - Registering service SCMBlockDeletingService.
2023-06-21 21:48:40,620 [main] INFO  replication.ReplicationManager (ReplicationManager.java:start(286)) - Starting Replication Monitor Thread.
2023-06-21 21:48:40,631 [main] INFO  ha.SCMServiceManager (SCMServiceManager.java:register(42)) - Registering service ReplicationManager.
2023-06-21 21:48:40,632 [main] INFO  safemode.ContainerSafeModeRule (ContainerSafeModeRule.java:<init>(89)) - containers with one replica threshold count 0
2023-06-21 21:48:40,633 [main] INFO  safemode.HealthyPipelineSafeModeRule (HealthyPipelineSafeModeRule.java:initializeRule(169)) - Total pipeline count is 0, healthy pipeline threshold count is 0
2023-06-21 21:48:40,633 [main] INFO  safemode.OneReplicaPipelineSafeModeRule (OneReplicaPipelineSafeModeRule.java:initializeRule(180)) - Total pipeline count is 0, pipeline's with at least one datanode reported threshold count is 0
2023-06-21 21:48:40,635 [ReplicationMonitor] INFO  replication.ReplicationManager (ReplicationManager.java:processAll(361)) - Replication Manager is not ready to run until 3000ms after safemode exit
2023-06-21 21:48:40,636 [main] INFO  security.SecretKeyManagerService (SecretKeyManagerService.java:start(143)) - Scheduling rotation checker with interval PT1S
2023-06-21 21:48:40,637 [main] INFO  ha.SCMServiceManager (SCMServiceManager.java:register(42)) - Registering service SecretKeyManagerService.
2023-06-21 21:48:40,637 [main] INFO  authority.DefaultCAServer (DefaultCAServer.java:lambda$processVerificationStatus$0(465)) - CertificateServer validation is successful
2023-06-21 21:48:40,639 [main] INFO  ipc.CallQueueManager (CallQueueManager.java:<init>(90)) - Using callQueue: class java.util.concurrent.LinkedBlockingQueue, queueCapacity: 200, scheduler: class org.apache.hadoop.ipc.DefaultRpcScheduler, ipcBackoff: false.
2023-06-21 21:48:40,639 [Socket Reader #1 for port 15010] INFO  ipc.Server (Server.java:run(1319)) - Starting Socket Reader #1 for port 15010
2023-06-21 21:48:40,642 [Listener at 0.0.0.0/15010] INFO  hdds.HddsUtils (HddsUtils.java:preserveThreadName(848)) - Restoring thread name: main
2023-06-21 21:48:40,643 [main] INFO  ha.SCMServiceManager (SCMServiceManager.java:register(42)) - Registering service RootCARotationManager.
2023-06-21 21:48:40,643 [main] INFO  server.StorageContainerManager (StorageContainerManager.java:<init>(418)) - SCM start with adminUsers: [runner, scm]
2023-06-21 21:48:40,644 [main] INFO  ipc.CallQueueManager (CallQueueManager.java:<init>(90)) - Using callQueue: class java.util.concurrent.LinkedBlockingQueue, queueCapacity: 2000, scheduler: class org.apache.hadoop.ipc.DefaultRpcScheduler, ipcBackoff: false.
2023-06-21 21:48:40,645 [Socket Reader #1 for port 15012] INFO  ipc.Server (Server.java:run(1319)) - Starting Socket Reader #1 for port 15012
2023-06-21 21:48:40,647 [Listener at 0.0.0.0/15012] INFO  hdds.HddsUtils (HddsUtils.java:preserveThreadName(848)) - Restoring thread name: main
2023-06-21 21:48:40,648 [main] INFO  ipc.CallQueueManager (CallQueueManager.java:<init>(90)) - Using callQueue: class java.util.concurrent.LinkedBlockingQueue, queueCapacity: 2000, scheduler: class org.apache.hadoop.ipc.DefaultRpcScheduler, ipcBackoff: false.
2023-06-21 21:48:40,650 [Socket Reader #1 for port 15015] INFO  ipc.Server (Server.java:run(1319)) - Starting Socket Reader #1 for port 15015
2023-06-21 21:48:40,653 [Listener at 0.0.0.0/15015] INFO  hdds.HddsUtils (HddsUtils.java:preserveThreadName(848)) - Restoring thread name: main
2023-06-21 21:48:40,653 [main] INFO  ipc.CallQueueManager (CallQueueManager.java:<init>(90)) - Using callQueue: class java.util.concurrent.LinkedBlockingQueue, queueCapacity: 2000, scheduler: class org.apache.hadoop.ipc.DefaultRpcScheduler, ipcBackoff: false.
2023-06-21 21:48:40,658 [Socket Reader #1 for port 15013] INFO  ipc.Server (Server.java:run(1319)) - Starting Socket Reader #1 for port 15013
2023-06-21 21:48:40,661 [Listener at 0.0.0.0/15013] INFO  hdds.HddsUtils (HddsUtils.java:preserveThreadName(848)) - Restoring thread name: main
2023-06-21 21:48:40,680 [main] INFO  ha.SCMServiceManager (SCMServiceManager.java:register(42)) - Registering service ContainerBalancer.
2023-06-21 21:48:40,681 [main] INFO  server.StorageContainerManager (StorageContainerManager.java:<init>(431)) - 
Container Balancer status:
Key                            Value
Running                        false
Container Balancer Configuration values:
Key                                                Value
Threshold                                          10
Max Datanodes to Involve per Iteration(percent)    20
Max Size to Move per Iteration                     500GB
Max Size Entering Target per Iteration             26GB
Max Size Leaving Source per Iteration              26GB

2023-06-21 21:48:40,681 [main] INFO  ha.SCMContext (SCMContext.java:updateSafeModeStatus(228)) - Update SafeModeStatus from SafeModeStatus{safeModeStatus=true, preCheckPassed=false} to SafeModeStatus{safeModeStatus=true, preCheckPassed=false}.
2023-06-21 21:48:40,682 [main] INFO  server.StorageContainerManager (StorageContainerManager.java:start(1495)) - StorageContainerLocationProtocol RPC server is listening at /0.0.0.0:15013
2023-06-21 21:48:40,682 [main] INFO  ha.SCMRatisServerImpl (SCMRatisServerImpl.java:start(189)) - starting ratis server 0.0.0.0:15011
2023-06-21 21:48:40,684 [336e6589-5d5b-4942-96a6-e8ef4b976bc7-impl-thread1] INFO  storage.RaftStorageDirectory (RaftStorageDirectoryImpl.java:analyzeStorage(137)) - The storage directory /home/runner/work/ozone/ozone/hadoop-ozone/integration-test/target/test-dir/MiniOzoneClusterImpl-ed2e7ec8-c199-49a5-9fff-29e1d18647c8/scmNode-2/scm-ha/ed2e7ec8-c199-49a5-9fff-29e1d18647c8 does not exist. Creating ...
2023-06-21 21:48:40,696 [336e6589-5d5b-4942-96a6-e8ef4b976bc7-impl-thread1] INFO  storage.RaftStorageDirectory (RaftStorageDirectoryImpl.java:tryLock(231)) - Lock on /home/runner/work/ozone/ozone/hadoop-ozone/integration-test/target/test-dir/MiniOzoneClusterImpl-ed2e7ec8-c199-49a5-9fff-29e1d18647c8/scmNode-2/scm-ha/ed2e7ec8-c199-49a5-9fff-29e1d18647c8/in_use.lock acquired by nodename 26391@fv-az1254-726
2023-06-21 21:48:40,698 [336e6589-5d5b-4942-96a6-e8ef4b976bc7-impl-thread1] INFO  storage.RaftStorage (RaftStorageImpl.java:format(96)) - Storage directory /home/runner/work/ozone/ozone/hadoop-ozone/integration-test/target/test-dir/MiniOzoneClusterImpl-ed2e7ec8-c199-49a5-9fff-29e1d18647c8/scmNode-2/scm-ha/ed2e7ec8-c199-49a5-9fff-29e1d18647c8 has been successfully formatted.
2023-06-21 21:48:40,699 [336e6589-5d5b-4942-96a6-e8ef4b976bc7-impl-thread1] INFO  server.RaftServerConfigKeys (ConfUtils.java:logGet(46)) - raft.server.log.use.memory = false (default)
2023-06-21 21:48:40,699 [336e6589-5d5b-4942-96a6-e8ef4b976bc7-impl-thread1] INFO  server.RaftServerConfigKeys (ConfUtils.java:logGet(46)) - raft.server.log.purge.gap = 100 (custom)
2023-06-21 21:48:40,699 [336e6589-5d5b-4942-96a6-e8ef4b976bc7-impl-thread1] INFO  server.RaftServerConfigKeys (ConfUtils.java:logGet(46)) - raft.server.log.appender.buffer.byte-limit = 33554432 (custom)
2023-06-21 21:48:40,699 [336e6589-5d5b-4942-96a6-e8ef4b976bc7-impl-thread1] INFO  server.RaftServerConfigKeys (ConfUtils.java:logGet(46)) - raft.server.log.statemachine.data.read.timeout = 1000ms (default)
2023-06-21 21:48:40,699 [336e6589-5d5b-4942-96a6-e8ef4b976bc7-impl-thread1] INFO  server.RaftServerConfigKeys (ConfUtils.java:logGet(46)) - raft.server.log.purge.preservation.log.num = 0 (default)
2023-06-21 21:48:40,699 [336e6589-5d5b-4942-96a6-e8ef4b976bc7-impl-thread1] INFO  server.RaftServerConfigKeys (ConfUtils.java:logGet(46)) - raft.server.log.segment.size.max = 4194304 (custom)
2023-06-21 21:48:40,699 [336e6589-5d5b-4942-96a6-e8ef4b976bc7-impl-thread1] INFO  server.RaftServerConfigKeys (ConfUtils.java:logGet(46)) - raft.server.log.segment.cache.num.max = 2 (custom)
2023-06-21 21:48:40,700 [336e6589-5d5b-4942-96a6-e8ef4b976bc7-impl-thread1] INFO  server.RaftServerConfigKeys (ConfUtils.java:logGet(46)) - raft.server.log.segment.cache.size.max = 200MB (=209715200) (default)
2023-06-21 21:48:40,700 [336e6589-5d5b-4942-96a6-e8ef4b976bc7-impl-thread1] INFO  server.RaftServerConfigKeys (ConfUtils.java:logGet(46)) - raft.server.log.appender.buffer.byte-limit = 33554432 (custom)
2023-06-21 21:48:40,700 [336e6589-5d5b-4942-96a6-e8ef4b976bc7-impl-thread1] INFO  segmented.SegmentedRaftLogWorker (SegmentedRaftLogWorker.java:<init>(188)) - new 336e6589-5d5b-4942-96a6-e8ef4b976bc7@group-29E1D18647C8-SegmentedRaftLogWorker for RaftStorageImpl:Storage Directory /home/runner/work/ozone/ozone/hadoop-ozone/integration-test/target/test-dir/MiniOzoneClusterImpl-ed2e7ec8-c199-49a5-9fff-29e1d18647c8/scmNode-2/scm-ha/ed2e7ec8-c199-49a5-9fff-29e1d18647c8
2023-06-21 21:48:40,700 [336e6589-5d5b-4942-96a6-e8ef4b976bc7-impl-thread1] INFO  server.RaftServerConfigKeys (ConfUtils.java:logGet(46)) - raft.server.log.queue.byte-limit = 64MB (=67108864) (default)
2023-06-21 21:48:40,700 [336e6589-5d5b-4942-96a6-e8ef4b976bc7-impl-thread1] INFO  server.RaftServerConfigKeys (ConfUtils.java:logGet(46)) - raft.server.log.queue.element-limit = 4096 (default)
2023-06-21 21:48:40,700 [336e6589-5d5b-4942-96a6-e8ef4b976bc7-impl-thread1] INFO  server.RaftServerConfigKeys (ConfUtils.java:logGet(46)) - raft.server.log.segment.size.max = 4194304 (custom)
2023-06-21 21:48:40,700 [336e6589-5d5b-4942-96a6-e8ef4b976bc7-impl-thread1] INFO  server.RaftServerConfigKeys (ConfUtils.java:logGet(46)) - raft.server.log.preallocated.size = 4194304 (custom)
2023-06-21 21:48:40,700 [336e6589-5d5b-4942-96a6-e8ef4b976bc7-impl-thread1] INFO  server.RaftServerConfigKeys (ConfUtils.java:logGet(46)) - raft.server.log.force.sync.num = 128 (default)
2023-06-21 21:48:40,700 [336e6589-5d5b-4942-96a6-e8ef4b976bc7-impl-thread1] INFO  server.RaftServerConfigKeys (ConfUtils.java:logGet(46)) - raft.server.log.statemachine.data.sync = true (default)
2023-06-21 21:48:40,700 [336e6589-5d5b-4942-96a6-e8ef4b976bc7-impl-thread1] INFO  server.RaftServerConfigKeys (ConfUtils.java:logGet(46)) - raft.server.log.statemachine.data.sync.timeout = 10s (default)
2023-06-21 21:48:40,700 [336e6589-5d5b-4942-96a6-e8ef4b976bc7-impl-thread1] INFO  server.RaftServerConfigKeys (ConfUtils.java:logGet(46)) - raft.server.log.statemachine.data.sync.timeout.retry = -1 (default)
2023-06-21 21:48:40,701 [336e6589-5d5b-4942-96a6-e8ef4b976bc7-impl-thread1] INFO  server.RaftServerConfigKeys (ConfUtils.java:logGet(46)) - raft.server.log.write.buffer.size = 64KB (=65536) (default)
2023-06-21 21:48:40,701 [336e6589-5d5b-4942-96a6-e8ef4b976bc7-impl-thread1] INFO  server.RaftServerConfigKeys (ConfUtils.java:logGet(46)) - raft.server.log.appender.buffer.byte-limit = 33554432 (custom)
2023-06-21 21:48:40,710 [336e6589-5d5b-4942-96a6-e8ef4b976bc7-impl-thread1] INFO  server.RaftServerConfigKeys (ConfUtils.java:logGet(46)) - raft.server.log.unsafe-flush.enabled = false (default)
2023-06-21 21:48:40,710 [336e6589-5d5b-4942-96a6-e8ef4b976bc7-impl-thread1] INFO  server.RaftServerConfigKeys (ConfUtils.java:logGet(46)) - raft.server.log.async-flush.enabled = false (default)
2023-06-21 21:48:40,710 [336e6589-5d5b-4942-96a6-e8ef4b976bc7-impl-thread1] INFO  server.RaftServerConfigKeys (ConfUtils.java:logGet(46)) - raft.server.log.statemachine.data.caching.enabled = false (default)
2023-06-21 21:48:40,712 [336e6589-5d5b-4942-96a6-e8ef4b976bc7-impl-thread1] INFO  segmented.SegmentedRaftLogWorker (SegmentedRaftLogWorker.java:lambda$new$0(135)) - 336e6589-5d5b-4942-96a6-e8ef4b976bc7@group-29E1D18647C8-SegmentedRaftLogWorker: flushIndex: setUnconditionally 0 -> -1
2023-06-21 21:48:40,712 [336e6589-5d5b-4942-96a6-e8ef4b976bc7-impl-thread1] INFO  segmented.SegmentedRaftLogWorker (SegmentedRaftLogWorker.java:lambda$new$0(135)) - 336e6589-5d5b-4942-96a6-e8ef4b976bc7@group-29E1D18647C8-SegmentedRaftLogWorker: safeCacheEvictIndex: setUnconditionally 0 -> -1
2023-06-21 21:48:40,714 [336e6589-5d5b-4942-96a6-e8ef4b976bc7-impl-thread1] INFO  server.RaftServer$Division (RaftServerImpl.java:start(348)) - 336e6589-5d5b-4942-96a6-e8ef4b976bc7@group-29E1D18647C8: start with initializing state, conf=-1: peers:[]|listeners:[], old=null
2023-06-21 21:48:40,714 [336e6589-5d5b-4942-96a6-e8ef4b976bc7-impl-thread1] INFO  server.RaftServer$Division (RaftServerImpl.java:setRole(329)) - 336e6589-5d5b-4942-96a6-e8ef4b976bc7@group-29E1D18647C8: changes role from      null to FOLLOWER at term 0 for startInitializing
2023-06-21 21:48:40,715 [336e6589-5d5b-4942-96a6-e8ef4b976bc7-impl-thread1] INFO  util.JmxRegister (JmxRegister.java:tryRegister(44)) - Successfully registered JMX Bean with object name Ratis:service=RaftServer,group=group-29E1D18647C8,id=336e6589-5d5b-4942-96a6-e8ef4b976bc7
2023-06-21 21:48:40,715 [336e6589-5d5b-4942-96a6-e8ef4b976bc7-impl-thread1] INFO  server.RaftServerConfigKeys (ConfUtils.java:logGet(46)) - raft.server.snapshot.auto.trigger.enabled = true (custom)
2023-06-21 21:48:40,715 [336e6589-5d5b-4942-96a6-e8ef4b976bc7-impl-thread1] INFO  server.RaftServerConfigKeys (ConfUtils.java:logGet(46)) - raft.server.snapshot.auto.trigger.threshold = 100 (custom)
2023-06-21 21:48:40,715 [336e6589-5d5b-4942-96a6-e8ef4b976bc7-impl-thread1] INFO  server.RaftServerConfigKeys (ConfUtils.java:logGet(46)) - raft.server.snapshot.retention.file.num = -1 (default)
2023-06-21 21:48:40,715 [336e6589-5d5b-4942-96a6-e8ef4b976bc7-impl-thread1] INFO  server.RaftServerConfigKeys (ConfUtils.java:logGet(46)) - raft.server.log.purge.upto.snapshot.index = true (custom)
2023-06-21 21:48:40,716 [main] INFO  server.RaftServer (RaftServerProxy.java:startImpl(400)) - 336e6589-5d5b-4942-96a6-e8ef4b976bc7: start RPC server
2023-06-21 21:48:40,719 [main] INFO  server.GrpcService (GrpcService.java:startImpl(302)) - 336e6589-5d5b-4942-96a6-e8ef4b976bc7: GrpcService started, listening on 15011
2023-06-21 21:48:40,722 [main] INFO  ha.SCMNodeInfo (SCMNodeInfo.java:getPort(197)) - ConfigKey ozone.scm.client.address is deprecated, For configuring different ports for each SCM use PortConfigKey ozone.scm.client.port appended with serviceId and nodeId
2023-06-21 21:48:40,722 [main] INFO  ha.SCMNodeInfo (SCMNodeInfo.java:getPort(197)) - ConfigKey ozone.scm.block.client.address is deprecated, For configuring different ports for each SCM use PortConfigKey ozone.scm.block.client.port appended with serviceId and nodeId
2023-06-21 21:48:40,722 [main] INFO  ha.SCMNodeInfo (SCMNodeInfo.java:getPort(197)) - ConfigKey ozone.scm.security.service.address is deprecated, For configuring different ports for each SCM use PortConfigKey ozone.scm.security.service.port appended with serviceId and nodeId
2023-06-21 21:48:40,722 [main] INFO  ha.SCMNodeInfo (SCMNodeInfo.java:getPort(197)) - ConfigKey ozone.scm.datanode.address is deprecated, For configuring different ports for each SCM use PortConfigKey ozone.scm.datanode.port appended with serviceId and nodeId
2023-06-21 21:48:40,722 [main] INFO  ha.SCMNodeInfo (SCMNodeInfo.java:getPort(197)) - ConfigKey ozone.scm.client.address is deprecated, For configuring different ports for each SCM use PortConfigKey ozone.scm.client.port appended with serviceId and nodeId
2023-06-21 21:48:40,722 [main] INFO  ha.SCMNodeInfo (SCMNodeInfo.java:getPort(197)) - ConfigKey ozone.scm.block.client.address is deprecated, For configuring different ports for each SCM use PortConfigKey ozone.scm.block.client.port appended with serviceId and nodeId
2023-06-21 21:48:40,723 [main] INFO  ha.SCMNodeInfo (SCMNodeInfo.java:getPort(197)) - ConfigKey ozone.scm.security.service.address is deprecated, For configuring different ports for each SCM use PortConfigKey ozone.scm.security.service.port appended with serviceId and nodeId
2023-06-21 21:48:40,723 [main] INFO  ha.SCMNodeInfo (SCMNodeInfo.java:getPort(197)) - ConfigKey ozone.scm.datanode.address is deprecated, For configuring different ports for each SCM use PortConfigKey ozone.scm.datanode.port appended with serviceId and nodeId
2023-06-21 21:48:40,723 [main] INFO  proxy.SCMBlockLocationFailoverProxyProvider (SCMBlockLocationFailoverProxyProvider.java:<init>(114)) - Created block location fail-over proxy with 2 nodes: [nodeId=scmNode-3,nodeAddress=/127.0.0.1:15023, nodeId=scmNode-1,nodeAddress=/127.0.0.1:15007]
2023-06-21 21:48:40,726 [JvmPauseMonitor2] INFO  util.JvmPauseMonitor (JvmPauseMonitor.java:run(103)) - JvmPauseMonitor-336e6589-5d5b-4942-96a6-e8ef4b976bc7: Started
2023-06-21 21:48:40,734 [pool-2-thread-1] INFO  request.TgsRequest (TgsRequest.java:issueTicket(115)) - TGS_REQ ISSUE: authtime 1687384120734,scm/fv-az1254-726.qtnbswlwlufehe3u4emko3izng.cx.internal.cloudapp.net for scm/fv-az1254-726.qtnbswlwlufehe3u4emko3izng.cx.internal.cloudapp.net@EXAMPLE.COM
2023-06-21 21:48:40,752 [Socket Reader #1 for port 15007] INFO  ipc.Server (Server.java:saslProcess(2116)) - Auth successful for scm/fv-az1254-726.qtnbswlwlufehe3u4emko3izng.cx.internal.cloudapp.net@EXAMPLE.COM (auth:KERBEROS) from 10.1.0.15:43727
2023-06-21 21:48:40,761 [IPC Server handler 0 on default port 15007] INFO  ha.SCMRatisServerImpl (SCMRatisServerImpl.java:addSCM(316)) - 6554ba57-669d-4c9f-91d9-11f4838b8a27: Submitting SetConfiguration request to Ratis server with new SCM peers list: [6554ba57-669d-4c9f-91d9-11f4838b8a27|rpc:localhost:15003|admin:|client:|dataStream:|priority:0|startupRole:FOLLOWER, 336e6589-5d5b-4942-96a6-e8ef4b976bc7|rpc:localhost:15011|priority:0|startupRole:FOLLOWER]
2023-06-21 21:48:40,765 [IPC Server handler 0 on default port 15007] INFO  server.RaftServer$Division (RaftServerImpl.java:setConfigurationAsync(1196)) - 6554ba57-669d-4c9f-91d9-11f4838b8a27@group-29E1D18647C8: receive setConfiguration SetConfigurationRequest:client-4705C79B8F50->6554ba57-669d-4c9f-91d9-11f4838b8a27@group-29E1D18647C8, cid=1, seq=0, RW, null, SET_UNCONDITIONALLY, servers:[6554ba57-669d-4c9f-91d9-11f4838b8a27|rpc:localhost:15003|admin:|client:|dataStream:|priority:0|startupRole:FOLLOWER, 336e6589-5d5b-4942-96a6-e8ef4b976bc7|rpc:localhost:15011|priority:0|startupRole:FOLLOWER], listeners:[]
2023-06-21 21:48:40,766 [IPC Server handler 0 on default port 15007] INFO  server.RaftServer$Division (LeaderStateImpl.java:startSetConfiguration(443)) - 6554ba57-669d-4c9f-91d9-11f4838b8a27@group-29E1D18647C8-LeaderStateImpl: startSetConfiguration SetConfigurationRequest:client-4705C79B8F50->6554ba57-669d-4c9f-91d9-11f4838b8a27@group-29E1D18647C8, cid=1, seq=0, RW, null, SET_UNCONDITIONALLY, servers:[6554ba57-669d-4c9f-91d9-11f4838b8a27|rpc:localhost:15003|admin:|client:|dataStream:|priority:0|startupRole:FOLLOWER, 336e6589-5d5b-4942-96a6-e8ef4b976bc7|rpc:localhost:15011|priority:0|startupRole:FOLLOWER], listeners:[]
2023-06-21 21:48:40,777 [IPC Server handler 0 on default port 15007] INFO  server.RaftServerConfigKeys (ConfUtils.java:logGet(46)) - raft.server.log.appender.snapshot.chunk.size.max = 16MB (=16777216) (default)
2023-06-21 21:48:40,777 [IPC Server handler 0 on default port 15007] INFO  server.RaftServerConfigKeys (ConfUtils.java:logGet(46)) - raft.server.log.appender.buffer.byte-limit = 33554432 (custom)
2023-06-21 21:48:40,777 [IPC Server handler 0 on default port 15007] INFO  server.RaftServerConfigKeys (ConfUtils.java:logGet(46)) - raft.server.log.appender.buffer.element-limit = 1024 (custom)
2023-06-21 21:48:40,780 [IPC Server handler 0 on default port 15007] INFO  server.RaftServerConfigKeys (ConfUtils.java:logGet(46)) - raft.server.log.appender.wait-time.min = 10ms (default)
2023-06-21 21:48:40,781 [IPC Server handler 0 on default port 15007] INFO  grpc.GrpcConfigKeys (ConfUtils.java:logGet(46)) - raft.grpc.server.leader.outstanding.appends.max = 128 (default)
2023-06-21 21:48:40,781 [IPC Server handler 0 on default port 15007] INFO  server.RaftServerConfigKeys (ConfUtils.java:logGet(46)) - raft.server.rpc.request.timeout = 30000ms (custom)
2023-06-21 21:48:40,781 [IPC Server handler 0 on default port 15007] INFO  grpc.GrpcConfigKeys (ConfUtils.java:logGet(46)) - raft.grpc.server.install_snapshot.request.element-limit = 8 (default)
2023-06-21 21:48:40,782 [IPC Server handler 0 on default port 15007] INFO  grpc.GrpcConfigKeys (ConfUtils.java:logGet(46)) - raft.grpc.server.install_snapshot.request.timeout = 3000ms (default)
2023-06-21 21:48:40,782 [IPC Server handler 0 on default port 15007] INFO  server.RaftServerConfigKeys (ConfUtils.java:logGet(46)) - raft.server.log.appender.install.snapshot.enabled = false (custom)
2023-06-21 21:48:40,782 [IPC Server handler 0 on default port 15007] INFO  grpc.GrpcConfigKeys (ConfUtils.java:logGet(46)) - raft.grpc.server.heartbeat.channel = true (default)
2023-06-21 21:48:40,786 [6554ba57-669d-4c9f-91d9-11f4838b8a27@group-29E1D18647C8->336e6589-5d5b-4942-96a6-e8ef4b976bc7-GrpcLogAppender-LogAppenderDaemon] INFO  server.GrpcLogAppender (GrpcLogAppender.java:installSnapshot(649)) - 6554ba57-669d-4c9f-91d9-11f4838b8a27@group-29E1D18647C8->336e6589-5d5b-4942-96a6-e8ef4b976bc7-GrpcLogAppender: followerNextIndex = 0 but logStartIndex = 0, notify follower to install snapshot-(t:1, i:0)
2023-06-21 21:48:40,797 [6554ba57-669d-4c9f-91d9-11f4838b8a27@group-29E1D18647C8->336e6589-5d5b-4942-96a6-e8ef4b976bc7-GrpcLogAppender-LogAppenderDaemon] INFO  server.GrpcLogAppender (GrpcLogAppender.java:installSnapshot(657)) - 6554ba57-669d-4c9f-91d9-11f4838b8a27@group-29E1D18647C8->336e6589-5d5b-4942-96a6-e8ef4b976bc7-GrpcLogAppender: send 6554ba57-669d-4c9f-91d9-11f4838b8a27->336e6589-5d5b-4942-96a6-e8ef4b976bc7#0-t2,notify:(t:1, i:0)
2023-06-21 21:48:40,797 [6554ba57-669d-4c9f-91d9-11f4838b8a27@group-29E1D18647C8->336e6589-5d5b-4942-96a6-e8ef4b976bc7-GrpcLogAppender-LogAppenderDaemon] INFO  server.GrpcServerProtocolClient (GrpcServerProtocolClient.java:<init>(65)) - Build channel for 336e6589-5d5b-4942-96a6-e8ef4b976bc7
2023-06-21 21:48:40,825 [grpc-default-executor-0] INFO  impl.SnapshotInstallationHandler (SnapshotInstallationHandler.java:installSnapshot(89)) - 336e6589-5d5b-4942-96a6-e8ef4b976bc7@group-29E1D18647C8: receive installSnapshot: 6554ba57-669d-4c9f-91d9-11f4838b8a27->336e6589-5d5b-4942-96a6-e8ef4b976bc7#0-t2,notify:(t:1, i:0)
2023-06-21 21:48:40,827 [grpc-default-executor-0] INFO  ha.SCMStateMachine (SCMStateMachine.java:notifyLeaderChanged(286)) - leader changed, yet current SCM is still follower.
2023-06-21 21:48:40,829 [grpc-default-executor-0] INFO  server.RaftServer$Division (ServerState.java:setLeader(317)) - 336e6589-5d5b-4942-96a6-e8ef4b976bc7@group-29E1D18647C8: change Leader from null to 6554ba57-669d-4c9f-91d9-11f4838b8a27 at term 2 for installSnapshot, leader elected after 226ms
2023-06-21 21:48:40,830 [grpc-default-executor-0] INFO  impl.SnapshotInstallationHandler (SnapshotInstallationHandler.java:notifyStateMachineToInstallSnapshot(221)) - 336e6589-5d5b-4942-96a6-e8ef4b976bc7@group-29E1D18647C8: Received notification to install snapshot at index 0
2023-06-21 21:48:40,832 [grpc-default-executor-0] INFO  impl.SnapshotInstallationHandler (SnapshotInstallationHandler.java:notifyStateMachineToInstallSnapshot(230)) - 336e6589-5d5b-4942-96a6-e8ef4b976bc7@group-29E1D18647C8: InstallSnapshot notification result: ALREADY_INSTALLED, current snapshot index: -1
2023-06-21 21:48:40,932 [grpc-default-executor-0] INFO  impl.SnapshotInstallationHandler (SnapshotInstallationHandler.java:installSnapshotImpl(134)) - 336e6589-5d5b-4942-96a6-e8ef4b976bc7@group-29E1D18647C8: set new configuration index: 1
configurationEntry {
  peers {
    id: "6554ba57-669d-4c9f-91d9-11f4838b8a27"
    address: "localhost:15003"
    startupRole: FOLLOWER
  }
}
 from snapshot
2023-06-21 21:48:40,933 [grpc-default-executor-0] INFO  server.RaftServer$Division (ServerState.java:setRaftConf(434)) - 336e6589-5d5b-4942-96a6-e8ef4b976bc7@group-29E1D18647C8: set configuration 1: peers:[6554ba57-669d-4c9f-91d9-11f4838b8a27|rpc:localhost:15003|admin:|client:|dataStream:|priority:0|startupRole:FOLLOWER]|listeners:[], old=null
2023-06-21 21:48:40,933 [grpc-default-executor-0] INFO  impl.SnapshotInstallationHandler (SnapshotInstallationHandler.java:installSnapshot(100)) - 336e6589-5d5b-4942-96a6-e8ef4b976bc7@group-29E1D18647C8: reply installSnapshot: 6554ba57-669d-4c9f-91d9-11f4838b8a27<-336e6589-5d5b-4942-96a6-e8ef4b976bc7#0:OK-t0,ALREADY_INSTALLED
2023-06-21 21:48:40,937 [grpc-default-executor-2] INFO  server.GrpcLogAppender (GrpcLogAppender.java:onNext(507)) - 6554ba57-669d-4c9f-91d9-11f4838b8a27@group-29E1D18647C8->336e6589-5d5b-4942-96a6-e8ef4b976bc7-InstallSnapshotResponseHandler: received the first reply 6554ba57-669d-4c9f-91d9-11f4838b8a27<-336e6589-5d5b-4942-96a6-e8ef4b976bc7#0:OK-t0,ALREADY_INSTALLED
2023-06-21 21:48:40,937 [grpc-default-executor-0] INFO  server.GrpcServerProtocolService (GrpcServerProtocolService.java:onCompleted(155)) - 336e6589-5d5b-4942-96a6-e8ef4b976bc7: Completed INSTALL_SNAPSHOT, lastRequest: 6554ba57-669d-4c9f-91d9-11f4838b8a27->336e6589-5d5b-4942-96a6-e8ef4b976bc7#0-t2,notify:(t:1, i:0)
2023-06-21 21:48:40,938 [grpc-default-executor-0] INFO  server.GrpcServerProtocolService (GrpcServerProtocolService.java:lambda$onCompleted$5(157)) - 336e6589-5d5b-4942-96a6-e8ef4b976bc7: Completed INSTALL_SNAPSHOT, lastReply: null
2023-06-21 21:48:40,939 [grpc-default-executor-2] INFO  server.GrpcLogAppender (GrpcLogAppender.java:onNext(530)) - 6554ba57-669d-4c9f-91d9-11f4838b8a27@group-29E1D18647C8->336e6589-5d5b-4942-96a6-e8ef4b976bc7-InstallSnapshotResponseHandler: Follower snapshot is already at index 0.
2023-06-21 21:48:40,940 [grpc-default-executor-2] INFO  leader.FollowerInfo (FollowerInfoImpl.java:lambda$new$0(52)) - 6554ba57-669d-4c9f-91d9-11f4838b8a27@group-29E1D18647C8->336e6589-5d5b-4942-96a6-e8ef4b976bc7: matchIndex: setUnconditionally -1 -> 0
2023-06-21 21:48:40,940 [grpc-default-executor-2] INFO  leader.FollowerInfo (FollowerInfoImpl.java:lambda$new$0(52)) - 6554ba57-669d-4c9f-91d9-11f4838b8a27@group-29E1D18647C8->336e6589-5d5b-4942-96a6-e8ef4b976bc7: nextIndex: setUnconditionally 0 -> 1
2023-06-21 21:48:40,941 [grpc-default-executor-2] INFO  leader.FollowerInfo (FollowerInfoImpl.java:setAttemptedToInstallSnapshot(126)) - Follower 6554ba57-669d-4c9f-91d9-11f4838b8a27@group-29E1D18647C8->336e6589-5d5b-4942-96a6-e8ef4b976bc7 acknowledged installing snapshot
2023-06-21 21:48:40,942 [grpc-default-executor-2] INFO  server.GrpcLogAppender (GrpcLogAppender.java:increaseNextIndex(337)) - 6554ba57-669d-4c9f-91d9-11f4838b8a27@group-29E1D18647C8->336e6589-5d5b-4942-96a6-e8ef4b976bc7-GrpcLogAppender: updateNextIndex 1 for ALREADY_INSTALLED
2023-06-21 21:48:40,970 [336e6589-5d5b-4942-96a6-e8ef4b976bc7-server-thread1] INFO  impl.RoleInfo (RoleInfo.java:updateAndGet(139)) - 336e6589-5d5b-4942-96a6-e8ef4b976bc7: start 336e6589-5d5b-4942-96a6-e8ef4b976bc7@group-29E1D18647C8-FollowerState
2023-06-21 21:48:40,971 [336e6589-5d5b-4942-96a6-e8ef4b976bc7-server-thread1] INFO  server.RaftServer$Division (RaftServerImpl.java:checkInconsistentAppendEntries(1613)) - 336e6589-5d5b-4942-96a6-e8ef4b976bc7@group-29E1D18647C8: Failed appendEntries as previous log entry ((t:1, i:0)) is not found
2023-06-21 21:48:40,973 [336e6589-5d5b-4942-96a6-e8ef4b976bc7-server-thread1] INFO  server.RaftServer$Division (RaftServerImpl.java:checkInconsistentAppendEntries(1583)) - 336e6589-5d5b-4942-96a6-e8ef4b976bc7@group-29E1D18647C8: inconsistency entries. Reply:6554ba57-669d-4c9f-91d9-11f4838b8a27<-336e6589-5d5b-4942-96a6-e8ef4b976bc7#0:FAIL-t2,INCONSISTENCY,nextIndex=0,followerCommit=-1,matchIndex=-1
2023-06-21 21:48:40,979 [336e6589-5d5b-4942-96a6-e8ef4b976bc7@group-29E1D18647C8-FollowerState] INFO  server.RaftServerConfigKeys (ConfUtils.java:logFallback(53)) - raft.server.rpc.first-election.timeout.min = 5000ms (fallback to raft.server.rpc.timeout.min)
2023-06-21 21:48:40,979 [336e6589-5d5b-4942-96a6-e8ef4b976bc7@group-29E1D18647C8-FollowerState] INFO  server.RaftServerConfigKeys (ConfUtils.java:logFallback(53)) - raft.server.rpc.first-election.timeout.max = 5200ms (fallback to raft.server.rpc.timeout.max)
2023-06-21 21:48:40,980 [336e6589-5d5b-4942-96a6-e8ef4b976bc7-server-thread1] INFO  server.RaftServer$Division (RaftServerImpl.java:checkInconsistentAppendEntries(1613)) - 336e6589-5d5b-4942-96a6-e8ef4b976bc7@group-29E1D18647C8: Failed appendEntries as previous log entry ((t:1, i:0)) is not found
2023-06-21 21:48:40,980 [grpc-default-executor-2] WARN  server.GrpcLogAppender (GrpcLogAppender.java:onNextImpl(401)) - 6554ba57-669d-4c9f-91d9-11f4838b8a27@group-29E1D18647C8->336e6589-5d5b-4942-96a6-e8ef4b976bc7-AppendLogResponseHandler: received INCONSISTENCY reply with nextIndex 0
2023-06-21 21:48:40,980 [336e6589-5d5b-4942-96a6-e8ef4b976bc7-server-thread1] INFO  server.RaftServer$Division (RaftServerImpl.java:checkInconsistentAppendEntries(1583)) - 336e6589-5d5b-4942-96a6-e8ef4b976bc7@group-29E1D18647C8: inconsistency entries. Reply:6554ba57-669d-4c9f-91d9-11f4838b8a27<-336e6589-5d5b-4942-96a6-e8ef4b976bc7#1:FAIL-t2,INCONSISTENCY,nextIndex=0,followerCommit=-1,matchIndex=-1
2023-06-21 21:48:40,981 [grpc-default-executor-2] INFO  leader.FollowerInfo (FollowerInfoImpl.java:lambda$new$0(52)) - 6554ba57-669d-4c9f-91d9-11f4838b8a27@group-29E1D18647C8->336e6589-5d5b-4942-96a6-e8ef4b976bc7: setNextIndex nextIndex: updateUnconditionally 7 -> 0
2023-06-21 21:48:40,989 [grpc-default-executor-1] WARN  server.GrpcLogAppender (GrpcLogAppender.java:onNextImpl(401)) - 6554ba57-669d-4c9f-91d9-11f4838b8a27@group-29E1D18647C8->336e6589-5d5b-4942-96a6-e8ef4b976bc7-AppendLogResponseHandler: received INCONSISTENCY reply with nextIndex 0
2023-06-21 21:48:40,992 [grpc-default-executor-1] INFO  leader.FollowerInfo (FollowerInfoImpl.java:lambda$new$0(52)) - 6554ba57-669d-4c9f-91d9-11f4838b8a27@group-29E1D18647C8->336e6589-5d5b-4942-96a6-e8ef4b976bc7: setNextIndex nextIndex: updateUnconditionally 7 -> 0
2023-06-21 21:48:40,996 [336e6589-5d5b-4942-96a6-e8ef4b976bc7-server-thread1] INFO  server.RaftServer$Division (ServerState.java:setRaftConf(434)) - 336e6589-5d5b-4942-96a6-e8ef4b976bc7@group-29E1D18647C8: set configuration 0: peers:[6554ba57-669d-4c9f-91d9-11f4838b8a27|rpc:localhost:15003|admin:|client:|dataStream:|priority:0|startupRole:FOLLOWER]|listeners:[], old=null
2023-06-21 21:48:40,996 [336e6589-5d5b-4942-96a6-e8ef4b976bc7-server-thread1] INFO  server.RaftServer$Division (ServerState.java:setRaftConf(434)) - 336e6589-5d5b-4942-96a6-e8ef4b976bc7@group-29E1D18647C8: set configuration 1: peers:[6554ba57-669d-4c9f-91d9-11f4838b8a27|rpc:localhost:15003|admin:|client:|dataStream:|priority:0|startupRole:FOLLOWER]|listeners:[], old=null
2023-06-21 21:48:40,996 [336e6589-5d5b-4942-96a6-e8ef4b976bc7-server-thread1] INFO  segmented.SegmentedRaftLogWorker (SegmentedRaftLogWorker.java:startLogSegment(447)) - 336e6589-5d5b-4942-96a6-e8ef4b976bc7@group-29E1D18647C8-SegmentedRaftLogWorker: Starting segment from index:0
2023-06-21 21:48:40,997 [336e6589-5d5b-4942-96a6-e8ef4b976bc7-server-thread1] INFO  segmented.SegmentedRaftLogWorker (SegmentedRaftLogWorker.java:rollLogSegment(452)) - 336e6589-5d5b-4942-96a6-e8ef4b976bc7@group-29E1D18647C8-SegmentedRaftLogWorker: Rolling segment log-0_0 to index:0
2023-06-21 21:48:41,005 [336e6589-5d5b-4942-96a6-e8ef4b976bc7-server-thread1] INFO  server.RaftServer$Division (ServerState.java:setRaftConf(434)) - 336e6589-5d5b-4942-96a6-e8ef4b976bc7@group-29E1D18647C8: set configuration 0: peers:[6554ba57-669d-4c9f-91d9-11f4838b8a27|rpc:localhost:15003|admin:|client:|dataStream:|priority:0|startupRole:FOLLOWER]|listeners:[], old=null
2023-06-21 21:48:41,005 [336e6589-5d5b-4942-96a6-e8ef4b976bc7-server-thread1] INFO  server.RaftServer$Division (ServerState.java:setRaftConf(434)) - 336e6589-5d5b-4942-96a6-e8ef4b976bc7@group-29E1D18647C8: set configuration 1: peers:[6554ba57-669d-4c9f-91d9-11f4838b8a27|rpc:localhost:15003|admin:|client:|dataStream:|priority:0|startupRole:FOLLOWER]|listeners:[], old=null
2023-06-21 21:48:41,015 [336e6589-5d5b-4942-96a6-e8ef4b976bc7@group-29E1D18647C8-SegmentedRaftLogWorker] INFO  segmented.SegmentedRaftLogWorker (SegmentedRaftLogWorker.java:execute(651)) - 336e6589-5d5b-4942-96a6-e8ef4b976bc7@group-29E1D18647C8-SegmentedRaftLogWorker: created new log segment /home/runner/work/ozone/ozone/hadoop-ozone/integration-test/target/test-dir/MiniOzoneClusterImpl-ed2e7ec8-c199-49a5-9fff-29e1d18647c8/scmNode-2/scm-ha/ed2e7ec8-c199-49a5-9fff-29e1d18647c8/current/log_inprogress_0
2023-06-21 21:48:41,017 [336e6589-5d5b-4942-96a6-e8ef4b976bc7@group-29E1D18647C8-SegmentedRaftLogWorker] INFO  segmented.SegmentedRaftLogWorker (SegmentedRaftLogWorker.java:execute(608)) - 336e6589-5d5b-4942-96a6-e8ef4b976bc7@group-29E1D18647C8-SegmentedRaftLogWorker: Rolled log segment from /home/runner/work/ozone/ozone/hadoop-ozone/integration-test/target/test-dir/MiniOzoneClusterImpl-ed2e7ec8-c199-49a5-9fff-29e1d18647c8/scmNode-2/scm-ha/ed2e7ec8-c199-49a5-9fff-29e1d18647c8/current/log_inprogress_0 to /home/runner/work/ozone/ozone/hadoop-ozone/integration-test/target/test-dir/MiniOzoneClusterImpl-ed2e7ec8-c199-49a5-9fff-29e1d18647c8/scmNode-2/scm-ha/ed2e7ec8-c199-49a5-9fff-29e1d18647c8/current/log_0-0
2023-06-21 21:48:41,027 [336e6589-5d5b-4942-96a6-e8ef4b976bc7@group-29E1D18647C8-SegmentedRaftLogWorker] INFO  segmented.SegmentedRaftLogWorker (SegmentedRaftLogWorker.java:execute(651)) - 336e6589-5d5b-4942-96a6-e8ef4b976bc7@group-29E1D18647C8-SegmentedRaftLogWorker: created new log segment /home/runner/work/ozone/ozone/hadoop-ozone/integration-test/target/test-dir/MiniOzoneClusterImpl-ed2e7ec8-c199-49a5-9fff-29e1d18647c8/scmNode-2/scm-ha/ed2e7ec8-c199-49a5-9fff-29e1d18647c8/current/log_inprogress_1
2023-06-21 21:48:41,037 [336e6589-5d5b-4942-96a6-e8ef4b976bc7@group-29E1D18647C8-StateMachineUpdater] INFO  safemode.HealthyPipelineSafeModeRule (HealthyPipelineSafeModeRule.java:initializeRule(165)) - Refreshed total pipeline count is 0, healthy pipeline threshold count is 0
2023-06-21 21:48:41,037 [336e6589-5d5b-4942-96a6-e8ef4b976bc7@group-29E1D18647C8-StateMachineUpdater] INFO  safemode.ContainerSafeModeRule (ContainerSafeModeRule.java:reInitializeRule(177)) - Refreshed one replica container threshold 0, currentThreshold 0
2023-06-21 21:48:41,037 [336e6589-5d5b-4942-96a6-e8ef4b976bc7@group-29E1D18647C8-StateMachineUpdater] INFO  safemode.OneReplicaPipelineSafeModeRule (OneReplicaPipelineSafeModeRule.java:initializeRule(176)) - Refreshed Total pipeline count is 0, pipeline's with at least one datanode reported threshold count is 0
2023-06-21 21:48:41,037 [336e6589-5d5b-4942-96a6-e8ef4b976bc7@group-29E1D18647C8-StateMachineUpdater] INFO  server.SCMDatanodeProtocolServer (SCMDatanodeProtocolServer.java:start(193)) - ScmDatanodeProtocol RPC server for DataNodes is listening at /0.0.0.0:15012
2023-06-21 21:48:41,046 [IPC Server Responder] INFO  ipc.Server (Server.java:run(1558)) - IPC Server Responder: starting
2023-06-21 21:48:41,047 [IPC Server listener on 15012] INFO  ipc.Server (Server.java:run(1398)) - IPC Server listener on 15012: starting
2023-06-21 21:48:41,050 [336e6589-5d5b-4942-96a6-e8ef4b976bc7@group-29E1D18647C8-StateMachineUpdater] INFO  symmetric.SecretKeyStateImpl (SecretKeyStateImpl.java:updateKeysInternal(113)) - Updating keys with [SecretKey(id = 549f050c-1bf3-451b-8f20-a15d7a7e75fa, creation at: 2023-06-21T21:48:35.500Z, expire at: 2023-06-21T21:49:36.500Z)]
2023-06-21 21:48:41,050 [336e6589-5d5b-4942-96a6-e8ef4b976bc7@group-29E1D18647C8-StateMachineUpdater] INFO  symmetric.SecretKeyStateImpl (SecretKeyStateImpl.java:updateKeysInternal(128)) - Current key updated SecretKey(id = 549f050c-1bf3-451b-8f20-a15d7a7e75fa, creation at: 2023-06-21T21:48:35.500Z, expire at: 2023-06-21T21:49:36.500Z)
2023-06-21 21:48:41,060 [336e6589-5d5b-4942-96a6-e8ef4b976bc7@group-29E1D18647C8-StateMachineUpdater] INFO  symmetric.LocalSecretKeyStore (LocalSecretKeyStore.java:save(109)) - Saved [SecretKey(id = 549f050c-1bf3-451b-8f20-a15d7a7e75fa, creation at: 2023-06-21T21:48:35.500Z, expire at: 2023-06-21T21:49:36.500Z)] to file /home/runner/work/ozone/ozone/hadoop-ozone/integration-test/target/test-dir/MiniOzoneClusterImpl-ed2e7ec8-c199-49a5-9fff-29e1d18647c8/scmNode-2/scm/keys/secret_keys.json
2023-06-21 21:48:41,060 [336e6589-5d5b-4942-96a6-e8ef4b976bc7@group-29E1D18647C8-StateMachineUpdater] INFO  safemode.SCMSafeModeManager (SCMSafeModeManager.java:validateSafeModeExitRules(200)) - HealthyPipelineSafeModeRule rule is successfully validated
2023-06-21 21:48:41,061 [336e6589-5d5b-4942-96a6-e8ef4b976bc7@group-29E1D18647C8-StateMachineUpdater] INFO  safemode.SCMSafeModeManager (SCMSafeModeManager.java:validateSafeModeExitRules(200)) - ContainerSafeModeRule rule is successfully validated
2023-06-21 21:48:41,061 [336e6589-5d5b-4942-96a6-e8ef4b976bc7@group-29E1D18647C8-StateMachineUpdater] INFO  safemode.SCMSafeModeManager (SCMSafeModeManager.java:validateSafeModeExitRules(200)) - AtleastOneDatanodeReportedRule rule is successfully validated
2023-06-21 21:48:41,060 [6554ba57-669d-4c9f-91d9-11f4838b8a27@group-29E1D18647C8-LeaderStateImpl] INFO  server.RaftServer$Division (ServerState.java:setRaftConf(434)) - 6554ba57-669d-4c9f-91d9-11f4838b8a27@group-29E1D18647C8: set configuration 7: peers:[336e6589-5d5b-4942-96a6-e8ef4b976bc7|rpc:localhost:15011|priority:0|startupRole:FOLLOWER, 6554ba57-669d-4c9f-91d9-11f4838b8a27|rpc:localhost:15003|admin:|client:|dataStream:|priority:0|startupRole:FOLLOWER]|listeners:[], old=peers:[6554ba57-669d-4c9f-91d9-11f4838b8a27|rpc:localhost:15003|admin:|client:|dataStream:|priority:0|startupRole:FOLLOWER]|listeners:[]
2023-06-21 21:48:41,064 [336e6589-5d5b-4942-96a6-e8ef4b976bc7-server-thread2] INFO  server.RaftServer$Division (ServerState.java:setRaftConf(434)) - 336e6589-5d5b-4942-96a6-e8ef4b976bc7@group-29E1D18647C8: set configuration 7: peers:[336e6589-5d5b-4942-96a6-e8ef4b976bc7|rpc:localhost:15011|admin:|client:|dataStream:|priority:0|startupRole:FOLLOWER, 6554ba57-669d-4c9f-91d9-11f4838b8a27|rpc:localhost:15003|admin:|client:|dataStream:|priority:0|startupRole:FOLLOWER]|listeners:[], old=peers:[6554ba57-669d-4c9f-91d9-11f4838b8a27|rpc:localhost:15003|admin:|client:|dataStream:|priority:0|startupRole:FOLLOWER]|listeners:[]
2023-06-21 21:48:41,089 [6554ba57-669d-4c9f-91d9-11f4838b8a27@group-29E1D18647C8-LeaderStateImpl] INFO  server.RaftServer$Division (ServerState.java:setRaftConf(434)) - 6554ba57-669d-4c9f-91d9-11f4838b8a27@group-29E1D18647C8: set configuration 9: peers:[336e6589-5d5b-4942-96a6-e8ef4b976bc7|rpc:localhost:15011|priority:0|startupRole:FOLLOWER, 6554ba57-669d-4c9f-91d9-11f4838b8a27|rpc:localhost:15003|admin:|client:|dataStream:|priority:0|startupRole:FOLLOWER]|listeners:[], old=null
2023-06-21 21:48:41,102 [336e6589-5d5b-4942-96a6-e8ef4b976bc7-server-thread2] INFO  server.RaftServer$Division (ServerState.java:setRaftConf(434)) - 336e6589-5d5b-4942-96a6-e8ef4b976bc7@group-29E1D18647C8: set configuration 9: peers:[336e6589-5d5b-4942-96a6-e8ef4b976bc7|rpc:localhost:15011|admin:|client:|dataStream:|priority:0|startupRole:FOLLOWER, 6554ba57-669d-4c9f-91d9-11f4838b8a27|rpc:localhost:15003|admin:|client:|dataStream:|priority:0|startupRole:FOLLOWER]|listeners:[], old=null
2023-06-21 21:48:41,105 [IPC Server handler 0 on default port 15007] INFO  ha.SCMRatisServerImpl (SCMRatisServerImpl.java:addSCM(327)) - Successfully added new SCM: 336e6589-5d5b-4942-96a6-e8ef4b976bc7.
2023-06-21 21:48:41,108 [main] INFO  ha.SCMHAManagerImpl (SCMHAManagerImpl.java:start(135)) - Successfully added SCM scmNode-2 to group group-29E1D18647C8:[336e6589-5d5b-4942-96a6-e8ef4b976bc7|rpc:localhost:15011|admin:|client:|dataStream:|priority:0|startupRole:FOLLOWER, 6554ba57-669d-4c9f-91d9-11f4838b8a27|rpc:localhost:15003|admin:|client:|dataStream:|priority:0|startupRole:FOLLOWER]
2023-06-21 21:48:41,109 [main] INFO  ha.InterSCMGrpcService (InterSCMGrpcProtocolService.java:start(95)) - Starting SCM Grpc Service at port 15014
2023-06-21 21:48:41,111 [main] INFO  SCMHATransactionMonitor (BackgroundSCMService.java:start(68)) - Starting SCMHATransactionMonitor Service.
2023-06-21 21:48:41,111 [main] INFO  ha.SCMServiceManager (SCMServiceManager.java:register(42)) - Registering service SCMHATransactionMonitor.
2023-06-21 21:48:41,111 [main] INFO  SCMHATransactionMonitor (BackgroundSCMService.java:start(65)) - SCMHATransactionMonitor Service is already running, skip start.
2023-06-21 21:48:41,111 [main] INFO  impl.MetricsSystemImpl (MetricsSystemImpl.java:init(158)) - StorageContainerManager metrics system started (again)
2023-06-21 21:48:41,133 [main] INFO  server.SCMClientProtocolServer (SCMClientProtocolServer.java:start(201)) - RPC server for Client  is listening at /0.0.0.0:15013
2023-06-21 21:48:41,134 [IPC Server Responder] INFO  ipc.Server (Server.java:run(1558)) - IPC Server Responder: starting
2023-06-21 21:48:41,134 [IPC Server listener on 15013] INFO  ipc.Server (Server.java:run(1398)) - IPC Server listener on 15013: starting
2023-06-21 21:48:41,136 [main] INFO  server.StorageContainerManager (StorageContainerManager.java:start(1508)) - ScmBlockLocationProtocol RPC server is listening at /0.0.0.0:15015
2023-06-21 21:48:41,137 [main] INFO  server.SCMBlockProtocolServer (SCMBlockProtocolServer.java:start(152)) - RPC server for Block Protocol is listening at /0.0.0.0:15015
2023-06-21 21:48:41,137 [IPC Server listener on 15015] INFO  ipc.Server (Server.java:run(1398)) - IPC Server listener on 15015: starting
2023-06-21 21:48:41,138 [IPC Server Responder] INFO  ipc.Server (Server.java:run(1558)) - IPC Server Responder: starting
2023-06-21 21:48:41,139 [main] INFO  server.SCMSecurityProtocolServer (SCMSecurityProtocolServer.java:start(491)) - Starting RPC server for SCMSecurityProtocolServer. is listening at /0.0.0.0:15010
2023-06-21 21:48:41,140 [IPC Server Responder] INFO  ipc.Server (Server.java:run(1558)) - IPC Server Responder: starting
2023-06-21 21:48:41,140 [IPC Server listener on 15010] INFO  ipc.Server (Server.java:run(1398)) - IPC Server listener on 15010: starting
2023-06-21 21:48:41,140 [main] INFO  server.SCMUpdateServiceGrpcServer (SCMUpdateServiceGrpcServer.java:start(58)) - SCMUpdateService starting
2023-06-21 21:48:41,146 [main] INFO  ha.SCMNodeInfo (SCMNodeInfo.java:getPort(197)) - ConfigKey ozone.scm.client.address is deprecated, For configuring different ports for each SCM use PortConfigKey ozone.scm.client.port appended with serviceId and nodeId
2023-06-21 21:48:41,146 [main] INFO  ha.SCMNodeInfo (SCMNodeInfo.java:getPort(197)) - ConfigKey ozone.scm.block.client.address is deprecated, For configuring different ports for each SCM use PortConfigKey ozone.scm.block.client.port appended with serviceId and nodeId
2023-06-21 21:48:41,146 [main] INFO  ha.SCMNodeInfo (SCMNodeInfo.java:getPort(197)) - ConfigKey ozone.scm.security.service.address is deprecated, For configuring different ports for each SCM use PortConfigKey ozone.scm.security.service.port appended with serviceId and nodeId
2023-06-21 21:48:41,146 [main] INFO  ha.SCMNodeInfo (SCMNodeInfo.java:getPort(197)) - ConfigKey ozone.scm.datanode.address is deprecated, For configuring different ports for each SCM use PortConfigKey ozone.scm.datanode.port appended with serviceId and nodeId
2023-06-21 21:48:41,146 [main] INFO  ha.SCMNodeInfo (SCMNodeInfo.java:getPort(197)) - ConfigKey ozone.scm.client.address is deprecated, For configuring different ports for each SCM use PortConfigKey ozone.scm.client.port appended with serviceId and nodeId
2023-06-21 21:48:41,146 [main] INFO  ha.SCMNodeInfo (SCMNodeInfo.java:getPort(197)) - ConfigKey ozone.scm.block.client.address is deprecated, For configuring different ports for each SCM use PortConfigKey ozone.scm.block.client.port appended with serviceId and nodeId
2023-06-21 21:48:41,149 [main] INFO  ha.SCMNodeInfo (SCMNodeInfo.java:getPort(197)) - ConfigKey ozone.scm.security.service.address is deprecated, For configuring different ports for each SCM use PortConfigKey ozone.scm.security.service.port appended with serviceId and nodeId
2023-06-21 21:48:41,150 [main] INFO  ha.SCMNodeInfo (SCMNodeInfo.java:getPort(197)) - ConfigKey ozone.scm.datanode.address is deprecated, For configuring different ports for each SCM use PortConfigKey ozone.scm.datanode.port appended with serviceId and nodeId
2023-06-21 21:48:41,150 [main] INFO  ha.SCMNodeInfo (SCMNodeInfo.java:getPort(197)) - ConfigKey ozone.scm.client.address is deprecated, For configuring different ports for each SCM use PortConfigKey ozone.scm.client.port appended with serviceId and nodeId
2023-06-21 21:48:41,150 [main] INFO  ha.SCMNodeInfo (SCMNodeInfo.java:getPort(197)) - ConfigKey ozone.scm.block.client.address is deprecated, For configuring different ports for each SCM use PortConfigKey ozone.scm.block.client.port appended with serviceId and nodeId
2023-06-21 21:48:41,150 [main] INFO  ha.SCMNodeInfo (SCMNodeInfo.java:getPort(197)) - ConfigKey ozone.scm.security.service.address is deprecated, For configuring different ports for each SCM use PortConfigKey ozone.scm.security.service.port appended with serviceId and nodeId
2023-06-21 21:48:41,150 [main] INFO  ha.SCMNodeInfo (SCMNodeInfo.java:getPort(197)) - ConfigKey ozone.scm.datanode.address is deprecated, For configuring different ports for each SCM use PortConfigKey ozone.scm.datanode.port appended with serviceId and nodeId
2023-06-21 21:48:41,174 [Socket Reader #1 for port 15002] INFO  ipc.Server (Server.java:saslProcess(2116)) - Auth successful for scm/fv-az1254-726.qtnbswlwlufehe3u4emko3izng.cx.internal.cloudapp.net@EXAMPLE.COM (auth:KERBEROS) from 10.1.0.15:40339
2023-06-21 21:48:41,189 [main] INFO  server.StorageContainerManager (StorageContainerManager.java:persistSCMCertificates(1569)) - Persist certificate serialId 1 on Scm Bootstrap Node 336e6589-5d5b-4942-96a6-e8ef4b976bc7
2023-06-21 21:48:41,191 [main] INFO  server.StorageContainerManager (StorageContainerManager.java:persistSCMCertificates(1569)) - Persist certificate serialId 1699472678288 on Scm Bootstrap Node 336e6589-5d5b-4942-96a6-e8ef4b976bc7
2023-06-21 21:48:41,193 [main] INFO  security.RootCARotationManager (RootCARotationManager.java:start(135)) - Monitor task for root certificate 1 is started with interval PT24H.
2023-06-21 21:48:41,199 [main] INFO  http.BaseHttpServer (BaseHttpServer.java:newHttpServer2BuilderForOzone(224)) - Starting Web-server for scm at: http://0.0.0.0:15008
2023-06-21 21:48:41,199 [main] INFO  http.BaseHttpServer (BaseHttpServer.java:<init>(111)) - Hadoop Security Enabled: true Ozone Security Enabled: true Ozone HTTP Security Enabled: false 
2023-06-21 21:48:41,201 [main] WARN  server.AuthenticationFilter (AuthenticationFilter.java:constructSecretProvider(240)) - Unable to initialize FileSignerSecretProvider, falling back to use random secrets. Reason: Could not read signature secret file: /home/runner/hadoop-http-auth-signature-secret
2023-06-21 21:48:41,201 [main] INFO  http.HttpRequestLog (HttpRequestLog.java:getRequestLog(86)) - Http request log for http.requests.scm is not defined
2023-06-21 21:48:41,203 [main] INFO  http.HttpServer2 (HttpServer2.java:addGlobalFilter(1031)) - Added global filter 'safety' (class=org.apache.hadoop.hdds.server.http.HttpServer2$QuotingInputFilter)
2023-06-21 21:48:41,204 [main] INFO  http.HttpServer2 (HttpServer2.java:addFilter(1007)) - Added filter static_user_filter (class=org.apache.hadoop.http.lib.StaticUserWebFilter$StaticUserFilter) to context scm
2023-06-21 21:48:41,204 [main] INFO  http.HttpServer2 (HttpServer2.java:addFilter(1015)) - Added filter static_user_filter (class=org.apache.hadoop.http.lib.StaticUserWebFilter$StaticUserFilter) to context logs
2023-06-21 21:48:41,204 [main] INFO  http.HttpServer2 (HttpServer2.java:addFilter(1015)) - Added filter static_user_filter (class=org.apache.hadoop.http.lib.StaticUserWebFilter$StaticUserFilter) to context static
2023-06-21 21:48:41,205 [main] INFO  http.BaseHttpServer (BaseHttpServer.java:<init>(190)) - HTTP server of scm uses base directory /home/runner/work/ozone/ozone/hadoop-ozone/integration-test/target/test-dir/MiniOzoneClusterImpl-ed2e7ec8-c199-49a5-9fff-29e1d18647c8/scmNode-2/webserver
2023-06-21 21:48:41,206 [main] INFO  http.HttpServer2 (HttpServer2.java:bindListener(1250)) - Jetty bound to port 15008
2023-06-21 21:48:41,206 [main] INFO  server.Server (Server.java:doStart(375)) - jetty-9.4.51.v20230217; built: 2023-02-17T08:19:37.309Z; git: b45c405e4544384de066f814ed42ae3dceacdd49; jvm 1.8.0_372-b07
2023-06-21 21:48:41,213 [main] INFO  server.session (DefaultSessionIdManager.java:doStart(334)) - DefaultSessionIdManager workerName=node0
2023-06-21 21:48:41,213 [main] INFO  server.session (DefaultSessionIdManager.java:doStart(339)) - No SessionScavenger set, using defaults
2023-06-21 21:48:41,214 [main] INFO  server.session (HouseKeeper.java:startScavenging(132)) - node0 Scavenging every 660000ms
2023-06-21 21:48:41,216 [main] INFO  handler.ContextHandler (ContextHandler.java:doStart(921)) - Started o.e.j.s.ServletContextHandler@4b9fd79{logs,/logs,file:///home/runner/work/ozone/ozone/hadoop-ozone/integration-test/target/log,AVAILABLE}
2023-06-21 21:48:41,217 [main] INFO  handler.ContextHandler (ContextHandler.java:doStart(921)) - Started o.e.j.s.ServletContextHandler@51e68bcd{static,/static,file:///home/runner/work/ozone/ozone/hadoop-ozone/integration-test/target/test-classes/webapps/static,AVAILABLE}
2023-06-21 21:48:41,220 [main] INFO  handler.ContextHandler (ContextHandler.java:doStart(921)) - Started o.e.j.w.WebAppContext@1f96db42{scm,/,file:///home/runner/work/ozone/ozone/hadoop-ozone/integration-test/target/test-classes/webapps/scm/,AVAILABLE}{file:/home/runner/work/ozone/ozone/hadoop-ozone/integration-test/target/test-classes/webapps/scm}
2023-06-21 21:48:41,221 [main] INFO  server.AbstractConnector (AbstractConnector.java:doStart(333)) - Started ServerConnector@762f5d34{HTTP/1.1, (http/1.1)}{0.0.0.0:15008}
2023-06-21 21:48:41,222 [main] INFO  server.Server (Server.java:doStart(415)) - Started @24063ms
2023-06-21 21:48:41,222 [main] WARN  impl.MetricsSystemImpl (MetricsSystemImpl.java:register(279)) - Sink prometheus already exists!
2023-06-21 21:48:41,223 [main] INFO  http.BaseHttpServer (BaseHttpServer.java:updateConnectorAddress(344)) - HTTP server of scm listening at http://0.0.0.0:15008
2023-06-21 21:48:41,224 [main] INFO  ozone.MiniOzoneHAClusterImpl (MiniOzoneHAClusterImpl.java:createSCMService(584)) - Started SCM RPC server at /0.0.0.0:15013
2023-06-21 21:48:41,224 [main] WARN  server.ServerUtils (ServerUtils.java:getScmDbDir(155)) - ozone.scm.db.dirs is not configured. We recommend adding this setting. Falling back to ozone.metadata.dirs instead.
2023-06-21 21:48:41,225 [main] INFO  ha.SCMHANodeDetails (SCMHANodeDetails.java:loadSCMHAConfig(210)) - ServiceID for StorageContainerManager is SCMServiceId
2023-06-21 21:48:41,225 [main] INFO  ha.SCMHANodeDetails (SCMHANodeDetails.java:loadSCMHAConfig(221)) - ServiceID for StorageContainerManager is SCMServiceId
2023-06-21 21:48:41,225 [main] WARN  scm.ScmUtils (ScmUtils.java:logWarn(190)) - ConfigKey ozone.scm.block.client.address is deprecated, For configuring different ports for each SCM use PortConfigKey ozone.scm.block.client.port appended with serviceId and nodeId. If want to configure same port configure ozone.scm.block.client.port
2023-06-21 21:48:41,225 [main] WARN  scm.ScmUtils (ScmUtils.java:logWarn(190)) - ConfigKey ozone.scm.client.address is deprecated, For configuring different ports for each SCM use PortConfigKey ozone.scm.client.port appended with serviceId and nodeId. If want to configure same port configure ozone.scm.client.port
2023-06-21 21:48:41,225 [main] WARN  scm.ScmUtils (ScmUtils.java:logWarn(190)) - ConfigKey ozone.scm.datanode.address is deprecated, For configuring different ports for each SCM use PortConfigKey ozone.scm.datanode.port appended with serviceId and nodeId. If want to configure same port configure ozone.scm.datanode.port
2023-06-21 21:48:41,226 [main] WARN  scm.ScmUtils (ScmUtils.java:logWarn(190)) - ConfigKey ozone.scm.block.client.address is deprecated, For configuring different ports for each SCM use PortConfigKey ozone.scm.block.client.port appended with serviceId and nodeId. If want to configure same port configure ozone.scm.block.client.port
2023-06-21 21:48:41,226 [main] WARN  scm.ScmUtils (ScmUtils.java:logWarn(190)) - ConfigKey ozone.scm.client.address is deprecated, For configuring different ports for each SCM use PortConfigKey ozone.scm.client.port appended with serviceId and nodeId. If want to configure same port configure ozone.scm.client.port
2023-06-21 21:48:41,226 [main] WARN  scm.ScmUtils (ScmUtils.java:logWarn(190)) - ConfigKey ozone.scm.datanode.address is deprecated, For configuring different ports for each SCM use PortConfigKey ozone.scm.datanode.port appended with serviceId and nodeId. If want to configure same port configure ozone.scm.datanode.port
2023-06-21 21:48:41,226 [main] INFO  ha.SCMHANodeDetails (SCMHANodeDetails.java:loadSCMHAConfig(308)) - Found matching SCM address with SCMServiceId: SCMServiceId, SCMNodeId: scmNode-3, RPC Address: localhost:15019 and Ratis port: 15019
2023-06-21 21:48:41,228 [main] INFO  ha.SCMHANodeDetails (ConfUtils.java:setNodeSpecificConfigs(97)) - Setting configuration key ozone.scm.datanode.address with value of key ozone.scm.datanode.address.SCMServiceId.scmNode-3: 127.0.0.1:15020
2023-06-21 21:48:41,228 [main] INFO  ha.SCMHANodeDetails (ConfUtils.java:setNodeSpecificConfigs(97)) - Setting configuration key ozone.scm.block.client.address with value of key ozone.scm.block.client.address.SCMServiceId.scmNode-3: 127.0.0.1:15023
2023-06-21 21:48:41,228 [main] INFO  ha.SCMHANodeDetails (ConfUtils.java:setNodeSpecificConfigs(97)) - Setting configuration key ozone.scm.client.address with value of key ozone.scm.client.address.SCMServiceId.scmNode-3: 127.0.0.1:15021
2023-06-21 21:48:41,228 [main] INFO  ha.SCMHANodeDetails (ConfUtils.java:setNodeSpecificConfigs(97)) - Setting configuration key ozone.scm.security.service.address with value of key ozone.scm.security.service.address.SCMServiceId.scmNode-3: 127.0.0.1:15018
2023-06-21 21:48:41,228 [main] INFO  ha.SCMHANodeDetails (ConfUtils.java:setNodeSpecificConfigs(97)) - Setting configuration key ozone.scm.ratis.port with value of key ozone.scm.ratis.port.SCMServiceId.scmNode-3: 15019
2023-06-21 21:48:41,229 [main] INFO  ha.SCMHANodeDetails (ConfUtils.java:setNodeSpecificConfigs(97)) - Setting configuration key ozone.scm.grpc.port with value of key ozone.scm.grpc.port.SCMServiceId.scmNode-3: 15022
2023-06-21 21:48:41,229 [main] INFO  ha.SCMHANodeDetails (ConfUtils.java:setNodeSpecificConfigs(97)) - Setting configuration key ozone.scm.http-address with value of key ozone.scm.http-address.SCMServiceId.scmNode-3: 127.0.0.1:15016
2023-06-21 21:48:41,229 [main] INFO  ha.SCMHANodeDetails (ConfUtils.java:setNodeSpecificConfigs(97)) - Setting configuration key ozone.scm.https-address with value of key ozone.scm.https-address.SCMServiceId.scmNode-3: 127.0.0.1:15017
2023-06-21 21:48:41,229 [main] INFO  ha.SCMHANodeDetails (ConfUtils.java:setNodeSpecificConfigs(97)) - Setting configuration key ozone.scm.address with value of key ozone.scm.address.SCMServiceId.scmNode-3: 127.0.0.1
2023-06-21 21:48:41,229 [main] WARN  scm.ScmUtils (ScmUtils.java:logWarn(190)) - ConfigKey ozone.scm.block.client.address is deprecated, For configuring different ports for each SCM use PortConfigKey ozone.scm.block.client.port appended with serviceId and nodeId. If want to configure same port configure ozone.scm.block.client.port
2023-06-21 21:48:41,229 [main] WARN  scm.ScmUtils (ScmUtils.java:logWarn(190)) - ConfigKey ozone.scm.client.address is deprecated, For configuring different ports for each SCM use PortConfigKey ozone.scm.client.port appended with serviceId and nodeId. If want to configure same port configure ozone.scm.client.port
2023-06-21 21:48:41,229 [main] WARN  scm.ScmUtils (ScmUtils.java:logWarn(190)) - ConfigKey ozone.scm.datanode.address is deprecated, For configuring different ports for each SCM use PortConfigKey ozone.scm.datanode.port appended with serviceId and nodeId. If want to configure same port configure ozone.scm.datanode.port
2023-06-21 21:48:41,229 [main] INFO  ha.SCMNodeInfo (SCMNodeInfo.java:getPort(197)) - ConfigKey ozone.scm.client.address is deprecated, For configuring different ports for each SCM use PortConfigKey ozone.scm.client.port appended with serviceId and nodeId
2023-06-21 21:48:41,230 [main] INFO  ha.SCMNodeInfo (SCMNodeInfo.java:getPort(197)) - ConfigKey ozone.scm.block.client.address is deprecated, For configuring different ports for each SCM use PortConfigKey ozone.scm.block.client.port appended with serviceId and nodeId
2023-06-21 21:48:41,230 [main] INFO  ha.SCMNodeInfo (SCMNodeInfo.java:getPort(197)) - ConfigKey ozone.scm.security.service.address is deprecated, For configuring different ports for each SCM use PortConfigKey ozone.scm.security.service.port appended with serviceId and nodeId
2023-06-21 21:48:41,230 [main] INFO  ha.SCMNodeInfo (SCMNodeInfo.java:getPort(197)) - ConfigKey ozone.scm.datanode.address is deprecated, For configuring different ports for each SCM use PortConfigKey ozone.scm.datanode.port appended with serviceId and nodeId
2023-06-21 21:48:41,230 [main] INFO  ha.SCMNodeInfo (SCMNodeInfo.java:getPort(197)) - ConfigKey ozone.scm.client.address is deprecated, For configuring different ports for each SCM use PortConfigKey ozone.scm.client.port appended with serviceId and nodeId
2023-06-21 21:48:41,230 [main] INFO  ha.SCMNodeInfo (SCMNodeInfo.java:getPort(197)) - ConfigKey ozone.scm.block.client.address is deprecated, For configuring different ports for each SCM use PortConfigKey ozone.scm.block.client.port appended with serviceId and nodeId
2023-06-21 21:48:41,230 [main] INFO  ha.SCMNodeInfo (SCMNodeInfo.java:getPort(197)) - ConfigKey ozone.scm.security.service.address is deprecated, For configuring different ports for each SCM use PortConfigKey ozone.scm.security.service.port appended with serviceId and nodeId
2023-06-21 21:48:41,230 [main] INFO  ha.SCMNodeInfo (SCMNodeInfo.java:getPort(197)) - ConfigKey ozone.scm.datanode.address is deprecated, For configuring different ports for each SCM use PortConfigKey ozone.scm.datanode.port appended with serviceId and nodeId
2023-06-21 21:48:41,230 [main] INFO  ha.SCMNodeInfo (SCMNodeInfo.java:getPort(197)) - ConfigKey ozone.scm.client.address is deprecated, For configuring different ports for each SCM use PortConfigKey ozone.scm.client.port appended with serviceId and nodeId
2023-06-21 21:48:41,230 [main] INFO  ha.SCMNodeInfo (SCMNodeInfo.java:getPort(197)) - ConfigKey ozone.scm.block.client.address is deprecated, For configuring different ports for each SCM use PortConfigKey ozone.scm.block.client.port appended with serviceId and nodeId
2023-06-21 21:48:41,231 [main] INFO  ha.SCMNodeInfo (SCMNodeInfo.java:getPort(197)) - ConfigKey ozone.scm.security.service.address is deprecated, For configuring different ports for each SCM use PortConfigKey ozone.scm.security.service.port appended with serviceId and nodeId
2023-06-21 21:48:41,231 [main] INFO  ha.SCMNodeInfo (SCMNodeInfo.java:getPort(197)) - ConfigKey ozone.scm.datanode.address is deprecated, For configuring different ports for each SCM use PortConfigKey ozone.scm.datanode.port appended with serviceId and nodeId
2023-06-21 21:48:41,233 [pool-2-thread-1] INFO  request.KdcRequest (KdcRequest.java:preauth(651)) - The preauth data is empty.
2023-06-21 21:48:41,233 [pool-2-thread-1] INFO  server.KdcHandler (KdcHandler.java:handleRecoverableException(177)) - KRB error occurred while processing request:Additional pre-authentication required
2023-06-21 21:48:41,237 [pool-2-thread-1] INFO  request.AsRequest (AsRequest.java:issueTicket(112)) - AS_REQ ISSUE: authtime 1687384121237,scm/fv-az1254-726.qtnbswlwlufehe3u4emko3izng.cx.internal.cloudapp.net@EXAMPLE.COM for krbtgt/EXAMPLE.COM@EXAMPLE.COM
2023-06-21 21:48:41,243 [main] INFO  security.UserGroupInformation (UserGroupInformation.java:loginUserFromKeytab(1132)) - Login successful for user scm/fv-az1254-726.qtnbswlwlufehe3u4emko3izng.cx.internal.cloudapp.net@EXAMPLE.COM using keytab file scm.keytab. Keytab auto renewal enabled : false
2023-06-21 21:48:41,243 [main] INFO  server.StorageContainerManager (StorageContainerManager.java:loginAsSCMUserIfSecurityEnabled(1054)) - SCM login successful.
2023-06-21 21:48:41,245 [main] INFO  ha.SCMNodeInfo (SCMNodeInfo.java:getPort(197)) - ConfigKey ozone.scm.client.address is deprecated, For configuring different ports for each SCM use PortConfigKey ozone.scm.client.port appended with serviceId and nodeId
2023-06-21 21:48:41,245 [main] INFO  ha.SCMNodeInfo (SCMNodeInfo.java:getPort(197)) - ConfigKey ozone.scm.block.client.address is deprecated, For configuring different ports for each SCM use PortConfigKey ozone.scm.block.client.port appended with serviceId and nodeId
2023-06-21 21:48:41,245 [main] INFO  ha.SCMNodeInfo (SCMNodeInfo.java:getPort(197)) - ConfigKey ozone.scm.security.service.address is deprecated, For configuring different ports for each SCM use PortConfigKey ozone.scm.security.service.port appended with serviceId and nodeId
2023-06-21 21:48:41,245 [main] INFO  ha.SCMNodeInfo (SCMNodeInfo.java:getPort(197)) - ConfigKey ozone.scm.datanode.address is deprecated, For configuring different ports for each SCM use PortConfigKey ozone.scm.datanode.port appended with serviceId and nodeId
2023-06-21 21:48:41,245 [main] INFO  ha.SCMNodeInfo (SCMNodeInfo.java:getPort(197)) - ConfigKey ozone.scm.client.address is deprecated, For configuring different ports for each SCM use PortConfigKey ozone.scm.client.port appended with serviceId and nodeId
2023-06-21 21:48:41,245 [main] INFO  ha.SCMNodeInfo (SCMNodeInfo.java:getPort(197)) - ConfigKey ozone.scm.block.client.address is deprecated, For configuring different ports for each SCM use PortConfigKey ozone.scm.block.client.port appended with serviceId and nodeId
2023-06-21 21:48:41,245 [main] INFO  ha.SCMNodeInfo (SCMNodeInfo.java:getPort(197)) - ConfigKey ozone.scm.security.service.address is deprecated, For configuring different ports for each SCM use PortConfigKey ozone.scm.security.service.port appended with serviceId and nodeId
2023-06-21 21:48:41,246 [main] INFO  ha.SCMNodeInfo (SCMNodeInfo.java:getPort(197)) - ConfigKey ozone.scm.datanode.address is deprecated, For configuring different ports for each SCM use PortConfigKey ozone.scm.datanode.port appended with serviceId and nodeId
2023-06-21 21:48:41,246 [main] INFO  proxy.SCMBlockLocationFailoverProxyProvider (SCMBlockLocationFailoverProxyProvider.java:<init>(114)) - Created block location fail-over proxy with 2 nodes: [nodeId=scmNode-2,nodeAddress=/127.0.0.1:15015, nodeId=scmNode-1,nodeAddress=/127.0.0.1:15007]
2023-06-21 21:48:41,252 [pool-2-thread-1] INFO  request.TgsRequest (TgsRequest.java:issueTicket(115)) - TGS_REQ ISSUE: authtime 1687384121252,scm/fv-az1254-726.qtnbswlwlufehe3u4emko3izng.cx.internal.cloudapp.net for scm/fv-az1254-726.qtnbswlwlufehe3u4emko3izng.cx.internal.cloudapp.net@EXAMPLE.COM
2023-06-21 21:48:41,269 [Socket Reader #1 for port 15007] INFO  ipc.Server (Server.java:saslProcess(2116)) - Auth successful for scm/fv-az1254-726.qtnbswlwlufehe3u4emko3izng.cx.internal.cloudapp.net@EXAMPLE.COM (auth:KERBEROS) from 10.1.0.15:46095
2023-06-21 21:48:41,279 [main] INFO  ha.SCMNodeInfo (SCMNodeInfo.java:getPort(197)) - ConfigKey ozone.scm.client.address is deprecated, For configuring different ports for each SCM use PortConfigKey ozone.scm.client.port appended with serviceId and nodeId
2023-06-21 21:48:41,280 [main] INFO  ha.SCMNodeInfo (SCMNodeInfo.java:getPort(197)) - ConfigKey ozone.scm.block.client.address is deprecated, For configuring different ports for each SCM use PortConfigKey ozone.scm.block.client.port appended with serviceId and nodeId
2023-06-21 21:48:41,280 [main] INFO  ha.SCMNodeInfo (SCMNodeInfo.java:getPort(197)) - ConfigKey ozone.scm.security.service.address is deprecated, For configuring different ports for each SCM use PortConfigKey ozone.scm.security.service.port appended with serviceId and nodeId
2023-06-21 21:48:41,280 [main] INFO  ha.SCMNodeInfo (SCMNodeInfo.java:getPort(197)) - ConfigKey ozone.scm.datanode.address is deprecated, For configuring different ports for each SCM use PortConfigKey ozone.scm.datanode.port appended with serviceId and nodeId
2023-06-21 21:48:41,280 [main] INFO  ha.SCMNodeInfo (SCMNodeInfo.java:getPort(197)) - ConfigKey ozone.scm.client.address is deprecated, For configuring different ports for each SCM use PortConfigKey ozone.scm.client.port appended with serviceId and nodeId
2023-06-21 21:48:41,280 [main] INFO  ha.SCMNodeInfo (SCMNodeInfo.java:getPort(197)) - ConfigKey ozone.scm.block.client.address is deprecated, For configuring different ports for each SCM use PortConfigKey ozone.scm.block.client.port appended with serviceId and nodeId
2023-06-21 21:48:41,280 [main] INFO  ha.SCMNodeInfo (SCMNodeInfo.java:getPort(197)) - ConfigKey ozone.scm.security.service.address is deprecated, For configuring different ports for each SCM use PortConfigKey ozone.scm.security.service.port appended with serviceId and nodeId
2023-06-21 21:48:41,280 [main] INFO  ha.SCMNodeInfo (SCMNodeInfo.java:getPort(197)) - ConfigKey ozone.scm.datanode.address is deprecated, For configuring different ports for each SCM use PortConfigKey ozone.scm.datanode.port appended with serviceId and nodeId
2023-06-21 21:48:41,280 [main] INFO  ha.SCMNodeInfo (SCMNodeInfo.java:getPort(197)) - ConfigKey ozone.scm.client.address is deprecated, For configuring different ports for each SCM use PortConfigKey ozone.scm.client.port appended with serviceId and nodeId
2023-06-21 21:48:41,280 [main] INFO  ha.SCMNodeInfo (SCMNodeInfo.java:getPort(197)) - ConfigKey ozone.scm.block.client.address is deprecated, For configuring different ports for each SCM use PortConfigKey ozone.scm.block.client.port appended with serviceId and nodeId
2023-06-21 21:48:41,281 [main] INFO  ha.SCMNodeInfo (SCMNodeInfo.java:getPort(197)) - ConfigKey ozone.scm.security.service.address is deprecated, For configuring different ports for each SCM use PortConfigKey ozone.scm.security.service.port appended with serviceId and nodeId
2023-06-21 21:48:41,281 [main] INFO  ha.SCMNodeInfo (SCMNodeInfo.java:getPort(197)) - ConfigKey ozone.scm.datanode.address is deprecated, For configuring different ports for each SCM use PortConfigKey ozone.scm.datanode.port appended with serviceId and nodeId
2023-06-21 21:48:41,281 [main] INFO  ha.HASecurityUtils (HASecurityUtils.java:initializeSecurity(93)) - Initializing secure StorageContainerManager.
2023-06-21 21:48:41,281 [main] WARN  client.SCMCertificateClient (DefaultCertificateClient.java:loadAllCertificates(161)) - Certificates could not be loaded.
java.nio.file.NoSuchFileException: /home/runner/work/ozone/ozone/hadoop-ozone/integration-test/target/test-dir/MiniOzoneClusterImpl-ed2e7ec8-c199-49a5-9fff-29e1d18647c8/scmNode-3/scm/sub-ca/certs
	at sun.nio.fs.UnixException.translateToIOException(UnixException.java:86)
	at sun.nio.fs.UnixException.rethrowAsIOException(UnixException.java:102)
	at sun.nio.fs.UnixException.rethrowAsIOException(UnixException.java:107)
	at sun.nio.fs.UnixFileSystemProvider.newDirectoryStream(UnixFileSystemProvider.java:427)
	at java.nio.file.Files.newDirectoryStream(Files.java:457)
	at java.nio.file.Files.list(Files.java:3451)
	at org.apache.hadoop.hdds.security.x509.certificate.client.DefaultCertificateClient.loadAllCertificates(DefaultCertificateClient.java:156)
	at org.apache.hadoop.hdds.security.x509.certificate.client.DefaultCertificateClient.updateCertSerialId(DefaultCertificateClient.java:1206)
	at org.apache.hadoop.hdds.security.x509.certificate.client.DefaultCertificateClient.<init>(DefaultCertificateClient.java:148)
	at org.apache.hadoop.hdds.security.x509.certificate.client.SCMCertificateClient.<init>(SCMCertificateClient.java:54)
	at org.apache.hadoop.hdds.scm.ha.HASecurityUtils.initializeSecurity(HASecurityUtils.java:97)
	at org.apache.hadoop.hdds.scm.server.StorageContainerManager.scmBootstrap(StorageContainerManager.java:1202)
	at org.apache.hadoop.ozone.MiniOzoneHAClusterImpl$Builder.createSCMService(MiniOzoneHAClusterImpl.java:567)
	at org.apache.hadoop.ozone.MiniOzoneHAClusterImpl$Builder.build(MiniOzoneHAClusterImpl.java:403)
	at org.apache.hadoop.ozone.scm.TestSecretKeySnapshot.init(TestSecretKeySnapshot.java:137)
	at sun.reflect.NativeMethodAccessorImpl.invoke0(Native Method)
	at sun.reflect.NativeMethodAccessorImpl.invoke(NativeMethodAccessorImpl.java:62)
	at sun.reflect.DelegatingMethodAccessorImpl.invoke(DelegatingMethodAccessorImpl.java:43)
	at java.lang.reflect.Method.invoke(Method.java:498)
	at org.junit.platform.commons.util.ReflectionUtils.invokeMethod(ReflectionUtils.java:725)
	at org.junit.jupiter.engine.execution.MethodInvocation.proceed(MethodInvocation.java:60)
	at org.junit.jupiter.engine.execution.InvocationInterceptorChain$ValidatingInvocation.proceed(InvocationInterceptorChain.java:131)
	at org.junit.jupiter.engine.extension.TimeoutExtension.intercept(TimeoutExtension.java:149)
	at org.junit.jupiter.engine.extension.TimeoutExtension.interceptLifecycleMethod(TimeoutExtension.java:126)
	at org.junit.jupiter.engine.extension.TimeoutExtension.interceptBeforeEachMethod(TimeoutExtension.java:76)
	at org.junit.jupiter.engine.execution.ExecutableInvoker$ReflectiveInterceptorCall.lambda$ofVoidMethod$0(ExecutableInvoker.java:115)
	at org.junit.jupiter.engine.execution.ExecutableInvoker.lambda$invoke$0(ExecutableInvoker.java:105)
	at org.junit.jupiter.engine.execution.InvocationInterceptorChain$InterceptedInvocation.proceed(InvocationInterceptorChain.java:106)
	at org.junit.jupiter.engine.execution.InvocationInterceptorChain.proceed(InvocationInterceptorChain.java:64)
	at org.junit.jupiter.engine.execution.InvocationInterceptorChain.chainAndInvoke(InvocationInterceptorChain.java:45)
	at org.junit.jupiter.engine.execution.InvocationInterceptorChain.invoke(InvocationInterceptorChain.java:37)
	at org.junit.jupiter.engine.execution.ExecutableInvoker.invoke(ExecutableInvoker.java:104)
	at org.junit.jupiter.engine.execution.ExecutableInvoker.invoke(ExecutableInvoker.java:98)
	at org.junit.jupiter.engine.descriptor.ClassBasedTestDescriptor.invokeMethodInExtensionContext(ClassBasedTestDescriptor.java:506)
	at org.junit.jupiter.engine.descriptor.ClassBasedTestDescriptor.lambda$synthesizeBeforeEachMethodAdapter$21(ClassBasedTestDescriptor.java:491)
	at org.junit.jupiter.engine.descriptor.TestMethodTestDescriptor.lambda$invokeBeforeEachMethods$3(TestMethodTestDescriptor.java:171)
	at org.junit.jupiter.engine.descriptor.TestMethodTestDescriptor.lambda$invokeBeforeMethodsOrCallbacksUntilExceptionOccurs$6(TestMethodTestDescriptor.java:199)
	at org.junit.platform.engine.support.hierarchical.ThrowableCollector.execute(ThrowableCollector.java:73)
	at org.junit.jupiter.engine.descriptor.TestMethodTestDescriptor.invokeBeforeMethodsOrCallbacksUntilExceptionOccurs(TestMethodTestDescriptor.java:199)
	at org.junit.jupiter.engine.descriptor.TestMethodTestDescriptor.invokeBeforeEachMethods(TestMethodTestDescriptor.java:168)
	at org.junit.jupiter.engine.descriptor.TestMethodTestDescriptor.execute(TestMethodTestDescriptor.java:131)
	at org.junit.jupiter.engine.descriptor.TestMethodTestDescriptor.execute(TestMethodTestDescriptor.java:66)
	at org.junit.platform.engine.support.hierarchical.NodeTestTask.lambda$executeRecursively$6(NodeTestTask.java:151)
	at org.junit.platform.engine.support.hierarchical.ThrowableCollector.execute(ThrowableCollector.java:73)
	at org.junit.platform.engine.support.hierarchical.NodeTestTask.lambda$executeRecursively$8(NodeTestTask.java:141)
	at org.junit.platform.engine.support.hierarchical.Node.around(Node.java:137)
	at org.junit.platform.engine.support.hierarchical.NodeTestTask.lambda$executeRecursively$9(NodeTestTask.java:139)
	at org.junit.platform.engine.support.hierarchical.ThrowableCollector.execute(ThrowableCollector.java:73)
	at org.junit.platform.engine.support.hierarchical.NodeTestTask.executeRecursively(NodeTestTask.java:138)
	at org.junit.platform.engine.support.hierarchical.NodeTestTask.execute(NodeTestTask.java:95)
	at java.util.ArrayList.forEach(ArrayList.java:1259)
	at org.junit.platform.engine.support.hierarchical.SameThreadHierarchicalTestExecutorService.invokeAll(SameThreadHierarchicalTestExecutorService.java:41)
	at org.junit.platform.engine.support.hierarchical.NodeTestTask.lambda$executeRecursively$6(NodeTestTask.java:155)
	at org.junit.platform.engine.support.hierarchical.ThrowableCollector.execute(ThrowableCollector.java:73)
	at org.junit.platform.engine.support.hierarchical.NodeTestTask.lambda$executeRecursively$8(NodeTestTask.java:141)
	at org.junit.platform.engine.support.hierarchical.Node.around(Node.java:137)
	at org.junit.platform.engine.support.hierarchical.NodeTestTask.lambda$executeRecursively$9(NodeTestTask.java:139)
	at org.junit.platform.engine.support.hierarchical.ThrowableCollector.execute(ThrowableCollector.java:73)
	at org.junit.platform.engine.support.hierarchical.NodeTestTask.executeRecursively(NodeTestTask.java:138)
	at org.junit.platform.engine.support.hierarchical.NodeTestTask.execute(NodeTestTask.java:95)
	at java.util.ArrayList.forEach(ArrayList.java:1259)
	at org.junit.platform.engine.support.hierarchical.SameThreadHierarchicalTestExecutorService.invokeAll(SameThreadHierarchicalTestExecutorService.java:41)
	at org.junit.platform.engine.support.hierarchical.NodeTestTask.lambda$executeRecursively$6(NodeTestTask.java:155)
	at org.junit.platform.engine.support.hierarchical.ThrowableCollector.execute(ThrowableCollector.java:73)
	at org.junit.platform.engine.support.hierarchical.NodeTestTask.lambda$executeRecursively$8(NodeTestTask.java:141)
	at org.junit.platform.engine.support.hierarchical.Node.around(Node.java:137)
	at org.junit.platform.engine.support.hierarchical.NodeTestTask.lambda$executeRecursively$9(NodeTestTask.java:139)
	at org.junit.platform.engine.support.hierarchical.ThrowableCollector.execute(ThrowableCollector.java:73)
	at org.junit.platform.engine.support.hierarchical.NodeTestTask.executeRecursively(NodeTestTask.java:138)
	at org.junit.platform.engine.support.hierarchical.NodeTestTask.execute(NodeTestTask.java:95)
	at org.junit.platform.engine.support.hierarchical.SameThreadHierarchicalTestExecutorService.submit(SameThreadHierarchicalTestExecutorService.java:35)
	at org.junit.platform.engine.support.hierarchical.HierarchicalTestExecutor.execute(HierarchicalTestExecutor.java:57)
	at org.junit.platform.engine.support.hierarchical.HierarchicalTestEngine.execute(HierarchicalTestEngine.java:54)
	at org.junit.platform.launcher.core.EngineExecutionOrchestrator.execute(EngineExecutionOrchestrator.java:107)
	at org.junit.platform.launcher.core.EngineExecutionOrchestrator.execute(EngineExecutionOrchestrator.java:88)
	at org.junit.platform.launcher.core.EngineExecutionOrchestrator.lambda$execute$0(EngineExecutionOrchestrator.java:54)
	at org.junit.platform.launcher.core.EngineExecutionOrchestrator.withInterceptedStreams(EngineExecutionOrchestrator.java:67)
	at org.junit.platform.launcher.core.EngineExecutionOrchestrator.execute(EngineExecutionOrchestrator.java:52)
	at org.junit.platform.launcher.core.DefaultLauncher.execute(DefaultLauncher.java:114)
	at org.junit.platform.launcher.core.DefaultLauncher.execute(DefaultLauncher.java:86)
	at org.junit.platform.launcher.core.DefaultLauncherSession$DelegatingLauncher.execute(DefaultLauncherSession.java:86)
	at org.junit.platform.launcher.core.SessionPerRequestLauncher.execute(SessionPerRequestLauncher.java:53)
	at org.apache.maven.surefire.junitplatform.JUnitPlatformProvider.execute(JUnitPlatformProvider.java:188)
	at org.apache.maven.surefire.junitplatform.JUnitPlatformProvider.invokeAllTests(JUnitPlatformProvider.java:154)
	at org.apache.maven.surefire.junitplatform.JUnitPlatformProvider.invoke(JUnitPlatformProvider.java:124)
	at org.apache.maven.surefire.booter.ForkedBooter.runSuitesInProcess(ForkedBooter.java:428)
	at org.apache.maven.surefire.booter.ForkedBooter.execute(ForkedBooter.java:162)
	at org.apache.maven.surefire.booter.ForkedBooter.run(ForkedBooter.java:562)
	at org.apache.maven.surefire.booter.ForkedBooter.main(ForkedBooter.java:548)
2023-06-21 21:48:41,282 [main] WARN  client.SCMCertificateClient (DefaultCertificateClient.java:loadAllCertificates(161)) - Certificates could not be loaded.
java.nio.file.NoSuchFileException: /home/runner/work/ozone/ozone/hadoop-ozone/integration-test/target/test-dir/MiniOzoneClusterImpl-ed2e7ec8-c199-49a5-9fff-29e1d18647c8/scmNode-3/scm/sub-ca/certs
	at sun.nio.fs.UnixException.translateToIOException(UnixException.java:86)
	at sun.nio.fs.UnixException.rethrowAsIOException(UnixException.java:102)
	at sun.nio.fs.UnixException.rethrowAsIOException(UnixException.java:107)
	at sun.nio.fs.UnixFileSystemProvider.newDirectoryStream(UnixFileSystemProvider.java:427)
	at java.nio.file.Files.newDirectoryStream(Files.java:457)
	at java.nio.file.Files.list(Files.java:3451)
	at org.apache.hadoop.hdds.security.x509.certificate.client.DefaultCertificateClient.loadAllCertificates(DefaultCertificateClient.java:156)
	at org.apache.hadoop.hdds.security.x509.certificate.client.DefaultCertificateClient.getCertPath(DefaultCertificateClient.java:324)
	at org.apache.hadoop.hdds.security.x509.certificate.client.DefaultCertificateClient.getCertificate(DefaultCertificateClient.java:300)
	at org.apache.hadoop.hdds.security.x509.certificate.client.DefaultCertificateClient.init(DefaultCertificateClient.java:669)
	at org.apache.hadoop.hdds.scm.ha.HASecurityUtils.initializeSecurity(HASecurityUtils.java:98)
	at org.apache.hadoop.hdds.scm.server.StorageContainerManager.scmBootstrap(StorageContainerManager.java:1202)
	at org.apache.hadoop.ozone.MiniOzoneHAClusterImpl$Builder.createSCMService(MiniOzoneHAClusterImpl.java:567)
	at org.apache.hadoop.ozone.MiniOzoneHAClusterImpl$Builder.build(MiniOzoneHAClusterImpl.java:403)
	at org.apache.hadoop.ozone.scm.TestSecretKeySnapshot.init(TestSecretKeySnapshot.java:137)
	at sun.reflect.NativeMethodAccessorImpl.invoke0(Native Method)
	at sun.reflect.NativeMethodAccessorImpl.invoke(NativeMethodAccessorImpl.java:62)
	at sun.reflect.DelegatingMethodAccessorImpl.invoke(DelegatingMethodAccessorImpl.java:43)
	at java.lang.reflect.Method.invoke(Method.java:498)
	at org.junit.platform.commons.util.ReflectionUtils.invokeMethod(ReflectionUtils.java:725)
	at org.junit.jupiter.engine.execution.MethodInvocation.proceed(MethodInvocation.java:60)
	at org.junit.jupiter.engine.execution.InvocationInterceptorChain$ValidatingInvocation.proceed(InvocationInterceptorChain.java:131)
	at org.junit.jupiter.engine.extension.TimeoutExtension.intercept(TimeoutExtension.java:149)
	at org.junit.jupiter.engine.extension.TimeoutExtension.interceptLifecycleMethod(TimeoutExtension.java:126)
	at org.junit.jupiter.engine.extension.TimeoutExtension.interceptBeforeEachMethod(TimeoutExtension.java:76)
	at org.junit.jupiter.engine.execution.ExecutableInvoker$ReflectiveInterceptorCall.lambda$ofVoidMethod$0(ExecutableInvoker.java:115)
	at org.junit.jupiter.engine.execution.ExecutableInvoker.lambda$invoke$0(ExecutableInvoker.java:105)
	at org.junit.jupiter.engine.execution.InvocationInterceptorChain$InterceptedInvocation.proceed(InvocationInterceptorChain.java:106)
	at org.junit.jupiter.engine.execution.InvocationInterceptorChain.proceed(InvocationInterceptorChain.java:64)
	at org.junit.jupiter.engine.execution.InvocationInterceptorChain.chainAndInvoke(InvocationInterceptorChain.java:45)
	at org.junit.jupiter.engine.execution.InvocationInterceptorChain.invoke(InvocationInterceptorChain.java:37)
	at org.junit.jupiter.engine.execution.ExecutableInvoker.invoke(ExecutableInvoker.java:104)
	at org.junit.jupiter.engine.execution.ExecutableInvoker.invoke(ExecutableInvoker.java:98)
	at org.junit.jupiter.engine.descriptor.ClassBasedTestDescriptor.invokeMethodInExtensionContext(ClassBasedTestDescriptor.java:506)
	at org.junit.jupiter.engine.descriptor.ClassBasedTestDescriptor.lambda$synthesizeBeforeEachMethodAdapter$21(ClassBasedTestDescriptor.java:491)
	at org.junit.jupiter.engine.descriptor.TestMethodTestDescriptor.lambda$invokeBeforeEachMethods$3(TestMethodTestDescriptor.java:171)
	at org.junit.jupiter.engine.descriptor.TestMethodTestDescriptor.lambda$invokeBeforeMethodsOrCallbacksUntilExceptionOccurs$6(TestMethodTestDescriptor.java:199)
	at org.junit.platform.engine.support.hierarchical.ThrowableCollector.execute(ThrowableCollector.java:73)
	at org.junit.jupiter.engine.descriptor.TestMethodTestDescriptor.invokeBeforeMethodsOrCallbacksUntilExceptionOccurs(TestMethodTestDescriptor.java:199)
	at org.junit.jupiter.engine.descriptor.TestMethodTestDescriptor.invokeBeforeEachMethods(TestMethodTestDescriptor.java:168)
	at org.junit.jupiter.engine.descriptor.TestMethodTestDescriptor.execute(TestMethodTestDescriptor.java:131)
	at org.junit.jupiter.engine.descriptor.TestMethodTestDescriptor.execute(TestMethodTestDescriptor.java:66)
	at org.junit.platform.engine.support.hierarchical.NodeTestTask.lambda$executeRecursively$6(NodeTestTask.java:151)
	at org.junit.platform.engine.support.hierarchical.ThrowableCollector.execute(ThrowableCollector.java:73)
	at org.junit.platform.engine.support.hierarchical.NodeTestTask.lambda$executeRecursively$8(NodeTestTask.java:141)
	at org.junit.platform.engine.support.hierarchical.Node.around(Node.java:137)
	at org.junit.platform.engine.support.hierarchical.NodeTestTask.lambda$executeRecursively$9(NodeTestTask.java:139)
	at org.junit.platform.engine.support.hierarchical.ThrowableCollector.execute(ThrowableCollector.java:73)
	at org.junit.platform.engine.support.hierarchical.NodeTestTask.executeRecursively(NodeTestTask.java:138)
	at org.junit.platform.engine.support.hierarchical.NodeTestTask.execute(NodeTestTask.java:95)
	at java.util.ArrayList.forEach(ArrayList.java:1259)
	at org.junit.platform.engine.support.hierarchical.SameThreadHierarchicalTestExecutorService.invokeAll(SameThreadHierarchicalTestExecutorService.java:41)
	at org.junit.platform.engine.support.hierarchical.NodeTestTask.lambda$executeRecursively$6(NodeTestTask.java:155)
	at org.junit.platform.engine.support.hierarchical.ThrowableCollector.execute(ThrowableCollector.java:73)
	at org.junit.platform.engine.support.hierarchical.NodeTestTask.lambda$executeRecursively$8(NodeTestTask.java:141)
	at org.junit.platform.engine.support.hierarchical.Node.around(Node.java:137)
	at org.junit.platform.engine.support.hierarchical.NodeTestTask.lambda$executeRecursively$9(NodeTestTask.java:139)
	at org.junit.platform.engine.support.hierarchical.ThrowableCollector.execute(ThrowableCollector.java:73)
	at org.junit.platform.engine.support.hierarchical.NodeTestTask.executeRecursively(NodeTestTask.java:138)
	at org.junit.platform.engine.support.hierarchical.NodeTestTask.execute(NodeTestTask.java:95)
	at java.util.ArrayList.forEach(ArrayList.java:1259)
	at org.junit.platform.engine.support.hierarchical.SameThreadHierarchicalTestExecutorService.invokeAll(SameThreadHierarchicalTestExecutorService.java:41)
	at org.junit.platform.engine.support.hierarchical.NodeTestTask.lambda$executeRecursively$6(NodeTestTask.java:155)
	at org.junit.platform.engine.support.hierarchical.ThrowableCollector.execute(ThrowableCollector.java:73)
	at org.junit.platform.engine.support.hierarchical.NodeTestTask.lambda$executeRecursively$8(NodeTestTask.java:141)
	at org.junit.platform.engine.support.hierarchical.Node.around(Node.java:137)
	at org.junit.platform.engine.support.hierarchical.NodeTestTask.lambda$executeRecursively$9(NodeTestTask.java:139)
	at org.junit.platform.engine.support.hierarchical.ThrowableCollector.execute(ThrowableCollector.java:73)
	at org.junit.platform.engine.support.hierarchical.NodeTestTask.executeRecursively(NodeTestTask.java:138)
	at org.junit.platform.engine.support.hierarchical.NodeTestTask.execute(NodeTestTask.java:95)
	at org.junit.platform.engine.support.hierarchical.SameThreadHierarchicalTestExecutorService.submit(SameThreadHierarchicalTestExecutorService.java:35)
	at org.junit.platform.engine.support.hierarchical.HierarchicalTestExecutor.execute(HierarchicalTestExecutor.java:57)
	at org.junit.platform.engine.support.hierarchical.HierarchicalTestEngine.execute(HierarchicalTestEngine.java:54)
	at org.junit.platform.launcher.core.EngineExecutionOrchestrator.execute(EngineExecutionOrchestrator.java:107)
	at org.junit.platform.launcher.core.EngineExecutionOrchestrator.execute(EngineExecutionOrchestrator.java:88)
	at org.junit.platform.launcher.core.EngineExecutionOrchestrator.lambda$execute$0(EngineExecutionOrchestrator.java:54)
	at org.junit.platform.launcher.core.EngineExecutionOrchestrator.withInterceptedStreams(EngineExecutionOrchestrator.java:67)
	at org.junit.platform.launcher.core.EngineExecutionOrchestrator.execute(EngineExecutionOrchestrator.java:52)
	at org.junit.platform.launcher.core.DefaultLauncher.execute(DefaultLauncher.java:114)
	at org.junit.platform.launcher.core.DefaultLauncher.execute(DefaultLauncher.java:86)
	at org.junit.platform.launcher.core.DefaultLauncherSession$DelegatingLauncher.execute(DefaultLauncherSession.java:86)
	at org.junit.platform.launcher.core.SessionPerRequestLauncher.execute(SessionPerRequestLauncher.java:53)
	at org.apache.maven.surefire.junitplatform.JUnitPlatformProvider.execute(JUnitPlatformProvider.java:188)
	at org.apache.maven.surefire.junitplatform.JUnitPlatformProvider.invokeAllTests(JUnitPlatformProvider.java:154)
	at org.apache.maven.surefire.junitplatform.JUnitPlatformProvider.invoke(JUnitPlatformProvider.java:124)
	at org.apache.maven.surefire.booter.ForkedBooter.runSuitesInProcess(ForkedBooter.java:428)
	at org.apache.maven.surefire.booter.ForkedBooter.execute(ForkedBooter.java:162)
	at org.apache.maven.surefire.booter.ForkedBooter.run(ForkedBooter.java:562)
	at org.apache.maven.surefire.booter.ForkedBooter.main(ForkedBooter.java:548)
2023-06-21 21:48:41,283 [main] INFO  client.SCMCertificateClient (DefaultCertificateClient.java:init(692)) - Certificate client init case: 0
2023-06-21 21:48:41,283 [main] INFO  client.SCMCertificateClient (SCMCertificateClient.java:handleCase(68)) - Creating keypair for client as keypair and certificate not found.
2023-06-21 21:48:41,373 [main] INFO  ha.HASecurityUtils (HASecurityUtils.java:initializeSecurity(99)) - Init response: GETCERT
2023-06-21 21:48:41,373 [main] INFO  ozone.OzoneSecurityUtil (OzoneSecurityUtil.java:getValidInetsForCurrentHost(119)) - ip:fe80:0:0:0:6245:bdff:feb0:498c%eth0 not returned.
2023-06-21 21:48:41,374 [main] INFO  ozone.OzoneSecurityUtil (OzoneSecurityUtil.java:getValidInetsForCurrentHost(116)) - Adding ip:10.1.0.15,host:fv-az1254-726.qtnbswlwlufehe3u4emko3izng.cx.internal.cloudapp.net
2023-06-21 21:48:41,375 [main] INFO  ozone.OzoneSecurityUtil (OzoneSecurityUtil.java:getValidInetsForCurrentHost(119)) - ip:0:0:0:0:0:0:0:1%lo not returned.
2023-06-21 21:48:41,375 [main] INFO  ozone.OzoneSecurityUtil (OzoneSecurityUtil.java:getValidInetsForCurrentHost(119)) - ip:127.0.0.1 not returned.
2023-06-21 21:48:41,376 [main] INFO  ha.HASecurityUtils (HASecurityUtils.java:generateCSR(280)) - Creating csr for SCM->hostName:localhost,scmId:06fbe519-35a2-4226-ad85-372ac4de582e,clusterId:ed2e7ec8-c199-49a5-9fff-29e1d18647c8,subject:scm-sub@localhost
2023-06-21 21:48:41,381 [main] INFO  ha.SCMNodeInfo (SCMNodeInfo.java:getPort(197)) - ConfigKey ozone.scm.client.address is deprecated, For configuring different ports for each SCM use PortConfigKey ozone.scm.client.port appended with serviceId and nodeId
2023-06-21 21:48:41,381 [main] INFO  ha.SCMNodeInfo (SCMNodeInfo.java:getPort(197)) - ConfigKey ozone.scm.block.client.address is deprecated, For configuring different ports for each SCM use PortConfigKey ozone.scm.block.client.port appended with serviceId and nodeId
2023-06-21 21:48:41,381 [main] INFO  ha.SCMNodeInfo (SCMNodeInfo.java:getPort(197)) - ConfigKey ozone.scm.security.service.address is deprecated, For configuring different ports for each SCM use PortConfigKey ozone.scm.security.service.port appended with serviceId and nodeId
2023-06-21 21:48:41,381 [main] INFO  ha.SCMNodeInfo (SCMNodeInfo.java:getPort(197)) - ConfigKey ozone.scm.datanode.address is deprecated, For configuring different ports for each SCM use PortConfigKey ozone.scm.datanode.port appended with serviceId and nodeId
2023-06-21 21:48:41,381 [main] INFO  ha.SCMNodeInfo (SCMNodeInfo.java:getPort(197)) - ConfigKey ozone.scm.client.address is deprecated, For configuring different ports for each SCM use PortConfigKey ozone.scm.client.port appended with serviceId and nodeId
2023-06-21 21:48:41,381 [main] INFO  ha.SCMNodeInfo (SCMNodeInfo.java:getPort(197)) - ConfigKey ozone.scm.block.client.address is deprecated, For configuring different ports for each SCM use PortConfigKey ozone.scm.block.client.port appended with serviceId and nodeId
2023-06-21 21:48:41,382 [main] INFO  ha.SCMNodeInfo (SCMNodeInfo.java:getPort(197)) - ConfigKey ozone.scm.security.service.address is deprecated, For configuring different ports for each SCM use PortConfigKey ozone.scm.security.service.port appended with serviceId and nodeId
2023-06-21 21:48:41,382 [main] INFO  ha.SCMNodeInfo (SCMNodeInfo.java:getPort(197)) - ConfigKey ozone.scm.datanode.address is deprecated, For configuring different ports for each SCM use PortConfigKey ozone.scm.datanode.port appended with serviceId and nodeId
2023-06-21 21:48:41,396 [Socket Reader #1 for port 15002] INFO  ipc.Server (Server.java:saslProcess(2116)) - Auth successful for scm/fv-az1254-726.qtnbswlwlufehe3u4emko3izng.cx.internal.cloudapp.net@EXAMPLE.COM (auth:KERBEROS) from 10.1.0.15:36389
2023-06-21 21:48:41,411 [IPC Server handler 1 on default port 15002] INFO  server.SCMSecurityProtocolServer (SCMSecurityProtocolServer.java:getSCMCertificate(283)) - Processing CSR for scm localhost, nodeId: 06fbe519-35a2-4226-ad85-372ac4de582e
2023-06-21 21:48:41,505 [main] INFO  ha.HASecurityUtils (HASecurityUtils.java:initializeSecurity(112)) - Successfully stored SCM signed certificate.
2023-06-21 21:48:41,507 [main] INFO  server.StorageContainerManager (StorageContainerManager.java:scmBootstrap(1208)) - SCM BootStrap  is successful for ClusterID ed2e7ec8-c199-49a5-9fff-29e1d18647c8, SCMID 06fbe519-35a2-4226-ad85-372ac4de582e
2023-06-21 21:48:41,507 [main] INFO  server.StorageContainerManager (StorageContainerManager.java:scmBootstrap(1210)) - Primary SCM Node ID 6554ba57-669d-4c9f-91d9-11f4838b8a27
2023-06-21 21:48:41,507 [main] WARN  server.ServerUtils (ServerUtils.java:getScmDbDir(155)) - ozone.scm.db.dirs is not configured. We recommend adding this setting. Falling back to ozone.metadata.dirs instead.
2023-06-21 21:48:41,508 [main] INFO  ha.SCMHANodeDetails (SCMHANodeDetails.java:loadSCMHAConfig(210)) - ServiceID for StorageContainerManager is SCMServiceId
2023-06-21 21:48:41,508 [main] INFO  ha.SCMHANodeDetails (SCMHANodeDetails.java:loadSCMHAConfig(221)) - ServiceID for StorageContainerManager is SCMServiceId
2023-06-21 21:48:41,508 [main] WARN  scm.ScmUtils (ScmUtils.java:logWarn(190)) - ConfigKey ozone.scm.block.client.address is deprecated, For configuring different ports for each SCM use PortConfigKey ozone.scm.block.client.port appended with serviceId and nodeId. If want to configure same port configure ozone.scm.block.client.port
2023-06-21 21:48:41,508 [main] WARN  scm.ScmUtils (ScmUtils.java:logWarn(190)) - ConfigKey ozone.scm.client.address is deprecated, For configuring different ports for each SCM use PortConfigKey ozone.scm.client.port appended with serviceId and nodeId. If want to configure same port configure ozone.scm.client.port
2023-06-21 21:48:41,508 [main] WARN  scm.ScmUtils (ScmUtils.java:logWarn(190)) - ConfigKey ozone.scm.datanode.address is deprecated, For configuring different ports for each SCM use PortConfigKey ozone.scm.datanode.port appended with serviceId and nodeId. If want to configure same port configure ozone.scm.datanode.port
2023-06-21 21:48:41,509 [main] WARN  scm.ScmUtils (ScmUtils.java:logWarn(190)) - ConfigKey ozone.scm.block.client.address is deprecated, For configuring different ports for each SCM use PortConfigKey ozone.scm.block.client.port appended with serviceId and nodeId. If want to configure same port configure ozone.scm.block.client.port
2023-06-21 21:48:41,509 [main] WARN  scm.ScmUtils (ScmUtils.java:logWarn(190)) - ConfigKey ozone.scm.client.address is deprecated, For configuring different ports for each SCM use PortConfigKey ozone.scm.client.port appended with serviceId and nodeId. If want to configure same port configure ozone.scm.client.port
2023-06-21 21:48:41,509 [main] WARN  scm.ScmUtils (ScmUtils.java:logWarn(190)) - ConfigKey ozone.scm.datanode.address is deprecated, For configuring different ports for each SCM use PortConfigKey ozone.scm.datanode.port appended with serviceId and nodeId. If want to configure same port configure ozone.scm.datanode.port
2023-06-21 21:48:41,509 [main] INFO  ha.SCMHANodeDetails (SCMHANodeDetails.java:loadSCMHAConfig(308)) - Found matching SCM address with SCMServiceId: SCMServiceId, SCMNodeId: scmNode-3, RPC Address: localhost:15019 and Ratis port: 15019
2023-06-21 21:48:41,509 [main] INFO  ha.SCMHANodeDetails (ConfUtils.java:setNodeSpecificConfigs(97)) - Setting configuration key ozone.scm.datanode.address with value of key ozone.scm.datanode.address.SCMServiceId.scmNode-3: 127.0.0.1:15020
2023-06-21 21:48:41,509 [main] INFO  ha.SCMHANodeDetails (ConfUtils.java:setNodeSpecificConfigs(97)) - Setting configuration key ozone.scm.block.client.address with value of key ozone.scm.block.client.address.SCMServiceId.scmNode-3: 127.0.0.1:15023
2023-06-21 21:48:41,510 [main] INFO  ha.SCMHANodeDetails (ConfUtils.java:setNodeSpecificConfigs(97)) - Setting configuration key ozone.scm.client.address with value of key ozone.scm.client.address.SCMServiceId.scmNode-3: 127.0.0.1:15021
2023-06-21 21:48:41,510 [main] INFO  ha.SCMHANodeDetails (ConfUtils.java:setNodeSpecificConfigs(97)) - Setting configuration key ozone.scm.security.service.address with value of key ozone.scm.security.service.address.SCMServiceId.scmNode-3: 127.0.0.1:15018
2023-06-21 21:48:41,510 [main] INFO  ha.SCMHANodeDetails (ConfUtils.java:setNodeSpecificConfigs(97)) - Setting configuration key ozone.scm.ratis.port with value of key ozone.scm.ratis.port.SCMServiceId.scmNode-3: 15019
2023-06-21 21:48:41,510 [main] INFO  ha.SCMHANodeDetails (ConfUtils.java:setNodeSpecificConfigs(97)) - Setting configuration key ozone.scm.grpc.port with value of key ozone.scm.grpc.port.SCMServiceId.scmNode-3: 15022
2023-06-21 21:48:41,510 [main] INFO  ha.SCMHANodeDetails (ConfUtils.java:setNodeSpecificConfigs(97)) - Setting configuration key ozone.scm.http-address with value of key ozone.scm.http-address.SCMServiceId.scmNode-3: 127.0.0.1:15016
2023-06-21 21:48:41,510 [main] INFO  ha.SCMHANodeDetails (ConfUtils.java:setNodeSpecificConfigs(97)) - Setting configuration key ozone.scm.https-address with value of key ozone.scm.https-address.SCMServiceId.scmNode-3: 127.0.0.1:15017
2023-06-21 21:48:41,510 [main] INFO  ha.SCMHANodeDetails (ConfUtils.java:setNodeSpecificConfigs(97)) - Setting configuration key ozone.scm.address with value of key ozone.scm.address.SCMServiceId.scmNode-3: 127.0.0.1
2023-06-21 21:48:41,510 [main] WARN  scm.ScmUtils (ScmUtils.java:logWarn(190)) - ConfigKey ozone.scm.block.client.address is deprecated, For configuring different ports for each SCM use PortConfigKey ozone.scm.block.client.port appended with serviceId and nodeId. If want to configure same port configure ozone.scm.block.client.port
2023-06-21 21:48:41,510 [main] WARN  scm.ScmUtils (ScmUtils.java:logWarn(190)) - ConfigKey ozone.scm.client.address is deprecated, For configuring different ports for each SCM use PortConfigKey ozone.scm.client.port appended with serviceId and nodeId. If want to configure same port configure ozone.scm.client.port
2023-06-21 21:48:41,511 [main] WARN  scm.ScmUtils (ScmUtils.java:logWarn(190)) - ConfigKey ozone.scm.datanode.address is deprecated, For configuring different ports for each SCM use PortConfigKey ozone.scm.datanode.port appended with serviceId and nodeId. If want to configure same port configure ozone.scm.datanode.port
2023-06-21 21:48:41,513 [main] INFO  client.SCMCertificateClient (DefaultCertificateClient.java:readCertificateFile(196)) - Added certificate   [0]         Version: 3
         SerialNumber: 1719533779177
             IssuerDN: CN=scm@fv-az1254-726,OU=6554ba57-669d-4c9f-91d9-11f4838b8a27,O=ed2e7ec8-c199-49a5-9fff-29e1d18647c8
           Start Date: Wed Jun 21 21:48:41 UTC 2023
           Final Date: Sat Jul 29 21:48:41 UTC 2028
            SubjectDN: CN=scm-sub@localhost,OU=06fbe519-35a2-4226-ad85-372ac4de582e,O=ed2e7ec8-c199-49a5-9fff-29e1d18647c8
           Public Key: RSA Public Key [b9:1b:9b:74:1a:5c:46:94:dd:2d:84:ea:b0:61:ba:18:b7:00:e5:6a],[56:66:d1:a4]
        modulus: ac1508fb36b8ec7d34044782c9f8780b8152bd0cd5caec47476c58451549269fe2a77d9d4f75f3a06431a9be880008f3b02f9cfe88fa5abf1839299709ef99788d6afc3fde0eeb1f06df6a8a142adb33bbbf64fc52af871cee08d4cd0e04483502ec057b1b8784f325484e160256a4e25e4612e2e9dce3f120d1bfdc6ad4f1ca0fbdb1bf9a907305f0f61da328d07c609e5e880236994e3cac2b853540c79bc7e88675651f1bf3f61ecb21b318635cbb9e441af0ec07db2c0dae9a4bf6e08a3598b1473ac0a4fe0e9329211c7bc02a630ce8031c2925945b4aa2ac61e14337a0f9bace09efe56d719fe2cfacf0200c67d2abe41d973b93020ce5a6295c5eec59
public exponent: 10001

  Signature Algorithm: SHA256WITHRSA
            Signature: 0ccc59b78a9dfc880e7f0bb2367db0549d384d1c
                       b73cc03b9b4123ad3ae258ccf257b7c55d0b642d
                       e416980a4009e2cc2b86467a03368acb73365ef3
                       702892ef80db0edb4145da436cfcfe3131611f22
                       63cc3a3f63f15ff911ea147af4f0fd082397399e
                       bb02a2e0894d78c652996f6af2b928c170c04657
                       e0891c37290fc931fedb52fc60ce6dda6c8770e1
                       7281c952e59e37dfccf1ef7de3ff29b3d997dc92
                       ccac4ad892a701963578de633cd2396ff5bc16ce
                       006478ffe2a247e40ee303ba79784721bd9b7a89
                       01dec183a4b4cb49c1b36e31155e5d6203507c57
                       5bdcd34a502f9dc64bc561d3b7b93d3905724210
                       122f5403d558fdc28850f6cc5c96fd22
       Extensions: 
                       critical(false) 2.5.29.17 value = Sequence
    Tagged [7] IMPLICIT 
        DER Octet String[4] 
    Tagged [2] IMPLICIT 
        DER Octet String[65] 

                       critical(true) BasicConstraints: isCa(true)
                       critical(true) KeyUsage: 0xbe
 from file: /home/runner/work/ozone/ozone/hadoop-ozone/integration-test/target/test-dir/MiniOzoneClusterImpl-ed2e7ec8-c199-49a5-9fff-29e1d18647c8/scmNode-3/scm/sub-ca/certs/certificate.crt.
2023-06-21 21:48:41,518 [main] INFO  client.SCMCertificateClient (DefaultCertificateClient.java:readCertificateFile(196)) - Added certificate   [0]         Version: 3
         SerialNumber: 1719533779177
             IssuerDN: CN=scm@fv-az1254-726,OU=6554ba57-669d-4c9f-91d9-11f4838b8a27,O=ed2e7ec8-c199-49a5-9fff-29e1d18647c8
           Start Date: Wed Jun 21 21:48:41 UTC 2023
           Final Date: Sat Jul 29 21:48:41 UTC 2028
            SubjectDN: CN=scm-sub@localhost,OU=06fbe519-35a2-4226-ad85-372ac4de582e,O=ed2e7ec8-c199-49a5-9fff-29e1d18647c8
           Public Key: RSA Public Key [b9:1b:9b:74:1a:5c:46:94:dd:2d:84:ea:b0:61:ba:18:b7:00:e5:6a],[56:66:d1:a4]
        modulus: ac1508fb36b8ec7d34044782c9f8780b8152bd0cd5caec47476c58451549269fe2a77d9d4f75f3a06431a9be880008f3b02f9cfe88fa5abf1839299709ef99788d6afc3fde0eeb1f06df6a8a142adb33bbbf64fc52af871cee08d4cd0e04483502ec057b1b8784f325484e160256a4e25e4612e2e9dce3f120d1bfdc6ad4f1ca0fbdb1bf9a907305f0f61da328d07c609e5e880236994e3cac2b853540c79bc7e88675651f1bf3f61ecb21b318635cbb9e441af0ec07db2c0dae9a4bf6e08a3598b1473ac0a4fe0e9329211c7bc02a630ce8031c2925945b4aa2ac61e14337a0f9bace09efe56d719fe2cfacf0200c67d2abe41d973b93020ce5a6295c5eec59
public exponent: 10001

  Signature Algorithm: SHA256WITHRSA
            Signature: 0ccc59b78a9dfc880e7f0bb2367db0549d384d1c
                       b73cc03b9b4123ad3ae258ccf257b7c55d0b642d
                       e416980a4009e2cc2b86467a03368acb73365ef3
                       702892ef80db0edb4145da436cfcfe3131611f22
                       63cc3a3f63f15ff911ea147af4f0fd082397399e
                       bb02a2e0894d78c652996f6af2b928c170c04657
                       e0891c37290fc931fedb52fc60ce6dda6c8770e1
                       7281c952e59e37dfccf1ef7de3ff29b3d997dc92
                       ccac4ad892a701963578de633cd2396ff5bc16ce
                       006478ffe2a247e40ee303ba79784721bd9b7a89
                       01dec183a4b4cb49c1b36e31155e5d6203507c57
                       5bdcd34a502f9dc64bc561d3b7b93d3905724210
                       122f5403d558fdc28850f6cc5c96fd22
       Extensions: 
                       critical(false) 2.5.29.17 value = Sequence
    Tagged [7] IMPLICIT 
        DER Octet String[4] 
    Tagged [2] IMPLICIT 
        DER Octet String[65] 

                       critical(true) BasicConstraints: isCa(true)
                       critical(true) KeyUsage: 0xbe
 from file: /home/runner/work/ozone/ozone/hadoop-ozone/integration-test/target/test-dir/MiniOzoneClusterImpl-ed2e7ec8-c199-49a5-9fff-29e1d18647c8/scmNode-3/scm/sub-ca/certs/1719533779177.crt.
2023-06-21 21:48:41,519 [main] INFO  client.SCMCertificateClient (DefaultCertificateClient.java:readCertificateFile(196)) - Added certificate   [0]         Version: 3
         SerialNumber: 1
             IssuerDN: CN=scm@fv-az1254-726,OU=6554ba57-669d-4c9f-91d9-11f4838b8a27,O=ed2e7ec8-c199-49a5-9fff-29e1d18647c8
           Start Date: Wed Jun 21 21:48:21 UTC 2023
           Final Date: Sat Jul 29 21:48:21 UTC 2028
            SubjectDN: CN=scm@fv-az1254-726,OU=6554ba57-669d-4c9f-91d9-11f4838b8a27,O=ed2e7ec8-c199-49a5-9fff-29e1d18647c8
           Public Key: RSA Public Key [2c:69:cf:f0:97:04:f0:3a:8f:0a:03:f1:15:41:9a:6b:a5:20:dd:c3],[56:66:d1:a4]
        modulus: b1f5f5b26f58524b7ceed6238c0164a5e0f68098a1de78efe7e2da0c2ace7ff8d95263670ba7e1a50644c44bda98847aa50c9dafdfcf632b99049d2b1508be1124636d6a04296e0ce8b17d5d738257052a223bff56eaf694c00a2b8cf407ea19d1ee979ef47c1244cd0f11f8b4792dd90ba0766388a71115590b22d31ee03f7777a70eba99354a80f4fe6c18a7e74a117b6cb3abff4bca0e6efcce343ba87e1b11dbbb5c9f2182cebf68ec58dc3390168a1996a6213d9ef111dba5bd5b58cc1c6e66f69c283927fa28c7d0427068ef3e60b8300ac329f21ff07f20e7b1e445ae13bf8835c969264fa2e3fdd99dcd3f41cc2471454d3d13fdc8ecb3c62eaf6b85
public exponent: 10001

  Signature Algorithm: SHA256WITHRSA
            Signature: 71be930adf6a02910a64fc3feb2c03f96bae97bb
                       086294776abaea75db0be6fae57978872a4291dd
                       c640dae516800bd462ca54680da0e03172ad789a
                       69ccac790180ffa2b195c2913b00d90d0cbcf4a4
                       8c92284415b78e4e7b2342ca6575569252f6bddb
                       fd8ff046cb759c68cf349310d181e813cfd33c93
                       8b21d11e8302a7cfbc735e7aeb0da2ee7bf413d2
                       ad2502a16ad0a1ad96a720ba487e9a0f25e37b4c
                       3394a50c4336345c4395cc3e1f8068ab76b8a358
                       3fbc8f031a5e67a29032424b4f1feb4cd8cdf663
                       4f075ee1ebd546d2ea1fd1e09a6a14340e174f0c
                       f6baa29edf6c54090c18705dc24c7859ba9a706c
                       476df4ad77011b72f9e4b80082c2a819
       Extensions: 
                       critical(true) BasicConstraints: isCa(true)
                       critical(true) KeyUsage: 0x6
                       critical(false) 2.5.29.17 value = Sequence
    Tagged [7] IMPLICIT 
        DER Octet String[4] 
    Tagged [2] IMPLICIT 
        DER Octet String[65] 

 from file: /home/runner/work/ozone/ozone/hadoop-ozone/integration-test/target/test-dir/MiniOzoneClusterImpl-ed2e7ec8-c199-49a5-9fff-29e1d18647c8/scmNode-3/scm/sub-ca/certs/CA-1.crt.
2023-06-21 21:48:41,520 [main] INFO  client.SCMCertificateClient (DefaultCertificateClient.java:startCertificateMonitor(1260)) - CertificateLifetimeMonitor for scm/sub-ca is started with first delay 158716799480 ms and interval 86400000 ms.
2023-06-21 21:48:41,520 [main] INFO  ha.SCMNodeInfo (SCMNodeInfo.java:getPort(197)) - ConfigKey ozone.scm.client.address is deprecated, For configuring different ports for each SCM use PortConfigKey ozone.scm.client.port appended with serviceId and nodeId
2023-06-21 21:48:41,521 [main] INFO  ha.SCMNodeInfo (SCMNodeInfo.java:getPort(197)) - ConfigKey ozone.scm.block.client.address is deprecated, For configuring different ports for each SCM use PortConfigKey ozone.scm.block.client.port appended with serviceId and nodeId
2023-06-21 21:48:41,521 [main] INFO  ha.SCMNodeInfo (SCMNodeInfo.java:getPort(197)) - ConfigKey ozone.scm.security.service.address is deprecated, For configuring different ports for each SCM use PortConfigKey ozone.scm.security.service.port appended with serviceId and nodeId
2023-06-21 21:48:41,521 [main] INFO  ha.SCMNodeInfo (SCMNodeInfo.java:getPort(197)) - ConfigKey ozone.scm.datanode.address is deprecated, For configuring different ports for each SCM use PortConfigKey ozone.scm.datanode.port appended with serviceId and nodeId
2023-06-21 21:48:41,521 [main] INFO  ha.SCMNodeInfo (SCMNodeInfo.java:getPort(197)) - ConfigKey ozone.scm.client.address is deprecated, For configuring different ports for each SCM use PortConfigKey ozone.scm.client.port appended with serviceId and nodeId
2023-06-21 21:48:41,521 [main] INFO  ha.SCMNodeInfo (SCMNodeInfo.java:getPort(197)) - ConfigKey ozone.scm.block.client.address is deprecated, For configuring different ports for each SCM use PortConfigKey ozone.scm.block.client.port appended with serviceId and nodeId
2023-06-21 21:48:41,521 [main] INFO  ha.SCMNodeInfo (SCMNodeInfo.java:getPort(197)) - ConfigKey ozone.scm.security.service.address is deprecated, For configuring different ports for each SCM use PortConfigKey ozone.scm.security.service.port appended with serviceId and nodeId
2023-06-21 21:48:41,521 [main] INFO  ha.SCMNodeInfo (SCMNodeInfo.java:getPort(197)) - ConfigKey ozone.scm.datanode.address is deprecated, For configuring different ports for each SCM use PortConfigKey ozone.scm.datanode.port appended with serviceId and nodeId
2023-06-21 21:48:41,521 [main] INFO  ha.SCMNodeInfo (SCMNodeInfo.java:getPort(197)) - ConfigKey ozone.scm.client.address is deprecated, For configuring different ports for each SCM use PortConfigKey ozone.scm.client.port appended with serviceId and nodeId
2023-06-21 21:48:41,521 [main] INFO  ha.SCMNodeInfo (SCMNodeInfo.java:getPort(197)) - ConfigKey ozone.scm.block.client.address is deprecated, For configuring different ports for each SCM use PortConfigKey ozone.scm.block.client.port appended with serviceId and nodeId
2023-06-21 21:48:41,522 [main] INFO  ha.SCMNodeInfo (SCMNodeInfo.java:getPort(197)) - ConfigKey ozone.scm.security.service.address is deprecated, For configuring different ports for each SCM use PortConfigKey ozone.scm.security.service.port appended with serviceId and nodeId
2023-06-21 21:48:41,522 [main] INFO  ha.SCMNodeInfo (SCMNodeInfo.java:getPort(197)) - ConfigKey ozone.scm.datanode.address is deprecated, For configuring different ports for each SCM use PortConfigKey ozone.scm.datanode.port appended with serviceId and nodeId
2023-06-21 21:48:41,524 [pool-2-thread-1] INFO  request.KdcRequest (KdcRequest.java:preauth(651)) - The preauth data is empty.
2023-06-21 21:48:41,525 [pool-2-thread-1] INFO  server.KdcHandler (KdcHandler.java:handleRecoverableException(177)) - KRB error occurred while processing request:Additional pre-authentication required
2023-06-21 21:48:41,532 [pool-2-thread-1] INFO  request.AsRequest (AsRequest.java:issueTicket(112)) - AS_REQ ISSUE: authtime 1687384121532,scm/fv-az1254-726.qtnbswlwlufehe3u4emko3izng.cx.internal.cloudapp.net@EXAMPLE.COM for krbtgt/EXAMPLE.COM@EXAMPLE.COM
2023-06-21 21:48:41,534 [main] INFO  security.UserGroupInformation (UserGroupInformation.java:loginUserFromKeytab(1132)) - Login successful for user scm/fv-az1254-726.qtnbswlwlufehe3u4emko3izng.cx.internal.cloudapp.net@EXAMPLE.COM using keytab file scm.keytab. Keytab auto renewal enabled : false
2023-06-21 21:48:41,534 [main] INFO  server.StorageContainerManager (StorageContainerManager.java:loginAsSCMUserIfSecurityEnabled(1054)) - SCM login successful.
2023-06-21 21:48:41,534 [main] WARN  utils.HAUtils (HAUtils.java:getMetaDir(339)) - ozone.scm.db.dirs is not configured. We recommend adding this setting. Falling back to ozone.metadata.dirs instead.
2023-06-21 21:48:41,536 [main] WARN  db.DBStoreBuilder (DBStoreBuilder.java:applyDBDefinition(165)) - ozone.scm.db.dirs is not configured. We recommend adding this setting. Falling back to ozone.metadata.dirs instead.
2023-06-21 21:48:41,638 [main] INFO  net.NodeSchemaLoader (NodeSchemaLoader.java:loadSchemaFromFile(129)) - Loading schema from [jar:file:/home/runner/.m2/repository/org/apache/ozone/hdds-common/1.4.0-SNAPSHOT/hdds-common-1.4.0-SNAPSHOT.jar!/network-topology-default.xml]
2023-06-21 21:48:41,638 [main] INFO  net.NodeSchemaLoader (NodeSchemaLoader.java:loadSchema(176)) - Loading network topology layer schema file
2023-06-21 21:48:41,647 [main] WARN  impl.MetricRegistriesImpl (MetricRegistriesImpl.java:addReporterRegistration(111)) - New reporters are added after registries were created. Some metrics will be missing from the reporter. Please add reporter before adding any new registry.
2023-06-21 21:48:41,647 [main] WARN  impl.MetricRegistriesImpl (MetricRegistriesImpl.java:addReporterRegistration(111)) - New reporters are added after registries were created. Some metrics will be missing from the reporter. Please add reporter before adding any new registry.
2023-06-21 21:48:41,665 [main] INFO  ha.SCMRatisServerImpl (SCMRatisServerImpl.java:<init>(98)) - starting Raft server for scm:06fbe519-35a2-4226-ad85-372ac4de582e
2023-06-21 21:48:41,667 [main] INFO  server.RaftServer (ConfUtils.java:logGet(46)) - raft.rpc.type = GRPC (default)
2023-06-21 21:48:41,668 [main] INFO  grpc.GrpcConfigKeys (ConfUtils.java:logFallback(53)) - raft.grpc.admin.host = null (fallback to raft.grpc.server.host)
2023-06-21 21:48:41,669 [main] INFO  grpc.GrpcConfigKeys (ConfUtils.java:logFallback(53)) - raft.grpc.admin.port = 15019 (fallback to raft.grpc.server.port)
2023-06-21 21:48:41,669 [main] INFO  grpc.GrpcConfigKeys (ConfUtils.java:logFallback(53)) - raft.grpc.client.host = null (fallback to raft.grpc.server.host)
2023-06-21 21:48:41,670 [main] INFO  grpc.GrpcConfigKeys (ConfUtils.java:logFallback(53)) - raft.grpc.client.port = 15019 (fallback to raft.grpc.server.port)
2023-06-21 21:48:41,670 [main] INFO  grpc.GrpcConfigKeys (ConfUtils.java:logGet(46)) - raft.grpc.server.host = null (default)
2023-06-21 21:48:41,670 [main] INFO  grpc.GrpcConfigKeys (ConfUtils.java:logGet(46)) - raft.grpc.server.port = 15019 (custom)
2023-06-21 21:48:41,670 [main] INFO  server.GrpcService (ConfUtils.java:logGet(46)) - raft.grpc.message.size.max = 32m (=33554432) (custom)
2023-06-21 21:48:41,670 [main] INFO  server.RaftServerConfigKeys (ConfUtils.java:logGet(46)) - raft.server.log.appender.buffer.byte-limit = 33554432 (custom)
2023-06-21 21:48:41,670 [main] INFO  server.GrpcService (ConfUtils.java:logGet(46)) - raft.grpc.flow.control.window = 1MB (=1048576) (default)
2023-06-21 21:48:41,671 [main] INFO  server.RaftServerConfigKeys (ConfUtils.java:logGet(46)) - raft.server.rpc.request.timeout = 30000ms (custom)
2023-06-21 21:48:41,671 [main] INFO  grpc.GrpcConfigKeys (ConfUtils.java:logGet(46)) - raft.grpc.server.heartbeat.channel = true (default)
2023-06-21 21:48:41,671 [main] INFO  grpc.GrpcConfigKeys (ConfUtils.java:logGet(46)) - raft.grpc.server.async.request.thread.pool.cached = true (default)
2023-06-21 21:48:41,671 [main] INFO  grpc.GrpcConfigKeys (ConfUtils.java:logGet(46)) - raft.grpc.server.async.request.thread.pool.size = 32 (default)
2023-06-21 21:48:41,673 [main] INFO  impl.DataStreamServerImpl (ConfUtils.java:logGet(46)) - raft.datastream.type = DISABLED (default)
2023-06-21 21:48:41,673 [main] INFO  server.RaftServerConfigKeys (ConfUtils.java:logGet(46)) - raft.server.threadpool.proxy.cached = true (default)
2023-06-21 21:48:41,673 [main] INFO  server.RaftServerConfigKeys (ConfUtils.java:logGet(46)) - raft.server.threadpool.proxy.size = 0 (default)
2023-06-21 21:48:41,674 [main] INFO  server.RaftServerConfigKeys (ConfUtils.java:logGet(46)) - raft.server.rpc.slowness.timeout = 120000ms (custom)
2023-06-21 21:48:41,674 [main] INFO  server.RaftServerConfigKeys (ConfUtils.java:logGet(46)) - raft.server.leaderelection.leader.step-down.wait-time = 10s (default)
2023-06-21 21:48:41,674 [main] INFO  server.RaftServerConfigKeys (ConfUtils.java:logGet(46)) - raft.server.storage.dir = [/home/runner/work/ozone/ozone/hadoop-ozone/integration-test/target/test-dir/MiniOzoneClusterImpl-ed2e7ec8-c199-49a5-9fff-29e1d18647c8/scmNode-3/scm-ha] (custom)
2023-06-21 21:48:41,675 [main] INFO  server.RaftServer (RaftServerProxy.java:addNew(98)) - 06fbe519-35a2-4226-ad85-372ac4de582e: addNew group-29E1D18647C8:[] returns group-29E1D18647C8:java.util.concurrent.CompletableFuture@72f9cd3f[Not completed]
2023-06-21 21:48:41,675 [06fbe519-35a2-4226-ad85-372ac4de582e-groupManagement] INFO  server.RaftServer$Division (RaftServerImpl.java:<init>(198)) - 06fbe519-35a2-4226-ad85-372ac4de582e: new RaftServerImpl for group-29E1D18647C8:[] with SCMStateMachine:uninitialized
2023-06-21 21:48:41,675 [06fbe519-35a2-4226-ad85-372ac4de582e-groupManagement] INFO  server.RaftServerConfigKeys (ConfUtils.java:logGet(46)) - raft.server.rpc.timeout.min = 5000ms (custom)
2023-06-21 21:48:41,676 [06fbe519-35a2-4226-ad85-372ac4de582e-groupManagement] INFO  server.RaftServerConfigKeys (ConfUtils.java:logGet(46)) - raft.server.rpc.timeout.max = 5200ms (custom)
2023-06-21 21:48:41,676 [06fbe519-35a2-4226-ad85-372ac4de582e-groupManagement] INFO  server.RaftServerConfigKeys (ConfUtils.java:logGet(46)) - raft.server.rpc.sleep.time = 25ms (default)
2023-06-21 21:48:41,676 [06fbe519-35a2-4226-ad85-372ac4de582e-groupManagement] INFO  server.RaftServerConfigKeys (ConfUtils.java:logGet(46)) - raft.server.rpc.slowness.timeout = 120000ms (custom)
2023-06-21 21:48:41,676 [06fbe519-35a2-4226-ad85-372ac4de582e-groupManagement] INFO  server.RaftServerConfigKeys (ConfUtils.java:logGet(46)) - raft.server.leaderelection.leader.step-down.wait-time = 10s (default)
2023-06-21 21:48:41,676 [06fbe519-35a2-4226-ad85-372ac4de582e-groupManagement] INFO  server.RaftServerConfigKeys (ConfUtils.java:logGet(46)) - raft.server.sleep.deviation.threshold = 300ms (default)
2023-06-21 21:48:41,676 [06fbe519-35a2-4226-ad85-372ac4de582e-groupManagement] INFO  server.RaftServer$Division (ServerState.java:<init>(120)) - 06fbe519-35a2-4226-ad85-372ac4de582e@group-29E1D18647C8: ConfigurationManager, init=-1: peers:[]|listeners:[], old=null, confs=<EMPTY_MAP>
2023-06-21 21:48:41,676 [06fbe519-35a2-4226-ad85-372ac4de582e-groupManagement] INFO  server.RaftServerConfigKeys (ConfUtils.java:logGet(46)) - raft.server.storage.dir = [/home/runner/work/ozone/ozone/hadoop-ozone/integration-test/target/test-dir/MiniOzoneClusterImpl-ed2e7ec8-c199-49a5-9fff-29e1d18647c8/scmNode-3/scm-ha] (custom)
2023-06-21 21:48:41,676 [06fbe519-35a2-4226-ad85-372ac4de582e-groupManagement] INFO  server.RaftServerConfigKeys (ConfUtils.java:logGet(46)) - raft.server.log.corruption.policy = EXCEPTION (default)
2023-06-21 21:48:41,676 [06fbe519-35a2-4226-ad85-372ac4de582e-groupManagement] INFO  server.RaftServerConfigKeys (ConfUtils.java:logGet(46)) - raft.server.storage.free-space.min = 0MB (=0) (default)
2023-06-21 21:48:41,676 [06fbe519-35a2-4226-ad85-372ac4de582e-groupManagement] INFO  server.RaftServerConfigKeys (ConfUtils.java:logGet(46)) - raft.server.notification.no-leader.timeout = 60s (default)
2023-06-21 21:48:41,676 [06fbe519-35a2-4226-ad85-372ac4de582e-groupManagement] INFO  server.RaftServerConfigKeys (ConfUtils.java:logGet(46)) - raft.server.read.timeout = 10s (default)
2023-06-21 21:48:41,676 [06fbe519-35a2-4226-ad85-372ac4de582e-groupManagement] INFO  server.RaftServerConfigKeys (ConfUtils.java:logGet(46)) - raft.server.retrycache.expirytime = 60000ms (default)
2023-06-21 21:48:41,676 [06fbe519-35a2-4226-ad85-372ac4de582e-groupManagement] INFO  server.RaftServerConfigKeys (ConfUtils.java:logGet(46)) - raft.server.retrycache.statistics.expirytime = 100μs (default)
2023-06-21 21:48:41,676 [06fbe519-35a2-4226-ad85-372ac4de582e-groupManagement] INFO  server.RaftServerConfigKeys (ConfUtils.java:logGet(46)) - raft.server.read.option = DEFAULT (default)
2023-06-21 21:48:41,678 [06fbe519-35a2-4226-ad85-372ac4de582e-groupManagement] INFO  server.RaftServerConfigKeys (ConfUtils.java:logGet(46)) - raft.server.rpc.request.timeout = 30000ms (custom)
2023-06-21 21:48:41,678 [06fbe519-35a2-4226-ad85-372ac4de582e-groupManagement] INFO  server.RaftServerConfigKeys (ConfUtils.java:logGet(46)) - raft.server.log.appender.install.snapshot.enabled = false (custom)
2023-06-21 21:48:41,678 [06fbe519-35a2-4226-ad85-372ac4de582e-groupManagement] INFO  server.RaftServerConfigKeys (ConfUtils.java:logGet(46)) - raft.server.threadpool.server.cached = true (default)
2023-06-21 21:48:41,682 [06fbe519-35a2-4226-ad85-372ac4de582e-groupManagement] INFO  server.RaftServerConfigKeys (ConfUtils.java:logGet(46)) - raft.server.threadpool.server.size = 0 (default)
2023-06-21 21:48:41,682 [06fbe519-35a2-4226-ad85-372ac4de582e-groupManagement] INFO  server.RaftServerConfigKeys (ConfUtils.java:logGet(46)) - raft.server.threadpool.client.cached = true (default)
2023-06-21 21:48:41,682 [06fbe519-35a2-4226-ad85-372ac4de582e-groupManagement] INFO  server.RaftServerConfigKeys (ConfUtils.java:logGet(46)) - raft.server.threadpool.client.size = 0 (default)
2023-06-21 21:48:41,682 [main] INFO  ha.SCMSnapshotProvider (SCMSnapshotProvider.java:<init>(66)) - Initializing SCM Snapshot Provider
2023-06-21 21:48:41,682 [main] WARN  server.ServerUtils (ServerUtils.java:getDefaultRatisDirectory(323)) - Storage directory for Ratis is not configured. It is a good idea to map this to an SSD disk. Falling back to ozone.metadata.dirs
2023-06-21 21:48:41,683 [main] WARN  ha.SCMHAUtils (SCMHAUtils.java:getSCMRatisSnapshotDirectory(153)) - SCM snapshot dir is not configured. Falling back to ozone.metadata.dirs config
2023-06-21 21:48:41,685 [main] INFO  upgrade.AbstractLayoutVersionManager (AbstractLayoutVersionManager.java:init(83)) - Initializing Layout version manager with metadata layout = HADOOP_PRC_PORTS_IN_DATANODEDETAILS (version = 7), software layout = HADOOP_PRC_PORTS_IN_DATANODEDETAILS (version = 7)
2023-06-21 21:48:41,689 [main] INFO  ha.SequenceIdGenerator (SequenceIdGenerator.java:upgradeToSequenceId(349)) - upgrade localId to 111677748019200000
2023-06-21 21:48:41,690 [main] INFO  ha.SequenceIdGenerator (SequenceIdGenerator.java:upgradeToSequenceId(359)) - upgrade delTxnId to 0
2023-06-21 21:48:41,691 [main] INFO  ha.SequenceIdGenerator (SequenceIdGenerator.java:upgradeToSequenceId(376)) - upgrade containerId to 0
2023-06-21 21:48:41,691 [main] INFO  ha.SequenceIdGenerator (SequenceIdGenerator.java:<init>(220)) - Init the HA SequenceIdGenerator.
2023-06-21 21:48:41,692 [main] WARN  server.ServerUtils (ServerUtils.java:sanitizeUserArgs(80)) - ozone.scm.stale.node.interval value = 300000 is larger than max = 100000 based on the key value of ozone.scm.heartbeat.thread.interval, reset to the max value 100000.
2023-06-21 21:48:41,692 [main] WARN  server.ServerUtils (ServerUtils.java:sanitizeUserArgs(80)) - ozone.scm.stale.node.interval value = 300000 is larger than max = 100000 based on the key value of ozone.scm.heartbeat.thread.interval, reset to the max value 100000.
2023-06-21 21:48:41,693 [main] INFO  node.SCMNodeManager (SCMNodeManager.java:<init>(158)) - Entering startup safe mode.
2023-06-21 21:48:41,694 [main] INFO  algorithms.ContainerPlacementPolicyFactory (ContainerPlacementPolicyFactory.java:getPolicyInternal(86)) - Create container placement policy of type org.apache.hadoop.hdds.scm.container.placement.algorithms.SCMContainerPlacementRackAware
2023-06-21 21:48:41,694 [main] INFO  algorithms.ContainerPlacementPolicyFactory (ContainerPlacementPolicyFactory.java:getPolicyInternal(86)) - Create container placement policy of type org.apache.hadoop.hdds.scm.container.placement.algorithms.SCMContainerPlacementRackScatter
2023-06-21 21:48:41,694 [main] INFO  pipeline.PipelineStateManagerImpl (PipelineStateManagerImpl.java:initialize(78)) - No pipeline exists in current db
2023-06-21 21:48:41,694 [main] INFO  algorithms.LeaderChoosePolicyFactory (LeaderChoosePolicyFactory.java:getPolicy(57)) - Create leader choose policy of type org.apache.hadoop.hdds.scm.pipeline.leader.choose.algorithms.MinLeaderCountChoosePolicy
2023-06-21 21:48:41,695 [main] INFO  algorithms.ContainerPlacementPolicyFactory (ContainerPlacementPolicyFactory.java:getPolicyInternal(86)) - Create container placement policy of type org.apache.hadoop.hdds.scm.container.placement.algorithms.SCMContainerPlacementRackScatter
2023-06-21 21:48:41,695 [main] INFO  ha.SCMServiceManager (SCMServiceManager.java:register(42)) - Registering service BackgroundPipelineCreator.
2023-06-21 21:48:41,695 [main] INFO  pipeline.BackgroundPipelineCreator (BackgroundPipelineCreator.java:start(124)) - Starting RatisPipelineUtilsThread.
2023-06-21 21:48:41,695 [main] INFO  BackgroundPipelineScrubber (BackgroundSCMService.java:start(68)) - Starting BackgroundPipelineScrubber Service.
2023-06-21 21:48:41,696 [main] INFO  ha.SCMServiceManager (SCMServiceManager.java:register(42)) - Registering service BackgroundPipelineScrubber.
2023-06-21 21:48:41,696 [main] INFO  ExpiredContainerReplicaOpScrubber (BackgroundSCMService.java:start(68)) - Starting ExpiredContainerReplicaOpScrubber Service.
2023-06-21 21:48:41,697 [main] INFO  ha.SCMServiceManager (SCMServiceManager.java:register(42)) - Registering service ExpiredContainerReplicaOpScrubber.
2023-06-21 21:48:41,698 [main] INFO  algorithms.PipelineChoosePolicyFactory (PipelineChoosePolicyFactory.java:createPipelineChoosePolicyFromClass(73)) - Create pipeline choose policy of type org.apache.hadoop.hdds.scm.pipeline.choose.algorithms.RandomPipelineChoosePolicy
2023-06-21 21:48:41,699 [main] INFO  ha.SCMServiceManager (SCMServiceManager.java:register(42)) - Registering service SCMBlockDeletingService.
2023-06-21 21:48:41,700 [main] INFO  replication.ReplicationManager (ReplicationManager.java:start(286)) - Starting Replication Monitor Thread.
2023-06-21 21:48:41,707 [ReplicationMonitor] INFO  replication.ReplicationManager (ReplicationManager.java:processAll(361)) - Replication Manager is not ready to run until 3000ms after safemode exit
2023-06-21 21:48:41,707 [main] INFO  ha.SCMServiceManager (SCMServiceManager.java:register(42)) - Registering service ReplicationManager.
2023-06-21 21:48:41,708 [main] INFO  safemode.ContainerSafeModeRule (ContainerSafeModeRule.java:<init>(89)) - containers with one replica threshold count 0
2023-06-21 21:48:41,709 [main] INFO  safemode.HealthyPipelineSafeModeRule (HealthyPipelineSafeModeRule.java:initializeRule(169)) - Total pipeline count is 0, healthy pipeline threshold count is 0
2023-06-21 21:48:41,710 [main] INFO  safemode.OneReplicaPipelineSafeModeRule (OneReplicaPipelineSafeModeRule.java:initializeRule(180)) - Total pipeline count is 0, pipeline's with at least one datanode reported threshold count is 0
2023-06-21 21:48:41,710 [main] INFO  security.SecretKeyManagerService (SecretKeyManagerService.java:start(143)) - Scheduling rotation checker with interval PT1S
2023-06-21 21:48:41,711 [main] INFO  ha.SCMServiceManager (SCMServiceManager.java:register(42)) - Registering service SecretKeyManagerService.
2023-06-21 21:48:41,712 [main] INFO  authority.DefaultCAServer (DefaultCAServer.java:lambda$processVerificationStatus$0(465)) - CertificateServer validation is successful
2023-06-21 21:48:41,714 [main] INFO  ipc.CallQueueManager (CallQueueManager.java:<init>(90)) - Using callQueue: class java.util.concurrent.LinkedBlockingQueue, queueCapacity: 200, scheduler: class org.apache.hadoop.ipc.DefaultRpcScheduler, ipcBackoff: false.
2023-06-21 21:48:41,718 [Socket Reader #1 for port 15018] INFO  ipc.Server (Server.java:run(1319)) - Starting Socket Reader #1 for port 15018
2023-06-21 21:48:41,720 [Listener at 0.0.0.0/15018] INFO  hdds.HddsUtils (HddsUtils.java:preserveThreadName(848)) - Restoring thread name: main
2023-06-21 21:48:41,721 [main] INFO  ha.SCMServiceManager (SCMServiceManager.java:register(42)) - Registering service RootCARotationManager.
2023-06-21 21:48:41,721 [main] INFO  server.StorageContainerManager (StorageContainerManager.java:<init>(418)) - SCM start with adminUsers: [runner, scm]
2023-06-21 21:48:41,721 [main] INFO  ipc.CallQueueManager (CallQueueManager.java:<init>(90)) - Using callQueue: class java.util.concurrent.LinkedBlockingQueue, queueCapacity: 2000, scheduler: class org.apache.hadoop.ipc.DefaultRpcScheduler, ipcBackoff: false.
2023-06-21 21:48:41,723 [Socket Reader #1 for port 15020] INFO  ipc.Server (Server.java:run(1319)) - Starting Socket Reader #1 for port 15020
2023-06-21 21:48:41,725 [Listener at 0.0.0.0/15020] INFO  hdds.HddsUtils (HddsUtils.java:preserveThreadName(848)) - Restoring thread name: main
2023-06-21 21:48:41,726 [main] INFO  ipc.CallQueueManager (CallQueueManager.java:<init>(90)) - Using callQueue: class java.util.concurrent.LinkedBlockingQueue, queueCapacity: 2000, scheduler: class org.apache.hadoop.ipc.DefaultRpcScheduler, ipcBackoff: false.
2023-06-21 21:48:41,727 [Socket Reader #1 for port 15023] INFO  ipc.Server (Server.java:run(1319)) - Starting Socket Reader #1 for port 15023
2023-06-21 21:48:41,730 [Listener at 0.0.0.0/15023] INFO  hdds.HddsUtils (HddsUtils.java:preserveThreadName(848)) - Restoring thread name: main
2023-06-21 21:48:41,739 [main] INFO  ipc.CallQueueManager (CallQueueManager.java:<init>(90)) - Using callQueue: class java.util.concurrent.LinkedBlockingQueue, queueCapacity: 2000, scheduler: class org.apache.hadoop.ipc.DefaultRpcScheduler, ipcBackoff: false.
2023-06-21 21:48:41,740 [Socket Reader #1 for port 15021] INFO  ipc.Server (Server.java:run(1319)) - Starting Socket Reader #1 for port 15021
2023-06-21 21:48:41,743 [Listener at 0.0.0.0/15021] INFO  hdds.HddsUtils (HddsUtils.java:preserveThreadName(848)) - Restoring thread name: main
2023-06-21 21:48:41,760 [main] INFO  ha.SCMServiceManager (SCMServiceManager.java:register(42)) - Registering service ContainerBalancer.
2023-06-21 21:48:41,761 [main] INFO  server.StorageContainerManager (StorageContainerManager.java:<init>(431)) - 
Container Balancer status:
Key                            Value
Running                        false
Container Balancer Configuration values:
Key                                                Value
Threshold                                          10
Max Datanodes to Involve per Iteration(percent)    20
Max Size to Move per Iteration                     500GB
Max Size Entering Target per Iteration             26GB
Max Size Leaving Source per Iteration              26GB

2023-06-21 21:48:41,761 [main] INFO  ha.SCMContext (SCMContext.java:updateSafeModeStatus(228)) - Update SafeModeStatus from SafeModeStatus{safeModeStatus=true, preCheckPassed=false} to SafeModeStatus{safeModeStatus=true, preCheckPassed=false}.
2023-06-21 21:48:41,763 [main] INFO  ozone.MiniOzoneHAClusterImpl (MiniOzoneHAClusterImpl.java:createSCMService(588)) - Intialized SCM at /0.0.0.0:15021. This SCM is currently inactive (not running).
2023-06-21 21:48:41,770 [main] WARN  server.ServerUtils (ServerUtils.java:getDBPath(311)) - ozone.om.db.dirs is not configured. We recommend adding this setting. Falling back to ozone.metadata.dirs instead.
2023-06-21 21:48:41,836 [main] INFO  audit.AuditLogger (AuditLogger.java:refreshDebugCmdSet(126)) - Refresh DebugCmdSet for OMAudit to [].
2023-06-21 21:48:41,886 [main] INFO  om.OzoneManager (OzoneManager.java:initializeSecurity(1356)) - Initializing secure OzoneManager.
2023-06-21 21:48:41,889 [main] WARN  security.OMCertificateClient (DefaultCertificateClient.java:loadAllCertificates(161)) - Certificates could not be loaded.
java.nio.file.NoSuchFileException: /home/runner/work/ozone/ozone/hadoop-ozone/integration-test/target/test-dir/MiniOzoneClusterImpl-ed2e7ec8-c199-49a5-9fff-29e1d18647c8/ozone-meta/om/certs
	at sun.nio.fs.UnixException.translateToIOException(UnixException.java:86)
	at sun.nio.fs.UnixException.rethrowAsIOException(UnixException.java:102)
	at sun.nio.fs.UnixException.rethrowAsIOException(UnixException.java:107)
	at sun.nio.fs.UnixFileSystemProvider.newDirectoryStream(UnixFileSystemProvider.java:427)
	at java.nio.file.Files.newDirectoryStream(Files.java:457)
	at java.nio.file.Files.list(Files.java:3451)
	at org.apache.hadoop.hdds.security.x509.certificate.client.DefaultCertificateClient.loadAllCertificates(DefaultCertificateClient.java:156)
	at org.apache.hadoop.hdds.security.x509.certificate.client.DefaultCertificateClient.updateCertSerialId(DefaultCertificateClient.java:1206)
	at org.apache.hadoop.hdds.security.x509.certificate.client.DefaultCertificateClient.<init>(DefaultCertificateClient.java:148)
	at org.apache.hadoop.hdds.security.x509.certificate.client.CommonCertificateClient.<init>(CommonCertificateClient.java:43)
	at org.apache.hadoop.ozone.security.OMCertificateClient.<init>(OMCertificateClient.java:67)
	at org.apache.hadoop.ozone.om.OzoneManager.initializeSecurity(OzoneManager.java:1359)
	at org.apache.hadoop.ozone.MiniOzoneClusterImpl$Builder.initializeOmStorage(MiniOzoneClusterImpl.java:790)
	at org.apache.hadoop.ozone.MiniOzoneClusterImpl$Builder.createOM(MiniOzoneClusterImpl.java:808)
	at org.apache.hadoop.ozone.MiniOzoneHAClusterImpl$Builder.createOMService(MiniOzoneHAClusterImpl.java:463)
	at org.apache.hadoop.ozone.MiniOzoneHAClusterImpl$Builder.build(MiniOzoneHAClusterImpl.java:404)
	at org.apache.hadoop.ozone.scm.TestSecretKeySnapshot.init(TestSecretKeySnapshot.java:137)
	at sun.reflect.NativeMethodAccessorImpl.invoke0(Native Method)
	at sun.reflect.NativeMethodAccessorImpl.invoke(NativeMethodAccessorImpl.java:62)
	at sun.reflect.DelegatingMethodAccessorImpl.invoke(DelegatingMethodAccessorImpl.java:43)
	at java.lang.reflect.Method.invoke(Method.java:498)
	at org.junit.platform.commons.util.ReflectionUtils.invokeMethod(ReflectionUtils.java:725)
	at org.junit.jupiter.engine.execution.MethodInvocation.proceed(MethodInvocation.java:60)
	at org.junit.jupiter.engine.execution.InvocationInterceptorChain$ValidatingInvocation.proceed(InvocationInterceptorChain.java:131)
	at org.junit.jupiter.engine.extension.TimeoutExtension.intercept(TimeoutExtension.java:149)
	at org.junit.jupiter.engine.extension.TimeoutExtension.interceptLifecycleMethod(TimeoutExtension.java:126)
	at org.junit.jupiter.engine.extension.TimeoutExtension.interceptBeforeEachMethod(TimeoutExtension.java:76)
	at org.junit.jupiter.engine.execution.ExecutableInvoker$ReflectiveInterceptorCall.lambda$ofVoidMethod$0(ExecutableInvoker.java:115)
	at org.junit.jupiter.engine.execution.ExecutableInvoker.lambda$invoke$0(ExecutableInvoker.java:105)
	at org.junit.jupiter.engine.execution.InvocationInterceptorChain$InterceptedInvocation.proceed(InvocationInterceptorChain.java:106)
	at org.junit.jupiter.engine.execution.InvocationInterceptorChain.proceed(InvocationInterceptorChain.java:64)
	at org.junit.jupiter.engine.execution.InvocationInterceptorChain.chainAndInvoke(InvocationInterceptorChain.java:45)
	at org.junit.jupiter.engine.execution.InvocationInterceptorChain.invoke(InvocationInterceptorChain.java:37)
	at org.junit.jupiter.engine.execution.ExecutableInvoker.invoke(ExecutableInvoker.java:104)
	at org.junit.jupiter.engine.execution.ExecutableInvoker.invoke(ExecutableInvoker.java:98)
	at org.junit.jupiter.engine.descriptor.ClassBasedTestDescriptor.invokeMethodInExtensionContext(ClassBasedTestDescriptor.java:506)
	at org.junit.jupiter.engine.descriptor.ClassBasedTestDescriptor.lambda$synthesizeBeforeEachMethodAdapter$21(ClassBasedTestDescriptor.java:491)
	at org.junit.jupiter.engine.descriptor.TestMethodTestDescriptor.lambda$invokeBeforeEachMethods$3(TestMethodTestDescriptor.java:171)
	at org.junit.jupiter.engine.descriptor.TestMethodTestDescriptor.lambda$invokeBeforeMethodsOrCallbacksUntilExceptionOccurs$6(TestMethodTestDescriptor.java:199)
	at org.junit.platform.engine.support.hierarchical.ThrowableCollector.execute(ThrowableCollector.java:73)
	at org.junit.jupiter.engine.descriptor.TestMethodTestDescriptor.invokeBeforeMethodsOrCallbacksUntilExceptionOccurs(TestMethodTestDescriptor.java:199)
	at org.junit.jupiter.engine.descriptor.TestMethodTestDescriptor.invokeBeforeEachMethods(TestMethodTestDescriptor.java:168)
	at org.junit.jupiter.engine.descriptor.TestMethodTestDescriptor.execute(TestMethodTestDescriptor.java:131)
	at org.junit.jupiter.engine.descriptor.TestMethodTestDescriptor.execute(TestMethodTestDescriptor.java:66)
	at org.junit.platform.engine.support.hierarchical.NodeTestTask.lambda$executeRecursively$6(NodeTestTask.java:151)
	at org.junit.platform.engine.support.hierarchical.ThrowableCollector.execute(ThrowableCollector.java:73)
	at org.junit.platform.engine.support.hierarchical.NodeTestTask.lambda$executeRecursively$8(NodeTestTask.java:141)
	at org.junit.platform.engine.support.hierarchical.Node.around(Node.java:137)
	at org.junit.platform.engine.support.hierarchical.NodeTestTask.lambda$executeRecursively$9(NodeTestTask.java:139)
	at org.junit.platform.engine.support.hierarchical.ThrowableCollector.execute(ThrowableCollector.java:73)
	at org.junit.platform.engine.support.hierarchical.NodeTestTask.executeRecursively(NodeTestTask.java:138)
	at org.junit.platform.engine.support.hierarchical.NodeTestTask.execute(NodeTestTask.java:95)
	at java.util.ArrayList.forEach(ArrayList.java:1259)
	at org.junit.platform.engine.support.hierarchical.SameThreadHierarchicalTestExecutorService.invokeAll(SameThreadHierarchicalTestExecutorService.java:41)
	at org.junit.platform.engine.support.hierarchical.NodeTestTask.lambda$executeRecursively$6(NodeTestTask.java:155)
	at org.junit.platform.engine.support.hierarchical.ThrowableCollector.execute(ThrowableCollector.java:73)
	at org.junit.platform.engine.support.hierarchical.NodeTestTask.lambda$executeRecursively$8(NodeTestTask.java:141)
	at org.junit.platform.engine.support.hierarchical.Node.around(Node.java:137)
	at org.junit.platform.engine.support.hierarchical.NodeTestTask.lambda$executeRecursively$9(NodeTestTask.java:139)
	at org.junit.platform.engine.support.hierarchical.ThrowableCollector.execute(ThrowableCollector.java:73)
	at org.junit.platform.engine.support.hierarchical.NodeTestTask.executeRecursively(NodeTestTask.java:138)
	at org.junit.platform.engine.support.hierarchical.NodeTestTask.execute(NodeTestTask.java:95)
	at java.util.ArrayList.forEach(ArrayList.java:1259)
	at org.junit.platform.engine.support.hierarchical.SameThreadHierarchicalTestExecutorService.invokeAll(SameThreadHierarchicalTestExecutorService.java:41)
	at org.junit.platform.engine.support.hierarchical.NodeTestTask.lambda$executeRecursively$6(NodeTestTask.java:155)
	at org.junit.platform.engine.support.hierarchical.ThrowableCollector.execute(ThrowableCollector.java:73)
	at org.junit.platform.engine.support.hierarchical.NodeTestTask.lambda$executeRecursively$8(NodeTestTask.java:141)
	at org.junit.platform.engine.support.hierarchical.Node.around(Node.java:137)
	at org.junit.platform.engine.support.hierarchical.NodeTestTask.lambda$executeRecursively$9(NodeTestTask.java:139)
	at org.junit.platform.engine.support.hierarchical.ThrowableCollector.execute(ThrowableCollector.java:73)
	at org.junit.platform.engine.support.hierarchical.NodeTestTask.executeRecursively(NodeTestTask.java:138)
	at org.junit.platform.engine.support.hierarchical.NodeTestTask.execute(NodeTestTask.java:95)
	at org.junit.platform.engine.support.hierarchical.SameThreadHierarchicalTestExecutorService.submit(SameThreadHierarchicalTestExecutorService.java:35)
	at org.junit.platform.engine.support.hierarchical.HierarchicalTestExecutor.execute(HierarchicalTestExecutor.java:57)
	at org.junit.platform.engine.support.hierarchical.HierarchicalTestEngine.execute(HierarchicalTestEngine.java:54)
	at org.junit.platform.launcher.core.EngineExecutionOrchestrator.execute(EngineExecutionOrchestrator.java:107)
	at org.junit.platform.launcher.core.EngineExecutionOrchestrator.execute(EngineExecutionOrchestrator.java:88)
	at org.junit.platform.launcher.core.EngineExecutionOrchestrator.lambda$execute$0(EngineExecutionOrchestrator.java:54)
	at org.junit.platform.launcher.core.EngineExecutionOrchestrator.withInterceptedStreams(EngineExecutionOrchestrator.java:67)
	at org.junit.platform.launcher.core.EngineExecutionOrchestrator.execute(EngineExecutionOrchestrator.java:52)
	at org.junit.platform.launcher.core.DefaultLauncher.execute(DefaultLauncher.java:114)
	at org.junit.platform.launcher.core.DefaultLauncher.execute(DefaultLauncher.java:86)
	at org.junit.platform.launcher.core.DefaultLauncherSession$DelegatingLauncher.execute(DefaultLauncherSession.java:86)
	at org.junit.platform.launcher.core.SessionPerRequestLauncher.execute(SessionPerRequestLauncher.java:53)
	at org.apache.maven.surefire.junitplatform.JUnitPlatformProvider.execute(JUnitPlatformProvider.java:188)
	at org.apache.maven.surefire.junitplatform.JUnitPlatformProvider.invokeAllTests(JUnitPlatformProvider.java:154)
	at org.apache.maven.surefire.junitplatform.JUnitPlatformProvider.invoke(JUnitPlatformProvider.java:124)
	at org.apache.maven.surefire.booter.ForkedBooter.runSuitesInProcess(ForkedBooter.java:428)
	at org.apache.maven.surefire.booter.ForkedBooter.execute(ForkedBooter.java:162)
	at org.apache.maven.surefire.booter.ForkedBooter.run(ForkedBooter.java:562)
	at org.apache.maven.surefire.booter.ForkedBooter.main(ForkedBooter.java:548)
2023-06-21 21:48:41,902 [main] INFO  om.OzoneManager (OzoneManager.java:getOmDetailsProto(4487)) - OzoneManager ports added:[name: "RPC"
value: 15036
]
2023-06-21 21:48:41,902 [main] ERROR security.OMCertificateClient (DefaultCertificateClient.java:getCertPath(319)) - Default certificate serial id is not set. Can't locate the default certificate for this client.
2023-06-21 21:48:41,902 [main] INFO  security.OMCertificateClient (DefaultCertificateClient.java:init(692)) - Certificate client init case: 0
2023-06-21 21:48:41,903 [main] INFO  security.OMCertificateClient (CommonCertificateClient.java:handleCase(67)) - Creating keypair for client as keypair and certificate not found.
2023-06-21 21:48:42,007 [main] INFO  om.OzoneManager (OzoneManager.java:initializeSecurity(1371)) - Init response: GETCERT
2023-06-21 21:48:42,008 [main] INFO  ozone.OzoneSecurityUtil (OzoneSecurityUtil.java:getValidInetsForCurrentHost(119)) - ip:fe80:0:0:0:6245:bdff:feb0:498c%eth0 not returned.
2023-06-21 21:48:42,008 [main] INFO  ozone.OzoneSecurityUtil (OzoneSecurityUtil.java:getValidInetsForCurrentHost(116)) - Adding ip:10.1.0.15,host:fv-az1254-726.qtnbswlwlufehe3u4emko3izng.cx.internal.cloudapp.net
2023-06-21 21:48:42,009 [main] INFO  ozone.OzoneSecurityUtil (OzoneSecurityUtil.java:getValidInetsForCurrentHost(119)) - ip:0:0:0:0:0:0:0:1%lo not returned.
2023-06-21 21:48:42,009 [main] INFO  ozone.OzoneSecurityUtil (OzoneSecurityUtil.java:getValidInetsForCurrentHost(119)) - ip:127.0.0.1 not returned.
2023-06-21 21:48:42,015 [main] INFO  ha.OMHANodeDetails (OMHANodeDetails.java:loadOMHAConfig(115)) - ozone.om.internal.service.id is not defined, falling back to ozone.om.service.ids to find serviceID for OzoneManager if it is HA enabled cluster
2023-06-21 21:48:42,016 [main] INFO  ha.OMHANodeDetails (OMHANodeDetails.java:loadOMHAConfig(226)) - Configuration does not have ozone.om.address set. Falling back to the default OM address /127.0.0.1:15036
2023-06-21 21:48:42,016 [main] INFO  ha.OMHANodeDetails (OMHANodeDetails.java:getOMNodeDetailsForNonHA(254)) - OM Service ID is not set. Setting it to the default ID: omServiceIdDefault
2023-06-21 21:48:42,016 [main] INFO  ha.OMHANodeDetails (OMHANodeDetails.java:getOMNodeDetailsForNonHA(261)) - OM Node ID is not set. Setting it to the default ID: om1
2023-06-21 21:48:42,018 [main] INFO  security.OMCertificateClient (OMCertificateClient.java:getCSRBuilder(117)) - Creating csr for OM->dns:localhost,ip:127.0.0.1,scmId:0f94623b-b79c-42a0-9d32-1f8e000acde6,clusterId:ed2e7ec8-c199-49a5-9fff-29e1d18647c8,subject:scm@localhost
2023-06-21 21:48:42,021 [main] INFO  ha.SCMNodeInfo (SCMNodeInfo.java:getPort(197)) - ConfigKey ozone.scm.client.address is deprecated, For configuring different ports for each SCM use PortConfigKey ozone.scm.client.port appended with serviceId and nodeId
2023-06-21 21:48:42,022 [main] INFO  ha.SCMNodeInfo (SCMNodeInfo.java:getPort(197)) - ConfigKey ozone.scm.block.client.address is deprecated, For configuring different ports for each SCM use PortConfigKey ozone.scm.block.client.port appended with serviceId and nodeId
2023-06-21 21:48:42,022 [main] INFO  ha.SCMNodeInfo (SCMNodeInfo.java:getPort(197)) - ConfigKey ozone.scm.security.service.address is deprecated, For configuring different ports for each SCM use PortConfigKey ozone.scm.security.service.port appended with serviceId and nodeId
2023-06-21 21:48:42,022 [main] INFO  ha.SCMNodeInfo (SCMNodeInfo.java:getPort(197)) - ConfigKey ozone.scm.datanode.address is deprecated, For configuring different ports for each SCM use PortConfigKey ozone.scm.datanode.port appended with serviceId and nodeId
2023-06-21 21:48:42,022 [main] INFO  ha.SCMNodeInfo (SCMNodeInfo.java:getPort(197)) - ConfigKey ozone.scm.client.address is deprecated, For configuring different ports for each SCM use PortConfigKey ozone.scm.client.port appended with serviceId and nodeId
2023-06-21 21:48:42,022 [main] INFO  ha.SCMNodeInfo (SCMNodeInfo.java:getPort(197)) - ConfigKey ozone.scm.block.client.address is deprecated, For configuring different ports for each SCM use PortConfigKey ozone.scm.block.client.port appended with serviceId and nodeId
2023-06-21 21:48:42,022 [main] INFO  ha.SCMNodeInfo (SCMNodeInfo.java:getPort(197)) - ConfigKey ozone.scm.security.service.address is deprecated, For configuring different ports for each SCM use PortConfigKey ozone.scm.security.service.port appended with serviceId and nodeId
2023-06-21 21:48:42,022 [main] INFO  ha.SCMNodeInfo (SCMNodeInfo.java:getPort(197)) - ConfigKey ozone.scm.datanode.address is deprecated, For configuring different ports for each SCM use PortConfigKey ozone.scm.datanode.port appended with serviceId and nodeId
2023-06-21 21:48:42,022 [main] INFO  ha.SCMNodeInfo (SCMNodeInfo.java:getPort(197)) - ConfigKey ozone.scm.client.address is deprecated, For configuring different ports for each SCM use PortConfigKey ozone.scm.client.port appended with serviceId and nodeId
2023-06-21 21:48:42,023 [main] INFO  ha.SCMNodeInfo (SCMNodeInfo.java:getPort(197)) - ConfigKey ozone.scm.block.client.address is deprecated, For configuring different ports for each SCM use PortConfigKey ozone.scm.block.client.port appended with serviceId and nodeId
2023-06-21 21:48:42,023 [main] INFO  ha.SCMNodeInfo (SCMNodeInfo.java:getPort(197)) - ConfigKey ozone.scm.security.service.address is deprecated, For configuring different ports for each SCM use PortConfigKey ozone.scm.security.service.port appended with serviceId and nodeId
2023-06-21 21:48:42,023 [main] INFO  ha.SCMNodeInfo (SCMNodeInfo.java:getPort(197)) - ConfigKey ozone.scm.datanode.address is deprecated, For configuring different ports for each SCM use PortConfigKey ozone.scm.datanode.port appended with serviceId and nodeId
2023-06-21 21:48:42,032 [pool-2-thread-1] INFO  request.TgsRequest (TgsRequest.java:issueTicket(115)) - TGS_REQ ISSUE: authtime 1687384122031,scm/fv-az1254-726.qtnbswlwlufehe3u4emko3izng.cx.internal.cloudapp.net for scm/fv-az1254-726.qtnbswlwlufehe3u4emko3izng.cx.internal.cloudapp.net@EXAMPLE.COM
2023-06-21 21:48:42,051 [Socket Reader #1 for port 15002] INFO  ipc.Server (Server.java:saslProcess(2116)) - Auth successful for scm/fv-az1254-726.qtnbswlwlufehe3u4emko3izng.cx.internal.cloudapp.net@EXAMPLE.COM (auth:KERBEROS) from 10.1.0.15:37513
2023-06-21 21:48:42,059 [IPC Server handler 0 on default port 15002] INFO  server.SCMSecurityProtocolServer (SCMSecurityProtocolServer.java:getOMCertificate(257)) - Processing CSR for om localhost, UUID: 60b5e545-d826-4c92-abde-5972ad25c990
2023-06-21 21:48:42,090 [main] INFO  security.OMCertificateClient (DefaultCertificateClient.java:readCertificateFile(196)) - Added certificate   [0]         Version: 3
         SerialNumber: 1699472678288
             IssuerDN: CN=scm@fv-az1254-726,OU=6554ba57-669d-4c9f-91d9-11f4838b8a27,O=ed2e7ec8-c199-49a5-9fff-29e1d18647c8
           Start Date: Wed Jun 21 21:48:21 UTC 2023
           Final Date: Sat Jul 29 21:48:21 UTC 2028
            SubjectDN: CN=scm-sub@localhost,OU=6554ba57-669d-4c9f-91d9-11f4838b8a27,O=ed2e7ec8-c199-49a5-9fff-29e1d18647c8
           Public Key: RSA Public Key [ad:e4:f8:74:1b:79:64:ac:79:2c:d2:61:79:95:5d:4a:cc:5e:da:72],[56:66:d1:a4]
        modulus: a1fc53ac09e2ae2c6559a78021630c8a4a88dec243eba21687d367c3767c066ca364c3e21f60735e7cfd73287b23d3383b41bbe7b17f7b46ec83cfe19fff045065d7009c0c026aa855b54ba4ec36934b9d6643b3e311537e5311107b42f56dfb00565f121e8a750df72e66a27d9897a88aae199e8e8a8356003515073fbd1dc6e112810ed9e231fee847a486d8dd4bb7ae06bb8729574793847d5b29d4feaa55936d86036fe17ceef9f7e12d5eb025c37f7012ee82a81faa0f18705ac0df8a85ae9ef50ce66fc00494a920405eb3ac1e28fc65b8d910bac4b5ffff20e4470a18c0fe1ac7bbaa16de8fed58184ed9e7b6bca66561f69e7b9a4668d0dd6fdda52b
public exponent: 10001

  Signature Algorithm: SHA256WITHRSA
            Signature: 4a6b0fb3fc4de60ed525f7e5e21d0fa5169ca857
                       e657339964d32017319668d724d2de705c73069e
                       4b0ec371a0f0650f1912badba46f12d603a7baf3
                       afb9b414325ec81948abf20d09ae8c52d6691dba
                       708744315dcd754a4a991e068e45f882d74411e7
                       1bd8f63285c95d1a1b9362840be0db2e848c72bd
                       e38116bc2d511d8bdda9368ec58dee4a3d090308
                       908d608100038e2c5752681994b8e4fc0731c8b6
                       6e326faa21ab29317dc17fae3666e7ab8d685055
                       46db6d5dc613b7a8e0ddd708044efbcb0a9e49c8
                       07800926e2c94bc07f7395dd0c7e1f7babd1b4fc
                       444a64c86ac2a0eb2911ba3fddc04a18979acbc9
                       c10c4d503cdac5ae7d7da7d9c2f4602b
       Extensions: 
                       critical(false) 2.5.29.17 value = Sequence
    Tagged [7] IMPLICIT 
        DER Octet String[4] 
    Tagged [2] IMPLICIT 
        DER Octet String[65] 

                       critical(true) BasicConstraints: isCa(true)
                       critical(true) KeyUsage: 0xbe
 from file: /home/runner/work/ozone/ozone/hadoop-ozone/integration-test/target/test-dir/MiniOzoneClusterImpl-ed2e7ec8-c199-49a5-9fff-29e1d18647c8/ozone-meta/om/certs/CA-1699472678288.crt.
2023-06-21 21:48:42,093 [main] INFO  security.OMCertificateClient (DefaultCertificateClient.java:readCertificateFile(196)) - Added certificate   [0]         Version: 3
         SerialNumber: 1720186049166
             IssuerDN: CN=scm-sub@localhost,OU=6554ba57-669d-4c9f-91d9-11f4838b8a27,O=ed2e7ec8-c199-49a5-9fff-29e1d18647c8
           Start Date: Wed Jun 21 21:48:42 UTC 2023
           Final Date: Thu Jun 20 21:48:42 UTC 2024
            SubjectDN: CN=scm@localhost,OU=0f94623b-b79c-42a0-9d32-1f8e000acde6,O=ed2e7ec8-c199-49a5-9fff-29e1d18647c8
           Public Key: RSA Public Key [69:80:1a:12:5e:53:aa:37:f7:28:7d:98:21:74:6b:4d:13:22:e1:c5],[56:66:d1:a4]
        modulus: 98ae9d8983166b39ddc32833b8769c4b4b634be1636a979eb92ad5d1ab0f9f32a623c624c5c451ed2609f0d19bde4317c769198ee6ac802f2d502c181f14a8e1f3b7d040cedd972b8720d58089671403ad48dc5a9e1b4f31a49f3bde3621f839b78f6660012b8a9ee6e4518c06550ca3349ae350cd1d663f94fea93526a52c6733fd4d97191d7373f1cfedb795ab97ac4cf076df68bd07c196db870e4dc8d553a57949b664305beaeab30188f8ac586dcc11ca199039dbeb83e28088fe08c8a9cd7567fe0fe0849a047a7ae0063e09ded76809fdc0abeeb4854a7ccf07aaaac3c1712eb31969d2e0811a64a448d7b57c8bef697a36ae9297aff65febf49bd031
public exponent: 10001

  Signature Algorithm: SHA256WITHRSA
            Signature: 02ca37d5a4f4e138c010b5c06f27a835e5804f83
                       314674273a1970740277bde424ebd01a6b2fa000
                       29ed495b6ef85b40f5335bbbff6efb5825f1be97
                       d28a2df14f58ebf3fc8738a950570fde9f1310ea
                       3bc7be6fad8a26b638cb00bee3eb1bdcb446c702
                       0d8d6cbf63c4a37ef933808e7eb246475ec3676e
                       6424147fefd0cd8dc22bdcfbf8f2046e0d18d590
                       f7b30a2fb14eb970c81da553f0d3a448a0f2a371
                       a1914f74ed177e50fb0f02941a301189a332c4bf
                       ffedd43824974aafd92398c1ca6bd17cc50573ce
                       044965355162ff3d495e72bb8cda840296396c82
                       6fc1e3c074b3cfe10a4ba6f8dde4538a6ae2bb93
                       00da2ec49191a2e4699068c3faa4b81e
       Extensions: 
                       critical(false) 2.5.29.17 value = Sequence
    Tagged [7] IMPLICIT 
        DER Octet String[4] 
    Tagged [2] IMPLICIT 
        DER Octet String[65] 
    Tagged [0] IMPLICIT 
        Sequence
            ObjectIdentifier(2.16.840.1.113730.3.1.34)
            Tagged [0]
                UTF8String(omServiceIdDefault) 

                       critical(true) KeyUsage: 0xb8
 from file: /home/runner/work/ozone/ozone/hadoop-ozone/integration-test/target/test-dir/MiniOzoneClusterImpl-ed2e7ec8-c199-49a5-9fff-29e1d18647c8/ozone-meta/om/certs/1720186049166.crt.
2023-06-21 21:48:42,096 [main] INFO  security.OMCertificateClient (DefaultCertificateClient.java:readCertificateFile(196)) - Added certificate   [0]         Version: 3
         SerialNumber: 1
             IssuerDN: CN=scm@fv-az1254-726,OU=6554ba57-669d-4c9f-91d9-11f4838b8a27,O=ed2e7ec8-c199-49a5-9fff-29e1d18647c8
           Start Date: Wed Jun 21 21:48:21 UTC 2023
           Final Date: Sat Jul 29 21:48:21 UTC 2028
            SubjectDN: CN=scm@fv-az1254-726,OU=6554ba57-669d-4c9f-91d9-11f4838b8a27,O=ed2e7ec8-c199-49a5-9fff-29e1d18647c8
           Public Key: RSA Public Key [2c:69:cf:f0:97:04:f0:3a:8f:0a:03:f1:15:41:9a:6b:a5:20:dd:c3],[56:66:d1:a4]
        modulus: b1f5f5b26f58524b7ceed6238c0164a5e0f68098a1de78efe7e2da0c2ace7ff8d95263670ba7e1a50644c44bda98847aa50c9dafdfcf632b99049d2b1508be1124636d6a04296e0ce8b17d5d738257052a223bff56eaf694c00a2b8cf407ea19d1ee979ef47c1244cd0f11f8b4792dd90ba0766388a71115590b22d31ee03f7777a70eba99354a80f4fe6c18a7e74a117b6cb3abff4bca0e6efcce343ba87e1b11dbbb5c9f2182cebf68ec58dc3390168a1996a6213d9ef111dba5bd5b58cc1c6e66f69c283927fa28c7d0427068ef3e60b8300ac329f21ff07f20e7b1e445ae13bf8835c969264fa2e3fdd99dcd3f41cc2471454d3d13fdc8ecb3c62eaf6b85
public exponent: 10001

  Signature Algorithm: SHA256WITHRSA
            Signature: 71be930adf6a02910a64fc3feb2c03f96bae97bb
                       086294776abaea75db0be6fae57978872a4291dd
                       c640dae516800bd462ca54680da0e03172ad789a
                       69ccac790180ffa2b195c2913b00d90d0cbcf4a4
                       8c92284415b78e4e7b2342ca6575569252f6bddb
                       fd8ff046cb759c68cf349310d181e813cfd33c93
                       8b21d11e8302a7cfbc735e7aeb0da2ee7bf413d2
                       ad2502a16ad0a1ad96a720ba487e9a0f25e37b4c
                       3394a50c4336345c4395cc3e1f8068ab76b8a358
                       3fbc8f031a5e67a29032424b4f1feb4cd8cdf663
                       4f075ee1ebd546d2ea1fd1e09a6a14340e174f0c
                       f6baa29edf6c54090c18705dc24c7859ba9a706c
                       476df4ad77011b72f9e4b80082c2a819
       Extensions: 
                       critical(true) BasicConstraints: isCa(true)
                       critical(true) KeyUsage: 0x6
                       critical(false) 2.5.29.17 value = Sequence
    Tagged [7] IMPLICIT 
        DER Octet String[4] 
    Tagged [2] IMPLICIT 
        DER Octet String[65] 

 from file: /home/runner/work/ozone/ozone/hadoop-ozone/integration-test/target/test-dir/MiniOzoneClusterImpl-ed2e7ec8-c199-49a5-9fff-29e1d18647c8/ozone-meta/om/certs/ROOTCA-1.crt.
2023-06-21 21:48:42,102 [main] INFO  security.OMCertificateClient (DefaultCertificateClient.java:startCertificateMonitor(1260)) - CertificateLifetimeMonitor for om is started with first delay 29116799904 ms and interval 86400000 ms.
2023-06-21 21:48:42,102 [main] INFO  om.OzoneManager (OzoneManager.java:initializeSecurity(1381)) - Successfully stored SCM signed certificate.
2023-06-21 21:48:42,106 [main] INFO  ha.OMHANodeDetails (OMHANodeDetails.java:loadOMHAConfig(115)) - ozone.om.internal.service.id is not defined, falling back to ozone.om.service.ids to find serviceID for OzoneManager if it is HA enabled cluster
2023-06-21 21:48:42,106 [main] INFO  ha.OMHANodeDetails (OMHANodeDetails.java:loadOMHAConfig(226)) - Configuration does not have ozone.om.address set. Falling back to the default OM address /127.0.0.1:15036
2023-06-21 21:48:42,107 [main] INFO  ha.OMHANodeDetails (OMHANodeDetails.java:getOMNodeDetailsForNonHA(254)) - OM Service ID is not set. Setting it to the default ID: omServiceIdDefault
2023-06-21 21:48:42,107 [main] INFO  ha.OMHANodeDetails (OMHANodeDetails.java:getOMNodeDetailsForNonHA(261)) - OM Node ID is not set. Setting it to the default ID: om1
2023-06-21 21:48:42,107 [main] WARN  server.ServerUtils (ServerUtils.java:getDBPath(311)) - ozone.om.db.dirs is not configured. We recommend adding this setting. Falling back to ozone.metadata.dirs instead.
2023-06-21 21:48:42,111 [main] INFO  upgrade.AbstractLayoutVersionManager (AbstractLayoutVersionManager.java:init(83)) - Initializing Layout version manager with metadata layout = QUOTA (version = 6), software layout = QUOTA (version = 6)
2023-06-21 21:48:42,261 [main] INFO  reflections.Reflections (Reflections.java:scan(232)) - Reflections took 147 ms to scan 2 urls, producing 180 keys and 501 values [using 2 cores]
2023-06-21 21:48:42,269 [main] INFO  upgrade.OMLayoutVersionManager (OMLayoutVersionManager.java:lambda$0(115)) - Skipping Upgrade Action QuotaRepairUpgradeAction since it has been finalized.
2023-06-21 21:48:42,272 [main] INFO  upgrade.OMLayoutVersionManager (OMLayoutVersionManager.java:lambda$0(115)) - Skipping Upgrade Action MockOmUpgradeAction since it has been finalized.
2023-06-21 21:48:42,278 [pool-2-thread-1] INFO  request.KdcRequest (KdcRequest.java:preauth(651)) - The preauth data is empty.
2023-06-21 21:48:42,280 [pool-2-thread-1] INFO  server.KdcHandler (KdcHandler.java:handleRecoverableException(177)) - KRB error occurred while processing request:Additional pre-authentication required
2023-06-21 21:48:42,284 [pool-2-thread-1] INFO  request.AsRequest (AsRequest.java:issueTicket(112)) - AS_REQ ISSUE: authtime 1687384122284,scm/fv-az1254-726.qtnbswlwlufehe3u4emko3izng.cx.internal.cloudapp.net@EXAMPLE.COM for krbtgt/EXAMPLE.COM@EXAMPLE.COM
2023-06-21 21:48:42,287 [main] INFO  security.UserGroupInformation (UserGroupInformation.java:loginUserFromKeytab(1132)) - Login successful for user scm/fv-az1254-726.qtnbswlwlufehe3u4emko3izng.cx.internal.cloudapp.net@EXAMPLE.COM using keytab file scm.keytab. Keytab auto renewal enabled : false
2023-06-21 21:48:42,287 [main] INFO  om.OzoneManager (OzoneManager.java:loginOMUser(1135)) - Ozone Manager login successful.
2023-06-21 21:48:42,287 [main] WARN  server.ServerUtils (ServerUtils.java:getDBPath(311)) - ozone.om.db.dirs is not configured. We recommend adding this setting. Falling back to ozone.metadata.dirs instead.
2023-06-21 21:48:42,303 [main] INFO  ha.SCMNodeInfo (SCMNodeInfo.java:getPort(197)) - ConfigKey ozone.scm.client.address is deprecated, For configuring different ports for each SCM use PortConfigKey ozone.scm.client.port appended with serviceId and nodeId
2023-06-21 21:48:42,303 [main] INFO  ha.SCMNodeInfo (SCMNodeInfo.java:getPort(197)) - ConfigKey ozone.scm.block.client.address is deprecated, For configuring different ports for each SCM use PortConfigKey ozone.scm.block.client.port appended with serviceId and nodeId
2023-06-21 21:48:42,303 [main] INFO  ha.SCMNodeInfo (SCMNodeInfo.java:getPort(197)) - ConfigKey ozone.scm.security.service.address is deprecated, For configuring different ports for each SCM use PortConfigKey ozone.scm.security.service.port appended with serviceId and nodeId
2023-06-21 21:48:42,303 [main] INFO  ha.SCMNodeInfo (SCMNodeInfo.java:getPort(197)) - ConfigKey ozone.scm.datanode.address is deprecated, For configuring different ports for each SCM use PortConfigKey ozone.scm.datanode.port appended with serviceId and nodeId
2023-06-21 21:48:42,304 [main] INFO  ha.SCMNodeInfo (SCMNodeInfo.java:getPort(197)) - ConfigKey ozone.scm.client.address is deprecated, For configuring different ports for each SCM use PortConfigKey ozone.scm.client.port appended with serviceId and nodeId
2023-06-21 21:48:42,305 [main] INFO  ha.SCMNodeInfo (SCMNodeInfo.java:getPort(197)) - ConfigKey ozone.scm.block.client.address is deprecated, For configuring different ports for each SCM use PortConfigKey ozone.scm.block.client.port appended with serviceId and nodeId
2023-06-21 21:48:42,305 [main] INFO  ha.SCMNodeInfo (SCMNodeInfo.java:getPort(197)) - ConfigKey ozone.scm.security.service.address is deprecated, For configuring different ports for each SCM use PortConfigKey ozone.scm.security.service.port appended with serviceId and nodeId
2023-06-21 21:48:42,306 [main] INFO  ha.SCMNodeInfo (SCMNodeInfo.java:getPort(197)) - ConfigKey ozone.scm.datanode.address is deprecated, For configuring different ports for each SCM use PortConfigKey ozone.scm.datanode.port appended with serviceId and nodeId
2023-06-21 21:48:42,306 [main] INFO  ha.SCMNodeInfo (SCMNodeInfo.java:getPort(197)) - ConfigKey ozone.scm.client.address is deprecated, For configuring different ports for each SCM use PortConfigKey ozone.scm.client.port appended with serviceId and nodeId
2023-06-21 21:48:42,306 [main] INFO  ha.SCMNodeInfo (SCMNodeInfo.java:getPort(197)) - ConfigKey ozone.scm.block.client.address is deprecated, For configuring different ports for each SCM use PortConfigKey ozone.scm.block.client.port appended with serviceId and nodeId
2023-06-21 21:48:42,306 [main] INFO  ha.SCMNodeInfo (SCMNodeInfo.java:getPort(197)) - ConfigKey ozone.scm.security.service.address is deprecated, For configuring different ports for each SCM use PortConfigKey ozone.scm.security.service.port appended with serviceId and nodeId
2023-06-21 21:48:42,306 [main] INFO  ha.SCMNodeInfo (SCMNodeInfo.java:getPort(197)) - ConfigKey ozone.scm.datanode.address is deprecated, For configuring different ports for each SCM use PortConfigKey ozone.scm.datanode.port appended with serviceId and nodeId
2023-06-21 21:48:42,428 [main] INFO  ha.SCMNodeInfo (SCMNodeInfo.java:getPort(197)) - ConfigKey ozone.scm.client.address is deprecated, For configuring different ports for each SCM use PortConfigKey ozone.scm.client.port appended with serviceId and nodeId
2023-06-21 21:48:42,428 [main] INFO  ha.SCMNodeInfo (SCMNodeInfo.java:getPort(197)) - ConfigKey ozone.scm.block.client.address is deprecated, For configuring different ports for each SCM use PortConfigKey ozone.scm.block.client.port appended with serviceId and nodeId
2023-06-21 21:48:42,429 [main] INFO  ha.SCMNodeInfo (SCMNodeInfo.java:getPort(197)) - ConfigKey ozone.scm.security.service.address is deprecated, For configuring different ports for each SCM use PortConfigKey ozone.scm.security.service.port appended with serviceId and nodeId
2023-06-21 21:48:42,429 [main] INFO  ha.SCMNodeInfo (SCMNodeInfo.java:getPort(197)) - ConfigKey ozone.scm.datanode.address is deprecated, For configuring different ports for each SCM use PortConfigKey ozone.scm.datanode.port appended with serviceId and nodeId
2023-06-21 21:48:42,429 [main] INFO  ha.SCMNodeInfo (SCMNodeInfo.java:getPort(197)) - ConfigKey ozone.scm.client.address is deprecated, For configuring different ports for each SCM use PortConfigKey ozone.scm.client.port appended with serviceId and nodeId
2023-06-21 21:48:42,429 [main] INFO  ha.SCMNodeInfo (SCMNodeInfo.java:getPort(197)) - ConfigKey ozone.scm.block.client.address is deprecated, For configuring different ports for each SCM use PortConfigKey ozone.scm.block.client.port appended with serviceId and nodeId
2023-06-21 21:48:42,429 [main] INFO  ha.SCMNodeInfo (SCMNodeInfo.java:getPort(197)) - ConfigKey ozone.scm.security.service.address is deprecated, For configuring different ports for each SCM use PortConfigKey ozone.scm.security.service.port appended with serviceId and nodeId
2023-06-21 21:48:42,429 [main] INFO  ha.SCMNodeInfo (SCMNodeInfo.java:getPort(197)) - ConfigKey ozone.scm.datanode.address is deprecated, For configuring different ports for each SCM use PortConfigKey ozone.scm.datanode.port appended with serviceId and nodeId
2023-06-21 21:48:42,429 [main] INFO  ha.SCMNodeInfo (SCMNodeInfo.java:getPort(197)) - ConfigKey ozone.scm.client.address is deprecated, For configuring different ports for each SCM use PortConfigKey ozone.scm.client.port appended with serviceId and nodeId
2023-06-21 21:48:42,429 [main] INFO  ha.SCMNodeInfo (SCMNodeInfo.java:getPort(197)) - ConfigKey ozone.scm.block.client.address is deprecated, For configuring different ports for each SCM use PortConfigKey ozone.scm.block.client.port appended with serviceId and nodeId
2023-06-21 21:48:42,430 [main] INFO  ha.SCMNodeInfo (SCMNodeInfo.java:getPort(197)) - ConfigKey ozone.scm.security.service.address is deprecated, For configuring different ports for each SCM use PortConfigKey ozone.scm.security.service.port appended with serviceId and nodeId
2023-06-21 21:48:42,430 [main] INFO  ha.SCMNodeInfo (SCMNodeInfo.java:getPort(197)) - ConfigKey ozone.scm.datanode.address is deprecated, For configuring different ports for each SCM use PortConfigKey ozone.scm.datanode.port appended with serviceId and nodeId
2023-06-21 21:48:42,431 [main] INFO  proxy.SCMBlockLocationFailoverProxyProvider (SCMBlockLocationFailoverProxyProvider.java:<init>(114)) - Created block location fail-over proxy with 3 nodes: [nodeId=scmNode-2,nodeAddress=/127.0.0.1:15015, nodeId=scmNode-3,nodeAddress=/127.0.0.1:15023, nodeId=scmNode-1,nodeAddress=/127.0.0.1:15007]
2023-06-21 21:48:42,441 [main] INFO  ha.SCMNodeInfo (SCMNodeInfo.java:getPort(197)) - ConfigKey ozone.scm.client.address is deprecated, For configuring different ports for each SCM use PortConfigKey ozone.scm.client.port appended with serviceId and nodeId
2023-06-21 21:48:42,442 [main] INFO  ha.SCMNodeInfo (SCMNodeInfo.java:getPort(197)) - ConfigKey ozone.scm.block.client.address is deprecated, For configuring different ports for each SCM use PortConfigKey ozone.scm.block.client.port appended with serviceId and nodeId
2023-06-21 21:48:42,444 [main] INFO  ha.SCMNodeInfo (SCMNodeInfo.java:getPort(197)) - ConfigKey ozone.scm.security.service.address is deprecated, For configuring different ports for each SCM use PortConfigKey ozone.scm.security.service.port appended with serviceId and nodeId
2023-06-21 21:48:42,444 [main] INFO  ha.SCMNodeInfo (SCMNodeInfo.java:getPort(197)) - ConfigKey ozone.scm.datanode.address is deprecated, For configuring different ports for each SCM use PortConfigKey ozone.scm.datanode.port appended with serviceId and nodeId
2023-06-21 21:48:42,444 [main] INFO  ha.SCMNodeInfo (SCMNodeInfo.java:getPort(197)) - ConfigKey ozone.scm.client.address is deprecated, For configuring different ports for each SCM use PortConfigKey ozone.scm.client.port appended with serviceId and nodeId
2023-06-21 21:48:42,444 [main] INFO  ha.SCMNodeInfo (SCMNodeInfo.java:getPort(197)) - ConfigKey ozone.scm.block.client.address is deprecated, For configuring different ports for each SCM use PortConfigKey ozone.scm.block.client.port appended with serviceId and nodeId
2023-06-21 21:48:42,444 [main] INFO  ha.SCMNodeInfo (SCMNodeInfo.java:getPort(197)) - ConfigKey ozone.scm.security.service.address is deprecated, For configuring different ports for each SCM use PortConfigKey ozone.scm.security.service.port appended with serviceId and nodeId
2023-06-21 21:48:42,445 [main] INFO  ha.SCMNodeInfo (SCMNodeInfo.java:getPort(197)) - ConfigKey ozone.scm.datanode.address is deprecated, For configuring different ports for each SCM use PortConfigKey ozone.scm.datanode.port appended with serviceId and nodeId
2023-06-21 21:48:42,445 [main] INFO  ha.SCMNodeInfo (SCMNodeInfo.java:getPort(197)) - ConfigKey ozone.scm.client.address is deprecated, For configuring different ports for each SCM use PortConfigKey ozone.scm.client.port appended with serviceId and nodeId
2023-06-21 21:48:42,445 [main] INFO  ha.SCMNodeInfo (SCMNodeInfo.java:getPort(197)) - ConfigKey ozone.scm.block.client.address is deprecated, For configuring different ports for each SCM use PortConfigKey ozone.scm.block.client.port appended with serviceId and nodeId
2023-06-21 21:48:42,445 [main] INFO  ha.SCMNodeInfo (SCMNodeInfo.java:getPort(197)) - ConfigKey ozone.scm.security.service.address is deprecated, For configuring different ports for each SCM use PortConfigKey ozone.scm.security.service.port appended with serviceId and nodeId
2023-06-21 21:48:42,445 [main] INFO  ha.SCMNodeInfo (SCMNodeInfo.java:getPort(197)) - ConfigKey ozone.scm.datanode.address is deprecated, For configuring different ports for each SCM use PortConfigKey ozone.scm.datanode.port appended with serviceId and nodeId
2023-06-21 21:48:42,446 [main] INFO  proxy.SCMBlockLocationFailoverProxyProvider (SCMBlockLocationFailoverProxyProvider.java:<init>(114)) - Created block location fail-over proxy with 3 nodes: [nodeId=scmNode-2,nodeAddress=/127.0.0.1:15015, nodeId=scmNode-3,nodeAddress=/127.0.0.1:15023, nodeId=scmNode-1,nodeAddress=/127.0.0.1:15007]
2023-06-21 21:48:42,455 [pool-2-thread-1] INFO  request.TgsRequest (TgsRequest.java:issueTicket(115)) - TGS_REQ ISSUE: authtime 1687384122455,scm/fv-az1254-726.qtnbswlwlufehe3u4emko3izng.cx.internal.cloudapp.net for scm/fv-az1254-726.qtnbswlwlufehe3u4emko3izng.cx.internal.cloudapp.net@EXAMPLE.COM
2023-06-21 21:48:42,470 [Socket Reader #1 for port 15007] INFO  ipc.Server (Server.java:saslProcess(2116)) - Auth successful for scm/fv-az1254-726.qtnbswlwlufehe3u4emko3izng.cx.internal.cloudapp.net@EXAMPLE.COM (auth:KERBEROS) from 10.1.0.15:34615
2023-06-21 21:48:42,498 [main] INFO  security.OMCertificateClient (DefaultCertificateClient.java:readCertificateFile(196)) - Added certificate   [0]         Version: 3
         SerialNumber: 1699472678288
             IssuerDN: CN=scm@fv-az1254-726,OU=6554ba57-669d-4c9f-91d9-11f4838b8a27,O=ed2e7ec8-c199-49a5-9fff-29e1d18647c8
           Start Date: Wed Jun 21 21:48:21 UTC 2023
           Final Date: Sat Jul 29 21:48:21 UTC 2028
            SubjectDN: CN=scm-sub@localhost,OU=6554ba57-669d-4c9f-91d9-11f4838b8a27,O=ed2e7ec8-c199-49a5-9fff-29e1d18647c8
           Public Key: RSA Public Key [ad:e4:f8:74:1b:79:64:ac:79:2c:d2:61:79:95:5d:4a:cc:5e:da:72],[56:66:d1:a4]
        modulus: a1fc53ac09e2ae2c6559a78021630c8a4a88dec243eba21687d367c3767c066ca364c3e21f60735e7cfd73287b23d3383b41bbe7b17f7b46ec83cfe19fff045065d7009c0c026aa855b54ba4ec36934b9d6643b3e311537e5311107b42f56dfb00565f121e8a750df72e66a27d9897a88aae199e8e8a8356003515073fbd1dc6e112810ed9e231fee847a486d8dd4bb7ae06bb8729574793847d5b29d4feaa55936d86036fe17ceef9f7e12d5eb025c37f7012ee82a81faa0f18705ac0df8a85ae9ef50ce66fc00494a920405eb3ac1e28fc65b8d910bac4b5ffff20e4470a18c0fe1ac7bbaa16de8fed58184ed9e7b6bca66561f69e7b9a4668d0dd6fdda52b
public exponent: 10001

  Signature Algorithm: SHA256WITHRSA
            Signature: 4a6b0fb3fc4de60ed525f7e5e21d0fa5169ca857
                       e657339964d32017319668d724d2de705c73069e
                       4b0ec371a0f0650f1912badba46f12d603a7baf3
                       afb9b414325ec81948abf20d09ae8c52d6691dba
                       708744315dcd754a4a991e068e45f882d74411e7
                       1bd8f63285c95d1a1b9362840be0db2e848c72bd
                       e38116bc2d511d8bdda9368ec58dee4a3d090308
                       908d608100038e2c5752681994b8e4fc0731c8b6
                       6e326faa21ab29317dc17fae3666e7ab8d685055
                       46db6d5dc613b7a8e0ddd708044efbcb0a9e49c8
                       07800926e2c94bc07f7395dd0c7e1f7babd1b4fc
                       444a64c86ac2a0eb2911ba3fddc04a18979acbc9
                       c10c4d503cdac5ae7d7da7d9c2f4602b
       Extensions: 
                       critical(false) 2.5.29.17 value = Sequence
    Tagged [7] IMPLICIT 
        DER Octet String[4] 
    Tagged [2] IMPLICIT 
        DER Octet String[65] 

                       critical(true) BasicConstraints: isCa(true)
                       critical(true) KeyUsage: 0xbe
 from file: /home/runner/work/ozone/ozone/hadoop-ozone/integration-test/target/test-dir/MiniOzoneClusterImpl-ed2e7ec8-c199-49a5-9fff-29e1d18647c8/ozone-meta/om/certs/CA-1699472678288.crt.
2023-06-21 21:48:42,502 [main] INFO  security.OMCertificateClient (DefaultCertificateClient.java:readCertificateFile(196)) - Added certificate   [0]         Version: 3
         SerialNumber: 1720186049166
             IssuerDN: CN=scm-sub@localhost,OU=6554ba57-669d-4c9f-91d9-11f4838b8a27,O=ed2e7ec8-c199-49a5-9fff-29e1d18647c8
           Start Date: Wed Jun 21 21:48:42 UTC 2023
           Final Date: Thu Jun 20 21:48:42 UTC 2024
            SubjectDN: CN=scm@localhost,OU=0f94623b-b79c-42a0-9d32-1f8e000acde6,O=ed2e7ec8-c199-49a5-9fff-29e1d18647c8
           Public Key: RSA Public Key [69:80:1a:12:5e:53:aa:37:f7:28:7d:98:21:74:6b:4d:13:22:e1:c5],[56:66:d1:a4]
        modulus: 98ae9d8983166b39ddc32833b8769c4b4b634be1636a979eb92ad5d1ab0f9f32a623c624c5c451ed2609f0d19bde4317c769198ee6ac802f2d502c181f14a8e1f3b7d040cedd972b8720d58089671403ad48dc5a9e1b4f31a49f3bde3621f839b78f6660012b8a9ee6e4518c06550ca3349ae350cd1d663f94fea93526a52c6733fd4d97191d7373f1cfedb795ab97ac4cf076df68bd07c196db870e4dc8d553a57949b664305beaeab30188f8ac586dcc11ca199039dbeb83e28088fe08c8a9cd7567fe0fe0849a047a7ae0063e09ded76809fdc0abeeb4854a7ccf07aaaac3c1712eb31969d2e0811a64a448d7b57c8bef697a36ae9297aff65febf49bd031
public exponent: 10001

  Signature Algorithm: SHA256WITHRSA
            Signature: 02ca37d5a4f4e138c010b5c06f27a835e5804f83
                       314674273a1970740277bde424ebd01a6b2fa000
                       29ed495b6ef85b40f5335bbbff6efb5825f1be97
                       d28a2df14f58ebf3fc8738a950570fde9f1310ea
                       3bc7be6fad8a26b638cb00bee3eb1bdcb446c702
                       0d8d6cbf63c4a37ef933808e7eb246475ec3676e
                       6424147fefd0cd8dc22bdcfbf8f2046e0d18d590
                       f7b30a2fb14eb970c81da553f0d3a448a0f2a371
                       a1914f74ed177e50fb0f02941a301189a332c4bf
                       ffedd43824974aafd92398c1ca6bd17cc50573ce
                       044965355162ff3d495e72bb8cda840296396c82
                       6fc1e3c074b3cfe10a4ba6f8dde4538a6ae2bb93
                       00da2ec49191a2e4699068c3faa4b81e
       Extensions: 
                       critical(false) 2.5.29.17 value = Sequence
    Tagged [7] IMPLICIT 
        DER Octet String[4] 
    Tagged [2] IMPLICIT 
        DER Octet String[65] 
    Tagged [0] IMPLICIT 
        Sequence
            ObjectIdentifier(2.16.840.1.113730.3.1.34)
            Tagged [0]
                UTF8String(omServiceIdDefault) 

                       critical(true) KeyUsage: 0xb8
 from file: /home/runner/work/ozone/ozone/hadoop-ozone/integration-test/target/test-dir/MiniOzoneClusterImpl-ed2e7ec8-c199-49a5-9fff-29e1d18647c8/ozone-meta/om/certs/1720186049166.crt.
2023-06-21 21:48:42,505 [main] INFO  security.OMCertificateClient (DefaultCertificateClient.java:readCertificateFile(196)) - Added certificate   [0]         Version: 3
         SerialNumber: 1
             IssuerDN: CN=scm@fv-az1254-726,OU=6554ba57-669d-4c9f-91d9-11f4838b8a27,O=ed2e7ec8-c199-49a5-9fff-29e1d18647c8
           Start Date: Wed Jun 21 21:48:21 UTC 2023
           Final Date: Sat Jul 29 21:48:21 UTC 2028
            SubjectDN: CN=scm@fv-az1254-726,OU=6554ba57-669d-4c9f-91d9-11f4838b8a27,O=ed2e7ec8-c199-49a5-9fff-29e1d18647c8
           Public Key: RSA Public Key [2c:69:cf:f0:97:04:f0:3a:8f:0a:03:f1:15:41:9a:6b:a5:20:dd:c3],[56:66:d1:a4]
        modulus: b1f5f5b26f58524b7ceed6238c0164a5e0f68098a1de78efe7e2da0c2ace7ff8d95263670ba7e1a50644c44bda98847aa50c9dafdfcf632b99049d2b1508be1124636d6a04296e0ce8b17d5d738257052a223bff56eaf694c00a2b8cf407ea19d1ee979ef47c1244cd0f11f8b4792dd90ba0766388a71115590b22d31ee03f7777a70eba99354a80f4fe6c18a7e74a117b6cb3abff4bca0e6efcce343ba87e1b11dbbb5c9f2182cebf68ec58dc3390168a1996a6213d9ef111dba5bd5b58cc1c6e66f69c283927fa28c7d0427068ef3e60b8300ac329f21ff07f20e7b1e445ae13bf8835c969264fa2e3fdd99dcd3f41cc2471454d3d13fdc8ecb3c62eaf6b85
public exponent: 10001

  Signature Algorithm: SHA256WITHRSA
            Signature: 71be930adf6a02910a64fc3feb2c03f96bae97bb
                       086294776abaea75db0be6fae57978872a4291dd
                       c640dae516800bd462ca54680da0e03172ad789a
                       69ccac790180ffa2b195c2913b00d90d0cbcf4a4
                       8c92284415b78e4e7b2342ca6575569252f6bddb
                       fd8ff046cb759c68cf349310d181e813cfd33c93
                       8b21d11e8302a7cfbc735e7aeb0da2ee7bf413d2
                       ad2502a16ad0a1ad96a720ba487e9a0f25e37b4c
                       3394a50c4336345c4395cc3e1f8068ab76b8a358
                       3fbc8f031a5e67a29032424b4f1feb4cd8cdf663
                       4f075ee1ebd546d2ea1fd1e09a6a14340e174f0c
                       f6baa29edf6c54090c18705dc24c7859ba9a706c
                       476df4ad77011b72f9e4b80082c2a819
       Extensions: 
                       critical(true) BasicConstraints: isCa(true)
                       critical(true) KeyUsage: 0x6
                       critical(false) 2.5.29.17 value = Sequence
    Tagged [7] IMPLICIT 
        DER Octet String[4] 
    Tagged [2] IMPLICIT 
        DER Octet String[65] 

 from file: /home/runner/work/ozone/ozone/hadoop-ozone/integration-test/target/test-dir/MiniOzoneClusterImpl-ed2e7ec8-c199-49a5-9fff-29e1d18647c8/ozone-meta/om/certs/ROOTCA-1.crt.
2023-06-21 21:48:42,506 [main] INFO  security.OMCertificateClient (DefaultCertificateClient.java:startCertificateMonitor(1260)) - CertificateLifetimeMonitor for om is started with first delay 29116799495 ms and interval 86400000 ms.
2023-06-21 21:48:42,507 [main] INFO  om.OzoneManager (OzoneManager.java:getOmDetailsProto(4487)) - OzoneManager ports added:[name: "RPC"
value: 15036
]
2023-06-21 21:48:42,508 [main] INFO  ha.SCMNodeInfo (SCMNodeInfo.java:getPort(197)) - ConfigKey ozone.scm.client.address is deprecated, For configuring different ports for each SCM use PortConfigKey ozone.scm.client.port appended with serviceId and nodeId
2023-06-21 21:48:42,509 [main] INFO  ha.SCMNodeInfo (SCMNodeInfo.java:getPort(197)) - ConfigKey ozone.scm.block.client.address is deprecated, For configuring different ports for each SCM use PortConfigKey ozone.scm.block.client.port appended with serviceId and nodeId
2023-06-21 21:48:42,509 [main] INFO  ha.SCMNodeInfo (SCMNodeInfo.java:getPort(197)) - ConfigKey ozone.scm.security.service.address is deprecated, For configuring different ports for each SCM use PortConfigKey ozone.scm.security.service.port appended with serviceId and nodeId
2023-06-21 21:48:42,509 [main] INFO  ha.SCMNodeInfo (SCMNodeInfo.java:getPort(197)) - ConfigKey ozone.scm.datanode.address is deprecated, For configuring different ports for each SCM use PortConfigKey ozone.scm.datanode.port appended with serviceId and nodeId
2023-06-21 21:48:42,509 [main] INFO  ha.SCMNodeInfo (SCMNodeInfo.java:getPort(197)) - ConfigKey ozone.scm.client.address is deprecated, For configuring different ports for each SCM use PortConfigKey ozone.scm.client.port appended with serviceId and nodeId
2023-06-21 21:48:42,509 [main] INFO  ha.SCMNodeInfo (SCMNodeInfo.java:getPort(197)) - ConfigKey ozone.scm.block.client.address is deprecated, For configuring different ports for each SCM use PortConfigKey ozone.scm.block.client.port appended with serviceId and nodeId
2023-06-21 21:48:42,509 [main] INFO  ha.SCMNodeInfo (SCMNodeInfo.java:getPort(197)) - ConfigKey ozone.scm.security.service.address is deprecated, For configuring different ports for each SCM use PortConfigKey ozone.scm.security.service.port appended with serviceId and nodeId
2023-06-21 21:48:42,509 [main] INFO  ha.SCMNodeInfo (SCMNodeInfo.java:getPort(197)) - ConfigKey ozone.scm.datanode.address is deprecated, For configuring different ports for each SCM use PortConfigKey ozone.scm.datanode.port appended with serviceId and nodeId
2023-06-21 21:48:42,509 [main] INFO  ha.SCMNodeInfo (SCMNodeInfo.java:getPort(197)) - ConfigKey ozone.scm.client.address is deprecated, For configuring different ports for each SCM use PortConfigKey ozone.scm.client.port appended with serviceId and nodeId
2023-06-21 21:48:42,509 [main] INFO  ha.SCMNodeInfo (SCMNodeInfo.java:getPort(197)) - ConfigKey ozone.scm.block.client.address is deprecated, For configuring different ports for each SCM use PortConfigKey ozone.scm.block.client.port appended with serviceId and nodeId
2023-06-21 21:48:42,510 [main] INFO  ha.SCMNodeInfo (SCMNodeInfo.java:getPort(197)) - ConfigKey ozone.scm.security.service.address is deprecated, For configuring different ports for each SCM use PortConfigKey ozone.scm.security.service.port appended with serviceId and nodeId
2023-06-21 21:48:42,510 [main] INFO  ha.SCMNodeInfo (SCMNodeInfo.java:getPort(197)) - ConfigKey ozone.scm.datanode.address is deprecated, For configuring different ports for each SCM use PortConfigKey ozone.scm.datanode.port appended with serviceId and nodeId
2023-06-21 21:48:42,538 [main] INFO  om.OzoneManager (OzoneManager.java:<init>(645)) - OM start with adminUsers: [runner, scm]
2023-06-21 21:48:42,552 [main] WARN  server.ServerUtils (ServerUtils.java:getDBPath(311)) - ozone.om.db.dirs is not configured. We recommend adding this setting. Falling back to ozone.metadata.dirs instead.
2023-06-21 21:48:42,581 [main] INFO  helpers.OmKeyInfo (OmKeyInfo.java:getCodec(71)) - OmKeyInfo.getCodec ignorePipeline = true
2023-06-21 21:48:42,878 [main] INFO  om.OzoneManager (OzoneManager.java:instantiateServices(774)) - S3 Multi-Tenancy is disabled
2023-06-21 21:48:42,889 [main] INFO  security.OzoneSecretStore (OzoneSecretStore.java:loadState(69)) - Loaded 0 tokens
2023-06-21 21:48:42,890 [main] INFO  security.OzoneDelegationTokenSecretManager (OzoneDelegationTokenSecretManager.java:loadTokenSecretState(530)) - Loading token state into token manager.
2023-06-21 21:48:42,912 [main] INFO  om.OmSnapshotManager (OmSnapshotManager.java:<init>(170)) - Ozone filesystem snapshot feature is enabled.
2023-06-21 21:48:42,921 [main] WARN  server.ServerUtils (ServerUtils.java:getDBPath(311)) - ozone.om.snapshot.diff.db.dir is not configured. We recommend adding this setting. Falling back to ozone.metadata.dirs instead.
2023-06-21 21:48:42,957 [main] INFO  utils.NativeLibraryLoader (NativeLibraryLoader.java:loadLibrary(105)) - Loading Library: ozone_rocksdb_tools
2023-06-21 21:48:42,958 [main] INFO  snapshot.SnapshotDiffManager (SnapshotDiffManager.java:closeExecutorService(1421)) - Shutting down executorService: 'SstDumpToolExecutor'
2023-06-21 21:48:43,018 [main] INFO  om.OzoneManager (OzoneManager.java:addS3GVolumeToDB(4238)) - Created Volume s3v With Owner scm required for S3Gateway operations.
2023-06-21 21:48:43,080 [main] WARN  server.ServerUtils (ServerUtils.java:getDefaultRatisDirectory(323)) - Storage directory for Ratis is not configured. It is a good idea to map this to an SSD disk. Falling back to ozone.metadata.dirs
2023-06-21 21:48:43,080 [main] WARN  utils.OzoneManagerRatisUtils (OzoneManagerRatisUtils.java:getOMRatisSnapshotDirectory(461)) - ozone.om.ratis.snapshot.dir is not configured. Falling back to ozone.metadata.dirs config
2023-06-21 21:48:43,085 [main] WARN  impl.MetricRegistriesImpl (MetricRegistriesImpl.java:addReporterRegistration(111)) - New reporters are added after registries were created. Some metrics will be missing from the reporter. Please add reporter before adding any new registry.
2023-06-21 21:48:43,085 [main] WARN  impl.MetricRegistriesImpl (MetricRegistriesImpl.java:addReporterRegistration(111)) - New reporters are added after registries were created. Some metrics will be missing from the reporter. Please add reporter before adding any new registry.
2023-06-21 21:48:43,085 [main] WARN  server.ServerUtils (ServerUtils.java:getDefaultRatisDirectory(323)) - Storage directory for Ratis is not configured. It is a good idea to map this to an SSD disk. Falling back to ozone.metadata.dirs
2023-06-21 21:48:43,088 [main] INFO  ratis.OzoneManagerRatisServer (OzoneManagerRatisServer.java:<init>(163)) - Instantiating OM Ratis server with groupID: omServiceIdDefault and peers: localhost:15039
2023-06-21 21:48:43,092 [main] INFO  ratis.OzoneManagerStateMachine (OzoneManagerStateMachine.java:loadSnapshotInfoFromDB(670)) - LastAppliedIndex is set from TransactionInfo from OM DB as (t:0, i:~)
2023-06-21 21:48:43,127 [main] INFO  server.RaftServer (ConfUtils.java:logGet(46)) - raft.rpc.type = GRPC (default)
2023-06-21 21:48:43,127 [main] INFO  grpc.GrpcConfigKeys (ConfUtils.java:logFallback(53)) - raft.grpc.admin.host = null (fallback to raft.grpc.server.host)
2023-06-21 21:48:43,127 [main] INFO  grpc.GrpcConfigKeys (ConfUtils.java:logFallback(53)) - raft.grpc.admin.port = 15039 (fallback to raft.grpc.server.port)
2023-06-21 21:48:43,127 [main] INFO  grpc.GrpcConfigKeys (ConfUtils.java:logFallback(53)) - raft.grpc.client.host = null (fallback to raft.grpc.server.host)
2023-06-21 21:48:43,128 [main] INFO  grpc.GrpcConfigKeys (ConfUtils.java:logFallback(53)) - raft.grpc.client.port = 15039 (fallback to raft.grpc.server.port)
2023-06-21 21:48:43,128 [main] INFO  grpc.GrpcConfigKeys (ConfUtils.java:logGet(46)) - raft.grpc.server.host = null (default)
2023-06-21 21:48:43,128 [main] INFO  grpc.GrpcConfigKeys (ConfUtils.java:logGet(46)) - raft.grpc.server.port = 15039 (custom)
2023-06-21 21:48:43,128 [main] INFO  server.GrpcService (ConfUtils.java:logGet(46)) - raft.grpc.message.size.max = 33554432 (custom)
2023-06-21 21:48:43,128 [main] INFO  server.RaftServerConfigKeys (ConfUtils.java:logGet(46)) - raft.server.log.appender.buffer.byte-limit = 33554432 (custom)
2023-06-21 21:48:43,128 [main] INFO  server.GrpcService (ConfUtils.java:logGet(46)) - raft.grpc.flow.control.window = 1MB (=1048576) (default)
2023-06-21 21:48:43,128 [main] INFO  server.RaftServerConfigKeys (ConfUtils.java:logGet(46)) - raft.server.rpc.request.timeout = 3000ms (default)
2023-06-21 21:48:43,128 [main] INFO  grpc.GrpcConfigKeys (ConfUtils.java:logGet(46)) - raft.grpc.server.heartbeat.channel = true (default)
2023-06-21 21:48:43,129 [main] INFO  grpc.GrpcConfigKeys (ConfUtils.java:logGet(46)) - raft.grpc.server.async.request.thread.pool.cached = true (default)
2023-06-21 21:48:43,129 [main] INFO  grpc.GrpcConfigKeys (ConfUtils.java:logGet(46)) - raft.grpc.server.async.request.thread.pool.size = 32 (default)
2023-06-21 21:48:43,130 [main] INFO  impl.DataStreamServerImpl (ConfUtils.java:logGet(46)) - raft.datastream.type = DISABLED (default)
2023-06-21 21:48:43,130 [main] INFO  server.RaftServerConfigKeys (ConfUtils.java:logGet(46)) - raft.server.threadpool.proxy.cached = true (default)
2023-06-21 21:48:43,130 [main] INFO  server.RaftServerConfigKeys (ConfUtils.java:logGet(46)) - raft.server.threadpool.proxy.size = 0 (default)
2023-06-21 21:48:43,131 [main] INFO  server.RaftServerConfigKeys (ConfUtils.java:logGet(46)) - raft.server.rpc.slowness.timeout = 2s (custom)
2023-06-21 21:48:43,131 [main] INFO  server.RaftServerConfigKeys (ConfUtils.java:logGet(46)) - raft.server.leaderelection.leader.step-down.wait-time = 10s (default)
2023-06-21 21:48:43,131 [main] INFO  server.RaftServerConfigKeys (ConfUtils.java:logGet(46)) - raft.server.storage.dir = [/home/runner/work/ozone/ozone/hadoop-ozone/integration-test/target/test-dir/MiniOzoneClusterImpl-ed2e7ec8-c199-49a5-9fff-29e1d18647c8/ozone-meta/ratis] (custom)
2023-06-21 21:48:43,134 [main] INFO  server.RaftServer (RaftServerProxy.java:addNew(98)) - om1: addNew group-C5BA1605619E:[om1|rpc:localhost:15039|priority:0|startupRole:FOLLOWER] returns group-C5BA1605619E:java.util.concurrent.CompletableFuture@3a37d3b6[Not completed]
2023-06-21 21:48:43,134 [main] INFO  om.OzoneManager (OzoneManager.java:initializeRatisServer(2107)) - OzoneManager Ratis server initialized at port 15039
2023-06-21 21:48:43,137 [main] INFO  om.OzoneManager (OzoneManager.java:getRpcServer(1167)) - Creating RPC Server
2023-06-21 21:48:43,142 [om1-groupManagement] INFO  server.RaftServer$Division (RaftServerImpl.java:<init>(198)) - om1: new RaftServerImpl for group-C5BA1605619E:[om1|rpc:localhost:15039|priority:0|startupRole:FOLLOWER] with OzoneManagerStateMachine:uninitialized
2023-06-21 21:48:43,144 [om1-groupManagement] INFO  server.RaftServerConfigKeys (ConfUtils.java:logGet(46)) - raft.server.rpc.timeout.min = 1s (custom)
2023-06-21 21:48:43,144 [om1-groupManagement] INFO  server.RaftServerConfigKeys (ConfUtils.java:logGet(46)) - raft.server.rpc.timeout.max = 1200ms (custom)
2023-06-21 21:48:43,144 [om1-groupManagement] INFO  server.RaftServerConfigKeys (ConfUtils.java:logGet(46)) - raft.server.rpc.sleep.time = 25ms (default)
2023-06-21 21:48:43,145 [om1-groupManagement] INFO  server.RaftServerConfigKeys (ConfUtils.java:logGet(46)) - raft.server.rpc.slowness.timeout = 2s (custom)
2023-06-21 21:48:43,145 [om1-groupManagement] INFO  server.RaftServerConfigKeys (ConfUtils.java:logGet(46)) - raft.server.leaderelection.leader.step-down.wait-time = 10s (default)
2023-06-21 21:48:43,145 [om1-groupManagement] INFO  server.RaftServerConfigKeys (ConfUtils.java:logGet(46)) - raft.server.sleep.deviation.threshold = 300ms (default)
2023-06-21 21:48:43,145 [om1-groupManagement] INFO  server.RaftServer$Division (ServerState.java:<init>(120)) - om1@group-C5BA1605619E: ConfigurationManager, init=-1: peers:[om1|rpc:localhost:15039|priority:0|startupRole:FOLLOWER]|listeners:[], old=null, confs=<EMPTY_MAP>
2023-06-21 21:48:43,145 [om1-groupManagement] INFO  server.RaftServerConfigKeys (ConfUtils.java:logGet(46)) - raft.server.storage.dir = [/home/runner/work/ozone/ozone/hadoop-ozone/integration-test/target/test-dir/MiniOzoneClusterImpl-ed2e7ec8-c199-49a5-9fff-29e1d18647c8/ozone-meta/ratis] (custom)
2023-06-21 21:48:43,145 [om1-groupManagement] INFO  server.RaftServerConfigKeys (ConfUtils.java:logGet(46)) - raft.server.log.corruption.policy = EXCEPTION (default)
2023-06-21 21:48:43,145 [om1-groupManagement] INFO  server.RaftServerConfigKeys (ConfUtils.java:logGet(46)) - raft.server.storage.free-space.min = 0MB (=0) (default)
2023-06-21 21:48:43,145 [om1-groupManagement] INFO  server.RaftServerConfigKeys (ConfUtils.java:logGet(46)) - raft.server.notification.no-leader.timeout = 2s (custom)
2023-06-21 21:48:43,145 [om1-groupManagement] INFO  server.RaftServerConfigKeys (ConfUtils.java:logGet(46)) - raft.server.read.timeout = 10s (default)
2023-06-21 21:48:43,145 [om1-groupManagement] INFO  server.RaftServerConfigKeys (ConfUtils.java:logGet(46)) - raft.server.retrycache.expirytime = 300s (custom)
2023-06-21 21:48:43,145 [om1-groupManagement] INFO  server.RaftServerConfigKeys (ConfUtils.java:logGet(46)) - raft.server.retrycache.statistics.expirytime = 100μs (default)
2023-06-21 21:48:43,145 [om1-groupManagement] INFO  server.RaftServerConfigKeys (ConfUtils.java:logGet(46)) - raft.server.read.option = DEFAULT (default)
2023-06-21 21:48:43,149 [om1-groupManagement] INFO  server.RaftServerConfigKeys (ConfUtils.java:logGet(46)) - raft.server.rpc.request.timeout = 3000ms (default)
2023-06-21 21:48:43,149 [om1-groupManagement] INFO  server.RaftServerConfigKeys (ConfUtils.java:logGet(46)) - raft.server.log.appender.install.snapshot.enabled = false (custom)
2023-06-21 21:48:43,149 [om1-groupManagement] INFO  server.RaftServerConfigKeys (ConfUtils.java:logGet(46)) - raft.server.threadpool.server.cached = true (default)
2023-06-21 21:48:43,149 [om1-groupManagement] INFO  server.RaftServerConfigKeys (ConfUtils.java:logGet(46)) - raft.server.threadpool.server.size = 0 (default)
2023-06-21 21:48:43,149 [om1-groupManagement] INFO  server.RaftServerConfigKeys (ConfUtils.java:logGet(46)) - raft.server.threadpool.client.cached = true (default)
2023-06-21 21:48:43,149 [om1-groupManagement] INFO  server.RaftServerConfigKeys (ConfUtils.java:logGet(46)) - raft.server.threadpool.client.size = 0 (default)
2023-06-21 21:48:43,856 [main] INFO  reflections.Reflections (Reflections.java:scan(232)) - Reflections took 676 ms to scan 19 urls, producing 69 keys and 5397 values [using 2 cores]
2023-06-21 21:48:44,257 [main] INFO  ipc.CallQueueManager (CallQueueManager.java:<init>(90)) - Using callQueue: class java.util.concurrent.LinkedBlockingQueue, queueCapacity: 2000, scheduler: class org.apache.hadoop.ipc.DefaultRpcScheduler, ipcBackoff: false.
2023-06-21 21:48:44,258 [Socket Reader #1 for port 15036] INFO  ipc.Server (Server.java:run(1319)) - Starting Socket Reader #1 for port 15036
2023-06-21 21:48:44,275 [Listener at 127.0.0.1/15036] INFO  hdds.HddsUtils (HddsUtils.java:preserveThreadName(848)) - Restoring thread name: main
2023-06-21 21:48:44,306 [main] INFO  impl.MetricsSystemImpl (MetricsSystemImpl.java:init(158)) - OzoneManager metrics system started (again)
2023-06-21 21:48:44,321 [main] INFO  om.OzoneManager (OzoneManager.java:start(1589)) - OzoneManager RPC server is listening at localhost/127.0.0.1:15036
2023-06-21 21:48:44,322 [main] INFO  ratis.OzoneManagerRatisServer (OzoneManagerRatisServer.java:start(558)) - Starting OzoneManagerRatisServer om1 at port 15039
2023-06-21 21:48:44,322 [om1-impl-thread1] INFO  storage.RaftStorageDirectory (RaftStorageDirectoryImpl.java:analyzeStorage(137)) - The storage directory /home/runner/work/ozone/ozone/hadoop-ozone/integration-test/target/test-dir/MiniOzoneClusterImpl-ed2e7ec8-c199-49a5-9fff-29e1d18647c8/ozone-meta/ratis/bf265839-605b-3f16-9796-c5ba1605619e does not exist. Creating ...
2023-06-21 21:48:44,324 [om1-impl-thread1] INFO  storage.RaftStorageDirectory (RaftStorageDirectoryImpl.java:tryLock(231)) - Lock on /home/runner/work/ozone/ozone/hadoop-ozone/integration-test/target/test-dir/MiniOzoneClusterImpl-ed2e7ec8-c199-49a5-9fff-29e1d18647c8/ozone-meta/ratis/bf265839-605b-3f16-9796-c5ba1605619e/in_use.lock acquired by nodename 26391@fv-az1254-726
2023-06-21 21:48:44,327 [om1-impl-thread1] INFO  storage.RaftStorage (RaftStorageImpl.java:format(96)) - Storage directory /home/runner/work/ozone/ozone/hadoop-ozone/integration-test/target/test-dir/MiniOzoneClusterImpl-ed2e7ec8-c199-49a5-9fff-29e1d18647c8/ozone-meta/ratis/bf265839-605b-3f16-9796-c5ba1605619e has been successfully formatted.
2023-06-21 21:48:44,328 [om1-impl-thread1] INFO  server.RaftServerConfigKeys (ConfUtils.java:logGet(46)) - raft.server.log.use.memory = false (default)
2023-06-21 21:48:44,328 [om1-impl-thread1] INFO  server.RaftServerConfigKeys (ConfUtils.java:logGet(46)) - raft.server.log.purge.gap = 1000000 (custom)
2023-06-21 21:48:44,328 [om1-impl-thread1] INFO  server.RaftServerConfigKeys (ConfUtils.java:logGet(46)) - raft.server.log.appender.buffer.byte-limit = 33554432 (custom)
2023-06-21 21:48:44,328 [om1-impl-thread1] INFO  server.RaftServerConfigKeys (ConfUtils.java:logGet(46)) - raft.server.log.statemachine.data.read.timeout = 1000ms (default)
2023-06-21 21:48:44,328 [om1-impl-thread1] INFO  server.RaftServerConfigKeys (ConfUtils.java:logGet(46)) - raft.server.log.purge.preservation.log.num = 0 (default)
2023-06-21 21:48:44,329 [om1-impl-thread1] INFO  server.RaftServerConfigKeys (ConfUtils.java:logGet(46)) - raft.server.log.segment.size.max = 4194304 (custom)
2023-06-21 21:48:44,329 [om1-impl-thread1] INFO  server.RaftServerConfigKeys (ConfUtils.java:logGet(46)) - raft.server.log.segment.cache.num.max = 2 (custom)
2023-06-21 21:48:44,329 [om1-impl-thread1] INFO  server.RaftServerConfigKeys (ConfUtils.java:logGet(46)) - raft.server.log.segment.cache.size.max = 200MB (=209715200) (default)
2023-06-21 21:48:44,329 [om1-impl-thread1] INFO  server.RaftServerConfigKeys (ConfUtils.java:logGet(46)) - raft.server.log.appender.buffer.byte-limit = 33554432 (custom)
2023-06-21 21:48:44,329 [om1-impl-thread1] INFO  segmented.SegmentedRaftLogWorker (SegmentedRaftLogWorker.java:<init>(188)) - new om1@group-C5BA1605619E-SegmentedRaftLogWorker for RaftStorageImpl:Storage Directory /home/runner/work/ozone/ozone/hadoop-ozone/integration-test/target/test-dir/MiniOzoneClusterImpl-ed2e7ec8-c199-49a5-9fff-29e1d18647c8/ozone-meta/ratis/bf265839-605b-3f16-9796-c5ba1605619e
2023-06-21 21:48:44,332 [om1-impl-thread1] INFO  server.RaftServerConfigKeys (ConfUtils.java:logGet(46)) - raft.server.log.queue.byte-limit = 64MB (=67108864) (default)
2023-06-21 21:48:44,332 [om1-impl-thread1] INFO  server.RaftServerConfigKeys (ConfUtils.java:logGet(46)) - raft.server.log.queue.element-limit = 4096 (default)
2023-06-21 21:48:44,332 [om1-impl-thread1] INFO  server.RaftServerConfigKeys (ConfUtils.java:logGet(46)) - raft.server.log.segment.size.max = 4194304 (custom)
2023-06-21 21:48:44,332 [om1-impl-thread1] INFO  server.RaftServerConfigKeys (ConfUtils.java:logGet(46)) - raft.server.log.preallocated.size = 4194304 (custom)
2023-06-21 21:48:44,332 [om1-impl-thread1] INFO  server.RaftServerConfigKeys (ConfUtils.java:logGet(46)) - raft.server.log.force.sync.num = 128 (default)
2023-06-21 21:48:44,332 [om1-impl-thread1] INFO  server.RaftServerConfigKeys (ConfUtils.java:logGet(46)) - raft.server.log.statemachine.data.sync = true (default)
2023-06-21 21:48:44,332 [om1-impl-thread1] INFO  server.RaftServerConfigKeys (ConfUtils.java:logGet(46)) - raft.server.log.statemachine.data.sync.timeout = 10s (default)
2023-06-21 21:48:44,332 [om1-impl-thread1] INFO  server.RaftServerConfigKeys (ConfUtils.java:logGet(46)) - raft.server.log.statemachine.data.sync.timeout.retry = -1 (default)
2023-06-21 21:48:44,334 [om1-impl-thread1] INFO  server.RaftServerConfigKeys (ConfUtils.java:logGet(46)) - raft.server.log.write.buffer.size = 64KB (=65536) (default)
2023-06-21 21:48:44,334 [om1-impl-thread1] INFO  server.RaftServerConfigKeys (ConfUtils.java:logGet(46)) - raft.server.log.appender.buffer.byte-limit = 33554432 (custom)
2023-06-21 21:48:44,340 [om1-impl-thread1] INFO  server.RaftServerConfigKeys (ConfUtils.java:logGet(46)) - raft.server.log.unsafe-flush.enabled = false (default)
2023-06-21 21:48:44,340 [om1-impl-thread1] INFO  server.RaftServerConfigKeys (ConfUtils.java:logGet(46)) - raft.server.log.async-flush.enabled = false (default)
2023-06-21 21:48:44,340 [om1-impl-thread1] INFO  server.RaftServerConfigKeys (ConfUtils.java:logGet(46)) - raft.server.log.statemachine.data.caching.enabled = false (default)
2023-06-21 21:48:44,341 [om1-impl-thread1] INFO  segmented.SegmentedRaftLogWorker (SegmentedRaftLogWorker.java:lambda$new$0(135)) - om1@group-C5BA1605619E-SegmentedRaftLogWorker: flushIndex: setUnconditionally 0 -> -1
2023-06-21 21:48:44,341 [om1-impl-thread1] INFO  segmented.SegmentedRaftLogWorker (SegmentedRaftLogWorker.java:lambda$new$0(135)) - om1@group-C5BA1605619E-SegmentedRaftLogWorker: safeCacheEvictIndex: setUnconditionally 0 -> -1
2023-06-21 21:48:44,341 [om1-impl-thread1] INFO  server.RaftServer$Division (RaftServerImpl.java:start(342)) - om1@group-C5BA1605619E: start as a follower, conf=-1: peers:[om1|rpc:localhost:15039|priority:0|startupRole:FOLLOWER]|listeners:[], old=null
2023-06-21 21:48:44,341 [om1-impl-thread1] INFO  server.RaftServer$Division (RaftServerImpl.java:setRole(329)) - om1@group-C5BA1605619E: changes role from      null to FOLLOWER at term 0 for startAsFollower
2023-06-21 21:48:44,343 [om1-impl-thread1] INFO  impl.RoleInfo (RoleInfo.java:updateAndGet(139)) - om1: start om1@group-C5BA1605619E-FollowerState
2023-06-21 21:48:44,343 [om1-impl-thread1] INFO  util.JmxRegister (JmxRegister.java:tryRegister(44)) - Successfully registered JMX Bean with object name Ratis:service=RaftServer,group=group-C5BA1605619E,id=om1
2023-06-21 21:48:44,343 [om1-impl-thread1] INFO  server.RaftServerConfigKeys (ConfUtils.java:logGet(46)) - raft.server.snapshot.auto.trigger.enabled = true (custom)
2023-06-21 21:48:44,343 [om1-impl-thread1] INFO  server.RaftServerConfigKeys (ConfUtils.java:logGet(46)) - raft.server.snapshot.auto.trigger.threshold = 400000 (default)
2023-06-21 21:48:44,344 [om1-impl-thread1] INFO  server.RaftServerConfigKeys (ConfUtils.java:logGet(46)) - raft.server.snapshot.retention.file.num = -1 (default)
2023-06-21 21:48:44,344 [om1-impl-thread1] INFO  server.RaftServerConfigKeys (ConfUtils.java:logGet(46)) - raft.server.log.purge.upto.snapshot.index = true (custom)
2023-06-21 21:48:44,346 [om1@group-C5BA1605619E-FollowerState] INFO  server.RaftServerConfigKeys (ConfUtils.java:logFallback(53)) - raft.server.rpc.first-election.timeout.min = 1s (fallback to raft.server.rpc.timeout.min)
2023-06-21 21:48:44,347 [om1@group-C5BA1605619E-FollowerState] INFO  server.RaftServerConfigKeys (ConfUtils.java:logFallback(53)) - raft.server.rpc.first-election.timeout.max = 1200ms (fallback to raft.server.rpc.timeout.max)
2023-06-21 21:48:44,347 [main] INFO  server.RaftServer (RaftServerProxy.java:startImpl(400)) - om1: start RPC server
2023-06-21 21:48:44,357 [main] INFO  server.GrpcService (GrpcService.java:startImpl(302)) - om1: GrpcService started, listening on 15039
2023-06-21 21:48:44,367 [JvmPauseMonitor3] INFO  util.JvmPauseMonitor (JvmPauseMonitor.java:run(103)) - JvmPauseMonitor-om1: Started
2023-06-21 21:48:44,367 [main] INFO  om.OzoneManager (OzoneManager.java:startSecretManager(1067)) - Starting secret key client.
2023-06-21 21:48:44,382 [Socket Reader #1 for port 15002] INFO  ipc.Server (Server.java:saslProcess(2116)) - Auth successful for scm/fv-az1254-726.qtnbswlwlufehe3u4emko3izng.cx.internal.cloudapp.net@EXAMPLE.COM (auth:KERBEROS) from 10.1.0.15:35797
2023-06-21 21:48:44,424 [main] INFO  symmetric.DefaultSecretKeySignerClient (DefaultSecretKeySignerClient.java:start(73)) - Initial secret key fetched from SCM: SecretKey(id = 549f050c-1bf3-451b-8f20-a15d7a7e75fa, creation at: 2023-06-21T21:48:35.500Z, expire at: 2023-06-21T21:49:36.500Z).
2023-06-21 21:48:44,424 [main] INFO  symmetric.DefaultSecretKeySignerClient (DefaultSecretKeySignerClient.java:scheduleSecretKeyPoller(105)) - Scheduling SecretKeyPoller with initial delay of PT21.076S and interval of PT1S
2023-06-21 21:48:44,428 [main] INFO  om.OzoneManager (OzoneManager.java:startSecretManager(1078)) - Starting OM delegation token secret manager
2023-06-21 21:48:44,428 [main] INFO  security.OzoneDelegationTokenSecretManager (OzoneSecretManager.java:updateCurrentKey(175)) - Updating current master key for generating tokens. Cert id 1720186049166
2023-06-21 21:48:44,432 [main] INFO  om.OzoneManager (OzoneManager.java:start(1605)) - Version File has different layout version (6) than OM DB (null). That is expected if this OM has never been finalized to a newer layout version.
2023-06-21 21:48:44,433 [Thread[Thread-511,5,main]] INFO  security.OzoneDelegationTokenSecretManager (OzoneDelegationTokenSecretManager.java:run(636)) - Starting expired delegation token remover thread, tokenRemoverScanInterval=60 min(s)
2023-06-21 21:48:44,441 [main] INFO  ha.SCMNodeInfo (SCMNodeInfo.java:getPort(197)) - ConfigKey ozone.scm.client.address is deprecated, For configuring different ports for each SCM use PortConfigKey ozone.scm.client.port appended with serviceId and nodeId
2023-06-21 21:48:44,442 [main] INFO  ha.SCMNodeInfo (SCMNodeInfo.java:getPort(197)) - ConfigKey ozone.scm.block.client.address is deprecated, For configuring different ports for each SCM use PortConfigKey ozone.scm.block.client.port appended with serviceId and nodeId
2023-06-21 21:48:44,442 [main] INFO  ha.SCMNodeInfo (SCMNodeInfo.java:getPort(197)) - ConfigKey ozone.scm.security.service.address is deprecated, For configuring different ports for each SCM use PortConfigKey ozone.scm.security.service.port appended with serviceId and nodeId
2023-06-21 21:48:44,442 [main] INFO  ha.SCMNodeInfo (SCMNodeInfo.java:getPort(197)) - ConfigKey ozone.scm.datanode.address is deprecated, For configuring different ports for each SCM use PortConfigKey ozone.scm.datanode.port appended with serviceId and nodeId
2023-06-21 21:48:44,442 [main] INFO  ha.SCMNodeInfo (SCMNodeInfo.java:getPort(197)) - ConfigKey ozone.scm.client.address is deprecated, For configuring different ports for each SCM use PortConfigKey ozone.scm.client.port appended with serviceId and nodeId
2023-06-21 21:48:44,442 [main] INFO  ha.SCMNodeInfo (SCMNodeInfo.java:getPort(197)) - ConfigKey ozone.scm.block.client.address is deprecated, For configuring different ports for each SCM use PortConfigKey ozone.scm.block.client.port appended with serviceId and nodeId
2023-06-21 21:48:44,442 [main] INFO  ha.SCMNodeInfo (SCMNodeInfo.java:getPort(197)) - ConfigKey ozone.scm.security.service.address is deprecated, For configuring different ports for each SCM use PortConfigKey ozone.scm.security.service.port appended with serviceId and nodeId
2023-06-21 21:48:44,442 [main] INFO  ha.SCMNodeInfo (SCMNodeInfo.java:getPort(197)) - ConfigKey ozone.scm.datanode.address is deprecated, For configuring different ports for each SCM use PortConfigKey ozone.scm.datanode.port appended with serviceId and nodeId
2023-06-21 21:48:44,442 [main] INFO  ha.SCMNodeInfo (SCMNodeInfo.java:getPort(197)) - ConfigKey ozone.scm.client.address is deprecated, For configuring different ports for each SCM use PortConfigKey ozone.scm.client.port appended with serviceId and nodeId
2023-06-21 21:48:44,443 [main] INFO  ha.SCMNodeInfo (SCMNodeInfo.java:getPort(197)) - ConfigKey ozone.scm.block.client.address is deprecated, For configuring different ports for each SCM use PortConfigKey ozone.scm.block.client.port appended with serviceId and nodeId
2023-06-21 21:48:44,443 [main] INFO  ha.SCMNodeInfo (SCMNodeInfo.java:getPort(197)) - ConfigKey ozone.scm.security.service.address is deprecated, For configuring different ports for each SCM use PortConfigKey ozone.scm.security.service.port appended with serviceId and nodeId
2023-06-21 21:48:44,443 [main] INFO  ha.SCMNodeInfo (SCMNodeInfo.java:getPort(197)) - ConfigKey ozone.scm.datanode.address is deprecated, For configuring different ports for each SCM use PortConfigKey ozone.scm.datanode.port appended with serviceId and nodeId
2023-06-21 21:48:44,449 [Socket Reader #1 for port 15002] INFO  ipc.Server (Server.java:saslProcess(2116)) - Auth successful for scm/fv-az1254-726.qtnbswlwlufehe3u4emko3izng.cx.internal.cloudapp.net@EXAMPLE.COM (auth:KERBEROS) from 10.1.0.15:36541
2023-06-21 21:48:44,484 [main] INFO  http.BaseHttpServer (BaseHttpServer.java:newHttpServer2BuilderForOzone(224)) - Starting Web-server for ozoneManager at: http://0.0.0.0:15037
2023-06-21 21:48:44,484 [main] INFO  http.BaseHttpServer (BaseHttpServer.java:<init>(111)) - Hadoop Security Enabled: true Ozone Security Enabled: true Ozone HTTP Security Enabled: false 
2023-06-21 21:48:44,486 [main] WARN  server.AuthenticationFilter (AuthenticationFilter.java:constructSecretProvider(240)) - Unable to initialize FileSignerSecretProvider, falling back to use random secrets. Reason: Could not read signature secret file: /home/runner/hadoop-http-auth-signature-secret
2023-06-21 21:48:44,493 [main] INFO  http.HttpRequestLog (HttpRequestLog.java:getRequestLog(86)) - Http request log for http.requests.ozoneManager is not defined
2023-06-21 21:48:44,495 [main] INFO  http.HttpServer2 (HttpServer2.java:addGlobalFilter(1031)) - Added global filter 'safety' (class=org.apache.hadoop.hdds.server.http.HttpServer2$QuotingInputFilter)
2023-06-21 21:48:44,496 [main] INFO  http.HttpServer2 (HttpServer2.java:addFilter(1007)) - Added filter static_user_filter (class=org.apache.hadoop.http.lib.StaticUserWebFilter$StaticUserFilter) to context ozoneManager
2023-06-21 21:48:44,496 [main] INFO  http.HttpServer2 (HttpServer2.java:addFilter(1015)) - Added filter static_user_filter (class=org.apache.hadoop.http.lib.StaticUserWebFilter$StaticUserFilter) to context logs
2023-06-21 21:48:44,496 [main] INFO  http.HttpServer2 (HttpServer2.java:addFilter(1015)) - Added filter static_user_filter (class=org.apache.hadoop.http.lib.StaticUserWebFilter$StaticUserFilter) to context static
2023-06-21 21:48:44,497 [main] INFO  http.BaseHttpServer (BaseHttpServer.java:<init>(190)) - HTTP server of ozoneManager uses base directory /home/runner/work/ozone/ozone/hadoop-ozone/integration-test/target/test-dir/MiniOzoneClusterImpl-ed2e7ec8-c199-49a5-9fff-29e1d18647c8/ozone-meta/webserver
2023-06-21 21:48:44,500 [main] INFO  http.HttpServer2 (HttpServer2.java:bindListener(1250)) - Jetty bound to port 15037
2023-06-21 21:48:44,501 [main] INFO  server.Server (Server.java:doStart(375)) - jetty-9.4.51.v20230217; built: 2023-02-17T08:19:37.309Z; git: b45c405e4544384de066f814ed42ae3dceacdd49; jvm 1.8.0_372-b07
2023-06-21 21:48:44,503 [main] INFO  server.session (DefaultSessionIdManager.java:doStart(334)) - DefaultSessionIdManager workerName=node0
2023-06-21 21:48:44,503 [main] INFO  server.session (DefaultSessionIdManager.java:doStart(339)) - No SessionScavenger set, using defaults
2023-06-21 21:48:44,504 [main] INFO  server.session (HouseKeeper.java:startScavenging(132)) - node0 Scavenging every 660000ms
2023-06-21 21:48:44,504 [main] INFO  handler.ContextHandler (ContextHandler.java:doStart(921)) - Started o.e.j.s.ServletContextHandler@7cc3f3fa{logs,/logs,file:///home/runner/work/ozone/ozone/hadoop-ozone/integration-test/target/log,AVAILABLE}
2023-06-21 21:48:44,505 [main] INFO  handler.ContextHandler (ContextHandler.java:doStart(921)) - Started o.e.j.s.ServletContextHandler@37816f9e{static,/static,file:///home/runner/work/ozone/ozone/hadoop-ozone/integration-test/target/test-classes/webapps/static,AVAILABLE}
2023-06-21 21:48:44,508 [main] INFO  handler.ContextHandler (ContextHandler.java:doStart(921)) - Started o.e.j.w.WebAppContext@29d52661{ozoneManager,/,file:///home/runner/work/ozone/ozone/hadoop-ozone/integration-test/target/test-classes/webapps/ozoneManager/,AVAILABLE}{file:/home/runner/work/ozone/ozone/hadoop-ozone/integration-test/target/test-classes/webapps/ozoneManager}
2023-06-21 21:48:44,519 [main] INFO  server.AbstractConnector (AbstractConnector.java:doStart(333)) - Started ServerConnector@37c595f4{HTTP/1.1, (http/1.1)}{0.0.0.0:15037}
2023-06-21 21:48:44,519 [main] INFO  server.Server (Server.java:doStart(415)) - Started @27361ms
2023-06-21 21:48:44,519 [main] WARN  impl.MetricsSystemImpl (MetricsSystemImpl.java:register(279)) - Sink prometheus already exists!
2023-06-21 21:48:44,520 [main] INFO  http.BaseHttpServer (BaseHttpServer.java:updateConnectorAddress(344)) - HTTP server of ozoneManager listening at http://0.0.0.0:15037
2023-06-21 21:48:44,521 [IPC Server Responder] INFO  ipc.Server (Server.java:run(1558)) - IPC Server Responder: starting
2023-06-21 21:48:44,523 [IPC Server listener on 15036] INFO  ipc.Server (Server.java:run(1398)) - IPC Server listener on 15036: starting
2023-06-21 21:48:44,525 [main] INFO  om.OzoneManager (OzoneManager.java:startTrashEmptier(2060)) - Trash Interval set to 0. Files deleted won't move to trash
2023-06-21 21:48:44,679 [main] WARN  impl.MetricRegistriesImpl (MetricRegistriesImpl.java:addReporterRegistration(111)) - New reporters are added after registries were created. Some metrics will be missing from the reporter. Please add reporter before adding any new registry.
2023-06-21 21:48:44,679 [main] WARN  impl.MetricRegistriesImpl (MetricRegistriesImpl.java:addReporterRegistration(111)) - New reporters are added after registries were created. Some metrics will be missing from the reporter. Please add reporter before adding any new registry.
2023-06-21 21:48:44,679 [main] INFO  impl.MetricsSystemImpl (MetricsSystemImpl.java:init(158)) - HddsDatanode metrics system started (again)
2023-06-21 21:48:44,710 [main] INFO  ozone.HddsDatanodeService (HddsDatanodeService.java:start(262)) - HddsDatanodeService host:fv-az1254-726.qtnbswlwlufehe3u4emko3izng.cx.internal.cloudapp.net ip:10.1.0.15
2023-06-21 21:48:44,712 [main] WARN  client.DNCertificateClient (DefaultCertificateClient.java:loadAllCertificates(161)) - Certificates could not be loaded.
java.nio.file.NoSuchFileException: /home/runner/work/ozone/ozone/hadoop-ozone/integration-test/target/test-dir/MiniOzoneClusterImpl-ed2e7ec8-c199-49a5-9fff-29e1d18647c8/datanode-0/meta/dn/certs
	at sun.nio.fs.UnixException.translateToIOException(UnixException.java:86)
	at sun.nio.fs.UnixException.rethrowAsIOException(UnixException.java:102)
	at sun.nio.fs.UnixException.rethrowAsIOException(UnixException.java:107)
	at sun.nio.fs.UnixFileSystemProvider.newDirectoryStream(UnixFileSystemProvider.java:427)
	at java.nio.file.Files.newDirectoryStream(Files.java:457)
	at java.nio.file.Files.list(Files.java:3451)
	at org.apache.hadoop.hdds.security.x509.certificate.client.DefaultCertificateClient.loadAllCertificates(DefaultCertificateClient.java:156)
	at org.apache.hadoop.hdds.security.x509.certificate.client.DefaultCertificateClient.updateCertSerialId(DefaultCertificateClient.java:1206)
	at org.apache.hadoop.hdds.security.x509.certificate.client.DefaultCertificateClient.<init>(DefaultCertificateClient.java:148)
	at org.apache.hadoop.hdds.security.x509.certificate.client.DNCertificateClient.<init>(DNCertificateClient.java:57)
	at org.apache.hadoop.ozone.HddsDatanodeService.start(HddsDatanodeService.java:269)
	at org.apache.hadoop.ozone.MiniOzoneClusterImpl.lambda$startHddsDatanodes$4(MiniOzoneClusterImpl.java:488)
	at java.util.ArrayList.forEach(ArrayList.java:1259)
	at org.apache.hadoop.ozone.MiniOzoneClusterImpl.startHddsDatanodes(MiniOzoneClusterImpl.java:481)
	at org.apache.hadoop.ozone.MiniOzoneHAClusterImpl$Builder.build(MiniOzoneHAClusterImpl.java:422)
	at org.apache.hadoop.ozone.scm.TestSecretKeySnapshot.init(TestSecretKeySnapshot.java:137)
	at sun.reflect.NativeMethodAccessorImpl.invoke0(Native Method)
	at sun.reflect.NativeMethodAccessorImpl.invoke(NativeMethodAccessorImpl.java:62)
	at sun.reflect.DelegatingMethodAccessorImpl.invoke(DelegatingMethodAccessorImpl.java:43)
	at java.lang.reflect.Method.invoke(Method.java:498)
	at org.junit.platform.commons.util.ReflectionUtils.invokeMethod(ReflectionUtils.java:725)
	at org.junit.jupiter.engine.execution.MethodInvocation.proceed(MethodInvocation.java:60)
	at org.junit.jupiter.engine.execution.InvocationInterceptorChain$ValidatingInvocation.proceed(InvocationInterceptorChain.java:131)
	at org.junit.jupiter.engine.extension.TimeoutExtension.intercept(TimeoutExtension.java:149)
	at org.junit.jupiter.engine.extension.TimeoutExtension.interceptLifecycleMethod(TimeoutExtension.java:126)
	at org.junit.jupiter.engine.extension.TimeoutExtension.interceptBeforeEachMethod(TimeoutExtension.java:76)
	at org.junit.jupiter.engine.execution.ExecutableInvoker$ReflectiveInterceptorCall.lambda$ofVoidMethod$0(ExecutableInvoker.java:115)
	at org.junit.jupiter.engine.execution.ExecutableInvoker.lambda$invoke$0(ExecutableInvoker.java:105)
	at org.junit.jupiter.engine.execution.InvocationInterceptorChain$InterceptedInvocation.proceed(InvocationInterceptorChain.java:106)
	at org.junit.jupiter.engine.execution.InvocationInterceptorChain.proceed(InvocationInterceptorChain.java:64)
	at org.junit.jupiter.engine.execution.InvocationInterceptorChain.chainAndInvoke(InvocationInterceptorChain.java:45)
	at org.junit.jupiter.engine.execution.InvocationInterceptorChain.invoke(InvocationInterceptorChain.java:37)
	at org.junit.jupiter.engine.execution.ExecutableInvoker.invoke(ExecutableInvoker.java:104)
	at org.junit.jupiter.engine.execution.ExecutableInvoker.invoke(ExecutableInvoker.java:98)
	at org.junit.jupiter.engine.descriptor.ClassBasedTestDescriptor.invokeMethodInExtensionContext(ClassBasedTestDescriptor.java:506)
	at org.junit.jupiter.engine.descriptor.ClassBasedTestDescriptor.lambda$synthesizeBeforeEachMethodAdapter$21(ClassBasedTestDescriptor.java:491)
	at org.junit.jupiter.engine.descriptor.TestMethodTestDescriptor.lambda$invokeBeforeEachMethods$3(TestMethodTestDescriptor.java:171)
	at org.junit.jupiter.engine.descriptor.TestMethodTestDescriptor.lambda$invokeBeforeMethodsOrCallbacksUntilExceptionOccurs$6(TestMethodTestDescriptor.java:199)
	at org.junit.platform.engine.support.hierarchical.ThrowableCollector.execute(ThrowableCollector.java:73)
	at org.junit.jupiter.engine.descriptor.TestMethodTestDescriptor.invokeBeforeMethodsOrCallbacksUntilExceptionOccurs(TestMethodTestDescriptor.java:199)
	at org.junit.jupiter.engine.descriptor.TestMethodTestDescriptor.invokeBeforeEachMethods(TestMethodTestDescriptor.java:168)
	at org.junit.jupiter.engine.descriptor.TestMethodTestDescriptor.execute(TestMethodTestDescriptor.java:131)
	at org.junit.jupiter.engine.descriptor.TestMethodTestDescriptor.execute(TestMethodTestDescriptor.java:66)
	at org.junit.platform.engine.support.hierarchical.NodeTestTask.lambda$executeRecursively$6(NodeTestTask.java:151)
	at org.junit.platform.engine.support.hierarchical.ThrowableCollector.execute(ThrowableCollector.java:73)
	at org.junit.platform.engine.support.hierarchical.NodeTestTask.lambda$executeRecursively$8(NodeTestTask.java:141)
	at org.junit.platform.engine.support.hierarchical.Node.around(Node.java:137)
	at org.junit.platform.engine.support.hierarchical.NodeTestTask.lambda$executeRecursively$9(NodeTestTask.java:139)
	at org.junit.platform.engine.support.hierarchical.ThrowableCollector.execute(ThrowableCollector.java:73)
	at org.junit.platform.engine.support.hierarchical.NodeTestTask.executeRecursively(NodeTestTask.java:138)
	at org.junit.platform.engine.support.hierarchical.NodeTestTask.execute(NodeTestTask.java:95)
	at java.util.ArrayList.forEach(ArrayList.java:1259)
	at org.junit.platform.engine.support.hierarchical.SameThreadHierarchicalTestExecutorService.invokeAll(SameThreadHierarchicalTestExecutorService.java:41)
	at org.junit.platform.engine.support.hierarchical.NodeTestTask.lambda$executeRecursively$6(NodeTestTask.java:155)
	at org.junit.platform.engine.support.hierarchical.ThrowableCollector.execute(ThrowableCollector.java:73)
	at org.junit.platform.engine.support.hierarchical.NodeTestTask.lambda$executeRecursively$8(NodeTestTask.java:141)
	at org.junit.platform.engine.support.hierarchical.Node.around(Node.java:137)
	at org.junit.platform.engine.support.hierarchical.NodeTestTask.lambda$executeRecursively$9(NodeTestTask.java:139)
	at org.junit.platform.engine.support.hierarchical.ThrowableCollector.execute(ThrowableCollector.java:73)
	at org.junit.platform.engine.support.hierarchical.NodeTestTask.executeRecursively(NodeTestTask.java:138)
	at org.junit.platform.engine.support.hierarchical.NodeTestTask.execute(NodeTestTask.java:95)
	at java.util.ArrayList.forEach(ArrayList.java:1259)
	at org.junit.platform.engine.support.hierarchical.SameThreadHierarchicalTestExecutorService.invokeAll(SameThreadHierarchicalTestExecutorService.java:41)
	at org.junit.platform.engine.support.hierarchical.NodeTestTask.lambda$executeRecursively$6(NodeTestTask.java:155)
	at org.junit.platform.engine.support.hierarchical.ThrowableCollector.execute(ThrowableCollector.java:73)
	at org.junit.platform.engine.support.hierarchical.NodeTestTask.lambda$executeRecursively$8(NodeTestTask.java:141)
	at org.junit.platform.engine.support.hierarchical.Node.around(Node.java:137)
	at org.junit.platform.engine.support.hierarchical.NodeTestTask.lambda$executeRecursively$9(NodeTestTask.java:139)
	at org.junit.platform.engine.support.hierarchical.ThrowableCollector.execute(ThrowableCollector.java:73)
	at org.junit.platform.engine.support.hierarchical.NodeTestTask.executeRecursively(NodeTestTask.java:138)
	at org.junit.platform.engine.support.hierarchical.NodeTestTask.execute(NodeTestTask.java:95)
	at org.junit.platform.engine.support.hierarchical.SameThreadHierarchicalTestExecutorService.submit(SameThreadHierarchicalTestExecutorService.java:35)
	at org.junit.platform.engine.support.hierarchical.HierarchicalTestExecutor.execute(HierarchicalTestExecutor.java:57)
	at org.junit.platform.engine.support.hierarchical.HierarchicalTestEngine.execute(HierarchicalTestEngine.java:54)
	at org.junit.platform.launcher.core.EngineExecutionOrchestrator.execute(EngineExecutionOrchestrator.java:107)
	at org.junit.platform.launcher.core.EngineExecutionOrchestrator.execute(EngineExecutionOrchestrator.java:88)
	at org.junit.platform.launcher.core.EngineExecutionOrchestrator.lambda$execute$0(EngineExecutionOrchestrator.java:54)
	at org.junit.platform.launcher.core.EngineExecutionOrchestrator.withInterceptedStreams(EngineExecutionOrchestrator.java:67)
	at org.junit.platform.launcher.core.EngineExecutionOrchestrator.execute(EngineExecutionOrchestrator.java:52)
	at org.junit.platform.launcher.core.DefaultLauncher.execute(DefaultLauncher.java:114)
	at org.junit.platform.launcher.core.DefaultLauncher.execute(DefaultLauncher.java:86)
	at org.junit.platform.launcher.core.DefaultLauncherSession$DelegatingLauncher.execute(DefaultLauncherSession.java:86)
	at org.junit.platform.launcher.core.SessionPerRequestLauncher.execute(SessionPerRequestLauncher.java:53)
	at org.apache.maven.surefire.junitplatform.JUnitPlatformProvider.execute(JUnitPlatformProvider.java:188)
	at org.apache.maven.surefire.junitplatform.JUnitPlatformProvider.invokeAllTests(JUnitPlatformProvider.java:154)
	at org.apache.maven.surefire.junitplatform.JUnitPlatformProvider.invoke(JUnitPlatformProvider.java:124)
	at org.apache.maven.surefire.booter.ForkedBooter.runSuitesInProcess(ForkedBooter.java:428)
	at org.apache.maven.surefire.booter.ForkedBooter.execute(ForkedBooter.java:162)
	at org.apache.maven.surefire.booter.ForkedBooter.run(ForkedBooter.java:562)
	at org.apache.maven.surefire.booter.ForkedBooter.main(ForkedBooter.java:548)
2023-06-21 21:48:44,715 [main] INFO  ozone.HddsDatanodeService (HddsDatanodeService.java:start(274)) - Ozone security is enabled. Attempting login for Hdds Datanode user. Principal: scm/fv-az1254-726.qtnbswlwlufehe3u4emko3izng.cx.internal.cloudapp.net@EXAMPLE.COM,keytab: /home/runner/work/ozone/ozone/hadoop-ozone/integration-test/target/test-dir/TestSecretKeySnapshot/scm.keytab
2023-06-21 21:48:44,717 [pool-2-thread-1] INFO  request.KdcRequest (KdcRequest.java:preauth(651)) - The preauth data is empty.
2023-06-21 21:48:44,718 [pool-2-thread-1] INFO  server.KdcHandler (KdcHandler.java:handleRecoverableException(177)) - KRB error occurred while processing request:Additional pre-authentication required
2023-06-21 21:48:44,723 [pool-2-thread-1] INFO  request.AsRequest (AsRequest.java:issueTicket(112)) - AS_REQ ISSUE: authtime 1687384124722,scm/fv-az1254-726.qtnbswlwlufehe3u4emko3izng.cx.internal.cloudapp.net@EXAMPLE.COM for krbtgt/EXAMPLE.COM@EXAMPLE.COM
2023-06-21 21:48:44,731 [main] INFO  security.UserGroupInformation (UserGroupInformation.java:loginUserFromKeytab(1132)) - Login successful for user scm/fv-az1254-726.qtnbswlwlufehe3u4emko3izng.cx.internal.cloudapp.net@EXAMPLE.COM using keytab file scm.keytab. Keytab auto renewal enabled : false
2023-06-21 21:48:44,731 [main] INFO  ozone.HddsDatanodeService (HddsDatanodeService.java:start(292)) - Hdds Datanode login successful.
2023-06-21 21:48:44,769 [main] INFO  ozone.HddsDatanodeService (HddsDatanodeService.java:initializeCertificateClient(399)) - Initializing secure Datanode.
2023-06-21 21:48:44,769 [main] ERROR client.DNCertificateClient (DefaultCertificateClient.java:getCertPath(319)) - Default certificate serial id is not set. Can't locate the default certificate for this client.
2023-06-21 21:48:44,769 [main] INFO  client.DNCertificateClient (DefaultCertificateClient.java:init(692)) - Certificate client init case: 0
2023-06-21 21:48:44,770 [main] INFO  client.DNCertificateClient (DefaultCertificateClient.java:handleCase(710)) - Creating keypair for client as keypair and certificate not found.
2023-06-21 21:48:44,887 [main] INFO  ozone.HddsDatanodeService (HddsDatanodeService.java:initializeCertificateClient(409)) - Init response: GETCERT
2023-06-21 21:48:44,888 [main] INFO  ozone.OzoneSecurityUtil (OzoneSecurityUtil.java:getValidInetsForCurrentHost(119)) - ip:fe80:0:0:0:6245:bdff:feb0:498c%eth0 not returned.
2023-06-21 21:48:44,889 [main] INFO  ozone.OzoneSecurityUtil (OzoneSecurityUtil.java:getValidInetsForCurrentHost(116)) - Adding ip:10.1.0.15,host:fv-az1254-726.qtnbswlwlufehe3u4emko3izng.cx.internal.cloudapp.net
2023-06-21 21:48:44,889 [main] INFO  ozone.OzoneSecurityUtil (OzoneSecurityUtil.java:getValidInetsForCurrentHost(119)) - ip:0:0:0:0:0:0:0:1%lo not returned.
2023-06-21 21:48:44,889 [main] INFO  ozone.OzoneSecurityUtil (OzoneSecurityUtil.java:getValidInetsForCurrentHost(119)) - ip:127.0.0.1 not returned.
2023-06-21 21:48:44,889 [main] INFO  client.DNCertificateClient (DNCertificateClient.java:getCSRBuilder(85)) - Created csr for DN-> subject:scm@fv-az1254-726.qtnbswlwlufehe3u4emko3izng.cx.internal.cloudapp.net
2023-06-21 21:48:44,893 [main] INFO  ha.SCMNodeInfo (SCMNodeInfo.java:getPort(197)) - ConfigKey ozone.scm.client.address is deprecated, For configuring different ports for each SCM use PortConfigKey ozone.scm.client.port appended with serviceId and nodeId
2023-06-21 21:48:44,894 [main] INFO  ha.SCMNodeInfo (SCMNodeInfo.java:getPort(197)) - ConfigKey ozone.scm.block.client.address is deprecated, For configuring different ports for each SCM use PortConfigKey ozone.scm.block.client.port appended with serviceId and nodeId
2023-06-21 21:48:44,894 [main] INFO  ha.SCMNodeInfo (SCMNodeInfo.java:getPort(197)) - ConfigKey ozone.scm.security.service.address is deprecated, For configuring different ports for each SCM use PortConfigKey ozone.scm.security.service.port appended with serviceId and nodeId
2023-06-21 21:48:44,894 [main] INFO  ha.SCMNodeInfo (SCMNodeInfo.java:getPort(197)) - ConfigKey ozone.scm.datanode.address is deprecated, For configuring different ports for each SCM use PortConfigKey ozone.scm.datanode.port appended with serviceId and nodeId
2023-06-21 21:48:44,894 [main] INFO  ha.SCMNodeInfo (SCMNodeInfo.java:getPort(197)) - ConfigKey ozone.scm.client.address is deprecated, For configuring different ports for each SCM use PortConfigKey ozone.scm.client.port appended with serviceId and nodeId
2023-06-21 21:48:44,894 [main] INFO  ha.SCMNodeInfo (SCMNodeInfo.java:getPort(197)) - ConfigKey ozone.scm.block.client.address is deprecated, For configuring different ports for each SCM use PortConfigKey ozone.scm.block.client.port appended with serviceId and nodeId
2023-06-21 21:48:44,894 [main] INFO  ha.SCMNodeInfo (SCMNodeInfo.java:getPort(197)) - ConfigKey ozone.scm.security.service.address is deprecated, For configuring different ports for each SCM use PortConfigKey ozone.scm.security.service.port appended with serviceId and nodeId
2023-06-21 21:48:44,895 [main] INFO  ha.SCMNodeInfo (SCMNodeInfo.java:getPort(197)) - ConfigKey ozone.scm.datanode.address is deprecated, For configuring different ports for each SCM use PortConfigKey ozone.scm.datanode.port appended with serviceId and nodeId
2023-06-21 21:48:44,895 [main] INFO  ha.SCMNodeInfo (SCMNodeInfo.java:getPort(197)) - ConfigKey ozone.scm.client.address is deprecated, For configuring different ports for each SCM use PortConfigKey ozone.scm.client.port appended with serviceId and nodeId
2023-06-21 21:48:44,895 [main] INFO  ha.SCMNodeInfo (SCMNodeInfo.java:getPort(197)) - ConfigKey ozone.scm.block.client.address is deprecated, For configuring different ports for each SCM use PortConfigKey ozone.scm.block.client.port appended with serviceId and nodeId
2023-06-21 21:48:44,895 [main] INFO  ha.SCMNodeInfo (SCMNodeInfo.java:getPort(197)) - ConfigKey ozone.scm.security.service.address is deprecated, For configuring different ports for each SCM use PortConfigKey ozone.scm.security.service.port appended with serviceId and nodeId
2023-06-21 21:48:44,895 [main] INFO  ha.SCMNodeInfo (SCMNodeInfo.java:getPort(197)) - ConfigKey ozone.scm.datanode.address is deprecated, For configuring different ports for each SCM use PortConfigKey ozone.scm.datanode.port appended with serviceId and nodeId
2023-06-21 21:48:44,912 [pool-2-thread-1] INFO  request.TgsRequest (TgsRequest.java:issueTicket(115)) - TGS_REQ ISSUE: authtime 1687384124912,scm/fv-az1254-726.qtnbswlwlufehe3u4emko3izng.cx.internal.cloudapp.net for scm/fv-az1254-726.qtnbswlwlufehe3u4emko3izng.cx.internal.cloudapp.net@EXAMPLE.COM
2023-06-21 21:48:44,930 [Socket Reader #1 for port 15002] INFO  ipc.Server (Server.java:saslProcess(2116)) - Auth successful for scm/fv-az1254-726.qtnbswlwlufehe3u4emko3izng.cx.internal.cloudapp.net@EXAMPLE.COM (auth:KERBEROS) from 10.1.0.15:33063
2023-06-21 21:48:44,950 [IPC Server handler 1 on default port 15002] INFO  server.SCMSecurityProtocolServer (SCMSecurityProtocolServer.java:getDataNodeCertificate(187)) - Processing CSR for dn fv-az1254-726.qtnbswlwlufehe3u4emko3izng.cx.internal.cloudapp.net, UUID: d7c2b77a-ebfa-4f5e-b0ff-24733d290501
2023-06-21 21:48:44,973 [main] INFO  client.DNCertificateClient (DefaultCertificateClient.java:readCertificateFile(196)) - Added certificate   [0]         Version: 3
         SerialNumber: 1723072736552
             IssuerDN: CN=scm-sub@localhost,OU=6554ba57-669d-4c9f-91d9-11f4838b8a27,O=ed2e7ec8-c199-49a5-9fff-29e1d18647c8
           Start Date: Wed Jun 21 21:48:44 UTC 2023
           Final Date: Thu Jun 20 21:48:44 UTC 2024
            SubjectDN: CN=scm@fv-az1254-726.qtnbswlwlufehe3u4emko3izng.cx.internal.cloudapp.net,OU=6554ba57-669d-4c9f-91d9-11f4838b8a27,O=ed2e7ec8-c199-49a5-9fff-29e1d18647c8
           Public Key: RSA Public Key [64:ce:29:9a:ce:df:e7:fc:f8:60:40:93:2f:fa:fa:e4:01:a5:af:0c],[56:66:d1:a4]
        modulus: 9b5a94fe1d5a41418ed2651855d957fd062e039f0f897105399cc55930eaa18d7d71f047ca5f2ae07bac15a71a850ace935a2d481e596d37b44f3934e7aa14d1bb47b44339a87416f0b4e9b814ce045a2df563099d3dacab7ba65bba32a46edf455bb7b72e58cb803f83ae624a03d4585c638448c46b5e27fc5b91109f3cc1b88cc52b2ae1d2740137fdccf1223de205fbd023ce28725ac67feab1c03fbfbc7343e51e43a01ea29a4a107ce6bf9755e1cdbc9278d604a517ae22b9eead7f2adab33779f5258ee3898a87855d578381a60979b07c4ea2d1b52e82aead0750849505651a6df189ab9e134432ee6b3865c668147e4bf069aa26e269dd74f7e83d55
public exponent: 10001

  Signature Algorithm: SHA256WITHRSA
            Signature: 4b1d2f1a6c88f521c140aeb2ef508c277277c9be
                       67c5eadd6270d7a29e13e85cea1408dac2f526a0
                       f117544c1a4960ddf05eb2b2d8a0bc832ab3354d
                       7b0bd3092c9506479c6d8a48b157ef0dbd091477
                       711ff32e08148a6e4fd23a2374af9ad25d1c4d17
                       8cab226e3117f86b680b4ba162a1a78762adf820
                       a61c7a5914ee9d8046adea77bc2918f13248fc87
                       8d8ebd025048a6a35ce902fe80d9b6a59d6f3b33
                       8e97286027159d88e1e070f62c6dfb33d9220aa2
                       ba4f4bea635ebf5e0b9988470dfbaa44503e9a40
                       49f153d7890d4b1783a03d2a7174257a06485fa1
                       a16d99353df5dd9b75fd5d486d6fd6dbce0c2c20
                       7c677b450299b568155e991ffcdb10cd
       Extensions: 
                       critical(false) 2.5.29.17 value = Sequence
    Tagged [7] IMPLICIT 
        DER Octet String[4] 
    Tagged [2] IMPLICIT 
        DER Octet String[65] 

                       critical(true) KeyUsage: 0xb8
 from file: /home/runner/work/ozone/ozone/hadoop-ozone/integration-test/target/test-dir/MiniOzoneClusterImpl-ed2e7ec8-c199-49a5-9fff-29e1d18647c8/datanode-0/meta/dn/certs/1723072736552.crt.
2023-06-21 21:48:44,975 [main] INFO  client.DNCertificateClient (DefaultCertificateClient.java:readCertificateFile(196)) - Added certificate   [0]         Version: 3
         SerialNumber: 1699472678288
             IssuerDN: CN=scm@fv-az1254-726,OU=6554ba57-669d-4c9f-91d9-11f4838b8a27,O=ed2e7ec8-c199-49a5-9fff-29e1d18647c8
           Start Date: Wed Jun 21 21:48:21 UTC 2023
           Final Date: Sat Jul 29 21:48:21 UTC 2028
            SubjectDN: CN=scm-sub@localhost,OU=6554ba57-669d-4c9f-91d9-11f4838b8a27,O=ed2e7ec8-c199-49a5-9fff-29e1d18647c8
           Public Key: RSA Public Key [ad:e4:f8:74:1b:79:64:ac:79:2c:d2:61:79:95:5d:4a:cc:5e:da:72],[56:66:d1:a4]
        modulus: a1fc53ac09e2ae2c6559a78021630c8a4a88dec243eba21687d367c3767c066ca364c3e21f60735e7cfd73287b23d3383b41bbe7b17f7b46ec83cfe19fff045065d7009c0c026aa855b54ba4ec36934b9d6643b3e311537e5311107b42f56dfb00565f121e8a750df72e66a27d9897a88aae199e8e8a8356003515073fbd1dc6e112810ed9e231fee847a486d8dd4bb7ae06bb8729574793847d5b29d4feaa55936d86036fe17ceef9f7e12d5eb025c37f7012ee82a81faa0f18705ac0df8a85ae9ef50ce66fc00494a920405eb3ac1e28fc65b8d910bac4b5ffff20e4470a18c0fe1ac7bbaa16de8fed58184ed9e7b6bca66561f69e7b9a4668d0dd6fdda52b
public exponent: 10001

  Signature Algorithm: SHA256WITHRSA
            Signature: 4a6b0fb3fc4de60ed525f7e5e21d0fa5169ca857
                       e657339964d32017319668d724d2de705c73069e
                       4b0ec371a0f0650f1912badba46f12d603a7baf3
                       afb9b414325ec81948abf20d09ae8c52d6691dba
                       708744315dcd754a4a991e068e45f882d74411e7
                       1bd8f63285c95d1a1b9362840be0db2e848c72bd
                       e38116bc2d511d8bdda9368ec58dee4a3d090308
                       908d608100038e2c5752681994b8e4fc0731c8b6
                       6e326faa21ab29317dc17fae3666e7ab8d685055
                       46db6d5dc613b7a8e0ddd708044efbcb0a9e49c8
                       07800926e2c94bc07f7395dd0c7e1f7babd1b4fc
                       444a64c86ac2a0eb2911ba3fddc04a18979acbc9
                       c10c4d503cdac5ae7d7da7d9c2f4602b
       Extensions: 
                       critical(false) 2.5.29.17 value = Sequence
    Tagged [7] IMPLICIT 
        DER Octet String[4] 
    Tagged [2] IMPLICIT 
        DER Octet String[65] 

                       critical(true) BasicConstraints: isCa(true)
                       critical(true) KeyUsage: 0xbe
 from file: /home/runner/work/ozone/ozone/hadoop-ozone/integration-test/target/test-dir/MiniOzoneClusterImpl-ed2e7ec8-c199-49a5-9fff-29e1d18647c8/datanode-0/meta/dn/certs/CA-1699472678288.crt.
2023-06-21 21:48:44,976 [main] INFO  client.DNCertificateClient (DefaultCertificateClient.java:readCertificateFile(196)) - Added certificate   [0]         Version: 3
         SerialNumber: 1
             IssuerDN: CN=scm@fv-az1254-726,OU=6554ba57-669d-4c9f-91d9-11f4838b8a27,O=ed2e7ec8-c199-49a5-9fff-29e1d18647c8
           Start Date: Wed Jun 21 21:48:21 UTC 2023
           Final Date: Sat Jul 29 21:48:21 UTC 2028
            SubjectDN: CN=scm@fv-az1254-726,OU=6554ba57-669d-4c9f-91d9-11f4838b8a27,O=ed2e7ec8-c199-49a5-9fff-29e1d18647c8
           Public Key: RSA Public Key [2c:69:cf:f0:97:04:f0:3a:8f:0a:03:f1:15:41:9a:6b:a5:20:dd:c3],[56:66:d1:a4]
        modulus: b1f5f5b26f58524b7ceed6238c0164a5e0f68098a1de78efe7e2da0c2ace7ff8d95263670ba7e1a50644c44bda98847aa50c9dafdfcf632b99049d2b1508be1124636d6a04296e0ce8b17d5d738257052a223bff56eaf694c00a2b8cf407ea19d1ee979ef47c1244cd0f11f8b4792dd90ba0766388a71115590b22d31ee03f7777a70eba99354a80f4fe6c18a7e74a117b6cb3abff4bca0e6efcce343ba87e1b11dbbb5c9f2182cebf68ec58dc3390168a1996a6213d9ef111dba5bd5b58cc1c6e66f69c283927fa28c7d0427068ef3e60b8300ac329f21ff07f20e7b1e445ae13bf8835c969264fa2e3fdd99dcd3f41cc2471454d3d13fdc8ecb3c62eaf6b85
public exponent: 10001

  Signature Algorithm: SHA256WITHRSA
            Signature: 71be930adf6a02910a64fc3feb2c03f96bae97bb
                       086294776abaea75db0be6fae57978872a4291dd
                       c640dae516800bd462ca54680da0e03172ad789a
                       69ccac790180ffa2b195c2913b00d90d0cbcf4a4
                       8c92284415b78e4e7b2342ca6575569252f6bddb
                       fd8ff046cb759c68cf349310d181e813cfd33c93
                       8b21d11e8302a7cfbc735e7aeb0da2ee7bf413d2
                       ad2502a16ad0a1ad96a720ba487e9a0f25e37b4c
                       3394a50c4336345c4395cc3e1f8068ab76b8a358
                       3fbc8f031a5e67a29032424b4f1feb4cd8cdf663
                       4f075ee1ebd546d2ea1fd1e09a6a14340e174f0c
                       f6baa29edf6c54090c18705dc24c7859ba9a706c
                       476df4ad77011b72f9e4b80082c2a819
       Extensions: 
                       critical(true) BasicConstraints: isCa(true)
                       critical(true) KeyUsage: 0x6
                       critical(false) 2.5.29.17 value = Sequence
    Tagged [7] IMPLICIT 
        DER Octet String[4] 
    Tagged [2] IMPLICIT 
        DER Octet String[65] 

 from file: /home/runner/work/ozone/ozone/hadoop-ozone/integration-test/target/test-dir/MiniOzoneClusterImpl-ed2e7ec8-c199-49a5-9fff-29e1d18647c8/datanode-0/meta/dn/certs/ROOTCA-1.crt.
2023-06-21 21:48:44,977 [main] INFO  client.DNCertificateClient (DefaultCertificateClient.java:startCertificateMonitor(1260)) - CertificateLifetimeMonitor for dn is started with first delay 29116799023 ms and interval 86400000 ms.
2023-06-21 21:48:45,061 [main] INFO  ozone.HddsDatanodeService (HddsDatanodeService.java:initializeCertificateClient(421)) - Successfully stored SCM signed certificate, case:GETCERT.
2023-06-21 21:48:45,061 [main] INFO  ha.SCMNodeInfo (SCMNodeInfo.java:getPort(197)) - ConfigKey ozone.scm.client.address is deprecated, For configuring different ports for each SCM use PortConfigKey ozone.scm.client.port appended with serviceId and nodeId
2023-06-21 21:48:45,062 [main] INFO  ha.SCMNodeInfo (SCMNodeInfo.java:getPort(197)) - ConfigKey ozone.scm.block.client.address is deprecated, For configuring different ports for each SCM use PortConfigKey ozone.scm.block.client.port appended with serviceId and nodeId
2023-06-21 21:48:45,062 [main] INFO  ha.SCMNodeInfo (SCMNodeInfo.java:getPort(197)) - ConfigKey ozone.scm.security.service.address is deprecated, For configuring different ports for each SCM use PortConfigKey ozone.scm.security.service.port appended with serviceId and nodeId
2023-06-21 21:48:45,062 [main] INFO  ha.SCMNodeInfo (SCMNodeInfo.java:getPort(197)) - ConfigKey ozone.scm.datanode.address is deprecated, For configuring different ports for each SCM use PortConfigKey ozone.scm.datanode.port appended with serviceId and nodeId
2023-06-21 21:48:45,062 [main] INFO  ha.SCMNodeInfo (SCMNodeInfo.java:getPort(197)) - ConfigKey ozone.scm.client.address is deprecated, For configuring different ports for each SCM use PortConfigKey ozone.scm.client.port appended with serviceId and nodeId
2023-06-21 21:48:45,062 [main] INFO  ha.SCMNodeInfo (SCMNodeInfo.java:getPort(197)) - ConfigKey ozone.scm.block.client.address is deprecated, For configuring different ports for each SCM use PortConfigKey ozone.scm.block.client.port appended with serviceId and nodeId
2023-06-21 21:48:45,062 [main] INFO  ha.SCMNodeInfo (SCMNodeInfo.java:getPort(197)) - ConfigKey ozone.scm.security.service.address is deprecated, For configuring different ports for each SCM use PortConfigKey ozone.scm.security.service.port appended with serviceId and nodeId
2023-06-21 21:48:45,062 [main] INFO  ha.SCMNodeInfo (SCMNodeInfo.java:getPort(197)) - ConfigKey ozone.scm.datanode.address is deprecated, For configuring different ports for each SCM use PortConfigKey ozone.scm.datanode.port appended with serviceId and nodeId
2023-06-21 21:48:45,062 [main] INFO  ha.SCMNodeInfo (SCMNodeInfo.java:getPort(197)) - ConfigKey ozone.scm.client.address is deprecated, For configuring different ports for each SCM use PortConfigKey ozone.scm.client.port appended with serviceId and nodeId
2023-06-21 21:48:45,063 [main] INFO  ha.SCMNodeInfo (SCMNodeInfo.java:getPort(197)) - ConfigKey ozone.scm.block.client.address is deprecated, For configuring different ports for each SCM use PortConfigKey ozone.scm.block.client.port appended with serviceId and nodeId
2023-06-21 21:48:45,063 [main] INFO  ha.SCMNodeInfo (SCMNodeInfo.java:getPort(197)) - ConfigKey ozone.scm.security.service.address is deprecated, For configuring different ports for each SCM use PortConfigKey ozone.scm.security.service.port appended with serviceId and nodeId
2023-06-21 21:48:45,063 [main] INFO  ha.SCMNodeInfo (SCMNodeInfo.java:getPort(197)) - ConfigKey ozone.scm.datanode.address is deprecated, For configuring different ports for each SCM use PortConfigKey ozone.scm.datanode.port appended with serviceId and nodeId
2023-06-21 21:48:45,066 [main] INFO  symmetric.DefaultSecretKeyVerifierClient (DefaultSecretKeyVerifierClient.java:<init>(77)) - Initializing secret key cache with size 6, TTL PT1M1S
2023-06-21 21:48:45,074 [Socket Reader #1 for port 15002] INFO  ipc.Server (Server.java:saslProcess(2116)) - Auth successful for scm/fv-az1254-726.qtnbswlwlufehe3u4emko3izng.cx.internal.cloudapp.net@EXAMPLE.COM (auth:KERBEROS) from 10.1.0.15:46841
2023-06-21 21:48:45,092 [main] INFO  symmetric.DefaultSecretKeySignerClient (DefaultSecretKeySignerClient.java:start(73)) - Initial secret key fetched from SCM: SecretKey(id = 549f050c-1bf3-451b-8f20-a15d7a7e75fa, creation at: 2023-06-21T21:48:35.500Z, expire at: 2023-06-21T21:49:36.500Z).
2023-06-21 21:48:45,092 [main] INFO  symmetric.DefaultSecretKeySignerClient (DefaultSecretKeySignerClient.java:scheduleSecretKeyPoller(105)) - Scheduling SecretKeyPoller with initial delay of PT20.408S and interval of PT1S
2023-06-21 21:48:45,101 [main] INFO  upgrade.AbstractLayoutVersionManager (AbstractLayoutVersionManager.java:init(83)) - Initializing Layout version manager with metadata layout = HADOOP_PRC_PORTS_IN_DATANODEDETAILS (version = 7), software layout = HADOOP_PRC_PORTS_IN_DATANODEDETAILS (version = 7)
2023-06-21 21:48:45,103 [main] INFO  ha.SCMNodeInfo (SCMNodeInfo.java:getPort(197)) - ConfigKey ozone.scm.client.address is deprecated, For configuring different ports for each SCM use PortConfigKey ozone.scm.client.port appended with serviceId and nodeId
2023-06-21 21:48:45,103 [main] INFO  ha.SCMNodeInfo (SCMNodeInfo.java:getPort(197)) - ConfigKey ozone.scm.block.client.address is deprecated, For configuring different ports for each SCM use PortConfigKey ozone.scm.block.client.port appended with serviceId and nodeId
2023-06-21 21:48:45,103 [main] INFO  ha.SCMNodeInfo (SCMNodeInfo.java:getPort(197)) - ConfigKey ozone.scm.security.service.address is deprecated, For configuring different ports for each SCM use PortConfigKey ozone.scm.security.service.port appended with serviceId and nodeId
2023-06-21 21:48:45,104 [main] INFO  ha.SCMNodeInfo (SCMNodeInfo.java:getPort(197)) - ConfigKey ozone.scm.datanode.address is deprecated, For configuring different ports for each SCM use PortConfigKey ozone.scm.datanode.port appended with serviceId and nodeId
2023-06-21 21:48:45,104 [main] INFO  ha.SCMNodeInfo (SCMNodeInfo.java:getPort(197)) - ConfigKey ozone.scm.client.address is deprecated, For configuring different ports for each SCM use PortConfigKey ozone.scm.client.port appended with serviceId and nodeId
2023-06-21 21:48:45,104 [main] INFO  ha.SCMNodeInfo (SCMNodeInfo.java:getPort(197)) - ConfigKey ozone.scm.block.client.address is deprecated, For configuring different ports for each SCM use PortConfigKey ozone.scm.block.client.port appended with serviceId and nodeId
2023-06-21 21:48:45,104 [main] INFO  ha.SCMNodeInfo (SCMNodeInfo.java:getPort(197)) - ConfigKey ozone.scm.security.service.address is deprecated, For configuring different ports for each SCM use PortConfigKey ozone.scm.security.service.port appended with serviceId and nodeId
2023-06-21 21:48:45,104 [main] INFO  ha.SCMNodeInfo (SCMNodeInfo.java:getPort(197)) - ConfigKey ozone.scm.datanode.address is deprecated, For configuring different ports for each SCM use PortConfigKey ozone.scm.datanode.port appended with serviceId and nodeId
2023-06-21 21:48:45,104 [main] INFO  ha.SCMNodeInfo (SCMNodeInfo.java:getPort(197)) - ConfigKey ozone.scm.client.address is deprecated, For configuring different ports for each SCM use PortConfigKey ozone.scm.client.port appended with serviceId and nodeId
2023-06-21 21:48:45,104 [main] INFO  ha.SCMNodeInfo (SCMNodeInfo.java:getPort(197)) - ConfigKey ozone.scm.block.client.address is deprecated, For configuring different ports for each SCM use PortConfigKey ozone.scm.block.client.port appended with serviceId and nodeId
2023-06-21 21:48:45,104 [main] INFO  ha.SCMNodeInfo (SCMNodeInfo.java:getPort(197)) - ConfigKey ozone.scm.security.service.address is deprecated, For configuring different ports for each SCM use PortConfigKey ozone.scm.security.service.port appended with serviceId and nodeId
2023-06-21 21:48:45,104 [main] INFO  ha.SCMNodeInfo (SCMNodeInfo.java:getPort(197)) - ConfigKey ozone.scm.datanode.address is deprecated, For configuring different ports for each SCM use PortConfigKey ozone.scm.datanode.port appended with serviceId and nodeId
2023-06-21 21:48:45,105 [main] INFO  statemachine.DatanodeStateMachine (DatanodeStateMachine.java:getEndPointTaskThreadPoolSize(279)) - Datanode State Machine Task Thread Pool size 4
2023-06-21 21:48:45,179 [main] INFO  volume.HddsVolume (HddsVolume.java:<init>(130)) - Creating HddsVolume: /home/runner/work/ozone/ozone/hadoop-ozone/integration-test/target/test-dir/MiniOzoneClusterImpl-ed2e7ec8-c199-49a5-9fff-29e1d18647c8/datanode-0/data-0/containers/hdds of storage type : DISK capacity : 9223372036854775807
2023-06-21 21:48:45,181 [main] INFO  volume.MutableVolumeSet (MutableVolumeSet.java:initializeVolumeSet(175)) - Added Volume : /home/runner/work/ozone/ozone/hadoop-ozone/integration-test/target/test-dir/MiniOzoneClusterImpl-ed2e7ec8-c199-49a5-9fff-29e1d18647c8/datanode-0/data-0/containers/hdds to VolumeSet
2023-06-21 21:48:45,183 [main] INFO  volume.ThrottledAsyncChecker (ThrottledAsyncChecker.java:schedule(141)) - Scheduling a check for /home/runner/work/ozone/ozone/hadoop-ozone/integration-test/target/test-dir/MiniOzoneClusterImpl-ed2e7ec8-c199-49a5-9fff-29e1d18647c8/datanode-0/data-0/containers/hdds
2023-06-21 21:48:45,200 [main] INFO  volume.StorageVolumeChecker (StorageVolumeChecker.java:checkAllVolumes(202)) - Scheduled health check for volume /home/runner/work/ozone/ozone/hadoop-ozone/integration-test/target/test-dir/MiniOzoneClusterImpl-ed2e7ec8-c199-49a5-9fff-29e1d18647c8/datanode-0/data-0/containers/hdds
2023-06-21 21:48:45,218 [main] INFO  volume.MutableVolumeSet (MutableVolumeSet.java:initializeVolumeSet(175)) - Added Volume : /home/runner/work/ozone/ozone/hadoop-ozone/integration-test/target/test-dir/MiniOzoneClusterImpl-ed2e7ec8-c199-49a5-9fff-29e1d18647c8/datanode-0/data/ratis to VolumeSet
2023-06-21 21:48:45,218 [main] INFO  volume.ThrottledAsyncChecker (ThrottledAsyncChecker.java:schedule(141)) - Scheduling a check for /home/runner/work/ozone/ozone/hadoop-ozone/integration-test/target/test-dir/MiniOzoneClusterImpl-ed2e7ec8-c199-49a5-9fff-29e1d18647c8/datanode-0/data/ratis
2023-06-21 21:48:45,219 [main] INFO  volume.StorageVolumeChecker (StorageVolumeChecker.java:checkAllVolumes(202)) - Scheduled health check for volume /home/runner/work/ozone/ozone/hadoop-ozone/integration-test/target/test-dir/MiniOzoneClusterImpl-ed2e7ec8-c199-49a5-9fff-29e1d18647c8/datanode-0/data/ratis
2023-06-21 21:48:45,240 [Thread-551] INFO  ozoneimpl.ContainerReader (ContainerReader.java:readVolume(175)) - Finish verifying containers on volume /home/runner/work/ozone/ozone/hadoop-ozone/integration-test/target/test-dir/MiniOzoneClusterImpl-ed2e7ec8-c199-49a5-9fff-29e1d18647c8/datanode-0/data-0/containers/hdds
2023-06-21 21:48:45,240 [main] INFO  ozoneimpl.OzoneContainer (OzoneContainer.java:buildContainerSet(316)) - Build ContainerSet costs 0s
2023-06-21 21:48:45,288 [main] INFO  audit.AuditLogger (AuditLogger.java:refreshDebugCmdSet(126)) - Refresh DebugCmdSet for DNAudit to [].
2023-06-21 21:48:45,317 [main] INFO  server.RaftServer (ConfUtils.java:logGet(46)) - raft.rpc.type = GRPC (default)
2023-06-21 21:48:45,317 [main] INFO  grpc.GrpcConfigKeys (ConfUtils.java:logFallback(53)) - raft.grpc.admin.host = null (fallback to raft.grpc.server.host)
2023-06-21 21:48:45,318 [main] INFO  grpc.GrpcConfigKeys (ConfUtils.java:logGet(46)) - raft.grpc.admin.port = 15045 (custom)
2023-06-21 21:48:45,318 [main] INFO  grpc.GrpcConfigKeys (ConfUtils.java:logFallback(53)) - raft.grpc.client.host = null (fallback to raft.grpc.server.host)
2023-06-21 21:48:45,318 [main] INFO  grpc.GrpcConfigKeys (ConfUtils.java:logGet(46)) - raft.grpc.client.port = 15044 (custom)
2023-06-21 21:48:45,318 [main] INFO  grpc.GrpcConfigKeys (ConfUtils.java:logGet(46)) - raft.grpc.server.host = null (default)
2023-06-21 21:48:45,318 [main] INFO  grpc.GrpcConfigKeys (ConfUtils.java:logGet(46)) - raft.grpc.server.port = 15046 (custom)
2023-06-21 21:48:45,318 [main] INFO  server.GrpcService (ConfUtils.java:logGet(46)) - raft.grpc.message.size.max = 32MB (=33554432) (custom)
2023-06-21 21:48:45,318 [main] INFO  server.RaftServerConfigKeys (ConfUtils.java:logGet(46)) - raft.server.log.appender.buffer.byte-limit = 33554432 (custom)
2023-06-21 21:48:45,319 [main] INFO  server.GrpcService (ConfUtils.java:logGet(46)) - raft.grpc.flow.control.window = 5MB (=5242880) (custom)
2023-06-21 21:48:45,319 [main] INFO  server.RaftServerConfigKeys (ConfUtils.java:logGet(46)) - raft.server.rpc.request.timeout = 60s (custom)
2023-06-21 21:48:45,319 [main] INFO  grpc.GrpcConfigKeys (ConfUtils.java:logGet(46)) - raft.grpc.server.heartbeat.channel = true (default)
2023-06-21 21:48:45,319 [main] INFO  grpc.GrpcConfigKeys (ConfUtils.java:logGet(46)) - raft.grpc.server.async.request.thread.pool.cached = true (default)
2023-06-21 21:48:45,319 [main] INFO  grpc.GrpcConfigKeys (ConfUtils.java:logGet(46)) - raft.grpc.server.async.request.thread.pool.size = 32 (default)
2023-06-21 21:48:45,322 [main] INFO  impl.DataStreamServerImpl (ConfUtils.java:logGet(46)) - raft.datastream.type = NETTY (custom)
2023-06-21 21:48:45,330 [main] INFO  server.RaftServerConfigKeys (ConfUtils.java:logGet(46)) - raft.server.data-stream.async.request.thread.pool.cached = false (default)
2023-06-21 21:48:45,331 [main] INFO  server.RaftServerConfigKeys (ConfUtils.java:logGet(46)) - raft.server.data-stream.async.request.thread.pool.size = 20 (custom)
2023-06-21 21:48:45,331 [main] INFO  server.RaftServerConfigKeys (ConfUtils.java:logGet(46)) - raft.server.data-stream.async.write.thread.pool.size = 16 (default)
2023-06-21 21:48:45,332 [main] INFO  server.RaftServerConfigKeys (ConfUtils.java:logGet(46)) - raft.server.data-stream.client.pool.size = 10 (default)
2023-06-21 21:48:45,334 [main] INFO  netty.NettyConfigKeys$DataStream (ConfUtils.java:logGet(46)) - raft.netty.dataStream.server.use-epoll = false (default)
2023-06-21 21:48:45,335 [main] INFO  netty.NettyConfigKeys$DataStream (ConfUtils.java:logGet(46)) - raft.netty.dataStream.server.boss-group.size = 0 (default)
2023-06-21 21:48:45,341 [main] INFO  netty.NettyConfigKeys$DataStream (ConfUtils.java:logGet(46)) - raft.netty.dataStream.server.worker-group.size = 0 (default)
2023-06-21 21:48:45,343 [main] INFO  netty.NettyConfigKeys$DataStream (ConfUtils.java:logGet(46)) - raft.netty.dataStream.server.tls.conf = null (default)
2023-06-21 21:48:45,344 [main] INFO  netty.NettyConfigKeys$DataStream (ConfUtils.java:logGet(46)) - raft.netty.dataStream.host = null (default)
2023-06-21 21:48:45,344 [main] INFO  netty.NettyConfigKeys$DataStream (ConfUtils.java:logGet(46)) - raft.netty.dataStream.port = 15047 (custom)
2023-06-21 21:48:45,355 [main] INFO  server.RaftServerConfigKeys (ConfUtils.java:logGet(46)) - raft.server.threadpool.proxy.cached = true (default)
2023-06-21 21:48:45,356 [main] INFO  server.RaftServerConfigKeys (ConfUtils.java:logGet(46)) - raft.server.threadpool.proxy.size = 0 (default)
2023-06-21 21:48:45,356 [main] INFO  server.RaftServerConfigKeys (ConfUtils.java:logGet(46)) - raft.server.rpc.slowness.timeout = 300s (custom)
2023-06-21 21:48:45,356 [main] INFO  server.RaftServerConfigKeys (ConfUtils.java:logGet(46)) - raft.server.leaderelection.leader.step-down.wait-time = 10s (default)
2023-06-21 21:48:45,356 [main] INFO  server.RaftServerConfigKeys (ConfUtils.java:logGet(46)) - raft.server.storage.dir = [/home/runner/work/ozone/ozone/hadoop-ozone/integration-test/target/test-dir/MiniOzoneClusterImpl-ed2e7ec8-c199-49a5-9fff-29e1d18647c8/datanode-0/data/ratis] (custom)
2023-06-21 21:48:45,385 [d7c2b77a-ebfa-4f5e-b0ff-24733d290501-NettyServerStreamRpc-bossGroup--thread1] INFO  logging.LoggingHandler (AbstractInternalLogger.java:log(148)) - [id: 0x0cf3a92d] REGISTERED
2023-06-21 21:48:45,385 [d7c2b77a-ebfa-4f5e-b0ff-24733d290501-NettyServerStreamRpc-bossGroup--thread1] INFO  logging.LoggingHandler (AbstractInternalLogger.java:log(148)) - [id: 0x0cf3a92d] BIND: 0.0.0.0/0.0.0.0:15047
2023-06-21 21:48:45,387 [d7c2b77a-ebfa-4f5e-b0ff-24733d290501-NettyServerStreamRpc-bossGroup--thread1] INFO  logging.LoggingHandler (AbstractInternalLogger.java:log(148)) - [id: 0x0cf3a92d, L:/0:0:0:0:0:0:0:0:15047] ACTIVE
2023-06-21 21:48:45,395 [main] INFO  server.XceiverServerGrpc (XceiverServerGrpc.java:<init>(132)) - GrpcServer channel type EpollServerSocketChannel
2023-06-21 21:48:45,421 [om1@group-C5BA1605619E-FollowerState] INFO  impl.FollowerState (FollowerState.java:run(143)) - om1@group-C5BA1605619E-FollowerState: change to CANDIDATE, lastRpcElapsedTime:1077734828ns, electionTimeout:1074ms
2023-06-21 21:48:45,421 [om1@group-C5BA1605619E-FollowerState] INFO  impl.RoleInfo (RoleInfo.java:shutdownFollowerState(110)) - om1: shutdown om1@group-C5BA1605619E-FollowerState
2023-06-21 21:48:45,421 [om1@group-C5BA1605619E-FollowerState] INFO  server.RaftServer$Division (RaftServerImpl.java:setRole(329)) - om1@group-C5BA1605619E: changes role from  FOLLOWER to CANDIDATE at term 0 for changeToCandidate
2023-06-21 21:48:45,423 [om1@group-C5BA1605619E-FollowerState] INFO  server.RaftServerConfigKeys (ConfUtils.java:logGet(46)) - raft.server.leaderelection.pre-vote = true (default)
2023-06-21 21:48:45,423 [om1@group-C5BA1605619E-FollowerState] INFO  impl.RoleInfo (RoleInfo.java:updateAndGet(139)) - om1: start om1@group-C5BA1605619E-LeaderElection3
2023-06-21 21:48:45,433 [om1@group-C5BA1605619E-LeaderElection3] INFO  impl.LeaderElection (LeaderElection.java:askForVotes(321)) - om1@group-C5BA1605619E-LeaderElection3 PRE_VOTE round 0: submit vote requests at term 0 for -1: peers:[om1|rpc:localhost:15039|priority:0|startupRole:FOLLOWER]|listeners:[], old=null
2023-06-21 21:48:45,433 [om1@group-C5BA1605619E-LeaderElection3] INFO  impl.LeaderElection (LeaderElection.java:askForVotes(323)) - om1@group-C5BA1605619E-LeaderElection3 PRE_VOTE round 0: result PASSED (term=0)
2023-06-21 21:48:45,435 [om1@group-C5BA1605619E-LeaderElection3] INFO  impl.LeaderElection (LeaderElection.java:askForVotes(321)) - om1@group-C5BA1605619E-LeaderElection3 ELECTION round 0: submit vote requests at term 1 for -1: peers:[om1|rpc:localhost:15039|priority:0|startupRole:FOLLOWER]|listeners:[], old=null
2023-06-21 21:48:45,435 [om1@group-C5BA1605619E-LeaderElection3] INFO  impl.LeaderElection (LeaderElection.java:askForVotes(323)) - om1@group-C5BA1605619E-LeaderElection3 ELECTION round 0: result PASSED (term=1)
2023-06-21 21:48:45,435 [om1@group-C5BA1605619E-LeaderElection3] INFO  impl.RoleInfo (RoleInfo.java:shutdownLeaderElection(130)) - om1: shutdown om1@group-C5BA1605619E-LeaderElection3
2023-06-21 21:48:45,435 [om1@group-C5BA1605619E-LeaderElection3] INFO  server.RaftServer$Division (RaftServerImpl.java:setRole(329)) - om1@group-C5BA1605619E: changes role from CANDIDATE to LEADER at term 1 for changeToLeader
2023-06-21 21:48:45,439 [om1@group-C5BA1605619E-LeaderElection3] INFO  server.RaftServer$Division (ServerState.java:setLeader(317)) - om1@group-C5BA1605619E: change Leader from null to om1 at term 1 for becomeLeader, leader elected after 2289ms
2023-06-21 21:48:45,439 [om1@group-C5BA1605619E-LeaderElection3] INFO  server.RaftServerConfigKeys (ConfUtils.java:logGet(46)) - raft.server.staging.catchup.gap = 1000 (default)
2023-06-21 21:48:45,439 [om1@group-C5BA1605619E-LeaderElection3] INFO  server.RaftServerConfigKeys (ConfUtils.java:logGet(46)) - raft.server.write.element-limit = 4096 (default)
2023-06-21 21:48:45,439 [om1@group-C5BA1605619E-LeaderElection3] INFO  server.RaftServerConfigKeys (ConfUtils.java:logGet(46)) - raft.server.write.byte-limit = 64MB (=67108864) (default)
2023-06-21 21:48:45,440 [main] INFO  replication.ReplicationSupervisor (ReplicationSupervisor.java:nodeStateUpdated(305)) - Node state updated to IN_SERVICE, scaling executor pool size to 10
2023-06-21 21:48:45,440 [om1@group-C5BA1605619E-LeaderElection3] INFO  server.RaftServerConfigKeys (ConfUtils.java:logGet(46)) - raft.server.watch.timeout = 10s (default)
2023-06-21 21:48:45,440 [om1@group-C5BA1605619E-LeaderElection3] INFO  server.RaftServerConfigKeys (ConfUtils.java:logGet(46)) - raft.server.watch.timeout.denomination = 1s (default)
2023-06-21 21:48:45,441 [om1@group-C5BA1605619E-LeaderElection3] INFO  server.RaftServerConfigKeys (ConfUtils.java:logGet(46)) - raft.server.watch.element-limit = 65536 (default)
2023-06-21 21:48:45,441 [om1@group-C5BA1605619E-LeaderElection3] INFO  server.RaftServerConfigKeys (ConfUtils.java:logGet(46)) - raft.server.write.element-limit = 4096 (default)
2023-06-21 21:48:45,441 [om1@group-C5BA1605619E-LeaderElection3] INFO  server.RaftServerConfigKeys (ConfUtils.java:logGet(46)) - raft.server.write.follower.gap.ratio.max = -1.0 (default)
2023-06-21 21:48:45,441 [om1@group-C5BA1605619E-LeaderElection3] INFO  impl.RoleInfo (RoleInfo.java:updateAndGet(139)) - om1: start om1@group-C5BA1605619E-LeaderStateImpl
2023-06-21 21:48:45,442 [om1@group-C5BA1605619E-LeaderElection3] INFO  segmented.SegmentedRaftLogWorker (SegmentedRaftLogWorker.java:startLogSegment(447)) - om1@group-C5BA1605619E-SegmentedRaftLogWorker: Starting segment from index:0
2023-06-21 21:48:45,453 [om1@group-C5BA1605619E-LeaderElection3] INFO  server.RaftServer$Division (ServerState.java:setRaftConf(434)) - om1@group-C5BA1605619E: set configuration 0: peers:[om1|rpc:localhost:15039|admin:|client:|dataStream:|priority:0|startupRole:FOLLOWER]|listeners:[], old=null
2023-06-21 21:48:45,455 [om1@group-C5BA1605619E-SegmentedRaftLogWorker] INFO  segmented.SegmentedRaftLogWorker (SegmentedRaftLogWorker.java:execute(651)) - om1@group-C5BA1605619E-SegmentedRaftLogWorker: created new log segment /home/runner/work/ozone/ozone/hadoop-ozone/integration-test/target/test-dir/MiniOzoneClusterImpl-ed2e7ec8-c199-49a5-9fff-29e1d18647c8/ozone-meta/ratis/bf265839-605b-3f16-9796-c5ba1605619e/current/log_inprogress_0
2023-06-21 21:48:45,459 [om1@group-C5BA1605619E-StateMachineUpdater] INFO  ratis.OzoneManagerStateMachine (OzoneManagerStateMachine.java:notifyConfigurationChanged(201)) - Received Configuration change notification from Ratis. New Peer list:
[id: "om1"
address: "localhost:15039"
startupRole: FOLLOWER
]
2023-06-21 21:48:45,524 [main] INFO  http.BaseHttpServer (BaseHttpServer.java:newHttpServer2BuilderForOzone(224)) - Starting Web-server for hddsDatanode at: http://0.0.0.0:15041
2023-06-21 21:48:45,524 [main] INFO  http.BaseHttpServer (BaseHttpServer.java:<init>(111)) - Hadoop Security Enabled: true Ozone Security Enabled: true Ozone HTTP Security Enabled: false 
2023-06-21 21:48:45,526 [main] WARN  server.AuthenticationFilter (AuthenticationFilter.java:constructSecretProvider(240)) - Unable to initialize FileSignerSecretProvider, falling back to use random secrets. Reason: Could not read signature secret file: /home/runner/hadoop-http-auth-signature-secret
2023-06-21 21:48:45,531 [main] INFO  http.HttpRequestLog (HttpRequestLog.java:getRequestLog(86)) - Http request log for http.requests.hddsDatanode is not defined
2023-06-21 21:48:45,534 [main] INFO  http.HttpServer2 (HttpServer2.java:addGlobalFilter(1031)) - Added global filter 'safety' (class=org.apache.hadoop.hdds.server.http.HttpServer2$QuotingInputFilter)
2023-06-21 21:48:45,536 [main] INFO  http.HttpServer2 (HttpServer2.java:addFilter(1007)) - Added filter static_user_filter (class=org.apache.hadoop.http.lib.StaticUserWebFilter$StaticUserFilter) to context hddsDatanode
2023-06-21 21:48:45,536 [main] INFO  http.HttpServer2 (HttpServer2.java:addFilter(1015)) - Added filter static_user_filter (class=org.apache.hadoop.http.lib.StaticUserWebFilter$StaticUserFilter) to context logs
2023-06-21 21:48:45,536 [main] INFO  http.HttpServer2 (HttpServer2.java:addFilter(1015)) - Added filter static_user_filter (class=org.apache.hadoop.http.lib.StaticUserWebFilter$StaticUserFilter) to context static
2023-06-21 21:48:45,538 [main] INFO  http.BaseHttpServer (BaseHttpServer.java:<init>(190)) - HTTP server of hddsDatanode uses base directory /home/runner/work/ozone/ozone/hadoop-ozone/integration-test/target/test-dir/MiniOzoneClusterImpl-ed2e7ec8-c199-49a5-9fff-29e1d18647c8/datanode-0/meta/webserver
2023-06-21 21:48:45,539 [main] INFO  http.HttpServer2 (HttpServer2.java:bindListener(1250)) - Jetty bound to port 15041
2023-06-21 21:48:45,539 [main] INFO  server.Server (Server.java:doStart(375)) - jetty-9.4.51.v20230217; built: 2023-02-17T08:19:37.309Z; git: b45c405e4544384de066f814ed42ae3dceacdd49; jvm 1.8.0_372-b07
2023-06-21 21:48:45,552 [main] INFO  server.session (DefaultSessionIdManager.java:doStart(334)) - DefaultSessionIdManager workerName=node0
2023-06-21 21:48:45,552 [main] INFO  server.session (DefaultSessionIdManager.java:doStart(339)) - No SessionScavenger set, using defaults
2023-06-21 21:48:45,552 [main] INFO  server.session (HouseKeeper.java:startScavenging(132)) - node0 Scavenging every 660000ms
2023-06-21 21:48:45,553 [main] INFO  handler.ContextHandler (ContextHandler.java:doStart(921)) - Started o.e.j.s.ServletContextHandler@17ef0c6d{logs,/logs,file:///home/runner/work/ozone/ozone/hadoop-ozone/integration-test/target/log,AVAILABLE}
2023-06-21 21:48:45,554 [main] INFO  handler.ContextHandler (ContextHandler.java:doStart(921)) - Started o.e.j.s.ServletContextHandler@6ef3e83e{static,/static,jar:file:/home/runner/.m2/repository/org/apache/ozone/hdds-container-service/1.4.0-SNAPSHOT/hdds-container-service-1.4.0-SNAPSHOT.jar!/webapps/static,AVAILABLE}
2023-06-21 21:48:45,796 [main] INFO  handler.ContextHandler (ContextHandler.java:doStart(921)) - Started o.e.j.w.WebAppContext@6fb763bd{hddsDatanode,/,file:///home/runner/work/ozone/ozone/hadoop-ozone/integration-test/target/test-dir/MiniOzoneClusterImpl-ed2e7ec8-c199-49a5-9fff-29e1d18647c8/datanode-0/meta/webserver/jetty-0_0_0_0-15041-hdds-container-service-1_4_0-SNAPSHOT_jar-_-any-5002454322820308661/webapp/,AVAILABLE}{jar:file:/home/runner/.m2/repository/org/apache/ozone/hdds-container-service/1.4.0-SNAPSHOT/hdds-container-service-1.4.0-SNAPSHOT.jar!/webapps/hddsDatanode}
2023-06-21 21:48:45,798 [main] INFO  server.AbstractConnector (AbstractConnector.java:doStart(333)) - Started ServerConnector@3b4d0434{HTTP/1.1, (http/1.1)}{0.0.0.0:15041}
2023-06-21 21:48:45,799 [main] INFO  server.Server (Server.java:doStart(415)) - Started @28640ms
2023-06-21 21:48:45,799 [main] WARN  impl.MetricsSystemImpl (MetricsSystemImpl.java:register(279)) - Sink prometheus already exists!
2023-06-21 21:48:45,799 [main] INFO  http.BaseHttpServer (BaseHttpServer.java:updateConnectorAddress(344)) - HTTP server of hddsDatanode listening at http://0.0.0.0:15041
2023-06-21 21:48:45,803 [main] INFO  ipc.CallQueueManager (CallQueueManager.java:<init>(90)) - Using callQueue: class java.util.concurrent.LinkedBlockingQueue, queueCapacity: 100, scheduler: class org.apache.hadoop.ipc.DefaultRpcScheduler, ipcBackoff: false.
2023-06-21 21:48:45,804 [Socket Reader #1 for port 15042] INFO  ipc.Server (Server.java:run(1319)) - Starting Socket Reader #1 for port 15042
2023-06-21 21:48:45,812 [Listener at 0.0.0.0/15042] INFO  hdds.HddsUtils (HddsUtils.java:preserveThreadName(848)) - Restoring thread name: main
2023-06-21 21:48:45,813 [main] INFO  ozone.HddsDatanodeService (HddsDatanodeService.java:start(344)) - Datanode start with admins: [runner, scm]
2023-06-21 21:48:45,813 [main] INFO  ozone.HddsDatanodeClientProtocolServer (HddsDatanodeClientProtocolServer.java:start(72)) - RPC server for Client /0.0.0.0:15042
2023-06-21 21:48:45,813 [IPC Server Responder] INFO  ipc.Server (Server.java:run(1558)) - IPC Server Responder: starting
2023-06-21 21:48:45,821 [IPC Server listener on 15042] INFO  ipc.Server (Server.java:run(1398)) - IPC Server listener on 15042: starting
2023-06-21 21:48:45,836 [Datanode State Machine Daemon Thread] INFO  statemachine.DatanodeStateMachine (DatanodeStateMachine.java:lambda$startDaemon$0(531)) - Ozone container server started.
2023-06-21 21:48:45,850 [main] INFO  ozone.MiniOzoneClusterImpl (MiniOzoneClusterImpl.java:lambda$waitForClusterToBeReady$0(224)) - Waiting for nodes to be ready. Got 0 of 1 DN Heartbeats.
2023-06-21 21:48:45,850 [main] INFO  ozone.MiniOzoneClusterImpl (MiniOzoneClusterImpl.java:lambda$waitForClusterToBeReady$0(227)) - Waiting for cluster to exit safe mode
2023-06-21 21:48:45,850 [main] INFO  ozone.MiniOzoneClusterImpl (MiniOzoneClusterImpl.java:lambda$waitForClusterToBeReady$0(229)) - SCM became leader
2023-06-21 21:48:45,850 [Datanode State Machine Task Thread - 0] INFO  ha.SCMNodeInfo (SCMNodeInfo.java:getPort(197)) - ConfigKey ozone.scm.client.address is deprecated, For configuring different ports for each SCM use PortConfigKey ozone.scm.client.port appended with serviceId and nodeId
2023-06-21 21:48:45,850 [Datanode State Machine Task Thread - 0] INFO  ha.SCMNodeInfo (SCMNodeInfo.java:getPort(197)) - ConfigKey ozone.scm.block.client.address is deprecated, For configuring different ports for each SCM use PortConfigKey ozone.scm.block.client.port appended with serviceId and nodeId
2023-06-21 21:48:45,850 [Datanode State Machine Task Thread - 0] INFO  ha.SCMNodeInfo (SCMNodeInfo.java:getPort(197)) - ConfigKey ozone.scm.security.service.address is deprecated, For configuring different ports for each SCM use PortConfigKey ozone.scm.security.service.port appended with serviceId and nodeId
2023-06-21 21:48:45,850 [Datanode State Machine Task Thread - 0] INFO  ha.SCMNodeInfo (SCMNodeInfo.java:getPort(197)) - ConfigKey ozone.scm.datanode.address is deprecated, For configuring different ports for each SCM use PortConfigKey ozone.scm.datanode.port appended with serviceId and nodeId
2023-06-21 21:48:45,850 [Datanode State Machine Task Thread - 0] INFO  ha.SCMNodeInfo (SCMNodeInfo.java:getPort(197)) - ConfigKey ozone.scm.client.address is deprecated, For configuring different ports for each SCM use PortConfigKey ozone.scm.client.port appended with serviceId and nodeId
2023-06-21 21:48:45,851 [Datanode State Machine Task Thread - 0] INFO  ha.SCMNodeInfo (SCMNodeInfo.java:getPort(197)) - ConfigKey ozone.scm.block.client.address is deprecated, For configuring different ports for each SCM use PortConfigKey ozone.scm.block.client.port appended with serviceId and nodeId
2023-06-21 21:48:45,851 [Datanode State Machine Task Thread - 0] INFO  ha.SCMNodeInfo (SCMNodeInfo.java:getPort(197)) - ConfigKey ozone.scm.security.service.address is deprecated, For configuring different ports for each SCM use PortConfigKey ozone.scm.security.service.port appended with serviceId and nodeId
2023-06-21 21:48:45,851 [Datanode State Machine Task Thread - 0] INFO  ha.SCMNodeInfo (SCMNodeInfo.java:getPort(197)) - ConfigKey ozone.scm.datanode.address is deprecated, For configuring different ports for each SCM use PortConfigKey ozone.scm.datanode.port appended with serviceId and nodeId
2023-06-21 21:48:45,851 [Datanode State Machine Task Thread - 0] INFO  ha.SCMNodeInfo (SCMNodeInfo.java:getPort(197)) - ConfigKey ozone.scm.client.address is deprecated, For configuring different ports for each SCM use PortConfigKey ozone.scm.client.port appended with serviceId and nodeId
2023-06-21 21:48:45,851 [Datanode State Machine Task Thread - 0] INFO  ha.SCMNodeInfo (SCMNodeInfo.java:getPort(197)) - ConfigKey ozone.scm.block.client.address is deprecated, For configuring different ports for each SCM use PortConfigKey ozone.scm.block.client.port appended with serviceId and nodeId
2023-06-21 21:48:45,851 [Datanode State Machine Task Thread - 0] INFO  ha.SCMNodeInfo (SCMNodeInfo.java:getPort(197)) - ConfigKey ozone.scm.security.service.address is deprecated, For configuring different ports for each SCM use PortConfigKey ozone.scm.security.service.port appended with serviceId and nodeId
2023-06-21 21:48:45,851 [Datanode State Machine Task Thread - 0] INFO  ha.SCMNodeInfo (SCMNodeInfo.java:getPort(197)) - ConfigKey ozone.scm.datanode.address is deprecated, For configuring different ports for each SCM use PortConfigKey ozone.scm.datanode.port appended with serviceId and nodeId
2023-06-21 21:48:45,906 [Datanode State Machine Task Thread - 0] INFO  datanode.InitDatanodeState (InitDatanodeState.java:persistContainerDatanodeDetails(138)) - DatanodeDetails is persisted to /home/runner/work/ozone/ozone/hadoop-ozone/integration-test/target/test-dir/MiniOzoneClusterImpl-ed2e7ec8-c199-49a5-9fff-29e1d18647c8/datanode-0/meta/datanode.id
2023-06-21 21:48:45,989 [336e6589-5d5b-4942-96a6-e8ef4b976bc7@group-29E1D18647C8-FollowerState] INFO  server.RaftServerConfigKeys (ConfUtils.java:logFallback(53)) - raft.server.rpc.first-election.timeout.min = 5000ms (fallback to raft.server.rpc.timeout.min)
2023-06-21 21:48:45,989 [336e6589-5d5b-4942-96a6-e8ef4b976bc7@group-29E1D18647C8-FollowerState] INFO  server.RaftServerConfigKeys (ConfUtils.java:logFallback(53)) - raft.server.rpc.first-election.timeout.max = 5200ms (fallback to raft.server.rpc.timeout.max)
2023-06-21 21:48:46,850 [main] INFO  ozone.MiniOzoneClusterImpl (MiniOzoneClusterImpl.java:lambda$waitForClusterToBeReady$0(224)) - Waiting for nodes to be ready. Got 0 of 1 DN Heartbeats.
2023-06-21 21:48:46,851 [main] INFO  ozone.MiniOzoneClusterImpl (MiniOzoneClusterImpl.java:lambda$waitForClusterToBeReady$0(227)) - Waiting for cluster to exit safe mode
2023-06-21 21:48:46,851 [main] INFO  ozone.MiniOzoneClusterImpl (MiniOzoneClusterImpl.java:lambda$waitForClusterToBeReady$0(229)) - SCM became leader
2023-06-21 21:48:47,851 [main] INFO  ozone.MiniOzoneClusterImpl (MiniOzoneClusterImpl.java:lambda$waitForClusterToBeReady$0(224)) - Waiting for nodes to be ready. Got 0 of 1 DN Heartbeats.
2023-06-21 21:48:47,851 [main] INFO  ozone.MiniOzoneClusterImpl (MiniOzoneClusterImpl.java:lambda$waitForClusterToBeReady$0(227)) - Waiting for cluster to exit safe mode
2023-06-21 21:48:47,851 [main] INFO  ozone.MiniOzoneClusterImpl (MiniOzoneClusterImpl.java:lambda$waitForClusterToBeReady$0(229)) - SCM became leader
2023-06-21 21:48:47,876 [Socket Reader #1 for port 15004] INFO  ipc.Server (Server.java:saslProcess(2116)) - Auth successful for scm/fv-az1254-726.qtnbswlwlufehe3u4emko3izng.cx.internal.cloudapp.net@EXAMPLE.COM (auth:KERBEROS) from 10.1.0.15:40983
2023-06-21 21:48:47,879 [Socket Reader #1 for port 15012] INFO  ipc.Server (Server.java:saslProcess(2116)) - Auth successful for scm/fv-az1254-726.qtnbswlwlufehe3u4emko3izng.cx.internal.cloudapp.net@EXAMPLE.COM (auth:KERBEROS) from 10.1.0.15:42491
2023-06-21 21:48:47,987 [EndpointStateMachine task thread for /127.0.0.1:15012 - 0 ] INFO  utils.DatanodeStoreCache (DatanodeStoreCache.java:addDB(66)) - Added db /home/runner/work/ozone/ozone/hadoop-ozone/integration-test/target/test-dir/MiniOzoneClusterImpl-ed2e7ec8-c199-49a5-9fff-29e1d18647c8/datanode-0/data-0/containers/hdds/ed2e7ec8-c199-49a5-9fff-29e1d18647c8/DS-4c45b447-e775-4816-8eaf-f34c812ebc04/container.db to cache
2023-06-21 21:48:47,987 [EndpointStateMachine task thread for /127.0.0.1:15012 - 0 ] INFO  volume.HddsVolume (HddsVolume.java:createDbStore(350)) - SchemaV3 db is created and loaded at /home/runner/work/ozone/ozone/hadoop-ozone/integration-test/target/test-dir/MiniOzoneClusterImpl-ed2e7ec8-c199-49a5-9fff-29e1d18647c8/datanode-0/data-0/containers/hdds/ed2e7ec8-c199-49a5-9fff-29e1d18647c8/DS-4c45b447-e775-4816-8eaf-f34c812ebc04/container.db for volume DS-4c45b447-e775-4816-8eaf-f34c812ebc04
2023-06-21 21:48:47,990 [EndpointStateMachine task thread for /127.0.0.1:15012 - 0 ] INFO  ozoneimpl.OzoneContainer (OzoneContainer.java:start(411)) - Attempting to start container services.
2023-06-21 21:48:47,994 [EndpointStateMachine task thread for /127.0.0.1:15012 - 0 ] INFO  ozoneimpl.OzoneContainer (OzoneContainer.java:startContainerScrub(327)) - Scheduled background container scanners and the on-demand container scanner have been disabled.
2023-06-21 21:48:47,997 [EndpointStateMachine task thread for /127.0.0.1:15012 - 0 ] INFO  replication.ReplicationServer (ReplicationServer.java:start(128)) - ReplicationServer is started using port 15048
2023-06-21 21:48:47,997 [EndpointStateMachine task thread for /127.0.0.1:15012 - 0 ] INFO  ratis.XceiverServerRatis (XceiverServerRatis.java:start(517)) - Starting XceiverServerRatis d7c2b77a-ebfa-4f5e-b0ff-24733d290501
2023-06-21 21:48:47,999 [EndpointStateMachine task thread for /127.0.0.1:15012 - 0 ] INFO  server.RaftServer (RaftServerProxy.java:startImpl(400)) - d7c2b77a-ebfa-4f5e-b0ff-24733d290501: start RPC server
2023-06-21 21:48:48,003 [EndpointStateMachine task thread for /127.0.0.1:15012 - 0 ] INFO  server.GrpcService (GrpcService.java:startImpl(302)) - d7c2b77a-ebfa-4f5e-b0ff-24733d290501: GrpcService started, listening on 15044
2023-06-21 21:48:48,006 [EndpointStateMachine task thread for /127.0.0.1:15012 - 0 ] INFO  server.GrpcService (GrpcService.java:startImpl(302)) - d7c2b77a-ebfa-4f5e-b0ff-24733d290501: GrpcService started, listening on 15046
2023-06-21 21:48:48,009 [EndpointStateMachine task thread for /127.0.0.1:15012 - 0 ] INFO  server.GrpcService (GrpcService.java:startImpl(302)) - d7c2b77a-ebfa-4f5e-b0ff-24733d290501: GrpcService started, listening on 15045
2023-06-21 21:48:48,009 [EndpointStateMachine task thread for /127.0.0.1:15012 - 0 ] INFO  ratis.XceiverServerRatis (XceiverServerRatis.java:getRealPort(543)) - XceiverServerRatis d7c2b77a-ebfa-4f5e-b0ff-24733d290501 is started using port 15044 for RATIS
2023-06-21 21:48:48,009 [EndpointStateMachine task thread for /127.0.0.1:15012 - 0 ] INFO  ratis.XceiverServerRatis (XceiverServerRatis.java:getRealPort(543)) - XceiverServerRatis d7c2b77a-ebfa-4f5e-b0ff-24733d290501 is started using port 15045 for RATIS_ADMIN
2023-06-21 21:48:48,009 [EndpointStateMachine task thread for /127.0.0.1:15012 - 0 ] INFO  ratis.XceiverServerRatis (XceiverServerRatis.java:getRealPort(543)) - XceiverServerRatis d7c2b77a-ebfa-4f5e-b0ff-24733d290501 is started using port 15046 for RATIS_SERVER
2023-06-21 21:48:48,009 [EndpointStateMachine task thread for /127.0.0.1:15012 - 0 ] INFO  ratis.XceiverServerRatis (XceiverServerRatis.java:getRealPort(543)) - XceiverServerRatis d7c2b77a-ebfa-4f5e-b0ff-24733d290501 is started using port 15047 for RATIS_DATASTREAM
2023-06-21 21:48:48,010 [JvmPauseMonitor4] INFO  util.JvmPauseMonitor (JvmPauseMonitor.java:run(103)) - JvmPauseMonitor-d7c2b77a-ebfa-4f5e-b0ff-24733d290501: Started
2023-06-21 21:48:48,017 [BlockDeletingService#0] INFO  interfaces.ContainerDeletionChoosingPolicyTemplate (ContainerDeletionChoosingPolicyTemplate.java:chooseContainerForBlockDeletion(83)) - Chosen 0/5000 blocks from 0 candidate containers.
2023-06-21 21:48:48,019 [EndpointStateMachine task thread for /127.0.0.1:15004 - 0 ] INFO  ozoneimpl.OzoneContainer (OzoneContainer.java:start(407)) - Ignore. OzoneContainer already started.
2023-06-21 21:48:48,852 [main] INFO  ozone.MiniOzoneClusterImpl (MiniOzoneClusterImpl.java:lambda$waitForClusterToBeReady$0(224)) - Waiting for nodes to be ready. Got 0 of 1 DN Heartbeats.
2023-06-21 21:48:48,852 [main] INFO  ozone.MiniOzoneClusterImpl (MiniOzoneClusterImpl.java:lambda$waitForClusterToBeReady$0(227)) - Waiting for cluster to exit safe mode
2023-06-21 21:48:48,852 [main] INFO  ozone.MiniOzoneClusterImpl (MiniOzoneClusterImpl.java:lambda$waitForClusterToBeReady$0(229)) - SCM became leader
2023-06-21 21:48:49,852 [main] INFO  ozone.MiniOzoneClusterImpl (MiniOzoneClusterImpl.java:lambda$waitForClusterToBeReady$0(224)) - Waiting for nodes to be ready. Got 0 of 1 DN Heartbeats.
2023-06-21 21:48:49,853 [main] INFO  ozone.MiniOzoneClusterImpl (MiniOzoneClusterImpl.java:lambda$waitForClusterToBeReady$0(227)) - Waiting for cluster to exit safe mode
2023-06-21 21:48:49,853 [main] INFO  ozone.MiniOzoneClusterImpl (MiniOzoneClusterImpl.java:lambda$waitForClusterToBeReady$0(229)) - SCM became leader
2023-06-21 21:48:49,903 [IPC Server handler 19 on default port 15012] INFO  net.NetworkTopologyImpl (NetworkTopologyImpl.java:add(112)) - Added a new node: /default-rack/d7c2b77a-ebfa-4f5e-b0ff-24733d290501
2023-06-21 21:48:49,905 [IPC Server handler 5 on default port 15004] INFO  net.NetworkTopologyImpl (NetworkTopologyImpl.java:add(112)) - Added a new node: /default-rack/d7c2b77a-ebfa-4f5e-b0ff-24733d290501
2023-06-21 21:48:49,909 [IPC Server handler 5 on default port 15004] INFO  node.SCMNodeManager (SCMNodeManager.java:register(406)) - Registered Data node : d7c2b77a-ebfa-4f5e-b0ff-24733d290501{ip: 10.1.0.15, host: fv-az1254-726.qtnbswlwlufehe3u4emko3izng.cx.internal.cloudapp.net, ports: [HTTP=15041, CLIENT_RPC=15042, REPLICATION=15048, RATIS=15044, RATIS_ADMIN=15045, RATIS_SERVER=15046, RATIS_DATASTREAM=15047, STANDALONE=15043], networkLocation: /default-rack, certSerialId: 1723072736552, persistedOpState: null, persistedOpStateExpiryEpochSec: 0}
2023-06-21 21:48:49,909 [IPC Server handler 19 on default port 15012] INFO  node.SCMNodeManager (SCMNodeManager.java:register(406)) - Registered Data node : d7c2b77a-ebfa-4f5e-b0ff-24733d290501{ip: 10.1.0.15, host: fv-az1254-726.qtnbswlwlufehe3u4emko3izng.cx.internal.cloudapp.net, ports: [HTTP=15041, CLIENT_RPC=15042, REPLICATION=15048, RATIS=15044, RATIS_ADMIN=15045, RATIS_SERVER=15046, RATIS_DATASTREAM=15047, STANDALONE=15043], networkLocation: /default-rack, certSerialId: 1723072736552, persistedOpState: null, persistedOpStateExpiryEpochSec: 0}
2023-06-21 21:48:49,917 [EventQueue-NewNodeForNewNodeHandler] INFO  pipeline.BackgroundPipelineCreator (BackgroundPipelineCreator.java:notifyEventTriggered(276)) - trigger a one-shot run on RatisPipelineUtilsThread.
2023-06-21 21:48:49,933 [RatisPipelineUtilsThread - 0] INFO  pipeline.RatisPipelineProvider (RatisPipelineProvider.java:lambda$create$0(206)) - Sending CreatePipelineCommand for pipeline:PipelineID=81612fcb-d1e6-4e27-8f5c-af43e50897d1 to datanode:d7c2b77a-ebfa-4f5e-b0ff-24733d290501
2023-06-21 21:48:49,934 [EventQueue-NodeRegistrationContainerReportForDataNodeSafeModeRule] INFO  safemode.SCMSafeModeManager (DataNodeSafeModeRule.java:process(71)) - SCM in safe mode. 1 DataNodes registered, 1 required.
2023-06-21 21:48:49,963 [EventQueue-NodeRegistrationContainerReportForDataNodeSafeModeRule] INFO  safemode.SCMSafeModeManager (SCMSafeModeManager.java:validateSafeModeExitRules(200)) - DataNodeSafeModeRule rule is successfully validated
2023-06-21 21:48:49,963 [EventQueue-NodeRegistrationContainerReportForDataNodeSafeModeRule] INFO  safemode.SCMSafeModeManager (SCMSafeModeManager.java:completePreCheck(229)) - All SCM safe mode pre check rules have passed
2023-06-21 21:48:49,964 [EventQueue-NodeRegistrationContainerReportForDataNodeSafeModeRule] INFO  ha.SCMContext (SCMContext.java:updateSafeModeStatus(228)) - Update SafeModeStatus from SafeModeStatus{safeModeStatus=true, preCheckPassed=false} to SafeModeStatus{safeModeStatus=true, preCheckPassed=true}.
2023-06-21 21:48:49,964 [EventQueue-NodeRegistrationContainerReportForDataNodeSafeModeRule] INFO  pipeline.BackgroundPipelineCreator (BackgroundPipelineCreator.java:notifyEventTriggered(276)) - trigger a one-shot run on RatisPipelineUtilsThread.
2023-06-21 21:48:49,964 [EventQueue-NodeRegistrationContainerReportForDataNodeSafeModeRule] INFO  safemode.SCMSafeModeManager (SCMSafeModeManager.java:validateSafeModeExitRules(215)) - ScmSafeModeManager, all rules are successfully validated
2023-06-21 21:48:49,964 [EventQueue-NodeRegistrationContainerReportForDataNodeSafeModeRule] INFO  safemode.SCMSafeModeManager (SCMSafeModeManager.java:exitSafeMode(244)) - SCM exiting safe mode.
2023-06-21 21:48:49,964 [EventQueue-NodeRegistrationContainerReportForDataNodeSafeModeRule] INFO  ha.SCMContext (SCMContext.java:updateSafeModeStatus(228)) - Update SafeModeStatus from SafeModeStatus{safeModeStatus=true, preCheckPassed=true} to SafeModeStatus{safeModeStatus=false, preCheckPassed=true}.
2023-06-21 21:48:49,950 [EventQueue-NewNodeForNewNodeHandler] INFO  pipeline.BackgroundPipelineCreator (BackgroundPipelineCreator.java:notifyEventTriggered(269)) - ignore, not leader SCM.
2023-06-21 21:48:49,956 [EventQueue-NodeRegistrationContainerReportForDataNodeSafeModeRule] INFO  safemode.SCMSafeModeManager (DataNodeSafeModeRule.java:process(71)) - SCM in safe mode. 1 DataNodes registered, 1 required.
2023-06-21 21:48:49,964 [EventQueue-NodeRegistrationContainerReportForDataNodeSafeModeRule] INFO  BackgroundPipelineScrubber (BackgroundSCMService.java:notifyStatusChanged(82)) - Service BackgroundPipelineScrubber transitions to RUNNING.
2023-06-21 21:48:49,966 [EventQueue-NodeRegistrationContainerReportForDataNodeSafeModeRule] INFO  safemode.SCMSafeModeManager (SCMSafeModeManager.java:validateSafeModeExitRules(200)) - DataNodeSafeModeRule rule is successfully validated
2023-06-21 21:48:49,966 [EventQueue-NodeRegistrationContainerReportForDataNodeSafeModeRule] INFO  safemode.SCMSafeModeManager (SCMSafeModeManager.java:completePreCheck(229)) - All SCM safe mode pre check rules have passed
2023-06-21 21:48:49,966 [EventQueue-NodeRegistrationContainerReportForDataNodeSafeModeRule] INFO  ha.SCMContext (SCMContext.java:updateSafeModeStatus(228)) - Update SafeModeStatus from SafeModeStatus{safeModeStatus=true, preCheckPassed=false} to SafeModeStatus{safeModeStatus=true, preCheckPassed=true}.
2023-06-21 21:48:49,966 [EventQueue-NodeRegistrationContainerReportForDataNodeSafeModeRule] INFO  pipeline.BackgroundPipelineCreator (BackgroundPipelineCreator.java:notifyEventTriggered(269)) - ignore, not leader SCM.
2023-06-21 21:48:49,966 [EventQueue-NodeRegistrationContainerReportForDataNodeSafeModeRule] INFO  safemode.SCMSafeModeManager (SCMSafeModeManager.java:validateSafeModeExitRules(215)) - ScmSafeModeManager, all rules are successfully validated
2023-06-21 21:48:49,966 [EventQueue-NodeRegistrationContainerReportForDataNodeSafeModeRule] INFO  safemode.SCMSafeModeManager (SCMSafeModeManager.java:exitSafeMode(244)) - SCM exiting safe mode.
2023-06-21 21:48:49,966 [EventQueue-NodeRegistrationContainerReportForDataNodeSafeModeRule] INFO  ha.SCMContext (SCMContext.java:updateSafeModeStatus(228)) - Update SafeModeStatus from SafeModeStatus{safeModeStatus=true, preCheckPassed=true} to SafeModeStatus{safeModeStatus=false, preCheckPassed=true}.
2023-06-21 21:48:49,968 [EventQueue-PipelineReportForOneReplicaPipelineSafeModeRule] INFO  safemode.SCMSafeModeManager (SCMSafeModeManager.java:validateSafeModeExitRules(215)) - ScmSafeModeManager, all rules are successfully validated
2023-06-21 21:48:49,968 [EventQueue-PipelineReportForOneReplicaPipelineSafeModeRule] INFO  safemode.SCMSafeModeManager (SCMSafeModeManager.java:exitSafeMode(244)) - SCM exiting safe mode.
2023-06-21 21:48:49,968 [EventQueue-PipelineReportForOneReplicaPipelineSafeModeRule] INFO  ha.SCMContext (SCMContext.java:updateSafeModeStatus(228)) - Update SafeModeStatus from SafeModeStatus{safeModeStatus=false, preCheckPassed=true} to SafeModeStatus{safeModeStatus=false, preCheckPassed=true}.
2023-06-21 21:48:49,966 [EventQueue-NodeRegistrationContainerReportForDataNodeSafeModeRule] INFO  ExpiredContainerReplicaOpScrubber (BackgroundSCMService.java:notifyStatusChanged(82)) - Service ExpiredContainerReplicaOpScrubber transitions to RUNNING.
2023-06-21 21:48:49,968 [EventQueue-NodeRegistrationContainerReportForDataNodeSafeModeRule] INFO  replication.ReplicationManager (ReplicationManager.java:notifyStatusChanged(1361)) - Service ReplicationManager transitions to RUNNING.
2023-06-21 21:48:49,968 [EventQueue-NodeRegistrationContainerReportForDataNodeSafeModeRule] INFO  security.RootCARotationManager (RootCARotationManager.java:notifyStatusChanged(104)) - notifyStatusChanged: enable monitor task
2023-06-21 21:48:49,976 [EventQueue-NodeRegistrationContainerReportForDataNodeSafeModeRule] WARN  balancer.ContainerBalancer (ContainerBalancer.java:shouldRun(135)) - Could not find persisted configuration for ContainerBalancer when checking if ContainerBalancer should run. ContainerBalancer should not run now.
2023-06-21 21:48:49,976 [EventQueue-NodeRegistrationContainerReportForDataNodeSafeModeRule] INFO  SCMHATransactionMonitor (BackgroundSCMService.java:notifyStatusChanged(82)) - Service SCMHATransactionMonitor transitions to RUNNING.
2023-06-21 21:48:49,977 [EventQueue-PipelineReportForOneReplicaPipelineSafeModeRule] INFO  safemode.SCMSafeModeManager (SCMSafeModeManager.java:validateSafeModeExitRules(215)) - ScmSafeModeManager, all rules are successfully validated
2023-06-21 21:48:49,978 [EventQueue-PipelineReportForOneReplicaPipelineSafeModeRule] INFO  safemode.SCMSafeModeManager (SCMSafeModeManager.java:exitSafeMode(244)) - SCM exiting safe mode.
2023-06-21 21:48:49,978 [EventQueue-PipelineReportForOneReplicaPipelineSafeModeRule] INFO  ha.SCMContext (SCMContext.java:updateSafeModeStatus(228)) - Update SafeModeStatus from SafeModeStatus{safeModeStatus=false, preCheckPassed=true} to SafeModeStatus{safeModeStatus=false, preCheckPassed=true}.
2023-06-21 21:48:49,978 [EventQueue-PipelineReportForOneReplicaPipelineSafeModeRule] WARN  balancer.ContainerBalancer (ContainerBalancer.java:shouldRun(135)) - Could not find persisted configuration for ContainerBalancer when checking if ContainerBalancer should run. ContainerBalancer should not run now.
2023-06-21 21:48:49,984 [6554ba57-669d-4c9f-91d9-11f4838b8a27@group-29E1D18647C8-StateMachineUpdater] INFO  pipeline.PipelineStateManagerImpl (PipelineStateManagerImpl.java:addPipeline(103)) - Created pipeline Pipeline[ Id: 81612fcb-d1e6-4e27-8f5c-af43e50897d1, Nodes: d7c2b77a-ebfa-4f5e-b0ff-24733d290501(fv-az1254-726.qtnbswlwlufehe3u4emko3izng.cx.internal.cloudapp.net/10.1.0.15), ReplicationConfig: RATIS/ONE, State:ALLOCATED, leaderId:, CreationTimestamp2023-06-21T21:48:49.932Z[Etc/UTC]].
2023-06-21 21:48:49,989 [336e6589-5d5b-4942-96a6-e8ef4b976bc7@group-29E1D18647C8-StateMachineUpdater] INFO  pipeline.PipelineStateManagerImpl (PipelineStateManagerImpl.java:addPipeline(103)) - Created pipeline Pipeline[ Id: 81612fcb-d1e6-4e27-8f5c-af43e50897d1, Nodes: d7c2b77a-ebfa-4f5e-b0ff-24733d290501(fv-az1254-726.qtnbswlwlufehe3u4emko3izng.cx.internal.cloudapp.net/10.1.0.15), ReplicationConfig: RATIS/ONE, State:ALLOCATED, leaderId:, CreationTimestamp2023-06-21T21:48:49.932Z[Etc/UTC]].
2023-06-21 21:48:50,003 [RatisPipelineUtilsThread - 0] ERROR scm.SCMCommonPlacementPolicy (SCMCommonPlacementPolicy.java:filterNodesWithSpace(285)) - Unable to find enough nodes that meet the space requirement of 1073741824 bytes for metadata and 5368709120 bytes for data in healthy node set. Required 3. Found 1.
2023-06-21 21:48:50,005 [RatisPipelineUtilsThread - 0] ERROR scm.SCMCommonPlacementPolicy (SCMCommonPlacementPolicy.java:filterNodesWithSpace(285)) - Unable to find enough nodes that meet the space requirement of 1073741824 bytes for metadata and 5368709120 bytes for data in healthy node set. Required 3. Found 1.
2023-06-21 21:48:50,853 [main] INFO  ozone.MiniOzoneClusterImpl (MiniOzoneClusterImpl.java:lambda$waitForClusterToBeReady$0(224)) - Nodes are ready. Got 1 of 1 DN Heartbeats.
2023-06-21 21:48:50,853 [main] INFO  ozone.MiniOzoneClusterImpl (MiniOzoneClusterImpl.java:lambda$waitForClusterToBeReady$0(227)) - Cluster exits safe mode
2023-06-21 21:48:50,854 [main] INFO  ozone.MiniOzoneClusterImpl (MiniOzoneClusterImpl.java:lambda$waitForClusterToBeReady$0(229)) - SCM became leader
2023-06-21 21:48:51,026 [336e6589-5d5b-4942-96a6-e8ef4b976bc7@group-29E1D18647C8-FollowerState] INFO  server.RaftServerConfigKeys (ConfUtils.java:logFallback(53)) - raft.server.rpc.first-election.timeout.min = 5000ms (fallback to raft.server.rpc.timeout.min)
2023-06-21 21:48:51,026 [336e6589-5d5b-4942-96a6-e8ef4b976bc7@group-29E1D18647C8-FollowerState] INFO  server.RaftServerConfigKeys (ConfUtils.java:logFallback(53)) - raft.server.rpc.first-election.timeout.max = 5200ms (fallback to raft.server.rpc.timeout.max)
2023-06-21 21:48:52,877 [EndpointStateMachine task thread for /127.0.0.1:15020 - 0 ] WARN  statemachine.EndpointStateMachine (EndpointStateMachine.java:logIfNeeded(242)) - Unable to communicate to SCM server at localhost:15020 for past 0 seconds.
java.io.IOException: DestHost:destPort localhost:15020 , LocalHost:localPort fv-az1254-726/10.1.0.15:0. Failed on local exception: java.io.IOException: java.net.SocketTimeoutException: 5000 millis timeout while waiting for channel to be ready for read. ch : java.nio.channels.SocketChannel[connected local=/10.1.0.15:46639 remote=localhost/127.0.0.1:15020]
	at sun.reflect.NativeConstructorAccessorImpl.newInstance0(Native Method)
	at sun.reflect.NativeConstructorAccessorImpl.newInstance(NativeConstructorAccessorImpl.java:62)
	at sun.reflect.DelegatingConstructorAccessorImpl.newInstance(DelegatingConstructorAccessorImpl.java:45)
	at java.lang.reflect.Constructor.newInstance(Constructor.java:423)
	at org.apache.hadoop.net.NetUtils.wrapWithMessage(NetUtils.java:930)
	at org.apache.hadoop.net.NetUtils.wrapException(NetUtils.java:905)
	at org.apache.hadoop.ipc.Client.getRpcResponse(Client.java:1588)
	at org.apache.hadoop.ipc.Client.call(Client.java:1530)
	at org.apache.hadoop.ipc.Client.call(Client.java:1427)
	at org.apache.hadoop.ipc.ProtobufRpcEngine$Invoker.invoke(ProtobufRpcEngine.java:250)
	at org.apache.hadoop.ipc.ProtobufRpcEngine$Invoker.invoke(ProtobufRpcEngine.java:132)
	at com.sun.proxy.$Proxy57.submitRequest(Unknown Source)
	at org.apache.hadoop.ozone.protocolPB.StorageContainerDatanodeProtocolClientSideTranslatorPB.submitRequest(StorageContainerDatanodeProtocolClientSideTranslatorPB.java:117)
	at org.apache.hadoop.ozone.protocolPB.StorageContainerDatanodeProtocolClientSideTranslatorPB.getVersion(StorageContainerDatanodeProtocolClientSideTranslatorPB.java:133)
	at org.apache.hadoop.ozone.container.common.states.endpoint.VersionEndpointTask.call(VersionEndpointTask.java:71)
	at org.apache.hadoop.ozone.container.common.states.endpoint.VersionEndpointTask.call(VersionEndpointTask.java:42)
	at java.util.concurrent.FutureTask.run(FutureTask.java:266)
	at java.util.concurrent.ThreadPoolExecutor.runWorker(ThreadPoolExecutor.java:1149)
	at java.util.concurrent.ThreadPoolExecutor$Worker.run(ThreadPoolExecutor.java:624)
	at java.lang.Thread.run(Thread.java:750)
Caused by: java.io.IOException: java.net.SocketTimeoutException: 5000 millis timeout while waiting for channel to be ready for read. ch : java.nio.channels.SocketChannel[connected local=/10.1.0.15:46639 remote=localhost/127.0.0.1:15020]
	at org.apache.hadoop.ipc.Client$Connection$1.run(Client.java:755)
	at java.security.AccessController.doPrivileged(Native Method)
	at javax.security.auth.Subject.doAs(Subject.java:422)
	at org.apache.hadoop.security.UserGroupInformation.doAs(UserGroupInformation.java:1899)
	at org.apache.hadoop.ipc.Client$Connection.handleSaslConnectionFailure(Client.java:709)
	at org.apache.hadoop.ipc.Client$Connection.setupIOstreams(Client.java:813)
	at org.apache.hadoop.ipc.Client$Connection.access$3800(Client.java:363)
	at org.apache.hadoop.ipc.Client.getConnection(Client.java:1649)
	at org.apache.hadoop.ipc.Client.call(Client.java:1474)
	... 12 more
Caused by: java.net.SocketTimeoutException: 5000 millis timeout while waiting for channel to be ready for read. ch : java.nio.channels.SocketChannel[connected local=/10.1.0.15:46639 remote=localhost/127.0.0.1:15020]
	at org.apache.hadoop.net.SocketIOWithTimeout.doIO(SocketIOWithTimeout.java:163)
	at org.apache.hadoop.net.SocketInputStream.read(SocketInputStream.java:161)
	at org.apache.hadoop.net.SocketInputStream.read(SocketInputStream.java:131)
	at java.io.FilterInputStream.read(FilterInputStream.java:133)
	at java.io.BufferedInputStream.fill(BufferedInputStream.java:246)
	at java.io.BufferedInputStream.read(BufferedInputStream.java:265)
	at java.io.DataInputStream.readInt(DataInputStream.java:387)
	at org.apache.hadoop.ipc.Client$IpcStreams.readResponse(Client.java:1923)
	at org.apache.hadoop.security.SaslRpcClient.saslConnect(SaslRpcClient.java:367)
	at org.apache.hadoop.ipc.Client$Connection.setupSaslConnection(Client.java:577)
	at org.apache.hadoop.ipc.Client$Connection.access$2100(Client.java:363)
	at org.apache.hadoop.ipc.Client$Connection$2.run(Client.java:800)
	at org.apache.hadoop.ipc.Client$Connection$2.run(Client.java:796)
	at java.security.AccessController.doPrivileged(Native Method)
	at javax.security.auth.Subject.doAs(Subject.java:422)
	at org.apache.hadoop.security.UserGroupInformation.doAs(UserGroupInformation.java:1899)
	at org.apache.hadoop.ipc.Client$Connection.setupIOstreams(Client.java:796)
	... 15 more
2023-06-21 21:48:52,891 [PipelineCommandHandlerThread-0] INFO  server.RaftServer (RaftServerProxy.java:addNew(98)) - d7c2b77a-ebfa-4f5e-b0ff-24733d290501: addNew group-AF43E50897D1:[d7c2b77a-ebfa-4f5e-b0ff-24733d290501|rpc:10.1.0.15:15046|admin:10.1.0.15:15045|client:10.1.0.15:15044|dataStream:10.1.0.15:15047|priority:1|startupRole:FOLLOWER] returns group-AF43E50897D1:java.util.concurrent.CompletableFuture@68e75b4a[Not completed]
2023-06-21 21:48:52,906 [d7c2b77a-ebfa-4f5e-b0ff-24733d290501-groupManagement] INFO  server.RaftServer$Division (RaftServerImpl.java:<init>(198)) - d7c2b77a-ebfa-4f5e-b0ff-24733d290501: new RaftServerImpl for group-AF43E50897D1:[d7c2b77a-ebfa-4f5e-b0ff-24733d290501|rpc:10.1.0.15:15046|admin:10.1.0.15:15045|client:10.1.0.15:15044|dataStream:10.1.0.15:15047|priority:1|startupRole:FOLLOWER] with ContainerStateMachine:uninitialized
2023-06-21 21:48:52,906 [d7c2b77a-ebfa-4f5e-b0ff-24733d290501-groupManagement] INFO  server.RaftServerConfigKeys (ConfUtils.java:logGet(46)) - raft.server.rpc.timeout.min = 5s (custom)
2023-06-21 21:48:52,906 [d7c2b77a-ebfa-4f5e-b0ff-24733d290501-groupManagement] INFO  server.RaftServerConfigKeys (ConfUtils.java:logGet(46)) - raft.server.rpc.timeout.max = 5200ms (custom)
2023-06-21 21:48:52,906 [d7c2b77a-ebfa-4f5e-b0ff-24733d290501-groupManagement] INFO  server.RaftServerConfigKeys (ConfUtils.java:logGet(46)) - raft.server.rpc.sleep.time = 25ms (default)
2023-06-21 21:48:52,906 [d7c2b77a-ebfa-4f5e-b0ff-24733d290501-groupManagement] INFO  server.RaftServerConfigKeys (ConfUtils.java:logGet(46)) - raft.server.rpc.slowness.timeout = 300s (custom)
2023-06-21 21:48:52,906 [d7c2b77a-ebfa-4f5e-b0ff-24733d290501-groupManagement] INFO  server.RaftServerConfigKeys (ConfUtils.java:logGet(46)) - raft.server.leaderelection.leader.step-down.wait-time = 10s (default)
2023-06-21 21:48:52,906 [d7c2b77a-ebfa-4f5e-b0ff-24733d290501-groupManagement] INFO  server.RaftServerConfigKeys (ConfUtils.java:logGet(46)) - raft.server.sleep.deviation.threshold = 300ms (default)
2023-06-21 21:48:52,907 [d7c2b77a-ebfa-4f5e-b0ff-24733d290501-groupManagement] INFO  server.RaftServer$Division (ServerState.java:<init>(120)) - d7c2b77a-ebfa-4f5e-b0ff-24733d290501@group-AF43E50897D1: ConfigurationManager, init=-1: peers:[d7c2b77a-ebfa-4f5e-b0ff-24733d290501|rpc:10.1.0.15:15046|admin:10.1.0.15:15045|client:10.1.0.15:15044|dataStream:10.1.0.15:15047|priority:1|startupRole:FOLLOWER]|listeners:[], old=null, confs=<EMPTY_MAP>
2023-06-21 21:48:52,907 [d7c2b77a-ebfa-4f5e-b0ff-24733d290501-groupManagement] INFO  server.RaftServerConfigKeys (ConfUtils.java:logGet(46)) - raft.server.storage.dir = [/home/runner/work/ozone/ozone/hadoop-ozone/integration-test/target/test-dir/MiniOzoneClusterImpl-ed2e7ec8-c199-49a5-9fff-29e1d18647c8/datanode-0/data/ratis] (custom)
2023-06-21 21:48:52,907 [d7c2b77a-ebfa-4f5e-b0ff-24733d290501-groupManagement] INFO  server.RaftServerConfigKeys (ConfUtils.java:logGet(46)) - raft.server.log.corruption.policy = EXCEPTION (default)
2023-06-21 21:48:52,907 [d7c2b77a-ebfa-4f5e-b0ff-24733d290501-groupManagement] INFO  server.RaftServerConfigKeys (ConfUtils.java:logGet(46)) - raft.server.storage.free-space.min = 0MB (=0) (default)
2023-06-21 21:48:52,907 [d7c2b77a-ebfa-4f5e-b0ff-24733d290501-groupManagement] INFO  server.RaftServerConfigKeys (ConfUtils.java:logGet(46)) - raft.server.notification.no-leader.timeout = 300s (custom)
2023-06-21 21:48:52,907 [d7c2b77a-ebfa-4f5e-b0ff-24733d290501-groupManagement] INFO  server.RaftServerConfigKeys (ConfUtils.java:logGet(46)) - raft.server.read.timeout = 10s (default)
2023-06-21 21:48:52,907 [d7c2b77a-ebfa-4f5e-b0ff-24733d290501-groupManagement] INFO  server.RaftServerConfigKeys (ConfUtils.java:logGet(46)) - raft.server.retrycache.expirytime = 600000ms (custom)
2023-06-21 21:48:52,907 [d7c2b77a-ebfa-4f5e-b0ff-24733d290501-groupManagement] INFO  server.RaftServerConfigKeys (ConfUtils.java:logGet(46)) - raft.server.retrycache.statistics.expirytime = 100μs (default)
2023-06-21 21:48:52,907 [d7c2b77a-ebfa-4f5e-b0ff-24733d290501-groupManagement] INFO  server.RaftServerConfigKeys (ConfUtils.java:logGet(46)) - raft.server.read.option = DEFAULT (default)
2023-06-21 21:48:52,912 [d7c2b77a-ebfa-4f5e-b0ff-24733d290501-groupManagement] INFO  server.RaftServerConfigKeys (ConfUtils.java:logGet(46)) - raft.server.rpc.request.timeout = 60s (custom)
2023-06-21 21:48:52,913 [d7c2b77a-ebfa-4f5e-b0ff-24733d290501-groupManagement] INFO  server.RaftServerConfigKeys (ConfUtils.java:logGet(46)) - raft.server.log.appender.install.snapshot.enabled = false (custom)
2023-06-21 21:48:52,913 [d7c2b77a-ebfa-4f5e-b0ff-24733d290501-groupManagement] INFO  server.RaftServerConfigKeys (ConfUtils.java:logGet(46)) - raft.server.threadpool.server.cached = true (default)
2023-06-21 21:48:52,913 [d7c2b77a-ebfa-4f5e-b0ff-24733d290501-groupManagement] INFO  server.RaftServerConfigKeys (ConfUtils.java:logGet(46)) - raft.server.threadpool.server.size = 0 (default)
2023-06-21 21:48:52,913 [d7c2b77a-ebfa-4f5e-b0ff-24733d290501-groupManagement] INFO  server.RaftServerConfigKeys (ConfUtils.java:logGet(46)) - raft.server.threadpool.client.cached = true (default)
2023-06-21 21:48:52,913 [d7c2b77a-ebfa-4f5e-b0ff-24733d290501-groupManagement] INFO  server.RaftServerConfigKeys (ConfUtils.java:logGet(46)) - raft.server.threadpool.client.size = 0 (default)
2023-06-21 21:48:52,913 [d7c2b77a-ebfa-4f5e-b0ff-24733d290501-groupManagement] INFO  storage.RaftStorageDirectory (RaftStorageDirectoryImpl.java:analyzeStorage(137)) - The storage directory /home/runner/work/ozone/ozone/hadoop-ozone/integration-test/target/test-dir/MiniOzoneClusterImpl-ed2e7ec8-c199-49a5-9fff-29e1d18647c8/datanode-0/data/ratis/81612fcb-d1e6-4e27-8f5c-af43e50897d1 does not exist. Creating ...
2023-06-21 21:48:52,915 [d7c2b77a-ebfa-4f5e-b0ff-24733d290501-groupManagement] INFO  storage.RaftStorageDirectory (RaftStorageDirectoryImpl.java:tryLock(231)) - Lock on /home/runner/work/ozone/ozone/hadoop-ozone/integration-test/target/test-dir/MiniOzoneClusterImpl-ed2e7ec8-c199-49a5-9fff-29e1d18647c8/datanode-0/data/ratis/81612fcb-d1e6-4e27-8f5c-af43e50897d1/in_use.lock acquired by nodename 26391@fv-az1254-726
2023-06-21 21:48:52,916 [d7c2b77a-ebfa-4f5e-b0ff-24733d290501-groupManagement] INFO  storage.RaftStorage (RaftStorageImpl.java:format(96)) - Storage directory /home/runner/work/ozone/ozone/hadoop-ozone/integration-test/target/test-dir/MiniOzoneClusterImpl-ed2e7ec8-c199-49a5-9fff-29e1d18647c8/datanode-0/data/ratis/81612fcb-d1e6-4e27-8f5c-af43e50897d1 has been successfully formatted.
2023-06-21 21:48:52,920 [d7c2b77a-ebfa-4f5e-b0ff-24733d290501-groupManagement] INFO  ratis.ContainerStateMachine (ContainerStateMachine.java:loadSnapshot(262)) - group-AF43E50897D1: The snapshot info is null. Setting the last applied indexto:(t:0, i:~)
2023-06-21 21:48:52,921 [d7c2b77a-ebfa-4f5e-b0ff-24733d290501-groupManagement] INFO  server.RaftServerConfigKeys (ConfUtils.java:logGet(46)) - raft.server.log.use.memory = false (default)
2023-06-21 21:48:52,921 [d7c2b77a-ebfa-4f5e-b0ff-24733d290501-groupManagement] INFO  server.RaftServerConfigKeys (ConfUtils.java:logGet(46)) - raft.server.log.purge.gap = 1000000 (custom)
2023-06-21 21:48:52,921 [d7c2b77a-ebfa-4f5e-b0ff-24733d290501-groupManagement] INFO  server.RaftServerConfigKeys (ConfUtils.java:logGet(46)) - raft.server.log.appender.buffer.byte-limit = 33554432 (custom)
2023-06-21 21:48:52,921 [d7c2b77a-ebfa-4f5e-b0ff-24733d290501-groupManagement] INFO  server.RaftServerConfigKeys (ConfUtils.java:logGet(46)) - raft.server.log.statemachine.data.read.timeout = 1000ms (default)
2023-06-21 21:48:52,921 [d7c2b77a-ebfa-4f5e-b0ff-24733d290501-groupManagement] INFO  server.RaftServerConfigKeys (ConfUtils.java:logGet(46)) - raft.server.log.purge.preservation.log.num = 0 (default)
2023-06-21 21:48:52,921 [d7c2b77a-ebfa-4f5e-b0ff-24733d290501-groupManagement] INFO  server.RaftServerConfigKeys (ConfUtils.java:logGet(46)) - raft.server.log.segment.size.max = 1048576 (custom)
2023-06-21 21:48:52,922 [d7c2b77a-ebfa-4f5e-b0ff-24733d290501-groupManagement] INFO  server.RaftServerConfigKeys (ConfUtils.java:logGet(46)) - raft.server.log.segment.cache.num.max = 2 (custom)
2023-06-21 21:48:52,922 [d7c2b77a-ebfa-4f5e-b0ff-24733d290501-groupManagement] INFO  server.RaftServerConfigKeys (ConfUtils.java:logGet(46)) - raft.server.log.segment.cache.size.max = 200MB (=209715200) (default)
2023-06-21 21:48:52,922 [d7c2b77a-ebfa-4f5e-b0ff-24733d290501-groupManagement] INFO  server.RaftServerConfigKeys (ConfUtils.java:logGet(46)) - raft.server.log.appender.buffer.byte-limit = 33554432 (custom)
2023-06-21 21:48:52,922 [d7c2b77a-ebfa-4f5e-b0ff-24733d290501-groupManagement] INFO  segmented.SegmentedRaftLogWorker (SegmentedRaftLogWorker.java:<init>(188)) - new d7c2b77a-ebfa-4f5e-b0ff-24733d290501@group-AF43E50897D1-SegmentedRaftLogWorker for RaftStorageImpl:Storage Directory /home/runner/work/ozone/ozone/hadoop-ozone/integration-test/target/test-dir/MiniOzoneClusterImpl-ed2e7ec8-c199-49a5-9fff-29e1d18647c8/datanode-0/data/ratis/81612fcb-d1e6-4e27-8f5c-af43e50897d1
2023-06-21 21:48:52,922 [d7c2b77a-ebfa-4f5e-b0ff-24733d290501-groupManagement] INFO  server.RaftServerConfigKeys (ConfUtils.java:logGet(46)) - raft.server.log.queue.byte-limit = 4294967296 (custom)
2023-06-21 21:48:52,922 [d7c2b77a-ebfa-4f5e-b0ff-24733d290501-groupManagement] INFO  server.RaftServerConfigKeys (ConfUtils.java:logGet(46)) - raft.server.log.queue.element-limit = 1024 (custom)
2023-06-21 21:48:52,922 [d7c2b77a-ebfa-4f5e-b0ff-24733d290501-groupManagement] INFO  server.RaftServerConfigKeys (ConfUtils.java:logGet(46)) - raft.server.log.segment.size.max = 1048576 (custom)
2023-06-21 21:48:52,922 [d7c2b77a-ebfa-4f5e-b0ff-24733d290501-groupManagement] INFO  server.RaftServerConfigKeys (ConfUtils.java:logGet(46)) - raft.server.log.preallocated.size = 16384 (custom)
2023-06-21 21:48:52,922 [d7c2b77a-ebfa-4f5e-b0ff-24733d290501-groupManagement] INFO  server.RaftServerConfigKeys (ConfUtils.java:logGet(46)) - raft.server.log.force.sync.num = 128 (default)
2023-06-21 21:48:52,922 [d7c2b77a-ebfa-4f5e-b0ff-24733d290501-groupManagement] INFO  server.RaftServerConfigKeys (ConfUtils.java:logGet(46)) - raft.server.log.statemachine.data.sync = true (default)
2023-06-21 21:48:52,922 [d7c2b77a-ebfa-4f5e-b0ff-24733d290501-groupManagement] INFO  server.RaftServerConfigKeys (ConfUtils.java:logGet(46)) - raft.server.log.statemachine.data.sync.timeout = 10s (default)
2023-06-21 21:48:52,923 [d7c2b77a-ebfa-4f5e-b0ff-24733d290501-groupManagement] INFO  server.RaftServerConfigKeys (ConfUtils.java:logGet(46)) - raft.server.log.statemachine.data.sync.timeout.retry = -1 (default)
2023-06-21 21:48:52,923 [d7c2b77a-ebfa-4f5e-b0ff-24733d290501-groupManagement] INFO  server.RaftServerConfigKeys (ConfUtils.java:logGet(46)) - raft.server.log.write.buffer.size = 1048576 (custom)
2023-06-21 21:48:52,924 [d7c2b77a-ebfa-4f5e-b0ff-24733d290501-groupManagement] INFO  server.RaftServerConfigKeys (ConfUtils.java:logGet(46)) - raft.server.log.appender.buffer.byte-limit = 33554432 (custom)
2023-06-21 21:48:52,932 [d7c2b77a-ebfa-4f5e-b0ff-24733d290501-groupManagement] INFO  server.RaftServerConfigKeys (ConfUtils.java:logGet(46)) - raft.server.log.unsafe-flush.enabled = false (default)
2023-06-21 21:48:52,974 [d7c2b77a-ebfa-4f5e-b0ff-24733d290501-groupManagement] INFO  server.RaftServerConfigKeys (ConfUtils.java:logGet(46)) - raft.server.log.async-flush.enabled = false (default)
2023-06-21 21:48:52,974 [d7c2b77a-ebfa-4f5e-b0ff-24733d290501-groupManagement] INFO  server.RaftServerConfigKeys (ConfUtils.java:logGet(46)) - raft.server.log.statemachine.data.caching.enabled = true (custom)
2023-06-21 21:48:52,974 [d7c2b77a-ebfa-4f5e-b0ff-24733d290501-groupManagement] INFO  segmented.SegmentedRaftLogWorker (SegmentedRaftLogWorker.java:lambda$new$0(135)) - d7c2b77a-ebfa-4f5e-b0ff-24733d290501@group-AF43E50897D1-SegmentedRaftLogWorker: flushIndex: setUnconditionally 0 -> -1
2023-06-21 21:48:52,974 [d7c2b77a-ebfa-4f5e-b0ff-24733d290501-groupManagement] INFO  segmented.SegmentedRaftLogWorker (SegmentedRaftLogWorker.java:lambda$new$0(135)) - d7c2b77a-ebfa-4f5e-b0ff-24733d290501@group-AF43E50897D1-SegmentedRaftLogWorker: safeCacheEvictIndex: setUnconditionally 0 -> -1
2023-06-21 21:48:52,975 [d7c2b77a-ebfa-4f5e-b0ff-24733d290501-groupManagement] INFO  server.RaftServer$Division (RaftServerImpl.java:start(342)) - d7c2b77a-ebfa-4f5e-b0ff-24733d290501@group-AF43E50897D1: start as a follower, conf=-1: peers:[d7c2b77a-ebfa-4f5e-b0ff-24733d290501|rpc:10.1.0.15:15046|admin:10.1.0.15:15045|client:10.1.0.15:15044|dataStream:10.1.0.15:15047|priority:1|startupRole:FOLLOWER]|listeners:[], old=null
2023-06-21 21:48:52,975 [d7c2b77a-ebfa-4f5e-b0ff-24733d290501-groupManagement] INFO  server.RaftServer$Division (RaftServerImpl.java:setRole(329)) - d7c2b77a-ebfa-4f5e-b0ff-24733d290501@group-AF43E50897D1: changes role from      null to FOLLOWER at term 0 for startAsFollower
2023-06-21 21:48:52,975 [d7c2b77a-ebfa-4f5e-b0ff-24733d290501-groupManagement] INFO  impl.RoleInfo (RoleInfo.java:updateAndGet(139)) - d7c2b77a-ebfa-4f5e-b0ff-24733d290501: start d7c2b77a-ebfa-4f5e-b0ff-24733d290501@group-AF43E50897D1-FollowerState
2023-06-21 21:48:52,975 [d7c2b77a-ebfa-4f5e-b0ff-24733d290501-groupManagement] INFO  util.JmxRegister (JmxRegister.java:tryRegister(44)) - Successfully registered JMX Bean with object name Ratis:service=RaftServer,group=group-AF43E50897D1,id=d7c2b77a-ebfa-4f5e-b0ff-24733d290501
2023-06-21 21:48:52,976 [d7c2b77a-ebfa-4f5e-b0ff-24733d290501-groupManagement] INFO  server.RaftServerConfigKeys (ConfUtils.java:logGet(46)) - raft.server.snapshot.auto.trigger.enabled = true (custom)
2023-06-21 21:48:52,976 [d7c2b77a-ebfa-4f5e-b0ff-24733d290501-groupManagement] INFO  server.RaftServerConfigKeys (ConfUtils.java:logGet(46)) - raft.server.snapshot.auto.trigger.threshold = 10000 (custom)
2023-06-21 21:48:52,976 [d7c2b77a-ebfa-4f5e-b0ff-24733d290501-groupManagement] INFO  server.RaftServerConfigKeys (ConfUtils.java:logGet(46)) - raft.server.snapshot.retention.file.num = 5 (custom)
2023-06-21 21:48:52,976 [d7c2b77a-ebfa-4f5e-b0ff-24733d290501-groupManagement] INFO  server.RaftServerConfigKeys (ConfUtils.java:logGet(46)) - raft.server.log.purge.upto.snapshot.index = false (default)
2023-06-21 21:48:52,976 [d7c2b77a-ebfa-4f5e-b0ff-24733d290501@group-AF43E50897D1-FollowerState] INFO  server.RaftServerConfigKeys (ConfUtils.java:logFallback(53)) - raft.server.rpc.first-election.timeout.min = 5s (fallback to raft.server.rpc.timeout.min)
2023-06-21 21:48:52,977 [d7c2b77a-ebfa-4f5e-b0ff-24733d290501@group-AF43E50897D1-FollowerState] INFO  server.RaftServerConfigKeys (ConfUtils.java:logFallback(53)) - raft.server.rpc.first-election.timeout.max = 5200ms (fallback to raft.server.rpc.timeout.max)
2023-06-21 21:48:52,977 [PipelineCommandHandlerThread-0] INFO  ratis.XceiverServerRatis (XceiverServerRatis.java:addGroup(804)) - Created group PipelineID=81612fcb-d1e6-4e27-8f5c-af43e50897d1
2023-06-21 21:48:52,987 [PipelineCommandHandlerThread-0] INFO  commandhandler.CreatePipelineCommandHandler (CreatePipelineCommandHandler.java:lambda$handle$2(124)) - Created Pipeline RATIS ONE PipelineID=81612fcb-d1e6-4e27-8f5c-af43e50897d1.
2023-06-21 21:48:52,998 [EventQueue-PipelineReportForPipelineReportHandler] INFO  pipeline.PipelineManagerImpl (PipelineManagerImpl.java:openPipeline(367)) - Pipeline Pipeline[ Id: 81612fcb-d1e6-4e27-8f5c-af43e50897d1, Nodes: d7c2b77a-ebfa-4f5e-b0ff-24733d290501(fv-az1254-726.qtnbswlwlufehe3u4emko3izng.cx.internal.cloudapp.net/10.1.0.15), ReplicationConfig: RATIS/ONE, State:ALLOCATED, leaderId:d7c2b77a-ebfa-4f5e-b0ff-24733d290501, CreationTimestamp2023-06-21T21:48:49.932Z[Etc/UTC]] moved to OPEN state
2023-06-21 21:48:53,004 [EventQueue-PipelineReportForPipelineReportHandler] INFO  pipeline.PipelineManagerImpl (PipelineManagerImpl.java:openPipeline(367)) - Pipeline Pipeline[ Id: 81612fcb-d1e6-4e27-8f5c-af43e50897d1, Nodes: d7c2b77a-ebfa-4f5e-b0ff-24733d290501(fv-az1254-726.qtnbswlwlufehe3u4emko3izng.cx.internal.cloudapp.net/10.1.0.15), ReplicationConfig: RATIS/ONE, State:ALLOCATED, leaderId:d7c2b77a-ebfa-4f5e-b0ff-24733d290501, CreationTimestamp2023-06-21T21:48:49.932Z[Etc/UTC]] moved to OPEN state
2023-06-21 21:48:56,194 [336e6589-5d5b-4942-96a6-e8ef4b976bc7@group-29E1D18647C8-FollowerState] INFO  server.RaftServerConfigKeys (ConfUtils.java:logFallback(53)) - raft.server.rpc.first-election.timeout.min = 5000ms (fallback to raft.server.rpc.timeout.min)
2023-06-21 21:48:56,194 [336e6589-5d5b-4942-96a6-e8ef4b976bc7@group-29E1D18647C8-FollowerState] INFO  server.RaftServerConfigKeys (ConfUtils.java:logFallback(53)) - raft.server.rpc.first-election.timeout.max = 5200ms (fallback to raft.server.rpc.timeout.max)
2023-06-21 21:48:56,923 [Datanode State Machine Daemon Thread] ERROR datanode.RunningDatanodeState (RunningDatanodeState.java:computeNextContainerState(207)) - Error in executing end point task.
java.util.concurrent.ExecutionException: java.util.concurrent.TimeoutException
	at java.util.concurrent.FutureTask.report(FutureTask.java:122)
	at java.util.concurrent.FutureTask.get(FutureTask.java:192)
	at org.apache.hadoop.ozone.container.common.states.datanode.RunningDatanodeState.computeNextContainerState(RunningDatanodeState.java:199)
	at org.apache.hadoop.ozone.container.common.states.datanode.RunningDatanodeState.await(RunningDatanodeState.java:239)
	at org.apache.hadoop.ozone.container.common.states.datanode.RunningDatanodeState.await(RunningDatanodeState.java:50)
	at org.apache.hadoop.ozone.container.common.statemachine.StateContext.execute(StateContext.java:666)
	at org.apache.hadoop.ozone.container.common.statemachine.DatanodeStateMachine.startStateMachineThread(DatanodeStateMachine.java:334)
	at org.apache.hadoop.ozone.container.common.statemachine.DatanodeStateMachine.lambda$startDaemon$0(DatanodeStateMachine.java:532)
	at java.lang.Thread.run(Thread.java:750)
Caused by: java.util.concurrent.TimeoutException
	at java.util.concurrent.FutureTask.get(FutureTask.java:205)
	at org.apache.hadoop.ozone.container.common.states.datanode.RunningDatanodeState.lambda$execute$0(RunningDatanodeState.java:157)
	at java.util.concurrent.FutureTask.run(FutureTask.java:266)
	at java.util.concurrent.Executors$RunnableAdapter.call(Executors.java:511)
	at java.util.concurrent.FutureTask.run(FutureTask.java:266)
	at java.util.concurrent.ThreadPoolExecutor.runWorker(ThreadPoolExecutor.java:1149)
	at java.util.concurrent.ThreadPoolExecutor$Worker.run(ThreadPoolExecutor.java:624)
	... 1 more
2023-06-21 21:48:57,928 [Datanode State Machine Daemon Thread] ERROR datanode.RunningDatanodeState (RunningDatanodeState.java:computeNextContainerState(207)) - Error in executing end point task.
java.util.concurrent.ExecutionException: java.util.concurrent.TimeoutException
	at java.util.concurrent.FutureTask.report(FutureTask.java:122)
	at java.util.concurrent.FutureTask.get(FutureTask.java:192)
	at org.apache.hadoop.ozone.container.common.states.datanode.RunningDatanodeState.computeNextContainerState(RunningDatanodeState.java:199)
	at org.apache.hadoop.ozone.container.common.states.datanode.RunningDatanodeState.await(RunningDatanodeState.java:239)
	at org.apache.hadoop.ozone.container.common.states.datanode.RunningDatanodeState.await(RunningDatanodeState.java:50)
	at org.apache.hadoop.ozone.container.common.statemachine.StateContext.execute(StateContext.java:666)
	at org.apache.hadoop.ozone.container.common.statemachine.DatanodeStateMachine.startStateMachineThread(DatanodeStateMachine.java:334)
	at org.apache.hadoop.ozone.container.common.statemachine.DatanodeStateMachine.lambda$startDaemon$0(DatanodeStateMachine.java:532)
	at java.lang.Thread.run(Thread.java:750)
Caused by: java.util.concurrent.TimeoutException
	at java.util.concurrent.FutureTask.get(FutureTask.java:205)
	at org.apache.hadoop.ozone.container.common.states.datanode.RunningDatanodeState.lambda$execute$0(RunningDatanodeState.java:157)
	at java.util.concurrent.FutureTask.run(FutureTask.java:266)
	at java.util.concurrent.Executors$RunnableAdapter.call(Executors.java:511)
	at java.util.concurrent.FutureTask.run(FutureTask.java:266)
	at java.util.concurrent.ThreadPoolExecutor.runWorker(ThreadPoolExecutor.java:1149)
	at java.util.concurrent.ThreadPoolExecutor$Worker.run(ThreadPoolExecutor.java:624)
	... 1 more
2023-06-21 21:48:57,995 [d7c2b77a-ebfa-4f5e-b0ff-24733d290501@group-AF43E50897D1-FollowerState] INFO  impl.FollowerState (FollowerState.java:run(143)) - d7c2b77a-ebfa-4f5e-b0ff-24733d290501@group-AF43E50897D1-FollowerState: change to CANDIDATE, lastRpcElapsedTime:5019709525ns, electionTimeout:5018ms
2023-06-21 21:48:57,995 [d7c2b77a-ebfa-4f5e-b0ff-24733d290501@group-AF43E50897D1-FollowerState] INFO  impl.RoleInfo (RoleInfo.java:shutdownFollowerState(110)) - d7c2b77a-ebfa-4f5e-b0ff-24733d290501: shutdown d7c2b77a-ebfa-4f5e-b0ff-24733d290501@group-AF43E50897D1-FollowerState
2023-06-21 21:48:57,995 [d7c2b77a-ebfa-4f5e-b0ff-24733d290501@group-AF43E50897D1-FollowerState] INFO  server.RaftServer$Division (RaftServerImpl.java:setRole(329)) - d7c2b77a-ebfa-4f5e-b0ff-24733d290501@group-AF43E50897D1: changes role from  FOLLOWER to CANDIDATE at term 0 for changeToCandidate
2023-06-21 21:48:57,997 [d7c2b77a-ebfa-4f5e-b0ff-24733d290501@group-AF43E50897D1-FollowerState] INFO  server.RaftServerConfigKeys (ConfUtils.java:logGet(46)) - raft.server.leaderelection.pre-vote = true (default)
2023-06-21 21:48:57,997 [d7c2b77a-ebfa-4f5e-b0ff-24733d290501@group-AF43E50897D1-FollowerState] INFO  impl.RoleInfo (RoleInfo.java:updateAndGet(139)) - d7c2b77a-ebfa-4f5e-b0ff-24733d290501: start d7c2b77a-ebfa-4f5e-b0ff-24733d290501@group-AF43E50897D1-LeaderElection4
2023-06-21 21:48:58,000 [d7c2b77a-ebfa-4f5e-b0ff-24733d290501@group-AF43E50897D1-LeaderElection4] INFO  impl.LeaderElection (LeaderElection.java:askForVotes(321)) - d7c2b77a-ebfa-4f5e-b0ff-24733d290501@group-AF43E50897D1-LeaderElection4 PRE_VOTE round 0: submit vote requests at term 0 for -1: peers:[d7c2b77a-ebfa-4f5e-b0ff-24733d290501|rpc:10.1.0.15:15046|admin:10.1.0.15:15045|client:10.1.0.15:15044|dataStream:10.1.0.15:15047|priority:1|startupRole:FOLLOWER]|listeners:[], old=null
2023-06-21 21:48:58,000 [d7c2b77a-ebfa-4f5e-b0ff-24733d290501@group-AF43E50897D1-LeaderElection4] INFO  impl.LeaderElection (LeaderElection.java:askForVotes(323)) - d7c2b77a-ebfa-4f5e-b0ff-24733d290501@group-AF43E50897D1-LeaderElection4 PRE_VOTE round 0: result PASSED (term=0)
2023-06-21 21:48:58,005 [d7c2b77a-ebfa-4f5e-b0ff-24733d290501@group-AF43E50897D1-LeaderElection4] INFO  impl.LeaderElection (LeaderElection.java:askForVotes(321)) - d7c2b77a-ebfa-4f5e-b0ff-24733d290501@group-AF43E50897D1-LeaderElection4 ELECTION round 0: submit vote requests at term 1 for -1: peers:[d7c2b77a-ebfa-4f5e-b0ff-24733d290501|rpc:10.1.0.15:15046|admin:10.1.0.15:15045|client:10.1.0.15:15044|dataStream:10.1.0.15:15047|priority:1|startupRole:FOLLOWER]|listeners:[], old=null
2023-06-21 21:48:58,005 [d7c2b77a-ebfa-4f5e-b0ff-24733d290501@group-AF43E50897D1-LeaderElection4] INFO  impl.LeaderElection (LeaderElection.java:askForVotes(323)) - d7c2b77a-ebfa-4f5e-b0ff-24733d290501@group-AF43E50897D1-LeaderElection4 ELECTION round 0: result PASSED (term=1)
2023-06-21 21:48:58,005 [d7c2b77a-ebfa-4f5e-b0ff-24733d290501@group-AF43E50897D1-LeaderElection4] INFO  impl.RoleInfo (RoleInfo.java:shutdownLeaderElection(130)) - d7c2b77a-ebfa-4f5e-b0ff-24733d290501: shutdown d7c2b77a-ebfa-4f5e-b0ff-24733d290501@group-AF43E50897D1-LeaderElection4
2023-06-21 21:48:58,005 [d7c2b77a-ebfa-4f5e-b0ff-24733d290501@group-AF43E50897D1-LeaderElection4] INFO  server.RaftServer$Division (RaftServerImpl.java:setRole(329)) - d7c2b77a-ebfa-4f5e-b0ff-24733d290501@group-AF43E50897D1: changes role from CANDIDATE to LEADER at term 1 for changeToLeader
2023-06-21 21:48:58,005 [d7c2b77a-ebfa-4f5e-b0ff-24733d290501@group-AF43E50897D1-LeaderElection4] INFO  ratis.XceiverServerRatis (XceiverServerRatis.java:handleLeaderChangedNotification(902)) - Leader change notification received for group: group-AF43E50897D1 with new leaderId: d7c2b77a-ebfa-4f5e-b0ff-24733d290501
2023-06-21 21:48:58,006 [d7c2b77a-ebfa-4f5e-b0ff-24733d290501@group-AF43E50897D1-LeaderElection4] INFO  server.RaftServer$Division (ServerState.java:setLeader(317)) - d7c2b77a-ebfa-4f5e-b0ff-24733d290501@group-AF43E50897D1: change Leader from null to d7c2b77a-ebfa-4f5e-b0ff-24733d290501 at term 1 for becomeLeader, leader elected after 5098ms
2023-06-21 21:48:58,010 [d7c2b77a-ebfa-4f5e-b0ff-24733d290501@group-AF43E50897D1-LeaderElection4] INFO  server.RaftServerConfigKeys (ConfUtils.java:logGet(46)) - raft.server.staging.catchup.gap = 1000 (default)
2023-06-21 21:48:58,011 [d7c2b77a-ebfa-4f5e-b0ff-24733d290501@group-AF43E50897D1-LeaderElection4] INFO  server.RaftServerConfigKeys (ConfUtils.java:logGet(46)) - raft.server.write.element-limit = 1024 (custom)
2023-06-21 21:48:58,011 [d7c2b77a-ebfa-4f5e-b0ff-24733d290501@group-AF43E50897D1-LeaderElection4] INFO  server.RaftServerConfigKeys (ConfUtils.java:logGet(46)) - raft.server.write.byte-limit = 1024 M (=1073741824) (custom)
2023-06-21 21:48:58,017 [d7c2b77a-ebfa-4f5e-b0ff-24733d290501@group-AF43E50897D1-LeaderElection4] INFO  server.RaftServerConfigKeys (ConfUtils.java:logGet(46)) - raft.server.watch.timeout = 180s (custom)
2023-06-21 21:48:58,017 [d7c2b77a-ebfa-4f5e-b0ff-24733d290501@group-AF43E50897D1-LeaderElection4] INFO  server.RaftServerConfigKeys (ConfUtils.java:logGet(46)) - raft.server.watch.timeout.denomination = 1s (default)
2023-06-21 21:48:58,017 [d7c2b77a-ebfa-4f5e-b0ff-24733d290501@group-AF43E50897D1-LeaderElection4] INFO  server.RaftServerConfigKeys (ConfUtils.java:logGet(46)) - raft.server.watch.element-limit = 65536 (default)
2023-06-21 21:48:58,017 [d7c2b77a-ebfa-4f5e-b0ff-24733d290501@group-AF43E50897D1-LeaderElection4] INFO  server.RaftServerConfigKeys (ConfUtils.java:logGet(46)) - raft.server.write.element-limit = 1024 (custom)
2023-06-21 21:48:58,018 [d7c2b77a-ebfa-4f5e-b0ff-24733d290501@group-AF43E50897D1-LeaderElection4] INFO  server.RaftServerConfigKeys (ConfUtils.java:logGet(46)) - raft.server.write.follower.gap.ratio.max = -1.0 (default)
2023-06-21 21:48:58,018 [d7c2b77a-ebfa-4f5e-b0ff-24733d290501@group-AF43E50897D1-LeaderElection4] INFO  impl.RoleInfo (RoleInfo.java:updateAndGet(139)) - d7c2b77a-ebfa-4f5e-b0ff-24733d290501: start d7c2b77a-ebfa-4f5e-b0ff-24733d290501@group-AF43E50897D1-LeaderStateImpl
2023-06-21 21:48:58,018 [d7c2b77a-ebfa-4f5e-b0ff-24733d290501@group-AF43E50897D1-LeaderElection4] INFO  segmented.SegmentedRaftLogWorker (SegmentedRaftLogWorker.java:startLogSegment(447)) - d7c2b77a-ebfa-4f5e-b0ff-24733d290501@group-AF43E50897D1-SegmentedRaftLogWorker: Starting segment from index:0
2023-06-21 21:48:58,020 [d7c2b77a-ebfa-4f5e-b0ff-24733d290501@group-AF43E50897D1-SegmentedRaftLogWorker] INFO  segmented.SegmentedRaftLogWorker (SegmentedRaftLogWorker.java:execute(651)) - d7c2b77a-ebfa-4f5e-b0ff-24733d290501@group-AF43E50897D1-SegmentedRaftLogWorker: created new log segment /home/runner/work/ozone/ozone/hadoop-ozone/integration-test/target/test-dir/MiniOzoneClusterImpl-ed2e7ec8-c199-49a5-9fff-29e1d18647c8/datanode-0/data/ratis/81612fcb-d1e6-4e27-8f5c-af43e50897d1/current/log_inprogress_0
2023-06-21 21:48:58,024 [d7c2b77a-ebfa-4f5e-b0ff-24733d290501@group-AF43E50897D1-LeaderElection4] INFO  server.RaftServer$Division (ServerState.java:setRaftConf(434)) - d7c2b77a-ebfa-4f5e-b0ff-24733d290501@group-AF43E50897D1: set configuration 0: peers:[d7c2b77a-ebfa-4f5e-b0ff-24733d290501|rpc:10.1.0.15:15046|admin:10.1.0.15:15045|client:10.1.0.15:15044|dataStream:10.1.0.15:15047|priority:1|startupRole:FOLLOWER]|listeners:[], old=null
2023-06-21 21:49:01,313 [336e6589-5d5b-4942-96a6-e8ef4b976bc7@group-29E1D18647C8-FollowerState] INFO  server.RaftServerConfigKeys (ConfUtils.java:logFallback(53)) - raft.server.rpc.first-election.timeout.min = 5000ms (fallback to raft.server.rpc.timeout.min)
2023-06-21 21:49:01,313 [336e6589-5d5b-4942-96a6-e8ef4b976bc7@group-29E1D18647C8-FollowerState] INFO  server.RaftServerConfigKeys (ConfUtils.java:logFallback(53)) - raft.server.rpc.first-election.timeout.max = 5200ms (fallback to raft.server.rpc.timeout.max)
2023-06-21 21:49:05,010 [Datanode State Machine Daemon Thread] ERROR datanode.RunningDatanodeState (RunningDatanodeState.java:computeNextContainerState(207)) - Error in executing end point task.
java.util.concurrent.ExecutionException: java.util.concurrent.TimeoutException
	at java.util.concurrent.FutureTask.report(FutureTask.java:122)
	at java.util.concurrent.FutureTask.get(FutureTask.java:192)
	at org.apache.hadoop.ozone.container.common.states.datanode.RunningDatanodeState.computeNextContainerState(RunningDatanodeState.java:199)
	at org.apache.hadoop.ozone.container.common.states.datanode.RunningDatanodeState.await(RunningDatanodeState.java:239)
	at org.apache.hadoop.ozone.container.common.states.datanode.RunningDatanodeState.await(RunningDatanodeState.java:50)
	at org.apache.hadoop.ozone.container.common.statemachine.StateContext.execute(StateContext.java:666)
	at org.apache.hadoop.ozone.container.common.statemachine.DatanodeStateMachine.startStateMachineThread(DatanodeStateMachine.java:334)
	at org.apache.hadoop.ozone.container.common.statemachine.DatanodeStateMachine.lambda$startDaemon$0(DatanodeStateMachine.java:532)
	at java.lang.Thread.run(Thread.java:750)
Caused by: java.util.concurrent.TimeoutException
	at java.util.concurrent.FutureTask.get(FutureTask.java:205)
	at org.apache.hadoop.ozone.container.common.states.datanode.RunningDatanodeState.lambda$execute$0(RunningDatanodeState.java:157)
	at java.util.concurrent.FutureTask.run(FutureTask.java:266)
	at java.util.concurrent.Executors$RunnableAdapter.call(Executors.java:511)
	at java.util.concurrent.FutureTask.run(FutureTask.java:266)
	at java.util.concurrent.ThreadPoolExecutor.runWorker(ThreadPoolExecutor.java:1149)
	at java.util.concurrent.ThreadPoolExecutor$Worker.run(ThreadPoolExecutor.java:624)
	... 1 more
2023-06-21 21:49:05,508 [Socket Reader #1 for port 15002] INFO  ipc.Server (Server.java:saslProcess(2116)) - Auth successful for scm/fv-az1254-726.qtnbswlwlufehe3u4emko3izng.cx.internal.cloudapp.net@EXAMPLE.COM (auth:KERBEROS) from 10.1.0.15:35279
2023-06-21 21:49:05,525 [Socket Reader #1 for port 15002] INFO  ipc.Server (Server.java:saslProcess(2116)) - Auth successful for scm/fv-az1254-726.qtnbswlwlufehe3u4emko3izng.cx.internal.cloudapp.net@EXAMPLE.COM (auth:KERBEROS) from 10.1.0.15:40237
2023-06-21 21:49:05,678 [SecretKeyManagerService] INFO  symmetric.SecretKeyManager (SecretKeyManager.java:checkAndRotate(124)) - SecretKey rotation is happening, new key generated SecretKey(id = 5b27779a-2fdb-4e1e-86c7-93e4a4e5632c, creation at: 2023-06-21T21:49:05.677Z, expire at: 2023-06-21T21:50:06.677Z)
2023-06-21 21:49:05,683 [6554ba57-669d-4c9f-91d9-11f4838b8a27@group-29E1D18647C8-StateMachineUpdater] INFO  symmetric.SecretKeyStateImpl (SecretKeyStateImpl.java:updateKeysInternal(113)) - Updating keys with [SecretKey(id = 549f050c-1bf3-451b-8f20-a15d7a7e75fa, creation at: 2023-06-21T21:48:35.500Z, expire at: 2023-06-21T21:49:36.500Z), SecretKey(id = 5b27779a-2fdb-4e1e-86c7-93e4a4e5632c, creation at: 2023-06-21T21:49:05.677Z, expire at: 2023-06-21T21:50:06.677Z)]
2023-06-21 21:49:05,686 [6554ba57-669d-4c9f-91d9-11f4838b8a27@group-29E1D18647C8-StateMachineUpdater] INFO  symmetric.SecretKeyStateImpl (SecretKeyStateImpl.java:updateKeysInternal(128)) - Current key updated SecretKey(id = 5b27779a-2fdb-4e1e-86c7-93e4a4e5632c, creation at: 2023-06-21T21:49:05.677Z, expire at: 2023-06-21T21:50:06.677Z)
2023-06-21 21:49:05,688 [6554ba57-669d-4c9f-91d9-11f4838b8a27@group-29E1D18647C8-StateMachineUpdater] INFO  symmetric.LocalSecretKeyStore (LocalSecretKeyStore.java:save(109)) - Saved [SecretKey(id = 5b27779a-2fdb-4e1e-86c7-93e4a4e5632c, creation at: 2023-06-21T21:49:05.677Z, expire at: 2023-06-21T21:50:06.677Z), SecretKey(id = 549f050c-1bf3-451b-8f20-a15d7a7e75fa, creation at: 2023-06-21T21:48:35.500Z, expire at: 2023-06-21T21:49:36.500Z)] to file /home/runner/work/ozone/ozone/hadoop-ozone/integration-test/target/test-dir/MiniOzoneClusterImpl-ed2e7ec8-c199-49a5-9fff-29e1d18647c8/scmNode-1/scm/keys/secret_keys.json
2023-06-21 21:49:05,692 [336e6589-5d5b-4942-96a6-e8ef4b976bc7@group-29E1D18647C8-StateMachineUpdater] INFO  symmetric.SecretKeyStateImpl (SecretKeyStateImpl.java:updateKeysInternal(113)) - Updating keys with [SecretKey(id = 549f050c-1bf3-451b-8f20-a15d7a7e75fa, creation at: 2023-06-21T21:48:35.500Z, expire at: 2023-06-21T21:49:36.500Z), SecretKey(id = 5b27779a-2fdb-4e1e-86c7-93e4a4e5632c, creation at: 2023-06-21T21:49:05.677Z, expire at: 2023-06-21T21:50:06.677Z)]
2023-06-21 21:49:05,692 [336e6589-5d5b-4942-96a6-e8ef4b976bc7@group-29E1D18647C8-StateMachineUpdater] INFO  symmetric.SecretKeyStateImpl (SecretKeyStateImpl.java:updateKeysInternal(128)) - Current key updated SecretKey(id = 5b27779a-2fdb-4e1e-86c7-93e4a4e5632c, creation at: 2023-06-21T21:49:05.677Z, expire at: 2023-06-21T21:50:06.677Z)
2023-06-21 21:49:05,692 [336e6589-5d5b-4942-96a6-e8ef4b976bc7@group-29E1D18647C8-StateMachineUpdater] INFO  symmetric.LocalSecretKeyStore (LocalSecretKeyStore.java:save(109)) - Saved [SecretKey(id = 5b27779a-2fdb-4e1e-86c7-93e4a4e5632c, creation at: 2023-06-21T21:49:05.677Z, expire at: 2023-06-21T21:50:06.677Z), SecretKey(id = 549f050c-1bf3-451b-8f20-a15d7a7e75fa, creation at: 2023-06-21T21:48:35.500Z, expire at: 2023-06-21T21:49:36.500Z)] to file /home/runner/work/ozone/ozone/hadoop-ozone/integration-test/target/test-dir/MiniOzoneClusterImpl-ed2e7ec8-c199-49a5-9fff-29e1d18647c8/scmNode-2/scm/keys/secret_keys.json
2023-06-21 21:49:05,876 [main] INFO  ha.SequenceIdGenerator (SequenceIdGenerator.java:getNextId(128)) - Allocate a batch for containerId, change lastId from 0 to 1000.
2023-06-21 21:49:06,406 [336e6589-5d5b-4942-96a6-e8ef4b976bc7@group-29E1D18647C8-FollowerState] INFO  server.RaftServerConfigKeys (ConfUtils.java:logFallback(53)) - raft.server.rpc.first-election.timeout.min = 5000ms (fallback to raft.server.rpc.timeout.min)
2023-06-21 21:49:06,408 [336e6589-5d5b-4942-96a6-e8ef4b976bc7@group-29E1D18647C8-FollowerState] INFO  server.RaftServerConfigKeys (ConfUtils.java:logFallback(53)) - raft.server.rpc.first-election.timeout.max = 5200ms (fallback to raft.server.rpc.timeout.max)
2023-06-21 21:49:06,502 [SecretKeyPoller] INFO  symmetric.DefaultSecretKeySignerClient (DefaultSecretKeySignerClient.java:checkAndRefresh(122)) - New secret key fetched from SCM: SecretKey(id = 5b27779a-2fdb-4e1e-86c7-93e4a4e5632c, creation at: 2023-06-21T21:49:05.677Z, expire at: 2023-06-21T21:50:06.677Z).
2023-06-21 21:49:06,503 [SecretKeyPoller] INFO  symmetric.DefaultSecretKeySignerClient (DefaultSecretKeySignerClient.java:checkAndRefresh(122)) - New secret key fetched from SCM: SecretKey(id = 5b27779a-2fdb-4e1e-86c7-93e4a4e5632c, creation at: 2023-06-21T21:49:05.677Z, expire at: 2023-06-21T21:50:06.677Z).
2023-06-21 21:49:09,837 [6554ba57-669d-4c9f-91d9-11f4838b8a27@group-29E1D18647C8-StateMachineUpdater] INFO  ha.SCMStateMachine (SCMStateMachine.java:takeSnapshot(330)) - Current Snapshot Index 100, takeSnapshot took 1 ms
2023-06-21 21:49:09,837 [6554ba57-669d-4c9f-91d9-11f4838b8a27@group-29E1D18647C8-StateMachineUpdater] INFO  impl.StateMachineUpdater (StateMachineUpdater.java:takeSnapshot(291)) - 6554ba57-669d-4c9f-91d9-11f4838b8a27@group-29E1D18647C8-StateMachineUpdater: Took a snapshot at index 100
2023-06-21 21:49:09,837 [6554ba57-669d-4c9f-91d9-11f4838b8a27@group-29E1D18647C8-StateMachineUpdater] INFO  impl.StateMachineUpdater (StateMachineUpdater.java:lambda$new$0(97)) - 6554ba57-669d-4c9f-91d9-11f4838b8a27@group-29E1D18647C8-StateMachineUpdater: snapshotIndex: updateIncreasingly -1 -> 100
2023-06-21 21:49:09,837 [6554ba57-669d-4c9f-91d9-11f4838b8a27@group-29E1D18647C8-StateMachineUpdater] INFO  raftlog.RaftLog (RaftLogBase.java:purge(314)) - 6554ba57-669d-4c9f-91d9-11f4838b8a27@group-29E1D18647C8-SegmentedRaftLog: purge 100
2023-06-21 21:49:09,839 [6554ba57-669d-4c9f-91d9-11f4838b8a27@group-29E1D18647C8-StateMachineUpdater] INFO  raftlog.RaftLog (RaftLogBase.java:lambda$new$0(53)) - 6554ba57-669d-4c9f-91d9-11f4838b8a27@group-29E1D18647C8-SegmentedRaftLog: snapshotIndex: updateIncreasingly -1 -> 100
2023-06-21 21:49:09,840 [6554ba57-669d-4c9f-91d9-11f4838b8a27@group-29E1D18647C8-SegmentedRaftLogWorker] INFO  raftlog.RaftLog (RaftLogBase.java:lambda$new$0(53)) - 6554ba57-669d-4c9f-91d9-11f4838b8a27@group-29E1D18647C8-SegmentedRaftLog: purgeIndex: updateToMax old=-1, new=0, updated? true
2023-06-21 21:49:09,931 [336e6589-5d5b-4942-96a6-e8ef4b976bc7@group-29E1D18647C8-StateMachineUpdater] INFO  ha.SCMStateMachine (SCMStateMachine.java:takeSnapshot(330)) - Current Snapshot Index 100, takeSnapshot took 1 ms
2023-06-21 21:49:09,931 [336e6589-5d5b-4942-96a6-e8ef4b976bc7@group-29E1D18647C8-StateMachineUpdater] INFO  impl.StateMachineUpdater (StateMachineUpdater.java:takeSnapshot(291)) - 336e6589-5d5b-4942-96a6-e8ef4b976bc7@group-29E1D18647C8-StateMachineUpdater: Took a snapshot at index 100
2023-06-21 21:49:09,931 [336e6589-5d5b-4942-96a6-e8ef4b976bc7@group-29E1D18647C8-StateMachineUpdater] INFO  impl.StateMachineUpdater (StateMachineUpdater.java:lambda$new$0(97)) - 336e6589-5d5b-4942-96a6-e8ef4b976bc7@group-29E1D18647C8-StateMachineUpdater: snapshotIndex: updateIncreasingly -1 -> 100
2023-06-21 21:49:09,931 [336e6589-5d5b-4942-96a6-e8ef4b976bc7@group-29E1D18647C8-StateMachineUpdater] INFO  raftlog.RaftLog (RaftLogBase.java:purge(314)) - 336e6589-5d5b-4942-96a6-e8ef4b976bc7@group-29E1D18647C8-SegmentedRaftLog: purge 100
2023-06-21 21:49:09,931 [336e6589-5d5b-4942-96a6-e8ef4b976bc7@group-29E1D18647C8-StateMachineUpdater] INFO  raftlog.RaftLog (RaftLogBase.java:lambda$new$0(53)) - 336e6589-5d5b-4942-96a6-e8ef4b976bc7@group-29E1D18647C8-SegmentedRaftLog: snapshotIndex: updateIncreasingly -1 -> 100
2023-06-21 21:49:09,932 [336e6589-5d5b-4942-96a6-e8ef4b976bc7@group-29E1D18647C8-SegmentedRaftLogWorker] INFO  raftlog.RaftLog (RaftLogBase.java:lambda$new$0(53)) - 336e6589-5d5b-4942-96a6-e8ef4b976bc7@group-29E1D18647C8-SegmentedRaftLog: purgeIndex: updateToMax old=-1, new=0, updated? true
2023-06-21 21:49:11,027 [Datanode State Machine Daemon Thread] ERROR datanode.RunningDatanodeState (RunningDatanodeState.java:computeNextContainerState(207)) - Error in executing end point task.
java.util.concurrent.ExecutionException: java.util.concurrent.TimeoutException
	at java.util.concurrent.FutureTask.report(FutureTask.java:122)
	at java.util.concurrent.FutureTask.get(FutureTask.java:192)
	at org.apache.hadoop.ozone.container.common.states.datanode.RunningDatanodeState.computeNextContainerState(RunningDatanodeState.java:199)
	at org.apache.hadoop.ozone.container.common.states.datanode.RunningDatanodeState.await(RunningDatanodeState.java:239)
	at org.apache.hadoop.ozone.container.common.states.datanode.RunningDatanodeState.await(RunningDatanodeState.java:50)
	at org.apache.hadoop.ozone.container.common.statemachine.StateContext.execute(StateContext.java:666)
	at org.apache.hadoop.ozone.container.common.statemachine.DatanodeStateMachine.startStateMachineThread(DatanodeStateMachine.java:334)
	at org.apache.hadoop.ozone.container.common.statemachine.DatanodeStateMachine.lambda$startDaemon$0(DatanodeStateMachine.java:532)
	at java.lang.Thread.run(Thread.java:750)
Caused by: java.util.concurrent.TimeoutException
	at java.util.concurrent.FutureTask.get(FutureTask.java:205)
	at org.apache.hadoop.ozone.container.common.states.datanode.RunningDatanodeState.lambda$execute$0(RunningDatanodeState.java:157)
	at java.util.concurrent.FutureTask.run(FutureTask.java:266)
	at java.util.concurrent.Executors$RunnableAdapter.call(Executors.java:511)
	at java.util.concurrent.FutureTask.run(FutureTask.java:266)
	at java.util.concurrent.ThreadPoolExecutor.runWorker(ThreadPoolExecutor.java:1149)
	at java.util.concurrent.ThreadPoolExecutor$Worker.run(ThreadPoolExecutor.java:624)
	... 1 more
2023-06-21 21:49:11,525 [336e6589-5d5b-4942-96a6-e8ef4b976bc7@group-29E1D18647C8-FollowerState] INFO  server.RaftServerConfigKeys (ConfUtils.java:logFallback(53)) - raft.server.rpc.first-election.timeout.min = 5000ms (fallback to raft.server.rpc.timeout.min)
2023-06-21 21:49:11,525 [336e6589-5d5b-4942-96a6-e8ef4b976bc7@group-29E1D18647C8-FollowerState] INFO  server.RaftServerConfigKeys (ConfUtils.java:logFallback(53)) - raft.server.rpc.first-election.timeout.max = 5200ms (fallback to raft.server.rpc.timeout.max)
2023-06-21 21:49:15,096 [6554ba57-669d-4c9f-91d9-11f4838b8a27@group-29E1D18647C8-StateMachineUpdater] INFO  ha.SCMStateMachine (SCMStateMachine.java:takeSnapshot(330)) - Current Snapshot Index 200, takeSnapshot took 1 ms
2023-06-21 21:49:15,096 [6554ba57-669d-4c9f-91d9-11f4838b8a27@group-29E1D18647C8-StateMachineUpdater] INFO  impl.StateMachineUpdater (StateMachineUpdater.java:takeSnapshot(291)) - 6554ba57-669d-4c9f-91d9-11f4838b8a27@group-29E1D18647C8-StateMachineUpdater: Took a snapshot at index 200
2023-06-21 21:49:15,096 [6554ba57-669d-4c9f-91d9-11f4838b8a27@group-29E1D18647C8-StateMachineUpdater] INFO  impl.StateMachineUpdater (StateMachineUpdater.java:lambda$new$0(97)) - 6554ba57-669d-4c9f-91d9-11f4838b8a27@group-29E1D18647C8-StateMachineUpdater: snapshotIndex: updateIncreasingly 100 -> 200
2023-06-21 21:49:15,096 [6554ba57-669d-4c9f-91d9-11f4838b8a27@group-29E1D18647C8-StateMachineUpdater] INFO  raftlog.RaftLog (RaftLogBase.java:purge(314)) - 6554ba57-669d-4c9f-91d9-11f4838b8a27@group-29E1D18647C8-SegmentedRaftLog: purge 200
2023-06-21 21:49:15,096 [6554ba57-669d-4c9f-91d9-11f4838b8a27@group-29E1D18647C8-StateMachineUpdater] INFO  raftlog.RaftLog (RaftLogBase.java:lambda$new$0(53)) - 6554ba57-669d-4c9f-91d9-11f4838b8a27@group-29E1D18647C8-SegmentedRaftLog: snapshotIndex: updateIncreasingly 100 -> 200
2023-06-21 21:49:15,096 [6554ba57-669d-4c9f-91d9-11f4838b8a27@group-29E1D18647C8-StateMachineUpdater] INFO  raftlog.RaftLog (RaftLogBase.java:lambda$new$0(53)) - 6554ba57-669d-4c9f-91d9-11f4838b8a27@group-29E1D18647C8-SegmentedRaftLog: purgeIndex: updateToMax old=0, new=200, updated? true
2023-06-21 21:49:15,187 [336e6589-5d5b-4942-96a6-e8ef4b976bc7@group-29E1D18647C8-StateMachineUpdater] INFO  ha.SCMStateMachine (SCMStateMachine.java:takeSnapshot(330)) - Current Snapshot Index 200, takeSnapshot took 1 ms
2023-06-21 21:49:15,188 [336e6589-5d5b-4942-96a6-e8ef4b976bc7@group-29E1D18647C8-StateMachineUpdater] INFO  impl.StateMachineUpdater (StateMachineUpdater.java:takeSnapshot(291)) - 336e6589-5d5b-4942-96a6-e8ef4b976bc7@group-29E1D18647C8-StateMachineUpdater: Took a snapshot at index 200
2023-06-21 21:49:15,188 [336e6589-5d5b-4942-96a6-e8ef4b976bc7@group-29E1D18647C8-StateMachineUpdater] INFO  impl.StateMachineUpdater (StateMachineUpdater.java:lambda$new$0(97)) - 336e6589-5d5b-4942-96a6-e8ef4b976bc7@group-29E1D18647C8-StateMachineUpdater: snapshotIndex: updateIncreasingly 100 -> 200
2023-06-21 21:49:15,188 [336e6589-5d5b-4942-96a6-e8ef4b976bc7@group-29E1D18647C8-StateMachineUpdater] INFO  raftlog.RaftLog (RaftLogBase.java:purge(314)) - 336e6589-5d5b-4942-96a6-e8ef4b976bc7@group-29E1D18647C8-SegmentedRaftLog: purge 200
2023-06-21 21:49:15,188 [336e6589-5d5b-4942-96a6-e8ef4b976bc7@group-29E1D18647C8-StateMachineUpdater] INFO  raftlog.RaftLog (RaftLogBase.java:lambda$new$0(53)) - 336e6589-5d5b-4942-96a6-e8ef4b976bc7@group-29E1D18647C8-SegmentedRaftLog: snapshotIndex: updateIncreasingly 100 -> 200
2023-06-21 21:49:15,188 [336e6589-5d5b-4942-96a6-e8ef4b976bc7@group-29E1D18647C8-StateMachineUpdater] INFO  raftlog.RaftLog (RaftLogBase.java:lambda$new$0(53)) - 336e6589-5d5b-4942-96a6-e8ef4b976bc7@group-29E1D18647C8-SegmentedRaftLog: purgeIndex: updateToMax old=0, new=200, updated? true
2023-06-21 21:49:15,289 [main] INFO  scm.TestSecretKeySnapshot (TestSecretKeySnapshot.java:testInstallSnapshot(227)) - Starting follower...
2023-06-21 21:49:15,290 [main] INFO  server.StorageContainerManager (StorageContainerManager.java:start(1495)) - StorageContainerLocationProtocol RPC server is listening at /0.0.0.0:15021
2023-06-21 21:49:15,290 [main] INFO  ha.SCMRatisServerImpl (SCMRatisServerImpl.java:start(189)) - starting ratis server 0.0.0.0:15019
2023-06-21 21:49:15,290 [06fbe519-35a2-4226-ad85-372ac4de582e-impl-thread1] INFO  storage.RaftStorageDirectory (RaftStorageDirectoryImpl.java:analyzeStorage(137)) - The storage directory /home/runner/work/ozone/ozone/hadoop-ozone/integration-test/target/test-dir/MiniOzoneClusterImpl-ed2e7ec8-c199-49a5-9fff-29e1d18647c8/scmNode-3/scm-ha/ed2e7ec8-c199-49a5-9fff-29e1d18647c8 does not exist. Creating ...
2023-06-21 21:49:15,292 [06fbe519-35a2-4226-ad85-372ac4de582e-impl-thread1] INFO  storage.RaftStorageDirectory (RaftStorageDirectoryImpl.java:tryLock(231)) - Lock on /home/runner/work/ozone/ozone/hadoop-ozone/integration-test/target/test-dir/MiniOzoneClusterImpl-ed2e7ec8-c199-49a5-9fff-29e1d18647c8/scmNode-3/scm-ha/ed2e7ec8-c199-49a5-9fff-29e1d18647c8/in_use.lock acquired by nodename 26391@fv-az1254-726
2023-06-21 21:49:15,293 [06fbe519-35a2-4226-ad85-372ac4de582e-impl-thread1] INFO  storage.RaftStorage (RaftStorageImpl.java:format(96)) - Storage directory /home/runner/work/ozone/ozone/hadoop-ozone/integration-test/target/test-dir/MiniOzoneClusterImpl-ed2e7ec8-c199-49a5-9fff-29e1d18647c8/scmNode-3/scm-ha/ed2e7ec8-c199-49a5-9fff-29e1d18647c8 has been successfully formatted.
2023-06-21 21:49:15,294 [06fbe519-35a2-4226-ad85-372ac4de582e-impl-thread1] INFO  server.RaftServerConfigKeys (ConfUtils.java:logGet(46)) - raft.server.log.use.memory = false (default)
2023-06-21 21:49:15,294 [06fbe519-35a2-4226-ad85-372ac4de582e-impl-thread1] INFO  server.RaftServerConfigKeys (ConfUtils.java:logGet(46)) - raft.server.log.purge.gap = 100 (custom)
2023-06-21 21:49:15,294 [06fbe519-35a2-4226-ad85-372ac4de582e-impl-thread1] INFO  server.RaftServerConfigKeys (ConfUtils.java:logGet(46)) - raft.server.log.appender.buffer.byte-limit = 33554432 (custom)
2023-06-21 21:49:15,294 [06fbe519-35a2-4226-ad85-372ac4de582e-impl-thread1] INFO  server.RaftServerConfigKeys (ConfUtils.java:logGet(46)) - raft.server.log.statemachine.data.read.timeout = 1000ms (default)
2023-06-21 21:49:15,294 [06fbe519-35a2-4226-ad85-372ac4de582e-impl-thread1] INFO  server.RaftServerConfigKeys (ConfUtils.java:logGet(46)) - raft.server.log.purge.preservation.log.num = 0 (default)
2023-06-21 21:49:15,294 [06fbe519-35a2-4226-ad85-372ac4de582e-impl-thread1] INFO  server.RaftServerConfigKeys (ConfUtils.java:logGet(46)) - raft.server.log.segment.size.max = 4194304 (custom)
2023-06-21 21:49:15,295 [06fbe519-35a2-4226-ad85-372ac4de582e-impl-thread1] INFO  server.RaftServerConfigKeys (ConfUtils.java:logGet(46)) - raft.server.log.segment.cache.num.max = 2 (custom)
2023-06-21 21:49:15,295 [06fbe519-35a2-4226-ad85-372ac4de582e-impl-thread1] INFO  server.RaftServerConfigKeys (ConfUtils.java:logGet(46)) - raft.server.log.segment.cache.size.max = 200MB (=209715200) (default)
2023-06-21 21:49:15,295 [06fbe519-35a2-4226-ad85-372ac4de582e-impl-thread1] INFO  server.RaftServerConfigKeys (ConfUtils.java:logGet(46)) - raft.server.log.appender.buffer.byte-limit = 33554432 (custom)
2023-06-21 21:49:15,295 [06fbe519-35a2-4226-ad85-372ac4de582e-impl-thread1] INFO  segmented.SegmentedRaftLogWorker (SegmentedRaftLogWorker.java:<init>(188)) - new 06fbe519-35a2-4226-ad85-372ac4de582e@group-29E1D18647C8-SegmentedRaftLogWorker for RaftStorageImpl:Storage Directory /home/runner/work/ozone/ozone/hadoop-ozone/integration-test/target/test-dir/MiniOzoneClusterImpl-ed2e7ec8-c199-49a5-9fff-29e1d18647c8/scmNode-3/scm-ha/ed2e7ec8-c199-49a5-9fff-29e1d18647c8
2023-06-21 21:49:15,295 [06fbe519-35a2-4226-ad85-372ac4de582e-impl-thread1] INFO  server.RaftServerConfigKeys (ConfUtils.java:logGet(46)) - raft.server.log.queue.byte-limit = 64MB (=67108864) (default)
2023-06-21 21:49:15,295 [06fbe519-35a2-4226-ad85-372ac4de582e-impl-thread1] INFO  server.RaftServerConfigKeys (ConfUtils.java:logGet(46)) - raft.server.log.queue.element-limit = 4096 (default)
2023-06-21 21:49:15,295 [06fbe519-35a2-4226-ad85-372ac4de582e-impl-thread1] INFO  server.RaftServerConfigKeys (ConfUtils.java:logGet(46)) - raft.server.log.segment.size.max = 4194304 (custom)
2023-06-21 21:49:15,295 [06fbe519-35a2-4226-ad85-372ac4de582e-impl-thread1] INFO  server.RaftServerConfigKeys (ConfUtils.java:logGet(46)) - raft.server.log.preallocated.size = 4194304 (custom)
2023-06-21 21:49:15,295 [06fbe519-35a2-4226-ad85-372ac4de582e-impl-thread1] INFO  server.RaftServerConfigKeys (ConfUtils.java:logGet(46)) - raft.server.log.force.sync.num = 128 (default)
2023-06-21 21:49:15,295 [06fbe519-35a2-4226-ad85-372ac4de582e-impl-thread1] INFO  server.RaftServerConfigKeys (ConfUtils.java:logGet(46)) - raft.server.log.statemachine.data.sync = true (default)
2023-06-21 21:49:15,295 [06fbe519-35a2-4226-ad85-372ac4de582e-impl-thread1] INFO  server.RaftServerConfigKeys (ConfUtils.java:logGet(46)) - raft.server.log.statemachine.data.sync.timeout = 10s (default)
2023-06-21 21:49:15,295 [06fbe519-35a2-4226-ad85-372ac4de582e-impl-thread1] INFO  server.RaftServerConfigKeys (ConfUtils.java:logGet(46)) - raft.server.log.statemachine.data.sync.timeout.retry = -1 (default)
2023-06-21 21:49:15,296 [06fbe519-35a2-4226-ad85-372ac4de582e-impl-thread1] INFO  server.RaftServerConfigKeys (ConfUtils.java:logGet(46)) - raft.server.log.write.buffer.size = 64KB (=65536) (default)
2023-06-21 21:49:15,296 [06fbe519-35a2-4226-ad85-372ac4de582e-impl-thread1] INFO  server.RaftServerConfigKeys (ConfUtils.java:logGet(46)) - raft.server.log.appender.buffer.byte-limit = 33554432 (custom)
2023-06-21 21:49:15,303 [06fbe519-35a2-4226-ad85-372ac4de582e-impl-thread1] INFO  server.RaftServerConfigKeys (ConfUtils.java:logGet(46)) - raft.server.log.unsafe-flush.enabled = false (default)
2023-06-21 21:49:15,303 [06fbe519-35a2-4226-ad85-372ac4de582e-impl-thread1] INFO  server.RaftServerConfigKeys (ConfUtils.java:logGet(46)) - raft.server.log.async-flush.enabled = false (default)
2023-06-21 21:49:15,303 [06fbe519-35a2-4226-ad85-372ac4de582e-impl-thread1] INFO  server.RaftServerConfigKeys (ConfUtils.java:logGet(46)) - raft.server.log.statemachine.data.caching.enabled = false (default)
2023-06-21 21:49:15,304 [06fbe519-35a2-4226-ad85-372ac4de582e-impl-thread1] INFO  segmented.SegmentedRaftLogWorker (SegmentedRaftLogWorker.java:lambda$new$0(135)) - 06fbe519-35a2-4226-ad85-372ac4de582e@group-29E1D18647C8-SegmentedRaftLogWorker: flushIndex: setUnconditionally 0 -> -1
2023-06-21 21:49:15,304 [06fbe519-35a2-4226-ad85-372ac4de582e-impl-thread1] INFO  segmented.SegmentedRaftLogWorker (SegmentedRaftLogWorker.java:lambda$new$0(135)) - 06fbe519-35a2-4226-ad85-372ac4de582e@group-29E1D18647C8-SegmentedRaftLogWorker: safeCacheEvictIndex: setUnconditionally 0 -> -1
2023-06-21 21:49:15,304 [06fbe519-35a2-4226-ad85-372ac4de582e-impl-thread1] INFO  server.RaftServer$Division (RaftServerImpl.java:start(348)) - 06fbe519-35a2-4226-ad85-372ac4de582e@group-29E1D18647C8: start with initializing state, conf=-1: peers:[]|listeners:[], old=null
2023-06-21 21:49:15,304 [06fbe519-35a2-4226-ad85-372ac4de582e-impl-thread1] INFO  server.RaftServer$Division (RaftServerImpl.java:setRole(329)) - 06fbe519-35a2-4226-ad85-372ac4de582e@group-29E1D18647C8: changes role from      null to FOLLOWER at term 0 for startInitializing
2023-06-21 21:49:15,304 [06fbe519-35a2-4226-ad85-372ac4de582e-impl-thread1] INFO  util.JmxRegister (JmxRegister.java:tryRegister(44)) - Successfully registered JMX Bean with object name Ratis:service=RaftServer,group=group-29E1D18647C8,id=06fbe519-35a2-4226-ad85-372ac4de582e
2023-06-21 21:49:15,304 [06fbe519-35a2-4226-ad85-372ac4de582e-impl-thread1] INFO  server.RaftServerConfigKeys (ConfUtils.java:logGet(46)) - raft.server.snapshot.auto.trigger.enabled = true (custom)
2023-06-21 21:49:15,304 [06fbe519-35a2-4226-ad85-372ac4de582e-impl-thread1] INFO  server.RaftServerConfigKeys (ConfUtils.java:logGet(46)) - raft.server.snapshot.auto.trigger.threshold = 100 (custom)
2023-06-21 21:49:15,305 [06fbe519-35a2-4226-ad85-372ac4de582e-impl-thread1] INFO  server.RaftServerConfigKeys (ConfUtils.java:logGet(46)) - raft.server.snapshot.retention.file.num = -1 (default)
2023-06-21 21:49:15,305 [06fbe519-35a2-4226-ad85-372ac4de582e-impl-thread1] INFO  server.RaftServerConfigKeys (ConfUtils.java:logGet(46)) - raft.server.log.purge.upto.snapshot.index = true (custom)
2023-06-21 21:49:15,307 [main] INFO  server.RaftServer (RaftServerProxy.java:startImpl(400)) - 06fbe519-35a2-4226-ad85-372ac4de582e: start RPC server
2023-06-21 21:49:15,313 [main] INFO  server.GrpcService (GrpcService.java:startImpl(302)) - 06fbe519-35a2-4226-ad85-372ac4de582e: GrpcService started, listening on 15019
2023-06-21 21:49:15,314 [JvmPauseMonitor5] INFO  util.JvmPauseMonitor (JvmPauseMonitor.java:run(103)) - JvmPauseMonitor-06fbe519-35a2-4226-ad85-372ac4de582e: Started
2023-06-21 21:49:15,315 [main] INFO  ha.SCMNodeInfo (SCMNodeInfo.java:getPort(197)) - ConfigKey ozone.scm.client.address is deprecated, For configuring different ports for each SCM use PortConfigKey ozone.scm.client.port appended with serviceId and nodeId
2023-06-21 21:49:15,315 [main] INFO  ha.SCMNodeInfo (SCMNodeInfo.java:getPort(197)) - ConfigKey ozone.scm.block.client.address is deprecated, For configuring different ports for each SCM use PortConfigKey ozone.scm.block.client.port appended with serviceId and nodeId
2023-06-21 21:49:15,315 [main] INFO  ha.SCMNodeInfo (SCMNodeInfo.java:getPort(197)) - ConfigKey ozone.scm.security.service.address is deprecated, For configuring different ports for each SCM use PortConfigKey ozone.scm.security.service.port appended with serviceId and nodeId
2023-06-21 21:49:15,315 [main] INFO  ha.SCMNodeInfo (SCMNodeInfo.java:getPort(197)) - ConfigKey ozone.scm.datanode.address is deprecated, For configuring different ports for each SCM use PortConfigKey ozone.scm.datanode.port appended with serviceId and nodeId
2023-06-21 21:49:15,315 [main] INFO  ha.SCMNodeInfo (SCMNodeInfo.java:getPort(197)) - ConfigKey ozone.scm.client.address is deprecated, For configuring different ports for each SCM use PortConfigKey ozone.scm.client.port appended with serviceId and nodeId
2023-06-21 21:49:15,315 [main] INFO  ha.SCMNodeInfo (SCMNodeInfo.java:getPort(197)) - ConfigKey ozone.scm.block.client.address is deprecated, For configuring different ports for each SCM use PortConfigKey ozone.scm.block.client.port appended with serviceId and nodeId
2023-06-21 21:49:15,316 [main] INFO  ha.SCMNodeInfo (SCMNodeInfo.java:getPort(197)) - ConfigKey ozone.scm.security.service.address is deprecated, For configuring different ports for each SCM use PortConfigKey ozone.scm.security.service.port appended with serviceId and nodeId
2023-06-21 21:49:15,316 [main] INFO  ha.SCMNodeInfo (SCMNodeInfo.java:getPort(197)) - ConfigKey ozone.scm.datanode.address is deprecated, For configuring different ports for each SCM use PortConfigKey ozone.scm.datanode.port appended with serviceId and nodeId
2023-06-21 21:49:15,316 [main] INFO  proxy.SCMBlockLocationFailoverProxyProvider (SCMBlockLocationFailoverProxyProvider.java:<init>(114)) - Created block location fail-over proxy with 2 nodes: [nodeId=scmNode-2,nodeAddress=/127.0.0.1:15015, nodeId=scmNode-1,nodeAddress=/127.0.0.1:15007]
2023-06-21 21:49:15,324 [Socket Reader #1 for port 15007] INFO  ipc.Server (Server.java:saslProcess(2116)) - Auth successful for scm/fv-az1254-726.qtnbswlwlufehe3u4emko3izng.cx.internal.cloudapp.net@EXAMPLE.COM (auth:KERBEROS) from 10.1.0.15:40133
2023-06-21 21:49:15,342 [IPC Server handler 2 on default port 15007] INFO  ha.SCMRatisServerImpl (SCMRatisServerImpl.java:addSCM(316)) - 6554ba57-669d-4c9f-91d9-11f4838b8a27: Submitting SetConfiguration request to Ratis server with new SCM peers list: [336e6589-5d5b-4942-96a6-e8ef4b976bc7|rpc:localhost:15011|priority:0|startupRole:FOLLOWER, 6554ba57-669d-4c9f-91d9-11f4838b8a27|rpc:localhost:15003|admin:|client:|dataStream:|priority:0|startupRole:FOLLOWER, 06fbe519-35a2-4226-ad85-372ac4de582e|rpc:localhost:15019|priority:0|startupRole:FOLLOWER]
2023-06-21 21:49:15,342 [IPC Server handler 2 on default port 15007] INFO  server.RaftServer$Division (RaftServerImpl.java:setConfigurationAsync(1196)) - 6554ba57-669d-4c9f-91d9-11f4838b8a27@group-29E1D18647C8: receive setConfiguration SetConfigurationRequest:client-4705C79B8F50->6554ba57-669d-4c9f-91d9-11f4838b8a27@group-29E1D18647C8, cid=97, seq=0, RW, null, SET_UNCONDITIONALLY, servers:[336e6589-5d5b-4942-96a6-e8ef4b976bc7|rpc:localhost:15011|priority:0|startupRole:FOLLOWER, 6554ba57-669d-4c9f-91d9-11f4838b8a27|rpc:localhost:15003|admin:|client:|dataStream:|priority:0|startupRole:FOLLOWER, 06fbe519-35a2-4226-ad85-372ac4de582e|rpc:localhost:15019|priority:0|startupRole:FOLLOWER], listeners:[]
2023-06-21 21:49:15,342 [IPC Server handler 2 on default port 15007] INFO  server.RaftServer$Division (LeaderStateImpl.java:startSetConfiguration(443)) - 6554ba57-669d-4c9f-91d9-11f4838b8a27@group-29E1D18647C8-LeaderStateImpl: startSetConfiguration SetConfigurationRequest:client-4705C79B8F50->6554ba57-669d-4c9f-91d9-11f4838b8a27@group-29E1D18647C8, cid=97, seq=0, RW, null, SET_UNCONDITIONALLY, servers:[336e6589-5d5b-4942-96a6-e8ef4b976bc7|rpc:localhost:15011|priority:0|startupRole:FOLLOWER, 6554ba57-669d-4c9f-91d9-11f4838b8a27|rpc:localhost:15003|admin:|client:|dataStream:|priority:0|startupRole:FOLLOWER, 06fbe519-35a2-4226-ad85-372ac4de582e|rpc:localhost:15019|priority:0|startupRole:FOLLOWER], listeners:[]
2023-06-21 21:49:15,343 [IPC Server handler 2 on default port 15007] INFO  server.RaftServerConfigKeys (ConfUtils.java:logGet(46)) - raft.server.log.appender.snapshot.chunk.size.max = 16MB (=16777216) (default)
2023-06-21 21:49:15,343 [IPC Server handler 2 on default port 15007] INFO  server.RaftServerConfigKeys (ConfUtils.java:logGet(46)) - raft.server.log.appender.buffer.byte-limit = 33554432 (custom)
2023-06-21 21:49:15,343 [IPC Server handler 2 on default port 15007] INFO  server.RaftServerConfigKeys (ConfUtils.java:logGet(46)) - raft.server.log.appender.buffer.element-limit = 1024 (custom)
2023-06-21 21:49:15,344 [IPC Server handler 2 on default port 15007] INFO  server.RaftServerConfigKeys (ConfUtils.java:logGet(46)) - raft.server.log.appender.wait-time.min = 10ms (default)
2023-06-21 21:49:15,344 [IPC Server handler 2 on default port 15007] INFO  grpc.GrpcConfigKeys (ConfUtils.java:logGet(46)) - raft.grpc.server.leader.outstanding.appends.max = 128 (default)
2023-06-21 21:49:15,344 [IPC Server handler 2 on default port 15007] INFO  server.RaftServerConfigKeys (ConfUtils.java:logGet(46)) - raft.server.rpc.request.timeout = 30000ms (custom)
2023-06-21 21:49:15,345 [IPC Server handler 2 on default port 15007] INFO  grpc.GrpcConfigKeys (ConfUtils.java:logGet(46)) - raft.grpc.server.install_snapshot.request.element-limit = 8 (default)
2023-06-21 21:49:15,345 [IPC Server handler 2 on default port 15007] INFO  grpc.GrpcConfigKeys (ConfUtils.java:logGet(46)) - raft.grpc.server.install_snapshot.request.timeout = 3000ms (default)
2023-06-21 21:49:15,345 [IPC Server handler 2 on default port 15007] INFO  server.RaftServerConfigKeys (ConfUtils.java:logGet(46)) - raft.server.log.appender.install.snapshot.enabled = false (custom)
2023-06-21 21:49:15,345 [IPC Server handler 2 on default port 15007] INFO  grpc.GrpcConfigKeys (ConfUtils.java:logGet(46)) - raft.grpc.server.heartbeat.channel = true (default)
2023-06-21 21:49:15,345 [6554ba57-669d-4c9f-91d9-11f4838b8a27@group-29E1D18647C8->06fbe519-35a2-4226-ad85-372ac4de582e-GrpcLogAppender-LogAppenderDaemon] INFO  server.GrpcLogAppender (GrpcLogAppender.java:installSnapshot(649)) - 6554ba57-669d-4c9f-91d9-11f4838b8a27@group-29E1D18647C8->06fbe519-35a2-4226-ad85-372ac4de582e-GrpcLogAppender: followerNextIndex = 0 but logStartIndex = 1, notify follower to install snapshot-(t:2, i:1)
2023-06-21 21:49:15,346 [6554ba57-669d-4c9f-91d9-11f4838b8a27@group-29E1D18647C8->06fbe519-35a2-4226-ad85-372ac4de582e-GrpcLogAppender-LogAppenderDaemon] INFO  server.GrpcLogAppender (GrpcLogAppender.java:installSnapshot(657)) - 6554ba57-669d-4c9f-91d9-11f4838b8a27@group-29E1D18647C8->06fbe519-35a2-4226-ad85-372ac4de582e-GrpcLogAppender: send 6554ba57-669d-4c9f-91d9-11f4838b8a27->06fbe519-35a2-4226-ad85-372ac4de582e#0-t2,notify:(t:2, i:1)
2023-06-21 21:49:15,346 [6554ba57-669d-4c9f-91d9-11f4838b8a27@group-29E1D18647C8->06fbe519-35a2-4226-ad85-372ac4de582e-GrpcLogAppender-LogAppenderDaemon] INFO  server.GrpcServerProtocolClient (GrpcServerProtocolClient.java:<init>(65)) - Build channel for 06fbe519-35a2-4226-ad85-372ac4de582e
2023-06-21 21:49:15,355 [grpc-default-executor-2] INFO  impl.SnapshotInstallationHandler (SnapshotInstallationHandler.java:installSnapshot(89)) - 06fbe519-35a2-4226-ad85-372ac4de582e@group-29E1D18647C8: receive installSnapshot: 6554ba57-669d-4c9f-91d9-11f4838b8a27->06fbe519-35a2-4226-ad85-372ac4de582e#0-t2,notify:(t:2, i:1)
2023-06-21 21:49:15,357 [grpc-default-executor-2] INFO  ha.SCMStateMachine (SCMStateMachine.java:notifyLeaderChanged(286)) - leader changed, yet current SCM is still follower.
2023-06-21 21:49:15,357 [grpc-default-executor-2] INFO  server.RaftServer$Division (ServerState.java:setLeader(317)) - 06fbe519-35a2-4226-ad85-372ac4de582e@group-29E1D18647C8: change Leader from null to 6554ba57-669d-4c9f-91d9-11f4838b8a27 at term 2 for installSnapshot, leader elected after 33680ms
2023-06-21 21:49:15,357 [grpc-default-executor-2] INFO  impl.SnapshotInstallationHandler (SnapshotInstallationHandler.java:notifyStateMachineToInstallSnapshot(221)) - 06fbe519-35a2-4226-ad85-372ac4de582e@group-29E1D18647C8: Received notification to install snapshot at index 1
2023-06-21 21:49:15,360 [grpc-default-executor-2] INFO  impl.SnapshotInstallationHandler (SnapshotInstallationHandler.java:notifyStateMachineToInstallSnapshot(254)) - 06fbe519-35a2-4226-ad85-372ac4de582e@group-29E1D18647C8: notifyInstallSnapshot: nextIndex is 0 but the leader's first available index is 1.
2023-06-21 21:49:15,361 [grpc-default-executor-2] INFO  ha.SCMStateMachine (SCMStateMachine.java:notifyInstallSnapshotFromLeader(239)) - Received install snapshot notification from SCM leader: localhost:15003 with term index: (t:2, i:1)
2023-06-21 21:49:15,362 [pool-99-thread-1] INFO  ha.SCMHAManagerImpl (SCMHAManagerImpl.java:getDBCheckpointFromLeader(260)) - Downloading checkpoint from leader SCM scmNode-1 and reloading state from the checkpoint.
2023-06-21 21:49:15,367 [grpc-default-executor-2] INFO  impl.SnapshotInstallationHandler (SnapshotInstallationHandler.java:installSnapshotImpl(134)) - 06fbe519-35a2-4226-ad85-372ac4de582e@group-29E1D18647C8: set new configuration index: 9
configurationEntry {
  peers {
    id: "336e6589-5d5b-4942-96a6-e8ef4b976bc7"
    address: "localhost:15011"
    startupRole: FOLLOWER
  }
  peers {
    id: "6554ba57-669d-4c9f-91d9-11f4838b8a27"
    address: "localhost:15003"
    startupRole: FOLLOWER
  }
}
 from snapshot
2023-06-21 21:49:15,382 [grpc-default-executor-2] INFO  server.RaftServer$Division (ServerState.java:setRaftConf(434)) - 06fbe519-35a2-4226-ad85-372ac4de582e@group-29E1D18647C8: set configuration 9: peers:[336e6589-5d5b-4942-96a6-e8ef4b976bc7|rpc:localhost:15011|admin:|client:|dataStream:|priority:0|startupRole:FOLLOWER, 6554ba57-669d-4c9f-91d9-11f4838b8a27|rpc:localhost:15003|admin:|client:|dataStream:|priority:0|startupRole:FOLLOWER]|listeners:[], old=null
2023-06-21 21:49:15,383 [grpc-default-executor-2] INFO  impl.SnapshotInstallationHandler (SnapshotInstallationHandler.java:installSnapshot(100)) - 06fbe519-35a2-4226-ad85-372ac4de582e@group-29E1D18647C8: reply installSnapshot: 6554ba57-669d-4c9f-91d9-11f4838b8a27<-06fbe519-35a2-4226-ad85-372ac4de582e#0:FAIL-t0,IN_PROGRESS
2023-06-21 21:49:15,383 [grpc-default-executor-2] INFO  server.GrpcServerProtocolService (GrpcServerProtocolService.java:onCompleted(155)) - 06fbe519-35a2-4226-ad85-372ac4de582e: Completed INSTALL_SNAPSHOT, lastRequest: 6554ba57-669d-4c9f-91d9-11f4838b8a27->06fbe519-35a2-4226-ad85-372ac4de582e#0-t2,notify:(t:2, i:1)
2023-06-21 21:49:15,383 [grpc-default-executor-2] INFO  server.GrpcServerProtocolService (GrpcServerProtocolService.java:lambda$onCompleted$5(157)) - 06fbe519-35a2-4226-ad85-372ac4de582e: Completed INSTALL_SNAPSHOT, lastReply: null
2023-06-21 21:49:15,394 [grpc-default-executor-0] INFO  server.GrpcLogAppender (GrpcLogAppender.java:onNext(507)) - 6554ba57-669d-4c9f-91d9-11f4838b8a27@group-29E1D18647C8->06fbe519-35a2-4226-ad85-372ac4de582e-InstallSnapshotResponseHandler: received the first reply 6554ba57-669d-4c9f-91d9-11f4838b8a27<-06fbe519-35a2-4226-ad85-372ac4de582e#0:FAIL-t0,IN_PROGRESS
2023-06-21 21:49:15,394 [grpc-default-executor-0] INFO  server.GrpcLogAppender (GrpcLogAppender.java:onNext(525)) - 6554ba57-669d-4c9f-91d9-11f4838b8a27@group-29E1D18647C8->06fbe519-35a2-4226-ad85-372ac4de582e-InstallSnapshotResponseHandler: InstallSnapshot in progress.
2023-06-21 21:49:15,407 [grpc-default-executor-1] INFO  ha.SCMDBCheckpointProvider (SCMDBCheckpointProvider.java:writeDBCheckPointToSream(49)) - Received request to obtain SCM DB checkpoint snapshot
2023-06-21 21:49:15,419 [6554ba57-669d-4c9f-91d9-11f4838b8a27@group-29E1D18647C8->06fbe519-35a2-4226-ad85-372ac4de582e-GrpcLogAppender-LogAppenderDaemon] INFO  server.GrpcLogAppender (GrpcLogAppender.java:installSnapshot(649)) - 6554ba57-669d-4c9f-91d9-11f4838b8a27@group-29E1D18647C8->06fbe519-35a2-4226-ad85-372ac4de582e-GrpcLogAppender: followerNextIndex = 0 but logStartIndex = 1, notify follower to install snapshot-(t:2, i:1)
2023-06-21 21:49:15,419 [6554ba57-669d-4c9f-91d9-11f4838b8a27@group-29E1D18647C8->06fbe519-35a2-4226-ad85-372ac4de582e-GrpcLogAppender-LogAppenderDaemon] INFO  server.GrpcLogAppender (GrpcLogAppender.java:installSnapshot(657)) - 6554ba57-669d-4c9f-91d9-11f4838b8a27@group-29E1D18647C8->06fbe519-35a2-4226-ad85-372ac4de582e-GrpcLogAppender: send 6554ba57-669d-4c9f-91d9-11f4838b8a27->06fbe519-35a2-4226-ad85-372ac4de582e#0-t2,notify:(t:2, i:1)
2023-06-21 21:49:15,426 [grpc-default-executor-4] INFO  impl.SnapshotInstallationHandler (SnapshotInstallationHandler.java:installSnapshot(89)) - 06fbe519-35a2-4226-ad85-372ac4de582e@group-29E1D18647C8: receive installSnapshot: 6554ba57-669d-4c9f-91d9-11f4838b8a27->06fbe519-35a2-4226-ad85-372ac4de582e#0-t2,notify:(t:2, i:1)
2023-06-21 21:49:15,435 [grpc-default-executor-4] INFO  impl.SnapshotInstallationHandler (SnapshotInstallationHandler.java:installSnapshot(100)) - 06fbe519-35a2-4226-ad85-372ac4de582e@group-29E1D18647C8: reply installSnapshot: 6554ba57-669d-4c9f-91d9-11f4838b8a27<-06fbe519-35a2-4226-ad85-372ac4de582e#0:FAIL-t2,IN_PROGRESS
2023-06-21 21:49:15,435 [06fbe519-35a2-4226-ad85-372ac4de582e-server-thread1] INFO  impl.RoleInfo (RoleInfo.java:updateAndGet(139)) - 06fbe519-35a2-4226-ad85-372ac4de582e: start 06fbe519-35a2-4226-ad85-372ac4de582e@group-29E1D18647C8-FollowerState
2023-06-21 21:49:15,436 [grpc-default-executor-4] INFO  server.GrpcServerProtocolService (GrpcServerProtocolService.java:onCompleted(155)) - 06fbe519-35a2-4226-ad85-372ac4de582e: Completed INSTALL_SNAPSHOT, lastRequest: 6554ba57-669d-4c9f-91d9-11f4838b8a27->06fbe519-35a2-4226-ad85-372ac4de582e#0-t2,notify:(t:2, i:1)
2023-06-21 21:49:15,436 [grpc-default-executor-4] INFO  server.GrpcServerProtocolService (GrpcServerProtocolService.java:lambda$onCompleted$5(157)) - 06fbe519-35a2-4226-ad85-372ac4de582e: Completed INSTALL_SNAPSHOT, lastReply: null
2023-06-21 21:49:15,436 [06fbe519-35a2-4226-ad85-372ac4de582e-server-thread1] INFO  server.RaftServer$Division (RaftServerImpl.java:checkInconsistentAppendEntries(1591)) - 06fbe519-35a2-4226-ad85-372ac4de582e@group-29E1D18647C8: Failed appendEntries as snapshot (1) installation is in progress
2023-06-21 21:49:15,437 [grpc-default-executor-3] INFO  server.GrpcLogAppender (GrpcLogAppender.java:onNext(507)) - 6554ba57-669d-4c9f-91d9-11f4838b8a27@group-29E1D18647C8->06fbe519-35a2-4226-ad85-372ac4de582e-InstallSnapshotResponseHandler: received a reply 6554ba57-669d-4c9f-91d9-11f4838b8a27<-06fbe519-35a2-4226-ad85-372ac4de582e#0:FAIL-t2,IN_PROGRESS
2023-06-21 21:49:15,437 [grpc-default-executor-3] INFO  server.GrpcLogAppender (GrpcLogAppender.java:onNext(525)) - 6554ba57-669d-4c9f-91d9-11f4838b8a27@group-29E1D18647C8->06fbe519-35a2-4226-ad85-372ac4de582e-InstallSnapshotResponseHandler: InstallSnapshot in progress.
2023-06-21 21:49:15,438 [06fbe519-35a2-4226-ad85-372ac4de582e-server-thread1] INFO  server.RaftServer$Division (RaftServerImpl.java:checkInconsistentAppendEntries(1583)) - 06fbe519-35a2-4226-ad85-372ac4de582e@group-29E1D18647C8: inconsistency entries. Reply:6554ba57-669d-4c9f-91d9-11f4838b8a27<-06fbe519-35a2-4226-ad85-372ac4de582e#0:FAIL-t2,INCONSISTENCY,nextIndex=0,followerCommit=-1,matchIndex=-1
2023-06-21 21:49:15,441 [06fbe519-35a2-4226-ad85-372ac4de582e-server-thread1] INFO  server.RaftServer$Division (RaftServerImpl.java:checkInconsistentAppendEntries(1591)) - 06fbe519-35a2-4226-ad85-372ac4de582e@group-29E1D18647C8: Failed appendEntries as snapshot (1) installation is in progress
2023-06-21 21:49:15,442 [06fbe519-35a2-4226-ad85-372ac4de582e-server-thread1] INFO  server.RaftServer$Division (RaftServerImpl.java:checkInconsistentAppendEntries(1583)) - 06fbe519-35a2-4226-ad85-372ac4de582e@group-29E1D18647C8: inconsistency entries. Reply:6554ba57-669d-4c9f-91d9-11f4838b8a27<-06fbe519-35a2-4226-ad85-372ac4de582e#1:FAIL-t2,INCONSISTENCY,nextIndex=0,followerCommit=-1,matchIndex=-1
2023-06-21 21:49:15,444 [06fbe519-35a2-4226-ad85-372ac4de582e@group-29E1D18647C8-FollowerState] INFO  server.RaftServerConfigKeys (ConfUtils.java:logFallback(53)) - raft.server.rpc.first-election.timeout.min = 5000ms (fallback to raft.server.rpc.timeout.min)
2023-06-21 21:49:15,444 [06fbe519-35a2-4226-ad85-372ac4de582e@group-29E1D18647C8-FollowerState] INFO  server.RaftServerConfigKeys (ConfUtils.java:logFallback(53)) - raft.server.rpc.first-election.timeout.max = 5200ms (fallback to raft.server.rpc.timeout.max)
2023-06-21 21:49:15,444 [grpc-default-executor-4] WARN  server.GrpcLogAppender (GrpcLogAppender.java:onNextImpl(401)) - 6554ba57-669d-4c9f-91d9-11f4838b8a27@group-29E1D18647C8->06fbe519-35a2-4226-ad85-372ac4de582e-AppendLogResponseHandler: received INCONSISTENCY reply with nextIndex 0
2023-06-21 21:49:15,444 [6554ba57-669d-4c9f-91d9-11f4838b8a27@group-29E1D18647C8->06fbe519-35a2-4226-ad85-372ac4de582e-GrpcLogAppender-LogAppenderDaemon] INFO  server.GrpcLogAppender (GrpcLogAppender.java:installSnapshot(649)) - 6554ba57-669d-4c9f-91d9-11f4838b8a27@group-29E1D18647C8->06fbe519-35a2-4226-ad85-372ac4de582e-GrpcLogAppender: followerNextIndex = 0 but logStartIndex = 1, notify follower to install snapshot-(t:2, i:1)
2023-06-21 21:49:15,444 [6554ba57-669d-4c9f-91d9-11f4838b8a27@group-29E1D18647C8->06fbe519-35a2-4226-ad85-372ac4de582e-GrpcLogAppender-LogAppenderDaemon] INFO  server.GrpcLogAppender (GrpcLogAppender.java:installSnapshot(657)) - 6554ba57-669d-4c9f-91d9-11f4838b8a27@group-29E1D18647C8->06fbe519-35a2-4226-ad85-372ac4de582e-GrpcLogAppender: send 6554ba57-669d-4c9f-91d9-11f4838b8a27->06fbe519-35a2-4226-ad85-372ac4de582e#0-t2,notify:(t:2, i:1)
2023-06-21 21:49:15,445 [grpc-default-executor-0] WARN  server.GrpcLogAppender (GrpcLogAppender.java:onNextImpl(401)) - 6554ba57-669d-4c9f-91d9-11f4838b8a27@group-29E1D18647C8->06fbe519-35a2-4226-ad85-372ac4de582e-AppendLogResponseHandler: received INCONSISTENCY reply with nextIndex 0
2023-06-21 21:49:15,446 [grpc-default-executor-4] INFO  impl.SnapshotInstallationHandler (SnapshotInstallationHandler.java:installSnapshot(89)) - 06fbe519-35a2-4226-ad85-372ac4de582e@group-29E1D18647C8: receive installSnapshot: 6554ba57-669d-4c9f-91d9-11f4838b8a27->06fbe519-35a2-4226-ad85-372ac4de582e#0-t2,notify:(t:2, i:1)
2023-06-21 21:49:15,447 [grpc-default-executor-4] INFO  impl.SnapshotInstallationHandler (SnapshotInstallationHandler.java:installSnapshot(100)) - 06fbe519-35a2-4226-ad85-372ac4de582e@group-29E1D18647C8: reply installSnapshot: 6554ba57-669d-4c9f-91d9-11f4838b8a27<-06fbe519-35a2-4226-ad85-372ac4de582e#0:FAIL-t2,IN_PROGRESS
2023-06-21 21:49:15,448 [grpc-default-executor-0] INFO  server.GrpcLogAppender (GrpcLogAppender.java:onNext(507)) - 6554ba57-669d-4c9f-91d9-11f4838b8a27@group-29E1D18647C8->06fbe519-35a2-4226-ad85-372ac4de582e-InstallSnapshotResponseHandler: received a reply 6554ba57-669d-4c9f-91d9-11f4838b8a27<-06fbe519-35a2-4226-ad85-372ac4de582e#0:FAIL-t2,IN_PROGRESS
2023-06-21 21:49:15,448 [grpc-default-executor-0] INFO  server.GrpcLogAppender (GrpcLogAppender.java:onNext(525)) - 6554ba57-669d-4c9f-91d9-11f4838b8a27@group-29E1D18647C8->06fbe519-35a2-4226-ad85-372ac4de582e-InstallSnapshotResponseHandler: InstallSnapshot in progress.
2023-06-21 21:49:15,448 [grpc-default-executor-4] INFO  server.GrpcServerProtocolService (GrpcServerProtocolService.java:onCompleted(155)) - 06fbe519-35a2-4226-ad85-372ac4de582e: Completed INSTALL_SNAPSHOT, lastRequest: 6554ba57-669d-4c9f-91d9-11f4838b8a27->06fbe519-35a2-4226-ad85-372ac4de582e#0-t2,notify:(t:2, i:1)
2023-06-21 21:49:15,448 [grpc-default-executor-4] INFO  server.GrpcServerProtocolService (GrpcServerProtocolService.java:lambda$onCompleted$5(157)) - 06fbe519-35a2-4226-ad85-372ac4de582e: Completed INSTALL_SNAPSHOT, lastReply: null
2023-06-21 21:49:15,451 [grpc-default-executor-1] INFO  db.RDBCheckpointManager (RDBCheckpointManager.java:createCheckpoint(89)) - Created checkpoint in rocksDB at /home/runner/work/ozone/ozone/hadoop-ozone/integration-test/target/test-dir/MiniOzoneClusterImpl-ed2e7ec8-c199-49a5-9fff-29e1d18647c8/scmNode-1/db.checkpoints/scm.db_checkpoint_1687384155448 in 3 milliseconds
2023-06-21 21:49:15,458 [06fbe519-35a2-4226-ad85-372ac4de582e-server-thread1] INFO  server.RaftServer$Division (RaftServerImpl.java:checkInconsistentAppendEntries(1591)) - 06fbe519-35a2-4226-ad85-372ac4de582e@group-29E1D18647C8: Failed appendEntries as snapshot (1) installation is in progress
2023-06-21 21:49:15,459 [06fbe519-35a2-4226-ad85-372ac4de582e-server-thread1] INFO  server.RaftServer$Division (RaftServerImpl.java:checkInconsistentAppendEntries(1583)) - 06fbe519-35a2-4226-ad85-372ac4de582e@group-29E1D18647C8: inconsistency entries. Reply:6554ba57-669d-4c9f-91d9-11f4838b8a27<-06fbe519-35a2-4226-ad85-372ac4de582e#2:FAIL-t2,INCONSISTENCY,nextIndex=0,followerCommit=-1,matchIndex=-1
2023-06-21 21:49:15,461 [grpc-default-executor-4] WARN  server.GrpcLogAppender (GrpcLogAppender.java:onNextImpl(401)) - 6554ba57-669d-4c9f-91d9-11f4838b8a27@group-29E1D18647C8->06fbe519-35a2-4226-ad85-372ac4de582e-AppendLogResponseHandler: received INCONSISTENCY reply with nextIndex 0
2023-06-21 21:49:15,461 [6554ba57-669d-4c9f-91d9-11f4838b8a27@group-29E1D18647C8->06fbe519-35a2-4226-ad85-372ac4de582e-GrpcLogAppender-LogAppenderDaemon] INFO  server.GrpcLogAppender (GrpcLogAppender.java:installSnapshot(649)) - 6554ba57-669d-4c9f-91d9-11f4838b8a27@group-29E1D18647C8->06fbe519-35a2-4226-ad85-372ac4de582e-GrpcLogAppender: followerNextIndex = 0 but logStartIndex = 1, notify follower to install snapshot-(t:2, i:1)
2023-06-21 21:49:15,461 [6554ba57-669d-4c9f-91d9-11f4838b8a27@group-29E1D18647C8->06fbe519-35a2-4226-ad85-372ac4de582e-GrpcLogAppender-LogAppenderDaemon] INFO  server.GrpcLogAppender (GrpcLogAppender.java:installSnapshot(657)) - 6554ba57-669d-4c9f-91d9-11f4838b8a27@group-29E1D18647C8->06fbe519-35a2-4226-ad85-372ac4de582e-GrpcLogAppender: send 6554ba57-669d-4c9f-91d9-11f4838b8a27->06fbe519-35a2-4226-ad85-372ac4de582e#0-t2,notify:(t:2, i:1)
2023-06-21 21:49:15,462 [grpc-default-executor-4] INFO  impl.SnapshotInstallationHandler (SnapshotInstallationHandler.java:installSnapshot(89)) - 06fbe519-35a2-4226-ad85-372ac4de582e@group-29E1D18647C8: receive installSnapshot: 6554ba57-669d-4c9f-91d9-11f4838b8a27->06fbe519-35a2-4226-ad85-372ac4de582e#0-t2,notify:(t:2, i:1)
2023-06-21 21:49:15,463 [grpc-default-executor-4] INFO  impl.SnapshotInstallationHandler (SnapshotInstallationHandler.java:installSnapshot(100)) - 06fbe519-35a2-4226-ad85-372ac4de582e@group-29E1D18647C8: reply installSnapshot: 6554ba57-669d-4c9f-91d9-11f4838b8a27<-06fbe519-35a2-4226-ad85-372ac4de582e#0:FAIL-t2,IN_PROGRESS
2023-06-21 21:49:15,463 [grpc-default-executor-4] INFO  server.GrpcServerProtocolService (GrpcServerProtocolService.java:onCompleted(155)) - 06fbe519-35a2-4226-ad85-372ac4de582e: Completed INSTALL_SNAPSHOT, lastRequest: 6554ba57-669d-4c9f-91d9-11f4838b8a27->06fbe519-35a2-4226-ad85-372ac4de582e#0-t2,notify:(t:2, i:1)
2023-06-21 21:49:15,463 [grpc-default-executor-4] INFO  server.GrpcServerProtocolService (GrpcServerProtocolService.java:lambda$onCompleted$5(157)) - 06fbe519-35a2-4226-ad85-372ac4de582e: Completed INSTALL_SNAPSHOT, lastReply: null
2023-06-21 21:49:15,465 [grpc-default-executor-4] INFO  server.GrpcLogAppender (GrpcLogAppender.java:onNext(507)) - 6554ba57-669d-4c9f-91d9-11f4838b8a27@group-29E1D18647C8->06fbe519-35a2-4226-ad85-372ac4de582e-InstallSnapshotResponseHandler: received a reply 6554ba57-669d-4c9f-91d9-11f4838b8a27<-06fbe519-35a2-4226-ad85-372ac4de582e#0:FAIL-t2,IN_PROGRESS
2023-06-21 21:49:15,465 [grpc-default-executor-4] INFO  server.GrpcLogAppender (GrpcLogAppender.java:onNext(525)) - 6554ba57-669d-4c9f-91d9-11f4838b8a27@group-29E1D18647C8->06fbe519-35a2-4226-ad85-372ac4de582e-InstallSnapshotResponseHandler: InstallSnapshot in progress.
2023-06-21 21:49:15,473 [06fbe519-35a2-4226-ad85-372ac4de582e-server-thread1] INFO  server.RaftServer$Division (RaftServerImpl.java:checkInconsistentAppendEntries(1591)) - 06fbe519-35a2-4226-ad85-372ac4de582e@group-29E1D18647C8: Failed appendEntries as snapshot (1) installation is in progress
2023-06-21 21:49:15,473 [06fbe519-35a2-4226-ad85-372ac4de582e-server-thread1] INFO  server.RaftServer$Division (RaftServerImpl.java:checkInconsistentAppendEntries(1583)) - 06fbe519-35a2-4226-ad85-372ac4de582e@group-29E1D18647C8: inconsistency entries. Reply:6554ba57-669d-4c9f-91d9-11f4838b8a27<-06fbe519-35a2-4226-ad85-372ac4de582e#3:FAIL-t2,INCONSISTENCY,nextIndex=0,followerCommit=-1,matchIndex=-1
2023-06-21 21:49:15,473 [grpc-default-executor-4] WARN  server.GrpcLogAppender (GrpcLogAppender.java:onNextImpl(401)) - 6554ba57-669d-4c9f-91d9-11f4838b8a27@group-29E1D18647C8->06fbe519-35a2-4226-ad85-372ac4de582e-AppendLogResponseHandler: received INCONSISTENCY reply with nextIndex 0
2023-06-21 21:49:15,474 [6554ba57-669d-4c9f-91d9-11f4838b8a27@group-29E1D18647C8->06fbe519-35a2-4226-ad85-372ac4de582e-GrpcLogAppender-LogAppenderDaemon] INFO  server.GrpcLogAppender (GrpcLogAppender.java:installSnapshot(649)) - 6554ba57-669d-4c9f-91d9-11f4838b8a27@group-29E1D18647C8->06fbe519-35a2-4226-ad85-372ac4de582e-GrpcLogAppender: followerNextIndex = 0 but logStartIndex = 1, notify follower to install snapshot-(t:2, i:1)
2023-06-21 21:49:15,474 [6554ba57-669d-4c9f-91d9-11f4838b8a27@group-29E1D18647C8->06fbe519-35a2-4226-ad85-372ac4de582e-GrpcLogAppender-LogAppenderDaemon] INFO  server.GrpcLogAppender (GrpcLogAppender.java:installSnapshot(657)) - 6554ba57-669d-4c9f-91d9-11f4838b8a27@group-29E1D18647C8->06fbe519-35a2-4226-ad85-372ac4de582e-GrpcLogAppender: send 6554ba57-669d-4c9f-91d9-11f4838b8a27->06fbe519-35a2-4226-ad85-372ac4de582e#0-t2,notify:(t:2, i:1)
2023-06-21 21:49:15,475 [grpc-default-executor-4] INFO  impl.SnapshotInstallationHandler (SnapshotInstallationHandler.java:installSnapshot(89)) - 06fbe519-35a2-4226-ad85-372ac4de582e@group-29E1D18647C8: receive installSnapshot: 6554ba57-669d-4c9f-91d9-11f4838b8a27->06fbe519-35a2-4226-ad85-372ac4de582e#0-t2,notify:(t:2, i:1)
2023-06-21 21:49:15,476 [grpc-default-executor-4] INFO  impl.SnapshotInstallationHandler (SnapshotInstallationHandler.java:installSnapshot(100)) - 06fbe519-35a2-4226-ad85-372ac4de582e@group-29E1D18647C8: reply installSnapshot: 6554ba57-669d-4c9f-91d9-11f4838b8a27<-06fbe519-35a2-4226-ad85-372ac4de582e#0:FAIL-t2,IN_PROGRESS
2023-06-21 21:49:15,476 [grpc-default-executor-4] INFO  server.GrpcServerProtocolService (GrpcServerProtocolService.java:onCompleted(155)) - 06fbe519-35a2-4226-ad85-372ac4de582e: Completed INSTALL_SNAPSHOT, lastRequest: 6554ba57-669d-4c9f-91d9-11f4838b8a27->06fbe519-35a2-4226-ad85-372ac4de582e#0-t2,notify:(t:2, i:1)
2023-06-21 21:49:15,476 [grpc-default-executor-4] INFO  server.GrpcServerProtocolService (GrpcServerProtocolService.java:lambda$onCompleted$5(157)) - 06fbe519-35a2-4226-ad85-372ac4de582e: Completed INSTALL_SNAPSHOT, lastReply: null
2023-06-21 21:49:15,477 [grpc-default-executor-0] INFO  server.GrpcLogAppender (GrpcLogAppender.java:onNext(507)) - 6554ba57-669d-4c9f-91d9-11f4838b8a27@group-29E1D18647C8->06fbe519-35a2-4226-ad85-372ac4de582e-InstallSnapshotResponseHandler: received a reply 6554ba57-669d-4c9f-91d9-11f4838b8a27<-06fbe519-35a2-4226-ad85-372ac4de582e#0:FAIL-t2,IN_PROGRESS
2023-06-21 21:49:15,477 [grpc-default-executor-0] INFO  server.GrpcLogAppender (GrpcLogAppender.java:onNext(525)) - 6554ba57-669d-4c9f-91d9-11f4838b8a27@group-29E1D18647C8->06fbe519-35a2-4226-ad85-372ac4de582e-InstallSnapshotResponseHandler: InstallSnapshot in progress.
2023-06-21 21:49:15,480 [grpc-default-executor-1] INFO  db.RDBCheckpointUtils (RDBCheckpointUtils.java:waitForCheckpointDirectoryExist(59)) - Waited for 27 milliseconds for checkpoint directory /home/runner/work/ozone/ozone/hadoop-ozone/integration-test/target/test-dir/MiniOzoneClusterImpl-ed2e7ec8-c199-49a5-9fff-29e1d18647c8/scmNode-1/db.checkpoints/scm.db_checkpoint_1687384155448 availability.
2023-06-21 21:49:15,486 [06fbe519-35a2-4226-ad85-372ac4de582e-server-thread1] INFO  server.RaftServer$Division (RaftServerImpl.java:checkInconsistentAppendEntries(1591)) - 06fbe519-35a2-4226-ad85-372ac4de582e@group-29E1D18647C8: Failed appendEntries as snapshot (1) installation is in progress
2023-06-21 21:49:15,486 [06fbe519-35a2-4226-ad85-372ac4de582e-server-thread1] INFO  server.RaftServer$Division (RaftServerImpl.java:checkInconsistentAppendEntries(1583)) - 06fbe519-35a2-4226-ad85-372ac4de582e@group-29E1D18647C8: inconsistency entries. Reply:6554ba57-669d-4c9f-91d9-11f4838b8a27<-06fbe519-35a2-4226-ad85-372ac4de582e#4:FAIL-t2,INCONSISTENCY,nextIndex=0,followerCommit=-1,matchIndex=-1
2023-06-21 21:49:15,487 [grpc-default-executor-4] WARN  server.GrpcLogAppender (GrpcLogAppender.java:onNextImpl(401)) - 6554ba57-669d-4c9f-91d9-11f4838b8a27@group-29E1D18647C8->06fbe519-35a2-4226-ad85-372ac4de582e-AppendLogResponseHandler: received INCONSISTENCY reply with nextIndex 0
2023-06-21 21:49:15,487 [6554ba57-669d-4c9f-91d9-11f4838b8a27@group-29E1D18647C8->06fbe519-35a2-4226-ad85-372ac4de582e-GrpcLogAppender-LogAppenderDaemon] INFO  server.GrpcLogAppender (GrpcLogAppender.java:installSnapshot(649)) - 6554ba57-669d-4c9f-91d9-11f4838b8a27@group-29E1D18647C8->06fbe519-35a2-4226-ad85-372ac4de582e-GrpcLogAppender: followerNextIndex = 0 but logStartIndex = 1, notify follower to install snapshot-(t:2, i:1)
2023-06-21 21:49:15,487 [6554ba57-669d-4c9f-91d9-11f4838b8a27@group-29E1D18647C8->06fbe519-35a2-4226-ad85-372ac4de582e-GrpcLogAppender-LogAppenderDaemon] INFO  server.GrpcLogAppender (GrpcLogAppender.java:installSnapshot(657)) - 6554ba57-669d-4c9f-91d9-11f4838b8a27@group-29E1D18647C8->06fbe519-35a2-4226-ad85-372ac4de582e-GrpcLogAppender: send 6554ba57-669d-4c9f-91d9-11f4838b8a27->06fbe519-35a2-4226-ad85-372ac4de582e#0-t2,notify:(t:2, i:1)
2023-06-21 21:49:15,488 [grpc-default-executor-4] INFO  impl.SnapshotInstallationHandler (SnapshotInstallationHandler.java:installSnapshot(89)) - 06fbe519-35a2-4226-ad85-372ac4de582e@group-29E1D18647C8: receive installSnapshot: 6554ba57-669d-4c9f-91d9-11f4838b8a27->06fbe519-35a2-4226-ad85-372ac4de582e#0-t2,notify:(t:2, i:1)
2023-06-21 21:49:15,489 [grpc-default-executor-4] INFO  impl.SnapshotInstallationHandler (SnapshotInstallationHandler.java:installSnapshot(100)) - 06fbe519-35a2-4226-ad85-372ac4de582e@group-29E1D18647C8: reply installSnapshot: 6554ba57-669d-4c9f-91d9-11f4838b8a27<-06fbe519-35a2-4226-ad85-372ac4de582e#0:FAIL-t2,IN_PROGRESS
2023-06-21 21:49:15,489 [grpc-default-executor-4] INFO  server.GrpcServerProtocolService (GrpcServerProtocolService.java:onCompleted(155)) - 06fbe519-35a2-4226-ad85-372ac4de582e: Completed INSTALL_SNAPSHOT, lastRequest: 6554ba57-669d-4c9f-91d9-11f4838b8a27->06fbe519-35a2-4226-ad85-372ac4de582e#0-t2,notify:(t:2, i:1)
2023-06-21 21:49:15,489 [grpc-default-executor-4] INFO  server.GrpcServerProtocolService (GrpcServerProtocolService.java:lambda$onCompleted$5(157)) - 06fbe519-35a2-4226-ad85-372ac4de582e: Completed INSTALL_SNAPSHOT, lastReply: null
2023-06-21 21:49:15,490 [grpc-default-executor-0] INFO  server.GrpcLogAppender (GrpcLogAppender.java:onNext(507)) - 6554ba57-669d-4c9f-91d9-11f4838b8a27@group-29E1D18647C8->06fbe519-35a2-4226-ad85-372ac4de582e-InstallSnapshotResponseHandler: received a reply 6554ba57-669d-4c9f-91d9-11f4838b8a27<-06fbe519-35a2-4226-ad85-372ac4de582e#0:FAIL-t2,IN_PROGRESS
2023-06-21 21:49:15,490 [grpc-default-executor-0] INFO  server.GrpcLogAppender (GrpcLogAppender.java:onNext(525)) - 6554ba57-669d-4c9f-91d9-11f4838b8a27@group-29E1D18647C8->06fbe519-35a2-4226-ad85-372ac4de582e-InstallSnapshotResponseHandler: InstallSnapshot in progress.
2023-06-21 21:49:15,499 [06fbe519-35a2-4226-ad85-372ac4de582e-server-thread1] INFO  server.RaftServer$Division (RaftServerImpl.java:checkInconsistentAppendEntries(1591)) - 06fbe519-35a2-4226-ad85-372ac4de582e@group-29E1D18647C8: Failed appendEntries as snapshot (1) installation is in progress
2023-06-21 21:49:15,499 [06fbe519-35a2-4226-ad85-372ac4de582e-server-thread1] INFO  server.RaftServer$Division (RaftServerImpl.java:checkInconsistentAppendEntries(1583)) - 06fbe519-35a2-4226-ad85-372ac4de582e@group-29E1D18647C8: inconsistency entries. Reply:6554ba57-669d-4c9f-91d9-11f4838b8a27<-06fbe519-35a2-4226-ad85-372ac4de582e#5:FAIL-t2,INCONSISTENCY,nextIndex=0,followerCommit=-1,matchIndex=-1
2023-06-21 21:49:15,499 [grpc-default-executor-4] WARN  server.GrpcLogAppender (GrpcLogAppender.java:onNextImpl(401)) - 6554ba57-669d-4c9f-91d9-11f4838b8a27@group-29E1D18647C8->06fbe519-35a2-4226-ad85-372ac4de582e-AppendLogResponseHandler: received INCONSISTENCY reply with nextIndex 0
2023-06-21 21:49:15,500 [6554ba57-669d-4c9f-91d9-11f4838b8a27@group-29E1D18647C8->06fbe519-35a2-4226-ad85-372ac4de582e-GrpcLogAppender-LogAppenderDaemon] INFO  server.GrpcLogAppender (GrpcLogAppender.java:installSnapshot(649)) - 6554ba57-669d-4c9f-91d9-11f4838b8a27@group-29E1D18647C8->06fbe519-35a2-4226-ad85-372ac4de582e-GrpcLogAppender: followerNextIndex = 0 but logStartIndex = 1, notify follower to install snapshot-(t:2, i:1)
2023-06-21 21:49:15,500 [6554ba57-669d-4c9f-91d9-11f4838b8a27@group-29E1D18647C8->06fbe519-35a2-4226-ad85-372ac4de582e-GrpcLogAppender-LogAppenderDaemon] INFO  server.GrpcLogAppender (GrpcLogAppender.java:installSnapshot(657)) - 6554ba57-669d-4c9f-91d9-11f4838b8a27@group-29E1D18647C8->06fbe519-35a2-4226-ad85-372ac4de582e-GrpcLogAppender: send 6554ba57-669d-4c9f-91d9-11f4838b8a27->06fbe519-35a2-4226-ad85-372ac4de582e#0-t2,notify:(t:2, i:1)
2023-06-21 21:49:15,502 [grpc-default-executor-0] INFO  impl.SnapshotInstallationHandler (SnapshotInstallationHandler.java:installSnapshot(89)) - 06fbe519-35a2-4226-ad85-372ac4de582e@group-29E1D18647C8: receive installSnapshot: 6554ba57-669d-4c9f-91d9-11f4838b8a27->06fbe519-35a2-4226-ad85-372ac4de582e#0-t2,notify:(t:2, i:1)
2023-06-21 21:49:15,503 [grpc-default-executor-0] INFO  impl.SnapshotInstallationHandler (SnapshotInstallationHandler.java:installSnapshot(100)) - 06fbe519-35a2-4226-ad85-372ac4de582e@group-29E1D18647C8: reply installSnapshot: 6554ba57-669d-4c9f-91d9-11f4838b8a27<-06fbe519-35a2-4226-ad85-372ac4de582e#0:FAIL-t2,IN_PROGRESS
2023-06-21 21:49:15,503 [grpc-default-executor-0] INFO  server.GrpcServerProtocolService (GrpcServerProtocolService.java:onCompleted(155)) - 06fbe519-35a2-4226-ad85-372ac4de582e: Completed INSTALL_SNAPSHOT, lastRequest: 6554ba57-669d-4c9f-91d9-11f4838b8a27->06fbe519-35a2-4226-ad85-372ac4de582e#0-t2,notify:(t:2, i:1)
2023-06-21 21:49:15,503 [grpc-default-executor-0] INFO  server.GrpcServerProtocolService (GrpcServerProtocolService.java:lambda$onCompleted$5(157)) - 06fbe519-35a2-4226-ad85-372ac4de582e: Completed INSTALL_SNAPSHOT, lastReply: null
2023-06-21 21:49:15,504 [grpc-default-executor-1] INFO  ha.SCMGrpcOutputStream (SCMGrpcOutputStream.java:close(111)) - Sent 94720 bytes for cluster ed2e7ec8-c199-49a5-9fff-29e1d18647c8
2023-06-21 21:49:15,504 [grpc-default-executor-1] INFO  ha.SCMDBCheckpointProvider (SCMDBCheckpointProvider.java:writeDBCheckPointToSream(75)) - Time taken to write the checkpoint to response output stream: 23 milliseconds
2023-06-21 21:49:15,505 [grpc-default-executor-1] INFO  db.RocksDBCheckpoint (RocksDBCheckpoint.java:cleanupCheckpoint(78)) - Cleaning up RocksDB checkpoint at /home/runner/work/ozone/ozone/hadoop-ozone/integration-test/target/test-dir/MiniOzoneClusterImpl-ed2e7ec8-c199-49a5-9fff-29e1d18647c8/scmNode-1/db.checkpoints/scm.db_checkpoint_1687384155448
2023-06-21 21:49:15,505 [grpc-default-executor-4] INFO  server.GrpcLogAppender (GrpcLogAppender.java:onNext(507)) - 6554ba57-669d-4c9f-91d9-11f4838b8a27@group-29E1D18647C8->06fbe519-35a2-4226-ad85-372ac4de582e-InstallSnapshotResponseHandler: received a reply 6554ba57-669d-4c9f-91d9-11f4838b8a27<-06fbe519-35a2-4226-ad85-372ac4de582e#0:FAIL-t2,IN_PROGRESS
2023-06-21 21:49:15,505 [grpc-default-executor-4] INFO  server.GrpcLogAppender (GrpcLogAppender.java:onNext(525)) - 6554ba57-669d-4c9f-91d9-11f4838b8a27@group-29E1D18647C8->06fbe519-35a2-4226-ad85-372ac4de582e-InstallSnapshotResponseHandler: InstallSnapshot in progress.
2023-06-21 21:49:15,516 [grpc-default-executor-4] INFO  ha.InterSCMGrpcClient (InterSCMGrpcClient.java:onCompleted(175)) - Checkpoint is downloaded to /home/runner/work/ozone/ozone/hadoop-ozone/integration-test/target/test-dir/MiniOzoneClusterImpl-ed2e7ec8-c199-49a5-9fff-29e1d18647c8/scmNode-3/snapshot/scm.db-scmNode-1-1687384155362.tar
2023-06-21 21:49:15,516 [06fbe519-35a2-4226-ad85-372ac4de582e-server-thread1] INFO  server.RaftServer$Division (RaftServerImpl.java:checkInconsistentAppendEntries(1591)) - 06fbe519-35a2-4226-ad85-372ac4de582e@group-29E1D18647C8: Failed appendEntries as snapshot (1) installation is in progress
2023-06-21 21:49:15,516 [06fbe519-35a2-4226-ad85-372ac4de582e-server-thread1] INFO  server.RaftServer$Division (RaftServerImpl.java:checkInconsistentAppendEntries(1583)) - 06fbe519-35a2-4226-ad85-372ac4de582e@group-29E1D18647C8: inconsistency entries. Reply:6554ba57-669d-4c9f-91d9-11f4838b8a27<-06fbe519-35a2-4226-ad85-372ac4de582e#6:FAIL-t2,INCONSISTENCY,nextIndex=0,followerCommit=-1,matchIndex=-1
2023-06-21 21:49:15,519 [grpc-default-executor-4] WARN  server.GrpcLogAppender (GrpcLogAppender.java:onNextImpl(401)) - 6554ba57-669d-4c9f-91d9-11f4838b8a27@group-29E1D18647C8->06fbe519-35a2-4226-ad85-372ac4de582e-AppendLogResponseHandler: received INCONSISTENCY reply with nextIndex 0
2023-06-21 21:49:15,519 [6554ba57-669d-4c9f-91d9-11f4838b8a27@group-29E1D18647C8->06fbe519-35a2-4226-ad85-372ac4de582e-GrpcLogAppender-LogAppenderDaemon] INFO  server.GrpcLogAppender (GrpcLogAppender.java:installSnapshot(649)) - 6554ba57-669d-4c9f-91d9-11f4838b8a27@group-29E1D18647C8->06fbe519-35a2-4226-ad85-372ac4de582e-GrpcLogAppender: followerNextIndex = 0 but logStartIndex = 1, notify follower to install snapshot-(t:2, i:1)
2023-06-21 21:49:15,520 [6554ba57-669d-4c9f-91d9-11f4838b8a27@group-29E1D18647C8->06fbe519-35a2-4226-ad85-372ac4de582e-GrpcLogAppender-LogAppenderDaemon] INFO  server.GrpcLogAppender (GrpcLogAppender.java:installSnapshot(657)) - 6554ba57-669d-4c9f-91d9-11f4838b8a27@group-29E1D18647C8->06fbe519-35a2-4226-ad85-372ac4de582e-GrpcLogAppender: send 6554ba57-669d-4c9f-91d9-11f4838b8a27->06fbe519-35a2-4226-ad85-372ac4de582e#0-t2,notify:(t:2, i:1)
2023-06-21 21:49:15,525 [grpc-default-executor-4] INFO  impl.SnapshotInstallationHandler (SnapshotInstallationHandler.java:installSnapshot(89)) - 06fbe519-35a2-4226-ad85-372ac4de582e@group-29E1D18647C8: receive installSnapshot: 6554ba57-669d-4c9f-91d9-11f4838b8a27->06fbe519-35a2-4226-ad85-372ac4de582e#0-t2,notify:(t:2, i:1)
2023-06-21 21:49:15,526 [grpc-default-executor-4] INFO  impl.SnapshotInstallationHandler (SnapshotInstallationHandler.java:installSnapshot(100)) - 06fbe519-35a2-4226-ad85-372ac4de582e@group-29E1D18647C8: reply installSnapshot: 6554ba57-669d-4c9f-91d9-11f4838b8a27<-06fbe519-35a2-4226-ad85-372ac4de582e#0:FAIL-t2,IN_PROGRESS
2023-06-21 21:49:15,527 [grpc-default-executor-4] INFO  server.GrpcServerProtocolService (GrpcServerProtocolService.java:onCompleted(155)) - 06fbe519-35a2-4226-ad85-372ac4de582e: Completed INSTALL_SNAPSHOT, lastRequest: 6554ba57-669d-4c9f-91d9-11f4838b8a27->06fbe519-35a2-4226-ad85-372ac4de582e#0-t2,notify:(t:2, i:1)
2023-06-21 21:49:15,527 [grpc-default-executor-0] INFO  server.GrpcLogAppender (GrpcLogAppender.java:onNext(507)) - 6554ba57-669d-4c9f-91d9-11f4838b8a27@group-29E1D18647C8->06fbe519-35a2-4226-ad85-372ac4de582e-InstallSnapshotResponseHandler: received a reply 6554ba57-669d-4c9f-91d9-11f4838b8a27<-06fbe519-35a2-4226-ad85-372ac4de582e#0:FAIL-t2,IN_PROGRESS
2023-06-21 21:49:15,527 [grpc-default-executor-0] INFO  server.GrpcLogAppender (GrpcLogAppender.java:onNext(525)) - 6554ba57-669d-4c9f-91d9-11f4838b8a27@group-29E1D18647C8->06fbe519-35a2-4226-ad85-372ac4de582e-InstallSnapshotResponseHandler: InstallSnapshot in progress.
2023-06-21 21:49:15,527 [grpc-default-executor-4] INFO  server.GrpcServerProtocolService (GrpcServerProtocolService.java:lambda$onCompleted$5(157)) - 06fbe519-35a2-4226-ad85-372ac4de582e: Completed INSTALL_SNAPSHOT, lastReply: null
2023-06-21 21:49:15,531 [06fbe519-35a2-4226-ad85-372ac4de582e-server-thread1] INFO  server.RaftServer$Division (RaftServerImpl.java:checkInconsistentAppendEntries(1591)) - 06fbe519-35a2-4226-ad85-372ac4de582e@group-29E1D18647C8: Failed appendEntries as snapshot (1) installation is in progress
2023-06-21 21:49:15,531 [06fbe519-35a2-4226-ad85-372ac4de582e-server-thread1] INFO  server.RaftServer$Division (RaftServerImpl.java:checkInconsistentAppendEntries(1583)) - 06fbe519-35a2-4226-ad85-372ac4de582e@group-29E1D18647C8: inconsistency entries. Reply:6554ba57-669d-4c9f-91d9-11f4838b8a27<-06fbe519-35a2-4226-ad85-372ac4de582e#7:FAIL-t2,INCONSISTENCY,nextIndex=0,followerCommit=-1,matchIndex=-1
2023-06-21 21:49:15,532 [grpc-default-executor-4] WARN  server.GrpcLogAppender (GrpcLogAppender.java:onNextImpl(401)) - 6554ba57-669d-4c9f-91d9-11f4838b8a27@group-29E1D18647C8->06fbe519-35a2-4226-ad85-372ac4de582e-AppendLogResponseHandler: received INCONSISTENCY reply with nextIndex 0
2023-06-21 21:49:15,532 [6554ba57-669d-4c9f-91d9-11f4838b8a27@group-29E1D18647C8->06fbe519-35a2-4226-ad85-372ac4de582e-GrpcLogAppender-LogAppenderDaemon] INFO  server.GrpcLogAppender (GrpcLogAppender.java:installSnapshot(649)) - 6554ba57-669d-4c9f-91d9-11f4838b8a27@group-29E1D18647C8->06fbe519-35a2-4226-ad85-372ac4de582e-GrpcLogAppender: followerNextIndex = 0 but logStartIndex = 1, notify follower to install snapshot-(t:2, i:1)
2023-06-21 21:49:15,532 [6554ba57-669d-4c9f-91d9-11f4838b8a27@group-29E1D18647C8->06fbe519-35a2-4226-ad85-372ac4de582e-GrpcLogAppender-LogAppenderDaemon] INFO  server.GrpcLogAppender (GrpcLogAppender.java:installSnapshot(657)) - 6554ba57-669d-4c9f-91d9-11f4838b8a27@group-29E1D18647C8->06fbe519-35a2-4226-ad85-372ac4de582e-GrpcLogAppender: send 6554ba57-669d-4c9f-91d9-11f4838b8a27->06fbe519-35a2-4226-ad85-372ac4de582e#0-t2,notify:(t:2, i:1)
2023-06-21 21:49:15,533 [grpc-default-executor-4] INFO  impl.SnapshotInstallationHandler (SnapshotInstallationHandler.java:installSnapshot(89)) - 06fbe519-35a2-4226-ad85-372ac4de582e@group-29E1D18647C8: receive installSnapshot: 6554ba57-669d-4c9f-91d9-11f4838b8a27->06fbe519-35a2-4226-ad85-372ac4de582e#0-t2,notify:(t:2, i:1)
2023-06-21 21:49:15,534 [grpc-default-executor-4] INFO  impl.SnapshotInstallationHandler (SnapshotInstallationHandler.java:installSnapshot(100)) - 06fbe519-35a2-4226-ad85-372ac4de582e@group-29E1D18647C8: reply installSnapshot: 6554ba57-669d-4c9f-91d9-11f4838b8a27<-06fbe519-35a2-4226-ad85-372ac4de582e#0:FAIL-t2,IN_PROGRESS
2023-06-21 21:49:15,534 [grpc-default-executor-4] INFO  server.GrpcServerProtocolService (GrpcServerProtocolService.java:onCompleted(155)) - 06fbe519-35a2-4226-ad85-372ac4de582e: Completed INSTALL_SNAPSHOT, lastRequest: 6554ba57-669d-4c9f-91d9-11f4838b8a27->06fbe519-35a2-4226-ad85-372ac4de582e#0-t2,notify:(t:2, i:1)
2023-06-21 21:49:15,534 [grpc-default-executor-4] INFO  server.GrpcServerProtocolService (GrpcServerProtocolService.java:lambda$onCompleted$5(157)) - 06fbe519-35a2-4226-ad85-372ac4de582e: Completed INSTALL_SNAPSHOT, lastReply: null
2023-06-21 21:49:15,535 [grpc-default-executor-4] INFO  server.GrpcLogAppender (GrpcLogAppender.java:onNext(507)) - 6554ba57-669d-4c9f-91d9-11f4838b8a27@group-29E1D18647C8->06fbe519-35a2-4226-ad85-372ac4de582e-InstallSnapshotResponseHandler: received a reply 6554ba57-669d-4c9f-91d9-11f4838b8a27<-06fbe519-35a2-4226-ad85-372ac4de582e#0:FAIL-t2,IN_PROGRESS
2023-06-21 21:49:15,535 [grpc-default-executor-4] INFO  server.GrpcLogAppender (GrpcLogAppender.java:onNext(525)) - 6554ba57-669d-4c9f-91d9-11f4838b8a27@group-29E1D18647C8->06fbe519-35a2-4226-ad85-372ac4de582e-InstallSnapshotResponseHandler: InstallSnapshot in progress.
2023-06-21 21:49:15,548 [pool-99-thread-1] INFO  ha.SCMSnapshotProvider (SCMSnapshotProvider.java:getSCMDBSnapshot(131)) - Successfully downloaded latest checkpoint from leader SCM: scmNode-1 path /home/runner/work/ozone/ozone/hadoop-ozone/integration-test/target/test-dir/MiniOzoneClusterImpl-ed2e7ec8-c199-49a5-9fff-29e1d18647c8/scmNode-3/snapshot/scm.db-scmNode-1-1687384155362
2023-06-21 21:49:15,548 [pool-99-thread-1] INFO  ha.SCMHAManagerImpl (SCMHAManagerImpl.java:downloadCheckpointFromLeader(197)) - Downloaded checkpoint from Leader scmNode-1 to the location /home/runner/work/ozone/ozone/hadoop-ozone/integration-test/target/test-dir/MiniOzoneClusterImpl-ed2e7ec8-c199-49a5-9fff-29e1d18647c8/scmNode-3/snapshot/scm.db-scmNode-1-1687384155362
2023-06-21 21:49:15,548 [pool-99-thread-1] INFO  ha.SCMHAManagerImpl (SCMHAManagerImpl.java:getSecretKeysFromLeader(209)) - Getting secret keys from leader scmNode-1.
2023-06-21 21:49:15,548 [pool-99-thread-1] INFO  ha.SCMNodeInfo (SCMNodeInfo.java:getPort(197)) - ConfigKey ozone.scm.client.address is deprecated, For configuring different ports for each SCM use PortConfigKey ozone.scm.client.port appended with serviceId and nodeId
2023-06-21 21:49:15,549 [pool-99-thread-1] INFO  ha.SCMNodeInfo (SCMNodeInfo.java:getPort(197)) - ConfigKey ozone.scm.block.client.address is deprecated, For configuring different ports for each SCM use PortConfigKey ozone.scm.block.client.port appended with serviceId and nodeId
2023-06-21 21:49:15,549 [pool-99-thread-1] INFO  ha.SCMNodeInfo (SCMNodeInfo.java:getPort(197)) - ConfigKey ozone.scm.security.service.address is deprecated, For configuring different ports for each SCM use PortConfigKey ozone.scm.security.service.port appended with serviceId and nodeId
2023-06-21 21:49:15,549 [pool-99-thread-1] INFO  ha.SCMNodeInfo (SCMNodeInfo.java:getPort(197)) - ConfigKey ozone.scm.datanode.address is deprecated, For configuring different ports for each SCM use PortConfigKey ozone.scm.datanode.port appended with serviceId and nodeId
2023-06-21 21:49:15,549 [pool-99-thread-1] INFO  ha.SCMNodeInfo (SCMNodeInfo.java:getPort(197)) - ConfigKey ozone.scm.client.address is deprecated, For configuring different ports for each SCM use PortConfigKey ozone.scm.client.port appended with serviceId and nodeId
2023-06-21 21:49:15,549 [pool-99-thread-1] INFO  ha.SCMNodeInfo (SCMNodeInfo.java:getPort(197)) - ConfigKey ozone.scm.block.client.address is deprecated, For configuring different ports for each SCM use PortConfigKey ozone.scm.block.client.port appended with serviceId and nodeId
2023-06-21 21:49:15,549 [pool-99-thread-1] INFO  ha.SCMNodeInfo (SCMNodeInfo.java:getPort(197)) - ConfigKey ozone.scm.security.service.address is deprecated, For configuring different ports for each SCM use PortConfigKey ozone.scm.security.service.port appended with serviceId and nodeId
2023-06-21 21:49:15,549 [pool-99-thread-1] INFO  ha.SCMNodeInfo (SCMNodeInfo.java:getPort(197)) - ConfigKey ozone.scm.datanode.address is deprecated, For configuring different ports for each SCM use PortConfigKey ozone.scm.datanode.port appended with serviceId and nodeId
2023-06-21 21:49:15,549 [pool-99-thread-1] INFO  ha.SCMNodeInfo (SCMNodeInfo.java:getPort(197)) - ConfigKey ozone.scm.client.address is deprecated, For configuring different ports for each SCM use PortConfigKey ozone.scm.client.port appended with serviceId and nodeId
2023-06-21 21:49:15,549 [pool-99-thread-1] INFO  ha.SCMNodeInfo (SCMNodeInfo.java:getPort(197)) - ConfigKey ozone.scm.block.client.address is deprecated, For configuring different ports for each SCM use PortConfigKey ozone.scm.block.client.port appended with serviceId and nodeId
2023-06-21 21:49:15,549 [pool-99-thread-1] INFO  ha.SCMNodeInfo (SCMNodeInfo.java:getPort(197)) - ConfigKey ozone.scm.security.service.address is deprecated, For configuring different ports for each SCM use PortConfigKey ozone.scm.security.service.port appended with serviceId and nodeId
2023-06-21 21:49:15,549 [pool-99-thread-1] INFO  ha.SCMNodeInfo (SCMNodeInfo.java:getPort(197)) - ConfigKey ozone.scm.datanode.address is deprecated, For configuring different ports for each SCM use PortConfigKey ozone.scm.datanode.port appended with serviceId and nodeId
2023-06-21 21:49:15,552 [06fbe519-35a2-4226-ad85-372ac4de582e-server-thread1] INFO  server.RaftServer$Division (RaftServerImpl.java:checkInconsistentAppendEntries(1591)) - 06fbe519-35a2-4226-ad85-372ac4de582e@group-29E1D18647C8: Failed appendEntries as snapshot (1) installation is in progress
2023-06-21 21:49:15,552 [06fbe519-35a2-4226-ad85-372ac4de582e-server-thread1] INFO  server.RaftServer$Division (RaftServerImpl.java:checkInconsistentAppendEntries(1583)) - 06fbe519-35a2-4226-ad85-372ac4de582e@group-29E1D18647C8: inconsistency entries. Reply:6554ba57-669d-4c9f-91d9-11f4838b8a27<-06fbe519-35a2-4226-ad85-372ac4de582e#8:FAIL-t2,INCONSISTENCY,nextIndex=0,followerCommit=-1,matchIndex=-1
2023-06-21 21:49:15,555 [grpc-default-executor-4] WARN  server.GrpcLogAppender (GrpcLogAppender.java:onNextImpl(401)) - 6554ba57-669d-4c9f-91d9-11f4838b8a27@group-29E1D18647C8->06fbe519-35a2-4226-ad85-372ac4de582e-AppendLogResponseHandler: received INCONSISTENCY reply with nextIndex 0
2023-06-21 21:49:15,555 [6554ba57-669d-4c9f-91d9-11f4838b8a27@group-29E1D18647C8->06fbe519-35a2-4226-ad85-372ac4de582e-GrpcLogAppender-LogAppenderDaemon] INFO  server.GrpcLogAppender (GrpcLogAppender.java:installSnapshot(649)) - 6554ba57-669d-4c9f-91d9-11f4838b8a27@group-29E1D18647C8->06fbe519-35a2-4226-ad85-372ac4de582e-GrpcLogAppender: followerNextIndex = 0 but logStartIndex = 1, notify follower to install snapshot-(t:2, i:1)
2023-06-21 21:49:15,555 [6554ba57-669d-4c9f-91d9-11f4838b8a27@group-29E1D18647C8->06fbe519-35a2-4226-ad85-372ac4de582e-GrpcLogAppender-LogAppenderDaemon] INFO  server.GrpcLogAppender (GrpcLogAppender.java:installSnapshot(657)) - 6554ba57-669d-4c9f-91d9-11f4838b8a27@group-29E1D18647C8->06fbe519-35a2-4226-ad85-372ac4de582e-GrpcLogAppender: send 6554ba57-669d-4c9f-91d9-11f4838b8a27->06fbe519-35a2-4226-ad85-372ac4de582e#0-t2,notify:(t:2, i:1)
2023-06-21 21:49:15,557 [grpc-default-executor-4] INFO  impl.SnapshotInstallationHandler (SnapshotInstallationHandler.java:installSnapshot(89)) - 06fbe519-35a2-4226-ad85-372ac4de582e@group-29E1D18647C8: receive installSnapshot: 6554ba57-669d-4c9f-91d9-11f4838b8a27->06fbe519-35a2-4226-ad85-372ac4de582e#0-t2,notify:(t:2, i:1)
2023-06-21 21:49:15,557 [grpc-default-executor-4] INFO  impl.SnapshotInstallationHandler (SnapshotInstallationHandler.java:installSnapshot(100)) - 06fbe519-35a2-4226-ad85-372ac4de582e@group-29E1D18647C8: reply installSnapshot: 6554ba57-669d-4c9f-91d9-11f4838b8a27<-06fbe519-35a2-4226-ad85-372ac4de582e#0:FAIL-t2,IN_PROGRESS
2023-06-21 21:49:15,557 [grpc-default-executor-4] INFO  server.GrpcServerProtocolService (GrpcServerProtocolService.java:onCompleted(155)) - 06fbe519-35a2-4226-ad85-372ac4de582e: Completed INSTALL_SNAPSHOT, lastRequest: 6554ba57-669d-4c9f-91d9-11f4838b8a27->06fbe519-35a2-4226-ad85-372ac4de582e#0-t2,notify:(t:2, i:1)
2023-06-21 21:49:15,557 [grpc-default-executor-4] INFO  server.GrpcServerProtocolService (GrpcServerProtocolService.java:lambda$onCompleted$5(157)) - 06fbe519-35a2-4226-ad85-372ac4de582e: Completed INSTALL_SNAPSHOT, lastReply: null
2023-06-21 21:49:15,558 [grpc-default-executor-0] INFO  server.GrpcLogAppender (GrpcLogAppender.java:onNext(507)) - 6554ba57-669d-4c9f-91d9-11f4838b8a27@group-29E1D18647C8->06fbe519-35a2-4226-ad85-372ac4de582e-InstallSnapshotResponseHandler: received a reply 6554ba57-669d-4c9f-91d9-11f4838b8a27<-06fbe519-35a2-4226-ad85-372ac4de582e#0:FAIL-t2,IN_PROGRESS
2023-06-21 21:49:15,558 [grpc-default-executor-0] INFO  server.GrpcLogAppender (GrpcLogAppender.java:onNext(525)) - 6554ba57-669d-4c9f-91d9-11f4838b8a27@group-29E1D18647C8->06fbe519-35a2-4226-ad85-372ac4de582e-InstallSnapshotResponseHandler: InstallSnapshot in progress.
2023-06-21 21:49:15,562 [Socket Reader #1 for port 15002] INFO  ipc.Server (Server.java:saslProcess(2116)) - Auth successful for scm/fv-az1254-726.qtnbswlwlufehe3u4emko3izng.cx.internal.cloudapp.net@EXAMPLE.COM (auth:KERBEROS) from 10.1.0.15:39151
2023-06-21 21:49:15,568 [06fbe519-35a2-4226-ad85-372ac4de582e-server-thread1] INFO  server.RaftServer$Division (RaftServerImpl.java:checkInconsistentAppendEntries(1591)) - 06fbe519-35a2-4226-ad85-372ac4de582e@group-29E1D18647C8: Failed appendEntries as snapshot (1) installation is in progress
2023-06-21 21:49:15,568 [06fbe519-35a2-4226-ad85-372ac4de582e-server-thread1] INFO  server.RaftServer$Division (RaftServerImpl.java:checkInconsistentAppendEntries(1583)) - 06fbe519-35a2-4226-ad85-372ac4de582e@group-29E1D18647C8: inconsistency entries. Reply:6554ba57-669d-4c9f-91d9-11f4838b8a27<-06fbe519-35a2-4226-ad85-372ac4de582e#9:FAIL-t2,INCONSISTENCY,nextIndex=0,followerCommit=-1,matchIndex=-1
2023-06-21 21:49:15,569 [grpc-default-executor-1] WARN  server.GrpcLogAppender (GrpcLogAppender.java:onNextImpl(401)) - 6554ba57-669d-4c9f-91d9-11f4838b8a27@group-29E1D18647C8->06fbe519-35a2-4226-ad85-372ac4de582e-AppendLogResponseHandler: received INCONSISTENCY reply with nextIndex 0
2023-06-21 21:49:15,571 [6554ba57-669d-4c9f-91d9-11f4838b8a27@group-29E1D18647C8->06fbe519-35a2-4226-ad85-372ac4de582e-GrpcLogAppender-LogAppenderDaemon] INFO  server.GrpcLogAppender (GrpcLogAppender.java:installSnapshot(649)) - 6554ba57-669d-4c9f-91d9-11f4838b8a27@group-29E1D18647C8->06fbe519-35a2-4226-ad85-372ac4de582e-GrpcLogAppender: followerNextIndex = 0 but logStartIndex = 1, notify follower to install snapshot-(t:2, i:1)
2023-06-21 21:49:15,572 [6554ba57-669d-4c9f-91d9-11f4838b8a27@group-29E1D18647C8->06fbe519-35a2-4226-ad85-372ac4de582e-GrpcLogAppender-LogAppenderDaemon] INFO  server.GrpcLogAppender (GrpcLogAppender.java:installSnapshot(657)) - 6554ba57-669d-4c9f-91d9-11f4838b8a27@group-29E1D18647C8->06fbe519-35a2-4226-ad85-372ac4de582e-GrpcLogAppender: send 6554ba57-669d-4c9f-91d9-11f4838b8a27->06fbe519-35a2-4226-ad85-372ac4de582e#0-t2,notify:(t:2, i:1)
2023-06-21 21:49:15,573 [grpc-default-executor-4] INFO  impl.SnapshotInstallationHandler (SnapshotInstallationHandler.java:installSnapshot(89)) - 06fbe519-35a2-4226-ad85-372ac4de582e@group-29E1D18647C8: receive installSnapshot: 6554ba57-669d-4c9f-91d9-11f4838b8a27->06fbe519-35a2-4226-ad85-372ac4de582e#0-t2,notify:(t:2, i:1)
2023-06-21 21:49:15,574 [grpc-default-executor-4] INFO  impl.SnapshotInstallationHandler (SnapshotInstallationHandler.java:installSnapshot(100)) - 06fbe519-35a2-4226-ad85-372ac4de582e@group-29E1D18647C8: reply installSnapshot: 6554ba57-669d-4c9f-91d9-11f4838b8a27<-06fbe519-35a2-4226-ad85-372ac4de582e#0:FAIL-t2,IN_PROGRESS
2023-06-21 21:49:15,576 [pool-99-thread-1] INFO  ha.SCMStateMachine (SCMStateMachine.java:lambda$notifyInstallSnapshotFromLeader$2(255)) - Got secret keys from leaders [SecretKey(id = 5b27779a-2fdb-4e1e-86c7-93e4a4e5632c, creation at: 2023-06-21T21:49:05.677Z, expire at: 2023-06-21T21:50:06.677Z), SecretKey(id = 549f050c-1bf3-451b-8f20-a15d7a7e75fa, creation at: 2023-06-21T21:48:35.500Z, expire at: 2023-06-21T21:49:36.500Z)]
2023-06-21 21:49:15,577 [grpc-default-executor-4] INFO  server.GrpcServerProtocolService (GrpcServerProtocolService.java:onCompleted(155)) - 06fbe519-35a2-4226-ad85-372ac4de582e: Completed INSTALL_SNAPSHOT, lastRequest: 6554ba57-669d-4c9f-91d9-11f4838b8a27->06fbe519-35a2-4226-ad85-372ac4de582e#0-t2,notify:(t:2, i:1)
2023-06-21 21:49:15,578 [grpc-default-executor-4] INFO  server.GrpcServerProtocolService (GrpcServerProtocolService.java:lambda$onCompleted$5(157)) - 06fbe519-35a2-4226-ad85-372ac4de582e: Completed INSTALL_SNAPSHOT, lastReply: null
2023-06-21 21:49:15,579 [grpc-default-executor-4] INFO  server.GrpcLogAppender (GrpcLogAppender.java:onNext(507)) - 6554ba57-669d-4c9f-91d9-11f4838b8a27@group-29E1D18647C8->06fbe519-35a2-4226-ad85-372ac4de582e-InstallSnapshotResponseHandler: received a reply 6554ba57-669d-4c9f-91d9-11f4838b8a27<-06fbe519-35a2-4226-ad85-372ac4de582e#0:FAIL-t2,IN_PROGRESS
2023-06-21 21:49:15,579 [grpc-default-executor-4] INFO  server.GrpcLogAppender (GrpcLogAppender.java:onNext(525)) - 6554ba57-669d-4c9f-91d9-11f4838b8a27@group-29E1D18647C8->06fbe519-35a2-4226-ad85-372ac4de582e-InstallSnapshotResponseHandler: InstallSnapshot in progress.
2023-06-21 21:49:15,583 [06fbe519-35a2-4226-ad85-372ac4de582e-server-thread1] INFO  server.RaftServer$Division (RaftServerImpl.java:checkInconsistentAppendEntries(1591)) - 06fbe519-35a2-4226-ad85-372ac4de582e@group-29E1D18647C8: Failed appendEntries as snapshot (1) installation is in progress
2023-06-21 21:49:15,583 [06fbe519-35a2-4226-ad85-372ac4de582e-server-thread1] INFO  server.RaftServer$Division (RaftServerImpl.java:checkInconsistentAppendEntries(1583)) - 06fbe519-35a2-4226-ad85-372ac4de582e@group-29E1D18647C8: inconsistency entries. Reply:6554ba57-669d-4c9f-91d9-11f4838b8a27<-06fbe519-35a2-4226-ad85-372ac4de582e#10:FAIL-t2,INCONSISTENCY,nextIndex=0,followerCommit=-1,matchIndex=-1
2023-06-21 21:49:15,584 [grpc-default-executor-4] WARN  server.GrpcLogAppender (GrpcLogAppender.java:onNextImpl(401)) - 6554ba57-669d-4c9f-91d9-11f4838b8a27@group-29E1D18647C8->06fbe519-35a2-4226-ad85-372ac4de582e-AppendLogResponseHandler: received INCONSISTENCY reply with nextIndex 0
2023-06-21 21:49:15,584 [6554ba57-669d-4c9f-91d9-11f4838b8a27@group-29E1D18647C8->06fbe519-35a2-4226-ad85-372ac4de582e-GrpcLogAppender-LogAppenderDaemon] INFO  server.GrpcLogAppender (GrpcLogAppender.java:installSnapshot(649)) - 6554ba57-669d-4c9f-91d9-11f4838b8a27@group-29E1D18647C8->06fbe519-35a2-4226-ad85-372ac4de582e-GrpcLogAppender: followerNextIndex = 0 but logStartIndex = 1, notify follower to install snapshot-(t:2, i:1)
2023-06-21 21:49:15,584 [6554ba57-669d-4c9f-91d9-11f4838b8a27@group-29E1D18647C8->06fbe519-35a2-4226-ad85-372ac4de582e-GrpcLogAppender-LogAppenderDaemon] INFO  server.GrpcLogAppender (GrpcLogAppender.java:installSnapshot(657)) - 6554ba57-669d-4c9f-91d9-11f4838b8a27@group-29E1D18647C8->06fbe519-35a2-4226-ad85-372ac4de582e-GrpcLogAppender: send 6554ba57-669d-4c9f-91d9-11f4838b8a27->06fbe519-35a2-4226-ad85-372ac4de582e#0-t2,notify:(t:2, i:1)
2023-06-21 21:49:15,585 [grpc-default-executor-4] INFO  impl.SnapshotInstallationHandler (SnapshotInstallationHandler.java:installSnapshot(89)) - 06fbe519-35a2-4226-ad85-372ac4de582e@group-29E1D18647C8: receive installSnapshot: 6554ba57-669d-4c9f-91d9-11f4838b8a27->06fbe519-35a2-4226-ad85-372ac4de582e#0-t2,notify:(t:2, i:1)
2023-06-21 21:49:15,586 [grpc-default-executor-4] INFO  impl.SnapshotInstallationHandler (SnapshotInstallationHandler.java:installSnapshot(100)) - 06fbe519-35a2-4226-ad85-372ac4de582e@group-29E1D18647C8: reply installSnapshot: 6554ba57-669d-4c9f-91d9-11f4838b8a27<-06fbe519-35a2-4226-ad85-372ac4de582e#0:FAIL-t2,IN_PROGRESS
2023-06-21 21:49:15,586 [grpc-default-executor-4] INFO  server.GrpcServerProtocolService (GrpcServerProtocolService.java:onCompleted(155)) - 06fbe519-35a2-4226-ad85-372ac4de582e: Completed INSTALL_SNAPSHOT, lastRequest: 6554ba57-669d-4c9f-91d9-11f4838b8a27->06fbe519-35a2-4226-ad85-372ac4de582e#0-t2,notify:(t:2, i:1)
2023-06-21 21:49:15,586 [grpc-default-executor-4] INFO  server.GrpcServerProtocolService (GrpcServerProtocolService.java:lambda$onCompleted$5(157)) - 06fbe519-35a2-4226-ad85-372ac4de582e: Completed INSTALL_SNAPSHOT, lastReply: null
2023-06-21 21:49:15,587 [grpc-default-executor-0] INFO  server.GrpcLogAppender (GrpcLogAppender.java:onNext(507)) - 6554ba57-669d-4c9f-91d9-11f4838b8a27@group-29E1D18647C8->06fbe519-35a2-4226-ad85-372ac4de582e-InstallSnapshotResponseHandler: received a reply 6554ba57-669d-4c9f-91d9-11f4838b8a27<-06fbe519-35a2-4226-ad85-372ac4de582e#0:FAIL-t2,IN_PROGRESS
2023-06-21 21:49:15,587 [grpc-default-executor-0] INFO  server.GrpcLogAppender (GrpcLogAppender.java:onNext(525)) - 6554ba57-669d-4c9f-91d9-11f4838b8a27@group-29E1D18647C8->06fbe519-35a2-4226-ad85-372ac4de582e-InstallSnapshotResponseHandler: InstallSnapshot in progress.
2023-06-21 21:49:15,596 [06fbe519-35a2-4226-ad85-372ac4de582e-server-thread1] INFO  server.RaftServer$Division (RaftServerImpl.java:checkInconsistentAppendEntries(1591)) - 06fbe519-35a2-4226-ad85-372ac4de582e@group-29E1D18647C8: Failed appendEntries as snapshot (1) installation is in progress
2023-06-21 21:49:15,596 [06fbe519-35a2-4226-ad85-372ac4de582e-server-thread1] INFO  server.RaftServer$Division (RaftServerImpl.java:checkInconsistentAppendEntries(1583)) - 06fbe519-35a2-4226-ad85-372ac4de582e@group-29E1D18647C8: inconsistency entries. Reply:6554ba57-669d-4c9f-91d9-11f4838b8a27<-06fbe519-35a2-4226-ad85-372ac4de582e#11:FAIL-t2,INCONSISTENCY,nextIndex=0,followerCommit=-1,matchIndex=-1
2023-06-21 21:49:15,596 [grpc-default-executor-4] WARN  server.GrpcLogAppender (GrpcLogAppender.java:onNextImpl(401)) - 6554ba57-669d-4c9f-91d9-11f4838b8a27@group-29E1D18647C8->06fbe519-35a2-4226-ad85-372ac4de582e-AppendLogResponseHandler: received INCONSISTENCY reply with nextIndex 0
2023-06-21 21:49:15,597 [6554ba57-669d-4c9f-91d9-11f4838b8a27@group-29E1D18647C8->06fbe519-35a2-4226-ad85-372ac4de582e-GrpcLogAppender-LogAppenderDaemon] INFO  server.GrpcLogAppender (GrpcLogAppender.java:installSnapshot(649)) - 6554ba57-669d-4c9f-91d9-11f4838b8a27@group-29E1D18647C8->06fbe519-35a2-4226-ad85-372ac4de582e-GrpcLogAppender: followerNextIndex = 0 but logStartIndex = 1, notify follower to install snapshot-(t:2, i:1)
2023-06-21 21:49:15,597 [6554ba57-669d-4c9f-91d9-11f4838b8a27@group-29E1D18647C8->06fbe519-35a2-4226-ad85-372ac4de582e-GrpcLogAppender-LogAppenderDaemon] INFO  server.GrpcLogAppender (GrpcLogAppender.java:installSnapshot(657)) - 6554ba57-669d-4c9f-91d9-11f4838b8a27@group-29E1D18647C8->06fbe519-35a2-4226-ad85-372ac4de582e-GrpcLogAppender: send 6554ba57-669d-4c9f-91d9-11f4838b8a27->06fbe519-35a2-4226-ad85-372ac4de582e#0-t2,notify:(t:2, i:1)
2023-06-21 21:49:15,598 [grpc-default-executor-4] INFO  impl.SnapshotInstallationHandler (SnapshotInstallationHandler.java:installSnapshot(89)) - 06fbe519-35a2-4226-ad85-372ac4de582e@group-29E1D18647C8: receive installSnapshot: 6554ba57-669d-4c9f-91d9-11f4838b8a27->06fbe519-35a2-4226-ad85-372ac4de582e#0-t2,notify:(t:2, i:1)
2023-06-21 21:49:15,598 [grpc-default-executor-4] INFO  impl.SnapshotInstallationHandler (SnapshotInstallationHandler.java:installSnapshot(100)) - 06fbe519-35a2-4226-ad85-372ac4de582e@group-29E1D18647C8: reply installSnapshot: 6554ba57-669d-4c9f-91d9-11f4838b8a27<-06fbe519-35a2-4226-ad85-372ac4de582e#0:FAIL-t2,IN_PROGRESS
2023-06-21 21:49:15,599 [grpc-default-executor-4] INFO  server.GrpcServerProtocolService (GrpcServerProtocolService.java:onCompleted(155)) - 06fbe519-35a2-4226-ad85-372ac4de582e: Completed INSTALL_SNAPSHOT, lastRequest: 6554ba57-669d-4c9f-91d9-11f4838b8a27->06fbe519-35a2-4226-ad85-372ac4de582e#0-t2,notify:(t:2, i:1)
2023-06-21 21:49:15,599 [grpc-default-executor-4] INFO  server.GrpcServerProtocolService (GrpcServerProtocolService.java:lambda$onCompleted$5(157)) - 06fbe519-35a2-4226-ad85-372ac4de582e: Completed INSTALL_SNAPSHOT, lastReply: null
2023-06-21 21:49:15,599 [grpc-default-executor-1] INFO  server.GrpcLogAppender (GrpcLogAppender.java:onNext(507)) - 6554ba57-669d-4c9f-91d9-11f4838b8a27@group-29E1D18647C8->06fbe519-35a2-4226-ad85-372ac4de582e-InstallSnapshotResponseHandler: received a reply 6554ba57-669d-4c9f-91d9-11f4838b8a27<-06fbe519-35a2-4226-ad85-372ac4de582e#0:FAIL-t2,IN_PROGRESS
2023-06-21 21:49:15,600 [grpc-default-executor-1] INFO  server.GrpcLogAppender (GrpcLogAppender.java:onNext(525)) - 6554ba57-669d-4c9f-91d9-11f4838b8a27@group-29E1D18647C8->06fbe519-35a2-4226-ad85-372ac4de582e-InstallSnapshotResponseHandler: InstallSnapshot in progress.
2023-06-21 21:49:15,608 [06fbe519-35a2-4226-ad85-372ac4de582e-server-thread1] INFO  server.RaftServer$Division (RaftServerImpl.java:checkInconsistentAppendEntries(1591)) - 06fbe519-35a2-4226-ad85-372ac4de582e@group-29E1D18647C8: Failed appendEntries as snapshot (1) installation is in progress
2023-06-21 21:49:15,609 [06fbe519-35a2-4226-ad85-372ac4de582e-server-thread1] INFO  server.RaftServer$Division (RaftServerImpl.java:checkInconsistentAppendEntries(1583)) - 06fbe519-35a2-4226-ad85-372ac4de582e@group-29E1D18647C8: inconsistency entries. Reply:6554ba57-669d-4c9f-91d9-11f4838b8a27<-06fbe519-35a2-4226-ad85-372ac4de582e#12:FAIL-t2,INCONSISTENCY,nextIndex=0,followerCommit=-1,matchIndex=-1
2023-06-21 21:49:15,609 [grpc-default-executor-4] WARN  server.GrpcLogAppender (GrpcLogAppender.java:onNextImpl(401)) - 6554ba57-669d-4c9f-91d9-11f4838b8a27@group-29E1D18647C8->06fbe519-35a2-4226-ad85-372ac4de582e-AppendLogResponseHandler: received INCONSISTENCY reply with nextIndex 0
2023-06-21 21:49:15,609 [6554ba57-669d-4c9f-91d9-11f4838b8a27@group-29E1D18647C8->06fbe519-35a2-4226-ad85-372ac4de582e-GrpcLogAppender-LogAppenderDaemon] INFO  server.GrpcLogAppender (GrpcLogAppender.java:installSnapshot(649)) - 6554ba57-669d-4c9f-91d9-11f4838b8a27@group-29E1D18647C8->06fbe519-35a2-4226-ad85-372ac4de582e-GrpcLogAppender: followerNextIndex = 0 but logStartIndex = 1, notify follower to install snapshot-(t:2, i:1)
2023-06-21 21:49:15,609 [6554ba57-669d-4c9f-91d9-11f4838b8a27@group-29E1D18647C8->06fbe519-35a2-4226-ad85-372ac4de582e-GrpcLogAppender-LogAppenderDaemon] INFO  server.GrpcLogAppender (GrpcLogAppender.java:installSnapshot(657)) - 6554ba57-669d-4c9f-91d9-11f4838b8a27@group-29E1D18647C8->06fbe519-35a2-4226-ad85-372ac4de582e-GrpcLogAppender: send 6554ba57-669d-4c9f-91d9-11f4838b8a27->06fbe519-35a2-4226-ad85-372ac4de582e#0-t2,notify:(t:2, i:1)
2023-06-21 21:49:15,611 [grpc-default-executor-4] INFO  impl.SnapshotInstallationHandler (SnapshotInstallationHandler.java:installSnapshot(89)) - 06fbe519-35a2-4226-ad85-372ac4de582e@group-29E1D18647C8: receive installSnapshot: 6554ba57-669d-4c9f-91d9-11f4838b8a27->06fbe519-35a2-4226-ad85-372ac4de582e#0-t2,notify:(t:2, i:1)
2023-06-21 21:49:15,611 [grpc-default-executor-4] INFO  impl.SnapshotInstallationHandler (SnapshotInstallationHandler.java:installSnapshot(100)) - 06fbe519-35a2-4226-ad85-372ac4de582e@group-29E1D18647C8: reply installSnapshot: 6554ba57-669d-4c9f-91d9-11f4838b8a27<-06fbe519-35a2-4226-ad85-372ac4de582e#0:FAIL-t2,IN_PROGRESS
2023-06-21 21:49:15,611 [grpc-default-executor-4] INFO  server.GrpcServerProtocolService (GrpcServerProtocolService.java:onCompleted(155)) - 06fbe519-35a2-4226-ad85-372ac4de582e: Completed INSTALL_SNAPSHOT, lastRequest: 6554ba57-669d-4c9f-91d9-11f4838b8a27->06fbe519-35a2-4226-ad85-372ac4de582e#0-t2,notify:(t:2, i:1)
2023-06-21 21:49:15,611 [grpc-default-executor-4] INFO  server.GrpcServerProtocolService (GrpcServerProtocolService.java:lambda$onCompleted$5(157)) - 06fbe519-35a2-4226-ad85-372ac4de582e: Completed INSTALL_SNAPSHOT, lastReply: null
2023-06-21 21:49:15,612 [grpc-default-executor-1] INFO  server.GrpcLogAppender (GrpcLogAppender.java:onNext(507)) - 6554ba57-669d-4c9f-91d9-11f4838b8a27@group-29E1D18647C8->06fbe519-35a2-4226-ad85-372ac4de582e-InstallSnapshotResponseHandler: received a reply 6554ba57-669d-4c9f-91d9-11f4838b8a27<-06fbe519-35a2-4226-ad85-372ac4de582e#0:FAIL-t2,IN_PROGRESS
2023-06-21 21:49:15,612 [grpc-default-executor-1] INFO  server.GrpcLogAppender (GrpcLogAppender.java:onNext(525)) - 6554ba57-669d-4c9f-91d9-11f4838b8a27@group-29E1D18647C8->06fbe519-35a2-4226-ad85-372ac4de582e-InstallSnapshotResponseHandler: InstallSnapshot in progress.
2023-06-21 21:49:15,621 [06fbe519-35a2-4226-ad85-372ac4de582e-server-thread1] INFO  server.RaftServer$Division (RaftServerImpl.java:checkInconsistentAppendEntries(1591)) - 06fbe519-35a2-4226-ad85-372ac4de582e@group-29E1D18647C8: Failed appendEntries as snapshot (1) installation is in progress
2023-06-21 21:49:15,621 [06fbe519-35a2-4226-ad85-372ac4de582e-server-thread1] INFO  server.RaftServer$Division (RaftServerImpl.java:checkInconsistentAppendEntries(1583)) - 06fbe519-35a2-4226-ad85-372ac4de582e@group-29E1D18647C8: inconsistency entries. Reply:6554ba57-669d-4c9f-91d9-11f4838b8a27<-06fbe519-35a2-4226-ad85-372ac4de582e#13:FAIL-t2,INCONSISTENCY,nextIndex=0,followerCommit=-1,matchIndex=-1
2023-06-21 21:49:15,622 [grpc-default-executor-4] WARN  server.GrpcLogAppender (GrpcLogAppender.java:onNextImpl(401)) - 6554ba57-669d-4c9f-91d9-11f4838b8a27@group-29E1D18647C8->06fbe519-35a2-4226-ad85-372ac4de582e-AppendLogResponseHandler: received INCONSISTENCY reply with nextIndex 0
2023-06-21 21:49:15,622 [6554ba57-669d-4c9f-91d9-11f4838b8a27@group-29E1D18647C8->06fbe519-35a2-4226-ad85-372ac4de582e-GrpcLogAppender-LogAppenderDaemon] INFO  server.GrpcLogAppender (GrpcLogAppender.java:installSnapshot(649)) - 6554ba57-669d-4c9f-91d9-11f4838b8a27@group-29E1D18647C8->06fbe519-35a2-4226-ad85-372ac4de582e-GrpcLogAppender: followerNextIndex = 0 but logStartIndex = 1, notify follower to install snapshot-(t:2, i:1)
2023-06-21 21:49:15,622 [6554ba57-669d-4c9f-91d9-11f4838b8a27@group-29E1D18647C8->06fbe519-35a2-4226-ad85-372ac4de582e-GrpcLogAppender-LogAppenderDaemon] INFO  server.GrpcLogAppender (GrpcLogAppender.java:installSnapshot(657)) - 6554ba57-669d-4c9f-91d9-11f4838b8a27@group-29E1D18647C8->06fbe519-35a2-4226-ad85-372ac4de582e-GrpcLogAppender: send 6554ba57-669d-4c9f-91d9-11f4838b8a27->06fbe519-35a2-4226-ad85-372ac4de582e#0-t2,notify:(t:2, i:1)
2023-06-21 21:49:15,623 [grpc-default-executor-4] INFO  impl.SnapshotInstallationHandler (SnapshotInstallationHandler.java:installSnapshot(89)) - 06fbe519-35a2-4226-ad85-372ac4de582e@group-29E1D18647C8: receive installSnapshot: 6554ba57-669d-4c9f-91d9-11f4838b8a27->06fbe519-35a2-4226-ad85-372ac4de582e#0-t2,notify:(t:2, i:1)
2023-06-21 21:49:15,624 [grpc-default-executor-4] INFO  impl.SnapshotInstallationHandler (SnapshotInstallationHandler.java:installSnapshot(100)) - 06fbe519-35a2-4226-ad85-372ac4de582e@group-29E1D18647C8: reply installSnapshot: 6554ba57-669d-4c9f-91d9-11f4838b8a27<-06fbe519-35a2-4226-ad85-372ac4de582e#0:FAIL-t2,IN_PROGRESS
2023-06-21 21:49:15,624 [grpc-default-executor-4] INFO  server.GrpcServerProtocolService (GrpcServerProtocolService.java:onCompleted(155)) - 06fbe519-35a2-4226-ad85-372ac4de582e: Completed INSTALL_SNAPSHOT, lastRequest: 6554ba57-669d-4c9f-91d9-11f4838b8a27->06fbe519-35a2-4226-ad85-372ac4de582e#0-t2,notify:(t:2, i:1)
2023-06-21 21:49:15,624 [grpc-default-executor-4] INFO  server.GrpcServerProtocolService (GrpcServerProtocolService.java:lambda$onCompleted$5(157)) - 06fbe519-35a2-4226-ad85-372ac4de582e: Completed INSTALL_SNAPSHOT, lastReply: null
2023-06-21 21:49:15,625 [grpc-default-executor-1] INFO  server.GrpcLogAppender (GrpcLogAppender.java:onNext(507)) - 6554ba57-669d-4c9f-91d9-11f4838b8a27@group-29E1D18647C8->06fbe519-35a2-4226-ad85-372ac4de582e-InstallSnapshotResponseHandler: received a reply 6554ba57-669d-4c9f-91d9-11f4838b8a27<-06fbe519-35a2-4226-ad85-372ac4de582e#0:FAIL-t2,IN_PROGRESS
2023-06-21 21:49:15,625 [grpc-default-executor-1] INFO  server.GrpcLogAppender (GrpcLogAppender.java:onNext(525)) - 6554ba57-669d-4c9f-91d9-11f4838b8a27@group-29E1D18647C8->06fbe519-35a2-4226-ad85-372ac4de582e-InstallSnapshotResponseHandler: InstallSnapshot in progress.
2023-06-21 21:49:15,634 [06fbe519-35a2-4226-ad85-372ac4de582e-server-thread1] INFO  server.RaftServer$Division (RaftServerImpl.java:checkInconsistentAppendEntries(1591)) - 06fbe519-35a2-4226-ad85-372ac4de582e@group-29E1D18647C8: Failed appendEntries as snapshot (1) installation is in progress
2023-06-21 21:49:15,634 [06fbe519-35a2-4226-ad85-372ac4de582e-server-thread1] INFO  server.RaftServer$Division (RaftServerImpl.java:checkInconsistentAppendEntries(1583)) - 06fbe519-35a2-4226-ad85-372ac4de582e@group-29E1D18647C8: inconsistency entries. Reply:6554ba57-669d-4c9f-91d9-11f4838b8a27<-06fbe519-35a2-4226-ad85-372ac4de582e#14:FAIL-t2,INCONSISTENCY,nextIndex=0,followerCommit=-1,matchIndex=-1
2023-06-21 21:49:15,634 [grpc-default-executor-4] WARN  server.GrpcLogAppender (GrpcLogAppender.java:onNextImpl(401)) - 6554ba57-669d-4c9f-91d9-11f4838b8a27@group-29E1D18647C8->06fbe519-35a2-4226-ad85-372ac4de582e-AppendLogResponseHandler: received INCONSISTENCY reply with nextIndex 0
2023-06-21 21:49:15,635 [6554ba57-669d-4c9f-91d9-11f4838b8a27@group-29E1D18647C8->06fbe519-35a2-4226-ad85-372ac4de582e-GrpcLogAppender-LogAppenderDaemon] INFO  server.GrpcLogAppender (GrpcLogAppender.java:installSnapshot(649)) - 6554ba57-669d-4c9f-91d9-11f4838b8a27@group-29E1D18647C8->06fbe519-35a2-4226-ad85-372ac4de582e-GrpcLogAppender: followerNextIndex = 0 but logStartIndex = 1, notify follower to install snapshot-(t:2, i:1)
2023-06-21 21:49:15,635 [6554ba57-669d-4c9f-91d9-11f4838b8a27@group-29E1D18647C8->06fbe519-35a2-4226-ad85-372ac4de582e-GrpcLogAppender-LogAppenderDaemon] INFO  server.GrpcLogAppender (GrpcLogAppender.java:installSnapshot(657)) - 6554ba57-669d-4c9f-91d9-11f4838b8a27@group-29E1D18647C8->06fbe519-35a2-4226-ad85-372ac4de582e-GrpcLogAppender: send 6554ba57-669d-4c9f-91d9-11f4838b8a27->06fbe519-35a2-4226-ad85-372ac4de582e#0-t2,notify:(t:2, i:1)
2023-06-21 21:49:15,638 [grpc-default-executor-4] INFO  impl.SnapshotInstallationHandler (SnapshotInstallationHandler.java:installSnapshot(89)) - 06fbe519-35a2-4226-ad85-372ac4de582e@group-29E1D18647C8: receive installSnapshot: 6554ba57-669d-4c9f-91d9-11f4838b8a27->06fbe519-35a2-4226-ad85-372ac4de582e#0-t2,notify:(t:2, i:1)
2023-06-21 21:49:15,639 [grpc-default-executor-4] INFO  impl.SnapshotInstallationHandler (SnapshotInstallationHandler.java:installSnapshot(100)) - 06fbe519-35a2-4226-ad85-372ac4de582e@group-29E1D18647C8: reply installSnapshot: 6554ba57-669d-4c9f-91d9-11f4838b8a27<-06fbe519-35a2-4226-ad85-372ac4de582e#0:FAIL-t2,IN_PROGRESS
2023-06-21 21:49:15,639 [grpc-default-executor-4] INFO  server.GrpcServerProtocolService (GrpcServerProtocolService.java:onCompleted(155)) - 06fbe519-35a2-4226-ad85-372ac4de582e: Completed INSTALL_SNAPSHOT, lastRequest: 6554ba57-669d-4c9f-91d9-11f4838b8a27->06fbe519-35a2-4226-ad85-372ac4de582e#0-t2,notify:(t:2, i:1)
2023-06-21 21:49:15,639 [grpc-default-executor-4] INFO  server.GrpcServerProtocolService (GrpcServerProtocolService.java:lambda$onCompleted$5(157)) - 06fbe519-35a2-4226-ad85-372ac4de582e: Completed INSTALL_SNAPSHOT, lastReply: null
2023-06-21 21:49:15,640 [grpc-default-executor-1] INFO  server.GrpcLogAppender (GrpcLogAppender.java:onNext(507)) - 6554ba57-669d-4c9f-91d9-11f4838b8a27@group-29E1D18647C8->06fbe519-35a2-4226-ad85-372ac4de582e-InstallSnapshotResponseHandler: received a reply 6554ba57-669d-4c9f-91d9-11f4838b8a27<-06fbe519-35a2-4226-ad85-372ac4de582e#0:FAIL-t2,IN_PROGRESS
2023-06-21 21:49:15,642 [grpc-default-executor-1] INFO  server.GrpcLogAppender (GrpcLogAppender.java:onNext(525)) - 6554ba57-669d-4c9f-91d9-11f4838b8a27@group-29E1D18647C8->06fbe519-35a2-4226-ad85-372ac4de582e-InstallSnapshotResponseHandler: InstallSnapshot in progress.
2023-06-21 21:49:15,647 [06fbe519-35a2-4226-ad85-372ac4de582e-server-thread1] INFO  server.RaftServer$Division (RaftServerImpl.java:checkInconsistentAppendEntries(1591)) - 06fbe519-35a2-4226-ad85-372ac4de582e@group-29E1D18647C8: Failed appendEntries as snapshot (1) installation is in progress
2023-06-21 21:49:15,647 [06fbe519-35a2-4226-ad85-372ac4de582e-server-thread1] INFO  server.RaftServer$Division (RaftServerImpl.java:checkInconsistentAppendEntries(1583)) - 06fbe519-35a2-4226-ad85-372ac4de582e@group-29E1D18647C8: inconsistency entries. Reply:6554ba57-669d-4c9f-91d9-11f4838b8a27<-06fbe519-35a2-4226-ad85-372ac4de582e#15:FAIL-t2,INCONSISTENCY,nextIndex=0,followerCommit=-1,matchIndex=-1
2023-06-21 21:49:15,648 [grpc-default-executor-1] WARN  server.GrpcLogAppender (GrpcLogAppender.java:onNextImpl(401)) - 6554ba57-669d-4c9f-91d9-11f4838b8a27@group-29E1D18647C8->06fbe519-35a2-4226-ad85-372ac4de582e-AppendLogResponseHandler: received INCONSISTENCY reply with nextIndex 0
2023-06-21 21:49:15,648 [6554ba57-669d-4c9f-91d9-11f4838b8a27@group-29E1D18647C8->06fbe519-35a2-4226-ad85-372ac4de582e-GrpcLogAppender-LogAppenderDaemon] INFO  server.GrpcLogAppender (GrpcLogAppender.java:installSnapshot(649)) - 6554ba57-669d-4c9f-91d9-11f4838b8a27@group-29E1D18647C8->06fbe519-35a2-4226-ad85-372ac4de582e-GrpcLogAppender: followerNextIndex = 0 but logStartIndex = 1, notify follower to install snapshot-(t:2, i:1)
2023-06-21 21:49:15,648 [6554ba57-669d-4c9f-91d9-11f4838b8a27@group-29E1D18647C8->06fbe519-35a2-4226-ad85-372ac4de582e-GrpcLogAppender-LogAppenderDaemon] INFO  server.GrpcLogAppender (GrpcLogAppender.java:installSnapshot(657)) - 6554ba57-669d-4c9f-91d9-11f4838b8a27@group-29E1D18647C8->06fbe519-35a2-4226-ad85-372ac4de582e-GrpcLogAppender: send 6554ba57-669d-4c9f-91d9-11f4838b8a27->06fbe519-35a2-4226-ad85-372ac4de582e#0-t2,notify:(t:2, i:1)
2023-06-21 21:49:15,649 [grpc-default-executor-1] INFO  impl.SnapshotInstallationHandler (SnapshotInstallationHandler.java:installSnapshot(89)) - 06fbe519-35a2-4226-ad85-372ac4de582e@group-29E1D18647C8: receive installSnapshot: 6554ba57-669d-4c9f-91d9-11f4838b8a27->06fbe519-35a2-4226-ad85-372ac4de582e#0-t2,notify:(t:2, i:1)
2023-06-21 21:49:15,649 [grpc-default-executor-1] INFO  impl.SnapshotInstallationHandler (SnapshotInstallationHandler.java:installSnapshot(100)) - 06fbe519-35a2-4226-ad85-372ac4de582e@group-29E1D18647C8: reply installSnapshot: 6554ba57-669d-4c9f-91d9-11f4838b8a27<-06fbe519-35a2-4226-ad85-372ac4de582e#0:FAIL-t2,IN_PROGRESS
2023-06-21 21:49:15,650 [grpc-default-executor-1] INFO  server.GrpcServerProtocolService (GrpcServerProtocolService.java:onCompleted(155)) - 06fbe519-35a2-4226-ad85-372ac4de582e: Completed INSTALL_SNAPSHOT, lastRequest: 6554ba57-669d-4c9f-91d9-11f4838b8a27->06fbe519-35a2-4226-ad85-372ac4de582e#0-t2,notify:(t:2, i:1)
2023-06-21 21:49:15,650 [grpc-default-executor-1] INFO  server.GrpcServerProtocolService (GrpcServerProtocolService.java:lambda$onCompleted$5(157)) - 06fbe519-35a2-4226-ad85-372ac4de582e: Completed INSTALL_SNAPSHOT, lastReply: null
2023-06-21 21:49:15,651 [grpc-default-executor-4] INFO  server.GrpcLogAppender (GrpcLogAppender.java:onNext(507)) - 6554ba57-669d-4c9f-91d9-11f4838b8a27@group-29E1D18647C8->06fbe519-35a2-4226-ad85-372ac4de582e-InstallSnapshotResponseHandler: received a reply 6554ba57-669d-4c9f-91d9-11f4838b8a27<-06fbe519-35a2-4226-ad85-372ac4de582e#0:FAIL-t2,IN_PROGRESS
2023-06-21 21:49:15,651 [grpc-default-executor-4] INFO  server.GrpcLogAppender (GrpcLogAppender.java:onNext(525)) - 6554ba57-669d-4c9f-91d9-11f4838b8a27@group-29E1D18647C8->06fbe519-35a2-4226-ad85-372ac4de582e-InstallSnapshotResponseHandler: InstallSnapshot in progress.
2023-06-21 21:49:15,661 [06fbe519-35a2-4226-ad85-372ac4de582e-server-thread1] INFO  server.RaftServer$Division (RaftServerImpl.java:checkInconsistentAppendEntries(1591)) - 06fbe519-35a2-4226-ad85-372ac4de582e@group-29E1D18647C8: Failed appendEntries as snapshot (1) installation is in progress
2023-06-21 21:49:15,662 [06fbe519-35a2-4226-ad85-372ac4de582e-server-thread1] INFO  server.RaftServer$Division (RaftServerImpl.java:checkInconsistentAppendEntries(1583)) - 06fbe519-35a2-4226-ad85-372ac4de582e@group-29E1D18647C8: inconsistency entries. Reply:6554ba57-669d-4c9f-91d9-11f4838b8a27<-06fbe519-35a2-4226-ad85-372ac4de582e#16:FAIL-t2,INCONSISTENCY,nextIndex=0,followerCommit=-1,matchIndex=-1
2023-06-21 21:49:15,663 [grpc-default-executor-1] WARN  server.GrpcLogAppender (GrpcLogAppender.java:onNextImpl(401)) - 6554ba57-669d-4c9f-91d9-11f4838b8a27@group-29E1D18647C8->06fbe519-35a2-4226-ad85-372ac4de582e-AppendLogResponseHandler: received INCONSISTENCY reply with nextIndex 0
2023-06-21 21:49:15,663 [6554ba57-669d-4c9f-91d9-11f4838b8a27@group-29E1D18647C8->06fbe519-35a2-4226-ad85-372ac4de582e-GrpcLogAppender-LogAppenderDaemon] INFO  server.GrpcLogAppender (GrpcLogAppender.java:installSnapshot(649)) - 6554ba57-669d-4c9f-91d9-11f4838b8a27@group-29E1D18647C8->06fbe519-35a2-4226-ad85-372ac4de582e-GrpcLogAppender: followerNextIndex = 0 but logStartIndex = 1, notify follower to install snapshot-(t:2, i:1)
2023-06-21 21:49:15,663 [6554ba57-669d-4c9f-91d9-11f4838b8a27@group-29E1D18647C8->06fbe519-35a2-4226-ad85-372ac4de582e-GrpcLogAppender-LogAppenderDaemon] INFO  server.GrpcLogAppender (GrpcLogAppender.java:installSnapshot(657)) - 6554ba57-669d-4c9f-91d9-11f4838b8a27@group-29E1D18647C8->06fbe519-35a2-4226-ad85-372ac4de582e-GrpcLogAppender: send 6554ba57-669d-4c9f-91d9-11f4838b8a27->06fbe519-35a2-4226-ad85-372ac4de582e#0-t2,notify:(t:2, i:1)
2023-06-21 21:49:15,664 [grpc-default-executor-1] INFO  impl.SnapshotInstallationHandler (SnapshotInstallationHandler.java:installSnapshot(89)) - 06fbe519-35a2-4226-ad85-372ac4de582e@group-29E1D18647C8: receive installSnapshot: 6554ba57-669d-4c9f-91d9-11f4838b8a27->06fbe519-35a2-4226-ad85-372ac4de582e#0-t2,notify:(t:2, i:1)
2023-06-21 21:49:15,665 [grpc-default-executor-1] INFO  impl.SnapshotInstallationHandler (SnapshotInstallationHandler.java:installSnapshot(100)) - 06fbe519-35a2-4226-ad85-372ac4de582e@group-29E1D18647C8: reply installSnapshot: 6554ba57-669d-4c9f-91d9-11f4838b8a27<-06fbe519-35a2-4226-ad85-372ac4de582e#0:FAIL-t2,IN_PROGRESS
2023-06-21 21:49:15,665 [grpc-default-executor-1] INFO  server.GrpcServerProtocolService (GrpcServerProtocolService.java:onCompleted(155)) - 06fbe519-35a2-4226-ad85-372ac4de582e: Completed INSTALL_SNAPSHOT, lastRequest: 6554ba57-669d-4c9f-91d9-11f4838b8a27->06fbe519-35a2-4226-ad85-372ac4de582e#0-t2,notify:(t:2, i:1)
2023-06-21 21:49:15,665 [grpc-default-executor-1] INFO  server.GrpcServerProtocolService (GrpcServerProtocolService.java:lambda$onCompleted$5(157)) - 06fbe519-35a2-4226-ad85-372ac4de582e: Completed INSTALL_SNAPSHOT, lastReply: null
2023-06-21 21:49:15,666 [grpc-default-executor-4] INFO  server.GrpcLogAppender (GrpcLogAppender.java:onNext(507)) - 6554ba57-669d-4c9f-91d9-11f4838b8a27@group-29E1D18647C8->06fbe519-35a2-4226-ad85-372ac4de582e-InstallSnapshotResponseHandler: received a reply 6554ba57-669d-4c9f-91d9-11f4838b8a27<-06fbe519-35a2-4226-ad85-372ac4de582e#0:FAIL-t2,IN_PROGRESS
2023-06-21 21:49:15,666 [grpc-default-executor-4] INFO  server.GrpcLogAppender (GrpcLogAppender.java:onNext(525)) - 6554ba57-669d-4c9f-91d9-11f4838b8a27@group-29E1D18647C8->06fbe519-35a2-4226-ad85-372ac4de582e-InstallSnapshotResponseHandler: InstallSnapshot in progress.
2023-06-21 21:49:15,671 [pool-99-thread-1] INFO  ha.SCMHAManagerImpl (SCMHAManagerImpl.java:verifyCheckpointFromLeader(226)) - Installing checkpoint with SCMTransactionInfo 2#202
2023-06-21 21:49:15,671 [pool-99-thread-1] INFO  impl.SnapshotInstallationHandler (SnapshotInstallationHandler.java:lambda$notifyStateMachineToInstallSnapshot$2(277)) - 06fbe519-35a2-4226-ad85-372ac4de582e@group-29E1D18647C8: StateMachine successfully installed snapshot index 202. Reloading the StateMachine.
2023-06-21 21:49:15,675 [06fbe519-35a2-4226-ad85-372ac4de582e-server-thread1] INFO  server.RaftServer$Division (RaftServerImpl.java:checkInconsistentAppendEntries(1591)) - 06fbe519-35a2-4226-ad85-372ac4de582e@group-29E1D18647C8: Failed appendEntries as snapshot (1) installation is in progress
2023-06-21 21:49:15,675 [06fbe519-35a2-4226-ad85-372ac4de582e-server-thread1] INFO  server.RaftServer$Division (RaftServerImpl.java:checkInconsistentAppendEntries(1583)) - 06fbe519-35a2-4226-ad85-372ac4de582e@group-29E1D18647C8: inconsistency entries. Reply:6554ba57-669d-4c9f-91d9-11f4838b8a27<-06fbe519-35a2-4226-ad85-372ac4de582e#17:FAIL-t2,INCONSISTENCY,nextIndex=0,followerCommit=-1,matchIndex=-1
2023-06-21 21:49:15,675 [grpc-default-executor-1] WARN  server.GrpcLogAppender (GrpcLogAppender.java:onNextImpl(401)) - 6554ba57-669d-4c9f-91d9-11f4838b8a27@group-29E1D18647C8->06fbe519-35a2-4226-ad85-372ac4de582e-AppendLogResponseHandler: received INCONSISTENCY reply with nextIndex 0
2023-06-21 21:49:15,676 [6554ba57-669d-4c9f-91d9-11f4838b8a27@group-29E1D18647C8->06fbe519-35a2-4226-ad85-372ac4de582e-GrpcLogAppender-LogAppenderDaemon] INFO  server.GrpcLogAppender (GrpcLogAppender.java:installSnapshot(649)) - 6554ba57-669d-4c9f-91d9-11f4838b8a27@group-29E1D18647C8->06fbe519-35a2-4226-ad85-372ac4de582e-GrpcLogAppender: followerNextIndex = 0 but logStartIndex = 1, notify follower to install snapshot-(t:2, i:1)
2023-06-21 21:49:15,676 [6554ba57-669d-4c9f-91d9-11f4838b8a27@group-29E1D18647C8->06fbe519-35a2-4226-ad85-372ac4de582e-GrpcLogAppender-LogAppenderDaemon] INFO  server.GrpcLogAppender (GrpcLogAppender.java:installSnapshot(657)) - 6554ba57-669d-4c9f-91d9-11f4838b8a27@group-29E1D18647C8->06fbe519-35a2-4226-ad85-372ac4de582e-GrpcLogAppender: send 6554ba57-669d-4c9f-91d9-11f4838b8a27->06fbe519-35a2-4226-ad85-372ac4de582e#0-t2,notify:(t:2, i:1)
2023-06-21 21:49:15,677 [grpc-default-executor-1] INFO  impl.SnapshotInstallationHandler (SnapshotInstallationHandler.java:installSnapshot(89)) - 06fbe519-35a2-4226-ad85-372ac4de582e@group-29E1D18647C8: receive installSnapshot: 6554ba57-669d-4c9f-91d9-11f4838b8a27->06fbe519-35a2-4226-ad85-372ac4de582e#0-t2,notify:(t:2, i:1)
2023-06-21 21:49:15,678 [grpc-default-executor-1] INFO  raftlog.RaftLog (RaftLogBase.java:lambda$new$0(53)) - 06fbe519-35a2-4226-ad85-372ac4de582e@group-29E1D18647C8-SegmentedRaftLog: snapshotIndex: updateIncreasingly -1 -> 202
2023-06-21 21:49:15,678 [grpc-default-executor-1] INFO  segmented.SegmentedRaftLogWorker (SegmentedRaftLogWorker.java:lambda$new$0(135)) - 06fbe519-35a2-4226-ad85-372ac4de582e@group-29E1D18647C8-SegmentedRaftLogWorker: flushIndex: setUnconditionally -1 -> 202
2023-06-21 21:49:15,678 [grpc-default-executor-1] INFO  segmented.SegmentedRaftLogWorker (SegmentedRaftLogWorker.java:lambda$new$0(135)) - 06fbe519-35a2-4226-ad85-372ac4de582e@group-29E1D18647C8-SegmentedRaftLogWorker: safeCacheEvictIndex: setUnconditionally -1 -> 202
2023-06-21 21:49:15,678 [grpc-default-executor-1] INFO  impl.SnapshotInstallationHandler (SnapshotInstallationHandler.java:notifyStateMachineToInstallSnapshot(321)) - 06fbe519-35a2-4226-ad85-372ac4de582e@group-29E1D18647C8: InstallSnapshot notification result: SNAPSHOT_INSTALLED, at index: (t:2, i:202)
2023-06-21 21:49:15,678 [grpc-default-executor-1] INFO  impl.SnapshotInstallationHandler (SnapshotInstallationHandler.java:installSnapshot(100)) - 06fbe519-35a2-4226-ad85-372ac4de582e@group-29E1D18647C8: reply installSnapshot: 6554ba57-669d-4c9f-91d9-11f4838b8a27<-06fbe519-35a2-4226-ad85-372ac4de582e#0:OK-t2,SNAPSHOT_INSTALLED,snapshotIndex=202
2023-06-21 21:49:15,678 [grpc-default-executor-1] INFO  server.GrpcServerProtocolService (GrpcServerProtocolService.java:onCompleted(155)) - 06fbe519-35a2-4226-ad85-372ac4de582e: Completed INSTALL_SNAPSHOT, lastRequest: 6554ba57-669d-4c9f-91d9-11f4838b8a27->06fbe519-35a2-4226-ad85-372ac4de582e#0-t2,notify:(t:2, i:1)
2023-06-21 21:49:15,678 [grpc-default-executor-1] INFO  server.GrpcServerProtocolService (GrpcServerProtocolService.java:lambda$onCompleted$5(157)) - 06fbe519-35a2-4226-ad85-372ac4de582e: Completed INSTALL_SNAPSHOT, lastReply: null
2023-06-21 21:49:15,681 [grpc-default-executor-4] INFO  server.GrpcLogAppender (GrpcLogAppender.java:onNext(507)) - 6554ba57-669d-4c9f-91d9-11f4838b8a27@group-29E1D18647C8->06fbe519-35a2-4226-ad85-372ac4de582e-InstallSnapshotResponseHandler: received a reply 6554ba57-669d-4c9f-91d9-11f4838b8a27<-06fbe519-35a2-4226-ad85-372ac4de582e#0:OK-t2,SNAPSHOT_INSTALLED,snapshotIndex=202
2023-06-21 21:49:15,681 [grpc-default-executor-4] INFO  server.GrpcLogAppender (GrpcLogAppender.java:onNext(547)) - 6554ba57-669d-4c9f-91d9-11f4838b8a27@group-29E1D18647C8->06fbe519-35a2-4226-ad85-372ac4de582e-InstallSnapshotResponseHandler: Follower installed snapshot at index 202
2023-06-21 21:49:15,681 [grpc-default-executor-4] INFO  leader.FollowerInfo (FollowerInfoImpl.java:lambda$new$0(52)) - 6554ba57-669d-4c9f-91d9-11f4838b8a27@group-29E1D18647C8->06fbe519-35a2-4226-ad85-372ac4de582e: snapshotIndex: setUnconditionally 0 -> 202
2023-06-21 21:49:15,681 [grpc-default-executor-4] INFO  leader.FollowerInfo (FollowerInfoImpl.java:lambda$new$0(52)) - 6554ba57-669d-4c9f-91d9-11f4838b8a27@group-29E1D18647C8->06fbe519-35a2-4226-ad85-372ac4de582e: matchIndex: setUnconditionally -1 -> 202
2023-06-21 21:49:15,681 [grpc-default-executor-4] INFO  leader.FollowerInfo (FollowerInfoImpl.java:lambda$new$0(52)) - 6554ba57-669d-4c9f-91d9-11f4838b8a27@group-29E1D18647C8->06fbe519-35a2-4226-ad85-372ac4de582e: nextIndex: setUnconditionally 0 -> 203
2023-06-21 21:49:15,681 [grpc-default-executor-4] INFO  leader.FollowerInfo (FollowerInfoImpl.java:setAttemptedToInstallSnapshot(126)) - Follower 6554ba57-669d-4c9f-91d9-11f4838b8a27@group-29E1D18647C8->06fbe519-35a2-4226-ad85-372ac4de582e acknowledged installing snapshot
2023-06-21 21:49:15,681 [grpc-default-executor-4] INFO  server.GrpcLogAppender (GrpcLogAppender.java:increaseNextIndex(337)) - 6554ba57-669d-4c9f-91d9-11f4838b8a27@group-29E1D18647C8->06fbe519-35a2-4226-ad85-372ac4de582e-GrpcLogAppender: updateNextIndex 203 for SNAPSHOT_INSTALLED
2023-06-21 21:49:15,681 [grpc-default-executor-4] INFO  server.GrpcLogAppender (GrpcLogAppender.java:onFollowerCatchup(479)) - 6554ba57-669d-4c9f-91d9-11f4838b8a27@group-29E1D18647C8->06fbe519-35a2-4226-ad85-372ac4de582e-InstallSnapshotResponseHandler: Follower can catch up leader after install the snapshot, as leader's start index is 203
2023-06-21 21:49:15,717 [06fbe519-35a2-4226-ad85-372ac4de582e@group-29E1D18647C8-StateMachineUpdater] INFO  ha.SCMHAManagerImpl (SCMHAManagerImpl.java:installCheckpoint(281)) - Installing checkpoint with SCMTransactionInfo 2#202
2023-06-21 21:49:15,726 [06fbe519-35a2-4226-ad85-372ac4de582e@group-29E1D18647C8-StateMachineUpdater] INFO  ha.SCMHAManagerImpl (SCMHAManagerImpl.java:installCheckpoint(320)) - Replaced DB with checkpoint, term: 2, index: 202
2023-06-21 21:49:15,727 [06fbe519-35a2-4226-ad85-372ac4de582e@group-29E1D18647C8-StateMachineUpdater] WARN  utils.HAUtils (HAUtils.java:getMetaDir(339)) - ozone.scm.db.dirs is not configured. We recommend adding this setting. Falling back to ozone.metadata.dirs instead.
2023-06-21 21:49:15,727 [06fbe519-35a2-4226-ad85-372ac4de582e@group-29E1D18647C8-StateMachineUpdater] WARN  db.DBStoreBuilder (DBStoreBuilder.java:applyDBDefinition(165)) - ozone.scm.db.dirs is not configured. We recommend adding this setting. Falling back to ozone.metadata.dirs instead.
2023-06-21 21:49:15,756 [06fbe519-35a2-4226-ad85-372ac4de582e@group-29E1D18647C8-StateMachineUpdater] INFO  ha.SequenceIdGenerator (SequenceIdGenerator.java:reinitialize(167)) - reinitialize SequenceIdGenerator.
2023-06-21 21:49:15,767 [06fbe519-35a2-4226-ad85-372ac4de582e@group-29E1D18647C8-StateMachineUpdater] INFO  ha.SCMHAManagerImpl (SCMHAManagerImpl.java:installCheckpoint(335)) - Reloaded SCM state with Term: 2 and Index: 202
2023-06-21 21:49:15,770 [06fbe519-35a2-4226-ad85-372ac4de582e@group-29E1D18647C8-StateMachineUpdater] INFO  symmetric.SecretKeyStateImpl (SecretKeyStateImpl.java:updateKeysInternal(113)) - Updating keys with [SecretKey(id = 5b27779a-2fdb-4e1e-86c7-93e4a4e5632c, creation at: 2023-06-21T21:49:05.677Z, expire at: 2023-06-21T21:50:06.677Z), SecretKey(id = 549f050c-1bf3-451b-8f20-a15d7a7e75fa, creation at: 2023-06-21T21:48:35.500Z, expire at: 2023-06-21T21:49:36.500Z)]
2023-06-21 21:49:15,771 [06fbe519-35a2-4226-ad85-372ac4de582e@group-29E1D18647C8-StateMachineUpdater] INFO  symmetric.SecretKeyStateImpl (SecretKeyStateImpl.java:updateKeysInternal(128)) - Current key updated SecretKey(id = 5b27779a-2fdb-4e1e-86c7-93e4a4e5632c, creation at: 2023-06-21T21:49:05.677Z, expire at: 2023-06-21T21:50:06.677Z)
2023-06-21 21:49:15,773 [06fbe519-35a2-4226-ad85-372ac4de582e@group-29E1D18647C8-StateMachineUpdater] INFO  symmetric.LocalSecretKeyStore (LocalSecretKeyStore.java:save(109)) - Saved [SecretKey(id = 5b27779a-2fdb-4e1e-86c7-93e4a4e5632c, creation at: 2023-06-21T21:49:05.677Z, expire at: 2023-06-21T21:50:06.677Z), SecretKey(id = 549f050c-1bf3-451b-8f20-a15d7a7e75fa, creation at: 2023-06-21T21:48:35.500Z, expire at: 2023-06-21T21:49:36.500Z)] to file /home/runner/work/ozone/ozone/hadoop-ozone/integration-test/target/test-dir/MiniOzoneClusterImpl-ed2e7ec8-c199-49a5-9fff-29e1d18647c8/scmNode-3/scm/keys/secret_keys.json
2023-06-21 21:49:15,773 [06fbe519-35a2-4226-ad85-372ac4de582e@group-29E1D18647C8-StateMachineUpdater] INFO  impl.StateMachineUpdater (StateMachineUpdater.java:lambda$new$0(97)) - 06fbe519-35a2-4226-ad85-372ac4de582e@group-29E1D18647C8-StateMachineUpdater: snapshotIndex: setUnconditionally -1 -> 202
2023-06-21 21:49:15,773 [06fbe519-35a2-4226-ad85-372ac4de582e@group-29E1D18647C8-StateMachineUpdater] INFO  impl.StateMachineUpdater (StateMachineUpdater.java:lambda$new$0(97)) - 06fbe519-35a2-4226-ad85-372ac4de582e@group-29E1D18647C8-StateMachineUpdater: appliedIndex: setUnconditionally -1 -> 202
2023-06-21 21:49:16,039 [Datanode State Machine Daemon Thread] ERROR datanode.RunningDatanodeState (RunningDatanodeState.java:computeNextContainerState(207)) - Error in executing end point task.
java.util.concurrent.ExecutionException: java.util.concurrent.TimeoutException
	at java.util.concurrent.FutureTask.report(FutureTask.java:122)
	at java.util.concurrent.FutureTask.get(FutureTask.java:192)
	at org.apache.hadoop.ozone.container.common.states.datanode.RunningDatanodeState.computeNextContainerState(RunningDatanodeState.java:199)
	at org.apache.hadoop.ozone.container.common.states.datanode.RunningDatanodeState.await(RunningDatanodeState.java:239)
	at org.apache.hadoop.ozone.container.common.states.datanode.RunningDatanodeState.await(RunningDatanodeState.java:50)
	at org.apache.hadoop.ozone.container.common.statemachine.StateContext.execute(StateContext.java:666)
	at org.apache.hadoop.ozone.container.common.statemachine.DatanodeStateMachine.startStateMachineThread(DatanodeStateMachine.java:334)
	at org.apache.hadoop.ozone.container.common.statemachine.DatanodeStateMachine.lambda$startDaemon$0(DatanodeStateMachine.java:532)
	at java.lang.Thread.run(Thread.java:750)
Caused by: java.util.concurrent.TimeoutException
	at java.util.concurrent.FutureTask.get(FutureTask.java:205)
	at org.apache.hadoop.ozone.container.common.states.datanode.RunningDatanodeState.lambda$execute$0(RunningDatanodeState.java:157)
	at java.util.concurrent.FutureTask.run(FutureTask.java:266)
	at java.util.concurrent.Executors$RunnableAdapter.call(Executors.java:511)
	at java.util.concurrent.FutureTask.run(FutureTask.java:266)
	at java.util.concurrent.ThreadPoolExecutor.runWorker(ThreadPoolExecutor.java:1149)
	at java.util.concurrent.ThreadPoolExecutor$Worker.run(ThreadPoolExecutor.java:624)
	... 1 more
2023-06-21 21:49:16,715 [336e6589-5d5b-4942-96a6-e8ef4b976bc7@group-29E1D18647C8-FollowerState] INFO  server.RaftServerConfigKeys (ConfUtils.java:logFallback(53)) - raft.server.rpc.first-election.timeout.min = 5000ms (fallback to raft.server.rpc.timeout.min)
2023-06-21 21:49:16,715 [336e6589-5d5b-4942-96a6-e8ef4b976bc7@group-29E1D18647C8-FollowerState] INFO  server.RaftServerConfigKeys (ConfUtils.java:logFallback(53)) - raft.server.rpc.first-election.timeout.max = 5200ms (fallback to raft.server.rpc.timeout.max)
2023-06-21 21:49:19,043 [Datanode State Machine Daemon Thread] ERROR datanode.RunningDatanodeState (RunningDatanodeState.java:computeNextContainerState(207)) - Error in executing end point task.
java.util.concurrent.ExecutionException: java.util.concurrent.TimeoutException
	at java.util.concurrent.FutureTask.report(FutureTask.java:122)
	at java.util.concurrent.FutureTask.get(FutureTask.java:192)
	at org.apache.hadoop.ozone.container.common.states.datanode.RunningDatanodeState.computeNextContainerState(RunningDatanodeState.java:199)
	at org.apache.hadoop.ozone.container.common.states.datanode.RunningDatanodeState.await(RunningDatanodeState.java:239)
	at org.apache.hadoop.ozone.container.common.states.datanode.RunningDatanodeState.await(RunningDatanodeState.java:50)
	at org.apache.hadoop.ozone.container.common.statemachine.StateContext.execute(StateContext.java:666)
	at org.apache.hadoop.ozone.container.common.statemachine.DatanodeStateMachine.startStateMachineThread(DatanodeStateMachine.java:334)
	at org.apache.hadoop.ozone.container.common.statemachine.DatanodeStateMachine.lambda$startDaemon$0(DatanodeStateMachine.java:532)
	at java.lang.Thread.run(Thread.java:750)
Caused by: java.util.concurrent.TimeoutException
	at java.util.concurrent.FutureTask.get(FutureTask.java:205)
	at org.apache.hadoop.ozone.container.common.states.datanode.RunningDatanodeState.lambda$execute$0(RunningDatanodeState.java:157)
	at java.util.concurrent.FutureTask.run(FutureTask.java:266)
	at java.util.concurrent.Executors$RunnableAdapter.call(Executors.java:511)
	at java.util.concurrent.FutureTask.run(FutureTask.java:266)
	at java.util.concurrent.ThreadPoolExecutor.runWorker(ThreadPoolExecutor.java:1149)
	at java.util.concurrent.ThreadPoolExecutor$Worker.run(ThreadPoolExecutor.java:624)
	... 1 more
2023-06-21 21:49:20,399 [6554ba57-669d-4c9f-91d9-11f4838b8a27@group-29E1D18647C8-LeaderStateImpl] INFO  server.RaftServer$Division (ServerState.java:setRaftConf(434)) - 6554ba57-669d-4c9f-91d9-11f4838b8a27@group-29E1D18647C8: set configuration 203: peers:[336e6589-5d5b-4942-96a6-e8ef4b976bc7|rpc:localhost:15011|priority:0|startupRole:FOLLOWER, 6554ba57-669d-4c9f-91d9-11f4838b8a27|rpc:localhost:15003|admin:|client:|dataStream:|priority:0|startupRole:FOLLOWER, 06fbe519-35a2-4226-ad85-372ac4de582e|rpc:localhost:15019|priority:0|startupRole:FOLLOWER]|listeners:[], old=peers:[336e6589-5d5b-4942-96a6-e8ef4b976bc7|rpc:localhost:15011|priority:0|startupRole:FOLLOWER, 6554ba57-669d-4c9f-91d9-11f4838b8a27|rpc:localhost:15003|admin:|client:|dataStream:|priority:0|startupRole:FOLLOWER]|listeners:[]
2023-06-21 21:49:20,402 [06fbe519-35a2-4226-ad85-372ac4de582e-server-thread1] INFO  server.RaftServer$Division (ServerState.java:setRaftConf(434)) - 06fbe519-35a2-4226-ad85-372ac4de582e@group-29E1D18647C8: set configuration 203: peers:[336e6589-5d5b-4942-96a6-e8ef4b976bc7|rpc:localhost:15011|admin:|client:|dataStream:|priority:0|startupRole:FOLLOWER, 6554ba57-669d-4c9f-91d9-11f4838b8a27|rpc:localhost:15003|admin:|client:|dataStream:|priority:0|startupRole:FOLLOWER, 06fbe519-35a2-4226-ad85-372ac4de582e|rpc:localhost:15019|admin:|client:|dataStream:|priority:0|startupRole:FOLLOWER]|listeners:[], old=peers:[336e6589-5d5b-4942-96a6-e8ef4b976bc7|rpc:localhost:15011|admin:|client:|dataStream:|priority:0|startupRole:FOLLOWER, 6554ba57-669d-4c9f-91d9-11f4838b8a27|rpc:localhost:15003|admin:|client:|dataStream:|priority:0|startupRole:FOLLOWER]|listeners:[]
2023-06-21 21:49:20,402 [06fbe519-35a2-4226-ad85-372ac4de582e-server-thread1] INFO  segmented.SegmentedRaftLogWorker (SegmentedRaftLogWorker.java:startLogSegment(447)) - 06fbe519-35a2-4226-ad85-372ac4de582e@group-29E1D18647C8-SegmentedRaftLogWorker: Starting segment from index:203
2023-06-21 21:49:20,402 [06fbe519-35a2-4226-ad85-372ac4de582e-server-thread1] INFO  server.RaftServer$Division (RaftServerImpl.java:appendEntriesAsync(1539)) -  FOLLOWER 06fbe519-35a2-4226-ad85-372ac4de582e@group-29E1D18647C8:t2, leader=6554ba57-669d-4c9f-91d9-11f4838b8a27, voted=null, raftlog=Memoized:06fbe519-35a2-4226-ad85-372ac4de582e@group-29E1D18647C8-SegmentedRaftLog:OPENED:c202, conf=203: peers:[336e6589-5d5b-4942-96a6-e8ef4b976bc7|rpc:localhost:15011|admin:|client:|dataStream:|priority:0|startupRole:FOLLOWER, 6554ba57-669d-4c9f-91d9-11f4838b8a27|rpc:localhost:15003|admin:|client:|dataStream:|priority:0|startupRole:FOLLOWER, 06fbe519-35a2-4226-ad85-372ac4de582e|rpc:localhost:15019|admin:|client:|dataStream:|priority:0|startupRole:FOLLOWER]|listeners:[], old=peers:[336e6589-5d5b-4942-96a6-e8ef4b976bc7|rpc:localhost:15011|admin:|client:|dataStream:|priority:0|startupRole:FOLLOWER, 6554ba57-669d-4c9f-91d9-11f4838b8a27|rpc:localhost:15003|admin:|client:|dataStream:|priority:0|startupRole:FOLLOWER]|listeners:[] RUNNING: Follower has completed install the snapshot 202.
2023-06-21 21:49:20,403 [336e6589-5d5b-4942-96a6-e8ef4b976bc7-server-thread2] INFO  server.RaftServer$Division (ServerState.java:setRaftConf(434)) - 336e6589-5d5b-4942-96a6-e8ef4b976bc7@group-29E1D18647C8: set configuration 203: peers:[336e6589-5d5b-4942-96a6-e8ef4b976bc7|rpc:localhost:15011|admin:|client:|dataStream:|priority:0|startupRole:FOLLOWER, 6554ba57-669d-4c9f-91d9-11f4838b8a27|rpc:localhost:15003|admin:|client:|dataStream:|priority:0|startupRole:FOLLOWER, 06fbe519-35a2-4226-ad85-372ac4de582e|rpc:localhost:15019|admin:|client:|dataStream:|priority:0|startupRole:FOLLOWER]|listeners:[], old=peers:[336e6589-5d5b-4942-96a6-e8ef4b976bc7|rpc:localhost:15011|admin:|client:|dataStream:|priority:0|startupRole:FOLLOWER, 6554ba57-669d-4c9f-91d9-11f4838b8a27|rpc:localhost:15003|admin:|client:|dataStream:|priority:0|startupRole:FOLLOWER]|listeners:[]
2023-06-21 21:49:20,407 [6554ba57-669d-4c9f-91d9-11f4838b8a27@group-29E1D18647C8-LeaderStateImpl] INFO  server.RaftServer$Division (ServerState.java:setRaftConf(434)) - 6554ba57-669d-4c9f-91d9-11f4838b8a27@group-29E1D18647C8: set configuration 205: peers:[336e6589-5d5b-4942-96a6-e8ef4b976bc7|rpc:localhost:15011|priority:0|startupRole:FOLLOWER, 6554ba57-669d-4c9f-91d9-11f4838b8a27|rpc:localhost:15003|admin:|client:|dataStream:|priority:0|startupRole:FOLLOWER, 06fbe519-35a2-4226-ad85-372ac4de582e|rpc:localhost:15019|priority:0|startupRole:FOLLOWER]|listeners:[], old=null
2023-06-21 21:49:20,417 [336e6589-5d5b-4942-96a6-e8ef4b976bc7-server-thread2] INFO  server.RaftServer$Division (ServerState.java:setRaftConf(434)) - 336e6589-5d5b-4942-96a6-e8ef4b976bc7@group-29E1D18647C8: set configuration 205: peers:[336e6589-5d5b-4942-96a6-e8ef4b976bc7|rpc:localhost:15011|admin:|client:|dataStream:|priority:0|startupRole:FOLLOWER, 6554ba57-669d-4c9f-91d9-11f4838b8a27|rpc:localhost:15003|admin:|client:|dataStream:|priority:0|startupRole:FOLLOWER, 06fbe519-35a2-4226-ad85-372ac4de582e|rpc:localhost:15019|admin:|client:|dataStream:|priority:0|startupRole:FOLLOWER]|listeners:[], old=null
2023-06-21 21:49:20,423 [06fbe519-35a2-4226-ad85-372ac4de582e-server-thread1] INFO  server.RaftServer$Division (ServerState.java:setRaftConf(434)) - 06fbe519-35a2-4226-ad85-372ac4de582e@group-29E1D18647C8: set configuration 205: peers:[336e6589-5d5b-4942-96a6-e8ef4b976bc7|rpc:localhost:15011|admin:|client:|dataStream:|priority:0|startupRole:FOLLOWER, 6554ba57-669d-4c9f-91d9-11f4838b8a27|rpc:localhost:15003|admin:|client:|dataStream:|priority:0|startupRole:FOLLOWER, 06fbe519-35a2-4226-ad85-372ac4de582e|rpc:localhost:15019|admin:|client:|dataStream:|priority:0|startupRole:FOLLOWER]|listeners:[], old=null
2023-06-21 21:49:20,425 [IPC Server handler 2 on default port 15007] INFO  ha.SCMRatisServerImpl (SCMRatisServerImpl.java:addSCM(327)) - Successfully added new SCM: 06fbe519-35a2-4226-ad85-372ac4de582e.
2023-06-21 21:49:20,425 [06fbe519-35a2-4226-ad85-372ac4de582e@group-29E1D18647C8-SegmentedRaftLogWorker] INFO  segmented.SegmentedRaftLogWorker (SegmentedRaftLogWorker.java:execute(651)) - 06fbe519-35a2-4226-ad85-372ac4de582e@group-29E1D18647C8-SegmentedRaftLogWorker: created new log segment /home/runner/work/ozone/ozone/hadoop-ozone/integration-test/target/test-dir/MiniOzoneClusterImpl-ed2e7ec8-c199-49a5-9fff-29e1d18647c8/scmNode-3/scm-ha/ed2e7ec8-c199-49a5-9fff-29e1d18647c8/current/log_inprogress_203
2023-06-21 21:49:20,433 [06fbe519-35a2-4226-ad85-372ac4de582e@group-29E1D18647C8-StateMachineUpdater] INFO  safemode.HealthyPipelineSafeModeRule (HealthyPipelineSafeModeRule.java:initializeRule(165)) - Refreshed total pipeline count is 0, healthy pipeline threshold count is 0
2023-06-21 21:49:20,435 [06fbe519-35a2-4226-ad85-372ac4de582e@group-29E1D18647C8-StateMachineUpdater] INFO  safemode.ContainerSafeModeRule (ContainerSafeModeRule.java:reInitializeRule(177)) - Refreshed one replica container threshold 0, currentThreshold 0
2023-06-21 21:49:20,435 [06fbe519-35a2-4226-ad85-372ac4de582e@group-29E1D18647C8-StateMachineUpdater] INFO  safemode.OneReplicaPipelineSafeModeRule (OneReplicaPipelineSafeModeRule.java:initializeRule(176)) - Refreshed Total pipeline count is 0, pipeline's with at least one datanode reported threshold count is 0
2023-06-21 21:49:20,436 [06fbe519-35a2-4226-ad85-372ac4de582e@group-29E1D18647C8-StateMachineUpdater] INFO  server.SCMDatanodeProtocolServer (SCMDatanodeProtocolServer.java:start(193)) - ScmDatanodeProtocol RPC server for DataNodes is listening at /0.0.0.0:15020
2023-06-21 21:49:20,438 [IPC Server listener on 15020] INFO  ipc.Server (Server.java:run(1398)) - IPC Server listener on 15020: starting
2023-06-21 21:49:20,444 [IPC Server Responder] INFO  ipc.Server (Server.java:run(1558)) - IPC Server Responder: starting
2023-06-21 21:49:20,444 [main] INFO  ha.SCMHAManagerImpl (SCMHAManagerImpl.java:start(135)) - Successfully added SCM scmNode-3 to group group-29E1D18647C8:[336e6589-5d5b-4942-96a6-e8ef4b976bc7|rpc:localhost:15011|admin:|client:|dataStream:|priority:0|startupRole:FOLLOWER, 6554ba57-669d-4c9f-91d9-11f4838b8a27|rpc:localhost:15003|admin:|client:|dataStream:|priority:0|startupRole:FOLLOWER, 06fbe519-35a2-4226-ad85-372ac4de582e|rpc:localhost:15019|admin:|client:|dataStream:|priority:0|startupRole:FOLLOWER]
2023-06-21 21:49:20,444 [main] INFO  ha.InterSCMGrpcService (InterSCMGrpcProtocolService.java:start(95)) - Starting SCM Grpc Service at port 15022
2023-06-21 21:49:20,458 [Socket Reader #1 for port 15020] INFO  ipc.Server (Server.java:saslProcess(2116)) - Auth successful for scm/fv-az1254-726.qtnbswlwlufehe3u4emko3izng.cx.internal.cloudapp.net@EXAMPLE.COM (auth:KERBEROS) from 10.1.0.15:38401
2023-06-21 21:49:20,459 [main] INFO  SCMHATransactionMonitor (BackgroundSCMService.java:start(68)) - Starting SCMHATransactionMonitor Service.
2023-06-21 21:49:20,463 [main] INFO  ha.SCMServiceManager (SCMServiceManager.java:register(42)) - Registering service SCMHATransactionMonitor.
2023-06-21 21:49:20,463 [main] INFO  SCMHATransactionMonitor (BackgroundSCMService.java:start(65)) - SCMHATransactionMonitor Service is already running, skip start.
2023-06-21 21:49:20,463 [main] INFO  impl.MetricsSystemImpl (MetricsSystemImpl.java:init(158)) - StorageContainerManager metrics system started (again)
2023-06-21 21:49:20,494 [EndpointStateMachine task thread for /127.0.0.1:15020 - 0 ] INFO  ozoneimpl.OzoneContainer (OzoneContainer.java:start(407)) - Ignore. OzoneContainer already started.
2023-06-21 21:49:20,506 [main] INFO  server.SCMClientProtocolServer (SCMClientProtocolServer.java:start(201)) - RPC server for Client  is listening at /0.0.0.0:15021
2023-06-21 21:49:20,506 [IPC Server Responder] INFO  ipc.Server (Server.java:run(1558)) - IPC Server Responder: starting
2023-06-21 21:49:20,507 [IPC Server listener on 15021] INFO  ipc.Server (Server.java:run(1398)) - IPC Server listener on 15021: starting
2023-06-21 21:49:20,514 [main] INFO  server.StorageContainerManager (StorageContainerManager.java:start(1508)) - ScmBlockLocationProtocol RPC server is listening at /0.0.0.0:15023
2023-06-21 21:49:20,514 [main] INFO  server.SCMBlockProtocolServer (SCMBlockProtocolServer.java:start(152)) - RPC server for Block Protocol is listening at /0.0.0.0:15023
2023-06-21 21:49:20,515 [IPC Server Responder] INFO  ipc.Server (Server.java:run(1558)) - IPC Server Responder: starting
2023-06-21 21:49:20,515 [IPC Server listener on 15023] INFO  ipc.Server (Server.java:run(1398)) - IPC Server listener on 15023: starting
2023-06-21 21:49:20,520 [main] INFO  server.SCMSecurityProtocolServer (SCMSecurityProtocolServer.java:start(491)) - Starting RPC server for SCMSecurityProtocolServer. is listening at /0.0.0.0:15018
2023-06-21 21:49:20,524 [IPC Server listener on 15018] INFO  ipc.Server (Server.java:run(1398)) - IPC Server listener on 15018: starting
2023-06-21 21:49:20,525 [main] INFO  server.SCMUpdateServiceGrpcServer (SCMUpdateServiceGrpcServer.java:start(58)) - SCMUpdateService starting
2023-06-21 21:49:20,526 [IPC Server Responder] INFO  ipc.Server (Server.java:run(1558)) - IPC Server Responder: starting
2023-06-21 21:49:20,547 [main] INFO  ha.SCMNodeInfo (SCMNodeInfo.java:getPort(197)) - ConfigKey ozone.scm.client.address is deprecated, For configuring different ports for each SCM use PortConfigKey ozone.scm.client.port appended with serviceId and nodeId
2023-06-21 21:49:20,547 [main] INFO  ha.SCMNodeInfo (SCMNodeInfo.java:getPort(197)) - ConfigKey ozone.scm.block.client.address is deprecated, For configuring different ports for each SCM use PortConfigKey ozone.scm.block.client.port appended with serviceId and nodeId
2023-06-21 21:49:20,548 [main] INFO  ha.SCMNodeInfo (SCMNodeInfo.java:getPort(197)) - ConfigKey ozone.scm.security.service.address is deprecated, For configuring different ports for each SCM use PortConfigKey ozone.scm.security.service.port appended with serviceId and nodeId
2023-06-21 21:49:20,548 [main] INFO  ha.SCMNodeInfo (SCMNodeInfo.java:getPort(197)) - ConfigKey ozone.scm.datanode.address is deprecated, For configuring different ports for each SCM use PortConfigKey ozone.scm.datanode.port appended with serviceId and nodeId
2023-06-21 21:49:20,548 [main] INFO  ha.SCMNodeInfo (SCMNodeInfo.java:getPort(197)) - ConfigKey ozone.scm.client.address is deprecated, For configuring different ports for each SCM use PortConfigKey ozone.scm.client.port appended with serviceId and nodeId
2023-06-21 21:49:20,548 [main] INFO  ha.SCMNodeInfo (SCMNodeInfo.java:getPort(197)) - ConfigKey ozone.scm.block.client.address is deprecated, For configuring different ports for each SCM use PortConfigKey ozone.scm.block.client.port appended with serviceId and nodeId
2023-06-21 21:49:20,548 [main] INFO  ha.SCMNodeInfo (SCMNodeInfo.java:getPort(197)) - ConfigKey ozone.scm.security.service.address is deprecated, For configuring different ports for each SCM use PortConfigKey ozone.scm.security.service.port appended with serviceId and nodeId
2023-06-21 21:49:20,548 [main] INFO  ha.SCMNodeInfo (SCMNodeInfo.java:getPort(197)) - ConfigKey ozone.scm.datanode.address is deprecated, For configuring different ports for each SCM use PortConfigKey ozone.scm.datanode.port appended with serviceId and nodeId
2023-06-21 21:49:20,548 [main] INFO  ha.SCMNodeInfo (SCMNodeInfo.java:getPort(197)) - ConfigKey ozone.scm.client.address is deprecated, For configuring different ports for each SCM use PortConfigKey ozone.scm.client.port appended with serviceId and nodeId
2023-06-21 21:49:20,548 [main] INFO  ha.SCMNodeInfo (SCMNodeInfo.java:getPort(197)) - ConfigKey ozone.scm.block.client.address is deprecated, For configuring different ports for each SCM use PortConfigKey ozone.scm.block.client.port appended with serviceId and nodeId
2023-06-21 21:49:20,548 [main] INFO  ha.SCMNodeInfo (SCMNodeInfo.java:getPort(197)) - ConfigKey ozone.scm.security.service.address is deprecated, For configuring different ports for each SCM use PortConfigKey ozone.scm.security.service.port appended with serviceId and nodeId
2023-06-21 21:49:20,551 [main] INFO  ha.SCMNodeInfo (SCMNodeInfo.java:getPort(197)) - ConfigKey ozone.scm.datanode.address is deprecated, For configuring different ports for each SCM use PortConfigKey ozone.scm.datanode.port appended with serviceId and nodeId
2023-06-21 21:49:20,561 [Socket Reader #1 for port 15002] INFO  ipc.Server (Server.java:saslProcess(2116)) - Auth successful for scm/fv-az1254-726.qtnbswlwlufehe3u4emko3izng.cx.internal.cloudapp.net@EXAMPLE.COM (auth:KERBEROS) from 10.1.0.15:46119
2023-06-21 21:49:20,601 [main] INFO  security.RootCARotationManager (RootCARotationManager.java:start(135)) - Monitor task for root certificate 1 is started with interval PT24H.
2023-06-21 21:49:20,603 [main] INFO  http.BaseHttpServer (BaseHttpServer.java:newHttpServer2BuilderForOzone(224)) - Starting Web-server for scm at: http://0.0.0.0:15016
2023-06-21 21:49:20,603 [main] INFO  http.BaseHttpServer (BaseHttpServer.java:<init>(111)) - Hadoop Security Enabled: true Ozone Security Enabled: true Ozone HTTP Security Enabled: false 
2023-06-21 21:49:20,605 [main] WARN  server.AuthenticationFilter (AuthenticationFilter.java:constructSecretProvider(240)) - Unable to initialize FileSignerSecretProvider, falling back to use random secrets. Reason: Could not read signature secret file: /home/runner/hadoop-http-auth-signature-secret
2023-06-21 21:49:20,606 [main] INFO  http.HttpRequestLog (HttpRequestLog.java:getRequestLog(86)) - Http request log for http.requests.scm is not defined
2023-06-21 21:49:20,612 [main] INFO  http.HttpServer2 (HttpServer2.java:addGlobalFilter(1031)) - Added global filter 'safety' (class=org.apache.hadoop.hdds.server.http.HttpServer2$QuotingInputFilter)
2023-06-21 21:49:20,615 [main] INFO  http.HttpServer2 (HttpServer2.java:addFilter(1007)) - Added filter static_user_filter (class=org.apache.hadoop.http.lib.StaticUserWebFilter$StaticUserFilter) to context scm
2023-06-21 21:49:20,615 [main] INFO  http.HttpServer2 (HttpServer2.java:addFilter(1015)) - Added filter static_user_filter (class=org.apache.hadoop.http.lib.StaticUserWebFilter$StaticUserFilter) to context logs
2023-06-21 21:49:20,616 [main] INFO  http.HttpServer2 (HttpServer2.java:addFilter(1015)) - Added filter static_user_filter (class=org.apache.hadoop.http.lib.StaticUserWebFilter$StaticUserFilter) to context static
2023-06-21 21:49:20,618 [main] INFO  http.BaseHttpServer (BaseHttpServer.java:<init>(190)) - HTTP server of scm uses base directory /home/runner/work/ozone/ozone/hadoop-ozone/integration-test/target/test-dir/MiniOzoneClusterImpl-ed2e7ec8-c199-49a5-9fff-29e1d18647c8/scmNode-3/webserver
2023-06-21 21:49:20,619 [main] INFO  http.HttpServer2 (HttpServer2.java:bindListener(1250)) - Jetty bound to port 15016
2023-06-21 21:49:20,619 [main] INFO  server.Server (Server.java:doStart(375)) - jetty-9.4.51.v20230217; built: 2023-02-17T08:19:37.309Z; git: b45c405e4544384de066f814ed42ae3dceacdd49; jvm 1.8.0_372-b07
2023-06-21 21:49:20,644 [06fbe519-35a2-4226-ad85-372ac4de582e@group-29E1D18647C8-FollowerState] INFO  server.RaftServerConfigKeys (ConfUtils.java:logFallback(53)) - raft.server.rpc.first-election.timeout.min = 5000ms (fallback to raft.server.rpc.timeout.min)
2023-06-21 21:49:20,644 [06fbe519-35a2-4226-ad85-372ac4de582e@group-29E1D18647C8-FollowerState] INFO  server.RaftServerConfigKeys (ConfUtils.java:logFallback(53)) - raft.server.rpc.first-election.timeout.max = 5200ms (fallback to raft.server.rpc.timeout.max)
2023-06-21 21:49:20,650 [main] INFO  server.session (DefaultSessionIdManager.java:doStart(334)) - DefaultSessionIdManager workerName=node0
2023-06-21 21:49:20,650 [main] INFO  server.session (DefaultSessionIdManager.java:doStart(339)) - No SessionScavenger set, using defaults
2023-06-21 21:49:20,651 [main] INFO  server.session (HouseKeeper.java:startScavenging(132)) - node0 Scavenging every 660000ms
2023-06-21 21:49:20,653 [main] INFO  handler.ContextHandler (ContextHandler.java:doStart(921)) - Started o.e.j.s.ServletContextHandler@5c508c56{logs,/logs,file:///home/runner/work/ozone/ozone/hadoop-ozone/integration-test/target/log,AVAILABLE}
2023-06-21 21:49:20,654 [main] INFO  handler.ContextHandler (ContextHandler.java:doStart(921)) - Started o.e.j.s.ServletContextHandler@16b6b70e{static,/static,file:///home/runner/work/ozone/ozone/hadoop-ozone/integration-test/target/test-classes/webapps/static,AVAILABLE}
2023-06-21 21:49:20,665 [main] INFO  handler.ContextHandler (ContextHandler.java:doStart(921)) - Started o.e.j.w.WebAppContext@5b44c03e{scm,/,file:///home/runner/work/ozone/ozone/hadoop-ozone/integration-test/target/test-classes/webapps/scm/,AVAILABLE}{file:/home/runner/work/ozone/ozone/hadoop-ozone/integration-test/target/test-classes/webapps/scm}
2023-06-21 21:49:20,669 [main] INFO  server.AbstractConnector (AbstractConnector.java:doStart(333)) - Started ServerConnector@70164894{HTTP/1.1, (http/1.1)}{0.0.0.0:15016}
2023-06-21 21:49:20,669 [main] INFO  server.Server (Server.java:doStart(415)) - Started @63511ms
2023-06-21 21:49:20,669 [main] WARN  impl.MetricsSystemImpl (MetricsSystemImpl.java:register(279)) - Sink prometheus already exists!
2023-06-21 21:49:20,671 [main] INFO  http.BaseHttpServer (BaseHttpServer.java:updateConnectorAddress(344)) - HTTP server of scm listening at http://0.0.0.0:15016
2023-06-21 21:49:20,676 [main] INFO  scm.TestSecretKeySnapshot (TestSecretKeySnapshot.java:testInstallSnapshot(252)) - Follower secret keys after snapshot: [SecretKey(id = 5b27779a-2fdb-4e1e-86c7-93e4a4e5632c, creation at: 2023-06-21T21:49:05.677Z, expire at: 2023-06-21T21:50:06.677Z), SecretKey(id = 549f050c-1bf3-451b-8f20-a15d7a7e75fa, creation at: 2023-06-21T21:48:35.500Z, expire at: 2023-06-21T21:49:36.500Z)]
2023-06-21 21:49:21,053 [IPC Server handler 1 on default port 15020] INFO  net.NetworkTopologyImpl (NetworkTopologyImpl.java:add(112)) - Added a new node: /default-rack/d7c2b77a-ebfa-4f5e-b0ff-24733d290501
2023-06-21 21:49:21,054 [IPC Server handler 1 on default port 15020] INFO  node.SCMNodeManager (SCMNodeManager.java:register(406)) - Registered Data node : d7c2b77a-ebfa-4f5e-b0ff-24733d290501{ip: 10.1.0.15, host: fv-az1254-726.qtnbswlwlufehe3u4emko3izng.cx.internal.cloudapp.net, ports: [HTTP=15041, CLIENT_RPC=15042, REPLICATION=15048, RATIS=15044, RATIS_ADMIN=15045, RATIS_SERVER=15046, RATIS_DATASTREAM=15047, STANDALONE=15043], networkLocation: /default-rack, certSerialId: 1723072736552, persistedOpState: null, persistedOpStateExpiryEpochSec: 0}
2023-06-21 21:49:21,063 [EventQueue-NodeRegistrationContainerReportForContainerSafeModeRule] INFO  safemode.SCMSafeModeManager (SCMSafeModeManager.java:validateSafeModeExitRules(200)) - ContainerSafeModeRule rule is successfully validated
2023-06-21 21:49:21,064 [EventQueue-PipelineReportForOneReplicaPipelineSafeModeRule] INFO  safemode.SCMSafeModeManager (SCMSafeModeManager.java:validateSafeModeExitRules(200)) - AtleastOneDatanodeReportedRule rule is successfully validated
2023-06-21 21:49:21,066 [EventQueue-NewNodeForNewNodeHandler] INFO  pipeline.BackgroundPipelineCreator (BackgroundPipelineCreator.java:notifyEventTriggered(269)) - ignore, not leader SCM.
2023-06-21 21:49:21,067 [EventQueue-NodeRegistrationContainerReportForDataNodeSafeModeRule] INFO  safemode.SCMSafeModeManager (DataNodeSafeModeRule.java:process(71)) - SCM in safe mode. 1 DataNodes registered, 1 required.
2023-06-21 21:49:21,068 [EventQueue-NodeRegistrationContainerReportForDataNodeSafeModeRule] INFO  safemode.SCMSafeModeManager (SCMSafeModeManager.java:validateSafeModeExitRules(200)) - DataNodeSafeModeRule rule is successfully validated
2023-06-21 21:49:21,068 [EventQueue-NodeRegistrationContainerReportForDataNodeSafeModeRule] INFO  safemode.SCMSafeModeManager (SCMSafeModeManager.java:completePreCheck(229)) - All SCM safe mode pre check rules have passed
2023-06-21 21:49:21,068 [EventQueue-NodeRegistrationContainerReportForDataNodeSafeModeRule] INFO  ha.SCMContext (SCMContext.java:updateSafeModeStatus(228)) - Update SafeModeStatus from SafeModeStatus{safeModeStatus=true, preCheckPassed=false} to SafeModeStatus{safeModeStatus=true, preCheckPassed=true}.
2023-06-21 21:49:21,069 [EventQueue-NodeRegistrationContainerReportForDataNodeSafeModeRule] INFO  pipeline.BackgroundPipelineCreator (BackgroundPipelineCreator.java:notifyEventTriggered(269)) - ignore, not leader SCM.
2023-06-21 21:49:21,069 [EventQueue-OpenPipelineForHealthyPipelineSafeModeRule] INFO  safemode.SCMSafeModeManager (SCMSafeModeManager.java:validateSafeModeExitRules(200)) - HealthyPipelineSafeModeRule rule is successfully validated
2023-06-21 21:49:21,069 [EventQueue-OpenPipelineForHealthyPipelineSafeModeRule] INFO  safemode.SCMSafeModeManager (SCMSafeModeManager.java:validateSafeModeExitRules(215)) - ScmSafeModeManager, all rules are successfully validated
2023-06-21 21:49:21,069 [EventQueue-OpenPipelineForHealthyPipelineSafeModeRule] INFO  safemode.SCMSafeModeManager (SCMSafeModeManager.java:exitSafeMode(244)) - SCM exiting safe mode.
2023-06-21 21:49:21,069 [EventQueue-OpenPipelineForHealthyPipelineSafeModeRule] INFO  ha.SCMContext (SCMContext.java:updateSafeModeStatus(228)) - Update SafeModeStatus from SafeModeStatus{safeModeStatus=true, preCheckPassed=true} to SafeModeStatus{safeModeStatus=false, preCheckPassed=true}.
2023-06-21 21:49:21,779 [336e6589-5d5b-4942-96a6-e8ef4b976bc7@group-29E1D18647C8-FollowerState] INFO  server.RaftServerConfigKeys (ConfUtils.java:logFallback(53)) - raft.server.rpc.first-election.timeout.min = 5000ms (fallback to raft.server.rpc.timeout.min)
2023-06-21 21:49:21,779 [336e6589-5d5b-4942-96a6-e8ef4b976bc7@group-29E1D18647C8-FollowerState] INFO  server.RaftServerConfigKeys (ConfUtils.java:logFallback(53)) - raft.server.rpc.first-election.timeout.max = 5200ms (fallback to raft.server.rpc.timeout.max)
2023-06-21 21:49:25,807 [06fbe519-35a2-4226-ad85-372ac4de582e@group-29E1D18647C8-FollowerState] INFO  server.RaftServerConfigKeys (ConfUtils.java:logFallback(53)) - raft.server.rpc.first-election.timeout.min = 5000ms (fallback to raft.server.rpc.timeout.min)
2023-06-21 21:49:25,807 [06fbe519-35a2-4226-ad85-372ac4de582e@group-29E1D18647C8-FollowerState] INFO  server.RaftServerConfigKeys (ConfUtils.java:logFallback(53)) - raft.server.rpc.first-election.timeout.max = 5200ms (fallback to raft.server.rpc.timeout.max)
2023-06-21 21:49:26,906 [336e6589-5d5b-4942-96a6-e8ef4b976bc7@group-29E1D18647C8-FollowerState] INFO  server.RaftServerConfigKeys (ConfUtils.java:logFallback(53)) - raft.server.rpc.first-election.timeout.min = 5000ms (fallback to raft.server.rpc.timeout.min)
2023-06-21 21:49:26,906 [336e6589-5d5b-4942-96a6-e8ef4b976bc7@group-29E1D18647C8-FollowerState] INFO  server.RaftServerConfigKeys (ConfUtils.java:logFallback(53)) - raft.server.rpc.first-election.timeout.max = 5200ms (fallback to raft.server.rpc.timeout.max)
2023-06-21 21:49:30,925 [06fbe519-35a2-4226-ad85-372ac4de582e@group-29E1D18647C8-FollowerState] INFO  server.RaftServerConfigKeys (ConfUtils.java:logFallback(53)) - raft.server.rpc.first-election.timeout.min = 5000ms (fallback to raft.server.rpc.timeout.min)
2023-06-21 21:49:30,925 [06fbe519-35a2-4226-ad85-372ac4de582e@group-29E1D18647C8-FollowerState] INFO  server.RaftServerConfigKeys (ConfUtils.java:logFallback(53)) - raft.server.rpc.first-election.timeout.max = 5200ms (fallback to raft.server.rpc.timeout.max)
2023-06-21 21:49:31,933 [336e6589-5d5b-4942-96a6-e8ef4b976bc7@group-29E1D18647C8-FollowerState] INFO  server.RaftServerConfigKeys (ConfUtils.java:logFallback(53)) - raft.server.rpc.first-election.timeout.min = 5000ms (fallback to raft.server.rpc.timeout.min)
2023-06-21 21:49:31,933 [336e6589-5d5b-4942-96a6-e8ef4b976bc7@group-29E1D18647C8-FollowerState] INFO  server.RaftServerConfigKeys (ConfUtils.java:logFallback(53)) - raft.server.rpc.first-election.timeout.max = 5200ms (fallback to raft.server.rpc.timeout.max)
2023-06-21 21:49:35,677 [SecretKeyManagerService] INFO  symmetric.SecretKeyManager (SecretKeyManager.java:checkAndRotate(124)) - SecretKey rotation is happening, new key generated SecretKey(id = f81cb22c-dbdc-432a-a3ff-c04ef2a90eff, creation at: 2023-06-21T21:49:35.677Z, expire at: 2023-06-21T21:50:36.677Z)
2023-06-21 21:49:35,681 [6554ba57-669d-4c9f-91d9-11f4838b8a27@group-29E1D18647C8-StateMachineUpdater] INFO  symmetric.SecretKeyStateImpl (SecretKeyStateImpl.java:updateKeysInternal(113)) - Updating keys with [SecretKey(id = 5b27779a-2fdb-4e1e-86c7-93e4a4e5632c, creation at: 2023-06-21T21:49:05.677Z, expire at: 2023-06-21T21:50:06.677Z), SecretKey(id = 549f050c-1bf3-451b-8f20-a15d7a7e75fa, creation at: 2023-06-21T21:48:35.500Z, expire at: 2023-06-21T21:49:36.500Z), SecretKey(id = f81cb22c-dbdc-432a-a3ff-c04ef2a90eff, creation at: 2023-06-21T21:49:35.677Z, expire at: 2023-06-21T21:50:36.677Z)]
2023-06-21 21:49:35,681 [6554ba57-669d-4c9f-91d9-11f4838b8a27@group-29E1D18647C8-StateMachineUpdater] INFO  symmetric.SecretKeyStateImpl (SecretKeyStateImpl.java:updateKeysInternal(128)) - Current key updated SecretKey(id = f81cb22c-dbdc-432a-a3ff-c04ef2a90eff, creation at: 2023-06-21T21:49:35.677Z, expire at: 2023-06-21T21:50:36.677Z)
2023-06-21 21:49:35,682 [6554ba57-669d-4c9f-91d9-11f4838b8a27@group-29E1D18647C8-StateMachineUpdater] INFO  symmetric.LocalSecretKeyStore (LocalSecretKeyStore.java:save(109)) - Saved [SecretKey(id = f81cb22c-dbdc-432a-a3ff-c04ef2a90eff, creation at: 2023-06-21T21:49:35.677Z, expire at: 2023-06-21T21:50:36.677Z), SecretKey(id = 5b27779a-2fdb-4e1e-86c7-93e4a4e5632c, creation at: 2023-06-21T21:49:05.677Z, expire at: 2023-06-21T21:50:06.677Z), SecretKey(id = 549f050c-1bf3-451b-8f20-a15d7a7e75fa, creation at: 2023-06-21T21:48:35.500Z, expire at: 2023-06-21T21:49:36.500Z)] to file /home/runner/work/ozone/ozone/hadoop-ozone/integration-test/target/test-dir/MiniOzoneClusterImpl-ed2e7ec8-c199-49a5-9fff-29e1d18647c8/scmNode-1/scm/keys/secret_keys.json
2023-06-21 21:49:35,688 [main] INFO  impl.DefaultInternalKdcServerImpl (DefaultInternalKdcServerImpl.java:doStop(102)) - Default Internal kdc server stopped.
2023-06-21 21:49:35,692 [06fbe519-35a2-4226-ad85-372ac4de582e@group-29E1D18647C8-StateMachineUpdater] INFO  symmetric.SecretKeyStateImpl (SecretKeyStateImpl.java:updateKeysInternal(113)) - Updating keys with [SecretKey(id = 5b27779a-2fdb-4e1e-86c7-93e4a4e5632c, creation at: 2023-06-21T21:49:05.677Z, expire at: 2023-06-21T21:50:06.677Z), SecretKey(id = 549f050c-1bf3-451b-8f20-a15d7a7e75fa, creation at: 2023-06-21T21:48:35.500Z, expire at: 2023-06-21T21:49:36.500Z), SecretKey(id = f81cb22c-dbdc-432a-a3ff-c04ef2a90eff, creation at: 2023-06-21T21:49:35.677Z, expire at: 2023-06-21T21:50:36.677Z)]
2023-06-21 21:49:35,693 [06fbe519-35a2-4226-ad85-372ac4de582e@group-29E1D18647C8-StateMachineUpdater] INFO  symmetric.SecretKeyStateImpl (SecretKeyStateImpl.java:updateKeysInternal(128)) - Current key updated SecretKey(id = f81cb22c-dbdc-432a-a3ff-c04ef2a90eff, creation at: 2023-06-21T21:49:35.677Z, expire at: 2023-06-21T21:50:36.677Z)
2023-06-21 21:49:35,694 [06fbe519-35a2-4226-ad85-372ac4de582e@group-29E1D18647C8-StateMachineUpdater] INFO  symmetric.LocalSecretKeyStore (LocalSecretKeyStore.java:save(109)) - Saved [SecretKey(id = f81cb22c-dbdc-432a-a3ff-c04ef2a90eff, creation at: 2023-06-21T21:49:35.677Z, expire at: 2023-06-21T21:50:36.677Z), SecretKey(id = 5b27779a-2fdb-4e1e-86c7-93e4a4e5632c, creation at: 2023-06-21T21:49:05.677Z, expire at: 2023-06-21T21:50:06.677Z), SecretKey(id = 549f050c-1bf3-451b-8f20-a15d7a7e75fa, creation at: 2023-06-21T21:48:35.500Z, expire at: 2023-06-21T21:49:36.500Z)] to file /home/runner/work/ozone/ozone/hadoop-ozone/integration-test/target/test-dir/MiniOzoneClusterImpl-ed2e7ec8-c199-49a5-9fff-29e1d18647c8/scmNode-3/scm/keys/secret_keys.json
2023-06-21 21:49:35,692 [336e6589-5d5b-4942-96a6-e8ef4b976bc7@group-29E1D18647C8-StateMachineUpdater] INFO  symmetric.SecretKeyStateImpl (SecretKeyStateImpl.java:updateKeysInternal(113)) - Updating keys with [SecretKey(id = 5b27779a-2fdb-4e1e-86c7-93e4a4e5632c, creation at: 2023-06-21T21:49:05.677Z, expire at: 2023-06-21T21:50:06.677Z), SecretKey(id = 549f050c-1bf3-451b-8f20-a15d7a7e75fa, creation at: 2023-06-21T21:48:35.500Z, expire at: 2023-06-21T21:49:36.500Z), SecretKey(id = f81cb22c-dbdc-432a-a3ff-c04ef2a90eff, creation at: 2023-06-21T21:49:35.677Z, expire at: 2023-06-21T21:50:36.677Z)]
2023-06-21 21:49:35,695 [336e6589-5d5b-4942-96a6-e8ef4b976bc7@group-29E1D18647C8-StateMachineUpdater] INFO  symmetric.SecretKeyStateImpl (SecretKeyStateImpl.java:updateKeysInternal(128)) - Current key updated SecretKey(id = f81cb22c-dbdc-432a-a3ff-c04ef2a90eff, creation at: 2023-06-21T21:49:35.677Z, expire at: 2023-06-21T21:50:36.677Z)
2023-06-21 21:49:35,697 [336e6589-5d5b-4942-96a6-e8ef4b976bc7@group-29E1D18647C8-StateMachineUpdater] INFO  symmetric.LocalSecretKeyStore (LocalSecretKeyStore.java:save(109)) - Saved [SecretKey(id = f81cb22c-dbdc-432a-a3ff-c04ef2a90eff, creation at: 2023-06-21T21:49:35.677Z, expire at: 2023-06-21T21:50:36.677Z), SecretKey(id = 5b27779a-2fdb-4e1e-86c7-93e4a4e5632c, creation at: 2023-06-21T21:49:05.677Z, expire at: 2023-06-21T21:50:06.677Z), SecretKey(id = 549f050c-1bf3-451b-8f20-a15d7a7e75fa, creation at: 2023-06-21T21:48:35.500Z, expire at: 2023-06-21T21:49:36.500Z)] to file /home/runner/work/ozone/ozone/hadoop-ozone/integration-test/target/test-dir/MiniOzoneClusterImpl-ed2e7ec8-c199-49a5-9fff-29e1d18647c8/scmNode-2/scm/keys/secret_keys.json
2023-06-21 21:49:36,032 [06fbe519-35a2-4226-ad85-372ac4de582e@group-29E1D18647C8-FollowerState] INFO  server.RaftServerConfigKeys (ConfUtils.java:logFallback(53)) - raft.server.rpc.first-election.timeout.min = 5000ms (fallback to raft.server.rpc.timeout.min)
2023-06-21 21:49:36,033 [06fbe519-35a2-4226-ad85-372ac4de582e@group-29E1D18647C8-FollowerState] INFO  server.RaftServerConfigKeys (ConfUtils.java:logFallback(53)) - raft.server.rpc.first-election.timeout.max = 5200ms (fallback to raft.server.rpc.timeout.max)
2023-06-21 21:49:36,510 [Socket Reader #1 for port 15002] INFO  ipc.Server (Server.java:saslProcess(2116)) - Auth successful for scm/fv-az1254-726.qtnbswlwlufehe3u4emko3izng.cx.internal.cloudapp.net@EXAMPLE.COM (auth:KERBEROS) from 10.1.0.15:36195
2023-06-21 21:49:36,512 [Socket Reader #1 for port 15002] INFO  ipc.Server (Server.java:saslProcess(2116)) - Auth successful for scm/fv-az1254-726.qtnbswlwlufehe3u4emko3izng.cx.internal.cloudapp.net@EXAMPLE.COM (auth:KERBEROS) from 10.1.0.15:41545
2023-06-21 21:49:36,522 [SecretKeyPoller] INFO  symmetric.DefaultSecretKeySignerClient (DefaultSecretKeySignerClient.java:checkAndRefresh(122)) - New secret key fetched from SCM: SecretKey(id = f81cb22c-dbdc-432a-a3ff-c04ef2a90eff, creation at: 2023-06-21T21:49:35.677Z, expire at: 2023-06-21T21:50:36.677Z).
2023-06-21 21:49:36,522 [SecretKeyPoller] INFO  symmetric.DefaultSecretKeySignerClient (DefaultSecretKeySignerClient.java:checkAndRefresh(122)) - New secret key fetched from SCM: SecretKey(id = f81cb22c-dbdc-432a-a3ff-c04ef2a90eff, creation at: 2023-06-21T21:49:35.677Z, expire at: 2023-06-21T21:50:36.677Z).
2023-06-21 21:49:36,696 [main] INFO  minikdc.MiniKdc (MiniKdc.java:stop(359)) - MiniKdc stopped.
2023-06-21 21:49:36,696 [main] INFO  ozone.MiniOzoneHAClusterImpl (MiniOzoneHAClusterImpl.java:stop(303)) - Stopping the OzoneManager om1
2023-06-21 21:49:36,696 [main] INFO  om.OzoneManager (OzoneManager.java:stop(2166)) - om1[localhost:15036]: Stopping Ozone Manager
2023-06-21 21:49:36,697 [main] INFO  ipc.Server (Server.java:stop(3501)) - Stopping server on 15036
2023-06-21 21:49:36,702 [IPC Server listener on 15036] INFO  ipc.Server (Server.java:run(1430)) - Stopping IPC Server listener on 15036
2023-06-21 21:49:36,704 [IPC Server Responder] INFO  ipc.Server (Server.java:run(1563)) - Stopping IPC Server Responder
2023-06-21 21:49:36,709 [main] INFO  server.RaftServer (RaftServerProxy.java:lambda$close$6(416)) - om1: close
2023-06-21 21:49:36,709 [main] INFO  server.GrpcService (GrpcService.java:closeImpl(311)) - om1: shutdown server GrpcServerProtocolService now
2023-06-21 21:49:36,709 [om1-impl-thread1] INFO  server.RaftServer$Division (RaftServerImpl.java:lambda$close$4(466)) - om1@group-C5BA1605619E: shutdown
2023-06-21 21:49:36,710 [om1-impl-thread1] INFO  util.JmxRegister (JmxRegister.java:unregister(73)) - Successfully un-registered JMX Bean with object name Ratis:service=RaftServer,group=group-C5BA1605619E,id=om1
2023-06-21 21:49:36,710 [om1-impl-thread1] INFO  impl.RoleInfo (RoleInfo.java:shutdownLeaderState(93)) - om1: shutdown om1@group-C5BA1605619E-LeaderStateImpl
2023-06-21 21:49:36,710 [om1-impl-thread1] INFO  impl.PendingRequests (PendingRequests.java:sendNotLeaderResponses(289)) - om1@group-C5BA1605619E-PendingRequests: sendNotLeaderResponses
2023-06-21 21:49:36,711 [om1-impl-thread1] INFO  impl.StateMachineUpdater (StateMachineUpdater.java:stopAndJoin(155)) - om1@group-C5BA1605619E-StateMachineUpdater: set stopIndex = 0
2023-06-21 21:49:36,712 [om1@group-C5BA1605619E-StateMachineUpdater] INFO  ratis.OzoneManagerStateMachine (OzoneManagerStateMachine.java:takeSnapshot(479)) - Current Snapshot Index (t:1, i:0)
2023-06-21 21:49:36,713 [main] INFO  server.GrpcService (GrpcService.java:closeImpl(320)) - om1: shutdown server GrpcServerProtocolService successfully
2023-06-21 21:49:36,729 [om1@group-C5BA1605619E-StateMachineUpdater] INFO  impl.StateMachineUpdater (StateMachineUpdater.java:takeSnapshot(291)) - om1@group-C5BA1605619E-StateMachineUpdater: Took a snapshot at index 0
2023-06-21 21:49:36,729 [om1@group-C5BA1605619E-StateMachineUpdater] INFO  impl.StateMachineUpdater (StateMachineUpdater.java:lambda$new$0(97)) - om1@group-C5BA1605619E-StateMachineUpdater: snapshotIndex: updateIncreasingly -1 -> 0
2023-06-21 21:49:36,729 [om1@group-C5BA1605619E-StateMachineUpdater] INFO  ratis.OzoneManagerStateMachine (OzoneManagerStateMachine.java:close(533)) - StateMachine has shutdown. Shutdown OzoneManager if not already shutdown.
2023-06-21 21:49:36,729 [om1@group-C5BA1605619E-StateMachineUpdater] INFO  ratis.OzoneManagerDoubleBuffer (OzoneManagerDoubleBuffer.java:stopDaemon(551)) - Stopping OMDoubleBuffer flush thread
2023-06-21 21:49:36,731 [OMDoubleBufferFlushThread] INFO  ratis.OzoneManagerDoubleBuffer (OzoneManagerDoubleBuffer.java:canFlush(638)) - OMDoubleBuffer flush thread OMDoubleBufferFlushThread is interrupted and will exit.
2023-06-21 21:49:36,733 [om1-impl-thread1] INFO  server.RaftServer$Division (ServerState.java:close(472)) - om1@group-C5BA1605619E: closes. applyIndex: 0
2023-06-21 21:49:37,045 [336e6589-5d5b-4942-96a6-e8ef4b976bc7@group-29E1D18647C8-FollowerState] INFO  server.RaftServerConfigKeys (ConfUtils.java:logFallback(53)) - raft.server.rpc.first-election.timeout.min = 5000ms (fallback to raft.server.rpc.timeout.min)
2023-06-21 21:49:37,045 [336e6589-5d5b-4942-96a6-e8ef4b976bc7@group-29E1D18647C8-FollowerState] INFO  server.RaftServerConfigKeys (ConfUtils.java:logFallback(53)) - raft.server.rpc.first-election.timeout.max = 5200ms (fallback to raft.server.rpc.timeout.max)
2023-06-21 21:49:37,466 [om1-impl-thread1] INFO  segmented.SegmentedRaftLogWorker (SegmentedRaftLogWorker.java:close(252)) - om1@group-C5BA1605619E-SegmentedRaftLogWorker close()
2023-06-21 21:49:37,466 [JvmPauseMonitor3] INFO  util.JvmPauseMonitor (JvmPauseMonitor.java:run(109)) - JvmPauseMonitor-om1: Stopped
2023-06-21 21:49:37,467 [main] INFO  ratis.OzoneManagerStateMachine (OzoneManagerStateMachine.java:close(533)) - StateMachine has shutdown. Shutdown OzoneManager if not already shutdown.
2023-06-21 21:49:37,467 [main] INFO  ratis.OzoneManagerDoubleBuffer (OzoneManagerDoubleBuffer.java:stopDaemon(560)) - OMDoubleBuffer flush thread is not running.
2023-06-21 21:49:37,468 [main] INFO  utils.BackgroundService (BackgroundService.java:shutdown(141)) - Shutting down service KeyDeletingService
2023-06-21 21:49:37,468 [main] INFO  utils.BackgroundService (BackgroundService.java:shutdown(141)) - Shutting down service KeyDeletingService
2023-06-21 21:49:37,468 [main] INFO  utils.BackgroundService (BackgroundService.java:shutdown(141)) - Shutting down service OpenKeyCleanupService
2023-06-21 21:49:37,469 [main] INFO  utils.BackgroundService (BackgroundService.java:shutdown(141)) - Shutting down service SstFilteringService
2023-06-21 21:49:37,469 [main] INFO  utils.BackgroundService (BackgroundService.java:shutdown(141)) - Shutting down service SnapshotDeletingService
2023-06-21 21:49:37,469 [main] INFO  om.OzoneManager (OzoneManager.java:stopSecretManager(1038)) - Stopping secret key client.
2023-06-21 21:49:37,469 [main] INFO  om.OzoneManager (OzoneManager.java:stopSecretManager(1043)) - Stopping OM delegation token secret manager.
2023-06-21 21:49:37,469 [Thread[Thread-511,5,main]] INFO  security.OzoneDelegationTokenSecretManager (OzoneDelegationTokenSecretManager.java:run(653)) - ExpiredTokenRemover was interrupted.
java.lang.InterruptedException: sleep interrupted
	at java.lang.Thread.sleep(Native Method)
	at org.apache.hadoop.ozone.security.OzoneDelegationTokenSecretManager$ExpiredTokenRemover.run(OzoneDelegationTokenSecretManager.java:649)
	at java.lang.Thread.run(Thread.java:750)
2023-06-21 21:49:37,472 [main] INFO  handler.ContextHandler (ContextHandler.java:doStop(1159)) - Stopped o.e.j.w.WebAppContext@29d52661{ozoneManager,/,null,STOPPED}{file:/home/runner/work/ozone/ozone/hadoop-ozone/integration-test/target/test-classes/webapps/ozoneManager}
2023-06-21 21:49:37,476 [main] INFO  server.AbstractConnector (AbstractConnector.java:doStop(383)) - Stopped ServerConnector@37c595f4{HTTP/1.1, (http/1.1)}{0.0.0.0:15037}
2023-06-21 21:49:37,477 [main] INFO  server.session (HouseKeeper.java:stopScavenging(149)) - node0 Stopped scavenging
2023-06-21 21:49:37,477 [main] INFO  handler.ContextHandler (ContextHandler.java:doStop(1159)) - Stopped o.e.j.s.ServletContextHandler@37816f9e{static,/static,file:///home/runner/work/ozone/ozone/hadoop-ozone/integration-test/target/test-classes/webapps/static,STOPPED}
2023-06-21 21:49:37,477 [main] INFO  handler.ContextHandler (ContextHandler.java:doStop(1159)) - Stopped o.e.j.s.ServletContextHandler@7cc3f3fa{logs,/logs,file:///home/runner/work/ozone/ozone/hadoop-ozone/integration-test/target/log,STOPPED}
2023-06-21 21:49:37,483 [main] INFO  snapshot.SnapshotDiffManager (SnapshotDiffManager.java:closeExecutorService(1421)) - Shutting down executorService: 'SnapDiffExecutor'
2023-06-21 21:49:37,483 [main] INFO  snapshot.SnapshotDiffManager (SnapshotDiffManager.java:closeExecutorService(1421)) - Shutting down executorService: 'SstDumpToolExecutor'
2023-06-21 21:49:37,483 [main] INFO  utils.BackgroundService (BackgroundService.java:shutdown(141)) - Shutting down service SnapshotDiffCleanupService
2023-06-21 21:49:37,485 [main] INFO  ozone.MiniOzoneHAClusterImpl (MiniOzoneHAClusterImpl.java:stop(311)) - Stopping the StorageContainerManager 336e6589-5d5b-4942-96a6-e8ef4b976bc7
2023-06-21 21:49:37,485 [main] INFO  server.StorageContainerManager (StorageContainerManager.java:stop(1596)) - Container Balancer is not running.
2023-06-21 21:49:37,485 [main] INFO  server.StorageContainerManager (StorageContainerManager.java:stopReplicationManager(1729)) - Stopping Replication Manager Service.
2023-06-21 21:49:37,485 [main] INFO  replication.ReplicationManager (ReplicationManager.java:stop(319)) - Stopping Replication Monitor Thread.
2023-06-21 21:49:37,485 [Under Replicated Processor] WARN  replication.UnhealthyReplicationProcessor (UnhealthyReplicationProcessor.java:run(180)) - Under Replicated Processor interrupted. Exiting...
2023-06-21 21:49:37,486 [ReplicationMonitor] INFO  replication.ReplicationManager (ReplicationManager.java:run(918)) - Replication Monitor Thread is stopped
2023-06-21 21:49:37,486 [Over Replicated Processor] WARN  replication.UnhealthyReplicationProcessor (UnhealthyReplicationProcessor.java:run(180)) - Over Replicated Processor interrupted. Exiting...
2023-06-21 21:49:37,486 [main] INFO  server.StorageContainerManager (StorageContainerManager.java:stop(1605)) - Stopping the Datanode Admin Monitor.
2023-06-21 21:49:37,486 [main] INFO  server.StorageContainerManager (StorageContainerManager.java:stop(1612)) - Stopping datanode service RPC server
2023-06-21 21:49:37,486 [main] INFO  server.SCMDatanodeProtocolServer (SCMDatanodeProtocolServer.java:stop(424)) - Stopping the RPC server for DataNodes
2023-06-21 21:49:37,487 [main] INFO  ipc.Server (Server.java:stop(3501)) - Stopping server on 15012
2023-06-21 21:49:37,488 [IPC Server listener on 15012] INFO  ipc.Server (Server.java:run(1430)) - Stopping IPC Server listener on 15012
2023-06-21 21:49:37,490 [IPC Server Responder] INFO  ipc.Server (Server.java:run(1563)) - Stopping IPC Server Responder
2023-06-21 21:49:37,571 [SCM Heartbeat Processing Thread - 0] WARN  node.NodeStateManager (NodeStateManager.java:scheduleNextHealthCheck(870)) - Current Thread is interrupted, shutting down HB processing thread for Node Manager.
2023-06-21 21:49:37,573 [main] INFO  server.StorageContainerManager (StorageContainerManager.java:stop(1620)) - Stopping block service RPC server
2023-06-21 21:49:37,574 [main] INFO  server.SCMBlockProtocolServer (SCMBlockProtocolServer.java:stop(161)) - Stopping the RPC server for Block Protocol
2023-06-21 21:49:37,574 [main] INFO  ipc.Server (Server.java:stop(3501)) - Stopping server on 15015
2023-06-21 21:49:37,578 [IPC Server listener on 15015] INFO  ipc.Server (Server.java:run(1430)) - Stopping IPC Server listener on 15015
2023-06-21 21:49:37,578 [IPC Server Responder] INFO  ipc.Server (Server.java:run(1563)) - Stopping IPC Server Responder
2023-06-21 21:49:37,582 [main] INFO  server.StorageContainerManager (StorageContainerManager.java:stop(1627)) - Stopping the StorageContainerLocationProtocol RPC server
2023-06-21 21:49:37,582 [main] INFO  server.SCMClientProtocolServer (SCMClientProtocolServer.java:stop(210)) - Stopping the RPC server for Client Protocol
2023-06-21 21:49:37,582 [main] INFO  ipc.Server (Server.java:stop(3501)) - Stopping server on 15013
2023-06-21 21:49:37,584 [IPC Server Responder] INFO  ipc.Server (Server.java:run(1563)) - Stopping IPC Server Responder
2023-06-21 21:49:37,585 [IPC Server listener on 15013] INFO  ipc.Server (Server.java:run(1430)) - Stopping IPC Server listener on 15013
2023-06-21 21:49:37,586 [main] INFO  server.StorageContainerManager (StorageContainerManager.java:stop(1634)) - Stopping Storage Container Manager HTTP server.
2023-06-21 21:49:37,587 [main] INFO  handler.ContextHandler (ContextHandler.java:doStop(1159)) - Stopped o.e.j.w.WebAppContext@1f96db42{scm,/,null,STOPPED}{file:/home/runner/work/ozone/ozone/hadoop-ozone/integration-test/target/test-classes/webapps/scm}
2023-06-21 21:49:37,588 [main] INFO  server.AbstractConnector (AbstractConnector.java:doStop(383)) - Stopped ServerConnector@762f5d34{HTTP/1.1, (http/1.1)}{0.0.0.0:15008}
2023-06-21 21:49:37,588 [main] INFO  server.session (HouseKeeper.java:stopScavenging(149)) - node0 Stopped scavenging
2023-06-21 21:49:37,588 [main] INFO  handler.ContextHandler (ContextHandler.java:doStop(1159)) - Stopped o.e.j.s.ServletContextHandler@51e68bcd{static,/static,file:///home/runner/work/ozone/ozone/hadoop-ozone/integration-test/target/test-classes/webapps/static,STOPPED}
2023-06-21 21:49:37,589 [main] INFO  handler.ContextHandler (ContextHandler.java:doStop(1159)) - Stopped o.e.j.s.ServletContextHandler@4b9fd79{logs,/logs,file:///home/runner/work/ozone/ozone/hadoop-ozone/integration-test/target/log,STOPPED}
2023-06-21 21:49:37,589 [main] INFO  server.StorageContainerManager (StorageContainerManager.java:stop(1642)) - Stopping SCM LayoutVersionManager Service.
2023-06-21 21:49:37,590 [main] INFO  server.SCMSecurityProtocolServer (SCMSecurityProtocolServer.java:stop(499)) - Stopping the SCMSecurityProtocolServer.
2023-06-21 21:49:37,590 [main] INFO  ipc.Server (Server.java:stop(3501)) - Stopping server on 15010
2023-06-21 21:49:37,591 [IPC Server listener on 15010] INFO  ipc.Server (Server.java:run(1430)) - Stopping IPC Server listener on 15010
2023-06-21 21:49:37,591 [IPC Server Responder] INFO  ipc.Server (Server.java:run(1563)) - Stopping IPC Server Responder
2023-06-21 21:49:37,593 [main] INFO  server.SCMUpdateServiceGrpcServer (SCMUpdateServiceGrpcServer.java:stop(73)) - SCMUpdateService stopping
2023-06-21 21:49:37,593 [main] INFO  server.SCMUpdateServiceGrpcServer (SCMUpdateServiceGrpcServer.java:stop(85)) - SCMUpdateService stopped!
2023-06-21 21:49:37,594 [main] INFO  server.StorageContainerManager (StorageContainerManager.java:stop(1654)) - Stopping Block Manager Service.
2023-06-21 21:49:37,594 [main] INFO  utils.BackgroundService (BackgroundService.java:shutdown(141)) - Shutting down service SCMBlockDeletingService
2023-06-21 21:49:37,594 [main] INFO  utils.BackgroundService (BackgroundService.java:shutdown(141)) - Shutting down service SCMBlockDeletingService
2023-06-21 21:49:37,594 [main] INFO  server.StorageContainerManager (StorageContainerManager.java:stop(1674)) - Stopping SCM Event Queue.
2023-06-21 21:49:37,596 [main] INFO  server.StorageContainerManager (StorageContainerManager.java:stop(1685)) - Stopping SCM HA services.
2023-06-21 21:49:37,596 [main] INFO  ha.SCMRatisServerImpl (SCMRatisServerImpl.java:stop(254)) - stopping ratis server 0.0.0.0:15011
2023-06-21 21:49:37,598 [main] INFO  server.RaftServer (RaftServerProxy.java:lambda$close$6(416)) - 336e6589-5d5b-4942-96a6-e8ef4b976bc7: close
2023-06-21 21:49:37,598 [main] INFO  server.GrpcService (GrpcService.java:closeImpl(311)) - 336e6589-5d5b-4942-96a6-e8ef4b976bc7: shutdown server GrpcServerProtocolService now
2023-06-21 21:49:37,598 [336e6589-5d5b-4942-96a6-e8ef4b976bc7-impl-thread1] INFO  server.RaftServer$Division (RaftServerImpl.java:lambda$close$4(466)) - 336e6589-5d5b-4942-96a6-e8ef4b976bc7@group-29E1D18647C8: shutdown
2023-06-21 21:49:37,598 [336e6589-5d5b-4942-96a6-e8ef4b976bc7-impl-thread1] INFO  util.JmxRegister (JmxRegister.java:unregister(73)) - Successfully un-registered JMX Bean with object name Ratis:service=RaftServer,group=group-29E1D18647C8,id=336e6589-5d5b-4942-96a6-e8ef4b976bc7
2023-06-21 21:49:37,598 [336e6589-5d5b-4942-96a6-e8ef4b976bc7-impl-thread1] INFO  impl.RoleInfo (RoleInfo.java:shutdownFollowerState(110)) - 336e6589-5d5b-4942-96a6-e8ef4b976bc7: shutdown 336e6589-5d5b-4942-96a6-e8ef4b976bc7@group-29E1D18647C8-FollowerState
2023-06-21 21:49:37,598 [336e6589-5d5b-4942-96a6-e8ef4b976bc7-impl-thread1] INFO  impl.StateMachineUpdater (StateMachineUpdater.java:stopAndJoin(155)) - 336e6589-5d5b-4942-96a6-e8ef4b976bc7@group-29E1D18647C8-StateMachineUpdater: set stopIndex = 207
2023-06-21 21:49:37,598 [336e6589-5d5b-4942-96a6-e8ef4b976bc7@group-29E1D18647C8-FollowerState] INFO  impl.FollowerState (FollowerState.java:run(152)) - 336e6589-5d5b-4942-96a6-e8ef4b976bc7@group-29E1D18647C8-FollowerState was interrupted
2023-06-21 21:49:37,600 [336e6589-5d5b-4942-96a6-e8ef4b976bc7@group-29E1D18647C8-StateMachineUpdater] INFO  ha.SCMStateMachine (SCMStateMachine.java:takeSnapshot(330)) - Current Snapshot Index 207, takeSnapshot took 1 ms
2023-06-21 21:49:37,600 [336e6589-5d5b-4942-96a6-e8ef4b976bc7@group-29E1D18647C8-StateMachineUpdater] INFO  impl.StateMachineUpdater (StateMachineUpdater.java:takeSnapshot(291)) - 336e6589-5d5b-4942-96a6-e8ef4b976bc7@group-29E1D18647C8-StateMachineUpdater: Took a snapshot at index 207
2023-06-21 21:49:37,600 [336e6589-5d5b-4942-96a6-e8ef4b976bc7@group-29E1D18647C8-StateMachineUpdater] INFO  impl.StateMachineUpdater (StateMachineUpdater.java:lambda$new$0(97)) - 336e6589-5d5b-4942-96a6-e8ef4b976bc7@group-29E1D18647C8-StateMachineUpdater: snapshotIndex: updateIncreasingly 200 -> 207
2023-06-21 21:49:37,600 [336e6589-5d5b-4942-96a6-e8ef4b976bc7@group-29E1D18647C8-StateMachineUpdater] INFO  server.StorageContainerManager (StorageContainerManager.java:stop(1585)) - Storage Container Manager is not running.
2023-06-21 21:49:37,600 [336e6589-5d5b-4942-96a6-e8ef4b976bc7@group-29E1D18647C8-StateMachineUpdater] INFO  server.StorageContainerManager (StorageContainerManager.java:stopReplicationManager(1729)) - Stopping Replication Manager Service.
2023-06-21 21:49:37,600 [336e6589-5d5b-4942-96a6-e8ef4b976bc7@group-29E1D18647C8-StateMachineUpdater] INFO  replication.ReplicationManager (ReplicationManager.java:stop(329)) - Replication Monitor Thread is not running.
2023-06-21 21:49:37,600 [336e6589-5d5b-4942-96a6-e8ef4b976bc7@group-29E1D18647C8-StateMachineUpdater] INFO  server.StorageContainerManager (ExitUtils.java:terminate(131)) - Terminating with exit status 0: scm statemachine is closed by ratis, terminate SCM
2023-06-21 21:49:37,600 [336e6589-5d5b-4942-96a6-e8ef4b976bc7@group-29E1D18647C8-StateMachineUpdater] WARN  impl.StateMachineUpdater (StateMachineUpdater.java:stop(139)) - 336e6589-5d5b-4942-96a6-e8ef4b976bc7@group-29E1D18647C8-StateMachineUpdater: Failed to close SCMStateMachine SCMStateMachine:336e6589-5d5b-4942-96a6-e8ef4b976bc7:group-29E1D18647C8
org.apache.ratis.util.ExitUtils$ExitException: scm statemachine is closed by ratis, terminate SCM
	at org.apache.ratis.util.ExitUtils.terminate(ExitUtils.java:141)
	at org.apache.ratis.util.ExitUtils.terminate(ExitUtils.java:151)
	at org.apache.ratis.util.ExitUtils.terminate(ExitUtils.java:155)
	at org.apache.hadoop.hdds.scm.server.StorageContainerManager.shutDown(StorageContainerManager.java:1739)
	at org.apache.hadoop.hdds.scm.ha.SCMStateMachine.close(SCMStateMachine.java:445)
	at org.apache.ratis.server.impl.StateMachineUpdater.stop(StateMachineUpdater.java:134)
	at org.apache.ratis.server.impl.StateMachineUpdater.run(StateMachineUpdater.java:189)
	at java.lang.Thread.run(Thread.java:750)
2023-06-21 21:49:37,600 [336e6589-5d5b-4942-96a6-e8ef4b976bc7-impl-thread1] INFO  server.RaftServer$Division (ServerState.java:close(472)) - 336e6589-5d5b-4942-96a6-e8ef4b976bc7@group-29E1D18647C8: closes. applyIndex: 206
2023-06-21 21:49:37,605 [grpc-default-executor-0] WARN  server.GrpcServerProtocolService (LogUtils.java:warn(122)) - 336e6589-5d5b-4942-96a6-e8ef4b976bc7: APPEND_ENTRIES onError, lastRequest: 6554ba57-669d-4c9f-91d9-11f4838b8a27->336e6589-5d5b-4942-96a6-e8ef4b976bc7#329-t2,previous=(t:2, i:207),leaderCommit=207,initializing? true,entries: size=1, first=(t:2, i:208), METADATAENTRY(c:207): org.apache.ratis.thirdparty.io.grpc.StatusRuntimeException: CANCELLED: client cancelled
2023-06-21 21:49:37,605 [grpc-default-executor-0] WARN  server.GrpcServerProtocolService (LogUtils.java:warn(122)) - 336e6589-5d5b-4942-96a6-e8ef4b976bc7: APPEND_ENTRIES onError, lastRequest: null: org.apache.ratis.thirdparty.io.grpc.StatusRuntimeException: CANCELLED: client cancelled
2023-06-21 21:49:37,613 [grpc-default-executor-0] WARN  server.GrpcLogAppender (LogUtils.java:warn(122)) - 6554ba57-669d-4c9f-91d9-11f4838b8a27@group-29E1D18647C8->336e6589-5d5b-4942-96a6-e8ef4b976bc7-AppendLogResponseHandler: Failed appendEntries: org.apache.ratis.thirdparty.io.grpc.StatusRuntimeException: CANCELLED: RST_STREAM closed stream. HTTP/2 error code: CANCEL
2023-06-21 21:49:37,614 [grpc-default-executor-4] WARN  server.GrpcLogAppender (LogUtils.java:warn(122)) - 6554ba57-669d-4c9f-91d9-11f4838b8a27@group-29E1D18647C8->336e6589-5d5b-4942-96a6-e8ef4b976bc7-AppendLogResponseHandler: Failed appendEntries: org.apache.ratis.thirdparty.io.grpc.StatusRuntimeException: CANCELLED: RST_STREAM closed stream. HTTP/2 error code: CANCEL
2023-06-21 21:49:37,615 [grpc-default-executor-0] INFO  leader.FollowerInfo (FollowerInfoImpl.java:lambda$new$0(52)) - 6554ba57-669d-4c9f-91d9-11f4838b8a27@group-29E1D18647C8->336e6589-5d5b-4942-96a6-e8ef4b976bc7: decreaseNextIndex nextIndex: updateUnconditionally 209 -> 208
2023-06-21 21:49:37,616 [grpc-default-executor-4] INFO  leader.FollowerInfo (FollowerInfoImpl.java:lambda$new$0(52)) - 6554ba57-669d-4c9f-91d9-11f4838b8a27@group-29E1D18647C8->336e6589-5d5b-4942-96a6-e8ef4b976bc7: decreaseNextIndex nextIndex: updateUnconditionally 208 -> 207
2023-06-21 21:49:37,622 [main] INFO  server.GrpcService (GrpcService.java:closeImpl(320)) - 336e6589-5d5b-4942-96a6-e8ef4b976bc7: shutdown server GrpcServerProtocolService successfully
2023-06-21 21:49:37,694 [336e6589-5d5b-4942-96a6-e8ef4b976bc7-impl-thread1] INFO  segmented.SegmentedRaftLogWorker (SegmentedRaftLogWorker.java:close(252)) - 336e6589-5d5b-4942-96a6-e8ef4b976bc7@group-29E1D18647C8-SegmentedRaftLogWorker close()
2023-06-21 21:49:37,695 [JvmPauseMonitor2] INFO  util.JvmPauseMonitor (JvmPauseMonitor.java:run(109)) - JvmPauseMonitor-336e6589-5d5b-4942-96a6-e8ef4b976bc7: Stopped
2023-06-21 21:49:37,696 [main] INFO  SCMHATransactionMonitor (BackgroundSCMService.java:stop(131)) - Stopping SCMHATransactionMonitor Service.
2023-06-21 21:49:37,696 [SCMHATransactionMonitorThread] WARN  SCMHATransactionMonitor (BackgroundSCMService.java:run(115)) - SCMHATransactionMonitor is interrupted, exit
2023-06-21 21:49:37,696 [main] INFO  pipeline.BackgroundPipelineCreator (BackgroundPipelineCreator.java:stop(149)) - Stopping RatisPipelineUtilsThread.
2023-06-21 21:49:37,696 [RatisPipelineUtilsThread - 0] WARN  pipeline.BackgroundPipelineCreator (BackgroundPipelineCreator.java:run(180)) - RatisPipelineUtilsThread is interrupted.
2023-06-21 21:49:37,696 [main] INFO  BackgroundPipelineScrubber (BackgroundSCMService.java:stop(131)) - Stopping BackgroundPipelineScrubber Service.
2023-06-21 21:49:37,696 [BackgroundPipelineScrubberThread] WARN  BackgroundPipelineScrubber (BackgroundSCMService.java:run(115)) - BackgroundPipelineScrubber is interrupted, exit
2023-06-21 21:49:37,697 [main] INFO  impl.MetricsSystemImpl (MetricsSystemImpl.java:stop(210)) - Stopping StorageContainerManager metrics system...
2023-06-21 21:49:37,705 [prometheus] INFO  impl.MetricsSinkAdapter (MetricsSinkAdapter.java:publishMetricsFromQueue(141)) - prometheus thread interrupted.
2023-06-21 21:49:37,706 [main] INFO  impl.MetricsSystemImpl (MetricsSystemImpl.java:stop(216)) - StorageContainerManager metrics system stopped.
2023-06-21 21:49:37,707 [main] WARN  pipeline.BackgroundPipelineCreator (BackgroundPipelineCreator.java:stop(145)) - RatisPipelineUtilsThread is not running, just ignore.
2023-06-21 21:49:37,707 [main] INFO  BackgroundPipelineScrubber (BackgroundSCMService.java:stop(126)) - BackgroundPipelineScrubber Service is not running, skip stop.
2023-06-21 21:49:37,707 [main] INFO  ExpiredContainerReplicaOpScrubber (BackgroundSCMService.java:stop(131)) - Stopping ExpiredContainerReplicaOpScrubber Service.
2023-06-21 21:49:37,707 [ExpiredContainerReplicaOpScrubberThread] WARN  ExpiredContainerReplicaOpScrubber (BackgroundSCMService.java:run(115)) - ExpiredContainerReplicaOpScrubber is interrupted, exit
2023-06-21 21:49:37,707 [main] INFO  utils.BackgroundService (BackgroundService.java:shutdown(141)) - Shutting down service SCMBlockDeletingService
2023-06-21 21:49:37,710 [main] INFO  replication.ReplicationManager (ReplicationManager.java:stop(329)) - Replication Monitor Thread is not running.
2023-06-21 21:49:37,710 [main] WARN  balancer.ContainerBalancer (ContainerBalancer.java:stop(328)) - Cannot stop Container Balancer because it's not running or stopping
2023-06-21 21:49:37,710 [main] INFO  SCMHATransactionMonitor (BackgroundSCMService.java:stop(126)) - SCMHATransactionMonitor Service is not running, skip stop.
2023-06-21 21:49:37,710 [Lease Manager-LeaseManager#LeaseMonitor] WARN  lease.LeaseManager (LeaseManager.java:run(272)) - Lease manager is interrupted. Shutting down...
java.lang.InterruptedException
	at java.util.concurrent.locks.AbstractQueuedSynchronizer.doAcquireSharedNanos(AbstractQueuedSynchronizer.java:1039)
	at java.util.concurrent.locks.AbstractQueuedSynchronizer.tryAcquireSharedNanos(AbstractQueuedSynchronizer.java:1328)
	at java.util.concurrent.Semaphore.tryAcquire(Semaphore.java:409)
	at org.apache.hadoop.ozone.lease.LeaseManager$LeaseMonitor.run(LeaseManager.java:270)
	at java.lang.Thread.run(Thread.java:750)
2023-06-21 21:49:37,711 [main] INFO  server.StorageContainerManager (StorageContainerManager.java:stop(1720)) - Stopping SCM MetadataStore.
2023-06-21 21:49:37,712 [main] INFO  server.SCMSecurityProtocolServer (SCMSecurityProtocolServer.java:join(509)) - Join RPC server for SCMSecurityProtocolServer.
2023-06-21 21:49:37,712 [main] INFO  server.SCMSecurityProtocolServer (SCMSecurityProtocolServer.java:join(511)) - Join gRPC server for SCMSecurityProtocolServer.
2023-06-21 21:49:37,712 [main] INFO  ozone.MiniOzoneHAClusterImpl (MiniOzoneHAClusterImpl.java:stop(311)) - Stopping the StorageContainerManager 06fbe519-35a2-4226-ad85-372ac4de582e
2023-06-21 21:49:37,712 [main] INFO  server.StorageContainerManager (StorageContainerManager.java:stop(1596)) - Container Balancer is not running.
2023-06-21 21:49:37,712 [main] INFO  server.StorageContainerManager (StorageContainerManager.java:stopReplicationManager(1729)) - Stopping Replication Manager Service.
2023-06-21 21:49:37,712 [main] INFO  replication.ReplicationManager (ReplicationManager.java:stop(319)) - Stopping Replication Monitor Thread.
2023-06-21 21:49:37,712 [Under Replicated Processor] WARN  replication.UnhealthyReplicationProcessor (UnhealthyReplicationProcessor.java:run(180)) - Under Replicated Processor interrupted. Exiting...
2023-06-21 21:49:37,712 [ReplicationMonitor] INFO  replication.ReplicationManager (ReplicationManager.java:run(918)) - Replication Monitor Thread is stopped
2023-06-21 21:49:37,713 [Over Replicated Processor] WARN  replication.UnhealthyReplicationProcessor (UnhealthyReplicationProcessor.java:run(180)) - Over Replicated Processor interrupted. Exiting...
2023-06-21 21:49:37,713 [main] INFO  server.StorageContainerManager (StorageContainerManager.java:stop(1605)) - Stopping the Datanode Admin Monitor.
2023-06-21 21:49:37,713 [main] INFO  server.StorageContainerManager (StorageContainerManager.java:stop(1612)) - Stopping datanode service RPC server
2023-06-21 21:49:37,713 [main] INFO  server.SCMDatanodeProtocolServer (SCMDatanodeProtocolServer.java:stop(424)) - Stopping the RPC server for DataNodes
2023-06-21 21:49:37,713 [main] INFO  ipc.Server (Server.java:stop(3501)) - Stopping server on 15020
2023-06-21 21:49:37,715 [IPC Server Responder] INFO  ipc.Server (Server.java:run(1563)) - Stopping IPC Server Responder
2023-06-21 21:49:37,715 [IPC Server listener on 15020] INFO  ipc.Server (Server.java:run(1430)) - Stopping IPC Server listener on 15020
2023-06-21 21:49:37,772 [SCM Heartbeat Processing Thread - 0] WARN  node.NodeStateManager (NodeStateManager.java:scheduleNextHealthCheck(870)) - Current Thread is interrupted, shutting down HB processing thread for Node Manager.
2023-06-21 21:49:37,772 [main] INFO  server.StorageContainerManager (StorageContainerManager.java:stop(1620)) - Stopping block service RPC server
2023-06-21 21:49:37,772 [main] INFO  server.SCMBlockProtocolServer (SCMBlockProtocolServer.java:stop(161)) - Stopping the RPC server for Block Protocol
2023-06-21 21:49:37,772 [main] INFO  ipc.Server (Server.java:stop(3501)) - Stopping server on 15023
2023-06-21 21:49:37,773 [IPC Server listener on 15023] INFO  ipc.Server (Server.java:run(1430)) - Stopping IPC Server listener on 15023
2023-06-21 21:49:37,776 [IPC Server Responder] INFO  ipc.Server (Server.java:run(1563)) - Stopping IPC Server Responder
2023-06-21 21:49:37,777 [main] INFO  server.StorageContainerManager (StorageContainerManager.java:stop(1627)) - Stopping the StorageContainerLocationProtocol RPC server
2023-06-21 21:49:37,777 [main] INFO  server.SCMClientProtocolServer (SCMClientProtocolServer.java:stop(210)) - Stopping the RPC server for Client Protocol
2023-06-21 21:49:37,777 [main] INFO  ipc.Server (Server.java:stop(3501)) - Stopping server on 15021
2023-06-21 21:49:37,780 [IPC Server Responder] INFO  ipc.Server (Server.java:run(1563)) - Stopping IPC Server Responder
2023-06-21 21:49:37,780 [IPC Server listener on 15021] INFO  ipc.Server (Server.java:run(1430)) - Stopping IPC Server listener on 15021
2023-06-21 21:49:37,780 [main] INFO  server.StorageContainerManager (StorageContainerManager.java:stop(1634)) - Stopping Storage Container Manager HTTP server.
2023-06-21 21:49:37,782 [main] INFO  handler.ContextHandler (ContextHandler.java:doStop(1159)) - Stopped o.e.j.w.WebAppContext@5b44c03e{scm,/,null,STOPPED}{file:/home/runner/work/ozone/ozone/hadoop-ozone/integration-test/target/test-classes/webapps/scm}
2023-06-21 21:49:37,783 [main] INFO  server.AbstractConnector (AbstractConnector.java:doStop(383)) - Stopped ServerConnector@70164894{HTTP/1.1, (http/1.1)}{0.0.0.0:15016}
2023-06-21 21:49:37,783 [main] INFO  server.session (HouseKeeper.java:stopScavenging(149)) - node0 Stopped scavenging
2023-06-21 21:49:37,784 [main] INFO  handler.ContextHandler (ContextHandler.java:doStop(1159)) - Stopped o.e.j.s.ServletContextHandler@16b6b70e{static,/static,file:///home/runner/work/ozone/ozone/hadoop-ozone/integration-test/target/test-classes/webapps/static,STOPPED}
2023-06-21 21:49:37,784 [main] INFO  handler.ContextHandler (ContextHandler.java:doStop(1159)) - Stopped o.e.j.s.ServletContextHandler@5c508c56{logs,/logs,file:///home/runner/work/ozone/ozone/hadoop-ozone/integration-test/target/log,STOPPED}
2023-06-21 21:49:37,785 [main] INFO  server.StorageContainerManager (StorageContainerManager.java:stop(1642)) - Stopping SCM LayoutVersionManager Service.
2023-06-21 21:49:37,785 [main] INFO  server.SCMSecurityProtocolServer (SCMSecurityProtocolServer.java:stop(499)) - Stopping the SCMSecurityProtocolServer.
2023-06-21 21:49:37,785 [main] INFO  ipc.Server (Server.java:stop(3501)) - Stopping server on 15018
2023-06-21 21:49:37,787 [IPC Server listener on 15018] INFO  ipc.Server (Server.java:run(1430)) - Stopping IPC Server listener on 15018
2023-06-21 21:49:37,787 [IPC Server Responder] INFO  ipc.Server (Server.java:run(1563)) - Stopping IPC Server Responder
2023-06-21 21:49:37,788 [main] INFO  server.SCMUpdateServiceGrpcServer (SCMUpdateServiceGrpcServer.java:stop(73)) - SCMUpdateService stopping
2023-06-21 21:49:37,790 [main] INFO  server.SCMUpdateServiceGrpcServer (SCMUpdateServiceGrpcServer.java:stop(85)) - SCMUpdateService stopped!
2023-06-21 21:49:37,790 [main] INFO  server.StorageContainerManager (StorageContainerManager.java:stop(1654)) - Stopping Block Manager Service.
2023-06-21 21:49:37,790 [main] INFO  utils.BackgroundService (BackgroundService.java:shutdown(141)) - Shutting down service SCMBlockDeletingService
2023-06-21 21:49:37,790 [main] INFO  utils.BackgroundService (BackgroundService.java:shutdown(141)) - Shutting down service SCMBlockDeletingService
2023-06-21 21:49:37,790 [main] INFO  server.StorageContainerManager (StorageContainerManager.java:stop(1674)) - Stopping SCM Event Queue.
2023-06-21 21:49:37,791 [main] INFO  server.StorageContainerManager (StorageContainerManager.java:stop(1685)) - Stopping SCM HA services.
2023-06-21 21:49:37,791 [main] INFO  ha.SCMRatisServerImpl (SCMRatisServerImpl.java:stop(254)) - stopping ratis server 0.0.0.0:15019
2023-06-21 21:49:37,792 [main] INFO  server.RaftServer (RaftServerProxy.java:lambda$close$6(416)) - 06fbe519-35a2-4226-ad85-372ac4de582e: close
2023-06-21 21:49:37,793 [06fbe519-35a2-4226-ad85-372ac4de582e-impl-thread1] INFO  server.RaftServer$Division (RaftServerImpl.java:lambda$close$4(466)) - 06fbe519-35a2-4226-ad85-372ac4de582e@group-29E1D18647C8: shutdown
2023-06-21 21:49:37,793 [06fbe519-35a2-4226-ad85-372ac4de582e-impl-thread1] INFO  util.JmxRegister (JmxRegister.java:unregister(73)) - Successfully un-registered JMX Bean with object name Ratis:service=RaftServer,group=group-29E1D18647C8,id=06fbe519-35a2-4226-ad85-372ac4de582e
2023-06-21 21:49:37,793 [06fbe519-35a2-4226-ad85-372ac4de582e-impl-thread1] INFO  impl.RoleInfo (RoleInfo.java:shutdownFollowerState(110)) - 06fbe519-35a2-4226-ad85-372ac4de582e: shutdown 06fbe519-35a2-4226-ad85-372ac4de582e@group-29E1D18647C8-FollowerState
2023-06-21 21:49:37,793 [06fbe519-35a2-4226-ad85-372ac4de582e-impl-thread1] INFO  impl.StateMachineUpdater (StateMachineUpdater.java:stopAndJoin(155)) - 06fbe519-35a2-4226-ad85-372ac4de582e@group-29E1D18647C8-StateMachineUpdater: set stopIndex = 207
2023-06-21 21:49:37,793 [06fbe519-35a2-4226-ad85-372ac4de582e@group-29E1D18647C8-FollowerState] INFO  impl.FollowerState (FollowerState.java:run(152)) - 06fbe519-35a2-4226-ad85-372ac4de582e@group-29E1D18647C8-FollowerState was interrupted
2023-06-21 21:49:37,794 [06fbe519-35a2-4226-ad85-372ac4de582e@group-29E1D18647C8-StateMachineUpdater] INFO  ha.SCMStateMachine (SCMStateMachine.java:takeSnapshot(330)) - Current Snapshot Index 207, takeSnapshot took 1 ms
2023-06-21 21:49:37,794 [06fbe519-35a2-4226-ad85-372ac4de582e@group-29E1D18647C8-StateMachineUpdater] INFO  impl.StateMachineUpdater (StateMachineUpdater.java:takeSnapshot(291)) - 06fbe519-35a2-4226-ad85-372ac4de582e@group-29E1D18647C8-StateMachineUpdater: Took a snapshot at index 207
2023-06-21 21:49:37,794 [06fbe519-35a2-4226-ad85-372ac4de582e@group-29E1D18647C8-StateMachineUpdater] INFO  impl.StateMachineUpdater (StateMachineUpdater.java:lambda$new$0(97)) - 06fbe519-35a2-4226-ad85-372ac4de582e@group-29E1D18647C8-StateMachineUpdater: snapshotIndex: updateIncreasingly 202 -> 207
2023-06-21 21:49:37,794 [06fbe519-35a2-4226-ad85-372ac4de582e@group-29E1D18647C8-StateMachineUpdater] INFO  raftlog.RaftLog (RaftLogBase.java:purge(314)) - 06fbe519-35a2-4226-ad85-372ac4de582e@group-29E1D18647C8-SegmentedRaftLog: purge 207
2023-06-21 21:49:37,794 [06fbe519-35a2-4226-ad85-372ac4de582e@group-29E1D18647C8-StateMachineUpdater] INFO  raftlog.RaftLog (RaftLogBase.java:lambda$new$0(53)) - 06fbe519-35a2-4226-ad85-372ac4de582e@group-29E1D18647C8-SegmentedRaftLog: snapshotIndex: updateIncreasingly 202 -> 207
2023-06-21 21:49:37,794 [06fbe519-35a2-4226-ad85-372ac4de582e@group-29E1D18647C8-StateMachineUpdater] INFO  raftlog.RaftLog (RaftLogBase.java:lambda$new$0(53)) - 06fbe519-35a2-4226-ad85-372ac4de582e@group-29E1D18647C8-SegmentedRaftLog: purgeIndex: updateToMax old=-1, new=207, updated? true
2023-06-21 21:49:37,794 [06fbe519-35a2-4226-ad85-372ac4de582e@group-29E1D18647C8-StateMachineUpdater] INFO  server.StorageContainerManager (StorageContainerManager.java:stop(1585)) - Storage Container Manager is not running.
2023-06-21 21:49:37,794 [06fbe519-35a2-4226-ad85-372ac4de582e@group-29E1D18647C8-StateMachineUpdater] INFO  server.StorageContainerManager (StorageContainerManager.java:stopReplicationManager(1729)) - Stopping Replication Manager Service.
2023-06-21 21:49:37,794 [06fbe519-35a2-4226-ad85-372ac4de582e@group-29E1D18647C8-StateMachineUpdater] INFO  replication.ReplicationManager (ReplicationManager.java:stop(329)) - Replication Monitor Thread is not running.
2023-06-21 21:49:37,794 [06fbe519-35a2-4226-ad85-372ac4de582e@group-29E1D18647C8-StateMachineUpdater] INFO  server.StorageContainerManager (ExitUtils.java:terminate(131)) - Terminating with exit status 0: scm statemachine is closed by ratis, terminate SCM
2023-06-21 21:49:37,794 [06fbe519-35a2-4226-ad85-372ac4de582e@group-29E1D18647C8-StateMachineUpdater] WARN  impl.StateMachineUpdater (StateMachineUpdater.java:stop(139)) - 06fbe519-35a2-4226-ad85-372ac4de582e@group-29E1D18647C8-StateMachineUpdater: Failed to close SCMStateMachine SCMStateMachine:06fbe519-35a2-4226-ad85-372ac4de582e:group-29E1D18647C8
org.apache.ratis.util.ExitUtils$ExitException: scm statemachine is closed by ratis, terminate SCM
	at org.apache.ratis.util.ExitUtils.terminate(ExitUtils.java:141)
	at org.apache.ratis.util.ExitUtils.terminate(ExitUtils.java:151)
	at org.apache.ratis.util.ExitUtils.terminate(ExitUtils.java:155)
	at org.apache.hadoop.hdds.scm.server.StorageContainerManager.shutDown(StorageContainerManager.java:1739)
	at org.apache.hadoop.hdds.scm.ha.SCMStateMachine.close(SCMStateMachine.java:445)
	at org.apache.ratis.server.impl.StateMachineUpdater.stop(StateMachineUpdater.java:134)
	at org.apache.ratis.server.impl.StateMachineUpdater.run(StateMachineUpdater.java:189)
	at java.lang.Thread.run(Thread.java:750)
2023-06-21 21:49:37,794 [06fbe519-35a2-4226-ad85-372ac4de582e-impl-thread1] INFO  server.RaftServer$Division (ServerState.java:close(472)) - 06fbe519-35a2-4226-ad85-372ac4de582e@group-29E1D18647C8: closes. applyIndex: 206
2023-06-21 21:49:37,795 [main] INFO  server.GrpcService (GrpcService.java:closeImpl(311)) - 06fbe519-35a2-4226-ad85-372ac4de582e: shutdown server GrpcServerProtocolService now
2023-06-21 21:49:37,798 [grpc-default-executor-0] WARN  server.GrpcServerProtocolService (LogUtils.java:warn(122)) - 06fbe519-35a2-4226-ad85-372ac4de582e: APPEND_ENTRIES onError, lastRequest: null: org.apache.ratis.thirdparty.io.grpc.StatusRuntimeException: CANCELLED: client cancelled
2023-06-21 21:49:37,798 [grpc-default-executor-2] WARN  server.GrpcServerProtocolService (LogUtils.java:warn(122)) - 06fbe519-35a2-4226-ad85-372ac4de582e: APPEND_ENTRIES onError, lastRequest: 6554ba57-669d-4c9f-91d9-11f4838b8a27->06fbe519-35a2-4226-ad85-372ac4de582e#34-t2,previous=(t:2, i:207),leaderCommit=207,initializing? true,entries: size=1, first=(t:2, i:208), METADATAENTRY(c:207): org.apache.ratis.thirdparty.io.grpc.StatusRuntimeException: CANCELLED: client cancelled
2023-06-21 21:49:37,798 [main] INFO  server.GrpcService (GrpcService.java:closeImpl(320)) - 06fbe519-35a2-4226-ad85-372ac4de582e: shutdown server GrpcServerProtocolService successfully
2023-06-21 21:49:37,803 [grpc-default-executor-1] WARN  server.GrpcLogAppender (LogUtils.java:warn(122)) - 6554ba57-669d-4c9f-91d9-11f4838b8a27@group-29E1D18647C8->06fbe519-35a2-4226-ad85-372ac4de582e-AppendLogResponseHandler: Failed appendEntries: org.apache.ratis.thirdparty.io.grpc.StatusRuntimeException: CANCELLED: RST_STREAM closed stream. HTTP/2 error code: CANCEL
2023-06-21 21:49:37,803 [grpc-default-executor-1] INFO  leader.FollowerInfo (FollowerInfoImpl.java:lambda$new$0(52)) - 6554ba57-669d-4c9f-91d9-11f4838b8a27@group-29E1D18647C8->06fbe519-35a2-4226-ad85-372ac4de582e: decreaseNextIndex nextIndex: updateUnconditionally 209 -> 208
2023-06-21 21:49:37,804 [grpc-default-executor-5] WARN  server.GrpcLogAppender (LogUtils.java:warn(122)) - 6554ba57-669d-4c9f-91d9-11f4838b8a27@group-29E1D18647C8->06fbe519-35a2-4226-ad85-372ac4de582e-AppendLogResponseHandler: Failed appendEntries: org.apache.ratis.thirdparty.io.grpc.StatusRuntimeException: CANCELLED: RST_STREAM closed stream. HTTP/2 error code: CANCEL
2023-06-21 21:49:37,804 [grpc-default-executor-5] INFO  leader.FollowerInfo (FollowerInfoImpl.java:lambda$new$0(52)) - 6554ba57-669d-4c9f-91d9-11f4838b8a27@group-29E1D18647C8->06fbe519-35a2-4226-ad85-372ac4de582e: decreaseNextIndex nextIndex: updateUnconditionally 208 -> 207
2023-06-21 21:49:38,052 [EndpointStateMachine task thread for /127.0.0.1:15012 - 0 ] WARN  statemachine.EndpointStateMachine (EndpointStateMachine.java:logIfNeeded(242)) - Unable to communicate to SCM server at localhost:15012 for past 0 seconds.
java.io.EOFException: End of File Exception between local host is: "fv-az1254-726/10.1.0.15"; destination host is: "localhost":15012; : java.io.EOFException; For more details see:  http://wiki.apache.org/hadoop/EOFException
	at sun.reflect.NativeConstructorAccessorImpl.newInstance0(Native Method)
	at sun.reflect.NativeConstructorAccessorImpl.newInstance(NativeConstructorAccessorImpl.java:62)
	at sun.reflect.DelegatingConstructorAccessorImpl.newInstance(DelegatingConstructorAccessorImpl.java:45)
	at java.lang.reflect.Constructor.newInstance(Constructor.java:423)
	at org.apache.hadoop.net.NetUtils.wrapWithMessage(NetUtils.java:930)
	at org.apache.hadoop.net.NetUtils.wrapException(NetUtils.java:879)
	at org.apache.hadoop.ipc.Client.getRpcResponse(Client.java:1588)
	at org.apache.hadoop.ipc.Client.call(Client.java:1530)
	at org.apache.hadoop.ipc.Client.call(Client.java:1427)
	at org.apache.hadoop.ipc.ProtobufRpcEngine$Invoker.invoke(ProtobufRpcEngine.java:250)
	at org.apache.hadoop.ipc.ProtobufRpcEngine$Invoker.invoke(ProtobufRpcEngine.java:132)
	at com.sun.proxy.$Proxy57.submitRequest(Unknown Source)
	at org.apache.hadoop.ozone.protocolPB.StorageContainerDatanodeProtocolClientSideTranslatorPB.submitRequest(StorageContainerDatanodeProtocolClientSideTranslatorPB.java:117)
	at org.apache.hadoop.ozone.protocolPB.StorageContainerDatanodeProtocolClientSideTranslatorPB.sendHeartbeat(StorageContainerDatanodeProtocolClientSideTranslatorPB.java:149)
	at org.apache.hadoop.ozone.container.common.states.endpoint.HeartbeatEndpointTask.call(HeartbeatEndpointTask.java:185)
	at org.apache.hadoop.ozone.container.common.states.endpoint.HeartbeatEndpointTask.call(HeartbeatEndpointTask.java:87)
	at java.util.concurrent.FutureTask.run(FutureTask.java:266)
	at java.util.concurrent.ThreadPoolExecutor.runWorker(ThreadPoolExecutor.java:1149)
	at java.util.concurrent.ThreadPoolExecutor$Worker.run(ThreadPoolExecutor.java:624)
	at java.lang.Thread.run(Thread.java:750)
Caused by: java.io.EOFException
	at java.io.DataInputStream.readInt(DataInputStream.java:392)
	at org.apache.hadoop.ipc.Client$IpcStreams.readResponse(Client.java:1923)
	at org.apache.hadoop.ipc.Client$Connection.receiveRpcResponse(Client.java:1204)
	at org.apache.hadoop.ipc.Client$Connection.run(Client.java:1095)
2023-06-21 21:49:38,055 [EndpointStateMachine task thread for /127.0.0.1:15020 - 0 ] WARN  statemachine.EndpointStateMachine (EndpointStateMachine.java:logIfNeeded(242)) - Unable to communicate to SCM server at localhost:15020 for past 0 seconds.
java.io.EOFException: End of File Exception between local host is: "fv-az1254-726/10.1.0.15"; destination host is: "localhost":15020; : java.io.EOFException; For more details see:  http://wiki.apache.org/hadoop/EOFException
	at sun.reflect.NativeConstructorAccessorImpl.newInstance0(Native Method)
	at sun.reflect.NativeConstructorAccessorImpl.newInstance(NativeConstructorAccessorImpl.java:62)
	at sun.reflect.DelegatingConstructorAccessorImpl.newInstance(DelegatingConstructorAccessorImpl.java:45)
	at java.lang.reflect.Constructor.newInstance(Constructor.java:423)
	at org.apache.hadoop.net.NetUtils.wrapWithMessage(NetUtils.java:930)
	at org.apache.hadoop.net.NetUtils.wrapException(NetUtils.java:879)
	at org.apache.hadoop.ipc.Client.getRpcResponse(Client.java:1588)
	at org.apache.hadoop.ipc.Client.call(Client.java:1530)
	at org.apache.hadoop.ipc.Client.call(Client.java:1427)
	at org.apache.hadoop.ipc.ProtobufRpcEngine$Invoker.invoke(ProtobufRpcEngine.java:250)
	at org.apache.hadoop.ipc.ProtobufRpcEngine$Invoker.invoke(ProtobufRpcEngine.java:132)
	at com.sun.proxy.$Proxy57.submitRequest(Unknown Source)
	at org.apache.hadoop.ozone.protocolPB.StorageContainerDatanodeProtocolClientSideTranslatorPB.submitRequest(StorageContainerDatanodeProtocolClientSideTranslatorPB.java:117)
	at org.apache.hadoop.ozone.protocolPB.StorageContainerDatanodeProtocolClientSideTranslatorPB.sendHeartbeat(StorageContainerDatanodeProtocolClientSideTranslatorPB.java:149)
	at org.apache.hadoop.ozone.container.common.states.endpoint.HeartbeatEndpointTask.call(HeartbeatEndpointTask.java:185)
	at org.apache.hadoop.ozone.container.common.states.endpoint.HeartbeatEndpointTask.call(HeartbeatEndpointTask.java:87)
	at java.util.concurrent.FutureTask.run(FutureTask.java:266)
	at java.util.concurrent.ThreadPoolExecutor.runWorker(ThreadPoolExecutor.java:1149)
	at java.util.concurrent.ThreadPoolExecutor$Worker.run(ThreadPoolExecutor.java:624)
	at java.lang.Thread.run(Thread.java:750)
Caused by: java.io.EOFException
	at java.io.DataInputStream.readInt(DataInputStream.java:392)
	at org.apache.hadoop.ipc.Client$IpcStreams.readResponse(Client.java:1923)
	at org.apache.hadoop.ipc.Client$Connection.receiveRpcResponse(Client.java:1204)
	at org.apache.hadoop.ipc.Client$Connection.run(Client.java:1095)
2023-06-21 21:49:38,211 [grpc-default-executor-1] WARN  server.GrpcLogAppender (LogUtils.java:warn(122)) - 6554ba57-669d-4c9f-91d9-11f4838b8a27@group-29E1D18647C8->336e6589-5d5b-4942-96a6-e8ef4b976bc7-AppendLogResponseHandler: Failed appendEntries: org.apache.ratis.thirdparty.io.grpc.StatusRuntimeException: UNAVAILABLE: io exception
2023-06-21 21:49:38,213 [grpc-default-executor-1] INFO  leader.FollowerInfo (FollowerInfoImpl.java:lambda$new$0(52)) - 6554ba57-669d-4c9f-91d9-11f4838b8a27@group-29E1D18647C8->336e6589-5d5b-4942-96a6-e8ef4b976bc7: decreaseNextIndex nextIndex: updateUnconditionally 209 -> 208
2023-06-21 21:49:38,213 [grpc-default-executor-3] WARN  server.GrpcLogAppender (LogUtils.java:warn(122)) - 6554ba57-669d-4c9f-91d9-11f4838b8a27@group-29E1D18647C8->06fbe519-35a2-4226-ad85-372ac4de582e-AppendLogResponseHandler: Failed appendEntries: org.apache.ratis.thirdparty.io.grpc.StatusRuntimeException: UNAVAILABLE: io exception
2023-06-21 21:49:38,214 [grpc-default-executor-3] INFO  leader.FollowerInfo (FollowerInfoImpl.java:lambda$new$0(52)) - 6554ba57-669d-4c9f-91d9-11f4838b8a27@group-29E1D18647C8->06fbe519-35a2-4226-ad85-372ac4de582e: decreaseNextIndex nextIndex: updateUnconditionally 209 -> 208
2023-06-21 21:49:38,215 [grpc-default-executor-3] WARN  server.GrpcLogAppender (LogUtils.java:warn(122)) - 6554ba57-669d-4c9f-91d9-11f4838b8a27@group-29E1D18647C8->06fbe519-35a2-4226-ad85-372ac4de582e-AppendLogResponseHandler: Failed appendEntries: org.apache.ratis.thirdparty.io.grpc.StatusRuntimeException: UNAVAILABLE: io exception
2023-06-21 21:49:38,215 [grpc-default-executor-3] INFO  leader.FollowerInfo (FollowerInfoImpl.java:lambda$new$0(52)) - 6554ba57-669d-4c9f-91d9-11f4838b8a27@group-29E1D18647C8->06fbe519-35a2-4226-ad85-372ac4de582e: decreaseNextIndex nextIndex: updateUnconditionally 208 -> 207
2023-06-21 21:49:38,218 [grpc-default-executor-5] WARN  server.GrpcLogAppender (LogUtils.java:warn(122)) - 6554ba57-669d-4c9f-91d9-11f4838b8a27@group-29E1D18647C8->336e6589-5d5b-4942-96a6-e8ef4b976bc7-AppendLogResponseHandler: Failed appendEntries: org.apache.ratis.thirdparty.io.grpc.StatusRuntimeException: UNAVAILABLE: io exception
2023-06-21 21:49:38,219 [grpc-default-executor-5] INFO  leader.FollowerInfo (FollowerInfoImpl.java:lambda$new$0(52)) - 6554ba57-669d-4c9f-91d9-11f4838b8a27@group-29E1D18647C8->336e6589-5d5b-4942-96a6-e8ef4b976bc7: decreaseNextIndex nextIndex: updateUnconditionally 208 -> 207
2023-06-21 21:49:38,694 [06fbe519-35a2-4226-ad85-372ac4de582e-impl-thread1] INFO  segmented.SegmentedRaftLogWorker (SegmentedRaftLogWorker.java:close(252)) - 06fbe519-35a2-4226-ad85-372ac4de582e@group-29E1D18647C8-SegmentedRaftLogWorker close()
2023-06-21 21:49:38,695 [JvmPauseMonitor5] INFO  util.JvmPauseMonitor (JvmPauseMonitor.java:run(109)) - JvmPauseMonitor-06fbe519-35a2-4226-ad85-372ac4de582e: Stopped
2023-06-21 21:49:38,695 [main] INFO  SCMHATransactionMonitor (BackgroundSCMService.java:stop(131)) - Stopping SCMHATransactionMonitor Service.
2023-06-21 21:49:38,695 [SCMHATransactionMonitorThread] WARN  SCMHATransactionMonitor (BackgroundSCMService.java:run(115)) - SCMHATransactionMonitor is interrupted, exit
2023-06-21 21:49:38,696 [main] INFO  pipeline.BackgroundPipelineCreator (BackgroundPipelineCreator.java:stop(149)) - Stopping RatisPipelineUtilsThread.
2023-06-21 21:49:38,696 [RatisPipelineUtilsThread - 0] WARN  pipeline.BackgroundPipelineCreator (BackgroundPipelineCreator.java:run(180)) - RatisPipelineUtilsThread is interrupted.
2023-06-21 21:49:38,696 [main] INFO  BackgroundPipelineScrubber (BackgroundSCMService.java:stop(131)) - Stopping BackgroundPipelineScrubber Service.
2023-06-21 21:49:38,696 [main] INFO  impl.MetricsSystemImpl (MetricsSystemImpl.java:stop(205)) - StorageContainerManager metrics system stopped (again)
2023-06-21 21:49:38,697 [main] WARN  pipeline.BackgroundPipelineCreator (BackgroundPipelineCreator.java:stop(145)) - RatisPipelineUtilsThread is not running, just ignore.
2023-06-21 21:49:38,697 [main] INFO  BackgroundPipelineScrubber (BackgroundSCMService.java:stop(126)) - BackgroundPipelineScrubber Service is not running, skip stop.
2023-06-21 21:49:38,697 [main] INFO  ExpiredContainerReplicaOpScrubber (BackgroundSCMService.java:stop(131)) - Stopping ExpiredContainerReplicaOpScrubber Service.
2023-06-21 21:49:38,697 [ExpiredContainerReplicaOpScrubberThread] WARN  ExpiredContainerReplicaOpScrubber (BackgroundSCMService.java:run(115)) - ExpiredContainerReplicaOpScrubber is interrupted, exit
2023-06-21 21:49:38,697 [BackgroundPipelineScrubberThread] WARN  BackgroundPipelineScrubber (BackgroundSCMService.java:run(115)) - BackgroundPipelineScrubber is interrupted, exit
2023-06-21 21:49:38,697 [main] INFO  utils.BackgroundService (BackgroundService.java:shutdown(141)) - Shutting down service SCMBlockDeletingService
2023-06-21 21:49:38,697 [main] INFO  replication.ReplicationManager (ReplicationManager.java:stop(329)) - Replication Monitor Thread is not running.
2023-06-21 21:49:38,698 [main] WARN  balancer.ContainerBalancer (ContainerBalancer.java:stop(328)) - Cannot stop Container Balancer because it's not running or stopping
2023-06-21 21:49:38,698 [main] INFO  SCMHATransactionMonitor (BackgroundSCMService.java:stop(126)) - SCMHATransactionMonitor Service is not running, skip stop.
2023-06-21 21:49:38,698 [Lease Manager-LeaseManager#LeaseMonitor] WARN  lease.LeaseManager (LeaseManager.java:run(272)) - Lease manager is interrupted. Shutting down...
java.lang.InterruptedException
	at java.util.concurrent.locks.AbstractQueuedSynchronizer.doAcquireSharedNanos(AbstractQueuedSynchronizer.java:1039)
	at java.util.concurrent.locks.AbstractQueuedSynchronizer.tryAcquireSharedNanos(AbstractQueuedSynchronizer.java:1328)
	at java.util.concurrent.Semaphore.tryAcquire(Semaphore.java:409)
	at org.apache.hadoop.ozone.lease.LeaseManager$LeaseMonitor.run(LeaseManager.java:270)
	at java.lang.Thread.run(Thread.java:750)
2023-06-21 21:49:38,698 [main] INFO  server.StorageContainerManager (StorageContainerManager.java:stop(1720)) - Stopping SCM MetadataStore.
2023-06-21 21:49:38,701 [main] INFO  server.SCMSecurityProtocolServer (SCMSecurityProtocolServer.java:join(509)) - Join RPC server for SCMSecurityProtocolServer.
2023-06-21 21:49:38,701 [main] INFO  server.SCMSecurityProtocolServer (SCMSecurityProtocolServer.java:join(511)) - Join gRPC server for SCMSecurityProtocolServer.
2023-06-21 21:49:38,701 [main] INFO  ozone.MiniOzoneHAClusterImpl (MiniOzoneHAClusterImpl.java:stop(311)) - Stopping the StorageContainerManager 6554ba57-669d-4c9f-91d9-11f4838b8a27
2023-06-21 21:49:38,702 [main] INFO  server.StorageContainerManager (StorageContainerManager.java:stop(1596)) - Container Balancer is not running.
2023-06-21 21:49:38,702 [main] INFO  server.StorageContainerManager (StorageContainerManager.java:stopReplicationManager(1729)) - Stopping Replication Manager Service.
2023-06-21 21:49:38,702 [main] INFO  replication.ReplicationManager (ReplicationManager.java:stop(319)) - Stopping Replication Monitor Thread.
2023-06-21 21:49:38,702 [Over Replicated Processor] WARN  replication.UnhealthyReplicationProcessor (UnhealthyReplicationProcessor.java:run(180)) - Over Replicated Processor interrupted. Exiting...
2023-06-21 21:49:38,702 [Under Replicated Processor] WARN  replication.UnhealthyReplicationProcessor (UnhealthyReplicationProcessor.java:run(180)) - Under Replicated Processor interrupted. Exiting...
2023-06-21 21:49:38,702 [main] INFO  server.StorageContainerManager (StorageContainerManager.java:stop(1605)) - Stopping the Datanode Admin Monitor.
2023-06-21 21:49:38,702 [ReplicationMonitor] INFO  replication.ReplicationManager (ReplicationManager.java:run(918)) - Replication Monitor Thread is stopped
2023-06-21 21:49:38,703 [main] INFO  server.StorageContainerManager (StorageContainerManager.java:stop(1612)) - Stopping datanode service RPC server
2023-06-21 21:49:38,703 [main] INFO  server.SCMDatanodeProtocolServer (SCMDatanodeProtocolServer.java:stop(424)) - Stopping the RPC server for DataNodes
2023-06-21 21:49:38,703 [main] INFO  ipc.Server (Server.java:stop(3501)) - Stopping server on 15004
2023-06-21 21:49:38,708 [IPC Server Responder] INFO  ipc.Server (Server.java:run(1563)) - Stopping IPC Server Responder
2023-06-21 21:49:38,708 [IPC Server listener on 15004] INFO  ipc.Server (Server.java:run(1430)) - Stopping IPC Server listener on 15004
2023-06-21 21:49:39,053 [EndpointStateMachine task thread for /127.0.0.1:15004 - 0 ] WARN  statemachine.EndpointStateMachine (EndpointStateMachine.java:logIfNeeded(242)) - Unable to communicate to SCM server at localhost:15004 for past 0 seconds.
java.io.EOFException: End of File Exception between local host is: "fv-az1254-726/10.1.0.15"; destination host is: "localhost":15004; : java.io.EOFException; For more details see:  http://wiki.apache.org/hadoop/EOFException
	at sun.reflect.NativeConstructorAccessorImpl.newInstance0(Native Method)
	at sun.reflect.NativeConstructorAccessorImpl.newInstance(NativeConstructorAccessorImpl.java:62)
	at sun.reflect.DelegatingConstructorAccessorImpl.newInstance(DelegatingConstructorAccessorImpl.java:45)
	at java.lang.reflect.Constructor.newInstance(Constructor.java:423)
	at org.apache.hadoop.net.NetUtils.wrapWithMessage(NetUtils.java:930)
	at org.apache.hadoop.net.NetUtils.wrapException(NetUtils.java:879)
	at org.apache.hadoop.ipc.Client.getRpcResponse(Client.java:1588)
	at org.apache.hadoop.ipc.Client.call(Client.java:1530)
	at org.apache.hadoop.ipc.Client.call(Client.java:1427)
	at org.apache.hadoop.ipc.ProtobufRpcEngine$Invoker.invoke(ProtobufRpcEngine.java:250)
	at org.apache.hadoop.ipc.ProtobufRpcEngine$Invoker.invoke(ProtobufRpcEngine.java:132)
	at com.sun.proxy.$Proxy57.submitRequest(Unknown Source)
	at org.apache.hadoop.ozone.protocolPB.StorageContainerDatanodeProtocolClientSideTranslatorPB.submitRequest(StorageContainerDatanodeProtocolClientSideTranslatorPB.java:117)
	at org.apache.hadoop.ozone.protocolPB.StorageContainerDatanodeProtocolClientSideTranslatorPB.sendHeartbeat(StorageContainerDatanodeProtocolClientSideTranslatorPB.java:149)
	at org.apache.hadoop.ozone.container.common.states.endpoint.HeartbeatEndpointTask.call(HeartbeatEndpointTask.java:185)
	at org.apache.hadoop.ozone.container.common.states.endpoint.HeartbeatEndpointTask.call(HeartbeatEndpointTask.java:87)
	at java.util.concurrent.FutureTask.run(FutureTask.java:266)
	at java.util.concurrent.ThreadPoolExecutor.runWorker(ThreadPoolExecutor.java:1149)
	at java.util.concurrent.ThreadPoolExecutor$Worker.run(ThreadPoolExecutor.java:624)
	at java.lang.Thread.run(Thread.java:750)
Caused by: java.io.EOFException
	at java.io.DataInputStream.readInt(DataInputStream.java:392)
	at org.apache.hadoop.ipc.Client$IpcStreams.readResponse(Client.java:1923)
	at org.apache.hadoop.ipc.Client$Connection.receiveRpcResponse(Client.java:1204)
	at org.apache.hadoop.ipc.Client$Connection.run(Client.java:1095)
2023-06-21 21:49:39,449 [grpc-default-executor-5] WARN  server.GrpcLogAppender (LogUtils.java:warn(122)) - 6554ba57-669d-4c9f-91d9-11f4838b8a27@group-29E1D18647C8->336e6589-5d5b-4942-96a6-e8ef4b976bc7-AppendLogResponseHandler: Failed appendEntries: org.apache.ratis.thirdparty.io.grpc.StatusRuntimeException: UNAVAILABLE: io exception
2023-06-21 21:49:39,449 [grpc-default-executor-2] WARN  server.GrpcLogAppender (LogUtils.java:warn(122)) - 6554ba57-669d-4c9f-91d9-11f4838b8a27@group-29E1D18647C8->06fbe519-35a2-4226-ad85-372ac4de582e-AppendLogResponseHandler: Failed appendEntries: org.apache.ratis.thirdparty.io.grpc.StatusRuntimeException: UNAVAILABLE: io exception
2023-06-21 21:49:39,450 [grpc-default-executor-5] INFO  leader.FollowerInfo (FollowerInfoImpl.java:lambda$new$0(52)) - 6554ba57-669d-4c9f-91d9-11f4838b8a27@group-29E1D18647C8->336e6589-5d5b-4942-96a6-e8ef4b976bc7: decreaseNextIndex nextIndex: updateUnconditionally 207 -> 206
2023-06-21 21:49:39,450 [grpc-default-executor-3] WARN  server.GrpcLogAppender (LogUtils.java:warn(122)) - 6554ba57-669d-4c9f-91d9-11f4838b8a27@group-29E1D18647C8->06fbe519-35a2-4226-ad85-372ac4de582e-AppendLogResponseHandler: Failed appendEntries: org.apache.ratis.thirdparty.io.grpc.StatusRuntimeException: UNAVAILABLE: io exception
2023-06-21 21:49:39,450 [grpc-default-executor-2] INFO  leader.FollowerInfo (FollowerInfoImpl.java:lambda$new$0(52)) - 6554ba57-669d-4c9f-91d9-11f4838b8a27@group-29E1D18647C8->06fbe519-35a2-4226-ad85-372ac4de582e: decreaseNextIndex nextIndex: updateUnconditionally 207 -> 206
2023-06-21 21:49:39,450 [grpc-default-executor-1] WARN  server.GrpcLogAppender (LogUtils.java:warn(122)) - 6554ba57-669d-4c9f-91d9-11f4838b8a27@group-29E1D18647C8->336e6589-5d5b-4942-96a6-e8ef4b976bc7-AppendLogResponseHandler: Failed appendEntries: org.apache.ratis.thirdparty.io.grpc.StatusRuntimeException: UNAVAILABLE: io exception
2023-06-21 21:49:39,450 [grpc-default-executor-3] INFO  leader.FollowerInfo (FollowerInfoImpl.java:lambda$new$0(52)) - 6554ba57-669d-4c9f-91d9-11f4838b8a27@group-29E1D18647C8->06fbe519-35a2-4226-ad85-372ac4de582e: decreaseNextIndex nextIndex: updateUnconditionally 206 -> 205
2023-06-21 21:49:39,450 [grpc-default-executor-1] INFO  leader.FollowerInfo (FollowerInfoImpl.java:lambda$new$0(52)) - 6554ba57-669d-4c9f-91d9-11f4838b8a27@group-29E1D18647C8->336e6589-5d5b-4942-96a6-e8ef4b976bc7: decreaseNextIndex nextIndex: updateUnconditionally 206 -> 205
2023-06-21 21:49:39,460 [grpc-default-executor-3] WARN  server.GrpcLogAppender (LogUtils.java:warn(122)) - 6554ba57-669d-4c9f-91d9-11f4838b8a27@group-29E1D18647C8->336e6589-5d5b-4942-96a6-e8ef4b976bc7-AppendLogResponseHandler: Failed appendEntries: org.apache.ratis.thirdparty.io.grpc.StatusRuntimeException: UNAVAILABLE: io exception
2023-06-21 21:49:39,461 [grpc-default-executor-3] INFO  leader.FollowerInfo (FollowerInfoImpl.java:lambda$new$0(52)) - 6554ba57-669d-4c9f-91d9-11f4838b8a27@group-29E1D18647C8->336e6589-5d5b-4942-96a6-e8ef4b976bc7: decreaseNextIndex nextIndex: updateUnconditionally 209 -> 208
2023-06-21 21:49:39,463 [grpc-default-executor-4] WARN  server.GrpcLogAppender (LogUtils.java:warn(122)) - 6554ba57-669d-4c9f-91d9-11f4838b8a27@group-29E1D18647C8->06fbe519-35a2-4226-ad85-372ac4de582e-AppendLogResponseHandler: Failed appendEntries: org.apache.ratis.thirdparty.io.grpc.StatusRuntimeException: UNAVAILABLE: io exception
2023-06-21 21:49:39,464 [grpc-default-executor-4] INFO  leader.FollowerInfo (FollowerInfoImpl.java:lambda$new$0(52)) - 6554ba57-669d-4c9f-91d9-11f4838b8a27@group-29E1D18647C8->06fbe519-35a2-4226-ad85-372ac4de582e: decreaseNextIndex nextIndex: updateUnconditionally 209 -> 208
2023-06-21 21:49:39,463 [grpc-default-executor-1] WARN  server.GrpcLogAppender (LogUtils.java:warn(122)) - 6554ba57-669d-4c9f-91d9-11f4838b8a27@group-29E1D18647C8->336e6589-5d5b-4942-96a6-e8ef4b976bc7-AppendLogResponseHandler: Failed appendEntries: org.apache.ratis.thirdparty.io.grpc.StatusRuntimeException: UNAVAILABLE: io exception
2023-06-21 21:49:39,463 [grpc-default-executor-2] WARN  server.GrpcLogAppender (LogUtils.java:warn(122)) - 6554ba57-669d-4c9f-91d9-11f4838b8a27@group-29E1D18647C8->06fbe519-35a2-4226-ad85-372ac4de582e-AppendLogResponseHandler: Failed appendEntries: org.apache.ratis.thirdparty.io.grpc.StatusRuntimeException: UNAVAILABLE: io exception
2023-06-21 21:49:39,464 [grpc-default-executor-2] INFO  leader.FollowerInfo (FollowerInfoImpl.java:lambda$new$0(52)) - 6554ba57-669d-4c9f-91d9-11f4838b8a27@group-29E1D18647C8->06fbe519-35a2-4226-ad85-372ac4de582e: decreaseNextIndex nextIndex: updateUnconditionally 208 -> 207
2023-06-21 21:49:39,464 [grpc-default-executor-1] INFO  leader.FollowerInfo (FollowerInfoImpl.java:lambda$new$0(52)) - 6554ba57-669d-4c9f-91d9-11f4838b8a27@group-29E1D18647C8->336e6589-5d5b-4942-96a6-e8ef4b976bc7: decreaseNextIndex nextIndex: updateUnconditionally 208 -> 207
2023-06-21 21:49:40,052 [Datanode State Machine Daemon Thread] ERROR datanode.RunningDatanodeState (RunningDatanodeState.java:computeNextContainerState(207)) - Error in executing end point task.
java.util.concurrent.ExecutionException: java.util.concurrent.TimeoutException
	at java.util.concurrent.FutureTask.report(FutureTask.java:122)
	at java.util.concurrent.FutureTask.get(FutureTask.java:192)
	at org.apache.hadoop.ozone.container.common.states.datanode.RunningDatanodeState.computeNextContainerState(RunningDatanodeState.java:199)
	at org.apache.hadoop.ozone.container.common.states.datanode.RunningDatanodeState.await(RunningDatanodeState.java:239)
	at org.apache.hadoop.ozone.container.common.states.datanode.RunningDatanodeState.await(RunningDatanodeState.java:50)
	at org.apache.hadoop.ozone.container.common.statemachine.StateContext.execute(StateContext.java:666)
	at org.apache.hadoop.ozone.container.common.statemachine.DatanodeStateMachine.startStateMachineThread(DatanodeStateMachine.java:334)
	at org.apache.hadoop.ozone.container.common.statemachine.DatanodeStateMachine.lambda$startDaemon$0(DatanodeStateMachine.java:532)
	at java.lang.Thread.run(Thread.java:750)
Caused by: java.util.concurrent.TimeoutException
	at java.util.concurrent.FutureTask.get(FutureTask.java:205)
	at org.apache.hadoop.ozone.container.common.states.datanode.RunningDatanodeState.lambda$execute$0(RunningDatanodeState.java:157)
	at java.util.concurrent.FutureTask.run(FutureTask.java:266)
	at java.util.concurrent.Executors$RunnableAdapter.call(Executors.java:511)
	at java.util.concurrent.FutureTask.run(FutureTask.java:266)
	at java.util.concurrent.ThreadPoolExecutor.runWorker(ThreadPoolExecutor.java:1149)
	at java.util.concurrent.ThreadPoolExecutor$Worker.run(ThreadPoolExecutor.java:624)
	... 1 more
2023-06-21 21:49:40,053 [EndpointStateMachine task thread for /127.0.0.1:15012 - 0 ] INFO  ipc.Client (Client.java:handleConnectionFailure(967)) - Retrying connect to server: localhost/127.0.0.1:15012. Already tried 0 time(s); retry policy is RetryUpToMaximumCountWithFixedSleep(maxRetries=15, sleepTime=1000 MILLISECONDS)
2023-06-21 21:49:40,053 [EndpointStateMachine task thread for /127.0.0.1:15020 - 0 ] INFO  ipc.Client (Client.java:handleConnectionFailure(967)) - Retrying connect to server: localhost/127.0.0.1:15020. Already tried 0 time(s); retry policy is RetryUpToMaximumCountWithFixedSleep(maxRetries=15, sleepTime=1000 MILLISECONDS)
2023-06-21 21:49:40,700 [grpc-default-executor-1] WARN  server.GrpcLogAppender (LogUtils.java:warn(122)) - 6554ba57-669d-4c9f-91d9-11f4838b8a27@group-29E1D18647C8->06fbe519-35a2-4226-ad85-372ac4de582e-AppendLogResponseHandler: Failed appendEntries: org.apache.ratis.thirdparty.io.grpc.StatusRuntimeException: UNAVAILABLE: io exception
2023-06-21 21:49:40,700 [grpc-default-executor-3] WARN  server.GrpcLogAppender (LogUtils.java:warn(122)) - 6554ba57-669d-4c9f-91d9-11f4838b8a27@group-29E1D18647C8->336e6589-5d5b-4942-96a6-e8ef4b976bc7-AppendLogResponseHandler: Failed appendEntries: org.apache.ratis.thirdparty.io.grpc.StatusRuntimeException: UNAVAILABLE: io exception
2023-06-21 21:49:40,701 [grpc-default-executor-1] INFO  leader.FollowerInfo (FollowerInfoImpl.java:lambda$new$0(52)) - 6554ba57-669d-4c9f-91d9-11f4838b8a27@group-29E1D18647C8->06fbe519-35a2-4226-ad85-372ac4de582e: decreaseNextIndex nextIndex: updateUnconditionally 207 -> 206
2023-06-21 21:49:40,701 [grpc-default-executor-3] INFO  leader.FollowerInfo (FollowerInfoImpl.java:lambda$new$0(52)) - 6554ba57-669d-4c9f-91d9-11f4838b8a27@group-29E1D18647C8->336e6589-5d5b-4942-96a6-e8ef4b976bc7: decreaseNextIndex nextIndex: updateUnconditionally 207 -> 206
2023-06-21 21:49:40,701 [grpc-default-executor-4] WARN  server.GrpcLogAppender (LogUtils.java:warn(122)) - 6554ba57-669d-4c9f-91d9-11f4838b8a27@group-29E1D18647C8->06fbe519-35a2-4226-ad85-372ac4de582e-AppendLogResponseHandler: Failed appendEntries: org.apache.ratis.thirdparty.io.grpc.StatusRuntimeException: UNAVAILABLE: io exception
2023-06-21 21:49:40,700 [grpc-default-executor-2] WARN  server.GrpcLogAppender (LogUtils.java:warn(122)) - 6554ba57-669d-4c9f-91d9-11f4838b8a27@group-29E1D18647C8->336e6589-5d5b-4942-96a6-e8ef4b976bc7-AppendLogResponseHandler: Failed appendEntries: org.apache.ratis.thirdparty.io.grpc.StatusRuntimeException: UNAVAILABLE: io exception
2023-06-21 21:49:40,701 [grpc-default-executor-4] INFO  leader.FollowerInfo (FollowerInfoImpl.java:lambda$new$0(52)) - 6554ba57-669d-4c9f-91d9-11f4838b8a27@group-29E1D18647C8->06fbe519-35a2-4226-ad85-372ac4de582e: decreaseNextIndex nextIndex: updateUnconditionally 206 -> 205
2023-06-21 21:49:40,701 [grpc-default-executor-2] INFO  leader.FollowerInfo (FollowerInfoImpl.java:lambda$new$0(52)) - 6554ba57-669d-4c9f-91d9-11f4838b8a27@group-29E1D18647C8->336e6589-5d5b-4942-96a6-e8ef4b976bc7: decreaseNextIndex nextIndex: updateUnconditionally 206 -> 205
2023-06-21 21:49:40,710 [grpc-default-executor-4] WARN  server.GrpcLogAppender (LogUtils.java:warn(122)) - 6554ba57-669d-4c9f-91d9-11f4838b8a27@group-29E1D18647C8->336e6589-5d5b-4942-96a6-e8ef4b976bc7-AppendLogResponseHandler: Failed appendEntries: org.apache.ratis.thirdparty.io.grpc.StatusRuntimeException: UNAVAILABLE: io exception
2023-06-21 21:49:40,710 [grpc-default-executor-3] WARN  server.GrpcLogAppender (LogUtils.java:warn(122)) - 6554ba57-669d-4c9f-91d9-11f4838b8a27@group-29E1D18647C8->06fbe519-35a2-4226-ad85-372ac4de582e-AppendLogResponseHandler: Failed appendEntries: org.apache.ratis.thirdparty.io.grpc.StatusRuntimeException: UNAVAILABLE: io exception
2023-06-21 21:49:40,711 [grpc-default-executor-4] INFO  leader.FollowerInfo (FollowerInfoImpl.java:lambda$new$0(52)) - 6554ba57-669d-4c9f-91d9-11f4838b8a27@group-29E1D18647C8->336e6589-5d5b-4942-96a6-e8ef4b976bc7: decreaseNextIndex nextIndex: updateUnconditionally 209 -> 208
2023-06-21 21:49:40,710 [grpc-default-executor-2] WARN  server.GrpcLogAppender (LogUtils.java:warn(122)) - 6554ba57-669d-4c9f-91d9-11f4838b8a27@group-29E1D18647C8->06fbe519-35a2-4226-ad85-372ac4de582e-AppendLogResponseHandler: Failed appendEntries: org.apache.ratis.thirdparty.io.grpc.StatusRuntimeException: UNAVAILABLE: io exception
2023-06-21 21:49:40,711 [grpc-default-executor-1] WARN  server.GrpcLogAppender (LogUtils.java:warn(122)) - 6554ba57-669d-4c9f-91d9-11f4838b8a27@group-29E1D18647C8->336e6589-5d5b-4942-96a6-e8ef4b976bc7-AppendLogResponseHandler: Failed appendEntries: org.apache.ratis.thirdparty.io.grpc.StatusRuntimeException: UNAVAILABLE: io exception
2023-06-21 21:49:40,711 [grpc-default-executor-1] INFO  leader.FollowerInfo (FollowerInfoImpl.java:lambda$new$0(52)) - 6554ba57-669d-4c9f-91d9-11f4838b8a27@group-29E1D18647C8->336e6589-5d5b-4942-96a6-e8ef4b976bc7: decreaseNextIndex nextIndex: updateUnconditionally 208 -> 207
2023-06-21 21:49:40,711 [grpc-default-executor-3] INFO  leader.FollowerInfo (FollowerInfoImpl.java:lambda$new$0(52)) - 6554ba57-669d-4c9f-91d9-11f4838b8a27@group-29E1D18647C8->06fbe519-35a2-4226-ad85-372ac4de582e: decreaseNextIndex nextIndex: updateUnconditionally 209 -> 208
2023-06-21 21:49:40,712 [grpc-default-executor-2] INFO  leader.FollowerInfo (FollowerInfoImpl.java:lambda$new$0(52)) - 6554ba57-669d-4c9f-91d9-11f4838b8a27@group-29E1D18647C8->06fbe519-35a2-4226-ad85-372ac4de582e: decreaseNextIndex nextIndex: updateUnconditionally 208 -> 207
2023-06-21 21:49:41,056 [EndpointStateMachine task thread for /127.0.0.1:15012 - 0 ] INFO  ipc.Client (Client.java:handleConnectionFailure(967)) - Retrying connect to server: localhost/127.0.0.1:15012. Already tried 1 time(s); retry policy is RetryUpToMaximumCountWithFixedSleep(maxRetries=15, sleepTime=1000 MILLISECONDS)
2023-06-21 21:49:41,056 [EndpointStateMachine task thread for /127.0.0.1:15004 - 0 ] INFO  ipc.Client (Client.java:handleConnectionFailure(967)) - Retrying connect to server: localhost/127.0.0.1:15004. Already tried 0 time(s); retry policy is RetryUpToMaximumCountWithFixedSleep(maxRetries=15, sleepTime=1000 MILLISECONDS)
2023-06-21 21:49:41,057 [EndpointStateMachine task thread for /127.0.0.1:15020 - 0 ] INFO  ipc.Client (Client.java:handleConnectionFailure(967)) - Retrying connect to server: localhost/127.0.0.1:15020. Already tried 1 time(s); retry policy is RetryUpToMaximumCountWithFixedSleep(maxRetries=15, sleepTime=1000 MILLISECONDS)
2023-06-21 21:49:41,218 [SCM Heartbeat Processing Thread - 0] WARN  node.NodeStateManager (NodeStateManager.java:scheduleNextHealthCheck(870)) - Current Thread is interrupted, shutting down HB processing thread for Node Manager.
2023-06-21 21:49:41,219 [main] INFO  server.StorageContainerManager (StorageContainerManager.java:stop(1620)) - Stopping block service RPC server
2023-06-21 21:49:41,219 [main] INFO  server.SCMBlockProtocolServer (SCMBlockProtocolServer.java:stop(161)) - Stopping the RPC server for Block Protocol
2023-06-21 21:49:41,219 [main] INFO  ipc.Server (Server.java:stop(3501)) - Stopping server on 15007
2023-06-21 21:49:41,223 [IPC Server Responder] INFO  ipc.Server (Server.java:run(1563)) - Stopping IPC Server Responder
2023-06-21 21:49:41,223 [main] INFO  server.StorageContainerManager (StorageContainerManager.java:stop(1627)) - Stopping the StorageContainerLocationProtocol RPC server
2023-06-21 21:49:41,224 [main] INFO  server.SCMClientProtocolServer (SCMClientProtocolServer.java:stop(210)) - Stopping the RPC server for Client Protocol
2023-06-21 21:49:41,224 [main] INFO  ipc.Server (Server.java:stop(3501)) - Stopping server on 15005
2023-06-21 21:49:41,224 [IPC Server listener on 15007] INFO  ipc.Server (Server.java:run(1430)) - Stopping IPC Server listener on 15007
2023-06-21 21:49:41,234 [IPC Server Responder] INFO  ipc.Server (Server.java:run(1563)) - Stopping IPC Server Responder
2023-06-21 21:49:41,234 [main] INFO  server.StorageContainerManager (StorageContainerManager.java:stop(1634)) - Stopping Storage Container Manager HTTP server.
2023-06-21 21:49:41,234 [IPC Server listener on 15005] INFO  ipc.Server (Server.java:run(1430)) - Stopping IPC Server listener on 15005
2023-06-21 21:49:41,235 [main] INFO  handler.ContextHandler (ContextHandler.java:doStop(1159)) - Stopped o.e.j.w.WebAppContext@7c1f435a{scm,/,null,STOPPED}{file:/home/runner/work/ozone/ozone/hadoop-ozone/integration-test/target/test-classes/webapps/scm}
2023-06-21 21:49:41,237 [main] INFO  server.AbstractConnector (AbstractConnector.java:doStop(383)) - Stopped ServerConnector@3ed79f41{HTTP/1.1, (http/1.1)}{0.0.0.0:15000}
2023-06-21 21:49:41,237 [main] INFO  server.session (HouseKeeper.java:stopScavenging(149)) - node0 Stopped scavenging
2023-06-21 21:49:41,238 [main] INFO  handler.ContextHandler (ContextHandler.java:doStop(1159)) - Stopped o.e.j.s.ServletContextHandler@4eb5cdae{static,/static,file:///home/runner/work/ozone/ozone/hadoop-ozone/integration-test/target/test-classes/webapps/static,STOPPED}
2023-06-21 21:49:41,238 [main] INFO  handler.ContextHandler (ContextHandler.java:doStop(1159)) - Stopped o.e.j.s.ServletContextHandler@59294447{logs,/logs,file:///home/runner/work/ozone/ozone/hadoop-ozone/integration-test/target/log,STOPPED}
2023-06-21 21:49:41,239 [main] INFO  server.StorageContainerManager (StorageContainerManager.java:stop(1642)) - Stopping SCM LayoutVersionManager Service.
2023-06-21 21:49:41,239 [main] INFO  server.SCMSecurityProtocolServer (SCMSecurityProtocolServer.java:stop(499)) - Stopping the SCMSecurityProtocolServer.
2023-06-21 21:49:41,239 [main] INFO  ipc.Server (Server.java:stop(3501)) - Stopping server on 15002
2023-06-21 21:49:41,241 [IPC Server listener on 15002] INFO  ipc.Server (Server.java:run(1430)) - Stopping IPC Server listener on 15002
2023-06-21 21:49:41,241 [IPC Server Responder] INFO  ipc.Server (Server.java:run(1563)) - Stopping IPC Server Responder
2023-06-21 21:49:41,241 [main] INFO  server.SCMUpdateServiceGrpcServer (SCMUpdateServiceGrpcServer.java:stop(73)) - SCMUpdateService stopping
2023-06-21 21:49:41,242 [main] INFO  server.SCMUpdateServiceGrpcServer (SCMUpdateServiceGrpcServer.java:stop(85)) - SCMUpdateService stopped!
2023-06-21 21:49:41,242 [main] INFO  server.StorageContainerManager (StorageContainerManager.java:stop(1654)) - Stopping Block Manager Service.
2023-06-21 21:49:41,242 [main] INFO  utils.BackgroundService (BackgroundService.java:shutdown(141)) - Shutting down service SCMBlockDeletingService
2023-06-21 21:49:41,243 [main] INFO  utils.BackgroundService (BackgroundService.java:shutdown(141)) - Shutting down service SCMBlockDeletingService
2023-06-21 21:49:41,243 [main] INFO  server.StorageContainerManager (StorageContainerManager.java:stop(1674)) - Stopping SCM Event Queue.
2023-06-21 21:49:41,243 [main] INFO  server.StorageContainerManager (StorageContainerManager.java:stop(1685)) - Stopping SCM HA services.
2023-06-21 21:49:41,243 [main] INFO  ha.SCMRatisServerImpl (SCMRatisServerImpl.java:stop(254)) - stopping ratis server 0.0.0.0:15003
2023-06-21 21:49:41,244 [main] INFO  server.RaftServer (RaftServerProxy.java:lambda$close$6(416)) - 6554ba57-669d-4c9f-91d9-11f4838b8a27: close
2023-06-21 21:49:41,244 [main] INFO  server.GrpcService (GrpcService.java:closeImpl(311)) - 6554ba57-669d-4c9f-91d9-11f4838b8a27: shutdown server GrpcServerProtocolService now
2023-06-21 21:49:41,245 [6554ba57-669d-4c9f-91d9-11f4838b8a27-impl-thread2] INFO  server.RaftServer$Division (RaftServerImpl.java:lambda$close$4(466)) - 6554ba57-669d-4c9f-91d9-11f4838b8a27@group-29E1D18647C8: shutdown
2023-06-21 21:49:41,245 [6554ba57-669d-4c9f-91d9-11f4838b8a27-impl-thread2] INFO  util.JmxRegister (JmxRegister.java:unregister(73)) - Successfully un-registered JMX Bean with object name Ratis:service=RaftServer,group=group-29E1D18647C8,id=6554ba57-669d-4c9f-91d9-11f4838b8a27
2023-06-21 21:49:41,245 [6554ba57-669d-4c9f-91d9-11f4838b8a27-impl-thread2] INFO  impl.RoleInfo (RoleInfo.java:shutdownLeaderState(93)) - 6554ba57-669d-4c9f-91d9-11f4838b8a27: shutdown 6554ba57-669d-4c9f-91d9-11f4838b8a27@group-29E1D18647C8-LeaderStateImpl
2023-06-21 21:49:41,246 [6554ba57-669d-4c9f-91d9-11f4838b8a27-impl-thread2] INFO  impl.PendingRequests (PendingRequests.java:sendNotLeaderResponses(289)) - 6554ba57-669d-4c9f-91d9-11f4838b8a27@group-29E1D18647C8-PendingRequests: sendNotLeaderResponses
2023-06-21 21:49:41,246 [6554ba57-669d-4c9f-91d9-11f4838b8a27@group-29E1D18647C8->06fbe519-35a2-4226-ad85-372ac4de582e-GrpcLogAppender-LogAppenderDaemon] WARN  server.GrpcLogAppender (GrpcLogAppender.java:mayWait(199)) - 6554ba57-669d-4c9f-91d9-11f4838b8a27@group-29E1D18647C8->06fbe519-35a2-4226-ad85-372ac4de582e-GrpcLogAppender: Wait interrupted by java.lang.InterruptedException
2023-06-21 21:49:41,246 [6554ba57-669d-4c9f-91d9-11f4838b8a27@group-29E1D18647C8->336e6589-5d5b-4942-96a6-e8ef4b976bc7-GrpcLogAppender-LogAppenderDaemon] WARN  server.GrpcLogAppender (GrpcLogAppender.java:mayWait(199)) - 6554ba57-669d-4c9f-91d9-11f4838b8a27@group-29E1D18647C8->336e6589-5d5b-4942-96a6-e8ef4b976bc7-GrpcLogAppender: Wait interrupted by java.lang.InterruptedException
2023-06-21 21:49:41,248 [Thread-745] INFO  server.GrpcServerProtocolClient (GrpcServerProtocolClient.java:close(103)) - 336e6589-5d5b-4942-96a6-e8ef4b976bc7 Close channels
2023-06-21 21:49:41,248 [6554ba57-669d-4c9f-91d9-11f4838b8a27-impl-thread2] INFO  ha.SCMStateMachine (SCMStateMachine.java:notifyNotLeader(210)) - current leader SCM steps down.
2023-06-21 21:49:41,248 [6554ba57-669d-4c9f-91d9-11f4838b8a27-impl-thread2] INFO  ha.SCMContext (SCMContext.java:updateLeaderAndTerm(99)) - update <isLeader,term> from <true,2> to <false,0>
2023-06-21 21:49:41,248 [6554ba57-669d-4c9f-91d9-11f4838b8a27-impl-thread2] INFO  ha.SCMContext (SCMContext.java:updateLeaderAndTerm(106)) - update <isLeaderReady> from <false> to <false>
2023-06-21 21:49:41,248 [6554ba57-669d-4c9f-91d9-11f4838b8a27-impl-thread2] INFO  BackgroundPipelineScrubber (BackgroundSCMService.java:notifyStatusChanged(88)) - Service BackgroundPipelineScrubber transitions to PAUSING.
2023-06-21 21:49:41,248 [6554ba57-669d-4c9f-91d9-11f4838b8a27-impl-thread2] INFO  ExpiredContainerReplicaOpScrubber (BackgroundSCMService.java:notifyStatusChanged(88)) - Service ExpiredContainerReplicaOpScrubber transitions to PAUSING.
2023-06-21 21:49:41,248 [6554ba57-669d-4c9f-91d9-11f4838b8a27-impl-thread2] INFO  security.RootCARotationManager (RootCARotationManager.java:notifyStatusChanged(98)) - notifyStatusChanged: disable monitor task.
2023-06-21 21:49:41,248 [6554ba57-669d-4c9f-91d9-11f4838b8a27-impl-thread2] INFO  SCMHATransactionMonitor (BackgroundSCMService.java:notifyStatusChanged(88)) - Service SCMHATransactionMonitor transitions to PAUSING.
2023-06-21 21:49:41,249 [Thread-747] INFO  server.GrpcServerProtocolClient (GrpcServerProtocolClient.java:close(103)) - 06fbe519-35a2-4226-ad85-372ac4de582e Close channels
2023-06-21 21:49:41,249 [6554ba57-669d-4c9f-91d9-11f4838b8a27-impl-thread2] INFO  impl.StateMachineUpdater (StateMachineUpdater.java:stopAndJoin(155)) - 6554ba57-669d-4c9f-91d9-11f4838b8a27@group-29E1D18647C8-StateMachineUpdater: set stopIndex = 208
2023-06-21 21:49:41,249 [6554ba57-669d-4c9f-91d9-11f4838b8a27@group-29E1D18647C8-StateMachineUpdater] INFO  ha.SCMStateMachine (SCMStateMachine.java:takeSnapshot(330)) - Current Snapshot Index 208, takeSnapshot took 1 ms
2023-06-21 21:49:41,250 [6554ba57-669d-4c9f-91d9-11f4838b8a27@group-29E1D18647C8-StateMachineUpdater] INFO  impl.StateMachineUpdater (StateMachineUpdater.java:takeSnapshot(291)) - 6554ba57-669d-4c9f-91d9-11f4838b8a27@group-29E1D18647C8-StateMachineUpdater: Took a snapshot at index 208
2023-06-21 21:49:41,250 [6554ba57-669d-4c9f-91d9-11f4838b8a27@group-29E1D18647C8-StateMachineUpdater] INFO  impl.StateMachineUpdater (StateMachineUpdater.java:lambda$new$0(97)) - 6554ba57-669d-4c9f-91d9-11f4838b8a27@group-29E1D18647C8-StateMachineUpdater: snapshotIndex: updateIncreasingly 200 -> 208
2023-06-21 21:49:41,250 [6554ba57-669d-4c9f-91d9-11f4838b8a27@group-29E1D18647C8-StateMachineUpdater] INFO  server.StorageContainerManager (StorageContainerManager.java:stop(1585)) - Storage Container Manager is not running.
2023-06-21 21:49:41,250 [6554ba57-669d-4c9f-91d9-11f4838b8a27@group-29E1D18647C8-StateMachineUpdater] INFO  server.StorageContainerManager (StorageContainerManager.java:stopReplicationManager(1729)) - Stopping Replication Manager Service.
2023-06-21 21:49:41,250 [6554ba57-669d-4c9f-91d9-11f4838b8a27@group-29E1D18647C8-StateMachineUpdater] INFO  replication.ReplicationManager (ReplicationManager.java:stop(329)) - Replication Monitor Thread is not running.
2023-06-21 21:49:41,250 [6554ba57-669d-4c9f-91d9-11f4838b8a27@group-29E1D18647C8-StateMachineUpdater] INFO  server.StorageContainerManager (ExitUtils.java:terminate(131)) - Terminating with exit status 0: scm statemachine is closed by ratis, terminate SCM
2023-06-21 21:49:41,250 [6554ba57-669d-4c9f-91d9-11f4838b8a27@group-29E1D18647C8-StateMachineUpdater] WARN  impl.StateMachineUpdater (StateMachineUpdater.java:stop(139)) - 6554ba57-669d-4c9f-91d9-11f4838b8a27@group-29E1D18647C8-StateMachineUpdater: Failed to close SCMStateMachine SCMStateMachine:6554ba57-669d-4c9f-91d9-11f4838b8a27:group-29E1D18647C8
org.apache.ratis.util.ExitUtils$ExitException: scm statemachine is closed by ratis, terminate SCM
	at org.apache.ratis.util.ExitUtils.terminate(ExitUtils.java:141)
	at org.apache.ratis.util.ExitUtils.terminate(ExitUtils.java:151)
	at org.apache.ratis.util.ExitUtils.terminate(ExitUtils.java:155)
	at org.apache.hadoop.hdds.scm.server.StorageContainerManager.shutDown(StorageContainerManager.java:1739)
	at org.apache.hadoop.hdds.scm.ha.SCMStateMachine.close(SCMStateMachine.java:445)
	at org.apache.ratis.server.impl.StateMachineUpdater.stop(StateMachineUpdater.java:134)
	at org.apache.ratis.server.impl.StateMachineUpdater.run(StateMachineUpdater.java:189)
	at java.lang.Thread.run(Thread.java:750)
2023-06-21 21:49:41,251 [6554ba57-669d-4c9f-91d9-11f4838b8a27-impl-thread2] INFO  server.RaftServer$Division (ServerState.java:close(472)) - 6554ba57-669d-4c9f-91d9-11f4838b8a27@group-29E1D18647C8: closes. applyIndex: 208
2023-06-21 21:49:41,251 [main] INFO  server.GrpcService (GrpcService.java:closeImpl(320)) - 6554ba57-669d-4c9f-91d9-11f4838b8a27: shutdown server GrpcServerProtocolService successfully
2023-06-21 21:49:41,685 [6554ba57-669d-4c9f-91d9-11f4838b8a27-impl-thread2] INFO  segmented.SegmentedRaftLogWorker (SegmentedRaftLogWorker.java:close(252)) - 6554ba57-669d-4c9f-91d9-11f4838b8a27@group-29E1D18647C8-SegmentedRaftLogWorker close()
2023-06-21 21:49:41,686 [JvmPauseMonitor1] INFO  util.JvmPauseMonitor (JvmPauseMonitor.java:run(109)) - JvmPauseMonitor-6554ba57-669d-4c9f-91d9-11f4838b8a27: Stopped
2023-06-21 21:49:41,687 [main] INFO  SCMHATransactionMonitor (BackgroundSCMService.java:stop(131)) - Stopping SCMHATransactionMonitor Service.
2023-06-21 21:49:41,687 [SCMHATransactionMonitorThread] WARN  SCMHATransactionMonitor (BackgroundSCMService.java:run(115)) - SCMHATransactionMonitor is interrupted, exit
2023-06-21 21:49:41,687 [main] INFO  pipeline.BackgroundPipelineCreator (BackgroundPipelineCreator.java:stop(149)) - Stopping RatisPipelineUtilsThread.
2023-06-21 21:49:41,687 [RatisPipelineUtilsThread - 0] WARN  pipeline.BackgroundPipelineCreator (BackgroundPipelineCreator.java:run(180)) - RatisPipelineUtilsThread is interrupted.
2023-06-21 21:49:41,687 [main] INFO  BackgroundPipelineScrubber (BackgroundSCMService.java:stop(131)) - Stopping BackgroundPipelineScrubber Service.
2023-06-21 21:49:41,687 [main] INFO  impl.MetricsSystemImpl (MetricsSystemImpl.java:stop(205)) - StorageContainerManager metrics system stopped (again)
2023-06-21 21:49:41,688 [main] WARN  pipeline.BackgroundPipelineCreator (BackgroundPipelineCreator.java:stop(145)) - RatisPipelineUtilsThread is not running, just ignore.
2023-06-21 21:49:41,688 [main] INFO  BackgroundPipelineScrubber (BackgroundSCMService.java:stop(126)) - BackgroundPipelineScrubber Service is not running, skip stop.
2023-06-21 21:49:41,688 [main] INFO  ExpiredContainerReplicaOpScrubber (BackgroundSCMService.java:stop(131)) - Stopping ExpiredContainerReplicaOpScrubber Service.
2023-06-21 21:49:41,688 [main] INFO  utils.BackgroundService (BackgroundService.java:shutdown(141)) - Shutting down service SCMBlockDeletingService
2023-06-21 21:49:41,688 [ExpiredContainerReplicaOpScrubberThread] WARN  ExpiredContainerReplicaOpScrubber (BackgroundSCMService.java:run(115)) - ExpiredContainerReplicaOpScrubber is interrupted, exit
2023-06-21 21:49:41,688 [BackgroundPipelineScrubberThread] WARN  BackgroundPipelineScrubber (BackgroundSCMService.java:run(115)) - BackgroundPipelineScrubber is interrupted, exit
2023-06-21 21:49:41,688 [main] INFO  replication.ReplicationManager (ReplicationManager.java:stop(329)) - Replication Monitor Thread is not running.
2023-06-21 21:49:41,689 [main] WARN  balancer.ContainerBalancer (ContainerBalancer.java:stop(328)) - Cannot stop Container Balancer because it's not running or stopping
2023-06-21 21:49:41,689 [main] INFO  SCMHATransactionMonitor (BackgroundSCMService.java:stop(126)) - SCMHATransactionMonitor Service is not running, skip stop.
2023-06-21 21:49:41,689 [Lease Manager-LeaseManager#LeaseMonitor] WARN  lease.LeaseManager (LeaseManager.java:run(272)) - Lease manager is interrupted. Shutting down...
java.lang.InterruptedException
	at java.util.concurrent.locks.AbstractQueuedSynchronizer.doAcquireSharedNanos(AbstractQueuedSynchronizer.java:1039)
	at java.util.concurrent.locks.AbstractQueuedSynchronizer.tryAcquireSharedNanos(AbstractQueuedSynchronizer.java:1328)
	at java.util.concurrent.Semaphore.tryAcquire(Semaphore.java:409)
	at org.apache.hadoop.ozone.lease.LeaseManager$LeaseMonitor.run(LeaseManager.java:270)
	at java.lang.Thread.run(Thread.java:750)
2023-06-21 21:49:41,689 [main] INFO  server.StorageContainerManager (StorageContainerManager.java:stop(1720)) - Stopping SCM MetadataStore.
2023-06-21 21:49:41,690 [main] INFO  server.SCMSecurityProtocolServer (SCMSecurityProtocolServer.java:join(509)) - Join RPC server for SCMSecurityProtocolServer.
2023-06-21 21:49:41,690 [main] INFO  server.SCMSecurityProtocolServer (SCMSecurityProtocolServer.java:join(511)) - Join gRPC server for SCMSecurityProtocolServer.
2023-06-21 21:49:41,691 [main] INFO  ozone.MiniOzoneClusterImpl (MiniOzoneClusterImpl.java:stop(461)) - Stopping the Mini Ozone Cluster
2023-06-21 21:49:41,691 [main] INFO  ozone.MiniOzoneClusterImpl (MiniOzoneClusterImpl.java:stopDatanodes(529)) - Stopping the HddsDatanodes
2023-06-21 21:49:42,057 [main] INFO  ozoneimpl.OzoneContainer (OzoneContainer.java:stop(433)) - Attempting to stop container services.
2023-06-21 21:49:42,057 [EndpointStateMachine task thread for /127.0.0.1:15004 - 0 ] INFO  ipc.Client (Client.java:handleConnectionFailure(967)) - Retrying connect to server: localhost/127.0.0.1:15004. Already tried 1 time(s); retry policy is RetryUpToMaximumCountWithFixedSleep(maxRetries=15, sleepTime=1000 MILLISECONDS)
2023-06-21 21:49:42,057 [EndpointStateMachine task thread for /127.0.0.1:15012 - 0 ] INFO  ipc.Client (Client.java:handleConnectionFailure(967)) - Retrying connect to server: localhost/127.0.0.1:15012. Already tried 2 time(s); retry policy is RetryUpToMaximumCountWithFixedSleep(maxRetries=15, sleepTime=1000 MILLISECONDS)
2023-06-21 21:49:42,058 [EndpointStateMachine task thread for /127.0.0.1:15020 - 0 ] INFO  ipc.Client (Client.java:handleConnectionFailure(967)) - Retrying connect to server: localhost/127.0.0.1:15020. Already tried 2 time(s); retry policy is RetryUpToMaximumCountWithFixedSleep(maxRetries=15, sleepTime=1000 MILLISECONDS)
2023-06-21 21:49:42,059 [main] INFO  server.RaftServer (RaftServerProxy.java:lambda$close$6(416)) - d7c2b77a-ebfa-4f5e-b0ff-24733d290501: close
2023-06-21 21:49:42,059 [d7c2b77a-ebfa-4f5e-b0ff-24733d290501-impl-thread1] INFO  server.RaftServer$Division (RaftServerImpl.java:lambda$close$4(466)) - d7c2b77a-ebfa-4f5e-b0ff-24733d290501@group-AF43E50897D1: shutdown
2023-06-21 21:49:42,059 [d7c2b77a-ebfa-4f5e-b0ff-24733d290501-impl-thread1] INFO  util.JmxRegister (JmxRegister.java:unregister(73)) - Successfully un-registered JMX Bean with object name Ratis:service=RaftServer,group=group-AF43E50897D1,id=d7c2b77a-ebfa-4f5e-b0ff-24733d290501
2023-06-21 21:49:42,059 [d7c2b77a-ebfa-4f5e-b0ff-24733d290501-impl-thread1] INFO  impl.RoleInfo (RoleInfo.java:shutdownLeaderState(93)) - d7c2b77a-ebfa-4f5e-b0ff-24733d290501: shutdown d7c2b77a-ebfa-4f5e-b0ff-24733d290501@group-AF43E50897D1-LeaderStateImpl
2023-06-21 21:49:42,059 [d7c2b77a-ebfa-4f5e-b0ff-24733d290501-impl-thread1] INFO  impl.PendingRequests (PendingRequests.java:sendNotLeaderResponses(289)) - d7c2b77a-ebfa-4f5e-b0ff-24733d290501@group-AF43E50897D1-PendingRequests: sendNotLeaderResponses
2023-06-21 21:49:42,060 [d7c2b77a-ebfa-4f5e-b0ff-24733d290501-impl-thread1] INFO  impl.StateMachineUpdater (StateMachineUpdater.java:stopAndJoin(155)) - d7c2b77a-ebfa-4f5e-b0ff-24733d290501@group-AF43E50897D1-StateMachineUpdater: set stopIndex = 0
2023-06-21 21:49:42,060 [main] INFO  server.GrpcService (GrpcService.java:closeImpl(311)) - d7c2b77a-ebfa-4f5e-b0ff-24733d290501: shutdown server org.apache.ratis.grpc.server.GrpcClientProtocolService now
2023-06-21 21:49:42,060 [d7c2b77a-ebfa-4f5e-b0ff-24733d290501@group-AF43E50897D1-StateMachineUpdater] INFO  ratis.ContainerStateMachine (ContainerStateMachine.java:takeSnapshot(330)) - group-AF43E50897D1: Taking a snapshot at:(t:1, i:0) file /home/runner/work/ozone/ozone/hadoop-ozone/integration-test/target/test-dir/MiniOzoneClusterImpl-ed2e7ec8-c199-49a5-9fff-29e1d18647c8/datanode-0/data/ratis/81612fcb-d1e6-4e27-8f5c-af43e50897d1/sm/snapshot.1_0
2023-06-21 21:49:42,061 [main] INFO  server.GrpcService (GrpcService.java:closeImpl(320)) - d7c2b77a-ebfa-4f5e-b0ff-24733d290501: shutdown server org.apache.ratis.grpc.server.GrpcClientProtocolService successfully
2023-06-21 21:49:42,061 [main] INFO  server.GrpcService (GrpcService.java:closeImpl(311)) - d7c2b77a-ebfa-4f5e-b0ff-24733d290501: shutdown server GrpcServerProtocolService now
2023-06-21 21:49:42,062 [main] INFO  server.GrpcService (GrpcService.java:closeImpl(320)) - d7c2b77a-ebfa-4f5e-b0ff-24733d290501: shutdown server GrpcServerProtocolService successfully
2023-06-21 21:49:42,063 [main] INFO  server.GrpcService (GrpcService.java:closeImpl(311)) - d7c2b77a-ebfa-4f5e-b0ff-24733d290501: shutdown server org.apache.ratis.grpc.server.GrpcAdminProtocolService now
2023-06-21 21:49:42,063 [main] INFO  server.GrpcService (GrpcService.java:closeImpl(320)) - d7c2b77a-ebfa-4f5e-b0ff-24733d290501: shutdown server org.apache.ratis.grpc.server.GrpcAdminProtocolService successfully
2023-06-21 21:49:42,064 [d7c2b77a-ebfa-4f5e-b0ff-24733d290501-NettyServerStreamRpc-bossGroup--thread1] INFO  logging.LoggingHandler (AbstractInternalLogger.java:log(148)) - [id: 0x0cf3a92d, L:/0:0:0:0:0:0:0:0:15047] CLOSE
2023-06-21 21:49:42,064 [d7c2b77a-ebfa-4f5e-b0ff-24733d290501-NettyServerStreamRpc-bossGroup--thread1] INFO  logging.LoggingHandler (AbstractInternalLogger.java:log(148)) - [id: 0x0cf3a92d, L:/0:0:0:0:0:0:0:0:15047] INACTIVE
2023-06-21 21:49:42,064 [d7c2b77a-ebfa-4f5e-b0ff-24733d290501-NettyServerStreamRpc-bossGroup--thread1] INFO  logging.LoggingHandler (AbstractInternalLogger.java:log(148)) - [id: 0x0cf3a92d, L:/0:0:0:0:0:0:0:0:15047] UNREGISTERED
2023-06-21 21:49:42,098 [d7c2b77a-ebfa-4f5e-b0ff-24733d290501@group-AF43E50897D1-StateMachineUpdater] INFO  ratis.ContainerStateMachine (ContainerStateMachine.java:takeSnapshot(341)) - group-AF43E50897D1: Finished taking a snapshot at:(t:1, i:0) file:/home/runner/work/ozone/ozone/hadoop-ozone/integration-test/target/test-dir/MiniOzoneClusterImpl-ed2e7ec8-c199-49a5-9fff-29e1d18647c8/datanode-0/data/ratis/81612fcb-d1e6-4e27-8f5c-af43e50897d1/sm/snapshot.1_0 took: 38 ms
2023-06-21 21:49:42,099 [d7c2b77a-ebfa-4f5e-b0ff-24733d290501@group-AF43E50897D1-StateMachineUpdater] INFO  impl.StateMachineUpdater (StateMachineUpdater.java:takeSnapshot(291)) - d7c2b77a-ebfa-4f5e-b0ff-24733d290501@group-AF43E50897D1-StateMachineUpdater: Took a snapshot at index 0
2023-06-21 21:49:42,099 [d7c2b77a-ebfa-4f5e-b0ff-24733d290501@group-AF43E50897D1-StateMachineUpdater] INFO  impl.StateMachineUpdater (StateMachineUpdater.java:lambda$new$0(97)) - d7c2b77a-ebfa-4f5e-b0ff-24733d290501@group-AF43E50897D1-StateMachineUpdater: snapshotIndex: updateIncreasingly -1 -> 0
2023-06-21 21:49:42,101 [d7c2b77a-ebfa-4f5e-b0ff-24733d290501-impl-thread1] INFO  server.RaftServer$Division (ServerState.java:close(472)) - d7c2b77a-ebfa-4f5e-b0ff-24733d290501@group-AF43E50897D1: closes. applyIndex: 0
2023-06-21 21:49:43,029 [d7c2b77a-ebfa-4f5e-b0ff-24733d290501-impl-thread1] INFO  segmented.SegmentedRaftLogWorker (SegmentedRaftLogWorker.java:close(252)) - d7c2b77a-ebfa-4f5e-b0ff-24733d290501@group-AF43E50897D1-SegmentedRaftLogWorker close()
2023-06-21 21:49:43,029 [JvmPauseMonitor4] INFO  util.JvmPauseMonitor (JvmPauseMonitor.java:run(109)) - JvmPauseMonitor-d7c2b77a-ebfa-4f5e-b0ff-24733d290501: Stopped
2023-06-21 21:49:43,058 [EndpointStateMachine task thread for /127.0.0.1:15004 - 0 ] INFO  ipc.Client (Client.java:handleConnectionFailure(967)) - Retrying connect to server: localhost/127.0.0.1:15004. Already tried 2 time(s); retry policy is RetryUpToMaximumCountWithFixedSleep(maxRetries=15, sleepTime=1000 MILLISECONDS)
2023-06-21 21:49:43,059 [EndpointStateMachine task thread for /127.0.0.1:15012 - 0 ] INFO  ipc.Client (Client.java:handleConnectionFailure(967)) - Retrying connect to server: localhost/127.0.0.1:15012. Already tried 3 time(s); retry policy is RetryUpToMaximumCountWithFixedSleep(maxRetries=15, sleepTime=1000 MILLISECONDS)
2023-06-21 21:49:43,060 [EndpointStateMachine task thread for /127.0.0.1:15020 - 0 ] INFO  ipc.Client (Client.java:handleConnectionFailure(967)) - Retrying connect to server: localhost/127.0.0.1:15020. Already tried 3 time(s); retry policy is RetryUpToMaximumCountWithFixedSleep(maxRetries=15, sleepTime=1000 MILLISECONDS)
2023-06-21 21:49:44,059 [EndpointStateMachine task thread for /127.0.0.1:15004 - 0 ] INFO  ipc.Client (Client.java:handleConnectionFailure(967)) - Retrying connect to server: localhost/127.0.0.1:15004. Already tried 3 time(s); retry policy is RetryUpToMaximumCountWithFixedSleep(maxRetries=15, sleepTime=1000 MILLISECONDS)
2023-06-21 21:49:44,060 [EndpointStateMachine task thread for /127.0.0.1:15012 - 0 ] INFO  ipc.Client (Client.java:handleConnectionFailure(967)) - Retrying connect to server: localhost/127.0.0.1:15012. Already tried 4 time(s); retry policy is RetryUpToMaximumCountWithFixedSleep(maxRetries=15, sleepTime=1000 MILLISECONDS)
2023-06-21 21:49:44,060 [EndpointStateMachine task thread for /127.0.0.1:15020 - 0 ] INFO  ipc.Client (Client.java:handleConnectionFailure(967)) - Retrying connect to server: localhost/127.0.0.1:15020. Already tried 4 time(s); retry policy is RetryUpToMaximumCountWithFixedSleep(maxRetries=15, sleepTime=1000 MILLISECONDS)
2023-06-21 21:49:45,057 [main] INFO  utils.DatanodeStoreCache (DatanodeStoreCache.java:shutdownCache(110)) - Skip clearing cache in mini cluster mode. Entries left: [/home/runner/work/ozone/ozone/hadoop-ozone/integration-test/target/test-dir/MiniOzoneClusterImpl-ed2e7ec8-c199-49a5-9fff-29e1d18647c8/datanode-0/data-0/containers/hdds/ed2e7ec8-c199-49a5-9fff-29e1d18647c8/DS-4c45b447-e775-4816-8eaf-f34c812ebc04/container.db]
2023-06-21 21:49:45,058 [main] INFO  utils.DatanodeStoreCache (DatanodeStoreCache.java:removeDB(104)) - Removed db /home/runner/work/ozone/ozone/hadoop-ozone/integration-test/target/test-dir/MiniOzoneClusterImpl-ed2e7ec8-c199-49a5-9fff-29e1d18647c8/datanode-0/data-0/containers/hdds/ed2e7ec8-c199-49a5-9fff-29e1d18647c8/DS-4c45b447-e775-4816-8eaf-f34c812ebc04/container.db from cache
2023-06-21 21:49:45,059 [main] INFO  volume.HddsVolume (HddsVolume.java:closeDbStore(437)) - SchemaV3 db is stopped at /home/runner/work/ozone/ozone/hadoop-ozone/integration-test/target/test-dir/MiniOzoneClusterImpl-ed2e7ec8-c199-49a5-9fff-29e1d18647c8/datanode-0/data-0/containers/hdds/ed2e7ec8-c199-49a5-9fff-29e1d18647c8/DS-4c45b447-e775-4816-8eaf-f34c812ebc04/container.db for volume DS-4c45b447-e775-4816-8eaf-f34c812ebc04
2023-06-21 21:49:45,059 [main] INFO  utils.BackgroundService (BackgroundService.java:shutdown(141)) - Shutting down service BlockDeletingService
2023-06-21 21:49:45,059 [main] INFO  utils.BackgroundService (BackgroundService.java:shutdown(141)) - Shutting down service StaleRecoveringContainerScrubbingService
2023-06-21 21:49:45,060 [main] INFO  statemachine.DatanodeStateMachine (DatanodeStateMachine.java:stopDaemon(613)) - Ozone container server stopped.
2023-06-21 21:49:45,060 [EndpointStateMachine task thread for /127.0.0.1:15012 - 0 ] INFO  ipc.Client (Client.java:handleConnectionFailure(967)) - Retrying connect to server: localhost/127.0.0.1:15012. Already tried 5 time(s); retry policy is RetryUpToMaximumCountWithFixedSleep(maxRetries=15, sleepTime=1000 MILLISECONDS)
2023-06-21 21:49:45,061 [EndpointStateMachine task thread for /127.0.0.1:15020 - 0 ] INFO  ipc.Client (Client.java:handleConnectionFailure(967)) - Retrying connect to server: localhost/127.0.0.1:15020. Already tried 5 time(s); retry policy is RetryUpToMaximumCountWithFixedSleep(maxRetries=15, sleepTime=1000 MILLISECONDS)
2023-06-21 21:49:45,061 [EndpointStateMachine task thread for /127.0.0.1:15004 - 0 ] INFO  ipc.Client (Client.java:handleConnectionFailure(967)) - Retrying connect to server: localhost/127.0.0.1:15004. Already tried 4 time(s); retry policy is RetryUpToMaximumCountWithFixedSleep(maxRetries=15, sleepTime=1000 MILLISECONDS)
2023-06-21 21:49:45,071 [main] INFO  handler.ContextHandler (ContextHandler.java:doStop(1159)) - Stopped o.e.j.w.WebAppContext@6fb763bd{hddsDatanode,/,null,STOPPED}{jar:file:/home/runner/.m2/repository/org/apache/ozone/hdds-container-service/1.4.0-SNAPSHOT/hdds-container-service-1.4.0-SNAPSHOT.jar!/webapps/hddsDatanode}
2023-06-21 21:49:45,072 [main] INFO  server.AbstractConnector (AbstractConnector.java:doStop(383)) - Stopped ServerConnector@3b4d0434{HTTP/1.1, (http/1.1)}{0.0.0.0:15041}
2023-06-21 21:49:45,072 [main] INFO  server.session (HouseKeeper.java:stopScavenging(149)) - node0 Stopped scavenging
2023-06-21 21:49:45,073 [main] INFO  handler.ContextHandler (ContextHandler.java:doStop(1159)) - Stopped o.e.j.s.ServletContextHandler@6ef3e83e{static,/static,jar:file:/home/runner/.m2/repository/org/apache/ozone/hdds-container-service/1.4.0-SNAPSHOT/hdds-container-service-1.4.0-SNAPSHOT.jar!/webapps/static,STOPPED}
2023-06-21 21:49:45,073 [main] INFO  handler.ContextHandler (ContextHandler.java:doStop(1159)) - Stopped o.e.j.s.ServletContextHandler@17ef0c6d{logs,/logs,file:///home/runner/work/ozone/ozone/hadoop-ozone/integration-test/target/log,STOPPED}
2023-06-21 21:49:45,075 [main] INFO  ozone.HddsDatanodeClientProtocolServer (HddsDatanodeClientProtocolServer.java:stop(78)) - Stopping the RPC server for Client Protocol
2023-06-21 21:49:45,075 [main] INFO  ipc.Server (Server.java:stop(3501)) - Stopping server on 15042
2023-06-21 21:49:45,076 [IPC Server listener on 15042] INFO  ipc.Server (Server.java:run(1430)) - Stopping IPC Server listener on 15042
2023-06-21 21:49:45,080 [IPC Server Responder] INFO  ipc.Server (Server.java:run(1563)) - Stopping IPC Server Responder
]]></system-out>
  </testcase>
</testsuite>