<?xml version="1.0" encoding="UTF-8"?>
<testsuite xmlns:xsi="http://www.w3.org/2001/XMLSchema-instance" xsi:noNamespaceSchemaLocation="https://maven.apache.org/surefire/maven-surefire-plugin/xsd/surefire-test-report-3.0.xsd" version="3.0" name="org.apache.hadoop.fs.ozone.TestHSync" time="151.739" tests="10" errors="1" skipped="0" failures="0">
  <properties>
    <property name="java.specification.version" value="17"/>
    <property name="sun.jnu.encoding" value="UTF-8"/>
    <property name="gradle.enterprise.listener.surefire.forkId" value="1"/>
    <property name="java.class.path" value="/home/runner/work/ozone/ozone/hadoop-ozone/integration-test/target/test-classes:/home/runner/work/ozone/ozone/hadoop-ozone/integration-test/target/classes:/home/runner/work/ozone/ozone/hadoop-ozone/common/target/classes:/home/runner/.m2/repository/io/grpc/grpc-netty/1.58.0/grpc-netty-1.58.0.jar:/home/runner/.m2/repository/io/grpc/grpc-core/1.58.0/grpc-core-1.58.0.jar:/home/runner/.m2/repository/com/google/android/annotations/4.1.1.4/annotations-4.1.1.4.jar:/home/runner/.m2/repository/org/codehaus/mojo/animal-sniffer-annotations/1.23/animal-sniffer-annotations-1.23.jar:/home/runner/.m2/repository/io/grpc/grpc-context/1.58.0/grpc-context-1.58.0.jar:/home/runner/.m2/repository/io/grpc/grpc-util/1.58.0/grpc-util-1.58.0.jar:/home/runner/.m2/repository/com/google/errorprone/error_prone_annotations/2.2.0/error_prone_annotations-2.2.0.jar:/home/runner/.m2/repository/io/perfmark/perfmark-api/0.26.0/perfmark-api-0.26.0.jar:/home/runner/.m2/repository/io/netty/netty-codec-http2/4.1.100.Final/netty-codec-http2-4.1.100.Final.jar:/home/runner/.m2/repository/io/netty/netty-common/4.1.100.Final/netty-common-4.1.100.Final.jar:/home/runner/.m2/repository/io/netty/netty-buffer/4.1.100.Final/netty-buffer-4.1.100.Final.jar:/home/runner/.m2/repository/io/netty/netty-codec-http/4.1.100.Final/netty-codec-http-4.1.100.Final.jar:/home/runner/.m2/repository/io/netty/netty-handler-proxy/4.1.100.Final/netty-handler-proxy-4.1.100.Final.jar:/home/runner/.m2/repository/io/netty/netty-codec-socks/4.1.100.Final/netty-codec-socks-4.1.100.Final.jar:/home/runner/.m2/repository/io/netty/netty-tcnative-boringssl-static/2.0.61.Final/netty-tcnative-boringssl-static-2.0.61.Final.jar:/home/runner/.m2/repository/io/netty/netty-tcnative-classes/2.0.61.Final/netty-tcnative-classes-2.0.61.Final.jar:/home/runner/.m2/repository/io/netty/netty-tcnative-boringssl-static/2.0.61.Final/netty-tcnative-boringssl-static-2.0.61.Final-linux-x86_64.jar:/home/runner/.m2/repository/io/netty/netty-tcnative-boringssl-static/2.0.61.Final/netty-tcnative-boringssl-static-2.0.61.Final-linux-aarch_64.jar:/home/runner/.m2/repository/io/netty/netty-tcnative-boringssl-static/2.0.61.Final/netty-tcnative-boringssl-static-2.0.61.Final-osx-x86_64.jar:/home/runner/.m2/repository/io/netty/netty-tcnative-boringssl-static/2.0.61.Final/netty-tcnative-boringssl-static-2.0.61.Final-osx-aarch_64.jar:/home/runner/.m2/repository/io/netty/netty-tcnative-boringssl-static/2.0.61.Final/netty-tcnative-boringssl-static-2.0.61.Final-windows-x86_64.jar:/home/runner/.m2/repository/org/apache/commons/commons-compress/1.26.0/commons-compress-1.26.0.jar:/home/runner/work/ozone/ozone/hadoop-hdds/common/target/classes:/home/runner/work/ozone/ozone/hadoop-hdds/client/target/classes:/home/runner/work/ozone/ozone/hadoop-ozone/interface-client/target/classes:/home/runner/.m2/repository/org/apache/hadoop/hadoop-hdfs-client/3.3.6/hadoop-hdfs-client-3.3.6.jar:/home/runner/.m2/repository/com/squareup/okhttp3/okhttp/4.12.0/okhttp-4.12.0.jar:/home/runner/.m2/repository/com/squareup/okio/okio/3.6.0/okio-3.6.0.jar:/home/runner/.m2/repository/com/squareup/okio/okio-jvm/3.6.0/okio-jvm-3.6.0.jar:/home/runner/.m2/repository/org/jetbrains/kotlin/kotlin-stdlib-jdk8/1.9.22/kotlin-stdlib-jdk8-1.9.22.jar:/home/runner/.m2/repository/org/jetbrains/kotlin/kotlin-stdlib-jdk7/1.9.22/kotlin-stdlib-jdk7-1.9.22.jar:/home/runner/.m2/repository/org/jetbrains/kotlin/kotlin-stdlib-common/1.9.22/kotlin-stdlib-common-1.9.22.jar:/home/runner/work/ozone/ozone/hadoop-hdds/test-utils/target/classes:/home/runner/.m2/repository/org/assertj/assertj-core/3.12.2/assertj-core-3.12.2.jar:/home/runner/.m2/repository/com/google/guava/guava/32.1.3-jre/guava-32.1.3-jre.jar:/home/runner/.m2/repository/com/google/guava/failureaccess/1.0.1/failureaccess-1.0.1.jar:/home/runner/.m2/repository/com/google/guava/listenablefuture/9999.0-empty-to-avoid-conflict-with-guava/listenablefuture-9999.0-empty-to-avoid-conflict-with-guava.jar:/home/runner/.m2/repository/org/checkerframework/checker-qual/3.37.0/checker-qual-3.37.0.jar:/home/runner/.m2/repository/com/google/j2objc/j2objc-annotations/2.8/j2objc-annotations-2.8.jar:/home/runner/.m2/repository/commons-io/commons-io/2.16.1/commons-io-2.16.1.jar:/home/runner/.m2/repository/commons-logging/commons-logging/1.2/commons-logging-1.2.jar:/home/runner/.m2/repository/org/junit/jupiter/junit-jupiter-api/5.10.2/junit-jupiter-api-5.10.2.jar:/home/runner/.m2/repository/org/opentest4j/opentest4j/1.3.0/opentest4j-1.3.0.jar:/home/runner/.m2/repository/org/junit/platform/junit-platform-commons/1.10.2/junit-platform-commons-1.10.2.jar:/home/runner/.m2/repository/ch/qos/reload4j/reload4j/1.2.25/reload4j-1.2.25.jar:/home/runner/.m2/repository/jakarta/annotation/jakarta.annotation-api/2.1.1/jakarta.annotation-api-2.1.1.jar:/home/runner/.m2/repository/org/slf4j/slf4j-api/2.0.12/slf4j-api-2.0.12.jar:/home/runner/.m2/repository/org/apache/logging/log4j/log4j-api/2.17.1/log4j-api-2.17.1.jar:/home/runner/work/ozone/ozone/hadoop-hdds/server-scm/target/classes:/home/runner/.m2/repository/com/google/protobuf/protobuf-java/2.5.0/protobuf-java-2.5.0.jar:/home/runner/work/ozone/ozone/hadoop-hdds/container-service/target/classes:/home/runner/work/ozone/ozone/hadoop-hdds/hadoop-dependency-server/target/classes:/home/runner/.m2/repository/com/nimbusds/nimbus-jose-jwt/9.37.2/nimbus-jose-jwt-9.37.2.jar:/home/runner/.m2/repository/com/github/stephenc/jcip/jcip-annotations/1.0-1/jcip-annotations-1.0-1.jar:/home/runner/.m2/repository/org/apache/hadoop/hadoop-hdfs/3.3.6/hadoop-hdfs-3.3.6.jar:/home/runner/.m2/repository/commons-daemon/commons-daemon/1.3.4/commons-daemon-1.3.4.jar:/home/runner/.m2/repository/org/xerial/snappy/snappy-java/1.1.10.5/snappy-java-1.1.10.5.jar:/home/runner/work/ozone/ozone/hadoop-hdds/framework/target/classes:/home/runner/.m2/repository/org/bouncycastle/bcprov-jdk18on/1.77/bcprov-jdk18on-1.77.jar:/home/runner/.m2/repository/io/dropwizard/metrics/metrics-core/3.2.4/metrics-core-3.2.4.jar:/home/runner/.m2/repository/org/apache/commons/commons-text/1.11.0/commons-text-1.11.0.jar:/home/runner/work/ozone/ozone/hadoop-hdds/framework/target/test-classes:/home/runner/work/ozone/ozone/hadoop-hdds/interface-server/target/classes:/home/runner/work/ozone/ozone/hadoop-hdds/interface-admin/target/classes:/home/runner/work/ozone/ozone/hadoop-hdds/managed-rocksdb/target/classes:/home/runner/.m2/repository/org/rocksdb/rocksdbjni/7.7.3/rocksdbjni-7.7.3.jar:/home/runner/.m2/repository/org/slf4j/slf4j-reload4j/2.0.12/slf4j-reload4j-2.0.12.jar:/home/runner/.m2/repository/org/apache/commons/commons-configuration2/2.10.1/commons-configuration2-2.10.1.jar:/home/runner/.m2/repository/commons-fileupload/commons-fileupload/1.5/commons-fileupload-1.5.jar:/home/runner/.m2/repository/org/apache/logging/log4j/log4j-core/2.17.1/log4j-core-2.17.1.jar:/home/runner/.m2/repository/com/lmax/disruptor/3.4.4/disruptor-3.4.4.jar:/home/runner/.m2/repository/org/eclipse/jetty/jetty-util/9.4.54.v20240208/jetty-util-9.4.54.v20240208.jar:/home/runner/.m2/repository/org/eclipse/jetty/jetty-server/9.4.54.v20240208/jetty-server-9.4.54.v20240208.jar:/home/runner/.m2/repository/org/eclipse/jetty/jetty-http/9.4.54.v20240208/jetty-http-9.4.54.v20240208.jar:/home/runner/.m2/repository/org/eclipse/jetty/jetty-io/9.4.54.v20240208/jetty-io-9.4.54.v20240208.jar:/home/runner/.m2/repository/org/eclipse/jetty/jetty-servlet/9.4.54.v20240208/jetty-servlet-9.4.54.v20240208.jar:/home/runner/.m2/repository/org/eclipse/jetty/jetty-security/9.4.54.v20240208/jetty-security-9.4.54.v20240208.jar:/home/runner/.m2/repository/org/eclipse/jetty/jetty-util-ajax/9.4.54.v20240208/jetty-util-ajax-9.4.54.v20240208.jar:/home/runner/.m2/repository/org/eclipse/jetty/jetty-webapp/9.4.54.v20240208/jetty-webapp-9.4.54.v20240208.jar:/home/runner/.m2/repository/org/eclipse/jetty/jetty-xml/9.4.54.v20240208/jetty-xml-9.4.54.v20240208.jar:/home/runner/.m2/repository/org/apache/ratis/ratis-server/3.0.1/ratis-server-3.0.1.jar:/home/runner/.m2/repository/org/apache/ratis/ratis-thirdparty-misc/1.0.5/ratis-thirdparty-misc-1.0.5.jar:/home/runner/.m2/repository/org/apache/ratis/ratis-proto/3.0.1/ratis-proto-3.0.1.jar:/home/runner/.m2/repository/org/apache/ratis/ratis-common/3.0.1/ratis-common-3.0.1.jar:/home/runner/.m2/repository/org/apache/ratis/ratis-client/3.0.1/ratis-client-3.0.1.jar:/home/runner/.m2/repository/org/apache/ratis/ratis-server-api/3.0.1/ratis-server-api-3.0.1.jar:/home/runner/.m2/repository/org/apache/ratis/ratis-metrics-api/3.0.1/ratis-metrics-api-3.0.1.jar:/home/runner/.m2/repository/org/apache/ratis/ratis-metrics-dropwizard3/3.0.1/ratis-metrics-dropwizard3-3.0.1.jar:/home/runner/.m2/repository/io/prometheus/simpleclient_dropwizard/0.16.0/simpleclient_dropwizard-0.16.0.jar:/home/runner/.m2/repository/io/prometheus/simpleclient/0.16.0/simpleclient-0.16.0.jar:/home/runner/.m2/repository/io/prometheus/simpleclient_common/0.16.0/simpleclient_common-0.16.0.jar:/home/runner/.m2/repository/com/fasterxml/jackson/datatype/jackson-datatype-jsr310/2.16.1/jackson-datatype-jsr310-2.16.1.jar:/home/runner/.m2/repository/com/fasterxml/jackson/core/jackson-core/2.16.1/jackson-core-2.16.1.jar:/home/runner/work/ozone/ozone/hadoop-hdds/rocksdb-checkpoint-differ/target/classes:/home/runner/.m2/repository/org/jgrapht/jgrapht-core/1.4.0/jgrapht-core-1.4.0.jar:/home/runner/.m2/repository/org/jheaps/jheaps/0.11/jheaps-0.11.jar:/home/runner/.m2/repository/org/jgrapht/jgrapht-ext/1.4.0/jgrapht-ext-1.4.0.jar:/home/runner/.m2/repository/com/github/vlsi/mxgraph/jgraphx/3.9.8.1/jgraphx-3.9.8.1.jar:/home/runner/work/ozone/ozone/hadoop-ozone/ozone-manager/target/classes:/home/runner/.m2/repository/org/aspectj/aspectjrt/1.9.7/aspectjrt-1.9.7.jar:/home/runner/.m2/repository/org/aspectj/aspectjweaver/1.9.7/aspectjweaver-1.9.7.jar:/home/runner/work/ozone/ozone/hadoop-hdds/interface-client/target/classes:/home/runner/.m2/repository/org/apache/hadoop/thirdparty/hadoop-shaded-protobuf_3_7/1.1.1/hadoop-shaded-protobuf_3_7-1.1.1.jar:/home/runner/work/ozone/ozone/hadoop-ozone/interface-storage/target/classes:/home/runner/.m2/repository/org/reflections/reflections/0.10.2/reflections-0.10.2.jar:/home/runner/.m2/repository/com/sun/jersey/jersey-client/1.19.4/jersey-client-1.19.4.jar:/home/runner/.m2/repository/org/codehaus/jackson/jackson-core-asl/1.9.13/jackson-core-asl-1.9.13.jar:/home/runner/.m2/repository/org/codehaus/jackson/jackson-mapper-asl/1.9.13/jackson-mapper-asl-1.9.13.jar:/home/runner/.m2/repository/org/codehaus/jackson/jackson-jaxrs/1.9.13/jackson-jaxrs-1.9.13.jar:/home/runner/.m2/repository/org/apache/ranger/ranger-intg/2.3.0/ranger-intg-2.3.0.jar:/home/runner/.m2/repository/org/apache/ranger/ranger-plugins-common/2.3.0/ranger-plugins-common-2.3.0.jar:/home/runner/.m2/repository/commons-lang/commons-lang/2.6/commons-lang-2.6.jar:/home/runner/.m2/repository/org/apache/ranger/ranger-plugins-cred/2.3.0/ranger-plugins-cred-2.3.0.jar:/home/runner/.m2/repository/org/apache/ranger/ranger-plugins-audit/2.3.0/ranger-plugins-audit-2.3.0.jar:/home/runner/.m2/repository/org/eclipse/jetty/jetty-client/9.4.54.v20240208/jetty-client-9.4.54.v20240208.jar:/home/runner/.m2/repository/org/apache/httpcomponents/httpmime/4.5.6/httpmime-4.5.6.jar:/home/runner/.m2/repository/org/apache/httpcomponents/httpcore-nio/4.4.16/httpcore-nio-4.4.16.jar:/home/runner/.m2/repository/org/apache/httpcomponents/httpasyncclient/4.1.3/httpasyncclient-4.1.3.jar:/home/runner/.m2/repository/com/carrotsearch/hppc/0.8.0/hppc-0.8.0.jar:/home/runner/.m2/repository/org/apache/orc/orc-core/1.5.8/orc-core-1.5.8.jar:/home/runner/.m2/repository/net/java/dev/jna/jna/5.2.0/jna-5.2.0.jar:/home/runner/.m2/repository/net/java/dev/jna/jna-platform/5.2.0/jna-platform-5.2.0.jar:/home/runner/.m2/repository/com/kstruct/gethostname4j/0.0.2/gethostname4j-0.0.2.jar:/home/runner/.m2/repository/org/apache/ranger/ranger-plugin-classloader/2.3.0/ranger-plugin-classloader-2.3.0.jar:/home/runner/work/ozone/ozone/hadoop-hdds/rocks-native/target/classes:/home/runner/.m2/repository/org/apache/hadoop/hadoop-minikdc/3.3.6/hadoop-minikdc-3.3.6.jar:/home/runner/.m2/repository/org/apache/kerby/kerb-simplekdc/1.0.1/kerb-simplekdc-1.0.1.jar:/home/runner/.m2/repository/org/apache/kerby/kerb-client/1.0.1/kerb-client-1.0.1.jar:/home/runner/.m2/repository/org/apache/kerby/kerby-config/1.0.1/kerby-config-1.0.1.jar:/home/runner/.m2/repository/org/apache/kerby/kerb-common/1.0.1/kerb-common-1.0.1.jar:/home/runner/.m2/repository/org/apache/kerby/kerb-crypto/1.0.1/kerb-crypto-1.0.1.jar:/home/runner/.m2/repository/org/apache/kerby/kerb-util/1.0.1/kerb-util-1.0.1.jar:/home/runner/.m2/repository/org/apache/kerby/token-provider/1.0.1/token-provider-1.0.1.jar:/home/runner/.m2/repository/org/apache/kerby/kerb-admin/1.0.1/kerb-admin-1.0.1.jar:/home/runner/.m2/repository/org/apache/kerby/kerb-server/1.0.1/kerb-server-1.0.1.jar:/home/runner/.m2/repository/org/apache/kerby/kerb-identity/1.0.1/kerb-identity-1.0.1.jar:/home/runner/.m2/repository/org/apache/kerby/kerby-xdr/1.0.1/kerby-xdr-1.0.1.jar:/home/runner/.m2/repository/junit/junit/4.13.2/junit-4.13.2.jar:/home/runner/.m2/repository/org/hamcrest/hamcrest-core/1.3/hamcrest-core-1.3.jar:/home/runner/work/ozone/ozone/hadoop-ozone/s3gateway/target/classes:/home/runner/.m2/repository/org/javassist/javassist/3.30.2-GA/javassist-3.30.2-GA.jar:/home/runner/.m2/repository/org/jboss/weld/servlet/weld-servlet-shaded/3.1.9.Final/weld-servlet-shaded-3.1.9.Final.jar:/home/runner/.m2/repository/org/glassfish/jersey/containers/jersey-container-servlet-core/2.42/jersey-container-servlet-core-2.42.jar:/home/runner/.m2/repository/org/glassfish/hk2/external/jakarta.inject/2.6.1/jakarta.inject-2.6.1.jar:/home/runner/.m2/repository/org/glassfish/jersey/core/jersey-common/2.42/jersey-common-2.42.jar:/home/runner/.m2/repository/jakarta/ws/rs/jakarta.ws.rs-api/2.1.6/jakarta.ws.rs-api-2.1.6.jar:/home/runner/.m2/repository/org/glassfish/jersey/ext/cdi/jersey-cdi1x/2.42/jersey-cdi1x-2.42.jar:/home/runner/.m2/repository/org/glassfish/jersey/inject/jersey-hk2/2.42/jersey-hk2-2.42.jar:/home/runner/.m2/repository/org/glassfish/hk2/hk2-locator/2.6.1/hk2-locator-2.6.1.jar:/home/runner/.m2/repository/org/glassfish/jersey/media/jersey-media-jaxb/2.42/jersey-media-jaxb-2.42.jar:/home/runner/.m2/repository/org/glassfish/hk2/osgi-resource-locator/1.0.3/osgi-resource-locator-1.0.3.jar:/home/runner/.m2/repository/org/glassfish/hk2/hk2-api/2.6.1/hk2-api-2.6.1.jar:/home/runner/.m2/repository/org/glassfish/hk2/hk2-utils/2.6.1/hk2-utils-2.6.1.jar:/home/runner/.m2/repository/org/glassfish/hk2/external/aopalliance-repackaged/2.6.1/aopalliance-repackaged-2.6.1.jar:/home/runner/.m2/repository/com/fasterxml/jackson/dataformat/jackson-dataformat-xml/2.16.1/jackson-dataformat-xml-2.16.1.jar:/home/runner/.m2/repository/org/codehaus/woodstox/stax2-api/4.2.2/stax2-api-4.2.2.jar:/home/runner/.m2/repository/com/fasterxml/woodstox/woodstox-core/5.4.0/woodstox-core-5.4.0.jar:/home/runner/.m2/repository/com/fasterxml/jackson/module/jackson-module-jaxb-annotations/2.16.1/jackson-module-jaxb-annotations-2.16.1.jar:/home/runner/.m2/repository/javax/enterprise/cdi-api/2.0/cdi-api-2.0.jar:/home/runner/.m2/repository/javax/el/javax.el-api/3.0.0/javax.el-api-3.0.0.jar:/home/runner/.m2/repository/javax/interceptor/javax.interceptor-api/1.2/javax.interceptor-api-1.2.jar:/home/runner/.m2/repository/javax/inject/javax.inject/1/javax.inject-1.jar:/home/runner/.m2/repository/jakarta/xml/bind/jakarta.xml.bind-api/2.3.3/jakarta.xml.bind-api-2.3.3.jar:/home/runner/.m2/repository/org/glassfish/jaxb/jaxb-runtime/2.3.9/jaxb-runtime-2.3.9.jar:/home/runner/.m2/repository/org/glassfish/jaxb/txw2/2.3.9/txw2-2.3.9.jar:/home/runner/.m2/repository/com/sun/istack/istack-commons-runtime/3.0.12/istack-commons-runtime-3.0.12.jar:/home/runner/.m2/repository/com/sun/activation/jakarta.activation/1.2.2/jakarta.activation-1.2.2.jar:/home/runner/.m2/repository/jakarta/activation/jakarta.activation-api/1.2.2/jakarta.activation-api-1.2.2.jar:/home/runner/.m2/repository/io/grpc/grpc-protobuf/1.58.0/grpc-protobuf-1.58.0.jar:/home/runner/.m2/repository/com/google/api/grpc/proto-google-common-protos/2.22.0/proto-google-common-protos-2.22.0.jar:/home/runner/.m2/repository/io/grpc/grpc-protobuf-lite/1.58.0/grpc-protobuf-lite-1.58.0.jar:/home/runner/.m2/repository/io/grpc/grpc-stub/1.58.0/grpc-stub-1.58.0.jar:/home/runner/.m2/repository/io/netty/netty-transport/4.1.100.Final/netty-transport-4.1.100.Final.jar:/home/runner/.m2/repository/io/netty/netty-resolver/4.1.100.Final/netty-resolver-4.1.100.Final.jar:/home/runner/work/ozone/ozone/hadoop-ozone/csi/target/classes:/home/runner/.m2/repository/com/google/protobuf/protobuf-java-util/3.19.6/protobuf-java-util-3.19.6.jar:/home/runner/.m2/repository/com/google/code/gson/gson/2.10.1/gson-2.10.1.jar:/home/runner/work/ozone/ozone/hadoop-hdds/config/target/classes:/home/runner/.m2/repository/io/netty/netty-transport-native-epoll/4.1.100.Final/netty-transport-native-epoll-4.1.100.Final-linux-x86_64.jar:/home/runner/.m2/repository/io/netty/netty-transport-classes-epoll/4.1.100.Final/netty-transport-classes-epoll-4.1.100.Final.jar:/home/runner/.m2/repository/io/netty/netty-transport-native-unix-common/4.1.100.Final/netty-transport-native-unix-common-4.1.100.Final.jar:/home/runner/work/ozone/ozone/hadoop-ozone/recon/target/classes:/home/runner/work/ozone/ozone/hadoop-ozone/recon-codegen/target/classes:/home/runner/.m2/repository/com/google/inject/guice/6.0.0/guice-6.0.0.jar:/home/runner/.m2/repository/jakarta/inject/jakarta.inject-api/2.0.1/jakarta.inject-api-2.0.1.jar:/home/runner/.m2/repository/aopalliance/aopalliance/1.0/aopalliance-1.0.jar:/home/runner/.m2/repository/com/google/inject/extensions/guice-assistedinject/6.0.0/guice-assistedinject-6.0.0.jar:/home/runner/.m2/repository/com/google/inject/extensions/guice-servlet/6.0.0/guice-servlet-6.0.0.jar:/home/runner/.m2/repository/org/glassfish/jersey/containers/jersey-container-servlet/2.42/jersey-container-servlet-2.42.jar:/home/runner/.m2/repository/org/glassfish/hk2/guice-bridge/2.6.1/guice-bridge-2.6.1.jar:/home/runner/.m2/repository/org/glassfish/jersey/core/jersey-server/2.42/jersey-server-2.42.jar:/home/runner/.m2/repository/org/glassfish/jersey/core/jersey-client/2.42/jersey-client-2.42.jar:/home/runner/.m2/repository/jakarta/validation/jakarta.validation-api/2.0.2/jakarta.validation-api-2.0.2.jar:/home/runner/.m2/repository/org/glassfish/jersey/media/jersey-media-json-jackson/2.42/jersey-media-json-jackson-2.42.jar:/home/runner/.m2/repository/org/glassfish/jersey/ext/jersey-entity-filtering/2.42/jersey-entity-filtering-2.42.jar:/home/runner/.m2/repository/org/jooq/jooq/3.11.10/jooq-3.11.10.jar:/home/runner/.m2/repository/org/jooq/jooq-meta/3.11.10/jooq-meta-3.11.10.jar:/home/runner/.m2/repository/org/jooq/jooq-codegen/3.11.10/jooq-codegen-3.11.10.jar:/home/runner/.m2/repository/com/jolbox/bonecp/0.8.0.RELEASE/bonecp-0.8.0.RELEASE.jar:/home/runner/.m2/repository/org/apache/derby/derby/10.14.2.0/derby-10.14.2.0.jar:/home/runner/.m2/repository/org/xerial/sqlite-jdbc/3.44.1.0/sqlite-jdbc-3.44.1.0.jar:/home/runner/.m2/repository/org/springframework/spring-jdbc/5.3.27/spring-jdbc-5.3.27.jar:/home/runner/.m2/repository/org/springframework/spring-beans/5.3.27/spring-beans-5.3.27.jar:/home/runner/.m2/repository/org/springframework/spring-core/5.3.27/spring-core-5.3.27.jar:/home/runner/.m2/repository/org/springframework/spring-tx/5.3.27/spring-tx-5.3.27.jar:/home/runner/work/ozone/ozone/hadoop-ozone/client/target/classes:/home/runner/work/ozone/ozone/hadoop-hdds/erasurecode/target/classes:/home/runner/work/ozone/ozone/hadoop-ozone/ozonefs/target/classes:/home/runner/work/ozone/ozone/hadoop-ozone/ozonefs-common/target/classes:/home/runner/work/ozone/ozone/hadoop-ozone/tools/target/classes:/home/runner/.m2/repository/com/amazonaws/aws-java-sdk-core/1.12.661/aws-java-sdk-core-1.12.661.jar:/home/runner/.m2/repository/org/apache/httpcomponents/httpclient/4.5.14/httpclient-4.5.14.jar:/home/runner/.m2/repository/org/apache/httpcomponents/httpcore/4.4.16/httpcore-4.4.16.jar:/home/runner/.m2/repository/com/fasterxml/jackson/dataformat/jackson-dataformat-cbor/2.16.1/jackson-dataformat-cbor-2.16.1.jar:/home/runner/.m2/repository/joda-time/joda-time/2.12.7/joda-time-2.12.7.jar:/home/runner/.m2/repository/com/amazonaws/aws-java-sdk-s3/1.12.661/aws-java-sdk-s3-1.12.661.jar:/home/runner/.m2/repository/com/amazonaws/aws-java-sdk-kms/1.12.661/aws-java-sdk-kms-1.12.661.jar:/home/runner/.m2/repository/com/amazonaws/jmespath-java/1.12.661/jmespath-java-1.12.661.jar:/home/runner/.m2/repository/org/kohsuke/metainf-services/metainf-services/1.11/metainf-services-1.11.jar:/home/runner/work/ozone/ozone/hadoop-hdds/tools/target/classes:/home/runner/.m2/repository/org/apache/ratis/ratis-tools/3.0.1/ratis-tools-3.0.1.jar:/home/runner/.m2/repository/commons-cli/commons-cli/1.6.0/commons-cli-1.6.0.jar:/home/runner/.m2/repository/org/apache/commons/commons-lang3/3.14.0/commons-lang3-3.14.0.jar:/home/runner/work/ozone/ozone/hadoop-ozone/ozone-manager/target/test-classes:/home/runner/work/ozone/ozone/hadoop-hdds/common/target/test-classes:/home/runner/work/ozone/ozone/hadoop-hdds/hadoop-dependency-client/target/classes:/home/runner/.m2/repository/info/picocli/picocli/4.7.5/picocli-4.7.5.jar:/home/runner/.m2/repository/com/fasterxml/jackson/core/jackson-annotations/2.16.1/jackson-annotations-2.16.1.jar:/home/runner/work/ozone/ozone/hadoop-hdds/annotations/target/classes:/home/runner/.m2/repository/javax/annotation/javax.annotation-api/1.3.2/javax.annotation-api-1.3.2.jar:/home/runner/.m2/repository/org/apache/ratis/ratis-netty/3.0.1/ratis-netty-3.0.1.jar:/home/runner/.m2/repository/org/apache/ratis/ratis-grpc/3.0.1/ratis-grpc-3.0.1.jar:/home/runner/.m2/repository/org/bouncycastle/bcpkix-jdk18on/1.77/bcpkix-jdk18on-1.77.jar:/home/runner/.m2/repository/org/bouncycastle/bcutil-jdk18on/1.77/bcutil-jdk18on-1.77.jar:/home/runner/.m2/repository/commons-validator/commons-validator/1.6/commons-validator-1.6.jar:/home/runner/.m2/repository/commons-beanutils/commons-beanutils/1.9.4/commons-beanutils-1.9.4.jar:/home/runner/.m2/repository/commons-digester/commons-digester/1.8.1/commons-digester-1.8.1.jar:/home/runner/.m2/repository/commons-collections/commons-collections/3.2.2/commons-collections-3.2.2.jar:/home/runner/.m2/repository/io/jaegertracing/jaeger-client/1.8.1/jaeger-client-1.8.1.jar:/home/runner/.m2/repository/io/jaegertracing/jaeger-thrift/1.8.1/jaeger-thrift-1.8.1.jar:/home/runner/.m2/repository/org/apache/thrift/libthrift/0.15.0/libthrift-0.15.0.jar:/home/runner/.m2/repository/io/jaegertracing/jaeger-core/1.8.1/jaeger-core-1.8.1.jar:/home/runner/.m2/repository/io/jaegertracing/jaeger-tracerresolver/1.8.1/jaeger-tracerresolver-1.8.1.jar:/home/runner/.m2/repository/io/opentracing/contrib/opentracing-tracerresolver/0.1.8/opentracing-tracerresolver-0.1.8.jar:/home/runner/.m2/repository/org/jetbrains/kotlin/kotlin-stdlib/1.9.22/kotlin-stdlib-1.9.22.jar:/home/runner/.m2/repository/org/jetbrains/annotations/13.0/annotations-13.0.jar:/home/runner/.m2/repository/io/opentracing/opentracing-util/0.33.0/opentracing-util-0.33.0.jar:/home/runner/.m2/repository/io/opentracing/opentracing-api/0.33.0/opentracing-api-0.33.0.jar:/home/runner/.m2/repository/io/opentracing/opentracing-noop/0.33.0/opentracing-noop-0.33.0.jar:/home/runner/.m2/repository/org/yaml/snakeyaml/2.0/snakeyaml-2.0.jar:/home/runner/.m2/repository/io/grpc/grpc-api/1.58.0/grpc-api-1.58.0.jar:/home/runner/.m2/repository/org/junit/platform/junit-platform-launcher/1.10.2/junit-platform-launcher-1.10.2.jar:/home/runner/.m2/repository/org/junit/platform/junit-platform-engine/1.10.2/junit-platform-engine-1.10.2.jar:/home/runner/.m2/repository/org/apiguardian/apiguardian-api/1.1.2/apiguardian-api-1.1.2.jar:/home/runner/.m2/repository/org/apache/hadoop/hadoop-kms/3.3.6/hadoop-kms-3.3.6.jar:/home/runner/.m2/repository/org/apache/hadoop/hadoop-auth/3.3.6/hadoop-auth-3.3.6.jar:/home/runner/.m2/repository/org/apache/zookeeper/zookeeper/3.8.4/zookeeper-3.8.4.jar:/home/runner/.m2/repository/org/apache/zookeeper/zookeeper-jute/3.8.4/zookeeper-jute-3.8.4.jar:/home/runner/.m2/repository/org/apache/yetus/audience-annotations/0.12.0/audience-annotations-0.12.0.jar:/home/runner/.m2/repository/org/apache/curator/curator-framework/4.2.0/curator-framework-4.2.0.jar:/home/runner/.m2/repository/org/apache/hadoop/thirdparty/hadoop-shaded-guava/1.2.0/hadoop-shaded-guava-1.2.0.jar:/home/runner/.m2/repository/com/sun/jersey/jersey-core/1.19.4/jersey-core-1.19.4.jar:/home/runner/.m2/repository/javax/ws/rs/jsr311-api/1.1.1/jsr311-api-1.1.1.jar:/home/runner/.m2/repository/com/sun/jersey/jersey-server/1.19.4/jersey-server-1.19.4.jar:/home/runner/.m2/repository/javax/servlet/javax.servlet-api/3.1.0/javax.servlet-api-3.1.0.jar:/home/runner/.m2/repository/org/apache/hadoop/hadoop-common/3.3.6/hadoop-common-3.3.6.jar:/home/runner/.m2/repository/org/apache/commons/commons-math3/3.6.1/commons-math3-3.6.1.jar:/home/runner/.m2/repository/commons-net/commons-net/3.10.0/commons-net-3.10.0.jar:/home/runner/.m2/repository/com/sun/jersey/jersey-servlet/1.19.4/jersey-servlet-1.19.4.jar:/home/runner/.m2/repository/com/github/pjfanning/jersey-json/1.20/jersey-json-1.20.jar:/home/runner/.m2/repository/org/codehaus/jettison/jettison/1.1/jettison-1.1.jar:/home/runner/.m2/repository/com/sun/xml/bind/jaxb-impl/2.2.3-1/jaxb-impl-2.2.3-1.jar:/home/runner/.m2/repository/com/google/re2j/re2j/1.7/re2j-1.7.jar:/home/runner/.m2/repository/com/jcraft/jsch/0.1.55/jsch-0.1.55.jar:/home/runner/.m2/repository/org/apache/curator/curator-client/4.2.0/curator-client-4.2.0.jar:/home/runner/.m2/repository/org/apache/curator/curator-recipes/5.2.0/curator-recipes-5.2.0.jar:/home/runner/.m2/repository/com/google/code/findbugs/jsr305/3.0.2/jsr305-3.0.2.jar:/home/runner/.m2/repository/org/apache/kerby/kerb-core/1.0.1/kerb-core-1.0.1.jar:/home/runner/.m2/repository/org/apache/kerby/kerby-pkix/1.0.1/kerby-pkix-1.0.1.jar:/home/runner/.m2/repository/org/apache/kerby/kerby-asn1/1.0.1/kerby-asn1-1.0.1.jar:/home/runner/.m2/repository/org/apache/kerby/kerby-util/1.0.1/kerby-util-1.0.1.jar:/home/runner/.m2/repository/dnsjava/dnsjava/2.1.7/dnsjava-2.1.7.jar:/home/runner/.m2/repository/com/fasterxml/jackson/core/jackson-databind/2.16.1/jackson-databind-2.16.1.jar:/home/runner/.m2/repository/org/apache/hadoop/hadoop-kms/3.3.6/hadoop-kms-3.3.6-tests.jar:/home/runner/work/ozone/ozone/hadoop-hdds/server-scm/target/test-classes:/home/runner/work/ozone/ozone/hadoop-hdds/container-service/target/test-classes:/home/runner/.m2/repository/com/github/luben/zstd-jni/1.5.6-2/zstd-jni-1.5.6-2.jar:/home/runner/.m2/repository/commons-codec/commons-codec/1.15/commons-codec-1.15.jar:/home/runner/.m2/repository/io/netty/netty-codec/4.1.100.Final/netty-codec-4.1.100.Final.jar:/home/runner/.m2/repository/io/netty/netty-handler/4.1.100.Final/netty-handler-4.1.100.Final.jar:/home/runner/work/ozone/ozone/hadoop-hdds/hadoop-dependency-test/target/classes:/home/runner/.m2/repository/org/apache/hadoop/hadoop-common/3.3.6/hadoop-common-3.3.6-tests.jar:/home/runner/.m2/repository/org/apache/hadoop/hadoop-hdfs/3.3.6/hadoop-hdfs-3.3.6-tests.jar:/home/runner/.m2/repository/org/junit/jupiter/junit-jupiter-engine/5.10.2/junit-jupiter-engine-5.10.2.jar:/home/runner/.m2/repository/org/junit/jupiter/junit-jupiter-params/5.10.2/junit-jupiter-params-5.10.2.jar:/home/runner/.m2/repository/org/mockito/mockito-core/4.11.0/mockito-core-4.11.0.jar:/home/runner/.m2/repository/net/bytebuddy/byte-buddy/1.12.19/byte-buddy-1.12.19.jar:/home/runner/.m2/repository/net/bytebuddy/byte-buddy-agent/1.12.19/byte-buddy-agent-1.12.19.jar:/home/runner/.m2/repository/org/objenesis/objenesis/3.3/objenesis-3.3.jar:/home/runner/.m2/repository/org/mockito/mockito-inline/4.11.0/mockito-inline-4.11.0.jar:/home/runner/.m2/repository/org/mockito/mockito-junit-jupiter/4.11.0/mockito-junit-jupiter-4.11.0.jar:/home/runner/.m2/repository/org/apache/hadoop/hadoop-distcp/3.3.6/hadoop-distcp-3.3.6.jar:/home/runner/.m2/repository/org/apache/hadoop/hadoop-mapreduce-client-jobclient/3.3.6/hadoop-mapreduce-client-jobclient-3.3.6.jar:/home/runner/.m2/repository/org/apache/hadoop/hadoop-mapreduce-client-common/3.3.6/hadoop-mapreduce-client-common-3.3.6.jar:/home/runner/.m2/repository/org/apache/hadoop/hadoop-yarn-common/3.3.6/hadoop-yarn-common-3.3.6.jar:/home/runner/.m2/repository/org/apache/hadoop/hadoop-yarn-api/3.3.6/hadoop-yarn-api-3.3.6.jar:/home/runner/.m2/repository/javax/xml/bind/jaxb-api/2.2.11/jaxb-api-2.2.11.jar:/home/runner/.m2/repository/com/sun/jersey/contribs/jersey-guice/1.19.4/jersey-guice-1.19.4.jar:/home/runner/.m2/repository/com/fasterxml/jackson/jaxrs/jackson-jaxrs-json-provider/2.16.1/jackson-jaxrs-json-provider-2.16.1.jar:/home/runner/.m2/repository/com/fasterxml/jackson/jaxrs/jackson-jaxrs-base/2.16.1/jackson-jaxrs-base-2.16.1.jar:/home/runner/.m2/repository/org/apache/hadoop/hadoop-yarn-client/3.3.6/hadoop-yarn-client-3.3.6.jar:/home/runner/.m2/repository/org/eclipse/jetty/websocket/websocket-client/9.4.51.v20230217/websocket-client-9.4.51.v20230217.jar:/home/runner/.m2/repository/org/eclipse/jetty/websocket/websocket-common/9.4.51.v20230217/websocket-common-9.4.51.v20230217.jar:/home/runner/.m2/repository/org/eclipse/jetty/websocket/websocket-api/9.4.51.v20230217/websocket-api-9.4.51.v20230217.jar:/home/runner/.m2/repository/org/jline/jline/3.9.0/jline-3.9.0.jar:/home/runner/.m2/repository/org/apache/hadoop/hadoop-mapreduce-client-core/3.3.6/hadoop-mapreduce-client-core-3.3.6.jar:/home/runner/.m2/repository/org/apache/avro/avro/1.7.7/avro-1.7.7.jar:/home/runner/.m2/repository/com/thoughtworks/paranamer/paranamer/2.3/paranamer-2.3.jar:/home/runner/.m2/repository/org/apache/hadoop/hadoop-annotations/3.3.6/hadoop-annotations-3.3.6.jar:/home/runner/.m2/repository/io/netty/netty/3.10.6.Final/netty-3.10.6.Final.jar:/home/runner/.m2/repository/org/apache/hadoop/hadoop-distcp/3.3.6/hadoop-distcp-3.3.6-tests.jar:/home/runner/.m2/repository/org/hamcrest/hamcrest/2.2/hamcrest-2.2.jar:/home/runner/.m2/repository/org/slf4j/jul-to-slf4j/2.0.12/jul-to-slf4j-2.0.12.jar:/home/runner/work/ozone/ozone/hadoop-ozone/integration-test/target/gradle-enterprise/test-listeners.jar:"/>
    <property name="java.vm.vendor" value="Eclipse Adoptium"/>
    <property name="sun.arch.data.model" value="64"/>
    <property name="test.build.dir" value="/home/runner/work/ozone/ozone/hadoop-ozone/integration-test/target/test-dir"/>
    <property name="test.cache.data" value=""/>
    <property name="java.vendor.url" value="https://adoptium.net/"/>
    <property name="user.timezone" value="Etc/UTC"/>
    <property name="maven-surefire-plugin.argLineAccessArgs" value=" --add-opens java.management/com.sun.jmx.mbeanserver=ALL-UNNAMED --add-exports java.management/com.sun.jmx.mbeanserver=ALL-UNNAMED --add-opens java.base/java.nio=ALL-UNNAMED --add-opens java.base/java.lang=ALL-UNNAMED --add-opens java.base/java.lang.reflect=ALL-UNNAMED"/>
    <property name="os.name" value="Linux"/>
    <property name="java.vm.specification.version" value="17"/>
    <property name="test.build.data" value="/home/runner/work/ozone/ozone/hadoop-ozone/integration-test/target/test-dir"/>
    <property name="sun.java.launcher" value="SUN_STANDARD"/>
    <property name="sun.boot.library.path" value="/usr/lib/jvm/temurin-17-jdk-amd64/lib"/>
    <property name="sun.java.command" value="/home/runner/work/ozone/ozone/hadoop-ozone/integration-test/target/surefire/surefirebooter393365601538015852.jar /home/runner/work/ozone/ozone/hadoop-ozone/integration-test/target/surefire 2024-05-01T12-26-18_204-jvmRun1 surefire14644166380413450134tmp surefire_373716986339515295356tmp"/>
    <property name="jdk.debug" value="release"/>
    <property name="native.lib.tmp.dir" value="/tmp"/>
    <property name="surefire.test.class.path" value="/home/runner/work/ozone/ozone/hadoop-ozone/integration-test/target/test-classes:/home/runner/work/ozone/ozone/hadoop-ozone/integration-test/target/classes:/home/runner/work/ozone/ozone/hadoop-ozone/common/target/classes:/home/runner/.m2/repository/io/grpc/grpc-netty/1.58.0/grpc-netty-1.58.0.jar:/home/runner/.m2/repository/io/grpc/grpc-core/1.58.0/grpc-core-1.58.0.jar:/home/runner/.m2/repository/com/google/android/annotations/4.1.1.4/annotations-4.1.1.4.jar:/home/runner/.m2/repository/org/codehaus/mojo/animal-sniffer-annotations/1.23/animal-sniffer-annotations-1.23.jar:/home/runner/.m2/repository/io/grpc/grpc-context/1.58.0/grpc-context-1.58.0.jar:/home/runner/.m2/repository/io/grpc/grpc-util/1.58.0/grpc-util-1.58.0.jar:/home/runner/.m2/repository/com/google/errorprone/error_prone_annotations/2.2.0/error_prone_annotations-2.2.0.jar:/home/runner/.m2/repository/io/perfmark/perfmark-api/0.26.0/perfmark-api-0.26.0.jar:/home/runner/.m2/repository/io/netty/netty-codec-http2/4.1.100.Final/netty-codec-http2-4.1.100.Final.jar:/home/runner/.m2/repository/io/netty/netty-common/4.1.100.Final/netty-common-4.1.100.Final.jar:/home/runner/.m2/repository/io/netty/netty-buffer/4.1.100.Final/netty-buffer-4.1.100.Final.jar:/home/runner/.m2/repository/io/netty/netty-codec-http/4.1.100.Final/netty-codec-http-4.1.100.Final.jar:/home/runner/.m2/repository/io/netty/netty-handler-proxy/4.1.100.Final/netty-handler-proxy-4.1.100.Final.jar:/home/runner/.m2/repository/io/netty/netty-codec-socks/4.1.100.Final/netty-codec-socks-4.1.100.Final.jar:/home/runner/.m2/repository/io/netty/netty-tcnative-boringssl-static/2.0.61.Final/netty-tcnative-boringssl-static-2.0.61.Final.jar:/home/runner/.m2/repository/io/netty/netty-tcnative-classes/2.0.61.Final/netty-tcnative-classes-2.0.61.Final.jar:/home/runner/.m2/repository/io/netty/netty-tcnative-boringssl-static/2.0.61.Final/netty-tcnative-boringssl-static-2.0.61.Final-linux-x86_64.jar:/home/runner/.m2/repository/io/netty/netty-tcnative-boringssl-static/2.0.61.Final/netty-tcnative-boringssl-static-2.0.61.Final-linux-aarch_64.jar:/home/runner/.m2/repository/io/netty/netty-tcnative-boringssl-static/2.0.61.Final/netty-tcnative-boringssl-static-2.0.61.Final-osx-x86_64.jar:/home/runner/.m2/repository/io/netty/netty-tcnative-boringssl-static/2.0.61.Final/netty-tcnative-boringssl-static-2.0.61.Final-osx-aarch_64.jar:/home/runner/.m2/repository/io/netty/netty-tcnative-boringssl-static/2.0.61.Final/netty-tcnative-boringssl-static-2.0.61.Final-windows-x86_64.jar:/home/runner/.m2/repository/org/apache/commons/commons-compress/1.26.0/commons-compress-1.26.0.jar:/home/runner/work/ozone/ozone/hadoop-hdds/common/target/classes:/home/runner/work/ozone/ozone/hadoop-hdds/client/target/classes:/home/runner/work/ozone/ozone/hadoop-ozone/interface-client/target/classes:/home/runner/.m2/repository/org/apache/hadoop/hadoop-hdfs-client/3.3.6/hadoop-hdfs-client-3.3.6.jar:/home/runner/.m2/repository/com/squareup/okhttp3/okhttp/4.12.0/okhttp-4.12.0.jar:/home/runner/.m2/repository/com/squareup/okio/okio/3.6.0/okio-3.6.0.jar:/home/runner/.m2/repository/com/squareup/okio/okio-jvm/3.6.0/okio-jvm-3.6.0.jar:/home/runner/.m2/repository/org/jetbrains/kotlin/kotlin-stdlib-jdk8/1.9.22/kotlin-stdlib-jdk8-1.9.22.jar:/home/runner/.m2/repository/org/jetbrains/kotlin/kotlin-stdlib-jdk7/1.9.22/kotlin-stdlib-jdk7-1.9.22.jar:/home/runner/.m2/repository/org/jetbrains/kotlin/kotlin-stdlib-common/1.9.22/kotlin-stdlib-common-1.9.22.jar:/home/runner/work/ozone/ozone/hadoop-hdds/test-utils/target/classes:/home/runner/.m2/repository/org/assertj/assertj-core/3.12.2/assertj-core-3.12.2.jar:/home/runner/.m2/repository/com/google/guava/guava/32.1.3-jre/guava-32.1.3-jre.jar:/home/runner/.m2/repository/com/google/guava/failureaccess/1.0.1/failureaccess-1.0.1.jar:/home/runner/.m2/repository/com/google/guava/listenablefuture/9999.0-empty-to-avoid-conflict-with-guava/listenablefuture-9999.0-empty-to-avoid-conflict-with-guava.jar:/home/runner/.m2/repository/org/checkerframework/checker-qual/3.37.0/checker-qual-3.37.0.jar:/home/runner/.m2/repository/com/google/j2objc/j2objc-annotations/2.8/j2objc-annotations-2.8.jar:/home/runner/.m2/repository/commons-io/commons-io/2.16.1/commons-io-2.16.1.jar:/home/runner/.m2/repository/commons-logging/commons-logging/1.2/commons-logging-1.2.jar:/home/runner/.m2/repository/org/junit/jupiter/junit-jupiter-api/5.10.2/junit-jupiter-api-5.10.2.jar:/home/runner/.m2/repository/org/opentest4j/opentest4j/1.3.0/opentest4j-1.3.0.jar:/home/runner/.m2/repository/org/junit/platform/junit-platform-commons/1.10.2/junit-platform-commons-1.10.2.jar:/home/runner/.m2/repository/ch/qos/reload4j/reload4j/1.2.25/reload4j-1.2.25.jar:/home/runner/.m2/repository/jakarta/annotation/jakarta.annotation-api/2.1.1/jakarta.annotation-api-2.1.1.jar:/home/runner/.m2/repository/org/slf4j/slf4j-api/2.0.12/slf4j-api-2.0.12.jar:/home/runner/.m2/repository/org/apache/logging/log4j/log4j-api/2.17.1/log4j-api-2.17.1.jar:/home/runner/work/ozone/ozone/hadoop-hdds/server-scm/target/classes:/home/runner/.m2/repository/com/google/protobuf/protobuf-java/2.5.0/protobuf-java-2.5.0.jar:/home/runner/work/ozone/ozone/hadoop-hdds/container-service/target/classes:/home/runner/work/ozone/ozone/hadoop-hdds/hadoop-dependency-server/target/classes:/home/runner/.m2/repository/com/nimbusds/nimbus-jose-jwt/9.37.2/nimbus-jose-jwt-9.37.2.jar:/home/runner/.m2/repository/com/github/stephenc/jcip/jcip-annotations/1.0-1/jcip-annotations-1.0-1.jar:/home/runner/.m2/repository/org/apache/hadoop/hadoop-hdfs/3.3.6/hadoop-hdfs-3.3.6.jar:/home/runner/.m2/repository/commons-daemon/commons-daemon/1.3.4/commons-daemon-1.3.4.jar:/home/runner/.m2/repository/org/xerial/snappy/snappy-java/1.1.10.5/snappy-java-1.1.10.5.jar:/home/runner/work/ozone/ozone/hadoop-hdds/framework/target/classes:/home/runner/.m2/repository/org/bouncycastle/bcprov-jdk18on/1.77/bcprov-jdk18on-1.77.jar:/home/runner/.m2/repository/io/dropwizard/metrics/metrics-core/3.2.4/metrics-core-3.2.4.jar:/home/runner/.m2/repository/org/apache/commons/commons-text/1.11.0/commons-text-1.11.0.jar:/home/runner/work/ozone/ozone/hadoop-hdds/framework/target/test-classes:/home/runner/work/ozone/ozone/hadoop-hdds/interface-server/target/classes:/home/runner/work/ozone/ozone/hadoop-hdds/interface-admin/target/classes:/home/runner/work/ozone/ozone/hadoop-hdds/managed-rocksdb/target/classes:/home/runner/.m2/repository/org/rocksdb/rocksdbjni/7.7.3/rocksdbjni-7.7.3.jar:/home/runner/.m2/repository/org/slf4j/slf4j-reload4j/2.0.12/slf4j-reload4j-2.0.12.jar:/home/runner/.m2/repository/org/apache/commons/commons-configuration2/2.10.1/commons-configuration2-2.10.1.jar:/home/runner/.m2/repository/commons-fileupload/commons-fileupload/1.5/commons-fileupload-1.5.jar:/home/runner/.m2/repository/org/apache/logging/log4j/log4j-core/2.17.1/log4j-core-2.17.1.jar:/home/runner/.m2/repository/com/lmax/disruptor/3.4.4/disruptor-3.4.4.jar:/home/runner/.m2/repository/org/eclipse/jetty/jetty-util/9.4.54.v20240208/jetty-util-9.4.54.v20240208.jar:/home/runner/.m2/repository/org/eclipse/jetty/jetty-server/9.4.54.v20240208/jetty-server-9.4.54.v20240208.jar:/home/runner/.m2/repository/org/eclipse/jetty/jetty-http/9.4.54.v20240208/jetty-http-9.4.54.v20240208.jar:/home/runner/.m2/repository/org/eclipse/jetty/jetty-io/9.4.54.v20240208/jetty-io-9.4.54.v20240208.jar:/home/runner/.m2/repository/org/eclipse/jetty/jetty-servlet/9.4.54.v20240208/jetty-servlet-9.4.54.v20240208.jar:/home/runner/.m2/repository/org/eclipse/jetty/jetty-security/9.4.54.v20240208/jetty-security-9.4.54.v20240208.jar:/home/runner/.m2/repository/org/eclipse/jetty/jetty-util-ajax/9.4.54.v20240208/jetty-util-ajax-9.4.54.v20240208.jar:/home/runner/.m2/repository/org/eclipse/jetty/jetty-webapp/9.4.54.v20240208/jetty-webapp-9.4.54.v20240208.jar:/home/runner/.m2/repository/org/eclipse/jetty/jetty-xml/9.4.54.v20240208/jetty-xml-9.4.54.v20240208.jar:/home/runner/.m2/repository/org/apache/ratis/ratis-server/3.0.1/ratis-server-3.0.1.jar:/home/runner/.m2/repository/org/apache/ratis/ratis-thirdparty-misc/1.0.5/ratis-thirdparty-misc-1.0.5.jar:/home/runner/.m2/repository/org/apache/ratis/ratis-proto/3.0.1/ratis-proto-3.0.1.jar:/home/runner/.m2/repository/org/apache/ratis/ratis-common/3.0.1/ratis-common-3.0.1.jar:/home/runner/.m2/repository/org/apache/ratis/ratis-client/3.0.1/ratis-client-3.0.1.jar:/home/runner/.m2/repository/org/apache/ratis/ratis-server-api/3.0.1/ratis-server-api-3.0.1.jar:/home/runner/.m2/repository/org/apache/ratis/ratis-metrics-api/3.0.1/ratis-metrics-api-3.0.1.jar:/home/runner/.m2/repository/org/apache/ratis/ratis-metrics-dropwizard3/3.0.1/ratis-metrics-dropwizard3-3.0.1.jar:/home/runner/.m2/repository/io/prometheus/simpleclient_dropwizard/0.16.0/simpleclient_dropwizard-0.16.0.jar:/home/runner/.m2/repository/io/prometheus/simpleclient/0.16.0/simpleclient-0.16.0.jar:/home/runner/.m2/repository/io/prometheus/simpleclient_common/0.16.0/simpleclient_common-0.16.0.jar:/home/runner/.m2/repository/com/fasterxml/jackson/datatype/jackson-datatype-jsr310/2.16.1/jackson-datatype-jsr310-2.16.1.jar:/home/runner/.m2/repository/com/fasterxml/jackson/core/jackson-core/2.16.1/jackson-core-2.16.1.jar:/home/runner/work/ozone/ozone/hadoop-hdds/rocksdb-checkpoint-differ/target/classes:/home/runner/.m2/repository/org/jgrapht/jgrapht-core/1.4.0/jgrapht-core-1.4.0.jar:/home/runner/.m2/repository/org/jheaps/jheaps/0.11/jheaps-0.11.jar:/home/runner/.m2/repository/org/jgrapht/jgrapht-ext/1.4.0/jgrapht-ext-1.4.0.jar:/home/runner/.m2/repository/com/github/vlsi/mxgraph/jgraphx/3.9.8.1/jgraphx-3.9.8.1.jar:/home/runner/work/ozone/ozone/hadoop-ozone/ozone-manager/target/classes:/home/runner/.m2/repository/org/aspectj/aspectjrt/1.9.7/aspectjrt-1.9.7.jar:/home/runner/.m2/repository/org/aspectj/aspectjweaver/1.9.7/aspectjweaver-1.9.7.jar:/home/runner/work/ozone/ozone/hadoop-hdds/interface-client/target/classes:/home/runner/.m2/repository/org/apache/hadoop/thirdparty/hadoop-shaded-protobuf_3_7/1.1.1/hadoop-shaded-protobuf_3_7-1.1.1.jar:/home/runner/work/ozone/ozone/hadoop-ozone/interface-storage/target/classes:/home/runner/.m2/repository/org/reflections/reflections/0.10.2/reflections-0.10.2.jar:/home/runner/.m2/repository/com/sun/jersey/jersey-client/1.19.4/jersey-client-1.19.4.jar:/home/runner/.m2/repository/org/codehaus/jackson/jackson-core-asl/1.9.13/jackson-core-asl-1.9.13.jar:/home/runner/.m2/repository/org/codehaus/jackson/jackson-mapper-asl/1.9.13/jackson-mapper-asl-1.9.13.jar:/home/runner/.m2/repository/org/codehaus/jackson/jackson-jaxrs/1.9.13/jackson-jaxrs-1.9.13.jar:/home/runner/.m2/repository/org/apache/ranger/ranger-intg/2.3.0/ranger-intg-2.3.0.jar:/home/runner/.m2/repository/org/apache/ranger/ranger-plugins-common/2.3.0/ranger-plugins-common-2.3.0.jar:/home/runner/.m2/repository/commons-lang/commons-lang/2.6/commons-lang-2.6.jar:/home/runner/.m2/repository/org/apache/ranger/ranger-plugins-cred/2.3.0/ranger-plugins-cred-2.3.0.jar:/home/runner/.m2/repository/org/apache/ranger/ranger-plugins-audit/2.3.0/ranger-plugins-audit-2.3.0.jar:/home/runner/.m2/repository/org/eclipse/jetty/jetty-client/9.4.54.v20240208/jetty-client-9.4.54.v20240208.jar:/home/runner/.m2/repository/org/apache/httpcomponents/httpmime/4.5.6/httpmime-4.5.6.jar:/home/runner/.m2/repository/org/apache/httpcomponents/httpcore-nio/4.4.16/httpcore-nio-4.4.16.jar:/home/runner/.m2/repository/org/apache/httpcomponents/httpasyncclient/4.1.3/httpasyncclient-4.1.3.jar:/home/runner/.m2/repository/com/carrotsearch/hppc/0.8.0/hppc-0.8.0.jar:/home/runner/.m2/repository/org/apache/orc/orc-core/1.5.8/orc-core-1.5.8.jar:/home/runner/.m2/repository/net/java/dev/jna/jna/5.2.0/jna-5.2.0.jar:/home/runner/.m2/repository/net/java/dev/jna/jna-platform/5.2.0/jna-platform-5.2.0.jar:/home/runner/.m2/repository/com/kstruct/gethostname4j/0.0.2/gethostname4j-0.0.2.jar:/home/runner/.m2/repository/org/apache/ranger/ranger-plugin-classloader/2.3.0/ranger-plugin-classloader-2.3.0.jar:/home/runner/work/ozone/ozone/hadoop-hdds/rocks-native/target/classes:/home/runner/.m2/repository/org/apache/hadoop/hadoop-minikdc/3.3.6/hadoop-minikdc-3.3.6.jar:/home/runner/.m2/repository/org/apache/kerby/kerb-simplekdc/1.0.1/kerb-simplekdc-1.0.1.jar:/home/runner/.m2/repository/org/apache/kerby/kerb-client/1.0.1/kerb-client-1.0.1.jar:/home/runner/.m2/repository/org/apache/kerby/kerby-config/1.0.1/kerby-config-1.0.1.jar:/home/runner/.m2/repository/org/apache/kerby/kerb-common/1.0.1/kerb-common-1.0.1.jar:/home/runner/.m2/repository/org/apache/kerby/kerb-crypto/1.0.1/kerb-crypto-1.0.1.jar:/home/runner/.m2/repository/org/apache/kerby/kerb-util/1.0.1/kerb-util-1.0.1.jar:/home/runner/.m2/repository/org/apache/kerby/token-provider/1.0.1/token-provider-1.0.1.jar:/home/runner/.m2/repository/org/apache/kerby/kerb-admin/1.0.1/kerb-admin-1.0.1.jar:/home/runner/.m2/repository/org/apache/kerby/kerb-server/1.0.1/kerb-server-1.0.1.jar:/home/runner/.m2/repository/org/apache/kerby/kerb-identity/1.0.1/kerb-identity-1.0.1.jar:/home/runner/.m2/repository/org/apache/kerby/kerby-xdr/1.0.1/kerby-xdr-1.0.1.jar:/home/runner/.m2/repository/junit/junit/4.13.2/junit-4.13.2.jar:/home/runner/.m2/repository/org/hamcrest/hamcrest-core/1.3/hamcrest-core-1.3.jar:/home/runner/work/ozone/ozone/hadoop-ozone/s3gateway/target/classes:/home/runner/.m2/repository/org/javassist/javassist/3.30.2-GA/javassist-3.30.2-GA.jar:/home/runner/.m2/repository/org/jboss/weld/servlet/weld-servlet-shaded/3.1.9.Final/weld-servlet-shaded-3.1.9.Final.jar:/home/runner/.m2/repository/org/glassfish/jersey/containers/jersey-container-servlet-core/2.42/jersey-container-servlet-core-2.42.jar:/home/runner/.m2/repository/org/glassfish/hk2/external/jakarta.inject/2.6.1/jakarta.inject-2.6.1.jar:/home/runner/.m2/repository/org/glassfish/jersey/core/jersey-common/2.42/jersey-common-2.42.jar:/home/runner/.m2/repository/jakarta/ws/rs/jakarta.ws.rs-api/2.1.6/jakarta.ws.rs-api-2.1.6.jar:/home/runner/.m2/repository/org/glassfish/jersey/ext/cdi/jersey-cdi1x/2.42/jersey-cdi1x-2.42.jar:/home/runner/.m2/repository/org/glassfish/jersey/inject/jersey-hk2/2.42/jersey-hk2-2.42.jar:/home/runner/.m2/repository/org/glassfish/hk2/hk2-locator/2.6.1/hk2-locator-2.6.1.jar:/home/runner/.m2/repository/org/glassfish/jersey/media/jersey-media-jaxb/2.42/jersey-media-jaxb-2.42.jar:/home/runner/.m2/repository/org/glassfish/hk2/osgi-resource-locator/1.0.3/osgi-resource-locator-1.0.3.jar:/home/runner/.m2/repository/org/glassfish/hk2/hk2-api/2.6.1/hk2-api-2.6.1.jar:/home/runner/.m2/repository/org/glassfish/hk2/hk2-utils/2.6.1/hk2-utils-2.6.1.jar:/home/runner/.m2/repository/org/glassfish/hk2/external/aopalliance-repackaged/2.6.1/aopalliance-repackaged-2.6.1.jar:/home/runner/.m2/repository/com/fasterxml/jackson/dataformat/jackson-dataformat-xml/2.16.1/jackson-dataformat-xml-2.16.1.jar:/home/runner/.m2/repository/org/codehaus/woodstox/stax2-api/4.2.2/stax2-api-4.2.2.jar:/home/runner/.m2/repository/com/fasterxml/woodstox/woodstox-core/5.4.0/woodstox-core-5.4.0.jar:/home/runner/.m2/repository/com/fasterxml/jackson/module/jackson-module-jaxb-annotations/2.16.1/jackson-module-jaxb-annotations-2.16.1.jar:/home/runner/.m2/repository/javax/enterprise/cdi-api/2.0/cdi-api-2.0.jar:/home/runner/.m2/repository/javax/el/javax.el-api/3.0.0/javax.el-api-3.0.0.jar:/home/runner/.m2/repository/javax/interceptor/javax.interceptor-api/1.2/javax.interceptor-api-1.2.jar:/home/runner/.m2/repository/javax/inject/javax.inject/1/javax.inject-1.jar:/home/runner/.m2/repository/jakarta/xml/bind/jakarta.xml.bind-api/2.3.3/jakarta.xml.bind-api-2.3.3.jar:/home/runner/.m2/repository/org/glassfish/jaxb/jaxb-runtime/2.3.9/jaxb-runtime-2.3.9.jar:/home/runner/.m2/repository/org/glassfish/jaxb/txw2/2.3.9/txw2-2.3.9.jar:/home/runner/.m2/repository/com/sun/istack/istack-commons-runtime/3.0.12/istack-commons-runtime-3.0.12.jar:/home/runner/.m2/repository/com/sun/activation/jakarta.activation/1.2.2/jakarta.activation-1.2.2.jar:/home/runner/.m2/repository/jakarta/activation/jakarta.activation-api/1.2.2/jakarta.activation-api-1.2.2.jar:/home/runner/.m2/repository/io/grpc/grpc-protobuf/1.58.0/grpc-protobuf-1.58.0.jar:/home/runner/.m2/repository/com/google/api/grpc/proto-google-common-protos/2.22.0/proto-google-common-protos-2.22.0.jar:/home/runner/.m2/repository/io/grpc/grpc-protobuf-lite/1.58.0/grpc-protobuf-lite-1.58.0.jar:/home/runner/.m2/repository/io/grpc/grpc-stub/1.58.0/grpc-stub-1.58.0.jar:/home/runner/.m2/repository/io/netty/netty-transport/4.1.100.Final/netty-transport-4.1.100.Final.jar:/home/runner/.m2/repository/io/netty/netty-resolver/4.1.100.Final/netty-resolver-4.1.100.Final.jar:/home/runner/work/ozone/ozone/hadoop-ozone/csi/target/classes:/home/runner/.m2/repository/com/google/protobuf/protobuf-java-util/3.19.6/protobuf-java-util-3.19.6.jar:/home/runner/.m2/repository/com/google/code/gson/gson/2.10.1/gson-2.10.1.jar:/home/runner/work/ozone/ozone/hadoop-hdds/config/target/classes:/home/runner/.m2/repository/io/netty/netty-transport-native-epoll/4.1.100.Final/netty-transport-native-epoll-4.1.100.Final-linux-x86_64.jar:/home/runner/.m2/repository/io/netty/netty-transport-classes-epoll/4.1.100.Final/netty-transport-classes-epoll-4.1.100.Final.jar:/home/runner/.m2/repository/io/netty/netty-transport-native-unix-common/4.1.100.Final/netty-transport-native-unix-common-4.1.100.Final.jar:/home/runner/work/ozone/ozone/hadoop-ozone/recon/target/classes:/home/runner/work/ozone/ozone/hadoop-ozone/recon-codegen/target/classes:/home/runner/.m2/repository/com/google/inject/guice/6.0.0/guice-6.0.0.jar:/home/runner/.m2/repository/jakarta/inject/jakarta.inject-api/2.0.1/jakarta.inject-api-2.0.1.jar:/home/runner/.m2/repository/aopalliance/aopalliance/1.0/aopalliance-1.0.jar:/home/runner/.m2/repository/com/google/inject/extensions/guice-assistedinject/6.0.0/guice-assistedinject-6.0.0.jar:/home/runner/.m2/repository/com/google/inject/extensions/guice-servlet/6.0.0/guice-servlet-6.0.0.jar:/home/runner/.m2/repository/org/glassfish/jersey/containers/jersey-container-servlet/2.42/jersey-container-servlet-2.42.jar:/home/runner/.m2/repository/org/glassfish/hk2/guice-bridge/2.6.1/guice-bridge-2.6.1.jar:/home/runner/.m2/repository/org/glassfish/jersey/core/jersey-server/2.42/jersey-server-2.42.jar:/home/runner/.m2/repository/org/glassfish/jersey/core/jersey-client/2.42/jersey-client-2.42.jar:/home/runner/.m2/repository/jakarta/validation/jakarta.validation-api/2.0.2/jakarta.validation-api-2.0.2.jar:/home/runner/.m2/repository/org/glassfish/jersey/media/jersey-media-json-jackson/2.42/jersey-media-json-jackson-2.42.jar:/home/runner/.m2/repository/org/glassfish/jersey/ext/jersey-entity-filtering/2.42/jersey-entity-filtering-2.42.jar:/home/runner/.m2/repository/org/jooq/jooq/3.11.10/jooq-3.11.10.jar:/home/runner/.m2/repository/org/jooq/jooq-meta/3.11.10/jooq-meta-3.11.10.jar:/home/runner/.m2/repository/org/jooq/jooq-codegen/3.11.10/jooq-codegen-3.11.10.jar:/home/runner/.m2/repository/com/jolbox/bonecp/0.8.0.RELEASE/bonecp-0.8.0.RELEASE.jar:/home/runner/.m2/repository/org/apache/derby/derby/10.14.2.0/derby-10.14.2.0.jar:/home/runner/.m2/repository/org/xerial/sqlite-jdbc/3.44.1.0/sqlite-jdbc-3.44.1.0.jar:/home/runner/.m2/repository/org/springframework/spring-jdbc/5.3.27/spring-jdbc-5.3.27.jar:/home/runner/.m2/repository/org/springframework/spring-beans/5.3.27/spring-beans-5.3.27.jar:/home/runner/.m2/repository/org/springframework/spring-core/5.3.27/spring-core-5.3.27.jar:/home/runner/.m2/repository/org/springframework/spring-tx/5.3.27/spring-tx-5.3.27.jar:/home/runner/work/ozone/ozone/hadoop-ozone/client/target/classes:/home/runner/work/ozone/ozone/hadoop-hdds/erasurecode/target/classes:/home/runner/work/ozone/ozone/hadoop-ozone/ozonefs/target/classes:/home/runner/work/ozone/ozone/hadoop-ozone/ozonefs-common/target/classes:/home/runner/work/ozone/ozone/hadoop-ozone/tools/target/classes:/home/runner/.m2/repository/com/amazonaws/aws-java-sdk-core/1.12.661/aws-java-sdk-core-1.12.661.jar:/home/runner/.m2/repository/org/apache/httpcomponents/httpclient/4.5.14/httpclient-4.5.14.jar:/home/runner/.m2/repository/org/apache/httpcomponents/httpcore/4.4.16/httpcore-4.4.16.jar:/home/runner/.m2/repository/com/fasterxml/jackson/dataformat/jackson-dataformat-cbor/2.16.1/jackson-dataformat-cbor-2.16.1.jar:/home/runner/.m2/repository/joda-time/joda-time/2.12.7/joda-time-2.12.7.jar:/home/runner/.m2/repository/com/amazonaws/aws-java-sdk-s3/1.12.661/aws-java-sdk-s3-1.12.661.jar:/home/runner/.m2/repository/com/amazonaws/aws-java-sdk-kms/1.12.661/aws-java-sdk-kms-1.12.661.jar:/home/runner/.m2/repository/com/amazonaws/jmespath-java/1.12.661/jmespath-java-1.12.661.jar:/home/runner/.m2/repository/org/kohsuke/metainf-services/metainf-services/1.11/metainf-services-1.11.jar:/home/runner/work/ozone/ozone/hadoop-hdds/tools/target/classes:/home/runner/.m2/repository/org/apache/ratis/ratis-tools/3.0.1/ratis-tools-3.0.1.jar:/home/runner/.m2/repository/commons-cli/commons-cli/1.6.0/commons-cli-1.6.0.jar:/home/runner/.m2/repository/org/apache/commons/commons-lang3/3.14.0/commons-lang3-3.14.0.jar:/home/runner/work/ozone/ozone/hadoop-ozone/ozone-manager/target/test-classes:/home/runner/work/ozone/ozone/hadoop-hdds/common/target/test-classes:/home/runner/work/ozone/ozone/hadoop-hdds/hadoop-dependency-client/target/classes:/home/runner/.m2/repository/info/picocli/picocli/4.7.5/picocli-4.7.5.jar:/home/runner/.m2/repository/com/fasterxml/jackson/core/jackson-annotations/2.16.1/jackson-annotations-2.16.1.jar:/home/runner/work/ozone/ozone/hadoop-hdds/annotations/target/classes:/home/runner/.m2/repository/javax/annotation/javax.annotation-api/1.3.2/javax.annotation-api-1.3.2.jar:/home/runner/.m2/repository/org/apache/ratis/ratis-netty/3.0.1/ratis-netty-3.0.1.jar:/home/runner/.m2/repository/org/apache/ratis/ratis-grpc/3.0.1/ratis-grpc-3.0.1.jar:/home/runner/.m2/repository/org/bouncycastle/bcpkix-jdk18on/1.77/bcpkix-jdk18on-1.77.jar:/home/runner/.m2/repository/org/bouncycastle/bcutil-jdk18on/1.77/bcutil-jdk18on-1.77.jar:/home/runner/.m2/repository/commons-validator/commons-validator/1.6/commons-validator-1.6.jar:/home/runner/.m2/repository/commons-beanutils/commons-beanutils/1.9.4/commons-beanutils-1.9.4.jar:/home/runner/.m2/repository/commons-digester/commons-digester/1.8.1/commons-digester-1.8.1.jar:/home/runner/.m2/repository/commons-collections/commons-collections/3.2.2/commons-collections-3.2.2.jar:/home/runner/.m2/repository/io/jaegertracing/jaeger-client/1.8.1/jaeger-client-1.8.1.jar:/home/runner/.m2/repository/io/jaegertracing/jaeger-thrift/1.8.1/jaeger-thrift-1.8.1.jar:/home/runner/.m2/repository/org/apache/thrift/libthrift/0.15.0/libthrift-0.15.0.jar:/home/runner/.m2/repository/io/jaegertracing/jaeger-core/1.8.1/jaeger-core-1.8.1.jar:/home/runner/.m2/repository/io/jaegertracing/jaeger-tracerresolver/1.8.1/jaeger-tracerresolver-1.8.1.jar:/home/runner/.m2/repository/io/opentracing/contrib/opentracing-tracerresolver/0.1.8/opentracing-tracerresolver-0.1.8.jar:/home/runner/.m2/repository/org/jetbrains/kotlin/kotlin-stdlib/1.9.22/kotlin-stdlib-1.9.22.jar:/home/runner/.m2/repository/org/jetbrains/annotations/13.0/annotations-13.0.jar:/home/runner/.m2/repository/io/opentracing/opentracing-util/0.33.0/opentracing-util-0.33.0.jar:/home/runner/.m2/repository/io/opentracing/opentracing-api/0.33.0/opentracing-api-0.33.0.jar:/home/runner/.m2/repository/io/opentracing/opentracing-noop/0.33.0/opentracing-noop-0.33.0.jar:/home/runner/.m2/repository/org/yaml/snakeyaml/2.0/snakeyaml-2.0.jar:/home/runner/.m2/repository/io/grpc/grpc-api/1.58.0/grpc-api-1.58.0.jar:/home/runner/.m2/repository/org/junit/platform/junit-platform-launcher/1.10.2/junit-platform-launcher-1.10.2.jar:/home/runner/.m2/repository/org/junit/platform/junit-platform-engine/1.10.2/junit-platform-engine-1.10.2.jar:/home/runner/.m2/repository/org/apiguardian/apiguardian-api/1.1.2/apiguardian-api-1.1.2.jar:/home/runner/.m2/repository/org/apache/hadoop/hadoop-kms/3.3.6/hadoop-kms-3.3.6.jar:/home/runner/.m2/repository/org/apache/hadoop/hadoop-auth/3.3.6/hadoop-auth-3.3.6.jar:/home/runner/.m2/repository/org/apache/zookeeper/zookeeper/3.8.4/zookeeper-3.8.4.jar:/home/runner/.m2/repository/org/apache/zookeeper/zookeeper-jute/3.8.4/zookeeper-jute-3.8.4.jar:/home/runner/.m2/repository/org/apache/yetus/audience-annotations/0.12.0/audience-annotations-0.12.0.jar:/home/runner/.m2/repository/org/apache/curator/curator-framework/4.2.0/curator-framework-4.2.0.jar:/home/runner/.m2/repository/org/apache/hadoop/thirdparty/hadoop-shaded-guava/1.2.0/hadoop-shaded-guava-1.2.0.jar:/home/runner/.m2/repository/com/sun/jersey/jersey-core/1.19.4/jersey-core-1.19.4.jar:/home/runner/.m2/repository/javax/ws/rs/jsr311-api/1.1.1/jsr311-api-1.1.1.jar:/home/runner/.m2/repository/com/sun/jersey/jersey-server/1.19.4/jersey-server-1.19.4.jar:/home/runner/.m2/repository/javax/servlet/javax.servlet-api/3.1.0/javax.servlet-api-3.1.0.jar:/home/runner/.m2/repository/org/apache/hadoop/hadoop-common/3.3.6/hadoop-common-3.3.6.jar:/home/runner/.m2/repository/org/apache/commons/commons-math3/3.6.1/commons-math3-3.6.1.jar:/home/runner/.m2/repository/commons-net/commons-net/3.10.0/commons-net-3.10.0.jar:/home/runner/.m2/repository/com/sun/jersey/jersey-servlet/1.19.4/jersey-servlet-1.19.4.jar:/home/runner/.m2/repository/com/github/pjfanning/jersey-json/1.20/jersey-json-1.20.jar:/home/runner/.m2/repository/org/codehaus/jettison/jettison/1.1/jettison-1.1.jar:/home/runner/.m2/repository/com/sun/xml/bind/jaxb-impl/2.2.3-1/jaxb-impl-2.2.3-1.jar:/home/runner/.m2/repository/com/google/re2j/re2j/1.7/re2j-1.7.jar:/home/runner/.m2/repository/com/jcraft/jsch/0.1.55/jsch-0.1.55.jar:/home/runner/.m2/repository/org/apache/curator/curator-client/4.2.0/curator-client-4.2.0.jar:/home/runner/.m2/repository/org/apache/curator/curator-recipes/5.2.0/curator-recipes-5.2.0.jar:/home/runner/.m2/repository/com/google/code/findbugs/jsr305/3.0.2/jsr305-3.0.2.jar:/home/runner/.m2/repository/org/apache/kerby/kerb-core/1.0.1/kerb-core-1.0.1.jar:/home/runner/.m2/repository/org/apache/kerby/kerby-pkix/1.0.1/kerby-pkix-1.0.1.jar:/home/runner/.m2/repository/org/apache/kerby/kerby-asn1/1.0.1/kerby-asn1-1.0.1.jar:/home/runner/.m2/repository/org/apache/kerby/kerby-util/1.0.1/kerby-util-1.0.1.jar:/home/runner/.m2/repository/dnsjava/dnsjava/2.1.7/dnsjava-2.1.7.jar:/home/runner/.m2/repository/com/fasterxml/jackson/core/jackson-databind/2.16.1/jackson-databind-2.16.1.jar:/home/runner/.m2/repository/org/apache/hadoop/hadoop-kms/3.3.6/hadoop-kms-3.3.6-tests.jar:/home/runner/work/ozone/ozone/hadoop-hdds/server-scm/target/test-classes:/home/runner/work/ozone/ozone/hadoop-hdds/container-service/target/test-classes:/home/runner/.m2/repository/com/github/luben/zstd-jni/1.5.6-2/zstd-jni-1.5.6-2.jar:/home/runner/.m2/repository/commons-codec/commons-codec/1.15/commons-codec-1.15.jar:/home/runner/.m2/repository/io/netty/netty-codec/4.1.100.Final/netty-codec-4.1.100.Final.jar:/home/runner/.m2/repository/io/netty/netty-handler/4.1.100.Final/netty-handler-4.1.100.Final.jar:/home/runner/work/ozone/ozone/hadoop-hdds/hadoop-dependency-test/target/classes:/home/runner/.m2/repository/org/apache/hadoop/hadoop-common/3.3.6/hadoop-common-3.3.6-tests.jar:/home/runner/.m2/repository/org/apache/hadoop/hadoop-hdfs/3.3.6/hadoop-hdfs-3.3.6-tests.jar:/home/runner/.m2/repository/org/junit/jupiter/junit-jupiter-engine/5.10.2/junit-jupiter-engine-5.10.2.jar:/home/runner/.m2/repository/org/junit/jupiter/junit-jupiter-params/5.10.2/junit-jupiter-params-5.10.2.jar:/home/runner/.m2/repository/org/mockito/mockito-core/4.11.0/mockito-core-4.11.0.jar:/home/runner/.m2/repository/net/bytebuddy/byte-buddy/1.12.19/byte-buddy-1.12.19.jar:/home/runner/.m2/repository/net/bytebuddy/byte-buddy-agent/1.12.19/byte-buddy-agent-1.12.19.jar:/home/runner/.m2/repository/org/objenesis/objenesis/3.3/objenesis-3.3.jar:/home/runner/.m2/repository/org/mockito/mockito-inline/4.11.0/mockito-inline-4.11.0.jar:/home/runner/.m2/repository/org/mockito/mockito-junit-jupiter/4.11.0/mockito-junit-jupiter-4.11.0.jar:/home/runner/.m2/repository/org/apache/hadoop/hadoop-distcp/3.3.6/hadoop-distcp-3.3.6.jar:/home/runner/.m2/repository/org/apache/hadoop/hadoop-mapreduce-client-jobclient/3.3.6/hadoop-mapreduce-client-jobclient-3.3.6.jar:/home/runner/.m2/repository/org/apache/hadoop/hadoop-mapreduce-client-common/3.3.6/hadoop-mapreduce-client-common-3.3.6.jar:/home/runner/.m2/repository/org/apache/hadoop/hadoop-yarn-common/3.3.6/hadoop-yarn-common-3.3.6.jar:/home/runner/.m2/repository/org/apache/hadoop/hadoop-yarn-api/3.3.6/hadoop-yarn-api-3.3.6.jar:/home/runner/.m2/repository/javax/xml/bind/jaxb-api/2.2.11/jaxb-api-2.2.11.jar:/home/runner/.m2/repository/com/sun/jersey/contribs/jersey-guice/1.19.4/jersey-guice-1.19.4.jar:/home/runner/.m2/repository/com/fasterxml/jackson/jaxrs/jackson-jaxrs-json-provider/2.16.1/jackson-jaxrs-json-provider-2.16.1.jar:/home/runner/.m2/repository/com/fasterxml/jackson/jaxrs/jackson-jaxrs-base/2.16.1/jackson-jaxrs-base-2.16.1.jar:/home/runner/.m2/repository/org/apache/hadoop/hadoop-yarn-client/3.3.6/hadoop-yarn-client-3.3.6.jar:/home/runner/.m2/repository/org/eclipse/jetty/websocket/websocket-client/9.4.51.v20230217/websocket-client-9.4.51.v20230217.jar:/home/runner/.m2/repository/org/eclipse/jetty/websocket/websocket-common/9.4.51.v20230217/websocket-common-9.4.51.v20230217.jar:/home/runner/.m2/repository/org/eclipse/jetty/websocket/websocket-api/9.4.51.v20230217/websocket-api-9.4.51.v20230217.jar:/home/runner/.m2/repository/org/jline/jline/3.9.0/jline-3.9.0.jar:/home/runner/.m2/repository/org/apache/hadoop/hadoop-mapreduce-client-core/3.3.6/hadoop-mapreduce-client-core-3.3.6.jar:/home/runner/.m2/repository/org/apache/avro/avro/1.7.7/avro-1.7.7.jar:/home/runner/.m2/repository/com/thoughtworks/paranamer/paranamer/2.3/paranamer-2.3.jar:/home/runner/.m2/repository/org/apache/hadoop/hadoop-annotations/3.3.6/hadoop-annotations-3.3.6.jar:/home/runner/.m2/repository/io/netty/netty/3.10.6.Final/netty-3.10.6.Final.jar:/home/runner/.m2/repository/org/apache/hadoop/hadoop-distcp/3.3.6/hadoop-distcp-3.3.6-tests.jar:/home/runner/.m2/repository/org/hamcrest/hamcrest/2.2/hamcrest-2.2.jar:/home/runner/.m2/repository/org/slf4j/jul-to-slf4j/2.0.12/jul-to-slf4j-2.0.12.jar:/home/runner/work/ozone/ozone/hadoop-ozone/integration-test/target/gradle-enterprise/test-listeners.jar:"/>
    <property name="sun.cpu.endian" value="little"/>
    <property name="user.home" value="/home/runner"/>
    <property name="user.language" value="en"/>
    <property name="java.specification.vendor" value="Oracle Corporation"/>
    <property name="java.version.date" value="2024-01-16"/>
    <property name="java.home" value="/usr/lib/jvm/temurin-17-jdk-amd64"/>
    <property name="java.security.krb5.conf" value="/home/runner/work/ozone/ozone/hadoop-ozone/integration-test/target/test-classes/krb5.conf"/>
    <property name="file.separator" value="/"/>
    <property name="basedir" value="/home/runner/work/ozone/ozone/hadoop-ozone/integration-test"/>
    <property name="java.vm.compressedOopsMode" value="Zero based"/>
    <property name="line.separator" value="&#10;"/>
    <property name="java.vm.specification.vendor" value="Oracle Corporation"/>
    <property name="java.specification.name" value="Java Platform API Specification"/>
    <property name="skip.installnpx" value="true"/>
    <property name="surefire.real.class.path" value="/home/runner/work/ozone/ozone/hadoop-ozone/integration-test/target/surefire/surefirebooter393365601538015852.jar"/>
    <property name="hadoop.log.dir" value="/home/runner/work/ozone/ozone/hadoop-ozone/integration-test/target/log"/>
    <property name="sun.management.compiler" value="HotSpot 64-Bit Tiered Compilers"/>
    <property name="java.runtime.version" value="17.0.10+7"/>
    <property name="skip.npx" value="true"/>
    <property name="user.name" value="runner"/>
    <property name="java.net.preferIPv4Stack" value="true"/>
    <property name="path.separator" value=":"/>
    <property name="java.security.egd" value="file:///dev/urandom"/>
    <property name="os.version" value="5.15.0-1061-azure"/>
    <property name="java.runtime.name" value="OpenJDK Runtime Environment"/>
    <property name="com.gradle.maven.scan.extension.test.listener.junitplatform.NestedExecutionSafeDelegatingTestExecutionListener" value="2805d709"/>
    <property name="file.encoding" value="UTF-8"/>
    <property name="java.vm.name" value="OpenJDK 64-Bit Server VM"/>
    <property name="java.vendor.version" value="Temurin-17.0.10+7"/>
    <property name="test.build.webapps" value=""/>
    <property name="gradle.enterprise.listener.port" value="45007"/>
    <property name="localRepository" value="/home/runner/.m2/repository"/>
    <property name="java.vendor.url.bug" value="https://github.com/adoptium/adoptium-support/issues"/>
    <property name="jetty.git.hash" value="cef3fbd6d736a21e7d541a5db490381d95a2047d"/>
    <property name="java.io.tmpdir" value="/tmp"/>
    <property name="require.test.libhadoop" value=""/>
    <property name="java.version" value="17.0.10"/>
    <property name="user.dir" value="/home/runner/work/ozone/ozone/hadoop-ozone/integration-test"/>
    <property name="os.arch" value="amd64"/>
    <property name="java.vm.specification.name" value="Java Virtual Machine Specification"/>
    <property name="test.build.classes" value="/home/runner/work/ozone/ozone/hadoop-ozone/integration-test/target/test-classes"/>
    <property name="org.apache.ratis.thirdparty.io.netty.allocator.useCacheForAllThreads" value="false"/>
    <property name="native.encoding" value="UTF-8"/>
    <property name="hadoop.tmp.dir" value="/home/runner/work/ozone/ozone/hadoop-ozone/integration-test/target/tmp"/>
    <property name="java.library.path" value="/usr/java/packages/lib:/usr/lib64:/lib64:/lib:/usr/lib"/>
    <property name="java.vm.info" value="mixed mode, sharing"/>
    <property name="java.vendor" value="Eclipse Adoptium"/>
    <property name="java.vm.version" value="17.0.10+7"/>
    <property name="sun.io.unicode.encoding" value="UnicodeLittle"/>
    <property name="java.class.version" value="61.0"/>
  </properties>
  <testcase name="testUncommittedBlocks" classname="org.apache.hadoop.fs.ozone.TestHSync" time="0.59"/>
  <testcase name="testConcurrentWriteHSync" classname="org.apache.hadoop.fs.ozone.TestHSync" time="103.165"/>
  <testcase name="testO3fsHSync" classname="org.apache.hadoop.fs.ozone.TestHSync" time="6.895">
    <error type="java.io.IOException"><![CDATA[java.io.IOException: Inconsistent read for blockID=conID: 3 locID: 113750153625600218 bcsId: 0 length=3232 position=2207 numBytesToRead=1025 numBytesRead=-1
	at org.apache.hadoop.ozone.client.io.KeyInputStream.checkPartBytesRead(KeyInputStream.java:187)
	at org.apache.hadoop.hdds.scm.storage.MultipartInputStream.readWithStrategy(MultipartInputStream.java:97)
	at org.apache.hadoop.hdds.scm.storage.ExtendedInputStream.read(ExtendedInputStream.java:56)
	at org.apache.hadoop.fs.ozone.OzoneFSInputStream.read(OzoneFSInputStream.java:79)
	at java.base/java.io.DataInputStream.read(DataInputStream.java:151)
	at org.apache.hadoop.fs.ozone.TestHSync.runTestHSync(TestHSync.java:382)
	at org.apache.hadoop.fs.ozone.TestHSync.runTestHSync(TestHSync.java:335)
	at org.apache.hadoop.fs.ozone.TestHSync.testO3fsHSync(TestHSync.java:211)
	at java.base/java.lang.reflect.Method.invoke(Method.java:568)
	at java.base/java.util.ArrayList.forEach(ArrayList.java:1511)
	at java.base/java.util.ArrayList.forEach(ArrayList.java:1511)
]]></error>
    <system-out><![CDATA[2024-05-01 12:55:59,603 [main] INFO  protocolPB.OmTransportFactory (OmTransportFactory.java:createFactory(62)) - Loading OM transport implementation org.apache.hadoop.ozone.om.protocolPB.Hadoop3OmTransportFactory as specified by configuration.
2024-05-01 12:55:59,614 [main] INFO  ozone.TestHSync (TestHSync.java:runTestHSync(369)) - runTestHSync /file0 with size 1, skipLength=0
2024-05-01 12:55:59,627 [IPC Server handler 18 on default port 15004] DEBUG key.OMKeyCommitRequestWithFSO (OMKeyCommitRequestWithFSO.java:validateAndUpdateCache(110)) - isHSync = true, volumeName = volume92500, bucketName = bucket83190, keyName = file0
2024-05-01 12:55:59,627 [IPC Server handler 18 on default port 15004] DEBUG key.OMKeyCommitRequestWithFSO (OMKeyCommitRequestWithFSO.java:validateAndUpdateCache(282)) - Key commit succeeded with isHSync = true, omKeyInfo = OmKeyInfo{volumeName='volume92500', bucketName='bucket83190', keyName='file0', dataSize=1, keyLocationVersions=[version:0 isMultipartKey:false conID 1 locID 113750153625600068 bcsID 0 || ], creationTime=1714568159612, modificationTime=1714568159627, replicationConfig=RATIS/THREE, encInfo=null, fileChecksum=null, isFile=true, fileName='file0', acls=[user:runner:a[ACCESS], group:docker:a[ACCESS], group:adm:a[ACCESS], group:systemd-journal:a[ACCESS]]}
2024-05-01 12:55:59,750 [main] INFO  ozone.TestHSync (TestHSync.java:runTestHSync(369)) - runTestHSync /file0 with size 31, skipLength=1
2024-05-01 12:55:59,759 [IPC Server handler 1 on default port 15004] DEBUG key.OMKeyCommitRequestWithFSO (OMKeyCommitRequestWithFSO.java:validateAndUpdateCache(110)) - isHSync = true, volumeName = volume92500, bucketName = bucket83190, keyName = file0
2024-05-01 12:55:59,759 [IPC Server handler 1 on default port 15004] DEBUG key.OMKeyCommitRequestWithFSO (OMKeyCommitRequestWithFSO.java:validateAndUpdateCache(282)) - Key commit succeeded with isHSync = true, omKeyInfo = OmKeyInfo{volumeName='volume92500', bucketName='bucket83190', keyName='file0', dataSize=32, keyLocationVersions=[version:0 isMultipartKey:false conID 1 locID 113750153625600068 bcsID 0 || ], creationTime=1714568159612, modificationTime=1714568159759, replicationConfig=RATIS/THREE, encInfo=null, fileChecksum=null, isFile=true, fileName='file0', acls=[user:runner:a[ACCESS], group:docker:a[ACCESS], group:adm:a[ACCESS], group:systemd-journal:a[ACCESS]]}
2024-05-01 12:55:59,783 [main] INFO  ozone.TestHSync (TestHSync.java:runTestHSync(369)) - runTestHSync /file0 with size 32, skipLength=32
2024-05-01 12:55:59,791 [IPC Server handler 3 on default port 15004] DEBUG key.OMKeyCommitRequestWithFSO (OMKeyCommitRequestWithFSO.java:validateAndUpdateCache(110)) - isHSync = true, volumeName = volume92500, bucketName = bucket83190, keyName = file0
2024-05-01 12:55:59,792 [IPC Server handler 3 on default port 15004] DEBUG key.OMKeyCommitRequestWithFSO (OMKeyCommitRequestWithFSO.java:validateAndUpdateCache(282)) - Key commit succeeded with isHSync = true, omKeyInfo = OmKeyInfo{volumeName='volume92500', bucketName='bucket83190', keyName='file0', dataSize=64, keyLocationVersions=[version:0 isMultipartKey:false conID 1 locID 113750153625600068 bcsID 0 || ], creationTime=1714568159612, modificationTime=1714568159791, replicationConfig=RATIS/THREE, encInfo=null, fileChecksum=null, isFile=true, fileName='file0', acls=[user:runner:a[ACCESS], group:docker:a[ACCESS], group:adm:a[ACCESS], group:systemd-journal:a[ACCESS]]}
2024-05-01 12:55:59,802 [main] INFO  ozone.TestHSync (TestHSync.java:runTestHSync(369)) - runTestHSync /file0 with size 33, skipLength=64
2024-05-01 12:55:59,808 [IPC Server handler 5 on default port 15004] DEBUG key.OMKeyCommitRequestWithFSO (OMKeyCommitRequestWithFSO.java:validateAndUpdateCache(110)) - isHSync = true, volumeName = volume92500, bucketName = bucket83190, keyName = file0
2024-05-01 12:55:59,808 [IPC Server handler 5 on default port 15004] DEBUG key.OMKeyCommitRequestWithFSO (OMKeyCommitRequestWithFSO.java:validateAndUpdateCache(282)) - Key commit succeeded with isHSync = true, omKeyInfo = OmKeyInfo{volumeName='volume92500', bucketName='bucket83190', keyName='file0', dataSize=97, keyLocationVersions=[version:0 isMultipartKey:false conID 1 locID 113750153625600068 bcsID 0 || ], creationTime=1714568159612, modificationTime=1714568159808, replicationConfig=RATIS/THREE, encInfo=null, fileChecksum=null, isFile=true, fileName='file0', acls=[user:runner:a[ACCESS], group:docker:a[ACCESS], group:adm:a[ACCESS], group:systemd-journal:a[ACCESS]]}
2024-05-01 12:55:59,820 [main] INFO  ozone.TestHSync (TestHSync.java:runTestHSync(369)) - runTestHSync /file0 with size 1023, skipLength=97
2024-05-01 12:55:59,826 [IPC Server handler 9 on default port 15004] DEBUG key.OMKeyCommitRequestWithFSO (OMKeyCommitRequestWithFSO.java:validateAndUpdateCache(110)) - isHSync = true, volumeName = volume92500, bucketName = bucket83190, keyName = file0
2024-05-01 12:55:59,826 [IPC Server handler 9 on default port 15004] DEBUG key.OMKeyCommitRequestWithFSO (OMKeyCommitRequestWithFSO.java:validateAndUpdateCache(282)) - Key commit succeeded with isHSync = true, omKeyInfo = OmKeyInfo{volumeName='volume92500', bucketName='bucket83190', keyName='file0', dataSize=1120, keyLocationVersions=[version:0 isMultipartKey:false conID 1 locID 113750153625600068 bcsID 0 || ], creationTime=1714568159612, modificationTime=1714568159826, replicationConfig=RATIS/THREE, encInfo=null, fileChecksum=null, isFile=true, fileName='file0', acls=[user:runner:a[ACCESS], group:docker:a[ACCESS], group:adm:a[ACCESS], group:systemd-journal:a[ACCESS]]}
2024-05-01 12:55:59,839 [main] INFO  ozone.TestHSync (TestHSync.java:runTestHSync(369)) - runTestHSync /file0 with size 1024, skipLength=1120
2024-05-01 12:55:59,843 [IPC Server handler 6 on default port 15004] DEBUG key.OMKeyCommitRequestWithFSO (OMKeyCommitRequestWithFSO.java:validateAndUpdateCache(110)) - isHSync = true, volumeName = volume92500, bucketName = bucket83190, keyName = file0
2024-05-01 12:55:59,844 [IPC Server handler 6 on default port 15004] DEBUG key.OMKeyCommitRequestWithFSO (OMKeyCommitRequestWithFSO.java:validateAndUpdateCache(282)) - Key commit succeeded with isHSync = true, omKeyInfo = OmKeyInfo{volumeName='volume92500', bucketName='bucket83190', keyName='file0', dataSize=2144, keyLocationVersions=[version:0 isMultipartKey:false conID 1 locID 113750153625600068 bcsID 0 || ], creationTime=1714568159612, modificationTime=1714568159843, replicationConfig=RATIS/THREE, encInfo=null, fileChecksum=null, isFile=true, fileName='file0', acls=[user:runner:a[ACCESS], group:docker:a[ACCESS], group:adm:a[ACCESS], group:systemd-journal:a[ACCESS]]}
2024-05-01 12:55:59,858 [main] INFO  ozone.TestHSync (TestHSync.java:runTestHSync(369)) - runTestHSync /file0 with size 1025, skipLength=2144
2024-05-01 12:55:59,863 [IPC Server handler 10 on default port 15004] DEBUG key.OMKeyCommitRequestWithFSO (OMKeyCommitRequestWithFSO.java:validateAndUpdateCache(110)) - isHSync = true, volumeName = volume92500, bucketName = bucket83190, keyName = file0
2024-05-01 12:55:59,864 [IPC Server handler 10 on default port 15004] DEBUG key.OMKeyCommitRequestWithFSO (OMKeyCommitRequestWithFSO.java:validateAndUpdateCache(282)) - Key commit succeeded with isHSync = true, omKeyInfo = OmKeyInfo{volumeName='volume92500', bucketName='bucket83190', keyName='file0', dataSize=3169, keyLocationVersions=[version:0 isMultipartKey:false conID 1 locID 113750153625600068 bcsID 0 || ], creationTime=1714568159612, modificationTime=1714568159863, replicationConfig=RATIS/THREE, encInfo=null, fileChecksum=null, isFile=true, fileName='file0', acls=[user:runner:a[ACCESS], group:docker:a[ACCESS], group:adm:a[ACCESS], group:systemd-journal:a[ACCESS]]}
2024-05-01 12:55:59,879 [main] INFO  ozone.TestHSync (TestHSync.java:runTestHSync(369)) - runTestHSync /file0 with size 32767, skipLength=3169
2024-05-01 12:55:59,889 [IPC Server handler 13 on default port 15004] DEBUG key.OMKeyCommitRequestWithFSO (OMKeyCommitRequestWithFSO.java:validateAndUpdateCache(110)) - isHSync = true, volumeName = volume92500, bucketName = bucket83190, keyName = file0
2024-05-01 12:55:59,890 [IPC Server handler 13 on default port 15004] DEBUG key.OMKeyCommitRequestWithFSO (OMKeyCommitRequestWithFSO.java:validateAndUpdateCache(282)) - Key commit succeeded with isHSync = true, omKeyInfo = OmKeyInfo{volumeName='volume92500', bucketName='bucket83190', keyName='file0', dataSize=35936, keyLocationVersions=[version:0 isMultipartKey:false conID 1 locID 113750153625600068 bcsID 0 || ], creationTime=1714568159612, modificationTime=1714568159889, replicationConfig=RATIS/THREE, encInfo=null, fileChecksum=null, isFile=true, fileName='file0', acls=[user:runner:a[ACCESS], group:docker:a[ACCESS], group:adm:a[ACCESS], group:systemd-journal:a[ACCESS]]}
2024-05-01 12:55:59,912 [main] INFO  ozone.TestHSync (TestHSync.java:runTestHSync(369)) - runTestHSync /file0 with size 32768, skipLength=35936
2024-05-01 12:55:59,921 [IPC Server handler 15 on default port 15004] DEBUG key.OMKeyCommitRequestWithFSO (OMKeyCommitRequestWithFSO.java:validateAndUpdateCache(110)) - isHSync = true, volumeName = volume92500, bucketName = bucket83190, keyName = file0
2024-05-01 12:55:59,921 [IPC Server handler 15 on default port 15004] DEBUG key.OMKeyCommitRequestWithFSO (OMKeyCommitRequestWithFSO.java:validateAndUpdateCache(282)) - Key commit succeeded with isHSync = true, omKeyInfo = OmKeyInfo{volumeName='volume92500', bucketName='bucket83190', keyName='file0', dataSize=68704, keyLocationVersions=[version:0 isMultipartKey:false conID 1 locID 113750153625600068 bcsID 0 || ], creationTime=1714568159612, modificationTime=1714568159921, replicationConfig=RATIS/THREE, encInfo=null, fileChecksum=null, isFile=true, fileName='file0', acls=[user:runner:a[ACCESS], group:docker:a[ACCESS], group:adm:a[ACCESS], group:systemd-journal:a[ACCESS]]}
2024-05-01 12:55:59,949 [main] INFO  ozone.TestHSync (TestHSync.java:runTestHSync(369)) - runTestHSync /file0 with size 32769, skipLength=68704
2024-05-01 12:55:59,958 [IPC Server handler 17 on default port 15004] DEBUG key.OMKeyCommitRequestWithFSO (OMKeyCommitRequestWithFSO.java:validateAndUpdateCache(110)) - isHSync = true, volumeName = volume92500, bucketName = bucket83190, keyName = file0
2024-05-01 12:55:59,959 [IPC Server handler 17 on default port 15004] DEBUG key.OMKeyCommitRequestWithFSO (OMKeyCommitRequestWithFSO.java:validateAndUpdateCache(282)) - Key commit succeeded with isHSync = true, omKeyInfo = OmKeyInfo{volumeName='volume92500', bucketName='bucket83190', keyName='file0', dataSize=101473, keyLocationVersions=[version:0 isMultipartKey:false conID 1 locID 113750153625600068 bcsID 0 || ], creationTime=1714568159612, modificationTime=1714568159958, replicationConfig=RATIS/THREE, encInfo=null, fileChecksum=null, isFile=true, fileName='file0', acls=[user:runner:a[ACCESS], group:docker:a[ACCESS], group:adm:a[ACCESS], group:systemd-journal:a[ACCESS]]}
2024-05-01 12:55:59,986 [main] INFO  ozone.TestHSync (TestHSync.java:runTestHSync(369)) - runTestHSync /file0 with size 1048575, skipLength=101473
2024-05-01 12:56:00,230 [IPC Server handler 9 on default port 15004] DEBUG key.OMKeyCommitRequestWithFSO (OMKeyCommitRequestWithFSO.java:validateAndUpdateCache(110)) - isHSync = true, volumeName = volume92500, bucketName = bucket83190, keyName = file0
2024-05-01 12:56:00,231 [IPC Server handler 9 on default port 15004] DEBUG key.OMKeyCommitRequestWithFSO (OMKeyCommitRequestWithFSO.java:validateAndUpdateCache(282)) - Key commit succeeded with isHSync = true, omKeyInfo = OmKeyInfo{volumeName='volume92500', bucketName='bucket83190', keyName='file0', dataSize=1150048, keyLocationVersions=[version:0 isMultipartKey:false conID 1 locID 113750153625600068 bcsID 3134 || conID 2 locID 113750153625600069 bcsID 3157 || conID 4 locID 113750153625600070 bcsID 2139 || conID 3 locID 113750153625600071 bcsID 2157 || conID 1 locID 113750153625600072 bcsID 3183 || conID 2 locID 113750153625600073 bcsID 3207 || conID 1 locID 113750153625600074 bcsID 3233 || conID 2 locID 113750153625600075 bcsID 3259 || conID 4 locID 113750153625600076 bcsID 0 || ], creationTime=1714568159612, modificationTime=1714568160230, replicationConfig=RATIS/THREE, encInfo=null, fileChecksum=null, isFile=true, fileName='file0', acls=[user:runner:a[ACCESS], group:docker:a[ACCESS], group:adm:a[ACCESS], group:systemd-journal:a[ACCESS]]}
2024-05-01 12:56:00,384 [main] INFO  ozone.TestHSync (TestHSync.java:runTestHSync(369)) - runTestHSync /file0 with size 1048576, skipLength=1150048
2024-05-01 12:56:00,615 [IPC Server handler 17 on default port 15004] DEBUG key.OMKeyCommitRequestWithFSO (OMKeyCommitRequestWithFSO.java:validateAndUpdateCache(110)) - isHSync = true, volumeName = volume92500, bucketName = bucket83190, keyName = file0
2024-05-01 12:56:00,616 [IPC Server handler 17 on default port 15004] DEBUG key.OMKeyCommitRequestWithFSO (OMKeyCommitRequestWithFSO.java:validateAndUpdateCache(282)) - Key commit succeeded with isHSync = true, omKeyInfo = OmKeyInfo{volumeName='volume92500', bucketName='bucket83190', keyName='file0', dataSize=2198624, keyLocationVersions=[version:0 isMultipartKey:false conID 1 locID 113750153625600068 bcsID 3134 || conID 2 locID 113750153625600069 bcsID 3157 || conID 4 locID 113750153625600070 bcsID 2139 || conID 3 locID 113750153625600071 bcsID 2157 || conID 1 locID 113750153625600072 bcsID 3183 || conID 2 locID 113750153625600073 bcsID 3207 || conID 1 locID 113750153625600074 bcsID 3233 || conID 2 locID 113750153625600075 bcsID 3259 || conID 4 locID 113750153625600076 bcsID 2191 || conID 1 locID 113750153625600077 bcsID 3285 || conID 3 locID 113750153625600078 bcsID 2216 || conID 2 locID 113750153625600079 bcsID 3311 || conID 1 locID 113750153625600080 bcsID 3339 || conID 2 locID 113750153625600081 bcsID 3364 || conID 4 locID 113750153625600082 bcsID 2241 || conID 1 locID 113750153625600083 bcsID 3389 || conID 3 locID 113750153625600084 bcsID 0 || ], creationTime=1714568159612, modificationTime=1714568160615, replicationConfig=RATIS/THREE, encInfo=null, fileChecksum=null, isFile=true, fileName='file0', acls=[user:runner:a[ACCESS], group:docker:a[ACCESS], group:adm:a[ACCESS], group:systemd-journal:a[ACCESS]]}
2024-05-01 12:56:00,819 [main] INFO  ozone.TestHSync (TestHSync.java:runTestHSync(369)) - runTestHSync /file0 with size 1048577, skipLength=2198624
2024-05-01 12:56:01,031 [IPC Server handler 9 on default port 15004] DEBUG key.OMKeyCommitRequestWithFSO (OMKeyCommitRequestWithFSO.java:validateAndUpdateCache(110)) - isHSync = true, volumeName = volume92500, bucketName = bucket83190, keyName = file0
2024-05-01 12:56:01,032 [IPC Server handler 9 on default port 15004] DEBUG key.OMKeyCommitRequestWithFSO (OMKeyCommitRequestWithFSO.java:validateAndUpdateCache(282)) - Key commit succeeded with isHSync = true, omKeyInfo = OmKeyInfo{volumeName='volume92500', bucketName='bucket83190', keyName='file0', dataSize=3247201, keyLocationVersions=[version:0 isMultipartKey:false conID 1 locID 113750153625600068 bcsID 3134 || conID 2 locID 113750153625600069 bcsID 3157 || conID 4 locID 113750153625600070 bcsID 2139 || conID 3 locID 113750153625600071 bcsID 2157 || conID 1 locID 113750153625600072 bcsID 3183 || conID 2 locID 113750153625600073 bcsID 3207 || conID 1 locID 113750153625600074 bcsID 3233 || conID 2 locID 113750153625600075 bcsID 3259 || conID 4 locID 113750153625600076 bcsID 2191 || conID 1 locID 113750153625600077 bcsID 3285 || conID 3 locID 113750153625600078 bcsID 2216 || conID 2 locID 113750153625600079 bcsID 3311 || conID 1 locID 113750153625600080 bcsID 3339 || conID 2 locID 113750153625600081 bcsID 3364 || conID 4 locID 113750153625600082 bcsID 2241 || conID 1 locID 113750153625600083 bcsID 3389 || conID 3 locID 113750153625600084 bcsID 2271 || conID 4 locID 113750153625600085 bcsID 2296 || conID 2 locID 113750153625600086 bcsID 3415 || conID 3 locID 113750153625600087 bcsID 2321 || conID 1 locID 113750153625600088 bcsID 3441 || conID 2 locID 113750153625600089 bcsID 3466 || conID 4 locID 113750153625600090 bcsID 2347 || conID 3 locID 113750153625600091 bcsID 2373 || conID 1 locID 113750153625600092 bcsID 0 || ], creationTime=1714568159612, modificationTime=1714568161031, replicationConfig=RATIS/THREE, encInfo=null, fileChecksum=null, isFile=true, fileName='file0', acls=[user:runner:a[ACCESS], group:docker:a[ACCESS], group:adm:a[ACCESS], group:systemd-journal:a[ACCESS]]}
2024-05-01 12:56:01,299 [IPC Server handler 6 on default port 15004] DEBUG key.OMKeyCommitRequestWithFSO (OMKeyCommitRequestWithFSO.java:validateAndUpdateCache(110)) - isHSync = false, volumeName = volume92500, bucketName = bucket83190, keyName = file0
2024-05-01 12:56:01,299 [IPC Server handler 6 on default port 15004] DEBUG key.OMKeyCommitRequestWithFSO (OMKeyCommitRequestWithFSO.java:validateAndUpdateCache(282)) - Key commit succeeded with isHSync = false, omKeyInfo = OmKeyInfo{volumeName='volume92500', bucketName='bucket83190', keyName='file0', dataSize=3247201, keyLocationVersions=[version:0 isMultipartKey:false conID 1 locID 113750153625600068 bcsID 3134 || conID 2 locID 113750153625600069 bcsID 3157 || conID 4 locID 113750153625600070 bcsID 2139 || conID 3 locID 113750153625600071 bcsID 2157 || conID 1 locID 113750153625600072 bcsID 3183 || conID 2 locID 113750153625600073 bcsID 3207 || conID 1 locID 113750153625600074 bcsID 3233 || conID 2 locID 113750153625600075 bcsID 3259 || conID 4 locID 113750153625600076 bcsID 2191 || conID 1 locID 113750153625600077 bcsID 3285 || conID 3 locID 113750153625600078 bcsID 2216 || conID 2 locID 113750153625600079 bcsID 3311 || conID 1 locID 113750153625600080 bcsID 3339 || conID 2 locID 113750153625600081 bcsID 3364 || conID 4 locID 113750153625600082 bcsID 2241 || conID 1 locID 113750153625600083 bcsID 3389 || conID 3 locID 113750153625600084 bcsID 2271 || conID 4 locID 113750153625600085 bcsID 2296 || conID 2 locID 113750153625600086 bcsID 3415 || conID 3 locID 113750153625600087 bcsID 2321 || conID 1 locID 113750153625600088 bcsID 3441 || conID 2 locID 113750153625600089 bcsID 3466 || conID 4 locID 113750153625600090 bcsID 2347 || conID 3 locID 113750153625600091 bcsID 2373 || conID 1 locID 113750153625600092 bcsID 3491 || ], creationTime=1714568159612, modificationTime=1714568161299, replicationConfig=RATIS/THREE, encInfo=null, fileChecksum=null, isFile=true, fileName='file0', acls=[user:runner:a[ACCESS], group:docker:a[ACCESS], group:adm:a[ACCESS], group:systemd-journal:a[ACCESS]]}
2024-05-01 12:56:01,299 [IPC Server handler 6 on default port 15004] DEBUG key.OMKeyCommitRequest (OMKeyCommitRequest.java:processResult(412)) - Key committed. Volume:volume92500, Bucket:bucket83190, Key:file0
2024-05-01 12:56:01,303 [main] INFO  ozone.TestHSync (TestHSync.java:runTestHSync(369)) - runTestHSync /file1 with size 2, skipLength=0
2024-05-01 12:56:01,309 [IPC Server handler 10 on default port 15004] DEBUG key.OMKeyCommitRequestWithFSO (OMKeyCommitRequestWithFSO.java:validateAndUpdateCache(110)) - isHSync = true, volumeName = volume92500, bucketName = bucket83190, keyName = file1
2024-05-01 12:56:01,309 [IPC Server handler 10 on default port 15004] DEBUG key.OMKeyCommitRequestWithFSO (OMKeyCommitRequestWithFSO.java:validateAndUpdateCache(282)) - Key commit succeeded with isHSync = true, omKeyInfo = OmKeyInfo{volumeName='volume92500', bucketName='bucket83190', keyName='file1', dataSize=2, keyLocationVersions=[version:0 isMultipartKey:false conID 2 locID 113750153625600093 bcsID 0 || ], creationTime=1714568161301, modificationTime=1714568161309, replicationConfig=RATIS/THREE, encInfo=null, fileChecksum=null, isFile=true, fileName='file1', acls=[user:runner:a[ACCESS], group:docker:a[ACCESS], group:adm:a[ACCESS], group:systemd-journal:a[ACCESS]]}
2024-05-01 12:56:01,317 [main] INFO  ozone.TestHSync (TestHSync.java:runTestHSync(369)) - runTestHSync /file1 with size 31, skipLength=2
2024-05-01 12:56:01,321 [IPC Server handler 13 on default port 15004] DEBUG key.OMKeyCommitRequestWithFSO (OMKeyCommitRequestWithFSO.java:validateAndUpdateCache(110)) - isHSync = true, volumeName = volume92500, bucketName = bucket83190, keyName = file1
2024-05-01 12:56:01,322 [IPC Server handler 13 on default port 15004] DEBUG key.OMKeyCommitRequestWithFSO (OMKeyCommitRequestWithFSO.java:validateAndUpdateCache(282)) - Key commit succeeded with isHSync = true, omKeyInfo = OmKeyInfo{volumeName='volume92500', bucketName='bucket83190', keyName='file1', dataSize=33, keyLocationVersions=[version:0 isMultipartKey:false conID 2 locID 113750153625600093 bcsID 0 || ], creationTime=1714568161301, modificationTime=1714568161321, replicationConfig=RATIS/THREE, encInfo=null, fileChecksum=null, isFile=true, fileName='file1', acls=[user:runner:a[ACCESS], group:docker:a[ACCESS], group:adm:a[ACCESS], group:systemd-journal:a[ACCESS]]}
2024-05-01 12:56:01,326 [main] INFO  ozone.TestHSync (TestHSync.java:runTestHSync(369)) - runTestHSync /file1 with size 32, skipLength=33
2024-05-01 12:56:01,331 [IPC Server handler 15 on default port 15004] DEBUG key.OMKeyCommitRequestWithFSO (OMKeyCommitRequestWithFSO.java:validateAndUpdateCache(110)) - isHSync = true, volumeName = volume92500, bucketName = bucket83190, keyName = file1
2024-05-01 12:56:01,331 [IPC Server handler 15 on default port 15004] DEBUG key.OMKeyCommitRequestWithFSO (OMKeyCommitRequestWithFSO.java:validateAndUpdateCache(282)) - Key commit succeeded with isHSync = true, omKeyInfo = OmKeyInfo{volumeName='volume92500', bucketName='bucket83190', keyName='file1', dataSize=65, keyLocationVersions=[version:0 isMultipartKey:false conID 2 locID 113750153625600093 bcsID 0 || ], creationTime=1714568161301, modificationTime=1714568161331, replicationConfig=RATIS/THREE, encInfo=null, fileChecksum=null, isFile=true, fileName='file1', acls=[user:runner:a[ACCESS], group:docker:a[ACCESS], group:adm:a[ACCESS], group:systemd-journal:a[ACCESS]]}
2024-05-01 12:56:01,338 [main] INFO  ozone.TestHSync (TestHSync.java:runTestHSync(369)) - runTestHSync /file1 with size 33, skipLength=65
2024-05-01 12:56:01,343 [IPC Server handler 17 on default port 15004] DEBUG key.OMKeyCommitRequestWithFSO (OMKeyCommitRequestWithFSO.java:validateAndUpdateCache(110)) - isHSync = true, volumeName = volume92500, bucketName = bucket83190, keyName = file1
2024-05-01 12:56:01,344 [IPC Server handler 17 on default port 15004] DEBUG key.OMKeyCommitRequestWithFSO (OMKeyCommitRequestWithFSO.java:validateAndUpdateCache(282)) - Key commit succeeded with isHSync = true, omKeyInfo = OmKeyInfo{volumeName='volume92500', bucketName='bucket83190', keyName='file1', dataSize=98, keyLocationVersions=[version:0 isMultipartKey:false conID 2 locID 113750153625600093 bcsID 0 || ], creationTime=1714568161301, modificationTime=1714568161343, replicationConfig=RATIS/THREE, encInfo=null, fileChecksum=null, isFile=true, fileName='file1', acls=[user:runner:a[ACCESS], group:docker:a[ACCESS], group:adm:a[ACCESS], group:systemd-journal:a[ACCESS]]}
2024-05-01 12:56:01,351 [main] INFO  ozone.TestHSync (TestHSync.java:runTestHSync(369)) - runTestHSync /file1 with size 1023, skipLength=98
2024-05-01 12:56:01,356 [IPC Server handler 18 on default port 15004] DEBUG key.OMKeyCommitRequestWithFSO (OMKeyCommitRequestWithFSO.java:validateAndUpdateCache(110)) - isHSync = true, volumeName = volume92500, bucketName = bucket83190, keyName = file1
2024-05-01 12:56:01,357 [IPC Server handler 18 on default port 15004] DEBUG key.OMKeyCommitRequestWithFSO (OMKeyCommitRequestWithFSO.java:validateAndUpdateCache(282)) - Key commit succeeded with isHSync = true, omKeyInfo = OmKeyInfo{volumeName='volume92500', bucketName='bucket83190', keyName='file1', dataSize=1121, keyLocationVersions=[version:0 isMultipartKey:false conID 2 locID 113750153625600093 bcsID 0 || ], creationTime=1714568161301, modificationTime=1714568161356, replicationConfig=RATIS/THREE, encInfo=null, fileChecksum=null, isFile=true, fileName='file1', acls=[user:runner:a[ACCESS], group:docker:a[ACCESS], group:adm:a[ACCESS], group:systemd-journal:a[ACCESS]]}
2024-05-01 12:56:01,366 [main] INFO  ozone.TestHSync (TestHSync.java:runTestHSync(369)) - runTestHSync /file1 with size 1024, skipLength=1121
2024-05-01 12:56:01,372 [IPC Server handler 1 on default port 15004] DEBUG key.OMKeyCommitRequestWithFSO (OMKeyCommitRequestWithFSO.java:validateAndUpdateCache(110)) - isHSync = true, volumeName = volume92500, bucketName = bucket83190, keyName = file1
2024-05-01 12:56:01,372 [IPC Server handler 1 on default port 15004] DEBUG key.OMKeyCommitRequestWithFSO (OMKeyCommitRequestWithFSO.java:validateAndUpdateCache(282)) - Key commit succeeded with isHSync = true, omKeyInfo = OmKeyInfo{volumeName='volume92500', bucketName='bucket83190', keyName='file1', dataSize=2145, keyLocationVersions=[version:0 isMultipartKey:false conID 2 locID 113750153625600093 bcsID 0 || ], creationTime=1714568161301, modificationTime=1714568161371, replicationConfig=RATIS/THREE, encInfo=null, fileChecksum=null, isFile=true, fileName='file1', acls=[user:runner:a[ACCESS], group:docker:a[ACCESS], group:adm:a[ACCESS], group:systemd-journal:a[ACCESS]]}
2024-05-01 12:56:01,387 [main] INFO  ozone.TestHSync (TestHSync.java:runTestHSync(369)) - runTestHSync /file1 with size 1025, skipLength=2145
2024-05-01 12:56:01,392 [IPC Server handler 3 on default port 15004] DEBUG key.OMKeyCommitRequestWithFSO (OMKeyCommitRequestWithFSO.java:validateAndUpdateCache(110)) - isHSync = true, volumeName = volume92500, bucketName = bucket83190, keyName = file1
2024-05-01 12:56:01,393 [IPC Server handler 3 on default port 15004] DEBUG key.OMKeyCommitRequestWithFSO (OMKeyCommitRequestWithFSO.java:validateAndUpdateCache(282)) - Key commit succeeded with isHSync = true, omKeyInfo = OmKeyInfo{volumeName='volume92500', bucketName='bucket83190', keyName='file1', dataSize=3170, keyLocationVersions=[version:0 isMultipartKey:false conID 2 locID 113750153625600093 bcsID 0 || ], creationTime=1714568161301, modificationTime=1714568161392, replicationConfig=RATIS/THREE, encInfo=null, fileChecksum=null, isFile=true, fileName='file1', acls=[user:runner:a[ACCESS], group:docker:a[ACCESS], group:adm:a[ACCESS], group:systemd-journal:a[ACCESS]]}
2024-05-01 12:56:01,403 [main] INFO  ozone.TestHSync (TestHSync.java:runTestHSync(369)) - runTestHSync /file1 with size 32767, skipLength=3170
2024-05-01 12:56:01,412 [IPC Server handler 5 on default port 15004] DEBUG key.OMKeyCommitRequestWithFSO (OMKeyCommitRequestWithFSO.java:validateAndUpdateCache(110)) - isHSync = true, volumeName = volume92500, bucketName = bucket83190, keyName = file1
2024-05-01 12:56:01,412 [IPC Server handler 5 on default port 15004] DEBUG key.OMKeyCommitRequestWithFSO (OMKeyCommitRequestWithFSO.java:validateAndUpdateCache(282)) - Key commit succeeded with isHSync = true, omKeyInfo = OmKeyInfo{volumeName='volume92500', bucketName='bucket83190', keyName='file1', dataSize=35937, keyLocationVersions=[version:0 isMultipartKey:false conID 2 locID 113750153625600093 bcsID 0 || ], creationTime=1714568161301, modificationTime=1714568161412, replicationConfig=RATIS/THREE, encInfo=null, fileChecksum=null, isFile=true, fileName='file1', acls=[user:runner:a[ACCESS], group:docker:a[ACCESS], group:adm:a[ACCESS], group:systemd-journal:a[ACCESS]]}
2024-05-01 12:56:01,423 [main] INFO  ozone.TestHSync (TestHSync.java:runTestHSync(369)) - runTestHSync /file1 with size 32768, skipLength=35937
2024-05-01 12:56:01,430 [IPC Server handler 9 on default port 15004] DEBUG key.OMKeyCommitRequestWithFSO (OMKeyCommitRequestWithFSO.java:validateAndUpdateCache(110)) - isHSync = true, volumeName = volume92500, bucketName = bucket83190, keyName = file1
2024-05-01 12:56:01,431 [IPC Server handler 9 on default port 15004] DEBUG key.OMKeyCommitRequestWithFSO (OMKeyCommitRequestWithFSO.java:validateAndUpdateCache(282)) - Key commit succeeded with isHSync = true, omKeyInfo = OmKeyInfo{volumeName='volume92500', bucketName='bucket83190', keyName='file1', dataSize=68705, keyLocationVersions=[version:0 isMultipartKey:false conID 2 locID 113750153625600093 bcsID 0 || ], creationTime=1714568161301, modificationTime=1714568161430, replicationConfig=RATIS/THREE, encInfo=null, fileChecksum=null, isFile=true, fileName='file1', acls=[user:runner:a[ACCESS], group:docker:a[ACCESS], group:adm:a[ACCESS], group:systemd-journal:a[ACCESS]]}
2024-05-01 12:56:01,442 [main] INFO  ozone.TestHSync (TestHSync.java:runTestHSync(369)) - runTestHSync /file1 with size 32769, skipLength=68705
2024-05-01 12:56:01,453 [IPC Server handler 6 on default port 15004] DEBUG key.OMKeyCommitRequestWithFSO (OMKeyCommitRequestWithFSO.java:validateAndUpdateCache(110)) - isHSync = true, volumeName = volume92500, bucketName = bucket83190, keyName = file1
2024-05-01 12:56:01,454 [IPC Server handler 6 on default port 15004] DEBUG key.OMKeyCommitRequestWithFSO (OMKeyCommitRequestWithFSO.java:validateAndUpdateCache(282)) - Key commit succeeded with isHSync = true, omKeyInfo = OmKeyInfo{volumeName='volume92500', bucketName='bucket83190', keyName='file1', dataSize=101474, keyLocationVersions=[version:0 isMultipartKey:false conID 2 locID 113750153625600093 bcsID 0 || ], creationTime=1714568161301, modificationTime=1714568161453, replicationConfig=RATIS/THREE, encInfo=null, fileChecksum=null, isFile=true, fileName='file1', acls=[user:runner:a[ACCESS], group:docker:a[ACCESS], group:adm:a[ACCESS], group:systemd-journal:a[ACCESS]]}
2024-05-01 12:56:01,470 [main] INFO  ozone.TestHSync (TestHSync.java:runTestHSync(369)) - runTestHSync /file1 with size 1048575, skipLength=101474
2024-05-01 12:56:01,662 [IPC Server handler 18 on default port 15004] DEBUG key.OMKeyCommitRequestWithFSO (OMKeyCommitRequestWithFSO.java:validateAndUpdateCache(110)) - isHSync = true, volumeName = volume92500, bucketName = bucket83190, keyName = file1
2024-05-01 12:56:01,663 [IPC Server handler 18 on default port 15004] DEBUG key.OMKeyCommitRequestWithFSO (OMKeyCommitRequestWithFSO.java:validateAndUpdateCache(282)) - Key commit succeeded with isHSync = true, omKeyInfo = OmKeyInfo{volumeName='volume92500', bucketName='bucket83190', keyName='file1', dataSize=1150049, keyLocationVersions=[version:0 isMultipartKey:false conID 2 locID 113750153625600093 bcsID 3548 || conID 4 locID 113750153625600094 bcsID 2397 || conID 3 locID 113750153625600095 bcsID 2426 || conID 1 locID 113750153625600096 bcsID 3573 || conID 2 locID 113750153625600097 bcsID 3595 || conID 4 locID 113750153625600098 bcsID 2451 || conID 3 locID 113750153625600099 bcsID 2475 || conID 4 locID 113750153625600100 bcsID 2497 || conID 1 locID 113750153625600101 bcsID 0 || ], creationTime=1714568161301, modificationTime=1714568161662, replicationConfig=RATIS/THREE, encInfo=null, fileChecksum=null, isFile=true, fileName='file1', acls=[user:runner:a[ACCESS], group:docker:a[ACCESS], group:adm:a[ACCESS], group:systemd-journal:a[ACCESS]]}
2024-05-01 12:56:01,748 [main] INFO  ozone.TestHSync (TestHSync.java:runTestHSync(369)) - runTestHSync /file1 with size 1048576, skipLength=1150049
2024-05-01 12:56:01,939 [IPC Server handler 6 on default port 15004] DEBUG key.OMKeyCommitRequestWithFSO (OMKeyCommitRequestWithFSO.java:validateAndUpdateCache(110)) - isHSync = true, volumeName = volume92500, bucketName = bucket83190, keyName = file1
2024-05-01 12:56:01,940 [IPC Server handler 6 on default port 15004] DEBUG key.OMKeyCommitRequestWithFSO (OMKeyCommitRequestWithFSO.java:validateAndUpdateCache(282)) - Key commit succeeded with isHSync = true, omKeyInfo = OmKeyInfo{volumeName='volume92500', bucketName='bucket83190', keyName='file1', dataSize=2198625, keyLocationVersions=[version:0 isMultipartKey:false conID 2 locID 113750153625600093 bcsID 3548 || conID 4 locID 113750153625600094 bcsID 2397 || conID 3 locID 113750153625600095 bcsID 2426 || conID 1 locID 113750153625600096 bcsID 3573 || conID 2 locID 113750153625600097 bcsID 3595 || conID 4 locID 113750153625600098 bcsID 2451 || conID 3 locID 113750153625600099 bcsID 2475 || conID 4 locID 113750153625600100 bcsID 2497 || conID 1 locID 113750153625600101 bcsID 3627 || conID 3 locID 113750153625600102 bcsID 2527 || conID 2 locID 113750153625600103 bcsID 3650 || conID 1 locID 113750153625600104 bcsID 3676 || conID 2 locID 113750153625600105 bcsID 3702 || conID 4 locID 113750153625600106 bcsID 2552 || conID 3 locID 113750153625600107 bcsID 2578 || conID 1 locID 113750153625600108 bcsID 3726 || conID 2 locID 113750153625600109 bcsID 0 || ], creationTime=1714568161301, modificationTime=1714568161939, replicationConfig=RATIS/THREE, encInfo=null, fileChecksum=null, isFile=true, fileName='file1', acls=[user:runner:a[ACCESS], group:docker:a[ACCESS], group:adm:a[ACCESS], group:systemd-journal:a[ACCESS]]}
2024-05-01 12:56:02,032 [om1-KeyDeletingService#0] INFO  utils.BackgroundService (AbstractKeyDeletingService.java:processKeyDeletes(114)) - Send 6 key(s) to SCM, first 6 keys: [BlockGroup[groupID='/volume92500/bucket83190/file4/4611686018430897921', blockIDs=[conID: 1 locID: 113750153625600040 bcsId: 0, conID: 4 locID: 113750153625600041 bcsId: 0]], BlockGroup[groupID='/volume92500/bucket83190/file5/4611686018433879809', blockIDs=[conID: 3 locID: 113750153625600042 bcsId: 0]], BlockGroup[groupID='/volume92500/bucket83190/file6/4611686018436282881', blockIDs=[conID: 2 locID: 113750153625600043 bcsId: 0, conID: 4 locID: 113750153625600044 bcsId: 0]], BlockGroup[groupID='/volume92500/bucket83190/file7/4611686018438584321', blockIDs=[conID: 3 locID: 113750153625600045 bcsId: 0, conID: 1 locID: 113750153625600046 bcsId: 0, conID: 4 locID: 113750153625600047 bcsId: 0]], BlockGroup[groupID='/volume92500/bucket83190/file8/4611686018441018881', blockIDs=[conID: 2 locID: 113750153625600048 bcsId: 0, conID: 1 locID: 113750153625600049 bcsId: 0, conID: 3 locID: 113750153625600050 bcsId: 0, conID: 4 locID: 113750153625600051 bcsId: 0, conID: 2 locID: 113750153625600052 bcsId: 0, conID: 3 locID: 113750153625600053 bcsId: 0]], BlockGroup[groupID='/volume92500/bucket83190/file9/4611686018444096001', blockIDs=[conID: 1 locID: 113750153625600054 bcsId: 0, conID: 4 locID: 113750153625600055 bcsId: 0, conID: 3 locID: 113750153625600056 bcsId: 0, conID: 2 locID: 113750153625600057 bcsId: 0, conID: 4 locID: 113750153625600058 bcsId: 0, conID: 1 locID: 113750153625600059 bcsId: 0, conID: 2 locID: 113750153625600060 bcsId: 0, conID: 1 locID: 113750153625600061 bcsId: 0, conID: 3 locID: 113750153625600062 bcsId: 0, conID: 4 locID: 113750153625600063 bcsId: 0, conID: 3 locID: 113750153625600064 bcsId: 0, conID: 2 locID: 113750153625600065 bcsId: 0, conID: 1 locID: 113750153625600066 bcsId: 0, conID: 2 locID: 113750153625600067 bcsId: 0]]]
2024-05-01 12:56:02,034 [om1-KeyDeletingService#0] INFO  utils.BackgroundService (AbstractKeyDeletingService.java:processKeyDeletes(119)) - 6 BlockGroup deletion are acked by SCM in 2 ms
2024-05-01 12:56:02,035 [om1-KeyDeletingService#0] INFO  utils.BackgroundService (AbstractKeyDeletingService.java:processKeyDeletes(132)) - Blocks for 6 (out of 6) keys are deleted from DB in 0 ms
2024-05-01 12:56:02,106 [main] INFO  ozone.TestHSync (TestHSync.java:runTestHSync(369)) - runTestHSync /file1 with size 1048577, skipLength=2198625
2024-05-01 12:56:02,284 [IPC Server handler 18 on default port 15004] DEBUG key.OMKeyCommitRequestWithFSO (OMKeyCommitRequestWithFSO.java:validateAndUpdateCache(110)) - isHSync = true, volumeName = volume92500, bucketName = bucket83190, keyName = file1
2024-05-01 12:56:02,285 [IPC Server handler 18 on default port 15004] DEBUG key.OMKeyCommitRequestWithFSO (OMKeyCommitRequestWithFSO.java:validateAndUpdateCache(282)) - Key commit succeeded with isHSync = true, omKeyInfo = OmKeyInfo{volumeName='volume92500', bucketName='bucket83190', keyName='file1', dataSize=3247202, keyLocationVersions=[version:0 isMultipartKey:false conID 2 locID 113750153625600093 bcsID 3548 || conID 4 locID 113750153625600094 bcsID 2397 || conID 3 locID 113750153625600095 bcsID 2426 || conID 1 locID 113750153625600096 bcsID 3573 || conID 2 locID 113750153625600097 bcsID 3595 || conID 4 locID 113750153625600098 bcsID 2451 || conID 3 locID 113750153625600099 bcsID 2475 || conID 4 locID 113750153625600100 bcsID 2497 || conID 1 locID 113750153625600101 bcsID 3627 || conID 3 locID 113750153625600102 bcsID 2527 || conID 2 locID 113750153625600103 bcsID 3650 || conID 1 locID 113750153625600104 bcsID 3676 || conID 2 locID 113750153625600105 bcsID 3702 || conID 4 locID 113750153625600106 bcsID 2552 || conID 3 locID 113750153625600107 bcsID 2578 || conID 1 locID 113750153625600108 bcsID 3726 || conID 2 locID 113750153625600109 bcsID 3756 || conID 4 locID 113750153625600110 bcsID 2600 || conID 3 locID 113750153625600111 bcsID 2626 || conID 1 locID 113750153625600112 bcsID 3777 || conID 4 locID 113750153625600113 bcsID 2655 || conID 3 locID 113750153625600114 bcsID 2682 || conID 4 locID 113750153625600115 bcsID 2707 || conID 3 locID 113750153625600116 bcsID 2729 || conID 4 locID 113750153625600117 bcsID 0 || ], creationTime=1714568161301, modificationTime=1714568162284, replicationConfig=RATIS/THREE, encInfo=null, fileChecksum=null, isFile=true, fileName='file1', acls=[user:runner:a[ACCESS], group:docker:a[ACCESS], group:adm:a[ACCESS], group:systemd-journal:a[ACCESS]]}
2024-05-01 12:56:02,503 [IPC Server handler 1 on default port 15004] DEBUG key.OMKeyCommitRequestWithFSO (OMKeyCommitRequestWithFSO.java:validateAndUpdateCache(110)) - isHSync = false, volumeName = volume92500, bucketName = bucket83190, keyName = file1
2024-05-01 12:56:02,504 [IPC Server handler 1 on default port 15004] DEBUG key.OMKeyCommitRequestWithFSO (OMKeyCommitRequestWithFSO.java:validateAndUpdateCache(282)) - Key commit succeeded with isHSync = false, omKeyInfo = OmKeyInfo{volumeName='volume92500', bucketName='bucket83190', keyName='file1', dataSize=3247202, keyLocationVersions=[version:0 isMultipartKey:false conID 2 locID 113750153625600093 bcsID 3548 || conID 4 locID 113750153625600094 bcsID 2397 || conID 3 locID 113750153625600095 bcsID 2426 || conID 1 locID 113750153625600096 bcsID 3573 || conID 2 locID 113750153625600097 bcsID 3595 || conID 4 locID 113750153625600098 bcsID 2451 || conID 3 locID 113750153625600099 bcsID 2475 || conID 4 locID 113750153625600100 bcsID 2497 || conID 1 locID 113750153625600101 bcsID 3627 || conID 3 locID 113750153625600102 bcsID 2527 || conID 2 locID 113750153625600103 bcsID 3650 || conID 1 locID 113750153625600104 bcsID 3676 || conID 2 locID 113750153625600105 bcsID 3702 || conID 4 locID 113750153625600106 bcsID 2552 || conID 3 locID 113750153625600107 bcsID 2578 || conID 1 locID 113750153625600108 bcsID 3726 || conID 2 locID 113750153625600109 bcsID 3756 || conID 4 locID 113750153625600110 bcsID 2600 || conID 3 locID 113750153625600111 bcsID 2626 || conID 1 locID 113750153625600112 bcsID 3777 || conID 4 locID 113750153625600113 bcsID 2655 || conID 3 locID 113750153625600114 bcsID 2682 || conID 4 locID 113750153625600115 bcsID 2707 || conID 3 locID 113750153625600116 bcsID 2729 || conID 4 locID 113750153625600117 bcsID 2757 || ], creationTime=1714568161301, modificationTime=1714568162503, replicationConfig=RATIS/THREE, encInfo=null, fileChecksum=null, isFile=true, fileName='file1', acls=[user:runner:a[ACCESS], group:docker:a[ACCESS], group:adm:a[ACCESS], group:systemd-journal:a[ACCESS]]}
2024-05-01 12:56:02,504 [IPC Server handler 1 on default port 15004] DEBUG key.OMKeyCommitRequest (OMKeyCommitRequest.java:processResult(412)) - Key committed. Volume:volume92500, Bucket:bucket83190, Key:file1
2024-05-01 12:56:02,507 [main] INFO  ozone.TestHSync (TestHSync.java:runTestHSync(369)) - runTestHSync /file2 with size 4, skipLength=0
2024-05-01 12:56:02,513 [IPC Server handler 3 on default port 15004] DEBUG key.OMKeyCommitRequestWithFSO (OMKeyCommitRequestWithFSO.java:validateAndUpdateCache(110)) - isHSync = true, volumeName = volume92500, bucketName = bucket83190, keyName = file2
2024-05-01 12:56:02,513 [IPC Server handler 3 on default port 15004] DEBUG key.OMKeyCommitRequestWithFSO (OMKeyCommitRequestWithFSO.java:validateAndUpdateCache(282)) - Key commit succeeded with isHSync = true, omKeyInfo = OmKeyInfo{volumeName='volume92500', bucketName='bucket83190', keyName='file2', dataSize=4, keyLocationVersions=[version:0 isMultipartKey:false conID 3 locID 113750153625600118 bcsID 0 || ], creationTime=1714568162506, modificationTime=1714568162513, replicationConfig=RATIS/THREE, encInfo=null, fileChecksum=null, isFile=true, fileName='file2', acls=[user:runner:a[ACCESS], group:docker:a[ACCESS], group:adm:a[ACCESS], group:systemd-journal:a[ACCESS]]}
2024-05-01 12:56:02,517 [main] INFO  ozone.TestHSync (TestHSync.java:runTestHSync(369)) - runTestHSync /file2 with size 31, skipLength=4
2024-05-01 12:56:02,522 [IPC Server handler 5 on default port 15004] DEBUG key.OMKeyCommitRequestWithFSO (OMKeyCommitRequestWithFSO.java:validateAndUpdateCache(110)) - isHSync = true, volumeName = volume92500, bucketName = bucket83190, keyName = file2
2024-05-01 12:56:02,523 [IPC Server handler 5 on default port 15004] DEBUG key.OMKeyCommitRequestWithFSO (OMKeyCommitRequestWithFSO.java:validateAndUpdateCache(282)) - Key commit succeeded with isHSync = true, omKeyInfo = OmKeyInfo{volumeName='volume92500', bucketName='bucket83190', keyName='file2', dataSize=35, keyLocationVersions=[version:0 isMultipartKey:false conID 3 locID 113750153625600118 bcsID 0 || ], creationTime=1714568162506, modificationTime=1714568162522, replicationConfig=RATIS/THREE, encInfo=null, fileChecksum=null, isFile=true, fileName='file2', acls=[user:runner:a[ACCESS], group:docker:a[ACCESS], group:adm:a[ACCESS], group:systemd-journal:a[ACCESS]]}
2024-05-01 12:56:02,534 [main] INFO  ozone.TestHSync (TestHSync.java:runTestHSync(369)) - runTestHSync /file2 with size 32, skipLength=35
2024-05-01 12:56:02,540 [IPC Server handler 9 on default port 15004] DEBUG key.OMKeyCommitRequestWithFSO (OMKeyCommitRequestWithFSO.java:validateAndUpdateCache(110)) - isHSync = true, volumeName = volume92500, bucketName = bucket83190, keyName = file2
2024-05-01 12:56:02,541 [IPC Server handler 9 on default port 15004] DEBUG key.OMKeyCommitRequestWithFSO (OMKeyCommitRequestWithFSO.java:validateAndUpdateCache(282)) - Key commit succeeded with isHSync = true, omKeyInfo = OmKeyInfo{volumeName='volume92500', bucketName='bucket83190', keyName='file2', dataSize=67, keyLocationVersions=[version:0 isMultipartKey:false conID 3 locID 113750153625600118 bcsID 0 || ], creationTime=1714568162506, modificationTime=1714568162540, replicationConfig=RATIS/THREE, encInfo=null, fileChecksum=null, isFile=true, fileName='file2', acls=[user:runner:a[ACCESS], group:docker:a[ACCESS], group:adm:a[ACCESS], group:systemd-journal:a[ACCESS]]}
2024-05-01 12:56:02,545 [main] INFO  ozone.TestHSync (TestHSync.java:runTestHSync(369)) - runTestHSync /file2 with size 33, skipLength=67
2024-05-01 12:56:02,550 [IPC Server handler 6 on default port 15004] DEBUG key.OMKeyCommitRequestWithFSO (OMKeyCommitRequestWithFSO.java:validateAndUpdateCache(110)) - isHSync = true, volumeName = volume92500, bucketName = bucket83190, keyName = file2
2024-05-01 12:56:02,551 [IPC Server handler 6 on default port 15004] DEBUG key.OMKeyCommitRequestWithFSO (OMKeyCommitRequestWithFSO.java:validateAndUpdateCache(282)) - Key commit succeeded with isHSync = true, omKeyInfo = OmKeyInfo{volumeName='volume92500', bucketName='bucket83190', keyName='file2', dataSize=100, keyLocationVersions=[version:0 isMultipartKey:false conID 3 locID 113750153625600118 bcsID 0 || ], creationTime=1714568162506, modificationTime=1714568162550, replicationConfig=RATIS/THREE, encInfo=null, fileChecksum=null, isFile=true, fileName='file2', acls=[user:runner:a[ACCESS], group:docker:a[ACCESS], group:adm:a[ACCESS], group:systemd-journal:a[ACCESS]]}
2024-05-01 12:56:02,558 [main] INFO  ozone.TestHSync (TestHSync.java:runTestHSync(369)) - runTestHSync /file2 with size 1023, skipLength=100
2024-05-01 12:56:02,563 [IPC Server handler 10 on default port 15004] DEBUG key.OMKeyCommitRequestWithFSO (OMKeyCommitRequestWithFSO.java:validateAndUpdateCache(110)) - isHSync = true, volumeName = volume92500, bucketName = bucket83190, keyName = file2
2024-05-01 12:56:02,564 [IPC Server handler 10 on default port 15004] DEBUG key.OMKeyCommitRequestWithFSO (OMKeyCommitRequestWithFSO.java:validateAndUpdateCache(282)) - Key commit succeeded with isHSync = true, omKeyInfo = OmKeyInfo{volumeName='volume92500', bucketName='bucket83190', keyName='file2', dataSize=1123, keyLocationVersions=[version:0 isMultipartKey:false conID 3 locID 113750153625600118 bcsID 0 || ], creationTime=1714568162506, modificationTime=1714568162563, replicationConfig=RATIS/THREE, encInfo=null, fileChecksum=null, isFile=true, fileName='file2', acls=[user:runner:a[ACCESS], group:docker:a[ACCESS], group:adm:a[ACCESS], group:systemd-journal:a[ACCESS]]}
2024-05-01 12:56:02,571 [main] INFO  ozone.TestHSync (TestHSync.java:runTestHSync(369)) - runTestHSync /file2 with size 1024, skipLength=1123
2024-05-01 12:56:02,575 [IPC Server handler 13 on default port 15004] DEBUG key.OMKeyCommitRequestWithFSO (OMKeyCommitRequestWithFSO.java:validateAndUpdateCache(110)) - isHSync = true, volumeName = volume92500, bucketName = bucket83190, keyName = file2
2024-05-01 12:56:02,576 [IPC Server handler 13 on default port 15004] DEBUG key.OMKeyCommitRequestWithFSO (OMKeyCommitRequestWithFSO.java:validateAndUpdateCache(282)) - Key commit succeeded with isHSync = true, omKeyInfo = OmKeyInfo{volumeName='volume92500', bucketName='bucket83190', keyName='file2', dataSize=2147, keyLocationVersions=[version:0 isMultipartKey:false conID 3 locID 113750153625600118 bcsID 0 || ], creationTime=1714568162506, modificationTime=1714568162575, replicationConfig=RATIS/THREE, encInfo=null, fileChecksum=null, isFile=true, fileName='file2', acls=[user:runner:a[ACCESS], group:docker:a[ACCESS], group:adm:a[ACCESS], group:systemd-journal:a[ACCESS]]}
2024-05-01 12:56:02,583 [main] INFO  ozone.TestHSync (TestHSync.java:runTestHSync(369)) - runTestHSync /file2 with size 1025, skipLength=2147
2024-05-01 12:56:02,587 [IPC Server handler 15 on default port 15004] DEBUG key.OMKeyCommitRequestWithFSO (OMKeyCommitRequestWithFSO.java:validateAndUpdateCache(110)) - isHSync = true, volumeName = volume92500, bucketName = bucket83190, keyName = file2
2024-05-01 12:56:02,587 [IPC Server handler 15 on default port 15004] DEBUG key.OMKeyCommitRequestWithFSO (OMKeyCommitRequestWithFSO.java:validateAndUpdateCache(282)) - Key commit succeeded with isHSync = true, omKeyInfo = OmKeyInfo{volumeName='volume92500', bucketName='bucket83190', keyName='file2', dataSize=3172, keyLocationVersions=[version:0 isMultipartKey:false conID 3 locID 113750153625600118 bcsID 0 || ], creationTime=1714568162506, modificationTime=1714568162587, replicationConfig=RATIS/THREE, encInfo=null, fileChecksum=null, isFile=true, fileName='file2', acls=[user:runner:a[ACCESS], group:docker:a[ACCESS], group:adm:a[ACCESS], group:systemd-journal:a[ACCESS]]}
2024-05-01 12:56:02,595 [main] INFO  ozone.TestHSync (TestHSync.java:runTestHSync(369)) - runTestHSync /file2 with size 32767, skipLength=3172
2024-05-01 12:56:02,601 [IPC Server handler 17 on default port 15004] DEBUG key.OMKeyCommitRequestWithFSO (OMKeyCommitRequestWithFSO.java:validateAndUpdateCache(110)) - isHSync = true, volumeName = volume92500, bucketName = bucket83190, keyName = file2
2024-05-01 12:56:02,601 [IPC Server handler 17 on default port 15004] DEBUG key.OMKeyCommitRequestWithFSO (OMKeyCommitRequestWithFSO.java:validateAndUpdateCache(282)) - Key commit succeeded with isHSync = true, omKeyInfo = OmKeyInfo{volumeName='volume92500', bucketName='bucket83190', keyName='file2', dataSize=35939, keyLocationVersions=[version:0 isMultipartKey:false conID 3 locID 113750153625600118 bcsID 0 || ], creationTime=1714568162506, modificationTime=1714568162601, replicationConfig=RATIS/THREE, encInfo=null, fileChecksum=null, isFile=true, fileName='file2', acls=[user:runner:a[ACCESS], group:docker:a[ACCESS], group:adm:a[ACCESS], group:systemd-journal:a[ACCESS]]}
2024-05-01 12:56:02,611 [main] INFO  ozone.TestHSync (TestHSync.java:runTestHSync(369)) - runTestHSync /file2 with size 32768, skipLength=35939
2024-05-01 12:56:02,618 [IPC Server handler 18 on default port 15004] DEBUG key.OMKeyCommitRequestWithFSO (OMKeyCommitRequestWithFSO.java:validateAndUpdateCache(110)) - isHSync = true, volumeName = volume92500, bucketName = bucket83190, keyName = file2
2024-05-01 12:56:02,619 [IPC Server handler 18 on default port 15004] DEBUG key.OMKeyCommitRequestWithFSO (OMKeyCommitRequestWithFSO.java:validateAndUpdateCache(282)) - Key commit succeeded with isHSync = true, omKeyInfo = OmKeyInfo{volumeName='volume92500', bucketName='bucket83190', keyName='file2', dataSize=68707, keyLocationVersions=[version:0 isMultipartKey:false conID 3 locID 113750153625600118 bcsID 0 || ], creationTime=1714568162506, modificationTime=1714568162618, replicationConfig=RATIS/THREE, encInfo=null, fileChecksum=null, isFile=true, fileName='file2', acls=[user:runner:a[ACCESS], group:docker:a[ACCESS], group:adm:a[ACCESS], group:systemd-journal:a[ACCESS]]}
2024-05-01 12:56:02,630 [main] INFO  ozone.TestHSync (TestHSync.java:runTestHSync(369)) - runTestHSync /file2 with size 32769, skipLength=68707
2024-05-01 12:56:02,639 [IPC Server handler 1 on default port 15004] DEBUG key.OMKeyCommitRequestWithFSO (OMKeyCommitRequestWithFSO.java:validateAndUpdateCache(110)) - isHSync = true, volumeName = volume92500, bucketName = bucket83190, keyName = file2
2024-05-01 12:56:02,640 [IPC Server handler 1 on default port 15004] DEBUG key.OMKeyCommitRequestWithFSO (OMKeyCommitRequestWithFSO.java:validateAndUpdateCache(282)) - Key commit succeeded with isHSync = true, omKeyInfo = OmKeyInfo{volumeName='volume92500', bucketName='bucket83190', keyName='file2', dataSize=101476, keyLocationVersions=[version:0 isMultipartKey:false conID 3 locID 113750153625600118 bcsID 0 || ], creationTime=1714568162506, modificationTime=1714568162639, replicationConfig=RATIS/THREE, encInfo=null, fileChecksum=null, isFile=true, fileName='file2', acls=[user:runner:a[ACCESS], group:docker:a[ACCESS], group:adm:a[ACCESS], group:systemd-journal:a[ACCESS]]}
2024-05-01 12:56:02,651 [main] INFO  ozone.TestHSync (TestHSync.java:runTestHSync(369)) - runTestHSync /file2 with size 1048575, skipLength=101476
2024-05-01 12:56:02,819 [IPC Server handler 10 on default port 15004] DEBUG key.OMKeyCommitRequestWithFSO (OMKeyCommitRequestWithFSO.java:validateAndUpdateCache(110)) - isHSync = true, volumeName = volume92500, bucketName = bucket83190, keyName = file2
2024-05-01 12:56:02,819 [IPC Server handler 10 on default port 15004] DEBUG key.OMKeyCommitRequestWithFSO (OMKeyCommitRequestWithFSO.java:validateAndUpdateCache(282)) - Key commit succeeded with isHSync = true, omKeyInfo = OmKeyInfo{volumeName='volume92500', bucketName='bucket83190', keyName='file2', dataSize=1150051, keyLocationVersions=[version:0 isMultipartKey:false conID 3 locID 113750153625600118 bcsID 2815 || conID 2 locID 113750153625600119 bcsID 3804 || conID 1 locID 113750153625600120 bcsID 3830 || conID 2 locID 113750153625600121 bcsID 3855 || conID 1 locID 113750153625600122 bcsID 3880 || conID 4 locID 113750153625600123 bcsID 2839 || conID 2 locID 113750153625600124 bcsID 3907 || conID 3 locID 113750153625600125 bcsID 2864 || conID 1 locID 113750153625600126 bcsID 0 || ], creationTime=1714568162506, modificationTime=1714568162819, replicationConfig=RATIS/THREE, encInfo=null, fileChecksum=null, isFile=true, fileName='file2', acls=[user:runner:a[ACCESS], group:docker:a[ACCESS], group:adm:a[ACCESS], group:systemd-journal:a[ACCESS]]}
2024-05-01 12:56:02,899 [main] INFO  ozone.TestHSync (TestHSync.java:runTestHSync(369)) - runTestHSync /file2 with size 1048576, skipLength=1150051
2024-05-01 12:56:03,063 [IPC Server handler 1 on default port 15004] DEBUG key.OMKeyCommitRequestWithFSO (OMKeyCommitRequestWithFSO.java:validateAndUpdateCache(110)) - isHSync = true, volumeName = volume92500, bucketName = bucket83190, keyName = file2
2024-05-01 12:56:03,063 [IPC Server handler 1 on default port 15004] DEBUG key.OMKeyCommitRequestWithFSO (OMKeyCommitRequestWithFSO.java:validateAndUpdateCache(282)) - Key commit succeeded with isHSync = true, omKeyInfo = OmKeyInfo{volumeName='volume92500', bucketName='bucket83190', keyName='file2', dataSize=2198627, keyLocationVersions=[version:0 isMultipartKey:false conID 3 locID 113750153625600118 bcsID 2815 || conID 2 locID 113750153625600119 bcsID 3804 || conID 1 locID 113750153625600120 bcsID 3830 || conID 2 locID 113750153625600121 bcsID 3855 || conID 1 locID 113750153625600122 bcsID 3880 || conID 4 locID 113750153625600123 bcsID 2839 || conID 2 locID 113750153625600124 bcsID 3907 || conID 3 locID 113750153625600125 bcsID 2864 || conID 1 locID 113750153625600126 bcsID 3937 || conID 2 locID 113750153625600127 bcsID 3957 || conID 1 locID 113750153625600128 bcsID 3985 || conID 2 locID 113750153625600129 bcsID 4011 || conID 4 locID 113750153625600130 bcsID 2887 || conID 3 locID 113750153625600131 bcsID 2916 || conID 4 locID 113750153625600132 bcsID 2942 || conID 1 locID 113750153625600133 bcsID 4034 || conID 2 locID 113750153625600134 bcsID 0 || ], creationTime=1714568162506, modificationTime=1714568163062, replicationConfig=RATIS/THREE, encInfo=null, fileChecksum=null, isFile=true, fileName='file2', acls=[user:runner:a[ACCESS], group:docker:a[ACCESS], group:adm:a[ACCESS], group:systemd-journal:a[ACCESS]]}
2024-05-01 12:56:03,174 [main] INFO  ozone.TestHSync (TestHSync.java:runTestHSync(369)) - runTestHSync /file2 with size 1048577, skipLength=2198627
2024-05-01 12:56:03,353 [IPC Server handler 10 on default port 15004] DEBUG key.OMKeyCommitRequestWithFSO (OMKeyCommitRequestWithFSO.java:validateAndUpdateCache(110)) - isHSync = true, volumeName = volume92500, bucketName = bucket83190, keyName = file2
2024-05-01 12:56:03,353 [IPC Server handler 10 on default port 15004] DEBUG key.OMKeyCommitRequestWithFSO (OMKeyCommitRequestWithFSO.java:validateAndUpdateCache(282)) - Key commit succeeded with isHSync = true, omKeyInfo = OmKeyInfo{volumeName='volume92500', bucketName='bucket83190', keyName='file2', dataSize=3247204, keyLocationVersions=[version:0 isMultipartKey:false conID 3 locID 113750153625600118 bcsID 2815 || conID 2 locID 113750153625600119 bcsID 3804 || conID 1 locID 113750153625600120 bcsID 3830 || conID 2 locID 113750153625600121 bcsID 3855 || conID 1 locID 113750153625600122 bcsID 3880 || conID 4 locID 113750153625600123 bcsID 2839 || conID 2 locID 113750153625600124 bcsID 3907 || conID 3 locID 113750153625600125 bcsID 2864 || conID 1 locID 113750153625600126 bcsID 3937 || conID 2 locID 113750153625600127 bcsID 3957 || conID 1 locID 113750153625600128 bcsID 3985 || conID 2 locID 113750153625600129 bcsID 4011 || conID 4 locID 113750153625600130 bcsID 2887 || conID 3 locID 113750153625600131 bcsID 2916 || conID 4 locID 113750153625600132 bcsID 2942 || conID 1 locID 113750153625600133 bcsID 4034 || conID 2 locID 113750153625600134 bcsID 4065 || conID 3 locID 113750153625600135 bcsID 2969 || conID 1 locID 113750153625600136 bcsID 4089 || conID 4 locID 113750153625600137 bcsID 2995 || conID 2 locID 113750153625600138 bcsID 4115 || conID 1 locID 113750153625600139 bcsID 4141 || conID 3 locID 113750153625600140 bcsID 3020 || conID 4 locID 113750153625600141 bcsID 3043 || conID 2 locID 113750153625600142 bcsID 0 || ], creationTime=1714568162506, modificationTime=1714568163353, replicationConfig=RATIS/THREE, encInfo=null, fileChecksum=null, isFile=true, fileName='file2', acls=[user:runner:a[ACCESS], group:docker:a[ACCESS], group:adm:a[ACCESS], group:systemd-journal:a[ACCESS]]}
2024-05-01 12:56:03,517 [IPC Server handler 13 on default port 15004] DEBUG key.OMKeyCommitRequestWithFSO (OMKeyCommitRequestWithFSO.java:validateAndUpdateCache(110)) - isHSync = false, volumeName = volume92500, bucketName = bucket83190, keyName = file2
2024-05-01 12:56:03,518 [IPC Server handler 13 on default port 15004] DEBUG key.OMKeyCommitRequestWithFSO (OMKeyCommitRequestWithFSO.java:validateAndUpdateCache(282)) - Key commit succeeded with isHSync = false, omKeyInfo = OmKeyInfo{volumeName='volume92500', bucketName='bucket83190', keyName='file2', dataSize=3247204, keyLocationVersions=[version:0 isMultipartKey:false conID 3 locID 113750153625600118 bcsID 2815 || conID 2 locID 113750153625600119 bcsID 3804 || conID 1 locID 113750153625600120 bcsID 3830 || conID 2 locID 113750153625600121 bcsID 3855 || conID 1 locID 113750153625600122 bcsID 3880 || conID 4 locID 113750153625600123 bcsID 2839 || conID 2 locID 113750153625600124 bcsID 3907 || conID 3 locID 113750153625600125 bcsID 2864 || conID 1 locID 113750153625600126 bcsID 3937 || conID 2 locID 113750153625600127 bcsID 3957 || conID 1 locID 113750153625600128 bcsID 3985 || conID 2 locID 113750153625600129 bcsID 4011 || conID 4 locID 113750153625600130 bcsID 2887 || conID 3 locID 113750153625600131 bcsID 2916 || conID 4 locID 113750153625600132 bcsID 2942 || conID 1 locID 113750153625600133 bcsID 4034 || conID 2 locID 113750153625600134 bcsID 4065 || conID 3 locID 113750153625600135 bcsID 2969 || conID 1 locID 113750153625600136 bcsID 4089 || conID 4 locID 113750153625600137 bcsID 2995 || conID 2 locID 113750153625600138 bcsID 4115 || conID 1 locID 113750153625600139 bcsID 4141 || conID 3 locID 113750153625600140 bcsID 3020 || conID 4 locID 113750153625600141 bcsID 3043 || conID 2 locID 113750153625600142 bcsID 4165 || ], creationTime=1714568162506, modificationTime=1714568163517, replicationConfig=RATIS/THREE, encInfo=null, fileChecksum=null, isFile=true, fileName='file2', acls=[user:runner:a[ACCESS], group:docker:a[ACCESS], group:adm:a[ACCESS], group:systemd-journal:a[ACCESS]]}
2024-05-01 12:56:03,518 [IPC Server handler 13 on default port 15004] DEBUG key.OMKeyCommitRequest (OMKeyCommitRequest.java:processResult(412)) - Key committed. Volume:volume92500, Bucket:bucket83190, Key:file2
2024-05-01 12:56:03,521 [main] INFO  ozone.TestHSync (TestHSync.java:runTestHSync(369)) - runTestHSync /file3 with size 8, skipLength=0
2024-05-01 12:56:03,526 [IPC Server handler 15 on default port 15004] DEBUG key.OMKeyCommitRequestWithFSO (OMKeyCommitRequestWithFSO.java:validateAndUpdateCache(110)) - isHSync = true, volumeName = volume92500, bucketName = bucket83190, keyName = file3
2024-05-01 12:56:03,527 [IPC Server handler 15 on default port 15004] DEBUG key.OMKeyCommitRequestWithFSO (OMKeyCommitRequestWithFSO.java:validateAndUpdateCache(282)) - Key commit succeeded with isHSync = true, omKeyInfo = OmKeyInfo{volumeName='volume92500', bucketName='bucket83190', keyName='file3', dataSize=8, keyLocationVersions=[version:0 isMultipartKey:false conID 3 locID 113750153625600143 bcsID 0 || ], creationTime=1714568163520, modificationTime=1714568163526, replicationConfig=RATIS/THREE, encInfo=null, fileChecksum=null, isFile=true, fileName='file3', acls=[user:runner:a[ACCESS], group:docker:a[ACCESS], group:adm:a[ACCESS], group:systemd-journal:a[ACCESS]]}
2024-05-01 12:56:03,530 [main] INFO  ozone.TestHSync (TestHSync.java:runTestHSync(369)) - runTestHSync /file3 with size 31, skipLength=8
2024-05-01 12:56:03,535 [IPC Server handler 17 on default port 15004] DEBUG key.OMKeyCommitRequestWithFSO (OMKeyCommitRequestWithFSO.java:validateAndUpdateCache(110)) - isHSync = true, volumeName = volume92500, bucketName = bucket83190, keyName = file3
2024-05-01 12:56:03,536 [IPC Server handler 17 on default port 15004] DEBUG key.OMKeyCommitRequestWithFSO (OMKeyCommitRequestWithFSO.java:validateAndUpdateCache(282)) - Key commit succeeded with isHSync = true, omKeyInfo = OmKeyInfo{volumeName='volume92500', bucketName='bucket83190', keyName='file3', dataSize=39, keyLocationVersions=[version:0 isMultipartKey:false conID 3 locID 113750153625600143 bcsID 0 || ], creationTime=1714568163520, modificationTime=1714568163535, replicationConfig=RATIS/THREE, encInfo=null, fileChecksum=null, isFile=true, fileName='file3', acls=[user:runner:a[ACCESS], group:docker:a[ACCESS], group:adm:a[ACCESS], group:systemd-journal:a[ACCESS]]}
2024-05-01 12:56:03,540 [main] INFO  ozone.TestHSync (TestHSync.java:runTestHSync(369)) - runTestHSync /file3 with size 32, skipLength=39
2024-05-01 12:56:03,546 [IPC Server handler 18 on default port 15004] DEBUG key.OMKeyCommitRequestWithFSO (OMKeyCommitRequestWithFSO.java:validateAndUpdateCache(110)) - isHSync = true, volumeName = volume92500, bucketName = bucket83190, keyName = file3
2024-05-01 12:56:03,546 [IPC Server handler 18 on default port 15004] DEBUG key.OMKeyCommitRequestWithFSO (OMKeyCommitRequestWithFSO.java:validateAndUpdateCache(282)) - Key commit succeeded with isHSync = true, omKeyInfo = OmKeyInfo{volumeName='volume92500', bucketName='bucket83190', keyName='file3', dataSize=71, keyLocationVersions=[version:0 isMultipartKey:false conID 3 locID 113750153625600143 bcsID 0 || ], creationTime=1714568163520, modificationTime=1714568163545, replicationConfig=RATIS/THREE, encInfo=null, fileChecksum=null, isFile=true, fileName='file3', acls=[user:runner:a[ACCESS], group:docker:a[ACCESS], group:adm:a[ACCESS], group:systemd-journal:a[ACCESS]]}
2024-05-01 12:56:03,551 [main] INFO  ozone.TestHSync (TestHSync.java:runTestHSync(369)) - runTestHSync /file3 with size 33, skipLength=71
2024-05-01 12:56:03,556 [IPC Server handler 1 on default port 15004] DEBUG key.OMKeyCommitRequestWithFSO (OMKeyCommitRequestWithFSO.java:validateAndUpdateCache(110)) - isHSync = true, volumeName = volume92500, bucketName = bucket83190, keyName = file3
2024-05-01 12:56:03,557 [IPC Server handler 1 on default port 15004] DEBUG key.OMKeyCommitRequestWithFSO (OMKeyCommitRequestWithFSO.java:validateAndUpdateCache(282)) - Key commit succeeded with isHSync = true, omKeyInfo = OmKeyInfo{volumeName='volume92500', bucketName='bucket83190', keyName='file3', dataSize=104, keyLocationVersions=[version:0 isMultipartKey:false conID 3 locID 113750153625600143 bcsID 0 || ], creationTime=1714568163520, modificationTime=1714568163556, replicationConfig=RATIS/THREE, encInfo=null, fileChecksum=null, isFile=true, fileName='file3', acls=[user:runner:a[ACCESS], group:docker:a[ACCESS], group:adm:a[ACCESS], group:systemd-journal:a[ACCESS]]}
2024-05-01 12:56:03,562 [main] INFO  ozone.TestHSync (TestHSync.java:runTestHSync(369)) - runTestHSync /file3 with size 1023, skipLength=104
2024-05-01 12:56:03,567 [IPC Server handler 3 on default port 15004] DEBUG key.OMKeyCommitRequestWithFSO (OMKeyCommitRequestWithFSO.java:validateAndUpdateCache(110)) - isHSync = true, volumeName = volume92500, bucketName = bucket83190, keyName = file3
2024-05-01 12:56:03,567 [IPC Server handler 3 on default port 15004] DEBUG key.OMKeyCommitRequestWithFSO (OMKeyCommitRequestWithFSO.java:validateAndUpdateCache(282)) - Key commit succeeded with isHSync = true, omKeyInfo = OmKeyInfo{volumeName='volume92500', bucketName='bucket83190', keyName='file3', dataSize=1127, keyLocationVersions=[version:0 isMultipartKey:false conID 3 locID 113750153625600143 bcsID 0 || ], creationTime=1714568163520, modificationTime=1714568163567, replicationConfig=RATIS/THREE, encInfo=null, fileChecksum=null, isFile=true, fileName='file3', acls=[user:runner:a[ACCESS], group:docker:a[ACCESS], group:adm:a[ACCESS], group:systemd-journal:a[ACCESS]]}
2024-05-01 12:56:03,573 [main] INFO  ozone.TestHSync (TestHSync.java:runTestHSync(369)) - runTestHSync /file3 with size 1024, skipLength=1127
2024-05-01 12:56:03,579 [IPC Server handler 5 on default port 15004] DEBUG key.OMKeyCommitRequestWithFSO (OMKeyCommitRequestWithFSO.java:validateAndUpdateCache(110)) - isHSync = true, volumeName = volume92500, bucketName = bucket83190, keyName = file3
2024-05-01 12:56:03,580 [IPC Server handler 5 on default port 15004] DEBUG key.OMKeyCommitRequestWithFSO (OMKeyCommitRequestWithFSO.java:validateAndUpdateCache(282)) - Key commit succeeded with isHSync = true, omKeyInfo = OmKeyInfo{volumeName='volume92500', bucketName='bucket83190', keyName='file3', dataSize=2151, keyLocationVersions=[version:0 isMultipartKey:false conID 3 locID 113750153625600143 bcsID 0 || ], creationTime=1714568163520, modificationTime=1714568163579, replicationConfig=RATIS/THREE, encInfo=null, fileChecksum=null, isFile=true, fileName='file3', acls=[user:runner:a[ACCESS], group:docker:a[ACCESS], group:adm:a[ACCESS], group:systemd-journal:a[ACCESS]]}
2024-05-01 12:56:03,588 [main] INFO  ozone.TestHSync (TestHSync.java:runTestHSync(369)) - runTestHSync /file3 with size 1025, skipLength=2151
2024-05-01 12:56:03,592 [IPC Server handler 9 on default port 15004] DEBUG key.OMKeyCommitRequestWithFSO (OMKeyCommitRequestWithFSO.java:validateAndUpdateCache(110)) - isHSync = true, volumeName = volume92500, bucketName = bucket83190, keyName = file3
2024-05-01 12:56:03,593 [IPC Server handler 9 on default port 15004] DEBUG key.OMKeyCommitRequestWithFSO (OMKeyCommitRequestWithFSO.java:validateAndUpdateCache(282)) - Key commit succeeded with isHSync = true, omKeyInfo = OmKeyInfo{volumeName='volume92500', bucketName='bucket83190', keyName='file3', dataSize=3176, keyLocationVersions=[version:0 isMultipartKey:false conID 3 locID 113750153625600143 bcsID 0 || ], creationTime=1714568163520, modificationTime=1714568163592, replicationConfig=RATIS/THREE, encInfo=null, fileChecksum=null, isFile=true, fileName='file3', acls=[user:runner:a[ACCESS], group:docker:a[ACCESS], group:adm:a[ACCESS], group:systemd-journal:a[ACCESS]]}
2024-05-01 12:56:03,602 [main] INFO  ozone.TestHSync (TestHSync.java:runTestHSync(369)) - runTestHSync /file3 with size 32767, skipLength=3176
2024-05-01 12:56:03,608 [IPC Server handler 6 on default port 15004] DEBUG key.OMKeyCommitRequestWithFSO (OMKeyCommitRequestWithFSO.java:validateAndUpdateCache(110)) - isHSync = true, volumeName = volume92500, bucketName = bucket83190, keyName = file3
2024-05-01 12:56:03,608 [IPC Server handler 6 on default port 15004] DEBUG key.OMKeyCommitRequestWithFSO (OMKeyCommitRequestWithFSO.java:validateAndUpdateCache(282)) - Key commit succeeded with isHSync = true, omKeyInfo = OmKeyInfo{volumeName='volume92500', bucketName='bucket83190', keyName='file3', dataSize=35943, keyLocationVersions=[version:0 isMultipartKey:false conID 3 locID 113750153625600143 bcsID 0 || ], creationTime=1714568163520, modificationTime=1714568163608, replicationConfig=RATIS/THREE, encInfo=null, fileChecksum=null, isFile=true, fileName='file3', acls=[user:runner:a[ACCESS], group:docker:a[ACCESS], group:adm:a[ACCESS], group:systemd-journal:a[ACCESS]]}
2024-05-01 12:56:03,617 [main] INFO  ozone.TestHSync (TestHSync.java:runTestHSync(369)) - runTestHSync /file3 with size 32768, skipLength=35943
2024-05-01 12:56:03,624 [IPC Server handler 10 on default port 15004] DEBUG key.OMKeyCommitRequestWithFSO (OMKeyCommitRequestWithFSO.java:validateAndUpdateCache(110)) - isHSync = true, volumeName = volume92500, bucketName = bucket83190, keyName = file3
2024-05-01 12:56:03,624 [IPC Server handler 10 on default port 15004] DEBUG key.OMKeyCommitRequestWithFSO (OMKeyCommitRequestWithFSO.java:validateAndUpdateCache(282)) - Key commit succeeded with isHSync = true, omKeyInfo = OmKeyInfo{volumeName='volume92500', bucketName='bucket83190', keyName='file3', dataSize=68711, keyLocationVersions=[version:0 isMultipartKey:false conID 3 locID 113750153625600143 bcsID 0 || ], creationTime=1714568163520, modificationTime=1714568163624, replicationConfig=RATIS/THREE, encInfo=null, fileChecksum=null, isFile=true, fileName='file3', acls=[user:runner:a[ACCESS], group:docker:a[ACCESS], group:adm:a[ACCESS], group:systemd-journal:a[ACCESS]]}
2024-05-01 12:56:03,634 [main] INFO  ozone.TestHSync (TestHSync.java:runTestHSync(369)) - runTestHSync /file3 with size 32769, skipLength=68711
2024-05-01 12:56:03,643 [IPC Server handler 13 on default port 15004] DEBUG key.OMKeyCommitRequestWithFSO (OMKeyCommitRequestWithFSO.java:validateAndUpdateCache(110)) - isHSync = true, volumeName = volume92500, bucketName = bucket83190, keyName = file3
2024-05-01 12:56:03,644 [IPC Server handler 13 on default port 15004] DEBUG key.OMKeyCommitRequestWithFSO (OMKeyCommitRequestWithFSO.java:validateAndUpdateCache(282)) - Key commit succeeded with isHSync = true, omKeyInfo = OmKeyInfo{volumeName='volume92500', bucketName='bucket83190', keyName='file3', dataSize=101480, keyLocationVersions=[version:0 isMultipartKey:false conID 3 locID 113750153625600143 bcsID 0 || ], creationTime=1714568163520, modificationTime=1714568163643, replicationConfig=RATIS/THREE, encInfo=null, fileChecksum=null, isFile=true, fileName='file3', acls=[user:runner:a[ACCESS], group:docker:a[ACCESS], group:adm:a[ACCESS], group:systemd-journal:a[ACCESS]]}
2024-05-01 12:56:03,656 [main] INFO  ozone.TestHSync (TestHSync.java:runTestHSync(369)) - runTestHSync /file3 with size 1048575, skipLength=101480
2024-05-01 12:56:03,829 [IPC Server handler 3 on default port 15004] DEBUG key.OMKeyCommitRequestWithFSO (OMKeyCommitRequestWithFSO.java:validateAndUpdateCache(110)) - isHSync = true, volumeName = volume92500, bucketName = bucket83190, keyName = file3
2024-05-01 12:56:03,830 [IPC Server handler 3 on default port 15004] DEBUG key.OMKeyCommitRequestWithFSO (OMKeyCommitRequestWithFSO.java:validateAndUpdateCache(282)) - Key commit succeeded with isHSync = true, omKeyInfo = OmKeyInfo{volumeName='volume92500', bucketName='bucket83190', keyName='file3', dataSize=1150055, keyLocationVersions=[version:0 isMultipartKey:false conID 3 locID 113750153625600143 bcsID 3105 || conID 1 locID 113750153625600144 bcsID 4190 || conID 4 locID 113750153625600145 bcsID 3128 || conID 3 locID 113750153625600146 bcsID 3153 || conID 4 locID 113750153625600147 bcsID 3179 || conID 3 locID 113750153625600148 bcsID 3202 || conID 2 locID 113750153625600149 bcsID 4217 || conID 4 locID 113750153625600150 bcsID 3231 || conID 1 locID 113750153625600151 bcsID 0 || ], creationTime=1714568163520, modificationTime=1714568163829, replicationConfig=RATIS/THREE, encInfo=null, fileChecksum=null, isFile=true, fileName='file3', acls=[user:runner:a[ACCESS], group:docker:a[ACCESS], group:adm:a[ACCESS], group:systemd-journal:a[ACCESS]]}
2024-05-01 12:56:03,883 [main] INFO  ozone.TestHSync (TestHSync.java:runTestHSync(369)) - runTestHSync /file3 with size 1048576, skipLength=1150055
2024-05-01 12:56:04,058 [IPC Server handler 13 on default port 15004] DEBUG key.OMKeyCommitRequestWithFSO (OMKeyCommitRequestWithFSO.java:validateAndUpdateCache(110)) - isHSync = true, volumeName = volume92500, bucketName = bucket83190, keyName = file3
2024-05-01 12:56:04,059 [IPC Server handler 13 on default port 15004] DEBUG key.OMKeyCommitRequestWithFSO (OMKeyCommitRequestWithFSO.java:validateAndUpdateCache(282)) - Key commit succeeded with isHSync = true, omKeyInfo = OmKeyInfo{volumeName='volume92500', bucketName='bucket83190', keyName='file3', dataSize=2198631, keyLocationVersions=[version:0 isMultipartKey:false conID 3 locID 113750153625600143 bcsID 3105 || conID 1 locID 113750153625600144 bcsID 4190 || conID 4 locID 113750153625600145 bcsID 3128 || conID 3 locID 113750153625600146 bcsID 3153 || conID 4 locID 113750153625600147 bcsID 3179 || conID 3 locID 113750153625600148 bcsID 3202 || conID 2 locID 113750153625600149 bcsID 4217 || conID 4 locID 113750153625600150 bcsID 3231 || conID 1 locID 113750153625600151 bcsID 4247 || conID 2 locID 113750153625600152 bcsID 4270 || conID 1 locID 113750153625600153 bcsID 4296 || conID 2 locID 113750153625600154 bcsID 4322 || conID 3 locID 113750153625600155 bcsID 3256 || conID 4 locID 113750153625600156 bcsID 3282 || conID 3 locID 113750153625600157 bcsID 3305 || conID 4 locID 113750153625600158 bcsID 3334 || conID 3 locID 113750153625600159 bcsID 0 || ], creationTime=1714568163520, modificationTime=1714568164058, replicationConfig=RATIS/THREE, encInfo=null, fileChecksum=null, isFile=true, fileName='file3', acls=[user:runner:a[ACCESS], group:docker:a[ACCESS], group:adm:a[ACCESS], group:systemd-journal:a[ACCESS]]}
2024-05-01 12:56:04,167 [main] INFO  ozone.TestHSync (TestHSync.java:runTestHSync(369)) - runTestHSync /file3 with size 1048577, skipLength=2198631
2024-05-01 12:56:04,361 [IPC Server handler 3 on default port 15004] DEBUG key.OMKeyCommitRequestWithFSO (OMKeyCommitRequestWithFSO.java:validateAndUpdateCache(110)) - isHSync = true, volumeName = volume92500, bucketName = bucket83190, keyName = file3
2024-05-01 12:56:04,362 [IPC Server handler 3 on default port 15004] DEBUG key.OMKeyCommitRequestWithFSO (OMKeyCommitRequestWithFSO.java:validateAndUpdateCache(282)) - Key commit succeeded with isHSync = true, omKeyInfo = OmKeyInfo{volumeName='volume92500', bucketName='bucket83190', keyName='file3', dataSize=3247208, keyLocationVersions=[version:0 isMultipartKey:false conID 3 locID 113750153625600143 bcsID 3105 || conID 1 locID 113750153625600144 bcsID 4190 || conID 4 locID 113750153625600145 bcsID 3128 || conID 3 locID 113750153625600146 bcsID 3153 || conID 4 locID 113750153625600147 bcsID 3179 || conID 3 locID 113750153625600148 bcsID 3202 || conID 2 locID 113750153625600149 bcsID 4217 || conID 4 locID 113750153625600150 bcsID 3231 || conID 1 locID 113750153625600151 bcsID 4247 || conID 2 locID 113750153625600152 bcsID 4270 || conID 1 locID 113750153625600153 bcsID 4296 || conID 2 locID 113750153625600154 bcsID 4322 || conID 3 locID 113750153625600155 bcsID 3256 || conID 4 locID 113750153625600156 bcsID 3282 || conID 3 locID 113750153625600157 bcsID 3305 || conID 4 locID 113750153625600158 bcsID 3334 || conID 3 locID 113750153625600159 bcsID 3364 || conID 1 locID 113750153625600160 bcsID 4349 || conID 4 locID 113750153625600161 bcsID 3388 || conID 2 locID 113750153625600162 bcsID 4372 || conID 1 locID 113750153625600163 bcsID 4400 || conID 2 locID 113750153625600164 bcsID 4422 || conID 1 locID 113750153625600165 bcsID 4448 || conID 2 locID 113750153625600166 bcsID 4474 || conID 1 locID 113750153625600167 bcsID 0 || ], creationTime=1714568163520, modificationTime=1714568164361, replicationConfig=RATIS/THREE, encInfo=null, fileChecksum=null, isFile=true, fileName='file3', acls=[user:runner:a[ACCESS], group:docker:a[ACCESS], group:adm:a[ACCESS], group:systemd-journal:a[ACCESS]]}
2024-05-01 12:56:04,544 [IPC Server handler 5 on default port 15004] DEBUG key.OMKeyCommitRequestWithFSO (OMKeyCommitRequestWithFSO.java:validateAndUpdateCache(110)) - isHSync = false, volumeName = volume92500, bucketName = bucket83190, keyName = file3
2024-05-01 12:56:04,545 [IPC Server handler 5 on default port 15004] DEBUG key.OMKeyCommitRequestWithFSO (OMKeyCommitRequestWithFSO.java:validateAndUpdateCache(282)) - Key commit succeeded with isHSync = false, omKeyInfo = OmKeyInfo{volumeName='volume92500', bucketName='bucket83190', keyName='file3', dataSize=3247208, keyLocationVersions=[version:0 isMultipartKey:false conID 3 locID 113750153625600143 bcsID 3105 || conID 1 locID 113750153625600144 bcsID 4190 || conID 4 locID 113750153625600145 bcsID 3128 || conID 3 locID 113750153625600146 bcsID 3153 || conID 4 locID 113750153625600147 bcsID 3179 || conID 3 locID 113750153625600148 bcsID 3202 || conID 2 locID 113750153625600149 bcsID 4217 || conID 4 locID 113750153625600150 bcsID 3231 || conID 1 locID 113750153625600151 bcsID 4247 || conID 2 locID 113750153625600152 bcsID 4270 || conID 1 locID 113750153625600153 bcsID 4296 || conID 2 locID 113750153625600154 bcsID 4322 || conID 3 locID 113750153625600155 bcsID 3256 || conID 4 locID 113750153625600156 bcsID 3282 || conID 3 locID 113750153625600157 bcsID 3305 || conID 4 locID 113750153625600158 bcsID 3334 || conID 3 locID 113750153625600159 bcsID 3364 || conID 1 locID 113750153625600160 bcsID 4349 || conID 4 locID 113750153625600161 bcsID 3388 || conID 2 locID 113750153625600162 bcsID 4372 || conID 1 locID 113750153625600163 bcsID 4400 || conID 2 locID 113750153625600164 bcsID 4422 || conID 1 locID 113750153625600165 bcsID 4448 || conID 2 locID 113750153625600166 bcsID 4474 || conID 1 locID 113750153625600167 bcsID 4499 || ], creationTime=1714568163520, modificationTime=1714568164544, replicationConfig=RATIS/THREE, encInfo=null, fileChecksum=null, isFile=true, fileName='file3', acls=[user:runner:a[ACCESS], group:docker:a[ACCESS], group:adm:a[ACCESS], group:systemd-journal:a[ACCESS]]}
2024-05-01 12:56:04,545 [IPC Server handler 5 on default port 15004] DEBUG key.OMKeyCommitRequest (OMKeyCommitRequest.java:processResult(412)) - Key committed. Volume:volume92500, Bucket:bucket83190, Key:file3
2024-05-01 12:56:04,548 [main] INFO  ozone.TestHSync (TestHSync.java:runTestHSync(369)) - runTestHSync /file4 with size 16, skipLength=0
2024-05-01 12:56:04,554 [IPC Server handler 9 on default port 15004] DEBUG key.OMKeyCommitRequestWithFSO (OMKeyCommitRequestWithFSO.java:validateAndUpdateCache(110)) - isHSync = true, volumeName = volume92500, bucketName = bucket83190, keyName = file4
2024-05-01 12:56:04,554 [IPC Server handler 9 on default port 15004] DEBUG key.OMKeyCommitRequestWithFSO (OMKeyCommitRequestWithFSO.java:validateAndUpdateCache(282)) - Key commit succeeded with isHSync = true, omKeyInfo = OmKeyInfo{volumeName='volume92500', bucketName='bucket83190', keyName='file4', dataSize=16, keyLocationVersions=[version:0 isMultipartKey:false conID 3 locID 113750153625600168 bcsID 0 || ], creationTime=1714568164547, modificationTime=1714568164554, replicationConfig=RATIS/THREE, encInfo=null, fileChecksum=null, isFile=true, fileName='file4', acls=[user:runner:a[ACCESS], group:docker:a[ACCESS], group:adm:a[ACCESS], group:systemd-journal:a[ACCESS]]}
2024-05-01 12:56:04,558 [main] INFO  ozone.TestHSync (TestHSync.java:runTestHSync(369)) - runTestHSync /file4 with size 31, skipLength=16
2024-05-01 12:56:04,562 [IPC Server handler 6 on default port 15004] DEBUG key.OMKeyCommitRequestWithFSO (OMKeyCommitRequestWithFSO.java:validateAndUpdateCache(110)) - isHSync = true, volumeName = volume92500, bucketName = bucket83190, keyName = file4
2024-05-01 12:56:04,562 [IPC Server handler 6 on default port 15004] DEBUG key.OMKeyCommitRequestWithFSO (OMKeyCommitRequestWithFSO.java:validateAndUpdateCache(282)) - Key commit succeeded with isHSync = true, omKeyInfo = OmKeyInfo{volumeName='volume92500', bucketName='bucket83190', keyName='file4', dataSize=47, keyLocationVersions=[version:0 isMultipartKey:false conID 3 locID 113750153625600168 bcsID 0 || ], creationTime=1714568164547, modificationTime=1714568164562, replicationConfig=RATIS/THREE, encInfo=null, fileChecksum=null, isFile=true, fileName='file4', acls=[user:runner:a[ACCESS], group:docker:a[ACCESS], group:adm:a[ACCESS], group:systemd-journal:a[ACCESS]]}
2024-05-01 12:56:04,566 [main] INFO  ozone.TestHSync (TestHSync.java:runTestHSync(369)) - runTestHSync /file4 with size 32, skipLength=47
2024-05-01 12:56:04,570 [IPC Server handler 10 on default port 15004] DEBUG key.OMKeyCommitRequestWithFSO (OMKeyCommitRequestWithFSO.java:validateAndUpdateCache(110)) - isHSync = true, volumeName = volume92500, bucketName = bucket83190, keyName = file4
2024-05-01 12:56:04,571 [IPC Server handler 10 on default port 15004] DEBUG key.OMKeyCommitRequestWithFSO (OMKeyCommitRequestWithFSO.java:validateAndUpdateCache(282)) - Key commit succeeded with isHSync = true, omKeyInfo = OmKeyInfo{volumeName='volume92500', bucketName='bucket83190', keyName='file4', dataSize=79, keyLocationVersions=[version:0 isMultipartKey:false conID 3 locID 113750153625600168 bcsID 0 || ], creationTime=1714568164547, modificationTime=1714568164570, replicationConfig=RATIS/THREE, encInfo=null, fileChecksum=null, isFile=true, fileName='file4', acls=[user:runner:a[ACCESS], group:docker:a[ACCESS], group:adm:a[ACCESS], group:systemd-journal:a[ACCESS]]}
2024-05-01 12:56:04,575 [main] INFO  ozone.TestHSync (TestHSync.java:runTestHSync(369)) - runTestHSync /file4 with size 33, skipLength=79
2024-05-01 12:56:04,579 [IPC Server handler 13 on default port 15004] DEBUG key.OMKeyCommitRequestWithFSO (OMKeyCommitRequestWithFSO.java:validateAndUpdateCache(110)) - isHSync = true, volumeName = volume92500, bucketName = bucket83190, keyName = file4
2024-05-01 12:56:04,580 [IPC Server handler 13 on default port 15004] DEBUG key.OMKeyCommitRequestWithFSO (OMKeyCommitRequestWithFSO.java:validateAndUpdateCache(282)) - Key commit succeeded with isHSync = true, omKeyInfo = OmKeyInfo{volumeName='volume92500', bucketName='bucket83190', keyName='file4', dataSize=112, keyLocationVersions=[version:0 isMultipartKey:false conID 3 locID 113750153625600168 bcsID 0 || ], creationTime=1714568164547, modificationTime=1714568164579, replicationConfig=RATIS/THREE, encInfo=null, fileChecksum=null, isFile=true, fileName='file4', acls=[user:runner:a[ACCESS], group:docker:a[ACCESS], group:adm:a[ACCESS], group:systemd-journal:a[ACCESS]]}
2024-05-01 12:56:04,585 [main] INFO  ozone.TestHSync (TestHSync.java:runTestHSync(369)) - runTestHSync /file4 with size 1023, skipLength=112
2024-05-01 12:56:04,590 [IPC Server handler 15 on default port 15004] DEBUG key.OMKeyCommitRequestWithFSO (OMKeyCommitRequestWithFSO.java:validateAndUpdateCache(110)) - isHSync = true, volumeName = volume92500, bucketName = bucket83190, keyName = file4
2024-05-01 12:56:04,590 [IPC Server handler 15 on default port 15004] DEBUG key.OMKeyCommitRequestWithFSO (OMKeyCommitRequestWithFSO.java:validateAndUpdateCache(282)) - Key commit succeeded with isHSync = true, omKeyInfo = OmKeyInfo{volumeName='volume92500', bucketName='bucket83190', keyName='file4', dataSize=1135, keyLocationVersions=[version:0 isMultipartKey:false conID 3 locID 113750153625600168 bcsID 0 || ], creationTime=1714568164547, modificationTime=1714568164590, replicationConfig=RATIS/THREE, encInfo=null, fileChecksum=null, isFile=true, fileName='file4', acls=[user:runner:a[ACCESS], group:docker:a[ACCESS], group:adm:a[ACCESS], group:systemd-journal:a[ACCESS]]}
2024-05-01 12:56:04,595 [main] INFO  ozone.TestHSync (TestHSync.java:runTestHSync(369)) - runTestHSync /file4 with size 1024, skipLength=1135
2024-05-01 12:56:04,600 [IPC Server handler 17 on default port 15004] DEBUG key.OMKeyCommitRequestWithFSO (OMKeyCommitRequestWithFSO.java:validateAndUpdateCache(110)) - isHSync = true, volumeName = volume92500, bucketName = bucket83190, keyName = file4
2024-05-01 12:56:04,601 [IPC Server handler 17 on default port 15004] DEBUG key.OMKeyCommitRequestWithFSO (OMKeyCommitRequestWithFSO.java:validateAndUpdateCache(282)) - Key commit succeeded with isHSync = true, omKeyInfo = OmKeyInfo{volumeName='volume92500', bucketName='bucket83190', keyName='file4', dataSize=2159, keyLocationVersions=[version:0 isMultipartKey:false conID 3 locID 113750153625600168 bcsID 0 || ], creationTime=1714568164547, modificationTime=1714568164600, replicationConfig=RATIS/THREE, encInfo=null, fileChecksum=null, isFile=true, fileName='file4', acls=[user:runner:a[ACCESS], group:docker:a[ACCESS], group:adm:a[ACCESS], group:systemd-journal:a[ACCESS]]}
2024-05-01 12:56:04,607 [main] INFO  ozone.TestHSync (TestHSync.java:runTestHSync(369)) - runTestHSync /file4 with size 1025, skipLength=2159
2024-05-01 12:56:04,615 [IPC Server handler 18 on default port 15004] DEBUG key.OMKeyCommitRequestWithFSO (OMKeyCommitRequestWithFSO.java:validateAndUpdateCache(110)) - isHSync = true, volumeName = volume92500, bucketName = bucket83190, keyName = file4
2024-05-01 12:56:04,615 [IPC Server handler 18 on default port 15004] DEBUG key.OMKeyCommitRequestWithFSO (OMKeyCommitRequestWithFSO.java:validateAndUpdateCache(282)) - Key commit succeeded with isHSync = true, omKeyInfo = OmKeyInfo{volumeName='volume92500', bucketName='bucket83190', keyName='file4', dataSize=3184, keyLocationVersions=[version:0 isMultipartKey:false conID 3 locID 113750153625600168 bcsID 0 || ], creationTime=1714568164547, modificationTime=1714568164615, replicationConfig=RATIS/THREE, encInfo=null, fileChecksum=null, isFile=true, fileName='file4', acls=[user:runner:a[ACCESS], group:docker:a[ACCESS], group:adm:a[ACCESS], group:systemd-journal:a[ACCESS]]}
2024-05-01 12:56:04,623 [main] INFO  ozone.TestHSync (TestHSync.java:runTestHSync(369)) - runTestHSync /file4 with size 32767, skipLength=3184
2024-05-01 12:56:04,628 [IPC Server handler 1 on default port 15004] DEBUG key.OMKeyCommitRequestWithFSO (OMKeyCommitRequestWithFSO.java:validateAndUpdateCache(110)) - isHSync = true, volumeName = volume92500, bucketName = bucket83190, keyName = file4
2024-05-01 12:56:04,628 [IPC Server handler 1 on default port 15004] DEBUG key.OMKeyCommitRequestWithFSO (OMKeyCommitRequestWithFSO.java:validateAndUpdateCache(282)) - Key commit succeeded with isHSync = true, omKeyInfo = OmKeyInfo{volumeName='volume92500', bucketName='bucket83190', keyName='file4', dataSize=35951, keyLocationVersions=[version:0 isMultipartKey:false conID 3 locID 113750153625600168 bcsID 0 || ], creationTime=1714568164547, modificationTime=1714568164628, replicationConfig=RATIS/THREE, encInfo=null, fileChecksum=null, isFile=true, fileName='file4', acls=[user:runner:a[ACCESS], group:docker:a[ACCESS], group:adm:a[ACCESS], group:systemd-journal:a[ACCESS]]}
2024-05-01 12:56:04,637 [main] INFO  ozone.TestHSync (TestHSync.java:runTestHSync(369)) - runTestHSync /file4 with size 32768, skipLength=35951
2024-05-01 12:56:04,642 [IPC Server handler 3 on default port 15004] DEBUG key.OMKeyCommitRequestWithFSO (OMKeyCommitRequestWithFSO.java:validateAndUpdateCache(110)) - isHSync = true, volumeName = volume92500, bucketName = bucket83190, keyName = file4
2024-05-01 12:56:04,642 [IPC Server handler 3 on default port 15004] DEBUG key.OMKeyCommitRequestWithFSO (OMKeyCommitRequestWithFSO.java:validateAndUpdateCache(282)) - Key commit succeeded with isHSync = true, omKeyInfo = OmKeyInfo{volumeName='volume92500', bucketName='bucket83190', keyName='file4', dataSize=68719, keyLocationVersions=[version:0 isMultipartKey:false conID 3 locID 113750153625600168 bcsID 0 || ], creationTime=1714568164547, modificationTime=1714568164642, replicationConfig=RATIS/THREE, encInfo=null, fileChecksum=null, isFile=true, fileName='file4', acls=[user:runner:a[ACCESS], group:docker:a[ACCESS], group:adm:a[ACCESS], group:systemd-journal:a[ACCESS]]}
2024-05-01 12:56:04,652 [main] INFO  ozone.TestHSync (TestHSync.java:runTestHSync(369)) - runTestHSync /file4 with size 32769, skipLength=68719
2024-05-01 12:56:04,659 [IPC Server handler 5 on default port 15004] DEBUG key.OMKeyCommitRequestWithFSO (OMKeyCommitRequestWithFSO.java:validateAndUpdateCache(110)) - isHSync = true, volumeName = volume92500, bucketName = bucket83190, keyName = file4
2024-05-01 12:56:04,659 [IPC Server handler 5 on default port 15004] DEBUG key.OMKeyCommitRequestWithFSO (OMKeyCommitRequestWithFSO.java:validateAndUpdateCache(282)) - Key commit succeeded with isHSync = true, omKeyInfo = OmKeyInfo{volumeName='volume92500', bucketName='bucket83190', keyName='file4', dataSize=101488, keyLocationVersions=[version:0 isMultipartKey:false conID 3 locID 113750153625600168 bcsID 0 || ], creationTime=1714568164547, modificationTime=1714568164659, replicationConfig=RATIS/THREE, encInfo=null, fileChecksum=null, isFile=true, fileName='file4', acls=[user:runner:a[ACCESS], group:docker:a[ACCESS], group:adm:a[ACCESS], group:systemd-journal:a[ACCESS]]}
2024-05-01 12:56:04,671 [main] INFO  ozone.TestHSync (TestHSync.java:runTestHSync(369)) - runTestHSync /file4 with size 1048575, skipLength=101488
2024-05-01 12:56:04,812 [IPC Server handler 15 on default port 15004] DEBUG key.OMKeyCommitRequestWithFSO (OMKeyCommitRequestWithFSO.java:validateAndUpdateCache(110)) - isHSync = true, volumeName = volume92500, bucketName = bucket83190, keyName = file4
2024-05-01 12:56:04,813 [IPC Server handler 15 on default port 15004] DEBUG key.OMKeyCommitRequestWithFSO (OMKeyCommitRequestWithFSO.java:validateAndUpdateCache(282)) - Key commit succeeded with isHSync = true, omKeyInfo = OmKeyInfo{volumeName='volume92500', bucketName='bucket83190', keyName='file4', dataSize=1150063, keyLocationVersions=[version:0 isMultipartKey:false conID 3 locID 113750153625600168 bcsID 3446 || conID 4 locID 113750153625600169 bcsID 3469 || conID 3 locID 113750153625600170 bcsID 3495 || conID 2 locID 113750153625600171 bcsID 4524 || conID 1 locID 113750153625600172 bcsID 4552 || conID 2 locID 113750153625600173 bcsID 4575 || conID 4 locID 113750153625600174 bcsID 3521 || conID 3 locID 113750153625600175 bcsID 3547 || conID 1 locID 113750153625600176 bcsID 0 || ], creationTime=1714568164547, modificationTime=1714568164812, replicationConfig=RATIS/THREE, encInfo=null, fileChecksum=null, isFile=true, fileName='file4', acls=[user:runner:a[ACCESS], group:docker:a[ACCESS], group:adm:a[ACCESS], group:systemd-journal:a[ACCESS]]}
2024-05-01 12:56:04,883 [main] INFO  ozone.TestHSync (TestHSync.java:runTestHSync(369)) - runTestHSync /file4 with size 1048576, skipLength=1150063
2024-05-01 12:56:04,914 [c295f4f7-47ca-4d10-9ebb-4593c2ae9392-BlockDeletingService#1] INFO  interfaces.ContainerDeletionChoosingPolicyTemplate (ContainerDeletionChoosingPolicyTemplate.java:chooseContainerForBlockDeletion(85)) - Chosen 0/5000 blocks from 0 candidate containers.
2024-05-01 12:56:05,023 [ecc75df6-d5dc-41ae-ba3b-f79f41a241c0-BlockDeletingService#1] INFO  interfaces.ContainerDeletionChoosingPolicyTemplate (ContainerDeletionChoosingPolicyTemplate.java:chooseContainerForBlockDeletion(85)) - Chosen 0/5000 blocks from 0 candidate containers.
2024-05-01 12:56:05,059 [IPC Server handler 5 on default port 15004] DEBUG key.OMKeyCommitRequestWithFSO (OMKeyCommitRequestWithFSO.java:validateAndUpdateCache(110)) - isHSync = true, volumeName = volume92500, bucketName = bucket83190, keyName = file4
2024-05-01 12:56:05,060 [IPC Server handler 5 on default port 15004] DEBUG key.OMKeyCommitRequestWithFSO (OMKeyCommitRequestWithFSO.java:validateAndUpdateCache(282)) - Key commit succeeded with isHSync = true, omKeyInfo = OmKeyInfo{volumeName='volume92500', bucketName='bucket83190', keyName='file4', dataSize=2198639, keyLocationVersions=[version:0 isMultipartKey:false conID 3 locID 113750153625600168 bcsID 3446 || conID 4 locID 113750153625600169 bcsID 3469 || conID 3 locID 113750153625600170 bcsID 3495 || conID 2 locID 113750153625600171 bcsID 4524 || conID 1 locID 113750153625600172 bcsID 4552 || conID 2 locID 113750153625600173 bcsID 4575 || conID 4 locID 113750153625600174 bcsID 3521 || conID 3 locID 113750153625600175 bcsID 3547 || conID 1 locID 113750153625600176 bcsID 4603 || conID 2 locID 113750153625600177 bcsID 4627 || conID 1 locID 113750153625600178 bcsID 4654 || conID 2 locID 113750153625600179 bcsID 4678 || conID 1 locID 113750153625600180 bcsID 4706 || conID 4 locID 113750153625600181 bcsID 3574 || conID 3 locID 113750153625600182 bcsID 3599 || conID 2 locID 113750153625600183 bcsID 4730 || conID 4 locID 113750153625600184 bcsID 0 || ], creationTime=1714568164547, modificationTime=1714568165059, replicationConfig=RATIS/THREE, encInfo=null, fileChecksum=null, isFile=true, fileName='file4', acls=[user:runner:a[ACCESS], group:docker:a[ACCESS], group:adm:a[ACCESS], group:systemd-journal:a[ACCESS]]}
2024-05-01 12:56:05,139 [0b8788a4-af67-4f94-8d32-9aacd2c0cd39-BlockDeletingService#0] INFO  interfaces.ContainerDeletionChoosingPolicyTemplate (ContainerDeletionChoosingPolicyTemplate.java:chooseContainerForBlockDeletion(85)) - Chosen 0/5000 blocks from 0 candidate containers.
2024-05-01 12:56:05,171 [main] INFO  ozone.TestHSync (TestHSync.java:runTestHSync(369)) - runTestHSync /file4 with size 1048577, skipLength=2198639
2024-05-01 12:56:05,239 [0dfdbd8d-2102-4774-83ae-6963d130d089-BlockDeletingService#1] INFO  interfaces.ContainerDeletionChoosingPolicyTemplate (ContainerDeletionChoosingPolicyTemplate.java:chooseContainerForBlockDeletion(85)) - Chosen 0/5000 blocks from 0 candidate containers.
2024-05-01 12:56:05,331 [IPC Server handler 15 on default port 15004] DEBUG key.OMKeyCommitRequestWithFSO (OMKeyCommitRequestWithFSO.java:validateAndUpdateCache(110)) - isHSync = true, volumeName = volume92500, bucketName = bucket83190, keyName = file4
2024-05-01 12:56:05,331 [IPC Server handler 15 on default port 15004] DEBUG key.OMKeyCommitRequestWithFSO (OMKeyCommitRequestWithFSO.java:validateAndUpdateCache(282)) - Key commit succeeded with isHSync = true, omKeyInfo = OmKeyInfo{volumeName='volume92500', bucketName='bucket83190', keyName='file4', dataSize=3247216, keyLocationVersions=[version:0 isMultipartKey:false conID 3 locID 113750153625600168 bcsID 3446 || conID 4 locID 113750153625600169 bcsID 3469 || conID 3 locID 113750153625600170 bcsID 3495 || conID 2 locID 113750153625600171 bcsID 4524 || conID 1 locID 113750153625600172 bcsID 4552 || conID 2 locID 113750153625600173 bcsID 4575 || conID 4 locID 113750153625600174 bcsID 3521 || conID 3 locID 113750153625600175 bcsID 3547 || conID 1 locID 113750153625600176 bcsID 4603 || conID 2 locID 113750153625600177 bcsID 4627 || conID 1 locID 113750153625600178 bcsID 4654 || conID 2 locID 113750153625600179 bcsID 4678 || conID 1 locID 113750153625600180 bcsID 4706 || conID 4 locID 113750153625600181 bcsID 3574 || conID 3 locID 113750153625600182 bcsID 3599 || conID 2 locID 113750153625600183 bcsID 4730 || conID 4 locID 113750153625600184 bcsID 3629 || conID 3 locID 113750153625600185 bcsID 3655 || conID 1 locID 113750153625600186 bcsID 4756 || conID 4 locID 113750153625600187 bcsID 3679 || conID 2 locID 113750153625600188 bcsID 4782 || conID 1 locID 113750153625600189 bcsID 4808 || conID 3 locID 113750153625600190 bcsID 3702 || conID 4 locID 113750153625600191 bcsID 3732 || conID 2 locID 113750153625600192 bcsID 0 || ], creationTime=1714568164547, modificationTime=1714568165330, replicationConfig=RATIS/THREE, encInfo=null, fileChecksum=null, isFile=true, fileName='file4', acls=[user:runner:a[ACCESS], group:docker:a[ACCESS], group:adm:a[ACCESS], group:systemd-journal:a[ACCESS]]}
2024-05-01 12:56:05,347 [cc312cbd-5864-4d09-a788-f17d7b1bbf09-BlockDeletingService#1] INFO  interfaces.ContainerDeletionChoosingPolicyTemplate (ContainerDeletionChoosingPolicyTemplate.java:chooseContainerForBlockDeletion(85)) - Chosen 0/5000 blocks from 0 candidate containers.
2024-05-01 12:56:05,467 [IPC Server handler 17 on default port 15004] DEBUG key.OMKeyCommitRequestWithFSO (OMKeyCommitRequestWithFSO.java:validateAndUpdateCache(110)) - isHSync = false, volumeName = volume92500, bucketName = bucket83190, keyName = file4
2024-05-01 12:56:05,468 [IPC Server handler 17 on default port 15004] DEBUG key.OMKeyCommitRequestWithFSO (OMKeyCommitRequestWithFSO.java:validateAndUpdateCache(282)) - Key commit succeeded with isHSync = false, omKeyInfo = OmKeyInfo{volumeName='volume92500', bucketName='bucket83190', keyName='file4', dataSize=3247216, keyLocationVersions=[version:0 isMultipartKey:false conID 3 locID 113750153625600168 bcsID 3446 || conID 4 locID 113750153625600169 bcsID 3469 || conID 3 locID 113750153625600170 bcsID 3495 || conID 2 locID 113750153625600171 bcsID 4524 || conID 1 locID 113750153625600172 bcsID 4552 || conID 2 locID 113750153625600173 bcsID 4575 || conID 4 locID 113750153625600174 bcsID 3521 || conID 3 locID 113750153625600175 bcsID 3547 || conID 1 locID 113750153625600176 bcsID 4603 || conID 2 locID 113750153625600177 bcsID 4627 || conID 1 locID 113750153625600178 bcsID 4654 || conID 2 locID 113750153625600179 bcsID 4678 || conID 1 locID 113750153625600180 bcsID 4706 || conID 4 locID 113750153625600181 bcsID 3574 || conID 3 locID 113750153625600182 bcsID 3599 || conID 2 locID 113750153625600183 bcsID 4730 || conID 4 locID 113750153625600184 bcsID 3629 || conID 3 locID 113750153625600185 bcsID 3655 || conID 1 locID 113750153625600186 bcsID 4756 || conID 4 locID 113750153625600187 bcsID 3679 || conID 2 locID 113750153625600188 bcsID 4782 || conID 1 locID 113750153625600189 bcsID 4808 || conID 3 locID 113750153625600190 bcsID 3702 || conID 4 locID 113750153625600191 bcsID 3732 || conID 2 locID 113750153625600192 bcsID 4831 || ], creationTime=1714568164547, modificationTime=1714568165467, replicationConfig=RATIS/THREE, encInfo=null, fileChecksum=null, isFile=true, fileName='file4', acls=[user:runner:a[ACCESS], group:docker:a[ACCESS], group:adm:a[ACCESS], group:systemd-journal:a[ACCESS]]}
2024-05-01 12:56:05,468 [IPC Server handler 17 on default port 15004] DEBUG key.OMKeyCommitRequest (OMKeyCommitRequest.java:processResult(412)) - Key committed. Volume:volume92500, Bucket:bucket83190, Key:file4
2024-05-01 12:56:05,471 [main] INFO  ozone.TestHSync (TestHSync.java:runTestHSync(369)) - runTestHSync /file5 with size 32, skipLength=0
2024-05-01 12:56:05,476 [IPC Server handler 18 on default port 15004] DEBUG key.OMKeyCommitRequestWithFSO (OMKeyCommitRequestWithFSO.java:validateAndUpdateCache(110)) - isHSync = true, volumeName = volume92500, bucketName = bucket83190, keyName = file5
2024-05-01 12:56:05,476 [IPC Server handler 18 on default port 15004] DEBUG key.OMKeyCommitRequestWithFSO (OMKeyCommitRequestWithFSO.java:validateAndUpdateCache(282)) - Key commit succeeded with isHSync = true, omKeyInfo = OmKeyInfo{volumeName='volume92500', bucketName='bucket83190', keyName='file5', dataSize=32, keyLocationVersions=[version:0 isMultipartKey:false conID 1 locID 113750153625600193 bcsID 0 || ], creationTime=1714568165470, modificationTime=1714568165476, replicationConfig=RATIS/THREE, encInfo=null, fileChecksum=null, isFile=true, fileName='file5', acls=[user:runner:a[ACCESS], group:docker:a[ACCESS], group:adm:a[ACCESS], group:systemd-journal:a[ACCESS]]}
2024-05-01 12:56:05,480 [main] INFO  ozone.TestHSync (TestHSync.java:runTestHSync(369)) - runTestHSync /file5 with size 31, skipLength=32
2024-05-01 12:56:05,485 [IPC Server handler 1 on default port 15004] DEBUG key.OMKeyCommitRequestWithFSO (OMKeyCommitRequestWithFSO.java:validateAndUpdateCache(110)) - isHSync = true, volumeName = volume92500, bucketName = bucket83190, keyName = file5
2024-05-01 12:56:05,486 [IPC Server handler 1 on default port 15004] DEBUG key.OMKeyCommitRequestWithFSO (OMKeyCommitRequestWithFSO.java:validateAndUpdateCache(282)) - Key commit succeeded with isHSync = true, omKeyInfo = OmKeyInfo{volumeName='volume92500', bucketName='bucket83190', keyName='file5', dataSize=63, keyLocationVersions=[version:0 isMultipartKey:false conID 1 locID 113750153625600193 bcsID 0 || ], creationTime=1714568165470, modificationTime=1714568165485, replicationConfig=RATIS/THREE, encInfo=null, fileChecksum=null, isFile=true, fileName='file5', acls=[user:runner:a[ACCESS], group:docker:a[ACCESS], group:adm:a[ACCESS], group:systemd-journal:a[ACCESS]]}
2024-05-01 12:56:05,490 [main] INFO  ozone.TestHSync (TestHSync.java:runTestHSync(369)) - runTestHSync /file5 with size 32, skipLength=63
2024-05-01 12:56:05,495 [IPC Server handler 3 on default port 15004] DEBUG key.OMKeyCommitRequestWithFSO (OMKeyCommitRequestWithFSO.java:validateAndUpdateCache(110)) - isHSync = true, volumeName = volume92500, bucketName = bucket83190, keyName = file5
2024-05-01 12:56:05,495 [IPC Server handler 3 on default port 15004] DEBUG key.OMKeyCommitRequestWithFSO (OMKeyCommitRequestWithFSO.java:validateAndUpdateCache(282)) - Key commit succeeded with isHSync = true, omKeyInfo = OmKeyInfo{volumeName='volume92500', bucketName='bucket83190', keyName='file5', dataSize=95, keyLocationVersions=[version:0 isMultipartKey:false conID 1 locID 113750153625600193 bcsID 0 || ], creationTime=1714568165470, modificationTime=1714568165495, replicationConfig=RATIS/THREE, encInfo=null, fileChecksum=null, isFile=true, fileName='file5', acls=[user:runner:a[ACCESS], group:docker:a[ACCESS], group:adm:a[ACCESS], group:systemd-journal:a[ACCESS]]}
2024-05-01 12:56:05,499 [main] INFO  ozone.TestHSync (TestHSync.java:runTestHSync(369)) - runTestHSync /file5 with size 33, skipLength=95
2024-05-01 12:56:05,504 [IPC Server handler 5 on default port 15004] DEBUG key.OMKeyCommitRequestWithFSO (OMKeyCommitRequestWithFSO.java:validateAndUpdateCache(110)) - isHSync = true, volumeName = volume92500, bucketName = bucket83190, keyName = file5
2024-05-01 12:56:05,504 [IPC Server handler 5 on default port 15004] DEBUG key.OMKeyCommitRequestWithFSO (OMKeyCommitRequestWithFSO.java:validateAndUpdateCache(282)) - Key commit succeeded with isHSync = true, omKeyInfo = OmKeyInfo{volumeName='volume92500', bucketName='bucket83190', keyName='file5', dataSize=128, keyLocationVersions=[version:0 isMultipartKey:false conID 1 locID 113750153625600193 bcsID 0 || ], creationTime=1714568165470, modificationTime=1714568165504, replicationConfig=RATIS/THREE, encInfo=null, fileChecksum=null, isFile=true, fileName='file5', acls=[user:runner:a[ACCESS], group:docker:a[ACCESS], group:adm:a[ACCESS], group:systemd-journal:a[ACCESS]]}
2024-05-01 12:56:05,509 [main] INFO  ozone.TestHSync (TestHSync.java:runTestHSync(369)) - runTestHSync /file5 with size 1023, skipLength=128
2024-05-01 12:56:05,513 [IPC Server handler 9 on default port 15004] DEBUG key.OMKeyCommitRequestWithFSO (OMKeyCommitRequestWithFSO.java:validateAndUpdateCache(110)) - isHSync = true, volumeName = volume92500, bucketName = bucket83190, keyName = file5
2024-05-01 12:56:05,514 [IPC Server handler 9 on default port 15004] DEBUG key.OMKeyCommitRequestWithFSO (OMKeyCommitRequestWithFSO.java:validateAndUpdateCache(282)) - Key commit succeeded with isHSync = true, omKeyInfo = OmKeyInfo{volumeName='volume92500', bucketName='bucket83190', keyName='file5', dataSize=1151, keyLocationVersions=[version:0 isMultipartKey:false conID 1 locID 113750153625600193 bcsID 0 || ], creationTime=1714568165470, modificationTime=1714568165513, replicationConfig=RATIS/THREE, encInfo=null, fileChecksum=null, isFile=true, fileName='file5', acls=[user:runner:a[ACCESS], group:docker:a[ACCESS], group:adm:a[ACCESS], group:systemd-journal:a[ACCESS]]}
2024-05-01 12:56:05,520 [main] INFO  ozone.TestHSync (TestHSync.java:runTestHSync(369)) - runTestHSync /file5 with size 1024, skipLength=1151
2024-05-01 12:56:05,524 [IPC Server handler 6 on default port 15004] DEBUG key.OMKeyCommitRequestWithFSO (OMKeyCommitRequestWithFSO.java:validateAndUpdateCache(110)) - isHSync = true, volumeName = volume92500, bucketName = bucket83190, keyName = file5
2024-05-01 12:56:05,524 [IPC Server handler 6 on default port 15004] DEBUG key.OMKeyCommitRequestWithFSO (OMKeyCommitRequestWithFSO.java:validateAndUpdateCache(282)) - Key commit succeeded with isHSync = true, omKeyInfo = OmKeyInfo{volumeName='volume92500', bucketName='bucket83190', keyName='file5', dataSize=2175, keyLocationVersions=[version:0 isMultipartKey:false conID 1 locID 113750153625600193 bcsID 0 || ], creationTime=1714568165470, modificationTime=1714568165524, replicationConfig=RATIS/THREE, encInfo=null, fileChecksum=null, isFile=true, fileName='file5', acls=[user:runner:a[ACCESS], group:docker:a[ACCESS], group:adm:a[ACCESS], group:systemd-journal:a[ACCESS]]}
2024-05-01 12:56:05,530 [main] INFO  ozone.TestHSync (TestHSync.java:runTestHSync(369)) - runTestHSync /file5 with size 1025, skipLength=2175
2024-05-01 12:56:05,535 [IPC Server handler 10 on default port 15004] DEBUG key.OMKeyCommitRequestWithFSO (OMKeyCommitRequestWithFSO.java:validateAndUpdateCache(110)) - isHSync = true, volumeName = volume92500, bucketName = bucket83190, keyName = file5
2024-05-01 12:56:05,536 [IPC Server handler 10 on default port 15004] DEBUG key.OMKeyCommitRequestWithFSO (OMKeyCommitRequestWithFSO.java:validateAndUpdateCache(282)) - Key commit succeeded with isHSync = true, omKeyInfo = OmKeyInfo{volumeName='volume92500', bucketName='bucket83190', keyName='file5', dataSize=3200, keyLocationVersions=[version:0 isMultipartKey:false conID 1 locID 113750153625600193 bcsID 0 || ], creationTime=1714568165470, modificationTime=1714568165535, replicationConfig=RATIS/THREE, encInfo=null, fileChecksum=null, isFile=true, fileName='file5', acls=[user:runner:a[ACCESS], group:docker:a[ACCESS], group:adm:a[ACCESS], group:systemd-journal:a[ACCESS]]}
2024-05-01 12:56:05,542 [main] INFO  ozone.TestHSync (TestHSync.java:runTestHSync(369)) - runTestHSync /file5 with size 32767, skipLength=3200
2024-05-01 12:56:05,548 [IPC Server handler 13 on default port 15004] DEBUG key.OMKeyCommitRequestWithFSO (OMKeyCommitRequestWithFSO.java:validateAndUpdateCache(110)) - isHSync = true, volumeName = volume92500, bucketName = bucket83190, keyName = file5
2024-05-01 12:56:05,549 [IPC Server handler 13 on default port 15004] DEBUG key.OMKeyCommitRequestWithFSO (OMKeyCommitRequestWithFSO.java:validateAndUpdateCache(282)) - Key commit succeeded with isHSync = true, omKeyInfo = OmKeyInfo{volumeName='volume92500', bucketName='bucket83190', keyName='file5', dataSize=35967, keyLocationVersions=[version:0 isMultipartKey:false conID 1 locID 113750153625600193 bcsID 0 || ], creationTime=1714568165470, modificationTime=1714568165548, replicationConfig=RATIS/THREE, encInfo=null, fileChecksum=null, isFile=true, fileName='file5', acls=[user:runner:a[ACCESS], group:docker:a[ACCESS], group:adm:a[ACCESS], group:systemd-journal:a[ACCESS]]}
2024-05-01 12:56:05,557 [main] INFO  ozone.TestHSync (TestHSync.java:runTestHSync(369)) - runTestHSync /file5 with size 32768, skipLength=35967
2024-05-01 12:56:05,563 [IPC Server handler 15 on default port 15004] DEBUG key.OMKeyCommitRequestWithFSO (OMKeyCommitRequestWithFSO.java:validateAndUpdateCache(110)) - isHSync = true, volumeName = volume92500, bucketName = bucket83190, keyName = file5
2024-05-01 12:56:05,563 [IPC Server handler 15 on default port 15004] DEBUG key.OMKeyCommitRequestWithFSO (OMKeyCommitRequestWithFSO.java:validateAndUpdateCache(282)) - Key commit succeeded with isHSync = true, omKeyInfo = OmKeyInfo{volumeName='volume92500', bucketName='bucket83190', keyName='file5', dataSize=68735, keyLocationVersions=[version:0 isMultipartKey:false conID 1 locID 113750153625600193 bcsID 0 || ], creationTime=1714568165470, modificationTime=1714568165562, replicationConfig=RATIS/THREE, encInfo=null, fileChecksum=null, isFile=true, fileName='file5', acls=[user:runner:a[ACCESS], group:docker:a[ACCESS], group:adm:a[ACCESS], group:systemd-journal:a[ACCESS]]}
2024-05-01 12:56:05,571 [main] INFO  ozone.TestHSync (TestHSync.java:runTestHSync(369)) - runTestHSync /file5 with size 32769, skipLength=68735
2024-05-01 12:56:05,587 [IPC Server handler 17 on default port 15004] DEBUG key.OMKeyCommitRequestWithFSO (OMKeyCommitRequestWithFSO.java:validateAndUpdateCache(110)) - isHSync = true, volumeName = volume92500, bucketName = bucket83190, keyName = file5
2024-05-01 12:56:05,587 [IPC Server handler 17 on default port 15004] DEBUG key.OMKeyCommitRequestWithFSO (OMKeyCommitRequestWithFSO.java:validateAndUpdateCache(282)) - Key commit succeeded with isHSync = true, omKeyInfo = OmKeyInfo{volumeName='volume92500', bucketName='bucket83190', keyName='file5', dataSize=101504, keyLocationVersions=[version:0 isMultipartKey:false conID 1 locID 113750153625600193 bcsID 0 || ], creationTime=1714568165470, modificationTime=1714568165587, replicationConfig=RATIS/THREE, encInfo=null, fileChecksum=null, isFile=true, fileName='file5', acls=[user:runner:a[ACCESS], group:docker:a[ACCESS], group:adm:a[ACCESS], group:systemd-journal:a[ACCESS]]}
2024-05-01 12:56:05,597 [main] INFO  ozone.TestHSync (TestHSync.java:runTestHSync(369)) - runTestHSync /file5 with size 1048575, skipLength=101504
2024-05-01 12:56:05,743 [IPC Server handler 9 on default port 15004] DEBUG key.OMKeyCommitRequestWithFSO (OMKeyCommitRequestWithFSO.java:validateAndUpdateCache(110)) - isHSync = true, volumeName = volume92500, bucketName = bucket83190, keyName = file5
2024-05-01 12:56:05,743 [IPC Server handler 9 on default port 15004] DEBUG key.OMKeyCommitRequestWithFSO (OMKeyCommitRequestWithFSO.java:validateAndUpdateCache(282)) - Key commit succeeded with isHSync = true, omKeyInfo = OmKeyInfo{volumeName='volume92500', bucketName='bucket83190', keyName='file5', dataSize=1150079, keyLocationVersions=[version:0 isMultipartKey:false conID 1 locID 113750153625600193 bcsID 4890 || conID 3 locID 113750153625600194 bcsID 3758 || conID 2 locID 113750153625600195 bcsID 4913 || conID 4 locID 113750153625600196 bcsID 3782 || conID 3 locID 113750153625600197 bcsID 3806 || conID 4 locID 113750153625600198 bcsID 3829 || conID 1 locID 113750153625600199 bcsID 4939 || conID 3 locID 113750153625600200 bcsID 3855 || conID 2 locID 113750153625600201 bcsID 0 || ], creationTime=1714568165470, modificationTime=1714568165743, replicationConfig=RATIS/THREE, encInfo=null, fileChecksum=null, isFile=true, fileName='file5', acls=[user:runner:a[ACCESS], group:docker:a[ACCESS], group:adm:a[ACCESS], group:systemd-journal:a[ACCESS]]}
2024-05-01 12:56:05,801 [main] INFO  ozone.TestHSync (TestHSync.java:runTestHSync(369)) - runTestHSync /file5 with size 1048576, skipLength=1150079
2024-05-01 12:56:05,980 [IPC Server handler 17 on default port 15004] DEBUG key.OMKeyCommitRequestWithFSO (OMKeyCommitRequestWithFSO.java:validateAndUpdateCache(110)) - isHSync = true, volumeName = volume92500, bucketName = bucket83190, keyName = file5
2024-05-01 12:56:05,980 [IPC Server handler 17 on default port 15004] DEBUG key.OMKeyCommitRequestWithFSO (OMKeyCommitRequestWithFSO.java:validateAndUpdateCache(282)) - Key commit succeeded with isHSync = true, omKeyInfo = OmKeyInfo{volumeName='volume92500', bucketName='bucket83190', keyName='file5', dataSize=2198655, keyLocationVersions=[version:0 isMultipartKey:false conID 1 locID 113750153625600193 bcsID 4890 || conID 3 locID 113750153625600194 bcsID 3758 || conID 2 locID 113750153625600195 bcsID 4913 || conID 4 locID 113750153625600196 bcsID 3782 || conID 3 locID 113750153625600197 bcsID 3806 || conID 4 locID 113750153625600198 bcsID 3829 || conID 1 locID 113750153625600199 bcsID 4939 || conID 3 locID 113750153625600200 bcsID 3855 || conID 2 locID 113750153625600201 bcsID 4968 || conID 1 locID 113750153625600202 bcsID 4992 || conID 4 locID 113750153625600203 bcsID 3881 || conID 3 locID 113750153625600204 bcsID 3907 || conID 4 locID 113750153625600205 bcsID 3933 || conID 2 locID 113750153625600206 bcsID 5018 || conID 1 locID 113750153625600207 bcsID 5043 || conID 3 locID 113750153625600208 bcsID 3958 || conID 2 locID 113750153625600209 bcsID 0 || ], creationTime=1714568165470, modificationTime=1714568165980, replicationConfig=RATIS/THREE, encInfo=null, fileChecksum=null, isFile=true, fileName='file5', acls=[user:runner:a[ACCESS], group:docker:a[ACCESS], group:adm:a[ACCESS], group:systemd-journal:a[ACCESS]]}
2024-05-01 12:56:06,078 [main] INFO  ozone.TestHSync (TestHSync.java:runTestHSync(369)) - runTestHSync /file5 with size 1048577, skipLength=2198655
2024-05-01 12:56:06,255 [IPC Server handler 9 on default port 15004] DEBUG key.OMKeyCommitRequestWithFSO (OMKeyCommitRequestWithFSO.java:validateAndUpdateCache(110)) - isHSync = true, volumeName = volume92500, bucketName = bucket83190, keyName = file5
2024-05-01 12:56:06,256 [IPC Server handler 9 on default port 15004] DEBUG key.OMKeyCommitRequestWithFSO (OMKeyCommitRequestWithFSO.java:validateAndUpdateCache(282)) - Key commit succeeded with isHSync = true, omKeyInfo = OmKeyInfo{volumeName='volume92500', bucketName='bucket83190', keyName='file5', dataSize=3247232, keyLocationVersions=[version:0 isMultipartKey:false conID 1 locID 113750153625600193 bcsID 4890 || conID 3 locID 113750153625600194 bcsID 3758 || conID 2 locID 113750153625600195 bcsID 4913 || conID 4 locID 113750153625600196 bcsID 3782 || conID 3 locID 113750153625600197 bcsID 3806 || conID 4 locID 113750153625600198 bcsID 3829 || conID 1 locID 113750153625600199 bcsID 4939 || conID 3 locID 113750153625600200 bcsID 3855 || conID 2 locID 113750153625600201 bcsID 4968 || conID 1 locID 113750153625600202 bcsID 4992 || conID 4 locID 113750153625600203 bcsID 3881 || conID 3 locID 113750153625600204 bcsID 3907 || conID 4 locID 113750153625600205 bcsID 3933 || conID 2 locID 113750153625600206 bcsID 5018 || conID 1 locID 113750153625600207 bcsID 5043 || conID 3 locID 113750153625600208 bcsID 3958 || conID 2 locID 113750153625600209 bcsID 5073 || conID 1 locID 113750153625600210 bcsID 5097 || conID 4 locID 113750153625600211 bcsID 3984 || conID 2 locID 113750153625600212 bcsID 5123 || conID 1 locID 113750153625600213 bcsID 5148 || conID 3 locID 113750153625600214 bcsID 4011 || conID 4 locID 113750153625600215 bcsID 4035 || conID 2 locID 113750153625600216 bcsID 5169 || conID 1 locID 113750153625600217 bcsID 0 || ], creationTime=1714568165470, modificationTime=1714568166255, replicationConfig=RATIS/THREE, encInfo=null, fileChecksum=null, isFile=true, fileName='file5', acls=[user:runner:a[ACCESS], group:docker:a[ACCESS], group:adm:a[ACCESS], group:systemd-journal:a[ACCESS]]}
2024-05-01 12:56:06,398 [IPC Server handler 6 on default port 15004] DEBUG key.OMKeyCommitRequestWithFSO (OMKeyCommitRequestWithFSO.java:validateAndUpdateCache(110)) - isHSync = false, volumeName = volume92500, bucketName = bucket83190, keyName = file5
2024-05-01 12:56:06,399 [IPC Server handler 6 on default port 15004] DEBUG key.OMKeyCommitRequestWithFSO (OMKeyCommitRequestWithFSO.java:validateAndUpdateCache(282)) - Key commit succeeded with isHSync = false, omKeyInfo = OmKeyInfo{volumeName='volume92500', bucketName='bucket83190', keyName='file5', dataSize=3247232, keyLocationVersions=[version:0 isMultipartKey:false conID 1 locID 113750153625600193 bcsID 4890 || conID 3 locID 113750153625600194 bcsID 3758 || conID 2 locID 113750153625600195 bcsID 4913 || conID 4 locID 113750153625600196 bcsID 3782 || conID 3 locID 113750153625600197 bcsID 3806 || conID 4 locID 113750153625600198 bcsID 3829 || conID 1 locID 113750153625600199 bcsID 4939 || conID 3 locID 113750153625600200 bcsID 3855 || conID 2 locID 113750153625600201 bcsID 4968 || conID 1 locID 113750153625600202 bcsID 4992 || conID 4 locID 113750153625600203 bcsID 3881 || conID 3 locID 113750153625600204 bcsID 3907 || conID 4 locID 113750153625600205 bcsID 3933 || conID 2 locID 113750153625600206 bcsID 5018 || conID 1 locID 113750153625600207 bcsID 5043 || conID 3 locID 113750153625600208 bcsID 3958 || conID 2 locID 113750153625600209 bcsID 5073 || conID 1 locID 113750153625600210 bcsID 5097 || conID 4 locID 113750153625600211 bcsID 3984 || conID 2 locID 113750153625600212 bcsID 5123 || conID 1 locID 113750153625600213 bcsID 5148 || conID 3 locID 113750153625600214 bcsID 4011 || conID 4 locID 113750153625600215 bcsID 4035 || conID 2 locID 113750153625600216 bcsID 5169 || conID 1 locID 113750153625600217 bcsID 5197 || ], creationTime=1714568165470, modificationTime=1714568166398, replicationConfig=RATIS/THREE, encInfo=null, fileChecksum=null, isFile=true, fileName='file5', acls=[user:runner:a[ACCESS], group:docker:a[ACCESS], group:adm:a[ACCESS], group:systemd-journal:a[ACCESS]]}
2024-05-01 12:56:06,399 [IPC Server handler 6 on default port 15004] DEBUG key.OMKeyCommitRequest (OMKeyCommitRequest.java:processResult(412)) - Key committed. Volume:volume92500, Bucket:bucket83190, Key:file5
2024-05-01 12:56:06,402 [main] INFO  ozone.TestHSync (TestHSync.java:runTestHSync(369)) - runTestHSync /file6 with size 64, skipLength=0
2024-05-01 12:56:06,406 [IPC Server handler 10 on default port 15004] DEBUG key.OMKeyCommitRequestWithFSO (OMKeyCommitRequestWithFSO.java:validateAndUpdateCache(110)) - isHSync = true, volumeName = volume92500, bucketName = bucket83190, keyName = file6
2024-05-01 12:56:06,406 [IPC Server handler 10 on default port 15004] DEBUG key.OMKeyCommitRequestWithFSO (OMKeyCommitRequestWithFSO.java:validateAndUpdateCache(282)) - Key commit succeeded with isHSync = true, omKeyInfo = OmKeyInfo{volumeName='volume92500', bucketName='bucket83190', keyName='file6', dataSize=64, keyLocationVersions=[version:0 isMultipartKey:false conID 3 locID 113750153625600218 bcsID 0 || ], creationTime=1714568166401, modificationTime=1714568166406, replicationConfig=RATIS/THREE, encInfo=null, fileChecksum=null, isFile=true, fileName='file6', acls=[user:runner:a[ACCESS], group:docker:a[ACCESS], group:adm:a[ACCESS], group:systemd-journal:a[ACCESS]]}
2024-05-01 12:56:06,410 [main] INFO  ozone.TestHSync (TestHSync.java:runTestHSync(369)) - runTestHSync /file6 with size 31, skipLength=64
2024-05-01 12:56:06,414 [IPC Server handler 13 on default port 15004] DEBUG key.OMKeyCommitRequestWithFSO (OMKeyCommitRequestWithFSO.java:validateAndUpdateCache(110)) - isHSync = true, volumeName = volume92500, bucketName = bucket83190, keyName = file6
2024-05-01 12:56:06,414 [IPC Server handler 13 on default port 15004] DEBUG key.OMKeyCommitRequestWithFSO (OMKeyCommitRequestWithFSO.java:validateAndUpdateCache(282)) - Key commit succeeded with isHSync = true, omKeyInfo = OmKeyInfo{volumeName='volume92500', bucketName='bucket83190', keyName='file6', dataSize=95, keyLocationVersions=[version:0 isMultipartKey:false conID 3 locID 113750153625600218 bcsID 0 || ], creationTime=1714568166401, modificationTime=1714568166414, replicationConfig=RATIS/THREE, encInfo=null, fileChecksum=null, isFile=true, fileName='file6', acls=[user:runner:a[ACCESS], group:docker:a[ACCESS], group:adm:a[ACCESS], group:systemd-journal:a[ACCESS]]}
2024-05-01 12:56:06,419 [main] INFO  ozone.TestHSync (TestHSync.java:runTestHSync(369)) - runTestHSync /file6 with size 32, skipLength=95
2024-05-01 12:56:06,423 [IPC Server handler 15 on default port 15004] DEBUG key.OMKeyCommitRequestWithFSO (OMKeyCommitRequestWithFSO.java:validateAndUpdateCache(110)) - isHSync = true, volumeName = volume92500, bucketName = bucket83190, keyName = file6
2024-05-01 12:56:06,423 [IPC Server handler 15 on default port 15004] DEBUG key.OMKeyCommitRequestWithFSO (OMKeyCommitRequestWithFSO.java:validateAndUpdateCache(282)) - Key commit succeeded with isHSync = true, omKeyInfo = OmKeyInfo{volumeName='volume92500', bucketName='bucket83190', keyName='file6', dataSize=127, keyLocationVersions=[version:0 isMultipartKey:false conID 3 locID 113750153625600218 bcsID 0 || ], creationTime=1714568166401, modificationTime=1714568166423, replicationConfig=RATIS/THREE, encInfo=null, fileChecksum=null, isFile=true, fileName='file6', acls=[user:runner:a[ACCESS], group:docker:a[ACCESS], group:adm:a[ACCESS], group:systemd-journal:a[ACCESS]]}
2024-05-01 12:56:06,427 [main] INFO  ozone.TestHSync (TestHSync.java:runTestHSync(369)) - runTestHSync /file6 with size 33, skipLength=127
2024-05-01 12:56:06,432 [IPC Server handler 17 on default port 15004] DEBUG key.OMKeyCommitRequestWithFSO (OMKeyCommitRequestWithFSO.java:validateAndUpdateCache(110)) - isHSync = true, volumeName = volume92500, bucketName = bucket83190, keyName = file6
2024-05-01 12:56:06,432 [IPC Server handler 17 on default port 15004] DEBUG key.OMKeyCommitRequestWithFSO (OMKeyCommitRequestWithFSO.java:validateAndUpdateCache(282)) - Key commit succeeded with isHSync = true, omKeyInfo = OmKeyInfo{volumeName='volume92500', bucketName='bucket83190', keyName='file6', dataSize=160, keyLocationVersions=[version:0 isMultipartKey:false conID 3 locID 113750153625600218 bcsID 0 || ], creationTime=1714568166401, modificationTime=1714568166432, replicationConfig=RATIS/THREE, encInfo=null, fileChecksum=null, isFile=true, fileName='file6', acls=[user:runner:a[ACCESS], group:docker:a[ACCESS], group:adm:a[ACCESS], group:systemd-journal:a[ACCESS]]}
2024-05-01 12:56:06,436 [main] INFO  ozone.TestHSync (TestHSync.java:runTestHSync(369)) - runTestHSync /file6 with size 1023, skipLength=160
2024-05-01 12:56:06,440 [IPC Server handler 18 on default port 15004] DEBUG key.OMKeyCommitRequestWithFSO (OMKeyCommitRequestWithFSO.java:validateAndUpdateCache(110)) - isHSync = true, volumeName = volume92500, bucketName = bucket83190, keyName = file6
2024-05-01 12:56:06,441 [IPC Server handler 18 on default port 15004] DEBUG key.OMKeyCommitRequestWithFSO (OMKeyCommitRequestWithFSO.java:validateAndUpdateCache(282)) - Key commit succeeded with isHSync = true, omKeyInfo = OmKeyInfo{volumeName='volume92500', bucketName='bucket83190', keyName='file6', dataSize=1183, keyLocationVersions=[version:0 isMultipartKey:false conID 3 locID 113750153625600218 bcsID 0 || ], creationTime=1714568166401, modificationTime=1714568166440, replicationConfig=RATIS/THREE, encInfo=null, fileChecksum=null, isFile=true, fileName='file6', acls=[user:runner:a[ACCESS], group:docker:a[ACCESS], group:adm:a[ACCESS], group:systemd-journal:a[ACCESS]]}
2024-05-01 12:56:06,446 [main] INFO  ozone.TestHSync (TestHSync.java:runTestHSync(369)) - runTestHSync /file6 with size 1024, skipLength=1183
2024-05-01 12:56:06,450 [IPC Server handler 1 on default port 15004] DEBUG key.OMKeyCommitRequestWithFSO (OMKeyCommitRequestWithFSO.java:validateAndUpdateCache(110)) - isHSync = true, volumeName = volume92500, bucketName = bucket83190, keyName = file6
2024-05-01 12:56:06,450 [IPC Server handler 1 on default port 15004] DEBUG key.OMKeyCommitRequestWithFSO (OMKeyCommitRequestWithFSO.java:validateAndUpdateCache(282)) - Key commit succeeded with isHSync = true, omKeyInfo = OmKeyInfo{volumeName='volume92500', bucketName='bucket83190', keyName='file6', dataSize=2207, keyLocationVersions=[version:0 isMultipartKey:false conID 3 locID 113750153625600218 bcsID 0 || ], creationTime=1714568166401, modificationTime=1714568166450, replicationConfig=RATIS/THREE, encInfo=null, fileChecksum=null, isFile=true, fileName='file6', acls=[user:runner:a[ACCESS], group:docker:a[ACCESS], group:adm:a[ACCESS], group:systemd-journal:a[ACCESS]]}
2024-05-01 12:56:06,456 [main] INFO  ozone.TestHSync (TestHSync.java:runTestHSync(369)) - runTestHSync /file6 with size 1025, skipLength=2207
2024-05-01 12:56:06,460 [IPC Server handler 3 on default port 15004] DEBUG key.OMKeyCommitRequestWithFSO (OMKeyCommitRequestWithFSO.java:validateAndUpdateCache(110)) - isHSync = true, volumeName = volume92500, bucketName = bucket83190, keyName = file6
2024-05-01 12:56:06,460 [IPC Server handler 3 on default port 15004] DEBUG key.OMKeyCommitRequestWithFSO (OMKeyCommitRequestWithFSO.java:validateAndUpdateCache(282)) - Key commit succeeded with isHSync = true, omKeyInfo = OmKeyInfo{volumeName='volume92500', bucketName='bucket83190', keyName='file6', dataSize=3232, keyLocationVersions=[version:0 isMultipartKey:false conID 3 locID 113750153625600218 bcsID 0 || ], creationTime=1714568166401, modificationTime=1714568166460, replicationConfig=RATIS/THREE, encInfo=null, fileChecksum=null, isFile=true, fileName='file6', acls=[user:runner:a[ACCESS], group:docker:a[ACCESS], group:adm:a[ACCESS], group:systemd-journal:a[ACCESS]]}
2024-05-01 12:56:06,469 [IPC Server handler 5 on default port 15004] DEBUG key.OMKeyCommitRequestWithFSO (OMKeyCommitRequestWithFSO.java:validateAndUpdateCache(110)) - isHSync = false, volumeName = volume92500, bucketName = bucket83190, keyName = file6
2024-05-01 12:56:06,470 [IPC Server handler 5 on default port 15004] DEBUG key.OMKeyCommitRequestWithFSO (OMKeyCommitRequestWithFSO.java:validateAndUpdateCache(282)) - Key commit succeeded with isHSync = false, omKeyInfo = OmKeyInfo{volumeName='volume92500', bucketName='bucket83190', keyName='file6', dataSize=3232, keyLocationVersions=[version:0 isMultipartKey:false conID 3 locID 113750153625600218 bcsID 4067 || ], creationTime=1714568166401, modificationTime=1714568166469, replicationConfig=RATIS/THREE, encInfo=null, fileChecksum=null, isFile=true, fileName='file6', acls=[user:runner:a[ACCESS], group:docker:a[ACCESS], group:adm:a[ACCESS], group:systemd-journal:a[ACCESS]]}
2024-05-01 12:56:06,470 [IPC Server handler 5 on default port 15004] DEBUG key.OMKeyCommitRequest (OMKeyCommitRequest.java:processResult(412)) - Key committed. Volume:volume92500, Bucket:bucket83190, Key:file6
]]></system-out>
  </testcase>
  <testcase name="testDisableHsync" classname="org.apache.hadoop.fs.ozone.TestHSync" time="0.033"/>
  <testcase name="testKeyHSyncThenClose" classname="org.apache.hadoop.fs.ozone.TestHSync" time="1.026"/>
  <testcase name="testOfsHSync" classname="org.apache.hadoop.fs.ozone.TestHSync" time="13.08"/>
  <testcase name="testStreamCapability" classname="org.apache.hadoop.fs.ozone.TestHSync" time="1.499"/>
  <testcase name="testHSyncDeletedKey" classname="org.apache.hadoop.fs.ozone.TestHSync" time="0.242"/>
  <testcase name="testOverwriteHSyncFile" classname="org.apache.hadoop.fs.ozone.TestHSync" time="0.159"/>
  <testcase name="testECStreamCapability" classname="org.apache.hadoop.fs.ozone.TestHSync" time="0.345"/>
</testsuite>