<?xml version="1.0" encoding="UTF-8"?>
<testsuite xmlns:xsi="http://www.w3.org/2001/XMLSchema-instance" xsi:noNamespaceSchemaLocation="https://maven.apache.org/surefire/maven-surefire-plugin/xsd/surefire-test-report.xsd" name="org.apache.hadoop.fs.ozone.TestOzoneFileInterfaces" time="450.695" tests="18" errors="0" skipped="0" failures="1">
  <properties>
    <property name="awt.toolkit" value="sun.awt.X11.XToolkit"/>
    <property name="file.encoding.pkg" value="sun.io"/>
    <property name="java.specification.version" value="1.8"/>
    <property name="sun.cpu.isalist" value=""/>
    <property name="sun.jnu.encoding" value="ANSI_X3.4-1968"/>
    <property name="java.class.path" value="/github/workspace/mnt/ozone/hadoop-ozone/integration-test/target/test-classes:/github/workspace/mnt/ozone/hadoop-ozone/integration-test/target/classes:/home/user/.m2/repository/org/apache/hadoop/hadoop-ozone-common/0.6.0-SNAPSHOT/hadoop-ozone-common-0.6.0-SNAPSHOT.jar:/home/user/.m2/repository/org/apache/commons/commons-compress/1.4.1/commons-compress-1.4.1.jar:/home/user/.m2/repository/org/tukaani/xz/1.0/xz-1.0.jar:/home/user/.m2/repository/org/apache/hadoop/hadoop-hdds-common/0.6.0-SNAPSHOT/hadoop-hdds-common-0.6.0-SNAPSHOT.jar:/home/user/.m2/repository/info/picocli/picocli/3.9.6/picocli-3.9.6.jar:/home/user/.m2/repository/com/fasterxml/jackson/core/jackson-annotations/2.10.3/jackson-annotations-2.10.3.jar:/home/user/.m2/repository/javax/annotation/javax.annotation-api/1.2/javax.annotation-api-1.2.jar:/home/user/.m2/repository/org/apache/ratis/ratis-server/0.6.0-490b689-SNAPSHOT/ratis-server-0.6.0-490b689-SNAPSHOT.jar:/home/user/.m2/repository/org/apache/ratis/ratis-thirdparty-misc/0.3.0/ratis-thirdparty-misc-0.3.0.jar:/home/user/.m2/repository/org/apache/ratis/ratis-client/0.6.0-490b689-SNAPSHOT/ratis-client-0.6.0-490b689-SNAPSHOT.jar:/home/user/.m2/repository/org/apache/ratis/ratis-metrics/0.6.0-490b689-SNAPSHOT/ratis-metrics-0.6.0-490b689-SNAPSHOT.jar:/home/user/.m2/repository/org/apache/ratis/ratis-netty/0.6.0-490b689-SNAPSHOT/ratis-netty-0.6.0-490b689-SNAPSHOT.jar:/home/user/.m2/repository/org/apache/ratis/ratis-grpc/0.6.0-490b689-SNAPSHOT/ratis-grpc-0.6.0-490b689-SNAPSHOT.jar:/home/user/.m2/repository/org/apache/logging/log4j/log4j-api/2.11.0/log4j-api-2.11.0.jar:/home/user/.m2/repository/org/apache/logging/log4j/log4j-core/2.11.0/log4j-core-2.11.0.jar:/home/user/.m2/repository/com/lmax/disruptor/3.4.2/disruptor-3.4.2.jar:/home/user/.m2/repository/org/apache/commons/commons-pool2/2.6.0/commons-pool2-2.6.0.jar:/home/user/.m2/repository/org/bouncycastle/bcpkix-jdk15on/1.60/bcpkix-jdk15on-1.60.jar:/home/user/.m2/repository/commons-validator/commons-validator/1.6/commons-validator-1.6.jar:/home/user/.m2/repository/commons-digester/commons-digester/1.8.1/commons-digester-1.8.1.jar:/home/user/.m2/repository/io/jaegertracing/jaeger-client/1.2.0/jaeger-client-1.2.0.jar:/home/user/.m2/repository/io/jaegertracing/jaeger-thrift/1.2.0/jaeger-thrift-1.2.0.jar:/home/user/.m2/repository/org/apache/thrift/libthrift/0.13.0/libthrift-0.13.0.jar:/home/user/.m2/repository/com/squareup/okhttp3/okhttp/4.2.2/okhttp-4.2.2.jar:/home/user/.m2/repository/com/squareup/okio/okio/2.2.2/okio-2.2.2.jar:/home/user/.m2/repository/org/jetbrains/kotlin/kotlin-stdlib/1.3.50/kotlin-stdlib-1.3.50.jar:/home/user/.m2/repository/org/jetbrains/kotlin/kotlin-stdlib-common/1.3.50/kotlin-stdlib-common-1.3.50.jar:/home/user/.m2/repository/org/jetbrains/annotations/13.0/annotations-13.0.jar:/home/user/.m2/repository/io/jaegertracing/jaeger-core/1.2.0/jaeger-core-1.2.0.jar:/home/user/.m2/repository/io/jaegertracing/jaeger-tracerresolver/1.2.0/jaeger-tracerresolver-1.2.0.jar:/home/user/.m2/repository/io/opentracing/contrib/opentracing-tracerresolver/0.1.8/opentracing-tracerresolver-0.1.8.jar:/home/user/.m2/repository/io/opentracing/opentracing-util/0.33.0/opentracing-util-0.33.0.jar:/home/user/.m2/repository/io/opentracing/opentracing-api/0.33.0/opentracing-api-0.33.0.jar:/home/user/.m2/repository/io/opentracing/opentracing-noop/0.33.0/opentracing-noop-0.33.0.jar:/home/user/.m2/repository/org/apache/hadoop/hadoop-hdds-client/0.6.0-SNAPSHOT/hadoop-hdds-client-0.6.0-SNAPSHOT.jar:/home/user/.m2/repository/org/apache/hadoop/hadoop-hdds-test-utils/0.6.0-SNAPSHOT/hadoop-hdds-test-utils-0.6.0-SNAPSHOT.jar:/home/user/.m2/repository/com/google/guava/guava/28.2-jre/guava-28.2-jre.jar:/home/user/.m2/repository/com/google/guava/failureaccess/1.0.1/failureaccess-1.0.1.jar:/home/user/.m2/repository/com/google/guava/listenablefuture/9999.0-empty-to-avoid-conflict-with-guava/listenablefuture-9999.0-empty-to-avoid-conflict-with-guava.jar:/home/user/.m2/repository/com/google/code/findbugs/jsr305/3.0.0/jsr305-3.0.0.jar:/home/user/.m2/repository/org/checkerframework/checker-qual/2.10.0/checker-qual-2.10.0.jar:/home/user/.m2/repository/com/google/errorprone/error_prone_annotations/2.3.4/error_prone_annotations-2.3.4.jar:/home/user/.m2/repository/com/google/j2objc/j2objc-annotations/1.3/j2objc-annotations-1.3.jar:/home/user/.m2/repository/commons-io/commons-io/2.5/commons-io-2.5.jar:/home/user/.m2/repository/commons-logging/commons-logging/1.1.3/commons-logging-1.1.3.jar:/home/user/.m2/repository/log4j/log4j/1.2.17/log4j-1.2.17.jar:/home/user/.m2/repository/org/apache/commons/commons-lang3/3.7/commons-lang3-3.7.jar:/home/user/.m2/repository/org/slf4j/slf4j-api/1.7.25/slf4j-api-1.7.25.jar:/home/user/.m2/repository/org/apache/hadoop/hadoop-hdds-server-scm/0.6.0-SNAPSHOT/hadoop-hdds-server-scm-0.6.0-SNAPSHOT.jar:/home/user/.m2/repository/org/apache/hadoop/hadoop-hdds-container-service/0.6.0-SNAPSHOT/hadoop-hdds-container-service-0.6.0-SNAPSHOT.jar:/home/user/.m2/repository/org/apache/hadoop/hadoop-hdds-hadoop-dependency-server/0.6.0-SNAPSHOT/hadoop-hdds-hadoop-dependency-server-0.6.0-SNAPSHOT.jar:/home/user/.m2/repository/org/apache/hadoop/hadoop-hdds-server-framework/0.6.0-SNAPSHOT/hadoop-hdds-server-framework-0.6.0-SNAPSHOT.jar:/home/user/.m2/repository/org/rocksdb/rocksdbjni/6.6.4/rocksdbjni-6.6.4.jar:/home/user/.m2/repository/io/prometheus/simpleclient_dropwizard/0.7.0/simpleclient_dropwizard-0.7.0.jar:/home/user/.m2/repository/io/prometheus/simpleclient/0.7.0/simpleclient-0.7.0.jar:/home/user/.m2/repository/io/prometheus/simpleclient_common/0.7.0/simpleclient_common-0.7.0.jar:/home/user/.m2/repository/com/fasterxml/jackson/datatype/jackson-datatype-jsr310/2.10.3/jackson-datatype-jsr310-2.10.3.jar:/home/user/.m2/repository/org/apache/hadoop/hadoop-hdds-docs/0.6.0-SNAPSHOT/hadoop-hdds-docs-0.6.0-SNAPSHOT.jar:/home/user/.m2/repository/io/dropwizard/metrics/metrics-core/3.2.4/metrics-core-3.2.4.jar:/home/user/.m2/repository/org/apache/hadoop/hadoop-hdfs-client/3.2.0/hadoop-hdfs-client-3.2.0.jar:/home/user/.m2/repository/org/bouncycastle/bcprov-jdk15on/1.60/bcprov-jdk15on-1.60.jar:/home/user/.m2/repository/org/apache/hadoop/hadoop-ozone-ozone-manager/0.6.0-SNAPSHOT/hadoop-ozone-ozone-manager-0.6.0-SNAPSHOT.jar:/home/user/.m2/repository/org/apache/hadoop/hadoop-minikdc/3.2.0/hadoop-minikdc-3.2.0.jar:/home/user/.m2/repository/org/apache/kerby/kerb-simplekdc/1.0.1/kerb-simplekdc-1.0.1.jar:/home/user/.m2/repository/org/apache/kerby/kerb-client/1.0.1/kerb-client-1.0.1.jar:/home/user/.m2/repository/org/apache/kerby/kerby-config/1.0.1/kerby-config-1.0.1.jar:/home/user/.m2/repository/org/apache/kerby/kerb-core/1.0.1/kerb-core-1.0.1.jar:/home/user/.m2/repository/org/apache/kerby/kerby-pkix/1.0.1/kerby-pkix-1.0.1.jar:/home/user/.m2/repository/org/apache/kerby/kerby-asn1/1.0.1/kerby-asn1-1.0.1.jar:/home/user/.m2/repository/org/apache/kerby/kerby-util/1.0.1/kerby-util-1.0.1.jar:/home/user/.m2/repository/org/apache/kerby/kerb-common/1.0.1/kerb-common-1.0.1.jar:/home/user/.m2/repository/org/apache/kerby/kerb-crypto/1.0.1/kerb-crypto-1.0.1.jar:/home/user/.m2/repository/org/apache/kerby/kerb-util/1.0.1/kerb-util-1.0.1.jar:/home/user/.m2/repository/org/apache/kerby/token-provider/1.0.1/token-provider-1.0.1.jar:/home/user/.m2/repository/org/apache/kerby/kerb-admin/1.0.1/kerb-admin-1.0.1.jar:/home/user/.m2/repository/org/apache/kerby/kerb-server/1.0.1/kerb-server-1.0.1.jar:/home/user/.m2/repository/org/apache/kerby/kerb-identity/1.0.1/kerb-identity-1.0.1.jar:/home/user/.m2/repository/org/apache/kerby/kerby-xdr/1.0.1/kerby-xdr-1.0.1.jar:/home/user/.m2/repository/org/slf4j/slf4j-log4j12/1.7.25/slf4j-log4j12-1.7.25.jar:/home/user/.m2/repository/org/apache/hadoop/hadoop-ozone-s3gateway/0.6.0-SNAPSHOT/hadoop-ozone-s3gateway-0.6.0-SNAPSHOT.jar:/home/user/.m2/repository/org/jboss/weld/servlet/weld-servlet/2.4.7.Final/weld-servlet-2.4.7.Final.jar:/home/user/.m2/repository/org/glassfish/jersey/containers/jersey-container-servlet-core/2.27/jersey-container-servlet-core-2.27.jar:/home/user/.m2/repository/org/glassfish/hk2/external/javax.inject/2.5.0-b42/javax.inject-2.5.0-b42.jar:/home/user/.m2/repository/org/glassfish/jersey/core/jersey-common/2.27/jersey-common-2.27.jar:/home/user/.m2/repository/org/glassfish/hk2/osgi-resource-locator/1.0.1/osgi-resource-locator-1.0.1.jar:/home/user/.m2/repository/javax/ws/rs/javax.ws.rs-api/2.1/javax.ws.rs-api-2.1.jar:/home/user/.m2/repository/org/glassfish/jersey/ext/cdi/jersey-cdi1x/2.27/jersey-cdi1x-2.27.jar:/home/user/.m2/repository/org/glassfish/jersey/inject/jersey-hk2/2.27/jersey-hk2-2.27.jar:/home/user/.m2/repository/org/glassfish/hk2/hk2-locator/2.5.0-b42/hk2-locator-2.5.0-b42.jar:/home/user/.m2/repository/org/javassist/javassist/3.22.0-CR2/javassist-3.22.0-CR2.jar:/home/user/.m2/repository/org/glassfish/hk2/hk2-api/2.5.0/hk2-api-2.5.0.jar:/home/user/.m2/repository/org/glassfish/hk2/external/jakarta.inject/2.5.0/jakarta.inject-2.5.0.jar:/home/user/.m2/repository/org/glassfish/hk2/hk2-utils/2.5.0/hk2-utils-2.5.0.jar:/home/user/.m2/repository/jakarta/annotation/jakarta.annotation-api/1.3.4/jakarta.annotation-api-1.3.4.jar:/home/user/.m2/repository/org/glassfish/hk2/external/aopalliance-repackaged/2.5.0/aopalliance-repackaged-2.5.0.jar:/home/user/.m2/repository/com/fasterxml/jackson/dataformat/jackson-dataformat-xml/2.9.0/jackson-dataformat-xml-2.9.0.jar:/home/user/.m2/repository/com/fasterxml/jackson/core/jackson-core/2.10.3/jackson-core-2.10.3.jar:/home/user/.m2/repository/com/fasterxml/jackson/module/jackson-module-jaxb-annotations/2.10.3/jackson-module-jaxb-annotations-2.10.3.jar:/home/user/.m2/repository/jakarta/xml/bind/jakarta.xml.bind-api/2.3.2/jakarta.xml.bind-api-2.3.2.jar:/home/user/.m2/repository/jakarta/activation/jakarta.activation-api/1.2.1/jakarta.activation-api-1.2.1.jar:/home/user/.m2/repository/org/codehaus/woodstox/stax2-api/3.1.4/stax2-api-3.1.4.jar:/home/user/.m2/repository/com/fasterxml/woodstox/woodstox-core/5.0.3/woodstox-core-5.0.3.jar:/home/user/.m2/repository/javax/enterprise/cdi-api/1.2/cdi-api-1.2.jar:/home/user/.m2/repository/javax/el/javax.el-api/3.0.0/javax.el-api-3.0.0.jar:/home/user/.m2/repository/javax/interceptor/javax.interceptor-api/1.2/javax.interceptor-api-1.2.jar:/home/user/.m2/repository/javax/inject/javax.inject/1/javax.inject-1.jar:/home/user/.m2/repository/com/sun/xml/bind/jaxb-impl/2.3.0.1/jaxb-impl-2.3.0.1.jar:/home/user/.m2/repository/com/sun/xml/bind/jaxb-core/2.3.0.1/jaxb-core-2.3.0.1.jar:/home/user/.m2/repository/javax/xml/bind/jaxb-api/2.3.0/jaxb-api-2.3.0.jar:/home/user/.m2/repository/javax/activation/activation/1.1.1/activation-1.1.1.jar:/home/user/.m2/repository/org/apache/hadoop/hadoop-ozone-csi/0.6.0-SNAPSHOT/hadoop-ozone-csi-0.6.0-SNAPSHOT.jar:/home/user/.m2/repository/com/google/protobuf/protobuf-java-util/3.5.1/protobuf-java-util-3.5.1.jar:/home/user/.m2/repository/com/google/code/gson/gson/2.2.4/gson-2.2.4.jar:/home/user/.m2/repository/org/apache/hadoop/hadoop-hdds-config/0.6.0-SNAPSHOT/hadoop-hdds-config-0.6.0-SNAPSHOT.jar:/home/user/.m2/repository/com/google/protobuf/protobuf-java/2.5.0/protobuf-java-2.5.0.jar:/home/user/.m2/repository/io/grpc/grpc-netty/1.17.1/grpc-netty-1.17.1.jar:/home/user/.m2/repository/io/grpc/grpc-core/1.17.1/grpc-core-1.17.1.jar:/home/user/.m2/repository/io/grpc/grpc-context/1.17.1/grpc-context-1.17.1.jar:/home/user/.m2/repository/org/codehaus/mojo/animal-sniffer-annotations/1.17/animal-sniffer-annotations-1.17.jar:/home/user/.m2/repository/io/opencensus/opencensus-api/0.17.0/opencensus-api-0.17.0.jar:/home/user/.m2/repository/io/opencensus/opencensus-contrib-grpc-metrics/0.17.0/opencensus-contrib-grpc-metrics-0.17.0.jar:/home/user/.m2/repository/io/netty/netty-codec-http2/4.1.30.Final/netty-codec-http2-4.1.30.Final.jar:/home/user/.m2/repository/io/netty/netty-codec-http/4.1.30.Final/netty-codec-http-4.1.30.Final.jar:/home/user/.m2/repository/io/netty/netty-codec/4.1.30.Final/netty-codec-4.1.30.Final.jar:/home/user/.m2/repository/io/netty/netty-handler/4.1.30.Final/netty-handler-4.1.30.Final.jar:/home/user/.m2/repository/io/netty/netty-handler-proxy/4.1.30.Final/netty-handler-proxy-4.1.30.Final.jar:/home/user/.m2/repository/io/netty/netty-codec-socks/4.1.30.Final/netty-codec-socks-4.1.30.Final.jar:/home/user/.m2/repository/io/netty/netty-transport-native-epoll/4.1.30.Final/netty-transport-native-epoll-4.1.30.Final.jar:/home/user/.m2/repository/io/netty/netty-common/4.1.30.Final/netty-common-4.1.30.Final.jar:/home/user/.m2/repository/io/netty/netty-buffer/4.1.30.Final/netty-buffer-4.1.30.Final.jar:/home/user/.m2/repository/io/netty/netty-transport/4.1.30.Final/netty-transport-4.1.30.Final.jar:/home/user/.m2/repository/io/netty/netty-resolver/4.1.30.Final/netty-resolver-4.1.30.Final.jar:/home/user/.m2/repository/io/netty/netty-transport-native-unix-common/4.1.30.Final/netty-transport-native-unix-common-4.1.30.Final.jar:/home/user/.m2/repository/io/grpc/grpc-protobuf/1.17.1/grpc-protobuf-1.17.1.jar:/home/user/.m2/repository/com/google/api/grpc/proto-google-common-protos/1.0.0/proto-google-common-protos-1.0.0.jar:/home/user/.m2/repository/io/grpc/grpc-protobuf-lite/1.17.1/grpc-protobuf-lite-1.17.1.jar:/home/user/.m2/repository/io/grpc/grpc-stub/1.17.1/grpc-stub-1.17.1.jar:/home/user/.m2/repository/org/apache/hadoop/hadoop-ozone-recon/0.6.0-SNAPSHOT/hadoop-ozone-recon-0.6.0-SNAPSHOT.jar:/home/user/.m2/repository/org/apache/hadoop/hadoop-ozone-reconcodegen/0.6.0-SNAPSHOT/hadoop-ozone-reconcodegen-0.6.0-SNAPSHOT.jar:/home/user/.m2/repository/com/google/inject/extensions/guice-multibindings/4.0/guice-multibindings-4.0.jar:/home/user/.m2/repository/com/google/inject/guice/4.0/guice-4.0.jar:/home/user/.m2/repository/aopalliance/aopalliance/1.0/aopalliance-1.0.jar:/home/user/.m2/repository/com/google/inject/extensions/guice-servlet/4.0/guice-servlet-4.0.jar:/home/user/.m2/repository/org/glassfish/jersey/containers/jersey-container-servlet/2.27/jersey-container-servlet-2.27.jar:/home/user/.m2/repository/org/glassfish/hk2/guice-bridge/2.5.0/guice-bridge-2.5.0.jar:/home/user/.m2/repository/org/glassfish/jersey/core/jersey-server/2.27/jersey-server-2.27.jar:/home/user/.m2/repository/org/glassfish/jersey/core/jersey-client/2.27/jersey-client-2.27.jar:/home/user/.m2/repository/org/glassfish/jersey/media/jersey-media-jaxb/2.27/jersey-media-jaxb-2.27.jar:/home/user/.m2/repository/javax/validation/validation-api/1.1.0.Final/validation-api-1.1.0.Final.jar:/home/user/.m2/repository/org/glassfish/jersey/media/jersey-media-json-jackson/2.27/jersey-media-json-jackson-2.27.jar:/home/user/.m2/repository/org/glassfish/jersey/ext/jersey-entity-filtering/2.27/jersey-entity-filtering-2.27.jar:/home/user/.m2/repository/com/google/inject/extensions/guice-assistedinject/4.0/guice-assistedinject-4.0.jar:/home/user/.m2/repository/org/jooq/jooq/3.11.10/jooq-3.11.10.jar:/home/user/.m2/repository/org/jooq/jooq-meta/3.11.10/jooq-meta-3.11.10.jar:/home/user/.m2/repository/org/jooq/jooq-codegen/3.11.10/jooq-codegen-3.11.10.jar:/home/user/.m2/repository/com/jolbox/bonecp/0.8.0.RELEASE/bonecp-0.8.0.RELEASE.jar:/home/user/.m2/repository/org/xerial/sqlite-jdbc/3.25.2/sqlite-jdbc-3.25.2.jar:/home/user/.m2/repository/org/springframework/spring-jdbc/5.2.5.RELEASE/spring-jdbc-5.2.5.RELEASE.jar:/home/user/.m2/repository/org/springframework/spring-beans/5.2.5.RELEASE/spring-beans-5.2.5.RELEASE.jar:/home/user/.m2/repository/org/springframework/spring-core/5.2.5.RELEASE/spring-core-5.2.5.RELEASE.jar:/home/user/.m2/repository/org/springframework/spring-jcl/5.2.5.RELEASE/spring-jcl-5.2.5.RELEASE.jar:/home/user/.m2/repository/org/springframework/spring-tx/5.2.5.RELEASE/spring-tx-5.2.5.RELEASE.jar:/home/user/.m2/repository/org/apache/hadoop/hadoop-ozone-client/0.6.0-SNAPSHOT/hadoop-ozone-client-0.6.0-SNAPSHOT.jar:/home/user/.m2/repository/org/apache/hadoop/hadoop-ozone-filesystem/0.6.0-SNAPSHOT/hadoop-ozone-filesystem-0.6.0-SNAPSHOT.jar:/home/user/.m2/repository/org/apache/hadoop/hadoop-hdds-hadoop-dependency-client/0.6.0-SNAPSHOT/hadoop-hdds-hadoop-dependency-client-0.6.0-SNAPSHOT.jar:/home/user/.m2/repository/org/apache/hadoop/hadoop-ozone-tools/0.6.0-SNAPSHOT/hadoop-ozone-tools-0.6.0-SNAPSHOT.jar:/home/user/.m2/repository/org/apache/hadoop/hadoop-hdfs/3.2.0/hadoop-hdfs-3.2.0.jar:/home/user/.m2/repository/org/apache/ratis/ratis-tools/0.6.0-490b689-SNAPSHOT/ratis-tools-0.6.0-490b689-SNAPSHOT.jar:/home/user/.m2/repository/org/apache/ratis/ratis-proto/0.6.0-490b689-SNAPSHOT/ratis-proto-0.6.0-490b689-SNAPSHOT.jar:/home/user/.m2/repository/org/apache/ratis/ratis-common/0.6.0-490b689-SNAPSHOT/ratis-common-0.6.0-490b689-SNAPSHOT.jar:/home/user/.m2/repository/com/amazonaws/aws-java-sdk-core/1.11.615/aws-java-sdk-core-1.11.615.jar:/home/user/.m2/repository/org/apache/httpcomponents/httpclient/4.5.2/httpclient-4.5.2.jar:/home/user/.m2/repository/org/apache/httpcomponents/httpcore/4.4.4/httpcore-4.4.4.jar:/home/user/.m2/repository/software/amazon/ion/ion-java/1.0.2/ion-java-1.0.2.jar:/home/user/.m2/repository/com/fasterxml/jackson/dataformat/jackson-dataformat-cbor/2.10.3/jackson-dataformat-cbor-2.10.3.jar:/home/user/.m2/repository/joda-time/joda-time/2.9.9/joda-time-2.9.9.jar:/home/user/.m2/repository/com/amazonaws/aws-java-sdk-s3/1.11.615/aws-java-sdk-s3-1.11.615.jar:/home/user/.m2/repository/com/amazonaws/aws-java-sdk-kms/1.11.615/aws-java-sdk-kms-1.11.615.jar:/home/user/.m2/repository/com/amazonaws/jmespath-java/1.11.615/jmespath-java-1.11.615.jar:/home/user/.m2/repository/org/apache/hadoop/hadoop-hdds-tools/0.6.0-SNAPSHOT/hadoop-hdds-tools-0.6.0-SNAPSHOT.jar:/home/user/.m2/repository/commons-cli/commons-cli/1.2/commons-cli-1.2.jar:/home/user/.m2/repository/commons-lang/commons-lang/2.6/commons-lang-2.6.jar:/home/user/.m2/repository/org/apache/hadoop/hadoop-ozone-ozone-manager/0.6.0-SNAPSHOT/hadoop-ozone-ozone-manager-0.6.0-SNAPSHOT-tests.jar:/home/user/.m2/repository/junit/junit/4.11/junit-4.11.jar:/home/user/.m2/repository/org/hamcrest/hamcrest-core/1.3/hamcrest-core-1.3.jar:/home/user/.m2/repository/org/openjdk/jmh/jmh-core/1.19/jmh-core-1.19.jar:/home/user/.m2/repository/net/sf/jopt-simple/jopt-simple/4.6/jopt-simple-4.6.jar:/home/user/.m2/repository/org/apache/commons/commons-math3/3.1.1/commons-math3-3.1.1.jar:/home/user/.m2/repository/org/openjdk/jmh/jmh-generator-annprocess/1.19/jmh-generator-annprocess-1.19.jar:/home/user/.m2/repository/org/mockito/mockito-all/1.8.5/mockito-all-1.8.5.jar:/home/user/.m2/repository/org/apache/hadoop/hadoop-kms/3.2.0/hadoop-kms-3.2.0.jar:/home/user/.m2/repository/org/apache/hadoop/hadoop-auth/3.2.0/hadoop-auth-3.2.0.jar:/home/user/.m2/repository/com/nimbusds/nimbus-jose-jwt/7.9/nimbus-jose-jwt-7.9.jar:/home/user/.m2/repository/com/github/stephenc/jcip/jcip-annotations/1.0-1/jcip-annotations-1.0-1.jar:/home/user/.m2/repository/net/minidev/json-smart/2.3/json-smart-2.3.jar:/home/user/.m2/repository/net/minidev/accessors-smart/1.2/accessors-smart-1.2.jar:/home/user/.m2/repository/org/ow2/asm/asm/5.0.4/asm-5.0.4.jar:/home/user/.m2/repository/org/apache/zookeeper/zookeeper/3.4.13/zookeeper-3.4.13.jar:/home/user/.m2/repository/org/apache/yetus/audience-annotations/0.5.0/audience-annotations-0.5.0.jar:/home/user/.m2/repository/org/apache/curator/curator-framework/2.12.0/curator-framework-2.12.0.jar:/home/user/.m2/repository/com/sun/jersey/jersey-core/1.19/jersey-core-1.19.jar:/home/user/.m2/repository/javax/ws/rs/jsr311-api/1.1.1/jsr311-api-1.1.1.jar:/home/user/.m2/repository/com/sun/jersey/jersey-server/1.19/jersey-server-1.19.jar:/home/user/.m2/repository/javax/servlet/javax.servlet-api/3.1.0/javax.servlet-api-3.1.0.jar:/home/user/.m2/repository/org/eclipse/jetty/jetty-server/9.4.26.v20200117/jetty-server-9.4.26.v20200117.jar:/home/user/.m2/repository/org/eclipse/jetty/jetty-http/9.4.26.v20200117/jetty-http-9.4.26.v20200117.jar:/home/user/.m2/repository/org/eclipse/jetty/jetty-io/9.4.26.v20200117/jetty-io-9.4.26.v20200117.jar:/home/user/.m2/repository/org/eclipse/jetty/jetty-webapp/9.4.26.v20200117/jetty-webapp-9.4.26.v20200117.jar:/home/user/.m2/repository/org/eclipse/jetty/jetty-xml/9.4.26.v20200117/jetty-xml-9.4.26.v20200117.jar:/home/user/.m2/repository/org/eclipse/jetty/jetty-servlet/9.4.26.v20200117/jetty-servlet-9.4.26.v20200117.jar:/home/user/.m2/repository/org/eclipse/jetty/jetty-security/9.4.26.v20200117/jetty-security-9.4.26.v20200117.jar:/home/user/.m2/repository/org/apache/hadoop/hadoop-common/3.2.0/hadoop-common-3.2.0.jar:/home/user/.m2/repository/commons-net/commons-net/3.6/commons-net-3.6.jar:/home/user/.m2/repository/commons-collections/commons-collections/3.2.2/commons-collections-3.2.2.jar:/home/user/.m2/repository/com/sun/jersey/jersey-servlet/1.19/jersey-servlet-1.19.jar:/home/user/.m2/repository/com/sun/jersey/jersey-json/1.19/jersey-json-1.19.jar:/home/user/.m2/repository/org/codehaus/jettison/jettison/1.1/jettison-1.1.jar:/home/user/.m2/repository/org/codehaus/jackson/jackson-jaxrs/1.9.2/jackson-jaxrs-1.9.2.jar:/home/user/.m2/repository/org/codehaus/jackson/jackson-xc/1.9.2/jackson-xc-1.9.2.jar:/home/user/.m2/repository/commons-beanutils/commons-beanutils/1.9.4/commons-beanutils-1.9.4.jar:/home/user/.m2/repository/org/apache/commons/commons-configuration2/2.1.1/commons-configuration2-2.1.1.jar:/home/user/.m2/repository/org/apache/commons/commons-text/1.4/commons-text-1.4.jar:/home/user/.m2/repository/com/google/re2j/re2j/1.1/re2j-1.1.jar:/home/user/.m2/repository/com/jcraft/jsch/0.1.54/jsch-0.1.54.jar:/home/user/.m2/repository/org/apache/curator/curator-client/2.12.0/curator-client-2.12.0.jar:/home/user/.m2/repository/org/apache/curator/curator-recipes/2.12.0/curator-recipes-2.12.0.jar:/home/user/.m2/repository/dnsjava/dnsjava/2.1.7/dnsjava-2.1.7.jar:/home/user/.m2/repository/org/slf4j/jul-to-slf4j/1.7.25/jul-to-slf4j-1.7.25.jar:/home/user/.m2/repository/org/eclipse/jetty/jetty-util/9.4.26.v20200117/jetty-util-9.4.26.v20200117.jar:/home/user/.m2/repository/com/fasterxml/jackson/core/jackson-databind/2.10.3/jackson-databind-2.10.3.jar:/home/user/.m2/repository/org/apache/hadoop/hadoop-kms/3.2.0/hadoop-kms-3.2.0-tests.jar:/home/user/.m2/repository/org/apache/hadoop/hadoop-hdds-server-scm/0.6.0-SNAPSHOT/hadoop-hdds-server-scm-0.6.0-SNAPSHOT-tests.jar:/home/user/.m2/repository/org/apache/hadoop/hadoop-hdds-container-service/0.6.0-SNAPSHOT/hadoop-hdds-container-service-0.6.0-SNAPSHOT-tests.jar:/home/user/.m2/repository/org/apache/hadoop/hadoop-hdds-common/0.6.0-SNAPSHOT/hadoop-hdds-common-0.6.0-SNAPSHOT-tests.jar:/home/user/.m2/repository/org/yaml/snakeyaml/1.16/snakeyaml-1.16.jar:/home/user/.m2/repository/org/apache/hadoop/hadoop-hdds-hadoop-dependency-test/0.6.0-SNAPSHOT/hadoop-hdds-hadoop-dependency-test-0.6.0-SNAPSHOT.jar:/home/user/.m2/repository/org/apache/hadoop/hadoop-common/3.2.0/hadoop-common-3.2.0-tests.jar:/home/user/.m2/repository/javax/servlet/jsp/jsp-api/2.1/jsp-api-2.1.jar:/home/user/.m2/repository/org/apache/hadoop/hadoop-hdfs/3.2.0/hadoop-hdfs-3.2.0-tests.jar:/home/user/.m2/repository/org/eclipse/jetty/jetty-util-ajax/9.4.26.v20200117/jetty-util-ajax-9.4.26.v20200117.jar:/home/user/.m2/repository/commons-codec/commons-codec/1.11/commons-codec-1.11.jar:/home/user/.m2/repository/commons-daemon/commons-daemon/1.0.13/commons-daemon-1.0.13.jar:/home/user/.m2/repository/io/netty/netty/3.10.5.Final/netty-3.10.5.Final.jar:/home/user/.m2/repository/io/netty/netty-all/4.1.47.Final/netty-all-4.1.47.Final.jar:/home/user/.m2/repository/org/apache/htrace/htrace-core4/4.1.0-incubating/htrace-core4-4.1.0-incubating.jar:/home/user/.m2/repository/org/fusesource/leveldbjni/leveldbjni-all/1.8/leveldbjni-all-1.8.jar:/home/user/.m2/repository/org/apache/hadoop/hadoop-distcp/3.2.0/hadoop-distcp-3.2.0.jar:/home/user/.m2/repository/org/apache/hadoop/hadoop-mapreduce-client-jobclient/3.2.0/hadoop-mapreduce-client-jobclient-3.2.0.jar:/home/user/.m2/repository/org/apache/hadoop/hadoop-mapreduce-client-common/3.2.0/hadoop-mapreduce-client-common-3.2.0.jar:/home/user/.m2/repository/org/apache/hadoop/hadoop-yarn-common/3.2.0/hadoop-yarn-common-3.2.0.jar:/home/user/.m2/repository/org/apache/hadoop/hadoop-yarn-api/3.2.0/hadoop-yarn-api-3.2.0.jar:/home/user/.m2/repository/com/sun/jersey/jersey-client/1.19/jersey-client-1.19.jar:/home/user/.m2/repository/com/sun/jersey/contribs/jersey-guice/1.19/jersey-guice-1.19.jar:/home/user/.m2/repository/com/fasterxml/jackson/jaxrs/jackson-jaxrs-json-provider/2.10.3/jackson-jaxrs-json-provider-2.10.3.jar:/home/user/.m2/repository/com/fasterxml/jackson/jaxrs/jackson-jaxrs-base/2.10.3/jackson-jaxrs-base-2.10.3.jar:/home/user/.m2/repository/org/apache/hadoop/hadoop-yarn-client/3.2.0/hadoop-yarn-client-3.2.0.jar:/home/user/.m2/repository/org/apache/hadoop/hadoop-mapreduce-client-core/3.2.0/hadoop-mapreduce-client-core-3.2.0.jar:/home/user/.m2/repository/org/apache/avro/avro/1.7.7/avro-1.7.7.jar:/home/user/.m2/repository/org/codehaus/jackson/jackson-core-asl/1.9.13/jackson-core-asl-1.9.13.jar:/home/user/.m2/repository/org/codehaus/jackson/jackson-mapper-asl/1.9.13/jackson-mapper-asl-1.9.13.jar:/home/user/.m2/repository/com/thoughtworks/paranamer/paranamer/2.3/paranamer-2.3.jar:/home/user/.m2/repository/org/xerial/snappy/snappy-java/1.0.5/snappy-java-1.0.5.jar:/home/user/.m2/repository/org/apache/hadoop/hadoop-annotations/3.2.0/hadoop-annotations-3.2.0.jar:/usr/lib/jvm/java-1.8.0-openjdk-1.8.0.232.b09-0.el7_7.x86_64/jre/../lib/tools.jar:/home/user/.m2/repository/org/apache/hadoop/hadoop-distcp/3.2.0/hadoop-distcp-3.2.0-tests.jar:"/>
    <property name="java.vm.vendor" value="Oracle Corporation"/>
    <property name="sun.arch.data.model" value="64"/>
    <property name="test.build.dir" value="/github/workspace/mnt/ozone/hadoop-ozone/integration-test/target/test-dir"/>
    <property name="test.cache.data" value=""/>
    <property name="java.vendor.url" value="http://java.oracle.com/"/>
    <property name="user.timezone" value=""/>
    <property name="java.vm.specification.version" value="1.8"/>
    <property name="os.name" value="Linux"/>
    <property name="test.build.data" value="/github/workspace/mnt/ozone/hadoop-ozone/integration-test/target/test-dir"/>
    <property name="user.country" value="US"/>
    <property name="sun.java.launcher" value="SUN_STANDARD"/>
    <property name="sun.boot.library.path" value="/usr/lib/jvm/java-1.8.0-openjdk-1.8.0.232.b09-0.el7_7.x86_64/jre/lib/amd64"/>
    <property name="sun.java.command" value="/github/workspace/mnt/ozone/hadoop-ozone/integration-test/target/surefire/surefirebooter2830704908900140359.jar /github/workspace/mnt/ozone/hadoop-ozone/integration-test/target/surefire 2020-04-28T12-13-42_417-jvmRun1 surefire3200199658614899309tmp surefire_33973500875672437092tmp"/>
    <property name="surefire.test.class.path" value="/github/workspace/mnt/ozone/hadoop-ozone/integration-test/target/test-classes:/github/workspace/mnt/ozone/hadoop-ozone/integration-test/target/classes:/home/user/.m2/repository/org/apache/hadoop/hadoop-ozone-common/0.6.0-SNAPSHOT/hadoop-ozone-common-0.6.0-SNAPSHOT.jar:/home/user/.m2/repository/org/apache/commons/commons-compress/1.4.1/commons-compress-1.4.1.jar:/home/user/.m2/repository/org/tukaani/xz/1.0/xz-1.0.jar:/home/user/.m2/repository/org/apache/hadoop/hadoop-hdds-common/0.6.0-SNAPSHOT/hadoop-hdds-common-0.6.0-SNAPSHOT.jar:/home/user/.m2/repository/info/picocli/picocli/3.9.6/picocli-3.9.6.jar:/home/user/.m2/repository/com/fasterxml/jackson/core/jackson-annotations/2.10.3/jackson-annotations-2.10.3.jar:/home/user/.m2/repository/javax/annotation/javax.annotation-api/1.2/javax.annotation-api-1.2.jar:/home/user/.m2/repository/org/apache/ratis/ratis-server/0.6.0-490b689-SNAPSHOT/ratis-server-0.6.0-490b689-SNAPSHOT.jar:/home/user/.m2/repository/org/apache/ratis/ratis-thirdparty-misc/0.3.0/ratis-thirdparty-misc-0.3.0.jar:/home/user/.m2/repository/org/apache/ratis/ratis-client/0.6.0-490b689-SNAPSHOT/ratis-client-0.6.0-490b689-SNAPSHOT.jar:/home/user/.m2/repository/org/apache/ratis/ratis-metrics/0.6.0-490b689-SNAPSHOT/ratis-metrics-0.6.0-490b689-SNAPSHOT.jar:/home/user/.m2/repository/org/apache/ratis/ratis-netty/0.6.0-490b689-SNAPSHOT/ratis-netty-0.6.0-490b689-SNAPSHOT.jar:/home/user/.m2/repository/org/apache/ratis/ratis-grpc/0.6.0-490b689-SNAPSHOT/ratis-grpc-0.6.0-490b689-SNAPSHOT.jar:/home/user/.m2/repository/org/apache/logging/log4j/log4j-api/2.11.0/log4j-api-2.11.0.jar:/home/user/.m2/repository/org/apache/logging/log4j/log4j-core/2.11.0/log4j-core-2.11.0.jar:/home/user/.m2/repository/com/lmax/disruptor/3.4.2/disruptor-3.4.2.jar:/home/user/.m2/repository/org/apache/commons/commons-pool2/2.6.0/commons-pool2-2.6.0.jar:/home/user/.m2/repository/org/bouncycastle/bcpkix-jdk15on/1.60/bcpkix-jdk15on-1.60.jar:/home/user/.m2/repository/commons-validator/commons-validator/1.6/commons-validator-1.6.jar:/home/user/.m2/repository/commons-digester/commons-digester/1.8.1/commons-digester-1.8.1.jar:/home/user/.m2/repository/io/jaegertracing/jaeger-client/1.2.0/jaeger-client-1.2.0.jar:/home/user/.m2/repository/io/jaegertracing/jaeger-thrift/1.2.0/jaeger-thrift-1.2.0.jar:/home/user/.m2/repository/org/apache/thrift/libthrift/0.13.0/libthrift-0.13.0.jar:/home/user/.m2/repository/com/squareup/okhttp3/okhttp/4.2.2/okhttp-4.2.2.jar:/home/user/.m2/repository/com/squareup/okio/okio/2.2.2/okio-2.2.2.jar:/home/user/.m2/repository/org/jetbrains/kotlin/kotlin-stdlib/1.3.50/kotlin-stdlib-1.3.50.jar:/home/user/.m2/repository/org/jetbrains/kotlin/kotlin-stdlib-common/1.3.50/kotlin-stdlib-common-1.3.50.jar:/home/user/.m2/repository/org/jetbrains/annotations/13.0/annotations-13.0.jar:/home/user/.m2/repository/io/jaegertracing/jaeger-core/1.2.0/jaeger-core-1.2.0.jar:/home/user/.m2/repository/io/jaegertracing/jaeger-tracerresolver/1.2.0/jaeger-tracerresolver-1.2.0.jar:/home/user/.m2/repository/io/opentracing/contrib/opentracing-tracerresolver/0.1.8/opentracing-tracerresolver-0.1.8.jar:/home/user/.m2/repository/io/opentracing/opentracing-util/0.33.0/opentracing-util-0.33.0.jar:/home/user/.m2/repository/io/opentracing/opentracing-api/0.33.0/opentracing-api-0.33.0.jar:/home/user/.m2/repository/io/opentracing/opentracing-noop/0.33.0/opentracing-noop-0.33.0.jar:/home/user/.m2/repository/org/apache/hadoop/hadoop-hdds-client/0.6.0-SNAPSHOT/hadoop-hdds-client-0.6.0-SNAPSHOT.jar:/home/user/.m2/repository/org/apache/hadoop/hadoop-hdds-test-utils/0.6.0-SNAPSHOT/hadoop-hdds-test-utils-0.6.0-SNAPSHOT.jar:/home/user/.m2/repository/com/google/guava/guava/28.2-jre/guava-28.2-jre.jar:/home/user/.m2/repository/com/google/guava/failureaccess/1.0.1/failureaccess-1.0.1.jar:/home/user/.m2/repository/com/google/guava/listenablefuture/9999.0-empty-to-avoid-conflict-with-guava/listenablefuture-9999.0-empty-to-avoid-conflict-with-guava.jar:/home/user/.m2/repository/com/google/code/findbugs/jsr305/3.0.0/jsr305-3.0.0.jar:/home/user/.m2/repository/org/checkerframework/checker-qual/2.10.0/checker-qual-2.10.0.jar:/home/user/.m2/repository/com/google/errorprone/error_prone_annotations/2.3.4/error_prone_annotations-2.3.4.jar:/home/user/.m2/repository/com/google/j2objc/j2objc-annotations/1.3/j2objc-annotations-1.3.jar:/home/user/.m2/repository/commons-io/commons-io/2.5/commons-io-2.5.jar:/home/user/.m2/repository/commons-logging/commons-logging/1.1.3/commons-logging-1.1.3.jar:/home/user/.m2/repository/log4j/log4j/1.2.17/log4j-1.2.17.jar:/home/user/.m2/repository/org/apache/commons/commons-lang3/3.7/commons-lang3-3.7.jar:/home/user/.m2/repository/org/slf4j/slf4j-api/1.7.25/slf4j-api-1.7.25.jar:/home/user/.m2/repository/org/apache/hadoop/hadoop-hdds-server-scm/0.6.0-SNAPSHOT/hadoop-hdds-server-scm-0.6.0-SNAPSHOT.jar:/home/user/.m2/repository/org/apache/hadoop/hadoop-hdds-container-service/0.6.0-SNAPSHOT/hadoop-hdds-container-service-0.6.0-SNAPSHOT.jar:/home/user/.m2/repository/org/apache/hadoop/hadoop-hdds-hadoop-dependency-server/0.6.0-SNAPSHOT/hadoop-hdds-hadoop-dependency-server-0.6.0-SNAPSHOT.jar:/home/user/.m2/repository/org/apache/hadoop/hadoop-hdds-server-framework/0.6.0-SNAPSHOT/hadoop-hdds-server-framework-0.6.0-SNAPSHOT.jar:/home/user/.m2/repository/org/rocksdb/rocksdbjni/6.6.4/rocksdbjni-6.6.4.jar:/home/user/.m2/repository/io/prometheus/simpleclient_dropwizard/0.7.0/simpleclient_dropwizard-0.7.0.jar:/home/user/.m2/repository/io/prometheus/simpleclient/0.7.0/simpleclient-0.7.0.jar:/home/user/.m2/repository/io/prometheus/simpleclient_common/0.7.0/simpleclient_common-0.7.0.jar:/home/user/.m2/repository/com/fasterxml/jackson/datatype/jackson-datatype-jsr310/2.10.3/jackson-datatype-jsr310-2.10.3.jar:/home/user/.m2/repository/org/apache/hadoop/hadoop-hdds-docs/0.6.0-SNAPSHOT/hadoop-hdds-docs-0.6.0-SNAPSHOT.jar:/home/user/.m2/repository/io/dropwizard/metrics/metrics-core/3.2.4/metrics-core-3.2.4.jar:/home/user/.m2/repository/org/apache/hadoop/hadoop-hdfs-client/3.2.0/hadoop-hdfs-client-3.2.0.jar:/home/user/.m2/repository/org/bouncycastle/bcprov-jdk15on/1.60/bcprov-jdk15on-1.60.jar:/home/user/.m2/repository/org/apache/hadoop/hadoop-ozone-ozone-manager/0.6.0-SNAPSHOT/hadoop-ozone-ozone-manager-0.6.0-SNAPSHOT.jar:/home/user/.m2/repository/org/apache/hadoop/hadoop-minikdc/3.2.0/hadoop-minikdc-3.2.0.jar:/home/user/.m2/repository/org/apache/kerby/kerb-simplekdc/1.0.1/kerb-simplekdc-1.0.1.jar:/home/user/.m2/repository/org/apache/kerby/kerb-client/1.0.1/kerb-client-1.0.1.jar:/home/user/.m2/repository/org/apache/kerby/kerby-config/1.0.1/kerby-config-1.0.1.jar:/home/user/.m2/repository/org/apache/kerby/kerb-core/1.0.1/kerb-core-1.0.1.jar:/home/user/.m2/repository/org/apache/kerby/kerby-pkix/1.0.1/kerby-pkix-1.0.1.jar:/home/user/.m2/repository/org/apache/kerby/kerby-asn1/1.0.1/kerby-asn1-1.0.1.jar:/home/user/.m2/repository/org/apache/kerby/kerby-util/1.0.1/kerby-util-1.0.1.jar:/home/user/.m2/repository/org/apache/kerby/kerb-common/1.0.1/kerb-common-1.0.1.jar:/home/user/.m2/repository/org/apache/kerby/kerb-crypto/1.0.1/kerb-crypto-1.0.1.jar:/home/user/.m2/repository/org/apache/kerby/kerb-util/1.0.1/kerb-util-1.0.1.jar:/home/user/.m2/repository/org/apache/kerby/token-provider/1.0.1/token-provider-1.0.1.jar:/home/user/.m2/repository/org/apache/kerby/kerb-admin/1.0.1/kerb-admin-1.0.1.jar:/home/user/.m2/repository/org/apache/kerby/kerb-server/1.0.1/kerb-server-1.0.1.jar:/home/user/.m2/repository/org/apache/kerby/kerb-identity/1.0.1/kerb-identity-1.0.1.jar:/home/user/.m2/repository/org/apache/kerby/kerby-xdr/1.0.1/kerby-xdr-1.0.1.jar:/home/user/.m2/repository/org/slf4j/slf4j-log4j12/1.7.25/slf4j-log4j12-1.7.25.jar:/home/user/.m2/repository/org/apache/hadoop/hadoop-ozone-s3gateway/0.6.0-SNAPSHOT/hadoop-ozone-s3gateway-0.6.0-SNAPSHOT.jar:/home/user/.m2/repository/org/jboss/weld/servlet/weld-servlet/2.4.7.Final/weld-servlet-2.4.7.Final.jar:/home/user/.m2/repository/org/glassfish/jersey/containers/jersey-container-servlet-core/2.27/jersey-container-servlet-core-2.27.jar:/home/user/.m2/repository/org/glassfish/hk2/external/javax.inject/2.5.0-b42/javax.inject-2.5.0-b42.jar:/home/user/.m2/repository/org/glassfish/jersey/core/jersey-common/2.27/jersey-common-2.27.jar:/home/user/.m2/repository/org/glassfish/hk2/osgi-resource-locator/1.0.1/osgi-resource-locator-1.0.1.jar:/home/user/.m2/repository/javax/ws/rs/javax.ws.rs-api/2.1/javax.ws.rs-api-2.1.jar:/home/user/.m2/repository/org/glassfish/jersey/ext/cdi/jersey-cdi1x/2.27/jersey-cdi1x-2.27.jar:/home/user/.m2/repository/org/glassfish/jersey/inject/jersey-hk2/2.27/jersey-hk2-2.27.jar:/home/user/.m2/repository/org/glassfish/hk2/hk2-locator/2.5.0-b42/hk2-locator-2.5.0-b42.jar:/home/user/.m2/repository/org/javassist/javassist/3.22.0-CR2/javassist-3.22.0-CR2.jar:/home/user/.m2/repository/org/glassfish/hk2/hk2-api/2.5.0/hk2-api-2.5.0.jar:/home/user/.m2/repository/org/glassfish/hk2/external/jakarta.inject/2.5.0/jakarta.inject-2.5.0.jar:/home/user/.m2/repository/org/glassfish/hk2/hk2-utils/2.5.0/hk2-utils-2.5.0.jar:/home/user/.m2/repository/jakarta/annotation/jakarta.annotation-api/1.3.4/jakarta.annotation-api-1.3.4.jar:/home/user/.m2/repository/org/glassfish/hk2/external/aopalliance-repackaged/2.5.0/aopalliance-repackaged-2.5.0.jar:/home/user/.m2/repository/com/fasterxml/jackson/dataformat/jackson-dataformat-xml/2.9.0/jackson-dataformat-xml-2.9.0.jar:/home/user/.m2/repository/com/fasterxml/jackson/core/jackson-core/2.10.3/jackson-core-2.10.3.jar:/home/user/.m2/repository/com/fasterxml/jackson/module/jackson-module-jaxb-annotations/2.10.3/jackson-module-jaxb-annotations-2.10.3.jar:/home/user/.m2/repository/jakarta/xml/bind/jakarta.xml.bind-api/2.3.2/jakarta.xml.bind-api-2.3.2.jar:/home/user/.m2/repository/jakarta/activation/jakarta.activation-api/1.2.1/jakarta.activation-api-1.2.1.jar:/home/user/.m2/repository/org/codehaus/woodstox/stax2-api/3.1.4/stax2-api-3.1.4.jar:/home/user/.m2/repository/com/fasterxml/woodstox/woodstox-core/5.0.3/woodstox-core-5.0.3.jar:/home/user/.m2/repository/javax/enterprise/cdi-api/1.2/cdi-api-1.2.jar:/home/user/.m2/repository/javax/el/javax.el-api/3.0.0/javax.el-api-3.0.0.jar:/home/user/.m2/repository/javax/interceptor/javax.interceptor-api/1.2/javax.interceptor-api-1.2.jar:/home/user/.m2/repository/javax/inject/javax.inject/1/javax.inject-1.jar:/home/user/.m2/repository/com/sun/xml/bind/jaxb-impl/2.3.0.1/jaxb-impl-2.3.0.1.jar:/home/user/.m2/repository/com/sun/xml/bind/jaxb-core/2.3.0.1/jaxb-core-2.3.0.1.jar:/home/user/.m2/repository/javax/xml/bind/jaxb-api/2.3.0/jaxb-api-2.3.0.jar:/home/user/.m2/repository/javax/activation/activation/1.1.1/activation-1.1.1.jar:/home/user/.m2/repository/org/apache/hadoop/hadoop-ozone-csi/0.6.0-SNAPSHOT/hadoop-ozone-csi-0.6.0-SNAPSHOT.jar:/home/user/.m2/repository/com/google/protobuf/protobuf-java-util/3.5.1/protobuf-java-util-3.5.1.jar:/home/user/.m2/repository/com/google/code/gson/gson/2.2.4/gson-2.2.4.jar:/home/user/.m2/repository/org/apache/hadoop/hadoop-hdds-config/0.6.0-SNAPSHOT/hadoop-hdds-config-0.6.0-SNAPSHOT.jar:/home/user/.m2/repository/com/google/protobuf/protobuf-java/2.5.0/protobuf-java-2.5.0.jar:/home/user/.m2/repository/io/grpc/grpc-netty/1.17.1/grpc-netty-1.17.1.jar:/home/user/.m2/repository/io/grpc/grpc-core/1.17.1/grpc-core-1.17.1.jar:/home/user/.m2/repository/io/grpc/grpc-context/1.17.1/grpc-context-1.17.1.jar:/home/user/.m2/repository/org/codehaus/mojo/animal-sniffer-annotations/1.17/animal-sniffer-annotations-1.17.jar:/home/user/.m2/repository/io/opencensus/opencensus-api/0.17.0/opencensus-api-0.17.0.jar:/home/user/.m2/repository/io/opencensus/opencensus-contrib-grpc-metrics/0.17.0/opencensus-contrib-grpc-metrics-0.17.0.jar:/home/user/.m2/repository/io/netty/netty-codec-http2/4.1.30.Final/netty-codec-http2-4.1.30.Final.jar:/home/user/.m2/repository/io/netty/netty-codec-http/4.1.30.Final/netty-codec-http-4.1.30.Final.jar:/home/user/.m2/repository/io/netty/netty-codec/4.1.30.Final/netty-codec-4.1.30.Final.jar:/home/user/.m2/repository/io/netty/netty-handler/4.1.30.Final/netty-handler-4.1.30.Final.jar:/home/user/.m2/repository/io/netty/netty-handler-proxy/4.1.30.Final/netty-handler-proxy-4.1.30.Final.jar:/home/user/.m2/repository/io/netty/netty-codec-socks/4.1.30.Final/netty-codec-socks-4.1.30.Final.jar:/home/user/.m2/repository/io/netty/netty-transport-native-epoll/4.1.30.Final/netty-transport-native-epoll-4.1.30.Final.jar:/home/user/.m2/repository/io/netty/netty-common/4.1.30.Final/netty-common-4.1.30.Final.jar:/home/user/.m2/repository/io/netty/netty-buffer/4.1.30.Final/netty-buffer-4.1.30.Final.jar:/home/user/.m2/repository/io/netty/netty-transport/4.1.30.Final/netty-transport-4.1.30.Final.jar:/home/user/.m2/repository/io/netty/netty-resolver/4.1.30.Final/netty-resolver-4.1.30.Final.jar:/home/user/.m2/repository/io/netty/netty-transport-native-unix-common/4.1.30.Final/netty-transport-native-unix-common-4.1.30.Final.jar:/home/user/.m2/repository/io/grpc/grpc-protobuf/1.17.1/grpc-protobuf-1.17.1.jar:/home/user/.m2/repository/com/google/api/grpc/proto-google-common-protos/1.0.0/proto-google-common-protos-1.0.0.jar:/home/user/.m2/repository/io/grpc/grpc-protobuf-lite/1.17.1/grpc-protobuf-lite-1.17.1.jar:/home/user/.m2/repository/io/grpc/grpc-stub/1.17.1/grpc-stub-1.17.1.jar:/home/user/.m2/repository/org/apache/hadoop/hadoop-ozone-recon/0.6.0-SNAPSHOT/hadoop-ozone-recon-0.6.0-SNAPSHOT.jar:/home/user/.m2/repository/org/apache/hadoop/hadoop-ozone-reconcodegen/0.6.0-SNAPSHOT/hadoop-ozone-reconcodegen-0.6.0-SNAPSHOT.jar:/home/user/.m2/repository/com/google/inject/extensions/guice-multibindings/4.0/guice-multibindings-4.0.jar:/home/user/.m2/repository/com/google/inject/guice/4.0/guice-4.0.jar:/home/user/.m2/repository/aopalliance/aopalliance/1.0/aopalliance-1.0.jar:/home/user/.m2/repository/com/google/inject/extensions/guice-servlet/4.0/guice-servlet-4.0.jar:/home/user/.m2/repository/org/glassfish/jersey/containers/jersey-container-servlet/2.27/jersey-container-servlet-2.27.jar:/home/user/.m2/repository/org/glassfish/hk2/guice-bridge/2.5.0/guice-bridge-2.5.0.jar:/home/user/.m2/repository/org/glassfish/jersey/core/jersey-server/2.27/jersey-server-2.27.jar:/home/user/.m2/repository/org/glassfish/jersey/core/jersey-client/2.27/jersey-client-2.27.jar:/home/user/.m2/repository/org/glassfish/jersey/media/jersey-media-jaxb/2.27/jersey-media-jaxb-2.27.jar:/home/user/.m2/repository/javax/validation/validation-api/1.1.0.Final/validation-api-1.1.0.Final.jar:/home/user/.m2/repository/org/glassfish/jersey/media/jersey-media-json-jackson/2.27/jersey-media-json-jackson-2.27.jar:/home/user/.m2/repository/org/glassfish/jersey/ext/jersey-entity-filtering/2.27/jersey-entity-filtering-2.27.jar:/home/user/.m2/repository/com/google/inject/extensions/guice-assistedinject/4.0/guice-assistedinject-4.0.jar:/home/user/.m2/repository/org/jooq/jooq/3.11.10/jooq-3.11.10.jar:/home/user/.m2/repository/org/jooq/jooq-meta/3.11.10/jooq-meta-3.11.10.jar:/home/user/.m2/repository/org/jooq/jooq-codegen/3.11.10/jooq-codegen-3.11.10.jar:/home/user/.m2/repository/com/jolbox/bonecp/0.8.0.RELEASE/bonecp-0.8.0.RELEASE.jar:/home/user/.m2/repository/org/xerial/sqlite-jdbc/3.25.2/sqlite-jdbc-3.25.2.jar:/home/user/.m2/repository/org/springframework/spring-jdbc/5.2.5.RELEASE/spring-jdbc-5.2.5.RELEASE.jar:/home/user/.m2/repository/org/springframework/spring-beans/5.2.5.RELEASE/spring-beans-5.2.5.RELEASE.jar:/home/user/.m2/repository/org/springframework/spring-core/5.2.5.RELEASE/spring-core-5.2.5.RELEASE.jar:/home/user/.m2/repository/org/springframework/spring-jcl/5.2.5.RELEASE/spring-jcl-5.2.5.RELEASE.jar:/home/user/.m2/repository/org/springframework/spring-tx/5.2.5.RELEASE/spring-tx-5.2.5.RELEASE.jar:/home/user/.m2/repository/org/apache/hadoop/hadoop-ozone-client/0.6.0-SNAPSHOT/hadoop-ozone-client-0.6.0-SNAPSHOT.jar:/home/user/.m2/repository/org/apache/hadoop/hadoop-ozone-filesystem/0.6.0-SNAPSHOT/hadoop-ozone-filesystem-0.6.0-SNAPSHOT.jar:/home/user/.m2/repository/org/apache/hadoop/hadoop-hdds-hadoop-dependency-client/0.6.0-SNAPSHOT/hadoop-hdds-hadoop-dependency-client-0.6.0-SNAPSHOT.jar:/home/user/.m2/repository/org/apache/hadoop/hadoop-ozone-tools/0.6.0-SNAPSHOT/hadoop-ozone-tools-0.6.0-SNAPSHOT.jar:/home/user/.m2/repository/org/apache/hadoop/hadoop-hdfs/3.2.0/hadoop-hdfs-3.2.0.jar:/home/user/.m2/repository/org/apache/ratis/ratis-tools/0.6.0-490b689-SNAPSHOT/ratis-tools-0.6.0-490b689-SNAPSHOT.jar:/home/user/.m2/repository/org/apache/ratis/ratis-proto/0.6.0-490b689-SNAPSHOT/ratis-proto-0.6.0-490b689-SNAPSHOT.jar:/home/user/.m2/repository/org/apache/ratis/ratis-common/0.6.0-490b689-SNAPSHOT/ratis-common-0.6.0-490b689-SNAPSHOT.jar:/home/user/.m2/repository/com/amazonaws/aws-java-sdk-core/1.11.615/aws-java-sdk-core-1.11.615.jar:/home/user/.m2/repository/org/apache/httpcomponents/httpclient/4.5.2/httpclient-4.5.2.jar:/home/user/.m2/repository/org/apache/httpcomponents/httpcore/4.4.4/httpcore-4.4.4.jar:/home/user/.m2/repository/software/amazon/ion/ion-java/1.0.2/ion-java-1.0.2.jar:/home/user/.m2/repository/com/fasterxml/jackson/dataformat/jackson-dataformat-cbor/2.10.3/jackson-dataformat-cbor-2.10.3.jar:/home/user/.m2/repository/joda-time/joda-time/2.9.9/joda-time-2.9.9.jar:/home/user/.m2/repository/com/amazonaws/aws-java-sdk-s3/1.11.615/aws-java-sdk-s3-1.11.615.jar:/home/user/.m2/repository/com/amazonaws/aws-java-sdk-kms/1.11.615/aws-java-sdk-kms-1.11.615.jar:/home/user/.m2/repository/com/amazonaws/jmespath-java/1.11.615/jmespath-java-1.11.615.jar:/home/user/.m2/repository/org/apache/hadoop/hadoop-hdds-tools/0.6.0-SNAPSHOT/hadoop-hdds-tools-0.6.0-SNAPSHOT.jar:/home/user/.m2/repository/commons-cli/commons-cli/1.2/commons-cli-1.2.jar:/home/user/.m2/repository/commons-lang/commons-lang/2.6/commons-lang-2.6.jar:/home/user/.m2/repository/org/apache/hadoop/hadoop-ozone-ozone-manager/0.6.0-SNAPSHOT/hadoop-ozone-ozone-manager-0.6.0-SNAPSHOT-tests.jar:/home/user/.m2/repository/junit/junit/4.11/junit-4.11.jar:/home/user/.m2/repository/org/hamcrest/hamcrest-core/1.3/hamcrest-core-1.3.jar:/home/user/.m2/repository/org/openjdk/jmh/jmh-core/1.19/jmh-core-1.19.jar:/home/user/.m2/repository/net/sf/jopt-simple/jopt-simple/4.6/jopt-simple-4.6.jar:/home/user/.m2/repository/org/apache/commons/commons-math3/3.1.1/commons-math3-3.1.1.jar:/home/user/.m2/repository/org/openjdk/jmh/jmh-generator-annprocess/1.19/jmh-generator-annprocess-1.19.jar:/home/user/.m2/repository/org/mockito/mockito-all/1.8.5/mockito-all-1.8.5.jar:/home/user/.m2/repository/org/apache/hadoop/hadoop-kms/3.2.0/hadoop-kms-3.2.0.jar:/home/user/.m2/repository/org/apache/hadoop/hadoop-auth/3.2.0/hadoop-auth-3.2.0.jar:/home/user/.m2/repository/com/nimbusds/nimbus-jose-jwt/7.9/nimbus-jose-jwt-7.9.jar:/home/user/.m2/repository/com/github/stephenc/jcip/jcip-annotations/1.0-1/jcip-annotations-1.0-1.jar:/home/user/.m2/repository/net/minidev/json-smart/2.3/json-smart-2.3.jar:/home/user/.m2/repository/net/minidev/accessors-smart/1.2/accessors-smart-1.2.jar:/home/user/.m2/repository/org/ow2/asm/asm/5.0.4/asm-5.0.4.jar:/home/user/.m2/repository/org/apache/zookeeper/zookeeper/3.4.13/zookeeper-3.4.13.jar:/home/user/.m2/repository/org/apache/yetus/audience-annotations/0.5.0/audience-annotations-0.5.0.jar:/home/user/.m2/repository/org/apache/curator/curator-framework/2.12.0/curator-framework-2.12.0.jar:/home/user/.m2/repository/com/sun/jersey/jersey-core/1.19/jersey-core-1.19.jar:/home/user/.m2/repository/javax/ws/rs/jsr311-api/1.1.1/jsr311-api-1.1.1.jar:/home/user/.m2/repository/com/sun/jersey/jersey-server/1.19/jersey-server-1.19.jar:/home/user/.m2/repository/javax/servlet/javax.servlet-api/3.1.0/javax.servlet-api-3.1.0.jar:/home/user/.m2/repository/org/eclipse/jetty/jetty-server/9.4.26.v20200117/jetty-server-9.4.26.v20200117.jar:/home/user/.m2/repository/org/eclipse/jetty/jetty-http/9.4.26.v20200117/jetty-http-9.4.26.v20200117.jar:/home/user/.m2/repository/org/eclipse/jetty/jetty-io/9.4.26.v20200117/jetty-io-9.4.26.v20200117.jar:/home/user/.m2/repository/org/eclipse/jetty/jetty-webapp/9.4.26.v20200117/jetty-webapp-9.4.26.v20200117.jar:/home/user/.m2/repository/org/eclipse/jetty/jetty-xml/9.4.26.v20200117/jetty-xml-9.4.26.v20200117.jar:/home/user/.m2/repository/org/eclipse/jetty/jetty-servlet/9.4.26.v20200117/jetty-servlet-9.4.26.v20200117.jar:/home/user/.m2/repository/org/eclipse/jetty/jetty-security/9.4.26.v20200117/jetty-security-9.4.26.v20200117.jar:/home/user/.m2/repository/org/apache/hadoop/hadoop-common/3.2.0/hadoop-common-3.2.0.jar:/home/user/.m2/repository/commons-net/commons-net/3.6/commons-net-3.6.jar:/home/user/.m2/repository/commons-collections/commons-collections/3.2.2/commons-collections-3.2.2.jar:/home/user/.m2/repository/com/sun/jersey/jersey-servlet/1.19/jersey-servlet-1.19.jar:/home/user/.m2/repository/com/sun/jersey/jersey-json/1.19/jersey-json-1.19.jar:/home/user/.m2/repository/org/codehaus/jettison/jettison/1.1/jettison-1.1.jar:/home/user/.m2/repository/org/codehaus/jackson/jackson-jaxrs/1.9.2/jackson-jaxrs-1.9.2.jar:/home/user/.m2/repository/org/codehaus/jackson/jackson-xc/1.9.2/jackson-xc-1.9.2.jar:/home/user/.m2/repository/commons-beanutils/commons-beanutils/1.9.4/commons-beanutils-1.9.4.jar:/home/user/.m2/repository/org/apache/commons/commons-configuration2/2.1.1/commons-configuration2-2.1.1.jar:/home/user/.m2/repository/org/apache/commons/commons-text/1.4/commons-text-1.4.jar:/home/user/.m2/repository/com/google/re2j/re2j/1.1/re2j-1.1.jar:/home/user/.m2/repository/com/jcraft/jsch/0.1.54/jsch-0.1.54.jar:/home/user/.m2/repository/org/apache/curator/curator-client/2.12.0/curator-client-2.12.0.jar:/home/user/.m2/repository/org/apache/curator/curator-recipes/2.12.0/curator-recipes-2.12.0.jar:/home/user/.m2/repository/dnsjava/dnsjava/2.1.7/dnsjava-2.1.7.jar:/home/user/.m2/repository/org/slf4j/jul-to-slf4j/1.7.25/jul-to-slf4j-1.7.25.jar:/home/user/.m2/repository/org/eclipse/jetty/jetty-util/9.4.26.v20200117/jetty-util-9.4.26.v20200117.jar:/home/user/.m2/repository/com/fasterxml/jackson/core/jackson-databind/2.10.3/jackson-databind-2.10.3.jar:/home/user/.m2/repository/org/apache/hadoop/hadoop-kms/3.2.0/hadoop-kms-3.2.0-tests.jar:/home/user/.m2/repository/org/apache/hadoop/hadoop-hdds-server-scm/0.6.0-SNAPSHOT/hadoop-hdds-server-scm-0.6.0-SNAPSHOT-tests.jar:/home/user/.m2/repository/org/apache/hadoop/hadoop-hdds-container-service/0.6.0-SNAPSHOT/hadoop-hdds-container-service-0.6.0-SNAPSHOT-tests.jar:/home/user/.m2/repository/org/apache/hadoop/hadoop-hdds-common/0.6.0-SNAPSHOT/hadoop-hdds-common-0.6.0-SNAPSHOT-tests.jar:/home/user/.m2/repository/org/yaml/snakeyaml/1.16/snakeyaml-1.16.jar:/home/user/.m2/repository/org/apache/hadoop/hadoop-hdds-hadoop-dependency-test/0.6.0-SNAPSHOT/hadoop-hdds-hadoop-dependency-test-0.6.0-SNAPSHOT.jar:/home/user/.m2/repository/org/apache/hadoop/hadoop-common/3.2.0/hadoop-common-3.2.0-tests.jar:/home/user/.m2/repository/javax/servlet/jsp/jsp-api/2.1/jsp-api-2.1.jar:/home/user/.m2/repository/org/apache/hadoop/hadoop-hdfs/3.2.0/hadoop-hdfs-3.2.0-tests.jar:/home/user/.m2/repository/org/eclipse/jetty/jetty-util-ajax/9.4.26.v20200117/jetty-util-ajax-9.4.26.v20200117.jar:/home/user/.m2/repository/commons-codec/commons-codec/1.11/commons-codec-1.11.jar:/home/user/.m2/repository/commons-daemon/commons-daemon/1.0.13/commons-daemon-1.0.13.jar:/home/user/.m2/repository/io/netty/netty/3.10.5.Final/netty-3.10.5.Final.jar:/home/user/.m2/repository/io/netty/netty-all/4.1.47.Final/netty-all-4.1.47.Final.jar:/home/user/.m2/repository/org/apache/htrace/htrace-core4/4.1.0-incubating/htrace-core4-4.1.0-incubating.jar:/home/user/.m2/repository/org/fusesource/leveldbjni/leveldbjni-all/1.8/leveldbjni-all-1.8.jar:/home/user/.m2/repository/org/apache/hadoop/hadoop-distcp/3.2.0/hadoop-distcp-3.2.0.jar:/home/user/.m2/repository/org/apache/hadoop/hadoop-mapreduce-client-jobclient/3.2.0/hadoop-mapreduce-client-jobclient-3.2.0.jar:/home/user/.m2/repository/org/apache/hadoop/hadoop-mapreduce-client-common/3.2.0/hadoop-mapreduce-client-common-3.2.0.jar:/home/user/.m2/repository/org/apache/hadoop/hadoop-yarn-common/3.2.0/hadoop-yarn-common-3.2.0.jar:/home/user/.m2/repository/org/apache/hadoop/hadoop-yarn-api/3.2.0/hadoop-yarn-api-3.2.0.jar:/home/user/.m2/repository/com/sun/jersey/jersey-client/1.19/jersey-client-1.19.jar:/home/user/.m2/repository/com/sun/jersey/contribs/jersey-guice/1.19/jersey-guice-1.19.jar:/home/user/.m2/repository/com/fasterxml/jackson/jaxrs/jackson-jaxrs-json-provider/2.10.3/jackson-jaxrs-json-provider-2.10.3.jar:/home/user/.m2/repository/com/fasterxml/jackson/jaxrs/jackson-jaxrs-base/2.10.3/jackson-jaxrs-base-2.10.3.jar:/home/user/.m2/repository/org/apache/hadoop/hadoop-yarn-client/3.2.0/hadoop-yarn-client-3.2.0.jar:/home/user/.m2/repository/org/apache/hadoop/hadoop-mapreduce-client-core/3.2.0/hadoop-mapreduce-client-core-3.2.0.jar:/home/user/.m2/repository/org/apache/avro/avro/1.7.7/avro-1.7.7.jar:/home/user/.m2/repository/org/codehaus/jackson/jackson-core-asl/1.9.13/jackson-core-asl-1.9.13.jar:/home/user/.m2/repository/org/codehaus/jackson/jackson-mapper-asl/1.9.13/jackson-mapper-asl-1.9.13.jar:/home/user/.m2/repository/com/thoughtworks/paranamer/paranamer/2.3/paranamer-2.3.jar:/home/user/.m2/repository/org/xerial/snappy/snappy-java/1.0.5/snappy-java-1.0.5.jar:/home/user/.m2/repository/org/apache/hadoop/hadoop-annotations/3.2.0/hadoop-annotations-3.2.0.jar:/usr/lib/jvm/java-1.8.0-openjdk-1.8.0.232.b09-0.el7_7.x86_64/jre/../lib/tools.jar:/home/user/.m2/repository/org/apache/hadoop/hadoop-distcp/3.2.0/hadoop-distcp-3.2.0-tests.jar:"/>
    <property name="sun.cpu.endian" value="little"/>
    <property name="user.home" value="/home/user"/>
    <property name="user.language" value="en"/>
    <property name="java.specification.vendor" value="Oracle Corporation"/>
    <property name="java.home" value="/usr/lib/jvm/java-1.8.0-openjdk-1.8.0.232.b09-0.el7_7.x86_64/jre"/>
    <property name="java.security.krb5.conf" value="/github/workspace/mnt/ozone/hadoop-ozone/integration-test/target/test-classes/krb5.conf"/>
    <property name="basedir" value="/github/workspace/mnt/ozone/hadoop-ozone/integration-test"/>
    <property name="file.separator" value="/"/>
    <property name="line.separator" value="&#10;"/>
    <property name="java.vm.specification.vendor" value="Oracle Corporation"/>
    <property name="java.specification.name" value="Java Platform API Specification"/>
    <property name="java.awt.graphicsenv" value="sun.awt.X11GraphicsEnvironment"/>
    <property name="surefire.real.class.path" value="/github/workspace/mnt/ozone/hadoop-ozone/integration-test/target/surefire/surefirebooter2830704908900140359.jar:/home/user/.m2/repository/org/jacoco/org.jacoco.agent/0.8.3/org.jacoco.agent-0.8.3-runtime.jar"/>
    <property name="hadoop.log.dir" value="/github/workspace/mnt/ozone/hadoop-ozone/integration-test/target/log"/>
    <property name="sun.boot.class.path" value="/usr/lib/jvm/java-1.8.0-openjdk-1.8.0.232.b09-0.el7_7.x86_64/jre/lib/resources.jar:/usr/lib/jvm/java-1.8.0-openjdk-1.8.0.232.b09-0.el7_7.x86_64/jre/lib/rt.jar:/usr/lib/jvm/java-1.8.0-openjdk-1.8.0.232.b09-0.el7_7.x86_64/jre/lib/sunrsasign.jar:/usr/lib/jvm/java-1.8.0-openjdk-1.8.0.232.b09-0.el7_7.x86_64/jre/lib/jsse.jar:/usr/lib/jvm/java-1.8.0-openjdk-1.8.0.232.b09-0.el7_7.x86_64/jre/lib/jce.jar:/usr/lib/jvm/java-1.8.0-openjdk-1.8.0.232.b09-0.el7_7.x86_64/jre/lib/charsets.jar:/usr/lib/jvm/java-1.8.0-openjdk-1.8.0.232.b09-0.el7_7.x86_64/jre/lib/jfr.jar:/usr/lib/jvm/java-1.8.0-openjdk-1.8.0.232.b09-0.el7_7.x86_64/jre/classes"/>
    <property name="sun.management.compiler" value="HotSpot 64-Bit Tiered Compilers"/>
    <property name="java.runtime.version" value="1.8.0_232-b09"/>
    <property name="java.net.preferIPv4Stack" value="true"/>
    <property name="user.name" value="jenkins1001"/>
    <property name="path.separator" value=":"/>
    <property name="java.security.egd" value="file:///dev/urandom"/>
    <property name="os.version" value="5.0.0-1035-azure"/>
    <property name="java.endorsed.dirs" value="/usr/lib/jvm/java-1.8.0-openjdk-1.8.0.232.b09-0.el7_7.x86_64/jre/lib/endorsed"/>
    <property name="java.runtime.name" value="OpenJDK Runtime Environment"/>
    <property name="file.encoding" value="ANSI_X3.4-1968"/>
    <property name="java.vm.name" value="OpenJDK 64-Bit Server VM"/>
    <property name="test.build.webapps" value=""/>
    <property name="localRepository" value="/home/user/.m2/repository"/>
    <property name="java.vendor.url.bug" value="http://bugreport.sun.com/bugreport/"/>
    <property name="java.io.tmpdir" value="/tmp"/>
    <property name="require.test.libhadoop" value=""/>
    <property name="java.version" value="1.8.0_232"/>
    <property name="user.dir" value="/github/workspace/mnt/ozone/hadoop-ozone/integration-test"/>
    <property name="os.arch" value="amd64"/>
    <property name="java.vm.specification.name" value="Java Virtual Machine Specification"/>
    <property name="test.build.classes" value="/github/workspace/mnt/ozone/hadoop-ozone/integration-test/target/test-classes"/>
    <property name="java.awt.printerjob" value="sun.print.PSPrinterJob"/>
    <property name="sun.os.patch.level" value="unknown"/>
    <property name="hadoop.tmp.dir" value="/github/workspace/mnt/ozone/hadoop-ozone/integration-test/target/tmp"/>
    <property name="java.library.path" value="/usr/lib:/usr/java/packages/lib/amd64:/usr/lib64:/lib64:/lib:/usr/lib"/>
    <property name="java.vm.info" value="mixed mode"/>
    <property name="java.vendor" value="Oracle Corporation"/>
    <property name="java.vm.version" value="25.232-b09"/>
    <property name="java.ext.dirs" value="/usr/lib/jvm/java-1.8.0-openjdk-1.8.0.232.b09-0.el7_7.x86_64/jre/lib/ext:/usr/java/packages/lib/ext"/>
    <property name="sun.io.unicode.encoding" value="UnicodeLittle"/>
    <property name="java.class.version" value="52.0"/>
  </properties>
  <testcase name="testReplication[0]" classname="org.apache.hadoop.fs.ozone.TestOzoneFileInterfaces" time="30.861"/>
  <testcase name="testOzoneManagerLocatedFileStatusBlockOffsetsWithMultiBlockFile[0]" classname="org.apache.hadoop.fs.ozone.TestOzoneFileInterfaces" time="27.684"/>
  <testcase name="testOzoneManagerFileSystemInterface[0]" classname="org.apache.hadoop.fs.ozone.TestOzoneFileInterfaces" time="23.033"/>
  <testcase name="testListStatus[0]" classname="org.apache.hadoop.fs.ozone.TestOzoneFileInterfaces" time="23.928"/>
  <testcase name="testDirectory[0]" classname="org.apache.hadoop.fs.ozone.TestOzoneFileInterfaces" time="23.876"/>
  <testcase name="testPathToKey[0]" classname="org.apache.hadoop.fs.ozone.TestOzoneFileInterfaces" time="22.948"/>
  <testcase name="testFileSystemInit[0]" classname="org.apache.hadoop.fs.ozone.TestOzoneFileInterfaces" time="22.93"/>
  <testcase name="testOzFsReadWrite[0]" classname="org.apache.hadoop.fs.ozone.TestOzoneFileInterfaces" time="23.022"/>
  <testcase name="testOzoneManagerLocatedFileStatus[0]" classname="org.apache.hadoop.fs.ozone.TestOzoneFileInterfaces" time="31.553"/>
  <testcase name="testReplication[1]" classname="org.apache.hadoop.fs.ozone.TestOzoneFileInterfaces" time="23.399"/>
  <testcase name="testOzoneManagerLocatedFileStatusBlockOffsetsWithMultiBlockFile[1]" classname="org.apache.hadoop.fs.ozone.TestOzoneFileInterfaces" time="27.679">
    <failure message="expected:&lt;8388608&gt; but was:&lt;5242880&gt;" type="java.lang.AssertionError"><![CDATA[java.lang.AssertionError: expected:<8388608> but was:<5242880>
	at org.junit.Assert.fail(Assert.java:88)
	at org.junit.Assert.failNotEquals(Assert.java:743)
	at org.junit.Assert.assertEquals(Assert.java:118)
	at org.junit.Assert.assertEquals(Assert.java:555)
	at org.junit.Assert.assertEquals(Assert.java:542)
	at org.apache.hadoop.fs.ozone.TestOzoneFileInterfaces.testOzoneManagerLocatedFileStatusBlockOffsetsWithMultiBlockFile(TestOzoneFileInterfaces.java:454)
	at sun.reflect.NativeMethodAccessorImpl.invoke0(Native Method)
	at sun.reflect.NativeMethodAccessorImpl.invoke(NativeMethodAccessorImpl.java:62)
	at sun.reflect.DelegatingMethodAccessorImpl.invoke(DelegatingMethodAccessorImpl.java:43)
	at java.lang.reflect.Method.invoke(Method.java:498)
	at org.junit.runners.model.FrameworkMethod$1.runReflectiveCall(FrameworkMethod.java:47)
	at org.junit.internal.runners.model.ReflectiveCallable.run(ReflectiveCallable.java:12)
	at org.junit.runners.model.FrameworkMethod.invokeExplosively(FrameworkMethod.java:44)
	at org.junit.internal.runners.statements.InvokeMethod.evaluate(InvokeMethod.java:17)
	at org.junit.internal.runners.statements.RunBefores.evaluate(RunBefores.java:26)
	at org.junit.internal.runners.statements.RunAfters.evaluate(RunAfters.java:27)
	at org.junit.runners.ParentRunner.runLeaf(ParentRunner.java:271)
	at org.junit.runners.BlockJUnit4ClassRunner.runChild(BlockJUnit4ClassRunner.java:70)
	at org.junit.runners.BlockJUnit4ClassRunner.runChild(BlockJUnit4ClassRunner.java:50)
	at org.junit.runners.ParentRunner$3.run(ParentRunner.java:238)
	at org.junit.runners.ParentRunner$1.schedule(ParentRunner.java:63)
	at org.junit.runners.ParentRunner.runChildren(ParentRunner.java:236)
	at org.junit.runners.ParentRunner.access$000(ParentRunner.java:53)
	at org.junit.runners.ParentRunner$2.evaluate(ParentRunner.java:229)
	at org.junit.runners.ParentRunner.run(ParentRunner.java:309)
	at org.junit.runners.Suite.runChild(Suite.java:127)
	at org.junit.runners.Suite.runChild(Suite.java:26)
	at org.junit.runners.ParentRunner$3.run(ParentRunner.java:238)
	at org.junit.runners.ParentRunner$1.schedule(ParentRunner.java:63)
	at org.junit.runners.ParentRunner.runChildren(ParentRunner.java:236)
	at org.junit.runners.ParentRunner.access$000(ParentRunner.java:53)
	at org.junit.runners.ParentRunner$2.evaluate(ParentRunner.java:229)
	at org.junit.runners.ParentRunner.run(ParentRunner.java:309)
	at org.apache.maven.surefire.junit4.JUnit4Provider.execute(JUnit4Provider.java:365)
	at org.apache.maven.surefire.junit4.JUnit4Provider.executeWithRerun(JUnit4Provider.java:273)
	at org.apache.maven.surefire.junit4.JUnit4Provider.executeTestSet(JUnit4Provider.java:238)
	at org.apache.maven.surefire.junit4.JUnit4Provider.invoke(JUnit4Provider.java:159)
	at org.apache.maven.surefire.booter.ForkedBooter.invokeProviderInSameClassLoader(ForkedBooter.java:384)
	at org.apache.maven.surefire.booter.ForkedBooter.runSuitesInProcess(ForkedBooter.java:345)
	at org.apache.maven.surefire.booter.ForkedBooter.execute(ForkedBooter.java:126)
	at org.apache.maven.surefire.booter.ForkedBooter.main(ForkedBooter.java:418)
]]></failure>
    <system-out><![CDATA[2020-04-28 12:21:43,774 [main] WARN  server.ServerUtils (ServerUtils.java:getScmDbDir(148)) - ozone.scm.db.dirs is not configured. We recommend adding this setting. Falling back to ozone.metadata.dirs instead.
2020-04-28 12:21:43,776 [main] WARN  server.ServerUtils (ServerUtils.java:getScmDbDir(148)) - ozone.scm.db.dirs is not configured. We recommend adding this setting. Falling back to ozone.metadata.dirs instead.
2020-04-28 12:21:43,777 [main] WARN  db.DBStoreBuilder (DBStoreBuilder.java:createDBStoreBuilder(277)) - ozone.scm.db.dirs is not configured. We recommend adding this setting. Falling back to ozone.metadata.dirs instead.
2020-04-28 12:21:43,811 [main] INFO  net.NodeSchemaLoader (NodeSchemaLoader.java:loadSchemaFromFile(126)) - Loading file from sun.misc.CompoundEnumeration@1a2818ca
2020-04-28 12:21:43,811 [main] INFO  net.NodeSchemaLoader (NodeSchemaLoader.java:loadSchema(172)) - Loading network topology layer schema file
2020-04-28 12:21:43,814 [main] WARN  server.ServerUtils (ServerUtils.java:sanitizeUserArgs(73)) - ozone.scm.stale.node.interval value = 300000 is larger than max = 100000 based on the key value of ozone.scm.heartbeat.thread.interval, reset to the max value 100000.
2020-04-28 12:21:43,814 [main] WARN  server.ServerUtils (ServerUtils.java:sanitizeUserArgs(73)) - ozone.scm.stale.node.interval value = 300000 is larger than max = 100000 based on the key value of ozone.scm.heartbeat.thread.interval, reset to the max value 100000.
2020-04-28 12:21:43,814 [main] INFO  node.SCMNodeManager (SCMNodeManager.java:<init>(116)) - Entering startup safe mode.
2020-04-28 12:21:43,814 [main] INFO  algorithms.ContainerPlacementPolicyFactory (ContainerPlacementPolicyFactory.java:getPolicy(60)) - Create container placement policy of type org.apache.hadoop.hdds.scm.container.placement.algorithms.SCMContainerPlacementRandom
2020-04-28 12:21:43,815 [main] INFO  pipeline.SCMPipelineManager (SCMPipelineManager.java:initializePipelineState(158)) - No pipeline exists in current db
2020-04-28 12:21:43,818 [main] INFO  safemode.HealthyPipelineSafeModeRule (HealthyPipelineSafeModeRule.java:<init>(89)) - Total pipeline count is 0, healthy pipeline threshold count is 0
2020-04-28 12:21:43,818 [main] INFO  safemode.OneReplicaPipelineSafeModeRule (OneReplicaPipelineSafeModeRule.java:<init>(79)) - Total pipeline count is 0, pipeline's with at least one datanode reported threshold count is 0
2020-04-28 12:21:43,819 [main] INFO  ipc.CallQueueManager (CallQueueManager.java:<init>(84)) - Using callQueue: class java.util.concurrent.LinkedBlockingQueue, queueCapacity: 2000, scheduler: class org.apache.hadoop.ipc.DefaultRpcScheduler, ipcBackoff: false.
2020-04-28 12:21:43,824 [Socket Reader #1 for port 41179] INFO  ipc.Server (Server.java:run(1074)) - Starting Socket Reader #1 for port 41179
2020-04-28 12:21:43,826 [RatisPipelineUtilsThread] ERROR pipeline.SCMPipelineManager (SCMPipelineManager.java:createPipeline(222)) - Failed to create pipeline of type RATIS and factor ONE. Exception: Cannot create pipeline of factor 1 using 0 nodes. Used 0 nodes. Healthy nodes 0
2020-04-28 12:21:43,826 [main] INFO  ipc.CallQueueManager (CallQueueManager.java:<init>(84)) - Using callQueue: class java.util.concurrent.LinkedBlockingQueue, queueCapacity: 2000, scheduler: class org.apache.hadoop.ipc.DefaultRpcScheduler, ipcBackoff: false.
2020-04-28 12:21:43,826 [Socket Reader #1 for port 35515] INFO  ipc.Server (Server.java:run(1074)) - Starting Socket Reader #1 for port 35515
2020-04-28 12:21:43,829 [main] INFO  ipc.CallQueueManager (CallQueueManager.java:<init>(84)) - Using callQueue: class java.util.concurrent.LinkedBlockingQueue, queueCapacity: 2000, scheduler: class org.apache.hadoop.ipc.DefaultRpcScheduler, ipcBackoff: false.
2020-04-28 12:21:43,829 [Socket Reader #1 for port 45257] INFO  ipc.Server (Server.java:run(1074)) - Starting Socket Reader #1 for port 45257
2020-04-28 12:21:43,836 [main] INFO  http.BaseHttpServer (BaseHttpServer.java:newHttpServer2BuilderForOzone(174)) - Starting Web-server for scm at: http://0.0.0.0:0
2020-04-28 12:21:43,837 [main] INFO  server.AuthenticationFilter (AuthenticationFilter.java:constructSecretProvider(240)) - Unable to initialize FileSignerSecretProvider, falling back to use random secrets.
2020-04-28 12:21:43,837 [main] WARN  http.HttpRequestLog (HttpRequestLog.java:getRequestLog(103)) - Jetty request log can only be enabled using Log4j
2020-04-28 12:21:43,838 [main] INFO  http.HttpServer2 (HttpServer2.java:addGlobalFilter(979)) - Added global filter 'safety' (class=org.apache.hadoop.hdds.server.http.HttpServer2$QuotingInputFilter)
2020-04-28 12:21:43,838 [main] INFO  http.HttpServer2 (HttpServer2.java:addFilter(955)) - Added filter static_user_filter (class=org.apache.hadoop.hdds.server.http.StaticUserWebFilter$StaticUserFilter) to context scm
2020-04-28 12:21:43,838 [main] INFO  http.HttpServer2 (HttpServer2.java:addFilter(963)) - Added filter static_user_filter (class=org.apache.hadoop.hdds.server.http.StaticUserWebFilter$StaticUserFilter) to context logs
2020-04-28 12:21:43,839 [main] INFO  http.HttpServer2 (HttpServer2.java:addFilter(963)) - Added filter static_user_filter (class=org.apache.hadoop.hdds.server.http.StaticUserWebFilter$StaticUserFilter) to context static
2020-04-28 12:21:43,841 [main] INFO  server.StorageContainerManager (StorageContainerManager.java:start(781)) - StorageContainerLocationProtocol RPC server is listening at /0.0.0.0:45257
2020-04-28 12:21:43,843 [main] WARN  impl.MetricsConfig (MetricsConfig.java:loadFirst(134)) - Cannot locate configuration: tried hadoop-metrics2-storagecontainermanager.properties,hadoop-metrics2.properties
2020-04-28 12:21:43,845 [main] INFO  impl.MetricsSystemImpl (MetricsSystemImpl.java:startTimer(374)) - Scheduled Metric snapshot period at 10 second(s).
2020-04-28 12:21:43,845 [main] INFO  impl.MetricsSystemImpl (MetricsSystemImpl.java:start(191)) - StorageContainerManager metrics system started
2020-04-28 12:21:43,868 [main] WARN  impl.MetricsSystemImpl (MetricsSystemImpl.java:register(276)) - Sink prometheus already exists!
2020-04-28 12:21:43,901 [main] INFO  server.SCMClientProtocolServer (SCMClientProtocolServer.java:start(157)) - RPC server for Client  is listening at /0.0.0.0:45257
2020-04-28 12:21:43,904 [IPC Server Responder] INFO  ipc.Server (Server.java:run(1314)) - IPC Server Responder: starting
2020-04-28 12:21:43,905 [IPC Server listener on 45257] INFO  ipc.Server (Server.java:run(1153)) - IPC Server listener on 45257: starting
2020-04-28 12:21:43,912 [main] INFO  server.StorageContainerManager (StorageContainerManager.java:start(793)) - ScmBlockLocationProtocol RPC server is listening at /0.0.0.0:35515
2020-04-28 12:21:43,913 [main] INFO  server.SCMBlockProtocolServer (SCMBlockProtocolServer.java:start(149)) - RPC server for Block Protocol is listening at /0.0.0.0:35515
2020-04-28 12:21:43,913 [IPC Server Responder] INFO  ipc.Server (Server.java:run(1314)) - IPC Server Responder: starting
2020-04-28 12:21:43,913 [IPC Server listener on 35515] INFO  ipc.Server (Server.java:run(1153)) - IPC Server listener on 35515: starting
2020-04-28 12:21:43,918 [main] INFO  server.StorageContainerManager (StorageContainerManager.java:start(799)) - ScmDatanodeProtocl RPC server is listening at /0.0.0.0:41179
2020-04-28 12:21:43,918 [main] INFO  server.SCMDatanodeProtocolServer (SCMDatanodeProtocolServer.java:start(172)) - RPC server for DataNodes is listening at /0.0.0.0:41179
2020-04-28 12:21:43,918 [IPC Server Responder] INFO  ipc.Server (Server.java:run(1314)) - IPC Server Responder: starting
2020-04-28 12:21:43,918 [IPC Server listener on 41179] INFO  ipc.Server (Server.java:run(1153)) - IPC Server listener on 41179: starting
2020-04-28 12:21:43,921 [main] INFO  http.HttpServer2 (HttpServer2.java:bindListener(1197)) - Jetty bound to port 42373
2020-04-28 12:21:43,921 [main] INFO  server.Server (Server.java:doStart(359)) - jetty-9.4.26.v20200117; built: 2020-01-17T12:35:33.676Z; git: 7b38981d25d14afb4a12ff1f2596756144edf695; jvm 1.8.0_232-b09
2020-04-28 12:21:43,924 [main] INFO  server.session (DefaultSessionIdManager.java:doStart(333)) - DefaultSessionIdManager workerName=node0
2020-04-28 12:21:43,925 [main] INFO  server.session (DefaultSessionIdManager.java:doStart(338)) - No SessionScavenger set, using defaults
2020-04-28 12:21:43,925 [main] INFO  server.session (HouseKeeper.java:startScavenging(140)) - node0 Scavenging every 600000ms
2020-04-28 12:21:43,925 [main] INFO  handler.ContextHandler (ContextHandler.java:doStart(825)) - Started o.e.j.s.ServletContextHandler@635434e7{logs,/logs,file:///github/workspace/mnt/ozone/hadoop-ozone/integration-test/target/log,AVAILABLE}
2020-04-28 12:21:43,926 [main] INFO  handler.ContextHandler (ContextHandler.java:doStart(825)) - Started o.e.j.s.ServletContextHandler@414c6492{static,/static,file:///github/workspace/mnt/ozone/hadoop-ozone/integration-test/target/test-classes/webapps/static,AVAILABLE}
2020-04-28 12:21:43,934 [main] INFO  handler.ContextHandler (ContextHandler.java:doStart(825)) - Started o.e.j.w.WebAppContext@38699e16{scm,/,file:///github/workspace/mnt/ozone/hadoop-ozone/integration-test/target/test-classes/webapps/scm/,AVAILABLE}{file:/github/workspace/mnt/ozone/hadoop-ozone/integration-test/target/test-classes/webapps/scm}
2020-04-28 12:21:43,937 [main] INFO  server.AbstractConnector (AbstractConnector.java:doStart(330)) - Started ServerConnector@77f3cf02{HTTP/1.1,[http/1.1]}{0.0.0.0:42373}
2020-04-28 12:21:43,937 [main] INFO  server.Server (Server.java:doStart(399)) - Started @254420ms
2020-04-28 12:21:43,937 [main] WARN  impl.MetricsSystemImpl (MetricsSystemImpl.java:register(276)) - Sink prometheus already exists!
2020-04-28 12:21:43,940 [main] INFO  http.BaseHttpServer (BaseHttpServer.java:updateConnectorAddress(288)) - HTTP server of scm listening at http://0.0.0.0:42373
2020-04-28 12:21:43,941 [main] WARN  server.ServerUtils (ServerUtils.java:getDBPath(225)) - ozone.om.db.dirs is not configured. We recommend adding this setting. Falling back to ozone.metadata.dirs instead.
2020-04-28 12:21:43,942 [org.apache.hadoop.util.JvmPauseMonitor$Monitor@7a2d8d6] INFO  util.JvmPauseMonitor (JvmPauseMonitor.java:run(188)) - Starting JVM pause monitor
2020-04-28 12:21:43,943 [main] INFO  ha.OMHANodeDetails (OMHANodeDetails.java:loadOMHAConfig(104)) - ozone.om.internal.service.id is not defined, falling back to ozone.om.service.ids to find serviceID for OzoneManager if it is HA enabled cluster
2020-04-28 12:21:43,943 [main] INFO  ha.OMHANodeDetails (OMHANodeDetails.java:loadOMHAConfig(207)) - Configuration either no ozone.om.address set. Falling back to the default OM address /127.0.0.1:0
2020-04-28 12:21:43,943 [main] INFO  ha.OMHANodeDetails (OMHANodeDetails.java:getOMNodeDetails(237)) - OM Service ID is not set. Setting it to the default ID: omServiceIdDefault
2020-04-28 12:21:43,943 [main] WARN  server.ServerUtils (ServerUtils.java:getDBPath(225)) - ozone.om.db.dirs is not configured. We recommend adding this setting. Falling back to ozone.metadata.dirs instead.
2020-04-28 12:21:43,943 [main] WARN  server.ServerUtils (ServerUtils.java:getDBPath(225)) - ozone.om.db.dirs is not configured. We recommend adding this setting. Falling back to ozone.metadata.dirs instead.
2020-04-28 12:21:43,953 [main] WARN  server.ServerUtils (ServerUtils.java:getDBPath(225)) - ozone.om.db.dirs is not configured. We recommend adding this setting. Falling back to ozone.metadata.dirs instead.
2020-04-28 12:21:44,010 [main] INFO  ipc.CallQueueManager (CallQueueManager.java:<init>(84)) - Using callQueue: class java.util.concurrent.LinkedBlockingQueue, queueCapacity: 2000, scheduler: class org.apache.hadoop.ipc.DefaultRpcScheduler, ipcBackoff: false.
2020-04-28 12:21:44,011 [Socket Reader #1 for port 44395] INFO  ipc.Server (Server.java:run(1074)) - Starting Socket Reader #1 for port 44395
2020-04-28 12:21:44,028 [main] INFO  impl.MetricsSystemImpl (MetricsSystemImpl.java:init(158)) - OzoneManager metrics system started (again)
2020-04-28 12:21:44,029 [main] INFO  om.OzoneManager (OzoneManager.java:start(1113)) - OzoneManager RPC server is listening at localhost/127.0.0.1:44395
2020-04-28 12:21:44,030 [IPC Server Responder] INFO  ipc.Server (Server.java:run(1314)) - IPC Server Responder: starting
2020-04-28 12:21:44,039 [IPC Server listener on 44395] INFO  ipc.Server (Server.java:run(1153)) - IPC Server listener on 44395: starting
2020-04-28 12:21:44,044 [main] INFO  http.BaseHttpServer (BaseHttpServer.java:newHttpServer2BuilderForOzone(174)) - Starting Web-server for ozoneManager at: http://0.0.0.0:0
2020-04-28 12:21:44,045 [main] INFO  server.AuthenticationFilter (AuthenticationFilter.java:constructSecretProvider(240)) - Unable to initialize FileSignerSecretProvider, falling back to use random secrets.
2020-04-28 12:21:44,048 [main] WARN  http.HttpRequestLog (HttpRequestLog.java:getRequestLog(103)) - Jetty request log can only be enabled using Log4j
2020-04-28 12:21:44,048 [main] INFO  http.HttpServer2 (HttpServer2.java:addGlobalFilter(979)) - Added global filter 'safety' (class=org.apache.hadoop.hdds.server.http.HttpServer2$QuotingInputFilter)
2020-04-28 12:21:44,049 [main] INFO  http.HttpServer2 (HttpServer2.java:addFilter(955)) - Added filter static_user_filter (class=org.apache.hadoop.hdds.server.http.StaticUserWebFilter$StaticUserFilter) to context ozoneManager
2020-04-28 12:21:44,049 [main] INFO  http.HttpServer2 (HttpServer2.java:addFilter(963)) - Added filter static_user_filter (class=org.apache.hadoop.hdds.server.http.StaticUserWebFilter$StaticUserFilter) to context static
2020-04-28 12:21:44,049 [main] INFO  http.HttpServer2 (HttpServer2.java:addFilter(963)) - Added filter static_user_filter (class=org.apache.hadoop.hdds.server.http.StaticUserWebFilter$StaticUserFilter) to context logs
2020-04-28 12:21:44,049 [main] INFO  http.HttpServer2 (HttpServer2.java:bindListener(1197)) - Jetty bound to port 33079
2020-04-28 12:21:44,049 [main] INFO  server.Server (Server.java:doStart(359)) - jetty-9.4.26.v20200117; built: 2020-01-17T12:35:33.676Z; git: 7b38981d25d14afb4a12ff1f2596756144edf695; jvm 1.8.0_232-b09
2020-04-28 12:21:44,051 [main] INFO  server.session (DefaultSessionIdManager.java:doStart(333)) - DefaultSessionIdManager workerName=node0
2020-04-28 12:21:44,052 [main] INFO  server.session (DefaultSessionIdManager.java:doStart(338)) - No SessionScavenger set, using defaults
2020-04-28 12:21:44,052 [main] INFO  server.session (HouseKeeper.java:startScavenging(140)) - node0 Scavenging every 660000ms
2020-04-28 12:21:44,052 [main] INFO  handler.ContextHandler (ContextHandler.java:doStart(825)) - Started o.e.j.s.ServletContextHandler@1e280597{logs,/logs,file:///github/workspace/mnt/ozone/hadoop-ozone/integration-test/target/log,AVAILABLE}
2020-04-28 12:21:44,053 [main] INFO  handler.ContextHandler (ContextHandler.java:doStart(825)) - Started o.e.j.s.ServletContextHandler@1435a39{static,/static,file:///github/workspace/mnt/ozone/hadoop-ozone/integration-test/target/test-classes/webapps/static,AVAILABLE}
2020-04-28 12:21:44,055 [main] INFO  handler.ContextHandler (ContextHandler.java:doStart(825)) - Started o.e.j.w.WebAppContext@51927988{ozoneManager,/,file:///github/workspace/mnt/ozone/hadoop-ozone/integration-test/target/test-classes/webapps/ozoneManager/,AVAILABLE}{file:/github/workspace/mnt/ozone/hadoop-ozone/integration-test/target/test-classes/webapps/ozoneManager}
2020-04-28 12:21:44,057 [main] INFO  server.AbstractConnector (AbstractConnector.java:doStart(330)) - Started ServerConnector@21651fbc{HTTP/1.1,[http/1.1]}{0.0.0.0:33079}
2020-04-28 12:21:44,057 [main] INFO  server.Server (Server.java:doStart(399)) - Started @254540ms
2020-04-28 12:21:44,057 [main] WARN  impl.MetricsSystemImpl (MetricsSystemImpl.java:register(276)) - Sink prometheus already exists!
2020-04-28 12:21:44,059 [main] INFO  http.BaseHttpServer (BaseHttpServer.java:updateConnectorAddress(288)) - HTTP server of ozoneManager listening at http://0.0.0.0:33079
2020-04-28 12:21:44,064 [main] INFO  impl.MetricsSystemImpl (MetricsSystemImpl.java:init(158)) - HddsDatanode metrics system started (again)
2020-04-28 12:21:44,066 [main] INFO  ozone.HddsDatanodeService (HddsDatanodeService.java:start(204)) - HddsDatanodeService host:a2eb3135c33a ip:172.17.0.2
2020-04-28 12:21:44,071 [main] INFO  volume.HddsVolume (HddsVolume.java:<init>(176)) - Creating Volume: /github/workspace/mnt/ozone/hadoop-ozone/integration-test/target/test-dir/MiniOzoneClusterImpl-41c31dbf-deb7-44be-8446-93e68c8544eb/datanode-0/data-0/containers/hdds of storage type : DISK and capacity : 9223372036854775807
2020-04-28 12:21:44,071 [main] INFO  volume.MutableVolumeSet (MutableVolumeSet.java:initializeVolumeSet(189)) - Added Volume : /github/workspace/mnt/ozone/hadoop-ozone/integration-test/target/test-dir/MiniOzoneClusterImpl-41c31dbf-deb7-44be-8446-93e68c8544eb/datanode-0/data-0/containers/hdds to VolumeSet
2020-04-28 12:21:44,071 [main] INFO  volume.ThrottledAsyncChecker (ThrottledAsyncChecker.java:schedule(141)) - Scheduling a check for /github/workspace/mnt/ozone/hadoop-ozone/integration-test/target/test-dir/MiniOzoneClusterImpl-41c31dbf-deb7-44be-8446-93e68c8544eb/datanode-0/data-0/containers/hdds
2020-04-28 12:21:44,072 [main] INFO  volume.HddsVolumeChecker (HddsVolumeChecker.java:checkAllVolumes(200)) - Scheduled health check for volume /github/workspace/mnt/ozone/hadoop-ozone/integration-test/target/test-dir/MiniOzoneClusterImpl-41c31dbf-deb7-44be-8446-93e68c8544eb/datanode-0/data-0/containers/hdds
2020-04-28 12:21:44,089 [main] INFO  impl.RaftServerProxy (ConfUtils.java:logGet(44)) - raft.rpc.type = GRPC (default)
2020-04-28 12:21:44,089 [main] INFO  grpc.GrpcFactory (GrpcFactory.java:checkPooledByteBufAllocatorUseCacheForAllThreads(45)) - PERFORMANCE WARNING: useCacheForAllThreads is true that may cause Netty to create a lot garbage objects and, as a result, trigger GC.
	It is recommended to disable useCacheForAllThreads by setting -Dorg.apache.ratis.thirdparty.io.netty.allocator.useCacheForAllThreads=false in command line.
2020-04-28 12:21:44,089 [main] INFO  grpc.GrpcConfigKeys (ConfUtils.java:logGet(44)) - raft.grpc.server.port = 0 (default)
2020-04-28 12:21:44,089 [main] INFO  server.GrpcService (ConfUtils.java:logGet(44)) - raft.grpc.message.size.max = 32MB (=33554432) (custom)
2020-04-28 12:21:44,089 [main] INFO  server.RaftServerConfigKeys (ConfUtils.java:logGet(44)) - raft.server.log.appender.buffer.byte-limit = 33554432 (custom)
2020-04-28 12:21:44,089 [main] INFO  server.GrpcService (ConfUtils.java:logGet(44)) - raft.grpc.flow.control.window = 5MB (=5242880) (custom)
2020-04-28 12:21:44,090 [main] INFO  server.RaftServerConfigKeys (ConfUtils.java:logGet(44)) - raft.server.rpc.request.timeout = 60s (custom)
2020-04-28 12:21:44,090 [main] INFO  server.RaftServerConfigKeys (ConfUtils.java:logGet(44)) - raft.server.storage.dir = [/github/workspace/mnt/ozone/hadoop-ozone/integration-test/target/test-dir/MiniOzoneClusterImpl-41c31dbf-deb7-44be-8446-93e68c8544eb/datanode-0/data/ratis] (custom)
2020-04-28 12:21:44,094 [main] INFO  http.BaseHttpServer (BaseHttpServer.java:newHttpServer2BuilderForOzone(174)) - Starting Web-server for hddsDatanode at: http://0.0.0.0:0
2020-04-28 12:21:44,095 [main] INFO  server.AuthenticationFilter (AuthenticationFilter.java:constructSecretProvider(240)) - Unable to initialize FileSignerSecretProvider, falling back to use random secrets.
2020-04-28 12:21:44,096 [main] WARN  http.HttpRequestLog (HttpRequestLog.java:getRequestLog(103)) - Jetty request log can only be enabled using Log4j
2020-04-28 12:21:44,097 [main] INFO  http.HttpServer2 (HttpServer2.java:addGlobalFilter(979)) - Added global filter 'safety' (class=org.apache.hadoop.hdds.server.http.HttpServer2$QuotingInputFilter)
2020-04-28 12:21:44,097 [main] INFO  http.HttpServer2 (HttpServer2.java:addFilter(955)) - Added filter static_user_filter (class=org.apache.hadoop.hdds.server.http.StaticUserWebFilter$StaticUserFilter) to context hddsDatanode
2020-04-28 12:21:44,097 [main] INFO  http.HttpServer2 (HttpServer2.java:addFilter(963)) - Added filter static_user_filter (class=org.apache.hadoop.hdds.server.http.StaticUserWebFilter$StaticUserFilter) to context logs
2020-04-28 12:21:44,097 [main] INFO  http.HttpServer2 (HttpServer2.java:addFilter(963)) - Added filter static_user_filter (class=org.apache.hadoop.hdds.server.http.StaticUserWebFilter$StaticUserFilter) to context static
2020-04-28 12:21:44,098 [main] INFO  http.HttpServer2 (HttpServer2.java:bindListener(1197)) - Jetty bound to port 35111
2020-04-28 12:21:44,098 [main] INFO  server.Server (Server.java:doStart(359)) - jetty-9.4.26.v20200117; built: 2020-01-17T12:35:33.676Z; git: 7b38981d25d14afb4a12ff1f2596756144edf695; jvm 1.8.0_232-b09
2020-04-28 12:21:44,100 [main] INFO  server.session (DefaultSessionIdManager.java:doStart(333)) - DefaultSessionIdManager workerName=node0
2020-04-28 12:21:44,101 [main] INFO  server.session (DefaultSessionIdManager.java:doStart(338)) - No SessionScavenger set, using defaults
2020-04-28 12:21:44,101 [main] INFO  server.session (HouseKeeper.java:startScavenging(140)) - node0 Scavenging every 600000ms
2020-04-28 12:21:44,101 [main] INFO  handler.ContextHandler (ContextHandler.java:doStart(825)) - Started o.e.j.s.ServletContextHandler@b738f5{logs,/logs,file:///github/workspace/mnt/ozone/hadoop-ozone/integration-test/target/log,AVAILABLE}
2020-04-28 12:21:44,102 [main] INFO  handler.ContextHandler (ContextHandler.java:doStart(825)) - Started o.e.j.s.ServletContextHandler@4f2407b0{static,/static,jar:file:/home/user/.m2/repository/org/apache/hadoop/hadoop-hdds-container-service/0.6.0-SNAPSHOT/hadoop-hdds-container-service-0.6.0-SNAPSHOT.jar!/webapps/static,AVAILABLE}
2020-04-28 12:21:44,131 [main] INFO  handler.ContextHandler (ContextHandler.java:doStart(825)) - Started o.e.j.w.WebAppContext@17fb2ef3{hddsDatanode,/,file:///tmp/jetty-0_0_0_0-35111-hadoop-hdds-container-service-0_6_0-SNAPSHOT_jar-_-any-7238090831584596533.dir/webapp/,AVAILABLE}{jar:file:/home/user/.m2/repository/org/apache/hadoop/hadoop-hdds-container-service/0.6.0-SNAPSHOT/hadoop-hdds-container-service-0.6.0-SNAPSHOT.jar!/webapps/hddsDatanode}
2020-04-28 12:21:44,133 [main] INFO  server.AbstractConnector (AbstractConnector.java:doStart(330)) - Started ServerConnector@2589475a{HTTP/1.1,[http/1.1]}{0.0.0.0:35111}
2020-04-28 12:21:44,133 [main] INFO  server.Server (Server.java:doStart(399)) - Started @254616ms
2020-04-28 12:21:44,135 [main] WARN  impl.MetricsSystemImpl (MetricsSystemImpl.java:register(276)) - Sink prometheus already exists!
2020-04-28 12:21:44,138 [main] INFO  http.BaseHttpServer (BaseHttpServer.java:updateConnectorAddress(288)) - HTTP server of hddsDatanode listening at http://0.0.0.0:35111
2020-04-28 12:21:44,139 [main] INFO  impl.MetricsSystemImpl (MetricsSystemImpl.java:init(158)) - HddsDatanode metrics system started (again)
2020-04-28 12:21:44,143 [main] INFO  ozone.HddsDatanodeService (HddsDatanodeService.java:start(204)) - HddsDatanodeService host:a2eb3135c33a ip:172.17.0.2
2020-04-28 12:21:44,145 [main] INFO  volume.HddsVolume (HddsVolume.java:<init>(176)) - Creating Volume: /github/workspace/mnt/ozone/hadoop-ozone/integration-test/target/test-dir/MiniOzoneClusterImpl-41c31dbf-deb7-44be-8446-93e68c8544eb/datanode-1/data-0/containers/hdds of storage type : DISK and capacity : 9223372036854775807
2020-04-28 12:21:44,145 [main] INFO  volume.MutableVolumeSet (MutableVolumeSet.java:initializeVolumeSet(189)) - Added Volume : /github/workspace/mnt/ozone/hadoop-ozone/integration-test/target/test-dir/MiniOzoneClusterImpl-41c31dbf-deb7-44be-8446-93e68c8544eb/datanode-1/data-0/containers/hdds to VolumeSet
2020-04-28 12:21:44,145 [main] INFO  volume.ThrottledAsyncChecker (ThrottledAsyncChecker.java:schedule(141)) - Scheduling a check for /github/workspace/mnt/ozone/hadoop-ozone/integration-test/target/test-dir/MiniOzoneClusterImpl-41c31dbf-deb7-44be-8446-93e68c8544eb/datanode-1/data-0/containers/hdds
2020-04-28 12:21:44,147 [main] INFO  volume.HddsVolumeChecker (HddsVolumeChecker.java:checkAllVolumes(200)) - Scheduled health check for volume /github/workspace/mnt/ozone/hadoop-ozone/integration-test/target/test-dir/MiniOzoneClusterImpl-41c31dbf-deb7-44be-8446-93e68c8544eb/datanode-1/data-0/containers/hdds
2020-04-28 12:21:44,162 [org.apache.hadoop.util.JvmPauseMonitor$Monitor@a80b687] INFO  util.JvmPauseMonitor (JvmPauseMonitor.java:run(188)) - Starting JVM pause monitor
2020-04-28 12:21:44,171 [Datanode State Machine Thread - 0] INFO  datanode.InitDatanodeState (InitDatanodeState.java:persistContainerDatanodeDetails(145)) - DatanodeDetails is persisted to /github/workspace/mnt/ozone/hadoop-ozone/integration-test/target/test-dir/MiniOzoneClusterImpl-41c31dbf-deb7-44be-8446-93e68c8544eb/datanode-0/meta/datanode.id
2020-04-28 12:21:44,186 [main] INFO  impl.RaftServerProxy (ConfUtils.java:logGet(44)) - raft.rpc.type = GRPC (default)
2020-04-28 12:21:44,187 [main] INFO  grpc.GrpcFactory (GrpcFactory.java:checkPooledByteBufAllocatorUseCacheForAllThreads(45)) - PERFORMANCE WARNING: useCacheForAllThreads is true that may cause Netty to create a lot garbage objects and, as a result, trigger GC.
	It is recommended to disable useCacheForAllThreads by setting -Dorg.apache.ratis.thirdparty.io.netty.allocator.useCacheForAllThreads=false in command line.
2020-04-28 12:21:44,187 [main] INFO  grpc.GrpcConfigKeys (ConfUtils.java:logGet(44)) - raft.grpc.server.port = 0 (default)
2020-04-28 12:21:44,187 [main] INFO  server.GrpcService (ConfUtils.java:logGet(44)) - raft.grpc.message.size.max = 32MB (=33554432) (custom)
2020-04-28 12:21:44,188 [main] INFO  server.RaftServerConfigKeys (ConfUtils.java:logGet(44)) - raft.server.log.appender.buffer.byte-limit = 33554432 (custom)
2020-04-28 12:21:44,188 [main] INFO  server.GrpcService (ConfUtils.java:logGet(44)) - raft.grpc.flow.control.window = 5MB (=5242880) (custom)
2020-04-28 12:21:44,188 [main] INFO  server.RaftServerConfigKeys (ConfUtils.java:logGet(44)) - raft.server.rpc.request.timeout = 60s (custom)
2020-04-28 12:21:44,188 [main] INFO  server.RaftServerConfigKeys (ConfUtils.java:logGet(44)) - raft.server.storage.dir = [/github/workspace/mnt/ozone/hadoop-ozone/integration-test/target/test-dir/MiniOzoneClusterImpl-41c31dbf-deb7-44be-8446-93e68c8544eb/datanode-1/data/ratis] (custom)
2020-04-28 12:21:44,193 [main] INFO  http.BaseHttpServer (BaseHttpServer.java:newHttpServer2BuilderForOzone(174)) - Starting Web-server for hddsDatanode at: http://0.0.0.0:0
2020-04-28 12:21:44,194 [main] INFO  server.AuthenticationFilter (AuthenticationFilter.java:constructSecretProvider(240)) - Unable to initialize FileSignerSecretProvider, falling back to use random secrets.
2020-04-28 12:21:44,200 [main] WARN  http.HttpRequestLog (HttpRequestLog.java:getRequestLog(103)) - Jetty request log can only be enabled using Log4j
2020-04-28 12:21:44,201 [main] INFO  http.HttpServer2 (HttpServer2.java:addGlobalFilter(979)) - Added global filter 'safety' (class=org.apache.hadoop.hdds.server.http.HttpServer2$QuotingInputFilter)
2020-04-28 12:21:44,201 [main] INFO  http.HttpServer2 (HttpServer2.java:addFilter(955)) - Added filter static_user_filter (class=org.apache.hadoop.hdds.server.http.StaticUserWebFilter$StaticUserFilter) to context hddsDatanode
2020-04-28 12:21:44,201 [main] INFO  http.HttpServer2 (HttpServer2.java:addFilter(963)) - Added filter static_user_filter (class=org.apache.hadoop.hdds.server.http.StaticUserWebFilter$StaticUserFilter) to context static
2020-04-28 12:21:44,202 [main] INFO  http.HttpServer2 (HttpServer2.java:addFilter(963)) - Added filter static_user_filter (class=org.apache.hadoop.hdds.server.http.StaticUserWebFilter$StaticUserFilter) to context logs
2020-04-28 12:21:44,202 [main] INFO  http.HttpServer2 (HttpServer2.java:bindListener(1197)) - Jetty bound to port 37673
2020-04-28 12:21:44,202 [main] INFO  server.Server (Server.java:doStart(359)) - jetty-9.4.26.v20200117; built: 2020-01-17T12:35:33.676Z; git: 7b38981d25d14afb4a12ff1f2596756144edf695; jvm 1.8.0_232-b09
2020-04-28 12:21:44,203 [main] INFO  server.session (DefaultSessionIdManager.java:doStart(333)) - DefaultSessionIdManager workerName=node0
2020-04-28 12:21:44,203 [main] INFO  server.session (DefaultSessionIdManager.java:doStart(338)) - No SessionScavenger set, using defaults
2020-04-28 12:21:44,204 [main] INFO  server.session (HouseKeeper.java:startScavenging(140)) - node0 Scavenging every 600000ms
2020-04-28 12:21:44,204 [main] INFO  handler.ContextHandler (ContextHandler.java:doStart(825)) - Started o.e.j.s.ServletContextHandler@1f6253db{logs,/logs,file:///github/workspace/mnt/ozone/hadoop-ozone/integration-test/target/log,AVAILABLE}
2020-04-28 12:21:44,205 [main] INFO  handler.ContextHandler (ContextHandler.java:doStart(825)) - Started o.e.j.s.ServletContextHandler@45261025{static,/static,jar:file:/home/user/.m2/repository/org/apache/hadoop/hadoop-hdds-container-service/0.6.0-SNAPSHOT/hadoop-hdds-container-service-0.6.0-SNAPSHOT.jar!/webapps/static,AVAILABLE}
2020-04-28 12:21:44,236 [main] INFO  handler.ContextHandler (ContextHandler.java:doStart(825)) - Started o.e.j.w.WebAppContext@4950041d{hddsDatanode,/,file:///tmp/jetty-0_0_0_0-37673-hadoop-hdds-container-service-0_6_0-SNAPSHOT_jar-_-any-1610995614611425495.dir/webapp/,AVAILABLE}{jar:file:/home/user/.m2/repository/org/apache/hadoop/hadoop-hdds-container-service/0.6.0-SNAPSHOT/hadoop-hdds-container-service-0.6.0-SNAPSHOT.jar!/webapps/hddsDatanode}
2020-04-28 12:21:44,244 [main] INFO  server.AbstractConnector (AbstractConnector.java:doStart(330)) - Started ServerConnector@99d30cb{HTTP/1.1,[http/1.1]}{0.0.0.0:37673}
2020-04-28 12:21:44,244 [main] INFO  server.Server (Server.java:doStart(399)) - Started @254727ms
2020-04-28 12:21:44,244 [main] WARN  impl.MetricsSystemImpl (MetricsSystemImpl.java:register(276)) - Sink prometheus already exists!
2020-04-28 12:21:44,247 [main] INFO  http.BaseHttpServer (BaseHttpServer.java:updateConnectorAddress(288)) - HTTP server of hddsDatanode listening at http://0.0.0.0:37673
2020-04-28 12:21:44,247 [main] INFO  impl.MetricsSystemImpl (MetricsSystemImpl.java:init(158)) - HddsDatanode metrics system started (again)
2020-04-28 12:21:44,249 [main] INFO  ozone.HddsDatanodeService (HddsDatanodeService.java:start(204)) - HddsDatanodeService host:a2eb3135c33a ip:172.17.0.2
2020-04-28 12:21:44,252 [main] INFO  volume.HddsVolume (HddsVolume.java:<init>(176)) - Creating Volume: /github/workspace/mnt/ozone/hadoop-ozone/integration-test/target/test-dir/MiniOzoneClusterImpl-41c31dbf-deb7-44be-8446-93e68c8544eb/datanode-2/data-0/containers/hdds of storage type : DISK and capacity : 9223372036854775807
2020-04-28 12:21:44,252 [main] INFO  volume.MutableVolumeSet (MutableVolumeSet.java:initializeVolumeSet(189)) - Added Volume : /github/workspace/mnt/ozone/hadoop-ozone/integration-test/target/test-dir/MiniOzoneClusterImpl-41c31dbf-deb7-44be-8446-93e68c8544eb/datanode-2/data-0/containers/hdds to VolumeSet
2020-04-28 12:21:44,252 [main] INFO  volume.ThrottledAsyncChecker (ThrottledAsyncChecker.java:schedule(141)) - Scheduling a check for /github/workspace/mnt/ozone/hadoop-ozone/integration-test/target/test-dir/MiniOzoneClusterImpl-41c31dbf-deb7-44be-8446-93e68c8544eb/datanode-2/data-0/containers/hdds
2020-04-28 12:21:44,256 [main] INFO  volume.HddsVolumeChecker (HddsVolumeChecker.java:checkAllVolumes(200)) - Scheduled health check for volume /github/workspace/mnt/ozone/hadoop-ozone/integration-test/target/test-dir/MiniOzoneClusterImpl-41c31dbf-deb7-44be-8446-93e68c8544eb/datanode-2/data-0/containers/hdds
2020-04-28 12:21:44,284 [org.apache.hadoop.util.JvmPauseMonitor$Monitor@139c2b96] INFO  util.JvmPauseMonitor (JvmPauseMonitor.java:run(188)) - Starting JVM pause monitor
2020-04-28 12:21:44,286 [main] INFO  impl.RaftServerProxy (ConfUtils.java:logGet(44)) - raft.rpc.type = GRPC (default)
2020-04-28 12:21:44,286 [main] INFO  grpc.GrpcFactory (GrpcFactory.java:checkPooledByteBufAllocatorUseCacheForAllThreads(45)) - PERFORMANCE WARNING: useCacheForAllThreads is true that may cause Netty to create a lot garbage objects and, as a result, trigger GC.
	It is recommended to disable useCacheForAllThreads by setting -Dorg.apache.ratis.thirdparty.io.netty.allocator.useCacheForAllThreads=false in command line.
2020-04-28 12:21:44,286 [main] INFO  grpc.GrpcConfigKeys (ConfUtils.java:logGet(44)) - raft.grpc.server.port = 0 (default)
2020-04-28 12:21:44,287 [main] INFO  server.GrpcService (ConfUtils.java:logGet(44)) - raft.grpc.message.size.max = 32MB (=33554432) (custom)
2020-04-28 12:21:44,287 [main] INFO  server.RaftServerConfigKeys (ConfUtils.java:logGet(44)) - raft.server.log.appender.buffer.byte-limit = 33554432 (custom)
2020-04-28 12:21:44,287 [main] INFO  server.GrpcService (ConfUtils.java:logGet(44)) - raft.grpc.flow.control.window = 5MB (=5242880) (custom)
2020-04-28 12:21:44,287 [main] INFO  server.RaftServerConfigKeys (ConfUtils.java:logGet(44)) - raft.server.rpc.request.timeout = 60s (custom)
2020-04-28 12:21:44,287 [main] INFO  server.RaftServerConfigKeys (ConfUtils.java:logGet(44)) - raft.server.storage.dir = [/github/workspace/mnt/ozone/hadoop-ozone/integration-test/target/test-dir/MiniOzoneClusterImpl-41c31dbf-deb7-44be-8446-93e68c8544eb/datanode-2/data/ratis] (custom)
2020-04-28 12:21:44,291 [Datanode State Machine Thread - 0] INFO  datanode.InitDatanodeState (InitDatanodeState.java:persistContainerDatanodeDetails(145)) - DatanodeDetails is persisted to /github/workspace/mnt/ozone/hadoop-ozone/integration-test/target/test-dir/MiniOzoneClusterImpl-41c31dbf-deb7-44be-8446-93e68c8544eb/datanode-1/meta/datanode.id
2020-04-28 12:21:44,292 [main] INFO  http.BaseHttpServer (BaseHttpServer.java:newHttpServer2BuilderForOzone(174)) - Starting Web-server for hddsDatanode at: http://0.0.0.0:0
2020-04-28 12:21:44,293 [main] INFO  server.AuthenticationFilter (AuthenticationFilter.java:constructSecretProvider(240)) - Unable to initialize FileSignerSecretProvider, falling back to use random secrets.
2020-04-28 12:21:44,294 [main] WARN  http.HttpRequestLog (HttpRequestLog.java:getRequestLog(103)) - Jetty request log can only be enabled using Log4j
2020-04-28 12:21:44,295 [main] INFO  http.HttpServer2 (HttpServer2.java:addGlobalFilter(979)) - Added global filter 'safety' (class=org.apache.hadoop.hdds.server.http.HttpServer2$QuotingInputFilter)
2020-04-28 12:21:44,295 [main] INFO  http.HttpServer2 (HttpServer2.java:addFilter(955)) - Added filter static_user_filter (class=org.apache.hadoop.hdds.server.http.StaticUserWebFilter$StaticUserFilter) to context hddsDatanode
2020-04-28 12:21:44,295 [main] INFO  http.HttpServer2 (HttpServer2.java:addFilter(963)) - Added filter static_user_filter (class=org.apache.hadoop.hdds.server.http.StaticUserWebFilter$StaticUserFilter) to context static
2020-04-28 12:21:44,295 [main] INFO  http.HttpServer2 (HttpServer2.java:addFilter(963)) - Added filter static_user_filter (class=org.apache.hadoop.hdds.server.http.StaticUserWebFilter$StaticUserFilter) to context logs
2020-04-28 12:21:44,295 [main] INFO  http.HttpServer2 (HttpServer2.java:bindListener(1197)) - Jetty bound to port 42243
2020-04-28 12:21:44,296 [main] INFO  server.Server (Server.java:doStart(359)) - jetty-9.4.26.v20200117; built: 2020-01-17T12:35:33.676Z; git: 7b38981d25d14afb4a12ff1f2596756144edf695; jvm 1.8.0_232-b09
2020-04-28 12:21:44,304 [main] INFO  server.session (DefaultSessionIdManager.java:doStart(333)) - DefaultSessionIdManager workerName=node0
2020-04-28 12:21:44,305 [main] INFO  server.session (DefaultSessionIdManager.java:doStart(338)) - No SessionScavenger set, using defaults
2020-04-28 12:21:44,305 [main] INFO  server.session (HouseKeeper.java:startScavenging(140)) - node0 Scavenging every 600000ms
2020-04-28 12:21:44,306 [main] INFO  handler.ContextHandler (ContextHandler.java:doStart(825)) - Started o.e.j.s.ServletContextHandler@14382706{logs,/logs,file:///github/workspace/mnt/ozone/hadoop-ozone/integration-test/target/log,AVAILABLE}
2020-04-28 12:21:44,306 [main] INFO  handler.ContextHandler (ContextHandler.java:doStart(825)) - Started o.e.j.s.ServletContextHandler@4f12773e{static,/static,jar:file:/home/user/.m2/repository/org/apache/hadoop/hadoop-hdds-container-service/0.6.0-SNAPSHOT/hadoop-hdds-container-service-0.6.0-SNAPSHOT.jar!/webapps/static,AVAILABLE}
2020-04-28 12:21:44,338 [main] INFO  handler.ContextHandler (ContextHandler.java:doStart(825)) - Started o.e.j.w.WebAppContext@46016674{hddsDatanode,/,file:///tmp/jetty-0_0_0_0-42243-hadoop-hdds-container-service-0_6_0-SNAPSHOT_jar-_-any-6265250454469189408.dir/webapp/,AVAILABLE}{jar:file:/home/user/.m2/repository/org/apache/hadoop/hadoop-hdds-container-service/0.6.0-SNAPSHOT/hadoop-hdds-container-service-0.6.0-SNAPSHOT.jar!/webapps/hddsDatanode}
2020-04-28 12:21:44,339 [main] INFO  server.AbstractConnector (AbstractConnector.java:doStart(330)) - Started ServerConnector@3a8adff3{HTTP/1.1,[http/1.1]}{0.0.0.0:42243}
2020-04-28 12:21:44,339 [main] INFO  server.Server (Server.java:doStart(399)) - Started @254822ms
2020-04-28 12:21:44,340 [main] WARN  impl.MetricsSystemImpl (MetricsSystemImpl.java:register(276)) - Sink prometheus already exists!
2020-04-28 12:21:44,343 [main] INFO  http.BaseHttpServer (BaseHttpServer.java:updateConnectorAddress(288)) - HTTP server of hddsDatanode listening at http://0.0.0.0:42243
2020-04-28 12:21:44,344 [main] INFO  ozone.MiniOzoneClusterImpl (MiniOzoneClusterImpl.java:lambda$waitForClusterToBeReady$0(177)) - Waiting for nodes to be ready. Got 0 of 3 DN Heartbeats.
2020-04-28 12:21:44,344 [main] INFO  ozone.MiniOzoneClusterImpl (MiniOzoneClusterImpl.java:lambda$waitForClusterToBeReady$0(180)) - Waiting for cluster to exit safe mode
2020-04-28 12:21:44,346 [org.apache.hadoop.util.JvmPauseMonitor$Monitor@5bdd95ee] INFO  util.JvmPauseMonitor (JvmPauseMonitor.java:run(188)) - Starting JVM pause monitor
2020-04-28 12:21:44,348 [Datanode State Machine Thread - 0] INFO  datanode.InitDatanodeState (InitDatanodeState.java:persistContainerDatanodeDetails(145)) - DatanodeDetails is persisted to /github/workspace/mnt/ozone/hadoop-ozone/integration-test/target/test-dir/MiniOzoneClusterImpl-41c31dbf-deb7-44be-8446-93e68c8544eb/datanode-2/meta/datanode.id
2020-04-28 12:21:45,344 [main] INFO  ozone.MiniOzoneClusterImpl (MiniOzoneClusterImpl.java:lambda$waitForClusterToBeReady$0(177)) - Waiting for nodes to be ready. Got 0 of 3 DN Heartbeats.
2020-04-28 12:21:45,344 [main] INFO  ozone.MiniOzoneClusterImpl (MiniOzoneClusterImpl.java:lambda$waitForClusterToBeReady$0(180)) - Waiting for cluster to exit safe mode
2020-04-28 12:21:46,167 [Datanode State Machine Thread - 0] INFO  ozoneimpl.OzoneContainer (OzoneContainer.java:start(232)) - Attempting to start container services.
2020-04-28 12:21:46,167 [Datanode State Machine Thread - 0] INFO  ozoneimpl.OzoneContainer (OzoneContainer.java:startContainerScrub(196)) - Background container scanner has been disabled.
2020-04-28 12:21:46,167 [Datanode State Machine Thread - 0] INFO  ratis.XceiverServerRatis (XceiverServerRatis.java:start(424)) - Starting XceiverServerRatis d078cf5b-0095-4f51-a018-59ad7f7969b0 at port 0
2020-04-28 12:21:46,168 [Datanode State Machine Thread - 0] INFO  impl.RaftServerProxy (RaftServerProxy.java:lambda$start$3(299)) - d078cf5b-0095-4f51-a018-59ad7f7969b0: start RPC server
2020-04-28 12:21:46,169 [Datanode State Machine Thread - 0] INFO  server.GrpcService (GrpcService.java:startImpl(159)) - d078cf5b-0095-4f51-a018-59ad7f7969b0: GrpcService started, listening on 0.0.0.0/0.0.0.0:46461
2020-04-28 12:21:46,169 [Datanode State Machine Thread - 0] INFO  ratis.XceiverServerRatis (XceiverServerRatis.java:start(436)) - XceiverServerRatis d078cf5b-0095-4f51-a018-59ad7f7969b0 is started using port 46461
2020-04-28 12:21:46,169 [Datanode State Machine Thread - 0] INFO  server.XceiverServerGrpc (XceiverServerGrpc.java:start(145)) - XceiverServerGrpc d078cf5b-0095-4f51-a018-59ad7f7969b0 is started using port 42787
2020-04-28 12:21:46,288 [Datanode State Machine Thread - 0] INFO  ozoneimpl.OzoneContainer (OzoneContainer.java:start(232)) - Attempting to start container services.
2020-04-28 12:21:46,289 [Datanode State Machine Thread - 0] INFO  ozoneimpl.OzoneContainer (OzoneContainer.java:startContainerScrub(196)) - Background container scanner has been disabled.
2020-04-28 12:21:46,289 [Datanode State Machine Thread - 0] INFO  ratis.XceiverServerRatis (XceiverServerRatis.java:start(424)) - Starting XceiverServerRatis c9c76bfb-65f5-4f90-a2a5-15b56c47d9cd at port 0
2020-04-28 12:21:46,289 [Datanode State Machine Thread - 0] INFO  impl.RaftServerProxy (RaftServerProxy.java:lambda$start$3(299)) - c9c76bfb-65f5-4f90-a2a5-15b56c47d9cd: start RPC server
2020-04-28 12:21:46,291 [Datanode State Machine Thread - 0] INFO  server.GrpcService (GrpcService.java:startImpl(159)) - c9c76bfb-65f5-4f90-a2a5-15b56c47d9cd: GrpcService started, listening on 0.0.0.0/0.0.0.0:34825
2020-04-28 12:21:46,291 [Datanode State Machine Thread - 0] INFO  ratis.XceiverServerRatis (XceiverServerRatis.java:start(436)) - XceiverServerRatis c9c76bfb-65f5-4f90-a2a5-15b56c47d9cd is started using port 34825
2020-04-28 12:21:46,293 [Datanode State Machine Thread - 0] INFO  server.XceiverServerGrpc (XceiverServerGrpc.java:start(145)) - XceiverServerGrpc c9c76bfb-65f5-4f90-a2a5-15b56c47d9cd is started using port 33571
2020-04-28 12:21:46,345 [main] INFO  ozone.MiniOzoneClusterImpl (MiniOzoneClusterImpl.java:lambda$waitForClusterToBeReady$0(177)) - Waiting for nodes to be ready. Got 0 of 3 DN Heartbeats.
2020-04-28 12:21:46,345 [main] INFO  ozone.MiniOzoneClusterImpl (MiniOzoneClusterImpl.java:lambda$waitForClusterToBeReady$0(180)) - Waiting for cluster to exit safe mode
2020-04-28 12:21:46,349 [Datanode State Machine Thread - 0] INFO  ozoneimpl.OzoneContainer (OzoneContainer.java:start(232)) - Attempting to start container services.
2020-04-28 12:21:46,349 [Datanode State Machine Thread - 0] INFO  ozoneimpl.OzoneContainer (OzoneContainer.java:startContainerScrub(196)) - Background container scanner has been disabled.
2020-04-28 12:21:46,349 [Datanode State Machine Thread - 0] INFO  ratis.XceiverServerRatis (XceiverServerRatis.java:start(424)) - Starting XceiverServerRatis df2b78d1-cc3c-4a41-b03a-e98be8796946 at port 0
2020-04-28 12:21:46,351 [Datanode State Machine Thread - 0] INFO  impl.RaftServerProxy (RaftServerProxy.java:lambda$start$3(299)) - df2b78d1-cc3c-4a41-b03a-e98be8796946: start RPC server
2020-04-28 12:21:46,352 [Datanode State Machine Thread - 0] INFO  server.GrpcService (GrpcService.java:startImpl(159)) - df2b78d1-cc3c-4a41-b03a-e98be8796946: GrpcService started, listening on 0.0.0.0/0.0.0.0:41223
2020-04-28 12:21:46,352 [Datanode State Machine Thread - 0] INFO  ratis.XceiverServerRatis (XceiverServerRatis.java:start(436)) - XceiverServerRatis df2b78d1-cc3c-4a41-b03a-e98be8796946 is started using port 41223
2020-04-28 12:21:46,355 [Datanode State Machine Thread - 0] INFO  server.XceiverServerGrpc (XceiverServerGrpc.java:start(145)) - XceiverServerGrpc df2b78d1-cc3c-4a41-b03a-e98be8796946 is started using port 35035
2020-04-28 12:21:47,345 [main] INFO  ozone.MiniOzoneClusterImpl (MiniOzoneClusterImpl.java:lambda$waitForClusterToBeReady$0(177)) - Waiting for nodes to be ready. Got 0 of 3 DN Heartbeats.
2020-04-28 12:21:47,345 [main] INFO  ozone.MiniOzoneClusterImpl (MiniOzoneClusterImpl.java:lambda$waitForClusterToBeReady$0(180)) - Waiting for cluster to exit safe mode
2020-04-28 12:21:48,165 [IPC Server handler 0 on 41179] INFO  net.NetworkTopology (NetworkTopologyImpl.java:add(111)) - Added a new node: /default-rack/d078cf5b-0095-4f51-a018-59ad7f7969b0
2020-04-28 12:21:48,165 [IPC Server handler 0 on 41179] INFO  node.SCMNodeManager (SCMNodeManager.java:register(268)) - Registered Data node : d078cf5b-0095-4f51-a018-59ad7f7969b0{ip: 172.17.0.2, host: a2eb3135c33a, networkLocation: /default-rack, certSerialId: null}
2020-04-28 12:21:48,165 [RatisPipelineUtilsThread] INFO  pipeline.RatisPipelineProvider (RatisPipelineProvider.java:lambda$create$0(138)) - Sending CreatePipelineCommand for pipeline:PipelineID=69db1abb-1179-42ac-9a19-e86f166ff31a to datanode:d078cf5b-0095-4f51-a018-59ad7f7969b0
2020-04-28 12:21:48,166 [EventQueue-NodeRegistrationContainerReportForDataNodeSafeModeRule] INFO  safemode.SCMSafeModeManager (DataNodeSafeModeRule.java:process(71)) - SCM in safe mode. 1 DataNodes registered, 1 required.
2020-04-28 12:21:48,166 [RatisPipelineUtilsThread] INFO  pipeline.PipelineStateManager (PipelineStateManager.java:addPipeline(54)) - Created pipeline Pipeline[ Id: 69db1abb-1179-42ac-9a19-e86f166ff31a, Nodes: d078cf5b-0095-4f51-a018-59ad7f7969b0{ip: 172.17.0.2, host: a2eb3135c33a, networkLocation: /default-rack, certSerialId: null}, Type:RATIS, Factor:ONE, State:ALLOCATED, leaderId:null, CreationTimestamp2020-04-28T12:21:48.165Z]
2020-04-28 12:21:48,167 [RatisPipelineUtilsThread] ERROR pipeline.SCMPipelineManager (SCMPipelineManager.java:createPipeline(222)) - Failed to create pipeline of type RATIS and factor ONE. Exception: Cannot create pipeline of factor 1 using 0 nodes. Used 1 nodes. Healthy nodes 1
2020-04-28 12:21:48,167 [EventQueue-NodeRegistrationContainerReportForDataNodeSafeModeRule] INFO  safemode.SCMSafeModeManager (SCMSafeModeManager.java:validateSafeModeExitRules(213)) - DataNodeSafeModeRule rule is successfully validated
2020-04-28 12:21:48,167 [EventQueue-NodeRegistrationContainerReportForDataNodeSafeModeRule] INFO  safemode.SCMSafeModeManager (SCMSafeModeManager.java:completePreCheck(241)) - All SCM safe mode pre check rules have passed
2020-04-28 12:21:48,169 [RatisPipelineUtilsThread] ERROR pipeline.SCMPipelineManager (SCMPipelineManager.java:createPipeline(222)) - Failed to create pipeline of type RATIS and factor ONE. Exception: Cannot create pipeline of factor 1 using 0 nodes. Used 1 nodes. Healthy nodes 1
2020-04-28 12:21:48,169 [RatisPipelineUtilsThread] WARN  pipeline.PipelinePlacementPolicy (PipelinePlacementPolicy.java:filterViableNodes(132)) - Pipeline creation failed due to no sufficient healthy datanodes. Required 3. Found 1.
2020-04-28 12:21:48,169 [RatisPipelineUtilsThread] ERROR pipeline.SCMPipelineManager (SCMPipelineManager.java:createPipeline(222)) - Failed to create pipeline of type RATIS and factor THREE. Exception: Pipeline creation failed due to no sufficient healthy datanodes. Required 3. Found 1.
2020-04-28 12:21:48,170 [EventQueue-NodeRegistrationContainerReportForContainerSafeModeRule] INFO  safemode.SCMSafeModeManager (SCMSafeModeManager.java:validateSafeModeExitRules(213)) - ContainerSafeModeRule rule is successfully validated
2020-04-28 12:21:48,286 [IPC Server handler 1 on 41179] INFO  net.NetworkTopology (NetworkTopologyImpl.java:add(111)) - Added a new node: /default-rack/c9c76bfb-65f5-4f90-a2a5-15b56c47d9cd
2020-04-28 12:21:48,286 [IPC Server handler 1 on 41179] INFO  node.SCMNodeManager (SCMNodeManager.java:register(268)) - Registered Data node : c9c76bfb-65f5-4f90-a2a5-15b56c47d9cd{ip: 172.17.0.2, host: a2eb3135c33a, networkLocation: /default-rack, certSerialId: null}
2020-04-28 12:21:48,286 [RatisPipelineUtilsThread] INFO  pipeline.RatisPipelineProvider (RatisPipelineProvider.java:lambda$create$0(138)) - Sending CreatePipelineCommand for pipeline:PipelineID=2642b6b1-2b28-4d03-82e3-c6b0953323e2 to datanode:c9c76bfb-65f5-4f90-a2a5-15b56c47d9cd
2020-04-28 12:21:48,287 [EventQueue-NodeRegistrationContainerReportForDataNodeSafeModeRule] INFO  safemode.SCMSafeModeManager (SCMSafeModeManager.java:validateSafeModeExitRules(213)) - DataNodeSafeModeRule rule is successfully validated
2020-04-28 12:21:48,287 [RatisPipelineUtilsThread] INFO  pipeline.PipelineStateManager (PipelineStateManager.java:addPipeline(54)) - Created pipeline Pipeline[ Id: 2642b6b1-2b28-4d03-82e3-c6b0953323e2, Nodes: c9c76bfb-65f5-4f90-a2a5-15b56c47d9cd{ip: 172.17.0.2, host: a2eb3135c33a, networkLocation: /default-rack, certSerialId: null}, Type:RATIS, Factor:ONE, State:ALLOCATED, leaderId:null, CreationTimestamp2020-04-28T12:21:48.286Z]
2020-04-28 12:21:48,287 [RatisPipelineUtilsThread] ERROR pipeline.SCMPipelineManager (SCMPipelineManager.java:createPipeline(222)) - Failed to create pipeline of type RATIS and factor ONE. Exception: Cannot create pipeline of factor 1 using 0 nodes. Used 2 nodes. Healthy nodes 2
2020-04-28 12:21:48,287 [EventQueue-NodeRegistrationContainerReportForContainerSafeModeRule] INFO  safemode.SCMSafeModeManager (SCMSafeModeManager.java:validateSafeModeExitRules(213)) - ContainerSafeModeRule rule is successfully validated
2020-04-28 12:21:48,287 [RatisPipelineUtilsThread] WARN  pipeline.PipelinePlacementPolicy (PipelinePlacementPolicy.java:filterViableNodes(132)) - Pipeline creation failed due to no sufficient healthy datanodes. Required 3. Found 2.
2020-04-28 12:21:48,287 [RatisPipelineUtilsThread] ERROR pipeline.SCMPipelineManager (SCMPipelineManager.java:createPipeline(222)) - Failed to create pipeline of type RATIS and factor THREE. Exception: Pipeline creation failed due to no sufficient healthy datanodes. Required 3. Found 2.
2020-04-28 12:21:48,346 [main] INFO  ozone.MiniOzoneClusterImpl (MiniOzoneClusterImpl.java:lambda$waitForClusterToBeReady$0(177)) - Waiting for nodes to be ready. Got 2 of 3 DN Heartbeats.
2020-04-28 12:21:48,346 [main] INFO  ozone.MiniOzoneClusterImpl (MiniOzoneClusterImpl.java:lambda$waitForClusterToBeReady$0(180)) - Waiting for cluster to exit safe mode
2020-04-28 12:21:48,348 [IPC Server handler 2 on 41179] INFO  net.NetworkTopology (NetworkTopologyImpl.java:add(111)) - Added a new node: /default-rack/df2b78d1-cc3c-4a41-b03a-e98be8796946
2020-04-28 12:21:48,348 [IPC Server handler 2 on 41179] INFO  node.SCMNodeManager (SCMNodeManager.java:register(268)) - Registered Data node : df2b78d1-cc3c-4a41-b03a-e98be8796946{ip: 172.17.0.2, host: a2eb3135c33a, networkLocation: /default-rack, certSerialId: null}
2020-04-28 12:21:48,349 [EventQueue-NodeRegistrationContainerReportForContainerSafeModeRule] INFO  safemode.SCMSafeModeManager (SCMSafeModeManager.java:validateSafeModeExitRules(213)) - ContainerSafeModeRule rule is successfully validated
2020-04-28 12:21:48,349 [EventQueue-NodeRegistrationContainerReportForDataNodeSafeModeRule] INFO  safemode.SCMSafeModeManager (SCMSafeModeManager.java:validateSafeModeExitRules(213)) - DataNodeSafeModeRule rule is successfully validated
2020-04-28 12:21:48,349 [RatisPipelineUtilsThread] INFO  pipeline.RatisPipelineProvider (RatisPipelineProvider.java:lambda$create$0(138)) - Sending CreatePipelineCommand for pipeline:PipelineID=31cc3b18-eb6b-46d9-a98b-ef22d3efb3fe to datanode:df2b78d1-cc3c-4a41-b03a-e98be8796946
2020-04-28 12:21:48,350 [RatisPipelineUtilsThread] INFO  pipeline.PipelineStateManager (PipelineStateManager.java:addPipeline(54)) - Created pipeline Pipeline[ Id: 31cc3b18-eb6b-46d9-a98b-ef22d3efb3fe, Nodes: df2b78d1-cc3c-4a41-b03a-e98be8796946{ip: 172.17.0.2, host: a2eb3135c33a, networkLocation: /default-rack, certSerialId: null}, Type:RATIS, Factor:ONE, State:ALLOCATED, leaderId:null, CreationTimestamp2020-04-28T12:21:48.349Z]
2020-04-28 12:21:48,350 [RatisPipelineUtilsThread] ERROR pipeline.SCMPipelineManager (SCMPipelineManager.java:createPipeline(222)) - Failed to create pipeline of type RATIS and factor ONE. Exception: Cannot create pipeline of factor 1 using 0 nodes. Used 3 nodes. Healthy nodes 3
2020-04-28 12:21:48,350 [RatisPipelineUtilsThread] INFO  pipeline.RatisPipelineProvider (RatisPipelineProvider.java:lambda$create$0(138)) - Sending CreatePipelineCommand for pipeline:PipelineID=234fb3ed-6503-49fa-8813-35f60551025f to datanode:c9c76bfb-65f5-4f90-a2a5-15b56c47d9cd
2020-04-28 12:21:48,350 [RatisPipelineUtilsThread] INFO  pipeline.RatisPipelineProvider (RatisPipelineProvider.java:lambda$create$0(138)) - Sending CreatePipelineCommand for pipeline:PipelineID=234fb3ed-6503-49fa-8813-35f60551025f to datanode:df2b78d1-cc3c-4a41-b03a-e98be8796946
2020-04-28 12:21:48,350 [RatisPipelineUtilsThread] INFO  pipeline.RatisPipelineProvider (RatisPipelineProvider.java:lambda$create$0(138)) - Sending CreatePipelineCommand for pipeline:PipelineID=234fb3ed-6503-49fa-8813-35f60551025f to datanode:d078cf5b-0095-4f51-a018-59ad7f7969b0
2020-04-28 12:21:48,351 [RatisPipelineUtilsThread] INFO  pipeline.PipelineStateManager (PipelineStateManager.java:addPipeline(54)) - Created pipeline Pipeline[ Id: 234fb3ed-6503-49fa-8813-35f60551025f, Nodes: c9c76bfb-65f5-4f90-a2a5-15b56c47d9cd{ip: 172.17.0.2, host: a2eb3135c33a, networkLocation: /default-rack, certSerialId: null}df2b78d1-cc3c-4a41-b03a-e98be8796946{ip: 172.17.0.2, host: a2eb3135c33a, networkLocation: /default-rack, certSerialId: null}d078cf5b-0095-4f51-a018-59ad7f7969b0{ip: 172.17.0.2, host: a2eb3135c33a, networkLocation: /default-rack, certSerialId: null}, Type:RATIS, Factor:THREE, State:ALLOCATED, leaderId:null, CreationTimestamp2020-04-28T12:21:48.350Z]
2020-04-28 12:21:48,351 [RatisPipelineUtilsThread] ERROR pipeline.SCMPipelineManager (SCMPipelineManager.java:createPipeline(222)) - Failed to create pipeline of type RATIS and factor THREE. Exception: Pipeline creation failed because nodes are engaged in other pipelines and every node can only be engaged in max 2 pipelines. Required 3. Found 0
2020-04-28 12:21:49,346 [main] INFO  ozone.MiniOzoneClusterImpl (MiniOzoneClusterImpl.java:lambda$waitForClusterToBeReady$0(177)) - Nodes are ready. Got 3 of 3 DN Heartbeats.
2020-04-28 12:21:49,347 [main] INFO  ozone.MiniOzoneClusterImpl (MiniOzoneClusterImpl.java:lambda$waitForClusterToBeReady$0(180)) - Waiting for cluster to exit safe mode
2020-04-28 12:21:50,350 [main] INFO  ozone.MiniOzoneClusterImpl (MiniOzoneClusterImpl.java:lambda$waitForClusterToBeReady$0(177)) - Nodes are ready. Got 3 of 3 DN Heartbeats.
2020-04-28 12:21:50,350 [main] INFO  ozone.MiniOzoneClusterImpl (MiniOzoneClusterImpl.java:lambda$waitForClusterToBeReady$0(180)) - Waiting for cluster to exit safe mode
2020-04-28 12:21:51,164 [Command processor thread] INFO  impl.RaftServerProxy (RaftServerProxy.java:addNew(89)) - d078cf5b-0095-4f51-a018-59ad7f7969b0: addNew group-E86F166FF31A:[d078cf5b-0095-4f51-a018-59ad7f7969b0:172.17.0.2:46461] returns group-E86F166FF31A:java.util.concurrent.CompletableFuture@6f2fe8ca[Not completed]
2020-04-28 12:21:51,166 [pool-703-thread-1] INFO  impl.RaftServerImpl (RaftServerImpl.java:<init>(97)) - d078cf5b-0095-4f51-a018-59ad7f7969b0: new RaftServerImpl for group-E86F166FF31A:[d078cf5b-0095-4f51-a018-59ad7f7969b0:172.17.0.2:46461] with ContainerStateMachine:uninitialized
2020-04-28 12:21:51,167 [pool-703-thread-1] INFO  server.RaftServerConfigKeys (ConfUtils.java:logGet(44)) - raft.server.rpc.timeout.min = 5s (custom)
2020-04-28 12:21:51,167 [pool-703-thread-1] INFO  server.RaftServerConfigKeys (ConfUtils.java:logGet(44)) - raft.server.rpc.timeout.max = 5200ms (custom)
2020-04-28 12:21:51,167 [pool-703-thread-1] INFO  server.RaftServerConfigKeys (ConfUtils.java:logGet(44)) - raft.server.rpcslowness.timeout = 300s (custom)
2020-04-28 12:21:51,167 [pool-703-thread-1] INFO  server.RaftServerConfigKeys (ConfUtils.java:logGet(44)) - raft.server.sleep.deviation.threshold = 300 (default)
2020-04-28 12:21:51,168 [pool-703-thread-1] INFO  server.RaftServerConfigKeys (ConfUtils.java:logGet(44)) - raft.server.log.appender.install.snapshot.enabled = false (custom)
2020-04-28 12:21:51,168 [pool-703-thread-1] INFO  impl.RaftServerImpl (ServerState.java:<init>(103)) - d078cf5b-0095-4f51-a018-59ad7f7969b0@group-E86F166FF31A: ConfigurationManager, init=-1: [d078cf5b-0095-4f51-a018-59ad7f7969b0:172.17.0.2:46461], old=null, confs=<EMPTY_MAP>
2020-04-28 12:21:51,168 [pool-703-thread-1] INFO  server.RaftServerConfigKeys (ConfUtils.java:logGet(44)) - raft.server.storage.dir = [/github/workspace/mnt/ozone/hadoop-ozone/integration-test/target/test-dir/MiniOzoneClusterImpl-41c31dbf-deb7-44be-8446-93e68c8544eb/datanode-0/data/ratis] (custom)
2020-04-28 12:21:51,168 [pool-703-thread-1] INFO  server.RaftServerConfigKeys (ConfUtils.java:logGet(44)) - raft.server.log.corruption.policy = EXCEPTION (default)
2020-04-28 12:21:51,169 [pool-703-thread-1] INFO  storage.RaftStorageDirectory (RaftStorageDirectory.java:analyzeStorage(253)) - The storage directory /github/workspace/mnt/ozone/hadoop-ozone/integration-test/target/test-dir/MiniOzoneClusterImpl-41c31dbf-deb7-44be-8446-93e68c8544eb/datanode-0/data/ratis/69db1abb-1179-42ac-9a19-e86f166ff31a does not exist. Creating ...
2020-04-28 12:21:51,170 [pool-703-thread-1] INFO  storage.RaftStorageDirectory (RaftStorageDirectory.java:tryLock(335)) - Lock on /github/workspace/mnt/ozone/hadoop-ozone/integration-test/target/test-dir/MiniOzoneClusterImpl-41c31dbf-deb7-44be-8446-93e68c8544eb/datanode-0/data/ratis/69db1abb-1179-42ac-9a19-e86f166ff31a/in_use.lock acquired by nodename 4311@a2eb3135c33a
2020-04-28 12:21:51,171 [pool-703-thread-1] INFO  storage.RaftStorage (RaftStorage.java:format(84)) - Storage directory /github/workspace/mnt/ozone/hadoop-ozone/integration-test/target/test-dir/MiniOzoneClusterImpl-41c31dbf-deb7-44be-8446-93e68c8544eb/datanode-0/data/ratis/69db1abb-1179-42ac-9a19-e86f166ff31a has been successfully formatted.
2020-04-28 12:21:51,173 [pool-703-thread-1] INFO  ratis.ContainerStateMachine (ContainerStateMachine.java:loadSnapshot(226)) - group-E86F166FF31A: The snapshot info is null. Setting the last applied indexto:(t:0, i:~)
2020-04-28 12:21:51,173 [pool-703-thread-1] INFO  server.RaftServerConfigKeys (ConfUtils.java:logGet(44)) - raft.server.notification.no-leader.timeout = 60s (default)
2020-04-28 12:21:51,173 [pool-703-thread-1] INFO  server.RaftServerConfigKeys (ConfUtils.java:logGet(44)) - raft.server.log.use.memory = false (default)
2020-04-28 12:21:51,173 [pool-703-thread-1] INFO  server.RaftServerConfigKeys (ConfUtils.java:logGet(44)) - raft.server.log.purge.gap = 1000000 (custom)
2020-04-28 12:21:51,173 [pool-703-thread-1] INFO  server.RaftServerConfigKeys (ConfUtils.java:logGet(44)) - raft.server.log.appender.buffer.byte-limit = 33554432 (custom)
2020-04-28 12:21:51,173 [pool-703-thread-1] INFO  server.RaftServerConfigKeys (ConfUtils.java:logGet(44)) - raft.server.log.segment.size.max = 1048576 (custom)
2020-04-28 12:21:51,173 [EventQueue-PipelineReportForPipelineReportHandler] INFO  pipeline.PipelineStateManager (PipelineStateManager.java:openPipeline(131)) - Pipeline Pipeline[ Id: 69db1abb-1179-42ac-9a19-e86f166ff31a, Nodes: d078cf5b-0095-4f51-a018-59ad7f7969b0{ip: 172.17.0.2, host: a2eb3135c33a, networkLocation: /default-rack, certSerialId: null}, Type:RATIS, Factor:ONE, State:ALLOCATED, leaderId:d078cf5b-0095-4f51-a018-59ad7f7969b0, CreationTimestamp2020-04-28T12:21:48.165Z] moved to OPEN state
2020-04-28 12:21:51,173 [pool-703-thread-1] INFO  metrics.RatisMetrics (RatisMetrics.java:lambda$create$0(39)) - Creating Metrics Registry : ratis.log_worker.d078cf5b-0095-4f51-a018-59ad7f7969b0
2020-04-28 12:21:51,174 [pool-703-thread-1] INFO  server.RaftServerConfigKeys (ConfUtils.java:logGet(44)) - raft.server.log.segment.cache.num.max = 2 (custom)
2020-04-28 12:21:51,174 [pool-703-thread-1] INFO  segmented.SegmentedRaftLogWorker (SegmentedRaftLogWorker.java:<init>(176)) - new d078cf5b-0095-4f51-a018-59ad7f7969b0@group-E86F166FF31A-SegmentedRaftLogWorker for RaftStorage:Storage Directory /github/workspace/mnt/ozone/hadoop-ozone/integration-test/target/test-dir/MiniOzoneClusterImpl-41c31dbf-deb7-44be-8446-93e68c8544eb/datanode-0/data/ratis/69db1abb-1179-42ac-9a19-e86f166ff31a
2020-04-28 12:21:51,174 [pool-703-thread-1] INFO  server.RaftServerConfigKeys (ConfUtils.java:logGet(44)) - raft.server.log.queue.byte-limit = 2147483647 (custom)
2020-04-28 12:21:51,174 [pool-703-thread-1] INFO  server.RaftServerConfigKeys (ConfUtils.java:logGet(44)) - raft.server.log.queue.element-limit = 1024 (custom)
2020-04-28 12:21:51,174 [pool-703-thread-1] INFO  server.RaftServerConfigKeys (ConfUtils.java:logGet(44)) - raft.server.log.segment.size.max = 1048576 (custom)
2020-04-28 12:21:51,174 [pool-703-thread-1] INFO  server.RaftServerConfigKeys (ConfUtils.java:logGet(44)) - raft.server.log.preallocated.size = 16384 (custom)
2020-04-28 12:21:51,174 [pool-703-thread-1] INFO  server.RaftServerConfigKeys (ConfUtils.java:logGet(44)) - raft.server.log.write.buffer.size = 1048576 (custom)
2020-04-28 12:21:51,174 [pool-703-thread-1] INFO  server.RaftServerConfigKeys (ConfUtils.java:logGet(44)) - raft.server.log.force.sync.num = 128 (default)
2020-04-28 12:21:51,175 [pool-703-thread-1] INFO  server.RaftServerConfigKeys (ConfUtils.java:logGet(44)) - raft.server.log.statemachine.data.sync = true (default)
2020-04-28 12:21:51,175 [pool-703-thread-1] INFO  server.RaftServerConfigKeys (ConfUtils.java:logGet(44)) - raft.server.log.statemachine.data.sync.timeout = 10s (default)
2020-04-28 12:21:51,175 [pool-703-thread-1] INFO  server.RaftServerConfigKeys (ConfUtils.java:logGet(44)) - raft.server.log.statemachine.data.sync.timeout.retry = -1 (default)
2020-04-28 12:21:51,180 [EventQueue-OpenPipelineForHealthyPipelineSafeModeRule] INFO  safemode.SCMSafeModeManager (HealthyPipelineSafeModeRule.java:process(132)) - SCM in safe mode. Healthy pipelines reported count is 0, required healthy pipeline reported count is 1
2020-04-28 12:21:51,181 [pool-703-thread-1] INFO  server.RaftServerConfigKeys (ConfUtils.java:logGet(44)) - raft.server.log.statemachine.data.caching.enabled = true (custom)
2020-04-28 12:21:51,181 [pool-703-thread-1] INFO  segmented.SegmentedRaftLogWorker (SegmentedRaftLogWorker.java:lambda$new$0(129)) - d078cf5b-0095-4f51-a018-59ad7f7969b0@group-E86F166FF31A-SegmentedRaftLogWorker: flushIndex: setUnconditionally 0 -> -1
2020-04-28 12:21:51,182 [EventQueue-OpenPipelineForOneReplicaPipelineSafeModeRule] INFO  safemode.SCMSafeModeManager (SCMSafeModeManager.java:validateSafeModeExitRules(213)) - AtleastOneDatanodeReportedRule rule is successfully validated
2020-04-28 12:21:51,182 [pool-703-thread-1] INFO  server.RaftServerConfigKeys (ConfUtils.java:logGet(44)) - raft.server.snapshot.auto.trigger.enabled = true (custom)
2020-04-28 12:21:51,182 [pool-703-thread-1] INFO  server.RaftServerConfigKeys (ConfUtils.java:logGet(44)) - raft.server.snapshot.auto.trigger.threshold = 10000 (custom)
2020-04-28 12:21:51,182 [pool-703-thread-1] INFO  server.RaftServerConfigKeys (ConfUtils.java:logGet(44)) - raft.server.snapshot.retention.file.num = 5 (custom)
2020-04-28 12:21:51,182 [pool-703-thread-1] INFO  server.RaftServerConfigKeys (ConfUtils.java:logGet(44)) - raft.server.retrycache.expirytime = 600000ms (custom)
2020-04-28 12:21:51,182 [pool-703-thread-1] INFO  metrics.RatisMetrics (RatisMetrics.java:lambda$create$0(39)) - Creating Metrics Registry : ratis.leader_election.d078cf5b-0095-4f51-a018-59ad7f7969b0@group-E86F166FF31A
2020-04-28 12:21:51,183 [pool-703-thread-1] INFO  metrics.RatisMetrics (RatisMetrics.java:lambda$create$0(39)) - Creating Metrics Registry : ratis.server.d078cf5b-0095-4f51-a018-59ad7f7969b0@group-E86F166FF31A
2020-04-28 12:21:51,185 [pool-703-thread-1] INFO  impl.RaftServerImpl (RaftServerImpl.java:start(183)) - d078cf5b-0095-4f51-a018-59ad7f7969b0@group-E86F166FF31A: start as a follower, conf=-1: [d078cf5b-0095-4f51-a018-59ad7f7969b0:172.17.0.2:46461], old=null
2020-04-28 12:21:51,185 [pool-703-thread-1] INFO  impl.RaftServerImpl (RaftServerImpl.java:setRole(172)) - d078cf5b-0095-4f51-a018-59ad7f7969b0@group-E86F166FF31A: changes role from      null to FOLLOWER at term 0 for startAsFollower
2020-04-28 12:21:51,185 [pool-703-thread-1] INFO  impl.RoleInfo (RoleInfo.java:updateAndGet(143)) - d078cf5b-0095-4f51-a018-59ad7f7969b0: start FollowerState
2020-04-28 12:21:51,185 [pool-703-thread-1] INFO  util.JmxRegister (JmxRegister.java:tryRegister(44)) - Successfully registered JMX Bean with object name Ratis:service=RaftServer,group=group-E86F166FF31A,id=d078cf5b-0095-4f51-a018-59ad7f7969b0
2020-04-28 12:21:51,185 [pool-703-thread-1] INFO  metrics.RatisMetrics (RatisMetrics.java:lambda$create$0(39)) - Creating Metrics Registry : ratis.state_machine.d078cf5b-0095-4f51-a018-59ad7f7969b0@group-E86F166FF31A
2020-04-28 12:21:51,186 [Command processor thread] INFO  commandhandler.CreatePipelineCommandHandler (CreatePipelineCommandHandler.java:handle(109)) - Created Pipeline RATIS ONE #id: "69db1abb-1179-42ac-9a19-e86f166ff31a"
.
2020-04-28 12:21:51,186 [Command processor thread] INFO  impl.RaftServerProxy (RaftServerProxy.java:addNew(89)) - d078cf5b-0095-4f51-a018-59ad7f7969b0: addNew group-35F60551025F:[d078cf5b-0095-4f51-a018-59ad7f7969b0:172.17.0.2:46461, df2b78d1-cc3c-4a41-b03a-e98be8796946:172.17.0.2:41223, c9c76bfb-65f5-4f90-a2a5-15b56c47d9cd:172.17.0.2:34825] returns group-35F60551025F:java.util.concurrent.CompletableFuture@6b1071f7[Not completed]
2020-04-28 12:21:51,187 [pool-703-thread-1] INFO  impl.RaftServerImpl (RaftServerImpl.java:<init>(97)) - d078cf5b-0095-4f51-a018-59ad7f7969b0: new RaftServerImpl for group-35F60551025F:[d078cf5b-0095-4f51-a018-59ad7f7969b0:172.17.0.2:46461, df2b78d1-cc3c-4a41-b03a-e98be8796946:172.17.0.2:41223, c9c76bfb-65f5-4f90-a2a5-15b56c47d9cd:172.17.0.2:34825] with ContainerStateMachine:uninitialized
2020-04-28 12:21:51,187 [pool-703-thread-1] INFO  server.RaftServerConfigKeys (ConfUtils.java:logGet(44)) - raft.server.rpc.timeout.min = 5s (custom)
2020-04-28 12:21:51,188 [pool-703-thread-1] INFO  server.RaftServerConfigKeys (ConfUtils.java:logGet(44)) - raft.server.rpc.timeout.max = 5200ms (custom)
2020-04-28 12:21:51,188 [pool-703-thread-1] INFO  server.RaftServerConfigKeys (ConfUtils.java:logGet(44)) - raft.server.rpcslowness.timeout = 300s (custom)
2020-04-28 12:21:51,188 [pool-703-thread-1] INFO  server.RaftServerConfigKeys (ConfUtils.java:logGet(44)) - raft.server.sleep.deviation.threshold = 300 (default)
2020-04-28 12:21:51,188 [pool-703-thread-1] INFO  server.RaftServerConfigKeys (ConfUtils.java:logGet(44)) - raft.server.log.appender.install.snapshot.enabled = false (custom)
2020-04-28 12:21:51,188 [pool-703-thread-1] INFO  impl.RaftServerImpl (ServerState.java:<init>(103)) - d078cf5b-0095-4f51-a018-59ad7f7969b0@group-35F60551025F: ConfigurationManager, init=-1: [d078cf5b-0095-4f51-a018-59ad7f7969b0:172.17.0.2:46461, df2b78d1-cc3c-4a41-b03a-e98be8796946:172.17.0.2:41223, c9c76bfb-65f5-4f90-a2a5-15b56c47d9cd:172.17.0.2:34825], old=null, confs=<EMPTY_MAP>
2020-04-28 12:21:51,188 [pool-703-thread-1] INFO  server.RaftServerConfigKeys (ConfUtils.java:logGet(44)) - raft.server.storage.dir = [/github/workspace/mnt/ozone/hadoop-ozone/integration-test/target/test-dir/MiniOzoneClusterImpl-41c31dbf-deb7-44be-8446-93e68c8544eb/datanode-0/data/ratis] (custom)
2020-04-28 12:21:51,188 [pool-703-thread-1] INFO  server.RaftServerConfigKeys (ConfUtils.java:logGet(44)) - raft.server.log.corruption.policy = EXCEPTION (default)
2020-04-28 12:21:51,188 [pool-703-thread-1] INFO  storage.RaftStorageDirectory (RaftStorageDirectory.java:analyzeStorage(253)) - The storage directory /github/workspace/mnt/ozone/hadoop-ozone/integration-test/target/test-dir/MiniOzoneClusterImpl-41c31dbf-deb7-44be-8446-93e68c8544eb/datanode-0/data/ratis/234fb3ed-6503-49fa-8813-35f60551025f does not exist. Creating ...
2020-04-28 12:21:51,190 [pool-703-thread-1] INFO  storage.RaftStorageDirectory (RaftStorageDirectory.java:tryLock(335)) - Lock on /github/workspace/mnt/ozone/hadoop-ozone/integration-test/target/test-dir/MiniOzoneClusterImpl-41c31dbf-deb7-44be-8446-93e68c8544eb/datanode-0/data/ratis/234fb3ed-6503-49fa-8813-35f60551025f/in_use.lock acquired by nodename 4311@a2eb3135c33a
2020-04-28 12:21:51,191 [pool-703-thread-1] INFO  storage.RaftStorage (RaftStorage.java:format(84)) - Storage directory /github/workspace/mnt/ozone/hadoop-ozone/integration-test/target/test-dir/MiniOzoneClusterImpl-41c31dbf-deb7-44be-8446-93e68c8544eb/datanode-0/data/ratis/234fb3ed-6503-49fa-8813-35f60551025f has been successfully formatted.
2020-04-28 12:21:51,191 [pool-703-thread-1] INFO  ratis.ContainerStateMachine (ContainerStateMachine.java:loadSnapshot(226)) - group-35F60551025F: The snapshot info is null. Setting the last applied indexto:(t:0, i:~)
2020-04-28 12:21:51,191 [pool-703-thread-1] INFO  server.RaftServerConfigKeys (ConfUtils.java:logGet(44)) - raft.server.notification.no-leader.timeout = 60s (default)
2020-04-28 12:21:51,191 [pool-703-thread-1] INFO  server.RaftServerConfigKeys (ConfUtils.java:logGet(44)) - raft.server.log.use.memory = false (default)
2020-04-28 12:21:51,191 [pool-703-thread-1] INFO  server.RaftServerConfigKeys (ConfUtils.java:logGet(44)) - raft.server.log.purge.gap = 1000000 (custom)
2020-04-28 12:21:51,191 [pool-703-thread-1] INFO  server.RaftServerConfigKeys (ConfUtils.java:logGet(44)) - raft.server.log.appender.buffer.byte-limit = 33554432 (custom)
2020-04-28 12:21:51,192 [pool-703-thread-1] INFO  server.RaftServerConfigKeys (ConfUtils.java:logGet(44)) - raft.server.log.segment.size.max = 1048576 (custom)
2020-04-28 12:21:51,192 [pool-703-thread-1] INFO  server.RaftServerConfigKeys (ConfUtils.java:logGet(44)) - raft.server.log.segment.cache.num.max = 2 (custom)
2020-04-28 12:21:51,192 [pool-703-thread-1] INFO  segmented.SegmentedRaftLogWorker (SegmentedRaftLogWorker.java:<init>(176)) - new d078cf5b-0095-4f51-a018-59ad7f7969b0@group-35F60551025F-SegmentedRaftLogWorker for RaftStorage:Storage Directory /github/workspace/mnt/ozone/hadoop-ozone/integration-test/target/test-dir/MiniOzoneClusterImpl-41c31dbf-deb7-44be-8446-93e68c8544eb/datanode-0/data/ratis/234fb3ed-6503-49fa-8813-35f60551025f
2020-04-28 12:21:51,192 [pool-703-thread-1] INFO  server.RaftServerConfigKeys (ConfUtils.java:logGet(44)) - raft.server.log.queue.byte-limit = 2147483647 (custom)
2020-04-28 12:21:51,192 [pool-703-thread-1] INFO  server.RaftServerConfigKeys (ConfUtils.java:logGet(44)) - raft.server.log.queue.element-limit = 1024 (custom)
2020-04-28 12:21:51,192 [pool-703-thread-1] INFO  server.RaftServerConfigKeys (ConfUtils.java:logGet(44)) - raft.server.log.segment.size.max = 1048576 (custom)
2020-04-28 12:21:51,192 [pool-703-thread-1] INFO  server.RaftServerConfigKeys (ConfUtils.java:logGet(44)) - raft.server.log.preallocated.size = 16384 (custom)
2020-04-28 12:21:51,193 [pool-703-thread-1] INFO  server.RaftServerConfigKeys (ConfUtils.java:logGet(44)) - raft.server.log.write.buffer.size = 1048576 (custom)
2020-04-28 12:21:51,193 [pool-703-thread-1] INFO  server.RaftServerConfigKeys (ConfUtils.java:logGet(44)) - raft.server.log.force.sync.num = 128 (default)
2020-04-28 12:21:51,193 [pool-703-thread-1] INFO  server.RaftServerConfigKeys (ConfUtils.java:logGet(44)) - raft.server.log.statemachine.data.sync = true (default)
2020-04-28 12:21:51,193 [pool-703-thread-1] INFO  server.RaftServerConfigKeys (ConfUtils.java:logGet(44)) - raft.server.log.statemachine.data.sync.timeout = 10s (default)
2020-04-28 12:21:51,193 [pool-703-thread-1] INFO  server.RaftServerConfigKeys (ConfUtils.java:logGet(44)) - raft.server.log.statemachine.data.sync.timeout.retry = -1 (default)
2020-04-28 12:21:51,193 [pool-703-thread-1] INFO  server.RaftServerConfigKeys (ConfUtils.java:logGet(44)) - raft.server.log.statemachine.data.caching.enabled = true (custom)
2020-04-28 12:21:51,194 [pool-703-thread-1] INFO  segmented.SegmentedRaftLogWorker (SegmentedRaftLogWorker.java:lambda$new$0(129)) - d078cf5b-0095-4f51-a018-59ad7f7969b0@group-35F60551025F-SegmentedRaftLogWorker: flushIndex: setUnconditionally 0 -> -1
2020-04-28 12:21:51,194 [pool-703-thread-1] INFO  server.RaftServerConfigKeys (ConfUtils.java:logGet(44)) - raft.server.snapshot.auto.trigger.enabled = true (custom)
2020-04-28 12:21:51,194 [pool-703-thread-1] INFO  server.RaftServerConfigKeys (ConfUtils.java:logGet(44)) - raft.server.snapshot.auto.trigger.threshold = 10000 (custom)
2020-04-28 12:21:51,194 [pool-703-thread-1] INFO  server.RaftServerConfigKeys (ConfUtils.java:logGet(44)) - raft.server.snapshot.retention.file.num = 5 (custom)
2020-04-28 12:21:51,194 [pool-703-thread-1] INFO  server.RaftServerConfigKeys (ConfUtils.java:logGet(44)) - raft.server.retrycache.expirytime = 600000ms (custom)
2020-04-28 12:21:51,194 [pool-703-thread-1] INFO  metrics.RatisMetrics (RatisMetrics.java:lambda$create$0(39)) - Creating Metrics Registry : ratis.leader_election.d078cf5b-0095-4f51-a018-59ad7f7969b0@group-35F60551025F
2020-04-28 12:21:51,195 [pool-703-thread-1] INFO  metrics.RatisMetrics (RatisMetrics.java:lambda$create$0(39)) - Creating Metrics Registry : ratis.server.d078cf5b-0095-4f51-a018-59ad7f7969b0@group-35F60551025F
2020-04-28 12:21:51,196 [pool-703-thread-1] INFO  impl.RaftServerImpl (RaftServerImpl.java:start(183)) - d078cf5b-0095-4f51-a018-59ad7f7969b0@group-35F60551025F: start as a follower, conf=-1: [d078cf5b-0095-4f51-a018-59ad7f7969b0:172.17.0.2:46461, df2b78d1-cc3c-4a41-b03a-e98be8796946:172.17.0.2:41223, c9c76bfb-65f5-4f90-a2a5-15b56c47d9cd:172.17.0.2:34825], old=null
2020-04-28 12:21:51,196 [pool-703-thread-1] INFO  impl.RaftServerImpl (RaftServerImpl.java:setRole(172)) - d078cf5b-0095-4f51-a018-59ad7f7969b0@group-35F60551025F: changes role from      null to FOLLOWER at term 0 for startAsFollower
2020-04-28 12:21:51,196 [pool-703-thread-1] INFO  impl.RoleInfo (RoleInfo.java:updateAndGet(143)) - d078cf5b-0095-4f51-a018-59ad7f7969b0: start FollowerState
2020-04-28 12:21:51,197 [pool-703-thread-1] INFO  util.JmxRegister (JmxRegister.java:tryRegister(44)) - Successfully registered JMX Bean with object name Ratis:service=RaftServer,group=group-35F60551025F,id=d078cf5b-0095-4f51-a018-59ad7f7969b0
2020-04-28 12:21:51,197 [pool-703-thread-1] INFO  metrics.RatisMetrics (RatisMetrics.java:lambda$create$0(39)) - Creating Metrics Registry : ratis.state_machine.d078cf5b-0095-4f51-a018-59ad7f7969b0@group-35F60551025F
2020-04-28 12:21:51,212 [grpc-default-executor-0] INFO  impl.RaftServerProxy (RaftServerProxy.java:addNew(89)) - c9c76bfb-65f5-4f90-a2a5-15b56c47d9cd: addNew group-35F60551025F:[d078cf5b-0095-4f51-a018-59ad7f7969b0:172.17.0.2:46461, df2b78d1-cc3c-4a41-b03a-e98be8796946:172.17.0.2:41223, c9c76bfb-65f5-4f90-a2a5-15b56c47d9cd:172.17.0.2:34825] returns group-35F60551025F:java.util.concurrent.CompletableFuture@2aa8c776[Not completed]
2020-04-28 12:21:51,213 [pool-718-thread-1] INFO  impl.RaftServerImpl (RaftServerImpl.java:<init>(97)) - c9c76bfb-65f5-4f90-a2a5-15b56c47d9cd: new RaftServerImpl for group-35F60551025F:[d078cf5b-0095-4f51-a018-59ad7f7969b0:172.17.0.2:46461, df2b78d1-cc3c-4a41-b03a-e98be8796946:172.17.0.2:41223, c9c76bfb-65f5-4f90-a2a5-15b56c47d9cd:172.17.0.2:34825] with ContainerStateMachine:uninitialized
2020-04-28 12:21:51,214 [pool-718-thread-1] INFO  server.RaftServerConfigKeys (ConfUtils.java:logGet(44)) - raft.server.rpc.timeout.min = 5s (custom)
2020-04-28 12:21:51,214 [pool-718-thread-1] INFO  server.RaftServerConfigKeys (ConfUtils.java:logGet(44)) - raft.server.rpc.timeout.max = 5200ms (custom)
2020-04-28 12:21:51,214 [pool-718-thread-1] INFO  server.RaftServerConfigKeys (ConfUtils.java:logGet(44)) - raft.server.rpcslowness.timeout = 300s (custom)
2020-04-28 12:21:51,214 [pool-718-thread-1] INFO  server.RaftServerConfigKeys (ConfUtils.java:logGet(44)) - raft.server.sleep.deviation.threshold = 300 (default)
2020-04-28 12:21:51,214 [pool-718-thread-1] INFO  server.RaftServerConfigKeys (ConfUtils.java:logGet(44)) - raft.server.log.appender.install.snapshot.enabled = false (custom)
2020-04-28 12:21:51,215 [pool-718-thread-1] INFO  impl.RaftServerImpl (ServerState.java:<init>(103)) - c9c76bfb-65f5-4f90-a2a5-15b56c47d9cd@group-35F60551025F: ConfigurationManager, init=-1: [d078cf5b-0095-4f51-a018-59ad7f7969b0:172.17.0.2:46461, df2b78d1-cc3c-4a41-b03a-e98be8796946:172.17.0.2:41223, c9c76bfb-65f5-4f90-a2a5-15b56c47d9cd:172.17.0.2:34825], old=null, confs=<EMPTY_MAP>
2020-04-28 12:21:51,215 [pool-718-thread-1] INFO  server.RaftServerConfigKeys (ConfUtils.java:logGet(44)) - raft.server.storage.dir = [/github/workspace/mnt/ozone/hadoop-ozone/integration-test/target/test-dir/MiniOzoneClusterImpl-41c31dbf-deb7-44be-8446-93e68c8544eb/datanode-1/data/ratis] (custom)
2020-04-28 12:21:51,215 [pool-718-thread-1] INFO  server.RaftServerConfigKeys (ConfUtils.java:logGet(44)) - raft.server.log.corruption.policy = EXCEPTION (default)
2020-04-28 12:21:51,215 [pool-718-thread-1] INFO  storage.RaftStorageDirectory (RaftStorageDirectory.java:analyzeStorage(253)) - The storage directory /github/workspace/mnt/ozone/hadoop-ozone/integration-test/target/test-dir/MiniOzoneClusterImpl-41c31dbf-deb7-44be-8446-93e68c8544eb/datanode-1/data/ratis/234fb3ed-6503-49fa-8813-35f60551025f does not exist. Creating ...
2020-04-28 12:21:51,217 [pool-718-thread-1] INFO  storage.RaftStorageDirectory (RaftStorageDirectory.java:tryLock(335)) - Lock on /github/workspace/mnt/ozone/hadoop-ozone/integration-test/target/test-dir/MiniOzoneClusterImpl-41c31dbf-deb7-44be-8446-93e68c8544eb/datanode-1/data/ratis/234fb3ed-6503-49fa-8813-35f60551025f/in_use.lock acquired by nodename 4311@a2eb3135c33a
2020-04-28 12:21:51,219 [pool-718-thread-1] INFO  storage.RaftStorage (RaftStorage.java:format(84)) - Storage directory /github/workspace/mnt/ozone/hadoop-ozone/integration-test/target/test-dir/MiniOzoneClusterImpl-41c31dbf-deb7-44be-8446-93e68c8544eb/datanode-1/data/ratis/234fb3ed-6503-49fa-8813-35f60551025f has been successfully formatted.
2020-04-28 12:21:51,223 [pool-718-thread-1] INFO  ratis.ContainerStateMachine (ContainerStateMachine.java:loadSnapshot(226)) - group-35F60551025F: The snapshot info is null. Setting the last applied indexto:(t:0, i:~)
2020-04-28 12:21:51,224 [pool-718-thread-1] INFO  server.RaftServerConfigKeys (ConfUtils.java:logGet(44)) - raft.server.notification.no-leader.timeout = 60s (default)
2020-04-28 12:21:51,224 [pool-718-thread-1] INFO  server.RaftServerConfigKeys (ConfUtils.java:logGet(44)) - raft.server.log.use.memory = false (default)
2020-04-28 12:21:51,224 [pool-718-thread-1] INFO  server.RaftServerConfigKeys (ConfUtils.java:logGet(44)) - raft.server.log.purge.gap = 1000000 (custom)
2020-04-28 12:21:51,224 [pool-718-thread-1] INFO  server.RaftServerConfigKeys (ConfUtils.java:logGet(44)) - raft.server.log.appender.buffer.byte-limit = 33554432 (custom)
2020-04-28 12:21:51,224 [pool-718-thread-1] INFO  server.RaftServerConfigKeys (ConfUtils.java:logGet(44)) - raft.server.log.segment.size.max = 1048576 (custom)
2020-04-28 12:21:51,224 [pool-718-thread-1] INFO  metrics.RatisMetrics (RatisMetrics.java:lambda$create$0(39)) - Creating Metrics Registry : ratis.log_worker.c9c76bfb-65f5-4f90-a2a5-15b56c47d9cd
2020-04-28 12:21:51,224 [pool-718-thread-1] INFO  server.RaftServerConfigKeys (ConfUtils.java:logGet(44)) - raft.server.log.segment.cache.num.max = 2 (custom)
2020-04-28 12:21:51,225 [pool-718-thread-1] INFO  segmented.SegmentedRaftLogWorker (SegmentedRaftLogWorker.java:<init>(176)) - new c9c76bfb-65f5-4f90-a2a5-15b56c47d9cd@group-35F60551025F-SegmentedRaftLogWorker for RaftStorage:Storage Directory /github/workspace/mnt/ozone/hadoop-ozone/integration-test/target/test-dir/MiniOzoneClusterImpl-41c31dbf-deb7-44be-8446-93e68c8544eb/datanode-1/data/ratis/234fb3ed-6503-49fa-8813-35f60551025f
2020-04-28 12:21:51,225 [pool-718-thread-1] INFO  server.RaftServerConfigKeys (ConfUtils.java:logGet(44)) - raft.server.log.queue.byte-limit = 2147483647 (custom)
2020-04-28 12:21:51,225 [pool-718-thread-1] INFO  server.RaftServerConfigKeys (ConfUtils.java:logGet(44)) - raft.server.log.queue.element-limit = 1024 (custom)
2020-04-28 12:21:51,225 [pool-718-thread-1] INFO  server.RaftServerConfigKeys (ConfUtils.java:logGet(44)) - raft.server.log.segment.size.max = 1048576 (custom)
2020-04-28 12:21:51,225 [pool-718-thread-1] INFO  server.RaftServerConfigKeys (ConfUtils.java:logGet(44)) - raft.server.log.preallocated.size = 16384 (custom)
2020-04-28 12:21:51,225 [pool-718-thread-1] INFO  server.RaftServerConfigKeys (ConfUtils.java:logGet(44)) - raft.server.log.write.buffer.size = 1048576 (custom)
2020-04-28 12:21:51,225 [pool-718-thread-1] INFO  server.RaftServerConfigKeys (ConfUtils.java:logGet(44)) - raft.server.log.force.sync.num = 128 (default)
2020-04-28 12:21:51,225 [pool-718-thread-1] INFO  server.RaftServerConfigKeys (ConfUtils.java:logGet(44)) - raft.server.log.statemachine.data.sync = true (default)
2020-04-28 12:21:51,225 [pool-718-thread-1] INFO  server.RaftServerConfigKeys (ConfUtils.java:logGet(44)) - raft.server.log.statemachine.data.sync.timeout = 10s (default)
2020-04-28 12:21:51,225 [pool-718-thread-1] INFO  server.RaftServerConfigKeys (ConfUtils.java:logGet(44)) - raft.server.log.statemachine.data.sync.timeout.retry = -1 (default)
2020-04-28 12:21:51,230 [pool-718-thread-1] INFO  server.RaftServerConfigKeys (ConfUtils.java:logGet(44)) - raft.server.log.statemachine.data.caching.enabled = true (custom)
2020-04-28 12:21:51,230 [pool-718-thread-1] INFO  segmented.SegmentedRaftLogWorker (SegmentedRaftLogWorker.java:lambda$new$0(129)) - c9c76bfb-65f5-4f90-a2a5-15b56c47d9cd@group-35F60551025F-SegmentedRaftLogWorker: flushIndex: setUnconditionally 0 -> -1
2020-04-28 12:21:51,232 [pool-718-thread-1] INFO  server.RaftServerConfigKeys (ConfUtils.java:logGet(44)) - raft.server.snapshot.auto.trigger.enabled = true (custom)
2020-04-28 12:21:51,232 [pool-718-thread-1] INFO  server.RaftServerConfigKeys (ConfUtils.java:logGet(44)) - raft.server.snapshot.auto.trigger.threshold = 10000 (custom)
2020-04-28 12:21:51,232 [pool-718-thread-1] INFO  server.RaftServerConfigKeys (ConfUtils.java:logGet(44)) - raft.server.snapshot.retention.file.num = 5 (custom)
2020-04-28 12:21:51,232 [pool-718-thread-1] INFO  server.RaftServerConfigKeys (ConfUtils.java:logGet(44)) - raft.server.retrycache.expirytime = 600000ms (custom)
2020-04-28 12:21:51,232 [pool-718-thread-1] INFO  metrics.RatisMetrics (RatisMetrics.java:lambda$create$0(39)) - Creating Metrics Registry : ratis.leader_election.c9c76bfb-65f5-4f90-a2a5-15b56c47d9cd@group-35F60551025F
2020-04-28 12:21:51,233 [pool-718-thread-1] INFO  metrics.RatisMetrics (RatisMetrics.java:lambda$create$0(39)) - Creating Metrics Registry : ratis.server.c9c76bfb-65f5-4f90-a2a5-15b56c47d9cd@group-35F60551025F
2020-04-28 12:21:51,236 [pool-718-thread-1] INFO  impl.RaftServerImpl (RaftServerImpl.java:start(183)) - c9c76bfb-65f5-4f90-a2a5-15b56c47d9cd@group-35F60551025F: start as a follower, conf=-1: [d078cf5b-0095-4f51-a018-59ad7f7969b0:172.17.0.2:46461, df2b78d1-cc3c-4a41-b03a-e98be8796946:172.17.0.2:41223, c9c76bfb-65f5-4f90-a2a5-15b56c47d9cd:172.17.0.2:34825], old=null
2020-04-28 12:21:51,236 [pool-718-thread-1] INFO  impl.RaftServerImpl (RaftServerImpl.java:setRole(172)) - c9c76bfb-65f5-4f90-a2a5-15b56c47d9cd@group-35F60551025F: changes role from      null to FOLLOWER at term 0 for startAsFollower
2020-04-28 12:21:51,236 [pool-718-thread-1] INFO  impl.RoleInfo (RoleInfo.java:updateAndGet(143)) - c9c76bfb-65f5-4f90-a2a5-15b56c47d9cd: start FollowerState
2020-04-28 12:21:51,240 [pool-718-thread-1] INFO  util.JmxRegister (JmxRegister.java:tryRegister(44)) - Successfully registered JMX Bean with object name Ratis:service=RaftServer,group=group-35F60551025F,id=c9c76bfb-65f5-4f90-a2a5-15b56c47d9cd
2020-04-28 12:21:51,240 [pool-718-thread-1] INFO  metrics.RatisMetrics (RatisMetrics.java:lambda$create$0(39)) - Creating Metrics Registry : ratis.state_machine.c9c76bfb-65f5-4f90-a2a5-15b56c47d9cd@group-35F60551025F
2020-04-28 12:21:51,256 [grpc-default-executor-0] INFO  impl.RaftServerProxy (RaftServerProxy.java:addNew(89)) - df2b78d1-cc3c-4a41-b03a-e98be8796946: addNew group-35F60551025F:[d078cf5b-0095-4f51-a018-59ad7f7969b0:172.17.0.2:46461, df2b78d1-cc3c-4a41-b03a-e98be8796946:172.17.0.2:41223, c9c76bfb-65f5-4f90-a2a5-15b56c47d9cd:172.17.0.2:34825] returns group-35F60551025F:java.util.concurrent.CompletableFuture@5e0f76a5[Not completed]
2020-04-28 12:21:51,257 [pool-733-thread-1] INFO  impl.RaftServerImpl (RaftServerImpl.java:<init>(97)) - df2b78d1-cc3c-4a41-b03a-e98be8796946: new RaftServerImpl for group-35F60551025F:[d078cf5b-0095-4f51-a018-59ad7f7969b0:172.17.0.2:46461, df2b78d1-cc3c-4a41-b03a-e98be8796946:172.17.0.2:41223, c9c76bfb-65f5-4f90-a2a5-15b56c47d9cd:172.17.0.2:34825] with ContainerStateMachine:uninitialized
2020-04-28 12:21:51,257 [pool-733-thread-1] INFO  server.RaftServerConfigKeys (ConfUtils.java:logGet(44)) - raft.server.rpc.timeout.min = 5s (custom)
2020-04-28 12:21:51,258 [pool-733-thread-1] INFO  server.RaftServerConfigKeys (ConfUtils.java:logGet(44)) - raft.server.rpc.timeout.max = 5200ms (custom)
2020-04-28 12:21:51,258 [pool-733-thread-1] INFO  server.RaftServerConfigKeys (ConfUtils.java:logGet(44)) - raft.server.rpcslowness.timeout = 300s (custom)
2020-04-28 12:21:51,258 [pool-733-thread-1] INFO  server.RaftServerConfigKeys (ConfUtils.java:logGet(44)) - raft.server.sleep.deviation.threshold = 300 (default)
2020-04-28 12:21:51,258 [pool-733-thread-1] INFO  server.RaftServerConfigKeys (ConfUtils.java:logGet(44)) - raft.server.log.appender.install.snapshot.enabled = false (custom)
2020-04-28 12:21:51,258 [pool-733-thread-1] INFO  impl.RaftServerImpl (ServerState.java:<init>(103)) - df2b78d1-cc3c-4a41-b03a-e98be8796946@group-35F60551025F: ConfigurationManager, init=-1: [d078cf5b-0095-4f51-a018-59ad7f7969b0:172.17.0.2:46461, df2b78d1-cc3c-4a41-b03a-e98be8796946:172.17.0.2:41223, c9c76bfb-65f5-4f90-a2a5-15b56c47d9cd:172.17.0.2:34825], old=null, confs=<EMPTY_MAP>
2020-04-28 12:21:51,258 [pool-733-thread-1] INFO  server.RaftServerConfigKeys (ConfUtils.java:logGet(44)) - raft.server.storage.dir = [/github/workspace/mnt/ozone/hadoop-ozone/integration-test/target/test-dir/MiniOzoneClusterImpl-41c31dbf-deb7-44be-8446-93e68c8544eb/datanode-2/data/ratis] (custom)
2020-04-28 12:21:51,258 [pool-733-thread-1] INFO  server.RaftServerConfigKeys (ConfUtils.java:logGet(44)) - raft.server.log.corruption.policy = EXCEPTION (default)
2020-04-28 12:21:51,258 [pool-733-thread-1] INFO  storage.RaftStorageDirectory (RaftStorageDirectory.java:analyzeStorage(253)) - The storage directory /github/workspace/mnt/ozone/hadoop-ozone/integration-test/target/test-dir/MiniOzoneClusterImpl-41c31dbf-deb7-44be-8446-93e68c8544eb/datanode-2/data/ratis/234fb3ed-6503-49fa-8813-35f60551025f does not exist. Creating ...
2020-04-28 12:21:51,260 [pool-733-thread-1] INFO  storage.RaftStorageDirectory (RaftStorageDirectory.java:tryLock(335)) - Lock on /github/workspace/mnt/ozone/hadoop-ozone/integration-test/target/test-dir/MiniOzoneClusterImpl-41c31dbf-deb7-44be-8446-93e68c8544eb/datanode-2/data/ratis/234fb3ed-6503-49fa-8813-35f60551025f/in_use.lock acquired by nodename 4311@a2eb3135c33a
2020-04-28 12:21:51,261 [pool-733-thread-1] INFO  storage.RaftStorage (RaftStorage.java:format(84)) - Storage directory /github/workspace/mnt/ozone/hadoop-ozone/integration-test/target/test-dir/MiniOzoneClusterImpl-41c31dbf-deb7-44be-8446-93e68c8544eb/datanode-2/data/ratis/234fb3ed-6503-49fa-8813-35f60551025f has been successfully formatted.
2020-04-28 12:21:51,261 [pool-733-thread-1] INFO  ratis.ContainerStateMachine (ContainerStateMachine.java:loadSnapshot(226)) - group-35F60551025F: The snapshot info is null. Setting the last applied indexto:(t:0, i:~)
2020-04-28 12:21:51,262 [pool-733-thread-1] INFO  server.RaftServerConfigKeys (ConfUtils.java:logGet(44)) - raft.server.notification.no-leader.timeout = 60s (default)
2020-04-28 12:21:51,262 [pool-733-thread-1] INFO  server.RaftServerConfigKeys (ConfUtils.java:logGet(44)) - raft.server.log.use.memory = false (default)
2020-04-28 12:21:51,262 [pool-733-thread-1] INFO  server.RaftServerConfigKeys (ConfUtils.java:logGet(44)) - raft.server.log.purge.gap = 1000000 (custom)
2020-04-28 12:21:51,262 [pool-733-thread-1] INFO  server.RaftServerConfigKeys (ConfUtils.java:logGet(44)) - raft.server.log.appender.buffer.byte-limit = 33554432 (custom)
2020-04-28 12:21:51,262 [pool-733-thread-1] INFO  server.RaftServerConfigKeys (ConfUtils.java:logGet(44)) - raft.server.log.segment.size.max = 1048576 (custom)
2020-04-28 12:21:51,262 [pool-733-thread-1] INFO  metrics.RatisMetrics (RatisMetrics.java:lambda$create$0(39)) - Creating Metrics Registry : ratis.log_worker.df2b78d1-cc3c-4a41-b03a-e98be8796946
2020-04-28 12:21:51,262 [pool-733-thread-1] INFO  server.RaftServerConfigKeys (ConfUtils.java:logGet(44)) - raft.server.log.segment.cache.num.max = 2 (custom)
2020-04-28 12:21:51,263 [pool-733-thread-1] INFO  segmented.SegmentedRaftLogWorker (SegmentedRaftLogWorker.java:<init>(176)) - new df2b78d1-cc3c-4a41-b03a-e98be8796946@group-35F60551025F-SegmentedRaftLogWorker for RaftStorage:Storage Directory /github/workspace/mnt/ozone/hadoop-ozone/integration-test/target/test-dir/MiniOzoneClusterImpl-41c31dbf-deb7-44be-8446-93e68c8544eb/datanode-2/data/ratis/234fb3ed-6503-49fa-8813-35f60551025f
2020-04-28 12:21:51,263 [pool-733-thread-1] INFO  server.RaftServerConfigKeys (ConfUtils.java:logGet(44)) - raft.server.log.queue.byte-limit = 2147483647 (custom)
2020-04-28 12:21:51,263 [pool-733-thread-1] INFO  server.RaftServerConfigKeys (ConfUtils.java:logGet(44)) - raft.server.log.queue.element-limit = 1024 (custom)
2020-04-28 12:21:51,263 [pool-733-thread-1] INFO  server.RaftServerConfigKeys (ConfUtils.java:logGet(44)) - raft.server.log.segment.size.max = 1048576 (custom)
2020-04-28 12:21:51,263 [pool-733-thread-1] INFO  server.RaftServerConfigKeys (ConfUtils.java:logGet(44)) - raft.server.log.preallocated.size = 16384 (custom)
2020-04-28 12:21:51,263 [pool-733-thread-1] INFO  server.RaftServerConfigKeys (ConfUtils.java:logGet(44)) - raft.server.log.write.buffer.size = 1048576 (custom)
2020-04-28 12:21:51,263 [pool-733-thread-1] INFO  server.RaftServerConfigKeys (ConfUtils.java:logGet(44)) - raft.server.log.force.sync.num = 128 (default)
2020-04-28 12:21:51,263 [pool-733-thread-1] INFO  server.RaftServerConfigKeys (ConfUtils.java:logGet(44)) - raft.server.log.statemachine.data.sync = true (default)
2020-04-28 12:21:51,263 [pool-733-thread-1] INFO  server.RaftServerConfigKeys (ConfUtils.java:logGet(44)) - raft.server.log.statemachine.data.sync.timeout = 10s (default)
2020-04-28 12:21:51,263 [pool-733-thread-1] INFO  server.RaftServerConfigKeys (ConfUtils.java:logGet(44)) - raft.server.log.statemachine.data.sync.timeout.retry = -1 (default)
2020-04-28 12:21:51,265 [pool-733-thread-1] INFO  server.RaftServerConfigKeys (ConfUtils.java:logGet(44)) - raft.server.log.statemachine.data.caching.enabled = true (custom)
2020-04-28 12:21:51,265 [pool-733-thread-1] INFO  segmented.SegmentedRaftLogWorker (SegmentedRaftLogWorker.java:lambda$new$0(129)) - df2b78d1-cc3c-4a41-b03a-e98be8796946@group-35F60551025F-SegmentedRaftLogWorker: flushIndex: setUnconditionally 0 -> -1
2020-04-28 12:21:51,265 [pool-733-thread-1] INFO  server.RaftServerConfigKeys (ConfUtils.java:logGet(44)) - raft.server.snapshot.auto.trigger.enabled = true (custom)
2020-04-28 12:21:51,265 [pool-733-thread-1] INFO  server.RaftServerConfigKeys (ConfUtils.java:logGet(44)) - raft.server.snapshot.auto.trigger.threshold = 10000 (custom)
2020-04-28 12:21:51,265 [pool-733-thread-1] INFO  server.RaftServerConfigKeys (ConfUtils.java:logGet(44)) - raft.server.snapshot.retention.file.num = 5 (custom)
2020-04-28 12:21:51,265 [pool-733-thread-1] INFO  server.RaftServerConfigKeys (ConfUtils.java:logGet(44)) - raft.server.retrycache.expirytime = 600000ms (custom)
2020-04-28 12:21:51,265 [pool-733-thread-1] INFO  metrics.RatisMetrics (RatisMetrics.java:lambda$create$0(39)) - Creating Metrics Registry : ratis.leader_election.df2b78d1-cc3c-4a41-b03a-e98be8796946@group-35F60551025F
2020-04-28 12:21:51,266 [pool-733-thread-1] INFO  metrics.RatisMetrics (RatisMetrics.java:lambda$create$0(39)) - Creating Metrics Registry : ratis.server.df2b78d1-cc3c-4a41-b03a-e98be8796946@group-35F60551025F
2020-04-28 12:21:51,267 [pool-733-thread-1] INFO  impl.RaftServerImpl (RaftServerImpl.java:start(183)) - df2b78d1-cc3c-4a41-b03a-e98be8796946@group-35F60551025F: start as a follower, conf=-1: [d078cf5b-0095-4f51-a018-59ad7f7969b0:172.17.0.2:46461, df2b78d1-cc3c-4a41-b03a-e98be8796946:172.17.0.2:41223, c9c76bfb-65f5-4f90-a2a5-15b56c47d9cd:172.17.0.2:34825], old=null
2020-04-28 12:21:51,267 [pool-733-thread-1] INFO  impl.RaftServerImpl (RaftServerImpl.java:setRole(172)) - df2b78d1-cc3c-4a41-b03a-e98be8796946@group-35F60551025F: changes role from      null to FOLLOWER at term 0 for startAsFollower
2020-04-28 12:21:51,267 [pool-733-thread-1] INFO  impl.RoleInfo (RoleInfo.java:updateAndGet(143)) - df2b78d1-cc3c-4a41-b03a-e98be8796946: start FollowerState
2020-04-28 12:21:51,271 [pool-733-thread-1] INFO  util.JmxRegister (JmxRegister.java:tryRegister(44)) - Successfully registered JMX Bean with object name Ratis:service=RaftServer,group=group-35F60551025F,id=df2b78d1-cc3c-4a41-b03a-e98be8796946
2020-04-28 12:21:51,271 [pool-733-thread-1] INFO  metrics.RatisMetrics (RatisMetrics.java:lambda$create$0(39)) - Creating Metrics Registry : ratis.state_machine.df2b78d1-cc3c-4a41-b03a-e98be8796946@group-35F60551025F
2020-04-28 12:21:51,285 [Command processor thread] INFO  impl.RaftServerProxy (RaftServerProxy.java:addNew(89)) - c9c76bfb-65f5-4f90-a2a5-15b56c47d9cd: addNew group-C6B0953323E2:[c9c76bfb-65f5-4f90-a2a5-15b56c47d9cd:172.17.0.2:34825] returns group-C6B0953323E2:java.util.concurrent.CompletableFuture@3c902725[Not completed]
2020-04-28 12:21:51,286 [pool-718-thread-1] INFO  impl.RaftServerImpl (RaftServerImpl.java:<init>(97)) - c9c76bfb-65f5-4f90-a2a5-15b56c47d9cd: new RaftServerImpl for group-C6B0953323E2:[c9c76bfb-65f5-4f90-a2a5-15b56c47d9cd:172.17.0.2:34825] with ContainerStateMachine:uninitialized
2020-04-28 12:21:51,286 [pool-718-thread-1] INFO  server.RaftServerConfigKeys (ConfUtils.java:logGet(44)) - raft.server.rpc.timeout.min = 5s (custom)
2020-04-28 12:21:51,286 [pool-718-thread-1] INFO  server.RaftServerConfigKeys (ConfUtils.java:logGet(44)) - raft.server.rpc.timeout.max = 5200ms (custom)
2020-04-28 12:21:51,286 [pool-718-thread-1] INFO  server.RaftServerConfigKeys (ConfUtils.java:logGet(44)) - raft.server.rpcslowness.timeout = 300s (custom)
2020-04-28 12:21:51,286 [pool-718-thread-1] INFO  server.RaftServerConfigKeys (ConfUtils.java:logGet(44)) - raft.server.sleep.deviation.threshold = 300 (default)
2020-04-28 12:21:51,286 [pool-718-thread-1] INFO  server.RaftServerConfigKeys (ConfUtils.java:logGet(44)) - raft.server.log.appender.install.snapshot.enabled = false (custom)
2020-04-28 12:21:51,286 [pool-718-thread-1] INFO  impl.RaftServerImpl (ServerState.java:<init>(103)) - c9c76bfb-65f5-4f90-a2a5-15b56c47d9cd@group-C6B0953323E2: ConfigurationManager, init=-1: [c9c76bfb-65f5-4f90-a2a5-15b56c47d9cd:172.17.0.2:34825], old=null, confs=<EMPTY_MAP>
2020-04-28 12:21:51,286 [pool-718-thread-1] INFO  server.RaftServerConfigKeys (ConfUtils.java:logGet(44)) - raft.server.storage.dir = [/github/workspace/mnt/ozone/hadoop-ozone/integration-test/target/test-dir/MiniOzoneClusterImpl-41c31dbf-deb7-44be-8446-93e68c8544eb/datanode-1/data/ratis] (custom)
2020-04-28 12:21:51,286 [pool-718-thread-1] INFO  server.RaftServerConfigKeys (ConfUtils.java:logGet(44)) - raft.server.log.corruption.policy = EXCEPTION (default)
2020-04-28 12:21:51,287 [pool-718-thread-1] INFO  storage.RaftStorageDirectory (RaftStorageDirectory.java:analyzeStorage(253)) - The storage directory /github/workspace/mnt/ozone/hadoop-ozone/integration-test/target/test-dir/MiniOzoneClusterImpl-41c31dbf-deb7-44be-8446-93e68c8544eb/datanode-1/data/ratis/2642b6b1-2b28-4d03-82e3-c6b0953323e2 does not exist. Creating ...
2020-04-28 12:21:51,288 [pool-718-thread-1] INFO  storage.RaftStorageDirectory (RaftStorageDirectory.java:tryLock(335)) - Lock on /github/workspace/mnt/ozone/hadoop-ozone/integration-test/target/test-dir/MiniOzoneClusterImpl-41c31dbf-deb7-44be-8446-93e68c8544eb/datanode-1/data/ratis/2642b6b1-2b28-4d03-82e3-c6b0953323e2/in_use.lock acquired by nodename 4311@a2eb3135c33a
2020-04-28 12:21:51,289 [pool-718-thread-1] INFO  storage.RaftStorage (RaftStorage.java:format(84)) - Storage directory /github/workspace/mnt/ozone/hadoop-ozone/integration-test/target/test-dir/MiniOzoneClusterImpl-41c31dbf-deb7-44be-8446-93e68c8544eb/datanode-1/data/ratis/2642b6b1-2b28-4d03-82e3-c6b0953323e2 has been successfully formatted.
2020-04-28 12:21:51,289 [pool-718-thread-1] INFO  ratis.ContainerStateMachine (ContainerStateMachine.java:loadSnapshot(226)) - group-C6B0953323E2: The snapshot info is null. Setting the last applied indexto:(t:0, i:~)
2020-04-28 12:21:51,289 [pool-718-thread-1] INFO  server.RaftServerConfigKeys (ConfUtils.java:logGet(44)) - raft.server.notification.no-leader.timeout = 60s (default)
2020-04-28 12:21:51,289 [pool-718-thread-1] INFO  server.RaftServerConfigKeys (ConfUtils.java:logGet(44)) - raft.server.log.use.memory = false (default)
2020-04-28 12:21:51,289 [pool-718-thread-1] INFO  server.RaftServerConfigKeys (ConfUtils.java:logGet(44)) - raft.server.log.purge.gap = 1000000 (custom)
2020-04-28 12:21:51,289 [pool-718-thread-1] INFO  server.RaftServerConfigKeys (ConfUtils.java:logGet(44)) - raft.server.log.appender.buffer.byte-limit = 33554432 (custom)
2020-04-28 12:21:51,289 [pool-718-thread-1] INFO  server.RaftServerConfigKeys (ConfUtils.java:logGet(44)) - raft.server.log.segment.size.max = 1048576 (custom)
2020-04-28 12:21:51,290 [pool-718-thread-1] INFO  server.RaftServerConfigKeys (ConfUtils.java:logGet(44)) - raft.server.log.segment.cache.num.max = 2 (custom)
2020-04-28 12:21:51,290 [pool-718-thread-1] INFO  segmented.SegmentedRaftLogWorker (SegmentedRaftLogWorker.java:<init>(176)) - new c9c76bfb-65f5-4f90-a2a5-15b56c47d9cd@group-C6B0953323E2-SegmentedRaftLogWorker for RaftStorage:Storage Directory /github/workspace/mnt/ozone/hadoop-ozone/integration-test/target/test-dir/MiniOzoneClusterImpl-41c31dbf-deb7-44be-8446-93e68c8544eb/datanode-1/data/ratis/2642b6b1-2b28-4d03-82e3-c6b0953323e2
2020-04-28 12:21:51,290 [pool-718-thread-1] INFO  server.RaftServerConfigKeys (ConfUtils.java:logGet(44)) - raft.server.log.queue.byte-limit = 2147483647 (custom)
2020-04-28 12:21:51,290 [pool-718-thread-1] INFO  server.RaftServerConfigKeys (ConfUtils.java:logGet(44)) - raft.server.log.queue.element-limit = 1024 (custom)
2020-04-28 12:21:51,290 [pool-718-thread-1] INFO  server.RaftServerConfigKeys (ConfUtils.java:logGet(44)) - raft.server.log.segment.size.max = 1048576 (custom)
2020-04-28 12:21:51,290 [pool-718-thread-1] INFO  server.RaftServerConfigKeys (ConfUtils.java:logGet(44)) - raft.server.log.preallocated.size = 16384 (custom)
2020-04-28 12:21:51,291 [pool-718-thread-1] INFO  server.RaftServerConfigKeys (ConfUtils.java:logGet(44)) - raft.server.log.write.buffer.size = 1048576 (custom)
2020-04-28 12:21:51,291 [pool-718-thread-1] INFO  server.RaftServerConfigKeys (ConfUtils.java:logGet(44)) - raft.server.log.force.sync.num = 128 (default)
2020-04-28 12:21:51,291 [pool-718-thread-1] INFO  server.RaftServerConfigKeys (ConfUtils.java:logGet(44)) - raft.server.log.statemachine.data.sync = true (default)
2020-04-28 12:21:51,291 [pool-718-thread-1] INFO  server.RaftServerConfigKeys (ConfUtils.java:logGet(44)) - raft.server.log.statemachine.data.sync.timeout = 10s (default)
2020-04-28 12:21:51,291 [pool-718-thread-1] INFO  server.RaftServerConfigKeys (ConfUtils.java:logGet(44)) - raft.server.log.statemachine.data.sync.timeout.retry = -1 (default)
2020-04-28 12:21:51,290 [Command processor thread] INFO  commandhandler.CreatePipelineCommandHandler (CreatePipelineCommandHandler.java:handle(109)) - Created Pipeline RATIS THREE #id: "234fb3ed-6503-49fa-8813-35f60551025f"
.
2020-04-28 12:21:51,292 [pool-718-thread-1] INFO  server.RaftServerConfigKeys (ConfUtils.java:logGet(44)) - raft.server.log.statemachine.data.caching.enabled = true (custom)
2020-04-28 12:21:51,292 [pool-718-thread-1] INFO  segmented.SegmentedRaftLogWorker (SegmentedRaftLogWorker.java:lambda$new$0(129)) - c9c76bfb-65f5-4f90-a2a5-15b56c47d9cd@group-C6B0953323E2-SegmentedRaftLogWorker: flushIndex: setUnconditionally 0 -> -1
2020-04-28 12:21:51,296 [EventQueue-PipelineReportForPipelineReportHandler] INFO  pipeline.PipelineStateManager (PipelineStateManager.java:openPipeline(131)) - Pipeline Pipeline[ Id: 2642b6b1-2b28-4d03-82e3-c6b0953323e2, Nodes: c9c76bfb-65f5-4f90-a2a5-15b56c47d9cd{ip: 172.17.0.2, host: a2eb3135c33a, networkLocation: /default-rack, certSerialId: null}, Type:RATIS, Factor:ONE, State:ALLOCATED, leaderId:c9c76bfb-65f5-4f90-a2a5-15b56c47d9cd, CreationTimestamp2020-04-28T12:21:48.286Z] moved to OPEN state
2020-04-28 12:21:51,296 [pool-718-thread-1] INFO  server.RaftServerConfigKeys (ConfUtils.java:logGet(44)) - raft.server.snapshot.auto.trigger.enabled = true (custom)
2020-04-28 12:21:51,296 [EventQueue-OpenPipelineForOneReplicaPipelineSafeModeRule] INFO  safemode.SCMSafeModeManager (SCMSafeModeManager.java:validateSafeModeExitRules(213)) - AtleastOneDatanodeReportedRule rule is successfully validated
2020-04-28 12:21:51,296 [pool-718-thread-1] INFO  server.RaftServerConfigKeys (ConfUtils.java:logGet(44)) - raft.server.snapshot.auto.trigger.threshold = 10000 (custom)
2020-04-28 12:21:51,296 [pool-718-thread-1] INFO  server.RaftServerConfigKeys (ConfUtils.java:logGet(44)) - raft.server.snapshot.retention.file.num = 5 (custom)
2020-04-28 12:21:51,296 [EventQueue-OpenPipelineForHealthyPipelineSafeModeRule] INFO  safemode.SCMSafeModeManager (HealthyPipelineSafeModeRule.java:process(132)) - SCM in safe mode. Healthy pipelines reported count is 0, required healthy pipeline reported count is 1
2020-04-28 12:21:51,296 [pool-718-thread-1] INFO  server.RaftServerConfigKeys (ConfUtils.java:logGet(44)) - raft.server.retrycache.expirytime = 600000ms (custom)
2020-04-28 12:21:51,297 [pool-718-thread-1] INFO  metrics.RatisMetrics (RatisMetrics.java:lambda$create$0(39)) - Creating Metrics Registry : ratis.leader_election.c9c76bfb-65f5-4f90-a2a5-15b56c47d9cd@group-C6B0953323E2
2020-04-28 12:21:51,297 [pool-718-thread-1] INFO  metrics.RatisMetrics (RatisMetrics.java:lambda$create$0(39)) - Creating Metrics Registry : ratis.server.c9c76bfb-65f5-4f90-a2a5-15b56c47d9cd@group-C6B0953323E2
2020-04-28 12:21:51,299 [pool-718-thread-1] INFO  impl.RaftServerImpl (RaftServerImpl.java:start(183)) - c9c76bfb-65f5-4f90-a2a5-15b56c47d9cd@group-C6B0953323E2: start as a follower, conf=-1: [c9c76bfb-65f5-4f90-a2a5-15b56c47d9cd:172.17.0.2:34825], old=null
2020-04-28 12:21:51,299 [pool-718-thread-1] INFO  impl.RaftServerImpl (RaftServerImpl.java:setRole(172)) - c9c76bfb-65f5-4f90-a2a5-15b56c47d9cd@group-C6B0953323E2: changes role from      null to FOLLOWER at term 0 for startAsFollower
2020-04-28 12:21:51,299 [pool-718-thread-1] INFO  impl.RoleInfo (RoleInfo.java:updateAndGet(143)) - c9c76bfb-65f5-4f90-a2a5-15b56c47d9cd: start FollowerState
2020-04-28 12:21:51,299 [pool-718-thread-1] INFO  util.JmxRegister (JmxRegister.java:tryRegister(44)) - Successfully registered JMX Bean with object name Ratis:service=RaftServer,group=group-C6B0953323E2,id=c9c76bfb-65f5-4f90-a2a5-15b56c47d9cd
2020-04-28 12:21:51,299 [pool-718-thread-1] INFO  metrics.RatisMetrics (RatisMetrics.java:lambda$create$0(39)) - Creating Metrics Registry : ratis.state_machine.c9c76bfb-65f5-4f90-a2a5-15b56c47d9cd@group-C6B0953323E2
2020-04-28 12:21:51,301 [Command processor thread] INFO  commandhandler.CreatePipelineCommandHandler (CreatePipelineCommandHandler.java:handle(109)) - Created Pipeline RATIS ONE #id: "2642b6b1-2b28-4d03-82e3-c6b0953323e2"
.
2020-04-28 12:21:51,347 [Command processor thread] INFO  impl.RaftServerProxy (RaftServerProxy.java:addNew(89)) - df2b78d1-cc3c-4a41-b03a-e98be8796946: addNew group-EF22D3EFB3FE:[df2b78d1-cc3c-4a41-b03a-e98be8796946:172.17.0.2:41223] returns group-EF22D3EFB3FE:java.util.concurrent.CompletableFuture@679091d0[Not completed]
2020-04-28 12:21:51,348 [pool-733-thread-1] INFO  impl.RaftServerImpl (RaftServerImpl.java:<init>(97)) - df2b78d1-cc3c-4a41-b03a-e98be8796946: new RaftServerImpl for group-EF22D3EFB3FE:[df2b78d1-cc3c-4a41-b03a-e98be8796946:172.17.0.2:41223] with ContainerStateMachine:uninitialized
2020-04-28 12:21:51,348 [pool-733-thread-1] INFO  server.RaftServerConfigKeys (ConfUtils.java:logGet(44)) - raft.server.rpc.timeout.min = 5s (custom)
2020-04-28 12:21:51,348 [pool-733-thread-1] INFO  server.RaftServerConfigKeys (ConfUtils.java:logGet(44)) - raft.server.rpc.timeout.max = 5200ms (custom)
2020-04-28 12:21:51,348 [pool-733-thread-1] INFO  server.RaftServerConfigKeys (ConfUtils.java:logGet(44)) - raft.server.rpcslowness.timeout = 300s (custom)
2020-04-28 12:21:51,348 [pool-733-thread-1] INFO  server.RaftServerConfigKeys (ConfUtils.java:logGet(44)) - raft.server.sleep.deviation.threshold = 300 (default)
2020-04-28 12:21:51,348 [pool-733-thread-1] INFO  server.RaftServerConfigKeys (ConfUtils.java:logGet(44)) - raft.server.log.appender.install.snapshot.enabled = false (custom)
2020-04-28 12:21:51,348 [pool-733-thread-1] INFO  impl.RaftServerImpl (ServerState.java:<init>(103)) - df2b78d1-cc3c-4a41-b03a-e98be8796946@group-EF22D3EFB3FE: ConfigurationManager, init=-1: [df2b78d1-cc3c-4a41-b03a-e98be8796946:172.17.0.2:41223], old=null, confs=<EMPTY_MAP>
2020-04-28 12:21:51,349 [pool-733-thread-1] INFO  server.RaftServerConfigKeys (ConfUtils.java:logGet(44)) - raft.server.storage.dir = [/github/workspace/mnt/ozone/hadoop-ozone/integration-test/target/test-dir/MiniOzoneClusterImpl-41c31dbf-deb7-44be-8446-93e68c8544eb/datanode-2/data/ratis] (custom)
2020-04-28 12:21:51,349 [pool-733-thread-1] INFO  server.RaftServerConfigKeys (ConfUtils.java:logGet(44)) - raft.server.log.corruption.policy = EXCEPTION (default)
2020-04-28 12:21:51,349 [pool-733-thread-1] INFO  storage.RaftStorageDirectory (RaftStorageDirectory.java:analyzeStorage(253)) - The storage directory /github/workspace/mnt/ozone/hadoop-ozone/integration-test/target/test-dir/MiniOzoneClusterImpl-41c31dbf-deb7-44be-8446-93e68c8544eb/datanode-2/data/ratis/31cc3b18-eb6b-46d9-a98b-ef22d3efb3fe does not exist. Creating ...
2020-04-28 12:21:51,350 [main] INFO  ozone.MiniOzoneClusterImpl (MiniOzoneClusterImpl.java:lambda$waitForClusterToBeReady$0(177)) - Nodes are ready. Got 3 of 3 DN Heartbeats.
2020-04-28 12:21:51,350 [main] INFO  ozone.MiniOzoneClusterImpl (MiniOzoneClusterImpl.java:lambda$waitForClusterToBeReady$0(180)) - Waiting for cluster to exit safe mode
2020-04-28 12:21:51,350 [pool-733-thread-1] INFO  storage.RaftStorageDirectory (RaftStorageDirectory.java:tryLock(335)) - Lock on /github/workspace/mnt/ozone/hadoop-ozone/integration-test/target/test-dir/MiniOzoneClusterImpl-41c31dbf-deb7-44be-8446-93e68c8544eb/datanode-2/data/ratis/31cc3b18-eb6b-46d9-a98b-ef22d3efb3fe/in_use.lock acquired by nodename 4311@a2eb3135c33a
2020-04-28 12:21:51,352 [pool-733-thread-1] INFO  storage.RaftStorage (RaftStorage.java:format(84)) - Storage directory /github/workspace/mnt/ozone/hadoop-ozone/integration-test/target/test-dir/MiniOzoneClusterImpl-41c31dbf-deb7-44be-8446-93e68c8544eb/datanode-2/data/ratis/31cc3b18-eb6b-46d9-a98b-ef22d3efb3fe has been successfully formatted.
2020-04-28 12:21:51,353 [EventQueue-PipelineReportForPipelineReportHandler] INFO  pipeline.PipelineStateManager (PipelineStateManager.java:openPipeline(131)) - Pipeline Pipeline[ Id: 31cc3b18-eb6b-46d9-a98b-ef22d3efb3fe, Nodes: df2b78d1-cc3c-4a41-b03a-e98be8796946{ip: 172.17.0.2, host: a2eb3135c33a, networkLocation: /default-rack, certSerialId: null}, Type:RATIS, Factor:ONE, State:ALLOCATED, leaderId:df2b78d1-cc3c-4a41-b03a-e98be8796946, CreationTimestamp2020-04-28T12:21:48.349Z] moved to OPEN state
2020-04-28 12:21:51,353 [EventQueue-OpenPipelineForHealthyPipelineSafeModeRule] INFO  safemode.SCMSafeModeManager (HealthyPipelineSafeModeRule.java:process(132)) - SCM in safe mode. Healthy pipelines reported count is 0, required healthy pipeline reported count is 1
2020-04-28 12:21:51,353 [EventQueue-OpenPipelineForOneReplicaPipelineSafeModeRule] INFO  safemode.SCMSafeModeManager (SCMSafeModeManager.java:validateSafeModeExitRules(213)) - AtleastOneDatanodeReportedRule rule is successfully validated
2020-04-28 12:21:51,353 [pool-733-thread-1] INFO  ratis.ContainerStateMachine (ContainerStateMachine.java:loadSnapshot(226)) - group-EF22D3EFB3FE: The snapshot info is null. Setting the last applied indexto:(t:0, i:~)
2020-04-28 12:21:51,353 [pool-733-thread-1] INFO  server.RaftServerConfigKeys (ConfUtils.java:logGet(44)) - raft.server.notification.no-leader.timeout = 60s (default)
2020-04-28 12:21:51,353 [pool-733-thread-1] INFO  server.RaftServerConfigKeys (ConfUtils.java:logGet(44)) - raft.server.log.use.memory = false (default)
2020-04-28 12:21:51,353 [pool-733-thread-1] INFO  server.RaftServerConfigKeys (ConfUtils.java:logGet(44)) - raft.server.log.purge.gap = 1000000 (custom)
2020-04-28 12:21:51,354 [pool-733-thread-1] INFO  server.RaftServerConfigKeys (ConfUtils.java:logGet(44)) - raft.server.log.appender.buffer.byte-limit = 33554432 (custom)
2020-04-28 12:21:51,354 [pool-733-thread-1] INFO  server.RaftServerConfigKeys (ConfUtils.java:logGet(44)) - raft.server.log.segment.size.max = 1048576 (custom)
2020-04-28 12:21:51,354 [pool-733-thread-1] INFO  server.RaftServerConfigKeys (ConfUtils.java:logGet(44)) - raft.server.log.segment.cache.num.max = 2 (custom)
2020-04-28 12:21:51,354 [pool-733-thread-1] INFO  segmented.SegmentedRaftLogWorker (SegmentedRaftLogWorker.java:<init>(176)) - new df2b78d1-cc3c-4a41-b03a-e98be8796946@group-EF22D3EFB3FE-SegmentedRaftLogWorker for RaftStorage:Storage Directory /github/workspace/mnt/ozone/hadoop-ozone/integration-test/target/test-dir/MiniOzoneClusterImpl-41c31dbf-deb7-44be-8446-93e68c8544eb/datanode-2/data/ratis/31cc3b18-eb6b-46d9-a98b-ef22d3efb3fe
2020-04-28 12:21:51,354 [pool-733-thread-1] INFO  server.RaftServerConfigKeys (ConfUtils.java:logGet(44)) - raft.server.log.queue.byte-limit = 2147483647 (custom)
2020-04-28 12:21:51,354 [pool-733-thread-1] INFO  server.RaftServerConfigKeys (ConfUtils.java:logGet(44)) - raft.server.log.queue.element-limit = 1024 (custom)
2020-04-28 12:21:51,354 [pool-733-thread-1] INFO  server.RaftServerConfigKeys (ConfUtils.java:logGet(44)) - raft.server.log.segment.size.max = 1048576 (custom)
2020-04-28 12:21:51,354 [pool-733-thread-1] INFO  server.RaftServerConfigKeys (ConfUtils.java:logGet(44)) - raft.server.log.preallocated.size = 16384 (custom)
2020-04-28 12:21:51,354 [pool-733-thread-1] INFO  server.RaftServerConfigKeys (ConfUtils.java:logGet(44)) - raft.server.log.write.buffer.size = 1048576 (custom)
2020-04-28 12:21:51,354 [pool-733-thread-1] INFO  server.RaftServerConfigKeys (ConfUtils.java:logGet(44)) - raft.server.log.force.sync.num = 128 (default)
2020-04-28 12:21:51,354 [pool-733-thread-1] INFO  server.RaftServerConfigKeys (ConfUtils.java:logGet(44)) - raft.server.log.statemachine.data.sync = true (default)
2020-04-28 12:21:51,354 [pool-733-thread-1] INFO  server.RaftServerConfigKeys (ConfUtils.java:logGet(44)) - raft.server.log.statemachine.data.sync.timeout = 10s (default)
2020-04-28 12:21:51,354 [pool-733-thread-1] INFO  server.RaftServerConfigKeys (ConfUtils.java:logGet(44)) - raft.server.log.statemachine.data.sync.timeout.retry = -1 (default)
2020-04-28 12:21:51,355 [pool-733-thread-1] INFO  server.RaftServerConfigKeys (ConfUtils.java:logGet(44)) - raft.server.log.statemachine.data.caching.enabled = true (custom)
2020-04-28 12:21:51,355 [pool-733-thread-1] INFO  segmented.SegmentedRaftLogWorker (SegmentedRaftLogWorker.java:lambda$new$0(129)) - df2b78d1-cc3c-4a41-b03a-e98be8796946@group-EF22D3EFB3FE-SegmentedRaftLogWorker: flushIndex: setUnconditionally 0 -> -1
2020-04-28 12:21:51,356 [pool-733-thread-1] INFO  server.RaftServerConfigKeys (ConfUtils.java:logGet(44)) - raft.server.snapshot.auto.trigger.enabled = true (custom)
2020-04-28 12:21:51,356 [pool-733-thread-1] INFO  server.RaftServerConfigKeys (ConfUtils.java:logGet(44)) - raft.server.snapshot.auto.trigger.threshold = 10000 (custom)
2020-04-28 12:21:51,356 [pool-733-thread-1] INFO  server.RaftServerConfigKeys (ConfUtils.java:logGet(44)) - raft.server.snapshot.retention.file.num = 5 (custom)
2020-04-28 12:21:51,356 [pool-733-thread-1] INFO  server.RaftServerConfigKeys (ConfUtils.java:logGet(44)) - raft.server.retrycache.expirytime = 600000ms (custom)
2020-04-28 12:21:51,356 [pool-733-thread-1] INFO  metrics.RatisMetrics (RatisMetrics.java:lambda$create$0(39)) - Creating Metrics Registry : ratis.leader_election.df2b78d1-cc3c-4a41-b03a-e98be8796946@group-EF22D3EFB3FE
2020-04-28 12:21:51,357 [pool-733-thread-1] INFO  metrics.RatisMetrics (RatisMetrics.java:lambda$create$0(39)) - Creating Metrics Registry : ratis.server.df2b78d1-cc3c-4a41-b03a-e98be8796946@group-EF22D3EFB3FE
2020-04-28 12:21:51,359 [pool-733-thread-1] INFO  impl.RaftServerImpl (RaftServerImpl.java:start(183)) - df2b78d1-cc3c-4a41-b03a-e98be8796946@group-EF22D3EFB3FE: start as a follower, conf=-1: [df2b78d1-cc3c-4a41-b03a-e98be8796946:172.17.0.2:41223], old=null
2020-04-28 12:21:51,360 [pool-733-thread-1] INFO  impl.RaftServerImpl (RaftServerImpl.java:setRole(172)) - df2b78d1-cc3c-4a41-b03a-e98be8796946@group-EF22D3EFB3FE: changes role from      null to FOLLOWER at term 0 for startAsFollower
2020-04-28 12:21:51,360 [pool-733-thread-1] INFO  impl.RoleInfo (RoleInfo.java:updateAndGet(143)) - df2b78d1-cc3c-4a41-b03a-e98be8796946: start FollowerState
2020-04-28 12:21:51,360 [pool-733-thread-1] INFO  util.JmxRegister (JmxRegister.java:tryRegister(44)) - Successfully registered JMX Bean with object name Ratis:service=RaftServer,group=group-EF22D3EFB3FE,id=df2b78d1-cc3c-4a41-b03a-e98be8796946
2020-04-28 12:21:51,360 [pool-733-thread-1] INFO  metrics.RatisMetrics (RatisMetrics.java:lambda$create$0(39)) - Creating Metrics Registry : ratis.state_machine.df2b78d1-cc3c-4a41-b03a-e98be8796946@group-EF22D3EFB3FE
2020-04-28 12:21:51,361 [Command processor thread] INFO  commandhandler.CreatePipelineCommandHandler (CreatePipelineCommandHandler.java:handle(109)) - Created Pipeline RATIS ONE #id: "31cc3b18-eb6b-46d9-a98b-ef22d3efb3fe"
.
2020-04-28 12:21:52,350 [main] INFO  ozone.MiniOzoneClusterImpl (MiniOzoneClusterImpl.java:lambda$waitForClusterToBeReady$0(177)) - Nodes are ready. Got 3 of 3 DN Heartbeats.
2020-04-28 12:21:52,351 [main] INFO  ozone.MiniOzoneClusterImpl (MiniOzoneClusterImpl.java:lambda$waitForClusterToBeReady$0(180)) - Waiting for cluster to exit safe mode
2020-04-28 12:21:53,351 [main] INFO  ozone.MiniOzoneClusterImpl (MiniOzoneClusterImpl.java:lambda$waitForClusterToBeReady$0(177)) - Nodes are ready. Got 3 of 3 DN Heartbeats.
2020-04-28 12:21:53,351 [main] INFO  ozone.MiniOzoneClusterImpl (MiniOzoneClusterImpl.java:lambda$waitForClusterToBeReady$0(180)) - Waiting for cluster to exit safe mode
2020-04-28 12:21:54,351 [main] INFO  ozone.MiniOzoneClusterImpl (MiniOzoneClusterImpl.java:lambda$waitForClusterToBeReady$0(177)) - Nodes are ready. Got 3 of 3 DN Heartbeats.
2020-04-28 12:21:54,351 [main] INFO  ozone.MiniOzoneClusterImpl (MiniOzoneClusterImpl.java:lambda$waitForClusterToBeReady$0(180)) - Waiting for cluster to exit safe mode
2020-04-28 12:21:55,352 [main] INFO  ozone.MiniOzoneClusterImpl (MiniOzoneClusterImpl.java:lambda$waitForClusterToBeReady$0(177)) - Nodes are ready. Got 3 of 3 DN Heartbeats.
2020-04-28 12:21:55,352 [main] INFO  ozone.MiniOzoneClusterImpl (MiniOzoneClusterImpl.java:lambda$waitForClusterToBeReady$0(180)) - Waiting for cluster to exit safe mode
2020-04-28 12:21:56,227 [Thread-2564] INFO  impl.FollowerState (FollowerState.java:run(108)) - d078cf5b-0095-4f51-a018-59ad7f7969b0@group-35F60551025F-FollowerState: change to CANDIDATE, lastRpcTime:5030ms, electionTimeout:5029ms
2020-04-28 12:21:56,227 [Thread-2564] INFO  impl.RoleInfo (RoleInfo.java:shutdownFollowerState(121)) - d078cf5b-0095-4f51-a018-59ad7f7969b0: shutdown FollowerState
2020-04-28 12:21:56,227 [Thread-2564] INFO  impl.RaftServerImpl (RaftServerImpl.java:setRole(172)) - d078cf5b-0095-4f51-a018-59ad7f7969b0@group-35F60551025F: changes role from  FOLLOWER to CANDIDATE at term 0 for changeToCandidate
2020-04-28 12:21:56,227 [Thread-2564] INFO  impl.RoleInfo (RoleInfo.java:updateAndGet(143)) - d078cf5b-0095-4f51-a018-59ad7f7969b0: start LeaderElection
2020-04-28 12:21:56,236 [d078cf5b-0095-4f51-a018-59ad7f7969b0@group-35F60551025F-LeaderElection49] INFO  impl.LeaderElection (LeaderElection.java:askForVotes(206)) - d078cf5b-0095-4f51-a018-59ad7f7969b0@group-35F60551025F-LeaderElection49: begin an election at term 1 for -1: [d078cf5b-0095-4f51-a018-59ad7f7969b0:172.17.0.2:46461, df2b78d1-cc3c-4a41-b03a-e98be8796946:172.17.0.2:41223, c9c76bfb-65f5-4f90-a2a5-15b56c47d9cd:172.17.0.2:34825], old=null
2020-04-28 12:21:56,249 [grpc-default-executor-0] INFO  impl.RaftServerImpl (RaftServerImpl.java:setRole(172)) - df2b78d1-cc3c-4a41-b03a-e98be8796946@group-35F60551025F: changes role from  FOLLOWER to FOLLOWER at term 1 for recognizeCandidate:d078cf5b-0095-4f51-a018-59ad7f7969b0
2020-04-28 12:21:56,249 [grpc-default-executor-0] INFO  impl.RoleInfo (RoleInfo.java:shutdownFollowerState(121)) - df2b78d1-cc3c-4a41-b03a-e98be8796946: shutdown FollowerState
2020-04-28 12:21:56,249 [grpc-default-executor-0] INFO  impl.RoleInfo (RoleInfo.java:updateAndGet(143)) - df2b78d1-cc3c-4a41-b03a-e98be8796946: start FollowerState
2020-04-28 12:21:56,249 [Thread-2569] INFO  impl.FollowerState (FollowerState.java:run(117)) - df2b78d1-cc3c-4a41-b03a-e98be8796946@group-35F60551025F-FollowerState was interrupted: java.lang.InterruptedException: sleep interrupted
2020-04-28 12:21:56,258 [d078cf5b-0095-4f51-a018-59ad7f7969b0@group-35F60551025F-LeaderElection49] INFO  impl.LeaderElection (LeaderElection.java:logAndReturn(61)) - d078cf5b-0095-4f51-a018-59ad7f7969b0@group-35F60551025F-LeaderElection49: Election PASSED; received 1 response(s) [d078cf5b-0095-4f51-a018-59ad7f7969b0<-df2b78d1-cc3c-4a41-b03a-e98be8796946#0:OK-t1] and 0 exception(s); d078cf5b-0095-4f51-a018-59ad7f7969b0@group-35F60551025F:t1, leader=null, voted=d078cf5b-0095-4f51-a018-59ad7f7969b0, raftlog=d078cf5b-0095-4f51-a018-59ad7f7969b0@group-35F60551025F-SegmentedRaftLog:OPENED:c-1,f-1,i0, conf=-1: [d078cf5b-0095-4f51-a018-59ad7f7969b0:172.17.0.2:46461, df2b78d1-cc3c-4a41-b03a-e98be8796946:172.17.0.2:41223, c9c76bfb-65f5-4f90-a2a5-15b56c47d9cd:172.17.0.2:34825], old=null
2020-04-28 12:21:56,258 [d078cf5b-0095-4f51-a018-59ad7f7969b0@group-35F60551025F-LeaderElection49] INFO  impl.RoleInfo (RoleInfo.java:shutdownLeaderElection(134)) - d078cf5b-0095-4f51-a018-59ad7f7969b0: shutdown LeaderElection
2020-04-28 12:21:56,258 [d078cf5b-0095-4f51-a018-59ad7f7969b0@group-35F60551025F-LeaderElection49] INFO  impl.RaftServerImpl (RaftServerImpl.java:setRole(172)) - d078cf5b-0095-4f51-a018-59ad7f7969b0@group-35F60551025F: changes role from CANDIDATE to LEADER at term 1 for changeToLeader
2020-04-28 12:21:56,258 [d078cf5b-0095-4f51-a018-59ad7f7969b0@group-35F60551025F-LeaderElection49] INFO  ratis.XceiverServerRatis (XceiverServerRatis.java:handleLeaderChangedNotification(761)) - Leader change notification received for group: group-35F60551025F with new leaderId: d078cf5b-0095-4f51-a018-59ad7f7969b0
2020-04-28 12:21:56,258 [d078cf5b-0095-4f51-a018-59ad7f7969b0@group-35F60551025F-LeaderElection49] INFO  impl.RaftServerImpl (ServerState.java:setLeader(255)) - d078cf5b-0095-4f51-a018-59ad7f7969b0@group-35F60551025F: change Leader from null to d078cf5b-0095-4f51-a018-59ad7f7969b0 at term 1 for becomeLeader, leader elected after 5066ms
2020-04-28 12:21:56,258 [d078cf5b-0095-4f51-a018-59ad7f7969b0@group-35F60551025F-LeaderElection49] INFO  server.RaftServerConfigKeys (ConfUtils.java:logGet(44)) - raft.server.staging.catchup.gap = 1000 (default)
2020-04-28 12:21:56,258 [d078cf5b-0095-4f51-a018-59ad7f7969b0@group-35F60551025F-LeaderElection49] INFO  server.RaftServerConfigKeys (ConfUtils.java:logGet(44)) - raft.server.rpc.sleep.time = 25ms (default)
2020-04-28 12:21:56,258 [d078cf5b-0095-4f51-a018-59ad7f7969b0@group-35F60551025F-LeaderElection49] INFO  metrics.RatisMetrics (RatisMetrics.java:lambda$create$0(39)) - Creating Metrics Registry : ratis.log_appender.d078cf5b-0095-4f51-a018-59ad7f7969b0@group-35F60551025F
2020-04-28 12:21:56,259 [d078cf5b-0095-4f51-a018-59ad7f7969b0@group-35F60551025F-LeaderElection49] INFO  server.RaftServerConfigKeys (ConfUtils.java:logGet(44)) - raft.server.write.element-limit = 1024 (custom)
2020-04-28 12:21:56,259 [EventQueue-PipelineReportForPipelineReportHandler] INFO  pipeline.PipelineStateManager (PipelineStateManager.java:openPipeline(131)) - Pipeline Pipeline[ Id: 234fb3ed-6503-49fa-8813-35f60551025f, Nodes: c9c76bfb-65f5-4f90-a2a5-15b56c47d9cd{ip: 172.17.0.2, host: a2eb3135c33a, networkLocation: /default-rack, certSerialId: null}df2b78d1-cc3c-4a41-b03a-e98be8796946{ip: 172.17.0.2, host: a2eb3135c33a, networkLocation: /default-rack, certSerialId: null}d078cf5b-0095-4f51-a018-59ad7f7969b0{ip: 172.17.0.2, host: a2eb3135c33a, networkLocation: /default-rack, certSerialId: null}, Type:RATIS, Factor:THREE, State:ALLOCATED, leaderId:d078cf5b-0095-4f51-a018-59ad7f7969b0, CreationTimestamp2020-04-28T12:21:48.350Z] moved to OPEN state
2020-04-28 12:21:56,262 [d078cf5b-0095-4f51-a018-59ad7f7969b0@group-35F60551025F-LeaderElection49] INFO  server.RaftServerConfigKeys (ConfUtils.java:logGet(44)) - raft.server.write.byte-limit = 1073741824 (custom)
2020-04-28 12:21:56,262 [EventQueue-OpenPipelineForOneReplicaPipelineSafeModeRule] INFO  safemode.SCMSafeModeManager (SCMSafeModeManager.java:validateSafeModeExitRules(213)) - AtleastOneDatanodeReportedRule rule is successfully validated
2020-04-28 12:21:56,262 [EventQueue-OpenPipelineForHealthyPipelineSafeModeRule] INFO  safemode.SCMSafeModeManager (HealthyPipelineSafeModeRule.java:process(132)) - SCM in safe mode. Healthy pipelines reported count is 1, required healthy pipeline reported count is 1
2020-04-28 12:21:56,264 [EventQueue-OpenPipelineForHealthyPipelineSafeModeRule] INFO  safemode.SCMSafeModeManager (SCMSafeModeManager.java:validateSafeModeExitRules(213)) - HealthyPipelineSafeModeRule rule is successfully validated
2020-04-28 12:21:56,264 [EventQueue-OpenPipelineForHealthyPipelineSafeModeRule] INFO  safemode.SCMSafeModeManager (SCMSafeModeManager.java:validateSafeModeExitRules(227)) - ScmSafeModeManager, all rules are successfully validated
2020-04-28 12:21:56,264 [EventQueue-OpenPipelineForHealthyPipelineSafeModeRule] INFO  safemode.SCMSafeModeManager (SCMSafeModeManager.java:exitSafeMode(256)) - SCM exiting safe mode.
2020-04-28 12:21:56,264 [grpc-default-executor-1] INFO  impl.RaftServerImpl (RaftServerImpl.java:setRole(172)) - c9c76bfb-65f5-4f90-a2a5-15b56c47d9cd@group-35F60551025F: changes role from  FOLLOWER to FOLLOWER at term 1 for recognizeCandidate:d078cf5b-0095-4f51-a018-59ad7f7969b0
2020-04-28 12:21:56,264 [d078cf5b-0095-4f51-a018-59ad7f7969b0@group-35F60551025F-LeaderElection49] INFO  server.RaftServerConfigKeys (ConfUtils.java:logGet(44)) - raft.server.watch.timeout = 180s (custom)
2020-04-28 12:21:56,264 [d078cf5b-0095-4f51-a018-59ad7f7969b0@group-35F60551025F-LeaderElection49] INFO  server.RaftServerConfigKeys (ConfUtils.java:logGet(44)) - raft.server.watch.timeout.denomination = 1s (default)
2020-04-28 12:21:56,264 [d078cf5b-0095-4f51-a018-59ad7f7969b0@group-35F60551025F-LeaderElection49] INFO  server.RaftServerConfigKeys (ConfUtils.java:logGet(44)) - raft.server.watch.element-limit = 65536 (default)
2020-04-28 12:21:56,264 [grpc-default-executor-1] INFO  impl.RoleInfo (RoleInfo.java:shutdownFollowerState(121)) - c9c76bfb-65f5-4f90-a2a5-15b56c47d9cd: shutdown FollowerState
2020-04-28 12:21:56,264 [d078cf5b-0095-4f51-a018-59ad7f7969b0@group-35F60551025F-LeaderElection49] INFO  server.RaftServerConfigKeys (ConfUtils.java:logGet(44)) - raft.server.log.appender.snapshot.chunk.size.max = 16MB (=16777216) (default)
2020-04-28 12:21:56,264 [d078cf5b-0095-4f51-a018-59ad7f7969b0@group-35F60551025F-LeaderElection49] INFO  server.RaftServerConfigKeys (ConfUtils.java:logGet(44)) - raft.server.log.appender.buffer.byte-limit = 33554432 (custom)
2020-04-28 12:21:56,264 [d078cf5b-0095-4f51-a018-59ad7f7969b0@group-35F60551025F-LeaderElection49] INFO  server.RaftServerConfigKeys (ConfUtils.java:logGet(44)) - raft.server.log.appender.buffer.element-limit = 1 (custom)
2020-04-28 12:21:56,264 [grpc-default-executor-1] INFO  impl.RoleInfo (RoleInfo.java:updateAndGet(143)) - c9c76bfb-65f5-4f90-a2a5-15b56c47d9cd: start FollowerState
2020-04-28 12:21:56,264 [Thread-2566] INFO  impl.FollowerState (FollowerState.java:run(117)) - c9c76bfb-65f5-4f90-a2a5-15b56c47d9cd@group-35F60551025F-FollowerState was interrupted: java.lang.InterruptedException: sleep interrupted
2020-04-28 12:21:56,265 [d078cf5b-0095-4f51-a018-59ad7f7969b0@group-35F60551025F-LeaderElection49] INFO  grpc.GrpcConfigKeys (ConfUtils.java:logGet(44)) - raft.grpc.server.leader.outstanding.appends.max = 128 (default)
2020-04-28 12:21:56,265 [d078cf5b-0095-4f51-a018-59ad7f7969b0@group-35F60551025F-LeaderElection49] INFO  server.RaftServerConfigKeys (ConfUtils.java:logGet(44)) - raft.server.rpc.request.timeout = 60s (custom)
2020-04-28 12:21:56,265 [d078cf5b-0095-4f51-a018-59ad7f7969b0@group-35F60551025F-LeaderElection49] INFO  server.RaftServerConfigKeys (ConfUtils.java:logGet(44)) - raft.server.log.appender.install.snapshot.enabled = false (custom)
2020-04-28 12:21:56,274 [d078cf5b-0095-4f51-a018-59ad7f7969b0@group-35F60551025F-LeaderElection49] INFO  server.RaftServerConfigKeys (ConfUtils.java:logGet(44)) - raft.server.log.appender.snapshot.chunk.size.max = 16MB (=16777216) (default)
2020-04-28 12:21:56,275 [d078cf5b-0095-4f51-a018-59ad7f7969b0@group-35F60551025F-LeaderElection49] INFO  server.RaftServerConfigKeys (ConfUtils.java:logGet(44)) - raft.server.log.appender.buffer.byte-limit = 33554432 (custom)
2020-04-28 12:21:56,275 [d078cf5b-0095-4f51-a018-59ad7f7969b0@group-35F60551025F-LeaderElection49] INFO  server.RaftServerConfigKeys (ConfUtils.java:logGet(44)) - raft.server.log.appender.buffer.element-limit = 1 (custom)
2020-04-28 12:21:56,275 [d078cf5b-0095-4f51-a018-59ad7f7969b0@group-35F60551025F-LeaderElection49] INFO  grpc.GrpcConfigKeys (ConfUtils.java:logGet(44)) - raft.grpc.server.leader.outstanding.appends.max = 128 (default)
2020-04-28 12:21:56,275 [d078cf5b-0095-4f51-a018-59ad7f7969b0@group-35F60551025F-LeaderElection49] INFO  server.RaftServerConfigKeys (ConfUtils.java:logGet(44)) - raft.server.rpc.request.timeout = 60s (custom)
2020-04-28 12:21:56,275 [d078cf5b-0095-4f51-a018-59ad7f7969b0@group-35F60551025F-LeaderElection49] INFO  server.RaftServerConfigKeys (ConfUtils.java:logGet(44)) - raft.server.log.appender.install.snapshot.enabled = false (custom)
2020-04-28 12:21:56,277 [d078cf5b-0095-4f51-a018-59ad7f7969b0@group-35F60551025F-LeaderElection49] INFO  impl.RoleInfo (RoleInfo.java:updateAndGet(143)) - d078cf5b-0095-4f51-a018-59ad7f7969b0: start LeaderState
2020-04-28 12:21:56,278 [d078cf5b-0095-4f51-a018-59ad7f7969b0@group-35F60551025F-LeaderElection49] INFO  segmented.SegmentedRaftLogWorker (SegmentedRaftLogWorker.java:startLogSegment(391)) - d078cf5b-0095-4f51-a018-59ad7f7969b0@group-35F60551025F-SegmentedRaftLogWorker: Starting segment from index:0
2020-04-28 12:21:56,279 [d078cf5b-0095-4f51-a018-59ad7f7969b0@group-35F60551025F-LeaderElection49] INFO  impl.RaftServerImpl (ServerState.java:setRaftConf(356)) - d078cf5b-0095-4f51-a018-59ad7f7969b0@group-35F60551025F: set configuration 0: [d078cf5b-0095-4f51-a018-59ad7f7969b0:172.17.0.2:46461, df2b78d1-cc3c-4a41-b03a-e98be8796946:172.17.0.2:41223, c9c76bfb-65f5-4f90-a2a5-15b56c47d9cd:172.17.0.2:34825], old=null at 0
2020-04-28 12:21:56,281 [d078cf5b-0095-4f51-a018-59ad7f7969b0@group-35F60551025F-SegmentedRaftLogWorker] INFO  segmented.SegmentedRaftLogWorker (SegmentedRaftLogWorker.java:execute(583)) - d078cf5b-0095-4f51-a018-59ad7f7969b0@group-35F60551025F-SegmentedRaftLogWorker: created new log segment /github/workspace/mnt/ozone/hadoop-ozone/integration-test/target/test-dir/MiniOzoneClusterImpl-41c31dbf-deb7-44be-8446-93e68c8544eb/datanode-0/data/ratis/234fb3ed-6503-49fa-8813-35f60551025f/current/log_inprogress_0
2020-04-28 12:21:56,290 [grpc-default-executor-1] INFO  ratis.XceiverServerRatis (XceiverServerRatis.java:handleLeaderChangedNotification(761)) - Leader change notification received for group: group-35F60551025F with new leaderId: d078cf5b-0095-4f51-a018-59ad7f7969b0
2020-04-28 12:21:56,290 [grpc-default-executor-1] INFO  impl.RaftServerImpl (ServerState.java:setLeader(255)) - c9c76bfb-65f5-4f90-a2a5-15b56c47d9cd@group-35F60551025F: change Leader from null to d078cf5b-0095-4f51-a018-59ad7f7969b0 at term 1 for appendEntries, leader elected after 5065ms
2020-04-28 12:21:56,290 [grpc-default-executor-0] INFO  ratis.XceiverServerRatis (XceiverServerRatis.java:handleLeaderChangedNotification(761)) - Leader change notification received for group: group-35F60551025F with new leaderId: d078cf5b-0095-4f51-a018-59ad7f7969b0
2020-04-28 12:21:56,290 [grpc-default-executor-0] INFO  impl.RaftServerImpl (ServerState.java:setLeader(255)) - df2b78d1-cc3c-4a41-b03a-e98be8796946@group-35F60551025F: change Leader from null to d078cf5b-0095-4f51-a018-59ad7f7969b0 at term 1 for appendEntries, leader elected after 5028ms
2020-04-28 12:21:56,298 [Thread-2562] INFO  impl.FollowerState (FollowerState.java:run(108)) - d078cf5b-0095-4f51-a018-59ad7f7969b0@group-E86F166FF31A-FollowerState: change to CANDIDATE, lastRpcTime:5113ms, electionTimeout:5112ms
2020-04-28 12:21:56,302 [grpc-default-executor-1] INFO  impl.RaftServerImpl (ServerState.java:setRaftConf(356)) - df2b78d1-cc3c-4a41-b03a-e98be8796946@group-35F60551025F: set configuration 0: [d078cf5b-0095-4f51-a018-59ad7f7969b0:172.17.0.2:46461, df2b78d1-cc3c-4a41-b03a-e98be8796946:172.17.0.2:41223, c9c76bfb-65f5-4f90-a2a5-15b56c47d9cd:172.17.0.2:34825], old=null at 0
2020-04-28 12:21:56,305 [Thread-2562] INFO  impl.RoleInfo (RoleInfo.java:shutdownFollowerState(121)) - d078cf5b-0095-4f51-a018-59ad7f7969b0: shutdown FollowerState
2020-04-28 12:21:56,305 [Thread-2562] INFO  impl.RaftServerImpl (RaftServerImpl.java:setRole(172)) - d078cf5b-0095-4f51-a018-59ad7f7969b0@group-E86F166FF31A: changes role from  FOLLOWER to CANDIDATE at term 0 for changeToCandidate
2020-04-28 12:21:56,305 [Thread-2562] INFO  impl.RoleInfo (RoleInfo.java:updateAndGet(143)) - d078cf5b-0095-4f51-a018-59ad7f7969b0: start LeaderElection
2020-04-28 12:21:56,305 [grpc-default-executor-0] INFO  impl.RaftServerImpl (ServerState.java:setRaftConf(356)) - c9c76bfb-65f5-4f90-a2a5-15b56c47d9cd@group-35F60551025F: set configuration 0: [d078cf5b-0095-4f51-a018-59ad7f7969b0:172.17.0.2:46461, df2b78d1-cc3c-4a41-b03a-e98be8796946:172.17.0.2:41223, c9c76bfb-65f5-4f90-a2a5-15b56c47d9cd:172.17.0.2:34825], old=null at 0
2020-04-28 12:21:56,305 [grpc-default-executor-1] INFO  segmented.SegmentedRaftLogWorker (SegmentedRaftLogWorker.java:startLogSegment(391)) - df2b78d1-cc3c-4a41-b03a-e98be8796946@group-35F60551025F-SegmentedRaftLogWorker: Starting segment from index:0
2020-04-28 12:21:56,318 [grpc-default-executor-0] INFO  segmented.SegmentedRaftLogWorker (SegmentedRaftLogWorker.java:startLogSegment(391)) - c9c76bfb-65f5-4f90-a2a5-15b56c47d9cd@group-35F60551025F-SegmentedRaftLogWorker: Starting segment from index:0
2020-04-28 12:21:56,322 [c9c76bfb-65f5-4f90-a2a5-15b56c47d9cd@group-35F60551025F-SegmentedRaftLogWorker] INFO  segmented.SegmentedRaftLogWorker (SegmentedRaftLogWorker.java:execute(583)) - c9c76bfb-65f5-4f90-a2a5-15b56c47d9cd@group-35F60551025F-SegmentedRaftLogWorker: created new log segment /github/workspace/mnt/ozone/hadoop-ozone/integration-test/target/test-dir/MiniOzoneClusterImpl-41c31dbf-deb7-44be-8446-93e68c8544eb/datanode-1/data/ratis/234fb3ed-6503-49fa-8813-35f60551025f/current/log_inprogress_0
2020-04-28 12:21:56,325 [df2b78d1-cc3c-4a41-b03a-e98be8796946@group-35F60551025F-SegmentedRaftLogWorker] INFO  segmented.SegmentedRaftLogWorker (SegmentedRaftLogWorker.java:execute(583)) - df2b78d1-cc3c-4a41-b03a-e98be8796946@group-35F60551025F-SegmentedRaftLogWorker: created new log segment /github/workspace/mnt/ozone/hadoop-ozone/integration-test/target/test-dir/MiniOzoneClusterImpl-41c31dbf-deb7-44be-8446-93e68c8544eb/datanode-2/data/ratis/234fb3ed-6503-49fa-8813-35f60551025f/current/log_inprogress_0
2020-04-28 12:21:56,328 [d078cf5b-0095-4f51-a018-59ad7f7969b0@group-E86F166FF31A-LeaderElection50] INFO  impl.LeaderElection (LeaderElection.java:askForVotes(206)) - d078cf5b-0095-4f51-a018-59ad7f7969b0@group-E86F166FF31A-LeaderElection50: begin an election at term 1 for -1: [d078cf5b-0095-4f51-a018-59ad7f7969b0:172.17.0.2:46461], old=null
2020-04-28 12:21:56,328 [d078cf5b-0095-4f51-a018-59ad7f7969b0@group-E86F166FF31A-LeaderElection50] INFO  impl.RoleInfo (RoleInfo.java:shutdownLeaderElection(134)) - d078cf5b-0095-4f51-a018-59ad7f7969b0: shutdown LeaderElection
2020-04-28 12:21:56,328 [d078cf5b-0095-4f51-a018-59ad7f7969b0@group-E86F166FF31A-LeaderElection50] INFO  impl.RaftServerImpl (RaftServerImpl.java:setRole(172)) - d078cf5b-0095-4f51-a018-59ad7f7969b0@group-E86F166FF31A: changes role from CANDIDATE to LEADER at term 1 for changeToLeader
2020-04-28 12:21:56,328 [d078cf5b-0095-4f51-a018-59ad7f7969b0@group-E86F166FF31A-LeaderElection50] INFO  ratis.XceiverServerRatis (XceiverServerRatis.java:handleLeaderChangedNotification(761)) - Leader change notification received for group: group-E86F166FF31A with new leaderId: d078cf5b-0095-4f51-a018-59ad7f7969b0
2020-04-28 12:21:56,328 [d078cf5b-0095-4f51-a018-59ad7f7969b0@group-E86F166FF31A-LeaderElection50] INFO  impl.RaftServerImpl (ServerState.java:setLeader(255)) - d078cf5b-0095-4f51-a018-59ad7f7969b0@group-E86F166FF31A: change Leader from null to d078cf5b-0095-4f51-a018-59ad7f7969b0 at term 1 for becomeLeader, leader elected after 5155ms
2020-04-28 12:21:56,328 [d078cf5b-0095-4f51-a018-59ad7f7969b0@group-E86F166FF31A-LeaderElection50] INFO  server.RaftServerConfigKeys (ConfUtils.java:logGet(44)) - raft.server.staging.catchup.gap = 1000 (default)
2020-04-28 12:21:56,328 [d078cf5b-0095-4f51-a018-59ad7f7969b0@group-E86F166FF31A-LeaderElection50] INFO  server.RaftServerConfigKeys (ConfUtils.java:logGet(44)) - raft.server.rpc.sleep.time = 25ms (default)
2020-04-28 12:21:56,328 [d078cf5b-0095-4f51-a018-59ad7f7969b0@group-E86F166FF31A-LeaderElection50] INFO  metrics.RatisMetrics (RatisMetrics.java:lambda$create$0(39)) - Creating Metrics Registry : ratis.log_appender.d078cf5b-0095-4f51-a018-59ad7f7969b0@group-E86F166FF31A
2020-04-28 12:21:56,328 [d078cf5b-0095-4f51-a018-59ad7f7969b0@group-E86F166FF31A-LeaderElection50] INFO  server.RaftServerConfigKeys (ConfUtils.java:logGet(44)) - raft.server.write.element-limit = 1024 (custom)
2020-04-28 12:21:56,328 [d078cf5b-0095-4f51-a018-59ad7f7969b0@group-E86F166FF31A-LeaderElection50] INFO  server.RaftServerConfigKeys (ConfUtils.java:logGet(44)) - raft.server.write.byte-limit = 1073741824 (custom)
2020-04-28 12:21:56,329 [d078cf5b-0095-4f51-a018-59ad7f7969b0@group-E86F166FF31A-LeaderElection50] INFO  server.RaftServerConfigKeys (ConfUtils.java:logGet(44)) - raft.server.watch.timeout = 180s (custom)
2020-04-28 12:21:56,329 [d078cf5b-0095-4f51-a018-59ad7f7969b0@group-E86F166FF31A-LeaderElection50] INFO  server.RaftServerConfigKeys (ConfUtils.java:logGet(44)) - raft.server.watch.timeout.denomination = 1s (default)
2020-04-28 12:21:56,329 [d078cf5b-0095-4f51-a018-59ad7f7969b0@group-E86F166FF31A-LeaderElection50] INFO  server.RaftServerConfigKeys (ConfUtils.java:logGet(44)) - raft.server.watch.element-limit = 65536 (default)
2020-04-28 12:21:56,329 [d078cf5b-0095-4f51-a018-59ad7f7969b0@group-E86F166FF31A-LeaderElection50] INFO  impl.RoleInfo (RoleInfo.java:updateAndGet(143)) - d078cf5b-0095-4f51-a018-59ad7f7969b0: start LeaderState
2020-04-28 12:21:56,329 [d078cf5b-0095-4f51-a018-59ad7f7969b0@group-E86F166FF31A-LeaderElection50] INFO  segmented.SegmentedRaftLogWorker (SegmentedRaftLogWorker.java:startLogSegment(391)) - d078cf5b-0095-4f51-a018-59ad7f7969b0@group-E86F166FF31A-SegmentedRaftLogWorker: Starting segment from index:0
2020-04-28 12:21:56,329 [d078cf5b-0095-4f51-a018-59ad7f7969b0@group-E86F166FF31A-LeaderElection50] INFO  impl.RaftServerImpl (ServerState.java:setRaftConf(356)) - d078cf5b-0095-4f51-a018-59ad7f7969b0@group-E86F166FF31A: set configuration 0: [d078cf5b-0095-4f51-a018-59ad7f7969b0:172.17.0.2:46461], old=null at 0
2020-04-28 12:21:56,331 [d078cf5b-0095-4f51-a018-59ad7f7969b0@group-E86F166FF31A-SegmentedRaftLogWorker] INFO  segmented.SegmentedRaftLogWorker (SegmentedRaftLogWorker.java:execute(583)) - d078cf5b-0095-4f51-a018-59ad7f7969b0@group-E86F166FF31A-SegmentedRaftLogWorker: created new log segment /github/workspace/mnt/ozone/hadoop-ozone/integration-test/target/test-dir/MiniOzoneClusterImpl-41c31dbf-deb7-44be-8446-93e68c8544eb/datanode-0/data/ratis/69db1abb-1179-42ac-9a19-e86f166ff31a/current/log_inprogress_0
2020-04-28 12:21:56,353 [main] INFO  ozone.MiniOzoneClusterImpl (MiniOzoneClusterImpl.java:lambda$waitForClusterToBeReady$0(177)) - Nodes are ready. Got 3 of 3 DN Heartbeats.
2020-04-28 12:21:56,353 [main] INFO  ozone.MiniOzoneClusterImpl (MiniOzoneClusterImpl.java:lambda$waitForClusterToBeReady$0(180)) - Cluster exits safe mode
2020-04-28 12:21:56,373 [Thread-2574] INFO  impl.FollowerState (FollowerState.java:run(108)) - df2b78d1-cc3c-4a41-b03a-e98be8796946@group-EF22D3EFB3FE-FollowerState: change to CANDIDATE, lastRpcTime:5013ms, electionTimeout:5013ms
2020-04-28 12:21:56,374 [main] INFO  rpc.RpcClient (RpcClient.java:createVolume(308)) - Creating Volume: emnbvfbwej, with user65261 as owner.
2020-04-28 12:21:56,374 [Thread-2574] INFO  impl.RoleInfo (RoleInfo.java:shutdownFollowerState(121)) - df2b78d1-cc3c-4a41-b03a-e98be8796946: shutdown FollowerState
2020-04-28 12:21:56,375 [Thread-2574] INFO  impl.RaftServerImpl (RaftServerImpl.java:setRole(172)) - df2b78d1-cc3c-4a41-b03a-e98be8796946@group-EF22D3EFB3FE: changes role from  FOLLOWER to CANDIDATE at term 0 for changeToCandidate
2020-04-28 12:21:56,375 [Thread-2574] INFO  impl.RoleInfo (RoleInfo.java:updateAndGet(143)) - df2b78d1-cc3c-4a41-b03a-e98be8796946: start LeaderElection
2020-04-28 12:21:56,376 [IPC Server handler 0 on 44395] INFO  volume.OMVolumeCreateRequest (OMVolumeCreateRequest.java:validateAndUpdateCache(209)) - created volume:emnbvfbwej for user:user65261
2020-04-28 12:21:56,380 [df2b78d1-cc3c-4a41-b03a-e98be8796946@group-EF22D3EFB3FE-LeaderElection51] INFO  impl.LeaderElection (LeaderElection.java:askForVotes(206)) - df2b78d1-cc3c-4a41-b03a-e98be8796946@group-EF22D3EFB3FE-LeaderElection51: begin an election at term 1 for -1: [df2b78d1-cc3c-4a41-b03a-e98be8796946:172.17.0.2:41223], old=null
2020-04-28 12:21:56,381 [df2b78d1-cc3c-4a41-b03a-e98be8796946@group-EF22D3EFB3FE-LeaderElection51] INFO  impl.RoleInfo (RoleInfo.java:shutdownLeaderElection(134)) - df2b78d1-cc3c-4a41-b03a-e98be8796946: shutdown LeaderElection
2020-04-28 12:21:56,381 [df2b78d1-cc3c-4a41-b03a-e98be8796946@group-EF22D3EFB3FE-LeaderElection51] INFO  impl.RaftServerImpl (RaftServerImpl.java:setRole(172)) - df2b78d1-cc3c-4a41-b03a-e98be8796946@group-EF22D3EFB3FE: changes role from CANDIDATE to LEADER at term 1 for changeToLeader
2020-04-28 12:21:56,381 [df2b78d1-cc3c-4a41-b03a-e98be8796946@group-EF22D3EFB3FE-LeaderElection51] INFO  ratis.XceiverServerRatis (XceiverServerRatis.java:handleLeaderChangedNotification(761)) - Leader change notification received for group: group-EF22D3EFB3FE with new leaderId: df2b78d1-cc3c-4a41-b03a-e98be8796946
2020-04-28 12:21:56,381 [df2b78d1-cc3c-4a41-b03a-e98be8796946@group-EF22D3EFB3FE-LeaderElection51] INFO  impl.RaftServerImpl (ServerState.java:setLeader(255)) - df2b78d1-cc3c-4a41-b03a-e98be8796946@group-EF22D3EFB3FE: change Leader from null to df2b78d1-cc3c-4a41-b03a-e98be8796946 at term 1 for becomeLeader, leader elected after 5027ms
2020-04-28 12:21:56,381 [df2b78d1-cc3c-4a41-b03a-e98be8796946@group-EF22D3EFB3FE-LeaderElection51] INFO  server.RaftServerConfigKeys (ConfUtils.java:logGet(44)) - raft.server.staging.catchup.gap = 1000 (default)
2020-04-28 12:21:56,381 [df2b78d1-cc3c-4a41-b03a-e98be8796946@group-EF22D3EFB3FE-LeaderElection51] INFO  server.RaftServerConfigKeys (ConfUtils.java:logGet(44)) - raft.server.rpc.sleep.time = 25ms (default)
2020-04-28 12:21:56,381 [df2b78d1-cc3c-4a41-b03a-e98be8796946@group-EF22D3EFB3FE-LeaderElection51] INFO  metrics.RatisMetrics (RatisMetrics.java:lambda$create$0(39)) - Creating Metrics Registry : ratis.log_appender.df2b78d1-cc3c-4a41-b03a-e98be8796946@group-EF22D3EFB3FE
2020-04-28 12:21:56,384 [df2b78d1-cc3c-4a41-b03a-e98be8796946@group-EF22D3EFB3FE-LeaderElection51] INFO  server.RaftServerConfigKeys (ConfUtils.java:logGet(44)) - raft.server.write.element-limit = 1024 (custom)
2020-04-28 12:21:56,385 [df2b78d1-cc3c-4a41-b03a-e98be8796946@group-EF22D3EFB3FE-LeaderElection51] INFO  server.RaftServerConfigKeys (ConfUtils.java:logGet(44)) - raft.server.write.byte-limit = 1073741824 (custom)
2020-04-28 12:21:56,385 [df2b78d1-cc3c-4a41-b03a-e98be8796946@group-EF22D3EFB3FE-LeaderElection51] INFO  server.RaftServerConfigKeys (ConfUtils.java:logGet(44)) - raft.server.watch.timeout = 180s (custom)
2020-04-28 12:21:56,385 [df2b78d1-cc3c-4a41-b03a-e98be8796946@group-EF22D3EFB3FE-LeaderElection51] INFO  server.RaftServerConfigKeys (ConfUtils.java:logGet(44)) - raft.server.watch.timeout.denomination = 1s (default)
2020-04-28 12:21:56,385 [df2b78d1-cc3c-4a41-b03a-e98be8796946@group-EF22D3EFB3FE-LeaderElection51] INFO  server.RaftServerConfigKeys (ConfUtils.java:logGet(44)) - raft.server.watch.element-limit = 65536 (default)
2020-04-28 12:21:56,385 [df2b78d1-cc3c-4a41-b03a-e98be8796946@group-EF22D3EFB3FE-LeaderElection51] INFO  impl.RoleInfo (RoleInfo.java:updateAndGet(143)) - df2b78d1-cc3c-4a41-b03a-e98be8796946: start LeaderState
2020-04-28 12:21:56,385 [df2b78d1-cc3c-4a41-b03a-e98be8796946@group-EF22D3EFB3FE-LeaderElection51] INFO  segmented.SegmentedRaftLogWorker (SegmentedRaftLogWorker.java:startLogSegment(391)) - df2b78d1-cc3c-4a41-b03a-e98be8796946@group-EF22D3EFB3FE-SegmentedRaftLogWorker: Starting segment from index:0
2020-04-28 12:21:56,386 [main] INFO  rpc.RpcClient (RpcClient.java:createBucket(447)) - Creating Bucket: emnbvfbwej/wuftczlwpa, with Versioning false and Storage Type set to DISK and Encryption set to false 
2020-04-28 12:21:56,386 [df2b78d1-cc3c-4a41-b03a-e98be8796946@group-EF22D3EFB3FE-LeaderElection51] INFO  impl.RaftServerImpl (ServerState.java:setRaftConf(356)) - df2b78d1-cc3c-4a41-b03a-e98be8796946@group-EF22D3EFB3FE: set configuration 0: [df2b78d1-cc3c-4a41-b03a-e98be8796946:172.17.0.2:41223], old=null at 0
2020-04-28 12:21:56,387 [df2b78d1-cc3c-4a41-b03a-e98be8796946@group-EF22D3EFB3FE-SegmentedRaftLogWorker] INFO  segmented.SegmentedRaftLogWorker (SegmentedRaftLogWorker.java:execute(583)) - df2b78d1-cc3c-4a41-b03a-e98be8796946@group-EF22D3EFB3FE-SegmentedRaftLogWorker: created new log segment /github/workspace/mnt/ozone/hadoop-ozone/integration-test/target/test-dir/MiniOzoneClusterImpl-41c31dbf-deb7-44be-8446-93e68c8544eb/datanode-2/data/ratis/31cc3b18-eb6b-46d9-a98b-ef22d3efb3fe/current/log_inprogress_0
2020-04-28 12:21:56,462 [Thread-2572] INFO  impl.FollowerState (FollowerState.java:run(108)) - c9c76bfb-65f5-4f90-a2a5-15b56c47d9cd@group-C6B0953323E2-FollowerState: change to CANDIDATE, lastRpcTime:5163ms, electionTimeout:5161ms
2020-04-28 12:21:56,462 [Thread-2572] INFO  impl.RoleInfo (RoleInfo.java:shutdownFollowerState(121)) - c9c76bfb-65f5-4f90-a2a5-15b56c47d9cd: shutdown FollowerState
2020-04-28 12:21:56,462 [Thread-2572] INFO  impl.RaftServerImpl (RaftServerImpl.java:setRole(172)) - c9c76bfb-65f5-4f90-a2a5-15b56c47d9cd@group-C6B0953323E2: changes role from  FOLLOWER to CANDIDATE at term 0 for changeToCandidate
2020-04-28 12:21:56,462 [Thread-2572] INFO  impl.RoleInfo (RoleInfo.java:updateAndGet(143)) - c9c76bfb-65f5-4f90-a2a5-15b56c47d9cd: start LeaderElection
2020-04-28 12:21:56,475 [c9c76bfb-65f5-4f90-a2a5-15b56c47d9cd@group-C6B0953323E2-LeaderElection52] INFO  impl.LeaderElection (LeaderElection.java:askForVotes(206)) - c9c76bfb-65f5-4f90-a2a5-15b56c47d9cd@group-C6B0953323E2-LeaderElection52: begin an election at term 1 for -1: [c9c76bfb-65f5-4f90-a2a5-15b56c47d9cd:172.17.0.2:34825], old=null
2020-04-28 12:21:56,475 [c9c76bfb-65f5-4f90-a2a5-15b56c47d9cd@group-C6B0953323E2-LeaderElection52] INFO  impl.RoleInfo (RoleInfo.java:shutdownLeaderElection(134)) - c9c76bfb-65f5-4f90-a2a5-15b56c47d9cd: shutdown LeaderElection
2020-04-28 12:21:56,476 [c9c76bfb-65f5-4f90-a2a5-15b56c47d9cd@group-C6B0953323E2-LeaderElection52] INFO  impl.RaftServerImpl (RaftServerImpl.java:setRole(172)) - c9c76bfb-65f5-4f90-a2a5-15b56c47d9cd@group-C6B0953323E2: changes role from CANDIDATE to LEADER at term 1 for changeToLeader
2020-04-28 12:21:56,476 [c9c76bfb-65f5-4f90-a2a5-15b56c47d9cd@group-C6B0953323E2-LeaderElection52] INFO  ratis.XceiverServerRatis (XceiverServerRatis.java:handleLeaderChangedNotification(761)) - Leader change notification received for group: group-C6B0953323E2 with new leaderId: c9c76bfb-65f5-4f90-a2a5-15b56c47d9cd
2020-04-28 12:21:56,476 [c9c76bfb-65f5-4f90-a2a5-15b56c47d9cd@group-C6B0953323E2-LeaderElection52] INFO  impl.RaftServerImpl (ServerState.java:setLeader(255)) - c9c76bfb-65f5-4f90-a2a5-15b56c47d9cd@group-C6B0953323E2: change Leader from null to c9c76bfb-65f5-4f90-a2a5-15b56c47d9cd at term 1 for becomeLeader, leader elected after 5186ms
2020-04-28 12:21:56,476 [c9c76bfb-65f5-4f90-a2a5-15b56c47d9cd@group-C6B0953323E2-LeaderElection52] INFO  server.RaftServerConfigKeys (ConfUtils.java:logGet(44)) - raft.server.staging.catchup.gap = 1000 (default)
2020-04-28 12:21:56,476 [c9c76bfb-65f5-4f90-a2a5-15b56c47d9cd@group-C6B0953323E2-LeaderElection52] INFO  server.RaftServerConfigKeys (ConfUtils.java:logGet(44)) - raft.server.rpc.sleep.time = 25ms (default)
2020-04-28 12:21:56,476 [c9c76bfb-65f5-4f90-a2a5-15b56c47d9cd@group-C6B0953323E2-LeaderElection52] INFO  metrics.RatisMetrics (RatisMetrics.java:lambda$create$0(39)) - Creating Metrics Registry : ratis.log_appender.c9c76bfb-65f5-4f90-a2a5-15b56c47d9cd@group-C6B0953323E2
2020-04-28 12:21:56,476 [c9c76bfb-65f5-4f90-a2a5-15b56c47d9cd@group-C6B0953323E2-LeaderElection52] INFO  server.RaftServerConfigKeys (ConfUtils.java:logGet(44)) - raft.server.write.element-limit = 1024 (custom)
2020-04-28 12:21:56,477 [c9c76bfb-65f5-4f90-a2a5-15b56c47d9cd@group-C6B0953323E2-LeaderElection52] INFO  server.RaftServerConfigKeys (ConfUtils.java:logGet(44)) - raft.server.write.byte-limit = 1073741824 (custom)
2020-04-28 12:21:56,477 [c9c76bfb-65f5-4f90-a2a5-15b56c47d9cd@group-C6B0953323E2-LeaderElection52] INFO  server.RaftServerConfigKeys (ConfUtils.java:logGet(44)) - raft.server.watch.timeout = 180s (custom)
2020-04-28 12:21:56,477 [c9c76bfb-65f5-4f90-a2a5-15b56c47d9cd@group-C6B0953323E2-LeaderElection52] INFO  server.RaftServerConfigKeys (ConfUtils.java:logGet(44)) - raft.server.watch.timeout.denomination = 1s (default)
2020-04-28 12:21:56,477 [c9c76bfb-65f5-4f90-a2a5-15b56c47d9cd@group-C6B0953323E2-LeaderElection52] INFO  server.RaftServerConfigKeys (ConfUtils.java:logGet(44)) - raft.server.watch.element-limit = 65536 (default)
2020-04-28 12:21:56,477 [c9c76bfb-65f5-4f90-a2a5-15b56c47d9cd@group-C6B0953323E2-LeaderElection52] INFO  impl.RoleInfo (RoleInfo.java:updateAndGet(143)) - c9c76bfb-65f5-4f90-a2a5-15b56c47d9cd: start LeaderState
2020-04-28 12:21:56,478 [c9c76bfb-65f5-4f90-a2a5-15b56c47d9cd@group-C6B0953323E2-LeaderElection52] INFO  segmented.SegmentedRaftLogWorker (SegmentedRaftLogWorker.java:startLogSegment(391)) - c9c76bfb-65f5-4f90-a2a5-15b56c47d9cd@group-C6B0953323E2-SegmentedRaftLogWorker: Starting segment from index:0
2020-04-28 12:21:56,479 [c9c76bfb-65f5-4f90-a2a5-15b56c47d9cd@group-C6B0953323E2-LeaderElection52] INFO  impl.RaftServerImpl (ServerState.java:setRaftConf(356)) - c9c76bfb-65f5-4f90-a2a5-15b56c47d9cd@group-C6B0953323E2: set configuration 0: [c9c76bfb-65f5-4f90-a2a5-15b56c47d9cd:172.17.0.2:34825], old=null at 0
2020-04-28 12:21:56,479 [c9c76bfb-65f5-4f90-a2a5-15b56c47d9cd@group-C6B0953323E2-SegmentedRaftLogWorker] INFO  segmented.SegmentedRaftLogWorker (SegmentedRaftLogWorker.java:execute(583)) - c9c76bfb-65f5-4f90-a2a5-15b56c47d9cd@group-C6B0953323E2-SegmentedRaftLogWorker: created new log segment /github/workspace/mnt/ozone/hadoop-ozone/integration-test/target/test-dir/MiniOzoneClusterImpl-41c31dbf-deb7-44be-8446-93e68c8544eb/datanode-1/data/ratis/2642b6b1-2b28-4d03-82e3-c6b0953323e2/current/log_inprogress_0
2020-04-28 12:21:59,265 [EventQueue-Delayed safe mode statusForReplicationManager] INFO  container.ReplicationManager (ReplicationManager.java:start(165)) - Starting Replication Monitor Thread.
2020-04-28 12:21:59,271 [ReplicationMonitor] INFO  container.ReplicationManager (ReplicationManager.java:run(228)) - Replication Monitor Thread took 0 milliseconds for processing 2 containers.
2020-04-28 12:21:59,271 [EventQueue-CloseContainerForCloseContainerEventHandler] INFO  container.CloseContainerEventHandler (CloseContainerEventHandler.java:onMessage(61)) - Close container Event triggered for container : #2
2020-04-28 12:22:00,429 [RatisApplyTransactionExecutor 2] INFO  interfaces.Container (KeyValueContainer.java:flushAndSyncDB(387)) - Container 2 is synced with bcsId 24.
2020-04-28 12:22:00,429 [RatisApplyTransactionExecutor 2] INFO  interfaces.Container (KeyValueContainer.java:flushAndSyncDB(387)) - Container 2 is synced with bcsId 24.
2020-04-28 12:22:00,434 [RatisApplyTransactionExecutor 2] INFO  interfaces.Container (KeyValueContainer.java:close(325)) - Container 2 is closed with bcsId 24.
2020-04-28 12:22:00,437 [RatisApplyTransactionExecutor 2] INFO  interfaces.Container (KeyValueContainer.java:flushAndSyncDB(387)) - Container 2 is synced with bcsId 24.
2020-04-28 12:22:00,445 [RatisApplyTransactionExecutor 2] INFO  interfaces.Container (KeyValueContainer.java:flushAndSyncDB(387)) - Container 2 is synced with bcsId 24.
2020-04-28 12:22:00,446 [EventQueue-IncrementalContainerReportForIncrementalContainerReportHandler] INFO  container.IncrementalContainerReportHandler (AbstractContainerReportHandler.java:updateContainerState(178)) - Moving container #2 to CLOSED state, datanode d078cf5b-0095-4f51-a018-59ad7f7969b0{ip: 172.17.0.2, host: a2eb3135c33a, networkLocation: /default-rack, certSerialId: null} reported CLOSED replica.
2020-04-28 12:22:00,447 [RatisApplyTransactionExecutor 2] INFO  interfaces.Container (KeyValueContainer.java:close(325)) - Container 2 is closed with bcsId 24.
2020-04-28 12:22:00,456 [RatisApplyTransactionExecutor 2] INFO  interfaces.Container (KeyValueContainer.java:flushAndSyncDB(387)) - Container 2 is synced with bcsId 24.
2020-04-28 12:22:00,457 [RatisApplyTransactionExecutor 2] INFO  interfaces.Container (KeyValueContainer.java:flushAndSyncDB(387)) - Container 2 is synced with bcsId 24.
2020-04-28 12:22:00,458 [RatisApplyTransactionExecutor 2] INFO  interfaces.Container (KeyValueContainer.java:close(325)) - Container 2 is closed with bcsId 24.
12:22:00.453 [grpc-default-executor-0] ERROR DNAudit - user=null | ip=null | op=WRITE_CHUNK {blockData=conID: 2 locID: 104076182743285778 bcsId: 24} | ret=FAILURE
org.apache.hadoop.hdds.scm.container.common.helpers.ContainerNotOpenException: Container 2 in CLOSED state
	at org.apache.hadoop.ozone.container.common.impl.HddsDispatcher.validateContainerCommand(HddsDispatcher.java:478) ~[hadoop-hdds-container-service-0.6.0-SNAPSHOT.jar:?]
	at org.apache.hadoop.ozone.container.common.transport.server.ratis.ContainerStateMachine.startTransaction(ContainerStateMachine.java:314) ~[hadoop-hdds-container-service-0.6.0-SNAPSHOT.jar:?]
	at org.apache.ratis.server.impl.RaftServerImpl.submitClientRequestAsync(RaftServerImpl.java:596) ~[ratis-server-0.6.0-490b689-SNAPSHOT.jar:0.6.0-490b689-SNAPSHOT]
	at org.apache.ratis.server.impl.RaftServerProxy.lambda$submitClientRequestAsync$7(RaftServerProxy.java:333) ~[ratis-server-0.6.0-490b689-SNAPSHOT.jar:0.6.0-490b689-SNAPSHOT]
	at org.apache.ratis.server.impl.RaftServerProxy.lambda$null$5(RaftServerProxy.java:328) ~[ratis-server-0.6.0-490b689-SNAPSHOT.jar:0.6.0-490b689-SNAPSHOT]
	at org.apache.ratis.util.JavaUtils.callAsUnchecked(JavaUtils.java:109) ~[ratis-common-0.6.0-490b689-SNAPSHOT.jar:0.6.0-490b689-SNAPSHOT]
	at org.apache.ratis.server.impl.RaftServerProxy.lambda$submitRequest$6(RaftServerProxy.java:328) ~[ratis-server-0.6.0-490b689-SNAPSHOT.jar:0.6.0-490b689-SNAPSHOT]
	at java.util.concurrent.CompletableFuture.uniComposeStage(CompletableFuture.java:995) ~[?:1.8.0_232]
	at java.util.concurrent.CompletableFuture.thenCompose(CompletableFuture.java:2137) ~[?:1.8.0_232]
	at org.apache.ratis.server.impl.RaftServerProxy.submitRequest(RaftServerProxy.java:327) ~[ratis-server-0.6.0-490b689-SNAPSHOT.jar:0.6.0-490b689-SNAPSHOT]
	at org.apache.ratis.server.impl.RaftServerProxy.submitClientRequestAsync(RaftServerProxy.java:333) ~[ratis-server-0.6.0-490b689-SNAPSHOT.jar:0.6.0-490b689-SNAPSHOT]
	at org.apache.ratis.grpc.client.GrpcClientProtocolService$RequestStreamObserver.processClientRequest(GrpcClientProtocolService.java:225) ~[ratis-grpc-0.6.0-490b689-SNAPSHOT.jar:0.6.0-490b689-SNAPSHOT]
	at org.apache.ratis.grpc.client.GrpcClientProtocolService$OrderedRequestStreamObserver.processClientRequest(GrpcClientProtocolService.java:331) ~[ratis-grpc-0.6.0-490b689-SNAPSHOT.jar:0.6.0-490b689-SNAPSHOT]
	at org.apache.ratis.util.SlidingWindow$Server.processRequestsFromHead(SlidingWindow.java:429) [ratis-common-0.6.0-490b689-SNAPSHOT.jar:0.6.0-490b689-SNAPSHOT]
	at org.apache.ratis.util.SlidingWindow$Server.receivedRequest(SlidingWindow.java:421) [ratis-common-0.6.0-490b689-SNAPSHOT.jar:0.6.0-490b689-SNAPSHOT]
	at org.apache.ratis.grpc.client.GrpcClientProtocolService$OrderedRequestStreamObserver.processClientRequest(GrpcClientProtocolService.java:355) [ratis-grpc-0.6.0-490b689-SNAPSHOT.jar:0.6.0-490b689-SNAPSHOT]
	at org.apache.ratis.grpc.client.GrpcClientProtocolService$RequestStreamObserver.onNext(GrpcClientProtocolService.java:245) [ratis-grpc-0.6.0-490b689-SNAPSHOT.jar:0.6.0-490b689-SNAPSHOT]
	at org.apache.ratis.grpc.client.GrpcClientProtocolService$RequestStreamObserver.onNext(GrpcClientProtocolService.java:168) [ratis-grpc-0.6.0-490b689-SNAPSHOT.jar:0.6.0-490b689-SNAPSHOT]
	at org.apache.ratis.thirdparty.io.grpc.stub.ServerCalls$StreamingServerCallHandler$StreamingServerCallListener.onMessage(ServerCalls.java:251) [ratis-thirdparty-misc-0.3.0.jar:0.3.0]
	at org.apache.ratis.thirdparty.io.grpc.internal.ServerCallImpl$ServerStreamListenerImpl.messagesAvailableInternal(ServerCallImpl.java:309) [ratis-thirdparty-misc-0.3.0.jar:0.3.0]
	at org.apache.ratis.thirdparty.io.grpc.internal.ServerCallImpl$ServerStreamListenerImpl.messagesAvailable(ServerCallImpl.java:292) [ratis-thirdparty-misc-0.3.0.jar:0.3.0]
	at org.apache.ratis.thirdparty.io.grpc.internal.ServerImpl$JumpToApplicationThreadServerStreamListener$1MessagesAvailable.runInContext(ServerImpl.java:779) [ratis-thirdparty-misc-0.3.0.jar:0.3.0]
	at org.apache.ratis.thirdparty.io.grpc.internal.ContextRunnable.run(ContextRunnable.java:37) [ratis-thirdparty-misc-0.3.0.jar:0.3.0]
	at org.apache.ratis.thirdparty.io.grpc.internal.SerializingExecutor.run(SerializingExecutor.java:123) [ratis-thirdparty-misc-0.3.0.jar:0.3.0]
	at java.util.concurrent.ThreadPoolExecutor.runWorker(ThreadPoolExecutor.java:1149) [?:1.8.0_232]
	at java.util.concurrent.ThreadPoolExecutor$Worker.run(ThreadPoolExecutor.java:624) [?:1.8.0_232]
	at java.lang.Thread.run(Thread.java:748) [?:1.8.0_232]
12:22:00.481 [grpc-default-executor-0] ERROR DNAudit - user=null | ip=null | op=PUT_BLOCK {blockData=[blockId=conID: 2 locID: 104076182743285778 bcsId: 0,size=3145728]} | ret=FAILURE
org.apache.hadoop.hdds.scm.container.common.helpers.ContainerNotOpenException: Container 2 in CLOSED state
	at org.apache.hadoop.ozone.container.common.impl.HddsDispatcher.validateContainerCommand(HddsDispatcher.java:478) ~[hadoop-hdds-container-service-0.6.0-SNAPSHOT.jar:?]
	at org.apache.hadoop.ozone.container.common.transport.server.ratis.ContainerStateMachine.startTransaction(ContainerStateMachine.java:314) ~[hadoop-hdds-container-service-0.6.0-SNAPSHOT.jar:?]
	at org.apache.ratis.server.impl.RaftServerImpl.submitClientRequestAsync(RaftServerImpl.java:596) ~[ratis-server-0.6.0-490b689-SNAPSHOT.jar:0.6.0-490b689-SNAPSHOT]
	at org.apache.ratis.server.impl.RaftServerProxy.lambda$submitClientRequestAsync$7(RaftServerProxy.java:333) ~[ratis-server-0.6.0-490b689-SNAPSHOT.jar:0.6.0-490b689-SNAPSHOT]
	at org.apache.ratis.server.impl.RaftServerProxy.lambda$null$5(RaftServerProxy.java:328) ~[ratis-server-0.6.0-490b689-SNAPSHOT.jar:0.6.0-490b689-SNAPSHOT]
	at org.apache.ratis.util.JavaUtils.callAsUnchecked(JavaUtils.java:109) ~[ratis-common-0.6.0-490b689-SNAPSHOT.jar:0.6.0-490b689-SNAPSHOT]
	at org.apache.ratis.server.impl.RaftServerProxy.lambda$submitRequest$6(RaftServerProxy.java:328) ~[ratis-server-0.6.0-490b689-SNAPSHOT.jar:0.6.0-490b689-SNAPSHOT]
	at java.util.concurrent.CompletableFuture.uniComposeStage(CompletableFuture.java:995) ~[?:1.8.0_232]
	at java.util.concurrent.CompletableFuture.thenCompose(CompletableFuture.java:2137) ~[?:1.8.0_232]
	at org.apache.ratis.server.impl.RaftServerProxy.submitRequest(RaftServerProxy.java:327) ~[ratis-server-0.6.0-490b689-SNAPSHOT.jar:0.6.0-490b689-SNAPSHOT]
	at org.apache.ratis.server.impl.RaftServerProxy.submitClientRequestAsync(RaftServerProxy.java:333) ~[ratis-server-0.6.0-490b689-SNAPSHOT.jar:0.6.0-490b689-SNAPSHOT]
	at org.apache.ratis.grpc.client.GrpcClientProtocolService$RequestStreamObserver.processClientRequest(GrpcClientProtocolService.java:225) ~[ratis-grpc-0.6.0-490b689-SNAPSHOT.jar:0.6.0-490b689-SNAPSHOT]
	at org.apache.ratis.grpc.client.GrpcClientProtocolService$OrderedRequestStreamObserver.processClientRequest(GrpcClientProtocolService.java:331) ~[ratis-grpc-0.6.0-490b689-SNAPSHOT.jar:0.6.0-490b689-SNAPSHOT]
	at org.apache.ratis.util.SlidingWindow$Server.processRequestsFromHead(SlidingWindow.java:429) [ratis-common-0.6.0-490b689-SNAPSHOT.jar:0.6.0-490b689-SNAPSHOT]
	at org.apache.ratis.util.SlidingWindow$Server.receivedRequest(SlidingWindow.java:421) [ratis-common-0.6.0-490b689-SNAPSHOT.jar:0.6.0-490b689-SNAPSHOT]
	at org.apache.ratis.grpc.client.GrpcClientProtocolService$OrderedRequestStreamObserver.processClientRequest(GrpcClientProtocolService.java:355) [ratis-grpc-0.6.0-490b689-SNAPSHOT.jar:0.6.0-490b689-SNAPSHOT]
	at org.apache.ratis.grpc.client.GrpcClientProtocolService$RequestStreamObserver.onNext(GrpcClientProtocolService.java:245) [ratis-grpc-0.6.0-490b689-SNAPSHOT.jar:0.6.0-490b689-SNAPSHOT]
	at org.apache.ratis.grpc.client.GrpcClientProtocolService$RequestStreamObserver.onNext(GrpcClientProtocolService.java:168) [ratis-grpc-0.6.0-490b689-SNAPSHOT.jar:0.6.0-490b689-SNAPSHOT]
	at org.apache.ratis.thirdparty.io.grpc.stub.ServerCalls$StreamingServerCallHandler$StreamingServerCallListener.onMessage(ServerCalls.java:251) [ratis-thirdparty-misc-0.3.0.jar:0.3.0]
	at org.apache.ratis.thirdparty.io.grpc.internal.ServerCallImpl$ServerStreamListenerImpl.messagesAvailableInternal(ServerCallImpl.java:309) [ratis-thirdparty-misc-0.3.0.jar:0.3.0]
	at org.apache.ratis.thirdparty.io.grpc.internal.ServerCallImpl$ServerStreamListenerImpl.messagesAvailable(ServerCallImpl.java:292) [ratis-thirdparty-misc-0.3.0.jar:0.3.0]
	at org.apache.ratis.thirdparty.io.grpc.internal.ServerImpl$JumpToApplicationThreadServerStreamListener$1MessagesAvailable.runInContext(ServerImpl.java:779) [ratis-thirdparty-misc-0.3.0.jar:0.3.0]
	at org.apache.ratis.thirdparty.io.grpc.internal.ContextRunnable.run(ContextRunnable.java:37) [ratis-thirdparty-misc-0.3.0.jar:0.3.0]
	at org.apache.ratis.thirdparty.io.grpc.internal.SerializingExecutor.run(SerializingExecutor.java:123) [ratis-thirdparty-misc-0.3.0.jar:0.3.0]
	at java.util.concurrent.ThreadPoolExecutor.runWorker(ThreadPoolExecutor.java:1149) [?:1.8.0_232]
	at java.util.concurrent.ThreadPoolExecutor$Worker.run(ThreadPoolExecutor.java:624) [?:1.8.0_232]
	at java.lang.Thread.run(Thread.java:748) [?:1.8.0_232]
2020-04-28 12:22:00,513 [main] INFO  io.BlockOutputStreamEntryPool (BlockOutputStreamEntryPool.java:allocateNewBlock(284)) - Allocating block with ExcludeList {datanodes = [], containerIds = [#2], pipelineIds = []}
2020-04-28 12:22:01,209 [main] INFO  ozone.MiniOzoneClusterImpl (MiniOzoneClusterImpl.java:shutdown(387)) - Shutting down the Mini Ozone Cluster
2020-04-28 12:22:01,210 [main] INFO  ozone.MiniOzoneClusterImpl (MiniOzoneClusterImpl.java:stop(402)) - Stopping the Mini Ozone Cluster
2020-04-28 12:22:01,210 [main] INFO  ozone.MiniOzoneClusterImpl (MiniOzoneClusterImpl.java:stopOM(484)) - Stopping the OzoneManager
2020-04-28 12:22:01,210 [main] INFO  ipc.Server (Server.java:stop(3082)) - Stopping server on 44395
2020-04-28 12:22:01,213 [main] INFO  ratis.OzoneManagerDoubleBuffer (OzoneManagerDoubleBuffer.java:stop(272)) - Stopping OMDoubleBuffer flush thread
2020-04-28 12:22:01,214 [IPC Server Responder] INFO  ipc.Server (Server.java:run(1319)) - Stopping IPC Server Responder
2020-04-28 12:22:01,214 [OMDoubleBufferFlushThread] INFO  ratis.OzoneManagerDoubleBuffer (OzoneManagerDoubleBuffer.java:flushTransactions(206)) - OMDoubleBuffer flush thread OMDoubleBufferFlushThread is interrupted and will exit. OMDoubleBufferFlushThread
2020-04-28 12:22:01,214 [IPC Server listener on 44395] INFO  ipc.Server (Server.java:run(1185)) - Stopping IPC Server listener on 44395
2020-04-28 12:22:01,214 [main] INFO  utils.BackgroundService (BackgroundService.java:shutdown(157)) - Shutting down service KeyDeletingService
2020-04-28 12:22:01,215 [main] INFO  handler.ContextHandler (ContextHandler.java:doStop(1016)) - Stopped o.e.j.w.WebAppContext@51927988{ozoneManager,/,null,UNAVAILABLE}{file:/github/workspace/mnt/ozone/hadoop-ozone/integration-test/target/test-classes/webapps/ozoneManager}
2020-04-28 12:22:01,216 [main] INFO  server.AbstractConnector (AbstractConnector.java:doStop(380)) - Stopped ServerConnector@21651fbc{HTTP/1.1,[http/1.1]}{0.0.0.0:0}
2020-04-28 12:22:01,216 [main] INFO  server.session (HouseKeeper.java:stopScavenging(158)) - node0 Stopped scavenging
2020-04-28 12:22:01,216 [main] INFO  handler.ContextHandler (ContextHandler.java:doStop(1016)) - Stopped o.e.j.s.ServletContextHandler@1435a39{static,/static,file:///github/workspace/mnt/ozone/hadoop-ozone/integration-test/target/test-classes/webapps/static,UNAVAILABLE}
2020-04-28 12:22:01,216 [main] INFO  handler.ContextHandler (ContextHandler.java:doStop(1016)) - Stopped o.e.j.s.ServletContextHandler@1e280597{logs,/logs,file:///github/workspace/mnt/ozone/hadoop-ozone/integration-test/target/log,UNAVAILABLE}
2020-04-28 12:22:01,218 [main] INFO  ozone.MiniOzoneClusterImpl (MiniOzoneClusterImpl.java:stopDatanodes(461)) - Stopping the HddsDatanodes
2020-04-28 12:22:01,563 [Datanode State Machine Thread - 0] INFO  statemachine.DatanodeStateMachine (DatanodeStateMachine.java:lambda$startDaemon$0(376)) - Ozone container server started.
2020-04-28 12:22:01,567 [Datanode State Machine Thread - 0] INFO  statemachine.DatanodeStateMachine (DatanodeStateMachine.java:lambda$startDaemon$0(376)) - Ozone container server started.
2020-04-28 12:22:06,219 [ForkJoinPool.commonPool-worker-1] INFO  ozoneimpl.OzoneContainer (OzoneContainer.java:stop(246)) - Attempting to stop container services.
2020-04-28 12:22:06,219 [main] INFO  ozoneimpl.OzoneContainer (OzoneContainer.java:stop(246)) - Attempting to stop container services.
2020-04-28 12:22:06,220 [ForkJoinPool.commonPool-worker-1] INFO  impl.RaftServerProxy (RaftServerProxy.java:lambda$close$4(314)) - d078cf5b-0095-4f51-a018-59ad7f7969b0: close
2020-04-28 12:22:06,220 [ForkJoinPool.commonPool-worker-1] INFO  impl.RaftServerImpl (RaftServerImpl.java:lambda$shutdown$3(249)) - d078cf5b-0095-4f51-a018-59ad7f7969b0@group-35F60551025F: shutdown
2020-04-28 12:22:06,220 [ForkJoinPool.commonPool-worker-1] INFO  util.JmxRegister (JmxRegister.java:unregister(73)) - Successfully un-registered JMX Bean with object name Ratis:service=RaftServer,group=group-35F60551025F,id=d078cf5b-0095-4f51-a018-59ad7f7969b0
2020-04-28 12:22:06,221 [ForkJoinPool.commonPool-worker-1] INFO  impl.RoleInfo (RoleInfo.java:shutdownLeaderState(104)) - d078cf5b-0095-4f51-a018-59ad7f7969b0: shutdown LeaderState
2020-04-28 12:22:06,222 [main] INFO  impl.RaftServerProxy (RaftServerProxy.java:lambda$close$4(314)) - c9c76bfb-65f5-4f90-a2a5-15b56c47d9cd: close
2020-04-28 12:22:06,224 [main] INFO  impl.RaftServerImpl (RaftServerImpl.java:lambda$shutdown$3(249)) - c9c76bfb-65f5-4f90-a2a5-15b56c47d9cd@group-35F60551025F: shutdown
2020-04-28 12:22:06,224 [main] INFO  util.JmxRegister (JmxRegister.java:unregister(73)) - Successfully un-registered JMX Bean with object name Ratis:service=RaftServer,group=group-35F60551025F,id=c9c76bfb-65f5-4f90-a2a5-15b56c47d9cd
2020-04-28 12:22:06,224 [main] INFO  impl.RoleInfo (RoleInfo.java:shutdownFollowerState(121)) - c9c76bfb-65f5-4f90-a2a5-15b56c47d9cd: shutdown FollowerState
2020-04-28 12:22:06,225 [main] INFO  impl.StateMachineUpdater (StateMachineUpdater.java:stopAndJoin(139)) - c9c76bfb-65f5-4f90-a2a5-15b56c47d9cd@group-35F60551025F-StateMachineUpdater: set stopIndex = 43
2020-04-28 12:22:06,225 [Thread-2581] INFO  impl.FollowerState (FollowerState.java:run(117)) - c9c76bfb-65f5-4f90-a2a5-15b56c47d9cd@group-35F60551025F-FollowerState was interrupted: java.lang.InterruptedException: sleep interrupted
2020-04-28 12:22:06,224 [org.apache.ratis.server.impl.LogAppender$AppenderDaemon$$Lambda$445/1211495471@77135211] WARN  server.GrpcLogAppender (GrpcLogAppender.java:mayWait(153)) - d078cf5b-0095-4f51-a018-59ad7f7969b0@group-35F60551025F->c9c76bfb-65f5-4f90-a2a5-15b56c47d9cd-GrpcLogAppender: Wait interrupted by java.lang.InterruptedException
2020-04-28 12:22:06,222 [ForkJoinPool.commonPool-worker-1] INFO  impl.PendingRequests (PendingRequests.java:sendNotLeaderResponses(240)) - d078cf5b-0095-4f51-a018-59ad7f7969b0@group-35F60551025F-PendingRequests: sendNotLeaderResponses
2020-04-28 12:22:06,226 [org.apache.ratis.server.impl.LogAppender$AppenderDaemon$$Lambda$445/1211495471@11dfbda6] WARN  server.GrpcLogAppender (GrpcLogAppender.java:mayWait(153)) - d078cf5b-0095-4f51-a018-59ad7f7969b0@group-35F60551025F->df2b78d1-cc3c-4a41-b03a-e98be8796946-GrpcLogAppender: Wait interrupted by java.lang.InterruptedException
2020-04-28 12:22:06,227 [grpc-default-executor-1] INFO  server.GrpcServerProtocolService (GrpcServerProtocolService.java:onCompleted(137)) - c9c76bfb-65f5-4f90-a2a5-15b56c47d9cd: Completed APPEND_ENTRIES, lastRequest: d078cf5b-0095-4f51-a018-59ad7f7969b0->c9c76bfb-65f5-4f90-a2a5-15b56c47d9cd#44-t1, previous=(t:1, i:42), leaderCommit=41, initializing? false, entries: size=1, first=(t:1, i:43), METADATAENTRY(c:41)
2020-04-28 12:22:06,227 [grpc-default-executor-0] INFO  server.GrpcServerProtocolService (GrpcServerProtocolService.java:onCompleted(137)) - df2b78d1-cc3c-4a41-b03a-e98be8796946: Completed APPEND_ENTRIES, lastRequest: d078cf5b-0095-4f51-a018-59ad7f7969b0->df2b78d1-cc3c-4a41-b03a-e98be8796946#44-t1, previous=(t:1, i:42), leaderCommit=41, initializing? false, entries: size=1, first=(t:1, i:43), METADATAENTRY(c:41)
2020-04-28 12:22:06,228 [grpc-default-executor-1] INFO  server.GrpcLogAppender (GrpcLogAppender.java:onCompleted(309)) - d078cf5b-0095-4f51-a018-59ad7f7969b0@group-35F60551025F->df2b78d1-cc3c-4a41-b03a-e98be8796946-AppendLogResponseHandler: follower responses appendEntries COMPLETED
2020-04-28 12:22:06,228 [c9c76bfb-65f5-4f90-a2a5-15b56c47d9cd@group-35F60551025F-StateMachineUpdater] INFO  ratis.ContainerStateMachine (ContainerStateMachine.java:takeSnapshot(288)) - group-35F60551025F: Taking a snapshot at:(t:1, i:43) file /github/workspace/mnt/ozone/hadoop-ozone/integration-test/target/test-dir/MiniOzoneClusterImpl-41c31dbf-deb7-44be-8446-93e68c8544eb/datanode-1/data/ratis/234fb3ed-6503-49fa-8813-35f60551025f/sm/snapshot.1_43
2020-04-28 12:22:06,229 [grpc-default-executor-2] INFO  server.GrpcLogAppender (GrpcLogAppender.java:onCompleted(309)) - d078cf5b-0095-4f51-a018-59ad7f7969b0@group-35F60551025F->c9c76bfb-65f5-4f90-a2a5-15b56c47d9cd-AppendLogResponseHandler: follower responses appendEntries COMPLETED
2020-04-28 12:22:06,233 [ForkJoinPool.commonPool-worker-1] INFO  metrics.RatisMetrics (RatisMetrics.java:unregister(46)) - Unregistering Metrics Registry : ratis.log_appender.d078cf5b-0095-4f51-a018-59ad7f7969b0@group-35F60551025F
2020-04-28 12:22:06,233 [ForkJoinPool.commonPool-worker-1] INFO  impl.StateMachineUpdater (StateMachineUpdater.java:stopAndJoin(139)) - d078cf5b-0095-4f51-a018-59ad7f7969b0@group-35F60551025F-StateMachineUpdater: set stopIndex = 43
2020-04-28 12:22:06,234 [d078cf5b-0095-4f51-a018-59ad7f7969b0@group-35F60551025F-StateMachineUpdater] INFO  ratis.ContainerStateMachine (ContainerStateMachine.java:takeSnapshot(288)) - group-35F60551025F: Taking a snapshot at:(t:1, i:43) file /github/workspace/mnt/ozone/hadoop-ozone/integration-test/target/test-dir/MiniOzoneClusterImpl-41c31dbf-deb7-44be-8446-93e68c8544eb/datanode-0/data/ratis/234fb3ed-6503-49fa-8813-35f60551025f/sm/snapshot.1_43
2020-04-28 12:22:06,232 [grpc-default-executor-1] INFO  impl.FollowerInfo (FollowerInfo.java:lambda$new$0(50)) - d078cf5b-0095-4f51-a018-59ad7f7969b0@group-35F60551025F->df2b78d1-cc3c-4a41-b03a-e98be8796946: nextIndex: updateUnconditionally 44 -> 43
2020-04-28 12:22:06,232 [c9c76bfb-65f5-4f90-a2a5-15b56c47d9cd@group-35F60551025F-StateMachineUpdater] INFO  ratis.ContainerStateMachine (ContainerStateMachine.java:takeSnapshot(299)) - group-35F60551025F: Finished taking a snapshot at:(t:1, i:43) file:/github/workspace/mnt/ozone/hadoop-ozone/integration-test/target/test-dir/MiniOzoneClusterImpl-41c31dbf-deb7-44be-8446-93e68c8544eb/datanode-1/data/ratis/234fb3ed-6503-49fa-8813-35f60551025f/sm/snapshot.1_43 time:4
2020-04-28 12:22:06,235 [d078cf5b-0095-4f51-a018-59ad7f7969b0@group-35F60551025F-StateMachineUpdater] INFO  ratis.ContainerStateMachine (ContainerStateMachine.java:takeSnapshot(299)) - group-35F60551025F: Finished taking a snapshot at:(t:1, i:43) file:/github/workspace/mnt/ozone/hadoop-ozone/integration-test/target/test-dir/MiniOzoneClusterImpl-41c31dbf-deb7-44be-8446-93e68c8544eb/datanode-0/data/ratis/234fb3ed-6503-49fa-8813-35f60551025f/sm/snapshot.1_43 time:1
2020-04-28 12:22:06,235 [d078cf5b-0095-4f51-a018-59ad7f7969b0@group-35F60551025F-StateMachineUpdater] INFO  impl.StateMachineUpdater (StateMachineUpdater.java:takeSnapshot(274)) - d078cf5b-0095-4f51-a018-59ad7f7969b0@group-35F60551025F-StateMachineUpdater: Took a snapshot at index 43
2020-04-28 12:22:06,235 [d078cf5b-0095-4f51-a018-59ad7f7969b0@group-35F60551025F-StateMachineUpdater] INFO  impl.StateMachineUpdater (StateMachineUpdater.java:lambda$new$0(86)) - d078cf5b-0095-4f51-a018-59ad7f7969b0@group-35F60551025F-StateMachineUpdater: snapshotIndex: updateIncreasingly -1 -> 43
2020-04-28 12:22:06,235 [d078cf5b-0095-4f51-a018-59ad7f7969b0@group-35F60551025F-StateMachineUpdater] INFO  metrics.RatisMetrics (RatisMetrics.java:unregister(46)) - Unregistering Metrics Registry : ratis.state_machine.d078cf5b-0095-4f51-a018-59ad7f7969b0@group-35F60551025F
2020-04-28 12:22:06,235 [ForkJoinPool.commonPool-worker-1] INFO  impl.RaftServerImpl (ServerState.java:close(387)) - d078cf5b-0095-4f51-a018-59ad7f7969b0@group-35F60551025F: closes. applyIndex: 43
2020-04-28 12:22:06,235 [d078cf5b-0095-4f51-a018-59ad7f7969b0@group-35F60551025F-SegmentedRaftLogWorker] INFO  segmented.SegmentedRaftLogWorker (SegmentedRaftLogWorker.java:run(321)) - d078cf5b-0095-4f51-a018-59ad7f7969b0@group-35F60551025F-SegmentedRaftLogWorker was interrupted, exiting. There are 0 tasks remaining in the queue.
2020-04-28 12:22:06,236 [c9c76bfb-65f5-4f90-a2a5-15b56c47d9cd@group-35F60551025F-StateMachineUpdater] INFO  impl.StateMachineUpdater (StateMachineUpdater.java:takeSnapshot(274)) - c9c76bfb-65f5-4f90-a2a5-15b56c47d9cd@group-35F60551025F-StateMachineUpdater: Took a snapshot at index 43
2020-04-28 12:22:06,236 [c9c76bfb-65f5-4f90-a2a5-15b56c47d9cd@group-35F60551025F-StateMachineUpdater] INFO  impl.StateMachineUpdater (StateMachineUpdater.java:lambda$new$0(86)) - c9c76bfb-65f5-4f90-a2a5-15b56c47d9cd@group-35F60551025F-StateMachineUpdater: snapshotIndex: updateIncreasingly -1 -> 43
2020-04-28 12:22:06,236 [c9c76bfb-65f5-4f90-a2a5-15b56c47d9cd@group-35F60551025F-StateMachineUpdater] INFO  metrics.RatisMetrics (RatisMetrics.java:unregister(46)) - Unregistering Metrics Registry : ratis.state_machine.c9c76bfb-65f5-4f90-a2a5-15b56c47d9cd@group-35F60551025F
2020-04-28 12:22:06,236 [main] INFO  impl.RaftServerImpl (ServerState.java:close(387)) - c9c76bfb-65f5-4f90-a2a5-15b56c47d9cd@group-35F60551025F: closes. applyIndex: 43
2020-04-28 12:22:06,236 [c9c76bfb-65f5-4f90-a2a5-15b56c47d9cd@group-35F60551025F-SegmentedRaftLogWorker] INFO  segmented.SegmentedRaftLogWorker (SegmentedRaftLogWorker.java:run(321)) - c9c76bfb-65f5-4f90-a2a5-15b56c47d9cd@group-35F60551025F-SegmentedRaftLogWorker was interrupted, exiting. There are 0 tasks remaining in the queue.
2020-04-28 12:22:06,239 [ForkJoinPool.commonPool-worker-1] INFO  segmented.SegmentedRaftLogWorker (SegmentedRaftLogWorker.java:close(229)) - d078cf5b-0095-4f51-a018-59ad7f7969b0@group-35F60551025F-SegmentedRaftLogWorker close()
2020-04-28 12:22:06,239 [main] INFO  segmented.SegmentedRaftLogWorker (SegmentedRaftLogWorker.java:close(229)) - c9c76bfb-65f5-4f90-a2a5-15b56c47d9cd@group-35F60551025F-SegmentedRaftLogWorker close()
2020-04-28 12:22:06,239 [grpc-default-executor-2] INFO  impl.FollowerInfo (FollowerInfo.java:lambda$new$0(50)) - d078cf5b-0095-4f51-a018-59ad7f7969b0@group-35F60551025F->c9c76bfb-65f5-4f90-a2a5-15b56c47d9cd: nextIndex: updateUnconditionally 44 -> 43
2020-04-28 12:22:06,244 [ForkJoinPool.commonPool-worker-1] INFO  metrics.RatisMetrics (RatisMetrics.java:unregister(46)) - Unregistering Metrics Registry : ratis.log_worker.d078cf5b-0095-4f51-a018-59ad7f7969b0
2020-04-28 12:22:06,244 [main] INFO  metrics.RatisMetrics (RatisMetrics.java:unregister(46)) - Unregistering Metrics Registry : ratis.log_worker.c9c76bfb-65f5-4f90-a2a5-15b56c47d9cd
2020-04-28 12:22:06,244 [main] INFO  metrics.RatisMetrics (RatisMetrics.java:unregister(46)) - Unregistering Metrics Registry : ratis.leader_election.c9c76bfb-65f5-4f90-a2a5-15b56c47d9cd@group-35F60551025F
2020-04-28 12:22:06,245 [main] INFO  metrics.RatisMetrics (RatisMetrics.java:unregister(46)) - Unregistering Metrics Registry : ratis.server.c9c76bfb-65f5-4f90-a2a5-15b56c47d9cd@group-35F60551025F
2020-04-28 12:22:06,244 [ForkJoinPool.commonPool-worker-1] INFO  metrics.RatisMetrics (RatisMetrics.java:unregister(46)) - Unregistering Metrics Registry : ratis.leader_election.d078cf5b-0095-4f51-a018-59ad7f7969b0@group-35F60551025F
2020-04-28 12:22:06,245 [main] INFO  impl.RaftServerImpl (RaftServerImpl.java:lambda$shutdown$3(249)) - c9c76bfb-65f5-4f90-a2a5-15b56c47d9cd@group-C6B0953323E2: shutdown
2020-04-28 12:22:06,245 [ForkJoinPool.commonPool-worker-1] INFO  metrics.RatisMetrics (RatisMetrics.java:unregister(46)) - Unregistering Metrics Registry : ratis.server.d078cf5b-0095-4f51-a018-59ad7f7969b0@group-35F60551025F
2020-04-28 12:22:06,245 [main] INFO  util.JmxRegister (JmxRegister.java:unregister(73)) - Successfully un-registered JMX Bean with object name Ratis:service=RaftServer,group=group-C6B0953323E2,id=c9c76bfb-65f5-4f90-a2a5-15b56c47d9cd
2020-04-28 12:22:06,245 [main] INFO  impl.RoleInfo (RoleInfo.java:shutdownLeaderState(104)) - c9c76bfb-65f5-4f90-a2a5-15b56c47d9cd: shutdown LeaderState
2020-04-28 12:22:06,245 [ForkJoinPool.commonPool-worker-1] INFO  impl.RaftServerImpl (RaftServerImpl.java:lambda$shutdown$3(249)) - d078cf5b-0095-4f51-a018-59ad7f7969b0@group-E86F166FF31A: shutdown
2020-04-28 12:22:06,246 [main] INFO  impl.PendingRequests (PendingRequests.java:sendNotLeaderResponses(240)) - c9c76bfb-65f5-4f90-a2a5-15b56c47d9cd@group-C6B0953323E2-PendingRequests: sendNotLeaderResponses
2020-04-28 12:22:06,246 [ForkJoinPool.commonPool-worker-1] INFO  util.JmxRegister (JmxRegister.java:unregister(73)) - Successfully un-registered JMX Bean with object name Ratis:service=RaftServer,group=group-E86F166FF31A,id=d078cf5b-0095-4f51-a018-59ad7f7969b0
2020-04-28 12:22:06,246 [main] INFO  metrics.RatisMetrics (RatisMetrics.java:unregister(46)) - Unregistering Metrics Registry : ratis.log_appender.c9c76bfb-65f5-4f90-a2a5-15b56c47d9cd@group-C6B0953323E2
2020-04-28 12:22:06,246 [ForkJoinPool.commonPool-worker-1] INFO  impl.RoleInfo (RoleInfo.java:shutdownLeaderState(104)) - d078cf5b-0095-4f51-a018-59ad7f7969b0: shutdown LeaderState
2020-04-28 12:22:06,246 [ForkJoinPool.commonPool-worker-1] INFO  impl.PendingRequests (PendingRequests.java:sendNotLeaderResponses(240)) - d078cf5b-0095-4f51-a018-59ad7f7969b0@group-E86F166FF31A-PendingRequests: sendNotLeaderResponses
2020-04-28 12:22:06,246 [ForkJoinPool.commonPool-worker-1] INFO  metrics.RatisMetrics (RatisMetrics.java:unregister(46)) - Unregistering Metrics Registry : ratis.log_appender.d078cf5b-0095-4f51-a018-59ad7f7969b0@group-E86F166FF31A
2020-04-28 12:22:06,246 [ForkJoinPool.commonPool-worker-1] INFO  impl.StateMachineUpdater (StateMachineUpdater.java:stopAndJoin(139)) - d078cf5b-0095-4f51-a018-59ad7f7969b0@group-E86F166FF31A-StateMachineUpdater: set stopIndex = 0
2020-04-28 12:22:06,247 [d078cf5b-0095-4f51-a018-59ad7f7969b0@group-E86F166FF31A-StateMachineUpdater] INFO  ratis.ContainerStateMachine (ContainerStateMachine.java:takeSnapshot(288)) - group-E86F166FF31A: Taking a snapshot at:(t:1, i:0) file /github/workspace/mnt/ozone/hadoop-ozone/integration-test/target/test-dir/MiniOzoneClusterImpl-41c31dbf-deb7-44be-8446-93e68c8544eb/datanode-0/data/ratis/69db1abb-1179-42ac-9a19-e86f166ff31a/sm/snapshot.1_0
2020-04-28 12:22:06,247 [c9c76bfb-65f5-4f90-a2a5-15b56c47d9cd@group-C6B0953323E2-StateMachineUpdater] INFO  ratis.ContainerStateMachine (ContainerStateMachine.java:takeSnapshot(288)) - group-C6B0953323E2: Taking a snapshot at:(t:1, i:0) file /github/workspace/mnt/ozone/hadoop-ozone/integration-test/target/test-dir/MiniOzoneClusterImpl-41c31dbf-deb7-44be-8446-93e68c8544eb/datanode-1/data/ratis/2642b6b1-2b28-4d03-82e3-c6b0953323e2/sm/snapshot.1_0
2020-04-28 12:22:06,246 [main] INFO  impl.StateMachineUpdater (StateMachineUpdater.java:stopAndJoin(139)) - c9c76bfb-65f5-4f90-a2a5-15b56c47d9cd@group-C6B0953323E2-StateMachineUpdater: set stopIndex = 0
2020-04-28 12:22:06,248 [d078cf5b-0095-4f51-a018-59ad7f7969b0@group-E86F166FF31A-StateMachineUpdater] INFO  ratis.ContainerStateMachine (ContainerStateMachine.java:takeSnapshot(299)) - group-E86F166FF31A: Finished taking a snapshot at:(t:1, i:0) file:/github/workspace/mnt/ozone/hadoop-ozone/integration-test/target/test-dir/MiniOzoneClusterImpl-41c31dbf-deb7-44be-8446-93e68c8544eb/datanode-0/data/ratis/69db1abb-1179-42ac-9a19-e86f166ff31a/sm/snapshot.1_0 time:1
2020-04-28 12:22:06,248 [d078cf5b-0095-4f51-a018-59ad7f7969b0@group-E86F166FF31A-StateMachineUpdater] INFO  impl.StateMachineUpdater (StateMachineUpdater.java:takeSnapshot(274)) - d078cf5b-0095-4f51-a018-59ad7f7969b0@group-E86F166FF31A-StateMachineUpdater: Took a snapshot at index 0
2020-04-28 12:22:06,248 [d078cf5b-0095-4f51-a018-59ad7f7969b0@group-E86F166FF31A-StateMachineUpdater] INFO  impl.StateMachineUpdater (StateMachineUpdater.java:lambda$new$0(86)) - d078cf5b-0095-4f51-a018-59ad7f7969b0@group-E86F166FF31A-StateMachineUpdater: snapshotIndex: updateIncreasingly -1 -> 0
2020-04-28 12:22:06,248 [d078cf5b-0095-4f51-a018-59ad7f7969b0@group-E86F166FF31A-StateMachineUpdater] INFO  metrics.RatisMetrics (RatisMetrics.java:unregister(46)) - Unregistering Metrics Registry : ratis.state_machine.d078cf5b-0095-4f51-a018-59ad7f7969b0@group-E86F166FF31A
2020-04-28 12:22:06,248 [ForkJoinPool.commonPool-worker-1] INFO  impl.RaftServerImpl (ServerState.java:close(387)) - d078cf5b-0095-4f51-a018-59ad7f7969b0@group-E86F166FF31A: closes. applyIndex: 0
2020-04-28 12:22:06,248 [c9c76bfb-65f5-4f90-a2a5-15b56c47d9cd@group-C6B0953323E2-StateMachineUpdater] INFO  ratis.ContainerStateMachine (ContainerStateMachine.java:takeSnapshot(299)) - group-C6B0953323E2: Finished taking a snapshot at:(t:1, i:0) file:/github/workspace/mnt/ozone/hadoop-ozone/integration-test/target/test-dir/MiniOzoneClusterImpl-41c31dbf-deb7-44be-8446-93e68c8544eb/datanode-1/data/ratis/2642b6b1-2b28-4d03-82e3-c6b0953323e2/sm/snapshot.1_0 time:0
2020-04-28 12:22:06,248 [d078cf5b-0095-4f51-a018-59ad7f7969b0@group-E86F166FF31A-SegmentedRaftLogWorker] INFO  segmented.SegmentedRaftLogWorker (SegmentedRaftLogWorker.java:run(321)) - d078cf5b-0095-4f51-a018-59ad7f7969b0@group-E86F166FF31A-SegmentedRaftLogWorker was interrupted, exiting. There are 0 tasks remaining in the queue.
2020-04-28 12:22:06,248 [c9c76bfb-65f5-4f90-a2a5-15b56c47d9cd@group-C6B0953323E2-StateMachineUpdater] INFO  impl.StateMachineUpdater (StateMachineUpdater.java:takeSnapshot(274)) - c9c76bfb-65f5-4f90-a2a5-15b56c47d9cd@group-C6B0953323E2-StateMachineUpdater: Took a snapshot at index 0
2020-04-28 12:22:06,248 [c9c76bfb-65f5-4f90-a2a5-15b56c47d9cd@group-C6B0953323E2-StateMachineUpdater] INFO  impl.StateMachineUpdater (StateMachineUpdater.java:lambda$new$0(86)) - c9c76bfb-65f5-4f90-a2a5-15b56c47d9cd@group-C6B0953323E2-StateMachineUpdater: snapshotIndex: updateIncreasingly -1 -> 0
2020-04-28 12:22:06,248 [c9c76bfb-65f5-4f90-a2a5-15b56c47d9cd@group-C6B0953323E2-StateMachineUpdater] INFO  metrics.RatisMetrics (RatisMetrics.java:unregister(46)) - Unregistering Metrics Registry : ratis.state_machine.c9c76bfb-65f5-4f90-a2a5-15b56c47d9cd@group-C6B0953323E2
2020-04-28 12:22:06,249 [ForkJoinPool.commonPool-worker-1] INFO  segmented.SegmentedRaftLogWorker (SegmentedRaftLogWorker.java:close(229)) - d078cf5b-0095-4f51-a018-59ad7f7969b0@group-E86F166FF31A-SegmentedRaftLogWorker close()
2020-04-28 12:22:06,249 [main] INFO  impl.RaftServerImpl (ServerState.java:close(387)) - c9c76bfb-65f5-4f90-a2a5-15b56c47d9cd@group-C6B0953323E2: closes. applyIndex: 0
2020-04-28 12:22:06,251 [ForkJoinPool.commonPool-worker-1] INFO  metrics.RatisMetrics (RatisMetrics.java:unregister(46)) - Unregistering Metrics Registry : ratis.log_worker.d078cf5b-0095-4f51-a018-59ad7f7969b0
2020-04-28 12:22:06,252 [ForkJoinPool.commonPool-worker-1] INFO  metrics.RatisMetrics (RatisMetrics.java:unregister(46)) - Unregistering Metrics Registry : ratis.leader_election.d078cf5b-0095-4f51-a018-59ad7f7969b0@group-E86F166FF31A
2020-04-28 12:22:06,252 [ForkJoinPool.commonPool-worker-1] INFO  metrics.RatisMetrics (RatisMetrics.java:unregister(46)) - Unregistering Metrics Registry : ratis.server.d078cf5b-0095-4f51-a018-59ad7f7969b0@group-E86F166FF31A
2020-04-28 12:22:06,252 [ForkJoinPool.commonPool-worker-1] INFO  server.GrpcService (GrpcService.java:closeImpl(165)) - d078cf5b-0095-4f51-a018-59ad7f7969b0: shutdown server with port 46461 now
2020-04-28 12:22:06,252 [c9c76bfb-65f5-4f90-a2a5-15b56c47d9cd@group-C6B0953323E2-SegmentedRaftLogWorker] INFO  segmented.SegmentedRaftLogWorker (SegmentedRaftLogWorker.java:run(321)) - c9c76bfb-65f5-4f90-a2a5-15b56c47d9cd@group-C6B0953323E2-SegmentedRaftLogWorker was interrupted, exiting. There are 0 tasks remaining in the queue.
2020-04-28 12:22:06,252 [main] INFO  segmented.SegmentedRaftLogWorker (SegmentedRaftLogWorker.java:close(229)) - c9c76bfb-65f5-4f90-a2a5-15b56c47d9cd@group-C6B0953323E2-SegmentedRaftLogWorker close()
2020-04-28 12:22:06,254 [grpc-default-executor-0] WARN  client.GrpcClientProtocolService (LogUtils.java:warn(122)) - 1-UnorderedRequestStreamObserver1: onError: org.apache.ratis.thirdparty.io.grpc.StatusRuntimeException: CANCELLED: cancelled before receiving half close
2020-04-28 12:22:06,254 [ForkJoinPool.commonPool-worker-1] INFO  server.GrpcService (GrpcService.java:closeImpl(173)) - d078cf5b-0095-4f51-a018-59ad7f7969b0: shutdown server with port 46461 successfully
2020-04-28 12:22:06,255 [main] INFO  metrics.RatisMetrics (RatisMetrics.java:unregister(46)) - Unregistering Metrics Registry : ratis.log_worker.c9c76bfb-65f5-4f90-a2a5-15b56c47d9cd
2020-04-28 12:22:06,256 [main] INFO  metrics.RatisMetrics (RatisMetrics.java:unregister(46)) - Unregistering Metrics Registry : ratis.leader_election.c9c76bfb-65f5-4f90-a2a5-15b56c47d9cd@group-C6B0953323E2
2020-04-28 12:22:06,256 [main] INFO  metrics.RatisMetrics (RatisMetrics.java:unregister(46)) - Unregistering Metrics Registry : ratis.server.c9c76bfb-65f5-4f90-a2a5-15b56c47d9cd@group-C6B0953323E2
2020-04-28 12:22:06,256 [main] INFO  server.GrpcService (GrpcService.java:closeImpl(165)) - c9c76bfb-65f5-4f90-a2a5-15b56c47d9cd: shutdown server with port 34825 now
2020-04-28 12:22:06,261 [main] INFO  server.GrpcService (GrpcService.java:closeImpl(173)) - c9c76bfb-65f5-4f90-a2a5-15b56c47d9cd: shutdown server with port 34825 successfully
2020-04-28 12:22:06,278 [ForkJoinPool.commonPool-worker-1] INFO  utils.BackgroundService (BackgroundService.java:shutdown(157)) - Shutting down service BlockDeletingService
2020-04-28 12:22:06,286 [ForkJoinPool.commonPool-worker-1] INFO  statemachine.DatanodeStateMachine (DatanodeStateMachine.java:stopDaemon(424)) - Ozone container server stopped.
2020-04-28 12:22:06,293 [ForkJoinPool.commonPool-worker-1] INFO  handler.ContextHandler (ContextHandler.java:doStop(1016)) - Stopped o.e.j.w.WebAppContext@17fb2ef3{hddsDatanode,/,null,UNAVAILABLE}{jar:file:/home/user/.m2/repository/org/apache/hadoop/hadoop-hdds-container-service/0.6.0-SNAPSHOT/hadoop-hdds-container-service-0.6.0-SNAPSHOT.jar!/webapps/hddsDatanode}
2020-04-28 12:22:06,308 [ForkJoinPool.commonPool-worker-1] INFO  server.AbstractConnector (AbstractConnector.java:doStop(380)) - Stopped ServerConnector@2589475a{HTTP/1.1,[http/1.1]}{0.0.0.0:0}
2020-04-28 12:22:06,309 [ForkJoinPool.commonPool-worker-1] INFO  server.session (HouseKeeper.java:stopScavenging(158)) - node0 Stopped scavenging
2020-04-28 12:22:06,310 [ForkJoinPool.commonPool-worker-1] INFO  handler.ContextHandler (ContextHandler.java:doStop(1016)) - Stopped o.e.j.s.ServletContextHandler@4f2407b0{static,/static,jar:file:/home/user/.m2/repository/org/apache/hadoop/hadoop-hdds-container-service/0.6.0-SNAPSHOT/hadoop-hdds-container-service-0.6.0-SNAPSHOT.jar!/webapps/static,UNAVAILABLE}
2020-04-28 12:22:06,311 [ForkJoinPool.commonPool-worker-1] INFO  handler.ContextHandler (ContextHandler.java:doStop(1016)) - Stopped o.e.j.s.ServletContextHandler@b738f5{logs,/logs,file:///github/workspace/mnt/ozone/hadoop-ozone/integration-test/target/log,UNAVAILABLE}
2020-04-28 12:22:06,313 [main] INFO  utils.BackgroundService (BackgroundService.java:shutdown(157)) - Shutting down service BlockDeletingService
2020-04-28 12:22:06,317 [main] INFO  statemachine.DatanodeStateMachine (DatanodeStateMachine.java:stopDaemon(424)) - Ozone container server stopped.
2020-04-28 12:22:06,318 [main] INFO  handler.ContextHandler (ContextHandler.java:doStop(1016)) - Stopped o.e.j.w.WebAppContext@4950041d{hddsDatanode,/,null,UNAVAILABLE}{jar:file:/home/user/.m2/repository/org/apache/hadoop/hadoop-hdds-container-service/0.6.0-SNAPSHOT/hadoop-hdds-container-service-0.6.0-SNAPSHOT.jar!/webapps/hddsDatanode}
2020-04-28 12:22:06,318 [main] INFO  server.AbstractConnector (AbstractConnector.java:doStop(380)) - Stopped ServerConnector@99d30cb{HTTP/1.1,[http/1.1]}{0.0.0.0:0}
2020-04-28 12:22:06,318 [main] INFO  server.session (HouseKeeper.java:stopScavenging(158)) - node0 Stopped scavenging
2020-04-28 12:22:06,319 [main] INFO  handler.ContextHandler (ContextHandler.java:doStop(1016)) - Stopped o.e.j.s.ServletContextHandler@45261025{static,/static,jar:file:/home/user/.m2/repository/org/apache/hadoop/hadoop-hdds-container-service/0.6.0-SNAPSHOT/hadoop-hdds-container-service-0.6.0-SNAPSHOT.jar!/webapps/static,UNAVAILABLE}
2020-04-28 12:22:06,319 [main] INFO  handler.ContextHandler (ContextHandler.java:doStop(1016)) - Stopped o.e.j.s.ServletContextHandler@1f6253db{logs,/logs,file:///github/workspace/mnt/ozone/hadoop-ozone/integration-test/target/log,UNAVAILABLE}
2020-04-28 12:22:06,574 [Datanode State Machine Thread - 0] INFO  statemachine.DatanodeStateMachine (DatanodeStateMachine.java:lambda$startDaemon$0(376)) - Ozone container server started.
2020-04-28 12:22:11,312 [ForkJoinPool.commonPool-worker-1] INFO  ozoneimpl.OzoneContainer (OzoneContainer.java:stop(246)) - Attempting to stop container services.
2020-04-28 12:22:11,313 [ForkJoinPool.commonPool-worker-1] INFO  impl.RaftServerProxy (RaftServerProxy.java:lambda$close$4(314)) - df2b78d1-cc3c-4a41-b03a-e98be8796946: close
2020-04-28 12:22:11,313 [ForkJoinPool.commonPool-worker-1] INFO  impl.RaftServerImpl (RaftServerImpl.java:lambda$shutdown$3(249)) - df2b78d1-cc3c-4a41-b03a-e98be8796946@group-35F60551025F: shutdown
2020-04-28 12:22:11,313 [ForkJoinPool.commonPool-worker-1] INFO  util.JmxRegister (JmxRegister.java:unregister(73)) - Successfully un-registered JMX Bean with object name Ratis:service=RaftServer,group=group-35F60551025F,id=df2b78d1-cc3c-4a41-b03a-e98be8796946
2020-04-28 12:22:11,314 [ForkJoinPool.commonPool-worker-1] INFO  impl.RoleInfo (RoleInfo.java:shutdownFollowerState(121)) - df2b78d1-cc3c-4a41-b03a-e98be8796946: shutdown FollowerState
2020-04-28 12:22:11,314 [ForkJoinPool.commonPool-worker-1] INFO  impl.StateMachineUpdater (StateMachineUpdater.java:stopAndJoin(139)) - df2b78d1-cc3c-4a41-b03a-e98be8796946@group-35F60551025F-StateMachineUpdater: set stopIndex = 43
2020-04-28 12:22:11,315 [df2b78d1-cc3c-4a41-b03a-e98be8796946@group-35F60551025F-StateMachineUpdater] INFO  ratis.ContainerStateMachine (ContainerStateMachine.java:takeSnapshot(288)) - group-35F60551025F: Taking a snapshot at:(t:1, i:43) file /github/workspace/mnt/ozone/hadoop-ozone/integration-test/target/test-dir/MiniOzoneClusterImpl-41c31dbf-deb7-44be-8446-93e68c8544eb/datanode-2/data/ratis/234fb3ed-6503-49fa-8813-35f60551025f/sm/snapshot.1_43
2020-04-28 12:22:11,314 [Thread-2578] INFO  impl.FollowerState (FollowerState.java:run(117)) - df2b78d1-cc3c-4a41-b03a-e98be8796946@group-35F60551025F-FollowerState was interrupted: java.lang.InterruptedException: sleep interrupted
2020-04-28 12:22:11,319 [df2b78d1-cc3c-4a41-b03a-e98be8796946@group-35F60551025F-StateMachineUpdater] INFO  ratis.ContainerStateMachine (ContainerStateMachine.java:takeSnapshot(299)) - group-35F60551025F: Finished taking a snapshot at:(t:1, i:43) file:/github/workspace/mnt/ozone/hadoop-ozone/integration-test/target/test-dir/MiniOzoneClusterImpl-41c31dbf-deb7-44be-8446-93e68c8544eb/datanode-2/data/ratis/234fb3ed-6503-49fa-8813-35f60551025f/sm/snapshot.1_43 time:4
2020-04-28 12:22:11,319 [df2b78d1-cc3c-4a41-b03a-e98be8796946@group-35F60551025F-StateMachineUpdater] INFO  impl.StateMachineUpdater (StateMachineUpdater.java:takeSnapshot(274)) - df2b78d1-cc3c-4a41-b03a-e98be8796946@group-35F60551025F-StateMachineUpdater: Took a snapshot at index 43
2020-04-28 12:22:11,319 [df2b78d1-cc3c-4a41-b03a-e98be8796946@group-35F60551025F-StateMachineUpdater] INFO  impl.StateMachineUpdater (StateMachineUpdater.java:lambda$new$0(86)) - df2b78d1-cc3c-4a41-b03a-e98be8796946@group-35F60551025F-StateMachineUpdater: snapshotIndex: updateIncreasingly -1 -> 43
2020-04-28 12:22:11,319 [df2b78d1-cc3c-4a41-b03a-e98be8796946@group-35F60551025F-StateMachineUpdater] INFO  metrics.RatisMetrics (RatisMetrics.java:unregister(46)) - Unregistering Metrics Registry : ratis.state_machine.df2b78d1-cc3c-4a41-b03a-e98be8796946@group-35F60551025F
2020-04-28 12:22:11,319 [ForkJoinPool.commonPool-worker-1] INFO  impl.RaftServerImpl (ServerState.java:close(387)) - df2b78d1-cc3c-4a41-b03a-e98be8796946@group-35F60551025F: closes. applyIndex: 43
2020-04-28 12:22:11,320 [df2b78d1-cc3c-4a41-b03a-e98be8796946@group-35F60551025F-SegmentedRaftLogWorker] INFO  segmented.SegmentedRaftLogWorker (SegmentedRaftLogWorker.java:run(321)) - df2b78d1-cc3c-4a41-b03a-e98be8796946@group-35F60551025F-SegmentedRaftLogWorker was interrupted, exiting. There are 0 tasks remaining in the queue.
2020-04-28 12:22:11,320 [ForkJoinPool.commonPool-worker-1] INFO  segmented.SegmentedRaftLogWorker (SegmentedRaftLogWorker.java:close(229)) - df2b78d1-cc3c-4a41-b03a-e98be8796946@group-35F60551025F-SegmentedRaftLogWorker close()
2020-04-28 12:22:11,321 [ForkJoinPool.commonPool-worker-1] INFO  metrics.RatisMetrics (RatisMetrics.java:unregister(46)) - Unregistering Metrics Registry : ratis.log_worker.df2b78d1-cc3c-4a41-b03a-e98be8796946
2020-04-28 12:22:11,321 [ForkJoinPool.commonPool-worker-1] INFO  metrics.RatisMetrics (RatisMetrics.java:unregister(46)) - Unregistering Metrics Registry : ratis.leader_election.df2b78d1-cc3c-4a41-b03a-e98be8796946@group-35F60551025F
2020-04-28 12:22:11,321 [ForkJoinPool.commonPool-worker-1] INFO  metrics.RatisMetrics (RatisMetrics.java:unregister(46)) - Unregistering Metrics Registry : ratis.server.df2b78d1-cc3c-4a41-b03a-e98be8796946@group-35F60551025F
2020-04-28 12:22:11,321 [ForkJoinPool.commonPool-worker-1] INFO  impl.RaftServerImpl (RaftServerImpl.java:lambda$shutdown$3(249)) - df2b78d1-cc3c-4a41-b03a-e98be8796946@group-EF22D3EFB3FE: shutdown
2020-04-28 12:22:11,321 [ForkJoinPool.commonPool-worker-1] INFO  util.JmxRegister (JmxRegister.java:unregister(73)) - Successfully un-registered JMX Bean with object name Ratis:service=RaftServer,group=group-EF22D3EFB3FE,id=df2b78d1-cc3c-4a41-b03a-e98be8796946
2020-04-28 12:22:11,321 [ForkJoinPool.commonPool-worker-1] INFO  impl.RoleInfo (RoleInfo.java:shutdownLeaderState(104)) - df2b78d1-cc3c-4a41-b03a-e98be8796946: shutdown LeaderState
2020-04-28 12:22:11,321 [ForkJoinPool.commonPool-worker-1] INFO  impl.PendingRequests (PendingRequests.java:sendNotLeaderResponses(240)) - df2b78d1-cc3c-4a41-b03a-e98be8796946@group-EF22D3EFB3FE-PendingRequests: sendNotLeaderResponses
2020-04-28 12:22:11,323 [ForkJoinPool.commonPool-worker-1] INFO  metrics.RatisMetrics (RatisMetrics.java:unregister(46)) - Unregistering Metrics Registry : ratis.log_appender.df2b78d1-cc3c-4a41-b03a-e98be8796946@group-EF22D3EFB3FE
2020-04-28 12:22:11,323 [ForkJoinPool.commonPool-worker-1] INFO  impl.StateMachineUpdater (StateMachineUpdater.java:stopAndJoin(139)) - df2b78d1-cc3c-4a41-b03a-e98be8796946@group-EF22D3EFB3FE-StateMachineUpdater: set stopIndex = 0
2020-04-28 12:22:11,323 [df2b78d1-cc3c-4a41-b03a-e98be8796946@group-EF22D3EFB3FE-StateMachineUpdater] INFO  ratis.ContainerStateMachine (ContainerStateMachine.java:takeSnapshot(288)) - group-EF22D3EFB3FE: Taking a snapshot at:(t:1, i:0) file /github/workspace/mnt/ozone/hadoop-ozone/integration-test/target/test-dir/MiniOzoneClusterImpl-41c31dbf-deb7-44be-8446-93e68c8544eb/datanode-2/data/ratis/31cc3b18-eb6b-46d9-a98b-ef22d3efb3fe/sm/snapshot.1_0
2020-04-28 12:22:11,324 [df2b78d1-cc3c-4a41-b03a-e98be8796946@group-EF22D3EFB3FE-StateMachineUpdater] INFO  ratis.ContainerStateMachine (ContainerStateMachine.java:takeSnapshot(299)) - group-EF22D3EFB3FE: Finished taking a snapshot at:(t:1, i:0) file:/github/workspace/mnt/ozone/hadoop-ozone/integration-test/target/test-dir/MiniOzoneClusterImpl-41c31dbf-deb7-44be-8446-93e68c8544eb/datanode-2/data/ratis/31cc3b18-eb6b-46d9-a98b-ef22d3efb3fe/sm/snapshot.1_0 time:0
2020-04-28 12:22:11,324 [df2b78d1-cc3c-4a41-b03a-e98be8796946@group-EF22D3EFB3FE-StateMachineUpdater] INFO  impl.StateMachineUpdater (StateMachineUpdater.java:takeSnapshot(274)) - df2b78d1-cc3c-4a41-b03a-e98be8796946@group-EF22D3EFB3FE-StateMachineUpdater: Took a snapshot at index 0
2020-04-28 12:22:11,324 [df2b78d1-cc3c-4a41-b03a-e98be8796946@group-EF22D3EFB3FE-StateMachineUpdater] INFO  impl.StateMachineUpdater (StateMachineUpdater.java:lambda$new$0(86)) - df2b78d1-cc3c-4a41-b03a-e98be8796946@group-EF22D3EFB3FE-StateMachineUpdater: snapshotIndex: updateIncreasingly -1 -> 0
2020-04-28 12:22:11,324 [df2b78d1-cc3c-4a41-b03a-e98be8796946@group-EF22D3EFB3FE-StateMachineUpdater] INFO  metrics.RatisMetrics (RatisMetrics.java:unregister(46)) - Unregistering Metrics Registry : ratis.state_machine.df2b78d1-cc3c-4a41-b03a-e98be8796946@group-EF22D3EFB3FE
2020-04-28 12:22:11,324 [ForkJoinPool.commonPool-worker-1] INFO  impl.RaftServerImpl (ServerState.java:close(387)) - df2b78d1-cc3c-4a41-b03a-e98be8796946@group-EF22D3EFB3FE: closes. applyIndex: 0
2020-04-28 12:22:11,325 [df2b78d1-cc3c-4a41-b03a-e98be8796946@group-EF22D3EFB3FE-SegmentedRaftLogWorker] INFO  segmented.SegmentedRaftLogWorker (SegmentedRaftLogWorker.java:run(321)) - df2b78d1-cc3c-4a41-b03a-e98be8796946@group-EF22D3EFB3FE-SegmentedRaftLogWorker was interrupted, exiting. There are 0 tasks remaining in the queue.
2020-04-28 12:22:11,325 [ForkJoinPool.commonPool-worker-1] INFO  segmented.SegmentedRaftLogWorker (SegmentedRaftLogWorker.java:close(229)) - df2b78d1-cc3c-4a41-b03a-e98be8796946@group-EF22D3EFB3FE-SegmentedRaftLogWorker close()
2020-04-28 12:22:11,325 [ForkJoinPool.commonPool-worker-1] INFO  metrics.RatisMetrics (RatisMetrics.java:unregister(46)) - Unregistering Metrics Registry : ratis.log_worker.df2b78d1-cc3c-4a41-b03a-e98be8796946
2020-04-28 12:22:11,326 [ForkJoinPool.commonPool-worker-1] INFO  metrics.RatisMetrics (RatisMetrics.java:unregister(46)) - Unregistering Metrics Registry : ratis.leader_election.df2b78d1-cc3c-4a41-b03a-e98be8796946@group-EF22D3EFB3FE
2020-04-28 12:22:11,326 [ForkJoinPool.commonPool-worker-1] INFO  metrics.RatisMetrics (RatisMetrics.java:unregister(46)) - Unregistering Metrics Registry : ratis.server.df2b78d1-cc3c-4a41-b03a-e98be8796946@group-EF22D3EFB3FE
2020-04-28 12:22:11,326 [ForkJoinPool.commonPool-worker-1] INFO  server.GrpcService (GrpcService.java:closeImpl(165)) - df2b78d1-cc3c-4a41-b03a-e98be8796946: shutdown server with port 41223 now
2020-04-28 12:22:11,326 [ForkJoinPool.commonPool-worker-1] INFO  server.GrpcService (GrpcService.java:closeImpl(173)) - df2b78d1-cc3c-4a41-b03a-e98be8796946: shutdown server with port 41223 successfully
2020-04-28 12:22:11,343 [ForkJoinPool.commonPool-worker-1] INFO  utils.BackgroundService (BackgroundService.java:shutdown(157)) - Shutting down service BlockDeletingService
2020-04-28 12:22:11,344 [ForkJoinPool.commonPool-worker-1] INFO  statemachine.DatanodeStateMachine (DatanodeStateMachine.java:stopDaemon(424)) - Ozone container server stopped.
2020-04-28 12:22:11,346 [ForkJoinPool.commonPool-worker-1] INFO  handler.ContextHandler (ContextHandler.java:doStop(1016)) - Stopped o.e.j.w.WebAppContext@46016674{hddsDatanode,/,null,UNAVAILABLE}{jar:file:/home/user/.m2/repository/org/apache/hadoop/hadoop-hdds-container-service/0.6.0-SNAPSHOT/hadoop-hdds-container-service-0.6.0-SNAPSHOT.jar!/webapps/hddsDatanode}
2020-04-28 12:22:11,347 [ForkJoinPool.commonPool-worker-1] INFO  server.AbstractConnector (AbstractConnector.java:doStop(380)) - Stopped ServerConnector@3a8adff3{HTTP/1.1,[http/1.1]}{0.0.0.0:0}
2020-04-28 12:22:11,347 [ForkJoinPool.commonPool-worker-1] INFO  server.session (HouseKeeper.java:stopScavenging(158)) - node0 Stopped scavenging
2020-04-28 12:22:11,348 [ForkJoinPool.commonPool-worker-1] INFO  handler.ContextHandler (ContextHandler.java:doStop(1016)) - Stopped o.e.j.s.ServletContextHandler@4f12773e{static,/static,jar:file:/home/user/.m2/repository/org/apache/hadoop/hadoop-hdds-container-service/0.6.0-SNAPSHOT/hadoop-hdds-container-service-0.6.0-SNAPSHOT.jar!/webapps/static,UNAVAILABLE}
2020-04-28 12:22:11,348 [ForkJoinPool.commonPool-worker-1] INFO  handler.ContextHandler (ContextHandler.java:doStop(1016)) - Stopped o.e.j.s.ServletContextHandler@14382706{logs,/logs,file:///github/workspace/mnt/ozone/hadoop-ozone/integration-test/target/log,UNAVAILABLE}
2020-04-28 12:22:11,349 [main] INFO  ozone.MiniOzoneClusterImpl (MiniOzoneClusterImpl.java:stopSCM(476)) - Stopping the StorageContainerManager
2020-04-28 12:22:11,350 [main] INFO  server.StorageContainerManager (StorageContainerManager.java:stop(824)) - Stopping Replication Manager Service.
2020-04-28 12:22:11,350 [main] INFO  container.ReplicationManager (ReplicationManager.java:stop(206)) - Stopping Replication Monitor Thread.
2020-04-28 12:22:11,350 [main] INFO  server.StorageContainerManager (StorageContainerManager.java:stop(831)) - Stopping Lease Manager of the command watchers
2020-04-28 12:22:11,350 [main] INFO  server.StorageContainerManager (StorageContainerManager.java:stop(838)) - Stopping datanode service RPC server
2020-04-28 12:22:11,350 [CommandWatcher-LeaseManager#LeaseMonitor] ERROR lease.LeaseManager (LeaseManager.java:run(238)) - Execution was interrupted 
java.lang.InterruptedException: sleep interrupted
	at java.lang.Thread.sleep(Native Method)
	at org.apache.hadoop.ozone.lease.LeaseManager$LeaseMonitor.run(LeaseManager.java:234)
	at java.lang.Thread.run(Thread.java:748)
2020-04-28 12:22:11,350 [main] INFO  server.SCMDatanodeProtocolServer (SCMDatanodeProtocolServer.java:stop(361)) - Stopping the RPC server for DataNodes
2020-04-28 12:22:11,350 [main] INFO  ipc.Server (Server.java:stop(3082)) - Stopping server on 41179
2020-04-28 12:22:11,352 [IPC Server Responder] INFO  ipc.Server (Server.java:run(1319)) - Stopping IPC Server Responder
2020-04-28 12:22:11,353 [IPC Server listener on 41179] INFO  ipc.Server (Server.java:run(1185)) - Stopping IPC Server listener on 41179
2020-04-28 12:22:11,386 [SCM Heartbeat Processing Thread - 0] WARN  node.NodeStateManager (NodeStateManager.java:scheduleNextHealthCheck(661)) - Current Thread is interrupted, shutting down HB processing thread for Node Manager.
2020-04-28 12:22:11,386 [main] INFO  server.StorageContainerManager (StorageContainerManager.java:stop(846)) - Stopping block service RPC server
2020-04-28 12:22:11,386 [main] INFO  server.SCMBlockProtocolServer (SCMBlockProtocolServer.java:stop(158)) - Stopping the RPC server for Block Protocol
2020-04-28 12:22:11,386 [main] INFO  ipc.Server (Server.java:stop(3082)) - Stopping server on 35515
2020-04-28 12:22:11,388 [main] INFO  server.StorageContainerManager (StorageContainerManager.java:stop(853)) - Stopping the StorageContainerLocationProtocol RPC server
2020-04-28 12:22:11,388 [IPC Server listener on 35515] INFO  ipc.Server (Server.java:run(1185)) - Stopping IPC Server listener on 35515
2020-04-28 12:22:11,388 [IPC Server Responder] INFO  ipc.Server (Server.java:run(1319)) - Stopping IPC Server Responder
2020-04-28 12:22:11,388 [main] INFO  server.SCMClientProtocolServer (SCMClientProtocolServer.java:stop(166)) - Stopping the RPC server for Client Protocol
2020-04-28 12:22:11,389 [main] INFO  ipc.Server (Server.java:stop(3082)) - Stopping server on 45257
2020-04-28 12:22:11,393 [IPC Server listener on 45257] INFO  ipc.Server (Server.java:run(1185)) - Stopping IPC Server listener on 45257
2020-04-28 12:22:11,394 [IPC Server Responder] INFO  ipc.Server (Server.java:run(1319)) - Stopping IPC Server Responder
2020-04-28 12:22:11,394 [main] INFO  server.StorageContainerManager (StorageContainerManager.java:stop(860)) - Stopping Storage Container Manager HTTP server.
2020-04-28 12:22:11,395 [main] INFO  handler.ContextHandler (ContextHandler.java:doStop(1016)) - Stopped o.e.j.w.WebAppContext@38699e16{scm,/,null,UNAVAILABLE}{file:/github/workspace/mnt/ozone/hadoop-ozone/integration-test/target/test-classes/webapps/scm}
2020-04-28 12:22:11,395 [main] INFO  server.AbstractConnector (AbstractConnector.java:doStop(380)) - Stopped ServerConnector@77f3cf02{HTTP/1.1,[http/1.1]}{0.0.0.0:0}
2020-04-28 12:22:11,395 [main] INFO  server.session (HouseKeeper.java:stopScavenging(158)) - node0 Stopped scavenging
2020-04-28 12:22:11,395 [main] INFO  handler.ContextHandler (ContextHandler.java:doStop(1016)) - Stopped o.e.j.s.ServletContextHandler@414c6492{static,/static,file:///github/workspace/mnt/ozone/hadoop-ozone/integration-test/target/test-classes/webapps/static,UNAVAILABLE}
2020-04-28 12:22:11,396 [main] INFO  handler.ContextHandler (ContextHandler.java:doStop(1016)) - Stopped o.e.j.s.ServletContextHandler@635434e7{logs,/logs,file:///github/workspace/mnt/ozone/hadoop-ozone/integration-test/target/log,UNAVAILABLE}
2020-04-28 12:22:11,397 [main] INFO  server.StorageContainerManager (StorageContainerManager.java:stop(871)) - Stopping Block Manager Service.
2020-04-28 12:22:11,398 [main] INFO  utils.BackgroundService (BackgroundService.java:shutdown(157)) - Shutting down service SCMBlockDeletingService
2020-04-28 12:22:11,398 [main] INFO  utils.BackgroundService (BackgroundService.java:shutdown(157)) - Shutting down service SCMBlockDeletingService
2020-04-28 12:22:11,398 [main] INFO  server.StorageContainerManager (StorageContainerManager.java:stop(896)) - Stopping SCM Event Queue.
2020-04-28 12:22:11,401 [main] INFO  impl.MetricsSystemImpl (MetricsSystemImpl.java:stop(210)) - Stopping HddsDatanode metrics system...
2020-04-28 12:22:11,406 [main] INFO  impl.MetricsSystemImpl (MetricsSystemImpl.java:stop(216)) - HddsDatanode metrics system stopped.
]]></system-out>
  </testcase>
  <testcase name="testOzoneManagerFileSystemInterface[1]" classname="org.apache.hadoop.fs.ozone.TestOzoneFileInterfaces" time="22.922"/>
  <testcase name="testListStatus[1]" classname="org.apache.hadoop.fs.ozone.TestOzoneFileInterfaces" time="23.922"/>
  <testcase name="testDirectory[1]" classname="org.apache.hadoop.fs.ozone.TestOzoneFileInterfaces" time="23.827"/>
  <testcase name="testPathToKey[1]" classname="org.apache.hadoop.fs.ozone.TestOzoneFileInterfaces" time="22.918"/>
  <testcase name="testFileSystemInit[1]" classname="org.apache.hadoop.fs.ozone.TestOzoneFileInterfaces" time="23.823"/>
  <testcase name="testOzFsReadWrite[1]" classname="org.apache.hadoop.fs.ozone.TestOzoneFileInterfaces" time="24.141"/>
  <testcase name="testOzoneManagerLocatedFileStatus[1]" classname="org.apache.hadoop.fs.ozone.TestOzoneFileInterfaces" time="28.048"/>
</testsuite>