<?xml version="1.0" encoding="UTF-8"?>
<testsuite xmlns:xsi="http://www.w3.org/2001/XMLSchema-instance" xsi:noNamespaceSchemaLocation="https://maven.apache.org/surefire/maven-surefire-plugin/xsd/surefire-test-report.xsd" name="org.apache.hadoop.ozone.client.rpc.TestWatchForCommit" time="227.732" tests="4" errors="0" skipped="0" failures="1">
  <properties>
    <property name="awt.toolkit" value="sun.awt.X11.XToolkit"/>
    <property name="file.encoding.pkg" value="sun.io"/>
    <property name="java.specification.version" value="1.8"/>
    <property name="sun.cpu.isalist" value=""/>
    <property name="sun.jnu.encoding" value="UTF-8"/>
    <property name="java.class.path" value="/home/runner/work/ozone/ozone/mnt/ozone/hadoop-ozone/integration-test/target/test-classes:/home/runner/work/ozone/ozone/mnt/ozone/hadoop-ozone/integration-test/target/classes:/home/runner/.m2/repository/org/apache/hadoop/hadoop-ozone-common/1.2.0-SNAPSHOT/hadoop-ozone-common-1.2.0-SNAPSHOT.jar:/home/runner/.m2/repository/org/apache/commons/commons-compress/1.20/commons-compress-1.20.jar:/home/runner/.m2/repository/org/apache/hadoop/hadoop-hdds-common/1.2.0-SNAPSHOT/hadoop-hdds-common-1.2.0-SNAPSHOT.jar:/home/runner/.m2/repository/org/apache/hadoop/hadoop-hdds-client/1.2.0-SNAPSHOT/hadoop-hdds-client-1.2.0-SNAPSHOT.jar:/home/runner/.m2/repository/org/apache/hadoop/hadoop-ozone-interface-client/1.2.0-SNAPSHOT/hadoop-ozone-interface-client-1.2.0-SNAPSHOT.jar:/home/runner/.m2/repository/org/apache/hadoop/hadoop-hdds-test-utils/1.2.0-SNAPSHOT/hadoop-hdds-test-utils-1.2.0-SNAPSHOT.jar:/home/runner/.m2/repository/com/google/guava/guava/30.1.1-jre/guava-30.1.1-jre.jar:/home/runner/.m2/repository/com/google/guava/failureaccess/1.0.1/failureaccess-1.0.1.jar:/home/runner/.m2/repository/com/google/guava/listenablefuture/9999.0-empty-to-avoid-conflict-with-guava/listenablefuture-9999.0-empty-to-avoid-conflict-with-guava.jar:/home/runner/.m2/repository/com/google/code/findbugs/jsr305/3.0.0/jsr305-3.0.0.jar:/home/runner/.m2/repository/org/checkerframework/checker-qual/3.8.0/checker-qual-3.8.0.jar:/home/runner/.m2/repository/com/google/errorprone/error_prone_annotations/2.2.0/error_prone_annotations-2.2.0.jar:/home/runner/.m2/repository/com/google/j2objc/j2objc-annotations/1.3/j2objc-annotations-1.3.jar:/home/runner/.m2/repository/commons-io/commons-io/2.8.0/commons-io-2.8.0.jar:/home/runner/.m2/repository/commons-logging/commons-logging/1.2/commons-logging-1.2.jar:/home/runner/.m2/repository/log4j/log4j/1.2.17/log4j-1.2.17.jar:/home/runner/.m2/repository/org/slf4j/slf4j-api/1.7.30/slf4j-api-1.7.30.jar:/home/runner/.m2/repository/org/apache/hadoop/hadoop-hdds-server-scm/1.2.0-SNAPSHOT/hadoop-hdds-server-scm-1.2.0-SNAPSHOT.jar:/home/runner/.m2/repository/org/apache/hadoop/hadoop-hdds-container-service/1.2.0-SNAPSHOT/hadoop-hdds-container-service-1.2.0-SNAPSHOT.jar:/home/runner/.m2/repository/org/apache/hadoop/hadoop-hdds-hadoop-dependency-server/1.2.0-SNAPSHOT/hadoop-hdds-hadoop-dependency-server-1.2.0-SNAPSHOT.jar:/home/runner/.m2/repository/org/apache/hadoop/hadoop-hdfs/3.2.2/hadoop-hdfs-3.2.2.jar:/home/runner/.m2/repository/org/apache/hadoop/hadoop-hdds-server-framework/1.2.0-SNAPSHOT/hadoop-hdds-server-framework-1.2.0-SNAPSHOT.jar:/home/runner/.m2/repository/org/apache/hadoop/hadoop-hdds-interface-server/1.2.0-SNAPSHOT/hadoop-hdds-interface-server-1.2.0-SNAPSHOT.jar:/home/runner/.m2/repository/org/eclipse/jetty/jetty-servlet/9.4.35.v20201120/jetty-servlet-9.4.35.v20201120.jar:/home/runner/.m2/repository/org/eclipse/jetty/jetty-security/9.4.35.v20201120/jetty-security-9.4.35.v20201120.jar:/home/runner/.m2/repository/org/rocksdb/rocksdbjni/6.20.3/rocksdbjni-6.20.3.jar:/home/runner/.m2/repository/io/prometheus/simpleclient_dropwizard/0.7.0/simpleclient_dropwizard-0.7.0.jar:/home/runner/.m2/repository/io/prometheus/simpleclient/0.7.0/simpleclient-0.7.0.jar:/home/runner/.m2/repository/io/prometheus/simpleclient_common/0.7.0/simpleclient_common-0.7.0.jar:/home/runner/.m2/repository/com/fasterxml/jackson/datatype/jackson-datatype-jsr310/2.12.1/jackson-datatype-jsr310-2.12.1.jar:/home/runner/.m2/repository/io/dropwizard/metrics/metrics-core/3.2.4/metrics-core-3.2.4.jar:/home/runner/.m2/repository/org/apache/hadoop/hadoop-hdfs-client/3.2.2/hadoop-hdfs-client-3.2.2.jar:/home/runner/.m2/repository/org/bouncycastle/bcprov-jdk15on/1.67/bcprov-jdk15on-1.67.jar:/home/runner/.m2/repository/com/google/protobuf/protobuf-java/2.5.0/protobuf-java-2.5.0.jar:/home/runner/.m2/repository/org/apache/hadoop/hadoop-ozone-ozone-manager/1.2.0-SNAPSHOT/hadoop-ozone-ozone-manager-1.2.0-SNAPSHOT.jar:/home/runner/.m2/repository/org/apache/hadoop/hadoop-hdds-interface-client/1.2.0-SNAPSHOT/hadoop-hdds-interface-client-1.2.0-SNAPSHOT.jar:/home/runner/.m2/repository/org/apache/ratis/ratis-thirdparty-misc/0.7.0-a398b19-SNAPSHOT/ratis-thirdparty-misc-0.7.0-a398b19-SNAPSHOT.jar:/home/runner/.m2/repository/org/apache/hadoop/hadoop-ozone-interface-storage/1.2.0-SNAPSHOT/hadoop-ozone-interface-storage-1.2.0-SNAPSHOT.jar:/home/runner/.m2/repository/org/apache/hadoop/hadoop-minikdc/3.2.2/hadoop-minikdc-3.2.2.jar:/home/runner/.m2/repository/org/apache/kerby/kerb-simplekdc/1.0.1/kerb-simplekdc-1.0.1.jar:/home/runner/.m2/repository/org/apache/kerby/kerb-client/1.0.1/kerb-client-1.0.1.jar:/home/runner/.m2/repository/org/apache/kerby/kerby-config/1.0.1/kerby-config-1.0.1.jar:/home/runner/.m2/repository/org/apache/kerby/kerb-core/1.0.1/kerb-core-1.0.1.jar:/home/runner/.m2/repository/org/apache/kerby/kerby-pkix/1.0.1/kerby-pkix-1.0.1.jar:/home/runner/.m2/repository/org/apache/kerby/kerby-asn1/1.0.1/kerby-asn1-1.0.1.jar:/home/runner/.m2/repository/org/apache/kerby/kerby-util/1.0.1/kerby-util-1.0.1.jar:/home/runner/.m2/repository/org/apache/kerby/kerb-common/1.0.1/kerb-common-1.0.1.jar:/home/runner/.m2/repository/org/apache/kerby/kerb-crypto/1.0.1/kerb-crypto-1.0.1.jar:/home/runner/.m2/repository/org/apache/kerby/kerb-util/1.0.1/kerb-util-1.0.1.jar:/home/runner/.m2/repository/org/apache/kerby/token-provider/1.0.1/token-provider-1.0.1.jar:/home/runner/.m2/repository/org/apache/kerby/kerb-admin/1.0.1/kerb-admin-1.0.1.jar:/home/runner/.m2/repository/org/apache/kerby/kerb-server/1.0.1/kerb-server-1.0.1.jar:/home/runner/.m2/repository/org/apache/kerby/kerb-identity/1.0.1/kerb-identity-1.0.1.jar:/home/runner/.m2/repository/org/apache/kerby/kerby-xdr/1.0.1/kerby-xdr-1.0.1.jar:/home/runner/.m2/repository/org/slf4j/slf4j-log4j12/1.7.30/slf4j-log4j12-1.7.30.jar:/home/runner/.m2/repository/org/apache/hadoop/hadoop-ozone-s3gateway/1.2.0-SNAPSHOT/hadoop-ozone-s3gateway-1.2.0-SNAPSHOT.jar:/home/runner/.m2/repository/org/jboss/weld/servlet/weld-servlet/2.4.7.Final/weld-servlet-2.4.7.Final.jar:/home/runner/.m2/repository/org/glassfish/jersey/containers/jersey-container-servlet-core/2.33/jersey-container-servlet-core-2.33.jar:/home/runner/.m2/repository/org/glassfish/hk2/external/jakarta.inject/2.6.1/jakarta.inject-2.6.1.jar:/home/runner/.m2/repository/org/glassfish/jersey/core/jersey-common/2.33/jersey-common-2.33.jar:/home/runner/.m2/repository/jakarta/ws/rs/jakarta.ws.rs-api/2.1.6/jakarta.ws.rs-api-2.1.6.jar:/home/runner/.m2/repository/org/glassfish/jersey/ext/cdi/jersey-cdi1x/2.33/jersey-cdi1x-2.33.jar:/home/runner/.m2/repository/org/glassfish/jersey/inject/jersey-hk2/2.33/jersey-hk2-2.33.jar:/home/runner/.m2/repository/org/glassfish/hk2/hk2-locator/2.6.1/hk2-locator-2.6.1.jar:/home/runner/.m2/repository/org/javassist/javassist/3.25.0-GA/javassist-3.25.0-GA.jar:/home/runner/.m2/repository/org/glassfish/jersey/media/jersey-media-jaxb/2.33/jersey-media-jaxb-2.33.jar:/home/runner/.m2/repository/org/glassfish/hk2/osgi-resource-locator/1.0.3/osgi-resource-locator-1.0.3.jar:/home/runner/.m2/repository/org/glassfish/hk2/hk2-api/2.5.0/hk2-api-2.5.0.jar:/home/runner/.m2/repository/org/glassfish/hk2/hk2-utils/2.5.0/hk2-utils-2.5.0.jar:/home/runner/.m2/repository/org/glassfish/hk2/external/aopalliance-repackaged/2.5.0/aopalliance-repackaged-2.5.0.jar:/home/runner/.m2/repository/com/fasterxml/jackson/dataformat/jackson-dataformat-xml/2.12.1/jackson-dataformat-xml-2.12.1.jar:/home/runner/.m2/repository/com/fasterxml/jackson/core/jackson-core/2.12.1/jackson-core-2.12.1.jar:/home/runner/.m2/repository/com/fasterxml/jackson/module/jackson-module-jaxb-annotations/2.12.1/jackson-module-jaxb-annotations-2.12.1.jar:/home/runner/.m2/repository/jakarta/xml/bind/jakarta.xml.bind-api/2.3.2/jakarta.xml.bind-api-2.3.2.jar:/home/runner/.m2/repository/jakarta/activation/jakarta.activation-api/1.2.1/jakarta.activation-api-1.2.1.jar:/home/runner/.m2/repository/org/codehaus/woodstox/stax2-api/3.1.4/stax2-api-3.1.4.jar:/home/runner/.m2/repository/com/fasterxml/woodstox/woodstox-core/5.0.3/woodstox-core-5.0.3.jar:/home/runner/.m2/repository/javax/enterprise/cdi-api/1.2/cdi-api-1.2.jar:/home/runner/.m2/repository/javax/el/javax.el-api/3.0.0/javax.el-api-3.0.0.jar:/home/runner/.m2/repository/javax/interceptor/javax.interceptor-api/1.2/javax.interceptor-api-1.2.jar:/home/runner/.m2/repository/javax/inject/javax.inject/1/javax.inject-1.jar:/home/runner/.m2/repository/javax/xml/bind/jaxb-api/2.3.0/jaxb-api-2.3.0.jar:/home/runner/.m2/repository/org/glassfish/jaxb/jaxb-runtime/2.3.0.1/jaxb-runtime-2.3.0.1.jar:/home/runner/.m2/repository/org/glassfish/jaxb/jaxb-core/2.3.0.1/jaxb-core-2.3.0.1.jar:/home/runner/.m2/repository/org/glassfish/jaxb/txw2/2.3.0.1/txw2-2.3.0.1.jar:/home/runner/.m2/repository/com/sun/istack/istack-commons-runtime/3.0.5/istack-commons-runtime-3.0.5.jar:/home/runner/.m2/repository/org/jvnet/staxex/stax-ex/1.7.8/stax-ex-1.7.8.jar:/home/runner/.m2/repository/com/sun/xml/fastinfoset/FastInfoset/1.2.13/FastInfoset-1.2.13.jar:/home/runner/.m2/repository/javax/activation/activation/1.1.1/activation-1.1.1.jar:/home/runner/.m2/repository/org/apache/hadoop/hadoop-ozone-csi/1.2.0-SNAPSHOT/hadoop-ozone-csi-1.2.0-SNAPSHOT.jar:/home/runner/.m2/repository/com/google/protobuf/protobuf-java-util/3.12.0/protobuf-java-util-3.12.0.jar:/home/runner/.m2/repository/com/google/code/gson/gson/2.2.4/gson-2.2.4.jar:/home/runner/.m2/repository/org/apache/hadoop/hadoop-hdds-config/1.2.0-SNAPSHOT/hadoop-hdds-config-1.2.0-SNAPSHOT.jar:/home/runner/.m2/repository/io/grpc/grpc-netty/1.33.0/grpc-netty-1.33.0.jar:/home/runner/.m2/repository/io/grpc/grpc-core/1.33.0/grpc-core-1.33.0.jar:/home/runner/.m2/repository/com/google/android/annotations/4.1.1.4/annotations-4.1.1.4.jar:/home/runner/.m2/repository/io/netty/netty-codec-http2/4.1.51.Final/netty-codec-http2-4.1.51.Final.jar:/home/runner/.m2/repository/io/netty/netty-codec-http/4.1.51.Final/netty-codec-http-4.1.51.Final.jar:/home/runner/.m2/repository/io/netty/netty-handler-proxy/4.1.51.Final/netty-handler-proxy-4.1.51.Final.jar:/home/runner/.m2/repository/io/netty/netty-codec-socks/4.1.51.Final/netty-codec-socks-4.1.51.Final.jar:/home/runner/.m2/repository/io/perfmark/perfmark-api/0.19.0/perfmark-api-0.19.0.jar:/home/runner/.m2/repository/org/codehaus/mojo/animal-sniffer-annotations/1.18/animal-sniffer-annotations-1.18.jar:/home/runner/.m2/repository/io/netty/netty-transport-native-epoll/4.1.63.Final/netty-transport-native-epoll-4.1.63.Final.jar:/home/runner/.m2/repository/io/netty/netty-common/4.1.63.Final/netty-common-4.1.63.Final.jar:/home/runner/.m2/repository/io/netty/netty-buffer/4.1.63.Final/netty-buffer-4.1.63.Final.jar:/home/runner/.m2/repository/io/netty/netty-transport-native-unix-common/4.1.63.Final/netty-transport-native-unix-common-4.1.63.Final.jar:/home/runner/.m2/repository/io/grpc/grpc-protobuf/1.33.0/grpc-protobuf-1.33.0.jar:/home/runner/.m2/repository/io/grpc/grpc-api/1.33.0/grpc-api-1.33.0.jar:/home/runner/.m2/repository/io/grpc/grpc-context/1.33.0/grpc-context-1.33.0.jar:/home/runner/.m2/repository/com/google/api/grpc/proto-google-common-protos/1.17.0/proto-google-common-protos-1.17.0.jar:/home/runner/.m2/repository/io/grpc/grpc-protobuf-lite/1.33.0/grpc-protobuf-lite-1.33.0.jar:/home/runner/.m2/repository/io/grpc/grpc-stub/1.33.0/grpc-stub-1.33.0.jar:/home/runner/.m2/repository/org/apache/hadoop/hadoop-ozone-recon/1.2.0-SNAPSHOT/hadoop-ozone-recon-1.2.0-SNAPSHOT.jar:/home/runner/.m2/repository/org/apache/hadoop/hadoop-ozone-reconcodegen/1.2.0-SNAPSHOT/hadoop-ozone-reconcodegen-1.2.0-SNAPSHOT.jar:/home/runner/.m2/repository/com/google/inject/extensions/guice-multibindings/4.0/guice-multibindings-4.0.jar:/home/runner/.m2/repository/com/google/inject/guice/4.0/guice-4.0.jar:/home/runner/.m2/repository/aopalliance/aopalliance/1.0/aopalliance-1.0.jar:/home/runner/.m2/repository/com/google/inject/extensions/guice-assistedinject/4.0/guice-assistedinject-4.0.jar:/home/runner/.m2/repository/com/google/inject/extensions/guice-servlet/4.0/guice-servlet-4.0.jar:/home/runner/.m2/repository/org/glassfish/jersey/containers/jersey-container-servlet/2.33/jersey-container-servlet-2.33.jar:/home/runner/.m2/repository/org/glassfish/hk2/guice-bridge/2.5.0/guice-bridge-2.5.0.jar:/home/runner/.m2/repository/org/glassfish/jersey/core/jersey-server/2.33/jersey-server-2.33.jar:/home/runner/.m2/repository/org/glassfish/jersey/core/jersey-client/2.33/jersey-client-2.33.jar:/home/runner/.m2/repository/jakarta/annotation/jakarta.annotation-api/1.3.5/jakarta.annotation-api-1.3.5.jar:/home/runner/.m2/repository/jakarta/validation/jakarta.validation-api/2.0.2/jakarta.validation-api-2.0.2.jar:/home/runner/.m2/repository/org/glassfish/jersey/media/jersey-media-json-jackson/2.33/jersey-media-json-jackson-2.33.jar:/home/runner/.m2/repository/org/glassfish/jersey/ext/jersey-entity-filtering/2.33/jersey-entity-filtering-2.33.jar:/home/runner/.m2/repository/org/jooq/jooq/3.11.10/jooq-3.11.10.jar:/home/runner/.m2/repository/org/jooq/jooq-meta/3.11.10/jooq-meta-3.11.10.jar:/home/runner/.m2/repository/org/jooq/jooq-codegen/3.11.10/jooq-codegen-3.11.10.jar:/home/runner/.m2/repository/com/jolbox/bonecp/0.8.0.RELEASE/bonecp-0.8.0.RELEASE.jar:/home/runner/.m2/repository/org/apache/derby/derby/10.14.2.0/derby-10.14.2.0.jar:/home/runner/.m2/repository/org/xerial/sqlite-jdbc/3.25.2/sqlite-jdbc-3.25.2.jar:/home/runner/.m2/repository/org/springframework/spring-jdbc/5.2.11.RELEASE/spring-jdbc-5.2.11.RELEASE.jar:/home/runner/.m2/repository/org/springframework/spring-beans/5.2.11.RELEASE/spring-beans-5.2.11.RELEASE.jar:/home/runner/.m2/repository/org/springframework/spring-core/5.2.11.RELEASE/spring-core-5.2.11.RELEASE.jar:/home/runner/.m2/repository/org/springframework/spring-jcl/5.2.11.RELEASE/spring-jcl-5.2.11.RELEASE.jar:/home/runner/.m2/repository/org/springframework/spring-tx/5.2.11.RELEASE/spring-tx-5.2.11.RELEASE.jar:/home/runner/.m2/repository/org/apache/hadoop/hadoop-ozone-client/1.2.0-SNAPSHOT/hadoop-ozone-client-1.2.0-SNAPSHOT.jar:/home/runner/.m2/repository/org/apache/hadoop/hadoop-ozone-filesystem/1.2.0-SNAPSHOT/hadoop-ozone-filesystem-1.2.0-SNAPSHOT.jar:/home/runner/.m2/repository/org/apache/hadoop/hadoop-ozone-filesystem-common/1.2.0-SNAPSHOT/hadoop-ozone-filesystem-common-1.2.0-SNAPSHOT.jar:/home/runner/.m2/repository/org/apache/hadoop/hadoop-ozone-tools/1.2.0-SNAPSHOT/hadoop-ozone-tools-1.2.0-SNAPSHOT.jar:/home/runner/.m2/repository/org/apache/ratis/ratis-tools/2.1.0-ff8aa66-SNAPSHOT/ratis-tools-2.1.0-ff8aa66-SNAPSHOT.jar:/home/runner/.m2/repository/org/apache/ratis/ratis-proto/2.1.0-ff8aa66-SNAPSHOT/ratis-proto-2.1.0-ff8aa66-SNAPSHOT.jar:/home/runner/.m2/repository/org/apache/ratis/ratis-common/2.1.0-ff8aa66-SNAPSHOT/ratis-common-2.1.0-ff8aa66-SNAPSHOT.jar:/home/runner/.m2/repository/com/amazonaws/aws-java-sdk-core/1.11.901/aws-java-sdk-core-1.11.901.jar:/home/runner/.m2/repository/org/apache/httpcomponents/httpclient/4.5.13/httpclient-4.5.13.jar:/home/runner/.m2/repository/org/apache/httpcomponents/httpcore/4.4.13/httpcore-4.4.13.jar:/home/runner/.m2/repository/software/amazon/ion/ion-java/1.0.2/ion-java-1.0.2.jar:/home/runner/.m2/repository/com/fasterxml/jackson/dataformat/jackson-dataformat-cbor/2.12.1/jackson-dataformat-cbor-2.12.1.jar:/home/runner/.m2/repository/joda-time/joda-time/2.8.1/joda-time-2.8.1.jar:/home/runner/.m2/repository/com/amazonaws/aws-java-sdk-s3/1.11.901/aws-java-sdk-s3-1.11.901.jar:/home/runner/.m2/repository/com/amazonaws/aws-java-sdk-kms/1.11.901/aws-java-sdk-kms-1.11.901.jar:/home/runner/.m2/repository/com/amazonaws/jmespath-java/1.11.901/jmespath-java-1.11.901.jar:/home/runner/.m2/repository/org/kohsuke/metainf-services/metainf-services/1.8/metainf-services-1.8.jar:/home/runner/.m2/repository/org/apache/hadoop/hadoop-hdds-tools/1.2.0-SNAPSHOT/hadoop-hdds-tools-1.2.0-SNAPSHOT.jar:/home/runner/.m2/repository/commons-cli/commons-cli/1.2/commons-cli-1.2.jar:/home/runner/.m2/repository/org/apache/commons/commons-lang3/3.7/commons-lang3-3.7.jar:/home/runner/.m2/repository/org/apache/hadoop/hadoop-ozone-ozone-manager/1.2.0-SNAPSHOT/hadoop-ozone-ozone-manager-1.2.0-SNAPSHOT-tests.jar:/home/runner/.m2/repository/org/apache/hadoop/hadoop-hdds-common/1.2.0-SNAPSHOT/hadoop-hdds-common-1.2.0-SNAPSHOT-tests.jar:/home/runner/.m2/repository/org/apache/hadoop/hadoop-hdds-hadoop-dependency-client/1.2.0-SNAPSHOT/hadoop-hdds-hadoop-dependency-client-1.2.0-SNAPSHOT.jar:/home/runner/.m2/repository/info/picocli/picocli/4.4.0/picocli-4.4.0.jar:/home/runner/.m2/repository/com/fasterxml/jackson/core/jackson-annotations/2.12.1/jackson-annotations-2.12.1.jar:/home/runner/.m2/repository/javax/annotation/javax.annotation-api/1.2/javax.annotation-api-1.2.jar:/home/runner/.m2/repository/org/fusesource/leveldbjni/leveldbjni-all/1.8/leveldbjni-all-1.8.jar:/home/runner/.m2/repository/org/apache/ratis/ratis-server/2.1.0-ff8aa66-SNAPSHOT/ratis-server-2.1.0-ff8aa66-SNAPSHOT.jar:/home/runner/.m2/repository/org/apache/ratis/ratis-client/2.1.0-ff8aa66-SNAPSHOT/ratis-client-2.1.0-ff8aa66-SNAPSHOT.jar:/home/runner/.m2/repository/org/apache/ratis/ratis-server-api/2.1.0-ff8aa66-SNAPSHOT/ratis-server-api-2.1.0-ff8aa66-SNAPSHOT.jar:/home/runner/.m2/repository/org/apache/ratis/ratis-metrics/2.1.0-ff8aa66-SNAPSHOT/ratis-metrics-2.1.0-ff8aa66-SNAPSHOT.jar:/home/runner/.m2/repository/org/apache/ratis/ratis-netty/2.1.0-ff8aa66-SNAPSHOT/ratis-netty-2.1.0-ff8aa66-SNAPSHOT.jar:/home/runner/.m2/repository/org/apache/ratis/ratis-grpc/2.1.0-ff8aa66-SNAPSHOT/ratis-grpc-2.1.0-ff8aa66-SNAPSHOT.jar:/home/runner/.m2/repository/org/apache/logging/log4j/log4j-api/2.13.3/log4j-api-2.13.3.jar:/home/runner/.m2/repository/org/apache/logging/log4j/log4j-core/2.13.3/log4j-core-2.13.3.jar:/home/runner/.m2/repository/com/lmax/disruptor/3.4.2/disruptor-3.4.2.jar:/home/runner/.m2/repository/org/apache/commons/commons-pool2/2.6.0/commons-pool2-2.6.0.jar:/home/runner/.m2/repository/org/bouncycastle/bcpkix-jdk15on/1.67/bcpkix-jdk15on-1.67.jar:/home/runner/.m2/repository/commons-validator/commons-validator/1.6/commons-validator-1.6.jar:/home/runner/.m2/repository/commons-beanutils/commons-beanutils/1.9.4/commons-beanutils-1.9.4.jar:/home/runner/.m2/repository/commons-digester/commons-digester/1.8.1/commons-digester-1.8.1.jar:/home/runner/.m2/repository/commons-collections/commons-collections/3.2.2/commons-collections-3.2.2.jar:/home/runner/.m2/repository/io/jaegertracing/jaeger-client/1.6.0/jaeger-client-1.6.0.jar:/home/runner/.m2/repository/io/jaegertracing/jaeger-thrift/1.6.0/jaeger-thrift-1.6.0.jar:/home/runner/.m2/repository/org/apache/thrift/libthrift/0.14.1/libthrift-0.14.1.jar:/home/runner/.m2/repository/com/squareup/okhttp3/okhttp/4.9.0/okhttp-4.9.0.jar:/home/runner/.m2/repository/com/squareup/okio/okio/2.8.0/okio-2.8.0.jar:/home/runner/.m2/repository/io/jaegertracing/jaeger-core/1.6.0/jaeger-core-1.6.0.jar:/home/runner/.m2/repository/io/jaegertracing/jaeger-tracerresolver/1.6.0/jaeger-tracerresolver-1.6.0.jar:/home/runner/.m2/repository/io/opentracing/contrib/opentracing-tracerresolver/0.1.8/opentracing-tracerresolver-0.1.8.jar:/home/runner/.m2/repository/org/jetbrains/kotlin/kotlin-stdlib/1.4.31/kotlin-stdlib-1.4.31.jar:/home/runner/.m2/repository/org/jetbrains/kotlin/kotlin-stdlib-common/1.4.31/kotlin-stdlib-common-1.4.31.jar:/home/runner/.m2/repository/org/jetbrains/annotations/13.0/annotations-13.0.jar:/home/runner/.m2/repository/io/opentracing/opentracing-util/0.33.0/opentracing-util-0.33.0.jar:/home/runner/.m2/repository/io/opentracing/opentracing-api/0.33.0/opentracing-api-0.33.0.jar:/home/runner/.m2/repository/io/opentracing/opentracing-noop/0.33.0/opentracing-noop-0.33.0.jar:/home/runner/.m2/repository/org/yaml/snakeyaml/1.26/snakeyaml-1.26.jar:/home/runner/.m2/repository/org/apache/hadoop/hadoop-hdds-interface-admin/1.2.0-SNAPSHOT/hadoop-hdds-interface-admin-1.2.0-SNAPSHOT.jar:/home/runner/.m2/repository/junit/junit/4.13.1/junit-4.13.1.jar:/home/runner/.m2/repository/org/hamcrest/hamcrest-core/1.3/hamcrest-core-1.3.jar:/home/runner/.m2/repository/org/junit/jupiter/junit-jupiter-api/5.7.0/junit-jupiter-api-5.7.0.jar:/home/runner/.m2/repository/org/apiguardian/apiguardian-api/1.1.0/apiguardian-api-1.1.0.jar:/home/runner/.m2/repository/org/opentest4j/opentest4j/1.2.0/opentest4j-1.2.0.jar:/home/runner/.m2/repository/org/junit/platform/junit-platform-commons/1.7.0/junit-platform-commons-1.7.0.jar:/home/runner/.m2/repository/org/junit/jupiter/junit-jupiter-engine/5.7.0/junit-jupiter-engine-5.7.0.jar:/home/runner/.m2/repository/org/junit/platform/junit-platform-engine/1.7.0/junit-platform-engine-1.7.0.jar:/home/runner/.m2/repository/org/junit/vintage/junit-vintage-engine/5.7.0/junit-vintage-engine-5.7.0.jar:/home/runner/.m2/repository/org/junit/platform/junit-platform-launcher/1.7.0/junit-platform-launcher-1.7.0.jar:/home/runner/.m2/repository/org/openjdk/jmh/jmh-core/1.19/jmh-core-1.19.jar:/home/runner/.m2/repository/net/sf/jopt-simple/jopt-simple/4.6/jopt-simple-4.6.jar:/home/runner/.m2/repository/org/apache/commons/commons-math3/3.1.1/commons-math3-3.1.1.jar:/home/runner/.m2/repository/org/openjdk/jmh/jmh-generator-annprocess/1.19/jmh-generator-annprocess-1.19.jar:/home/runner/.m2/repository/org/mockito/mockito-all/1.8.5/mockito-all-1.8.5.jar:/home/runner/.m2/repository/org/apache/hadoop/hadoop-kms/3.2.2/hadoop-kms-3.2.2.jar:/home/runner/.m2/repository/org/apache/hadoop/hadoop-auth/3.2.2/hadoop-auth-3.2.2.jar:/home/runner/.m2/repository/com/nimbusds/nimbus-jose-jwt/7.9/nimbus-jose-jwt-7.9.jar:/home/runner/.m2/repository/com/github/stephenc/jcip/jcip-annotations/1.0-1/jcip-annotations-1.0-1.jar:/home/runner/.m2/repository/net/minidev/json-smart/2.3/json-smart-2.3.jar:/home/runner/.m2/repository/net/minidev/accessors-smart/1.2/accessors-smart-1.2.jar:/home/runner/.m2/repository/org/ow2/asm/asm/5.0.4/asm-5.0.4.jar:/home/runner/.m2/repository/org/apache/zookeeper/zookeeper/3.4.13/zookeeper-3.4.13.jar:/home/runner/.m2/repository/org/apache/yetus/audience-annotations/0.5.0/audience-annotations-0.5.0.jar:/home/runner/.m2/repository/org/apache/curator/curator-framework/2.13.0/curator-framework-2.13.0.jar:/home/runner/.m2/repository/com/sun/jersey/jersey-core/1.19/jersey-core-1.19.jar:/home/runner/.m2/repository/javax/ws/rs/jsr311-api/1.1.1/jsr311-api-1.1.1.jar:/home/runner/.m2/repository/com/sun/jersey/jersey-server/1.19/jersey-server-1.19.jar:/home/runner/.m2/repository/javax/servlet/javax.servlet-api/3.1.0/javax.servlet-api-3.1.0.jar:/home/runner/.m2/repository/org/eclipse/jetty/jetty-server/9.4.35.v20201120/jetty-server-9.4.35.v20201120.jar:/home/runner/.m2/repository/org/eclipse/jetty/jetty-http/9.4.35.v20201120/jetty-http-9.4.35.v20201120.jar:/home/runner/.m2/repository/org/eclipse/jetty/jetty-io/9.4.35.v20201120/jetty-io-9.4.35.v20201120.jar:/home/runner/.m2/repository/org/eclipse/jetty/jetty-webapp/9.4.35.v20201120/jetty-webapp-9.4.35.v20201120.jar:/home/runner/.m2/repository/org/eclipse/jetty/jetty-xml/9.4.35.v20201120/jetty-xml-9.4.35.v20201120.jar:/home/runner/.m2/repository/org/apache/hadoop/hadoop-common/3.2.2/hadoop-common-3.2.2.jar:/home/runner/.m2/repository/commons-net/commons-net/3.6/commons-net-3.6.jar:/home/runner/.m2/repository/javax/activation/javax.activation-api/1.2.0/javax.activation-api-1.2.0.jar:/home/runner/.m2/repository/com/sun/jersey/jersey-servlet/1.19/jersey-servlet-1.19.jar:/home/runner/.m2/repository/com/sun/jersey/jersey-json/1.19/jersey-json-1.19.jar:/home/runner/.m2/repository/org/codehaus/jettison/jettison/1.1/jettison-1.1.jar:/home/runner/.m2/repository/com/sun/xml/bind/jaxb-impl/2.2.3-1/jaxb-impl-2.2.3-1.jar:/home/runner/.m2/repository/org/codehaus/jackson/jackson-jaxrs/1.9.2/jackson-jaxrs-1.9.2.jar:/home/runner/.m2/repository/org/codehaus/jackson/jackson-xc/1.9.2/jackson-xc-1.9.2.jar:/home/runner/.m2/repository/org/apache/commons/commons-configuration2/2.1.1/commons-configuration2-2.1.1.jar:/home/runner/.m2/repository/org/apache/commons/commons-text/1.4/commons-text-1.4.jar:/home/runner/.m2/repository/com/google/re2j/re2j/1.1/re2j-1.1.jar:/home/runner/.m2/repository/com/jcraft/jsch/0.1.54/jsch-0.1.54.jar:/home/runner/.m2/repository/org/apache/curator/curator-client/2.13.0/curator-client-2.13.0.jar:/home/runner/.m2/repository/org/apache/curator/curator-recipes/2.13.0/curator-recipes-2.13.0.jar:/home/runner/.m2/repository/dnsjava/dnsjava/2.1.7/dnsjava-2.1.7.jar:/home/runner/.m2/repository/org/slf4j/jul-to-slf4j/1.7.30/jul-to-slf4j-1.7.30.jar:/home/runner/.m2/repository/org/eclipse/jetty/jetty-util/9.4.35.v20201120/jetty-util-9.4.35.v20201120.jar:/home/runner/.m2/repository/com/fasterxml/jackson/core/jackson-databind/2.12.1/jackson-databind-2.12.1.jar:/home/runner/.m2/repository/org/apache/hadoop/hadoop-kms/3.2.2/hadoop-kms-3.2.2-tests.jar:/home/runner/.m2/repository/org/apache/hadoop/hadoop-hdds-server-scm/1.2.0-SNAPSHOT/hadoop-hdds-server-scm-1.2.0-SNAPSHOT-tests.jar:/home/runner/.m2/repository/org/apache/hadoop/hadoop-hdds-container-service/1.2.0-SNAPSHOT/hadoop-hdds-container-service-1.2.0-SNAPSHOT-tests.jar:/home/runner/.m2/repository/commons-codec/commons-codec/1.11/commons-codec-1.11.jar:/home/runner/.m2/repository/io/netty/netty-transport/4.1.63.Final/netty-transport-4.1.63.Final.jar:/home/runner/.m2/repository/io/netty/netty-resolver/4.1.63.Final/netty-resolver-4.1.63.Final.jar:/home/runner/.m2/repository/io/netty/netty-codec/4.1.63.Final/netty-codec-4.1.63.Final.jar:/home/runner/.m2/repository/io/netty/netty-handler/4.1.63.Final/netty-handler-4.1.63.Final.jar:/home/runner/.m2/repository/org/apache/hadoop/hadoop-hdds-hadoop-dependency-test/1.2.0-SNAPSHOT/hadoop-hdds-hadoop-dependency-test-1.2.0-SNAPSHOT.jar:/home/runner/.m2/repository/org/apache/hadoop/hadoop-common/3.2.2/hadoop-common-3.2.2-tests.jar:/home/runner/.m2/repository/org/apache/hadoop/hadoop-hdfs/3.2.2/hadoop-hdfs-3.2.2-tests.jar:/home/runner/.m2/repository/org/eclipse/jetty/jetty-util-ajax/9.4.35.v20201120/jetty-util-ajax-9.4.35.v20201120.jar:/home/runner/.m2/repository/commons-daemon/commons-daemon/1.0.13/commons-daemon-1.0.13.jar:/home/runner/.m2/repository/io/netty/netty/3.10.6.Final/netty-3.10.6.Final.jar:/home/runner/.m2/repository/io/netty/netty-all/4.1.63.Final/netty-all-4.1.63.Final.jar:/home/runner/.m2/repository/org/apache/htrace/htrace-core4/4.1.0-incubating/htrace-core4-4.1.0-incubating.jar:/home/runner/.m2/repository/org/apache/hadoop/hadoop-distcp/3.2.2/hadoop-distcp-3.2.2.jar:/home/runner/.m2/repository/org/apache/hadoop/hadoop-mapreduce-client-jobclient/3.2.2/hadoop-mapreduce-client-jobclient-3.2.2.jar:/home/runner/.m2/repository/org/apache/hadoop/hadoop-mapreduce-client-common/3.2.2/hadoop-mapreduce-client-common-3.2.2.jar:/home/runner/.m2/repository/org/apache/hadoop/hadoop-yarn-common/3.2.2/hadoop-yarn-common-3.2.2.jar:/home/runner/.m2/repository/org/apache/hadoop/hadoop-yarn-api/3.2.2/hadoop-yarn-api-3.2.2.jar:/home/runner/.m2/repository/com/sun/jersey/jersey-client/1.19/jersey-client-1.19.jar:/home/runner/.m2/repository/com/sun/jersey/contribs/jersey-guice/1.19/jersey-guice-1.19.jar:/home/runner/.m2/repository/com/fasterxml/jackson/jaxrs/jackson-jaxrs-json-provider/2.12.1/jackson-jaxrs-json-provider-2.12.1.jar:/home/runner/.m2/repository/com/fasterxml/jackson/jaxrs/jackson-jaxrs-base/2.12.1/jackson-jaxrs-base-2.12.1.jar:/home/runner/.m2/repository/org/apache/hadoop/hadoop-yarn-client/3.2.2/hadoop-yarn-client-3.2.2.jar:/home/runner/.m2/repository/org/apache/hadoop/hadoop-mapreduce-client-core/3.2.2/hadoop-mapreduce-client-core-3.2.2.jar:/home/runner/.m2/repository/org/apache/avro/avro/1.7.7/avro-1.7.7.jar:/home/runner/.m2/repository/org/codehaus/jackson/jackson-core-asl/1.9.13/jackson-core-asl-1.9.13.jar:/home/runner/.m2/repository/org/codehaus/jackson/jackson-mapper-asl/1.9.13/jackson-mapper-asl-1.9.13.jar:/home/runner/.m2/repository/com/thoughtworks/paranamer/paranamer/2.3/paranamer-2.3.jar:/home/runner/.m2/repository/org/xerial/snappy/snappy-java/1.0.5/snappy-java-1.0.5.jar:/home/runner/.m2/repository/org/apache/hadoop/hadoop-annotations/3.2.2/hadoop-annotations-3.2.2.jar:/usr/lib/jvm/adoptopenjdk-8-hotspot-amd64/jre/../lib/tools.jar:/home/runner/.m2/repository/org/apache/hadoop/hadoop-distcp/3.2.2/hadoop-distcp-3.2.2-tests.jar:"/>
    <property name="java.vm.vendor" value="AdoptOpenJDK"/>
    <property name="sun.arch.data.model" value="64"/>
    <property name="test.build.dir" value="/home/runner/work/ozone/ozone/mnt/ozone/hadoop-ozone/integration-test/target/test-dir"/>
    <property name="test.cache.data" value=""/>
    <property name="java.vendor.url" value="https://adoptopenjdk.net/"/>
    <property name="user.timezone" value=""/>
    <property name="java.vm.specification.version" value="1.8"/>
    <property name="os.name" value="Linux"/>
    <property name="test.build.data" value="/home/runner/work/ozone/ozone/mnt/ozone/hadoop-ozone/integration-test/target/test-dir"/>
    <property name="sun.java.launcher" value="SUN_STANDARD"/>
    <property name="sun.boot.library.path" value="/usr/lib/jvm/adoptopenjdk-8-hotspot-amd64/jre/lib/amd64"/>
    <property name="sun.java.command" value="/home/runner/work/ozone/ozone/mnt/ozone/hadoop-ozone/integration-test/target/surefire/surefirebooter3606981489257186863.jar /home/runner/work/ozone/ozone/mnt/ozone/hadoop-ozone/integration-test/target/surefire 2021-05-27T14-30-05_133-jvmRun1 surefire2403602002007224046tmp surefire_12970133742398994418tmp"/>
    <property name="surefire.test.class.path" value="/home/runner/work/ozone/ozone/mnt/ozone/hadoop-ozone/integration-test/target/test-classes:/home/runner/work/ozone/ozone/mnt/ozone/hadoop-ozone/integration-test/target/classes:/home/runner/.m2/repository/org/apache/hadoop/hadoop-ozone-common/1.2.0-SNAPSHOT/hadoop-ozone-common-1.2.0-SNAPSHOT.jar:/home/runner/.m2/repository/org/apache/commons/commons-compress/1.20/commons-compress-1.20.jar:/home/runner/.m2/repository/org/apache/hadoop/hadoop-hdds-common/1.2.0-SNAPSHOT/hadoop-hdds-common-1.2.0-SNAPSHOT.jar:/home/runner/.m2/repository/org/apache/hadoop/hadoop-hdds-client/1.2.0-SNAPSHOT/hadoop-hdds-client-1.2.0-SNAPSHOT.jar:/home/runner/.m2/repository/org/apache/hadoop/hadoop-ozone-interface-client/1.2.0-SNAPSHOT/hadoop-ozone-interface-client-1.2.0-SNAPSHOT.jar:/home/runner/.m2/repository/org/apache/hadoop/hadoop-hdds-test-utils/1.2.0-SNAPSHOT/hadoop-hdds-test-utils-1.2.0-SNAPSHOT.jar:/home/runner/.m2/repository/com/google/guava/guava/30.1.1-jre/guava-30.1.1-jre.jar:/home/runner/.m2/repository/com/google/guava/failureaccess/1.0.1/failureaccess-1.0.1.jar:/home/runner/.m2/repository/com/google/guava/listenablefuture/9999.0-empty-to-avoid-conflict-with-guava/listenablefuture-9999.0-empty-to-avoid-conflict-with-guava.jar:/home/runner/.m2/repository/com/google/code/findbugs/jsr305/3.0.0/jsr305-3.0.0.jar:/home/runner/.m2/repository/org/checkerframework/checker-qual/3.8.0/checker-qual-3.8.0.jar:/home/runner/.m2/repository/com/google/errorprone/error_prone_annotations/2.2.0/error_prone_annotations-2.2.0.jar:/home/runner/.m2/repository/com/google/j2objc/j2objc-annotations/1.3/j2objc-annotations-1.3.jar:/home/runner/.m2/repository/commons-io/commons-io/2.8.0/commons-io-2.8.0.jar:/home/runner/.m2/repository/commons-logging/commons-logging/1.2/commons-logging-1.2.jar:/home/runner/.m2/repository/log4j/log4j/1.2.17/log4j-1.2.17.jar:/home/runner/.m2/repository/org/slf4j/slf4j-api/1.7.30/slf4j-api-1.7.30.jar:/home/runner/.m2/repository/org/apache/hadoop/hadoop-hdds-server-scm/1.2.0-SNAPSHOT/hadoop-hdds-server-scm-1.2.0-SNAPSHOT.jar:/home/runner/.m2/repository/org/apache/hadoop/hadoop-hdds-container-service/1.2.0-SNAPSHOT/hadoop-hdds-container-service-1.2.0-SNAPSHOT.jar:/home/runner/.m2/repository/org/apache/hadoop/hadoop-hdds-hadoop-dependency-server/1.2.0-SNAPSHOT/hadoop-hdds-hadoop-dependency-server-1.2.0-SNAPSHOT.jar:/home/runner/.m2/repository/org/apache/hadoop/hadoop-hdfs/3.2.2/hadoop-hdfs-3.2.2.jar:/home/runner/.m2/repository/org/apache/hadoop/hadoop-hdds-server-framework/1.2.0-SNAPSHOT/hadoop-hdds-server-framework-1.2.0-SNAPSHOT.jar:/home/runner/.m2/repository/org/apache/hadoop/hadoop-hdds-interface-server/1.2.0-SNAPSHOT/hadoop-hdds-interface-server-1.2.0-SNAPSHOT.jar:/home/runner/.m2/repository/org/eclipse/jetty/jetty-servlet/9.4.35.v20201120/jetty-servlet-9.4.35.v20201120.jar:/home/runner/.m2/repository/org/eclipse/jetty/jetty-security/9.4.35.v20201120/jetty-security-9.4.35.v20201120.jar:/home/runner/.m2/repository/org/rocksdb/rocksdbjni/6.20.3/rocksdbjni-6.20.3.jar:/home/runner/.m2/repository/io/prometheus/simpleclient_dropwizard/0.7.0/simpleclient_dropwizard-0.7.0.jar:/home/runner/.m2/repository/io/prometheus/simpleclient/0.7.0/simpleclient-0.7.0.jar:/home/runner/.m2/repository/io/prometheus/simpleclient_common/0.7.0/simpleclient_common-0.7.0.jar:/home/runner/.m2/repository/com/fasterxml/jackson/datatype/jackson-datatype-jsr310/2.12.1/jackson-datatype-jsr310-2.12.1.jar:/home/runner/.m2/repository/io/dropwizard/metrics/metrics-core/3.2.4/metrics-core-3.2.4.jar:/home/runner/.m2/repository/org/apache/hadoop/hadoop-hdfs-client/3.2.2/hadoop-hdfs-client-3.2.2.jar:/home/runner/.m2/repository/org/bouncycastle/bcprov-jdk15on/1.67/bcprov-jdk15on-1.67.jar:/home/runner/.m2/repository/com/google/protobuf/protobuf-java/2.5.0/protobuf-java-2.5.0.jar:/home/runner/.m2/repository/org/apache/hadoop/hadoop-ozone-ozone-manager/1.2.0-SNAPSHOT/hadoop-ozone-ozone-manager-1.2.0-SNAPSHOT.jar:/home/runner/.m2/repository/org/apache/hadoop/hadoop-hdds-interface-client/1.2.0-SNAPSHOT/hadoop-hdds-interface-client-1.2.0-SNAPSHOT.jar:/home/runner/.m2/repository/org/apache/ratis/ratis-thirdparty-misc/0.7.0-a398b19-SNAPSHOT/ratis-thirdparty-misc-0.7.0-a398b19-SNAPSHOT.jar:/home/runner/.m2/repository/org/apache/hadoop/hadoop-ozone-interface-storage/1.2.0-SNAPSHOT/hadoop-ozone-interface-storage-1.2.0-SNAPSHOT.jar:/home/runner/.m2/repository/org/apache/hadoop/hadoop-minikdc/3.2.2/hadoop-minikdc-3.2.2.jar:/home/runner/.m2/repository/org/apache/kerby/kerb-simplekdc/1.0.1/kerb-simplekdc-1.0.1.jar:/home/runner/.m2/repository/org/apache/kerby/kerb-client/1.0.1/kerb-client-1.0.1.jar:/home/runner/.m2/repository/org/apache/kerby/kerby-config/1.0.1/kerby-config-1.0.1.jar:/home/runner/.m2/repository/org/apache/kerby/kerb-core/1.0.1/kerb-core-1.0.1.jar:/home/runner/.m2/repository/org/apache/kerby/kerby-pkix/1.0.1/kerby-pkix-1.0.1.jar:/home/runner/.m2/repository/org/apache/kerby/kerby-asn1/1.0.1/kerby-asn1-1.0.1.jar:/home/runner/.m2/repository/org/apache/kerby/kerby-util/1.0.1/kerby-util-1.0.1.jar:/home/runner/.m2/repository/org/apache/kerby/kerb-common/1.0.1/kerb-common-1.0.1.jar:/home/runner/.m2/repository/org/apache/kerby/kerb-crypto/1.0.1/kerb-crypto-1.0.1.jar:/home/runner/.m2/repository/org/apache/kerby/kerb-util/1.0.1/kerb-util-1.0.1.jar:/home/runner/.m2/repository/org/apache/kerby/token-provider/1.0.1/token-provider-1.0.1.jar:/home/runner/.m2/repository/org/apache/kerby/kerb-admin/1.0.1/kerb-admin-1.0.1.jar:/home/runner/.m2/repository/org/apache/kerby/kerb-server/1.0.1/kerb-server-1.0.1.jar:/home/runner/.m2/repository/org/apache/kerby/kerb-identity/1.0.1/kerb-identity-1.0.1.jar:/home/runner/.m2/repository/org/apache/kerby/kerby-xdr/1.0.1/kerby-xdr-1.0.1.jar:/home/runner/.m2/repository/org/slf4j/slf4j-log4j12/1.7.30/slf4j-log4j12-1.7.30.jar:/home/runner/.m2/repository/org/apache/hadoop/hadoop-ozone-s3gateway/1.2.0-SNAPSHOT/hadoop-ozone-s3gateway-1.2.0-SNAPSHOT.jar:/home/runner/.m2/repository/org/jboss/weld/servlet/weld-servlet/2.4.7.Final/weld-servlet-2.4.7.Final.jar:/home/runner/.m2/repository/org/glassfish/jersey/containers/jersey-container-servlet-core/2.33/jersey-container-servlet-core-2.33.jar:/home/runner/.m2/repository/org/glassfish/hk2/external/jakarta.inject/2.6.1/jakarta.inject-2.6.1.jar:/home/runner/.m2/repository/org/glassfish/jersey/core/jersey-common/2.33/jersey-common-2.33.jar:/home/runner/.m2/repository/jakarta/ws/rs/jakarta.ws.rs-api/2.1.6/jakarta.ws.rs-api-2.1.6.jar:/home/runner/.m2/repository/org/glassfish/jersey/ext/cdi/jersey-cdi1x/2.33/jersey-cdi1x-2.33.jar:/home/runner/.m2/repository/org/glassfish/jersey/inject/jersey-hk2/2.33/jersey-hk2-2.33.jar:/home/runner/.m2/repository/org/glassfish/hk2/hk2-locator/2.6.1/hk2-locator-2.6.1.jar:/home/runner/.m2/repository/org/javassist/javassist/3.25.0-GA/javassist-3.25.0-GA.jar:/home/runner/.m2/repository/org/glassfish/jersey/media/jersey-media-jaxb/2.33/jersey-media-jaxb-2.33.jar:/home/runner/.m2/repository/org/glassfish/hk2/osgi-resource-locator/1.0.3/osgi-resource-locator-1.0.3.jar:/home/runner/.m2/repository/org/glassfish/hk2/hk2-api/2.5.0/hk2-api-2.5.0.jar:/home/runner/.m2/repository/org/glassfish/hk2/hk2-utils/2.5.0/hk2-utils-2.5.0.jar:/home/runner/.m2/repository/org/glassfish/hk2/external/aopalliance-repackaged/2.5.0/aopalliance-repackaged-2.5.0.jar:/home/runner/.m2/repository/com/fasterxml/jackson/dataformat/jackson-dataformat-xml/2.12.1/jackson-dataformat-xml-2.12.1.jar:/home/runner/.m2/repository/com/fasterxml/jackson/core/jackson-core/2.12.1/jackson-core-2.12.1.jar:/home/runner/.m2/repository/com/fasterxml/jackson/module/jackson-module-jaxb-annotations/2.12.1/jackson-module-jaxb-annotations-2.12.1.jar:/home/runner/.m2/repository/jakarta/xml/bind/jakarta.xml.bind-api/2.3.2/jakarta.xml.bind-api-2.3.2.jar:/home/runner/.m2/repository/jakarta/activation/jakarta.activation-api/1.2.1/jakarta.activation-api-1.2.1.jar:/home/runner/.m2/repository/org/codehaus/woodstox/stax2-api/3.1.4/stax2-api-3.1.4.jar:/home/runner/.m2/repository/com/fasterxml/woodstox/woodstox-core/5.0.3/woodstox-core-5.0.3.jar:/home/runner/.m2/repository/javax/enterprise/cdi-api/1.2/cdi-api-1.2.jar:/home/runner/.m2/repository/javax/el/javax.el-api/3.0.0/javax.el-api-3.0.0.jar:/home/runner/.m2/repository/javax/interceptor/javax.interceptor-api/1.2/javax.interceptor-api-1.2.jar:/home/runner/.m2/repository/javax/inject/javax.inject/1/javax.inject-1.jar:/home/runner/.m2/repository/javax/xml/bind/jaxb-api/2.3.0/jaxb-api-2.3.0.jar:/home/runner/.m2/repository/org/glassfish/jaxb/jaxb-runtime/2.3.0.1/jaxb-runtime-2.3.0.1.jar:/home/runner/.m2/repository/org/glassfish/jaxb/jaxb-core/2.3.0.1/jaxb-core-2.3.0.1.jar:/home/runner/.m2/repository/org/glassfish/jaxb/txw2/2.3.0.1/txw2-2.3.0.1.jar:/home/runner/.m2/repository/com/sun/istack/istack-commons-runtime/3.0.5/istack-commons-runtime-3.0.5.jar:/home/runner/.m2/repository/org/jvnet/staxex/stax-ex/1.7.8/stax-ex-1.7.8.jar:/home/runner/.m2/repository/com/sun/xml/fastinfoset/FastInfoset/1.2.13/FastInfoset-1.2.13.jar:/home/runner/.m2/repository/javax/activation/activation/1.1.1/activation-1.1.1.jar:/home/runner/.m2/repository/org/apache/hadoop/hadoop-ozone-csi/1.2.0-SNAPSHOT/hadoop-ozone-csi-1.2.0-SNAPSHOT.jar:/home/runner/.m2/repository/com/google/protobuf/protobuf-java-util/3.12.0/protobuf-java-util-3.12.0.jar:/home/runner/.m2/repository/com/google/code/gson/gson/2.2.4/gson-2.2.4.jar:/home/runner/.m2/repository/org/apache/hadoop/hadoop-hdds-config/1.2.0-SNAPSHOT/hadoop-hdds-config-1.2.0-SNAPSHOT.jar:/home/runner/.m2/repository/io/grpc/grpc-netty/1.33.0/grpc-netty-1.33.0.jar:/home/runner/.m2/repository/io/grpc/grpc-core/1.33.0/grpc-core-1.33.0.jar:/home/runner/.m2/repository/com/google/android/annotations/4.1.1.4/annotations-4.1.1.4.jar:/home/runner/.m2/repository/io/netty/netty-codec-http2/4.1.51.Final/netty-codec-http2-4.1.51.Final.jar:/home/runner/.m2/repository/io/netty/netty-codec-http/4.1.51.Final/netty-codec-http-4.1.51.Final.jar:/home/runner/.m2/repository/io/netty/netty-handler-proxy/4.1.51.Final/netty-handler-proxy-4.1.51.Final.jar:/home/runner/.m2/repository/io/netty/netty-codec-socks/4.1.51.Final/netty-codec-socks-4.1.51.Final.jar:/home/runner/.m2/repository/io/perfmark/perfmark-api/0.19.0/perfmark-api-0.19.0.jar:/home/runner/.m2/repository/org/codehaus/mojo/animal-sniffer-annotations/1.18/animal-sniffer-annotations-1.18.jar:/home/runner/.m2/repository/io/netty/netty-transport-native-epoll/4.1.63.Final/netty-transport-native-epoll-4.1.63.Final.jar:/home/runner/.m2/repository/io/netty/netty-common/4.1.63.Final/netty-common-4.1.63.Final.jar:/home/runner/.m2/repository/io/netty/netty-buffer/4.1.63.Final/netty-buffer-4.1.63.Final.jar:/home/runner/.m2/repository/io/netty/netty-transport-native-unix-common/4.1.63.Final/netty-transport-native-unix-common-4.1.63.Final.jar:/home/runner/.m2/repository/io/grpc/grpc-protobuf/1.33.0/grpc-protobuf-1.33.0.jar:/home/runner/.m2/repository/io/grpc/grpc-api/1.33.0/grpc-api-1.33.0.jar:/home/runner/.m2/repository/io/grpc/grpc-context/1.33.0/grpc-context-1.33.0.jar:/home/runner/.m2/repository/com/google/api/grpc/proto-google-common-protos/1.17.0/proto-google-common-protos-1.17.0.jar:/home/runner/.m2/repository/io/grpc/grpc-protobuf-lite/1.33.0/grpc-protobuf-lite-1.33.0.jar:/home/runner/.m2/repository/io/grpc/grpc-stub/1.33.0/grpc-stub-1.33.0.jar:/home/runner/.m2/repository/org/apache/hadoop/hadoop-ozone-recon/1.2.0-SNAPSHOT/hadoop-ozone-recon-1.2.0-SNAPSHOT.jar:/home/runner/.m2/repository/org/apache/hadoop/hadoop-ozone-reconcodegen/1.2.0-SNAPSHOT/hadoop-ozone-reconcodegen-1.2.0-SNAPSHOT.jar:/home/runner/.m2/repository/com/google/inject/extensions/guice-multibindings/4.0/guice-multibindings-4.0.jar:/home/runner/.m2/repository/com/google/inject/guice/4.0/guice-4.0.jar:/home/runner/.m2/repository/aopalliance/aopalliance/1.0/aopalliance-1.0.jar:/home/runner/.m2/repository/com/google/inject/extensions/guice-assistedinject/4.0/guice-assistedinject-4.0.jar:/home/runner/.m2/repository/com/google/inject/extensions/guice-servlet/4.0/guice-servlet-4.0.jar:/home/runner/.m2/repository/org/glassfish/jersey/containers/jersey-container-servlet/2.33/jersey-container-servlet-2.33.jar:/home/runner/.m2/repository/org/glassfish/hk2/guice-bridge/2.5.0/guice-bridge-2.5.0.jar:/home/runner/.m2/repository/org/glassfish/jersey/core/jersey-server/2.33/jersey-server-2.33.jar:/home/runner/.m2/repository/org/glassfish/jersey/core/jersey-client/2.33/jersey-client-2.33.jar:/home/runner/.m2/repository/jakarta/annotation/jakarta.annotation-api/1.3.5/jakarta.annotation-api-1.3.5.jar:/home/runner/.m2/repository/jakarta/validation/jakarta.validation-api/2.0.2/jakarta.validation-api-2.0.2.jar:/home/runner/.m2/repository/org/glassfish/jersey/media/jersey-media-json-jackson/2.33/jersey-media-json-jackson-2.33.jar:/home/runner/.m2/repository/org/glassfish/jersey/ext/jersey-entity-filtering/2.33/jersey-entity-filtering-2.33.jar:/home/runner/.m2/repository/org/jooq/jooq/3.11.10/jooq-3.11.10.jar:/home/runner/.m2/repository/org/jooq/jooq-meta/3.11.10/jooq-meta-3.11.10.jar:/home/runner/.m2/repository/org/jooq/jooq-codegen/3.11.10/jooq-codegen-3.11.10.jar:/home/runner/.m2/repository/com/jolbox/bonecp/0.8.0.RELEASE/bonecp-0.8.0.RELEASE.jar:/home/runner/.m2/repository/org/apache/derby/derby/10.14.2.0/derby-10.14.2.0.jar:/home/runner/.m2/repository/org/xerial/sqlite-jdbc/3.25.2/sqlite-jdbc-3.25.2.jar:/home/runner/.m2/repository/org/springframework/spring-jdbc/5.2.11.RELEASE/spring-jdbc-5.2.11.RELEASE.jar:/home/runner/.m2/repository/org/springframework/spring-beans/5.2.11.RELEASE/spring-beans-5.2.11.RELEASE.jar:/home/runner/.m2/repository/org/springframework/spring-core/5.2.11.RELEASE/spring-core-5.2.11.RELEASE.jar:/home/runner/.m2/repository/org/springframework/spring-jcl/5.2.11.RELEASE/spring-jcl-5.2.11.RELEASE.jar:/home/runner/.m2/repository/org/springframework/spring-tx/5.2.11.RELEASE/spring-tx-5.2.11.RELEASE.jar:/home/runner/.m2/repository/org/apache/hadoop/hadoop-ozone-client/1.2.0-SNAPSHOT/hadoop-ozone-client-1.2.0-SNAPSHOT.jar:/home/runner/.m2/repository/org/apache/hadoop/hadoop-ozone-filesystem/1.2.0-SNAPSHOT/hadoop-ozone-filesystem-1.2.0-SNAPSHOT.jar:/home/runner/.m2/repository/org/apache/hadoop/hadoop-ozone-filesystem-common/1.2.0-SNAPSHOT/hadoop-ozone-filesystem-common-1.2.0-SNAPSHOT.jar:/home/runner/.m2/repository/org/apache/hadoop/hadoop-ozone-tools/1.2.0-SNAPSHOT/hadoop-ozone-tools-1.2.0-SNAPSHOT.jar:/home/runner/.m2/repository/org/apache/ratis/ratis-tools/2.1.0-ff8aa66-SNAPSHOT/ratis-tools-2.1.0-ff8aa66-SNAPSHOT.jar:/home/runner/.m2/repository/org/apache/ratis/ratis-proto/2.1.0-ff8aa66-SNAPSHOT/ratis-proto-2.1.0-ff8aa66-SNAPSHOT.jar:/home/runner/.m2/repository/org/apache/ratis/ratis-common/2.1.0-ff8aa66-SNAPSHOT/ratis-common-2.1.0-ff8aa66-SNAPSHOT.jar:/home/runner/.m2/repository/com/amazonaws/aws-java-sdk-core/1.11.901/aws-java-sdk-core-1.11.901.jar:/home/runner/.m2/repository/org/apache/httpcomponents/httpclient/4.5.13/httpclient-4.5.13.jar:/home/runner/.m2/repository/org/apache/httpcomponents/httpcore/4.4.13/httpcore-4.4.13.jar:/home/runner/.m2/repository/software/amazon/ion/ion-java/1.0.2/ion-java-1.0.2.jar:/home/runner/.m2/repository/com/fasterxml/jackson/dataformat/jackson-dataformat-cbor/2.12.1/jackson-dataformat-cbor-2.12.1.jar:/home/runner/.m2/repository/joda-time/joda-time/2.8.1/joda-time-2.8.1.jar:/home/runner/.m2/repository/com/amazonaws/aws-java-sdk-s3/1.11.901/aws-java-sdk-s3-1.11.901.jar:/home/runner/.m2/repository/com/amazonaws/aws-java-sdk-kms/1.11.901/aws-java-sdk-kms-1.11.901.jar:/home/runner/.m2/repository/com/amazonaws/jmespath-java/1.11.901/jmespath-java-1.11.901.jar:/home/runner/.m2/repository/org/kohsuke/metainf-services/metainf-services/1.8/metainf-services-1.8.jar:/home/runner/.m2/repository/org/apache/hadoop/hadoop-hdds-tools/1.2.0-SNAPSHOT/hadoop-hdds-tools-1.2.0-SNAPSHOT.jar:/home/runner/.m2/repository/commons-cli/commons-cli/1.2/commons-cli-1.2.jar:/home/runner/.m2/repository/org/apache/commons/commons-lang3/3.7/commons-lang3-3.7.jar:/home/runner/.m2/repository/org/apache/hadoop/hadoop-ozone-ozone-manager/1.2.0-SNAPSHOT/hadoop-ozone-ozone-manager-1.2.0-SNAPSHOT-tests.jar:/home/runner/.m2/repository/org/apache/hadoop/hadoop-hdds-common/1.2.0-SNAPSHOT/hadoop-hdds-common-1.2.0-SNAPSHOT-tests.jar:/home/runner/.m2/repository/org/apache/hadoop/hadoop-hdds-hadoop-dependency-client/1.2.0-SNAPSHOT/hadoop-hdds-hadoop-dependency-client-1.2.0-SNAPSHOT.jar:/home/runner/.m2/repository/info/picocli/picocli/4.4.0/picocli-4.4.0.jar:/home/runner/.m2/repository/com/fasterxml/jackson/core/jackson-annotations/2.12.1/jackson-annotations-2.12.1.jar:/home/runner/.m2/repository/javax/annotation/javax.annotation-api/1.2/javax.annotation-api-1.2.jar:/home/runner/.m2/repository/org/fusesource/leveldbjni/leveldbjni-all/1.8/leveldbjni-all-1.8.jar:/home/runner/.m2/repository/org/apache/ratis/ratis-server/2.1.0-ff8aa66-SNAPSHOT/ratis-server-2.1.0-ff8aa66-SNAPSHOT.jar:/home/runner/.m2/repository/org/apache/ratis/ratis-client/2.1.0-ff8aa66-SNAPSHOT/ratis-client-2.1.0-ff8aa66-SNAPSHOT.jar:/home/runner/.m2/repository/org/apache/ratis/ratis-server-api/2.1.0-ff8aa66-SNAPSHOT/ratis-server-api-2.1.0-ff8aa66-SNAPSHOT.jar:/home/runner/.m2/repository/org/apache/ratis/ratis-metrics/2.1.0-ff8aa66-SNAPSHOT/ratis-metrics-2.1.0-ff8aa66-SNAPSHOT.jar:/home/runner/.m2/repository/org/apache/ratis/ratis-netty/2.1.0-ff8aa66-SNAPSHOT/ratis-netty-2.1.0-ff8aa66-SNAPSHOT.jar:/home/runner/.m2/repository/org/apache/ratis/ratis-grpc/2.1.0-ff8aa66-SNAPSHOT/ratis-grpc-2.1.0-ff8aa66-SNAPSHOT.jar:/home/runner/.m2/repository/org/apache/logging/log4j/log4j-api/2.13.3/log4j-api-2.13.3.jar:/home/runner/.m2/repository/org/apache/logging/log4j/log4j-core/2.13.3/log4j-core-2.13.3.jar:/home/runner/.m2/repository/com/lmax/disruptor/3.4.2/disruptor-3.4.2.jar:/home/runner/.m2/repository/org/apache/commons/commons-pool2/2.6.0/commons-pool2-2.6.0.jar:/home/runner/.m2/repository/org/bouncycastle/bcpkix-jdk15on/1.67/bcpkix-jdk15on-1.67.jar:/home/runner/.m2/repository/commons-validator/commons-validator/1.6/commons-validator-1.6.jar:/home/runner/.m2/repository/commons-beanutils/commons-beanutils/1.9.4/commons-beanutils-1.9.4.jar:/home/runner/.m2/repository/commons-digester/commons-digester/1.8.1/commons-digester-1.8.1.jar:/home/runner/.m2/repository/commons-collections/commons-collections/3.2.2/commons-collections-3.2.2.jar:/home/runner/.m2/repository/io/jaegertracing/jaeger-client/1.6.0/jaeger-client-1.6.0.jar:/home/runner/.m2/repository/io/jaegertracing/jaeger-thrift/1.6.0/jaeger-thrift-1.6.0.jar:/home/runner/.m2/repository/org/apache/thrift/libthrift/0.14.1/libthrift-0.14.1.jar:/home/runner/.m2/repository/com/squareup/okhttp3/okhttp/4.9.0/okhttp-4.9.0.jar:/home/runner/.m2/repository/com/squareup/okio/okio/2.8.0/okio-2.8.0.jar:/home/runner/.m2/repository/io/jaegertracing/jaeger-core/1.6.0/jaeger-core-1.6.0.jar:/home/runner/.m2/repository/io/jaegertracing/jaeger-tracerresolver/1.6.0/jaeger-tracerresolver-1.6.0.jar:/home/runner/.m2/repository/io/opentracing/contrib/opentracing-tracerresolver/0.1.8/opentracing-tracerresolver-0.1.8.jar:/home/runner/.m2/repository/org/jetbrains/kotlin/kotlin-stdlib/1.4.31/kotlin-stdlib-1.4.31.jar:/home/runner/.m2/repository/org/jetbrains/kotlin/kotlin-stdlib-common/1.4.31/kotlin-stdlib-common-1.4.31.jar:/home/runner/.m2/repository/org/jetbrains/annotations/13.0/annotations-13.0.jar:/home/runner/.m2/repository/io/opentracing/opentracing-util/0.33.0/opentracing-util-0.33.0.jar:/home/runner/.m2/repository/io/opentracing/opentracing-api/0.33.0/opentracing-api-0.33.0.jar:/home/runner/.m2/repository/io/opentracing/opentracing-noop/0.33.0/opentracing-noop-0.33.0.jar:/home/runner/.m2/repository/org/yaml/snakeyaml/1.26/snakeyaml-1.26.jar:/home/runner/.m2/repository/org/apache/hadoop/hadoop-hdds-interface-admin/1.2.0-SNAPSHOT/hadoop-hdds-interface-admin-1.2.0-SNAPSHOT.jar:/home/runner/.m2/repository/junit/junit/4.13.1/junit-4.13.1.jar:/home/runner/.m2/repository/org/hamcrest/hamcrest-core/1.3/hamcrest-core-1.3.jar:/home/runner/.m2/repository/org/junit/jupiter/junit-jupiter-api/5.7.0/junit-jupiter-api-5.7.0.jar:/home/runner/.m2/repository/org/apiguardian/apiguardian-api/1.1.0/apiguardian-api-1.1.0.jar:/home/runner/.m2/repository/org/opentest4j/opentest4j/1.2.0/opentest4j-1.2.0.jar:/home/runner/.m2/repository/org/junit/platform/junit-platform-commons/1.7.0/junit-platform-commons-1.7.0.jar:/home/runner/.m2/repository/org/junit/jupiter/junit-jupiter-engine/5.7.0/junit-jupiter-engine-5.7.0.jar:/home/runner/.m2/repository/org/junit/platform/junit-platform-engine/1.7.0/junit-platform-engine-1.7.0.jar:/home/runner/.m2/repository/org/junit/vintage/junit-vintage-engine/5.7.0/junit-vintage-engine-5.7.0.jar:/home/runner/.m2/repository/org/junit/platform/junit-platform-launcher/1.7.0/junit-platform-launcher-1.7.0.jar:/home/runner/.m2/repository/org/openjdk/jmh/jmh-core/1.19/jmh-core-1.19.jar:/home/runner/.m2/repository/net/sf/jopt-simple/jopt-simple/4.6/jopt-simple-4.6.jar:/home/runner/.m2/repository/org/apache/commons/commons-math3/3.1.1/commons-math3-3.1.1.jar:/home/runner/.m2/repository/org/openjdk/jmh/jmh-generator-annprocess/1.19/jmh-generator-annprocess-1.19.jar:/home/runner/.m2/repository/org/mockito/mockito-all/1.8.5/mockito-all-1.8.5.jar:/home/runner/.m2/repository/org/apache/hadoop/hadoop-kms/3.2.2/hadoop-kms-3.2.2.jar:/home/runner/.m2/repository/org/apache/hadoop/hadoop-auth/3.2.2/hadoop-auth-3.2.2.jar:/home/runner/.m2/repository/com/nimbusds/nimbus-jose-jwt/7.9/nimbus-jose-jwt-7.9.jar:/home/runner/.m2/repository/com/github/stephenc/jcip/jcip-annotations/1.0-1/jcip-annotations-1.0-1.jar:/home/runner/.m2/repository/net/minidev/json-smart/2.3/json-smart-2.3.jar:/home/runner/.m2/repository/net/minidev/accessors-smart/1.2/accessors-smart-1.2.jar:/home/runner/.m2/repository/org/ow2/asm/asm/5.0.4/asm-5.0.4.jar:/home/runner/.m2/repository/org/apache/zookeeper/zookeeper/3.4.13/zookeeper-3.4.13.jar:/home/runner/.m2/repository/org/apache/yetus/audience-annotations/0.5.0/audience-annotations-0.5.0.jar:/home/runner/.m2/repository/org/apache/curator/curator-framework/2.13.0/curator-framework-2.13.0.jar:/home/runner/.m2/repository/com/sun/jersey/jersey-core/1.19/jersey-core-1.19.jar:/home/runner/.m2/repository/javax/ws/rs/jsr311-api/1.1.1/jsr311-api-1.1.1.jar:/home/runner/.m2/repository/com/sun/jersey/jersey-server/1.19/jersey-server-1.19.jar:/home/runner/.m2/repository/javax/servlet/javax.servlet-api/3.1.0/javax.servlet-api-3.1.0.jar:/home/runner/.m2/repository/org/eclipse/jetty/jetty-server/9.4.35.v20201120/jetty-server-9.4.35.v20201120.jar:/home/runner/.m2/repository/org/eclipse/jetty/jetty-http/9.4.35.v20201120/jetty-http-9.4.35.v20201120.jar:/home/runner/.m2/repository/org/eclipse/jetty/jetty-io/9.4.35.v20201120/jetty-io-9.4.35.v20201120.jar:/home/runner/.m2/repository/org/eclipse/jetty/jetty-webapp/9.4.35.v20201120/jetty-webapp-9.4.35.v20201120.jar:/home/runner/.m2/repository/org/eclipse/jetty/jetty-xml/9.4.35.v20201120/jetty-xml-9.4.35.v20201120.jar:/home/runner/.m2/repository/org/apache/hadoop/hadoop-common/3.2.2/hadoop-common-3.2.2.jar:/home/runner/.m2/repository/commons-net/commons-net/3.6/commons-net-3.6.jar:/home/runner/.m2/repository/javax/activation/javax.activation-api/1.2.0/javax.activation-api-1.2.0.jar:/home/runner/.m2/repository/com/sun/jersey/jersey-servlet/1.19/jersey-servlet-1.19.jar:/home/runner/.m2/repository/com/sun/jersey/jersey-json/1.19/jersey-json-1.19.jar:/home/runner/.m2/repository/org/codehaus/jettison/jettison/1.1/jettison-1.1.jar:/home/runner/.m2/repository/com/sun/xml/bind/jaxb-impl/2.2.3-1/jaxb-impl-2.2.3-1.jar:/home/runner/.m2/repository/org/codehaus/jackson/jackson-jaxrs/1.9.2/jackson-jaxrs-1.9.2.jar:/home/runner/.m2/repository/org/codehaus/jackson/jackson-xc/1.9.2/jackson-xc-1.9.2.jar:/home/runner/.m2/repository/org/apache/commons/commons-configuration2/2.1.1/commons-configuration2-2.1.1.jar:/home/runner/.m2/repository/org/apache/commons/commons-text/1.4/commons-text-1.4.jar:/home/runner/.m2/repository/com/google/re2j/re2j/1.1/re2j-1.1.jar:/home/runner/.m2/repository/com/jcraft/jsch/0.1.54/jsch-0.1.54.jar:/home/runner/.m2/repository/org/apache/curator/curator-client/2.13.0/curator-client-2.13.0.jar:/home/runner/.m2/repository/org/apache/curator/curator-recipes/2.13.0/curator-recipes-2.13.0.jar:/home/runner/.m2/repository/dnsjava/dnsjava/2.1.7/dnsjava-2.1.7.jar:/home/runner/.m2/repository/org/slf4j/jul-to-slf4j/1.7.30/jul-to-slf4j-1.7.30.jar:/home/runner/.m2/repository/org/eclipse/jetty/jetty-util/9.4.35.v20201120/jetty-util-9.4.35.v20201120.jar:/home/runner/.m2/repository/com/fasterxml/jackson/core/jackson-databind/2.12.1/jackson-databind-2.12.1.jar:/home/runner/.m2/repository/org/apache/hadoop/hadoop-kms/3.2.2/hadoop-kms-3.2.2-tests.jar:/home/runner/.m2/repository/org/apache/hadoop/hadoop-hdds-server-scm/1.2.0-SNAPSHOT/hadoop-hdds-server-scm-1.2.0-SNAPSHOT-tests.jar:/home/runner/.m2/repository/org/apache/hadoop/hadoop-hdds-container-service/1.2.0-SNAPSHOT/hadoop-hdds-container-service-1.2.0-SNAPSHOT-tests.jar:/home/runner/.m2/repository/commons-codec/commons-codec/1.11/commons-codec-1.11.jar:/home/runner/.m2/repository/io/netty/netty-transport/4.1.63.Final/netty-transport-4.1.63.Final.jar:/home/runner/.m2/repository/io/netty/netty-resolver/4.1.63.Final/netty-resolver-4.1.63.Final.jar:/home/runner/.m2/repository/io/netty/netty-codec/4.1.63.Final/netty-codec-4.1.63.Final.jar:/home/runner/.m2/repository/io/netty/netty-handler/4.1.63.Final/netty-handler-4.1.63.Final.jar:/home/runner/.m2/repository/org/apache/hadoop/hadoop-hdds-hadoop-dependency-test/1.2.0-SNAPSHOT/hadoop-hdds-hadoop-dependency-test-1.2.0-SNAPSHOT.jar:/home/runner/.m2/repository/org/apache/hadoop/hadoop-common/3.2.2/hadoop-common-3.2.2-tests.jar:/home/runner/.m2/repository/org/apache/hadoop/hadoop-hdfs/3.2.2/hadoop-hdfs-3.2.2-tests.jar:/home/runner/.m2/repository/org/eclipse/jetty/jetty-util-ajax/9.4.35.v20201120/jetty-util-ajax-9.4.35.v20201120.jar:/home/runner/.m2/repository/commons-daemon/commons-daemon/1.0.13/commons-daemon-1.0.13.jar:/home/runner/.m2/repository/io/netty/netty/3.10.6.Final/netty-3.10.6.Final.jar:/home/runner/.m2/repository/io/netty/netty-all/4.1.63.Final/netty-all-4.1.63.Final.jar:/home/runner/.m2/repository/org/apache/htrace/htrace-core4/4.1.0-incubating/htrace-core4-4.1.0-incubating.jar:/home/runner/.m2/repository/org/apache/hadoop/hadoop-distcp/3.2.2/hadoop-distcp-3.2.2.jar:/home/runner/.m2/repository/org/apache/hadoop/hadoop-mapreduce-client-jobclient/3.2.2/hadoop-mapreduce-client-jobclient-3.2.2.jar:/home/runner/.m2/repository/org/apache/hadoop/hadoop-mapreduce-client-common/3.2.2/hadoop-mapreduce-client-common-3.2.2.jar:/home/runner/.m2/repository/org/apache/hadoop/hadoop-yarn-common/3.2.2/hadoop-yarn-common-3.2.2.jar:/home/runner/.m2/repository/org/apache/hadoop/hadoop-yarn-api/3.2.2/hadoop-yarn-api-3.2.2.jar:/home/runner/.m2/repository/com/sun/jersey/jersey-client/1.19/jersey-client-1.19.jar:/home/runner/.m2/repository/com/sun/jersey/contribs/jersey-guice/1.19/jersey-guice-1.19.jar:/home/runner/.m2/repository/com/fasterxml/jackson/jaxrs/jackson-jaxrs-json-provider/2.12.1/jackson-jaxrs-json-provider-2.12.1.jar:/home/runner/.m2/repository/com/fasterxml/jackson/jaxrs/jackson-jaxrs-base/2.12.1/jackson-jaxrs-base-2.12.1.jar:/home/runner/.m2/repository/org/apache/hadoop/hadoop-yarn-client/3.2.2/hadoop-yarn-client-3.2.2.jar:/home/runner/.m2/repository/org/apache/hadoop/hadoop-mapreduce-client-core/3.2.2/hadoop-mapreduce-client-core-3.2.2.jar:/home/runner/.m2/repository/org/apache/avro/avro/1.7.7/avro-1.7.7.jar:/home/runner/.m2/repository/org/codehaus/jackson/jackson-core-asl/1.9.13/jackson-core-asl-1.9.13.jar:/home/runner/.m2/repository/org/codehaus/jackson/jackson-mapper-asl/1.9.13/jackson-mapper-asl-1.9.13.jar:/home/runner/.m2/repository/com/thoughtworks/paranamer/paranamer/2.3/paranamer-2.3.jar:/home/runner/.m2/repository/org/xerial/snappy/snappy-java/1.0.5/snappy-java-1.0.5.jar:/home/runner/.m2/repository/org/apache/hadoop/hadoop-annotations/3.2.2/hadoop-annotations-3.2.2.jar:/usr/lib/jvm/adoptopenjdk-8-hotspot-amd64/jre/../lib/tools.jar:/home/runner/.m2/repository/org/apache/hadoop/hadoop-distcp/3.2.2/hadoop-distcp-3.2.2-tests.jar:"/>
    <property name="sun.cpu.endian" value="little"/>
    <property name="user.home" value="/home/runner"/>
    <property name="user.language" value="en"/>
    <property name="java.specification.vendor" value="Oracle Corporation"/>
    <property name="java.home" value="/usr/lib/jvm/adoptopenjdk-8-hotspot-amd64/jre"/>
    <property name="java.security.krb5.conf" value="/home/runner/work/ozone/ozone/mnt/ozone/hadoop-ozone/integration-test/target/test-classes/krb5.conf"/>
    <property name="basedir" value="/home/runner/work/ozone/ozone/mnt/ozone/hadoop-ozone/integration-test"/>
    <property name="file.separator" value="/"/>
    <property name="line.separator" value="&#10;"/>
    <property name="java.vm.specification.vendor" value="Oracle Corporation"/>
    <property name="java.specification.name" value="Java Platform API Specification"/>
    <property name="java.awt.graphicsenv" value="sun.awt.X11GraphicsEnvironment"/>
    <property name="skip.installnpx" value="true"/>
    <property name="surefire.real.class.path" value="/home/runner/work/ozone/ozone/mnt/ozone/hadoop-ozone/integration-test/target/surefire/surefirebooter3606981489257186863.jar:/home/runner/.m2/repository/org/jacoco/org.jacoco.agent/0.8.5/org.jacoco.agent-0.8.5-runtime.jar"/>
    <property name="hadoop.log.dir" value="/home/runner/work/ozone/ozone/mnt/ozone/hadoop-ozone/integration-test/target/log"/>
    <property name="sun.boot.class.path" value="/usr/lib/jvm/adoptopenjdk-8-hotspot-amd64/jre/lib/resources.jar:/usr/lib/jvm/adoptopenjdk-8-hotspot-amd64/jre/lib/rt.jar:/usr/lib/jvm/adoptopenjdk-8-hotspot-amd64/jre/lib/sunrsasign.jar:/usr/lib/jvm/adoptopenjdk-8-hotspot-amd64/jre/lib/jsse.jar:/usr/lib/jvm/adoptopenjdk-8-hotspot-amd64/jre/lib/jce.jar:/usr/lib/jvm/adoptopenjdk-8-hotspot-amd64/jre/lib/charsets.jar:/usr/lib/jvm/adoptopenjdk-8-hotspot-amd64/jre/lib/jfr.jar:/usr/lib/jvm/adoptopenjdk-8-hotspot-amd64/jre/classes"/>
    <property name="sun.management.compiler" value="HotSpot 64-Bit Tiered Compilers"/>
    <property name="skip.npx" value="true"/>
    <property name="java.runtime.version" value="1.8.0_292-b10"/>
    <property name="java.net.preferIPv4Stack" value="true"/>
    <property name="user.name" value="runner"/>
    <property name="path.separator" value=":"/>
    <property name="java.security.egd" value="file:///dev/urandom"/>
    <property name="os.version" value="5.4.0-1047-azure"/>
    <property name="java.endorsed.dirs" value="/usr/lib/jvm/adoptopenjdk-8-hotspot-amd64/jre/lib/endorsed"/>
    <property name="java.runtime.name" value="OpenJDK Runtime Environment"/>
    <property name="file.encoding" value="UTF-8"/>
    <property name="java.vm.name" value="OpenJDK 64-Bit Server VM"/>
    <property name="test.build.webapps" value=""/>
    <property name="localRepository" value="/home/runner/.m2/repository"/>
    <property name="java.vendor.url.bug" value="https://github.com/AdoptOpenJDK/openjdk-support/issues"/>
    <property name="java.io.tmpdir" value="/tmp"/>
    <property name="require.test.libhadoop" value=""/>
    <property name="java.version" value="1.8.0_292"/>
    <property name="user.dir" value="/home/runner/work/ozone/ozone/mnt/ozone/hadoop-ozone/integration-test"/>
    <property name="os.arch" value="amd64"/>
    <property name="java.vm.specification.name" value="Java Virtual Machine Specification"/>
    <property name="test.build.classes" value="/home/runner/work/ozone/ozone/mnt/ozone/hadoop-ozone/integration-test/target/test-classes"/>
    <property name="java.awt.printerjob" value="sun.print.PSPrinterJob"/>
    <property name="sun.os.patch.level" value="unknown"/>
    <property name="hadoop.tmp.dir" value="/home/runner/work/ozone/ozone/mnt/ozone/hadoop-ozone/integration-test/target/tmp"/>
    <property name="java.library.path" value="/usr/java/packages/lib/amd64:/usr/lib64:/lib64:/lib:/usr/lib"/>
    <property name="java.vm.info" value="mixed mode"/>
    <property name="java.vendor" value="AdoptOpenJDK"/>
    <property name="java.vm.version" value="25.292-b10"/>
    <property name="java.ext.dirs" value="/usr/lib/jvm/adoptopenjdk-8-hotspot-amd64/jre/lib/ext:/usr/java/packages/lib/ext"/>
    <property name="sun.io.unicode.encoding" value="UnicodeLittle"/>
    <property name="java.class.version" value="52.0"/>
  </properties>
  <testcase name="testWatchForCommitWithKeyWrite" classname="org.apache.hadoop.ozone.client.rpc.TestWatchForCommit" time="61.602">
    <failure message="expected:&lt;450&gt; but was:&lt;400&gt;" type="java.lang.AssertionError"><![CDATA[java.lang.AssertionError: expected:<450> but was:<400>
	at org.junit.Assert.fail(Assert.java:89)
	at org.junit.Assert.failNotEquals(Assert.java:835)
	at org.junit.Assert.assertEquals(Assert.java:647)
	at org.junit.Assert.assertEquals(Assert.java:633)
	at org.apache.hadoop.ozone.client.rpc.TestWatchForCommit.testWatchForCommitWithKeyWrite(TestWatchForCommit.java:191)
	at sun.reflect.NativeMethodAccessorImpl.invoke0(Native Method)
	at sun.reflect.NativeMethodAccessorImpl.invoke(NativeMethodAccessorImpl.java:62)
	at sun.reflect.DelegatingMethodAccessorImpl.invoke(DelegatingMethodAccessorImpl.java:43)
	at java.lang.reflect.Method.invoke(Method.java:498)
	at org.junit.runners.model.FrameworkMethod$1.runReflectiveCall(FrameworkMethod.java:59)
	at org.junit.internal.runners.model.ReflectiveCallable.run(ReflectiveCallable.java:12)
	at org.junit.runners.model.FrameworkMethod.invokeExplosively(FrameworkMethod.java:56)
	at org.junit.internal.runners.statements.InvokeMethod.evaluate(InvokeMethod.java:17)
	at org.junit.internal.runners.statements.RunBefores.evaluate(RunBefores.java:26)
	at org.junit.internal.runners.statements.RunAfters.evaluate(RunAfters.java:27)
	at org.junit.runners.ParentRunner$3.evaluate(ParentRunner.java:306)
	at org.junit.runners.BlockJUnit4ClassRunner$1.evaluate(BlockJUnit4ClassRunner.java:100)
	at org.junit.runners.ParentRunner.runLeaf(ParentRunner.java:366)
	at org.junit.runners.BlockJUnit4ClassRunner.runChild(BlockJUnit4ClassRunner.java:103)
	at org.junit.runners.BlockJUnit4ClassRunner.runChild(BlockJUnit4ClassRunner.java:63)
	at org.junit.runners.ParentRunner$4.run(ParentRunner.java:331)
	at org.junit.runners.ParentRunner$1.schedule(ParentRunner.java:79)
	at org.junit.runners.ParentRunner.runChildren(ParentRunner.java:329)
	at org.junit.runners.ParentRunner.access$100(ParentRunner.java:66)
	at org.junit.runners.ParentRunner$2.evaluate(ParentRunner.java:293)
	at org.junit.runners.ParentRunner$3.evaluate(ParentRunner.java:306)
	at org.junit.runners.ParentRunner.run(ParentRunner.java:413)
	at org.junit.runner.JUnitCore.run(JUnitCore.java:137)
	at org.junit.runner.JUnitCore.run(JUnitCore.java:115)
	at org.junit.vintage.engine.execution.RunnerExecutor.execute(RunnerExecutor.java:43)
	at java.util.stream.ForEachOps$ForEachOp$OfRef.accept(ForEachOps.java:183)
	at java.util.stream.ReferencePipeline$3$1.accept(ReferencePipeline.java:193)
	at java.util.Iterator.forEachRemaining(Iterator.java:116)
	at java.util.Spliterators$IteratorSpliterator.forEachRemaining(Spliterators.java:1801)
	at java.util.stream.AbstractPipeline.copyInto(AbstractPipeline.java:482)
	at java.util.stream.AbstractPipeline.wrapAndCopyInto(AbstractPipeline.java:472)
	at java.util.stream.ForEachOps$ForEachOp.evaluateSequential(ForEachOps.java:150)
	at java.util.stream.ForEachOps$ForEachOp$OfRef.evaluateSequential(ForEachOps.java:173)
	at java.util.stream.AbstractPipeline.evaluate(AbstractPipeline.java:234)
	at java.util.stream.ReferencePipeline.forEach(ReferencePipeline.java:485)
	at org.junit.vintage.engine.VintageTestEngine.executeAllChildren(VintageTestEngine.java:82)
	at org.junit.vintage.engine.VintageTestEngine.execute(VintageTestEngine.java:73)
	at org.junit.platform.launcher.core.EngineExecutionOrchestrator.execute(EngineExecutionOrchestrator.java:108)
	at org.junit.platform.launcher.core.EngineExecutionOrchestrator.execute(EngineExecutionOrchestrator.java:88)
	at org.junit.platform.launcher.core.EngineExecutionOrchestrator.lambda$execute$0(EngineExecutionOrchestrator.java:54)
	at org.junit.platform.launcher.core.EngineExecutionOrchestrator.withInterceptedStreams(EngineExecutionOrchestrator.java:67)
	at org.junit.platform.launcher.core.EngineExecutionOrchestrator.execute(EngineExecutionOrchestrator.java:52)
	at org.junit.platform.launcher.core.DefaultLauncher.execute(DefaultLauncher.java:96)
	at org.junit.platform.launcher.core.DefaultLauncher.execute(DefaultLauncher.java:75)
	at org.apache.maven.surefire.junitplatform.JUnitPlatformProvider.invokeAllTests(JUnitPlatformProvider.java:142)
	at org.apache.maven.surefire.junitplatform.JUnitPlatformProvider.invoke(JUnitPlatformProvider.java:113)
	at org.apache.maven.surefire.booter.ForkedBooter.invokeProviderInSameClassLoader(ForkedBooter.java:384)
	at org.apache.maven.surefire.booter.ForkedBooter.runSuitesInProcess(ForkedBooter.java:345)
	at org.apache.maven.surefire.booter.ForkedBooter.execute(ForkedBooter.java:126)
	at org.apache.maven.surefire.booter.ForkedBooter.main(ForkedBooter.java:418)
]]></failure>
    <system-out><![CDATA[2021-05-27 14:48:45,871 [main] WARN  server.ServerUtils (ServerUtils.java:getScmDbDir(148)) - ozone.scm.db.dirs is not configured. We recommend adding this setting. Falling back to ozone.metadata.dirs instead.
2021-05-27 14:48:45,925 [main] INFO  ha.SCMHANodeDetails (SCMHANodeDetails.java:loadSCMHAConfig(149)) - ServiceID for StorageContainerManager is null
2021-05-27 14:48:45,926 [main] INFO  ha.SCMHANodeDetails (SCMHANodeDetails.java:loadSCMHAConfig(154)) - ozone.scm.default.service.id is not defined, falling back to ozone.scm.service.ids to find serviceID for StorageContainerManager if it is HA enabled cluster
2021-05-27 14:48:45,977 [main] WARN  server.ServerUtils (ServerUtils.java:getScmDbDir(148)) - ozone.scm.db.dirs is not configured. We recommend adding this setting. Falling back to ozone.metadata.dirs instead.
2021-05-27 14:48:46,335 [main] WARN  utils.HAUtils (HAUtils.java:getMetaDir(342)) - ozone.scm.db.dirs is not configured. We recommend adding this setting. Falling back to ozone.metadata.dirs instead.
2021-05-27 14:48:46,453 [main] WARN  db.DBStoreBuilder (DBStoreBuilder.java:applyDBDefinition(145)) - ozone.scm.db.dirs is not configured. We recommend adding this setting. Falling back to ozone.metadata.dirs instead.
2021-05-27 14:48:46,611 [main] INFO  net.NodeSchemaLoader (NodeSchemaLoader.java:loadSchemaFromFile(129)) - Loading schema from [jar:file:/home/runner/.m2/repository/org/apache/hadoop/hadoop-hdds-common/1.2.0-SNAPSHOT/hadoop-hdds-common-1.2.0-SNAPSHOT.jar!/network-topology-default.xml, jar:file:/home/runner/.m2/repository/org/apache/hadoop/hadoop-ozone-ozone-manager/1.2.0-SNAPSHOT/hadoop-ozone-ozone-manager-1.2.0-SNAPSHOT-tests.jar!/network-topology-default.xml, jar:file:/home/runner/.m2/repository/org/apache/hadoop/hadoop-hdds-server-scm/1.2.0-SNAPSHOT/hadoop-hdds-server-scm-1.2.0-SNAPSHOT-tests.jar!/network-topology-default.xml]
2021-05-27 14:48:46,612 [main] INFO  net.NodeSchemaLoader (NodeSchemaLoader.java:loadSchema(176)) - Loading network topology layer schema file
2021-05-27 14:48:46,727 [main] INFO  ha.SequenceIdGenerator (SequenceIdGenerator.java:upgradeToSequenceId(300)) - upgrade localId to 107544261427200000
2021-05-27 14:48:46,728 [main] INFO  ha.SequenceIdGenerator (SequenceIdGenerator.java:upgradeToSequenceId(310)) - upgrade delTxnId to 0
2021-05-27 14:48:46,731 [main] INFO  ha.SequenceIdGenerator (SequenceIdGenerator.java:upgradeToSequenceId(324)) - upgrade containerId to 0
2021-05-27 14:48:46,734 [main] INFO  ha.SequenceIdGenerator (SequenceIdGenerator.java:<init>(196)) - Init the HA SequenceIdGenerator.
2021-05-27 14:48:46,776 [main] INFO  node.SCMNodeManager (SCMNodeManager.java:<init>(125)) - Entering startup safe mode.
2021-05-27 14:48:46,866 [main] INFO  algorithms.ContainerPlacementPolicyFactory (ContainerPlacementPolicyFactory.java:getPolicy(60)) - Create container placement policy of type org.apache.hadoop.hdds.scm.container.placement.algorithms.SCMContainerPlacementRandom
2021-05-27 14:48:46,874 [main] INFO  pipeline.PipelineStateManager (PipelineStateManagerV2Impl.java:initialize(78)) - No pipeline exists in current db
2021-05-27 14:48:46,900 [main] INFO  algorithms.LeaderChoosePolicyFactory (LeaderChoosePolicyFactory.java:getPolicy(57)) - Create leader choose policy of type org.apache.hadoop.hdds.scm.pipeline.leader.choose.algorithms.MinLeaderCountChoosePolicy
2021-05-27 14:48:46,906 [main] INFO  ha.SCMServiceManager (SCMServiceManager.java:register(43)) - Registering service BackgroundPipelineCreator.
2021-05-27 14:48:46,906 [main] INFO  pipeline.BackgroundPipelineCreator (BackgroundPipelineCreatorV2.java:start(130)) - Starting RatisPipelineUtilsThread.
2021-05-27 14:48:46,931 [main] INFO  algorithms.PipelineChoosePolicyFactory (PipelineChoosePolicyFactory.java:createPipelineChoosePolicyFromClass(73)) - Create pipeline choose policy of type org.apache.hadoop.hdds.scm.pipeline.choose.algorithms.RandomPipelineChoosePolicy
2021-05-27 14:48:46,945 [main] INFO  ha.SCMServiceManager (SCMServiceManager.java:register(43)) - Registering service SCMBlockDeletingService.
2021-05-27 14:48:46,964 [main] INFO  ha.SCMServiceManager (SCMServiceManager.java:register(43)) - Registering service ReplicationManager.
2021-05-27 14:48:46,969 [main] INFO  container.ReplicationManager (ReplicationManager.java:start(226)) - Starting Replication Monitor Thread.
2021-05-27 14:48:46,980 [ReplicationMonitor] INFO  container.ReplicationManager (ReplicationManager.java:run(290)) - Replication Monitor Thread took 1 milliseconds for processing 0 containers.
2021-05-27 14:48:46,981 [main] INFO  safemode.HealthyPipelineSafeModeRule (HealthyPipelineSafeModeRule.java:<init>(90)) - Total pipeline count is 0, healthy pipeline threshold count is 0
2021-05-27 14:48:46,983 [main] INFO  safemode.OneReplicaPipelineSafeModeRule (OneReplicaPipelineSafeModeRule.java:<init>(86)) - Total pipeline count is 0, pipeline's with at least one datanode reported threshold count is 0
2021-05-27 14:48:47,324 [main] INFO  ipc.CallQueueManager (CallQueueManager.java:<init>(85)) - Using callQueue: class java.util.concurrent.LinkedBlockingQueue, queueCapacity: 2000, scheduler: class org.apache.hadoop.ipc.DefaultRpcScheduler, ipcBackoff: false.
2021-05-27 14:48:47,341 [Socket Reader #1 for port 0] INFO  ipc.Server (Server.java:run(1255)) - Starting Socket Reader #1 for port 0
2021-05-27 14:48:47,376 [Listener at 0.0.0.0/43277] INFO  ipc.CallQueueManager (CallQueueManager.java:<init>(85)) - Using callQueue: class java.util.concurrent.LinkedBlockingQueue, queueCapacity: 2000, scheduler: class org.apache.hadoop.ipc.DefaultRpcScheduler, ipcBackoff: false.
2021-05-27 14:48:47,377 [Socket Reader #1 for port 0] INFO  ipc.Server (Server.java:run(1255)) - Starting Socket Reader #1 for port 0
2021-05-27 14:48:47,396 [Listener at 0.0.0.0/32981] INFO  ipc.CallQueueManager (CallQueueManager.java:<init>(85)) - Using callQueue: class java.util.concurrent.LinkedBlockingQueue, queueCapacity: 2000, scheduler: class org.apache.hadoop.ipc.DefaultRpcScheduler, ipcBackoff: false.
2021-05-27 14:48:47,401 [Socket Reader #1 for port 0] INFO  ipc.Server (Server.java:run(1255)) - Starting Socket Reader #1 for port 0
2021-05-27 14:48:47,409 [Listener at 0.0.0.0/35715] INFO  server.StorageContainerManager (StorageContainerManager.java:<init>(417)) - 
Container Balancer status:
Key                            Value
Running                        true
Container Balancer Configuration values:
Key                            Value
Threshold                      0.1
Max Datanodes to Balance       5
Max Size to Move               10737418240B

2021-05-27 14:48:47,410 [Listener at 0.0.0.0/35715] WARN  events.EventQueue (EventQueue.java:fireEvent(185)) - No event handler registered for event TypedEvent{payloadType=SafeModeStatus, name='Safe mode status'}
2021-05-27 14:48:47,410 [Listener at 0.0.0.0/35715] INFO  ha.SCMContext (SCMContext.java:updateSafeModeStatus(147)) - Update SafeModeStatus from SafeModeStatus{safeModeStatus=true, preCheckPassed=false} to SafeModeStatus{safeModeStatus=true, preCheckPassed=false}.
2021-05-27 14:48:47,417 [Listener at 0.0.0.0/35715] INFO  server.StorageContainerManager (StorageContainerManager.java:start(1200)) - StorageContainerLocationProtocol RPC server is listening at /0.0.0.0:35715
2021-05-27 14:48:47,469 [Listener at 0.0.0.0/35715] WARN  impl.MetricsConfig (MetricsConfig.java:loadFirst(136)) - Cannot locate configuration: tried hadoop-metrics2-storagecontainermanager.properties,hadoop-metrics2.properties
2021-05-27 14:48:47,484 [Listener at 0.0.0.0/35715] INFO  impl.MetricsSystemImpl (MetricsSystemImpl.java:startTimer(378)) - Scheduled Metric snapshot period at 10 second(s).
2021-05-27 14:48:47,484 [Listener at 0.0.0.0/35715] INFO  impl.MetricsSystemImpl (MetricsSystemImpl.java:start(191)) - StorageContainerManager metrics system started
2021-05-27 14:48:47,690 [Listener at 0.0.0.0/35715] INFO  server.SCMClientProtocolServer (SCMClientProtocolServer.java:start(163)) - RPC server for Client  is listening at /0.0.0.0:35715
2021-05-27 14:48:47,691 [IPC Server Responder] INFO  ipc.Server (Server.java:run(1497)) - IPC Server Responder: starting
2021-05-27 14:48:47,697 [IPC Server listener on 0] INFO  ipc.Server (Server.java:run(1334)) - IPC Server listener on 0: starting
2021-05-27 14:48:47,701 [Listener at 0.0.0.0/35715] INFO  server.StorageContainerManager (StorageContainerManager.java:start(1215)) - ScmBlockLocationProtocol RPC server is listening at /0.0.0.0:32981
2021-05-27 14:48:47,701 [Listener at 0.0.0.0/35715] INFO  server.SCMBlockProtocolServer (SCMBlockProtocolServer.java:start(149)) - RPC server for Block Protocol is listening at /0.0.0.0:32981
2021-05-27 14:48:47,704 [IPC Server listener on 0] INFO  ipc.Server (Server.java:run(1334)) - IPC Server listener on 0: starting
2021-05-27 14:48:47,722 [IPC Server Responder] INFO  ipc.Server (Server.java:run(1497)) - IPC Server Responder: starting
2021-05-27 14:48:47,728 [Listener at 0.0.0.0/35715] INFO  server.StorageContainerManager (StorageContainerManager.java:start(1221)) - ScmDatanodeProtocl RPC server is listening at /0.0.0.0:43277
2021-05-27 14:48:47,728 [Listener at 0.0.0.0/35715] INFO  server.SCMDatanodeProtocolServer (SCMDatanodeProtocolServer.java:start(174)) - RPC server for DataNodes is listening at /0.0.0.0:43277
2021-05-27 14:48:47,729 [IPC Server Responder] INFO  ipc.Server (Server.java:run(1497)) - IPC Server Responder: starting
2021-05-27 14:48:47,729 [IPC Server listener on 0] INFO  ipc.Server (Server.java:run(1334)) - IPC Server listener on 0: starting
2021-05-27 14:48:47,742 [org.apache.hadoop.util.JvmPauseMonitor$Monitor@491893f8] INFO  util.JvmPauseMonitor (JvmPauseMonitor.java:run(188)) - Starting JVM pause monitor
2021-05-27 14:48:47,763 [Listener at 0.0.0.0/35715] INFO  http.BaseHttpServer (BaseHttpServer.java:newHttpServer2BuilderForOzone(209)) - Starting Web-server for scm at: http://0.0.0.0:0
2021-05-27 14:48:47,763 [Listener at 0.0.0.0/35715] INFO  http.BaseHttpServer (BaseHttpServer.java:<init>(107)) - Hadoop Security Enabled: false Ozone Security Enabled: false Ozone HTTP Security Enabled: false 
2021-05-27 14:48:47,788 [Listener at 0.0.0.0/35715] INFO  util.log (Log.java:initialized(169)) - Logging initialized @3111ms to org.eclipse.jetty.util.log.Slf4jLog
2021-05-27 14:48:47,890 [Listener at 0.0.0.0/35715] INFO  server.AuthenticationFilter (AuthenticationFilter.java:constructSecretProvider(240)) - Unable to initialize FileSignerSecretProvider, falling back to use random secrets.
2021-05-27 14:48:47,894 [Listener at 0.0.0.0/35715] WARN  http.HttpRequestLog (HttpRequestLog.java:getRequestLog(103)) - Jetty request log can only be enabled using Log4j
2021-05-27 14:48:47,899 [Listener at 0.0.0.0/35715] INFO  http.HttpServer2 (HttpServer2.java:addGlobalFilter(1020)) - Added global filter 'safety' (class=org.apache.hadoop.hdds.server.http.HttpServer2$QuotingInputFilter)
2021-05-27 14:48:47,902 [Listener at 0.0.0.0/35715] INFO  http.HttpServer2 (HttpServer2.java:addFilter(996)) - Added filter static_user_filter (class=org.apache.hadoop.http.lib.StaticUserWebFilter$StaticUserFilter) to context scm
2021-05-27 14:48:47,903 [Listener at 0.0.0.0/35715] INFO  http.HttpServer2 (HttpServer2.java:addFilter(1004)) - Added filter static_user_filter (class=org.apache.hadoop.http.lib.StaticUserWebFilter$StaticUserFilter) to context logs
2021-05-27 14:48:47,903 [Listener at 0.0.0.0/35715] INFO  http.HttpServer2 (HttpServer2.java:addFilter(1004)) - Added filter static_user_filter (class=org.apache.hadoop.http.lib.StaticUserWebFilter$StaticUserFilter) to context static
2021-05-27 14:48:48,008 [Listener at 0.0.0.0/35715] INFO  http.HttpServer2 (HttpServer2.java:bindListener(1238)) - Jetty bound to port 41551
2021-05-27 14:48:48,009 [Listener at 0.0.0.0/35715] INFO  server.Server (Server.java:doStart(375)) - jetty-9.4.35.v20201120; built: 2020-11-20T21:17:03.964Z; git: bdc54f03a5e0a7e280fab27f55c3c75ee8da89fb; jvm 1.8.0_292-b10
2021-05-27 14:48:48,035 [Listener at 0.0.0.0/35715] INFO  server.session (DefaultSessionIdManager.java:doStart(334)) - DefaultSessionIdManager workerName=node0
2021-05-27 14:48:48,036 [Listener at 0.0.0.0/35715] INFO  server.session (DefaultSessionIdManager.java:doStart(339)) - No SessionScavenger set, using defaults
2021-05-27 14:48:48,037 [Listener at 0.0.0.0/35715] INFO  server.session (HouseKeeper.java:startScavenging(132)) - node0 Scavenging every 600000ms
2021-05-27 14:48:48,048 [Listener at 0.0.0.0/35715] INFO  handler.ContextHandler (ContextHandler.java:doStart(916)) - Started o.e.j.s.ServletContextHandler@2b2b7e3c{logs,/logs,file:///home/runner/work/ozone/ozone/mnt/ozone/hadoop-ozone/integration-test/target/log,AVAILABLE}
2021-05-27 14:48:48,049 [Listener at 0.0.0.0/35715] INFO  handler.ContextHandler (ContextHandler.java:doStart(916)) - Started o.e.j.s.ServletContextHandler@429f0ca8{static,/static,file:///home/runner/work/ozone/ozone/mnt/ozone/hadoop-ozone/integration-test/target/test-classes/webapps/static,AVAILABLE}
2021-05-27 14:48:48,084 [Listener at 0.0.0.0/35715] INFO  handler.ContextHandler (ContextHandler.java:doStart(916)) - Started o.e.j.w.WebAppContext@76fc5687{scm,/,file:///home/runner/work/ozone/ozone/mnt/ozone/hadoop-ozone/integration-test/target/test-classes/webapps/scm/,AVAILABLE}{file:/home/runner/work/ozone/ozone/mnt/ozone/hadoop-ozone/integration-test/target/test-classes/webapps/scm}
2021-05-27 14:48:48,092 [Listener at 0.0.0.0/35715] INFO  server.AbstractConnector (AbstractConnector.java:doStart(331)) - Started ServerConnector@79c4f23b{HTTP/1.1, (http/1.1)}{0.0.0.0:41551}
2021-05-27 14:48:48,092 [Listener at 0.0.0.0/35715] INFO  server.Server (Server.java:doStart(415)) - Started @3416ms
2021-05-27 14:48:48,094 [Listener at 0.0.0.0/35715] INFO  impl.MetricsSinkAdapter (MetricsSinkAdapter.java:start(204)) - Sink prometheus started
2021-05-27 14:48:48,094 [Listener at 0.0.0.0/35715] INFO  impl.MetricsSystemImpl (MetricsSystemImpl.java:registerSink(305)) - Registered sink prometheus
2021-05-27 14:48:48,095 [Listener at 0.0.0.0/35715] INFO  http.BaseHttpServer (BaseHttpServer.java:updateConnectorAddress(329)) - HTTP server of scm listening at http://0.0.0.0:41551
2021-05-27 14:48:48,096 [Listener at 0.0.0.0/35715] WARN  server.ServerUtils (ServerUtils.java:getDBPath(225)) - ozone.om.db.dirs is not configured. We recommend adding this setting. Falling back to ozone.metadata.dirs instead.
2021-05-27 14:48:48,183 [Listener at 0.0.0.0/35715] INFO  ha.OMHANodeDetails (OMHANodeDetails.java:loadOMHAConfig(105)) - ozone.om.internal.service.id is not defined, falling back to ozone.om.service.ids to find serviceID for OzoneManager if it is HA enabled cluster
2021-05-27 14:48:48,186 [Listener at 0.0.0.0/35715] INFO  ha.OMHANodeDetails (OMHANodeDetails.java:loadOMHAConfig(212)) - Configuration does not have ozone.om.address set. Falling back to the default OM address /127.0.0.1:0
2021-05-27 14:48:48,186 [Listener at 0.0.0.0/35715] INFO  ha.OMHANodeDetails (OMHANodeDetails.java:getOMNodeDetails(240)) - OM Service ID is not set. Setting it to the default ID: omServiceIdDefault
2021-05-27 14:48:48,186 [Listener at 0.0.0.0/35715] INFO  ha.OMHANodeDetails (OMHANodeDetails.java:getOMNodeDetails(247)) - OM Node ID is not set. Setting it to the default ID: om1
2021-05-27 14:48:48,188 [Listener at 0.0.0.0/35715] WARN  server.ServerUtils (ServerUtils.java:getDBPath(225)) - ozone.om.db.dirs is not configured. We recommend adding this setting. Falling back to ozone.metadata.dirs instead.
2021-05-27 14:48:48,189 [Listener at 0.0.0.0/35715] WARN  server.ServerUtils (ServerUtils.java:getDBPath(225)) - ozone.om.db.dirs is not configured. We recommend adding this setting. Falling back to ozone.metadata.dirs instead.
2021-05-27 14:48:48,511 [Listener at 0.0.0.0/35715] WARN  server.ServerUtils (ServerUtils.java:getDBPath(225)) - ozone.om.db.dirs is not configured. We recommend adding this setting. Falling back to ozone.metadata.dirs instead.
2021-05-27 14:48:48,520 [Listener at 0.0.0.0/35715] INFO  codec.OmKeyInfoCodec (OmKeyInfoCodec.java:<init>(43)) - OmKeyInfoCodec ignorePipeline = true
2021-05-27 14:48:48,521 [Listener at 0.0.0.0/35715] INFO  codec.RepeatedOmKeyInfoCodec (RepeatedOmKeyInfoCodec.java:<init>(42)) - RepeatedOmKeyInfoCodec ignorePipeline = true
2021-05-27 14:48:48,648 [Listener at 0.0.0.0/35715] INFO  om.OzoneManager (OzoneManager.java:addS3GVolumeToDB(3765)) - Created Volume s3v With Owner runner required for S3Gateway operations.
2021-05-27 14:48:48,653 [Listener at 0.0.0.0/35715] WARN  server.ServerUtils (ServerUtils.java:getDefaultRatisDirectory(237)) - Storage directory for Ratis is not configured. It is a good idea to map this to an SSD disk. Falling back to ozone.metadata.dirs
2021-05-27 14:48:48,653 [Listener at 0.0.0.0/35715] WARN  ratis.OzoneManagerRatisServer (OzoneManagerRatisServer.java:getOMRatisSnapshotDirectory(634)) - ozone.om.ratis.snapshot.dir is not configured. Falling back to ozone.metadata.dirs config
2021-05-27 14:48:48,660 [Listener at 0.0.0.0/35715] INFO  metrics.MetricRegistries (MetricRegistriesLoader.java:load(64)) - Loaded MetricRegistries class org.apache.ratis.metrics.impl.MetricRegistriesImpl
2021-05-27 14:48:48,687 [Listener at 0.0.0.0/35715] WARN  server.ServerUtils (ServerUtils.java:getDefaultRatisDirectory(237)) - Storage directory for Ratis is not configured. It is a good idea to map this to an SSD disk. Falling back to ozone.metadata.dirs
2021-05-27 14:48:48,711 [Listener at 0.0.0.0/35715] INFO  ratis.OzoneManagerRatisServer (OzoneManagerRatisServer.java:<init>(288)) - Instantiating OM Ratis server with GroupID: omServiceIdDefault and Raft Peers: localhost:9872
2021-05-27 14:48:48,721 [Listener at 0.0.0.0/35715] INFO  ratis.OzoneManagerStateMachine (OzoneManagerStateMachine.java:loadSnapshotInfoFromDB(520)) - LastAppliedIndex is set from TransactionInfo from OM DB as (t:0, i:~)
2021-05-27 14:48:48,749 [Listener at 0.0.0.0/35715] INFO  server.RaftServer (ConfUtils.java:logGet(44)) - raft.rpc.type = GRPC (default)
2021-05-27 14:48:48,804 [Listener at 0.0.0.0/35715] INFO  grpc.GrpcFactory (GrpcFactory.java:checkPooledByteBufAllocatorUseCacheForAllThreads(48)) - PERFORMANCE WARNING: useCacheForAllThreads is true that may cause Netty to create a lot garbage objects and, as a result, trigger GC.
	It is recommended to disable useCacheForAllThreads by setting -Dorg.apache.ratis.thirdparty.io.netty.allocator.useCacheForAllThreads=false in command line.
2021-05-27 14:48:48,808 [Listener at 0.0.0.0/35715] INFO  grpc.GrpcConfigKeys (ConfUtils.java:logGet(44)) - raft.grpc.admin.port = -1 (default)
2021-05-27 14:48:48,809 [Listener at 0.0.0.0/35715] INFO  grpc.GrpcConfigKeys (ConfUtils.java:logGet(44)) - raft.grpc.server.port = 9872 (custom)
2021-05-27 14:48:48,809 [Listener at 0.0.0.0/35715] INFO  grpc.GrpcConfigKeys (ConfUtils.java:logGet(44)) - raft.grpc.client.port = -1 (default)
2021-05-27 14:48:48,809 [Listener at 0.0.0.0/35715] INFO  grpc.GrpcConfigKeys (ConfUtils.java:logGet(44)) - raft.grpc.server.port = 9872 (custom)
2021-05-27 14:48:48,810 [Listener at 0.0.0.0/35715] INFO  grpc.GrpcConfigKeys (ConfUtils.java:logGet(44)) - raft.grpc.server.port = 9872 (custom)
2021-05-27 14:48:48,810 [Listener at 0.0.0.0/35715] INFO  server.GrpcService (ConfUtils.java:logGet(44)) - raft.grpc.message.size.max = 33554432 (custom)
2021-05-27 14:48:48,811 [Listener at 0.0.0.0/35715] INFO  server.RaftServerConfigKeys (ConfUtils.java:logGet(44)) - raft.server.log.appender.buffer.byte-limit = 33554432 (custom)
2021-05-27 14:48:48,812 [Listener at 0.0.0.0/35715] INFO  server.GrpcService (ConfUtils.java:logGet(44)) - raft.grpc.flow.control.window = 1MB (=1048576) (default)
2021-05-27 14:48:48,812 [Listener at 0.0.0.0/35715] INFO  server.RaftServerConfigKeys (ConfUtils.java:logGet(44)) - raft.server.rpc.request.timeout = 3000ms (default)
2021-05-27 14:48:48,981 [Listener at 0.0.0.0/35715] INFO  impl.DataStreamServerImpl (ConfUtils.java:logGet(44)) - raft.datastream.type = DISABLED (default)
2021-05-27 14:48:48,983 [Listener at 0.0.0.0/35715] INFO  server.RaftServerConfigKeys (ConfUtils.java:logGet(44)) - raft.server.rpc.slowness.timeout = 120s (custom)
2021-05-27 14:48:48,984 [Listener at 0.0.0.0/35715] INFO  server.RaftServerConfigKeys (ConfUtils.java:logGet(44)) - raft.server.leaderelection.leader.step-down.wait-time = 10s (default)
2021-05-27 14:48:48,994 [Listener at 0.0.0.0/35715] INFO  server.RaftServerConfigKeys (ConfUtils.java:logGet(44)) - raft.server.storage.dir = [/home/runner/work/ozone/ozone/mnt/ozone/hadoop-ozone/integration-test/target/test-dir/MiniOzoneClusterImpl-01be8073-4a30-4c07-ba69-c81900f598d5/ozone-meta/ratis] (custom)
2021-05-27 14:48:49,002 [Listener at 0.0.0.0/35715] INFO  server.RaftServer (RaftServerProxy.java:addNew(95)) - om1: addNew group-C5BA1605619E:[om1|rpc:localhost:9872|priority:0] returns group-C5BA1605619E:java.util.concurrent.CompletableFuture@49868df8[Not completed]
2021-05-27 14:48:49,002 [Listener at 0.0.0.0/35715] INFO  om.OzoneManager (OzoneManager.java:initializeRatisServer(1294)) - OzoneManager Ratis server initialized at port 9872
2021-05-27 14:48:49,012 [Listener at 0.0.0.0/35715] INFO  ipc.CallQueueManager (CallQueueManager.java:<init>(85)) - Using callQueue: class java.util.concurrent.LinkedBlockingQueue, queueCapacity: 2000, scheduler: class org.apache.hadoop.ipc.DefaultRpcScheduler, ipcBackoff: false.
2021-05-27 14:48:49,020 [Socket Reader #1 for port 0] INFO  ipc.Server (Server.java:run(1255)) - Starting Socket Reader #1 for port 0
2021-05-27 14:48:49,021 [pool-32-thread-1] INFO  server.RaftServer$Division (RaftServerImpl.java:<init>(180)) - om1: new RaftServerImpl for group-C5BA1605619E:[om1|rpc:localhost:9872|priority:0] with OzoneManagerStateMachine:uninitialized
2021-05-27 14:48:49,022 [pool-32-thread-1] INFO  server.RaftServerConfigKeys (ConfUtils.java:logGet(44)) - raft.server.rpc.timeout.min = 1s (custom)
2021-05-27 14:48:49,022 [pool-32-thread-1] INFO  server.RaftServerConfigKeys (ConfUtils.java:logGet(44)) - raft.server.rpc.timeout.max = 1200ms (custom)
2021-05-27 14:48:49,023 [pool-32-thread-1] INFO  server.RaftServerConfigKeys (ConfUtils.java:logGet(44)) - raft.server.rpc.sleep.time = 25ms (default)
2021-05-27 14:48:49,023 [pool-32-thread-1] INFO  server.RaftServerConfigKeys (ConfUtils.java:logGet(44)) - raft.server.rpc.slowness.timeout = 120s (custom)
2021-05-27 14:48:49,023 [pool-32-thread-1] INFO  server.RaftServerConfigKeys (ConfUtils.java:logGet(44)) - raft.server.leaderelection.leader.step-down.wait-time = 10s (default)
2021-05-27 14:48:49,023 [pool-32-thread-1] INFO  server.RaftServerConfigKeys (ConfUtils.java:logGet(44)) - raft.server.sleep.deviation.threshold = 300ms (default)
2021-05-27 14:48:49,023 [pool-32-thread-1] INFO  server.RaftServerConfigKeys (ConfUtils.java:logGet(44)) - raft.server.log.appender.install.snapshot.enabled = false (custom)
2021-05-27 14:48:49,029 [pool-32-thread-1] INFO  server.RaftServer$Division (ServerState.java:<init>(105)) - om1@group-C5BA1605619E: ConfigurationManager, init=-1: [om1|rpc:localhost:9872|priority:0], old=null, confs=<EMPTY_MAP>
2021-05-27 14:48:49,029 [pool-32-thread-1] INFO  server.RaftServerConfigKeys (ConfUtils.java:logGet(44)) - raft.server.storage.dir = [/home/runner/work/ozone/ozone/mnt/ozone/hadoop-ozone/integration-test/target/test-dir/MiniOzoneClusterImpl-01be8073-4a30-4c07-ba69-c81900f598d5/ozone-meta/ratis] (custom)
2021-05-27 14:48:49,033 [pool-32-thread-1] INFO  server.RaftServerConfigKeys (ConfUtils.java:logGet(44)) - raft.server.log.corruption.policy = EXCEPTION (default)
2021-05-27 14:48:49,034 [pool-32-thread-1] INFO  storage.RaftStorageDirectory (RaftStorageDirectoryImpl.java:analyzeStorage(132)) - The storage directory /home/runner/work/ozone/ozone/mnt/ozone/hadoop-ozone/integration-test/target/test-dir/MiniOzoneClusterImpl-01be8073-4a30-4c07-ba69-c81900f598d5/ozone-meta/ratis/bf265839-605b-3f16-9796-c5ba1605619e does not exist. Creating ...
2021-05-27 14:48:49,038 [pool-32-thread-1] INFO  storage.RaftStorageDirectory (RaftStorageDirectoryImpl.java:tryLock(215)) - Lock on /home/runner/work/ozone/ozone/mnt/ozone/hadoop-ozone/integration-test/target/test-dir/MiniOzoneClusterImpl-01be8073-4a30-4c07-ba69-c81900f598d5/ozone-meta/ratis/bf265839-605b-3f16-9796-c5ba1605619e/in_use.lock acquired by nodename 2583@fv-az270-287
2021-05-27 14:48:49,044 [pool-32-thread-1] INFO  storage.RaftStorage (RaftStorageImpl.java:format(87)) - Storage directory /home/runner/work/ozone/ozone/mnt/ozone/hadoop-ozone/integration-test/target/test-dir/MiniOzoneClusterImpl-01be8073-4a30-4c07-ba69-c81900f598d5/ozone-meta/ratis/bf265839-605b-3f16-9796-c5ba1605619e has been successfully formatted.
2021-05-27 14:48:49,046 [pool-32-thread-1] INFO  server.RaftServerConfigKeys (ConfUtils.java:logGet(44)) - raft.server.notification.no-leader.timeout = 120s (custom)
2021-05-27 14:48:49,048 [pool-32-thread-1] INFO  server.RaftServerConfigKeys (ConfUtils.java:logGet(44)) - raft.server.log.use.memory = false (default)
2021-05-27 14:48:49,055 [pool-32-thread-1] INFO  server.RaftServerConfigKeys (ConfUtils.java:logGet(44)) - raft.server.log.purge.gap = 1000000 (custom)
2021-05-27 14:48:49,055 [pool-32-thread-1] INFO  server.RaftServerConfigKeys (ConfUtils.java:logGet(44)) - raft.server.log.appender.buffer.byte-limit = 33554432 (custom)
2021-05-27 14:48:49,059 [pool-32-thread-1] INFO  metrics.RatisMetrics (RatisMetrics.java:lambda$create$0(36)) - Creating Metrics Registry : ratis.log_worker.om1@group-C5BA1605619E
2021-05-27 14:48:49,066 [pool-32-thread-1] INFO  server.RaftServerConfigKeys (ConfUtils.java:logGet(44)) - raft.server.log.segment.size.max = 4194304 (custom)
2021-05-27 14:48:49,074 [pool-32-thread-1] INFO  server.RaftServerConfigKeys (ConfUtils.java:logGet(44)) - raft.server.log.segment.cache.num.max = 2 (custom)
2021-05-27 14:48:49,077 [pool-32-thread-1] INFO  server.RaftServerConfigKeys (ConfUtils.java:logGet(44)) - raft.server.log.segment.cache.size.max = 200MB (=209715200) (default)
2021-05-27 14:48:49,078 [Listener at 127.0.0.1/33213] INFO  impl.MetricsSystemImpl (MetricsSystemImpl.java:init(158)) - OzoneManager metrics system started (again)
2021-05-27 14:48:49,080 [Listener at 127.0.0.1/33213] INFO  om.OzoneManager (OzoneManager.java:start(1104)) - OzoneManager RPC server is listening at localhost/127.0.0.1:33213
2021-05-27 14:48:49,080 [Listener at 127.0.0.1/33213] INFO  ratis.OzoneManagerRatisServer (OzoneManagerRatisServer.java:start(388)) - Starting OzoneManagerRatisServer om1 at port 9872
2021-05-27 14:48:49,100 [pool-32-thread-1] INFO  segmented.SegmentedRaftLogWorker (SegmentedRaftLogWorker.java:<init>(182)) - new om1@group-C5BA1605619E-SegmentedRaftLogWorker for RaftStorageImpl:Storage Directory /home/runner/work/ozone/ozone/mnt/ozone/hadoop-ozone/integration-test/target/test-dir/MiniOzoneClusterImpl-01be8073-4a30-4c07-ba69-c81900f598d5/ozone-meta/ratis/bf265839-605b-3f16-9796-c5ba1605619e
2021-05-27 14:48:49,102 [pool-32-thread-1] INFO  server.RaftServerConfigKeys (ConfUtils.java:logGet(44)) - raft.server.log.queue.byte-limit = 64MB (=67108864) (default)
2021-05-27 14:48:49,103 [pool-32-thread-1] INFO  server.RaftServerConfigKeys (ConfUtils.java:logGet(44)) - raft.server.log.queue.element-limit = 4096 (default)
2021-05-27 14:48:49,106 [pool-32-thread-1] INFO  server.RaftServerConfigKeys (ConfUtils.java:logGet(44)) - raft.server.log.segment.size.max = 4194304 (custom)
2021-05-27 14:48:49,108 [pool-32-thread-1] INFO  server.RaftServerConfigKeys (ConfUtils.java:logGet(44)) - raft.server.log.preallocated.size = 4194304 (custom)
2021-05-27 14:48:49,109 [pool-32-thread-1] INFO  server.RaftServerConfigKeys (ConfUtils.java:logGet(44)) - raft.server.log.force.sync.num = 128 (default)
2021-05-27 14:48:49,111 [pool-32-thread-1] INFO  server.RaftServerConfigKeys (ConfUtils.java:logGet(44)) - raft.server.log.statemachine.data.sync = true (default)
2021-05-27 14:48:49,112 [pool-32-thread-1] INFO  server.RaftServerConfigKeys (ConfUtils.java:logGet(44)) - raft.server.log.statemachine.data.sync.timeout = 10s (default)
2021-05-27 14:48:49,112 [pool-32-thread-1] INFO  server.RaftServerConfigKeys (ConfUtils.java:logGet(44)) - raft.server.log.statemachine.data.sync.timeout.retry = -1 (default)
2021-05-27 14:48:49,120 [pool-32-thread-1] INFO  server.RaftServerConfigKeys (ConfUtils.java:logGet(44)) - raft.server.log.write.buffer.size = 64KB (=65536) (default)
2021-05-27 14:48:49,120 [pool-32-thread-1] INFO  server.RaftServerConfigKeys (ConfUtils.java:logGet(44)) - raft.server.log.statemachine.data.caching.enabled = false (default)
2021-05-27 14:48:49,130 [pool-32-thread-1] INFO  segmented.SegmentedRaftLogWorker (SegmentedRaftLogWorker.java:lambda$new$0(133)) - om1@group-C5BA1605619E-SegmentedRaftLogWorker: flushIndex: setUnconditionally 0 -> -1
2021-05-27 14:48:49,130 [pool-32-thread-1] INFO  segmented.SegmentedRaftLogWorker (SegmentedRaftLogWorker.java:lambda$new$0(133)) - om1@group-C5BA1605619E-SegmentedRaftLogWorker: safeCacheEvictIndex: setUnconditionally 0 -> -1
2021-05-27 14:48:49,136 [pool-32-thread-1] INFO  server.RaftServerConfigKeys (ConfUtils.java:logGet(44)) - raft.server.snapshot.auto.trigger.enabled = true (custom)
2021-05-27 14:48:49,137 [pool-32-thread-1] INFO  server.RaftServerConfigKeys (ConfUtils.java:logGet(44)) - raft.server.snapshot.auto.trigger.threshold = 400000 (default)
2021-05-27 14:48:49,138 [pool-32-thread-1] INFO  server.RaftServerConfigKeys (ConfUtils.java:logGet(44)) - raft.server.snapshot.retention.file.num = -1 (default)
2021-05-27 14:48:49,138 [pool-32-thread-1] INFO  server.RaftServerConfigKeys (ConfUtils.java:logGet(44)) - raft.server.log.purge.upto.snapshot.index = true (custom)
2021-05-27 14:48:49,140 [pool-32-thread-1] INFO  server.RaftServerConfigKeys (ConfUtils.java:logGet(44)) - raft.server.retrycache.expirytime = 300s (custom)
2021-05-27 14:48:49,140 [pool-32-thread-1] INFO  server.RaftServerConfigKeys (ConfUtils.java:logGet(44)) - raft.server.retrycache.statistics.expirytime = 100μs (default)
2021-05-27 14:48:49,156 [pool-32-thread-1] INFO  metrics.RatisMetrics (RatisMetrics.java:lambda$create$0(36)) - Creating Metrics Registry : ratis.leader_election.om1@group-C5BA1605619E
2021-05-27 14:48:49,159 [pool-32-thread-1] INFO  metrics.RatisMetrics (RatisMetrics.java:lambda$create$0(36)) - Creating Metrics Registry : ratis.server.om1@group-C5BA1605619E
2021-05-27 14:48:49,165 [Listener at 127.0.0.1/33213] INFO  server.RaftServer$Division (RaftServerImpl.java:start(295)) - om1@group-C5BA1605619E: start as a follower, conf=-1: [om1|rpc:localhost:9872|priority:0], old=null
2021-05-27 14:48:49,166 [Listener at 127.0.0.1/33213] INFO  server.RaftServer$Division (RaftServerImpl.java:setRole(284)) - om1@group-C5BA1605619E: changes role from      null to FOLLOWER at term 0 for startAsFollower
2021-05-27 14:48:49,167 [Listener at 127.0.0.1/33213] INFO  impl.RoleInfo (RoleInfo.java:updateAndGet(130)) - om1: start om1@group-C5BA1605619E-FollowerState
2021-05-27 14:48:49,168 [Listener at 127.0.0.1/33213] INFO  util.JmxRegister (JmxRegister.java:tryRegister(44)) - Successfully registered JMX Bean with object name Ratis:service=RaftServer,group=group-C5BA1605619E,id=om1
2021-05-27 14:48:49,169 [Listener at 127.0.0.1/33213] INFO  metrics.RatisMetrics (RatisMetrics.java:lambda$create$0(36)) - Creating Metrics Registry : ratis.state_machine.om1@group-C5BA1605619E
2021-05-27 14:48:49,173 [Listener at 127.0.0.1/33213] INFO  server.RaftServer (RaftServerProxy.java:lambda$start$5(374)) - om1: start RPC server
2021-05-27 14:48:49,208 [Listener at 127.0.0.1/33213] INFO  server.GrpcService (GrpcService.java:startImpl(253)) - om1: GrpcService started, listening on 9872
2021-05-27 14:48:49,215 [org.apache.ratis.util.JvmPauseMonitor$$Lambda$513/734719022@45cce4c2] INFO  util.JvmPauseMonitor (JvmPauseMonitor.java:run(103)) - JvmPauseMonitor-om1: Started
2021-05-27 14:48:49,224 [Listener at 127.0.0.1/33213] INFO  http.BaseHttpServer (BaseHttpServer.java:newHttpServer2BuilderForOzone(209)) - Starting Web-server for ozoneManager at: http://0.0.0.0:0
2021-05-27 14:48:49,225 [Listener at 127.0.0.1/33213] INFO  http.BaseHttpServer (BaseHttpServer.java:<init>(107)) - Hadoop Security Enabled: false Ozone Security Enabled: false Ozone HTTP Security Enabled: false 
2021-05-27 14:48:49,226 [Listener at 127.0.0.1/33213] INFO  server.AuthenticationFilter (AuthenticationFilter.java:constructSecretProvider(240)) - Unable to initialize FileSignerSecretProvider, falling back to use random secrets.
2021-05-27 14:48:49,233 [Listener at 127.0.0.1/33213] WARN  http.HttpRequestLog (HttpRequestLog.java:getRequestLog(103)) - Jetty request log can only be enabled using Log4j
2021-05-27 14:48:49,234 [Listener at 127.0.0.1/33213] INFO  http.HttpServer2 (HttpServer2.java:addGlobalFilter(1020)) - Added global filter 'safety' (class=org.apache.hadoop.hdds.server.http.HttpServer2$QuotingInputFilter)
2021-05-27 14:48:49,235 [Listener at 127.0.0.1/33213] INFO  http.HttpServer2 (HttpServer2.java:addFilter(996)) - Added filter static_user_filter (class=org.apache.hadoop.http.lib.StaticUserWebFilter$StaticUserFilter) to context ozoneManager
2021-05-27 14:48:49,236 [Listener at 127.0.0.1/33213] INFO  http.HttpServer2 (HttpServer2.java:addFilter(1004)) - Added filter static_user_filter (class=org.apache.hadoop.http.lib.StaticUserWebFilter$StaticUserFilter) to context logs
2021-05-27 14:48:49,236 [Listener at 127.0.0.1/33213] INFO  http.HttpServer2 (HttpServer2.java:addFilter(1004)) - Added filter static_user_filter (class=org.apache.hadoop.http.lib.StaticUserWebFilter$StaticUserFilter) to context static
2021-05-27 14:48:49,237 [Listener at 127.0.0.1/33213] INFO  http.HttpServer2 (HttpServer2.java:bindListener(1238)) - Jetty bound to port 32815
2021-05-27 14:48:49,237 [Listener at 127.0.0.1/33213] INFO  server.Server (Server.java:doStart(375)) - jetty-9.4.35.v20201120; built: 2020-11-20T21:17:03.964Z; git: bdc54f03a5e0a7e280fab27f55c3c75ee8da89fb; jvm 1.8.0_292-b10
2021-05-27 14:48:49,240 [Listener at 127.0.0.1/33213] INFO  server.session (DefaultSessionIdManager.java:doStart(334)) - DefaultSessionIdManager workerName=node0
2021-05-27 14:48:49,240 [Listener at 127.0.0.1/33213] INFO  server.session (DefaultSessionIdManager.java:doStart(339)) - No SessionScavenger set, using defaults
2021-05-27 14:48:49,240 [Listener at 127.0.0.1/33213] INFO  server.session (HouseKeeper.java:startScavenging(132)) - node0 Scavenging every 660000ms
2021-05-27 14:48:49,241 [Listener at 127.0.0.1/33213] INFO  handler.ContextHandler (ContextHandler.java:doStart(916)) - Started o.e.j.s.ServletContextHandler@7bd6c35e{logs,/logs,file:///home/runner/work/ozone/ozone/mnt/ozone/hadoop-ozone/integration-test/target/log,AVAILABLE}
2021-05-27 14:48:49,242 [Listener at 127.0.0.1/33213] INFO  handler.ContextHandler (ContextHandler.java:doStart(916)) - Started o.e.j.s.ServletContextHandler@5eabcf77{static,/static,file:///home/runner/work/ozone/ozone/mnt/ozone/hadoop-ozone/integration-test/target/test-classes/webapps/static,AVAILABLE}
2021-05-27 14:48:49,245 [Listener at 127.0.0.1/33213] INFO  handler.ContextHandler (ContextHandler.java:doStart(916)) - Started o.e.j.w.WebAppContext@42d65ffc{ozoneManager,/,file:///home/runner/work/ozone/ozone/mnt/ozone/hadoop-ozone/integration-test/target/test-classes/webapps/ozoneManager/,AVAILABLE}{file:/home/runner/work/ozone/ozone/mnt/ozone/hadoop-ozone/integration-test/target/test-classes/webapps/ozoneManager}
2021-05-27 14:48:49,246 [Listener at 127.0.0.1/33213] INFO  server.AbstractConnector (AbstractConnector.java:doStart(331)) - Started ServerConnector@4dc23273{HTTP/1.1, (http/1.1)}{0.0.0.0:32815}
2021-05-27 14:48:49,246 [Listener at 127.0.0.1/33213] INFO  server.Server (Server.java:doStart(415)) - Started @4570ms
2021-05-27 14:48:49,246 [Listener at 127.0.0.1/33213] WARN  impl.MetricsSystemImpl (MetricsSystemImpl.java:register(279)) - Sink prometheus already exists!
2021-05-27 14:48:49,247 [Listener at 127.0.0.1/33213] INFO  http.BaseHttpServer (BaseHttpServer.java:updateConnectorAddress(329)) - HTTP server of ozoneManager listening at http://0.0.0.0:32815
2021-05-27 14:48:49,249 [IPC Server Responder] INFO  ipc.Server (Server.java:run(1497)) - IPC Server Responder: starting
2021-05-27 14:48:49,250 [IPC Server listener on 0] INFO  ipc.Server (Server.java:run(1334)) - IPC Server listener on 0: starting
2021-05-27 14:48:49,254 [Listener at 127.0.0.1/33213] INFO  om.OzoneManager (OzoneManager.java:startTrashEmptier(1234)) - Trash Interval set to 0. Files deleted will not move to trash
2021-05-27 14:48:49,272 [org.apache.hadoop.util.JvmPauseMonitor$Monitor@6fa48ee4] INFO  util.JvmPauseMonitor (JvmPauseMonitor.java:run(188)) - Starting JVM pause monitor
2021-05-27 14:48:49,460 [Listener at 127.0.0.1/33213] INFO  impl.MetricsSystemImpl (MetricsSystemImpl.java:init(158)) - HddsDatanode metrics system started (again)
2021-05-27 14:48:49,465 [Listener at 127.0.0.1/33213] INFO  ozone.HddsDatanodeService (HddsDatanodeService.java:start(220)) - HddsDatanodeService host:fv-az270-287.tacnzluakwdehk1hpragurqkma.bx.internal.cloudapp.net ip:10.1.0.4
2021-05-27 14:48:49,566 [Listener at 127.0.0.1/33213] INFO  volume.HddsVolume (HddsVolume.java:<init>(184)) - Creating Volume: /home/runner/work/ozone/ozone/mnt/ozone/hadoop-ozone/integration-test/target/test-dir/MiniOzoneClusterImpl-01be8073-4a30-4c07-ba69-c81900f598d5/datanode-0/data-0/containers/hdds of storage type : DISK and capacity : 9223372036854775807
2021-05-27 14:48:49,569 [Listener at 127.0.0.1/33213] INFO  volume.MutableVolumeSet (MutableVolumeSet.java:initializeVolumeSet(198)) - Added Volume : /home/runner/work/ozone/ozone/mnt/ozone/hadoop-ozone/integration-test/target/test-dir/MiniOzoneClusterImpl-01be8073-4a30-4c07-ba69-c81900f598d5/datanode-0/data-0/containers/hdds to VolumeSet
2021-05-27 14:48:49,570 [Listener at 127.0.0.1/33213] INFO  volume.ThrottledAsyncChecker (ThrottledAsyncChecker.java:schedule(141)) - Scheduling a check for /home/runner/work/ozone/ozone/mnt/ozone/hadoop-ozone/integration-test/target/test-dir/MiniOzoneClusterImpl-01be8073-4a30-4c07-ba69-c81900f598d5/datanode-0/data-0/containers/hdds
2021-05-27 14:48:49,595 [Listener at 127.0.0.1/33213] INFO  volume.HddsVolumeChecker (HddsVolumeChecker.java:checkAllVolumes(201)) - Scheduled health check for volume /home/runner/work/ozone/ozone/mnt/ozone/hadoop-ozone/integration-test/target/test-dir/MiniOzoneClusterImpl-01be8073-4a30-4c07-ba69-c81900f598d5/datanode-0/data-0/containers/hdds
2021-05-27 14:48:49,620 [Listener at 127.0.0.1/33213] INFO  ozoneimpl.ContainerReader (ContainerReader.java:<init>(98)) - Running in upgrade mode:true
2021-05-27 14:48:49,621 [Thread-127] INFO  ozoneimpl.ContainerReader (ContainerReader.java:readVolume(142)) - Start to verify containers on volume /home/runner/work/ozone/ozone/mnt/ozone/hadoop-ozone/integration-test/target/test-dir/MiniOzoneClusterImpl-01be8073-4a30-4c07-ba69-c81900f598d5/datanode-0/data-0/containers/hdds
2021-05-27 14:48:49,621 [Thread-127] INFO  ozoneimpl.ContainerReader (ContainerReader.java:readVolume(174)) - Finish verifying containers on volume /home/runner/work/ozone/ozone/mnt/ozone/hadoop-ozone/integration-test/target/test-dir/MiniOzoneClusterImpl-01be8073-4a30-4c07-ba69-c81900f598d5/datanode-0/data-0/containers/hdds
2021-05-27 14:48:49,621 [Listener at 127.0.0.1/33213] INFO  ozoneimpl.OzoneContainer (OzoneContainer.java:buildContainerSet(228)) - Build ContainerSet costs 0s
2021-05-27 14:48:49,686 [Listener at 127.0.0.1/33213] INFO  server.RaftServer (ConfUtils.java:logGet(44)) - raft.rpc.type = GRPC (default)
2021-05-27 14:48:49,686 [Listener at 127.0.0.1/33213] INFO  grpc.GrpcFactory (GrpcFactory.java:checkPooledByteBufAllocatorUseCacheForAllThreads(48)) - PERFORMANCE WARNING: useCacheForAllThreads is true that may cause Netty to create a lot garbage objects and, as a result, trigger GC.
	It is recommended to disable useCacheForAllThreads by setting -Dorg.apache.ratis.thirdparty.io.netty.allocator.useCacheForAllThreads=false in command line.
2021-05-27 14:48:49,687 [Listener at 127.0.0.1/33213] INFO  grpc.GrpcConfigKeys (ConfUtils.java:logGet(44)) - raft.grpc.admin.port = 0 (custom)
2021-05-27 14:48:49,687 [Listener at 127.0.0.1/33213] INFO  grpc.GrpcConfigKeys (ConfUtils.java:logGet(44)) - raft.grpc.client.port = 0 (custom)
2021-05-27 14:48:49,687 [Listener at 127.0.0.1/33213] INFO  grpc.GrpcConfigKeys (ConfUtils.java:logGet(44)) - raft.grpc.server.port = 0 (default)
2021-05-27 14:48:49,687 [Listener at 127.0.0.1/33213] INFO  server.GrpcService (ConfUtils.java:logGet(44)) - raft.grpc.message.size.max = 32MB (=33554432) (custom)
2021-05-27 14:48:49,687 [Listener at 127.0.0.1/33213] INFO  server.RaftServerConfigKeys (ConfUtils.java:logGet(44)) - raft.server.log.appender.buffer.byte-limit = 33554432 (custom)
2021-05-27 14:48:49,689 [Listener at 127.0.0.1/33213] INFO  server.GrpcService (ConfUtils.java:logGet(44)) - raft.grpc.flow.control.window = 5MB (=5242880) (custom)
2021-05-27 14:48:49,690 [Listener at 127.0.0.1/33213] INFO  server.RaftServerConfigKeys (ConfUtils.java:logGet(44)) - raft.server.rpc.request.timeout = 3000ms (default)
2021-05-27 14:48:49,692 [Listener at 127.0.0.1/33213] INFO  impl.DataStreamServerImpl (ConfUtils.java:logGet(44)) - raft.datastream.type = DISABLED (default)
2021-05-27 14:48:49,693 [Listener at 127.0.0.1/33213] INFO  server.RaftServerConfigKeys (ConfUtils.java:logGet(44)) - raft.server.rpc.slowness.timeout = 300000ms (custom)
2021-05-27 14:48:49,693 [Listener at 127.0.0.1/33213] INFO  server.RaftServerConfigKeys (ConfUtils.java:logGet(44)) - raft.server.leaderelection.leader.step-down.wait-time = 10s (default)
2021-05-27 14:48:49,693 [Listener at 127.0.0.1/33213] INFO  server.RaftServerConfigKeys (ConfUtils.java:logGet(44)) - raft.server.storage.dir = [/home/runner/work/ozone/ozone/mnt/ozone/hadoop-ozone/integration-test/target/test-dir/MiniOzoneClusterImpl-01be8073-4a30-4c07-ba69-c81900f598d5/datanode-0/data/ratis] (custom)
2021-05-27 14:48:49,744 [Listener at 127.0.0.1/33213] INFO  http.BaseHttpServer (BaseHttpServer.java:newHttpServer2BuilderForOzone(209)) - Starting Web-server for hddsDatanode at: http://0.0.0.0:0
2021-05-27 14:48:49,744 [Listener at 127.0.0.1/33213] INFO  http.BaseHttpServer (BaseHttpServer.java:<init>(107)) - Hadoop Security Enabled: false Ozone Security Enabled: false Ozone HTTP Security Enabled: false 
2021-05-27 14:48:49,746 [Listener at 127.0.0.1/33213] INFO  server.AuthenticationFilter (AuthenticationFilter.java:constructSecretProvider(240)) - Unable to initialize FileSignerSecretProvider, falling back to use random secrets.
2021-05-27 14:48:49,746 [Listener at 127.0.0.1/33213] WARN  http.HttpRequestLog (HttpRequestLog.java:getRequestLog(103)) - Jetty request log can only be enabled using Log4j
2021-05-27 14:48:49,747 [Listener at 127.0.0.1/33213] INFO  http.HttpServer2 (HttpServer2.java:addGlobalFilter(1020)) - Added global filter 'safety' (class=org.apache.hadoop.hdds.server.http.HttpServer2$QuotingInputFilter)
2021-05-27 14:48:49,748 [Listener at 127.0.0.1/33213] INFO  http.HttpServer2 (HttpServer2.java:addFilter(996)) - Added filter static_user_filter (class=org.apache.hadoop.http.lib.StaticUserWebFilter$StaticUserFilter) to context hddsDatanode
2021-05-27 14:48:49,748 [Listener at 127.0.0.1/33213] INFO  http.HttpServer2 (HttpServer2.java:addFilter(1004)) - Added filter static_user_filter (class=org.apache.hadoop.http.lib.StaticUserWebFilter$StaticUserFilter) to context static
2021-05-27 14:48:49,748 [Listener at 127.0.0.1/33213] INFO  http.HttpServer2 (HttpServer2.java:addFilter(1004)) - Added filter static_user_filter (class=org.apache.hadoop.http.lib.StaticUserWebFilter$StaticUserFilter) to context logs
2021-05-27 14:48:49,749 [Listener at 127.0.0.1/33213] INFO  http.HttpServer2 (HttpServer2.java:bindListener(1238)) - Jetty bound to port 42341
2021-05-27 14:48:49,749 [Listener at 127.0.0.1/33213] INFO  server.Server (Server.java:doStart(375)) - jetty-9.4.35.v20201120; built: 2020-11-20T21:17:03.964Z; git: bdc54f03a5e0a7e280fab27f55c3c75ee8da89fb; jvm 1.8.0_292-b10
2021-05-27 14:48:49,757 [Listener at 127.0.0.1/33213] INFO  server.session (DefaultSessionIdManager.java:doStart(334)) - DefaultSessionIdManager workerName=node0
2021-05-27 14:48:49,758 [Listener at 127.0.0.1/33213] INFO  server.session (DefaultSessionIdManager.java:doStart(339)) - No SessionScavenger set, using defaults
2021-05-27 14:48:49,758 [Listener at 127.0.0.1/33213] INFO  server.session (HouseKeeper.java:startScavenging(132)) - node0 Scavenging every 660000ms
2021-05-27 14:48:49,759 [Listener at 127.0.0.1/33213] INFO  handler.ContextHandler (ContextHandler.java:doStart(916)) - Started o.e.j.s.ServletContextHandler@1a5df070{logs,/logs,file:///home/runner/work/ozone/ozone/mnt/ozone/hadoop-ozone/integration-test/target/log,AVAILABLE}
2021-05-27 14:48:49,759 [Listener at 127.0.0.1/33213] INFO  handler.ContextHandler (ContextHandler.java:doStart(916)) - Started o.e.j.s.ServletContextHandler@6eb8fd79{static,/static,jar:file:/home/runner/.m2/repository/org/apache/hadoop/hadoop-hdds-container-service/1.2.0-SNAPSHOT/hadoop-hdds-container-service-1.2.0-SNAPSHOT.jar!/webapps/static,AVAILABLE}
2021-05-27 14:48:49,806 [Listener at 127.0.0.1/33213] INFO  handler.ContextHandler (ContextHandler.java:doStart(916)) - Started o.e.j.w.WebAppContext@7ba821ef{hddsDatanode,/,file:///tmp/jetty-0_0_0_0-42341-hadoop-hdds-container-service-1_2_0-SNAPSHOT_jar-_-any-6904034138947008051/webapp/,AVAILABLE}{jar:file:/home/runner/.m2/repository/org/apache/hadoop/hadoop-hdds-container-service/1.2.0-SNAPSHOT/hadoop-hdds-container-service-1.2.0-SNAPSHOT.jar!/webapps/hddsDatanode}
2021-05-27 14:48:49,807 [Listener at 127.0.0.1/33213] INFO  server.AbstractConnector (AbstractConnector.java:doStart(331)) - Started ServerConnector@3ca9e72d{HTTP/1.1, (http/1.1)}{0.0.0.0:42341}
2021-05-27 14:48:49,807 [Listener at 127.0.0.1/33213] INFO  server.Server (Server.java:doStart(415)) - Started @5131ms
2021-05-27 14:48:49,808 [Listener at 127.0.0.1/33213] WARN  impl.MetricsSystemImpl (MetricsSystemImpl.java:register(279)) - Sink prometheus already exists!
2021-05-27 14:48:49,808 [Listener at 127.0.0.1/33213] INFO  http.BaseHttpServer (BaseHttpServer.java:updateConnectorAddress(329)) - HTTP server of hddsDatanode listening at http://0.0.0.0:42341
2021-05-27 14:48:49,810 [Listener at 127.0.0.1/33213] INFO  impl.MetricsSystemImpl (MetricsSystemImpl.java:init(158)) - HddsDatanode metrics system started (again)
2021-05-27 14:48:49,811 [Listener at 127.0.0.1/33213] INFO  ozone.HddsDatanodeService (HddsDatanodeService.java:start(220)) - HddsDatanodeService host:fv-az270-287.tacnzluakwdehk1hpragurqkma.bx.internal.cloudapp.net ip:10.1.0.4
2021-05-27 14:48:49,825 [org.apache.hadoop.util.JvmPauseMonitor$Monitor@76af7e2e] INFO  util.JvmPauseMonitor (JvmPauseMonitor.java:run(188)) - Starting JVM pause monitor
2021-05-27 14:48:49,838 [Listener at 127.0.0.1/33213] INFO  volume.HddsVolume (HddsVolume.java:<init>(184)) - Creating Volume: /home/runner/work/ozone/ozone/mnt/ozone/hadoop-ozone/integration-test/target/test-dir/MiniOzoneClusterImpl-01be8073-4a30-4c07-ba69-c81900f598d5/datanode-1/data-0/containers/hdds of storage type : DISK and capacity : 9223372036854775807
2021-05-27 14:48:49,838 [Listener at 127.0.0.1/33213] INFO  volume.MutableVolumeSet (MutableVolumeSet.java:initializeVolumeSet(198)) - Added Volume : /home/runner/work/ozone/ozone/mnt/ozone/hadoop-ozone/integration-test/target/test-dir/MiniOzoneClusterImpl-01be8073-4a30-4c07-ba69-c81900f598d5/datanode-1/data-0/containers/hdds to VolumeSet
2021-05-27 14:48:49,839 [Listener at 127.0.0.1/33213] INFO  volume.ThrottledAsyncChecker (ThrottledAsyncChecker.java:schedule(141)) - Scheduling a check for /home/runner/work/ozone/ozone/mnt/ozone/hadoop-ozone/integration-test/target/test-dir/MiniOzoneClusterImpl-01be8073-4a30-4c07-ba69-c81900f598d5/datanode-1/data-0/containers/hdds
2021-05-27 14:48:49,845 [Listener at 127.0.0.1/33213] INFO  volume.HddsVolumeChecker (HddsVolumeChecker.java:checkAllVolumes(201)) - Scheduled health check for volume /home/runner/work/ozone/ozone/mnt/ozone/hadoop-ozone/integration-test/target/test-dir/MiniOzoneClusterImpl-01be8073-4a30-4c07-ba69-c81900f598d5/datanode-1/data-0/containers/hdds
2021-05-27 14:48:49,866 [Listener at 127.0.0.1/33213] INFO  ozoneimpl.ContainerReader (ContainerReader.java:<init>(98)) - Running in upgrade mode:true
2021-05-27 14:48:49,872 [Thread-138] INFO  ozoneimpl.ContainerReader (ContainerReader.java:readVolume(142)) - Start to verify containers on volume /home/runner/work/ozone/ozone/mnt/ozone/hadoop-ozone/integration-test/target/test-dir/MiniOzoneClusterImpl-01be8073-4a30-4c07-ba69-c81900f598d5/datanode-1/data-0/containers/hdds
2021-05-27 14:48:49,873 [Thread-138] INFO  ozoneimpl.ContainerReader (ContainerReader.java:readVolume(174)) - Finish verifying containers on volume /home/runner/work/ozone/ozone/mnt/ozone/hadoop-ozone/integration-test/target/test-dir/MiniOzoneClusterImpl-01be8073-4a30-4c07-ba69-c81900f598d5/datanode-1/data-0/containers/hdds
2021-05-27 14:48:49,877 [Listener at 127.0.0.1/33213] INFO  ozoneimpl.OzoneContainer (OzoneContainer.java:buildContainerSet(228)) - Build ContainerSet costs 0s
2021-05-27 14:48:49,880 [Listener at 127.0.0.1/33213] INFO  server.RaftServer (ConfUtils.java:logGet(44)) - raft.rpc.type = GRPC (default)
2021-05-27 14:48:49,880 [Listener at 127.0.0.1/33213] INFO  grpc.GrpcFactory (GrpcFactory.java:checkPooledByteBufAllocatorUseCacheForAllThreads(48)) - PERFORMANCE WARNING: useCacheForAllThreads is true that may cause Netty to create a lot garbage objects and, as a result, trigger GC.
	It is recommended to disable useCacheForAllThreads by setting -Dorg.apache.ratis.thirdparty.io.netty.allocator.useCacheForAllThreads=false in command line.
2021-05-27 14:48:49,880 [Listener at 127.0.0.1/33213] INFO  grpc.GrpcConfigKeys (ConfUtils.java:logGet(44)) - raft.grpc.admin.port = 0 (custom)
2021-05-27 14:48:49,880 [Listener at 127.0.0.1/33213] INFO  grpc.GrpcConfigKeys (ConfUtils.java:logGet(44)) - raft.grpc.client.port = 0 (custom)
2021-05-27 14:48:49,881 [Listener at 127.0.0.1/33213] INFO  grpc.GrpcConfigKeys (ConfUtils.java:logGet(44)) - raft.grpc.server.port = 0 (default)
2021-05-27 14:48:49,881 [Listener at 127.0.0.1/33213] INFO  server.GrpcService (ConfUtils.java:logGet(44)) - raft.grpc.message.size.max = 32MB (=33554432) (custom)
2021-05-27 14:48:49,881 [Listener at 127.0.0.1/33213] INFO  server.RaftServerConfigKeys (ConfUtils.java:logGet(44)) - raft.server.log.appender.buffer.byte-limit = 33554432 (custom)
2021-05-27 14:48:49,881 [Listener at 127.0.0.1/33213] INFO  server.GrpcService (ConfUtils.java:logGet(44)) - raft.grpc.flow.control.window = 5MB (=5242880) (custom)
2021-05-27 14:48:49,881 [Listener at 127.0.0.1/33213] INFO  server.RaftServerConfigKeys (ConfUtils.java:logGet(44)) - raft.server.rpc.request.timeout = 3000ms (default)
2021-05-27 14:48:49,883 [Listener at 127.0.0.1/33213] INFO  impl.DataStreamServerImpl (ConfUtils.java:logGet(44)) - raft.datastream.type = DISABLED (default)
2021-05-27 14:48:49,884 [Listener at 127.0.0.1/33213] INFO  server.RaftServerConfigKeys (ConfUtils.java:logGet(44)) - raft.server.rpc.slowness.timeout = 300000ms (custom)
2021-05-27 14:48:49,884 [Listener at 127.0.0.1/33213] INFO  server.RaftServerConfigKeys (ConfUtils.java:logGet(44)) - raft.server.leaderelection.leader.step-down.wait-time = 10s (default)
2021-05-27 14:48:49,885 [Listener at 127.0.0.1/33213] INFO  server.RaftServerConfigKeys (ConfUtils.java:logGet(44)) - raft.server.storage.dir = [/home/runner/work/ozone/ozone/mnt/ozone/hadoop-ozone/integration-test/target/test-dir/MiniOzoneClusterImpl-01be8073-4a30-4c07-ba69-c81900f598d5/datanode-1/data/ratis] (custom)
2021-05-27 14:48:49,898 [Listener at 127.0.0.1/33213] INFO  http.BaseHttpServer (BaseHttpServer.java:newHttpServer2BuilderForOzone(209)) - Starting Web-server for hddsDatanode at: http://0.0.0.0:0
2021-05-27 14:48:49,899 [Listener at 127.0.0.1/33213] INFO  http.BaseHttpServer (BaseHttpServer.java:<init>(107)) - Hadoop Security Enabled: false Ozone Security Enabled: false Ozone HTTP Security Enabled: false 
2021-05-27 14:48:49,900 [Listener at 127.0.0.1/33213] INFO  server.AuthenticationFilter (AuthenticationFilter.java:constructSecretProvider(240)) - Unable to initialize FileSignerSecretProvider, falling back to use random secrets.
2021-05-27 14:48:49,906 [Listener at 127.0.0.1/33213] WARN  http.HttpRequestLog (HttpRequestLog.java:getRequestLog(103)) - Jetty request log can only be enabled using Log4j
2021-05-27 14:48:49,907 [Listener at 127.0.0.1/33213] INFO  http.HttpServer2 (HttpServer2.java:addGlobalFilter(1020)) - Added global filter 'safety' (class=org.apache.hadoop.hdds.server.http.HttpServer2$QuotingInputFilter)
2021-05-27 14:48:49,908 [Listener at 127.0.0.1/33213] INFO  http.HttpServer2 (HttpServer2.java:addFilter(996)) - Added filter static_user_filter (class=org.apache.hadoop.http.lib.StaticUserWebFilter$StaticUserFilter) to context hddsDatanode
2021-05-27 14:48:49,908 [Listener at 127.0.0.1/33213] INFO  http.HttpServer2 (HttpServer2.java:addFilter(1004)) - Added filter static_user_filter (class=org.apache.hadoop.http.lib.StaticUserWebFilter$StaticUserFilter) to context static
2021-05-27 14:48:49,908 [Listener at 127.0.0.1/33213] INFO  http.HttpServer2 (HttpServer2.java:addFilter(1004)) - Added filter static_user_filter (class=org.apache.hadoop.http.lib.StaticUserWebFilter$StaticUserFilter) to context logs
2021-05-27 14:48:49,908 [Listener at 127.0.0.1/33213] INFO  http.HttpServer2 (HttpServer2.java:bindListener(1238)) - Jetty bound to port 42975
2021-05-27 14:48:49,909 [Listener at 127.0.0.1/33213] INFO  server.Server (Server.java:doStart(375)) - jetty-9.4.35.v20201120; built: 2020-11-20T21:17:03.964Z; git: bdc54f03a5e0a7e280fab27f55c3c75ee8da89fb; jvm 1.8.0_292-b10
2021-05-27 14:48:49,918 [Listener at 127.0.0.1/33213] INFO  server.session (DefaultSessionIdManager.java:doStart(334)) - DefaultSessionIdManager workerName=node0
2021-05-27 14:48:49,918 [Listener at 127.0.0.1/33213] INFO  server.session (DefaultSessionIdManager.java:doStart(339)) - No SessionScavenger set, using defaults
2021-05-27 14:48:49,918 [Listener at 127.0.0.1/33213] INFO  server.session (HouseKeeper.java:startScavenging(132)) - node0 Scavenging every 660000ms
2021-05-27 14:48:49,920 [Listener at 127.0.0.1/33213] INFO  handler.ContextHandler (ContextHandler.java:doStart(916)) - Started o.e.j.s.ServletContextHandler@15500a8{logs,/logs,file:///home/runner/work/ozone/ozone/mnt/ozone/hadoop-ozone/integration-test/target/log,AVAILABLE}
2021-05-27 14:48:49,921 [Listener at 127.0.0.1/33213] INFO  handler.ContextHandler (ContextHandler.java:doStart(916)) - Started o.e.j.s.ServletContextHandler@445760e0{static,/static,jar:file:/home/runner/.m2/repository/org/apache/hadoop/hadoop-hdds-container-service/1.2.0-SNAPSHOT/hadoop-hdds-container-service-1.2.0-SNAPSHOT.jar!/webapps/static,AVAILABLE}
2021-05-27 14:48:49,973 [Datanode State Machine Task Thread - 0] INFO  datanode.InitDatanodeState (InitDatanodeState.java:persistContainerDatanodeDetails(145)) - DatanodeDetails is persisted to /home/runner/work/ozone/ozone/mnt/ozone/hadoop-ozone/integration-test/target/test-dir/MiniOzoneClusterImpl-01be8073-4a30-4c07-ba69-c81900f598d5/datanode-0/meta/datanode.id
2021-05-27 14:48:49,983 [Listener at 127.0.0.1/33213] INFO  handler.ContextHandler (ContextHandler.java:doStart(916)) - Started o.e.j.w.WebAppContext@60adea01{hddsDatanode,/,file:///tmp/jetty-0_0_0_0-42975-hadoop-hdds-container-service-1_2_0-SNAPSHOT_jar-_-any-8951551715760994218/webapp/,AVAILABLE}{jar:file:/home/runner/.m2/repository/org/apache/hadoop/hadoop-hdds-container-service/1.2.0-SNAPSHOT/hadoop-hdds-container-service-1.2.0-SNAPSHOT.jar!/webapps/hddsDatanode}
2021-05-27 14:48:49,989 [Listener at 127.0.0.1/33213] INFO  server.AbstractConnector (AbstractConnector.java:doStart(331)) - Started ServerConnector@4e2bed0f{HTTP/1.1, (http/1.1)}{0.0.0.0:42975}
2021-05-27 14:48:49,990 [Listener at 127.0.0.1/33213] INFO  server.Server (Server.java:doStart(415)) - Started @5313ms
2021-05-27 14:48:49,990 [Listener at 127.0.0.1/33213] WARN  impl.MetricsSystemImpl (MetricsSystemImpl.java:register(279)) - Sink prometheus already exists!
2021-05-27 14:48:49,991 [Listener at 127.0.0.1/33213] INFO  http.BaseHttpServer (BaseHttpServer.java:updateConnectorAddress(329)) - HTTP server of hddsDatanode listening at http://0.0.0.0:42975
2021-05-27 14:48:49,994 [Listener at 127.0.0.1/33213] INFO  impl.MetricsSystemImpl (MetricsSystemImpl.java:init(158)) - HddsDatanode metrics system started (again)
2021-05-27 14:48:49,995 [org.apache.hadoop.util.JvmPauseMonitor$Monitor@5ebf73ae] INFO  util.JvmPauseMonitor (JvmPauseMonitor.java:run(188)) - Starting JVM pause monitor
2021-05-27 14:48:49,997 [Listener at 127.0.0.1/33213] INFO  ozone.HddsDatanodeService (HddsDatanodeService.java:start(220)) - HddsDatanodeService host:fv-az270-287.tacnzluakwdehk1hpragurqkma.bx.internal.cloudapp.net ip:10.1.0.4
2021-05-27 14:48:50,003 [Datanode State Machine Task Thread - 0] INFO  datanode.InitDatanodeState (InitDatanodeState.java:persistContainerDatanodeDetails(145)) - DatanodeDetails is persisted to /home/runner/work/ozone/ozone/mnt/ozone/hadoop-ozone/integration-test/target/test-dir/MiniOzoneClusterImpl-01be8073-4a30-4c07-ba69-c81900f598d5/datanode-1/meta/datanode.id
2021-05-27 14:48:50,022 [Listener at 127.0.0.1/33213] INFO  volume.HddsVolume (HddsVolume.java:<init>(184)) - Creating Volume: /home/runner/work/ozone/ozone/mnt/ozone/hadoop-ozone/integration-test/target/test-dir/MiniOzoneClusterImpl-01be8073-4a30-4c07-ba69-c81900f598d5/datanode-2/data-0/containers/hdds of storage type : DISK and capacity : 9223372036854775807
2021-05-27 14:48:50,023 [Listener at 127.0.0.1/33213] INFO  volume.MutableVolumeSet (MutableVolumeSet.java:initializeVolumeSet(198)) - Added Volume : /home/runner/work/ozone/ozone/mnt/ozone/hadoop-ozone/integration-test/target/test-dir/MiniOzoneClusterImpl-01be8073-4a30-4c07-ba69-c81900f598d5/datanode-2/data-0/containers/hdds to VolumeSet
2021-05-27 14:48:50,023 [Listener at 127.0.0.1/33213] INFO  volume.ThrottledAsyncChecker (ThrottledAsyncChecker.java:schedule(141)) - Scheduling a check for /home/runner/work/ozone/ozone/mnt/ozone/hadoop-ozone/integration-test/target/test-dir/MiniOzoneClusterImpl-01be8073-4a30-4c07-ba69-c81900f598d5/datanode-2/data-0/containers/hdds
2021-05-27 14:48:50,023 [Listener at 127.0.0.1/33213] INFO  volume.HddsVolumeChecker (HddsVolumeChecker.java:checkAllVolumes(201)) - Scheduled health check for volume /home/runner/work/ozone/ozone/mnt/ozone/hadoop-ozone/integration-test/target/test-dir/MiniOzoneClusterImpl-01be8073-4a30-4c07-ba69-c81900f598d5/datanode-2/data-0/containers/hdds
2021-05-27 14:48:50,037 [Listener at 127.0.0.1/33213] INFO  ozoneimpl.ContainerReader (ContainerReader.java:<init>(98)) - Running in upgrade mode:true
2021-05-27 14:48:50,037 [Thread-149] INFO  ozoneimpl.ContainerReader (ContainerReader.java:readVolume(142)) - Start to verify containers on volume /home/runner/work/ozone/ozone/mnt/ozone/hadoop-ozone/integration-test/target/test-dir/MiniOzoneClusterImpl-01be8073-4a30-4c07-ba69-c81900f598d5/datanode-2/data-0/containers/hdds
2021-05-27 14:48:50,037 [Thread-149] INFO  ozoneimpl.ContainerReader (ContainerReader.java:readVolume(174)) - Finish verifying containers on volume /home/runner/work/ozone/ozone/mnt/ozone/hadoop-ozone/integration-test/target/test-dir/MiniOzoneClusterImpl-01be8073-4a30-4c07-ba69-c81900f598d5/datanode-2/data-0/containers/hdds
2021-05-27 14:48:50,037 [Listener at 127.0.0.1/33213] INFO  ozoneimpl.OzoneContainer (OzoneContainer.java:buildContainerSet(228)) - Build ContainerSet costs 0s
2021-05-27 14:48:50,040 [Listener at 127.0.0.1/33213] INFO  server.RaftServer (ConfUtils.java:logGet(44)) - raft.rpc.type = GRPC (default)
2021-05-27 14:48:50,040 [Listener at 127.0.0.1/33213] INFO  grpc.GrpcFactory (GrpcFactory.java:checkPooledByteBufAllocatorUseCacheForAllThreads(48)) - PERFORMANCE WARNING: useCacheForAllThreads is true that may cause Netty to create a lot garbage objects and, as a result, trigger GC.
	It is recommended to disable useCacheForAllThreads by setting -Dorg.apache.ratis.thirdparty.io.netty.allocator.useCacheForAllThreads=false in command line.
2021-05-27 14:48:50,040 [Listener at 127.0.0.1/33213] INFO  grpc.GrpcConfigKeys (ConfUtils.java:logGet(44)) - raft.grpc.admin.port = 0 (custom)
2021-05-27 14:48:50,041 [Listener at 127.0.0.1/33213] INFO  grpc.GrpcConfigKeys (ConfUtils.java:logGet(44)) - raft.grpc.client.port = 0 (custom)
2021-05-27 14:48:50,041 [Listener at 127.0.0.1/33213] INFO  grpc.GrpcConfigKeys (ConfUtils.java:logGet(44)) - raft.grpc.server.port = 0 (default)
2021-05-27 14:48:50,041 [Listener at 127.0.0.1/33213] INFO  server.GrpcService (ConfUtils.java:logGet(44)) - raft.grpc.message.size.max = 32MB (=33554432) (custom)
2021-05-27 14:48:50,041 [Listener at 127.0.0.1/33213] INFO  server.RaftServerConfigKeys (ConfUtils.java:logGet(44)) - raft.server.log.appender.buffer.byte-limit = 33554432 (custom)
2021-05-27 14:48:50,041 [Listener at 127.0.0.1/33213] INFO  server.GrpcService (ConfUtils.java:logGet(44)) - raft.grpc.flow.control.window = 5MB (=5242880) (custom)
2021-05-27 14:48:50,041 [Listener at 127.0.0.1/33213] INFO  server.RaftServerConfigKeys (ConfUtils.java:logGet(44)) - raft.server.rpc.request.timeout = 3000ms (default)
2021-05-27 14:48:50,042 [Listener at 127.0.0.1/33213] INFO  impl.DataStreamServerImpl (ConfUtils.java:logGet(44)) - raft.datastream.type = DISABLED (default)
2021-05-27 14:48:50,043 [Listener at 127.0.0.1/33213] INFO  server.RaftServerConfigKeys (ConfUtils.java:logGet(44)) - raft.server.rpc.slowness.timeout = 300000ms (custom)
2021-05-27 14:48:50,043 [Listener at 127.0.0.1/33213] INFO  server.RaftServerConfigKeys (ConfUtils.java:logGet(44)) - raft.server.leaderelection.leader.step-down.wait-time = 10s (default)
2021-05-27 14:48:50,043 [Listener at 127.0.0.1/33213] INFO  server.RaftServerConfigKeys (ConfUtils.java:logGet(44)) - raft.server.storage.dir = [/home/runner/work/ozone/ozone/mnt/ozone/hadoop-ozone/integration-test/target/test-dir/MiniOzoneClusterImpl-01be8073-4a30-4c07-ba69-c81900f598d5/datanode-2/data/ratis] (custom)
2021-05-27 14:48:50,046 [Listener at 127.0.0.1/33213] INFO  http.BaseHttpServer (BaseHttpServer.java:newHttpServer2BuilderForOzone(209)) - Starting Web-server for hddsDatanode at: http://0.0.0.0:0
2021-05-27 14:48:50,046 [Listener at 127.0.0.1/33213] INFO  http.BaseHttpServer (BaseHttpServer.java:<init>(107)) - Hadoop Security Enabled: false Ozone Security Enabled: false Ozone HTTP Security Enabled: false 
2021-05-27 14:48:50,047 [Listener at 127.0.0.1/33213] INFO  server.AuthenticationFilter (AuthenticationFilter.java:constructSecretProvider(240)) - Unable to initialize FileSignerSecretProvider, falling back to use random secrets.
2021-05-27 14:48:50,048 [Listener at 127.0.0.1/33213] WARN  http.HttpRequestLog (HttpRequestLog.java:getRequestLog(103)) - Jetty request log can only be enabled using Log4j
2021-05-27 14:48:50,048 [Listener at 127.0.0.1/33213] INFO  http.HttpServer2 (HttpServer2.java:addGlobalFilter(1020)) - Added global filter 'safety' (class=org.apache.hadoop.hdds.server.http.HttpServer2$QuotingInputFilter)
2021-05-27 14:48:50,049 [Listener at 127.0.0.1/33213] INFO  http.HttpServer2 (HttpServer2.java:addFilter(996)) - Added filter static_user_filter (class=org.apache.hadoop.http.lib.StaticUserWebFilter$StaticUserFilter) to context hddsDatanode
2021-05-27 14:48:50,049 [Listener at 127.0.0.1/33213] INFO  http.HttpServer2 (HttpServer2.java:addFilter(1004)) - Added filter static_user_filter (class=org.apache.hadoop.http.lib.StaticUserWebFilter$StaticUserFilter) to context logs
2021-05-27 14:48:50,050 [Listener at 127.0.0.1/33213] INFO  http.HttpServer2 (HttpServer2.java:addFilter(1004)) - Added filter static_user_filter (class=org.apache.hadoop.http.lib.StaticUserWebFilter$StaticUserFilter) to context static
2021-05-27 14:48:50,050 [Listener at 127.0.0.1/33213] INFO  http.HttpServer2 (HttpServer2.java:bindListener(1238)) - Jetty bound to port 34355
2021-05-27 14:48:50,050 [Listener at 127.0.0.1/33213] INFO  server.Server (Server.java:doStart(375)) - jetty-9.4.35.v20201120; built: 2020-11-20T21:17:03.964Z; git: bdc54f03a5e0a7e280fab27f55c3c75ee8da89fb; jvm 1.8.0_292-b10
2021-05-27 14:48:50,052 [Listener at 127.0.0.1/33213] INFO  server.session (DefaultSessionIdManager.java:doStart(334)) - DefaultSessionIdManager workerName=node0
2021-05-27 14:48:50,052 [Listener at 127.0.0.1/33213] INFO  server.session (DefaultSessionIdManager.java:doStart(339)) - No SessionScavenger set, using defaults
2021-05-27 14:48:50,052 [Listener at 127.0.0.1/33213] INFO  server.session (HouseKeeper.java:startScavenging(132)) - node0 Scavenging every 660000ms
2021-05-27 14:48:50,053 [Listener at 127.0.0.1/33213] INFO  handler.ContextHandler (ContextHandler.java:doStart(916)) - Started o.e.j.s.ServletContextHandler@1e072d67{logs,/logs,file:///home/runner/work/ozone/ozone/mnt/ozone/hadoop-ozone/integration-test/target/log,AVAILABLE}
2021-05-27 14:48:50,053 [Listener at 127.0.0.1/33213] INFO  handler.ContextHandler (ContextHandler.java:doStart(916)) - Started o.e.j.s.ServletContextHandler@63ae7031{static,/static,jar:file:/home/runner/.m2/repository/org/apache/hadoop/hadoop-hdds-container-service/1.2.0-SNAPSHOT/hadoop-hdds-container-service-1.2.0-SNAPSHOT.jar!/webapps/static,AVAILABLE}
2021-05-27 14:48:50,092 [Listener at 127.0.0.1/33213] INFO  handler.ContextHandler (ContextHandler.java:doStart(916)) - Started o.e.j.w.WebAppContext@6c6a7553{hddsDatanode,/,file:///tmp/jetty-0_0_0_0-34355-hadoop-hdds-container-service-1_2_0-SNAPSHOT_jar-_-any-8737412892473823932/webapp/,AVAILABLE}{jar:file:/home/runner/.m2/repository/org/apache/hadoop/hadoop-hdds-container-service/1.2.0-SNAPSHOT/hadoop-hdds-container-service-1.2.0-SNAPSHOT.jar!/webapps/hddsDatanode}
2021-05-27 14:48:50,093 [Listener at 127.0.0.1/33213] INFO  server.AbstractConnector (AbstractConnector.java:doStart(331)) - Started ServerConnector@f5475d7{HTTP/1.1, (http/1.1)}{0.0.0.0:34355}
2021-05-27 14:48:50,094 [Listener at 127.0.0.1/33213] INFO  server.Server (Server.java:doStart(415)) - Started @5417ms
2021-05-27 14:48:50,094 [Listener at 127.0.0.1/33213] WARN  impl.MetricsSystemImpl (MetricsSystemImpl.java:register(279)) - Sink prometheus already exists!
2021-05-27 14:48:50,094 [Listener at 127.0.0.1/33213] INFO  http.BaseHttpServer (BaseHttpServer.java:updateConnectorAddress(329)) - HTTP server of hddsDatanode listening at http://0.0.0.0:34355
2021-05-27 14:48:50,098 [Listener at 127.0.0.1/33213] INFO  impl.MetricsSystemImpl (MetricsSystemImpl.java:init(158)) - HddsDatanode metrics system started (again)
2021-05-27 14:48:50,110 [org.apache.hadoop.util.JvmPauseMonitor$Monitor@1a8176a8] INFO  util.JvmPauseMonitor (JvmPauseMonitor.java:run(188)) - Starting JVM pause monitor
2021-05-27 14:48:50,114 [Listener at 127.0.0.1/33213] INFO  ozone.HddsDatanodeService (HddsDatanodeService.java:start(220)) - HddsDatanodeService host:fv-az270-287.tacnzluakwdehk1hpragurqkma.bx.internal.cloudapp.net ip:10.1.0.4
2021-05-27 14:48:50,116 [Datanode State Machine Task Thread - 0] INFO  datanode.InitDatanodeState (InitDatanodeState.java:persistContainerDatanodeDetails(145)) - DatanodeDetails is persisted to /home/runner/work/ozone/ozone/mnt/ozone/hadoop-ozone/integration-test/target/test-dir/MiniOzoneClusterImpl-01be8073-4a30-4c07-ba69-c81900f598d5/datanode-2/meta/datanode.id
2021-05-27 14:48:50,137 [Listener at 127.0.0.1/33213] INFO  volume.HddsVolume (HddsVolume.java:<init>(184)) - Creating Volume: /home/runner/work/ozone/ozone/mnt/ozone/hadoop-ozone/integration-test/target/test-dir/MiniOzoneClusterImpl-01be8073-4a30-4c07-ba69-c81900f598d5/datanode-3/data-0/containers/hdds of storage type : DISK and capacity : 9223372036854775807
2021-05-27 14:48:50,138 [Listener at 127.0.0.1/33213] INFO  volume.MutableVolumeSet (MutableVolumeSet.java:initializeVolumeSet(198)) - Added Volume : /home/runner/work/ozone/ozone/mnt/ozone/hadoop-ozone/integration-test/target/test-dir/MiniOzoneClusterImpl-01be8073-4a30-4c07-ba69-c81900f598d5/datanode-3/data-0/containers/hdds to VolumeSet
2021-05-27 14:48:50,138 [Listener at 127.0.0.1/33213] INFO  volume.ThrottledAsyncChecker (ThrottledAsyncChecker.java:schedule(141)) - Scheduling a check for /home/runner/work/ozone/ozone/mnt/ozone/hadoop-ozone/integration-test/target/test-dir/MiniOzoneClusterImpl-01be8073-4a30-4c07-ba69-c81900f598d5/datanode-3/data-0/containers/hdds
2021-05-27 14:48:50,144 [Listener at 127.0.0.1/33213] INFO  volume.HddsVolumeChecker (HddsVolumeChecker.java:checkAllVolumes(201)) - Scheduled health check for volume /home/runner/work/ozone/ozone/mnt/ozone/hadoop-ozone/integration-test/target/test-dir/MiniOzoneClusterImpl-01be8073-4a30-4c07-ba69-c81900f598d5/datanode-3/data-0/containers/hdds
2021-05-27 14:48:50,156 [Listener at 127.0.0.1/33213] INFO  ozoneimpl.ContainerReader (ContainerReader.java:<init>(98)) - Running in upgrade mode:true
2021-05-27 14:48:50,157 [Thread-160] INFO  ozoneimpl.ContainerReader (ContainerReader.java:readVolume(142)) - Start to verify containers on volume /home/runner/work/ozone/ozone/mnt/ozone/hadoop-ozone/integration-test/target/test-dir/MiniOzoneClusterImpl-01be8073-4a30-4c07-ba69-c81900f598d5/datanode-3/data-0/containers/hdds
2021-05-27 14:48:50,157 [Thread-160] INFO  ozoneimpl.ContainerReader (ContainerReader.java:readVolume(174)) - Finish verifying containers on volume /home/runner/work/ozone/ozone/mnt/ozone/hadoop-ozone/integration-test/target/test-dir/MiniOzoneClusterImpl-01be8073-4a30-4c07-ba69-c81900f598d5/datanode-3/data-0/containers/hdds
2021-05-27 14:48:50,157 [Listener at 127.0.0.1/33213] INFO  ozoneimpl.OzoneContainer (OzoneContainer.java:buildContainerSet(228)) - Build ContainerSet costs 0s
2021-05-27 14:48:50,159 [Listener at 127.0.0.1/33213] INFO  server.RaftServer (ConfUtils.java:logGet(44)) - raft.rpc.type = GRPC (default)
2021-05-27 14:48:50,160 [Listener at 127.0.0.1/33213] INFO  grpc.GrpcFactory (GrpcFactory.java:checkPooledByteBufAllocatorUseCacheForAllThreads(48)) - PERFORMANCE WARNING: useCacheForAllThreads is true that may cause Netty to create a lot garbage objects and, as a result, trigger GC.
	It is recommended to disable useCacheForAllThreads by setting -Dorg.apache.ratis.thirdparty.io.netty.allocator.useCacheForAllThreads=false in command line.
2021-05-27 14:48:50,160 [Listener at 127.0.0.1/33213] INFO  grpc.GrpcConfigKeys (ConfUtils.java:logGet(44)) - raft.grpc.admin.port = 0 (custom)
2021-05-27 14:48:50,160 [Listener at 127.0.0.1/33213] INFO  grpc.GrpcConfigKeys (ConfUtils.java:logGet(44)) - raft.grpc.client.port = 0 (custom)
2021-05-27 14:48:50,160 [Listener at 127.0.0.1/33213] INFO  grpc.GrpcConfigKeys (ConfUtils.java:logGet(44)) - raft.grpc.server.port = 0 (default)
2021-05-27 14:48:50,160 [Listener at 127.0.0.1/33213] INFO  server.GrpcService (ConfUtils.java:logGet(44)) - raft.grpc.message.size.max = 32MB (=33554432) (custom)
2021-05-27 14:48:50,160 [Listener at 127.0.0.1/33213] INFO  server.RaftServerConfigKeys (ConfUtils.java:logGet(44)) - raft.server.log.appender.buffer.byte-limit = 33554432 (custom)
2021-05-27 14:48:50,160 [Listener at 127.0.0.1/33213] INFO  server.GrpcService (ConfUtils.java:logGet(44)) - raft.grpc.flow.control.window = 5MB (=5242880) (custom)
2021-05-27 14:48:50,161 [Listener at 127.0.0.1/33213] INFO  server.RaftServerConfigKeys (ConfUtils.java:logGet(44)) - raft.server.rpc.request.timeout = 3000ms (default)
2021-05-27 14:48:50,162 [Listener at 127.0.0.1/33213] INFO  impl.DataStreamServerImpl (ConfUtils.java:logGet(44)) - raft.datastream.type = DISABLED (default)
2021-05-27 14:48:50,162 [Listener at 127.0.0.1/33213] INFO  server.RaftServerConfigKeys (ConfUtils.java:logGet(44)) - raft.server.rpc.slowness.timeout = 300000ms (custom)
2021-05-27 14:48:50,162 [Listener at 127.0.0.1/33213] INFO  server.RaftServerConfigKeys (ConfUtils.java:logGet(44)) - raft.server.leaderelection.leader.step-down.wait-time = 10s (default)
2021-05-27 14:48:50,162 [Listener at 127.0.0.1/33213] INFO  server.RaftServerConfigKeys (ConfUtils.java:logGet(44)) - raft.server.storage.dir = [/home/runner/work/ozone/ozone/mnt/ozone/hadoop-ozone/integration-test/target/test-dir/MiniOzoneClusterImpl-01be8073-4a30-4c07-ba69-c81900f598d5/datanode-3/data/ratis] (custom)
2021-05-27 14:48:50,165 [Listener at 127.0.0.1/33213] INFO  http.BaseHttpServer (BaseHttpServer.java:newHttpServer2BuilderForOzone(209)) - Starting Web-server for hddsDatanode at: http://0.0.0.0:0
2021-05-27 14:48:50,165 [Listener at 127.0.0.1/33213] INFO  http.BaseHttpServer (BaseHttpServer.java:<init>(107)) - Hadoop Security Enabled: false Ozone Security Enabled: false Ozone HTTP Security Enabled: false 
2021-05-27 14:48:50,166 [Listener at 127.0.0.1/33213] INFO  server.AuthenticationFilter (AuthenticationFilter.java:constructSecretProvider(240)) - Unable to initialize FileSignerSecretProvider, falling back to use random secrets.
2021-05-27 14:48:50,167 [Listener at 127.0.0.1/33213] WARN  http.HttpRequestLog (HttpRequestLog.java:getRequestLog(103)) - Jetty request log can only be enabled using Log4j
2021-05-27 14:48:50,168 [Listener at 127.0.0.1/33213] INFO  http.HttpServer2 (HttpServer2.java:addGlobalFilter(1020)) - Added global filter 'safety' (class=org.apache.hadoop.hdds.server.http.HttpServer2$QuotingInputFilter)
2021-05-27 14:48:50,169 [Listener at 127.0.0.1/33213] INFO  http.HttpServer2 (HttpServer2.java:addFilter(996)) - Added filter static_user_filter (class=org.apache.hadoop.http.lib.StaticUserWebFilter$StaticUserFilter) to context hddsDatanode
2021-05-27 14:48:50,169 [Listener at 127.0.0.1/33213] INFO  http.HttpServer2 (HttpServer2.java:addFilter(1004)) - Added filter static_user_filter (class=org.apache.hadoop.http.lib.StaticUserWebFilter$StaticUserFilter) to context logs
2021-05-27 14:48:50,169 [Listener at 127.0.0.1/33213] INFO  http.HttpServer2 (HttpServer2.java:addFilter(1004)) - Added filter static_user_filter (class=org.apache.hadoop.http.lib.StaticUserWebFilter$StaticUserFilter) to context static
2021-05-27 14:48:50,170 [Listener at 127.0.0.1/33213] INFO  http.HttpServer2 (HttpServer2.java:bindListener(1238)) - Jetty bound to port 45903
2021-05-27 14:48:50,170 [Listener at 127.0.0.1/33213] INFO  server.Server (Server.java:doStart(375)) - jetty-9.4.35.v20201120; built: 2020-11-20T21:17:03.964Z; git: bdc54f03a5e0a7e280fab27f55c3c75ee8da89fb; jvm 1.8.0_292-b10
2021-05-27 14:48:50,172 [Listener at 127.0.0.1/33213] INFO  server.session (DefaultSessionIdManager.java:doStart(334)) - DefaultSessionIdManager workerName=node0
2021-05-27 14:48:50,172 [Listener at 127.0.0.1/33213] INFO  server.session (DefaultSessionIdManager.java:doStart(339)) - No SessionScavenger set, using defaults
2021-05-27 14:48:50,172 [Listener at 127.0.0.1/33213] INFO  server.session (HouseKeeper.java:startScavenging(132)) - node0 Scavenging every 660000ms
2021-05-27 14:48:50,174 [Listener at 127.0.0.1/33213] INFO  handler.ContextHandler (ContextHandler.java:doStart(916)) - Started o.e.j.s.ServletContextHandler@b4f7e1c{logs,/logs,file:///home/runner/work/ozone/ozone/mnt/ozone/hadoop-ozone/integration-test/target/log,AVAILABLE}
2021-05-27 14:48:50,175 [Listener at 127.0.0.1/33213] INFO  handler.ContextHandler (ContextHandler.java:doStart(916)) - Started o.e.j.s.ServletContextHandler@6c720765{static,/static,jar:file:/home/runner/.m2/repository/org/apache/hadoop/hadoop-hdds-container-service/1.2.0-SNAPSHOT/hadoop-hdds-container-service-1.2.0-SNAPSHOT.jar!/webapps/static,AVAILABLE}
2021-05-27 14:48:50,213 [Listener at 127.0.0.1/33213] INFO  handler.ContextHandler (ContextHandler.java:doStart(916)) - Started o.e.j.w.WebAppContext@2d95c3ef{hddsDatanode,/,file:///tmp/jetty-0_0_0_0-45903-hadoop-hdds-container-service-1_2_0-SNAPSHOT_jar-_-any-6165525273353057142/webapp/,AVAILABLE}{jar:file:/home/runner/.m2/repository/org/apache/hadoop/hadoop-hdds-container-service/1.2.0-SNAPSHOT/hadoop-hdds-container-service-1.2.0-SNAPSHOT.jar!/webapps/hddsDatanode}
2021-05-27 14:48:50,219 [Listener at 127.0.0.1/33213] INFO  server.AbstractConnector (AbstractConnector.java:doStart(331)) - Started ServerConnector@4a547f9d{HTTP/1.1, (http/1.1)}{0.0.0.0:45903}
2021-05-27 14:48:50,219 [Listener at 127.0.0.1/33213] INFO  server.Server (Server.java:doStart(415)) - Started @5543ms
2021-05-27 14:48:50,219 [Listener at 127.0.0.1/33213] WARN  impl.MetricsSystemImpl (MetricsSystemImpl.java:register(279)) - Sink prometheus already exists!
2021-05-27 14:48:50,220 [Listener at 127.0.0.1/33213] INFO  http.BaseHttpServer (BaseHttpServer.java:updateConnectorAddress(329)) - HTTP server of hddsDatanode listening at http://0.0.0.0:45903
2021-05-27 14:48:50,221 [Listener at 127.0.0.1/33213] INFO  impl.MetricsSystemImpl (MetricsSystemImpl.java:init(158)) - HddsDatanode metrics system started (again)
2021-05-27 14:48:50,222 [Listener at 127.0.0.1/33213] INFO  ozone.HddsDatanodeService (HddsDatanodeService.java:start(220)) - HddsDatanodeService host:fv-az270-287.tacnzluakwdehk1hpragurqkma.bx.internal.cloudapp.net ip:10.1.0.4
2021-05-27 14:48:50,229 [org.apache.hadoop.util.JvmPauseMonitor$Monitor@4dbedd45] INFO  util.JvmPauseMonitor (JvmPauseMonitor.java:run(188)) - Starting JVM pause monitor
2021-05-27 14:48:50,234 [Datanode State Machine Task Thread - 0] INFO  datanode.InitDatanodeState (InitDatanodeState.java:persistContainerDatanodeDetails(145)) - DatanodeDetails is persisted to /home/runner/work/ozone/ozone/mnt/ozone/hadoop-ozone/integration-test/target/test-dir/MiniOzoneClusterImpl-01be8073-4a30-4c07-ba69-c81900f598d5/datanode-3/meta/datanode.id
2021-05-27 14:48:50,244 [Listener at 127.0.0.1/33213] INFO  volume.HddsVolume (HddsVolume.java:<init>(184)) - Creating Volume: /home/runner/work/ozone/ozone/mnt/ozone/hadoop-ozone/integration-test/target/test-dir/MiniOzoneClusterImpl-01be8073-4a30-4c07-ba69-c81900f598d5/datanode-4/data-0/containers/hdds of storage type : DISK and capacity : 9223372036854775807
2021-05-27 14:48:50,244 [Listener at 127.0.0.1/33213] INFO  volume.MutableVolumeSet (MutableVolumeSet.java:initializeVolumeSet(198)) - Added Volume : /home/runner/work/ozone/ozone/mnt/ozone/hadoop-ozone/integration-test/target/test-dir/MiniOzoneClusterImpl-01be8073-4a30-4c07-ba69-c81900f598d5/datanode-4/data-0/containers/hdds to VolumeSet
2021-05-27 14:48:50,245 [Listener at 127.0.0.1/33213] INFO  volume.ThrottledAsyncChecker (ThrottledAsyncChecker.java:schedule(141)) - Scheduling a check for /home/runner/work/ozone/ozone/mnt/ozone/hadoop-ozone/integration-test/target/test-dir/MiniOzoneClusterImpl-01be8073-4a30-4c07-ba69-c81900f598d5/datanode-4/data-0/containers/hdds
2021-05-27 14:48:50,248 [Listener at 127.0.0.1/33213] INFO  volume.HddsVolumeChecker (HddsVolumeChecker.java:checkAllVolumes(201)) - Scheduled health check for volume /home/runner/work/ozone/ozone/mnt/ozone/hadoop-ozone/integration-test/target/test-dir/MiniOzoneClusterImpl-01be8073-4a30-4c07-ba69-c81900f598d5/datanode-4/data-0/containers/hdds
2021-05-27 14:48:50,260 [Listener at 127.0.0.1/33213] INFO  ozoneimpl.ContainerReader (ContainerReader.java:<init>(98)) - Running in upgrade mode:true
2021-05-27 14:48:50,261 [Thread-171] INFO  ozoneimpl.ContainerReader (ContainerReader.java:readVolume(142)) - Start to verify containers on volume /home/runner/work/ozone/ozone/mnt/ozone/hadoop-ozone/integration-test/target/test-dir/MiniOzoneClusterImpl-01be8073-4a30-4c07-ba69-c81900f598d5/datanode-4/data-0/containers/hdds
2021-05-27 14:48:50,261 [Thread-171] INFO  ozoneimpl.ContainerReader (ContainerReader.java:readVolume(174)) - Finish verifying containers on volume /home/runner/work/ozone/ozone/mnt/ozone/hadoop-ozone/integration-test/target/test-dir/MiniOzoneClusterImpl-01be8073-4a30-4c07-ba69-c81900f598d5/datanode-4/data-0/containers/hdds
2021-05-27 14:48:50,261 [Listener at 127.0.0.1/33213] INFO  ozoneimpl.OzoneContainer (OzoneContainer.java:buildContainerSet(228)) - Build ContainerSet costs 0s
2021-05-27 14:48:50,264 [Listener at 127.0.0.1/33213] INFO  server.RaftServer (ConfUtils.java:logGet(44)) - raft.rpc.type = GRPC (default)
2021-05-27 14:48:50,264 [Listener at 127.0.0.1/33213] INFO  grpc.GrpcFactory (GrpcFactory.java:checkPooledByteBufAllocatorUseCacheForAllThreads(48)) - PERFORMANCE WARNING: useCacheForAllThreads is true that may cause Netty to create a lot garbage objects and, as a result, trigger GC.
	It is recommended to disable useCacheForAllThreads by setting -Dorg.apache.ratis.thirdparty.io.netty.allocator.useCacheForAllThreads=false in command line.
2021-05-27 14:48:50,264 [Listener at 127.0.0.1/33213] INFO  grpc.GrpcConfigKeys (ConfUtils.java:logGet(44)) - raft.grpc.admin.port = 0 (custom)
2021-05-27 14:48:50,264 [Listener at 127.0.0.1/33213] INFO  grpc.GrpcConfigKeys (ConfUtils.java:logGet(44)) - raft.grpc.client.port = 0 (custom)
2021-05-27 14:48:50,264 [Listener at 127.0.0.1/33213] INFO  grpc.GrpcConfigKeys (ConfUtils.java:logGet(44)) - raft.grpc.server.port = 0 (default)
2021-05-27 14:48:50,264 [Listener at 127.0.0.1/33213] INFO  server.GrpcService (ConfUtils.java:logGet(44)) - raft.grpc.message.size.max = 32MB (=33554432) (custom)
2021-05-27 14:48:50,264 [Listener at 127.0.0.1/33213] INFO  server.RaftServerConfigKeys (ConfUtils.java:logGet(44)) - raft.server.log.appender.buffer.byte-limit = 33554432 (custom)
2021-05-27 14:48:50,264 [Listener at 127.0.0.1/33213] INFO  server.GrpcService (ConfUtils.java:logGet(44)) - raft.grpc.flow.control.window = 5MB (=5242880) (custom)
2021-05-27 14:48:50,265 [Listener at 127.0.0.1/33213] INFO  server.RaftServerConfigKeys (ConfUtils.java:logGet(44)) - raft.server.rpc.request.timeout = 3000ms (default)
2021-05-27 14:48:50,266 [Listener at 127.0.0.1/33213] INFO  impl.DataStreamServerImpl (ConfUtils.java:logGet(44)) - raft.datastream.type = DISABLED (default)
2021-05-27 14:48:50,266 [Listener at 127.0.0.1/33213] INFO  server.RaftServerConfigKeys (ConfUtils.java:logGet(44)) - raft.server.rpc.slowness.timeout = 300000ms (custom)
2021-05-27 14:48:50,266 [Listener at 127.0.0.1/33213] INFO  server.RaftServerConfigKeys (ConfUtils.java:logGet(44)) - raft.server.leaderelection.leader.step-down.wait-time = 10s (default)
2021-05-27 14:48:50,266 [Listener at 127.0.0.1/33213] INFO  server.RaftServerConfigKeys (ConfUtils.java:logGet(44)) - raft.server.storage.dir = [/home/runner/work/ozone/ozone/mnt/ozone/hadoop-ozone/integration-test/target/test-dir/MiniOzoneClusterImpl-01be8073-4a30-4c07-ba69-c81900f598d5/datanode-4/data/ratis] (custom)
2021-05-27 14:48:50,269 [Listener at 127.0.0.1/33213] INFO  http.BaseHttpServer (BaseHttpServer.java:newHttpServer2BuilderForOzone(209)) - Starting Web-server for hddsDatanode at: http://0.0.0.0:0
2021-05-27 14:48:50,269 [Listener at 127.0.0.1/33213] INFO  http.BaseHttpServer (BaseHttpServer.java:<init>(107)) - Hadoop Security Enabled: false Ozone Security Enabled: false Ozone HTTP Security Enabled: false 
2021-05-27 14:48:50,270 [Listener at 127.0.0.1/33213] INFO  server.AuthenticationFilter (AuthenticationFilter.java:constructSecretProvider(240)) - Unable to initialize FileSignerSecretProvider, falling back to use random secrets.
2021-05-27 14:48:50,271 [Listener at 127.0.0.1/33213] WARN  http.HttpRequestLog (HttpRequestLog.java:getRequestLog(103)) - Jetty request log can only be enabled using Log4j
2021-05-27 14:48:50,271 [Listener at 127.0.0.1/33213] INFO  http.HttpServer2 (HttpServer2.java:addGlobalFilter(1020)) - Added global filter 'safety' (class=org.apache.hadoop.hdds.server.http.HttpServer2$QuotingInputFilter)
2021-05-27 14:48:50,272 [Listener at 127.0.0.1/33213] INFO  http.HttpServer2 (HttpServer2.java:addFilter(996)) - Added filter static_user_filter (class=org.apache.hadoop.http.lib.StaticUserWebFilter$StaticUserFilter) to context hddsDatanode
2021-05-27 14:48:50,272 [Listener at 127.0.0.1/33213] INFO  http.HttpServer2 (HttpServer2.java:addFilter(1004)) - Added filter static_user_filter (class=org.apache.hadoop.http.lib.StaticUserWebFilter$StaticUserFilter) to context logs
2021-05-27 14:48:50,272 [Listener at 127.0.0.1/33213] INFO  http.HttpServer2 (HttpServer2.java:addFilter(1004)) - Added filter static_user_filter (class=org.apache.hadoop.http.lib.StaticUserWebFilter$StaticUserFilter) to context static
2021-05-27 14:48:50,273 [Listener at 127.0.0.1/33213] INFO  http.HttpServer2 (HttpServer2.java:bindListener(1238)) - Jetty bound to port 43283
2021-05-27 14:48:50,273 [Listener at 127.0.0.1/33213] INFO  server.Server (Server.java:doStart(375)) - jetty-9.4.35.v20201120; built: 2020-11-20T21:17:03.964Z; git: bdc54f03a5e0a7e280fab27f55c3c75ee8da89fb; jvm 1.8.0_292-b10
2021-05-27 14:48:50,274 [Listener at 127.0.0.1/33213] INFO  server.session (DefaultSessionIdManager.java:doStart(334)) - DefaultSessionIdManager workerName=node0
2021-05-27 14:48:50,275 [Listener at 127.0.0.1/33213] INFO  server.session (DefaultSessionIdManager.java:doStart(339)) - No SessionScavenger set, using defaults
2021-05-27 14:48:50,275 [Listener at 127.0.0.1/33213] INFO  server.session (HouseKeeper.java:startScavenging(132)) - node0 Scavenging every 600000ms
2021-05-27 14:48:50,275 [Listener at 127.0.0.1/33213] INFO  handler.ContextHandler (ContextHandler.java:doStart(916)) - Started o.e.j.s.ServletContextHandler@7ec416a0{logs,/logs,file:///home/runner/work/ozone/ozone/mnt/ozone/hadoop-ozone/integration-test/target/log,AVAILABLE}
2021-05-27 14:48:50,276 [om1@group-C5BA1605619E-FollowerState] INFO  impl.FollowerState (FollowerState.java:run(134)) - om1@group-C5BA1605619E-FollowerState: change to CANDIDATE, lastRpcElapsedTime:1109141967ns, electionTimeout:1106ms
2021-05-27 14:48:50,276 [Listener at 127.0.0.1/33213] INFO  handler.ContextHandler (ContextHandler.java:doStart(916)) - Started o.e.j.s.ServletContextHandler@2cfd91b9{static,/static,jar:file:/home/runner/.m2/repository/org/apache/hadoop/hadoop-hdds-container-service/1.2.0-SNAPSHOT/hadoop-hdds-container-service-1.2.0-SNAPSHOT.jar!/webapps/static,AVAILABLE}
2021-05-27 14:48:50,276 [om1@group-C5BA1605619E-FollowerState] INFO  impl.RoleInfo (RoleInfo.java:shutdownFollowerState(108)) - om1: shutdown om1@group-C5BA1605619E-FollowerState
2021-05-27 14:48:50,276 [om1@group-C5BA1605619E-FollowerState] INFO  server.RaftServer$Division (RaftServerImpl.java:setRole(284)) - om1@group-C5BA1605619E: changes role from  FOLLOWER to CANDIDATE at term 0 for changeToCandidate
2021-05-27 14:48:50,279 [om1@group-C5BA1605619E-FollowerState] INFO  server.RaftServerConfigKeys (ConfUtils.java:logGet(44)) - raft.server.leaderelection.pre-vote = false (custom)
2021-05-27 14:48:50,279 [om1@group-C5BA1605619E-FollowerState] INFO  impl.RoleInfo (RoleInfo.java:updateAndGet(130)) - om1: start om1@group-C5BA1605619E-LeaderElection1
2021-05-27 14:48:50,299 [om1@group-C5BA1605619E-LeaderElection1] INFO  impl.LeaderElection (LeaderElection.java:askForVotes(306)) - om1@group-C5BA1605619E-LeaderElection1 ELECTION round 0: submit vote requests at term 1 for -1: [om1|rpc:localhost:9872|priority:0], old=null
2021-05-27 14:48:50,300 [om1@group-C5BA1605619E-LeaderElection1] INFO  impl.LeaderElection (LeaderElection.java:askForVotes(308)) - om1@group-C5BA1605619E-LeaderElection1 ELECTION round 0: result PASSED (term=1)
2021-05-27 14:48:50,300 [om1@group-C5BA1605619E-LeaderElection1] INFO  impl.RoleInfo (RoleInfo.java:shutdownLeaderElection(121)) - om1: shutdown om1@group-C5BA1605619E-LeaderElection1
2021-05-27 14:48:50,301 [om1@group-C5BA1605619E-LeaderElection1] INFO  server.RaftServer$Division (RaftServerImpl.java:setRole(284)) - om1@group-C5BA1605619E: changes role from CANDIDATE to LEADER at term 1 for changeToLeader
2021-05-27 14:48:50,301 [om1@group-C5BA1605619E-LeaderElection1] INFO  server.RaftServer$Division (ServerState.java:setLeader(271)) - om1@group-C5BA1605619E: change Leader from null to om1 at term 1 for becomeLeader, leader elected after 1254ms
2021-05-27 14:48:50,316 [om1@group-C5BA1605619E-LeaderElection1] INFO  server.RaftServerConfigKeys (ConfUtils.java:logGet(44)) - raft.server.staging.catchup.gap = 1000 (default)
2021-05-27 14:48:50,318 [om1@group-C5BA1605619E-LeaderElection1] INFO  metrics.RatisMetrics (RatisMetrics.java:lambda$create$0(36)) - Creating Metrics Registry : ratis.log_appender.om1@group-C5BA1605619E
2021-05-27 14:48:50,320 [om1@group-C5BA1605619E-LeaderElection1] INFO  server.RaftServerConfigKeys (ConfUtils.java:logGet(44)) - raft.server.write.element-limit = 4096 (default)
2021-05-27 14:48:50,320 [om1@group-C5BA1605619E-LeaderElection1] INFO  server.RaftServerConfigKeys (ConfUtils.java:logGet(44)) - raft.server.write.byte-limit = 64MB (=67108864) (default)
2021-05-27 14:48:50,323 [Listener at 127.0.0.1/33213] INFO  handler.ContextHandler (ContextHandler.java:doStart(916)) - Started o.e.j.w.WebAppContext@55704859{hddsDatanode,/,file:///tmp/jetty-0_0_0_0-43283-hadoop-hdds-container-service-1_2_0-SNAPSHOT_jar-_-any-4153527442868128233/webapp/,AVAILABLE}{jar:file:/home/runner/.m2/repository/org/apache/hadoop/hadoop-hdds-container-service/1.2.0-SNAPSHOT/hadoop-hdds-container-service-1.2.0-SNAPSHOT.jar!/webapps/hddsDatanode}
2021-05-27 14:48:50,325 [Listener at 127.0.0.1/33213] INFO  server.AbstractConnector (AbstractConnector.java:doStart(331)) - Started ServerConnector@35007b7a{HTTP/1.1, (http/1.1)}{0.0.0.0:43283}
2021-05-27 14:48:50,325 [Listener at 127.0.0.1/33213] INFO  server.Server (Server.java:doStart(415)) - Started @5649ms
2021-05-27 14:48:50,325 [Listener at 127.0.0.1/33213] WARN  impl.MetricsSystemImpl (MetricsSystemImpl.java:register(279)) - Sink prometheus already exists!
2021-05-27 14:48:50,326 [Listener at 127.0.0.1/33213] INFO  http.BaseHttpServer (BaseHttpServer.java:updateConnectorAddress(329)) - HTTP server of hddsDatanode listening at http://0.0.0.0:43283
2021-05-27 14:48:50,327 [Listener at 127.0.0.1/33213] INFO  impl.MetricsSystemImpl (MetricsSystemImpl.java:init(158)) - HddsDatanode metrics system started (again)
2021-05-27 14:48:50,328 [Listener at 127.0.0.1/33213] INFO  ozone.HddsDatanodeService (HddsDatanodeService.java:start(220)) - HddsDatanodeService host:fv-az270-287.tacnzluakwdehk1hpragurqkma.bx.internal.cloudapp.net ip:10.1.0.4
2021-05-27 14:48:50,333 [om1@group-C5BA1605619E-LeaderElection1] INFO  server.RaftServerConfigKeys (ConfUtils.java:logGet(44)) - raft.server.watch.timeout = 10s (default)
2021-05-27 14:48:50,334 [om1@group-C5BA1605619E-LeaderElection1] INFO  server.RaftServerConfigKeys (ConfUtils.java:logGet(44)) - raft.server.watch.timeout.denomination = 1s (default)
2021-05-27 14:48:50,334 [om1@group-C5BA1605619E-LeaderElection1] INFO  server.RaftServerConfigKeys (ConfUtils.java:logGet(44)) - raft.server.watch.element-limit = 65536 (default)
2021-05-27 14:48:50,341 [org.apache.hadoop.util.JvmPauseMonitor$Monitor@44d3c343] INFO  util.JvmPauseMonitor (JvmPauseMonitor.java:run(188)) - Starting JVM pause monitor
2021-05-27 14:48:50,352 [om1@group-C5BA1605619E-LeaderElection1] INFO  impl.RoleInfo (RoleInfo.java:updateAndGet(130)) - om1: start om1@group-C5BA1605619E-LeaderStateImpl
2021-05-27 14:48:50,355 [Listener at 127.0.0.1/33213] INFO  volume.HddsVolume (HddsVolume.java:<init>(184)) - Creating Volume: /home/runner/work/ozone/ozone/mnt/ozone/hadoop-ozone/integration-test/target/test-dir/MiniOzoneClusterImpl-01be8073-4a30-4c07-ba69-c81900f598d5/datanode-5/data-0/containers/hdds of storage type : DISK and capacity : 9223372036854775807
2021-05-27 14:48:50,359 [Listener at 127.0.0.1/33213] INFO  volume.MutableVolumeSet (MutableVolumeSet.java:initializeVolumeSet(198)) - Added Volume : /home/runner/work/ozone/ozone/mnt/ozone/hadoop-ozone/integration-test/target/test-dir/MiniOzoneClusterImpl-01be8073-4a30-4c07-ba69-c81900f598d5/datanode-5/data-0/containers/hdds to VolumeSet
2021-05-27 14:48:50,359 [Listener at 127.0.0.1/33213] INFO  volume.ThrottledAsyncChecker (ThrottledAsyncChecker.java:schedule(141)) - Scheduling a check for /home/runner/work/ozone/ozone/mnt/ozone/hadoop-ozone/integration-test/target/test-dir/MiniOzoneClusterImpl-01be8073-4a30-4c07-ba69-c81900f598d5/datanode-5/data-0/containers/hdds
2021-05-27 14:48:50,358 [Datanode State Machine Task Thread - 0] INFO  datanode.InitDatanodeState (InitDatanodeState.java:persistContainerDatanodeDetails(145)) - DatanodeDetails is persisted to /home/runner/work/ozone/ozone/mnt/ozone/hadoop-ozone/integration-test/target/test-dir/MiniOzoneClusterImpl-01be8073-4a30-4c07-ba69-c81900f598d5/datanode-4/meta/datanode.id
2021-05-27 14:48:50,360 [Listener at 127.0.0.1/33213] INFO  volume.HddsVolumeChecker (HddsVolumeChecker.java:checkAllVolumes(201)) - Scheduled health check for volume /home/runner/work/ozone/ozone/mnt/ozone/hadoop-ozone/integration-test/target/test-dir/MiniOzoneClusterImpl-01be8073-4a30-4c07-ba69-c81900f598d5/datanode-5/data-0/containers/hdds
2021-05-27 14:48:50,372 [Listener at 127.0.0.1/33213] INFO  ozoneimpl.ContainerReader (ContainerReader.java:<init>(98)) - Running in upgrade mode:true
2021-05-27 14:48:50,372 [Thread-184] INFO  ozoneimpl.ContainerReader (ContainerReader.java:readVolume(142)) - Start to verify containers on volume /home/runner/work/ozone/ozone/mnt/ozone/hadoop-ozone/integration-test/target/test-dir/MiniOzoneClusterImpl-01be8073-4a30-4c07-ba69-c81900f598d5/datanode-5/data-0/containers/hdds
2021-05-27 14:48:50,372 [Thread-184] INFO  ozoneimpl.ContainerReader (ContainerReader.java:readVolume(174)) - Finish verifying containers on volume /home/runner/work/ozone/ozone/mnt/ozone/hadoop-ozone/integration-test/target/test-dir/MiniOzoneClusterImpl-01be8073-4a30-4c07-ba69-c81900f598d5/datanode-5/data-0/containers/hdds
2021-05-27 14:48:50,372 [Listener at 127.0.0.1/33213] INFO  ozoneimpl.OzoneContainer (OzoneContainer.java:buildContainerSet(228)) - Build ContainerSet costs 0s
2021-05-27 14:48:50,375 [Listener at 127.0.0.1/33213] INFO  server.RaftServer (ConfUtils.java:logGet(44)) - raft.rpc.type = GRPC (default)
2021-05-27 14:48:50,375 [Listener at 127.0.0.1/33213] INFO  grpc.GrpcFactory (GrpcFactory.java:checkPooledByteBufAllocatorUseCacheForAllThreads(48)) - PERFORMANCE WARNING: useCacheForAllThreads is true that may cause Netty to create a lot garbage objects and, as a result, trigger GC.
	It is recommended to disable useCacheForAllThreads by setting -Dorg.apache.ratis.thirdparty.io.netty.allocator.useCacheForAllThreads=false in command line.
2021-05-27 14:48:50,375 [Listener at 127.0.0.1/33213] INFO  grpc.GrpcConfigKeys (ConfUtils.java:logGet(44)) - raft.grpc.admin.port = 0 (custom)
2021-05-27 14:48:50,375 [Listener at 127.0.0.1/33213] INFO  grpc.GrpcConfigKeys (ConfUtils.java:logGet(44)) - raft.grpc.client.port = 0 (custom)
2021-05-27 14:48:50,375 [Listener at 127.0.0.1/33213] INFO  grpc.GrpcConfigKeys (ConfUtils.java:logGet(44)) - raft.grpc.server.port = 0 (default)
2021-05-27 14:48:50,376 [Listener at 127.0.0.1/33213] INFO  server.GrpcService (ConfUtils.java:logGet(44)) - raft.grpc.message.size.max = 32MB (=33554432) (custom)
2021-05-27 14:48:50,376 [Listener at 127.0.0.1/33213] INFO  server.RaftServerConfigKeys (ConfUtils.java:logGet(44)) - raft.server.log.appender.buffer.byte-limit = 33554432 (custom)
2021-05-27 14:48:50,376 [Listener at 127.0.0.1/33213] INFO  server.GrpcService (ConfUtils.java:logGet(44)) - raft.grpc.flow.control.window = 5MB (=5242880) (custom)
2021-05-27 14:48:50,376 [Listener at 127.0.0.1/33213] INFO  server.RaftServerConfigKeys (ConfUtils.java:logGet(44)) - raft.server.rpc.request.timeout = 3000ms (default)
2021-05-27 14:48:50,378 [Listener at 127.0.0.1/33213] INFO  impl.DataStreamServerImpl (ConfUtils.java:logGet(44)) - raft.datastream.type = DISABLED (default)
2021-05-27 14:48:50,378 [Listener at 127.0.0.1/33213] INFO  server.RaftServerConfigKeys (ConfUtils.java:logGet(44)) - raft.server.rpc.slowness.timeout = 300000ms (custom)
2021-05-27 14:48:50,378 [Listener at 127.0.0.1/33213] INFO  server.RaftServerConfigKeys (ConfUtils.java:logGet(44)) - raft.server.leaderelection.leader.step-down.wait-time = 10s (default)
2021-05-27 14:48:50,378 [Listener at 127.0.0.1/33213] INFO  server.RaftServerConfigKeys (ConfUtils.java:logGet(44)) - raft.server.storage.dir = [/home/runner/work/ozone/ozone/mnt/ozone/hadoop-ozone/integration-test/target/test-dir/MiniOzoneClusterImpl-01be8073-4a30-4c07-ba69-c81900f598d5/datanode-5/data/ratis] (custom)
2021-05-27 14:48:50,383 [Listener at 127.0.0.1/33213] INFO  http.BaseHttpServer (BaseHttpServer.java:newHttpServer2BuilderForOzone(209)) - Starting Web-server for hddsDatanode at: http://0.0.0.0:0
2021-05-27 14:48:50,383 [Listener at 127.0.0.1/33213] INFO  http.BaseHttpServer (BaseHttpServer.java:<init>(107)) - Hadoop Security Enabled: false Ozone Security Enabled: false Ozone HTTP Security Enabled: false 
2021-05-27 14:48:50,385 [Listener at 127.0.0.1/33213] INFO  server.AuthenticationFilter (AuthenticationFilter.java:constructSecretProvider(240)) - Unable to initialize FileSignerSecretProvider, falling back to use random secrets.
2021-05-27 14:48:50,385 [Listener at 127.0.0.1/33213] WARN  http.HttpRequestLog (HttpRequestLog.java:getRequestLog(103)) - Jetty request log can only be enabled using Log4j
2021-05-27 14:48:50,386 [Listener at 127.0.0.1/33213] INFO  http.HttpServer2 (HttpServer2.java:addGlobalFilter(1020)) - Added global filter 'safety' (class=org.apache.hadoop.hdds.server.http.HttpServer2$QuotingInputFilter)
2021-05-27 14:48:50,387 [Listener at 127.0.0.1/33213] INFO  http.HttpServer2 (HttpServer2.java:addFilter(996)) - Added filter static_user_filter (class=org.apache.hadoop.http.lib.StaticUserWebFilter$StaticUserFilter) to context hddsDatanode
2021-05-27 14:48:50,387 [Listener at 127.0.0.1/33213] INFO  http.HttpServer2 (HttpServer2.java:addFilter(1004)) - Added filter static_user_filter (class=org.apache.hadoop.http.lib.StaticUserWebFilter$StaticUserFilter) to context static
2021-05-27 14:48:50,387 [Listener at 127.0.0.1/33213] INFO  http.HttpServer2 (HttpServer2.java:addFilter(1004)) - Added filter static_user_filter (class=org.apache.hadoop.http.lib.StaticUserWebFilter$StaticUserFilter) to context logs
2021-05-27 14:48:50,387 [Listener at 127.0.0.1/33213] INFO  http.HttpServer2 (HttpServer2.java:bindListener(1238)) - Jetty bound to port 33955
2021-05-27 14:48:50,387 [Listener at 127.0.0.1/33213] INFO  server.Server (Server.java:doStart(375)) - jetty-9.4.35.v20201120; built: 2020-11-20T21:17:03.964Z; git: bdc54f03a5e0a7e280fab27f55c3c75ee8da89fb; jvm 1.8.0_292-b10
2021-05-27 14:48:50,394 [Listener at 127.0.0.1/33213] INFO  server.session (DefaultSessionIdManager.java:doStart(334)) - DefaultSessionIdManager workerName=node0
2021-05-27 14:48:50,394 [Listener at 127.0.0.1/33213] INFO  server.session (DefaultSessionIdManager.java:doStart(339)) - No SessionScavenger set, using defaults
2021-05-27 14:48:50,395 [Listener at 127.0.0.1/33213] INFO  server.session (HouseKeeper.java:startScavenging(132)) - node0 Scavenging every 600000ms
2021-05-27 14:48:50,401 [Listener at 127.0.0.1/33213] INFO  handler.ContextHandler (ContextHandler.java:doStart(916)) - Started o.e.j.s.ServletContextHandler@52f2d8e8{logs,/logs,file:///home/runner/work/ozone/ozone/mnt/ozone/hadoop-ozone/integration-test/target/log,AVAILABLE}
2021-05-27 14:48:50,401 [Listener at 127.0.0.1/33213] INFO  handler.ContextHandler (ContextHandler.java:doStart(916)) - Started o.e.j.s.ServletContextHandler@57fd93f9{static,/static,jar:file:/home/runner/.m2/repository/org/apache/hadoop/hadoop-hdds-container-service/1.2.0-SNAPSHOT/hadoop-hdds-container-service-1.2.0-SNAPSHOT.jar!/webapps/static,AVAILABLE}
2021-05-27 14:48:50,410 [om1@group-C5BA1605619E-LeaderElection1] INFO  segmented.SegmentedRaftLogWorker (SegmentedRaftLogWorker.java:startLogSegment(394)) - om1@group-C5BA1605619E-SegmentedRaftLogWorker: Starting segment from index:0
2021-05-27 14:48:50,455 [om1@group-C5BA1605619E-LeaderElection1] INFO  server.RaftServer$Division (ServerState.java:setRaftConf(373)) - om1@group-C5BA1605619E: set configuration 0: [om1|rpc:localhost:9872|admin:|client:|dataStream:|priority:0], old=null
2021-05-27 14:48:50,497 [Listener at 127.0.0.1/33213] INFO  handler.ContextHandler (ContextHandler.java:doStart(916)) - Started o.e.j.w.WebAppContext@447dec7e{hddsDatanode,/,file:///tmp/jetty-0_0_0_0-33955-hadoop-hdds-container-service-1_2_0-SNAPSHOT_jar-_-any-7902056593012391644/webapp/,AVAILABLE}{jar:file:/home/runner/.m2/repository/org/apache/hadoop/hadoop-hdds-container-service/1.2.0-SNAPSHOT/hadoop-hdds-container-service-1.2.0-SNAPSHOT.jar!/webapps/hddsDatanode}
2021-05-27 14:48:50,506 [Listener at 127.0.0.1/33213] INFO  server.AbstractConnector (AbstractConnector.java:doStart(331)) - Started ServerConnector@4913465d{HTTP/1.1, (http/1.1)}{0.0.0.0:33955}
2021-05-27 14:48:50,510 [Listener at 127.0.0.1/33213] INFO  server.Server (Server.java:doStart(415)) - Started @5830ms
2021-05-27 14:48:50,511 [Listener at 127.0.0.1/33213] WARN  impl.MetricsSystemImpl (MetricsSystemImpl.java:register(279)) - Sink prometheus already exists!
2021-05-27 14:48:50,511 [Listener at 127.0.0.1/33213] INFO  http.BaseHttpServer (BaseHttpServer.java:updateConnectorAddress(329)) - HTTP server of hddsDatanode listening at http://0.0.0.0:33955
2021-05-27 14:48:50,512 [Listener at 127.0.0.1/33213] INFO  impl.MetricsSystemImpl (MetricsSystemImpl.java:init(158)) - HddsDatanode metrics system started (again)
2021-05-27 14:48:50,513 [Listener at 127.0.0.1/33213] INFO  ozone.HddsDatanodeService (HddsDatanodeService.java:start(220)) - HddsDatanodeService host:fv-az270-287.tacnzluakwdehk1hpragurqkma.bx.internal.cloudapp.net ip:10.1.0.4
2021-05-27 14:48:50,517 [om1@group-C5BA1605619E-SegmentedRaftLogWorker] INFO  segmented.SegmentedRaftLogWorker (SegmentedRaftLogWorker.java:execute(601)) - om1@group-C5BA1605619E-SegmentedRaftLogWorker: created new log segment /home/runner/work/ozone/ozone/mnt/ozone/hadoop-ozone/integration-test/target/test-dir/MiniOzoneClusterImpl-01be8073-4a30-4c07-ba69-c81900f598d5/ozone-meta/ratis/bf265839-605b-3f16-9796-c5ba1605619e/current/log_inprogress_0
2021-05-27 14:48:50,531 [org.apache.hadoop.util.JvmPauseMonitor$Monitor@189dd996] INFO  util.JvmPauseMonitor (JvmPauseMonitor.java:run(188)) - Starting JVM pause monitor
2021-05-27 14:48:50,539 [Datanode State Machine Task Thread - 0] INFO  datanode.InitDatanodeState (InitDatanodeState.java:persistContainerDatanodeDetails(145)) - DatanodeDetails is persisted to /home/runner/work/ozone/ozone/mnt/ozone/hadoop-ozone/integration-test/target/test-dir/MiniOzoneClusterImpl-01be8073-4a30-4c07-ba69-c81900f598d5/datanode-5/meta/datanode.id
2021-05-27 14:48:50,546 [Listener at 127.0.0.1/33213] INFO  volume.HddsVolume (HddsVolume.java:<init>(184)) - Creating Volume: /home/runner/work/ozone/ozone/mnt/ozone/hadoop-ozone/integration-test/target/test-dir/MiniOzoneClusterImpl-01be8073-4a30-4c07-ba69-c81900f598d5/datanode-6/data-0/containers/hdds of storage type : DISK and capacity : 9223372036854775807
2021-05-27 14:48:50,546 [Listener at 127.0.0.1/33213] INFO  volume.MutableVolumeSet (MutableVolumeSet.java:initializeVolumeSet(198)) - Added Volume : /home/runner/work/ozone/ozone/mnt/ozone/hadoop-ozone/integration-test/target/test-dir/MiniOzoneClusterImpl-01be8073-4a30-4c07-ba69-c81900f598d5/datanode-6/data-0/containers/hdds to VolumeSet
2021-05-27 14:48:50,546 [Listener at 127.0.0.1/33213] INFO  volume.ThrottledAsyncChecker (ThrottledAsyncChecker.java:schedule(141)) - Scheduling a check for /home/runner/work/ozone/ozone/mnt/ozone/hadoop-ozone/integration-test/target/test-dir/MiniOzoneClusterImpl-01be8073-4a30-4c07-ba69-c81900f598d5/datanode-6/data-0/containers/hdds
2021-05-27 14:48:50,547 [Listener at 127.0.0.1/33213] INFO  volume.HddsVolumeChecker (HddsVolumeChecker.java:checkAllVolumes(201)) - Scheduled health check for volume /home/runner/work/ozone/ozone/mnt/ozone/hadoop-ozone/integration-test/target/test-dir/MiniOzoneClusterImpl-01be8073-4a30-4c07-ba69-c81900f598d5/datanode-6/data-0/containers/hdds
2021-05-27 14:48:50,560 [Listener at 127.0.0.1/33213] INFO  ozoneimpl.ContainerReader (ContainerReader.java:<init>(98)) - Running in upgrade mode:true
2021-05-27 14:48:50,560 [Thread-195] INFO  ozoneimpl.ContainerReader (ContainerReader.java:readVolume(142)) - Start to verify containers on volume /home/runner/work/ozone/ozone/mnt/ozone/hadoop-ozone/integration-test/target/test-dir/MiniOzoneClusterImpl-01be8073-4a30-4c07-ba69-c81900f598d5/datanode-6/data-0/containers/hdds
2021-05-27 14:48:50,560 [Thread-195] INFO  ozoneimpl.ContainerReader (ContainerReader.java:readVolume(174)) - Finish verifying containers on volume /home/runner/work/ozone/ozone/mnt/ozone/hadoop-ozone/integration-test/target/test-dir/MiniOzoneClusterImpl-01be8073-4a30-4c07-ba69-c81900f598d5/datanode-6/data-0/containers/hdds
2021-05-27 14:48:50,560 [Listener at 127.0.0.1/33213] INFO  ozoneimpl.OzoneContainer (OzoneContainer.java:buildContainerSet(228)) - Build ContainerSet costs 0s
2021-05-27 14:48:50,563 [Listener at 127.0.0.1/33213] INFO  server.RaftServer (ConfUtils.java:logGet(44)) - raft.rpc.type = GRPC (default)
2021-05-27 14:48:50,563 [Listener at 127.0.0.1/33213] INFO  grpc.GrpcFactory (GrpcFactory.java:checkPooledByteBufAllocatorUseCacheForAllThreads(48)) - PERFORMANCE WARNING: useCacheForAllThreads is true that may cause Netty to create a lot garbage objects and, as a result, trigger GC.
	It is recommended to disable useCacheForAllThreads by setting -Dorg.apache.ratis.thirdparty.io.netty.allocator.useCacheForAllThreads=false in command line.
2021-05-27 14:48:50,564 [Listener at 127.0.0.1/33213] INFO  grpc.GrpcConfigKeys (ConfUtils.java:logGet(44)) - raft.grpc.admin.port = 0 (custom)
2021-05-27 14:48:50,564 [Listener at 127.0.0.1/33213] INFO  grpc.GrpcConfigKeys (ConfUtils.java:logGet(44)) - raft.grpc.client.port = 0 (custom)
2021-05-27 14:48:50,564 [Listener at 127.0.0.1/33213] INFO  grpc.GrpcConfigKeys (ConfUtils.java:logGet(44)) - raft.grpc.server.port = 0 (default)
2021-05-27 14:48:50,564 [Listener at 127.0.0.1/33213] INFO  server.GrpcService (ConfUtils.java:logGet(44)) - raft.grpc.message.size.max = 32MB (=33554432) (custom)
2021-05-27 14:48:50,564 [Listener at 127.0.0.1/33213] INFO  server.RaftServerConfigKeys (ConfUtils.java:logGet(44)) - raft.server.log.appender.buffer.byte-limit = 33554432 (custom)
2021-05-27 14:48:50,564 [Listener at 127.0.0.1/33213] INFO  server.GrpcService (ConfUtils.java:logGet(44)) - raft.grpc.flow.control.window = 5MB (=5242880) (custom)
2021-05-27 14:48:50,564 [Listener at 127.0.0.1/33213] INFO  server.RaftServerConfigKeys (ConfUtils.java:logGet(44)) - raft.server.rpc.request.timeout = 3000ms (default)
2021-05-27 14:48:50,565 [Listener at 127.0.0.1/33213] INFO  impl.DataStreamServerImpl (ConfUtils.java:logGet(44)) - raft.datastream.type = DISABLED (default)
2021-05-27 14:48:50,566 [Listener at 127.0.0.1/33213] INFO  server.RaftServerConfigKeys (ConfUtils.java:logGet(44)) - raft.server.rpc.slowness.timeout = 300000ms (custom)
2021-05-27 14:48:50,567 [Listener at 127.0.0.1/33213] INFO  server.RaftServerConfigKeys (ConfUtils.java:logGet(44)) - raft.server.leaderelection.leader.step-down.wait-time = 10s (default)
2021-05-27 14:48:50,567 [Listener at 127.0.0.1/33213] INFO  server.RaftServerConfigKeys (ConfUtils.java:logGet(44)) - raft.server.storage.dir = [/home/runner/work/ozone/ozone/mnt/ozone/hadoop-ozone/integration-test/target/test-dir/MiniOzoneClusterImpl-01be8073-4a30-4c07-ba69-c81900f598d5/datanode-6/data/ratis] (custom)
2021-05-27 14:48:50,572 [Listener at 127.0.0.1/33213] INFO  http.BaseHttpServer (BaseHttpServer.java:newHttpServer2BuilderForOzone(209)) - Starting Web-server for hddsDatanode at: http://0.0.0.0:0
2021-05-27 14:48:50,572 [Listener at 127.0.0.1/33213] INFO  http.BaseHttpServer (BaseHttpServer.java:<init>(107)) - Hadoop Security Enabled: false Ozone Security Enabled: false Ozone HTTP Security Enabled: false 
2021-05-27 14:48:50,573 [Listener at 127.0.0.1/33213] INFO  server.AuthenticationFilter (AuthenticationFilter.java:constructSecretProvider(240)) - Unable to initialize FileSignerSecretProvider, falling back to use random secrets.
2021-05-27 14:48:50,574 [Listener at 127.0.0.1/33213] WARN  http.HttpRequestLog (HttpRequestLog.java:getRequestLog(103)) - Jetty request log can only be enabled using Log4j
2021-05-27 14:48:50,574 [Listener at 127.0.0.1/33213] INFO  http.HttpServer2 (HttpServer2.java:addGlobalFilter(1020)) - Added global filter 'safety' (class=org.apache.hadoop.hdds.server.http.HttpServer2$QuotingInputFilter)
2021-05-27 14:48:50,575 [Listener at 127.0.0.1/33213] INFO  http.HttpServer2 (HttpServer2.java:addFilter(996)) - Added filter static_user_filter (class=org.apache.hadoop.http.lib.StaticUserWebFilter$StaticUserFilter) to context hddsDatanode
2021-05-27 14:48:50,575 [Listener at 127.0.0.1/33213] INFO  http.HttpServer2 (HttpServer2.java:addFilter(1004)) - Added filter static_user_filter (class=org.apache.hadoop.http.lib.StaticUserWebFilter$StaticUserFilter) to context static
2021-05-27 14:48:50,575 [Listener at 127.0.0.1/33213] INFO  http.HttpServer2 (HttpServer2.java:addFilter(1004)) - Added filter static_user_filter (class=org.apache.hadoop.http.lib.StaticUserWebFilter$StaticUserFilter) to context logs
2021-05-27 14:48:50,576 [Listener at 127.0.0.1/33213] INFO  http.HttpServer2 (HttpServer2.java:bindListener(1238)) - Jetty bound to port 37825
2021-05-27 14:48:50,576 [Listener at 127.0.0.1/33213] INFO  server.Server (Server.java:doStart(375)) - jetty-9.4.35.v20201120; built: 2020-11-20T21:17:03.964Z; git: bdc54f03a5e0a7e280fab27f55c3c75ee8da89fb; jvm 1.8.0_292-b10
2021-05-27 14:48:50,578 [Listener at 127.0.0.1/33213] INFO  server.session (DefaultSessionIdManager.java:doStart(334)) - DefaultSessionIdManager workerName=node0
2021-05-27 14:48:50,579 [Listener at 127.0.0.1/33213] INFO  server.session (DefaultSessionIdManager.java:doStart(339)) - No SessionScavenger set, using defaults
2021-05-27 14:48:50,579 [Listener at 127.0.0.1/33213] INFO  server.session (HouseKeeper.java:startScavenging(132)) - node0 Scavenging every 600000ms
2021-05-27 14:48:50,581 [Listener at 127.0.0.1/33213] INFO  handler.ContextHandler (ContextHandler.java:doStart(916)) - Started o.e.j.s.ServletContextHandler@42e74fa3{logs,/logs,file:///home/runner/work/ozone/ozone/mnt/ozone/hadoop-ozone/integration-test/target/log,AVAILABLE}
2021-05-27 14:48:50,582 [Listener at 127.0.0.1/33213] INFO  handler.ContextHandler (ContextHandler.java:doStart(916)) - Started o.e.j.s.ServletContextHandler@b680059{static,/static,jar:file:/home/runner/.m2/repository/org/apache/hadoop/hadoop-hdds-container-service/1.2.0-SNAPSHOT/hadoop-hdds-container-service-1.2.0-SNAPSHOT.jar!/webapps/static,AVAILABLE}
2021-05-27 14:48:50,619 [Listener at 127.0.0.1/33213] INFO  handler.ContextHandler (ContextHandler.java:doStart(916)) - Started o.e.j.w.WebAppContext@338f96f5{hddsDatanode,/,file:///tmp/jetty-0_0_0_0-37825-hadoop-hdds-container-service-1_2_0-SNAPSHOT_jar-_-any-2515987362216371986/webapp/,AVAILABLE}{jar:file:/home/runner/.m2/repository/org/apache/hadoop/hadoop-hdds-container-service/1.2.0-SNAPSHOT/hadoop-hdds-container-service-1.2.0-SNAPSHOT.jar!/webapps/hddsDatanode}
2021-05-27 14:48:50,621 [Listener at 127.0.0.1/33213] INFO  server.AbstractConnector (AbstractConnector.java:doStart(331)) - Started ServerConnector@6e975866{HTTP/1.1, (http/1.1)}{0.0.0.0:37825}
2021-05-27 14:48:50,621 [Listener at 127.0.0.1/33213] INFO  server.Server (Server.java:doStart(415)) - Started @5945ms
2021-05-27 14:48:50,622 [Listener at 127.0.0.1/33213] WARN  impl.MetricsSystemImpl (MetricsSystemImpl.java:register(279)) - Sink prometheus already exists!
2021-05-27 14:48:50,622 [Listener at 127.0.0.1/33213] INFO  http.BaseHttpServer (BaseHttpServer.java:updateConnectorAddress(329)) - HTTP server of hddsDatanode listening at http://0.0.0.0:37825
2021-05-27 14:48:50,623 [Listener at 127.0.0.1/33213] INFO  impl.MetricsSystemImpl (MetricsSystemImpl.java:init(158)) - HddsDatanode metrics system started (again)
2021-05-27 14:48:50,624 [Listener at 127.0.0.1/33213] INFO  ozone.HddsDatanodeService (HddsDatanodeService.java:start(220)) - HddsDatanodeService host:fv-az270-287.tacnzluakwdehk1hpragurqkma.bx.internal.cloudapp.net ip:10.1.0.4
2021-05-27 14:48:50,634 [org.apache.hadoop.util.JvmPauseMonitor$Monitor@ff367d] INFO  util.JvmPauseMonitor (JvmPauseMonitor.java:run(188)) - Starting JVM pause monitor
2021-05-27 14:48:50,637 [Datanode State Machine Task Thread - 0] INFO  datanode.InitDatanodeState (InitDatanodeState.java:persistContainerDatanodeDetails(145)) - DatanodeDetails is persisted to /home/runner/work/ozone/ozone/mnt/ozone/hadoop-ozone/integration-test/target/test-dir/MiniOzoneClusterImpl-01be8073-4a30-4c07-ba69-c81900f598d5/datanode-6/meta/datanode.id
2021-05-27 14:48:50,665 [Listener at 127.0.0.1/33213] INFO  volume.HddsVolume (HddsVolume.java:<init>(184)) - Creating Volume: /home/runner/work/ozone/ozone/mnt/ozone/hadoop-ozone/integration-test/target/test-dir/MiniOzoneClusterImpl-01be8073-4a30-4c07-ba69-c81900f598d5/datanode-7/data-0/containers/hdds of storage type : DISK and capacity : 9223372036854775807
2021-05-27 14:48:50,666 [Listener at 127.0.0.1/33213] INFO  volume.MutableVolumeSet (MutableVolumeSet.java:initializeVolumeSet(198)) - Added Volume : /home/runner/work/ozone/ozone/mnt/ozone/hadoop-ozone/integration-test/target/test-dir/MiniOzoneClusterImpl-01be8073-4a30-4c07-ba69-c81900f598d5/datanode-7/data-0/containers/hdds to VolumeSet
2021-05-27 14:48:50,666 [Listener at 127.0.0.1/33213] INFO  volume.ThrottledAsyncChecker (ThrottledAsyncChecker.java:schedule(141)) - Scheduling a check for /home/runner/work/ozone/ozone/mnt/ozone/hadoop-ozone/integration-test/target/test-dir/MiniOzoneClusterImpl-01be8073-4a30-4c07-ba69-c81900f598d5/datanode-7/data-0/containers/hdds
2021-05-27 14:48:50,666 [Listener at 127.0.0.1/33213] INFO  volume.HddsVolumeChecker (HddsVolumeChecker.java:checkAllVolumes(201)) - Scheduled health check for volume /home/runner/work/ozone/ozone/mnt/ozone/hadoop-ozone/integration-test/target/test-dir/MiniOzoneClusterImpl-01be8073-4a30-4c07-ba69-c81900f598d5/datanode-7/data-0/containers/hdds
2021-05-27 14:48:50,678 [Listener at 127.0.0.1/33213] INFO  ozoneimpl.ContainerReader (ContainerReader.java:<init>(98)) - Running in upgrade mode:true
2021-05-27 14:48:50,679 [Thread-206] INFO  ozoneimpl.ContainerReader (ContainerReader.java:readVolume(142)) - Start to verify containers on volume /home/runner/work/ozone/ozone/mnt/ozone/hadoop-ozone/integration-test/target/test-dir/MiniOzoneClusterImpl-01be8073-4a30-4c07-ba69-c81900f598d5/datanode-7/data-0/containers/hdds
2021-05-27 14:48:50,679 [Thread-206] INFO  ozoneimpl.ContainerReader (ContainerReader.java:readVolume(174)) - Finish verifying containers on volume /home/runner/work/ozone/ozone/mnt/ozone/hadoop-ozone/integration-test/target/test-dir/MiniOzoneClusterImpl-01be8073-4a30-4c07-ba69-c81900f598d5/datanode-7/data-0/containers/hdds
2021-05-27 14:48:50,679 [Listener at 127.0.0.1/33213] INFO  ozoneimpl.OzoneContainer (OzoneContainer.java:buildContainerSet(228)) - Build ContainerSet costs 0s
2021-05-27 14:48:50,681 [Listener at 127.0.0.1/33213] INFO  server.RaftServer (ConfUtils.java:logGet(44)) - raft.rpc.type = GRPC (default)
2021-05-27 14:48:50,682 [Listener at 127.0.0.1/33213] INFO  grpc.GrpcFactory (GrpcFactory.java:checkPooledByteBufAllocatorUseCacheForAllThreads(48)) - PERFORMANCE WARNING: useCacheForAllThreads is true that may cause Netty to create a lot garbage objects and, as a result, trigger GC.
	It is recommended to disable useCacheForAllThreads by setting -Dorg.apache.ratis.thirdparty.io.netty.allocator.useCacheForAllThreads=false in command line.
2021-05-27 14:48:50,682 [Listener at 127.0.0.1/33213] INFO  grpc.GrpcConfigKeys (ConfUtils.java:logGet(44)) - raft.grpc.admin.port = 0 (custom)
2021-05-27 14:48:50,682 [Listener at 127.0.0.1/33213] INFO  grpc.GrpcConfigKeys (ConfUtils.java:logGet(44)) - raft.grpc.client.port = 0 (custom)
2021-05-27 14:48:50,682 [Listener at 127.0.0.1/33213] INFO  grpc.GrpcConfigKeys (ConfUtils.java:logGet(44)) - raft.grpc.server.port = 0 (default)
2021-05-27 14:48:50,682 [Listener at 127.0.0.1/33213] INFO  server.GrpcService (ConfUtils.java:logGet(44)) - raft.grpc.message.size.max = 32MB (=33554432) (custom)
2021-05-27 14:48:50,682 [Listener at 127.0.0.1/33213] INFO  server.RaftServerConfigKeys (ConfUtils.java:logGet(44)) - raft.server.log.appender.buffer.byte-limit = 33554432 (custom)
2021-05-27 14:48:50,682 [Listener at 127.0.0.1/33213] INFO  server.GrpcService (ConfUtils.java:logGet(44)) - raft.grpc.flow.control.window = 5MB (=5242880) (custom)
2021-05-27 14:48:50,682 [Listener at 127.0.0.1/33213] INFO  server.RaftServerConfigKeys (ConfUtils.java:logGet(44)) - raft.server.rpc.request.timeout = 3000ms (default)
2021-05-27 14:48:50,683 [Listener at 127.0.0.1/33213] INFO  impl.DataStreamServerImpl (ConfUtils.java:logGet(44)) - raft.datastream.type = DISABLED (default)
2021-05-27 14:48:50,683 [Listener at 127.0.0.1/33213] INFO  server.RaftServerConfigKeys (ConfUtils.java:logGet(44)) - raft.server.rpc.slowness.timeout = 300000ms (custom)
2021-05-27 14:48:50,684 [Listener at 127.0.0.1/33213] INFO  server.RaftServerConfigKeys (ConfUtils.java:logGet(44)) - raft.server.leaderelection.leader.step-down.wait-time = 10s (default)
2021-05-27 14:48:50,684 [Listener at 127.0.0.1/33213] INFO  server.RaftServerConfigKeys (ConfUtils.java:logGet(44)) - raft.server.storage.dir = [/home/runner/work/ozone/ozone/mnt/ozone/hadoop-ozone/integration-test/target/test-dir/MiniOzoneClusterImpl-01be8073-4a30-4c07-ba69-c81900f598d5/datanode-7/data/ratis] (custom)
2021-05-27 14:48:50,686 [Listener at 127.0.0.1/33213] INFO  http.BaseHttpServer (BaseHttpServer.java:newHttpServer2BuilderForOzone(209)) - Starting Web-server for hddsDatanode at: http://0.0.0.0:0
2021-05-27 14:48:50,687 [Listener at 127.0.0.1/33213] INFO  http.BaseHttpServer (BaseHttpServer.java:<init>(107)) - Hadoop Security Enabled: false Ozone Security Enabled: false Ozone HTTP Security Enabled: false 
2021-05-27 14:48:50,688 [Listener at 127.0.0.1/33213] INFO  server.AuthenticationFilter (AuthenticationFilter.java:constructSecretProvider(240)) - Unable to initialize FileSignerSecretProvider, falling back to use random secrets.
2021-05-27 14:48:50,688 [Listener at 127.0.0.1/33213] WARN  http.HttpRequestLog (HttpRequestLog.java:getRequestLog(103)) - Jetty request log can only be enabled using Log4j
2021-05-27 14:48:50,689 [Listener at 127.0.0.1/33213] INFO  http.HttpServer2 (HttpServer2.java:addGlobalFilter(1020)) - Added global filter 'safety' (class=org.apache.hadoop.hdds.server.http.HttpServer2$QuotingInputFilter)
2021-05-27 14:48:50,690 [Listener at 127.0.0.1/33213] INFO  http.HttpServer2 (HttpServer2.java:addFilter(996)) - Added filter static_user_filter (class=org.apache.hadoop.http.lib.StaticUserWebFilter$StaticUserFilter) to context hddsDatanode
2021-05-27 14:48:50,690 [Listener at 127.0.0.1/33213] INFO  http.HttpServer2 (HttpServer2.java:addFilter(1004)) - Added filter static_user_filter (class=org.apache.hadoop.http.lib.StaticUserWebFilter$StaticUserFilter) to context logs
2021-05-27 14:48:50,690 [Listener at 127.0.0.1/33213] INFO  http.HttpServer2 (HttpServer2.java:addFilter(1004)) - Added filter static_user_filter (class=org.apache.hadoop.http.lib.StaticUserWebFilter$StaticUserFilter) to context static
2021-05-27 14:48:50,690 [Listener at 127.0.0.1/33213] INFO  http.HttpServer2 (HttpServer2.java:bindListener(1238)) - Jetty bound to port 43239
2021-05-27 14:48:50,690 [Listener at 127.0.0.1/33213] INFO  server.Server (Server.java:doStart(375)) - jetty-9.4.35.v20201120; built: 2020-11-20T21:17:03.964Z; git: bdc54f03a5e0a7e280fab27f55c3c75ee8da89fb; jvm 1.8.0_292-b10
2021-05-27 14:48:50,720 [Listener at 127.0.0.1/33213] INFO  server.session (DefaultSessionIdManager.java:doStart(334)) - DefaultSessionIdManager workerName=node0
2021-05-27 14:48:50,720 [Listener at 127.0.0.1/33213] INFO  server.session (DefaultSessionIdManager.java:doStart(339)) - No SessionScavenger set, using defaults
2021-05-27 14:48:50,720 [Listener at 127.0.0.1/33213] INFO  server.session (HouseKeeper.java:startScavenging(132)) - node0 Scavenging every 660000ms
2021-05-27 14:48:50,721 [Listener at 127.0.0.1/33213] INFO  handler.ContextHandler (ContextHandler.java:doStart(916)) - Started o.e.j.s.ServletContextHandler@334c80be{logs,/logs,file:///home/runner/work/ozone/ozone/mnt/ozone/hadoop-ozone/integration-test/target/log,AVAILABLE}
2021-05-27 14:48:50,721 [Listener at 127.0.0.1/33213] INFO  handler.ContextHandler (ContextHandler.java:doStart(916)) - Started o.e.j.s.ServletContextHandler@2bb7229e{static,/static,jar:file:/home/runner/.m2/repository/org/apache/hadoop/hadoop-hdds-container-service/1.2.0-SNAPSHOT/hadoop-hdds-container-service-1.2.0-SNAPSHOT.jar!/webapps/static,AVAILABLE}
2021-05-27 14:48:50,776 [Listener at 127.0.0.1/33213] INFO  handler.ContextHandler (ContextHandler.java:doStart(916)) - Started o.e.j.w.WebAppContext@2c63f1fe{hddsDatanode,/,file:///tmp/jetty-0_0_0_0-43239-hadoop-hdds-container-service-1_2_0-SNAPSHOT_jar-_-any-6193502761915972991/webapp/,AVAILABLE}{jar:file:/home/runner/.m2/repository/org/apache/hadoop/hadoop-hdds-container-service/1.2.0-SNAPSHOT/hadoop-hdds-container-service-1.2.0-SNAPSHOT.jar!/webapps/hddsDatanode}
2021-05-27 14:48:50,779 [Listener at 127.0.0.1/33213] INFO  server.AbstractConnector (AbstractConnector.java:doStart(331)) - Started ServerConnector@7277fa93{HTTP/1.1, (http/1.1)}{0.0.0.0:43239}
2021-05-27 14:48:50,779 [Listener at 127.0.0.1/33213] INFO  server.Server (Server.java:doStart(415)) - Started @6103ms
2021-05-27 14:48:50,779 [Listener at 127.0.0.1/33213] WARN  impl.MetricsSystemImpl (MetricsSystemImpl.java:register(279)) - Sink prometheus already exists!
2021-05-27 14:48:50,780 [Listener at 127.0.0.1/33213] INFO  http.BaseHttpServer (BaseHttpServer.java:updateConnectorAddress(329)) - HTTP server of hddsDatanode listening at http://0.0.0.0:43239
2021-05-27 14:48:50,786 [Listener at 127.0.0.1/33213] INFO  impl.MetricsSystemImpl (MetricsSystemImpl.java:init(158)) - HddsDatanode metrics system started (again)
2021-05-27 14:48:50,789 [org.apache.hadoop.util.JvmPauseMonitor$Monitor@2280f001] INFO  util.JvmPauseMonitor (JvmPauseMonitor.java:run(188)) - Starting JVM pause monitor
2021-05-27 14:48:50,791 [Listener at 127.0.0.1/33213] INFO  ozone.HddsDatanodeService (HddsDatanodeService.java:start(220)) - HddsDatanodeService host:fv-az270-287.tacnzluakwdehk1hpragurqkma.bx.internal.cloudapp.net ip:10.1.0.4
2021-05-27 14:48:50,798 [Datanode State Machine Task Thread - 0] INFO  datanode.InitDatanodeState (InitDatanodeState.java:persistContainerDatanodeDetails(145)) - DatanodeDetails is persisted to /home/runner/work/ozone/ozone/mnt/ozone/hadoop-ozone/integration-test/target/test-dir/MiniOzoneClusterImpl-01be8073-4a30-4c07-ba69-c81900f598d5/datanode-7/meta/datanode.id
2021-05-27 14:48:50,810 [Listener at 127.0.0.1/33213] INFO  volume.HddsVolume (HddsVolume.java:<init>(184)) - Creating Volume: /home/runner/work/ozone/ozone/mnt/ozone/hadoop-ozone/integration-test/target/test-dir/MiniOzoneClusterImpl-01be8073-4a30-4c07-ba69-c81900f598d5/datanode-8/data-0/containers/hdds of storage type : DISK and capacity : 9223372036854775807
2021-05-27 14:48:50,810 [Listener at 127.0.0.1/33213] INFO  volume.MutableVolumeSet (MutableVolumeSet.java:initializeVolumeSet(198)) - Added Volume : /home/runner/work/ozone/ozone/mnt/ozone/hadoop-ozone/integration-test/target/test-dir/MiniOzoneClusterImpl-01be8073-4a30-4c07-ba69-c81900f598d5/datanode-8/data-0/containers/hdds to VolumeSet
2021-05-27 14:48:50,810 [Listener at 127.0.0.1/33213] INFO  volume.ThrottledAsyncChecker (ThrottledAsyncChecker.java:schedule(141)) - Scheduling a check for /home/runner/work/ozone/ozone/mnt/ozone/hadoop-ozone/integration-test/target/test-dir/MiniOzoneClusterImpl-01be8073-4a30-4c07-ba69-c81900f598d5/datanode-8/data-0/containers/hdds
2021-05-27 14:48:50,811 [Listener at 127.0.0.1/33213] INFO  volume.HddsVolumeChecker (HddsVolumeChecker.java:checkAllVolumes(201)) - Scheduled health check for volume /home/runner/work/ozone/ozone/mnt/ozone/hadoop-ozone/integration-test/target/test-dir/MiniOzoneClusterImpl-01be8073-4a30-4c07-ba69-c81900f598d5/datanode-8/data-0/containers/hdds
2021-05-27 14:48:50,822 [Listener at 127.0.0.1/33213] INFO  ozoneimpl.ContainerReader (ContainerReader.java:<init>(98)) - Running in upgrade mode:true
2021-05-27 14:48:50,823 [Thread-217] INFO  ozoneimpl.ContainerReader (ContainerReader.java:readVolume(142)) - Start to verify containers on volume /home/runner/work/ozone/ozone/mnt/ozone/hadoop-ozone/integration-test/target/test-dir/MiniOzoneClusterImpl-01be8073-4a30-4c07-ba69-c81900f598d5/datanode-8/data-0/containers/hdds
2021-05-27 14:48:50,823 [Thread-217] INFO  ozoneimpl.ContainerReader (ContainerReader.java:readVolume(174)) - Finish verifying containers on volume /home/runner/work/ozone/ozone/mnt/ozone/hadoop-ozone/integration-test/target/test-dir/MiniOzoneClusterImpl-01be8073-4a30-4c07-ba69-c81900f598d5/datanode-8/data-0/containers/hdds
2021-05-27 14:48:50,823 [Listener at 127.0.0.1/33213] INFO  ozoneimpl.OzoneContainer (OzoneContainer.java:buildContainerSet(228)) - Build ContainerSet costs 0s
2021-05-27 14:48:50,826 [Listener at 127.0.0.1/33213] INFO  server.RaftServer (ConfUtils.java:logGet(44)) - raft.rpc.type = GRPC (default)
2021-05-27 14:48:50,826 [Listener at 127.0.0.1/33213] INFO  grpc.GrpcFactory (GrpcFactory.java:checkPooledByteBufAllocatorUseCacheForAllThreads(48)) - PERFORMANCE WARNING: useCacheForAllThreads is true that may cause Netty to create a lot garbage objects and, as a result, trigger GC.
	It is recommended to disable useCacheForAllThreads by setting -Dorg.apache.ratis.thirdparty.io.netty.allocator.useCacheForAllThreads=false in command line.
2021-05-27 14:48:50,826 [Listener at 127.0.0.1/33213] INFO  grpc.GrpcConfigKeys (ConfUtils.java:logGet(44)) - raft.grpc.admin.port = 0 (custom)
2021-05-27 14:48:50,826 [Listener at 127.0.0.1/33213] INFO  grpc.GrpcConfigKeys (ConfUtils.java:logGet(44)) - raft.grpc.client.port = 0 (custom)
2021-05-27 14:48:50,826 [Listener at 127.0.0.1/33213] INFO  grpc.GrpcConfigKeys (ConfUtils.java:logGet(44)) - raft.grpc.server.port = 0 (default)
2021-05-27 14:48:50,826 [Listener at 127.0.0.1/33213] INFO  server.GrpcService (ConfUtils.java:logGet(44)) - raft.grpc.message.size.max = 32MB (=33554432) (custom)
2021-05-27 14:48:50,826 [Listener at 127.0.0.1/33213] INFO  server.RaftServerConfigKeys (ConfUtils.java:logGet(44)) - raft.server.log.appender.buffer.byte-limit = 33554432 (custom)
2021-05-27 14:48:50,826 [Listener at 127.0.0.1/33213] INFO  server.GrpcService (ConfUtils.java:logGet(44)) - raft.grpc.flow.control.window = 5MB (=5242880) (custom)
2021-05-27 14:48:50,827 [Listener at 127.0.0.1/33213] INFO  server.RaftServerConfigKeys (ConfUtils.java:logGet(44)) - raft.server.rpc.request.timeout = 3000ms (default)
2021-05-27 14:48:50,828 [Listener at 127.0.0.1/33213] INFO  impl.DataStreamServerImpl (ConfUtils.java:logGet(44)) - raft.datastream.type = DISABLED (default)
2021-05-27 14:48:50,828 [Listener at 127.0.0.1/33213] INFO  server.RaftServerConfigKeys (ConfUtils.java:logGet(44)) - raft.server.rpc.slowness.timeout = 300000ms (custom)
2021-05-27 14:48:50,828 [Listener at 127.0.0.1/33213] INFO  server.RaftServerConfigKeys (ConfUtils.java:logGet(44)) - raft.server.leaderelection.leader.step-down.wait-time = 10s (default)
2021-05-27 14:48:50,828 [Listener at 127.0.0.1/33213] INFO  server.RaftServerConfigKeys (ConfUtils.java:logGet(44)) - raft.server.storage.dir = [/home/runner/work/ozone/ozone/mnt/ozone/hadoop-ozone/integration-test/target/test-dir/MiniOzoneClusterImpl-01be8073-4a30-4c07-ba69-c81900f598d5/datanode-8/data/ratis] (custom)
2021-05-27 14:48:50,831 [Listener at 127.0.0.1/33213] INFO  http.BaseHttpServer (BaseHttpServer.java:newHttpServer2BuilderForOzone(209)) - Starting Web-server for hddsDatanode at: http://0.0.0.0:0
2021-05-27 14:48:50,831 [Listener at 127.0.0.1/33213] INFO  http.BaseHttpServer (BaseHttpServer.java:<init>(107)) - Hadoop Security Enabled: false Ozone Security Enabled: false Ozone HTTP Security Enabled: false 
2021-05-27 14:48:50,832 [Listener at 127.0.0.1/33213] INFO  server.AuthenticationFilter (AuthenticationFilter.java:constructSecretProvider(240)) - Unable to initialize FileSignerSecretProvider, falling back to use random secrets.
2021-05-27 14:48:50,833 [Listener at 127.0.0.1/33213] WARN  http.HttpRequestLog (HttpRequestLog.java:getRequestLog(103)) - Jetty request log can only be enabled using Log4j
2021-05-27 14:48:50,833 [Listener at 127.0.0.1/33213] INFO  http.HttpServer2 (HttpServer2.java:addGlobalFilter(1020)) - Added global filter 'safety' (class=org.apache.hadoop.hdds.server.http.HttpServer2$QuotingInputFilter)
2021-05-27 14:48:50,834 [Listener at 127.0.0.1/33213] INFO  http.HttpServer2 (HttpServer2.java:addFilter(996)) - Added filter static_user_filter (class=org.apache.hadoop.http.lib.StaticUserWebFilter$StaticUserFilter) to context hddsDatanode
2021-05-27 14:48:50,834 [Listener at 127.0.0.1/33213] INFO  http.HttpServer2 (HttpServer2.java:addFilter(1004)) - Added filter static_user_filter (class=org.apache.hadoop.http.lib.StaticUserWebFilter$StaticUserFilter) to context logs
2021-05-27 14:48:50,834 [Listener at 127.0.0.1/33213] INFO  http.HttpServer2 (HttpServer2.java:addFilter(1004)) - Added filter static_user_filter (class=org.apache.hadoop.http.lib.StaticUserWebFilter$StaticUserFilter) to context static
2021-05-27 14:48:50,835 [Listener at 127.0.0.1/33213] INFO  http.HttpServer2 (HttpServer2.java:bindListener(1238)) - Jetty bound to port 33071
2021-05-27 14:48:50,835 [Listener at 127.0.0.1/33213] INFO  server.Server (Server.java:doStart(375)) - jetty-9.4.35.v20201120; built: 2020-11-20T21:17:03.964Z; git: bdc54f03a5e0a7e280fab27f55c3c75ee8da89fb; jvm 1.8.0_292-b10
2021-05-27 14:48:50,837 [Listener at 127.0.0.1/33213] INFO  server.session (DefaultSessionIdManager.java:doStart(334)) - DefaultSessionIdManager workerName=node0
2021-05-27 14:48:50,837 [Listener at 127.0.0.1/33213] INFO  server.session (DefaultSessionIdManager.java:doStart(339)) - No SessionScavenger set, using defaults
2021-05-27 14:48:50,838 [Listener at 127.0.0.1/33213] INFO  server.session (HouseKeeper.java:startScavenging(132)) - node0 Scavenging every 600000ms
2021-05-27 14:48:50,838 [Listener at 127.0.0.1/33213] INFO  handler.ContextHandler (ContextHandler.java:doStart(916)) - Started o.e.j.s.ServletContextHandler@3990d58e{logs,/logs,file:///home/runner/work/ozone/ozone/mnt/ozone/hadoop-ozone/integration-test/target/log,AVAILABLE}
2021-05-27 14:48:50,838 [Listener at 127.0.0.1/33213] INFO  handler.ContextHandler (ContextHandler.java:doStart(916)) - Started o.e.j.s.ServletContextHandler@3048ec86{static,/static,jar:file:/home/runner/.m2/repository/org/apache/hadoop/hadoop-hdds-container-service/1.2.0-SNAPSHOT/hadoop-hdds-container-service-1.2.0-SNAPSHOT.jar!/webapps/static,AVAILABLE}
2021-05-27 14:48:50,876 [Listener at 127.0.0.1/33213] INFO  handler.ContextHandler (ContextHandler.java:doStart(916)) - Started o.e.j.w.WebAppContext@136dc575{hddsDatanode,/,file:///tmp/jetty-0_0_0_0-33071-hadoop-hdds-container-service-1_2_0-SNAPSHOT_jar-_-any-6658221456312292010/webapp/,AVAILABLE}{jar:file:/home/runner/.m2/repository/org/apache/hadoop/hadoop-hdds-container-service/1.2.0-SNAPSHOT/hadoop-hdds-container-service-1.2.0-SNAPSHOT.jar!/webapps/hddsDatanode}
2021-05-27 14:48:50,877 [Listener at 127.0.0.1/33213] INFO  server.AbstractConnector (AbstractConnector.java:doStart(331)) - Started ServerConnector@3c6c5b44{HTTP/1.1, (http/1.1)}{0.0.0.0:33071}
2021-05-27 14:48:50,877 [Listener at 127.0.0.1/33213] INFO  server.Server (Server.java:doStart(415)) - Started @6201ms
2021-05-27 14:48:50,877 [Listener at 127.0.0.1/33213] WARN  impl.MetricsSystemImpl (MetricsSystemImpl.java:register(279)) - Sink prometheus already exists!
2021-05-27 14:48:50,878 [Listener at 127.0.0.1/33213] INFO  http.BaseHttpServer (BaseHttpServer.java:updateConnectorAddress(329)) - HTTP server of hddsDatanode listening at http://0.0.0.0:33071
2021-05-27 14:48:50,882 [Listener at 127.0.0.1/33213] INFO  ozone.MiniOzoneClusterImpl (MiniOzoneClusterImpl.java:lambda$waitForClusterToBeReady$0(224)) - Waiting for nodes to be ready. Got 0 of 9 DN Heartbeats.
2021-05-27 14:48:50,882 [Listener at 127.0.0.1/33213] INFO  ozone.MiniOzoneClusterImpl (MiniOzoneClusterImpl.java:lambda$waitForClusterToBeReady$0(227)) - Waiting for cluster to exit safe mode
2021-05-27 14:48:50,883 [Listener at 127.0.0.1/33213] INFO  ozone.MiniOzoneClusterImpl (MiniOzoneClusterImpl.java:lambda$waitForClusterToBeReady$0(230)) - SCM became leader
2021-05-27 14:48:50,886 [org.apache.hadoop.util.JvmPauseMonitor$Monitor@79ea2612] INFO  util.JvmPauseMonitor (JvmPauseMonitor.java:run(188)) - Starting JVM pause monitor
2021-05-27 14:48:50,887 [Datanode State Machine Task Thread - 0] INFO  datanode.InitDatanodeState (InitDatanodeState.java:persistContainerDatanodeDetails(145)) - DatanodeDetails is persisted to /home/runner/work/ozone/ozone/mnt/ozone/hadoop-ozone/integration-test/target/test-dir/MiniOzoneClusterImpl-01be8073-4a30-4c07-ba69-c81900f598d5/datanode-8/meta/datanode.id
2021-05-27 14:48:51,878 [EndpointStateMachine task thread for /0.0.0.0:43277 - 0 ] INFO  ozoneimpl.OzoneContainer (OzoneContainer.java:start(295)) - Attempting to start container services.
2021-05-27 14:48:51,879 [EndpointStateMachine task thread for /0.0.0.0:43277 - 0 ] INFO  ozoneimpl.OzoneContainer (OzoneContainer.java:startContainerScrub(241)) - Background container scanner has been disabled.
2021-05-27 14:48:51,882 [EndpointStateMachine task thread for /0.0.0.0:43277 - 0 ] INFO  replication.ReplicationServer (ReplicationServer.java:start(106)) - ReplicationServer is started using port 41841
2021-05-27 14:48:51,883 [Listener at 127.0.0.1/33213] INFO  ozone.MiniOzoneClusterImpl (MiniOzoneClusterImpl.java:lambda$waitForClusterToBeReady$0(224)) - Waiting for nodes to be ready. Got 0 of 9 DN Heartbeats.
2021-05-27 14:48:51,883 [Listener at 127.0.0.1/33213] INFO  ozone.MiniOzoneClusterImpl (MiniOzoneClusterImpl.java:lambda$waitForClusterToBeReady$0(227)) - Waiting for cluster to exit safe mode
2021-05-27 14:48:51,883 [Listener at 127.0.0.1/33213] INFO  ozone.MiniOzoneClusterImpl (MiniOzoneClusterImpl.java:lambda$waitForClusterToBeReady$0(230)) - SCM became leader
2021-05-27 14:48:51,886 [EndpointStateMachine task thread for /0.0.0.0:43277 - 0 ] INFO  ratis.XceiverServerRatis (XceiverServerRatis.java:start(490)) - Starting XceiverServerRatis cc66d020-3049-4c90-bc53-6b8115d82a8c
2021-05-27 14:48:51,889 [EndpointStateMachine task thread for /0.0.0.0:43277 - 0 ] INFO  server.RaftServer (RaftServerProxy.java:lambda$start$5(374)) - cc66d020-3049-4c90-bc53-6b8115d82a8c: start RPC server
2021-05-27 14:48:51,891 [EndpointStateMachine task thread for /0.0.0.0:43277 - 0 ] INFO  server.GrpcService (GrpcService.java:startImpl(253)) - cc66d020-3049-4c90-bc53-6b8115d82a8c: GrpcService started, listening on 38925
2021-05-27 14:48:51,891 [EndpointStateMachine task thread for /0.0.0.0:43277 - 0 ] INFO  ratis.XceiverServerRatis (XceiverServerRatis.java:getRealPort(511)) - XceiverServerRatis cc66d020-3049-4c90-bc53-6b8115d82a8c is started using port 38925 for RATIS
2021-05-27 14:48:51,891 [EndpointStateMachine task thread for /0.0.0.0:43277 - 0 ] INFO  ratis.XceiverServerRatis (XceiverServerRatis.java:getRealPort(511)) - XceiverServerRatis cc66d020-3049-4c90-bc53-6b8115d82a8c is started using port 38925 for RATIS_ADMIN
2021-05-27 14:48:51,891 [EndpointStateMachine task thread for /0.0.0.0:43277 - 0 ] INFO  ratis.XceiverServerRatis (XceiverServerRatis.java:getRealPort(511)) - XceiverServerRatis cc66d020-3049-4c90-bc53-6b8115d82a8c is started using port 38925 for RATIS_SERVER
2021-05-27 14:48:51,898 [org.apache.ratis.util.JvmPauseMonitor$$Lambda$513/734719022@64f99bd6] INFO  util.JvmPauseMonitor (JvmPauseMonitor.java:run(103)) - JvmPauseMonitor-cc66d020-3049-4c90-bc53-6b8115d82a8c: Started
2021-05-27 14:48:51,898 [EndpointStateMachine task thread for /0.0.0.0:43277 - 0 ] INFO  server.XceiverServerGrpc (XceiverServerGrpc.java:start(135)) - XceiverServerGrpc cc66d020-3049-4c90-bc53-6b8115d82a8c is started using port 33933
2021-05-27 14:48:52,000 [EndpointStateMachine task thread for /0.0.0.0:43277 - 0 ] INFO  ozoneimpl.OzoneContainer (OzoneContainer.java:start(295)) - Attempting to start container services.
2021-05-27 14:48:52,001 [EndpointStateMachine task thread for /0.0.0.0:43277 - 0 ] INFO  ozoneimpl.OzoneContainer (OzoneContainer.java:startContainerScrub(241)) - Background container scanner has been disabled.
2021-05-27 14:48:52,002 [EndpointStateMachine task thread for /0.0.0.0:43277 - 0 ] INFO  replication.ReplicationServer (ReplicationServer.java:start(106)) - ReplicationServer is started using port 44069
2021-05-27 14:48:52,003 [EndpointStateMachine task thread for /0.0.0.0:43277 - 0 ] INFO  ratis.XceiverServerRatis (XceiverServerRatis.java:start(490)) - Starting XceiverServerRatis ac3fbd16-1d83-453c-852e-871f53a8d589
2021-05-27 14:48:52,003 [EndpointStateMachine task thread for /0.0.0.0:43277 - 0 ] INFO  server.RaftServer (RaftServerProxy.java:lambda$start$5(374)) - ac3fbd16-1d83-453c-852e-871f53a8d589: start RPC server
2021-05-27 14:48:52,006 [EndpointStateMachine task thread for /0.0.0.0:43277 - 0 ] INFO  server.GrpcService (GrpcService.java:startImpl(253)) - ac3fbd16-1d83-453c-852e-871f53a8d589: GrpcService started, listening on 44019
2021-05-27 14:48:52,006 [EndpointStateMachine task thread for /0.0.0.0:43277 - 0 ] INFO  ratis.XceiverServerRatis (XceiverServerRatis.java:getRealPort(511)) - XceiverServerRatis ac3fbd16-1d83-453c-852e-871f53a8d589 is started using port 44019 for RATIS
2021-05-27 14:48:52,007 [EndpointStateMachine task thread for /0.0.0.0:43277 - 0 ] INFO  ratis.XceiverServerRatis (XceiverServerRatis.java:getRealPort(511)) - XceiverServerRatis ac3fbd16-1d83-453c-852e-871f53a8d589 is started using port 44019 for RATIS_ADMIN
2021-05-27 14:48:52,007 [EndpointStateMachine task thread for /0.0.0.0:43277 - 0 ] INFO  ratis.XceiverServerRatis (XceiverServerRatis.java:getRealPort(511)) - XceiverServerRatis ac3fbd16-1d83-453c-852e-871f53a8d589 is started using port 44019 for RATIS_SERVER
2021-05-27 14:48:52,007 [org.apache.ratis.util.JvmPauseMonitor$$Lambda$513/734719022@62f8bda] INFO  util.JvmPauseMonitor (JvmPauseMonitor.java:run(103)) - JvmPauseMonitor-ac3fbd16-1d83-453c-852e-871f53a8d589: Started
2021-05-27 14:48:52,007 [EndpointStateMachine task thread for /0.0.0.0:43277 - 0 ] INFO  server.XceiverServerGrpc (XceiverServerGrpc.java:start(135)) - XceiverServerGrpc ac3fbd16-1d83-453c-852e-871f53a8d589 is started using port 37149
2021-05-27 14:48:52,115 [EndpointStateMachine task thread for /0.0.0.0:43277 - 0 ] INFO  ozoneimpl.OzoneContainer (OzoneContainer.java:start(295)) - Attempting to start container services.
2021-05-27 14:48:52,115 [EndpointStateMachine task thread for /0.0.0.0:43277 - 0 ] INFO  ozoneimpl.OzoneContainer (OzoneContainer.java:startContainerScrub(241)) - Background container scanner has been disabled.
2021-05-27 14:48:52,116 [EndpointStateMachine task thread for /0.0.0.0:43277 - 0 ] INFO  replication.ReplicationServer (ReplicationServer.java:start(106)) - ReplicationServer is started using port 37945
2021-05-27 14:48:52,118 [EndpointStateMachine task thread for /0.0.0.0:43277 - 0 ] INFO  ratis.XceiverServerRatis (XceiverServerRatis.java:start(490)) - Starting XceiverServerRatis d3bd078d-6cea-4f12-8d62-4874212fc6f9
2021-05-27 14:48:52,119 [EndpointStateMachine task thread for /0.0.0.0:43277 - 0 ] INFO  server.RaftServer (RaftServerProxy.java:lambda$start$5(374)) - d3bd078d-6cea-4f12-8d62-4874212fc6f9: start RPC server
2021-05-27 14:48:52,122 [EndpointStateMachine task thread for /0.0.0.0:43277 - 0 ] INFO  server.GrpcService (GrpcService.java:startImpl(253)) - d3bd078d-6cea-4f12-8d62-4874212fc6f9: GrpcService started, listening on 44989
2021-05-27 14:48:52,123 [EndpointStateMachine task thread for /0.0.0.0:43277 - 0 ] INFO  ratis.XceiverServerRatis (XceiverServerRatis.java:getRealPort(511)) - XceiverServerRatis d3bd078d-6cea-4f12-8d62-4874212fc6f9 is started using port 44989 for RATIS
2021-05-27 14:48:52,123 [EndpointStateMachine task thread for /0.0.0.0:43277 - 0 ] INFO  ratis.XceiverServerRatis (XceiverServerRatis.java:getRealPort(511)) - XceiverServerRatis d3bd078d-6cea-4f12-8d62-4874212fc6f9 is started using port 44989 for RATIS_ADMIN
2021-05-27 14:48:52,123 [EndpointStateMachine task thread for /0.0.0.0:43277 - 0 ] INFO  ratis.XceiverServerRatis (XceiverServerRatis.java:getRealPort(511)) - XceiverServerRatis d3bd078d-6cea-4f12-8d62-4874212fc6f9 is started using port 44989 for RATIS_SERVER
2021-05-27 14:48:52,123 [org.apache.ratis.util.JvmPauseMonitor$$Lambda$513/734719022@555458bc] INFO  util.JvmPauseMonitor (JvmPauseMonitor.java:run(103)) - JvmPauseMonitor-d3bd078d-6cea-4f12-8d62-4874212fc6f9: Started
2021-05-27 14:48:52,128 [EndpointStateMachine task thread for /0.0.0.0:43277 - 0 ] INFO  server.XceiverServerGrpc (XceiverServerGrpc.java:start(135)) - XceiverServerGrpc d3bd078d-6cea-4f12-8d62-4874212fc6f9 is started using port 42113
2021-05-27 14:48:52,234 [EndpointStateMachine task thread for /0.0.0.0:43277 - 0 ] INFO  ozoneimpl.OzoneContainer (OzoneContainer.java:start(295)) - Attempting to start container services.
2021-05-27 14:48:52,234 [EndpointStateMachine task thread for /0.0.0.0:43277 - 0 ] INFO  ozoneimpl.OzoneContainer (OzoneContainer.java:startContainerScrub(241)) - Background container scanner has been disabled.
2021-05-27 14:48:52,235 [EndpointStateMachine task thread for /0.0.0.0:43277 - 0 ] INFO  replication.ReplicationServer (ReplicationServer.java:start(106)) - ReplicationServer is started using port 36509
2021-05-27 14:48:52,236 [EndpointStateMachine task thread for /0.0.0.0:43277 - 0 ] INFO  ratis.XceiverServerRatis (XceiverServerRatis.java:start(490)) - Starting XceiverServerRatis fe96208f-f4a6-407e-8fa5-c04d11db231e
2021-05-27 14:48:52,241 [EndpointStateMachine task thread for /0.0.0.0:43277 - 0 ] INFO  server.RaftServer (RaftServerProxy.java:lambda$start$5(374)) - fe96208f-f4a6-407e-8fa5-c04d11db231e: start RPC server
2021-05-27 14:48:52,250 [EndpointStateMachine task thread for /0.0.0.0:43277 - 0 ] INFO  server.GrpcService (GrpcService.java:startImpl(253)) - fe96208f-f4a6-407e-8fa5-c04d11db231e: GrpcService started, listening on 42335
2021-05-27 14:48:52,250 [EndpointStateMachine task thread for /0.0.0.0:43277 - 0 ] INFO  ratis.XceiverServerRatis (XceiverServerRatis.java:getRealPort(511)) - XceiverServerRatis fe96208f-f4a6-407e-8fa5-c04d11db231e is started using port 42335 for RATIS
2021-05-27 14:48:52,250 [EndpointStateMachine task thread for /0.0.0.0:43277 - 0 ] INFO  ratis.XceiverServerRatis (XceiverServerRatis.java:getRealPort(511)) - XceiverServerRatis fe96208f-f4a6-407e-8fa5-c04d11db231e is started using port 42335 for RATIS_ADMIN
2021-05-27 14:48:52,250 [EndpointStateMachine task thread for /0.0.0.0:43277 - 0 ] INFO  ratis.XceiverServerRatis (XceiverServerRatis.java:getRealPort(511)) - XceiverServerRatis fe96208f-f4a6-407e-8fa5-c04d11db231e is started using port 42335 for RATIS_SERVER
2021-05-27 14:48:52,256 [org.apache.ratis.util.JvmPauseMonitor$$Lambda$513/734719022@498f647] INFO  util.JvmPauseMonitor (JvmPauseMonitor.java:run(103)) - JvmPauseMonitor-fe96208f-f4a6-407e-8fa5-c04d11db231e: Started
2021-05-27 14:48:52,257 [EndpointStateMachine task thread for /0.0.0.0:43277 - 0 ] INFO  server.XceiverServerGrpc (XceiverServerGrpc.java:start(135)) - XceiverServerGrpc fe96208f-f4a6-407e-8fa5-c04d11db231e is started using port 44801
2021-05-27 14:48:52,346 [EndpointStateMachine task thread for /0.0.0.0:43277 - 0 ] INFO  ozoneimpl.OzoneContainer (OzoneContainer.java:start(295)) - Attempting to start container services.
2021-05-27 14:48:52,346 [EndpointStateMachine task thread for /0.0.0.0:43277 - 0 ] INFO  ozoneimpl.OzoneContainer (OzoneContainer.java:startContainerScrub(241)) - Background container scanner has been disabled.
2021-05-27 14:48:52,348 [EndpointStateMachine task thread for /0.0.0.0:43277 - 0 ] INFO  replication.ReplicationServer (ReplicationServer.java:start(106)) - ReplicationServer is started using port 41027
2021-05-27 14:48:52,348 [EndpointStateMachine task thread for /0.0.0.0:43277 - 0 ] INFO  ratis.XceiverServerRatis (XceiverServerRatis.java:start(490)) - Starting XceiverServerRatis 79a5c71d-05f9-4896-b0a5-ed7a69f27e7b
2021-05-27 14:48:52,350 [EndpointStateMachine task thread for /0.0.0.0:43277 - 0 ] INFO  server.RaftServer (RaftServerProxy.java:lambda$start$5(374)) - 79a5c71d-05f9-4896-b0a5-ed7a69f27e7b: start RPC server
2021-05-27 14:48:52,351 [EndpointStateMachine task thread for /0.0.0.0:43277 - 0 ] INFO  server.GrpcService (GrpcService.java:startImpl(253)) - 79a5c71d-05f9-4896-b0a5-ed7a69f27e7b: GrpcService started, listening on 37273
2021-05-27 14:48:52,352 [EndpointStateMachine task thread for /0.0.0.0:43277 - 0 ] INFO  ratis.XceiverServerRatis (XceiverServerRatis.java:getRealPort(511)) - XceiverServerRatis 79a5c71d-05f9-4896-b0a5-ed7a69f27e7b is started using port 37273 for RATIS
2021-05-27 14:48:52,352 [EndpointStateMachine task thread for /0.0.0.0:43277 - 0 ] INFO  ratis.XceiverServerRatis (XceiverServerRatis.java:getRealPort(511)) - XceiverServerRatis 79a5c71d-05f9-4896-b0a5-ed7a69f27e7b is started using port 37273 for RATIS_ADMIN
2021-05-27 14:48:52,352 [EndpointStateMachine task thread for /0.0.0.0:43277 - 0 ] INFO  ratis.XceiverServerRatis (XceiverServerRatis.java:getRealPort(511)) - XceiverServerRatis 79a5c71d-05f9-4896-b0a5-ed7a69f27e7b is started using port 37273 for RATIS_SERVER
2021-05-27 14:48:52,353 [org.apache.ratis.util.JvmPauseMonitor$$Lambda$513/734719022@71e81177] INFO  util.JvmPauseMonitor (JvmPauseMonitor.java:run(103)) - JvmPauseMonitor-79a5c71d-05f9-4896-b0a5-ed7a69f27e7b: Started
2021-05-27 14:48:52,353 [EndpointStateMachine task thread for /0.0.0.0:43277 - 0 ] INFO  server.XceiverServerGrpc (XceiverServerGrpc.java:start(135)) - XceiverServerGrpc 79a5c71d-05f9-4896-b0a5-ed7a69f27e7b is started using port 40237
2021-05-27 14:48:52,552 [EndpointStateMachine task thread for /0.0.0.0:43277 - 0 ] INFO  ozoneimpl.OzoneContainer (OzoneContainer.java:start(295)) - Attempting to start container services.
2021-05-27 14:48:52,552 [EndpointStateMachine task thread for /0.0.0.0:43277 - 0 ] INFO  ozoneimpl.OzoneContainer (OzoneContainer.java:startContainerScrub(241)) - Background container scanner has been disabled.
2021-05-27 14:48:52,554 [EndpointStateMachine task thread for /0.0.0.0:43277 - 0 ] INFO  replication.ReplicationServer (ReplicationServer.java:start(106)) - ReplicationServer is started using port 46427
2021-05-27 14:48:52,554 [EndpointStateMachine task thread for /0.0.0.0:43277 - 0 ] INFO  ratis.XceiverServerRatis (XceiverServerRatis.java:start(490)) - Starting XceiverServerRatis 58901a56-5ead-441d-bada-0c2dcec13c3c
2021-05-27 14:48:52,555 [EndpointStateMachine task thread for /0.0.0.0:43277 - 0 ] INFO  server.RaftServer (RaftServerProxy.java:lambda$start$5(374)) - 58901a56-5ead-441d-bada-0c2dcec13c3c: start RPC server
2021-05-27 14:48:52,557 [EndpointStateMachine task thread for /0.0.0.0:43277 - 0 ] INFO  server.GrpcService (GrpcService.java:startImpl(253)) - 58901a56-5ead-441d-bada-0c2dcec13c3c: GrpcService started, listening on 34635
2021-05-27 14:48:52,557 [EndpointStateMachine task thread for /0.0.0.0:43277 - 0 ] INFO  ratis.XceiverServerRatis (XceiverServerRatis.java:getRealPort(511)) - XceiverServerRatis 58901a56-5ead-441d-bada-0c2dcec13c3c is started using port 34635 for RATIS
2021-05-27 14:48:52,557 [EndpointStateMachine task thread for /0.0.0.0:43277 - 0 ] INFO  ratis.XceiverServerRatis (XceiverServerRatis.java:getRealPort(511)) - XceiverServerRatis 58901a56-5ead-441d-bada-0c2dcec13c3c is started using port 34635 for RATIS_ADMIN
2021-05-27 14:48:52,557 [EndpointStateMachine task thread for /0.0.0.0:43277 - 0 ] INFO  ratis.XceiverServerRatis (XceiverServerRatis.java:getRealPort(511)) - XceiverServerRatis 58901a56-5ead-441d-bada-0c2dcec13c3c is started using port 34635 for RATIS_SERVER
2021-05-27 14:48:52,557 [org.apache.ratis.util.JvmPauseMonitor$$Lambda$513/734719022@4dd9a11a] INFO  util.JvmPauseMonitor (JvmPauseMonitor.java:run(103)) - JvmPauseMonitor-58901a56-5ead-441d-bada-0c2dcec13c3c: Started
2021-05-27 14:48:52,560 [EndpointStateMachine task thread for /0.0.0.0:43277 - 0 ] INFO  server.XceiverServerGrpc (XceiverServerGrpc.java:start(135)) - XceiverServerGrpc 58901a56-5ead-441d-bada-0c2dcec13c3c is started using port 36703
2021-05-27 14:48:52,637 [EndpointStateMachine task thread for /0.0.0.0:43277 - 0 ] INFO  ozoneimpl.OzoneContainer (OzoneContainer.java:start(295)) - Attempting to start container services.
2021-05-27 14:48:52,638 [EndpointStateMachine task thread for /0.0.0.0:43277 - 0 ] INFO  ozoneimpl.OzoneContainer (OzoneContainer.java:startContainerScrub(241)) - Background container scanner has been disabled.
2021-05-27 14:48:52,641 [EndpointStateMachine task thread for /0.0.0.0:43277 - 0 ] INFO  replication.ReplicationServer (ReplicationServer.java:start(106)) - ReplicationServer is started using port 38577
2021-05-27 14:48:52,642 [EndpointStateMachine task thread for /0.0.0.0:43277 - 0 ] INFO  ratis.XceiverServerRatis (XceiverServerRatis.java:start(490)) - Starting XceiverServerRatis 4028be1c-f04f-471f-a5c7-d66a385f5692
2021-05-27 14:48:52,642 [EndpointStateMachine task thread for /0.0.0.0:43277 - 0 ] INFO  server.RaftServer (RaftServerProxy.java:lambda$start$5(374)) - 4028be1c-f04f-471f-a5c7-d66a385f5692: start RPC server
2021-05-27 14:48:52,645 [EndpointStateMachine task thread for /0.0.0.0:43277 - 0 ] INFO  server.GrpcService (GrpcService.java:startImpl(253)) - 4028be1c-f04f-471f-a5c7-d66a385f5692: GrpcService started, listening on 39853
2021-05-27 14:48:52,645 [EndpointStateMachine task thread for /0.0.0.0:43277 - 0 ] INFO  ratis.XceiverServerRatis (XceiverServerRatis.java:getRealPort(511)) - XceiverServerRatis 4028be1c-f04f-471f-a5c7-d66a385f5692 is started using port 39853 for RATIS
2021-05-27 14:48:52,645 [EndpointStateMachine task thread for /0.0.0.0:43277 - 0 ] INFO  ratis.XceiverServerRatis (XceiverServerRatis.java:getRealPort(511)) - XceiverServerRatis 4028be1c-f04f-471f-a5c7-d66a385f5692 is started using port 39853 for RATIS_ADMIN
2021-05-27 14:48:52,645 [EndpointStateMachine task thread for /0.0.0.0:43277 - 0 ] INFO  ratis.XceiverServerRatis (XceiverServerRatis.java:getRealPort(511)) - XceiverServerRatis 4028be1c-f04f-471f-a5c7-d66a385f5692 is started using port 39853 for RATIS_SERVER
2021-05-27 14:48:52,645 [org.apache.ratis.util.JvmPauseMonitor$$Lambda$513/734719022@e11ed6a] INFO  util.JvmPauseMonitor (JvmPauseMonitor.java:run(103)) - JvmPauseMonitor-4028be1c-f04f-471f-a5c7-d66a385f5692: Started
2021-05-27 14:48:52,646 [EndpointStateMachine task thread for /0.0.0.0:43277 - 0 ] INFO  server.XceiverServerGrpc (XceiverServerGrpc.java:start(135)) - XceiverServerGrpc 4028be1c-f04f-471f-a5c7-d66a385f5692 is started using port 41673
2021-05-27 14:48:52,794 [EndpointStateMachine task thread for /0.0.0.0:43277 - 0 ] INFO  ozoneimpl.OzoneContainer (OzoneContainer.java:start(295)) - Attempting to start container services.
2021-05-27 14:48:52,794 [EndpointStateMachine task thread for /0.0.0.0:43277 - 0 ] INFO  ozoneimpl.OzoneContainer (OzoneContainer.java:startContainerScrub(241)) - Background container scanner has been disabled.
2021-05-27 14:48:52,795 [EndpointStateMachine task thread for /0.0.0.0:43277 - 0 ] INFO  replication.ReplicationServer (ReplicationServer.java:start(106)) - ReplicationServer is started using port 37559
2021-05-27 14:48:52,796 [EndpointStateMachine task thread for /0.0.0.0:43277 - 0 ] INFO  ratis.XceiverServerRatis (XceiverServerRatis.java:start(490)) - Starting XceiverServerRatis 8e6df144-c6f6-43b2-a2f1-262f0d8e0594
2021-05-27 14:48:52,798 [EndpointStateMachine task thread for /0.0.0.0:43277 - 0 ] INFO  server.RaftServer (RaftServerProxy.java:lambda$start$5(374)) - 8e6df144-c6f6-43b2-a2f1-262f0d8e0594: start RPC server
2021-05-27 14:48:52,799 [EndpointStateMachine task thread for /0.0.0.0:43277 - 0 ] INFO  server.GrpcService (GrpcService.java:startImpl(253)) - 8e6df144-c6f6-43b2-a2f1-262f0d8e0594: GrpcService started, listening on 35723
2021-05-27 14:48:52,800 [EndpointStateMachine task thread for /0.0.0.0:43277 - 0 ] INFO  ratis.XceiverServerRatis (XceiverServerRatis.java:getRealPort(511)) - XceiverServerRatis 8e6df144-c6f6-43b2-a2f1-262f0d8e0594 is started using port 35723 for RATIS
2021-05-27 14:48:52,800 [EndpointStateMachine task thread for /0.0.0.0:43277 - 0 ] INFO  ratis.XceiverServerRatis (XceiverServerRatis.java:getRealPort(511)) - XceiverServerRatis 8e6df144-c6f6-43b2-a2f1-262f0d8e0594 is started using port 35723 for RATIS_ADMIN
2021-05-27 14:48:52,801 [EndpointStateMachine task thread for /0.0.0.0:43277 - 0 ] INFO  ratis.XceiverServerRatis (XceiverServerRatis.java:getRealPort(511)) - XceiverServerRatis 8e6df144-c6f6-43b2-a2f1-262f0d8e0594 is started using port 35723 for RATIS_SERVER
2021-05-27 14:48:52,800 [org.apache.ratis.util.JvmPauseMonitor$$Lambda$513/734719022@7e7c6b85] INFO  util.JvmPauseMonitor (JvmPauseMonitor.java:run(103)) - JvmPauseMonitor-8e6df144-c6f6-43b2-a2f1-262f0d8e0594: Started
2021-05-27 14:48:52,802 [EndpointStateMachine task thread for /0.0.0.0:43277 - 0 ] INFO  server.XceiverServerGrpc (XceiverServerGrpc.java:start(135)) - XceiverServerGrpc 8e6df144-c6f6-43b2-a2f1-262f0d8e0594 is started using port 40251
2021-05-27 14:48:52,883 [Listener at 127.0.0.1/33213] INFO  ozone.MiniOzoneClusterImpl (MiniOzoneClusterImpl.java:lambda$waitForClusterToBeReady$0(224)) - Waiting for nodes to be ready. Got 0 of 9 DN Heartbeats.
2021-05-27 14:48:52,884 [Listener at 127.0.0.1/33213] INFO  ozone.MiniOzoneClusterImpl (MiniOzoneClusterImpl.java:lambda$waitForClusterToBeReady$0(227)) - Waiting for cluster to exit safe mode
2021-05-27 14:48:52,884 [Listener at 127.0.0.1/33213] INFO  ozone.MiniOzoneClusterImpl (MiniOzoneClusterImpl.java:lambda$waitForClusterToBeReady$0(230)) - SCM became leader
2021-05-27 14:48:52,890 [EndpointStateMachine task thread for /0.0.0.0:43277 - 0 ] INFO  ozoneimpl.OzoneContainer (OzoneContainer.java:start(295)) - Attempting to start container services.
2021-05-27 14:48:52,890 [EndpointStateMachine task thread for /0.0.0.0:43277 - 0 ] INFO  ozoneimpl.OzoneContainer (OzoneContainer.java:startContainerScrub(241)) - Background container scanner has been disabled.
2021-05-27 14:48:52,892 [EndpointStateMachine task thread for /0.0.0.0:43277 - 0 ] INFO  replication.ReplicationServer (ReplicationServer.java:start(106)) - ReplicationServer is started using port 44649
2021-05-27 14:48:52,893 [EndpointStateMachine task thread for /0.0.0.0:43277 - 0 ] INFO  ratis.XceiverServerRatis (XceiverServerRatis.java:start(490)) - Starting XceiverServerRatis c80f2544-efc8-492a-83e4-5b8bcbed7eb8
2021-05-27 14:48:52,894 [EndpointStateMachine task thread for /0.0.0.0:43277 - 0 ] INFO  server.RaftServer (RaftServerProxy.java:lambda$start$5(374)) - c80f2544-efc8-492a-83e4-5b8bcbed7eb8: start RPC server
2021-05-27 14:48:52,899 [EndpointStateMachine task thread for /0.0.0.0:43277 - 0 ] INFO  server.GrpcService (GrpcService.java:startImpl(253)) - c80f2544-efc8-492a-83e4-5b8bcbed7eb8: GrpcService started, listening on 35561
2021-05-27 14:48:52,899 [EndpointStateMachine task thread for /0.0.0.0:43277 - 0 ] INFO  ratis.XceiverServerRatis (XceiverServerRatis.java:getRealPort(511)) - XceiverServerRatis c80f2544-efc8-492a-83e4-5b8bcbed7eb8 is started using port 35561 for RATIS
2021-05-27 14:48:52,899 [EndpointStateMachine task thread for /0.0.0.0:43277 - 0 ] INFO  ratis.XceiverServerRatis (XceiverServerRatis.java:getRealPort(511)) - XceiverServerRatis c80f2544-efc8-492a-83e4-5b8bcbed7eb8 is started using port 35561 for RATIS_ADMIN
2021-05-27 14:48:52,899 [org.apache.ratis.util.JvmPauseMonitor$$Lambda$513/734719022@518bc84b] INFO  util.JvmPauseMonitor (JvmPauseMonitor.java:run(103)) - JvmPauseMonitor-c80f2544-efc8-492a-83e4-5b8bcbed7eb8: Started
2021-05-27 14:48:52,899 [EndpointStateMachine task thread for /0.0.0.0:43277 - 0 ] INFO  ratis.XceiverServerRatis (XceiverServerRatis.java:getRealPort(511)) - XceiverServerRatis c80f2544-efc8-492a-83e4-5b8bcbed7eb8 is started using port 35561 for RATIS_SERVER
2021-05-27 14:48:52,900 [EndpointStateMachine task thread for /0.0.0.0:43277 - 0 ] INFO  server.XceiverServerGrpc (XceiverServerGrpc.java:start(135)) - XceiverServerGrpc c80f2544-efc8-492a-83e4-5b8bcbed7eb8 is started using port 39239
2021-05-27 14:48:53,858 [IPC Server handler 1 on default port 43277] INFO  net.NetworkTopologyImpl (NetworkTopologyImpl.java:add(112)) - Added a new node: /default-rack/cc66d020-3049-4c90-bc53-6b8115d82a8c
2021-05-27 14:48:53,860 [IPC Server handler 1 on default port 43277] INFO  node.SCMNodeManager (SCMNodeManager.java:register(348)) - Registered Data node : cc66d020-3049-4c90-bc53-6b8115d82a8c{ip: 10.1.0.4, host: fv-az270-287.tacnzluakwdehk1hpragurqkma.bx.internal.cloudapp.net, ports: [REPLICATION=41841, RATIS=38925, RATIS_ADMIN=38925, RATIS_SERVER=38925, STANDALONE=33933], networkLocation: /default-rack, certSerialId: null, persistedOpState: null, persistedOpStateExpiryEpochSec: 0}
2021-05-27 14:48:53,862 [EventQueue-NewNodeForNewNodeHandler] INFO  pipeline.BackgroundPipelineCreator (BackgroundPipelineCreatorV2.java:notifyEventTriggered(282)) - trigger a one-shot run on RatisPipelineUtilsThread.
2021-05-27 14:48:53,870 [RatisPipelineUtilsThread - 0] INFO  pipeline.RatisPipelineProvider (RatisPipelineProvider.java:lambda$create$0(170)) - Sending CreatePipelineCommand for pipeline:PipelineID=9991538b-5731-4e35-ab44-0ff4dfccc907 to datanode:cc66d020-3049-4c90-bc53-6b8115d82a8c
2021-05-27 14:48:53,871 [EventQueue-NodeRegistrationContainerReportForContainerSafeModeRule] INFO  safemode.SCMSafeModeManager (SCMSafeModeManager.java:validateSafeModeExitRules(201)) - ContainerSafeModeRule rule is successfully validated
2021-05-27 14:48:53,876 [EventQueue-NodeRegistrationContainerReportForDataNodeSafeModeRule] INFO  safemode.SCMSafeModeManager (DataNodeSafeModeRule.java:process(71)) - SCM in safe mode. 1 DataNodes registered, 1 required.
2021-05-27 14:48:53,877 [EventQueue-NodeRegistrationContainerReportForDataNodeSafeModeRule] INFO  safemode.SCMSafeModeManager (SCMSafeModeManager.java:validateSafeModeExitRules(201)) - DataNodeSafeModeRule rule is successfully validated
2021-05-27 14:48:53,877 [EventQueue-NodeRegistrationContainerReportForDataNodeSafeModeRule] INFO  safemode.SCMSafeModeManager (SCMSafeModeManager.java:completePreCheck(229)) - All SCM safe mode pre check rules have passed
2021-05-27 14:48:53,877 [EventQueue-NodeRegistrationContainerReportForDataNodeSafeModeRule] WARN  events.EventQueue (EventQueue.java:fireEvent(185)) - No event handler registered for event TypedEvent{payloadType=SafeModeStatus, name='Safe mode status'}
2021-05-27 14:48:53,877 [EventQueue-NodeRegistrationContainerReportForDataNodeSafeModeRule] INFO  ha.SCMContext (SCMContext.java:updateSafeModeStatus(147)) - Update SafeModeStatus from SafeModeStatus{safeModeStatus=true, preCheckPassed=false} to SafeModeStatus{safeModeStatus=true, preCheckPassed=true}.
2021-05-27 14:48:53,877 [EventQueue-NodeRegistrationContainerReportForDataNodeSafeModeRule] INFO  pipeline.BackgroundPipelineCreator (BackgroundPipelineCreatorV2.java:notifyEventTriggered(282)) - trigger a one-shot run on RatisPipelineUtilsThread.
2021-05-27 14:48:53,877 [RatisPipelineUtilsThread - 0] INFO  pipeline.PipelineStateManager (PipelineStateManagerV2Impl.java:addPipeline(101)) - Created pipeline Pipeline[ Id: 9991538b-5731-4e35-ab44-0ff4dfccc907, Nodes: cc66d020-3049-4c90-bc53-6b8115d82a8c{ip: 10.1.0.4, host: fv-az270-287.tacnzluakwdehk1hpragurqkma.bx.internal.cloudapp.net, ports: [REPLICATION=41841, RATIS=38925, RATIS_ADMIN=38925, RATIS_SERVER=38925, STANDALONE=33933], networkLocation: /default-rack, certSerialId: null, persistedOpState: IN_SERVICE, persistedOpStateExpiryEpochSec: 0}, ReplicationConfig: RATIS/ONE, State:ALLOCATED, leaderId:, CreationTimestamp2021-05-27T14:48:53.867Z].
2021-05-27 14:48:53,879 [RatisPipelineUtilsThread - 0] WARN  pipeline.PipelinePlacementPolicy (PipelinePlacementPolicy.java:filterViableNodes(151)) - Pipeline creation failed due to no sufficient healthy datanodes. Required 3. Found 1.
2021-05-27 14:48:53,883 [EventQueue-PipelineReportForOneReplicaPipelineSafeModeRule] INFO  safemode.SCMSafeModeManager (SCMSafeModeManager.java:validateSafeModeExitRules(201)) - AtleastOneDatanodeReportedRule rule is successfully validated
2021-05-27 14:48:53,884 [Listener at 127.0.0.1/33213] INFO  ozone.MiniOzoneClusterImpl (MiniOzoneClusterImpl.java:lambda$waitForClusterToBeReady$0(224)) - Waiting for nodes to be ready. Got 1 of 9 DN Heartbeats.
2021-05-27 14:48:53,884 [Listener at 127.0.0.1/33213] INFO  ozone.MiniOzoneClusterImpl (MiniOzoneClusterImpl.java:lambda$waitForClusterToBeReady$0(227)) - Waiting for cluster to exit safe mode
2021-05-27 14:48:53,884 [Listener at 127.0.0.1/33213] INFO  ozone.MiniOzoneClusterImpl (MiniOzoneClusterImpl.java:lambda$waitForClusterToBeReady$0(230)) - SCM became leader
2021-05-27 14:48:53,998 [IPC Server handler 3 on default port 43277] INFO  net.NetworkTopologyImpl (NetworkTopologyImpl.java:add(112)) - Added a new node: /default-rack/ac3fbd16-1d83-453c-852e-871f53a8d589
2021-05-27 14:48:53,998 [IPC Server handler 3 on default port 43277] INFO  node.SCMNodeManager (SCMNodeManager.java:register(348)) - Registered Data node : ac3fbd16-1d83-453c-852e-871f53a8d589{ip: 10.1.0.4, host: fv-az270-287.tacnzluakwdehk1hpragurqkma.bx.internal.cloudapp.net, ports: [REPLICATION=44069, RATIS=44019, RATIS_ADMIN=44019, RATIS_SERVER=44019, STANDALONE=37149], networkLocation: /default-rack, certSerialId: null, persistedOpState: null, persistedOpStateExpiryEpochSec: 0}
2021-05-27 14:48:53,998 [EventQueue-NodeRegistrationContainerReportForDataNodeSafeModeRule] INFO  safemode.SCMSafeModeManager (SCMSafeModeManager.java:validateSafeModeExitRules(201)) - DataNodeSafeModeRule rule is successfully validated
2021-05-27 14:48:53,998 [EventQueue-NodeRegistrationContainerReportForContainerSafeModeRule] INFO  safemode.SCMSafeModeManager (SCMSafeModeManager.java:validateSafeModeExitRules(201)) - ContainerSafeModeRule rule is successfully validated
2021-05-27 14:48:53,999 [EventQueue-NewNodeForNewNodeHandler] INFO  pipeline.BackgroundPipelineCreator (BackgroundPipelineCreatorV2.java:notifyEventTriggered(282)) - trigger a one-shot run on RatisPipelineUtilsThread.
2021-05-27 14:48:53,999 [EventQueue-PipelineReportForOneReplicaPipelineSafeModeRule] INFO  safemode.SCMSafeModeManager (SCMSafeModeManager.java:validateSafeModeExitRules(201)) - AtleastOneDatanodeReportedRule rule is successfully validated
2021-05-27 14:48:54,000 [RatisPipelineUtilsThread - 0] INFO  pipeline.RatisPipelineProvider (RatisPipelineProvider.java:lambda$create$0(170)) - Sending CreatePipelineCommand for pipeline:PipelineID=46bbee33-1a09-48dd-8ec2-dc59e677c11f to datanode:ac3fbd16-1d83-453c-852e-871f53a8d589
2021-05-27 14:48:54,001 [RatisPipelineUtilsThread - 0] INFO  pipeline.PipelineStateManager (PipelineStateManagerV2Impl.java:addPipeline(101)) - Created pipeline Pipeline[ Id: 46bbee33-1a09-48dd-8ec2-dc59e677c11f, Nodes: ac3fbd16-1d83-453c-852e-871f53a8d589{ip: 10.1.0.4, host: fv-az270-287.tacnzluakwdehk1hpragurqkma.bx.internal.cloudapp.net, ports: [REPLICATION=44069, RATIS=44019, RATIS_ADMIN=44019, RATIS_SERVER=44019, STANDALONE=37149], networkLocation: /default-rack, certSerialId: null, persistedOpState: IN_SERVICE, persistedOpStateExpiryEpochSec: 0}, ReplicationConfig: RATIS/ONE, State:ALLOCATED, leaderId:, CreationTimestamp2021-05-27T14:48:54Z].
2021-05-27 14:48:54,001 [RatisPipelineUtilsThread - 0] WARN  pipeline.PipelinePlacementPolicy (PipelinePlacementPolicy.java:filterViableNodes(151)) - Pipeline creation failed due to no sufficient healthy datanodes. Required 3. Found 2.
2021-05-27 14:48:54,112 [IPC Server handler 2 on default port 43277] INFO  net.NetworkTopologyImpl (NetworkTopologyImpl.java:add(112)) - Added a new node: /default-rack/d3bd078d-6cea-4f12-8d62-4874212fc6f9
2021-05-27 14:48:54,112 [EventQueue-NewNodeForNewNodeHandler] INFO  pipeline.BackgroundPipelineCreator (BackgroundPipelineCreatorV2.java:notifyEventTriggered(282)) - trigger a one-shot run on RatisPipelineUtilsThread.
2021-05-27 14:48:54,112 [IPC Server handler 2 on default port 43277] INFO  node.SCMNodeManager (SCMNodeManager.java:register(348)) - Registered Data node : d3bd078d-6cea-4f12-8d62-4874212fc6f9{ip: 10.1.0.4, host: fv-az270-287.tacnzluakwdehk1hpragurqkma.bx.internal.cloudapp.net, ports: [REPLICATION=37945, RATIS=44989, RATIS_ADMIN=44989, RATIS_SERVER=44989, STANDALONE=42113], networkLocation: /default-rack, certSerialId: null, persistedOpState: null, persistedOpStateExpiryEpochSec: 0}
2021-05-27 14:48:54,113 [RatisPipelineUtilsThread - 0] INFO  pipeline.RatisPipelineProvider (RatisPipelineProvider.java:lambda$create$0(170)) - Sending CreatePipelineCommand for pipeline:PipelineID=beec1027-10e9-4a9b-a680-7e7f43f1b432 to datanode:d3bd078d-6cea-4f12-8d62-4874212fc6f9
2021-05-27 14:48:54,113 [EventQueue-NodeRegistrationContainerReportForContainerSafeModeRule] INFO  safemode.SCMSafeModeManager (SCMSafeModeManager.java:validateSafeModeExitRules(201)) - ContainerSafeModeRule rule is successfully validated
2021-05-27 14:48:54,113 [EventQueue-NodeRegistrationContainerReportForDataNodeSafeModeRule] INFO  safemode.SCMSafeModeManager (SCMSafeModeManager.java:validateSafeModeExitRules(201)) - DataNodeSafeModeRule rule is successfully validated
2021-05-27 14:48:54,113 [EventQueue-PipelineReportForOneReplicaPipelineSafeModeRule] INFO  safemode.SCMSafeModeManager (SCMSafeModeManager.java:validateSafeModeExitRules(201)) - AtleastOneDatanodeReportedRule rule is successfully validated
2021-05-27 14:48:54,114 [RatisPipelineUtilsThread - 0] INFO  pipeline.PipelineStateManager (PipelineStateManagerV2Impl.java:addPipeline(101)) - Created pipeline Pipeline[ Id: beec1027-10e9-4a9b-a680-7e7f43f1b432, Nodes: d3bd078d-6cea-4f12-8d62-4874212fc6f9{ip: 10.1.0.4, host: fv-az270-287.tacnzluakwdehk1hpragurqkma.bx.internal.cloudapp.net, ports: [REPLICATION=37945, RATIS=44989, RATIS_ADMIN=44989, RATIS_SERVER=44989, STANDALONE=42113], networkLocation: /default-rack, certSerialId: null, persistedOpState: IN_SERVICE, persistedOpStateExpiryEpochSec: 0}, ReplicationConfig: RATIS/ONE, State:ALLOCATED, leaderId:, CreationTimestamp2021-05-27T14:48:54.113Z].
2021-05-27 14:48:54,117 [RatisPipelineUtilsThread - 0] INFO  pipeline.RatisPipelineProvider (RatisPipelineProvider.java:lambda$create$0(170)) - Sending CreatePipelineCommand for pipeline:PipelineID=1041af58-6781-4304-9760-f74673522764 to datanode:ac3fbd16-1d83-453c-852e-871f53a8d589
2021-05-27 14:48:54,117 [RatisPipelineUtilsThread - 0] INFO  pipeline.RatisPipelineProvider (RatisPipelineProvider.java:lambda$create$0(170)) - Sending CreatePipelineCommand for pipeline:PipelineID=1041af58-6781-4304-9760-f74673522764 to datanode:cc66d020-3049-4c90-bc53-6b8115d82a8c
2021-05-27 14:48:54,117 [RatisPipelineUtilsThread - 0] INFO  pipeline.RatisPipelineProvider (RatisPipelineProvider.java:lambda$create$0(170)) - Sending CreatePipelineCommand for pipeline:PipelineID=1041af58-6781-4304-9760-f74673522764 to datanode:d3bd078d-6cea-4f12-8d62-4874212fc6f9
2021-05-27 14:48:54,118 [RatisPipelineUtilsThread - 0] INFO  pipeline.PipelineStateManager (PipelineStateManagerV2Impl.java:addPipeline(101)) - Created pipeline Pipeline[ Id: 1041af58-6781-4304-9760-f74673522764, Nodes: ac3fbd16-1d83-453c-852e-871f53a8d589{ip: 10.1.0.4, host: fv-az270-287.tacnzluakwdehk1hpragurqkma.bx.internal.cloudapp.net, ports: [REPLICATION=44069, RATIS=44019, RATIS_ADMIN=44019, RATIS_SERVER=44019, STANDALONE=37149], networkLocation: /default-rack, certSerialId: null, persistedOpState: IN_SERVICE, persistedOpStateExpiryEpochSec: 0}cc66d020-3049-4c90-bc53-6b8115d82a8c{ip: 10.1.0.4, host: fv-az270-287.tacnzluakwdehk1hpragurqkma.bx.internal.cloudapp.net, ports: [REPLICATION=41841, RATIS=38925, RATIS_ADMIN=38925, RATIS_SERVER=38925, STANDALONE=33933], networkLocation: /default-rack, certSerialId: null, persistedOpState: IN_SERVICE, persistedOpStateExpiryEpochSec: 0}d3bd078d-6cea-4f12-8d62-4874212fc6f9{ip: 10.1.0.4, host: fv-az270-287.tacnzluakwdehk1hpragurqkma.bx.internal.cloudapp.net, ports: [REPLICATION=37945, RATIS=44989, RATIS_ADMIN=44989, RATIS_SERVER=44989, STANDALONE=42113], networkLocation: /default-rack, certSerialId: null, persistedOpState: IN_SERVICE, persistedOpStateExpiryEpochSec: 0}, ReplicationConfig: RATIS/THREE, State:ALLOCATED, leaderId:, CreationTimestamp2021-05-27T14:48:54.117Z].
2021-05-27 14:48:54,232 [IPC Server handler 4 on default port 43277] INFO  net.NetworkTopologyImpl (NetworkTopologyImpl.java:add(112)) - Added a new node: /default-rack/fe96208f-f4a6-407e-8fa5-c04d11db231e
2021-05-27 14:48:54,232 [IPC Server handler 4 on default port 43277] INFO  node.SCMNodeManager (SCMNodeManager.java:register(348)) - Registered Data node : fe96208f-f4a6-407e-8fa5-c04d11db231e{ip: 10.1.0.4, host: fv-az270-287.tacnzluakwdehk1hpragurqkma.bx.internal.cloudapp.net, ports: [REPLICATION=36509, RATIS=42335, RATIS_ADMIN=42335, RATIS_SERVER=42335, STANDALONE=44801], networkLocation: /default-rack, certSerialId: null, persistedOpState: null, persistedOpStateExpiryEpochSec: 0}
2021-05-27 14:48:54,233 [EventQueue-NewNodeForNewNodeHandler] INFO  pipeline.BackgroundPipelineCreator (BackgroundPipelineCreatorV2.java:notifyEventTriggered(282)) - trigger a one-shot run on RatisPipelineUtilsThread.
2021-05-27 14:48:54,233 [EventQueue-NodeRegistrationContainerReportForDataNodeSafeModeRule] INFO  safemode.SCMSafeModeManager (SCMSafeModeManager.java:validateSafeModeExitRules(201)) - DataNodeSafeModeRule rule is successfully validated
2021-05-27 14:48:54,233 [EventQueue-NodeRegistrationContainerReportForContainerSafeModeRule] INFO  safemode.SCMSafeModeManager (SCMSafeModeManager.java:validateSafeModeExitRules(201)) - ContainerSafeModeRule rule is successfully validated
2021-05-27 14:48:54,234 [RatisPipelineUtilsThread - 0] INFO  pipeline.RatisPipelineProvider (RatisPipelineProvider.java:lambda$create$0(170)) - Sending CreatePipelineCommand for pipeline:PipelineID=f0fd23e4-ec86-4d58-b133-8b5ebb4b753e to datanode:fe96208f-f4a6-407e-8fa5-c04d11db231e
2021-05-27 14:48:54,235 [RatisPipelineUtilsThread - 0] INFO  pipeline.PipelineStateManager (PipelineStateManagerV2Impl.java:addPipeline(101)) - Created pipeline Pipeline[ Id: f0fd23e4-ec86-4d58-b133-8b5ebb4b753e, Nodes: fe96208f-f4a6-407e-8fa5-c04d11db231e{ip: 10.1.0.4, host: fv-az270-287.tacnzluakwdehk1hpragurqkma.bx.internal.cloudapp.net, ports: [REPLICATION=36509, RATIS=42335, RATIS_ADMIN=42335, RATIS_SERVER=42335, STANDALONE=44801], networkLocation: /default-rack, certSerialId: null, persistedOpState: IN_SERVICE, persistedOpStateExpiryEpochSec: 0}, ReplicationConfig: RATIS/ONE, State:ALLOCATED, leaderId:, CreationTimestamp2021-05-27T14:48:54.234Z].
2021-05-27 14:48:54,235 [EventQueue-PipelineReportForOneReplicaPipelineSafeModeRule] INFO  safemode.SCMSafeModeManager (SCMSafeModeManager.java:validateSafeModeExitRules(201)) - AtleastOneDatanodeReportedRule rule is successfully validated
2021-05-27 14:48:54,344 [IPC Server handler 5 on default port 43277] INFO  net.NetworkTopologyImpl (NetworkTopologyImpl.java:add(112)) - Added a new node: /default-rack/79a5c71d-05f9-4896-b0a5-ed7a69f27e7b
2021-05-27 14:48:54,345 [IPC Server handler 5 on default port 43277] INFO  node.SCMNodeManager (SCMNodeManager.java:register(348)) - Registered Data node : 79a5c71d-05f9-4896-b0a5-ed7a69f27e7b{ip: 10.1.0.4, host: fv-az270-287.tacnzluakwdehk1hpragurqkma.bx.internal.cloudapp.net, ports: [REPLICATION=41027, RATIS=37273, RATIS_ADMIN=37273, RATIS_SERVER=37273, STANDALONE=40237], networkLocation: /default-rack, certSerialId: null, persistedOpState: null, persistedOpStateExpiryEpochSec: 0}
2021-05-27 14:48:54,345 [EventQueue-NewNodeForNewNodeHandler] INFO  pipeline.BackgroundPipelineCreator (BackgroundPipelineCreatorV2.java:notifyEventTriggered(282)) - trigger a one-shot run on RatisPipelineUtilsThread.
2021-05-27 14:48:54,345 [EventQueue-NodeRegistrationContainerReportForContainerSafeModeRule] INFO  safemode.SCMSafeModeManager (SCMSafeModeManager.java:validateSafeModeExitRules(201)) - ContainerSafeModeRule rule is successfully validated
2021-05-27 14:48:54,345 [EventQueue-PipelineReportForOneReplicaPipelineSafeModeRule] INFO  safemode.SCMSafeModeManager (SCMSafeModeManager.java:validateSafeModeExitRules(201)) - AtleastOneDatanodeReportedRule rule is successfully validated
2021-05-27 14:48:54,345 [EventQueue-NodeRegistrationContainerReportForDataNodeSafeModeRule] INFO  safemode.SCMSafeModeManager (SCMSafeModeManager.java:validateSafeModeExitRules(201)) - DataNodeSafeModeRule rule is successfully validated
2021-05-27 14:48:54,346 [RatisPipelineUtilsThread - 0] INFO  pipeline.RatisPipelineProvider (RatisPipelineProvider.java:lambda$create$0(170)) - Sending CreatePipelineCommand for pipeline:PipelineID=84e95077-3112-497c-90a4-fb1f64c33e52 to datanode:79a5c71d-05f9-4896-b0a5-ed7a69f27e7b
2021-05-27 14:48:54,346 [RatisPipelineUtilsThread - 0] INFO  pipeline.PipelineStateManager (PipelineStateManagerV2Impl.java:addPipeline(101)) - Created pipeline Pipeline[ Id: 84e95077-3112-497c-90a4-fb1f64c33e52, Nodes: 79a5c71d-05f9-4896-b0a5-ed7a69f27e7b{ip: 10.1.0.4, host: fv-az270-287.tacnzluakwdehk1hpragurqkma.bx.internal.cloudapp.net, ports: [REPLICATION=41027, RATIS=37273, RATIS_ADMIN=37273, RATIS_SERVER=37273, STANDALONE=40237], networkLocation: /default-rack, certSerialId: null, persistedOpState: IN_SERVICE, persistedOpStateExpiryEpochSec: 0}, ReplicationConfig: RATIS/ONE, State:ALLOCATED, leaderId:, CreationTimestamp2021-05-27T14:48:54.346Z].
2021-05-27 14:48:54,533 [IPC Server handler 6 on default port 43277] INFO  net.NetworkTopologyImpl (NetworkTopologyImpl.java:add(112)) - Added a new node: /default-rack/58901a56-5ead-441d-bada-0c2dcec13c3c
2021-05-27 14:48:54,534 [IPC Server handler 6 on default port 43277] INFO  node.SCMNodeManager (SCMNodeManager.java:register(348)) - Registered Data node : 58901a56-5ead-441d-bada-0c2dcec13c3c{ip: 10.1.0.4, host: fv-az270-287.tacnzluakwdehk1hpragurqkma.bx.internal.cloudapp.net, ports: [REPLICATION=46427, RATIS=34635, RATIS_ADMIN=34635, RATIS_SERVER=34635, STANDALONE=36703], networkLocation: /default-rack, certSerialId: null, persistedOpState: null, persistedOpStateExpiryEpochSec: 0}
2021-05-27 14:48:54,534 [EventQueue-NewNodeForNewNodeHandler] INFO  pipeline.BackgroundPipelineCreator (BackgroundPipelineCreatorV2.java:notifyEventTriggered(282)) - trigger a one-shot run on RatisPipelineUtilsThread.
2021-05-27 14:48:54,535 [EventQueue-PipelineReportForOneReplicaPipelineSafeModeRule] INFO  safemode.SCMSafeModeManager (SCMSafeModeManager.java:validateSafeModeExitRules(201)) - AtleastOneDatanodeReportedRule rule is successfully validated
2021-05-27 14:48:54,536 [EventQueue-NodeRegistrationContainerReportForDataNodeSafeModeRule] INFO  safemode.SCMSafeModeManager (SCMSafeModeManager.java:validateSafeModeExitRules(201)) - DataNodeSafeModeRule rule is successfully validated
2021-05-27 14:48:54,536 [EventQueue-NodeRegistrationContainerReportForContainerSafeModeRule] INFO  safemode.SCMSafeModeManager (SCMSafeModeManager.java:validateSafeModeExitRules(201)) - ContainerSafeModeRule rule is successfully validated
2021-05-27 14:48:54,537 [RatisPipelineUtilsThread - 0] INFO  pipeline.RatisPipelineProvider (RatisPipelineProvider.java:lambda$create$0(170)) - Sending CreatePipelineCommand for pipeline:PipelineID=99b00399-7e16-48f4-9863-7ed80a3ae6da to datanode:58901a56-5ead-441d-bada-0c2dcec13c3c
2021-05-27 14:48:54,537 [RatisPipelineUtilsThread - 0] INFO  pipeline.PipelineStateManager (PipelineStateManagerV2Impl.java:addPipeline(101)) - Created pipeline Pipeline[ Id: 99b00399-7e16-48f4-9863-7ed80a3ae6da, Nodes: 58901a56-5ead-441d-bada-0c2dcec13c3c{ip: 10.1.0.4, host: fv-az270-287.tacnzluakwdehk1hpragurqkma.bx.internal.cloudapp.net, ports: [REPLICATION=46427, RATIS=34635, RATIS_ADMIN=34635, RATIS_SERVER=34635, STANDALONE=36703], networkLocation: /default-rack, certSerialId: null, persistedOpState: IN_SERVICE, persistedOpStateExpiryEpochSec: 0}, ReplicationConfig: RATIS/ONE, State:ALLOCATED, leaderId:, CreationTimestamp2021-05-27T14:48:54.537Z].
2021-05-27 14:48:54,538 [RatisPipelineUtilsThread - 0] INFO  pipeline.RatisPipelineProvider (RatisPipelineProvider.java:lambda$create$0(170)) - Sending CreatePipelineCommand for pipeline:PipelineID=86ab80c3-99b9-4fb4-9adb-beb3cad4bd71 to datanode:58901a56-5ead-441d-bada-0c2dcec13c3c
2021-05-27 14:48:54,538 [RatisPipelineUtilsThread - 0] INFO  pipeline.RatisPipelineProvider (RatisPipelineProvider.java:lambda$create$0(170)) - Sending CreatePipelineCommand for pipeline:PipelineID=86ab80c3-99b9-4fb4-9adb-beb3cad4bd71 to datanode:fe96208f-f4a6-407e-8fa5-c04d11db231e
2021-05-27 14:48:54,538 [RatisPipelineUtilsThread - 0] INFO  pipeline.RatisPipelineProvider (RatisPipelineProvider.java:lambda$create$0(170)) - Sending CreatePipelineCommand for pipeline:PipelineID=86ab80c3-99b9-4fb4-9adb-beb3cad4bd71 to datanode:79a5c71d-05f9-4896-b0a5-ed7a69f27e7b
2021-05-27 14:48:54,539 [RatisPipelineUtilsThread - 0] INFO  pipeline.PipelineStateManager (PipelineStateManagerV2Impl.java:addPipeline(101)) - Created pipeline Pipeline[ Id: 86ab80c3-99b9-4fb4-9adb-beb3cad4bd71, Nodes: 58901a56-5ead-441d-bada-0c2dcec13c3c{ip: 10.1.0.4, host: fv-az270-287.tacnzluakwdehk1hpragurqkma.bx.internal.cloudapp.net, ports: [REPLICATION=46427, RATIS=34635, RATIS_ADMIN=34635, RATIS_SERVER=34635, STANDALONE=36703], networkLocation: /default-rack, certSerialId: null, persistedOpState: IN_SERVICE, persistedOpStateExpiryEpochSec: 0}fe96208f-f4a6-407e-8fa5-c04d11db231e{ip: 10.1.0.4, host: fv-az270-287.tacnzluakwdehk1hpragurqkma.bx.internal.cloudapp.net, ports: [REPLICATION=36509, RATIS=42335, RATIS_ADMIN=42335, RATIS_SERVER=42335, STANDALONE=44801], networkLocation: /default-rack, certSerialId: null, persistedOpState: IN_SERVICE, persistedOpStateExpiryEpochSec: 0}79a5c71d-05f9-4896-b0a5-ed7a69f27e7b{ip: 10.1.0.4, host: fv-az270-287.tacnzluakwdehk1hpragurqkma.bx.internal.cloudapp.net, ports: [REPLICATION=41027, RATIS=37273, RATIS_ADMIN=37273, RATIS_SERVER=37273, STANDALONE=40237], networkLocation: /default-rack, certSerialId: null, persistedOpState: IN_SERVICE, persistedOpStateExpiryEpochSec: 0}, ReplicationConfig: RATIS/THREE, State:ALLOCATED, leaderId:, CreationTimestamp2021-05-27T14:48:54.538Z].
2021-05-27 14:48:54,636 [IPC Server handler 8 on default port 43277] INFO  net.NetworkTopologyImpl (NetworkTopologyImpl.java:add(112)) - Added a new node: /default-rack/4028be1c-f04f-471f-a5c7-d66a385f5692
2021-05-27 14:48:54,637 [IPC Server handler 8 on default port 43277] INFO  node.SCMNodeManager (SCMNodeManager.java:register(348)) - Registered Data node : 4028be1c-f04f-471f-a5c7-d66a385f5692{ip: 10.1.0.4, host: fv-az270-287.tacnzluakwdehk1hpragurqkma.bx.internal.cloudapp.net, ports: [REPLICATION=38577, RATIS=39853, RATIS_ADMIN=39853, RATIS_SERVER=39853, STANDALONE=41673], networkLocation: /default-rack, certSerialId: null, persistedOpState: null, persistedOpStateExpiryEpochSec: 0}
2021-05-27 14:48:54,637 [EventQueue-NodeRegistrationContainerReportForContainerSafeModeRule] INFO  safemode.SCMSafeModeManager (SCMSafeModeManager.java:validateSafeModeExitRules(201)) - ContainerSafeModeRule rule is successfully validated
2021-05-27 14:48:54,638 [EventQueue-PipelineReportForOneReplicaPipelineSafeModeRule] INFO  safemode.SCMSafeModeManager (SCMSafeModeManager.java:validateSafeModeExitRules(201)) - AtleastOneDatanodeReportedRule rule is successfully validated
2021-05-27 14:48:54,638 [EventQueue-NodeRegistrationContainerReportForDataNodeSafeModeRule] INFO  safemode.SCMSafeModeManager (SCMSafeModeManager.java:validateSafeModeExitRules(201)) - DataNodeSafeModeRule rule is successfully validated
2021-05-27 14:48:54,637 [EventQueue-NewNodeForNewNodeHandler] INFO  pipeline.BackgroundPipelineCreator (BackgroundPipelineCreatorV2.java:notifyEventTriggered(282)) - trigger a one-shot run on RatisPipelineUtilsThread.
2021-05-27 14:48:54,638 [RatisPipelineUtilsThread - 0] INFO  pipeline.RatisPipelineProvider (RatisPipelineProvider.java:lambda$create$0(170)) - Sending CreatePipelineCommand for pipeline:PipelineID=a9620fcb-631b-4d7f-993b-f3a0bfbb38e1 to datanode:4028be1c-f04f-471f-a5c7-d66a385f5692
2021-05-27 14:48:54,639 [RatisPipelineUtilsThread - 0] INFO  pipeline.PipelineStateManager (PipelineStateManagerV2Impl.java:addPipeline(101)) - Created pipeline Pipeline[ Id: a9620fcb-631b-4d7f-993b-f3a0bfbb38e1, Nodes: 4028be1c-f04f-471f-a5c7-d66a385f5692{ip: 10.1.0.4, host: fv-az270-287.tacnzluakwdehk1hpragurqkma.bx.internal.cloudapp.net, ports: [REPLICATION=38577, RATIS=39853, RATIS_ADMIN=39853, RATIS_SERVER=39853, STANDALONE=41673], networkLocation: /default-rack, certSerialId: null, persistedOpState: IN_SERVICE, persistedOpStateExpiryEpochSec: 0}, ReplicationConfig: RATIS/ONE, State:ALLOCATED, leaderId:, CreationTimestamp2021-05-27T14:48:54.638Z].
2021-05-27 14:48:54,792 [IPC Server handler 0 on default port 43277] INFO  net.NetworkTopologyImpl (NetworkTopologyImpl.java:add(112)) - Added a new node: /default-rack/8e6df144-c6f6-43b2-a2f1-262f0d8e0594
2021-05-27 14:48:54,793 [IPC Server handler 0 on default port 43277] INFO  node.SCMNodeManager (SCMNodeManager.java:register(348)) - Registered Data node : 8e6df144-c6f6-43b2-a2f1-262f0d8e0594{ip: 10.1.0.4, host: fv-az270-287.tacnzluakwdehk1hpragurqkma.bx.internal.cloudapp.net, ports: [REPLICATION=37559, RATIS=35723, RATIS_ADMIN=35723, RATIS_SERVER=35723, STANDALONE=40251], networkLocation: /default-rack, certSerialId: null, persistedOpState: null, persistedOpStateExpiryEpochSec: 0}
2021-05-27 14:48:54,793 [EventQueue-NewNodeForNewNodeHandler] INFO  pipeline.BackgroundPipelineCreator (BackgroundPipelineCreatorV2.java:notifyEventTriggered(282)) - trigger a one-shot run on RatisPipelineUtilsThread.
2021-05-27 14:48:54,794 [RatisPipelineUtilsThread - 0] INFO  pipeline.RatisPipelineProvider (RatisPipelineProvider.java:lambda$create$0(170)) - Sending CreatePipelineCommand for pipeline:PipelineID=bd823302-3d52-40e6-99d6-d89eb04e674d to datanode:8e6df144-c6f6-43b2-a2f1-262f0d8e0594
2021-05-27 14:48:54,794 [RatisPipelineUtilsThread - 0] INFO  pipeline.PipelineStateManager (PipelineStateManagerV2Impl.java:addPipeline(101)) - Created pipeline Pipeline[ Id: bd823302-3d52-40e6-99d6-d89eb04e674d, Nodes: 8e6df144-c6f6-43b2-a2f1-262f0d8e0594{ip: 10.1.0.4, host: fv-az270-287.tacnzluakwdehk1hpragurqkma.bx.internal.cloudapp.net, ports: [REPLICATION=37559, RATIS=35723, RATIS_ADMIN=35723, RATIS_SERVER=35723, STANDALONE=40251], networkLocation: /default-rack, certSerialId: null, persistedOpState: IN_SERVICE, persistedOpStateExpiryEpochSec: 0}, ReplicationConfig: RATIS/ONE, State:ALLOCATED, leaderId:, CreationTimestamp2021-05-27T14:48:54.794Z].
2021-05-27 14:48:54,796 [EventQueue-NodeRegistrationContainerReportForContainerSafeModeRule] INFO  safemode.SCMSafeModeManager (SCMSafeModeManager.java:validateSafeModeExitRules(201)) - ContainerSafeModeRule rule is successfully validated
2021-05-27 14:48:54,796 [EventQueue-NodeRegistrationContainerReportForDataNodeSafeModeRule] INFO  safemode.SCMSafeModeManager (SCMSafeModeManager.java:validateSafeModeExitRules(201)) - DataNodeSafeModeRule rule is successfully validated
2021-05-27 14:48:54,796 [EventQueue-PipelineReportForOneReplicaPipelineSafeModeRule] INFO  safemode.SCMSafeModeManager (SCMSafeModeManager.java:validateSafeModeExitRules(201)) - AtleastOneDatanodeReportedRule rule is successfully validated
2021-05-27 14:48:54,885 [Listener at 127.0.0.1/33213] INFO  ozone.MiniOzoneClusterImpl (MiniOzoneClusterImpl.java:lambda$waitForClusterToBeReady$0(224)) - Waiting for nodes to be ready. Got 8 of 9 DN Heartbeats.
2021-05-27 14:48:54,885 [Listener at 127.0.0.1/33213] INFO  ozone.MiniOzoneClusterImpl (MiniOzoneClusterImpl.java:lambda$waitForClusterToBeReady$0(227)) - Waiting for cluster to exit safe mode
2021-05-27 14:48:54,885 [Listener at 127.0.0.1/33213] INFO  ozone.MiniOzoneClusterImpl (MiniOzoneClusterImpl.java:lambda$waitForClusterToBeReady$0(230)) - SCM became leader
2021-05-27 14:48:54,889 [IPC Server handler 3 on default port 43277] INFO  net.NetworkTopologyImpl (NetworkTopologyImpl.java:add(112)) - Added a new node: /default-rack/c80f2544-efc8-492a-83e4-5b8bcbed7eb8
2021-05-27 14:48:54,889 [IPC Server handler 3 on default port 43277] INFO  node.SCMNodeManager (SCMNodeManager.java:register(348)) - Registered Data node : c80f2544-efc8-492a-83e4-5b8bcbed7eb8{ip: 10.1.0.4, host: fv-az270-287.tacnzluakwdehk1hpragurqkma.bx.internal.cloudapp.net, ports: [REPLICATION=44649, RATIS=35561, RATIS_ADMIN=35561, RATIS_SERVER=35561, STANDALONE=39239], networkLocation: /default-rack, certSerialId: null, persistedOpState: null, persistedOpStateExpiryEpochSec: 0}
2021-05-27 14:48:54,889 [EventQueue-NewNodeForNewNodeHandler] INFO  pipeline.BackgroundPipelineCreator (BackgroundPipelineCreatorV2.java:notifyEventTriggered(282)) - trigger a one-shot run on RatisPipelineUtilsThread.
2021-05-27 14:48:54,889 [EventQueue-NodeRegistrationContainerReportForContainerSafeModeRule] INFO  safemode.SCMSafeModeManager (SCMSafeModeManager.java:validateSafeModeExitRules(201)) - ContainerSafeModeRule rule is successfully validated
2021-05-27 14:48:54,889 [EventQueue-NodeRegistrationContainerReportForDataNodeSafeModeRule] INFO  safemode.SCMSafeModeManager (SCMSafeModeManager.java:validateSafeModeExitRules(201)) - DataNodeSafeModeRule rule is successfully validated
2021-05-27 14:48:54,890 [EventQueue-PipelineReportForOneReplicaPipelineSafeModeRule] INFO  safemode.SCMSafeModeManager (SCMSafeModeManager.java:validateSafeModeExitRules(201)) - AtleastOneDatanodeReportedRule rule is successfully validated
2021-05-27 14:48:54,890 [RatisPipelineUtilsThread - 0] INFO  pipeline.RatisPipelineProvider (RatisPipelineProvider.java:lambda$create$0(170)) - Sending CreatePipelineCommand for pipeline:PipelineID=955e6559-da5a-4dfd-a25a-b2661161f723 to datanode:c80f2544-efc8-492a-83e4-5b8bcbed7eb8
2021-05-27 14:48:54,890 [RatisPipelineUtilsThread - 0] INFO  pipeline.PipelineStateManager (PipelineStateManagerV2Impl.java:addPipeline(101)) - Created pipeline Pipeline[ Id: 955e6559-da5a-4dfd-a25a-b2661161f723, Nodes: c80f2544-efc8-492a-83e4-5b8bcbed7eb8{ip: 10.1.0.4, host: fv-az270-287.tacnzluakwdehk1hpragurqkma.bx.internal.cloudapp.net, ports: [REPLICATION=44649, RATIS=35561, RATIS_ADMIN=35561, RATIS_SERVER=35561, STANDALONE=39239], networkLocation: /default-rack, certSerialId: null, persistedOpState: IN_SERVICE, persistedOpStateExpiryEpochSec: 0}, ReplicationConfig: RATIS/ONE, State:ALLOCATED, leaderId:, CreationTimestamp2021-05-27T14:48:54.890Z].
2021-05-27 14:48:54,891 [RatisPipelineUtilsThread - 0] INFO  pipeline.RatisPipelineProvider (RatisPipelineProvider.java:lambda$create$0(170)) - Sending CreatePipelineCommand for pipeline:PipelineID=92661cd8-1084-46f9-bbf0-bd86b44502a1 to datanode:c80f2544-efc8-492a-83e4-5b8bcbed7eb8
2021-05-27 14:48:54,891 [RatisPipelineUtilsThread - 0] INFO  pipeline.RatisPipelineProvider (RatisPipelineProvider.java:lambda$create$0(170)) - Sending CreatePipelineCommand for pipeline:PipelineID=92661cd8-1084-46f9-bbf0-bd86b44502a1 to datanode:4028be1c-f04f-471f-a5c7-d66a385f5692
2021-05-27 14:48:54,891 [RatisPipelineUtilsThread - 0] INFO  pipeline.RatisPipelineProvider (RatisPipelineProvider.java:lambda$create$0(170)) - Sending CreatePipelineCommand for pipeline:PipelineID=92661cd8-1084-46f9-bbf0-bd86b44502a1 to datanode:8e6df144-c6f6-43b2-a2f1-262f0d8e0594
2021-05-27 14:48:54,892 [RatisPipelineUtilsThread - 0] INFO  pipeline.PipelineStateManager (PipelineStateManagerV2Impl.java:addPipeline(101)) - Created pipeline Pipeline[ Id: 92661cd8-1084-46f9-bbf0-bd86b44502a1, Nodes: c80f2544-efc8-492a-83e4-5b8bcbed7eb8{ip: 10.1.0.4, host: fv-az270-287.tacnzluakwdehk1hpragurqkma.bx.internal.cloudapp.net, ports: [REPLICATION=44649, RATIS=35561, RATIS_ADMIN=35561, RATIS_SERVER=35561, STANDALONE=39239], networkLocation: /default-rack, certSerialId: null, persistedOpState: IN_SERVICE, persistedOpStateExpiryEpochSec: 0}4028be1c-f04f-471f-a5c7-d66a385f5692{ip: 10.1.0.4, host: fv-az270-287.tacnzluakwdehk1hpragurqkma.bx.internal.cloudapp.net, ports: [REPLICATION=38577, RATIS=39853, RATIS_ADMIN=39853, RATIS_SERVER=39853, STANDALONE=41673], networkLocation: /default-rack, certSerialId: null, persistedOpState: IN_SERVICE, persistedOpStateExpiryEpochSec: 0}8e6df144-c6f6-43b2-a2f1-262f0d8e0594{ip: 10.1.0.4, host: fv-az270-287.tacnzluakwdehk1hpragurqkma.bx.internal.cloudapp.net, ports: [REPLICATION=37559, RATIS=35723, RATIS_ADMIN=35723, RATIS_SERVER=35723, STANDALONE=40251], networkLocation: /default-rack, certSerialId: null, persistedOpState: IN_SERVICE, persistedOpStateExpiryEpochSec: 0}, ReplicationConfig: RATIS/THREE, State:ALLOCATED, leaderId:, CreationTimestamp2021-05-27T14:48:54.891Z].
2021-05-27 14:48:55,885 [Listener at 127.0.0.1/33213] INFO  ozone.MiniOzoneClusterImpl (MiniOzoneClusterImpl.java:lambda$waitForClusterToBeReady$0(224)) - Nodes are ready. Got 9 of 9 DN Heartbeats.
2021-05-27 14:48:55,886 [Listener at 127.0.0.1/33213] INFO  ozone.MiniOzoneClusterImpl (MiniOzoneClusterImpl.java:lambda$waitForClusterToBeReady$0(227)) - Waiting for cluster to exit safe mode
2021-05-27 14:48:55,886 [Listener at 127.0.0.1/33213] INFO  ozone.MiniOzoneClusterImpl (MiniOzoneClusterImpl.java:lambda$waitForClusterToBeReady$0(230)) - SCM became leader
2021-05-27 14:48:56,838 [Command processor thread] INFO  server.RaftServer (RaftServerProxy.java:addNew(95)) - cc66d020-3049-4c90-bc53-6b8115d82a8c: addNew group-0FF4DFCCC907:[cc66d020-3049-4c90-bc53-6b8115d82a8c|rpc:10.1.0.4:38925|priority:1] returns group-0FF4DFCCC907:java.util.concurrent.CompletableFuture@147f5ca[Not completed]
2021-05-27 14:48:56,980 [pool-47-thread-1] INFO  server.RaftServer$Division (RaftServerImpl.java:<init>(180)) - cc66d020-3049-4c90-bc53-6b8115d82a8c: new RaftServerImpl for group-0FF4DFCCC907:[cc66d020-3049-4c90-bc53-6b8115d82a8c|rpc:10.1.0.4:38925|priority:1] with ContainerStateMachine:uninitialized
2021-05-27 14:48:56,981 [pool-47-thread-1] INFO  server.RaftServerConfigKeys (ConfUtils.java:logGet(44)) - raft.server.rpc.timeout.min = 5s (custom)
2021-05-27 14:48:56,982 [pool-47-thread-1] INFO  server.RaftServerConfigKeys (ConfUtils.java:logGet(44)) - raft.server.rpc.timeout.max = 5200ms (custom)
2021-05-27 14:48:56,982 [pool-47-thread-1] INFO  server.RaftServerConfigKeys (ConfUtils.java:logGet(44)) - raft.server.rpc.sleep.time = 25ms (default)
2021-05-27 14:48:56,982 [pool-47-thread-1] INFO  server.RaftServerConfigKeys (ConfUtils.java:logGet(44)) - raft.server.rpc.slowness.timeout = 300000ms (custom)
2021-05-27 14:48:56,982 [pool-47-thread-1] INFO  server.RaftServerConfigKeys (ConfUtils.java:logGet(44)) - raft.server.leaderelection.leader.step-down.wait-time = 10s (default)
2021-05-27 14:48:56,982 [pool-47-thread-1] INFO  server.RaftServerConfigKeys (ConfUtils.java:logGet(44)) - raft.server.sleep.deviation.threshold = 300ms (default)
2021-05-27 14:48:56,982 [pool-47-thread-1] INFO  server.RaftServerConfigKeys (ConfUtils.java:logGet(44)) - raft.server.log.appender.install.snapshot.enabled = false (custom)
2021-05-27 14:48:56,982 [pool-47-thread-1] INFO  server.RaftServer$Division (ServerState.java:<init>(105)) - cc66d020-3049-4c90-bc53-6b8115d82a8c@group-0FF4DFCCC907: ConfigurationManager, init=-1: [cc66d020-3049-4c90-bc53-6b8115d82a8c|rpc:10.1.0.4:38925|priority:1], old=null, confs=<EMPTY_MAP>
2021-05-27 14:48:56,981 [org.apache.ratis.util.JvmPauseMonitor$$Lambda$513/734719022@71e81177] WARN  util.JvmPauseMonitor (JvmPauseMonitor.java:detectPause(124)) - JvmPauseMonitor-79a5c71d-05f9-4896-b0a5-ed7a69f27e7b: Detected pause in JVM or host machine (eg GC): pause of approximately 125188058ns.
GC pool 'PS MarkSweep' had collection(s): count=1 time=120ms
GC pool 'PS Scavenge' had collection(s): count=1 time=12ms
2021-05-27 14:48:56,981 [Listener at 127.0.0.1/33213] INFO  ozone.MiniOzoneClusterImpl (MiniOzoneClusterImpl.java:lambda$waitForClusterToBeReady$0(224)) - Nodes are ready. Got 9 of 9 DN Heartbeats.
2021-05-27 14:48:56,983 [Listener at 127.0.0.1/33213] INFO  ozone.MiniOzoneClusterImpl (MiniOzoneClusterImpl.java:lambda$waitForClusterToBeReady$0(227)) - Waiting for cluster to exit safe mode
2021-05-27 14:48:56,983 [Listener at 127.0.0.1/33213] INFO  ozone.MiniOzoneClusterImpl (MiniOzoneClusterImpl.java:lambda$waitForClusterToBeReady$0(230)) - SCM became leader
2021-05-27 14:48:56,983 [pool-47-thread-1] INFO  server.RaftServerConfigKeys (ConfUtils.java:logGet(44)) - raft.server.storage.dir = [/home/runner/work/ozone/ozone/mnt/ozone/hadoop-ozone/integration-test/target/test-dir/MiniOzoneClusterImpl-01be8073-4a30-4c07-ba69-c81900f598d5/datanode-0/data/ratis] (custom)
2021-05-27 14:48:56,983 [pool-47-thread-1] INFO  server.RaftServerConfigKeys (ConfUtils.java:logGet(44)) - raft.server.log.corruption.policy = EXCEPTION (default)
2021-05-27 14:48:56,983 [pool-47-thread-1] INFO  storage.RaftStorageDirectory (RaftStorageDirectoryImpl.java:analyzeStorage(132)) - The storage directory /home/runner/work/ozone/ozone/mnt/ozone/hadoop-ozone/integration-test/target/test-dir/MiniOzoneClusterImpl-01be8073-4a30-4c07-ba69-c81900f598d5/datanode-0/data/ratis/9991538b-5731-4e35-ab44-0ff4dfccc907 does not exist. Creating ...
2021-05-27 14:48:56,986 [pool-47-thread-1] INFO  storage.RaftStorageDirectory (RaftStorageDirectoryImpl.java:tryLock(215)) - Lock on /home/runner/work/ozone/ozone/mnt/ozone/hadoop-ozone/integration-test/target/test-dir/MiniOzoneClusterImpl-01be8073-4a30-4c07-ba69-c81900f598d5/datanode-0/data/ratis/9991538b-5731-4e35-ab44-0ff4dfccc907/in_use.lock acquired by nodename 2583@fv-az270-287
2021-05-27 14:48:56,989 [pool-47-thread-1] INFO  storage.RaftStorage (RaftStorageImpl.java:format(87)) - Storage directory /home/runner/work/ozone/ozone/mnt/ozone/hadoop-ozone/integration-test/target/test-dir/MiniOzoneClusterImpl-01be8073-4a30-4c07-ba69-c81900f598d5/datanode-0/data/ratis/9991538b-5731-4e35-ab44-0ff4dfccc907 has been successfully formatted.
2021-05-27 14:48:56,993 [pool-47-thread-1] INFO  ratis.ContainerStateMachine (ContainerStateMachine.java:loadSnapshot(224)) - group-0FF4DFCCC907: The snapshot info is null. Setting the last applied indexto:(t:0, i:~)
2021-05-27 14:48:56,993 [pool-47-thread-1] INFO  server.RaftServerConfigKeys (ConfUtils.java:logGet(44)) - raft.server.notification.no-leader.timeout = 300000ms (custom)
2021-05-27 14:48:56,993 [pool-47-thread-1] INFO  server.RaftServerConfigKeys (ConfUtils.java:logGet(44)) - raft.server.log.use.memory = false (default)
2021-05-27 14:48:56,993 [pool-47-thread-1] INFO  server.RaftServerConfigKeys (ConfUtils.java:logGet(44)) - raft.server.log.purge.gap = 1000000 (custom)
2021-05-27 14:48:56,993 [pool-47-thread-1] INFO  server.RaftServerConfigKeys (ConfUtils.java:logGet(44)) - raft.server.log.appender.buffer.byte-limit = 33554432 (custom)
2021-05-27 14:48:56,993 [pool-47-thread-1] INFO  metrics.RatisMetrics (RatisMetrics.java:lambda$create$0(36)) - Creating Metrics Registry : ratis.log_worker.cc66d020-3049-4c90-bc53-6b8115d82a8c@group-0FF4DFCCC907
2021-05-27 14:48:56,994 [pool-47-thread-1] INFO  server.RaftServerConfigKeys (ConfUtils.java:logGet(44)) - raft.server.log.segment.size.max = 1048576 (custom)
2021-05-27 14:48:56,995 [pool-47-thread-1] INFO  server.RaftServerConfigKeys (ConfUtils.java:logGet(44)) - raft.server.log.segment.cache.num.max = 2 (custom)
2021-05-27 14:48:56,995 [pool-47-thread-1] INFO  server.RaftServerConfigKeys (ConfUtils.java:logGet(44)) - raft.server.log.segment.cache.size.max = 200MB (=209715200) (default)
2021-05-27 14:48:56,995 [pool-47-thread-1] INFO  segmented.SegmentedRaftLogWorker (SegmentedRaftLogWorker.java:<init>(182)) - new cc66d020-3049-4c90-bc53-6b8115d82a8c@group-0FF4DFCCC907-SegmentedRaftLogWorker for RaftStorageImpl:Storage Directory /home/runner/work/ozone/ozone/mnt/ozone/hadoop-ozone/integration-test/target/test-dir/MiniOzoneClusterImpl-01be8073-4a30-4c07-ba69-c81900f598d5/datanode-0/data/ratis/9991538b-5731-4e35-ab44-0ff4dfccc907
2021-05-27 14:48:56,995 [pool-47-thread-1] INFO  server.RaftServerConfigKeys (ConfUtils.java:logGet(44)) - raft.server.log.queue.byte-limit = 2147483647 (custom)
2021-05-27 14:48:56,995 [pool-47-thread-1] INFO  server.RaftServerConfigKeys (ConfUtils.java:logGet(44)) - raft.server.log.queue.element-limit = 1024 (custom)
2021-05-27 14:48:56,995 [pool-47-thread-1] INFO  server.RaftServerConfigKeys (ConfUtils.java:logGet(44)) - raft.server.log.segment.size.max = 1048576 (custom)
2021-05-27 14:48:56,995 [pool-47-thread-1] INFO  server.RaftServerConfigKeys (ConfUtils.java:logGet(44)) - raft.server.log.preallocated.size = 16384 (custom)
2021-05-27 14:48:56,995 [pool-47-thread-1] INFO  server.RaftServerConfigKeys (ConfUtils.java:logGet(44)) - raft.server.log.force.sync.num = 128 (default)
2021-05-27 14:48:56,995 [pool-47-thread-1] INFO  server.RaftServerConfigKeys (ConfUtils.java:logGet(44)) - raft.server.log.statemachine.data.sync = true (default)
2021-05-27 14:48:56,995 [pool-47-thread-1] INFO  server.RaftServerConfigKeys (ConfUtils.java:logGet(44)) - raft.server.log.statemachine.data.sync.timeout = 10s (default)
2021-05-27 14:48:56,995 [pool-47-thread-1] INFO  server.RaftServerConfigKeys (ConfUtils.java:logGet(44)) - raft.server.log.statemachine.data.sync.timeout.retry = -1 (default)
2021-05-27 14:48:56,998 [pool-47-thread-1] INFO  server.RaftServerConfigKeys (ConfUtils.java:logGet(44)) - raft.server.log.write.buffer.size = 1048576 (custom)
2021-05-27 14:48:56,999 [pool-47-thread-1] INFO  server.RaftServerConfigKeys (ConfUtils.java:logGet(44)) - raft.server.log.statemachine.data.caching.enabled = true (custom)
2021-05-27 14:48:56,999 [pool-47-thread-1] INFO  segmented.SegmentedRaftLogWorker (SegmentedRaftLogWorker.java:lambda$new$0(133)) - cc66d020-3049-4c90-bc53-6b8115d82a8c@group-0FF4DFCCC907-SegmentedRaftLogWorker: flushIndex: setUnconditionally 0 -> -1
2021-05-27 14:48:56,999 [pool-47-thread-1] INFO  segmented.SegmentedRaftLogWorker (SegmentedRaftLogWorker.java:lambda$new$0(133)) - cc66d020-3049-4c90-bc53-6b8115d82a8c@group-0FF4DFCCC907-SegmentedRaftLogWorker: safeCacheEvictIndex: setUnconditionally 0 -> -1
2021-05-27 14:48:57,013 [Command processor thread] INFO  server.RaftServer (RaftServerProxy.java:addNew(95)) - ac3fbd16-1d83-453c-852e-871f53a8d589: addNew group-DC59E677C11F:[ac3fbd16-1d83-453c-852e-871f53a8d589|rpc:10.1.0.4:44019|priority:1] returns group-DC59E677C11F:java.util.concurrent.CompletableFuture@5fbcaf5f[Not completed]
2021-05-27 14:48:57,015 [EventQueue-PipelineReportForPipelineReportHandler] INFO  pipeline.PipelineManagerV2Impl (PipelineManagerV2Impl.java:openPipeline(270)) - Pipeline Pipeline[ Id: 9991538b-5731-4e35-ab44-0ff4dfccc907, Nodes: cc66d020-3049-4c90-bc53-6b8115d82a8c{ip: 10.1.0.4, host: fv-az270-287.tacnzluakwdehk1hpragurqkma.bx.internal.cloudapp.net, ports: [REPLICATION=41841, RATIS=38925, RATIS_ADMIN=38925, RATIS_SERVER=38925, STANDALONE=33933], networkLocation: /default-rack, certSerialId: null, persistedOpState: IN_SERVICE, persistedOpStateExpiryEpochSec: 0}, ReplicationConfig: RATIS/ONE, State:ALLOCATED, leaderId:cc66d020-3049-4c90-bc53-6b8115d82a8c, CreationTimestamp2021-05-27T14:48:53.867Z] moved to OPEN state
2021-05-27 14:48:57,017 [pool-47-thread-1] INFO  server.RaftServerConfigKeys (ConfUtils.java:logGet(44)) - raft.server.snapshot.auto.trigger.enabled = true (custom)
2021-05-27 14:48:57,017 [pool-47-thread-1] INFO  server.RaftServerConfigKeys (ConfUtils.java:logGet(44)) - raft.server.snapshot.auto.trigger.threshold = 10000 (custom)
2021-05-27 14:48:57,017 [pool-47-thread-1] INFO  server.RaftServerConfigKeys (ConfUtils.java:logGet(44)) - raft.server.snapshot.retention.file.num = 5 (custom)
2021-05-27 14:48:57,017 [pool-47-thread-1] INFO  server.RaftServerConfigKeys (ConfUtils.java:logGet(44)) - raft.server.log.purge.upto.snapshot.index = false (default)
2021-05-27 14:48:57,017 [pool-47-thread-1] INFO  server.RaftServerConfigKeys (ConfUtils.java:logGet(44)) - raft.server.retrycache.expirytime = 600000ms (custom)
2021-05-27 14:48:57,017 [pool-47-thread-1] INFO  server.RaftServerConfigKeys (ConfUtils.java:logGet(44)) - raft.server.retrycache.statistics.expirytime = 100μs (default)
2021-05-27 14:48:57,017 [pool-47-thread-1] INFO  metrics.RatisMetrics (RatisMetrics.java:lambda$create$0(36)) - Creating Metrics Registry : ratis.leader_election.cc66d020-3049-4c90-bc53-6b8115d82a8c@group-0FF4DFCCC907
2021-05-27 14:48:57,018 [EventQueue-PipelineReportForOneReplicaPipelineSafeModeRule] INFO  safemode.SCMSafeModeManager (SCMSafeModeManager.java:validateSafeModeExitRules(201)) - AtleastOneDatanodeReportedRule rule is successfully validated
2021-05-27 14:48:57,021 [pool-47-thread-1] INFO  metrics.RatisMetrics (RatisMetrics.java:lambda$create$0(36)) - Creating Metrics Registry : ratis.server.cc66d020-3049-4c90-bc53-6b8115d82a8c@group-0FF4DFCCC907
2021-05-27 14:48:57,023 [pool-64-thread-1] INFO  server.RaftServer$Division (RaftServerImpl.java:<init>(180)) - ac3fbd16-1d83-453c-852e-871f53a8d589: new RaftServerImpl for group-DC59E677C11F:[ac3fbd16-1d83-453c-852e-871f53a8d589|rpc:10.1.0.4:44019|priority:1] with ContainerStateMachine:uninitialized
2021-05-27 14:48:57,023 [pool-47-thread-1] INFO  server.RaftServer$Division (RaftServerImpl.java:start(295)) - cc66d020-3049-4c90-bc53-6b8115d82a8c@group-0FF4DFCCC907: start as a follower, conf=-1: [cc66d020-3049-4c90-bc53-6b8115d82a8c|rpc:10.1.0.4:38925|priority:1], old=null
2021-05-27 14:48:57,024 [pool-47-thread-1] INFO  server.RaftServer$Division (RaftServerImpl.java:setRole(284)) - cc66d020-3049-4c90-bc53-6b8115d82a8c@group-0FF4DFCCC907: changes role from      null to FOLLOWER at term 0 for startAsFollower
2021-05-27 14:48:57,024 [pool-47-thread-1] INFO  impl.RoleInfo (RoleInfo.java:updateAndGet(130)) - cc66d020-3049-4c90-bc53-6b8115d82a8c: start cc66d020-3049-4c90-bc53-6b8115d82a8c@group-0FF4DFCCC907-FollowerState
2021-05-27 14:48:57,027 [pool-64-thread-1] INFO  server.RaftServerConfigKeys (ConfUtils.java:logGet(44)) - raft.server.rpc.timeout.min = 5s (custom)
2021-05-27 14:48:57,027 [pool-64-thread-1] INFO  server.RaftServerConfigKeys (ConfUtils.java:logGet(44)) - raft.server.rpc.timeout.max = 5200ms (custom)
2021-05-27 14:48:57,027 [pool-64-thread-1] INFO  server.RaftServerConfigKeys (ConfUtils.java:logGet(44)) - raft.server.rpc.sleep.time = 25ms (default)
2021-05-27 14:48:57,027 [EventQueue-OpenPipelineForHealthyPipelineSafeModeRule] INFO  safemode.SCMSafeModeManager (HealthyPipelineSafeModeRule.java:process(130)) - SCM in safe mode. Healthy pipelines reported count is 0, required healthy pipeline reported count is 1
2021-05-27 14:48:57,024 [pool-47-thread-1] INFO  util.JmxRegister (JmxRegister.java:tryRegister(44)) - Successfully registered JMX Bean with object name Ratis:service=RaftServer,group=group-0FF4DFCCC907,id=cc66d020-3049-4c90-bc53-6b8115d82a8c
2021-05-27 14:48:57,027 [pool-47-thread-1] INFO  metrics.RatisMetrics (RatisMetrics.java:lambda$create$0(36)) - Creating Metrics Registry : ratis.state_machine.cc66d020-3049-4c90-bc53-6b8115d82a8c@group-0FF4DFCCC907
2021-05-27 14:48:57,027 [pool-64-thread-1] INFO  server.RaftServerConfigKeys (ConfUtils.java:logGet(44)) - raft.server.rpc.slowness.timeout = 300000ms (custom)
2021-05-27 14:48:57,028 [pool-64-thread-1] INFO  server.RaftServerConfigKeys (ConfUtils.java:logGet(44)) - raft.server.leaderelection.leader.step-down.wait-time = 10s (default)
2021-05-27 14:48:57,028 [pool-64-thread-1] INFO  server.RaftServerConfigKeys (ConfUtils.java:logGet(44)) - raft.server.sleep.deviation.threshold = 300ms (default)
2021-05-27 14:48:57,028 [pool-64-thread-1] INFO  server.RaftServerConfigKeys (ConfUtils.java:logGet(44)) - raft.server.log.appender.install.snapshot.enabled = false (custom)
2021-05-27 14:48:57,033 [pool-64-thread-1] INFO  server.RaftServer$Division (ServerState.java:<init>(105)) - ac3fbd16-1d83-453c-852e-871f53a8d589@group-DC59E677C11F: ConfigurationManager, init=-1: [ac3fbd16-1d83-453c-852e-871f53a8d589|rpc:10.1.0.4:44019|priority:1], old=null, confs=<EMPTY_MAP>
2021-05-27 14:48:57,034 [pool-64-thread-1] INFO  server.RaftServerConfigKeys (ConfUtils.java:logGet(44)) - raft.server.storage.dir = [/home/runner/work/ozone/ozone/mnt/ozone/hadoop-ozone/integration-test/target/test-dir/MiniOzoneClusterImpl-01be8073-4a30-4c07-ba69-c81900f598d5/datanode-1/data/ratis] (custom)
2021-05-27 14:48:57,034 [pool-64-thread-1] INFO  server.RaftServerConfigKeys (ConfUtils.java:logGet(44)) - raft.server.log.corruption.policy = EXCEPTION (default)
2021-05-27 14:48:57,034 [pool-64-thread-1] INFO  storage.RaftStorageDirectory (RaftStorageDirectoryImpl.java:analyzeStorage(132)) - The storage directory /home/runner/work/ozone/ozone/mnt/ozone/hadoop-ozone/integration-test/target/test-dir/MiniOzoneClusterImpl-01be8073-4a30-4c07-ba69-c81900f598d5/datanode-1/data/ratis/46bbee33-1a09-48dd-8ec2-dc59e677c11f does not exist. Creating ...
2021-05-27 14:48:57,037 [pool-64-thread-1] INFO  storage.RaftStorageDirectory (RaftStorageDirectoryImpl.java:tryLock(215)) - Lock on /home/runner/work/ozone/ozone/mnt/ozone/hadoop-ozone/integration-test/target/test-dir/MiniOzoneClusterImpl-01be8073-4a30-4c07-ba69-c81900f598d5/datanode-1/data/ratis/46bbee33-1a09-48dd-8ec2-dc59e677c11f/in_use.lock acquired by nodename 2583@fv-az270-287
2021-05-27 14:48:57,040 [pool-64-thread-1] INFO  storage.RaftStorage (RaftStorageImpl.java:format(87)) - Storage directory /home/runner/work/ozone/ozone/mnt/ozone/hadoop-ozone/integration-test/target/test-dir/MiniOzoneClusterImpl-01be8073-4a30-4c07-ba69-c81900f598d5/datanode-1/data/ratis/46bbee33-1a09-48dd-8ec2-dc59e677c11f has been successfully formatted.
2021-05-27 14:48:57,040 [pool-64-thread-1] INFO  ratis.ContainerStateMachine (ContainerStateMachine.java:loadSnapshot(224)) - group-DC59E677C11F: The snapshot info is null. Setting the last applied indexto:(t:0, i:~)
2021-05-27 14:48:57,041 [pool-64-thread-1] INFO  server.RaftServerConfigKeys (ConfUtils.java:logGet(44)) - raft.server.notification.no-leader.timeout = 300000ms (custom)
2021-05-27 14:48:57,041 [pool-64-thread-1] INFO  server.RaftServerConfigKeys (ConfUtils.java:logGet(44)) - raft.server.log.use.memory = false (default)
2021-05-27 14:48:57,041 [pool-64-thread-1] INFO  server.RaftServerConfigKeys (ConfUtils.java:logGet(44)) - raft.server.log.purge.gap = 1000000 (custom)
2021-05-27 14:48:57,041 [pool-64-thread-1] INFO  server.RaftServerConfigKeys (ConfUtils.java:logGet(44)) - raft.server.log.appender.buffer.byte-limit = 33554432 (custom)
2021-05-27 14:48:57,041 [pool-64-thread-1] INFO  metrics.RatisMetrics (RatisMetrics.java:lambda$create$0(36)) - Creating Metrics Registry : ratis.log_worker.ac3fbd16-1d83-453c-852e-871f53a8d589@group-DC59E677C11F
2021-05-27 14:48:57,041 [pool-64-thread-1] INFO  server.RaftServerConfigKeys (ConfUtils.java:logGet(44)) - raft.server.log.segment.size.max = 1048576 (custom)
2021-05-27 14:48:57,044 [Command processor thread] INFO  ratis.XceiverServerRatis (XceiverServerRatis.java:addGroup(808)) - Created group PipelineID=9991538b-5731-4e35-ab44-0ff4dfccc907
2021-05-27 14:48:57,045 [Command processor thread] INFO  commandhandler.CreatePipelineCommandHandler (CreatePipelineCommandHandler.java:handle(106)) - Created Pipeline RATIS ONE PipelineID=9991538b-5731-4e35-ab44-0ff4dfccc907.
2021-05-27 14:48:57,045 [Command processor thread] INFO  server.RaftServer (RaftServerProxy.java:addNew(95)) - cc66d020-3049-4c90-bc53-6b8115d82a8c: addNew group-F74673522764:[d3bd078d-6cea-4f12-8d62-4874212fc6f9|rpc:10.1.0.4:44989|priority:0, ac3fbd16-1d83-453c-852e-871f53a8d589|rpc:10.1.0.4:44019|priority:1, cc66d020-3049-4c90-bc53-6b8115d82a8c|rpc:10.1.0.4:38925|priority:0] returns group-F74673522764:java.util.concurrent.CompletableFuture@42c7089[Not completed]
2021-05-27 14:48:57,045 [EventQueue-PipelineReportForOneReplicaPipelineSafeModeRule] INFO  safemode.SCMSafeModeManager (SCMSafeModeManager.java:validateSafeModeExitRules(201)) - AtleastOneDatanodeReportedRule rule is successfully validated
2021-05-27 14:48:57,046 [EventQueue-PipelineReportForPipelineReportHandler] INFO  pipeline.PipelineManagerV2Impl (PipelineManagerV2Impl.java:openPipeline(270)) - Pipeline Pipeline[ Id: 46bbee33-1a09-48dd-8ec2-dc59e677c11f, Nodes: ac3fbd16-1d83-453c-852e-871f53a8d589{ip: 10.1.0.4, host: fv-az270-287.tacnzluakwdehk1hpragurqkma.bx.internal.cloudapp.net, ports: [REPLICATION=44069, RATIS=44019, RATIS_ADMIN=44019, RATIS_SERVER=44019, STANDALONE=37149], networkLocation: /default-rack, certSerialId: null, persistedOpState: IN_SERVICE, persistedOpStateExpiryEpochSec: 0}, ReplicationConfig: RATIS/ONE, State:ALLOCATED, leaderId:ac3fbd16-1d83-453c-852e-871f53a8d589, CreationTimestamp2021-05-27T14:48:54Z] moved to OPEN state
2021-05-27 14:48:57,046 [pool-64-thread-1] INFO  server.RaftServerConfigKeys (ConfUtils.java:logGet(44)) - raft.server.log.segment.cache.num.max = 2 (custom)
2021-05-27 14:48:57,046 [pool-64-thread-1] INFO  server.RaftServerConfigKeys (ConfUtils.java:logGet(44)) - raft.server.log.segment.cache.size.max = 200MB (=209715200) (default)
2021-05-27 14:48:57,046 [pool-64-thread-1] INFO  segmented.SegmentedRaftLogWorker (SegmentedRaftLogWorker.java:<init>(182)) - new ac3fbd16-1d83-453c-852e-871f53a8d589@group-DC59E677C11F-SegmentedRaftLogWorker for RaftStorageImpl:Storage Directory /home/runner/work/ozone/ozone/mnt/ozone/hadoop-ozone/integration-test/target/test-dir/MiniOzoneClusterImpl-01be8073-4a30-4c07-ba69-c81900f598d5/datanode-1/data/ratis/46bbee33-1a09-48dd-8ec2-dc59e677c11f
2021-05-27 14:48:57,046 [pool-64-thread-1] INFO  server.RaftServerConfigKeys (ConfUtils.java:logGet(44)) - raft.server.log.queue.byte-limit = 2147483647 (custom)
2021-05-27 14:48:57,046 [pool-64-thread-1] INFO  server.RaftServerConfigKeys (ConfUtils.java:logGet(44)) - raft.server.log.queue.element-limit = 1024 (custom)
2021-05-27 14:48:57,046 [pool-64-thread-1] INFO  server.RaftServerConfigKeys (ConfUtils.java:logGet(44)) - raft.server.log.segment.size.max = 1048576 (custom)
2021-05-27 14:48:57,046 [pool-64-thread-1] INFO  server.RaftServerConfigKeys (ConfUtils.java:logGet(44)) - raft.server.log.preallocated.size = 16384 (custom)
2021-05-27 14:48:57,046 [pool-64-thread-1] INFO  server.RaftServerConfigKeys (ConfUtils.java:logGet(44)) - raft.server.log.force.sync.num = 128 (default)
2021-05-27 14:48:57,047 [pool-64-thread-1] INFO  server.RaftServerConfigKeys (ConfUtils.java:logGet(44)) - raft.server.log.statemachine.data.sync = true (default)
2021-05-27 14:48:57,047 [pool-64-thread-1] INFO  server.RaftServerConfigKeys (ConfUtils.java:logGet(44)) - raft.server.log.statemachine.data.sync.timeout = 10s (default)
2021-05-27 14:48:57,047 [pool-64-thread-1] INFO  server.RaftServerConfigKeys (ConfUtils.java:logGet(44)) - raft.server.log.statemachine.data.sync.timeout.retry = -1 (default)
2021-05-27 14:48:57,048 [pool-64-thread-1] INFO  server.RaftServerConfigKeys (ConfUtils.java:logGet(44)) - raft.server.log.write.buffer.size = 1048576 (custom)
2021-05-27 14:48:57,046 [EventQueue-OpenPipelineForHealthyPipelineSafeModeRule] INFO  safemode.SCMSafeModeManager (HealthyPipelineSafeModeRule.java:process(130)) - SCM in safe mode. Healthy pipelines reported count is 0, required healthy pipeline reported count is 1
2021-05-27 14:48:57,049 [pool-64-thread-1] INFO  server.RaftServerConfigKeys (ConfUtils.java:logGet(44)) - raft.server.log.statemachine.data.caching.enabled = true (custom)
2021-05-27 14:48:57,049 [pool-64-thread-1] INFO  segmented.SegmentedRaftLogWorker (SegmentedRaftLogWorker.java:lambda$new$0(133)) - ac3fbd16-1d83-453c-852e-871f53a8d589@group-DC59E677C11F-SegmentedRaftLogWorker: flushIndex: setUnconditionally 0 -> -1
2021-05-27 14:48:57,049 [pool-64-thread-1] INFO  segmented.SegmentedRaftLogWorker (SegmentedRaftLogWorker.java:lambda$new$0(133)) - ac3fbd16-1d83-453c-852e-871f53a8d589@group-DC59E677C11F-SegmentedRaftLogWorker: safeCacheEvictIndex: setUnconditionally 0 -> -1
2021-05-27 14:48:57,050 [pool-64-thread-1] INFO  server.RaftServerConfigKeys (ConfUtils.java:logGet(44)) - raft.server.snapshot.auto.trigger.enabled = true (custom)
2021-05-27 14:48:57,050 [pool-64-thread-1] INFO  server.RaftServerConfigKeys (ConfUtils.java:logGet(44)) - raft.server.snapshot.auto.trigger.threshold = 10000 (custom)
2021-05-27 14:48:57,050 [pool-64-thread-1] INFO  server.RaftServerConfigKeys (ConfUtils.java:logGet(44)) - raft.server.snapshot.retention.file.num = 5 (custom)
2021-05-27 14:48:57,050 [pool-64-thread-1] INFO  server.RaftServerConfigKeys (ConfUtils.java:logGet(44)) - raft.server.log.purge.upto.snapshot.index = false (default)
2021-05-27 14:48:57,050 [pool-64-thread-1] INFO  server.RaftServerConfigKeys (ConfUtils.java:logGet(44)) - raft.server.retrycache.expirytime = 600000ms (custom)
2021-05-27 14:48:57,050 [pool-64-thread-1] INFO  server.RaftServerConfigKeys (ConfUtils.java:logGet(44)) - raft.server.retrycache.statistics.expirytime = 100μs (default)
2021-05-27 14:48:57,050 [pool-64-thread-1] INFO  metrics.RatisMetrics (RatisMetrics.java:lambda$create$0(36)) - Creating Metrics Registry : ratis.leader_election.ac3fbd16-1d83-453c-852e-871f53a8d589@group-DC59E677C11F
2021-05-27 14:48:57,051 [pool-64-thread-1] INFO  metrics.RatisMetrics (RatisMetrics.java:lambda$create$0(36)) - Creating Metrics Registry : ratis.server.ac3fbd16-1d83-453c-852e-871f53a8d589@group-DC59E677C11F
2021-05-27 14:48:57,052 [pool-64-thread-1] INFO  server.RaftServer$Division (RaftServerImpl.java:start(295)) - ac3fbd16-1d83-453c-852e-871f53a8d589@group-DC59E677C11F: start as a follower, conf=-1: [ac3fbd16-1d83-453c-852e-871f53a8d589|rpc:10.1.0.4:44019|priority:1], old=null
2021-05-27 14:48:57,052 [pool-64-thread-1] INFO  server.RaftServer$Division (RaftServerImpl.java:setRole(284)) - ac3fbd16-1d83-453c-852e-871f53a8d589@group-DC59E677C11F: changes role from      null to FOLLOWER at term 0 for startAsFollower
2021-05-27 14:48:57,052 [pool-64-thread-1] INFO  impl.RoleInfo (RoleInfo.java:updateAndGet(130)) - ac3fbd16-1d83-453c-852e-871f53a8d589: start ac3fbd16-1d83-453c-852e-871f53a8d589@group-DC59E677C11F-FollowerState
2021-05-27 14:48:57,053 [pool-64-thread-1] INFO  util.JmxRegister (JmxRegister.java:tryRegister(44)) - Successfully registered JMX Bean with object name Ratis:service=RaftServer,group=group-DC59E677C11F,id=ac3fbd16-1d83-453c-852e-871f53a8d589
2021-05-27 14:48:57,053 [pool-64-thread-1] INFO  metrics.RatisMetrics (RatisMetrics.java:lambda$create$0(36)) - Creating Metrics Registry : ratis.state_machine.ac3fbd16-1d83-453c-852e-871f53a8d589@group-DC59E677C11F
2021-05-27 14:48:57,054 [Command processor thread] INFO  ratis.XceiverServerRatis (XceiverServerRatis.java:addGroup(808)) - Created group PipelineID=46bbee33-1a09-48dd-8ec2-dc59e677c11f
2021-05-27 14:48:57,054 [Command processor thread] INFO  commandhandler.CreatePipelineCommandHandler (CreatePipelineCommandHandler.java:handle(106)) - Created Pipeline RATIS ONE PipelineID=46bbee33-1a09-48dd-8ec2-dc59e677c11f.
2021-05-27 14:48:57,068 [Command processor thread] INFO  server.RaftServer (RaftServerProxy.java:addNew(95)) - ac3fbd16-1d83-453c-852e-871f53a8d589: addNew group-F74673522764:[d3bd078d-6cea-4f12-8d62-4874212fc6f9|rpc:10.1.0.4:44989|priority:0, ac3fbd16-1d83-453c-852e-871f53a8d589|rpc:10.1.0.4:44019|priority:1, cc66d020-3049-4c90-bc53-6b8115d82a8c|rpc:10.1.0.4:38925|priority:0] returns group-F74673522764:java.util.concurrent.CompletableFuture@5b832070[Not completed]
2021-05-27 14:48:57,068 [pool-47-thread-1] INFO  server.RaftServer$Division (RaftServerImpl.java:<init>(180)) - cc66d020-3049-4c90-bc53-6b8115d82a8c: new RaftServerImpl for group-F74673522764:[d3bd078d-6cea-4f12-8d62-4874212fc6f9|rpc:10.1.0.4:44989|priority:0, ac3fbd16-1d83-453c-852e-871f53a8d589|rpc:10.1.0.4:44019|priority:1, cc66d020-3049-4c90-bc53-6b8115d82a8c|rpc:10.1.0.4:38925|priority:0] with ContainerStateMachine:uninitialized
2021-05-27 14:48:57,068 [pool-47-thread-1] INFO  server.RaftServerConfigKeys (ConfUtils.java:logGet(44)) - raft.server.rpc.timeout.min = 5s (custom)
2021-05-27 14:48:57,068 [pool-47-thread-1] INFO  server.RaftServerConfigKeys (ConfUtils.java:logGet(44)) - raft.server.rpc.timeout.max = 5200ms (custom)
2021-05-27 14:48:57,068 [pool-47-thread-1] INFO  server.RaftServerConfigKeys (ConfUtils.java:logGet(44)) - raft.server.rpc.sleep.time = 25ms (default)
2021-05-27 14:48:57,068 [pool-47-thread-1] INFO  server.RaftServerConfigKeys (ConfUtils.java:logGet(44)) - raft.server.rpc.slowness.timeout = 300000ms (custom)
2021-05-27 14:48:57,069 [pool-47-thread-1] INFO  server.RaftServerConfigKeys (ConfUtils.java:logGet(44)) - raft.server.leaderelection.leader.step-down.wait-time = 10s (default)
2021-05-27 14:48:57,069 [pool-47-thread-1] INFO  server.RaftServerConfigKeys (ConfUtils.java:logGet(44)) - raft.server.sleep.deviation.threshold = 300ms (default)
2021-05-27 14:48:57,069 [pool-47-thread-1] INFO  server.RaftServerConfigKeys (ConfUtils.java:logGet(44)) - raft.server.log.appender.install.snapshot.enabled = false (custom)
2021-05-27 14:48:57,069 [pool-47-thread-1] INFO  server.RaftServer$Division (ServerState.java:<init>(105)) - cc66d020-3049-4c90-bc53-6b8115d82a8c@group-F74673522764: ConfigurationManager, init=-1: [d3bd078d-6cea-4f12-8d62-4874212fc6f9|rpc:10.1.0.4:44989|priority:0, ac3fbd16-1d83-453c-852e-871f53a8d589|rpc:10.1.0.4:44019|priority:1, cc66d020-3049-4c90-bc53-6b8115d82a8c|rpc:10.1.0.4:38925|priority:0], old=null, confs=<EMPTY_MAP>
2021-05-27 14:48:57,069 [pool-47-thread-1] INFO  server.RaftServerConfigKeys (ConfUtils.java:logGet(44)) - raft.server.storage.dir = [/home/runner/work/ozone/ozone/mnt/ozone/hadoop-ozone/integration-test/target/test-dir/MiniOzoneClusterImpl-01be8073-4a30-4c07-ba69-c81900f598d5/datanode-0/data/ratis] (custom)
2021-05-27 14:48:57,069 [pool-64-thread-1] INFO  server.RaftServer$Division (RaftServerImpl.java:<init>(180)) - ac3fbd16-1d83-453c-852e-871f53a8d589: new RaftServerImpl for group-F74673522764:[d3bd078d-6cea-4f12-8d62-4874212fc6f9|rpc:10.1.0.4:44989|priority:0, ac3fbd16-1d83-453c-852e-871f53a8d589|rpc:10.1.0.4:44019|priority:1, cc66d020-3049-4c90-bc53-6b8115d82a8c|rpc:10.1.0.4:38925|priority:0] with ContainerStateMachine:uninitialized
2021-05-27 14:48:57,069 [pool-64-thread-1] INFO  server.RaftServerConfigKeys (ConfUtils.java:logGet(44)) - raft.server.rpc.timeout.min = 5s (custom)
2021-05-27 14:48:57,069 [pool-47-thread-1] INFO  server.RaftServerConfigKeys (ConfUtils.java:logGet(44)) - raft.server.log.corruption.policy = EXCEPTION (default)
2021-05-27 14:48:57,069 [pool-64-thread-1] INFO  server.RaftServerConfigKeys (ConfUtils.java:logGet(44)) - raft.server.rpc.timeout.max = 5200ms (custom)
2021-05-27 14:48:57,069 [pool-64-thread-1] INFO  server.RaftServerConfigKeys (ConfUtils.java:logGet(44)) - raft.server.rpc.sleep.time = 25ms (default)
2021-05-27 14:48:57,069 [pool-47-thread-1] INFO  storage.RaftStorageDirectory (RaftStorageDirectoryImpl.java:analyzeStorage(132)) - The storage directory /home/runner/work/ozone/ozone/mnt/ozone/hadoop-ozone/integration-test/target/test-dir/MiniOzoneClusterImpl-01be8073-4a30-4c07-ba69-c81900f598d5/datanode-0/data/ratis/1041af58-6781-4304-9760-f74673522764 does not exist. Creating ...
2021-05-27 14:48:57,069 [pool-64-thread-1] INFO  server.RaftServerConfigKeys (ConfUtils.java:logGet(44)) - raft.server.rpc.slowness.timeout = 300000ms (custom)
2021-05-27 14:48:57,069 [pool-64-thread-1] INFO  server.RaftServerConfigKeys (ConfUtils.java:logGet(44)) - raft.server.leaderelection.leader.step-down.wait-time = 10s (default)
2021-05-27 14:48:57,069 [pool-64-thread-1] INFO  server.RaftServerConfigKeys (ConfUtils.java:logGet(44)) - raft.server.sleep.deviation.threshold = 300ms (default)
2021-05-27 14:48:57,069 [pool-64-thread-1] INFO  server.RaftServerConfigKeys (ConfUtils.java:logGet(44)) - raft.server.log.appender.install.snapshot.enabled = false (custom)
2021-05-27 14:48:57,069 [pool-64-thread-1] INFO  server.RaftServer$Division (ServerState.java:<init>(105)) - ac3fbd16-1d83-453c-852e-871f53a8d589@group-F74673522764: ConfigurationManager, init=-1: [d3bd078d-6cea-4f12-8d62-4874212fc6f9|rpc:10.1.0.4:44989|priority:0, ac3fbd16-1d83-453c-852e-871f53a8d589|rpc:10.1.0.4:44019|priority:1, cc66d020-3049-4c90-bc53-6b8115d82a8c|rpc:10.1.0.4:38925|priority:0], old=null, confs=<EMPTY_MAP>
2021-05-27 14:48:57,069 [pool-64-thread-1] INFO  server.RaftServerConfigKeys (ConfUtils.java:logGet(44)) - raft.server.storage.dir = [/home/runner/work/ozone/ozone/mnt/ozone/hadoop-ozone/integration-test/target/test-dir/MiniOzoneClusterImpl-01be8073-4a30-4c07-ba69-c81900f598d5/datanode-1/data/ratis] (custom)
2021-05-27 14:48:57,069 [pool-64-thread-1] INFO  server.RaftServerConfigKeys (ConfUtils.java:logGet(44)) - raft.server.log.corruption.policy = EXCEPTION (default)
2021-05-27 14:48:57,070 [pool-64-thread-1] INFO  storage.RaftStorageDirectory (RaftStorageDirectoryImpl.java:analyzeStorage(132)) - The storage directory /home/runner/work/ozone/ozone/mnt/ozone/hadoop-ozone/integration-test/target/test-dir/MiniOzoneClusterImpl-01be8073-4a30-4c07-ba69-c81900f598d5/datanode-1/data/ratis/1041af58-6781-4304-9760-f74673522764 does not exist. Creating ...
2021-05-27 14:48:57,070 [pool-64-thread-1] INFO  storage.RaftStorageDirectory (RaftStorageDirectoryImpl.java:tryLock(215)) - Lock on /home/runner/work/ozone/ozone/mnt/ozone/hadoop-ozone/integration-test/target/test-dir/MiniOzoneClusterImpl-01be8073-4a30-4c07-ba69-c81900f598d5/datanode-1/data/ratis/1041af58-6781-4304-9760-f74673522764/in_use.lock acquired by nodename 2583@fv-az270-287
2021-05-27 14:48:57,071 [pool-64-thread-1] INFO  storage.RaftStorage (RaftStorageImpl.java:format(87)) - Storage directory /home/runner/work/ozone/ozone/mnt/ozone/hadoop-ozone/integration-test/target/test-dir/MiniOzoneClusterImpl-01be8073-4a30-4c07-ba69-c81900f598d5/datanode-1/data/ratis/1041af58-6781-4304-9760-f74673522764 has been successfully formatted.
2021-05-27 14:48:57,071 [pool-64-thread-1] INFO  ratis.ContainerStateMachine (ContainerStateMachine.java:loadSnapshot(224)) - group-F74673522764: The snapshot info is null. Setting the last applied indexto:(t:0, i:~)
2021-05-27 14:48:57,072 [pool-64-thread-1] INFO  server.RaftServerConfigKeys (ConfUtils.java:logGet(44)) - raft.server.notification.no-leader.timeout = 300000ms (custom)
2021-05-27 14:48:57,072 [pool-64-thread-1] INFO  server.RaftServerConfigKeys (ConfUtils.java:logGet(44)) - raft.server.log.use.memory = false (default)
2021-05-27 14:48:57,072 [pool-64-thread-1] INFO  server.RaftServerConfigKeys (ConfUtils.java:logGet(44)) - raft.server.log.purge.gap = 1000000 (custom)
2021-05-27 14:48:57,072 [pool-64-thread-1] INFO  server.RaftServerConfigKeys (ConfUtils.java:logGet(44)) - raft.server.log.appender.buffer.byte-limit = 33554432 (custom)
2021-05-27 14:48:57,072 [pool-64-thread-1] INFO  metrics.RatisMetrics (RatisMetrics.java:lambda$create$0(36)) - Creating Metrics Registry : ratis.log_worker.ac3fbd16-1d83-453c-852e-871f53a8d589@group-F74673522764
2021-05-27 14:48:57,072 [pool-64-thread-1] INFO  server.RaftServerConfigKeys (ConfUtils.java:logGet(44)) - raft.server.log.segment.size.max = 1048576 (custom)
2021-05-27 14:48:57,072 [pool-47-thread-1] INFO  storage.RaftStorageDirectory (RaftStorageDirectoryImpl.java:tryLock(215)) - Lock on /home/runner/work/ozone/ozone/mnt/ozone/hadoop-ozone/integration-test/target/test-dir/MiniOzoneClusterImpl-01be8073-4a30-4c07-ba69-c81900f598d5/datanode-0/data/ratis/1041af58-6781-4304-9760-f74673522764/in_use.lock acquired by nodename 2583@fv-az270-287
2021-05-27 14:48:57,073 [pool-64-thread-1] INFO  server.RaftServerConfigKeys (ConfUtils.java:logGet(44)) - raft.server.log.segment.cache.num.max = 2 (custom)
2021-05-27 14:48:57,073 [pool-64-thread-1] INFO  server.RaftServerConfigKeys (ConfUtils.java:logGet(44)) - raft.server.log.segment.cache.size.max = 200MB (=209715200) (default)
2021-05-27 14:48:57,073 [pool-64-thread-1] INFO  segmented.SegmentedRaftLogWorker (SegmentedRaftLogWorker.java:<init>(182)) - new ac3fbd16-1d83-453c-852e-871f53a8d589@group-F74673522764-SegmentedRaftLogWorker for RaftStorageImpl:Storage Directory /home/runner/work/ozone/ozone/mnt/ozone/hadoop-ozone/integration-test/target/test-dir/MiniOzoneClusterImpl-01be8073-4a30-4c07-ba69-c81900f598d5/datanode-1/data/ratis/1041af58-6781-4304-9760-f74673522764
2021-05-27 14:48:57,073 [pool-64-thread-1] INFO  server.RaftServerConfigKeys (ConfUtils.java:logGet(44)) - raft.server.log.queue.byte-limit = 2147483647 (custom)
2021-05-27 14:48:57,073 [pool-64-thread-1] INFO  server.RaftServerConfigKeys (ConfUtils.java:logGet(44)) - raft.server.log.queue.element-limit = 1024 (custom)
2021-05-27 14:48:57,073 [pool-64-thread-1] INFO  server.RaftServerConfigKeys (ConfUtils.java:logGet(44)) - raft.server.log.segment.size.max = 1048576 (custom)
2021-05-27 14:48:57,073 [pool-64-thread-1] INFO  server.RaftServerConfigKeys (ConfUtils.java:logGet(44)) - raft.server.log.preallocated.size = 16384 (custom)
2021-05-27 14:48:57,074 [pool-64-thread-1] INFO  server.RaftServerConfigKeys (ConfUtils.java:logGet(44)) - raft.server.log.force.sync.num = 128 (default)
2021-05-27 14:48:57,074 [pool-64-thread-1] INFO  server.RaftServerConfigKeys (ConfUtils.java:logGet(44)) - raft.server.log.statemachine.data.sync = true (default)
2021-05-27 14:48:57,074 [pool-64-thread-1] INFO  server.RaftServerConfigKeys (ConfUtils.java:logGet(44)) - raft.server.log.statemachine.data.sync.timeout = 10s (default)
2021-05-27 14:48:57,074 [pool-64-thread-1] INFO  server.RaftServerConfigKeys (ConfUtils.java:logGet(44)) - raft.server.log.statemachine.data.sync.timeout.retry = -1 (default)
2021-05-27 14:48:57,076 [pool-47-thread-1] INFO  storage.RaftStorage (RaftStorageImpl.java:format(87)) - Storage directory /home/runner/work/ozone/ozone/mnt/ozone/hadoop-ozone/integration-test/target/test-dir/MiniOzoneClusterImpl-01be8073-4a30-4c07-ba69-c81900f598d5/datanode-0/data/ratis/1041af58-6781-4304-9760-f74673522764 has been successfully formatted.
2021-05-27 14:48:57,076 [pool-47-thread-1] INFO  ratis.ContainerStateMachine (ContainerStateMachine.java:loadSnapshot(224)) - group-F74673522764: The snapshot info is null. Setting the last applied indexto:(t:0, i:~)
2021-05-27 14:48:57,076 [pool-47-thread-1] INFO  server.RaftServerConfigKeys (ConfUtils.java:logGet(44)) - raft.server.notification.no-leader.timeout = 300000ms (custom)
2021-05-27 14:48:57,076 [pool-47-thread-1] INFO  server.RaftServerConfigKeys (ConfUtils.java:logGet(44)) - raft.server.log.use.memory = false (default)
2021-05-27 14:48:57,076 [pool-47-thread-1] INFO  server.RaftServerConfigKeys (ConfUtils.java:logGet(44)) - raft.server.log.purge.gap = 1000000 (custom)
2021-05-27 14:48:57,076 [pool-47-thread-1] INFO  server.RaftServerConfigKeys (ConfUtils.java:logGet(44)) - raft.server.log.appender.buffer.byte-limit = 33554432 (custom)
2021-05-27 14:48:57,076 [EventQueue-OpenPipelineForHealthyPipelineSafeModeRule] INFO  safemode.SCMSafeModeManager (HealthyPipelineSafeModeRule.java:process(130)) - SCM in safe mode. Healthy pipelines reported count is 0, required healthy pipeline reported count is 1
2021-05-27 14:48:57,077 [EventQueue-PipelineReportForOneReplicaPipelineSafeModeRule] INFO  safemode.SCMSafeModeManager (SCMSafeModeManager.java:validateSafeModeExitRules(201)) - AtleastOneDatanodeReportedRule rule is successfully validated
2021-05-27 14:48:57,077 [pool-47-thread-1] INFO  metrics.RatisMetrics (RatisMetrics.java:lambda$create$0(36)) - Creating Metrics Registry : ratis.log_worker.cc66d020-3049-4c90-bc53-6b8115d82a8c@group-F74673522764
2021-05-27 14:48:57,077 [pool-47-thread-1] INFO  server.RaftServerConfigKeys (ConfUtils.java:logGet(44)) - raft.server.log.segment.size.max = 1048576 (custom)
2021-05-27 14:48:57,078 [pool-64-thread-1] INFO  server.RaftServerConfigKeys (ConfUtils.java:logGet(44)) - raft.server.log.write.buffer.size = 1048576 (custom)
2021-05-27 14:48:57,078 [pool-64-thread-1] INFO  server.RaftServerConfigKeys (ConfUtils.java:logGet(44)) - raft.server.log.statemachine.data.caching.enabled = true (custom)
2021-05-27 14:48:57,079 [pool-64-thread-1] INFO  segmented.SegmentedRaftLogWorker (SegmentedRaftLogWorker.java:lambda$new$0(133)) - ac3fbd16-1d83-453c-852e-871f53a8d589@group-F74673522764-SegmentedRaftLogWorker: flushIndex: setUnconditionally 0 -> -1
2021-05-27 14:48:57,079 [pool-64-thread-1] INFO  segmented.SegmentedRaftLogWorker (SegmentedRaftLogWorker.java:lambda$new$0(133)) - ac3fbd16-1d83-453c-852e-871f53a8d589@group-F74673522764-SegmentedRaftLogWorker: safeCacheEvictIndex: setUnconditionally 0 -> -1
2021-05-27 14:48:57,079 [EventQueue-OpenPipelineForHealthyPipelineSafeModeRule] INFO  safemode.SCMSafeModeManager (HealthyPipelineSafeModeRule.java:process(130)) - SCM in safe mode. Healthy pipelines reported count is 0, required healthy pipeline reported count is 1
2021-05-27 14:48:57,079 [EventQueue-PipelineReportForOneReplicaPipelineSafeModeRule] INFO  safemode.SCMSafeModeManager (SCMSafeModeManager.java:validateSafeModeExitRules(201)) - AtleastOneDatanodeReportedRule rule is successfully validated
2021-05-27 14:48:57,079 [pool-64-thread-1] INFO  server.RaftServerConfigKeys (ConfUtils.java:logGet(44)) - raft.server.snapshot.auto.trigger.enabled = true (custom)
2021-05-27 14:48:57,079 [pool-64-thread-1] INFO  server.RaftServerConfigKeys (ConfUtils.java:logGet(44)) - raft.server.snapshot.auto.trigger.threshold = 10000 (custom)
2021-05-27 14:48:57,079 [pool-64-thread-1] INFO  server.RaftServerConfigKeys (ConfUtils.java:logGet(44)) - raft.server.snapshot.retention.file.num = 5 (custom)
2021-05-27 14:48:57,079 [pool-64-thread-1] INFO  server.RaftServerConfigKeys (ConfUtils.java:logGet(44)) - raft.server.log.purge.upto.snapshot.index = false (default)
2021-05-27 14:48:57,079 [pool-64-thread-1] INFO  server.RaftServerConfigKeys (ConfUtils.java:logGet(44)) - raft.server.retrycache.expirytime = 600000ms (custom)
2021-05-27 14:48:57,079 [pool-64-thread-1] INFO  server.RaftServerConfigKeys (ConfUtils.java:logGet(44)) - raft.server.retrycache.statistics.expirytime = 100μs (default)
2021-05-27 14:48:57,079 [pool-64-thread-1] INFO  metrics.RatisMetrics (RatisMetrics.java:lambda$create$0(36)) - Creating Metrics Registry : ratis.leader_election.ac3fbd16-1d83-453c-852e-871f53a8d589@group-F74673522764
2021-05-27 14:48:57,082 [pool-47-thread-1] INFO  server.RaftServerConfigKeys (ConfUtils.java:logGet(44)) - raft.server.log.segment.cache.num.max = 2 (custom)
2021-05-27 14:48:57,082 [pool-47-thread-1] INFO  server.RaftServerConfigKeys (ConfUtils.java:logGet(44)) - raft.server.log.segment.cache.size.max = 200MB (=209715200) (default)
2021-05-27 14:48:57,082 [pool-64-thread-1] INFO  metrics.RatisMetrics (RatisMetrics.java:lambda$create$0(36)) - Creating Metrics Registry : ratis.server.ac3fbd16-1d83-453c-852e-871f53a8d589@group-F74673522764
2021-05-27 14:48:57,084 [pool-64-thread-1] INFO  server.RaftServer$Division (RaftServerImpl.java:start(295)) - ac3fbd16-1d83-453c-852e-871f53a8d589@group-F74673522764: start as a follower, conf=-1: [d3bd078d-6cea-4f12-8d62-4874212fc6f9|rpc:10.1.0.4:44989|priority:0, ac3fbd16-1d83-453c-852e-871f53a8d589|rpc:10.1.0.4:44019|priority:1, cc66d020-3049-4c90-bc53-6b8115d82a8c|rpc:10.1.0.4:38925|priority:0], old=null
2021-05-27 14:48:57,084 [pool-64-thread-1] INFO  server.RaftServer$Division (RaftServerImpl.java:setRole(284)) - ac3fbd16-1d83-453c-852e-871f53a8d589@group-F74673522764: changes role from      null to FOLLOWER at term 0 for startAsFollower
2021-05-27 14:48:57,084 [pool-64-thread-1] INFO  impl.RoleInfo (RoleInfo.java:updateAndGet(130)) - ac3fbd16-1d83-453c-852e-871f53a8d589: start ac3fbd16-1d83-453c-852e-871f53a8d589@group-F74673522764-FollowerState
2021-05-27 14:48:57,084 [pool-47-thread-1] INFO  segmented.SegmentedRaftLogWorker (SegmentedRaftLogWorker.java:<init>(182)) - new cc66d020-3049-4c90-bc53-6b8115d82a8c@group-F74673522764-SegmentedRaftLogWorker for RaftStorageImpl:Storage Directory /home/runner/work/ozone/ozone/mnt/ozone/hadoop-ozone/integration-test/target/test-dir/MiniOzoneClusterImpl-01be8073-4a30-4c07-ba69-c81900f598d5/datanode-0/data/ratis/1041af58-6781-4304-9760-f74673522764
2021-05-27 14:48:57,084 [pool-47-thread-1] INFO  server.RaftServerConfigKeys (ConfUtils.java:logGet(44)) - raft.server.log.queue.byte-limit = 2147483647 (custom)
2021-05-27 14:48:57,084 [pool-47-thread-1] INFO  server.RaftServerConfigKeys (ConfUtils.java:logGet(44)) - raft.server.log.queue.element-limit = 1024 (custom)
2021-05-27 14:48:57,084 [pool-47-thread-1] INFO  server.RaftServerConfigKeys (ConfUtils.java:logGet(44)) - raft.server.log.segment.size.max = 1048576 (custom)
2021-05-27 14:48:57,084 [pool-47-thread-1] INFO  server.RaftServerConfigKeys (ConfUtils.java:logGet(44)) - raft.server.log.preallocated.size = 16384 (custom)
2021-05-27 14:48:57,084 [pool-47-thread-1] INFO  server.RaftServerConfigKeys (ConfUtils.java:logGet(44)) - raft.server.log.force.sync.num = 128 (default)
2021-05-27 14:48:57,084 [pool-47-thread-1] INFO  server.RaftServerConfigKeys (ConfUtils.java:logGet(44)) - raft.server.log.statemachine.data.sync = true (default)
2021-05-27 14:48:57,084 [pool-47-thread-1] INFO  server.RaftServerConfigKeys (ConfUtils.java:logGet(44)) - raft.server.log.statemachine.data.sync.timeout = 10s (default)
2021-05-27 14:48:57,084 [pool-47-thread-1] INFO  server.RaftServerConfigKeys (ConfUtils.java:logGet(44)) - raft.server.log.statemachine.data.sync.timeout.retry = -1 (default)
2021-05-27 14:48:57,092 [pool-64-thread-1] INFO  util.JmxRegister (JmxRegister.java:tryRegister(44)) - Successfully registered JMX Bean with object name Ratis:service=RaftServer,group=group-F74673522764,id=ac3fbd16-1d83-453c-852e-871f53a8d589
2021-05-27 14:48:57,092 [pool-64-thread-1] INFO  metrics.RatisMetrics (RatisMetrics.java:lambda$create$0(36)) - Creating Metrics Registry : ratis.state_machine.ac3fbd16-1d83-453c-852e-871f53a8d589@group-F74673522764
2021-05-27 14:48:57,093 [pool-47-thread-1] INFO  server.RaftServerConfigKeys (ConfUtils.java:logGet(44)) - raft.server.log.write.buffer.size = 1048576 (custom)
2021-05-27 14:48:57,094 [pool-47-thread-1] INFO  server.RaftServerConfigKeys (ConfUtils.java:logGet(44)) - raft.server.log.statemachine.data.caching.enabled = true (custom)
2021-05-27 14:48:57,094 [pool-47-thread-1] INFO  segmented.SegmentedRaftLogWorker (SegmentedRaftLogWorker.java:lambda$new$0(133)) - cc66d020-3049-4c90-bc53-6b8115d82a8c@group-F74673522764-SegmentedRaftLogWorker: flushIndex: setUnconditionally 0 -> -1
2021-05-27 14:48:57,094 [pool-47-thread-1] INFO  segmented.SegmentedRaftLogWorker (SegmentedRaftLogWorker.java:lambda$new$0(133)) - cc66d020-3049-4c90-bc53-6b8115d82a8c@group-F74673522764-SegmentedRaftLogWorker: safeCacheEvictIndex: setUnconditionally 0 -> -1
2021-05-27 14:48:57,095 [Command processor thread] INFO  ratis.XceiverServerRatis (XceiverServerRatis.java:addGroup(808)) - Created group PipelineID=1041af58-6781-4304-9760-f74673522764
2021-05-27 14:48:57,099 [pool-47-thread-1] INFO  server.RaftServerConfigKeys (ConfUtils.java:logGet(44)) - raft.server.snapshot.auto.trigger.enabled = true (custom)
2021-05-27 14:48:57,100 [pool-47-thread-1] INFO  server.RaftServerConfigKeys (ConfUtils.java:logGet(44)) - raft.server.snapshot.auto.trigger.threshold = 10000 (custom)
2021-05-27 14:48:57,100 [pool-47-thread-1] INFO  server.RaftServerConfigKeys (ConfUtils.java:logGet(44)) - raft.server.snapshot.retention.file.num = 5 (custom)
2021-05-27 14:48:57,100 [pool-47-thread-1] INFO  server.RaftServerConfigKeys (ConfUtils.java:logGet(44)) - raft.server.log.purge.upto.snapshot.index = false (default)
2021-05-27 14:48:57,100 [pool-47-thread-1] INFO  server.RaftServerConfigKeys (ConfUtils.java:logGet(44)) - raft.server.retrycache.expirytime = 600000ms (custom)
2021-05-27 14:48:57,100 [pool-47-thread-1] INFO  server.RaftServerConfigKeys (ConfUtils.java:logGet(44)) - raft.server.retrycache.statistics.expirytime = 100μs (default)
2021-05-27 14:48:57,100 [pool-47-thread-1] INFO  metrics.RatisMetrics (RatisMetrics.java:lambda$create$0(36)) - Creating Metrics Registry : ratis.leader_election.cc66d020-3049-4c90-bc53-6b8115d82a8c@group-F74673522764
2021-05-27 14:48:57,100 [pool-47-thread-1] INFO  metrics.RatisMetrics (RatisMetrics.java:lambda$create$0(36)) - Creating Metrics Registry : ratis.server.cc66d020-3049-4c90-bc53-6b8115d82a8c@group-F74673522764
2021-05-27 14:48:57,101 [pool-47-thread-1] INFO  server.RaftServer$Division (RaftServerImpl.java:start(295)) - cc66d020-3049-4c90-bc53-6b8115d82a8c@group-F74673522764: start as a follower, conf=-1: [d3bd078d-6cea-4f12-8d62-4874212fc6f9|rpc:10.1.0.4:44989|priority:0, ac3fbd16-1d83-453c-852e-871f53a8d589|rpc:10.1.0.4:44019|priority:1, cc66d020-3049-4c90-bc53-6b8115d82a8c|rpc:10.1.0.4:38925|priority:0], old=null
2021-05-27 14:48:57,101 [pool-47-thread-1] INFO  server.RaftServer$Division (RaftServerImpl.java:setRole(284)) - cc66d020-3049-4c90-bc53-6b8115d82a8c@group-F74673522764: changes role from      null to FOLLOWER at term 0 for startAsFollower
2021-05-27 14:48:57,102 [pool-47-thread-1] INFO  impl.RoleInfo (RoleInfo.java:updateAndGet(130)) - cc66d020-3049-4c90-bc53-6b8115d82a8c: start cc66d020-3049-4c90-bc53-6b8115d82a8c@group-F74673522764-FollowerState
2021-05-27 14:48:57,104 [pool-47-thread-1] INFO  util.JmxRegister (JmxRegister.java:tryRegister(44)) - Successfully registered JMX Bean with object name Ratis:service=RaftServer,group=group-F74673522764,id=cc66d020-3049-4c90-bc53-6b8115d82a8c
2021-05-27 14:48:57,104 [pool-47-thread-1] INFO  metrics.RatisMetrics (RatisMetrics.java:lambda$create$0(36)) - Creating Metrics Registry : ratis.state_machine.cc66d020-3049-4c90-bc53-6b8115d82a8c@group-F74673522764
2021-05-27 14:48:57,106 [Command processor thread] INFO  ratis.XceiverServerRatis (XceiverServerRatis.java:addGroup(808)) - Created group PipelineID=1041af58-6781-4304-9760-f74673522764
2021-05-27 14:48:57,110 [Command processor thread] INFO  server.RaftServer (RaftServerProxy.java:addNew(95)) - d3bd078d-6cea-4f12-8d62-4874212fc6f9: addNew group-7E7F43F1B432:[d3bd078d-6cea-4f12-8d62-4874212fc6f9|rpc:10.1.0.4:44989|priority:1] returns group-7E7F43F1B432:java.util.concurrent.CompletableFuture@2f7e645e[Not completed]
2021-05-27 14:48:57,120 [pool-83-thread-1] INFO  server.RaftServer$Division (RaftServerImpl.java:<init>(180)) - d3bd078d-6cea-4f12-8d62-4874212fc6f9: new RaftServerImpl for group-7E7F43F1B432:[d3bd078d-6cea-4f12-8d62-4874212fc6f9|rpc:10.1.0.4:44989|priority:1] with ContainerStateMachine:uninitialized
2021-05-27 14:48:57,126 [pool-83-thread-1] INFO  server.RaftServerConfigKeys (ConfUtils.java:logGet(44)) - raft.server.rpc.timeout.min = 5s (custom)
2021-05-27 14:48:57,126 [pool-83-thread-1] INFO  server.RaftServerConfigKeys (ConfUtils.java:logGet(44)) - raft.server.rpc.timeout.max = 5200ms (custom)
2021-05-27 14:48:57,126 [pool-83-thread-1] INFO  server.RaftServerConfigKeys (ConfUtils.java:logGet(44)) - raft.server.rpc.sleep.time = 25ms (default)
2021-05-27 14:48:57,126 [pool-83-thread-1] INFO  server.RaftServerConfigKeys (ConfUtils.java:logGet(44)) - raft.server.rpc.slowness.timeout = 300000ms (custom)
2021-05-27 14:48:57,126 [pool-83-thread-1] INFO  server.RaftServerConfigKeys (ConfUtils.java:logGet(44)) - raft.server.leaderelection.leader.step-down.wait-time = 10s (default)
2021-05-27 14:48:57,126 [pool-83-thread-1] INFO  server.RaftServerConfigKeys (ConfUtils.java:logGet(44)) - raft.server.sleep.deviation.threshold = 300ms (default)
2021-05-27 14:48:57,127 [pool-83-thread-1] INFO  server.RaftServerConfigKeys (ConfUtils.java:logGet(44)) - raft.server.log.appender.install.snapshot.enabled = false (custom)
2021-05-27 14:48:57,127 [pool-83-thread-1] INFO  server.RaftServer$Division (ServerState.java:<init>(105)) - d3bd078d-6cea-4f12-8d62-4874212fc6f9@group-7E7F43F1B432: ConfigurationManager, init=-1: [d3bd078d-6cea-4f12-8d62-4874212fc6f9|rpc:10.1.0.4:44989|priority:1], old=null, confs=<EMPTY_MAP>
2021-05-27 14:48:57,127 [pool-83-thread-1] INFO  server.RaftServerConfigKeys (ConfUtils.java:logGet(44)) - raft.server.storage.dir = [/home/runner/work/ozone/ozone/mnt/ozone/hadoop-ozone/integration-test/target/test-dir/MiniOzoneClusterImpl-01be8073-4a30-4c07-ba69-c81900f598d5/datanode-2/data/ratis] (custom)
2021-05-27 14:48:57,127 [pool-83-thread-1] INFO  server.RaftServerConfigKeys (ConfUtils.java:logGet(44)) - raft.server.log.corruption.policy = EXCEPTION (default)
2021-05-27 14:48:57,127 [pool-83-thread-1] INFO  storage.RaftStorageDirectory (RaftStorageDirectoryImpl.java:analyzeStorage(132)) - The storage directory /home/runner/work/ozone/ozone/mnt/ozone/hadoop-ozone/integration-test/target/test-dir/MiniOzoneClusterImpl-01be8073-4a30-4c07-ba69-c81900f598d5/datanode-2/data/ratis/beec1027-10e9-4a9b-a680-7e7f43f1b432 does not exist. Creating ...
2021-05-27 14:48:57,128 [Command processor thread] INFO  metrics.RatisMetrics (RatisMetrics.java:lambda$create$0(36)) - Creating Metrics Registry : ratis.client_message_metrics.client-2998E443F7C2->cc66d020-3049-4c90-bc53-6b8115d82a8c
2021-05-27 14:48:57,129 [Command processor thread] INFO  metrics.RatisMetrics (RatisMetrics.java:lambda$create$0(36)) - Creating Metrics Registry : ratis.client_message_metrics.client-EB62D8221D03->ac3fbd16-1d83-453c-852e-871f53a8d589
2021-05-27 14:48:57,131 [pool-83-thread-1] INFO  storage.RaftStorageDirectory (RaftStorageDirectoryImpl.java:tryLock(215)) - Lock on /home/runner/work/ozone/ozone/mnt/ozone/hadoop-ozone/integration-test/target/test-dir/MiniOzoneClusterImpl-01be8073-4a30-4c07-ba69-c81900f598d5/datanode-2/data/ratis/beec1027-10e9-4a9b-a680-7e7f43f1b432/in_use.lock acquired by nodename 2583@fv-az270-287
2021-05-27 14:48:57,132 [pool-83-thread-1] INFO  storage.RaftStorage (RaftStorageImpl.java:format(87)) - Storage directory /home/runner/work/ozone/ozone/mnt/ozone/hadoop-ozone/integration-test/target/test-dir/MiniOzoneClusterImpl-01be8073-4a30-4c07-ba69-c81900f598d5/datanode-2/data/ratis/beec1027-10e9-4a9b-a680-7e7f43f1b432 has been successfully formatted.
2021-05-27 14:48:57,133 [pool-83-thread-1] INFO  ratis.ContainerStateMachine (ContainerStateMachine.java:loadSnapshot(224)) - group-7E7F43F1B432: The snapshot info is null. Setting the last applied indexto:(t:0, i:~)
2021-05-27 14:48:57,133 [pool-83-thread-1] INFO  server.RaftServerConfigKeys (ConfUtils.java:logGet(44)) - raft.server.notification.no-leader.timeout = 300000ms (custom)
2021-05-27 14:48:57,133 [pool-83-thread-1] INFO  server.RaftServerConfigKeys (ConfUtils.java:logGet(44)) - raft.server.log.use.memory = false (default)
2021-05-27 14:48:57,133 [pool-83-thread-1] INFO  server.RaftServerConfigKeys (ConfUtils.java:logGet(44)) - raft.server.log.purge.gap = 1000000 (custom)
2021-05-27 14:48:57,133 [pool-83-thread-1] INFO  server.RaftServerConfigKeys (ConfUtils.java:logGet(44)) - raft.server.log.appender.buffer.byte-limit = 33554432 (custom)
2021-05-27 14:48:57,135 [EventQueue-PipelineReportForPipelineReportHandler] INFO  pipeline.PipelineManagerV2Impl (PipelineManagerV2Impl.java:openPipeline(270)) - Pipeline Pipeline[ Id: beec1027-10e9-4a9b-a680-7e7f43f1b432, Nodes: d3bd078d-6cea-4f12-8d62-4874212fc6f9{ip: 10.1.0.4, host: fv-az270-287.tacnzluakwdehk1hpragurqkma.bx.internal.cloudapp.net, ports: [REPLICATION=37945, RATIS=44989, RATIS_ADMIN=44989, RATIS_SERVER=44989, STANDALONE=42113], networkLocation: /default-rack, certSerialId: null, persistedOpState: IN_SERVICE, persistedOpStateExpiryEpochSec: 0}, ReplicationConfig: RATIS/ONE, State:ALLOCATED, leaderId:d3bd078d-6cea-4f12-8d62-4874212fc6f9, CreationTimestamp2021-05-27T14:48:54.113Z] moved to OPEN state
2021-05-27 14:48:57,134 [EventQueue-PipelineReportForOneReplicaPipelineSafeModeRule] INFO  safemode.SCMSafeModeManager (SCMSafeModeManager.java:validateSafeModeExitRules(201)) - AtleastOneDatanodeReportedRule rule is successfully validated
2021-05-27 14:48:57,135 [pool-83-thread-1] INFO  metrics.RatisMetrics (RatisMetrics.java:lambda$create$0(36)) - Creating Metrics Registry : ratis.log_worker.d3bd078d-6cea-4f12-8d62-4874212fc6f9@group-7E7F43F1B432
2021-05-27 14:48:57,136 [pool-83-thread-1] INFO  server.RaftServerConfigKeys (ConfUtils.java:logGet(44)) - raft.server.log.segment.size.max = 1048576 (custom)
2021-05-27 14:48:57,137 [pool-83-thread-1] INFO  server.RaftServerConfigKeys (ConfUtils.java:logGet(44)) - raft.server.log.segment.cache.num.max = 2 (custom)
2021-05-27 14:48:57,137 [pool-83-thread-1] INFO  server.RaftServerConfigKeys (ConfUtils.java:logGet(44)) - raft.server.log.segment.cache.size.max = 200MB (=209715200) (default)
2021-05-27 14:48:57,137 [pool-83-thread-1] INFO  segmented.SegmentedRaftLogWorker (SegmentedRaftLogWorker.java:<init>(182)) - new d3bd078d-6cea-4f12-8d62-4874212fc6f9@group-7E7F43F1B432-SegmentedRaftLogWorker for RaftStorageImpl:Storage Directory /home/runner/work/ozone/ozone/mnt/ozone/hadoop-ozone/integration-test/target/test-dir/MiniOzoneClusterImpl-01be8073-4a30-4c07-ba69-c81900f598d5/datanode-2/data/ratis/beec1027-10e9-4a9b-a680-7e7f43f1b432
2021-05-27 14:48:57,137 [pool-83-thread-1] INFO  server.RaftServerConfigKeys (ConfUtils.java:logGet(44)) - raft.server.log.queue.byte-limit = 2147483647 (custom)
2021-05-27 14:48:57,137 [pool-83-thread-1] INFO  server.RaftServerConfigKeys (ConfUtils.java:logGet(44)) - raft.server.log.queue.element-limit = 1024 (custom)
2021-05-27 14:48:57,137 [pool-83-thread-1] INFO  server.RaftServerConfigKeys (ConfUtils.java:logGet(44)) - raft.server.log.segment.size.max = 1048576 (custom)
2021-05-27 14:48:57,137 [pool-83-thread-1] INFO  server.RaftServerConfigKeys (ConfUtils.java:logGet(44)) - raft.server.log.preallocated.size = 16384 (custom)
2021-05-27 14:48:57,137 [pool-83-thread-1] INFO  server.RaftServerConfigKeys (ConfUtils.java:logGet(44)) - raft.server.log.force.sync.num = 128 (default)
2021-05-27 14:48:57,137 [pool-83-thread-1] INFO  server.RaftServerConfigKeys (ConfUtils.java:logGet(44)) - raft.server.log.statemachine.data.sync = true (default)
2021-05-27 14:48:57,137 [pool-83-thread-1] INFO  server.RaftServerConfigKeys (ConfUtils.java:logGet(44)) - raft.server.log.statemachine.data.sync.timeout = 10s (default)
2021-05-27 14:48:57,137 [pool-83-thread-1] INFO  server.RaftServerConfigKeys (ConfUtils.java:logGet(44)) - raft.server.log.statemachine.data.sync.timeout.retry = -1 (default)
2021-05-27 14:48:57,138 [pool-83-thread-1] INFO  server.RaftServerConfigKeys (ConfUtils.java:logGet(44)) - raft.server.log.write.buffer.size = 1048576 (custom)
2021-05-27 14:48:57,139 [pool-83-thread-1] INFO  server.RaftServerConfigKeys (ConfUtils.java:logGet(44)) - raft.server.log.statemachine.data.caching.enabled = true (custom)
2021-05-27 14:48:57,139 [pool-83-thread-1] INFO  segmented.SegmentedRaftLogWorker (SegmentedRaftLogWorker.java:lambda$new$0(133)) - d3bd078d-6cea-4f12-8d62-4874212fc6f9@group-7E7F43F1B432-SegmentedRaftLogWorker: flushIndex: setUnconditionally 0 -> -1
2021-05-27 14:48:57,139 [pool-83-thread-1] INFO  segmented.SegmentedRaftLogWorker (SegmentedRaftLogWorker.java:lambda$new$0(133)) - d3bd078d-6cea-4f12-8d62-4874212fc6f9@group-7E7F43F1B432-SegmentedRaftLogWorker: safeCacheEvictIndex: setUnconditionally 0 -> -1
2021-05-27 14:48:57,143 [pool-83-thread-1] INFO  server.RaftServerConfigKeys (ConfUtils.java:logGet(44)) - raft.server.snapshot.auto.trigger.enabled = true (custom)
2021-05-27 14:48:57,143 [pool-83-thread-1] INFO  server.RaftServerConfigKeys (ConfUtils.java:logGet(44)) - raft.server.snapshot.auto.trigger.threshold = 10000 (custom)
2021-05-27 14:48:57,143 [pool-83-thread-1] INFO  server.RaftServerConfigKeys (ConfUtils.java:logGet(44)) - raft.server.snapshot.retention.file.num = 5 (custom)
2021-05-27 14:48:57,143 [pool-83-thread-1] INFO  server.RaftServerConfigKeys (ConfUtils.java:logGet(44)) - raft.server.log.purge.upto.snapshot.index = false (default)
2021-05-27 14:48:57,143 [pool-83-thread-1] INFO  server.RaftServerConfigKeys (ConfUtils.java:logGet(44)) - raft.server.retrycache.expirytime = 600000ms (custom)
2021-05-27 14:48:57,143 [pool-83-thread-1] INFO  server.RaftServerConfigKeys (ConfUtils.java:logGet(44)) - raft.server.retrycache.statistics.expirytime = 100μs (default)
2021-05-27 14:48:57,143 [pool-83-thread-1] INFO  metrics.RatisMetrics (RatisMetrics.java:lambda$create$0(36)) - Creating Metrics Registry : ratis.leader_election.d3bd078d-6cea-4f12-8d62-4874212fc6f9@group-7E7F43F1B432
2021-05-27 14:48:57,144 [pool-83-thread-1] INFO  metrics.RatisMetrics (RatisMetrics.java:lambda$create$0(36)) - Creating Metrics Registry : ratis.server.d3bd078d-6cea-4f12-8d62-4874212fc6f9@group-7E7F43F1B432
2021-05-27 14:48:57,144 [EventQueue-OpenPipelineForHealthyPipelineSafeModeRule] INFO  safemode.SCMSafeModeManager (HealthyPipelineSafeModeRule.java:process(130)) - SCM in safe mode. Healthy pipelines reported count is 0, required healthy pipeline reported count is 1
2021-05-27 14:48:57,144 [pool-83-thread-1] INFO  server.RaftServer$Division (RaftServerImpl.java:start(295)) - d3bd078d-6cea-4f12-8d62-4874212fc6f9@group-7E7F43F1B432: start as a follower, conf=-1: [d3bd078d-6cea-4f12-8d62-4874212fc6f9|rpc:10.1.0.4:44989|priority:1], old=null
2021-05-27 14:48:57,144 [pool-83-thread-1] INFO  server.RaftServer$Division (RaftServerImpl.java:setRole(284)) - d3bd078d-6cea-4f12-8d62-4874212fc6f9@group-7E7F43F1B432: changes role from      null to FOLLOWER at term 0 for startAsFollower
2021-05-27 14:48:57,145 [pool-83-thread-1] INFO  impl.RoleInfo (RoleInfo.java:updateAndGet(130)) - d3bd078d-6cea-4f12-8d62-4874212fc6f9: start d3bd078d-6cea-4f12-8d62-4874212fc6f9@group-7E7F43F1B432-FollowerState
2021-05-27 14:48:57,149 [pool-83-thread-1] INFO  util.JmxRegister (JmxRegister.java:tryRegister(44)) - Successfully registered JMX Bean with object name Ratis:service=RaftServer,group=group-7E7F43F1B432,id=d3bd078d-6cea-4f12-8d62-4874212fc6f9
2021-05-27 14:48:57,149 [pool-83-thread-1] INFO  metrics.RatisMetrics (RatisMetrics.java:lambda$create$0(36)) - Creating Metrics Registry : ratis.state_machine.d3bd078d-6cea-4f12-8d62-4874212fc6f9@group-7E7F43F1B432
2021-05-27 14:48:57,155 [Command processor thread] INFO  ratis.XceiverServerRatis (XceiverServerRatis.java:addGroup(808)) - Created group PipelineID=beec1027-10e9-4a9b-a680-7e7f43f1b432
2021-05-27 14:48:57,155 [Command processor thread] INFO  commandhandler.CreatePipelineCommandHandler (CreatePipelineCommandHandler.java:handle(106)) - Created Pipeline RATIS ONE PipelineID=beec1027-10e9-4a9b-a680-7e7f43f1b432.
2021-05-27 14:48:57,155 [Command processor thread] INFO  server.RaftServer (RaftServerProxy.java:addNew(95)) - d3bd078d-6cea-4f12-8d62-4874212fc6f9: addNew group-F74673522764:[d3bd078d-6cea-4f12-8d62-4874212fc6f9|rpc:10.1.0.4:44989|priority:0, ac3fbd16-1d83-453c-852e-871f53a8d589|rpc:10.1.0.4:44019|priority:1, cc66d020-3049-4c90-bc53-6b8115d82a8c|rpc:10.1.0.4:38925|priority:0] returns group-F74673522764:java.util.concurrent.CompletableFuture@2b41e569[Not completed]
2021-05-27 14:48:57,156 [pool-83-thread-1] INFO  server.RaftServer$Division (RaftServerImpl.java:<init>(180)) - d3bd078d-6cea-4f12-8d62-4874212fc6f9: new RaftServerImpl for group-F74673522764:[d3bd078d-6cea-4f12-8d62-4874212fc6f9|rpc:10.1.0.4:44989|priority:0, ac3fbd16-1d83-453c-852e-871f53a8d589|rpc:10.1.0.4:44019|priority:1, cc66d020-3049-4c90-bc53-6b8115d82a8c|rpc:10.1.0.4:38925|priority:0] with ContainerStateMachine:uninitialized
2021-05-27 14:48:57,156 [pool-83-thread-1] INFO  server.RaftServerConfigKeys (ConfUtils.java:logGet(44)) - raft.server.rpc.timeout.min = 5s (custom)
2021-05-27 14:48:57,156 [pool-83-thread-1] INFO  server.RaftServerConfigKeys (ConfUtils.java:logGet(44)) - raft.server.rpc.timeout.max = 5200ms (custom)
2021-05-27 14:48:57,156 [pool-83-thread-1] INFO  server.RaftServerConfigKeys (ConfUtils.java:logGet(44)) - raft.server.rpc.sleep.time = 25ms (default)
2021-05-27 14:48:57,156 [pool-83-thread-1] INFO  server.RaftServerConfigKeys (ConfUtils.java:logGet(44)) - raft.server.rpc.slowness.timeout = 300000ms (custom)
2021-05-27 14:48:57,156 [pool-83-thread-1] INFO  server.RaftServerConfigKeys (ConfUtils.java:logGet(44)) - raft.server.leaderelection.leader.step-down.wait-time = 10s (default)
2021-05-27 14:48:57,156 [pool-83-thread-1] INFO  server.RaftServerConfigKeys (ConfUtils.java:logGet(44)) - raft.server.sleep.deviation.threshold = 300ms (default)
2021-05-27 14:48:57,156 [pool-83-thread-1] INFO  server.RaftServerConfigKeys (ConfUtils.java:logGet(44)) - raft.server.log.appender.install.snapshot.enabled = false (custom)
2021-05-27 14:48:57,156 [pool-83-thread-1] INFO  server.RaftServer$Division (ServerState.java:<init>(105)) - d3bd078d-6cea-4f12-8d62-4874212fc6f9@group-F74673522764: ConfigurationManager, init=-1: [d3bd078d-6cea-4f12-8d62-4874212fc6f9|rpc:10.1.0.4:44989|priority:0, ac3fbd16-1d83-453c-852e-871f53a8d589|rpc:10.1.0.4:44019|priority:1, cc66d020-3049-4c90-bc53-6b8115d82a8c|rpc:10.1.0.4:38925|priority:0], old=null, confs=<EMPTY_MAP>
2021-05-27 14:48:57,156 [pool-83-thread-1] INFO  server.RaftServerConfigKeys (ConfUtils.java:logGet(44)) - raft.server.storage.dir = [/home/runner/work/ozone/ozone/mnt/ozone/hadoop-ozone/integration-test/target/test-dir/MiniOzoneClusterImpl-01be8073-4a30-4c07-ba69-c81900f598d5/datanode-2/data/ratis] (custom)
2021-05-27 14:48:57,156 [pool-83-thread-1] INFO  server.RaftServerConfigKeys (ConfUtils.java:logGet(44)) - raft.server.log.corruption.policy = EXCEPTION (default)
2021-05-27 14:48:57,157 [pool-83-thread-1] INFO  storage.RaftStorageDirectory (RaftStorageDirectoryImpl.java:analyzeStorage(132)) - The storage directory /home/runner/work/ozone/ozone/mnt/ozone/hadoop-ozone/integration-test/target/test-dir/MiniOzoneClusterImpl-01be8073-4a30-4c07-ba69-c81900f598d5/datanode-2/data/ratis/1041af58-6781-4304-9760-f74673522764 does not exist. Creating ...
2021-05-27 14:48:57,157 [pool-83-thread-1] INFO  storage.RaftStorageDirectory (RaftStorageDirectoryImpl.java:tryLock(215)) - Lock on /home/runner/work/ozone/ozone/mnt/ozone/hadoop-ozone/integration-test/target/test-dir/MiniOzoneClusterImpl-01be8073-4a30-4c07-ba69-c81900f598d5/datanode-2/data/ratis/1041af58-6781-4304-9760-f74673522764/in_use.lock acquired by nodename 2583@fv-az270-287
2021-05-27 14:48:57,158 [pool-83-thread-1] INFO  storage.RaftStorage (RaftStorageImpl.java:format(87)) - Storage directory /home/runner/work/ozone/ozone/mnt/ozone/hadoop-ozone/integration-test/target/test-dir/MiniOzoneClusterImpl-01be8073-4a30-4c07-ba69-c81900f598d5/datanode-2/data/ratis/1041af58-6781-4304-9760-f74673522764 has been successfully formatted.
2021-05-27 14:48:57,159 [pool-83-thread-1] INFO  ratis.ContainerStateMachine (ContainerStateMachine.java:loadSnapshot(224)) - group-F74673522764: The snapshot info is null. Setting the last applied indexto:(t:0, i:~)
2021-05-27 14:48:57,159 [pool-83-thread-1] INFO  server.RaftServerConfigKeys (ConfUtils.java:logGet(44)) - raft.server.notification.no-leader.timeout = 300000ms (custom)
2021-05-27 14:48:57,159 [pool-83-thread-1] INFO  server.RaftServerConfigKeys (ConfUtils.java:logGet(44)) - raft.server.log.use.memory = false (default)
2021-05-27 14:48:57,159 [pool-83-thread-1] INFO  server.RaftServerConfigKeys (ConfUtils.java:logGet(44)) - raft.server.log.purge.gap = 1000000 (custom)
2021-05-27 14:48:57,159 [pool-83-thread-1] INFO  server.RaftServerConfigKeys (ConfUtils.java:logGet(44)) - raft.server.log.appender.buffer.byte-limit = 33554432 (custom)
2021-05-27 14:48:57,159 [pool-83-thread-1] INFO  metrics.RatisMetrics (RatisMetrics.java:lambda$create$0(36)) - Creating Metrics Registry : ratis.log_worker.d3bd078d-6cea-4f12-8d62-4874212fc6f9@group-F74673522764
2021-05-27 14:48:57,159 [pool-83-thread-1] INFO  server.RaftServerConfigKeys (ConfUtils.java:logGet(44)) - raft.server.log.segment.size.max = 1048576 (custom)
2021-05-27 14:48:57,160 [pool-83-thread-1] INFO  server.RaftServerConfigKeys (ConfUtils.java:logGet(44)) - raft.server.log.segment.cache.num.max = 2 (custom)
2021-05-27 14:48:57,160 [pool-83-thread-1] INFO  server.RaftServerConfigKeys (ConfUtils.java:logGet(44)) - raft.server.log.segment.cache.size.max = 200MB (=209715200) (default)
2021-05-27 14:48:57,160 [pool-83-thread-1] INFO  segmented.SegmentedRaftLogWorker (SegmentedRaftLogWorker.java:<init>(182)) - new d3bd078d-6cea-4f12-8d62-4874212fc6f9@group-F74673522764-SegmentedRaftLogWorker for RaftStorageImpl:Storage Directory /home/runner/work/ozone/ozone/mnt/ozone/hadoop-ozone/integration-test/target/test-dir/MiniOzoneClusterImpl-01be8073-4a30-4c07-ba69-c81900f598d5/datanode-2/data/ratis/1041af58-6781-4304-9760-f74673522764
2021-05-27 14:48:57,160 [pool-83-thread-1] INFO  server.RaftServerConfigKeys (ConfUtils.java:logGet(44)) - raft.server.log.queue.byte-limit = 2147483647 (custom)
2021-05-27 14:48:57,160 [pool-83-thread-1] INFO  server.RaftServerConfigKeys (ConfUtils.java:logGet(44)) - raft.server.log.queue.element-limit = 1024 (custom)
2021-05-27 14:48:57,160 [pool-83-thread-1] INFO  server.RaftServerConfigKeys (ConfUtils.java:logGet(44)) - raft.server.log.segment.size.max = 1048576 (custom)
2021-05-27 14:48:57,160 [pool-83-thread-1] INFO  server.RaftServerConfigKeys (ConfUtils.java:logGet(44)) - raft.server.log.preallocated.size = 16384 (custom)
2021-05-27 14:48:57,160 [pool-83-thread-1] INFO  server.RaftServerConfigKeys (ConfUtils.java:logGet(44)) - raft.server.log.force.sync.num = 128 (default)
2021-05-27 14:48:57,160 [pool-83-thread-1] INFO  server.RaftServerConfigKeys (ConfUtils.java:logGet(44)) - raft.server.log.statemachine.data.sync = true (default)
2021-05-27 14:48:57,160 [pool-83-thread-1] INFO  server.RaftServerConfigKeys (ConfUtils.java:logGet(44)) - raft.server.log.statemachine.data.sync.timeout = 10s (default)
2021-05-27 14:48:57,160 [pool-83-thread-1] INFO  server.RaftServerConfigKeys (ConfUtils.java:logGet(44)) - raft.server.log.statemachine.data.sync.timeout.retry = -1 (default)
2021-05-27 14:48:57,161 [pool-83-thread-1] INFO  server.RaftServerConfigKeys (ConfUtils.java:logGet(44)) - raft.server.log.write.buffer.size = 1048576 (custom)
2021-05-27 14:48:57,161 [pool-83-thread-1] INFO  server.RaftServerConfigKeys (ConfUtils.java:logGet(44)) - raft.server.log.statemachine.data.caching.enabled = true (custom)
2021-05-27 14:48:57,162 [pool-83-thread-1] INFO  segmented.SegmentedRaftLogWorker (SegmentedRaftLogWorker.java:lambda$new$0(133)) - d3bd078d-6cea-4f12-8d62-4874212fc6f9@group-F74673522764-SegmentedRaftLogWorker: flushIndex: setUnconditionally 0 -> -1
2021-05-27 14:48:57,162 [pool-83-thread-1] INFO  segmented.SegmentedRaftLogWorker (SegmentedRaftLogWorker.java:lambda$new$0(133)) - d3bd078d-6cea-4f12-8d62-4874212fc6f9@group-F74673522764-SegmentedRaftLogWorker: safeCacheEvictIndex: setUnconditionally 0 -> -1
2021-05-27 14:48:57,169 [pool-83-thread-1] INFO  server.RaftServerConfigKeys (ConfUtils.java:logGet(44)) - raft.server.snapshot.auto.trigger.enabled = true (custom)
2021-05-27 14:48:57,169 [pool-83-thread-1] INFO  server.RaftServerConfigKeys (ConfUtils.java:logGet(44)) - raft.server.snapshot.auto.trigger.threshold = 10000 (custom)
2021-05-27 14:48:57,169 [pool-83-thread-1] INFO  server.RaftServerConfigKeys (ConfUtils.java:logGet(44)) - raft.server.snapshot.retention.file.num = 5 (custom)
2021-05-27 14:48:57,169 [pool-83-thread-1] INFO  server.RaftServerConfigKeys (ConfUtils.java:logGet(44)) - raft.server.log.purge.upto.snapshot.index = false (default)
2021-05-27 14:48:57,170 [pool-83-thread-1] INFO  server.RaftServerConfigKeys (ConfUtils.java:logGet(44)) - raft.server.retrycache.expirytime = 600000ms (custom)
2021-05-27 14:48:57,170 [pool-83-thread-1] INFO  server.RaftServerConfigKeys (ConfUtils.java:logGet(44)) - raft.server.retrycache.statistics.expirytime = 100μs (default)
2021-05-27 14:48:57,170 [pool-83-thread-1] INFO  metrics.RatisMetrics (RatisMetrics.java:lambda$create$0(36)) - Creating Metrics Registry : ratis.leader_election.d3bd078d-6cea-4f12-8d62-4874212fc6f9@group-F74673522764
2021-05-27 14:48:57,170 [pool-83-thread-1] INFO  metrics.RatisMetrics (RatisMetrics.java:lambda$create$0(36)) - Creating Metrics Registry : ratis.server.d3bd078d-6cea-4f12-8d62-4874212fc6f9@group-F74673522764
2021-05-27 14:48:57,171 [pool-83-thread-1] INFO  server.RaftServer$Division (RaftServerImpl.java:start(295)) - d3bd078d-6cea-4f12-8d62-4874212fc6f9@group-F74673522764: start as a follower, conf=-1: [d3bd078d-6cea-4f12-8d62-4874212fc6f9|rpc:10.1.0.4:44989|priority:0, ac3fbd16-1d83-453c-852e-871f53a8d589|rpc:10.1.0.4:44019|priority:1, cc66d020-3049-4c90-bc53-6b8115d82a8c|rpc:10.1.0.4:38925|priority:0], old=null
2021-05-27 14:48:57,171 [pool-83-thread-1] INFO  server.RaftServer$Division (RaftServerImpl.java:setRole(284)) - d3bd078d-6cea-4f12-8d62-4874212fc6f9@group-F74673522764: changes role from      null to FOLLOWER at term 0 for startAsFollower
2021-05-27 14:48:57,171 [pool-83-thread-1] INFO  impl.RoleInfo (RoleInfo.java:updateAndGet(130)) - d3bd078d-6cea-4f12-8d62-4874212fc6f9: start d3bd078d-6cea-4f12-8d62-4874212fc6f9@group-F74673522764-FollowerState
2021-05-27 14:48:57,177 [pool-83-thread-1] INFO  util.JmxRegister (JmxRegister.java:tryRegister(44)) - Successfully registered JMX Bean with object name Ratis:service=RaftServer,group=group-F74673522764,id=d3bd078d-6cea-4f12-8d62-4874212fc6f9
2021-05-27 14:48:57,178 [pool-83-thread-1] INFO  metrics.RatisMetrics (RatisMetrics.java:lambda$create$0(36)) - Creating Metrics Registry : ratis.state_machine.d3bd078d-6cea-4f12-8d62-4874212fc6f9@group-F74673522764
2021-05-27 14:48:57,190 [Command processor thread] INFO  ratis.XceiverServerRatis (XceiverServerRatis.java:addGroup(808)) - Created group PipelineID=1041af58-6781-4304-9760-f74673522764
2021-05-27 14:48:57,192 [Command processor thread] INFO  metrics.RatisMetrics (RatisMetrics.java:lambda$create$0(36)) - Creating Metrics Registry : ratis.client_message_metrics.client-176995BA2764->ac3fbd16-1d83-453c-852e-871f53a8d589
2021-05-27 14:48:57,193 [EventQueue-PipelineReportForOneReplicaPipelineSafeModeRule] INFO  safemode.SCMSafeModeManager (SCMSafeModeManager.java:validateSafeModeExitRules(201)) - AtleastOneDatanodeReportedRule rule is successfully validated
2021-05-27 14:48:57,194 [EventQueue-OpenPipelineForHealthyPipelineSafeModeRule] INFO  safemode.SCMSafeModeManager (HealthyPipelineSafeModeRule.java:process(130)) - SCM in safe mode. Healthy pipelines reported count is 0, required healthy pipeline reported count is 1
2021-05-27 14:48:57,242 [Command processor thread] INFO  server.RaftServer (RaftServerProxy.java:addNew(95)) - fe96208f-f4a6-407e-8fa5-c04d11db231e: addNew group-8B5EBB4B753E:[fe96208f-f4a6-407e-8fa5-c04d11db231e|rpc:10.1.0.4:42335|priority:1] returns group-8B5EBB4B753E:java.util.concurrent.CompletableFuture@29671d0d[Not completed]
2021-05-27 14:48:57,244 [pool-101-thread-1] INFO  server.RaftServer$Division (RaftServerImpl.java:<init>(180)) - fe96208f-f4a6-407e-8fa5-c04d11db231e: new RaftServerImpl for group-8B5EBB4B753E:[fe96208f-f4a6-407e-8fa5-c04d11db231e|rpc:10.1.0.4:42335|priority:1] with ContainerStateMachine:uninitialized
2021-05-27 14:48:57,244 [pool-101-thread-1] INFO  server.RaftServerConfigKeys (ConfUtils.java:logGet(44)) - raft.server.rpc.timeout.min = 5s (custom)
2021-05-27 14:48:57,244 [pool-101-thread-1] INFO  server.RaftServerConfigKeys (ConfUtils.java:logGet(44)) - raft.server.rpc.timeout.max = 5200ms (custom)
2021-05-27 14:48:57,244 [pool-101-thread-1] INFO  server.RaftServerConfigKeys (ConfUtils.java:logGet(44)) - raft.server.rpc.sleep.time = 25ms (default)
2021-05-27 14:48:57,244 [pool-101-thread-1] INFO  server.RaftServerConfigKeys (ConfUtils.java:logGet(44)) - raft.server.rpc.slowness.timeout = 300000ms (custom)
2021-05-27 14:48:57,244 [pool-101-thread-1] INFO  server.RaftServerConfigKeys (ConfUtils.java:logGet(44)) - raft.server.leaderelection.leader.step-down.wait-time = 10s (default)
2021-05-27 14:48:57,244 [pool-101-thread-1] INFO  server.RaftServerConfigKeys (ConfUtils.java:logGet(44)) - raft.server.sleep.deviation.threshold = 300ms (default)
2021-05-27 14:48:57,244 [pool-101-thread-1] INFO  server.RaftServerConfigKeys (ConfUtils.java:logGet(44)) - raft.server.log.appender.install.snapshot.enabled = false (custom)
2021-05-27 14:48:57,244 [pool-101-thread-1] INFO  server.RaftServer$Division (ServerState.java:<init>(105)) - fe96208f-f4a6-407e-8fa5-c04d11db231e@group-8B5EBB4B753E: ConfigurationManager, init=-1: [fe96208f-f4a6-407e-8fa5-c04d11db231e|rpc:10.1.0.4:42335|priority:1], old=null, confs=<EMPTY_MAP>
2021-05-27 14:48:57,244 [pool-101-thread-1] INFO  server.RaftServerConfigKeys (ConfUtils.java:logGet(44)) - raft.server.storage.dir = [/home/runner/work/ozone/ozone/mnt/ozone/hadoop-ozone/integration-test/target/test-dir/MiniOzoneClusterImpl-01be8073-4a30-4c07-ba69-c81900f598d5/datanode-3/data/ratis] (custom)
2021-05-27 14:48:57,244 [pool-101-thread-1] INFO  server.RaftServerConfigKeys (ConfUtils.java:logGet(44)) - raft.server.log.corruption.policy = EXCEPTION (default)
2021-05-27 14:48:57,244 [pool-101-thread-1] INFO  storage.RaftStorageDirectory (RaftStorageDirectoryImpl.java:analyzeStorage(132)) - The storage directory /home/runner/work/ozone/ozone/mnt/ozone/hadoop-ozone/integration-test/target/test-dir/MiniOzoneClusterImpl-01be8073-4a30-4c07-ba69-c81900f598d5/datanode-3/data/ratis/f0fd23e4-ec86-4d58-b133-8b5ebb4b753e does not exist. Creating ...
2021-05-27 14:48:57,253 [pool-101-thread-1] INFO  storage.RaftStorageDirectory (RaftStorageDirectoryImpl.java:tryLock(215)) - Lock on /home/runner/work/ozone/ozone/mnt/ozone/hadoop-ozone/integration-test/target/test-dir/MiniOzoneClusterImpl-01be8073-4a30-4c07-ba69-c81900f598d5/datanode-3/data/ratis/f0fd23e4-ec86-4d58-b133-8b5ebb4b753e/in_use.lock acquired by nodename 2583@fv-az270-287
2021-05-27 14:48:57,272 [pool-101-thread-1] INFO  storage.RaftStorage (RaftStorageImpl.java:format(87)) - Storage directory /home/runner/work/ozone/ozone/mnt/ozone/hadoop-ozone/integration-test/target/test-dir/MiniOzoneClusterImpl-01be8073-4a30-4c07-ba69-c81900f598d5/datanode-3/data/ratis/f0fd23e4-ec86-4d58-b133-8b5ebb4b753e has been successfully formatted.
2021-05-27 14:48:57,272 [pool-101-thread-1] INFO  ratis.ContainerStateMachine (ContainerStateMachine.java:loadSnapshot(224)) - group-8B5EBB4B753E: The snapshot info is null. Setting the last applied indexto:(t:0, i:~)
2021-05-27 14:48:57,272 [pool-101-thread-1] INFO  server.RaftServerConfigKeys (ConfUtils.java:logGet(44)) - raft.server.notification.no-leader.timeout = 300000ms (custom)
2021-05-27 14:48:57,272 [pool-101-thread-1] INFO  server.RaftServerConfigKeys (ConfUtils.java:logGet(44)) - raft.server.log.use.memory = false (default)
2021-05-27 14:48:57,272 [pool-101-thread-1] INFO  server.RaftServerConfigKeys (ConfUtils.java:logGet(44)) - raft.server.log.purge.gap = 1000000 (custom)
2021-05-27 14:48:57,273 [pool-101-thread-1] INFO  server.RaftServerConfigKeys (ConfUtils.java:logGet(44)) - raft.server.log.appender.buffer.byte-limit = 33554432 (custom)
2021-05-27 14:48:57,273 [pool-101-thread-1] INFO  metrics.RatisMetrics (RatisMetrics.java:lambda$create$0(36)) - Creating Metrics Registry : ratis.log_worker.fe96208f-f4a6-407e-8fa5-c04d11db231e@group-8B5EBB4B753E
2021-05-27 14:48:57,273 [pool-101-thread-1] INFO  server.RaftServerConfigKeys (ConfUtils.java:logGet(44)) - raft.server.log.segment.size.max = 1048576 (custom)
2021-05-27 14:48:57,274 [pool-101-thread-1] INFO  server.RaftServerConfigKeys (ConfUtils.java:logGet(44)) - raft.server.log.segment.cache.num.max = 2 (custom)
2021-05-27 14:48:57,274 [pool-101-thread-1] INFO  server.RaftServerConfigKeys (ConfUtils.java:logGet(44)) - raft.server.log.segment.cache.size.max = 200MB (=209715200) (default)
2021-05-27 14:48:57,274 [pool-101-thread-1] INFO  segmented.SegmentedRaftLogWorker (SegmentedRaftLogWorker.java:<init>(182)) - new fe96208f-f4a6-407e-8fa5-c04d11db231e@group-8B5EBB4B753E-SegmentedRaftLogWorker for RaftStorageImpl:Storage Directory /home/runner/work/ozone/ozone/mnt/ozone/hadoop-ozone/integration-test/target/test-dir/MiniOzoneClusterImpl-01be8073-4a30-4c07-ba69-c81900f598d5/datanode-3/data/ratis/f0fd23e4-ec86-4d58-b133-8b5ebb4b753e
2021-05-27 14:48:57,274 [pool-101-thread-1] INFO  server.RaftServerConfigKeys (ConfUtils.java:logGet(44)) - raft.server.log.queue.byte-limit = 2147483647 (custom)
2021-05-27 14:48:57,274 [pool-101-thread-1] INFO  server.RaftServerConfigKeys (ConfUtils.java:logGet(44)) - raft.server.log.queue.element-limit = 1024 (custom)
2021-05-27 14:48:57,274 [pool-101-thread-1] INFO  server.RaftServerConfigKeys (ConfUtils.java:logGet(44)) - raft.server.log.segment.size.max = 1048576 (custom)
2021-05-27 14:48:57,274 [pool-101-thread-1] INFO  server.RaftServerConfigKeys (ConfUtils.java:logGet(44)) - raft.server.log.preallocated.size = 16384 (custom)
2021-05-27 14:48:57,274 [pool-101-thread-1] INFO  server.RaftServerConfigKeys (ConfUtils.java:logGet(44)) - raft.server.log.force.sync.num = 128 (default)
2021-05-27 14:48:57,274 [pool-101-thread-1] INFO  server.RaftServerConfigKeys (ConfUtils.java:logGet(44)) - raft.server.log.statemachine.data.sync = true (default)
2021-05-27 14:48:57,274 [pool-101-thread-1] INFO  server.RaftServerConfigKeys (ConfUtils.java:logGet(44)) - raft.server.log.statemachine.data.sync.timeout = 10s (default)
2021-05-27 14:48:57,274 [pool-101-thread-1] INFO  server.RaftServerConfigKeys (ConfUtils.java:logGet(44)) - raft.server.log.statemachine.data.sync.timeout.retry = -1 (default)
2021-05-27 14:48:57,276 [pool-101-thread-1] INFO  server.RaftServerConfigKeys (ConfUtils.java:logGet(44)) - raft.server.log.write.buffer.size = 1048576 (custom)
2021-05-27 14:48:57,276 [pool-101-thread-1] INFO  server.RaftServerConfigKeys (ConfUtils.java:logGet(44)) - raft.server.log.statemachine.data.caching.enabled = true (custom)
2021-05-27 14:48:57,276 [pool-101-thread-1] INFO  segmented.SegmentedRaftLogWorker (SegmentedRaftLogWorker.java:lambda$new$0(133)) - fe96208f-f4a6-407e-8fa5-c04d11db231e@group-8B5EBB4B753E-SegmentedRaftLogWorker: flushIndex: setUnconditionally 0 -> -1
2021-05-27 14:48:57,276 [pool-101-thread-1] INFO  segmented.SegmentedRaftLogWorker (SegmentedRaftLogWorker.java:lambda$new$0(133)) - fe96208f-f4a6-407e-8fa5-c04d11db231e@group-8B5EBB4B753E-SegmentedRaftLogWorker: safeCacheEvictIndex: setUnconditionally 0 -> -1
2021-05-27 14:48:57,277 [pool-101-thread-1] INFO  server.RaftServerConfigKeys (ConfUtils.java:logGet(44)) - raft.server.snapshot.auto.trigger.enabled = true (custom)
2021-05-27 14:48:57,277 [pool-101-thread-1] INFO  server.RaftServerConfigKeys (ConfUtils.java:logGet(44)) - raft.server.snapshot.auto.trigger.threshold = 10000 (custom)
2021-05-27 14:48:57,277 [pool-101-thread-1] INFO  server.RaftServerConfigKeys (ConfUtils.java:logGet(44)) - raft.server.snapshot.retention.file.num = 5 (custom)
2021-05-27 14:48:57,277 [pool-101-thread-1] INFO  server.RaftServerConfigKeys (ConfUtils.java:logGet(44)) - raft.server.log.purge.upto.snapshot.index = false (default)
2021-05-27 14:48:57,277 [pool-101-thread-1] INFO  server.RaftServerConfigKeys (ConfUtils.java:logGet(44)) - raft.server.retrycache.expirytime = 600000ms (custom)
2021-05-27 14:48:57,277 [pool-101-thread-1] INFO  server.RaftServerConfigKeys (ConfUtils.java:logGet(44)) - raft.server.retrycache.statistics.expirytime = 100μs (default)
2021-05-27 14:48:57,277 [pool-101-thread-1] INFO  metrics.RatisMetrics (RatisMetrics.java:lambda$create$0(36)) - Creating Metrics Registry : ratis.leader_election.fe96208f-f4a6-407e-8fa5-c04d11db231e@group-8B5EBB4B753E
2021-05-27 14:48:57,277 [pool-101-thread-1] INFO  metrics.RatisMetrics (RatisMetrics.java:lambda$create$0(36)) - Creating Metrics Registry : ratis.server.fe96208f-f4a6-407e-8fa5-c04d11db231e@group-8B5EBB4B753E
2021-05-27 14:48:57,278 [pool-101-thread-1] INFO  server.RaftServer$Division (RaftServerImpl.java:start(295)) - fe96208f-f4a6-407e-8fa5-c04d11db231e@group-8B5EBB4B753E: start as a follower, conf=-1: [fe96208f-f4a6-407e-8fa5-c04d11db231e|rpc:10.1.0.4:42335|priority:1], old=null
2021-05-27 14:48:57,278 [pool-101-thread-1] INFO  server.RaftServer$Division (RaftServerImpl.java:setRole(284)) - fe96208f-f4a6-407e-8fa5-c04d11db231e@group-8B5EBB4B753E: changes role from      null to FOLLOWER at term 0 for startAsFollower
2021-05-27 14:48:57,278 [pool-101-thread-1] INFO  impl.RoleInfo (RoleInfo.java:updateAndGet(130)) - fe96208f-f4a6-407e-8fa5-c04d11db231e: start fe96208f-f4a6-407e-8fa5-c04d11db231e@group-8B5EBB4B753E-FollowerState
2021-05-27 14:48:57,279 [pool-101-thread-1] INFO  util.JmxRegister (JmxRegister.java:tryRegister(44)) - Successfully registered JMX Bean with object name Ratis:service=RaftServer,group=group-8B5EBB4B753E,id=fe96208f-f4a6-407e-8fa5-c04d11db231e
2021-05-27 14:48:57,279 [pool-101-thread-1] INFO  metrics.RatisMetrics (RatisMetrics.java:lambda$create$0(36)) - Creating Metrics Registry : ratis.state_machine.fe96208f-f4a6-407e-8fa5-c04d11db231e@group-8B5EBB4B753E
2021-05-27 14:48:57,282 [EventQueue-PipelineReportForOneReplicaPipelineSafeModeRule] INFO  safemode.SCMSafeModeManager (SCMSafeModeManager.java:validateSafeModeExitRules(201)) - AtleastOneDatanodeReportedRule rule is successfully validated
2021-05-27 14:48:57,283 [EventQueue-PipelineReportForPipelineReportHandler] INFO  pipeline.PipelineManagerV2Impl (PipelineManagerV2Impl.java:openPipeline(270)) - Pipeline Pipeline[ Id: f0fd23e4-ec86-4d58-b133-8b5ebb4b753e, Nodes: fe96208f-f4a6-407e-8fa5-c04d11db231e{ip: 10.1.0.4, host: fv-az270-287.tacnzluakwdehk1hpragurqkma.bx.internal.cloudapp.net, ports: [REPLICATION=36509, RATIS=42335, RATIS_ADMIN=42335, RATIS_SERVER=42335, STANDALONE=44801], networkLocation: /default-rack, certSerialId: null, persistedOpState: IN_SERVICE, persistedOpStateExpiryEpochSec: 0}, ReplicationConfig: RATIS/ONE, State:ALLOCATED, leaderId:fe96208f-f4a6-407e-8fa5-c04d11db231e, CreationTimestamp2021-05-27T14:48:54.234Z] moved to OPEN state
2021-05-27 14:48:57,283 [EventQueue-OpenPipelineForHealthyPipelineSafeModeRule] INFO  safemode.SCMSafeModeManager (HealthyPipelineSafeModeRule.java:process(130)) - SCM in safe mode. Healthy pipelines reported count is 0, required healthy pipeline reported count is 1
2021-05-27 14:48:57,283 [Command processor thread] INFO  ratis.XceiverServerRatis (XceiverServerRatis.java:addGroup(808)) - Created group PipelineID=f0fd23e4-ec86-4d58-b133-8b5ebb4b753e
2021-05-27 14:48:57,286 [Command processor thread] INFO  commandhandler.CreatePipelineCommandHandler (CreatePipelineCommandHandler.java:handle(106)) - Created Pipeline RATIS ONE PipelineID=f0fd23e4-ec86-4d58-b133-8b5ebb4b753e.
2021-05-27 14:48:57,286 [Command processor thread] INFO  server.RaftServer (RaftServerProxy.java:addNew(95)) - fe96208f-f4a6-407e-8fa5-c04d11db231e: addNew group-BEB3CAD4BD71:[fe96208f-f4a6-407e-8fa5-c04d11db231e|rpc:10.1.0.4:42335|priority:0, 79a5c71d-05f9-4896-b0a5-ed7a69f27e7b|rpc:10.1.0.4:37273|priority:1, 58901a56-5ead-441d-bada-0c2dcec13c3c|rpc:10.1.0.4:34635|priority:0] returns group-BEB3CAD4BD71:java.util.concurrent.CompletableFuture@2d589cf9[Not completed]
2021-05-27 14:48:57,287 [pool-101-thread-1] INFO  server.RaftServer$Division (RaftServerImpl.java:<init>(180)) - fe96208f-f4a6-407e-8fa5-c04d11db231e: new RaftServerImpl for group-BEB3CAD4BD71:[fe96208f-f4a6-407e-8fa5-c04d11db231e|rpc:10.1.0.4:42335|priority:0, 79a5c71d-05f9-4896-b0a5-ed7a69f27e7b|rpc:10.1.0.4:37273|priority:1, 58901a56-5ead-441d-bada-0c2dcec13c3c|rpc:10.1.0.4:34635|priority:0] with ContainerStateMachine:uninitialized
2021-05-27 14:48:57,287 [pool-101-thread-1] INFO  server.RaftServerConfigKeys (ConfUtils.java:logGet(44)) - raft.server.rpc.timeout.min = 5s (custom)
2021-05-27 14:48:57,287 [pool-101-thread-1] INFO  server.RaftServerConfigKeys (ConfUtils.java:logGet(44)) - raft.server.rpc.timeout.max = 5200ms (custom)
2021-05-27 14:48:57,287 [pool-101-thread-1] INFO  server.RaftServerConfigKeys (ConfUtils.java:logGet(44)) - raft.server.rpc.sleep.time = 25ms (default)
2021-05-27 14:48:57,287 [pool-101-thread-1] INFO  server.RaftServerConfigKeys (ConfUtils.java:logGet(44)) - raft.server.rpc.slowness.timeout = 300000ms (custom)
2021-05-27 14:48:57,287 [pool-101-thread-1] INFO  server.RaftServerConfigKeys (ConfUtils.java:logGet(44)) - raft.server.leaderelection.leader.step-down.wait-time = 10s (default)
2021-05-27 14:48:57,287 [pool-101-thread-1] INFO  server.RaftServerConfigKeys (ConfUtils.java:logGet(44)) - raft.server.sleep.deviation.threshold = 300ms (default)
2021-05-27 14:48:57,287 [pool-101-thread-1] INFO  server.RaftServerConfigKeys (ConfUtils.java:logGet(44)) - raft.server.log.appender.install.snapshot.enabled = false (custom)
2021-05-27 14:48:57,287 [pool-101-thread-1] INFO  server.RaftServer$Division (ServerState.java:<init>(105)) - fe96208f-f4a6-407e-8fa5-c04d11db231e@group-BEB3CAD4BD71: ConfigurationManager, init=-1: [fe96208f-f4a6-407e-8fa5-c04d11db231e|rpc:10.1.0.4:42335|priority:0, 79a5c71d-05f9-4896-b0a5-ed7a69f27e7b|rpc:10.1.0.4:37273|priority:1, 58901a56-5ead-441d-bada-0c2dcec13c3c|rpc:10.1.0.4:34635|priority:0], old=null, confs=<EMPTY_MAP>
2021-05-27 14:48:57,287 [pool-101-thread-1] INFO  server.RaftServerConfigKeys (ConfUtils.java:logGet(44)) - raft.server.storage.dir = [/home/runner/work/ozone/ozone/mnt/ozone/hadoop-ozone/integration-test/target/test-dir/MiniOzoneClusterImpl-01be8073-4a30-4c07-ba69-c81900f598d5/datanode-3/data/ratis] (custom)
2021-05-27 14:48:57,288 [pool-101-thread-1] INFO  server.RaftServerConfigKeys (ConfUtils.java:logGet(44)) - raft.server.log.corruption.policy = EXCEPTION (default)
2021-05-27 14:48:57,288 [pool-101-thread-1] INFO  storage.RaftStorageDirectory (RaftStorageDirectoryImpl.java:analyzeStorage(132)) - The storage directory /home/runner/work/ozone/ozone/mnt/ozone/hadoop-ozone/integration-test/target/test-dir/MiniOzoneClusterImpl-01be8073-4a30-4c07-ba69-c81900f598d5/datanode-3/data/ratis/86ab80c3-99b9-4fb4-9adb-beb3cad4bd71 does not exist. Creating ...
2021-05-27 14:48:57,288 [pool-101-thread-1] INFO  storage.RaftStorageDirectory (RaftStorageDirectoryImpl.java:tryLock(215)) - Lock on /home/runner/work/ozone/ozone/mnt/ozone/hadoop-ozone/integration-test/target/test-dir/MiniOzoneClusterImpl-01be8073-4a30-4c07-ba69-c81900f598d5/datanode-3/data/ratis/86ab80c3-99b9-4fb4-9adb-beb3cad4bd71/in_use.lock acquired by nodename 2583@fv-az270-287
2021-05-27 14:48:57,289 [pool-101-thread-1] INFO  storage.RaftStorage (RaftStorageImpl.java:format(87)) - Storage directory /home/runner/work/ozone/ozone/mnt/ozone/hadoop-ozone/integration-test/target/test-dir/MiniOzoneClusterImpl-01be8073-4a30-4c07-ba69-c81900f598d5/datanode-3/data/ratis/86ab80c3-99b9-4fb4-9adb-beb3cad4bd71 has been successfully formatted.
2021-05-27 14:48:57,291 [pool-101-thread-1] INFO  ratis.ContainerStateMachine (ContainerStateMachine.java:loadSnapshot(224)) - group-BEB3CAD4BD71: The snapshot info is null. Setting the last applied indexto:(t:0, i:~)
2021-05-27 14:48:57,292 [EventQueue-PipelineReportForOneReplicaPipelineSafeModeRule] INFO  safemode.SCMSafeModeManager (SCMSafeModeManager.java:validateSafeModeExitRules(201)) - AtleastOneDatanodeReportedRule rule is successfully validated
2021-05-27 14:48:57,291 [EventQueue-OpenPipelineForHealthyPipelineSafeModeRule] INFO  safemode.SCMSafeModeManager (HealthyPipelineSafeModeRule.java:process(130)) - SCM in safe mode. Healthy pipelines reported count is 0, required healthy pipeline reported count is 1
2021-05-27 14:48:57,292 [pool-101-thread-1] INFO  server.RaftServerConfigKeys (ConfUtils.java:logGet(44)) - raft.server.notification.no-leader.timeout = 300000ms (custom)
2021-05-27 14:48:57,292 [pool-101-thread-1] INFO  server.RaftServerConfigKeys (ConfUtils.java:logGet(44)) - raft.server.log.use.memory = false (default)
2021-05-27 14:48:57,292 [pool-101-thread-1] INFO  server.RaftServerConfigKeys (ConfUtils.java:logGet(44)) - raft.server.log.purge.gap = 1000000 (custom)
2021-05-27 14:48:57,292 [pool-101-thread-1] INFO  server.RaftServerConfigKeys (ConfUtils.java:logGet(44)) - raft.server.log.appender.buffer.byte-limit = 33554432 (custom)
2021-05-27 14:48:57,292 [pool-101-thread-1] INFO  metrics.RatisMetrics (RatisMetrics.java:lambda$create$0(36)) - Creating Metrics Registry : ratis.log_worker.fe96208f-f4a6-407e-8fa5-c04d11db231e@group-BEB3CAD4BD71
2021-05-27 14:48:57,293 [pool-101-thread-1] INFO  server.RaftServerConfigKeys (ConfUtils.java:logGet(44)) - raft.server.log.segment.size.max = 1048576 (custom)
2021-05-27 14:48:57,293 [pool-101-thread-1] INFO  server.RaftServerConfigKeys (ConfUtils.java:logGet(44)) - raft.server.log.segment.cache.num.max = 2 (custom)
2021-05-27 14:48:57,293 [pool-101-thread-1] INFO  server.RaftServerConfigKeys (ConfUtils.java:logGet(44)) - raft.server.log.segment.cache.size.max = 200MB (=209715200) (default)
2021-05-27 14:48:57,293 [pool-101-thread-1] INFO  segmented.SegmentedRaftLogWorker (SegmentedRaftLogWorker.java:<init>(182)) - new fe96208f-f4a6-407e-8fa5-c04d11db231e@group-BEB3CAD4BD71-SegmentedRaftLogWorker for RaftStorageImpl:Storage Directory /home/runner/work/ozone/ozone/mnt/ozone/hadoop-ozone/integration-test/target/test-dir/MiniOzoneClusterImpl-01be8073-4a30-4c07-ba69-c81900f598d5/datanode-3/data/ratis/86ab80c3-99b9-4fb4-9adb-beb3cad4bd71
2021-05-27 14:48:57,293 [pool-101-thread-1] INFO  server.RaftServerConfigKeys (ConfUtils.java:logGet(44)) - raft.server.log.queue.byte-limit = 2147483647 (custom)
2021-05-27 14:48:57,293 [pool-101-thread-1] INFO  server.RaftServerConfigKeys (ConfUtils.java:logGet(44)) - raft.server.log.queue.element-limit = 1024 (custom)
2021-05-27 14:48:57,293 [pool-101-thread-1] INFO  server.RaftServerConfigKeys (ConfUtils.java:logGet(44)) - raft.server.log.segment.size.max = 1048576 (custom)
2021-05-27 14:48:57,293 [pool-101-thread-1] INFO  server.RaftServerConfigKeys (ConfUtils.java:logGet(44)) - raft.server.log.preallocated.size = 16384 (custom)
2021-05-27 14:48:57,293 [pool-101-thread-1] INFO  server.RaftServerConfigKeys (ConfUtils.java:logGet(44)) - raft.server.log.force.sync.num = 128 (default)
2021-05-27 14:48:57,293 [pool-101-thread-1] INFO  server.RaftServerConfigKeys (ConfUtils.java:logGet(44)) - raft.server.log.statemachine.data.sync = true (default)
2021-05-27 14:48:57,293 [pool-101-thread-1] INFO  server.RaftServerConfigKeys (ConfUtils.java:logGet(44)) - raft.server.log.statemachine.data.sync.timeout = 10s (default)
2021-05-27 14:48:57,294 [pool-101-thread-1] INFO  server.RaftServerConfigKeys (ConfUtils.java:logGet(44)) - raft.server.log.statemachine.data.sync.timeout.retry = -1 (default)
2021-05-27 14:48:57,294 [pool-101-thread-1] INFO  server.RaftServerConfigKeys (ConfUtils.java:logGet(44)) - raft.server.log.write.buffer.size = 1048576 (custom)
2021-05-27 14:48:57,297 [pool-101-thread-1] INFO  server.RaftServerConfigKeys (ConfUtils.java:logGet(44)) - raft.server.log.statemachine.data.caching.enabled = true (custom)
2021-05-27 14:48:57,298 [pool-101-thread-1] INFO  segmented.SegmentedRaftLogWorker (SegmentedRaftLogWorker.java:lambda$new$0(133)) - fe96208f-f4a6-407e-8fa5-c04d11db231e@group-BEB3CAD4BD71-SegmentedRaftLogWorker: flushIndex: setUnconditionally 0 -> -1
2021-05-27 14:48:57,298 [pool-101-thread-1] INFO  segmented.SegmentedRaftLogWorker (SegmentedRaftLogWorker.java:lambda$new$0(133)) - fe96208f-f4a6-407e-8fa5-c04d11db231e@group-BEB3CAD4BD71-SegmentedRaftLogWorker: safeCacheEvictIndex: setUnconditionally 0 -> -1
2021-05-27 14:48:57,301 [pool-101-thread-1] INFO  server.RaftServerConfigKeys (ConfUtils.java:logGet(44)) - raft.server.snapshot.auto.trigger.enabled = true (custom)
2021-05-27 14:48:57,301 [pool-101-thread-1] INFO  server.RaftServerConfigKeys (ConfUtils.java:logGet(44)) - raft.server.snapshot.auto.trigger.threshold = 10000 (custom)
2021-05-27 14:48:57,301 [pool-101-thread-1] INFO  server.RaftServerConfigKeys (ConfUtils.java:logGet(44)) - raft.server.snapshot.retention.file.num = 5 (custom)
2021-05-27 14:48:57,301 [pool-101-thread-1] INFO  server.RaftServerConfigKeys (ConfUtils.java:logGet(44)) - raft.server.log.purge.upto.snapshot.index = false (default)
2021-05-27 14:48:57,302 [pool-101-thread-1] INFO  server.RaftServerConfigKeys (ConfUtils.java:logGet(44)) - raft.server.retrycache.expirytime = 600000ms (custom)
2021-05-27 14:48:57,302 [pool-101-thread-1] INFO  server.RaftServerConfigKeys (ConfUtils.java:logGet(44)) - raft.server.retrycache.statistics.expirytime = 100μs (default)
2021-05-27 14:48:57,302 [pool-101-thread-1] INFO  metrics.RatisMetrics (RatisMetrics.java:lambda$create$0(36)) - Creating Metrics Registry : ratis.leader_election.fe96208f-f4a6-407e-8fa5-c04d11db231e@group-BEB3CAD4BD71
2021-05-27 14:48:57,302 [pool-101-thread-1] INFO  metrics.RatisMetrics (RatisMetrics.java:lambda$create$0(36)) - Creating Metrics Registry : ratis.server.fe96208f-f4a6-407e-8fa5-c04d11db231e@group-BEB3CAD4BD71
2021-05-27 14:48:57,303 [pool-101-thread-1] INFO  server.RaftServer$Division (RaftServerImpl.java:start(295)) - fe96208f-f4a6-407e-8fa5-c04d11db231e@group-BEB3CAD4BD71: start as a follower, conf=-1: [fe96208f-f4a6-407e-8fa5-c04d11db231e|rpc:10.1.0.4:42335|priority:0, 79a5c71d-05f9-4896-b0a5-ed7a69f27e7b|rpc:10.1.0.4:37273|priority:1, 58901a56-5ead-441d-bada-0c2dcec13c3c|rpc:10.1.0.4:34635|priority:0], old=null
2021-05-27 14:48:57,303 [pool-101-thread-1] INFO  server.RaftServer$Division (RaftServerImpl.java:setRole(284)) - fe96208f-f4a6-407e-8fa5-c04d11db231e@group-BEB3CAD4BD71: changes role from      null to FOLLOWER at term 0 for startAsFollower
2021-05-27 14:48:57,303 [pool-101-thread-1] INFO  impl.RoleInfo (RoleInfo.java:updateAndGet(130)) - fe96208f-f4a6-407e-8fa5-c04d11db231e: start fe96208f-f4a6-407e-8fa5-c04d11db231e@group-BEB3CAD4BD71-FollowerState
2021-05-27 14:48:57,307 [pool-101-thread-1] INFO  util.JmxRegister (JmxRegister.java:tryRegister(44)) - Successfully registered JMX Bean with object name Ratis:service=RaftServer,group=group-BEB3CAD4BD71,id=fe96208f-f4a6-407e-8fa5-c04d11db231e
2021-05-27 14:48:57,307 [pool-101-thread-1] INFO  metrics.RatisMetrics (RatisMetrics.java:lambda$create$0(36)) - Creating Metrics Registry : ratis.state_machine.fe96208f-f4a6-407e-8fa5-c04d11db231e@group-BEB3CAD4BD71
2021-05-27 14:48:57,321 [Command processor thread] INFO  ratis.XceiverServerRatis (XceiverServerRatis.java:addGroup(808)) - Created group PipelineID=86ab80c3-99b9-4fb4-9adb-beb3cad4bd71
2021-05-27 14:48:57,323 [Command processor thread] INFO  metrics.RatisMetrics (RatisMetrics.java:lambda$create$0(36)) - Creating Metrics Registry : ratis.client_message_metrics.client-265E8527DB92->58901a56-5ead-441d-bada-0c2dcec13c3c
2021-05-27 14:48:57,345 [Command processor thread] INFO  server.RaftServer (RaftServerProxy.java:addNew(95)) - 79a5c71d-05f9-4896-b0a5-ed7a69f27e7b: addNew group-FB1F64C33E52:[79a5c71d-05f9-4896-b0a5-ed7a69f27e7b|rpc:10.1.0.4:37273|priority:1] returns group-FB1F64C33E52:java.util.concurrent.CompletableFuture@eab49a[Not completed]
2021-05-27 14:48:57,363 [pool-119-thread-1] INFO  server.RaftServer$Division (RaftServerImpl.java:<init>(180)) - 79a5c71d-05f9-4896-b0a5-ed7a69f27e7b: new RaftServerImpl for group-FB1F64C33E52:[79a5c71d-05f9-4896-b0a5-ed7a69f27e7b|rpc:10.1.0.4:37273|priority:1] with ContainerStateMachine:uninitialized
2021-05-27 14:48:57,370 [pool-119-thread-1] INFO  server.RaftServerConfigKeys (ConfUtils.java:logGet(44)) - raft.server.rpc.timeout.min = 5s (custom)
2021-05-27 14:48:57,370 [pool-119-thread-1] INFO  server.RaftServerConfigKeys (ConfUtils.java:logGet(44)) - raft.server.rpc.timeout.max = 5200ms (custom)
2021-05-27 14:48:57,370 [pool-119-thread-1] INFO  server.RaftServerConfigKeys (ConfUtils.java:logGet(44)) - raft.server.rpc.sleep.time = 25ms (default)
2021-05-27 14:48:57,370 [pool-119-thread-1] INFO  server.RaftServerConfigKeys (ConfUtils.java:logGet(44)) - raft.server.rpc.slowness.timeout = 300000ms (custom)
2021-05-27 14:48:57,370 [pool-119-thread-1] INFO  server.RaftServerConfigKeys (ConfUtils.java:logGet(44)) - raft.server.leaderelection.leader.step-down.wait-time = 10s (default)
2021-05-27 14:48:57,370 [pool-119-thread-1] INFO  server.RaftServerConfigKeys (ConfUtils.java:logGet(44)) - raft.server.sleep.deviation.threshold = 300ms (default)
2021-05-27 14:48:57,370 [pool-119-thread-1] INFO  server.RaftServerConfigKeys (ConfUtils.java:logGet(44)) - raft.server.log.appender.install.snapshot.enabled = false (custom)
2021-05-27 14:48:57,370 [pool-119-thread-1] INFO  server.RaftServer$Division (ServerState.java:<init>(105)) - 79a5c71d-05f9-4896-b0a5-ed7a69f27e7b@group-FB1F64C33E52: ConfigurationManager, init=-1: [79a5c71d-05f9-4896-b0a5-ed7a69f27e7b|rpc:10.1.0.4:37273|priority:1], old=null, confs=<EMPTY_MAP>
2021-05-27 14:48:57,370 [pool-119-thread-1] INFO  server.RaftServerConfigKeys (ConfUtils.java:logGet(44)) - raft.server.storage.dir = [/home/runner/work/ozone/ozone/mnt/ozone/hadoop-ozone/integration-test/target/test-dir/MiniOzoneClusterImpl-01be8073-4a30-4c07-ba69-c81900f598d5/datanode-4/data/ratis] (custom)
2021-05-27 14:48:57,370 [pool-119-thread-1] INFO  server.RaftServerConfigKeys (ConfUtils.java:logGet(44)) - raft.server.log.corruption.policy = EXCEPTION (default)
2021-05-27 14:48:57,371 [pool-119-thread-1] INFO  storage.RaftStorageDirectory (RaftStorageDirectoryImpl.java:analyzeStorage(132)) - The storage directory /home/runner/work/ozone/ozone/mnt/ozone/hadoop-ozone/integration-test/target/test-dir/MiniOzoneClusterImpl-01be8073-4a30-4c07-ba69-c81900f598d5/datanode-4/data/ratis/84e95077-3112-497c-90a4-fb1f64c33e52 does not exist. Creating ...
2021-05-27 14:48:57,378 [pool-119-thread-1] INFO  storage.RaftStorageDirectory (RaftStorageDirectoryImpl.java:tryLock(215)) - Lock on /home/runner/work/ozone/ozone/mnt/ozone/hadoop-ozone/integration-test/target/test-dir/MiniOzoneClusterImpl-01be8073-4a30-4c07-ba69-c81900f598d5/datanode-4/data/ratis/84e95077-3112-497c-90a4-fb1f64c33e52/in_use.lock acquired by nodename 2583@fv-az270-287
2021-05-27 14:48:57,394 [pool-119-thread-1] INFO  storage.RaftStorage (RaftStorageImpl.java:format(87)) - Storage directory /home/runner/work/ozone/ozone/mnt/ozone/hadoop-ozone/integration-test/target/test-dir/MiniOzoneClusterImpl-01be8073-4a30-4c07-ba69-c81900f598d5/datanode-4/data/ratis/84e95077-3112-497c-90a4-fb1f64c33e52 has been successfully formatted.
2021-05-27 14:48:57,394 [pool-119-thread-1] INFO  ratis.ContainerStateMachine (ContainerStateMachine.java:loadSnapshot(224)) - group-FB1F64C33E52: The snapshot info is null. Setting the last applied indexto:(t:0, i:~)
2021-05-27 14:48:57,395 [pool-119-thread-1] INFO  server.RaftServerConfigKeys (ConfUtils.java:logGet(44)) - raft.server.notification.no-leader.timeout = 300000ms (custom)
2021-05-27 14:48:57,395 [pool-119-thread-1] INFO  server.RaftServerConfigKeys (ConfUtils.java:logGet(44)) - raft.server.log.use.memory = false (default)
2021-05-27 14:48:57,395 [pool-119-thread-1] INFO  server.RaftServerConfigKeys (ConfUtils.java:logGet(44)) - raft.server.log.purge.gap = 1000000 (custom)
2021-05-27 14:48:57,395 [pool-119-thread-1] INFO  server.RaftServerConfigKeys (ConfUtils.java:logGet(44)) - raft.server.log.appender.buffer.byte-limit = 33554432 (custom)
2021-05-27 14:48:57,395 [pool-119-thread-1] INFO  metrics.RatisMetrics (RatisMetrics.java:lambda$create$0(36)) - Creating Metrics Registry : ratis.log_worker.79a5c71d-05f9-4896-b0a5-ed7a69f27e7b@group-FB1F64C33E52
2021-05-27 14:48:57,395 [pool-119-thread-1] INFO  server.RaftServerConfigKeys (ConfUtils.java:logGet(44)) - raft.server.log.segment.size.max = 1048576 (custom)
2021-05-27 14:48:57,395 [pool-119-thread-1] INFO  server.RaftServerConfigKeys (ConfUtils.java:logGet(44)) - raft.server.log.segment.cache.num.max = 2 (custom)
2021-05-27 14:48:57,395 [pool-119-thread-1] INFO  server.RaftServerConfigKeys (ConfUtils.java:logGet(44)) - raft.server.log.segment.cache.size.max = 200MB (=209715200) (default)
2021-05-27 14:48:57,395 [pool-119-thread-1] INFO  segmented.SegmentedRaftLogWorker (SegmentedRaftLogWorker.java:<init>(182)) - new 79a5c71d-05f9-4896-b0a5-ed7a69f27e7b@group-FB1F64C33E52-SegmentedRaftLogWorker for RaftStorageImpl:Storage Directory /home/runner/work/ozone/ozone/mnt/ozone/hadoop-ozone/integration-test/target/test-dir/MiniOzoneClusterImpl-01be8073-4a30-4c07-ba69-c81900f598d5/datanode-4/data/ratis/84e95077-3112-497c-90a4-fb1f64c33e52
2021-05-27 14:48:57,396 [pool-119-thread-1] INFO  server.RaftServerConfigKeys (ConfUtils.java:logGet(44)) - raft.server.log.queue.byte-limit = 2147483647 (custom)
2021-05-27 14:48:57,396 [pool-119-thread-1] INFO  server.RaftServerConfigKeys (ConfUtils.java:logGet(44)) - raft.server.log.queue.element-limit = 1024 (custom)
2021-05-27 14:48:57,396 [pool-119-thread-1] INFO  server.RaftServerConfigKeys (ConfUtils.java:logGet(44)) - raft.server.log.segment.size.max = 1048576 (custom)
2021-05-27 14:48:57,396 [pool-119-thread-1] INFO  server.RaftServerConfigKeys (ConfUtils.java:logGet(44)) - raft.server.log.preallocated.size = 16384 (custom)
2021-05-27 14:48:57,396 [pool-119-thread-1] INFO  server.RaftServerConfigKeys (ConfUtils.java:logGet(44)) - raft.server.log.force.sync.num = 128 (default)
2021-05-27 14:48:57,396 [pool-119-thread-1] INFO  server.RaftServerConfigKeys (ConfUtils.java:logGet(44)) - raft.server.log.statemachine.data.sync = true (default)
2021-05-27 14:48:57,396 [pool-119-thread-1] INFO  server.RaftServerConfigKeys (ConfUtils.java:logGet(44)) - raft.server.log.statemachine.data.sync.timeout = 10s (default)
2021-05-27 14:48:57,396 [pool-119-thread-1] INFO  server.RaftServerConfigKeys (ConfUtils.java:logGet(44)) - raft.server.log.statemachine.data.sync.timeout.retry = -1 (default)
2021-05-27 14:48:57,397 [pool-119-thread-1] INFO  server.RaftServerConfigKeys (ConfUtils.java:logGet(44)) - raft.server.log.write.buffer.size = 1048576 (custom)
2021-05-27 14:48:57,397 [pool-119-thread-1] INFO  server.RaftServerConfigKeys (ConfUtils.java:logGet(44)) - raft.server.log.statemachine.data.caching.enabled = true (custom)
2021-05-27 14:48:57,399 [pool-119-thread-1] INFO  segmented.SegmentedRaftLogWorker (SegmentedRaftLogWorker.java:lambda$new$0(133)) - 79a5c71d-05f9-4896-b0a5-ed7a69f27e7b@group-FB1F64C33E52-SegmentedRaftLogWorker: flushIndex: setUnconditionally 0 -> -1
2021-05-27 14:48:57,399 [pool-119-thread-1] INFO  segmented.SegmentedRaftLogWorker (SegmentedRaftLogWorker.java:lambda$new$0(133)) - 79a5c71d-05f9-4896-b0a5-ed7a69f27e7b@group-FB1F64C33E52-SegmentedRaftLogWorker: safeCacheEvictIndex: setUnconditionally 0 -> -1
2021-05-27 14:48:57,400 [EventQueue-PipelineReportForOneReplicaPipelineSafeModeRule] INFO  safemode.SCMSafeModeManager (SCMSafeModeManager.java:validateSafeModeExitRules(201)) - AtleastOneDatanodeReportedRule rule is successfully validated
2021-05-27 14:48:57,400 [EventQueue-PipelineReportForPipelineReportHandler] INFO  pipeline.PipelineManagerV2Impl (PipelineManagerV2Impl.java:openPipeline(270)) - Pipeline Pipeline[ Id: 84e95077-3112-497c-90a4-fb1f64c33e52, Nodes: 79a5c71d-05f9-4896-b0a5-ed7a69f27e7b{ip: 10.1.0.4, host: fv-az270-287.tacnzluakwdehk1hpragurqkma.bx.internal.cloudapp.net, ports: [REPLICATION=41027, RATIS=37273, RATIS_ADMIN=37273, RATIS_SERVER=37273, STANDALONE=40237], networkLocation: /default-rack, certSerialId: null, persistedOpState: IN_SERVICE, persistedOpStateExpiryEpochSec: 0}, ReplicationConfig: RATIS/ONE, State:ALLOCATED, leaderId:79a5c71d-05f9-4896-b0a5-ed7a69f27e7b, CreationTimestamp2021-05-27T14:48:54.346Z] moved to OPEN state
2021-05-27 14:48:57,400 [EventQueue-OpenPipelineForHealthyPipelineSafeModeRule] INFO  safemode.SCMSafeModeManager (HealthyPipelineSafeModeRule.java:process(130)) - SCM in safe mode. Healthy pipelines reported count is 0, required healthy pipeline reported count is 1
2021-05-27 14:48:57,409 [pool-119-thread-1] INFO  server.RaftServerConfigKeys (ConfUtils.java:logGet(44)) - raft.server.snapshot.auto.trigger.enabled = true (custom)
2021-05-27 14:48:57,420 [pool-119-thread-1] INFO  server.RaftServerConfigKeys (ConfUtils.java:logGet(44)) - raft.server.snapshot.auto.trigger.threshold = 10000 (custom)
2021-05-27 14:48:57,420 [pool-119-thread-1] INFO  server.RaftServerConfigKeys (ConfUtils.java:logGet(44)) - raft.server.snapshot.retention.file.num = 5 (custom)
2021-05-27 14:48:57,420 [pool-119-thread-1] INFO  server.RaftServerConfigKeys (ConfUtils.java:logGet(44)) - raft.server.log.purge.upto.snapshot.index = false (default)
2021-05-27 14:48:57,420 [pool-119-thread-1] INFO  server.RaftServerConfigKeys (ConfUtils.java:logGet(44)) - raft.server.retrycache.expirytime = 600000ms (custom)
2021-05-27 14:48:57,420 [pool-119-thread-1] INFO  server.RaftServerConfigKeys (ConfUtils.java:logGet(44)) - raft.server.retrycache.statistics.expirytime = 100μs (default)
2021-05-27 14:48:57,420 [pool-119-thread-1] INFO  metrics.RatisMetrics (RatisMetrics.java:lambda$create$0(36)) - Creating Metrics Registry : ratis.leader_election.79a5c71d-05f9-4896-b0a5-ed7a69f27e7b@group-FB1F64C33E52
2021-05-27 14:48:57,421 [pool-119-thread-1] INFO  metrics.RatisMetrics (RatisMetrics.java:lambda$create$0(36)) - Creating Metrics Registry : ratis.server.79a5c71d-05f9-4896-b0a5-ed7a69f27e7b@group-FB1F64C33E52
2021-05-27 14:48:57,421 [pool-119-thread-1] INFO  server.RaftServer$Division (RaftServerImpl.java:start(295)) - 79a5c71d-05f9-4896-b0a5-ed7a69f27e7b@group-FB1F64C33E52: start as a follower, conf=-1: [79a5c71d-05f9-4896-b0a5-ed7a69f27e7b|rpc:10.1.0.4:37273|priority:1], old=null
2021-05-27 14:48:57,421 [pool-119-thread-1] INFO  server.RaftServer$Division (RaftServerImpl.java:setRole(284)) - 79a5c71d-05f9-4896-b0a5-ed7a69f27e7b@group-FB1F64C33E52: changes role from      null to FOLLOWER at term 0 for startAsFollower
2021-05-27 14:48:57,422 [pool-119-thread-1] INFO  impl.RoleInfo (RoleInfo.java:updateAndGet(130)) - 79a5c71d-05f9-4896-b0a5-ed7a69f27e7b: start 79a5c71d-05f9-4896-b0a5-ed7a69f27e7b@group-FB1F64C33E52-FollowerState
2021-05-27 14:48:57,426 [pool-119-thread-1] INFO  util.JmxRegister (JmxRegister.java:tryRegister(44)) - Successfully registered JMX Bean with object name Ratis:service=RaftServer,group=group-FB1F64C33E52,id=79a5c71d-05f9-4896-b0a5-ed7a69f27e7b
2021-05-27 14:48:57,426 [pool-119-thread-1] INFO  metrics.RatisMetrics (RatisMetrics.java:lambda$create$0(36)) - Creating Metrics Registry : ratis.state_machine.79a5c71d-05f9-4896-b0a5-ed7a69f27e7b@group-FB1F64C33E52
2021-05-27 14:48:57,429 [Command processor thread] INFO  ratis.XceiverServerRatis (XceiverServerRatis.java:addGroup(808)) - Created group PipelineID=84e95077-3112-497c-90a4-fb1f64c33e52
2021-05-27 14:48:57,429 [Command processor thread] INFO  commandhandler.CreatePipelineCommandHandler (CreatePipelineCommandHandler.java:handle(106)) - Created Pipeline RATIS ONE PipelineID=84e95077-3112-497c-90a4-fb1f64c33e52.
2021-05-27 14:48:57,430 [Command processor thread] INFO  server.RaftServer (RaftServerProxy.java:addNew(95)) - 79a5c71d-05f9-4896-b0a5-ed7a69f27e7b: addNew group-BEB3CAD4BD71:[fe96208f-f4a6-407e-8fa5-c04d11db231e|rpc:10.1.0.4:42335|priority:0, 79a5c71d-05f9-4896-b0a5-ed7a69f27e7b|rpc:10.1.0.4:37273|priority:1, 58901a56-5ead-441d-bada-0c2dcec13c3c|rpc:10.1.0.4:34635|priority:0] returns group-BEB3CAD4BD71:java.util.concurrent.CompletableFuture@4d5305f[Not completed]
2021-05-27 14:48:57,431 [pool-119-thread-1] INFO  server.RaftServer$Division (RaftServerImpl.java:<init>(180)) - 79a5c71d-05f9-4896-b0a5-ed7a69f27e7b: new RaftServerImpl for group-BEB3CAD4BD71:[fe96208f-f4a6-407e-8fa5-c04d11db231e|rpc:10.1.0.4:42335|priority:0, 79a5c71d-05f9-4896-b0a5-ed7a69f27e7b|rpc:10.1.0.4:37273|priority:1, 58901a56-5ead-441d-bada-0c2dcec13c3c|rpc:10.1.0.4:34635|priority:0] with ContainerStateMachine:uninitialized
2021-05-27 14:48:57,431 [pool-119-thread-1] INFO  server.RaftServerConfigKeys (ConfUtils.java:logGet(44)) - raft.server.rpc.timeout.min = 5s (custom)
2021-05-27 14:48:57,431 [pool-119-thread-1] INFO  server.RaftServerConfigKeys (ConfUtils.java:logGet(44)) - raft.server.rpc.timeout.max = 5200ms (custom)
2021-05-27 14:48:57,431 [pool-119-thread-1] INFO  server.RaftServerConfigKeys (ConfUtils.java:logGet(44)) - raft.server.rpc.sleep.time = 25ms (default)
2021-05-27 14:48:57,431 [pool-119-thread-1] INFO  server.RaftServerConfigKeys (ConfUtils.java:logGet(44)) - raft.server.rpc.slowness.timeout = 300000ms (custom)
2021-05-27 14:48:57,431 [pool-119-thread-1] INFO  server.RaftServerConfigKeys (ConfUtils.java:logGet(44)) - raft.server.leaderelection.leader.step-down.wait-time = 10s (default)
2021-05-27 14:48:57,431 [pool-119-thread-1] INFO  server.RaftServerConfigKeys (ConfUtils.java:logGet(44)) - raft.server.sleep.deviation.threshold = 300ms (default)
2021-05-27 14:48:57,431 [pool-119-thread-1] INFO  server.RaftServerConfigKeys (ConfUtils.java:logGet(44)) - raft.server.log.appender.install.snapshot.enabled = false (custom)
2021-05-27 14:48:57,431 [pool-119-thread-1] INFO  server.RaftServer$Division (ServerState.java:<init>(105)) - 79a5c71d-05f9-4896-b0a5-ed7a69f27e7b@group-BEB3CAD4BD71: ConfigurationManager, init=-1: [fe96208f-f4a6-407e-8fa5-c04d11db231e|rpc:10.1.0.4:42335|priority:0, 79a5c71d-05f9-4896-b0a5-ed7a69f27e7b|rpc:10.1.0.4:37273|priority:1, 58901a56-5ead-441d-bada-0c2dcec13c3c|rpc:10.1.0.4:34635|priority:0], old=null, confs=<EMPTY_MAP>
2021-05-27 14:48:57,431 [pool-119-thread-1] INFO  server.RaftServerConfigKeys (ConfUtils.java:logGet(44)) - raft.server.storage.dir = [/home/runner/work/ozone/ozone/mnt/ozone/hadoop-ozone/integration-test/target/test-dir/MiniOzoneClusterImpl-01be8073-4a30-4c07-ba69-c81900f598d5/datanode-4/data/ratis] (custom)
2021-05-27 14:48:57,431 [pool-119-thread-1] INFO  server.RaftServerConfigKeys (ConfUtils.java:logGet(44)) - raft.server.log.corruption.policy = EXCEPTION (default)
2021-05-27 14:48:57,431 [pool-119-thread-1] INFO  storage.RaftStorageDirectory (RaftStorageDirectoryImpl.java:analyzeStorage(132)) - The storage directory /home/runner/work/ozone/ozone/mnt/ozone/hadoop-ozone/integration-test/target/test-dir/MiniOzoneClusterImpl-01be8073-4a30-4c07-ba69-c81900f598d5/datanode-4/data/ratis/86ab80c3-99b9-4fb4-9adb-beb3cad4bd71 does not exist. Creating ...
2021-05-27 14:48:57,434 [pool-119-thread-1] INFO  storage.RaftStorageDirectory (RaftStorageDirectoryImpl.java:tryLock(215)) - Lock on /home/runner/work/ozone/ozone/mnt/ozone/hadoop-ozone/integration-test/target/test-dir/MiniOzoneClusterImpl-01be8073-4a30-4c07-ba69-c81900f598d5/datanode-4/data/ratis/86ab80c3-99b9-4fb4-9adb-beb3cad4bd71/in_use.lock acquired by nodename 2583@fv-az270-287
2021-05-27 14:48:57,437 [pool-119-thread-1] INFO  storage.RaftStorage (RaftStorageImpl.java:format(87)) - Storage directory /home/runner/work/ozone/ozone/mnt/ozone/hadoop-ozone/integration-test/target/test-dir/MiniOzoneClusterImpl-01be8073-4a30-4c07-ba69-c81900f598d5/datanode-4/data/ratis/86ab80c3-99b9-4fb4-9adb-beb3cad4bd71 has been successfully formatted.
2021-05-27 14:48:57,439 [pool-119-thread-1] INFO  ratis.ContainerStateMachine (ContainerStateMachine.java:loadSnapshot(224)) - group-BEB3CAD4BD71: The snapshot info is null. Setting the last applied indexto:(t:0, i:~)
2021-05-27 14:48:57,440 [pool-119-thread-1] INFO  server.RaftServerConfigKeys (ConfUtils.java:logGet(44)) - raft.server.notification.no-leader.timeout = 300000ms (custom)
2021-05-27 14:48:57,440 [pool-119-thread-1] INFO  server.RaftServerConfigKeys (ConfUtils.java:logGet(44)) - raft.server.log.use.memory = false (default)
2021-05-27 14:48:57,440 [pool-119-thread-1] INFO  server.RaftServerConfigKeys (ConfUtils.java:logGet(44)) - raft.server.log.purge.gap = 1000000 (custom)
2021-05-27 14:48:57,441 [pool-119-thread-1] INFO  server.RaftServerConfigKeys (ConfUtils.java:logGet(44)) - raft.server.log.appender.buffer.byte-limit = 33554432 (custom)
2021-05-27 14:48:57,441 [EventQueue-PipelineReportForOneReplicaPipelineSafeModeRule] INFO  safemode.SCMSafeModeManager (SCMSafeModeManager.java:validateSafeModeExitRules(201)) - AtleastOneDatanodeReportedRule rule is successfully validated
2021-05-27 14:48:57,441 [pool-119-thread-1] INFO  metrics.RatisMetrics (RatisMetrics.java:lambda$create$0(36)) - Creating Metrics Registry : ratis.log_worker.79a5c71d-05f9-4896-b0a5-ed7a69f27e7b@group-BEB3CAD4BD71
2021-05-27 14:48:57,441 [EventQueue-OpenPipelineForHealthyPipelineSafeModeRule] INFO  safemode.SCMSafeModeManager (HealthyPipelineSafeModeRule.java:process(130)) - SCM in safe mode. Healthy pipelines reported count is 0, required healthy pipeline reported count is 1
2021-05-27 14:48:57,444 [pool-119-thread-1] INFO  server.RaftServerConfigKeys (ConfUtils.java:logGet(44)) - raft.server.log.segment.size.max = 1048576 (custom)
2021-05-27 14:48:57,446 [pool-119-thread-1] INFO  server.RaftServerConfigKeys (ConfUtils.java:logGet(44)) - raft.server.log.segment.cache.num.max = 2 (custom)
2021-05-27 14:48:57,446 [pool-119-thread-1] INFO  server.RaftServerConfigKeys (ConfUtils.java:logGet(44)) - raft.server.log.segment.cache.size.max = 200MB (=209715200) (default)
2021-05-27 14:48:57,446 [pool-119-thread-1] INFO  segmented.SegmentedRaftLogWorker (SegmentedRaftLogWorker.java:<init>(182)) - new 79a5c71d-05f9-4896-b0a5-ed7a69f27e7b@group-BEB3CAD4BD71-SegmentedRaftLogWorker for RaftStorageImpl:Storage Directory /home/runner/work/ozone/ozone/mnt/ozone/hadoop-ozone/integration-test/target/test-dir/MiniOzoneClusterImpl-01be8073-4a30-4c07-ba69-c81900f598d5/datanode-4/data/ratis/86ab80c3-99b9-4fb4-9adb-beb3cad4bd71
2021-05-27 14:48:57,448 [pool-119-thread-1] INFO  server.RaftServerConfigKeys (ConfUtils.java:logGet(44)) - raft.server.log.queue.byte-limit = 2147483647 (custom)
2021-05-27 14:48:57,448 [pool-119-thread-1] INFO  server.RaftServerConfigKeys (ConfUtils.java:logGet(44)) - raft.server.log.queue.element-limit = 1024 (custom)
2021-05-27 14:48:57,448 [pool-119-thread-1] INFO  server.RaftServerConfigKeys (ConfUtils.java:logGet(44)) - raft.server.log.segment.size.max = 1048576 (custom)
2021-05-27 14:48:57,448 [pool-119-thread-1] INFO  server.RaftServerConfigKeys (ConfUtils.java:logGet(44)) - raft.server.log.preallocated.size = 16384 (custom)
2021-05-27 14:48:57,448 [pool-119-thread-1] INFO  server.RaftServerConfigKeys (ConfUtils.java:logGet(44)) - raft.server.log.force.sync.num = 128 (default)
2021-05-27 14:48:57,448 [pool-119-thread-1] INFO  server.RaftServerConfigKeys (ConfUtils.java:logGet(44)) - raft.server.log.statemachine.data.sync = true (default)
2021-05-27 14:48:57,448 [pool-119-thread-1] INFO  server.RaftServerConfigKeys (ConfUtils.java:logGet(44)) - raft.server.log.statemachine.data.sync.timeout = 10s (default)
2021-05-27 14:48:57,448 [pool-119-thread-1] INFO  server.RaftServerConfigKeys (ConfUtils.java:logGet(44)) - raft.server.log.statemachine.data.sync.timeout.retry = -1 (default)
2021-05-27 14:48:57,449 [pool-119-thread-1] INFO  server.RaftServerConfigKeys (ConfUtils.java:logGet(44)) - raft.server.log.write.buffer.size = 1048576 (custom)
2021-05-27 14:48:57,449 [pool-119-thread-1] INFO  server.RaftServerConfigKeys (ConfUtils.java:logGet(44)) - raft.server.log.statemachine.data.caching.enabled = true (custom)
2021-05-27 14:48:57,450 [pool-119-thread-1] INFO  segmented.SegmentedRaftLogWorker (SegmentedRaftLogWorker.java:lambda$new$0(133)) - 79a5c71d-05f9-4896-b0a5-ed7a69f27e7b@group-BEB3CAD4BD71-SegmentedRaftLogWorker: flushIndex: setUnconditionally 0 -> -1
2021-05-27 14:48:57,453 [pool-119-thread-1] INFO  segmented.SegmentedRaftLogWorker (SegmentedRaftLogWorker.java:lambda$new$0(133)) - 79a5c71d-05f9-4896-b0a5-ed7a69f27e7b@group-BEB3CAD4BD71-SegmentedRaftLogWorker: safeCacheEvictIndex: setUnconditionally 0 -> -1
2021-05-27 14:48:57,457 [pool-119-thread-1] INFO  server.RaftServerConfigKeys (ConfUtils.java:logGet(44)) - raft.server.snapshot.auto.trigger.enabled = true (custom)
2021-05-27 14:48:57,461 [pool-119-thread-1] INFO  server.RaftServerConfigKeys (ConfUtils.java:logGet(44)) - raft.server.snapshot.auto.trigger.threshold = 10000 (custom)
2021-05-27 14:48:57,461 [pool-119-thread-1] INFO  server.RaftServerConfigKeys (ConfUtils.java:logGet(44)) - raft.server.snapshot.retention.file.num = 5 (custom)
2021-05-27 14:48:57,462 [pool-119-thread-1] INFO  server.RaftServerConfigKeys (ConfUtils.java:logGet(44)) - raft.server.log.purge.upto.snapshot.index = false (default)
2021-05-27 14:48:57,462 [pool-119-thread-1] INFO  server.RaftServerConfigKeys (ConfUtils.java:logGet(44)) - raft.server.retrycache.expirytime = 600000ms (custom)
2021-05-27 14:48:57,462 [pool-119-thread-1] INFO  server.RaftServerConfigKeys (ConfUtils.java:logGet(44)) - raft.server.retrycache.statistics.expirytime = 100μs (default)
2021-05-27 14:48:57,462 [pool-119-thread-1] INFO  metrics.RatisMetrics (RatisMetrics.java:lambda$create$0(36)) - Creating Metrics Registry : ratis.leader_election.79a5c71d-05f9-4896-b0a5-ed7a69f27e7b@group-BEB3CAD4BD71
2021-05-27 14:48:57,462 [pool-119-thread-1] INFO  metrics.RatisMetrics (RatisMetrics.java:lambda$create$0(36)) - Creating Metrics Registry : ratis.server.79a5c71d-05f9-4896-b0a5-ed7a69f27e7b@group-BEB3CAD4BD71
2021-05-27 14:48:57,463 [pool-119-thread-1] INFO  server.RaftServer$Division (RaftServerImpl.java:start(295)) - 79a5c71d-05f9-4896-b0a5-ed7a69f27e7b@group-BEB3CAD4BD71: start as a follower, conf=-1: [fe96208f-f4a6-407e-8fa5-c04d11db231e|rpc:10.1.0.4:42335|priority:0, 79a5c71d-05f9-4896-b0a5-ed7a69f27e7b|rpc:10.1.0.4:37273|priority:1, 58901a56-5ead-441d-bada-0c2dcec13c3c|rpc:10.1.0.4:34635|priority:0], old=null
2021-05-27 14:48:57,468 [pool-119-thread-1] INFO  server.RaftServer$Division (RaftServerImpl.java:setRole(284)) - 79a5c71d-05f9-4896-b0a5-ed7a69f27e7b@group-BEB3CAD4BD71: changes role from      null to FOLLOWER at term 0 for startAsFollower
2021-05-27 14:48:57,469 [pool-119-thread-1] INFO  impl.RoleInfo (RoleInfo.java:updateAndGet(130)) - 79a5c71d-05f9-4896-b0a5-ed7a69f27e7b: start 79a5c71d-05f9-4896-b0a5-ed7a69f27e7b@group-BEB3CAD4BD71-FollowerState
2021-05-27 14:48:57,470 [pool-119-thread-1] INFO  util.JmxRegister (JmxRegister.java:tryRegister(44)) - Successfully registered JMX Bean with object name Ratis:service=RaftServer,group=group-BEB3CAD4BD71,id=79a5c71d-05f9-4896-b0a5-ed7a69f27e7b
2021-05-27 14:48:57,470 [pool-119-thread-1] INFO  metrics.RatisMetrics (RatisMetrics.java:lambda$create$0(36)) - Creating Metrics Registry : ratis.state_machine.79a5c71d-05f9-4896-b0a5-ed7a69f27e7b@group-BEB3CAD4BD71
2021-05-27 14:48:57,471 [Command processor thread] INFO  ratis.XceiverServerRatis (XceiverServerRatis.java:addGroup(808)) - Created group PipelineID=86ab80c3-99b9-4fb4-9adb-beb3cad4bd71
2021-05-27 14:48:57,472 [Command processor thread] INFO  metrics.RatisMetrics (RatisMetrics.java:lambda$create$0(36)) - Creating Metrics Registry : ratis.client_message_metrics.client-7D95B54B659B->58901a56-5ead-441d-bada-0c2dcec13c3c
2021-05-27 14:48:57,527 [grpc-default-executor-0] INFO  metrics.RatisMetrics (RatisMetrics.java:lambda$create$0(36)) - Creating Metrics Registry : ratis.server_message_metrics.cc66d020-3049-4c90-bc53-6b8115d82a8c
2021-05-27 14:48:57,529 [grpc-default-executor-3] INFO  metrics.RatisMetrics (RatisMetrics.java:lambda$create$0(36)) - Creating Metrics Registry : ratis.server_message_metrics.ac3fbd16-1d83-453c-852e-871f53a8d589
2021-05-27 14:48:57,541 [Command processor thread] INFO  server.RaftServer (RaftServerProxy.java:addNew(95)) - 58901a56-5ead-441d-bada-0c2dcec13c3c: addNew group-7ED80A3AE6DA:[58901a56-5ead-441d-bada-0c2dcec13c3c|rpc:10.1.0.4:34635|priority:1] returns group-7ED80A3AE6DA:java.util.concurrent.CompletableFuture@1683adda[Not completed]
2021-05-27 14:48:57,541 [grpc-default-executor-2] INFO  metrics.RatisMetrics (RatisMetrics.java:lambda$create$0(36)) - Creating Metrics Registry : ratis.server_message_metrics.58901a56-5ead-441d-bada-0c2dcec13c3c
2021-05-27 14:48:57,549 [grpc-default-executor-2] INFO  server.RaftServer (RaftServerProxy.java:addNew(95)) - 58901a56-5ead-441d-bada-0c2dcec13c3c: addNew group-BEB3CAD4BD71:[fe96208f-f4a6-407e-8fa5-c04d11db231e|rpc:10.1.0.4:42335|dataStream:|priority:0, 79a5c71d-05f9-4896-b0a5-ed7a69f27e7b|rpc:10.1.0.4:37273|dataStream:|priority:1, 58901a56-5ead-441d-bada-0c2dcec13c3c|rpc:10.1.0.4:34635|dataStream:|priority:0] returns group-BEB3CAD4BD71:java.util.concurrent.CompletableFuture@2650dedd[Not completed]
2021-05-27 14:48:57,632 [Command processor thread] INFO  metrics.RatisMetrics (RatisMetrics.java:lambda$create$0(36)) - Creating Metrics Registry : ratis.client_message_metrics.client-555330C14BD2->cc66d020-3049-4c90-bc53-6b8115d82a8c
2021-05-27 14:48:57,640 [Command processor thread] INFO  metrics.RatisMetrics (RatisMetrics.java:lambda$create$0(36)) - Creating Metrics Registry : ratis.client_message_metrics.client-FB5D630A6DB3->d3bd078d-6cea-4f12-8d62-4874212fc6f9
2021-05-27 14:48:57,641 [Command processor thread] INFO  metrics.RatisMetrics (RatisMetrics.java:lambda$create$0(36)) - Creating Metrics Registry : ratis.client_message_metrics.client-706BDBD1FFB5->d3bd078d-6cea-4f12-8d62-4874212fc6f9
2021-05-27 14:48:57,644 [Command processor thread] INFO  server.RaftServer (RaftServerProxy.java:addNew(95)) - 4028be1c-f04f-471f-a5c7-d66a385f5692: addNew group-F3A0BFBB38E1:[4028be1c-f04f-471f-a5c7-d66a385f5692|rpc:10.1.0.4:39853|priority:1] returns group-F3A0BFBB38E1:java.util.concurrent.CompletableFuture@1516c90d[Not completed]
2021-05-27 14:48:57,657 [Command processor thread] INFO  metrics.RatisMetrics (RatisMetrics.java:lambda$create$0(36)) - Creating Metrics Registry : ratis.client_message_metrics.client-3A279F0DBFB1->fe96208f-f4a6-407e-8fa5-c04d11db231e
2021-05-27 14:48:57,670 [grpc-default-executor-0] INFO  metrics.RatisMetrics (RatisMetrics.java:lambda$create$0(36)) - Creating Metrics Registry : ratis.server_message_metrics.d3bd078d-6cea-4f12-8d62-4874212fc6f9
2021-05-27 14:48:57,674 [grpc-default-executor-1] INFO  metrics.RatisMetrics (RatisMetrics.java:lambda$create$0(36)) - Creating Metrics Registry : ratis.server_message_metrics.fe96208f-f4a6-407e-8fa5-c04d11db231e
2021-05-27 14:48:57,701 [Command processor thread] INFO  commandhandler.CreatePipelineCommandHandler (CreatePipelineCommandHandler.java:handle(106)) - Created Pipeline RATIS THREE PipelineID=1041af58-6781-4304-9760-f74673522764.
2021-05-27 14:48:57,718 [Command processor thread] INFO  commandhandler.CreatePipelineCommandHandler (CreatePipelineCommandHandler.java:handle(106)) - Created Pipeline RATIS THREE PipelineID=1041af58-6781-4304-9760-f74673522764.
2021-05-27 14:48:57,720 [Command processor thread] INFO  commandhandler.CreatePipelineCommandHandler (CreatePipelineCommandHandler.java:handle(106)) - Created Pipeline RATIS THREE PipelineID=1041af58-6781-4304-9760-f74673522764.
2021-05-27 14:48:57,720 [Command processor thread] INFO  commandhandler.CreatePipelineCommandHandler (CreatePipelineCommandHandler.java:handle(106)) - Created Pipeline RATIS THREE PipelineID=86ab80c3-99b9-4fb4-9adb-beb3cad4bd71.
2021-05-27 14:48:57,725 [pool-155-thread-1] INFO  server.RaftServer$Division (RaftServerImpl.java:<init>(180)) - 4028be1c-f04f-471f-a5c7-d66a385f5692: new RaftServerImpl for group-F3A0BFBB38E1:[4028be1c-f04f-471f-a5c7-d66a385f5692|rpc:10.1.0.4:39853|priority:1] with ContainerStateMachine:uninitialized
2021-05-27 14:48:57,725 [pool-155-thread-1] INFO  server.RaftServerConfigKeys (ConfUtils.java:logGet(44)) - raft.server.rpc.timeout.min = 5s (custom)
2021-05-27 14:48:57,725 [pool-155-thread-1] INFO  server.RaftServerConfigKeys (ConfUtils.java:logGet(44)) - raft.server.rpc.timeout.max = 5200ms (custom)
2021-05-27 14:48:57,725 [pool-155-thread-1] INFO  server.RaftServerConfigKeys (ConfUtils.java:logGet(44)) - raft.server.rpc.sleep.time = 25ms (default)
2021-05-27 14:48:57,725 [pool-155-thread-1] INFO  server.RaftServerConfigKeys (ConfUtils.java:logGet(44)) - raft.server.rpc.slowness.timeout = 300000ms (custom)
2021-05-27 14:48:57,725 [pool-155-thread-1] INFO  server.RaftServerConfigKeys (ConfUtils.java:logGet(44)) - raft.server.leaderelection.leader.step-down.wait-time = 10s (default)
2021-05-27 14:48:57,725 [pool-155-thread-1] INFO  server.RaftServerConfigKeys (ConfUtils.java:logGet(44)) - raft.server.sleep.deviation.threshold = 300ms (default)
2021-05-27 14:48:57,725 [pool-155-thread-1] INFO  server.RaftServerConfigKeys (ConfUtils.java:logGet(44)) - raft.server.log.appender.install.snapshot.enabled = false (custom)
2021-05-27 14:48:57,726 [pool-137-thread-1] INFO  server.RaftServer$Division (RaftServerImpl.java:<init>(180)) - 58901a56-5ead-441d-bada-0c2dcec13c3c: new RaftServerImpl for group-7ED80A3AE6DA:[58901a56-5ead-441d-bada-0c2dcec13c3c|rpc:10.1.0.4:34635|priority:1] with ContainerStateMachine:uninitialized
2021-05-27 14:48:57,726 [pool-137-thread-1] INFO  server.RaftServerConfigKeys (ConfUtils.java:logGet(44)) - raft.server.rpc.timeout.min = 5s (custom)
2021-05-27 14:48:57,726 [pool-137-thread-1] INFO  server.RaftServerConfigKeys (ConfUtils.java:logGet(44)) - raft.server.rpc.timeout.max = 5200ms (custom)
2021-05-27 14:48:57,726 [pool-137-thread-1] INFO  server.RaftServerConfigKeys (ConfUtils.java:logGet(44)) - raft.server.rpc.sleep.time = 25ms (default)
2021-05-27 14:48:57,726 [pool-137-thread-1] INFO  server.RaftServerConfigKeys (ConfUtils.java:logGet(44)) - raft.server.rpc.slowness.timeout = 300000ms (custom)
2021-05-27 14:48:57,726 [pool-137-thread-1] INFO  server.RaftServerConfigKeys (ConfUtils.java:logGet(44)) - raft.server.leaderelection.leader.step-down.wait-time = 10s (default)
2021-05-27 14:48:57,726 [pool-137-thread-1] INFO  server.RaftServerConfigKeys (ConfUtils.java:logGet(44)) - raft.server.sleep.deviation.threshold = 300ms (default)
2021-05-27 14:48:57,726 [pool-137-thread-1] INFO  server.RaftServerConfigKeys (ConfUtils.java:logGet(44)) - raft.server.log.appender.install.snapshot.enabled = false (custom)
2021-05-27 14:48:57,726 [pool-137-thread-1] INFO  server.RaftServer$Division (ServerState.java:<init>(105)) - 58901a56-5ead-441d-bada-0c2dcec13c3c@group-7ED80A3AE6DA: ConfigurationManager, init=-1: [58901a56-5ead-441d-bada-0c2dcec13c3c|rpc:10.1.0.4:34635|priority:1], old=null, confs=<EMPTY_MAP>
2021-05-27 14:48:57,726 [pool-137-thread-1] INFO  server.RaftServerConfigKeys (ConfUtils.java:logGet(44)) - raft.server.storage.dir = [/home/runner/work/ozone/ozone/mnt/ozone/hadoop-ozone/integration-test/target/test-dir/MiniOzoneClusterImpl-01be8073-4a30-4c07-ba69-c81900f598d5/datanode-5/data/ratis] (custom)
2021-05-27 14:48:57,726 [pool-137-thread-1] INFO  server.RaftServerConfigKeys (ConfUtils.java:logGet(44)) - raft.server.log.corruption.policy = EXCEPTION (default)
2021-05-27 14:48:57,726 [pool-137-thread-1] INFO  storage.RaftStorageDirectory (RaftStorageDirectoryImpl.java:analyzeStorage(132)) - The storage directory /home/runner/work/ozone/ozone/mnt/ozone/hadoop-ozone/integration-test/target/test-dir/MiniOzoneClusterImpl-01be8073-4a30-4c07-ba69-c81900f598d5/datanode-5/data/ratis/99b00399-7e16-48f4-9863-7ed80a3ae6da does not exist. Creating ...
2021-05-27 14:48:57,727 [pool-155-thread-1] INFO  server.RaftServer$Division (ServerState.java:<init>(105)) - 4028be1c-f04f-471f-a5c7-d66a385f5692@group-F3A0BFBB38E1: ConfigurationManager, init=-1: [4028be1c-f04f-471f-a5c7-d66a385f5692|rpc:10.1.0.4:39853|priority:1], old=null, confs=<EMPTY_MAP>
2021-05-27 14:48:57,727 [pool-155-thread-1] INFO  server.RaftServerConfigKeys (ConfUtils.java:logGet(44)) - raft.server.storage.dir = [/home/runner/work/ozone/ozone/mnt/ozone/hadoop-ozone/integration-test/target/test-dir/MiniOzoneClusterImpl-01be8073-4a30-4c07-ba69-c81900f598d5/datanode-6/data/ratis] (custom)
2021-05-27 14:48:57,727 [pool-155-thread-1] INFO  server.RaftServerConfigKeys (ConfUtils.java:logGet(44)) - raft.server.log.corruption.policy = EXCEPTION (default)
2021-05-27 14:48:57,727 [pool-155-thread-1] INFO  storage.RaftStorageDirectory (RaftStorageDirectoryImpl.java:analyzeStorage(132)) - The storage directory /home/runner/work/ozone/ozone/mnt/ozone/hadoop-ozone/integration-test/target/test-dir/MiniOzoneClusterImpl-01be8073-4a30-4c07-ba69-c81900f598d5/datanode-6/data/ratis/a9620fcb-631b-4d7f-993b-f3a0bfbb38e1 does not exist. Creating ...
2021-05-27 14:48:57,728 [pool-155-thread-1] INFO  storage.RaftStorageDirectory (RaftStorageDirectoryImpl.java:tryLock(215)) - Lock on /home/runner/work/ozone/ozone/mnt/ozone/hadoop-ozone/integration-test/target/test-dir/MiniOzoneClusterImpl-01be8073-4a30-4c07-ba69-c81900f598d5/datanode-6/data/ratis/a9620fcb-631b-4d7f-993b-f3a0bfbb38e1/in_use.lock acquired by nodename 2583@fv-az270-287
2021-05-27 14:48:57,728 [pool-137-thread-1] INFO  storage.RaftStorageDirectory (RaftStorageDirectoryImpl.java:tryLock(215)) - Lock on /home/runner/work/ozone/ozone/mnt/ozone/hadoop-ozone/integration-test/target/test-dir/MiniOzoneClusterImpl-01be8073-4a30-4c07-ba69-c81900f598d5/datanode-5/data/ratis/99b00399-7e16-48f4-9863-7ed80a3ae6da/in_use.lock acquired by nodename 2583@fv-az270-287
2021-05-27 14:48:57,729 [pool-137-thread-1] INFO  storage.RaftStorage (RaftStorageImpl.java:format(87)) - Storage directory /home/runner/work/ozone/ozone/mnt/ozone/hadoop-ozone/integration-test/target/test-dir/MiniOzoneClusterImpl-01be8073-4a30-4c07-ba69-c81900f598d5/datanode-5/data/ratis/99b00399-7e16-48f4-9863-7ed80a3ae6da has been successfully formatted.
2021-05-27 14:48:57,729 [pool-137-thread-1] INFO  ratis.ContainerStateMachine (ContainerStateMachine.java:loadSnapshot(224)) - group-7ED80A3AE6DA: The snapshot info is null. Setting the last applied indexto:(t:0, i:~)
2021-05-27 14:48:57,729 [pool-137-thread-1] INFO  server.RaftServerConfigKeys (ConfUtils.java:logGet(44)) - raft.server.notification.no-leader.timeout = 300000ms (custom)
2021-05-27 14:48:57,729 [pool-137-thread-1] INFO  server.RaftServerConfigKeys (ConfUtils.java:logGet(44)) - raft.server.log.use.memory = false (default)
2021-05-27 14:48:57,730 [pool-137-thread-1] INFO  server.RaftServerConfigKeys (ConfUtils.java:logGet(44)) - raft.server.log.purge.gap = 1000000 (custom)
2021-05-27 14:48:57,730 [pool-137-thread-1] INFO  server.RaftServerConfigKeys (ConfUtils.java:logGet(44)) - raft.server.log.appender.buffer.byte-limit = 33554432 (custom)
2021-05-27 14:48:57,730 [pool-137-thread-1] INFO  metrics.RatisMetrics (RatisMetrics.java:lambda$create$0(36)) - Creating Metrics Registry : ratis.log_worker.58901a56-5ead-441d-bada-0c2dcec13c3c@group-7ED80A3AE6DA
2021-05-27 14:48:57,730 [pool-155-thread-1] INFO  storage.RaftStorage (RaftStorageImpl.java:format(87)) - Storage directory /home/runner/work/ozone/ozone/mnt/ozone/hadoop-ozone/integration-test/target/test-dir/MiniOzoneClusterImpl-01be8073-4a30-4c07-ba69-c81900f598d5/datanode-6/data/ratis/a9620fcb-631b-4d7f-993b-f3a0bfbb38e1 has been successfully formatted.
2021-05-27 14:48:57,730 [pool-155-thread-1] INFO  ratis.ContainerStateMachine (ContainerStateMachine.java:loadSnapshot(224)) - group-F3A0BFBB38E1: The snapshot info is null. Setting the last applied indexto:(t:0, i:~)
2021-05-27 14:48:57,730 [pool-155-thread-1] INFO  server.RaftServerConfigKeys (ConfUtils.java:logGet(44)) - raft.server.notification.no-leader.timeout = 300000ms (custom)
2021-05-27 14:48:57,730 [pool-155-thread-1] INFO  server.RaftServerConfigKeys (ConfUtils.java:logGet(44)) - raft.server.log.use.memory = false (default)
2021-05-27 14:48:57,730 [pool-155-thread-1] INFO  server.RaftServerConfigKeys (ConfUtils.java:logGet(44)) - raft.server.log.purge.gap = 1000000 (custom)
2021-05-27 14:48:57,730 [pool-155-thread-1] INFO  server.RaftServerConfigKeys (ConfUtils.java:logGet(44)) - raft.server.log.appender.buffer.byte-limit = 33554432 (custom)
2021-05-27 14:48:57,730 [pool-155-thread-1] INFO  metrics.RatisMetrics (RatisMetrics.java:lambda$create$0(36)) - Creating Metrics Registry : ratis.log_worker.4028be1c-f04f-471f-a5c7-d66a385f5692@group-F3A0BFBB38E1
2021-05-27 14:48:57,731 [pool-155-thread-1] INFO  server.RaftServerConfigKeys (ConfUtils.java:logGet(44)) - raft.server.log.segment.size.max = 1048576 (custom)
2021-05-27 14:48:57,731 [pool-155-thread-1] INFO  server.RaftServerConfigKeys (ConfUtils.java:logGet(44)) - raft.server.log.segment.cache.num.max = 2 (custom)
2021-05-27 14:48:57,731 [pool-155-thread-1] INFO  server.RaftServerConfigKeys (ConfUtils.java:logGet(44)) - raft.server.log.segment.cache.size.max = 200MB (=209715200) (default)
2021-05-27 14:48:57,731 [pool-155-thread-1] INFO  segmented.SegmentedRaftLogWorker (SegmentedRaftLogWorker.java:<init>(182)) - new 4028be1c-f04f-471f-a5c7-d66a385f5692@group-F3A0BFBB38E1-SegmentedRaftLogWorker for RaftStorageImpl:Storage Directory /home/runner/work/ozone/ozone/mnt/ozone/hadoop-ozone/integration-test/target/test-dir/MiniOzoneClusterImpl-01be8073-4a30-4c07-ba69-c81900f598d5/datanode-6/data/ratis/a9620fcb-631b-4d7f-993b-f3a0bfbb38e1
2021-05-27 14:48:57,731 [pool-155-thread-1] INFO  server.RaftServerConfigKeys (ConfUtils.java:logGet(44)) - raft.server.log.queue.byte-limit = 2147483647 (custom)
2021-05-27 14:48:57,731 [pool-155-thread-1] INFO  server.RaftServerConfigKeys (ConfUtils.java:logGet(44)) - raft.server.log.queue.element-limit = 1024 (custom)
2021-05-27 14:48:57,732 [pool-155-thread-1] INFO  server.RaftServerConfigKeys (ConfUtils.java:logGet(44)) - raft.server.log.segment.size.max = 1048576 (custom)
2021-05-27 14:48:57,732 [pool-155-thread-1] INFO  server.RaftServerConfigKeys (ConfUtils.java:logGet(44)) - raft.server.log.preallocated.size = 16384 (custom)
2021-05-27 14:48:57,731 [pool-137-thread-1] INFO  server.RaftServerConfigKeys (ConfUtils.java:logGet(44)) - raft.server.log.segment.size.max = 1048576 (custom)
2021-05-27 14:48:57,731 [EventQueue-PipelineReportForPipelineReportHandler] INFO  pipeline.PipelineManagerV2Impl (PipelineManagerV2Impl.java:openPipeline(270)) - Pipeline Pipeline[ Id: 99b00399-7e16-48f4-9863-7ed80a3ae6da, Nodes: 58901a56-5ead-441d-bada-0c2dcec13c3c{ip: 10.1.0.4, host: fv-az270-287.tacnzluakwdehk1hpragurqkma.bx.internal.cloudapp.net, ports: [REPLICATION=46427, RATIS=34635, RATIS_ADMIN=34635, RATIS_SERVER=34635, STANDALONE=36703], networkLocation: /default-rack, certSerialId: null, persistedOpState: IN_SERVICE, persistedOpStateExpiryEpochSec: 0}, ReplicationConfig: RATIS/ONE, State:ALLOCATED, leaderId:58901a56-5ead-441d-bada-0c2dcec13c3c, CreationTimestamp2021-05-27T14:48:54.537Z] moved to OPEN state
2021-05-27 14:48:57,731 [EventQueue-PipelineReportForOneReplicaPipelineSafeModeRule] INFO  safemode.SCMSafeModeManager (SCMSafeModeManager.java:validateSafeModeExitRules(201)) - AtleastOneDatanodeReportedRule rule is successfully validated
2021-05-27 14:48:57,732 [EventQueue-OpenPipelineForHealthyPipelineSafeModeRule] INFO  safemode.SCMSafeModeManager (HealthyPipelineSafeModeRule.java:process(130)) - SCM in safe mode. Healthy pipelines reported count is 0, required healthy pipeline reported count is 1
2021-05-27 14:48:57,733 [EventQueue-PipelineReportForOneReplicaPipelineSafeModeRule] INFO  safemode.SCMSafeModeManager (SCMSafeModeManager.java:validateSafeModeExitRules(201)) - AtleastOneDatanodeReportedRule rule is successfully validated
2021-05-27 14:48:57,733 [EventQueue-PipelineReportForPipelineReportHandler] INFO  pipeline.PipelineManagerV2Impl (PipelineManagerV2Impl.java:openPipeline(270)) - Pipeline Pipeline[ Id: a9620fcb-631b-4d7f-993b-f3a0bfbb38e1, Nodes: 4028be1c-f04f-471f-a5c7-d66a385f5692{ip: 10.1.0.4, host: fv-az270-287.tacnzluakwdehk1hpragurqkma.bx.internal.cloudapp.net, ports: [REPLICATION=38577, RATIS=39853, RATIS_ADMIN=39853, RATIS_SERVER=39853, STANDALONE=41673], networkLocation: /default-rack, certSerialId: null, persistedOpState: IN_SERVICE, persistedOpStateExpiryEpochSec: 0}, ReplicationConfig: RATIS/ONE, State:ALLOCATED, leaderId:4028be1c-f04f-471f-a5c7-d66a385f5692, CreationTimestamp2021-05-27T14:48:54.638Z] moved to OPEN state
2021-05-27 14:48:57,746 [EventQueue-OpenPipelineForHealthyPipelineSafeModeRule] INFO  safemode.SCMSafeModeManager (HealthyPipelineSafeModeRule.java:process(130)) - SCM in safe mode. Healthy pipelines reported count is 0, required healthy pipeline reported count is 1
2021-05-27 14:48:57,732 [pool-155-thread-1] INFO  server.RaftServerConfigKeys (ConfUtils.java:logGet(44)) - raft.server.log.force.sync.num = 128 (default)
2021-05-27 14:48:57,748 [pool-155-thread-1] INFO  server.RaftServerConfigKeys (ConfUtils.java:logGet(44)) - raft.server.log.statemachine.data.sync = true (default)
2021-05-27 14:48:57,748 [pool-155-thread-1] INFO  server.RaftServerConfigKeys (ConfUtils.java:logGet(44)) - raft.server.log.statemachine.data.sync.timeout = 10s (default)
2021-05-27 14:48:57,748 [pool-155-thread-1] INFO  server.RaftServerConfigKeys (ConfUtils.java:logGet(44)) - raft.server.log.statemachine.data.sync.timeout.retry = -1 (default)
2021-05-27 14:48:57,749 [pool-155-thread-1] INFO  server.RaftServerConfigKeys (ConfUtils.java:logGet(44)) - raft.server.log.write.buffer.size = 1048576 (custom)
2021-05-27 14:48:57,732 [pool-137-thread-1] INFO  server.RaftServerConfigKeys (ConfUtils.java:logGet(44)) - raft.server.log.segment.cache.num.max = 2 (custom)
2021-05-27 14:48:57,749 [pool-137-thread-1] INFO  server.RaftServerConfigKeys (ConfUtils.java:logGet(44)) - raft.server.log.segment.cache.size.max = 200MB (=209715200) (default)
2021-05-27 14:48:57,749 [pool-137-thread-1] INFO  segmented.SegmentedRaftLogWorker (SegmentedRaftLogWorker.java:<init>(182)) - new 58901a56-5ead-441d-bada-0c2dcec13c3c@group-7ED80A3AE6DA-SegmentedRaftLogWorker for RaftStorageImpl:Storage Directory /home/runner/work/ozone/ozone/mnt/ozone/hadoop-ozone/integration-test/target/test-dir/MiniOzoneClusterImpl-01be8073-4a30-4c07-ba69-c81900f598d5/datanode-5/data/ratis/99b00399-7e16-48f4-9863-7ed80a3ae6da
2021-05-27 14:48:57,749 [pool-137-thread-1] INFO  server.RaftServerConfigKeys (ConfUtils.java:logGet(44)) - raft.server.log.queue.byte-limit = 2147483647 (custom)
2021-05-27 14:48:57,749 [pool-137-thread-1] INFO  server.RaftServerConfigKeys (ConfUtils.java:logGet(44)) - raft.server.log.queue.element-limit = 1024 (custom)
2021-05-27 14:48:57,750 [pool-137-thread-1] INFO  server.RaftServerConfigKeys (ConfUtils.java:logGet(44)) - raft.server.log.segment.size.max = 1048576 (custom)
2021-05-27 14:48:57,750 [pool-137-thread-1] INFO  server.RaftServerConfigKeys (ConfUtils.java:logGet(44)) - raft.server.log.preallocated.size = 16384 (custom)
2021-05-27 14:48:57,750 [pool-155-thread-1] INFO  server.RaftServerConfigKeys (ConfUtils.java:logGet(44)) - raft.server.log.statemachine.data.caching.enabled = true (custom)
2021-05-27 14:48:57,750 [pool-155-thread-1] INFO  segmented.SegmentedRaftLogWorker (SegmentedRaftLogWorker.java:lambda$new$0(133)) - 4028be1c-f04f-471f-a5c7-d66a385f5692@group-F3A0BFBB38E1-SegmentedRaftLogWorker: flushIndex: setUnconditionally 0 -> -1
2021-05-27 14:48:57,750 [pool-155-thread-1] INFO  segmented.SegmentedRaftLogWorker (SegmentedRaftLogWorker.java:lambda$new$0(133)) - 4028be1c-f04f-471f-a5c7-d66a385f5692@group-F3A0BFBB38E1-SegmentedRaftLogWorker: safeCacheEvictIndex: setUnconditionally 0 -> -1
2021-05-27 14:48:57,750 [pool-137-thread-1] INFO  server.RaftServerConfigKeys (ConfUtils.java:logGet(44)) - raft.server.log.force.sync.num = 128 (default)
2021-05-27 14:48:57,750 [pool-137-thread-1] INFO  server.RaftServerConfigKeys (ConfUtils.java:logGet(44)) - raft.server.log.statemachine.data.sync = true (default)
2021-05-27 14:48:57,750 [pool-137-thread-1] INFO  server.RaftServerConfigKeys (ConfUtils.java:logGet(44)) - raft.server.log.statemachine.data.sync.timeout = 10s (default)
2021-05-27 14:48:57,750 [pool-137-thread-1] INFO  server.RaftServerConfigKeys (ConfUtils.java:logGet(44)) - raft.server.log.statemachine.data.sync.timeout.retry = -1 (default)
2021-05-27 14:48:57,750 [pool-155-thread-1] INFO  server.RaftServerConfigKeys (ConfUtils.java:logGet(44)) - raft.server.snapshot.auto.trigger.enabled = true (custom)
2021-05-27 14:48:57,750 [pool-155-thread-1] INFO  server.RaftServerConfigKeys (ConfUtils.java:logGet(44)) - raft.server.snapshot.auto.trigger.threshold = 10000 (custom)
2021-05-27 14:48:57,750 [pool-155-thread-1] INFO  server.RaftServerConfigKeys (ConfUtils.java:logGet(44)) - raft.server.snapshot.retention.file.num = 5 (custom)
2021-05-27 14:48:57,750 [pool-155-thread-1] INFO  server.RaftServerConfigKeys (ConfUtils.java:logGet(44)) - raft.server.log.purge.upto.snapshot.index = false (default)
2021-05-27 14:48:57,750 [pool-155-thread-1] INFO  server.RaftServerConfigKeys (ConfUtils.java:logGet(44)) - raft.server.retrycache.expirytime = 600000ms (custom)
2021-05-27 14:48:57,750 [pool-155-thread-1] INFO  server.RaftServerConfigKeys (ConfUtils.java:logGet(44)) - raft.server.retrycache.statistics.expirytime = 100μs (default)
2021-05-27 14:48:57,751 [pool-155-thread-1] INFO  metrics.RatisMetrics (RatisMetrics.java:lambda$create$0(36)) - Creating Metrics Registry : ratis.leader_election.4028be1c-f04f-471f-a5c7-d66a385f5692@group-F3A0BFBB38E1
2021-05-27 14:48:57,751 [pool-155-thread-1] INFO  metrics.RatisMetrics (RatisMetrics.java:lambda$create$0(36)) - Creating Metrics Registry : ratis.server.4028be1c-f04f-471f-a5c7-d66a385f5692@group-F3A0BFBB38E1
2021-05-27 14:48:57,752 [pool-155-thread-1] INFO  server.RaftServer$Division (RaftServerImpl.java:start(295)) - 4028be1c-f04f-471f-a5c7-d66a385f5692@group-F3A0BFBB38E1: start as a follower, conf=-1: [4028be1c-f04f-471f-a5c7-d66a385f5692|rpc:10.1.0.4:39853|priority:1], old=null
2021-05-27 14:48:57,752 [pool-155-thread-1] INFO  server.RaftServer$Division (RaftServerImpl.java:setRole(284)) - 4028be1c-f04f-471f-a5c7-d66a385f5692@group-F3A0BFBB38E1: changes role from      null to FOLLOWER at term 0 for startAsFollower
2021-05-27 14:48:57,752 [pool-155-thread-1] INFO  impl.RoleInfo (RoleInfo.java:updateAndGet(130)) - 4028be1c-f04f-471f-a5c7-d66a385f5692: start 4028be1c-f04f-471f-a5c7-d66a385f5692@group-F3A0BFBB38E1-FollowerState
2021-05-27 14:48:57,752 [pool-155-thread-1] INFO  util.JmxRegister (JmxRegister.java:tryRegister(44)) - Successfully registered JMX Bean with object name Ratis:service=RaftServer,group=group-F3A0BFBB38E1,id=4028be1c-f04f-471f-a5c7-d66a385f5692
2021-05-27 14:48:57,752 [pool-155-thread-1] INFO  metrics.RatisMetrics (RatisMetrics.java:lambda$create$0(36)) - Creating Metrics Registry : ratis.state_machine.4028be1c-f04f-471f-a5c7-d66a385f5692@group-F3A0BFBB38E1
2021-05-27 14:48:57,759 [pool-137-thread-1] INFO  server.RaftServerConfigKeys (ConfUtils.java:logGet(44)) - raft.server.log.write.buffer.size = 1048576 (custom)
2021-05-27 14:48:57,759 [pool-137-thread-1] INFO  server.RaftServerConfigKeys (ConfUtils.java:logGet(44)) - raft.server.log.statemachine.data.caching.enabled = true (custom)
2021-05-27 14:48:57,759 [pool-137-thread-1] INFO  segmented.SegmentedRaftLogWorker (SegmentedRaftLogWorker.java:lambda$new$0(133)) - 58901a56-5ead-441d-bada-0c2dcec13c3c@group-7ED80A3AE6DA-SegmentedRaftLogWorker: flushIndex: setUnconditionally 0 -> -1
2021-05-27 14:48:57,759 [pool-137-thread-1] INFO  segmented.SegmentedRaftLogWorker (SegmentedRaftLogWorker.java:lambda$new$0(133)) - 58901a56-5ead-441d-bada-0c2dcec13c3c@group-7ED80A3AE6DA-SegmentedRaftLogWorker: safeCacheEvictIndex: setUnconditionally 0 -> -1
2021-05-27 14:48:57,759 [Command processor thread] INFO  ratis.XceiverServerRatis (XceiverServerRatis.java:addGroup(808)) - Created group PipelineID=a9620fcb-631b-4d7f-993b-f3a0bfbb38e1
2021-05-27 14:48:57,760 [Command processor thread] INFO  commandhandler.CreatePipelineCommandHandler (CreatePipelineCommandHandler.java:handle(106)) - Created Pipeline RATIS ONE PipelineID=a9620fcb-631b-4d7f-993b-f3a0bfbb38e1.
2021-05-27 14:48:57,761 [pool-137-thread-1] INFO  server.RaftServerConfigKeys (ConfUtils.java:logGet(44)) - raft.server.snapshot.auto.trigger.enabled = true (custom)
2021-05-27 14:48:57,761 [pool-137-thread-1] INFO  server.RaftServerConfigKeys (ConfUtils.java:logGet(44)) - raft.server.snapshot.auto.trigger.threshold = 10000 (custom)
2021-05-27 14:48:57,761 [pool-137-thread-1] INFO  server.RaftServerConfigKeys (ConfUtils.java:logGet(44)) - raft.server.snapshot.retention.file.num = 5 (custom)
2021-05-27 14:48:57,761 [pool-137-thread-1] INFO  server.RaftServerConfigKeys (ConfUtils.java:logGet(44)) - raft.server.log.purge.upto.snapshot.index = false (default)
2021-05-27 14:48:57,761 [pool-137-thread-1] INFO  server.RaftServerConfigKeys (ConfUtils.java:logGet(44)) - raft.server.retrycache.expirytime = 600000ms (custom)
2021-05-27 14:48:57,761 [pool-137-thread-1] INFO  server.RaftServerConfigKeys (ConfUtils.java:logGet(44)) - raft.server.retrycache.statistics.expirytime = 100μs (default)
2021-05-27 14:48:57,761 [pool-137-thread-1] INFO  metrics.RatisMetrics (RatisMetrics.java:lambda$create$0(36)) - Creating Metrics Registry : ratis.leader_election.58901a56-5ead-441d-bada-0c2dcec13c3c@group-7ED80A3AE6DA
2021-05-27 14:48:57,762 [pool-137-thread-1] INFO  metrics.RatisMetrics (RatisMetrics.java:lambda$create$0(36)) - Creating Metrics Registry : ratis.server.58901a56-5ead-441d-bada-0c2dcec13c3c@group-7ED80A3AE6DA
2021-05-27 14:48:57,763 [pool-137-thread-1] INFO  server.RaftServer$Division (RaftServerImpl.java:<init>(180)) - 58901a56-5ead-441d-bada-0c2dcec13c3c: new RaftServerImpl for group-BEB3CAD4BD71:[fe96208f-f4a6-407e-8fa5-c04d11db231e|rpc:10.1.0.4:42335|dataStream:|priority:0, 79a5c71d-05f9-4896-b0a5-ed7a69f27e7b|rpc:10.1.0.4:37273|dataStream:|priority:1, 58901a56-5ead-441d-bada-0c2dcec13c3c|rpc:10.1.0.4:34635|dataStream:|priority:0] with ContainerStateMachine:uninitialized
2021-05-27 14:48:57,763 [pool-137-thread-1] INFO  server.RaftServerConfigKeys (ConfUtils.java:logGet(44)) - raft.server.rpc.timeout.min = 5s (custom)
2021-05-27 14:48:57,763 [pool-137-thread-1] INFO  server.RaftServerConfigKeys (ConfUtils.java:logGet(44)) - raft.server.rpc.timeout.max = 5200ms (custom)
2021-05-27 14:48:57,763 [pool-137-thread-1] INFO  server.RaftServerConfigKeys (ConfUtils.java:logGet(44)) - raft.server.rpc.sleep.time = 25ms (default)
2021-05-27 14:48:57,763 [pool-137-thread-1] INFO  server.RaftServerConfigKeys (ConfUtils.java:logGet(44)) - raft.server.rpc.slowness.timeout = 300000ms (custom)
2021-05-27 14:48:57,763 [pool-137-thread-1] INFO  server.RaftServerConfigKeys (ConfUtils.java:logGet(44)) - raft.server.leaderelection.leader.step-down.wait-time = 10s (default)
2021-05-27 14:48:57,763 [pool-137-thread-1] INFO  server.RaftServerConfigKeys (ConfUtils.java:logGet(44)) - raft.server.sleep.deviation.threshold = 300ms (default)
2021-05-27 14:48:57,763 [pool-137-thread-1] INFO  server.RaftServerConfigKeys (ConfUtils.java:logGet(44)) - raft.server.log.appender.install.snapshot.enabled = false (custom)
2021-05-27 14:48:57,763 [pool-137-thread-1] INFO  server.RaftServer$Division (ServerState.java:<init>(105)) - 58901a56-5ead-441d-bada-0c2dcec13c3c@group-BEB3CAD4BD71: ConfigurationManager, init=-1: [fe96208f-f4a6-407e-8fa5-c04d11db231e|rpc:10.1.0.4:42335|dataStream:|priority:0, 79a5c71d-05f9-4896-b0a5-ed7a69f27e7b|rpc:10.1.0.4:37273|dataStream:|priority:1, 58901a56-5ead-441d-bada-0c2dcec13c3c|rpc:10.1.0.4:34635|dataStream:|priority:0], old=null, confs=<EMPTY_MAP>
2021-05-27 14:48:57,764 [pool-137-thread-1] INFO  server.RaftServerConfigKeys (ConfUtils.java:logGet(44)) - raft.server.storage.dir = [/home/runner/work/ozone/ozone/mnt/ozone/hadoop-ozone/integration-test/target/test-dir/MiniOzoneClusterImpl-01be8073-4a30-4c07-ba69-c81900f598d5/datanode-5/data/ratis] (custom)
2021-05-27 14:48:57,764 [pool-137-thread-1] INFO  server.RaftServerConfigKeys (ConfUtils.java:logGet(44)) - raft.server.log.corruption.policy = EXCEPTION (default)
2021-05-27 14:48:57,764 [pool-137-thread-1] INFO  storage.RaftStorageDirectory (RaftStorageDirectoryImpl.java:analyzeStorage(132)) - The storage directory /home/runner/work/ozone/ozone/mnt/ozone/hadoop-ozone/integration-test/target/test-dir/MiniOzoneClusterImpl-01be8073-4a30-4c07-ba69-c81900f598d5/datanode-5/data/ratis/86ab80c3-99b9-4fb4-9adb-beb3cad4bd71 does not exist. Creating ...
2021-05-27 14:48:57,764 [Command processor thread] INFO  server.RaftServer (RaftServerProxy.java:addNew(95)) - 4028be1c-f04f-471f-a5c7-d66a385f5692: addNew group-BD86B44502A1:[8e6df144-c6f6-43b2-a2f1-262f0d8e0594|rpc:10.1.0.4:35723|priority:0, c80f2544-efc8-492a-83e4-5b8bcbed7eb8|rpc:10.1.0.4:35561|priority:1, 4028be1c-f04f-471f-a5c7-d66a385f5692|rpc:10.1.0.4:39853|priority:0] returns group-BD86B44502A1:java.util.concurrent.CompletableFuture@11295f77[Not completed]
2021-05-27 14:48:57,765 [pool-155-thread-1] INFO  server.RaftServer$Division (RaftServerImpl.java:<init>(180)) - 4028be1c-f04f-471f-a5c7-d66a385f5692: new RaftServerImpl for group-BD86B44502A1:[8e6df144-c6f6-43b2-a2f1-262f0d8e0594|rpc:10.1.0.4:35723|priority:0, c80f2544-efc8-492a-83e4-5b8bcbed7eb8|rpc:10.1.0.4:35561|priority:1, 4028be1c-f04f-471f-a5c7-d66a385f5692|rpc:10.1.0.4:39853|priority:0] with ContainerStateMachine:uninitialized
2021-05-27 14:48:57,765 [pool-155-thread-1] INFO  server.RaftServerConfigKeys (ConfUtils.java:logGet(44)) - raft.server.rpc.timeout.min = 5s (custom)
2021-05-27 14:48:57,765 [pool-155-thread-1] INFO  server.RaftServerConfigKeys (ConfUtils.java:logGet(44)) - raft.server.rpc.timeout.max = 5200ms (custom)
2021-05-27 14:48:57,765 [pool-155-thread-1] INFO  server.RaftServerConfigKeys (ConfUtils.java:logGet(44)) - raft.server.rpc.sleep.time = 25ms (default)
2021-05-27 14:48:57,765 [pool-155-thread-1] INFO  server.RaftServerConfigKeys (ConfUtils.java:logGet(44)) - raft.server.rpc.slowness.timeout = 300000ms (custom)
2021-05-27 14:48:57,765 [pool-155-thread-1] INFO  server.RaftServerConfigKeys (ConfUtils.java:logGet(44)) - raft.server.leaderelection.leader.step-down.wait-time = 10s (default)
2021-05-27 14:48:57,765 [pool-155-thread-1] INFO  server.RaftServerConfigKeys (ConfUtils.java:logGet(44)) - raft.server.sleep.deviation.threshold = 300ms (default)
2021-05-27 14:48:57,765 [pool-155-thread-1] INFO  server.RaftServerConfigKeys (ConfUtils.java:logGet(44)) - raft.server.log.appender.install.snapshot.enabled = false (custom)
2021-05-27 14:48:57,765 [pool-155-thread-1] INFO  server.RaftServer$Division (ServerState.java:<init>(105)) - 4028be1c-f04f-471f-a5c7-d66a385f5692@group-BD86B44502A1: ConfigurationManager, init=-1: [8e6df144-c6f6-43b2-a2f1-262f0d8e0594|rpc:10.1.0.4:35723|priority:0, c80f2544-efc8-492a-83e4-5b8bcbed7eb8|rpc:10.1.0.4:35561|priority:1, 4028be1c-f04f-471f-a5c7-d66a385f5692|rpc:10.1.0.4:39853|priority:0], old=null, confs=<EMPTY_MAP>
2021-05-27 14:48:57,765 [pool-155-thread-1] INFO  server.RaftServerConfigKeys (ConfUtils.java:logGet(44)) - raft.server.storage.dir = [/home/runner/work/ozone/ozone/mnt/ozone/hadoop-ozone/integration-test/target/test-dir/MiniOzoneClusterImpl-01be8073-4a30-4c07-ba69-c81900f598d5/datanode-6/data/ratis] (custom)
2021-05-27 14:48:57,765 [pool-137-thread-1] INFO  storage.RaftStorageDirectory (RaftStorageDirectoryImpl.java:tryLock(215)) - Lock on /home/runner/work/ozone/ozone/mnt/ozone/hadoop-ozone/integration-test/target/test-dir/MiniOzoneClusterImpl-01be8073-4a30-4c07-ba69-c81900f598d5/datanode-5/data/ratis/86ab80c3-99b9-4fb4-9adb-beb3cad4bd71/in_use.lock acquired by nodename 2583@fv-az270-287
2021-05-27 14:48:57,765 [pool-155-thread-1] INFO  server.RaftServerConfigKeys (ConfUtils.java:logGet(44)) - raft.server.log.corruption.policy = EXCEPTION (default)
2021-05-27 14:48:57,765 [pool-155-thread-1] INFO  storage.RaftStorageDirectory (RaftStorageDirectoryImpl.java:analyzeStorage(132)) - The storage directory /home/runner/work/ozone/ozone/mnt/ozone/hadoop-ozone/integration-test/target/test-dir/MiniOzoneClusterImpl-01be8073-4a30-4c07-ba69-c81900f598d5/datanode-6/data/ratis/92661cd8-1084-46f9-bbf0-bd86b44502a1 does not exist. Creating ...
2021-05-27 14:48:57,766 [pool-155-thread-1] INFO  storage.RaftStorageDirectory (RaftStorageDirectoryImpl.java:tryLock(215)) - Lock on /home/runner/work/ozone/ozone/mnt/ozone/hadoop-ozone/integration-test/target/test-dir/MiniOzoneClusterImpl-01be8073-4a30-4c07-ba69-c81900f598d5/datanode-6/data/ratis/92661cd8-1084-46f9-bbf0-bd86b44502a1/in_use.lock acquired by nodename 2583@fv-az270-287
2021-05-27 14:48:57,766 [pool-137-thread-1] INFO  storage.RaftStorage (RaftStorageImpl.java:format(87)) - Storage directory /home/runner/work/ozone/ozone/mnt/ozone/hadoop-ozone/integration-test/target/test-dir/MiniOzoneClusterImpl-01be8073-4a30-4c07-ba69-c81900f598d5/datanode-5/data/ratis/86ab80c3-99b9-4fb4-9adb-beb3cad4bd71 has been successfully formatted.
2021-05-27 14:48:57,767 [pool-137-thread-1] INFO  ratis.ContainerStateMachine (ContainerStateMachine.java:loadSnapshot(224)) - group-BEB3CAD4BD71: The snapshot info is null. Setting the last applied indexto:(t:0, i:~)
2021-05-27 14:48:57,768 [pool-137-thread-1] INFO  server.RaftServerConfigKeys (ConfUtils.java:logGet(44)) - raft.server.notification.no-leader.timeout = 300000ms (custom)
2021-05-27 14:48:57,768 [pool-137-thread-1] INFO  server.RaftServerConfigKeys (ConfUtils.java:logGet(44)) - raft.server.log.use.memory = false (default)
2021-05-27 14:48:57,768 [pool-137-thread-1] INFO  server.RaftServerConfigKeys (ConfUtils.java:logGet(44)) - raft.server.log.purge.gap = 1000000 (custom)
2021-05-27 14:48:57,768 [pool-137-thread-1] INFO  server.RaftServerConfigKeys (ConfUtils.java:logGet(44)) - raft.server.log.appender.buffer.byte-limit = 33554432 (custom)
2021-05-27 14:48:57,768 [pool-137-thread-1] INFO  metrics.RatisMetrics (RatisMetrics.java:lambda$create$0(36)) - Creating Metrics Registry : ratis.log_worker.58901a56-5ead-441d-bada-0c2dcec13c3c@group-BEB3CAD4BD71
2021-05-27 14:48:57,768 [EventQueue-OpenPipelineForHealthyPipelineSafeModeRule] INFO  safemode.SCMSafeModeManager (HealthyPipelineSafeModeRule.java:process(130)) - SCM in safe mode. Healthy pipelines reported count is 0, required healthy pipeline reported count is 1
2021-05-27 14:48:57,768 [EventQueue-PipelineReportForOneReplicaPipelineSafeModeRule] INFO  safemode.SCMSafeModeManager (SCMSafeModeManager.java:validateSafeModeExitRules(201)) - AtleastOneDatanodeReportedRule rule is successfully validated
2021-05-27 14:48:57,769 [pool-137-thread-1] INFO  server.RaftServerConfigKeys (ConfUtils.java:logGet(44)) - raft.server.log.segment.size.max = 1048576 (custom)
2021-05-27 14:48:57,769 [pool-155-thread-1] INFO  storage.RaftStorage (RaftStorageImpl.java:format(87)) - Storage directory /home/runner/work/ozone/ozone/mnt/ozone/hadoop-ozone/integration-test/target/test-dir/MiniOzoneClusterImpl-01be8073-4a30-4c07-ba69-c81900f598d5/datanode-6/data/ratis/92661cd8-1084-46f9-bbf0-bd86b44502a1 has been successfully formatted.
2021-05-27 14:48:57,770 [pool-155-thread-1] INFO  ratis.ContainerStateMachine (ContainerStateMachine.java:loadSnapshot(224)) - group-BD86B44502A1: The snapshot info is null. Setting the last applied indexto:(t:0, i:~)
2021-05-27 14:48:57,771 [pool-155-thread-1] INFO  server.RaftServerConfigKeys (ConfUtils.java:logGet(44)) - raft.server.notification.no-leader.timeout = 300000ms (custom)
2021-05-27 14:48:57,771 [pool-155-thread-1] INFO  server.RaftServerConfigKeys (ConfUtils.java:logGet(44)) - raft.server.log.use.memory = false (default)
2021-05-27 14:48:57,771 [pool-155-thread-1] INFO  server.RaftServerConfigKeys (ConfUtils.java:logGet(44)) - raft.server.log.purge.gap = 1000000 (custom)
2021-05-27 14:48:57,771 [pool-155-thread-1] INFO  server.RaftServerConfigKeys (ConfUtils.java:logGet(44)) - raft.server.log.appender.buffer.byte-limit = 33554432 (custom)
2021-05-27 14:48:57,771 [pool-155-thread-1] INFO  metrics.RatisMetrics (RatisMetrics.java:lambda$create$0(36)) - Creating Metrics Registry : ratis.log_worker.4028be1c-f04f-471f-a5c7-d66a385f5692@group-BD86B44502A1
2021-05-27 14:48:57,771 [pool-155-thread-1] INFO  server.RaftServerConfigKeys (ConfUtils.java:logGet(44)) - raft.server.log.segment.size.max = 1048576 (custom)
2021-05-27 14:48:57,772 [pool-155-thread-1] INFO  server.RaftServerConfigKeys (ConfUtils.java:logGet(44)) - raft.server.log.segment.cache.num.max = 2 (custom)
2021-05-27 14:48:57,772 [pool-155-thread-1] INFO  server.RaftServerConfigKeys (ConfUtils.java:logGet(44)) - raft.server.log.segment.cache.size.max = 200MB (=209715200) (default)
2021-05-27 14:48:57,772 [pool-155-thread-1] INFO  segmented.SegmentedRaftLogWorker (SegmentedRaftLogWorker.java:<init>(182)) - new 4028be1c-f04f-471f-a5c7-d66a385f5692@group-BD86B44502A1-SegmentedRaftLogWorker for RaftStorageImpl:Storage Directory /home/runner/work/ozone/ozone/mnt/ozone/hadoop-ozone/integration-test/target/test-dir/MiniOzoneClusterImpl-01be8073-4a30-4c07-ba69-c81900f598d5/datanode-6/data/ratis/92661cd8-1084-46f9-bbf0-bd86b44502a1
2021-05-27 14:48:57,772 [pool-155-thread-1] INFO  server.RaftServerConfigKeys (ConfUtils.java:logGet(44)) - raft.server.log.queue.byte-limit = 2147483647 (custom)
2021-05-27 14:48:57,772 [pool-155-thread-1] INFO  server.RaftServerConfigKeys (ConfUtils.java:logGet(44)) - raft.server.log.queue.element-limit = 1024 (custom)
2021-05-27 14:48:57,772 [pool-155-thread-1] INFO  server.RaftServerConfigKeys (ConfUtils.java:logGet(44)) - raft.server.log.segment.size.max = 1048576 (custom)
2021-05-27 14:48:57,772 [pool-155-thread-1] INFO  server.RaftServerConfigKeys (ConfUtils.java:logGet(44)) - raft.server.log.preallocated.size = 16384 (custom)
2021-05-27 14:48:57,772 [pool-155-thread-1] INFO  server.RaftServerConfigKeys (ConfUtils.java:logGet(44)) - raft.server.log.force.sync.num = 128 (default)
2021-05-27 14:48:57,772 [pool-155-thread-1] INFO  server.RaftServerConfigKeys (ConfUtils.java:logGet(44)) - raft.server.log.statemachine.data.sync = true (default)
2021-05-27 14:48:57,772 [pool-155-thread-1] INFO  server.RaftServerConfigKeys (ConfUtils.java:logGet(44)) - raft.server.log.statemachine.data.sync.timeout = 10s (default)
2021-05-27 14:48:57,772 [pool-155-thread-1] INFO  server.RaftServerConfigKeys (ConfUtils.java:logGet(44)) - raft.server.log.statemachine.data.sync.timeout.retry = -1 (default)
2021-05-27 14:48:57,773 [pool-155-thread-1] INFO  server.RaftServerConfigKeys (ConfUtils.java:logGet(44)) - raft.server.log.write.buffer.size = 1048576 (custom)
2021-05-27 14:48:57,773 [pool-155-thread-1] INFO  server.RaftServerConfigKeys (ConfUtils.java:logGet(44)) - raft.server.log.statemachine.data.caching.enabled = true (custom)
2021-05-27 14:48:57,773 [pool-155-thread-1] INFO  segmented.SegmentedRaftLogWorker (SegmentedRaftLogWorker.java:lambda$new$0(133)) - 4028be1c-f04f-471f-a5c7-d66a385f5692@group-BD86B44502A1-SegmentedRaftLogWorker: flushIndex: setUnconditionally 0 -> -1
2021-05-27 14:48:57,775 [pool-155-thread-1] INFO  segmented.SegmentedRaftLogWorker (SegmentedRaftLogWorker.java:lambda$new$0(133)) - 4028be1c-f04f-471f-a5c7-d66a385f5692@group-BD86B44502A1-SegmentedRaftLogWorker: safeCacheEvictIndex: setUnconditionally 0 -> -1
2021-05-27 14:48:57,770 [pool-137-thread-1] INFO  server.RaftServerConfigKeys (ConfUtils.java:logGet(44)) - raft.server.log.segment.cache.num.max = 2 (custom)
2021-05-27 14:48:57,774 [EventQueue-OpenPipelineForHealthyPipelineSafeModeRule] INFO  safemode.SCMSafeModeManager (HealthyPipelineSafeModeRule.java:process(130)) - SCM in safe mode. Healthy pipelines reported count is 0, required healthy pipeline reported count is 1
2021-05-27 14:48:57,774 [EventQueue-PipelineReportForOneReplicaPipelineSafeModeRule] INFO  safemode.SCMSafeModeManager (SCMSafeModeManager.java:validateSafeModeExitRules(201)) - AtleastOneDatanodeReportedRule rule is successfully validated
2021-05-27 14:48:57,777 [pool-137-thread-1] INFO  server.RaftServerConfigKeys (ConfUtils.java:logGet(44)) - raft.server.log.segment.cache.size.max = 200MB (=209715200) (default)
2021-05-27 14:48:57,777 [pool-137-thread-1] INFO  segmented.SegmentedRaftLogWorker (SegmentedRaftLogWorker.java:<init>(182)) - new 58901a56-5ead-441d-bada-0c2dcec13c3c@group-BEB3CAD4BD71-SegmentedRaftLogWorker for RaftStorageImpl:Storage Directory /home/runner/work/ozone/ozone/mnt/ozone/hadoop-ozone/integration-test/target/test-dir/MiniOzoneClusterImpl-01be8073-4a30-4c07-ba69-c81900f598d5/datanode-5/data/ratis/86ab80c3-99b9-4fb4-9adb-beb3cad4bd71
2021-05-27 14:48:57,777 [pool-137-thread-1] INFO  server.RaftServerConfigKeys (ConfUtils.java:logGet(44)) - raft.server.log.queue.byte-limit = 2147483647 (custom)
2021-05-27 14:48:57,777 [pool-137-thread-1] INFO  server.RaftServerConfigKeys (ConfUtils.java:logGet(44)) - raft.server.log.queue.element-limit = 1024 (custom)
2021-05-27 14:48:57,777 [pool-137-thread-1] INFO  server.RaftServerConfigKeys (ConfUtils.java:logGet(44)) - raft.server.log.segment.size.max = 1048576 (custom)
2021-05-27 14:48:57,777 [pool-137-thread-1] INFO  server.RaftServerConfigKeys (ConfUtils.java:logGet(44)) - raft.server.log.preallocated.size = 16384 (custom)
2021-05-27 14:48:57,777 [pool-137-thread-1] INFO  server.RaftServerConfigKeys (ConfUtils.java:logGet(44)) - raft.server.log.force.sync.num = 128 (default)
2021-05-27 14:48:57,777 [pool-137-thread-1] INFO  server.RaftServerConfigKeys (ConfUtils.java:logGet(44)) - raft.server.log.statemachine.data.sync = true (default)
2021-05-27 14:48:57,777 [pool-137-thread-1] INFO  server.RaftServerConfigKeys (ConfUtils.java:logGet(44)) - raft.server.log.statemachine.data.sync.timeout = 10s (default)
2021-05-27 14:48:57,777 [pool-137-thread-1] INFO  server.RaftServerConfigKeys (ConfUtils.java:logGet(44)) - raft.server.log.statemachine.data.sync.timeout.retry = -1 (default)
2021-05-27 14:48:57,778 [pool-155-thread-1] INFO  server.RaftServerConfigKeys (ConfUtils.java:logGet(44)) - raft.server.snapshot.auto.trigger.enabled = true (custom)
2021-05-27 14:48:57,778 [pool-155-thread-1] INFO  server.RaftServerConfigKeys (ConfUtils.java:logGet(44)) - raft.server.snapshot.auto.trigger.threshold = 10000 (custom)
2021-05-27 14:48:57,778 [pool-155-thread-1] INFO  server.RaftServerConfigKeys (ConfUtils.java:logGet(44)) - raft.server.snapshot.retention.file.num = 5 (custom)
2021-05-27 14:48:57,778 [pool-155-thread-1] INFO  server.RaftServerConfigKeys (ConfUtils.java:logGet(44)) - raft.server.log.purge.upto.snapshot.index = false (default)
2021-05-27 14:48:57,778 [pool-155-thread-1] INFO  server.RaftServerConfigKeys (ConfUtils.java:logGet(44)) - raft.server.retrycache.expirytime = 600000ms (custom)
2021-05-27 14:48:57,778 [pool-155-thread-1] INFO  server.RaftServerConfigKeys (ConfUtils.java:logGet(44)) - raft.server.retrycache.statistics.expirytime = 100μs (default)
2021-05-27 14:48:57,778 [pool-155-thread-1] INFO  metrics.RatisMetrics (RatisMetrics.java:lambda$create$0(36)) - Creating Metrics Registry : ratis.leader_election.4028be1c-f04f-471f-a5c7-d66a385f5692@group-BD86B44502A1
2021-05-27 14:48:57,778 [pool-155-thread-1] INFO  metrics.RatisMetrics (RatisMetrics.java:lambda$create$0(36)) - Creating Metrics Registry : ratis.server.4028be1c-f04f-471f-a5c7-d66a385f5692@group-BD86B44502A1
2021-05-27 14:48:57,779 [pool-155-thread-1] INFO  server.RaftServer$Division (RaftServerImpl.java:start(295)) - 4028be1c-f04f-471f-a5c7-d66a385f5692@group-BD86B44502A1: start as a follower, conf=-1: [8e6df144-c6f6-43b2-a2f1-262f0d8e0594|rpc:10.1.0.4:35723|priority:0, c80f2544-efc8-492a-83e4-5b8bcbed7eb8|rpc:10.1.0.4:35561|priority:1, 4028be1c-f04f-471f-a5c7-d66a385f5692|rpc:10.1.0.4:39853|priority:0], old=null
2021-05-27 14:48:57,779 [pool-155-thread-1] INFO  server.RaftServer$Division (RaftServerImpl.java:setRole(284)) - 4028be1c-f04f-471f-a5c7-d66a385f5692@group-BD86B44502A1: changes role from      null to FOLLOWER at term 0 for startAsFollower
2021-05-27 14:48:57,779 [pool-155-thread-1] INFO  impl.RoleInfo (RoleInfo.java:updateAndGet(130)) - 4028be1c-f04f-471f-a5c7-d66a385f5692: start 4028be1c-f04f-471f-a5c7-d66a385f5692@group-BD86B44502A1-FollowerState
2021-05-27 14:48:57,780 [pool-137-thread-1] INFO  server.RaftServerConfigKeys (ConfUtils.java:logGet(44)) - raft.server.log.write.buffer.size = 1048576 (custom)
2021-05-27 14:48:57,780 [pool-137-thread-1] INFO  server.RaftServerConfigKeys (ConfUtils.java:logGet(44)) - raft.server.log.statemachine.data.caching.enabled = true (custom)
2021-05-27 14:48:57,781 [pool-137-thread-1] INFO  segmented.SegmentedRaftLogWorker (SegmentedRaftLogWorker.java:lambda$new$0(133)) - 58901a56-5ead-441d-bada-0c2dcec13c3c@group-BEB3CAD4BD71-SegmentedRaftLogWorker: flushIndex: setUnconditionally 0 -> -1
2021-05-27 14:48:57,781 [pool-137-thread-1] INFO  segmented.SegmentedRaftLogWorker (SegmentedRaftLogWorker.java:lambda$new$0(133)) - 58901a56-5ead-441d-bada-0c2dcec13c3c@group-BEB3CAD4BD71-SegmentedRaftLogWorker: safeCacheEvictIndex: setUnconditionally 0 -> -1
2021-05-27 14:48:57,785 [pool-155-thread-1] INFO  util.JmxRegister (JmxRegister.java:tryRegister(44)) - Successfully registered JMX Bean with object name Ratis:service=RaftServer,group=group-BD86B44502A1,id=4028be1c-f04f-471f-a5c7-d66a385f5692
2021-05-27 14:48:57,785 [pool-155-thread-1] INFO  metrics.RatisMetrics (RatisMetrics.java:lambda$create$0(36)) - Creating Metrics Registry : ratis.state_machine.4028be1c-f04f-471f-a5c7-d66a385f5692@group-BD86B44502A1
2021-05-27 14:48:57,790 [Command processor thread] INFO  ratis.XceiverServerRatis (XceiverServerRatis.java:addGroup(808)) - Created group PipelineID=92661cd8-1084-46f9-bbf0-bd86b44502a1
2021-05-27 14:48:57,791 [Command processor thread] INFO  server.RaftServer (RaftServerProxy.java:addNew(95)) - 8e6df144-c6f6-43b2-a2f1-262f0d8e0594: addNew group-D89EB04E674D:[8e6df144-c6f6-43b2-a2f1-262f0d8e0594|rpc:10.1.0.4:35723|priority:1] returns group-D89EB04E674D:java.util.concurrent.CompletableFuture@7c108257[Not completed]
2021-05-27 14:48:57,791 [pool-137-thread-1] INFO  server.RaftServerConfigKeys (ConfUtils.java:logGet(44)) - raft.server.snapshot.auto.trigger.enabled = true (custom)
2021-05-27 14:48:57,791 [pool-137-thread-1] INFO  server.RaftServerConfigKeys (ConfUtils.java:logGet(44)) - raft.server.snapshot.auto.trigger.threshold = 10000 (custom)
2021-05-27 14:48:57,791 [pool-137-thread-1] INFO  server.RaftServerConfigKeys (ConfUtils.java:logGet(44)) - raft.server.snapshot.retention.file.num = 5 (custom)
2021-05-27 14:48:57,791 [pool-137-thread-1] INFO  server.RaftServerConfigKeys (ConfUtils.java:logGet(44)) - raft.server.log.purge.upto.snapshot.index = false (default)
2021-05-27 14:48:57,792 [pool-137-thread-1] INFO  server.RaftServerConfigKeys (ConfUtils.java:logGet(44)) - raft.server.retrycache.expirytime = 600000ms (custom)
2021-05-27 14:48:57,792 [pool-137-thread-1] INFO  server.RaftServerConfigKeys (ConfUtils.java:logGet(44)) - raft.server.retrycache.statistics.expirytime = 100μs (default)
2021-05-27 14:48:57,792 [pool-137-thread-1] INFO  metrics.RatisMetrics (RatisMetrics.java:lambda$create$0(36)) - Creating Metrics Registry : ratis.leader_election.58901a56-5ead-441d-bada-0c2dcec13c3c@group-BEB3CAD4BD71
2021-05-27 14:48:57,792 [pool-137-thread-1] INFO  metrics.RatisMetrics (RatisMetrics.java:lambda$create$0(36)) - Creating Metrics Registry : ratis.server.58901a56-5ead-441d-bada-0c2dcec13c3c@group-BEB3CAD4BD71
2021-05-27 14:48:57,793 [pool-137-thread-1] INFO  server.RaftServer$Division (RaftServerImpl.java:start(295)) - 58901a56-5ead-441d-bada-0c2dcec13c3c@group-7ED80A3AE6DA: start as a follower, conf=-1: [58901a56-5ead-441d-bada-0c2dcec13c3c|rpc:10.1.0.4:34635|priority:1], old=null
2021-05-27 14:48:57,793 [pool-137-thread-1] INFO  server.RaftServer$Division (RaftServerImpl.java:setRole(284)) - 58901a56-5ead-441d-bada-0c2dcec13c3c@group-7ED80A3AE6DA: changes role from      null to FOLLOWER at term 0 for startAsFollower
2021-05-27 14:48:57,793 [pool-137-thread-1] INFO  impl.RoleInfo (RoleInfo.java:updateAndGet(130)) - 58901a56-5ead-441d-bada-0c2dcec13c3c: start 58901a56-5ead-441d-bada-0c2dcec13c3c@group-7ED80A3AE6DA-FollowerState
2021-05-27 14:48:57,795 [Command processor thread] INFO  metrics.RatisMetrics (RatisMetrics.java:lambda$create$0(36)) - Creating Metrics Registry : ratis.client_message_metrics.client-8E5022C7BD36->c80f2544-efc8-492a-83e4-5b8bcbed7eb8
2021-05-27 14:48:57,805 [pool-173-thread-1] INFO  server.RaftServer$Division (RaftServerImpl.java:<init>(180)) - 8e6df144-c6f6-43b2-a2f1-262f0d8e0594: new RaftServerImpl for group-D89EB04E674D:[8e6df144-c6f6-43b2-a2f1-262f0d8e0594|rpc:10.1.0.4:35723|priority:1] with ContainerStateMachine:uninitialized
2021-05-27 14:48:57,806 [pool-173-thread-1] INFO  server.RaftServerConfigKeys (ConfUtils.java:logGet(44)) - raft.server.rpc.timeout.min = 5s (custom)
2021-05-27 14:48:57,806 [pool-173-thread-1] INFO  server.RaftServerConfigKeys (ConfUtils.java:logGet(44)) - raft.server.rpc.timeout.max = 5200ms (custom)
2021-05-27 14:48:57,806 [pool-173-thread-1] INFO  server.RaftServerConfigKeys (ConfUtils.java:logGet(44)) - raft.server.rpc.sleep.time = 25ms (default)
2021-05-27 14:48:57,806 [pool-173-thread-1] INFO  server.RaftServerConfigKeys (ConfUtils.java:logGet(44)) - raft.server.rpc.slowness.timeout = 300000ms (custom)
2021-05-27 14:48:57,806 [pool-173-thread-1] INFO  server.RaftServerConfigKeys (ConfUtils.java:logGet(44)) - raft.server.leaderelection.leader.step-down.wait-time = 10s (default)
2021-05-27 14:48:57,806 [pool-173-thread-1] INFO  server.RaftServerConfigKeys (ConfUtils.java:logGet(44)) - raft.server.sleep.deviation.threshold = 300ms (default)
2021-05-27 14:48:57,806 [pool-173-thread-1] INFO  server.RaftServerConfigKeys (ConfUtils.java:logGet(44)) - raft.server.log.appender.install.snapshot.enabled = false (custom)
2021-05-27 14:48:57,806 [pool-173-thread-1] INFO  server.RaftServer$Division (ServerState.java:<init>(105)) - 8e6df144-c6f6-43b2-a2f1-262f0d8e0594@group-D89EB04E674D: ConfigurationManager, init=-1: [8e6df144-c6f6-43b2-a2f1-262f0d8e0594|rpc:10.1.0.4:35723|priority:1], old=null, confs=<EMPTY_MAP>
2021-05-27 14:48:57,806 [pool-173-thread-1] INFO  server.RaftServerConfigKeys (ConfUtils.java:logGet(44)) - raft.server.storage.dir = [/home/runner/work/ozone/ozone/mnt/ozone/hadoop-ozone/integration-test/target/test-dir/MiniOzoneClusterImpl-01be8073-4a30-4c07-ba69-c81900f598d5/datanode-7/data/ratis] (custom)
2021-05-27 14:48:57,806 [pool-173-thread-1] INFO  server.RaftServerConfigKeys (ConfUtils.java:logGet(44)) - raft.server.log.corruption.policy = EXCEPTION (default)
2021-05-27 14:48:57,806 [pool-173-thread-1] INFO  storage.RaftStorageDirectory (RaftStorageDirectoryImpl.java:analyzeStorage(132)) - The storage directory /home/runner/work/ozone/ozone/mnt/ozone/hadoop-ozone/integration-test/target/test-dir/MiniOzoneClusterImpl-01be8073-4a30-4c07-ba69-c81900f598d5/datanode-7/data/ratis/bd823302-3d52-40e6-99d6-d89eb04e674d does not exist. Creating ...
2021-05-27 14:48:57,807 [pool-137-thread-1] INFO  util.JmxRegister (JmxRegister.java:tryRegister(44)) - Successfully registered JMX Bean with object name Ratis:service=RaftServer,group=group-7ED80A3AE6DA,id=58901a56-5ead-441d-bada-0c2dcec13c3c
2021-05-27 14:48:57,807 [pool-137-thread-1] INFO  metrics.RatisMetrics (RatisMetrics.java:lambda$create$0(36)) - Creating Metrics Registry : ratis.state_machine.58901a56-5ead-441d-bada-0c2dcec13c3c@group-7ED80A3AE6DA
2021-05-27 14:48:57,811 [grpc-default-executor-1] INFO  metrics.RatisMetrics (RatisMetrics.java:lambda$create$0(36)) - Creating Metrics Registry : ratis.server_message_metrics.c80f2544-efc8-492a-83e4-5b8bcbed7eb8
2021-05-27 14:48:57,812 [pool-137-thread-1] INFO  server.RaftServer$Division (RaftServerImpl.java:start(295)) - 58901a56-5ead-441d-bada-0c2dcec13c3c@group-BEB3CAD4BD71: start as a follower, conf=-1: [fe96208f-f4a6-407e-8fa5-c04d11db231e|rpc:10.1.0.4:42335|dataStream:|priority:0, 79a5c71d-05f9-4896-b0a5-ed7a69f27e7b|rpc:10.1.0.4:37273|dataStream:|priority:1, 58901a56-5ead-441d-bada-0c2dcec13c3c|rpc:10.1.0.4:34635|dataStream:|priority:0], old=null
2021-05-27 14:48:57,812 [pool-137-thread-1] INFO  server.RaftServer$Division (RaftServerImpl.java:setRole(284)) - 58901a56-5ead-441d-bada-0c2dcec13c3c@group-BEB3CAD4BD71: changes role from      null to FOLLOWER at term 0 for startAsFollower
2021-05-27 14:48:57,812 [pool-137-thread-1] INFO  impl.RoleInfo (RoleInfo.java:updateAndGet(130)) - 58901a56-5ead-441d-bada-0c2dcec13c3c: start 58901a56-5ead-441d-bada-0c2dcec13c3c@group-BEB3CAD4BD71-FollowerState
2021-05-27 14:48:57,812 [Command processor thread] INFO  ratis.XceiverServerRatis (XceiverServerRatis.java:addGroup(808)) - Created group PipelineID=99b00399-7e16-48f4-9863-7ed80a3ae6da
2021-05-27 14:48:57,812 [Command processor thread] INFO  commandhandler.CreatePipelineCommandHandler (CreatePipelineCommandHandler.java:handle(106)) - Created Pipeline RATIS ONE PipelineID=99b00399-7e16-48f4-9863-7ed80a3ae6da.
2021-05-27 14:48:57,812 [pool-137-thread-1] INFO  util.JmxRegister (JmxRegister.java:tryRegister(44)) - Successfully registered JMX Bean with object name Ratis:service=RaftServer,group=group-BEB3CAD4BD71,id=58901a56-5ead-441d-bada-0c2dcec13c3c
2021-05-27 14:48:57,812 [pool-137-thread-1] INFO  metrics.RatisMetrics (RatisMetrics.java:lambda$create$0(36)) - Creating Metrics Registry : ratis.state_machine.58901a56-5ead-441d-bada-0c2dcec13c3c@group-BEB3CAD4BD71
2021-05-27 14:48:57,813 [pool-173-thread-1] INFO  storage.RaftStorageDirectory (RaftStorageDirectoryImpl.java:tryLock(215)) - Lock on /home/runner/work/ozone/ozone/mnt/ozone/hadoop-ozone/integration-test/target/test-dir/MiniOzoneClusterImpl-01be8073-4a30-4c07-ba69-c81900f598d5/datanode-7/data/ratis/bd823302-3d52-40e6-99d6-d89eb04e674d/in_use.lock acquired by nodename 2583@fv-az270-287
2021-05-27 14:48:57,814 [pool-173-thread-1] INFO  storage.RaftStorage (RaftStorageImpl.java:format(87)) - Storage directory /home/runner/work/ozone/ozone/mnt/ozone/hadoop-ozone/integration-test/target/test-dir/MiniOzoneClusterImpl-01be8073-4a30-4c07-ba69-c81900f598d5/datanode-7/data/ratis/bd823302-3d52-40e6-99d6-d89eb04e674d has been successfully formatted.
2021-05-27 14:48:57,817 [pool-173-thread-1] INFO  ratis.ContainerStateMachine (ContainerStateMachine.java:loadSnapshot(224)) - group-D89EB04E674D: The snapshot info is null. Setting the last applied indexto:(t:0, i:~)
2021-05-27 14:48:57,817 [pool-173-thread-1] INFO  server.RaftServerConfigKeys (ConfUtils.java:logGet(44)) - raft.server.notification.no-leader.timeout = 300000ms (custom)
2021-05-27 14:48:57,817 [pool-173-thread-1] INFO  server.RaftServerConfigKeys (ConfUtils.java:logGet(44)) - raft.server.log.use.memory = false (default)
2021-05-27 14:48:57,817 [pool-173-thread-1] INFO  server.RaftServerConfigKeys (ConfUtils.java:logGet(44)) - raft.server.log.purge.gap = 1000000 (custom)
2021-05-27 14:48:57,817 [pool-173-thread-1] INFO  server.RaftServerConfigKeys (ConfUtils.java:logGet(44)) - raft.server.log.appender.buffer.byte-limit = 33554432 (custom)
2021-05-27 14:48:57,817 [pool-173-thread-1] INFO  metrics.RatisMetrics (RatisMetrics.java:lambda$create$0(36)) - Creating Metrics Registry : ratis.log_worker.8e6df144-c6f6-43b2-a2f1-262f0d8e0594@group-D89EB04E674D
2021-05-27 14:48:57,817 [pool-173-thread-1] INFO  server.RaftServerConfigKeys (ConfUtils.java:logGet(44)) - raft.server.log.segment.size.max = 1048576 (custom)
2021-05-27 14:48:57,817 [pool-173-thread-1] INFO  server.RaftServerConfigKeys (ConfUtils.java:logGet(44)) - raft.server.log.segment.cache.num.max = 2 (custom)
2021-05-27 14:48:57,817 [pool-173-thread-1] INFO  server.RaftServerConfigKeys (ConfUtils.java:logGet(44)) - raft.server.log.segment.cache.size.max = 200MB (=209715200) (default)
2021-05-27 14:48:57,817 [pool-173-thread-1] INFO  segmented.SegmentedRaftLogWorker (SegmentedRaftLogWorker.java:<init>(182)) - new 8e6df144-c6f6-43b2-a2f1-262f0d8e0594@group-D89EB04E674D-SegmentedRaftLogWorker for RaftStorageImpl:Storage Directory /home/runner/work/ozone/ozone/mnt/ozone/hadoop-ozone/integration-test/target/test-dir/MiniOzoneClusterImpl-01be8073-4a30-4c07-ba69-c81900f598d5/datanode-7/data/ratis/bd823302-3d52-40e6-99d6-d89eb04e674d
2021-05-27 14:48:57,818 [pool-173-thread-1] INFO  server.RaftServerConfigKeys (ConfUtils.java:logGet(44)) - raft.server.log.queue.byte-limit = 2147483647 (custom)
2021-05-27 14:48:57,818 [pool-173-thread-1] INFO  server.RaftServerConfigKeys (ConfUtils.java:logGet(44)) - raft.server.log.queue.element-limit = 1024 (custom)
2021-05-27 14:48:57,818 [pool-173-thread-1] INFO  server.RaftServerConfigKeys (ConfUtils.java:logGet(44)) - raft.server.log.segment.size.max = 1048576 (custom)
2021-05-27 14:48:57,818 [pool-173-thread-1] INFO  server.RaftServerConfigKeys (ConfUtils.java:logGet(44)) - raft.server.log.preallocated.size = 16384 (custom)
2021-05-27 14:48:57,818 [pool-173-thread-1] INFO  server.RaftServerConfigKeys (ConfUtils.java:logGet(44)) - raft.server.log.force.sync.num = 128 (default)
2021-05-27 14:48:57,818 [pool-173-thread-1] INFO  server.RaftServerConfigKeys (ConfUtils.java:logGet(44)) - raft.server.log.statemachine.data.sync = true (default)
2021-05-27 14:48:57,818 [pool-173-thread-1] INFO  server.RaftServerConfigKeys (ConfUtils.java:logGet(44)) - raft.server.log.statemachine.data.sync.timeout = 10s (default)
2021-05-27 14:48:57,818 [pool-173-thread-1] INFO  server.RaftServerConfigKeys (ConfUtils.java:logGet(44)) - raft.server.log.statemachine.data.sync.timeout.retry = -1 (default)
2021-05-27 14:48:57,821 [grpc-default-executor-1] INFO  server.RaftServer (RaftServerProxy.java:addNew(95)) - c80f2544-efc8-492a-83e4-5b8bcbed7eb8: addNew group-BD86B44502A1:[8e6df144-c6f6-43b2-a2f1-262f0d8e0594|rpc:10.1.0.4:35723|dataStream:|priority:0, c80f2544-efc8-492a-83e4-5b8bcbed7eb8|rpc:10.1.0.4:35561|dataStream:|priority:1, 4028be1c-f04f-471f-a5c7-d66a385f5692|rpc:10.1.0.4:39853|dataStream:|priority:0] returns group-BD86B44502A1:java.util.concurrent.CompletableFuture@4b9d881b[Not completed]
2021-05-27 14:48:57,822 [EventQueue-PipelineReportForOneReplicaPipelineSafeModeRule] INFO  safemode.SCMSafeModeManager (SCMSafeModeManager.java:validateSafeModeExitRules(201)) - AtleastOneDatanodeReportedRule rule is successfully validated
2021-05-27 14:48:57,823 [EventQueue-PipelineReportForPipelineReportHandler] INFO  pipeline.PipelineManagerV2Impl (PipelineManagerV2Impl.java:openPipeline(270)) - Pipeline Pipeline[ Id: bd823302-3d52-40e6-99d6-d89eb04e674d, Nodes: 8e6df144-c6f6-43b2-a2f1-262f0d8e0594{ip: 10.1.0.4, host: fv-az270-287.tacnzluakwdehk1hpragurqkma.bx.internal.cloudapp.net, ports: [REPLICATION=37559, RATIS=35723, RATIS_ADMIN=35723, RATIS_SERVER=35723, STANDALONE=40251], networkLocation: /default-rack, certSerialId: null, persistedOpState: IN_SERVICE, persistedOpStateExpiryEpochSec: 0}, ReplicationConfig: RATIS/ONE, State:ALLOCATED, leaderId:8e6df144-c6f6-43b2-a2f1-262f0d8e0594, CreationTimestamp2021-05-27T14:48:54.794Z] moved to OPEN state
2021-05-27 14:48:57,823 [EventQueue-OpenPipelineForHealthyPipelineSafeModeRule] INFO  safemode.SCMSafeModeManager (HealthyPipelineSafeModeRule.java:process(130)) - SCM in safe mode. Healthy pipelines reported count is 0, required healthy pipeline reported count is 1
2021-05-27 14:48:57,826 [pool-191-thread-1] INFO  server.RaftServer$Division (RaftServerImpl.java:<init>(180)) - c80f2544-efc8-492a-83e4-5b8bcbed7eb8: new RaftServerImpl for group-BD86B44502A1:[8e6df144-c6f6-43b2-a2f1-262f0d8e0594|rpc:10.1.0.4:35723|dataStream:|priority:0, c80f2544-efc8-492a-83e4-5b8bcbed7eb8|rpc:10.1.0.4:35561|dataStream:|priority:1, 4028be1c-f04f-471f-a5c7-d66a385f5692|rpc:10.1.0.4:39853|dataStream:|priority:0] with ContainerStateMachine:uninitialized
2021-05-27 14:48:57,837 [pool-191-thread-1] INFO  server.RaftServerConfigKeys (ConfUtils.java:logGet(44)) - raft.server.rpc.timeout.min = 5s (custom)
2021-05-27 14:48:57,837 [pool-191-thread-1] INFO  server.RaftServerConfigKeys (ConfUtils.java:logGet(44)) - raft.server.rpc.timeout.max = 5200ms (custom)
2021-05-27 14:48:57,837 [pool-191-thread-1] INFO  server.RaftServerConfigKeys (ConfUtils.java:logGet(44)) - raft.server.rpc.sleep.time = 25ms (default)
2021-05-27 14:48:57,838 [pool-191-thread-1] INFO  server.RaftServerConfigKeys (ConfUtils.java:logGet(44)) - raft.server.rpc.slowness.timeout = 300000ms (custom)
2021-05-27 14:48:57,838 [pool-191-thread-1] INFO  server.RaftServerConfigKeys (ConfUtils.java:logGet(44)) - raft.server.leaderelection.leader.step-down.wait-time = 10s (default)
2021-05-27 14:48:57,838 [pool-191-thread-1] INFO  server.RaftServerConfigKeys (ConfUtils.java:logGet(44)) - raft.server.sleep.deviation.threshold = 300ms (default)
2021-05-27 14:48:57,838 [pool-191-thread-1] INFO  server.RaftServerConfigKeys (ConfUtils.java:logGet(44)) - raft.server.log.appender.install.snapshot.enabled = false (custom)
2021-05-27 14:48:57,838 [pool-191-thread-1] INFO  server.RaftServer$Division (ServerState.java:<init>(105)) - c80f2544-efc8-492a-83e4-5b8bcbed7eb8@group-BD86B44502A1: ConfigurationManager, init=-1: [8e6df144-c6f6-43b2-a2f1-262f0d8e0594|rpc:10.1.0.4:35723|dataStream:|priority:0, c80f2544-efc8-492a-83e4-5b8bcbed7eb8|rpc:10.1.0.4:35561|dataStream:|priority:1, 4028be1c-f04f-471f-a5c7-d66a385f5692|rpc:10.1.0.4:39853|dataStream:|priority:0], old=null, confs=<EMPTY_MAP>
2021-05-27 14:48:57,838 [pool-191-thread-1] INFO  server.RaftServerConfigKeys (ConfUtils.java:logGet(44)) - raft.server.storage.dir = [/home/runner/work/ozone/ozone/mnt/ozone/hadoop-ozone/integration-test/target/test-dir/MiniOzoneClusterImpl-01be8073-4a30-4c07-ba69-c81900f598d5/datanode-8/data/ratis] (custom)
2021-05-27 14:48:57,838 [pool-191-thread-1] INFO  server.RaftServerConfigKeys (ConfUtils.java:logGet(44)) - raft.server.log.corruption.policy = EXCEPTION (default)
2021-05-27 14:48:57,838 [pool-191-thread-1] INFO  storage.RaftStorageDirectory (RaftStorageDirectoryImpl.java:analyzeStorage(132)) - The storage directory /home/runner/work/ozone/ozone/mnt/ozone/hadoop-ozone/integration-test/target/test-dir/MiniOzoneClusterImpl-01be8073-4a30-4c07-ba69-c81900f598d5/datanode-8/data/ratis/92661cd8-1084-46f9-bbf0-bd86b44502a1 does not exist. Creating ...
2021-05-27 14:48:57,830 [pool-173-thread-1] INFO  server.RaftServerConfigKeys (ConfUtils.java:logGet(44)) - raft.server.log.write.buffer.size = 1048576 (custom)
2021-05-27 14:48:57,839 [pool-173-thread-1] INFO  server.RaftServerConfigKeys (ConfUtils.java:logGet(44)) - raft.server.log.statemachine.data.caching.enabled = true (custom)
2021-05-27 14:48:57,839 [pool-173-thread-1] INFO  segmented.SegmentedRaftLogWorker (SegmentedRaftLogWorker.java:lambda$new$0(133)) - 8e6df144-c6f6-43b2-a2f1-262f0d8e0594@group-D89EB04E674D-SegmentedRaftLogWorker: flushIndex: setUnconditionally 0 -> -1
2021-05-27 14:48:57,840 [pool-173-thread-1] INFO  segmented.SegmentedRaftLogWorker (SegmentedRaftLogWorker.java:lambda$new$0(133)) - 8e6df144-c6f6-43b2-a2f1-262f0d8e0594@group-D89EB04E674D-SegmentedRaftLogWorker: safeCacheEvictIndex: setUnconditionally 0 -> -1
2021-05-27 14:48:57,841 [pool-173-thread-1] INFO  server.RaftServerConfigKeys (ConfUtils.java:logGet(44)) - raft.server.snapshot.auto.trigger.enabled = true (custom)
2021-05-27 14:48:57,841 [pool-173-thread-1] INFO  server.RaftServerConfigKeys (ConfUtils.java:logGet(44)) - raft.server.snapshot.auto.trigger.threshold = 10000 (custom)
2021-05-27 14:48:57,841 [pool-173-thread-1] INFO  server.RaftServerConfigKeys (ConfUtils.java:logGet(44)) - raft.server.snapshot.retention.file.num = 5 (custom)
2021-05-27 14:48:57,841 [pool-173-thread-1] INFO  server.RaftServerConfigKeys (ConfUtils.java:logGet(44)) - raft.server.log.purge.upto.snapshot.index = false (default)
2021-05-27 14:48:57,842 [pool-173-thread-1] INFO  server.RaftServerConfigKeys (ConfUtils.java:logGet(44)) - raft.server.retrycache.expirytime = 600000ms (custom)
2021-05-27 14:48:57,842 [pool-173-thread-1] INFO  server.RaftServerConfigKeys (ConfUtils.java:logGet(44)) - raft.server.retrycache.statistics.expirytime = 100μs (default)
2021-05-27 14:48:57,842 [pool-173-thread-1] INFO  metrics.RatisMetrics (RatisMetrics.java:lambda$create$0(36)) - Creating Metrics Registry : ratis.leader_election.8e6df144-c6f6-43b2-a2f1-262f0d8e0594@group-D89EB04E674D
2021-05-27 14:48:57,842 [pool-173-thread-1] INFO  metrics.RatisMetrics (RatisMetrics.java:lambda$create$0(36)) - Creating Metrics Registry : ratis.server.8e6df144-c6f6-43b2-a2f1-262f0d8e0594@group-D89EB04E674D
2021-05-27 14:48:57,843 [pool-173-thread-1] INFO  server.RaftServer$Division (RaftServerImpl.java:start(295)) - 8e6df144-c6f6-43b2-a2f1-262f0d8e0594@group-D89EB04E674D: start as a follower, conf=-1: [8e6df144-c6f6-43b2-a2f1-262f0d8e0594|rpc:10.1.0.4:35723|priority:1], old=null
2021-05-27 14:48:57,843 [pool-173-thread-1] INFO  server.RaftServer$Division (RaftServerImpl.java:setRole(284)) - 8e6df144-c6f6-43b2-a2f1-262f0d8e0594@group-D89EB04E674D: changes role from      null to FOLLOWER at term 0 for startAsFollower
2021-05-27 14:48:57,843 [pool-173-thread-1] INFO  impl.RoleInfo (RoleInfo.java:updateAndGet(130)) - 8e6df144-c6f6-43b2-a2f1-262f0d8e0594: start 8e6df144-c6f6-43b2-a2f1-262f0d8e0594@group-D89EB04E674D-FollowerState
2021-05-27 14:48:57,845 [pool-173-thread-1] INFO  util.JmxRegister (JmxRegister.java:tryRegister(44)) - Successfully registered JMX Bean with object name Ratis:service=RaftServer,group=group-D89EB04E674D,id=8e6df144-c6f6-43b2-a2f1-262f0d8e0594
2021-05-27 14:48:57,845 [pool-173-thread-1] INFO  metrics.RatisMetrics (RatisMetrics.java:lambda$create$0(36)) - Creating Metrics Registry : ratis.state_machine.8e6df144-c6f6-43b2-a2f1-262f0d8e0594@group-D89EB04E674D
2021-05-27 14:48:57,846 [pool-191-thread-1] INFO  storage.RaftStorageDirectory (RaftStorageDirectoryImpl.java:tryLock(215)) - Lock on /home/runner/work/ozone/ozone/mnt/ozone/hadoop-ozone/integration-test/target/test-dir/MiniOzoneClusterImpl-01be8073-4a30-4c07-ba69-c81900f598d5/datanode-8/data/ratis/92661cd8-1084-46f9-bbf0-bd86b44502a1/in_use.lock acquired by nodename 2583@fv-az270-287
2021-05-27 14:48:57,847 [Command processor thread] INFO  ratis.XceiverServerRatis (XceiverServerRatis.java:addGroup(808)) - Created group PipelineID=bd823302-3d52-40e6-99d6-d89eb04e674d
2021-05-27 14:48:57,847 [Command processor thread] INFO  commandhandler.CreatePipelineCommandHandler (CreatePipelineCommandHandler.java:handle(106)) - Created Pipeline RATIS ONE PipelineID=bd823302-3d52-40e6-99d6-d89eb04e674d.
2021-05-27 14:48:57,847 [Command processor thread] INFO  server.RaftServer (RaftServerProxy.java:addNew(95)) - 8e6df144-c6f6-43b2-a2f1-262f0d8e0594: addNew group-BD86B44502A1:[8e6df144-c6f6-43b2-a2f1-262f0d8e0594|rpc:10.1.0.4:35723|priority:0, c80f2544-efc8-492a-83e4-5b8bcbed7eb8|rpc:10.1.0.4:35561|priority:1, 4028be1c-f04f-471f-a5c7-d66a385f5692|rpc:10.1.0.4:39853|priority:0] returns group-BD86B44502A1:java.util.concurrent.CompletableFuture@782f190d[Not completed]
2021-05-27 14:48:57,854 [pool-173-thread-1] INFO  server.RaftServer$Division (RaftServerImpl.java:<init>(180)) - 8e6df144-c6f6-43b2-a2f1-262f0d8e0594: new RaftServerImpl for group-BD86B44502A1:[8e6df144-c6f6-43b2-a2f1-262f0d8e0594|rpc:10.1.0.4:35723|priority:0, c80f2544-efc8-492a-83e4-5b8bcbed7eb8|rpc:10.1.0.4:35561|priority:1, 4028be1c-f04f-471f-a5c7-d66a385f5692|rpc:10.1.0.4:39853|priority:0] with ContainerStateMachine:uninitialized
2021-05-27 14:48:57,854 [pool-173-thread-1] INFO  server.RaftServerConfigKeys (ConfUtils.java:logGet(44)) - raft.server.rpc.timeout.min = 5s (custom)
2021-05-27 14:48:57,854 [pool-173-thread-1] INFO  server.RaftServerConfigKeys (ConfUtils.java:logGet(44)) - raft.server.rpc.timeout.max = 5200ms (custom)
2021-05-27 14:48:57,854 [pool-173-thread-1] INFO  server.RaftServerConfigKeys (ConfUtils.java:logGet(44)) - raft.server.rpc.sleep.time = 25ms (default)
2021-05-27 14:48:57,854 [pool-173-thread-1] INFO  server.RaftServerConfigKeys (ConfUtils.java:logGet(44)) - raft.server.rpc.slowness.timeout = 300000ms (custom)
2021-05-27 14:48:57,854 [pool-173-thread-1] INFO  server.RaftServerConfigKeys (ConfUtils.java:logGet(44)) - raft.server.leaderelection.leader.step-down.wait-time = 10s (default)
2021-05-27 14:48:57,854 [pool-173-thread-1] INFO  server.RaftServerConfigKeys (ConfUtils.java:logGet(44)) - raft.server.sleep.deviation.threshold = 300ms (default)
2021-05-27 14:48:57,854 [pool-173-thread-1] INFO  server.RaftServerConfigKeys (ConfUtils.java:logGet(44)) - raft.server.log.appender.install.snapshot.enabled = false (custom)
2021-05-27 14:48:57,855 [pool-173-thread-1] INFO  server.RaftServer$Division (ServerState.java:<init>(105)) - 8e6df144-c6f6-43b2-a2f1-262f0d8e0594@group-BD86B44502A1: ConfigurationManager, init=-1: [8e6df144-c6f6-43b2-a2f1-262f0d8e0594|rpc:10.1.0.4:35723|priority:0, c80f2544-efc8-492a-83e4-5b8bcbed7eb8|rpc:10.1.0.4:35561|priority:1, 4028be1c-f04f-471f-a5c7-d66a385f5692|rpc:10.1.0.4:39853|priority:0], old=null, confs=<EMPTY_MAP>
2021-05-27 14:48:57,855 [pool-173-thread-1] INFO  server.RaftServerConfigKeys (ConfUtils.java:logGet(44)) - raft.server.storage.dir = [/home/runner/work/ozone/ozone/mnt/ozone/hadoop-ozone/integration-test/target/test-dir/MiniOzoneClusterImpl-01be8073-4a30-4c07-ba69-c81900f598d5/datanode-7/data/ratis] (custom)
2021-05-27 14:48:57,855 [pool-173-thread-1] INFO  server.RaftServerConfigKeys (ConfUtils.java:logGet(44)) - raft.server.log.corruption.policy = EXCEPTION (default)
2021-05-27 14:48:57,855 [pool-173-thread-1] INFO  storage.RaftStorageDirectory (RaftStorageDirectoryImpl.java:analyzeStorage(132)) - The storage directory /home/runner/work/ozone/ozone/mnt/ozone/hadoop-ozone/integration-test/target/test-dir/MiniOzoneClusterImpl-01be8073-4a30-4c07-ba69-c81900f598d5/datanode-7/data/ratis/92661cd8-1084-46f9-bbf0-bd86b44502a1 does not exist. Creating ...
2021-05-27 14:48:57,856 [pool-191-thread-1] INFO  storage.RaftStorage (RaftStorageImpl.java:format(87)) - Storage directory /home/runner/work/ozone/ozone/mnt/ozone/hadoop-ozone/integration-test/target/test-dir/MiniOzoneClusterImpl-01be8073-4a30-4c07-ba69-c81900f598d5/datanode-8/data/ratis/92661cd8-1084-46f9-bbf0-bd86b44502a1 has been successfully formatted.
2021-05-27 14:48:57,856 [pool-191-thread-1] INFO  ratis.ContainerStateMachine (ContainerStateMachine.java:loadSnapshot(224)) - group-BD86B44502A1: The snapshot info is null. Setting the last applied indexto:(t:0, i:~)
2021-05-27 14:48:57,856 [pool-191-thread-1] INFO  server.RaftServerConfigKeys (ConfUtils.java:logGet(44)) - raft.server.notification.no-leader.timeout = 300000ms (custom)
2021-05-27 14:48:57,856 [pool-191-thread-1] INFO  server.RaftServerConfigKeys (ConfUtils.java:logGet(44)) - raft.server.log.use.memory = false (default)
2021-05-27 14:48:57,856 [pool-191-thread-1] INFO  server.RaftServerConfigKeys (ConfUtils.java:logGet(44)) - raft.server.log.purge.gap = 1000000 (custom)
2021-05-27 14:48:57,856 [pool-191-thread-1] INFO  server.RaftServerConfigKeys (ConfUtils.java:logGet(44)) - raft.server.log.appender.buffer.byte-limit = 33554432 (custom)
2021-05-27 14:48:57,856 [pool-191-thread-1] INFO  metrics.RatisMetrics (RatisMetrics.java:lambda$create$0(36)) - Creating Metrics Registry : ratis.log_worker.c80f2544-efc8-492a-83e4-5b8bcbed7eb8@group-BD86B44502A1
2021-05-27 14:48:57,856 [pool-191-thread-1] INFO  server.RaftServerConfigKeys (ConfUtils.java:logGet(44)) - raft.server.log.segment.size.max = 1048576 (custom)
2021-05-27 14:48:57,857 [pool-191-thread-1] INFO  server.RaftServerConfigKeys (ConfUtils.java:logGet(44)) - raft.server.log.segment.cache.num.max = 2 (custom)
2021-05-27 14:48:57,857 [pool-191-thread-1] INFO  server.RaftServerConfigKeys (ConfUtils.java:logGet(44)) - raft.server.log.segment.cache.size.max = 200MB (=209715200) (default)
2021-05-27 14:48:57,857 [pool-191-thread-1] INFO  segmented.SegmentedRaftLogWorker (SegmentedRaftLogWorker.java:<init>(182)) - new c80f2544-efc8-492a-83e4-5b8bcbed7eb8@group-BD86B44502A1-SegmentedRaftLogWorker for RaftStorageImpl:Storage Directory /home/runner/work/ozone/ozone/mnt/ozone/hadoop-ozone/integration-test/target/test-dir/MiniOzoneClusterImpl-01be8073-4a30-4c07-ba69-c81900f598d5/datanode-8/data/ratis/92661cd8-1084-46f9-bbf0-bd86b44502a1
2021-05-27 14:48:57,857 [pool-191-thread-1] INFO  server.RaftServerConfigKeys (ConfUtils.java:logGet(44)) - raft.server.log.queue.byte-limit = 2147483647 (custom)
2021-05-27 14:48:57,857 [pool-191-thread-1] INFO  server.RaftServerConfigKeys (ConfUtils.java:logGet(44)) - raft.server.log.queue.element-limit = 1024 (custom)
2021-05-27 14:48:57,857 [pool-191-thread-1] INFO  server.RaftServerConfigKeys (ConfUtils.java:logGet(44)) - raft.server.log.segment.size.max = 1048576 (custom)
2021-05-27 14:48:57,857 [pool-191-thread-1] INFO  server.RaftServerConfigKeys (ConfUtils.java:logGet(44)) - raft.server.log.preallocated.size = 16384 (custom)
2021-05-27 14:48:57,857 [pool-191-thread-1] INFO  server.RaftServerConfigKeys (ConfUtils.java:logGet(44)) - raft.server.log.force.sync.num = 128 (default)
2021-05-27 14:48:57,857 [pool-191-thread-1] INFO  server.RaftServerConfigKeys (ConfUtils.java:logGet(44)) - raft.server.log.statemachine.data.sync = true (default)
2021-05-27 14:48:57,857 [pool-191-thread-1] INFO  server.RaftServerConfigKeys (ConfUtils.java:logGet(44)) - raft.server.log.statemachine.data.sync.timeout = 10s (default)
2021-05-27 14:48:57,857 [pool-191-thread-1] INFO  server.RaftServerConfigKeys (ConfUtils.java:logGet(44)) - raft.server.log.statemachine.data.sync.timeout.retry = -1 (default)
2021-05-27 14:48:57,860 [EventQueue-PipelineReportForOneReplicaPipelineSafeModeRule] INFO  safemode.SCMSafeModeManager (SCMSafeModeManager.java:validateSafeModeExitRules(201)) - AtleastOneDatanodeReportedRule rule is successfully validated
2021-05-27 14:48:57,860 [pool-173-thread-1] INFO  storage.RaftStorageDirectory (RaftStorageDirectoryImpl.java:tryLock(215)) - Lock on /home/runner/work/ozone/ozone/mnt/ozone/hadoop-ozone/integration-test/target/test-dir/MiniOzoneClusterImpl-01be8073-4a30-4c07-ba69-c81900f598d5/datanode-7/data/ratis/92661cd8-1084-46f9-bbf0-bd86b44502a1/in_use.lock acquired by nodename 2583@fv-az270-287
2021-05-27 14:48:57,861 [pool-191-thread-1] INFO  server.RaftServerConfigKeys (ConfUtils.java:logGet(44)) - raft.server.log.write.buffer.size = 1048576 (custom)
2021-05-27 14:48:57,862 [pool-173-thread-1] INFO  storage.RaftStorage (RaftStorageImpl.java:format(87)) - Storage directory /home/runner/work/ozone/ozone/mnt/ozone/hadoop-ozone/integration-test/target/test-dir/MiniOzoneClusterImpl-01be8073-4a30-4c07-ba69-c81900f598d5/datanode-7/data/ratis/92661cd8-1084-46f9-bbf0-bd86b44502a1 has been successfully formatted.
2021-05-27 14:48:57,862 [pool-173-thread-1] INFO  ratis.ContainerStateMachine (ContainerStateMachine.java:loadSnapshot(224)) - group-BD86B44502A1: The snapshot info is null. Setting the last applied indexto:(t:0, i:~)
2021-05-27 14:48:57,862 [pool-173-thread-1] INFO  server.RaftServerConfigKeys (ConfUtils.java:logGet(44)) - raft.server.notification.no-leader.timeout = 300000ms (custom)
2021-05-27 14:48:57,862 [pool-173-thread-1] INFO  server.RaftServerConfigKeys (ConfUtils.java:logGet(44)) - raft.server.log.use.memory = false (default)
2021-05-27 14:48:57,862 [pool-173-thread-1] INFO  server.RaftServerConfigKeys (ConfUtils.java:logGet(44)) - raft.server.log.purge.gap = 1000000 (custom)
2021-05-27 14:48:57,862 [pool-173-thread-1] INFO  server.RaftServerConfigKeys (ConfUtils.java:logGet(44)) - raft.server.log.appender.buffer.byte-limit = 33554432 (custom)
2021-05-27 14:48:57,862 [pool-173-thread-1] INFO  metrics.RatisMetrics (RatisMetrics.java:lambda$create$0(36)) - Creating Metrics Registry : ratis.log_worker.8e6df144-c6f6-43b2-a2f1-262f0d8e0594@group-BD86B44502A1
2021-05-27 14:48:57,862 [pool-173-thread-1] INFO  server.RaftServerConfigKeys (ConfUtils.java:logGet(44)) - raft.server.log.segment.size.max = 1048576 (custom)
2021-05-27 14:48:57,863 [EventQueue-OpenPipelineForHealthyPipelineSafeModeRule] INFO  safemode.SCMSafeModeManager (HealthyPipelineSafeModeRule.java:process(130)) - SCM in safe mode. Healthy pipelines reported count is 0, required healthy pipeline reported count is 1
2021-05-27 14:48:57,863 [EventQueue-PipelineReportForOneReplicaPipelineSafeModeRule] INFO  safemode.SCMSafeModeManager (SCMSafeModeManager.java:validateSafeModeExitRules(201)) - AtleastOneDatanodeReportedRule rule is successfully validated
2021-05-27 14:48:57,863 [pool-191-thread-1] INFO  server.RaftServerConfigKeys (ConfUtils.java:logGet(44)) - raft.server.log.statemachine.data.caching.enabled = true (custom)
2021-05-27 14:48:57,863 [pool-191-thread-1] INFO  segmented.SegmentedRaftLogWorker (SegmentedRaftLogWorker.java:lambda$new$0(133)) - c80f2544-efc8-492a-83e4-5b8bcbed7eb8@group-BD86B44502A1-SegmentedRaftLogWorker: flushIndex: setUnconditionally 0 -> -1
2021-05-27 14:48:57,863 [pool-191-thread-1] INFO  segmented.SegmentedRaftLogWorker (SegmentedRaftLogWorker.java:lambda$new$0(133)) - c80f2544-efc8-492a-83e4-5b8bcbed7eb8@group-BD86B44502A1-SegmentedRaftLogWorker: safeCacheEvictIndex: setUnconditionally 0 -> -1
2021-05-27 14:48:57,864 [pool-173-thread-1] INFO  server.RaftServerConfigKeys (ConfUtils.java:logGet(44)) - raft.server.log.segment.cache.num.max = 2 (custom)
2021-05-27 14:48:57,864 [pool-173-thread-1] INFO  server.RaftServerConfigKeys (ConfUtils.java:logGet(44)) - raft.server.log.segment.cache.size.max = 200MB (=209715200) (default)
2021-05-27 14:48:57,864 [pool-173-thread-1] INFO  segmented.SegmentedRaftLogWorker (SegmentedRaftLogWorker.java:<init>(182)) - new 8e6df144-c6f6-43b2-a2f1-262f0d8e0594@group-BD86B44502A1-SegmentedRaftLogWorker for RaftStorageImpl:Storage Directory /home/runner/work/ozone/ozone/mnt/ozone/hadoop-ozone/integration-test/target/test-dir/MiniOzoneClusterImpl-01be8073-4a30-4c07-ba69-c81900f598d5/datanode-7/data/ratis/92661cd8-1084-46f9-bbf0-bd86b44502a1
2021-05-27 14:48:57,864 [pool-173-thread-1] INFO  server.RaftServerConfigKeys (ConfUtils.java:logGet(44)) - raft.server.log.queue.byte-limit = 2147483647 (custom)
2021-05-27 14:48:57,864 [pool-173-thread-1] INFO  server.RaftServerConfigKeys (ConfUtils.java:logGet(44)) - raft.server.log.queue.element-limit = 1024 (custom)
2021-05-27 14:48:57,864 [pool-173-thread-1] INFO  server.RaftServerConfigKeys (ConfUtils.java:logGet(44)) - raft.server.log.segment.size.max = 1048576 (custom)
2021-05-27 14:48:57,864 [pool-173-thread-1] INFO  server.RaftServerConfigKeys (ConfUtils.java:logGet(44)) - raft.server.log.preallocated.size = 16384 (custom)
2021-05-27 14:48:57,864 [pool-173-thread-1] INFO  server.RaftServerConfigKeys (ConfUtils.java:logGet(44)) - raft.server.log.force.sync.num = 128 (default)
2021-05-27 14:48:57,864 [pool-173-thread-1] INFO  server.RaftServerConfigKeys (ConfUtils.java:logGet(44)) - raft.server.log.statemachine.data.sync = true (default)
2021-05-27 14:48:57,864 [pool-173-thread-1] INFO  server.RaftServerConfigKeys (ConfUtils.java:logGet(44)) - raft.server.log.statemachine.data.sync.timeout = 10s (default)
2021-05-27 14:48:57,864 [pool-173-thread-1] INFO  server.RaftServerConfigKeys (ConfUtils.java:logGet(44)) - raft.server.log.statemachine.data.sync.timeout.retry = -1 (default)
2021-05-27 14:48:57,869 [pool-191-thread-1] INFO  server.RaftServerConfigKeys (ConfUtils.java:logGet(44)) - raft.server.snapshot.auto.trigger.enabled = true (custom)
2021-05-27 14:48:57,869 [pool-191-thread-1] INFO  server.RaftServerConfigKeys (ConfUtils.java:logGet(44)) - raft.server.snapshot.auto.trigger.threshold = 10000 (custom)
2021-05-27 14:48:57,869 [pool-191-thread-1] INFO  server.RaftServerConfigKeys (ConfUtils.java:logGet(44)) - raft.server.snapshot.retention.file.num = 5 (custom)
2021-05-27 14:48:57,869 [pool-191-thread-1] INFO  server.RaftServerConfigKeys (ConfUtils.java:logGet(44)) - raft.server.log.purge.upto.snapshot.index = false (default)
2021-05-27 14:48:57,869 [pool-191-thread-1] INFO  server.RaftServerConfigKeys (ConfUtils.java:logGet(44)) - raft.server.retrycache.expirytime = 600000ms (custom)
2021-05-27 14:48:57,869 [pool-191-thread-1] INFO  server.RaftServerConfigKeys (ConfUtils.java:logGet(44)) - raft.server.retrycache.statistics.expirytime = 100μs (default)
2021-05-27 14:48:57,869 [pool-191-thread-1] INFO  metrics.RatisMetrics (RatisMetrics.java:lambda$create$0(36)) - Creating Metrics Registry : ratis.leader_election.c80f2544-efc8-492a-83e4-5b8bcbed7eb8@group-BD86B44502A1
2021-05-27 14:48:57,870 [pool-191-thread-1] INFO  metrics.RatisMetrics (RatisMetrics.java:lambda$create$0(36)) - Creating Metrics Registry : ratis.server.c80f2544-efc8-492a-83e4-5b8bcbed7eb8@group-BD86B44502A1
2021-05-27 14:48:57,870 [pool-191-thread-1] INFO  server.RaftServer$Division (RaftServerImpl.java:start(295)) - c80f2544-efc8-492a-83e4-5b8bcbed7eb8@group-BD86B44502A1: start as a follower, conf=-1: [8e6df144-c6f6-43b2-a2f1-262f0d8e0594|rpc:10.1.0.4:35723|dataStream:|priority:0, c80f2544-efc8-492a-83e4-5b8bcbed7eb8|rpc:10.1.0.4:35561|dataStream:|priority:1, 4028be1c-f04f-471f-a5c7-d66a385f5692|rpc:10.1.0.4:39853|dataStream:|priority:0], old=null
2021-05-27 14:48:57,870 [pool-191-thread-1] INFO  server.RaftServer$Division (RaftServerImpl.java:setRole(284)) - c80f2544-efc8-492a-83e4-5b8bcbed7eb8@group-BD86B44502A1: changes role from      null to FOLLOWER at term 0 for startAsFollower
2021-05-27 14:48:57,870 [pool-191-thread-1] INFO  impl.RoleInfo (RoleInfo.java:updateAndGet(130)) - c80f2544-efc8-492a-83e4-5b8bcbed7eb8: start c80f2544-efc8-492a-83e4-5b8bcbed7eb8@group-BD86B44502A1-FollowerState
2021-05-27 14:48:57,872 [pool-173-thread-1] INFO  server.RaftServerConfigKeys (ConfUtils.java:logGet(44)) - raft.server.log.write.buffer.size = 1048576 (custom)
2021-05-27 14:48:57,873 [pool-173-thread-1] INFO  server.RaftServerConfigKeys (ConfUtils.java:logGet(44)) - raft.server.log.statemachine.data.caching.enabled = true (custom)
2021-05-27 14:48:57,873 [pool-173-thread-1] INFO  segmented.SegmentedRaftLogWorker (SegmentedRaftLogWorker.java:lambda$new$0(133)) - 8e6df144-c6f6-43b2-a2f1-262f0d8e0594@group-BD86B44502A1-SegmentedRaftLogWorker: flushIndex: setUnconditionally 0 -> -1
2021-05-27 14:48:57,873 [pool-173-thread-1] INFO  segmented.SegmentedRaftLogWorker (SegmentedRaftLogWorker.java:lambda$new$0(133)) - 8e6df144-c6f6-43b2-a2f1-262f0d8e0594@group-BD86B44502A1-SegmentedRaftLogWorker: safeCacheEvictIndex: setUnconditionally 0 -> -1
2021-05-27 14:48:57,874 [pool-191-thread-1] INFO  util.JmxRegister (JmxRegister.java:tryRegister(44)) - Successfully registered JMX Bean with object name Ratis:service=RaftServer,group=group-BD86B44502A1,id=c80f2544-efc8-492a-83e4-5b8bcbed7eb8
2021-05-27 14:48:57,874 [pool-191-thread-1] INFO  metrics.RatisMetrics (RatisMetrics.java:lambda$create$0(36)) - Creating Metrics Registry : ratis.state_machine.c80f2544-efc8-492a-83e4-5b8bcbed7eb8@group-BD86B44502A1
2021-05-27 14:48:57,876 [pool-173-thread-1] INFO  server.RaftServerConfigKeys (ConfUtils.java:logGet(44)) - raft.server.snapshot.auto.trigger.enabled = true (custom)
2021-05-27 14:48:57,876 [pool-173-thread-1] INFO  server.RaftServerConfigKeys (ConfUtils.java:logGet(44)) - raft.server.snapshot.auto.trigger.threshold = 10000 (custom)
2021-05-27 14:48:57,876 [pool-173-thread-1] INFO  server.RaftServerConfigKeys (ConfUtils.java:logGet(44)) - raft.server.snapshot.retention.file.num = 5 (custom)
2021-05-27 14:48:57,876 [pool-173-thread-1] INFO  server.RaftServerConfigKeys (ConfUtils.java:logGet(44)) - raft.server.log.purge.upto.snapshot.index = false (default)
2021-05-27 14:48:57,876 [pool-173-thread-1] INFO  server.RaftServerConfigKeys (ConfUtils.java:logGet(44)) - raft.server.retrycache.expirytime = 600000ms (custom)
2021-05-27 14:48:57,876 [pool-173-thread-1] INFO  server.RaftServerConfigKeys (ConfUtils.java:logGet(44)) - raft.server.retrycache.statistics.expirytime = 100μs (default)
2021-05-27 14:48:57,876 [pool-173-thread-1] INFO  metrics.RatisMetrics (RatisMetrics.java:lambda$create$0(36)) - Creating Metrics Registry : ratis.leader_election.8e6df144-c6f6-43b2-a2f1-262f0d8e0594@group-BD86B44502A1
2021-05-27 14:48:57,877 [pool-173-thread-1] INFO  metrics.RatisMetrics (RatisMetrics.java:lambda$create$0(36)) - Creating Metrics Registry : ratis.server.8e6df144-c6f6-43b2-a2f1-262f0d8e0594@group-BD86B44502A1
2021-05-27 14:48:57,887 [Command processor thread] INFO  server.RaftServer (RaftServerProxy.java:addNew(95)) - c80f2544-efc8-492a-83e4-5b8bcbed7eb8: addNew group-B2661161F723:[c80f2544-efc8-492a-83e4-5b8bcbed7eb8|rpc:10.1.0.4:35561|priority:1] returns group-B2661161F723:java.util.concurrent.CompletableFuture@62f55b79[Not completed]
2021-05-27 14:48:57,887 [pool-191-thread-1] INFO  server.RaftServer$Division (RaftServerImpl.java:<init>(180)) - c80f2544-efc8-492a-83e4-5b8bcbed7eb8: new RaftServerImpl for group-B2661161F723:[c80f2544-efc8-492a-83e4-5b8bcbed7eb8|rpc:10.1.0.4:35561|priority:1] with ContainerStateMachine:uninitialized
2021-05-27 14:48:57,888 [pool-191-thread-1] INFO  server.RaftServerConfigKeys (ConfUtils.java:logGet(44)) - raft.server.rpc.timeout.min = 5s (custom)
2021-05-27 14:48:57,888 [pool-191-thread-1] INFO  server.RaftServerConfigKeys (ConfUtils.java:logGet(44)) - raft.server.rpc.timeout.max = 5200ms (custom)
2021-05-27 14:48:57,888 [pool-191-thread-1] INFO  server.RaftServerConfigKeys (ConfUtils.java:logGet(44)) - raft.server.rpc.sleep.time = 25ms (default)
2021-05-27 14:48:57,888 [pool-191-thread-1] INFO  server.RaftServerConfigKeys (ConfUtils.java:logGet(44)) - raft.server.rpc.slowness.timeout = 300000ms (custom)
2021-05-27 14:48:57,888 [pool-191-thread-1] INFO  server.RaftServerConfigKeys (ConfUtils.java:logGet(44)) - raft.server.leaderelection.leader.step-down.wait-time = 10s (default)
2021-05-27 14:48:57,888 [pool-191-thread-1] INFO  server.RaftServerConfigKeys (ConfUtils.java:logGet(44)) - raft.server.sleep.deviation.threshold = 300ms (default)
2021-05-27 14:48:57,888 [pool-191-thread-1] INFO  server.RaftServerConfigKeys (ConfUtils.java:logGet(44)) - raft.server.log.appender.install.snapshot.enabled = false (custom)
2021-05-27 14:48:57,888 [pool-173-thread-1] INFO  server.RaftServer$Division (RaftServerImpl.java:start(295)) - 8e6df144-c6f6-43b2-a2f1-262f0d8e0594@group-BD86B44502A1: start as a follower, conf=-1: [8e6df144-c6f6-43b2-a2f1-262f0d8e0594|rpc:10.1.0.4:35723|priority:0, c80f2544-efc8-492a-83e4-5b8bcbed7eb8|rpc:10.1.0.4:35561|priority:1, 4028be1c-f04f-471f-a5c7-d66a385f5692|rpc:10.1.0.4:39853|priority:0], old=null
2021-05-27 14:48:57,888 [pool-173-thread-1] INFO  server.RaftServer$Division (RaftServerImpl.java:setRole(284)) - 8e6df144-c6f6-43b2-a2f1-262f0d8e0594@group-BD86B44502A1: changes role from      null to FOLLOWER at term 0 for startAsFollower
2021-05-27 14:48:57,888 [pool-173-thread-1] INFO  impl.RoleInfo (RoleInfo.java:updateAndGet(130)) - 8e6df144-c6f6-43b2-a2f1-262f0d8e0594: start 8e6df144-c6f6-43b2-a2f1-262f0d8e0594@group-BD86B44502A1-FollowerState
2021-05-27 14:48:57,888 [pool-191-thread-1] INFO  server.RaftServer$Division (ServerState.java:<init>(105)) - c80f2544-efc8-492a-83e4-5b8bcbed7eb8@group-B2661161F723: ConfigurationManager, init=-1: [c80f2544-efc8-492a-83e4-5b8bcbed7eb8|rpc:10.1.0.4:35561|priority:1], old=null, confs=<EMPTY_MAP>
2021-05-27 14:48:57,889 [pool-191-thread-1] INFO  server.RaftServerConfigKeys (ConfUtils.java:logGet(44)) - raft.server.storage.dir = [/home/runner/work/ozone/ozone/mnt/ozone/hadoop-ozone/integration-test/target/test-dir/MiniOzoneClusterImpl-01be8073-4a30-4c07-ba69-c81900f598d5/datanode-8/data/ratis] (custom)
2021-05-27 14:48:57,889 [pool-191-thread-1] INFO  server.RaftServerConfigKeys (ConfUtils.java:logGet(44)) - raft.server.log.corruption.policy = EXCEPTION (default)
2021-05-27 14:48:57,889 [pool-191-thread-1] INFO  storage.RaftStorageDirectory (RaftStorageDirectoryImpl.java:analyzeStorage(132)) - The storage directory /home/runner/work/ozone/ozone/mnt/ozone/hadoop-ozone/integration-test/target/test-dir/MiniOzoneClusterImpl-01be8073-4a30-4c07-ba69-c81900f598d5/datanode-8/data/ratis/955e6559-da5a-4dfd-a25a-b2661161f723 does not exist. Creating ...
2021-05-27 14:48:57,889 [pool-173-thread-1] INFO  util.JmxRegister (JmxRegister.java:tryRegister(44)) - Successfully registered JMX Bean with object name Ratis:service=RaftServer,group=group-BD86B44502A1,id=8e6df144-c6f6-43b2-a2f1-262f0d8e0594
2021-05-27 14:48:57,890 [pool-173-thread-1] INFO  metrics.RatisMetrics (RatisMetrics.java:lambda$create$0(36)) - Creating Metrics Registry : ratis.state_machine.8e6df144-c6f6-43b2-a2f1-262f0d8e0594@group-BD86B44502A1
2021-05-27 14:48:57,894 [Command processor thread] INFO  ratis.XceiverServerRatis (XceiverServerRatis.java:addGroup(808)) - Created group PipelineID=92661cd8-1084-46f9-bbf0-bd86b44502a1
2021-05-27 14:48:57,895 [Command processor thread] INFO  metrics.RatisMetrics (RatisMetrics.java:lambda$create$0(36)) - Creating Metrics Registry : ratis.client_message_metrics.client-9A07D780620C->c80f2544-efc8-492a-83e4-5b8bcbed7eb8
2021-05-27 14:48:57,900 [pool-191-thread-1] INFO  storage.RaftStorageDirectory (RaftStorageDirectoryImpl.java:tryLock(215)) - Lock on /home/runner/work/ozone/ozone/mnt/ozone/hadoop-ozone/integration-test/target/test-dir/MiniOzoneClusterImpl-01be8073-4a30-4c07-ba69-c81900f598d5/datanode-8/data/ratis/955e6559-da5a-4dfd-a25a-b2661161f723/in_use.lock acquired by nodename 2583@fv-az270-287
2021-05-27 14:48:57,900 [Command processor thread] INFO  metrics.RatisMetrics (RatisMetrics.java:lambda$create$0(36)) - Creating Metrics Registry : ratis.client_message_metrics.client-72CA9FD4F994->79a5c71d-05f9-4896-b0a5-ed7a69f27e7b
2021-05-27 14:48:57,901 [pool-191-thread-1] INFO  storage.RaftStorage (RaftStorageImpl.java:format(87)) - Storage directory /home/runner/work/ozone/ozone/mnt/ozone/hadoop-ozone/integration-test/target/test-dir/MiniOzoneClusterImpl-01be8073-4a30-4c07-ba69-c81900f598d5/datanode-8/data/ratis/955e6559-da5a-4dfd-a25a-b2661161f723 has been successfully formatted.
2021-05-27 14:48:57,901 [pool-191-thread-1] INFO  ratis.ContainerStateMachine (ContainerStateMachine.java:loadSnapshot(224)) - group-B2661161F723: The snapshot info is null. Setting the last applied indexto:(t:0, i:~)
2021-05-27 14:48:57,902 [pool-191-thread-1] INFO  server.RaftServerConfigKeys (ConfUtils.java:logGet(44)) - raft.server.notification.no-leader.timeout = 300000ms (custom)
2021-05-27 14:48:57,902 [pool-191-thread-1] INFO  server.RaftServerConfigKeys (ConfUtils.java:logGet(44)) - raft.server.log.use.memory = false (default)
2021-05-27 14:48:57,902 [pool-191-thread-1] INFO  server.RaftServerConfigKeys (ConfUtils.java:logGet(44)) - raft.server.log.purge.gap = 1000000 (custom)
2021-05-27 14:48:57,902 [pool-191-thread-1] INFO  server.RaftServerConfigKeys (ConfUtils.java:logGet(44)) - raft.server.log.appender.buffer.byte-limit = 33554432 (custom)
2021-05-27 14:48:57,902 [pool-191-thread-1] INFO  metrics.RatisMetrics (RatisMetrics.java:lambda$create$0(36)) - Creating Metrics Registry : ratis.log_worker.c80f2544-efc8-492a-83e4-5b8bcbed7eb8@group-B2661161F723
2021-05-27 14:48:57,902 [pool-191-thread-1] INFO  server.RaftServerConfigKeys (ConfUtils.java:logGet(44)) - raft.server.log.segment.size.max = 1048576 (custom)
2021-05-27 14:48:57,904 [EventQueue-PipelineReportForOneReplicaPipelineSafeModeRule] INFO  safemode.SCMSafeModeManager (SCMSafeModeManager.java:validateSafeModeExitRules(201)) - AtleastOneDatanodeReportedRule rule is successfully validated
2021-05-27 14:48:57,904 [EventQueue-PipelineReportForPipelineReportHandler] INFO  pipeline.PipelineManagerV2Impl (PipelineManagerV2Impl.java:openPipeline(270)) - Pipeline Pipeline[ Id: 955e6559-da5a-4dfd-a25a-b2661161f723, Nodes: c80f2544-efc8-492a-83e4-5b8bcbed7eb8{ip: 10.1.0.4, host: fv-az270-287.tacnzluakwdehk1hpragurqkma.bx.internal.cloudapp.net, ports: [REPLICATION=44649, RATIS=35561, RATIS_ADMIN=35561, RATIS_SERVER=35561, STANDALONE=39239], networkLocation: /default-rack, certSerialId: null, persistedOpState: IN_SERVICE, persistedOpStateExpiryEpochSec: 0}, ReplicationConfig: RATIS/ONE, State:ALLOCATED, leaderId:c80f2544-efc8-492a-83e4-5b8bcbed7eb8, CreationTimestamp2021-05-27T14:48:54.890Z] moved to OPEN state
2021-05-27 14:48:57,904 [EventQueue-OpenPipelineForHealthyPipelineSafeModeRule] INFO  safemode.SCMSafeModeManager (HealthyPipelineSafeModeRule.java:process(130)) - SCM in safe mode. Healthy pipelines reported count is 0, required healthy pipeline reported count is 1
2021-05-27 14:48:57,909 [pool-191-thread-1] INFO  server.RaftServerConfigKeys (ConfUtils.java:logGet(44)) - raft.server.log.segment.cache.num.max = 2 (custom)
2021-05-27 14:48:57,910 [pool-191-thread-1] INFO  server.RaftServerConfigKeys (ConfUtils.java:logGet(44)) - raft.server.log.segment.cache.size.max = 200MB (=209715200) (default)
2021-05-27 14:48:57,910 [pool-191-thread-1] INFO  segmented.SegmentedRaftLogWorker (SegmentedRaftLogWorker.java:<init>(182)) - new c80f2544-efc8-492a-83e4-5b8bcbed7eb8@group-B2661161F723-SegmentedRaftLogWorker for RaftStorageImpl:Storage Directory /home/runner/work/ozone/ozone/mnt/ozone/hadoop-ozone/integration-test/target/test-dir/MiniOzoneClusterImpl-01be8073-4a30-4c07-ba69-c81900f598d5/datanode-8/data/ratis/955e6559-da5a-4dfd-a25a-b2661161f723
2021-05-27 14:48:57,910 [pool-191-thread-1] INFO  server.RaftServerConfigKeys (ConfUtils.java:logGet(44)) - raft.server.log.queue.byte-limit = 2147483647 (custom)
2021-05-27 14:48:57,910 [pool-191-thread-1] INFO  server.RaftServerConfigKeys (ConfUtils.java:logGet(44)) - raft.server.log.queue.element-limit = 1024 (custom)
2021-05-27 14:48:57,910 [pool-191-thread-1] INFO  server.RaftServerConfigKeys (ConfUtils.java:logGet(44)) - raft.server.log.segment.size.max = 1048576 (custom)
2021-05-27 14:48:57,910 [pool-191-thread-1] INFO  server.RaftServerConfigKeys (ConfUtils.java:logGet(44)) - raft.server.log.preallocated.size = 16384 (custom)
2021-05-27 14:48:57,911 [pool-191-thread-1] INFO  server.RaftServerConfigKeys (ConfUtils.java:logGet(44)) - raft.server.log.force.sync.num = 128 (default)
2021-05-27 14:48:57,911 [pool-191-thread-1] INFO  server.RaftServerConfigKeys (ConfUtils.java:logGet(44)) - raft.server.log.statemachine.data.sync = true (default)
2021-05-27 14:48:57,911 [pool-191-thread-1] INFO  server.RaftServerConfigKeys (ConfUtils.java:logGet(44)) - raft.server.log.statemachine.data.sync.timeout = 10s (default)
2021-05-27 14:48:57,911 [pool-191-thread-1] INFO  server.RaftServerConfigKeys (ConfUtils.java:logGet(44)) - raft.server.log.statemachine.data.sync.timeout.retry = -1 (default)
2021-05-27 14:48:57,911 [pool-191-thread-1] INFO  server.RaftServerConfigKeys (ConfUtils.java:logGet(44)) - raft.server.log.write.buffer.size = 1048576 (custom)
2021-05-27 14:48:57,912 [pool-191-thread-1] INFO  server.RaftServerConfigKeys (ConfUtils.java:logGet(44)) - raft.server.log.statemachine.data.caching.enabled = true (custom)
2021-05-27 14:48:57,912 [pool-191-thread-1] INFO  segmented.SegmentedRaftLogWorker (SegmentedRaftLogWorker.java:lambda$new$0(133)) - c80f2544-efc8-492a-83e4-5b8bcbed7eb8@group-B2661161F723-SegmentedRaftLogWorker: flushIndex: setUnconditionally 0 -> -1
2021-05-27 14:48:57,912 [pool-191-thread-1] INFO  segmented.SegmentedRaftLogWorker (SegmentedRaftLogWorker.java:lambda$new$0(133)) - c80f2544-efc8-492a-83e4-5b8bcbed7eb8@group-B2661161F723-SegmentedRaftLogWorker: safeCacheEvictIndex: setUnconditionally 0 -> -1
2021-05-27 14:48:57,910 [grpc-default-executor-1] INFO  metrics.RatisMetrics (RatisMetrics.java:lambda$create$0(36)) - Creating Metrics Registry : ratis.server_message_metrics.79a5c71d-05f9-4896-b0a5-ed7a69f27e7b
2021-05-27 14:48:57,909 [Command processor thread] INFO  metrics.RatisMetrics (RatisMetrics.java:lambda$create$0(36)) - Creating Metrics Registry : ratis.client_message_metrics.client-49D73E08403E->8e6df144-c6f6-43b2-a2f1-262f0d8e0594
2021-05-27 14:48:57,913 [pool-191-thread-1] INFO  server.RaftServerConfigKeys (ConfUtils.java:logGet(44)) - raft.server.snapshot.auto.trigger.enabled = true (custom)
2021-05-27 14:48:57,913 [pool-191-thread-1] INFO  server.RaftServerConfigKeys (ConfUtils.java:logGet(44)) - raft.server.snapshot.auto.trigger.threshold = 10000 (custom)
2021-05-27 14:48:57,913 [pool-191-thread-1] INFO  server.RaftServerConfigKeys (ConfUtils.java:logGet(44)) - raft.server.snapshot.retention.file.num = 5 (custom)
2021-05-27 14:48:57,913 [pool-191-thread-1] INFO  server.RaftServerConfigKeys (ConfUtils.java:logGet(44)) - raft.server.log.purge.upto.snapshot.index = false (default)
2021-05-27 14:48:57,913 [pool-191-thread-1] INFO  server.RaftServerConfigKeys (ConfUtils.java:logGet(44)) - raft.server.retrycache.expirytime = 600000ms (custom)
2021-05-27 14:48:57,913 [pool-191-thread-1] INFO  server.RaftServerConfigKeys (ConfUtils.java:logGet(44)) - raft.server.retrycache.statistics.expirytime = 100μs (default)
2021-05-27 14:48:57,914 [pool-191-thread-1] INFO  metrics.RatisMetrics (RatisMetrics.java:lambda$create$0(36)) - Creating Metrics Registry : ratis.leader_election.c80f2544-efc8-492a-83e4-5b8bcbed7eb8@group-B2661161F723
2021-05-27 14:48:57,914 [pool-191-thread-1] INFO  metrics.RatisMetrics (RatisMetrics.java:lambda$create$0(36)) - Creating Metrics Registry : ratis.server.c80f2544-efc8-492a-83e4-5b8bcbed7eb8@group-B2661161F723
2021-05-27 14:48:57,914 [pool-191-thread-1] INFO  server.RaftServer$Division (RaftServerImpl.java:start(295)) - c80f2544-efc8-492a-83e4-5b8bcbed7eb8@group-B2661161F723: start as a follower, conf=-1: [c80f2544-efc8-492a-83e4-5b8bcbed7eb8|rpc:10.1.0.4:35561|priority:1], old=null
2021-05-27 14:48:57,914 [pool-191-thread-1] INFO  server.RaftServer$Division (RaftServerImpl.java:setRole(284)) - c80f2544-efc8-492a-83e4-5b8bcbed7eb8@group-B2661161F723: changes role from      null to FOLLOWER at term 0 for startAsFollower
2021-05-27 14:48:57,915 [pool-191-thread-1] INFO  impl.RoleInfo (RoleInfo.java:updateAndGet(130)) - c80f2544-efc8-492a-83e4-5b8bcbed7eb8: start c80f2544-efc8-492a-83e4-5b8bcbed7eb8@group-B2661161F723-FollowerState
2021-05-27 14:48:57,915 [pool-191-thread-1] INFO  util.JmxRegister (JmxRegister.java:tryRegister(44)) - Successfully registered JMX Bean with object name Ratis:service=RaftServer,group=group-B2661161F723,id=c80f2544-efc8-492a-83e4-5b8bcbed7eb8
2021-05-27 14:48:57,915 [pool-191-thread-1] INFO  metrics.RatisMetrics (RatisMetrics.java:lambda$create$0(36)) - Creating Metrics Registry : ratis.state_machine.c80f2544-efc8-492a-83e4-5b8bcbed7eb8@group-B2661161F723
2021-05-27 14:48:57,915 [Command processor thread] INFO  ratis.XceiverServerRatis (XceiverServerRatis.java:addGroup(808)) - Created group PipelineID=955e6559-da5a-4dfd-a25a-b2661161f723
2021-05-27 14:48:57,916 [Command processor thread] INFO  commandhandler.CreatePipelineCommandHandler (CreatePipelineCommandHandler.java:handle(106)) - Created Pipeline RATIS ONE PipelineID=955e6559-da5a-4dfd-a25a-b2661161f723.
2021-05-27 14:48:57,922 [grpc-default-executor-2] INFO  metrics.RatisMetrics (RatisMetrics.java:lambda$create$0(36)) - Creating Metrics Registry : ratis.server_message_metrics.8e6df144-c6f6-43b2-a2f1-262f0d8e0594
2021-05-27 14:48:57,935 [Command processor thread] INFO  commandhandler.CreatePipelineCommandHandler (CreatePipelineCommandHandler.java:handle(106)) - Created Pipeline RATIS THREE PipelineID=86ab80c3-99b9-4fb4-9adb-beb3cad4bd71.
2021-05-27 14:48:57,940 [Command processor thread] INFO  commandhandler.CreatePipelineCommandHandler (CreatePipelineCommandHandler.java:handle(106)) - Created Pipeline RATIS THREE PipelineID=92661cd8-1084-46f9-bbf0-bd86b44502a1.
2021-05-27 14:48:57,947 [Command processor thread] INFO  metrics.RatisMetrics (RatisMetrics.java:lambda$create$0(36)) - Creating Metrics Registry : ratis.client_message_metrics.client-101F27F25DED->4028be1c-f04f-471f-a5c7-d66a385f5692
2021-05-27 14:48:57,954 [grpc-default-executor-1] INFO  metrics.RatisMetrics (RatisMetrics.java:lambda$create$0(36)) - Creating Metrics Registry : ratis.server_message_metrics.4028be1c-f04f-471f-a5c7-d66a385f5692
2021-05-27 14:48:57,971 [Command processor thread] INFO  commandhandler.CreatePipelineCommandHandler (CreatePipelineCommandHandler.java:handle(106)) - Created Pipeline RATIS THREE PipelineID=92661cd8-1084-46f9-bbf0-bd86b44502a1.
2021-05-27 14:48:57,983 [Listener at 127.0.0.1/33213] INFO  ozone.MiniOzoneClusterImpl (MiniOzoneClusterImpl.java:lambda$waitForClusterToBeReady$0(224)) - Nodes are ready. Got 9 of 9 DN Heartbeats.
2021-05-27 14:48:57,983 [Listener at 127.0.0.1/33213] INFO  ozone.MiniOzoneClusterImpl (MiniOzoneClusterImpl.java:lambda$waitForClusterToBeReady$0(227)) - Waiting for cluster to exit safe mode
2021-05-27 14:48:57,983 [Listener at 127.0.0.1/33213] INFO  ozone.MiniOzoneClusterImpl (MiniOzoneClusterImpl.java:lambda$waitForClusterToBeReady$0(230)) - SCM became leader
2021-05-27 14:48:58,074 [EventQueue-PipelineReportForOneReplicaPipelineSafeModeRule] INFO  safemode.SCMSafeModeManager (SCMSafeModeManager.java:validateSafeModeExitRules(201)) - AtleastOneDatanodeReportedRule rule is successfully validated
2021-05-27 14:48:58,074 [EventQueue-OpenPipelineForHealthyPipelineSafeModeRule] INFO  safemode.SCMSafeModeManager (HealthyPipelineSafeModeRule.java:process(130)) - SCM in safe mode. Healthy pipelines reported count is 0, required healthy pipeline reported count is 1
2021-05-27 14:48:58,078 [EventQueue-PipelineReportForOneReplicaPipelineSafeModeRule] INFO  safemode.SCMSafeModeManager (SCMSafeModeManager.java:validateSafeModeExitRules(201)) - AtleastOneDatanodeReportedRule rule is successfully validated
2021-05-27 14:48:58,078 [EventQueue-OpenPipelineForHealthyPipelineSafeModeRule] INFO  safemode.SCMSafeModeManager (HealthyPipelineSafeModeRule.java:process(130)) - SCM in safe mode. Healthy pipelines reported count is 0, required healthy pipeline reported count is 1
2021-05-27 14:48:58,163 [EventQueue-OpenPipelineForHealthyPipelineSafeModeRule] INFO  safemode.SCMSafeModeManager (HealthyPipelineSafeModeRule.java:process(130)) - SCM in safe mode. Healthy pipelines reported count is 0, required healthy pipeline reported count is 1
2021-05-27 14:48:58,163 [EventQueue-PipelineReportForOneReplicaPipelineSafeModeRule] INFO  safemode.SCMSafeModeManager (SCMSafeModeManager.java:validateSafeModeExitRules(201)) - AtleastOneDatanodeReportedRule rule is successfully validated
2021-05-27 14:48:58,291 [EventQueue-OpenPipelineForHealthyPipelineSafeModeRule] INFO  safemode.SCMSafeModeManager (HealthyPipelineSafeModeRule.java:process(130)) - SCM in safe mode. Healthy pipelines reported count is 0, required healthy pipeline reported count is 1
2021-05-27 14:48:58,291 [EventQueue-PipelineReportForOneReplicaPipelineSafeModeRule] INFO  safemode.SCMSafeModeManager (SCMSafeModeManager.java:validateSafeModeExitRules(201)) - AtleastOneDatanodeReportedRule rule is successfully validated
2021-05-27 14:48:58,442 [EventQueue-PipelineReportForOneReplicaPipelineSafeModeRule] INFO  safemode.SCMSafeModeManager (SCMSafeModeManager.java:validateSafeModeExitRules(201)) - AtleastOneDatanodeReportedRule rule is successfully validated
2021-05-27 14:48:58,442 [EventQueue-OpenPipelineForHealthyPipelineSafeModeRule] INFO  safemode.SCMSafeModeManager (HealthyPipelineSafeModeRule.java:process(130)) - SCM in safe mode. Healthy pipelines reported count is 0, required healthy pipeline reported count is 1
2021-05-27 14:48:58,770 [EventQueue-OpenPipelineForHealthyPipelineSafeModeRule] INFO  safemode.SCMSafeModeManager (HealthyPipelineSafeModeRule.java:process(130)) - SCM in safe mode. Healthy pipelines reported count is 0, required healthy pipeline reported count is 1
2021-05-27 14:48:58,770 [EventQueue-PipelineReportForOneReplicaPipelineSafeModeRule] INFO  safemode.SCMSafeModeManager (SCMSafeModeManager.java:validateSafeModeExitRules(201)) - AtleastOneDatanodeReportedRule rule is successfully validated
2021-05-27 14:48:58,772 [EventQueue-PipelineReportForOneReplicaPipelineSafeModeRule] INFO  safemode.SCMSafeModeManager (SCMSafeModeManager.java:validateSafeModeExitRules(201)) - AtleastOneDatanodeReportedRule rule is successfully validated
2021-05-27 14:48:58,772 [EventQueue-OpenPipelineForHealthyPipelineSafeModeRule] INFO  safemode.SCMSafeModeManager (HealthyPipelineSafeModeRule.java:process(130)) - SCM in safe mode. Healthy pipelines reported count is 0, required healthy pipeline reported count is 1
2021-05-27 14:48:58,864 [EventQueue-PipelineReportForOneReplicaPipelineSafeModeRule] INFO  safemode.SCMSafeModeManager (SCMSafeModeManager.java:validateSafeModeExitRules(201)) - AtleastOneDatanodeReportedRule rule is successfully validated
2021-05-27 14:48:58,864 [EventQueue-OpenPipelineForHealthyPipelineSafeModeRule] INFO  safemode.SCMSafeModeManager (HealthyPipelineSafeModeRule.java:process(130)) - SCM in safe mode. Healthy pipelines reported count is 0, required healthy pipeline reported count is 1
2021-05-27 14:48:58,903 [EventQueue-PipelineReportForOneReplicaPipelineSafeModeRule] INFO  safemode.SCMSafeModeManager (SCMSafeModeManager.java:validateSafeModeExitRules(201)) - AtleastOneDatanodeReportedRule rule is successfully validated
2021-05-27 14:48:58,904 [EventQueue-OpenPipelineForHealthyPipelineSafeModeRule] INFO  safemode.SCMSafeModeManager (HealthyPipelineSafeModeRule.java:process(130)) - SCM in safe mode. Healthy pipelines reported count is 0, required healthy pipeline reported count is 1
2021-05-27 14:48:58,983 [Listener at 127.0.0.1/33213] INFO  ozone.MiniOzoneClusterImpl (MiniOzoneClusterImpl.java:lambda$waitForClusterToBeReady$0(224)) - Nodes are ready. Got 9 of 9 DN Heartbeats.
2021-05-27 14:48:58,984 [Listener at 127.0.0.1/33213] INFO  ozone.MiniOzoneClusterImpl (MiniOzoneClusterImpl.java:lambda$waitForClusterToBeReady$0(227)) - Waiting for cluster to exit safe mode
2021-05-27 14:48:58,984 [Listener at 127.0.0.1/33213] INFO  ozone.MiniOzoneClusterImpl (MiniOzoneClusterImpl.java:lambda$waitForClusterToBeReady$0(230)) - SCM became leader
2021-05-27 14:48:59,074 [EventQueue-PipelineReportForOneReplicaPipelineSafeModeRule] INFO  safemode.SCMSafeModeManager (SCMSafeModeManager.java:validateSafeModeExitRules(201)) - AtleastOneDatanodeReportedRule rule is successfully validated
2021-05-27 14:48:59,074 [EventQueue-OpenPipelineForHealthyPipelineSafeModeRule] INFO  safemode.SCMSafeModeManager (HealthyPipelineSafeModeRule.java:process(130)) - SCM in safe mode. Healthy pipelines reported count is 0, required healthy pipeline reported count is 1
2021-05-27 14:48:59,078 [EventQueue-PipelineReportForOneReplicaPipelineSafeModeRule] INFO  safemode.SCMSafeModeManager (SCMSafeModeManager.java:validateSafeModeExitRules(201)) - AtleastOneDatanodeReportedRule rule is successfully validated
2021-05-27 14:48:59,078 [EventQueue-OpenPipelineForHealthyPipelineSafeModeRule] INFO  safemode.SCMSafeModeManager (HealthyPipelineSafeModeRule.java:process(130)) - SCM in safe mode. Healthy pipelines reported count is 0, required healthy pipeline reported count is 1
2021-05-27 14:48:59,163 [EventQueue-OpenPipelineForHealthyPipelineSafeModeRule] INFO  safemode.SCMSafeModeManager (HealthyPipelineSafeModeRule.java:process(130)) - SCM in safe mode. Healthy pipelines reported count is 0, required healthy pipeline reported count is 1
2021-05-27 14:48:59,163 [EventQueue-PipelineReportForOneReplicaPipelineSafeModeRule] INFO  safemode.SCMSafeModeManager (SCMSafeModeManager.java:validateSafeModeExitRules(201)) - AtleastOneDatanodeReportedRule rule is successfully validated
2021-05-27 14:48:59,291 [EventQueue-PipelineReportForOneReplicaPipelineSafeModeRule] INFO  safemode.SCMSafeModeManager (SCMSafeModeManager.java:validateSafeModeExitRules(201)) - AtleastOneDatanodeReportedRule rule is successfully validated
2021-05-27 14:48:59,291 [EventQueue-OpenPipelineForHealthyPipelineSafeModeRule] INFO  safemode.SCMSafeModeManager (HealthyPipelineSafeModeRule.java:process(130)) - SCM in safe mode. Healthy pipelines reported count is 0, required healthy pipeline reported count is 1
2021-05-27 14:48:59,443 [EventQueue-PipelineReportForOneReplicaPipelineSafeModeRule] INFO  safemode.SCMSafeModeManager (SCMSafeModeManager.java:validateSafeModeExitRules(201)) - AtleastOneDatanodeReportedRule rule is successfully validated
2021-05-27 14:48:59,443 [EventQueue-OpenPipelineForHealthyPipelineSafeModeRule] INFO  safemode.SCMSafeModeManager (HealthyPipelineSafeModeRule.java:process(130)) - SCM in safe mode. Healthy pipelines reported count is 0, required healthy pipeline reported count is 1
2021-05-27 14:48:59,770 [EventQueue-PipelineReportForOneReplicaPipelineSafeModeRule] INFO  safemode.SCMSafeModeManager (SCMSafeModeManager.java:validateSafeModeExitRules(201)) - AtleastOneDatanodeReportedRule rule is successfully validated
2021-05-27 14:48:59,770 [EventQueue-OpenPipelineForHealthyPipelineSafeModeRule] INFO  safemode.SCMSafeModeManager (HealthyPipelineSafeModeRule.java:process(130)) - SCM in safe mode. Healthy pipelines reported count is 0, required healthy pipeline reported count is 1
2021-05-27 14:48:59,774 [EventQueue-OpenPipelineForHealthyPipelineSafeModeRule] INFO  safemode.SCMSafeModeManager (HealthyPipelineSafeModeRule.java:process(130)) - SCM in safe mode. Healthy pipelines reported count is 0, required healthy pipeline reported count is 1
2021-05-27 14:48:59,774 [EventQueue-PipelineReportForOneReplicaPipelineSafeModeRule] INFO  safemode.SCMSafeModeManager (SCMSafeModeManager.java:validateSafeModeExitRules(201)) - AtleastOneDatanodeReportedRule rule is successfully validated
2021-05-27 14:48:59,864 [EventQueue-PipelineReportForOneReplicaPipelineSafeModeRule] INFO  safemode.SCMSafeModeManager (SCMSafeModeManager.java:validateSafeModeExitRules(201)) - AtleastOneDatanodeReportedRule rule is successfully validated
2021-05-27 14:48:59,865 [EventQueue-OpenPipelineForHealthyPipelineSafeModeRule] INFO  safemode.SCMSafeModeManager (HealthyPipelineSafeModeRule.java:process(130)) - SCM in safe mode. Healthy pipelines reported count is 0, required healthy pipeline reported count is 1
2021-05-27 14:48:59,903 [EventQueue-OpenPipelineForHealthyPipelineSafeModeRule] INFO  safemode.SCMSafeModeManager (HealthyPipelineSafeModeRule.java:process(130)) - SCM in safe mode. Healthy pipelines reported count is 0, required healthy pipeline reported count is 1
2021-05-27 14:48:59,903 [EventQueue-PipelineReportForOneReplicaPipelineSafeModeRule] INFO  safemode.SCMSafeModeManager (SCMSafeModeManager.java:validateSafeModeExitRules(201)) - AtleastOneDatanodeReportedRule rule is successfully validated
2021-05-27 14:48:59,984 [Listener at 127.0.0.1/33213] INFO  ozone.MiniOzoneClusterImpl (MiniOzoneClusterImpl.java:lambda$waitForClusterToBeReady$0(224)) - Nodes are ready. Got 9 of 9 DN Heartbeats.
2021-05-27 14:48:59,984 [Listener at 127.0.0.1/33213] INFO  ozone.MiniOzoneClusterImpl (MiniOzoneClusterImpl.java:lambda$waitForClusterToBeReady$0(227)) - Waiting for cluster to exit safe mode
2021-05-27 14:48:59,984 [Listener at 127.0.0.1/33213] INFO  ozone.MiniOzoneClusterImpl (MiniOzoneClusterImpl.java:lambda$waitForClusterToBeReady$0(230)) - SCM became leader
2021-05-27 14:49:00,074 [EventQueue-PipelineReportForOneReplicaPipelineSafeModeRule] INFO  safemode.SCMSafeModeManager (SCMSafeModeManager.java:validateSafeModeExitRules(201)) - AtleastOneDatanodeReportedRule rule is successfully validated
2021-05-27 14:49:00,074 [EventQueue-OpenPipelineForHealthyPipelineSafeModeRule] INFO  safemode.SCMSafeModeManager (HealthyPipelineSafeModeRule.java:process(130)) - SCM in safe mode. Healthy pipelines reported count is 0, required healthy pipeline reported count is 1
2021-05-27 14:49:00,077 [EventQueue-OpenPipelineForHealthyPipelineSafeModeRule] INFO  safemode.SCMSafeModeManager (HealthyPipelineSafeModeRule.java:process(130)) - SCM in safe mode. Healthy pipelines reported count is 0, required healthy pipeline reported count is 1
2021-05-27 14:49:00,078 [EventQueue-PipelineReportForOneReplicaPipelineSafeModeRule] INFO  safemode.SCMSafeModeManager (SCMSafeModeManager.java:validateSafeModeExitRules(201)) - AtleastOneDatanodeReportedRule rule is successfully validated
2021-05-27 14:49:00,164 [EventQueue-OpenPipelineForHealthyPipelineSafeModeRule] INFO  safemode.SCMSafeModeManager (HealthyPipelineSafeModeRule.java:process(130)) - SCM in safe mode. Healthy pipelines reported count is 0, required healthy pipeline reported count is 1
2021-05-27 14:49:00,164 [EventQueue-PipelineReportForOneReplicaPipelineSafeModeRule] INFO  safemode.SCMSafeModeManager (SCMSafeModeManager.java:validateSafeModeExitRules(201)) - AtleastOneDatanodeReportedRule rule is successfully validated
2021-05-27 14:49:00,292 [EventQueue-PipelineReportForOneReplicaPipelineSafeModeRule] INFO  safemode.SCMSafeModeManager (SCMSafeModeManager.java:validateSafeModeExitRules(201)) - AtleastOneDatanodeReportedRule rule is successfully validated
2021-05-27 14:49:00,292 [EventQueue-OpenPipelineForHealthyPipelineSafeModeRule] INFO  safemode.SCMSafeModeManager (HealthyPipelineSafeModeRule.java:process(130)) - SCM in safe mode. Healthy pipelines reported count is 0, required healthy pipeline reported count is 1
2021-05-27 14:49:00,443 [EventQueue-PipelineReportForOneReplicaPipelineSafeModeRule] INFO  safemode.SCMSafeModeManager (SCMSafeModeManager.java:validateSafeModeExitRules(201)) - AtleastOneDatanodeReportedRule rule is successfully validated
2021-05-27 14:49:00,443 [EventQueue-OpenPipelineForHealthyPipelineSafeModeRule] INFO  safemode.SCMSafeModeManager (HealthyPipelineSafeModeRule.java:process(130)) - SCM in safe mode. Healthy pipelines reported count is 0, required healthy pipeline reported count is 1
2021-05-27 14:49:00,770 [EventQueue-OpenPipelineForHealthyPipelineSafeModeRule] INFO  safemode.SCMSafeModeManager (HealthyPipelineSafeModeRule.java:process(130)) - SCM in safe mode. Healthy pipelines reported count is 0, required healthy pipeline reported count is 1
2021-05-27 14:49:00,770 [EventQueue-PipelineReportForOneReplicaPipelineSafeModeRule] INFO  safemode.SCMSafeModeManager (SCMSafeModeManager.java:validateSafeModeExitRules(201)) - AtleastOneDatanodeReportedRule rule is successfully validated
2021-05-27 14:49:00,774 [EventQueue-OpenPipelineForHealthyPipelineSafeModeRule] INFO  safemode.SCMSafeModeManager (HealthyPipelineSafeModeRule.java:process(130)) - SCM in safe mode. Healthy pipelines reported count is 0, required healthy pipeline reported count is 1
2021-05-27 14:49:00,774 [EventQueue-PipelineReportForOneReplicaPipelineSafeModeRule] INFO  safemode.SCMSafeModeManager (SCMSafeModeManager.java:validateSafeModeExitRules(201)) - AtleastOneDatanodeReportedRule rule is successfully validated
2021-05-27 14:49:00,866 [EventQueue-OpenPipelineForHealthyPipelineSafeModeRule] INFO  safemode.SCMSafeModeManager (HealthyPipelineSafeModeRule.java:process(130)) - SCM in safe mode. Healthy pipelines reported count is 0, required healthy pipeline reported count is 1
2021-05-27 14:49:00,866 [EventQueue-PipelineReportForOneReplicaPipelineSafeModeRule] INFO  safemode.SCMSafeModeManager (SCMSafeModeManager.java:validateSafeModeExitRules(201)) - AtleastOneDatanodeReportedRule rule is successfully validated
2021-05-27 14:49:00,903 [EventQueue-OpenPipelineForHealthyPipelineSafeModeRule] INFO  safemode.SCMSafeModeManager (HealthyPipelineSafeModeRule.java:process(130)) - SCM in safe mode. Healthy pipelines reported count is 0, required healthy pipeline reported count is 1
2021-05-27 14:49:00,903 [EventQueue-PipelineReportForOneReplicaPipelineSafeModeRule] INFO  safemode.SCMSafeModeManager (SCMSafeModeManager.java:validateSafeModeExitRules(201)) - AtleastOneDatanodeReportedRule rule is successfully validated
2021-05-27 14:49:00,984 [Listener at 127.0.0.1/33213] INFO  ozone.MiniOzoneClusterImpl (MiniOzoneClusterImpl.java:lambda$waitForClusterToBeReady$0(224)) - Nodes are ready. Got 9 of 9 DN Heartbeats.
2021-05-27 14:49:00,985 [Listener at 127.0.0.1/33213] INFO  ozone.MiniOzoneClusterImpl (MiniOzoneClusterImpl.java:lambda$waitForClusterToBeReady$0(227)) - Waiting for cluster to exit safe mode
2021-05-27 14:49:00,985 [Listener at 127.0.0.1/33213] INFO  ozone.MiniOzoneClusterImpl (MiniOzoneClusterImpl.java:lambda$waitForClusterToBeReady$0(230)) - SCM became leader
2021-05-27 14:49:01,074 [EventQueue-PipelineReportForOneReplicaPipelineSafeModeRule] INFO  safemode.SCMSafeModeManager (SCMSafeModeManager.java:validateSafeModeExitRules(201)) - AtleastOneDatanodeReportedRule rule is successfully validated
2021-05-27 14:49:01,074 [EventQueue-OpenPipelineForHealthyPipelineSafeModeRule] INFO  safemode.SCMSafeModeManager (HealthyPipelineSafeModeRule.java:process(130)) - SCM in safe mode. Healthy pipelines reported count is 0, required healthy pipeline reported count is 1
2021-05-27 14:49:01,078 [EventQueue-OpenPipelineForHealthyPipelineSafeModeRule] INFO  safemode.SCMSafeModeManager (HealthyPipelineSafeModeRule.java:process(130)) - SCM in safe mode. Healthy pipelines reported count is 0, required healthy pipeline reported count is 1
2021-05-27 14:49:01,078 [EventQueue-PipelineReportForOneReplicaPipelineSafeModeRule] INFO  safemode.SCMSafeModeManager (SCMSafeModeManager.java:validateSafeModeExitRules(201)) - AtleastOneDatanodeReportedRule rule is successfully validated
2021-05-27 14:49:01,164 [EventQueue-PipelineReportForOneReplicaPipelineSafeModeRule] INFO  safemode.SCMSafeModeManager (SCMSafeModeManager.java:validateSafeModeExitRules(201)) - AtleastOneDatanodeReportedRule rule is successfully validated
2021-05-27 14:49:01,164 [EventQueue-OpenPipelineForHealthyPipelineSafeModeRule] INFO  safemode.SCMSafeModeManager (HealthyPipelineSafeModeRule.java:process(130)) - SCM in safe mode. Healthy pipelines reported count is 0, required healthy pipeline reported count is 1
2021-05-27 14:49:01,291 [EventQueue-PipelineReportForOneReplicaPipelineSafeModeRule] INFO  safemode.SCMSafeModeManager (SCMSafeModeManager.java:validateSafeModeExitRules(201)) - AtleastOneDatanodeReportedRule rule is successfully validated
2021-05-27 14:49:01,291 [EventQueue-OpenPipelineForHealthyPipelineSafeModeRule] INFO  safemode.SCMSafeModeManager (HealthyPipelineSafeModeRule.java:process(130)) - SCM in safe mode. Healthy pipelines reported count is 0, required healthy pipeline reported count is 1
2021-05-27 14:49:01,443 [EventQueue-PipelineReportForOneReplicaPipelineSafeModeRule] INFO  safemode.SCMSafeModeManager (SCMSafeModeManager.java:validateSafeModeExitRules(201)) - AtleastOneDatanodeReportedRule rule is successfully validated
2021-05-27 14:49:01,443 [EventQueue-OpenPipelineForHealthyPipelineSafeModeRule] INFO  safemode.SCMSafeModeManager (HealthyPipelineSafeModeRule.java:process(130)) - SCM in safe mode. Healthy pipelines reported count is 0, required healthy pipeline reported count is 1
2021-05-27 14:49:01,770 [EventQueue-PipelineReportForOneReplicaPipelineSafeModeRule] INFO  safemode.SCMSafeModeManager (SCMSafeModeManager.java:validateSafeModeExitRules(201)) - AtleastOneDatanodeReportedRule rule is successfully validated
2021-05-27 14:49:01,770 [EventQueue-OpenPipelineForHealthyPipelineSafeModeRule] INFO  safemode.SCMSafeModeManager (HealthyPipelineSafeModeRule.java:process(130)) - SCM in safe mode. Healthy pipelines reported count is 0, required healthy pipeline reported count is 1
2021-05-27 14:49:01,775 [EventQueue-PipelineReportForOneReplicaPipelineSafeModeRule] INFO  safemode.SCMSafeModeManager (SCMSafeModeManager.java:validateSafeModeExitRules(201)) - AtleastOneDatanodeReportedRule rule is successfully validated
2021-05-27 14:49:01,775 [EventQueue-OpenPipelineForHealthyPipelineSafeModeRule] INFO  safemode.SCMSafeModeManager (HealthyPipelineSafeModeRule.java:process(130)) - SCM in safe mode. Healthy pipelines reported count is 0, required healthy pipeline reported count is 1
2021-05-27 14:49:01,866 [EventQueue-OpenPipelineForHealthyPipelineSafeModeRule] INFO  safemode.SCMSafeModeManager (HealthyPipelineSafeModeRule.java:process(130)) - SCM in safe mode. Healthy pipelines reported count is 0, required healthy pipeline reported count is 1
2021-05-27 14:49:01,866 [EventQueue-PipelineReportForOneReplicaPipelineSafeModeRule] INFO  safemode.SCMSafeModeManager (SCMSafeModeManager.java:validateSafeModeExitRules(201)) - AtleastOneDatanodeReportedRule rule is successfully validated
2021-05-27 14:49:01,902 [EventQueue-PipelineReportForOneReplicaPipelineSafeModeRule] INFO  safemode.SCMSafeModeManager (SCMSafeModeManager.java:validateSafeModeExitRules(201)) - AtleastOneDatanodeReportedRule rule is successfully validated
2021-05-27 14:49:01,903 [EventQueue-OpenPipelineForHealthyPipelineSafeModeRule] INFO  safemode.SCMSafeModeManager (HealthyPipelineSafeModeRule.java:process(130)) - SCM in safe mode. Healthy pipelines reported count is 0, required healthy pipeline reported count is 1
2021-05-27 14:49:01,985 [Listener at 127.0.0.1/33213] INFO  ozone.MiniOzoneClusterImpl (MiniOzoneClusterImpl.java:lambda$waitForClusterToBeReady$0(224)) - Nodes are ready. Got 9 of 9 DN Heartbeats.
2021-05-27 14:49:01,985 [Listener at 127.0.0.1/33213] INFO  ozone.MiniOzoneClusterImpl (MiniOzoneClusterImpl.java:lambda$waitForClusterToBeReady$0(227)) - Waiting for cluster to exit safe mode
2021-05-27 14:49:01,985 [Listener at 127.0.0.1/33213] INFO  ozone.MiniOzoneClusterImpl (MiniOzoneClusterImpl.java:lambda$waitForClusterToBeReady$0(230)) - SCM became leader
2021-05-27 14:49:02,068 [cc66d020-3049-4c90-bc53-6b8115d82a8c@group-0FF4DFCCC907-FollowerState] INFO  impl.FollowerState (FollowerState.java:run(134)) - cc66d020-3049-4c90-bc53-6b8115d82a8c@group-0FF4DFCCC907-FollowerState: change to CANDIDATE, lastRpcElapsedTime:5044571604ns, electionTimeout:5044ms
2021-05-27 14:49:02,069 [cc66d020-3049-4c90-bc53-6b8115d82a8c@group-0FF4DFCCC907-FollowerState] INFO  impl.RoleInfo (RoleInfo.java:shutdownFollowerState(108)) - cc66d020-3049-4c90-bc53-6b8115d82a8c: shutdown cc66d020-3049-4c90-bc53-6b8115d82a8c@group-0FF4DFCCC907-FollowerState
2021-05-27 14:49:02,070 [cc66d020-3049-4c90-bc53-6b8115d82a8c@group-0FF4DFCCC907-FollowerState] INFO  server.RaftServer$Division (RaftServerImpl.java:setRole(284)) - cc66d020-3049-4c90-bc53-6b8115d82a8c@group-0FF4DFCCC907: changes role from  FOLLOWER to CANDIDATE at term 0 for changeToCandidate
2021-05-27 14:49:02,070 [cc66d020-3049-4c90-bc53-6b8115d82a8c@group-0FF4DFCCC907-FollowerState] INFO  server.RaftServerConfigKeys (ConfUtils.java:logGet(44)) - raft.server.leaderelection.pre-vote = false (custom)
2021-05-27 14:49:02,070 [cc66d020-3049-4c90-bc53-6b8115d82a8c@group-0FF4DFCCC907-FollowerState] INFO  impl.RoleInfo (RoleInfo.java:updateAndGet(130)) - cc66d020-3049-4c90-bc53-6b8115d82a8c: start cc66d020-3049-4c90-bc53-6b8115d82a8c@group-0FF4DFCCC907-LeaderElection2
2021-05-27 14:49:02,072 [cc66d020-3049-4c90-bc53-6b8115d82a8c@group-0FF4DFCCC907-LeaderElection2] INFO  impl.LeaderElection (LeaderElection.java:askForVotes(306)) - cc66d020-3049-4c90-bc53-6b8115d82a8c@group-0FF4DFCCC907-LeaderElection2 ELECTION round 0: submit vote requests at term 1 for -1: [cc66d020-3049-4c90-bc53-6b8115d82a8c|rpc:10.1.0.4:38925|priority:1], old=null
2021-05-27 14:49:02,073 [cc66d020-3049-4c90-bc53-6b8115d82a8c@group-0FF4DFCCC907-LeaderElection2] INFO  impl.LeaderElection (LeaderElection.java:askForVotes(308)) - cc66d020-3049-4c90-bc53-6b8115d82a8c@group-0FF4DFCCC907-LeaderElection2 ELECTION round 0: result PASSED (term=1)
2021-05-27 14:49:02,073 [cc66d020-3049-4c90-bc53-6b8115d82a8c@group-0FF4DFCCC907-LeaderElection2] INFO  impl.RoleInfo (RoleInfo.java:shutdownLeaderElection(121)) - cc66d020-3049-4c90-bc53-6b8115d82a8c: shutdown cc66d020-3049-4c90-bc53-6b8115d82a8c@group-0FF4DFCCC907-LeaderElection2
2021-05-27 14:49:02,074 [cc66d020-3049-4c90-bc53-6b8115d82a8c@group-0FF4DFCCC907-LeaderElection2] INFO  server.RaftServer$Division (RaftServerImpl.java:setRole(284)) - cc66d020-3049-4c90-bc53-6b8115d82a8c@group-0FF4DFCCC907: changes role from CANDIDATE to LEADER at term 1 for changeToLeader
2021-05-27 14:49:02,074 [cc66d020-3049-4c90-bc53-6b8115d82a8c@group-0FF4DFCCC907-LeaderElection2] INFO  ratis.XceiverServerRatis (XceiverServerRatis.java:handleLeaderChangedNotification(906)) - Leader change notification received for group: group-0FF4DFCCC907 with new leaderId: cc66d020-3049-4c90-bc53-6b8115d82a8c
2021-05-27 14:49:02,074 [EventQueue-PipelineReportForOneReplicaPipelineSafeModeRule] INFO  safemode.SCMSafeModeManager (SCMSafeModeManager.java:validateSafeModeExitRules(201)) - AtleastOneDatanodeReportedRule rule is successfully validated
2021-05-27 14:49:02,075 [EventQueue-OpenPipelineForHealthyPipelineSafeModeRule] INFO  safemode.SCMSafeModeManager (HealthyPipelineSafeModeRule.java:process(130)) - SCM in safe mode. Healthy pipelines reported count is 0, required healthy pipeline reported count is 1
2021-05-27 14:49:02,075 [cc66d020-3049-4c90-bc53-6b8115d82a8c@group-0FF4DFCCC907-LeaderElection2] INFO  server.RaftServer$Division (ServerState.java:setLeader(271)) - cc66d020-3049-4c90-bc53-6b8115d82a8c@group-0FF4DFCCC907: change Leader from null to cc66d020-3049-4c90-bc53-6b8115d82a8c at term 1 for becomeLeader, leader elected after 5080ms
2021-05-27 14:49:02,075 [cc66d020-3049-4c90-bc53-6b8115d82a8c@group-0FF4DFCCC907-LeaderElection2] INFO  server.RaftServerConfigKeys (ConfUtils.java:logGet(44)) - raft.server.staging.catchup.gap = 1000 (default)
2021-05-27 14:49:02,076 [cc66d020-3049-4c90-bc53-6b8115d82a8c@group-0FF4DFCCC907-LeaderElection2] INFO  metrics.RatisMetrics (RatisMetrics.java:lambda$create$0(36)) - Creating Metrics Registry : ratis.log_appender.cc66d020-3049-4c90-bc53-6b8115d82a8c@group-0FF4DFCCC907
2021-05-27 14:49:02,076 [cc66d020-3049-4c90-bc53-6b8115d82a8c@group-0FF4DFCCC907-LeaderElection2] INFO  server.RaftServerConfigKeys (ConfUtils.java:logGet(44)) - raft.server.write.element-limit = 1024 (custom)
2021-05-27 14:49:02,076 [cc66d020-3049-4c90-bc53-6b8115d82a8c@group-0FF4DFCCC907-LeaderElection2] INFO  server.RaftServerConfigKeys (ConfUtils.java:logGet(44)) - raft.server.write.byte-limit = 1073741824 (custom)
2021-05-27 14:49:02,076 [cc66d020-3049-4c90-bc53-6b8115d82a8c@group-0FF4DFCCC907-LeaderElection2] INFO  server.RaftServerConfigKeys (ConfUtils.java:logGet(44)) - raft.server.watch.timeout = 3000ms (custom)
2021-05-27 14:49:02,076 [EventQueue-PipelineReportForOneReplicaPipelineSafeModeRule] INFO  safemode.SCMSafeModeManager (SCMSafeModeManager.java:validateSafeModeExitRules(201)) - AtleastOneDatanodeReportedRule rule is successfully validated
2021-05-27 14:49:02,076 [EventQueue-OpenPipelineForHealthyPipelineSafeModeRule] INFO  safemode.SCMSafeModeManager (HealthyPipelineSafeModeRule.java:process(130)) - SCM in safe mode. Healthy pipelines reported count is 0, required healthy pipeline reported count is 1
2021-05-27 14:49:02,076 [cc66d020-3049-4c90-bc53-6b8115d82a8c@group-0FF4DFCCC907-LeaderElection2] INFO  server.RaftServerConfigKeys (ConfUtils.java:logGet(44)) - raft.server.watch.timeout.denomination = 1s (default)
2021-05-27 14:49:02,077 [cc66d020-3049-4c90-bc53-6b8115d82a8c@group-0FF4DFCCC907-LeaderElection2] INFO  server.RaftServerConfigKeys (ConfUtils.java:logGet(44)) - raft.server.watch.element-limit = 65536 (default)
2021-05-27 14:49:02,077 [cc66d020-3049-4c90-bc53-6b8115d82a8c@group-0FF4DFCCC907-LeaderElection2] INFO  impl.RoleInfo (RoleInfo.java:updateAndGet(130)) - cc66d020-3049-4c90-bc53-6b8115d82a8c: start cc66d020-3049-4c90-bc53-6b8115d82a8c@group-0FF4DFCCC907-LeaderStateImpl
2021-05-27 14:49:02,077 [cc66d020-3049-4c90-bc53-6b8115d82a8c@group-0FF4DFCCC907-LeaderElection2] INFO  segmented.SegmentedRaftLogWorker (SegmentedRaftLogWorker.java:startLogSegment(394)) - cc66d020-3049-4c90-bc53-6b8115d82a8c@group-0FF4DFCCC907-SegmentedRaftLogWorker: Starting segment from index:0
2021-05-27 14:49:02,079 [cc66d020-3049-4c90-bc53-6b8115d82a8c@group-0FF4DFCCC907-SegmentedRaftLogWorker] INFO  segmented.SegmentedRaftLogWorker (SegmentedRaftLogWorker.java:execute(601)) - cc66d020-3049-4c90-bc53-6b8115d82a8c@group-0FF4DFCCC907-SegmentedRaftLogWorker: created new log segment /home/runner/work/ozone/ozone/mnt/ozone/hadoop-ozone/integration-test/target/test-dir/MiniOzoneClusterImpl-01be8073-4a30-4c07-ba69-c81900f598d5/datanode-0/data/ratis/9991538b-5731-4e35-ab44-0ff4dfccc907/current/log_inprogress_0
2021-05-27 14:49:02,080 [cc66d020-3049-4c90-bc53-6b8115d82a8c@group-0FF4DFCCC907-LeaderElection2] INFO  server.RaftServer$Division (ServerState.java:setRaftConf(373)) - cc66d020-3049-4c90-bc53-6b8115d82a8c@group-0FF4DFCCC907: set configuration 0: [cc66d020-3049-4c90-bc53-6b8115d82a8c|rpc:10.1.0.4:38925|dataStream:|priority:1], old=null
2021-05-27 14:49:02,154 [cc66d020-3049-4c90-bc53-6b8115d82a8c@group-F74673522764-FollowerState] INFO  impl.FollowerState (FollowerState.java:run(134)) - cc66d020-3049-4c90-bc53-6b8115d82a8c@group-F74673522764-FollowerState: change to CANDIDATE, lastRpcElapsedTime:5052691694ns, electionTimeout:5049ms
2021-05-27 14:49:02,155 [cc66d020-3049-4c90-bc53-6b8115d82a8c@group-F74673522764-FollowerState] INFO  impl.RoleInfo (RoleInfo.java:shutdownFollowerState(108)) - cc66d020-3049-4c90-bc53-6b8115d82a8c: shutdown cc66d020-3049-4c90-bc53-6b8115d82a8c@group-F74673522764-FollowerState
2021-05-27 14:49:02,155 [cc66d020-3049-4c90-bc53-6b8115d82a8c@group-F74673522764-FollowerState] INFO  server.RaftServer$Division (RaftServerImpl.java:setRole(284)) - cc66d020-3049-4c90-bc53-6b8115d82a8c@group-F74673522764: changes role from  FOLLOWER to CANDIDATE at term 0 for changeToCandidate
2021-05-27 14:49:02,156 [cc66d020-3049-4c90-bc53-6b8115d82a8c@group-F74673522764-FollowerState] INFO  server.RaftServerConfigKeys (ConfUtils.java:logGet(44)) - raft.server.leaderelection.pre-vote = false (custom)
2021-05-27 14:49:02,156 [cc66d020-3049-4c90-bc53-6b8115d82a8c@group-F74673522764-FollowerState] INFO  impl.RoleInfo (RoleInfo.java:updateAndGet(130)) - cc66d020-3049-4c90-bc53-6b8115d82a8c: start cc66d020-3049-4c90-bc53-6b8115d82a8c@group-F74673522764-LeaderElection3
2021-05-27 14:49:02,165 [EventQueue-PipelineReportForOneReplicaPipelineSafeModeRule] INFO  safemode.SCMSafeModeManager (SCMSafeModeManager.java:validateSafeModeExitRules(201)) - AtleastOneDatanodeReportedRule rule is successfully validated
2021-05-27 14:49:02,165 [EventQueue-OpenPipelineForHealthyPipelineSafeModeRule] INFO  safemode.SCMSafeModeManager (HealthyPipelineSafeModeRule.java:process(130)) - SCM in safe mode. Healthy pipelines reported count is 0, required healthy pipeline reported count is 1
2021-05-27 14:49:02,166 [cc66d020-3049-4c90-bc53-6b8115d82a8c@group-F74673522764-LeaderElection3] INFO  impl.LeaderElection (LeaderElection.java:askForVotes(306)) - cc66d020-3049-4c90-bc53-6b8115d82a8c@group-F74673522764-LeaderElection3 ELECTION round 0: submit vote requests at term 1 for -1: [d3bd078d-6cea-4f12-8d62-4874212fc6f9|rpc:10.1.0.4:44989|priority:0, ac3fbd16-1d83-453c-852e-871f53a8d589|rpc:10.1.0.4:44019|priority:1, cc66d020-3049-4c90-bc53-6b8115d82a8c|rpc:10.1.0.4:38925|priority:0], old=null
2021-05-27 14:49:02,181 [grpc-default-executor-1] INFO  server.RaftServer$Division (RaftServerImpl.java:requestVote(1042)) - d3bd078d-6cea-4f12-8d62-4874212fc6f9@group-F74673522764: receive requestVote(ELECTION, cc66d020-3049-4c90-bc53-6b8115d82a8c, group-F74673522764, 1, (t:0, i:0))
2021-05-27 14:49:02,182 [grpc-default-executor-1] INFO  impl.VoteContext (VoteContext.java:log(48)) - d3bd078d-6cea-4f12-8d62-4874212fc6f9@group-F74673522764-FOLLOWER: accept ELECTION from cc66d020-3049-4c90-bc53-6b8115d82a8c: our priority 0 <= candidate's priority 0
2021-05-27 14:49:02,183 [grpc-default-executor-1] INFO  server.RaftServer$Division (RaftServerImpl.java:setRole(284)) - d3bd078d-6cea-4f12-8d62-4874212fc6f9@group-F74673522764: changes role from  FOLLOWER to FOLLOWER at term 1 for candidate:cc66d020-3049-4c90-bc53-6b8115d82a8c
2021-05-27 14:49:02,183 [grpc-default-executor-1] INFO  impl.RoleInfo (RoleInfo.java:shutdownFollowerState(108)) - d3bd078d-6cea-4f12-8d62-4874212fc6f9: shutdown d3bd078d-6cea-4f12-8d62-4874212fc6f9@group-F74673522764-FollowerState
2021-05-27 14:49:02,183 [d3bd078d-6cea-4f12-8d62-4874212fc6f9@group-F74673522764-FollowerState] INFO  impl.FollowerState (FollowerState.java:run(143)) - d3bd078d-6cea-4f12-8d62-4874212fc6f9@group-F74673522764-FollowerState was interrupted: {}
java.lang.InterruptedException: sleep interrupted
	at java.lang.Thread.sleep(Native Method)
	at java.lang.Thread.sleep(Thread.java:340)
	at java.util.concurrent.TimeUnit.sleep(TimeUnit.java:386)
	at org.apache.ratis.util.TimeDuration.sleep(TimeDuration.java:324)
	at org.apache.ratis.util.TimeDuration.sleep(TimeDuration.java:309)
	at org.apache.ratis.server.impl.FollowerState.run(FollowerState.java:118)
2021-05-27 14:49:02,186 [grpc-default-executor-1] INFO  impl.RoleInfo (RoleInfo.java:updateAndGet(130)) - d3bd078d-6cea-4f12-8d62-4874212fc6f9: start d3bd078d-6cea-4f12-8d62-4874212fc6f9@group-F74673522764-FollowerState
2021-05-27 14:49:02,190 [grpc-default-executor-2] INFO  server.RaftServer$Division (RaftServerImpl.java:requestVote(1042)) - ac3fbd16-1d83-453c-852e-871f53a8d589@group-F74673522764: receive requestVote(ELECTION, cc66d020-3049-4c90-bc53-6b8115d82a8c, group-F74673522764, 1, (t:0, i:0))
2021-05-27 14:49:02,191 [grpc-default-executor-2] INFO  impl.VoteContext (VoteContext.java:log(48)) - ac3fbd16-1d83-453c-852e-871f53a8d589@group-F74673522764-FOLLOWER: reject ELECTION from cc66d020-3049-4c90-bc53-6b8115d82a8c: our priority 1 > candidate's priority 0
2021-05-27 14:49:02,192 [grpc-default-executor-2] INFO  server.RaftServer$Division (RaftServerImpl.java:setRole(284)) - ac3fbd16-1d83-453c-852e-871f53a8d589@group-F74673522764: changes role from  FOLLOWER to FOLLOWER at term 1 for candidate:cc66d020-3049-4c90-bc53-6b8115d82a8c
2021-05-27 14:49:02,192 [grpc-default-executor-2] INFO  impl.RoleInfo (RoleInfo.java:shutdownFollowerState(108)) - ac3fbd16-1d83-453c-852e-871f53a8d589: shutdown ac3fbd16-1d83-453c-852e-871f53a8d589@group-F74673522764-FollowerState
2021-05-27 14:49:02,192 [grpc-default-executor-2] INFO  impl.RoleInfo (RoleInfo.java:updateAndGet(130)) - ac3fbd16-1d83-453c-852e-871f53a8d589: start ac3fbd16-1d83-453c-852e-871f53a8d589@group-F74673522764-FollowerState
2021-05-27 14:49:02,192 [ac3fbd16-1d83-453c-852e-871f53a8d589@group-F74673522764-FollowerState] INFO  impl.FollowerState (FollowerState.java:run(143)) - ac3fbd16-1d83-453c-852e-871f53a8d589@group-F74673522764-FollowerState was interrupted: {}
java.lang.InterruptedException: sleep interrupted
	at java.lang.Thread.sleep(Native Method)
	at java.lang.Thread.sleep(Thread.java:340)
	at java.util.concurrent.TimeUnit.sleep(TimeUnit.java:386)
	at org.apache.ratis.util.TimeDuration.sleep(TimeDuration.java:324)
	at org.apache.ratis.util.TimeDuration.sleep(TimeDuration.java:309)
	at org.apache.ratis.server.impl.FollowerState.run(FollowerState.java:118)
2021-05-27 14:49:02,195 [grpc-default-executor-1] INFO  server.RaftServer$Division (RaftServerImpl.java:requestVote(1074)) - d3bd078d-6cea-4f12-8d62-4874212fc6f9@group-F74673522764 replies to ELECTION vote request: cc66d020-3049-4c90-bc53-6b8115d82a8c<-d3bd078d-6cea-4f12-8d62-4874212fc6f9#0:OK-t1. Peer's state: d3bd078d-6cea-4f12-8d62-4874212fc6f9@group-F74673522764:t1, leader=null, voted=cc66d020-3049-4c90-bc53-6b8115d82a8c, raftlog=d3bd078d-6cea-4f12-8d62-4874212fc6f9@group-F74673522764-SegmentedRaftLog:OPENED:c-1,f-1,i0, conf=-1: [d3bd078d-6cea-4f12-8d62-4874212fc6f9|rpc:10.1.0.4:44989|priority:0, ac3fbd16-1d83-453c-852e-871f53a8d589|rpc:10.1.0.4:44019|priority:1, cc66d020-3049-4c90-bc53-6b8115d82a8c|rpc:10.1.0.4:38925|priority:0], old=null
2021-05-27 14:49:02,196 [grpc-default-executor-2] INFO  server.RaftServer$Division (RaftServerImpl.java:requestVote(1074)) - ac3fbd16-1d83-453c-852e-871f53a8d589@group-F74673522764 replies to ELECTION vote request: cc66d020-3049-4c90-bc53-6b8115d82a8c<-ac3fbd16-1d83-453c-852e-871f53a8d589#0:FAIL-t1. Peer's state: ac3fbd16-1d83-453c-852e-871f53a8d589@group-F74673522764:t1, leader=null, voted=null, raftlog=ac3fbd16-1d83-453c-852e-871f53a8d589@group-F74673522764-SegmentedRaftLog:OPENED:c-1,f-1,i0, conf=-1: [d3bd078d-6cea-4f12-8d62-4874212fc6f9|rpc:10.1.0.4:44989|priority:0, ac3fbd16-1d83-453c-852e-871f53a8d589|rpc:10.1.0.4:44019|priority:1, cc66d020-3049-4c90-bc53-6b8115d82a8c|rpc:10.1.0.4:38925|priority:0], old=null
2021-05-27 14:49:02,199 [cc66d020-3049-4c90-bc53-6b8115d82a8c@group-F74673522764-LeaderElection3] INFO  impl.LeaderElection (LeaderElection.java:logAndReturn(89)) - cc66d020-3049-4c90-bc53-6b8115d82a8c@group-F74673522764-LeaderElection3: ELECTION REJECTED received 1 response(s) and 0 exception(s):
2021-05-27 14:49:02,204 [cc66d020-3049-4c90-bc53-6b8115d82a8c@group-F74673522764-LeaderElection3] INFO  impl.LeaderElection (LeaderElection.java:logAndReturn(93)) -   Response 0: cc66d020-3049-4c90-bc53-6b8115d82a8c<-ac3fbd16-1d83-453c-852e-871f53a8d589#0:FAIL-t1
2021-05-27 14:49:02,204 [cc66d020-3049-4c90-bc53-6b8115d82a8c@group-F74673522764-LeaderElection3] INFO  impl.LeaderElection (LeaderElection.java:askForVotes(308)) - cc66d020-3049-4c90-bc53-6b8115d82a8c@group-F74673522764-LeaderElection3 ELECTION round 0: result REJECTED
2021-05-27 14:49:02,204 [cc66d020-3049-4c90-bc53-6b8115d82a8c@group-F74673522764-LeaderElection3] INFO  server.RaftServer$Division (RaftServerImpl.java:setRole(284)) - cc66d020-3049-4c90-bc53-6b8115d82a8c@group-F74673522764: changes role from CANDIDATE to FOLLOWER at term 1 for REJECTED
2021-05-27 14:49:02,204 [cc66d020-3049-4c90-bc53-6b8115d82a8c@group-F74673522764-LeaderElection3] INFO  impl.RoleInfo (RoleInfo.java:shutdownLeaderElection(121)) - cc66d020-3049-4c90-bc53-6b8115d82a8c: shutdown cc66d020-3049-4c90-bc53-6b8115d82a8c@group-F74673522764-LeaderElection3
2021-05-27 14:49:02,204 [cc66d020-3049-4c90-bc53-6b8115d82a8c@group-F74673522764-LeaderElection3] INFO  impl.RoleInfo (RoleInfo.java:updateAndGet(130)) - cc66d020-3049-4c90-bc53-6b8115d82a8c: start cc66d020-3049-4c90-bc53-6b8115d82a8c@group-F74673522764-FollowerState
2021-05-27 14:49:02,211 [ac3fbd16-1d83-453c-852e-871f53a8d589@group-DC59E677C11F-FollowerState] INFO  impl.FollowerState (FollowerState.java:run(134)) - ac3fbd16-1d83-453c-852e-871f53a8d589@group-DC59E677C11F-FollowerState: change to CANDIDATE, lastRpcElapsedTime:5158328968ns, electionTimeout:5157ms
2021-05-27 14:49:02,211 [ac3fbd16-1d83-453c-852e-871f53a8d589@group-DC59E677C11F-FollowerState] INFO  impl.RoleInfo (RoleInfo.java:shutdownFollowerState(108)) - ac3fbd16-1d83-453c-852e-871f53a8d589: shutdown ac3fbd16-1d83-453c-852e-871f53a8d589@group-DC59E677C11F-FollowerState
2021-05-27 14:49:02,211 [ac3fbd16-1d83-453c-852e-871f53a8d589@group-DC59E677C11F-FollowerState] INFO  server.RaftServer$Division (RaftServerImpl.java:setRole(284)) - ac3fbd16-1d83-453c-852e-871f53a8d589@group-DC59E677C11F: changes role from  FOLLOWER to CANDIDATE at term 0 for changeToCandidate
2021-05-27 14:49:02,212 [ac3fbd16-1d83-453c-852e-871f53a8d589@group-DC59E677C11F-FollowerState] INFO  server.RaftServerConfigKeys (ConfUtils.java:logGet(44)) - raft.server.leaderelection.pre-vote = false (custom)
2021-05-27 14:49:02,212 [ac3fbd16-1d83-453c-852e-871f53a8d589@group-DC59E677C11F-FollowerState] INFO  impl.RoleInfo (RoleInfo.java:updateAndGet(130)) - ac3fbd16-1d83-453c-852e-871f53a8d589: start ac3fbd16-1d83-453c-852e-871f53a8d589@group-DC59E677C11F-LeaderElection4
2021-05-27 14:49:02,217 [ac3fbd16-1d83-453c-852e-871f53a8d589@group-DC59E677C11F-LeaderElection4] INFO  impl.LeaderElection (LeaderElection.java:askForVotes(306)) - ac3fbd16-1d83-453c-852e-871f53a8d589@group-DC59E677C11F-LeaderElection4 ELECTION round 0: submit vote requests at term 1 for -1: [ac3fbd16-1d83-453c-852e-871f53a8d589|rpc:10.1.0.4:44019|priority:1], old=null
2021-05-27 14:49:02,217 [ac3fbd16-1d83-453c-852e-871f53a8d589@group-DC59E677C11F-LeaderElection4] INFO  impl.LeaderElection (LeaderElection.java:askForVotes(308)) - ac3fbd16-1d83-453c-852e-871f53a8d589@group-DC59E677C11F-LeaderElection4 ELECTION round 0: result PASSED (term=1)
2021-05-27 14:49:02,217 [ac3fbd16-1d83-453c-852e-871f53a8d589@group-DC59E677C11F-LeaderElection4] INFO  impl.RoleInfo (RoleInfo.java:shutdownLeaderElection(121)) - ac3fbd16-1d83-453c-852e-871f53a8d589: shutdown ac3fbd16-1d83-453c-852e-871f53a8d589@group-DC59E677C11F-LeaderElection4
2021-05-27 14:49:02,217 [ac3fbd16-1d83-453c-852e-871f53a8d589@group-DC59E677C11F-LeaderElection4] INFO  server.RaftServer$Division (RaftServerImpl.java:setRole(284)) - ac3fbd16-1d83-453c-852e-871f53a8d589@group-DC59E677C11F: changes role from CANDIDATE to LEADER at term 1 for changeToLeader
2021-05-27 14:49:02,218 [ac3fbd16-1d83-453c-852e-871f53a8d589@group-DC59E677C11F-LeaderElection4] INFO  ratis.XceiverServerRatis (XceiverServerRatis.java:handleLeaderChangedNotification(906)) - Leader change notification received for group: group-DC59E677C11F with new leaderId: ac3fbd16-1d83-453c-852e-871f53a8d589
2021-05-27 14:49:02,219 [EventQueue-PipelineReportForOneReplicaPipelineSafeModeRule] INFO  safemode.SCMSafeModeManager (SCMSafeModeManager.java:validateSafeModeExitRules(201)) - AtleastOneDatanodeReportedRule rule is successfully validated
2021-05-27 14:49:02,219 [EventQueue-OpenPipelineForHealthyPipelineSafeModeRule] INFO  safemode.SCMSafeModeManager (HealthyPipelineSafeModeRule.java:process(130)) - SCM in safe mode. Healthy pipelines reported count is 0, required healthy pipeline reported count is 1
2021-05-27 14:49:02,219 [ac3fbd16-1d83-453c-852e-871f53a8d589@group-DC59E677C11F-LeaderElection4] INFO  server.RaftServer$Division (ServerState.java:setLeader(271)) - ac3fbd16-1d83-453c-852e-871f53a8d589@group-DC59E677C11F: change Leader from null to ac3fbd16-1d83-453c-852e-871f53a8d589 at term 1 for becomeLeader, leader elected after 5176ms
2021-05-27 14:49:02,219 [ac3fbd16-1d83-453c-852e-871f53a8d589@group-DC59E677C11F-LeaderElection4] INFO  server.RaftServerConfigKeys (ConfUtils.java:logGet(44)) - raft.server.staging.catchup.gap = 1000 (default)
2021-05-27 14:49:02,219 [ac3fbd16-1d83-453c-852e-871f53a8d589@group-DC59E677C11F-LeaderElection4] INFO  metrics.RatisMetrics (RatisMetrics.java:lambda$create$0(36)) - Creating Metrics Registry : ratis.log_appender.ac3fbd16-1d83-453c-852e-871f53a8d589@group-DC59E677C11F
2021-05-27 14:49:02,220 [ac3fbd16-1d83-453c-852e-871f53a8d589@group-DC59E677C11F-LeaderElection4] INFO  server.RaftServerConfigKeys (ConfUtils.java:logGet(44)) - raft.server.write.element-limit = 1024 (custom)
2021-05-27 14:49:02,220 [ac3fbd16-1d83-453c-852e-871f53a8d589@group-DC59E677C11F-LeaderElection4] INFO  server.RaftServerConfigKeys (ConfUtils.java:logGet(44)) - raft.server.write.byte-limit = 1073741824 (custom)
2021-05-27 14:49:02,220 [ac3fbd16-1d83-453c-852e-871f53a8d589@group-DC59E677C11F-LeaderElection4] INFO  server.RaftServerConfigKeys (ConfUtils.java:logGet(44)) - raft.server.watch.timeout = 3000ms (custom)
2021-05-27 14:49:02,220 [ac3fbd16-1d83-453c-852e-871f53a8d589@group-DC59E677C11F-LeaderElection4] INFO  server.RaftServerConfigKeys (ConfUtils.java:logGet(44)) - raft.server.watch.timeout.denomination = 1s (default)
2021-05-27 14:49:02,220 [ac3fbd16-1d83-453c-852e-871f53a8d589@group-DC59E677C11F-LeaderElection4] INFO  server.RaftServerConfigKeys (ConfUtils.java:logGet(44)) - raft.server.watch.element-limit = 65536 (default)
2021-05-27 14:49:02,220 [ac3fbd16-1d83-453c-852e-871f53a8d589@group-DC59E677C11F-LeaderElection4] INFO  impl.RoleInfo (RoleInfo.java:updateAndGet(130)) - ac3fbd16-1d83-453c-852e-871f53a8d589: start ac3fbd16-1d83-453c-852e-871f53a8d589@group-DC59E677C11F-LeaderStateImpl
2021-05-27 14:49:02,221 [ac3fbd16-1d83-453c-852e-871f53a8d589@group-DC59E677C11F-LeaderElection4] INFO  segmented.SegmentedRaftLogWorker (SegmentedRaftLogWorker.java:startLogSegment(394)) - ac3fbd16-1d83-453c-852e-871f53a8d589@group-DC59E677C11F-SegmentedRaftLogWorker: Starting segment from index:0
2021-05-27 14:49:02,226 [ac3fbd16-1d83-453c-852e-871f53a8d589@group-DC59E677C11F-SegmentedRaftLogWorker] INFO  segmented.SegmentedRaftLogWorker (SegmentedRaftLogWorker.java:execute(601)) - ac3fbd16-1d83-453c-852e-871f53a8d589@group-DC59E677C11F-SegmentedRaftLogWorker: created new log segment /home/runner/work/ozone/ozone/mnt/ozone/hadoop-ozone/integration-test/target/test-dir/MiniOzoneClusterImpl-01be8073-4a30-4c07-ba69-c81900f598d5/datanode-1/data/ratis/46bbee33-1a09-48dd-8ec2-dc59e677c11f/current/log_inprogress_0
2021-05-27 14:49:02,226 [ac3fbd16-1d83-453c-852e-871f53a8d589@group-DC59E677C11F-LeaderElection4] INFO  server.RaftServer$Division (ServerState.java:setRaftConf(373)) - ac3fbd16-1d83-453c-852e-871f53a8d589@group-DC59E677C11F: set configuration 0: [ac3fbd16-1d83-453c-852e-871f53a8d589|rpc:10.1.0.4:44019|dataStream:|priority:1], old=null
2021-05-27 14:49:02,231 [d3bd078d-6cea-4f12-8d62-4874212fc6f9@group-7E7F43F1B432-FollowerState] INFO  impl.FollowerState (FollowerState.java:run(134)) - d3bd078d-6cea-4f12-8d62-4874212fc6f9@group-7E7F43F1B432-FollowerState: change to CANDIDATE, lastRpcElapsedTime:5086424468ns, electionTimeout:5081ms
2021-05-27 14:49:02,232 [d3bd078d-6cea-4f12-8d62-4874212fc6f9@group-7E7F43F1B432-FollowerState] INFO  impl.RoleInfo (RoleInfo.java:shutdownFollowerState(108)) - d3bd078d-6cea-4f12-8d62-4874212fc6f9: shutdown d3bd078d-6cea-4f12-8d62-4874212fc6f9@group-7E7F43F1B432-FollowerState
2021-05-27 14:49:02,232 [d3bd078d-6cea-4f12-8d62-4874212fc6f9@group-7E7F43F1B432-FollowerState] INFO  server.RaftServer$Division (RaftServerImpl.java:setRole(284)) - d3bd078d-6cea-4f12-8d62-4874212fc6f9@group-7E7F43F1B432: changes role from  FOLLOWER to CANDIDATE at term 0 for changeToCandidate
2021-05-27 14:49:02,232 [d3bd078d-6cea-4f12-8d62-4874212fc6f9@group-7E7F43F1B432-FollowerState] INFO  server.RaftServerConfigKeys (ConfUtils.java:logGet(44)) - raft.server.leaderelection.pre-vote = false (custom)
2021-05-27 14:49:02,232 [d3bd078d-6cea-4f12-8d62-4874212fc6f9@group-7E7F43F1B432-FollowerState] INFO  impl.RoleInfo (RoleInfo.java:updateAndGet(130)) - d3bd078d-6cea-4f12-8d62-4874212fc6f9: start d3bd078d-6cea-4f12-8d62-4874212fc6f9@group-7E7F43F1B432-LeaderElection5
2021-05-27 14:49:02,243 [d3bd078d-6cea-4f12-8d62-4874212fc6f9@group-7E7F43F1B432-LeaderElection5] INFO  impl.LeaderElection (LeaderElection.java:askForVotes(306)) - d3bd078d-6cea-4f12-8d62-4874212fc6f9@group-7E7F43F1B432-LeaderElection5 ELECTION round 0: submit vote requests at term 1 for -1: [d3bd078d-6cea-4f12-8d62-4874212fc6f9|rpc:10.1.0.4:44989|priority:1], old=null
2021-05-27 14:49:02,243 [d3bd078d-6cea-4f12-8d62-4874212fc6f9@group-7E7F43F1B432-LeaderElection5] INFO  impl.LeaderElection (LeaderElection.java:askForVotes(308)) - d3bd078d-6cea-4f12-8d62-4874212fc6f9@group-7E7F43F1B432-LeaderElection5 ELECTION round 0: result PASSED (term=1)
2021-05-27 14:49:02,243 [d3bd078d-6cea-4f12-8d62-4874212fc6f9@group-7E7F43F1B432-LeaderElection5] INFO  impl.RoleInfo (RoleInfo.java:shutdownLeaderElection(121)) - d3bd078d-6cea-4f12-8d62-4874212fc6f9: shutdown d3bd078d-6cea-4f12-8d62-4874212fc6f9@group-7E7F43F1B432-LeaderElection5
2021-05-27 14:49:02,243 [d3bd078d-6cea-4f12-8d62-4874212fc6f9@group-7E7F43F1B432-LeaderElection5] INFO  server.RaftServer$Division (RaftServerImpl.java:setRole(284)) - d3bd078d-6cea-4f12-8d62-4874212fc6f9@group-7E7F43F1B432: changes role from CANDIDATE to LEADER at term 1 for changeToLeader
2021-05-27 14:49:02,243 [d3bd078d-6cea-4f12-8d62-4874212fc6f9@group-7E7F43F1B432-LeaderElection5] INFO  ratis.XceiverServerRatis (XceiverServerRatis.java:handleLeaderChangedNotification(906)) - Leader change notification received for group: group-7E7F43F1B432 with new leaderId: d3bd078d-6cea-4f12-8d62-4874212fc6f9
2021-05-27 14:49:02,243 [d3bd078d-6cea-4f12-8d62-4874212fc6f9@group-7E7F43F1B432-LeaderElection5] INFO  server.RaftServer$Division (ServerState.java:setLeader(271)) - d3bd078d-6cea-4f12-8d62-4874212fc6f9@group-7E7F43F1B432: change Leader from null to d3bd078d-6cea-4f12-8d62-4874212fc6f9 at term 1 for becomeLeader, leader elected after 5110ms
2021-05-27 14:49:02,243 [d3bd078d-6cea-4f12-8d62-4874212fc6f9@group-7E7F43F1B432-LeaderElection5] INFO  server.RaftServerConfigKeys (ConfUtils.java:logGet(44)) - raft.server.staging.catchup.gap = 1000 (default)
2021-05-27 14:49:02,243 [d3bd078d-6cea-4f12-8d62-4874212fc6f9@group-7E7F43F1B432-LeaderElection5] INFO  metrics.RatisMetrics (RatisMetrics.java:lambda$create$0(36)) - Creating Metrics Registry : ratis.log_appender.d3bd078d-6cea-4f12-8d62-4874212fc6f9@group-7E7F43F1B432
2021-05-27 14:49:02,244 [d3bd078d-6cea-4f12-8d62-4874212fc6f9@group-7E7F43F1B432-LeaderElection5] INFO  server.RaftServerConfigKeys (ConfUtils.java:logGet(44)) - raft.server.write.element-limit = 1024 (custom)
2021-05-27 14:49:02,244 [d3bd078d-6cea-4f12-8d62-4874212fc6f9@group-7E7F43F1B432-LeaderElection5] INFO  server.RaftServerConfigKeys (ConfUtils.java:logGet(44)) - raft.server.write.byte-limit = 1073741824 (custom)
2021-05-27 14:49:02,244 [d3bd078d-6cea-4f12-8d62-4874212fc6f9@group-7E7F43F1B432-LeaderElection5] INFO  server.RaftServerConfigKeys (ConfUtils.java:logGet(44)) - raft.server.watch.timeout = 3000ms (custom)
2021-05-27 14:49:02,244 [d3bd078d-6cea-4f12-8d62-4874212fc6f9@group-7E7F43F1B432-LeaderElection5] INFO  server.RaftServerConfigKeys (ConfUtils.java:logGet(44)) - raft.server.watch.timeout.denomination = 1s (default)
2021-05-27 14:49:02,244 [d3bd078d-6cea-4f12-8d62-4874212fc6f9@group-7E7F43F1B432-LeaderElection5] INFO  server.RaftServerConfigKeys (ConfUtils.java:logGet(44)) - raft.server.watch.element-limit = 65536 (default)
2021-05-27 14:49:02,244 [d3bd078d-6cea-4f12-8d62-4874212fc6f9@group-7E7F43F1B432-LeaderElection5] INFO  impl.RoleInfo (RoleInfo.java:updateAndGet(130)) - d3bd078d-6cea-4f12-8d62-4874212fc6f9: start d3bd078d-6cea-4f12-8d62-4874212fc6f9@group-7E7F43F1B432-LeaderStateImpl
2021-05-27 14:49:02,244 [d3bd078d-6cea-4f12-8d62-4874212fc6f9@group-7E7F43F1B432-LeaderElection5] INFO  segmented.SegmentedRaftLogWorker (SegmentedRaftLogWorker.java:startLogSegment(394)) - d3bd078d-6cea-4f12-8d62-4874212fc6f9@group-7E7F43F1B432-SegmentedRaftLogWorker: Starting segment from index:0
2021-05-27 14:49:02,245 [EventQueue-PipelineReportForOneReplicaPipelineSafeModeRule] INFO  safemode.SCMSafeModeManager (SCMSafeModeManager.java:validateSafeModeExitRules(201)) - AtleastOneDatanodeReportedRule rule is successfully validated
2021-05-27 14:49:02,245 [EventQueue-OpenPipelineForHealthyPipelineSafeModeRule] INFO  safemode.SCMSafeModeManager (HealthyPipelineSafeModeRule.java:process(130)) - SCM in safe mode. Healthy pipelines reported count is 0, required healthy pipeline reported count is 1
2021-05-27 14:49:02,245 [d3bd078d-6cea-4f12-8d62-4874212fc6f9@group-7E7F43F1B432-SegmentedRaftLogWorker] INFO  segmented.SegmentedRaftLogWorker (SegmentedRaftLogWorker.java:execute(601)) - d3bd078d-6cea-4f12-8d62-4874212fc6f9@group-7E7F43F1B432-SegmentedRaftLogWorker: created new log segment /home/runner/work/ozone/ozone/mnt/ozone/hadoop-ozone/integration-test/target/test-dir/MiniOzoneClusterImpl-01be8073-4a30-4c07-ba69-c81900f598d5/datanode-2/data/ratis/beec1027-10e9-4a9b-a680-7e7f43f1b432/current/log_inprogress_0
2021-05-27 14:49:02,248 [d3bd078d-6cea-4f12-8d62-4874212fc6f9@group-7E7F43F1B432-LeaderElection5] INFO  server.RaftServer$Division (ServerState.java:setRaftConf(373)) - d3bd078d-6cea-4f12-8d62-4874212fc6f9@group-7E7F43F1B432: set configuration 0: [d3bd078d-6cea-4f12-8d62-4874212fc6f9|rpc:10.1.0.4:44989|dataStream:|priority:1], old=null
2021-05-27 14:49:02,292 [EventQueue-PipelineReportForOneReplicaPipelineSafeModeRule] INFO  safemode.SCMSafeModeManager (SCMSafeModeManager.java:validateSafeModeExitRules(201)) - AtleastOneDatanodeReportedRule rule is successfully validated
2021-05-27 14:49:02,292 [EventQueue-OpenPipelineForHealthyPipelineSafeModeRule] INFO  safemode.SCMSafeModeManager (HealthyPipelineSafeModeRule.java:process(130)) - SCM in safe mode. Healthy pipelines reported count is 0, required healthy pipeline reported count is 1
2021-05-27 14:49:02,310 [fe96208f-f4a6-407e-8fa5-c04d11db231e@group-8B5EBB4B753E-FollowerState] INFO  impl.FollowerState (FollowerState.java:run(134)) - fe96208f-f4a6-407e-8fa5-c04d11db231e@group-8B5EBB4B753E-FollowerState: change to CANDIDATE, lastRpcElapsedTime:5031974561ns, electionTimeout:5031ms
2021-05-27 14:49:02,310 [fe96208f-f4a6-407e-8fa5-c04d11db231e@group-8B5EBB4B753E-FollowerState] INFO  impl.RoleInfo (RoleInfo.java:shutdownFollowerState(108)) - fe96208f-f4a6-407e-8fa5-c04d11db231e: shutdown fe96208f-f4a6-407e-8fa5-c04d11db231e@group-8B5EBB4B753E-FollowerState
2021-05-27 14:49:02,311 [fe96208f-f4a6-407e-8fa5-c04d11db231e@group-8B5EBB4B753E-FollowerState] INFO  server.RaftServer$Division (RaftServerImpl.java:setRole(284)) - fe96208f-f4a6-407e-8fa5-c04d11db231e@group-8B5EBB4B753E: changes role from  FOLLOWER to CANDIDATE at term 0 for changeToCandidate
2021-05-27 14:49:02,311 [fe96208f-f4a6-407e-8fa5-c04d11db231e@group-8B5EBB4B753E-FollowerState] INFO  server.RaftServerConfigKeys (ConfUtils.java:logGet(44)) - raft.server.leaderelection.pre-vote = false (custom)
2021-05-27 14:49:02,311 [fe96208f-f4a6-407e-8fa5-c04d11db231e@group-8B5EBB4B753E-FollowerState] INFO  impl.RoleInfo (RoleInfo.java:updateAndGet(130)) - fe96208f-f4a6-407e-8fa5-c04d11db231e: start fe96208f-f4a6-407e-8fa5-c04d11db231e@group-8B5EBB4B753E-LeaderElection6
2021-05-27 14:49:02,324 [fe96208f-f4a6-407e-8fa5-c04d11db231e@group-8B5EBB4B753E-LeaderElection6] INFO  impl.LeaderElection (LeaderElection.java:askForVotes(306)) - fe96208f-f4a6-407e-8fa5-c04d11db231e@group-8B5EBB4B753E-LeaderElection6 ELECTION round 0: submit vote requests at term 1 for -1: [fe96208f-f4a6-407e-8fa5-c04d11db231e|rpc:10.1.0.4:42335|priority:1], old=null
2021-05-27 14:49:02,324 [fe96208f-f4a6-407e-8fa5-c04d11db231e@group-8B5EBB4B753E-LeaderElection6] INFO  impl.LeaderElection (LeaderElection.java:askForVotes(308)) - fe96208f-f4a6-407e-8fa5-c04d11db231e@group-8B5EBB4B753E-LeaderElection6 ELECTION round 0: result PASSED (term=1)
2021-05-27 14:49:02,324 [fe96208f-f4a6-407e-8fa5-c04d11db231e@group-8B5EBB4B753E-LeaderElection6] INFO  impl.RoleInfo (RoleInfo.java:shutdownLeaderElection(121)) - fe96208f-f4a6-407e-8fa5-c04d11db231e: shutdown fe96208f-f4a6-407e-8fa5-c04d11db231e@group-8B5EBB4B753E-LeaderElection6
2021-05-27 14:49:02,324 [fe96208f-f4a6-407e-8fa5-c04d11db231e@group-8B5EBB4B753E-LeaderElection6] INFO  server.RaftServer$Division (RaftServerImpl.java:setRole(284)) - fe96208f-f4a6-407e-8fa5-c04d11db231e@group-8B5EBB4B753E: changes role from CANDIDATE to LEADER at term 1 for changeToLeader
2021-05-27 14:49:02,324 [fe96208f-f4a6-407e-8fa5-c04d11db231e@group-8B5EBB4B753E-LeaderElection6] INFO  ratis.XceiverServerRatis (XceiverServerRatis.java:handleLeaderChangedNotification(906)) - Leader change notification received for group: group-8B5EBB4B753E with new leaderId: fe96208f-f4a6-407e-8fa5-c04d11db231e
2021-05-27 14:49:02,324 [fe96208f-f4a6-407e-8fa5-c04d11db231e@group-8B5EBB4B753E-LeaderElection6] INFO  server.RaftServer$Division (ServerState.java:setLeader(271)) - fe96208f-f4a6-407e-8fa5-c04d11db231e@group-8B5EBB4B753E: change Leader from null to fe96208f-f4a6-407e-8fa5-c04d11db231e at term 1 for becomeLeader, leader elected after 5051ms
2021-05-27 14:49:02,324 [fe96208f-f4a6-407e-8fa5-c04d11db231e@group-8B5EBB4B753E-LeaderElection6] INFO  server.RaftServerConfigKeys (ConfUtils.java:logGet(44)) - raft.server.staging.catchup.gap = 1000 (default)
2021-05-27 14:49:02,325 [fe96208f-f4a6-407e-8fa5-c04d11db231e@group-8B5EBB4B753E-LeaderElection6] INFO  metrics.RatisMetrics (RatisMetrics.java:lambda$create$0(36)) - Creating Metrics Registry : ratis.log_appender.fe96208f-f4a6-407e-8fa5-c04d11db231e@group-8B5EBB4B753E
2021-05-27 14:49:02,325 [fe96208f-f4a6-407e-8fa5-c04d11db231e@group-8B5EBB4B753E-LeaderElection6] INFO  server.RaftServerConfigKeys (ConfUtils.java:logGet(44)) - raft.server.write.element-limit = 1024 (custom)
2021-05-27 14:49:02,325 [fe96208f-f4a6-407e-8fa5-c04d11db231e@group-8B5EBB4B753E-LeaderElection6] INFO  server.RaftServerConfigKeys (ConfUtils.java:logGet(44)) - raft.server.write.byte-limit = 1073741824 (custom)
2021-05-27 14:49:02,325 [fe96208f-f4a6-407e-8fa5-c04d11db231e@group-8B5EBB4B753E-LeaderElection6] INFO  server.RaftServerConfigKeys (ConfUtils.java:logGet(44)) - raft.server.watch.timeout = 3000ms (custom)
2021-05-27 14:49:02,325 [fe96208f-f4a6-407e-8fa5-c04d11db231e@group-8B5EBB4B753E-LeaderElection6] INFO  server.RaftServerConfigKeys (ConfUtils.java:logGet(44)) - raft.server.watch.timeout.denomination = 1s (default)
2021-05-27 14:49:02,325 [fe96208f-f4a6-407e-8fa5-c04d11db231e@group-8B5EBB4B753E-LeaderElection6] INFO  server.RaftServerConfigKeys (ConfUtils.java:logGet(44)) - raft.server.watch.element-limit = 65536 (default)
2021-05-27 14:49:02,325 [fe96208f-f4a6-407e-8fa5-c04d11db231e@group-8B5EBB4B753E-LeaderElection6] INFO  impl.RoleInfo (RoleInfo.java:updateAndGet(130)) - fe96208f-f4a6-407e-8fa5-c04d11db231e: start fe96208f-f4a6-407e-8fa5-c04d11db231e@group-8B5EBB4B753E-LeaderStateImpl
2021-05-27 14:49:02,326 [fe96208f-f4a6-407e-8fa5-c04d11db231e@group-8B5EBB4B753E-LeaderElection6] INFO  segmented.SegmentedRaftLogWorker (SegmentedRaftLogWorker.java:startLogSegment(394)) - fe96208f-f4a6-407e-8fa5-c04d11db231e@group-8B5EBB4B753E-SegmentedRaftLogWorker: Starting segment from index:0
2021-05-27 14:49:02,326 [EventQueue-OpenPipelineForHealthyPipelineSafeModeRule] INFO  safemode.SCMSafeModeManager (HealthyPipelineSafeModeRule.java:process(130)) - SCM in safe mode. Healthy pipelines reported count is 0, required healthy pipeline reported count is 1
2021-05-27 14:49:02,326 [EventQueue-PipelineReportForOneReplicaPipelineSafeModeRule] INFO  safemode.SCMSafeModeManager (SCMSafeModeManager.java:validateSafeModeExitRules(201)) - AtleastOneDatanodeReportedRule rule is successfully validated
2021-05-27 14:49:02,330 [fe96208f-f4a6-407e-8fa5-c04d11db231e@group-8B5EBB4B753E-LeaderElection6] INFO  server.RaftServer$Division (ServerState.java:setRaftConf(373)) - fe96208f-f4a6-407e-8fa5-c04d11db231e@group-8B5EBB4B753E: set configuration 0: [fe96208f-f4a6-407e-8fa5-c04d11db231e|rpc:10.1.0.4:42335|dataStream:|priority:1], old=null
2021-05-27 14:49:02,330 [fe96208f-f4a6-407e-8fa5-c04d11db231e@group-8B5EBB4B753E-SegmentedRaftLogWorker] INFO  segmented.SegmentedRaftLogWorker (SegmentedRaftLogWorker.java:execute(601)) - fe96208f-f4a6-407e-8fa5-c04d11db231e@group-8B5EBB4B753E-SegmentedRaftLogWorker: created new log segment /home/runner/work/ozone/ozone/mnt/ozone/hadoop-ozone/integration-test/target/test-dir/MiniOzoneClusterImpl-01be8073-4a30-4c07-ba69-c81900f598d5/datanode-3/data/ratis/f0fd23e4-ec86-4d58-b133-8b5ebb4b753e/current/log_inprogress_0
2021-05-27 14:49:02,331 [fe96208f-f4a6-407e-8fa5-c04d11db231e@group-BEB3CAD4BD71-FollowerState] INFO  impl.FollowerState (FollowerState.java:run(134)) - fe96208f-f4a6-407e-8fa5-c04d11db231e@group-BEB3CAD4BD71-FollowerState: change to CANDIDATE, lastRpcElapsedTime:5028063317ns, electionTimeout:5018ms
2021-05-27 14:49:02,331 [fe96208f-f4a6-407e-8fa5-c04d11db231e@group-BEB3CAD4BD71-FollowerState] INFO  impl.RoleInfo (RoleInfo.java:shutdownFollowerState(108)) - fe96208f-f4a6-407e-8fa5-c04d11db231e: shutdown fe96208f-f4a6-407e-8fa5-c04d11db231e@group-BEB3CAD4BD71-FollowerState
2021-05-27 14:49:02,331 [fe96208f-f4a6-407e-8fa5-c04d11db231e@group-BEB3CAD4BD71-FollowerState] INFO  server.RaftServer$Division (RaftServerImpl.java:setRole(284)) - fe96208f-f4a6-407e-8fa5-c04d11db231e@group-BEB3CAD4BD71: changes role from  FOLLOWER to CANDIDATE at term 0 for changeToCandidate
2021-05-27 14:49:02,331 [fe96208f-f4a6-407e-8fa5-c04d11db231e@group-BEB3CAD4BD71-FollowerState] INFO  server.RaftServerConfigKeys (ConfUtils.java:logGet(44)) - raft.server.leaderelection.pre-vote = false (custom)
2021-05-27 14:49:02,331 [fe96208f-f4a6-407e-8fa5-c04d11db231e@group-BEB3CAD4BD71-FollowerState] INFO  impl.RoleInfo (RoleInfo.java:updateAndGet(130)) - fe96208f-f4a6-407e-8fa5-c04d11db231e: start fe96208f-f4a6-407e-8fa5-c04d11db231e@group-BEB3CAD4BD71-LeaderElection7
2021-05-27 14:49:02,337 [fe96208f-f4a6-407e-8fa5-c04d11db231e@group-BEB3CAD4BD71-LeaderElection7] INFO  impl.LeaderElection (LeaderElection.java:askForVotes(306)) - fe96208f-f4a6-407e-8fa5-c04d11db231e@group-BEB3CAD4BD71-LeaderElection7 ELECTION round 0: submit vote requests at term 1 for -1: [fe96208f-f4a6-407e-8fa5-c04d11db231e|rpc:10.1.0.4:42335|priority:0, 79a5c71d-05f9-4896-b0a5-ed7a69f27e7b|rpc:10.1.0.4:37273|priority:1, 58901a56-5ead-441d-bada-0c2dcec13c3c|rpc:10.1.0.4:34635|priority:0], old=null
2021-05-27 14:49:02,350 [grpc-default-executor-1] INFO  server.RaftServer$Division (RaftServerImpl.java:requestVote(1042)) - 58901a56-5ead-441d-bada-0c2dcec13c3c@group-BEB3CAD4BD71: receive requestVote(ELECTION, fe96208f-f4a6-407e-8fa5-c04d11db231e, group-BEB3CAD4BD71, 1, (t:0, i:0))
2021-05-27 14:49:02,350 [grpc-default-executor-1] INFO  impl.VoteContext (VoteContext.java:log(48)) - 58901a56-5ead-441d-bada-0c2dcec13c3c@group-BEB3CAD4BD71-FOLLOWER: accept ELECTION from fe96208f-f4a6-407e-8fa5-c04d11db231e: our priority 0 <= candidate's priority 0
2021-05-27 14:49:02,350 [grpc-default-executor-1] INFO  server.RaftServer$Division (RaftServerImpl.java:setRole(284)) - 58901a56-5ead-441d-bada-0c2dcec13c3c@group-BEB3CAD4BD71: changes role from  FOLLOWER to FOLLOWER at term 1 for candidate:fe96208f-f4a6-407e-8fa5-c04d11db231e
2021-05-27 14:49:02,350 [grpc-default-executor-1] INFO  impl.RoleInfo (RoleInfo.java:shutdownFollowerState(108)) - 58901a56-5ead-441d-bada-0c2dcec13c3c: shutdown 58901a56-5ead-441d-bada-0c2dcec13c3c@group-BEB3CAD4BD71-FollowerState
2021-05-27 14:49:02,350 [grpc-default-executor-1] INFO  impl.RoleInfo (RoleInfo.java:updateAndGet(130)) - 58901a56-5ead-441d-bada-0c2dcec13c3c: start 58901a56-5ead-441d-bada-0c2dcec13c3c@group-BEB3CAD4BD71-FollowerState
2021-05-27 14:49:02,350 [58901a56-5ead-441d-bada-0c2dcec13c3c@group-BEB3CAD4BD71-FollowerState] INFO  impl.FollowerState (FollowerState.java:run(143)) - 58901a56-5ead-441d-bada-0c2dcec13c3c@group-BEB3CAD4BD71-FollowerState was interrupted: {}
java.lang.InterruptedException: sleep interrupted
	at java.lang.Thread.sleep(Native Method)
	at java.lang.Thread.sleep(Thread.java:340)
	at java.util.concurrent.TimeUnit.sleep(TimeUnit.java:386)
	at org.apache.ratis.util.TimeDuration.sleep(TimeDuration.java:324)
	at org.apache.ratis.util.TimeDuration.sleep(TimeDuration.java:309)
	at org.apache.ratis.server.impl.FollowerState.run(FollowerState.java:118)
2021-05-27 14:49:02,352 [grpc-default-executor-2] INFO  server.RaftServer$Division (RaftServerImpl.java:requestVote(1042)) - 79a5c71d-05f9-4896-b0a5-ed7a69f27e7b@group-BEB3CAD4BD71: receive requestVote(ELECTION, fe96208f-f4a6-407e-8fa5-c04d11db231e, group-BEB3CAD4BD71, 1, (t:0, i:0))
2021-05-27 14:49:02,352 [grpc-default-executor-2] INFO  impl.VoteContext (VoteContext.java:log(48)) - 79a5c71d-05f9-4896-b0a5-ed7a69f27e7b@group-BEB3CAD4BD71-FOLLOWER: reject ELECTION from fe96208f-f4a6-407e-8fa5-c04d11db231e: our priority 1 > candidate's priority 0
2021-05-27 14:49:02,352 [grpc-default-executor-2] INFO  server.RaftServer$Division (RaftServerImpl.java:setRole(284)) - 79a5c71d-05f9-4896-b0a5-ed7a69f27e7b@group-BEB3CAD4BD71: changes role from  FOLLOWER to FOLLOWER at term 1 for candidate:fe96208f-f4a6-407e-8fa5-c04d11db231e
2021-05-27 14:49:02,352 [grpc-default-executor-2] INFO  impl.RoleInfo (RoleInfo.java:shutdownFollowerState(108)) - 79a5c71d-05f9-4896-b0a5-ed7a69f27e7b: shutdown 79a5c71d-05f9-4896-b0a5-ed7a69f27e7b@group-BEB3CAD4BD71-FollowerState
2021-05-27 14:49:02,352 [grpc-default-executor-2] INFO  impl.RoleInfo (RoleInfo.java:updateAndGet(130)) - 79a5c71d-05f9-4896-b0a5-ed7a69f27e7b: start 79a5c71d-05f9-4896-b0a5-ed7a69f27e7b@group-BEB3CAD4BD71-FollowerState
2021-05-27 14:49:02,352 [79a5c71d-05f9-4896-b0a5-ed7a69f27e7b@group-BEB3CAD4BD71-FollowerState] INFO  impl.FollowerState (FollowerState.java:run(143)) - 79a5c71d-05f9-4896-b0a5-ed7a69f27e7b@group-BEB3CAD4BD71-FollowerState was interrupted: {}
java.lang.InterruptedException: sleep interrupted
	at java.lang.Thread.sleep(Native Method)
	at java.lang.Thread.sleep(Thread.java:340)
	at java.util.concurrent.TimeUnit.sleep(TimeUnit.java:386)
	at org.apache.ratis.util.TimeDuration.sleep(TimeDuration.java:324)
	at org.apache.ratis.util.TimeDuration.sleep(TimeDuration.java:309)
	at org.apache.ratis.server.impl.FollowerState.run(FollowerState.java:118)
2021-05-27 14:49:02,353 [grpc-default-executor-1] INFO  server.RaftServer$Division (RaftServerImpl.java:requestVote(1074)) - 58901a56-5ead-441d-bada-0c2dcec13c3c@group-BEB3CAD4BD71 replies to ELECTION vote request: fe96208f-f4a6-407e-8fa5-c04d11db231e<-58901a56-5ead-441d-bada-0c2dcec13c3c#0:OK-t1. Peer's state: 58901a56-5ead-441d-bada-0c2dcec13c3c@group-BEB3CAD4BD71:t1, leader=null, voted=fe96208f-f4a6-407e-8fa5-c04d11db231e, raftlog=58901a56-5ead-441d-bada-0c2dcec13c3c@group-BEB3CAD4BD71-SegmentedRaftLog:OPENED:c-1,f-1,i0, conf=-1: [fe96208f-f4a6-407e-8fa5-c04d11db231e|rpc:10.1.0.4:42335|dataStream:|priority:0, 79a5c71d-05f9-4896-b0a5-ed7a69f27e7b|rpc:10.1.0.4:37273|dataStream:|priority:1, 58901a56-5ead-441d-bada-0c2dcec13c3c|rpc:10.1.0.4:34635|dataStream:|priority:0], old=null
2021-05-27 14:49:02,357 [grpc-default-executor-2] INFO  server.RaftServer$Division (RaftServerImpl.java:requestVote(1074)) - 79a5c71d-05f9-4896-b0a5-ed7a69f27e7b@group-BEB3CAD4BD71 replies to ELECTION vote request: fe96208f-f4a6-407e-8fa5-c04d11db231e<-79a5c71d-05f9-4896-b0a5-ed7a69f27e7b#0:FAIL-t1. Peer's state: 79a5c71d-05f9-4896-b0a5-ed7a69f27e7b@group-BEB3CAD4BD71:t1, leader=null, voted=null, raftlog=79a5c71d-05f9-4896-b0a5-ed7a69f27e7b@group-BEB3CAD4BD71-SegmentedRaftLog:OPENED:c-1,f-1,i0, conf=-1: [fe96208f-f4a6-407e-8fa5-c04d11db231e|rpc:10.1.0.4:42335|priority:0, 79a5c71d-05f9-4896-b0a5-ed7a69f27e7b|rpc:10.1.0.4:37273|priority:1, 58901a56-5ead-441d-bada-0c2dcec13c3c|rpc:10.1.0.4:34635|priority:0], old=null
2021-05-27 14:49:02,359 [fe96208f-f4a6-407e-8fa5-c04d11db231e@group-BEB3CAD4BD71-LeaderElection7] INFO  impl.LeaderElection (LeaderElection.java:logAndReturn(89)) - fe96208f-f4a6-407e-8fa5-c04d11db231e@group-BEB3CAD4BD71-LeaderElection7: ELECTION REJECTED received 2 response(s) and 0 exception(s):
2021-05-27 14:49:02,361 [fe96208f-f4a6-407e-8fa5-c04d11db231e@group-BEB3CAD4BD71-LeaderElection7] INFO  impl.LeaderElection (LeaderElection.java:logAndReturn(93)) -   Response 0: fe96208f-f4a6-407e-8fa5-c04d11db231e<-79a5c71d-05f9-4896-b0a5-ed7a69f27e7b#0:FAIL-t1
2021-05-27 14:49:02,361 [fe96208f-f4a6-407e-8fa5-c04d11db231e@group-BEB3CAD4BD71-LeaderElection7] INFO  impl.LeaderElection (LeaderElection.java:logAndReturn(93)) -   Response 1: fe96208f-f4a6-407e-8fa5-c04d11db231e<-58901a56-5ead-441d-bada-0c2dcec13c3c#0:OK-t1
2021-05-27 14:49:02,361 [fe96208f-f4a6-407e-8fa5-c04d11db231e@group-BEB3CAD4BD71-LeaderElection7] INFO  impl.LeaderElection (LeaderElection.java:askForVotes(308)) - fe96208f-f4a6-407e-8fa5-c04d11db231e@group-BEB3CAD4BD71-LeaderElection7 ELECTION round 0: result REJECTED
2021-05-27 14:49:02,361 [fe96208f-f4a6-407e-8fa5-c04d11db231e@group-BEB3CAD4BD71-LeaderElection7] INFO  server.RaftServer$Division (RaftServerImpl.java:setRole(284)) - fe96208f-f4a6-407e-8fa5-c04d11db231e@group-BEB3CAD4BD71: changes role from CANDIDATE to FOLLOWER at term 1 for REJECTED
2021-05-27 14:49:02,361 [fe96208f-f4a6-407e-8fa5-c04d11db231e@group-BEB3CAD4BD71-LeaderElection7] INFO  impl.RoleInfo (RoleInfo.java:shutdownLeaderElection(121)) - fe96208f-f4a6-407e-8fa5-c04d11db231e: shutdown fe96208f-f4a6-407e-8fa5-c04d11db231e@group-BEB3CAD4BD71-LeaderElection7
2021-05-27 14:49:02,361 [fe96208f-f4a6-407e-8fa5-c04d11db231e@group-BEB3CAD4BD71-LeaderElection7] INFO  impl.RoleInfo (RoleInfo.java:updateAndGet(130)) - fe96208f-f4a6-407e-8fa5-c04d11db231e: start fe96208f-f4a6-407e-8fa5-c04d11db231e@group-BEB3CAD4BD71-FollowerState
2021-05-27 14:49:02,443 [EventQueue-PipelineReportForOneReplicaPipelineSafeModeRule] INFO  safemode.SCMSafeModeManager (SCMSafeModeManager.java:validateSafeModeExitRules(201)) - AtleastOneDatanodeReportedRule rule is successfully validated
2021-05-27 14:49:02,444 [EventQueue-OpenPipelineForHealthyPipelineSafeModeRule] INFO  safemode.SCMSafeModeManager (HealthyPipelineSafeModeRule.java:process(130)) - SCM in safe mode. Healthy pipelines reported count is 0, required healthy pipeline reported count is 1
2021-05-27 14:49:02,500 [79a5c71d-05f9-4896-b0a5-ed7a69f27e7b@group-FB1F64C33E52-FollowerState] INFO  impl.FollowerState (FollowerState.java:run(134)) - 79a5c71d-05f9-4896-b0a5-ed7a69f27e7b@group-FB1F64C33E52-FollowerState: change to CANDIDATE, lastRpcElapsedTime:5078437675ns, electionTimeout:5073ms
2021-05-27 14:49:02,500 [79a5c71d-05f9-4896-b0a5-ed7a69f27e7b@group-FB1F64C33E52-FollowerState] INFO  impl.RoleInfo (RoleInfo.java:shutdownFollowerState(108)) - 79a5c71d-05f9-4896-b0a5-ed7a69f27e7b: shutdown 79a5c71d-05f9-4896-b0a5-ed7a69f27e7b@group-FB1F64C33E52-FollowerState
2021-05-27 14:49:02,500 [79a5c71d-05f9-4896-b0a5-ed7a69f27e7b@group-FB1F64C33E52-FollowerState] INFO  server.RaftServer$Division (RaftServerImpl.java:setRole(284)) - 79a5c71d-05f9-4896-b0a5-ed7a69f27e7b@group-FB1F64C33E52: changes role from  FOLLOWER to CANDIDATE at term 0 for changeToCandidate
2021-05-27 14:49:02,501 [79a5c71d-05f9-4896-b0a5-ed7a69f27e7b@group-FB1F64C33E52-FollowerState] INFO  server.RaftServerConfigKeys (ConfUtils.java:logGet(44)) - raft.server.leaderelection.pre-vote = false (custom)
2021-05-27 14:49:02,501 [79a5c71d-05f9-4896-b0a5-ed7a69f27e7b@group-FB1F64C33E52-FollowerState] INFO  impl.RoleInfo (RoleInfo.java:updateAndGet(130)) - 79a5c71d-05f9-4896-b0a5-ed7a69f27e7b: start 79a5c71d-05f9-4896-b0a5-ed7a69f27e7b@group-FB1F64C33E52-LeaderElection8
2021-05-27 14:49:02,512 [79a5c71d-05f9-4896-b0a5-ed7a69f27e7b@group-FB1F64C33E52-LeaderElection8] INFO  impl.LeaderElection (LeaderElection.java:askForVotes(306)) - 79a5c71d-05f9-4896-b0a5-ed7a69f27e7b@group-FB1F64C33E52-LeaderElection8 ELECTION round 0: submit vote requests at term 1 for -1: [79a5c71d-05f9-4896-b0a5-ed7a69f27e7b|rpc:10.1.0.4:37273|priority:1], old=null
2021-05-27 14:49:02,512 [79a5c71d-05f9-4896-b0a5-ed7a69f27e7b@group-FB1F64C33E52-LeaderElection8] INFO  impl.LeaderElection (LeaderElection.java:askForVotes(308)) - 79a5c71d-05f9-4896-b0a5-ed7a69f27e7b@group-FB1F64C33E52-LeaderElection8 ELECTION round 0: result PASSED (term=1)
2021-05-27 14:49:02,512 [79a5c71d-05f9-4896-b0a5-ed7a69f27e7b@group-FB1F64C33E52-LeaderElection8] INFO  impl.RoleInfo (RoleInfo.java:shutdownLeaderElection(121)) - 79a5c71d-05f9-4896-b0a5-ed7a69f27e7b: shutdown 79a5c71d-05f9-4896-b0a5-ed7a69f27e7b@group-FB1F64C33E52-LeaderElection8
2021-05-27 14:49:02,512 [79a5c71d-05f9-4896-b0a5-ed7a69f27e7b@group-FB1F64C33E52-LeaderElection8] INFO  server.RaftServer$Division (RaftServerImpl.java:setRole(284)) - 79a5c71d-05f9-4896-b0a5-ed7a69f27e7b@group-FB1F64C33E52: changes role from CANDIDATE to LEADER at term 1 for changeToLeader
2021-05-27 14:49:02,512 [79a5c71d-05f9-4896-b0a5-ed7a69f27e7b@group-FB1F64C33E52-LeaderElection8] INFO  ratis.XceiverServerRatis (XceiverServerRatis.java:handleLeaderChangedNotification(906)) - Leader change notification received for group: group-FB1F64C33E52 with new leaderId: 79a5c71d-05f9-4896-b0a5-ed7a69f27e7b
2021-05-27 14:49:02,512 [79a5c71d-05f9-4896-b0a5-ed7a69f27e7b@group-FB1F64C33E52-LeaderElection8] INFO  server.RaftServer$Division (ServerState.java:setLeader(271)) - 79a5c71d-05f9-4896-b0a5-ed7a69f27e7b@group-FB1F64C33E52: change Leader from null to 79a5c71d-05f9-4896-b0a5-ed7a69f27e7b at term 1 for becomeLeader, leader elected after 5117ms
2021-05-27 14:49:02,512 [79a5c71d-05f9-4896-b0a5-ed7a69f27e7b@group-FB1F64C33E52-LeaderElection8] INFO  server.RaftServerConfigKeys (ConfUtils.java:logGet(44)) - raft.server.staging.catchup.gap = 1000 (default)
2021-05-27 14:49:02,512 [79a5c71d-05f9-4896-b0a5-ed7a69f27e7b@group-FB1F64C33E52-LeaderElection8] INFO  metrics.RatisMetrics (RatisMetrics.java:lambda$create$0(36)) - Creating Metrics Registry : ratis.log_appender.79a5c71d-05f9-4896-b0a5-ed7a69f27e7b@group-FB1F64C33E52
2021-05-27 14:49:02,513 [79a5c71d-05f9-4896-b0a5-ed7a69f27e7b@group-FB1F64C33E52-LeaderElection8] INFO  server.RaftServerConfigKeys (ConfUtils.java:logGet(44)) - raft.server.write.element-limit = 1024 (custom)
2021-05-27 14:49:02,513 [79a5c71d-05f9-4896-b0a5-ed7a69f27e7b@group-FB1F64C33E52-LeaderElection8] INFO  server.RaftServerConfigKeys (ConfUtils.java:logGet(44)) - raft.server.write.byte-limit = 1073741824 (custom)
2021-05-27 14:49:02,513 [79a5c71d-05f9-4896-b0a5-ed7a69f27e7b@group-FB1F64C33E52-LeaderElection8] INFO  server.RaftServerConfigKeys (ConfUtils.java:logGet(44)) - raft.server.watch.timeout = 3000ms (custom)
2021-05-27 14:49:02,513 [79a5c71d-05f9-4896-b0a5-ed7a69f27e7b@group-FB1F64C33E52-LeaderElection8] INFO  server.RaftServerConfigKeys (ConfUtils.java:logGet(44)) - raft.server.watch.timeout.denomination = 1s (default)
2021-05-27 14:49:02,513 [79a5c71d-05f9-4896-b0a5-ed7a69f27e7b@group-FB1F64C33E52-LeaderElection8] INFO  server.RaftServerConfigKeys (ConfUtils.java:logGet(44)) - raft.server.watch.element-limit = 65536 (default)
2021-05-27 14:49:02,513 [79a5c71d-05f9-4896-b0a5-ed7a69f27e7b@group-FB1F64C33E52-LeaderElection8] INFO  impl.RoleInfo (RoleInfo.java:updateAndGet(130)) - 79a5c71d-05f9-4896-b0a5-ed7a69f27e7b: start 79a5c71d-05f9-4896-b0a5-ed7a69f27e7b@group-FB1F64C33E52-LeaderStateImpl
2021-05-27 14:49:02,514 [79a5c71d-05f9-4896-b0a5-ed7a69f27e7b@group-FB1F64C33E52-LeaderElection8] INFO  segmented.SegmentedRaftLogWorker (SegmentedRaftLogWorker.java:startLogSegment(394)) - 79a5c71d-05f9-4896-b0a5-ed7a69f27e7b@group-FB1F64C33E52-SegmentedRaftLogWorker: Starting segment from index:0
2021-05-27 14:49:02,514 [EventQueue-PipelineReportForOneReplicaPipelineSafeModeRule] INFO  safemode.SCMSafeModeManager (SCMSafeModeManager.java:validateSafeModeExitRules(201)) - AtleastOneDatanodeReportedRule rule is successfully validated
2021-05-27 14:49:02,514 [EventQueue-OpenPipelineForHealthyPipelineSafeModeRule] INFO  safemode.SCMSafeModeManager (HealthyPipelineSafeModeRule.java:process(130)) - SCM in safe mode. Healthy pipelines reported count is 0, required healthy pipeline reported count is 1
2021-05-27 14:49:02,515 [79a5c71d-05f9-4896-b0a5-ed7a69f27e7b@group-FB1F64C33E52-SegmentedRaftLogWorker] INFO  segmented.SegmentedRaftLogWorker (SegmentedRaftLogWorker.java:execute(601)) - 79a5c71d-05f9-4896-b0a5-ed7a69f27e7b@group-FB1F64C33E52-SegmentedRaftLogWorker: created new log segment /home/runner/work/ozone/ozone/mnt/ozone/hadoop-ozone/integration-test/target/test-dir/MiniOzoneClusterImpl-01be8073-4a30-4c07-ba69-c81900f598d5/datanode-4/data/ratis/84e95077-3112-497c-90a4-fb1f64c33e52/current/log_inprogress_0
2021-05-27 14:49:02,521 [79a5c71d-05f9-4896-b0a5-ed7a69f27e7b@group-FB1F64C33E52-LeaderElection8] INFO  server.RaftServer$Division (ServerState.java:setRaftConf(373)) - 79a5c71d-05f9-4896-b0a5-ed7a69f27e7b@group-FB1F64C33E52: set configuration 0: [79a5c71d-05f9-4896-b0a5-ed7a69f27e7b|rpc:10.1.0.4:37273|dataStream:|priority:1], old=null
2021-05-27 14:49:02,770 [EventQueue-PipelineReportForOneReplicaPipelineSafeModeRule] INFO  safemode.SCMSafeModeManager (SCMSafeModeManager.java:validateSafeModeExitRules(201)) - AtleastOneDatanodeReportedRule rule is successfully validated
2021-05-27 14:49:02,771 [EventQueue-OpenPipelineForHealthyPipelineSafeModeRule] INFO  safemode.SCMSafeModeManager (HealthyPipelineSafeModeRule.java:process(130)) - SCM in safe mode. Healthy pipelines reported count is 0, required healthy pipeline reported count is 1
2021-05-27 14:49:02,775 [EventQueue-OpenPipelineForHealthyPipelineSafeModeRule] INFO  safemode.SCMSafeModeManager (HealthyPipelineSafeModeRule.java:process(130)) - SCM in safe mode. Healthy pipelines reported count is 0, required healthy pipeline reported count is 1
2021-05-27 14:49:02,775 [EventQueue-PipelineReportForOneReplicaPipelineSafeModeRule] INFO  safemode.SCMSafeModeManager (SCMSafeModeManager.java:validateSafeModeExitRules(201)) - AtleastOneDatanodeReportedRule rule is successfully validated
2021-05-27 14:49:02,866 [EventQueue-OpenPipelineForHealthyPipelineSafeModeRule] INFO  safemode.SCMSafeModeManager (HealthyPipelineSafeModeRule.java:process(130)) - SCM in safe mode. Healthy pipelines reported count is 0, required healthy pipeline reported count is 1
2021-05-27 14:49:02,866 [EventQueue-PipelineReportForOneReplicaPipelineSafeModeRule] INFO  safemode.SCMSafeModeManager (SCMSafeModeManager.java:validateSafeModeExitRules(201)) - AtleastOneDatanodeReportedRule rule is successfully validated
2021-05-27 14:49:02,877 [4028be1c-f04f-471f-a5c7-d66a385f5692@group-BD86B44502A1-FollowerState] INFO  impl.FollowerState (FollowerState.java:run(134)) - 4028be1c-f04f-471f-a5c7-d66a385f5692@group-BD86B44502A1-FollowerState: change to CANDIDATE, lastRpcElapsedTime:5097854186ns, electionTimeout:5091ms
2021-05-27 14:49:02,877 [4028be1c-f04f-471f-a5c7-d66a385f5692@group-BD86B44502A1-FollowerState] INFO  impl.RoleInfo (RoleInfo.java:shutdownFollowerState(108)) - 4028be1c-f04f-471f-a5c7-d66a385f5692: shutdown 4028be1c-f04f-471f-a5c7-d66a385f5692@group-BD86B44502A1-FollowerState
2021-05-27 14:49:02,877 [4028be1c-f04f-471f-a5c7-d66a385f5692@group-BD86B44502A1-FollowerState] INFO  server.RaftServer$Division (RaftServerImpl.java:setRole(284)) - 4028be1c-f04f-471f-a5c7-d66a385f5692@group-BD86B44502A1: changes role from  FOLLOWER to CANDIDATE at term 0 for changeToCandidate
2021-05-27 14:49:02,878 [4028be1c-f04f-471f-a5c7-d66a385f5692@group-BD86B44502A1-FollowerState] INFO  server.RaftServerConfigKeys (ConfUtils.java:logGet(44)) - raft.server.leaderelection.pre-vote = false (custom)
2021-05-27 14:49:02,878 [4028be1c-f04f-471f-a5c7-d66a385f5692@group-BD86B44502A1-FollowerState] INFO  impl.RoleInfo (RoleInfo.java:updateAndGet(130)) - 4028be1c-f04f-471f-a5c7-d66a385f5692: start 4028be1c-f04f-471f-a5c7-d66a385f5692@group-BD86B44502A1-LeaderElection9
2021-05-27 14:49:02,881 [4028be1c-f04f-471f-a5c7-d66a385f5692@group-BD86B44502A1-LeaderElection9] INFO  impl.LeaderElection (LeaderElection.java:askForVotes(306)) - 4028be1c-f04f-471f-a5c7-d66a385f5692@group-BD86B44502A1-LeaderElection9 ELECTION round 0: submit vote requests at term 1 for -1: [8e6df144-c6f6-43b2-a2f1-262f0d8e0594|rpc:10.1.0.4:35723|priority:0, c80f2544-efc8-492a-83e4-5b8bcbed7eb8|rpc:10.1.0.4:35561|priority:1, 4028be1c-f04f-471f-a5c7-d66a385f5692|rpc:10.1.0.4:39853|priority:0], old=null
2021-05-27 14:49:02,894 [grpc-default-executor-2] INFO  server.RaftServer$Division (RaftServerImpl.java:requestVote(1042)) - 8e6df144-c6f6-43b2-a2f1-262f0d8e0594@group-BD86B44502A1: receive requestVote(ELECTION, 4028be1c-f04f-471f-a5c7-d66a385f5692, group-BD86B44502A1, 1, (t:0, i:0))
2021-05-27 14:49:02,894 [grpc-default-executor-2] INFO  impl.VoteContext (VoteContext.java:log(48)) - 8e6df144-c6f6-43b2-a2f1-262f0d8e0594@group-BD86B44502A1-FOLLOWER: accept ELECTION from 4028be1c-f04f-471f-a5c7-d66a385f5692: our priority 0 <= candidate's priority 0
2021-05-27 14:49:02,894 [grpc-default-executor-2] INFO  server.RaftServer$Division (RaftServerImpl.java:setRole(284)) - 8e6df144-c6f6-43b2-a2f1-262f0d8e0594@group-BD86B44502A1: changes role from  FOLLOWER to FOLLOWER at term 1 for candidate:4028be1c-f04f-471f-a5c7-d66a385f5692
2021-05-27 14:49:02,894 [grpc-default-executor-2] INFO  impl.RoleInfo (RoleInfo.java:shutdownFollowerState(108)) - 8e6df144-c6f6-43b2-a2f1-262f0d8e0594: shutdown 8e6df144-c6f6-43b2-a2f1-262f0d8e0594@group-BD86B44502A1-FollowerState
2021-05-27 14:49:02,894 [8e6df144-c6f6-43b2-a2f1-262f0d8e0594@group-BD86B44502A1-FollowerState] INFO  impl.FollowerState (FollowerState.java:run(143)) - 8e6df144-c6f6-43b2-a2f1-262f0d8e0594@group-BD86B44502A1-FollowerState was interrupted: {}
java.lang.InterruptedException: sleep interrupted
	at java.lang.Thread.sleep(Native Method)
	at java.lang.Thread.sleep(Thread.java:340)
	at java.util.concurrent.TimeUnit.sleep(TimeUnit.java:386)
	at org.apache.ratis.util.TimeDuration.sleep(TimeDuration.java:324)
	at org.apache.ratis.util.TimeDuration.sleep(TimeDuration.java:309)
	at org.apache.ratis.server.impl.FollowerState.run(FollowerState.java:118)
2021-05-27 14:49:02,895 [grpc-default-executor-2] INFO  impl.RoleInfo (RoleInfo.java:updateAndGet(130)) - 8e6df144-c6f6-43b2-a2f1-262f0d8e0594: start 8e6df144-c6f6-43b2-a2f1-262f0d8e0594@group-BD86B44502A1-FollowerState
2021-05-27 14:49:02,897 [grpc-default-executor-2] INFO  server.RaftServer$Division (RaftServerImpl.java:requestVote(1074)) - 8e6df144-c6f6-43b2-a2f1-262f0d8e0594@group-BD86B44502A1 replies to ELECTION vote request: 4028be1c-f04f-471f-a5c7-d66a385f5692<-8e6df144-c6f6-43b2-a2f1-262f0d8e0594#0:OK-t1. Peer's state: 8e6df144-c6f6-43b2-a2f1-262f0d8e0594@group-BD86B44502A1:t1, leader=null, voted=4028be1c-f04f-471f-a5c7-d66a385f5692, raftlog=8e6df144-c6f6-43b2-a2f1-262f0d8e0594@group-BD86B44502A1-SegmentedRaftLog:OPENED:c-1,f-1,i0, conf=-1: [8e6df144-c6f6-43b2-a2f1-262f0d8e0594|rpc:10.1.0.4:35723|priority:0, c80f2544-efc8-492a-83e4-5b8bcbed7eb8|rpc:10.1.0.4:35561|priority:1, 4028be1c-f04f-471f-a5c7-d66a385f5692|rpc:10.1.0.4:39853|priority:0], old=null
2021-05-27 14:49:02,903 [grpc-default-executor-1] INFO  server.RaftServer$Division (RaftServerImpl.java:requestVote(1042)) - c80f2544-efc8-492a-83e4-5b8bcbed7eb8@group-BD86B44502A1: receive requestVote(ELECTION, 4028be1c-f04f-471f-a5c7-d66a385f5692, group-BD86B44502A1, 1, (t:0, i:0))
2021-05-27 14:49:02,904 [grpc-default-executor-1] INFO  impl.VoteContext (VoteContext.java:log(48)) - c80f2544-efc8-492a-83e4-5b8bcbed7eb8@group-BD86B44502A1-FOLLOWER: reject ELECTION from 4028be1c-f04f-471f-a5c7-d66a385f5692: our priority 1 > candidate's priority 0
2021-05-27 14:49:02,904 [grpc-default-executor-1] INFO  server.RaftServer$Division (RaftServerImpl.java:setRole(284)) - c80f2544-efc8-492a-83e4-5b8bcbed7eb8@group-BD86B44502A1: changes role from  FOLLOWER to FOLLOWER at term 1 for candidate:4028be1c-f04f-471f-a5c7-d66a385f5692
2021-05-27 14:49:02,904 [grpc-default-executor-1] INFO  impl.RoleInfo (RoleInfo.java:shutdownFollowerState(108)) - c80f2544-efc8-492a-83e4-5b8bcbed7eb8: shutdown c80f2544-efc8-492a-83e4-5b8bcbed7eb8@group-BD86B44502A1-FollowerState
2021-05-27 14:49:02,904 [grpc-default-executor-1] INFO  impl.RoleInfo (RoleInfo.java:updateAndGet(130)) - c80f2544-efc8-492a-83e4-5b8bcbed7eb8: start c80f2544-efc8-492a-83e4-5b8bcbed7eb8@group-BD86B44502A1-FollowerState
2021-05-27 14:49:02,904 [c80f2544-efc8-492a-83e4-5b8bcbed7eb8@group-BD86B44502A1-FollowerState] INFO  impl.FollowerState (FollowerState.java:run(143)) - c80f2544-efc8-492a-83e4-5b8bcbed7eb8@group-BD86B44502A1-FollowerState was interrupted: {}
java.lang.InterruptedException: sleep interrupted
	at java.lang.Thread.sleep(Native Method)
	at java.lang.Thread.sleep(Thread.java:340)
	at java.util.concurrent.TimeUnit.sleep(TimeUnit.java:386)
	at org.apache.ratis.util.TimeDuration.sleep(TimeDuration.java:324)
	at org.apache.ratis.util.TimeDuration.sleep(TimeDuration.java:309)
	at org.apache.ratis.server.impl.FollowerState.run(FollowerState.java:118)
2021-05-27 14:49:02,906 [grpc-default-executor-1] INFO  server.RaftServer$Division (RaftServerImpl.java:requestVote(1074)) - c80f2544-efc8-492a-83e4-5b8bcbed7eb8@group-BD86B44502A1 replies to ELECTION vote request: 4028be1c-f04f-471f-a5c7-d66a385f5692<-c80f2544-efc8-492a-83e4-5b8bcbed7eb8#0:FAIL-t1. Peer's state: c80f2544-efc8-492a-83e4-5b8bcbed7eb8@group-BD86B44502A1:t1, leader=null, voted=null, raftlog=c80f2544-efc8-492a-83e4-5b8bcbed7eb8@group-BD86B44502A1-SegmentedRaftLog:OPENED:c-1,f-1,i0, conf=-1: [8e6df144-c6f6-43b2-a2f1-262f0d8e0594|rpc:10.1.0.4:35723|dataStream:|priority:0, c80f2544-efc8-492a-83e4-5b8bcbed7eb8|rpc:10.1.0.4:35561|dataStream:|priority:1, 4028be1c-f04f-471f-a5c7-d66a385f5692|rpc:10.1.0.4:39853|dataStream:|priority:0], old=null
2021-05-27 14:49:02,904 [EventQueue-OpenPipelineForHealthyPipelineSafeModeRule] INFO  safemode.SCMSafeModeManager (HealthyPipelineSafeModeRule.java:process(130)) - SCM in safe mode. Healthy pipelines reported count is 0, required healthy pipeline reported count is 1
2021-05-27 14:49:02,904 [EventQueue-PipelineReportForOneReplicaPipelineSafeModeRule] INFO  safemode.SCMSafeModeManager (SCMSafeModeManager.java:validateSafeModeExitRules(201)) - AtleastOneDatanodeReportedRule rule is successfully validated
2021-05-27 14:49:02,913 [4028be1c-f04f-471f-a5c7-d66a385f5692@group-BD86B44502A1-LeaderElection9] INFO  impl.LeaderElection (LeaderElection.java:logAndReturn(89)) - 4028be1c-f04f-471f-a5c7-d66a385f5692@group-BD86B44502A1-LeaderElection9: ELECTION REJECTED received 2 response(s) and 0 exception(s):
2021-05-27 14:49:02,913 [4028be1c-f04f-471f-a5c7-d66a385f5692@group-BD86B44502A1-LeaderElection9] INFO  impl.LeaderElection (LeaderElection.java:logAndReturn(93)) -   Response 0: 4028be1c-f04f-471f-a5c7-d66a385f5692<-8e6df144-c6f6-43b2-a2f1-262f0d8e0594#0:OK-t1
2021-05-27 14:49:02,913 [4028be1c-f04f-471f-a5c7-d66a385f5692@group-BD86B44502A1-LeaderElection9] INFO  impl.LeaderElection (LeaderElection.java:logAndReturn(93)) -   Response 1: 4028be1c-f04f-471f-a5c7-d66a385f5692<-c80f2544-efc8-492a-83e4-5b8bcbed7eb8#0:FAIL-t1
2021-05-27 14:49:02,913 [4028be1c-f04f-471f-a5c7-d66a385f5692@group-BD86B44502A1-LeaderElection9] INFO  impl.LeaderElection (LeaderElection.java:askForVotes(308)) - 4028be1c-f04f-471f-a5c7-d66a385f5692@group-BD86B44502A1-LeaderElection9 ELECTION round 0: result REJECTED
2021-05-27 14:49:02,913 [4028be1c-f04f-471f-a5c7-d66a385f5692@group-BD86B44502A1-LeaderElection9] INFO  server.RaftServer$Division (RaftServerImpl.java:setRole(284)) - 4028be1c-f04f-471f-a5c7-d66a385f5692@group-BD86B44502A1: changes role from CANDIDATE to FOLLOWER at term 1 for REJECTED
2021-05-27 14:49:02,913 [4028be1c-f04f-471f-a5c7-d66a385f5692@group-BD86B44502A1-LeaderElection9] INFO  impl.RoleInfo (RoleInfo.java:shutdownLeaderElection(121)) - 4028be1c-f04f-471f-a5c7-d66a385f5692: shutdown 4028be1c-f04f-471f-a5c7-d66a385f5692@group-BD86B44502A1-LeaderElection9
2021-05-27 14:49:02,913 [4028be1c-f04f-471f-a5c7-d66a385f5692@group-BD86B44502A1-LeaderElection9] INFO  impl.RoleInfo (RoleInfo.java:updateAndGet(130)) - 4028be1c-f04f-471f-a5c7-d66a385f5692: start 4028be1c-f04f-471f-a5c7-d66a385f5692@group-BD86B44502A1-FollowerState
2021-05-27 14:49:02,931 [4028be1c-f04f-471f-a5c7-d66a385f5692@group-F3A0BFBB38E1-FollowerState] INFO  impl.FollowerState (FollowerState.java:run(134)) - 4028be1c-f04f-471f-a5c7-d66a385f5692@group-F3A0BFBB38E1-FollowerState: change to CANDIDATE, lastRpcElapsedTime:5179482994ns, electionTimeout:5178ms
2021-05-27 14:49:02,931 [4028be1c-f04f-471f-a5c7-d66a385f5692@group-F3A0BFBB38E1-FollowerState] INFO  impl.RoleInfo (RoleInfo.java:shutdownFollowerState(108)) - 4028be1c-f04f-471f-a5c7-d66a385f5692: shutdown 4028be1c-f04f-471f-a5c7-d66a385f5692@group-F3A0BFBB38E1-FollowerState
2021-05-27 14:49:02,932 [4028be1c-f04f-471f-a5c7-d66a385f5692@group-F3A0BFBB38E1-FollowerState] INFO  server.RaftServer$Division (RaftServerImpl.java:setRole(284)) - 4028be1c-f04f-471f-a5c7-d66a385f5692@group-F3A0BFBB38E1: changes role from  FOLLOWER to CANDIDATE at term 0 for changeToCandidate
2021-05-27 14:49:02,932 [4028be1c-f04f-471f-a5c7-d66a385f5692@group-F3A0BFBB38E1-FollowerState] INFO  server.RaftServerConfigKeys (ConfUtils.java:logGet(44)) - raft.server.leaderelection.pre-vote = false (custom)
2021-05-27 14:49:02,932 [4028be1c-f04f-471f-a5c7-d66a385f5692@group-F3A0BFBB38E1-FollowerState] INFO  impl.RoleInfo (RoleInfo.java:updateAndGet(130)) - 4028be1c-f04f-471f-a5c7-d66a385f5692: start 4028be1c-f04f-471f-a5c7-d66a385f5692@group-F3A0BFBB38E1-LeaderElection10
2021-05-27 14:49:02,943 [4028be1c-f04f-471f-a5c7-d66a385f5692@group-F3A0BFBB38E1-LeaderElection10] INFO  impl.LeaderElection (LeaderElection.java:askForVotes(306)) - 4028be1c-f04f-471f-a5c7-d66a385f5692@group-F3A0BFBB38E1-LeaderElection10 ELECTION round 0: submit vote requests at term 1 for -1: [4028be1c-f04f-471f-a5c7-d66a385f5692|rpc:10.1.0.4:39853|priority:1], old=null
2021-05-27 14:49:02,943 [4028be1c-f04f-471f-a5c7-d66a385f5692@group-F3A0BFBB38E1-LeaderElection10] INFO  impl.LeaderElection (LeaderElection.java:askForVotes(308)) - 4028be1c-f04f-471f-a5c7-d66a385f5692@group-F3A0BFBB38E1-LeaderElection10 ELECTION round 0: result PASSED (term=1)
2021-05-27 14:49:02,943 [4028be1c-f04f-471f-a5c7-d66a385f5692@group-F3A0BFBB38E1-LeaderElection10] INFO  impl.RoleInfo (RoleInfo.java:shutdownLeaderElection(121)) - 4028be1c-f04f-471f-a5c7-d66a385f5692: shutdown 4028be1c-f04f-471f-a5c7-d66a385f5692@group-F3A0BFBB38E1-LeaderElection10
2021-05-27 14:49:02,943 [4028be1c-f04f-471f-a5c7-d66a385f5692@group-F3A0BFBB38E1-LeaderElection10] INFO  server.RaftServer$Division (RaftServerImpl.java:setRole(284)) - 4028be1c-f04f-471f-a5c7-d66a385f5692@group-F3A0BFBB38E1: changes role from CANDIDATE to LEADER at term 1 for changeToLeader
2021-05-27 14:49:02,943 [4028be1c-f04f-471f-a5c7-d66a385f5692@group-F3A0BFBB38E1-LeaderElection10] INFO  ratis.XceiverServerRatis (XceiverServerRatis.java:handleLeaderChangedNotification(906)) - Leader change notification received for group: group-F3A0BFBB38E1 with new leaderId: 4028be1c-f04f-471f-a5c7-d66a385f5692
2021-05-27 14:49:02,943 [4028be1c-f04f-471f-a5c7-d66a385f5692@group-F3A0BFBB38E1-LeaderElection10] INFO  server.RaftServer$Division (ServerState.java:setLeader(271)) - 4028be1c-f04f-471f-a5c7-d66a385f5692@group-F3A0BFBB38E1: change Leader from null to 4028be1c-f04f-471f-a5c7-d66a385f5692 at term 1 for becomeLeader, leader elected after 5212ms
2021-05-27 14:49:02,943 [4028be1c-f04f-471f-a5c7-d66a385f5692@group-F3A0BFBB38E1-LeaderElection10] INFO  server.RaftServerConfigKeys (ConfUtils.java:logGet(44)) - raft.server.staging.catchup.gap = 1000 (default)
2021-05-27 14:49:02,944 [4028be1c-f04f-471f-a5c7-d66a385f5692@group-F3A0BFBB38E1-LeaderElection10] INFO  metrics.RatisMetrics (RatisMetrics.java:lambda$create$0(36)) - Creating Metrics Registry : ratis.log_appender.4028be1c-f04f-471f-a5c7-d66a385f5692@group-F3A0BFBB38E1
2021-05-27 14:49:02,944 [4028be1c-f04f-471f-a5c7-d66a385f5692@group-F3A0BFBB38E1-LeaderElection10] INFO  server.RaftServerConfigKeys (ConfUtils.java:logGet(44)) - raft.server.write.element-limit = 1024 (custom)
2021-05-27 14:49:02,944 [4028be1c-f04f-471f-a5c7-d66a385f5692@group-F3A0BFBB38E1-LeaderElection10] INFO  server.RaftServerConfigKeys (ConfUtils.java:logGet(44)) - raft.server.write.byte-limit = 1073741824 (custom)
2021-05-27 14:49:02,944 [4028be1c-f04f-471f-a5c7-d66a385f5692@group-F3A0BFBB38E1-LeaderElection10] INFO  server.RaftServerConfigKeys (ConfUtils.java:logGet(44)) - raft.server.watch.timeout = 3000ms (custom)
2021-05-27 14:49:02,944 [4028be1c-f04f-471f-a5c7-d66a385f5692@group-F3A0BFBB38E1-LeaderElection10] INFO  server.RaftServerConfigKeys (ConfUtils.java:logGet(44)) - raft.server.watch.timeout.denomination = 1s (default)
2021-05-27 14:49:02,944 [4028be1c-f04f-471f-a5c7-d66a385f5692@group-F3A0BFBB38E1-LeaderElection10] INFO  server.RaftServerConfigKeys (ConfUtils.java:logGet(44)) - raft.server.watch.element-limit = 65536 (default)
2021-05-27 14:49:02,944 [4028be1c-f04f-471f-a5c7-d66a385f5692@group-F3A0BFBB38E1-LeaderElection10] INFO  impl.RoleInfo (RoleInfo.java:updateAndGet(130)) - 4028be1c-f04f-471f-a5c7-d66a385f5692: start 4028be1c-f04f-471f-a5c7-d66a385f5692@group-F3A0BFBB38E1-LeaderStateImpl
2021-05-27 14:49:02,945 [4028be1c-f04f-471f-a5c7-d66a385f5692@group-F3A0BFBB38E1-LeaderElection10] INFO  segmented.SegmentedRaftLogWorker (SegmentedRaftLogWorker.java:startLogSegment(394)) - 4028be1c-f04f-471f-a5c7-d66a385f5692@group-F3A0BFBB38E1-SegmentedRaftLogWorker: Starting segment from index:0
2021-05-27 14:49:02,945 [EventQueue-PipelineReportForOneReplicaPipelineSafeModeRule] INFO  safemode.SCMSafeModeManager (SCMSafeModeManager.java:validateSafeModeExitRules(201)) - AtleastOneDatanodeReportedRule rule is successfully validated
2021-05-27 14:49:02,945 [EventQueue-OpenPipelineForHealthyPipelineSafeModeRule] INFO  safemode.SCMSafeModeManager (HealthyPipelineSafeModeRule.java:process(130)) - SCM in safe mode. Healthy pipelines reported count is 0, required healthy pipeline reported count is 1
2021-05-27 14:49:02,946 [4028be1c-f04f-471f-a5c7-d66a385f5692@group-F3A0BFBB38E1-SegmentedRaftLogWorker] INFO  segmented.SegmentedRaftLogWorker (SegmentedRaftLogWorker.java:execute(601)) - 4028be1c-f04f-471f-a5c7-d66a385f5692@group-F3A0BFBB38E1-SegmentedRaftLogWorker: created new log segment /home/runner/work/ozone/ozone/mnt/ozone/hadoop-ozone/integration-test/target/test-dir/MiniOzoneClusterImpl-01be8073-4a30-4c07-ba69-c81900f598d5/datanode-6/data/ratis/a9620fcb-631b-4d7f-993b-f3a0bfbb38e1/current/log_inprogress_0
2021-05-27 14:49:02,950 [4028be1c-f04f-471f-a5c7-d66a385f5692@group-F3A0BFBB38E1-LeaderElection10] INFO  server.RaftServer$Division (ServerState.java:setRaftConf(373)) - 4028be1c-f04f-471f-a5c7-d66a385f5692@group-F3A0BFBB38E1: set configuration 0: [4028be1c-f04f-471f-a5c7-d66a385f5692|rpc:10.1.0.4:39853|dataStream:|priority:1], old=null
2021-05-27 14:49:02,986 [Listener at 127.0.0.1/33213] INFO  ozone.MiniOzoneClusterImpl (MiniOzoneClusterImpl.java:lambda$waitForClusterToBeReady$0(224)) - Nodes are ready. Got 9 of 9 DN Heartbeats.
2021-05-27 14:49:02,987 [Listener at 127.0.0.1/33213] INFO  ozone.MiniOzoneClusterImpl (MiniOzoneClusterImpl.java:lambda$waitForClusterToBeReady$0(227)) - Waiting for cluster to exit safe mode
2021-05-27 14:49:02,987 [Listener at 127.0.0.1/33213] INFO  ozone.MiniOzoneClusterImpl (MiniOzoneClusterImpl.java:lambda$waitForClusterToBeReady$0(230)) - SCM became leader
2021-05-27 14:49:02,999 [58901a56-5ead-441d-bada-0c2dcec13c3c@group-7ED80A3AE6DA-FollowerState] INFO  impl.FollowerState (FollowerState.java:run(134)) - 58901a56-5ead-441d-bada-0c2dcec13c3c@group-7ED80A3AE6DA-FollowerState: change to CANDIDATE, lastRpcElapsedTime:5206092489ns, electionTimeout:5192ms
2021-05-27 14:49:02,999 [58901a56-5ead-441d-bada-0c2dcec13c3c@group-7ED80A3AE6DA-FollowerState] INFO  impl.RoleInfo (RoleInfo.java:shutdownFollowerState(108)) - 58901a56-5ead-441d-bada-0c2dcec13c3c: shutdown 58901a56-5ead-441d-bada-0c2dcec13c3c@group-7ED80A3AE6DA-FollowerState
2021-05-27 14:49:02,999 [58901a56-5ead-441d-bada-0c2dcec13c3c@group-7ED80A3AE6DA-FollowerState] INFO  server.RaftServer$Division (RaftServerImpl.java:setRole(284)) - 58901a56-5ead-441d-bada-0c2dcec13c3c@group-7ED80A3AE6DA: changes role from  FOLLOWER to CANDIDATE at term 0 for changeToCandidate
2021-05-27 14:49:02,999 [c80f2544-efc8-492a-83e4-5b8bcbed7eb8@group-B2661161F723-FollowerState] INFO  impl.FollowerState (FollowerState.java:run(134)) - c80f2544-efc8-492a-83e4-5b8bcbed7eb8@group-B2661161F723-FollowerState: change to CANDIDATE, lastRpcElapsedTime:5084961941ns, electionTimeout:5084ms
2021-05-27 14:49:03,000 [c80f2544-efc8-492a-83e4-5b8bcbed7eb8@group-B2661161F723-FollowerState] INFO  impl.RoleInfo (RoleInfo.java:shutdownFollowerState(108)) - c80f2544-efc8-492a-83e4-5b8bcbed7eb8: shutdown c80f2544-efc8-492a-83e4-5b8bcbed7eb8@group-B2661161F723-FollowerState
2021-05-27 14:49:03,000 [c80f2544-efc8-492a-83e4-5b8bcbed7eb8@group-B2661161F723-FollowerState] INFO  server.RaftServer$Division (RaftServerImpl.java:setRole(284)) - c80f2544-efc8-492a-83e4-5b8bcbed7eb8@group-B2661161F723: changes role from  FOLLOWER to CANDIDATE at term 0 for changeToCandidate
2021-05-27 14:49:03,001 [58901a56-5ead-441d-bada-0c2dcec13c3c@group-7ED80A3AE6DA-FollowerState] INFO  server.RaftServerConfigKeys (ConfUtils.java:logGet(44)) - raft.server.leaderelection.pre-vote = false (custom)
2021-05-27 14:49:03,001 [58901a56-5ead-441d-bada-0c2dcec13c3c@group-7ED80A3AE6DA-FollowerState] INFO  impl.RoleInfo (RoleInfo.java:updateAndGet(130)) - 58901a56-5ead-441d-bada-0c2dcec13c3c: start 58901a56-5ead-441d-bada-0c2dcec13c3c@group-7ED80A3AE6DA-LeaderElection11
2021-05-27 14:49:03,001 [c80f2544-efc8-492a-83e4-5b8bcbed7eb8@group-B2661161F723-FollowerState] INFO  server.RaftServerConfigKeys (ConfUtils.java:logGet(44)) - raft.server.leaderelection.pre-vote = false (custom)
2021-05-27 14:49:03,001 [c80f2544-efc8-492a-83e4-5b8bcbed7eb8@group-B2661161F723-FollowerState] INFO  impl.RoleInfo (RoleInfo.java:updateAndGet(130)) - c80f2544-efc8-492a-83e4-5b8bcbed7eb8: start c80f2544-efc8-492a-83e4-5b8bcbed7eb8@group-B2661161F723-LeaderElection12
2021-05-27 14:49:03,008 [8e6df144-c6f6-43b2-a2f1-262f0d8e0594@group-D89EB04E674D-FollowerState] INFO  impl.FollowerState (FollowerState.java:run(134)) - 8e6df144-c6f6-43b2-a2f1-262f0d8e0594@group-D89EB04E674D-FollowerState: change to CANDIDATE, lastRpcElapsedTime:5165212934ns, electionTimeout:5161ms
2021-05-27 14:49:03,008 [8e6df144-c6f6-43b2-a2f1-262f0d8e0594@group-D89EB04E674D-FollowerState] INFO  impl.RoleInfo (RoleInfo.java:shutdownFollowerState(108)) - 8e6df144-c6f6-43b2-a2f1-262f0d8e0594: shutdown 8e6df144-c6f6-43b2-a2f1-262f0d8e0594@group-D89EB04E674D-FollowerState
2021-05-27 14:49:03,008 [8e6df144-c6f6-43b2-a2f1-262f0d8e0594@group-D89EB04E674D-FollowerState] INFO  server.RaftServer$Division (RaftServerImpl.java:setRole(284)) - 8e6df144-c6f6-43b2-a2f1-262f0d8e0594@group-D89EB04E674D: changes role from  FOLLOWER to CANDIDATE at term 0 for changeToCandidate
2021-05-27 14:49:03,009 [58901a56-5ead-441d-bada-0c2dcec13c3c@group-7ED80A3AE6DA-LeaderElection11] INFO  impl.LeaderElection (LeaderElection.java:askForVotes(306)) - 58901a56-5ead-441d-bada-0c2dcec13c3c@group-7ED80A3AE6DA-LeaderElection11 ELECTION round 0: submit vote requests at term 1 for -1: [58901a56-5ead-441d-bada-0c2dcec13c3c|rpc:10.1.0.4:34635|priority:1], old=null
2021-05-27 14:49:03,010 [58901a56-5ead-441d-bada-0c2dcec13c3c@group-7ED80A3AE6DA-LeaderElection11] INFO  impl.LeaderElection (LeaderElection.java:askForVotes(308)) - 58901a56-5ead-441d-bada-0c2dcec13c3c@group-7ED80A3AE6DA-LeaderElection11 ELECTION round 0: result PASSED (term=1)
2021-05-27 14:49:03,010 [58901a56-5ead-441d-bada-0c2dcec13c3c@group-7ED80A3AE6DA-LeaderElection11] INFO  impl.RoleInfo (RoleInfo.java:shutdownLeaderElection(121)) - 58901a56-5ead-441d-bada-0c2dcec13c3c: shutdown 58901a56-5ead-441d-bada-0c2dcec13c3c@group-7ED80A3AE6DA-LeaderElection11
2021-05-27 14:49:03,010 [58901a56-5ead-441d-bada-0c2dcec13c3c@group-7ED80A3AE6DA-LeaderElection11] INFO  server.RaftServer$Division (RaftServerImpl.java:setRole(284)) - 58901a56-5ead-441d-bada-0c2dcec13c3c@group-7ED80A3AE6DA: changes role from CANDIDATE to LEADER at term 1 for changeToLeader
2021-05-27 14:49:03,010 [58901a56-5ead-441d-bada-0c2dcec13c3c@group-7ED80A3AE6DA-LeaderElection11] INFO  ratis.XceiverServerRatis (XceiverServerRatis.java:handleLeaderChangedNotification(906)) - Leader change notification received for group: group-7ED80A3AE6DA with new leaderId: 58901a56-5ead-441d-bada-0c2dcec13c3c
2021-05-27 14:49:03,010 [58901a56-5ead-441d-bada-0c2dcec13c3c@group-7ED80A3AE6DA-LeaderElection11] INFO  server.RaftServer$Division (ServerState.java:setLeader(271)) - 58901a56-5ead-441d-bada-0c2dcec13c3c@group-7ED80A3AE6DA: change Leader from null to 58901a56-5ead-441d-bada-0c2dcec13c3c at term 1 for becomeLeader, leader elected after 5280ms
2021-05-27 14:49:03,012 [EventQueue-PipelineReportForOneReplicaPipelineSafeModeRule] INFO  safemode.SCMSafeModeManager (SCMSafeModeManager.java:validateSafeModeExitRules(201)) - AtleastOneDatanodeReportedRule rule is successfully validated
2021-05-27 14:49:03,012 [58901a56-5ead-441d-bada-0c2dcec13c3c@group-7ED80A3AE6DA-LeaderElection11] INFO  server.RaftServerConfigKeys (ConfUtils.java:logGet(44)) - raft.server.staging.catchup.gap = 1000 (default)
2021-05-27 14:49:03,012 [58901a56-5ead-441d-bada-0c2dcec13c3c@group-7ED80A3AE6DA-LeaderElection11] INFO  metrics.RatisMetrics (RatisMetrics.java:lambda$create$0(36)) - Creating Metrics Registry : ratis.log_appender.58901a56-5ead-441d-bada-0c2dcec13c3c@group-7ED80A3AE6DA
2021-05-27 14:49:03,012 [EventQueue-OpenPipelineForHealthyPipelineSafeModeRule] INFO  safemode.SCMSafeModeManager (HealthyPipelineSafeModeRule.java:process(130)) - SCM in safe mode. Healthy pipelines reported count is 0, required healthy pipeline reported count is 1
2021-05-27 14:49:03,013 [58901a56-5ead-441d-bada-0c2dcec13c3c@group-7ED80A3AE6DA-LeaderElection11] INFO  server.RaftServerConfigKeys (ConfUtils.java:logGet(44)) - raft.server.write.element-limit = 1024 (custom)
2021-05-27 14:49:03,013 [58901a56-5ead-441d-bada-0c2dcec13c3c@group-7ED80A3AE6DA-LeaderElection11] INFO  server.RaftServerConfigKeys (ConfUtils.java:logGet(44)) - raft.server.write.byte-limit = 1073741824 (custom)
2021-05-27 14:49:03,013 [58901a56-5ead-441d-bada-0c2dcec13c3c@group-7ED80A3AE6DA-LeaderElection11] INFO  server.RaftServerConfigKeys (ConfUtils.java:logGet(44)) - raft.server.watch.timeout = 3000ms (custom)
2021-05-27 14:49:03,013 [58901a56-5ead-441d-bada-0c2dcec13c3c@group-7ED80A3AE6DA-LeaderElection11] INFO  server.RaftServerConfigKeys (ConfUtils.java:logGet(44)) - raft.server.watch.timeout.denomination = 1s (default)
2021-05-27 14:49:03,013 [58901a56-5ead-441d-bada-0c2dcec13c3c@group-7ED80A3AE6DA-LeaderElection11] INFO  server.RaftServerConfigKeys (ConfUtils.java:logGet(44)) - raft.server.watch.element-limit = 65536 (default)
2021-05-27 14:49:03,013 [58901a56-5ead-441d-bada-0c2dcec13c3c@group-7ED80A3AE6DA-LeaderElection11] INFO  impl.RoleInfo (RoleInfo.java:updateAndGet(130)) - 58901a56-5ead-441d-bada-0c2dcec13c3c: start 58901a56-5ead-441d-bada-0c2dcec13c3c@group-7ED80A3AE6DA-LeaderStateImpl
2021-05-27 14:49:03,014 [58901a56-5ead-441d-bada-0c2dcec13c3c@group-7ED80A3AE6DA-LeaderElection11] INFO  segmented.SegmentedRaftLogWorker (SegmentedRaftLogWorker.java:startLogSegment(394)) - 58901a56-5ead-441d-bada-0c2dcec13c3c@group-7ED80A3AE6DA-SegmentedRaftLogWorker: Starting segment from index:0
2021-05-27 14:49:03,014 [8e6df144-c6f6-43b2-a2f1-262f0d8e0594@group-D89EB04E674D-FollowerState] INFO  server.RaftServerConfigKeys (ConfUtils.java:logGet(44)) - raft.server.leaderelection.pre-vote = false (custom)
2021-05-27 14:49:03,014 [8e6df144-c6f6-43b2-a2f1-262f0d8e0594@group-D89EB04E674D-FollowerState] INFO  impl.RoleInfo (RoleInfo.java:updateAndGet(130)) - 8e6df144-c6f6-43b2-a2f1-262f0d8e0594: start 8e6df144-c6f6-43b2-a2f1-262f0d8e0594@group-D89EB04E674D-LeaderElection13
2021-05-27 14:49:03,015 [58901a56-5ead-441d-bada-0c2dcec13c3c@group-7ED80A3AE6DA-SegmentedRaftLogWorker] INFO  segmented.SegmentedRaftLogWorker (SegmentedRaftLogWorker.java:execute(601)) - 58901a56-5ead-441d-bada-0c2dcec13c3c@group-7ED80A3AE6DA-SegmentedRaftLogWorker: created new log segment /home/runner/work/ozone/ozone/mnt/ozone/hadoop-ozone/integration-test/target/test-dir/MiniOzoneClusterImpl-01be8073-4a30-4c07-ba69-c81900f598d5/datanode-5/data/ratis/99b00399-7e16-48f4-9863-7ed80a3ae6da/current/log_inprogress_0
2021-05-27 14:49:03,016 [c80f2544-efc8-492a-83e4-5b8bcbed7eb8@group-B2661161F723-LeaderElection12] INFO  impl.LeaderElection (LeaderElection.java:askForVotes(306)) - c80f2544-efc8-492a-83e4-5b8bcbed7eb8@group-B2661161F723-LeaderElection12 ELECTION round 0: submit vote requests at term 1 for -1: [c80f2544-efc8-492a-83e4-5b8bcbed7eb8|rpc:10.1.0.4:35561|priority:1], old=null
2021-05-27 14:49:03,016 [c80f2544-efc8-492a-83e4-5b8bcbed7eb8@group-B2661161F723-LeaderElection12] INFO  impl.LeaderElection (LeaderElection.java:askForVotes(308)) - c80f2544-efc8-492a-83e4-5b8bcbed7eb8@group-B2661161F723-LeaderElection12 ELECTION round 0: result PASSED (term=1)
2021-05-27 14:49:03,016 [c80f2544-efc8-492a-83e4-5b8bcbed7eb8@group-B2661161F723-LeaderElection12] INFO  impl.RoleInfo (RoleInfo.java:shutdownLeaderElection(121)) - c80f2544-efc8-492a-83e4-5b8bcbed7eb8: shutdown c80f2544-efc8-492a-83e4-5b8bcbed7eb8@group-B2661161F723-LeaderElection12
2021-05-27 14:49:03,016 [c80f2544-efc8-492a-83e4-5b8bcbed7eb8@group-B2661161F723-LeaderElection12] INFO  server.RaftServer$Division (RaftServerImpl.java:setRole(284)) - c80f2544-efc8-492a-83e4-5b8bcbed7eb8@group-B2661161F723: changes role from CANDIDATE to LEADER at term 1 for changeToLeader
2021-05-27 14:49:03,016 [c80f2544-efc8-492a-83e4-5b8bcbed7eb8@group-B2661161F723-LeaderElection12] INFO  ratis.XceiverServerRatis (XceiverServerRatis.java:handleLeaderChangedNotification(906)) - Leader change notification received for group: group-B2661161F723 with new leaderId: c80f2544-efc8-492a-83e4-5b8bcbed7eb8
2021-05-27 14:49:03,018 [c80f2544-efc8-492a-83e4-5b8bcbed7eb8@group-B2661161F723-LeaderElection12] INFO  server.RaftServer$Division (ServerState.java:setLeader(271)) - c80f2544-efc8-492a-83e4-5b8bcbed7eb8@group-B2661161F723: change Leader from null to c80f2544-efc8-492a-83e4-5b8bcbed7eb8 at term 1 for becomeLeader, leader elected after 5114ms
2021-05-27 14:49:03,018 [58901a56-5ead-441d-bada-0c2dcec13c3c@group-7ED80A3AE6DA-LeaderElection11] INFO  server.RaftServer$Division (ServerState.java:setRaftConf(373)) - 58901a56-5ead-441d-bada-0c2dcec13c3c@group-7ED80A3AE6DA: set configuration 0: [58901a56-5ead-441d-bada-0c2dcec13c3c|rpc:10.1.0.4:34635|dataStream:|priority:1], old=null
2021-05-27 14:49:03,018 [c80f2544-efc8-492a-83e4-5b8bcbed7eb8@group-B2661161F723-LeaderElection12] INFO  server.RaftServerConfigKeys (ConfUtils.java:logGet(44)) - raft.server.staging.catchup.gap = 1000 (default)
2021-05-27 14:49:03,020 [c80f2544-efc8-492a-83e4-5b8bcbed7eb8@group-B2661161F723-LeaderElection12] INFO  metrics.RatisMetrics (RatisMetrics.java:lambda$create$0(36)) - Creating Metrics Registry : ratis.log_appender.c80f2544-efc8-492a-83e4-5b8bcbed7eb8@group-B2661161F723
2021-05-27 14:49:03,020 [c80f2544-efc8-492a-83e4-5b8bcbed7eb8@group-B2661161F723-LeaderElection12] INFO  server.RaftServerConfigKeys (ConfUtils.java:logGet(44)) - raft.server.write.element-limit = 1024 (custom)
2021-05-27 14:49:03,020 [c80f2544-efc8-492a-83e4-5b8bcbed7eb8@group-B2661161F723-LeaderElection12] INFO  server.RaftServerConfigKeys (ConfUtils.java:logGet(44)) - raft.server.write.byte-limit = 1073741824 (custom)
2021-05-27 14:49:03,020 [EventQueue-PipelineReportForOneReplicaPipelineSafeModeRule] INFO  safemode.SCMSafeModeManager (SCMSafeModeManager.java:validateSafeModeExitRules(201)) - AtleastOneDatanodeReportedRule rule is successfully validated
2021-05-27 14:49:03,021 [EventQueue-OpenPipelineForHealthyPipelineSafeModeRule] INFO  safemode.SCMSafeModeManager (HealthyPipelineSafeModeRule.java:process(130)) - SCM in safe mode. Healthy pipelines reported count is 0, required healthy pipeline reported count is 1
2021-05-27 14:49:03,022 [c80f2544-efc8-492a-83e4-5b8bcbed7eb8@group-B2661161F723-LeaderElection12] INFO  server.RaftServerConfigKeys (ConfUtils.java:logGet(44)) - raft.server.watch.timeout = 3000ms (custom)
2021-05-27 14:49:03,022 [c80f2544-efc8-492a-83e4-5b8bcbed7eb8@group-B2661161F723-LeaderElection12] INFO  server.RaftServerConfigKeys (ConfUtils.java:logGet(44)) - raft.server.watch.timeout.denomination = 1s (default)
2021-05-27 14:49:03,022 [c80f2544-efc8-492a-83e4-5b8bcbed7eb8@group-B2661161F723-LeaderElection12] INFO  server.RaftServerConfigKeys (ConfUtils.java:logGet(44)) - raft.server.watch.element-limit = 65536 (default)
2021-05-27 14:49:03,022 [c80f2544-efc8-492a-83e4-5b8bcbed7eb8@group-B2661161F723-LeaderElection12] INFO  impl.RoleInfo (RoleInfo.java:updateAndGet(130)) - c80f2544-efc8-492a-83e4-5b8bcbed7eb8: start c80f2544-efc8-492a-83e4-5b8bcbed7eb8@group-B2661161F723-LeaderStateImpl
2021-05-27 14:49:03,022 [c80f2544-efc8-492a-83e4-5b8bcbed7eb8@group-B2661161F723-LeaderElection12] INFO  segmented.SegmentedRaftLogWorker (SegmentedRaftLogWorker.java:startLogSegment(394)) - c80f2544-efc8-492a-83e4-5b8bcbed7eb8@group-B2661161F723-SegmentedRaftLogWorker: Starting segment from index:0
2021-05-27 14:49:03,023 [c80f2544-efc8-492a-83e4-5b8bcbed7eb8@group-B2661161F723-SegmentedRaftLogWorker] INFO  segmented.SegmentedRaftLogWorker (SegmentedRaftLogWorker.java:execute(601)) - c80f2544-efc8-492a-83e4-5b8bcbed7eb8@group-B2661161F723-SegmentedRaftLogWorker: created new log segment /home/runner/work/ozone/ozone/mnt/ozone/hadoop-ozone/integration-test/target/test-dir/MiniOzoneClusterImpl-01be8073-4a30-4c07-ba69-c81900f598d5/datanode-8/data/ratis/955e6559-da5a-4dfd-a25a-b2661161f723/current/log_inprogress_0
2021-05-27 14:49:03,024 [c80f2544-efc8-492a-83e4-5b8bcbed7eb8@group-B2661161F723-LeaderElection12] INFO  server.RaftServer$Division (ServerState.java:setRaftConf(373)) - c80f2544-efc8-492a-83e4-5b8bcbed7eb8@group-B2661161F723: set configuration 0: [c80f2544-efc8-492a-83e4-5b8bcbed7eb8|rpc:10.1.0.4:35561|dataStream:|priority:1], old=null
2021-05-27 14:49:03,025 [8e6df144-c6f6-43b2-a2f1-262f0d8e0594@group-D89EB04E674D-LeaderElection13] INFO  impl.LeaderElection (LeaderElection.java:askForVotes(306)) - 8e6df144-c6f6-43b2-a2f1-262f0d8e0594@group-D89EB04E674D-LeaderElection13 ELECTION round 0: submit vote requests at term 1 for -1: [8e6df144-c6f6-43b2-a2f1-262f0d8e0594|rpc:10.1.0.4:35723|priority:1], old=null
2021-05-27 14:49:03,026 [8e6df144-c6f6-43b2-a2f1-262f0d8e0594@group-D89EB04E674D-LeaderElection13] INFO  impl.LeaderElection (LeaderElection.java:askForVotes(308)) - 8e6df144-c6f6-43b2-a2f1-262f0d8e0594@group-D89EB04E674D-LeaderElection13 ELECTION round 0: result PASSED (term=1)
2021-05-27 14:49:03,027 [8e6df144-c6f6-43b2-a2f1-262f0d8e0594@group-D89EB04E674D-LeaderElection13] INFO  impl.RoleInfo (RoleInfo.java:shutdownLeaderElection(121)) - 8e6df144-c6f6-43b2-a2f1-262f0d8e0594: shutdown 8e6df144-c6f6-43b2-a2f1-262f0d8e0594@group-D89EB04E674D-LeaderElection13
2021-05-27 14:49:03,027 [8e6df144-c6f6-43b2-a2f1-262f0d8e0594@group-D89EB04E674D-LeaderElection13] INFO  server.RaftServer$Division (RaftServerImpl.java:setRole(284)) - 8e6df144-c6f6-43b2-a2f1-262f0d8e0594@group-D89EB04E674D: changes role from CANDIDATE to LEADER at term 1 for changeToLeader
2021-05-27 14:49:03,027 [8e6df144-c6f6-43b2-a2f1-262f0d8e0594@group-D89EB04E674D-LeaderElection13] INFO  ratis.XceiverServerRatis (XceiverServerRatis.java:handleLeaderChangedNotification(906)) - Leader change notification received for group: group-D89EB04E674D with new leaderId: 8e6df144-c6f6-43b2-a2f1-262f0d8e0594
2021-05-27 14:49:03,027 [8e6df144-c6f6-43b2-a2f1-262f0d8e0594@group-D89EB04E674D-LeaderElection13] INFO  server.RaftServer$Division (ServerState.java:setLeader(271)) - 8e6df144-c6f6-43b2-a2f1-262f0d8e0594@group-D89EB04E674D: change Leader from null to 8e6df144-c6f6-43b2-a2f1-262f0d8e0594 at term 1 for becomeLeader, leader elected after 5209ms
2021-05-27 14:49:03,027 [8e6df144-c6f6-43b2-a2f1-262f0d8e0594@group-D89EB04E674D-LeaderElection13] INFO  server.RaftServerConfigKeys (ConfUtils.java:logGet(44)) - raft.server.staging.catchup.gap = 1000 (default)
2021-05-27 14:49:03,027 [8e6df144-c6f6-43b2-a2f1-262f0d8e0594@group-D89EB04E674D-LeaderElection13] INFO  metrics.RatisMetrics (RatisMetrics.java:lambda$create$0(36)) - Creating Metrics Registry : ratis.log_appender.8e6df144-c6f6-43b2-a2f1-262f0d8e0594@group-D89EB04E674D
2021-05-27 14:49:03,028 [EventQueue-PipelineReportForOneReplicaPipelineSafeModeRule] INFO  safemode.SCMSafeModeManager (SCMSafeModeManager.java:validateSafeModeExitRules(201)) - AtleastOneDatanodeReportedRule rule is successfully validated
2021-05-27 14:49:03,028 [EventQueue-OpenPipelineForHealthyPipelineSafeModeRule] INFO  safemode.SCMSafeModeManager (HealthyPipelineSafeModeRule.java:process(130)) - SCM in safe mode. Healthy pipelines reported count is 0, required healthy pipeline reported count is 1
2021-05-27 14:49:03,029 [8e6df144-c6f6-43b2-a2f1-262f0d8e0594@group-D89EB04E674D-LeaderElection13] INFO  server.RaftServerConfigKeys (ConfUtils.java:logGet(44)) - raft.server.write.element-limit = 1024 (custom)
2021-05-27 14:49:03,029 [8e6df144-c6f6-43b2-a2f1-262f0d8e0594@group-D89EB04E674D-LeaderElection13] INFO  server.RaftServerConfigKeys (ConfUtils.java:logGet(44)) - raft.server.write.byte-limit = 1073741824 (custom)
2021-05-27 14:49:03,029 [8e6df144-c6f6-43b2-a2f1-262f0d8e0594@group-D89EB04E674D-LeaderElection13] INFO  server.RaftServerConfigKeys (ConfUtils.java:logGet(44)) - raft.server.watch.timeout = 3000ms (custom)
2021-05-27 14:49:03,029 [8e6df144-c6f6-43b2-a2f1-262f0d8e0594@group-D89EB04E674D-LeaderElection13] INFO  server.RaftServerConfigKeys (ConfUtils.java:logGet(44)) - raft.server.watch.timeout.denomination = 1s (default)
2021-05-27 14:49:03,029 [8e6df144-c6f6-43b2-a2f1-262f0d8e0594@group-D89EB04E674D-LeaderElection13] INFO  server.RaftServerConfigKeys (ConfUtils.java:logGet(44)) - raft.server.watch.element-limit = 65536 (default)
2021-05-27 14:49:03,030 [8e6df144-c6f6-43b2-a2f1-262f0d8e0594@group-D89EB04E674D-LeaderElection13] INFO  impl.RoleInfo (RoleInfo.java:updateAndGet(130)) - 8e6df144-c6f6-43b2-a2f1-262f0d8e0594: start 8e6df144-c6f6-43b2-a2f1-262f0d8e0594@group-D89EB04E674D-LeaderStateImpl
2021-05-27 14:49:03,030 [8e6df144-c6f6-43b2-a2f1-262f0d8e0594@group-D89EB04E674D-LeaderElection13] INFO  segmented.SegmentedRaftLogWorker (SegmentedRaftLogWorker.java:startLogSegment(394)) - 8e6df144-c6f6-43b2-a2f1-262f0d8e0594@group-D89EB04E674D-SegmentedRaftLogWorker: Starting segment from index:0
2021-05-27 14:49:03,034 [8e6df144-c6f6-43b2-a2f1-262f0d8e0594@group-D89EB04E674D-LeaderElection13] INFO  server.RaftServer$Division (ServerState.java:setRaftConf(373)) - 8e6df144-c6f6-43b2-a2f1-262f0d8e0594@group-D89EB04E674D: set configuration 0: [8e6df144-c6f6-43b2-a2f1-262f0d8e0594|rpc:10.1.0.4:35723|dataStream:|priority:1], old=null
2021-05-27 14:49:03,034 [8e6df144-c6f6-43b2-a2f1-262f0d8e0594@group-D89EB04E674D-SegmentedRaftLogWorker] INFO  segmented.SegmentedRaftLogWorker (SegmentedRaftLogWorker.java:execute(601)) - 8e6df144-c6f6-43b2-a2f1-262f0d8e0594@group-D89EB04E674D-SegmentedRaftLogWorker: created new log segment /home/runner/work/ozone/ozone/mnt/ozone/hadoop-ozone/integration-test/target/test-dir/MiniOzoneClusterImpl-01be8073-4a30-4c07-ba69-c81900f598d5/datanode-7/data/ratis/bd823302-3d52-40e6-99d6-d89eb04e674d/current/log_inprogress_0
2021-05-27 14:49:03,077 [EventQueue-PipelineReportForOneReplicaPipelineSafeModeRule] INFO  safemode.SCMSafeModeManager (SCMSafeModeManager.java:validateSafeModeExitRules(201)) - AtleastOneDatanodeReportedRule rule is successfully validated
2021-05-27 14:49:03,077 [EventQueue-OpenPipelineForHealthyPipelineSafeModeRule] INFO  safemode.SCMSafeModeManager (HealthyPipelineSafeModeRule.java:process(130)) - SCM in safe mode. Healthy pipelines reported count is 0, required healthy pipeline reported count is 1
2021-05-27 14:49:03,219 [EventQueue-PipelineReportForOneReplicaPipelineSafeModeRule] INFO  safemode.SCMSafeModeManager (SCMSafeModeManager.java:validateSafeModeExitRules(201)) - AtleastOneDatanodeReportedRule rule is successfully validated
2021-05-27 14:49:03,219 [EventQueue-OpenPipelineForHealthyPipelineSafeModeRule] INFO  safemode.SCMSafeModeManager (HealthyPipelineSafeModeRule.java:process(130)) - SCM in safe mode. Healthy pipelines reported count is 0, required healthy pipeline reported count is 1
2021-05-27 14:49:03,245 [EventQueue-PipelineReportForOneReplicaPipelineSafeModeRule] INFO  safemode.SCMSafeModeManager (SCMSafeModeManager.java:validateSafeModeExitRules(201)) - AtleastOneDatanodeReportedRule rule is successfully validated
2021-05-27 14:49:03,245 [EventQueue-OpenPipelineForHealthyPipelineSafeModeRule] INFO  safemode.SCMSafeModeManager (HealthyPipelineSafeModeRule.java:process(130)) - SCM in safe mode. Healthy pipelines reported count is 0, required healthy pipeline reported count is 1
2021-05-27 14:49:03,326 [EventQueue-PipelineReportForOneReplicaPipelineSafeModeRule] INFO  safemode.SCMSafeModeManager (SCMSafeModeManager.java:validateSafeModeExitRules(201)) - AtleastOneDatanodeReportedRule rule is successfully validated
2021-05-27 14:49:03,326 [EventQueue-OpenPipelineForHealthyPipelineSafeModeRule] INFO  safemode.SCMSafeModeManager (HealthyPipelineSafeModeRule.java:process(130)) - SCM in safe mode. Healthy pipelines reported count is 0, required healthy pipeline reported count is 1
2021-05-27 14:49:03,514 [EventQueue-PipelineReportForOneReplicaPipelineSafeModeRule] INFO  safemode.SCMSafeModeManager (SCMSafeModeManager.java:validateSafeModeExitRules(201)) - AtleastOneDatanodeReportedRule rule is successfully validated
2021-05-27 14:49:03,514 [EventQueue-OpenPipelineForHealthyPipelineSafeModeRule] INFO  safemode.SCMSafeModeManager (HealthyPipelineSafeModeRule.java:process(130)) - SCM in safe mode. Healthy pipelines reported count is 0, required healthy pipeline reported count is 1
2021-05-27 14:49:03,945 [EventQueue-PipelineReportForOneReplicaPipelineSafeModeRule] INFO  safemode.SCMSafeModeManager (SCMSafeModeManager.java:validateSafeModeExitRules(201)) - AtleastOneDatanodeReportedRule rule is successfully validated
2021-05-27 14:49:03,945 [EventQueue-OpenPipelineForHealthyPipelineSafeModeRule] INFO  safemode.SCMSafeModeManager (HealthyPipelineSafeModeRule.java:process(130)) - SCM in safe mode. Healthy pipelines reported count is 0, required healthy pipeline reported count is 1
2021-05-27 14:49:03,987 [Listener at 127.0.0.1/33213] INFO  ozone.MiniOzoneClusterImpl (MiniOzoneClusterImpl.java:lambda$waitForClusterToBeReady$0(224)) - Nodes are ready. Got 9 of 9 DN Heartbeats.
2021-05-27 14:49:03,987 [Listener at 127.0.0.1/33213] INFO  ozone.MiniOzoneClusterImpl (MiniOzoneClusterImpl.java:lambda$waitForClusterToBeReady$0(227)) - Waiting for cluster to exit safe mode
2021-05-27 14:49:03,987 [Listener at 127.0.0.1/33213] INFO  ozone.MiniOzoneClusterImpl (MiniOzoneClusterImpl.java:lambda$waitForClusterToBeReady$0(230)) - SCM became leader
2021-05-27 14:49:04,011 [EventQueue-PipelineReportForOneReplicaPipelineSafeModeRule] INFO  safemode.SCMSafeModeManager (SCMSafeModeManager.java:validateSafeModeExitRules(201)) - AtleastOneDatanodeReportedRule rule is successfully validated
2021-05-27 14:49:04,011 [EventQueue-OpenPipelineForHealthyPipelineSafeModeRule] INFO  safemode.SCMSafeModeManager (HealthyPipelineSafeModeRule.java:process(130)) - SCM in safe mode. Healthy pipelines reported count is 0, required healthy pipeline reported count is 1
2021-05-27 14:49:04,021 [EventQueue-OpenPipelineForHealthyPipelineSafeModeRule] INFO  safemode.SCMSafeModeManager (HealthyPipelineSafeModeRule.java:process(130)) - SCM in safe mode. Healthy pipelines reported count is 0, required healthy pipeline reported count is 1
2021-05-27 14:49:04,021 [EventQueue-PipelineReportForOneReplicaPipelineSafeModeRule] INFO  safemode.SCMSafeModeManager (SCMSafeModeManager.java:validateSafeModeExitRules(201)) - AtleastOneDatanodeReportedRule rule is successfully validated
2021-05-27 14:49:04,028 [EventQueue-PipelineReportForOneReplicaPipelineSafeModeRule] INFO  safemode.SCMSafeModeManager (SCMSafeModeManager.java:validateSafeModeExitRules(201)) - AtleastOneDatanodeReportedRule rule is successfully validated
2021-05-27 14:49:04,029 [EventQueue-OpenPipelineForHealthyPipelineSafeModeRule] INFO  safemode.SCMSafeModeManager (HealthyPipelineSafeModeRule.java:process(130)) - SCM in safe mode. Healthy pipelines reported count is 0, required healthy pipeline reported count is 1
2021-05-27 14:49:04,076 [EventQueue-PipelineReportForOneReplicaPipelineSafeModeRule] INFO  safemode.SCMSafeModeManager (SCMSafeModeManager.java:validateSafeModeExitRules(201)) - AtleastOneDatanodeReportedRule rule is successfully validated
2021-05-27 14:49:04,077 [EventQueue-OpenPipelineForHealthyPipelineSafeModeRule] INFO  safemode.SCMSafeModeManager (HealthyPipelineSafeModeRule.java:process(130)) - SCM in safe mode. Healthy pipelines reported count is 0, required healthy pipeline reported count is 1
2021-05-27 14:49:04,219 [EventQueue-OpenPipelineForHealthyPipelineSafeModeRule] INFO  safemode.SCMSafeModeManager (HealthyPipelineSafeModeRule.java:process(130)) - SCM in safe mode. Healthy pipelines reported count is 0, required healthy pipeline reported count is 1
2021-05-27 14:49:04,219 [EventQueue-PipelineReportForOneReplicaPipelineSafeModeRule] INFO  safemode.SCMSafeModeManager (SCMSafeModeManager.java:validateSafeModeExitRules(201)) - AtleastOneDatanodeReportedRule rule is successfully validated
2021-05-27 14:49:04,244 [EventQueue-OpenPipelineForHealthyPipelineSafeModeRule] INFO  safemode.SCMSafeModeManager (HealthyPipelineSafeModeRule.java:process(130)) - SCM in safe mode. Healthy pipelines reported count is 0, required healthy pipeline reported count is 1
2021-05-27 14:49:04,245 [EventQueue-PipelineReportForOneReplicaPipelineSafeModeRule] INFO  safemode.SCMSafeModeManager (SCMSafeModeManager.java:validateSafeModeExitRules(201)) - AtleastOneDatanodeReportedRule rule is successfully validated
2021-05-27 14:49:04,326 [EventQueue-OpenPipelineForHealthyPipelineSafeModeRule] INFO  safemode.SCMSafeModeManager (HealthyPipelineSafeModeRule.java:process(130)) - SCM in safe mode. Healthy pipelines reported count is 0, required healthy pipeline reported count is 1
2021-05-27 14:49:04,326 [EventQueue-PipelineReportForOneReplicaPipelineSafeModeRule] INFO  safemode.SCMSafeModeManager (SCMSafeModeManager.java:validateSafeModeExitRules(201)) - AtleastOneDatanodeReportedRule rule is successfully validated
2021-05-27 14:49:04,514 [EventQueue-OpenPipelineForHealthyPipelineSafeModeRule] INFO  safemode.SCMSafeModeManager (HealthyPipelineSafeModeRule.java:process(130)) - SCM in safe mode. Healthy pipelines reported count is 0, required healthy pipeline reported count is 1
2021-05-27 14:49:04,514 [EventQueue-PipelineReportForOneReplicaPipelineSafeModeRule] INFO  safemode.SCMSafeModeManager (SCMSafeModeManager.java:validateSafeModeExitRules(201)) - AtleastOneDatanodeReportedRule rule is successfully validated
2021-05-27 14:49:04,945 [EventQueue-PipelineReportForOneReplicaPipelineSafeModeRule] INFO  safemode.SCMSafeModeManager (SCMSafeModeManager.java:validateSafeModeExitRules(201)) - AtleastOneDatanodeReportedRule rule is successfully validated
2021-05-27 14:49:04,945 [EventQueue-OpenPipelineForHealthyPipelineSafeModeRule] INFO  safemode.SCMSafeModeManager (HealthyPipelineSafeModeRule.java:process(130)) - SCM in safe mode. Healthy pipelines reported count is 0, required healthy pipeline reported count is 1
2021-05-27 14:49:04,988 [Listener at 127.0.0.1/33213] INFO  ozone.MiniOzoneClusterImpl (MiniOzoneClusterImpl.java:lambda$waitForClusterToBeReady$0(224)) - Nodes are ready. Got 9 of 9 DN Heartbeats.
2021-05-27 14:49:04,988 [Listener at 127.0.0.1/33213] INFO  ozone.MiniOzoneClusterImpl (MiniOzoneClusterImpl.java:lambda$waitForClusterToBeReady$0(227)) - Waiting for cluster to exit safe mode
2021-05-27 14:49:04,988 [Listener at 127.0.0.1/33213] INFO  ozone.MiniOzoneClusterImpl (MiniOzoneClusterImpl.java:lambda$waitForClusterToBeReady$0(230)) - SCM became leader
2021-05-27 14:49:05,011 [EventQueue-OpenPipelineForHealthyPipelineSafeModeRule] INFO  safemode.SCMSafeModeManager (HealthyPipelineSafeModeRule.java:process(130)) - SCM in safe mode. Healthy pipelines reported count is 0, required healthy pipeline reported count is 1
2021-05-27 14:49:05,011 [EventQueue-PipelineReportForOneReplicaPipelineSafeModeRule] INFO  safemode.SCMSafeModeManager (SCMSafeModeManager.java:validateSafeModeExitRules(201)) - AtleastOneDatanodeReportedRule rule is successfully validated
2021-05-27 14:49:05,021 [EventQueue-PipelineReportForOneReplicaPipelineSafeModeRule] INFO  safemode.SCMSafeModeManager (SCMSafeModeManager.java:validateSafeModeExitRules(201)) - AtleastOneDatanodeReportedRule rule is successfully validated
2021-05-27 14:49:05,021 [EventQueue-OpenPipelineForHealthyPipelineSafeModeRule] INFO  safemode.SCMSafeModeManager (HealthyPipelineSafeModeRule.java:process(130)) - SCM in safe mode. Healthy pipelines reported count is 0, required healthy pipeline reported count is 1
2021-05-27 14:49:05,028 [EventQueue-PipelineReportForOneReplicaPipelineSafeModeRule] INFO  safemode.SCMSafeModeManager (SCMSafeModeManager.java:validateSafeModeExitRules(201)) - AtleastOneDatanodeReportedRule rule is successfully validated
2021-05-27 14:49:05,028 [EventQueue-OpenPipelineForHealthyPipelineSafeModeRule] INFO  safemode.SCMSafeModeManager (HealthyPipelineSafeModeRule.java:process(130)) - SCM in safe mode. Healthy pipelines reported count is 0, required healthy pipeline reported count is 1
2021-05-27 14:49:05,078 [EventQueue-PipelineReportForOneReplicaPipelineSafeModeRule] INFO  safemode.SCMSafeModeManager (SCMSafeModeManager.java:validateSafeModeExitRules(201)) - AtleastOneDatanodeReportedRule rule is successfully validated
2021-05-27 14:49:05,078 [EventQueue-OpenPipelineForHealthyPipelineSafeModeRule] INFO  safemode.SCMSafeModeManager (HealthyPipelineSafeModeRule.java:process(130)) - SCM in safe mode. Healthy pipelines reported count is 0, required healthy pipeline reported count is 1
2021-05-27 14:49:05,219 [EventQueue-OpenPipelineForHealthyPipelineSafeModeRule] INFO  safemode.SCMSafeModeManager (HealthyPipelineSafeModeRule.java:process(130)) - SCM in safe mode. Healthy pipelines reported count is 0, required healthy pipeline reported count is 1
2021-05-27 14:49:05,219 [EventQueue-PipelineReportForOneReplicaPipelineSafeModeRule] INFO  safemode.SCMSafeModeManager (SCMSafeModeManager.java:validateSafeModeExitRules(201)) - AtleastOneDatanodeReportedRule rule is successfully validated
2021-05-27 14:49:05,246 [EventQueue-OpenPipelineForHealthyPipelineSafeModeRule] INFO  safemode.SCMSafeModeManager (HealthyPipelineSafeModeRule.java:process(130)) - SCM in safe mode. Healthy pipelines reported count is 0, required healthy pipeline reported count is 1
2021-05-27 14:49:05,246 [EventQueue-PipelineReportForOneReplicaPipelineSafeModeRule] INFO  safemode.SCMSafeModeManager (SCMSafeModeManager.java:validateSafeModeExitRules(201)) - AtleastOneDatanodeReportedRule rule is successfully validated
2021-05-27 14:49:05,327 [EventQueue-OpenPipelineForHealthyPipelineSafeModeRule] INFO  safemode.SCMSafeModeManager (HealthyPipelineSafeModeRule.java:process(130)) - SCM in safe mode. Healthy pipelines reported count is 0, required healthy pipeline reported count is 1
2021-05-27 14:49:05,327 [EventQueue-PipelineReportForOneReplicaPipelineSafeModeRule] INFO  safemode.SCMSafeModeManager (SCMSafeModeManager.java:validateSafeModeExitRules(201)) - AtleastOneDatanodeReportedRule rule is successfully validated
2021-05-27 14:49:05,514 [EventQueue-OpenPipelineForHealthyPipelineSafeModeRule] INFO  safemode.SCMSafeModeManager (HealthyPipelineSafeModeRule.java:process(130)) - SCM in safe mode. Healthy pipelines reported count is 0, required healthy pipeline reported count is 1
2021-05-27 14:49:05,514 [EventQueue-PipelineReportForOneReplicaPipelineSafeModeRule] INFO  safemode.SCMSafeModeManager (SCMSafeModeManager.java:validateSafeModeExitRules(201)) - AtleastOneDatanodeReportedRule rule is successfully validated
2021-05-27 14:49:05,945 [EventQueue-PipelineReportForOneReplicaPipelineSafeModeRule] INFO  safemode.SCMSafeModeManager (SCMSafeModeManager.java:validateSafeModeExitRules(201)) - AtleastOneDatanodeReportedRule rule is successfully validated
2021-05-27 14:49:05,945 [EventQueue-OpenPipelineForHealthyPipelineSafeModeRule] INFO  safemode.SCMSafeModeManager (HealthyPipelineSafeModeRule.java:process(130)) - SCM in safe mode. Healthy pipelines reported count is 0, required healthy pipeline reported count is 1
2021-05-27 14:49:05,988 [Listener at 127.0.0.1/33213] INFO  ozone.MiniOzoneClusterImpl (MiniOzoneClusterImpl.java:lambda$waitForClusterToBeReady$0(224)) - Nodes are ready. Got 9 of 9 DN Heartbeats.
2021-05-27 14:49:05,988 [Listener at 127.0.0.1/33213] INFO  ozone.MiniOzoneClusterImpl (MiniOzoneClusterImpl.java:lambda$waitForClusterToBeReady$0(227)) - Waiting for cluster to exit safe mode
2021-05-27 14:49:05,989 [Listener at 127.0.0.1/33213] INFO  ozone.MiniOzoneClusterImpl (MiniOzoneClusterImpl.java:lambda$waitForClusterToBeReady$0(230)) - SCM became leader
2021-05-27 14:49:06,011 [EventQueue-OpenPipelineForHealthyPipelineSafeModeRule] INFO  safemode.SCMSafeModeManager (HealthyPipelineSafeModeRule.java:process(130)) - SCM in safe mode. Healthy pipelines reported count is 0, required healthy pipeline reported count is 1
2021-05-27 14:49:06,012 [EventQueue-PipelineReportForOneReplicaPipelineSafeModeRule] INFO  safemode.SCMSafeModeManager (SCMSafeModeManager.java:validateSafeModeExitRules(201)) - AtleastOneDatanodeReportedRule rule is successfully validated
2021-05-27 14:49:06,021 [EventQueue-PipelineReportForOneReplicaPipelineSafeModeRule] INFO  safemode.SCMSafeModeManager (SCMSafeModeManager.java:validateSafeModeExitRules(201)) - AtleastOneDatanodeReportedRule rule is successfully validated
2021-05-27 14:49:06,021 [EventQueue-OpenPipelineForHealthyPipelineSafeModeRule] INFO  safemode.SCMSafeModeManager (HealthyPipelineSafeModeRule.java:process(130)) - SCM in safe mode. Healthy pipelines reported count is 0, required healthy pipeline reported count is 1
2021-05-27 14:49:06,028 [EventQueue-PipelineReportForOneReplicaPipelineSafeModeRule] INFO  safemode.SCMSafeModeManager (SCMSafeModeManager.java:validateSafeModeExitRules(201)) - AtleastOneDatanodeReportedRule rule is successfully validated
2021-05-27 14:49:06,029 [EventQueue-OpenPipelineForHealthyPipelineSafeModeRule] INFO  safemode.SCMSafeModeManager (HealthyPipelineSafeModeRule.java:process(130)) - SCM in safe mode. Healthy pipelines reported count is 0, required healthy pipeline reported count is 1
2021-05-27 14:49:06,077 [EventQueue-PipelineReportForOneReplicaPipelineSafeModeRule] INFO  safemode.SCMSafeModeManager (SCMSafeModeManager.java:validateSafeModeExitRules(201)) - AtleastOneDatanodeReportedRule rule is successfully validated
2021-05-27 14:49:06,078 [EventQueue-OpenPipelineForHealthyPipelineSafeModeRule] INFO  safemode.SCMSafeModeManager (HealthyPipelineSafeModeRule.java:process(130)) - SCM in safe mode. Healthy pipelines reported count is 0, required healthy pipeline reported count is 1
2021-05-27 14:49:06,219 [EventQueue-PipelineReportForOneReplicaPipelineSafeModeRule] INFO  safemode.SCMSafeModeManager (SCMSafeModeManager.java:validateSafeModeExitRules(201)) - AtleastOneDatanodeReportedRule rule is successfully validated
2021-05-27 14:49:06,219 [EventQueue-OpenPipelineForHealthyPipelineSafeModeRule] INFO  safemode.SCMSafeModeManager (HealthyPipelineSafeModeRule.java:process(130)) - SCM in safe mode. Healthy pipelines reported count is 0, required healthy pipeline reported count is 1
2021-05-27 14:49:06,246 [EventQueue-PipelineReportForOneReplicaPipelineSafeModeRule] INFO  safemode.SCMSafeModeManager (SCMSafeModeManager.java:validateSafeModeExitRules(201)) - AtleastOneDatanodeReportedRule rule is successfully validated
2021-05-27 14:49:06,247 [EventQueue-OpenPipelineForHealthyPipelineSafeModeRule] INFO  safemode.SCMSafeModeManager (HealthyPipelineSafeModeRule.java:process(130)) - SCM in safe mode. Healthy pipelines reported count is 0, required healthy pipeline reported count is 1
2021-05-27 14:49:06,327 [EventQueue-PipelineReportForOneReplicaPipelineSafeModeRule] INFO  safemode.SCMSafeModeManager (SCMSafeModeManager.java:validateSafeModeExitRules(201)) - AtleastOneDatanodeReportedRule rule is successfully validated
2021-05-27 14:49:06,327 [EventQueue-OpenPipelineForHealthyPipelineSafeModeRule] INFO  safemode.SCMSafeModeManager (HealthyPipelineSafeModeRule.java:process(130)) - SCM in safe mode. Healthy pipelines reported count is 0, required healthy pipeline reported count is 1
2021-05-27 14:49:06,514 [EventQueue-PipelineReportForOneReplicaPipelineSafeModeRule] INFO  safemode.SCMSafeModeManager (SCMSafeModeManager.java:validateSafeModeExitRules(201)) - AtleastOneDatanodeReportedRule rule is successfully validated
2021-05-27 14:49:06,514 [EventQueue-OpenPipelineForHealthyPipelineSafeModeRule] INFO  safemode.SCMSafeModeManager (HealthyPipelineSafeModeRule.java:process(130)) - SCM in safe mode. Healthy pipelines reported count is 0, required healthy pipeline reported count is 1
2021-05-27 14:49:06,945 [EventQueue-OpenPipelineForHealthyPipelineSafeModeRule] INFO  safemode.SCMSafeModeManager (HealthyPipelineSafeModeRule.java:process(130)) - SCM in safe mode. Healthy pipelines reported count is 0, required healthy pipeline reported count is 1
2021-05-27 14:49:06,945 [EventQueue-PipelineReportForOneReplicaPipelineSafeModeRule] INFO  safemode.SCMSafeModeManager (SCMSafeModeManager.java:validateSafeModeExitRules(201)) - AtleastOneDatanodeReportedRule rule is successfully validated
2021-05-27 14:49:06,989 [Listener at 127.0.0.1/33213] INFO  ozone.MiniOzoneClusterImpl (MiniOzoneClusterImpl.java:lambda$waitForClusterToBeReady$0(224)) - Nodes are ready. Got 9 of 9 DN Heartbeats.
2021-05-27 14:49:06,989 [Listener at 127.0.0.1/33213] INFO  ozone.MiniOzoneClusterImpl (MiniOzoneClusterImpl.java:lambda$waitForClusterToBeReady$0(227)) - Waiting for cluster to exit safe mode
2021-05-27 14:49:06,989 [Listener at 127.0.0.1/33213] INFO  ozone.MiniOzoneClusterImpl (MiniOzoneClusterImpl.java:lambda$waitForClusterToBeReady$0(230)) - SCM became leader
2021-05-27 14:49:07,011 [EventQueue-OpenPipelineForHealthyPipelineSafeModeRule] INFO  safemode.SCMSafeModeManager (HealthyPipelineSafeModeRule.java:process(130)) - SCM in safe mode. Healthy pipelines reported count is 0, required healthy pipeline reported count is 1
2021-05-27 14:49:07,011 [EventQueue-PipelineReportForOneReplicaPipelineSafeModeRule] INFO  safemode.SCMSafeModeManager (SCMSafeModeManager.java:validateSafeModeExitRules(201)) - AtleastOneDatanodeReportedRule rule is successfully validated
2021-05-27 14:49:07,021 [EventQueue-PipelineReportForOneReplicaPipelineSafeModeRule] INFO  safemode.SCMSafeModeManager (SCMSafeModeManager.java:validateSafeModeExitRules(201)) - AtleastOneDatanodeReportedRule rule is successfully validated
2021-05-27 14:49:07,021 [EventQueue-OpenPipelineForHealthyPipelineSafeModeRule] INFO  safemode.SCMSafeModeManager (HealthyPipelineSafeModeRule.java:process(130)) - SCM in safe mode. Healthy pipelines reported count is 0, required healthy pipeline reported count is 1
2021-05-27 14:49:07,029 [EventQueue-PipelineReportForOneReplicaPipelineSafeModeRule] INFO  safemode.SCMSafeModeManager (SCMSafeModeManager.java:validateSafeModeExitRules(201)) - AtleastOneDatanodeReportedRule rule is successfully validated
2021-05-27 14:49:07,029 [EventQueue-OpenPipelineForHealthyPipelineSafeModeRule] INFO  safemode.SCMSafeModeManager (HealthyPipelineSafeModeRule.java:process(130)) - SCM in safe mode. Healthy pipelines reported count is 0, required healthy pipeline reported count is 1
2021-05-27 14:49:07,078 [EventQueue-OpenPipelineForHealthyPipelineSafeModeRule] INFO  safemode.SCMSafeModeManager (HealthyPipelineSafeModeRule.java:process(130)) - SCM in safe mode. Healthy pipelines reported count is 0, required healthy pipeline reported count is 1
2021-05-27 14:49:07,078 [EventQueue-PipelineReportForOneReplicaPipelineSafeModeRule] INFO  safemode.SCMSafeModeManager (SCMSafeModeManager.java:validateSafeModeExitRules(201)) - AtleastOneDatanodeReportedRule rule is successfully validated
2021-05-27 14:49:07,219 [EventQueue-PipelineReportForOneReplicaPipelineSafeModeRule] INFO  safemode.SCMSafeModeManager (SCMSafeModeManager.java:validateSafeModeExitRules(201)) - AtleastOneDatanodeReportedRule rule is successfully validated
2021-05-27 14:49:07,219 [EventQueue-OpenPipelineForHealthyPipelineSafeModeRule] INFO  safemode.SCMSafeModeManager (HealthyPipelineSafeModeRule.java:process(130)) - SCM in safe mode. Healthy pipelines reported count is 0, required healthy pipeline reported count is 1
2021-05-27 14:49:07,247 [EventQueue-OpenPipelineForHealthyPipelineSafeModeRule] INFO  safemode.SCMSafeModeManager (HealthyPipelineSafeModeRule.java:process(130)) - SCM in safe mode. Healthy pipelines reported count is 0, required healthy pipeline reported count is 1
2021-05-27 14:49:07,247 [EventQueue-PipelineReportForOneReplicaPipelineSafeModeRule] INFO  safemode.SCMSafeModeManager (SCMSafeModeManager.java:validateSafeModeExitRules(201)) - AtleastOneDatanodeReportedRule rule is successfully validated
2021-05-27 14:49:07,261 [ac3fbd16-1d83-453c-852e-871f53a8d589@group-F74673522764-FollowerState] INFO  impl.FollowerState (FollowerState.java:run(134)) - ac3fbd16-1d83-453c-852e-871f53a8d589@group-F74673522764-FollowerState: change to CANDIDATE, lastRpcElapsedTime:5069203104ns, electionTimeout:5063ms
2021-05-27 14:49:07,261 [ac3fbd16-1d83-453c-852e-871f53a8d589@group-F74673522764-FollowerState] INFO  impl.RoleInfo (RoleInfo.java:shutdownFollowerState(108)) - ac3fbd16-1d83-453c-852e-871f53a8d589: shutdown ac3fbd16-1d83-453c-852e-871f53a8d589@group-F74673522764-FollowerState
2021-05-27 14:49:07,262 [ac3fbd16-1d83-453c-852e-871f53a8d589@group-F74673522764-FollowerState] INFO  server.RaftServer$Division (RaftServerImpl.java:setRole(284)) - ac3fbd16-1d83-453c-852e-871f53a8d589@group-F74673522764: changes role from  FOLLOWER to CANDIDATE at term 1 for changeToCandidate
2021-05-27 14:49:07,262 [ac3fbd16-1d83-453c-852e-871f53a8d589@group-F74673522764-FollowerState] INFO  server.RaftServerConfigKeys (ConfUtils.java:logGet(44)) - raft.server.leaderelection.pre-vote = false (custom)
2021-05-27 14:49:07,262 [ac3fbd16-1d83-453c-852e-871f53a8d589@group-F74673522764-FollowerState] INFO  impl.RoleInfo (RoleInfo.java:updateAndGet(130)) - ac3fbd16-1d83-453c-852e-871f53a8d589: start ac3fbd16-1d83-453c-852e-871f53a8d589@group-F74673522764-LeaderElection14
2021-05-27 14:49:07,265 [ac3fbd16-1d83-453c-852e-871f53a8d589@group-F74673522764-LeaderElection14] INFO  impl.LeaderElection (LeaderElection.java:askForVotes(306)) - ac3fbd16-1d83-453c-852e-871f53a8d589@group-F74673522764-LeaderElection14 ELECTION round 0: submit vote requests at term 2 for -1: [d3bd078d-6cea-4f12-8d62-4874212fc6f9|rpc:10.1.0.4:44989|priority:0, ac3fbd16-1d83-453c-852e-871f53a8d589|rpc:10.1.0.4:44019|priority:1, cc66d020-3049-4c90-bc53-6b8115d82a8c|rpc:10.1.0.4:38925|priority:0], old=null
2021-05-27 14:49:07,278 [grpc-default-executor-1] INFO  server.RaftServer$Division (RaftServerImpl.java:requestVote(1042)) - d3bd078d-6cea-4f12-8d62-4874212fc6f9@group-F74673522764: receive requestVote(ELECTION, ac3fbd16-1d83-453c-852e-871f53a8d589, group-F74673522764, 2, (t:0, i:0))
2021-05-27 14:49:07,278 [grpc-default-executor-1] INFO  impl.VoteContext (VoteContext.java:log(48)) - d3bd078d-6cea-4f12-8d62-4874212fc6f9@group-F74673522764-FOLLOWER: accept ELECTION from ac3fbd16-1d83-453c-852e-871f53a8d589: our priority 0 <= candidate's priority 1
2021-05-27 14:49:07,278 [grpc-default-executor-1] INFO  server.RaftServer$Division (RaftServerImpl.java:setRole(284)) - d3bd078d-6cea-4f12-8d62-4874212fc6f9@group-F74673522764: changes role from  FOLLOWER to FOLLOWER at term 2 for candidate:ac3fbd16-1d83-453c-852e-871f53a8d589
2021-05-27 14:49:07,278 [grpc-default-executor-1] INFO  impl.RoleInfo (RoleInfo.java:shutdownFollowerState(108)) - d3bd078d-6cea-4f12-8d62-4874212fc6f9: shutdown d3bd078d-6cea-4f12-8d62-4874212fc6f9@group-F74673522764-FollowerState
2021-05-27 14:49:07,278 [grpc-default-executor-1] INFO  impl.RoleInfo (RoleInfo.java:updateAndGet(130)) - d3bd078d-6cea-4f12-8d62-4874212fc6f9: start d3bd078d-6cea-4f12-8d62-4874212fc6f9@group-F74673522764-FollowerState
2021-05-27 14:49:07,278 [d3bd078d-6cea-4f12-8d62-4874212fc6f9@group-F74673522764-FollowerState] INFO  impl.FollowerState (FollowerState.java:run(143)) - d3bd078d-6cea-4f12-8d62-4874212fc6f9@group-F74673522764-FollowerState was interrupted: {}
java.lang.InterruptedException: sleep interrupted
	at java.lang.Thread.sleep(Native Method)
	at java.lang.Thread.sleep(Thread.java:340)
	at java.util.concurrent.TimeUnit.sleep(TimeUnit.java:386)
	at org.apache.ratis.util.TimeDuration.sleep(TimeDuration.java:324)
	at org.apache.ratis.util.TimeDuration.sleep(TimeDuration.java:309)
	at org.apache.ratis.server.impl.FollowerState.run(FollowerState.java:118)
2021-05-27 14:49:07,280 [grpc-default-executor-2] INFO  server.RaftServer$Division (RaftServerImpl.java:requestVote(1042)) - cc66d020-3049-4c90-bc53-6b8115d82a8c@group-F74673522764: receive requestVote(ELECTION, ac3fbd16-1d83-453c-852e-871f53a8d589, group-F74673522764, 2, (t:0, i:0))
2021-05-27 14:49:07,280 [grpc-default-executor-1] INFO  server.RaftServer$Division (RaftServerImpl.java:requestVote(1074)) - d3bd078d-6cea-4f12-8d62-4874212fc6f9@group-F74673522764 replies to ELECTION vote request: ac3fbd16-1d83-453c-852e-871f53a8d589<-d3bd078d-6cea-4f12-8d62-4874212fc6f9#0:OK-t2. Peer's state: d3bd078d-6cea-4f12-8d62-4874212fc6f9@group-F74673522764:t2, leader=null, voted=ac3fbd16-1d83-453c-852e-871f53a8d589, raftlog=d3bd078d-6cea-4f12-8d62-4874212fc6f9@group-F74673522764-SegmentedRaftLog:OPENED:c-1,f-1,i0, conf=-1: [d3bd078d-6cea-4f12-8d62-4874212fc6f9|rpc:10.1.0.4:44989|priority:0, ac3fbd16-1d83-453c-852e-871f53a8d589|rpc:10.1.0.4:44019|priority:1, cc66d020-3049-4c90-bc53-6b8115d82a8c|rpc:10.1.0.4:38925|priority:0], old=null
2021-05-27 14:49:07,280 [grpc-default-executor-2] INFO  impl.VoteContext (VoteContext.java:log(48)) - cc66d020-3049-4c90-bc53-6b8115d82a8c@group-F74673522764-FOLLOWER: accept ELECTION from ac3fbd16-1d83-453c-852e-871f53a8d589: our priority 0 <= candidate's priority 1
2021-05-27 14:49:07,280 [grpc-default-executor-2] INFO  server.RaftServer$Division (RaftServerImpl.java:setRole(284)) - cc66d020-3049-4c90-bc53-6b8115d82a8c@group-F74673522764: changes role from  FOLLOWER to FOLLOWER at term 2 for candidate:ac3fbd16-1d83-453c-852e-871f53a8d589
2021-05-27 14:49:07,280 [grpc-default-executor-2] INFO  impl.RoleInfo (RoleInfo.java:shutdownFollowerState(108)) - cc66d020-3049-4c90-bc53-6b8115d82a8c: shutdown cc66d020-3049-4c90-bc53-6b8115d82a8c@group-F74673522764-FollowerState
2021-05-27 14:49:07,280 [grpc-default-executor-2] INFO  impl.RoleInfo (RoleInfo.java:updateAndGet(130)) - cc66d020-3049-4c90-bc53-6b8115d82a8c: start cc66d020-3049-4c90-bc53-6b8115d82a8c@group-F74673522764-FollowerState
2021-05-27 14:49:07,280 [cc66d020-3049-4c90-bc53-6b8115d82a8c@group-F74673522764-FollowerState] INFO  impl.FollowerState (FollowerState.java:run(143)) - cc66d020-3049-4c90-bc53-6b8115d82a8c@group-F74673522764-FollowerState was interrupted: {}
java.lang.InterruptedException: sleep interrupted
	at java.lang.Thread.sleep(Native Method)
	at java.lang.Thread.sleep(Thread.java:340)
	at java.util.concurrent.TimeUnit.sleep(TimeUnit.java:386)
	at org.apache.ratis.util.TimeDuration.sleep(TimeDuration.java:324)
	at org.apache.ratis.util.TimeDuration.sleep(TimeDuration.java:309)
	at org.apache.ratis.server.impl.FollowerState.run(FollowerState.java:118)
2021-05-27 14:49:07,282 [ac3fbd16-1d83-453c-852e-871f53a8d589@group-F74673522764-LeaderElection14] INFO  impl.LeaderElection (LeaderElection.java:logAndReturn(89)) - ac3fbd16-1d83-453c-852e-871f53a8d589@group-F74673522764-LeaderElection14: ELECTION PASSED received 1 response(s) and 0 exception(s):
2021-05-27 14:49:07,282 [ac3fbd16-1d83-453c-852e-871f53a8d589@group-F74673522764-LeaderElection14] INFO  impl.LeaderElection (LeaderElection.java:logAndReturn(93)) -   Response 0: ac3fbd16-1d83-453c-852e-871f53a8d589<-d3bd078d-6cea-4f12-8d62-4874212fc6f9#0:OK-t2
2021-05-27 14:49:07,282 [ac3fbd16-1d83-453c-852e-871f53a8d589@group-F74673522764-LeaderElection14] INFO  impl.LeaderElection (LeaderElection.java:askForVotes(308)) - ac3fbd16-1d83-453c-852e-871f53a8d589@group-F74673522764-LeaderElection14 ELECTION round 0: result PASSED
2021-05-27 14:49:07,282 [ac3fbd16-1d83-453c-852e-871f53a8d589@group-F74673522764-LeaderElection14] INFO  impl.RoleInfo (RoleInfo.java:shutdownLeaderElection(121)) - ac3fbd16-1d83-453c-852e-871f53a8d589: shutdown ac3fbd16-1d83-453c-852e-871f53a8d589@group-F74673522764-LeaderElection14
2021-05-27 14:49:07,282 [ac3fbd16-1d83-453c-852e-871f53a8d589@group-F74673522764-LeaderElection14] INFO  server.RaftServer$Division (RaftServerImpl.java:setRole(284)) - ac3fbd16-1d83-453c-852e-871f53a8d589@group-F74673522764: changes role from CANDIDATE to LEADER at term 2 for changeToLeader
2021-05-27 14:49:07,282 [ac3fbd16-1d83-453c-852e-871f53a8d589@group-F74673522764-LeaderElection14] INFO  ratis.XceiverServerRatis (XceiverServerRatis.java:handleLeaderChangedNotification(906)) - Leader change notification received for group: group-F74673522764 with new leaderId: ac3fbd16-1d83-453c-852e-871f53a8d589
2021-05-27 14:49:07,282 [ac3fbd16-1d83-453c-852e-871f53a8d589@group-F74673522764-LeaderElection14] INFO  server.RaftServer$Division (ServerState.java:setLeader(271)) - ac3fbd16-1d83-453c-852e-871f53a8d589@group-F74673522764: change Leader from null to ac3fbd16-1d83-453c-852e-871f53a8d589 at term 2 for becomeLeader, leader elected after 10210ms
2021-05-27 14:49:07,282 [ac3fbd16-1d83-453c-852e-871f53a8d589@group-F74673522764-LeaderElection14] INFO  server.RaftServerConfigKeys (ConfUtils.java:logGet(44)) - raft.server.staging.catchup.gap = 1000 (default)
2021-05-27 14:49:07,282 [ac3fbd16-1d83-453c-852e-871f53a8d589@group-F74673522764-LeaderElection14] INFO  metrics.RatisMetrics (RatisMetrics.java:lambda$create$0(36)) - Creating Metrics Registry : ratis.log_appender.ac3fbd16-1d83-453c-852e-871f53a8d589@group-F74673522764
2021-05-27 14:49:07,283 [ac3fbd16-1d83-453c-852e-871f53a8d589@group-F74673522764-LeaderElection14] INFO  server.RaftServerConfigKeys (ConfUtils.java:logGet(44)) - raft.server.write.element-limit = 1024 (custom)
2021-05-27 14:49:07,283 [ac3fbd16-1d83-453c-852e-871f53a8d589@group-F74673522764-LeaderElection14] INFO  server.RaftServerConfigKeys (ConfUtils.java:logGet(44)) - raft.server.write.byte-limit = 1073741824 (custom)
2021-05-27 14:49:07,283 [ac3fbd16-1d83-453c-852e-871f53a8d589@group-F74673522764-LeaderElection14] INFO  server.RaftServerConfigKeys (ConfUtils.java:logGet(44)) - raft.server.watch.timeout = 3000ms (custom)
2021-05-27 14:49:07,283 [ac3fbd16-1d83-453c-852e-871f53a8d589@group-F74673522764-LeaderElection14] INFO  server.RaftServerConfigKeys (ConfUtils.java:logGet(44)) - raft.server.watch.timeout.denomination = 1s (default)
2021-05-27 14:49:07,283 [ac3fbd16-1d83-453c-852e-871f53a8d589@group-F74673522764-LeaderElection14] INFO  server.RaftServerConfigKeys (ConfUtils.java:logGet(44)) - raft.server.watch.element-limit = 65536 (default)
2021-05-27 14:49:07,283 [grpc-default-executor-2] INFO  server.RaftServer$Division (RaftServerImpl.java:requestVote(1074)) - cc66d020-3049-4c90-bc53-6b8115d82a8c@group-F74673522764 replies to ELECTION vote request: ac3fbd16-1d83-453c-852e-871f53a8d589<-cc66d020-3049-4c90-bc53-6b8115d82a8c#0:OK-t2. Peer's state: cc66d020-3049-4c90-bc53-6b8115d82a8c@group-F74673522764:t2, leader=null, voted=ac3fbd16-1d83-453c-852e-871f53a8d589, raftlog=cc66d020-3049-4c90-bc53-6b8115d82a8c@group-F74673522764-SegmentedRaftLog:OPENED:c-1,f-1,i0, conf=-1: [d3bd078d-6cea-4f12-8d62-4874212fc6f9|rpc:10.1.0.4:44989|priority:0, ac3fbd16-1d83-453c-852e-871f53a8d589|rpc:10.1.0.4:44019|priority:1, cc66d020-3049-4c90-bc53-6b8115d82a8c|rpc:10.1.0.4:38925|priority:0], old=null
2021-05-27 14:49:07,293 [EventQueue-PipelineReportForOneReplicaPipelineSafeModeRule] INFO  safemode.SCMSafeModeManager (SCMSafeModeManager.java:validateSafeModeExitRules(201)) - AtleastOneDatanodeReportedRule rule is successfully validated
2021-05-27 14:49:07,293 [EventQueue-PipelineReportForPipelineReportHandler] INFO  pipeline.PipelineManagerV2Impl (PipelineManagerV2Impl.java:openPipeline(270)) - Pipeline Pipeline[ Id: 1041af58-6781-4304-9760-f74673522764, Nodes: ac3fbd16-1d83-453c-852e-871f53a8d589{ip: 10.1.0.4, host: fv-az270-287.tacnzluakwdehk1hpragurqkma.bx.internal.cloudapp.net, ports: [REPLICATION=44069, RATIS=44019, RATIS_ADMIN=44019, RATIS_SERVER=44019, STANDALONE=37149], networkLocation: /default-rack, certSerialId: null, persistedOpState: IN_SERVICE, persistedOpStateExpiryEpochSec: 0}cc66d020-3049-4c90-bc53-6b8115d82a8c{ip: 10.1.0.4, host: fv-az270-287.tacnzluakwdehk1hpragurqkma.bx.internal.cloudapp.net, ports: [REPLICATION=41841, RATIS=38925, RATIS_ADMIN=38925, RATIS_SERVER=38925, STANDALONE=33933], networkLocation: /default-rack, certSerialId: null, persistedOpState: IN_SERVICE, persistedOpStateExpiryEpochSec: 0}d3bd078d-6cea-4f12-8d62-4874212fc6f9{ip: 10.1.0.4, host: fv-az270-287.tacnzluakwdehk1hpragurqkma.bx.internal.cloudapp.net, ports: [REPLICATION=37945, RATIS=44989, RATIS_ADMIN=44989, RATIS_SERVER=44989, STANDALONE=42113], networkLocation: /default-rack, certSerialId: null, persistedOpState: IN_SERVICE, persistedOpStateExpiryEpochSec: 0}, ReplicationConfig: RATIS/THREE, State:ALLOCATED, leaderId:ac3fbd16-1d83-453c-852e-871f53a8d589, CreationTimestamp2021-05-27T14:48:54.117Z] moved to OPEN state
2021-05-27 14:49:07,294 [ac3fbd16-1d83-453c-852e-871f53a8d589@group-F74673522764-LeaderElection14] INFO  server.RaftServerConfigKeys (ConfUtils.java:logGet(44)) - raft.server.log.appender.snapshot.chunk.size.max = 16MB (=16777216) (default)
2021-05-27 14:49:07,295 [ac3fbd16-1d83-453c-852e-871f53a8d589@group-F74673522764-LeaderElection14] INFO  server.RaftServerConfigKeys (ConfUtils.java:logGet(44)) - raft.server.log.appender.buffer.byte-limit = 33554432 (custom)
2021-05-27 14:49:07,296 [EventQueue-OpenPipelineForHealthyPipelineSafeModeRule] INFO  safemode.SCMSafeModeManager (HealthyPipelineSafeModeRule.java:process(130)) - SCM in safe mode. Healthy pipelines reported count is 1, required healthy pipeline reported count is 1
2021-05-27 14:49:07,297 [EventQueue-OpenPipelineForHealthyPipelineSafeModeRule] INFO  safemode.SCMSafeModeManager (SCMSafeModeManager.java:validateSafeModeExitRules(201)) - HealthyPipelineSafeModeRule rule is successfully validated
2021-05-27 14:49:07,297 [EventQueue-OpenPipelineForHealthyPipelineSafeModeRule] INFO  safemode.SCMSafeModeManager (SCMSafeModeManager.java:validateSafeModeExitRules(215)) - ScmSafeModeManager, all rules are successfully validated
2021-05-27 14:49:07,298 [EventQueue-OpenPipelineForHealthyPipelineSafeModeRule] INFO  safemode.SCMSafeModeManager (SCMSafeModeManager.java:exitSafeMode(244)) - SCM exiting safe mode.
2021-05-27 14:49:07,298 [EventQueue-OpenPipelineForHealthyPipelineSafeModeRule] WARN  events.EventQueue (EventQueue.java:fireEvent(185)) - No event handler registered for event TypedEvent{payloadType=SafeModeStatus, name='Safe mode status'}
2021-05-27 14:49:07,298 [EventQueue-OpenPipelineForHealthyPipelineSafeModeRule] INFO  ha.SCMContext (SCMContext.java:updateSafeModeStatus(147)) - Update SafeModeStatus from SafeModeStatus{safeModeStatus=true, preCheckPassed=true} to SafeModeStatus{safeModeStatus=false, preCheckPassed=true}.
2021-05-27 14:49:07,298 [EventQueue-OpenPipelineForHealthyPipelineSafeModeRule] INFO  pipeline.BackgroundPipelineCreator (BackgroundPipelineCreatorV2.java:notifyStatusChanged(261)) - Service BackgroundPipelineCreator transitions to RUNNING.
2021-05-27 14:49:07,298 [EventQueue-OpenPipelineForHealthyPipelineSafeModeRule] INFO  container.ReplicationManager (ReplicationManager.java:notifyStatusChanged(1279)) - Service ReplicationManager transitions to RUNNING.
2021-05-27 14:49:07,296 [ac3fbd16-1d83-453c-852e-871f53a8d589@group-F74673522764-LeaderElection14] INFO  server.RaftServerConfigKeys (ConfUtils.java:logGet(44)) - raft.server.log.appender.buffer.element-limit = 1 (custom)
2021-05-27 14:49:07,300 [ac3fbd16-1d83-453c-852e-871f53a8d589@group-F74673522764-LeaderElection14] INFO  grpc.GrpcConfigKeys (ConfUtils.java:logGet(44)) - raft.grpc.server.leader.outstanding.appends.max = 128 (default)
2021-05-27 14:49:07,303 [ac3fbd16-1d83-453c-852e-871f53a8d589@group-F74673522764-LeaderElection14] INFO  server.RaftServerConfigKeys (ConfUtils.java:logGet(44)) - raft.server.rpc.request.timeout = 3000ms (default)
2021-05-27 14:49:07,303 [ac3fbd16-1d83-453c-852e-871f53a8d589@group-F74673522764-LeaderElection14] INFO  server.RaftServerConfigKeys (ConfUtils.java:logGet(44)) - raft.server.log.appender.install.snapshot.enabled = false (custom)
2021-05-27 14:49:07,303 [ac3fbd16-1d83-453c-852e-871f53a8d589@group-F74673522764-LeaderElection14] INFO  metrics.RatisMetrics (RatisMetrics.java:lambda$create$0(36)) - Creating Metrics Registry : ratis_grpc.log_appender.ac3fbd16-1d83-453c-852e-871f53a8d589@group-F74673522764
2021-05-27 14:49:07,306 [ac3fbd16-1d83-453c-852e-871f53a8d589@group-F74673522764-LeaderElection14] INFO  server.RaftServerConfigKeys (ConfUtils.java:logGet(44)) - raft.server.log.appender.snapshot.chunk.size.max = 16MB (=16777216) (default)
2021-05-27 14:49:07,309 [ac3fbd16-1d83-453c-852e-871f53a8d589@group-F74673522764-LeaderElection14] INFO  server.RaftServerConfigKeys (ConfUtils.java:logGet(44)) - raft.server.log.appender.buffer.byte-limit = 33554432 (custom)
2021-05-27 14:49:07,309 [ac3fbd16-1d83-453c-852e-871f53a8d589@group-F74673522764-LeaderElection14] INFO  server.RaftServerConfigKeys (ConfUtils.java:logGet(44)) - raft.server.log.appender.buffer.element-limit = 1 (custom)
2021-05-27 14:49:07,309 [ac3fbd16-1d83-453c-852e-871f53a8d589@group-F74673522764-LeaderElection14] INFO  grpc.GrpcConfigKeys (ConfUtils.java:logGet(44)) - raft.grpc.server.leader.outstanding.appends.max = 128 (default)
2021-05-27 14:49:07,309 [ac3fbd16-1d83-453c-852e-871f53a8d589@group-F74673522764-LeaderElection14] INFO  server.RaftServerConfigKeys (ConfUtils.java:logGet(44)) - raft.server.rpc.request.timeout = 3000ms (default)
2021-05-27 14:49:07,309 [ac3fbd16-1d83-453c-852e-871f53a8d589@group-F74673522764-LeaderElection14] INFO  server.RaftServerConfigKeys (ConfUtils.java:logGet(44)) - raft.server.log.appender.install.snapshot.enabled = false (custom)
2021-05-27 14:49:07,310 [ac3fbd16-1d83-453c-852e-871f53a8d589@group-F74673522764-LeaderElection14] INFO  impl.RoleInfo (RoleInfo.java:updateAndGet(130)) - ac3fbd16-1d83-453c-852e-871f53a8d589: start ac3fbd16-1d83-453c-852e-871f53a8d589@group-F74673522764-LeaderStateImpl
2021-05-27 14:49:07,311 [ac3fbd16-1d83-453c-852e-871f53a8d589@group-F74673522764-LeaderElection14] INFO  segmented.SegmentedRaftLogWorker (SegmentedRaftLogWorker.java:startLogSegment(394)) - ac3fbd16-1d83-453c-852e-871f53a8d589@group-F74673522764-SegmentedRaftLogWorker: Starting segment from index:0
2021-05-27 14:49:07,312 [ac3fbd16-1d83-453c-852e-871f53a8d589@group-F74673522764-SegmentedRaftLogWorker] INFO  segmented.SegmentedRaftLogWorker (SegmentedRaftLogWorker.java:execute(601)) - ac3fbd16-1d83-453c-852e-871f53a8d589@group-F74673522764-SegmentedRaftLogWorker: created new log segment /home/runner/work/ozone/ozone/mnt/ozone/hadoop-ozone/integration-test/target/test-dir/MiniOzoneClusterImpl-01be8073-4a30-4c07-ba69-c81900f598d5/datanode-1/data/ratis/1041af58-6781-4304-9760-f74673522764/current/log_inprogress_0
2021-05-27 14:49:07,317 [ac3fbd16-1d83-453c-852e-871f53a8d589@group-F74673522764-LeaderElection14] INFO  server.RaftServer$Division (ServerState.java:setRaftConf(373)) - ac3fbd16-1d83-453c-852e-871f53a8d589@group-F74673522764: set configuration 0: [d3bd078d-6cea-4f12-8d62-4874212fc6f9|rpc:10.1.0.4:44989|dataStream:|priority:0, ac3fbd16-1d83-453c-852e-871f53a8d589|rpc:10.1.0.4:44019|dataStream:|priority:1, cc66d020-3049-4c90-bc53-6b8115d82a8c|rpc:10.1.0.4:38925|dataStream:|priority:0], old=null
2021-05-27 14:49:07,331 [grpc-default-executor-3] INFO  ratis.XceiverServerRatis (XceiverServerRatis.java:handleLeaderChangedNotification(906)) - Leader change notification received for group: group-F74673522764 with new leaderId: ac3fbd16-1d83-453c-852e-871f53a8d589
2021-05-27 14:49:07,332 [grpc-default-executor-3] INFO  server.RaftServer$Division (ServerState.java:setLeader(271)) - cc66d020-3049-4c90-bc53-6b8115d82a8c@group-F74673522764: change Leader from null to ac3fbd16-1d83-453c-852e-871f53a8d589 at term 2 for appendEntries, leader elected after 10254ms
2021-05-27 14:49:07,337 [grpc-default-executor-0] INFO  ratis.XceiverServerRatis (XceiverServerRatis.java:handleLeaderChangedNotification(906)) - Leader change notification received for group: group-F74673522764 with new leaderId: ac3fbd16-1d83-453c-852e-871f53a8d589
2021-05-27 14:49:07,337 [grpc-default-executor-0] INFO  server.RaftServer$Division (ServerState.java:setLeader(271)) - d3bd078d-6cea-4f12-8d62-4874212fc6f9@group-F74673522764: change Leader from null to ac3fbd16-1d83-453c-852e-871f53a8d589 at term 2 for appendEntries, leader elected after 10178ms
2021-05-27 14:49:07,359 [grpc-default-executor-0] INFO  server.RaftServer$Division (ServerState.java:setRaftConf(373)) - d3bd078d-6cea-4f12-8d62-4874212fc6f9@group-F74673522764: set configuration 0: [d3bd078d-6cea-4f12-8d62-4874212fc6f9|rpc:10.1.0.4:44989|dataStream:|priority:0, ac3fbd16-1d83-453c-852e-871f53a8d589|rpc:10.1.0.4:44019|dataStream:|priority:1, cc66d020-3049-4c90-bc53-6b8115d82a8c|rpc:10.1.0.4:38925|dataStream:|priority:0], old=null
2021-05-27 14:49:07,359 [grpc-default-executor-0] INFO  segmented.SegmentedRaftLogWorker (SegmentedRaftLogWorker.java:startLogSegment(394)) - d3bd078d-6cea-4f12-8d62-4874212fc6f9@group-F74673522764-SegmentedRaftLogWorker: Starting segment from index:0
2021-05-27 14:49:07,360 [grpc-default-executor-3] INFO  server.RaftServer$Division (ServerState.java:setRaftConf(373)) - cc66d020-3049-4c90-bc53-6b8115d82a8c@group-F74673522764: set configuration 0: [d3bd078d-6cea-4f12-8d62-4874212fc6f9|rpc:10.1.0.4:44989|dataStream:|priority:0, ac3fbd16-1d83-453c-852e-871f53a8d589|rpc:10.1.0.4:44019|dataStream:|priority:1, cc66d020-3049-4c90-bc53-6b8115d82a8c|rpc:10.1.0.4:38925|dataStream:|priority:0], old=null
2021-05-27 14:49:07,360 [grpc-default-executor-3] INFO  segmented.SegmentedRaftLogWorker (SegmentedRaftLogWorker.java:startLogSegment(394)) - cc66d020-3049-4c90-bc53-6b8115d82a8c@group-F74673522764-SegmentedRaftLogWorker: Starting segment from index:0
2021-05-27 14:49:07,361 [cc66d020-3049-4c90-bc53-6b8115d82a8c@group-F74673522764-SegmentedRaftLogWorker] INFO  segmented.SegmentedRaftLogWorker (SegmentedRaftLogWorker.java:execute(601)) - cc66d020-3049-4c90-bc53-6b8115d82a8c@group-F74673522764-SegmentedRaftLogWorker: created new log segment /home/runner/work/ozone/ozone/mnt/ozone/hadoop-ozone/integration-test/target/test-dir/MiniOzoneClusterImpl-01be8073-4a30-4c07-ba69-c81900f598d5/datanode-0/data/ratis/1041af58-6781-4304-9760-f74673522764/current/log_inprogress_0
2021-05-27 14:49:07,362 [d3bd078d-6cea-4f12-8d62-4874212fc6f9@group-F74673522764-SegmentedRaftLogWorker] INFO  segmented.SegmentedRaftLogWorker (SegmentedRaftLogWorker.java:execute(601)) - d3bd078d-6cea-4f12-8d62-4874212fc6f9@group-F74673522764-SegmentedRaftLogWorker: created new log segment /home/runner/work/ozone/ozone/mnt/ozone/hadoop-ozone/integration-test/target/test-dir/MiniOzoneClusterImpl-01be8073-4a30-4c07-ba69-c81900f598d5/datanode-2/data/ratis/1041af58-6781-4304-9760-f74673522764/current/log_inprogress_0
2021-05-27 14:49:07,438 [58901a56-5ead-441d-bada-0c2dcec13c3c@group-BEB3CAD4BD71-FollowerState] INFO  impl.FollowerState (FollowerState.java:run(134)) - 58901a56-5ead-441d-bada-0c2dcec13c3c@group-BEB3CAD4BD71-FollowerState: change to CANDIDATE, lastRpcElapsedTime:5085469682ns, electionTimeout:5084ms
2021-05-27 14:49:07,438 [58901a56-5ead-441d-bada-0c2dcec13c3c@group-BEB3CAD4BD71-FollowerState] INFO  impl.RoleInfo (RoleInfo.java:shutdownFollowerState(108)) - 58901a56-5ead-441d-bada-0c2dcec13c3c: shutdown 58901a56-5ead-441d-bada-0c2dcec13c3c@group-BEB3CAD4BD71-FollowerState
2021-05-27 14:49:07,438 [58901a56-5ead-441d-bada-0c2dcec13c3c@group-BEB3CAD4BD71-FollowerState] INFO  server.RaftServer$Division (RaftServerImpl.java:setRole(284)) - 58901a56-5ead-441d-bada-0c2dcec13c3c@group-BEB3CAD4BD71: changes role from  FOLLOWER to CANDIDATE at term 1 for changeToCandidate
2021-05-27 14:49:07,438 [58901a56-5ead-441d-bada-0c2dcec13c3c@group-BEB3CAD4BD71-FollowerState] INFO  server.RaftServerConfigKeys (ConfUtils.java:logGet(44)) - raft.server.leaderelection.pre-vote = false (custom)
2021-05-27 14:49:07,438 [58901a56-5ead-441d-bada-0c2dcec13c3c@group-BEB3CAD4BD71-FollowerState] INFO  impl.RoleInfo (RoleInfo.java:updateAndGet(130)) - 58901a56-5ead-441d-bada-0c2dcec13c3c: start 58901a56-5ead-441d-bada-0c2dcec13c3c@group-BEB3CAD4BD71-LeaderElection15
2021-05-27 14:49:07,440 [58901a56-5ead-441d-bada-0c2dcec13c3c@group-BEB3CAD4BD71-LeaderElection15] INFO  impl.LeaderElection (LeaderElection.java:askForVotes(306)) - 58901a56-5ead-441d-bada-0c2dcec13c3c@group-BEB3CAD4BD71-LeaderElection15 ELECTION round 0: submit vote requests at term 2 for -1: [fe96208f-f4a6-407e-8fa5-c04d11db231e|rpc:10.1.0.4:42335|dataStream:|priority:0, 79a5c71d-05f9-4896-b0a5-ed7a69f27e7b|rpc:10.1.0.4:37273|dataStream:|priority:1, 58901a56-5ead-441d-bada-0c2dcec13c3c|rpc:10.1.0.4:34635|dataStream:|priority:0], old=null
2021-05-27 14:49:07,455 [grpc-default-executor-3] INFO  server.RaftServer$Division (RaftServerImpl.java:requestVote(1042)) - fe96208f-f4a6-407e-8fa5-c04d11db231e@group-BEB3CAD4BD71: receive requestVote(ELECTION, 58901a56-5ead-441d-bada-0c2dcec13c3c, group-BEB3CAD4BD71, 2, (t:0, i:0))
2021-05-27 14:49:07,455 [grpc-default-executor-3] INFO  impl.VoteContext (VoteContext.java:log(48)) - fe96208f-f4a6-407e-8fa5-c04d11db231e@group-BEB3CAD4BD71-FOLLOWER: accept ELECTION from 58901a56-5ead-441d-bada-0c2dcec13c3c: our priority 0 <= candidate's priority 0
2021-05-27 14:49:07,455 [grpc-default-executor-3] INFO  server.RaftServer$Division (RaftServerImpl.java:setRole(284)) - fe96208f-f4a6-407e-8fa5-c04d11db231e@group-BEB3CAD4BD71: changes role from  FOLLOWER to FOLLOWER at term 2 for candidate:58901a56-5ead-441d-bada-0c2dcec13c3c
2021-05-27 14:49:07,455 [grpc-default-executor-3] INFO  impl.RoleInfo (RoleInfo.java:shutdownFollowerState(108)) - fe96208f-f4a6-407e-8fa5-c04d11db231e: shutdown fe96208f-f4a6-407e-8fa5-c04d11db231e@group-BEB3CAD4BD71-FollowerState
2021-05-27 14:49:07,455 [grpc-default-executor-3] INFO  impl.RoleInfo (RoleInfo.java:updateAndGet(130)) - fe96208f-f4a6-407e-8fa5-c04d11db231e: start fe96208f-f4a6-407e-8fa5-c04d11db231e@group-BEB3CAD4BD71-FollowerState
2021-05-27 14:49:07,456 [fe96208f-f4a6-407e-8fa5-c04d11db231e@group-BEB3CAD4BD71-FollowerState] INFO  impl.FollowerState (FollowerState.java:run(143)) - fe96208f-f4a6-407e-8fa5-c04d11db231e@group-BEB3CAD4BD71-FollowerState was interrupted: {}
java.lang.InterruptedException: sleep interrupted
	at java.lang.Thread.sleep(Native Method)
	at java.lang.Thread.sleep(Thread.java:340)
	at java.util.concurrent.TimeUnit.sleep(TimeUnit.java:386)
	at org.apache.ratis.util.TimeDuration.sleep(TimeDuration.java:324)
	at org.apache.ratis.util.TimeDuration.sleep(TimeDuration.java:309)
	at org.apache.ratis.server.impl.FollowerState.run(FollowerState.java:118)
2021-05-27 14:49:07,463 [79a5c71d-05f9-4896-b0a5-ed7a69f27e7b@group-BEB3CAD4BD71-FollowerState] INFO  impl.FollowerState (FollowerState.java:run(134)) - 79a5c71d-05f9-4896-b0a5-ed7a69f27e7b@group-BEB3CAD4BD71-FollowerState: change to CANDIDATE, lastRpcElapsedTime:5110406159ns, electionTimeout:5104ms
2021-05-27 14:49:07,463 [79a5c71d-05f9-4896-b0a5-ed7a69f27e7b@group-BEB3CAD4BD71-FollowerState] INFO  impl.RoleInfo (RoleInfo.java:shutdownFollowerState(108)) - 79a5c71d-05f9-4896-b0a5-ed7a69f27e7b: shutdown 79a5c71d-05f9-4896-b0a5-ed7a69f27e7b@group-BEB3CAD4BD71-FollowerState
2021-05-27 14:49:07,463 [grpc-default-executor-3] INFO  server.RaftServer$Division (RaftServerImpl.java:requestVote(1074)) - fe96208f-f4a6-407e-8fa5-c04d11db231e@group-BEB3CAD4BD71 replies to ELECTION vote request: 58901a56-5ead-441d-bada-0c2dcec13c3c<-fe96208f-f4a6-407e-8fa5-c04d11db231e#0:OK-t2. Peer's state: fe96208f-f4a6-407e-8fa5-c04d11db231e@group-BEB3CAD4BD71:t2, leader=null, voted=58901a56-5ead-441d-bada-0c2dcec13c3c, raftlog=fe96208f-f4a6-407e-8fa5-c04d11db231e@group-BEB3CAD4BD71-SegmentedRaftLog:OPENED:c-1,f-1,i0, conf=-1: [fe96208f-f4a6-407e-8fa5-c04d11db231e|rpc:10.1.0.4:42335|priority:0, 79a5c71d-05f9-4896-b0a5-ed7a69f27e7b|rpc:10.1.0.4:37273|priority:1, 58901a56-5ead-441d-bada-0c2dcec13c3c|rpc:10.1.0.4:34635|priority:0], old=null
2021-05-27 14:49:07,463 [79a5c71d-05f9-4896-b0a5-ed7a69f27e7b@group-BEB3CAD4BD71-FollowerState] INFO  server.RaftServer$Division (RaftServerImpl.java:setRole(284)) - 79a5c71d-05f9-4896-b0a5-ed7a69f27e7b@group-BEB3CAD4BD71: changes role from  FOLLOWER to CANDIDATE at term 1 for changeToCandidate
2021-05-27 14:49:07,463 [79a5c71d-05f9-4896-b0a5-ed7a69f27e7b@group-BEB3CAD4BD71-FollowerState] INFO  server.RaftServerConfigKeys (ConfUtils.java:logGet(44)) - raft.server.leaderelection.pre-vote = false (custom)
2021-05-27 14:49:07,463 [79a5c71d-05f9-4896-b0a5-ed7a69f27e7b@group-BEB3CAD4BD71-FollowerState] INFO  impl.RoleInfo (RoleInfo.java:updateAndGet(130)) - 79a5c71d-05f9-4896-b0a5-ed7a69f27e7b: start 79a5c71d-05f9-4896-b0a5-ed7a69f27e7b@group-BEB3CAD4BD71-LeaderElection16
2021-05-27 14:49:07,471 [79a5c71d-05f9-4896-b0a5-ed7a69f27e7b@group-BEB3CAD4BD71-LeaderElection16] INFO  impl.LeaderElection (LeaderElection.java:askForVotes(306)) - 79a5c71d-05f9-4896-b0a5-ed7a69f27e7b@group-BEB3CAD4BD71-LeaderElection16 ELECTION round 0: submit vote requests at term 2 for -1: [fe96208f-f4a6-407e-8fa5-c04d11db231e|rpc:10.1.0.4:42335|priority:0, 79a5c71d-05f9-4896-b0a5-ed7a69f27e7b|rpc:10.1.0.4:37273|priority:1, 58901a56-5ead-441d-bada-0c2dcec13c3c|rpc:10.1.0.4:34635|priority:0], old=null
2021-05-27 14:49:07,478 [grpc-default-executor-3] INFO  server.RaftServer$Division (RaftServerImpl.java:requestVote(1042)) - 79a5c71d-05f9-4896-b0a5-ed7a69f27e7b@group-BEB3CAD4BD71: receive requestVote(ELECTION, 58901a56-5ead-441d-bada-0c2dcec13c3c, group-BEB3CAD4BD71, 2, (t:0, i:0))
2021-05-27 14:49:07,478 [grpc-default-executor-3] INFO  impl.VoteContext (VoteContext.java:log(48)) - 79a5c71d-05f9-4896-b0a5-ed7a69f27e7b@group-BEB3CAD4BD71-CANDIDATE: reject ELECTION from 58901a56-5ead-441d-bada-0c2dcec13c3c: already has voted for 79a5c71d-05f9-4896-b0a5-ed7a69f27e7b at current term 2
2021-05-27 14:49:07,478 [grpc-default-executor-3] INFO  server.RaftServer$Division (RaftServerImpl.java:requestVote(1074)) - 79a5c71d-05f9-4896-b0a5-ed7a69f27e7b@group-BEB3CAD4BD71 replies to ELECTION vote request: 58901a56-5ead-441d-bada-0c2dcec13c3c<-79a5c71d-05f9-4896-b0a5-ed7a69f27e7b#0:FAIL-t2. Peer's state: 79a5c71d-05f9-4896-b0a5-ed7a69f27e7b@group-BEB3CAD4BD71:t2, leader=null, voted=79a5c71d-05f9-4896-b0a5-ed7a69f27e7b, raftlog=79a5c71d-05f9-4896-b0a5-ed7a69f27e7b@group-BEB3CAD4BD71-SegmentedRaftLog:OPENED:c-1,f-1,i0, conf=-1: [fe96208f-f4a6-407e-8fa5-c04d11db231e|rpc:10.1.0.4:42335|priority:0, 79a5c71d-05f9-4896-b0a5-ed7a69f27e7b|rpc:10.1.0.4:37273|priority:1, 58901a56-5ead-441d-bada-0c2dcec13c3c|rpc:10.1.0.4:34635|priority:0], old=null
2021-05-27 14:49:07,481 [58901a56-5ead-441d-bada-0c2dcec13c3c@group-BEB3CAD4BD71-LeaderElection15] INFO  impl.LeaderElection (LeaderElection.java:logAndReturn(89)) - 58901a56-5ead-441d-bada-0c2dcec13c3c@group-BEB3CAD4BD71-LeaderElection15: ELECTION REJECTED received 2 response(s) and 0 exception(s):
2021-05-27 14:49:07,481 [58901a56-5ead-441d-bada-0c2dcec13c3c@group-BEB3CAD4BD71-LeaderElection15] INFO  impl.LeaderElection (LeaderElection.java:logAndReturn(93)) -   Response 0: 58901a56-5ead-441d-bada-0c2dcec13c3c<-fe96208f-f4a6-407e-8fa5-c04d11db231e#0:OK-t2
2021-05-27 14:49:07,481 [58901a56-5ead-441d-bada-0c2dcec13c3c@group-BEB3CAD4BD71-LeaderElection15] INFO  impl.LeaderElection (LeaderElection.java:logAndReturn(93)) -   Response 1: 58901a56-5ead-441d-bada-0c2dcec13c3c<-79a5c71d-05f9-4896-b0a5-ed7a69f27e7b#0:FAIL-t2
2021-05-27 14:49:07,481 [58901a56-5ead-441d-bada-0c2dcec13c3c@group-BEB3CAD4BD71-LeaderElection15] INFO  impl.LeaderElection (LeaderElection.java:askForVotes(308)) - 58901a56-5ead-441d-bada-0c2dcec13c3c@group-BEB3CAD4BD71-LeaderElection15 ELECTION round 0: result REJECTED
2021-05-27 14:49:07,481 [58901a56-5ead-441d-bada-0c2dcec13c3c@group-BEB3CAD4BD71-LeaderElection15] INFO  server.RaftServer$Division (RaftServerImpl.java:setRole(284)) - 58901a56-5ead-441d-bada-0c2dcec13c3c@group-BEB3CAD4BD71: changes role from CANDIDATE to FOLLOWER at term 2 for REJECTED
2021-05-27 14:49:07,481 [58901a56-5ead-441d-bada-0c2dcec13c3c@group-BEB3CAD4BD71-LeaderElection15] INFO  impl.RoleInfo (RoleInfo.java:shutdownLeaderElection(121)) - 58901a56-5ead-441d-bada-0c2dcec13c3c: shutdown 58901a56-5ead-441d-bada-0c2dcec13c3c@group-BEB3CAD4BD71-LeaderElection15
2021-05-27 14:49:07,481 [58901a56-5ead-441d-bada-0c2dcec13c3c@group-BEB3CAD4BD71-LeaderElection15] INFO  impl.RoleInfo (RoleInfo.java:updateAndGet(130)) - 58901a56-5ead-441d-bada-0c2dcec13c3c: start 58901a56-5ead-441d-bada-0c2dcec13c3c@group-BEB3CAD4BD71-FollowerState
2021-05-27 14:49:07,501 [grpc-default-executor-3] INFO  server.RaftServer$Division (RaftServerImpl.java:requestVote(1042)) - fe96208f-f4a6-407e-8fa5-c04d11db231e@group-BEB3CAD4BD71: receive requestVote(ELECTION, 79a5c71d-05f9-4896-b0a5-ed7a69f27e7b, group-BEB3CAD4BD71, 2, (t:0, i:0))
2021-05-27 14:49:07,501 [grpc-default-executor-3] INFO  impl.VoteContext (VoteContext.java:log(48)) - fe96208f-f4a6-407e-8fa5-c04d11db231e@group-BEB3CAD4BD71-FOLLOWER: reject ELECTION from 79a5c71d-05f9-4896-b0a5-ed7a69f27e7b: already has voted for 58901a56-5ead-441d-bada-0c2dcec13c3c at current term 2
2021-05-27 14:49:07,501 [grpc-default-executor-3] INFO  server.RaftServer$Division (RaftServerImpl.java:requestVote(1074)) - fe96208f-f4a6-407e-8fa5-c04d11db231e@group-BEB3CAD4BD71 replies to ELECTION vote request: 79a5c71d-05f9-4896-b0a5-ed7a69f27e7b<-fe96208f-f4a6-407e-8fa5-c04d11db231e#0:FAIL-t2. Peer's state: fe96208f-f4a6-407e-8fa5-c04d11db231e@group-BEB3CAD4BD71:t2, leader=null, voted=58901a56-5ead-441d-bada-0c2dcec13c3c, raftlog=fe96208f-f4a6-407e-8fa5-c04d11db231e@group-BEB3CAD4BD71-SegmentedRaftLog:OPENED:c-1,f-1,i0, conf=-1: [fe96208f-f4a6-407e-8fa5-c04d11db231e|rpc:10.1.0.4:42335|priority:0, 79a5c71d-05f9-4896-b0a5-ed7a69f27e7b|rpc:10.1.0.4:37273|priority:1, 58901a56-5ead-441d-bada-0c2dcec13c3c|rpc:10.1.0.4:34635|priority:0], old=null
2021-05-27 14:49:07,513 [grpc-default-executor-3] INFO  server.RaftServer$Division (RaftServerImpl.java:requestVote(1042)) - 58901a56-5ead-441d-bada-0c2dcec13c3c@group-BEB3CAD4BD71: receive requestVote(ELECTION, 79a5c71d-05f9-4896-b0a5-ed7a69f27e7b, group-BEB3CAD4BD71, 2, (t:0, i:0))
2021-05-27 14:49:07,513 [grpc-default-executor-3] INFO  impl.VoteContext (VoteContext.java:log(48)) - 58901a56-5ead-441d-bada-0c2dcec13c3c@group-BEB3CAD4BD71-FOLLOWER: reject ELECTION from 79a5c71d-05f9-4896-b0a5-ed7a69f27e7b: already has voted for 58901a56-5ead-441d-bada-0c2dcec13c3c at current term 2
2021-05-27 14:49:07,513 [grpc-default-executor-3] INFO  server.RaftServer$Division (RaftServerImpl.java:requestVote(1074)) - 58901a56-5ead-441d-bada-0c2dcec13c3c@group-BEB3CAD4BD71 replies to ELECTION vote request: 79a5c71d-05f9-4896-b0a5-ed7a69f27e7b<-58901a56-5ead-441d-bada-0c2dcec13c3c#0:FAIL-t2. Peer's state: 58901a56-5ead-441d-bada-0c2dcec13c3c@group-BEB3CAD4BD71:t2, leader=null, voted=58901a56-5ead-441d-bada-0c2dcec13c3c, raftlog=58901a56-5ead-441d-bada-0c2dcec13c3c@group-BEB3CAD4BD71-SegmentedRaftLog:OPENED:c-1,f-1,i0, conf=-1: [fe96208f-f4a6-407e-8fa5-c04d11db231e|rpc:10.1.0.4:42335|dataStream:|priority:0, 79a5c71d-05f9-4896-b0a5-ed7a69f27e7b|rpc:10.1.0.4:37273|dataStream:|priority:1, 58901a56-5ead-441d-bada-0c2dcec13c3c|rpc:10.1.0.4:34635|dataStream:|priority:0], old=null
2021-05-27 14:49:07,515 [79a5c71d-05f9-4896-b0a5-ed7a69f27e7b@group-BEB3CAD4BD71-LeaderElection16] INFO  impl.LeaderElection (LeaderElection.java:logAndReturn(89)) - 79a5c71d-05f9-4896-b0a5-ed7a69f27e7b@group-BEB3CAD4BD71-LeaderElection16: ELECTION REJECTED received 2 response(s) and 0 exception(s):
2021-05-27 14:49:07,515 [79a5c71d-05f9-4896-b0a5-ed7a69f27e7b@group-BEB3CAD4BD71-LeaderElection16] INFO  impl.LeaderElection (LeaderElection.java:logAndReturn(93)) -   Response 0: 79a5c71d-05f9-4896-b0a5-ed7a69f27e7b<-fe96208f-f4a6-407e-8fa5-c04d11db231e#0:FAIL-t2
2021-05-27 14:49:07,515 [79a5c71d-05f9-4896-b0a5-ed7a69f27e7b@group-BEB3CAD4BD71-LeaderElection16] INFO  impl.LeaderElection (LeaderElection.java:logAndReturn(93)) -   Response 1: 79a5c71d-05f9-4896-b0a5-ed7a69f27e7b<-58901a56-5ead-441d-bada-0c2dcec13c3c#0:FAIL-t2
2021-05-27 14:49:07,515 [79a5c71d-05f9-4896-b0a5-ed7a69f27e7b@group-BEB3CAD4BD71-LeaderElection16] INFO  impl.LeaderElection (LeaderElection.java:askForVotes(308)) - 79a5c71d-05f9-4896-b0a5-ed7a69f27e7b@group-BEB3CAD4BD71-LeaderElection16 ELECTION round 0: result REJECTED
2021-05-27 14:49:07,515 [79a5c71d-05f9-4896-b0a5-ed7a69f27e7b@group-BEB3CAD4BD71-LeaderElection16] INFO  server.RaftServer$Division (RaftServerImpl.java:setRole(284)) - 79a5c71d-05f9-4896-b0a5-ed7a69f27e7b@group-BEB3CAD4BD71: changes role from CANDIDATE to FOLLOWER at term 2 for REJECTED
2021-05-27 14:49:07,515 [79a5c71d-05f9-4896-b0a5-ed7a69f27e7b@group-BEB3CAD4BD71-LeaderElection16] INFO  impl.RoleInfo (RoleInfo.java:shutdownLeaderElection(121)) - 79a5c71d-05f9-4896-b0a5-ed7a69f27e7b: shutdown 79a5c71d-05f9-4896-b0a5-ed7a69f27e7b@group-BEB3CAD4BD71-LeaderElection16
2021-05-27 14:49:07,515 [79a5c71d-05f9-4896-b0a5-ed7a69f27e7b@group-BEB3CAD4BD71-LeaderElection16] INFO  impl.RoleInfo (RoleInfo.java:updateAndGet(130)) - 79a5c71d-05f9-4896-b0a5-ed7a69f27e7b: start 79a5c71d-05f9-4896-b0a5-ed7a69f27e7b@group-BEB3CAD4BD71-FollowerState
2021-05-27 14:49:07,948 [c80f2544-efc8-492a-83e4-5b8bcbed7eb8@group-BD86B44502A1-FollowerState] INFO  impl.FollowerState (FollowerState.java:run(134)) - c80f2544-efc8-492a-83e4-5b8bcbed7eb8@group-BD86B44502A1-FollowerState: change to CANDIDATE, lastRpcElapsedTime:5044679621ns, electionTimeout:5042ms
2021-05-27 14:49:07,949 [c80f2544-efc8-492a-83e4-5b8bcbed7eb8@group-BD86B44502A1-FollowerState] INFO  impl.RoleInfo (RoleInfo.java:shutdownFollowerState(108)) - c80f2544-efc8-492a-83e4-5b8bcbed7eb8: shutdown c80f2544-efc8-492a-83e4-5b8bcbed7eb8@group-BD86B44502A1-FollowerState
2021-05-27 14:49:07,949 [c80f2544-efc8-492a-83e4-5b8bcbed7eb8@group-BD86B44502A1-FollowerState] INFO  server.RaftServer$Division (RaftServerImpl.java:setRole(284)) - c80f2544-efc8-492a-83e4-5b8bcbed7eb8@group-BD86B44502A1: changes role from  FOLLOWER to CANDIDATE at term 1 for changeToCandidate
2021-05-27 14:49:07,949 [c80f2544-efc8-492a-83e4-5b8bcbed7eb8@group-BD86B44502A1-FollowerState] INFO  server.RaftServerConfigKeys (ConfUtils.java:logGet(44)) - raft.server.leaderelection.pre-vote = false (custom)
2021-05-27 14:49:07,949 [c80f2544-efc8-492a-83e4-5b8bcbed7eb8@group-BD86B44502A1-FollowerState] INFO  impl.RoleInfo (RoleInfo.java:updateAndGet(130)) - c80f2544-efc8-492a-83e4-5b8bcbed7eb8: start c80f2544-efc8-492a-83e4-5b8bcbed7eb8@group-BD86B44502A1-LeaderElection17
2021-05-27 14:49:07,951 [c80f2544-efc8-492a-83e4-5b8bcbed7eb8@group-BD86B44502A1-LeaderElection17] INFO  impl.LeaderElection (LeaderElection.java:askForVotes(306)) - c80f2544-efc8-492a-83e4-5b8bcbed7eb8@group-BD86B44502A1-LeaderElection17 ELECTION round 0: submit vote requests at term 2 for -1: [8e6df144-c6f6-43b2-a2f1-262f0d8e0594|rpc:10.1.0.4:35723|dataStream:|priority:0, c80f2544-efc8-492a-83e4-5b8bcbed7eb8|rpc:10.1.0.4:35561|dataStream:|priority:1, 4028be1c-f04f-471f-a5c7-d66a385f5692|rpc:10.1.0.4:39853|dataStream:|priority:0], old=null
2021-05-27 14:49:07,959 [grpc-default-executor-3] INFO  server.RaftServer$Division (RaftServerImpl.java:requestVote(1042)) - 8e6df144-c6f6-43b2-a2f1-262f0d8e0594@group-BD86B44502A1: receive requestVote(ELECTION, c80f2544-efc8-492a-83e4-5b8bcbed7eb8, group-BD86B44502A1, 2, (t:0, i:0))
2021-05-27 14:49:07,962 [grpc-default-executor-3] INFO  impl.VoteContext (VoteContext.java:log(48)) - 8e6df144-c6f6-43b2-a2f1-262f0d8e0594@group-BD86B44502A1-FOLLOWER: accept ELECTION from c80f2544-efc8-492a-83e4-5b8bcbed7eb8: our priority 0 <= candidate's priority 1
2021-05-27 14:49:07,962 [grpc-default-executor-3] INFO  server.RaftServer$Division (RaftServerImpl.java:setRole(284)) - 8e6df144-c6f6-43b2-a2f1-262f0d8e0594@group-BD86B44502A1: changes role from  FOLLOWER to FOLLOWER at term 2 for candidate:c80f2544-efc8-492a-83e4-5b8bcbed7eb8
2021-05-27 14:49:07,962 [grpc-default-executor-3] INFO  impl.RoleInfo (RoleInfo.java:shutdownFollowerState(108)) - 8e6df144-c6f6-43b2-a2f1-262f0d8e0594: shutdown 8e6df144-c6f6-43b2-a2f1-262f0d8e0594@group-BD86B44502A1-FollowerState
2021-05-27 14:49:07,962 [grpc-default-executor-3] INFO  impl.RoleInfo (RoleInfo.java:updateAndGet(130)) - 8e6df144-c6f6-43b2-a2f1-262f0d8e0594: start 8e6df144-c6f6-43b2-a2f1-262f0d8e0594@group-BD86B44502A1-FollowerState
2021-05-27 14:49:07,970 [grpc-default-executor-0] INFO  server.RaftServer$Division (RaftServerImpl.java:requestVote(1042)) - 4028be1c-f04f-471f-a5c7-d66a385f5692@group-BD86B44502A1: receive requestVote(ELECTION, c80f2544-efc8-492a-83e4-5b8bcbed7eb8, group-BD86B44502A1, 2, (t:0, i:0))
2021-05-27 14:49:07,970 [grpc-default-executor-0] INFO  impl.VoteContext (VoteContext.java:log(48)) - 4028be1c-f04f-471f-a5c7-d66a385f5692@group-BD86B44502A1-FOLLOWER: accept ELECTION from c80f2544-efc8-492a-83e4-5b8bcbed7eb8: our priority 0 <= candidate's priority 1
2021-05-27 14:49:07,970 [grpc-default-executor-0] INFO  server.RaftServer$Division (RaftServerImpl.java:setRole(284)) - 4028be1c-f04f-471f-a5c7-d66a385f5692@group-BD86B44502A1: changes role from  FOLLOWER to FOLLOWER at term 2 for candidate:c80f2544-efc8-492a-83e4-5b8bcbed7eb8
2021-05-27 14:49:07,971 [grpc-default-executor-0] INFO  impl.RoleInfo (RoleInfo.java:shutdownFollowerState(108)) - 4028be1c-f04f-471f-a5c7-d66a385f5692: shutdown 4028be1c-f04f-471f-a5c7-d66a385f5692@group-BD86B44502A1-FollowerState
2021-05-27 14:49:07,971 [grpc-default-executor-0] INFO  impl.RoleInfo (RoleInfo.java:updateAndGet(130)) - 4028be1c-f04f-471f-a5c7-d66a385f5692: start 4028be1c-f04f-471f-a5c7-d66a385f5692@group-BD86B44502A1-FollowerState
2021-05-27 14:49:07,971 [4028be1c-f04f-471f-a5c7-d66a385f5692@group-BD86B44502A1-FollowerState] INFO  impl.FollowerState (FollowerState.java:run(143)) - 4028be1c-f04f-471f-a5c7-d66a385f5692@group-BD86B44502A1-FollowerState was interrupted: {}
java.lang.InterruptedException: sleep interrupted
	at java.lang.Thread.sleep(Native Method)
	at java.lang.Thread.sleep(Thread.java:340)
	at java.util.concurrent.TimeUnit.sleep(TimeUnit.java:386)
	at org.apache.ratis.util.TimeDuration.sleep(TimeDuration.java:324)
	at org.apache.ratis.util.TimeDuration.sleep(TimeDuration.java:309)
	at org.apache.ratis.server.impl.FollowerState.run(FollowerState.java:118)
2021-05-27 14:49:07,971 [grpc-default-executor-3] INFO  server.RaftServer$Division (RaftServerImpl.java:requestVote(1074)) - 8e6df144-c6f6-43b2-a2f1-262f0d8e0594@group-BD86B44502A1 replies to ELECTION vote request: c80f2544-efc8-492a-83e4-5b8bcbed7eb8<-8e6df144-c6f6-43b2-a2f1-262f0d8e0594#0:OK-t2. Peer's state: 8e6df144-c6f6-43b2-a2f1-262f0d8e0594@group-BD86B44502A1:t2, leader=null, voted=c80f2544-efc8-492a-83e4-5b8bcbed7eb8, raftlog=8e6df144-c6f6-43b2-a2f1-262f0d8e0594@group-BD86B44502A1-SegmentedRaftLog:OPENED:c-1,f-1,i0, conf=-1: [8e6df144-c6f6-43b2-a2f1-262f0d8e0594|rpc:10.1.0.4:35723|priority:0, c80f2544-efc8-492a-83e4-5b8bcbed7eb8|rpc:10.1.0.4:35561|priority:1, 4028be1c-f04f-471f-a5c7-d66a385f5692|rpc:10.1.0.4:39853|priority:0], old=null
2021-05-27 14:49:07,971 [8e6df144-c6f6-43b2-a2f1-262f0d8e0594@group-BD86B44502A1-FollowerState] INFO  impl.FollowerState (FollowerState.java:run(134)) - 8e6df144-c6f6-43b2-a2f1-262f0d8e0594@group-BD86B44502A1-FollowerState: change to CANDIDATE, lastRpcElapsedTime:5074779656ns, electionTimeout:5056ms
2021-05-27 14:49:07,971 [8e6df144-c6f6-43b2-a2f1-262f0d8e0594@group-BD86B44502A1-FollowerState] INFO  impl.RoleInfo (RoleInfo.java:shutdownFollowerState(108)) - 8e6df144-c6f6-43b2-a2f1-262f0d8e0594: shutdown 8e6df144-c6f6-43b2-a2f1-262f0d8e0594@group-BD86B44502A1-FollowerState
2021-05-27 14:49:07,972 [8e6df144-c6f6-43b2-a2f1-262f0d8e0594@group-BD86B44502A1-FollowerState] INFO  server.RaftServer$Division (RaftServerImpl.java:setRole(284)) - 8e6df144-c6f6-43b2-a2f1-262f0d8e0594@group-BD86B44502A1: changes role from  FOLLOWER to CANDIDATE at term 2 for changeToCandidate
2021-05-27 14:49:07,972 [8e6df144-c6f6-43b2-a2f1-262f0d8e0594@group-BD86B44502A1-FollowerState] INFO  server.RaftServerConfigKeys (ConfUtils.java:logGet(44)) - raft.server.leaderelection.pre-vote = false (custom)
2021-05-27 14:49:07,972 [8e6df144-c6f6-43b2-a2f1-262f0d8e0594@group-BD86B44502A1-FollowerState] INFO  impl.RoleInfo (RoleInfo.java:updateAndGet(130)) - 8e6df144-c6f6-43b2-a2f1-262f0d8e0594: start 8e6df144-c6f6-43b2-a2f1-262f0d8e0594@group-BD86B44502A1-LeaderElection18
2021-05-27 14:49:07,973 [grpc-default-executor-0] INFO  server.RaftServer$Division (RaftServerImpl.java:requestVote(1074)) - 4028be1c-f04f-471f-a5c7-d66a385f5692@group-BD86B44502A1 replies to ELECTION vote request: c80f2544-efc8-492a-83e4-5b8bcbed7eb8<-4028be1c-f04f-471f-a5c7-d66a385f5692#0:OK-t2. Peer's state: 4028be1c-f04f-471f-a5c7-d66a385f5692@group-BD86B44502A1:t2, leader=null, voted=c80f2544-efc8-492a-83e4-5b8bcbed7eb8, raftlog=4028be1c-f04f-471f-a5c7-d66a385f5692@group-BD86B44502A1-SegmentedRaftLog:OPENED:c-1,f-1,i0, conf=-1: [8e6df144-c6f6-43b2-a2f1-262f0d8e0594|rpc:10.1.0.4:35723|priority:0, c80f2544-efc8-492a-83e4-5b8bcbed7eb8|rpc:10.1.0.4:35561|priority:1, 4028be1c-f04f-471f-a5c7-d66a385f5692|rpc:10.1.0.4:39853|priority:0], old=null
2021-05-27 14:49:07,975 [c80f2544-efc8-492a-83e4-5b8bcbed7eb8@group-BD86B44502A1-LeaderElection17] INFO  impl.LeaderElection (LeaderElection.java:logAndReturn(89)) - c80f2544-efc8-492a-83e4-5b8bcbed7eb8@group-BD86B44502A1-LeaderElection17: ELECTION PASSED received 1 response(s) and 0 exception(s):
2021-05-27 14:49:07,975 [c80f2544-efc8-492a-83e4-5b8bcbed7eb8@group-BD86B44502A1-LeaderElection17] INFO  impl.LeaderElection (LeaderElection.java:logAndReturn(93)) -   Response 0: c80f2544-efc8-492a-83e4-5b8bcbed7eb8<-4028be1c-f04f-471f-a5c7-d66a385f5692#0:OK-t2
2021-05-27 14:49:07,976 [c80f2544-efc8-492a-83e4-5b8bcbed7eb8@group-BD86B44502A1-LeaderElection17] INFO  impl.LeaderElection (LeaderElection.java:askForVotes(308)) - c80f2544-efc8-492a-83e4-5b8bcbed7eb8@group-BD86B44502A1-LeaderElection17 ELECTION round 0: result PASSED
2021-05-27 14:49:07,976 [c80f2544-efc8-492a-83e4-5b8bcbed7eb8@group-BD86B44502A1-LeaderElection17] INFO  impl.RoleInfo (RoleInfo.java:shutdownLeaderElection(121)) - c80f2544-efc8-492a-83e4-5b8bcbed7eb8: shutdown c80f2544-efc8-492a-83e4-5b8bcbed7eb8@group-BD86B44502A1-LeaderElection17
2021-05-27 14:49:07,976 [c80f2544-efc8-492a-83e4-5b8bcbed7eb8@group-BD86B44502A1-LeaderElection17] INFO  server.RaftServer$Division (RaftServerImpl.java:setRole(284)) - c80f2544-efc8-492a-83e4-5b8bcbed7eb8@group-BD86B44502A1: changes role from CANDIDATE to LEADER at term 2 for changeToLeader
2021-05-27 14:49:07,976 [c80f2544-efc8-492a-83e4-5b8bcbed7eb8@group-BD86B44502A1-LeaderElection17] INFO  ratis.XceiverServerRatis (XceiverServerRatis.java:handleLeaderChangedNotification(906)) - Leader change notification received for group: group-BD86B44502A1 with new leaderId: c80f2544-efc8-492a-83e4-5b8bcbed7eb8
2021-05-27 14:49:07,976 [c80f2544-efc8-492a-83e4-5b8bcbed7eb8@group-BD86B44502A1-LeaderElection17] INFO  server.RaftServer$Division (ServerState.java:setLeader(271)) - c80f2544-efc8-492a-83e4-5b8bcbed7eb8@group-BD86B44502A1: change Leader from null to c80f2544-efc8-492a-83e4-5b8bcbed7eb8 at term 2 for becomeLeader, leader elected after 10119ms
2021-05-27 14:49:07,976 [c80f2544-efc8-492a-83e4-5b8bcbed7eb8@group-BD86B44502A1-LeaderElection17] INFO  server.RaftServerConfigKeys (ConfUtils.java:logGet(44)) - raft.server.staging.catchup.gap = 1000 (default)
2021-05-27 14:49:07,976 [c80f2544-efc8-492a-83e4-5b8bcbed7eb8@group-BD86B44502A1-LeaderElection17] INFO  metrics.RatisMetrics (RatisMetrics.java:lambda$create$0(36)) - Creating Metrics Registry : ratis.log_appender.c80f2544-efc8-492a-83e4-5b8bcbed7eb8@group-BD86B44502A1
2021-05-27 14:49:07,976 [c80f2544-efc8-492a-83e4-5b8bcbed7eb8@group-BD86B44502A1-LeaderElection17] INFO  server.RaftServerConfigKeys (ConfUtils.java:logGet(44)) - raft.server.write.element-limit = 1024 (custom)
2021-05-27 14:49:07,976 [c80f2544-efc8-492a-83e4-5b8bcbed7eb8@group-BD86B44502A1-LeaderElection17] INFO  server.RaftServerConfigKeys (ConfUtils.java:logGet(44)) - raft.server.write.byte-limit = 1073741824 (custom)
2021-05-27 14:49:07,976 [c80f2544-efc8-492a-83e4-5b8bcbed7eb8@group-BD86B44502A1-LeaderElection17] INFO  server.RaftServerConfigKeys (ConfUtils.java:logGet(44)) - raft.server.watch.timeout = 3000ms (custom)
2021-05-27 14:49:07,976 [c80f2544-efc8-492a-83e4-5b8bcbed7eb8@group-BD86B44502A1-LeaderElection17] INFO  server.RaftServerConfigKeys (ConfUtils.java:logGet(44)) - raft.server.watch.timeout.denomination = 1s (default)
2021-05-27 14:49:07,976 [c80f2544-efc8-492a-83e4-5b8bcbed7eb8@group-BD86B44502A1-LeaderElection17] INFO  server.RaftServerConfigKeys (ConfUtils.java:logGet(44)) - raft.server.watch.element-limit = 65536 (default)
2021-05-27 14:49:07,977 [c80f2544-efc8-492a-83e4-5b8bcbed7eb8@group-BD86B44502A1-LeaderElection17] INFO  server.RaftServerConfigKeys (ConfUtils.java:logGet(44)) - raft.server.log.appender.snapshot.chunk.size.max = 16MB (=16777216) (default)
2021-05-27 14:49:07,977 [c80f2544-efc8-492a-83e4-5b8bcbed7eb8@group-BD86B44502A1-LeaderElection17] INFO  server.RaftServerConfigKeys (ConfUtils.java:logGet(44)) - raft.server.log.appender.buffer.byte-limit = 33554432 (custom)
2021-05-27 14:49:07,977 [c80f2544-efc8-492a-83e4-5b8bcbed7eb8@group-BD86B44502A1-LeaderElection17] INFO  server.RaftServerConfigKeys (ConfUtils.java:logGet(44)) - raft.server.log.appender.buffer.element-limit = 1 (custom)
2021-05-27 14:49:07,977 [c80f2544-efc8-492a-83e4-5b8bcbed7eb8@group-BD86B44502A1-LeaderElection17] INFO  grpc.GrpcConfigKeys (ConfUtils.java:logGet(44)) - raft.grpc.server.leader.outstanding.appends.max = 128 (default)
2021-05-27 14:49:07,977 [c80f2544-efc8-492a-83e4-5b8bcbed7eb8@group-BD86B44502A1-LeaderElection17] INFO  server.RaftServerConfigKeys (ConfUtils.java:logGet(44)) - raft.server.rpc.request.timeout = 3000ms (default)
2021-05-27 14:49:07,977 [c80f2544-efc8-492a-83e4-5b8bcbed7eb8@group-BD86B44502A1-LeaderElection17] INFO  server.RaftServerConfigKeys (ConfUtils.java:logGet(44)) - raft.server.log.appender.install.snapshot.enabled = false (custom)
2021-05-27 14:49:07,977 [c80f2544-efc8-492a-83e4-5b8bcbed7eb8@group-BD86B44502A1-LeaderElection17] INFO  metrics.RatisMetrics (RatisMetrics.java:lambda$create$0(36)) - Creating Metrics Registry : ratis_grpc.log_appender.c80f2544-efc8-492a-83e4-5b8bcbed7eb8@group-BD86B44502A1
2021-05-27 14:49:07,978 [EventQueue-PipelineReportForPipelineReportHandler] INFO  pipeline.PipelineManagerV2Impl (PipelineManagerV2Impl.java:openPipeline(270)) - Pipeline Pipeline[ Id: 92661cd8-1084-46f9-bbf0-bd86b44502a1, Nodes: c80f2544-efc8-492a-83e4-5b8bcbed7eb8{ip: 10.1.0.4, host: fv-az270-287.tacnzluakwdehk1hpragurqkma.bx.internal.cloudapp.net, ports: [REPLICATION=44649, RATIS=35561, RATIS_ADMIN=35561, RATIS_SERVER=35561, STANDALONE=39239], networkLocation: /default-rack, certSerialId: null, persistedOpState: IN_SERVICE, persistedOpStateExpiryEpochSec: 0}4028be1c-f04f-471f-a5c7-d66a385f5692{ip: 10.1.0.4, host: fv-az270-287.tacnzluakwdehk1hpragurqkma.bx.internal.cloudapp.net, ports: [REPLICATION=38577, RATIS=39853, RATIS_ADMIN=39853, RATIS_SERVER=39853, STANDALONE=41673], networkLocation: /default-rack, certSerialId: null, persistedOpState: IN_SERVICE, persistedOpStateExpiryEpochSec: 0}8e6df144-c6f6-43b2-a2f1-262f0d8e0594{ip: 10.1.0.4, host: fv-az270-287.tacnzluakwdehk1hpragurqkma.bx.internal.cloudapp.net, ports: [REPLICATION=37559, RATIS=35723, RATIS_ADMIN=35723, RATIS_SERVER=35723, STANDALONE=40251], networkLocation: /default-rack, certSerialId: null, persistedOpState: IN_SERVICE, persistedOpStateExpiryEpochSec: 0}, ReplicationConfig: RATIS/THREE, State:ALLOCATED, leaderId:c80f2544-efc8-492a-83e4-5b8bcbed7eb8, CreationTimestamp2021-05-27T14:48:54.891Z] moved to OPEN state
2021-05-27 14:49:07,975 [8e6df144-c6f6-43b2-a2f1-262f0d8e0594@group-BD86B44502A1-FollowerState] INFO  impl.FollowerState (FollowerState.java:run(143)) - 8e6df144-c6f6-43b2-a2f1-262f0d8e0594@group-BD86B44502A1-FollowerState was interrupted: {}
java.lang.InterruptedException: sleep interrupted
	at java.lang.Thread.sleep(Native Method)
	at java.lang.Thread.sleep(Thread.java:340)
	at java.util.concurrent.TimeUnit.sleep(TimeUnit.java:386)
	at org.apache.ratis.util.TimeDuration.sleep(TimeDuration.java:324)
	at org.apache.ratis.util.TimeDuration.sleep(TimeDuration.java:309)
	at org.apache.ratis.server.impl.FollowerState.run(FollowerState.java:118)
2021-05-27 14:49:07,980 [c80f2544-efc8-492a-83e4-5b8bcbed7eb8@group-BD86B44502A1-LeaderElection17] INFO  server.RaftServerConfigKeys (ConfUtils.java:logGet(44)) - raft.server.log.appender.snapshot.chunk.size.max = 16MB (=16777216) (default)
2021-05-27 14:49:07,983 [c80f2544-efc8-492a-83e4-5b8bcbed7eb8@group-BD86B44502A1-LeaderElection17] INFO  server.RaftServerConfigKeys (ConfUtils.java:logGet(44)) - raft.server.log.appender.buffer.byte-limit = 33554432 (custom)
2021-05-27 14:49:07,983 [c80f2544-efc8-492a-83e4-5b8bcbed7eb8@group-BD86B44502A1-LeaderElection17] INFO  server.RaftServerConfigKeys (ConfUtils.java:logGet(44)) - raft.server.log.appender.buffer.element-limit = 1 (custom)
2021-05-27 14:49:07,983 [c80f2544-efc8-492a-83e4-5b8bcbed7eb8@group-BD86B44502A1-LeaderElection17] INFO  grpc.GrpcConfigKeys (ConfUtils.java:logGet(44)) - raft.grpc.server.leader.outstanding.appends.max = 128 (default)
2021-05-27 14:49:07,983 [c80f2544-efc8-492a-83e4-5b8bcbed7eb8@group-BD86B44502A1-LeaderElection17] INFO  server.RaftServerConfigKeys (ConfUtils.java:logGet(44)) - raft.server.rpc.request.timeout = 3000ms (default)
2021-05-27 14:49:07,983 [c80f2544-efc8-492a-83e4-5b8bcbed7eb8@group-BD86B44502A1-LeaderElection17] INFO  server.RaftServerConfigKeys (ConfUtils.java:logGet(44)) - raft.server.log.appender.install.snapshot.enabled = false (custom)
2021-05-27 14:49:07,984 [c80f2544-efc8-492a-83e4-5b8bcbed7eb8@group-BD86B44502A1-LeaderElection17] INFO  impl.RoleInfo (RoleInfo.java:updateAndGet(130)) - c80f2544-efc8-492a-83e4-5b8bcbed7eb8: start c80f2544-efc8-492a-83e4-5b8bcbed7eb8@group-BD86B44502A1-LeaderStateImpl
2021-05-27 14:49:07,984 [c80f2544-efc8-492a-83e4-5b8bcbed7eb8@group-BD86B44502A1-LeaderElection17] INFO  segmented.SegmentedRaftLogWorker (SegmentedRaftLogWorker.java:startLogSegment(394)) - c80f2544-efc8-492a-83e4-5b8bcbed7eb8@group-BD86B44502A1-SegmentedRaftLogWorker: Starting segment from index:0
2021-05-27 14:49:07,985 [c80f2544-efc8-492a-83e4-5b8bcbed7eb8@group-BD86B44502A1-SegmentedRaftLogWorker] INFO  segmented.SegmentedRaftLogWorker (SegmentedRaftLogWorker.java:execute(601)) - c80f2544-efc8-492a-83e4-5b8bcbed7eb8@group-BD86B44502A1-SegmentedRaftLogWorker: created new log segment /home/runner/work/ozone/ozone/mnt/ozone/hadoop-ozone/integration-test/target/test-dir/MiniOzoneClusterImpl-01be8073-4a30-4c07-ba69-c81900f598d5/datanode-8/data/ratis/92661cd8-1084-46f9-bbf0-bd86b44502a1/current/log_inprogress_0
2021-05-27 14:49:07,989 [Listener at 127.0.0.1/33213] INFO  ozone.MiniOzoneClusterImpl (MiniOzoneClusterImpl.java:lambda$waitForClusterToBeReady$0(224)) - Nodes are ready. Got 9 of 9 DN Heartbeats.
2021-05-27 14:49:07,990 [Listener at 127.0.0.1/33213] INFO  ozone.MiniOzoneClusterImpl (MiniOzoneClusterImpl.java:lambda$waitForClusterToBeReady$0(227)) - Cluster exits safe mode
2021-05-27 14:49:07,990 [Listener at 127.0.0.1/33213] INFO  ozone.MiniOzoneClusterImpl (MiniOzoneClusterImpl.java:lambda$waitForClusterToBeReady$0(230)) - SCM became leader
2021-05-27 14:49:07,997 [8e6df144-c6f6-43b2-a2f1-262f0d8e0594@group-BD86B44502A1-LeaderElection18] INFO  impl.LeaderElection (LeaderElection.java:askForVotes(306)) - 8e6df144-c6f6-43b2-a2f1-262f0d8e0594@group-BD86B44502A1-LeaderElection18 ELECTION round 0: submit vote requests at term 3 for -1: [8e6df144-c6f6-43b2-a2f1-262f0d8e0594|rpc:10.1.0.4:35723|priority:0, c80f2544-efc8-492a-83e4-5b8bcbed7eb8|rpc:10.1.0.4:35561|priority:1, 4028be1c-f04f-471f-a5c7-d66a385f5692|rpc:10.1.0.4:39853|priority:0], old=null
2021-05-27 14:49:08,002 [grpc-default-executor-3] INFO  ratis.XceiverServerRatis (XceiverServerRatis.java:handleLeaderChangedNotification(906)) - Leader change notification received for group: group-BD86B44502A1 with new leaderId: c80f2544-efc8-492a-83e4-5b8bcbed7eb8
2021-05-27 14:49:08,002 [grpc-default-executor-3] INFO  server.RaftServer$Division (ServerState.java:setLeader(271)) - 4028be1c-f04f-471f-a5c7-d66a385f5692@group-BD86B44502A1: change Leader from null to c80f2544-efc8-492a-83e4-5b8bcbed7eb8 at term 2 for appendEntries, leader elected after 10231ms
2021-05-27 14:49:08,018 [c80f2544-efc8-492a-83e4-5b8bcbed7eb8@group-BD86B44502A1-LeaderElection17] INFO  server.RaftServer$Division (ServerState.java:setRaftConf(373)) - c80f2544-efc8-492a-83e4-5b8bcbed7eb8@group-BD86B44502A1: set configuration 0: [8e6df144-c6f6-43b2-a2f1-262f0d8e0594|rpc:10.1.0.4:35723|dataStream:|priority:0, c80f2544-efc8-492a-83e4-5b8bcbed7eb8|rpc:10.1.0.4:35561|dataStream:|priority:1, 4028be1c-f04f-471f-a5c7-d66a385f5692|rpc:10.1.0.4:39853|dataStream:|priority:0], old=null
2021-05-27 14:49:08,019 [grpc-default-executor-1] INFO  server.RaftServer$Division (RaftServerImpl.java:requestVote(1042)) - 4028be1c-f04f-471f-a5c7-d66a385f5692@group-BD86B44502A1: receive requestVote(ELECTION, 8e6df144-c6f6-43b2-a2f1-262f0d8e0594, group-BD86B44502A1, 3, (t:0, i:0))
2021-05-27 14:49:08,019 [grpc-default-executor-1] INFO  impl.VoteContext (VoteContext.java:log(48)) - 4028be1c-f04f-471f-a5c7-d66a385f5692@group-BD86B44502A1-FOLLOWER: accept ELECTION from 8e6df144-c6f6-43b2-a2f1-262f0d8e0594: our priority 0 <= candidate's priority 0
2021-05-27 14:49:08,019 [grpc-default-executor-1] INFO  server.RaftServer$Division (ServerState.java:setLeader(271)) - 4028be1c-f04f-471f-a5c7-d66a385f5692@group-BD86B44502A1: change Leader from c80f2544-efc8-492a-83e4-5b8bcbed7eb8 to null at term 3 for updateCurrentTerm
2021-05-27 14:49:08,019 [grpc-default-executor-1] INFO  server.RaftServer$Division (RaftServerImpl.java:setRole(284)) - 4028be1c-f04f-471f-a5c7-d66a385f5692@group-BD86B44502A1: changes role from  FOLLOWER to FOLLOWER at term 3 for candidate:8e6df144-c6f6-43b2-a2f1-262f0d8e0594
2021-05-27 14:49:08,019 [grpc-default-executor-1] INFO  impl.RoleInfo (RoleInfo.java:shutdownFollowerState(108)) - 4028be1c-f04f-471f-a5c7-d66a385f5692: shutdown 4028be1c-f04f-471f-a5c7-d66a385f5692@group-BD86B44502A1-FollowerState
2021-05-27 14:49:08,019 [grpc-default-executor-1] INFO  impl.RoleInfo (RoleInfo.java:updateAndGet(130)) - 4028be1c-f04f-471f-a5c7-d66a385f5692: start 4028be1c-f04f-471f-a5c7-d66a385f5692@group-BD86B44502A1-FollowerState
2021-05-27 14:49:08,019 [grpc-default-executor-2] INFO  server.RaftServer$Division (RaftServerImpl.java:requestVote(1042)) - c80f2544-efc8-492a-83e4-5b8bcbed7eb8@group-BD86B44502A1: receive requestVote(ELECTION, 8e6df144-c6f6-43b2-a2f1-262f0d8e0594, group-BD86B44502A1, 3, (t:0, i:0))
2021-05-27 14:49:08,019 [4028be1c-f04f-471f-a5c7-d66a385f5692@group-BD86B44502A1-FollowerState] INFO  impl.FollowerState (FollowerState.java:run(143)) - 4028be1c-f04f-471f-a5c7-d66a385f5692@group-BD86B44502A1-FollowerState was interrupted: {}
java.lang.InterruptedException: sleep interrupted
	at java.lang.Thread.sleep(Native Method)
	at java.lang.Thread.sleep(Thread.java:340)
	at java.util.concurrent.TimeUnit.sleep(TimeUnit.java:386)
	at org.apache.ratis.util.TimeDuration.sleep(TimeDuration.java:324)
	at org.apache.ratis.util.TimeDuration.sleep(TimeDuration.java:309)
	at org.apache.ratis.server.impl.FollowerState.run(FollowerState.java:118)
2021-05-27 14:49:08,020 [c80f2544-efc8-492a-83e4-5b8bcbed7eb8@group-BD86B44502A1-LeaderStateImpl] INFO  server.RaftServer$Division (ServerState.java:setLeader(271)) - c80f2544-efc8-492a-83e4-5b8bcbed7eb8@group-BD86B44502A1: change Leader from c80f2544-efc8-492a-83e4-5b8bcbed7eb8 to null at term 3 for updateCurrentTerm
2021-05-27 14:49:08,020 [c80f2544-efc8-492a-83e4-5b8bcbed7eb8@group-BD86B44502A1-LeaderStateImpl] INFO  server.RaftServer$Division (RaftServerImpl.java:setRole(284)) - c80f2544-efc8-492a-83e4-5b8bcbed7eb8@group-BD86B44502A1: changes role from    LEADER to FOLLOWER at term 3 for StepDownReason:HIGHER_TERM
2021-05-27 14:49:08,020 [c80f2544-efc8-492a-83e4-5b8bcbed7eb8@group-BD86B44502A1-LeaderStateImpl] INFO  impl.RoleInfo (RoleInfo.java:shutdownLeaderState(91)) - c80f2544-efc8-492a-83e4-5b8bcbed7eb8: shutdown c80f2544-efc8-492a-83e4-5b8bcbed7eb8@group-BD86B44502A1-LeaderStateImpl
2021-05-27 14:49:08,020 [c80f2544-efc8-492a-83e4-5b8bcbed7eb8@group-BD86B44502A1-LeaderStateImpl] INFO  metrics.RatisMetrics (RatisMetrics.java:unregister(43)) - Unregistering Metrics Registry : ratis_grpc.log_appender.c80f2544-efc8-492a-83e4-5b8bcbed7eb8@group-BD86B44502A1
2021-05-27 14:49:08,021 [c80f2544-efc8-492a-83e4-5b8bcbed7eb8@group-BD86B44502A1-LeaderStateImpl] INFO  metrics.RatisMetrics (RatisMetrics.java:unregister(43)) - Unregistering Metrics Registry : ratis_grpc.log_appender.c80f2544-efc8-492a-83e4-5b8bcbed7eb8@group-BD86B44502A1
2021-05-27 14:49:08,022 [grpc-default-executor-1] INFO  server.RaftServer$Division (RaftServerImpl.java:requestVote(1074)) - 4028be1c-f04f-471f-a5c7-d66a385f5692@group-BD86B44502A1 replies to ELECTION vote request: 8e6df144-c6f6-43b2-a2f1-262f0d8e0594<-4028be1c-f04f-471f-a5c7-d66a385f5692#0:OK-t3. Peer's state: 4028be1c-f04f-471f-a5c7-d66a385f5692@group-BD86B44502A1:t3, leader=null, voted=8e6df144-c6f6-43b2-a2f1-262f0d8e0594, raftlog=4028be1c-f04f-471f-a5c7-d66a385f5692@group-BD86B44502A1-SegmentedRaftLog:OPENED:c-1,f-1,i0, conf=-1: [8e6df144-c6f6-43b2-a2f1-262f0d8e0594|rpc:10.1.0.4:35723|priority:0, c80f2544-efc8-492a-83e4-5b8bcbed7eb8|rpc:10.1.0.4:35561|priority:1, 4028be1c-f04f-471f-a5c7-d66a385f5692|rpc:10.1.0.4:39853|priority:0], old=null
2021-05-27 14:49:08,023 [c80f2544-efc8-492a-83e4-5b8bcbed7eb8@group-BD86B44502A1-LeaderStateImpl] INFO  impl.PendingRequests (PendingRequests.java:sendNotLeaderResponses(249)) - c80f2544-efc8-492a-83e4-5b8bcbed7eb8@group-BD86B44502A1-PendingRequests: sendNotLeaderResponses
2021-05-27 14:49:08,024 [c80f2544-efc8-492a-83e4-5b8bcbed7eb8@group-BD86B44502A1-LeaderStateImpl] INFO  metrics.RatisMetrics (RatisMetrics.java:unregister(43)) - Unregistering Metrics Registry : ratis.log_appender.c80f2544-efc8-492a-83e4-5b8bcbed7eb8@group-BD86B44502A1
2021-05-27 14:49:08,024 [c80f2544-efc8-492a-83e4-5b8bcbed7eb8@group-BD86B44502A1-LeaderStateImpl] INFO  metrics.RatisMetrics (RatisMetrics.java:unregister(43)) - Unregistering Metrics Registry : ratis.server.c80f2544-efc8-492a-83e4-5b8bcbed7eb8@group-BD86B44502A1
2021-05-27 14:49:08,031 [grpc-default-executor-3] INFO  server.GrpcServerProtocolService (GrpcServerProtocolService.java:onCompleted(140)) - 4028be1c-f04f-471f-a5c7-d66a385f5692: Completed APPEND_ENTRIES, lastRequest: c80f2544-efc8-492a-83e4-5b8bcbed7eb8->4028be1c-f04f-471f-a5c7-d66a385f5692#1-t2,previous=(t:0, i:0),leaderCommit=-1,initializing? true,entries: size=1, first=(t:2, i:0), CONFIGURATIONENTRY
2021-05-27 14:49:08,032 [c80f2544-efc8-492a-83e4-5b8bcbed7eb8@group-BD86B44502A1-LeaderStateImpl] INFO  impl.RoleInfo (RoleInfo.java:updateAndGet(130)) - c80f2544-efc8-492a-83e4-5b8bcbed7eb8: start c80f2544-efc8-492a-83e4-5b8bcbed7eb8@group-BD86B44502A1-FollowerState
2021-05-27 14:49:08,036 [grpc-default-executor-4] INFO  server.GrpcServerProtocolService (GrpcServerProtocolService.java:onCompleted(140)) - 8e6df144-c6f6-43b2-a2f1-262f0d8e0594: Completed APPEND_ENTRIES, lastRequest: c80f2544-efc8-492a-83e4-5b8bcbed7eb8->8e6df144-c6f6-43b2-a2f1-262f0d8e0594#1-t2,previous=(t:0, i:0),leaderCommit=-1,initializing? true,entries: size=1, first=(t:2, i:0), CONFIGURATIONENTRY
2021-05-27 14:49:08,040 [grpc-default-executor-2] INFO  impl.VoteContext (VoteContext.java:log(48)) - c80f2544-efc8-492a-83e4-5b8bcbed7eb8@group-BD86B44502A1-FOLLOWER: reject ELECTION from 8e6df144-c6f6-43b2-a2f1-262f0d8e0594: our last entry (t:2, i:0) > candidate's last entry (t:0, i:0)
2021-05-27 14:49:08,040 [grpc-default-executor-2] INFO  server.RaftServer$Division (RaftServerImpl.java:setRole(284)) - c80f2544-efc8-492a-83e4-5b8bcbed7eb8@group-BD86B44502A1: changes role from  FOLLOWER to FOLLOWER at term 3 for candidate:8e6df144-c6f6-43b2-a2f1-262f0d8e0594
2021-05-27 14:49:08,040 [grpc-default-executor-2] INFO  impl.RoleInfo (RoleInfo.java:shutdownFollowerState(108)) - c80f2544-efc8-492a-83e4-5b8bcbed7eb8: shutdown c80f2544-efc8-492a-83e4-5b8bcbed7eb8@group-BD86B44502A1-FollowerState
2021-05-27 14:49:08,040 [grpc-default-executor-2] INFO  impl.RoleInfo (RoleInfo.java:updateAndGet(130)) - c80f2544-efc8-492a-83e4-5b8bcbed7eb8: start c80f2544-efc8-492a-83e4-5b8bcbed7eb8@group-BD86B44502A1-FollowerState
2021-05-27 14:49:08,040 [c80f2544-efc8-492a-83e4-5b8bcbed7eb8@group-BD86B44502A1-FollowerState] INFO  impl.FollowerState (FollowerState.java:run(143)) - c80f2544-efc8-492a-83e4-5b8bcbed7eb8@group-BD86B44502A1-FollowerState was interrupted: {}
java.lang.InterruptedException: sleep interrupted
	at java.lang.Thread.sleep(Native Method)
	at java.lang.Thread.sleep(Thread.java:340)
	at java.util.concurrent.TimeUnit.sleep(TimeUnit.java:386)
	at org.apache.ratis.util.TimeDuration.sleep(TimeDuration.java:324)
	at org.apache.ratis.util.TimeDuration.sleep(TimeDuration.java:309)
	at org.apache.ratis.server.impl.FollowerState.run(FollowerState.java:118)
2021-05-27 14:49:08,044 [grpc-default-executor-2] INFO  server.RaftServer$Division (RaftServerImpl.java:requestVote(1074)) - c80f2544-efc8-492a-83e4-5b8bcbed7eb8@group-BD86B44502A1 replies to ELECTION vote request: 8e6df144-c6f6-43b2-a2f1-262f0d8e0594<-c80f2544-efc8-492a-83e4-5b8bcbed7eb8#0:FAIL-t3. Peer's state: c80f2544-efc8-492a-83e4-5b8bcbed7eb8@group-BD86B44502A1:t3, leader=null, voted=null, raftlog=c80f2544-efc8-492a-83e4-5b8bcbed7eb8@group-BD86B44502A1-SegmentedRaftLog:OPENED:c0,f0,i0, conf=0: [8e6df144-c6f6-43b2-a2f1-262f0d8e0594|rpc:10.1.0.4:35723|dataStream:|priority:0, c80f2544-efc8-492a-83e4-5b8bcbed7eb8|rpc:10.1.0.4:35561|dataStream:|priority:1, 4028be1c-f04f-471f-a5c7-d66a385f5692|rpc:10.1.0.4:39853|dataStream:|priority:0], old=null
2021-05-27 14:49:08,046 [grpc-default-executor-3] INFO  server.GrpcLogAppender (GrpcLogAppender.java:onCompleted(344)) - c80f2544-efc8-492a-83e4-5b8bcbed7eb8@group-BD86B44502A1->4028be1c-f04f-471f-a5c7-d66a385f5692-AppendLogResponseHandler: follower responses appendEntries COMPLETED
2021-05-27 14:49:08,047 [grpc-default-executor-3] INFO  leader.FollowerInfo (FollowerInfoImpl.java:lambda$new$0(46)) - c80f2544-efc8-492a-83e4-5b8bcbed7eb8@group-BD86B44502A1->4028be1c-f04f-471f-a5c7-d66a385f5692: nextIndex: updateUnconditionally 1 -> 0
2021-05-27 14:49:08,050 [8e6df144-c6f6-43b2-a2f1-262f0d8e0594@group-BD86B44502A1-LeaderElection18] INFO  impl.LeaderElection (LeaderElection.java:logAndReturn(89)) - 8e6df144-c6f6-43b2-a2f1-262f0d8e0594@group-BD86B44502A1-LeaderElection18: ELECTION REJECTED received 2 response(s) and 0 exception(s):
2021-05-27 14:49:08,050 [8e6df144-c6f6-43b2-a2f1-262f0d8e0594@group-BD86B44502A1-LeaderElection18] INFO  impl.LeaderElection (LeaderElection.java:logAndReturn(93)) -   Response 0: 8e6df144-c6f6-43b2-a2f1-262f0d8e0594<-c80f2544-efc8-492a-83e4-5b8bcbed7eb8#0:FAIL-t3
2021-05-27 14:49:08,050 [8e6df144-c6f6-43b2-a2f1-262f0d8e0594@group-BD86B44502A1-LeaderElection18] INFO  impl.LeaderElection (LeaderElection.java:logAndReturn(93)) -   Response 1: 8e6df144-c6f6-43b2-a2f1-262f0d8e0594<-4028be1c-f04f-471f-a5c7-d66a385f5692#0:OK-t3
2021-05-27 14:49:08,050 [8e6df144-c6f6-43b2-a2f1-262f0d8e0594@group-BD86B44502A1-LeaderElection18] INFO  impl.LeaderElection (LeaderElection.java:askForVotes(308)) - 8e6df144-c6f6-43b2-a2f1-262f0d8e0594@group-BD86B44502A1-LeaderElection18 ELECTION round 0: result REJECTED
2021-05-27 14:49:08,051 [8e6df144-c6f6-43b2-a2f1-262f0d8e0594@group-BD86B44502A1-LeaderElection18] INFO  server.RaftServer$Division (RaftServerImpl.java:setRole(284)) - 8e6df144-c6f6-43b2-a2f1-262f0d8e0594@group-BD86B44502A1: changes role from CANDIDATE to FOLLOWER at term 3 for REJECTED
2021-05-27 14:49:08,051 [8e6df144-c6f6-43b2-a2f1-262f0d8e0594@group-BD86B44502A1-LeaderElection18] INFO  impl.RoleInfo (RoleInfo.java:shutdownLeaderElection(121)) - 8e6df144-c6f6-43b2-a2f1-262f0d8e0594: shutdown 8e6df144-c6f6-43b2-a2f1-262f0d8e0594@group-BD86B44502A1-LeaderElection18
2021-05-27 14:49:08,051 [8e6df144-c6f6-43b2-a2f1-262f0d8e0594@group-BD86B44502A1-LeaderElection18] INFO  impl.RoleInfo (RoleInfo.java:updateAndGet(130)) - 8e6df144-c6f6-43b2-a2f1-262f0d8e0594: start 8e6df144-c6f6-43b2-a2f1-262f0d8e0594@group-BD86B44502A1-FollowerState
2021-05-27 14:49:08,050 [grpc-default-executor-1] INFO  server.GrpcLogAppender (GrpcLogAppender.java:onCompleted(344)) - c80f2544-efc8-492a-83e4-5b8bcbed7eb8@group-BD86B44502A1->8e6df144-c6f6-43b2-a2f1-262f0d8e0594-AppendLogResponseHandler: follower responses appendEntries COMPLETED
2021-05-27 14:49:08,062 [grpc-default-executor-1] INFO  leader.FollowerInfo (FollowerInfoImpl.java:lambda$new$0(46)) - c80f2544-efc8-492a-83e4-5b8bcbed7eb8@group-BD86B44502A1->8e6df144-c6f6-43b2-a2f1-262f0d8e0594: nextIndex: updateUnconditionally 1 -> 0
2021-05-27 14:49:08,432 [Listener at 127.0.0.1/33213] INFO  rpc.RpcClient (RpcClient.java:createVolume(337)) - Creating Volume: watchforcommithandlingtest, with runner as owner and space quota set to -1 bytes, counts quota set to -1
2021-05-27 14:49:08,511 [OM StateMachine ApplyTransaction Thread - 0] INFO  volume.OMVolumeCreateRequest (OMVolumeCreateRequest.java:validateAndUpdateCache(195)) - created volume:watchforcommithandlingtest for user:runner
2021-05-27 14:49:08,528 [Listener at 127.0.0.1/33213] INFO  rpc.RpcClient (RpcClient.java:createBucket(496)) - Creating Bucket: watchforcommithandlingtest/watchforcommithandlingtest, with Versioning false and Storage Type set to DISK and Encryption set to false 
2021-05-27 14:49:08,548 [Listener at 127.0.0.1/33213] INFO  ozone.MiniOzoneClusterImpl (MiniOzoneClusterImpl.java:getStorageContainerLocationClient(336)) - Creating StorageContainerLocationProtocol RPC client with address /0.0.0.0:35715
2021-05-27 14:49:08,600 [IPC Server handler 10 on default port 32981] INFO  ha.SequenceIdGenerator (SequenceIdGenerator.java:getNextId(127)) - Allocate a batch for containerId, change lastId from 0 to 1000.
2021-05-27 14:49:08,611 [IPC Server handler 10 on default port 32981] WARN  ha.SequenceIdGenerator (SequenceIdGenerator.java:allocateBatch(213)) - Failed to allocate a batch for localId, expected lastId is 0, actual lastId is 107544261427200000.
2021-05-27 14:49:08,611 [IPC Server handler 10 on default port 32981] INFO  ha.SequenceIdGenerator (SequenceIdGenerator.java:getNextId(127)) - Allocate a batch for localId, change lastId from 107544261427200000 to 107544261427201000.
2021-05-27 14:49:08,676 [Listener at 127.0.0.1/33213] INFO  impl.MetricsSystemImpl (MetricsSystemImpl.java:init(158)) - XceiverClientMetrics metrics system started (again)
2021-05-27 14:49:08,736 [Listener at 127.0.0.1/33213] INFO  metrics.RatisMetrics (RatisMetrics.java:lambda$create$0(36)) - Creating Metrics Registry : ratis.client_message_metrics.client-3D514AACB198->c80f2544-efc8-492a-83e4-5b8bcbed7eb8
2021-05-27 14:49:12,638 [fe96208f-f4a6-407e-8fa5-c04d11db231e@group-BEB3CAD4BD71-FollowerState] INFO  impl.FollowerState (FollowerState.java:run(134)) - fe96208f-f4a6-407e-8fa5-c04d11db231e@group-BEB3CAD4BD71-FollowerState: change to CANDIDATE, lastRpcElapsedTime:5176369317ns, electionTimeout:5175ms
2021-05-27 14:49:12,639 [fe96208f-f4a6-407e-8fa5-c04d11db231e@group-BEB3CAD4BD71-FollowerState] INFO  impl.RoleInfo (RoleInfo.java:shutdownFollowerState(108)) - fe96208f-f4a6-407e-8fa5-c04d11db231e: shutdown fe96208f-f4a6-407e-8fa5-c04d11db231e@group-BEB3CAD4BD71-FollowerState
2021-05-27 14:49:12,639 [fe96208f-f4a6-407e-8fa5-c04d11db231e@group-BEB3CAD4BD71-FollowerState] INFO  server.RaftServer$Division (RaftServerImpl.java:setRole(284)) - fe96208f-f4a6-407e-8fa5-c04d11db231e@group-BEB3CAD4BD71: changes role from  FOLLOWER to CANDIDATE at term 2 for changeToCandidate
2021-05-27 14:49:12,639 [fe96208f-f4a6-407e-8fa5-c04d11db231e@group-BEB3CAD4BD71-FollowerState] INFO  server.RaftServerConfigKeys (ConfUtils.java:logGet(44)) - raft.server.leaderelection.pre-vote = false (custom)
2021-05-27 14:49:12,639 [fe96208f-f4a6-407e-8fa5-c04d11db231e@group-BEB3CAD4BD71-FollowerState] INFO  impl.RoleInfo (RoleInfo.java:updateAndGet(130)) - fe96208f-f4a6-407e-8fa5-c04d11db231e: start fe96208f-f4a6-407e-8fa5-c04d11db231e@group-BEB3CAD4BD71-LeaderElection19
2021-05-27 14:49:12,641 [fe96208f-f4a6-407e-8fa5-c04d11db231e@group-BEB3CAD4BD71-LeaderElection19] INFO  impl.LeaderElection (LeaderElection.java:askForVotes(306)) - fe96208f-f4a6-407e-8fa5-c04d11db231e@group-BEB3CAD4BD71-LeaderElection19 ELECTION round 0: submit vote requests at term 3 for -1: [fe96208f-f4a6-407e-8fa5-c04d11db231e|rpc:10.1.0.4:42335|priority:0, 79a5c71d-05f9-4896-b0a5-ed7a69f27e7b|rpc:10.1.0.4:37273|priority:1, 58901a56-5ead-441d-bada-0c2dcec13c3c|rpc:10.1.0.4:34635|priority:0], old=null
2021-05-27 14:49:12,645 [grpc-default-executor-2] INFO  server.RaftServer$Division (RaftServerImpl.java:requestVote(1042)) - 58901a56-5ead-441d-bada-0c2dcec13c3c@group-BEB3CAD4BD71: receive requestVote(ELECTION, fe96208f-f4a6-407e-8fa5-c04d11db231e, group-BEB3CAD4BD71, 3, (t:0, i:0))
2021-05-27 14:49:12,645 [grpc-default-executor-2] INFO  impl.VoteContext (VoteContext.java:log(48)) - 58901a56-5ead-441d-bada-0c2dcec13c3c@group-BEB3CAD4BD71-FOLLOWER: accept ELECTION from fe96208f-f4a6-407e-8fa5-c04d11db231e: our priority 0 <= candidate's priority 0
2021-05-27 14:49:12,645 [grpc-default-executor-2] INFO  server.RaftServer$Division (RaftServerImpl.java:setRole(284)) - 58901a56-5ead-441d-bada-0c2dcec13c3c@group-BEB3CAD4BD71: changes role from  FOLLOWER to FOLLOWER at term 3 for candidate:fe96208f-f4a6-407e-8fa5-c04d11db231e
2021-05-27 14:49:12,645 [grpc-default-executor-2] INFO  impl.RoleInfo (RoleInfo.java:shutdownFollowerState(108)) - 58901a56-5ead-441d-bada-0c2dcec13c3c: shutdown 58901a56-5ead-441d-bada-0c2dcec13c3c@group-BEB3CAD4BD71-FollowerState
2021-05-27 14:49:12,646 [grpc-default-executor-2] INFO  impl.RoleInfo (RoleInfo.java:updateAndGet(130)) - 58901a56-5ead-441d-bada-0c2dcec13c3c: start 58901a56-5ead-441d-bada-0c2dcec13c3c@group-BEB3CAD4BD71-FollowerState
2021-05-27 14:49:12,646 [58901a56-5ead-441d-bada-0c2dcec13c3c@group-BEB3CAD4BD71-FollowerState] INFO  impl.FollowerState (FollowerState.java:run(143)) - 58901a56-5ead-441d-bada-0c2dcec13c3c@group-BEB3CAD4BD71-FollowerState was interrupted: {}
java.lang.InterruptedException: sleep interrupted
	at java.lang.Thread.sleep(Native Method)
	at java.lang.Thread.sleep(Thread.java:340)
	at java.util.concurrent.TimeUnit.sleep(TimeUnit.java:386)
	at org.apache.ratis.util.TimeDuration.sleep(TimeDuration.java:324)
	at org.apache.ratis.util.TimeDuration.sleep(TimeDuration.java:309)
	at org.apache.ratis.server.impl.FollowerState.run(FollowerState.java:118)
2021-05-27 14:49:12,654 [grpc-default-executor-2] INFO  server.RaftServer$Division (RaftServerImpl.java:requestVote(1074)) - 58901a56-5ead-441d-bada-0c2dcec13c3c@group-BEB3CAD4BD71 replies to ELECTION vote request: fe96208f-f4a6-407e-8fa5-c04d11db231e<-58901a56-5ead-441d-bada-0c2dcec13c3c#0:OK-t3. Peer's state: 58901a56-5ead-441d-bada-0c2dcec13c3c@group-BEB3CAD4BD71:t3, leader=null, voted=fe96208f-f4a6-407e-8fa5-c04d11db231e, raftlog=58901a56-5ead-441d-bada-0c2dcec13c3c@group-BEB3CAD4BD71-SegmentedRaftLog:OPENED:c-1,f-1,i0, conf=-1: [fe96208f-f4a6-407e-8fa5-c04d11db231e|rpc:10.1.0.4:42335|dataStream:|priority:0, 79a5c71d-05f9-4896-b0a5-ed7a69f27e7b|rpc:10.1.0.4:37273|dataStream:|priority:1, 58901a56-5ead-441d-bada-0c2dcec13c3c|rpc:10.1.0.4:34635|dataStream:|priority:0], old=null
2021-05-27 14:49:12,657 [grpc-default-executor-1] INFO  server.RaftServer$Division (RaftServerImpl.java:requestVote(1042)) - 79a5c71d-05f9-4896-b0a5-ed7a69f27e7b@group-BEB3CAD4BD71: receive requestVote(ELECTION, fe96208f-f4a6-407e-8fa5-c04d11db231e, group-BEB3CAD4BD71, 3, (t:0, i:0))
2021-05-27 14:49:12,657 [grpc-default-executor-1] INFO  impl.VoteContext (VoteContext.java:log(48)) - 79a5c71d-05f9-4896-b0a5-ed7a69f27e7b@group-BEB3CAD4BD71-FOLLOWER: reject ELECTION from fe96208f-f4a6-407e-8fa5-c04d11db231e: our priority 1 > candidate's priority 0
2021-05-27 14:49:12,657 [grpc-default-executor-1] INFO  server.RaftServer$Division (RaftServerImpl.java:setRole(284)) - 79a5c71d-05f9-4896-b0a5-ed7a69f27e7b@group-BEB3CAD4BD71: changes role from  FOLLOWER to FOLLOWER at term 3 for candidate:fe96208f-f4a6-407e-8fa5-c04d11db231e
2021-05-27 14:49:12,657 [grpc-default-executor-1] INFO  impl.RoleInfo (RoleInfo.java:shutdownFollowerState(108)) - 79a5c71d-05f9-4896-b0a5-ed7a69f27e7b: shutdown 79a5c71d-05f9-4896-b0a5-ed7a69f27e7b@group-BEB3CAD4BD71-FollowerState
2021-05-27 14:49:12,659 [grpc-default-executor-1] INFO  impl.RoleInfo (RoleInfo.java:updateAndGet(130)) - 79a5c71d-05f9-4896-b0a5-ed7a69f27e7b: start 79a5c71d-05f9-4896-b0a5-ed7a69f27e7b@group-BEB3CAD4BD71-FollowerState
2021-05-27 14:49:12,659 [79a5c71d-05f9-4896-b0a5-ed7a69f27e7b@group-BEB3CAD4BD71-FollowerState] INFO  impl.FollowerState (FollowerState.java:run(143)) - 79a5c71d-05f9-4896-b0a5-ed7a69f27e7b@group-BEB3CAD4BD71-FollowerState was interrupted: {}
java.lang.InterruptedException: sleep interrupted
	at java.lang.Thread.sleep(Native Method)
	at java.lang.Thread.sleep(Thread.java:340)
	at java.util.concurrent.TimeUnit.sleep(TimeUnit.java:386)
	at org.apache.ratis.util.TimeDuration.sleep(TimeDuration.java:324)
	at org.apache.ratis.util.TimeDuration.sleep(TimeDuration.java:309)
	at org.apache.ratis.server.impl.FollowerState.run(FollowerState.java:118)
2021-05-27 14:49:12,662 [grpc-default-executor-1] INFO  server.RaftServer$Division (RaftServerImpl.java:requestVote(1074)) - 79a5c71d-05f9-4896-b0a5-ed7a69f27e7b@group-BEB3CAD4BD71 replies to ELECTION vote request: fe96208f-f4a6-407e-8fa5-c04d11db231e<-79a5c71d-05f9-4896-b0a5-ed7a69f27e7b#0:FAIL-t3. Peer's state: 79a5c71d-05f9-4896-b0a5-ed7a69f27e7b@group-BEB3CAD4BD71:t3, leader=null, voted=null, raftlog=79a5c71d-05f9-4896-b0a5-ed7a69f27e7b@group-BEB3CAD4BD71-SegmentedRaftLog:OPENED:c-1,f-1,i0, conf=-1: [fe96208f-f4a6-407e-8fa5-c04d11db231e|rpc:10.1.0.4:42335|priority:0, 79a5c71d-05f9-4896-b0a5-ed7a69f27e7b|rpc:10.1.0.4:37273|priority:1, 58901a56-5ead-441d-bada-0c2dcec13c3c|rpc:10.1.0.4:34635|priority:0], old=null
2021-05-27 14:49:12,663 [fe96208f-f4a6-407e-8fa5-c04d11db231e@group-BEB3CAD4BD71-LeaderElection19] INFO  impl.LeaderElection (LeaderElection.java:logAndReturn(89)) - fe96208f-f4a6-407e-8fa5-c04d11db231e@group-BEB3CAD4BD71-LeaderElection19: ELECTION REJECTED received 2 response(s) and 0 exception(s):
2021-05-27 14:49:12,663 [fe96208f-f4a6-407e-8fa5-c04d11db231e@group-BEB3CAD4BD71-LeaderElection19] INFO  impl.LeaderElection (LeaderElection.java:logAndReturn(93)) -   Response 0: fe96208f-f4a6-407e-8fa5-c04d11db231e<-79a5c71d-05f9-4896-b0a5-ed7a69f27e7b#0:FAIL-t3
2021-05-27 14:49:12,663 [fe96208f-f4a6-407e-8fa5-c04d11db231e@group-BEB3CAD4BD71-LeaderElection19] INFO  impl.LeaderElection (LeaderElection.java:logAndReturn(93)) -   Response 1: fe96208f-f4a6-407e-8fa5-c04d11db231e<-58901a56-5ead-441d-bada-0c2dcec13c3c#0:OK-t3
2021-05-27 14:49:12,663 [fe96208f-f4a6-407e-8fa5-c04d11db231e@group-BEB3CAD4BD71-LeaderElection19] INFO  impl.LeaderElection (LeaderElection.java:askForVotes(308)) - fe96208f-f4a6-407e-8fa5-c04d11db231e@group-BEB3CAD4BD71-LeaderElection19 ELECTION round 0: result REJECTED
2021-05-27 14:49:12,663 [fe96208f-f4a6-407e-8fa5-c04d11db231e@group-BEB3CAD4BD71-LeaderElection19] INFO  server.RaftServer$Division (RaftServerImpl.java:setRole(284)) - fe96208f-f4a6-407e-8fa5-c04d11db231e@group-BEB3CAD4BD71: changes role from CANDIDATE to FOLLOWER at term 3 for REJECTED
2021-05-27 14:49:12,663 [fe96208f-f4a6-407e-8fa5-c04d11db231e@group-BEB3CAD4BD71-LeaderElection19] INFO  impl.RoleInfo (RoleInfo.java:shutdownLeaderElection(121)) - fe96208f-f4a6-407e-8fa5-c04d11db231e: shutdown fe96208f-f4a6-407e-8fa5-c04d11db231e@group-BEB3CAD4BD71-LeaderElection19
2021-05-27 14:49:12,663 [fe96208f-f4a6-407e-8fa5-c04d11db231e@group-BEB3CAD4BD71-LeaderElection19] INFO  impl.RoleInfo (RoleInfo.java:updateAndGet(130)) - fe96208f-f4a6-407e-8fa5-c04d11db231e: start fe96208f-f4a6-407e-8fa5-c04d11db231e@group-BEB3CAD4BD71-FollowerState
2021-05-27 14:49:13,148 [8e6df144-c6f6-43b2-a2f1-262f0d8e0594@group-BD86B44502A1-FollowerState] INFO  impl.FollowerState (FollowerState.java:run(134)) - 8e6df144-c6f6-43b2-a2f1-262f0d8e0594@group-BD86B44502A1-FollowerState: change to CANDIDATE, lastRpcElapsedTime:5097391533ns, electionTimeout:5086ms
2021-05-27 14:49:13,148 [8e6df144-c6f6-43b2-a2f1-262f0d8e0594@group-BD86B44502A1-FollowerState] INFO  impl.RoleInfo (RoleInfo.java:shutdownFollowerState(108)) - 8e6df144-c6f6-43b2-a2f1-262f0d8e0594: shutdown 8e6df144-c6f6-43b2-a2f1-262f0d8e0594@group-BD86B44502A1-FollowerState
2021-05-27 14:49:13,148 [8e6df144-c6f6-43b2-a2f1-262f0d8e0594@group-BD86B44502A1-FollowerState] INFO  server.RaftServer$Division (RaftServerImpl.java:setRole(284)) - 8e6df144-c6f6-43b2-a2f1-262f0d8e0594@group-BD86B44502A1: changes role from  FOLLOWER to CANDIDATE at term 3 for changeToCandidate
2021-05-27 14:49:13,148 [8e6df144-c6f6-43b2-a2f1-262f0d8e0594@group-BD86B44502A1-FollowerState] INFO  server.RaftServerConfigKeys (ConfUtils.java:logGet(44)) - raft.server.leaderelection.pre-vote = false (custom)
2021-05-27 14:49:13,148 [8e6df144-c6f6-43b2-a2f1-262f0d8e0594@group-BD86B44502A1-FollowerState] INFO  impl.RoleInfo (RoleInfo.java:updateAndGet(130)) - 8e6df144-c6f6-43b2-a2f1-262f0d8e0594: start 8e6df144-c6f6-43b2-a2f1-262f0d8e0594@group-BD86B44502A1-LeaderElection20
2021-05-27 14:49:13,152 [8e6df144-c6f6-43b2-a2f1-262f0d8e0594@group-BD86B44502A1-LeaderElection20] INFO  impl.LeaderElection (LeaderElection.java:askForVotes(306)) - 8e6df144-c6f6-43b2-a2f1-262f0d8e0594@group-BD86B44502A1-LeaderElection20 ELECTION round 0: submit vote requests at term 4 for -1: [8e6df144-c6f6-43b2-a2f1-262f0d8e0594|rpc:10.1.0.4:35723|priority:0, c80f2544-efc8-492a-83e4-5b8bcbed7eb8|rpc:10.1.0.4:35561|priority:1, 4028be1c-f04f-471f-a5c7-d66a385f5692|rpc:10.1.0.4:39853|priority:0], old=null
2021-05-27 14:49:13,155 [grpc-default-executor-2] INFO  server.RaftServer$Division (RaftServerImpl.java:requestVote(1042)) - 4028be1c-f04f-471f-a5c7-d66a385f5692@group-BD86B44502A1: receive requestVote(ELECTION, 8e6df144-c6f6-43b2-a2f1-262f0d8e0594, group-BD86B44502A1, 4, (t:0, i:0))
2021-05-27 14:49:13,155 [grpc-default-executor-2] INFO  impl.VoteContext (VoteContext.java:log(48)) - 4028be1c-f04f-471f-a5c7-d66a385f5692@group-BD86B44502A1-FOLLOWER: accept ELECTION from 8e6df144-c6f6-43b2-a2f1-262f0d8e0594: our priority 0 <= candidate's priority 0
2021-05-27 14:49:13,155 [grpc-default-executor-2] INFO  server.RaftServer$Division (RaftServerImpl.java:setRole(284)) - 4028be1c-f04f-471f-a5c7-d66a385f5692@group-BD86B44502A1: changes role from  FOLLOWER to FOLLOWER at term 4 for candidate:8e6df144-c6f6-43b2-a2f1-262f0d8e0594
2021-05-27 14:49:13,155 [grpc-default-executor-2] INFO  impl.RoleInfo (RoleInfo.java:shutdownFollowerState(108)) - 4028be1c-f04f-471f-a5c7-d66a385f5692: shutdown 4028be1c-f04f-471f-a5c7-d66a385f5692@group-BD86B44502A1-FollowerState
2021-05-27 14:49:13,155 [grpc-default-executor-2] INFO  impl.RoleInfo (RoleInfo.java:updateAndGet(130)) - 4028be1c-f04f-471f-a5c7-d66a385f5692: start 4028be1c-f04f-471f-a5c7-d66a385f5692@group-BD86B44502A1-FollowerState
2021-05-27 14:49:13,155 [4028be1c-f04f-471f-a5c7-d66a385f5692@group-BD86B44502A1-FollowerState] INFO  impl.FollowerState (FollowerState.java:run(143)) - 4028be1c-f04f-471f-a5c7-d66a385f5692@group-BD86B44502A1-FollowerState was interrupted: {}
java.lang.InterruptedException: sleep interrupted
	at java.lang.Thread.sleep(Native Method)
	at java.lang.Thread.sleep(Thread.java:340)
	at java.util.concurrent.TimeUnit.sleep(TimeUnit.java:386)
	at org.apache.ratis.util.TimeDuration.sleep(TimeDuration.java:324)
	at org.apache.ratis.util.TimeDuration.sleep(TimeDuration.java:309)
	at org.apache.ratis.server.impl.FollowerState.run(FollowerState.java:118)
2021-05-27 14:49:13,160 [grpc-default-executor-1] INFO  server.RaftServer$Division (RaftServerImpl.java:requestVote(1042)) - c80f2544-efc8-492a-83e4-5b8bcbed7eb8@group-BD86B44502A1: receive requestVote(ELECTION, 8e6df144-c6f6-43b2-a2f1-262f0d8e0594, group-BD86B44502A1, 4, (t:0, i:0))
2021-05-27 14:49:13,160 [grpc-default-executor-1] INFO  impl.VoteContext (VoteContext.java:log(48)) - c80f2544-efc8-492a-83e4-5b8bcbed7eb8@group-BD86B44502A1-FOLLOWER: reject ELECTION from 8e6df144-c6f6-43b2-a2f1-262f0d8e0594: our last entry (t:2, i:0) > candidate's last entry (t:0, i:0)
2021-05-27 14:49:13,160 [grpc-default-executor-1] INFO  server.RaftServer$Division (RaftServerImpl.java:setRole(284)) - c80f2544-efc8-492a-83e4-5b8bcbed7eb8@group-BD86B44502A1: changes role from  FOLLOWER to FOLLOWER at term 4 for candidate:8e6df144-c6f6-43b2-a2f1-262f0d8e0594
2021-05-27 14:49:13,160 [grpc-default-executor-2] INFO  server.RaftServer$Division (RaftServerImpl.java:requestVote(1074)) - 4028be1c-f04f-471f-a5c7-d66a385f5692@group-BD86B44502A1 replies to ELECTION vote request: 8e6df144-c6f6-43b2-a2f1-262f0d8e0594<-4028be1c-f04f-471f-a5c7-d66a385f5692#0:OK-t4. Peer's state: 4028be1c-f04f-471f-a5c7-d66a385f5692@group-BD86B44502A1:t4, leader=null, voted=8e6df144-c6f6-43b2-a2f1-262f0d8e0594, raftlog=4028be1c-f04f-471f-a5c7-d66a385f5692@group-BD86B44502A1-SegmentedRaftLog:OPENED:c-1,f-1,i0, conf=-1: [8e6df144-c6f6-43b2-a2f1-262f0d8e0594|rpc:10.1.0.4:35723|priority:0, c80f2544-efc8-492a-83e4-5b8bcbed7eb8|rpc:10.1.0.4:35561|priority:1, 4028be1c-f04f-471f-a5c7-d66a385f5692|rpc:10.1.0.4:39853|priority:0], old=null
2021-05-27 14:49:13,161 [grpc-default-executor-1] INFO  impl.RoleInfo (RoleInfo.java:shutdownFollowerState(108)) - c80f2544-efc8-492a-83e4-5b8bcbed7eb8: shutdown c80f2544-efc8-492a-83e4-5b8bcbed7eb8@group-BD86B44502A1-FollowerState
2021-05-27 14:49:13,161 [grpc-default-executor-1] INFO  impl.RoleInfo (RoleInfo.java:updateAndGet(130)) - c80f2544-efc8-492a-83e4-5b8bcbed7eb8: start c80f2544-efc8-492a-83e4-5b8bcbed7eb8@group-BD86B44502A1-FollowerState
2021-05-27 14:49:13,161 [c80f2544-efc8-492a-83e4-5b8bcbed7eb8@group-BD86B44502A1-FollowerState] INFO  impl.FollowerState (FollowerState.java:run(143)) - c80f2544-efc8-492a-83e4-5b8bcbed7eb8@group-BD86B44502A1-FollowerState was interrupted: {}
java.lang.InterruptedException: sleep interrupted
	at java.lang.Thread.sleep(Native Method)
	at java.lang.Thread.sleep(Thread.java:340)
	at java.util.concurrent.TimeUnit.sleep(TimeUnit.java:386)
	at org.apache.ratis.util.TimeDuration.sleep(TimeDuration.java:324)
	at org.apache.ratis.util.TimeDuration.sleep(TimeDuration.java:309)
	at org.apache.ratis.server.impl.FollowerState.run(FollowerState.java:118)
2021-05-27 14:49:13,162 [grpc-default-executor-1] INFO  server.RaftServer$Division (RaftServerImpl.java:requestVote(1074)) - c80f2544-efc8-492a-83e4-5b8bcbed7eb8@group-BD86B44502A1 replies to ELECTION vote request: 8e6df144-c6f6-43b2-a2f1-262f0d8e0594<-c80f2544-efc8-492a-83e4-5b8bcbed7eb8#0:FAIL-t4. Peer's state: c80f2544-efc8-492a-83e4-5b8bcbed7eb8@group-BD86B44502A1:t4, leader=null, voted=null, raftlog=c80f2544-efc8-492a-83e4-5b8bcbed7eb8@group-BD86B44502A1-SegmentedRaftLog:OPENED:c0,f0,i0, conf=0: [8e6df144-c6f6-43b2-a2f1-262f0d8e0594|rpc:10.1.0.4:35723|dataStream:|priority:0, c80f2544-efc8-492a-83e4-5b8bcbed7eb8|rpc:10.1.0.4:35561|dataStream:|priority:1, 4028be1c-f04f-471f-a5c7-d66a385f5692|rpc:10.1.0.4:39853|dataStream:|priority:0], old=null
2021-05-27 14:49:13,164 [8e6df144-c6f6-43b2-a2f1-262f0d8e0594@group-BD86B44502A1-LeaderElection20] INFO  impl.LeaderElection (LeaderElection.java:logAndReturn(89)) - 8e6df144-c6f6-43b2-a2f1-262f0d8e0594@group-BD86B44502A1-LeaderElection20: ELECTION REJECTED received 2 response(s) and 0 exception(s):
2021-05-27 14:49:13,165 [8e6df144-c6f6-43b2-a2f1-262f0d8e0594@group-BD86B44502A1-LeaderElection20] INFO  impl.LeaderElection (LeaderElection.java:logAndReturn(93)) -   Response 0: 8e6df144-c6f6-43b2-a2f1-262f0d8e0594<-c80f2544-efc8-492a-83e4-5b8bcbed7eb8#0:FAIL-t4
2021-05-27 14:49:13,165 [8e6df144-c6f6-43b2-a2f1-262f0d8e0594@group-BD86B44502A1-LeaderElection20] INFO  impl.LeaderElection (LeaderElection.java:logAndReturn(93)) -   Response 1: 8e6df144-c6f6-43b2-a2f1-262f0d8e0594<-4028be1c-f04f-471f-a5c7-d66a385f5692#0:OK-t4
2021-05-27 14:49:13,165 [8e6df144-c6f6-43b2-a2f1-262f0d8e0594@group-BD86B44502A1-LeaderElection20] INFO  impl.LeaderElection (LeaderElection.java:askForVotes(308)) - 8e6df144-c6f6-43b2-a2f1-262f0d8e0594@group-BD86B44502A1-LeaderElection20 ELECTION round 0: result REJECTED
2021-05-27 14:49:13,165 [8e6df144-c6f6-43b2-a2f1-262f0d8e0594@group-BD86B44502A1-LeaderElection20] INFO  server.RaftServer$Division (RaftServerImpl.java:setRole(284)) - 8e6df144-c6f6-43b2-a2f1-262f0d8e0594@group-BD86B44502A1: changes role from CANDIDATE to FOLLOWER at term 4 for REJECTED
2021-05-27 14:49:13,165 [8e6df144-c6f6-43b2-a2f1-262f0d8e0594@group-BD86B44502A1-LeaderElection20] INFO  impl.RoleInfo (RoleInfo.java:shutdownLeaderElection(121)) - 8e6df144-c6f6-43b2-a2f1-262f0d8e0594: shutdown 8e6df144-c6f6-43b2-a2f1-262f0d8e0594@group-BD86B44502A1-LeaderElection20
2021-05-27 14:49:13,165 [8e6df144-c6f6-43b2-a2f1-262f0d8e0594@group-BD86B44502A1-LeaderElection20] INFO  impl.RoleInfo (RoleInfo.java:updateAndGet(130)) - 8e6df144-c6f6-43b2-a2f1-262f0d8e0594: start 8e6df144-c6f6-43b2-a2f1-262f0d8e0594@group-BD86B44502A1-FollowerState
2021-05-27 14:49:13,584 [java.util.concurrent.ThreadPoolExecutor$Worker@49bdfb67[State = -1, empty queue]] INFO  metrics.RatisMetrics (RatisMetrics.java:lambda$create$0(36)) - Creating Metrics Registry : ratis.client_message_metrics.client-3D514AACB198->4028be1c-f04f-471f-a5c7-d66a385f5692
2021-05-27 14:49:17,826 [fe96208f-f4a6-407e-8fa5-c04d11db231e@group-BEB3CAD4BD71-FollowerState] INFO  impl.FollowerState (FollowerState.java:run(134)) - fe96208f-f4a6-407e-8fa5-c04d11db231e@group-BEB3CAD4BD71-FollowerState: change to CANDIDATE, lastRpcElapsedTime:5162294688ns, electionTimeout:5150ms
2021-05-27 14:49:17,826 [fe96208f-f4a6-407e-8fa5-c04d11db231e@group-BEB3CAD4BD71-FollowerState] INFO  impl.RoleInfo (RoleInfo.java:shutdownFollowerState(108)) - fe96208f-f4a6-407e-8fa5-c04d11db231e: shutdown fe96208f-f4a6-407e-8fa5-c04d11db231e@group-BEB3CAD4BD71-FollowerState
2021-05-27 14:49:17,826 [fe96208f-f4a6-407e-8fa5-c04d11db231e@group-BEB3CAD4BD71-FollowerState] INFO  server.RaftServer$Division (RaftServerImpl.java:setRole(284)) - fe96208f-f4a6-407e-8fa5-c04d11db231e@group-BEB3CAD4BD71: changes role from  FOLLOWER to CANDIDATE at term 3 for changeToCandidate
2021-05-27 14:49:17,826 [fe96208f-f4a6-407e-8fa5-c04d11db231e@group-BEB3CAD4BD71-FollowerState] INFO  server.RaftServerConfigKeys (ConfUtils.java:logGet(44)) - raft.server.leaderelection.pre-vote = false (custom)
2021-05-27 14:49:17,826 [fe96208f-f4a6-407e-8fa5-c04d11db231e@group-BEB3CAD4BD71-FollowerState] INFO  impl.RoleInfo (RoleInfo.java:updateAndGet(130)) - fe96208f-f4a6-407e-8fa5-c04d11db231e: start fe96208f-f4a6-407e-8fa5-c04d11db231e@group-BEB3CAD4BD71-LeaderElection21
2021-05-27 14:49:17,829 [fe96208f-f4a6-407e-8fa5-c04d11db231e@group-BEB3CAD4BD71-LeaderElection21] INFO  impl.LeaderElection (LeaderElection.java:askForVotes(306)) - fe96208f-f4a6-407e-8fa5-c04d11db231e@group-BEB3CAD4BD71-LeaderElection21 ELECTION round 0: submit vote requests at term 4 for -1: [fe96208f-f4a6-407e-8fa5-c04d11db231e|rpc:10.1.0.4:42335|priority:0, 79a5c71d-05f9-4896-b0a5-ed7a69f27e7b|rpc:10.1.0.4:37273|priority:1, 58901a56-5ead-441d-bada-0c2dcec13c3c|rpc:10.1.0.4:34635|priority:0], old=null
2021-05-27 14:49:17,832 [grpc-default-executor-3] INFO  server.RaftServer$Division (RaftServerImpl.java:requestVote(1042)) - 79a5c71d-05f9-4896-b0a5-ed7a69f27e7b@group-BEB3CAD4BD71: receive requestVote(ELECTION, fe96208f-f4a6-407e-8fa5-c04d11db231e, group-BEB3CAD4BD71, 4, (t:0, i:0))
2021-05-27 14:49:17,832 [grpc-default-executor-1] INFO  server.RaftServer$Division (RaftServerImpl.java:requestVote(1042)) - 58901a56-5ead-441d-bada-0c2dcec13c3c@group-BEB3CAD4BD71: receive requestVote(ELECTION, fe96208f-f4a6-407e-8fa5-c04d11db231e, group-BEB3CAD4BD71, 4, (t:0, i:0))
2021-05-27 14:49:17,832 [grpc-default-executor-1] INFO  impl.VoteContext (VoteContext.java:log(48)) - 58901a56-5ead-441d-bada-0c2dcec13c3c@group-BEB3CAD4BD71-FOLLOWER: accept ELECTION from fe96208f-f4a6-407e-8fa5-c04d11db231e: our priority 0 <= candidate's priority 0
2021-05-27 14:49:17,832 [grpc-default-executor-1] INFO  server.RaftServer$Division (RaftServerImpl.java:setRole(284)) - 58901a56-5ead-441d-bada-0c2dcec13c3c@group-BEB3CAD4BD71: changes role from  FOLLOWER to FOLLOWER at term 4 for candidate:fe96208f-f4a6-407e-8fa5-c04d11db231e
2021-05-27 14:49:17,832 [grpc-default-executor-1] INFO  impl.RoleInfo (RoleInfo.java:shutdownFollowerState(108)) - 58901a56-5ead-441d-bada-0c2dcec13c3c: shutdown 58901a56-5ead-441d-bada-0c2dcec13c3c@group-BEB3CAD4BD71-FollowerState
2021-05-27 14:49:17,832 [grpc-default-executor-1] INFO  impl.RoleInfo (RoleInfo.java:updateAndGet(130)) - 58901a56-5ead-441d-bada-0c2dcec13c3c: start 58901a56-5ead-441d-bada-0c2dcec13c3c@group-BEB3CAD4BD71-FollowerState
2021-05-27 14:49:17,832 [58901a56-5ead-441d-bada-0c2dcec13c3c@group-BEB3CAD4BD71-FollowerState] INFO  impl.FollowerState (FollowerState.java:run(143)) - 58901a56-5ead-441d-bada-0c2dcec13c3c@group-BEB3CAD4BD71-FollowerState was interrupted: {}
java.lang.InterruptedException: sleep interrupted
	at java.lang.Thread.sleep(Native Method)
	at java.lang.Thread.sleep(Thread.java:340)
	at java.util.concurrent.TimeUnit.sleep(TimeUnit.java:386)
	at org.apache.ratis.util.TimeDuration.sleep(TimeDuration.java:324)
	at org.apache.ratis.util.TimeDuration.sleep(TimeDuration.java:309)
	at org.apache.ratis.server.impl.FollowerState.run(FollowerState.java:118)
2021-05-27 14:49:17,833 [grpc-default-executor-3] INFO  impl.VoteContext (VoteContext.java:log(48)) - 79a5c71d-05f9-4896-b0a5-ed7a69f27e7b@group-BEB3CAD4BD71-FOLLOWER: reject ELECTION from fe96208f-f4a6-407e-8fa5-c04d11db231e: our priority 1 > candidate's priority 0
2021-05-27 14:49:17,833 [grpc-default-executor-3] INFO  server.RaftServer$Division (RaftServerImpl.java:setRole(284)) - 79a5c71d-05f9-4896-b0a5-ed7a69f27e7b@group-BEB3CAD4BD71: changes role from  FOLLOWER to FOLLOWER at term 4 for candidate:fe96208f-f4a6-407e-8fa5-c04d11db231e
2021-05-27 14:49:17,833 [grpc-default-executor-3] INFO  impl.RoleInfo (RoleInfo.java:shutdownFollowerState(108)) - 79a5c71d-05f9-4896-b0a5-ed7a69f27e7b: shutdown 79a5c71d-05f9-4896-b0a5-ed7a69f27e7b@group-BEB3CAD4BD71-FollowerState
2021-05-27 14:49:17,833 [grpc-default-executor-3] INFO  impl.RoleInfo (RoleInfo.java:updateAndGet(130)) - 79a5c71d-05f9-4896-b0a5-ed7a69f27e7b: start 79a5c71d-05f9-4896-b0a5-ed7a69f27e7b@group-BEB3CAD4BD71-FollowerState
2021-05-27 14:49:17,833 [79a5c71d-05f9-4896-b0a5-ed7a69f27e7b@group-BEB3CAD4BD71-FollowerState] INFO  impl.FollowerState (FollowerState.java:run(143)) - 79a5c71d-05f9-4896-b0a5-ed7a69f27e7b@group-BEB3CAD4BD71-FollowerState was interrupted: {}
java.lang.InterruptedException: sleep interrupted
	at java.lang.Thread.sleep(Native Method)
	at java.lang.Thread.sleep(Thread.java:340)
	at java.util.concurrent.TimeUnit.sleep(TimeUnit.java:386)
	at org.apache.ratis.util.TimeDuration.sleep(TimeDuration.java:324)
	at org.apache.ratis.util.TimeDuration.sleep(TimeDuration.java:309)
	at org.apache.ratis.server.impl.FollowerState.run(FollowerState.java:118)
2021-05-27 14:49:17,838 [grpc-default-executor-1] INFO  server.RaftServer$Division (RaftServerImpl.java:requestVote(1074)) - 58901a56-5ead-441d-bada-0c2dcec13c3c@group-BEB3CAD4BD71 replies to ELECTION vote request: fe96208f-f4a6-407e-8fa5-c04d11db231e<-58901a56-5ead-441d-bada-0c2dcec13c3c#0:OK-t4. Peer's state: 58901a56-5ead-441d-bada-0c2dcec13c3c@group-BEB3CAD4BD71:t4, leader=null, voted=fe96208f-f4a6-407e-8fa5-c04d11db231e, raftlog=58901a56-5ead-441d-bada-0c2dcec13c3c@group-BEB3CAD4BD71-SegmentedRaftLog:OPENED:c-1,f-1,i0, conf=-1: [fe96208f-f4a6-407e-8fa5-c04d11db231e|rpc:10.1.0.4:42335|dataStream:|priority:0, 79a5c71d-05f9-4896-b0a5-ed7a69f27e7b|rpc:10.1.0.4:37273|dataStream:|priority:1, 58901a56-5ead-441d-bada-0c2dcec13c3c|rpc:10.1.0.4:34635|dataStream:|priority:0], old=null
2021-05-27 14:49:17,839 [grpc-default-executor-3] INFO  server.RaftServer$Division (RaftServerImpl.java:requestVote(1074)) - 79a5c71d-05f9-4896-b0a5-ed7a69f27e7b@group-BEB3CAD4BD71 replies to ELECTION vote request: fe96208f-f4a6-407e-8fa5-c04d11db231e<-79a5c71d-05f9-4896-b0a5-ed7a69f27e7b#0:FAIL-t4. Peer's state: 79a5c71d-05f9-4896-b0a5-ed7a69f27e7b@group-BEB3CAD4BD71:t4, leader=null, voted=null, raftlog=79a5c71d-05f9-4896-b0a5-ed7a69f27e7b@group-BEB3CAD4BD71-SegmentedRaftLog:OPENED:c-1,f-1,i0, conf=-1: [fe96208f-f4a6-407e-8fa5-c04d11db231e|rpc:10.1.0.4:42335|priority:0, 79a5c71d-05f9-4896-b0a5-ed7a69f27e7b|rpc:10.1.0.4:37273|priority:1, 58901a56-5ead-441d-bada-0c2dcec13c3c|rpc:10.1.0.4:34635|priority:0], old=null
2021-05-27 14:49:17,841 [fe96208f-f4a6-407e-8fa5-c04d11db231e@group-BEB3CAD4BD71-LeaderElection21] INFO  impl.LeaderElection (LeaderElection.java:logAndReturn(89)) - fe96208f-f4a6-407e-8fa5-c04d11db231e@group-BEB3CAD4BD71-LeaderElection21: ELECTION REJECTED received 2 response(s) and 0 exception(s):
2021-05-27 14:49:17,841 [fe96208f-f4a6-407e-8fa5-c04d11db231e@group-BEB3CAD4BD71-LeaderElection21] INFO  impl.LeaderElection (LeaderElection.java:logAndReturn(93)) -   Response 0: fe96208f-f4a6-407e-8fa5-c04d11db231e<-79a5c71d-05f9-4896-b0a5-ed7a69f27e7b#0:FAIL-t4
2021-05-27 14:49:17,841 [fe96208f-f4a6-407e-8fa5-c04d11db231e@group-BEB3CAD4BD71-LeaderElection21] INFO  impl.LeaderElection (LeaderElection.java:logAndReturn(93)) -   Response 1: fe96208f-f4a6-407e-8fa5-c04d11db231e<-58901a56-5ead-441d-bada-0c2dcec13c3c#0:OK-t4
2021-05-27 14:49:17,841 [fe96208f-f4a6-407e-8fa5-c04d11db231e@group-BEB3CAD4BD71-LeaderElection21] INFO  impl.LeaderElection (LeaderElection.java:askForVotes(308)) - fe96208f-f4a6-407e-8fa5-c04d11db231e@group-BEB3CAD4BD71-LeaderElection21 ELECTION round 0: result REJECTED
2021-05-27 14:49:17,841 [fe96208f-f4a6-407e-8fa5-c04d11db231e@group-BEB3CAD4BD71-LeaderElection21] INFO  server.RaftServer$Division (RaftServerImpl.java:setRole(284)) - fe96208f-f4a6-407e-8fa5-c04d11db231e@group-BEB3CAD4BD71: changes role from CANDIDATE to FOLLOWER at term 4 for REJECTED
2021-05-27 14:49:17,841 [fe96208f-f4a6-407e-8fa5-c04d11db231e@group-BEB3CAD4BD71-LeaderElection21] INFO  impl.RoleInfo (RoleInfo.java:shutdownLeaderElection(121)) - fe96208f-f4a6-407e-8fa5-c04d11db231e: shutdown fe96208f-f4a6-407e-8fa5-c04d11db231e@group-BEB3CAD4BD71-LeaderElection21
2021-05-27 14:49:17,841 [fe96208f-f4a6-407e-8fa5-c04d11db231e@group-BEB3CAD4BD71-LeaderElection21] INFO  impl.RoleInfo (RoleInfo.java:updateAndGet(130)) - fe96208f-f4a6-407e-8fa5-c04d11db231e: start fe96208f-f4a6-407e-8fa5-c04d11db231e@group-BEB3CAD4BD71-FollowerState
2021-05-27 14:49:18,212 [c80f2544-efc8-492a-83e4-5b8bcbed7eb8@group-BD86B44502A1-FollowerState] INFO  impl.FollowerState (FollowerState.java:run(134)) - c80f2544-efc8-492a-83e4-5b8bcbed7eb8@group-BD86B44502A1-FollowerState: change to CANDIDATE, lastRpcElapsedTime:5051231251ns, electionTimeout:5050ms
2021-05-27 14:49:18,212 [c80f2544-efc8-492a-83e4-5b8bcbed7eb8@group-BD86B44502A1-FollowerState] INFO  impl.RoleInfo (RoleInfo.java:shutdownFollowerState(108)) - c80f2544-efc8-492a-83e4-5b8bcbed7eb8: shutdown c80f2544-efc8-492a-83e4-5b8bcbed7eb8@group-BD86B44502A1-FollowerState
2021-05-27 14:49:18,212 [c80f2544-efc8-492a-83e4-5b8bcbed7eb8@group-BD86B44502A1-FollowerState] INFO  server.RaftServer$Division (RaftServerImpl.java:setRole(284)) - c80f2544-efc8-492a-83e4-5b8bcbed7eb8@group-BD86B44502A1: changes role from  FOLLOWER to CANDIDATE at term 4 for changeToCandidate
2021-05-27 14:49:18,212 [c80f2544-efc8-492a-83e4-5b8bcbed7eb8@group-BD86B44502A1-FollowerState] INFO  server.RaftServerConfigKeys (ConfUtils.java:logGet(44)) - raft.server.leaderelection.pre-vote = false (custom)
2021-05-27 14:49:18,212 [c80f2544-efc8-492a-83e4-5b8bcbed7eb8@group-BD86B44502A1-FollowerState] INFO  impl.RoleInfo (RoleInfo.java:updateAndGet(130)) - c80f2544-efc8-492a-83e4-5b8bcbed7eb8: start c80f2544-efc8-492a-83e4-5b8bcbed7eb8@group-BD86B44502A1-LeaderElection22
2021-05-27 14:49:18,215 [c80f2544-efc8-492a-83e4-5b8bcbed7eb8@group-BD86B44502A1-LeaderElection22] INFO  impl.LeaderElection (LeaderElection.java:askForVotes(306)) - c80f2544-efc8-492a-83e4-5b8bcbed7eb8@group-BD86B44502A1-LeaderElection22 ELECTION round 0: submit vote requests at term 5 for 0: [8e6df144-c6f6-43b2-a2f1-262f0d8e0594|rpc:10.1.0.4:35723|dataStream:|priority:0, c80f2544-efc8-492a-83e4-5b8bcbed7eb8|rpc:10.1.0.4:35561|dataStream:|priority:1, 4028be1c-f04f-471f-a5c7-d66a385f5692|rpc:10.1.0.4:39853|dataStream:|priority:0], old=null
2021-05-27 14:49:18,219 [grpc-default-executor-1] INFO  server.RaftServer$Division (RaftServerImpl.java:requestVote(1042)) - 4028be1c-f04f-471f-a5c7-d66a385f5692@group-BD86B44502A1: receive requestVote(ELECTION, c80f2544-efc8-492a-83e4-5b8bcbed7eb8, group-BD86B44502A1, 5, (t:2, i:0))
2021-05-27 14:49:18,220 [grpc-default-executor-1] INFO  impl.VoteContext (VoteContext.java:log(48)) - 4028be1c-f04f-471f-a5c7-d66a385f5692@group-BD86B44502A1-FOLLOWER: accept ELECTION from c80f2544-efc8-492a-83e4-5b8bcbed7eb8: our last entry null < candidate's last entry (t:2, i:0)
2021-05-27 14:49:18,220 [grpc-default-executor-1] INFO  server.RaftServer$Division (RaftServerImpl.java:setRole(284)) - 4028be1c-f04f-471f-a5c7-d66a385f5692@group-BD86B44502A1: changes role from  FOLLOWER to FOLLOWER at term 5 for candidate:c80f2544-efc8-492a-83e4-5b8bcbed7eb8
2021-05-27 14:49:18,220 [grpc-default-executor-1] INFO  impl.RoleInfo (RoleInfo.java:shutdownFollowerState(108)) - 4028be1c-f04f-471f-a5c7-d66a385f5692: shutdown 4028be1c-f04f-471f-a5c7-d66a385f5692@group-BD86B44502A1-FollowerState
2021-05-27 14:49:18,220 [grpc-default-executor-1] INFO  impl.RoleInfo (RoleInfo.java:updateAndGet(130)) - 4028be1c-f04f-471f-a5c7-d66a385f5692: start 4028be1c-f04f-471f-a5c7-d66a385f5692@group-BD86B44502A1-FollowerState
2021-05-27 14:49:18,221 [grpc-default-executor-1] INFO  server.RaftServer$Division (RaftServerImpl.java:requestVote(1074)) - 4028be1c-f04f-471f-a5c7-d66a385f5692@group-BD86B44502A1 replies to ELECTION vote request: c80f2544-efc8-492a-83e4-5b8bcbed7eb8<-4028be1c-f04f-471f-a5c7-d66a385f5692#0:OK-t5. Peer's state: 4028be1c-f04f-471f-a5c7-d66a385f5692@group-BD86B44502A1:t5, leader=null, voted=c80f2544-efc8-492a-83e4-5b8bcbed7eb8, raftlog=4028be1c-f04f-471f-a5c7-d66a385f5692@group-BD86B44502A1-SegmentedRaftLog:OPENED:c-1,f-1,i0, conf=-1: [8e6df144-c6f6-43b2-a2f1-262f0d8e0594|rpc:10.1.0.4:35723|priority:0, c80f2544-efc8-492a-83e4-5b8bcbed7eb8|rpc:10.1.0.4:35561|priority:1, 4028be1c-f04f-471f-a5c7-d66a385f5692|rpc:10.1.0.4:39853|priority:0], old=null
2021-05-27 14:49:18,221 [4028be1c-f04f-471f-a5c7-d66a385f5692@group-BD86B44502A1-FollowerState] INFO  impl.FollowerState (FollowerState.java:run(143)) - 4028be1c-f04f-471f-a5c7-d66a385f5692@group-BD86B44502A1-FollowerState was interrupted: {}
java.lang.InterruptedException: sleep interrupted
	at java.lang.Thread.sleep(Native Method)
	at java.lang.Thread.sleep(Thread.java:340)
	at java.util.concurrent.TimeUnit.sleep(TimeUnit.java:386)
	at org.apache.ratis.util.TimeDuration.sleep(TimeDuration.java:324)
	at org.apache.ratis.util.TimeDuration.sleep(TimeDuration.java:309)
	at org.apache.ratis.server.impl.FollowerState.run(FollowerState.java:118)
2021-05-27 14:49:18,221 [grpc-default-executor-3] INFO  server.RaftServer$Division (RaftServerImpl.java:requestVote(1042)) - 8e6df144-c6f6-43b2-a2f1-262f0d8e0594@group-BD86B44502A1: receive requestVote(ELECTION, c80f2544-efc8-492a-83e4-5b8bcbed7eb8, group-BD86B44502A1, 5, (t:2, i:0))
2021-05-27 14:49:18,227 [grpc-default-executor-3] INFO  impl.VoteContext (VoteContext.java:log(48)) - 8e6df144-c6f6-43b2-a2f1-262f0d8e0594@group-BD86B44502A1-FOLLOWER: accept ELECTION from c80f2544-efc8-492a-83e4-5b8bcbed7eb8: our last entry null < candidate's last entry (t:2, i:0)
2021-05-27 14:49:18,227 [grpc-default-executor-3] INFO  server.RaftServer$Division (RaftServerImpl.java:setRole(284)) - 8e6df144-c6f6-43b2-a2f1-262f0d8e0594@group-BD86B44502A1: changes role from  FOLLOWER to FOLLOWER at term 5 for candidate:c80f2544-efc8-492a-83e4-5b8bcbed7eb8
2021-05-27 14:49:18,227 [grpc-default-executor-3] INFO  impl.RoleInfo (RoleInfo.java:shutdownFollowerState(108)) - 8e6df144-c6f6-43b2-a2f1-262f0d8e0594: shutdown 8e6df144-c6f6-43b2-a2f1-262f0d8e0594@group-BD86B44502A1-FollowerState
2021-05-27 14:49:18,227 [grpc-default-executor-3] INFO  impl.RoleInfo (RoleInfo.java:updateAndGet(130)) - 8e6df144-c6f6-43b2-a2f1-262f0d8e0594: start 8e6df144-c6f6-43b2-a2f1-262f0d8e0594@group-BD86B44502A1-FollowerState
2021-05-27 14:49:18,227 [8e6df144-c6f6-43b2-a2f1-262f0d8e0594@group-BD86B44502A1-FollowerState] INFO  impl.FollowerState (FollowerState.java:run(143)) - 8e6df144-c6f6-43b2-a2f1-262f0d8e0594@group-BD86B44502A1-FollowerState was interrupted: {}
java.lang.InterruptedException: sleep interrupted
	at java.lang.Thread.sleep(Native Method)
	at java.lang.Thread.sleep(Thread.java:340)
	at java.util.concurrent.TimeUnit.sleep(TimeUnit.java:386)
	at org.apache.ratis.util.TimeDuration.sleep(TimeDuration.java:324)
	at org.apache.ratis.util.TimeDuration.sleep(TimeDuration.java:309)
	at org.apache.ratis.server.impl.FollowerState.run(FollowerState.java:118)
2021-05-27 14:49:18,227 [c80f2544-efc8-492a-83e4-5b8bcbed7eb8@group-BD86B44502A1-LeaderElection22] INFO  impl.LeaderElection (LeaderElection.java:logAndReturn(89)) - c80f2544-efc8-492a-83e4-5b8bcbed7eb8@group-BD86B44502A1-LeaderElection22: ELECTION PASSED received 1 response(s) and 0 exception(s):
2021-05-27 14:49:18,227 [c80f2544-efc8-492a-83e4-5b8bcbed7eb8@group-BD86B44502A1-LeaderElection22] INFO  impl.LeaderElection (LeaderElection.java:logAndReturn(93)) -   Response 0: c80f2544-efc8-492a-83e4-5b8bcbed7eb8<-4028be1c-f04f-471f-a5c7-d66a385f5692#0:OK-t5
2021-05-27 14:49:18,227 [c80f2544-efc8-492a-83e4-5b8bcbed7eb8@group-BD86B44502A1-LeaderElection22] INFO  impl.LeaderElection (LeaderElection.java:askForVotes(308)) - c80f2544-efc8-492a-83e4-5b8bcbed7eb8@group-BD86B44502A1-LeaderElection22 ELECTION round 0: result PASSED
2021-05-27 14:49:18,227 [c80f2544-efc8-492a-83e4-5b8bcbed7eb8@group-BD86B44502A1-LeaderElection22] INFO  impl.RoleInfo (RoleInfo.java:shutdownLeaderElection(121)) - c80f2544-efc8-492a-83e4-5b8bcbed7eb8: shutdown c80f2544-efc8-492a-83e4-5b8bcbed7eb8@group-BD86B44502A1-LeaderElection22
2021-05-27 14:49:18,227 [c80f2544-efc8-492a-83e4-5b8bcbed7eb8@group-BD86B44502A1-LeaderElection22] INFO  server.RaftServer$Division (RaftServerImpl.java:setRole(284)) - c80f2544-efc8-492a-83e4-5b8bcbed7eb8@group-BD86B44502A1: changes role from CANDIDATE to LEADER at term 5 for changeToLeader
2021-05-27 14:49:18,233 [c80f2544-efc8-492a-83e4-5b8bcbed7eb8@group-BD86B44502A1-LeaderElection22] INFO  ratis.XceiverServerRatis (XceiverServerRatis.java:handleLeaderChangedNotification(906)) - Leader change notification received for group: group-BD86B44502A1 with new leaderId: c80f2544-efc8-492a-83e4-5b8bcbed7eb8
2021-05-27 14:49:18,233 [c80f2544-efc8-492a-83e4-5b8bcbed7eb8@group-BD86B44502A1-LeaderElection22] INFO  server.RaftServer$Division (ServerState.java:setLeader(271)) - c80f2544-efc8-492a-83e4-5b8bcbed7eb8@group-BD86B44502A1: change Leader from null to c80f2544-efc8-492a-83e4-5b8bcbed7eb8 at term 5 for becomeLeader, leader elected after 10213ms
2021-05-27 14:49:18,233 [c80f2544-efc8-492a-83e4-5b8bcbed7eb8@group-BD86B44502A1-LeaderElection22] INFO  server.RaftServerConfigKeys (ConfUtils.java:logGet(44)) - raft.server.staging.catchup.gap = 1000 (default)
2021-05-27 14:49:18,233 [grpc-default-executor-3] INFO  server.RaftServer$Division (RaftServerImpl.java:requestVote(1074)) - 8e6df144-c6f6-43b2-a2f1-262f0d8e0594@group-BD86B44502A1 replies to ELECTION vote request: c80f2544-efc8-492a-83e4-5b8bcbed7eb8<-8e6df144-c6f6-43b2-a2f1-262f0d8e0594#0:OK-t5. Peer's state: 8e6df144-c6f6-43b2-a2f1-262f0d8e0594@group-BD86B44502A1:t5, leader=null, voted=c80f2544-efc8-492a-83e4-5b8bcbed7eb8, raftlog=8e6df144-c6f6-43b2-a2f1-262f0d8e0594@group-BD86B44502A1-SegmentedRaftLog:OPENED:c-1,f-1,i0, conf=-1: [8e6df144-c6f6-43b2-a2f1-262f0d8e0594|rpc:10.1.0.4:35723|priority:0, c80f2544-efc8-492a-83e4-5b8bcbed7eb8|rpc:10.1.0.4:35561|priority:1, 4028be1c-f04f-471f-a5c7-d66a385f5692|rpc:10.1.0.4:39853|priority:0], old=null
2021-05-27 14:49:18,233 [c80f2544-efc8-492a-83e4-5b8bcbed7eb8@group-BD86B44502A1-LeaderElection22] INFO  metrics.RatisMetrics (RatisMetrics.java:lambda$create$0(36)) - Creating Metrics Registry : ratis.log_appender.c80f2544-efc8-492a-83e4-5b8bcbed7eb8@group-BD86B44502A1
2021-05-27 14:49:18,234 [c80f2544-efc8-492a-83e4-5b8bcbed7eb8@group-BD86B44502A1-LeaderElection22] INFO  server.RaftServerConfigKeys (ConfUtils.java:logGet(44)) - raft.server.write.element-limit = 1024 (custom)
2021-05-27 14:49:18,234 [c80f2544-efc8-492a-83e4-5b8bcbed7eb8@group-BD86B44502A1-LeaderElection22] INFO  server.RaftServerConfigKeys (ConfUtils.java:logGet(44)) - raft.server.write.byte-limit = 1073741824 (custom)
2021-05-27 14:49:18,235 [c80f2544-efc8-492a-83e4-5b8bcbed7eb8@group-BD86B44502A1-LeaderElection22] INFO  server.RaftServerConfigKeys (ConfUtils.java:logGet(44)) - raft.server.watch.timeout = 3000ms (custom)
2021-05-27 14:49:18,235 [c80f2544-efc8-492a-83e4-5b8bcbed7eb8@group-BD86B44502A1-LeaderElection22] INFO  server.RaftServerConfigKeys (ConfUtils.java:logGet(44)) - raft.server.watch.timeout.denomination = 1s (default)
2021-05-27 14:49:18,235 [c80f2544-efc8-492a-83e4-5b8bcbed7eb8@group-BD86B44502A1-LeaderElection22] INFO  server.RaftServerConfigKeys (ConfUtils.java:logGet(44)) - raft.server.watch.element-limit = 65536 (default)
2021-05-27 14:49:18,235 [c80f2544-efc8-492a-83e4-5b8bcbed7eb8@group-BD86B44502A1-LeaderElection22] INFO  server.RaftServerConfigKeys (ConfUtils.java:logGet(44)) - raft.server.log.appender.snapshot.chunk.size.max = 16MB (=16777216) (default)
2021-05-27 14:49:18,235 [c80f2544-efc8-492a-83e4-5b8bcbed7eb8@group-BD86B44502A1-LeaderElection22] INFO  server.RaftServerConfigKeys (ConfUtils.java:logGet(44)) - raft.server.log.appender.buffer.byte-limit = 33554432 (custom)
2021-05-27 14:49:18,235 [c80f2544-efc8-492a-83e4-5b8bcbed7eb8@group-BD86B44502A1-LeaderElection22] INFO  server.RaftServerConfigKeys (ConfUtils.java:logGet(44)) - raft.server.log.appender.buffer.element-limit = 1 (custom)
2021-05-27 14:49:18,235 [c80f2544-efc8-492a-83e4-5b8bcbed7eb8@group-BD86B44502A1-LeaderElection22] INFO  grpc.GrpcConfigKeys (ConfUtils.java:logGet(44)) - raft.grpc.server.leader.outstanding.appends.max = 128 (default)
2021-05-27 14:49:18,235 [c80f2544-efc8-492a-83e4-5b8bcbed7eb8@group-BD86B44502A1-LeaderElection22] INFO  server.RaftServerConfigKeys (ConfUtils.java:logGet(44)) - raft.server.rpc.request.timeout = 3000ms (default)
2021-05-27 14:49:18,235 [c80f2544-efc8-492a-83e4-5b8bcbed7eb8@group-BD86B44502A1-LeaderElection22] INFO  server.RaftServerConfigKeys (ConfUtils.java:logGet(44)) - raft.server.log.appender.install.snapshot.enabled = false (custom)
2021-05-27 14:49:18,235 [c80f2544-efc8-492a-83e4-5b8bcbed7eb8@group-BD86B44502A1-LeaderElection22] INFO  metrics.RatisMetrics (RatisMetrics.java:lambda$create$0(36)) - Creating Metrics Registry : ratis_grpc.log_appender.c80f2544-efc8-492a-83e4-5b8bcbed7eb8@group-BD86B44502A1
2021-05-27 14:49:18,235 [c80f2544-efc8-492a-83e4-5b8bcbed7eb8@group-BD86B44502A1-LeaderElection22] INFO  server.RaftServerConfigKeys (ConfUtils.java:logGet(44)) - raft.server.log.appender.snapshot.chunk.size.max = 16MB (=16777216) (default)
2021-05-27 14:49:18,236 [c80f2544-efc8-492a-83e4-5b8bcbed7eb8@group-BD86B44502A1-LeaderElection22] INFO  server.RaftServerConfigKeys (ConfUtils.java:logGet(44)) - raft.server.log.appender.buffer.byte-limit = 33554432 (custom)
2021-05-27 14:49:18,236 [c80f2544-efc8-492a-83e4-5b8bcbed7eb8@group-BD86B44502A1-LeaderElection22] INFO  server.RaftServerConfigKeys (ConfUtils.java:logGet(44)) - raft.server.log.appender.buffer.element-limit = 1 (custom)
2021-05-27 14:49:18,237 [c80f2544-efc8-492a-83e4-5b8bcbed7eb8@group-BD86B44502A1-LeaderElection22] INFO  grpc.GrpcConfigKeys (ConfUtils.java:logGet(44)) - raft.grpc.server.leader.outstanding.appends.max = 128 (default)
2021-05-27 14:49:18,237 [c80f2544-efc8-492a-83e4-5b8bcbed7eb8@group-BD86B44502A1-LeaderElection22] INFO  server.RaftServerConfigKeys (ConfUtils.java:logGet(44)) - raft.server.rpc.request.timeout = 3000ms (default)
2021-05-27 14:49:18,237 [c80f2544-efc8-492a-83e4-5b8bcbed7eb8@group-BD86B44502A1-LeaderElection22] INFO  server.RaftServerConfigKeys (ConfUtils.java:logGet(44)) - raft.server.log.appender.install.snapshot.enabled = false (custom)
2021-05-27 14:49:18,237 [c80f2544-efc8-492a-83e4-5b8bcbed7eb8@group-BD86B44502A1-LeaderElection22] INFO  impl.RoleInfo (RoleInfo.java:updateAndGet(130)) - c80f2544-efc8-492a-83e4-5b8bcbed7eb8: start c80f2544-efc8-492a-83e4-5b8bcbed7eb8@group-BD86B44502A1-LeaderStateImpl
2021-05-27 14:49:18,238 [c80f2544-efc8-492a-83e4-5b8bcbed7eb8@group-BD86B44502A1-LeaderElection22] INFO  segmented.SegmentedRaftLogWorker (SegmentedRaftLogWorker.java:rollLogSegment(399)) - c80f2544-efc8-492a-83e4-5b8bcbed7eb8@group-BD86B44502A1-SegmentedRaftLogWorker: Rolling segment log-0_0 to index:0
2021-05-27 14:49:18,239 [c80f2544-efc8-492a-83e4-5b8bcbed7eb8@group-BD86B44502A1-SegmentedRaftLogWorker] INFO  segmented.SegmentedRaftLogWorker (SegmentedRaftLogWorker.java:execute(558)) - c80f2544-efc8-492a-83e4-5b8bcbed7eb8@group-BD86B44502A1-SegmentedRaftLogWorker: Rolled log segment from /home/runner/work/ozone/ozone/mnt/ozone/hadoop-ozone/integration-test/target/test-dir/MiniOzoneClusterImpl-01be8073-4a30-4c07-ba69-c81900f598d5/datanode-8/data/ratis/92661cd8-1084-46f9-bbf0-bd86b44502a1/current/log_inprogress_0 to /home/runner/work/ozone/ozone/mnt/ozone/hadoop-ozone/integration-test/target/test-dir/MiniOzoneClusterImpl-01be8073-4a30-4c07-ba69-c81900f598d5/datanode-8/data/ratis/92661cd8-1084-46f9-bbf0-bd86b44502a1/current/log_0-0
2021-05-27 14:49:18,240 [c80f2544-efc8-492a-83e4-5b8bcbed7eb8@group-BD86B44502A1-SegmentedRaftLogWorker] INFO  segmented.SegmentedRaftLogWorker (SegmentedRaftLogWorker.java:execute(601)) - c80f2544-efc8-492a-83e4-5b8bcbed7eb8@group-BD86B44502A1-SegmentedRaftLogWorker: created new log segment /home/runner/work/ozone/ozone/mnt/ozone/hadoop-ozone/integration-test/target/test-dir/MiniOzoneClusterImpl-01be8073-4a30-4c07-ba69-c81900f598d5/datanode-8/data/ratis/92661cd8-1084-46f9-bbf0-bd86b44502a1/current/log_inprogress_1
2021-05-27 14:49:18,241 [c80f2544-efc8-492a-83e4-5b8bcbed7eb8@group-BD86B44502A1-LeaderElection22] INFO  server.RaftServer$Division (ServerState.java:setRaftConf(373)) - c80f2544-efc8-492a-83e4-5b8bcbed7eb8@group-BD86B44502A1: set configuration 1: [8e6df144-c6f6-43b2-a2f1-262f0d8e0594|rpc:10.1.0.4:35723|dataStream:|priority:0, c80f2544-efc8-492a-83e4-5b8bcbed7eb8|rpc:10.1.0.4:35561|dataStream:|priority:1, 4028be1c-f04f-471f-a5c7-d66a385f5692|rpc:10.1.0.4:39853|dataStream:|priority:0], old=null
2021-05-27 14:49:18,242 [grpc-default-executor-3] INFO  ratis.XceiverServerRatis (XceiverServerRatis.java:handleLeaderChangedNotification(906)) - Leader change notification received for group: group-BD86B44502A1 with new leaderId: c80f2544-efc8-492a-83e4-5b8bcbed7eb8
2021-05-27 14:49:18,243 [grpc-default-executor-3] INFO  server.RaftServer$Division (ServerState.java:setLeader(271)) - 4028be1c-f04f-471f-a5c7-d66a385f5692@group-BD86B44502A1: change Leader from null to c80f2544-efc8-492a-83e4-5b8bcbed7eb8 at term 5 for appendEntries, leader elected after 10223ms
2021-05-27 14:49:18,243 [grpc-default-executor-3] INFO  server.RaftServer$Division (RaftServerImpl.java:checkInconsistentAppendEntries(1318)) - 4028be1c-f04f-471f-a5c7-d66a385f5692@group-BD86B44502A1: Failed appendEntries as previous log entry ((t:2, i:0)) is not found
2021-05-27 14:49:18,243 [grpc-default-executor-3] INFO  server.RaftServer$Division (RaftServerImpl.java:checkInconsistentAppendEntries(1284)) - 4028be1c-f04f-471f-a5c7-d66a385f5692@group-BD86B44502A1: inconsistency entries. Reply:c80f2544-efc8-492a-83e4-5b8bcbed7eb8<-4028be1c-f04f-471f-a5c7-d66a385f5692#0:FAIL-t5,INCONSISTENCY,nextIndex=0,followerCommit=-1
2021-05-27 14:49:18,245 [grpc-default-executor-3] INFO  leader.FollowerInfo (FollowerInfoImpl.java:lambda$new$0(46)) - c80f2544-efc8-492a-83e4-5b8bcbed7eb8@group-BD86B44502A1->4028be1c-f04f-471f-a5c7-d66a385f5692: nextIndex: updateUnconditionally 1 -> 0
2021-05-27 14:49:18,245 [grpc-default-executor-3] INFO  ratis.XceiverServerRatis (XceiverServerRatis.java:handleLeaderChangedNotification(906)) - Leader change notification received for group: group-BD86B44502A1 with new leaderId: c80f2544-efc8-492a-83e4-5b8bcbed7eb8
2021-05-27 14:49:18,245 [grpc-default-executor-3] INFO  server.RaftServer$Division (ServerState.java:setLeader(271)) - 8e6df144-c6f6-43b2-a2f1-262f0d8e0594@group-BD86B44502A1: change Leader from null to c80f2544-efc8-492a-83e4-5b8bcbed7eb8 at term 5 for appendEntries, leader elected after 20383ms
2021-05-27 14:49:18,245 [grpc-default-executor-3] INFO  server.RaftServer$Division (RaftServerImpl.java:checkInconsistentAppendEntries(1318)) - 8e6df144-c6f6-43b2-a2f1-262f0d8e0594@group-BD86B44502A1: Failed appendEntries as previous log entry ((t:2, i:0)) is not found
2021-05-27 14:49:18,245 [grpc-default-executor-3] INFO  server.RaftServer$Division (RaftServerImpl.java:checkInconsistentAppendEntries(1284)) - 8e6df144-c6f6-43b2-a2f1-262f0d8e0594@group-BD86B44502A1: inconsistency entries. Reply:c80f2544-efc8-492a-83e4-5b8bcbed7eb8<-8e6df144-c6f6-43b2-a2f1-262f0d8e0594#0:FAIL-t5,INCONSISTENCY,nextIndex=0,followerCommit=-1
2021-05-27 14:49:18,246 [grpc-default-executor-3] INFO  server.RaftServer$Division (RaftServerImpl.java:checkInconsistentAppendEntries(1318)) - 8e6df144-c6f6-43b2-a2f1-262f0d8e0594@group-BD86B44502A1: Failed appendEntries as previous log entry ((t:2, i:0)) is not found
2021-05-27 14:49:18,246 [grpc-default-executor-3] INFO  server.RaftServer$Division (RaftServerImpl.java:checkInconsistentAppendEntries(1284)) - 8e6df144-c6f6-43b2-a2f1-262f0d8e0594@group-BD86B44502A1: inconsistency entries. Reply:c80f2544-efc8-492a-83e4-5b8bcbed7eb8<-8e6df144-c6f6-43b2-a2f1-262f0d8e0594#1:FAIL-t5,INCONSISTENCY,nextIndex=0,followerCommit=-1
2021-05-27 14:49:18,246 [grpc-default-executor-1] INFO  leader.FollowerInfo (FollowerInfoImpl.java:lambda$new$0(46)) - c80f2544-efc8-492a-83e4-5b8bcbed7eb8@group-BD86B44502A1->8e6df144-c6f6-43b2-a2f1-262f0d8e0594: nextIndex: updateUnconditionally 2 -> 0
2021-05-27 14:49:18,252 [grpc-default-executor-1] INFO  server.RaftServer$Division (ServerState.java:setRaftConf(373)) - 4028be1c-f04f-471f-a5c7-d66a385f5692@group-BD86B44502A1: set configuration 0: [8e6df144-c6f6-43b2-a2f1-262f0d8e0594|rpc:10.1.0.4:35723|dataStream:|priority:0, c80f2544-efc8-492a-83e4-5b8bcbed7eb8|rpc:10.1.0.4:35561|dataStream:|priority:1, 4028be1c-f04f-471f-a5c7-d66a385f5692|rpc:10.1.0.4:39853|dataStream:|priority:0], old=null
2021-05-27 14:49:18,252 [grpc-default-executor-1] INFO  segmented.SegmentedRaftLogWorker (SegmentedRaftLogWorker.java:startLogSegment(394)) - 4028be1c-f04f-471f-a5c7-d66a385f5692@group-BD86B44502A1-SegmentedRaftLogWorker: Starting segment from index:0
2021-05-27 14:49:18,253 [4028be1c-f04f-471f-a5c7-d66a385f5692@group-BD86B44502A1-SegmentedRaftLogWorker] INFO  segmented.SegmentedRaftLogWorker (SegmentedRaftLogWorker.java:execute(601)) - 4028be1c-f04f-471f-a5c7-d66a385f5692@group-BD86B44502A1-SegmentedRaftLogWorker: created new log segment /home/runner/work/ozone/ozone/mnt/ozone/hadoop-ozone/integration-test/target/test-dir/MiniOzoneClusterImpl-01be8073-4a30-4c07-ba69-c81900f598d5/datanode-6/data/ratis/92661cd8-1084-46f9-bbf0-bd86b44502a1/current/log_inprogress_0
2021-05-27 14:49:18,258 [grpc-default-executor-1] INFO  server.RaftServer$Division (ServerState.java:setRaftConf(373)) - 4028be1c-f04f-471f-a5c7-d66a385f5692@group-BD86B44502A1: set configuration 1: [8e6df144-c6f6-43b2-a2f1-262f0d8e0594|rpc:10.1.0.4:35723|dataStream:|priority:0, c80f2544-efc8-492a-83e4-5b8bcbed7eb8|rpc:10.1.0.4:35561|dataStream:|priority:1, 4028be1c-f04f-471f-a5c7-d66a385f5692|rpc:10.1.0.4:39853|dataStream:|priority:0], old=null
2021-05-27 14:49:18,258 [grpc-default-executor-1] INFO  segmented.SegmentedRaftLogWorker (SegmentedRaftLogWorker.java:rollLogSegment(399)) - 4028be1c-f04f-471f-a5c7-d66a385f5692@group-BD86B44502A1-SegmentedRaftLogWorker: Rolling segment log-0_0 to index:0
2021-05-27 14:49:18,266 [4028be1c-f04f-471f-a5c7-d66a385f5692@group-BD86B44502A1-SegmentedRaftLogWorker] INFO  segmented.SegmentedRaftLogWorker (SegmentedRaftLogWorker.java:execute(558)) - 4028be1c-f04f-471f-a5c7-d66a385f5692@group-BD86B44502A1-SegmentedRaftLogWorker: Rolled log segment from /home/runner/work/ozone/ozone/mnt/ozone/hadoop-ozone/integration-test/target/test-dir/MiniOzoneClusterImpl-01be8073-4a30-4c07-ba69-c81900f598d5/datanode-6/data/ratis/92661cd8-1084-46f9-bbf0-bd86b44502a1/current/log_inprogress_0 to /home/runner/work/ozone/ozone/mnt/ozone/hadoop-ozone/integration-test/target/test-dir/MiniOzoneClusterImpl-01be8073-4a30-4c07-ba69-c81900f598d5/datanode-6/data/ratis/92661cd8-1084-46f9-bbf0-bd86b44502a1/current/log_0-0
2021-05-27 14:49:18,267 [grpc-default-executor-3] INFO  leader.FollowerInfo (FollowerInfoImpl.java:lambda$new$0(46)) - c80f2544-efc8-492a-83e4-5b8bcbed7eb8@group-BD86B44502A1->8e6df144-c6f6-43b2-a2f1-262f0d8e0594: nextIndex: updateUnconditionally 2 -> 0
2021-05-27 14:49:18,268 [4028be1c-f04f-471f-a5c7-d66a385f5692@group-BD86B44502A1-SegmentedRaftLogWorker] INFO  segmented.SegmentedRaftLogWorker (SegmentedRaftLogWorker.java:execute(601)) - 4028be1c-f04f-471f-a5c7-d66a385f5692@group-BD86B44502A1-SegmentedRaftLogWorker: created new log segment /home/runner/work/ozone/ozone/mnt/ozone/hadoop-ozone/integration-test/target/test-dir/MiniOzoneClusterImpl-01be8073-4a30-4c07-ba69-c81900f598d5/datanode-6/data/ratis/92661cd8-1084-46f9-bbf0-bd86b44502a1/current/log_inprogress_1
2021-05-27 14:49:18,268 [grpc-default-executor-1] INFO  server.RaftServer$Division (ServerState.java:setRaftConf(373)) - 8e6df144-c6f6-43b2-a2f1-262f0d8e0594@group-BD86B44502A1: set configuration 0: [8e6df144-c6f6-43b2-a2f1-262f0d8e0594|rpc:10.1.0.4:35723|dataStream:|priority:0, c80f2544-efc8-492a-83e4-5b8bcbed7eb8|rpc:10.1.0.4:35561|dataStream:|priority:1, 4028be1c-f04f-471f-a5c7-d66a385f5692|rpc:10.1.0.4:39853|dataStream:|priority:0], old=null
2021-05-27 14:49:18,268 [grpc-default-executor-1] INFO  segmented.SegmentedRaftLogWorker (SegmentedRaftLogWorker.java:startLogSegment(394)) - 8e6df144-c6f6-43b2-a2f1-262f0d8e0594@group-BD86B44502A1-SegmentedRaftLogWorker: Starting segment from index:0
2021-05-27 14:49:18,269 [grpc-default-executor-1] INFO  server.RaftServer$Division (ServerState.java:setRaftConf(373)) - 8e6df144-c6f6-43b2-a2f1-262f0d8e0594@group-BD86B44502A1: set configuration 1: [8e6df144-c6f6-43b2-a2f1-262f0d8e0594|rpc:10.1.0.4:35723|dataStream:|priority:0, c80f2544-efc8-492a-83e4-5b8bcbed7eb8|rpc:10.1.0.4:35561|dataStream:|priority:1, 4028be1c-f04f-471f-a5c7-d66a385f5692|rpc:10.1.0.4:39853|dataStream:|priority:0], old=null
2021-05-27 14:49:18,269 [grpc-default-executor-1] INFO  segmented.SegmentedRaftLogWorker (SegmentedRaftLogWorker.java:rollLogSegment(399)) - 8e6df144-c6f6-43b2-a2f1-262f0d8e0594@group-BD86B44502A1-SegmentedRaftLogWorker: Rolling segment log-0_0 to index:0
2021-05-27 14:49:18,270 [8e6df144-c6f6-43b2-a2f1-262f0d8e0594@group-BD86B44502A1-SegmentedRaftLogWorker] INFO  segmented.SegmentedRaftLogWorker (SegmentedRaftLogWorker.java:execute(601)) - 8e6df144-c6f6-43b2-a2f1-262f0d8e0594@group-BD86B44502A1-SegmentedRaftLogWorker: created new log segment /home/runner/work/ozone/ozone/mnt/ozone/hadoop-ozone/integration-test/target/test-dir/MiniOzoneClusterImpl-01be8073-4a30-4c07-ba69-c81900f598d5/datanode-7/data/ratis/92661cd8-1084-46f9-bbf0-bd86b44502a1/current/log_inprogress_0
2021-05-27 14:49:18,271 [grpc-default-executor-1] INFO  server.RaftServer$Division (ServerState.java:setRaftConf(373)) - 8e6df144-c6f6-43b2-a2f1-262f0d8e0594@group-BD86B44502A1: set configuration 0: [8e6df144-c6f6-43b2-a2f1-262f0d8e0594|rpc:10.1.0.4:35723|dataStream:|priority:0, c80f2544-efc8-492a-83e4-5b8bcbed7eb8|rpc:10.1.0.4:35561|dataStream:|priority:1, 4028be1c-f04f-471f-a5c7-d66a385f5692|rpc:10.1.0.4:39853|dataStream:|priority:0], old=null
2021-05-27 14:49:18,274 [grpc-default-executor-1] INFO  server.RaftServer$Division (ServerState.java:setRaftConf(373)) - 8e6df144-c6f6-43b2-a2f1-262f0d8e0594@group-BD86B44502A1: set configuration 1: [8e6df144-c6f6-43b2-a2f1-262f0d8e0594|rpc:10.1.0.4:35723|dataStream:|priority:0, c80f2544-efc8-492a-83e4-5b8bcbed7eb8|rpc:10.1.0.4:35561|dataStream:|priority:1, 4028be1c-f04f-471f-a5c7-d66a385f5692|rpc:10.1.0.4:39853|dataStream:|priority:0], old=null
2021-05-27 14:49:18,274 [8e6df144-c6f6-43b2-a2f1-262f0d8e0594@group-BD86B44502A1-SegmentedRaftLogWorker] INFO  segmented.SegmentedRaftLogWorker (SegmentedRaftLogWorker.java:execute(558)) - 8e6df144-c6f6-43b2-a2f1-262f0d8e0594@group-BD86B44502A1-SegmentedRaftLogWorker: Rolled log segment from /home/runner/work/ozone/ozone/mnt/ozone/hadoop-ozone/integration-test/target/test-dir/MiniOzoneClusterImpl-01be8073-4a30-4c07-ba69-c81900f598d5/datanode-7/data/ratis/92661cd8-1084-46f9-bbf0-bd86b44502a1/current/log_inprogress_0 to /home/runner/work/ozone/ozone/mnt/ozone/hadoop-ozone/integration-test/target/test-dir/MiniOzoneClusterImpl-01be8073-4a30-4c07-ba69-c81900f598d5/datanode-7/data/ratis/92661cd8-1084-46f9-bbf0-bd86b44502a1/current/log_0-0
2021-05-27 14:49:18,275 [8e6df144-c6f6-43b2-a2f1-262f0d8e0594@group-BD86B44502A1-SegmentedRaftLogWorker] INFO  segmented.SegmentedRaftLogWorker (SegmentedRaftLogWorker.java:execute(601)) - 8e6df144-c6f6-43b2-a2f1-262f0d8e0594@group-BD86B44502A1-SegmentedRaftLogWorker: created new log segment /home/runner/work/ozone/ozone/mnt/ozone/hadoop-ozone/integration-test/target/test-dir/MiniOzoneClusterImpl-01be8073-4a30-4c07-ba69-c81900f598d5/datanode-7/data/ratis/92661cd8-1084-46f9-bbf0-bd86b44502a1/current/log_inprogress_1
2021-05-27 14:49:21,521 [java.util.concurrent.ThreadPoolExecutor$Worker@42ad05c2[State = -1, empty queue]] INFO  metrics.RatisMetrics (RatisMetrics.java:lambda$create$0(36)) - Creating Metrics Registry : ratis.client_message_metrics.client-3D514AACB198->8e6df144-c6f6-43b2-a2f1-262f0d8e0594
2021-05-27 14:49:21,534 [Listener at 127.0.0.1/33213] WARN  io.KeyOutputStream (KeyOutputStream.java:handleException(311)) - Encountered exception java.io.IOException: Unexpected Storage Container Exception: java.util.concurrent.CompletionException: Failed to write chunk 107544261427200001_chunk_1 into block conID: 1 locID: 107544261427200001 bcsId: 0 on the pipeline Pipeline[ Id: 92661cd8-1084-46f9-bbf0-bd86b44502a1, Nodes: c80f2544-efc8-492a-83e4-5b8bcbed7eb8{ip: 10.1.0.4, host: fv-az270-287.tacnzluakwdehk1hpragurqkma.bx.internal.cloudapp.net, ports: [REPLICATION=44649, RATIS=35561, RATIS_ADMIN=35561, RATIS_SERVER=35561, STANDALONE=39239], networkLocation: /default-rack, certSerialId: null, persistedOpState: IN_SERVICE, persistedOpStateExpiryEpochSec: 0}4028be1c-f04f-471f-a5c7-d66a385f5692{ip: 10.1.0.4, host: fv-az270-287.tacnzluakwdehk1hpragurqkma.bx.internal.cloudapp.net, ports: [REPLICATION=38577, RATIS=39853, RATIS_ADMIN=39853, RATIS_SERVER=39853, STANDALONE=41673], networkLocation: /default-rack, certSerialId: null, persistedOpState: IN_SERVICE, persistedOpStateExpiryEpochSec: 0}8e6df144-c6f6-43b2-a2f1-262f0d8e0594{ip: 10.1.0.4, host: fv-az270-287.tacnzluakwdehk1hpragurqkma.bx.internal.cloudapp.net, ports: [REPLICATION=37559, RATIS=35723, RATIS_ADMIN=35723, RATIS_SERVER=35723, STANDALONE=40251], networkLocation: /default-rack, certSerialId: null, persistedOpState: IN_SERVICE, persistedOpStateExpiryEpochSec: 0}, ReplicationConfig: RATIS/THREE, State:OPEN, leaderId:c80f2544-efc8-492a-83e4-5b8bcbed7eb8, CreationTimestamp2021-05-27T14:48:54.891Z]. The last committed block length is 0, uncommitted data length is 400 retry count 0
2021-05-27 14:49:21,570 [Listener at 127.0.0.1/33213] INFO  metrics.RatisMetrics (RatisMetrics.java:lambda$create$0(36)) - Creating Metrics Registry : ratis.client_message_metrics.client-5588A6C380AA->ac3fbd16-1d83-453c-852e-871f53a8d589
2021-05-27 14:49:21,846 [Listener at 127.0.0.1/33213] INFO  ozone.MiniOzoneClusterImpl (MiniOzoneClusterImpl.java:shutdown(443)) - Shutting down the Mini Ozone Cluster
2021-05-27 14:49:21,846 [Listener at 127.0.0.1/33213] INFO  ozone.MiniOzoneClusterImpl (MiniOzoneClusterImpl.java:stop(458)) - Stopping the Mini Ozone Cluster
2021-05-27 14:49:21,846 [Listener at 127.0.0.1/33213] INFO  ozone.MiniOzoneClusterImpl (MiniOzoneClusterImpl.java:stopOM(540)) - Stopping the OzoneManager
2021-05-27 14:49:21,847 [Listener at 127.0.0.1/33213] INFO  ipc.Server (Server.java:stop(3403)) - Stopping server on 33213
2021-05-27 14:49:21,850 [IPC Server listener on 0] INFO  ipc.Server (Server.java:run(1366)) - Stopping IPC Server listener on 0
2021-05-27 14:49:21,851 [IPC Server Responder] INFO  ipc.Server (Server.java:run(1502)) - Stopping IPC Server Responder
2021-05-27 14:49:21,851 [Listener at 127.0.0.1/33213] INFO  server.RaftServer (RaftServerProxy.java:lambda$close$6(391)) - om1: close
2021-05-27 14:49:21,852 [Listener at 127.0.0.1/33213] INFO  server.RaftServer$Division (RaftServerImpl.java:lambda$close$4(406)) - om1@group-C5BA1605619E: shutdown
2021-05-27 14:49:21,852 [Listener at 127.0.0.1/33213] INFO  util.JmxRegister (JmxRegister.java:unregister(73)) - Successfully un-registered JMX Bean with object name Ratis:service=RaftServer,group=group-C5BA1605619E,id=om1
2021-05-27 14:49:21,852 [Listener at 127.0.0.1/33213] INFO  impl.RoleInfo (RoleInfo.java:shutdownLeaderState(91)) - om1: shutdown om1@group-C5BA1605619E-LeaderStateImpl
2021-05-27 14:49:21,852 [Listener at 127.0.0.1/33213] INFO  impl.PendingRequests (PendingRequests.java:sendNotLeaderResponses(249)) - om1@group-C5BA1605619E-PendingRequests: sendNotLeaderResponses
2021-05-27 14:49:21,854 [Listener at 127.0.0.1/33213] INFO  metrics.RatisMetrics (RatisMetrics.java:unregister(43)) - Unregistering Metrics Registry : ratis.log_appender.om1@group-C5BA1605619E
2021-05-27 14:49:21,854 [Listener at 127.0.0.1/33213] INFO  metrics.RatisMetrics (RatisMetrics.java:unregister(43)) - Unregistering Metrics Registry : ratis.server.om1@group-C5BA1605619E
2021-05-27 14:49:21,855 [Listener at 127.0.0.1/33213] INFO  impl.StateMachineUpdater (StateMachineUpdater.java:stopAndJoin(149)) - om1@group-C5BA1605619E-StateMachineUpdater: set stopIndex = 8
2021-05-27 14:49:21,855 [om1@group-C5BA1605619E-StateMachineUpdater] INFO  ratis.OzoneManagerStateMachine (OzoneManagerStateMachine.java:takeSnapshot(347)) - Current Snapshot Index (t:1, i:8)
2021-05-27 14:49:21,856 [om1@group-C5BA1605619E-StateMachineUpdater] INFO  impl.StateMachineUpdater (StateMachineUpdater.java:takeSnapshot(281)) - om1@group-C5BA1605619E-StateMachineUpdater: Took a snapshot at index 8
2021-05-27 14:49:21,856 [om1@group-C5BA1605619E-StateMachineUpdater] INFO  impl.StateMachineUpdater (StateMachineUpdater.java:lambda$new$0(89)) - om1@group-C5BA1605619E-StateMachineUpdater: snapshotIndex: updateIncreasingly -1 -> 8
2021-05-27 14:49:21,856 [om1@group-C5BA1605619E-StateMachineUpdater] INFO  metrics.RatisMetrics (RatisMetrics.java:unregister(43)) - Unregistering Metrics Registry : ratis.state_machine.om1@group-C5BA1605619E
2021-05-27 14:49:21,856 [Listener at 127.0.0.1/33213] INFO  server.RaftServer$Division (ServerState.java:close(405)) - om1@group-C5BA1605619E: closes. applyIndex: 8
2021-05-27 14:49:21,857 [om1@group-C5BA1605619E-SegmentedRaftLogWorker] INFO  segmented.SegmentedRaftLogWorker (SegmentedRaftLogWorker.java:run(327)) - om1@group-C5BA1605619E-SegmentedRaftLogWorker was interrupted, exiting. There are 0 tasks remaining in the queue.
2021-05-27 14:49:21,858 [Listener at 127.0.0.1/33213] INFO  segmented.SegmentedRaftLogWorker (SegmentedRaftLogWorker.java:close(237)) - om1@group-C5BA1605619E-SegmentedRaftLogWorker close()
2021-05-27 14:49:21,858 [Listener at 127.0.0.1/33213] INFO  metrics.RatisMetrics (RatisMetrics.java:unregister(43)) - Unregistering Metrics Registry : ratis.log_worker.om1@group-C5BA1605619E
2021-05-27 14:49:21,859 [Listener at 127.0.0.1/33213] INFO  metrics.RatisMetrics (RatisMetrics.java:unregister(43)) - Unregistering Metrics Registry : ratis.leader_election.om1@group-C5BA1605619E
2021-05-27 14:49:21,859 [Listener at 127.0.0.1/33213] INFO  metrics.RatisMetrics (RatisMetrics.java:unregister(43)) - Unregistering Metrics Registry : ratis.server.om1@group-C5BA1605619E
2021-05-27 14:49:21,859 [Listener at 127.0.0.1/33213] INFO  server.GrpcService (GrpcService.java:closeImpl(262)) - om1: shutdown server with port 9872 now
2021-05-27 14:49:21,861 [Listener at 127.0.0.1/33213] INFO  server.GrpcService (GrpcService.java:closeImpl(271)) - om1: shutdown server with port 9872 successfully
2021-05-27 14:49:21,861 [org.apache.ratis.util.JvmPauseMonitor$$Lambda$513/734719022@45cce4c2] INFO  util.JvmPauseMonitor (JvmPauseMonitor.java:run(109)) - JvmPauseMonitor-om1: Stopped
2021-05-27 14:49:21,861 [Listener at 127.0.0.1/33213] INFO  ratis.OzoneManagerDoubleBuffer (OzoneManagerDoubleBuffer.java:stop(426)) - Stopping OMDoubleBuffer flush thread
2021-05-27 14:49:21,864 [OMDoubleBufferFlushThread] INFO  ratis.OzoneManagerDoubleBuffer (OzoneManagerDoubleBuffer.java:flushTransactions(353)) - OMDoubleBuffer flush thread OMDoubleBufferFlushThread is interrupted and will exit. OMDoubleBufferFlushThread
2021-05-27 14:49:21,865 [Listener at 127.0.0.1/33213] INFO  ratis.OzoneManagerStateMachine (HadoopExecutors.java:shutdown(118)) - Gracefully shutting down executor service. Waiting max 5 SECONDS
2021-05-27 14:49:21,865 [Listener at 127.0.0.1/33213] INFO  ratis.OzoneManagerStateMachine (HadoopExecutors.java:shutdown(129)) - Succesfully shutdown executor service
2021-05-27 14:49:21,865 [Listener at 127.0.0.1/33213] INFO  ratis.OzoneManagerStateMachine (HadoopExecutors.java:shutdown(118)) - Gracefully shutting down executor service. Waiting max 5 SECONDS
2021-05-27 14:49:21,865 [Listener at 127.0.0.1/33213] INFO  ratis.OzoneManagerStateMachine (HadoopExecutors.java:shutdown(129)) - Succesfully shutdown executor service
2021-05-27 14:49:21,865 [Listener at 127.0.0.1/33213] INFO  utils.BackgroundService (BackgroundService.java:shutdown(132)) - Shutting down service KeyDeletingService
2021-05-27 14:49:21,867 [Listener at 127.0.0.1/33213] INFO  handler.ContextHandler (ContextHandler.java:doStop(1154)) - Stopped o.e.j.w.WebAppContext@42d65ffc{ozoneManager,/,null,STOPPED}{file:/home/runner/work/ozone/ozone/mnt/ozone/hadoop-ozone/integration-test/target/test-classes/webapps/ozoneManager}
2021-05-27 14:49:21,870 [Listener at 127.0.0.1/33213] INFO  server.AbstractConnector (AbstractConnector.java:doStop(381)) - Stopped ServerConnector@4dc23273{HTTP/1.1, (http/1.1)}{0.0.0.0:0}
2021-05-27 14:49:21,870 [Listener at 127.0.0.1/33213] INFO  server.session (HouseKeeper.java:stopScavenging(149)) - node0 Stopped scavenging
2021-05-27 14:49:21,871 [Listener at 127.0.0.1/33213] INFO  handler.ContextHandler (ContextHandler.java:doStop(1154)) - Stopped o.e.j.s.ServletContextHandler@5eabcf77{static,/static,file:///home/runner/work/ozone/ozone/mnt/ozone/hadoop-ozone/integration-test/target/test-classes/webapps/static,STOPPED}
2021-05-27 14:49:21,871 [Listener at 127.0.0.1/33213] INFO  handler.ContextHandler (ContextHandler.java:doStop(1154)) - Stopped o.e.j.s.ServletContextHandler@7bd6c35e{logs,/logs,file:///home/runner/work/ozone/ozone/mnt/ozone/hadoop-ozone/integration-test/target/log,STOPPED}
2021-05-27 14:49:21,872 [Listener at 127.0.0.1/33213] INFO  ozone.MiniOzoneClusterImpl (MiniOzoneClusterImpl.java:stopDatanodes(517)) - Stopping the HddsDatanodes
2021-05-27 14:49:22,512 [Datanode State Machine Thread - 0] INFO  statemachine.DatanodeStateMachine (DatanodeStateMachine.java:lambda$startDaemon$0(417)) - Ozone container server started.
2021-05-27 14:49:22,736 [Datanode State Machine Thread - 0] INFO  statemachine.DatanodeStateMachine (DatanodeStateMachine.java:lambda$startDaemon$0(417)) - Ozone container server started.
2021-05-27 14:49:22,887 [fe96208f-f4a6-407e-8fa5-c04d11db231e@group-BEB3CAD4BD71-FollowerState] INFO  impl.FollowerState (FollowerState.java:run(134)) - fe96208f-f4a6-407e-8fa5-c04d11db231e@group-BEB3CAD4BD71-FollowerState: change to CANDIDATE, lastRpcElapsedTime:5046358433ns, electionTimeout:5046ms
2021-05-27 14:49:22,888 [fe96208f-f4a6-407e-8fa5-c04d11db231e@group-BEB3CAD4BD71-FollowerState] INFO  impl.RoleInfo (RoleInfo.java:shutdownFollowerState(108)) - fe96208f-f4a6-407e-8fa5-c04d11db231e: shutdown fe96208f-f4a6-407e-8fa5-c04d11db231e@group-BEB3CAD4BD71-FollowerState
2021-05-27 14:49:22,888 [fe96208f-f4a6-407e-8fa5-c04d11db231e@group-BEB3CAD4BD71-FollowerState] INFO  server.RaftServer$Division (RaftServerImpl.java:setRole(284)) - fe96208f-f4a6-407e-8fa5-c04d11db231e@group-BEB3CAD4BD71: changes role from  FOLLOWER to CANDIDATE at term 4 for changeToCandidate
2021-05-27 14:49:22,888 [fe96208f-f4a6-407e-8fa5-c04d11db231e@group-BEB3CAD4BD71-FollowerState] INFO  server.RaftServerConfigKeys (ConfUtils.java:logGet(44)) - raft.server.leaderelection.pre-vote = false (custom)
2021-05-27 14:49:22,888 [fe96208f-f4a6-407e-8fa5-c04d11db231e@group-BEB3CAD4BD71-FollowerState] INFO  impl.RoleInfo (RoleInfo.java:updateAndGet(130)) - fe96208f-f4a6-407e-8fa5-c04d11db231e: start fe96208f-f4a6-407e-8fa5-c04d11db231e@group-BEB3CAD4BD71-LeaderElection23
2021-05-27 14:49:22,890 [fe96208f-f4a6-407e-8fa5-c04d11db231e@group-BEB3CAD4BD71-LeaderElection23] INFO  impl.LeaderElection (LeaderElection.java:askForVotes(306)) - fe96208f-f4a6-407e-8fa5-c04d11db231e@group-BEB3CAD4BD71-LeaderElection23 ELECTION round 0: submit vote requests at term 5 for -1: [fe96208f-f4a6-407e-8fa5-c04d11db231e|rpc:10.1.0.4:42335|priority:0, 79a5c71d-05f9-4896-b0a5-ed7a69f27e7b|rpc:10.1.0.4:37273|priority:1, 58901a56-5ead-441d-bada-0c2dcec13c3c|rpc:10.1.0.4:34635|priority:0], old=null
2021-05-27 14:49:22,892 [grpc-default-executor-3] INFO  server.RaftServer$Division (RaftServerImpl.java:requestVote(1042)) - 79a5c71d-05f9-4896-b0a5-ed7a69f27e7b@group-BEB3CAD4BD71: receive requestVote(ELECTION, fe96208f-f4a6-407e-8fa5-c04d11db231e, group-BEB3CAD4BD71, 5, (t:0, i:0))
2021-05-27 14:49:22,893 [grpc-default-executor-3] INFO  impl.VoteContext (VoteContext.java:log(48)) - 79a5c71d-05f9-4896-b0a5-ed7a69f27e7b@group-BEB3CAD4BD71-FOLLOWER: reject ELECTION from fe96208f-f4a6-407e-8fa5-c04d11db231e: our priority 1 > candidate's priority 0
2021-05-27 14:49:22,893 [grpc-default-executor-3] INFO  server.RaftServer$Division (RaftServerImpl.java:setRole(284)) - 79a5c71d-05f9-4896-b0a5-ed7a69f27e7b@group-BEB3CAD4BD71: changes role from  FOLLOWER to FOLLOWER at term 5 for candidate:fe96208f-f4a6-407e-8fa5-c04d11db231e
2021-05-27 14:49:22,893 [grpc-default-executor-3] INFO  impl.RoleInfo (RoleInfo.java:shutdownFollowerState(108)) - 79a5c71d-05f9-4896-b0a5-ed7a69f27e7b: shutdown 79a5c71d-05f9-4896-b0a5-ed7a69f27e7b@group-BEB3CAD4BD71-FollowerState
2021-05-27 14:49:22,893 [grpc-default-executor-3] INFO  impl.RoleInfo (RoleInfo.java:updateAndGet(130)) - 79a5c71d-05f9-4896-b0a5-ed7a69f27e7b: start 79a5c71d-05f9-4896-b0a5-ed7a69f27e7b@group-BEB3CAD4BD71-FollowerState
2021-05-27 14:49:22,893 [79a5c71d-05f9-4896-b0a5-ed7a69f27e7b@group-BEB3CAD4BD71-FollowerState] INFO  impl.FollowerState (FollowerState.java:run(143)) - 79a5c71d-05f9-4896-b0a5-ed7a69f27e7b@group-BEB3CAD4BD71-FollowerState was interrupted: {}
java.lang.InterruptedException: sleep interrupted
	at java.lang.Thread.sleep(Native Method)
	at java.lang.Thread.sleep(Thread.java:340)
	at java.util.concurrent.TimeUnit.sleep(TimeUnit.java:386)
	at org.apache.ratis.util.TimeDuration.sleep(TimeDuration.java:324)
	at org.apache.ratis.util.TimeDuration.sleep(TimeDuration.java:309)
	at org.apache.ratis.server.impl.FollowerState.run(FollowerState.java:118)
2021-05-27 14:49:22,894 [grpc-default-executor-1] INFO  server.RaftServer$Division (RaftServerImpl.java:requestVote(1042)) - 58901a56-5ead-441d-bada-0c2dcec13c3c@group-BEB3CAD4BD71: receive requestVote(ELECTION, fe96208f-f4a6-407e-8fa5-c04d11db231e, group-BEB3CAD4BD71, 5, (t:0, i:0))
2021-05-27 14:49:22,894 [grpc-default-executor-1] INFO  impl.VoteContext (VoteContext.java:log(48)) - 58901a56-5ead-441d-bada-0c2dcec13c3c@group-BEB3CAD4BD71-FOLLOWER: accept ELECTION from fe96208f-f4a6-407e-8fa5-c04d11db231e: our priority 0 <= candidate's priority 0
2021-05-27 14:49:22,895 [grpc-default-executor-1] INFO  server.RaftServer$Division (RaftServerImpl.java:setRole(284)) - 58901a56-5ead-441d-bada-0c2dcec13c3c@group-BEB3CAD4BD71: changes role from  FOLLOWER to FOLLOWER at term 5 for candidate:fe96208f-f4a6-407e-8fa5-c04d11db231e
2021-05-27 14:49:22,895 [grpc-default-executor-1] INFO  impl.RoleInfo (RoleInfo.java:shutdownFollowerState(108)) - 58901a56-5ead-441d-bada-0c2dcec13c3c: shutdown 58901a56-5ead-441d-bada-0c2dcec13c3c@group-BEB3CAD4BD71-FollowerState
2021-05-27 14:49:22,895 [grpc-default-executor-1] INFO  impl.RoleInfo (RoleInfo.java:updateAndGet(130)) - 58901a56-5ead-441d-bada-0c2dcec13c3c: start 58901a56-5ead-441d-bada-0c2dcec13c3c@group-BEB3CAD4BD71-FollowerState
2021-05-27 14:49:22,895 [58901a56-5ead-441d-bada-0c2dcec13c3c@group-BEB3CAD4BD71-FollowerState] INFO  impl.FollowerState (FollowerState.java:run(143)) - 58901a56-5ead-441d-bada-0c2dcec13c3c@group-BEB3CAD4BD71-FollowerState was interrupted: {}
java.lang.InterruptedException: sleep interrupted
	at java.lang.Thread.sleep(Native Method)
	at java.lang.Thread.sleep(Thread.java:340)
	at java.util.concurrent.TimeUnit.sleep(TimeUnit.java:386)
	at org.apache.ratis.util.TimeDuration.sleep(TimeDuration.java:324)
	at org.apache.ratis.util.TimeDuration.sleep(TimeDuration.java:309)
	at org.apache.ratis.server.impl.FollowerState.run(FollowerState.java:118)
2021-05-27 14:49:22,902 [grpc-default-executor-3] INFO  server.RaftServer$Division (RaftServerImpl.java:requestVote(1074)) - 79a5c71d-05f9-4896-b0a5-ed7a69f27e7b@group-BEB3CAD4BD71 replies to ELECTION vote request: fe96208f-f4a6-407e-8fa5-c04d11db231e<-79a5c71d-05f9-4896-b0a5-ed7a69f27e7b#0:FAIL-t5. Peer's state: 79a5c71d-05f9-4896-b0a5-ed7a69f27e7b@group-BEB3CAD4BD71:t5, leader=null, voted=null, raftlog=79a5c71d-05f9-4896-b0a5-ed7a69f27e7b@group-BEB3CAD4BD71-SegmentedRaftLog:OPENED:c-1,f-1,i0, conf=-1: [fe96208f-f4a6-407e-8fa5-c04d11db231e|rpc:10.1.0.4:42335|priority:0, 79a5c71d-05f9-4896-b0a5-ed7a69f27e7b|rpc:10.1.0.4:37273|priority:1, 58901a56-5ead-441d-bada-0c2dcec13c3c|rpc:10.1.0.4:34635|priority:0], old=null
2021-05-27 14:49:22,903 [fe96208f-f4a6-407e-8fa5-c04d11db231e@group-BEB3CAD4BD71-LeaderElection23] INFO  impl.LeaderElection (LeaderElection.java:logAndReturn(89)) - fe96208f-f4a6-407e-8fa5-c04d11db231e@group-BEB3CAD4BD71-LeaderElection23: ELECTION REJECTED received 1 response(s) and 0 exception(s):
2021-05-27 14:49:22,903 [fe96208f-f4a6-407e-8fa5-c04d11db231e@group-BEB3CAD4BD71-LeaderElection23] INFO  impl.LeaderElection (LeaderElection.java:logAndReturn(93)) -   Response 0: fe96208f-f4a6-407e-8fa5-c04d11db231e<-79a5c71d-05f9-4896-b0a5-ed7a69f27e7b#0:FAIL-t5
2021-05-27 14:49:22,903 [fe96208f-f4a6-407e-8fa5-c04d11db231e@group-BEB3CAD4BD71-LeaderElection23] INFO  impl.LeaderElection (LeaderElection.java:askForVotes(308)) - fe96208f-f4a6-407e-8fa5-c04d11db231e@group-BEB3CAD4BD71-LeaderElection23 ELECTION round 0: result REJECTED
2021-05-27 14:49:22,903 [fe96208f-f4a6-407e-8fa5-c04d11db231e@group-BEB3CAD4BD71-LeaderElection23] INFO  server.RaftServer$Division (RaftServerImpl.java:setRole(284)) - fe96208f-f4a6-407e-8fa5-c04d11db231e@group-BEB3CAD4BD71: changes role from CANDIDATE to FOLLOWER at term 5 for REJECTED
2021-05-27 14:49:22,903 [fe96208f-f4a6-407e-8fa5-c04d11db231e@group-BEB3CAD4BD71-LeaderElection23] INFO  impl.RoleInfo (RoleInfo.java:shutdownLeaderElection(121)) - fe96208f-f4a6-407e-8fa5-c04d11db231e: shutdown fe96208f-f4a6-407e-8fa5-c04d11db231e@group-BEB3CAD4BD71-LeaderElection23
2021-05-27 14:49:22,903 [fe96208f-f4a6-407e-8fa5-c04d11db231e@group-BEB3CAD4BD71-LeaderElection23] INFO  impl.RoleInfo (RoleInfo.java:updateAndGet(130)) - fe96208f-f4a6-407e-8fa5-c04d11db231e: start fe96208f-f4a6-407e-8fa5-c04d11db231e@group-BEB3CAD4BD71-FollowerState
2021-05-27 14:49:22,903 [grpc-default-executor-1] INFO  server.RaftServer$Division (RaftServerImpl.java:requestVote(1074)) - 58901a56-5ead-441d-bada-0c2dcec13c3c@group-BEB3CAD4BD71 replies to ELECTION vote request: fe96208f-f4a6-407e-8fa5-c04d11db231e<-58901a56-5ead-441d-bada-0c2dcec13c3c#0:OK-t5. Peer's state: 58901a56-5ead-441d-bada-0c2dcec13c3c@group-BEB3CAD4BD71:t5, leader=null, voted=fe96208f-f4a6-407e-8fa5-c04d11db231e, raftlog=58901a56-5ead-441d-bada-0c2dcec13c3c@group-BEB3CAD4BD71-SegmentedRaftLog:OPENED:c-1,f-1,i0, conf=-1: [fe96208f-f4a6-407e-8fa5-c04d11db231e|rpc:10.1.0.4:42335|dataStream:|priority:0, 79a5c71d-05f9-4896-b0a5-ed7a69f27e7b|rpc:10.1.0.4:37273|dataStream:|priority:1, 58901a56-5ead-441d-bada-0c2dcec13c3c|rpc:10.1.0.4:34635|dataStream:|priority:0], old=null
2021-05-27 14:49:26,874 [Listener at 127.0.0.1/33213] INFO  ozoneimpl.OzoneContainer (OzoneContainer.java:stop(316)) - Attempting to stop container services.
2021-05-27 14:49:26,874 [ForkJoinPool.commonPool-worker-1] INFO  ozoneimpl.OzoneContainer (OzoneContainer.java:stop(316)) - Attempting to stop container services.
2021-05-27 14:49:26,875 [Listener at 127.0.0.1/33213] INFO  server.RaftServer (RaftServerProxy.java:lambda$close$6(391)) - 79a5c71d-05f9-4896-b0a5-ed7a69f27e7b: close
2021-05-27 14:49:26,875 [ForkJoinPool.commonPool-worker-1] INFO  server.RaftServer (RaftServerProxy.java:lambda$close$6(391)) - d3bd078d-6cea-4f12-8d62-4874212fc6f9: close
2021-05-27 14:49:26,875 [Listener at 127.0.0.1/33213] INFO  server.RaftServer$Division (RaftServerImpl.java:lambda$close$4(406)) - 79a5c71d-05f9-4896-b0a5-ed7a69f27e7b@group-BEB3CAD4BD71: shutdown
2021-05-27 14:49:26,875 [ForkJoinPool.commonPool-worker-1] INFO  server.RaftServer$Division (RaftServerImpl.java:lambda$close$4(406)) - d3bd078d-6cea-4f12-8d62-4874212fc6f9@group-7E7F43F1B432: shutdown
2021-05-27 14:49:26,875 [Listener at 127.0.0.1/33213] INFO  util.JmxRegister (JmxRegister.java:unregister(73)) - Successfully un-registered JMX Bean with object name Ratis:service=RaftServer,group=group-BEB3CAD4BD71,id=79a5c71d-05f9-4896-b0a5-ed7a69f27e7b
2021-05-27 14:49:26,876 [Listener at 127.0.0.1/33213] INFO  impl.RoleInfo (RoleInfo.java:shutdownFollowerState(108)) - 79a5c71d-05f9-4896-b0a5-ed7a69f27e7b: shutdown 79a5c71d-05f9-4896-b0a5-ed7a69f27e7b@group-BEB3CAD4BD71-FollowerState
2021-05-27 14:49:26,876 [Listener at 127.0.0.1/33213] INFO  impl.StateMachineUpdater (StateMachineUpdater.java:stopAndJoin(149)) - 79a5c71d-05f9-4896-b0a5-ed7a69f27e7b@group-BEB3CAD4BD71-StateMachineUpdater: set stopIndex = -1
2021-05-27 14:49:26,876 [79a5c71d-05f9-4896-b0a5-ed7a69f27e7b@group-BEB3CAD4BD71-StateMachineUpdater] INFO  metrics.RatisMetrics (RatisMetrics.java:unregister(43)) - Unregistering Metrics Registry : ratis.state_machine.79a5c71d-05f9-4896-b0a5-ed7a69f27e7b@group-BEB3CAD4BD71
2021-05-27 14:49:26,876 [ForkJoinPool.commonPool-worker-1] INFO  util.JmxRegister (JmxRegister.java:unregister(73)) - Successfully un-registered JMX Bean with object name Ratis:service=RaftServer,group=group-7E7F43F1B432,id=d3bd078d-6cea-4f12-8d62-4874212fc6f9
2021-05-27 14:49:26,876 [ForkJoinPool.commonPool-worker-1] INFO  impl.RoleInfo (RoleInfo.java:shutdownLeaderState(91)) - d3bd078d-6cea-4f12-8d62-4874212fc6f9: shutdown d3bd078d-6cea-4f12-8d62-4874212fc6f9@group-7E7F43F1B432-LeaderStateImpl
2021-05-27 14:49:26,876 [ForkJoinPool.commonPool-worker-1] INFO  impl.PendingRequests (PendingRequests.java:sendNotLeaderResponses(249)) - d3bd078d-6cea-4f12-8d62-4874212fc6f9@group-7E7F43F1B432-PendingRequests: sendNotLeaderResponses
2021-05-27 14:49:26,877 [ForkJoinPool.commonPool-worker-1] INFO  metrics.RatisMetrics (RatisMetrics.java:unregister(43)) - Unregistering Metrics Registry : ratis.log_appender.d3bd078d-6cea-4f12-8d62-4874212fc6f9@group-7E7F43F1B432
2021-05-27 14:49:26,877 [ForkJoinPool.commonPool-worker-1] INFO  metrics.RatisMetrics (RatisMetrics.java:unregister(43)) - Unregistering Metrics Registry : ratis.server.d3bd078d-6cea-4f12-8d62-4874212fc6f9@group-7E7F43F1B432
2021-05-27 14:49:26,876 [79a5c71d-05f9-4896-b0a5-ed7a69f27e7b@group-BEB3CAD4BD71-FollowerState] INFO  impl.FollowerState (FollowerState.java:run(143)) - 79a5c71d-05f9-4896-b0a5-ed7a69f27e7b@group-BEB3CAD4BD71-FollowerState was interrupted: {}
java.lang.InterruptedException: sleep interrupted
	at java.lang.Thread.sleep(Native Method)
	at java.lang.Thread.sleep(Thread.java:340)
	at java.util.concurrent.TimeUnit.sleep(TimeUnit.java:386)
	at org.apache.ratis.util.TimeDuration.sleep(TimeDuration.java:324)
	at org.apache.ratis.util.TimeDuration.sleep(TimeDuration.java:309)
	at org.apache.ratis.server.impl.FollowerState.run(FollowerState.java:118)
2021-05-27 14:49:26,878 [ForkJoinPool.commonPool-worker-1] INFO  impl.StateMachineUpdater (StateMachineUpdater.java:stopAndJoin(149)) - d3bd078d-6cea-4f12-8d62-4874212fc6f9@group-7E7F43F1B432-StateMachineUpdater: set stopIndex = 0
2021-05-27 14:49:26,878 [Listener at 127.0.0.1/33213] INFO  server.RaftServer$Division (ServerState.java:close(405)) - 79a5c71d-05f9-4896-b0a5-ed7a69f27e7b@group-BEB3CAD4BD71: closes. applyIndex: -1
2021-05-27 14:49:26,878 [d3bd078d-6cea-4f12-8d62-4874212fc6f9@group-7E7F43F1B432-StateMachineUpdater] INFO  ratis.ContainerStateMachine (ContainerStateMachine.java:takeSnapshot(292)) - group-7E7F43F1B432: Taking a snapshot at:(t:1, i:0) file /home/runner/work/ozone/ozone/mnt/ozone/hadoop-ozone/integration-test/target/test-dir/MiniOzoneClusterImpl-01be8073-4a30-4c07-ba69-c81900f598d5/datanode-2/data/ratis/beec1027-10e9-4a9b-a680-7e7f43f1b432/sm/snapshot.1_0
2021-05-27 14:49:26,884 [79a5c71d-05f9-4896-b0a5-ed7a69f27e7b@group-BEB3CAD4BD71-SegmentedRaftLogWorker] INFO  segmented.SegmentedRaftLogWorker (SegmentedRaftLogWorker.java:run(327)) - 79a5c71d-05f9-4896-b0a5-ed7a69f27e7b@group-BEB3CAD4BD71-SegmentedRaftLogWorker was interrupted, exiting. There are 0 tasks remaining in the queue.
2021-05-27 14:49:26,884 [Listener at 127.0.0.1/33213] INFO  segmented.SegmentedRaftLogWorker (SegmentedRaftLogWorker.java:close(237)) - 79a5c71d-05f9-4896-b0a5-ed7a69f27e7b@group-BEB3CAD4BD71-SegmentedRaftLogWorker close()
2021-05-27 14:49:26,886 [Listener at 127.0.0.1/33213] INFO  metrics.RatisMetrics (RatisMetrics.java:unregister(43)) - Unregistering Metrics Registry : ratis.log_worker.79a5c71d-05f9-4896-b0a5-ed7a69f27e7b@group-BEB3CAD4BD71
2021-05-27 14:49:26,886 [Listener at 127.0.0.1/33213] INFO  metrics.RatisMetrics (RatisMetrics.java:unregister(43)) - Unregistering Metrics Registry : ratis.leader_election.79a5c71d-05f9-4896-b0a5-ed7a69f27e7b@group-BEB3CAD4BD71
2021-05-27 14:49:26,886 [Listener at 127.0.0.1/33213] INFO  metrics.RatisMetrics (RatisMetrics.java:unregister(43)) - Unregistering Metrics Registry : ratis.server.79a5c71d-05f9-4896-b0a5-ed7a69f27e7b@group-BEB3CAD4BD71
2021-05-27 14:49:26,886 [Listener at 127.0.0.1/33213] INFO  server.RaftServer$Division (RaftServerImpl.java:lambda$close$4(406)) - 79a5c71d-05f9-4896-b0a5-ed7a69f27e7b@group-FB1F64C33E52: shutdown
2021-05-27 14:49:26,886 [Listener at 127.0.0.1/33213] INFO  util.JmxRegister (JmxRegister.java:unregister(73)) - Successfully un-registered JMX Bean with object name Ratis:service=RaftServer,group=group-FB1F64C33E52,id=79a5c71d-05f9-4896-b0a5-ed7a69f27e7b
2021-05-27 14:49:26,886 [Listener at 127.0.0.1/33213] INFO  impl.RoleInfo (RoleInfo.java:shutdownLeaderState(91)) - 79a5c71d-05f9-4896-b0a5-ed7a69f27e7b: shutdown 79a5c71d-05f9-4896-b0a5-ed7a69f27e7b@group-FB1F64C33E52-LeaderStateImpl
2021-05-27 14:49:26,887 [Listener at 127.0.0.1/33213] INFO  impl.PendingRequests (PendingRequests.java:sendNotLeaderResponses(249)) - 79a5c71d-05f9-4896-b0a5-ed7a69f27e7b@group-FB1F64C33E52-PendingRequests: sendNotLeaderResponses
2021-05-27 14:49:26,887 [Listener at 127.0.0.1/33213] INFO  metrics.RatisMetrics (RatisMetrics.java:unregister(43)) - Unregistering Metrics Registry : ratis.log_appender.79a5c71d-05f9-4896-b0a5-ed7a69f27e7b@group-FB1F64C33E52
2021-05-27 14:49:26,887 [Listener at 127.0.0.1/33213] INFO  metrics.RatisMetrics (RatisMetrics.java:unregister(43)) - Unregistering Metrics Registry : ratis.server.79a5c71d-05f9-4896-b0a5-ed7a69f27e7b@group-FB1F64C33E52
2021-05-27 14:49:26,887 [Listener at 127.0.0.1/33213] INFO  impl.StateMachineUpdater (StateMachineUpdater.java:stopAndJoin(149)) - 79a5c71d-05f9-4896-b0a5-ed7a69f27e7b@group-FB1F64C33E52-StateMachineUpdater: set stopIndex = 0
2021-05-27 14:49:26,888 [79a5c71d-05f9-4896-b0a5-ed7a69f27e7b@group-FB1F64C33E52-StateMachineUpdater] INFO  ratis.ContainerStateMachine (ContainerStateMachine.java:takeSnapshot(292)) - group-FB1F64C33E52: Taking a snapshot at:(t:1, i:0) file /home/runner/work/ozone/ozone/mnt/ozone/hadoop-ozone/integration-test/target/test-dir/MiniOzoneClusterImpl-01be8073-4a30-4c07-ba69-c81900f598d5/datanode-4/data/ratis/84e95077-3112-497c-90a4-fb1f64c33e52/sm/snapshot.1_0
2021-05-27 14:49:26,891 [79a5c71d-05f9-4896-b0a5-ed7a69f27e7b@group-FB1F64C33E52-StateMachineUpdater] INFO  ratis.ContainerStateMachine (ContainerStateMachine.java:takeSnapshot(303)) - group-FB1F64C33E52: Finished taking a snapshot at:(t:1, i:0) file:/home/runner/work/ozone/ozone/mnt/ozone/hadoop-ozone/integration-test/target/test-dir/MiniOzoneClusterImpl-01be8073-4a30-4c07-ba69-c81900f598d5/datanode-4/data/ratis/84e95077-3112-497c-90a4-fb1f64c33e52/sm/snapshot.1_0 took: 3 ms
2021-05-27 14:49:26,892 [79a5c71d-05f9-4896-b0a5-ed7a69f27e7b@group-FB1F64C33E52-StateMachineUpdater] INFO  impl.StateMachineUpdater (StateMachineUpdater.java:takeSnapshot(281)) - 79a5c71d-05f9-4896-b0a5-ed7a69f27e7b@group-FB1F64C33E52-StateMachineUpdater: Took a snapshot at index 0
2021-05-27 14:49:26,892 [79a5c71d-05f9-4896-b0a5-ed7a69f27e7b@group-FB1F64C33E52-StateMachineUpdater] INFO  impl.StateMachineUpdater (StateMachineUpdater.java:lambda$new$0(89)) - 79a5c71d-05f9-4896-b0a5-ed7a69f27e7b@group-FB1F64C33E52-StateMachineUpdater: snapshotIndex: updateIncreasingly -1 -> 0
2021-05-27 14:49:26,894 [d3bd078d-6cea-4f12-8d62-4874212fc6f9@group-7E7F43F1B432-StateMachineUpdater] INFO  ratis.ContainerStateMachine (ContainerStateMachine.java:takeSnapshot(303)) - group-7E7F43F1B432: Finished taking a snapshot at:(t:1, i:0) file:/home/runner/work/ozone/ozone/mnt/ozone/hadoop-ozone/integration-test/target/test-dir/MiniOzoneClusterImpl-01be8073-4a30-4c07-ba69-c81900f598d5/datanode-2/data/ratis/beec1027-10e9-4a9b-a680-7e7f43f1b432/sm/snapshot.1_0 took: 16 ms
2021-05-27 14:49:26,895 [d3bd078d-6cea-4f12-8d62-4874212fc6f9@group-7E7F43F1B432-StateMachineUpdater] INFO  impl.StateMachineUpdater (StateMachineUpdater.java:takeSnapshot(281)) - d3bd078d-6cea-4f12-8d62-4874212fc6f9@group-7E7F43F1B432-StateMachineUpdater: Took a snapshot at index 0
2021-05-27 14:49:26,895 [d3bd078d-6cea-4f12-8d62-4874212fc6f9@group-7E7F43F1B432-StateMachineUpdater] INFO  impl.StateMachineUpdater (StateMachineUpdater.java:lambda$new$0(89)) - d3bd078d-6cea-4f12-8d62-4874212fc6f9@group-7E7F43F1B432-StateMachineUpdater: snapshotIndex: updateIncreasingly -1 -> 0
2021-05-27 14:49:26,896 [d3bd078d-6cea-4f12-8d62-4874212fc6f9@group-7E7F43F1B432-StateMachineUpdater] INFO  metrics.RatisMetrics (RatisMetrics.java:unregister(43)) - Unregistering Metrics Registry : ratis.state_machine.d3bd078d-6cea-4f12-8d62-4874212fc6f9@group-7E7F43F1B432
2021-05-27 14:49:26,895 [79a5c71d-05f9-4896-b0a5-ed7a69f27e7b@group-FB1F64C33E52-StateMachineUpdater] INFO  metrics.RatisMetrics (RatisMetrics.java:unregister(43)) - Unregistering Metrics Registry : ratis.state_machine.79a5c71d-05f9-4896-b0a5-ed7a69f27e7b@group-FB1F64C33E52
2021-05-27 14:49:26,896 [Listener at 127.0.0.1/33213] INFO  server.RaftServer$Division (ServerState.java:close(405)) - 79a5c71d-05f9-4896-b0a5-ed7a69f27e7b@group-FB1F64C33E52: closes. applyIndex: 0
2021-05-27 14:49:26,896 [ForkJoinPool.commonPool-worker-1] INFO  server.RaftServer$Division (ServerState.java:close(405)) - d3bd078d-6cea-4f12-8d62-4874212fc6f9@group-7E7F43F1B432: closes. applyIndex: 0
2021-05-27 14:49:26,897 [79a5c71d-05f9-4896-b0a5-ed7a69f27e7b@group-FB1F64C33E52-SegmentedRaftLogWorker] INFO  segmented.SegmentedRaftLogWorker (SegmentedRaftLogWorker.java:run(327)) - 79a5c71d-05f9-4896-b0a5-ed7a69f27e7b@group-FB1F64C33E52-SegmentedRaftLogWorker was interrupted, exiting. There are 0 tasks remaining in the queue.
2021-05-27 14:49:26,898 [d3bd078d-6cea-4f12-8d62-4874212fc6f9@group-7E7F43F1B432-SegmentedRaftLogWorker] INFO  segmented.SegmentedRaftLogWorker (SegmentedRaftLogWorker.java:run(327)) - d3bd078d-6cea-4f12-8d62-4874212fc6f9@group-7E7F43F1B432-SegmentedRaftLogWorker was interrupted, exiting. There are 0 tasks remaining in the queue.
2021-05-27 14:49:26,898 [Listener at 127.0.0.1/33213] INFO  segmented.SegmentedRaftLogWorker (SegmentedRaftLogWorker.java:close(237)) - 79a5c71d-05f9-4896-b0a5-ed7a69f27e7b@group-FB1F64C33E52-SegmentedRaftLogWorker close()
2021-05-27 14:49:26,898 [ForkJoinPool.commonPool-worker-1] INFO  segmented.SegmentedRaftLogWorker (SegmentedRaftLogWorker.java:close(237)) - d3bd078d-6cea-4f12-8d62-4874212fc6f9@group-7E7F43F1B432-SegmentedRaftLogWorker close()
2021-05-27 14:49:26,899 [ForkJoinPool.commonPool-worker-1] INFO  metrics.RatisMetrics (RatisMetrics.java:unregister(43)) - Unregistering Metrics Registry : ratis.log_worker.d3bd078d-6cea-4f12-8d62-4874212fc6f9@group-7E7F43F1B432
2021-05-27 14:49:26,900 [ForkJoinPool.commonPool-worker-1] INFO  metrics.RatisMetrics (RatisMetrics.java:unregister(43)) - Unregistering Metrics Registry : ratis.leader_election.d3bd078d-6cea-4f12-8d62-4874212fc6f9@group-7E7F43F1B432
2021-05-27 14:49:26,900 [ForkJoinPool.commonPool-worker-1] INFO  metrics.RatisMetrics (RatisMetrics.java:unregister(43)) - Unregistering Metrics Registry : ratis.server.d3bd078d-6cea-4f12-8d62-4874212fc6f9@group-7E7F43F1B432
2021-05-27 14:49:26,900 [ForkJoinPool.commonPool-worker-1] INFO  server.RaftServer$Division (RaftServerImpl.java:lambda$close$4(406)) - d3bd078d-6cea-4f12-8d62-4874212fc6f9@group-F74673522764: shutdown
2021-05-27 14:49:26,900 [ForkJoinPool.commonPool-worker-1] INFO  util.JmxRegister (JmxRegister.java:unregister(73)) - Successfully un-registered JMX Bean with object name Ratis:service=RaftServer,group=group-F74673522764,id=d3bd078d-6cea-4f12-8d62-4874212fc6f9
2021-05-27 14:49:26,900 [ForkJoinPool.commonPool-worker-1] INFO  impl.RoleInfo (RoleInfo.java:shutdownFollowerState(108)) - d3bd078d-6cea-4f12-8d62-4874212fc6f9: shutdown d3bd078d-6cea-4f12-8d62-4874212fc6f9@group-F74673522764-FollowerState
2021-05-27 14:49:26,900 [d3bd078d-6cea-4f12-8d62-4874212fc6f9@group-F74673522764-FollowerState] INFO  impl.FollowerState (FollowerState.java:run(143)) - d3bd078d-6cea-4f12-8d62-4874212fc6f9@group-F74673522764-FollowerState was interrupted: {}
java.lang.InterruptedException: sleep interrupted
	at java.lang.Thread.sleep(Native Method)
	at java.lang.Thread.sleep(Thread.java:340)
	at java.util.concurrent.TimeUnit.sleep(TimeUnit.java:386)
	at org.apache.ratis.util.TimeDuration.sleep(TimeDuration.java:324)
	at org.apache.ratis.util.TimeDuration.sleep(TimeDuration.java:309)
	at org.apache.ratis.server.impl.FollowerState.run(FollowerState.java:118)
2021-05-27 14:49:26,900 [d3bd078d-6cea-4f12-8d62-4874212fc6f9@group-F74673522764-StateMachineUpdater] INFO  ratis.ContainerStateMachine (ContainerStateMachine.java:takeSnapshot(292)) - group-F74673522764: Taking a snapshot at:(t:2, i:12) file /home/runner/work/ozone/ozone/mnt/ozone/hadoop-ozone/integration-test/target/test-dir/MiniOzoneClusterImpl-01be8073-4a30-4c07-ba69-c81900f598d5/datanode-2/data/ratis/1041af58-6781-4304-9760-f74673522764/sm/snapshot.2_12
2021-05-27 14:49:26,902 [ForkJoinPool.commonPool-worker-1] INFO  impl.StateMachineUpdater (StateMachineUpdater.java:stopAndJoin(149)) - d3bd078d-6cea-4f12-8d62-4874212fc6f9@group-F74673522764-StateMachineUpdater: set stopIndex = 12
2021-05-27 14:49:26,905 [d3bd078d-6cea-4f12-8d62-4874212fc6f9@group-F74673522764-StateMachineUpdater] INFO  ratis.ContainerStateMachine (ContainerStateMachine.java:takeSnapshot(303)) - group-F74673522764: Finished taking a snapshot at:(t:2, i:12) file:/home/runner/work/ozone/ozone/mnt/ozone/hadoop-ozone/integration-test/target/test-dir/MiniOzoneClusterImpl-01be8073-4a30-4c07-ba69-c81900f598d5/datanode-2/data/ratis/1041af58-6781-4304-9760-f74673522764/sm/snapshot.2_12 took: 4 ms
2021-05-27 14:49:26,905 [Listener at 127.0.0.1/33213] INFO  metrics.RatisMetrics (RatisMetrics.java:unregister(43)) - Unregistering Metrics Registry : ratis.log_worker.79a5c71d-05f9-4896-b0a5-ed7a69f27e7b@group-FB1F64C33E52
2021-05-27 14:49:26,905 [d3bd078d-6cea-4f12-8d62-4874212fc6f9@group-F74673522764-StateMachineUpdater] INFO  impl.StateMachineUpdater (StateMachineUpdater.java:takeSnapshot(281)) - d3bd078d-6cea-4f12-8d62-4874212fc6f9@group-F74673522764-StateMachineUpdater: Took a snapshot at index 12
2021-05-27 14:49:26,905 [d3bd078d-6cea-4f12-8d62-4874212fc6f9@group-F74673522764-StateMachineUpdater] INFO  impl.StateMachineUpdater (StateMachineUpdater.java:lambda$new$0(89)) - d3bd078d-6cea-4f12-8d62-4874212fc6f9@group-F74673522764-StateMachineUpdater: snapshotIndex: updateIncreasingly -1 -> 12
2021-05-27 14:49:26,905 [Listener at 127.0.0.1/33213] INFO  metrics.RatisMetrics (RatisMetrics.java:unregister(43)) - Unregistering Metrics Registry : ratis.leader_election.79a5c71d-05f9-4896-b0a5-ed7a69f27e7b@group-FB1F64C33E52
2021-05-27 14:49:26,906 [Listener at 127.0.0.1/33213] INFO  metrics.RatisMetrics (RatisMetrics.java:unregister(43)) - Unregistering Metrics Registry : ratis.server.79a5c71d-05f9-4896-b0a5-ed7a69f27e7b@group-FB1F64C33E52
2021-05-27 14:49:26,906 [Listener at 127.0.0.1/33213] INFO  server.GrpcService (GrpcService.java:closeImpl(262)) - 79a5c71d-05f9-4896-b0a5-ed7a69f27e7b: shutdown server with port 37273 now
2021-05-27 14:49:26,907 [d3bd078d-6cea-4f12-8d62-4874212fc6f9@group-F74673522764-StateMachineUpdater] INFO  metrics.RatisMetrics (RatisMetrics.java:unregister(43)) - Unregistering Metrics Registry : ratis.state_machine.d3bd078d-6cea-4f12-8d62-4874212fc6f9@group-F74673522764
2021-05-27 14:49:26,908 [ForkJoinPool.commonPool-worker-1] INFO  server.RaftServer$Division (ServerState.java:close(405)) - d3bd078d-6cea-4f12-8d62-4874212fc6f9@group-F74673522764: closes. applyIndex: 12
2021-05-27 14:49:26,908 [d3bd078d-6cea-4f12-8d62-4874212fc6f9@group-F74673522764-SegmentedRaftLogWorker] INFO  segmented.SegmentedRaftLogWorker (SegmentedRaftLogWorker.java:run(327)) - d3bd078d-6cea-4f12-8d62-4874212fc6f9@group-F74673522764-SegmentedRaftLogWorker was interrupted, exiting. There are 0 tasks remaining in the queue.
2021-05-27 14:49:26,909 [ForkJoinPool.commonPool-worker-1] INFO  segmented.SegmentedRaftLogWorker (SegmentedRaftLogWorker.java:close(237)) - d3bd078d-6cea-4f12-8d62-4874212fc6f9@group-F74673522764-SegmentedRaftLogWorker close()
2021-05-27 14:49:26,910 [ForkJoinPool.commonPool-worker-1] INFO  metrics.RatisMetrics (RatisMetrics.java:unregister(43)) - Unregistering Metrics Registry : ratis.log_worker.d3bd078d-6cea-4f12-8d62-4874212fc6f9@group-F74673522764
2021-05-27 14:49:26,910 [ForkJoinPool.commonPool-worker-1] INFO  metrics.RatisMetrics (RatisMetrics.java:unregister(43)) - Unregistering Metrics Registry : ratis.leader_election.d3bd078d-6cea-4f12-8d62-4874212fc6f9@group-F74673522764
2021-05-27 14:49:26,910 [ForkJoinPool.commonPool-worker-1] INFO  metrics.RatisMetrics (RatisMetrics.java:unregister(43)) - Unregistering Metrics Registry : ratis.server.d3bd078d-6cea-4f12-8d62-4874212fc6f9@group-F74673522764
2021-05-27 14:49:26,910 [ForkJoinPool.commonPool-worker-1] INFO  server.GrpcService (GrpcService.java:closeImpl(262)) - d3bd078d-6cea-4f12-8d62-4874212fc6f9: shutdown server with port 44989 now
2021-05-27 14:49:26,914 [grpc-default-executor-1] WARN  server.GrpcServerProtocolService (LogUtils.java:warn(122)) - d3bd078d-6cea-4f12-8d62-4874212fc6f9: installSnapshot onError, lastRequest: ac3fbd16-1d83-453c-852e-871f53a8d589->d3bd078d-6cea-4f12-8d62-4874212fc6f9#22-t2,previous=(t:2, i:11),leaderCommit=6,initializing? true,entries: size=1, first=(t:2, i:12), METADATAENTRY(c:6): org.apache.ratis.thirdparty.io.grpc.StatusRuntimeException: CANCELLED: client cancelled
2021-05-27 14:49:26,917 [grpc-default-executor-1] WARN  server.GrpcLogAppender (LogUtils.java:warn(122)) - ac3fbd16-1d83-453c-852e-871f53a8d589@group-F74673522764->d3bd078d-6cea-4f12-8d62-4874212fc6f9-AppendLogResponseHandler: Failed appendEntries: org.apache.ratis.thirdparty.io.grpc.StatusRuntimeException: CANCELLED: HTTP/2 error code: CANCEL
Received Rst Stream
2021-05-27 14:49:26,918 [grpc-default-executor-1] INFO  leader.FollowerInfo (FollowerInfoImpl.java:lambda$new$0(46)) - ac3fbd16-1d83-453c-852e-871f53a8d589@group-F74673522764->d3bd078d-6cea-4f12-8d62-4874212fc6f9: nextIndex: updateUnconditionally 13 -> 12
2021-05-27 14:49:26,920 [ForkJoinPool.commonPool-worker-1] INFO  server.GrpcService (GrpcService.java:closeImpl(271)) - d3bd078d-6cea-4f12-8d62-4874212fc6f9: shutdown server with port 44989 successfully
2021-05-27 14:49:26,920 [org.apache.ratis.util.JvmPauseMonitor$$Lambda$513/734719022@555458bc] INFO  util.JvmPauseMonitor (JvmPauseMonitor.java:run(109)) - JvmPauseMonitor-d3bd078d-6cea-4f12-8d62-4874212fc6f9: Stopped
2021-05-27 14:49:26,923 [Listener at 127.0.0.1/33213] INFO  server.GrpcService (GrpcService.java:closeImpl(271)) - 79a5c71d-05f9-4896-b0a5-ed7a69f27e7b: shutdown server with port 37273 successfully
2021-05-27 14:49:26,923 [org.apache.ratis.util.JvmPauseMonitor$$Lambda$513/734719022@71e81177] INFO  util.JvmPauseMonitor (JvmPauseMonitor.java:run(109)) - JvmPauseMonitor-79a5c71d-05f9-4896-b0a5-ed7a69f27e7b: Stopped
2021-05-27 14:49:26,925 [Listener at 127.0.0.1/33213] INFO  utils.BackgroundService (BackgroundService.java:shutdown(132)) - Shutting down service BlockDeletingService
2021-05-27 14:49:26,927 [ForkJoinPool.commonPool-worker-1] INFO  utils.BackgroundService (BackgroundService.java:shutdown(132)) - Shutting down service BlockDeletingService
2021-05-27 14:49:26,928 [Listener at 127.0.0.1/33213] INFO  statemachine.DatanodeStateMachine (DatanodeStateMachine.java:stopDaemon(475)) - Ozone container server stopped.
2021-05-27 14:49:26,929 [Listener at 127.0.0.1/33213] INFO  handler.ContextHandler (ContextHandler.java:doStop(1154)) - Stopped o.e.j.w.WebAppContext@55704859{hddsDatanode,/,null,STOPPED}{jar:file:/home/runner/.m2/repository/org/apache/hadoop/hadoop-hdds-container-service/1.2.0-SNAPSHOT/hadoop-hdds-container-service-1.2.0-SNAPSHOT.jar!/webapps/hddsDatanode}
2021-05-27 14:49:26,930 [ForkJoinPool.commonPool-worker-1] INFO  statemachine.DatanodeStateMachine (DatanodeStateMachine.java:stopDaemon(475)) - Ozone container server stopped.
2021-05-27 14:49:26,931 [Listener at 127.0.0.1/33213] INFO  server.AbstractConnector (AbstractConnector.java:doStop(381)) - Stopped ServerConnector@35007b7a{HTTP/1.1, (http/1.1)}{0.0.0.0:0}
2021-05-27 14:49:26,932 [Listener at 127.0.0.1/33213] INFO  server.session (HouseKeeper.java:stopScavenging(149)) - node0 Stopped scavenging
2021-05-27 14:49:26,932 [Listener at 127.0.0.1/33213] INFO  handler.ContextHandler (ContextHandler.java:doStop(1154)) - Stopped o.e.j.s.ServletContextHandler@2cfd91b9{static,/static,jar:file:/home/runner/.m2/repository/org/apache/hadoop/hadoop-hdds-container-service/1.2.0-SNAPSHOT/hadoop-hdds-container-service-1.2.0-SNAPSHOT.jar!/webapps/static,STOPPED}
2021-05-27 14:49:26,932 [Listener at 127.0.0.1/33213] INFO  handler.ContextHandler (ContextHandler.java:doStop(1154)) - Stopped o.e.j.s.ServletContextHandler@7ec416a0{logs,/logs,file:///home/runner/work/ozone/ozone/mnt/ozone/hadoop-ozone/integration-test/target/log,STOPPED}
2021-05-27 14:49:26,934 [grpc-default-executor-3] WARN  server.GrpcLogAppender (LogUtils.java:warn(122)) - ac3fbd16-1d83-453c-852e-871f53a8d589@group-F74673522764->d3bd078d-6cea-4f12-8d62-4874212fc6f9-AppendLogResponseHandler: Failed appendEntries: org.apache.ratis.thirdparty.io.grpc.StatusRuntimeException: UNAVAILABLE: io exception
2021-05-27 14:49:26,935 [ForkJoinPool.commonPool-worker-1] INFO  handler.ContextHandler (ContextHandler.java:doStop(1154)) - Stopped o.e.j.w.WebAppContext@6c6a7553{hddsDatanode,/,null,STOPPED}{jar:file:/home/runner/.m2/repository/org/apache/hadoop/hadoop-hdds-container-service/1.2.0-SNAPSHOT/hadoop-hdds-container-service-1.2.0-SNAPSHOT.jar!/webapps/hddsDatanode}
2021-05-27 14:49:26,935 [grpc-default-executor-3] INFO  leader.FollowerInfo (FollowerInfoImpl.java:lambda$new$0(46)) - ac3fbd16-1d83-453c-852e-871f53a8d589@group-F74673522764->d3bd078d-6cea-4f12-8d62-4874212fc6f9: nextIndex: updateUnconditionally 13 -> 12
2021-05-27 14:49:26,935 [ForkJoinPool.commonPool-worker-1] INFO  server.AbstractConnector (AbstractConnector.java:doStop(381)) - Stopped ServerConnector@f5475d7{HTTP/1.1, (http/1.1)}{0.0.0.0:0}
2021-05-27 14:49:26,935 [ForkJoinPool.commonPool-worker-1] INFO  server.session (HouseKeeper.java:stopScavenging(149)) - node0 Stopped scavenging
2021-05-27 14:49:26,936 [ForkJoinPool.commonPool-worker-1] INFO  handler.ContextHandler (ContextHandler.java:doStop(1154)) - Stopped o.e.j.s.ServletContextHandler@63ae7031{static,/static,jar:file:/home/runner/.m2/repository/org/apache/hadoop/hadoop-hdds-container-service/1.2.0-SNAPSHOT/hadoop-hdds-container-service-1.2.0-SNAPSHOT.jar!/webapps/static,STOPPED}
2021-05-27 14:49:26,937 [ForkJoinPool.commonPool-worker-1] INFO  handler.ContextHandler (ContextHandler.java:doStop(1154)) - Stopped o.e.j.s.ServletContextHandler@1e072d67{logs,/logs,file:///home/runner/work/ozone/ozone/mnt/ozone/hadoop-ozone/integration-test/target/log,STOPPED}
2021-05-27 14:49:27,011 [Datanode State Machine Thread - 0] INFO  statemachine.DatanodeStateMachine (DatanodeStateMachine.java:lambda$startDaemon$0(417)) - Ozone container server started.
2021-05-27 14:49:27,330 [Datanode State Machine Thread - 0] INFO  statemachine.DatanodeStateMachine (DatanodeStateMachine.java:lambda$startDaemon$0(417)) - Ozone container server started.
2021-05-27 14:49:27,993 [58901a56-5ead-441d-bada-0c2dcec13c3c@group-BEB3CAD4BD71-FollowerState] INFO  impl.FollowerState (FollowerState.java:run(134)) - 58901a56-5ead-441d-bada-0c2dcec13c3c@group-BEB3CAD4BD71-FollowerState: change to CANDIDATE, lastRpcElapsedTime:5089928148ns, electionTimeout:5081ms
2021-05-27 14:49:27,993 [58901a56-5ead-441d-bada-0c2dcec13c3c@group-BEB3CAD4BD71-FollowerState] INFO  impl.RoleInfo (RoleInfo.java:shutdownFollowerState(108)) - 58901a56-5ead-441d-bada-0c2dcec13c3c: shutdown 58901a56-5ead-441d-bada-0c2dcec13c3c@group-BEB3CAD4BD71-FollowerState
2021-05-27 14:49:27,993 [58901a56-5ead-441d-bada-0c2dcec13c3c@group-BEB3CAD4BD71-FollowerState] INFO  server.RaftServer$Division (RaftServerImpl.java:setRole(284)) - 58901a56-5ead-441d-bada-0c2dcec13c3c@group-BEB3CAD4BD71: changes role from  FOLLOWER to CANDIDATE at term 5 for changeToCandidate
2021-05-27 14:49:27,994 [58901a56-5ead-441d-bada-0c2dcec13c3c@group-BEB3CAD4BD71-FollowerState] INFO  server.RaftServerConfigKeys (ConfUtils.java:logGet(44)) - raft.server.leaderelection.pre-vote = false (custom)
2021-05-27 14:49:27,994 [58901a56-5ead-441d-bada-0c2dcec13c3c@group-BEB3CAD4BD71-FollowerState] INFO  impl.RoleInfo (RoleInfo.java:updateAndGet(130)) - 58901a56-5ead-441d-bada-0c2dcec13c3c: start 58901a56-5ead-441d-bada-0c2dcec13c3c@group-BEB3CAD4BD71-LeaderElection24
2021-05-27 14:49:27,995 [58901a56-5ead-441d-bada-0c2dcec13c3c@group-BEB3CAD4BD71-LeaderElection24] INFO  impl.LeaderElection (LeaderElection.java:askForVotes(306)) - 58901a56-5ead-441d-bada-0c2dcec13c3c@group-BEB3CAD4BD71-LeaderElection24 ELECTION round 0: submit vote requests at term 6 for -1: [fe96208f-f4a6-407e-8fa5-c04d11db231e|rpc:10.1.0.4:42335|dataStream:|priority:0, 79a5c71d-05f9-4896-b0a5-ed7a69f27e7b|rpc:10.1.0.4:37273|dataStream:|priority:1, 58901a56-5ead-441d-bada-0c2dcec13c3c|rpc:10.1.0.4:34635|dataStream:|priority:0], old=null
2021-05-27 14:49:27,999 [grpc-default-executor-3] INFO  server.RaftServer$Division (RaftServerImpl.java:requestVote(1042)) - fe96208f-f4a6-407e-8fa5-c04d11db231e@group-BEB3CAD4BD71: receive requestVote(ELECTION, 58901a56-5ead-441d-bada-0c2dcec13c3c, group-BEB3CAD4BD71, 6, (t:0, i:0))
2021-05-27 14:49:27,999 [grpc-default-executor-3] INFO  impl.VoteContext (VoteContext.java:log(48)) - fe96208f-f4a6-407e-8fa5-c04d11db231e@group-BEB3CAD4BD71-FOLLOWER: accept ELECTION from 58901a56-5ead-441d-bada-0c2dcec13c3c: our priority 0 <= candidate's priority 0
2021-05-27 14:49:27,999 [grpc-default-executor-3] INFO  server.RaftServer$Division (RaftServerImpl.java:setRole(284)) - fe96208f-f4a6-407e-8fa5-c04d11db231e@group-BEB3CAD4BD71: changes role from  FOLLOWER to FOLLOWER at term 6 for candidate:58901a56-5ead-441d-bada-0c2dcec13c3c
2021-05-27 14:49:27,999 [grpc-default-executor-3] INFO  impl.RoleInfo (RoleInfo.java:shutdownFollowerState(108)) - fe96208f-f4a6-407e-8fa5-c04d11db231e: shutdown fe96208f-f4a6-407e-8fa5-c04d11db231e@group-BEB3CAD4BD71-FollowerState
2021-05-27 14:49:27,999 [grpc-default-executor-3] INFO  impl.RoleInfo (RoleInfo.java:updateAndGet(130)) - fe96208f-f4a6-407e-8fa5-c04d11db231e: start fe96208f-f4a6-407e-8fa5-c04d11db231e@group-BEB3CAD4BD71-FollowerState
2021-05-27 14:49:27,999 [fe96208f-f4a6-407e-8fa5-c04d11db231e@group-BEB3CAD4BD71-FollowerState] INFO  impl.FollowerState (FollowerState.java:run(143)) - fe96208f-f4a6-407e-8fa5-c04d11db231e@group-BEB3CAD4BD71-FollowerState was interrupted: {}
java.lang.InterruptedException: sleep interrupted
	at java.lang.Thread.sleep(Native Method)
	at java.lang.Thread.sleep(Thread.java:340)
	at java.util.concurrent.TimeUnit.sleep(TimeUnit.java:386)
	at org.apache.ratis.util.TimeDuration.sleep(TimeDuration.java:324)
	at org.apache.ratis.util.TimeDuration.sleep(TimeDuration.java:309)
	at org.apache.ratis.server.impl.FollowerState.run(FollowerState.java:118)
2021-05-27 14:49:28,000 [grpc-default-executor-3] INFO  server.RaftServer$Division (RaftServerImpl.java:requestVote(1074)) - fe96208f-f4a6-407e-8fa5-c04d11db231e@group-BEB3CAD4BD71 replies to ELECTION vote request: 58901a56-5ead-441d-bada-0c2dcec13c3c<-fe96208f-f4a6-407e-8fa5-c04d11db231e#0:OK-t6. Peer's state: fe96208f-f4a6-407e-8fa5-c04d11db231e@group-BEB3CAD4BD71:t6, leader=null, voted=58901a56-5ead-441d-bada-0c2dcec13c3c, raftlog=fe96208f-f4a6-407e-8fa5-c04d11db231e@group-BEB3CAD4BD71-SegmentedRaftLog:OPENED:c-1,f-1,i0, conf=-1: [fe96208f-f4a6-407e-8fa5-c04d11db231e|rpc:10.1.0.4:42335|priority:0, 79a5c71d-05f9-4896-b0a5-ed7a69f27e7b|rpc:10.1.0.4:37273|priority:1, 58901a56-5ead-441d-bada-0c2dcec13c3c|rpc:10.1.0.4:34635|priority:0], old=null
2021-05-27 14:49:28,006 [58901a56-5ead-441d-bada-0c2dcec13c3c@group-BEB3CAD4BD71-LeaderElection24] INFO  impl.LeaderElection (LogUtils.java:infoOrTrace(137)) - 58901a56-5ead-441d-bada-0c2dcec13c3c@group-BEB3CAD4BD71-LeaderElection24 got exception when requesting votes: java.util.concurrent.ExecutionException: org.apache.ratis.thirdparty.io.grpc.StatusRuntimeException: UNAVAILABLE: io exception
2021-05-27 14:49:28,006 [58901a56-5ead-441d-bada-0c2dcec13c3c@group-BEB3CAD4BD71-LeaderElection24] INFO  impl.LeaderElection (LeaderElection.java:logAndReturn(89)) - 58901a56-5ead-441d-bada-0c2dcec13c3c@group-BEB3CAD4BD71-LeaderElection24: ELECTION PASSED received 1 response(s) and 1 exception(s):
2021-05-27 14:49:28,006 [58901a56-5ead-441d-bada-0c2dcec13c3c@group-BEB3CAD4BD71-LeaderElection24] INFO  impl.LeaderElection (LeaderElection.java:logAndReturn(93)) -   Response 0: 58901a56-5ead-441d-bada-0c2dcec13c3c<-fe96208f-f4a6-407e-8fa5-c04d11db231e#0:OK-t6
2021-05-27 14:49:28,006 [58901a56-5ead-441d-bada-0c2dcec13c3c@group-BEB3CAD4BD71-LeaderElection24] INFO  impl.LeaderElection (LogUtils.java:infoOrTrace(137)) -   Exception 1: java.util.concurrent.ExecutionException: org.apache.ratis.thirdparty.io.grpc.StatusRuntimeException: UNAVAILABLE: io exception
2021-05-27 14:49:28,006 [58901a56-5ead-441d-bada-0c2dcec13c3c@group-BEB3CAD4BD71-LeaderElection24] INFO  impl.LeaderElection (LeaderElection.java:askForVotes(308)) - 58901a56-5ead-441d-bada-0c2dcec13c3c@group-BEB3CAD4BD71-LeaderElection24 ELECTION round 0: result PASSED
2021-05-27 14:49:28,006 [58901a56-5ead-441d-bada-0c2dcec13c3c@group-BEB3CAD4BD71-LeaderElection24] INFO  impl.RoleInfo (RoleInfo.java:shutdownLeaderElection(121)) - 58901a56-5ead-441d-bada-0c2dcec13c3c: shutdown 58901a56-5ead-441d-bada-0c2dcec13c3c@group-BEB3CAD4BD71-LeaderElection24
2021-05-27 14:49:28,006 [58901a56-5ead-441d-bada-0c2dcec13c3c@group-BEB3CAD4BD71-LeaderElection24] INFO  server.RaftServer$Division (RaftServerImpl.java:setRole(284)) - 58901a56-5ead-441d-bada-0c2dcec13c3c@group-BEB3CAD4BD71: changes role from CANDIDATE to LEADER at term 6 for changeToLeader
2021-05-27 14:49:28,006 [58901a56-5ead-441d-bada-0c2dcec13c3c@group-BEB3CAD4BD71-LeaderElection24] INFO  ratis.XceiverServerRatis (XceiverServerRatis.java:handleLeaderChangedNotification(906)) - Leader change notification received for group: group-BEB3CAD4BD71 with new leaderId: 58901a56-5ead-441d-bada-0c2dcec13c3c
2021-05-27 14:49:28,006 [58901a56-5ead-441d-bada-0c2dcec13c3c@group-BEB3CAD4BD71-LeaderElection24] INFO  server.RaftServer$Division (ServerState.java:setLeader(271)) - 58901a56-5ead-441d-bada-0c2dcec13c3c@group-BEB3CAD4BD71: change Leader from null to 58901a56-5ead-441d-bada-0c2dcec13c3c at term 6 for becomeLeader, leader elected after 30238ms
2021-05-27 14:49:28,006 [58901a56-5ead-441d-bada-0c2dcec13c3c@group-BEB3CAD4BD71-LeaderElection24] INFO  server.RaftServerConfigKeys (ConfUtils.java:logGet(44)) - raft.server.staging.catchup.gap = 1000 (default)
2021-05-27 14:49:28,006 [58901a56-5ead-441d-bada-0c2dcec13c3c@group-BEB3CAD4BD71-LeaderElection24] INFO  metrics.RatisMetrics (RatisMetrics.java:lambda$create$0(36)) - Creating Metrics Registry : ratis.log_appender.58901a56-5ead-441d-bada-0c2dcec13c3c@group-BEB3CAD4BD71
2021-05-27 14:49:28,006 [58901a56-5ead-441d-bada-0c2dcec13c3c@group-BEB3CAD4BD71-LeaderElection24] INFO  server.RaftServerConfigKeys (ConfUtils.java:logGet(44)) - raft.server.write.element-limit = 1024 (custom)
2021-05-27 14:49:28,007 [58901a56-5ead-441d-bada-0c2dcec13c3c@group-BEB3CAD4BD71-LeaderElection24] INFO  server.RaftServerConfigKeys (ConfUtils.java:logGet(44)) - raft.server.write.byte-limit = 1073741824 (custom)
2021-05-27 14:49:28,007 [58901a56-5ead-441d-bada-0c2dcec13c3c@group-BEB3CAD4BD71-LeaderElection24] INFO  server.RaftServerConfigKeys (ConfUtils.java:logGet(44)) - raft.server.watch.timeout = 3000ms (custom)
2021-05-27 14:49:28,007 [58901a56-5ead-441d-bada-0c2dcec13c3c@group-BEB3CAD4BD71-LeaderElection24] INFO  server.RaftServerConfigKeys (ConfUtils.java:logGet(44)) - raft.server.watch.timeout.denomination = 1s (default)
2021-05-27 14:49:28,007 [58901a56-5ead-441d-bada-0c2dcec13c3c@group-BEB3CAD4BD71-LeaderElection24] INFO  server.RaftServerConfigKeys (ConfUtils.java:logGet(44)) - raft.server.watch.element-limit = 65536 (default)
2021-05-27 14:49:28,008 [58901a56-5ead-441d-bada-0c2dcec13c3c@group-BEB3CAD4BD71-LeaderElection24] INFO  server.RaftServerConfigKeys (ConfUtils.java:logGet(44)) - raft.server.log.appender.snapshot.chunk.size.max = 16MB (=16777216) (default)
2021-05-27 14:49:28,008 [58901a56-5ead-441d-bada-0c2dcec13c3c@group-BEB3CAD4BD71-LeaderElection24] INFO  server.RaftServerConfigKeys (ConfUtils.java:logGet(44)) - raft.server.log.appender.buffer.byte-limit = 33554432 (custom)
2021-05-27 14:49:28,008 [58901a56-5ead-441d-bada-0c2dcec13c3c@group-BEB3CAD4BD71-LeaderElection24] INFO  server.RaftServerConfigKeys (ConfUtils.java:logGet(44)) - raft.server.log.appender.buffer.element-limit = 1 (custom)
2021-05-27 14:49:28,008 [58901a56-5ead-441d-bada-0c2dcec13c3c@group-BEB3CAD4BD71-LeaderElection24] INFO  grpc.GrpcConfigKeys (ConfUtils.java:logGet(44)) - raft.grpc.server.leader.outstanding.appends.max = 128 (default)
2021-05-27 14:49:28,008 [58901a56-5ead-441d-bada-0c2dcec13c3c@group-BEB3CAD4BD71-LeaderElection24] INFO  server.RaftServerConfigKeys (ConfUtils.java:logGet(44)) - raft.server.rpc.request.timeout = 3000ms (default)
2021-05-27 14:49:28,008 [58901a56-5ead-441d-bada-0c2dcec13c3c@group-BEB3CAD4BD71-LeaderElection24] INFO  server.RaftServerConfigKeys (ConfUtils.java:logGet(44)) - raft.server.log.appender.install.snapshot.enabled = false (custom)
2021-05-27 14:49:28,008 [58901a56-5ead-441d-bada-0c2dcec13c3c@group-BEB3CAD4BD71-LeaderElection24] INFO  metrics.RatisMetrics (RatisMetrics.java:lambda$create$0(36)) - Creating Metrics Registry : ratis_grpc.log_appender.58901a56-5ead-441d-bada-0c2dcec13c3c@group-BEB3CAD4BD71
2021-05-27 14:49:28,008 [58901a56-5ead-441d-bada-0c2dcec13c3c@group-BEB3CAD4BD71-LeaderElection24] INFO  server.RaftServerConfigKeys (ConfUtils.java:logGet(44)) - raft.server.log.appender.snapshot.chunk.size.max = 16MB (=16777216) (default)
2021-05-27 14:49:28,008 [58901a56-5ead-441d-bada-0c2dcec13c3c@group-BEB3CAD4BD71-LeaderElection24] INFO  server.RaftServerConfigKeys (ConfUtils.java:logGet(44)) - raft.server.log.appender.buffer.byte-limit = 33554432 (custom)
2021-05-27 14:49:28,009 [58901a56-5ead-441d-bada-0c2dcec13c3c@group-BEB3CAD4BD71-LeaderElection24] INFO  server.RaftServerConfigKeys (ConfUtils.java:logGet(44)) - raft.server.log.appender.buffer.element-limit = 1 (custom)
2021-05-27 14:49:28,009 [58901a56-5ead-441d-bada-0c2dcec13c3c@group-BEB3CAD4BD71-LeaderElection24] INFO  grpc.GrpcConfigKeys (ConfUtils.java:logGet(44)) - raft.grpc.server.leader.outstanding.appends.max = 128 (default)
2021-05-27 14:49:28,010 [58901a56-5ead-441d-bada-0c2dcec13c3c@group-BEB3CAD4BD71-LeaderElection24] INFO  server.RaftServerConfigKeys (ConfUtils.java:logGet(44)) - raft.server.rpc.request.timeout = 3000ms (default)
2021-05-27 14:49:28,010 [58901a56-5ead-441d-bada-0c2dcec13c3c@group-BEB3CAD4BD71-LeaderElection24] INFO  server.RaftServerConfigKeys (ConfUtils.java:logGet(44)) - raft.server.log.appender.install.snapshot.enabled = false (custom)
2021-05-27 14:49:28,011 [58901a56-5ead-441d-bada-0c2dcec13c3c@group-BEB3CAD4BD71-LeaderElection24] INFO  impl.RoleInfo (RoleInfo.java:updateAndGet(130)) - 58901a56-5ead-441d-bada-0c2dcec13c3c: start 58901a56-5ead-441d-bada-0c2dcec13c3c@group-BEB3CAD4BD71-LeaderStateImpl
2021-05-27 14:49:28,011 [58901a56-5ead-441d-bada-0c2dcec13c3c@group-BEB3CAD4BD71-LeaderElection24] INFO  segmented.SegmentedRaftLogWorker (SegmentedRaftLogWorker.java:startLogSegment(394)) - 58901a56-5ead-441d-bada-0c2dcec13c3c@group-BEB3CAD4BD71-SegmentedRaftLogWorker: Starting segment from index:0
2021-05-27 14:49:28,012 [58901a56-5ead-441d-bada-0c2dcec13c3c@group-BEB3CAD4BD71-SegmentedRaftLogWorker] INFO  segmented.SegmentedRaftLogWorker (SegmentedRaftLogWorker.java:execute(601)) - 58901a56-5ead-441d-bada-0c2dcec13c3c@group-BEB3CAD4BD71-SegmentedRaftLogWorker: created new log segment /home/runner/work/ozone/ozone/mnt/ozone/hadoop-ozone/integration-test/target/test-dir/MiniOzoneClusterImpl-01be8073-4a30-4c07-ba69-c81900f598d5/datanode-5/data/ratis/86ab80c3-99b9-4fb4-9adb-beb3cad4bd71/current/log_inprogress_0
2021-05-27 14:49:28,020 [58901a56-5ead-441d-bada-0c2dcec13c3c@group-BEB3CAD4BD71-LeaderElection24] INFO  server.RaftServer$Division (ServerState.java:setRaftConf(373)) - 58901a56-5ead-441d-bada-0c2dcec13c3c@group-BEB3CAD4BD71: set configuration 0: [fe96208f-f4a6-407e-8fa5-c04d11db231e|rpc:10.1.0.4:42335|dataStream:|priority:0, 79a5c71d-05f9-4896-b0a5-ed7a69f27e7b|rpc:10.1.0.4:37273|dataStream:|priority:1, 58901a56-5ead-441d-bada-0c2dcec13c3c|rpc:10.1.0.4:34635|dataStream:|priority:0], old=null
2021-05-27 14:49:28,021 [grpc-default-executor-3] WARN  server.GrpcLogAppender (LogUtils.java:warn(122)) - 58901a56-5ead-441d-bada-0c2dcec13c3c@group-BEB3CAD4BD71->79a5c71d-05f9-4896-b0a5-ed7a69f27e7b-AppendLogResponseHandler: Failed appendEntries: org.apache.ratis.thirdparty.io.grpc.StatusRuntimeException: UNAVAILABLE: io exception
2021-05-27 14:49:28,023 [grpc-default-executor-3] WARN  server.GrpcLogAppender (GrpcLogAppender.java:resetClient(111)) - 58901a56-5ead-441d-bada-0c2dcec13c3c@group-BEB3CAD4BD71->79a5c71d-05f9-4896-b0a5-ed7a69f27e7b-GrpcLogAppender: Leader has not got in touch with Follower 58901a56-5ead-441d-bada-0c2dcec13c3c@group-BEB3CAD4BD71->79a5c71d-05f9-4896-b0a5-ed7a69f27e7b(c-1,m0,n1, attendVote=true, lastRpcSendTime=0, lastRpcResponseTime=5215) yet, just keep nextIndex unchanged and retry.
2021-05-27 14:49:28,024 [grpc-default-executor-2] INFO  ratis.XceiverServerRatis (XceiverServerRatis.java:handleLeaderChangedNotification(906)) - Leader change notification received for group: group-BEB3CAD4BD71 with new leaderId: 58901a56-5ead-441d-bada-0c2dcec13c3c
2021-05-27 14:49:28,025 [grpc-default-executor-2] INFO  server.RaftServer$Division (ServerState.java:setLeader(271)) - fe96208f-f4a6-407e-8fa5-c04d11db231e@group-BEB3CAD4BD71: change Leader from null to 58901a56-5ead-441d-bada-0c2dcec13c3c at term 6 for appendEntries, leader elected after 30732ms
2021-05-27 14:49:28,032 [grpc-default-executor-2] INFO  server.RaftServer$Division (ServerState.java:setRaftConf(373)) - fe96208f-f4a6-407e-8fa5-c04d11db231e@group-BEB3CAD4BD71: set configuration 0: [fe96208f-f4a6-407e-8fa5-c04d11db231e|rpc:10.1.0.4:42335|dataStream:|priority:0, 79a5c71d-05f9-4896-b0a5-ed7a69f27e7b|rpc:10.1.0.4:37273|dataStream:|priority:1, 58901a56-5ead-441d-bada-0c2dcec13c3c|rpc:10.1.0.4:34635|dataStream:|priority:0], old=null
2021-05-27 14:49:28,032 [grpc-default-executor-2] INFO  segmented.SegmentedRaftLogWorker (SegmentedRaftLogWorker.java:startLogSegment(394)) - fe96208f-f4a6-407e-8fa5-c04d11db231e@group-BEB3CAD4BD71-SegmentedRaftLogWorker: Starting segment from index:0
2021-05-27 14:49:28,035 [fe96208f-f4a6-407e-8fa5-c04d11db231e@group-BEB3CAD4BD71-SegmentedRaftLogWorker] INFO  segmented.SegmentedRaftLogWorker (SegmentedRaftLogWorker.java:execute(601)) - fe96208f-f4a6-407e-8fa5-c04d11db231e@group-BEB3CAD4BD71-SegmentedRaftLogWorker: created new log segment /home/runner/work/ozone/ozone/mnt/ozone/hadoop-ozone/integration-test/target/test-dir/MiniOzoneClusterImpl-01be8073-4a30-4c07-ba69-c81900f598d5/datanode-3/data/ratis/86ab80c3-99b9-4fb4-9adb-beb3cad4bd71/current/log_inprogress_0
2021-05-27 14:49:29,427 [grpc-default-executor-2] WARN  server.GrpcLogAppender (LogUtils.java:warn(122)) - ac3fbd16-1d83-453c-852e-871f53a8d589@group-F74673522764->d3bd078d-6cea-4f12-8d62-4874212fc6f9-AppendLogResponseHandler: Failed appendEntries: org.apache.ratis.thirdparty.io.grpc.StatusRuntimeException: UNAVAILABLE: io exception
2021-05-27 14:49:29,427 [grpc-default-executor-2] INFO  leader.FollowerInfo (FollowerInfoImpl.java:lambda$new$0(46)) - ac3fbd16-1d83-453c-852e-871f53a8d589@group-F74673522764->d3bd078d-6cea-4f12-8d62-4874212fc6f9: nextIndex: updateUnconditionally 13 -> 12
2021-05-27 14:49:30,523 [grpc-default-executor-2] WARN  server.GrpcLogAppender (LogUtils.java:warn(122)) - 58901a56-5ead-441d-bada-0c2dcec13c3c@group-BEB3CAD4BD71->79a5c71d-05f9-4896-b0a5-ed7a69f27e7b-AppendLogResponseHandler: Failed appendEntries: org.apache.ratis.thirdparty.io.grpc.StatusRuntimeException: UNAVAILABLE: io exception
2021-05-27 14:49:30,523 [grpc-default-executor-2] WARN  server.GrpcLogAppender (GrpcLogAppender.java:resetClient(111)) - 58901a56-5ead-441d-bada-0c2dcec13c3c@group-BEB3CAD4BD71->79a5c71d-05f9-4896-b0a5-ed7a69f27e7b-GrpcLogAppender: Leader has not got in touch with Follower 58901a56-5ead-441d-bada-0c2dcec13c3c@group-BEB3CAD4BD71->79a5c71d-05f9-4896-b0a5-ed7a69f27e7b(c-1,m0,n1, attendVote=true, lastRpcSendTime=0, lastRpcResponseTime=7715) yet, just keep nextIndex unchanged and retry.
2021-05-27 14:49:31,927 [grpc-default-executor-2] WARN  server.GrpcLogAppender (LogUtils.java:warn(122)) - ac3fbd16-1d83-453c-852e-871f53a8d589@group-F74673522764->d3bd078d-6cea-4f12-8d62-4874212fc6f9-AppendLogResponseHandler: Failed appendEntries: org.apache.ratis.thirdparty.io.grpc.StatusRuntimeException: UNAVAILABLE: io exception
2021-05-27 14:49:31,928 [grpc-default-executor-2] INFO  leader.FollowerInfo (FollowerInfoImpl.java:lambda$new$0(46)) - ac3fbd16-1d83-453c-852e-871f53a8d589@group-F74673522764->d3bd078d-6cea-4f12-8d62-4874212fc6f9: nextIndex: updateUnconditionally 13 -> 12
2021-05-27 14:49:31,934 [Listener at 127.0.0.1/33213] INFO  ozoneimpl.OzoneContainer (OzoneContainer.java:stop(316)) - Attempting to stop container services.
2021-05-27 14:49:31,935 [Listener at 127.0.0.1/33213] INFO  server.RaftServer (RaftServerProxy.java:lambda$close$6(391)) - 58901a56-5ead-441d-bada-0c2dcec13c3c: close
2021-05-27 14:49:31,935 [Listener at 127.0.0.1/33213] INFO  server.RaftServer$Division (RaftServerImpl.java:lambda$close$4(406)) - 58901a56-5ead-441d-bada-0c2dcec13c3c@group-7ED80A3AE6DA: shutdown
2021-05-27 14:49:31,935 [Listener at 127.0.0.1/33213] INFO  util.JmxRegister (JmxRegister.java:unregister(73)) - Successfully un-registered JMX Bean with object name Ratis:service=RaftServer,group=group-7ED80A3AE6DA,id=58901a56-5ead-441d-bada-0c2dcec13c3c
2021-05-27 14:49:31,935 [Listener at 127.0.0.1/33213] INFO  impl.RoleInfo (RoleInfo.java:shutdownLeaderState(91)) - 58901a56-5ead-441d-bada-0c2dcec13c3c: shutdown 58901a56-5ead-441d-bada-0c2dcec13c3c@group-7ED80A3AE6DA-LeaderStateImpl
2021-05-27 14:49:31,935 [Listener at 127.0.0.1/33213] INFO  impl.PendingRequests (PendingRequests.java:sendNotLeaderResponses(249)) - 58901a56-5ead-441d-bada-0c2dcec13c3c@group-7ED80A3AE6DA-PendingRequests: sendNotLeaderResponses
2021-05-27 14:49:31,936 [Listener at 127.0.0.1/33213] INFO  metrics.RatisMetrics (RatisMetrics.java:unregister(43)) - Unregistering Metrics Registry : ratis.log_appender.58901a56-5ead-441d-bada-0c2dcec13c3c@group-7ED80A3AE6DA
2021-05-27 14:49:31,936 [Listener at 127.0.0.1/33213] INFO  metrics.RatisMetrics (RatisMetrics.java:unregister(43)) - Unregistering Metrics Registry : ratis.server.58901a56-5ead-441d-bada-0c2dcec13c3c@group-7ED80A3AE6DA
2021-05-27 14:49:31,936 [Listener at 127.0.0.1/33213] INFO  impl.StateMachineUpdater (StateMachineUpdater.java:stopAndJoin(149)) - 58901a56-5ead-441d-bada-0c2dcec13c3c@group-7ED80A3AE6DA-StateMachineUpdater: set stopIndex = 0
2021-05-27 14:49:31,936 [58901a56-5ead-441d-bada-0c2dcec13c3c@group-7ED80A3AE6DA-StateMachineUpdater] INFO  ratis.ContainerStateMachine (ContainerStateMachine.java:takeSnapshot(292)) - group-7ED80A3AE6DA: Taking a snapshot at:(t:1, i:0) file /home/runner/work/ozone/ozone/mnt/ozone/hadoop-ozone/integration-test/target/test-dir/MiniOzoneClusterImpl-01be8073-4a30-4c07-ba69-c81900f598d5/datanode-5/data/ratis/99b00399-7e16-48f4-9863-7ed80a3ae6da/sm/snapshot.1_0
2021-05-27 14:49:31,937 [58901a56-5ead-441d-bada-0c2dcec13c3c@group-7ED80A3AE6DA-StateMachineUpdater] INFO  ratis.ContainerStateMachine (ContainerStateMachine.java:takeSnapshot(303)) - group-7ED80A3AE6DA: Finished taking a snapshot at:(t:1, i:0) file:/home/runner/work/ozone/ozone/mnt/ozone/hadoop-ozone/integration-test/target/test-dir/MiniOzoneClusterImpl-01be8073-4a30-4c07-ba69-c81900f598d5/datanode-5/data/ratis/99b00399-7e16-48f4-9863-7ed80a3ae6da/sm/snapshot.1_0 took: 0 ms
2021-05-27 14:49:31,937 [58901a56-5ead-441d-bada-0c2dcec13c3c@group-7ED80A3AE6DA-StateMachineUpdater] INFO  impl.StateMachineUpdater (StateMachineUpdater.java:takeSnapshot(281)) - 58901a56-5ead-441d-bada-0c2dcec13c3c@group-7ED80A3AE6DA-StateMachineUpdater: Took a snapshot at index 0
2021-05-27 14:49:31,937 [58901a56-5ead-441d-bada-0c2dcec13c3c@group-7ED80A3AE6DA-StateMachineUpdater] INFO  impl.StateMachineUpdater (StateMachineUpdater.java:lambda$new$0(89)) - 58901a56-5ead-441d-bada-0c2dcec13c3c@group-7ED80A3AE6DA-StateMachineUpdater: snapshotIndex: updateIncreasingly -1 -> 0
2021-05-27 14:49:31,937 [58901a56-5ead-441d-bada-0c2dcec13c3c@group-7ED80A3AE6DA-StateMachineUpdater] INFO  metrics.RatisMetrics (RatisMetrics.java:unregister(43)) - Unregistering Metrics Registry : ratis.state_machine.58901a56-5ead-441d-bada-0c2dcec13c3c@group-7ED80A3AE6DA
2021-05-27 14:49:31,938 [Listener at 127.0.0.1/33213] INFO  server.RaftServer$Division (ServerState.java:close(405)) - 58901a56-5ead-441d-bada-0c2dcec13c3c@group-7ED80A3AE6DA: closes. applyIndex: 0
2021-05-27 14:49:31,938 [ForkJoinPool.commonPool-worker-1] INFO  ozoneimpl.OzoneContainer (OzoneContainer.java:stop(316)) - Attempting to stop container services.
2021-05-27 14:49:31,939 [58901a56-5ead-441d-bada-0c2dcec13c3c@group-7ED80A3AE6DA-SegmentedRaftLogWorker] INFO  segmented.SegmentedRaftLogWorker (SegmentedRaftLogWorker.java:run(327)) - 58901a56-5ead-441d-bada-0c2dcec13c3c@group-7ED80A3AE6DA-SegmentedRaftLogWorker was interrupted, exiting. There are 0 tasks remaining in the queue.
2021-05-27 14:49:31,939 [ForkJoinPool.commonPool-worker-1] INFO  server.RaftServer (RaftServerProxy.java:lambda$close$6(391)) - fe96208f-f4a6-407e-8fa5-c04d11db231e: close
2021-05-27 14:49:31,939 [ForkJoinPool.commonPool-worker-1] INFO  server.RaftServer$Division (RaftServerImpl.java:lambda$close$4(406)) - fe96208f-f4a6-407e-8fa5-c04d11db231e@group-BEB3CAD4BD71: shutdown
2021-05-27 14:49:31,939 [ForkJoinPool.commonPool-worker-1] INFO  util.JmxRegister (JmxRegister.java:unregister(73)) - Successfully un-registered JMX Bean with object name Ratis:service=RaftServer,group=group-BEB3CAD4BD71,id=fe96208f-f4a6-407e-8fa5-c04d11db231e
2021-05-27 14:49:31,939 [ForkJoinPool.commonPool-worker-1] INFO  impl.RoleInfo (RoleInfo.java:shutdownFollowerState(108)) - fe96208f-f4a6-407e-8fa5-c04d11db231e: shutdown fe96208f-f4a6-407e-8fa5-c04d11db231e@group-BEB3CAD4BD71-FollowerState
2021-05-27 14:49:31,939 [ForkJoinPool.commonPool-worker-1] INFO  impl.StateMachineUpdater (StateMachineUpdater.java:stopAndJoin(149)) - fe96208f-f4a6-407e-8fa5-c04d11db231e@group-BEB3CAD4BD71-StateMachineUpdater: set stopIndex = 0
2021-05-27 14:49:31,939 [fe96208f-f4a6-407e-8fa5-c04d11db231e@group-BEB3CAD4BD71-FollowerState] INFO  impl.FollowerState (FollowerState.java:run(143)) - fe96208f-f4a6-407e-8fa5-c04d11db231e@group-BEB3CAD4BD71-FollowerState was interrupted: {}
java.lang.InterruptedException: sleep interrupted
	at java.lang.Thread.sleep(Native Method)
	at java.lang.Thread.sleep(Thread.java:340)
	at java.util.concurrent.TimeUnit.sleep(TimeUnit.java:386)
	at org.apache.ratis.util.TimeDuration.sleep(TimeDuration.java:324)
	at org.apache.ratis.util.TimeDuration.sleep(TimeDuration.java:309)
	at org.apache.ratis.server.impl.FollowerState.run(FollowerState.java:118)
2021-05-27 14:49:31,940 [fe96208f-f4a6-407e-8fa5-c04d11db231e@group-BEB3CAD4BD71-StateMachineUpdater] INFO  ratis.ContainerStateMachine (ContainerStateMachine.java:takeSnapshot(292)) - group-BEB3CAD4BD71: Taking a snapshot at:(t:6, i:0) file /home/runner/work/ozone/ozone/mnt/ozone/hadoop-ozone/integration-test/target/test-dir/MiniOzoneClusterImpl-01be8073-4a30-4c07-ba69-c81900f598d5/datanode-3/data/ratis/86ab80c3-99b9-4fb4-9adb-beb3cad4bd71/sm/snapshot.6_0
2021-05-27 14:49:31,941 [Listener at 127.0.0.1/33213] INFO  segmented.SegmentedRaftLogWorker (SegmentedRaftLogWorker.java:close(237)) - 58901a56-5ead-441d-bada-0c2dcec13c3c@group-7ED80A3AE6DA-SegmentedRaftLogWorker close()
2021-05-27 14:49:31,941 [fe96208f-f4a6-407e-8fa5-c04d11db231e@group-BEB3CAD4BD71-StateMachineUpdater] INFO  ratis.ContainerStateMachine (ContainerStateMachine.java:takeSnapshot(303)) - group-BEB3CAD4BD71: Finished taking a snapshot at:(t:6, i:0) file:/home/runner/work/ozone/ozone/mnt/ozone/hadoop-ozone/integration-test/target/test-dir/MiniOzoneClusterImpl-01be8073-4a30-4c07-ba69-c81900f598d5/datanode-3/data/ratis/86ab80c3-99b9-4fb4-9adb-beb3cad4bd71/sm/snapshot.6_0 took: 1 ms
2021-05-27 14:49:31,945 [fe96208f-f4a6-407e-8fa5-c04d11db231e@group-BEB3CAD4BD71-StateMachineUpdater] INFO  impl.StateMachineUpdater (StateMachineUpdater.java:takeSnapshot(281)) - fe96208f-f4a6-407e-8fa5-c04d11db231e@group-BEB3CAD4BD71-StateMachineUpdater: Took a snapshot at index 0
2021-05-27 14:49:31,945 [fe96208f-f4a6-407e-8fa5-c04d11db231e@group-BEB3CAD4BD71-StateMachineUpdater] INFO  impl.StateMachineUpdater (StateMachineUpdater.java:lambda$new$0(89)) - fe96208f-f4a6-407e-8fa5-c04d11db231e@group-BEB3CAD4BD71-StateMachineUpdater: snapshotIndex: updateIncreasingly -1 -> 0
2021-05-27 14:49:31,945 [fe96208f-f4a6-407e-8fa5-c04d11db231e@group-BEB3CAD4BD71-StateMachineUpdater] INFO  metrics.RatisMetrics (RatisMetrics.java:unregister(43)) - Unregistering Metrics Registry : ratis.state_machine.fe96208f-f4a6-407e-8fa5-c04d11db231e@group-BEB3CAD4BD71
2021-05-27 14:49:31,945 [ForkJoinPool.commonPool-worker-1] INFO  server.RaftServer$Division (ServerState.java:close(405)) - fe96208f-f4a6-407e-8fa5-c04d11db231e@group-BEB3CAD4BD71: closes. applyIndex: 0
2021-05-27 14:49:31,946 [fe96208f-f4a6-407e-8fa5-c04d11db231e@group-BEB3CAD4BD71-SegmentedRaftLogWorker] INFO  segmented.SegmentedRaftLogWorker (SegmentedRaftLogWorker.java:run(327)) - fe96208f-f4a6-407e-8fa5-c04d11db231e@group-BEB3CAD4BD71-SegmentedRaftLogWorker was interrupted, exiting. There are 0 tasks remaining in the queue.
2021-05-27 14:49:31,946 [Listener at 127.0.0.1/33213] INFO  metrics.RatisMetrics (RatisMetrics.java:unregister(43)) - Unregistering Metrics Registry : ratis.log_worker.58901a56-5ead-441d-bada-0c2dcec13c3c@group-7ED80A3AE6DA
2021-05-27 14:49:31,946 [Listener at 127.0.0.1/33213] INFO  metrics.RatisMetrics (RatisMetrics.java:unregister(43)) - Unregistering Metrics Registry : ratis.leader_election.58901a56-5ead-441d-bada-0c2dcec13c3c@group-7ED80A3AE6DA
2021-05-27 14:49:31,946 [Listener at 127.0.0.1/33213] INFO  metrics.RatisMetrics (RatisMetrics.java:unregister(43)) - Unregistering Metrics Registry : ratis.server.58901a56-5ead-441d-bada-0c2dcec13c3c@group-7ED80A3AE6DA
2021-05-27 14:49:31,946 [Listener at 127.0.0.1/33213] INFO  server.RaftServer$Division (RaftServerImpl.java:lambda$close$4(406)) - 58901a56-5ead-441d-bada-0c2dcec13c3c@group-BEB3CAD4BD71: shutdown
2021-05-27 14:49:31,947 [Listener at 127.0.0.1/33213] INFO  util.JmxRegister (JmxRegister.java:unregister(73)) - Successfully un-registered JMX Bean with object name Ratis:service=RaftServer,group=group-BEB3CAD4BD71,id=58901a56-5ead-441d-bada-0c2dcec13c3c
2021-05-27 14:49:31,947 [Listener at 127.0.0.1/33213] INFO  impl.RoleInfo (RoleInfo.java:shutdownLeaderState(91)) - 58901a56-5ead-441d-bada-0c2dcec13c3c: shutdown 58901a56-5ead-441d-bada-0c2dcec13c3c@group-BEB3CAD4BD71-LeaderStateImpl
2021-05-27 14:49:31,947 [Listener at 127.0.0.1/33213] INFO  metrics.RatisMetrics (RatisMetrics.java:unregister(43)) - Unregistering Metrics Registry : ratis_grpc.log_appender.58901a56-5ead-441d-bada-0c2dcec13c3c@group-BEB3CAD4BD71
2021-05-27 14:49:31,947 [Listener at 127.0.0.1/33213] INFO  metrics.RatisMetrics (RatisMetrics.java:unregister(43)) - Unregistering Metrics Registry : ratis_grpc.log_appender.58901a56-5ead-441d-bada-0c2dcec13c3c@group-BEB3CAD4BD71
2021-05-27 14:49:31,947 [58901a56-5ead-441d-bada-0c2dcec13c3c@group-BEB3CAD4BD71->fe96208f-f4a6-407e-8fa5-c04d11db231e-GrpcLogAppender-LogAppenderDaemon] WARN  server.GrpcLogAppender (GrpcLogAppender.java:mayWait(175)) - 58901a56-5ead-441d-bada-0c2dcec13c3c@group-BEB3CAD4BD71->fe96208f-f4a6-407e-8fa5-c04d11db231e-GrpcLogAppender: Wait interrupted by java.lang.InterruptedException
2021-05-27 14:49:31,947 [Listener at 127.0.0.1/33213] INFO  impl.PendingRequests (PendingRequests.java:sendNotLeaderResponses(249)) - 58901a56-5ead-441d-bada-0c2dcec13c3c@group-BEB3CAD4BD71-PendingRequests: sendNotLeaderResponses
2021-05-27 14:49:31,948 [grpc-default-executor-2] INFO  server.GrpcServerProtocolService (GrpcServerProtocolService.java:onCompleted(140)) - fe96208f-f4a6-407e-8fa5-c04d11db231e: Completed APPEND_ENTRIES, lastRequest: 58901a56-5ead-441d-bada-0c2dcec13c3c->fe96208f-f4a6-407e-8fa5-c04d11db231e#1-t6,previous=(t:0, i:0),leaderCommit=0,initializing? true,entries: size=1, first=(t:6, i:0), CONFIGURATIONENTRY
2021-05-27 14:49:31,949 [grpc-default-executor-1] INFO  server.GrpcLogAppender (GrpcLogAppender.java:onCompleted(344)) - 58901a56-5ead-441d-bada-0c2dcec13c3c@group-BEB3CAD4BD71->fe96208f-f4a6-407e-8fa5-c04d11db231e-AppendLogResponseHandler: follower responses appendEntries COMPLETED
2021-05-27 14:49:31,949 [grpc-default-executor-1] INFO  leader.FollowerInfo (FollowerInfoImpl.java:lambda$new$0(46)) - 58901a56-5ead-441d-bada-0c2dcec13c3c@group-BEB3CAD4BD71->fe96208f-f4a6-407e-8fa5-c04d11db231e: nextIndex: updateUnconditionally 1 -> 0
2021-05-27 14:49:31,948 [ForkJoinPool.commonPool-worker-1] INFO  segmented.SegmentedRaftLogWorker (SegmentedRaftLogWorker.java:close(237)) - fe96208f-f4a6-407e-8fa5-c04d11db231e@group-BEB3CAD4BD71-SegmentedRaftLogWorker close()
2021-05-27 14:49:31,950 [Listener at 127.0.0.1/33213] INFO  metrics.RatisMetrics (RatisMetrics.java:unregister(43)) - Unregistering Metrics Registry : ratis.log_appender.58901a56-5ead-441d-bada-0c2dcec13c3c@group-BEB3CAD4BD71
2021-05-27 14:49:31,950 [Listener at 127.0.0.1/33213] INFO  metrics.RatisMetrics (RatisMetrics.java:unregister(43)) - Unregistering Metrics Registry : ratis.server.58901a56-5ead-441d-bada-0c2dcec13c3c@group-BEB3CAD4BD71
2021-05-27 14:49:31,951 [58901a56-5ead-441d-bada-0c2dcec13c3c@group-BEB3CAD4BD71-StateMachineUpdater] INFO  ratis.ContainerStateMachine (ContainerStateMachine.java:takeSnapshot(292)) - group-BEB3CAD4BD71: Taking a snapshot at:(t:6, i:0) file /home/runner/work/ozone/ozone/mnt/ozone/hadoop-ozone/integration-test/target/test-dir/MiniOzoneClusterImpl-01be8073-4a30-4c07-ba69-c81900f598d5/datanode-5/data/ratis/86ab80c3-99b9-4fb4-9adb-beb3cad4bd71/sm/snapshot.6_0
2021-05-27 14:49:31,951 [ForkJoinPool.commonPool-worker-1] INFO  metrics.RatisMetrics (RatisMetrics.java:unregister(43)) - Unregistering Metrics Registry : ratis.log_worker.fe96208f-f4a6-407e-8fa5-c04d11db231e@group-BEB3CAD4BD71
2021-05-27 14:49:31,952 [ForkJoinPool.commonPool-worker-1] INFO  metrics.RatisMetrics (RatisMetrics.java:unregister(43)) - Unregistering Metrics Registry : ratis.leader_election.fe96208f-f4a6-407e-8fa5-c04d11db231e@group-BEB3CAD4BD71
2021-05-27 14:49:31,952 [ForkJoinPool.commonPool-worker-1] INFO  metrics.RatisMetrics (RatisMetrics.java:unregister(43)) - Unregistering Metrics Registry : ratis.server.fe96208f-f4a6-407e-8fa5-c04d11db231e@group-BEB3CAD4BD71
2021-05-27 14:49:31,952 [58901a56-5ead-441d-bada-0c2dcec13c3c@group-BEB3CAD4BD71-StateMachineUpdater] INFO  ratis.ContainerStateMachine (ContainerStateMachine.java:takeSnapshot(303)) - group-BEB3CAD4BD71: Finished taking a snapshot at:(t:6, i:0) file:/home/runner/work/ozone/ozone/mnt/ozone/hadoop-ozone/integration-test/target/test-dir/MiniOzoneClusterImpl-01be8073-4a30-4c07-ba69-c81900f598d5/datanode-5/data/ratis/86ab80c3-99b9-4fb4-9adb-beb3cad4bd71/sm/snapshot.6_0 took: 0 ms
2021-05-27 14:49:31,952 [58901a56-5ead-441d-bada-0c2dcec13c3c@group-BEB3CAD4BD71-StateMachineUpdater] INFO  impl.StateMachineUpdater (StateMachineUpdater.java:takeSnapshot(281)) - 58901a56-5ead-441d-bada-0c2dcec13c3c@group-BEB3CAD4BD71-StateMachineUpdater: Took a snapshot at index 0
2021-05-27 14:49:31,952 [58901a56-5ead-441d-bada-0c2dcec13c3c@group-BEB3CAD4BD71-StateMachineUpdater] INFO  impl.StateMachineUpdater (StateMachineUpdater.java:lambda$new$0(89)) - 58901a56-5ead-441d-bada-0c2dcec13c3c@group-BEB3CAD4BD71-StateMachineUpdater: snapshotIndex: updateIncreasingly -1 -> 0
2021-05-27 14:49:31,952 [58901a56-5ead-441d-bada-0c2dcec13c3c@group-BEB3CAD4BD71-StateMachineUpdater] INFO  metrics.RatisMetrics (RatisMetrics.java:unregister(43)) - Unregistering Metrics Registry : ratis.state_machine.58901a56-5ead-441d-bada-0c2dcec13c3c@group-BEB3CAD4BD71
2021-05-27 14:49:31,952 [ForkJoinPool.commonPool-worker-1] INFO  server.RaftServer$Division (RaftServerImpl.java:lambda$close$4(406)) - fe96208f-f4a6-407e-8fa5-c04d11db231e@group-8B5EBB4B753E: shutdown
2021-05-27 14:49:31,953 [ForkJoinPool.commonPool-worker-1] INFO  util.JmxRegister (JmxRegister.java:unregister(73)) - Successfully un-registered JMX Bean with object name Ratis:service=RaftServer,group=group-8B5EBB4B753E,id=fe96208f-f4a6-407e-8fa5-c04d11db231e
2021-05-27 14:49:31,953 [ForkJoinPool.commonPool-worker-1] INFO  impl.RoleInfo (RoleInfo.java:shutdownLeaderState(91)) - fe96208f-f4a6-407e-8fa5-c04d11db231e: shutdown fe96208f-f4a6-407e-8fa5-c04d11db231e@group-8B5EBB4B753E-LeaderStateImpl
2021-05-27 14:49:31,953 [ForkJoinPool.commonPool-worker-1] INFO  impl.PendingRequests (PendingRequests.java:sendNotLeaderResponses(249)) - fe96208f-f4a6-407e-8fa5-c04d11db231e@group-8B5EBB4B753E-PendingRequests: sendNotLeaderResponses
2021-05-27 14:49:31,953 [ForkJoinPool.commonPool-worker-1] INFO  metrics.RatisMetrics (RatisMetrics.java:unregister(43)) - Unregistering Metrics Registry : ratis.log_appender.fe96208f-f4a6-407e-8fa5-c04d11db231e@group-8B5EBB4B753E
2021-05-27 14:49:31,953 [ForkJoinPool.commonPool-worker-1] INFO  metrics.RatisMetrics (RatisMetrics.java:unregister(43)) - Unregistering Metrics Registry : ratis.server.fe96208f-f4a6-407e-8fa5-c04d11db231e@group-8B5EBB4B753E
2021-05-27 14:49:31,953 [fe96208f-f4a6-407e-8fa5-c04d11db231e@group-8B5EBB4B753E-StateMachineUpdater] INFO  ratis.ContainerStateMachine (ContainerStateMachine.java:takeSnapshot(292)) - group-8B5EBB4B753E: Taking a snapshot at:(t:1, i:0) file /home/runner/work/ozone/ozone/mnt/ozone/hadoop-ozone/integration-test/target/test-dir/MiniOzoneClusterImpl-01be8073-4a30-4c07-ba69-c81900f598d5/datanode-3/data/ratis/f0fd23e4-ec86-4d58-b133-8b5ebb4b753e/sm/snapshot.1_0
2021-05-27 14:49:31,953 [ForkJoinPool.commonPool-worker-1] INFO  impl.StateMachineUpdater (StateMachineUpdater.java:stopAndJoin(149)) - fe96208f-f4a6-407e-8fa5-c04d11db231e@group-8B5EBB4B753E-StateMachineUpdater: set stopIndex = 0
2021-05-27 14:49:31,954 [Listener at 127.0.0.1/33213] INFO  impl.StateMachineUpdater (StateMachineUpdater.java:stopAndJoin(149)) - 58901a56-5ead-441d-bada-0c2dcec13c3c@group-BEB3CAD4BD71-StateMachineUpdater: set stopIndex = 0
2021-05-27 14:49:31,954 [Listener at 127.0.0.1/33213] INFO  server.RaftServer$Division (ServerState.java:close(405)) - 58901a56-5ead-441d-bada-0c2dcec13c3c@group-BEB3CAD4BD71: closes. applyIndex: 0
2021-05-27 14:49:31,954 [fe96208f-f4a6-407e-8fa5-c04d11db231e@group-8B5EBB4B753E-StateMachineUpdater] INFO  ratis.ContainerStateMachine (ContainerStateMachine.java:takeSnapshot(303)) - group-8B5EBB4B753E: Finished taking a snapshot at:(t:1, i:0) file:/home/runner/work/ozone/ozone/mnt/ozone/hadoop-ozone/integration-test/target/test-dir/MiniOzoneClusterImpl-01be8073-4a30-4c07-ba69-c81900f598d5/datanode-3/data/ratis/f0fd23e4-ec86-4d58-b133-8b5ebb4b753e/sm/snapshot.1_0 took: 0 ms
2021-05-27 14:49:31,954 [fe96208f-f4a6-407e-8fa5-c04d11db231e@group-8B5EBB4B753E-StateMachineUpdater] INFO  impl.StateMachineUpdater (StateMachineUpdater.java:takeSnapshot(281)) - fe96208f-f4a6-407e-8fa5-c04d11db231e@group-8B5EBB4B753E-StateMachineUpdater: Took a snapshot at index 0
2021-05-27 14:49:31,954 [fe96208f-f4a6-407e-8fa5-c04d11db231e@group-8B5EBB4B753E-StateMachineUpdater] INFO  impl.StateMachineUpdater (StateMachineUpdater.java:lambda$new$0(89)) - fe96208f-f4a6-407e-8fa5-c04d11db231e@group-8B5EBB4B753E-StateMachineUpdater: snapshotIndex: updateIncreasingly -1 -> 0
2021-05-27 14:49:31,954 [fe96208f-f4a6-407e-8fa5-c04d11db231e@group-8B5EBB4B753E-StateMachineUpdater] INFO  metrics.RatisMetrics (RatisMetrics.java:unregister(43)) - Unregistering Metrics Registry : ratis.state_machine.fe96208f-f4a6-407e-8fa5-c04d11db231e@group-8B5EBB4B753E
2021-05-27 14:49:31,955 [ForkJoinPool.commonPool-worker-1] INFO  server.RaftServer$Division (ServerState.java:close(405)) - fe96208f-f4a6-407e-8fa5-c04d11db231e@group-8B5EBB4B753E: closes. applyIndex: 0
2021-05-27 14:49:31,955 [fe96208f-f4a6-407e-8fa5-c04d11db231e@group-8B5EBB4B753E-SegmentedRaftLogWorker] INFO  segmented.SegmentedRaftLogWorker (SegmentedRaftLogWorker.java:run(327)) - fe96208f-f4a6-407e-8fa5-c04d11db231e@group-8B5EBB4B753E-SegmentedRaftLogWorker was interrupted, exiting. There are 0 tasks remaining in the queue.
2021-05-27 14:49:31,962 [ForkJoinPool.commonPool-worker-1] INFO  segmented.SegmentedRaftLogWorker (SegmentedRaftLogWorker.java:close(237)) - fe96208f-f4a6-407e-8fa5-c04d11db231e@group-8B5EBB4B753E-SegmentedRaftLogWorker close()
2021-05-27 14:49:31,962 [ForkJoinPool.commonPool-worker-1] INFO  metrics.RatisMetrics (RatisMetrics.java:unregister(43)) - Unregistering Metrics Registry : ratis.log_worker.fe96208f-f4a6-407e-8fa5-c04d11db231e@group-8B5EBB4B753E
2021-05-27 14:49:31,963 [ForkJoinPool.commonPool-worker-1] INFO  metrics.RatisMetrics (RatisMetrics.java:unregister(43)) - Unregistering Metrics Registry : ratis.leader_election.fe96208f-f4a6-407e-8fa5-c04d11db231e@group-8B5EBB4B753E
2021-05-27 14:49:31,963 [ForkJoinPool.commonPool-worker-1] INFO  metrics.RatisMetrics (RatisMetrics.java:unregister(43)) - Unregistering Metrics Registry : ratis.server.fe96208f-f4a6-407e-8fa5-c04d11db231e@group-8B5EBB4B753E
2021-05-27 14:49:31,963 [ForkJoinPool.commonPool-worker-1] INFO  server.GrpcService (GrpcService.java:closeImpl(262)) - fe96208f-f4a6-407e-8fa5-c04d11db231e: shutdown server with port 42335 now
2021-05-27 14:49:31,963 [58901a56-5ead-441d-bada-0c2dcec13c3c@group-BEB3CAD4BD71-SegmentedRaftLogWorker] INFO  segmented.SegmentedRaftLogWorker (SegmentedRaftLogWorker.java:run(327)) - 58901a56-5ead-441d-bada-0c2dcec13c3c@group-BEB3CAD4BD71-SegmentedRaftLogWorker was interrupted, exiting. There are 0 tasks remaining in the queue.
2021-05-27 14:49:31,964 [Listener at 127.0.0.1/33213] INFO  segmented.SegmentedRaftLogWorker (SegmentedRaftLogWorker.java:close(237)) - 58901a56-5ead-441d-bada-0c2dcec13c3c@group-BEB3CAD4BD71-SegmentedRaftLogWorker close()
2021-05-27 14:49:31,965 [Listener at 127.0.0.1/33213] INFO  metrics.RatisMetrics (RatisMetrics.java:unregister(43)) - Unregistering Metrics Registry : ratis.log_worker.58901a56-5ead-441d-bada-0c2dcec13c3c@group-BEB3CAD4BD71
2021-05-27 14:49:31,965 [Listener at 127.0.0.1/33213] INFO  metrics.RatisMetrics (RatisMetrics.java:unregister(43)) - Unregistering Metrics Registry : ratis.leader_election.58901a56-5ead-441d-bada-0c2dcec13c3c@group-BEB3CAD4BD71
2021-05-27 14:49:31,965 [ForkJoinPool.commonPool-worker-1] INFO  server.GrpcService (GrpcService.java:closeImpl(271)) - fe96208f-f4a6-407e-8fa5-c04d11db231e: shutdown server with port 42335 successfully
2021-05-27 14:49:31,965 [org.apache.ratis.util.JvmPauseMonitor$$Lambda$513/734719022@498f647] INFO  util.JvmPauseMonitor (JvmPauseMonitor.java:run(109)) - JvmPauseMonitor-fe96208f-f4a6-407e-8fa5-c04d11db231e: Stopped
2021-05-27 14:49:31,965 [Listener at 127.0.0.1/33213] INFO  metrics.RatisMetrics (RatisMetrics.java:unregister(43)) - Unregistering Metrics Registry : ratis.server.58901a56-5ead-441d-bada-0c2dcec13c3c@group-BEB3CAD4BD71
2021-05-27 14:49:31,966 [Listener at 127.0.0.1/33213] INFO  server.GrpcService (GrpcService.java:closeImpl(262)) - 58901a56-5ead-441d-bada-0c2dcec13c3c: shutdown server with port 34635 now
2021-05-27 14:49:31,967 [Listener at 127.0.0.1/33213] INFO  server.GrpcService (GrpcService.java:closeImpl(271)) - 58901a56-5ead-441d-bada-0c2dcec13c3c: shutdown server with port 34635 successfully
2021-05-27 14:49:31,968 [org.apache.ratis.util.JvmPauseMonitor$$Lambda$513/734719022@4dd9a11a] INFO  util.JvmPauseMonitor (JvmPauseMonitor.java:run(109)) - JvmPauseMonitor-58901a56-5ead-441d-bada-0c2dcec13c3c: Stopped
2021-05-27 14:49:31,968 [ForkJoinPool.commonPool-worker-1] INFO  utils.BackgroundService (BackgroundService.java:shutdown(132)) - Shutting down service BlockDeletingService
2021-05-27 14:49:31,969 [Listener at 127.0.0.1/33213] INFO  utils.BackgroundService (BackgroundService.java:shutdown(132)) - Shutting down service BlockDeletingService
2021-05-27 14:49:31,971 [ForkJoinPool.commonPool-worker-1] INFO  statemachine.DatanodeStateMachine (DatanodeStateMachine.java:stopDaemon(475)) - Ozone container server stopped.
2021-05-27 14:49:31,971 [Listener at 127.0.0.1/33213] INFO  statemachine.DatanodeStateMachine (DatanodeStateMachine.java:stopDaemon(475)) - Ozone container server stopped.
2021-05-27 14:49:31,971 [Listener at 127.0.0.1/33213] INFO  handler.ContextHandler (ContextHandler.java:doStop(1154)) - Stopped o.e.j.w.WebAppContext@447dec7e{hddsDatanode,/,null,STOPPED}{jar:file:/home/runner/.m2/repository/org/apache/hadoop/hadoop-hdds-container-service/1.2.0-SNAPSHOT/hadoop-hdds-container-service-1.2.0-SNAPSHOT.jar!/webapps/hddsDatanode}
2021-05-27 14:49:31,973 [Listener at 127.0.0.1/33213] INFO  server.AbstractConnector (AbstractConnector.java:doStop(381)) - Stopped ServerConnector@4913465d{HTTP/1.1, (http/1.1)}{0.0.0.0:0}
2021-05-27 14:49:31,973 [Listener at 127.0.0.1/33213] INFO  server.session (HouseKeeper.java:stopScavenging(149)) - node0 Stopped scavenging
2021-05-27 14:49:31,973 [Listener at 127.0.0.1/33213] INFO  handler.ContextHandler (ContextHandler.java:doStop(1154)) - Stopped o.e.j.s.ServletContextHandler@57fd93f9{static,/static,jar:file:/home/runner/.m2/repository/org/apache/hadoop/hadoop-hdds-container-service/1.2.0-SNAPSHOT/hadoop-hdds-container-service-1.2.0-SNAPSHOT.jar!/webapps/static,STOPPED}
2021-05-27 14:49:31,973 [Listener at 127.0.0.1/33213] INFO  handler.ContextHandler (ContextHandler.java:doStop(1154)) - Stopped o.e.j.s.ServletContextHandler@52f2d8e8{logs,/logs,file:///home/runner/work/ozone/ozone/mnt/ozone/hadoop-ozone/integration-test/target/log,STOPPED}
2021-05-27 14:49:31,974 [ForkJoinPool.commonPool-worker-1] INFO  handler.ContextHandler (ContextHandler.java:doStop(1154)) - Stopped o.e.j.w.WebAppContext@2d95c3ef{hddsDatanode,/,null,STOPPED}{jar:file:/home/runner/.m2/repository/org/apache/hadoop/hadoop-hdds-container-service/1.2.0-SNAPSHOT/hadoop-hdds-container-service-1.2.0-SNAPSHOT.jar!/webapps/hddsDatanode}
2021-05-27 14:49:31,975 [ForkJoinPool.commonPool-worker-1] INFO  server.AbstractConnector (AbstractConnector.java:doStop(381)) - Stopped ServerConnector@4a547f9d{HTTP/1.1, (http/1.1)}{0.0.0.0:0}
2021-05-27 14:49:31,975 [ForkJoinPool.commonPool-worker-1] INFO  server.session (HouseKeeper.java:stopScavenging(149)) - node0 Stopped scavenging
2021-05-27 14:49:31,976 [ForkJoinPool.commonPool-worker-1] INFO  handler.ContextHandler (ContextHandler.java:doStop(1154)) - Stopped o.e.j.s.ServletContextHandler@6c720765{static,/static,jar:file:/home/runner/.m2/repository/org/apache/hadoop/hadoop-hdds-container-service/1.2.0-SNAPSHOT/hadoop-hdds-container-service-1.2.0-SNAPSHOT.jar!/webapps/static,STOPPED}
2021-05-27 14:49:31,976 [ForkJoinPool.commonPool-worker-1] INFO  handler.ContextHandler (ContextHandler.java:doStop(1154)) - Stopped o.e.j.s.ServletContextHandler@b4f7e1c{logs,/logs,file:///home/runner/work/ozone/ozone/mnt/ozone/hadoop-ozone/integration-test/target/log,STOPPED}
2021-05-27 14:49:32,032 [Datanode State Machine Thread - 0] INFO  statemachine.DatanodeStateMachine (DatanodeStateMachine.java:lambda$startDaemon$0(417)) - Ozone container server started.
2021-05-27 14:49:32,737 [Datanode State Machine Thread - 0] INFO  statemachine.DatanodeStateMachine (DatanodeStateMachine.java:lambda$startDaemon$0(417)) - Ozone container server started.
2021-05-27 14:49:34,428 [grpc-default-executor-2] WARN  server.GrpcLogAppender (LogUtils.java:warn(122)) - ac3fbd16-1d83-453c-852e-871f53a8d589@group-F74673522764->d3bd078d-6cea-4f12-8d62-4874212fc6f9-AppendLogResponseHandler: Failed appendEntries: org.apache.ratis.thirdparty.io.grpc.StatusRuntimeException: UNAVAILABLE: io exception
2021-05-27 14:49:34,428 [grpc-default-executor-2] INFO  leader.FollowerInfo (FollowerInfoImpl.java:lambda$new$0(46)) - ac3fbd16-1d83-453c-852e-871f53a8d589@group-F74673522764->d3bd078d-6cea-4f12-8d62-4874212fc6f9: nextIndex: updateUnconditionally 13 -> 12
2021-05-27 14:49:36,928 [grpc-default-executor-2] WARN  server.GrpcLogAppender (LogUtils.java:warn(122)) - ac3fbd16-1d83-453c-852e-871f53a8d589@group-F74673522764->d3bd078d-6cea-4f12-8d62-4874212fc6f9-AppendLogResponseHandler: Failed appendEntries: org.apache.ratis.thirdparty.io.grpc.StatusRuntimeException: UNAVAILABLE: io exception
2021-05-27 14:49:36,929 [grpc-default-executor-2] INFO  leader.FollowerInfo (FollowerInfoImpl.java:lambda$new$0(46)) - ac3fbd16-1d83-453c-852e-871f53a8d589@group-F74673522764->d3bd078d-6cea-4f12-8d62-4874212fc6f9: nextIndex: updateUnconditionally 13 -> 12
2021-05-27 14:49:36,976 [Listener at 127.0.0.1/33213] INFO  ozoneimpl.OzoneContainer (OzoneContainer.java:stop(316)) - Attempting to stop container services.
2021-05-27 14:49:36,976 [Listener at 127.0.0.1/33213] INFO  server.RaftServer (RaftServerProxy.java:lambda$close$6(391)) - 8e6df144-c6f6-43b2-a2f1-262f0d8e0594: close
2021-05-27 14:49:36,977 [Listener at 127.0.0.1/33213] INFO  server.RaftServer$Division (RaftServerImpl.java:lambda$close$4(406)) - 8e6df144-c6f6-43b2-a2f1-262f0d8e0594@group-BD86B44502A1: shutdown
2021-05-27 14:49:36,977 [Listener at 127.0.0.1/33213] INFO  util.JmxRegister (JmxRegister.java:unregister(73)) - Successfully un-registered JMX Bean with object name Ratis:service=RaftServer,group=group-BD86B44502A1,id=8e6df144-c6f6-43b2-a2f1-262f0d8e0594
2021-05-27 14:49:36,977 [Listener at 127.0.0.1/33213] INFO  impl.RoleInfo (RoleInfo.java:shutdownFollowerState(108)) - 8e6df144-c6f6-43b2-a2f1-262f0d8e0594: shutdown 8e6df144-c6f6-43b2-a2f1-262f0d8e0594@group-BD86B44502A1-FollowerState
2021-05-27 14:49:36,977 [Listener at 127.0.0.1/33213] INFO  impl.StateMachineUpdater (StateMachineUpdater.java:stopAndJoin(149)) - 8e6df144-c6f6-43b2-a2f1-262f0d8e0594@group-BD86B44502A1-StateMachineUpdater: set stopIndex = 2
2021-05-27 14:49:36,977 [8e6df144-c6f6-43b2-a2f1-262f0d8e0594@group-BD86B44502A1-FollowerState] INFO  impl.FollowerState (FollowerState.java:run(143)) - 8e6df144-c6f6-43b2-a2f1-262f0d8e0594@group-BD86B44502A1-FollowerState was interrupted: {}
java.lang.InterruptedException: sleep interrupted
	at java.lang.Thread.sleep(Native Method)
	at java.lang.Thread.sleep(Thread.java:340)
	at java.util.concurrent.TimeUnit.sleep(TimeUnit.java:386)
	at org.apache.ratis.util.TimeDuration.sleep(TimeDuration.java:324)
	at org.apache.ratis.util.TimeDuration.sleep(TimeDuration.java:309)
	at org.apache.ratis.server.impl.FollowerState.run(FollowerState.java:118)
2021-05-27 14:49:36,977 [8e6df144-c6f6-43b2-a2f1-262f0d8e0594@group-BD86B44502A1-StateMachineUpdater] INFO  ratis.ContainerStateMachine (ContainerStateMachine.java:takeSnapshot(292)) - group-BD86B44502A1: Taking a snapshot at:(t:5, i:2) file /home/runner/work/ozone/ozone/mnt/ozone/hadoop-ozone/integration-test/target/test-dir/MiniOzoneClusterImpl-01be8073-4a30-4c07-ba69-c81900f598d5/datanode-7/data/ratis/92661cd8-1084-46f9-bbf0-bd86b44502a1/sm/snapshot.5_2
2021-05-27 14:49:36,978 [8e6df144-c6f6-43b2-a2f1-262f0d8e0594@group-BD86B44502A1-StateMachineUpdater] INFO  ratis.ContainerStateMachine (ContainerStateMachine.java:takeSnapshot(303)) - group-BD86B44502A1: Finished taking a snapshot at:(t:5, i:2) file:/home/runner/work/ozone/ozone/mnt/ozone/hadoop-ozone/integration-test/target/test-dir/MiniOzoneClusterImpl-01be8073-4a30-4c07-ba69-c81900f598d5/datanode-7/data/ratis/92661cd8-1084-46f9-bbf0-bd86b44502a1/sm/snapshot.5_2 took: 1 ms
2021-05-27 14:49:36,979 [8e6df144-c6f6-43b2-a2f1-262f0d8e0594@group-BD86B44502A1-StateMachineUpdater] INFO  impl.StateMachineUpdater (StateMachineUpdater.java:takeSnapshot(281)) - 8e6df144-c6f6-43b2-a2f1-262f0d8e0594@group-BD86B44502A1-StateMachineUpdater: Took a snapshot at index 2
2021-05-27 14:49:36,979 [8e6df144-c6f6-43b2-a2f1-262f0d8e0594@group-BD86B44502A1-StateMachineUpdater] INFO  impl.StateMachineUpdater (StateMachineUpdater.java:lambda$new$0(89)) - 8e6df144-c6f6-43b2-a2f1-262f0d8e0594@group-BD86B44502A1-StateMachineUpdater: snapshotIndex: updateIncreasingly -1 -> 2
2021-05-27 14:49:36,979 [8e6df144-c6f6-43b2-a2f1-262f0d8e0594@group-BD86B44502A1-StateMachineUpdater] INFO  metrics.RatisMetrics (RatisMetrics.java:unregister(43)) - Unregistering Metrics Registry : ratis.state_machine.8e6df144-c6f6-43b2-a2f1-262f0d8e0594@group-BD86B44502A1
2021-05-27 14:49:36,979 [Listener at 127.0.0.1/33213] INFO  server.RaftServer$Division (ServerState.java:close(405)) - 8e6df144-c6f6-43b2-a2f1-262f0d8e0594@group-BD86B44502A1: closes. applyIndex: 2
2021-05-27 14:49:36,979 [ForkJoinPool.commonPool-worker-1] INFO  ozoneimpl.OzoneContainer (OzoneContainer.java:stop(316)) - Attempting to stop container services.
2021-05-27 14:49:36,979 [8e6df144-c6f6-43b2-a2f1-262f0d8e0594@group-BD86B44502A1-SegmentedRaftLogWorker] INFO  segmented.SegmentedRaftLogWorker (SegmentedRaftLogWorker.java:run(327)) - 8e6df144-c6f6-43b2-a2f1-262f0d8e0594@group-BD86B44502A1-SegmentedRaftLogWorker was interrupted, exiting. There are 0 tasks remaining in the queue.
2021-05-27 14:49:36,980 [Listener at 127.0.0.1/33213] INFO  segmented.SegmentedRaftLogWorker (SegmentedRaftLogWorker.java:close(237)) - 8e6df144-c6f6-43b2-a2f1-262f0d8e0594@group-BD86B44502A1-SegmentedRaftLogWorker close()
2021-05-27 14:49:36,981 [ForkJoinPool.commonPool-worker-1] INFO  server.RaftServer (RaftServerProxy.java:lambda$close$6(391)) - cc66d020-3049-4c90-bc53-6b8115d82a8c: close
2021-05-27 14:49:36,981 [Listener at 127.0.0.1/33213] INFO  metrics.RatisMetrics (RatisMetrics.java:unregister(43)) - Unregistering Metrics Registry : ratis.log_worker.8e6df144-c6f6-43b2-a2f1-262f0d8e0594@group-BD86B44502A1
2021-05-27 14:49:36,981 [ForkJoinPool.commonPool-worker-1] INFO  server.RaftServer$Division (RaftServerImpl.java:lambda$close$4(406)) - cc66d020-3049-4c90-bc53-6b8115d82a8c@group-0FF4DFCCC907: shutdown
2021-05-27 14:49:36,981 [ForkJoinPool.commonPool-worker-1] INFO  util.JmxRegister (JmxRegister.java:unregister(73)) - Successfully un-registered JMX Bean with object name Ratis:service=RaftServer,group=group-0FF4DFCCC907,id=cc66d020-3049-4c90-bc53-6b8115d82a8c
2021-05-27 14:49:36,982 [ForkJoinPool.commonPool-worker-1] INFO  impl.RoleInfo (RoleInfo.java:shutdownLeaderState(91)) - cc66d020-3049-4c90-bc53-6b8115d82a8c: shutdown cc66d020-3049-4c90-bc53-6b8115d82a8c@group-0FF4DFCCC907-LeaderStateImpl
2021-05-27 14:49:36,982 [ForkJoinPool.commonPool-worker-1] INFO  impl.PendingRequests (PendingRequests.java:sendNotLeaderResponses(249)) - cc66d020-3049-4c90-bc53-6b8115d82a8c@group-0FF4DFCCC907-PendingRequests: sendNotLeaderResponses
2021-05-27 14:49:36,982 [ForkJoinPool.commonPool-worker-1] INFO  metrics.RatisMetrics (RatisMetrics.java:unregister(43)) - Unregistering Metrics Registry : ratis.log_appender.cc66d020-3049-4c90-bc53-6b8115d82a8c@group-0FF4DFCCC907
2021-05-27 14:49:36,982 [ForkJoinPool.commonPool-worker-1] INFO  metrics.RatisMetrics (RatisMetrics.java:unregister(43)) - Unregistering Metrics Registry : ratis.server.cc66d020-3049-4c90-bc53-6b8115d82a8c@group-0FF4DFCCC907
2021-05-27 14:49:36,982 [ForkJoinPool.commonPool-worker-1] INFO  impl.StateMachineUpdater (StateMachineUpdater.java:stopAndJoin(149)) - cc66d020-3049-4c90-bc53-6b8115d82a8c@group-0FF4DFCCC907-StateMachineUpdater: set stopIndex = 0
2021-05-27 14:49:36,982 [Listener at 127.0.0.1/33213] INFO  metrics.RatisMetrics (RatisMetrics.java:unregister(43)) - Unregistering Metrics Registry : ratis.leader_election.8e6df144-c6f6-43b2-a2f1-262f0d8e0594@group-BD86B44502A1
2021-05-27 14:49:36,982 [cc66d020-3049-4c90-bc53-6b8115d82a8c@group-0FF4DFCCC907-StateMachineUpdater] INFO  ratis.ContainerStateMachine (ContainerStateMachine.java:takeSnapshot(292)) - group-0FF4DFCCC907: Taking a snapshot at:(t:1, i:0) file /home/runner/work/ozone/ozone/mnt/ozone/hadoop-ozone/integration-test/target/test-dir/MiniOzoneClusterImpl-01be8073-4a30-4c07-ba69-c81900f598d5/datanode-0/data/ratis/9991538b-5731-4e35-ab44-0ff4dfccc907/sm/snapshot.1_0
2021-05-27 14:49:36,983 [Listener at 127.0.0.1/33213] INFO  metrics.RatisMetrics (RatisMetrics.java:unregister(43)) - Unregistering Metrics Registry : ratis.server.8e6df144-c6f6-43b2-a2f1-262f0d8e0594@group-BD86B44502A1
2021-05-27 14:49:36,983 [Listener at 127.0.0.1/33213] INFO  server.RaftServer$Division (RaftServerImpl.java:lambda$close$4(406)) - 8e6df144-c6f6-43b2-a2f1-262f0d8e0594@group-D89EB04E674D: shutdown
2021-05-27 14:49:36,983 [Listener at 127.0.0.1/33213] INFO  util.JmxRegister (JmxRegister.java:unregister(73)) - Successfully un-registered JMX Bean with object name Ratis:service=RaftServer,group=group-D89EB04E674D,id=8e6df144-c6f6-43b2-a2f1-262f0d8e0594
2021-05-27 14:49:36,983 [cc66d020-3049-4c90-bc53-6b8115d82a8c@group-0FF4DFCCC907-StateMachineUpdater] INFO  ratis.ContainerStateMachine (ContainerStateMachine.java:takeSnapshot(303)) - group-0FF4DFCCC907: Finished taking a snapshot at:(t:1, i:0) file:/home/runner/work/ozone/ozone/mnt/ozone/hadoop-ozone/integration-test/target/test-dir/MiniOzoneClusterImpl-01be8073-4a30-4c07-ba69-c81900f598d5/datanode-0/data/ratis/9991538b-5731-4e35-ab44-0ff4dfccc907/sm/snapshot.1_0 took: 0 ms
2021-05-27 14:49:36,983 [cc66d020-3049-4c90-bc53-6b8115d82a8c@group-0FF4DFCCC907-StateMachineUpdater] INFO  impl.StateMachineUpdater (StateMachineUpdater.java:takeSnapshot(281)) - cc66d020-3049-4c90-bc53-6b8115d82a8c@group-0FF4DFCCC907-StateMachineUpdater: Took a snapshot at index 0
2021-05-27 14:49:36,983 [cc66d020-3049-4c90-bc53-6b8115d82a8c@group-0FF4DFCCC907-StateMachineUpdater] INFO  impl.StateMachineUpdater (StateMachineUpdater.java:lambda$new$0(89)) - cc66d020-3049-4c90-bc53-6b8115d82a8c@group-0FF4DFCCC907-StateMachineUpdater: snapshotIndex: updateIncreasingly -1 -> 0
2021-05-27 14:49:36,984 [cc66d020-3049-4c90-bc53-6b8115d82a8c@group-0FF4DFCCC907-StateMachineUpdater] INFO  metrics.RatisMetrics (RatisMetrics.java:unregister(43)) - Unregistering Metrics Registry : ratis.state_machine.cc66d020-3049-4c90-bc53-6b8115d82a8c@group-0FF4DFCCC907
2021-05-27 14:49:36,984 [ForkJoinPool.commonPool-worker-1] INFO  server.RaftServer$Division (ServerState.java:close(405)) - cc66d020-3049-4c90-bc53-6b8115d82a8c@group-0FF4DFCCC907: closes. applyIndex: 0
2021-05-27 14:49:36,984 [Listener at 127.0.0.1/33213] INFO  impl.RoleInfo (RoleInfo.java:shutdownLeaderState(91)) - 8e6df144-c6f6-43b2-a2f1-262f0d8e0594: shutdown 8e6df144-c6f6-43b2-a2f1-262f0d8e0594@group-D89EB04E674D-LeaderStateImpl
2021-05-27 14:49:36,984 [cc66d020-3049-4c90-bc53-6b8115d82a8c@group-0FF4DFCCC907-SegmentedRaftLogWorker] INFO  segmented.SegmentedRaftLogWorker (SegmentedRaftLogWorker.java:run(327)) - cc66d020-3049-4c90-bc53-6b8115d82a8c@group-0FF4DFCCC907-SegmentedRaftLogWorker was interrupted, exiting. There are 0 tasks remaining in the queue.
2021-05-27 14:49:36,990 [ForkJoinPool.commonPool-worker-1] INFO  segmented.SegmentedRaftLogWorker (SegmentedRaftLogWorker.java:close(237)) - cc66d020-3049-4c90-bc53-6b8115d82a8c@group-0FF4DFCCC907-SegmentedRaftLogWorker close()
2021-05-27 14:49:36,992 [ForkJoinPool.commonPool-worker-1] INFO  metrics.RatisMetrics (RatisMetrics.java:unregister(43)) - Unregistering Metrics Registry : ratis.log_worker.cc66d020-3049-4c90-bc53-6b8115d82a8c@group-0FF4DFCCC907
2021-05-27 14:49:36,992 [ForkJoinPool.commonPool-worker-1] INFO  metrics.RatisMetrics (RatisMetrics.java:unregister(43)) - Unregistering Metrics Registry : ratis.leader_election.cc66d020-3049-4c90-bc53-6b8115d82a8c@group-0FF4DFCCC907
2021-05-27 14:49:36,992 [ForkJoinPool.commonPool-worker-1] INFO  metrics.RatisMetrics (RatisMetrics.java:unregister(43)) - Unregistering Metrics Registry : ratis.server.cc66d020-3049-4c90-bc53-6b8115d82a8c@group-0FF4DFCCC907
2021-05-27 14:49:36,992 [ForkJoinPool.commonPool-worker-1] INFO  server.RaftServer$Division (RaftServerImpl.java:lambda$close$4(406)) - cc66d020-3049-4c90-bc53-6b8115d82a8c@group-F74673522764: shutdown
2021-05-27 14:49:36,992 [ForkJoinPool.commonPool-worker-1] INFO  util.JmxRegister (JmxRegister.java:unregister(73)) - Successfully un-registered JMX Bean with object name Ratis:service=RaftServer,group=group-F74673522764,id=cc66d020-3049-4c90-bc53-6b8115d82a8c
2021-05-27 14:49:36,992 [ForkJoinPool.commonPool-worker-1] INFO  impl.RoleInfo (RoleInfo.java:shutdownFollowerState(108)) - cc66d020-3049-4c90-bc53-6b8115d82a8c: shutdown cc66d020-3049-4c90-bc53-6b8115d82a8c@group-F74673522764-FollowerState
2021-05-27 14:49:36,992 [ForkJoinPool.commonPool-worker-1] INFO  impl.StateMachineUpdater (StateMachineUpdater.java:stopAndJoin(149)) - cc66d020-3049-4c90-bc53-6b8115d82a8c@group-F74673522764-StateMachineUpdater: set stopIndex = 12
2021-05-27 14:49:36,992 [cc66d020-3049-4c90-bc53-6b8115d82a8c@group-F74673522764-FollowerState] INFO  impl.FollowerState (FollowerState.java:run(143)) - cc66d020-3049-4c90-bc53-6b8115d82a8c@group-F74673522764-FollowerState was interrupted: {}
java.lang.InterruptedException: sleep interrupted
	at java.lang.Thread.sleep(Native Method)
	at java.lang.Thread.sleep(Thread.java:340)
	at java.util.concurrent.TimeUnit.sleep(TimeUnit.java:386)
	at org.apache.ratis.util.TimeDuration.sleep(TimeDuration.java:324)
	at org.apache.ratis.util.TimeDuration.sleep(TimeDuration.java:309)
	at org.apache.ratis.server.impl.FollowerState.run(FollowerState.java:118)
2021-05-27 14:49:36,993 [cc66d020-3049-4c90-bc53-6b8115d82a8c@group-F74673522764-StateMachineUpdater] INFO  ratis.ContainerStateMachine (ContainerStateMachine.java:takeSnapshot(292)) - group-F74673522764: Taking a snapshot at:(t:2, i:12) file /home/runner/work/ozone/ozone/mnt/ozone/hadoop-ozone/integration-test/target/test-dir/MiniOzoneClusterImpl-01be8073-4a30-4c07-ba69-c81900f598d5/datanode-0/data/ratis/1041af58-6781-4304-9760-f74673522764/sm/snapshot.2_12
2021-05-27 14:49:36,993 [Listener at 127.0.0.1/33213] INFO  impl.PendingRequests (PendingRequests.java:sendNotLeaderResponses(249)) - 8e6df144-c6f6-43b2-a2f1-262f0d8e0594@group-D89EB04E674D-PendingRequests: sendNotLeaderResponses
2021-05-27 14:49:36,993 [Listener at 127.0.0.1/33213] INFO  metrics.RatisMetrics (RatisMetrics.java:unregister(43)) - Unregistering Metrics Registry : ratis.log_appender.8e6df144-c6f6-43b2-a2f1-262f0d8e0594@group-D89EB04E674D
2021-05-27 14:49:36,993 [Listener at 127.0.0.1/33213] INFO  metrics.RatisMetrics (RatisMetrics.java:unregister(43)) - Unregistering Metrics Registry : ratis.server.8e6df144-c6f6-43b2-a2f1-262f0d8e0594@group-D89EB04E674D
2021-05-27 14:49:36,993 [cc66d020-3049-4c90-bc53-6b8115d82a8c@group-F74673522764-StateMachineUpdater] INFO  ratis.ContainerStateMachine (ContainerStateMachine.java:takeSnapshot(303)) - group-F74673522764: Finished taking a snapshot at:(t:2, i:12) file:/home/runner/work/ozone/ozone/mnt/ozone/hadoop-ozone/integration-test/target/test-dir/MiniOzoneClusterImpl-01be8073-4a30-4c07-ba69-c81900f598d5/datanode-0/data/ratis/1041af58-6781-4304-9760-f74673522764/sm/snapshot.2_12 took: 1 ms
2021-05-27 14:49:36,994 [cc66d020-3049-4c90-bc53-6b8115d82a8c@group-F74673522764-StateMachineUpdater] INFO  impl.StateMachineUpdater (StateMachineUpdater.java:takeSnapshot(281)) - cc66d020-3049-4c90-bc53-6b8115d82a8c@group-F74673522764-StateMachineUpdater: Took a snapshot at index 12
2021-05-27 14:49:36,994 [cc66d020-3049-4c90-bc53-6b8115d82a8c@group-F74673522764-StateMachineUpdater] INFO  impl.StateMachineUpdater (StateMachineUpdater.java:lambda$new$0(89)) - cc66d020-3049-4c90-bc53-6b8115d82a8c@group-F74673522764-StateMachineUpdater: snapshotIndex: updateIncreasingly -1 -> 12
2021-05-27 14:49:36,994 [Listener at 127.0.0.1/33213] INFO  impl.StateMachineUpdater (StateMachineUpdater.java:stopAndJoin(149)) - 8e6df144-c6f6-43b2-a2f1-262f0d8e0594@group-D89EB04E674D-StateMachineUpdater: set stopIndex = 0
2021-05-27 14:49:36,994 [cc66d020-3049-4c90-bc53-6b8115d82a8c@group-F74673522764-StateMachineUpdater] INFO  metrics.RatisMetrics (RatisMetrics.java:unregister(43)) - Unregistering Metrics Registry : ratis.state_machine.cc66d020-3049-4c90-bc53-6b8115d82a8c@group-F74673522764
2021-05-27 14:49:36,994 [8e6df144-c6f6-43b2-a2f1-262f0d8e0594@group-D89EB04E674D-StateMachineUpdater] INFO  ratis.ContainerStateMachine (ContainerStateMachine.java:takeSnapshot(292)) - group-D89EB04E674D: Taking a snapshot at:(t:1, i:0) file /home/runner/work/ozone/ozone/mnt/ozone/hadoop-ozone/integration-test/target/test-dir/MiniOzoneClusterImpl-01be8073-4a30-4c07-ba69-c81900f598d5/datanode-7/data/ratis/bd823302-3d52-40e6-99d6-d89eb04e674d/sm/snapshot.1_0
2021-05-27 14:49:36,994 [ForkJoinPool.commonPool-worker-1] INFO  server.RaftServer$Division (ServerState.java:close(405)) - cc66d020-3049-4c90-bc53-6b8115d82a8c@group-F74673522764: closes. applyIndex: 12
2021-05-27 14:49:36,994 [cc66d020-3049-4c90-bc53-6b8115d82a8c@group-F74673522764-SegmentedRaftLogWorker] INFO  segmented.SegmentedRaftLogWorker (SegmentedRaftLogWorker.java:run(327)) - cc66d020-3049-4c90-bc53-6b8115d82a8c@group-F74673522764-SegmentedRaftLogWorker was interrupted, exiting. There are 0 tasks remaining in the queue.
2021-05-27 14:49:36,995 [ForkJoinPool.commonPool-worker-1] INFO  segmented.SegmentedRaftLogWorker (SegmentedRaftLogWorker.java:close(237)) - cc66d020-3049-4c90-bc53-6b8115d82a8c@group-F74673522764-SegmentedRaftLogWorker close()
2021-05-27 14:49:36,995 [8e6df144-c6f6-43b2-a2f1-262f0d8e0594@group-D89EB04E674D-StateMachineUpdater] INFO  ratis.ContainerStateMachine (ContainerStateMachine.java:takeSnapshot(303)) - group-D89EB04E674D: Finished taking a snapshot at:(t:1, i:0) file:/home/runner/work/ozone/ozone/mnt/ozone/hadoop-ozone/integration-test/target/test-dir/MiniOzoneClusterImpl-01be8073-4a30-4c07-ba69-c81900f598d5/datanode-7/data/ratis/bd823302-3d52-40e6-99d6-d89eb04e674d/sm/snapshot.1_0 took: 1 ms
2021-05-27 14:49:36,995 [8e6df144-c6f6-43b2-a2f1-262f0d8e0594@group-D89EB04E674D-StateMachineUpdater] INFO  impl.StateMachineUpdater (StateMachineUpdater.java:takeSnapshot(281)) - 8e6df144-c6f6-43b2-a2f1-262f0d8e0594@group-D89EB04E674D-StateMachineUpdater: Took a snapshot at index 0
2021-05-27 14:49:36,995 [8e6df144-c6f6-43b2-a2f1-262f0d8e0594@group-D89EB04E674D-StateMachineUpdater] INFO  impl.StateMachineUpdater (StateMachineUpdater.java:lambda$new$0(89)) - 8e6df144-c6f6-43b2-a2f1-262f0d8e0594@group-D89EB04E674D-StateMachineUpdater: snapshotIndex: updateIncreasingly -1 -> 0
2021-05-27 14:49:36,995 [8e6df144-c6f6-43b2-a2f1-262f0d8e0594@group-D89EB04E674D-StateMachineUpdater] INFO  metrics.RatisMetrics (RatisMetrics.java:unregister(43)) - Unregistering Metrics Registry : ratis.state_machine.8e6df144-c6f6-43b2-a2f1-262f0d8e0594@group-D89EB04E674D
2021-05-27 14:49:36,995 [Listener at 127.0.0.1/33213] INFO  server.RaftServer$Division (ServerState.java:close(405)) - 8e6df144-c6f6-43b2-a2f1-262f0d8e0594@group-D89EB04E674D: closes. applyIndex: 0
2021-05-27 14:49:36,995 [8e6df144-c6f6-43b2-a2f1-262f0d8e0594@group-D89EB04E674D-SegmentedRaftLogWorker] INFO  segmented.SegmentedRaftLogWorker (SegmentedRaftLogWorker.java:run(327)) - 8e6df144-c6f6-43b2-a2f1-262f0d8e0594@group-D89EB04E674D-SegmentedRaftLogWorker was interrupted, exiting. There are 0 tasks remaining in the queue.
2021-05-27 14:49:36,996 [Listener at 127.0.0.1/33213] INFO  segmented.SegmentedRaftLogWorker (SegmentedRaftLogWorker.java:close(237)) - 8e6df144-c6f6-43b2-a2f1-262f0d8e0594@group-D89EB04E674D-SegmentedRaftLogWorker close()
2021-05-27 14:49:36,997 [ForkJoinPool.commonPool-worker-1] INFO  metrics.RatisMetrics (RatisMetrics.java:unregister(43)) - Unregistering Metrics Registry : ratis.log_worker.cc66d020-3049-4c90-bc53-6b8115d82a8c@group-F74673522764
2021-05-27 14:49:36,997 [ForkJoinPool.commonPool-worker-1] INFO  metrics.RatisMetrics (RatisMetrics.java:unregister(43)) - Unregistering Metrics Registry : ratis.leader_election.cc66d020-3049-4c90-bc53-6b8115d82a8c@group-F74673522764
2021-05-27 14:49:36,997 [ForkJoinPool.commonPool-worker-1] INFO  metrics.RatisMetrics (RatisMetrics.java:unregister(43)) - Unregistering Metrics Registry : ratis.server.cc66d020-3049-4c90-bc53-6b8115d82a8c@group-F74673522764
2021-05-27 14:49:36,997 [ForkJoinPool.commonPool-worker-1] INFO  server.GrpcService (GrpcService.java:closeImpl(262)) - cc66d020-3049-4c90-bc53-6b8115d82a8c: shutdown server with port 38925 now
2021-05-27 14:49:36,997 [Listener at 127.0.0.1/33213] INFO  metrics.RatisMetrics (RatisMetrics.java:unregister(43)) - Unregistering Metrics Registry : ratis.log_worker.8e6df144-c6f6-43b2-a2f1-262f0d8e0594@group-D89EB04E674D
2021-05-27 14:49:36,998 [Listener at 127.0.0.1/33213] INFO  metrics.RatisMetrics (RatisMetrics.java:unregister(43)) - Unregistering Metrics Registry : ratis.leader_election.8e6df144-c6f6-43b2-a2f1-262f0d8e0594@group-D89EB04E674D
2021-05-27 14:49:36,998 [Listener at 127.0.0.1/33213] INFO  metrics.RatisMetrics (RatisMetrics.java:unregister(43)) - Unregistering Metrics Registry : ratis.server.8e6df144-c6f6-43b2-a2f1-262f0d8e0594@group-D89EB04E674D
2021-05-27 14:49:36,998 [Listener at 127.0.0.1/33213] INFO  server.GrpcService (GrpcService.java:closeImpl(262)) - 8e6df144-c6f6-43b2-a2f1-262f0d8e0594: shutdown server with port 35723 now
2021-05-27 14:49:36,999 [grpc-default-executor-1] WARN  server.GrpcServerProtocolService (LogUtils.java:warn(122)) - cc66d020-3049-4c90-bc53-6b8115d82a8c: installSnapshot onError, lastRequest: ac3fbd16-1d83-453c-852e-871f53a8d589->cc66d020-3049-4c90-bc53-6b8115d82a8c#20-t2,previous=(t:2, i:11),leaderCommit=6,initializing? true,entries: size=1, first=(t:2, i:12), METADATAENTRY(c:6): org.apache.ratis.thirdparty.io.grpc.StatusRuntimeException: CANCELLED: client cancelled
2021-05-27 14:49:37,000 [grpc-default-executor-1] WARN  server.GrpcLogAppender (LogUtils.java:warn(122)) - ac3fbd16-1d83-453c-852e-871f53a8d589@group-F74673522764->cc66d020-3049-4c90-bc53-6b8115d82a8c-AppendLogResponseHandler: Failed appendEntries: org.apache.ratis.thirdparty.io.grpc.StatusRuntimeException: CANCELLED: HTTP/2 error code: CANCEL
Received Rst Stream
2021-05-27 14:49:37,000 [grpc-default-executor-1] INFO  leader.FollowerInfo (FollowerInfoImpl.java:lambda$new$0(46)) - ac3fbd16-1d83-453c-852e-871f53a8d589@group-F74673522764->cc66d020-3049-4c90-bc53-6b8115d82a8c: nextIndex: updateUnconditionally 13 -> 12
2021-05-27 14:49:37,000 [grpc-default-executor-3] WARN  server.GrpcServerProtocolService (LogUtils.java:warn(122)) - 8e6df144-c6f6-43b2-a2f1-262f0d8e0594: installSnapshot onError, lastRequest: c80f2544-efc8-492a-83e4-5b8bcbed7eb8->8e6df144-c6f6-43b2-a2f1-262f0d8e0594#7-t5,previous=(t:5, i:1),leaderCommit=1,initializing? true,entries: size=1, first=(t:5, i:2), METADATAENTRY(c:1): org.apache.ratis.thirdparty.io.grpc.StatusRuntimeException: CANCELLED: client cancelled
2021-05-27 14:49:37,001 [grpc-default-executor-4] WARN  server.GrpcLogAppender (LogUtils.java:warn(122)) - c80f2544-efc8-492a-83e4-5b8bcbed7eb8@group-BD86B44502A1->8e6df144-c6f6-43b2-a2f1-262f0d8e0594-AppendLogResponseHandler: Failed appendEntries: org.apache.ratis.thirdparty.io.grpc.StatusRuntimeException: CANCELLED: HTTP/2 error code: CANCEL
Received Rst Stream
2021-05-27 14:49:37,003 [grpc-default-executor-4] INFO  leader.FollowerInfo (FollowerInfoImpl.java:lambda$new$0(46)) - c80f2544-efc8-492a-83e4-5b8bcbed7eb8@group-BD86B44502A1->8e6df144-c6f6-43b2-a2f1-262f0d8e0594: nextIndex: updateUnconditionally 3 -> 2
2021-05-27 14:49:37,003 [ForkJoinPool.commonPool-worker-1] INFO  server.GrpcService (GrpcService.java:closeImpl(271)) - cc66d020-3049-4c90-bc53-6b8115d82a8c: shutdown server with port 38925 successfully
2021-05-27 14:49:37,004 [grpc-default-executor-2] WARN  server.GrpcLogAppender (LogUtils.java:warn(122)) - ac3fbd16-1d83-453c-852e-871f53a8d589@group-F74673522764->cc66d020-3049-4c90-bc53-6b8115d82a8c-AppendLogResponseHandler: Failed appendEntries: org.apache.ratis.thirdparty.io.grpc.StatusRuntimeException: UNAVAILABLE: io exception
2021-05-27 14:49:37,005 [org.apache.ratis.util.JvmPauseMonitor$$Lambda$513/734719022@64f99bd6] INFO  util.JvmPauseMonitor (JvmPauseMonitor.java:run(109)) - JvmPauseMonitor-cc66d020-3049-4c90-bc53-6b8115d82a8c: Stopped
2021-05-27 14:49:37,005 [grpc-default-executor-1] WARN  server.GrpcLogAppender (LogUtils.java:warn(122)) - c80f2544-efc8-492a-83e4-5b8bcbed7eb8@group-BD86B44502A1->8e6df144-c6f6-43b2-a2f1-262f0d8e0594-AppendLogResponseHandler: Failed appendEntries: org.apache.ratis.thirdparty.io.grpc.StatusRuntimeException: UNAVAILABLE: io exception
2021-05-27 14:49:37,005 [grpc-default-executor-2] INFO  leader.FollowerInfo (FollowerInfoImpl.java:lambda$new$0(46)) - ac3fbd16-1d83-453c-852e-871f53a8d589@group-F74673522764->cc66d020-3049-4c90-bc53-6b8115d82a8c: nextIndex: updateUnconditionally 13 -> 12
2021-05-27 14:49:37,005 [grpc-default-executor-1] INFO  leader.FollowerInfo (FollowerInfoImpl.java:lambda$new$0(46)) - c80f2544-efc8-492a-83e4-5b8bcbed7eb8@group-BD86B44502A1->8e6df144-c6f6-43b2-a2f1-262f0d8e0594: nextIndex: updateUnconditionally 3 -> 2
2021-05-27 14:49:37,014 [Listener at 127.0.0.1/33213] INFO  server.GrpcService (GrpcService.java:closeImpl(271)) - 8e6df144-c6f6-43b2-a2f1-262f0d8e0594: shutdown server with port 35723 successfully
2021-05-27 14:49:37,014 [ForkJoinPool.commonPool-worker-1] INFO  utils.BackgroundService (BackgroundService.java:shutdown(132)) - Shutting down service BlockDeletingService
2021-05-27 14:49:37,016 [org.apache.ratis.util.JvmPauseMonitor$$Lambda$513/734719022@7e7c6b85] INFO  util.JvmPauseMonitor (JvmPauseMonitor.java:run(109)) - JvmPauseMonitor-8e6df144-c6f6-43b2-a2f1-262f0d8e0594: Stopped
2021-05-27 14:49:37,016 [ForkJoinPool.commonPool-worker-1] INFO  statemachine.DatanodeStateMachine (DatanodeStateMachine.java:stopDaemon(475)) - Ozone container server stopped.
2021-05-27 14:49:37,018 [Listener at 127.0.0.1/33213] INFO  utils.BackgroundService (BackgroundService.java:shutdown(132)) - Shutting down service BlockDeletingService
2021-05-27 14:49:37,019 [ForkJoinPool.commonPool-worker-1] INFO  handler.ContextHandler (ContextHandler.java:doStop(1154)) - Stopped o.e.j.w.WebAppContext@7ba821ef{hddsDatanode,/,null,STOPPED}{jar:file:/home/runner/.m2/repository/org/apache/hadoop/hadoop-hdds-container-service/1.2.0-SNAPSHOT/hadoop-hdds-container-service-1.2.0-SNAPSHOT.jar!/webapps/hddsDatanode}
2021-05-27 14:49:37,019 [Listener at 127.0.0.1/33213] INFO  statemachine.DatanodeStateMachine (DatanodeStateMachine.java:stopDaemon(475)) - Ozone container server stopped.
2021-05-27 14:49:37,020 [ForkJoinPool.commonPool-worker-1] INFO  server.AbstractConnector (AbstractConnector.java:doStop(381)) - Stopped ServerConnector@3ca9e72d{HTTP/1.1, (http/1.1)}{0.0.0.0:0}
2021-05-27 14:49:37,020 [ForkJoinPool.commonPool-worker-1] INFO  server.session (HouseKeeper.java:stopScavenging(149)) - node0 Stopped scavenging
2021-05-27 14:49:37,020 [Listener at 127.0.0.1/33213] INFO  handler.ContextHandler (ContextHandler.java:doStop(1154)) - Stopped o.e.j.w.WebAppContext@2c63f1fe{hddsDatanode,/,null,STOPPED}{jar:file:/home/runner/.m2/repository/org/apache/hadoop/hadoop-hdds-container-service/1.2.0-SNAPSHOT/hadoop-hdds-container-service-1.2.0-SNAPSHOT.jar!/webapps/hddsDatanode}
2021-05-27 14:49:37,020 [ForkJoinPool.commonPool-worker-1] INFO  handler.ContextHandler (ContextHandler.java:doStop(1154)) - Stopped o.e.j.s.ServletContextHandler@6eb8fd79{static,/static,jar:file:/home/runner/.m2/repository/org/apache/hadoop/hadoop-hdds-container-service/1.2.0-SNAPSHOT/hadoop-hdds-container-service-1.2.0-SNAPSHOT.jar!/webapps/static,STOPPED}
2021-05-27 14:49:37,021 [ForkJoinPool.commonPool-worker-1] INFO  handler.ContextHandler (ContextHandler.java:doStop(1154)) - Stopped o.e.j.s.ServletContextHandler@1a5df070{logs,/logs,file:///home/runner/work/ozone/ozone/mnt/ozone/hadoop-ozone/integration-test/target/log,STOPPED}
2021-05-27 14:49:37,022 [Listener at 127.0.0.1/33213] INFO  server.AbstractConnector (AbstractConnector.java:doStop(381)) - Stopped ServerConnector@7277fa93{HTTP/1.1, (http/1.1)}{0.0.0.0:0}
2021-05-27 14:49:37,022 [Listener at 127.0.0.1/33213] INFO  server.session (HouseKeeper.java:stopScavenging(149)) - node0 Stopped scavenging
2021-05-27 14:49:37,022 [Listener at 127.0.0.1/33213] INFO  handler.ContextHandler (ContextHandler.java:doStop(1154)) - Stopped o.e.j.s.ServletContextHandler@2bb7229e{static,/static,jar:file:/home/runner/.m2/repository/org/apache/hadoop/hadoop-hdds-container-service/1.2.0-SNAPSHOT/hadoop-hdds-container-service-1.2.0-SNAPSHOT.jar!/webapps/static,STOPPED}
2021-05-27 14:49:37,023 [Listener at 127.0.0.1/33213] INFO  handler.ContextHandler (ContextHandler.java:doStop(1154)) - Stopped o.e.j.s.ServletContextHandler@334c80be{logs,/logs,file:///home/runner/work/ozone/ozone/mnt/ozone/hadoop-ozone/integration-test/target/log,STOPPED}
2021-05-27 14:49:37,238 [Datanode State Machine Thread - 0] INFO  statemachine.DatanodeStateMachine (DatanodeStateMachine.java:lambda$startDaemon$0(417)) - Ozone container server started.
2021-05-27 14:49:37,735 [Datanode State Machine Thread - 0] INFO  statemachine.DatanodeStateMachine (DatanodeStateMachine.java:lambda$startDaemon$0(417)) - Ozone container server started.
2021-05-27 14:49:39,429 [grpc-default-executor-1] WARN  server.GrpcLogAppender (LogUtils.java:warn(122)) - ac3fbd16-1d83-453c-852e-871f53a8d589@group-F74673522764->d3bd078d-6cea-4f12-8d62-4874212fc6f9-AppendLogResponseHandler: Failed appendEntries: org.apache.ratis.thirdparty.io.grpc.StatusRuntimeException: UNAVAILABLE: io exception
2021-05-27 14:49:39,430 [grpc-default-executor-1] INFO  leader.FollowerInfo (FollowerInfoImpl.java:lambda$new$0(46)) - ac3fbd16-1d83-453c-852e-871f53a8d589@group-F74673522764->d3bd078d-6cea-4f12-8d62-4874212fc6f9: nextIndex: updateUnconditionally 13 -> 12
2021-05-27 14:49:39,504 [grpc-default-executor-2] WARN  server.GrpcLogAppender (LogUtils.java:warn(122)) - c80f2544-efc8-492a-83e4-5b8bcbed7eb8@group-BD86B44502A1->8e6df144-c6f6-43b2-a2f1-262f0d8e0594-AppendLogResponseHandler: Failed appendEntries: org.apache.ratis.thirdparty.io.grpc.StatusRuntimeException: UNAVAILABLE: io exception
2021-05-27 14:49:39,504 [grpc-default-executor-1] WARN  server.GrpcLogAppender (LogUtils.java:warn(122)) - ac3fbd16-1d83-453c-852e-871f53a8d589@group-F74673522764->cc66d020-3049-4c90-bc53-6b8115d82a8c-AppendLogResponseHandler: Failed appendEntries: org.apache.ratis.thirdparty.io.grpc.StatusRuntimeException: UNAVAILABLE: io exception
2021-05-27 14:49:39,505 [grpc-default-executor-2] INFO  leader.FollowerInfo (FollowerInfoImpl.java:lambda$new$0(46)) - c80f2544-efc8-492a-83e4-5b8bcbed7eb8@group-BD86B44502A1->8e6df144-c6f6-43b2-a2f1-262f0d8e0594: nextIndex: updateUnconditionally 3 -> 2
2021-05-27 14:49:39,505 [grpc-default-executor-1] INFO  leader.FollowerInfo (FollowerInfoImpl.java:lambda$new$0(46)) - ac3fbd16-1d83-453c-852e-871f53a8d589@group-F74673522764->cc66d020-3049-4c90-bc53-6b8115d82a8c: nextIndex: updateUnconditionally 13 -> 12
2021-05-27 14:49:41,930 [grpc-default-executor-1] WARN  server.GrpcLogAppender (LogUtils.java:warn(122)) - ac3fbd16-1d83-453c-852e-871f53a8d589@group-F74673522764->d3bd078d-6cea-4f12-8d62-4874212fc6f9-AppendLogResponseHandler: Failed appendEntries: org.apache.ratis.thirdparty.io.grpc.StatusRuntimeException: UNAVAILABLE: io exception
2021-05-27 14:49:41,930 [grpc-default-executor-1] INFO  leader.FollowerInfo (FollowerInfoImpl.java:lambda$new$0(46)) - ac3fbd16-1d83-453c-852e-871f53a8d589@group-F74673522764->d3bd078d-6cea-4f12-8d62-4874212fc6f9: nextIndex: updateUnconditionally 13 -> 12
2021-05-27 14:49:42,004 [grpc-default-executor-2] WARN  server.GrpcLogAppender (LogUtils.java:warn(122)) - c80f2544-efc8-492a-83e4-5b8bcbed7eb8@group-BD86B44502A1->8e6df144-c6f6-43b2-a2f1-262f0d8e0594-AppendLogResponseHandler: Failed appendEntries: org.apache.ratis.thirdparty.io.grpc.StatusRuntimeException: UNAVAILABLE: io exception
2021-05-27 14:49:42,005 [grpc-default-executor-1] WARN  server.GrpcLogAppender (LogUtils.java:warn(122)) - ac3fbd16-1d83-453c-852e-871f53a8d589@group-F74673522764->cc66d020-3049-4c90-bc53-6b8115d82a8c-AppendLogResponseHandler: Failed appendEntries: org.apache.ratis.thirdparty.io.grpc.StatusRuntimeException: UNAVAILABLE: io exception
2021-05-27 14:49:42,006 [grpc-default-executor-1] INFO  leader.FollowerInfo (FollowerInfoImpl.java:lambda$new$0(46)) - ac3fbd16-1d83-453c-852e-871f53a8d589@group-F74673522764->cc66d020-3049-4c90-bc53-6b8115d82a8c: nextIndex: updateUnconditionally 13 -> 12
2021-05-27 14:49:42,006 [grpc-default-executor-2] INFO  leader.FollowerInfo (FollowerInfoImpl.java:lambda$new$0(46)) - c80f2544-efc8-492a-83e4-5b8bcbed7eb8@group-BD86B44502A1->8e6df144-c6f6-43b2-a2f1-262f0d8e0594: nextIndex: updateUnconditionally 3 -> 2
2021-05-27 14:49:42,022 [ForkJoinPool.commonPool-worker-1] INFO  ozoneimpl.OzoneContainer (OzoneContainer.java:stop(316)) - Attempting to stop container services.
2021-05-27 14:49:42,023 [ForkJoinPool.commonPool-worker-1] INFO  server.RaftServer (RaftServerProxy.java:lambda$close$6(391)) - ac3fbd16-1d83-453c-852e-871f53a8d589: close
2021-05-27 14:49:42,023 [ForkJoinPool.commonPool-worker-1] INFO  server.RaftServer$Division (RaftServerImpl.java:lambda$close$4(406)) - ac3fbd16-1d83-453c-852e-871f53a8d589@group-F74673522764: shutdown
2021-05-27 14:49:42,023 [ForkJoinPool.commonPool-worker-1] INFO  util.JmxRegister (JmxRegister.java:unregister(73)) - Successfully un-registered JMX Bean with object name Ratis:service=RaftServer,group=group-F74673522764,id=ac3fbd16-1d83-453c-852e-871f53a8d589
2021-05-27 14:49:42,023 [ForkJoinPool.commonPool-worker-1] INFO  impl.RoleInfo (RoleInfo.java:shutdownLeaderState(91)) - ac3fbd16-1d83-453c-852e-871f53a8d589: shutdown ac3fbd16-1d83-453c-852e-871f53a8d589@group-F74673522764-LeaderStateImpl
2021-05-27 14:49:42,023 [ForkJoinPool.commonPool-worker-1] INFO  metrics.RatisMetrics (RatisMetrics.java:unregister(43)) - Unregistering Metrics Registry : ratis_grpc.log_appender.ac3fbd16-1d83-453c-852e-871f53a8d589@group-F74673522764
2021-05-27 14:49:42,023 [ForkJoinPool.commonPool-worker-1] INFO  metrics.RatisMetrics (RatisMetrics.java:unregister(43)) - Unregistering Metrics Registry : ratis_grpc.log_appender.ac3fbd16-1d83-453c-852e-871f53a8d589@group-F74673522764
2021-05-27 14:49:42,023 [ac3fbd16-1d83-453c-852e-871f53a8d589@group-F74673522764->d3bd078d-6cea-4f12-8d62-4874212fc6f9-GrpcLogAppender-LogAppenderDaemon] WARN  server.GrpcLogAppender (GrpcLogAppender.java:mayWait(175)) - ac3fbd16-1d83-453c-852e-871f53a8d589@group-F74673522764->d3bd078d-6cea-4f12-8d62-4874212fc6f9-GrpcLogAppender: Wait interrupted by java.lang.InterruptedException
2021-05-27 14:49:42,023 [ForkJoinPool.commonPool-worker-1] INFO  impl.PendingRequests (PendingRequests.java:sendNotLeaderResponses(249)) - ac3fbd16-1d83-453c-852e-871f53a8d589@group-F74673522764-PendingRequests: sendNotLeaderResponses
2021-05-27 14:49:42,025 [Listener at 127.0.0.1/33213] INFO  ozoneimpl.OzoneContainer (OzoneContainer.java:stop(316)) - Attempting to stop container services.
2021-05-27 14:49:42,025 [ForkJoinPool.commonPool-worker-1] INFO  metrics.RatisMetrics (RatisMetrics.java:unregister(43)) - Unregistering Metrics Registry : ratis.log_appender.ac3fbd16-1d83-453c-852e-871f53a8d589@group-F74673522764
2021-05-27 14:49:42,025 [ForkJoinPool.commonPool-worker-1] INFO  metrics.RatisMetrics (RatisMetrics.java:unregister(43)) - Unregistering Metrics Registry : ratis.server.ac3fbd16-1d83-453c-852e-871f53a8d589@group-F74673522764
2021-05-27 14:49:42,025 [ac3fbd16-1d83-453c-852e-871f53a8d589@group-F74673522764->cc66d020-3049-4c90-bc53-6b8115d82a8c-GrpcLogAppender-LogAppenderDaemon] WARN  server.GrpcLogAppender (GrpcLogAppender.java:mayWait(175)) - ac3fbd16-1d83-453c-852e-871f53a8d589@group-F74673522764->cc66d020-3049-4c90-bc53-6b8115d82a8c-GrpcLogAppender: Wait interrupted by java.lang.InterruptedException
2021-05-27 14:49:42,027 [Listener at 127.0.0.1/33213] INFO  server.RaftServer (RaftServerProxy.java:lambda$close$6(391)) - c80f2544-efc8-492a-83e4-5b8bcbed7eb8: close
2021-05-27 14:49:42,028 [Listener at 127.0.0.1/33213] INFO  server.RaftServer$Division (RaftServerImpl.java:lambda$close$4(406)) - c80f2544-efc8-492a-83e4-5b8bcbed7eb8@group-BD86B44502A1: shutdown
2021-05-27 14:49:42,027 [ForkJoinPool.commonPool-worker-1] INFO  impl.StateMachineUpdater (StateMachineUpdater.java:stopAndJoin(149)) - ac3fbd16-1d83-453c-852e-871f53a8d589@group-F74673522764-StateMachineUpdater: set stopIndex = 12
2021-05-27 14:49:42,027 [ac3fbd16-1d83-453c-852e-871f53a8d589@group-F74673522764-StateMachineUpdater] INFO  ratis.ContainerStateMachine (ContainerStateMachine.java:takeSnapshot(292)) - group-F74673522764: Taking a snapshot at:(t:2, i:12) file /home/runner/work/ozone/ozone/mnt/ozone/hadoop-ozone/integration-test/target/test-dir/MiniOzoneClusterImpl-01be8073-4a30-4c07-ba69-c81900f598d5/datanode-1/data/ratis/1041af58-6781-4304-9760-f74673522764/sm/snapshot.2_12
2021-05-27 14:49:42,028 [Listener at 127.0.0.1/33213] INFO  util.JmxRegister (JmxRegister.java:unregister(73)) - Successfully un-registered JMX Bean with object name Ratis:service=RaftServer,group=group-BD86B44502A1,id=c80f2544-efc8-492a-83e4-5b8bcbed7eb8
2021-05-27 14:49:42,029 [Listener at 127.0.0.1/33213] INFO  impl.RoleInfo (RoleInfo.java:shutdownLeaderState(91)) - c80f2544-efc8-492a-83e4-5b8bcbed7eb8: shutdown c80f2544-efc8-492a-83e4-5b8bcbed7eb8@group-BD86B44502A1-LeaderStateImpl
2021-05-27 14:49:42,029 [Listener at 127.0.0.1/33213] INFO  metrics.RatisMetrics (RatisMetrics.java:unregister(43)) - Unregistering Metrics Registry : ratis_grpc.log_appender.c80f2544-efc8-492a-83e4-5b8bcbed7eb8@group-BD86B44502A1
2021-05-27 14:49:42,029 [Listener at 127.0.0.1/33213] INFO  metrics.RatisMetrics (RatisMetrics.java:unregister(43)) - Unregistering Metrics Registry : ratis_grpc.log_appender.c80f2544-efc8-492a-83e4-5b8bcbed7eb8@group-BD86B44502A1
2021-05-27 14:49:42,029 [c80f2544-efc8-492a-83e4-5b8bcbed7eb8@group-BD86B44502A1->8e6df144-c6f6-43b2-a2f1-262f0d8e0594-GrpcLogAppender-LogAppenderDaemon] WARN  server.GrpcLogAppender (GrpcLogAppender.java:mayWait(175)) - c80f2544-efc8-492a-83e4-5b8bcbed7eb8@group-BD86B44502A1->8e6df144-c6f6-43b2-a2f1-262f0d8e0594-GrpcLogAppender: Wait interrupted by java.lang.InterruptedException
2021-05-27 14:49:42,029 [Listener at 127.0.0.1/33213] INFO  impl.PendingRequests (PendingRequests.java:sendNotLeaderResponses(249)) - c80f2544-efc8-492a-83e4-5b8bcbed7eb8@group-BD86B44502A1-PendingRequests: sendNotLeaderResponses
2021-05-27 14:49:42,029 [c80f2544-efc8-492a-83e4-5b8bcbed7eb8@group-BD86B44502A1->4028be1c-f04f-471f-a5c7-d66a385f5692-GrpcLogAppender-LogAppenderDaemon] WARN  server.GrpcLogAppender (GrpcLogAppender.java:mayWait(175)) - c80f2544-efc8-492a-83e4-5b8bcbed7eb8@group-BD86B44502A1->4028be1c-f04f-471f-a5c7-d66a385f5692-GrpcLogAppender: Wait interrupted by java.lang.InterruptedException
2021-05-27 14:49:42,030 [ac3fbd16-1d83-453c-852e-871f53a8d589@group-F74673522764-StateMachineUpdater] INFO  ratis.ContainerStateMachine (ContainerStateMachine.java:takeSnapshot(303)) - group-F74673522764: Finished taking a snapshot at:(t:2, i:12) file:/home/runner/work/ozone/ozone/mnt/ozone/hadoop-ozone/integration-test/target/test-dir/MiniOzoneClusterImpl-01be8073-4a30-4c07-ba69-c81900f598d5/datanode-1/data/ratis/1041af58-6781-4304-9760-f74673522764/sm/snapshot.2_12 took: 3 ms
2021-05-27 14:49:42,030 [ac3fbd16-1d83-453c-852e-871f53a8d589@group-F74673522764-StateMachineUpdater] INFO  impl.StateMachineUpdater (StateMachineUpdater.java:takeSnapshot(281)) - ac3fbd16-1d83-453c-852e-871f53a8d589@group-F74673522764-StateMachineUpdater: Took a snapshot at index 12
2021-05-27 14:49:42,030 [ac3fbd16-1d83-453c-852e-871f53a8d589@group-F74673522764-StateMachineUpdater] INFO  impl.StateMachineUpdater (StateMachineUpdater.java:lambda$new$0(89)) - ac3fbd16-1d83-453c-852e-871f53a8d589@group-F74673522764-StateMachineUpdater: snapshotIndex: updateIncreasingly -1 -> 12
2021-05-27 14:49:42,030 [ac3fbd16-1d83-453c-852e-871f53a8d589@group-F74673522764-StateMachineUpdater] INFO  metrics.RatisMetrics (RatisMetrics.java:unregister(43)) - Unregistering Metrics Registry : ratis.state_machine.ac3fbd16-1d83-453c-852e-871f53a8d589@group-F74673522764
2021-05-27 14:49:42,031 [Listener at 127.0.0.1/33213] INFO  metrics.RatisMetrics (RatisMetrics.java:unregister(43)) - Unregistering Metrics Registry : ratis.log_appender.c80f2544-efc8-492a-83e4-5b8bcbed7eb8@group-BD86B44502A1
2021-05-27 14:49:42,031 [Listener at 127.0.0.1/33213] INFO  metrics.RatisMetrics (RatisMetrics.java:unregister(43)) - Unregistering Metrics Registry : ratis.server.c80f2544-efc8-492a-83e4-5b8bcbed7eb8@group-BD86B44502A1
2021-05-27 14:49:42,032 [c80f2544-efc8-492a-83e4-5b8bcbed7eb8@group-BD86B44502A1-StateMachineUpdater] INFO  ratis.ContainerStateMachine (ContainerStateMachine.java:takeSnapshot(292)) - group-BD86B44502A1: Taking a snapshot at:(t:5, i:2) file /home/runner/work/ozone/ozone/mnt/ozone/hadoop-ozone/integration-test/target/test-dir/MiniOzoneClusterImpl-01be8073-4a30-4c07-ba69-c81900f598d5/datanode-8/data/ratis/92661cd8-1084-46f9-bbf0-bd86b44502a1/sm/snapshot.5_2
2021-05-27 14:49:42,032 [grpc-default-executor-2] INFO  server.GrpcServerProtocolService (GrpcServerProtocolService.java:onCompleted(140)) - 4028be1c-f04f-471f-a5c7-d66a385f5692: Completed APPEND_ENTRIES, lastRequest: c80f2544-efc8-492a-83e4-5b8bcbed7eb8->4028be1c-f04f-471f-a5c7-d66a385f5692#3-t5,previous=(t:5, i:1),leaderCommit=1,initializing? true,entries: size=1, first=(t:5, i:2), METADATAENTRY(c:1)
2021-05-27 14:49:42,032 [c80f2544-efc8-492a-83e4-5b8bcbed7eb8@group-BD86B44502A1-StateMachineUpdater] INFO  ratis.ContainerStateMachine (ContainerStateMachine.java:takeSnapshot(303)) - group-BD86B44502A1: Finished taking a snapshot at:(t:5, i:2) file:/home/runner/work/ozone/ozone/mnt/ozone/hadoop-ozone/integration-test/target/test-dir/MiniOzoneClusterImpl-01be8073-4a30-4c07-ba69-c81900f598d5/datanode-8/data/ratis/92661cd8-1084-46f9-bbf0-bd86b44502a1/sm/snapshot.5_2 took: 1 ms
2021-05-27 14:49:42,033 [c80f2544-efc8-492a-83e4-5b8bcbed7eb8@group-BD86B44502A1-StateMachineUpdater] INFO  impl.StateMachineUpdater (StateMachineUpdater.java:takeSnapshot(281)) - c80f2544-efc8-492a-83e4-5b8bcbed7eb8@group-BD86B44502A1-StateMachineUpdater: Took a snapshot at index 2
2021-05-27 14:49:42,033 [c80f2544-efc8-492a-83e4-5b8bcbed7eb8@group-BD86B44502A1-StateMachineUpdater] INFO  impl.StateMachineUpdater (StateMachineUpdater.java:lambda$new$0(89)) - c80f2544-efc8-492a-83e4-5b8bcbed7eb8@group-BD86B44502A1-StateMachineUpdater: snapshotIndex: updateIncreasingly -1 -> 2
2021-05-27 14:49:42,033 [c80f2544-efc8-492a-83e4-5b8bcbed7eb8@group-BD86B44502A1-StateMachineUpdater] INFO  metrics.RatisMetrics (RatisMetrics.java:unregister(43)) - Unregistering Metrics Registry : ratis.state_machine.c80f2544-efc8-492a-83e4-5b8bcbed7eb8@group-BD86B44502A1
2021-05-27 14:49:42,033 [Listener at 127.0.0.1/33213] INFO  impl.StateMachineUpdater (StateMachineUpdater.java:stopAndJoin(149)) - c80f2544-efc8-492a-83e4-5b8bcbed7eb8@group-BD86B44502A1-StateMachineUpdater: set stopIndex = 2
2021-05-27 14:49:42,033 [Listener at 127.0.0.1/33213] INFO  server.RaftServer$Division (ServerState.java:close(405)) - c80f2544-efc8-492a-83e4-5b8bcbed7eb8@group-BD86B44502A1: closes. applyIndex: 2
2021-05-27 14:49:42,034 [grpc-default-executor-2] INFO  server.GrpcLogAppender (GrpcLogAppender.java:onCompleted(344)) - c80f2544-efc8-492a-83e4-5b8bcbed7eb8@group-BD86B44502A1->4028be1c-f04f-471f-a5c7-d66a385f5692-AppendLogResponseHandler: follower responses appendEntries COMPLETED
2021-05-27 14:49:42,034 [grpc-default-executor-2] INFO  leader.FollowerInfo (FollowerInfoImpl.java:lambda$new$0(46)) - c80f2544-efc8-492a-83e4-5b8bcbed7eb8@group-BD86B44502A1->4028be1c-f04f-471f-a5c7-d66a385f5692: nextIndex: updateUnconditionally 3 -> 2
2021-05-27 14:49:42,034 [c80f2544-efc8-492a-83e4-5b8bcbed7eb8@group-BD86B44502A1-SegmentedRaftLogWorker] INFO  segmented.SegmentedRaftLogWorker (SegmentedRaftLogWorker.java:run(327)) - c80f2544-efc8-492a-83e4-5b8bcbed7eb8@group-BD86B44502A1-SegmentedRaftLogWorker was interrupted, exiting. There are 0 tasks remaining in the queue.
2021-05-27 14:49:42,034 [Listener at 127.0.0.1/33213] INFO  segmented.SegmentedRaftLogWorker (SegmentedRaftLogWorker.java:close(237)) - c80f2544-efc8-492a-83e4-5b8bcbed7eb8@group-BD86B44502A1-SegmentedRaftLogWorker close()
2021-05-27 14:49:42,034 [ForkJoinPool.commonPool-worker-1] INFO  server.RaftServer$Division (ServerState.java:close(405)) - ac3fbd16-1d83-453c-852e-871f53a8d589@group-F74673522764: closes. applyIndex: 12
2021-05-27 14:49:42,034 [ac3fbd16-1d83-453c-852e-871f53a8d589@group-F74673522764-SegmentedRaftLogWorker] INFO  segmented.SegmentedRaftLogWorker (SegmentedRaftLogWorker.java:run(327)) - ac3fbd16-1d83-453c-852e-871f53a8d589@group-F74673522764-SegmentedRaftLogWorker was interrupted, exiting. There are 0 tasks remaining in the queue.
2021-05-27 14:49:42,035 [ForkJoinPool.commonPool-worker-1] INFO  segmented.SegmentedRaftLogWorker (SegmentedRaftLogWorker.java:close(237)) - ac3fbd16-1d83-453c-852e-871f53a8d589@group-F74673522764-SegmentedRaftLogWorker close()
2021-05-27 14:49:42,035 [Listener at 127.0.0.1/33213] INFO  metrics.RatisMetrics (RatisMetrics.java:unregister(43)) - Unregistering Metrics Registry : ratis.log_worker.c80f2544-efc8-492a-83e4-5b8bcbed7eb8@group-BD86B44502A1
2021-05-27 14:49:42,035 [Listener at 127.0.0.1/33213] INFO  metrics.RatisMetrics (RatisMetrics.java:unregister(43)) - Unregistering Metrics Registry : ratis.leader_election.c80f2544-efc8-492a-83e4-5b8bcbed7eb8@group-BD86B44502A1
2021-05-27 14:49:42,038 [Listener at 127.0.0.1/33213] INFO  metrics.RatisMetrics (RatisMetrics.java:unregister(43)) - Unregistering Metrics Registry : ratis.server.c80f2544-efc8-492a-83e4-5b8bcbed7eb8@group-BD86B44502A1
2021-05-27 14:49:42,038 [Listener at 127.0.0.1/33213] INFO  server.RaftServer$Division (RaftServerImpl.java:lambda$close$4(406)) - c80f2544-efc8-492a-83e4-5b8bcbed7eb8@group-B2661161F723: shutdown
2021-05-27 14:49:42,039 [Listener at 127.0.0.1/33213] INFO  util.JmxRegister (JmxRegister.java:unregister(73)) - Successfully un-registered JMX Bean with object name Ratis:service=RaftServer,group=group-B2661161F723,id=c80f2544-efc8-492a-83e4-5b8bcbed7eb8
2021-05-27 14:49:42,039 [Listener at 127.0.0.1/33213] INFO  impl.RoleInfo (RoleInfo.java:shutdownLeaderState(91)) - c80f2544-efc8-492a-83e4-5b8bcbed7eb8: shutdown c80f2544-efc8-492a-83e4-5b8bcbed7eb8@group-B2661161F723-LeaderStateImpl
2021-05-27 14:49:42,039 [Listener at 127.0.0.1/33213] INFO  impl.PendingRequests (PendingRequests.java:sendNotLeaderResponses(249)) - c80f2544-efc8-492a-83e4-5b8bcbed7eb8@group-B2661161F723-PendingRequests: sendNotLeaderResponses
2021-05-27 14:49:42,039 [Listener at 127.0.0.1/33213] INFO  metrics.RatisMetrics (RatisMetrics.java:unregister(43)) - Unregistering Metrics Registry : ratis.log_appender.c80f2544-efc8-492a-83e4-5b8bcbed7eb8@group-B2661161F723
2021-05-27 14:49:42,039 [Listener at 127.0.0.1/33213] INFO  metrics.RatisMetrics (RatisMetrics.java:unregister(43)) - Unregistering Metrics Registry : ratis.server.c80f2544-efc8-492a-83e4-5b8bcbed7eb8@group-B2661161F723
2021-05-27 14:49:42,038 [ForkJoinPool.commonPool-worker-1] INFO  metrics.RatisMetrics (RatisMetrics.java:unregister(43)) - Unregistering Metrics Registry : ratis.log_worker.ac3fbd16-1d83-453c-852e-871f53a8d589@group-F74673522764
2021-05-27 14:49:42,040 [ForkJoinPool.commonPool-worker-1] INFO  metrics.RatisMetrics (RatisMetrics.java:unregister(43)) - Unregistering Metrics Registry : ratis.leader_election.ac3fbd16-1d83-453c-852e-871f53a8d589@group-F74673522764
2021-05-27 14:49:42,040 [ForkJoinPool.commonPool-worker-1] INFO  metrics.RatisMetrics (RatisMetrics.java:unregister(43)) - Unregistering Metrics Registry : ratis.server.ac3fbd16-1d83-453c-852e-871f53a8d589@group-F74673522764
2021-05-27 14:49:42,040 [ForkJoinPool.commonPool-worker-1] INFO  server.RaftServer$Division (RaftServerImpl.java:lambda$close$4(406)) - ac3fbd16-1d83-453c-852e-871f53a8d589@group-DC59E677C11F: shutdown
2021-05-27 14:49:42,040 [ForkJoinPool.commonPool-worker-1] INFO  util.JmxRegister (JmxRegister.java:unregister(73)) - Successfully un-registered JMX Bean with object name Ratis:service=RaftServer,group=group-DC59E677C11F,id=ac3fbd16-1d83-453c-852e-871f53a8d589
2021-05-27 14:49:42,040 [ForkJoinPool.commonPool-worker-1] INFO  impl.RoleInfo (RoleInfo.java:shutdownLeaderState(91)) - ac3fbd16-1d83-453c-852e-871f53a8d589: shutdown ac3fbd16-1d83-453c-852e-871f53a8d589@group-DC59E677C11F-LeaderStateImpl
2021-05-27 14:49:42,040 [ForkJoinPool.commonPool-worker-1] INFO  impl.PendingRequests (PendingRequests.java:sendNotLeaderResponses(249)) - ac3fbd16-1d83-453c-852e-871f53a8d589@group-DC59E677C11F-PendingRequests: sendNotLeaderResponses
2021-05-27 14:49:42,040 [ForkJoinPool.commonPool-worker-1] INFO  metrics.RatisMetrics (RatisMetrics.java:unregister(43)) - Unregistering Metrics Registry : ratis.log_appender.ac3fbd16-1d83-453c-852e-871f53a8d589@group-DC59E677C11F
2021-05-27 14:49:42,040 [ForkJoinPool.commonPool-worker-1] INFO  metrics.RatisMetrics (RatisMetrics.java:unregister(43)) - Unregistering Metrics Registry : ratis.server.ac3fbd16-1d83-453c-852e-871f53a8d589@group-DC59E677C11F
2021-05-27 14:49:42,041 [ForkJoinPool.commonPool-worker-1] INFO  impl.StateMachineUpdater (StateMachineUpdater.java:stopAndJoin(149)) - ac3fbd16-1d83-453c-852e-871f53a8d589@group-DC59E677C11F-StateMachineUpdater: set stopIndex = 0
2021-05-27 14:49:42,041 [Listener at 127.0.0.1/33213] INFO  impl.StateMachineUpdater (StateMachineUpdater.java:stopAndJoin(149)) - c80f2544-efc8-492a-83e4-5b8bcbed7eb8@group-B2661161F723-StateMachineUpdater: set stopIndex = 0
2021-05-27 14:49:42,041 [c80f2544-efc8-492a-83e4-5b8bcbed7eb8@group-B2661161F723-StateMachineUpdater] INFO  ratis.ContainerStateMachine (ContainerStateMachine.java:takeSnapshot(292)) - group-B2661161F723: Taking a snapshot at:(t:1, i:0) file /home/runner/work/ozone/ozone/mnt/ozone/hadoop-ozone/integration-test/target/test-dir/MiniOzoneClusterImpl-01be8073-4a30-4c07-ba69-c81900f598d5/datanode-8/data/ratis/955e6559-da5a-4dfd-a25a-b2661161f723/sm/snapshot.1_0
2021-05-27 14:49:42,041 [ac3fbd16-1d83-453c-852e-871f53a8d589@group-DC59E677C11F-StateMachineUpdater] INFO  ratis.ContainerStateMachine (ContainerStateMachine.java:takeSnapshot(292)) - group-DC59E677C11F: Taking a snapshot at:(t:1, i:0) file /home/runner/work/ozone/ozone/mnt/ozone/hadoop-ozone/integration-test/target/test-dir/MiniOzoneClusterImpl-01be8073-4a30-4c07-ba69-c81900f598d5/datanode-1/data/ratis/46bbee33-1a09-48dd-8ec2-dc59e677c11f/sm/snapshot.1_0
2021-05-27 14:49:42,041 [c80f2544-efc8-492a-83e4-5b8bcbed7eb8@group-B2661161F723-StateMachineUpdater] INFO  ratis.ContainerStateMachine (ContainerStateMachine.java:takeSnapshot(303)) - group-B2661161F723: Finished taking a snapshot at:(t:1, i:0) file:/home/runner/work/ozone/ozone/mnt/ozone/hadoop-ozone/integration-test/target/test-dir/MiniOzoneClusterImpl-01be8073-4a30-4c07-ba69-c81900f598d5/datanode-8/data/ratis/955e6559-da5a-4dfd-a25a-b2661161f723/sm/snapshot.1_0 took: 1 ms
2021-05-27 14:49:42,042 [c80f2544-efc8-492a-83e4-5b8bcbed7eb8@group-B2661161F723-StateMachineUpdater] INFO  impl.StateMachineUpdater (StateMachineUpdater.java:takeSnapshot(281)) - c80f2544-efc8-492a-83e4-5b8bcbed7eb8@group-B2661161F723-StateMachineUpdater: Took a snapshot at index 0
2021-05-27 14:49:42,042 [c80f2544-efc8-492a-83e4-5b8bcbed7eb8@group-B2661161F723-StateMachineUpdater] INFO  impl.StateMachineUpdater (StateMachineUpdater.java:lambda$new$0(89)) - c80f2544-efc8-492a-83e4-5b8bcbed7eb8@group-B2661161F723-StateMachineUpdater: snapshotIndex: updateIncreasingly -1 -> 0
2021-05-27 14:49:42,042 [c80f2544-efc8-492a-83e4-5b8bcbed7eb8@group-B2661161F723-StateMachineUpdater] INFO  metrics.RatisMetrics (RatisMetrics.java:unregister(43)) - Unregistering Metrics Registry : ratis.state_machine.c80f2544-efc8-492a-83e4-5b8bcbed7eb8@group-B2661161F723
2021-05-27 14:49:42,042 [Listener at 127.0.0.1/33213] INFO  server.RaftServer$Division (ServerState.java:close(405)) - c80f2544-efc8-492a-83e4-5b8bcbed7eb8@group-B2661161F723: closes. applyIndex: 0
2021-05-27 14:49:42,042 [ac3fbd16-1d83-453c-852e-871f53a8d589@group-DC59E677C11F-StateMachineUpdater] INFO  ratis.ContainerStateMachine (ContainerStateMachine.java:takeSnapshot(303)) - group-DC59E677C11F: Finished taking a snapshot at:(t:1, i:0) file:/home/runner/work/ozone/ozone/mnt/ozone/hadoop-ozone/integration-test/target/test-dir/MiniOzoneClusterImpl-01be8073-4a30-4c07-ba69-c81900f598d5/datanode-1/data/ratis/46bbee33-1a09-48dd-8ec2-dc59e677c11f/sm/snapshot.1_0 took: 1 ms
2021-05-27 14:49:42,042 [c80f2544-efc8-492a-83e4-5b8bcbed7eb8@group-B2661161F723-SegmentedRaftLogWorker] INFO  segmented.SegmentedRaftLogWorker (SegmentedRaftLogWorker.java:run(327)) - c80f2544-efc8-492a-83e4-5b8bcbed7eb8@group-B2661161F723-SegmentedRaftLogWorker was interrupted, exiting. There are 0 tasks remaining in the queue.
2021-05-27 14:49:42,042 [ac3fbd16-1d83-453c-852e-871f53a8d589@group-DC59E677C11F-StateMachineUpdater] INFO  impl.StateMachineUpdater (StateMachineUpdater.java:takeSnapshot(281)) - ac3fbd16-1d83-453c-852e-871f53a8d589@group-DC59E677C11F-StateMachineUpdater: Took a snapshot at index 0
2021-05-27 14:49:42,042 [ac3fbd16-1d83-453c-852e-871f53a8d589@group-DC59E677C11F-StateMachineUpdater] INFO  impl.StateMachineUpdater (StateMachineUpdater.java:lambda$new$0(89)) - ac3fbd16-1d83-453c-852e-871f53a8d589@group-DC59E677C11F-StateMachineUpdater: snapshotIndex: updateIncreasingly -1 -> 0
2021-05-27 14:49:42,042 [Listener at 127.0.0.1/33213] INFO  segmented.SegmentedRaftLogWorker (SegmentedRaftLogWorker.java:close(237)) - c80f2544-efc8-492a-83e4-5b8bcbed7eb8@group-B2661161F723-SegmentedRaftLogWorker close()
2021-05-27 14:49:42,043 [ac3fbd16-1d83-453c-852e-871f53a8d589@group-DC59E677C11F-StateMachineUpdater] INFO  metrics.RatisMetrics (RatisMetrics.java:unregister(43)) - Unregistering Metrics Registry : ratis.state_machine.ac3fbd16-1d83-453c-852e-871f53a8d589@group-DC59E677C11F
2021-05-27 14:49:42,043 [Listener at 127.0.0.1/33213] INFO  metrics.RatisMetrics (RatisMetrics.java:unregister(43)) - Unregistering Metrics Registry : ratis.log_worker.c80f2544-efc8-492a-83e4-5b8bcbed7eb8@group-B2661161F723
2021-05-27 14:49:42,043 [Listener at 127.0.0.1/33213] INFO  metrics.RatisMetrics (RatisMetrics.java:unregister(43)) - Unregistering Metrics Registry : ratis.leader_election.c80f2544-efc8-492a-83e4-5b8bcbed7eb8@group-B2661161F723
2021-05-27 14:49:42,043 [Listener at 127.0.0.1/33213] INFO  metrics.RatisMetrics (RatisMetrics.java:unregister(43)) - Unregistering Metrics Registry : ratis.server.c80f2544-efc8-492a-83e4-5b8bcbed7eb8@group-B2661161F723
2021-05-27 14:49:42,044 [Listener at 127.0.0.1/33213] INFO  server.GrpcService (GrpcService.java:closeImpl(262)) - c80f2544-efc8-492a-83e4-5b8bcbed7eb8: shutdown server with port 35561 now
2021-05-27 14:49:42,043 [ForkJoinPool.commonPool-worker-1] INFO  server.RaftServer$Division (ServerState.java:close(405)) - ac3fbd16-1d83-453c-852e-871f53a8d589@group-DC59E677C11F: closes. applyIndex: 0
2021-05-27 14:49:42,044 [ac3fbd16-1d83-453c-852e-871f53a8d589@group-DC59E677C11F-SegmentedRaftLogWorker] INFO  segmented.SegmentedRaftLogWorker (SegmentedRaftLogWorker.java:run(327)) - ac3fbd16-1d83-453c-852e-871f53a8d589@group-DC59E677C11F-SegmentedRaftLogWorker was interrupted, exiting. There are 0 tasks remaining in the queue.
2021-05-27 14:49:42,045 [ForkJoinPool.commonPool-worker-1] INFO  segmented.SegmentedRaftLogWorker (SegmentedRaftLogWorker.java:close(237)) - ac3fbd16-1d83-453c-852e-871f53a8d589@group-DC59E677C11F-SegmentedRaftLogWorker close()
2021-05-27 14:49:42,045 [ForkJoinPool.commonPool-worker-1] INFO  metrics.RatisMetrics (RatisMetrics.java:unregister(43)) - Unregistering Metrics Registry : ratis.log_worker.ac3fbd16-1d83-453c-852e-871f53a8d589@group-DC59E677C11F
2021-05-27 14:49:42,045 [ForkJoinPool.commonPool-worker-1] INFO  metrics.RatisMetrics (RatisMetrics.java:unregister(43)) - Unregistering Metrics Registry : ratis.leader_election.ac3fbd16-1d83-453c-852e-871f53a8d589@group-DC59E677C11F
2021-05-27 14:49:42,045 [ForkJoinPool.commonPool-worker-1] INFO  metrics.RatisMetrics (RatisMetrics.java:unregister(43)) - Unregistering Metrics Registry : ratis.server.ac3fbd16-1d83-453c-852e-871f53a8d589@group-DC59E677C11F
2021-05-27 14:49:42,045 [ForkJoinPool.commonPool-worker-1] INFO  server.GrpcService (GrpcService.java:closeImpl(262)) - ac3fbd16-1d83-453c-852e-871f53a8d589: shutdown server with port 44019 now
2021-05-27 14:49:42,053 [Listener at 127.0.0.1/33213] INFO  server.GrpcService (GrpcService.java:closeImpl(271)) - c80f2544-efc8-492a-83e4-5b8bcbed7eb8: shutdown server with port 35561 successfully
2021-05-27 14:49:42,053 [org.apache.ratis.util.JvmPauseMonitor$$Lambda$513/734719022@518bc84b] INFO  util.JvmPauseMonitor (JvmPauseMonitor.java:run(109)) - JvmPauseMonitor-c80f2544-efc8-492a-83e4-5b8bcbed7eb8: Stopped
2021-05-27 14:49:42,054 [ForkJoinPool.commonPool-worker-1] INFO  server.GrpcService (GrpcService.java:closeImpl(271)) - ac3fbd16-1d83-453c-852e-871f53a8d589: shutdown server with port 44019 successfully
2021-05-27 14:49:42,055 [org.apache.ratis.util.JvmPauseMonitor$$Lambda$513/734719022@62f8bda] INFO  util.JvmPauseMonitor (JvmPauseMonitor.java:run(109)) - JvmPauseMonitor-ac3fbd16-1d83-453c-852e-871f53a8d589: Stopped
2021-05-27 14:49:42,055 [Listener at 127.0.0.1/33213] INFO  utils.BackgroundService (BackgroundService.java:shutdown(132)) - Shutting down service BlockDeletingService
2021-05-27 14:49:42,057 [ForkJoinPool.commonPool-worker-1] INFO  utils.BackgroundService (BackgroundService.java:shutdown(132)) - Shutting down service BlockDeletingService
2021-05-27 14:49:42,058 [Listener at 127.0.0.1/33213] INFO  statemachine.DatanodeStateMachine (DatanodeStateMachine.java:stopDaemon(475)) - Ozone container server stopped.
2021-05-27 14:49:42,059 [Listener at 127.0.0.1/33213] INFO  handler.ContextHandler (ContextHandler.java:doStop(1154)) - Stopped o.e.j.w.WebAppContext@136dc575{hddsDatanode,/,null,STOPPED}{jar:file:/home/runner/.m2/repository/org/apache/hadoop/hadoop-hdds-container-service/1.2.0-SNAPSHOT/hadoop-hdds-container-service-1.2.0-SNAPSHOT.jar!/webapps/hddsDatanode}
2021-05-27 14:49:42,060 [Listener at 127.0.0.1/33213] INFO  server.AbstractConnector (AbstractConnector.java:doStop(381)) - Stopped ServerConnector@3c6c5b44{HTTP/1.1, (http/1.1)}{0.0.0.0:0}
2021-05-27 14:49:42,060 [Listener at 127.0.0.1/33213] INFO  server.session (HouseKeeper.java:stopScavenging(149)) - node0 Stopped scavenging
2021-05-27 14:49:42,060 [Listener at 127.0.0.1/33213] INFO  handler.ContextHandler (ContextHandler.java:doStop(1154)) - Stopped o.e.j.s.ServletContextHandler@3048ec86{static,/static,jar:file:/home/runner/.m2/repository/org/apache/hadoop/hadoop-hdds-container-service/1.2.0-SNAPSHOT/hadoop-hdds-container-service-1.2.0-SNAPSHOT.jar!/webapps/static,STOPPED}
2021-05-27 14:49:42,060 [Listener at 127.0.0.1/33213] INFO  handler.ContextHandler (ContextHandler.java:doStop(1154)) - Stopped o.e.j.s.ServletContextHandler@3990d58e{logs,/logs,file:///home/runner/work/ozone/ozone/mnt/ozone/hadoop-ozone/integration-test/target/log,STOPPED}
2021-05-27 14:49:42,062 [ForkJoinPool.commonPool-worker-1] INFO  statemachine.DatanodeStateMachine (DatanodeStateMachine.java:stopDaemon(475)) - Ozone container server stopped.
2021-05-27 14:49:42,065 [ForkJoinPool.commonPool-worker-1] INFO  handler.ContextHandler (ContextHandler.java:doStop(1154)) - Stopped o.e.j.w.WebAppContext@60adea01{hddsDatanode,/,null,STOPPED}{jar:file:/home/runner/.m2/repository/org/apache/hadoop/hadoop-hdds-container-service/1.2.0-SNAPSHOT/hadoop-hdds-container-service-1.2.0-SNAPSHOT.jar!/webapps/hddsDatanode}
2021-05-27 14:49:42,066 [ForkJoinPool.commonPool-worker-1] INFO  server.AbstractConnector (AbstractConnector.java:doStop(381)) - Stopped ServerConnector@4e2bed0f{HTTP/1.1, (http/1.1)}{0.0.0.0:0}
2021-05-27 14:49:42,066 [ForkJoinPool.commonPool-worker-1] INFO  server.session (HouseKeeper.java:stopScavenging(149)) - node0 Stopped scavenging
2021-05-27 14:49:42,066 [ForkJoinPool.commonPool-worker-1] INFO  handler.ContextHandler (ContextHandler.java:doStop(1154)) - Stopped o.e.j.s.ServletContextHandler@445760e0{static,/static,jar:file:/home/runner/.m2/repository/org/apache/hadoop/hadoop-hdds-container-service/1.2.0-SNAPSHOT/hadoop-hdds-container-service-1.2.0-SNAPSHOT.jar!/webapps/static,STOPPED}
2021-05-27 14:49:42,067 [ForkJoinPool.commonPool-worker-1] INFO  handler.ContextHandler (ContextHandler.java:doStop(1154)) - Stopped o.e.j.s.ServletContextHandler@15500a8{logs,/logs,file:///home/runner/work/ozone/ozone/mnt/ozone/hadoop-ozone/integration-test/target/log,STOPPED}
2021-05-27 14:49:42,946 [Datanode State Machine Thread - 0] INFO  statemachine.DatanodeStateMachine (DatanodeStateMachine.java:lambda$startDaemon$0(417)) - Ozone container server started.
2021-05-27 14:49:47,062 [Listener at 127.0.0.1/33213] INFO  ozoneimpl.OzoneContainer (OzoneContainer.java:stop(316)) - Attempting to stop container services.
2021-05-27 14:49:47,063 [Listener at 127.0.0.1/33213] INFO  server.RaftServer (RaftServerProxy.java:lambda$close$6(391)) - 4028be1c-f04f-471f-a5c7-d66a385f5692: close
2021-05-27 14:49:47,066 [Listener at 127.0.0.1/33213] INFO  server.RaftServer$Division (RaftServerImpl.java:lambda$close$4(406)) - 4028be1c-f04f-471f-a5c7-d66a385f5692@group-BD86B44502A1: shutdown
2021-05-27 14:49:47,066 [ForkJoinPool.commonPool-worker-0] INFO  server.RaftServer$Division (RaftServerImpl.java:lambda$close$4(406)) - 4028be1c-f04f-471f-a5c7-d66a385f5692@group-F3A0BFBB38E1: shutdown
2021-05-27 14:49:47,067 [ForkJoinPool.commonPool-worker-0] INFO  util.JmxRegister (JmxRegister.java:unregister(73)) - Successfully un-registered JMX Bean with object name Ratis:service=RaftServer,group=group-F3A0BFBB38E1,id=4028be1c-f04f-471f-a5c7-d66a385f5692
2021-05-27 14:49:47,067 [ForkJoinPool.commonPool-worker-0] INFO  impl.RoleInfo (RoleInfo.java:shutdownLeaderState(91)) - 4028be1c-f04f-471f-a5c7-d66a385f5692: shutdown 4028be1c-f04f-471f-a5c7-d66a385f5692@group-F3A0BFBB38E1-LeaderStateImpl
2021-05-27 14:49:47,067 [Listener at 127.0.0.1/33213] INFO  util.JmxRegister (JmxRegister.java:unregister(73)) - Successfully un-registered JMX Bean with object name Ratis:service=RaftServer,group=group-BD86B44502A1,id=4028be1c-f04f-471f-a5c7-d66a385f5692
2021-05-27 14:49:47,067 [Listener at 127.0.0.1/33213] INFO  impl.RoleInfo (RoleInfo.java:shutdownFollowerState(108)) - 4028be1c-f04f-471f-a5c7-d66a385f5692: shutdown 4028be1c-f04f-471f-a5c7-d66a385f5692@group-BD86B44502A1-FollowerState
2021-05-27 14:49:47,067 [ForkJoinPool.commonPool-worker-0] INFO  impl.PendingRequests (PendingRequests.java:sendNotLeaderResponses(249)) - 4028be1c-f04f-471f-a5c7-d66a385f5692@group-F3A0BFBB38E1-PendingRequests: sendNotLeaderResponses
2021-05-27 14:49:47,067 [4028be1c-f04f-471f-a5c7-d66a385f5692@group-BD86B44502A1-FollowerState] INFO  impl.FollowerState (FollowerState.java:run(143)) - 4028be1c-f04f-471f-a5c7-d66a385f5692@group-BD86B44502A1-FollowerState was interrupted: {}
java.lang.InterruptedException: sleep interrupted
	at java.lang.Thread.sleep(Native Method)
	at java.lang.Thread.sleep(Thread.java:340)
	at java.util.concurrent.TimeUnit.sleep(TimeUnit.java:386)
	at org.apache.ratis.util.TimeDuration.sleep(TimeDuration.java:324)
	at org.apache.ratis.util.TimeDuration.sleep(TimeDuration.java:309)
	at org.apache.ratis.server.impl.FollowerState.run(FollowerState.java:118)
2021-05-27 14:49:47,067 [ForkJoinPool.commonPool-worker-0] INFO  metrics.RatisMetrics (RatisMetrics.java:unregister(43)) - Unregistering Metrics Registry : ratis.log_appender.4028be1c-f04f-471f-a5c7-d66a385f5692@group-F3A0BFBB38E1
2021-05-27 14:49:47,068 [ForkJoinPool.commonPool-worker-0] INFO  metrics.RatisMetrics (RatisMetrics.java:unregister(43)) - Unregistering Metrics Registry : ratis.server.4028be1c-f04f-471f-a5c7-d66a385f5692@group-F3A0BFBB38E1
2021-05-27 14:49:47,068 [4028be1c-f04f-471f-a5c7-d66a385f5692@group-BD86B44502A1-StateMachineUpdater] INFO  ratis.ContainerStateMachine (ContainerStateMachine.java:takeSnapshot(292)) - group-BD86B44502A1: Taking a snapshot at:(t:5, i:2) file /home/runner/work/ozone/ozone/mnt/ozone/hadoop-ozone/integration-test/target/test-dir/MiniOzoneClusterImpl-01be8073-4a30-4c07-ba69-c81900f598d5/datanode-6/data/ratis/92661cd8-1084-46f9-bbf0-bd86b44502a1/sm/snapshot.5_2
2021-05-27 14:49:47,068 [ForkJoinPool.commonPool-worker-0] INFO  impl.StateMachineUpdater (StateMachineUpdater.java:stopAndJoin(149)) - 4028be1c-f04f-471f-a5c7-d66a385f5692@group-F3A0BFBB38E1-StateMachineUpdater: set stopIndex = 0
2021-05-27 14:49:47,068 [4028be1c-f04f-471f-a5c7-d66a385f5692@group-F3A0BFBB38E1-StateMachineUpdater] INFO  ratis.ContainerStateMachine (ContainerStateMachine.java:takeSnapshot(292)) - group-F3A0BFBB38E1: Taking a snapshot at:(t:1, i:0) file /home/runner/work/ozone/ozone/mnt/ozone/hadoop-ozone/integration-test/target/test-dir/MiniOzoneClusterImpl-01be8073-4a30-4c07-ba69-c81900f598d5/datanode-6/data/ratis/a9620fcb-631b-4d7f-993b-f3a0bfbb38e1/sm/snapshot.1_0
2021-05-27 14:49:47,068 [Listener at 127.0.0.1/33213] INFO  impl.StateMachineUpdater (StateMachineUpdater.java:stopAndJoin(149)) - 4028be1c-f04f-471f-a5c7-d66a385f5692@group-BD86B44502A1-StateMachineUpdater: set stopIndex = 2
2021-05-27 14:49:47,069 [4028be1c-f04f-471f-a5c7-d66a385f5692@group-BD86B44502A1-StateMachineUpdater] INFO  ratis.ContainerStateMachine (ContainerStateMachine.java:takeSnapshot(303)) - group-BD86B44502A1: Finished taking a snapshot at:(t:5, i:2) file:/home/runner/work/ozone/ozone/mnt/ozone/hadoop-ozone/integration-test/target/test-dir/MiniOzoneClusterImpl-01be8073-4a30-4c07-ba69-c81900f598d5/datanode-6/data/ratis/92661cd8-1084-46f9-bbf0-bd86b44502a1/sm/snapshot.5_2 took: 1 ms
2021-05-27 14:49:47,069 [4028be1c-f04f-471f-a5c7-d66a385f5692@group-BD86B44502A1-StateMachineUpdater] INFO  impl.StateMachineUpdater (StateMachineUpdater.java:takeSnapshot(281)) - 4028be1c-f04f-471f-a5c7-d66a385f5692@group-BD86B44502A1-StateMachineUpdater: Took a snapshot at index 2
2021-05-27 14:49:47,069 [4028be1c-f04f-471f-a5c7-d66a385f5692@group-BD86B44502A1-StateMachineUpdater] INFO  impl.StateMachineUpdater (StateMachineUpdater.java:lambda$new$0(89)) - 4028be1c-f04f-471f-a5c7-d66a385f5692@group-BD86B44502A1-StateMachineUpdater: snapshotIndex: updateIncreasingly -1 -> 2
2021-05-27 14:49:47,069 [4028be1c-f04f-471f-a5c7-d66a385f5692@group-F3A0BFBB38E1-StateMachineUpdater] INFO  ratis.ContainerStateMachine (ContainerStateMachine.java:takeSnapshot(303)) - group-F3A0BFBB38E1: Finished taking a snapshot at:(t:1, i:0) file:/home/runner/work/ozone/ozone/mnt/ozone/hadoop-ozone/integration-test/target/test-dir/MiniOzoneClusterImpl-01be8073-4a30-4c07-ba69-c81900f598d5/datanode-6/data/ratis/a9620fcb-631b-4d7f-993b-f3a0bfbb38e1/sm/snapshot.1_0 took: 0 ms
2021-05-27 14:49:47,069 [4028be1c-f04f-471f-a5c7-d66a385f5692@group-BD86B44502A1-StateMachineUpdater] INFO  metrics.RatisMetrics (RatisMetrics.java:unregister(43)) - Unregistering Metrics Registry : ratis.state_machine.4028be1c-f04f-471f-a5c7-d66a385f5692@group-BD86B44502A1
2021-05-27 14:49:47,069 [4028be1c-f04f-471f-a5c7-d66a385f5692@group-F3A0BFBB38E1-StateMachineUpdater] INFO  impl.StateMachineUpdater (StateMachineUpdater.java:takeSnapshot(281)) - 4028be1c-f04f-471f-a5c7-d66a385f5692@group-F3A0BFBB38E1-StateMachineUpdater: Took a snapshot at index 0
2021-05-27 14:49:47,069 [4028be1c-f04f-471f-a5c7-d66a385f5692@group-F3A0BFBB38E1-StateMachineUpdater] INFO  impl.StateMachineUpdater (StateMachineUpdater.java:lambda$new$0(89)) - 4028be1c-f04f-471f-a5c7-d66a385f5692@group-F3A0BFBB38E1-StateMachineUpdater: snapshotIndex: updateIncreasingly -1 -> 0
2021-05-27 14:49:47,069 [Listener at 127.0.0.1/33213] INFO  server.RaftServer$Division (ServerState.java:close(405)) - 4028be1c-f04f-471f-a5c7-d66a385f5692@group-BD86B44502A1: closes. applyIndex: 2
2021-05-27 14:49:47,069 [4028be1c-f04f-471f-a5c7-d66a385f5692@group-F3A0BFBB38E1-StateMachineUpdater] INFO  metrics.RatisMetrics (RatisMetrics.java:unregister(43)) - Unregistering Metrics Registry : ratis.state_machine.4028be1c-f04f-471f-a5c7-d66a385f5692@group-F3A0BFBB38E1
2021-05-27 14:49:47,073 [ForkJoinPool.commonPool-worker-0] INFO  server.RaftServer$Division (ServerState.java:close(405)) - 4028be1c-f04f-471f-a5c7-d66a385f5692@group-F3A0BFBB38E1: closes. applyIndex: 0
2021-05-27 14:49:47,073 [4028be1c-f04f-471f-a5c7-d66a385f5692@group-BD86B44502A1-SegmentedRaftLogWorker] INFO  segmented.SegmentedRaftLogWorker (SegmentedRaftLogWorker.java:run(327)) - 4028be1c-f04f-471f-a5c7-d66a385f5692@group-BD86B44502A1-SegmentedRaftLogWorker was interrupted, exiting. There are 0 tasks remaining in the queue.
2021-05-27 14:49:47,074 [Listener at 127.0.0.1/33213] INFO  segmented.SegmentedRaftLogWorker (SegmentedRaftLogWorker.java:close(237)) - 4028be1c-f04f-471f-a5c7-d66a385f5692@group-BD86B44502A1-SegmentedRaftLogWorker close()
2021-05-27 14:49:47,074 [4028be1c-f04f-471f-a5c7-d66a385f5692@group-F3A0BFBB38E1-SegmentedRaftLogWorker] INFO  segmented.SegmentedRaftLogWorker (SegmentedRaftLogWorker.java:run(327)) - 4028be1c-f04f-471f-a5c7-d66a385f5692@group-F3A0BFBB38E1-SegmentedRaftLogWorker was interrupted, exiting. There are 0 tasks remaining in the queue.
2021-05-27 14:49:47,074 [ForkJoinPool.commonPool-worker-0] INFO  segmented.SegmentedRaftLogWorker (SegmentedRaftLogWorker.java:close(237)) - 4028be1c-f04f-471f-a5c7-d66a385f5692@group-F3A0BFBB38E1-SegmentedRaftLogWorker close()
2021-05-27 14:49:47,074 [Listener at 127.0.0.1/33213] INFO  metrics.RatisMetrics (RatisMetrics.java:unregister(43)) - Unregistering Metrics Registry : ratis.log_worker.4028be1c-f04f-471f-a5c7-d66a385f5692@group-BD86B44502A1
2021-05-27 14:49:47,075 [ForkJoinPool.commonPool-worker-0] INFO  metrics.RatisMetrics (RatisMetrics.java:unregister(43)) - Unregistering Metrics Registry : ratis.log_worker.4028be1c-f04f-471f-a5c7-d66a385f5692@group-F3A0BFBB38E1
2021-05-27 14:49:47,075 [Listener at 127.0.0.1/33213] INFO  metrics.RatisMetrics (RatisMetrics.java:unregister(43)) - Unregistering Metrics Registry : ratis.leader_election.4028be1c-f04f-471f-a5c7-d66a385f5692@group-BD86B44502A1
2021-05-27 14:49:47,075 [ForkJoinPool.commonPool-worker-0] INFO  metrics.RatisMetrics (RatisMetrics.java:unregister(43)) - Unregistering Metrics Registry : ratis.leader_election.4028be1c-f04f-471f-a5c7-d66a385f5692@group-F3A0BFBB38E1
2021-05-27 14:49:47,075 [Listener at 127.0.0.1/33213] INFO  metrics.RatisMetrics (RatisMetrics.java:unregister(43)) - Unregistering Metrics Registry : ratis.server.4028be1c-f04f-471f-a5c7-d66a385f5692@group-BD86B44502A1
2021-05-27 14:49:47,075 [ForkJoinPool.commonPool-worker-0] INFO  metrics.RatisMetrics (RatisMetrics.java:unregister(43)) - Unregistering Metrics Registry : ratis.server.4028be1c-f04f-471f-a5c7-d66a385f5692@group-F3A0BFBB38E1
2021-05-27 14:49:47,077 [Listener at 127.0.0.1/33213] INFO  server.GrpcService (GrpcService.java:closeImpl(262)) - 4028be1c-f04f-471f-a5c7-d66a385f5692: shutdown server with port 39853 now
2021-05-27 14:49:47,078 [Listener at 127.0.0.1/33213] INFO  server.GrpcService (GrpcService.java:closeImpl(271)) - 4028be1c-f04f-471f-a5c7-d66a385f5692: shutdown server with port 39853 successfully
2021-05-27 14:49:47,079 [org.apache.ratis.util.JvmPauseMonitor$$Lambda$513/734719022@e11ed6a] INFO  util.JvmPauseMonitor (JvmPauseMonitor.java:run(109)) - JvmPauseMonitor-4028be1c-f04f-471f-a5c7-d66a385f5692: Stopped
2021-05-27 14:49:47,080 [Listener at 127.0.0.1/33213] INFO  utils.BackgroundService (BackgroundService.java:shutdown(132)) - Shutting down service BlockDeletingService
2021-05-27 14:49:47,081 [Listener at 127.0.0.1/33213] INFO  statemachine.DatanodeStateMachine (DatanodeStateMachine.java:stopDaemon(475)) - Ozone container server stopped.
2021-05-27 14:49:47,082 [Listener at 127.0.0.1/33213] INFO  handler.ContextHandler (ContextHandler.java:doStop(1154)) - Stopped o.e.j.w.WebAppContext@338f96f5{hddsDatanode,/,null,STOPPED}{jar:file:/home/runner/.m2/repository/org/apache/hadoop/hadoop-hdds-container-service/1.2.0-SNAPSHOT/hadoop-hdds-container-service-1.2.0-SNAPSHOT.jar!/webapps/hddsDatanode}
2021-05-27 14:49:47,084 [Listener at 127.0.0.1/33213] INFO  server.AbstractConnector (AbstractConnector.java:doStop(381)) - Stopped ServerConnector@6e975866{HTTP/1.1, (http/1.1)}{0.0.0.0:0}
2021-05-27 14:49:47,084 [Listener at 127.0.0.1/33213] INFO  server.session (HouseKeeper.java:stopScavenging(149)) - node0 Stopped scavenging
2021-05-27 14:49:47,084 [Listener at 127.0.0.1/33213] INFO  handler.ContextHandler (ContextHandler.java:doStop(1154)) - Stopped o.e.j.s.ServletContextHandler@b680059{static,/static,jar:file:/home/runner/.m2/repository/org/apache/hadoop/hadoop-hdds-container-service/1.2.0-SNAPSHOT/hadoop-hdds-container-service-1.2.0-SNAPSHOT.jar!/webapps/static,STOPPED}
2021-05-27 14:49:47,084 [Listener at 127.0.0.1/33213] INFO  handler.ContextHandler (ContextHandler.java:doStop(1154)) - Stopped o.e.j.s.ServletContextHandler@42e74fa3{logs,/logs,file:///home/runner/work/ozone/ozone/mnt/ozone/hadoop-ozone/integration-test/target/log,STOPPED}
2021-05-27 14:49:47,086 [Listener at 127.0.0.1/33213] INFO  ozone.MiniOzoneClusterImpl (MiniOzoneClusterImpl.java:stopSCM(532)) - Stopping the StorageContainerManager
2021-05-27 14:49:47,086 [Listener at 127.0.0.1/33213] INFO  server.StorageContainerManager (StorageContainerManager.java:stop(1288)) - Stopping Replication Manager Service.
2021-05-27 14:49:47,086 [Listener at 127.0.0.1/33213] INFO  container.ReplicationManager (ReplicationManager.java:stop(267)) - Stopping Replication Monitor Thread.
2021-05-27 14:49:47,086 [Listener at 127.0.0.1/33213] INFO  server.StorageContainerManager (StorageContainerManager.java:stop(1295)) - Stopping the Datanode Admin Monitor.
2021-05-27 14:49:47,086 [Listener at 127.0.0.1/33213] INFO  server.StorageContainerManager (StorageContainerManager.java:stop(1302)) - Stopping Lease Manager of the command watchers
2021-05-27 14:49:47,086 [Listener at 127.0.0.1/33213] INFO  server.StorageContainerManager (StorageContainerManager.java:stop(1309)) - Stopping datanode service RPC server
2021-05-27 14:49:47,086 [Listener at 127.0.0.1/33213] INFO  server.SCMDatanodeProtocolServer (SCMDatanodeProtocolServer.java:stop(374)) - Stopping the RPC server for DataNodes
2021-05-27 14:49:47,086 [Listener at 127.0.0.1/33213] INFO  ipc.Server (Server.java:stop(3403)) - Stopping server on 43277
2021-05-27 14:49:47,088 [IPC Server listener on 0] INFO  ipc.Server (Server.java:run(1366)) - Stopping IPC Server listener on 0
2021-05-27 14:49:47,088 [IPC Server Responder] INFO  ipc.Server (Server.java:run(1502)) - Stopping IPC Server Responder
2021-05-27 14:49:47,097 [SCM Heartbeat Processing Thread - 0] WARN  node.NodeStateManager (NodeStateManager.java:scheduleNextHealthCheck(688)) - Current Thread is interrupted, shutting down HB processing thread for Node Manager.
2021-05-27 14:49:47,097 [Listener at 127.0.0.1/33213] INFO  server.StorageContainerManager (StorageContainerManager.java:stop(1317)) - Stopping block service RPC server
2021-05-27 14:49:47,097 [Listener at 127.0.0.1/33213] INFO  server.SCMBlockProtocolServer (SCMBlockProtocolServer.java:stop(158)) - Stopping the RPC server for Block Protocol
2021-05-27 14:49:47,097 [Listener at 127.0.0.1/33213] INFO  ipc.Server (Server.java:stop(3403)) - Stopping server on 32981
2021-05-27 14:49:47,098 [IPC Server listener on 0] INFO  ipc.Server (Server.java:run(1366)) - Stopping IPC Server listener on 0
2021-05-27 14:49:47,098 [IPC Server Responder] INFO  ipc.Server (Server.java:run(1502)) - Stopping IPC Server Responder
2021-05-27 14:49:47,099 [Listener at 127.0.0.1/33213] INFO  server.StorageContainerManager (StorageContainerManager.java:stop(1324)) - Stopping the StorageContainerLocationProtocol RPC server
2021-05-27 14:49:47,099 [Listener at 127.0.0.1/33213] INFO  server.SCMClientProtocolServer (SCMClientProtocolServer.java:stop(172)) - Stopping the RPC server for Client Protocol
2021-05-27 14:49:47,099 [Listener at 127.0.0.1/33213] INFO  ipc.Server (Server.java:stop(3403)) - Stopping server on 35715
2021-05-27 14:49:47,100 [IPC Server listener on 0] INFO  ipc.Server (Server.java:run(1366)) - Stopping IPC Server listener on 0
2021-05-27 14:49:47,100 [IPC Server Responder] INFO  ipc.Server (Server.java:run(1502)) - Stopping IPC Server Responder
2021-05-27 14:49:47,100 [Listener at 127.0.0.1/33213] INFO  server.StorageContainerManager (StorageContainerManager.java:stop(1331)) - Stopping Storage Container Manager HTTP server.
2021-05-27 14:49:47,101 [Listener at 127.0.0.1/33213] INFO  handler.ContextHandler (ContextHandler.java:doStop(1154)) - Stopped o.e.j.w.WebAppContext@76fc5687{scm,/,null,STOPPED}{file:/home/runner/work/ozone/ozone/mnt/ozone/hadoop-ozone/integration-test/target/test-classes/webapps/scm}
2021-05-27 14:49:47,102 [Listener at 127.0.0.1/33213] INFO  server.AbstractConnector (AbstractConnector.java:doStop(381)) - Stopped ServerConnector@79c4f23b{HTTP/1.1, (http/1.1)}{0.0.0.0:0}
2021-05-27 14:49:47,103 [Listener at 127.0.0.1/33213] INFO  server.session (HouseKeeper.java:stopScavenging(149)) - node0 Stopped scavenging
2021-05-27 14:49:47,103 [Listener at 127.0.0.1/33213] INFO  handler.ContextHandler (ContextHandler.java:doStop(1154)) - Stopped o.e.j.s.ServletContextHandler@429f0ca8{static,/static,file:///home/runner/work/ozone/ozone/mnt/ozone/hadoop-ozone/integration-test/target/test-classes/webapps/static,STOPPED}
2021-05-27 14:49:47,105 [Listener at 127.0.0.1/33213] INFO  handler.ContextHandler (ContextHandler.java:doStop(1154)) - Stopped o.e.j.s.ServletContextHandler@2b2b7e3c{logs,/logs,file:///home/runner/work/ozone/ozone/mnt/ozone/hadoop-ozone/integration-test/target/log,STOPPED}
2021-05-27 14:49:47,106 [Listener at 127.0.0.1/33213] INFO  server.StorageContainerManager (StorageContainerManager.java:stop(1342)) - Stopping Block Manager Service.
2021-05-27 14:49:47,106 [Listener at 127.0.0.1/33213] INFO  utils.BackgroundService (BackgroundService.java:shutdown(132)) - Shutting down service SCMBlockDeletingService
2021-05-27 14:49:47,106 [Listener at 127.0.0.1/33213] INFO  utils.BackgroundService (BackgroundService.java:shutdown(132)) - Shutting down service SCMBlockDeletingService
2021-05-27 14:49:47,106 [Listener at 127.0.0.1/33213] INFO  server.StorageContainerManager (StorageContainerManager.java:stop(1369)) - Stopping SCM Event Queue.
2021-05-27 14:49:47,108 [Listener at 127.0.0.1/33213] WARN  pipeline.BackgroundPipelineCreator (BackgroundPipelineCreatorV2.java:stop(154)) - RatisPipelineUtilsThread is not running, just ignore.
2021-05-27 14:49:47,109 [Listener at 127.0.0.1/33213] INFO  impl.MetricsSystemImpl (MetricsSystemImpl.java:stop(210)) - Stopping XceiverClientMetrics metrics system...
2021-05-27 14:49:47,115 [prometheus] INFO  impl.MetricsSinkAdapter (MetricsSinkAdapter.java:publishMetricsFromQueue(141)) - prometheus thread interrupted.
2021-05-27 14:49:47,115 [Listener at 127.0.0.1/33213] INFO  impl.MetricsSystemImpl (MetricsSystemImpl.java:stop(216)) - XceiverClientMetrics metrics system stopped.
]]></system-out>
  </testcase>
  <testcase name="testWatchForCommitForRetryfailure" classname="org.apache.hadoop.ozone.client.rpc.TestWatchForCommit" time="68.035"/>
  <testcase name="testWatchForCommitForGroupMismatchException" classname="org.apache.hadoop.ozone.client.rpc.TestWatchForCommit" time="55.925"/>
  <testcase name="test2WayCommitForTimeoutException" classname="org.apache.hadoop.ozone.client.rpc.TestWatchForCommit" time="42.163"/>
</testsuite>