<?xml version="1.0" encoding="UTF-8"?>
<testsuite xmlns:xsi="http://www.w3.org/2001/XMLSchema-instance" xsi:noNamespaceSchemaLocation="https://maven.apache.org/surefire/maven-surefire-plugin/xsd/surefire-test-report-3.0.xsd" version="3.0" name="org.apache.hadoop.fs.ozone.TestOzoneFileSystem" time="277.262" tests="176" errors="0" skipped="0" failures="1">
  <properties>
    <property name="awt.toolkit" value="sun.awt.X11.XToolkit"/>
    <property name="file.encoding.pkg" value="sun.io"/>
    <property name="java.specification.version" value="1.8"/>
    <property name="sun.cpu.isalist" value=""/>
    <property name="sun.jnu.encoding" value="UTF-8"/>
    <property name="java.class.path" value="/home/runner/work/ozone/ozone/hadoop-ozone/integration-test/target/test-classes:/home/runner/work/ozone/ozone/hadoop-ozone/integration-test/target/classes:/home/runner/.m2/repository/org/apache/ozone/ozone-common/1.4.0-SNAPSHOT/ozone-common-1.4.0-SNAPSHOT.jar:/home/runner/.m2/repository/io/grpc/grpc-netty/1.51.1/grpc-netty-1.51.1.jar:/home/runner/.m2/repository/io/grpc/grpc-core/1.51.1/grpc-core-1.51.1.jar:/home/runner/.m2/repository/com/google/android/annotations/4.1.1.4/annotations-4.1.1.4.jar:/home/runner/.m2/repository/org/codehaus/mojo/animal-sniffer-annotations/1.21/animal-sniffer-annotations-1.21.jar:/home/runner/.m2/repository/com/google/errorprone/error_prone_annotations/2.2.0/error_prone_annotations-2.2.0.jar:/home/runner/.m2/repository/io/perfmark/perfmark-api/0.25.0/perfmark-api-0.25.0.jar:/home/runner/.m2/repository/io/netty/netty-codec-http2/4.1.94.Final/netty-codec-http2-4.1.94.Final.jar:/home/runner/.m2/repository/io/netty/netty-common/4.1.94.Final/netty-common-4.1.94.Final.jar:/home/runner/.m2/repository/io/netty/netty-buffer/4.1.94.Final/netty-buffer-4.1.94.Final.jar:/home/runner/.m2/repository/io/netty/netty-codec-http/4.1.94.Final/netty-codec-http-4.1.94.Final.jar:/home/runner/.m2/repository/io/netty/netty-handler-proxy/4.1.94.Final/netty-handler-proxy-4.1.94.Final.jar:/home/runner/.m2/repository/io/netty/netty-codec-socks/4.1.94.Final/netty-codec-socks-4.1.94.Final.jar:/home/runner/.m2/repository/io/netty/netty-tcnative-boringssl-static/2.0.61.Final/netty-tcnative-boringssl-static-2.0.61.Final.jar:/home/runner/.m2/repository/io/netty/netty-tcnative-classes/2.0.61.Final/netty-tcnative-classes-2.0.61.Final.jar:/home/runner/.m2/repository/io/netty/netty-tcnative-boringssl-static/2.0.61.Final/netty-tcnative-boringssl-static-2.0.61.Final-linux-x86_64.jar:/home/runner/.m2/repository/io/netty/netty-tcnative-boringssl-static/2.0.61.Final/netty-tcnative-boringssl-static-2.0.61.Final-linux-aarch_64.jar:/home/runner/.m2/repository/io/netty/netty-tcnative-boringssl-static/2.0.61.Final/netty-tcnative-boringssl-static-2.0.61.Final-osx-x86_64.jar:/home/runner/.m2/repository/io/netty/netty-tcnative-boringssl-static/2.0.61.Final/netty-tcnative-boringssl-static-2.0.61.Final-osx-aarch_64.jar:/home/runner/.m2/repository/io/netty/netty-tcnative-boringssl-static/2.0.61.Final/netty-tcnative-boringssl-static-2.0.61.Final-windows-x86_64.jar:/home/runner/.m2/repository/org/apache/commons/commons-compress/1.21/commons-compress-1.21.jar:/home/runner/.m2/repository/org/apache/ozone/hdds-common/1.4.0-SNAPSHOT/hdds-common-1.4.0-SNAPSHOT.jar:/home/runner/.m2/repository/org/apache/ozone/hdds-client/1.4.0-SNAPSHOT/hdds-client-1.4.0-SNAPSHOT.jar:/home/runner/.m2/repository/org/apache/ozone/ozone-interface-client/1.4.0-SNAPSHOT/ozone-interface-client-1.4.0-SNAPSHOT.jar:/home/runner/.m2/repository/org/apache/hadoop/hadoop-hdfs-client/3.3.6/hadoop-hdfs-client-3.3.6.jar:/home/runner/.m2/repository/com/squareup/okhttp3/okhttp/4.9.3/okhttp-4.9.3.jar:/home/runner/.m2/repository/com/squareup/okio/okio/3.4.0/okio-3.4.0.jar:/home/runner/.m2/repository/com/squareup/okio/okio-jvm/3.4.0/okio-jvm-3.4.0.jar:/home/runner/.m2/repository/org/jetbrains/kotlin/kotlin-stdlib-jdk8/1.8.0/kotlin-stdlib-jdk8-1.8.0.jar:/home/runner/.m2/repository/org/jetbrains/kotlin/kotlin-stdlib-jdk7/1.8.0/kotlin-stdlib-jdk7-1.8.0.jar:/home/runner/.m2/repository/org/jetbrains/kotlin/kotlin-stdlib-common/1.6.21/kotlin-stdlib-common-1.6.21.jar:/home/runner/.m2/repository/org/apache/ozone/hdds-test-utils/1.4.0-SNAPSHOT/hdds-test-utils-1.4.0-SNAPSHOT.jar:/home/runner/.m2/repository/com/google/guava/guava/32.0.0-jre/guava-32.0.0-jre.jar:/home/runner/.m2/repository/com/google/guava/failureaccess/1.0.1/failureaccess-1.0.1.jar:/home/runner/.m2/repository/com/google/guava/listenablefuture/9999.0-empty-to-avoid-conflict-with-guava/listenablefuture-9999.0-empty-to-avoid-conflict-with-guava.jar:/home/runner/.m2/repository/com/google/code/findbugs/jsr305/3.0.0/jsr305-3.0.0.jar:/home/runner/.m2/repository/org/checkerframework/checker-qual/3.33.0/checker-qual-3.33.0.jar:/home/runner/.m2/repository/com/google/j2objc/j2objc-annotations/2.8/j2objc-annotations-2.8.jar:/home/runner/.m2/repository/commons-io/commons-io/2.11.0/commons-io-2.11.0.jar:/home/runner/.m2/repository/commons-logging/commons-logging/1.2/commons-logging-1.2.jar:/home/runner/.m2/repository/ch/qos/reload4j/reload4j/1.2.22/reload4j-1.2.22.jar:/home/runner/.m2/repository/org/slf4j/slf4j-api/1.7.36/slf4j-api-1.7.36.jar:/home/runner/.m2/repository/org/apache/logging/log4j/log4j-api/2.17.1/log4j-api-2.17.1.jar:/home/runner/.m2/repository/org/apache/ozone/hdds-server-scm/1.4.0-SNAPSHOT/hdds-server-scm-1.4.0-SNAPSHOT.jar:/home/runner/.m2/repository/org/apache/ozone/hdds-container-service/1.4.0-SNAPSHOT/hdds-container-service-1.4.0-SNAPSHOT.jar:/home/runner/.m2/repository/org/apache/ozone/hdds-hadoop-dependency-server/1.4.0-SNAPSHOT/hdds-hadoop-dependency-server-1.4.0-SNAPSHOT.jar:/home/runner/.m2/repository/org/apache/hadoop/hadoop-hdfs/3.3.6/hadoop-hdfs-3.3.6.jar:/home/runner/.m2/repository/commons-daemon/commons-daemon/1.0.13/commons-daemon-1.0.13.jar:/home/runner/.m2/repository/org/apache/ozone/hdds-server-framework/1.4.0-SNAPSHOT/hdds-server-framework-1.4.0-SNAPSHOT.jar:/home/runner/.m2/repository/io/dropwizard/metrics/metrics-core/3.2.4/metrics-core-3.2.4.jar:/home/runner/.m2/repository/org/apache/commons/commons-text/1.10.0/commons-text-1.10.0.jar:/home/runner/.m2/repository/org/bouncycastle/bcprov-jdk15on/1.67/bcprov-jdk15on-1.67.jar:/home/runner/.m2/repository/com/google/protobuf/protobuf-java/2.5.0/protobuf-java-2.5.0.jar:/home/runner/.m2/repository/org/apache/ozone/hdds-server-framework/1.4.0-SNAPSHOT/hdds-server-framework-1.4.0-SNAPSHOT-tests.jar:/home/runner/.m2/repository/org/apache/ozone/hdds-interface-server/1.4.0-SNAPSHOT/hdds-interface-server-1.4.0-SNAPSHOT.jar:/home/runner/.m2/repository/org/apache/ozone/hdds-interface-admin/1.4.0-SNAPSHOT/hdds-interface-admin-1.4.0-SNAPSHOT.jar:/home/runner/.m2/repository/org/apache/ozone/hdds-managed-rocksdb/1.4.0-SNAPSHOT/hdds-managed-rocksdb-1.4.0-SNAPSHOT.jar:/home/runner/.m2/repository/org/rocksdb/rocksdbjni/7.7.3/rocksdbjni-7.7.3.jar:/home/runner/.m2/repository/org/slf4j/slf4j-reload4j/1.7.36/slf4j-reload4j-1.7.36.jar:/home/runner/.m2/repository/org/apache/commons/commons-configuration2/2.1.1/commons-configuration2-2.1.1.jar:/home/runner/.m2/repository/commons-fileupload/commons-fileupload/1.5/commons-fileupload-1.5.jar:/home/runner/.m2/repository/org/apache/logging/log4j/log4j-core/2.17.1/log4j-core-2.17.1.jar:/home/runner/.m2/repository/com/lmax/disruptor/3.4.2/disruptor-3.4.2.jar:/home/runner/.m2/repository/org/eclipse/jetty/jetty-util/9.4.51.v20230217/jetty-util-9.4.51.v20230217.jar:/home/runner/.m2/repository/org/eclipse/jetty/jetty-server/9.4.51.v20230217/jetty-server-9.4.51.v20230217.jar:/home/runner/.m2/repository/org/eclipse/jetty/jetty-http/9.4.51.v20230217/jetty-http-9.4.51.v20230217.jar:/home/runner/.m2/repository/org/eclipse/jetty/jetty-io/9.4.51.v20230217/jetty-io-9.4.51.v20230217.jar:/home/runner/.m2/repository/org/eclipse/jetty/jetty-servlet/9.4.51.v20230217/jetty-servlet-9.4.51.v20230217.jar:/home/runner/.m2/repository/org/eclipse/jetty/jetty-security/9.4.51.v20230217/jetty-security-9.4.51.v20230217.jar:/home/runner/.m2/repository/org/eclipse/jetty/jetty-util-ajax/9.4.51.v20230217/jetty-util-ajax-9.4.51.v20230217.jar:/home/runner/.m2/repository/org/eclipse/jetty/jetty-webapp/9.4.51.v20230217/jetty-webapp-9.4.51.v20230217.jar:/home/runner/.m2/repository/org/eclipse/jetty/jetty-xml/9.4.51.v20230217/jetty-xml-9.4.51.v20230217.jar:/home/runner/.m2/repository/org/apache/ratis/ratis-server/2.5.1/ratis-server-2.5.1.jar:/home/runner/.m2/repository/org/apache/ratis/ratis-thirdparty-misc/1.0.4/ratis-thirdparty-misc-1.0.4.jar:/home/runner/.m2/repository/org/apache/ratis/ratis-proto/2.5.1/ratis-proto-2.5.1.jar:/home/runner/.m2/repository/org/apache/ratis/ratis-common/2.5.1/ratis-common-2.5.1.jar:/home/runner/.m2/repository/org/apache/ratis/ratis-client/2.5.1/ratis-client-2.5.1.jar:/home/runner/.m2/repository/org/apache/ratis/ratis-server-api/2.5.1/ratis-server-api-2.5.1.jar:/home/runner/.m2/repository/org/apache/ratis/ratis-metrics/2.5.1/ratis-metrics-2.5.1.jar:/home/runner/.m2/repository/io/prometheus/simpleclient_dropwizard/0.7.0/simpleclient_dropwizard-0.7.0.jar:/home/runner/.m2/repository/io/prometheus/simpleclient/0.7.0/simpleclient-0.7.0.jar:/home/runner/.m2/repository/io/prometheus/simpleclient_common/0.7.0/simpleclient_common-0.7.0.jar:/home/runner/.m2/repository/com/fasterxml/jackson/datatype/jackson-datatype-jsr310/2.13.4/jackson-datatype-jsr310-2.13.4.jar:/home/runner/.m2/repository/com/fasterxml/jackson/core/jackson-core/2.13.4/jackson-core-2.13.4.jar:/home/runner/.m2/repository/com/github/spotbugs/spotbugs-annotations/3.1.12/spotbugs-annotations-3.1.12.jar:/home/runner/.m2/repository/org/apache/ozone/rocksdb-checkpoint-differ/1.4.0-SNAPSHOT/rocksdb-checkpoint-differ-1.4.0-SNAPSHOT.jar:/home/runner/.m2/repository/org/jgrapht/jgrapht-core/1.0.1/jgrapht-core-1.0.1.jar:/home/runner/.m2/repository/org/jgrapht/jgrapht-ext/1.0.1/jgrapht-ext-1.0.1.jar:/home/runner/.m2/repository/org/tinyjee/jgraphx/jgraphx/2.0.0.1/jgraphx-2.0.0.1.jar:/home/runner/.m2/repository/jgraph/jgraph/5.13.0.0/jgraph-5.13.0.0.jar:/home/runner/.m2/repository/org/antlr/antlr4-runtime/4.5.3/antlr4-runtime-4.5.3.jar:/home/runner/.m2/repository/org/awaitility/awaitility/4.2.0/awaitility-4.2.0.jar:/home/runner/.m2/repository/org/hamcrest/hamcrest/2.1/hamcrest-2.1.jar:/home/runner/.m2/repository/org/apache/ozone/ozone-manager/1.4.0-SNAPSHOT/ozone-manager-1.4.0-SNAPSHOT.jar:/home/runner/.m2/repository/org/aspectj/aspectjrt/1.9.7/aspectjrt-1.9.7.jar:/home/runner/.m2/repository/org/aspectj/aspectjweaver/1.9.7/aspectjweaver-1.9.7.jar:/home/runner/.m2/repository/org/apache/ozone/hdds-interface-client/1.4.0-SNAPSHOT/hdds-interface-client-1.4.0-SNAPSHOT.jar:/home/runner/.m2/repository/org/apache/hadoop/thirdparty/hadoop-shaded-protobuf_3_7/1.1.1/hadoop-shaded-protobuf_3_7-1.1.1.jar:/home/runner/.m2/repository/org/apache/ozone/ozone-interface-storage/1.4.0-SNAPSHOT/ozone-interface-storage-1.4.0-SNAPSHOT.jar:/home/runner/.m2/repository/org/reflections/reflections/0.9.11/reflections-0.9.11.jar:/home/runner/.m2/repository/com/sun/jersey/jersey-client/1.19/jersey-client-1.19.jar:/home/runner/.m2/repository/org/codehaus/jackson/jackson-core-asl/1.9.13/jackson-core-asl-1.9.13.jar:/home/runner/.m2/repository/org/codehaus/jackson/jackson-mapper-asl/1.9.13/jackson-mapper-asl-1.9.13.jar:/home/runner/.m2/repository/org/codehaus/jackson/jackson-jaxrs/1.9.13/jackson-jaxrs-1.9.13.jar:/home/runner/.m2/repository/org/apache/ranger/ranger-intg/2.3.0/ranger-intg-2.3.0.jar:/home/runner/.m2/repository/org/apache/ranger/ranger-plugins-common/2.3.0/ranger-plugins-common-2.3.0.jar:/home/runner/.m2/repository/commons-lang/commons-lang/2.6/commons-lang-2.6.jar:/home/runner/.m2/repository/org/apache/ranger/ranger-plugins-cred/2.3.0/ranger-plugins-cred-2.3.0.jar:/home/runner/.m2/repository/org/apache/ranger/ranger-plugins-audit/2.3.0/ranger-plugins-audit-2.3.0.jar:/home/runner/.m2/repository/org/eclipse/jetty/jetty-client/9.4.51.v20230217/jetty-client-9.4.51.v20230217.jar:/home/runner/.m2/repository/org/apache/httpcomponents/httpmime/4.5.6/httpmime-4.5.6.jar:/home/runner/.m2/repository/org/apache/httpcomponents/httpcore-nio/4.4.13/httpcore-nio-4.4.13.jar:/home/runner/.m2/repository/org/apache/httpcomponents/httpasyncclient/4.1.3/httpasyncclient-4.1.3.jar:/home/runner/.m2/repository/com/carrotsearch/hppc/0.8.0/hppc-0.8.0.jar:/home/runner/.m2/repository/org/apache/orc/orc-core/1.5.8/orc-core-1.5.8.jar:/home/runner/.m2/repository/net/java/dev/jna/jna/5.2.0/jna-5.2.0.jar:/home/runner/.m2/repository/net/java/dev/jna/jna-platform/5.2.0/jna-platform-5.2.0.jar:/home/runner/.m2/repository/com/kstruct/gethostname4j/0.0.2/gethostname4j-0.0.2.jar:/home/runner/.m2/repository/org/apache/ranger/ranger-plugin-classloader/2.3.0/ranger-plugin-classloader-2.3.0.jar:/home/runner/.m2/repository/org/apache/ozone/hdds-rocks-native/1.4.0-SNAPSHOT/hdds-rocks-native-1.4.0-SNAPSHOT.jar:/home/runner/.m2/repository/org/apache/hadoop/hadoop-minikdc/3.3.6/hadoop-minikdc-3.3.6.jar:/home/runner/.m2/repository/org/apache/kerby/kerb-simplekdc/1.0.1/kerb-simplekdc-1.0.1.jar:/home/runner/.m2/repository/org/apache/kerby/kerb-client/1.0.1/kerb-client-1.0.1.jar:/home/runner/.m2/repository/org/apache/kerby/kerby-config/1.0.1/kerby-config-1.0.1.jar:/home/runner/.m2/repository/org/apache/kerby/kerb-common/1.0.1/kerb-common-1.0.1.jar:/home/runner/.m2/repository/org/apache/kerby/kerb-crypto/1.0.1/kerb-crypto-1.0.1.jar:/home/runner/.m2/repository/org/apache/kerby/kerb-util/1.0.1/kerb-util-1.0.1.jar:/home/runner/.m2/repository/org/apache/kerby/token-provider/1.0.1/token-provider-1.0.1.jar:/home/runner/.m2/repository/org/apache/kerby/kerb-admin/1.0.1/kerb-admin-1.0.1.jar:/home/runner/.m2/repository/org/apache/kerby/kerb-server/1.0.1/kerb-server-1.0.1.jar:/home/runner/.m2/repository/org/apache/kerby/kerb-identity/1.0.1/kerb-identity-1.0.1.jar:/home/runner/.m2/repository/org/apache/kerby/kerby-xdr/1.0.1/kerby-xdr-1.0.1.jar:/home/runner/.m2/repository/org/apache/ozone/ozone-s3gateway/1.4.0-SNAPSHOT/ozone-s3gateway-1.4.0-SNAPSHOT.jar:/home/runner/.m2/repository/org/javassist/javassist/3.21.0-GA/javassist-3.21.0-GA.jar:/home/runner/.m2/repository/org/jboss/weld/servlet/weld-servlet-shaded/3.1.9.Final/weld-servlet-shaded-3.1.9.Final.jar:/home/runner/.m2/repository/org/glassfish/jersey/containers/jersey-container-servlet-core/2.34/jersey-container-servlet-core-2.34.jar:/home/runner/.m2/repository/org/glassfish/hk2/external/jakarta.inject/2.6.1/jakarta.inject-2.6.1.jar:/home/runner/.m2/repository/org/glassfish/jersey/core/jersey-common/2.34/jersey-common-2.34.jar:/home/runner/.m2/repository/jakarta/ws/rs/jakarta.ws.rs-api/2.1.6/jakarta.ws.rs-api-2.1.6.jar:/home/runner/.m2/repository/org/glassfish/jersey/ext/cdi/jersey-cdi1x/2.34/jersey-cdi1x-2.34.jar:/home/runner/.m2/repository/org/glassfish/jersey/inject/jersey-hk2/2.34/jersey-hk2-2.34.jar:/home/runner/.m2/repository/org/glassfish/hk2/hk2-locator/2.6.1/hk2-locator-2.6.1.jar:/home/runner/.m2/repository/org/glassfish/jersey/media/jersey-media-jaxb/2.34/jersey-media-jaxb-2.34.jar:/home/runner/.m2/repository/org/glassfish/hk2/osgi-resource-locator/1.0.3/osgi-resource-locator-1.0.3.jar:/home/runner/.m2/repository/org/glassfish/hk2/hk2-api/2.5.0/hk2-api-2.5.0.jar:/home/runner/.m2/repository/org/glassfish/hk2/hk2-utils/2.5.0/hk2-utils-2.5.0.jar:/home/runner/.m2/repository/org/glassfish/hk2/external/aopalliance-repackaged/2.5.0/aopalliance-repackaged-2.5.0.jar:/home/runner/.m2/repository/com/fasterxml/jackson/dataformat/jackson-dataformat-xml/2.13.4/jackson-dataformat-xml-2.13.4.jar:/home/runner/.m2/repository/org/codehaus/woodstox/stax2-api/4.2.1/stax2-api-4.2.1.jar:/home/runner/.m2/repository/com/fasterxml/woodstox/woodstox-core/5.4.0/woodstox-core-5.4.0.jar:/home/runner/.m2/repository/com/fasterxml/jackson/module/jackson-module-jaxb-annotations/2.13.4/jackson-module-jaxb-annotations-2.13.4.jar:/home/runner/.m2/repository/jakarta/xml/bind/jakarta.xml.bind-api/2.3.3/jakarta.xml.bind-api-2.3.3.jar:/home/runner/.m2/repository/jakarta/activation/jakarta.activation-api/1.2.2/jakarta.activation-api-1.2.2.jar:/home/runner/.m2/repository/javax/enterprise/cdi-api/2.0/cdi-api-2.0.jar:/home/runner/.m2/repository/javax/el/javax.el-api/3.0.0/javax.el-api-3.0.0.jar:/home/runner/.m2/repository/javax/interceptor/javax.interceptor-api/1.2/javax.interceptor-api-1.2.jar:/home/runner/.m2/repository/javax/inject/javax.inject/1/javax.inject-1.jar:/home/runner/.m2/repository/javax/xml/bind/jaxb-api/2.3.0/jaxb-api-2.3.0.jar:/home/runner/.m2/repository/org/glassfish/jaxb/jaxb-runtime/2.3.0.1/jaxb-runtime-2.3.0.1.jar:/home/runner/.m2/repository/org/glassfish/jaxb/jaxb-core/2.3.0.1/jaxb-core-2.3.0.1.jar:/home/runner/.m2/repository/org/glassfish/jaxb/txw2/2.3.0.1/txw2-2.3.0.1.jar:/home/runner/.m2/repository/com/sun/istack/istack-commons-runtime/3.0.5/istack-commons-runtime-3.0.5.jar:/home/runner/.m2/repository/org/jvnet/staxex/stax-ex/1.7.8/stax-ex-1.7.8.jar:/home/runner/.m2/repository/com/sun/xml/fastinfoset/FastInfoset/1.2.13/FastInfoset-1.2.13.jar:/home/runner/.m2/repository/javax/activation/activation/1.1.1/activation-1.1.1.jar:/home/runner/.m2/repository/io/grpc/grpc-protobuf/1.51.1/grpc-protobuf-1.51.1.jar:/home/runner/.m2/repository/com/google/api/grpc/proto-google-common-protos/2.9.0/proto-google-common-protos-2.9.0.jar:/home/runner/.m2/repository/io/grpc/grpc-protobuf-lite/1.51.1/grpc-protobuf-lite-1.51.1.jar:/home/runner/.m2/repository/io/grpc/grpc-stub/1.51.1/grpc-stub-1.51.1.jar:/home/runner/.m2/repository/io/netty/netty-transport/4.1.94.Final/netty-transport-4.1.94.Final.jar:/home/runner/.m2/repository/io/netty/netty-resolver/4.1.94.Final/netty-resolver-4.1.94.Final.jar:/home/runner/.m2/repository/org/apache/ozone/ozone-csi/1.4.0-SNAPSHOT/ozone-csi-1.4.0-SNAPSHOT.jar:/home/runner/.m2/repository/com/google/protobuf/protobuf-java-util/3.19.6/protobuf-java-util-3.19.6.jar:/home/runner/.m2/repository/com/google/code/gson/gson/2.9.0/gson-2.9.0.jar:/home/runner/.m2/repository/org/apache/ozone/hdds-config/1.4.0-SNAPSHOT/hdds-config-1.4.0-SNAPSHOT.jar:/home/runner/.m2/repository/io/netty/netty-transport-native-epoll/4.1.94.Final/netty-transport-native-epoll-4.1.94.Final-linux-x86_64.jar:/home/runner/.m2/repository/io/netty/netty-transport-classes-epoll/4.1.94.Final/netty-transport-classes-epoll-4.1.94.Final.jar:/home/runner/.m2/repository/io/netty/netty-transport-native-unix-common/4.1.94.Final/netty-transport-native-unix-common-4.1.94.Final.jar:/home/runner/.m2/repository/org/apache/ozone/ozone-recon/1.4.0-SNAPSHOT/ozone-recon-1.4.0-SNAPSHOT.jar:/home/runner/.m2/repository/org/apache/ozone/ozone-reconcodegen/1.4.0-SNAPSHOT/ozone-reconcodegen-1.4.0-SNAPSHOT.jar:/home/runner/.m2/repository/com/google/inject/guice/5.1.0/guice-5.1.0.jar:/home/runner/.m2/repository/aopalliance/aopalliance/1.0/aopalliance-1.0.jar:/home/runner/.m2/repository/com/google/inject/extensions/guice-assistedinject/5.1.0/guice-assistedinject-5.1.0.jar:/home/runner/.m2/repository/com/google/inject/extensions/guice-servlet/5.1.0/guice-servlet-5.1.0.jar:/home/runner/.m2/repository/org/glassfish/jersey/containers/jersey-container-servlet/2.34/jersey-container-servlet-2.34.jar:/home/runner/.m2/repository/org/glassfish/hk2/guice-bridge/2.5.0/guice-bridge-2.5.0.jar:/home/runner/.m2/repository/org/glassfish/jersey/core/jersey-server/2.34/jersey-server-2.34.jar:/home/runner/.m2/repository/org/glassfish/jersey/core/jersey-client/2.34/jersey-client-2.34.jar:/home/runner/.m2/repository/jakarta/annotation/jakarta.annotation-api/1.3.5/jakarta.annotation-api-1.3.5.jar:/home/runner/.m2/repository/jakarta/validation/jakarta.validation-api/2.0.2/jakarta.validation-api-2.0.2.jar:/home/runner/.m2/repository/org/glassfish/jersey/media/jersey-media-json-jackson/2.34/jersey-media-json-jackson-2.34.jar:/home/runner/.m2/repository/org/glassfish/jersey/ext/jersey-entity-filtering/2.34/jersey-entity-filtering-2.34.jar:/home/runner/.m2/repository/org/jooq/jooq/3.11.10/jooq-3.11.10.jar:/home/runner/.m2/repository/org/jooq/jooq-meta/3.11.10/jooq-meta-3.11.10.jar:/home/runner/.m2/repository/org/jooq/jooq-codegen/3.11.10/jooq-codegen-3.11.10.jar:/home/runner/.m2/repository/com/jolbox/bonecp/0.8.0.RELEASE/bonecp-0.8.0.RELEASE.jar:/home/runner/.m2/repository/org/apache/derby/derby/10.14.2.0/derby-10.14.2.0.jar:/home/runner/.m2/repository/org/xerial/sqlite-jdbc/3.41.2.2/sqlite-jdbc-3.41.2.2.jar:/home/runner/.m2/repository/org/springframework/spring-jdbc/5.3.27/spring-jdbc-5.3.27.jar:/home/runner/.m2/repository/org/springframework/spring-beans/5.3.27/spring-beans-5.3.27.jar:/home/runner/.m2/repository/org/springframework/spring-core/5.3.27/spring-core-5.3.27.jar:/home/runner/.m2/repository/org/springframework/spring-tx/5.3.27/spring-tx-5.3.27.jar:/home/runner/.m2/repository/org/apache/ozone/ozone-client/1.4.0-SNAPSHOT/ozone-client-1.4.0-SNAPSHOT.jar:/home/runner/.m2/repository/org/apache/ozone/hdds-erasurecode/1.4.0-SNAPSHOT/hdds-erasurecode-1.4.0-SNAPSHOT.jar:/home/runner/.m2/repository/org/apache/ozone/ozone-filesystem/1.4.0-SNAPSHOT/ozone-filesystem-1.4.0-SNAPSHOT.jar:/home/runner/.m2/repository/org/apache/ozone/ozone-filesystem-common/1.4.0-SNAPSHOT/ozone-filesystem-common-1.4.0-SNAPSHOT.jar:/home/runner/.m2/repository/org/apache/ozone/ozone-tools/1.4.0-SNAPSHOT/ozone-tools-1.4.0-SNAPSHOT.jar:/home/runner/.m2/repository/com/amazonaws/aws-java-sdk-core/1.12.261/aws-java-sdk-core-1.12.261.jar:/home/runner/.m2/repository/org/apache/httpcomponents/httpclient/4.5.13/httpclient-4.5.13.jar:/home/runner/.m2/repository/org/apache/httpcomponents/httpcore/4.4.13/httpcore-4.4.13.jar:/home/runner/.m2/repository/software/amazon/ion/ion-java/1.0.2/ion-java-1.0.2.jar:/home/runner/.m2/repository/com/fasterxml/jackson/dataformat/jackson-dataformat-cbor/2.13.4/jackson-dataformat-cbor-2.13.4.jar:/home/runner/.m2/repository/joda-time/joda-time/2.10.6/joda-time-2.10.6.jar:/home/runner/.m2/repository/com/amazonaws/aws-java-sdk-s3/1.12.261/aws-java-sdk-s3-1.12.261.jar:/home/runner/.m2/repository/com/amazonaws/aws-java-sdk-kms/1.12.261/aws-java-sdk-kms-1.12.261.jar:/home/runner/.m2/repository/com/amazonaws/jmespath-java/1.12.261/jmespath-java-1.12.261.jar:/home/runner/.m2/repository/org/kohsuke/metainf-services/metainf-services/1.8/metainf-services-1.8.jar:/home/runner/.m2/repository/org/apache/ozone/hdds-tools/1.4.0-SNAPSHOT/hdds-tools-1.4.0-SNAPSHOT.jar:/home/runner/.m2/repository/org/apache/ratis/ratis-tools/2.5.1/ratis-tools-2.5.1.jar:/home/runner/.m2/repository/commons-cli/commons-cli/1.2/commons-cli-1.2.jar:/home/runner/.m2/repository/org/apache/commons/commons-lang3/3.7/commons-lang3-3.7.jar:/home/runner/.m2/repository/org/apache/ozone/ozone-manager/1.4.0-SNAPSHOT/ozone-manager-1.4.0-SNAPSHOT-tests.jar:/home/runner/.m2/repository/org/apache/ozone/hdds-common/1.4.0-SNAPSHOT/hdds-common-1.4.0-SNAPSHOT-tests.jar:/home/runner/.m2/repository/org/apache/ozone/hdds-hadoop-dependency-client/1.4.0-SNAPSHOT/hdds-hadoop-dependency-client-1.4.0-SNAPSHOT.jar:/home/runner/.m2/repository/info/picocli/picocli/4.6.1/picocli-4.6.1.jar:/home/runner/.m2/repository/com/fasterxml/jackson/core/jackson-annotations/2.13.4/jackson-annotations-2.13.4.jar:/home/runner/.m2/repository/org/apache/ozone/hdds-annotation-processing/1.4.0-SNAPSHOT/hdds-annotation-processing-1.4.0-SNAPSHOT.jar:/home/runner/.m2/repository/javax/annotation/javax.annotation-api/1.2/javax.annotation-api-1.2.jar:/home/runner/.m2/repository/org/apache/ratis/ratis-netty/2.5.1/ratis-netty-2.5.1.jar:/home/runner/.m2/repository/org/apache/ratis/ratis-grpc/2.5.1/ratis-grpc-2.5.1.jar:/home/runner/.m2/repository/org/apache/commons/commons-pool2/2.6.0/commons-pool2-2.6.0.jar:/home/runner/.m2/repository/org/bouncycastle/bcpkix-jdk15on/1.67/bcpkix-jdk15on-1.67.jar:/home/runner/.m2/repository/commons-validator/commons-validator/1.6/commons-validator-1.6.jar:/home/runner/.m2/repository/commons-beanutils/commons-beanutils/1.9.4/commons-beanutils-1.9.4.jar:/home/runner/.m2/repository/commons-digester/commons-digester/1.8.1/commons-digester-1.8.1.jar:/home/runner/.m2/repository/commons-collections/commons-collections/3.2.2/commons-collections-3.2.2.jar:/home/runner/.m2/repository/io/jaegertracing/jaeger-client/1.6.0/jaeger-client-1.6.0.jar:/home/runner/.m2/repository/io/jaegertracing/jaeger-thrift/1.6.0/jaeger-thrift-1.6.0.jar:/home/runner/.m2/repository/org/apache/thrift/libthrift/0.14.1/libthrift-0.14.1.jar:/home/runner/.m2/repository/io/jaegertracing/jaeger-core/1.6.0/jaeger-core-1.6.0.jar:/home/runner/.m2/repository/io/jaegertracing/jaeger-tracerresolver/1.6.0/jaeger-tracerresolver-1.6.0.jar:/home/runner/.m2/repository/io/opentracing/contrib/opentracing-tracerresolver/0.1.8/opentracing-tracerresolver-0.1.8.jar:/home/runner/.m2/repository/org/jetbrains/kotlin/kotlin-stdlib/1.6.21/kotlin-stdlib-1.6.21.jar:/home/runner/.m2/repository/org/jetbrains/annotations/13.0/annotations-13.0.jar:/home/runner/.m2/repository/io/opentracing/opentracing-util/0.33.0/opentracing-util-0.33.0.jar:/home/runner/.m2/repository/io/opentracing/opentracing-api/0.33.0/opentracing-api-0.33.0.jar:/home/runner/.m2/repository/io/opentracing/opentracing-noop/0.33.0/opentracing-noop-0.33.0.jar:/home/runner/.m2/repository/org/yaml/snakeyaml/2.0/snakeyaml-2.0.jar:/home/runner/.m2/repository/io/grpc/grpc-api/1.51.1/grpc-api-1.51.1.jar:/home/runner/.m2/repository/io/grpc/grpc-context/1.51.1/grpc-context-1.51.1.jar:/home/runner/.m2/repository/junit/junit/4.13.1/junit-4.13.1.jar:/home/runner/.m2/repository/org/hamcrest/hamcrest-core/1.3/hamcrest-core-1.3.jar:/home/runner/.m2/repository/org/junit/jupiter/junit-jupiter-api/5.8.2/junit-jupiter-api-5.8.2.jar:/home/runner/.m2/repository/org/opentest4j/opentest4j/1.2.0/opentest4j-1.2.0.jar:/home/runner/.m2/repository/org/junit/platform/junit-platform-commons/1.8.2/junit-platform-commons-1.8.2.jar:/home/runner/.m2/repository/org/apiguardian/apiguardian-api/1.1.2/apiguardian-api-1.1.2.jar:/home/runner/.m2/repository/org/junit/jupiter/junit-jupiter-params/5.8.2/junit-jupiter-params-5.8.2.jar:/home/runner/.m2/repository/org/junit/jupiter/junit-jupiter-migrationsupport/5.8.2/junit-jupiter-migrationsupport-5.8.2.jar:/home/runner/.m2/repository/org/junit/jupiter/junit-jupiter-engine/5.8.2/junit-jupiter-engine-5.8.2.jar:/home/runner/.m2/repository/org/junit/platform/junit-platform-engine/1.8.2/junit-platform-engine-1.8.2.jar:/home/runner/.m2/repository/org/junit/vintage/junit-vintage-engine/5.8.2/junit-vintage-engine-5.8.2.jar:/home/runner/.m2/repository/org/junit/platform/junit-platform-launcher/1.8.2/junit-platform-launcher-1.8.2.jar:/home/runner/.m2/repository/org/mockito/mockito-core/3.5.9/mockito-core-3.5.9.jar:/home/runner/.m2/repository/net/bytebuddy/byte-buddy/1.10.13/byte-buddy-1.10.13.jar:/home/runner/.m2/repository/net/bytebuddy/byte-buddy-agent/1.10.13/byte-buddy-agent-1.10.13.jar:/home/runner/.m2/repository/org/objenesis/objenesis/1.0/objenesis-1.0.jar:/home/runner/.m2/repository/org/apache/hadoop/hadoop-kms/3.3.6/hadoop-kms-3.3.6.jar:/home/runner/.m2/repository/org/apache/hadoop/hadoop-auth/3.3.6/hadoop-auth-3.3.6.jar:/home/runner/.m2/repository/com/nimbusds/nimbus-jose-jwt/9.8.1/nimbus-jose-jwt-9.8.1.jar:/home/runner/.m2/repository/com/github/stephenc/jcip/jcip-annotations/1.0-1/jcip-annotations-1.0-1.jar:/home/runner/.m2/repository/org/apache/zookeeper/zookeeper/3.5.6/zookeeper-3.5.6.jar:/home/runner/.m2/repository/org/apache/zookeeper/zookeeper-jute/3.5.6/zookeeper-jute-3.5.6.jar:/home/runner/.m2/repository/org/apache/yetus/audience-annotations/0.5.0/audience-annotations-0.5.0.jar:/home/runner/.m2/repository/org/apache/curator/curator-framework/4.2.0/curator-framework-4.2.0.jar:/home/runner/.m2/repository/org/apache/hadoop/thirdparty/hadoop-shaded-guava/1.1.1/hadoop-shaded-guava-1.1.1.jar:/home/runner/.m2/repository/com/sun/jersey/jersey-core/1.19/jersey-core-1.19.jar:/home/runner/.m2/repository/javax/ws/rs/jsr311-api/1.1.1/jsr311-api-1.1.1.jar:/home/runner/.m2/repository/com/sun/jersey/jersey-server/1.19/jersey-server-1.19.jar:/home/runner/.m2/repository/javax/servlet/javax.servlet-api/3.1.0/javax.servlet-api-3.1.0.jar:/home/runner/.m2/repository/org/apache/hadoop/hadoop-common/3.3.6/hadoop-common-3.3.6.jar:/home/runner/.m2/repository/org/apache/commons/commons-math3/3.1.1/commons-math3-3.1.1.jar:/home/runner/.m2/repository/commons-net/commons-net/3.9.0/commons-net-3.9.0.jar:/home/runner/.m2/repository/com/sun/jersey/jersey-servlet/1.19/jersey-servlet-1.19.jar:/home/runner/.m2/repository/com/github/pjfanning/jersey-json/1.20/jersey-json-1.20.jar:/home/runner/.m2/repository/org/codehaus/jettison/jettison/1.1/jettison-1.1.jar:/home/runner/.m2/repository/com/sun/xml/bind/jaxb-impl/2.2.3-1/jaxb-impl-2.2.3-1.jar:/home/runner/.m2/repository/com/google/re2j/re2j/1.1/re2j-1.1.jar:/home/runner/.m2/repository/com/jcraft/jsch/0.1.54/jsch-0.1.54.jar:/home/runner/.m2/repository/org/apache/curator/curator-client/4.2.0/curator-client-4.2.0.jar:/home/runner/.m2/repository/org/apache/curator/curator-recipes/5.2.0/curator-recipes-5.2.0.jar:/home/runner/.m2/repository/org/apache/kerby/kerb-core/1.0.1/kerb-core-1.0.1.jar:/home/runner/.m2/repository/org/apache/kerby/kerby-pkix/1.0.1/kerby-pkix-1.0.1.jar:/home/runner/.m2/repository/org/apache/kerby/kerby-asn1/1.0.1/kerby-asn1-1.0.1.jar:/home/runner/.m2/repository/org/apache/kerby/kerby-util/1.0.1/kerby-util-1.0.1.jar:/home/runner/.m2/repository/dnsjava/dnsjava/2.1.7/dnsjava-2.1.7.jar:/home/runner/.m2/repository/org/xerial/snappy/snappy-java/1.1.8.2/snappy-java-1.1.8.2.jar:/home/runner/.m2/repository/com/fasterxml/jackson/core/jackson-databind/2.13.4.2/jackson-databind-2.13.4.2.jar:/home/runner/.m2/repository/org/apache/hadoop/hadoop-kms/3.3.6/hadoop-kms-3.3.6-tests.jar:/home/runner/.m2/repository/org/apache/ozone/hdds-server-scm/1.4.0-SNAPSHOT/hdds-server-scm-1.4.0-SNAPSHOT-tests.jar:/home/runner/.m2/repository/org/apache/ozone/hdds-container-service/1.4.0-SNAPSHOT/hdds-container-service-1.4.0-SNAPSHOT-tests.jar:/home/runner/.m2/repository/com/github/luben/zstd-jni/1.5.2-5/zstd-jni-1.5.2-5.jar:/home/runner/.m2/repository/commons-codec/commons-codec/1.15/commons-codec-1.15.jar:/home/runner/.m2/repository/io/netty/netty-codec/4.1.94.Final/netty-codec-4.1.94.Final.jar:/home/runner/.m2/repository/io/netty/netty-handler/4.1.94.Final/netty-handler-4.1.94.Final.jar:/home/runner/.m2/repository/org/apache/ozone/hdds-hadoop-dependency-test/1.4.0-SNAPSHOT/hdds-hadoop-dependency-test-1.4.0-SNAPSHOT.jar:/home/runner/.m2/repository/org/apache/hadoop/hadoop-common/3.3.6/hadoop-common-3.3.6-tests.jar:/home/runner/.m2/repository/org/apache/hadoop/hadoop-hdfs/3.3.6/hadoop-hdfs-3.3.6-tests.jar:/home/runner/.m2/repository/org/assertj/assertj-core/3.12.2/assertj-core-3.12.2.jar:/home/runner/.m2/repository/org/apache/hadoop/hadoop-distcp/3.3.6/hadoop-distcp-3.3.6.jar:/home/runner/.m2/repository/org/apache/hadoop/hadoop-mapreduce-client-jobclient/3.3.6/hadoop-mapreduce-client-jobclient-3.3.6.jar:/home/runner/.m2/repository/org/apache/hadoop/hadoop-mapreduce-client-common/3.3.6/hadoop-mapreduce-client-common-3.3.6.jar:/home/runner/.m2/repository/org/apache/hadoop/hadoop-yarn-common/3.3.6/hadoop-yarn-common-3.3.6.jar:/home/runner/.m2/repository/org/apache/hadoop/hadoop-yarn-api/3.3.6/hadoop-yarn-api-3.3.6.jar:/home/runner/.m2/repository/com/sun/jersey/contribs/jersey-guice/1.19/jersey-guice-1.19.jar:/home/runner/.m2/repository/com/fasterxml/jackson/jaxrs/jackson-jaxrs-json-provider/2.13.4/jackson-jaxrs-json-provider-2.13.4.jar:/home/runner/.m2/repository/com/fasterxml/jackson/jaxrs/jackson-jaxrs-base/2.13.4/jackson-jaxrs-base-2.13.4.jar:/home/runner/.m2/repository/org/apache/hadoop/hadoop-yarn-client/3.3.6/hadoop-yarn-client-3.3.6.jar:/home/runner/.m2/repository/org/eclipse/jetty/websocket/websocket-client/9.4.51.v20230217/websocket-client-9.4.51.v20230217.jar:/home/runner/.m2/repository/org/eclipse/jetty/websocket/websocket-common/9.4.51.v20230217/websocket-common-9.4.51.v20230217.jar:/home/runner/.m2/repository/org/eclipse/jetty/websocket/websocket-api/9.4.51.v20230217/websocket-api-9.4.51.v20230217.jar:/home/runner/.m2/repository/org/jline/jline/3.9.0/jline-3.9.0.jar:/home/runner/.m2/repository/org/apache/hadoop/hadoop-mapreduce-client-core/3.3.6/hadoop-mapreduce-client-core-3.3.6.jar:/home/runner/.m2/repository/org/apache/avro/avro/1.7.7/avro-1.7.7.jar:/home/runner/.m2/repository/com/thoughtworks/paranamer/paranamer/2.3/paranamer-2.3.jar:/home/runner/.m2/repository/org/apache/hadoop/hadoop-annotations/3.3.6/hadoop-annotations-3.3.6.jar:/usr/lib/jvm/temurin-8-jdk-amd64/jre/../lib/tools.jar:/home/runner/.m2/repository/io/netty/netty/3.10.6.Final/netty-3.10.6.Final.jar:/home/runner/.m2/repository/org/apache/hadoop/hadoop-distcp/3.3.6/hadoop-distcp-3.3.6-tests.jar:/home/runner/.m2/repository/org/slf4j/jul-to-slf4j/1.7.36/jul-to-slf4j-1.7.36.jar:"/>
    <property name="java.vm.vendor" value="Temurin"/>
    <property name="sun.arch.data.model" value="64"/>
    <property name="test.build.dir" value="/home/runner/work/ozone/ozone/hadoop-ozone/integration-test/target/test-dir"/>
    <property name="test.cache.data" value=""/>
    <property name="java.vendor.url" value="https://adoptium.net/"/>
    <property name="user.timezone" value="Etc/UTC"/>
    <property name="java.vm.specification.version" value="1.8"/>
    <property name="os.name" value="Linux"/>
    <property name="test.build.data" value="/home/runner/work/ozone/ozone/hadoop-ozone/integration-test/target/test-dir"/>
    <property name="sun.java.launcher" value="SUN_STANDARD"/>
    <property name="sun.boot.library.path" value="/usr/lib/jvm/temurin-8-jdk-amd64/jre/lib/amd64"/>
    <property name="sun.java.command" value="/home/runner/work/ozone/ozone/hadoop-ozone/integration-test/target/surefire/surefirebooter6212625777040768781.jar /home/runner/work/ozone/ozone/hadoop-ozone/integration-test/target/surefire 2023-08-29T18-23-23_438-jvmRun1 surefire329259225553332506tmp surefire_217108272989645881377tmp"/>
    <property name="native.lib.tmp.dir" value="/tmp"/>
    <property name="surefire.test.class.path" value="/home/runner/work/ozone/ozone/hadoop-ozone/integration-test/target/test-classes:/home/runner/work/ozone/ozone/hadoop-ozone/integration-test/target/classes:/home/runner/.m2/repository/org/apache/ozone/ozone-common/1.4.0-SNAPSHOT/ozone-common-1.4.0-SNAPSHOT.jar:/home/runner/.m2/repository/io/grpc/grpc-netty/1.51.1/grpc-netty-1.51.1.jar:/home/runner/.m2/repository/io/grpc/grpc-core/1.51.1/grpc-core-1.51.1.jar:/home/runner/.m2/repository/com/google/android/annotations/4.1.1.4/annotations-4.1.1.4.jar:/home/runner/.m2/repository/org/codehaus/mojo/animal-sniffer-annotations/1.21/animal-sniffer-annotations-1.21.jar:/home/runner/.m2/repository/com/google/errorprone/error_prone_annotations/2.2.0/error_prone_annotations-2.2.0.jar:/home/runner/.m2/repository/io/perfmark/perfmark-api/0.25.0/perfmark-api-0.25.0.jar:/home/runner/.m2/repository/io/netty/netty-codec-http2/4.1.94.Final/netty-codec-http2-4.1.94.Final.jar:/home/runner/.m2/repository/io/netty/netty-common/4.1.94.Final/netty-common-4.1.94.Final.jar:/home/runner/.m2/repository/io/netty/netty-buffer/4.1.94.Final/netty-buffer-4.1.94.Final.jar:/home/runner/.m2/repository/io/netty/netty-codec-http/4.1.94.Final/netty-codec-http-4.1.94.Final.jar:/home/runner/.m2/repository/io/netty/netty-handler-proxy/4.1.94.Final/netty-handler-proxy-4.1.94.Final.jar:/home/runner/.m2/repository/io/netty/netty-codec-socks/4.1.94.Final/netty-codec-socks-4.1.94.Final.jar:/home/runner/.m2/repository/io/netty/netty-tcnative-boringssl-static/2.0.61.Final/netty-tcnative-boringssl-static-2.0.61.Final.jar:/home/runner/.m2/repository/io/netty/netty-tcnative-classes/2.0.61.Final/netty-tcnative-classes-2.0.61.Final.jar:/home/runner/.m2/repository/io/netty/netty-tcnative-boringssl-static/2.0.61.Final/netty-tcnative-boringssl-static-2.0.61.Final-linux-x86_64.jar:/home/runner/.m2/repository/io/netty/netty-tcnative-boringssl-static/2.0.61.Final/netty-tcnative-boringssl-static-2.0.61.Final-linux-aarch_64.jar:/home/runner/.m2/repository/io/netty/netty-tcnative-boringssl-static/2.0.61.Final/netty-tcnative-boringssl-static-2.0.61.Final-osx-x86_64.jar:/home/runner/.m2/repository/io/netty/netty-tcnative-boringssl-static/2.0.61.Final/netty-tcnative-boringssl-static-2.0.61.Final-osx-aarch_64.jar:/home/runner/.m2/repository/io/netty/netty-tcnative-boringssl-static/2.0.61.Final/netty-tcnative-boringssl-static-2.0.61.Final-windows-x86_64.jar:/home/runner/.m2/repository/org/apache/commons/commons-compress/1.21/commons-compress-1.21.jar:/home/runner/.m2/repository/org/apache/ozone/hdds-common/1.4.0-SNAPSHOT/hdds-common-1.4.0-SNAPSHOT.jar:/home/runner/.m2/repository/org/apache/ozone/hdds-client/1.4.0-SNAPSHOT/hdds-client-1.4.0-SNAPSHOT.jar:/home/runner/.m2/repository/org/apache/ozone/ozone-interface-client/1.4.0-SNAPSHOT/ozone-interface-client-1.4.0-SNAPSHOT.jar:/home/runner/.m2/repository/org/apache/hadoop/hadoop-hdfs-client/3.3.6/hadoop-hdfs-client-3.3.6.jar:/home/runner/.m2/repository/com/squareup/okhttp3/okhttp/4.9.3/okhttp-4.9.3.jar:/home/runner/.m2/repository/com/squareup/okio/okio/3.4.0/okio-3.4.0.jar:/home/runner/.m2/repository/com/squareup/okio/okio-jvm/3.4.0/okio-jvm-3.4.0.jar:/home/runner/.m2/repository/org/jetbrains/kotlin/kotlin-stdlib-jdk8/1.8.0/kotlin-stdlib-jdk8-1.8.0.jar:/home/runner/.m2/repository/org/jetbrains/kotlin/kotlin-stdlib-jdk7/1.8.0/kotlin-stdlib-jdk7-1.8.0.jar:/home/runner/.m2/repository/org/jetbrains/kotlin/kotlin-stdlib-common/1.6.21/kotlin-stdlib-common-1.6.21.jar:/home/runner/.m2/repository/org/apache/ozone/hdds-test-utils/1.4.0-SNAPSHOT/hdds-test-utils-1.4.0-SNAPSHOT.jar:/home/runner/.m2/repository/com/google/guava/guava/32.0.0-jre/guava-32.0.0-jre.jar:/home/runner/.m2/repository/com/google/guava/failureaccess/1.0.1/failureaccess-1.0.1.jar:/home/runner/.m2/repository/com/google/guava/listenablefuture/9999.0-empty-to-avoid-conflict-with-guava/listenablefuture-9999.0-empty-to-avoid-conflict-with-guava.jar:/home/runner/.m2/repository/com/google/code/findbugs/jsr305/3.0.0/jsr305-3.0.0.jar:/home/runner/.m2/repository/org/checkerframework/checker-qual/3.33.0/checker-qual-3.33.0.jar:/home/runner/.m2/repository/com/google/j2objc/j2objc-annotations/2.8/j2objc-annotations-2.8.jar:/home/runner/.m2/repository/commons-io/commons-io/2.11.0/commons-io-2.11.0.jar:/home/runner/.m2/repository/commons-logging/commons-logging/1.2/commons-logging-1.2.jar:/home/runner/.m2/repository/ch/qos/reload4j/reload4j/1.2.22/reload4j-1.2.22.jar:/home/runner/.m2/repository/org/slf4j/slf4j-api/1.7.36/slf4j-api-1.7.36.jar:/home/runner/.m2/repository/org/apache/logging/log4j/log4j-api/2.17.1/log4j-api-2.17.1.jar:/home/runner/.m2/repository/org/apache/ozone/hdds-server-scm/1.4.0-SNAPSHOT/hdds-server-scm-1.4.0-SNAPSHOT.jar:/home/runner/.m2/repository/org/apache/ozone/hdds-container-service/1.4.0-SNAPSHOT/hdds-container-service-1.4.0-SNAPSHOT.jar:/home/runner/.m2/repository/org/apache/ozone/hdds-hadoop-dependency-server/1.4.0-SNAPSHOT/hdds-hadoop-dependency-server-1.4.0-SNAPSHOT.jar:/home/runner/.m2/repository/org/apache/hadoop/hadoop-hdfs/3.3.6/hadoop-hdfs-3.3.6.jar:/home/runner/.m2/repository/commons-daemon/commons-daemon/1.0.13/commons-daemon-1.0.13.jar:/home/runner/.m2/repository/org/apache/ozone/hdds-server-framework/1.4.0-SNAPSHOT/hdds-server-framework-1.4.0-SNAPSHOT.jar:/home/runner/.m2/repository/io/dropwizard/metrics/metrics-core/3.2.4/metrics-core-3.2.4.jar:/home/runner/.m2/repository/org/apache/commons/commons-text/1.10.0/commons-text-1.10.0.jar:/home/runner/.m2/repository/org/bouncycastle/bcprov-jdk15on/1.67/bcprov-jdk15on-1.67.jar:/home/runner/.m2/repository/com/google/protobuf/protobuf-java/2.5.0/protobuf-java-2.5.0.jar:/home/runner/.m2/repository/org/apache/ozone/hdds-server-framework/1.4.0-SNAPSHOT/hdds-server-framework-1.4.0-SNAPSHOT-tests.jar:/home/runner/.m2/repository/org/apache/ozone/hdds-interface-server/1.4.0-SNAPSHOT/hdds-interface-server-1.4.0-SNAPSHOT.jar:/home/runner/.m2/repository/org/apache/ozone/hdds-interface-admin/1.4.0-SNAPSHOT/hdds-interface-admin-1.4.0-SNAPSHOT.jar:/home/runner/.m2/repository/org/apache/ozone/hdds-managed-rocksdb/1.4.0-SNAPSHOT/hdds-managed-rocksdb-1.4.0-SNAPSHOT.jar:/home/runner/.m2/repository/org/rocksdb/rocksdbjni/7.7.3/rocksdbjni-7.7.3.jar:/home/runner/.m2/repository/org/slf4j/slf4j-reload4j/1.7.36/slf4j-reload4j-1.7.36.jar:/home/runner/.m2/repository/org/apache/commons/commons-configuration2/2.1.1/commons-configuration2-2.1.1.jar:/home/runner/.m2/repository/commons-fileupload/commons-fileupload/1.5/commons-fileupload-1.5.jar:/home/runner/.m2/repository/org/apache/logging/log4j/log4j-core/2.17.1/log4j-core-2.17.1.jar:/home/runner/.m2/repository/com/lmax/disruptor/3.4.2/disruptor-3.4.2.jar:/home/runner/.m2/repository/org/eclipse/jetty/jetty-util/9.4.51.v20230217/jetty-util-9.4.51.v20230217.jar:/home/runner/.m2/repository/org/eclipse/jetty/jetty-server/9.4.51.v20230217/jetty-server-9.4.51.v20230217.jar:/home/runner/.m2/repository/org/eclipse/jetty/jetty-http/9.4.51.v20230217/jetty-http-9.4.51.v20230217.jar:/home/runner/.m2/repository/org/eclipse/jetty/jetty-io/9.4.51.v20230217/jetty-io-9.4.51.v20230217.jar:/home/runner/.m2/repository/org/eclipse/jetty/jetty-servlet/9.4.51.v20230217/jetty-servlet-9.4.51.v20230217.jar:/home/runner/.m2/repository/org/eclipse/jetty/jetty-security/9.4.51.v20230217/jetty-security-9.4.51.v20230217.jar:/home/runner/.m2/repository/org/eclipse/jetty/jetty-util-ajax/9.4.51.v20230217/jetty-util-ajax-9.4.51.v20230217.jar:/home/runner/.m2/repository/org/eclipse/jetty/jetty-webapp/9.4.51.v20230217/jetty-webapp-9.4.51.v20230217.jar:/home/runner/.m2/repository/org/eclipse/jetty/jetty-xml/9.4.51.v20230217/jetty-xml-9.4.51.v20230217.jar:/home/runner/.m2/repository/org/apache/ratis/ratis-server/2.5.1/ratis-server-2.5.1.jar:/home/runner/.m2/repository/org/apache/ratis/ratis-thirdparty-misc/1.0.4/ratis-thirdparty-misc-1.0.4.jar:/home/runner/.m2/repository/org/apache/ratis/ratis-proto/2.5.1/ratis-proto-2.5.1.jar:/home/runner/.m2/repository/org/apache/ratis/ratis-common/2.5.1/ratis-common-2.5.1.jar:/home/runner/.m2/repository/org/apache/ratis/ratis-client/2.5.1/ratis-client-2.5.1.jar:/home/runner/.m2/repository/org/apache/ratis/ratis-server-api/2.5.1/ratis-server-api-2.5.1.jar:/home/runner/.m2/repository/org/apache/ratis/ratis-metrics/2.5.1/ratis-metrics-2.5.1.jar:/home/runner/.m2/repository/io/prometheus/simpleclient_dropwizard/0.7.0/simpleclient_dropwizard-0.7.0.jar:/home/runner/.m2/repository/io/prometheus/simpleclient/0.7.0/simpleclient-0.7.0.jar:/home/runner/.m2/repository/io/prometheus/simpleclient_common/0.7.0/simpleclient_common-0.7.0.jar:/home/runner/.m2/repository/com/fasterxml/jackson/datatype/jackson-datatype-jsr310/2.13.4/jackson-datatype-jsr310-2.13.4.jar:/home/runner/.m2/repository/com/fasterxml/jackson/core/jackson-core/2.13.4/jackson-core-2.13.4.jar:/home/runner/.m2/repository/com/github/spotbugs/spotbugs-annotations/3.1.12/spotbugs-annotations-3.1.12.jar:/home/runner/.m2/repository/org/apache/ozone/rocksdb-checkpoint-differ/1.4.0-SNAPSHOT/rocksdb-checkpoint-differ-1.4.0-SNAPSHOT.jar:/home/runner/.m2/repository/org/jgrapht/jgrapht-core/1.0.1/jgrapht-core-1.0.1.jar:/home/runner/.m2/repository/org/jgrapht/jgrapht-ext/1.0.1/jgrapht-ext-1.0.1.jar:/home/runner/.m2/repository/org/tinyjee/jgraphx/jgraphx/2.0.0.1/jgraphx-2.0.0.1.jar:/home/runner/.m2/repository/jgraph/jgraph/5.13.0.0/jgraph-5.13.0.0.jar:/home/runner/.m2/repository/org/antlr/antlr4-runtime/4.5.3/antlr4-runtime-4.5.3.jar:/home/runner/.m2/repository/org/awaitility/awaitility/4.2.0/awaitility-4.2.0.jar:/home/runner/.m2/repository/org/hamcrest/hamcrest/2.1/hamcrest-2.1.jar:/home/runner/.m2/repository/org/apache/ozone/ozone-manager/1.4.0-SNAPSHOT/ozone-manager-1.4.0-SNAPSHOT.jar:/home/runner/.m2/repository/org/aspectj/aspectjrt/1.9.7/aspectjrt-1.9.7.jar:/home/runner/.m2/repository/org/aspectj/aspectjweaver/1.9.7/aspectjweaver-1.9.7.jar:/home/runner/.m2/repository/org/apache/ozone/hdds-interface-client/1.4.0-SNAPSHOT/hdds-interface-client-1.4.0-SNAPSHOT.jar:/home/runner/.m2/repository/org/apache/hadoop/thirdparty/hadoop-shaded-protobuf_3_7/1.1.1/hadoop-shaded-protobuf_3_7-1.1.1.jar:/home/runner/.m2/repository/org/apache/ozone/ozone-interface-storage/1.4.0-SNAPSHOT/ozone-interface-storage-1.4.0-SNAPSHOT.jar:/home/runner/.m2/repository/org/reflections/reflections/0.9.11/reflections-0.9.11.jar:/home/runner/.m2/repository/com/sun/jersey/jersey-client/1.19/jersey-client-1.19.jar:/home/runner/.m2/repository/org/codehaus/jackson/jackson-core-asl/1.9.13/jackson-core-asl-1.9.13.jar:/home/runner/.m2/repository/org/codehaus/jackson/jackson-mapper-asl/1.9.13/jackson-mapper-asl-1.9.13.jar:/home/runner/.m2/repository/org/codehaus/jackson/jackson-jaxrs/1.9.13/jackson-jaxrs-1.9.13.jar:/home/runner/.m2/repository/org/apache/ranger/ranger-intg/2.3.0/ranger-intg-2.3.0.jar:/home/runner/.m2/repository/org/apache/ranger/ranger-plugins-common/2.3.0/ranger-plugins-common-2.3.0.jar:/home/runner/.m2/repository/commons-lang/commons-lang/2.6/commons-lang-2.6.jar:/home/runner/.m2/repository/org/apache/ranger/ranger-plugins-cred/2.3.0/ranger-plugins-cred-2.3.0.jar:/home/runner/.m2/repository/org/apache/ranger/ranger-plugins-audit/2.3.0/ranger-plugins-audit-2.3.0.jar:/home/runner/.m2/repository/org/eclipse/jetty/jetty-client/9.4.51.v20230217/jetty-client-9.4.51.v20230217.jar:/home/runner/.m2/repository/org/apache/httpcomponents/httpmime/4.5.6/httpmime-4.5.6.jar:/home/runner/.m2/repository/org/apache/httpcomponents/httpcore-nio/4.4.13/httpcore-nio-4.4.13.jar:/home/runner/.m2/repository/org/apache/httpcomponents/httpasyncclient/4.1.3/httpasyncclient-4.1.3.jar:/home/runner/.m2/repository/com/carrotsearch/hppc/0.8.0/hppc-0.8.0.jar:/home/runner/.m2/repository/org/apache/orc/orc-core/1.5.8/orc-core-1.5.8.jar:/home/runner/.m2/repository/net/java/dev/jna/jna/5.2.0/jna-5.2.0.jar:/home/runner/.m2/repository/net/java/dev/jna/jna-platform/5.2.0/jna-platform-5.2.0.jar:/home/runner/.m2/repository/com/kstruct/gethostname4j/0.0.2/gethostname4j-0.0.2.jar:/home/runner/.m2/repository/org/apache/ranger/ranger-plugin-classloader/2.3.0/ranger-plugin-classloader-2.3.0.jar:/home/runner/.m2/repository/org/apache/ozone/hdds-rocks-native/1.4.0-SNAPSHOT/hdds-rocks-native-1.4.0-SNAPSHOT.jar:/home/runner/.m2/repository/org/apache/hadoop/hadoop-minikdc/3.3.6/hadoop-minikdc-3.3.6.jar:/home/runner/.m2/repository/org/apache/kerby/kerb-simplekdc/1.0.1/kerb-simplekdc-1.0.1.jar:/home/runner/.m2/repository/org/apache/kerby/kerb-client/1.0.1/kerb-client-1.0.1.jar:/home/runner/.m2/repository/org/apache/kerby/kerby-config/1.0.1/kerby-config-1.0.1.jar:/home/runner/.m2/repository/org/apache/kerby/kerb-common/1.0.1/kerb-common-1.0.1.jar:/home/runner/.m2/repository/org/apache/kerby/kerb-crypto/1.0.1/kerb-crypto-1.0.1.jar:/home/runner/.m2/repository/org/apache/kerby/kerb-util/1.0.1/kerb-util-1.0.1.jar:/home/runner/.m2/repository/org/apache/kerby/token-provider/1.0.1/token-provider-1.0.1.jar:/home/runner/.m2/repository/org/apache/kerby/kerb-admin/1.0.1/kerb-admin-1.0.1.jar:/home/runner/.m2/repository/org/apache/kerby/kerb-server/1.0.1/kerb-server-1.0.1.jar:/home/runner/.m2/repository/org/apache/kerby/kerb-identity/1.0.1/kerb-identity-1.0.1.jar:/home/runner/.m2/repository/org/apache/kerby/kerby-xdr/1.0.1/kerby-xdr-1.0.1.jar:/home/runner/.m2/repository/org/apache/ozone/ozone-s3gateway/1.4.0-SNAPSHOT/ozone-s3gateway-1.4.0-SNAPSHOT.jar:/home/runner/.m2/repository/org/javassist/javassist/3.21.0-GA/javassist-3.21.0-GA.jar:/home/runner/.m2/repository/org/jboss/weld/servlet/weld-servlet-shaded/3.1.9.Final/weld-servlet-shaded-3.1.9.Final.jar:/home/runner/.m2/repository/org/glassfish/jersey/containers/jersey-container-servlet-core/2.34/jersey-container-servlet-core-2.34.jar:/home/runner/.m2/repository/org/glassfish/hk2/external/jakarta.inject/2.6.1/jakarta.inject-2.6.1.jar:/home/runner/.m2/repository/org/glassfish/jersey/core/jersey-common/2.34/jersey-common-2.34.jar:/home/runner/.m2/repository/jakarta/ws/rs/jakarta.ws.rs-api/2.1.6/jakarta.ws.rs-api-2.1.6.jar:/home/runner/.m2/repository/org/glassfish/jersey/ext/cdi/jersey-cdi1x/2.34/jersey-cdi1x-2.34.jar:/home/runner/.m2/repository/org/glassfish/jersey/inject/jersey-hk2/2.34/jersey-hk2-2.34.jar:/home/runner/.m2/repository/org/glassfish/hk2/hk2-locator/2.6.1/hk2-locator-2.6.1.jar:/home/runner/.m2/repository/org/glassfish/jersey/media/jersey-media-jaxb/2.34/jersey-media-jaxb-2.34.jar:/home/runner/.m2/repository/org/glassfish/hk2/osgi-resource-locator/1.0.3/osgi-resource-locator-1.0.3.jar:/home/runner/.m2/repository/org/glassfish/hk2/hk2-api/2.5.0/hk2-api-2.5.0.jar:/home/runner/.m2/repository/org/glassfish/hk2/hk2-utils/2.5.0/hk2-utils-2.5.0.jar:/home/runner/.m2/repository/org/glassfish/hk2/external/aopalliance-repackaged/2.5.0/aopalliance-repackaged-2.5.0.jar:/home/runner/.m2/repository/com/fasterxml/jackson/dataformat/jackson-dataformat-xml/2.13.4/jackson-dataformat-xml-2.13.4.jar:/home/runner/.m2/repository/org/codehaus/woodstox/stax2-api/4.2.1/stax2-api-4.2.1.jar:/home/runner/.m2/repository/com/fasterxml/woodstox/woodstox-core/5.4.0/woodstox-core-5.4.0.jar:/home/runner/.m2/repository/com/fasterxml/jackson/module/jackson-module-jaxb-annotations/2.13.4/jackson-module-jaxb-annotations-2.13.4.jar:/home/runner/.m2/repository/jakarta/xml/bind/jakarta.xml.bind-api/2.3.3/jakarta.xml.bind-api-2.3.3.jar:/home/runner/.m2/repository/jakarta/activation/jakarta.activation-api/1.2.2/jakarta.activation-api-1.2.2.jar:/home/runner/.m2/repository/javax/enterprise/cdi-api/2.0/cdi-api-2.0.jar:/home/runner/.m2/repository/javax/el/javax.el-api/3.0.0/javax.el-api-3.0.0.jar:/home/runner/.m2/repository/javax/interceptor/javax.interceptor-api/1.2/javax.interceptor-api-1.2.jar:/home/runner/.m2/repository/javax/inject/javax.inject/1/javax.inject-1.jar:/home/runner/.m2/repository/javax/xml/bind/jaxb-api/2.3.0/jaxb-api-2.3.0.jar:/home/runner/.m2/repository/org/glassfish/jaxb/jaxb-runtime/2.3.0.1/jaxb-runtime-2.3.0.1.jar:/home/runner/.m2/repository/org/glassfish/jaxb/jaxb-core/2.3.0.1/jaxb-core-2.3.0.1.jar:/home/runner/.m2/repository/org/glassfish/jaxb/txw2/2.3.0.1/txw2-2.3.0.1.jar:/home/runner/.m2/repository/com/sun/istack/istack-commons-runtime/3.0.5/istack-commons-runtime-3.0.5.jar:/home/runner/.m2/repository/org/jvnet/staxex/stax-ex/1.7.8/stax-ex-1.7.8.jar:/home/runner/.m2/repository/com/sun/xml/fastinfoset/FastInfoset/1.2.13/FastInfoset-1.2.13.jar:/home/runner/.m2/repository/javax/activation/activation/1.1.1/activation-1.1.1.jar:/home/runner/.m2/repository/io/grpc/grpc-protobuf/1.51.1/grpc-protobuf-1.51.1.jar:/home/runner/.m2/repository/com/google/api/grpc/proto-google-common-protos/2.9.0/proto-google-common-protos-2.9.0.jar:/home/runner/.m2/repository/io/grpc/grpc-protobuf-lite/1.51.1/grpc-protobuf-lite-1.51.1.jar:/home/runner/.m2/repository/io/grpc/grpc-stub/1.51.1/grpc-stub-1.51.1.jar:/home/runner/.m2/repository/io/netty/netty-transport/4.1.94.Final/netty-transport-4.1.94.Final.jar:/home/runner/.m2/repository/io/netty/netty-resolver/4.1.94.Final/netty-resolver-4.1.94.Final.jar:/home/runner/.m2/repository/org/apache/ozone/ozone-csi/1.4.0-SNAPSHOT/ozone-csi-1.4.0-SNAPSHOT.jar:/home/runner/.m2/repository/com/google/protobuf/protobuf-java-util/3.19.6/protobuf-java-util-3.19.6.jar:/home/runner/.m2/repository/com/google/code/gson/gson/2.9.0/gson-2.9.0.jar:/home/runner/.m2/repository/org/apache/ozone/hdds-config/1.4.0-SNAPSHOT/hdds-config-1.4.0-SNAPSHOT.jar:/home/runner/.m2/repository/io/netty/netty-transport-native-epoll/4.1.94.Final/netty-transport-native-epoll-4.1.94.Final-linux-x86_64.jar:/home/runner/.m2/repository/io/netty/netty-transport-classes-epoll/4.1.94.Final/netty-transport-classes-epoll-4.1.94.Final.jar:/home/runner/.m2/repository/io/netty/netty-transport-native-unix-common/4.1.94.Final/netty-transport-native-unix-common-4.1.94.Final.jar:/home/runner/.m2/repository/org/apache/ozone/ozone-recon/1.4.0-SNAPSHOT/ozone-recon-1.4.0-SNAPSHOT.jar:/home/runner/.m2/repository/org/apache/ozone/ozone-reconcodegen/1.4.0-SNAPSHOT/ozone-reconcodegen-1.4.0-SNAPSHOT.jar:/home/runner/.m2/repository/com/google/inject/guice/5.1.0/guice-5.1.0.jar:/home/runner/.m2/repository/aopalliance/aopalliance/1.0/aopalliance-1.0.jar:/home/runner/.m2/repository/com/google/inject/extensions/guice-assistedinject/5.1.0/guice-assistedinject-5.1.0.jar:/home/runner/.m2/repository/com/google/inject/extensions/guice-servlet/5.1.0/guice-servlet-5.1.0.jar:/home/runner/.m2/repository/org/glassfish/jersey/containers/jersey-container-servlet/2.34/jersey-container-servlet-2.34.jar:/home/runner/.m2/repository/org/glassfish/hk2/guice-bridge/2.5.0/guice-bridge-2.5.0.jar:/home/runner/.m2/repository/org/glassfish/jersey/core/jersey-server/2.34/jersey-server-2.34.jar:/home/runner/.m2/repository/org/glassfish/jersey/core/jersey-client/2.34/jersey-client-2.34.jar:/home/runner/.m2/repository/jakarta/annotation/jakarta.annotation-api/1.3.5/jakarta.annotation-api-1.3.5.jar:/home/runner/.m2/repository/jakarta/validation/jakarta.validation-api/2.0.2/jakarta.validation-api-2.0.2.jar:/home/runner/.m2/repository/org/glassfish/jersey/media/jersey-media-json-jackson/2.34/jersey-media-json-jackson-2.34.jar:/home/runner/.m2/repository/org/glassfish/jersey/ext/jersey-entity-filtering/2.34/jersey-entity-filtering-2.34.jar:/home/runner/.m2/repository/org/jooq/jooq/3.11.10/jooq-3.11.10.jar:/home/runner/.m2/repository/org/jooq/jooq-meta/3.11.10/jooq-meta-3.11.10.jar:/home/runner/.m2/repository/org/jooq/jooq-codegen/3.11.10/jooq-codegen-3.11.10.jar:/home/runner/.m2/repository/com/jolbox/bonecp/0.8.0.RELEASE/bonecp-0.8.0.RELEASE.jar:/home/runner/.m2/repository/org/apache/derby/derby/10.14.2.0/derby-10.14.2.0.jar:/home/runner/.m2/repository/org/xerial/sqlite-jdbc/3.41.2.2/sqlite-jdbc-3.41.2.2.jar:/home/runner/.m2/repository/org/springframework/spring-jdbc/5.3.27/spring-jdbc-5.3.27.jar:/home/runner/.m2/repository/org/springframework/spring-beans/5.3.27/spring-beans-5.3.27.jar:/home/runner/.m2/repository/org/springframework/spring-core/5.3.27/spring-core-5.3.27.jar:/home/runner/.m2/repository/org/springframework/spring-tx/5.3.27/spring-tx-5.3.27.jar:/home/runner/.m2/repository/org/apache/ozone/ozone-client/1.4.0-SNAPSHOT/ozone-client-1.4.0-SNAPSHOT.jar:/home/runner/.m2/repository/org/apache/ozone/hdds-erasurecode/1.4.0-SNAPSHOT/hdds-erasurecode-1.4.0-SNAPSHOT.jar:/home/runner/.m2/repository/org/apache/ozone/ozone-filesystem/1.4.0-SNAPSHOT/ozone-filesystem-1.4.0-SNAPSHOT.jar:/home/runner/.m2/repository/org/apache/ozone/ozone-filesystem-common/1.4.0-SNAPSHOT/ozone-filesystem-common-1.4.0-SNAPSHOT.jar:/home/runner/.m2/repository/org/apache/ozone/ozone-tools/1.4.0-SNAPSHOT/ozone-tools-1.4.0-SNAPSHOT.jar:/home/runner/.m2/repository/com/amazonaws/aws-java-sdk-core/1.12.261/aws-java-sdk-core-1.12.261.jar:/home/runner/.m2/repository/org/apache/httpcomponents/httpclient/4.5.13/httpclient-4.5.13.jar:/home/runner/.m2/repository/org/apache/httpcomponents/httpcore/4.4.13/httpcore-4.4.13.jar:/home/runner/.m2/repository/software/amazon/ion/ion-java/1.0.2/ion-java-1.0.2.jar:/home/runner/.m2/repository/com/fasterxml/jackson/dataformat/jackson-dataformat-cbor/2.13.4/jackson-dataformat-cbor-2.13.4.jar:/home/runner/.m2/repository/joda-time/joda-time/2.10.6/joda-time-2.10.6.jar:/home/runner/.m2/repository/com/amazonaws/aws-java-sdk-s3/1.12.261/aws-java-sdk-s3-1.12.261.jar:/home/runner/.m2/repository/com/amazonaws/aws-java-sdk-kms/1.12.261/aws-java-sdk-kms-1.12.261.jar:/home/runner/.m2/repository/com/amazonaws/jmespath-java/1.12.261/jmespath-java-1.12.261.jar:/home/runner/.m2/repository/org/kohsuke/metainf-services/metainf-services/1.8/metainf-services-1.8.jar:/home/runner/.m2/repository/org/apache/ozone/hdds-tools/1.4.0-SNAPSHOT/hdds-tools-1.4.0-SNAPSHOT.jar:/home/runner/.m2/repository/org/apache/ratis/ratis-tools/2.5.1/ratis-tools-2.5.1.jar:/home/runner/.m2/repository/commons-cli/commons-cli/1.2/commons-cli-1.2.jar:/home/runner/.m2/repository/org/apache/commons/commons-lang3/3.7/commons-lang3-3.7.jar:/home/runner/.m2/repository/org/apache/ozone/ozone-manager/1.4.0-SNAPSHOT/ozone-manager-1.4.0-SNAPSHOT-tests.jar:/home/runner/.m2/repository/org/apache/ozone/hdds-common/1.4.0-SNAPSHOT/hdds-common-1.4.0-SNAPSHOT-tests.jar:/home/runner/.m2/repository/org/apache/ozone/hdds-hadoop-dependency-client/1.4.0-SNAPSHOT/hdds-hadoop-dependency-client-1.4.0-SNAPSHOT.jar:/home/runner/.m2/repository/info/picocli/picocli/4.6.1/picocli-4.6.1.jar:/home/runner/.m2/repository/com/fasterxml/jackson/core/jackson-annotations/2.13.4/jackson-annotations-2.13.4.jar:/home/runner/.m2/repository/org/apache/ozone/hdds-annotation-processing/1.4.0-SNAPSHOT/hdds-annotation-processing-1.4.0-SNAPSHOT.jar:/home/runner/.m2/repository/javax/annotation/javax.annotation-api/1.2/javax.annotation-api-1.2.jar:/home/runner/.m2/repository/org/apache/ratis/ratis-netty/2.5.1/ratis-netty-2.5.1.jar:/home/runner/.m2/repository/org/apache/ratis/ratis-grpc/2.5.1/ratis-grpc-2.5.1.jar:/home/runner/.m2/repository/org/apache/commons/commons-pool2/2.6.0/commons-pool2-2.6.0.jar:/home/runner/.m2/repository/org/bouncycastle/bcpkix-jdk15on/1.67/bcpkix-jdk15on-1.67.jar:/home/runner/.m2/repository/commons-validator/commons-validator/1.6/commons-validator-1.6.jar:/home/runner/.m2/repository/commons-beanutils/commons-beanutils/1.9.4/commons-beanutils-1.9.4.jar:/home/runner/.m2/repository/commons-digester/commons-digester/1.8.1/commons-digester-1.8.1.jar:/home/runner/.m2/repository/commons-collections/commons-collections/3.2.2/commons-collections-3.2.2.jar:/home/runner/.m2/repository/io/jaegertracing/jaeger-client/1.6.0/jaeger-client-1.6.0.jar:/home/runner/.m2/repository/io/jaegertracing/jaeger-thrift/1.6.0/jaeger-thrift-1.6.0.jar:/home/runner/.m2/repository/org/apache/thrift/libthrift/0.14.1/libthrift-0.14.1.jar:/home/runner/.m2/repository/io/jaegertracing/jaeger-core/1.6.0/jaeger-core-1.6.0.jar:/home/runner/.m2/repository/io/jaegertracing/jaeger-tracerresolver/1.6.0/jaeger-tracerresolver-1.6.0.jar:/home/runner/.m2/repository/io/opentracing/contrib/opentracing-tracerresolver/0.1.8/opentracing-tracerresolver-0.1.8.jar:/home/runner/.m2/repository/org/jetbrains/kotlin/kotlin-stdlib/1.6.21/kotlin-stdlib-1.6.21.jar:/home/runner/.m2/repository/org/jetbrains/annotations/13.0/annotations-13.0.jar:/home/runner/.m2/repository/io/opentracing/opentracing-util/0.33.0/opentracing-util-0.33.0.jar:/home/runner/.m2/repository/io/opentracing/opentracing-api/0.33.0/opentracing-api-0.33.0.jar:/home/runner/.m2/repository/io/opentracing/opentracing-noop/0.33.0/opentracing-noop-0.33.0.jar:/home/runner/.m2/repository/org/yaml/snakeyaml/2.0/snakeyaml-2.0.jar:/home/runner/.m2/repository/io/grpc/grpc-api/1.51.1/grpc-api-1.51.1.jar:/home/runner/.m2/repository/io/grpc/grpc-context/1.51.1/grpc-context-1.51.1.jar:/home/runner/.m2/repository/junit/junit/4.13.1/junit-4.13.1.jar:/home/runner/.m2/repository/org/hamcrest/hamcrest-core/1.3/hamcrest-core-1.3.jar:/home/runner/.m2/repository/org/junit/jupiter/junit-jupiter-api/5.8.2/junit-jupiter-api-5.8.2.jar:/home/runner/.m2/repository/org/opentest4j/opentest4j/1.2.0/opentest4j-1.2.0.jar:/home/runner/.m2/repository/org/junit/platform/junit-platform-commons/1.8.2/junit-platform-commons-1.8.2.jar:/home/runner/.m2/repository/org/apiguardian/apiguardian-api/1.1.2/apiguardian-api-1.1.2.jar:/home/runner/.m2/repository/org/junit/jupiter/junit-jupiter-params/5.8.2/junit-jupiter-params-5.8.2.jar:/home/runner/.m2/repository/org/junit/jupiter/junit-jupiter-migrationsupport/5.8.2/junit-jupiter-migrationsupport-5.8.2.jar:/home/runner/.m2/repository/org/junit/jupiter/junit-jupiter-engine/5.8.2/junit-jupiter-engine-5.8.2.jar:/home/runner/.m2/repository/org/junit/platform/junit-platform-engine/1.8.2/junit-platform-engine-1.8.2.jar:/home/runner/.m2/repository/org/junit/vintage/junit-vintage-engine/5.8.2/junit-vintage-engine-5.8.2.jar:/home/runner/.m2/repository/org/junit/platform/junit-platform-launcher/1.8.2/junit-platform-launcher-1.8.2.jar:/home/runner/.m2/repository/org/mockito/mockito-core/3.5.9/mockito-core-3.5.9.jar:/home/runner/.m2/repository/net/bytebuddy/byte-buddy/1.10.13/byte-buddy-1.10.13.jar:/home/runner/.m2/repository/net/bytebuddy/byte-buddy-agent/1.10.13/byte-buddy-agent-1.10.13.jar:/home/runner/.m2/repository/org/objenesis/objenesis/1.0/objenesis-1.0.jar:/home/runner/.m2/repository/org/apache/hadoop/hadoop-kms/3.3.6/hadoop-kms-3.3.6.jar:/home/runner/.m2/repository/org/apache/hadoop/hadoop-auth/3.3.6/hadoop-auth-3.3.6.jar:/home/runner/.m2/repository/com/nimbusds/nimbus-jose-jwt/9.8.1/nimbus-jose-jwt-9.8.1.jar:/home/runner/.m2/repository/com/github/stephenc/jcip/jcip-annotations/1.0-1/jcip-annotations-1.0-1.jar:/home/runner/.m2/repository/org/apache/zookeeper/zookeeper/3.5.6/zookeeper-3.5.6.jar:/home/runner/.m2/repository/org/apache/zookeeper/zookeeper-jute/3.5.6/zookeeper-jute-3.5.6.jar:/home/runner/.m2/repository/org/apache/yetus/audience-annotations/0.5.0/audience-annotations-0.5.0.jar:/home/runner/.m2/repository/org/apache/curator/curator-framework/4.2.0/curator-framework-4.2.0.jar:/home/runner/.m2/repository/org/apache/hadoop/thirdparty/hadoop-shaded-guava/1.1.1/hadoop-shaded-guava-1.1.1.jar:/home/runner/.m2/repository/com/sun/jersey/jersey-core/1.19/jersey-core-1.19.jar:/home/runner/.m2/repository/javax/ws/rs/jsr311-api/1.1.1/jsr311-api-1.1.1.jar:/home/runner/.m2/repository/com/sun/jersey/jersey-server/1.19/jersey-server-1.19.jar:/home/runner/.m2/repository/javax/servlet/javax.servlet-api/3.1.0/javax.servlet-api-3.1.0.jar:/home/runner/.m2/repository/org/apache/hadoop/hadoop-common/3.3.6/hadoop-common-3.3.6.jar:/home/runner/.m2/repository/org/apache/commons/commons-math3/3.1.1/commons-math3-3.1.1.jar:/home/runner/.m2/repository/commons-net/commons-net/3.9.0/commons-net-3.9.0.jar:/home/runner/.m2/repository/com/sun/jersey/jersey-servlet/1.19/jersey-servlet-1.19.jar:/home/runner/.m2/repository/com/github/pjfanning/jersey-json/1.20/jersey-json-1.20.jar:/home/runner/.m2/repository/org/codehaus/jettison/jettison/1.1/jettison-1.1.jar:/home/runner/.m2/repository/com/sun/xml/bind/jaxb-impl/2.2.3-1/jaxb-impl-2.2.3-1.jar:/home/runner/.m2/repository/com/google/re2j/re2j/1.1/re2j-1.1.jar:/home/runner/.m2/repository/com/jcraft/jsch/0.1.54/jsch-0.1.54.jar:/home/runner/.m2/repository/org/apache/curator/curator-client/4.2.0/curator-client-4.2.0.jar:/home/runner/.m2/repository/org/apache/curator/curator-recipes/5.2.0/curator-recipes-5.2.0.jar:/home/runner/.m2/repository/org/apache/kerby/kerb-core/1.0.1/kerb-core-1.0.1.jar:/home/runner/.m2/repository/org/apache/kerby/kerby-pkix/1.0.1/kerby-pkix-1.0.1.jar:/home/runner/.m2/repository/org/apache/kerby/kerby-asn1/1.0.1/kerby-asn1-1.0.1.jar:/home/runner/.m2/repository/org/apache/kerby/kerby-util/1.0.1/kerby-util-1.0.1.jar:/home/runner/.m2/repository/dnsjava/dnsjava/2.1.7/dnsjava-2.1.7.jar:/home/runner/.m2/repository/org/xerial/snappy/snappy-java/1.1.8.2/snappy-java-1.1.8.2.jar:/home/runner/.m2/repository/com/fasterxml/jackson/core/jackson-databind/2.13.4.2/jackson-databind-2.13.4.2.jar:/home/runner/.m2/repository/org/apache/hadoop/hadoop-kms/3.3.6/hadoop-kms-3.3.6-tests.jar:/home/runner/.m2/repository/org/apache/ozone/hdds-server-scm/1.4.0-SNAPSHOT/hdds-server-scm-1.4.0-SNAPSHOT-tests.jar:/home/runner/.m2/repository/org/apache/ozone/hdds-container-service/1.4.0-SNAPSHOT/hdds-container-service-1.4.0-SNAPSHOT-tests.jar:/home/runner/.m2/repository/com/github/luben/zstd-jni/1.5.2-5/zstd-jni-1.5.2-5.jar:/home/runner/.m2/repository/commons-codec/commons-codec/1.15/commons-codec-1.15.jar:/home/runner/.m2/repository/io/netty/netty-codec/4.1.94.Final/netty-codec-4.1.94.Final.jar:/home/runner/.m2/repository/io/netty/netty-handler/4.1.94.Final/netty-handler-4.1.94.Final.jar:/home/runner/.m2/repository/org/apache/ozone/hdds-hadoop-dependency-test/1.4.0-SNAPSHOT/hdds-hadoop-dependency-test-1.4.0-SNAPSHOT.jar:/home/runner/.m2/repository/org/apache/hadoop/hadoop-common/3.3.6/hadoop-common-3.3.6-tests.jar:/home/runner/.m2/repository/org/apache/hadoop/hadoop-hdfs/3.3.6/hadoop-hdfs-3.3.6-tests.jar:/home/runner/.m2/repository/org/assertj/assertj-core/3.12.2/assertj-core-3.12.2.jar:/home/runner/.m2/repository/org/apache/hadoop/hadoop-distcp/3.3.6/hadoop-distcp-3.3.6.jar:/home/runner/.m2/repository/org/apache/hadoop/hadoop-mapreduce-client-jobclient/3.3.6/hadoop-mapreduce-client-jobclient-3.3.6.jar:/home/runner/.m2/repository/org/apache/hadoop/hadoop-mapreduce-client-common/3.3.6/hadoop-mapreduce-client-common-3.3.6.jar:/home/runner/.m2/repository/org/apache/hadoop/hadoop-yarn-common/3.3.6/hadoop-yarn-common-3.3.6.jar:/home/runner/.m2/repository/org/apache/hadoop/hadoop-yarn-api/3.3.6/hadoop-yarn-api-3.3.6.jar:/home/runner/.m2/repository/com/sun/jersey/contribs/jersey-guice/1.19/jersey-guice-1.19.jar:/home/runner/.m2/repository/com/fasterxml/jackson/jaxrs/jackson-jaxrs-json-provider/2.13.4/jackson-jaxrs-json-provider-2.13.4.jar:/home/runner/.m2/repository/com/fasterxml/jackson/jaxrs/jackson-jaxrs-base/2.13.4/jackson-jaxrs-base-2.13.4.jar:/home/runner/.m2/repository/org/apache/hadoop/hadoop-yarn-client/3.3.6/hadoop-yarn-client-3.3.6.jar:/home/runner/.m2/repository/org/eclipse/jetty/websocket/websocket-client/9.4.51.v20230217/websocket-client-9.4.51.v20230217.jar:/home/runner/.m2/repository/org/eclipse/jetty/websocket/websocket-common/9.4.51.v20230217/websocket-common-9.4.51.v20230217.jar:/home/runner/.m2/repository/org/eclipse/jetty/websocket/websocket-api/9.4.51.v20230217/websocket-api-9.4.51.v20230217.jar:/home/runner/.m2/repository/org/jline/jline/3.9.0/jline-3.9.0.jar:/home/runner/.m2/repository/org/apache/hadoop/hadoop-mapreduce-client-core/3.3.6/hadoop-mapreduce-client-core-3.3.6.jar:/home/runner/.m2/repository/org/apache/avro/avro/1.7.7/avro-1.7.7.jar:/home/runner/.m2/repository/com/thoughtworks/paranamer/paranamer/2.3/paranamer-2.3.jar:/home/runner/.m2/repository/org/apache/hadoop/hadoop-annotations/3.3.6/hadoop-annotations-3.3.6.jar:/usr/lib/jvm/temurin-8-jdk-amd64/jre/../lib/tools.jar:/home/runner/.m2/repository/io/netty/netty/3.10.6.Final/netty-3.10.6.Final.jar:/home/runner/.m2/repository/org/apache/hadoop/hadoop-distcp/3.3.6/hadoop-distcp-3.3.6-tests.jar:/home/runner/.m2/repository/org/slf4j/jul-to-slf4j/1.7.36/jul-to-slf4j-1.7.36.jar:"/>
    <property name="sun.cpu.endian" value="little"/>
    <property name="user.home" value="/home/runner"/>
    <property name="user.language" value="en"/>
    <property name="java.specification.vendor" value="Oracle Corporation"/>
    <property name="java.home" value="/usr/lib/jvm/temurin-8-jdk-amd64/jre"/>
    <property name="java.security.krb5.conf" value="/home/runner/work/ozone/ozone/hadoop-ozone/integration-test/target/test-classes/krb5.conf"/>
    <property name="basedir" value="/home/runner/work/ozone/ozone/hadoop-ozone/integration-test"/>
    <property name="file.separator" value="/"/>
    <property name="line.separator" value="&#10;"/>
    <property name="java.vm.specification.vendor" value="Oracle Corporation"/>
    <property name="java.specification.name" value="Java Platform API Specification"/>
    <property name="java.awt.graphicsenv" value="sun.awt.X11GraphicsEnvironment"/>
    <property name="skip.installnpx" value="true"/>
    <property name="surefire.real.class.path" value="/home/runner/work/ozone/ozone/hadoop-ozone/integration-test/target/surefire/surefirebooter6212625777040768781.jar:/home/runner/.m2/repository/org/jacoco/org.jacoco.agent/0.8.5/org.jacoco.agent-0.8.5-runtime.jar"/>
    <property name="hadoop.log.dir" value="/home/runner/work/ozone/ozone/hadoop-ozone/integration-test/target/log"/>
    <property name="sun.boot.class.path" value="/usr/lib/jvm/temurin-8-jdk-amd64/jre/lib/resources.jar:/usr/lib/jvm/temurin-8-jdk-amd64/jre/lib/rt.jar:/usr/lib/jvm/temurin-8-jdk-amd64/jre/lib/sunrsasign.jar:/usr/lib/jvm/temurin-8-jdk-amd64/jre/lib/jsse.jar:/usr/lib/jvm/temurin-8-jdk-amd64/jre/lib/jce.jar:/usr/lib/jvm/temurin-8-jdk-amd64/jre/lib/charsets.jar:/usr/lib/jvm/temurin-8-jdk-amd64/jre/lib/jfr.jar:/usr/lib/jvm/temurin-8-jdk-amd64/jre/classes"/>
    <property name="sun.management.compiler" value="HotSpot 64-Bit Tiered Compilers"/>
    <property name="skip.npx" value="true"/>
    <property name="java.runtime.version" value="1.8.0_382-b05"/>
    <property name="java.net.preferIPv4Stack" value="true"/>
    <property name="user.name" value="runner"/>
    <property name="path.separator" value=":"/>
    <property name="java.security.egd" value="file:///dev/urandom"/>
    <property name="os.version" value="5.15.0-1042-azure"/>
    <property name="java.endorsed.dirs" value="/usr/lib/jvm/temurin-8-jdk-amd64/jre/lib/endorsed"/>
    <property name="java.runtime.name" value="OpenJDK Runtime Environment"/>
    <property name="file.encoding" value="UTF-8"/>
    <property name="java.vm.name" value="OpenJDK 64-Bit Server VM"/>
    <property name="test.build.webapps" value=""/>
    <property name="localRepository" value="/home/runner/.m2/repository"/>
    <property name="jetty.git.hash" value="b45c405e4544384de066f814ed42ae3dceacdd49"/>
    <property name="java.vendor.url.bug" value="https://github.com/adoptium/adoptium-support/issues"/>
    <property name="java.io.tmpdir" value="/tmp"/>
    <property name="require.test.libhadoop" value=""/>
    <property name="java.version" value="1.8.0_382"/>
    <property name="user.dir" value="/home/runner/work/ozone/ozone/hadoop-ozone/integration-test"/>
    <property name="os.arch" value="amd64"/>
    <property name="java.vm.specification.name" value="Java Virtual Machine Specification"/>
    <property name="test.build.classes" value="/home/runner/work/ozone/ozone/hadoop-ozone/integration-test/target/test-classes"/>
    <property name="java.awt.printerjob" value="sun.print.PSPrinterJob"/>
    <property name="sun.os.patch.level" value="unknown"/>
    <property name="org.apache.ratis.thirdparty.io.netty.allocator.useCacheForAllThreads" value="false"/>
    <property name="hadoop.tmp.dir" value="/home/runner/work/ozone/ozone/hadoop-ozone/integration-test/target/tmp"/>
    <property name="java.library.path" value="/usr/java/packages/lib/amd64:/usr/lib64:/lib64:/lib:/usr/lib"/>
    <property name="java.vm.info" value="mixed mode"/>
    <property name="java.vendor" value="Temurin"/>
    <property name="java.vm.version" value="25.382-b05"/>
    <property name="java.specification.maintenance.version" value="5"/>
    <property name="java.ext.dirs" value="/usr/lib/jvm/temurin-8-jdk-amd64/jre/lib/ext:/usr/java/packages/lib/ext"/>
    <property name="sun.io.unicode.encoding" value="UnicodeLittle"/>
    <property name="java.class.version" value="52.0"/>
  </properties>
  <testcase name="testGetTrashRoot" classname="TestOzoneFileSystem" time="22.048">
    <system-out><![CDATA[2023-08-29 18:52:36,886 [main] WARN  server.ServerUtils (ServerUtils.java:getScmDbDir(155)) - ozone.scm.db.dirs is not configured. We recommend adding this setting. Falling back to ozone.metadata.dirs instead.
2023-08-29 18:52:37,203 [main] INFO  reflections.Reflections (Reflections.java:scan(232)) - Reflections took 267 ms to scan 7 urls, producing 161 keys and 379 values 
2023-08-29 18:52:37,349 [main] WARN  server.ServerUtils (ServerUtils.java:getScmDbDir(155)) - ozone.scm.db.dirs is not configured. We recommend adding this setting. Falling back to ozone.metadata.dirs instead.
2023-08-29 18:52:37,352 [main] INFO  ha.SCMHANodeDetails (SCMHANodeDetails.java:loadSCMHAConfig(210)) - ServiceID for StorageContainerManager is null
2023-08-29 18:52:37,358 [main] WARN  ha.SCMHANodeDetails (SCMHANodeDetails.java:validateSCMHAConfig(183)) - Invalid config ozone.scm.ratis.enable. The config was not specified, but the default value true conflicts with the expected config value false. Falling back to the expected value. Current State of SCM: SCM is running in Non-HA without Ratis Ratis SCM -> Non Ratis SCM or Non HA SCM -> HA SCM is not supported
2023-08-29 18:52:37,359 [main] INFO  ha.SCMHANodeDetails (SCMHANodeDetails.java:loadSCMHAConfig(215)) - ozone.scm.default.service.id is not defined, falling back to ozone.scm.service.ids to find serviceID for StorageContainerManager if it is HA enabled cluster
2023-08-29 18:52:37,978 [main] WARN  utils.HAUtils (HAUtils.java:getMetaDir(339)) - ozone.scm.db.dirs is not configured. We recommend adding this setting. Falling back to ozone.metadata.dirs instead.
2023-08-29 18:52:38,116 [main] WARN  db.DBStoreBuilder (DBStoreBuilder.java:applyDBDefinition(166)) - ozone.scm.db.dirs is not configured. We recommend adding this setting. Falling back to ozone.metadata.dirs instead.
2023-08-29 18:52:38,333 [main] INFO  net.NodeSchemaLoader (NodeSchemaLoader.java:loadSchemaFromFile(129)) - Loading schema from [jar:file:/home/runner/.m2/repository/org/apache/ozone/hdds-common/1.4.0-SNAPSHOT/hdds-common-1.4.0-SNAPSHOT.jar!/network-topology-default.xml]
2023-08-29 18:52:38,334 [main] INFO  net.NodeSchemaLoader (NodeSchemaLoader.java:loadSchema(176)) - Loading network topology layer schema file
2023-08-29 18:52:38,376 [main] INFO  metrics.MetricRegistries (MetricRegistriesLoader.java:load(64)) - Loaded MetricRegistries class org.apache.ratis.metrics.impl.MetricRegistriesImpl
2023-08-29 18:52:38,391 [main] INFO  upgrade.AbstractLayoutVersionManager (AbstractLayoutVersionManager.java:init(83)) - Initializing Layout version manager with metadata layout = HADOOP_PRC_PORTS_IN_DATANODEDETAILS (version = 7), software layout = HADOOP_PRC_PORTS_IN_DATANODEDETAILS (version = 7)
2023-08-29 18:52:38,610 [main] INFO  ha.SequenceIdGenerator (SequenceIdGenerator.java:upgradeToSequenceId(365)) - upgrade localId to 111677748019200000
2023-08-29 18:52:38,611 [main] INFO  ha.SequenceIdGenerator (SequenceIdGenerator.java:upgradeToSequenceId(375)) - upgrade delTxnId to 0
2023-08-29 18:52:38,618 [main] INFO  ha.SequenceIdGenerator (SequenceIdGenerator.java:upgradeToSequenceId(392)) - upgrade containerId to 0
2023-08-29 18:52:38,621 [main] INFO  ha.SequenceIdGenerator (SequenceIdGenerator.java:upgradeToSequenceId(428)) - upgrade rootCertificateId to 1
2023-08-29 18:52:38,623 [main] INFO  ha.SequenceIdGenerator (SequenceIdGenerator.java:<init>(236)) - Init the HA SequenceIdGenerator.
2023-08-29 18:52:38,677 [main] WARN  server.ServerUtils (ServerUtils.java:sanitizeUserArgs(80)) - ozone.scm.stale.node.interval value = 300000 is larger than max = 100000 based on the key value of ozone.scm.heartbeat.thread.interval, reset to the max value 100000.
2023-08-29 18:52:38,678 [main] WARN  server.ServerUtils (ServerUtils.java:sanitizeUserArgs(80)) - ozone.scm.stale.node.interval value = 300000 is larger than max = 100000 based on the key value of ozone.scm.heartbeat.thread.interval, reset to the max value 100000.
2023-08-29 18:52:38,685 [main] INFO  node.SCMNodeManager (SCMNodeManager.java:<init>(157)) - Entering startup safe mode.
2023-08-29 18:52:38,703 [main] INFO  algorithms.ContainerPlacementPolicyFactory (ContainerPlacementPolicyFactory.java:getPolicyInternal(86)) - Create container placement policy of type org.apache.hadoop.hdds.scm.container.placement.algorithms.SCMContainerPlacementRackAware
2023-08-29 18:52:38,706 [main] INFO  algorithms.ContainerPlacementPolicyFactory (ContainerPlacementPolicyFactory.java:getPolicyInternal(86)) - Create container placement policy of type org.apache.hadoop.hdds.scm.container.placement.algorithms.SCMContainerPlacementRackScatter
2023-08-29 18:52:38,715 [main] INFO  pipeline.PipelineStateManagerImpl (PipelineStateManagerImpl.java:initialize(78)) - No pipeline exists in current db
2023-08-29 18:52:38,728 [main] INFO  algorithms.LeaderChoosePolicyFactory (LeaderChoosePolicyFactory.java:getPolicy(57)) - Create leader choose policy of type org.apache.hadoop.hdds.scm.pipeline.leader.choose.algorithms.MinLeaderCountChoosePolicy
2023-08-29 18:52:38,728 [main] INFO  algorithms.ContainerPlacementPolicyFactory (ContainerPlacementPolicyFactory.java:getPolicyInternal(86)) - Create container placement policy of type org.apache.hadoop.hdds.scm.container.placement.algorithms.SCMContainerPlacementRackScatter
2023-08-29 18:52:38,735 [main] INFO  ha.SCMServiceManager (SCMServiceManager.java:register(42)) - Registering service BackgroundPipelineCreator.
2023-08-29 18:52:38,735 [main] INFO  pipeline.BackgroundPipelineCreator (BackgroundPipelineCreator.java:start(124)) - Starting RatisPipelineUtilsThread.
2023-08-29 18:52:38,739 [main] INFO  BackgroundPipelineScrubber (BackgroundSCMService.java:start(68)) - Starting BackgroundPipelineScrubber Service.
2023-08-29 18:52:38,740 [main] INFO  ha.SCMServiceManager (SCMServiceManager.java:register(42)) - Registering service BackgroundPipelineScrubber.
2023-08-29 18:52:38,746 [main] INFO  ExpiredContainerReplicaOpScrubber (BackgroundSCMService.java:start(68)) - Starting ExpiredContainerReplicaOpScrubber Service.
2023-08-29 18:52:38,746 [main] INFO  ha.SCMServiceManager (SCMServiceManager.java:register(42)) - Registering service ExpiredContainerReplicaOpScrubber.
2023-08-29 18:52:38,775 [main] INFO  algorithms.PipelineChoosePolicyFactory (PipelineChoosePolicyFactory.java:createPipelineChoosePolicyFromClass(78)) - Create pipeline choose policy of type org.apache.hadoop.hdds.scm.pipeline.choose.algorithms.RandomPipelineChoosePolicy
2023-08-29 18:52:38,776 [main] INFO  algorithms.PipelineChoosePolicyFactory (PipelineChoosePolicyFactory.java:createPipelineChoosePolicyFromClass(78)) - Create pipeline choose policy of type org.apache.hadoop.hdds.scm.pipeline.choose.algorithms.RandomPipelineChoosePolicy
2023-08-29 18:52:38,800 [main] INFO  ha.SCMServiceManager (SCMServiceManager.java:register(42)) - Registering service SCMBlockDeletingService.
2023-08-29 18:52:38,876 [main] INFO  replication.ReplicationManager (ReplicationManager.java:start(291)) - Starting Replication Monitor Thread.
2023-08-29 18:52:38,877 [main] INFO  ha.SCMServiceManager (SCMServiceManager.java:register(42)) - Registering service ReplicationManager.
2023-08-29 18:52:38,884 [ReplicationMonitor] INFO  replication.ReplicationManager (ReplicationManager.java:processAll(365)) - Replication Manager is not ready to run until 3000ms after safemode exit
2023-08-29 18:52:38,889 [main] INFO  safemode.ContainerSafeModeRule (ContainerSafeModeRule.java:<init>(90)) - containers with one replica threshold count 0
2023-08-29 18:52:38,892 [main] INFO  safemode.HealthyPipelineSafeModeRule (HealthyPipelineSafeModeRule.java:initializeRule(169)) - Total pipeline count is 0, healthy pipeline threshold count is 1
2023-08-29 18:52:38,894 [main] INFO  safemode.OneReplicaPipelineSafeModeRule (OneReplicaPipelineSafeModeRule.java:initializeRule(180)) - Total pipeline count is 0, pipeline's with at least one datanode reported threshold count is 0
2023-08-29 18:52:38,945 [main] INFO  server.StorageContainerManager (StorageContainerManager.java:<init>(425)) - SCM start with adminUsers: [runner]
2023-08-29 18:52:39,315 [main] INFO  audit.AuditLogger (AuditLogger.java:refreshDebugCmdSet(126)) - Refresh DebugCmdSet for SCMAudit to [].
2023-08-29 18:52:39,350 [main] INFO  ipc.CallQueueManager (CallQueueManager.java:<init>(90)) - Using callQueue: class java.util.concurrent.LinkedBlockingQueue, queueCapacity: 2000, scheduler: class org.apache.hadoop.ipc.DefaultRpcScheduler, ipcBackoff: false.
2023-08-29 18:52:39,386 [main] INFO  ipc.Server (Server.java:<init>(1287)) - Listener at 0.0.0.0:15002
2023-08-29 18:52:39,399 [Socket Reader #1 for port 15002] INFO  ipc.Server (Server.java:run(1323)) - Starting Socket Reader #1 for port 15002
2023-08-29 18:52:39,449 [main] INFO  audit.AuditLogger (AuditLogger.java:refreshDebugCmdSet(126)) - Refresh DebugCmdSet for SCMAudit to [].
2023-08-29 18:52:39,455 [main] INFO  ipc.CallQueueManager (CallQueueManager.java:<init>(90)) - Using callQueue: class java.util.concurrent.LinkedBlockingQueue, queueCapacity: 2000, scheduler: class org.apache.hadoop.ipc.DefaultRpcScheduler, ipcBackoff: false.
2023-08-29 18:52:39,457 [main] INFO  ipc.Server (Server.java:<init>(1287)) - Listener at 0.0.0.0:15001
2023-08-29 18:52:39,457 [Socket Reader #1 for port 15001] INFO  ipc.Server (Server.java:run(1323)) - Starting Socket Reader #1 for port 15001
2023-08-29 18:52:39,505 [main] INFO  audit.AuditLogger (AuditLogger.java:refreshDebugCmdSet(126)) - Refresh DebugCmdSet for SCMAudit to [].
2023-08-29 18:52:39,515 [main] INFO  ipc.CallQueueManager (CallQueueManager.java:<init>(90)) - Using callQueue: class java.util.concurrent.LinkedBlockingQueue, queueCapacity: 2000, scheduler: class org.apache.hadoop.ipc.DefaultRpcScheduler, ipcBackoff: false.
2023-08-29 18:52:39,515 [main] INFO  ipc.Server (Server.java:<init>(1287)) - Listener at 0.0.0.0:15000
2023-08-29 18:52:39,516 [Socket Reader #1 for port 15000] INFO  ipc.Server (Server.java:run(1323)) - Starting Socket Reader #1 for port 15000
2023-08-29 18:52:39,565 [main] INFO  ha.SCMServiceManager (SCMServiceManager.java:register(42)) - Registering service ContainerBalancer.
2023-08-29 18:52:39,570 [main] INFO  server.StorageContainerManager (StorageContainerManager.java:<init>(438)) - 
Container Balancer status:
Key                            Value
Running                        false
Container Balancer Configuration values:
Key                                                Value
Threshold                                          10
Max Datanodes to Involve per Iteration(percent)    20
Max Size to Move per Iteration                     500GB
Max Size Entering Target per Iteration             26GB
Max Size Leaving Source per Iteration              26GB

2023-08-29 18:52:39,570 [main] INFO  ha.SCMContext (SCMContext.java:updateSafeModeStatus(228)) - Update SafeModeStatus from SafeModeStatus{safeModeStatus=true, preCheckPassed=false} to SafeModeStatus{safeModeStatus=true, preCheckPassed=false}.
2023-08-29 18:52:39,574 [main] INFO  server.StorageContainerManager (StorageContainerManager.java:start(1483)) - StorageContainerLocationProtocol RPC server is listening at /0.0.0.0:15000
2023-08-29 18:52:39,645 [main] WARN  impl.MetricsConfig (MetricsConfig.java:loadFirst(136)) - Cannot locate configuration: tried hadoop-metrics2-storagecontainermanager.properties,hadoop-metrics2.properties
2023-08-29 18:52:39,660 [main] INFO  impl.MetricsSystemImpl (MetricsSystemImpl.java:startTimer(378)) - Scheduled Metric snapshot period at 10 second(s).
2023-08-29 18:52:39,660 [main] INFO  impl.MetricsSystemImpl (MetricsSystemImpl.java:start(191)) - StorageContainerManager metrics system started
2023-08-29 18:52:39,928 [main] INFO  server.SCMClientProtocolServer (SCMClientProtocolServer.java:start(201)) - RPC server for Client  is listening at /0.0.0.0:15000
2023-08-29 18:52:39,929 [IPC Server Responder] INFO  ipc.Server (Server.java:run(1562)) - IPC Server Responder: starting
2023-08-29 18:52:39,930 [IPC Server listener on 15000] INFO  ipc.Server (Server.java:run(1402)) - IPC Server listener on 15000: starting
2023-08-29 18:52:39,950 [main] INFO  server.StorageContainerManager (StorageContainerManager.java:start(1496)) - ScmBlockLocationProtocol RPC server is listening at /0.0.0.0:15001
2023-08-29 18:52:39,951 [main] INFO  server.SCMBlockProtocolServer (SCMBlockProtocolServer.java:start(152)) - RPC server for Block Protocol is listening at /0.0.0.0:15001
2023-08-29 18:52:39,955 [main] INFO  server.SCMDatanodeProtocolServer (SCMDatanodeProtocolServer.java:start(193)) - ScmDatanodeProtocol RPC server for DataNodes is listening at /0.0.0.0:15002
2023-08-29 18:52:39,966 [IPC Server listener on 15001] INFO  ipc.Server (Server.java:run(1402)) - IPC Server listener on 15001: starting
2023-08-29 18:52:39,966 [IPC Server Responder] INFO  ipc.Server (Server.java:run(1562)) - IPC Server Responder: starting
2023-08-29 18:52:39,968 [IPC Server Responder] INFO  ipc.Server (Server.java:run(1562)) - IPC Server Responder: starting
2023-08-29 18:52:39,968 [IPC Server listener on 15002] INFO  ipc.Server (Server.java:run(1402)) - IPC Server listener on 15002: starting
2023-08-29 18:52:39,991 [JvmPauseMonitor0] INFO  util.JvmPauseMonitor (JvmPauseMonitor.java:run(103)) - JvmPauseMonitor-74252084-3c3a-4242-92b6-0450ba989c09: Started
2023-08-29 18:52:39,993 [main] INFO  http.BaseHttpServer (BaseHttpServer.java:newHttpServer2BuilderForOzone(223)) - Starting Web-server for scm at: http://0.0.0.0:15003
2023-08-29 18:52:39,994 [main] INFO  http.BaseHttpServer (BaseHttpServer.java:<init>(110)) - Hadoop Security Enabled: false Ozone Security Enabled: false Ozone HTTP Security Enabled: false 
2023-08-29 18:52:40,016 [main] INFO  util.log (Log.java:initialized(170)) - Logging initialized @4573ms to org.eclipse.jetty.util.log.Slf4jLog
2023-08-29 18:52:40,107 [main] WARN  server.AuthenticationFilter (AuthenticationFilter.java:constructSecretProvider(240)) - Unable to initialize FileSignerSecretProvider, falling back to use random secrets. Reason: Could not read signature secret file: /home/runner/hadoop-http-auth-signature-secret
2023-08-29 18:52:40,112 [main] INFO  http.HttpRequestLog (HttpRequestLog.java:getRequestLog(86)) - Http request log for http.requests.scm is not defined
2023-08-29 18:52:40,118 [main] INFO  http.HttpServer2 (HttpServer2.java:addGlobalFilter(1031)) - Added global filter 'safety' (class=org.apache.hadoop.hdds.server.http.HttpServer2$QuotingInputFilter)
2023-08-29 18:52:40,120 [main] INFO  http.HttpServer2 (HttpServer2.java:addFilter(1007)) - Added filter static_user_filter (class=org.apache.hadoop.http.lib.StaticUserWebFilter$StaticUserFilter) to context scm
2023-08-29 18:52:40,120 [main] INFO  http.HttpServer2 (HttpServer2.java:addFilter(1015)) - Added filter static_user_filter (class=org.apache.hadoop.http.lib.StaticUserWebFilter$StaticUserFilter) to context static
2023-08-29 18:52:40,120 [main] INFO  http.HttpServer2 (HttpServer2.java:addFilter(1015)) - Added filter static_user_filter (class=org.apache.hadoop.http.lib.StaticUserWebFilter$StaticUserFilter) to context logs
2023-08-29 18:52:40,154 [main] INFO  http.BaseHttpServer (BaseHttpServer.java:<init>(189)) - HTTP server of scm uses base directory /home/runner/work/ozone/ozone/hadoop-ozone/integration-test/target/test-dir/MiniOzoneClusterImpl-f4f7c4b3-a6e6-4e2b-8957-3aa4c0e420f5/ozone-meta/webserver
2023-08-29 18:52:40,155 [main] INFO  http.HttpServer2 (HttpServer2.java:bindListener(1231)) - Jetty bound to port 15003
2023-08-29 18:52:40,156 [main] INFO  server.Server (Server.java:doStart(375)) - jetty-9.4.51.v20230217; built: 2023-02-17T08:19:37.309Z; git: b45c405e4544384de066f814ed42ae3dceacdd49; jvm 1.8.0_382-b05
2023-08-29 18:52:40,186 [main] INFO  server.session (DefaultSessionIdManager.java:doStart(334)) - DefaultSessionIdManager workerName=node0
2023-08-29 18:52:40,186 [main] INFO  server.session (DefaultSessionIdManager.java:doStart(339)) - No SessionScavenger set, using defaults
2023-08-29 18:52:40,188 [main] INFO  server.session (HouseKeeper.java:startScavenging(132)) - node0 Scavenging every 600000ms
2023-08-29 18:52:40,204 [main] INFO  handler.ContextHandler (ContextHandler.java:doStart(921)) - Started o.e.j.s.ServletContextHandler@17a756db{logs,/logs,file:///home/runner/work/ozone/ozone/hadoop-ozone/integration-test/target/log,AVAILABLE}
2023-08-29 18:52:40,208 [main] INFO  handler.ContextHandler (ContextHandler.java:doStart(921)) - Started o.e.j.s.ServletContextHandler@20f94e9a{static,/static,file:///home/runner/work/ozone/ozone/hadoop-ozone/integration-test/target/test-classes/webapps/static,AVAILABLE}
2023-08-29 18:52:40,260 [main] INFO  handler.ContextHandler (ContextHandler.java:doStart(921)) - Started o.e.j.w.WebAppContext@7413c41{scm,/,file:///home/runner/work/ozone/ozone/hadoop-ozone/integration-test/target/test-classes/webapps/scm/,AVAILABLE}{file:/home/runner/work/ozone/ozone/hadoop-ozone/integration-test/target/test-classes/webapps/scm}
2023-08-29 18:52:40,268 [main] INFO  server.AbstractConnector (AbstractConnector.java:doStart(333)) - Started ServerConnector@2620264e{HTTP/1.1, (http/1.1)}{0.0.0.0:15003}
2023-08-29 18:52:40,268 [main] INFO  server.Server (Server.java:doStart(415)) - Started @4825ms
2023-08-29 18:52:40,272 [main] INFO  impl.MetricsSinkAdapter (MetricsSinkAdapter.java:start(204)) - Sink prometheus started
2023-08-29 18:52:40,272 [main] INFO  impl.MetricsSystemImpl (MetricsSystemImpl.java:registerSink(305)) - Registered sink prometheus
2023-08-29 18:52:40,273 [main] INFO  http.BaseHttpServer (BaseHttpServer.java:updateConnectorAddress(354)) - HTTP server of scm listening at http://0.0.0.0:15003
2023-08-29 18:52:40,278 [main] WARN  server.ServerUtils (ServerUtils.java:getDBPath(311)) - ozone.om.db.dirs is not configured. We recommend adding this setting. Falling back to ozone.metadata.dirs instead.
2023-08-29 18:52:40,351 [main] INFO  audit.AuditLogger (AuditLogger.java:refreshDebugCmdSet(126)) - Refresh DebugCmdSet for OMAudit to [].
2023-08-29 18:52:40,435 [main] INFO  ha.OMHANodeDetails (OMHANodeDetails.java:loadOMHAConfig(115)) - ozone.om.internal.service.id is not defined, falling back to ozone.om.service.ids to find serviceID for OzoneManager if it is HA enabled cluster
2023-08-29 18:52:40,439 [main] INFO  ha.OMHANodeDetails (OMHANodeDetails.java:loadOMHAConfig(226)) - Configuration does not have ozone.om.address set. Falling back to the default OM address /127.0.0.1:15004
2023-08-29 18:52:40,439 [main] INFO  ha.OMHANodeDetails (OMHANodeDetails.java:getOMNodeDetailsForNonHA(254)) - OM Service ID is not set. Setting it to the default ID: omServiceIdDefault
2023-08-29 18:52:40,440 [main] INFO  ha.OMHANodeDetails (OMHANodeDetails.java:getOMNodeDetailsForNonHA(261)) - OM Node ID is not set. Setting it to the default ID: om1
2023-08-29 18:52:40,444 [main] WARN  server.ServerUtils (ServerUtils.java:getDBPath(311)) - ozone.om.db.dirs is not configured. We recommend adding this setting. Falling back to ozone.metadata.dirs instead.
2023-08-29 18:52:40,448 [main] INFO  upgrade.AbstractLayoutVersionManager (AbstractLayoutVersionManager.java:init(83)) - Initializing Layout version manager with metadata layout = QUOTA (version = 6), software layout = QUOTA (version = 6)
2023-08-29 18:52:40,543 [main] INFO  reflections.Reflections (Reflections.java:scan(232)) - Reflections took 92 ms to scan 2 urls, producing 188 keys and 512 values [using 2 cores]
2023-08-29 18:52:40,548 [main] INFO  upgrade.OMLayoutVersionManager (OMLayoutVersionManager.java:lambda$0(115)) - Skipping Upgrade Action QuotaRepairUpgradeAction since it has been finalized.
2023-08-29 18:52:40,550 [main] INFO  upgrade.OMLayoutVersionManager (OMLayoutVersionManager.java:lambda$0(115)) - Skipping Upgrade Action MockOmUpgradeAction since it has been finalized.
2023-08-29 18:52:40,551 [main] WARN  server.ServerUtils (ServerUtils.java:getDBPath(311)) - ozone.om.db.dirs is not configured. We recommend adding this setting. Falling back to ozone.metadata.dirs instead.
2023-08-29 18:52:40,728 [main] INFO  proxy.SCMBlockLocationFailoverProxyProvider (SCMBlockLocationFailoverProxyProvider.java:<init>(114)) - Created block location fail-over proxy with 1 nodes: [nodeId=scmNodeId,nodeAddress=/0.0.0.0:15001]
2023-08-29 18:52:40,760 [main] INFO  proxy.SCMBlockLocationFailoverProxyProvider (SCMBlockLocationFailoverProxyProvider.java:<init>(114)) - Created block location fail-over proxy with 1 nodes: [nodeId=scmNodeId,nodeAddress=/0.0.0.0:15001]
2023-08-29 18:52:40,989 [main] INFO  om.OzoneManager (OzoneManager.java:<init>(665)) - OM start with adminUsers: [runner]
2023-08-29 18:52:41,013 [main] WARN  server.ServerUtils (ServerUtils.java:getDBPath(311)) - ozone.om.db.dirs is not configured. We recommend adding this setting. Falling back to ozone.metadata.dirs instead.
2023-08-29 18:52:41,039 [main] INFO  helpers.OmKeyInfo (OmKeyInfo.java:getCodec(71)) - OmKeyInfo.getCodec ignorePipeline = true
2023-08-29 18:52:41,306 [main] INFO  om.OzoneManager (OzoneManager.java:instantiateServices(794)) - S3 Multi-Tenancy is disabled
2023-08-29 18:52:41,337 [main] INFO  om.OmSnapshotManager (OmSnapshotManager.java:<init>(175)) - Ozone filesystem snapshot feature is enabled.
2023-08-29 18:52:41,346 [main] WARN  server.ServerUtils (ServerUtils.java:getDBPath(311)) - ozone.om.snapshot.diff.db.dir is not configured. We recommend adding this setting. Falling back to ozone.metadata.dirs instead.
2023-08-29 18:52:41,386 [main] INFO  utils.NativeLibraryLoader (NativeLibraryLoader.java:loadLibrary(105)) - Loading Library: ozone_rocksdb_tools
2023-08-29 18:52:41,387 [main] INFO  snapshot.SnapshotDiffManager (SnapshotDiffManager.java:closeExecutorService(1720)) - Shutting down executorService: 'SstDumpToolExecutor'
2023-08-29 18:52:41,453 [main] INFO  om.OzoneManager (OzoneManager.java:addS3GVolumeToDB(4301)) - Created Volume s3v With Owner runner required for S3Gateway operations.
2023-08-29 18:52:41,537 [main] WARN  server.ServerUtils (ServerUtils.java:getDefaultRatisDirectory(323)) - Storage directory for Ratis is not configured. It is a good idea to map this to an SSD disk. Falling back to ozone.metadata.dirs
2023-08-29 18:52:41,538 [main] WARN  utils.OzoneManagerRatisUtils (OzoneManagerRatisUtils.java:getOMRatisSnapshotDirectory(461)) - ozone.om.ratis.snapshot.dir is not configured. Falling back to ozone.metadata.dirs config
2023-08-29 18:52:41,552 [main] WARN  server.ServerUtils (ServerUtils.java:getDefaultRatisDirectory(323)) - Storage directory for Ratis is not configured. It is a good idea to map this to an SSD disk. Falling back to ozone.metadata.dirs
2023-08-29 18:52:41,578 [main] INFO  ratis.OzoneManagerRatisServer (OzoneManagerRatisServer.java:<init>(163)) - Instantiating OM Ratis server with groupID: omServiceIdDefault and peers: localhost:15007
2023-08-29 18:52:41,587 [main] INFO  ratis.OzoneManagerStateMachine (OzoneManagerStateMachine.java:loadSnapshotInfoFromDB(687)) - LastAppliedIndex is set from TransactionInfo from OM DB as (t:0, i:~)
2023-08-29 18:52:41,648 [main] INFO  server.RaftServer (ConfUtils.java:logGet(46)) - raft.rpc.type = GRPC (default)
2023-08-29 18:52:41,658 [main] INFO  grpc.GrpcConfigKeys (ConfUtils.java:logFallback(53)) - raft.grpc.admin.host = null (fallback to raft.grpc.server.host)
2023-08-29 18:52:41,660 [main] INFO  grpc.GrpcConfigKeys (ConfUtils.java:logFallback(53)) - raft.grpc.admin.port = 15007 (fallback to raft.grpc.server.port)
2023-08-29 18:52:41,660 [main] INFO  grpc.GrpcConfigKeys (ConfUtils.java:logFallback(53)) - raft.grpc.client.host = null (fallback to raft.grpc.server.host)
2023-08-29 18:52:41,661 [main] INFO  grpc.GrpcConfigKeys (ConfUtils.java:logFallback(53)) - raft.grpc.client.port = 15007 (fallback to raft.grpc.server.port)
2023-08-29 18:52:41,661 [main] INFO  grpc.GrpcConfigKeys (ConfUtils.java:logGet(46)) - raft.grpc.server.host = null (default)
2023-08-29 18:52:41,661 [main] INFO  grpc.GrpcConfigKeys (ConfUtils.java:logGet(46)) - raft.grpc.server.port = 15007 (custom)
2023-08-29 18:52:41,662 [main] INFO  server.GrpcService (ConfUtils.java:logGet(46)) - raft.grpc.message.size.max = 33554432 (custom)
2023-08-29 18:52:41,663 [main] INFO  server.RaftServerConfigKeys (ConfUtils.java:logGet(46)) - raft.server.log.appender.buffer.byte-limit = 33554432 (custom)
2023-08-29 18:52:41,664 [main] INFO  server.GrpcService (ConfUtils.java:logGet(46)) - raft.grpc.flow.control.window = 1MB (=1048576) (default)
2023-08-29 18:52:41,664 [main] INFO  server.RaftServerConfigKeys (ConfUtils.java:logGet(46)) - raft.server.rpc.request.timeout = 3000ms (default)
2023-08-29 18:52:41,676 [main] INFO  grpc.GrpcConfigKeys (ConfUtils.java:logGet(46)) - raft.grpc.server.heartbeat.channel = true (default)
2023-08-29 18:52:41,680 [main] INFO  grpc.GrpcConfigKeys (ConfUtils.java:logGet(46)) - raft.grpc.server.async.request.thread.pool.cached = true (default)
2023-08-29 18:52:41,680 [main] INFO  grpc.GrpcConfigKeys (ConfUtils.java:logGet(46)) - raft.grpc.server.async.request.thread.pool.size = 32 (default)
2023-08-29 18:52:41,888 [main] INFO  impl.DataStreamServerImpl (ConfUtils.java:logGet(46)) - raft.datastream.type = DISABLED (default)
2023-08-29 18:52:41,891 [main] INFO  server.RaftServerConfigKeys (ConfUtils.java:logGet(46)) - raft.server.threadpool.proxy.cached = true (default)
2023-08-29 18:52:41,891 [main] INFO  server.RaftServerConfigKeys (ConfUtils.java:logGet(46)) - raft.server.threadpool.proxy.size = 0 (default)
2023-08-29 18:52:41,892 [main] INFO  server.RaftServerConfigKeys (ConfUtils.java:logGet(46)) - raft.server.rpc.slowness.timeout = 120s (custom)
2023-08-29 18:52:41,892 [main] INFO  server.RaftServerConfigKeys (ConfUtils.java:logGet(46)) - raft.server.leaderelection.leader.step-down.wait-time = 10s (default)
2023-08-29 18:52:41,893 [main] INFO  server.RaftServerConfigKeys (ConfUtils.java:logGet(46)) - raft.server.storage.dir = [/home/runner/work/ozone/ozone/hadoop-ozone/integration-test/target/test-dir/MiniOzoneClusterImpl-f4f7c4b3-a6e6-4e2b-8957-3aa4c0e420f5/ozone-meta/ratis] (custom)
2023-08-29 18:52:41,900 [main] INFO  server.RaftServer (RaftServerProxy.java:addNew(98)) - om1: addNew group-C5BA1605619E:[om1|rpc:localhost:15007|priority:0|startupRole:FOLLOWER] returns group-C5BA1605619E:java.util.concurrent.CompletableFuture@45de6b0c[Not completed]
2023-08-29 18:52:41,901 [main] INFO  om.OzoneManager (OzoneManager.java:initializeRatisServer(2145)) - OzoneManager Ratis server initialized at port 15007
2023-08-29 18:52:41,904 [main] INFO  om.OzoneManager (OzoneManager.java:getRpcServer(1196)) - Creating RPC Server
2023-08-29 18:52:42,069 [om1-groupManagement] INFO  server.RaftServer$Division (RaftServerImpl.java:<init>(198)) - om1: new RaftServerImpl for group-C5BA1605619E:[om1|rpc:localhost:15007|priority:0|startupRole:FOLLOWER] with OzoneManagerStateMachine:uninitialized
2023-08-29 18:52:42,072 [om1-groupManagement] INFO  server.RaftServerConfigKeys (ConfUtils.java:logGet(46)) - raft.server.rpc.timeout.min = 1s (custom)
2023-08-29 18:52:42,073 [om1-groupManagement] INFO  server.RaftServerConfigKeys (ConfUtils.java:logGet(46)) - raft.server.rpc.timeout.max = 1200ms (custom)
2023-08-29 18:52:42,073 [om1-groupManagement] INFO  server.RaftServerConfigKeys (ConfUtils.java:logGet(46)) - raft.server.rpc.sleep.time = 25ms (default)
2023-08-29 18:52:42,073 [om1-groupManagement] INFO  server.RaftServerConfigKeys (ConfUtils.java:logGet(46)) - raft.server.rpc.slowness.timeout = 120s (custom)
2023-08-29 18:52:42,073 [om1-groupManagement] INFO  server.RaftServerConfigKeys (ConfUtils.java:logGet(46)) - raft.server.leaderelection.leader.step-down.wait-time = 10s (default)
2023-08-29 18:52:42,073 [om1-groupManagement] INFO  server.RaftServerConfigKeys (ConfUtils.java:logGet(46)) - raft.server.sleep.deviation.threshold = 300ms (default)
2023-08-29 18:52:42,087 [om1-groupManagement] INFO  server.RaftServer$Division (ServerState.java:<init>(120)) - om1@group-C5BA1605619E: ConfigurationManager, init=-1: peers:[om1|rpc:localhost:15007|priority:0|startupRole:FOLLOWER]|listeners:[], old=null, confs=<EMPTY_MAP>
2023-08-29 18:52:42,088 [om1-groupManagement] INFO  server.RaftServerConfigKeys (ConfUtils.java:logGet(46)) - raft.server.storage.dir = [/home/runner/work/ozone/ozone/hadoop-ozone/integration-test/target/test-dir/MiniOzoneClusterImpl-f4f7c4b3-a6e6-4e2b-8957-3aa4c0e420f5/ozone-meta/ratis] (custom)
2023-08-29 18:52:42,104 [om1-groupManagement] INFO  server.RaftServerConfigKeys (ConfUtils.java:logGet(46)) - raft.server.log.corruption.policy = EXCEPTION (default)
2023-08-29 18:52:42,104 [om1-groupManagement] INFO  server.RaftServerConfigKeys (ConfUtils.java:logGet(46)) - raft.server.storage.free-space.min = 0MB (=0) (default)
2023-08-29 18:52:42,119 [om1-groupManagement] INFO  server.RaftServerConfigKeys (ConfUtils.java:logGet(46)) - raft.server.notification.no-leader.timeout = 120s (custom)
2023-08-29 18:52:42,129 [om1-groupManagement] INFO  server.RaftServerConfigKeys (ConfUtils.java:logGet(46)) - raft.server.read.timeout = 10s (default)
2023-08-29 18:52:42,134 [om1-groupManagement] INFO  server.RaftServerConfigKeys (ConfUtils.java:logGet(46)) - raft.server.retrycache.expirytime = 300s (custom)
2023-08-29 18:52:42,134 [om1-groupManagement] INFO  server.RaftServerConfigKeys (ConfUtils.java:logGet(46)) - raft.server.retrycache.statistics.expirytime = 100μs (default)
2023-08-29 18:52:42,191 [om1-groupManagement] INFO  server.RaftServerConfigKeys (ConfUtils.java:logGet(46)) - raft.server.read.option = DEFAULT (default)
2023-08-29 18:52:42,262 [om1-groupManagement] INFO  server.RaftServerConfigKeys (ConfUtils.java:logGet(46)) - raft.server.rpc.request.timeout = 3000ms (default)
2023-08-29 18:52:42,272 [om1-groupManagement] INFO  server.RaftServerConfigKeys (ConfUtils.java:logGet(46)) - raft.server.log.appender.install.snapshot.enabled = false (custom)
2023-08-29 18:52:42,272 [om1-groupManagement] INFO  server.RaftServerConfigKeys (ConfUtils.java:logGet(46)) - raft.server.threadpool.server.cached = true (default)
2023-08-29 18:52:42,274 [om1-groupManagement] INFO  server.RaftServerConfigKeys (ConfUtils.java:logGet(46)) - raft.server.threadpool.server.size = 0 (default)
2023-08-29 18:52:42,274 [om1-groupManagement] INFO  server.RaftServerConfigKeys (ConfUtils.java:logGet(46)) - raft.server.threadpool.client.cached = true (default)
2023-08-29 18:52:42,274 [om1-groupManagement] INFO  server.RaftServerConfigKeys (ConfUtils.java:logGet(46)) - raft.server.threadpool.client.size = 0 (default)
2023-08-29 18:52:42,884 [main] INFO  reflections.Reflections (Reflections.java:scan(232)) - Reflections took 753 ms to scan 19 urls, producing 70 keys and 5672 values [using 2 cores]
2023-08-29 18:52:43,048 [main] INFO  ipc.CallQueueManager (CallQueueManager.java:<init>(90)) - Using callQueue: class java.util.concurrent.LinkedBlockingQueue, queueCapacity: 2000, scheduler: class org.apache.hadoop.ipc.DefaultRpcScheduler, ipcBackoff: false.
2023-08-29 18:52:43,049 [main] INFO  ipc.Server (Server.java:<init>(1287)) - Listener at 127.0.0.1:15004
2023-08-29 18:52:43,049 [Socket Reader #1 for port 15004] INFO  ipc.Server (Server.java:run(1323)) - Starting Socket Reader #1 for port 15004
2023-08-29 18:52:43,080 [main] INFO  impl.MetricsSystemImpl (MetricsSystemImpl.java:init(158)) - OzoneManager metrics system started (again)
2023-08-29 18:52:43,092 [main] INFO  om.OzoneManager (OzoneManager.java:start(1630)) - OzoneManager RPC server is listening at localhost/127.0.0.1:15004
2023-08-29 18:52:43,093 [main] INFO  ratis.OzoneManagerRatisServer (OzoneManagerRatisServer.java:start(558)) - Starting OzoneManagerRatisServer om1 at port 15007
2023-08-29 18:52:43,095 [om1-impl-thread1] INFO  storage.RaftStorageDirectory (RaftStorageDirectoryImpl.java:analyzeStorage(137)) - The storage directory /home/runner/work/ozone/ozone/hadoop-ozone/integration-test/target/test-dir/MiniOzoneClusterImpl-f4f7c4b3-a6e6-4e2b-8957-3aa4c0e420f5/ozone-meta/ratis/bf265839-605b-3f16-9796-c5ba1605619e does not exist. Creating ...
2023-08-29 18:52:43,099 [om1-impl-thread1] INFO  storage.RaftStorageDirectory (RaftStorageDirectoryImpl.java:tryLock(231)) - Lock on /home/runner/work/ozone/ozone/hadoop-ozone/integration-test/target/test-dir/MiniOzoneClusterImpl-f4f7c4b3-a6e6-4e2b-8957-3aa4c0e420f5/ozone-meta/ratis/bf265839-605b-3f16-9796-c5ba1605619e/in_use.lock acquired by nodename 61099@fv-az225-157
2023-08-29 18:52:43,103 [om1-impl-thread1] INFO  storage.RaftStorage (RaftStorageImpl.java:format(96)) - Storage directory /home/runner/work/ozone/ozone/hadoop-ozone/integration-test/target/test-dir/MiniOzoneClusterImpl-f4f7c4b3-a6e6-4e2b-8957-3aa4c0e420f5/ozone-meta/ratis/bf265839-605b-3f16-9796-c5ba1605619e has been successfully formatted.
2023-08-29 18:52:43,106 [om1-impl-thread1] INFO  server.RaftServerConfigKeys (ConfUtils.java:logGet(46)) - raft.server.log.use.memory = false (default)
2023-08-29 18:52:43,113 [om1-impl-thread1] INFO  server.RaftServerConfigKeys (ConfUtils.java:logGet(46)) - raft.server.log.purge.gap = 1000000 (custom)
2023-08-29 18:52:43,113 [om1-impl-thread1] INFO  server.RaftServerConfigKeys (ConfUtils.java:logGet(46)) - raft.server.log.appender.buffer.byte-limit = 33554432 (custom)
2023-08-29 18:52:43,115 [om1-impl-thread1] INFO  server.RaftServerConfigKeys (ConfUtils.java:logGet(46)) - raft.server.log.statemachine.data.read.timeout = 1000ms (default)
2023-08-29 18:52:43,115 [om1-impl-thread1] INFO  server.RaftServerConfigKeys (ConfUtils.java:logGet(46)) - raft.server.log.purge.preservation.log.num = 0 (default)
2023-08-29 18:52:43,117 [om1-impl-thread1] INFO  server.RaftServerConfigKeys (ConfUtils.java:logGet(46)) - raft.server.log.segment.size.max = 4194304 (custom)
2023-08-29 18:52:43,122 [om1-impl-thread1] INFO  server.RaftServerConfigKeys (ConfUtils.java:logGet(46)) - raft.server.log.segment.cache.num.max = 2 (custom)
2023-08-29 18:52:43,122 [om1-impl-thread1] INFO  server.RaftServerConfigKeys (ConfUtils.java:logGet(46)) - raft.server.log.segment.cache.size.max = 200MB (=209715200) (default)
2023-08-29 18:52:43,123 [om1-impl-thread1] INFO  server.RaftServerConfigKeys (ConfUtils.java:logGet(46)) - raft.server.log.appender.buffer.byte-limit = 33554432 (custom)
2023-08-29 18:52:43,128 [om1-impl-thread1] INFO  segmented.SegmentedRaftLogWorker (SegmentedRaftLogWorker.java:<init>(188)) - new om1@group-C5BA1605619E-SegmentedRaftLogWorker for RaftStorageImpl:Storage Directory /home/runner/work/ozone/ozone/hadoop-ozone/integration-test/target/test-dir/MiniOzoneClusterImpl-f4f7c4b3-a6e6-4e2b-8957-3aa4c0e420f5/ozone-meta/ratis/bf265839-605b-3f16-9796-c5ba1605619e
2023-08-29 18:52:43,128 [om1-impl-thread1] INFO  server.RaftServerConfigKeys (ConfUtils.java:logGet(46)) - raft.server.log.queue.byte-limit = 64MB (=67108864) (default)
2023-08-29 18:52:43,128 [om1-impl-thread1] INFO  server.RaftServerConfigKeys (ConfUtils.java:logGet(46)) - raft.server.log.queue.element-limit = 4096 (default)
2023-08-29 18:52:43,129 [om1-impl-thread1] INFO  server.RaftServerConfigKeys (ConfUtils.java:logGet(46)) - raft.server.log.segment.size.max = 4194304 (custom)
2023-08-29 18:52:43,129 [om1-impl-thread1] INFO  server.RaftServerConfigKeys (ConfUtils.java:logGet(46)) - raft.server.log.preallocated.size = 4194304 (custom)
2023-08-29 18:52:43,130 [om1-impl-thread1] INFO  server.RaftServerConfigKeys (ConfUtils.java:logGet(46)) - raft.server.log.force.sync.num = 128 (default)
2023-08-29 18:52:43,131 [om1-impl-thread1] INFO  server.RaftServerConfigKeys (ConfUtils.java:logGet(46)) - raft.server.log.statemachine.data.sync = true (default)
2023-08-29 18:52:43,131 [om1-impl-thread1] INFO  server.RaftServerConfigKeys (ConfUtils.java:logGet(46)) - raft.server.log.statemachine.data.sync.timeout = 10s (default)
2023-08-29 18:52:43,131 [om1-impl-thread1] INFO  server.RaftServerConfigKeys (ConfUtils.java:logGet(46)) - raft.server.log.statemachine.data.sync.timeout.retry = -1 (default)
2023-08-29 18:52:43,139 [om1-impl-thread1] INFO  server.RaftServerConfigKeys (ConfUtils.java:logGet(46)) - raft.server.log.write.buffer.size = 64KB (=65536) (default)
2023-08-29 18:52:43,139 [om1-impl-thread1] INFO  server.RaftServerConfigKeys (ConfUtils.java:logGet(46)) - raft.server.log.appender.buffer.byte-limit = 33554432 (custom)
2023-08-29 18:52:43,147 [om1-impl-thread1] INFO  server.RaftServerConfigKeys (ConfUtils.java:logGet(46)) - raft.server.log.unsafe-flush.enabled = false (default)
2023-08-29 18:52:43,148 [om1-impl-thread1] INFO  server.RaftServerConfigKeys (ConfUtils.java:logGet(46)) - raft.server.log.async-flush.enabled = false (default)
2023-08-29 18:52:43,148 [om1-impl-thread1] INFO  server.RaftServerConfigKeys (ConfUtils.java:logGet(46)) - raft.server.log.statemachine.data.caching.enabled = false (default)
2023-08-29 18:52:43,153 [om1-impl-thread1] INFO  segmented.SegmentedRaftLogWorker (SegmentedRaftLogWorker.java:lambda$new$0(135)) - om1@group-C5BA1605619E-SegmentedRaftLogWorker: flushIndex: setUnconditionally 0 -> -1
2023-08-29 18:52:43,153 [om1-impl-thread1] INFO  segmented.SegmentedRaftLogWorker (SegmentedRaftLogWorker.java:lambda$new$0(135)) - om1@group-C5BA1605619E-SegmentedRaftLogWorker: safeCacheEvictIndex: setUnconditionally 0 -> -1
2023-08-29 18:52:43,155 [om1-impl-thread1] INFO  server.RaftServer$Division (RaftServerImpl.java:start(342)) - om1@group-C5BA1605619E: start as a follower, conf=-1: peers:[om1|rpc:localhost:15007|priority:0|startupRole:FOLLOWER]|listeners:[], old=null
2023-08-29 18:52:43,159 [om1-impl-thread1] INFO  server.RaftServer$Division (RaftServerImpl.java:setRole(329)) - om1@group-C5BA1605619E: changes role from      null to FOLLOWER at term 0 for startAsFollower
2023-08-29 18:52:43,161 [om1-impl-thread1] INFO  impl.RoleInfo (RoleInfo.java:updateAndGet(139)) - om1: start om1@group-C5BA1605619E-FollowerState
2023-08-29 18:52:43,165 [om1-impl-thread1] INFO  util.JmxRegister (JmxRegister.java:tryRegister(44)) - Successfully registered JMX Bean with object name Ratis:service=RaftServer,group=group-C5BA1605619E,id=om1
2023-08-29 18:52:43,167 [om1-impl-thread1] INFO  server.RaftServerConfigKeys (ConfUtils.java:logGet(46)) - raft.server.snapshot.auto.trigger.enabled = true (custom)
2023-08-29 18:52:43,167 [om1-impl-thread1] INFO  server.RaftServerConfigKeys (ConfUtils.java:logGet(46)) - raft.server.snapshot.auto.trigger.threshold = 400000 (default)
2023-08-29 18:52:43,168 [om1-impl-thread1] INFO  server.RaftServerConfigKeys (ConfUtils.java:logGet(46)) - raft.server.snapshot.retention.file.num = -1 (default)
2023-08-29 18:52:43,168 [om1-impl-thread1] INFO  server.RaftServerConfigKeys (ConfUtils.java:logGet(46)) - raft.server.log.purge.upto.snapshot.index = true (custom)
2023-08-29 18:52:43,171 [om1@group-C5BA1605619E-FollowerState] INFO  server.RaftServerConfigKeys (ConfUtils.java:logFallback(53)) - raft.server.rpc.first-election.timeout.min = 1s (fallback to raft.server.rpc.timeout.min)
2023-08-29 18:52:43,171 [om1@group-C5BA1605619E-FollowerState] INFO  server.RaftServerConfigKeys (ConfUtils.java:logFallback(53)) - raft.server.rpc.first-election.timeout.max = 1200ms (fallback to raft.server.rpc.timeout.max)
2023-08-29 18:52:43,172 [main] INFO  server.RaftServer (RaftServerProxy.java:startImpl(400)) - om1: start RPC server
2023-08-29 18:52:43,262 [main] INFO  server.GrpcService (GrpcService.java:startImpl(302)) - om1: GrpcService started, listening on 15007
2023-08-29 18:52:43,263 [main] INFO  om.OzoneManager (OzoneManager.java:start(1646)) - Version File has different layout version (6) than OM DB (null). That is expected if this OM has never been finalized to a newer layout version.
2023-08-29 18:52:43,268 [JvmPauseMonitor1] INFO  util.JvmPauseMonitor (JvmPauseMonitor.java:run(103)) - JvmPauseMonitor-om1: Started
2023-08-29 18:52:43,289 [main] INFO  http.BaseHttpServer (BaseHttpServer.java:newHttpServer2BuilderForOzone(223)) - Starting Web-server for ozoneManager at: http://0.0.0.0:15005
2023-08-29 18:52:43,290 [main] INFO  http.BaseHttpServer (BaseHttpServer.java:<init>(110)) - Hadoop Security Enabled: false Ozone Security Enabled: false Ozone HTTP Security Enabled: false 
2023-08-29 18:52:43,291 [main] WARN  server.AuthenticationFilter (AuthenticationFilter.java:constructSecretProvider(240)) - Unable to initialize FileSignerSecretProvider, falling back to use random secrets. Reason: Could not read signature secret file: /home/runner/hadoop-http-auth-signature-secret
2023-08-29 18:52:43,296 [main] INFO  http.HttpRequestLog (HttpRequestLog.java:getRequestLog(86)) - Http request log for http.requests.ozoneManager is not defined
2023-08-29 18:52:43,299 [main] INFO  http.HttpServer2 (HttpServer2.java:addGlobalFilter(1031)) - Added global filter 'safety' (class=org.apache.hadoop.hdds.server.http.HttpServer2$QuotingInputFilter)
2023-08-29 18:52:43,303 [main] INFO  http.HttpServer2 (HttpServer2.java:addFilter(1007)) - Added filter static_user_filter (class=org.apache.hadoop.http.lib.StaticUserWebFilter$StaticUserFilter) to context ozoneManager
2023-08-29 18:52:43,303 [main] INFO  http.HttpServer2 (HttpServer2.java:addFilter(1015)) - Added filter static_user_filter (class=org.apache.hadoop.http.lib.StaticUserWebFilter$StaticUserFilter) to context logs
2023-08-29 18:52:43,303 [main] INFO  http.HttpServer2 (HttpServer2.java:addFilter(1015)) - Added filter static_user_filter (class=org.apache.hadoop.http.lib.StaticUserWebFilter$StaticUserFilter) to context static
2023-08-29 18:52:43,305 [main] INFO  http.BaseHttpServer (BaseHttpServer.java:<init>(189)) - HTTP server of ozoneManager uses base directory /home/runner/work/ozone/ozone/hadoop-ozone/integration-test/target/test-dir/MiniOzoneClusterImpl-f4f7c4b3-a6e6-4e2b-8957-3aa4c0e420f5/ozone-meta/webserver
2023-08-29 18:52:43,310 [main] INFO  http.HttpServer2 (HttpServer2.java:bindListener(1231)) - Jetty bound to port 15005
2023-08-29 18:52:43,310 [main] INFO  server.Server (Server.java:doStart(375)) - jetty-9.4.51.v20230217; built: 2023-02-17T08:19:37.309Z; git: b45c405e4544384de066f814ed42ae3dceacdd49; jvm 1.8.0_382-b05
2023-08-29 18:52:43,320 [main] INFO  server.session (DefaultSessionIdManager.java:doStart(334)) - DefaultSessionIdManager workerName=node0
2023-08-29 18:52:43,320 [main] INFO  server.session (DefaultSessionIdManager.java:doStart(339)) - No SessionScavenger set, using defaults
2023-08-29 18:52:43,320 [main] INFO  server.session (HouseKeeper.java:startScavenging(132)) - node0 Scavenging every 660000ms
2023-08-29 18:52:43,321 [main] INFO  handler.ContextHandler (ContextHandler.java:doStart(921)) - Started o.e.j.s.ServletContextHandler@111f13c7{logs,/logs,file:///home/runner/work/ozone/ozone/hadoop-ozone/integration-test/target/log,AVAILABLE}
2023-08-29 18:52:43,321 [main] INFO  handler.ContextHandler (ContextHandler.java:doStart(921)) - Started o.e.j.s.ServletContextHandler@1b02231b{static,/static,file:///home/runner/work/ozone/ozone/hadoop-ozone/integration-test/target/test-classes/webapps/static,AVAILABLE}
2023-08-29 18:52:43,326 [main] INFO  handler.ContextHandler (ContextHandler.java:doStart(921)) - Started o.e.j.w.WebAppContext@7eb39133{ozoneManager,/,file:///home/runner/work/ozone/ozone/hadoop-ozone/integration-test/target/test-classes/webapps/ozoneManager/,AVAILABLE}{file:/home/runner/work/ozone/ozone/hadoop-ozone/integration-test/target/test-classes/webapps/ozoneManager}
2023-08-29 18:52:43,328 [main] INFO  server.AbstractConnector (AbstractConnector.java:doStart(333)) - Started ServerConnector@608e3638{HTTP/1.1, (http/1.1)}{0.0.0.0:15005}
2023-08-29 18:52:43,328 [main] INFO  server.Server (Server.java:doStart(415)) - Started @7885ms
2023-08-29 18:52:43,328 [main] WARN  impl.MetricsSystemImpl (MetricsSystemImpl.java:register(279)) - Sink prometheus already exists!
2023-08-29 18:52:43,329 [main] INFO  http.BaseHttpServer (BaseHttpServer.java:updateConnectorAddress(354)) - HTTP server of ozoneManager listening at http://0.0.0.0:15005
2023-08-29 18:52:43,330 [IPC Server Responder] INFO  ipc.Server (Server.java:run(1562)) - IPC Server Responder: starting
2023-08-29 18:52:43,330 [IPC Server listener on 15004] INFO  ipc.Server (Server.java:run(1402)) - IPC Server listener on 15004: starting
2023-08-29 18:52:43,367 [main] INFO  om.TrashPolicyOzone (TrashPolicyOzone.java:<init>(277)) - Ozone Manager trash configuration: Deletion interval = 0 minutes, Emptier interval = 0 minutes.
2023-08-29 18:52:43,508 [main] WARN  impl.MetricRegistriesImpl (MetricRegistriesImpl.java:addReporterRegistration(111)) - New reporters are added after registries were created. Some metrics will be missing from the reporter. Please add reporter before adding any new registry.
2023-08-29 18:52:43,508 [main] WARN  impl.MetricRegistriesImpl (MetricRegistriesImpl.java:addReporterRegistration(111)) - New reporters are added after registries were created. Some metrics will be missing from the reporter. Please add reporter before adding any new registry.
2023-08-29 18:52:43,508 [main] INFO  impl.MetricsSystemImpl (MetricsSystemImpl.java:init(158)) - HddsDatanode metrics system started (again)
2023-08-29 18:52:43,527 [main] INFO  ozone.HddsDatanodeService (HddsDatanodeService.java:start(237)) - HddsDatanodeService host:fv-az225-157.hxhba2eg53duheooqg2bzplbvd.bx.internal.cloudapp.net ip:10.1.0.239
2023-08-29 18:52:43,561 [main] INFO  upgrade.AbstractLayoutVersionManager (AbstractLayoutVersionManager.java:init(83)) - Initializing Layout version manager with metadata layout = HADOOP_PRC_PORTS_IN_DATANODEDETAILS (version = 7), software layout = HADOOP_PRC_PORTS_IN_DATANODEDETAILS (version = 7)
2023-08-29 18:52:43,563 [main] INFO  statemachine.DatanodeStateMachine (DatanodeStateMachine.java:getEndPointTaskThreadPoolSize(282)) - Datanode State Machine Task Thread Pool size 2
2023-08-29 18:52:43,616 [main] INFO  volume.HddsVolume (HddsVolume.java:<init>(126)) - Creating HddsVolume: /home/runner/work/ozone/ozone/hadoop-ozone/integration-test/target/test-dir/MiniOzoneClusterImpl-f4f7c4b3-a6e6-4e2b-8957-3aa4c0e420f5/datanode-0/data-0/containers/hdds of storage type : DISK capacity : 9223372036854775807
2023-08-29 18:52:43,619 [main] INFO  volume.MutableVolumeSet (MutableVolumeSet.java:initializeVolumeSet(173)) - Added Volume : /home/runner/work/ozone/ozone/hadoop-ozone/integration-test/target/test-dir/MiniOzoneClusterImpl-f4f7c4b3-a6e6-4e2b-8957-3aa4c0e420f5/datanode-0/data-0/containers/hdds to VolumeSet
2023-08-29 18:52:43,622 [main] INFO  volume.MutableVolumeSet (MutableVolumeSet.java:initializeVolumeSet(173)) - Added Volume : /home/runner/work/ozone/ozone/hadoop-ozone/integration-test/target/test-dir/MiniOzoneClusterImpl-f4f7c4b3-a6e6-4e2b-8957-3aa4c0e420f5/datanode-0/data/ratis to VolumeSet
2023-08-29 18:52:43,634 [Thread-140] INFO  ozoneimpl.ContainerReader (ContainerReader.java:readVolume(177)) - Finish verifying containers on volume /home/runner/work/ozone/ozone/hadoop-ozone/integration-test/target/test-dir/MiniOzoneClusterImpl-f4f7c4b3-a6e6-4e2b-8957-3aa4c0e420f5/datanode-0/data-0/containers/hdds
2023-08-29 18:52:43,634 [main] INFO  ozoneimpl.OzoneContainer (OzoneContainer.java:buildContainerSet(314)) - Build ContainerSet costs 0s
2023-08-29 18:52:43,681 [main] INFO  audit.AuditLogger (AuditLogger.java:refreshDebugCmdSet(126)) - Refresh DebugCmdSet for DNAudit to [].
2023-08-29 18:52:43,708 [main] INFO  server.RaftServer (ConfUtils.java:logGet(46)) - raft.rpc.type = GRPC (default)
2023-08-29 18:52:43,709 [main] INFO  grpc.GrpcConfigKeys (ConfUtils.java:logFallback(53)) - raft.grpc.admin.host = null (fallback to raft.grpc.server.host)
2023-08-29 18:52:43,709 [main] INFO  grpc.GrpcConfigKeys (ConfUtils.java:logGet(46)) - raft.grpc.admin.port = 15013 (custom)
2023-08-29 18:52:43,709 [main] INFO  grpc.GrpcConfigKeys (ConfUtils.java:logFallback(53)) - raft.grpc.client.host = null (fallback to raft.grpc.server.host)
2023-08-29 18:52:43,709 [main] INFO  grpc.GrpcConfigKeys (ConfUtils.java:logGet(46)) - raft.grpc.client.port = 15012 (custom)
2023-08-29 18:52:43,709 [main] INFO  grpc.GrpcConfigKeys (ConfUtils.java:logGet(46)) - raft.grpc.server.host = null (default)
2023-08-29 18:52:43,710 [main] INFO  grpc.GrpcConfigKeys (ConfUtils.java:logGet(46)) - raft.grpc.server.port = 15014 (custom)
2023-08-29 18:52:43,710 [main] INFO  server.GrpcService (ConfUtils.java:logGet(46)) - raft.grpc.message.size.max = 32MB (=33554432) (custom)
2023-08-29 18:52:43,710 [main] INFO  server.RaftServerConfigKeys (ConfUtils.java:logGet(46)) - raft.server.log.appender.buffer.byte-limit = 33554432 (custom)
2023-08-29 18:52:43,710 [main] INFO  server.GrpcService (ConfUtils.java:logGet(46)) - raft.grpc.flow.control.window = 5MB (=5242880) (custom)
2023-08-29 18:52:43,710 [main] INFO  server.RaftServerConfigKeys (ConfUtils.java:logGet(46)) - raft.server.rpc.request.timeout = 60s (custom)
2023-08-29 18:52:43,710 [main] INFO  grpc.GrpcConfigKeys (ConfUtils.java:logGet(46)) - raft.grpc.server.heartbeat.channel = true (default)
2023-08-29 18:52:43,710 [main] INFO  grpc.GrpcConfigKeys (ConfUtils.java:logGet(46)) - raft.grpc.server.async.request.thread.pool.cached = true (default)
2023-08-29 18:52:43,711 [main] INFO  grpc.GrpcConfigKeys (ConfUtils.java:logGet(46)) - raft.grpc.server.async.request.thread.pool.size = 32 (default)
2023-08-29 18:52:43,713 [main] INFO  impl.DataStreamServerImpl (ConfUtils.java:logGet(46)) - raft.datastream.type = NETTY (custom)
2023-08-29 18:52:43,722 [main] INFO  server.RaftServerConfigKeys (ConfUtils.java:logGet(46)) - raft.server.data-stream.async.request.thread.pool.cached = false (default)
2023-08-29 18:52:43,722 [main] INFO  server.RaftServerConfigKeys (ConfUtils.java:logGet(46)) - raft.server.data-stream.async.request.thread.pool.size = 20 (custom)
2023-08-29 18:52:43,723 [main] INFO  server.RaftServerConfigKeys (ConfUtils.java:logGet(46)) - raft.server.data-stream.async.write.thread.pool.size = 16 (default)
2023-08-29 18:52:43,724 [main] INFO  server.RaftServerConfigKeys (ConfUtils.java:logGet(46)) - raft.server.data-stream.client.pool.size = 10 (default)
2023-08-29 18:52:43,726 [main] INFO  netty.NettyConfigKeys$DataStream (ConfUtils.java:logGet(46)) - raft.netty.dataStream.server.use-epoll = false (default)
2023-08-29 18:52:43,727 [main] INFO  netty.NettyConfigKeys$DataStream (ConfUtils.java:logGet(46)) - raft.netty.dataStream.server.boss-group.size = 0 (default)
2023-08-29 18:52:43,733 [main] INFO  netty.NettyConfigKeys$DataStream (ConfUtils.java:logGet(46)) - raft.netty.dataStream.server.worker-group.size = 0 (default)
2023-08-29 18:52:43,749 [main] INFO  netty.NettyConfigKeys$DataStream (ConfUtils.java:logGet(46)) - raft.netty.dataStream.server.tls.conf = null (default)
2023-08-29 18:52:43,750 [main] INFO  netty.NettyConfigKeys$DataStream (ConfUtils.java:logGet(46)) - raft.netty.dataStream.host = null (default)
2023-08-29 18:52:43,751 [main] INFO  netty.NettyConfigKeys$DataStream (ConfUtils.java:logGet(46)) - raft.netty.dataStream.port = 15015 (custom)
2023-08-29 18:52:43,759 [main] INFO  server.RaftServerConfigKeys (ConfUtils.java:logGet(46)) - raft.server.threadpool.proxy.cached = true (default)
2023-08-29 18:52:43,759 [main] INFO  server.RaftServerConfigKeys (ConfUtils.java:logGet(46)) - raft.server.threadpool.proxy.size = 0 (default)
2023-08-29 18:52:43,759 [main] INFO  server.RaftServerConfigKeys (ConfUtils.java:logGet(46)) - raft.server.rpc.slowness.timeout = 300s (custom)
2023-08-29 18:52:43,759 [main] INFO  server.RaftServerConfigKeys (ConfUtils.java:logGet(46)) - raft.server.leaderelection.leader.step-down.wait-time = 10s (default)
2023-08-29 18:52:43,759 [main] INFO  server.RaftServerConfigKeys (ConfUtils.java:logGet(46)) - raft.server.storage.dir = [/home/runner/work/ozone/ozone/hadoop-ozone/integration-test/target/test-dir/MiniOzoneClusterImpl-f4f7c4b3-a6e6-4e2b-8957-3aa4c0e420f5/datanode-0/data/ratis] (custom)
2023-08-29 18:52:43,762 [97ee00cc-8878-42b3-8e3f-b8716daccca4-impl-thread1] INFO  server.RaftServer (RaftServerProxy.java:initGroupDir(258)) - 97ee00cc-8878-42b3-8e3f-b8716daccca4: found a subdirectory /home/runner/work/ozone/ozone/hadoop-ozone/integration-test/target/test-dir/MiniOzoneClusterImpl-f4f7c4b3-a6e6-4e2b-8957-3aa4c0e420f5/datanode-0/data/ratis/tmp
2023-08-29 18:52:43,765 [97ee00cc-8878-42b3-8e3f-b8716daccca4-impl-thread1] INFO  server.RaftServer (RaftServerProxy.java:initGroupDir(263)) - 97ee00cc-8878-42b3-8e3f-b8716daccca4: The directory /home/runner/work/ozone/ozone/hadoop-ozone/integration-test/target/test-dir/MiniOzoneClusterImpl-f4f7c4b3-a6e6-4e2b-8957-3aa4c0e420f5/datanode-0/data/ratis/tmp is not a group directory; ignoring it. 
2023-08-29 18:52:43,768 [main] INFO  replication.ReplicationServer (ReplicationServer.java:<init>(81)) - Initializing replication server with thread count = 10
2023-08-29 18:52:43,779 [97ee00cc-8878-42b3-8e3f-b8716daccca4-NettyServerStreamRpc-bossGroup--thread1] INFO  logging.LoggingHandler (AbstractInternalLogger.java:log(148)) - [id: 0xd8d6673d] REGISTERED
2023-08-29 18:52:43,779 [97ee00cc-8878-42b3-8e3f-b8716daccca4-NettyServerStreamRpc-bossGroup--thread1] INFO  logging.LoggingHandler (AbstractInternalLogger.java:log(148)) - [id: 0xd8d6673d] BIND: 0.0.0.0/0.0.0.0:15015
2023-08-29 18:52:43,781 [97ee00cc-8878-42b3-8e3f-b8716daccca4-NettyServerStreamRpc-bossGroup--thread1] INFO  logging.LoggingHandler (AbstractInternalLogger.java:log(148)) - [id: 0xd8d6673d, L:/0:0:0:0:0:0:0:0:15015] ACTIVE
2023-08-29 18:52:43,789 [main] INFO  server.XceiverServerGrpc (XceiverServerGrpc.java:<init>(132)) - GrpcServer channel type EpollServerSocketChannel
2023-08-29 18:52:43,822 [main] INFO  replication.ReplicationSupervisor (ReplicationSupervisor.java:build(155)) - Initializing replication supervisor with thread count = 10
2023-08-29 18:52:43,823 [main] INFO  replication.ReplicationSupervisor (ReplicationSupervisor.java:nodeStateUpdated(307)) - Node state updated to IN_SERVICE, scaling executor pool size to 10
2023-08-29 18:52:43,868 [main] INFO  http.BaseHttpServer (BaseHttpServer.java:newHttpServer2BuilderForOzone(223)) - Starting Web-server for hddsDatanode at: http://0.0.0.0:15009
2023-08-29 18:52:43,869 [main] INFO  http.BaseHttpServer (BaseHttpServer.java:<init>(110)) - Hadoop Security Enabled: false Ozone Security Enabled: false Ozone HTTP Security Enabled: false 
2023-08-29 18:52:43,870 [main] WARN  server.AuthenticationFilter (AuthenticationFilter.java:constructSecretProvider(240)) - Unable to initialize FileSignerSecretProvider, falling back to use random secrets. Reason: Could not read signature secret file: /home/runner/hadoop-http-auth-signature-secret
2023-08-29 18:52:43,871 [main] INFO  http.HttpRequestLog (HttpRequestLog.java:getRequestLog(86)) - Http request log for http.requests.hddsDatanode is not defined
2023-08-29 18:52:43,873 [main] INFO  http.HttpServer2 (HttpServer2.java:addGlobalFilter(1031)) - Added global filter 'safety' (class=org.apache.hadoop.hdds.server.http.HttpServer2$QuotingInputFilter)
2023-08-29 18:52:43,873 [main] INFO  http.HttpServer2 (HttpServer2.java:addFilter(1007)) - Added filter static_user_filter (class=org.apache.hadoop.http.lib.StaticUserWebFilter$StaticUserFilter) to context hddsDatanode
2023-08-29 18:52:43,874 [main] INFO  http.HttpServer2 (HttpServer2.java:addFilter(1015)) - Added filter static_user_filter (class=org.apache.hadoop.http.lib.StaticUserWebFilter$StaticUserFilter) to context logs
2023-08-29 18:52:43,874 [main] INFO  http.HttpServer2 (HttpServer2.java:addFilter(1015)) - Added filter static_user_filter (class=org.apache.hadoop.http.lib.StaticUserWebFilter$StaticUserFilter) to context static
2023-08-29 18:52:43,875 [main] INFO  http.BaseHttpServer (BaseHttpServer.java:<init>(189)) - HTTP server of hddsDatanode uses base directory /home/runner/work/ozone/ozone/hadoop-ozone/integration-test/target/test-dir/MiniOzoneClusterImpl-f4f7c4b3-a6e6-4e2b-8957-3aa4c0e420f5/datanode-0/meta/webserver
2023-08-29 18:52:43,875 [main] INFO  http.HttpServer2 (HttpServer2.java:bindListener(1231)) - Jetty bound to port 15009
2023-08-29 18:52:43,875 [main] INFO  server.Server (Server.java:doStart(375)) - jetty-9.4.51.v20230217; built: 2023-02-17T08:19:37.309Z; git: b45c405e4544384de066f814ed42ae3dceacdd49; jvm 1.8.0_382-b05
2023-08-29 18:52:43,881 [main] INFO  server.session (DefaultSessionIdManager.java:doStart(334)) - DefaultSessionIdManager workerName=node0
2023-08-29 18:52:43,881 [main] INFO  server.session (DefaultSessionIdManager.java:doStart(339)) - No SessionScavenger set, using defaults
2023-08-29 18:52:43,881 [main] INFO  server.session (HouseKeeper.java:startScavenging(132)) - node0 Scavenging every 600000ms
2023-08-29 18:52:43,882 [main] INFO  handler.ContextHandler (ContextHandler.java:doStart(921)) - Started o.e.j.s.ServletContextHandler@26199930{logs,/logs,file:///home/runner/work/ozone/ozone/hadoop-ozone/integration-test/target/log,AVAILABLE}
2023-08-29 18:52:43,883 [main] INFO  handler.ContextHandler (ContextHandler.java:doStart(921)) - Started o.e.j.s.ServletContextHandler@5bd48bbb{static,/static,jar:file:/home/runner/.m2/repository/org/apache/ozone/hdds-container-service/1.4.0-SNAPSHOT/hdds-container-service-1.4.0-SNAPSHOT.jar!/webapps/static,AVAILABLE}
2023-08-29 18:52:44,100 [main] INFO  handler.ContextHandler (ContextHandler.java:doStart(921)) - Started o.e.j.w.WebAppContext@2a5c851b{hddsDatanode,/,file:///home/runner/work/ozone/ozone/hadoop-ozone/integration-test/target/test-dir/MiniOzoneClusterImpl-f4f7c4b3-a6e6-4e2b-8957-3aa4c0e420f5/datanode-0/meta/webserver/jetty-0_0_0_0-15009-hdds-container-service-1_4_0-SNAPSHOT_jar-_-any-4518801841989844749/webapp/,AVAILABLE}{jar:file:/home/runner/.m2/repository/org/apache/ozone/hdds-container-service/1.4.0-SNAPSHOT/hdds-container-service-1.4.0-SNAPSHOT.jar!/webapps/hddsDatanode}
2023-08-29 18:52:44,101 [main] INFO  server.AbstractConnector (AbstractConnector.java:doStart(333)) - Started ServerConnector@5865251d{HTTP/1.1, (http/1.1)}{0.0.0.0:15009}
2023-08-29 18:52:44,101 [main] INFO  server.Server (Server.java:doStart(415)) - Started @8658ms
2023-08-29 18:52:44,101 [main] WARN  impl.MetricsSystemImpl (MetricsSystemImpl.java:register(279)) - Sink prometheus already exists!
2023-08-29 18:52:44,102 [main] INFO  http.BaseHttpServer (BaseHttpServer.java:updateConnectorAddress(354)) - HTTP server of hddsDatanode listening at http://0.0.0.0:15009
2023-08-29 18:52:44,106 [main] INFO  ipc.CallQueueManager (CallQueueManager.java:<init>(90)) - Using callQueue: class java.util.concurrent.LinkedBlockingQueue, queueCapacity: 100, scheduler: class org.apache.hadoop.ipc.DefaultRpcScheduler, ipcBackoff: false.
2023-08-29 18:52:44,106 [main] INFO  ipc.Server (Server.java:<init>(1287)) - Listener at 0.0.0.0:15010
2023-08-29 18:52:44,107 [Socket Reader #1 for port 15010] INFO  ipc.Server (Server.java:run(1323)) - Starting Socket Reader #1 for port 15010
2023-08-29 18:52:44,112 [main] INFO  ozone.HddsDatanodeService (HddsDatanodeService.java:start(315)) - Datanode start with admins: [runner]
2023-08-29 18:52:44,112 [main] INFO  ozone.HddsDatanodeClientProtocolServer (HddsDatanodeClientProtocolServer.java:start(72)) - RPC server for Client /0.0.0.0:15010
2023-08-29 18:52:44,115 [IPC Server Responder] INFO  ipc.Server (Server.java:run(1562)) - IPC Server Responder: starting
2023-08-29 18:52:44,115 [IPC Server listener on 15010] INFO  ipc.Server (Server.java:run(1402)) - IPC Server listener on 15010: starting
2023-08-29 18:52:44,116 [main] WARN  impl.MetricRegistriesImpl (MetricRegistriesImpl.java:addReporterRegistration(111)) - New reporters are added after registries were created. Some metrics will be missing from the reporter. Please add reporter before adding any new registry.
2023-08-29 18:52:44,116 [main] WARN  impl.MetricRegistriesImpl (MetricRegistriesImpl.java:addReporterRegistration(111)) - New reporters are added after registries were created. Some metrics will be missing from the reporter. Please add reporter before adding any new registry.
2023-08-29 18:52:44,116 [main] INFO  impl.MetricsSystemImpl (MetricsSystemImpl.java:init(158)) - HddsDatanode metrics system started (again)
2023-08-29 18:52:44,123 [Datanode State Machine Daemon Thread] INFO  statemachine.DatanodeStateMachine (DatanodeStateMachine.java:lambda$startDaemon$0(538)) - Ozone container server started.
2023-08-29 18:52:44,139 [main] INFO  ozone.HddsDatanodeService (HddsDatanodeService.java:start(237)) - HddsDatanodeService host:fv-az225-157.hxhba2eg53duheooqg2bzplbvd.bx.internal.cloudapp.net ip:10.1.0.239
2023-08-29 18:52:44,187 [main] INFO  upgrade.AbstractLayoutVersionManager (AbstractLayoutVersionManager.java:init(83)) - Initializing Layout version manager with metadata layout = HADOOP_PRC_PORTS_IN_DATANODEDETAILS (version = 7), software layout = HADOOP_PRC_PORTS_IN_DATANODEDETAILS (version = 7)
2023-08-29 18:52:44,189 [main] INFO  statemachine.DatanodeStateMachine (DatanodeStateMachine.java:getEndPointTaskThreadPoolSize(282)) - Datanode State Machine Task Thread Pool size 2
2023-08-29 18:52:44,200 [main] INFO  volume.HddsVolume (HddsVolume.java:<init>(126)) - Creating HddsVolume: /home/runner/work/ozone/ozone/hadoop-ozone/integration-test/target/test-dir/MiniOzoneClusterImpl-f4f7c4b3-a6e6-4e2b-8957-3aa4c0e420f5/datanode-1/data-0/containers/hdds of storage type : DISK capacity : 9223372036854775807
2023-08-29 18:52:44,201 [main] INFO  volume.MutableVolumeSet (MutableVolumeSet.java:initializeVolumeSet(173)) - Added Volume : /home/runner/work/ozone/ozone/hadoop-ozone/integration-test/target/test-dir/MiniOzoneClusterImpl-f4f7c4b3-a6e6-4e2b-8957-3aa4c0e420f5/datanode-1/data-0/containers/hdds to VolumeSet
2023-08-29 18:52:44,202 [main] INFO  volume.MutableVolumeSet (MutableVolumeSet.java:initializeVolumeSet(173)) - Added Volume : /home/runner/work/ozone/ozone/hadoop-ozone/integration-test/target/test-dir/MiniOzoneClusterImpl-f4f7c4b3-a6e6-4e2b-8957-3aa4c0e420f5/datanode-1/data/ratis to VolumeSet
2023-08-29 18:52:44,206 [Thread-157] INFO  ozoneimpl.ContainerReader (ContainerReader.java:readVolume(177)) - Finish verifying containers on volume /home/runner/work/ozone/ozone/hadoop-ozone/integration-test/target/test-dir/MiniOzoneClusterImpl-f4f7c4b3-a6e6-4e2b-8957-3aa4c0e420f5/datanode-1/data-0/containers/hdds
2023-08-29 18:52:44,208 [main] INFO  ozoneimpl.OzoneContainer (OzoneContainer.java:buildContainerSet(314)) - Build ContainerSet costs 0s
2023-08-29 18:52:44,211 [main] INFO  server.RaftServer (ConfUtils.java:logGet(46)) - raft.rpc.type = GRPC (default)
2023-08-29 18:52:44,212 [main] INFO  grpc.GrpcConfigKeys (ConfUtils.java:logFallback(53)) - raft.grpc.admin.host = null (fallback to raft.grpc.server.host)
2023-08-29 18:52:44,212 [main] INFO  grpc.GrpcConfigKeys (ConfUtils.java:logGet(46)) - raft.grpc.admin.port = 15022 (custom)
2023-08-29 18:52:44,212 [main] INFO  grpc.GrpcConfigKeys (ConfUtils.java:logFallback(53)) - raft.grpc.client.host = null (fallback to raft.grpc.server.host)
2023-08-29 18:52:44,212 [main] INFO  grpc.GrpcConfigKeys (ConfUtils.java:logGet(46)) - raft.grpc.client.port = 15021 (custom)
2023-08-29 18:52:44,212 [main] INFO  grpc.GrpcConfigKeys (ConfUtils.java:logGet(46)) - raft.grpc.server.host = null (default)
2023-08-29 18:52:44,212 [main] INFO  grpc.GrpcConfigKeys (ConfUtils.java:logGet(46)) - raft.grpc.server.port = 15023 (custom)
2023-08-29 18:52:44,212 [main] INFO  server.GrpcService (ConfUtils.java:logGet(46)) - raft.grpc.message.size.max = 32MB (=33554432) (custom)
2023-08-29 18:52:44,213 [main] INFO  server.RaftServerConfigKeys (ConfUtils.java:logGet(46)) - raft.server.log.appender.buffer.byte-limit = 33554432 (custom)
2023-08-29 18:52:44,213 [main] INFO  server.GrpcService (ConfUtils.java:logGet(46)) - raft.grpc.flow.control.window = 5MB (=5242880) (custom)
2023-08-29 18:52:44,213 [main] INFO  server.RaftServerConfigKeys (ConfUtils.java:logGet(46)) - raft.server.rpc.request.timeout = 60s (custom)
2023-08-29 18:52:44,213 [main] INFO  grpc.GrpcConfigKeys (ConfUtils.java:logGet(46)) - raft.grpc.server.heartbeat.channel = true (default)
2023-08-29 18:52:44,213 [main] INFO  grpc.GrpcConfigKeys (ConfUtils.java:logGet(46)) - raft.grpc.server.async.request.thread.pool.cached = true (default)
2023-08-29 18:52:44,213 [main] INFO  grpc.GrpcConfigKeys (ConfUtils.java:logGet(46)) - raft.grpc.server.async.request.thread.pool.size = 32 (default)
2023-08-29 18:52:44,215 [main] INFO  impl.DataStreamServerImpl (ConfUtils.java:logGet(46)) - raft.datastream.type = NETTY (custom)
2023-08-29 18:52:44,216 [main] INFO  server.RaftServerConfigKeys (ConfUtils.java:logGet(46)) - raft.server.data-stream.async.request.thread.pool.cached = false (default)
2023-08-29 18:52:44,216 [main] INFO  server.RaftServerConfigKeys (ConfUtils.java:logGet(46)) - raft.server.data-stream.async.request.thread.pool.size = 20 (custom)
2023-08-29 18:52:44,217 [om1@group-C5BA1605619E-FollowerState] INFO  impl.FollowerState (FollowerState.java:run(143)) - om1@group-C5BA1605619E-FollowerState: change to CANDIDATE, lastRpcElapsedTime:1056502133ns, electionTimeout:1045ms
2023-08-29 18:52:44,218 [om1@group-C5BA1605619E-FollowerState] INFO  impl.RoleInfo (RoleInfo.java:shutdownFollowerState(110)) - om1: shutdown om1@group-C5BA1605619E-FollowerState
2023-08-29 18:52:44,220 [om1@group-C5BA1605619E-FollowerState] INFO  server.RaftServer$Division (RaftServerImpl.java:setRole(329)) - om1@group-C5BA1605619E: changes role from  FOLLOWER to CANDIDATE at term 0 for changeToCandidate
2023-08-29 18:52:44,223 [om1@group-C5BA1605619E-FollowerState] INFO  server.RaftServerConfigKeys (ConfUtils.java:logGet(46)) - raft.server.leaderelection.pre-vote = true (default)
2023-08-29 18:52:44,223 [om1@group-C5BA1605619E-FollowerState] INFO  impl.RoleInfo (RoleInfo.java:updateAndGet(139)) - om1: start om1@group-C5BA1605619E-LeaderElection1
2023-08-29 18:52:44,227 [main] INFO  server.RaftServerConfigKeys (ConfUtils.java:logGet(46)) - raft.server.data-stream.async.write.thread.pool.size = 16 (default)
2023-08-29 18:52:44,227 [main] INFO  server.RaftServerConfigKeys (ConfUtils.java:logGet(46)) - raft.server.data-stream.client.pool.size = 10 (default)
2023-08-29 18:52:44,227 [main] INFO  netty.NettyConfigKeys$DataStream (ConfUtils.java:logGet(46)) - raft.netty.dataStream.server.use-epoll = false (default)
2023-08-29 18:52:44,227 [main] INFO  netty.NettyConfigKeys$DataStream (ConfUtils.java:logGet(46)) - raft.netty.dataStream.server.boss-group.size = 0 (default)
2023-08-29 18:52:44,228 [main] INFO  netty.NettyConfigKeys$DataStream (ConfUtils.java:logGet(46)) - raft.netty.dataStream.server.worker-group.size = 0 (default)
2023-08-29 18:52:44,228 [main] INFO  netty.NettyConfigKeys$DataStream (ConfUtils.java:logGet(46)) - raft.netty.dataStream.server.tls.conf = null (default)
2023-08-29 18:52:44,228 [main] INFO  netty.NettyConfigKeys$DataStream (ConfUtils.java:logGet(46)) - raft.netty.dataStream.host = null (default)
2023-08-29 18:52:44,228 [main] INFO  netty.NettyConfigKeys$DataStream (ConfUtils.java:logGet(46)) - raft.netty.dataStream.port = 15024 (custom)
2023-08-29 18:52:44,238 [main] INFO  server.RaftServerConfigKeys (ConfUtils.java:logGet(46)) - raft.server.threadpool.proxy.cached = true (default)
2023-08-29 18:52:44,238 [main] INFO  server.RaftServerConfigKeys (ConfUtils.java:logGet(46)) - raft.server.threadpool.proxy.size = 0 (default)
2023-08-29 18:52:44,238 [main] INFO  server.RaftServerConfigKeys (ConfUtils.java:logGet(46)) - raft.server.rpc.slowness.timeout = 300s (custom)
2023-08-29 18:52:44,238 [main] INFO  server.RaftServerConfigKeys (ConfUtils.java:logGet(46)) - raft.server.leaderelection.leader.step-down.wait-time = 10s (default)
2023-08-29 18:52:44,238 [main] INFO  server.RaftServerConfigKeys (ConfUtils.java:logGet(46)) - raft.server.storage.dir = [/home/runner/work/ozone/ozone/hadoop-ozone/integration-test/target/test-dir/MiniOzoneClusterImpl-f4f7c4b3-a6e6-4e2b-8957-3aa4c0e420f5/datanode-1/data/ratis] (custom)
2023-08-29 18:52:44,239 [Datanode State Machine Task Thread - 0] INFO  datanode.InitDatanodeState (InitDatanodeState.java:persistContainerDatanodeDetails(138)) - DatanodeDetails is persisted to /home/runner/work/ozone/ozone/hadoop-ozone/integration-test/target/test-dir/MiniOzoneClusterImpl-f4f7c4b3-a6e6-4e2b-8957-3aa4c0e420f5/datanode-0/meta/datanode.id
2023-08-29 18:52:44,243 [7f4449f5-5363-4e2a-a958-eb2e78800a81-NettyServerStreamRpc-bossGroup--thread1] INFO  logging.LoggingHandler (AbstractInternalLogger.java:log(148)) - [id: 0xb1e63ed6] REGISTERED
2023-08-29 18:52:44,244 [7f4449f5-5363-4e2a-a958-eb2e78800a81-NettyServerStreamRpc-bossGroup--thread1] INFO  logging.LoggingHandler (AbstractInternalLogger.java:log(148)) - [id: 0xb1e63ed6] BIND: 0.0.0.0/0.0.0.0:15024
2023-08-29 18:52:44,244 [7f4449f5-5363-4e2a-a958-eb2e78800a81-NettyServerStreamRpc-bossGroup--thread1] INFO  logging.LoggingHandler (AbstractInternalLogger.java:log(148)) - [id: 0xb1e63ed6, L:/0:0:0:0:0:0:0:0:15024] ACTIVE
2023-08-29 18:52:44,249 [om1@group-C5BA1605619E-LeaderElection1] INFO  impl.LeaderElection (LeaderElection.java:askForVotes(321)) - om1@group-C5BA1605619E-LeaderElection1 PRE_VOTE round 0: submit vote requests at term 0 for -1: peers:[om1|rpc:localhost:15007|priority:0|startupRole:FOLLOWER]|listeners:[], old=null
2023-08-29 18:52:44,250 [om1@group-C5BA1605619E-LeaderElection1] INFO  impl.LeaderElection (LeaderElection.java:askForVotes(323)) - om1@group-C5BA1605619E-LeaderElection1 PRE_VOTE round 0: result PASSED (term=0)
2023-08-29 18:52:44,251 [7f4449f5-5363-4e2a-a958-eb2e78800a81-impl-thread1] INFO  server.RaftServer (RaftServerProxy.java:initGroupDir(258)) - 7f4449f5-5363-4e2a-a958-eb2e78800a81: found a subdirectory /home/runner/work/ozone/ozone/hadoop-ozone/integration-test/target/test-dir/MiniOzoneClusterImpl-f4f7c4b3-a6e6-4e2b-8957-3aa4c0e420f5/datanode-1/data/ratis/tmp
2023-08-29 18:52:44,251 [7f4449f5-5363-4e2a-a958-eb2e78800a81-impl-thread1] INFO  server.RaftServer (RaftServerProxy.java:initGroupDir(263)) - 7f4449f5-5363-4e2a-a958-eb2e78800a81: The directory /home/runner/work/ozone/ozone/hadoop-ozone/integration-test/target/test-dir/MiniOzoneClusterImpl-f4f7c4b3-a6e6-4e2b-8957-3aa4c0e420f5/datanode-1/data/ratis/tmp is not a group directory; ignoring it. 
2023-08-29 18:52:44,251 [main] INFO  replication.ReplicationServer (ReplicationServer.java:<init>(81)) - Initializing replication server with thread count = 10
2023-08-29 18:52:44,253 [main] INFO  server.XceiverServerGrpc (XceiverServerGrpc.java:<init>(132)) - GrpcServer channel type EpollServerSocketChannel
2023-08-29 18:52:44,255 [main] INFO  replication.ReplicationSupervisor (ReplicationSupervisor.java:build(155)) - Initializing replication supervisor with thread count = 10
2023-08-29 18:52:44,255 [main] INFO  replication.ReplicationSupervisor (ReplicationSupervisor.java:nodeStateUpdated(307)) - Node state updated to IN_SERVICE, scaling executor pool size to 10
2023-08-29 18:52:44,256 [om1@group-C5BA1605619E-LeaderElection1] INFO  impl.LeaderElection (LeaderElection.java:askForVotes(321)) - om1@group-C5BA1605619E-LeaderElection1 ELECTION round 0: submit vote requests at term 1 for -1: peers:[om1|rpc:localhost:15007|priority:0|startupRole:FOLLOWER]|listeners:[], old=null
2023-08-29 18:52:44,256 [om1@group-C5BA1605619E-LeaderElection1] INFO  impl.LeaderElection (LeaderElection.java:askForVotes(323)) - om1@group-C5BA1605619E-LeaderElection1 ELECTION round 0: result PASSED (term=1)
2023-08-29 18:52:44,256 [om1@group-C5BA1605619E-LeaderElection1] INFO  impl.RoleInfo (RoleInfo.java:shutdownLeaderElection(130)) - om1: shutdown om1@group-C5BA1605619E-LeaderElection1
2023-08-29 18:52:44,257 [om1@group-C5BA1605619E-LeaderElection1] INFO  server.RaftServer$Division (RaftServerImpl.java:setRole(329)) - om1@group-C5BA1605619E: changes role from CANDIDATE to LEADER at term 1 for changeToLeader
2023-08-29 18:52:44,258 [om1@group-C5BA1605619E-LeaderElection1] INFO  server.RaftServer$Division (ServerState.java:setLeader(317)) - om1@group-C5BA1605619E: change Leader from null to om1 at term 1 for becomeLeader, leader elected after 2138ms
2023-08-29 18:52:44,267 [main] INFO  http.BaseHttpServer (BaseHttpServer.java:newHttpServer2BuilderForOzone(223)) - Starting Web-server for hddsDatanode at: http://0.0.0.0:15018
2023-08-29 18:52:44,267 [main] INFO  http.BaseHttpServer (BaseHttpServer.java:<init>(110)) - Hadoop Security Enabled: false Ozone Security Enabled: false Ozone HTTP Security Enabled: false 
2023-08-29 18:52:44,270 [om1@group-C5BA1605619E-LeaderElection1] INFO  server.RaftServerConfigKeys (ConfUtils.java:logGet(46)) - raft.server.staging.catchup.gap = 1000 (default)
2023-08-29 18:52:44,271 [main] WARN  server.AuthenticationFilter (AuthenticationFilter.java:constructSecretProvider(240)) - Unable to initialize FileSignerSecretProvider, falling back to use random secrets. Reason: Could not read signature secret file: /home/runner/hadoop-http-auth-signature-secret
2023-08-29 18:52:44,278 [om1@group-C5BA1605619E-LeaderElection1] INFO  server.RaftServerConfigKeys (ConfUtils.java:logGet(46)) - raft.server.write.element-limit = 4096 (default)
2023-08-29 18:52:44,279 [om1@group-C5BA1605619E-LeaderElection1] INFO  server.RaftServerConfigKeys (ConfUtils.java:logGet(46)) - raft.server.write.byte-limit = 64MB (=67108864) (default)
2023-08-29 18:52:44,281 [main] INFO  http.HttpRequestLog (HttpRequestLog.java:getRequestLog(86)) - Http request log for http.requests.hddsDatanode is not defined
2023-08-29 18:52:44,282 [main] INFO  http.HttpServer2 (HttpServer2.java:addGlobalFilter(1031)) - Added global filter 'safety' (class=org.apache.hadoop.hdds.server.http.HttpServer2$QuotingInputFilter)
2023-08-29 18:52:44,283 [main] INFO  http.HttpServer2 (HttpServer2.java:addFilter(1007)) - Added filter static_user_filter (class=org.apache.hadoop.http.lib.StaticUserWebFilter$StaticUserFilter) to context hddsDatanode
2023-08-29 18:52:44,283 [main] INFO  http.HttpServer2 (HttpServer2.java:addFilter(1015)) - Added filter static_user_filter (class=org.apache.hadoop.http.lib.StaticUserWebFilter$StaticUserFilter) to context logs
2023-08-29 18:52:44,283 [main] INFO  http.HttpServer2 (HttpServer2.java:addFilter(1015)) - Added filter static_user_filter (class=org.apache.hadoop.http.lib.StaticUserWebFilter$StaticUserFilter) to context static
2023-08-29 18:52:44,286 [om1@group-C5BA1605619E-LeaderElection1] INFO  server.RaftServerConfigKeys (ConfUtils.java:logGet(46)) - raft.server.watch.timeout = 10s (default)
2023-08-29 18:52:44,286 [om1@group-C5BA1605619E-LeaderElection1] INFO  server.RaftServerConfigKeys (ConfUtils.java:logGet(46)) - raft.server.watch.timeout.denomination = 1s (default)
2023-08-29 18:52:44,287 [om1@group-C5BA1605619E-LeaderElection1] INFO  server.RaftServerConfigKeys (ConfUtils.java:logGet(46)) - raft.server.watch.element-limit = 65536 (default)
2023-08-29 18:52:44,291 [main] INFO  http.BaseHttpServer (BaseHttpServer.java:<init>(189)) - HTTP server of hddsDatanode uses base directory /home/runner/work/ozone/ozone/hadoop-ozone/integration-test/target/test-dir/MiniOzoneClusterImpl-f4f7c4b3-a6e6-4e2b-8957-3aa4c0e420f5/datanode-1/meta/webserver
2023-08-29 18:52:44,291 [main] INFO  http.HttpServer2 (HttpServer2.java:bindListener(1231)) - Jetty bound to port 15018
2023-08-29 18:52:44,292 [main] INFO  server.Server (Server.java:doStart(375)) - jetty-9.4.51.v20230217; built: 2023-02-17T08:19:37.309Z; git: b45c405e4544384de066f814ed42ae3dceacdd49; jvm 1.8.0_382-b05
2023-08-29 18:52:44,293 [om1@group-C5BA1605619E-LeaderElection1] INFO  server.RaftServerConfigKeys (ConfUtils.java:logGet(46)) - raft.server.write.element-limit = 4096 (default)
2023-08-29 18:52:44,296 [om1@group-C5BA1605619E-LeaderElection1] INFO  server.RaftServerConfigKeys (ConfUtils.java:logGet(46)) - raft.server.write.follower.gap.ratio.max = -1.0 (default)
2023-08-29 18:52:44,299 [om1@group-C5BA1605619E-LeaderElection1] INFO  impl.RoleInfo (RoleInfo.java:updateAndGet(139)) - om1: start om1@group-C5BA1605619E-LeaderStateImpl
2023-08-29 18:52:44,323 [om1@group-C5BA1605619E-LeaderElection1] INFO  segmented.SegmentedRaftLogWorker (SegmentedRaftLogWorker.java:startLogSegment(447)) - om1@group-C5BA1605619E-SegmentedRaftLogWorker: Starting segment from index:0
2023-08-29 18:52:44,344 [main] INFO  server.session (DefaultSessionIdManager.java:doStart(334)) - DefaultSessionIdManager workerName=node0
2023-08-29 18:52:44,344 [main] INFO  server.session (DefaultSessionIdManager.java:doStart(339)) - No SessionScavenger set, using defaults
2023-08-29 18:52:44,345 [main] INFO  server.session (HouseKeeper.java:startScavenging(132)) - node0 Scavenging every 600000ms
2023-08-29 18:52:44,348 [main] INFO  handler.ContextHandler (ContextHandler.java:doStart(921)) - Started o.e.j.s.ServletContextHandler@48816424{logs,/logs,file:///home/runner/work/ozone/ozone/hadoop-ozone/integration-test/target/log,AVAILABLE}
2023-08-29 18:52:44,348 [main] INFO  handler.ContextHandler (ContextHandler.java:doStart(921)) - Started o.e.j.s.ServletContextHandler@76985033{static,/static,jar:file:/home/runner/.m2/repository/org/apache/ozone/hdds-container-service/1.4.0-SNAPSHOT/hdds-container-service-1.4.0-SNAPSHOT.jar!/webapps/static,AVAILABLE}
2023-08-29 18:52:44,376 [om1@group-C5BA1605619E-LeaderElection1] INFO  server.RaftServer$Division (ServerState.java:setRaftConf(434)) - om1@group-C5BA1605619E: set configuration 0: peers:[om1|rpc:localhost:15007|admin:|client:|dataStream:|priority:0|startupRole:FOLLOWER]|listeners:[], old=null
2023-08-29 18:52:44,481 [om1@group-C5BA1605619E-SegmentedRaftLogWorker] INFO  segmented.SegmentedRaftLogWorker (SegmentedRaftLogWorker.java:execute(651)) - om1@group-C5BA1605619E-SegmentedRaftLogWorker: created new log segment /home/runner/work/ozone/ozone/hadoop-ozone/integration-test/target/test-dir/MiniOzoneClusterImpl-f4f7c4b3-a6e6-4e2b-8957-3aa4c0e420f5/ozone-meta/ratis/bf265839-605b-3f16-9796-c5ba1605619e/current/log_inprogress_0
2023-08-29 18:52:44,575 [main] INFO  handler.ContextHandler (ContextHandler.java:doStart(921)) - Started o.e.j.w.WebAppContext@37f3e60c{hddsDatanode,/,file:///home/runner/work/ozone/ozone/hadoop-ozone/integration-test/target/test-dir/MiniOzoneClusterImpl-f4f7c4b3-a6e6-4e2b-8957-3aa4c0e420f5/datanode-1/meta/webserver/jetty-0_0_0_0-15018-hdds-container-service-1_4_0-SNAPSHOT_jar-_-any-4791449708908229334/webapp/,AVAILABLE}{jar:file:/home/runner/.m2/repository/org/apache/ozone/hdds-container-service/1.4.0-SNAPSHOT/hdds-container-service-1.4.0-SNAPSHOT.jar!/webapps/hddsDatanode}
2023-08-29 18:52:44,580 [main] INFO  server.AbstractConnector (AbstractConnector.java:doStart(333)) - Started ServerConnector@78c726d2{HTTP/1.1, (http/1.1)}{0.0.0.0:15018}
2023-08-29 18:52:44,580 [main] INFO  server.Server (Server.java:doStart(415)) - Started @9137ms
2023-08-29 18:52:44,580 [main] WARN  impl.MetricsSystemImpl (MetricsSystemImpl.java:register(279)) - Sink prometheus already exists!
2023-08-29 18:52:44,583 [main] INFO  http.BaseHttpServer (BaseHttpServer.java:updateConnectorAddress(354)) - HTTP server of hddsDatanode listening at http://0.0.0.0:15018
2023-08-29 18:52:44,583 [main] INFO  ipc.CallQueueManager (CallQueueManager.java:<init>(90)) - Using callQueue: class java.util.concurrent.LinkedBlockingQueue, queueCapacity: 100, scheduler: class org.apache.hadoop.ipc.DefaultRpcScheduler, ipcBackoff: false.
2023-08-29 18:52:44,584 [main] INFO  ipc.Server (Server.java:<init>(1287)) - Listener at 0.0.0.0:15019
2023-08-29 18:52:44,587 [Socket Reader #1 for port 15019] INFO  ipc.Server (Server.java:run(1323)) - Starting Socket Reader #1 for port 15019
2023-08-29 18:52:44,596 [main] INFO  ozone.HddsDatanodeService (HddsDatanodeService.java:start(315)) - Datanode start with admins: [runner]
2023-08-29 18:52:44,596 [main] INFO  ozone.HddsDatanodeClientProtocolServer (HddsDatanodeClientProtocolServer.java:start(72)) - RPC server for Client /0.0.0.0:15019
2023-08-29 18:52:44,599 [IPC Server Responder] INFO  ipc.Server (Server.java:run(1562)) - IPC Server Responder: starting
2023-08-29 18:52:44,605 [main] WARN  impl.MetricRegistriesImpl (MetricRegistriesImpl.java:addReporterRegistration(111)) - New reporters are added after registries were created. Some metrics will be missing from the reporter. Please add reporter before adding any new registry.
2023-08-29 18:52:44,605 [main] WARN  impl.MetricRegistriesImpl (MetricRegistriesImpl.java:addReporterRegistration(111)) - New reporters are added after registries were created. Some metrics will be missing from the reporter. Please add reporter before adding any new registry.
2023-08-29 18:52:44,605 [main] INFO  impl.MetricsSystemImpl (MetricsSystemImpl.java:init(158)) - HddsDatanode metrics system started (again)
2023-08-29 18:52:44,608 [om1@group-C5BA1605619E-StateMachineUpdater] INFO  ratis.OzoneManagerStateMachine (OzoneManagerStateMachine.java:notifyConfigurationChanged(202)) - Received Configuration change notification from Ratis. New Peer list:
[id: "om1"
address: "localhost:15007"
startupRole: FOLLOWER
]
2023-08-29 18:52:44,612 [Datanode State Machine Daemon Thread] INFO  statemachine.DatanodeStateMachine (DatanodeStateMachine.java:lambda$startDaemon$0(538)) - Ozone container server started.
2023-08-29 18:52:44,612 [IPC Server listener on 15019] INFO  ipc.Server (Server.java:run(1402)) - IPC Server listener on 15019: starting
2023-08-29 18:52:44,627 [main] INFO  ozone.HddsDatanodeService (HddsDatanodeService.java:start(237)) - HddsDatanodeService host:fv-az225-157.hxhba2eg53duheooqg2bzplbvd.bx.internal.cloudapp.net ip:10.1.0.239
2023-08-29 18:52:44,648 [main] INFO  upgrade.AbstractLayoutVersionManager (AbstractLayoutVersionManager.java:init(83)) - Initializing Layout version manager with metadata layout = HADOOP_PRC_PORTS_IN_DATANODEDETAILS (version = 7), software layout = HADOOP_PRC_PORTS_IN_DATANODEDETAILS (version = 7)
2023-08-29 18:52:44,649 [main] INFO  statemachine.DatanodeStateMachine (DatanodeStateMachine.java:getEndPointTaskThreadPoolSize(282)) - Datanode State Machine Task Thread Pool size 2
2023-08-29 18:52:44,652 [main] INFO  volume.HddsVolume (HddsVolume.java:<init>(126)) - Creating HddsVolume: /home/runner/work/ozone/ozone/hadoop-ozone/integration-test/target/test-dir/MiniOzoneClusterImpl-f4f7c4b3-a6e6-4e2b-8957-3aa4c0e420f5/datanode-2/data-0/containers/hdds of storage type : DISK capacity : 9223372036854775807
2023-08-29 18:52:44,652 [main] INFO  volume.MutableVolumeSet (MutableVolumeSet.java:initializeVolumeSet(173)) - Added Volume : /home/runner/work/ozone/ozone/hadoop-ozone/integration-test/target/test-dir/MiniOzoneClusterImpl-f4f7c4b3-a6e6-4e2b-8957-3aa4c0e420f5/datanode-2/data-0/containers/hdds to VolumeSet
2023-08-29 18:52:44,653 [main] INFO  volume.MutableVolumeSet (MutableVolumeSet.java:initializeVolumeSet(173)) - Added Volume : /home/runner/work/ozone/ozone/hadoop-ozone/integration-test/target/test-dir/MiniOzoneClusterImpl-f4f7c4b3-a6e6-4e2b-8957-3aa4c0e420f5/datanode-2/data/ratis to VolumeSet
2023-08-29 18:52:44,654 [Thread-176] INFO  ozoneimpl.ContainerReader (ContainerReader.java:readVolume(177)) - Finish verifying containers on volume /home/runner/work/ozone/ozone/hadoop-ozone/integration-test/target/test-dir/MiniOzoneClusterImpl-f4f7c4b3-a6e6-4e2b-8957-3aa4c0e420f5/datanode-2/data-0/containers/hdds
2023-08-29 18:52:44,654 [main] INFO  ozoneimpl.OzoneContainer (OzoneContainer.java:buildContainerSet(314)) - Build ContainerSet costs 0s
2023-08-29 18:52:44,658 [main] INFO  server.RaftServer (ConfUtils.java:logGet(46)) - raft.rpc.type = GRPC (default)
2023-08-29 18:52:44,659 [main] INFO  grpc.GrpcConfigKeys (ConfUtils.java:logFallback(53)) - raft.grpc.admin.host = null (fallback to raft.grpc.server.host)
2023-08-29 18:52:44,659 [main] INFO  grpc.GrpcConfigKeys (ConfUtils.java:logGet(46)) - raft.grpc.admin.port = 15031 (custom)
2023-08-29 18:52:44,659 [main] INFO  grpc.GrpcConfigKeys (ConfUtils.java:logFallback(53)) - raft.grpc.client.host = null (fallback to raft.grpc.server.host)
2023-08-29 18:52:44,659 [main] INFO  grpc.GrpcConfigKeys (ConfUtils.java:logGet(46)) - raft.grpc.client.port = 15030 (custom)
2023-08-29 18:52:44,659 [main] INFO  grpc.GrpcConfigKeys (ConfUtils.java:logGet(46)) - raft.grpc.server.host = null (default)
2023-08-29 18:52:44,659 [main] INFO  grpc.GrpcConfigKeys (ConfUtils.java:logGet(46)) - raft.grpc.server.port = 15032 (custom)
2023-08-29 18:52:44,659 [main] INFO  server.GrpcService (ConfUtils.java:logGet(46)) - raft.grpc.message.size.max = 32MB (=33554432) (custom)
2023-08-29 18:52:44,660 [main] INFO  server.RaftServerConfigKeys (ConfUtils.java:logGet(46)) - raft.server.log.appender.buffer.byte-limit = 33554432 (custom)
2023-08-29 18:52:44,660 [main] INFO  server.GrpcService (ConfUtils.java:logGet(46)) - raft.grpc.flow.control.window = 5MB (=5242880) (custom)
2023-08-29 18:52:44,660 [main] INFO  server.RaftServerConfigKeys (ConfUtils.java:logGet(46)) - raft.server.rpc.request.timeout = 60s (custom)
2023-08-29 18:52:44,660 [main] INFO  grpc.GrpcConfigKeys (ConfUtils.java:logGet(46)) - raft.grpc.server.heartbeat.channel = true (default)
2023-08-29 18:52:44,656 [Datanode State Machine Task Thread - 0] INFO  datanode.InitDatanodeState (InitDatanodeState.java:persistContainerDatanodeDetails(138)) - DatanodeDetails is persisted to /home/runner/work/ozone/ozone/hadoop-ozone/integration-test/target/test-dir/MiniOzoneClusterImpl-f4f7c4b3-a6e6-4e2b-8957-3aa4c0e420f5/datanode-1/meta/datanode.id
2023-08-29 18:52:44,660 [main] INFO  grpc.GrpcConfigKeys (ConfUtils.java:logGet(46)) - raft.grpc.server.async.request.thread.pool.cached = true (default)
2023-08-29 18:52:44,660 [main] INFO  grpc.GrpcConfigKeys (ConfUtils.java:logGet(46)) - raft.grpc.server.async.request.thread.pool.size = 32 (default)
2023-08-29 18:52:44,663 [main] INFO  impl.DataStreamServerImpl (ConfUtils.java:logGet(46)) - raft.datastream.type = NETTY (custom)
2023-08-29 18:52:44,663 [main] INFO  server.RaftServerConfigKeys (ConfUtils.java:logGet(46)) - raft.server.data-stream.async.request.thread.pool.cached = false (default)
2023-08-29 18:52:44,663 [main] INFO  server.RaftServerConfigKeys (ConfUtils.java:logGet(46)) - raft.server.data-stream.async.request.thread.pool.size = 20 (custom)
2023-08-29 18:52:44,664 [main] INFO  server.RaftServerConfigKeys (ConfUtils.java:logGet(46)) - raft.server.data-stream.async.write.thread.pool.size = 16 (default)
2023-08-29 18:52:44,664 [main] INFO  server.RaftServerConfigKeys (ConfUtils.java:logGet(46)) - raft.server.data-stream.client.pool.size = 10 (default)
2023-08-29 18:52:44,664 [main] INFO  netty.NettyConfigKeys$DataStream (ConfUtils.java:logGet(46)) - raft.netty.dataStream.server.use-epoll = false (default)
2023-08-29 18:52:44,664 [main] INFO  netty.NettyConfigKeys$DataStream (ConfUtils.java:logGet(46)) - raft.netty.dataStream.server.boss-group.size = 0 (default)
2023-08-29 18:52:44,664 [main] INFO  netty.NettyConfigKeys$DataStream (ConfUtils.java:logGet(46)) - raft.netty.dataStream.server.worker-group.size = 0 (default)
2023-08-29 18:52:44,665 [main] INFO  netty.NettyConfigKeys$DataStream (ConfUtils.java:logGet(46)) - raft.netty.dataStream.server.tls.conf = null (default)
2023-08-29 18:52:44,665 [main] INFO  netty.NettyConfigKeys$DataStream (ConfUtils.java:logGet(46)) - raft.netty.dataStream.host = null (default)
2023-08-29 18:52:44,665 [main] INFO  netty.NettyConfigKeys$DataStream (ConfUtils.java:logGet(46)) - raft.netty.dataStream.port = 15033 (custom)
2023-08-29 18:52:44,665 [main] INFO  server.RaftServerConfigKeys (ConfUtils.java:logGet(46)) - raft.server.threadpool.proxy.cached = true (default)
2023-08-29 18:52:44,666 [main] INFO  server.RaftServerConfigKeys (ConfUtils.java:logGet(46)) - raft.server.threadpool.proxy.size = 0 (default)
2023-08-29 18:52:44,666 [main] INFO  server.RaftServerConfigKeys (ConfUtils.java:logGet(46)) - raft.server.rpc.slowness.timeout = 300s (custom)
2023-08-29 18:52:44,666 [main] INFO  server.RaftServerConfigKeys (ConfUtils.java:logGet(46)) - raft.server.leaderelection.leader.step-down.wait-time = 10s (default)
2023-08-29 18:52:44,666 [main] INFO  server.RaftServerConfigKeys (ConfUtils.java:logGet(46)) - raft.server.storage.dir = [/home/runner/work/ozone/ozone/hadoop-ozone/integration-test/target/test-dir/MiniOzoneClusterImpl-f4f7c4b3-a6e6-4e2b-8957-3aa4c0e420f5/datanode-2/data/ratis] (custom)
2023-08-29 18:52:44,669 [8e764df9-21b5-444f-852f-dd54d92b5fac-NettyServerStreamRpc-bossGroup--thread1] INFO  logging.LoggingHandler (AbstractInternalLogger.java:log(148)) - [id: 0xb42ba596] REGISTERED
2023-08-29 18:52:44,669 [8e764df9-21b5-444f-852f-dd54d92b5fac-impl-thread1] INFO  server.RaftServer (RaftServerProxy.java:initGroupDir(258)) - 8e764df9-21b5-444f-852f-dd54d92b5fac: found a subdirectory /home/runner/work/ozone/ozone/hadoop-ozone/integration-test/target/test-dir/MiniOzoneClusterImpl-f4f7c4b3-a6e6-4e2b-8957-3aa4c0e420f5/datanode-2/data/ratis/tmp
2023-08-29 18:52:44,670 [8e764df9-21b5-444f-852f-dd54d92b5fac-NettyServerStreamRpc-bossGroup--thread1] INFO  logging.LoggingHandler (AbstractInternalLogger.java:log(148)) - [id: 0xb42ba596] BIND: 0.0.0.0/0.0.0.0:15033
2023-08-29 18:52:44,670 [8e764df9-21b5-444f-852f-dd54d92b5fac-NettyServerStreamRpc-bossGroup--thread1] INFO  logging.LoggingHandler (AbstractInternalLogger.java:log(148)) - [id: 0xb42ba596, L:/0:0:0:0:0:0:0:0:15033] ACTIVE
2023-08-29 18:52:44,670 [8e764df9-21b5-444f-852f-dd54d92b5fac-impl-thread1] INFO  server.RaftServer (RaftServerProxy.java:initGroupDir(263)) - 8e764df9-21b5-444f-852f-dd54d92b5fac: The directory /home/runner/work/ozone/ozone/hadoop-ozone/integration-test/target/test-dir/MiniOzoneClusterImpl-f4f7c4b3-a6e6-4e2b-8957-3aa4c0e420f5/datanode-2/data/ratis/tmp is not a group directory; ignoring it. 
2023-08-29 18:52:44,672 [main] INFO  replication.ReplicationServer (ReplicationServer.java:<init>(81)) - Initializing replication server with thread count = 10
2023-08-29 18:52:44,673 [main] INFO  server.XceiverServerGrpc (XceiverServerGrpc.java:<init>(132)) - GrpcServer channel type EpollServerSocketChannel
2023-08-29 18:52:44,675 [main] INFO  replication.ReplicationSupervisor (ReplicationSupervisor.java:build(155)) - Initializing replication supervisor with thread count = 10
2023-08-29 18:52:44,675 [main] INFO  replication.ReplicationSupervisor (ReplicationSupervisor.java:nodeStateUpdated(307)) - Node state updated to IN_SERVICE, scaling executor pool size to 10
2023-08-29 18:52:44,678 [main] INFO  http.BaseHttpServer (BaseHttpServer.java:newHttpServer2BuilderForOzone(223)) - Starting Web-server for hddsDatanode at: http://0.0.0.0:15027
2023-08-29 18:52:44,678 [main] INFO  http.BaseHttpServer (BaseHttpServer.java:<init>(110)) - Hadoop Security Enabled: false Ozone Security Enabled: false Ozone HTTP Security Enabled: false 
2023-08-29 18:52:44,679 [main] WARN  server.AuthenticationFilter (AuthenticationFilter.java:constructSecretProvider(240)) - Unable to initialize FileSignerSecretProvider, falling back to use random secrets. Reason: Could not read signature secret file: /home/runner/hadoop-http-auth-signature-secret
2023-08-29 18:52:44,680 [main] INFO  http.HttpRequestLog (HttpRequestLog.java:getRequestLog(86)) - Http request log for http.requests.hddsDatanode is not defined
2023-08-29 18:52:44,681 [main] INFO  http.HttpServer2 (HttpServer2.java:addGlobalFilter(1031)) - Added global filter 'safety' (class=org.apache.hadoop.hdds.server.http.HttpServer2$QuotingInputFilter)
2023-08-29 18:52:44,682 [main] INFO  http.HttpServer2 (HttpServer2.java:addFilter(1007)) - Added filter static_user_filter (class=org.apache.hadoop.http.lib.StaticUserWebFilter$StaticUserFilter) to context hddsDatanode
2023-08-29 18:52:44,682 [main] INFO  http.HttpServer2 (HttpServer2.java:addFilter(1015)) - Added filter static_user_filter (class=org.apache.hadoop.http.lib.StaticUserWebFilter$StaticUserFilter) to context static
2023-08-29 18:52:44,682 [main] INFO  http.HttpServer2 (HttpServer2.java:addFilter(1015)) - Added filter static_user_filter (class=org.apache.hadoop.http.lib.StaticUserWebFilter$StaticUserFilter) to context logs
2023-08-29 18:52:44,683 [main] INFO  http.BaseHttpServer (BaseHttpServer.java:<init>(189)) - HTTP server of hddsDatanode uses base directory /home/runner/work/ozone/ozone/hadoop-ozone/integration-test/target/test-dir/MiniOzoneClusterImpl-f4f7c4b3-a6e6-4e2b-8957-3aa4c0e420f5/datanode-2/meta/webserver
2023-08-29 18:52:44,683 [main] INFO  http.HttpServer2 (HttpServer2.java:bindListener(1231)) - Jetty bound to port 15027
2023-08-29 18:52:44,683 [main] INFO  server.Server (Server.java:doStart(375)) - jetty-9.4.51.v20230217; built: 2023-02-17T08:19:37.309Z; git: b45c405e4544384de066f814ed42ae3dceacdd49; jvm 1.8.0_382-b05
2023-08-29 18:52:44,689 [main] INFO  server.session (DefaultSessionIdManager.java:doStart(334)) - DefaultSessionIdManager workerName=node0
2023-08-29 18:52:44,689 [main] INFO  server.session (DefaultSessionIdManager.java:doStart(339)) - No SessionScavenger set, using defaults
2023-08-29 18:52:44,689 [main] INFO  server.session (HouseKeeper.java:startScavenging(132)) - node0 Scavenging every 600000ms
2023-08-29 18:52:44,691 [main] INFO  handler.ContextHandler (ContextHandler.java:doStart(921)) - Started o.e.j.s.ServletContextHandler@290a9500{logs,/logs,file:///home/runner/work/ozone/ozone/hadoop-ozone/integration-test/target/log,AVAILABLE}
2023-08-29 18:52:44,691 [main] INFO  handler.ContextHandler (ContextHandler.java:doStart(921)) - Started o.e.j.s.ServletContextHandler@5af3630a{static,/static,jar:file:/home/runner/.m2/repository/org/apache/ozone/hdds-container-service/1.4.0-SNAPSHOT/hdds-container-service-1.4.0-SNAPSHOT.jar!/webapps/static,AVAILABLE}
2023-08-29 18:52:44,886 [main] INFO  handler.ContextHandler (ContextHandler.java:doStart(921)) - Started o.e.j.w.WebAppContext@2e681871{hddsDatanode,/,file:///home/runner/work/ozone/ozone/hadoop-ozone/integration-test/target/test-dir/MiniOzoneClusterImpl-f4f7c4b3-a6e6-4e2b-8957-3aa4c0e420f5/datanode-2/meta/webserver/jetty-0_0_0_0-15027-hdds-container-service-1_4_0-SNAPSHOT_jar-_-any-6461563400460208567/webapp/,AVAILABLE}{jar:file:/home/runner/.m2/repository/org/apache/ozone/hdds-container-service/1.4.0-SNAPSHOT/hdds-container-service-1.4.0-SNAPSHOT.jar!/webapps/hddsDatanode}
2023-08-29 18:52:44,888 [main] INFO  server.AbstractConnector (AbstractConnector.java:doStart(333)) - Started ServerConnector@6a556ae0{HTTP/1.1, (http/1.1)}{0.0.0.0:15027}
2023-08-29 18:52:44,888 [main] INFO  server.Server (Server.java:doStart(415)) - Started @9445ms
2023-08-29 18:52:44,888 [main] WARN  impl.MetricsSystemImpl (MetricsSystemImpl.java:register(279)) - Sink prometheus already exists!
2023-08-29 18:52:44,892 [main] INFO  http.BaseHttpServer (BaseHttpServer.java:updateConnectorAddress(354)) - HTTP server of hddsDatanode listening at http://0.0.0.0:15027
2023-08-29 18:52:44,892 [main] INFO  ipc.CallQueueManager (CallQueueManager.java:<init>(90)) - Using callQueue: class java.util.concurrent.LinkedBlockingQueue, queueCapacity: 100, scheduler: class org.apache.hadoop.ipc.DefaultRpcScheduler, ipcBackoff: false.
2023-08-29 18:52:44,893 [main] INFO  ipc.Server (Server.java:<init>(1287)) - Listener at 0.0.0.0:15028
2023-08-29 18:52:44,893 [Socket Reader #1 for port 15028] INFO  ipc.Server (Server.java:run(1323)) - Starting Socket Reader #1 for port 15028
2023-08-29 18:52:44,898 [main] INFO  ozone.HddsDatanodeService (HddsDatanodeService.java:start(315)) - Datanode start with admins: [runner]
2023-08-29 18:52:44,898 [main] INFO  ozone.HddsDatanodeClientProtocolServer (HddsDatanodeClientProtocolServer.java:start(72)) - RPC server for Client /0.0.0.0:15028
2023-08-29 18:52:44,899 [IPC Server Responder] INFO  ipc.Server (Server.java:run(1562)) - IPC Server Responder: starting
2023-08-29 18:52:44,899 [IPC Server listener on 15028] INFO  ipc.Server (Server.java:run(1402)) - IPC Server listener on 15028: starting
2023-08-29 18:52:44,899 [main] WARN  impl.MetricRegistriesImpl (MetricRegistriesImpl.java:addReporterRegistration(111)) - New reporters are added after registries were created. Some metrics will be missing from the reporter. Please add reporter before adding any new registry.
2023-08-29 18:52:44,899 [main] WARN  impl.MetricRegistriesImpl (MetricRegistriesImpl.java:addReporterRegistration(111)) - New reporters are added after registries were created. Some metrics will be missing from the reporter. Please add reporter before adding any new registry.
2023-08-29 18:52:44,900 [main] INFO  impl.MetricsSystemImpl (MetricsSystemImpl.java:init(158)) - HddsDatanode metrics system started (again)
2023-08-29 18:52:44,904 [Datanode State Machine Daemon Thread] INFO  statemachine.DatanodeStateMachine (DatanodeStateMachine.java:lambda$startDaemon$0(538)) - Ozone container server started.
2023-08-29 18:52:44,916 [Datanode State Machine Task Thread - 0] INFO  datanode.InitDatanodeState (InitDatanodeState.java:persistContainerDatanodeDetails(138)) - DatanodeDetails is persisted to /home/runner/work/ozone/ozone/hadoop-ozone/integration-test/target/test-dir/MiniOzoneClusterImpl-f4f7c4b3-a6e6-4e2b-8957-3aa4c0e420f5/datanode-2/meta/datanode.id
2023-08-29 18:52:44,923 [main] INFO  ozone.HddsDatanodeService (HddsDatanodeService.java:start(237)) - HddsDatanodeService host:fv-az225-157.hxhba2eg53duheooqg2bzplbvd.bx.internal.cloudapp.net ip:10.1.0.239
2023-08-29 18:52:44,946 [main] INFO  upgrade.AbstractLayoutVersionManager (AbstractLayoutVersionManager.java:init(83)) - Initializing Layout version manager with metadata layout = HADOOP_PRC_PORTS_IN_DATANODEDETAILS (version = 7), software layout = HADOOP_PRC_PORTS_IN_DATANODEDETAILS (version = 7)
2023-08-29 18:52:44,948 [main] INFO  statemachine.DatanodeStateMachine (DatanodeStateMachine.java:getEndPointTaskThreadPoolSize(282)) - Datanode State Machine Task Thread Pool size 2
2023-08-29 18:52:44,957 [main] INFO  volume.HddsVolume (HddsVolume.java:<init>(126)) - Creating HddsVolume: /home/runner/work/ozone/ozone/hadoop-ozone/integration-test/target/test-dir/MiniOzoneClusterImpl-f4f7c4b3-a6e6-4e2b-8957-3aa4c0e420f5/datanode-3/data-0/containers/hdds of storage type : DISK capacity : 9223372036854775807
2023-08-29 18:52:44,957 [main] INFO  volume.MutableVolumeSet (MutableVolumeSet.java:initializeVolumeSet(173)) - Added Volume : /home/runner/work/ozone/ozone/hadoop-ozone/integration-test/target/test-dir/MiniOzoneClusterImpl-f4f7c4b3-a6e6-4e2b-8957-3aa4c0e420f5/datanode-3/data-0/containers/hdds to VolumeSet
2023-08-29 18:52:44,960 [main] INFO  volume.MutableVolumeSet (MutableVolumeSet.java:initializeVolumeSet(173)) - Added Volume : /home/runner/work/ozone/ozone/hadoop-ozone/integration-test/target/test-dir/MiniOzoneClusterImpl-f4f7c4b3-a6e6-4e2b-8957-3aa4c0e420f5/datanode-3/data/ratis to VolumeSet
2023-08-29 18:52:44,961 [Thread-193] INFO  ozoneimpl.ContainerReader (ContainerReader.java:readVolume(177)) - Finish verifying containers on volume /home/runner/work/ozone/ozone/hadoop-ozone/integration-test/target/test-dir/MiniOzoneClusterImpl-f4f7c4b3-a6e6-4e2b-8957-3aa4c0e420f5/datanode-3/data-0/containers/hdds
2023-08-29 18:52:44,961 [main] INFO  ozoneimpl.OzoneContainer (OzoneContainer.java:buildContainerSet(314)) - Build ContainerSet costs 0s
2023-08-29 18:52:44,969 [main] INFO  server.RaftServer (ConfUtils.java:logGet(46)) - raft.rpc.type = GRPC (default)
2023-08-29 18:52:44,969 [main] INFO  grpc.GrpcConfigKeys (ConfUtils.java:logFallback(53)) - raft.grpc.admin.host = null (fallback to raft.grpc.server.host)
2023-08-29 18:52:44,969 [main] INFO  grpc.GrpcConfigKeys (ConfUtils.java:logGet(46)) - raft.grpc.admin.port = 15040 (custom)
2023-08-29 18:52:44,969 [main] INFO  grpc.GrpcConfigKeys (ConfUtils.java:logFallback(53)) - raft.grpc.client.host = null (fallback to raft.grpc.server.host)
2023-08-29 18:52:44,970 [main] INFO  grpc.GrpcConfigKeys (ConfUtils.java:logGet(46)) - raft.grpc.client.port = 15039 (custom)
2023-08-29 18:52:44,970 [main] INFO  grpc.GrpcConfigKeys (ConfUtils.java:logGet(46)) - raft.grpc.server.host = null (default)
2023-08-29 18:52:44,970 [main] INFO  grpc.GrpcConfigKeys (ConfUtils.java:logGet(46)) - raft.grpc.server.port = 15041 (custom)
2023-08-29 18:52:44,970 [main] INFO  server.GrpcService (ConfUtils.java:logGet(46)) - raft.grpc.message.size.max = 32MB (=33554432) (custom)
2023-08-29 18:52:44,970 [main] INFO  server.RaftServerConfigKeys (ConfUtils.java:logGet(46)) - raft.server.log.appender.buffer.byte-limit = 33554432 (custom)
2023-08-29 18:52:44,970 [main] INFO  server.GrpcService (ConfUtils.java:logGet(46)) - raft.grpc.flow.control.window = 5MB (=5242880) (custom)
2023-08-29 18:52:44,970 [main] INFO  server.RaftServerConfigKeys (ConfUtils.java:logGet(46)) - raft.server.rpc.request.timeout = 60s (custom)
2023-08-29 18:52:44,972 [main] INFO  grpc.GrpcConfigKeys (ConfUtils.java:logGet(46)) - raft.grpc.server.heartbeat.channel = true (default)
2023-08-29 18:52:44,972 [main] INFO  grpc.GrpcConfigKeys (ConfUtils.java:logGet(46)) - raft.grpc.server.async.request.thread.pool.cached = true (default)
2023-08-29 18:52:44,972 [main] INFO  grpc.GrpcConfigKeys (ConfUtils.java:logGet(46)) - raft.grpc.server.async.request.thread.pool.size = 32 (default)
2023-08-29 18:52:44,977 [main] INFO  impl.DataStreamServerImpl (ConfUtils.java:logGet(46)) - raft.datastream.type = NETTY (custom)
2023-08-29 18:52:44,978 [main] INFO  server.RaftServerConfigKeys (ConfUtils.java:logGet(46)) - raft.server.data-stream.async.request.thread.pool.cached = false (default)
2023-08-29 18:52:44,978 [main] INFO  server.RaftServerConfigKeys (ConfUtils.java:logGet(46)) - raft.server.data-stream.async.request.thread.pool.size = 20 (custom)
2023-08-29 18:52:44,978 [main] INFO  server.RaftServerConfigKeys (ConfUtils.java:logGet(46)) - raft.server.data-stream.async.write.thread.pool.size = 16 (default)
2023-08-29 18:52:44,978 [main] INFO  server.RaftServerConfigKeys (ConfUtils.java:logGet(46)) - raft.server.data-stream.client.pool.size = 10 (default)
2023-08-29 18:52:44,978 [main] INFO  netty.NettyConfigKeys$DataStream (ConfUtils.java:logGet(46)) - raft.netty.dataStream.server.use-epoll = false (default)
2023-08-29 18:52:44,979 [main] INFO  netty.NettyConfigKeys$DataStream (ConfUtils.java:logGet(46)) - raft.netty.dataStream.server.boss-group.size = 0 (default)
2023-08-29 18:52:44,979 [main] INFO  netty.NettyConfigKeys$DataStream (ConfUtils.java:logGet(46)) - raft.netty.dataStream.server.worker-group.size = 0 (default)
2023-08-29 18:52:44,979 [main] INFO  netty.NettyConfigKeys$DataStream (ConfUtils.java:logGet(46)) - raft.netty.dataStream.server.tls.conf = null (default)
2023-08-29 18:52:44,980 [main] INFO  netty.NettyConfigKeys$DataStream (ConfUtils.java:logGet(46)) - raft.netty.dataStream.host = null (default)
2023-08-29 18:52:44,980 [main] INFO  netty.NettyConfigKeys$DataStream (ConfUtils.java:logGet(46)) - raft.netty.dataStream.port = 15042 (custom)
2023-08-29 18:52:44,980 [main] INFO  server.RaftServerConfigKeys (ConfUtils.java:logGet(46)) - raft.server.threadpool.proxy.cached = true (default)
2023-08-29 18:52:44,980 [main] INFO  server.RaftServerConfigKeys (ConfUtils.java:logGet(46)) - raft.server.threadpool.proxy.size = 0 (default)
2023-08-29 18:52:44,980 [main] INFO  server.RaftServerConfigKeys (ConfUtils.java:logGet(46)) - raft.server.rpc.slowness.timeout = 300s (custom)
2023-08-29 18:52:44,981 [main] INFO  server.RaftServerConfigKeys (ConfUtils.java:logGet(46)) - raft.server.leaderelection.leader.step-down.wait-time = 10s (default)
2023-08-29 18:52:44,981 [main] INFO  server.RaftServerConfigKeys (ConfUtils.java:logGet(46)) - raft.server.storage.dir = [/home/runner/work/ozone/ozone/hadoop-ozone/integration-test/target/test-dir/MiniOzoneClusterImpl-f4f7c4b3-a6e6-4e2b-8957-3aa4c0e420f5/datanode-3/data/ratis] (custom)
2023-08-29 18:52:44,985 [5b9ef83d-dbe3-47c8-9c1e-3cffac3fa7d5-impl-thread1] INFO  server.RaftServer (RaftServerProxy.java:initGroupDir(258)) - 5b9ef83d-dbe3-47c8-9c1e-3cffac3fa7d5: found a subdirectory /home/runner/work/ozone/ozone/hadoop-ozone/integration-test/target/test-dir/MiniOzoneClusterImpl-f4f7c4b3-a6e6-4e2b-8957-3aa4c0e420f5/datanode-3/data/ratis/tmp
2023-08-29 18:52:44,985 [5b9ef83d-dbe3-47c8-9c1e-3cffac3fa7d5-impl-thread1] INFO  server.RaftServer (RaftServerProxy.java:initGroupDir(263)) - 5b9ef83d-dbe3-47c8-9c1e-3cffac3fa7d5: The directory /home/runner/work/ozone/ozone/hadoop-ozone/integration-test/target/test-dir/MiniOzoneClusterImpl-f4f7c4b3-a6e6-4e2b-8957-3aa4c0e420f5/datanode-3/data/ratis/tmp is not a group directory; ignoring it. 
2023-08-29 18:52:44,985 [5b9ef83d-dbe3-47c8-9c1e-3cffac3fa7d5-NettyServerStreamRpc-bossGroup--thread1] INFO  logging.LoggingHandler (AbstractInternalLogger.java:log(148)) - [id: 0x0557a533] REGISTERED
2023-08-29 18:52:44,986 [main] INFO  replication.ReplicationServer (ReplicationServer.java:<init>(81)) - Initializing replication server with thread count = 10
2023-08-29 18:52:44,986 [5b9ef83d-dbe3-47c8-9c1e-3cffac3fa7d5-NettyServerStreamRpc-bossGroup--thread1] INFO  logging.LoggingHandler (AbstractInternalLogger.java:log(148)) - [id: 0x0557a533] BIND: 0.0.0.0/0.0.0.0:15042
2023-08-29 18:52:44,986 [5b9ef83d-dbe3-47c8-9c1e-3cffac3fa7d5-NettyServerStreamRpc-bossGroup--thread1] INFO  logging.LoggingHandler (AbstractInternalLogger.java:log(148)) - [id: 0x0557a533, L:/0:0:0:0:0:0:0:0:15042] ACTIVE
2023-08-29 18:52:44,987 [main] INFO  server.XceiverServerGrpc (XceiverServerGrpc.java:<init>(132)) - GrpcServer channel type EpollServerSocketChannel
2023-08-29 18:52:44,989 [main] INFO  replication.ReplicationSupervisor (ReplicationSupervisor.java:build(155)) - Initializing replication supervisor with thread count = 10
2023-08-29 18:52:44,990 [main] INFO  replication.ReplicationSupervisor (ReplicationSupervisor.java:nodeStateUpdated(307)) - Node state updated to IN_SERVICE, scaling executor pool size to 10
2023-08-29 18:52:44,999 [main] INFO  http.BaseHttpServer (BaseHttpServer.java:newHttpServer2BuilderForOzone(223)) - Starting Web-server for hddsDatanode at: http://0.0.0.0:15036
2023-08-29 18:52:44,999 [main] INFO  http.BaseHttpServer (BaseHttpServer.java:<init>(110)) - Hadoop Security Enabled: false Ozone Security Enabled: false Ozone HTTP Security Enabled: false 
2023-08-29 18:52:45,001 [main] WARN  server.AuthenticationFilter (AuthenticationFilter.java:constructSecretProvider(240)) - Unable to initialize FileSignerSecretProvider, falling back to use random secrets. Reason: Could not read signature secret file: /home/runner/hadoop-http-auth-signature-secret
2023-08-29 18:52:45,003 [main] INFO  http.HttpRequestLog (HttpRequestLog.java:getRequestLog(86)) - Http request log for http.requests.hddsDatanode is not defined
2023-08-29 18:52:45,006 [main] INFO  http.HttpServer2 (HttpServer2.java:addGlobalFilter(1031)) - Added global filter 'safety' (class=org.apache.hadoop.hdds.server.http.HttpServer2$QuotingInputFilter)
2023-08-29 18:52:45,008 [main] INFO  http.HttpServer2 (HttpServer2.java:addFilter(1007)) - Added filter static_user_filter (class=org.apache.hadoop.http.lib.StaticUserWebFilter$StaticUserFilter) to context hddsDatanode
2023-08-29 18:52:45,008 [main] INFO  http.HttpServer2 (HttpServer2.java:addFilter(1015)) - Added filter static_user_filter (class=org.apache.hadoop.http.lib.StaticUserWebFilter$StaticUserFilter) to context static
2023-08-29 18:52:45,008 [main] INFO  http.HttpServer2 (HttpServer2.java:addFilter(1015)) - Added filter static_user_filter (class=org.apache.hadoop.http.lib.StaticUserWebFilter$StaticUserFilter) to context logs
2023-08-29 18:52:45,010 [main] INFO  http.BaseHttpServer (BaseHttpServer.java:<init>(189)) - HTTP server of hddsDatanode uses base directory /home/runner/work/ozone/ozone/hadoop-ozone/integration-test/target/test-dir/MiniOzoneClusterImpl-f4f7c4b3-a6e6-4e2b-8957-3aa4c0e420f5/datanode-3/meta/webserver
2023-08-29 18:52:45,010 [main] INFO  http.HttpServer2 (HttpServer2.java:bindListener(1231)) - Jetty bound to port 15036
2023-08-29 18:52:45,010 [main] INFO  server.Server (Server.java:doStart(375)) - jetty-9.4.51.v20230217; built: 2023-02-17T08:19:37.309Z; git: b45c405e4544384de066f814ed42ae3dceacdd49; jvm 1.8.0_382-b05
2023-08-29 18:52:45,012 [main] INFO  server.session (DefaultSessionIdManager.java:doStart(334)) - DefaultSessionIdManager workerName=node0
2023-08-29 18:52:45,012 [main] INFO  server.session (DefaultSessionIdManager.java:doStart(339)) - No SessionScavenger set, using defaults
2023-08-29 18:52:45,012 [main] INFO  server.session (HouseKeeper.java:startScavenging(132)) - node0 Scavenging every 660000ms
2023-08-29 18:52:45,014 [main] INFO  handler.ContextHandler (ContextHandler.java:doStart(921)) - Started o.e.j.s.ServletContextHandler@6e316c1d{logs,/logs,file:///home/runner/work/ozone/ozone/hadoop-ozone/integration-test/target/log,AVAILABLE}
2023-08-29 18:52:45,014 [main] INFO  handler.ContextHandler (ContextHandler.java:doStart(921)) - Started o.e.j.s.ServletContextHandler@4397f201{static,/static,jar:file:/home/runner/.m2/repository/org/apache/ozone/hdds-container-service/1.4.0-SNAPSHOT/hdds-container-service-1.4.0-SNAPSHOT.jar!/webapps/static,AVAILABLE}
2023-08-29 18:52:45,233 [main] INFO  handler.ContextHandler (ContextHandler.java:doStart(921)) - Started o.e.j.w.WebAppContext@75515231{hddsDatanode,/,file:///home/runner/work/ozone/ozone/hadoop-ozone/integration-test/target/test-dir/MiniOzoneClusterImpl-f4f7c4b3-a6e6-4e2b-8957-3aa4c0e420f5/datanode-3/meta/webserver/jetty-0_0_0_0-15036-hdds-container-service-1_4_0-SNAPSHOT_jar-_-any-6831706424686484870/webapp/,AVAILABLE}{jar:file:/home/runner/.m2/repository/org/apache/ozone/hdds-container-service/1.4.0-SNAPSHOT/hdds-container-service-1.4.0-SNAPSHOT.jar!/webapps/hddsDatanode}
2023-08-29 18:52:45,235 [main] INFO  server.AbstractConnector (AbstractConnector.java:doStart(333)) - Started ServerConnector@20ec9d51{HTTP/1.1, (http/1.1)}{0.0.0.0:15036}
2023-08-29 18:52:45,236 [main] INFO  server.Server (Server.java:doStart(415)) - Started @9792ms
2023-08-29 18:52:45,236 [main] WARN  impl.MetricsSystemImpl (MetricsSystemImpl.java:register(279)) - Sink prometheus already exists!
2023-08-29 18:52:45,236 [main] INFO  http.BaseHttpServer (BaseHttpServer.java:updateConnectorAddress(354)) - HTTP server of hddsDatanode listening at http://0.0.0.0:15036
2023-08-29 18:52:45,237 [main] INFO  ipc.CallQueueManager (CallQueueManager.java:<init>(90)) - Using callQueue: class java.util.concurrent.LinkedBlockingQueue, queueCapacity: 100, scheduler: class org.apache.hadoop.ipc.DefaultRpcScheduler, ipcBackoff: false.
2023-08-29 18:52:45,238 [main] INFO  ipc.Server (Server.java:<init>(1287)) - Listener at 0.0.0.0:15037
2023-08-29 18:52:45,242 [Socket Reader #1 for port 15037] INFO  ipc.Server (Server.java:run(1323)) - Starting Socket Reader #1 for port 15037
2023-08-29 18:52:45,250 [main] INFO  ozone.HddsDatanodeService (HddsDatanodeService.java:start(315)) - Datanode start with admins: [runner]
2023-08-29 18:52:45,250 [main] INFO  ozone.HddsDatanodeClientProtocolServer (HddsDatanodeClientProtocolServer.java:start(72)) - RPC server for Client /0.0.0.0:15037
2023-08-29 18:52:45,250 [IPC Server Responder] INFO  ipc.Server (Server.java:run(1562)) - IPC Server Responder: starting
2023-08-29 18:52:45,251 [Datanode State Machine Daemon Thread] INFO  statemachine.DatanodeStateMachine (DatanodeStateMachine.java:lambda$startDaemon$0(538)) - Ozone container server started.
2023-08-29 18:52:45,251 [main] WARN  impl.MetricRegistriesImpl (MetricRegistriesImpl.java:addReporterRegistration(111)) - New reporters are added after registries were created. Some metrics will be missing from the reporter. Please add reporter before adding any new registry.
2023-08-29 18:52:45,251 [main] WARN  impl.MetricRegistriesImpl (MetricRegistriesImpl.java:addReporterRegistration(111)) - New reporters are added after registries were created. Some metrics will be missing from the reporter. Please add reporter before adding any new registry.
2023-08-29 18:52:45,251 [main] INFO  impl.MetricsSystemImpl (MetricsSystemImpl.java:init(158)) - HddsDatanode metrics system started (again)
2023-08-29 18:52:45,260 [IPC Server listener on 15037] INFO  ipc.Server (Server.java:run(1402)) - IPC Server listener on 15037: starting
2023-08-29 18:52:45,270 [Datanode State Machine Task Thread - 0] INFO  datanode.InitDatanodeState (InitDatanodeState.java:persistContainerDatanodeDetails(138)) - DatanodeDetails is persisted to /home/runner/work/ozone/ozone/hadoop-ozone/integration-test/target/test-dir/MiniOzoneClusterImpl-f4f7c4b3-a6e6-4e2b-8957-3aa4c0e420f5/datanode-3/meta/datanode.id
2023-08-29 18:52:45,277 [main] INFO  ozone.HddsDatanodeService (HddsDatanodeService.java:start(237)) - HddsDatanodeService host:fv-az225-157.hxhba2eg53duheooqg2bzplbvd.bx.internal.cloudapp.net ip:10.1.0.239
2023-08-29 18:52:45,302 [main] INFO  upgrade.AbstractLayoutVersionManager (AbstractLayoutVersionManager.java:init(83)) - Initializing Layout version manager with metadata layout = HADOOP_PRC_PORTS_IN_DATANODEDETAILS (version = 7), software layout = HADOOP_PRC_PORTS_IN_DATANODEDETAILS (version = 7)
2023-08-29 18:52:45,303 [main] INFO  statemachine.DatanodeStateMachine (DatanodeStateMachine.java:getEndPointTaskThreadPoolSize(282)) - Datanode State Machine Task Thread Pool size 2
2023-08-29 18:52:45,312 [main] INFO  volume.HddsVolume (HddsVolume.java:<init>(126)) - Creating HddsVolume: /home/runner/work/ozone/ozone/hadoop-ozone/integration-test/target/test-dir/MiniOzoneClusterImpl-f4f7c4b3-a6e6-4e2b-8957-3aa4c0e420f5/datanode-4/data-0/containers/hdds of storage type : DISK capacity : 9223372036854775807
2023-08-29 18:52:45,312 [main] INFO  volume.MutableVolumeSet (MutableVolumeSet.java:initializeVolumeSet(173)) - Added Volume : /home/runner/work/ozone/ozone/hadoop-ozone/integration-test/target/test-dir/MiniOzoneClusterImpl-f4f7c4b3-a6e6-4e2b-8957-3aa4c0e420f5/datanode-4/data-0/containers/hdds to VolumeSet
2023-08-29 18:52:45,314 [main] INFO  volume.MutableVolumeSet (MutableVolumeSet.java:initializeVolumeSet(173)) - Added Volume : /home/runner/work/ozone/ozone/hadoop-ozone/integration-test/target/test-dir/MiniOzoneClusterImpl-f4f7c4b3-a6e6-4e2b-8957-3aa4c0e420f5/datanode-4/data/ratis to VolumeSet
2023-08-29 18:52:45,315 [Thread-210] INFO  ozoneimpl.ContainerReader (ContainerReader.java:readVolume(177)) - Finish verifying containers on volume /home/runner/work/ozone/ozone/hadoop-ozone/integration-test/target/test-dir/MiniOzoneClusterImpl-f4f7c4b3-a6e6-4e2b-8957-3aa4c0e420f5/datanode-4/data-0/containers/hdds
2023-08-29 18:52:45,315 [main] INFO  ozoneimpl.OzoneContainer (OzoneContainer.java:buildContainerSet(314)) - Build ContainerSet costs 0s
2023-08-29 18:52:45,318 [main] INFO  server.RaftServer (ConfUtils.java:logGet(46)) - raft.rpc.type = GRPC (default)
2023-08-29 18:52:45,318 [main] INFO  grpc.GrpcConfigKeys (ConfUtils.java:logFallback(53)) - raft.grpc.admin.host = null (fallback to raft.grpc.server.host)
2023-08-29 18:52:45,319 [main] INFO  grpc.GrpcConfigKeys (ConfUtils.java:logGet(46)) - raft.grpc.admin.port = 15049 (custom)
2023-08-29 18:52:45,319 [main] INFO  grpc.GrpcConfigKeys (ConfUtils.java:logFallback(53)) - raft.grpc.client.host = null (fallback to raft.grpc.server.host)
2023-08-29 18:52:45,319 [main] INFO  grpc.GrpcConfigKeys (ConfUtils.java:logGet(46)) - raft.grpc.client.port = 15048 (custom)
2023-08-29 18:52:45,319 [main] INFO  grpc.GrpcConfigKeys (ConfUtils.java:logGet(46)) - raft.grpc.server.host = null (default)
2023-08-29 18:52:45,319 [main] INFO  grpc.GrpcConfigKeys (ConfUtils.java:logGet(46)) - raft.grpc.server.port = 15050 (custom)
2023-08-29 18:52:45,319 [main] INFO  server.GrpcService (ConfUtils.java:logGet(46)) - raft.grpc.message.size.max = 32MB (=33554432) (custom)
2023-08-29 18:52:45,319 [main] INFO  server.RaftServerConfigKeys (ConfUtils.java:logGet(46)) - raft.server.log.appender.buffer.byte-limit = 33554432 (custom)
2023-08-29 18:52:45,319 [main] INFO  server.GrpcService (ConfUtils.java:logGet(46)) - raft.grpc.flow.control.window = 5MB (=5242880) (custom)
2023-08-29 18:52:45,319 [main] INFO  server.RaftServerConfigKeys (ConfUtils.java:logGet(46)) - raft.server.rpc.request.timeout = 60s (custom)
2023-08-29 18:52:45,320 [main] INFO  grpc.GrpcConfigKeys (ConfUtils.java:logGet(46)) - raft.grpc.server.heartbeat.channel = true (default)
2023-08-29 18:52:45,320 [main] INFO  grpc.GrpcConfigKeys (ConfUtils.java:logGet(46)) - raft.grpc.server.async.request.thread.pool.cached = true (default)
2023-08-29 18:52:45,320 [main] INFO  grpc.GrpcConfigKeys (ConfUtils.java:logGet(46)) - raft.grpc.server.async.request.thread.pool.size = 32 (default)
2023-08-29 18:52:45,325 [main] INFO  impl.DataStreamServerImpl (ConfUtils.java:logGet(46)) - raft.datastream.type = NETTY (custom)
2023-08-29 18:52:45,326 [main] INFO  server.RaftServerConfigKeys (ConfUtils.java:logGet(46)) - raft.server.data-stream.async.request.thread.pool.cached = false (default)
2023-08-29 18:52:45,326 [main] INFO  server.RaftServerConfigKeys (ConfUtils.java:logGet(46)) - raft.server.data-stream.async.request.thread.pool.size = 20 (custom)
2023-08-29 18:52:45,326 [main] INFO  server.RaftServerConfigKeys (ConfUtils.java:logGet(46)) - raft.server.data-stream.async.write.thread.pool.size = 16 (default)
2023-08-29 18:52:45,326 [main] INFO  server.RaftServerConfigKeys (ConfUtils.java:logGet(46)) - raft.server.data-stream.client.pool.size = 10 (default)
2023-08-29 18:52:45,326 [main] INFO  netty.NettyConfigKeys$DataStream (ConfUtils.java:logGet(46)) - raft.netty.dataStream.server.use-epoll = false (default)
2023-08-29 18:52:45,326 [main] INFO  netty.NettyConfigKeys$DataStream (ConfUtils.java:logGet(46)) - raft.netty.dataStream.server.boss-group.size = 0 (default)
2023-08-29 18:52:45,327 [main] INFO  netty.NettyConfigKeys$DataStream (ConfUtils.java:logGet(46)) - raft.netty.dataStream.server.worker-group.size = 0 (default)
2023-08-29 18:52:45,328 [main] INFO  netty.NettyConfigKeys$DataStream (ConfUtils.java:logGet(46)) - raft.netty.dataStream.server.tls.conf = null (default)
2023-08-29 18:52:45,328 [main] INFO  netty.NettyConfigKeys$DataStream (ConfUtils.java:logGet(46)) - raft.netty.dataStream.host = null (default)
2023-08-29 18:52:45,328 [main] INFO  netty.NettyConfigKeys$DataStream (ConfUtils.java:logGet(46)) - raft.netty.dataStream.port = 15051 (custom)
2023-08-29 18:52:45,329 [main] INFO  server.RaftServerConfigKeys (ConfUtils.java:logGet(46)) - raft.server.threadpool.proxy.cached = true (default)
2023-08-29 18:52:45,329 [main] INFO  server.RaftServerConfigKeys (ConfUtils.java:logGet(46)) - raft.server.threadpool.proxy.size = 0 (default)
2023-08-29 18:52:45,330 [d246a9b4-fb4e-4001-b7a9-7f69213ea7ae-NettyServerStreamRpc-bossGroup--thread1] INFO  logging.LoggingHandler (AbstractInternalLogger.java:log(148)) - [id: 0xbb3e304f] REGISTERED
2023-08-29 18:52:45,331 [d246a9b4-fb4e-4001-b7a9-7f69213ea7ae-NettyServerStreamRpc-bossGroup--thread1] INFO  logging.LoggingHandler (AbstractInternalLogger.java:log(148)) - [id: 0xbb3e304f] BIND: 0.0.0.0/0.0.0.0:15051
2023-08-29 18:52:45,331 [d246a9b4-fb4e-4001-b7a9-7f69213ea7ae-NettyServerStreamRpc-bossGroup--thread1] INFO  logging.LoggingHandler (AbstractInternalLogger.java:log(148)) - [id: 0xbb3e304f, L:/0:0:0:0:0:0:0:0:15051] ACTIVE
2023-08-29 18:52:45,335 [main] INFO  server.RaftServerConfigKeys (ConfUtils.java:logGet(46)) - raft.server.rpc.slowness.timeout = 300s (custom)
2023-08-29 18:52:45,335 [main] INFO  server.RaftServerConfigKeys (ConfUtils.java:logGet(46)) - raft.server.leaderelection.leader.step-down.wait-time = 10s (default)
2023-08-29 18:52:45,335 [main] INFO  server.RaftServerConfigKeys (ConfUtils.java:logGet(46)) - raft.server.storage.dir = [/home/runner/work/ozone/ozone/hadoop-ozone/integration-test/target/test-dir/MiniOzoneClusterImpl-f4f7c4b3-a6e6-4e2b-8957-3aa4c0e420f5/datanode-4/data/ratis] (custom)
2023-08-29 18:52:45,338 [d246a9b4-fb4e-4001-b7a9-7f69213ea7ae-impl-thread1] INFO  server.RaftServer (RaftServerProxy.java:initGroupDir(258)) - d246a9b4-fb4e-4001-b7a9-7f69213ea7ae: found a subdirectory /home/runner/work/ozone/ozone/hadoop-ozone/integration-test/target/test-dir/MiniOzoneClusterImpl-f4f7c4b3-a6e6-4e2b-8957-3aa4c0e420f5/datanode-4/data/ratis/tmp
2023-08-29 18:52:45,338 [d246a9b4-fb4e-4001-b7a9-7f69213ea7ae-impl-thread1] INFO  server.RaftServer (RaftServerProxy.java:initGroupDir(263)) - d246a9b4-fb4e-4001-b7a9-7f69213ea7ae: The directory /home/runner/work/ozone/ozone/hadoop-ozone/integration-test/target/test-dir/MiniOzoneClusterImpl-f4f7c4b3-a6e6-4e2b-8957-3aa4c0e420f5/datanode-4/data/ratis/tmp is not a group directory; ignoring it. 
2023-08-29 18:52:45,340 [main] INFO  replication.ReplicationServer (ReplicationServer.java:<init>(81)) - Initializing replication server with thread count = 10
2023-08-29 18:52:45,341 [main] INFO  server.XceiverServerGrpc (XceiverServerGrpc.java:<init>(132)) - GrpcServer channel type EpollServerSocketChannel
2023-08-29 18:52:45,345 [main] INFO  replication.ReplicationSupervisor (ReplicationSupervisor.java:build(155)) - Initializing replication supervisor with thread count = 10
2023-08-29 18:52:45,345 [main] INFO  replication.ReplicationSupervisor (ReplicationSupervisor.java:nodeStateUpdated(307)) - Node state updated to IN_SERVICE, scaling executor pool size to 10
2023-08-29 18:52:45,350 [main] INFO  http.BaseHttpServer (BaseHttpServer.java:newHttpServer2BuilderForOzone(223)) - Starting Web-server for hddsDatanode at: http://0.0.0.0:15045
2023-08-29 18:52:45,350 [main] INFO  http.BaseHttpServer (BaseHttpServer.java:<init>(110)) - Hadoop Security Enabled: false Ozone Security Enabled: false Ozone HTTP Security Enabled: false 
2023-08-29 18:52:45,352 [main] WARN  server.AuthenticationFilter (AuthenticationFilter.java:constructSecretProvider(240)) - Unable to initialize FileSignerSecretProvider, falling back to use random secrets. Reason: Could not read signature secret file: /home/runner/hadoop-http-auth-signature-secret
2023-08-29 18:52:45,354 [main] INFO  http.HttpRequestLog (HttpRequestLog.java:getRequestLog(86)) - Http request log for http.requests.hddsDatanode is not defined
2023-08-29 18:52:45,356 [main] INFO  http.HttpServer2 (HttpServer2.java:addGlobalFilter(1031)) - Added global filter 'safety' (class=org.apache.hadoop.hdds.server.http.HttpServer2$QuotingInputFilter)
2023-08-29 18:52:45,356 [main] INFO  http.HttpServer2 (HttpServer2.java:addFilter(1007)) - Added filter static_user_filter (class=org.apache.hadoop.http.lib.StaticUserWebFilter$StaticUserFilter) to context hddsDatanode
2023-08-29 18:52:45,357 [main] INFO  http.HttpServer2 (HttpServer2.java:addFilter(1015)) - Added filter static_user_filter (class=org.apache.hadoop.http.lib.StaticUserWebFilter$StaticUserFilter) to context static
2023-08-29 18:52:45,357 [main] INFO  http.HttpServer2 (HttpServer2.java:addFilter(1015)) - Added filter static_user_filter (class=org.apache.hadoop.http.lib.StaticUserWebFilter$StaticUserFilter) to context logs
2023-08-29 18:52:45,357 [main] INFO  http.BaseHttpServer (BaseHttpServer.java:<init>(189)) - HTTP server of hddsDatanode uses base directory /home/runner/work/ozone/ozone/hadoop-ozone/integration-test/target/test-dir/MiniOzoneClusterImpl-f4f7c4b3-a6e6-4e2b-8957-3aa4c0e420f5/datanode-4/meta/webserver
2023-08-29 18:52:45,357 [main] INFO  http.HttpServer2 (HttpServer2.java:bindListener(1231)) - Jetty bound to port 15045
2023-08-29 18:52:45,358 [main] INFO  server.Server (Server.java:doStart(375)) - jetty-9.4.51.v20230217; built: 2023-02-17T08:19:37.309Z; git: b45c405e4544384de066f814ed42ae3dceacdd49; jvm 1.8.0_382-b05
2023-08-29 18:52:45,365 [main] INFO  server.session (DefaultSessionIdManager.java:doStart(334)) - DefaultSessionIdManager workerName=node0
2023-08-29 18:52:45,365 [main] INFO  server.session (DefaultSessionIdManager.java:doStart(339)) - No SessionScavenger set, using defaults
2023-08-29 18:52:45,365 [main] INFO  server.session (HouseKeeper.java:startScavenging(132)) - node0 Scavenging every 600000ms
2023-08-29 18:52:45,366 [main] INFO  handler.ContextHandler (ContextHandler.java:doStart(921)) - Started o.e.j.s.ServletContextHandler@13ebc126{logs,/logs,file:///home/runner/work/ozone/ozone/hadoop-ozone/integration-test/target/log,AVAILABLE}
2023-08-29 18:52:45,367 [main] INFO  handler.ContextHandler (ContextHandler.java:doStart(921)) - Started o.e.j.s.ServletContextHandler@210741f0{static,/static,jar:file:/home/runner/.m2/repository/org/apache/ozone/hdds-container-service/1.4.0-SNAPSHOT/hdds-container-service-1.4.0-SNAPSHOT.jar!/webapps/static,AVAILABLE}
2023-08-29 18:52:45,556 [main] INFO  handler.ContextHandler (ContextHandler.java:doStart(921)) - Started o.e.j.w.WebAppContext@430d3bf9{hddsDatanode,/,file:///home/runner/work/ozone/ozone/hadoop-ozone/integration-test/target/test-dir/MiniOzoneClusterImpl-f4f7c4b3-a6e6-4e2b-8957-3aa4c0e420f5/datanode-4/meta/webserver/jetty-0_0_0_0-15045-hdds-container-service-1_4_0-SNAPSHOT_jar-_-any-1876161700638939025/webapp/,AVAILABLE}{jar:file:/home/runner/.m2/repository/org/apache/ozone/hdds-container-service/1.4.0-SNAPSHOT/hdds-container-service-1.4.0-SNAPSHOT.jar!/webapps/hddsDatanode}
2023-08-29 18:52:45,558 [main] INFO  server.AbstractConnector (AbstractConnector.java:doStart(333)) - Started ServerConnector@6051f3f3{HTTP/1.1, (http/1.1)}{0.0.0.0:15045}
2023-08-29 18:52:45,558 [main] INFO  server.Server (Server.java:doStart(415)) - Started @10115ms
2023-08-29 18:52:45,558 [main] WARN  impl.MetricsSystemImpl (MetricsSystemImpl.java:register(279)) - Sink prometheus already exists!
2023-08-29 18:52:45,559 [main] INFO  http.BaseHttpServer (BaseHttpServer.java:updateConnectorAddress(354)) - HTTP server of hddsDatanode listening at http://0.0.0.0:15045
2023-08-29 18:52:45,559 [main] INFO  ipc.CallQueueManager (CallQueueManager.java:<init>(90)) - Using callQueue: class java.util.concurrent.LinkedBlockingQueue, queueCapacity: 100, scheduler: class org.apache.hadoop.ipc.DefaultRpcScheduler, ipcBackoff: false.
2023-08-29 18:52:45,559 [main] INFO  ipc.Server (Server.java:<init>(1287)) - Listener at 0.0.0.0:15046
2023-08-29 18:52:45,560 [Socket Reader #1 for port 15046] INFO  ipc.Server (Server.java:run(1323)) - Starting Socket Reader #1 for port 15046
2023-08-29 18:52:45,562 [main] INFO  ozone.HddsDatanodeService (HddsDatanodeService.java:start(315)) - Datanode start with admins: [runner]
2023-08-29 18:52:45,562 [main] INFO  ozone.HddsDatanodeClientProtocolServer (HddsDatanodeClientProtocolServer.java:start(72)) - RPC server for Client /0.0.0.0:15046
2023-08-29 18:52:45,563 [IPC Server listener on 15046] INFO  ipc.Server (Server.java:run(1402)) - IPC Server listener on 15046: starting
2023-08-29 18:52:45,563 [IPC Server Responder] INFO  ipc.Server (Server.java:run(1562)) - IPC Server Responder: starting
2023-08-29 18:52:45,566 [main] INFO  ozone.MiniOzoneClusterImpl (MiniOzoneClusterImpl.java:lambda$waitForClusterToBeReady$0(224)) - Waiting for nodes to be ready. Got 0 of 5 DN Heartbeats.
2023-08-29 18:52:45,566 [main] INFO  ozone.MiniOzoneClusterImpl (MiniOzoneClusterImpl.java:lambda$waitForClusterToBeReady$0(227)) - Waiting for cluster to exit safe mode
2023-08-29 18:52:45,566 [main] INFO  ozone.MiniOzoneClusterImpl (MiniOzoneClusterImpl.java:lambda$waitForClusterToBeReady$0(229)) - SCM became leader
2023-08-29 18:52:45,565 [Datanode State Machine Daemon Thread] INFO  statemachine.DatanodeStateMachine (DatanodeStateMachine.java:lambda$startDaemon$0(538)) - Ozone container server started.
2023-08-29 18:52:45,574 [Datanode State Machine Task Thread - 0] INFO  datanode.InitDatanodeState (InitDatanodeState.java:persistContainerDatanodeDetails(138)) - DatanodeDetails is persisted to /home/runner/work/ozone/ozone/hadoop-ozone/integration-test/target/test-dir/MiniOzoneClusterImpl-f4f7c4b3-a6e6-4e2b-8957-3aa4c0e420f5/datanode-4/meta/datanode.id
2023-08-29 18:52:46,249 [EndpointStateMachine task thread for /0.0.0.0:15002 - 0 ] INFO  utils.DatanodeStoreCache (DatanodeStoreCache.java:addDB(66)) - Added db /home/runner/work/ozone/ozone/hadoop-ozone/integration-test/target/test-dir/MiniOzoneClusterImpl-f4f7c4b3-a6e6-4e2b-8957-3aa4c0e420f5/datanode-0/data-0/containers/hdds/f4f7c4b3-a6e6-4e2b-8957-3aa4c0e420f5/DS-21a23c4d-2b66-490d-9276-4891dbc84190/container.db to cache
2023-08-29 18:52:46,249 [EndpointStateMachine task thread for /0.0.0.0:15002 - 0 ] INFO  volume.HddsVolume (HddsVolume.java:createDbStore(422)) - SchemaV3 db is created and loaded at /home/runner/work/ozone/ozone/hadoop-ozone/integration-test/target/test-dir/MiniOzoneClusterImpl-f4f7c4b3-a6e6-4e2b-8957-3aa4c0e420f5/datanode-0/data-0/containers/hdds/f4f7c4b3-a6e6-4e2b-8957-3aa4c0e420f5/DS-21a23c4d-2b66-490d-9276-4891dbc84190/container.db for volume DS-21a23c4d-2b66-490d-9276-4891dbc84190
2023-08-29 18:52:46,253 [EndpointStateMachine task thread for /0.0.0.0:15002 - 0 ] INFO  volume.ThrottledAsyncChecker (ThrottledAsyncChecker.java:schedule(141)) - Scheduling a check for /home/runner/work/ozone/ozone/hadoop-ozone/integration-test/target/test-dir/MiniOzoneClusterImpl-f4f7c4b3-a6e6-4e2b-8957-3aa4c0e420f5/datanode-0/data-0/containers/hdds
2023-08-29 18:52:46,276 [EndpointStateMachine task thread for /0.0.0.0:15002 - 0 ] INFO  volume.StorageVolumeChecker (StorageVolumeChecker.java:checkAllVolumes(213)) - Scheduled health check for volume /home/runner/work/ozone/ozone/hadoop-ozone/integration-test/target/test-dir/MiniOzoneClusterImpl-f4f7c4b3-a6e6-4e2b-8957-3aa4c0e420f5/datanode-0/data-0/containers/hdds
2023-08-29 18:52:46,279 [EndpointStateMachine task thread for /0.0.0.0:15002 - 0 ] INFO  volume.ThrottledAsyncChecker (ThrottledAsyncChecker.java:schedule(141)) - Scheduling a check for /home/runner/work/ozone/ozone/hadoop-ozone/integration-test/target/test-dir/MiniOzoneClusterImpl-f4f7c4b3-a6e6-4e2b-8957-3aa4c0e420f5/datanode-0/data/ratis
2023-08-29 18:52:46,279 [EndpointStateMachine task thread for /0.0.0.0:15002 - 0 ] INFO  volume.StorageVolumeChecker (StorageVolumeChecker.java:checkAllVolumes(213)) - Scheduled health check for volume /home/runner/work/ozone/ozone/hadoop-ozone/integration-test/target/test-dir/MiniOzoneClusterImpl-f4f7c4b3-a6e6-4e2b-8957-3aa4c0e420f5/datanode-0/data/ratis
2023-08-29 18:52:46,280 [EndpointStateMachine task thread for /0.0.0.0:15002 - 0 ] INFO  ozoneimpl.OzoneContainer (OzoneContainer.java:start(429)) - Attempting to start container services.
2023-08-29 18:52:46,282 [EndpointStateMachine task thread for /0.0.0.0:15002 - 0 ] INFO  ozoneimpl.OzoneContainer (OzoneContainer.java:startContainerScrub(325)) - Scheduled background container scanners and the on-demand container scanner have been disabled.
2023-08-29 18:52:46,284 [EndpointStateMachine task thread for /0.0.0.0:15002 - 0 ] INFO  replication.ReplicationServer (ReplicationServer.java:start(130)) - ReplicationServer is started using port 15016
2023-08-29 18:52:46,284 [EndpointStateMachine task thread for /0.0.0.0:15002 - 0 ] INFO  ratis.XceiverServerRatis (XceiverServerRatis.java:start(517)) - Starting XceiverServerRatis 97ee00cc-8878-42b3-8e3f-b8716daccca4
2023-08-29 18:52:46,296 [EndpointStateMachine task thread for /0.0.0.0:15002 - 0 ] INFO  server.RaftServer (RaftServerProxy.java:startImpl(400)) - 97ee00cc-8878-42b3-8e3f-b8716daccca4: start RPC server
2023-08-29 18:52:46,304 [EndpointStateMachine task thread for /0.0.0.0:15002 - 0 ] INFO  server.GrpcService (GrpcService.java:startImpl(302)) - 97ee00cc-8878-42b3-8e3f-b8716daccca4: GrpcService started, listening on 15012
2023-08-29 18:52:46,306 [EndpointStateMachine task thread for /0.0.0.0:15002 - 0 ] INFO  server.GrpcService (GrpcService.java:startImpl(302)) - 97ee00cc-8878-42b3-8e3f-b8716daccca4: GrpcService started, listening on 15014
2023-08-29 18:52:46,307 [EndpointStateMachine task thread for /0.0.0.0:15002 - 0 ] INFO  server.GrpcService (GrpcService.java:startImpl(302)) - 97ee00cc-8878-42b3-8e3f-b8716daccca4: GrpcService started, listening on 15013
2023-08-29 18:52:46,308 [EndpointStateMachine task thread for /0.0.0.0:15002 - 0 ] INFO  ratis.XceiverServerRatis (XceiverServerRatis.java:getRealPort(543)) - XceiverServerRatis 97ee00cc-8878-42b3-8e3f-b8716daccca4 is started using port 15012 for RATIS
2023-08-29 18:52:46,308 [EndpointStateMachine task thread for /0.0.0.0:15002 - 0 ] INFO  ratis.XceiverServerRatis (XceiverServerRatis.java:getRealPort(543)) - XceiverServerRatis 97ee00cc-8878-42b3-8e3f-b8716daccca4 is started using port 15013 for RATIS_ADMIN
2023-08-29 18:52:46,308 [EndpointStateMachine task thread for /0.0.0.0:15002 - 0 ] INFO  ratis.XceiverServerRatis (XceiverServerRatis.java:getRealPort(543)) - XceiverServerRatis 97ee00cc-8878-42b3-8e3f-b8716daccca4 is started using port 15014 for RATIS_SERVER
2023-08-29 18:52:46,308 [EndpointStateMachine task thread for /0.0.0.0:15002 - 0 ] INFO  ratis.XceiverServerRatis (XceiverServerRatis.java:getRealPort(543)) - XceiverServerRatis 97ee00cc-8878-42b3-8e3f-b8716daccca4 is started using port 15015 for RATIS_DATASTREAM
2023-08-29 18:52:46,308 [JvmPauseMonitor2] INFO  util.JvmPauseMonitor (JvmPauseMonitor.java:run(103)) - JvmPauseMonitor-97ee00cc-8878-42b3-8e3f-b8716daccca4: Started
2023-08-29 18:52:46,316 [BlockDeletingService#0] INFO  interfaces.ContainerDeletionChoosingPolicyTemplate (ContainerDeletionChoosingPolicyTemplate.java:chooseContainerForBlockDeletion(85)) - Chosen 0/5000 blocks from 0 candidate containers.
2023-08-29 18:52:46,566 [main] INFO  ozone.MiniOzoneClusterImpl (MiniOzoneClusterImpl.java:lambda$waitForClusterToBeReady$0(224)) - Waiting for nodes to be ready. Got 0 of 5 DN Heartbeats.
2023-08-29 18:52:46,567 [main] INFO  ozone.MiniOzoneClusterImpl (MiniOzoneClusterImpl.java:lambda$waitForClusterToBeReady$0(227)) - Waiting for cluster to exit safe mode
2023-08-29 18:52:46,567 [main] INFO  ozone.MiniOzoneClusterImpl (MiniOzoneClusterImpl.java:lambda$waitForClusterToBeReady$0(229)) - SCM became leader
2023-08-29 18:52:46,672 [EndpointStateMachine task thread for /0.0.0.0:15002 - 0 ] INFO  utils.DatanodeStoreCache (DatanodeStoreCache.java:addDB(66)) - Added db /home/runner/work/ozone/ozone/hadoop-ozone/integration-test/target/test-dir/MiniOzoneClusterImpl-f4f7c4b3-a6e6-4e2b-8957-3aa4c0e420f5/datanode-1/data-0/containers/hdds/f4f7c4b3-a6e6-4e2b-8957-3aa4c0e420f5/DS-5a4215c4-0669-4f17-a402-f345875c6349/container.db to cache
2023-08-29 18:52:46,673 [EndpointStateMachine task thread for /0.0.0.0:15002 - 0 ] INFO  volume.HddsVolume (HddsVolume.java:createDbStore(422)) - SchemaV3 db is created and loaded at /home/runner/work/ozone/ozone/hadoop-ozone/integration-test/target/test-dir/MiniOzoneClusterImpl-f4f7c4b3-a6e6-4e2b-8957-3aa4c0e420f5/datanode-1/data-0/containers/hdds/f4f7c4b3-a6e6-4e2b-8957-3aa4c0e420f5/DS-5a4215c4-0669-4f17-a402-f345875c6349/container.db for volume DS-5a4215c4-0669-4f17-a402-f345875c6349
2023-08-29 18:52:46,677 [EndpointStateMachine task thread for /0.0.0.0:15002 - 0 ] INFO  volume.ThrottledAsyncChecker (ThrottledAsyncChecker.java:schedule(141)) - Scheduling a check for /home/runner/work/ozone/ozone/hadoop-ozone/integration-test/target/test-dir/MiniOzoneClusterImpl-f4f7c4b3-a6e6-4e2b-8957-3aa4c0e420f5/datanode-1/data-0/containers/hdds
2023-08-29 18:52:46,678 [EndpointStateMachine task thread for /0.0.0.0:15002 - 0 ] INFO  volume.StorageVolumeChecker (StorageVolumeChecker.java:checkAllVolumes(213)) - Scheduled health check for volume /home/runner/work/ozone/ozone/hadoop-ozone/integration-test/target/test-dir/MiniOzoneClusterImpl-f4f7c4b3-a6e6-4e2b-8957-3aa4c0e420f5/datanode-1/data-0/containers/hdds
2023-08-29 18:52:46,684 [EndpointStateMachine task thread for /0.0.0.0:15002 - 0 ] INFO  volume.ThrottledAsyncChecker (ThrottledAsyncChecker.java:schedule(141)) - Scheduling a check for /home/runner/work/ozone/ozone/hadoop-ozone/integration-test/target/test-dir/MiniOzoneClusterImpl-f4f7c4b3-a6e6-4e2b-8957-3aa4c0e420f5/datanode-1/data/ratis
2023-08-29 18:52:46,684 [EndpointStateMachine task thread for /0.0.0.0:15002 - 0 ] INFO  volume.StorageVolumeChecker (StorageVolumeChecker.java:checkAllVolumes(213)) - Scheduled health check for volume /home/runner/work/ozone/ozone/hadoop-ozone/integration-test/target/test-dir/MiniOzoneClusterImpl-f4f7c4b3-a6e6-4e2b-8957-3aa4c0e420f5/datanode-1/data/ratis
2023-08-29 18:52:46,685 [EndpointStateMachine task thread for /0.0.0.0:15002 - 0 ] INFO  ozoneimpl.OzoneContainer (OzoneContainer.java:start(429)) - Attempting to start container services.
2023-08-29 18:52:46,685 [EndpointStateMachine task thread for /0.0.0.0:15002 - 0 ] INFO  ozoneimpl.OzoneContainer (OzoneContainer.java:startContainerScrub(325)) - Scheduled background container scanners and the on-demand container scanner have been disabled.
2023-08-29 18:52:46,687 [EndpointStateMachine task thread for /0.0.0.0:15002 - 0 ] INFO  replication.ReplicationServer (ReplicationServer.java:start(130)) - ReplicationServer is started using port 15025
2023-08-29 18:52:46,687 [EndpointStateMachine task thread for /0.0.0.0:15002 - 0 ] INFO  ratis.XceiverServerRatis (XceiverServerRatis.java:start(517)) - Starting XceiverServerRatis 7f4449f5-5363-4e2a-a958-eb2e78800a81
2023-08-29 18:52:46,688 [EndpointStateMachine task thread for /0.0.0.0:15002 - 0 ] INFO  server.RaftServer (RaftServerProxy.java:startImpl(400)) - 7f4449f5-5363-4e2a-a958-eb2e78800a81: start RPC server
2023-08-29 18:52:46,690 [EndpointStateMachine task thread for /0.0.0.0:15002 - 0 ] INFO  server.GrpcService (GrpcService.java:startImpl(302)) - 7f4449f5-5363-4e2a-a958-eb2e78800a81: GrpcService started, listening on 15021
2023-08-29 18:52:46,691 [EndpointStateMachine task thread for /0.0.0.0:15002 - 0 ] INFO  server.GrpcService (GrpcService.java:startImpl(302)) - 7f4449f5-5363-4e2a-a958-eb2e78800a81: GrpcService started, listening on 15023
2023-08-29 18:52:46,693 [EndpointStateMachine task thread for /0.0.0.0:15002 - 0 ] INFO  server.GrpcService (GrpcService.java:startImpl(302)) - 7f4449f5-5363-4e2a-a958-eb2e78800a81: GrpcService started, listening on 15022
2023-08-29 18:52:46,693 [EndpointStateMachine task thread for /0.0.0.0:15002 - 0 ] INFO  ratis.XceiverServerRatis (XceiverServerRatis.java:getRealPort(543)) - XceiverServerRatis 7f4449f5-5363-4e2a-a958-eb2e78800a81 is started using port 15021 for RATIS
2023-08-29 18:52:46,693 [EndpointStateMachine task thread for /0.0.0.0:15002 - 0 ] INFO  ratis.XceiverServerRatis (XceiverServerRatis.java:getRealPort(543)) - XceiverServerRatis 7f4449f5-5363-4e2a-a958-eb2e78800a81 is started using port 15022 for RATIS_ADMIN
2023-08-29 18:52:46,693 [JvmPauseMonitor3] INFO  util.JvmPauseMonitor (JvmPauseMonitor.java:run(103)) - JvmPauseMonitor-7f4449f5-5363-4e2a-a958-eb2e78800a81: Started
2023-08-29 18:52:46,693 [EndpointStateMachine task thread for /0.0.0.0:15002 - 0 ] INFO  ratis.XceiverServerRatis (XceiverServerRatis.java:getRealPort(543)) - XceiverServerRatis 7f4449f5-5363-4e2a-a958-eb2e78800a81 is started using port 15023 for RATIS_SERVER
2023-08-29 18:52:46,693 [EndpointStateMachine task thread for /0.0.0.0:15002 - 0 ] INFO  ratis.XceiverServerRatis (XceiverServerRatis.java:getRealPort(543)) - XceiverServerRatis 7f4449f5-5363-4e2a-a958-eb2e78800a81 is started using port 15024 for RATIS_DATASTREAM
2023-08-29 18:52:46,701 [BlockDeletingService#0] INFO  interfaces.ContainerDeletionChoosingPolicyTemplate (ContainerDeletionChoosingPolicyTemplate.java:chooseContainerForBlockDeletion(85)) - Chosen 0/5000 blocks from 0 candidate containers.
2023-08-29 18:52:46,943 [EndpointStateMachine task thread for /0.0.0.0:15002 - 0 ] INFO  utils.DatanodeStoreCache (DatanodeStoreCache.java:addDB(66)) - Added db /home/runner/work/ozone/ozone/hadoop-ozone/integration-test/target/test-dir/MiniOzoneClusterImpl-f4f7c4b3-a6e6-4e2b-8957-3aa4c0e420f5/datanode-2/data-0/containers/hdds/f4f7c4b3-a6e6-4e2b-8957-3aa4c0e420f5/DS-6b00ab41-237f-4d05-93e2-1d06420d5c94/container.db to cache
2023-08-29 18:52:46,943 [EndpointStateMachine task thread for /0.0.0.0:15002 - 0 ] INFO  volume.HddsVolume (HddsVolume.java:createDbStore(422)) - SchemaV3 db is created and loaded at /home/runner/work/ozone/ozone/hadoop-ozone/integration-test/target/test-dir/MiniOzoneClusterImpl-f4f7c4b3-a6e6-4e2b-8957-3aa4c0e420f5/datanode-2/data-0/containers/hdds/f4f7c4b3-a6e6-4e2b-8957-3aa4c0e420f5/DS-6b00ab41-237f-4d05-93e2-1d06420d5c94/container.db for volume DS-6b00ab41-237f-4d05-93e2-1d06420d5c94
2023-08-29 18:52:46,944 [EndpointStateMachine task thread for /0.0.0.0:15002 - 0 ] INFO  volume.ThrottledAsyncChecker (ThrottledAsyncChecker.java:schedule(141)) - Scheduling a check for /home/runner/work/ozone/ozone/hadoop-ozone/integration-test/target/test-dir/MiniOzoneClusterImpl-f4f7c4b3-a6e6-4e2b-8957-3aa4c0e420f5/datanode-2/data-0/containers/hdds
2023-08-29 18:52:46,945 [EndpointStateMachine task thread for /0.0.0.0:15002 - 0 ] INFO  volume.StorageVolumeChecker (StorageVolumeChecker.java:checkAllVolumes(213)) - Scheduled health check for volume /home/runner/work/ozone/ozone/hadoop-ozone/integration-test/target/test-dir/MiniOzoneClusterImpl-f4f7c4b3-a6e6-4e2b-8957-3aa4c0e420f5/datanode-2/data-0/containers/hdds
2023-08-29 18:52:46,947 [EndpointStateMachine task thread for /0.0.0.0:15002 - 0 ] INFO  volume.ThrottledAsyncChecker (ThrottledAsyncChecker.java:schedule(141)) - Scheduling a check for /home/runner/work/ozone/ozone/hadoop-ozone/integration-test/target/test-dir/MiniOzoneClusterImpl-f4f7c4b3-a6e6-4e2b-8957-3aa4c0e420f5/datanode-2/data/ratis
2023-08-29 18:52:46,947 [EndpointStateMachine task thread for /0.0.0.0:15002 - 0 ] INFO  volume.StorageVolumeChecker (StorageVolumeChecker.java:checkAllVolumes(213)) - Scheduled health check for volume /home/runner/work/ozone/ozone/hadoop-ozone/integration-test/target/test-dir/MiniOzoneClusterImpl-f4f7c4b3-a6e6-4e2b-8957-3aa4c0e420f5/datanode-2/data/ratis
2023-08-29 18:52:46,949 [EndpointStateMachine task thread for /0.0.0.0:15002 - 0 ] INFO  ozoneimpl.OzoneContainer (OzoneContainer.java:start(429)) - Attempting to start container services.
2023-08-29 18:52:46,949 [EndpointStateMachine task thread for /0.0.0.0:15002 - 0 ] INFO  ozoneimpl.OzoneContainer (OzoneContainer.java:startContainerScrub(325)) - Scheduled background container scanners and the on-demand container scanner have been disabled.
2023-08-29 18:52:46,951 [EndpointStateMachine task thread for /0.0.0.0:15002 - 0 ] INFO  replication.ReplicationServer (ReplicationServer.java:start(130)) - ReplicationServer is started using port 15034
2023-08-29 18:52:46,951 [EndpointStateMachine task thread for /0.0.0.0:15002 - 0 ] INFO  ratis.XceiverServerRatis (XceiverServerRatis.java:start(517)) - Starting XceiverServerRatis 8e764df9-21b5-444f-852f-dd54d92b5fac
2023-08-29 18:52:46,955 [EndpointStateMachine task thread for /0.0.0.0:15002 - 0 ] INFO  server.RaftServer (RaftServerProxy.java:startImpl(400)) - 8e764df9-21b5-444f-852f-dd54d92b5fac: start RPC server
2023-08-29 18:52:46,961 [EndpointStateMachine task thread for /0.0.0.0:15002 - 0 ] INFO  server.GrpcService (GrpcService.java:startImpl(302)) - 8e764df9-21b5-444f-852f-dd54d92b5fac: GrpcService started, listening on 15030
2023-08-29 18:52:46,963 [EndpointStateMachine task thread for /0.0.0.0:15002 - 0 ] INFO  server.GrpcService (GrpcService.java:startImpl(302)) - 8e764df9-21b5-444f-852f-dd54d92b5fac: GrpcService started, listening on 15032
2023-08-29 18:52:46,964 [EndpointStateMachine task thread for /0.0.0.0:15002 - 0 ] INFO  server.GrpcService (GrpcService.java:startImpl(302)) - 8e764df9-21b5-444f-852f-dd54d92b5fac: GrpcService started, listening on 15031
2023-08-29 18:52:46,964 [EndpointStateMachine task thread for /0.0.0.0:15002 - 0 ] INFO  ratis.XceiverServerRatis (XceiverServerRatis.java:getRealPort(543)) - XceiverServerRatis 8e764df9-21b5-444f-852f-dd54d92b5fac is started using port 15030 for RATIS
2023-08-29 18:52:46,964 [EndpointStateMachine task thread for /0.0.0.0:15002 - 0 ] INFO  ratis.XceiverServerRatis (XceiverServerRatis.java:getRealPort(543)) - XceiverServerRatis 8e764df9-21b5-444f-852f-dd54d92b5fac is started using port 15031 for RATIS_ADMIN
2023-08-29 18:52:46,964 [EndpointStateMachine task thread for /0.0.0.0:15002 - 0 ] INFO  ratis.XceiverServerRatis (XceiverServerRatis.java:getRealPort(543)) - XceiverServerRatis 8e764df9-21b5-444f-852f-dd54d92b5fac is started using port 15032 for RATIS_SERVER
2023-08-29 18:52:46,965 [EndpointStateMachine task thread for /0.0.0.0:15002 - 0 ] INFO  ratis.XceiverServerRatis (XceiverServerRatis.java:getRealPort(543)) - XceiverServerRatis 8e764df9-21b5-444f-852f-dd54d92b5fac is started using port 15033 for RATIS_DATASTREAM
2023-08-29 18:52:46,965 [JvmPauseMonitor4] INFO  util.JvmPauseMonitor (JvmPauseMonitor.java:run(103)) - JvmPauseMonitor-8e764df9-21b5-444f-852f-dd54d92b5fac: Started
2023-08-29 18:52:46,973 [BlockDeletingService#0] INFO  interfaces.ContainerDeletionChoosingPolicyTemplate (ContainerDeletionChoosingPolicyTemplate.java:chooseContainerForBlockDeletion(85)) - Chosen 0/5000 blocks from 0 candidate containers.
2023-08-29 18:52:47,297 [EndpointStateMachine task thread for /0.0.0.0:15002 - 0 ] INFO  utils.DatanodeStoreCache (DatanodeStoreCache.java:addDB(66)) - Added db /home/runner/work/ozone/ozone/hadoop-ozone/integration-test/target/test-dir/MiniOzoneClusterImpl-f4f7c4b3-a6e6-4e2b-8957-3aa4c0e420f5/datanode-3/data-0/containers/hdds/f4f7c4b3-a6e6-4e2b-8957-3aa4c0e420f5/DS-8cee6b08-a56b-4e97-98fa-925025e1a40e/container.db to cache
2023-08-29 18:52:47,297 [EndpointStateMachine task thread for /0.0.0.0:15002 - 0 ] INFO  volume.HddsVolume (HddsVolume.java:createDbStore(422)) - SchemaV3 db is created and loaded at /home/runner/work/ozone/ozone/hadoop-ozone/integration-test/target/test-dir/MiniOzoneClusterImpl-f4f7c4b3-a6e6-4e2b-8957-3aa4c0e420f5/datanode-3/data-0/containers/hdds/f4f7c4b3-a6e6-4e2b-8957-3aa4c0e420f5/DS-8cee6b08-a56b-4e97-98fa-925025e1a40e/container.db for volume DS-8cee6b08-a56b-4e97-98fa-925025e1a40e
2023-08-29 18:52:47,298 [EndpointStateMachine task thread for /0.0.0.0:15002 - 0 ] INFO  volume.ThrottledAsyncChecker (ThrottledAsyncChecker.java:schedule(141)) - Scheduling a check for /home/runner/work/ozone/ozone/hadoop-ozone/integration-test/target/test-dir/MiniOzoneClusterImpl-f4f7c4b3-a6e6-4e2b-8957-3aa4c0e420f5/datanode-3/data-0/containers/hdds
2023-08-29 18:52:47,307 [EndpointStateMachine task thread for /0.0.0.0:15002 - 0 ] INFO  volume.StorageVolumeChecker (StorageVolumeChecker.java:checkAllVolumes(213)) - Scheduled health check for volume /home/runner/work/ozone/ozone/hadoop-ozone/integration-test/target/test-dir/MiniOzoneClusterImpl-f4f7c4b3-a6e6-4e2b-8957-3aa4c0e420f5/datanode-3/data-0/containers/hdds
2023-08-29 18:52:47,308 [EndpointStateMachine task thread for /0.0.0.0:15002 - 0 ] INFO  volume.ThrottledAsyncChecker (ThrottledAsyncChecker.java:schedule(141)) - Scheduling a check for /home/runner/work/ozone/ozone/hadoop-ozone/integration-test/target/test-dir/MiniOzoneClusterImpl-f4f7c4b3-a6e6-4e2b-8957-3aa4c0e420f5/datanode-3/data/ratis
2023-08-29 18:52:47,308 [EndpointStateMachine task thread for /0.0.0.0:15002 - 0 ] INFO  volume.StorageVolumeChecker (StorageVolumeChecker.java:checkAllVolumes(213)) - Scheduled health check for volume /home/runner/work/ozone/ozone/hadoop-ozone/integration-test/target/test-dir/MiniOzoneClusterImpl-f4f7c4b3-a6e6-4e2b-8957-3aa4c0e420f5/datanode-3/data/ratis
2023-08-29 18:52:47,310 [EndpointStateMachine task thread for /0.0.0.0:15002 - 0 ] INFO  ozoneimpl.OzoneContainer (OzoneContainer.java:start(429)) - Attempting to start container services.
2023-08-29 18:52:47,310 [EndpointStateMachine task thread for /0.0.0.0:15002 - 0 ] INFO  ozoneimpl.OzoneContainer (OzoneContainer.java:startContainerScrub(325)) - Scheduled background container scanners and the on-demand container scanner have been disabled.
2023-08-29 18:52:47,312 [EndpointStateMachine task thread for /0.0.0.0:15002 - 0 ] INFO  replication.ReplicationServer (ReplicationServer.java:start(130)) - ReplicationServer is started using port 15043
2023-08-29 18:52:47,312 [EndpointStateMachine task thread for /0.0.0.0:15002 - 0 ] INFO  ratis.XceiverServerRatis (XceiverServerRatis.java:start(517)) - Starting XceiverServerRatis 5b9ef83d-dbe3-47c8-9c1e-3cffac3fa7d5
2023-08-29 18:52:47,313 [EndpointStateMachine task thread for /0.0.0.0:15002 - 0 ] INFO  server.RaftServer (RaftServerProxy.java:startImpl(400)) - 5b9ef83d-dbe3-47c8-9c1e-3cffac3fa7d5: start RPC server
2023-08-29 18:52:47,314 [EndpointStateMachine task thread for /0.0.0.0:15002 - 0 ] INFO  server.GrpcService (GrpcService.java:startImpl(302)) - 5b9ef83d-dbe3-47c8-9c1e-3cffac3fa7d5: GrpcService started, listening on 15039
2023-08-29 18:52:47,316 [EndpointStateMachine task thread for /0.0.0.0:15002 - 0 ] INFO  server.GrpcService (GrpcService.java:startImpl(302)) - 5b9ef83d-dbe3-47c8-9c1e-3cffac3fa7d5: GrpcService started, listening on 15041
2023-08-29 18:52:47,319 [EndpointStateMachine task thread for /0.0.0.0:15002 - 0 ] INFO  server.GrpcService (GrpcService.java:startImpl(302)) - 5b9ef83d-dbe3-47c8-9c1e-3cffac3fa7d5: GrpcService started, listening on 15040
2023-08-29 18:52:47,320 [EndpointStateMachine task thread for /0.0.0.0:15002 - 0 ] INFO  ratis.XceiverServerRatis (XceiverServerRatis.java:getRealPort(543)) - XceiverServerRatis 5b9ef83d-dbe3-47c8-9c1e-3cffac3fa7d5 is started using port 15039 for RATIS
2023-08-29 18:52:47,320 [EndpointStateMachine task thread for /0.0.0.0:15002 - 0 ] INFO  ratis.XceiverServerRatis (XceiverServerRatis.java:getRealPort(543)) - XceiverServerRatis 5b9ef83d-dbe3-47c8-9c1e-3cffac3fa7d5 is started using port 15040 for RATIS_ADMIN
2023-08-29 18:52:47,320 [EndpointStateMachine task thread for /0.0.0.0:15002 - 0 ] INFO  ratis.XceiverServerRatis (XceiverServerRatis.java:getRealPort(543)) - XceiverServerRatis 5b9ef83d-dbe3-47c8-9c1e-3cffac3fa7d5 is started using port 15041 for RATIS_SERVER
2023-08-29 18:52:47,320 [EndpointStateMachine task thread for /0.0.0.0:15002 - 0 ] INFO  ratis.XceiverServerRatis (XceiverServerRatis.java:getRealPort(543)) - XceiverServerRatis 5b9ef83d-dbe3-47c8-9c1e-3cffac3fa7d5 is started using port 15042 for RATIS_DATASTREAM
2023-08-29 18:52:47,321 [JvmPauseMonitor5] INFO  util.JvmPauseMonitor (JvmPauseMonitor.java:run(103)) - JvmPauseMonitor-5b9ef83d-dbe3-47c8-9c1e-3cffac3fa7d5: Started
2023-08-29 18:52:47,331 [BlockDeletingService#0] INFO  interfaces.ContainerDeletionChoosingPolicyTemplate (ContainerDeletionChoosingPolicyTemplate.java:chooseContainerForBlockDeletion(85)) - Chosen 0/5000 blocks from 0 candidate containers.
2023-08-29 18:52:47,567 [main] INFO  ozone.MiniOzoneClusterImpl (MiniOzoneClusterImpl.java:lambda$waitForClusterToBeReady$0(224)) - Waiting for nodes to be ready. Got 0 of 5 DN Heartbeats.
2023-08-29 18:52:47,567 [main] INFO  ozone.MiniOzoneClusterImpl (MiniOzoneClusterImpl.java:lambda$waitForClusterToBeReady$0(227)) - Waiting for cluster to exit safe mode
2023-08-29 18:52:47,567 [main] INFO  ozone.MiniOzoneClusterImpl (MiniOzoneClusterImpl.java:lambda$waitForClusterToBeReady$0(229)) - SCM became leader
2023-08-29 18:52:47,600 [EndpointStateMachine task thread for /0.0.0.0:15002 - 0 ] INFO  utils.DatanodeStoreCache (DatanodeStoreCache.java:addDB(66)) - Added db /home/runner/work/ozone/ozone/hadoop-ozone/integration-test/target/test-dir/MiniOzoneClusterImpl-f4f7c4b3-a6e6-4e2b-8957-3aa4c0e420f5/datanode-4/data-0/containers/hdds/f4f7c4b3-a6e6-4e2b-8957-3aa4c0e420f5/DS-babf0d3d-e83f-4587-adee-d34c07cc912d/container.db to cache
2023-08-29 18:52:47,600 [EndpointStateMachine task thread for /0.0.0.0:15002 - 0 ] INFO  volume.HddsVolume (HddsVolume.java:createDbStore(422)) - SchemaV3 db is created and loaded at /home/runner/work/ozone/ozone/hadoop-ozone/integration-test/target/test-dir/MiniOzoneClusterImpl-f4f7c4b3-a6e6-4e2b-8957-3aa4c0e420f5/datanode-4/data-0/containers/hdds/f4f7c4b3-a6e6-4e2b-8957-3aa4c0e420f5/DS-babf0d3d-e83f-4587-adee-d34c07cc912d/container.db for volume DS-babf0d3d-e83f-4587-adee-d34c07cc912d
2023-08-29 18:52:47,600 [EndpointStateMachine task thread for /0.0.0.0:15002 - 0 ] INFO  volume.ThrottledAsyncChecker (ThrottledAsyncChecker.java:schedule(141)) - Scheduling a check for /home/runner/work/ozone/ozone/hadoop-ozone/integration-test/target/test-dir/MiniOzoneClusterImpl-f4f7c4b3-a6e6-4e2b-8957-3aa4c0e420f5/datanode-4/data-0/containers/hdds
2023-08-29 18:52:47,601 [EndpointStateMachine task thread for /0.0.0.0:15002 - 0 ] INFO  volume.StorageVolumeChecker (StorageVolumeChecker.java:checkAllVolumes(213)) - Scheduled health check for volume /home/runner/work/ozone/ozone/hadoop-ozone/integration-test/target/test-dir/MiniOzoneClusterImpl-f4f7c4b3-a6e6-4e2b-8957-3aa4c0e420f5/datanode-4/data-0/containers/hdds
2023-08-29 18:52:47,603 [EndpointStateMachine task thread for /0.0.0.0:15002 - 0 ] INFO  volume.ThrottledAsyncChecker (ThrottledAsyncChecker.java:schedule(141)) - Scheduling a check for /home/runner/work/ozone/ozone/hadoop-ozone/integration-test/target/test-dir/MiniOzoneClusterImpl-f4f7c4b3-a6e6-4e2b-8957-3aa4c0e420f5/datanode-4/data/ratis
2023-08-29 18:52:47,603 [EndpointStateMachine task thread for /0.0.0.0:15002 - 0 ] INFO  volume.StorageVolumeChecker (StorageVolumeChecker.java:checkAllVolumes(213)) - Scheduled health check for volume /home/runner/work/ozone/ozone/hadoop-ozone/integration-test/target/test-dir/MiniOzoneClusterImpl-f4f7c4b3-a6e6-4e2b-8957-3aa4c0e420f5/datanode-4/data/ratis
2023-08-29 18:52:47,604 [EndpointStateMachine task thread for /0.0.0.0:15002 - 0 ] INFO  ozoneimpl.OzoneContainer (OzoneContainer.java:start(429)) - Attempting to start container services.
2023-08-29 18:52:47,604 [EndpointStateMachine task thread for /0.0.0.0:15002 - 0 ] INFO  ozoneimpl.OzoneContainer (OzoneContainer.java:startContainerScrub(325)) - Scheduled background container scanners and the on-demand container scanner have been disabled.
2023-08-29 18:52:47,605 [EndpointStateMachine task thread for /0.0.0.0:15002 - 0 ] INFO  replication.ReplicationServer (ReplicationServer.java:start(130)) - ReplicationServer is started using port 15052
2023-08-29 18:52:47,605 [EndpointStateMachine task thread for /0.0.0.0:15002 - 0 ] INFO  ratis.XceiverServerRatis (XceiverServerRatis.java:start(517)) - Starting XceiverServerRatis d246a9b4-fb4e-4001-b7a9-7f69213ea7ae
2023-08-29 18:52:47,606 [EndpointStateMachine task thread for /0.0.0.0:15002 - 0 ] INFO  server.RaftServer (RaftServerProxy.java:startImpl(400)) - d246a9b4-fb4e-4001-b7a9-7f69213ea7ae: start RPC server
2023-08-29 18:52:47,613 [EndpointStateMachine task thread for /0.0.0.0:15002 - 0 ] INFO  server.GrpcService (GrpcService.java:startImpl(302)) - d246a9b4-fb4e-4001-b7a9-7f69213ea7ae: GrpcService started, listening on 15048
2023-08-29 18:52:47,613 [EndpointStateMachine task thread for /0.0.0.0:15002 - 0 ] INFO  server.GrpcService (GrpcService.java:startImpl(302)) - d246a9b4-fb4e-4001-b7a9-7f69213ea7ae: GrpcService started, listening on 15050
2023-08-29 18:52:47,614 [EndpointStateMachine task thread for /0.0.0.0:15002 - 0 ] INFO  server.GrpcService (GrpcService.java:startImpl(302)) - d246a9b4-fb4e-4001-b7a9-7f69213ea7ae: GrpcService started, listening on 15049
2023-08-29 18:52:47,614 [EndpointStateMachine task thread for /0.0.0.0:15002 - 0 ] INFO  ratis.XceiverServerRatis (XceiverServerRatis.java:getRealPort(543)) - XceiverServerRatis d246a9b4-fb4e-4001-b7a9-7f69213ea7ae is started using port 15048 for RATIS
2023-08-29 18:52:47,614 [JvmPauseMonitor6] INFO  util.JvmPauseMonitor (JvmPauseMonitor.java:run(103)) - JvmPauseMonitor-d246a9b4-fb4e-4001-b7a9-7f69213ea7ae: Started
2023-08-29 18:52:47,614 [EndpointStateMachine task thread for /0.0.0.0:15002 - 0 ] INFO  ratis.XceiverServerRatis (XceiverServerRatis.java:getRealPort(543)) - XceiverServerRatis d246a9b4-fb4e-4001-b7a9-7f69213ea7ae is started using port 15049 for RATIS_ADMIN
2023-08-29 18:52:47,615 [EndpointStateMachine task thread for /0.0.0.0:15002 - 0 ] INFO  ratis.XceiverServerRatis (XceiverServerRatis.java:getRealPort(543)) - XceiverServerRatis d246a9b4-fb4e-4001-b7a9-7f69213ea7ae is started using port 15050 for RATIS_SERVER
2023-08-29 18:52:47,615 [EndpointStateMachine task thread for /0.0.0.0:15002 - 0 ] INFO  ratis.XceiverServerRatis (XceiverServerRatis.java:getRealPort(543)) - XceiverServerRatis d246a9b4-fb4e-4001-b7a9-7f69213ea7ae is started using port 15051 for RATIS_DATASTREAM
2023-08-29 18:52:47,618 [BlockDeletingService#0] INFO  interfaces.ContainerDeletionChoosingPolicyTemplate (ContainerDeletionChoosingPolicyTemplate.java:chooseContainerForBlockDeletion(85)) - Chosen 0/5000 blocks from 0 candidate containers.
2023-08-29 18:52:48,159 [IPC Server handler 19 on default port 15002] INFO  net.NetworkTopologyImpl (NetworkTopologyImpl.java:add(112)) - Added a new node: /default-rack/97ee00cc-8878-42b3-8e3f-b8716daccca4
2023-08-29 18:52:48,161 [IPC Server handler 19 on default port 15002] INFO  node.SCMNodeManager (SCMNodeManager.java:register(405)) - Registered Data node : 97ee00cc-8878-42b3-8e3f-b8716daccca4{ip: 10.1.0.239, host: fv-az225-157.hxhba2eg53duheooqg2bzplbvd.bx.internal.cloudapp.net, ports: [HTTP=15009, CLIENT_RPC=15010, REPLICATION=15016, RATIS=15012, RATIS_ADMIN=15013, RATIS_SERVER=15014, RATIS_DATASTREAM=15015, STANDALONE=15011], networkLocation: /default-rack, certSerialId: null, persistedOpState: null, persistedOpStateExpiryEpochSec: 0}
2023-08-29 18:52:48,166 [EventQueue-NodeRegistrationContainerReportForContainerSafeModeRule] INFO  safemode.SCMSafeModeManager (SCMSafeModeManager.java:validateSafeModeExitRules(200)) - ContainerSafeModeRule rule is successfully validated
2023-08-29 18:52:48,166 [EventQueue-NewNodeForNewNodeHandler] INFO  pipeline.BackgroundPipelineCreator (BackgroundPipelineCreator.java:notifyEventTriggered(277)) - trigger a one-shot run on RatisPipelineUtilsThread.
2023-08-29 18:52:48,174 [EventQueue-NodeRegistrationContainerReportForDataNodeSafeModeRule] INFO  safemode.SCMSafeModeManager (DataNodeSafeModeRule.java:process(71)) - SCM in safe mode. 1 DataNodes registered, 3 required.
2023-08-29 18:52:48,175 [RatisPipelineUtilsThread - 0] INFO  pipeline.RatisPipelineProvider (RatisPipelineProvider.java:lambda$create$0(206)) - Sending CreatePipelineCommand for pipeline:PipelineID=1466a637-63f4-4623-9ddc-332e8197aaed to datanode:97ee00cc-8878-42b3-8e3f-b8716daccca4
2023-08-29 18:52:48,180 [EventQueue-PipelineReportForOneReplicaPipelineSafeModeRule] INFO  safemode.SCMSafeModeManager (SCMSafeModeManager.java:validateSafeModeExitRules(200)) - AtleastOneDatanodeReportedRule rule is successfully validated
2023-08-29 18:52:48,190 [RatisPipelineUtilsThread - 0] INFO  pipeline.BackgroundPipelineCreator (BackgroundPipelineCreator.java:createPipelines(233)) - Created new pipeline Pipeline[ Id: 1466a637-63f4-4623-9ddc-332e8197aaed, Nodes: 97ee00cc-8878-42b3-8e3f-b8716daccca4(fv-az225-157.hxhba2eg53duheooqg2bzplbvd.bx.internal.cloudapp.net/10.1.0.239), ReplicationConfig: RATIS/ONE, State:ALLOCATED, leaderId:, CreationTimestamp2023-08-29T18:52:48.174Z[Etc/UTC]]
2023-08-29 18:52:48,568 [main] INFO  ozone.MiniOzoneClusterImpl (MiniOzoneClusterImpl.java:lambda$waitForClusterToBeReady$0(224)) - Waiting for nodes to be ready. Got 1 of 5 DN Heartbeats.
2023-08-29 18:52:48,568 [main] INFO  ozone.MiniOzoneClusterImpl (MiniOzoneClusterImpl.java:lambda$waitForClusterToBeReady$0(227)) - Waiting for cluster to exit safe mode
2023-08-29 18:52:48,568 [main] INFO  ozone.MiniOzoneClusterImpl (MiniOzoneClusterImpl.java:lambda$waitForClusterToBeReady$0(229)) - SCM became leader
2023-08-29 18:52:48,636 [IPC Server handler 11 on default port 15002] INFO  net.NetworkTopologyImpl (NetworkTopologyImpl.java:add(112)) - Added a new node: /default-rack/7f4449f5-5363-4e2a-a958-eb2e78800a81
2023-08-29 18:52:48,636 [IPC Server handler 11 on default port 15002] INFO  node.SCMNodeManager (SCMNodeManager.java:register(405)) - Registered Data node : 7f4449f5-5363-4e2a-a958-eb2e78800a81{ip: 10.1.0.239, host: fv-az225-157.hxhba2eg53duheooqg2bzplbvd.bx.internal.cloudapp.net, ports: [HTTP=15018, CLIENT_RPC=15019, REPLICATION=15025, RATIS=15021, RATIS_ADMIN=15022, RATIS_SERVER=15023, RATIS_DATASTREAM=15024, STANDALONE=15020], networkLocation: /default-rack, certSerialId: null, persistedOpState: null, persistedOpStateExpiryEpochSec: 0}
2023-08-29 18:52:48,637 [EventQueue-NodeRegistrationContainerReportForDataNodeSafeModeRule] INFO  safemode.SCMSafeModeManager (DataNodeSafeModeRule.java:process(71)) - SCM in safe mode. 2 DataNodes registered, 3 required.
2023-08-29 18:52:48,637 [EventQueue-NewNodeForNewNodeHandler] INFO  pipeline.BackgroundPipelineCreator (BackgroundPipelineCreator.java:notifyEventTriggered(277)) - trigger a one-shot run on RatisPipelineUtilsThread.
2023-08-29 18:52:48,639 [RatisPipelineUtilsThread - 0] INFO  pipeline.RatisPipelineProvider (RatisPipelineProvider.java:lambda$create$0(206)) - Sending CreatePipelineCommand for pipeline:PipelineID=06d0e18e-4e42-4c5a-89b5-a7575599d9fe to datanode:7f4449f5-5363-4e2a-a958-eb2e78800a81
2023-08-29 18:52:48,640 [RatisPipelineUtilsThread - 0] INFO  pipeline.BackgroundPipelineCreator (BackgroundPipelineCreator.java:createPipelines(233)) - Created new pipeline Pipeline[ Id: 06d0e18e-4e42-4c5a-89b5-a7575599d9fe, Nodes: 7f4449f5-5363-4e2a-a958-eb2e78800a81(fv-az225-157.hxhba2eg53duheooqg2bzplbvd.bx.internal.cloudapp.net/10.1.0.239), ReplicationConfig: RATIS/ONE, State:ALLOCATED, leaderId:, CreationTimestamp2023-08-29T18:52:48.639Z[Etc/UTC]]
2023-08-29 18:52:48,917 [IPC Server handler 16 on default port 15002] INFO  net.NetworkTopologyImpl (NetworkTopologyImpl.java:add(112)) - Added a new node: /default-rack/8e764df9-21b5-444f-852f-dd54d92b5fac
2023-08-29 18:52:48,917 [IPC Server handler 16 on default port 15002] INFO  node.SCMNodeManager (SCMNodeManager.java:register(405)) - Registered Data node : 8e764df9-21b5-444f-852f-dd54d92b5fac{ip: 10.1.0.239, host: fv-az225-157.hxhba2eg53duheooqg2bzplbvd.bx.internal.cloudapp.net, ports: [HTTP=15027, CLIENT_RPC=15028, REPLICATION=15034, RATIS=15030, RATIS_ADMIN=15031, RATIS_SERVER=15032, RATIS_DATASTREAM=15033, STANDALONE=15029], networkLocation: /default-rack, certSerialId: null, persistedOpState: null, persistedOpStateExpiryEpochSec: 0}
2023-08-29 18:52:48,917 [EventQueue-NewNodeForNewNodeHandler] INFO  pipeline.BackgroundPipelineCreator (BackgroundPipelineCreator.java:notifyEventTriggered(277)) - trigger a one-shot run on RatisPipelineUtilsThread.
2023-08-29 18:52:48,918 [RatisPipelineUtilsThread - 0] INFO  pipeline.RatisPipelineProvider (RatisPipelineProvider.java:lambda$create$0(206)) - Sending CreatePipelineCommand for pipeline:PipelineID=80c10e0f-f52f-48ee-9066-7e53c364f6dc to datanode:8e764df9-21b5-444f-852f-dd54d92b5fac
2023-08-29 18:52:48,919 [EventQueue-NodeRegistrationContainerReportForDataNodeSafeModeRule] INFO  safemode.SCMSafeModeManager (DataNodeSafeModeRule.java:process(71)) - SCM in safe mode. 3 DataNodes registered, 3 required.
2023-08-29 18:52:48,919 [EventQueue-NodeRegistrationContainerReportForDataNodeSafeModeRule] INFO  safemode.SCMSafeModeManager (SCMSafeModeManager.java:validateSafeModeExitRules(200)) - DataNodeSafeModeRule rule is successfully validated
2023-08-29 18:52:48,919 [EventQueue-NodeRegistrationContainerReportForDataNodeSafeModeRule] INFO  safemode.SCMSafeModeManager (SCMSafeModeManager.java:completePreCheck(229)) - All SCM safe mode pre check rules have passed
2023-08-29 18:52:48,919 [EventQueue-NodeRegistrationContainerReportForDataNodeSafeModeRule] INFO  ha.SCMContext (SCMContext.java:updateSafeModeStatus(228)) - Update SafeModeStatus from SafeModeStatus{safeModeStatus=true, preCheckPassed=false} to SafeModeStatus{safeModeStatus=true, preCheckPassed=true}.
2023-08-29 18:52:48,919 [EventQueue-NodeRegistrationContainerReportForDataNodeSafeModeRule] INFO  pipeline.BackgroundPipelineCreator (BackgroundPipelineCreator.java:notifyEventTriggered(277)) - trigger a one-shot run on RatisPipelineUtilsThread.
2023-08-29 18:52:48,920 [RatisPipelineUtilsThread - 0] INFO  pipeline.BackgroundPipelineCreator (BackgroundPipelineCreator.java:createPipelines(233)) - Created new pipeline Pipeline[ Id: 80c10e0f-f52f-48ee-9066-7e53c364f6dc, Nodes: 8e764df9-21b5-444f-852f-dd54d92b5fac(fv-az225-157.hxhba2eg53duheooqg2bzplbvd.bx.internal.cloudapp.net/10.1.0.239), ReplicationConfig: RATIS/ONE, State:ALLOCATED, leaderId:, CreationTimestamp2023-08-29T18:52:48.918Z[Etc/UTC]]
2023-08-29 18:52:48,924 [RatisPipelineUtilsThread - 0] INFO  pipeline.RatisPipelineProvider (RatisPipelineProvider.java:lambda$create$0(206)) - Sending CreatePipelineCommand for pipeline:PipelineID=cbc1ad54-7414-490a-8dff-5e2011258112 to datanode:8e764df9-21b5-444f-852f-dd54d92b5fac
2023-08-29 18:52:48,924 [RatisPipelineUtilsThread - 0] INFO  pipeline.RatisPipelineProvider (RatisPipelineProvider.java:lambda$create$0(206)) - Sending CreatePipelineCommand for pipeline:PipelineID=cbc1ad54-7414-490a-8dff-5e2011258112 to datanode:97ee00cc-8878-42b3-8e3f-b8716daccca4
2023-08-29 18:52:48,924 [RatisPipelineUtilsThread - 0] INFO  pipeline.RatisPipelineProvider (RatisPipelineProvider.java:lambda$create$0(206)) - Sending CreatePipelineCommand for pipeline:PipelineID=cbc1ad54-7414-490a-8dff-5e2011258112 to datanode:7f4449f5-5363-4e2a-a958-eb2e78800a81
2023-08-29 18:52:48,925 [RatisPipelineUtilsThread - 0] INFO  pipeline.BackgroundPipelineCreator (BackgroundPipelineCreator.java:createPipelines(233)) - Created new pipeline Pipeline[ Id: cbc1ad54-7414-490a-8dff-5e2011258112, Nodes: 8e764df9-21b5-444f-852f-dd54d92b5fac(fv-az225-157.hxhba2eg53duheooqg2bzplbvd.bx.internal.cloudapp.net/10.1.0.239)97ee00cc-8878-42b3-8e3f-b8716daccca4(fv-az225-157.hxhba2eg53duheooqg2bzplbvd.bx.internal.cloudapp.net/10.1.0.239)7f4449f5-5363-4e2a-a958-eb2e78800a81(fv-az225-157.hxhba2eg53duheooqg2bzplbvd.bx.internal.cloudapp.net/10.1.0.239), ReplicationConfig: RATIS/THREE, State:ALLOCATED, leaderId:, CreationTimestamp2023-08-29T18:52:48.924Z[Etc/UTC]]
2023-08-29 18:52:48,928 [RatisPipelineUtilsThread - 0] INFO  pipeline.RatisPipelineProvider (RatisPipelineProvider.java:lambda$create$0(206)) - Sending CreatePipelineCommand for pipeline:PipelineID=ca1cac7b-847d-4473-b891-6741276350f2 to datanode:8e764df9-21b5-444f-852f-dd54d92b5fac
2023-08-29 18:52:48,928 [RatisPipelineUtilsThread - 0] INFO  pipeline.RatisPipelineProvider (RatisPipelineProvider.java:lambda$create$0(206)) - Sending CreatePipelineCommand for pipeline:PipelineID=ca1cac7b-847d-4473-b891-6741276350f2 to datanode:7f4449f5-5363-4e2a-a958-eb2e78800a81
2023-08-29 18:52:48,929 [RatisPipelineUtilsThread - 0] INFO  pipeline.RatisPipelineProvider (RatisPipelineProvider.java:lambda$create$0(206)) - Sending CreatePipelineCommand for pipeline:PipelineID=ca1cac7b-847d-4473-b891-6741276350f2 to datanode:97ee00cc-8878-42b3-8e3f-b8716daccca4
2023-08-29 18:52:48,930 [RatisPipelineUtilsThread - 0] INFO  pipeline.PipelineManagerImpl (PipelineManagerImpl.java:recordMetricsForPipeline(914)) - Pipeline: PipelineID=ca1cac7b-847d-4473-b891-6741276350f2 contains same datanodes as previous pipelines: PipelineID=cbc1ad54-7414-490a-8dff-5e2011258112 nodeIds: 8e764df9-21b5-444f-852f-dd54d92b5fac, 7f4449f5-5363-4e2a-a958-eb2e78800a81, 97ee00cc-8878-42b3-8e3f-b8716daccca4
2023-08-29 18:52:48,930 [RatisPipelineUtilsThread - 0] INFO  pipeline.BackgroundPipelineCreator (BackgroundPipelineCreator.java:createPipelines(233)) - Created new pipeline Pipeline[ Id: ca1cac7b-847d-4473-b891-6741276350f2, Nodes: 8e764df9-21b5-444f-852f-dd54d92b5fac(fv-az225-157.hxhba2eg53duheooqg2bzplbvd.bx.internal.cloudapp.net/10.1.0.239)7f4449f5-5363-4e2a-a958-eb2e78800a81(fv-az225-157.hxhba2eg53duheooqg2bzplbvd.bx.internal.cloudapp.net/10.1.0.239)97ee00cc-8878-42b3-8e3f-b8716daccca4(fv-az225-157.hxhba2eg53duheooqg2bzplbvd.bx.internal.cloudapp.net/10.1.0.239), ReplicationConfig: RATIS/THREE, State:ALLOCATED, leaderId:, CreationTimestamp2023-08-29T18:52:48.928Z[Etc/UTC]]
2023-08-29 18:52:49,268 [IPC Server handler 18 on default port 15002] INFO  net.NetworkTopologyImpl (NetworkTopologyImpl.java:add(112)) - Added a new node: /default-rack/5b9ef83d-dbe3-47c8-9c1e-3cffac3fa7d5
2023-08-29 18:52:49,270 [IPC Server handler 18 on default port 15002] INFO  node.SCMNodeManager (SCMNodeManager.java:register(405)) - Registered Data node : 5b9ef83d-dbe3-47c8-9c1e-3cffac3fa7d5{ip: 10.1.0.239, host: fv-az225-157.hxhba2eg53duheooqg2bzplbvd.bx.internal.cloudapp.net, ports: [HTTP=15036, CLIENT_RPC=15037, REPLICATION=15043, RATIS=15039, RATIS_ADMIN=15040, RATIS_SERVER=15041, RATIS_DATASTREAM=15042, STANDALONE=15038], networkLocation: /default-rack, certSerialId: null, persistedOpState: null, persistedOpStateExpiryEpochSec: 0}
2023-08-29 18:52:49,270 [EventQueue-NewNodeForNewNodeHandler] INFO  pipeline.BackgroundPipelineCreator (BackgroundPipelineCreator.java:notifyEventTriggered(277)) - trigger a one-shot run on RatisPipelineUtilsThread.
2023-08-29 18:52:49,272 [RatisPipelineUtilsThread - 0] INFO  pipeline.RatisPipelineProvider (RatisPipelineProvider.java:lambda$create$0(206)) - Sending CreatePipelineCommand for pipeline:PipelineID=721e34b0-8cba-4223-80b3-b7939d7b642e to datanode:5b9ef83d-dbe3-47c8-9c1e-3cffac3fa7d5
2023-08-29 18:52:49,273 [RatisPipelineUtilsThread - 0] INFO  pipeline.BackgroundPipelineCreator (BackgroundPipelineCreator.java:createPipelines(233)) - Created new pipeline Pipeline[ Id: 721e34b0-8cba-4223-80b3-b7939d7b642e, Nodes: 5b9ef83d-dbe3-47c8-9c1e-3cffac3fa7d5(fv-az225-157.hxhba2eg53duheooqg2bzplbvd.bx.internal.cloudapp.net/10.1.0.239), ReplicationConfig: RATIS/ONE, State:ALLOCATED, leaderId:, CreationTimestamp2023-08-29T18:52:49.272Z[Etc/UTC]]
2023-08-29 18:52:49,568 [main] INFO  ozone.MiniOzoneClusterImpl (MiniOzoneClusterImpl.java:lambda$waitForClusterToBeReady$0(224)) - Waiting for nodes to be ready. Got 4 of 5 DN Heartbeats.
2023-08-29 18:52:49,568 [main] INFO  ozone.MiniOzoneClusterImpl (MiniOzoneClusterImpl.java:lambda$waitForClusterToBeReady$0(227)) - Waiting for cluster to exit safe mode
2023-08-29 18:52:49,568 [main] INFO  ozone.MiniOzoneClusterImpl (MiniOzoneClusterImpl.java:lambda$waitForClusterToBeReady$0(229)) - SCM became leader
2023-08-29 18:52:49,574 [IPC Server handler 15 on default port 15002] INFO  net.NetworkTopologyImpl (NetworkTopologyImpl.java:add(112)) - Added a new node: /default-rack/d246a9b4-fb4e-4001-b7a9-7f69213ea7ae
2023-08-29 18:52:49,574 [IPC Server handler 15 on default port 15002] INFO  node.SCMNodeManager (SCMNodeManager.java:register(405)) - Registered Data node : d246a9b4-fb4e-4001-b7a9-7f69213ea7ae{ip: 10.1.0.239, host: fv-az225-157.hxhba2eg53duheooqg2bzplbvd.bx.internal.cloudapp.net, ports: [HTTP=15045, CLIENT_RPC=15046, REPLICATION=15052, RATIS=15048, RATIS_ADMIN=15049, RATIS_SERVER=15050, RATIS_DATASTREAM=15051, STANDALONE=15047], networkLocation: /default-rack, certSerialId: null, persistedOpState: null, persistedOpStateExpiryEpochSec: 0}
2023-08-29 18:52:49,575 [EventQueue-NewNodeForNewNodeHandler] INFO  pipeline.BackgroundPipelineCreator (BackgroundPipelineCreator.java:notifyEventTriggered(277)) - trigger a one-shot run on RatisPipelineUtilsThread.
2023-08-29 18:52:49,576 [RatisPipelineUtilsThread - 0] INFO  pipeline.RatisPipelineProvider (RatisPipelineProvider.java:lambda$create$0(206)) - Sending CreatePipelineCommand for pipeline:PipelineID=e095f7b0-8fb0-47f4-a2ae-a2204f43f4f0 to datanode:d246a9b4-fb4e-4001-b7a9-7f69213ea7ae
2023-08-29 18:52:49,578 [RatisPipelineUtilsThread - 0] INFO  pipeline.BackgroundPipelineCreator (BackgroundPipelineCreator.java:createPipelines(233)) - Created new pipeline Pipeline[ Id: e095f7b0-8fb0-47f4-a2ae-a2204f43f4f0, Nodes: d246a9b4-fb4e-4001-b7a9-7f69213ea7ae(fv-az225-157.hxhba2eg53duheooqg2bzplbvd.bx.internal.cloudapp.net/10.1.0.239), ReplicationConfig: RATIS/ONE, State:ALLOCATED, leaderId:, CreationTimestamp2023-08-29T18:52:49.576Z[Etc/UTC]]
2023-08-29 18:52:50,569 [main] INFO  ozone.MiniOzoneClusterImpl (MiniOzoneClusterImpl.java:lambda$waitForClusterToBeReady$0(224)) - Nodes are ready. Got 5 of 5 DN Heartbeats.
2023-08-29 18:52:50,569 [main] INFO  ozone.MiniOzoneClusterImpl (MiniOzoneClusterImpl.java:lambda$waitForClusterToBeReady$0(227)) - Waiting for cluster to exit safe mode
2023-08-29 18:52:50,570 [main] INFO  ozone.MiniOzoneClusterImpl (MiniOzoneClusterImpl.java:lambda$waitForClusterToBeReady$0(229)) - SCM became leader
2023-08-29 18:52:51,160 [PipelineCommandHandlerThread-0] INFO  server.RaftServer (RaftServerProxy.java:addNew(98)) - 97ee00cc-8878-42b3-8e3f-b8716daccca4: addNew group-332E8197AAED:[97ee00cc-8878-42b3-8e3f-b8716daccca4|rpc:10.1.0.239:15014|admin:10.1.0.239:15013|client:10.1.0.239:15012|dataStream:10.1.0.239:15015|priority:1|startupRole:FOLLOWER] returns group-332E8197AAED:java.util.concurrent.CompletableFuture@6884ee52[Not completed]
2023-08-29 18:52:51,175 [97ee00cc-8878-42b3-8e3f-b8716daccca4-groupManagement] INFO  server.RaftServer$Division (RaftServerImpl.java:<init>(198)) - 97ee00cc-8878-42b3-8e3f-b8716daccca4: new RaftServerImpl for group-332E8197AAED:[97ee00cc-8878-42b3-8e3f-b8716daccca4|rpc:10.1.0.239:15014|admin:10.1.0.239:15013|client:10.1.0.239:15012|dataStream:10.1.0.239:15015|priority:1|startupRole:FOLLOWER] with ContainerStateMachine:uninitialized
2023-08-29 18:52:51,176 [97ee00cc-8878-42b3-8e3f-b8716daccca4-groupManagement] INFO  server.RaftServerConfigKeys (ConfUtils.java:logGet(46)) - raft.server.rpc.timeout.min = 5s (custom)
2023-08-29 18:52:51,176 [97ee00cc-8878-42b3-8e3f-b8716daccca4-groupManagement] INFO  server.RaftServerConfigKeys (ConfUtils.java:logGet(46)) - raft.server.rpc.timeout.max = 5200ms (custom)
2023-08-29 18:52:51,176 [97ee00cc-8878-42b3-8e3f-b8716daccca4-groupManagement] INFO  server.RaftServerConfigKeys (ConfUtils.java:logGet(46)) - raft.server.rpc.sleep.time = 25ms (default)
2023-08-29 18:52:51,176 [97ee00cc-8878-42b3-8e3f-b8716daccca4-groupManagement] INFO  server.RaftServerConfigKeys (ConfUtils.java:logGet(46)) - raft.server.rpc.slowness.timeout = 300s (custom)
2023-08-29 18:52:51,176 [97ee00cc-8878-42b3-8e3f-b8716daccca4-groupManagement] INFO  server.RaftServerConfigKeys (ConfUtils.java:logGet(46)) - raft.server.leaderelection.leader.step-down.wait-time = 10s (default)
2023-08-29 18:52:51,176 [97ee00cc-8878-42b3-8e3f-b8716daccca4-groupManagement] INFO  server.RaftServerConfigKeys (ConfUtils.java:logGet(46)) - raft.server.sleep.deviation.threshold = 300ms (default)
2023-08-29 18:52:51,176 [97ee00cc-8878-42b3-8e3f-b8716daccca4-groupManagement] INFO  server.RaftServer$Division (ServerState.java:<init>(120)) - 97ee00cc-8878-42b3-8e3f-b8716daccca4@group-332E8197AAED: ConfigurationManager, init=-1: peers:[97ee00cc-8878-42b3-8e3f-b8716daccca4|rpc:10.1.0.239:15014|admin:10.1.0.239:15013|client:10.1.0.239:15012|dataStream:10.1.0.239:15015|priority:1|startupRole:FOLLOWER]|listeners:[], old=null, confs=<EMPTY_MAP>
2023-08-29 18:52:51,176 [97ee00cc-8878-42b3-8e3f-b8716daccca4-groupManagement] INFO  server.RaftServerConfigKeys (ConfUtils.java:logGet(46)) - raft.server.storage.dir = [/home/runner/work/ozone/ozone/hadoop-ozone/integration-test/target/test-dir/MiniOzoneClusterImpl-f4f7c4b3-a6e6-4e2b-8957-3aa4c0e420f5/datanode-0/data/ratis] (custom)
2023-08-29 18:52:51,176 [97ee00cc-8878-42b3-8e3f-b8716daccca4-groupManagement] INFO  server.RaftServerConfigKeys (ConfUtils.java:logGet(46)) - raft.server.log.corruption.policy = EXCEPTION (default)
2023-08-29 18:52:51,176 [97ee00cc-8878-42b3-8e3f-b8716daccca4-groupManagement] INFO  server.RaftServerConfigKeys (ConfUtils.java:logGet(46)) - raft.server.storage.free-space.min = 0MB (=0) (default)
2023-08-29 18:52:51,177 [97ee00cc-8878-42b3-8e3f-b8716daccca4-groupManagement] INFO  server.RaftServerConfigKeys (ConfUtils.java:logGet(46)) - raft.server.notification.no-leader.timeout = 300s (custom)
2023-08-29 18:52:51,177 [97ee00cc-8878-42b3-8e3f-b8716daccca4-groupManagement] INFO  server.RaftServerConfigKeys (ConfUtils.java:logGet(46)) - raft.server.read.timeout = 10s (default)
2023-08-29 18:52:51,177 [97ee00cc-8878-42b3-8e3f-b8716daccca4-groupManagement] INFO  server.RaftServerConfigKeys (ConfUtils.java:logGet(46)) - raft.server.retrycache.expirytime = 600000ms (custom)
2023-08-29 18:52:51,177 [97ee00cc-8878-42b3-8e3f-b8716daccca4-groupManagement] INFO  server.RaftServerConfigKeys (ConfUtils.java:logGet(46)) - raft.server.retrycache.statistics.expirytime = 100μs (default)
2023-08-29 18:52:51,177 [97ee00cc-8878-42b3-8e3f-b8716daccca4-groupManagement] INFO  server.RaftServerConfigKeys (ConfUtils.java:logGet(46)) - raft.server.read.option = DEFAULT (default)
2023-08-29 18:52:51,179 [97ee00cc-8878-42b3-8e3f-b8716daccca4-groupManagement] INFO  server.RaftServerConfigKeys (ConfUtils.java:logGet(46)) - raft.server.rpc.request.timeout = 60s (custom)
2023-08-29 18:52:51,179 [97ee00cc-8878-42b3-8e3f-b8716daccca4-groupManagement] INFO  server.RaftServerConfigKeys (ConfUtils.java:logGet(46)) - raft.server.log.appender.install.snapshot.enabled = false (custom)
2023-08-29 18:52:51,179 [97ee00cc-8878-42b3-8e3f-b8716daccca4-groupManagement] INFO  server.RaftServerConfigKeys (ConfUtils.java:logGet(46)) - raft.server.threadpool.server.cached = true (default)
2023-08-29 18:52:51,179 [97ee00cc-8878-42b3-8e3f-b8716daccca4-groupManagement] INFO  server.RaftServerConfigKeys (ConfUtils.java:logGet(46)) - raft.server.threadpool.server.size = 0 (default)
2023-08-29 18:52:51,179 [97ee00cc-8878-42b3-8e3f-b8716daccca4-groupManagement] INFO  server.RaftServerConfigKeys (ConfUtils.java:logGet(46)) - raft.server.threadpool.client.cached = true (default)
2023-08-29 18:52:51,179 [97ee00cc-8878-42b3-8e3f-b8716daccca4-groupManagement] INFO  server.RaftServerConfigKeys (ConfUtils.java:logGet(46)) - raft.server.threadpool.client.size = 0 (default)
2023-08-29 18:52:51,179 [97ee00cc-8878-42b3-8e3f-b8716daccca4-groupManagement] INFO  storage.RaftStorageDirectory (RaftStorageDirectoryImpl.java:analyzeStorage(137)) - The storage directory /home/runner/work/ozone/ozone/hadoop-ozone/integration-test/target/test-dir/MiniOzoneClusterImpl-f4f7c4b3-a6e6-4e2b-8957-3aa4c0e420f5/datanode-0/data/ratis/1466a637-63f4-4623-9ddc-332e8197aaed does not exist. Creating ...
2023-08-29 18:52:51,182 [97ee00cc-8878-42b3-8e3f-b8716daccca4-groupManagement] INFO  storage.RaftStorageDirectory (RaftStorageDirectoryImpl.java:tryLock(231)) - Lock on /home/runner/work/ozone/ozone/hadoop-ozone/integration-test/target/test-dir/MiniOzoneClusterImpl-f4f7c4b3-a6e6-4e2b-8957-3aa4c0e420f5/datanode-0/data/ratis/1466a637-63f4-4623-9ddc-332e8197aaed/in_use.lock acquired by nodename 61099@fv-az225-157
2023-08-29 18:52:51,183 [97ee00cc-8878-42b3-8e3f-b8716daccca4-groupManagement] INFO  storage.RaftStorage (RaftStorageImpl.java:format(96)) - Storage directory /home/runner/work/ozone/ozone/hadoop-ozone/integration-test/target/test-dir/MiniOzoneClusterImpl-f4f7c4b3-a6e6-4e2b-8957-3aa4c0e420f5/datanode-0/data/ratis/1466a637-63f4-4623-9ddc-332e8197aaed has been successfully formatted.
2023-08-29 18:52:51,188 [97ee00cc-8878-42b3-8e3f-b8716daccca4-groupManagement] INFO  ratis.ContainerStateMachine (ContainerStateMachine.java:loadSnapshot(262)) - group-332E8197AAED: The snapshot info is null. Setting the last applied indexto:(t:0, i:~)
2023-08-29 18:52:51,188 [97ee00cc-8878-42b3-8e3f-b8716daccca4-groupManagement] INFO  server.RaftServerConfigKeys (ConfUtils.java:logGet(46)) - raft.server.log.use.memory = false (default)
2023-08-29 18:52:51,189 [97ee00cc-8878-42b3-8e3f-b8716daccca4-groupManagement] INFO  server.RaftServerConfigKeys (ConfUtils.java:logGet(46)) - raft.server.log.purge.gap = 1000000 (custom)
2023-08-29 18:52:51,189 [97ee00cc-8878-42b3-8e3f-b8716daccca4-groupManagement] INFO  server.RaftServerConfigKeys (ConfUtils.java:logGet(46)) - raft.server.log.appender.buffer.byte-limit = 33554432 (custom)
2023-08-29 18:52:51,189 [97ee00cc-8878-42b3-8e3f-b8716daccca4-groupManagement] INFO  server.RaftServerConfigKeys (ConfUtils.java:logGet(46)) - raft.server.log.statemachine.data.read.timeout = 1000ms (default)
2023-08-29 18:52:51,189 [97ee00cc-8878-42b3-8e3f-b8716daccca4-groupManagement] INFO  server.RaftServerConfigKeys (ConfUtils.java:logGet(46)) - raft.server.log.purge.preservation.log.num = 0 (default)
2023-08-29 18:52:51,189 [97ee00cc-8878-42b3-8e3f-b8716daccca4-groupManagement] INFO  server.RaftServerConfigKeys (ConfUtils.java:logGet(46)) - raft.server.log.segment.size.max = 1048576 (custom)
2023-08-29 18:52:51,190 [97ee00cc-8878-42b3-8e3f-b8716daccca4-groupManagement] INFO  server.RaftServerConfigKeys (ConfUtils.java:logGet(46)) - raft.server.log.segment.cache.num.max = 2 (custom)
2023-08-29 18:52:51,190 [97ee00cc-8878-42b3-8e3f-b8716daccca4-groupManagement] INFO  server.RaftServerConfigKeys (ConfUtils.java:logGet(46)) - raft.server.log.segment.cache.size.max = 200MB (=209715200) (default)
2023-08-29 18:52:51,190 [97ee00cc-8878-42b3-8e3f-b8716daccca4-groupManagement] INFO  server.RaftServerConfigKeys (ConfUtils.java:logGet(46)) - raft.server.log.appender.buffer.byte-limit = 33554432 (custom)
2023-08-29 18:52:51,190 [97ee00cc-8878-42b3-8e3f-b8716daccca4-groupManagement] INFO  segmented.SegmentedRaftLogWorker (SegmentedRaftLogWorker.java:<init>(188)) - new 97ee00cc-8878-42b3-8e3f-b8716daccca4@group-332E8197AAED-SegmentedRaftLogWorker for RaftStorageImpl:Storage Directory /home/runner/work/ozone/ozone/hadoop-ozone/integration-test/target/test-dir/MiniOzoneClusterImpl-f4f7c4b3-a6e6-4e2b-8957-3aa4c0e420f5/datanode-0/data/ratis/1466a637-63f4-4623-9ddc-332e8197aaed
2023-08-29 18:52:51,190 [97ee00cc-8878-42b3-8e3f-b8716daccca4-groupManagement] INFO  server.RaftServerConfigKeys (ConfUtils.java:logGet(46)) - raft.server.log.queue.byte-limit = 4294967296 (custom)
2023-08-29 18:52:51,190 [97ee00cc-8878-42b3-8e3f-b8716daccca4-groupManagement] INFO  server.RaftServerConfigKeys (ConfUtils.java:logGet(46)) - raft.server.log.queue.element-limit = 1024 (custom)
2023-08-29 18:52:51,190 [97ee00cc-8878-42b3-8e3f-b8716daccca4-groupManagement] INFO  server.RaftServerConfigKeys (ConfUtils.java:logGet(46)) - raft.server.log.segment.size.max = 1048576 (custom)
2023-08-29 18:52:51,190 [97ee00cc-8878-42b3-8e3f-b8716daccca4-groupManagement] INFO  server.RaftServerConfigKeys (ConfUtils.java:logGet(46)) - raft.server.log.preallocated.size = 16384 (custom)
2023-08-29 18:52:51,190 [97ee00cc-8878-42b3-8e3f-b8716daccca4-groupManagement] INFO  server.RaftServerConfigKeys (ConfUtils.java:logGet(46)) - raft.server.log.force.sync.num = 128 (default)
2023-08-29 18:52:51,190 [97ee00cc-8878-42b3-8e3f-b8716daccca4-groupManagement] INFO  server.RaftServerConfigKeys (ConfUtils.java:logGet(46)) - raft.server.log.statemachine.data.sync = true (default)
2023-08-29 18:52:51,190 [97ee00cc-8878-42b3-8e3f-b8716daccca4-groupManagement] INFO  server.RaftServerConfigKeys (ConfUtils.java:logGet(46)) - raft.server.log.statemachine.data.sync.timeout = 10s (default)
2023-08-29 18:52:51,190 [97ee00cc-8878-42b3-8e3f-b8716daccca4-groupManagement] INFO  server.RaftServerConfigKeys (ConfUtils.java:logGet(46)) - raft.server.log.statemachine.data.sync.timeout.retry = -1 (default)
2023-08-29 18:52:51,192 [97ee00cc-8878-42b3-8e3f-b8716daccca4-groupManagement] INFO  server.RaftServerConfigKeys (ConfUtils.java:logGet(46)) - raft.server.log.write.buffer.size = 1048576 (custom)
2023-08-29 18:52:51,193 [97ee00cc-8878-42b3-8e3f-b8716daccca4-groupManagement] INFO  server.RaftServerConfigKeys (ConfUtils.java:logGet(46)) - raft.server.log.appender.buffer.byte-limit = 33554432 (custom)
2023-08-29 18:52:51,202 [97ee00cc-8878-42b3-8e3f-b8716daccca4-groupManagement] INFO  server.RaftServerConfigKeys (ConfUtils.java:logGet(46)) - raft.server.log.unsafe-flush.enabled = false (default)
2023-08-29 18:52:51,202 [97ee00cc-8878-42b3-8e3f-b8716daccca4-groupManagement] INFO  server.RaftServerConfigKeys (ConfUtils.java:logGet(46)) - raft.server.log.async-flush.enabled = false (default)
2023-08-29 18:52:51,202 [97ee00cc-8878-42b3-8e3f-b8716daccca4-groupManagement] INFO  server.RaftServerConfigKeys (ConfUtils.java:logGet(46)) - raft.server.log.statemachine.data.caching.enabled = true (custom)
2023-08-29 18:52:51,202 [97ee00cc-8878-42b3-8e3f-b8716daccca4-groupManagement] INFO  segmented.SegmentedRaftLogWorker (SegmentedRaftLogWorker.java:lambda$new$0(135)) - 97ee00cc-8878-42b3-8e3f-b8716daccca4@group-332E8197AAED-SegmentedRaftLogWorker: flushIndex: setUnconditionally 0 -> -1
2023-08-29 18:52:51,202 [97ee00cc-8878-42b3-8e3f-b8716daccca4-groupManagement] INFO  segmented.SegmentedRaftLogWorker (SegmentedRaftLogWorker.java:lambda$new$0(135)) - 97ee00cc-8878-42b3-8e3f-b8716daccca4@group-332E8197AAED-SegmentedRaftLogWorker: safeCacheEvictIndex: setUnconditionally 0 -> -1
2023-08-29 18:52:51,208 [97ee00cc-8878-42b3-8e3f-b8716daccca4-groupManagement] INFO  server.RaftServer$Division (RaftServerImpl.java:start(342)) - 97ee00cc-8878-42b3-8e3f-b8716daccca4@group-332E8197AAED: start as a follower, conf=-1: peers:[97ee00cc-8878-42b3-8e3f-b8716daccca4|rpc:10.1.0.239:15014|admin:10.1.0.239:15013|client:10.1.0.239:15012|dataStream:10.1.0.239:15015|priority:1|startupRole:FOLLOWER]|listeners:[], old=null
2023-08-29 18:52:51,208 [97ee00cc-8878-42b3-8e3f-b8716daccca4-groupManagement] INFO  server.RaftServer$Division (RaftServerImpl.java:setRole(329)) - 97ee00cc-8878-42b3-8e3f-b8716daccca4@group-332E8197AAED: changes role from      null to FOLLOWER at term 0 for startAsFollower
2023-08-29 18:52:51,208 [97ee00cc-8878-42b3-8e3f-b8716daccca4-groupManagement] INFO  impl.RoleInfo (RoleInfo.java:updateAndGet(139)) - 97ee00cc-8878-42b3-8e3f-b8716daccca4: start 97ee00cc-8878-42b3-8e3f-b8716daccca4@group-332E8197AAED-FollowerState
2023-08-29 18:52:51,209 [97ee00cc-8878-42b3-8e3f-b8716daccca4@group-332E8197AAED-FollowerState] INFO  server.RaftServerConfigKeys (ConfUtils.java:logFallback(53)) - raft.server.rpc.first-election.timeout.min = 5s (fallback to raft.server.rpc.timeout.min)
2023-08-29 18:52:51,209 [97ee00cc-8878-42b3-8e3f-b8716daccca4-groupManagement] INFO  util.JmxRegister (JmxRegister.java:tryRegister(44)) - Successfully registered JMX Bean with object name Ratis:service=RaftServer,group=group-332E8197AAED,id=97ee00cc-8878-42b3-8e3f-b8716daccca4
2023-08-29 18:52:51,214 [97ee00cc-8878-42b3-8e3f-b8716daccca4-groupManagement] INFO  server.RaftServerConfigKeys (ConfUtils.java:logGet(46)) - raft.server.snapshot.auto.trigger.enabled = true (custom)
2023-08-29 18:52:51,214 [97ee00cc-8878-42b3-8e3f-b8716daccca4-groupManagement] INFO  server.RaftServerConfigKeys (ConfUtils.java:logGet(46)) - raft.server.snapshot.auto.trigger.threshold = 10000 (custom)
2023-08-29 18:52:51,214 [97ee00cc-8878-42b3-8e3f-b8716daccca4-groupManagement] INFO  server.RaftServerConfigKeys (ConfUtils.java:logGet(46)) - raft.server.snapshot.retention.file.num = 5 (custom)
2023-08-29 18:52:51,214 [97ee00cc-8878-42b3-8e3f-b8716daccca4-groupManagement] INFO  server.RaftServerConfigKeys (ConfUtils.java:logGet(46)) - raft.server.log.purge.upto.snapshot.index = false (default)
2023-08-29 18:52:51,217 [EventQueue-PipelineReportForPipelineReportHandler] INFO  pipeline.PipelineReportHandler (PipelineReportHandler.java:processPipelineReport(136)) - Opened pipeline PipelineID=1466a637-63f4-4623-9ddc-332e8197aaed
2023-08-29 18:52:51,217 [97ee00cc-8878-42b3-8e3f-b8716daccca4@group-332E8197AAED-FollowerState] INFO  server.RaftServerConfigKeys (ConfUtils.java:logFallback(53)) - raft.server.rpc.first-election.timeout.max = 5200ms (fallback to raft.server.rpc.timeout.max)
2023-08-29 18:52:51,223 [PipelineCommandHandlerThread-0] INFO  ratis.XceiverServerRatis (XceiverServerRatis.java:addGroup(804)) - Created group PipelineID=1466a637-63f4-4623-9ddc-332e8197aaed
2023-08-29 18:52:51,224 [PipelineCommandHandlerThread-0] INFO  commandhandler.CreatePipelineCommandHandler (CreatePipelineCommandHandler.java:lambda$handle$2(124)) - Created Pipeline RATIS ONE PipelineID=1466a637-63f4-4623-9ddc-332e8197aaed.
2023-08-29 18:52:51,224 [PipelineCommandHandlerThread-0] INFO  server.RaftServer (RaftServerProxy.java:addNew(98)) - 97ee00cc-8878-42b3-8e3f-b8716daccca4: addNew group-5E2011258112:[7f4449f5-5363-4e2a-a958-eb2e78800a81|rpc:10.1.0.239:15023|admin:10.1.0.239:15022|client:10.1.0.239:15021|dataStream:10.1.0.239:15024|priority:0|startupRole:FOLLOWER, 8e764df9-21b5-444f-852f-dd54d92b5fac|rpc:10.1.0.239:15032|admin:10.1.0.239:15031|client:10.1.0.239:15030|dataStream:10.1.0.239:15033|priority:1|startupRole:FOLLOWER, 97ee00cc-8878-42b3-8e3f-b8716daccca4|rpc:10.1.0.239:15014|admin:10.1.0.239:15013|client:10.1.0.239:15012|dataStream:10.1.0.239:15015|priority:0|startupRole:FOLLOWER] returns group-5E2011258112:java.util.concurrent.CompletableFuture@710cc08e[Not completed]
2023-08-29 18:52:51,226 [EventQueue-OpenPipelineForHealthyPipelineSafeModeRule] INFO  safemode.SCMSafeModeManager (HealthyPipelineSafeModeRule.java:process(137)) - SCM in safe mode. Healthy pipelines reported count is 0, required healthy pipeline reported count is 1
2023-08-29 18:52:51,226 [97ee00cc-8878-42b3-8e3f-b8716daccca4-groupManagement] INFO  server.RaftServer$Division (RaftServerImpl.java:<init>(198)) - 97ee00cc-8878-42b3-8e3f-b8716daccca4: new RaftServerImpl for group-5E2011258112:[7f4449f5-5363-4e2a-a958-eb2e78800a81|rpc:10.1.0.239:15023|admin:10.1.0.239:15022|client:10.1.0.239:15021|dataStream:10.1.0.239:15024|priority:0|startupRole:FOLLOWER, 8e764df9-21b5-444f-852f-dd54d92b5fac|rpc:10.1.0.239:15032|admin:10.1.0.239:15031|client:10.1.0.239:15030|dataStream:10.1.0.239:15033|priority:1|startupRole:FOLLOWER, 97ee00cc-8878-42b3-8e3f-b8716daccca4|rpc:10.1.0.239:15014|admin:10.1.0.239:15013|client:10.1.0.239:15012|dataStream:10.1.0.239:15015|priority:0|startupRole:FOLLOWER] with ContainerStateMachine:uninitialized
2023-08-29 18:52:51,226 [97ee00cc-8878-42b3-8e3f-b8716daccca4-groupManagement] INFO  server.RaftServerConfigKeys (ConfUtils.java:logGet(46)) - raft.server.rpc.timeout.min = 5s (custom)
2023-08-29 18:52:51,226 [97ee00cc-8878-42b3-8e3f-b8716daccca4-groupManagement] INFO  server.RaftServerConfigKeys (ConfUtils.java:logGet(46)) - raft.server.rpc.timeout.max = 5200ms (custom)
2023-08-29 18:52:51,226 [97ee00cc-8878-42b3-8e3f-b8716daccca4-groupManagement] INFO  server.RaftServerConfigKeys (ConfUtils.java:logGet(46)) - raft.server.rpc.sleep.time = 25ms (default)
2023-08-29 18:52:51,226 [97ee00cc-8878-42b3-8e3f-b8716daccca4-groupManagement] INFO  server.RaftServerConfigKeys (ConfUtils.java:logGet(46)) - raft.server.rpc.slowness.timeout = 300s (custom)
2023-08-29 18:52:51,227 [97ee00cc-8878-42b3-8e3f-b8716daccca4-groupManagement] INFO  server.RaftServerConfigKeys (ConfUtils.java:logGet(46)) - raft.server.leaderelection.leader.step-down.wait-time = 10s (default)
2023-08-29 18:52:51,227 [97ee00cc-8878-42b3-8e3f-b8716daccca4-groupManagement] INFO  server.RaftServerConfigKeys (ConfUtils.java:logGet(46)) - raft.server.sleep.deviation.threshold = 300ms (default)
2023-08-29 18:52:51,227 [97ee00cc-8878-42b3-8e3f-b8716daccca4-groupManagement] INFO  server.RaftServer$Division (ServerState.java:<init>(120)) - 97ee00cc-8878-42b3-8e3f-b8716daccca4@group-5E2011258112: ConfigurationManager, init=-1: peers:[7f4449f5-5363-4e2a-a958-eb2e78800a81|rpc:10.1.0.239:15023|admin:10.1.0.239:15022|client:10.1.0.239:15021|dataStream:10.1.0.239:15024|priority:0|startupRole:FOLLOWER, 8e764df9-21b5-444f-852f-dd54d92b5fac|rpc:10.1.0.239:15032|admin:10.1.0.239:15031|client:10.1.0.239:15030|dataStream:10.1.0.239:15033|priority:1|startupRole:FOLLOWER, 97ee00cc-8878-42b3-8e3f-b8716daccca4|rpc:10.1.0.239:15014|admin:10.1.0.239:15013|client:10.1.0.239:15012|dataStream:10.1.0.239:15015|priority:0|startupRole:FOLLOWER]|listeners:[], old=null, confs=<EMPTY_MAP>
2023-08-29 18:52:51,227 [97ee00cc-8878-42b3-8e3f-b8716daccca4-groupManagement] INFO  server.RaftServerConfigKeys (ConfUtils.java:logGet(46)) - raft.server.storage.dir = [/home/runner/work/ozone/ozone/hadoop-ozone/integration-test/target/test-dir/MiniOzoneClusterImpl-f4f7c4b3-a6e6-4e2b-8957-3aa4c0e420f5/datanode-0/data/ratis] (custom)
2023-08-29 18:52:51,227 [97ee00cc-8878-42b3-8e3f-b8716daccca4-groupManagement] INFO  server.RaftServerConfigKeys (ConfUtils.java:logGet(46)) - raft.server.log.corruption.policy = EXCEPTION (default)
2023-08-29 18:52:51,227 [97ee00cc-8878-42b3-8e3f-b8716daccca4-groupManagement] INFO  server.RaftServerConfigKeys (ConfUtils.java:logGet(46)) - raft.server.storage.free-space.min = 0MB (=0) (default)
2023-08-29 18:52:51,227 [97ee00cc-8878-42b3-8e3f-b8716daccca4-groupManagement] INFO  server.RaftServerConfigKeys (ConfUtils.java:logGet(46)) - raft.server.notification.no-leader.timeout = 300s (custom)
2023-08-29 18:52:51,227 [97ee00cc-8878-42b3-8e3f-b8716daccca4-groupManagement] INFO  server.RaftServerConfigKeys (ConfUtils.java:logGet(46)) - raft.server.read.timeout = 10s (default)
2023-08-29 18:52:51,227 [97ee00cc-8878-42b3-8e3f-b8716daccca4-groupManagement] INFO  server.RaftServerConfigKeys (ConfUtils.java:logGet(46)) - raft.server.retrycache.expirytime = 600000ms (custom)
2023-08-29 18:52:51,227 [97ee00cc-8878-42b3-8e3f-b8716daccca4-groupManagement] INFO  server.RaftServerConfigKeys (ConfUtils.java:logGet(46)) - raft.server.retrycache.statistics.expirytime = 100μs (default)
2023-08-29 18:52:51,227 [97ee00cc-8878-42b3-8e3f-b8716daccca4-groupManagement] INFO  server.RaftServerConfigKeys (ConfUtils.java:logGet(46)) - raft.server.read.option = DEFAULT (default)
2023-08-29 18:52:51,229 [97ee00cc-8878-42b3-8e3f-b8716daccca4-groupManagement] INFO  server.RaftServerConfigKeys (ConfUtils.java:logGet(46)) - raft.server.rpc.request.timeout = 60s (custom)
2023-08-29 18:52:51,229 [97ee00cc-8878-42b3-8e3f-b8716daccca4-groupManagement] INFO  server.RaftServerConfigKeys (ConfUtils.java:logGet(46)) - raft.server.log.appender.install.snapshot.enabled = false (custom)
2023-08-29 18:52:51,229 [97ee00cc-8878-42b3-8e3f-b8716daccca4-groupManagement] INFO  server.RaftServerConfigKeys (ConfUtils.java:logGet(46)) - raft.server.threadpool.server.cached = true (default)
2023-08-29 18:52:51,229 [97ee00cc-8878-42b3-8e3f-b8716daccca4-groupManagement] INFO  server.RaftServerConfigKeys (ConfUtils.java:logGet(46)) - raft.server.threadpool.server.size = 0 (default)
2023-08-29 18:52:51,229 [97ee00cc-8878-42b3-8e3f-b8716daccca4-groupManagement] INFO  server.RaftServerConfigKeys (ConfUtils.java:logGet(46)) - raft.server.threadpool.client.cached = true (default)
2023-08-29 18:52:51,229 [97ee00cc-8878-42b3-8e3f-b8716daccca4-groupManagement] INFO  server.RaftServerConfigKeys (ConfUtils.java:logGet(46)) - raft.server.threadpool.client.size = 0 (default)
2023-08-29 18:52:51,230 [97ee00cc-8878-42b3-8e3f-b8716daccca4-groupManagement] INFO  storage.RaftStorageDirectory (RaftStorageDirectoryImpl.java:analyzeStorage(137)) - The storage directory /home/runner/work/ozone/ozone/hadoop-ozone/integration-test/target/test-dir/MiniOzoneClusterImpl-f4f7c4b3-a6e6-4e2b-8957-3aa4c0e420f5/datanode-0/data/ratis/cbc1ad54-7414-490a-8dff-5e2011258112 does not exist. Creating ...
2023-08-29 18:52:51,231 [97ee00cc-8878-42b3-8e3f-b8716daccca4-groupManagement] INFO  storage.RaftStorageDirectory (RaftStorageDirectoryImpl.java:tryLock(231)) - Lock on /home/runner/work/ozone/ozone/hadoop-ozone/integration-test/target/test-dir/MiniOzoneClusterImpl-f4f7c4b3-a6e6-4e2b-8957-3aa4c0e420f5/datanode-0/data/ratis/cbc1ad54-7414-490a-8dff-5e2011258112/in_use.lock acquired by nodename 61099@fv-az225-157
2023-08-29 18:52:51,231 [97ee00cc-8878-42b3-8e3f-b8716daccca4-groupManagement] INFO  storage.RaftStorage (RaftStorageImpl.java:format(96)) - Storage directory /home/runner/work/ozone/ozone/hadoop-ozone/integration-test/target/test-dir/MiniOzoneClusterImpl-f4f7c4b3-a6e6-4e2b-8957-3aa4c0e420f5/datanode-0/data/ratis/cbc1ad54-7414-490a-8dff-5e2011258112 has been successfully formatted.
2023-08-29 18:52:51,232 [97ee00cc-8878-42b3-8e3f-b8716daccca4-groupManagement] INFO  ratis.ContainerStateMachine (ContainerStateMachine.java:loadSnapshot(262)) - group-5E2011258112: The snapshot info is null. Setting the last applied indexto:(t:0, i:~)
2023-08-29 18:52:51,232 [97ee00cc-8878-42b3-8e3f-b8716daccca4-groupManagement] INFO  server.RaftServerConfigKeys (ConfUtils.java:logGet(46)) - raft.server.log.use.memory = false (default)
2023-08-29 18:52:51,232 [97ee00cc-8878-42b3-8e3f-b8716daccca4-groupManagement] INFO  server.RaftServerConfigKeys (ConfUtils.java:logGet(46)) - raft.server.log.purge.gap = 1000000 (custom)
2023-08-29 18:52:51,232 [97ee00cc-8878-42b3-8e3f-b8716daccca4-groupManagement] INFO  server.RaftServerConfigKeys (ConfUtils.java:logGet(46)) - raft.server.log.appender.buffer.byte-limit = 33554432 (custom)
2023-08-29 18:52:51,232 [97ee00cc-8878-42b3-8e3f-b8716daccca4-groupManagement] INFO  server.RaftServerConfigKeys (ConfUtils.java:logGet(46)) - raft.server.log.statemachine.data.read.timeout = 1000ms (default)
2023-08-29 18:52:51,232 [97ee00cc-8878-42b3-8e3f-b8716daccca4-groupManagement] INFO  server.RaftServerConfigKeys (ConfUtils.java:logGet(46)) - raft.server.log.purge.preservation.log.num = 0 (default)
2023-08-29 18:52:51,233 [97ee00cc-8878-42b3-8e3f-b8716daccca4-groupManagement] INFO  server.RaftServerConfigKeys (ConfUtils.java:logGet(46)) - raft.server.log.segment.size.max = 1048576 (custom)
2023-08-29 18:52:51,234 [EventQueue-OpenPipelineForHealthyPipelineSafeModeRule] INFO  safemode.SCMSafeModeManager (HealthyPipelineSafeModeRule.java:process(137)) - SCM in safe mode. Healthy pipelines reported count is 0, required healthy pipeline reported count is 1
2023-08-29 18:52:51,235 [97ee00cc-8878-42b3-8e3f-b8716daccca4-groupManagement] INFO  server.RaftServerConfigKeys (ConfUtils.java:logGet(46)) - raft.server.log.segment.cache.num.max = 2 (custom)
2023-08-29 18:52:51,235 [97ee00cc-8878-42b3-8e3f-b8716daccca4-groupManagement] INFO  server.RaftServerConfigKeys (ConfUtils.java:logGet(46)) - raft.server.log.segment.cache.size.max = 200MB (=209715200) (default)
2023-08-29 18:52:51,235 [97ee00cc-8878-42b3-8e3f-b8716daccca4-groupManagement] INFO  server.RaftServerConfigKeys (ConfUtils.java:logGet(46)) - raft.server.log.appender.buffer.byte-limit = 33554432 (custom)
2023-08-29 18:52:51,235 [97ee00cc-8878-42b3-8e3f-b8716daccca4-groupManagement] INFO  segmented.SegmentedRaftLogWorker (SegmentedRaftLogWorker.java:<init>(188)) - new 97ee00cc-8878-42b3-8e3f-b8716daccca4@group-5E2011258112-SegmentedRaftLogWorker for RaftStorageImpl:Storage Directory /home/runner/work/ozone/ozone/hadoop-ozone/integration-test/target/test-dir/MiniOzoneClusterImpl-f4f7c4b3-a6e6-4e2b-8957-3aa4c0e420f5/datanode-0/data/ratis/cbc1ad54-7414-490a-8dff-5e2011258112
2023-08-29 18:52:51,235 [97ee00cc-8878-42b3-8e3f-b8716daccca4-groupManagement] INFO  server.RaftServerConfigKeys (ConfUtils.java:logGet(46)) - raft.server.log.queue.byte-limit = 4294967296 (custom)
2023-08-29 18:52:51,235 [97ee00cc-8878-42b3-8e3f-b8716daccca4-groupManagement] INFO  server.RaftServerConfigKeys (ConfUtils.java:logGet(46)) - raft.server.log.queue.element-limit = 1024 (custom)
2023-08-29 18:52:51,235 [97ee00cc-8878-42b3-8e3f-b8716daccca4-groupManagement] INFO  server.RaftServerConfigKeys (ConfUtils.java:logGet(46)) - raft.server.log.segment.size.max = 1048576 (custom)
2023-08-29 18:52:51,235 [97ee00cc-8878-42b3-8e3f-b8716daccca4-groupManagement] INFO  server.RaftServerConfigKeys (ConfUtils.java:logGet(46)) - raft.server.log.preallocated.size = 16384 (custom)
2023-08-29 18:52:51,235 [97ee00cc-8878-42b3-8e3f-b8716daccca4-groupManagement] INFO  server.RaftServerConfigKeys (ConfUtils.java:logGet(46)) - raft.server.log.force.sync.num = 128 (default)
2023-08-29 18:52:51,235 [97ee00cc-8878-42b3-8e3f-b8716daccca4-groupManagement] INFO  server.RaftServerConfigKeys (ConfUtils.java:logGet(46)) - raft.server.log.statemachine.data.sync = true (default)
2023-08-29 18:52:51,235 [97ee00cc-8878-42b3-8e3f-b8716daccca4-groupManagement] INFO  server.RaftServerConfigKeys (ConfUtils.java:logGet(46)) - raft.server.log.statemachine.data.sync.timeout = 10s (default)
2023-08-29 18:52:51,235 [97ee00cc-8878-42b3-8e3f-b8716daccca4-groupManagement] INFO  server.RaftServerConfigKeys (ConfUtils.java:logGet(46)) - raft.server.log.statemachine.data.sync.timeout.retry = -1 (default)
2023-08-29 18:52:51,237 [97ee00cc-8878-42b3-8e3f-b8716daccca4-groupManagement] INFO  server.RaftServerConfigKeys (ConfUtils.java:logGet(46)) - raft.server.log.write.buffer.size = 1048576 (custom)
2023-08-29 18:52:51,238 [97ee00cc-8878-42b3-8e3f-b8716daccca4-groupManagement] INFO  server.RaftServerConfigKeys (ConfUtils.java:logGet(46)) - raft.server.log.appender.buffer.byte-limit = 33554432 (custom)
2023-08-29 18:52:51,243 [97ee00cc-8878-42b3-8e3f-b8716daccca4-groupManagement] INFO  server.RaftServerConfigKeys (ConfUtils.java:logGet(46)) - raft.server.log.unsafe-flush.enabled = false (default)
2023-08-29 18:52:51,243 [97ee00cc-8878-42b3-8e3f-b8716daccca4-groupManagement] INFO  server.RaftServerConfigKeys (ConfUtils.java:logGet(46)) - raft.server.log.async-flush.enabled = false (default)
2023-08-29 18:52:51,243 [97ee00cc-8878-42b3-8e3f-b8716daccca4-groupManagement] INFO  server.RaftServerConfigKeys (ConfUtils.java:logGet(46)) - raft.server.log.statemachine.data.caching.enabled = true (custom)
2023-08-29 18:52:51,243 [97ee00cc-8878-42b3-8e3f-b8716daccca4-groupManagement] INFO  segmented.SegmentedRaftLogWorker (SegmentedRaftLogWorker.java:lambda$new$0(135)) - 97ee00cc-8878-42b3-8e3f-b8716daccca4@group-5E2011258112-SegmentedRaftLogWorker: flushIndex: setUnconditionally 0 -> -1
2023-08-29 18:52:51,243 [97ee00cc-8878-42b3-8e3f-b8716daccca4-groupManagement] INFO  segmented.SegmentedRaftLogWorker (SegmentedRaftLogWorker.java:lambda$new$0(135)) - 97ee00cc-8878-42b3-8e3f-b8716daccca4@group-5E2011258112-SegmentedRaftLogWorker: safeCacheEvictIndex: setUnconditionally 0 -> -1
2023-08-29 18:52:51,243 [97ee00cc-8878-42b3-8e3f-b8716daccca4-groupManagement] INFO  server.RaftServer$Division (RaftServerImpl.java:start(342)) - 97ee00cc-8878-42b3-8e3f-b8716daccca4@group-5E2011258112: start as a follower, conf=-1: peers:[7f4449f5-5363-4e2a-a958-eb2e78800a81|rpc:10.1.0.239:15023|admin:10.1.0.239:15022|client:10.1.0.239:15021|dataStream:10.1.0.239:15024|priority:0|startupRole:FOLLOWER, 8e764df9-21b5-444f-852f-dd54d92b5fac|rpc:10.1.0.239:15032|admin:10.1.0.239:15031|client:10.1.0.239:15030|dataStream:10.1.0.239:15033|priority:1|startupRole:FOLLOWER, 97ee00cc-8878-42b3-8e3f-b8716daccca4|rpc:10.1.0.239:15014|admin:10.1.0.239:15013|client:10.1.0.239:15012|dataStream:10.1.0.239:15015|priority:0|startupRole:FOLLOWER]|listeners:[], old=null
2023-08-29 18:52:51,243 [97ee00cc-8878-42b3-8e3f-b8716daccca4-groupManagement] INFO  server.RaftServer$Division (RaftServerImpl.java:setRole(329)) - 97ee00cc-8878-42b3-8e3f-b8716daccca4@group-5E2011258112: changes role from      null to FOLLOWER at term 0 for startAsFollower
2023-08-29 18:52:51,243 [97ee00cc-8878-42b3-8e3f-b8716daccca4-groupManagement] INFO  impl.RoleInfo (RoleInfo.java:updateAndGet(139)) - 97ee00cc-8878-42b3-8e3f-b8716daccca4: start 97ee00cc-8878-42b3-8e3f-b8716daccca4@group-5E2011258112-FollowerState
2023-08-29 18:52:51,244 [97ee00cc-8878-42b3-8e3f-b8716daccca4-groupManagement] INFO  util.JmxRegister (JmxRegister.java:tryRegister(44)) - Successfully registered JMX Bean with object name Ratis:service=RaftServer,group=group-5E2011258112,id=97ee00cc-8878-42b3-8e3f-b8716daccca4
2023-08-29 18:52:51,244 [97ee00cc-8878-42b3-8e3f-b8716daccca4-groupManagement] INFO  server.RaftServerConfigKeys (ConfUtils.java:logGet(46)) - raft.server.snapshot.auto.trigger.enabled = true (custom)
2023-08-29 18:52:51,244 [97ee00cc-8878-42b3-8e3f-b8716daccca4-groupManagement] INFO  server.RaftServerConfigKeys (ConfUtils.java:logGet(46)) - raft.server.snapshot.auto.trigger.threshold = 10000 (custom)
2023-08-29 18:52:51,244 [97ee00cc-8878-42b3-8e3f-b8716daccca4-groupManagement] INFO  server.RaftServerConfigKeys (ConfUtils.java:logGet(46)) - raft.server.snapshot.retention.file.num = 5 (custom)
2023-08-29 18:52:51,245 [97ee00cc-8878-42b3-8e3f-b8716daccca4-groupManagement] INFO  server.RaftServerConfigKeys (ConfUtils.java:logGet(46)) - raft.server.log.purge.upto.snapshot.index = false (default)
2023-08-29 18:52:51,245 [97ee00cc-8878-42b3-8e3f-b8716daccca4@group-5E2011258112-FollowerState] INFO  server.RaftServerConfigKeys (ConfUtils.java:logFallback(53)) - raft.server.rpc.first-election.timeout.min = 5s (fallback to raft.server.rpc.timeout.min)
2023-08-29 18:52:51,256 [PipelineCommandHandlerThread-0] INFO  ratis.XceiverServerRatis (XceiverServerRatis.java:addGroup(804)) - Created group PipelineID=cbc1ad54-7414-490a-8dff-5e2011258112
2023-08-29 18:52:51,262 [97ee00cc-8878-42b3-8e3f-b8716daccca4@group-5E2011258112-FollowerState] INFO  server.RaftServerConfigKeys (ConfUtils.java:logFallback(53)) - raft.server.rpc.first-election.timeout.max = 5200ms (fallback to raft.server.rpc.timeout.max)
2023-08-29 18:52:51,570 [main] INFO  ozone.MiniOzoneClusterImpl (MiniOzoneClusterImpl.java:lambda$waitForClusterToBeReady$0(224)) - Nodes are ready. Got 5 of 5 DN Heartbeats.
2023-08-29 18:52:51,570 [main] INFO  ozone.MiniOzoneClusterImpl (MiniOzoneClusterImpl.java:lambda$waitForClusterToBeReady$0(227)) - Waiting for cluster to exit safe mode
2023-08-29 18:52:51,570 [main] INFO  ozone.MiniOzoneClusterImpl (MiniOzoneClusterImpl.java:lambda$waitForClusterToBeReady$0(229)) - SCM became leader
2023-08-29 18:52:51,645 [PipelineCommandHandlerThread-0] INFO  server.RaftServer (RaftServerProxy.java:addNew(98)) - 7f4449f5-5363-4e2a-a958-eb2e78800a81: addNew group-A7575599D9FE:[7f4449f5-5363-4e2a-a958-eb2e78800a81|rpc:10.1.0.239:15023|admin:10.1.0.239:15022|client:10.1.0.239:15021|dataStream:10.1.0.239:15024|priority:1|startupRole:FOLLOWER] returns group-A7575599D9FE:java.util.concurrent.CompletableFuture@73c6bb8b[Not completed]
2023-08-29 18:52:51,645 [grpc-default-executor-0] INFO  server.RaftServer (RaftServerProxy.java:addNew(98)) - 8e764df9-21b5-444f-852f-dd54d92b5fac: addNew group-5E2011258112:[7f4449f5-5363-4e2a-a958-eb2e78800a81|rpc:10.1.0.239:15023|admin:10.1.0.239:15022|client:10.1.0.239:15021|dataStream:10.1.0.239:15024|priority:0|startupRole:FOLLOWER, 8e764df9-21b5-444f-852f-dd54d92b5fac|rpc:10.1.0.239:15032|admin:10.1.0.239:15031|client:10.1.0.239:15030|dataStream:10.1.0.239:15033|priority:1|startupRole:FOLLOWER, 97ee00cc-8878-42b3-8e3f-b8716daccca4|rpc:10.1.0.239:15014|admin:10.1.0.239:15013|client:10.1.0.239:15012|dataStream:10.1.0.239:15015|priority:0|startupRole:FOLLOWER] returns group-5E2011258112:java.util.concurrent.CompletableFuture@29187ddc[Not completed]
2023-08-29 18:52:51,647 [8e764df9-21b5-444f-852f-dd54d92b5fac-groupManagement] INFO  server.RaftServer$Division (RaftServerImpl.java:<init>(198)) - 8e764df9-21b5-444f-852f-dd54d92b5fac: new RaftServerImpl for group-5E2011258112:[7f4449f5-5363-4e2a-a958-eb2e78800a81|rpc:10.1.0.239:15023|admin:10.1.0.239:15022|client:10.1.0.239:15021|dataStream:10.1.0.239:15024|priority:0|startupRole:FOLLOWER, 8e764df9-21b5-444f-852f-dd54d92b5fac|rpc:10.1.0.239:15032|admin:10.1.0.239:15031|client:10.1.0.239:15030|dataStream:10.1.0.239:15033|priority:1|startupRole:FOLLOWER, 97ee00cc-8878-42b3-8e3f-b8716daccca4|rpc:10.1.0.239:15014|admin:10.1.0.239:15013|client:10.1.0.239:15012|dataStream:10.1.0.239:15015|priority:0|startupRole:FOLLOWER] with ContainerStateMachine:uninitialized
2023-08-29 18:52:51,647 [8e764df9-21b5-444f-852f-dd54d92b5fac-groupManagement] INFO  server.RaftServerConfigKeys (ConfUtils.java:logGet(46)) - raft.server.rpc.timeout.min = 5s (custom)
2023-08-29 18:52:51,647 [8e764df9-21b5-444f-852f-dd54d92b5fac-groupManagement] INFO  server.RaftServerConfigKeys (ConfUtils.java:logGet(46)) - raft.server.rpc.timeout.max = 5200ms (custom)
2023-08-29 18:52:51,647 [8e764df9-21b5-444f-852f-dd54d92b5fac-groupManagement] INFO  server.RaftServerConfigKeys (ConfUtils.java:logGet(46)) - raft.server.rpc.sleep.time = 25ms (default)
2023-08-29 18:52:51,647 [8e764df9-21b5-444f-852f-dd54d92b5fac-groupManagement] INFO  server.RaftServerConfigKeys (ConfUtils.java:logGet(46)) - raft.server.rpc.slowness.timeout = 300s (custom)
2023-08-29 18:52:51,647 [8e764df9-21b5-444f-852f-dd54d92b5fac-groupManagement] INFO  server.RaftServerConfigKeys (ConfUtils.java:logGet(46)) - raft.server.leaderelection.leader.step-down.wait-time = 10s (default)
2023-08-29 18:52:51,647 [8e764df9-21b5-444f-852f-dd54d92b5fac-groupManagement] INFO  server.RaftServerConfigKeys (ConfUtils.java:logGet(46)) - raft.server.sleep.deviation.threshold = 300ms (default)
2023-08-29 18:52:51,647 [8e764df9-21b5-444f-852f-dd54d92b5fac-groupManagement] INFO  server.RaftServer$Division (ServerState.java:<init>(120)) - 8e764df9-21b5-444f-852f-dd54d92b5fac@group-5E2011258112: ConfigurationManager, init=-1: peers:[7f4449f5-5363-4e2a-a958-eb2e78800a81|rpc:10.1.0.239:15023|admin:10.1.0.239:15022|client:10.1.0.239:15021|dataStream:10.1.0.239:15024|priority:0|startupRole:FOLLOWER, 8e764df9-21b5-444f-852f-dd54d92b5fac|rpc:10.1.0.239:15032|admin:10.1.0.239:15031|client:10.1.0.239:15030|dataStream:10.1.0.239:15033|priority:1|startupRole:FOLLOWER, 97ee00cc-8878-42b3-8e3f-b8716daccca4|rpc:10.1.0.239:15014|admin:10.1.0.239:15013|client:10.1.0.239:15012|dataStream:10.1.0.239:15015|priority:0|startupRole:FOLLOWER]|listeners:[], old=null, confs=<EMPTY_MAP>
2023-08-29 18:52:51,647 [8e764df9-21b5-444f-852f-dd54d92b5fac-groupManagement] INFO  server.RaftServerConfigKeys (ConfUtils.java:logGet(46)) - raft.server.storage.dir = [/home/runner/work/ozone/ozone/hadoop-ozone/integration-test/target/test-dir/MiniOzoneClusterImpl-f4f7c4b3-a6e6-4e2b-8957-3aa4c0e420f5/datanode-2/data/ratis] (custom)
2023-08-29 18:52:51,648 [8e764df9-21b5-444f-852f-dd54d92b5fac-groupManagement] INFO  server.RaftServerConfigKeys (ConfUtils.java:logGet(46)) - raft.server.log.corruption.policy = EXCEPTION (default)
2023-08-29 18:52:51,648 [8e764df9-21b5-444f-852f-dd54d92b5fac-groupManagement] INFO  server.RaftServerConfigKeys (ConfUtils.java:logGet(46)) - raft.server.storage.free-space.min = 0MB (=0) (default)
2023-08-29 18:52:51,648 [8e764df9-21b5-444f-852f-dd54d92b5fac-groupManagement] INFO  server.RaftServerConfigKeys (ConfUtils.java:logGet(46)) - raft.server.notification.no-leader.timeout = 300s (custom)
2023-08-29 18:52:51,648 [8e764df9-21b5-444f-852f-dd54d92b5fac-groupManagement] INFO  server.RaftServerConfigKeys (ConfUtils.java:logGet(46)) - raft.server.read.timeout = 10s (default)
2023-08-29 18:52:51,648 [8e764df9-21b5-444f-852f-dd54d92b5fac-groupManagement] INFO  server.RaftServerConfigKeys (ConfUtils.java:logGet(46)) - raft.server.retrycache.expirytime = 600000ms (custom)
2023-08-29 18:52:51,648 [8e764df9-21b5-444f-852f-dd54d92b5fac-groupManagement] INFO  server.RaftServerConfigKeys (ConfUtils.java:logGet(46)) - raft.server.retrycache.statistics.expirytime = 100μs (default)
2023-08-29 18:52:51,648 [8e764df9-21b5-444f-852f-dd54d92b5fac-groupManagement] INFO  server.RaftServerConfigKeys (ConfUtils.java:logGet(46)) - raft.server.read.option = DEFAULT (default)
2023-08-29 18:52:51,651 [8e764df9-21b5-444f-852f-dd54d92b5fac-groupManagement] INFO  server.RaftServerConfigKeys (ConfUtils.java:logGet(46)) - raft.server.rpc.request.timeout = 60s (custom)
2023-08-29 18:52:51,651 [8e764df9-21b5-444f-852f-dd54d92b5fac-groupManagement] INFO  server.RaftServerConfigKeys (ConfUtils.java:logGet(46)) - raft.server.log.appender.install.snapshot.enabled = false (custom)
2023-08-29 18:52:51,651 [8e764df9-21b5-444f-852f-dd54d92b5fac-groupManagement] INFO  server.RaftServerConfigKeys (ConfUtils.java:logGet(46)) - raft.server.threadpool.server.cached = true (default)
2023-08-29 18:52:51,651 [8e764df9-21b5-444f-852f-dd54d92b5fac-groupManagement] INFO  server.RaftServerConfigKeys (ConfUtils.java:logGet(46)) - raft.server.threadpool.server.size = 0 (default)
2023-08-29 18:52:51,651 [8e764df9-21b5-444f-852f-dd54d92b5fac-groupManagement] INFO  server.RaftServerConfigKeys (ConfUtils.java:logGet(46)) - raft.server.threadpool.client.cached = true (default)
2023-08-29 18:52:51,651 [8e764df9-21b5-444f-852f-dd54d92b5fac-groupManagement] INFO  server.RaftServerConfigKeys (ConfUtils.java:logGet(46)) - raft.server.threadpool.client.size = 0 (default)
2023-08-29 18:52:51,651 [8e764df9-21b5-444f-852f-dd54d92b5fac-groupManagement] INFO  storage.RaftStorageDirectory (RaftStorageDirectoryImpl.java:analyzeStorage(137)) - The storage directory /home/runner/work/ozone/ozone/hadoop-ozone/integration-test/target/test-dir/MiniOzoneClusterImpl-f4f7c4b3-a6e6-4e2b-8957-3aa4c0e420f5/datanode-2/data/ratis/cbc1ad54-7414-490a-8dff-5e2011258112 does not exist. Creating ...
2023-08-29 18:52:51,652 [8e764df9-21b5-444f-852f-dd54d92b5fac-groupManagement] INFO  storage.RaftStorageDirectory (RaftStorageDirectoryImpl.java:tryLock(231)) - Lock on /home/runner/work/ozone/ozone/hadoop-ozone/integration-test/target/test-dir/MiniOzoneClusterImpl-f4f7c4b3-a6e6-4e2b-8957-3aa4c0e420f5/datanode-2/data/ratis/cbc1ad54-7414-490a-8dff-5e2011258112/in_use.lock acquired by nodename 61099@fv-az225-157
2023-08-29 18:52:51,656 [7f4449f5-5363-4e2a-a958-eb2e78800a81-groupManagement] INFO  server.RaftServer$Division (RaftServerImpl.java:<init>(198)) - 7f4449f5-5363-4e2a-a958-eb2e78800a81: new RaftServerImpl for group-A7575599D9FE:[7f4449f5-5363-4e2a-a958-eb2e78800a81|rpc:10.1.0.239:15023|admin:10.1.0.239:15022|client:10.1.0.239:15021|dataStream:10.1.0.239:15024|priority:1|startupRole:FOLLOWER] with ContainerStateMachine:uninitialized
2023-08-29 18:52:51,654 [8e764df9-21b5-444f-852f-dd54d92b5fac-groupManagement] INFO  storage.RaftStorage (RaftStorageImpl.java:format(96)) - Storage directory /home/runner/work/ozone/ozone/hadoop-ozone/integration-test/target/test-dir/MiniOzoneClusterImpl-f4f7c4b3-a6e6-4e2b-8957-3aa4c0e420f5/datanode-2/data/ratis/cbc1ad54-7414-490a-8dff-5e2011258112 has been successfully formatted.
2023-08-29 18:52:51,661 [7f4449f5-5363-4e2a-a958-eb2e78800a81-groupManagement] INFO  server.RaftServerConfigKeys (ConfUtils.java:logGet(46)) - raft.server.rpc.timeout.min = 5s (custom)
2023-08-29 18:52:51,661 [7f4449f5-5363-4e2a-a958-eb2e78800a81-groupManagement] INFO  server.RaftServerConfigKeys (ConfUtils.java:logGet(46)) - raft.server.rpc.timeout.max = 5200ms (custom)
2023-08-29 18:52:51,662 [7f4449f5-5363-4e2a-a958-eb2e78800a81-groupManagement] INFO  server.RaftServerConfigKeys (ConfUtils.java:logGet(46)) - raft.server.rpc.sleep.time = 25ms (default)
2023-08-29 18:52:51,662 [7f4449f5-5363-4e2a-a958-eb2e78800a81-groupManagement] INFO  server.RaftServerConfigKeys (ConfUtils.java:logGet(46)) - raft.server.rpc.slowness.timeout = 300s (custom)
2023-08-29 18:52:51,662 [7f4449f5-5363-4e2a-a958-eb2e78800a81-groupManagement] INFO  server.RaftServerConfigKeys (ConfUtils.java:logGet(46)) - raft.server.leaderelection.leader.step-down.wait-time = 10s (default)
2023-08-29 18:52:51,662 [7f4449f5-5363-4e2a-a958-eb2e78800a81-groupManagement] INFO  server.RaftServerConfigKeys (ConfUtils.java:logGet(46)) - raft.server.sleep.deviation.threshold = 300ms (default)
2023-08-29 18:52:51,662 [7f4449f5-5363-4e2a-a958-eb2e78800a81-groupManagement] INFO  server.RaftServer$Division (ServerState.java:<init>(120)) - 7f4449f5-5363-4e2a-a958-eb2e78800a81@group-A7575599D9FE: ConfigurationManager, init=-1: peers:[7f4449f5-5363-4e2a-a958-eb2e78800a81|rpc:10.1.0.239:15023|admin:10.1.0.239:15022|client:10.1.0.239:15021|dataStream:10.1.0.239:15024|priority:1|startupRole:FOLLOWER]|listeners:[], old=null, confs=<EMPTY_MAP>
2023-08-29 18:52:51,662 [8e764df9-21b5-444f-852f-dd54d92b5fac-groupManagement] INFO  ratis.ContainerStateMachine (ContainerStateMachine.java:loadSnapshot(262)) - group-5E2011258112: The snapshot info is null. Setting the last applied indexto:(t:0, i:~)
2023-08-29 18:52:51,662 [7f4449f5-5363-4e2a-a958-eb2e78800a81-groupManagement] INFO  server.RaftServerConfigKeys (ConfUtils.java:logGet(46)) - raft.server.storage.dir = [/home/runner/work/ozone/ozone/hadoop-ozone/integration-test/target/test-dir/MiniOzoneClusterImpl-f4f7c4b3-a6e6-4e2b-8957-3aa4c0e420f5/datanode-1/data/ratis] (custom)
2023-08-29 18:52:51,669 [7f4449f5-5363-4e2a-a958-eb2e78800a81-groupManagement] INFO  server.RaftServerConfigKeys (ConfUtils.java:logGet(46)) - raft.server.log.corruption.policy = EXCEPTION (default)
2023-08-29 18:52:51,669 [7f4449f5-5363-4e2a-a958-eb2e78800a81-groupManagement] INFO  server.RaftServerConfigKeys (ConfUtils.java:logGet(46)) - raft.server.storage.free-space.min = 0MB (=0) (default)
2023-08-29 18:52:51,669 [7f4449f5-5363-4e2a-a958-eb2e78800a81-groupManagement] INFO  server.RaftServerConfigKeys (ConfUtils.java:logGet(46)) - raft.server.notification.no-leader.timeout = 300s (custom)
2023-08-29 18:52:51,669 [7f4449f5-5363-4e2a-a958-eb2e78800a81-groupManagement] INFO  server.RaftServerConfigKeys (ConfUtils.java:logGet(46)) - raft.server.read.timeout = 10s (default)
2023-08-29 18:52:51,669 [7f4449f5-5363-4e2a-a958-eb2e78800a81-groupManagement] INFO  server.RaftServerConfigKeys (ConfUtils.java:logGet(46)) - raft.server.retrycache.expirytime = 600000ms (custom)
2023-08-29 18:52:51,669 [7f4449f5-5363-4e2a-a958-eb2e78800a81-groupManagement] INFO  server.RaftServerConfigKeys (ConfUtils.java:logGet(46)) - raft.server.retrycache.statistics.expirytime = 100μs (default)
2023-08-29 18:52:51,669 [7f4449f5-5363-4e2a-a958-eb2e78800a81-groupManagement] INFO  server.RaftServerConfigKeys (ConfUtils.java:logGet(46)) - raft.server.read.option = DEFAULT (default)
2023-08-29 18:52:51,671 [7f4449f5-5363-4e2a-a958-eb2e78800a81-groupManagement] INFO  server.RaftServerConfigKeys (ConfUtils.java:logGet(46)) - raft.server.rpc.request.timeout = 60s (custom)
2023-08-29 18:52:51,671 [7f4449f5-5363-4e2a-a958-eb2e78800a81-groupManagement] INFO  server.RaftServerConfigKeys (ConfUtils.java:logGet(46)) - raft.server.log.appender.install.snapshot.enabled = false (custom)
2023-08-29 18:52:51,671 [7f4449f5-5363-4e2a-a958-eb2e78800a81-groupManagement] INFO  server.RaftServerConfigKeys (ConfUtils.java:logGet(46)) - raft.server.threadpool.server.cached = true (default)
2023-08-29 18:52:51,671 [7f4449f5-5363-4e2a-a958-eb2e78800a81-groupManagement] INFO  server.RaftServerConfigKeys (ConfUtils.java:logGet(46)) - raft.server.threadpool.server.size = 0 (default)
2023-08-29 18:52:51,671 [7f4449f5-5363-4e2a-a958-eb2e78800a81-groupManagement] INFO  server.RaftServerConfigKeys (ConfUtils.java:logGet(46)) - raft.server.threadpool.client.cached = true (default)
2023-08-29 18:52:51,671 [7f4449f5-5363-4e2a-a958-eb2e78800a81-groupManagement] INFO  server.RaftServerConfigKeys (ConfUtils.java:logGet(46)) - raft.server.threadpool.client.size = 0 (default)
2023-08-29 18:52:51,671 [7f4449f5-5363-4e2a-a958-eb2e78800a81-groupManagement] INFO  storage.RaftStorageDirectory (RaftStorageDirectoryImpl.java:analyzeStorage(137)) - The storage directory /home/runner/work/ozone/ozone/hadoop-ozone/integration-test/target/test-dir/MiniOzoneClusterImpl-f4f7c4b3-a6e6-4e2b-8957-3aa4c0e420f5/datanode-1/data/ratis/06d0e18e-4e42-4c5a-89b5-a7575599d9fe does not exist. Creating ...
2023-08-29 18:52:51,673 [8e764df9-21b5-444f-852f-dd54d92b5fac-groupManagement] INFO  server.RaftServerConfigKeys (ConfUtils.java:logGet(46)) - raft.server.log.use.memory = false (default)
2023-08-29 18:52:51,673 [8e764df9-21b5-444f-852f-dd54d92b5fac-groupManagement] INFO  server.RaftServerConfigKeys (ConfUtils.java:logGet(46)) - raft.server.log.purge.gap = 1000000 (custom)
2023-08-29 18:52:51,673 [8e764df9-21b5-444f-852f-dd54d92b5fac-groupManagement] INFO  server.RaftServerConfigKeys (ConfUtils.java:logGet(46)) - raft.server.log.appender.buffer.byte-limit = 33554432 (custom)
2023-08-29 18:52:51,673 [8e764df9-21b5-444f-852f-dd54d92b5fac-groupManagement] INFO  server.RaftServerConfigKeys (ConfUtils.java:logGet(46)) - raft.server.log.statemachine.data.read.timeout = 1000ms (default)
2023-08-29 18:52:51,673 [8e764df9-21b5-444f-852f-dd54d92b5fac-groupManagement] INFO  server.RaftServerConfigKeys (ConfUtils.java:logGet(46)) - raft.server.log.purge.preservation.log.num = 0 (default)
2023-08-29 18:52:51,673 [8e764df9-21b5-444f-852f-dd54d92b5fac-groupManagement] INFO  server.RaftServerConfigKeys (ConfUtils.java:logGet(46)) - raft.server.log.segment.size.max = 1048576 (custom)
2023-08-29 18:52:51,673 [7f4449f5-5363-4e2a-a958-eb2e78800a81-groupManagement] INFO  storage.RaftStorageDirectory (RaftStorageDirectoryImpl.java:tryLock(231)) - Lock on /home/runner/work/ozone/ozone/hadoop-ozone/integration-test/target/test-dir/MiniOzoneClusterImpl-f4f7c4b3-a6e6-4e2b-8957-3aa4c0e420f5/datanode-1/data/ratis/06d0e18e-4e42-4c5a-89b5-a7575599d9fe/in_use.lock acquired by nodename 61099@fv-az225-157
2023-08-29 18:52:51,675 [8e764df9-21b5-444f-852f-dd54d92b5fac-groupManagement] INFO  server.RaftServerConfigKeys (ConfUtils.java:logGet(46)) - raft.server.log.segment.cache.num.max = 2 (custom)
2023-08-29 18:52:51,675 [8e764df9-21b5-444f-852f-dd54d92b5fac-groupManagement] INFO  server.RaftServerConfigKeys (ConfUtils.java:logGet(46)) - raft.server.log.segment.cache.size.max = 200MB (=209715200) (default)
2023-08-29 18:52:51,675 [8e764df9-21b5-444f-852f-dd54d92b5fac-groupManagement] INFO  server.RaftServerConfigKeys (ConfUtils.java:logGet(46)) - raft.server.log.appender.buffer.byte-limit = 33554432 (custom)
2023-08-29 18:52:51,675 [8e764df9-21b5-444f-852f-dd54d92b5fac-groupManagement] INFO  segmented.SegmentedRaftLogWorker (SegmentedRaftLogWorker.java:<init>(188)) - new 8e764df9-21b5-444f-852f-dd54d92b5fac@group-5E2011258112-SegmentedRaftLogWorker for RaftStorageImpl:Storage Directory /home/runner/work/ozone/ozone/hadoop-ozone/integration-test/target/test-dir/MiniOzoneClusterImpl-f4f7c4b3-a6e6-4e2b-8957-3aa4c0e420f5/datanode-2/data/ratis/cbc1ad54-7414-490a-8dff-5e2011258112
2023-08-29 18:52:51,675 [8e764df9-21b5-444f-852f-dd54d92b5fac-groupManagement] INFO  server.RaftServerConfigKeys (ConfUtils.java:logGet(46)) - raft.server.log.queue.byte-limit = 4294967296 (custom)
2023-08-29 18:52:51,675 [8e764df9-21b5-444f-852f-dd54d92b5fac-groupManagement] INFO  server.RaftServerConfigKeys (ConfUtils.java:logGet(46)) - raft.server.log.queue.element-limit = 1024 (custom)
2023-08-29 18:52:51,675 [8e764df9-21b5-444f-852f-dd54d92b5fac-groupManagement] INFO  server.RaftServerConfigKeys (ConfUtils.java:logGet(46)) - raft.server.log.segment.size.max = 1048576 (custom)
2023-08-29 18:52:51,675 [8e764df9-21b5-444f-852f-dd54d92b5fac-groupManagement] INFO  server.RaftServerConfigKeys (ConfUtils.java:logGet(46)) - raft.server.log.preallocated.size = 16384 (custom)
2023-08-29 18:52:51,675 [8e764df9-21b5-444f-852f-dd54d92b5fac-groupManagement] INFO  server.RaftServerConfigKeys (ConfUtils.java:logGet(46)) - raft.server.log.force.sync.num = 128 (default)
2023-08-29 18:52:51,675 [8e764df9-21b5-444f-852f-dd54d92b5fac-groupManagement] INFO  server.RaftServerConfigKeys (ConfUtils.java:logGet(46)) - raft.server.log.statemachine.data.sync = true (default)
2023-08-29 18:52:51,675 [8e764df9-21b5-444f-852f-dd54d92b5fac-groupManagement] INFO  server.RaftServerConfigKeys (ConfUtils.java:logGet(46)) - raft.server.log.statemachine.data.sync.timeout = 10s (default)
2023-08-29 18:52:51,675 [8e764df9-21b5-444f-852f-dd54d92b5fac-groupManagement] INFO  server.RaftServerConfigKeys (ConfUtils.java:logGet(46)) - raft.server.log.statemachine.data.sync.timeout.retry = -1 (default)
2023-08-29 18:52:51,676 [7f4449f5-5363-4e2a-a958-eb2e78800a81-groupManagement] INFO  storage.RaftStorage (RaftStorageImpl.java:format(96)) - Storage directory /home/runner/work/ozone/ozone/hadoop-ozone/integration-test/target/test-dir/MiniOzoneClusterImpl-f4f7c4b3-a6e6-4e2b-8957-3aa4c0e420f5/datanode-1/data/ratis/06d0e18e-4e42-4c5a-89b5-a7575599d9fe has been successfully formatted.
2023-08-29 18:52:51,677 [7f4449f5-5363-4e2a-a958-eb2e78800a81-groupManagement] INFO  ratis.ContainerStateMachine (ContainerStateMachine.java:loadSnapshot(262)) - group-A7575599D9FE: The snapshot info is null. Setting the last applied indexto:(t:0, i:~)
2023-08-29 18:52:51,677 [7f4449f5-5363-4e2a-a958-eb2e78800a81-groupManagement] INFO  server.RaftServerConfigKeys (ConfUtils.java:logGet(46)) - raft.server.log.use.memory = false (default)
2023-08-29 18:52:51,677 [7f4449f5-5363-4e2a-a958-eb2e78800a81-groupManagement] INFO  server.RaftServerConfigKeys (ConfUtils.java:logGet(46)) - raft.server.log.purge.gap = 1000000 (custom)
2023-08-29 18:52:51,677 [7f4449f5-5363-4e2a-a958-eb2e78800a81-groupManagement] INFO  server.RaftServerConfigKeys (ConfUtils.java:logGet(46)) - raft.server.log.appender.buffer.byte-limit = 33554432 (custom)
2023-08-29 18:52:51,678 [7f4449f5-5363-4e2a-a958-eb2e78800a81-groupManagement] INFO  server.RaftServerConfigKeys (ConfUtils.java:logGet(46)) - raft.server.log.statemachine.data.read.timeout = 1000ms (default)
2023-08-29 18:52:51,679 [EventQueue-PipelineReportForPipelineReportHandler] INFO  pipeline.PipelineReportHandler (PipelineReportHandler.java:processPipelineReport(136)) - Opened pipeline PipelineID=06d0e18e-4e42-4c5a-89b5-a7575599d9fe
2023-08-29 18:52:51,679 [EventQueue-OpenPipelineForHealthyPipelineSafeModeRule] INFO  safemode.SCMSafeModeManager (HealthyPipelineSafeModeRule.java:process(137)) - SCM in safe mode. Healthy pipelines reported count is 0, required healthy pipeline reported count is 1
2023-08-29 18:52:51,679 [7f4449f5-5363-4e2a-a958-eb2e78800a81-groupManagement] INFO  server.RaftServerConfigKeys (ConfUtils.java:logGet(46)) - raft.server.log.purge.preservation.log.num = 0 (default)
2023-08-29 18:52:51,680 [7f4449f5-5363-4e2a-a958-eb2e78800a81-groupManagement] INFO  server.RaftServerConfigKeys (ConfUtils.java:logGet(46)) - raft.server.log.segment.size.max = 1048576 (custom)
2023-08-29 18:52:51,684 [7f4449f5-5363-4e2a-a958-eb2e78800a81-groupManagement] INFO  server.RaftServerConfigKeys (ConfUtils.java:logGet(46)) - raft.server.log.segment.cache.num.max = 2 (custom)
2023-08-29 18:52:51,684 [7f4449f5-5363-4e2a-a958-eb2e78800a81-groupManagement] INFO  server.RaftServerConfigKeys (ConfUtils.java:logGet(46)) - raft.server.log.segment.cache.size.max = 200MB (=209715200) (default)
2023-08-29 18:52:51,684 [7f4449f5-5363-4e2a-a958-eb2e78800a81-groupManagement] INFO  server.RaftServerConfigKeys (ConfUtils.java:logGet(46)) - raft.server.log.appender.buffer.byte-limit = 33554432 (custom)
2023-08-29 18:52:51,684 [7f4449f5-5363-4e2a-a958-eb2e78800a81-groupManagement] INFO  segmented.SegmentedRaftLogWorker (SegmentedRaftLogWorker.java:<init>(188)) - new 7f4449f5-5363-4e2a-a958-eb2e78800a81@group-A7575599D9FE-SegmentedRaftLogWorker for RaftStorageImpl:Storage Directory /home/runner/work/ozone/ozone/hadoop-ozone/integration-test/target/test-dir/MiniOzoneClusterImpl-f4f7c4b3-a6e6-4e2b-8957-3aa4c0e420f5/datanode-1/data/ratis/06d0e18e-4e42-4c5a-89b5-a7575599d9fe
2023-08-29 18:52:51,684 [7f4449f5-5363-4e2a-a958-eb2e78800a81-groupManagement] INFO  server.RaftServerConfigKeys (ConfUtils.java:logGet(46)) - raft.server.log.queue.byte-limit = 4294967296 (custom)
2023-08-29 18:52:51,684 [7f4449f5-5363-4e2a-a958-eb2e78800a81-groupManagement] INFO  server.RaftServerConfigKeys (ConfUtils.java:logGet(46)) - raft.server.log.queue.element-limit = 1024 (custom)
2023-08-29 18:52:51,684 [7f4449f5-5363-4e2a-a958-eb2e78800a81-groupManagement] INFO  server.RaftServerConfigKeys (ConfUtils.java:logGet(46)) - raft.server.log.segment.size.max = 1048576 (custom)
2023-08-29 18:52:51,684 [7f4449f5-5363-4e2a-a958-eb2e78800a81-groupManagement] INFO  server.RaftServerConfigKeys (ConfUtils.java:logGet(46)) - raft.server.log.preallocated.size = 16384 (custom)
2023-08-29 18:52:51,684 [7f4449f5-5363-4e2a-a958-eb2e78800a81-groupManagement] INFO  server.RaftServerConfigKeys (ConfUtils.java:logGet(46)) - raft.server.log.force.sync.num = 128 (default)
2023-08-29 18:52:51,684 [7f4449f5-5363-4e2a-a958-eb2e78800a81-groupManagement] INFO  server.RaftServerConfigKeys (ConfUtils.java:logGet(46)) - raft.server.log.statemachine.data.sync = true (default)
2023-08-29 18:52:51,685 [7f4449f5-5363-4e2a-a958-eb2e78800a81-groupManagement] INFO  server.RaftServerConfigKeys (ConfUtils.java:logGet(46)) - raft.server.log.statemachine.data.sync.timeout = 10s (default)
2023-08-29 18:52:51,685 [7f4449f5-5363-4e2a-a958-eb2e78800a81-groupManagement] INFO  server.RaftServerConfigKeys (ConfUtils.java:logGet(46)) - raft.server.log.statemachine.data.sync.timeout.retry = -1 (default)
2023-08-29 18:52:51,685 [8e764df9-21b5-444f-852f-dd54d92b5fac-groupManagement] INFO  server.RaftServerConfigKeys (ConfUtils.java:logGet(46)) - raft.server.log.write.buffer.size = 1048576 (custom)
2023-08-29 18:52:51,685 [8e764df9-21b5-444f-852f-dd54d92b5fac-groupManagement] INFO  server.RaftServerConfigKeys (ConfUtils.java:logGet(46)) - raft.server.log.appender.buffer.byte-limit = 33554432 (custom)
2023-08-29 18:52:51,687 [7f4449f5-5363-4e2a-a958-eb2e78800a81-groupManagement] INFO  server.RaftServerConfigKeys (ConfUtils.java:logGet(46)) - raft.server.log.write.buffer.size = 1048576 (custom)
2023-08-29 18:52:51,687 [7f4449f5-5363-4e2a-a958-eb2e78800a81-groupManagement] INFO  server.RaftServerConfigKeys (ConfUtils.java:logGet(46)) - raft.server.log.appender.buffer.byte-limit = 33554432 (custom)
2023-08-29 18:52:51,920 [PipelineCommandHandlerThread-0] INFO  server.RaftServer (RaftServerProxy.java:addNew(98)) - 8e764df9-21b5-444f-852f-dd54d92b5fac: addNew group-7E53C364F6DC:[8e764df9-21b5-444f-852f-dd54d92b5fac|rpc:10.1.0.239:15032|admin:10.1.0.239:15031|client:10.1.0.239:15030|dataStream:10.1.0.239:15033|priority:1|startupRole:FOLLOWER] returns group-7E53C364F6DC:java.util.concurrent.CompletableFuture@b53585[Not completed]
2023-08-29 18:52:51,921 [JvmPauseMonitor1] WARN  util.JvmPauseMonitor (JvmPauseMonitor.java:detectPause(124)) - JvmPauseMonitor-om1: Detected pause in JVM or host machine approximately 0.148s with 0.225s GC time.
GC pool 'PS MarkSweep' had collection(s): count=1 time=180ms
GC pool 'PS Scavenge' had collection(s): count=1 time=45ms
2023-08-29 18:52:51,921 [JvmPauseMonitor2] WARN  util.JvmPauseMonitor (JvmPauseMonitor.java:detectPause(124)) - JvmPauseMonitor-97ee00cc-8878-42b3-8e3f-b8716daccca4: Detected pause in JVM or host machine approximately 0.110s with 0.225s GC time.
GC pool 'PS MarkSweep' had collection(s): count=1 time=180ms
GC pool 'PS Scavenge' had collection(s): count=1 time=45ms
2023-08-29 18:52:51,928 [7f4449f5-5363-4e2a-a958-eb2e78800a81-groupManagement] INFO  server.RaftServerConfigKeys (ConfUtils.java:logGet(46)) - raft.server.log.unsafe-flush.enabled = false (default)
2023-08-29 18:52:51,928 [JvmPauseMonitor3] WARN  util.JvmPauseMonitor (JvmPauseMonitor.java:detectPause(124)) - JvmPauseMonitor-7f4449f5-5363-4e2a-a958-eb2e78800a81: Detected pause in JVM or host machine approximately 0.231s with 0.225s GC time.
GC pool 'PS MarkSweep' had collection(s): count=1 time=180ms
GC pool 'PS Scavenge' had collection(s): count=1 time=45ms
2023-08-29 18:52:51,926 [8e764df9-21b5-444f-852f-dd54d92b5fac-groupManagement] INFO  server.RaftServerConfigKeys (ConfUtils.java:logGet(46)) - raft.server.log.unsafe-flush.enabled = false (default)
2023-08-29 18:52:51,933 [8e764df9-21b5-444f-852f-dd54d92b5fac-groupManagement] INFO  server.RaftServerConfigKeys (ConfUtils.java:logGet(46)) - raft.server.log.async-flush.enabled = false (default)
2023-08-29 18:52:51,933 [8e764df9-21b5-444f-852f-dd54d92b5fac-groupManagement] INFO  server.RaftServerConfigKeys (ConfUtils.java:logGet(46)) - raft.server.log.statemachine.data.caching.enabled = true (custom)
2023-08-29 18:52:51,933 [8e764df9-21b5-444f-852f-dd54d92b5fac-groupManagement] INFO  segmented.SegmentedRaftLogWorker (SegmentedRaftLogWorker.java:lambda$new$0(135)) - 8e764df9-21b5-444f-852f-dd54d92b5fac@group-5E2011258112-SegmentedRaftLogWorker: flushIndex: setUnconditionally 0 -> -1
2023-08-29 18:52:51,933 [8e764df9-21b5-444f-852f-dd54d92b5fac-groupManagement] INFO  segmented.SegmentedRaftLogWorker (SegmentedRaftLogWorker.java:lambda$new$0(135)) - 8e764df9-21b5-444f-852f-dd54d92b5fac@group-5E2011258112-SegmentedRaftLogWorker: safeCacheEvictIndex: setUnconditionally 0 -> -1
2023-08-29 18:52:51,933 [7f4449f5-5363-4e2a-a958-eb2e78800a81-groupManagement] INFO  server.RaftServerConfigKeys (ConfUtils.java:logGet(46)) - raft.server.log.async-flush.enabled = false (default)
2023-08-29 18:52:51,935 [7f4449f5-5363-4e2a-a958-eb2e78800a81-groupManagement] INFO  server.RaftServerConfigKeys (ConfUtils.java:logGet(46)) - raft.server.log.statemachine.data.caching.enabled = true (custom)
2023-08-29 18:52:51,935 [7f4449f5-5363-4e2a-a958-eb2e78800a81-groupManagement] INFO  segmented.SegmentedRaftLogWorker (SegmentedRaftLogWorker.java:lambda$new$0(135)) - 7f4449f5-5363-4e2a-a958-eb2e78800a81@group-A7575599D9FE-SegmentedRaftLogWorker: flushIndex: setUnconditionally 0 -> -1
2023-08-29 18:52:51,935 [7f4449f5-5363-4e2a-a958-eb2e78800a81-groupManagement] INFO  segmented.SegmentedRaftLogWorker (SegmentedRaftLogWorker.java:lambda$new$0(135)) - 7f4449f5-5363-4e2a-a958-eb2e78800a81@group-A7575599D9FE-SegmentedRaftLogWorker: safeCacheEvictIndex: setUnconditionally 0 -> -1
2023-08-29 18:52:51,935 [8e764df9-21b5-444f-852f-dd54d92b5fac-groupManagement] INFO  server.RaftServer$Division (RaftServerImpl.java:start(342)) - 8e764df9-21b5-444f-852f-dd54d92b5fac@group-5E2011258112: start as a follower, conf=-1: peers:[7f4449f5-5363-4e2a-a958-eb2e78800a81|rpc:10.1.0.239:15023|admin:10.1.0.239:15022|client:10.1.0.239:15021|dataStream:10.1.0.239:15024|priority:0|startupRole:FOLLOWER, 8e764df9-21b5-444f-852f-dd54d92b5fac|rpc:10.1.0.239:15032|admin:10.1.0.239:15031|client:10.1.0.239:15030|dataStream:10.1.0.239:15033|priority:1|startupRole:FOLLOWER, 97ee00cc-8878-42b3-8e3f-b8716daccca4|rpc:10.1.0.239:15014|admin:10.1.0.239:15013|client:10.1.0.239:15012|dataStream:10.1.0.239:15015|priority:0|startupRole:FOLLOWER]|listeners:[], old=null
2023-08-29 18:52:51,935 [8e764df9-21b5-444f-852f-dd54d92b5fac-groupManagement] INFO  server.RaftServer$Division (RaftServerImpl.java:setRole(329)) - 8e764df9-21b5-444f-852f-dd54d92b5fac@group-5E2011258112: changes role from      null to FOLLOWER at term 0 for startAsFollower
2023-08-29 18:52:51,936 [8e764df9-21b5-444f-852f-dd54d92b5fac-groupManagement] INFO  impl.RoleInfo (RoleInfo.java:updateAndGet(139)) - 8e764df9-21b5-444f-852f-dd54d92b5fac: start 8e764df9-21b5-444f-852f-dd54d92b5fac@group-5E2011258112-FollowerState
2023-08-29 18:52:51,936 [8e764df9-21b5-444f-852f-dd54d92b5fac-groupManagement] INFO  util.JmxRegister (JmxRegister.java:tryRegister(44)) - Successfully registered JMX Bean with object name Ratis:service=RaftServer,group=group-5E2011258112,id=8e764df9-21b5-444f-852f-dd54d92b5fac
2023-08-29 18:52:51,941 [8e764df9-21b5-444f-852f-dd54d92b5fac-groupManagement] INFO  server.RaftServerConfigKeys (ConfUtils.java:logGet(46)) - raft.server.snapshot.auto.trigger.enabled = true (custom)
2023-08-29 18:52:51,941 [8e764df9-21b5-444f-852f-dd54d92b5fac-groupManagement] INFO  server.RaftServerConfigKeys (ConfUtils.java:logGet(46)) - raft.server.snapshot.auto.trigger.threshold = 10000 (custom)
2023-08-29 18:52:51,941 [8e764df9-21b5-444f-852f-dd54d92b5fac-groupManagement] INFO  server.RaftServerConfigKeys (ConfUtils.java:logGet(46)) - raft.server.snapshot.retention.file.num = 5 (custom)
2023-08-29 18:52:51,941 [8e764df9-21b5-444f-852f-dd54d92b5fac-groupManagement] INFO  server.RaftServerConfigKeys (ConfUtils.java:logGet(46)) - raft.server.log.purge.upto.snapshot.index = false (default)
2023-08-29 18:52:51,941 [7f4449f5-5363-4e2a-a958-eb2e78800a81-groupManagement] INFO  server.RaftServer$Division (RaftServerImpl.java:start(342)) - 7f4449f5-5363-4e2a-a958-eb2e78800a81@group-A7575599D9FE: start as a follower, conf=-1: peers:[7f4449f5-5363-4e2a-a958-eb2e78800a81|rpc:10.1.0.239:15023|admin:10.1.0.239:15022|client:10.1.0.239:15021|dataStream:10.1.0.239:15024|priority:1|startupRole:FOLLOWER]|listeners:[], old=null
2023-08-29 18:52:51,949 [7f4449f5-5363-4e2a-a958-eb2e78800a81-groupManagement] INFO  server.RaftServer$Division (RaftServerImpl.java:setRole(329)) - 7f4449f5-5363-4e2a-a958-eb2e78800a81@group-A7575599D9FE: changes role from      null to FOLLOWER at term 0 for startAsFollower
2023-08-29 18:52:51,949 [7f4449f5-5363-4e2a-a958-eb2e78800a81-groupManagement] INFO  impl.RoleInfo (RoleInfo.java:updateAndGet(139)) - 7f4449f5-5363-4e2a-a958-eb2e78800a81: start 7f4449f5-5363-4e2a-a958-eb2e78800a81@group-A7575599D9FE-FollowerState
2023-08-29 18:52:51,941 [8e764df9-21b5-444f-852f-dd54d92b5fac@group-5E2011258112-FollowerState] INFO  server.RaftServerConfigKeys (ConfUtils.java:logFallback(53)) - raft.server.rpc.first-election.timeout.min = 5s (fallback to raft.server.rpc.timeout.min)
2023-08-29 18:52:51,949 [8e764df9-21b5-444f-852f-dd54d92b5fac@group-5E2011258112-FollowerState] INFO  server.RaftServerConfigKeys (ConfUtils.java:logFallback(53)) - raft.server.rpc.first-election.timeout.max = 5200ms (fallback to raft.server.rpc.timeout.max)
2023-08-29 18:52:51,949 [7f4449f5-5363-4e2a-a958-eb2e78800a81-groupManagement] INFO  util.JmxRegister (JmxRegister.java:tryRegister(44)) - Successfully registered JMX Bean with object name Ratis:service=RaftServer,group=group-A7575599D9FE,id=7f4449f5-5363-4e2a-a958-eb2e78800a81
2023-08-29 18:52:51,949 [7f4449f5-5363-4e2a-a958-eb2e78800a81-groupManagement] INFO  server.RaftServerConfigKeys (ConfUtils.java:logGet(46)) - raft.server.snapshot.auto.trigger.enabled = true (custom)
2023-08-29 18:52:51,949 [7f4449f5-5363-4e2a-a958-eb2e78800a81-groupManagement] INFO  server.RaftServerConfigKeys (ConfUtils.java:logGet(46)) - raft.server.snapshot.auto.trigger.threshold = 10000 (custom)
2023-08-29 18:52:51,949 [7f4449f5-5363-4e2a-a958-eb2e78800a81-groupManagement] INFO  server.RaftServerConfigKeys (ConfUtils.java:logGet(46)) - raft.server.snapshot.retention.file.num = 5 (custom)
2023-08-29 18:52:51,949 [7f4449f5-5363-4e2a-a958-eb2e78800a81-groupManagement] INFO  server.RaftServerConfigKeys (ConfUtils.java:logGet(46)) - raft.server.log.purge.upto.snapshot.index = false (default)
2023-08-29 18:52:51,950 [7f4449f5-5363-4e2a-a958-eb2e78800a81@group-A7575599D9FE-FollowerState] INFO  server.RaftServerConfigKeys (ConfUtils.java:logFallback(53)) - raft.server.rpc.first-election.timeout.min = 5s (fallback to raft.server.rpc.timeout.min)
2023-08-29 18:52:51,950 [7f4449f5-5363-4e2a-a958-eb2e78800a81@group-A7575599D9FE-FollowerState] INFO  server.RaftServerConfigKeys (ConfUtils.java:logFallback(53)) - raft.server.rpc.first-election.timeout.max = 5200ms (fallback to raft.server.rpc.timeout.max)
2023-08-29 18:52:51,952 [8e764df9-21b5-444f-852f-dd54d92b5fac-groupManagement] INFO  server.RaftServer$Division (RaftServerImpl.java:<init>(198)) - 8e764df9-21b5-444f-852f-dd54d92b5fac: new RaftServerImpl for group-7E53C364F6DC:[8e764df9-21b5-444f-852f-dd54d92b5fac|rpc:10.1.0.239:15032|admin:10.1.0.239:15031|client:10.1.0.239:15030|dataStream:10.1.0.239:15033|priority:1|startupRole:FOLLOWER] with ContainerStateMachine:uninitialized
2023-08-29 18:52:51,953 [8e764df9-21b5-444f-852f-dd54d92b5fac-groupManagement] INFO  server.RaftServerConfigKeys (ConfUtils.java:logGet(46)) - raft.server.rpc.timeout.min = 5s (custom)
2023-08-29 18:52:51,953 [8e764df9-21b5-444f-852f-dd54d92b5fac-groupManagement] INFO  server.RaftServerConfigKeys (ConfUtils.java:logGet(46)) - raft.server.rpc.timeout.max = 5200ms (custom)
2023-08-29 18:52:51,953 [8e764df9-21b5-444f-852f-dd54d92b5fac-groupManagement] INFO  server.RaftServerConfigKeys (ConfUtils.java:logGet(46)) - raft.server.rpc.sleep.time = 25ms (default)
2023-08-29 18:52:51,953 [8e764df9-21b5-444f-852f-dd54d92b5fac-groupManagement] INFO  server.RaftServerConfigKeys (ConfUtils.java:logGet(46)) - raft.server.rpc.slowness.timeout = 300s (custom)
2023-08-29 18:52:51,953 [8e764df9-21b5-444f-852f-dd54d92b5fac-groupManagement] INFO  server.RaftServerConfigKeys (ConfUtils.java:logGet(46)) - raft.server.leaderelection.leader.step-down.wait-time = 10s (default)
2023-08-29 18:52:51,953 [8e764df9-21b5-444f-852f-dd54d92b5fac-groupManagement] INFO  server.RaftServerConfigKeys (ConfUtils.java:logGet(46)) - raft.server.sleep.deviation.threshold = 300ms (default)
2023-08-29 18:52:51,953 [8e764df9-21b5-444f-852f-dd54d92b5fac-groupManagement] INFO  server.RaftServer$Division (ServerState.java:<init>(120)) - 8e764df9-21b5-444f-852f-dd54d92b5fac@group-7E53C364F6DC: ConfigurationManager, init=-1: peers:[8e764df9-21b5-444f-852f-dd54d92b5fac|rpc:10.1.0.239:15032|admin:10.1.0.239:15031|client:10.1.0.239:15030|dataStream:10.1.0.239:15033|priority:1|startupRole:FOLLOWER]|listeners:[], old=null, confs=<EMPTY_MAP>
2023-08-29 18:52:51,953 [8e764df9-21b5-444f-852f-dd54d92b5fac-groupManagement] INFO  server.RaftServerConfigKeys (ConfUtils.java:logGet(46)) - raft.server.storage.dir = [/home/runner/work/ozone/ozone/hadoop-ozone/integration-test/target/test-dir/MiniOzoneClusterImpl-f4f7c4b3-a6e6-4e2b-8957-3aa4c0e420f5/datanode-2/data/ratis] (custom)
2023-08-29 18:52:51,953 [8e764df9-21b5-444f-852f-dd54d92b5fac-groupManagement] INFO  server.RaftServerConfigKeys (ConfUtils.java:logGet(46)) - raft.server.log.corruption.policy = EXCEPTION (default)
2023-08-29 18:52:51,953 [8e764df9-21b5-444f-852f-dd54d92b5fac-groupManagement] INFO  server.RaftServerConfigKeys (ConfUtils.java:logGet(46)) - raft.server.storage.free-space.min = 0MB (=0) (default)
2023-08-29 18:52:51,953 [8e764df9-21b5-444f-852f-dd54d92b5fac-groupManagement] INFO  server.RaftServerConfigKeys (ConfUtils.java:logGet(46)) - raft.server.notification.no-leader.timeout = 300s (custom)
2023-08-29 18:52:51,953 [8e764df9-21b5-444f-852f-dd54d92b5fac-groupManagement] INFO  server.RaftServerConfigKeys (ConfUtils.java:logGet(46)) - raft.server.read.timeout = 10s (default)
2023-08-29 18:52:51,953 [8e764df9-21b5-444f-852f-dd54d92b5fac-groupManagement] INFO  server.RaftServerConfigKeys (ConfUtils.java:logGet(46)) - raft.server.retrycache.expirytime = 600000ms (custom)
2023-08-29 18:52:51,953 [8e764df9-21b5-444f-852f-dd54d92b5fac-groupManagement] INFO  server.RaftServerConfigKeys (ConfUtils.java:logGet(46)) - raft.server.retrycache.statistics.expirytime = 100μs (default)
2023-08-29 18:52:51,954 [8e764df9-21b5-444f-852f-dd54d92b5fac-groupManagement] INFO  server.RaftServerConfigKeys (ConfUtils.java:logGet(46)) - raft.server.read.option = DEFAULT (default)
2023-08-29 18:52:51,955 [8e764df9-21b5-444f-852f-dd54d92b5fac-groupManagement] INFO  server.RaftServerConfigKeys (ConfUtils.java:logGet(46)) - raft.server.rpc.request.timeout = 60s (custom)
2023-08-29 18:52:51,955 [8e764df9-21b5-444f-852f-dd54d92b5fac-groupManagement] INFO  server.RaftServerConfigKeys (ConfUtils.java:logGet(46)) - raft.server.log.appender.install.snapshot.enabled = false (custom)
2023-08-29 18:52:51,955 [8e764df9-21b5-444f-852f-dd54d92b5fac-groupManagement] INFO  server.RaftServerConfigKeys (ConfUtils.java:logGet(46)) - raft.server.threadpool.server.cached = true (default)
2023-08-29 18:52:51,955 [8e764df9-21b5-444f-852f-dd54d92b5fac-groupManagement] INFO  server.RaftServerConfigKeys (ConfUtils.java:logGet(46)) - raft.server.threadpool.server.size = 0 (default)
2023-08-29 18:52:51,955 [8e764df9-21b5-444f-852f-dd54d92b5fac-groupManagement] INFO  server.RaftServerConfigKeys (ConfUtils.java:logGet(46)) - raft.server.threadpool.client.cached = true (default)
2023-08-29 18:52:51,955 [8e764df9-21b5-444f-852f-dd54d92b5fac-groupManagement] INFO  server.RaftServerConfigKeys (ConfUtils.java:logGet(46)) - raft.server.threadpool.client.size = 0 (default)
2023-08-29 18:52:51,955 [8e764df9-21b5-444f-852f-dd54d92b5fac-groupManagement] INFO  storage.RaftStorageDirectory (RaftStorageDirectoryImpl.java:analyzeStorage(137)) - The storage directory /home/runner/work/ozone/ozone/hadoop-ozone/integration-test/target/test-dir/MiniOzoneClusterImpl-f4f7c4b3-a6e6-4e2b-8957-3aa4c0e420f5/datanode-2/data/ratis/80c10e0f-f52f-48ee-9066-7e53c364f6dc does not exist. Creating ...
2023-08-29 18:52:51,957 [8e764df9-21b5-444f-852f-dd54d92b5fac-groupManagement] INFO  storage.RaftStorageDirectory (RaftStorageDirectoryImpl.java:tryLock(231)) - Lock on /home/runner/work/ozone/ozone/hadoop-ozone/integration-test/target/test-dir/MiniOzoneClusterImpl-f4f7c4b3-a6e6-4e2b-8957-3aa4c0e420f5/datanode-2/data/ratis/80c10e0f-f52f-48ee-9066-7e53c364f6dc/in_use.lock acquired by nodename 61099@fv-az225-157
2023-08-29 18:52:51,959 [8e764df9-21b5-444f-852f-dd54d92b5fac-groupManagement] INFO  storage.RaftStorage (RaftStorageImpl.java:format(96)) - Storage directory /home/runner/work/ozone/ozone/hadoop-ozone/integration-test/target/test-dir/MiniOzoneClusterImpl-f4f7c4b3-a6e6-4e2b-8957-3aa4c0e420f5/datanode-2/data/ratis/80c10e0f-f52f-48ee-9066-7e53c364f6dc has been successfully formatted.
2023-08-29 18:52:51,959 [PipelineCommandHandlerThread-0] INFO  ratis.XceiverServerRatis (XceiverServerRatis.java:addGroup(804)) - Created group PipelineID=06d0e18e-4e42-4c5a-89b5-a7575599d9fe
2023-08-29 18:52:51,960 [8e764df9-21b5-444f-852f-dd54d92b5fac-groupManagement] INFO  ratis.ContainerStateMachine (ContainerStateMachine.java:loadSnapshot(262)) - group-7E53C364F6DC: The snapshot info is null. Setting the last applied indexto:(t:0, i:~)
2023-08-29 18:52:51,960 [8e764df9-21b5-444f-852f-dd54d92b5fac-groupManagement] INFO  server.RaftServerConfigKeys (ConfUtils.java:logGet(46)) - raft.server.log.use.memory = false (default)
2023-08-29 18:52:51,961 [8e764df9-21b5-444f-852f-dd54d92b5fac-groupManagement] INFO  server.RaftServerConfigKeys (ConfUtils.java:logGet(46)) - raft.server.log.purge.gap = 1000000 (custom)
2023-08-29 18:52:51,961 [8e764df9-21b5-444f-852f-dd54d92b5fac-groupManagement] INFO  server.RaftServerConfigKeys (ConfUtils.java:logGet(46)) - raft.server.log.appender.buffer.byte-limit = 33554432 (custom)
2023-08-29 18:52:51,961 [8e764df9-21b5-444f-852f-dd54d92b5fac-groupManagement] INFO  server.RaftServerConfigKeys (ConfUtils.java:logGet(46)) - raft.server.log.statemachine.data.read.timeout = 1000ms (default)
2023-08-29 18:52:51,961 [8e764df9-21b5-444f-852f-dd54d92b5fac-groupManagement] INFO  server.RaftServerConfigKeys (ConfUtils.java:logGet(46)) - raft.server.log.purge.preservation.log.num = 0 (default)
2023-08-29 18:52:51,961 [8e764df9-21b5-444f-852f-dd54d92b5fac-groupManagement] INFO  server.RaftServerConfigKeys (ConfUtils.java:logGet(46)) - raft.server.log.segment.size.max = 1048576 (custom)
2023-08-29 18:52:51,959 [PipelineCommandHandlerThread-0] INFO  commandhandler.CreatePipelineCommandHandler (CreatePipelineCommandHandler.java:lambda$handle$2(124)) - Created Pipeline RATIS ONE PipelineID=06d0e18e-4e42-4c5a-89b5-a7575599d9fe.
2023-08-29 18:52:51,961 [8e764df9-21b5-444f-852f-dd54d92b5fac-groupManagement] INFO  server.RaftServerConfigKeys (ConfUtils.java:logGet(46)) - raft.server.log.segment.cache.num.max = 2 (custom)
2023-08-29 18:52:51,961 [PipelineCommandHandlerThread-0] INFO  server.RaftServer (RaftServerProxy.java:addNew(98)) - 7f4449f5-5363-4e2a-a958-eb2e78800a81: addNew group-5E2011258112:[7f4449f5-5363-4e2a-a958-eb2e78800a81|rpc:10.1.0.239:15023|admin:10.1.0.239:15022|client:10.1.0.239:15021|dataStream:10.1.0.239:15024|priority:0|startupRole:FOLLOWER, 8e764df9-21b5-444f-852f-dd54d92b5fac|rpc:10.1.0.239:15032|admin:10.1.0.239:15031|client:10.1.0.239:15030|dataStream:10.1.0.239:15033|priority:1|startupRole:FOLLOWER, 97ee00cc-8878-42b3-8e3f-b8716daccca4|rpc:10.1.0.239:15014|admin:10.1.0.239:15013|client:10.1.0.239:15012|dataStream:10.1.0.239:15015|priority:0|startupRole:FOLLOWER] returns group-5E2011258112:java.util.concurrent.CompletableFuture@77f9312b[Not completed]
2023-08-29 18:52:51,964 [7f4449f5-5363-4e2a-a958-eb2e78800a81-groupManagement] INFO  server.RaftServer$Division (RaftServerImpl.java:<init>(198)) - 7f4449f5-5363-4e2a-a958-eb2e78800a81: new RaftServerImpl for group-5E2011258112:[7f4449f5-5363-4e2a-a958-eb2e78800a81|rpc:10.1.0.239:15023|admin:10.1.0.239:15022|client:10.1.0.239:15021|dataStream:10.1.0.239:15024|priority:0|startupRole:FOLLOWER, 8e764df9-21b5-444f-852f-dd54d92b5fac|rpc:10.1.0.239:15032|admin:10.1.0.239:15031|client:10.1.0.239:15030|dataStream:10.1.0.239:15033|priority:1|startupRole:FOLLOWER, 97ee00cc-8878-42b3-8e3f-b8716daccca4|rpc:10.1.0.239:15014|admin:10.1.0.239:15013|client:10.1.0.239:15012|dataStream:10.1.0.239:15015|priority:0|startupRole:FOLLOWER] with ContainerStateMachine:uninitialized
2023-08-29 18:52:51,964 [7f4449f5-5363-4e2a-a958-eb2e78800a81-groupManagement] INFO  server.RaftServerConfigKeys (ConfUtils.java:logGet(46)) - raft.server.rpc.timeout.min = 5s (custom)
2023-08-29 18:52:51,965 [7f4449f5-5363-4e2a-a958-eb2e78800a81-groupManagement] INFO  server.RaftServerConfigKeys (ConfUtils.java:logGet(46)) - raft.server.rpc.timeout.max = 5200ms (custom)
2023-08-29 18:52:51,965 [7f4449f5-5363-4e2a-a958-eb2e78800a81-groupManagement] INFO  server.RaftServerConfigKeys (ConfUtils.java:logGet(46)) - raft.server.rpc.sleep.time = 25ms (default)
2023-08-29 18:52:51,965 [7f4449f5-5363-4e2a-a958-eb2e78800a81-groupManagement] INFO  server.RaftServerConfigKeys (ConfUtils.java:logGet(46)) - raft.server.rpc.slowness.timeout = 300s (custom)
2023-08-29 18:52:51,965 [7f4449f5-5363-4e2a-a958-eb2e78800a81-groupManagement] INFO  server.RaftServerConfigKeys (ConfUtils.java:logGet(46)) - raft.server.leaderelection.leader.step-down.wait-time = 10s (default)
2023-08-29 18:52:51,965 [7f4449f5-5363-4e2a-a958-eb2e78800a81-groupManagement] INFO  server.RaftServerConfigKeys (ConfUtils.java:logGet(46)) - raft.server.sleep.deviation.threshold = 300ms (default)
2023-08-29 18:52:51,965 [7f4449f5-5363-4e2a-a958-eb2e78800a81-groupManagement] INFO  server.RaftServer$Division (ServerState.java:<init>(120)) - 7f4449f5-5363-4e2a-a958-eb2e78800a81@group-5E2011258112: ConfigurationManager, init=-1: peers:[7f4449f5-5363-4e2a-a958-eb2e78800a81|rpc:10.1.0.239:15023|admin:10.1.0.239:15022|client:10.1.0.239:15021|dataStream:10.1.0.239:15024|priority:0|startupRole:FOLLOWER, 8e764df9-21b5-444f-852f-dd54d92b5fac|rpc:10.1.0.239:15032|admin:10.1.0.239:15031|client:10.1.0.239:15030|dataStream:10.1.0.239:15033|priority:1|startupRole:FOLLOWER, 97ee00cc-8878-42b3-8e3f-b8716daccca4|rpc:10.1.0.239:15014|admin:10.1.0.239:15013|client:10.1.0.239:15012|dataStream:10.1.0.239:15015|priority:0|startupRole:FOLLOWER]|listeners:[], old=null, confs=<EMPTY_MAP>
2023-08-29 18:52:51,965 [7f4449f5-5363-4e2a-a958-eb2e78800a81-groupManagement] INFO  server.RaftServerConfigKeys (ConfUtils.java:logGet(46)) - raft.server.storage.dir = [/home/runner/work/ozone/ozone/hadoop-ozone/integration-test/target/test-dir/MiniOzoneClusterImpl-f4f7c4b3-a6e6-4e2b-8957-3aa4c0e420f5/datanode-1/data/ratis] (custom)
2023-08-29 18:52:51,965 [7f4449f5-5363-4e2a-a958-eb2e78800a81-groupManagement] INFO  server.RaftServerConfigKeys (ConfUtils.java:logGet(46)) - raft.server.log.corruption.policy = EXCEPTION (default)
2023-08-29 18:52:51,965 [7f4449f5-5363-4e2a-a958-eb2e78800a81-groupManagement] INFO  server.RaftServerConfigKeys (ConfUtils.java:logGet(46)) - raft.server.storage.free-space.min = 0MB (=0) (default)
2023-08-29 18:52:51,965 [7f4449f5-5363-4e2a-a958-eb2e78800a81-groupManagement] INFO  server.RaftServerConfigKeys (ConfUtils.java:logGet(46)) - raft.server.notification.no-leader.timeout = 300s (custom)
2023-08-29 18:52:51,965 [7f4449f5-5363-4e2a-a958-eb2e78800a81-groupManagement] INFO  server.RaftServerConfigKeys (ConfUtils.java:logGet(46)) - raft.server.read.timeout = 10s (default)
2023-08-29 18:52:51,965 [7f4449f5-5363-4e2a-a958-eb2e78800a81-groupManagement] INFO  server.RaftServerConfigKeys (ConfUtils.java:logGet(46)) - raft.server.retrycache.expirytime = 600000ms (custom)
2023-08-29 18:52:51,965 [7f4449f5-5363-4e2a-a958-eb2e78800a81-groupManagement] INFO  server.RaftServerConfigKeys (ConfUtils.java:logGet(46)) - raft.server.retrycache.statistics.expirytime = 100μs (default)
2023-08-29 18:52:51,965 [7f4449f5-5363-4e2a-a958-eb2e78800a81-groupManagement] INFO  server.RaftServerConfigKeys (ConfUtils.java:logGet(46)) - raft.server.read.option = DEFAULT (default)
2023-08-29 18:52:51,966 [7f4449f5-5363-4e2a-a958-eb2e78800a81-groupManagement] INFO  server.RaftServerConfigKeys (ConfUtils.java:logGet(46)) - raft.server.rpc.request.timeout = 60s (custom)
2023-08-29 18:52:51,966 [7f4449f5-5363-4e2a-a958-eb2e78800a81-groupManagement] INFO  server.RaftServerConfigKeys (ConfUtils.java:logGet(46)) - raft.server.log.appender.install.snapshot.enabled = false (custom)
2023-08-29 18:52:51,966 [7f4449f5-5363-4e2a-a958-eb2e78800a81-groupManagement] INFO  server.RaftServerConfigKeys (ConfUtils.java:logGet(46)) - raft.server.threadpool.server.cached = true (default)
2023-08-29 18:52:51,966 [7f4449f5-5363-4e2a-a958-eb2e78800a81-groupManagement] INFO  server.RaftServerConfigKeys (ConfUtils.java:logGet(46)) - raft.server.threadpool.server.size = 0 (default)
2023-08-29 18:52:51,967 [7f4449f5-5363-4e2a-a958-eb2e78800a81-groupManagement] INFO  server.RaftServerConfigKeys (ConfUtils.java:logGet(46)) - raft.server.threadpool.client.cached = true (default)
2023-08-29 18:52:51,967 [7f4449f5-5363-4e2a-a958-eb2e78800a81-groupManagement] INFO  server.RaftServerConfigKeys (ConfUtils.java:logGet(46)) - raft.server.threadpool.client.size = 0 (default)
2023-08-29 18:52:51,967 [7f4449f5-5363-4e2a-a958-eb2e78800a81-groupManagement] INFO  storage.RaftStorageDirectory (RaftStorageDirectoryImpl.java:analyzeStorage(137)) - The storage directory /home/runner/work/ozone/ozone/hadoop-ozone/integration-test/target/test-dir/MiniOzoneClusterImpl-f4f7c4b3-a6e6-4e2b-8957-3aa4c0e420f5/datanode-1/data/ratis/cbc1ad54-7414-490a-8dff-5e2011258112 does not exist. Creating ...
2023-08-29 18:52:51,962 [8e764df9-21b5-444f-852f-dd54d92b5fac-groupManagement] INFO  server.RaftServerConfigKeys (ConfUtils.java:logGet(46)) - raft.server.log.segment.cache.size.max = 200MB (=209715200) (default)
2023-08-29 18:52:51,969 [8e764df9-21b5-444f-852f-dd54d92b5fac-groupManagement] INFO  server.RaftServerConfigKeys (ConfUtils.java:logGet(46)) - raft.server.log.appender.buffer.byte-limit = 33554432 (custom)
2023-08-29 18:52:51,970 [8e764df9-21b5-444f-852f-dd54d92b5fac-groupManagement] INFO  segmented.SegmentedRaftLogWorker (SegmentedRaftLogWorker.java:<init>(188)) - new 8e764df9-21b5-444f-852f-dd54d92b5fac@group-7E53C364F6DC-SegmentedRaftLogWorker for RaftStorageImpl:Storage Directory /home/runner/work/ozone/ozone/hadoop-ozone/integration-test/target/test-dir/MiniOzoneClusterImpl-f4f7c4b3-a6e6-4e2b-8957-3aa4c0e420f5/datanode-2/data/ratis/80c10e0f-f52f-48ee-9066-7e53c364f6dc
2023-08-29 18:52:51,970 [8e764df9-21b5-444f-852f-dd54d92b5fac-groupManagement] INFO  server.RaftServerConfigKeys (ConfUtils.java:logGet(46)) - raft.server.log.queue.byte-limit = 4294967296 (custom)
2023-08-29 18:52:51,970 [8e764df9-21b5-444f-852f-dd54d92b5fac-groupManagement] INFO  server.RaftServerConfigKeys (ConfUtils.java:logGet(46)) - raft.server.log.queue.element-limit = 1024 (custom)
2023-08-29 18:52:51,970 [8e764df9-21b5-444f-852f-dd54d92b5fac-groupManagement] INFO  server.RaftServerConfigKeys (ConfUtils.java:logGet(46)) - raft.server.log.segment.size.max = 1048576 (custom)
2023-08-29 18:52:51,970 [EventQueue-PipelineReportForPipelineReportHandler] INFO  pipeline.PipelineReportHandler (PipelineReportHandler.java:processPipelineReport(136)) - Opened pipeline PipelineID=80c10e0f-f52f-48ee-9066-7e53c364f6dc
2023-08-29 18:52:51,970 [7f4449f5-5363-4e2a-a958-eb2e78800a81-groupManagement] INFO  storage.RaftStorageDirectory (RaftStorageDirectoryImpl.java:tryLock(231)) - Lock on /home/runner/work/ozone/ozone/hadoop-ozone/integration-test/target/test-dir/MiniOzoneClusterImpl-f4f7c4b3-a6e6-4e2b-8957-3aa4c0e420f5/datanode-1/data/ratis/cbc1ad54-7414-490a-8dff-5e2011258112/in_use.lock acquired by nodename 61099@fv-az225-157
2023-08-29 18:52:51,970 [EventQueue-OpenPipelineForHealthyPipelineSafeModeRule] INFO  safemode.SCMSafeModeManager (HealthyPipelineSafeModeRule.java:process(137)) - SCM in safe mode. Healthy pipelines reported count is 0, required healthy pipeline reported count is 1
2023-08-29 18:52:51,970 [8e764df9-21b5-444f-852f-dd54d92b5fac-groupManagement] INFO  server.RaftServerConfigKeys (ConfUtils.java:logGet(46)) - raft.server.log.preallocated.size = 16384 (custom)
2023-08-29 18:52:51,970 [8e764df9-21b5-444f-852f-dd54d92b5fac-groupManagement] INFO  server.RaftServerConfigKeys (ConfUtils.java:logGet(46)) - raft.server.log.force.sync.num = 128 (default)
2023-08-29 18:52:51,970 [8e764df9-21b5-444f-852f-dd54d92b5fac-groupManagement] INFO  server.RaftServerConfigKeys (ConfUtils.java:logGet(46)) - raft.server.log.statemachine.data.sync = true (default)
2023-08-29 18:52:51,970 [8e764df9-21b5-444f-852f-dd54d92b5fac-groupManagement] INFO  server.RaftServerConfigKeys (ConfUtils.java:logGet(46)) - raft.server.log.statemachine.data.sync.timeout = 10s (default)
2023-08-29 18:52:51,971 [8e764df9-21b5-444f-852f-dd54d92b5fac-groupManagement] INFO  server.RaftServerConfigKeys (ConfUtils.java:logGet(46)) - raft.server.log.statemachine.data.sync.timeout.retry = -1 (default)
2023-08-29 18:52:51,971 [8e764df9-21b5-444f-852f-dd54d92b5fac-groupManagement] INFO  server.RaftServerConfigKeys (ConfUtils.java:logGet(46)) - raft.server.log.write.buffer.size = 1048576 (custom)
2023-08-29 18:52:51,971 [8e764df9-21b5-444f-852f-dd54d92b5fac-groupManagement] INFO  server.RaftServerConfigKeys (ConfUtils.java:logGet(46)) - raft.server.log.appender.buffer.byte-limit = 33554432 (custom)
2023-08-29 18:52:51,973 [7f4449f5-5363-4e2a-a958-eb2e78800a81-groupManagement] INFO  storage.RaftStorage (RaftStorageImpl.java:format(96)) - Storage directory /home/runner/work/ozone/ozone/hadoop-ozone/integration-test/target/test-dir/MiniOzoneClusterImpl-f4f7c4b3-a6e6-4e2b-8957-3aa4c0e420f5/datanode-1/data/ratis/cbc1ad54-7414-490a-8dff-5e2011258112 has been successfully formatted.
2023-08-29 18:52:51,973 [7f4449f5-5363-4e2a-a958-eb2e78800a81-groupManagement] INFO  ratis.ContainerStateMachine (ContainerStateMachine.java:loadSnapshot(262)) - group-5E2011258112: The snapshot info is null. Setting the last applied indexto:(t:0, i:~)
2023-08-29 18:52:51,973 [7f4449f5-5363-4e2a-a958-eb2e78800a81-groupManagement] INFO  server.RaftServerConfigKeys (ConfUtils.java:logGet(46)) - raft.server.log.use.memory = false (default)
2023-08-29 18:52:51,974 [7f4449f5-5363-4e2a-a958-eb2e78800a81-groupManagement] INFO  server.RaftServerConfigKeys (ConfUtils.java:logGet(46)) - raft.server.log.purge.gap = 1000000 (custom)
2023-08-29 18:52:51,974 [7f4449f5-5363-4e2a-a958-eb2e78800a81-groupManagement] INFO  server.RaftServerConfigKeys (ConfUtils.java:logGet(46)) - raft.server.log.appender.buffer.byte-limit = 33554432 (custom)
2023-08-29 18:52:51,974 [7f4449f5-5363-4e2a-a958-eb2e78800a81-groupManagement] INFO  server.RaftServerConfigKeys (ConfUtils.java:logGet(46)) - raft.server.log.statemachine.data.read.timeout = 1000ms (default)
2023-08-29 18:52:51,974 [7f4449f5-5363-4e2a-a958-eb2e78800a81-groupManagement] INFO  server.RaftServerConfigKeys (ConfUtils.java:logGet(46)) - raft.server.log.purge.preservation.log.num = 0 (default)
2023-08-29 18:52:51,982 [8e764df9-21b5-444f-852f-dd54d92b5fac-groupManagement] INFO  server.RaftServerConfigKeys (ConfUtils.java:logGet(46)) - raft.server.log.unsafe-flush.enabled = false (default)
2023-08-29 18:52:51,982 [7f4449f5-5363-4e2a-a958-eb2e78800a81-groupManagement] INFO  server.RaftServerConfigKeys (ConfUtils.java:logGet(46)) - raft.server.log.segment.size.max = 1048576 (custom)
2023-08-29 18:52:51,983 [7f4449f5-5363-4e2a-a958-eb2e78800a81-groupManagement] INFO  server.RaftServerConfigKeys (ConfUtils.java:logGet(46)) - raft.server.log.segment.cache.num.max = 2 (custom)
2023-08-29 18:52:51,983 [7f4449f5-5363-4e2a-a958-eb2e78800a81-groupManagement] INFO  server.RaftServerConfigKeys (ConfUtils.java:logGet(46)) - raft.server.log.segment.cache.size.max = 200MB (=209715200) (default)
2023-08-29 18:52:51,983 [7f4449f5-5363-4e2a-a958-eb2e78800a81-groupManagement] INFO  server.RaftServerConfigKeys (ConfUtils.java:logGet(46)) - raft.server.log.appender.buffer.byte-limit = 33554432 (custom)
2023-08-29 18:52:51,983 [7f4449f5-5363-4e2a-a958-eb2e78800a81-groupManagement] INFO  segmented.SegmentedRaftLogWorker (SegmentedRaftLogWorker.java:<init>(188)) - new 7f4449f5-5363-4e2a-a958-eb2e78800a81@group-5E2011258112-SegmentedRaftLogWorker for RaftStorageImpl:Storage Directory /home/runner/work/ozone/ozone/hadoop-ozone/integration-test/target/test-dir/MiniOzoneClusterImpl-f4f7c4b3-a6e6-4e2b-8957-3aa4c0e420f5/datanode-1/data/ratis/cbc1ad54-7414-490a-8dff-5e2011258112
2023-08-29 18:52:51,983 [7f4449f5-5363-4e2a-a958-eb2e78800a81-groupManagement] INFO  server.RaftServerConfigKeys (ConfUtils.java:logGet(46)) - raft.server.log.queue.byte-limit = 4294967296 (custom)
2023-08-29 18:52:51,983 [7f4449f5-5363-4e2a-a958-eb2e78800a81-groupManagement] INFO  server.RaftServerConfigKeys (ConfUtils.java:logGet(46)) - raft.server.log.queue.element-limit = 1024 (custom)
2023-08-29 18:52:51,983 [7f4449f5-5363-4e2a-a958-eb2e78800a81-groupManagement] INFO  server.RaftServerConfigKeys (ConfUtils.java:logGet(46)) - raft.server.log.segment.size.max = 1048576 (custom)
2023-08-29 18:52:51,983 [7f4449f5-5363-4e2a-a958-eb2e78800a81-groupManagement] INFO  server.RaftServerConfigKeys (ConfUtils.java:logGet(46)) - raft.server.log.preallocated.size = 16384 (custom)
2023-08-29 18:52:51,983 [7f4449f5-5363-4e2a-a958-eb2e78800a81-groupManagement] INFO  server.RaftServerConfigKeys (ConfUtils.java:logGet(46)) - raft.server.log.force.sync.num = 128 (default)
2023-08-29 18:52:51,983 [7f4449f5-5363-4e2a-a958-eb2e78800a81-groupManagement] INFO  server.RaftServerConfigKeys (ConfUtils.java:logGet(46)) - raft.server.log.statemachine.data.sync = true (default)
2023-08-29 18:52:51,983 [7f4449f5-5363-4e2a-a958-eb2e78800a81-groupManagement] INFO  server.RaftServerConfigKeys (ConfUtils.java:logGet(46)) - raft.server.log.statemachine.data.sync.timeout = 10s (default)
2023-08-29 18:52:51,983 [7f4449f5-5363-4e2a-a958-eb2e78800a81-groupManagement] INFO  server.RaftServerConfigKeys (ConfUtils.java:logGet(46)) - raft.server.log.statemachine.data.sync.timeout.retry = -1 (default)
2023-08-29 18:52:51,984 [7f4449f5-5363-4e2a-a958-eb2e78800a81-groupManagement] INFO  server.RaftServerConfigKeys (ConfUtils.java:logGet(46)) - raft.server.log.write.buffer.size = 1048576 (custom)
2023-08-29 18:52:51,984 [EventQueue-OpenPipelineForHealthyPipelineSafeModeRule] INFO  safemode.SCMSafeModeManager (HealthyPipelineSafeModeRule.java:process(137)) - SCM in safe mode. Healthy pipelines reported count is 0, required healthy pipeline reported count is 1
2023-08-29 18:52:51,985 [7f4449f5-5363-4e2a-a958-eb2e78800a81-groupManagement] INFO  server.RaftServerConfigKeys (ConfUtils.java:logGet(46)) - raft.server.log.appender.buffer.byte-limit = 33554432 (custom)
2023-08-29 18:52:51,988 [8e764df9-21b5-444f-852f-dd54d92b5fac-groupManagement] INFO  server.RaftServerConfigKeys (ConfUtils.java:logGet(46)) - raft.server.log.async-flush.enabled = false (default)
2023-08-29 18:52:51,988 [8e764df9-21b5-444f-852f-dd54d92b5fac-groupManagement] INFO  server.RaftServerConfigKeys (ConfUtils.java:logGet(46)) - raft.server.log.statemachine.data.caching.enabled = true (custom)
2023-08-29 18:52:51,988 [8e764df9-21b5-444f-852f-dd54d92b5fac-groupManagement] INFO  segmented.SegmentedRaftLogWorker (SegmentedRaftLogWorker.java:lambda$new$0(135)) - 8e764df9-21b5-444f-852f-dd54d92b5fac@group-7E53C364F6DC-SegmentedRaftLogWorker: flushIndex: setUnconditionally 0 -> -1
2023-08-29 18:52:51,988 [8e764df9-21b5-444f-852f-dd54d92b5fac-groupManagement] INFO  segmented.SegmentedRaftLogWorker (SegmentedRaftLogWorker.java:lambda$new$0(135)) - 8e764df9-21b5-444f-852f-dd54d92b5fac@group-7E53C364F6DC-SegmentedRaftLogWorker: safeCacheEvictIndex: setUnconditionally 0 -> -1
2023-08-29 18:52:51,990 [7f4449f5-5363-4e2a-a958-eb2e78800a81-groupManagement] INFO  server.RaftServerConfigKeys (ConfUtils.java:logGet(46)) - raft.server.log.unsafe-flush.enabled = false (default)
2023-08-29 18:52:51,990 [7f4449f5-5363-4e2a-a958-eb2e78800a81-groupManagement] INFO  server.RaftServerConfigKeys (ConfUtils.java:logGet(46)) - raft.server.log.async-flush.enabled = false (default)
2023-08-29 18:52:51,990 [7f4449f5-5363-4e2a-a958-eb2e78800a81-groupManagement] INFO  server.RaftServerConfigKeys (ConfUtils.java:logGet(46)) - raft.server.log.statemachine.data.caching.enabled = true (custom)
2023-08-29 18:52:51,990 [7f4449f5-5363-4e2a-a958-eb2e78800a81-groupManagement] INFO  segmented.SegmentedRaftLogWorker (SegmentedRaftLogWorker.java:lambda$new$0(135)) - 7f4449f5-5363-4e2a-a958-eb2e78800a81@group-5E2011258112-SegmentedRaftLogWorker: flushIndex: setUnconditionally 0 -> -1
2023-08-29 18:52:51,990 [7f4449f5-5363-4e2a-a958-eb2e78800a81-groupManagement] INFO  segmented.SegmentedRaftLogWorker (SegmentedRaftLogWorker.java:lambda$new$0(135)) - 7f4449f5-5363-4e2a-a958-eb2e78800a81@group-5E2011258112-SegmentedRaftLogWorker: safeCacheEvictIndex: setUnconditionally 0 -> -1
2023-08-29 18:52:51,991 [8e764df9-21b5-444f-852f-dd54d92b5fac-groupManagement] INFO  server.RaftServer$Division (RaftServerImpl.java:start(342)) - 8e764df9-21b5-444f-852f-dd54d92b5fac@group-7E53C364F6DC: start as a follower, conf=-1: peers:[8e764df9-21b5-444f-852f-dd54d92b5fac|rpc:10.1.0.239:15032|admin:10.1.0.239:15031|client:10.1.0.239:15030|dataStream:10.1.0.239:15033|priority:1|startupRole:FOLLOWER]|listeners:[], old=null
2023-08-29 18:52:51,991 [8e764df9-21b5-444f-852f-dd54d92b5fac-groupManagement] INFO  server.RaftServer$Division (RaftServerImpl.java:setRole(329)) - 8e764df9-21b5-444f-852f-dd54d92b5fac@group-7E53C364F6DC: changes role from      null to FOLLOWER at term 0 for startAsFollower
2023-08-29 18:52:51,991 [8e764df9-21b5-444f-852f-dd54d92b5fac-groupManagement] INFO  impl.RoleInfo (RoleInfo.java:updateAndGet(139)) - 8e764df9-21b5-444f-852f-dd54d92b5fac: start 8e764df9-21b5-444f-852f-dd54d92b5fac@group-7E53C364F6DC-FollowerState
2023-08-29 18:52:51,991 [8e764df9-21b5-444f-852f-dd54d92b5fac-groupManagement] INFO  util.JmxRegister (JmxRegister.java:tryRegister(44)) - Successfully registered JMX Bean with object name Ratis:service=RaftServer,group=group-7E53C364F6DC,id=8e764df9-21b5-444f-852f-dd54d92b5fac
2023-08-29 18:52:51,991 [8e764df9-21b5-444f-852f-dd54d92b5fac-groupManagement] INFO  server.RaftServerConfigKeys (ConfUtils.java:logGet(46)) - raft.server.snapshot.auto.trigger.enabled = true (custom)
2023-08-29 18:52:51,991 [8e764df9-21b5-444f-852f-dd54d92b5fac-groupManagement] INFO  server.RaftServerConfigKeys (ConfUtils.java:logGet(46)) - raft.server.snapshot.auto.trigger.threshold = 10000 (custom)
2023-08-29 18:52:51,991 [8e764df9-21b5-444f-852f-dd54d92b5fac-groupManagement] INFO  server.RaftServerConfigKeys (ConfUtils.java:logGet(46)) - raft.server.snapshot.retention.file.num = 5 (custom)
2023-08-29 18:52:51,991 [8e764df9-21b5-444f-852f-dd54d92b5fac-groupManagement] INFO  server.RaftServerConfigKeys (ConfUtils.java:logGet(46)) - raft.server.log.purge.upto.snapshot.index = false (default)
2023-08-29 18:52:51,992 [8e764df9-21b5-444f-852f-dd54d92b5fac@group-7E53C364F6DC-FollowerState] INFO  server.RaftServerConfigKeys (ConfUtils.java:logFallback(53)) - raft.server.rpc.first-election.timeout.min = 5s (fallback to raft.server.rpc.timeout.min)
2023-08-29 18:52:51,992 [8e764df9-21b5-444f-852f-dd54d92b5fac@group-7E53C364F6DC-FollowerState] INFO  server.RaftServerConfigKeys (ConfUtils.java:logFallback(53)) - raft.server.rpc.first-election.timeout.max = 5200ms (fallback to raft.server.rpc.timeout.max)
2023-08-29 18:52:51,992 [PipelineCommandHandlerThread-0] INFO  ratis.XceiverServerRatis (XceiverServerRatis.java:addGroup(804)) - Created group PipelineID=80c10e0f-f52f-48ee-9066-7e53c364f6dc
2023-08-29 18:52:51,992 [PipelineCommandHandlerThread-0] INFO  commandhandler.CreatePipelineCommandHandler (CreatePipelineCommandHandler.java:lambda$handle$2(124)) - Created Pipeline RATIS ONE PipelineID=80c10e0f-f52f-48ee-9066-7e53c364f6dc.
2023-08-29 18:52:51,992 [7f4449f5-5363-4e2a-a958-eb2e78800a81-groupManagement] INFO  server.RaftServer$Division (RaftServerImpl.java:start(342)) - 7f4449f5-5363-4e2a-a958-eb2e78800a81@group-5E2011258112: start as a follower, conf=-1: peers:[7f4449f5-5363-4e2a-a958-eb2e78800a81|rpc:10.1.0.239:15023|admin:10.1.0.239:15022|client:10.1.0.239:15021|dataStream:10.1.0.239:15024|priority:0|startupRole:FOLLOWER, 8e764df9-21b5-444f-852f-dd54d92b5fac|rpc:10.1.0.239:15032|admin:10.1.0.239:15031|client:10.1.0.239:15030|dataStream:10.1.0.239:15033|priority:1|startupRole:FOLLOWER, 97ee00cc-8878-42b3-8e3f-b8716daccca4|rpc:10.1.0.239:15014|admin:10.1.0.239:15013|client:10.1.0.239:15012|dataStream:10.1.0.239:15015|priority:0|startupRole:FOLLOWER]|listeners:[], old=null
2023-08-29 18:52:51,993 [7f4449f5-5363-4e2a-a958-eb2e78800a81-groupManagement] INFO  server.RaftServer$Division (RaftServerImpl.java:setRole(329)) - 7f4449f5-5363-4e2a-a958-eb2e78800a81@group-5E2011258112: changes role from      null to FOLLOWER at term 0 for startAsFollower
2023-08-29 18:52:51,993 [7f4449f5-5363-4e2a-a958-eb2e78800a81-groupManagement] INFO  impl.RoleInfo (RoleInfo.java:updateAndGet(139)) - 7f4449f5-5363-4e2a-a958-eb2e78800a81: start 7f4449f5-5363-4e2a-a958-eb2e78800a81@group-5E2011258112-FollowerState
2023-08-29 18:52:51,993 [PipelineCommandHandlerThread-0] INFO  server.RaftServer (RaftServerProxy.java:addNew(98)) - 8e764df9-21b5-444f-852f-dd54d92b5fac: addNew group-6741276350F2:[7f4449f5-5363-4e2a-a958-eb2e78800a81|rpc:10.1.0.239:15023|admin:10.1.0.239:15022|client:10.1.0.239:15021|dataStream:10.1.0.239:15024|priority:1|startupRole:FOLLOWER, 8e764df9-21b5-444f-852f-dd54d92b5fac|rpc:10.1.0.239:15032|admin:10.1.0.239:15031|client:10.1.0.239:15030|dataStream:10.1.0.239:15033|priority:0|startupRole:FOLLOWER, 97ee00cc-8878-42b3-8e3f-b8716daccca4|rpc:10.1.0.239:15014|admin:10.1.0.239:15013|client:10.1.0.239:15012|dataStream:10.1.0.239:15015|priority:0|startupRole:FOLLOWER] returns group-6741276350F2:java.util.concurrent.CompletableFuture@e72cbe3[Not completed]
2023-08-29 18:52:51,993 [7f4449f5-5363-4e2a-a958-eb2e78800a81@group-5E2011258112-FollowerState] INFO  server.RaftServerConfigKeys (ConfUtils.java:logFallback(53)) - raft.server.rpc.first-election.timeout.min = 5s (fallback to raft.server.rpc.timeout.min)
2023-08-29 18:52:51,993 [7f4449f5-5363-4e2a-a958-eb2e78800a81-groupManagement] INFO  util.JmxRegister (JmxRegister.java:tryRegister(44)) - Successfully registered JMX Bean with object name Ratis:service=RaftServer,group=group-5E2011258112,id=7f4449f5-5363-4e2a-a958-eb2e78800a81
2023-08-29 18:52:51,998 [7f4449f5-5363-4e2a-a958-eb2e78800a81-groupManagement] INFO  server.RaftServerConfigKeys (ConfUtils.java:logGet(46)) - raft.server.snapshot.auto.trigger.enabled = true (custom)
2023-08-29 18:52:51,998 [7f4449f5-5363-4e2a-a958-eb2e78800a81-groupManagement] INFO  server.RaftServerConfigKeys (ConfUtils.java:logGet(46)) - raft.server.snapshot.auto.trigger.threshold = 10000 (custom)
2023-08-29 18:52:51,998 [7f4449f5-5363-4e2a-a958-eb2e78800a81-groupManagement] INFO  server.RaftServerConfigKeys (ConfUtils.java:logGet(46)) - raft.server.snapshot.retention.file.num = 5 (custom)
2023-08-29 18:52:51,998 [7f4449f5-5363-4e2a-a958-eb2e78800a81-groupManagement] INFO  server.RaftServerConfigKeys (ConfUtils.java:logGet(46)) - raft.server.log.purge.upto.snapshot.index = false (default)
2023-08-29 18:52:52,000 [PipelineCommandHandlerThread-0] INFO  ratis.XceiverServerRatis (XceiverServerRatis.java:addGroup(804)) - Created group PipelineID=cbc1ad54-7414-490a-8dff-5e2011258112
2023-08-29 18:52:52,005 [7f4449f5-5363-4e2a-a958-eb2e78800a81@group-5E2011258112-FollowerState] INFO  server.RaftServerConfigKeys (ConfUtils.java:logFallback(53)) - raft.server.rpc.first-election.timeout.max = 5200ms (fallback to raft.server.rpc.timeout.max)
2023-08-29 18:52:52,001 [8e764df9-21b5-444f-852f-dd54d92b5fac-groupManagement] INFO  server.RaftServer$Division (RaftServerImpl.java:<init>(198)) - 8e764df9-21b5-444f-852f-dd54d92b5fac: new RaftServerImpl for group-6741276350F2:[7f4449f5-5363-4e2a-a958-eb2e78800a81|rpc:10.1.0.239:15023|admin:10.1.0.239:15022|client:10.1.0.239:15021|dataStream:10.1.0.239:15024|priority:1|startupRole:FOLLOWER, 8e764df9-21b5-444f-852f-dd54d92b5fac|rpc:10.1.0.239:15032|admin:10.1.0.239:15031|client:10.1.0.239:15030|dataStream:10.1.0.239:15033|priority:0|startupRole:FOLLOWER, 97ee00cc-8878-42b3-8e3f-b8716daccca4|rpc:10.1.0.239:15014|admin:10.1.0.239:15013|client:10.1.0.239:15012|dataStream:10.1.0.239:15015|priority:0|startupRole:FOLLOWER] with ContainerStateMachine:uninitialized
2023-08-29 18:52:52,005 [8e764df9-21b5-444f-852f-dd54d92b5fac-groupManagement] INFO  server.RaftServerConfigKeys (ConfUtils.java:logGet(46)) - raft.server.rpc.timeout.min = 5s (custom)
2023-08-29 18:52:52,005 [8e764df9-21b5-444f-852f-dd54d92b5fac-groupManagement] INFO  server.RaftServerConfigKeys (ConfUtils.java:logGet(46)) - raft.server.rpc.timeout.max = 5200ms (custom)
2023-08-29 18:52:52,005 [8e764df9-21b5-444f-852f-dd54d92b5fac-groupManagement] INFO  server.RaftServerConfigKeys (ConfUtils.java:logGet(46)) - raft.server.rpc.sleep.time = 25ms (default)
2023-08-29 18:52:52,005 [8e764df9-21b5-444f-852f-dd54d92b5fac-groupManagement] INFO  server.RaftServerConfigKeys (ConfUtils.java:logGet(46)) - raft.server.rpc.slowness.timeout = 300s (custom)
2023-08-29 18:52:52,005 [8e764df9-21b5-444f-852f-dd54d92b5fac-groupManagement] INFO  server.RaftServerConfigKeys (ConfUtils.java:logGet(46)) - raft.server.leaderelection.leader.step-down.wait-time = 10s (default)
2023-08-29 18:52:52,005 [8e764df9-21b5-444f-852f-dd54d92b5fac-groupManagement] INFO  server.RaftServerConfigKeys (ConfUtils.java:logGet(46)) - raft.server.sleep.deviation.threshold = 300ms (default)
2023-08-29 18:52:52,006 [8e764df9-21b5-444f-852f-dd54d92b5fac-groupManagement] INFO  server.RaftServer$Division (ServerState.java:<init>(120)) - 8e764df9-21b5-444f-852f-dd54d92b5fac@group-6741276350F2: ConfigurationManager, init=-1: peers:[7f4449f5-5363-4e2a-a958-eb2e78800a81|rpc:10.1.0.239:15023|admin:10.1.0.239:15022|client:10.1.0.239:15021|dataStream:10.1.0.239:15024|priority:1|startupRole:FOLLOWER, 8e764df9-21b5-444f-852f-dd54d92b5fac|rpc:10.1.0.239:15032|admin:10.1.0.239:15031|client:10.1.0.239:15030|dataStream:10.1.0.239:15033|priority:0|startupRole:FOLLOWER, 97ee00cc-8878-42b3-8e3f-b8716daccca4|rpc:10.1.0.239:15014|admin:10.1.0.239:15013|client:10.1.0.239:15012|dataStream:10.1.0.239:15015|priority:0|startupRole:FOLLOWER]|listeners:[], old=null, confs=<EMPTY_MAP>
2023-08-29 18:52:52,006 [8e764df9-21b5-444f-852f-dd54d92b5fac-groupManagement] INFO  server.RaftServerConfigKeys (ConfUtils.java:logGet(46)) - raft.server.storage.dir = [/home/runner/work/ozone/ozone/hadoop-ozone/integration-test/target/test-dir/MiniOzoneClusterImpl-f4f7c4b3-a6e6-4e2b-8957-3aa4c0e420f5/datanode-2/data/ratis] (custom)
2023-08-29 18:52:52,006 [8e764df9-21b5-444f-852f-dd54d92b5fac-groupManagement] INFO  server.RaftServerConfigKeys (ConfUtils.java:logGet(46)) - raft.server.log.corruption.policy = EXCEPTION (default)
2023-08-29 18:52:52,006 [8e764df9-21b5-444f-852f-dd54d92b5fac-groupManagement] INFO  server.RaftServerConfigKeys (ConfUtils.java:logGet(46)) - raft.server.storage.free-space.min = 0MB (=0) (default)
2023-08-29 18:52:52,006 [8e764df9-21b5-444f-852f-dd54d92b5fac-groupManagement] INFO  server.RaftServerConfigKeys (ConfUtils.java:logGet(46)) - raft.server.notification.no-leader.timeout = 300s (custom)
2023-08-29 18:52:52,006 [8e764df9-21b5-444f-852f-dd54d92b5fac-groupManagement] INFO  server.RaftServerConfigKeys (ConfUtils.java:logGet(46)) - raft.server.read.timeout = 10s (default)
2023-08-29 18:52:52,006 [8e764df9-21b5-444f-852f-dd54d92b5fac-groupManagement] INFO  server.RaftServerConfigKeys (ConfUtils.java:logGet(46)) - raft.server.retrycache.expirytime = 600000ms (custom)
2023-08-29 18:52:52,006 [8e764df9-21b5-444f-852f-dd54d92b5fac-groupManagement] INFO  server.RaftServerConfigKeys (ConfUtils.java:logGet(46)) - raft.server.retrycache.statistics.expirytime = 100μs (default)
2023-08-29 18:52:52,006 [8e764df9-21b5-444f-852f-dd54d92b5fac-groupManagement] INFO  server.RaftServerConfigKeys (ConfUtils.java:logGet(46)) - raft.server.read.option = DEFAULT (default)
2023-08-29 18:52:52,009 [8e764df9-21b5-444f-852f-dd54d92b5fac-groupManagement] INFO  server.RaftServerConfigKeys (ConfUtils.java:logGet(46)) - raft.server.rpc.request.timeout = 60s (custom)
2023-08-29 18:52:52,009 [8e764df9-21b5-444f-852f-dd54d92b5fac-groupManagement] INFO  server.RaftServerConfigKeys (ConfUtils.java:logGet(46)) - raft.server.log.appender.install.snapshot.enabled = false (custom)
2023-08-29 18:52:52,009 [8e764df9-21b5-444f-852f-dd54d92b5fac-groupManagement] INFO  server.RaftServerConfigKeys (ConfUtils.java:logGet(46)) - raft.server.threadpool.server.cached = true (default)
2023-08-29 18:52:52,009 [8e764df9-21b5-444f-852f-dd54d92b5fac-groupManagement] INFO  server.RaftServerConfigKeys (ConfUtils.java:logGet(46)) - raft.server.threadpool.server.size = 0 (default)
2023-08-29 18:52:52,009 [8e764df9-21b5-444f-852f-dd54d92b5fac-groupManagement] INFO  server.RaftServerConfigKeys (ConfUtils.java:logGet(46)) - raft.server.threadpool.client.cached = true (default)
2023-08-29 18:52:52,009 [8e764df9-21b5-444f-852f-dd54d92b5fac-groupManagement] INFO  server.RaftServerConfigKeys (ConfUtils.java:logGet(46)) - raft.server.threadpool.client.size = 0 (default)
2023-08-29 18:52:52,009 [8e764df9-21b5-444f-852f-dd54d92b5fac-groupManagement] INFO  storage.RaftStorageDirectory (RaftStorageDirectoryImpl.java:analyzeStorage(137)) - The storage directory /home/runner/work/ozone/ozone/hadoop-ozone/integration-test/target/test-dir/MiniOzoneClusterImpl-f4f7c4b3-a6e6-4e2b-8957-3aa4c0e420f5/datanode-2/data/ratis/ca1cac7b-847d-4473-b891-6741276350f2 does not exist. Creating ...
2023-08-29 18:52:52,014 [8e764df9-21b5-444f-852f-dd54d92b5fac-groupManagement] INFO  storage.RaftStorageDirectory (RaftStorageDirectoryImpl.java:tryLock(231)) - Lock on /home/runner/work/ozone/ozone/hadoop-ozone/integration-test/target/test-dir/MiniOzoneClusterImpl-f4f7c4b3-a6e6-4e2b-8957-3aa4c0e420f5/datanode-2/data/ratis/ca1cac7b-847d-4473-b891-6741276350f2/in_use.lock acquired by nodename 61099@fv-az225-157
2023-08-29 18:52:52,016 [8e764df9-21b5-444f-852f-dd54d92b5fac-groupManagement] INFO  storage.RaftStorage (RaftStorageImpl.java:format(96)) - Storage directory /home/runner/work/ozone/ozone/hadoop-ozone/integration-test/target/test-dir/MiniOzoneClusterImpl-f4f7c4b3-a6e6-4e2b-8957-3aa4c0e420f5/datanode-2/data/ratis/ca1cac7b-847d-4473-b891-6741276350f2 has been successfully formatted.
2023-08-29 18:52:52,022 [EventQueue-OpenPipelineForHealthyPipelineSafeModeRule] INFO  safemode.SCMSafeModeManager (HealthyPipelineSafeModeRule.java:process(137)) - SCM in safe mode. Healthy pipelines reported count is 0, required healthy pipeline reported count is 1
2023-08-29 18:52:52,027 [8e764df9-21b5-444f-852f-dd54d92b5fac-groupManagement] INFO  ratis.ContainerStateMachine (ContainerStateMachine.java:loadSnapshot(262)) - group-6741276350F2: The snapshot info is null. Setting the last applied indexto:(t:0, i:~)
2023-08-29 18:52:52,027 [8e764df9-21b5-444f-852f-dd54d92b5fac-groupManagement] INFO  server.RaftServerConfigKeys (ConfUtils.java:logGet(46)) - raft.server.log.use.memory = false (default)
2023-08-29 18:52:52,027 [8e764df9-21b5-444f-852f-dd54d92b5fac-groupManagement] INFO  server.RaftServerConfigKeys (ConfUtils.java:logGet(46)) - raft.server.log.purge.gap = 1000000 (custom)
2023-08-29 18:52:52,027 [8e764df9-21b5-444f-852f-dd54d92b5fac-groupManagement] INFO  server.RaftServerConfigKeys (ConfUtils.java:logGet(46)) - raft.server.log.appender.buffer.byte-limit = 33554432 (custom)
2023-08-29 18:52:52,027 [8e764df9-21b5-444f-852f-dd54d92b5fac-groupManagement] INFO  server.RaftServerConfigKeys (ConfUtils.java:logGet(46)) - raft.server.log.statemachine.data.read.timeout = 1000ms (default)
2023-08-29 18:52:52,027 [8e764df9-21b5-444f-852f-dd54d92b5fac-groupManagement] INFO  server.RaftServerConfigKeys (ConfUtils.java:logGet(46)) - raft.server.log.purge.preservation.log.num = 0 (default)
2023-08-29 18:52:52,027 [8e764df9-21b5-444f-852f-dd54d92b5fac-groupManagement] INFO  server.RaftServerConfigKeys (ConfUtils.java:logGet(46)) - raft.server.log.segment.size.max = 1048576 (custom)
2023-08-29 18:52:52,028 [8e764df9-21b5-444f-852f-dd54d92b5fac-groupManagement] INFO  server.RaftServerConfigKeys (ConfUtils.java:logGet(46)) - raft.server.log.segment.cache.num.max = 2 (custom)
2023-08-29 18:52:52,028 [8e764df9-21b5-444f-852f-dd54d92b5fac-groupManagement] INFO  server.RaftServerConfigKeys (ConfUtils.java:logGet(46)) - raft.server.log.segment.cache.size.max = 200MB (=209715200) (default)
2023-08-29 18:52:52,028 [8e764df9-21b5-444f-852f-dd54d92b5fac-groupManagement] INFO  server.RaftServerConfigKeys (ConfUtils.java:logGet(46)) - raft.server.log.appender.buffer.byte-limit = 33554432 (custom)
2023-08-29 18:52:52,029 [8e764df9-21b5-444f-852f-dd54d92b5fac-groupManagement] INFO  segmented.SegmentedRaftLogWorker (SegmentedRaftLogWorker.java:<init>(188)) - new 8e764df9-21b5-444f-852f-dd54d92b5fac@group-6741276350F2-SegmentedRaftLogWorker for RaftStorageImpl:Storage Directory /home/runner/work/ozone/ozone/hadoop-ozone/integration-test/target/test-dir/MiniOzoneClusterImpl-f4f7c4b3-a6e6-4e2b-8957-3aa4c0e420f5/datanode-2/data/ratis/ca1cac7b-847d-4473-b891-6741276350f2
2023-08-29 18:52:52,030 [8e764df9-21b5-444f-852f-dd54d92b5fac-groupManagement] INFO  server.RaftServerConfigKeys (ConfUtils.java:logGet(46)) - raft.server.log.queue.byte-limit = 4294967296 (custom)
2023-08-29 18:52:52,030 [8e764df9-21b5-444f-852f-dd54d92b5fac-groupManagement] INFO  server.RaftServerConfigKeys (ConfUtils.java:logGet(46)) - raft.server.log.queue.element-limit = 1024 (custom)
2023-08-29 18:52:52,030 [8e764df9-21b5-444f-852f-dd54d92b5fac-groupManagement] INFO  server.RaftServerConfigKeys (ConfUtils.java:logGet(46)) - raft.server.log.segment.size.max = 1048576 (custom)
2023-08-29 18:52:52,030 [8e764df9-21b5-444f-852f-dd54d92b5fac-groupManagement] INFO  server.RaftServerConfigKeys (ConfUtils.java:logGet(46)) - raft.server.log.preallocated.size = 16384 (custom)
2023-08-29 18:52:52,030 [8e764df9-21b5-444f-852f-dd54d92b5fac-groupManagement] INFO  server.RaftServerConfigKeys (ConfUtils.java:logGet(46)) - raft.server.log.force.sync.num = 128 (default)
2023-08-29 18:52:52,030 [8e764df9-21b5-444f-852f-dd54d92b5fac-groupManagement] INFO  server.RaftServerConfigKeys (ConfUtils.java:logGet(46)) - raft.server.log.statemachine.data.sync = true (default)
2023-08-29 18:52:52,030 [8e764df9-21b5-444f-852f-dd54d92b5fac-groupManagement] INFO  server.RaftServerConfigKeys (ConfUtils.java:logGet(46)) - raft.server.log.statemachine.data.sync.timeout = 10s (default)
2023-08-29 18:52:52,030 [8e764df9-21b5-444f-852f-dd54d92b5fac-groupManagement] INFO  server.RaftServerConfigKeys (ConfUtils.java:logGet(46)) - raft.server.log.statemachine.data.sync.timeout.retry = -1 (default)
2023-08-29 18:52:52,031 [8e764df9-21b5-444f-852f-dd54d92b5fac-groupManagement] INFO  server.RaftServerConfigKeys (ConfUtils.java:logGet(46)) - raft.server.log.write.buffer.size = 1048576 (custom)
2023-08-29 18:52:52,031 [8e764df9-21b5-444f-852f-dd54d92b5fac-groupManagement] INFO  server.RaftServerConfigKeys (ConfUtils.java:logGet(46)) - raft.server.log.appender.buffer.byte-limit = 33554432 (custom)
2023-08-29 18:52:52,038 [8e764df9-21b5-444f-852f-dd54d92b5fac-groupManagement] INFO  server.RaftServerConfigKeys (ConfUtils.java:logGet(46)) - raft.server.log.unsafe-flush.enabled = false (default)
2023-08-29 18:52:52,038 [8e764df9-21b5-444f-852f-dd54d92b5fac-groupManagement] INFO  server.RaftServerConfigKeys (ConfUtils.java:logGet(46)) - raft.server.log.async-flush.enabled = false (default)
2023-08-29 18:52:52,038 [8e764df9-21b5-444f-852f-dd54d92b5fac-groupManagement] INFO  server.RaftServerConfigKeys (ConfUtils.java:logGet(46)) - raft.server.log.statemachine.data.caching.enabled = true (custom)
2023-08-29 18:52:52,039 [8e764df9-21b5-444f-852f-dd54d92b5fac-groupManagement] INFO  segmented.SegmentedRaftLogWorker (SegmentedRaftLogWorker.java:lambda$new$0(135)) - 8e764df9-21b5-444f-852f-dd54d92b5fac@group-6741276350F2-SegmentedRaftLogWorker: flushIndex: setUnconditionally 0 -> -1
2023-08-29 18:52:52,039 [8e764df9-21b5-444f-852f-dd54d92b5fac-groupManagement] INFO  segmented.SegmentedRaftLogWorker (SegmentedRaftLogWorker.java:lambda$new$0(135)) - 8e764df9-21b5-444f-852f-dd54d92b5fac@group-6741276350F2-SegmentedRaftLogWorker: safeCacheEvictIndex: setUnconditionally 0 -> -1
2023-08-29 18:52:52,041 [8e764df9-21b5-444f-852f-dd54d92b5fac-groupManagement] INFO  server.RaftServer$Division (RaftServerImpl.java:start(342)) - 8e764df9-21b5-444f-852f-dd54d92b5fac@group-6741276350F2: start as a follower, conf=-1: peers:[7f4449f5-5363-4e2a-a958-eb2e78800a81|rpc:10.1.0.239:15023|admin:10.1.0.239:15022|client:10.1.0.239:15021|dataStream:10.1.0.239:15024|priority:1|startupRole:FOLLOWER, 8e764df9-21b5-444f-852f-dd54d92b5fac|rpc:10.1.0.239:15032|admin:10.1.0.239:15031|client:10.1.0.239:15030|dataStream:10.1.0.239:15033|priority:0|startupRole:FOLLOWER, 97ee00cc-8878-42b3-8e3f-b8716daccca4|rpc:10.1.0.239:15014|admin:10.1.0.239:15013|client:10.1.0.239:15012|dataStream:10.1.0.239:15015|priority:0|startupRole:FOLLOWER]|listeners:[], old=null
2023-08-29 18:52:52,041 [8e764df9-21b5-444f-852f-dd54d92b5fac-groupManagement] INFO  server.RaftServer$Division (RaftServerImpl.java:setRole(329)) - 8e764df9-21b5-444f-852f-dd54d92b5fac@group-6741276350F2: changes role from      null to FOLLOWER at term 0 for startAsFollower
2023-08-29 18:52:52,041 [8e764df9-21b5-444f-852f-dd54d92b5fac-groupManagement] INFO  impl.RoleInfo (RoleInfo.java:updateAndGet(139)) - 8e764df9-21b5-444f-852f-dd54d92b5fac: start 8e764df9-21b5-444f-852f-dd54d92b5fac@group-6741276350F2-FollowerState
2023-08-29 18:52:52,041 [8e764df9-21b5-444f-852f-dd54d92b5fac-groupManagement] INFO  util.JmxRegister (JmxRegister.java:tryRegister(44)) - Successfully registered JMX Bean with object name Ratis:service=RaftServer,group=group-6741276350F2,id=8e764df9-21b5-444f-852f-dd54d92b5fac
2023-08-29 18:52:52,042 [8e764df9-21b5-444f-852f-dd54d92b5fac-groupManagement] INFO  server.RaftServerConfigKeys (ConfUtils.java:logGet(46)) - raft.server.snapshot.auto.trigger.enabled = true (custom)
2023-08-29 18:52:52,042 [8e764df9-21b5-444f-852f-dd54d92b5fac-groupManagement] INFO  server.RaftServerConfigKeys (ConfUtils.java:logGet(46)) - raft.server.snapshot.auto.trigger.threshold = 10000 (custom)
2023-08-29 18:52:52,042 [8e764df9-21b5-444f-852f-dd54d92b5fac-groupManagement] INFO  server.RaftServerConfigKeys (ConfUtils.java:logGet(46)) - raft.server.snapshot.retention.file.num = 5 (custom)
2023-08-29 18:52:52,042 [8e764df9-21b5-444f-852f-dd54d92b5fac-groupManagement] INFO  server.RaftServerConfigKeys (ConfUtils.java:logGet(46)) - raft.server.log.purge.upto.snapshot.index = false (default)
2023-08-29 18:52:52,042 [8e764df9-21b5-444f-852f-dd54d92b5fac@group-6741276350F2-FollowerState] INFO  server.RaftServerConfigKeys (ConfUtils.java:logFallback(53)) - raft.server.rpc.first-election.timeout.min = 5s (fallback to raft.server.rpc.timeout.min)
2023-08-29 18:52:52,049 [8e764df9-21b5-444f-852f-dd54d92b5fac@group-6741276350F2-FollowerState] INFO  server.RaftServerConfigKeys (ConfUtils.java:logFallback(53)) - raft.server.rpc.first-election.timeout.max = 5200ms (fallback to raft.server.rpc.timeout.max)
2023-08-29 18:52:52,042 [PipelineCommandHandlerThread-0] INFO  ratis.XceiverServerRatis (XceiverServerRatis.java:addGroup(804)) - Created group PipelineID=ca1cac7b-847d-4473-b891-6741276350f2
2023-08-29 18:52:52,101 [grpc-default-executor-1] INFO  server.RaftServer (RaftServerProxy.java:addNew(98)) - 7f4449f5-5363-4e2a-a958-eb2e78800a81: addNew group-6741276350F2:[7f4449f5-5363-4e2a-a958-eb2e78800a81|rpc:10.1.0.239:15023|admin:10.1.0.239:15022|client:10.1.0.239:15021|dataStream:10.1.0.239:15024|priority:1|startupRole:FOLLOWER, 8e764df9-21b5-444f-852f-dd54d92b5fac|rpc:10.1.0.239:15032|admin:10.1.0.239:15031|client:10.1.0.239:15030|dataStream:10.1.0.239:15033|priority:0|startupRole:FOLLOWER, 97ee00cc-8878-42b3-8e3f-b8716daccca4|rpc:10.1.0.239:15014|admin:10.1.0.239:15013|client:10.1.0.239:15012|dataStream:10.1.0.239:15015|priority:0|startupRole:FOLLOWER] returns group-6741276350F2:java.util.concurrent.CompletableFuture@5f7c1f06[Not completed]
2023-08-29 18:52:52,102 [7f4449f5-5363-4e2a-a958-eb2e78800a81-groupManagement] INFO  server.RaftServer$Division (RaftServerImpl.java:<init>(198)) - 7f4449f5-5363-4e2a-a958-eb2e78800a81: new RaftServerImpl for group-6741276350F2:[7f4449f5-5363-4e2a-a958-eb2e78800a81|rpc:10.1.0.239:15023|admin:10.1.0.239:15022|client:10.1.0.239:15021|dataStream:10.1.0.239:15024|priority:1|startupRole:FOLLOWER, 8e764df9-21b5-444f-852f-dd54d92b5fac|rpc:10.1.0.239:15032|admin:10.1.0.239:15031|client:10.1.0.239:15030|dataStream:10.1.0.239:15033|priority:0|startupRole:FOLLOWER, 97ee00cc-8878-42b3-8e3f-b8716daccca4|rpc:10.1.0.239:15014|admin:10.1.0.239:15013|client:10.1.0.239:15012|dataStream:10.1.0.239:15015|priority:0|startupRole:FOLLOWER] with ContainerStateMachine:uninitialized
2023-08-29 18:52:52,104 [7f4449f5-5363-4e2a-a958-eb2e78800a81-groupManagement] INFO  server.RaftServerConfigKeys (ConfUtils.java:logGet(46)) - raft.server.rpc.timeout.min = 5s (custom)
2023-08-29 18:52:52,104 [7f4449f5-5363-4e2a-a958-eb2e78800a81-groupManagement] INFO  server.RaftServerConfigKeys (ConfUtils.java:logGet(46)) - raft.server.rpc.timeout.max = 5200ms (custom)
2023-08-29 18:52:52,104 [7f4449f5-5363-4e2a-a958-eb2e78800a81-groupManagement] INFO  server.RaftServerConfigKeys (ConfUtils.java:logGet(46)) - raft.server.rpc.sleep.time = 25ms (default)
2023-08-29 18:52:52,104 [7f4449f5-5363-4e2a-a958-eb2e78800a81-groupManagement] INFO  server.RaftServerConfigKeys (ConfUtils.java:logGet(46)) - raft.server.rpc.slowness.timeout = 300s (custom)
2023-08-29 18:52:52,105 [7f4449f5-5363-4e2a-a958-eb2e78800a81-groupManagement] INFO  server.RaftServerConfigKeys (ConfUtils.java:logGet(46)) - raft.server.leaderelection.leader.step-down.wait-time = 10s (default)
2023-08-29 18:52:52,105 [7f4449f5-5363-4e2a-a958-eb2e78800a81-groupManagement] INFO  server.RaftServerConfigKeys (ConfUtils.java:logGet(46)) - raft.server.sleep.deviation.threshold = 300ms (default)
2023-08-29 18:52:52,105 [7f4449f5-5363-4e2a-a958-eb2e78800a81-groupManagement] INFO  server.RaftServer$Division (ServerState.java:<init>(120)) - 7f4449f5-5363-4e2a-a958-eb2e78800a81@group-6741276350F2: ConfigurationManager, init=-1: peers:[7f4449f5-5363-4e2a-a958-eb2e78800a81|rpc:10.1.0.239:15023|admin:10.1.0.239:15022|client:10.1.0.239:15021|dataStream:10.1.0.239:15024|priority:1|startupRole:FOLLOWER, 8e764df9-21b5-444f-852f-dd54d92b5fac|rpc:10.1.0.239:15032|admin:10.1.0.239:15031|client:10.1.0.239:15030|dataStream:10.1.0.239:15033|priority:0|startupRole:FOLLOWER, 97ee00cc-8878-42b3-8e3f-b8716daccca4|rpc:10.1.0.239:15014|admin:10.1.0.239:15013|client:10.1.0.239:15012|dataStream:10.1.0.239:15015|priority:0|startupRole:FOLLOWER]|listeners:[], old=null, confs=<EMPTY_MAP>
2023-08-29 18:52:52,105 [7f4449f5-5363-4e2a-a958-eb2e78800a81-groupManagement] INFO  server.RaftServerConfigKeys (ConfUtils.java:logGet(46)) - raft.server.storage.dir = [/home/runner/work/ozone/ozone/hadoop-ozone/integration-test/target/test-dir/MiniOzoneClusterImpl-f4f7c4b3-a6e6-4e2b-8957-3aa4c0e420f5/datanode-1/data/ratis] (custom)
2023-08-29 18:52:52,105 [7f4449f5-5363-4e2a-a958-eb2e78800a81-groupManagement] INFO  server.RaftServerConfigKeys (ConfUtils.java:logGet(46)) - raft.server.log.corruption.policy = EXCEPTION (default)
2023-08-29 18:52:52,105 [7f4449f5-5363-4e2a-a958-eb2e78800a81-groupManagement] INFO  server.RaftServerConfigKeys (ConfUtils.java:logGet(46)) - raft.server.storage.free-space.min = 0MB (=0) (default)
2023-08-29 18:52:52,105 [7f4449f5-5363-4e2a-a958-eb2e78800a81-groupManagement] INFO  server.RaftServerConfigKeys (ConfUtils.java:logGet(46)) - raft.server.notification.no-leader.timeout = 300s (custom)
2023-08-29 18:52:52,105 [7f4449f5-5363-4e2a-a958-eb2e78800a81-groupManagement] INFO  server.RaftServerConfigKeys (ConfUtils.java:logGet(46)) - raft.server.read.timeout = 10s (default)
2023-08-29 18:52:52,105 [7f4449f5-5363-4e2a-a958-eb2e78800a81-groupManagement] INFO  server.RaftServerConfigKeys (ConfUtils.java:logGet(46)) - raft.server.retrycache.expirytime = 600000ms (custom)
2023-08-29 18:52:52,105 [7f4449f5-5363-4e2a-a958-eb2e78800a81-groupManagement] INFO  server.RaftServerConfigKeys (ConfUtils.java:logGet(46)) - raft.server.retrycache.statistics.expirytime = 100μs (default)
2023-08-29 18:52:52,105 [7f4449f5-5363-4e2a-a958-eb2e78800a81-groupManagement] INFO  server.RaftServerConfigKeys (ConfUtils.java:logGet(46)) - raft.server.read.option = DEFAULT (default)
2023-08-29 18:52:52,106 [7f4449f5-5363-4e2a-a958-eb2e78800a81-groupManagement] INFO  server.RaftServerConfigKeys (ConfUtils.java:logGet(46)) - raft.server.rpc.request.timeout = 60s (custom)
2023-08-29 18:52:52,106 [7f4449f5-5363-4e2a-a958-eb2e78800a81-groupManagement] INFO  server.RaftServerConfigKeys (ConfUtils.java:logGet(46)) - raft.server.log.appender.install.snapshot.enabled = false (custom)
2023-08-29 18:52:52,106 [7f4449f5-5363-4e2a-a958-eb2e78800a81-groupManagement] INFO  server.RaftServerConfigKeys (ConfUtils.java:logGet(46)) - raft.server.threadpool.server.cached = true (default)
2023-08-29 18:52:52,107 [7f4449f5-5363-4e2a-a958-eb2e78800a81-groupManagement] INFO  server.RaftServerConfigKeys (ConfUtils.java:logGet(46)) - raft.server.threadpool.server.size = 0 (default)
2023-08-29 18:52:52,107 [7f4449f5-5363-4e2a-a958-eb2e78800a81-groupManagement] INFO  server.RaftServerConfigKeys (ConfUtils.java:logGet(46)) - raft.server.threadpool.client.cached = true (default)
2023-08-29 18:52:52,107 [7f4449f5-5363-4e2a-a958-eb2e78800a81-groupManagement] INFO  server.RaftServerConfigKeys (ConfUtils.java:logGet(46)) - raft.server.threadpool.client.size = 0 (default)
2023-08-29 18:52:52,107 [7f4449f5-5363-4e2a-a958-eb2e78800a81-groupManagement] INFO  storage.RaftStorageDirectory (RaftStorageDirectoryImpl.java:analyzeStorage(137)) - The storage directory /home/runner/work/ozone/ozone/hadoop-ozone/integration-test/target/test-dir/MiniOzoneClusterImpl-f4f7c4b3-a6e6-4e2b-8957-3aa4c0e420f5/datanode-1/data/ratis/ca1cac7b-847d-4473-b891-6741276350f2 does not exist. Creating ...
2023-08-29 18:52:52,112 [7f4449f5-5363-4e2a-a958-eb2e78800a81-groupManagement] INFO  storage.RaftStorageDirectory (RaftStorageDirectoryImpl.java:tryLock(231)) - Lock on /home/runner/work/ozone/ozone/hadoop-ozone/integration-test/target/test-dir/MiniOzoneClusterImpl-f4f7c4b3-a6e6-4e2b-8957-3aa4c0e420f5/datanode-1/data/ratis/ca1cac7b-847d-4473-b891-6741276350f2/in_use.lock acquired by nodename 61099@fv-az225-157
2023-08-29 18:52:52,113 [7f4449f5-5363-4e2a-a958-eb2e78800a81-groupManagement] INFO  storage.RaftStorage (RaftStorageImpl.java:format(96)) - Storage directory /home/runner/work/ozone/ozone/hadoop-ozone/integration-test/target/test-dir/MiniOzoneClusterImpl-f4f7c4b3-a6e6-4e2b-8957-3aa4c0e420f5/datanode-1/data/ratis/ca1cac7b-847d-4473-b891-6741276350f2 has been successfully formatted.
2023-08-29 18:52:52,114 [7f4449f5-5363-4e2a-a958-eb2e78800a81-groupManagement] INFO  ratis.ContainerStateMachine (ContainerStateMachine.java:loadSnapshot(262)) - group-6741276350F2: The snapshot info is null. Setting the last applied indexto:(t:0, i:~)
2023-08-29 18:52:52,114 [7f4449f5-5363-4e2a-a958-eb2e78800a81-groupManagement] INFO  server.RaftServerConfigKeys (ConfUtils.java:logGet(46)) - raft.server.log.use.memory = false (default)
2023-08-29 18:52:52,114 [7f4449f5-5363-4e2a-a958-eb2e78800a81-groupManagement] INFO  server.RaftServerConfigKeys (ConfUtils.java:logGet(46)) - raft.server.log.purge.gap = 1000000 (custom)
2023-08-29 18:52:52,114 [7f4449f5-5363-4e2a-a958-eb2e78800a81-groupManagement] INFO  server.RaftServerConfigKeys (ConfUtils.java:logGet(46)) - raft.server.log.appender.buffer.byte-limit = 33554432 (custom)
2023-08-29 18:52:52,114 [7f4449f5-5363-4e2a-a958-eb2e78800a81-groupManagement] INFO  server.RaftServerConfigKeys (ConfUtils.java:logGet(46)) - raft.server.log.statemachine.data.read.timeout = 1000ms (default)
2023-08-29 18:52:52,115 [7f4449f5-5363-4e2a-a958-eb2e78800a81-groupManagement] INFO  server.RaftServerConfigKeys (ConfUtils.java:logGet(46)) - raft.server.log.purge.preservation.log.num = 0 (default)
2023-08-29 18:52:52,115 [7f4449f5-5363-4e2a-a958-eb2e78800a81-groupManagement] INFO  server.RaftServerConfigKeys (ConfUtils.java:logGet(46)) - raft.server.log.segment.size.max = 1048576 (custom)
2023-08-29 18:52:52,116 [7f4449f5-5363-4e2a-a958-eb2e78800a81-groupManagement] INFO  server.RaftServerConfigKeys (ConfUtils.java:logGet(46)) - raft.server.log.segment.cache.num.max = 2 (custom)
2023-08-29 18:52:52,116 [7f4449f5-5363-4e2a-a958-eb2e78800a81-groupManagement] INFO  server.RaftServerConfigKeys (ConfUtils.java:logGet(46)) - raft.server.log.segment.cache.size.max = 200MB (=209715200) (default)
2023-08-29 18:52:52,116 [7f4449f5-5363-4e2a-a958-eb2e78800a81-groupManagement] INFO  server.RaftServerConfigKeys (ConfUtils.java:logGet(46)) - raft.server.log.appender.buffer.byte-limit = 33554432 (custom)
2023-08-29 18:52:52,116 [7f4449f5-5363-4e2a-a958-eb2e78800a81-groupManagement] INFO  segmented.SegmentedRaftLogWorker (SegmentedRaftLogWorker.java:<init>(188)) - new 7f4449f5-5363-4e2a-a958-eb2e78800a81@group-6741276350F2-SegmentedRaftLogWorker for RaftStorageImpl:Storage Directory /home/runner/work/ozone/ozone/hadoop-ozone/integration-test/target/test-dir/MiniOzoneClusterImpl-f4f7c4b3-a6e6-4e2b-8957-3aa4c0e420f5/datanode-1/data/ratis/ca1cac7b-847d-4473-b891-6741276350f2
2023-08-29 18:52:52,116 [7f4449f5-5363-4e2a-a958-eb2e78800a81-groupManagement] INFO  server.RaftServerConfigKeys (ConfUtils.java:logGet(46)) - raft.server.log.queue.byte-limit = 4294967296 (custom)
2023-08-29 18:52:52,116 [7f4449f5-5363-4e2a-a958-eb2e78800a81-groupManagement] INFO  server.RaftServerConfigKeys (ConfUtils.java:logGet(46)) - raft.server.log.queue.element-limit = 1024 (custom)
2023-08-29 18:52:52,116 [7f4449f5-5363-4e2a-a958-eb2e78800a81-groupManagement] INFO  server.RaftServerConfigKeys (ConfUtils.java:logGet(46)) - raft.server.log.segment.size.max = 1048576 (custom)
2023-08-29 18:52:52,116 [7f4449f5-5363-4e2a-a958-eb2e78800a81-groupManagement] INFO  server.RaftServerConfigKeys (ConfUtils.java:logGet(46)) - raft.server.log.preallocated.size = 16384 (custom)
2023-08-29 18:52:52,117 [7f4449f5-5363-4e2a-a958-eb2e78800a81-groupManagement] INFO  server.RaftServerConfigKeys (ConfUtils.java:logGet(46)) - raft.server.log.force.sync.num = 128 (default)
2023-08-29 18:52:52,117 [7f4449f5-5363-4e2a-a958-eb2e78800a81-groupManagement] INFO  server.RaftServerConfigKeys (ConfUtils.java:logGet(46)) - raft.server.log.statemachine.data.sync = true (default)
2023-08-29 18:52:52,117 [7f4449f5-5363-4e2a-a958-eb2e78800a81-groupManagement] INFO  server.RaftServerConfigKeys (ConfUtils.java:logGet(46)) - raft.server.log.statemachine.data.sync.timeout = 10s (default)
2023-08-29 18:52:52,117 [7f4449f5-5363-4e2a-a958-eb2e78800a81-groupManagement] INFO  server.RaftServerConfigKeys (ConfUtils.java:logGet(46)) - raft.server.log.statemachine.data.sync.timeout.retry = -1 (default)
2023-08-29 18:52:52,129 [7f4449f5-5363-4e2a-a958-eb2e78800a81-groupManagement] INFO  server.RaftServerConfigKeys (ConfUtils.java:logGet(46)) - raft.server.log.write.buffer.size = 1048576 (custom)
2023-08-29 18:52:52,129 [7f4449f5-5363-4e2a-a958-eb2e78800a81-groupManagement] INFO  server.RaftServerConfigKeys (ConfUtils.java:logGet(46)) - raft.server.log.appender.buffer.byte-limit = 33554432 (custom)
2023-08-29 18:52:52,132 [EventQueue-OpenPipelineForHealthyPipelineSafeModeRule] INFO  safemode.SCMSafeModeManager (HealthyPipelineSafeModeRule.java:process(137)) - SCM in safe mode. Healthy pipelines reported count is 0, required healthy pipeline reported count is 1
2023-08-29 18:52:52,146 [7f4449f5-5363-4e2a-a958-eb2e78800a81-groupManagement] INFO  server.RaftServerConfigKeys (ConfUtils.java:logGet(46)) - raft.server.log.unsafe-flush.enabled = false (default)
2023-08-29 18:52:52,158 [7f4449f5-5363-4e2a-a958-eb2e78800a81-groupManagement] INFO  server.RaftServerConfigKeys (ConfUtils.java:logGet(46)) - raft.server.log.async-flush.enabled = false (default)
2023-08-29 18:52:52,158 [7f4449f5-5363-4e2a-a958-eb2e78800a81-groupManagement] INFO  server.RaftServerConfigKeys (ConfUtils.java:logGet(46)) - raft.server.log.statemachine.data.caching.enabled = true (custom)
2023-08-29 18:52:52,158 [7f4449f5-5363-4e2a-a958-eb2e78800a81-groupManagement] INFO  segmented.SegmentedRaftLogWorker (SegmentedRaftLogWorker.java:lambda$new$0(135)) - 7f4449f5-5363-4e2a-a958-eb2e78800a81@group-6741276350F2-SegmentedRaftLogWorker: flushIndex: setUnconditionally 0 -> -1
2023-08-29 18:52:52,158 [7f4449f5-5363-4e2a-a958-eb2e78800a81-groupManagement] INFO  segmented.SegmentedRaftLogWorker (SegmentedRaftLogWorker.java:lambda$new$0(135)) - 7f4449f5-5363-4e2a-a958-eb2e78800a81@group-6741276350F2-SegmentedRaftLogWorker: safeCacheEvictIndex: setUnconditionally 0 -> -1
2023-08-29 18:52:52,168 [7f4449f5-5363-4e2a-a958-eb2e78800a81-groupManagement] INFO  server.RaftServer$Division (RaftServerImpl.java:start(342)) - 7f4449f5-5363-4e2a-a958-eb2e78800a81@group-6741276350F2: start as a follower, conf=-1: peers:[7f4449f5-5363-4e2a-a958-eb2e78800a81|rpc:10.1.0.239:15023|admin:10.1.0.239:15022|client:10.1.0.239:15021|dataStream:10.1.0.239:15024|priority:1|startupRole:FOLLOWER, 8e764df9-21b5-444f-852f-dd54d92b5fac|rpc:10.1.0.239:15032|admin:10.1.0.239:15031|client:10.1.0.239:15030|dataStream:10.1.0.239:15033|priority:0|startupRole:FOLLOWER, 97ee00cc-8878-42b3-8e3f-b8716daccca4|rpc:10.1.0.239:15014|admin:10.1.0.239:15013|client:10.1.0.239:15012|dataStream:10.1.0.239:15015|priority:0|startupRole:FOLLOWER]|listeners:[], old=null
2023-08-29 18:52:52,168 [7f4449f5-5363-4e2a-a958-eb2e78800a81-groupManagement] INFO  server.RaftServer$Division (RaftServerImpl.java:setRole(329)) - 7f4449f5-5363-4e2a-a958-eb2e78800a81@group-6741276350F2: changes role from      null to FOLLOWER at term 0 for startAsFollower
2023-08-29 18:52:52,168 [7f4449f5-5363-4e2a-a958-eb2e78800a81-groupManagement] INFO  impl.RoleInfo (RoleInfo.java:updateAndGet(139)) - 7f4449f5-5363-4e2a-a958-eb2e78800a81: start 7f4449f5-5363-4e2a-a958-eb2e78800a81@group-6741276350F2-FollowerState
2023-08-29 18:52:52,170 [7f4449f5-5363-4e2a-a958-eb2e78800a81-groupManagement] INFO  util.JmxRegister (JmxRegister.java:tryRegister(44)) - Successfully registered JMX Bean with object name Ratis:service=RaftServer,group=group-6741276350F2,id=7f4449f5-5363-4e2a-a958-eb2e78800a81
2023-08-29 18:52:52,170 [7f4449f5-5363-4e2a-a958-eb2e78800a81-groupManagement] INFO  server.RaftServerConfigKeys (ConfUtils.java:logGet(46)) - raft.server.snapshot.auto.trigger.enabled = true (custom)
2023-08-29 18:52:52,170 [7f4449f5-5363-4e2a-a958-eb2e78800a81-groupManagement] INFO  server.RaftServerConfigKeys (ConfUtils.java:logGet(46)) - raft.server.snapshot.auto.trigger.threshold = 10000 (custom)
2023-08-29 18:52:52,170 [7f4449f5-5363-4e2a-a958-eb2e78800a81-groupManagement] INFO  server.RaftServerConfigKeys (ConfUtils.java:logGet(46)) - raft.server.snapshot.retention.file.num = 5 (custom)
2023-08-29 18:52:52,170 [7f4449f5-5363-4e2a-a958-eb2e78800a81-groupManagement] INFO  server.RaftServerConfigKeys (ConfUtils.java:logGet(46)) - raft.server.log.purge.upto.snapshot.index = false (default)
2023-08-29 18:52:52,174 [7f4449f5-5363-4e2a-a958-eb2e78800a81@group-6741276350F2-FollowerState] INFO  server.RaftServerConfigKeys (ConfUtils.java:logFallback(53)) - raft.server.rpc.first-election.timeout.min = 5s (fallback to raft.server.rpc.timeout.min)
2023-08-29 18:52:52,176 [PipelineCommandHandlerThread-0] INFO  commandhandler.CreatePipelineCommandHandler (CreatePipelineCommandHandler.java:lambda$handle$2(124)) - Created Pipeline RATIS THREE PipelineID=cbc1ad54-7414-490a-8dff-5e2011258112.
2023-08-29 18:52:52,180 [PipelineCommandHandlerThread-0] INFO  server.RaftServer (RaftServerProxy.java:addNew(98)) - 97ee00cc-8878-42b3-8e3f-b8716daccca4: addNew group-6741276350F2:[7f4449f5-5363-4e2a-a958-eb2e78800a81|rpc:10.1.0.239:15023|admin:10.1.0.239:15022|client:10.1.0.239:15021|dataStream:10.1.0.239:15024|priority:1|startupRole:FOLLOWER, 8e764df9-21b5-444f-852f-dd54d92b5fac|rpc:10.1.0.239:15032|admin:10.1.0.239:15031|client:10.1.0.239:15030|dataStream:10.1.0.239:15033|priority:0|startupRole:FOLLOWER, 97ee00cc-8878-42b3-8e3f-b8716daccca4|rpc:10.1.0.239:15014|admin:10.1.0.239:15013|client:10.1.0.239:15012|dataStream:10.1.0.239:15015|priority:0|startupRole:FOLLOWER] returns group-6741276350F2:java.util.concurrent.CompletableFuture@5cf25e4f[Not completed]
2023-08-29 18:52:52,181 [97ee00cc-8878-42b3-8e3f-b8716daccca4-groupManagement] INFO  server.RaftServer$Division (RaftServerImpl.java:<init>(198)) - 97ee00cc-8878-42b3-8e3f-b8716daccca4: new RaftServerImpl for group-6741276350F2:[7f4449f5-5363-4e2a-a958-eb2e78800a81|rpc:10.1.0.239:15023|admin:10.1.0.239:15022|client:10.1.0.239:15021|dataStream:10.1.0.239:15024|priority:1|startupRole:FOLLOWER, 8e764df9-21b5-444f-852f-dd54d92b5fac|rpc:10.1.0.239:15032|admin:10.1.0.239:15031|client:10.1.0.239:15030|dataStream:10.1.0.239:15033|priority:0|startupRole:FOLLOWER, 97ee00cc-8878-42b3-8e3f-b8716daccca4|rpc:10.1.0.239:15014|admin:10.1.0.239:15013|client:10.1.0.239:15012|dataStream:10.1.0.239:15015|priority:0|startupRole:FOLLOWER] with ContainerStateMachine:uninitialized
2023-08-29 18:52:52,181 [97ee00cc-8878-42b3-8e3f-b8716daccca4-groupManagement] INFO  server.RaftServerConfigKeys (ConfUtils.java:logGet(46)) - raft.server.rpc.timeout.min = 5s (custom)
2023-08-29 18:52:52,181 [97ee00cc-8878-42b3-8e3f-b8716daccca4-groupManagement] INFO  server.RaftServerConfigKeys (ConfUtils.java:logGet(46)) - raft.server.rpc.timeout.max = 5200ms (custom)
2023-08-29 18:52:52,181 [97ee00cc-8878-42b3-8e3f-b8716daccca4-groupManagement] INFO  server.RaftServerConfigKeys (ConfUtils.java:logGet(46)) - raft.server.rpc.sleep.time = 25ms (default)
2023-08-29 18:52:52,182 [97ee00cc-8878-42b3-8e3f-b8716daccca4-groupManagement] INFO  server.RaftServerConfigKeys (ConfUtils.java:logGet(46)) - raft.server.rpc.slowness.timeout = 300s (custom)
2023-08-29 18:52:52,182 [97ee00cc-8878-42b3-8e3f-b8716daccca4-groupManagement] INFO  server.RaftServerConfigKeys (ConfUtils.java:logGet(46)) - raft.server.leaderelection.leader.step-down.wait-time = 10s (default)
2023-08-29 18:52:52,182 [97ee00cc-8878-42b3-8e3f-b8716daccca4-groupManagement] INFO  server.RaftServerConfigKeys (ConfUtils.java:logGet(46)) - raft.server.sleep.deviation.threshold = 300ms (default)
2023-08-29 18:52:52,182 [97ee00cc-8878-42b3-8e3f-b8716daccca4-groupManagement] INFO  server.RaftServer$Division (ServerState.java:<init>(120)) - 97ee00cc-8878-42b3-8e3f-b8716daccca4@group-6741276350F2: ConfigurationManager, init=-1: peers:[7f4449f5-5363-4e2a-a958-eb2e78800a81|rpc:10.1.0.239:15023|admin:10.1.0.239:15022|client:10.1.0.239:15021|dataStream:10.1.0.239:15024|priority:1|startupRole:FOLLOWER, 8e764df9-21b5-444f-852f-dd54d92b5fac|rpc:10.1.0.239:15032|admin:10.1.0.239:15031|client:10.1.0.239:15030|dataStream:10.1.0.239:15033|priority:0|startupRole:FOLLOWER, 97ee00cc-8878-42b3-8e3f-b8716daccca4|rpc:10.1.0.239:15014|admin:10.1.0.239:15013|client:10.1.0.239:15012|dataStream:10.1.0.239:15015|priority:0|startupRole:FOLLOWER]|listeners:[], old=null, confs=<EMPTY_MAP>
2023-08-29 18:52:52,182 [97ee00cc-8878-42b3-8e3f-b8716daccca4-groupManagement] INFO  server.RaftServerConfigKeys (ConfUtils.java:logGet(46)) - raft.server.storage.dir = [/home/runner/work/ozone/ozone/hadoop-ozone/integration-test/target/test-dir/MiniOzoneClusterImpl-f4f7c4b3-a6e6-4e2b-8957-3aa4c0e420f5/datanode-0/data/ratis] (custom)
2023-08-29 18:52:52,182 [97ee00cc-8878-42b3-8e3f-b8716daccca4-groupManagement] INFO  server.RaftServerConfigKeys (ConfUtils.java:logGet(46)) - raft.server.log.corruption.policy = EXCEPTION (default)
2023-08-29 18:52:52,182 [97ee00cc-8878-42b3-8e3f-b8716daccca4-groupManagement] INFO  server.RaftServerConfigKeys (ConfUtils.java:logGet(46)) - raft.server.storage.free-space.min = 0MB (=0) (default)
2023-08-29 18:52:52,182 [97ee00cc-8878-42b3-8e3f-b8716daccca4-groupManagement] INFO  server.RaftServerConfigKeys (ConfUtils.java:logGet(46)) - raft.server.notification.no-leader.timeout = 300s (custom)
2023-08-29 18:52:52,182 [97ee00cc-8878-42b3-8e3f-b8716daccca4-groupManagement] INFO  server.RaftServerConfigKeys (ConfUtils.java:logGet(46)) - raft.server.read.timeout = 10s (default)
2023-08-29 18:52:52,182 [97ee00cc-8878-42b3-8e3f-b8716daccca4-groupManagement] INFO  server.RaftServerConfigKeys (ConfUtils.java:logGet(46)) - raft.server.retrycache.expirytime = 600000ms (custom)
2023-08-29 18:52:52,182 [97ee00cc-8878-42b3-8e3f-b8716daccca4-groupManagement] INFO  server.RaftServerConfigKeys (ConfUtils.java:logGet(46)) - raft.server.retrycache.statistics.expirytime = 100μs (default)
2023-08-29 18:52:52,182 [97ee00cc-8878-42b3-8e3f-b8716daccca4-groupManagement] INFO  server.RaftServerConfigKeys (ConfUtils.java:logGet(46)) - raft.server.read.option = DEFAULT (default)
2023-08-29 18:52:52,183 [97ee00cc-8878-42b3-8e3f-b8716daccca4-groupManagement] INFO  server.RaftServerConfigKeys (ConfUtils.java:logGet(46)) - raft.server.rpc.request.timeout = 60s (custom)
2023-08-29 18:52:52,183 [97ee00cc-8878-42b3-8e3f-b8716daccca4-groupManagement] INFO  server.RaftServerConfigKeys (ConfUtils.java:logGet(46)) - raft.server.log.appender.install.snapshot.enabled = false (custom)
2023-08-29 18:52:52,183 [97ee00cc-8878-42b3-8e3f-b8716daccca4-groupManagement] INFO  server.RaftServerConfigKeys (ConfUtils.java:logGet(46)) - raft.server.threadpool.server.cached = true (default)
2023-08-29 18:52:52,183 [97ee00cc-8878-42b3-8e3f-b8716daccca4-groupManagement] INFO  server.RaftServerConfigKeys (ConfUtils.java:logGet(46)) - raft.server.threadpool.server.size = 0 (default)
2023-08-29 18:52:52,183 [97ee00cc-8878-42b3-8e3f-b8716daccca4-groupManagement] INFO  server.RaftServerConfigKeys (ConfUtils.java:logGet(46)) - raft.server.threadpool.client.cached = true (default)
2023-08-29 18:52:52,183 [97ee00cc-8878-42b3-8e3f-b8716daccca4-groupManagement] INFO  server.RaftServerConfigKeys (ConfUtils.java:logGet(46)) - raft.server.threadpool.client.size = 0 (default)
2023-08-29 18:52:52,184 [97ee00cc-8878-42b3-8e3f-b8716daccca4-groupManagement] INFO  storage.RaftStorageDirectory (RaftStorageDirectoryImpl.java:analyzeStorage(137)) - The storage directory /home/runner/work/ozone/ozone/hadoop-ozone/integration-test/target/test-dir/MiniOzoneClusterImpl-f4f7c4b3-a6e6-4e2b-8957-3aa4c0e420f5/datanode-0/data/ratis/ca1cac7b-847d-4473-b891-6741276350f2 does not exist. Creating ...
2023-08-29 18:52:52,184 [97ee00cc-8878-42b3-8e3f-b8716daccca4-groupManagement] INFO  storage.RaftStorageDirectory (RaftStorageDirectoryImpl.java:tryLock(231)) - Lock on /home/runner/work/ozone/ozone/hadoop-ozone/integration-test/target/test-dir/MiniOzoneClusterImpl-f4f7c4b3-a6e6-4e2b-8957-3aa4c0e420f5/datanode-0/data/ratis/ca1cac7b-847d-4473-b891-6741276350f2/in_use.lock acquired by nodename 61099@fv-az225-157
2023-08-29 18:52:52,187 [7f4449f5-5363-4e2a-a958-eb2e78800a81@group-6741276350F2-FollowerState] INFO  server.RaftServerConfigKeys (ConfUtils.java:logFallback(53)) - raft.server.rpc.first-election.timeout.max = 5200ms (fallback to raft.server.rpc.timeout.max)
2023-08-29 18:52:52,191 [97ee00cc-8878-42b3-8e3f-b8716daccca4-groupManagement] INFO  storage.RaftStorage (RaftStorageImpl.java:format(96)) - Storage directory /home/runner/work/ozone/ozone/hadoop-ozone/integration-test/target/test-dir/MiniOzoneClusterImpl-f4f7c4b3-a6e6-4e2b-8957-3aa4c0e420f5/datanode-0/data/ratis/ca1cac7b-847d-4473-b891-6741276350f2 has been successfully formatted.
2023-08-29 18:52:52,197 [97ee00cc-8878-42b3-8e3f-b8716daccca4-groupManagement] INFO  ratis.ContainerStateMachine (ContainerStateMachine.java:loadSnapshot(262)) - group-6741276350F2: The snapshot info is null. Setting the last applied indexto:(t:0, i:~)
2023-08-29 18:52:52,197 [97ee00cc-8878-42b3-8e3f-b8716daccca4-groupManagement] INFO  server.RaftServerConfigKeys (ConfUtils.java:logGet(46)) - raft.server.log.use.memory = false (default)
2023-08-29 18:52:52,197 [97ee00cc-8878-42b3-8e3f-b8716daccca4-groupManagement] INFO  server.RaftServerConfigKeys (ConfUtils.java:logGet(46)) - raft.server.log.purge.gap = 1000000 (custom)
2023-08-29 18:52:52,197 [97ee00cc-8878-42b3-8e3f-b8716daccca4-groupManagement] INFO  server.RaftServerConfigKeys (ConfUtils.java:logGet(46)) - raft.server.log.appender.buffer.byte-limit = 33554432 (custom)
2023-08-29 18:52:52,197 [97ee00cc-8878-42b3-8e3f-b8716daccca4-groupManagement] INFO  server.RaftServerConfigKeys (ConfUtils.java:logGet(46)) - raft.server.log.statemachine.data.read.timeout = 1000ms (default)
2023-08-29 18:52:52,197 [97ee00cc-8878-42b3-8e3f-b8716daccca4-groupManagement] INFO  server.RaftServerConfigKeys (ConfUtils.java:logGet(46)) - raft.server.log.purge.preservation.log.num = 0 (default)
2023-08-29 18:52:52,198 [97ee00cc-8878-42b3-8e3f-b8716daccca4-groupManagement] INFO  server.RaftServerConfigKeys (ConfUtils.java:logGet(46)) - raft.server.log.segment.size.max = 1048576 (custom)
2023-08-29 18:52:52,198 [97ee00cc-8878-42b3-8e3f-b8716daccca4-groupManagement] INFO  server.RaftServerConfigKeys (ConfUtils.java:logGet(46)) - raft.server.log.segment.cache.num.max = 2 (custom)
2023-08-29 18:52:52,198 [97ee00cc-8878-42b3-8e3f-b8716daccca4-groupManagement] INFO  server.RaftServerConfigKeys (ConfUtils.java:logGet(46)) - raft.server.log.segment.cache.size.max = 200MB (=209715200) (default)
2023-08-29 18:52:52,198 [97ee00cc-8878-42b3-8e3f-b8716daccca4-groupManagement] INFO  server.RaftServerConfigKeys (ConfUtils.java:logGet(46)) - raft.server.log.appender.buffer.byte-limit = 33554432 (custom)
2023-08-29 18:52:52,198 [97ee00cc-8878-42b3-8e3f-b8716daccca4-groupManagement] INFO  segmented.SegmentedRaftLogWorker (SegmentedRaftLogWorker.java:<init>(188)) - new 97ee00cc-8878-42b3-8e3f-b8716daccca4@group-6741276350F2-SegmentedRaftLogWorker for RaftStorageImpl:Storage Directory /home/runner/work/ozone/ozone/hadoop-ozone/integration-test/target/test-dir/MiniOzoneClusterImpl-f4f7c4b3-a6e6-4e2b-8957-3aa4c0e420f5/datanode-0/data/ratis/ca1cac7b-847d-4473-b891-6741276350f2
2023-08-29 18:52:52,198 [97ee00cc-8878-42b3-8e3f-b8716daccca4-groupManagement] INFO  server.RaftServerConfigKeys (ConfUtils.java:logGet(46)) - raft.server.log.queue.byte-limit = 4294967296 (custom)
2023-08-29 18:52:52,198 [97ee00cc-8878-42b3-8e3f-b8716daccca4-groupManagement] INFO  server.RaftServerConfigKeys (ConfUtils.java:logGet(46)) - raft.server.log.queue.element-limit = 1024 (custom)
2023-08-29 18:52:52,198 [97ee00cc-8878-42b3-8e3f-b8716daccca4-groupManagement] INFO  server.RaftServerConfigKeys (ConfUtils.java:logGet(46)) - raft.server.log.segment.size.max = 1048576 (custom)
2023-08-29 18:52:52,198 [97ee00cc-8878-42b3-8e3f-b8716daccca4-groupManagement] INFO  server.RaftServerConfigKeys (ConfUtils.java:logGet(46)) - raft.server.log.preallocated.size = 16384 (custom)
2023-08-29 18:52:52,198 [97ee00cc-8878-42b3-8e3f-b8716daccca4-groupManagement] INFO  server.RaftServerConfigKeys (ConfUtils.java:logGet(46)) - raft.server.log.force.sync.num = 128 (default)
2023-08-29 18:52:52,198 [97ee00cc-8878-42b3-8e3f-b8716daccca4-groupManagement] INFO  server.RaftServerConfigKeys (ConfUtils.java:logGet(46)) - raft.server.log.statemachine.data.sync = true (default)
2023-08-29 18:52:52,198 [97ee00cc-8878-42b3-8e3f-b8716daccca4-groupManagement] INFO  server.RaftServerConfigKeys (ConfUtils.java:logGet(46)) - raft.server.log.statemachine.data.sync.timeout = 10s (default)
2023-08-29 18:52:52,198 [97ee00cc-8878-42b3-8e3f-b8716daccca4-groupManagement] INFO  server.RaftServerConfigKeys (ConfUtils.java:logGet(46)) - raft.server.log.statemachine.data.sync.timeout.retry = -1 (default)
2023-08-29 18:52:52,199 [97ee00cc-8878-42b3-8e3f-b8716daccca4-groupManagement] INFO  server.RaftServerConfigKeys (ConfUtils.java:logGet(46)) - raft.server.log.write.buffer.size = 1048576 (custom)
2023-08-29 18:52:52,200 [97ee00cc-8878-42b3-8e3f-b8716daccca4-groupManagement] INFO  server.RaftServerConfigKeys (ConfUtils.java:logGet(46)) - raft.server.log.appender.buffer.byte-limit = 33554432 (custom)
2023-08-29 18:52:52,207 [EventQueue-OpenPipelineForHealthyPipelineSafeModeRule] INFO  safemode.SCMSafeModeManager (HealthyPipelineSafeModeRule.java:process(137)) - SCM in safe mode. Healthy pipelines reported count is 0, required healthy pipeline reported count is 1
2023-08-29 18:52:52,208 [97ee00cc-8878-42b3-8e3f-b8716daccca4-groupManagement] INFO  server.RaftServerConfigKeys (ConfUtils.java:logGet(46)) - raft.server.log.unsafe-flush.enabled = false (default)
2023-08-29 18:52:52,208 [97ee00cc-8878-42b3-8e3f-b8716daccca4-groupManagement] INFO  server.RaftServerConfigKeys (ConfUtils.java:logGet(46)) - raft.server.log.async-flush.enabled = false (default)
2023-08-29 18:52:52,208 [97ee00cc-8878-42b3-8e3f-b8716daccca4-groupManagement] INFO  server.RaftServerConfigKeys (ConfUtils.java:logGet(46)) - raft.server.log.statemachine.data.caching.enabled = true (custom)
2023-08-29 18:52:52,208 [97ee00cc-8878-42b3-8e3f-b8716daccca4-groupManagement] INFO  segmented.SegmentedRaftLogWorker (SegmentedRaftLogWorker.java:lambda$new$0(135)) - 97ee00cc-8878-42b3-8e3f-b8716daccca4@group-6741276350F2-SegmentedRaftLogWorker: flushIndex: setUnconditionally 0 -> -1
2023-08-29 18:52:52,208 [97ee00cc-8878-42b3-8e3f-b8716daccca4-groupManagement] INFO  segmented.SegmentedRaftLogWorker (SegmentedRaftLogWorker.java:lambda$new$0(135)) - 97ee00cc-8878-42b3-8e3f-b8716daccca4@group-6741276350F2-SegmentedRaftLogWorker: safeCacheEvictIndex: setUnconditionally 0 -> -1
2023-08-29 18:52:52,208 [97ee00cc-8878-42b3-8e3f-b8716daccca4-groupManagement] INFO  server.RaftServer$Division (RaftServerImpl.java:start(342)) - 97ee00cc-8878-42b3-8e3f-b8716daccca4@group-6741276350F2: start as a follower, conf=-1: peers:[7f4449f5-5363-4e2a-a958-eb2e78800a81|rpc:10.1.0.239:15023|admin:10.1.0.239:15022|client:10.1.0.239:15021|dataStream:10.1.0.239:15024|priority:1|startupRole:FOLLOWER, 8e764df9-21b5-444f-852f-dd54d92b5fac|rpc:10.1.0.239:15032|admin:10.1.0.239:15031|client:10.1.0.239:15030|dataStream:10.1.0.239:15033|priority:0|startupRole:FOLLOWER, 97ee00cc-8878-42b3-8e3f-b8716daccca4|rpc:10.1.0.239:15014|admin:10.1.0.239:15013|client:10.1.0.239:15012|dataStream:10.1.0.239:15015|priority:0|startupRole:FOLLOWER]|listeners:[], old=null
2023-08-29 18:52:52,208 [97ee00cc-8878-42b3-8e3f-b8716daccca4-groupManagement] INFO  server.RaftServer$Division (RaftServerImpl.java:setRole(329)) - 97ee00cc-8878-42b3-8e3f-b8716daccca4@group-6741276350F2: changes role from      null to FOLLOWER at term 0 for startAsFollower
2023-08-29 18:52:52,208 [97ee00cc-8878-42b3-8e3f-b8716daccca4-groupManagement] INFO  impl.RoleInfo (RoleInfo.java:updateAndGet(139)) - 97ee00cc-8878-42b3-8e3f-b8716daccca4: start 97ee00cc-8878-42b3-8e3f-b8716daccca4@group-6741276350F2-FollowerState
2023-08-29 18:52:52,209 [97ee00cc-8878-42b3-8e3f-b8716daccca4-groupManagement] INFO  util.JmxRegister (JmxRegister.java:tryRegister(44)) - Successfully registered JMX Bean with object name Ratis:service=RaftServer,group=group-6741276350F2,id=97ee00cc-8878-42b3-8e3f-b8716daccca4
2023-08-29 18:52:52,209 [97ee00cc-8878-42b3-8e3f-b8716daccca4-groupManagement] INFO  server.RaftServerConfigKeys (ConfUtils.java:logGet(46)) - raft.server.snapshot.auto.trigger.enabled = true (custom)
2023-08-29 18:52:52,209 [97ee00cc-8878-42b3-8e3f-b8716daccca4-groupManagement] INFO  server.RaftServerConfigKeys (ConfUtils.java:logGet(46)) - raft.server.snapshot.auto.trigger.threshold = 10000 (custom)
2023-08-29 18:52:52,209 [97ee00cc-8878-42b3-8e3f-b8716daccca4-groupManagement] INFO  server.RaftServerConfigKeys (ConfUtils.java:logGet(46)) - raft.server.snapshot.retention.file.num = 5 (custom)
2023-08-29 18:52:52,209 [97ee00cc-8878-42b3-8e3f-b8716daccca4-groupManagement] INFO  server.RaftServerConfigKeys (ConfUtils.java:logGet(46)) - raft.server.log.purge.upto.snapshot.index = false (default)
2023-08-29 18:52:52,210 [97ee00cc-8878-42b3-8e3f-b8716daccca4@group-6741276350F2-FollowerState] INFO  server.RaftServerConfigKeys (ConfUtils.java:logFallback(53)) - raft.server.rpc.first-election.timeout.min = 5s (fallback to raft.server.rpc.timeout.min)
2023-08-29 18:52:52,210 [PipelineCommandHandlerThread-0] INFO  ratis.XceiverServerRatis (XceiverServerRatis.java:addGroup(804)) - Created group PipelineID=ca1cac7b-847d-4473-b891-6741276350f2
2023-08-29 18:52:52,221 [97ee00cc-8878-42b3-8e3f-b8716daccca4@group-6741276350F2-FollowerState] INFO  server.RaftServerConfigKeys (ConfUtils.java:logFallback(53)) - raft.server.rpc.first-election.timeout.max = 5200ms (fallback to raft.server.rpc.timeout.max)
2023-08-29 18:52:52,275 [PipelineCommandHandlerThread-0] INFO  commandhandler.CreatePipelineCommandHandler (CreatePipelineCommandHandler.java:lambda$handle$2(124)) - Created Pipeline RATIS THREE PipelineID=ca1cac7b-847d-4473-b891-6741276350f2.
2023-08-29 18:52:52,287 [PipelineCommandHandlerThread-0] INFO  commandhandler.CreatePipelineCommandHandler (CreatePipelineCommandHandler.java:lambda$handle$2(124)) - Created Pipeline RATIS THREE PipelineID=cbc1ad54-7414-490a-8dff-5e2011258112.
2023-08-29 18:52:52,295 [PipelineCommandHandlerThread-0] INFO  server.RaftServer (RaftServerProxy.java:addNew(98)) - 5b9ef83d-dbe3-47c8-9c1e-3cffac3fa7d5: addNew group-B7939D7B642E:[5b9ef83d-dbe3-47c8-9c1e-3cffac3fa7d5|rpc:10.1.0.239:15041|admin:10.1.0.239:15040|client:10.1.0.239:15039|dataStream:10.1.0.239:15042|priority:1|startupRole:FOLLOWER] returns group-B7939D7B642E:java.util.concurrent.CompletableFuture@16baa508[Not completed]
2023-08-29 18:52:52,298 [5b9ef83d-dbe3-47c8-9c1e-3cffac3fa7d5-groupManagement] INFO  server.RaftServer$Division (RaftServerImpl.java:<init>(198)) - 5b9ef83d-dbe3-47c8-9c1e-3cffac3fa7d5: new RaftServerImpl for group-B7939D7B642E:[5b9ef83d-dbe3-47c8-9c1e-3cffac3fa7d5|rpc:10.1.0.239:15041|admin:10.1.0.239:15040|client:10.1.0.239:15039|dataStream:10.1.0.239:15042|priority:1|startupRole:FOLLOWER] with ContainerStateMachine:uninitialized
2023-08-29 18:52:52,298 [5b9ef83d-dbe3-47c8-9c1e-3cffac3fa7d5-groupManagement] INFO  server.RaftServerConfigKeys (ConfUtils.java:logGet(46)) - raft.server.rpc.timeout.min = 5s (custom)
2023-08-29 18:52:52,298 [5b9ef83d-dbe3-47c8-9c1e-3cffac3fa7d5-groupManagement] INFO  server.RaftServerConfigKeys (ConfUtils.java:logGet(46)) - raft.server.rpc.timeout.max = 5200ms (custom)
2023-08-29 18:52:52,298 [5b9ef83d-dbe3-47c8-9c1e-3cffac3fa7d5-groupManagement] INFO  server.RaftServerConfigKeys (ConfUtils.java:logGet(46)) - raft.server.rpc.sleep.time = 25ms (default)
2023-08-29 18:52:52,298 [5b9ef83d-dbe3-47c8-9c1e-3cffac3fa7d5-groupManagement] INFO  server.RaftServerConfigKeys (ConfUtils.java:logGet(46)) - raft.server.rpc.slowness.timeout = 300s (custom)
2023-08-29 18:52:52,298 [5b9ef83d-dbe3-47c8-9c1e-3cffac3fa7d5-groupManagement] INFO  server.RaftServerConfigKeys (ConfUtils.java:logGet(46)) - raft.server.leaderelection.leader.step-down.wait-time = 10s (default)
2023-08-29 18:52:52,298 [5b9ef83d-dbe3-47c8-9c1e-3cffac3fa7d5-groupManagement] INFO  server.RaftServerConfigKeys (ConfUtils.java:logGet(46)) - raft.server.sleep.deviation.threshold = 300ms (default)
2023-08-29 18:52:52,298 [5b9ef83d-dbe3-47c8-9c1e-3cffac3fa7d5-groupManagement] INFO  server.RaftServer$Division (ServerState.java:<init>(120)) - 5b9ef83d-dbe3-47c8-9c1e-3cffac3fa7d5@group-B7939D7B642E: ConfigurationManager, init=-1: peers:[5b9ef83d-dbe3-47c8-9c1e-3cffac3fa7d5|rpc:10.1.0.239:15041|admin:10.1.0.239:15040|client:10.1.0.239:15039|dataStream:10.1.0.239:15042|priority:1|startupRole:FOLLOWER]|listeners:[], old=null, confs=<EMPTY_MAP>
2023-08-29 18:52:52,298 [5b9ef83d-dbe3-47c8-9c1e-3cffac3fa7d5-groupManagement] INFO  server.RaftServerConfigKeys (ConfUtils.java:logGet(46)) - raft.server.storage.dir = [/home/runner/work/ozone/ozone/hadoop-ozone/integration-test/target/test-dir/MiniOzoneClusterImpl-f4f7c4b3-a6e6-4e2b-8957-3aa4c0e420f5/datanode-3/data/ratis] (custom)
2023-08-29 18:52:52,298 [5b9ef83d-dbe3-47c8-9c1e-3cffac3fa7d5-groupManagement] INFO  server.RaftServerConfigKeys (ConfUtils.java:logGet(46)) - raft.server.log.corruption.policy = EXCEPTION (default)
2023-08-29 18:52:52,298 [5b9ef83d-dbe3-47c8-9c1e-3cffac3fa7d5-groupManagement] INFO  server.RaftServerConfigKeys (ConfUtils.java:logGet(46)) - raft.server.storage.free-space.min = 0MB (=0) (default)
2023-08-29 18:52:52,298 [5b9ef83d-dbe3-47c8-9c1e-3cffac3fa7d5-groupManagement] INFO  server.RaftServerConfigKeys (ConfUtils.java:logGet(46)) - raft.server.notification.no-leader.timeout = 300s (custom)
2023-08-29 18:52:52,299 [5b9ef83d-dbe3-47c8-9c1e-3cffac3fa7d5-groupManagement] INFO  server.RaftServerConfigKeys (ConfUtils.java:logGet(46)) - raft.server.read.timeout = 10s (default)
2023-08-29 18:52:52,299 [5b9ef83d-dbe3-47c8-9c1e-3cffac3fa7d5-groupManagement] INFO  server.RaftServerConfigKeys (ConfUtils.java:logGet(46)) - raft.server.retrycache.expirytime = 600000ms (custom)
2023-08-29 18:52:52,299 [5b9ef83d-dbe3-47c8-9c1e-3cffac3fa7d5-groupManagement] INFO  server.RaftServerConfigKeys (ConfUtils.java:logGet(46)) - raft.server.retrycache.statistics.expirytime = 100μs (default)
2023-08-29 18:52:52,299 [5b9ef83d-dbe3-47c8-9c1e-3cffac3fa7d5-groupManagement] INFO  server.RaftServerConfigKeys (ConfUtils.java:logGet(46)) - raft.server.read.option = DEFAULT (default)
2023-08-29 18:52:52,301 [5b9ef83d-dbe3-47c8-9c1e-3cffac3fa7d5-groupManagement] INFO  server.RaftServerConfigKeys (ConfUtils.java:logGet(46)) - raft.server.rpc.request.timeout = 60s (custom)
2023-08-29 18:52:52,301 [5b9ef83d-dbe3-47c8-9c1e-3cffac3fa7d5-groupManagement] INFO  server.RaftServerConfigKeys (ConfUtils.java:logGet(46)) - raft.server.log.appender.install.snapshot.enabled = false (custom)
2023-08-29 18:52:52,301 [5b9ef83d-dbe3-47c8-9c1e-3cffac3fa7d5-groupManagement] INFO  server.RaftServerConfigKeys (ConfUtils.java:logGet(46)) - raft.server.threadpool.server.cached = true (default)
2023-08-29 18:52:52,301 [5b9ef83d-dbe3-47c8-9c1e-3cffac3fa7d5-groupManagement] INFO  server.RaftServerConfigKeys (ConfUtils.java:logGet(46)) - raft.server.threadpool.server.size = 0 (default)
2023-08-29 18:52:52,301 [5b9ef83d-dbe3-47c8-9c1e-3cffac3fa7d5-groupManagement] INFO  server.RaftServerConfigKeys (ConfUtils.java:logGet(46)) - raft.server.threadpool.client.cached = true (default)
2023-08-29 18:52:52,301 [5b9ef83d-dbe3-47c8-9c1e-3cffac3fa7d5-groupManagement] INFO  server.RaftServerConfigKeys (ConfUtils.java:logGet(46)) - raft.server.threadpool.client.size = 0 (default)
2023-08-29 18:52:52,301 [5b9ef83d-dbe3-47c8-9c1e-3cffac3fa7d5-groupManagement] INFO  storage.RaftStorageDirectory (RaftStorageDirectoryImpl.java:analyzeStorage(137)) - The storage directory /home/runner/work/ozone/ozone/hadoop-ozone/integration-test/target/test-dir/MiniOzoneClusterImpl-f4f7c4b3-a6e6-4e2b-8957-3aa4c0e420f5/datanode-3/data/ratis/721e34b0-8cba-4223-80b3-b7939d7b642e does not exist. Creating ...
2023-08-29 18:52:52,306 [5b9ef83d-dbe3-47c8-9c1e-3cffac3fa7d5-groupManagement] INFO  storage.RaftStorageDirectory (RaftStorageDirectoryImpl.java:tryLock(231)) - Lock on /home/runner/work/ozone/ozone/hadoop-ozone/integration-test/target/test-dir/MiniOzoneClusterImpl-f4f7c4b3-a6e6-4e2b-8957-3aa4c0e420f5/datanode-3/data/ratis/721e34b0-8cba-4223-80b3-b7939d7b642e/in_use.lock acquired by nodename 61099@fv-az225-157
2023-08-29 18:52:52,315 [5b9ef83d-dbe3-47c8-9c1e-3cffac3fa7d5-groupManagement] INFO  storage.RaftStorage (RaftStorageImpl.java:format(96)) - Storage directory /home/runner/work/ozone/ozone/hadoop-ozone/integration-test/target/test-dir/MiniOzoneClusterImpl-f4f7c4b3-a6e6-4e2b-8957-3aa4c0e420f5/datanode-3/data/ratis/721e34b0-8cba-4223-80b3-b7939d7b642e has been successfully formatted.
2023-08-29 18:52:52,315 [PipelineCommandHandlerThread-0] INFO  commandhandler.CreatePipelineCommandHandler (CreatePipelineCommandHandler.java:lambda$handle$2(124)) - Created Pipeline RATIS THREE PipelineID=ca1cac7b-847d-4473-b891-6741276350f2.
2023-08-29 18:52:52,316 [5b9ef83d-dbe3-47c8-9c1e-3cffac3fa7d5-groupManagement] INFO  ratis.ContainerStateMachine (ContainerStateMachine.java:loadSnapshot(262)) - group-B7939D7B642E: The snapshot info is null. Setting the last applied indexto:(t:0, i:~)
2023-08-29 18:52:52,316 [5b9ef83d-dbe3-47c8-9c1e-3cffac3fa7d5-groupManagement] INFO  server.RaftServerConfigKeys (ConfUtils.java:logGet(46)) - raft.server.log.use.memory = false (default)
2023-08-29 18:52:52,316 [5b9ef83d-dbe3-47c8-9c1e-3cffac3fa7d5-groupManagement] INFO  server.RaftServerConfigKeys (ConfUtils.java:logGet(46)) - raft.server.log.purge.gap = 1000000 (custom)
2023-08-29 18:52:52,316 [5b9ef83d-dbe3-47c8-9c1e-3cffac3fa7d5-groupManagement] INFO  server.RaftServerConfigKeys (ConfUtils.java:logGet(46)) - raft.server.log.appender.buffer.byte-limit = 33554432 (custom)
2023-08-29 18:52:52,316 [5b9ef83d-dbe3-47c8-9c1e-3cffac3fa7d5-groupManagement] INFO  server.RaftServerConfigKeys (ConfUtils.java:logGet(46)) - raft.server.log.statemachine.data.read.timeout = 1000ms (default)
2023-08-29 18:52:52,317 [5b9ef83d-dbe3-47c8-9c1e-3cffac3fa7d5-groupManagement] INFO  server.RaftServerConfigKeys (ConfUtils.java:logGet(46)) - raft.server.log.purge.preservation.log.num = 0 (default)
2023-08-29 18:52:52,317 [5b9ef83d-dbe3-47c8-9c1e-3cffac3fa7d5-groupManagement] INFO  server.RaftServerConfigKeys (ConfUtils.java:logGet(46)) - raft.server.log.segment.size.max = 1048576 (custom)
2023-08-29 18:52:52,317 [5b9ef83d-dbe3-47c8-9c1e-3cffac3fa7d5-groupManagement] INFO  server.RaftServerConfigKeys (ConfUtils.java:logGet(46)) - raft.server.log.segment.cache.num.max = 2 (custom)
2023-08-29 18:52:52,318 [5b9ef83d-dbe3-47c8-9c1e-3cffac3fa7d5-groupManagement] INFO  server.RaftServerConfigKeys (ConfUtils.java:logGet(46)) - raft.server.log.segment.cache.size.max = 200MB (=209715200) (default)
2023-08-29 18:52:52,318 [5b9ef83d-dbe3-47c8-9c1e-3cffac3fa7d5-groupManagement] INFO  server.RaftServerConfigKeys (ConfUtils.java:logGet(46)) - raft.server.log.appender.buffer.byte-limit = 33554432 (custom)
2023-08-29 18:52:52,318 [5b9ef83d-dbe3-47c8-9c1e-3cffac3fa7d5-groupManagement] INFO  segmented.SegmentedRaftLogWorker (SegmentedRaftLogWorker.java:<init>(188)) - new 5b9ef83d-dbe3-47c8-9c1e-3cffac3fa7d5@group-B7939D7B642E-SegmentedRaftLogWorker for RaftStorageImpl:Storage Directory /home/runner/work/ozone/ozone/hadoop-ozone/integration-test/target/test-dir/MiniOzoneClusterImpl-f4f7c4b3-a6e6-4e2b-8957-3aa4c0e420f5/datanode-3/data/ratis/721e34b0-8cba-4223-80b3-b7939d7b642e
2023-08-29 18:52:52,318 [5b9ef83d-dbe3-47c8-9c1e-3cffac3fa7d5-groupManagement] INFO  server.RaftServerConfigKeys (ConfUtils.java:logGet(46)) - raft.server.log.queue.byte-limit = 4294967296 (custom)
2023-08-29 18:52:52,318 [5b9ef83d-dbe3-47c8-9c1e-3cffac3fa7d5-groupManagement] INFO  server.RaftServerConfigKeys (ConfUtils.java:logGet(46)) - raft.server.log.queue.element-limit = 1024 (custom)
2023-08-29 18:52:52,318 [5b9ef83d-dbe3-47c8-9c1e-3cffac3fa7d5-groupManagement] INFO  server.RaftServerConfigKeys (ConfUtils.java:logGet(46)) - raft.server.log.segment.size.max = 1048576 (custom)
2023-08-29 18:52:52,318 [5b9ef83d-dbe3-47c8-9c1e-3cffac3fa7d5-groupManagement] INFO  server.RaftServerConfigKeys (ConfUtils.java:logGet(46)) - raft.server.log.preallocated.size = 16384 (custom)
2023-08-29 18:52:52,318 [5b9ef83d-dbe3-47c8-9c1e-3cffac3fa7d5-groupManagement] INFO  server.RaftServerConfigKeys (ConfUtils.java:logGet(46)) - raft.server.log.force.sync.num = 128 (default)
2023-08-29 18:52:52,318 [5b9ef83d-dbe3-47c8-9c1e-3cffac3fa7d5-groupManagement] INFO  server.RaftServerConfigKeys (ConfUtils.java:logGet(46)) - raft.server.log.statemachine.data.sync = true (default)
2023-08-29 18:52:52,318 [5b9ef83d-dbe3-47c8-9c1e-3cffac3fa7d5-groupManagement] INFO  server.RaftServerConfigKeys (ConfUtils.java:logGet(46)) - raft.server.log.statemachine.data.sync.timeout = 10s (default)
2023-08-29 18:52:52,318 [5b9ef83d-dbe3-47c8-9c1e-3cffac3fa7d5-groupManagement] INFO  server.RaftServerConfigKeys (ConfUtils.java:logGet(46)) - raft.server.log.statemachine.data.sync.timeout.retry = -1 (default)
2023-08-29 18:52:52,319 [5b9ef83d-dbe3-47c8-9c1e-3cffac3fa7d5-groupManagement] INFO  server.RaftServerConfigKeys (ConfUtils.java:logGet(46)) - raft.server.log.write.buffer.size = 1048576 (custom)
2023-08-29 18:52:52,319 [5b9ef83d-dbe3-47c8-9c1e-3cffac3fa7d5-groupManagement] INFO  server.RaftServerConfigKeys (ConfUtils.java:logGet(46)) - raft.server.log.appender.buffer.byte-limit = 33554432 (custom)
2023-08-29 18:52:52,322 [EventQueue-PipelineReportForPipelineReportHandler] INFO  pipeline.PipelineReportHandler (PipelineReportHandler.java:processPipelineReport(136)) - Opened pipeline PipelineID=721e34b0-8cba-4223-80b3-b7939d7b642e
2023-08-29 18:52:52,322 [EventQueue-OpenPipelineForHealthyPipelineSafeModeRule] INFO  safemode.SCMSafeModeManager (HealthyPipelineSafeModeRule.java:process(137)) - SCM in safe mode. Healthy pipelines reported count is 0, required healthy pipeline reported count is 1
2023-08-29 18:52:52,326 [5b9ef83d-dbe3-47c8-9c1e-3cffac3fa7d5-groupManagement] INFO  server.RaftServerConfigKeys (ConfUtils.java:logGet(46)) - raft.server.log.unsafe-flush.enabled = false (default)
2023-08-29 18:52:52,327 [5b9ef83d-dbe3-47c8-9c1e-3cffac3fa7d5-groupManagement] INFO  server.RaftServerConfigKeys (ConfUtils.java:logGet(46)) - raft.server.log.async-flush.enabled = false (default)
2023-08-29 18:52:52,327 [5b9ef83d-dbe3-47c8-9c1e-3cffac3fa7d5-groupManagement] INFO  server.RaftServerConfigKeys (ConfUtils.java:logGet(46)) - raft.server.log.statemachine.data.caching.enabled = true (custom)
2023-08-29 18:52:52,327 [5b9ef83d-dbe3-47c8-9c1e-3cffac3fa7d5-groupManagement] INFO  segmented.SegmentedRaftLogWorker (SegmentedRaftLogWorker.java:lambda$new$0(135)) - 5b9ef83d-dbe3-47c8-9c1e-3cffac3fa7d5@group-B7939D7B642E-SegmentedRaftLogWorker: flushIndex: setUnconditionally 0 -> -1
2023-08-29 18:52:52,327 [5b9ef83d-dbe3-47c8-9c1e-3cffac3fa7d5-groupManagement] INFO  segmented.SegmentedRaftLogWorker (SegmentedRaftLogWorker.java:lambda$new$0(135)) - 5b9ef83d-dbe3-47c8-9c1e-3cffac3fa7d5@group-B7939D7B642E-SegmentedRaftLogWorker: safeCacheEvictIndex: setUnconditionally 0 -> -1
2023-08-29 18:52:52,327 [5b9ef83d-dbe3-47c8-9c1e-3cffac3fa7d5-groupManagement] INFO  server.RaftServer$Division (RaftServerImpl.java:start(342)) - 5b9ef83d-dbe3-47c8-9c1e-3cffac3fa7d5@group-B7939D7B642E: start as a follower, conf=-1: peers:[5b9ef83d-dbe3-47c8-9c1e-3cffac3fa7d5|rpc:10.1.0.239:15041|admin:10.1.0.239:15040|client:10.1.0.239:15039|dataStream:10.1.0.239:15042|priority:1|startupRole:FOLLOWER]|listeners:[], old=null
2023-08-29 18:52:52,327 [5b9ef83d-dbe3-47c8-9c1e-3cffac3fa7d5-groupManagement] INFO  server.RaftServer$Division (RaftServerImpl.java:setRole(329)) - 5b9ef83d-dbe3-47c8-9c1e-3cffac3fa7d5@group-B7939D7B642E: changes role from      null to FOLLOWER at term 0 for startAsFollower
2023-08-29 18:52:52,327 [5b9ef83d-dbe3-47c8-9c1e-3cffac3fa7d5-groupManagement] INFO  impl.RoleInfo (RoleInfo.java:updateAndGet(139)) - 5b9ef83d-dbe3-47c8-9c1e-3cffac3fa7d5: start 5b9ef83d-dbe3-47c8-9c1e-3cffac3fa7d5@group-B7939D7B642E-FollowerState
2023-08-29 18:52:52,330 [5b9ef83d-dbe3-47c8-9c1e-3cffac3fa7d5-groupManagement] INFO  util.JmxRegister (JmxRegister.java:tryRegister(44)) - Successfully registered JMX Bean with object name Ratis:service=RaftServer,group=group-B7939D7B642E,id=5b9ef83d-dbe3-47c8-9c1e-3cffac3fa7d5
2023-08-29 18:52:52,330 [5b9ef83d-dbe3-47c8-9c1e-3cffac3fa7d5-groupManagement] INFO  server.RaftServerConfigKeys (ConfUtils.java:logGet(46)) - raft.server.snapshot.auto.trigger.enabled = true (custom)
2023-08-29 18:52:52,331 [5b9ef83d-dbe3-47c8-9c1e-3cffac3fa7d5-groupManagement] INFO  server.RaftServerConfigKeys (ConfUtils.java:logGet(46)) - raft.server.snapshot.auto.trigger.threshold = 10000 (custom)
2023-08-29 18:52:52,331 [5b9ef83d-dbe3-47c8-9c1e-3cffac3fa7d5-groupManagement] INFO  server.RaftServerConfigKeys (ConfUtils.java:logGet(46)) - raft.server.snapshot.retention.file.num = 5 (custom)
2023-08-29 18:52:52,331 [5b9ef83d-dbe3-47c8-9c1e-3cffac3fa7d5-groupManagement] INFO  server.RaftServerConfigKeys (ConfUtils.java:logGet(46)) - raft.server.log.purge.upto.snapshot.index = false (default)
2023-08-29 18:52:52,331 [5b9ef83d-dbe3-47c8-9c1e-3cffac3fa7d5@group-B7939D7B642E-FollowerState] INFO  server.RaftServerConfigKeys (ConfUtils.java:logFallback(53)) - raft.server.rpc.first-election.timeout.min = 5s (fallback to raft.server.rpc.timeout.min)
2023-08-29 18:52:52,331 [5b9ef83d-dbe3-47c8-9c1e-3cffac3fa7d5@group-B7939D7B642E-FollowerState] INFO  server.RaftServerConfigKeys (ConfUtils.java:logFallback(53)) - raft.server.rpc.first-election.timeout.max = 5200ms (fallback to raft.server.rpc.timeout.max)
2023-08-29 18:52:52,332 [PipelineCommandHandlerThread-0] INFO  ratis.XceiverServerRatis (XceiverServerRatis.java:addGroup(804)) - Created group PipelineID=721e34b0-8cba-4223-80b3-b7939d7b642e
2023-08-29 18:52:52,332 [PipelineCommandHandlerThread-0] INFO  commandhandler.CreatePipelineCommandHandler (CreatePipelineCommandHandler.java:lambda$handle$2(124)) - Created Pipeline RATIS ONE PipelineID=721e34b0-8cba-4223-80b3-b7939d7b642e.
2023-08-29 18:52:52,570 [main] INFO  ozone.MiniOzoneClusterImpl (MiniOzoneClusterImpl.java:lambda$waitForClusterToBeReady$0(224)) - Nodes are ready. Got 5 of 5 DN Heartbeats.
2023-08-29 18:52:52,571 [main] INFO  ozone.MiniOzoneClusterImpl (MiniOzoneClusterImpl.java:lambda$waitForClusterToBeReady$0(227)) - Waiting for cluster to exit safe mode
2023-08-29 18:52:52,571 [main] INFO  ozone.MiniOzoneClusterImpl (MiniOzoneClusterImpl.java:lambda$waitForClusterToBeReady$0(229)) - SCM became leader
2023-08-29 18:52:52,581 [PipelineCommandHandlerThread-0] INFO  server.RaftServer (RaftServerProxy.java:addNew(98)) - d246a9b4-fb4e-4001-b7a9-7f69213ea7ae: addNew group-A2204F43F4F0:[d246a9b4-fb4e-4001-b7a9-7f69213ea7ae|rpc:10.1.0.239:15050|admin:10.1.0.239:15049|client:10.1.0.239:15048|dataStream:10.1.0.239:15051|priority:1|startupRole:FOLLOWER] returns group-A2204F43F4F0:java.util.concurrent.CompletableFuture@15e0fbdd[Not completed]
2023-08-29 18:52:52,582 [d246a9b4-fb4e-4001-b7a9-7f69213ea7ae-groupManagement] INFO  server.RaftServer$Division (RaftServerImpl.java:<init>(198)) - d246a9b4-fb4e-4001-b7a9-7f69213ea7ae: new RaftServerImpl for group-A2204F43F4F0:[d246a9b4-fb4e-4001-b7a9-7f69213ea7ae|rpc:10.1.0.239:15050|admin:10.1.0.239:15049|client:10.1.0.239:15048|dataStream:10.1.0.239:15051|priority:1|startupRole:FOLLOWER] with ContainerStateMachine:uninitialized
2023-08-29 18:52:52,586 [d246a9b4-fb4e-4001-b7a9-7f69213ea7ae-groupManagement] INFO  server.RaftServerConfigKeys (ConfUtils.java:logGet(46)) - raft.server.rpc.timeout.min = 5s (custom)
2023-08-29 18:52:52,586 [d246a9b4-fb4e-4001-b7a9-7f69213ea7ae-groupManagement] INFO  server.RaftServerConfigKeys (ConfUtils.java:logGet(46)) - raft.server.rpc.timeout.max = 5200ms (custom)
2023-08-29 18:52:52,586 [d246a9b4-fb4e-4001-b7a9-7f69213ea7ae-groupManagement] INFO  server.RaftServerConfigKeys (ConfUtils.java:logGet(46)) - raft.server.rpc.sleep.time = 25ms (default)
2023-08-29 18:52:52,586 [d246a9b4-fb4e-4001-b7a9-7f69213ea7ae-groupManagement] INFO  server.RaftServerConfigKeys (ConfUtils.java:logGet(46)) - raft.server.rpc.slowness.timeout = 300s (custom)
2023-08-29 18:52:52,586 [d246a9b4-fb4e-4001-b7a9-7f69213ea7ae-groupManagement] INFO  server.RaftServerConfigKeys (ConfUtils.java:logGet(46)) - raft.server.leaderelection.leader.step-down.wait-time = 10s (default)
2023-08-29 18:52:52,586 [d246a9b4-fb4e-4001-b7a9-7f69213ea7ae-groupManagement] INFO  server.RaftServerConfigKeys (ConfUtils.java:logGet(46)) - raft.server.sleep.deviation.threshold = 300ms (default)
2023-08-29 18:52:52,586 [d246a9b4-fb4e-4001-b7a9-7f69213ea7ae-groupManagement] INFO  server.RaftServer$Division (ServerState.java:<init>(120)) - d246a9b4-fb4e-4001-b7a9-7f69213ea7ae@group-A2204F43F4F0: ConfigurationManager, init=-1: peers:[d246a9b4-fb4e-4001-b7a9-7f69213ea7ae|rpc:10.1.0.239:15050|admin:10.1.0.239:15049|client:10.1.0.239:15048|dataStream:10.1.0.239:15051|priority:1|startupRole:FOLLOWER]|listeners:[], old=null, confs=<EMPTY_MAP>
2023-08-29 18:52:52,586 [d246a9b4-fb4e-4001-b7a9-7f69213ea7ae-groupManagement] INFO  server.RaftServerConfigKeys (ConfUtils.java:logGet(46)) - raft.server.storage.dir = [/home/runner/work/ozone/ozone/hadoop-ozone/integration-test/target/test-dir/MiniOzoneClusterImpl-f4f7c4b3-a6e6-4e2b-8957-3aa4c0e420f5/datanode-4/data/ratis] (custom)
2023-08-29 18:52:52,586 [d246a9b4-fb4e-4001-b7a9-7f69213ea7ae-groupManagement] INFO  server.RaftServerConfigKeys (ConfUtils.java:logGet(46)) - raft.server.log.corruption.policy = EXCEPTION (default)
2023-08-29 18:52:52,586 [d246a9b4-fb4e-4001-b7a9-7f69213ea7ae-groupManagement] INFO  server.RaftServerConfigKeys (ConfUtils.java:logGet(46)) - raft.server.storage.free-space.min = 0MB (=0) (default)
2023-08-29 18:52:52,587 [d246a9b4-fb4e-4001-b7a9-7f69213ea7ae-groupManagement] INFO  server.RaftServerConfigKeys (ConfUtils.java:logGet(46)) - raft.server.notification.no-leader.timeout = 300s (custom)
2023-08-29 18:52:52,587 [d246a9b4-fb4e-4001-b7a9-7f69213ea7ae-groupManagement] INFO  server.RaftServerConfigKeys (ConfUtils.java:logGet(46)) - raft.server.read.timeout = 10s (default)
2023-08-29 18:52:52,587 [d246a9b4-fb4e-4001-b7a9-7f69213ea7ae-groupManagement] INFO  server.RaftServerConfigKeys (ConfUtils.java:logGet(46)) - raft.server.retrycache.expirytime = 600000ms (custom)
2023-08-29 18:52:52,587 [d246a9b4-fb4e-4001-b7a9-7f69213ea7ae-groupManagement] INFO  server.RaftServerConfigKeys (ConfUtils.java:logGet(46)) - raft.server.retrycache.statistics.expirytime = 100μs (default)
2023-08-29 18:52:52,587 [d246a9b4-fb4e-4001-b7a9-7f69213ea7ae-groupManagement] INFO  server.RaftServerConfigKeys (ConfUtils.java:logGet(46)) - raft.server.read.option = DEFAULT (default)
2023-08-29 18:52:52,588 [d246a9b4-fb4e-4001-b7a9-7f69213ea7ae-groupManagement] INFO  server.RaftServerConfigKeys (ConfUtils.java:logGet(46)) - raft.server.rpc.request.timeout = 60s (custom)
2023-08-29 18:52:52,589 [d246a9b4-fb4e-4001-b7a9-7f69213ea7ae-groupManagement] INFO  server.RaftServerConfigKeys (ConfUtils.java:logGet(46)) - raft.server.log.appender.install.snapshot.enabled = false (custom)
2023-08-29 18:52:52,589 [d246a9b4-fb4e-4001-b7a9-7f69213ea7ae-groupManagement] INFO  server.RaftServerConfigKeys (ConfUtils.java:logGet(46)) - raft.server.threadpool.server.cached = true (default)
2023-08-29 18:52:52,589 [d246a9b4-fb4e-4001-b7a9-7f69213ea7ae-groupManagement] INFO  server.RaftServerConfigKeys (ConfUtils.java:logGet(46)) - raft.server.threadpool.server.size = 0 (default)
2023-08-29 18:52:52,589 [d246a9b4-fb4e-4001-b7a9-7f69213ea7ae-groupManagement] INFO  server.RaftServerConfigKeys (ConfUtils.java:logGet(46)) - raft.server.threadpool.client.cached = true (default)
2023-08-29 18:52:52,589 [d246a9b4-fb4e-4001-b7a9-7f69213ea7ae-groupManagement] INFO  server.RaftServerConfigKeys (ConfUtils.java:logGet(46)) - raft.server.threadpool.client.size = 0 (default)
2023-08-29 18:52:52,589 [d246a9b4-fb4e-4001-b7a9-7f69213ea7ae-groupManagement] INFO  storage.RaftStorageDirectory (RaftStorageDirectoryImpl.java:analyzeStorage(137)) - The storage directory /home/runner/work/ozone/ozone/hadoop-ozone/integration-test/target/test-dir/MiniOzoneClusterImpl-f4f7c4b3-a6e6-4e2b-8957-3aa4c0e420f5/datanode-4/data/ratis/e095f7b0-8fb0-47f4-a2ae-a2204f43f4f0 does not exist. Creating ...
2023-08-29 18:52:52,590 [d246a9b4-fb4e-4001-b7a9-7f69213ea7ae-groupManagement] INFO  storage.RaftStorageDirectory (RaftStorageDirectoryImpl.java:tryLock(231)) - Lock on /home/runner/work/ozone/ozone/hadoop-ozone/integration-test/target/test-dir/MiniOzoneClusterImpl-f4f7c4b3-a6e6-4e2b-8957-3aa4c0e420f5/datanode-4/data/ratis/e095f7b0-8fb0-47f4-a2ae-a2204f43f4f0/in_use.lock acquired by nodename 61099@fv-az225-157
2023-08-29 18:52:52,593 [d246a9b4-fb4e-4001-b7a9-7f69213ea7ae-groupManagement] INFO  storage.RaftStorage (RaftStorageImpl.java:format(96)) - Storage directory /home/runner/work/ozone/ozone/hadoop-ozone/integration-test/target/test-dir/MiniOzoneClusterImpl-f4f7c4b3-a6e6-4e2b-8957-3aa4c0e420f5/datanode-4/data/ratis/e095f7b0-8fb0-47f4-a2ae-a2204f43f4f0 has been successfully formatted.
2023-08-29 18:52:52,595 [d246a9b4-fb4e-4001-b7a9-7f69213ea7ae-groupManagement] INFO  ratis.ContainerStateMachine (ContainerStateMachine.java:loadSnapshot(262)) - group-A2204F43F4F0: The snapshot info is null. Setting the last applied indexto:(t:0, i:~)
2023-08-29 18:52:52,596 [d246a9b4-fb4e-4001-b7a9-7f69213ea7ae-groupManagement] INFO  server.RaftServerConfigKeys (ConfUtils.java:logGet(46)) - raft.server.log.use.memory = false (default)
2023-08-29 18:52:52,596 [d246a9b4-fb4e-4001-b7a9-7f69213ea7ae-groupManagement] INFO  server.RaftServerConfigKeys (ConfUtils.java:logGet(46)) - raft.server.log.purge.gap = 1000000 (custom)
2023-08-29 18:52:52,596 [d246a9b4-fb4e-4001-b7a9-7f69213ea7ae-groupManagement] INFO  server.RaftServerConfigKeys (ConfUtils.java:logGet(46)) - raft.server.log.appender.buffer.byte-limit = 33554432 (custom)
2023-08-29 18:52:52,596 [d246a9b4-fb4e-4001-b7a9-7f69213ea7ae-groupManagement] INFO  server.RaftServerConfigKeys (ConfUtils.java:logGet(46)) - raft.server.log.statemachine.data.read.timeout = 1000ms (default)
2023-08-29 18:52:52,596 [d246a9b4-fb4e-4001-b7a9-7f69213ea7ae-groupManagement] INFO  server.RaftServerConfigKeys (ConfUtils.java:logGet(46)) - raft.server.log.purge.preservation.log.num = 0 (default)
2023-08-29 18:52:52,596 [d246a9b4-fb4e-4001-b7a9-7f69213ea7ae-groupManagement] INFO  server.RaftServerConfigKeys (ConfUtils.java:logGet(46)) - raft.server.log.segment.size.max = 1048576 (custom)
2023-08-29 18:52:52,597 [d246a9b4-fb4e-4001-b7a9-7f69213ea7ae-groupManagement] INFO  server.RaftServerConfigKeys (ConfUtils.java:logGet(46)) - raft.server.log.segment.cache.num.max = 2 (custom)
2023-08-29 18:52:52,597 [d246a9b4-fb4e-4001-b7a9-7f69213ea7ae-groupManagement] INFO  server.RaftServerConfigKeys (ConfUtils.java:logGet(46)) - raft.server.log.segment.cache.size.max = 200MB (=209715200) (default)
2023-08-29 18:52:52,597 [d246a9b4-fb4e-4001-b7a9-7f69213ea7ae-groupManagement] INFO  server.RaftServerConfigKeys (ConfUtils.java:logGet(46)) - raft.server.log.appender.buffer.byte-limit = 33554432 (custom)
2023-08-29 18:52:52,597 [d246a9b4-fb4e-4001-b7a9-7f69213ea7ae-groupManagement] INFO  segmented.SegmentedRaftLogWorker (SegmentedRaftLogWorker.java:<init>(188)) - new d246a9b4-fb4e-4001-b7a9-7f69213ea7ae@group-A2204F43F4F0-SegmentedRaftLogWorker for RaftStorageImpl:Storage Directory /home/runner/work/ozone/ozone/hadoop-ozone/integration-test/target/test-dir/MiniOzoneClusterImpl-f4f7c4b3-a6e6-4e2b-8957-3aa4c0e420f5/datanode-4/data/ratis/e095f7b0-8fb0-47f4-a2ae-a2204f43f4f0
2023-08-29 18:52:52,597 [d246a9b4-fb4e-4001-b7a9-7f69213ea7ae-groupManagement] INFO  server.RaftServerConfigKeys (ConfUtils.java:logGet(46)) - raft.server.log.queue.byte-limit = 4294967296 (custom)
2023-08-29 18:52:52,597 [EventQueue-PipelineReportForPipelineReportHandler] INFO  pipeline.PipelineReportHandler (PipelineReportHandler.java:processPipelineReport(136)) - Opened pipeline PipelineID=e095f7b0-8fb0-47f4-a2ae-a2204f43f4f0
2023-08-29 18:52:52,597 [d246a9b4-fb4e-4001-b7a9-7f69213ea7ae-groupManagement] INFO  server.RaftServerConfigKeys (ConfUtils.java:logGet(46)) - raft.server.log.queue.element-limit = 1024 (custom)
2023-08-29 18:52:52,597 [d246a9b4-fb4e-4001-b7a9-7f69213ea7ae-groupManagement] INFO  server.RaftServerConfigKeys (ConfUtils.java:logGet(46)) - raft.server.log.segment.size.max = 1048576 (custom)
2023-08-29 18:52:52,597 [d246a9b4-fb4e-4001-b7a9-7f69213ea7ae-groupManagement] INFO  server.RaftServerConfigKeys (ConfUtils.java:logGet(46)) - raft.server.log.preallocated.size = 16384 (custom)
2023-08-29 18:52:52,597 [EventQueue-OpenPipelineForHealthyPipelineSafeModeRule] INFO  safemode.SCMSafeModeManager (HealthyPipelineSafeModeRule.java:process(137)) - SCM in safe mode. Healthy pipelines reported count is 0, required healthy pipeline reported count is 1
2023-08-29 18:52:52,597 [d246a9b4-fb4e-4001-b7a9-7f69213ea7ae-groupManagement] INFO  server.RaftServerConfigKeys (ConfUtils.java:logGet(46)) - raft.server.log.force.sync.num = 128 (default)
2023-08-29 18:52:52,597 [d246a9b4-fb4e-4001-b7a9-7f69213ea7ae-groupManagement] INFO  server.RaftServerConfigKeys (ConfUtils.java:logGet(46)) - raft.server.log.statemachine.data.sync = true (default)
2023-08-29 18:52:52,598 [d246a9b4-fb4e-4001-b7a9-7f69213ea7ae-groupManagement] INFO  server.RaftServerConfigKeys (ConfUtils.java:logGet(46)) - raft.server.log.statemachine.data.sync.timeout = 10s (default)
2023-08-29 18:52:52,598 [d246a9b4-fb4e-4001-b7a9-7f69213ea7ae-groupManagement] INFO  server.RaftServerConfigKeys (ConfUtils.java:logGet(46)) - raft.server.log.statemachine.data.sync.timeout.retry = -1 (default)
2023-08-29 18:52:52,598 [d246a9b4-fb4e-4001-b7a9-7f69213ea7ae-groupManagement] INFO  server.RaftServerConfigKeys (ConfUtils.java:logGet(46)) - raft.server.log.write.buffer.size = 1048576 (custom)
2023-08-29 18:52:52,599 [d246a9b4-fb4e-4001-b7a9-7f69213ea7ae-groupManagement] INFO  server.RaftServerConfigKeys (ConfUtils.java:logGet(46)) - raft.server.log.appender.buffer.byte-limit = 33554432 (custom)
2023-08-29 18:52:52,604 [d246a9b4-fb4e-4001-b7a9-7f69213ea7ae-groupManagement] INFO  server.RaftServerConfigKeys (ConfUtils.java:logGet(46)) - raft.server.log.unsafe-flush.enabled = false (default)
2023-08-29 18:52:52,604 [d246a9b4-fb4e-4001-b7a9-7f69213ea7ae-groupManagement] INFO  server.RaftServerConfigKeys (ConfUtils.java:logGet(46)) - raft.server.log.async-flush.enabled = false (default)
2023-08-29 18:52:52,604 [d246a9b4-fb4e-4001-b7a9-7f69213ea7ae-groupManagement] INFO  server.RaftServerConfigKeys (ConfUtils.java:logGet(46)) - raft.server.log.statemachine.data.caching.enabled = true (custom)
2023-08-29 18:52:52,604 [d246a9b4-fb4e-4001-b7a9-7f69213ea7ae-groupManagement] INFO  segmented.SegmentedRaftLogWorker (SegmentedRaftLogWorker.java:lambda$new$0(135)) - d246a9b4-fb4e-4001-b7a9-7f69213ea7ae@group-A2204F43F4F0-SegmentedRaftLogWorker: flushIndex: setUnconditionally 0 -> -1
2023-08-29 18:52:52,604 [d246a9b4-fb4e-4001-b7a9-7f69213ea7ae-groupManagement] INFO  segmented.SegmentedRaftLogWorker (SegmentedRaftLogWorker.java:lambda$new$0(135)) - d246a9b4-fb4e-4001-b7a9-7f69213ea7ae@group-A2204F43F4F0-SegmentedRaftLogWorker: safeCacheEvictIndex: setUnconditionally 0 -> -1
2023-08-29 18:52:52,605 [d246a9b4-fb4e-4001-b7a9-7f69213ea7ae-groupManagement] INFO  server.RaftServer$Division (RaftServerImpl.java:start(342)) - d246a9b4-fb4e-4001-b7a9-7f69213ea7ae@group-A2204F43F4F0: start as a follower, conf=-1: peers:[d246a9b4-fb4e-4001-b7a9-7f69213ea7ae|rpc:10.1.0.239:15050|admin:10.1.0.239:15049|client:10.1.0.239:15048|dataStream:10.1.0.239:15051|priority:1|startupRole:FOLLOWER]|listeners:[], old=null
2023-08-29 18:52:52,605 [d246a9b4-fb4e-4001-b7a9-7f69213ea7ae-groupManagement] INFO  server.RaftServer$Division (RaftServerImpl.java:setRole(329)) - d246a9b4-fb4e-4001-b7a9-7f69213ea7ae@group-A2204F43F4F0: changes role from      null to FOLLOWER at term 0 for startAsFollower
2023-08-29 18:52:52,605 [d246a9b4-fb4e-4001-b7a9-7f69213ea7ae-groupManagement] INFO  impl.RoleInfo (RoleInfo.java:updateAndGet(139)) - d246a9b4-fb4e-4001-b7a9-7f69213ea7ae: start d246a9b4-fb4e-4001-b7a9-7f69213ea7ae@group-A2204F43F4F0-FollowerState
2023-08-29 18:52:52,605 [d246a9b4-fb4e-4001-b7a9-7f69213ea7ae-groupManagement] INFO  util.JmxRegister (JmxRegister.java:tryRegister(44)) - Successfully registered JMX Bean with object name Ratis:service=RaftServer,group=group-A2204F43F4F0,id=d246a9b4-fb4e-4001-b7a9-7f69213ea7ae
2023-08-29 18:52:52,605 [d246a9b4-fb4e-4001-b7a9-7f69213ea7ae-groupManagement] INFO  server.RaftServerConfigKeys (ConfUtils.java:logGet(46)) - raft.server.snapshot.auto.trigger.enabled = true (custom)
2023-08-29 18:52:52,605 [d246a9b4-fb4e-4001-b7a9-7f69213ea7ae-groupManagement] INFO  server.RaftServerConfigKeys (ConfUtils.java:logGet(46)) - raft.server.snapshot.auto.trigger.threshold = 10000 (custom)
2023-08-29 18:52:52,605 [d246a9b4-fb4e-4001-b7a9-7f69213ea7ae-groupManagement] INFO  server.RaftServerConfigKeys (ConfUtils.java:logGet(46)) - raft.server.snapshot.retention.file.num = 5 (custom)
2023-08-29 18:52:52,605 [d246a9b4-fb4e-4001-b7a9-7f69213ea7ae-groupManagement] INFO  server.RaftServerConfigKeys (ConfUtils.java:logGet(46)) - raft.server.log.purge.upto.snapshot.index = false (default)
2023-08-29 18:52:52,606 [d246a9b4-fb4e-4001-b7a9-7f69213ea7ae@group-A2204F43F4F0-FollowerState] INFO  server.RaftServerConfigKeys (ConfUtils.java:logFallback(53)) - raft.server.rpc.first-election.timeout.min = 5s (fallback to raft.server.rpc.timeout.min)
2023-08-29 18:52:52,606 [d246a9b4-fb4e-4001-b7a9-7f69213ea7ae@group-A2204F43F4F0-FollowerState] INFO  server.RaftServerConfigKeys (ConfUtils.java:logFallback(53)) - raft.server.rpc.first-election.timeout.max = 5200ms (fallback to raft.server.rpc.timeout.max)
2023-08-29 18:52:52,608 [PipelineCommandHandlerThread-0] INFO  ratis.XceiverServerRatis (XceiverServerRatis.java:addGroup(804)) - Created group PipelineID=e095f7b0-8fb0-47f4-a2ae-a2204f43f4f0
2023-08-29 18:52:52,608 [PipelineCommandHandlerThread-0] INFO  commandhandler.CreatePipelineCommandHandler (CreatePipelineCommandHandler.java:lambda$handle$2(124)) - Created Pipeline RATIS ONE PipelineID=e095f7b0-8fb0-47f4-a2ae-a2204f43f4f0.
2023-08-29 18:52:53,571 [main] INFO  ozone.MiniOzoneClusterImpl (MiniOzoneClusterImpl.java:lambda$waitForClusterToBeReady$0(224)) - Nodes are ready. Got 5 of 5 DN Heartbeats.
2023-08-29 18:52:53,572 [main] INFO  ozone.MiniOzoneClusterImpl (MiniOzoneClusterImpl.java:lambda$waitForClusterToBeReady$0(227)) - Waiting for cluster to exit safe mode
2023-08-29 18:52:53,572 [main] INFO  ozone.MiniOzoneClusterImpl (MiniOzoneClusterImpl.java:lambda$waitForClusterToBeReady$0(229)) - SCM became leader
2023-08-29 18:52:54,572 [main] INFO  ozone.MiniOzoneClusterImpl (MiniOzoneClusterImpl.java:lambda$waitForClusterToBeReady$0(224)) - Nodes are ready. Got 5 of 5 DN Heartbeats.
2023-08-29 18:52:54,572 [main] INFO  ozone.MiniOzoneClusterImpl (MiniOzoneClusterImpl.java:lambda$waitForClusterToBeReady$0(227)) - Waiting for cluster to exit safe mode
2023-08-29 18:52:54,572 [main] INFO  ozone.MiniOzoneClusterImpl (MiniOzoneClusterImpl.java:lambda$waitForClusterToBeReady$0(229)) - SCM became leader
2023-08-29 18:52:55,573 [main] INFO  ozone.MiniOzoneClusterImpl (MiniOzoneClusterImpl.java:lambda$waitForClusterToBeReady$0(224)) - Nodes are ready. Got 5 of 5 DN Heartbeats.
2023-08-29 18:52:55,573 [main] INFO  ozone.MiniOzoneClusterImpl (MiniOzoneClusterImpl.java:lambda$waitForClusterToBeReady$0(227)) - Waiting for cluster to exit safe mode
2023-08-29 18:52:55,573 [main] INFO  ozone.MiniOzoneClusterImpl (MiniOzoneClusterImpl.java:lambda$waitForClusterToBeReady$0(229)) - SCM became leader
2023-08-29 18:52:56,310 [97ee00cc-8878-42b3-8e3f-b8716daccca4@group-5E2011258112-FollowerState] INFO  impl.FollowerState (FollowerState.java:run(143)) - 97ee00cc-8878-42b3-8e3f-b8716daccca4@group-5E2011258112-FollowerState: change to CANDIDATE, lastRpcElapsedTime:5066827491ns, electionTimeout:5046ms
2023-08-29 18:52:56,311 [97ee00cc-8878-42b3-8e3f-b8716daccca4@group-5E2011258112-FollowerState] INFO  impl.RoleInfo (RoleInfo.java:shutdownFollowerState(110)) - 97ee00cc-8878-42b3-8e3f-b8716daccca4: shutdown 97ee00cc-8878-42b3-8e3f-b8716daccca4@group-5E2011258112-FollowerState
2023-08-29 18:52:56,311 [97ee00cc-8878-42b3-8e3f-b8716daccca4@group-5E2011258112-FollowerState] INFO  server.RaftServer$Division (RaftServerImpl.java:setRole(329)) - 97ee00cc-8878-42b3-8e3f-b8716daccca4@group-5E2011258112: changes role from  FOLLOWER to CANDIDATE at term 0 for changeToCandidate
2023-08-29 18:52:56,312 [97ee00cc-8878-42b3-8e3f-b8716daccca4@group-5E2011258112-FollowerState] INFO  server.RaftServerConfigKeys (ConfUtils.java:logGet(46)) - raft.server.leaderelection.pre-vote = true (default)
2023-08-29 18:52:56,312 [97ee00cc-8878-42b3-8e3f-b8716daccca4@group-5E2011258112-FollowerState] INFO  impl.RoleInfo (RoleInfo.java:updateAndGet(139)) - 97ee00cc-8878-42b3-8e3f-b8716daccca4: start 97ee00cc-8878-42b3-8e3f-b8716daccca4@group-5E2011258112-LeaderElection2
2023-08-29 18:52:56,319 [97ee00cc-8878-42b3-8e3f-b8716daccca4@group-5E2011258112-LeaderElection2] INFO  impl.LeaderElection (LeaderElection.java:askForVotes(321)) - 97ee00cc-8878-42b3-8e3f-b8716daccca4@group-5E2011258112-LeaderElection2 PRE_VOTE round 0: submit vote requests at term 0 for -1: peers:[7f4449f5-5363-4e2a-a958-eb2e78800a81|rpc:10.1.0.239:15023|admin:10.1.0.239:15022|client:10.1.0.239:15021|dataStream:10.1.0.239:15024|priority:0|startupRole:FOLLOWER, 8e764df9-21b5-444f-852f-dd54d92b5fac|rpc:10.1.0.239:15032|admin:10.1.0.239:15031|client:10.1.0.239:15030|dataStream:10.1.0.239:15033|priority:1|startupRole:FOLLOWER, 97ee00cc-8878-42b3-8e3f-b8716daccca4|rpc:10.1.0.239:15014|admin:10.1.0.239:15013|client:10.1.0.239:15012|dataStream:10.1.0.239:15015|priority:0|startupRole:FOLLOWER]|listeners:[], old=null
2023-08-29 18:52:56,325 [97ee00cc-8878-42b3-8e3f-b8716daccca4@group-5E2011258112-LeaderElection2] INFO  server.RaftServerConfigKeys (ConfUtils.java:logFallback(53)) - raft.server.rpc.first-election.timeout.min = 5s (fallback to raft.server.rpc.timeout.min)
2023-08-29 18:52:56,325 [97ee00cc-8878-42b3-8e3f-b8716daccca4@group-5E2011258112-LeaderElection2] INFO  server.RaftServerConfigKeys (ConfUtils.java:logFallback(53)) - raft.server.rpc.first-election.timeout.max = 5200ms (fallback to raft.server.rpc.timeout.max)
2023-08-29 18:52:56,327 [97ee00cc-8878-42b3-8e3f-b8716daccca4@group-5E2011258112-LeaderElection2-1] INFO  server.GrpcServerProtocolClient (GrpcServerProtocolClient.java:<init>(65)) - Build channel for 7f4449f5-5363-4e2a-a958-eb2e78800a81
2023-08-29 18:52:56,327 [97ee00cc-8878-42b3-8e3f-b8716daccca4@group-5E2011258112-LeaderElection2-2] INFO  server.GrpcServerProtocolClient (GrpcServerProtocolClient.java:<init>(65)) - Build channel for 8e764df9-21b5-444f-852f-dd54d92b5fac
2023-08-29 18:52:56,348 [grpc-default-executor-0] INFO  server.RaftServer$Division (RaftServerImpl.java:requestVote(1302)) - 7f4449f5-5363-4e2a-a958-eb2e78800a81@group-5E2011258112: receive requestVote(PRE_VOTE, 97ee00cc-8878-42b3-8e3f-b8716daccca4, group-5E2011258112, 0, (t:0, i:0))
2023-08-29 18:52:56,349 [grpc-default-executor-0] INFO  impl.VoteContext (VoteContext.java:log(49)) - 7f4449f5-5363-4e2a-a958-eb2e78800a81@group-5E2011258112-FOLLOWER: accept PRE_VOTE from 97ee00cc-8878-42b3-8e3f-b8716daccca4: our priority 0 <= candidate's priority 0
2023-08-29 18:52:56,353 [grpc-default-executor-1] INFO  server.RaftServer$Division (RaftServerImpl.java:requestVote(1302)) - 8e764df9-21b5-444f-852f-dd54d92b5fac@group-5E2011258112: receive requestVote(PRE_VOTE, 97ee00cc-8878-42b3-8e3f-b8716daccca4, group-5E2011258112, 0, (t:0, i:0))
2023-08-29 18:52:56,353 [grpc-default-executor-1] INFO  impl.VoteContext (VoteContext.java:log(49)) - 8e764df9-21b5-444f-852f-dd54d92b5fac@group-5E2011258112-FOLLOWER: reject PRE_VOTE from 97ee00cc-8878-42b3-8e3f-b8716daccca4: our priority 1 > candidate's priority 0
2023-08-29 18:52:56,356 [grpc-default-executor-1] INFO  server.RaftServer$Division (RaftServerImpl.java:requestVote(1335)) - 8e764df9-21b5-444f-852f-dd54d92b5fac@group-5E2011258112 replies to PRE_VOTE vote request: 97ee00cc-8878-42b3-8e3f-b8716daccca4<-8e764df9-21b5-444f-852f-dd54d92b5fac#0:FAIL-t0. Peer's state: 8e764df9-21b5-444f-852f-dd54d92b5fac@group-5E2011258112:t0, leader=null, voted=, raftlog=Memoized:8e764df9-21b5-444f-852f-dd54d92b5fac@group-5E2011258112-SegmentedRaftLog:OPENED:c-1, conf=-1: peers:[7f4449f5-5363-4e2a-a958-eb2e78800a81|rpc:10.1.0.239:15023|admin:10.1.0.239:15022|client:10.1.0.239:15021|dataStream:10.1.0.239:15024|priority:0|startupRole:FOLLOWER, 8e764df9-21b5-444f-852f-dd54d92b5fac|rpc:10.1.0.239:15032|admin:10.1.0.239:15031|client:10.1.0.239:15030|dataStream:10.1.0.239:15033|priority:1|startupRole:FOLLOWER, 97ee00cc-8878-42b3-8e3f-b8716daccca4|rpc:10.1.0.239:15014|admin:10.1.0.239:15013|client:10.1.0.239:15012|dataStream:10.1.0.239:15015|priority:0|startupRole:FOLLOWER]|listeners:[], old=null
2023-08-29 18:52:56,356 [grpc-default-executor-0] INFO  server.RaftServer$Division (RaftServerImpl.java:requestVote(1335)) - 7f4449f5-5363-4e2a-a958-eb2e78800a81@group-5E2011258112 replies to PRE_VOTE vote request: 97ee00cc-8878-42b3-8e3f-b8716daccca4<-7f4449f5-5363-4e2a-a958-eb2e78800a81#0:OK-t0. Peer's state: 7f4449f5-5363-4e2a-a958-eb2e78800a81@group-5E2011258112:t0, leader=null, voted=, raftlog=Memoized:7f4449f5-5363-4e2a-a958-eb2e78800a81@group-5E2011258112-SegmentedRaftLog:OPENED:c-1, conf=-1: peers:[7f4449f5-5363-4e2a-a958-eb2e78800a81|rpc:10.1.0.239:15023|admin:10.1.0.239:15022|client:10.1.0.239:15021|dataStream:10.1.0.239:15024|priority:0|startupRole:FOLLOWER, 8e764df9-21b5-444f-852f-dd54d92b5fac|rpc:10.1.0.239:15032|admin:10.1.0.239:15031|client:10.1.0.239:15030|dataStream:10.1.0.239:15033|priority:1|startupRole:FOLLOWER, 97ee00cc-8878-42b3-8e3f-b8716daccca4|rpc:10.1.0.239:15014|admin:10.1.0.239:15013|client:10.1.0.239:15012|dataStream:10.1.0.239:15015|priority:0|startupRole:FOLLOWER]|listeners:[], old=null
2023-08-29 18:52:56,360 [97ee00cc-8878-42b3-8e3f-b8716daccca4@group-5E2011258112-LeaderElection2] INFO  impl.LeaderElection (LeaderElection.java:logAndReturn(90)) - 97ee00cc-8878-42b3-8e3f-b8716daccca4@group-5E2011258112-LeaderElection2: PRE_VOTE REJECTED received 1 response(s) and 0 exception(s):
2023-08-29 18:52:56,360 [97ee00cc-8878-42b3-8e3f-b8716daccca4@group-5E2011258112-LeaderElection2] INFO  impl.LeaderElection (LeaderElection.java:logAndReturn(94)) -   Response 0: 97ee00cc-8878-42b3-8e3f-b8716daccca4<-8e764df9-21b5-444f-852f-dd54d92b5fac#0:FAIL-t0
2023-08-29 18:52:56,360 [97ee00cc-8878-42b3-8e3f-b8716daccca4@group-5E2011258112-LeaderElection2] INFO  impl.LeaderElection (LeaderElection.java:askForVotes(323)) - 97ee00cc-8878-42b3-8e3f-b8716daccca4@group-5E2011258112-LeaderElection2 PRE_VOTE round 0: result REJECTED
2023-08-29 18:52:56,361 [97ee00cc-8878-42b3-8e3f-b8716daccca4@group-5E2011258112-LeaderElection2] INFO  server.RaftServer$Division (RaftServerImpl.java:setRole(329)) - 97ee00cc-8878-42b3-8e3f-b8716daccca4@group-5E2011258112: changes role from CANDIDATE to FOLLOWER at term 0 for REJECTED
2023-08-29 18:52:56,361 [97ee00cc-8878-42b3-8e3f-b8716daccca4@group-5E2011258112-LeaderElection2] INFO  impl.RoleInfo (RoleInfo.java:shutdownLeaderElection(130)) - 97ee00cc-8878-42b3-8e3f-b8716daccca4: shutdown 97ee00cc-8878-42b3-8e3f-b8716daccca4@group-5E2011258112-LeaderElection2
2023-08-29 18:52:56,361 [97ee00cc-8878-42b3-8e3f-b8716daccca4@group-5E2011258112-LeaderElection2] INFO  impl.RoleInfo (RoleInfo.java:updateAndGet(139)) - 97ee00cc-8878-42b3-8e3f-b8716daccca4: start 97ee00cc-8878-42b3-8e3f-b8716daccca4@group-5E2011258112-FollowerState
2023-08-29 18:52:56,384 [97ee00cc-8878-42b3-8e3f-b8716daccca4@group-332E8197AAED-FollowerState] INFO  impl.FollowerState (FollowerState.java:run(143)) - 97ee00cc-8878-42b3-8e3f-b8716daccca4@group-332E8197AAED-FollowerState: change to CANDIDATE, lastRpcElapsedTime:5175793491ns, electionTimeout:5167ms
2023-08-29 18:52:56,385 [97ee00cc-8878-42b3-8e3f-b8716daccca4@group-332E8197AAED-FollowerState] INFO  impl.RoleInfo (RoleInfo.java:shutdownFollowerState(110)) - 97ee00cc-8878-42b3-8e3f-b8716daccca4: shutdown 97ee00cc-8878-42b3-8e3f-b8716daccca4@group-332E8197AAED-FollowerState
2023-08-29 18:52:56,385 [97ee00cc-8878-42b3-8e3f-b8716daccca4@group-332E8197AAED-FollowerState] INFO  server.RaftServer$Division (RaftServerImpl.java:setRole(329)) - 97ee00cc-8878-42b3-8e3f-b8716daccca4@group-332E8197AAED: changes role from  FOLLOWER to CANDIDATE at term 0 for changeToCandidate
2023-08-29 18:52:56,386 [97ee00cc-8878-42b3-8e3f-b8716daccca4@group-332E8197AAED-FollowerState] INFO  server.RaftServerConfigKeys (ConfUtils.java:logGet(46)) - raft.server.leaderelection.pre-vote = true (default)
2023-08-29 18:52:56,386 [97ee00cc-8878-42b3-8e3f-b8716daccca4@group-332E8197AAED-FollowerState] INFO  impl.RoleInfo (RoleInfo.java:updateAndGet(139)) - 97ee00cc-8878-42b3-8e3f-b8716daccca4: start 97ee00cc-8878-42b3-8e3f-b8716daccca4@group-332E8197AAED-LeaderElection3
2023-08-29 18:52:56,396 [97ee00cc-8878-42b3-8e3f-b8716daccca4@group-332E8197AAED-LeaderElection3] INFO  impl.LeaderElection (LeaderElection.java:askForVotes(321)) - 97ee00cc-8878-42b3-8e3f-b8716daccca4@group-332E8197AAED-LeaderElection3 PRE_VOTE round 0: submit vote requests at term 0 for -1: peers:[97ee00cc-8878-42b3-8e3f-b8716daccca4|rpc:10.1.0.239:15014|admin:10.1.0.239:15013|client:10.1.0.239:15012|dataStream:10.1.0.239:15015|priority:1|startupRole:FOLLOWER]|listeners:[], old=null
2023-08-29 18:52:56,396 [97ee00cc-8878-42b3-8e3f-b8716daccca4@group-332E8197AAED-LeaderElection3] INFO  impl.LeaderElection (LeaderElection.java:askForVotes(323)) - 97ee00cc-8878-42b3-8e3f-b8716daccca4@group-332E8197AAED-LeaderElection3 PRE_VOTE round 0: result PASSED (term=0)
2023-08-29 18:52:56,397 [97ee00cc-8878-42b3-8e3f-b8716daccca4@group-332E8197AAED-LeaderElection3] INFO  impl.LeaderElection (LeaderElection.java:askForVotes(321)) - 97ee00cc-8878-42b3-8e3f-b8716daccca4@group-332E8197AAED-LeaderElection3 ELECTION round 0: submit vote requests at term 1 for -1: peers:[97ee00cc-8878-42b3-8e3f-b8716daccca4|rpc:10.1.0.239:15014|admin:10.1.0.239:15013|client:10.1.0.239:15012|dataStream:10.1.0.239:15015|priority:1|startupRole:FOLLOWER]|listeners:[], old=null
2023-08-29 18:52:56,397 [97ee00cc-8878-42b3-8e3f-b8716daccca4@group-332E8197AAED-LeaderElection3] INFO  impl.LeaderElection (LeaderElection.java:askForVotes(323)) - 97ee00cc-8878-42b3-8e3f-b8716daccca4@group-332E8197AAED-LeaderElection3 ELECTION round 0: result PASSED (term=1)
2023-08-29 18:52:56,397 [97ee00cc-8878-42b3-8e3f-b8716daccca4@group-332E8197AAED-LeaderElection3] INFO  impl.RoleInfo (RoleInfo.java:shutdownLeaderElection(130)) - 97ee00cc-8878-42b3-8e3f-b8716daccca4: shutdown 97ee00cc-8878-42b3-8e3f-b8716daccca4@group-332E8197AAED-LeaderElection3
2023-08-29 18:52:56,397 [97ee00cc-8878-42b3-8e3f-b8716daccca4@group-332E8197AAED-LeaderElection3] INFO  server.RaftServer$Division (RaftServerImpl.java:setRole(329)) - 97ee00cc-8878-42b3-8e3f-b8716daccca4@group-332E8197AAED: changes role from CANDIDATE to LEADER at term 1 for changeToLeader
2023-08-29 18:52:56,398 [97ee00cc-8878-42b3-8e3f-b8716daccca4@group-332E8197AAED-LeaderElection3] INFO  ratis.XceiverServerRatis (XceiverServerRatis.java:handleLeaderChangedNotification(902)) - Leader change notification received for group: group-332E8197AAED with new leaderId: 97ee00cc-8878-42b3-8e3f-b8716daccca4
2023-08-29 18:52:56,398 [97ee00cc-8878-42b3-8e3f-b8716daccca4@group-332E8197AAED-LeaderElection3] INFO  server.RaftServer$Division (ServerState.java:setLeader(317)) - 97ee00cc-8878-42b3-8e3f-b8716daccca4@group-332E8197AAED: change Leader from null to 97ee00cc-8878-42b3-8e3f-b8716daccca4 at term 1 for becomeLeader, leader elected after 5220ms
2023-08-29 18:52:56,398 [97ee00cc-8878-42b3-8e3f-b8716daccca4@group-332E8197AAED-LeaderElection3] INFO  server.RaftServerConfigKeys (ConfUtils.java:logGet(46)) - raft.server.staging.catchup.gap = 1000 (default)
2023-08-29 18:52:56,400 [97ee00cc-8878-42b3-8e3f-b8716daccca4@group-332E8197AAED-LeaderElection3] INFO  server.RaftServerConfigKeys (ConfUtils.java:logGet(46)) - raft.server.write.element-limit = 1024 (custom)
2023-08-29 18:52:56,400 [97ee00cc-8878-42b3-8e3f-b8716daccca4@group-332E8197AAED-LeaderElection3] INFO  server.RaftServerConfigKeys (ConfUtils.java:logGet(46)) - raft.server.write.byte-limit = 1024 M (=1073741824) (custom)
2023-08-29 18:52:56,400 [97ee00cc-8878-42b3-8e3f-b8716daccca4@group-332E8197AAED-LeaderElection3] INFO  server.RaftServerConfigKeys (ConfUtils.java:logGet(46)) - raft.server.watch.timeout = 180s (custom)
2023-08-29 18:52:56,400 [97ee00cc-8878-42b3-8e3f-b8716daccca4@group-332E8197AAED-LeaderElection3] INFO  server.RaftServerConfigKeys (ConfUtils.java:logGet(46)) - raft.server.watch.timeout.denomination = 1s (default)
2023-08-29 18:52:56,400 [97ee00cc-8878-42b3-8e3f-b8716daccca4@group-332E8197AAED-LeaderElection3] INFO  server.RaftServerConfigKeys (ConfUtils.java:logGet(46)) - raft.server.watch.element-limit = 65536 (default)
2023-08-29 18:52:56,401 [97ee00cc-8878-42b3-8e3f-b8716daccca4@group-332E8197AAED-LeaderElection3] INFO  server.RaftServerConfigKeys (ConfUtils.java:logGet(46)) - raft.server.write.element-limit = 1024 (custom)
2023-08-29 18:52:56,401 [97ee00cc-8878-42b3-8e3f-b8716daccca4@group-332E8197AAED-LeaderElection3] INFO  server.RaftServerConfigKeys (ConfUtils.java:logGet(46)) - raft.server.write.follower.gap.ratio.max = -1.0 (default)
2023-08-29 18:52:56,401 [97ee00cc-8878-42b3-8e3f-b8716daccca4@group-332E8197AAED-LeaderElection3] INFO  impl.RoleInfo (RoleInfo.java:updateAndGet(139)) - 97ee00cc-8878-42b3-8e3f-b8716daccca4: start 97ee00cc-8878-42b3-8e3f-b8716daccca4@group-332E8197AAED-LeaderStateImpl
2023-08-29 18:52:56,401 [97ee00cc-8878-42b3-8e3f-b8716daccca4@group-332E8197AAED-LeaderElection3] INFO  segmented.SegmentedRaftLogWorker (SegmentedRaftLogWorker.java:startLogSegment(447)) - 97ee00cc-8878-42b3-8e3f-b8716daccca4@group-332E8197AAED-SegmentedRaftLogWorker: Starting segment from index:0
2023-08-29 18:52:56,401 [EventQueue-OpenPipelineForHealthyPipelineSafeModeRule] INFO  safemode.SCMSafeModeManager (HealthyPipelineSafeModeRule.java:process(137)) - SCM in safe mode. Healthy pipelines reported count is 0, required healthy pipeline reported count is 1
2023-08-29 18:52:56,402 [97ee00cc-8878-42b3-8e3f-b8716daccca4@group-332E8197AAED-SegmentedRaftLogWorker] INFO  segmented.SegmentedRaftLogWorker (SegmentedRaftLogWorker.java:execute(651)) - 97ee00cc-8878-42b3-8e3f-b8716daccca4@group-332E8197AAED-SegmentedRaftLogWorker: created new log segment /home/runner/work/ozone/ozone/hadoop-ozone/integration-test/target/test-dir/MiniOzoneClusterImpl-f4f7c4b3-a6e6-4e2b-8957-3aa4c0e420f5/datanode-0/data/ratis/1466a637-63f4-4623-9ddc-332e8197aaed/current/log_inprogress_0
2023-08-29 18:52:56,413 [97ee00cc-8878-42b3-8e3f-b8716daccca4@group-332E8197AAED-LeaderElection3] INFO  server.RaftServer$Division (ServerState.java:setRaftConf(434)) - 97ee00cc-8878-42b3-8e3f-b8716daccca4@group-332E8197AAED: set configuration 0: peers:[97ee00cc-8878-42b3-8e3f-b8716daccca4|rpc:10.1.0.239:15014|admin:10.1.0.239:15013|client:10.1.0.239:15012|dataStream:10.1.0.239:15015|priority:1|startupRole:FOLLOWER]|listeners:[], old=null
2023-08-29 18:52:56,574 [main] INFO  ozone.MiniOzoneClusterImpl (MiniOzoneClusterImpl.java:lambda$waitForClusterToBeReady$0(224)) - Nodes are ready. Got 5 of 5 DN Heartbeats.
2023-08-29 18:52:56,574 [main] INFO  ozone.MiniOzoneClusterImpl (MiniOzoneClusterImpl.java:lambda$waitForClusterToBeReady$0(227)) - Waiting for cluster to exit safe mode
2023-08-29 18:52:56,574 [main] INFO  ozone.MiniOzoneClusterImpl (MiniOzoneClusterImpl.java:lambda$waitForClusterToBeReady$0(229)) - SCM became leader
2023-08-29 18:52:56,959 [7f4449f5-5363-4e2a-a958-eb2e78800a81@group-A7575599D9FE-FollowerState] INFO  impl.FollowerState (FollowerState.java:run(143)) - 7f4449f5-5363-4e2a-a958-eb2e78800a81@group-A7575599D9FE-FollowerState: change to CANDIDATE, lastRpcElapsedTime:5010298150ns, electionTimeout:5009ms
2023-08-29 18:52:56,959 [7f4449f5-5363-4e2a-a958-eb2e78800a81@group-A7575599D9FE-FollowerState] INFO  impl.RoleInfo (RoleInfo.java:shutdownFollowerState(110)) - 7f4449f5-5363-4e2a-a958-eb2e78800a81: shutdown 7f4449f5-5363-4e2a-a958-eb2e78800a81@group-A7575599D9FE-FollowerState
2023-08-29 18:52:56,959 [7f4449f5-5363-4e2a-a958-eb2e78800a81@group-A7575599D9FE-FollowerState] INFO  server.RaftServer$Division (RaftServerImpl.java:setRole(329)) - 7f4449f5-5363-4e2a-a958-eb2e78800a81@group-A7575599D9FE: changes role from  FOLLOWER to CANDIDATE at term 0 for changeToCandidate
2023-08-29 18:52:56,961 [7f4449f5-5363-4e2a-a958-eb2e78800a81@group-A7575599D9FE-FollowerState] INFO  server.RaftServerConfigKeys (ConfUtils.java:logGet(46)) - raft.server.leaderelection.pre-vote = true (default)
2023-08-29 18:52:56,961 [7f4449f5-5363-4e2a-a958-eb2e78800a81@group-A7575599D9FE-FollowerState] INFO  impl.RoleInfo (RoleInfo.java:updateAndGet(139)) - 7f4449f5-5363-4e2a-a958-eb2e78800a81: start 7f4449f5-5363-4e2a-a958-eb2e78800a81@group-A7575599D9FE-LeaderElection4
2023-08-29 18:52:56,967 [7f4449f5-5363-4e2a-a958-eb2e78800a81@group-A7575599D9FE-LeaderElection4] INFO  impl.LeaderElection (LeaderElection.java:askForVotes(321)) - 7f4449f5-5363-4e2a-a958-eb2e78800a81@group-A7575599D9FE-LeaderElection4 PRE_VOTE round 0: submit vote requests at term 0 for -1: peers:[7f4449f5-5363-4e2a-a958-eb2e78800a81|rpc:10.1.0.239:15023|admin:10.1.0.239:15022|client:10.1.0.239:15021|dataStream:10.1.0.239:15024|priority:1|startupRole:FOLLOWER]|listeners:[], old=null
2023-08-29 18:52:56,967 [7f4449f5-5363-4e2a-a958-eb2e78800a81@group-A7575599D9FE-LeaderElection4] INFO  impl.LeaderElection (LeaderElection.java:askForVotes(323)) - 7f4449f5-5363-4e2a-a958-eb2e78800a81@group-A7575599D9FE-LeaderElection4 PRE_VOTE round 0: result PASSED (term=0)
2023-08-29 18:52:56,969 [7f4449f5-5363-4e2a-a958-eb2e78800a81@group-A7575599D9FE-LeaderElection4] INFO  impl.LeaderElection (LeaderElection.java:askForVotes(321)) - 7f4449f5-5363-4e2a-a958-eb2e78800a81@group-A7575599D9FE-LeaderElection4 ELECTION round 0: submit vote requests at term 1 for -1: peers:[7f4449f5-5363-4e2a-a958-eb2e78800a81|rpc:10.1.0.239:15023|admin:10.1.0.239:15022|client:10.1.0.239:15021|dataStream:10.1.0.239:15024|priority:1|startupRole:FOLLOWER]|listeners:[], old=null
2023-08-29 18:52:56,969 [7f4449f5-5363-4e2a-a958-eb2e78800a81@group-A7575599D9FE-LeaderElection4] INFO  impl.LeaderElection (LeaderElection.java:askForVotes(323)) - 7f4449f5-5363-4e2a-a958-eb2e78800a81@group-A7575599D9FE-LeaderElection4 ELECTION round 0: result PASSED (term=1)
2023-08-29 18:52:56,969 [7f4449f5-5363-4e2a-a958-eb2e78800a81@group-A7575599D9FE-LeaderElection4] INFO  impl.RoleInfo (RoleInfo.java:shutdownLeaderElection(130)) - 7f4449f5-5363-4e2a-a958-eb2e78800a81: shutdown 7f4449f5-5363-4e2a-a958-eb2e78800a81@group-A7575599D9FE-LeaderElection4
2023-08-29 18:52:56,969 [7f4449f5-5363-4e2a-a958-eb2e78800a81@group-A7575599D9FE-LeaderElection4] INFO  server.RaftServer$Division (RaftServerImpl.java:setRole(329)) - 7f4449f5-5363-4e2a-a958-eb2e78800a81@group-A7575599D9FE: changes role from CANDIDATE to LEADER at term 1 for changeToLeader
2023-08-29 18:52:56,969 [7f4449f5-5363-4e2a-a958-eb2e78800a81@group-A7575599D9FE-LeaderElection4] INFO  ratis.XceiverServerRatis (XceiverServerRatis.java:handleLeaderChangedNotification(902)) - Leader change notification received for group: group-A7575599D9FE with new leaderId: 7f4449f5-5363-4e2a-a958-eb2e78800a81
2023-08-29 18:52:56,969 [7f4449f5-5363-4e2a-a958-eb2e78800a81@group-A7575599D9FE-LeaderElection4] INFO  server.RaftServer$Division (ServerState.java:setLeader(317)) - 7f4449f5-5363-4e2a-a958-eb2e78800a81@group-A7575599D9FE: change Leader from null to 7f4449f5-5363-4e2a-a958-eb2e78800a81 at term 1 for becomeLeader, leader elected after 5299ms
2023-08-29 18:52:56,969 [7f4449f5-5363-4e2a-a958-eb2e78800a81@group-A7575599D9FE-LeaderElection4] INFO  server.RaftServerConfigKeys (ConfUtils.java:logGet(46)) - raft.server.staging.catchup.gap = 1000 (default)
2023-08-29 18:52:56,969 [7f4449f5-5363-4e2a-a958-eb2e78800a81@group-A7575599D9FE-LeaderElection4] INFO  server.RaftServerConfigKeys (ConfUtils.java:logGet(46)) - raft.server.write.element-limit = 1024 (custom)
2023-08-29 18:52:56,969 [7f4449f5-5363-4e2a-a958-eb2e78800a81@group-A7575599D9FE-LeaderElection4] INFO  server.RaftServerConfigKeys (ConfUtils.java:logGet(46)) - raft.server.write.byte-limit = 1024 M (=1073741824) (custom)
2023-08-29 18:52:56,971 [EventQueue-OpenPipelineForHealthyPipelineSafeModeRule] INFO  safemode.SCMSafeModeManager (HealthyPipelineSafeModeRule.java:process(137)) - SCM in safe mode. Healthy pipelines reported count is 0, required healthy pipeline reported count is 1
2023-08-29 18:52:56,971 [7f4449f5-5363-4e2a-a958-eb2e78800a81@group-A7575599D9FE-LeaderElection4] INFO  server.RaftServerConfigKeys (ConfUtils.java:logGet(46)) - raft.server.watch.timeout = 180s (custom)
2023-08-29 18:52:56,971 [7f4449f5-5363-4e2a-a958-eb2e78800a81@group-A7575599D9FE-LeaderElection4] INFO  server.RaftServerConfigKeys (ConfUtils.java:logGet(46)) - raft.server.watch.timeout.denomination = 1s (default)
2023-08-29 18:52:56,971 [7f4449f5-5363-4e2a-a958-eb2e78800a81@group-A7575599D9FE-LeaderElection4] INFO  server.RaftServerConfigKeys (ConfUtils.java:logGet(46)) - raft.server.watch.element-limit = 65536 (default)
2023-08-29 18:52:56,971 [7f4449f5-5363-4e2a-a958-eb2e78800a81@group-A7575599D9FE-LeaderElection4] INFO  server.RaftServerConfigKeys (ConfUtils.java:logGet(46)) - raft.server.write.element-limit = 1024 (custom)
2023-08-29 18:52:56,971 [7f4449f5-5363-4e2a-a958-eb2e78800a81@group-A7575599D9FE-LeaderElection4] INFO  server.RaftServerConfigKeys (ConfUtils.java:logGet(46)) - raft.server.write.follower.gap.ratio.max = -1.0 (default)
2023-08-29 18:52:56,971 [7f4449f5-5363-4e2a-a958-eb2e78800a81@group-A7575599D9FE-LeaderElection4] INFO  impl.RoleInfo (RoleInfo.java:updateAndGet(139)) - 7f4449f5-5363-4e2a-a958-eb2e78800a81: start 7f4449f5-5363-4e2a-a958-eb2e78800a81@group-A7575599D9FE-LeaderStateImpl
2023-08-29 18:52:56,972 [7f4449f5-5363-4e2a-a958-eb2e78800a81@group-A7575599D9FE-LeaderElection4] INFO  segmented.SegmentedRaftLogWorker (SegmentedRaftLogWorker.java:startLogSegment(447)) - 7f4449f5-5363-4e2a-a958-eb2e78800a81@group-A7575599D9FE-SegmentedRaftLogWorker: Starting segment from index:0
2023-08-29 18:52:56,977 [7f4449f5-5363-4e2a-a958-eb2e78800a81@group-A7575599D9FE-SegmentedRaftLogWorker] INFO  segmented.SegmentedRaftLogWorker (SegmentedRaftLogWorker.java:execute(651)) - 7f4449f5-5363-4e2a-a958-eb2e78800a81@group-A7575599D9FE-SegmentedRaftLogWorker: created new log segment /home/runner/work/ozone/ozone/hadoop-ozone/integration-test/target/test-dir/MiniOzoneClusterImpl-f4f7c4b3-a6e6-4e2b-8957-3aa4c0e420f5/datanode-1/data/ratis/06d0e18e-4e42-4c5a-89b5-a7575599d9fe/current/log_inprogress_0
2023-08-29 18:52:56,977 [7f4449f5-5363-4e2a-a958-eb2e78800a81@group-A7575599D9FE-LeaderElection4] INFO  server.RaftServer$Division (ServerState.java:setRaftConf(434)) - 7f4449f5-5363-4e2a-a958-eb2e78800a81@group-A7575599D9FE: set configuration 0: peers:[7f4449f5-5363-4e2a-a958-eb2e78800a81|rpc:10.1.0.239:15023|admin:10.1.0.239:15022|client:10.1.0.239:15021|dataStream:10.1.0.239:15024|priority:1|startupRole:FOLLOWER]|listeners:[], old=null
2023-08-29 18:52:57,123 [8e764df9-21b5-444f-852f-dd54d92b5fac@group-7E53C364F6DC-FollowerState] INFO  impl.FollowerState (FollowerState.java:run(143)) - 8e764df9-21b5-444f-852f-dd54d92b5fac@group-7E53C364F6DC-FollowerState: change to CANDIDATE, lastRpcElapsedTime:5132466567ns, electionTimeout:5131ms
2023-08-29 18:52:57,124 [8e764df9-21b5-444f-852f-dd54d92b5fac@group-7E53C364F6DC-FollowerState] INFO  impl.RoleInfo (RoleInfo.java:shutdownFollowerState(110)) - 8e764df9-21b5-444f-852f-dd54d92b5fac: shutdown 8e764df9-21b5-444f-852f-dd54d92b5fac@group-7E53C364F6DC-FollowerState
2023-08-29 18:52:57,124 [8e764df9-21b5-444f-852f-dd54d92b5fac@group-7E53C364F6DC-FollowerState] INFO  server.RaftServer$Division (RaftServerImpl.java:setRole(329)) - 8e764df9-21b5-444f-852f-dd54d92b5fac@group-7E53C364F6DC: changes role from  FOLLOWER to CANDIDATE at term 0 for changeToCandidate
2023-08-29 18:52:57,125 [8e764df9-21b5-444f-852f-dd54d92b5fac@group-7E53C364F6DC-FollowerState] INFO  server.RaftServerConfigKeys (ConfUtils.java:logGet(46)) - raft.server.leaderelection.pre-vote = true (default)
2023-08-29 18:52:57,125 [8e764df9-21b5-444f-852f-dd54d92b5fac@group-7E53C364F6DC-FollowerState] INFO  impl.RoleInfo (RoleInfo.java:updateAndGet(139)) - 8e764df9-21b5-444f-852f-dd54d92b5fac: start 8e764df9-21b5-444f-852f-dd54d92b5fac@group-7E53C364F6DC-LeaderElection5
2023-08-29 18:52:57,134 [8e764df9-21b5-444f-852f-dd54d92b5fac@group-7E53C364F6DC-LeaderElection5] INFO  impl.LeaderElection (LeaderElection.java:askForVotes(321)) - 8e764df9-21b5-444f-852f-dd54d92b5fac@group-7E53C364F6DC-LeaderElection5 PRE_VOTE round 0: submit vote requests at term 0 for -1: peers:[8e764df9-21b5-444f-852f-dd54d92b5fac|rpc:10.1.0.239:15032|admin:10.1.0.239:15031|client:10.1.0.239:15030|dataStream:10.1.0.239:15033|priority:1|startupRole:FOLLOWER]|listeners:[], old=null
2023-08-29 18:52:57,134 [8e764df9-21b5-444f-852f-dd54d92b5fac@group-7E53C364F6DC-LeaderElection5] INFO  impl.LeaderElection (LeaderElection.java:askForVotes(323)) - 8e764df9-21b5-444f-852f-dd54d92b5fac@group-7E53C364F6DC-LeaderElection5 PRE_VOTE round 0: result PASSED (term=0)
2023-08-29 18:52:57,135 [8e764df9-21b5-444f-852f-dd54d92b5fac@group-7E53C364F6DC-LeaderElection5] INFO  impl.LeaderElection (LeaderElection.java:askForVotes(321)) - 8e764df9-21b5-444f-852f-dd54d92b5fac@group-7E53C364F6DC-LeaderElection5 ELECTION round 0: submit vote requests at term 1 for -1: peers:[8e764df9-21b5-444f-852f-dd54d92b5fac|rpc:10.1.0.239:15032|admin:10.1.0.239:15031|client:10.1.0.239:15030|dataStream:10.1.0.239:15033|priority:1|startupRole:FOLLOWER]|listeners:[], old=null
2023-08-29 18:52:57,135 [8e764df9-21b5-444f-852f-dd54d92b5fac@group-7E53C364F6DC-LeaderElection5] INFO  impl.LeaderElection (LeaderElection.java:askForVotes(323)) - 8e764df9-21b5-444f-852f-dd54d92b5fac@group-7E53C364F6DC-LeaderElection5 ELECTION round 0: result PASSED (term=1)
2023-08-29 18:52:57,135 [8e764df9-21b5-444f-852f-dd54d92b5fac@group-7E53C364F6DC-LeaderElection5] INFO  impl.RoleInfo (RoleInfo.java:shutdownLeaderElection(130)) - 8e764df9-21b5-444f-852f-dd54d92b5fac: shutdown 8e764df9-21b5-444f-852f-dd54d92b5fac@group-7E53C364F6DC-LeaderElection5
2023-08-29 18:52:57,135 [8e764df9-21b5-444f-852f-dd54d92b5fac@group-7E53C364F6DC-LeaderElection5] INFO  server.RaftServer$Division (RaftServerImpl.java:setRole(329)) - 8e764df9-21b5-444f-852f-dd54d92b5fac@group-7E53C364F6DC: changes role from CANDIDATE to LEADER at term 1 for changeToLeader
2023-08-29 18:52:57,135 [8e764df9-21b5-444f-852f-dd54d92b5fac@group-7E53C364F6DC-LeaderElection5] INFO  ratis.XceiverServerRatis (XceiverServerRatis.java:handleLeaderChangedNotification(902)) - Leader change notification received for group: group-7E53C364F6DC with new leaderId: 8e764df9-21b5-444f-852f-dd54d92b5fac
2023-08-29 18:52:57,136 [8e764df9-21b5-444f-852f-dd54d92b5fac@group-7E53C364F6DC-LeaderElection5] INFO  server.RaftServer$Division (ServerState.java:setLeader(317)) - 8e764df9-21b5-444f-852f-dd54d92b5fac@group-7E53C364F6DC: change Leader from null to 8e764df9-21b5-444f-852f-dd54d92b5fac at term 1 for becomeLeader, leader elected after 5182ms
2023-08-29 18:52:57,136 [8e764df9-21b5-444f-852f-dd54d92b5fac@group-7E53C364F6DC-LeaderElection5] INFO  server.RaftServerConfigKeys (ConfUtils.java:logGet(46)) - raft.server.staging.catchup.gap = 1000 (default)
2023-08-29 18:52:57,136 [8e764df9-21b5-444f-852f-dd54d92b5fac@group-7E53C364F6DC-LeaderElection5] INFO  server.RaftServerConfigKeys (ConfUtils.java:logGet(46)) - raft.server.write.element-limit = 1024 (custom)
2023-08-29 18:52:57,137 [8e764df9-21b5-444f-852f-dd54d92b5fac@group-7E53C364F6DC-LeaderElection5] INFO  server.RaftServerConfigKeys (ConfUtils.java:logGet(46)) - raft.server.write.byte-limit = 1024 M (=1073741824) (custom)
2023-08-29 18:52:57,137 [8e764df9-21b5-444f-852f-dd54d92b5fac@group-7E53C364F6DC-LeaderElection5] INFO  server.RaftServerConfigKeys (ConfUtils.java:logGet(46)) - raft.server.watch.timeout = 180s (custom)
2023-08-29 18:52:57,137 [8e764df9-21b5-444f-852f-dd54d92b5fac@group-7E53C364F6DC-LeaderElection5] INFO  server.RaftServerConfigKeys (ConfUtils.java:logGet(46)) - raft.server.watch.timeout.denomination = 1s (default)
2023-08-29 18:52:57,137 [8e764df9-21b5-444f-852f-dd54d92b5fac@group-7E53C364F6DC-LeaderElection5] INFO  server.RaftServerConfigKeys (ConfUtils.java:logGet(46)) - raft.server.watch.element-limit = 65536 (default)
2023-08-29 18:52:57,137 [8e764df9-21b5-444f-852f-dd54d92b5fac@group-7E53C364F6DC-LeaderElection5] INFO  server.RaftServerConfigKeys (ConfUtils.java:logGet(46)) - raft.server.write.element-limit = 1024 (custom)
2023-08-29 18:52:57,137 [8e764df9-21b5-444f-852f-dd54d92b5fac@group-7E53C364F6DC-LeaderElection5] INFO  server.RaftServerConfigKeys (ConfUtils.java:logGet(46)) - raft.server.write.follower.gap.ratio.max = -1.0 (default)
2023-08-29 18:52:57,137 [8e764df9-21b5-444f-852f-dd54d92b5fac@group-7E53C364F6DC-LeaderElection5] INFO  impl.RoleInfo (RoleInfo.java:updateAndGet(139)) - 8e764df9-21b5-444f-852f-dd54d92b5fac: start 8e764df9-21b5-444f-852f-dd54d92b5fac@group-7E53C364F6DC-LeaderStateImpl
2023-08-29 18:52:57,138 [8e764df9-21b5-444f-852f-dd54d92b5fac@group-7E53C364F6DC-LeaderElection5] INFO  segmented.SegmentedRaftLogWorker (SegmentedRaftLogWorker.java:startLogSegment(447)) - 8e764df9-21b5-444f-852f-dd54d92b5fac@group-7E53C364F6DC-SegmentedRaftLogWorker: Starting segment from index:0
2023-08-29 18:52:57,138 [EventQueue-OpenPipelineForHealthyPipelineSafeModeRule] INFO  safemode.SCMSafeModeManager (HealthyPipelineSafeModeRule.java:process(137)) - SCM in safe mode. Healthy pipelines reported count is 0, required healthy pipeline reported count is 1
2023-08-29 18:52:57,140 [8e764df9-21b5-444f-852f-dd54d92b5fac@group-5E2011258112-FollowerState] INFO  impl.FollowerState (FollowerState.java:run(143)) - 8e764df9-21b5-444f-852f-dd54d92b5fac@group-5E2011258112-FollowerState: change to CANDIDATE, lastRpcElapsedTime:5204938464ns, electionTimeout:5188ms
2023-08-29 18:52:57,141 [8e764df9-21b5-444f-852f-dd54d92b5fac@group-5E2011258112-FollowerState] INFO  impl.RoleInfo (RoleInfo.java:shutdownFollowerState(110)) - 8e764df9-21b5-444f-852f-dd54d92b5fac: shutdown 8e764df9-21b5-444f-852f-dd54d92b5fac@group-5E2011258112-FollowerState
2023-08-29 18:52:57,141 [8e764df9-21b5-444f-852f-dd54d92b5fac@group-5E2011258112-FollowerState] INFO  server.RaftServer$Division (RaftServerImpl.java:setRole(329)) - 8e764df9-21b5-444f-852f-dd54d92b5fac@group-5E2011258112: changes role from  FOLLOWER to CANDIDATE at term 0 for changeToCandidate
2023-08-29 18:52:57,141 [8e764df9-21b5-444f-852f-dd54d92b5fac@group-5E2011258112-FollowerState] INFO  server.RaftServerConfigKeys (ConfUtils.java:logGet(46)) - raft.server.leaderelection.pre-vote = true (default)
2023-08-29 18:52:57,141 [8e764df9-21b5-444f-852f-dd54d92b5fac@group-5E2011258112-FollowerState] INFO  impl.RoleInfo (RoleInfo.java:updateAndGet(139)) - 8e764df9-21b5-444f-852f-dd54d92b5fac: start 8e764df9-21b5-444f-852f-dd54d92b5fac@group-5E2011258112-LeaderElection6
2023-08-29 18:52:57,143 [8e764df9-21b5-444f-852f-dd54d92b5fac@group-7E53C364F6DC-SegmentedRaftLogWorker] INFO  segmented.SegmentedRaftLogWorker (SegmentedRaftLogWorker.java:execute(651)) - 8e764df9-21b5-444f-852f-dd54d92b5fac@group-7E53C364F6DC-SegmentedRaftLogWorker: created new log segment /home/runner/work/ozone/ozone/hadoop-ozone/integration-test/target/test-dir/MiniOzoneClusterImpl-f4f7c4b3-a6e6-4e2b-8957-3aa4c0e420f5/datanode-2/data/ratis/80c10e0f-f52f-48ee-9066-7e53c364f6dc/current/log_inprogress_0
2023-08-29 18:52:57,143 [8e764df9-21b5-444f-852f-dd54d92b5fac@group-7E53C364F6DC-LeaderElection5] INFO  server.RaftServer$Division (ServerState.java:setRaftConf(434)) - 8e764df9-21b5-444f-852f-dd54d92b5fac@group-7E53C364F6DC: set configuration 0: peers:[8e764df9-21b5-444f-852f-dd54d92b5fac|rpc:10.1.0.239:15032|admin:10.1.0.239:15031|client:10.1.0.239:15030|dataStream:10.1.0.239:15033|priority:1|startupRole:FOLLOWER]|listeners:[], old=null
2023-08-29 18:52:57,147 [8e764df9-21b5-444f-852f-dd54d92b5fac@group-5E2011258112-LeaderElection6] INFO  impl.LeaderElection (LeaderElection.java:askForVotes(321)) - 8e764df9-21b5-444f-852f-dd54d92b5fac@group-5E2011258112-LeaderElection6 PRE_VOTE round 0: submit vote requests at term 0 for -1: peers:[7f4449f5-5363-4e2a-a958-eb2e78800a81|rpc:10.1.0.239:15023|admin:10.1.0.239:15022|client:10.1.0.239:15021|dataStream:10.1.0.239:15024|priority:0|startupRole:FOLLOWER, 8e764df9-21b5-444f-852f-dd54d92b5fac|rpc:10.1.0.239:15032|admin:10.1.0.239:15031|client:10.1.0.239:15030|dataStream:10.1.0.239:15033|priority:1|startupRole:FOLLOWER, 97ee00cc-8878-42b3-8e3f-b8716daccca4|rpc:10.1.0.239:15014|admin:10.1.0.239:15013|client:10.1.0.239:15012|dataStream:10.1.0.239:15015|priority:0|startupRole:FOLLOWER]|listeners:[], old=null
2023-08-29 18:52:57,147 [8e764df9-21b5-444f-852f-dd54d92b5fac@group-5E2011258112-LeaderElection6-1] INFO  server.GrpcServerProtocolClient (GrpcServerProtocolClient.java:<init>(65)) - Build channel for 7f4449f5-5363-4e2a-a958-eb2e78800a81
2023-08-29 18:52:57,148 [8e764df9-21b5-444f-852f-dd54d92b5fac@group-5E2011258112-LeaderElection6] INFO  server.RaftServerConfigKeys (ConfUtils.java:logFallback(53)) - raft.server.rpc.first-election.timeout.min = 5s (fallback to raft.server.rpc.timeout.min)
2023-08-29 18:52:57,159 [8e764df9-21b5-444f-852f-dd54d92b5fac@group-5E2011258112-LeaderElection6] INFO  server.RaftServerConfigKeys (ConfUtils.java:logFallback(53)) - raft.server.rpc.first-election.timeout.max = 5200ms (fallback to raft.server.rpc.timeout.max)
2023-08-29 18:52:57,157 [8e764df9-21b5-444f-852f-dd54d92b5fac@group-5E2011258112-LeaderElection6-2] INFO  server.GrpcServerProtocolClient (GrpcServerProtocolClient.java:<init>(65)) - Build channel for 97ee00cc-8878-42b3-8e3f-b8716daccca4
2023-08-29 18:52:57,169 [grpc-default-executor-0] INFO  server.RaftServer$Division (RaftServerImpl.java:requestVote(1302)) - 7f4449f5-5363-4e2a-a958-eb2e78800a81@group-5E2011258112: receive requestVote(PRE_VOTE, 8e764df9-21b5-444f-852f-dd54d92b5fac, group-5E2011258112, 0, (t:0, i:0))
2023-08-29 18:52:57,169 [grpc-default-executor-0] INFO  impl.VoteContext (VoteContext.java:log(49)) - 7f4449f5-5363-4e2a-a958-eb2e78800a81@group-5E2011258112-FOLLOWER: accept PRE_VOTE from 8e764df9-21b5-444f-852f-dd54d92b5fac: our priority 0 <= candidate's priority 1
2023-08-29 18:52:57,169 [grpc-default-executor-0] INFO  server.RaftServer$Division (RaftServerImpl.java:requestVote(1335)) - 7f4449f5-5363-4e2a-a958-eb2e78800a81@group-5E2011258112 replies to PRE_VOTE vote request: 8e764df9-21b5-444f-852f-dd54d92b5fac<-7f4449f5-5363-4e2a-a958-eb2e78800a81#0:OK-t0. Peer's state: 7f4449f5-5363-4e2a-a958-eb2e78800a81@group-5E2011258112:t0, leader=null, voted=, raftlog=Memoized:7f4449f5-5363-4e2a-a958-eb2e78800a81@group-5E2011258112-SegmentedRaftLog:OPENED:c-1, conf=-1: peers:[7f4449f5-5363-4e2a-a958-eb2e78800a81|rpc:10.1.0.239:15023|admin:10.1.0.239:15022|client:10.1.0.239:15021|dataStream:10.1.0.239:15024|priority:0|startupRole:FOLLOWER, 8e764df9-21b5-444f-852f-dd54d92b5fac|rpc:10.1.0.239:15032|admin:10.1.0.239:15031|client:10.1.0.239:15030|dataStream:10.1.0.239:15033|priority:1|startupRole:FOLLOWER, 97ee00cc-8878-42b3-8e3f-b8716daccca4|rpc:10.1.0.239:15014|admin:10.1.0.239:15013|client:10.1.0.239:15012|dataStream:10.1.0.239:15015|priority:0|startupRole:FOLLOWER]|listeners:[], old=null
2023-08-29 18:52:57,172 [8e764df9-21b5-444f-852f-dd54d92b5fac@group-5E2011258112-LeaderElection6] INFO  impl.LeaderElection (LeaderElection.java:logAndReturn(90)) - 8e764df9-21b5-444f-852f-dd54d92b5fac@group-5E2011258112-LeaderElection6: PRE_VOTE PASSED received 1 response(s) and 0 exception(s):
2023-08-29 18:52:57,172 [8e764df9-21b5-444f-852f-dd54d92b5fac@group-5E2011258112-LeaderElection6] INFO  impl.LeaderElection (LeaderElection.java:logAndReturn(94)) -   Response 0: 8e764df9-21b5-444f-852f-dd54d92b5fac<-7f4449f5-5363-4e2a-a958-eb2e78800a81#0:OK-t0
2023-08-29 18:52:57,172 [8e764df9-21b5-444f-852f-dd54d92b5fac@group-5E2011258112-LeaderElection6] INFO  impl.LeaderElection (LeaderElection.java:askForVotes(323)) - 8e764df9-21b5-444f-852f-dd54d92b5fac@group-5E2011258112-LeaderElection6 PRE_VOTE round 0: result PASSED
2023-08-29 18:52:57,174 [8e764df9-21b5-444f-852f-dd54d92b5fac@group-5E2011258112-LeaderElection6] INFO  impl.LeaderElection (LeaderElection.java:askForVotes(321)) - 8e764df9-21b5-444f-852f-dd54d92b5fac@group-5E2011258112-LeaderElection6 ELECTION round 0: submit vote requests at term 1 for -1: peers:[7f4449f5-5363-4e2a-a958-eb2e78800a81|rpc:10.1.0.239:15023|admin:10.1.0.239:15022|client:10.1.0.239:15021|dataStream:10.1.0.239:15024|priority:0|startupRole:FOLLOWER, 8e764df9-21b5-444f-852f-dd54d92b5fac|rpc:10.1.0.239:15032|admin:10.1.0.239:15031|client:10.1.0.239:15030|dataStream:10.1.0.239:15033|priority:1|startupRole:FOLLOWER, 97ee00cc-8878-42b3-8e3f-b8716daccca4|rpc:10.1.0.239:15014|admin:10.1.0.239:15013|client:10.1.0.239:15012|dataStream:10.1.0.239:15015|priority:0|startupRole:FOLLOWER]|listeners:[], old=null
2023-08-29 18:52:57,174 [grpc-default-executor-0] INFO  server.RaftServer$Division (RaftServerImpl.java:requestVote(1302)) - 97ee00cc-8878-42b3-8e3f-b8716daccca4@group-5E2011258112: receive requestVote(PRE_VOTE, 8e764df9-21b5-444f-852f-dd54d92b5fac, group-5E2011258112, 0, (t:0, i:0))
2023-08-29 18:52:57,176 [8e764df9-21b5-444f-852f-dd54d92b5fac@group-5E2011258112-LeaderElection6] INFO  server.RaftServerConfigKeys (ConfUtils.java:logFallback(53)) - raft.server.rpc.first-election.timeout.min = 5s (fallback to raft.server.rpc.timeout.min)
2023-08-29 18:52:57,177 [grpc-default-executor-1] INFO  server.RaftServer$Division (RaftServerImpl.java:requestVote(1302)) - 7f4449f5-5363-4e2a-a958-eb2e78800a81@group-5E2011258112: receive requestVote(ELECTION, 8e764df9-21b5-444f-852f-dd54d92b5fac, group-5E2011258112, 1, (t:0, i:0))
2023-08-29 18:52:57,177 [grpc-default-executor-0] INFO  impl.VoteContext (VoteContext.java:log(49)) - 97ee00cc-8878-42b3-8e3f-b8716daccca4@group-5E2011258112-FOLLOWER: accept PRE_VOTE from 8e764df9-21b5-444f-852f-dd54d92b5fac: our priority 0 <= candidate's priority 1
2023-08-29 18:52:57,178 [8e764df9-21b5-444f-852f-dd54d92b5fac@group-5E2011258112-LeaderElection6] INFO  server.RaftServerConfigKeys (ConfUtils.java:logFallback(53)) - raft.server.rpc.first-election.timeout.max = 5200ms (fallback to raft.server.rpc.timeout.max)
2023-08-29 18:52:57,178 [grpc-default-executor-0] INFO  server.RaftServer$Division (RaftServerImpl.java:requestVote(1335)) - 97ee00cc-8878-42b3-8e3f-b8716daccca4@group-5E2011258112 replies to PRE_VOTE vote request: 8e764df9-21b5-444f-852f-dd54d92b5fac<-97ee00cc-8878-42b3-8e3f-b8716daccca4#0:OK-t0. Peer's state: 97ee00cc-8878-42b3-8e3f-b8716daccca4@group-5E2011258112:t0, leader=null, voted=, raftlog=Memoized:97ee00cc-8878-42b3-8e3f-b8716daccca4@group-5E2011258112-SegmentedRaftLog:OPENED:c-1, conf=-1: peers:[7f4449f5-5363-4e2a-a958-eb2e78800a81|rpc:10.1.0.239:15023|admin:10.1.0.239:15022|client:10.1.0.239:15021|dataStream:10.1.0.239:15024|priority:0|startupRole:FOLLOWER, 8e764df9-21b5-444f-852f-dd54d92b5fac|rpc:10.1.0.239:15032|admin:10.1.0.239:15031|client:10.1.0.239:15030|dataStream:10.1.0.239:15033|priority:1|startupRole:FOLLOWER, 97ee00cc-8878-42b3-8e3f-b8716daccca4|rpc:10.1.0.239:15014|admin:10.1.0.239:15013|client:10.1.0.239:15012|dataStream:10.1.0.239:15015|priority:0|startupRole:FOLLOWER]|listeners:[], old=null
2023-08-29 18:52:57,180 [grpc-default-executor-1] INFO  impl.VoteContext (VoteContext.java:log(49)) - 7f4449f5-5363-4e2a-a958-eb2e78800a81@group-5E2011258112-FOLLOWER: accept ELECTION from 8e764df9-21b5-444f-852f-dd54d92b5fac: our priority 0 <= candidate's priority 1
2023-08-29 18:52:57,180 [grpc-default-executor-1] INFO  server.RaftServer$Division (RaftServerImpl.java:setRole(329)) - 7f4449f5-5363-4e2a-a958-eb2e78800a81@group-5E2011258112: changes role from  FOLLOWER to FOLLOWER at term 1 for candidate:8e764df9-21b5-444f-852f-dd54d92b5fac
2023-08-29 18:52:57,180 [grpc-default-executor-1] INFO  impl.RoleInfo (RoleInfo.java:shutdownFollowerState(110)) - 7f4449f5-5363-4e2a-a958-eb2e78800a81: shutdown 7f4449f5-5363-4e2a-a958-eb2e78800a81@group-5E2011258112-FollowerState
2023-08-29 18:52:57,180 [7f4449f5-5363-4e2a-a958-eb2e78800a81@group-5E2011258112-FollowerState] INFO  impl.FollowerState (FollowerState.java:run(152)) - 7f4449f5-5363-4e2a-a958-eb2e78800a81@group-5E2011258112-FollowerState was interrupted
2023-08-29 18:52:57,180 [grpc-default-executor-1] INFO  impl.RoleInfo (RoleInfo.java:updateAndGet(139)) - 7f4449f5-5363-4e2a-a958-eb2e78800a81: start 7f4449f5-5363-4e2a-a958-eb2e78800a81@group-5E2011258112-FollowerState
2023-08-29 18:52:57,182 [grpc-default-executor-1] INFO  server.RaftServer$Division (RaftServerImpl.java:requestVote(1335)) - 7f4449f5-5363-4e2a-a958-eb2e78800a81@group-5E2011258112 replies to ELECTION vote request: 8e764df9-21b5-444f-852f-dd54d92b5fac<-7f4449f5-5363-4e2a-a958-eb2e78800a81#0:OK-t1. Peer's state: 7f4449f5-5363-4e2a-a958-eb2e78800a81@group-5E2011258112:t1, leader=null, voted=8e764df9-21b5-444f-852f-dd54d92b5fac, raftlog=Memoized:7f4449f5-5363-4e2a-a958-eb2e78800a81@group-5E2011258112-SegmentedRaftLog:OPENED:c-1, conf=-1: peers:[7f4449f5-5363-4e2a-a958-eb2e78800a81|rpc:10.1.0.239:15023|admin:10.1.0.239:15022|client:10.1.0.239:15021|dataStream:10.1.0.239:15024|priority:0|startupRole:FOLLOWER, 8e764df9-21b5-444f-852f-dd54d92b5fac|rpc:10.1.0.239:15032|admin:10.1.0.239:15031|client:10.1.0.239:15030|dataStream:10.1.0.239:15033|priority:1|startupRole:FOLLOWER, 97ee00cc-8878-42b3-8e3f-b8716daccca4|rpc:10.1.0.239:15014|admin:10.1.0.239:15013|client:10.1.0.239:15012|dataStream:10.1.0.239:15015|priority:0|startupRole:FOLLOWER]|listeners:[], old=null
2023-08-29 18:52:57,184 [grpc-default-executor-0] INFO  server.RaftServer$Division (RaftServerImpl.java:requestVote(1302)) - 97ee00cc-8878-42b3-8e3f-b8716daccca4@group-5E2011258112: receive requestVote(ELECTION, 8e764df9-21b5-444f-852f-dd54d92b5fac, group-5E2011258112, 1, (t:0, i:0))
2023-08-29 18:52:57,184 [grpc-default-executor-0] INFO  impl.VoteContext (VoteContext.java:log(49)) - 97ee00cc-8878-42b3-8e3f-b8716daccca4@group-5E2011258112-FOLLOWER: accept ELECTION from 8e764df9-21b5-444f-852f-dd54d92b5fac: our priority 0 <= candidate's priority 1
2023-08-29 18:52:57,184 [grpc-default-executor-0] INFO  server.RaftServer$Division (RaftServerImpl.java:setRole(329)) - 97ee00cc-8878-42b3-8e3f-b8716daccca4@group-5E2011258112: changes role from  FOLLOWER to FOLLOWER at term 1 for candidate:8e764df9-21b5-444f-852f-dd54d92b5fac
2023-08-29 18:52:57,185 [grpc-default-executor-0] INFO  impl.RoleInfo (RoleInfo.java:shutdownFollowerState(110)) - 97ee00cc-8878-42b3-8e3f-b8716daccca4: shutdown 97ee00cc-8878-42b3-8e3f-b8716daccca4@group-5E2011258112-FollowerState
2023-08-29 18:52:57,185 [grpc-default-executor-0] INFO  impl.RoleInfo (RoleInfo.java:updateAndGet(139)) - 97ee00cc-8878-42b3-8e3f-b8716daccca4: start 97ee00cc-8878-42b3-8e3f-b8716daccca4@group-5E2011258112-FollowerState
2023-08-29 18:52:57,185 [97ee00cc-8878-42b3-8e3f-b8716daccca4@group-5E2011258112-FollowerState] INFO  impl.FollowerState (FollowerState.java:run(152)) - 97ee00cc-8878-42b3-8e3f-b8716daccca4@group-5E2011258112-FollowerState was interrupted
2023-08-29 18:52:57,186 [grpc-default-executor-0] INFO  server.RaftServer$Division (RaftServerImpl.java:requestVote(1335)) - 97ee00cc-8878-42b3-8e3f-b8716daccca4@group-5E2011258112 replies to ELECTION vote request: 8e764df9-21b5-444f-852f-dd54d92b5fac<-97ee00cc-8878-42b3-8e3f-b8716daccca4#0:OK-t1. Peer's state: 97ee00cc-8878-42b3-8e3f-b8716daccca4@group-5E2011258112:t1, leader=null, voted=8e764df9-21b5-444f-852f-dd54d92b5fac, raftlog=Memoized:97ee00cc-8878-42b3-8e3f-b8716daccca4@group-5E2011258112-SegmentedRaftLog:OPENED:c-1, conf=-1: peers:[7f4449f5-5363-4e2a-a958-eb2e78800a81|rpc:10.1.0.239:15023|admin:10.1.0.239:15022|client:10.1.0.239:15021|dataStream:10.1.0.239:15024|priority:0|startupRole:FOLLOWER, 8e764df9-21b5-444f-852f-dd54d92b5fac|rpc:10.1.0.239:15032|admin:10.1.0.239:15031|client:10.1.0.239:15030|dataStream:10.1.0.239:15033|priority:1|startupRole:FOLLOWER, 97ee00cc-8878-42b3-8e3f-b8716daccca4|rpc:10.1.0.239:15014|admin:10.1.0.239:15013|client:10.1.0.239:15012|dataStream:10.1.0.239:15015|priority:0|startupRole:FOLLOWER]|listeners:[], old=null
2023-08-29 18:52:57,190 [8e764df9-21b5-444f-852f-dd54d92b5fac@group-5E2011258112-LeaderElection6] INFO  impl.LeaderElection (LeaderElection.java:logAndReturn(90)) - 8e764df9-21b5-444f-852f-dd54d92b5fac@group-5E2011258112-LeaderElection6: ELECTION PASSED received 1 response(s) and 0 exception(s):
2023-08-29 18:52:57,190 [8e764df9-21b5-444f-852f-dd54d92b5fac@group-5E2011258112-LeaderElection6] INFO  impl.LeaderElection (LeaderElection.java:logAndReturn(94)) -   Response 0: 8e764df9-21b5-444f-852f-dd54d92b5fac<-97ee00cc-8878-42b3-8e3f-b8716daccca4#0:OK-t1
2023-08-29 18:52:57,190 [8e764df9-21b5-444f-852f-dd54d92b5fac@group-5E2011258112-LeaderElection6] INFO  impl.LeaderElection (LeaderElection.java:askForVotes(323)) - 8e764df9-21b5-444f-852f-dd54d92b5fac@group-5E2011258112-LeaderElection6 ELECTION round 0: result PASSED
2023-08-29 18:52:57,190 [8e764df9-21b5-444f-852f-dd54d92b5fac@group-5E2011258112-LeaderElection6] INFO  impl.RoleInfo (RoleInfo.java:shutdownLeaderElection(130)) - 8e764df9-21b5-444f-852f-dd54d92b5fac: shutdown 8e764df9-21b5-444f-852f-dd54d92b5fac@group-5E2011258112-LeaderElection6
2023-08-29 18:52:57,190 [8e764df9-21b5-444f-852f-dd54d92b5fac@group-5E2011258112-LeaderElection6] INFO  server.RaftServer$Division (RaftServerImpl.java:setRole(329)) - 8e764df9-21b5-444f-852f-dd54d92b5fac@group-5E2011258112: changes role from CANDIDATE to LEADER at term 1 for changeToLeader
2023-08-29 18:52:57,190 [8e764df9-21b5-444f-852f-dd54d92b5fac@group-5E2011258112-LeaderElection6] INFO  ratis.XceiverServerRatis (XceiverServerRatis.java:handleLeaderChangedNotification(902)) - Leader change notification received for group: group-5E2011258112 with new leaderId: 8e764df9-21b5-444f-852f-dd54d92b5fac
2023-08-29 18:52:57,190 [8e764df9-21b5-444f-852f-dd54d92b5fac@group-6741276350F2-FollowerState] INFO  impl.FollowerState (FollowerState.java:run(143)) - 8e764df9-21b5-444f-852f-dd54d92b5fac@group-6741276350F2-FollowerState: change to CANDIDATE, lastRpcElapsedTime:5149147942ns, electionTimeout:5141ms
2023-08-29 18:52:57,195 [8e764df9-21b5-444f-852f-dd54d92b5fac@group-6741276350F2-FollowerState] INFO  impl.RoleInfo (RoleInfo.java:shutdownFollowerState(110)) - 8e764df9-21b5-444f-852f-dd54d92b5fac: shutdown 8e764df9-21b5-444f-852f-dd54d92b5fac@group-6741276350F2-FollowerState
2023-08-29 18:52:57,195 [8e764df9-21b5-444f-852f-dd54d92b5fac@group-6741276350F2-FollowerState] INFO  server.RaftServer$Division (RaftServerImpl.java:setRole(329)) - 8e764df9-21b5-444f-852f-dd54d92b5fac@group-6741276350F2: changes role from  FOLLOWER to CANDIDATE at term 0 for changeToCandidate
2023-08-29 18:52:57,193 [EventQueue-PipelineReportForPipelineReportHandler] INFO  pipeline.PipelineReportHandler (PipelineReportHandler.java:processPipelineReport(136)) - Opened pipeline PipelineID=cbc1ad54-7414-490a-8dff-5e2011258112
2023-08-29 18:52:57,192 [EventQueue-OpenPipelineForHealthyPipelineSafeModeRule] INFO  safemode.SCMSafeModeManager (HealthyPipelineSafeModeRule.java:process(137)) - SCM in safe mode. Healthy pipelines reported count is 0, required healthy pipeline reported count is 1
2023-08-29 18:52:57,190 [8e764df9-21b5-444f-852f-dd54d92b5fac@group-5E2011258112-LeaderElection6] INFO  server.RaftServer$Division (ServerState.java:setLeader(317)) - 8e764df9-21b5-444f-852f-dd54d92b5fac@group-5E2011258112: change Leader from null to 8e764df9-21b5-444f-852f-dd54d92b5fac at term 1 for becomeLeader, leader elected after 5542ms
2023-08-29 18:52:57,195 [EventQueue-OpenPipelineForHealthyPipelineSafeModeRule] INFO  safemode.SCMSafeModeManager (HealthyPipelineSafeModeRule.java:process(137)) - SCM in safe mode. Healthy pipelines reported count is 1, required healthy pipeline reported count is 1
2023-08-29 18:52:57,195 [EventQueue-OpenPipelineForHealthyPipelineSafeModeRule] INFO  safemode.SCMSafeModeManager (SCMSafeModeManager.java:validateSafeModeExitRules(200)) - HealthyPipelineSafeModeRule rule is successfully validated
2023-08-29 18:52:57,195 [8e764df9-21b5-444f-852f-dd54d92b5fac@group-5E2011258112-LeaderElection6] INFO  server.RaftServerConfigKeys (ConfUtils.java:logGet(46)) - raft.server.staging.catchup.gap = 1000 (default)
2023-08-29 18:52:57,195 [8e764df9-21b5-444f-852f-dd54d92b5fac@group-5E2011258112-LeaderElection6] INFO  server.RaftServerConfigKeys (ConfUtils.java:logGet(46)) - raft.server.write.element-limit = 1024 (custom)
2023-08-29 18:52:57,195 [8e764df9-21b5-444f-852f-dd54d92b5fac@group-5E2011258112-LeaderElection6] INFO  server.RaftServerConfigKeys (ConfUtils.java:logGet(46)) - raft.server.write.byte-limit = 1024 M (=1073741824) (custom)
2023-08-29 18:52:57,196 [8e764df9-21b5-444f-852f-dd54d92b5fac@group-5E2011258112-LeaderElection6] INFO  server.RaftServerConfigKeys (ConfUtils.java:logGet(46)) - raft.server.watch.timeout = 180s (custom)
2023-08-29 18:52:57,196 [8e764df9-21b5-444f-852f-dd54d92b5fac@group-5E2011258112-LeaderElection6] INFO  server.RaftServerConfigKeys (ConfUtils.java:logGet(46)) - raft.server.watch.timeout.denomination = 1s (default)
2023-08-29 18:52:57,196 [8e764df9-21b5-444f-852f-dd54d92b5fac@group-5E2011258112-LeaderElection6] INFO  server.RaftServerConfigKeys (ConfUtils.java:logGet(46)) - raft.server.watch.element-limit = 65536 (default)
2023-08-29 18:52:57,196 [8e764df9-21b5-444f-852f-dd54d92b5fac@group-5E2011258112-LeaderElection6] INFO  server.RaftServerConfigKeys (ConfUtils.java:logGet(46)) - raft.server.write.element-limit = 1024 (custom)
2023-08-29 18:52:57,195 [EventQueue-OpenPipelineForHealthyPipelineSafeModeRule] INFO  safemode.SCMSafeModeManager (SCMSafeModeManager.java:validateSafeModeExitRules(215)) - ScmSafeModeManager, all rules are successfully validated
2023-08-29 18:52:57,196 [8e764df9-21b5-444f-852f-dd54d92b5fac@group-5E2011258112-LeaderElection6] INFO  server.RaftServerConfigKeys (ConfUtils.java:logGet(46)) - raft.server.write.follower.gap.ratio.max = -1.0 (default)
2023-08-29 18:52:57,196 [EventQueue-OpenPipelineForHealthyPipelineSafeModeRule] INFO  safemode.SCMSafeModeManager (SCMSafeModeManager.java:exitSafeMode(244)) - SCM exiting safe mode.
2023-08-29 18:52:57,197 [EventQueue-OpenPipelineForHealthyPipelineSafeModeRule] INFO  ha.SCMContext (SCMContext.java:updateSafeModeStatus(228)) - Update SafeModeStatus from SafeModeStatus{safeModeStatus=true, preCheckPassed=true} to SafeModeStatus{safeModeStatus=false, preCheckPassed=true}.
2023-08-29 18:52:57,197 [EventQueue-OpenPipelineForHealthyPipelineSafeModeRule] INFO  pipeline.BackgroundPipelineCreator (BackgroundPipelineCreator.java:notifyStatusChanged(255)) - Service BackgroundPipelineCreator transitions to RUNNING.
2023-08-29 18:52:57,197 [EventQueue-OpenPipelineForHealthyPipelineSafeModeRule] INFO  BackgroundPipelineScrubber (BackgroundSCMService.java:notifyStatusChanged(82)) - Service BackgroundPipelineScrubber transitions to RUNNING.
2023-08-29 18:52:57,197 [EventQueue-OpenPipelineForHealthyPipelineSafeModeRule] INFO  ExpiredContainerReplicaOpScrubber (BackgroundSCMService.java:notifyStatusChanged(82)) - Service ExpiredContainerReplicaOpScrubber transitions to RUNNING.
2023-08-29 18:52:57,197 [EventQueue-OpenPipelineForHealthyPipelineSafeModeRule] INFO  replication.ReplicationManager (ReplicationManager.java:notifyStatusChanged(1370)) - Service ReplicationManager transitions to RUNNING.
2023-08-29 18:52:57,199 [7f4449f5-5363-4e2a-a958-eb2e78800a81@group-6741276350F2-FollowerState] INFO  impl.FollowerState (FollowerState.java:run(143)) - 7f4449f5-5363-4e2a-a958-eb2e78800a81@group-6741276350F2-FollowerState: change to CANDIDATE, lastRpcElapsedTime:5030622082ns, electionTimeout:5005ms
2023-08-29 18:52:57,199 [7f4449f5-5363-4e2a-a958-eb2e78800a81@group-6741276350F2-FollowerState] INFO  impl.RoleInfo (RoleInfo.java:shutdownFollowerState(110)) - 7f4449f5-5363-4e2a-a958-eb2e78800a81: shutdown 7f4449f5-5363-4e2a-a958-eb2e78800a81@group-6741276350F2-FollowerState
2023-08-29 18:52:57,199 [7f4449f5-5363-4e2a-a958-eb2e78800a81@group-6741276350F2-FollowerState] INFO  server.RaftServer$Division (RaftServerImpl.java:setRole(329)) - 7f4449f5-5363-4e2a-a958-eb2e78800a81@group-6741276350F2: changes role from  FOLLOWER to CANDIDATE at term 0 for changeToCandidate
2023-08-29 18:52:57,202 [EventQueue-OpenPipelineForHealthyPipelineSafeModeRule] WARN  balancer.ContainerBalancer (ContainerBalancer.java:shouldRun(134)) - Could not find persisted configuration for ContainerBalancer when checking if ContainerBalancer should run. ContainerBalancer should not run now.
2023-08-29 18:52:57,204 [8e764df9-21b5-444f-852f-dd54d92b5fac@group-6741276350F2-FollowerState] INFO  server.RaftServerConfigKeys (ConfUtils.java:logGet(46)) - raft.server.leaderelection.pre-vote = true (default)
2023-08-29 18:52:57,204 [7f4449f5-5363-4e2a-a958-eb2e78800a81@group-6741276350F2-FollowerState] INFO  server.RaftServerConfigKeys (ConfUtils.java:logGet(46)) - raft.server.leaderelection.pre-vote = true (default)
2023-08-29 18:52:57,204 [8e764df9-21b5-444f-852f-dd54d92b5fac@group-6741276350F2-FollowerState] INFO  impl.RoleInfo (RoleInfo.java:updateAndGet(139)) - 8e764df9-21b5-444f-852f-dd54d92b5fac: start 8e764df9-21b5-444f-852f-dd54d92b5fac@group-6741276350F2-LeaderElection7
2023-08-29 18:52:57,204 [7f4449f5-5363-4e2a-a958-eb2e78800a81@group-6741276350F2-FollowerState] INFO  impl.RoleInfo (RoleInfo.java:updateAndGet(139)) - 7f4449f5-5363-4e2a-a958-eb2e78800a81: start 7f4449f5-5363-4e2a-a958-eb2e78800a81@group-6741276350F2-LeaderElection8
2023-08-29 18:52:57,205 [8e764df9-21b5-444f-852f-dd54d92b5fac@group-5E2011258112-LeaderElection6] INFO  server.RaftServerConfigKeys (ConfUtils.java:logGet(46)) - raft.server.log.appender.snapshot.chunk.size.max = 16MB (=16777216) (default)
2023-08-29 18:52:57,205 [8e764df9-21b5-444f-852f-dd54d92b5fac@group-5E2011258112-LeaderElection6] INFO  server.RaftServerConfigKeys (ConfUtils.java:logGet(46)) - raft.server.log.appender.buffer.byte-limit = 33554432 (custom)
2023-08-29 18:52:57,205 [8e764df9-21b5-444f-852f-dd54d92b5fac@group-5E2011258112-LeaderElection6] INFO  server.RaftServerConfigKeys (ConfUtils.java:logGet(46)) - raft.server.log.appender.buffer.element-limit = 1 (custom)
2023-08-29 18:52:57,207 [8e764df9-21b5-444f-852f-dd54d92b5fac@group-5E2011258112-LeaderElection6] INFO  server.RaftServerConfigKeys (ConfUtils.java:logGet(46)) - raft.server.log.appender.wait-time.min = 10ms (default)
2023-08-29 18:52:57,208 [8e764df9-21b5-444f-852f-dd54d92b5fac@group-5E2011258112-LeaderElection6] INFO  grpc.GrpcConfigKeys (ConfUtils.java:logGet(46)) - raft.grpc.server.leader.outstanding.appends.max = 128 (default)
2023-08-29 18:52:57,208 [8e764df9-21b5-444f-852f-dd54d92b5fac@group-5E2011258112-LeaderElection6] INFO  server.RaftServerConfigKeys (ConfUtils.java:logGet(46)) - raft.server.rpc.request.timeout = 60s (custom)
2023-08-29 18:52:57,208 [8e764df9-21b5-444f-852f-dd54d92b5fac@group-5E2011258112-LeaderElection6] INFO  grpc.GrpcConfigKeys (ConfUtils.java:logGet(46)) - raft.grpc.server.install_snapshot.request.element-limit = 8 (default)
2023-08-29 18:52:57,208 [8e764df9-21b5-444f-852f-dd54d92b5fac@group-5E2011258112-LeaderElection6] INFO  grpc.GrpcConfigKeys (ConfUtils.java:logGet(46)) - raft.grpc.server.install_snapshot.request.timeout = 3000ms (default)
2023-08-29 18:52:57,208 [8e764df9-21b5-444f-852f-dd54d92b5fac@group-5E2011258112-LeaderElection6] INFO  server.RaftServerConfigKeys (ConfUtils.java:logGet(46)) - raft.server.log.appender.install.snapshot.enabled = false (custom)
2023-08-29 18:52:57,208 [8e764df9-21b5-444f-852f-dd54d92b5fac@group-5E2011258112-LeaderElection6] INFO  grpc.GrpcConfigKeys (ConfUtils.java:logGet(46)) - raft.grpc.server.heartbeat.channel = true (default)
2023-08-29 18:52:57,210 [8e764df9-21b5-444f-852f-dd54d92b5fac@group-5E2011258112-LeaderElection6] INFO  server.RaftServerConfigKeys (ConfUtils.java:logGet(46)) - raft.server.log.appender.snapshot.chunk.size.max = 16MB (=16777216) (default)
2023-08-29 18:52:57,210 [8e764df9-21b5-444f-852f-dd54d92b5fac@group-5E2011258112-LeaderElection6] INFO  server.RaftServerConfigKeys (ConfUtils.java:logGet(46)) - raft.server.log.appender.buffer.byte-limit = 33554432 (custom)
2023-08-29 18:52:57,210 [8e764df9-21b5-444f-852f-dd54d92b5fac@group-5E2011258112-LeaderElection6] INFO  server.RaftServerConfigKeys (ConfUtils.java:logGet(46)) - raft.server.log.appender.buffer.element-limit = 1 (custom)
2023-08-29 18:52:57,211 [8e764df9-21b5-444f-852f-dd54d92b5fac@group-5E2011258112-LeaderElection6] INFO  server.RaftServerConfigKeys (ConfUtils.java:logGet(46)) - raft.server.log.appender.wait-time.min = 10ms (default)
2023-08-29 18:52:57,211 [8e764df9-21b5-444f-852f-dd54d92b5fac@group-5E2011258112-LeaderElection6] INFO  grpc.GrpcConfigKeys (ConfUtils.java:logGet(46)) - raft.grpc.server.leader.outstanding.appends.max = 128 (default)
2023-08-29 18:52:57,211 [8e764df9-21b5-444f-852f-dd54d92b5fac@group-6741276350F2-LeaderElection7] INFO  impl.LeaderElection (LeaderElection.java:askForVotes(321)) - 8e764df9-21b5-444f-852f-dd54d92b5fac@group-6741276350F2-LeaderElection7 PRE_VOTE round 0: submit vote requests at term 0 for -1: peers:[7f4449f5-5363-4e2a-a958-eb2e78800a81|rpc:10.1.0.239:15023|admin:10.1.0.239:15022|client:10.1.0.239:15021|dataStream:10.1.0.239:15024|priority:1|startupRole:FOLLOWER, 8e764df9-21b5-444f-852f-dd54d92b5fac|rpc:10.1.0.239:15032|admin:10.1.0.239:15031|client:10.1.0.239:15030|dataStream:10.1.0.239:15033|priority:0|startupRole:FOLLOWER, 97ee00cc-8878-42b3-8e3f-b8716daccca4|rpc:10.1.0.239:15014|admin:10.1.0.239:15013|client:10.1.0.239:15012|dataStream:10.1.0.239:15015|priority:0|startupRole:FOLLOWER]|listeners:[], old=null
2023-08-29 18:52:57,211 [8e764df9-21b5-444f-852f-dd54d92b5fac@group-5E2011258112-LeaderElection6] INFO  server.RaftServerConfigKeys (ConfUtils.java:logGet(46)) - raft.server.rpc.request.timeout = 60s (custom)
2023-08-29 18:52:57,211 [8e764df9-21b5-444f-852f-dd54d92b5fac@group-5E2011258112-LeaderElection6] INFO  grpc.GrpcConfigKeys (ConfUtils.java:logGet(46)) - raft.grpc.server.install_snapshot.request.element-limit = 8 (default)
2023-08-29 18:52:57,211 [8e764df9-21b5-444f-852f-dd54d92b5fac@group-5E2011258112-LeaderElection6] INFO  grpc.GrpcConfigKeys (ConfUtils.java:logGet(46)) - raft.grpc.server.install_snapshot.request.timeout = 3000ms (default)
2023-08-29 18:52:57,211 [8e764df9-21b5-444f-852f-dd54d92b5fac@group-5E2011258112-LeaderElection6] INFO  server.RaftServerConfigKeys (ConfUtils.java:logGet(46)) - raft.server.log.appender.install.snapshot.enabled = false (custom)
2023-08-29 18:52:57,211 [8e764df9-21b5-444f-852f-dd54d92b5fac@group-5E2011258112-LeaderElection6] INFO  grpc.GrpcConfigKeys (ConfUtils.java:logGet(46)) - raft.grpc.server.heartbeat.channel = true (default)
2023-08-29 18:52:57,212 [8e764df9-21b5-444f-852f-dd54d92b5fac@group-5E2011258112-LeaderElection6] INFO  impl.RoleInfo (RoleInfo.java:updateAndGet(139)) - 8e764df9-21b5-444f-852f-dd54d92b5fac: start 8e764df9-21b5-444f-852f-dd54d92b5fac@group-5E2011258112-LeaderStateImpl
2023-08-29 18:52:57,212 [8e764df9-21b5-444f-852f-dd54d92b5fac@group-5E2011258112-LeaderElection6] INFO  segmented.SegmentedRaftLogWorker (SegmentedRaftLogWorker.java:startLogSegment(447)) - 8e764df9-21b5-444f-852f-dd54d92b5fac@group-5E2011258112-SegmentedRaftLogWorker: Starting segment from index:0
2023-08-29 18:52:57,213 [8e764df9-21b5-444f-852f-dd54d92b5fac@group-6741276350F2-LeaderElection7] INFO  server.RaftServerConfigKeys (ConfUtils.java:logFallback(53)) - raft.server.rpc.first-election.timeout.min = 5s (fallback to raft.server.rpc.timeout.min)
2023-08-29 18:52:57,248 [8e764df9-21b5-444f-852f-dd54d92b5fac@group-6741276350F2-LeaderElection7] INFO  server.RaftServerConfigKeys (ConfUtils.java:logFallback(53)) - raft.server.rpc.first-election.timeout.max = 5200ms (fallback to raft.server.rpc.timeout.max)
2023-08-29 18:52:57,248 [8e764df9-21b5-444f-852f-dd54d92b5fac@group-5E2011258112-LeaderElection6] INFO  server.RaftServer$Division (ServerState.java:setRaftConf(434)) - 8e764df9-21b5-444f-852f-dd54d92b5fac@group-5E2011258112: set configuration 0: peers:[7f4449f5-5363-4e2a-a958-eb2e78800a81|rpc:10.1.0.239:15023|admin:10.1.0.239:15022|client:10.1.0.239:15021|dataStream:10.1.0.239:15024|priority:0|startupRole:FOLLOWER, 8e764df9-21b5-444f-852f-dd54d92b5fac|rpc:10.1.0.239:15032|admin:10.1.0.239:15031|client:10.1.0.239:15030|dataStream:10.1.0.239:15033|priority:1|startupRole:FOLLOWER, 97ee00cc-8878-42b3-8e3f-b8716daccca4|rpc:10.1.0.239:15014|admin:10.1.0.239:15013|client:10.1.0.239:15012|dataStream:10.1.0.239:15015|priority:0|startupRole:FOLLOWER]|listeners:[], old=null
2023-08-29 18:52:57,248 [grpc-default-executor-1] INFO  server.RaftServer$Division (RaftServerImpl.java:requestVote(1302)) - 97ee00cc-8878-42b3-8e3f-b8716daccca4@group-6741276350F2: receive requestVote(PRE_VOTE, 8e764df9-21b5-444f-852f-dd54d92b5fac, group-6741276350F2, 0, (t:0, i:0))
2023-08-29 18:52:57,247 [grpc-default-executor-0] INFO  server.RaftServer$Division (RaftServerImpl.java:requestVote(1302)) - 7f4449f5-5363-4e2a-a958-eb2e78800a81@group-6741276350F2: receive requestVote(PRE_VOTE, 8e764df9-21b5-444f-852f-dd54d92b5fac, group-6741276350F2, 0, (t:0, i:0))
2023-08-29 18:52:57,238 [7f4449f5-5363-4e2a-a958-eb2e78800a81@group-6741276350F2-LeaderElection8] INFO  impl.LeaderElection (LeaderElection.java:askForVotes(321)) - 7f4449f5-5363-4e2a-a958-eb2e78800a81@group-6741276350F2-LeaderElection8 PRE_VOTE round 0: submit vote requests at term 0 for -1: peers:[7f4449f5-5363-4e2a-a958-eb2e78800a81|rpc:10.1.0.239:15023|admin:10.1.0.239:15022|client:10.1.0.239:15021|dataStream:10.1.0.239:15024|priority:1|startupRole:FOLLOWER, 8e764df9-21b5-444f-852f-dd54d92b5fac|rpc:10.1.0.239:15032|admin:10.1.0.239:15031|client:10.1.0.239:15030|dataStream:10.1.0.239:15033|priority:0|startupRole:FOLLOWER, 97ee00cc-8878-42b3-8e3f-b8716daccca4|rpc:10.1.0.239:15014|admin:10.1.0.239:15013|client:10.1.0.239:15012|dataStream:10.1.0.239:15015|priority:0|startupRole:FOLLOWER]|listeners:[], old=null
2023-08-29 18:52:57,250 [grpc-default-executor-0] INFO  impl.VoteContext (VoteContext.java:log(49)) - 7f4449f5-5363-4e2a-a958-eb2e78800a81@group-6741276350F2-CANDIDATE: reject PRE_VOTE from 8e764df9-21b5-444f-852f-dd54d92b5fac: our priority 1 > candidate's priority 0
2023-08-29 18:52:57,250 [grpc-default-executor-0] INFO  server.RaftServer$Division (RaftServerImpl.java:requestVote(1335)) - 7f4449f5-5363-4e2a-a958-eb2e78800a81@group-6741276350F2 replies to PRE_VOTE vote request: 8e764df9-21b5-444f-852f-dd54d92b5fac<-7f4449f5-5363-4e2a-a958-eb2e78800a81#0:FAIL-t0. Peer's state: 7f4449f5-5363-4e2a-a958-eb2e78800a81@group-6741276350F2:t0, leader=null, voted=, raftlog=Memoized:7f4449f5-5363-4e2a-a958-eb2e78800a81@group-6741276350F2-SegmentedRaftLog:OPENED:c-1, conf=-1: peers:[7f4449f5-5363-4e2a-a958-eb2e78800a81|rpc:10.1.0.239:15023|admin:10.1.0.239:15022|client:10.1.0.239:15021|dataStream:10.1.0.239:15024|priority:1|startupRole:FOLLOWER, 8e764df9-21b5-444f-852f-dd54d92b5fac|rpc:10.1.0.239:15032|admin:10.1.0.239:15031|client:10.1.0.239:15030|dataStream:10.1.0.239:15033|priority:0|startupRole:FOLLOWER, 97ee00cc-8878-42b3-8e3f-b8716daccca4|rpc:10.1.0.239:15014|admin:10.1.0.239:15013|client:10.1.0.239:15012|dataStream:10.1.0.239:15015|priority:0|startupRole:FOLLOWER]|listeners:[], old=null
2023-08-29 18:52:57,233 [8e764df9-21b5-444f-852f-dd54d92b5fac@group-5E2011258112-SegmentedRaftLogWorker] INFO  segmented.SegmentedRaftLogWorker (SegmentedRaftLogWorker.java:execute(651)) - 8e764df9-21b5-444f-852f-dd54d92b5fac@group-5E2011258112-SegmentedRaftLogWorker: created new log segment /home/runner/work/ozone/ozone/hadoop-ozone/integration-test/target/test-dir/MiniOzoneClusterImpl-f4f7c4b3-a6e6-4e2b-8957-3aa4c0e420f5/datanode-2/data/ratis/cbc1ad54-7414-490a-8dff-5e2011258112/current/log_inprogress_0
2023-08-29 18:52:57,267 [7f4449f5-5363-4e2a-a958-eb2e78800a81@group-6741276350F2-LeaderElection8-2] INFO  server.GrpcServerProtocolClient (GrpcServerProtocolClient.java:<init>(65)) - Build channel for 97ee00cc-8878-42b3-8e3f-b8716daccca4
2023-08-29 18:52:57,267 [7f4449f5-5363-4e2a-a958-eb2e78800a81@group-6741276350F2-LeaderElection8] INFO  server.RaftServerConfigKeys (ConfUtils.java:logFallback(53)) - raft.server.rpc.first-election.timeout.min = 5s (fallback to raft.server.rpc.timeout.min)
2023-08-29 18:52:57,293 [7f4449f5-5363-4e2a-a958-eb2e78800a81@group-6741276350F2-LeaderElection8] INFO  server.RaftServerConfigKeys (ConfUtils.java:logFallback(53)) - raft.server.rpc.first-election.timeout.max = 5200ms (fallback to raft.server.rpc.timeout.max)
2023-08-29 18:52:57,262 [7f4449f5-5363-4e2a-a958-eb2e78800a81@group-6741276350F2-LeaderElection8-1] INFO  server.GrpcServerProtocolClient (GrpcServerProtocolClient.java:<init>(65)) - Build channel for 8e764df9-21b5-444f-852f-dd54d92b5fac
2023-08-29 18:52:57,248 [grpc-default-executor-1] INFO  impl.VoteContext (VoteContext.java:log(49)) - 97ee00cc-8878-42b3-8e3f-b8716daccca4@group-6741276350F2-FOLLOWER: accept PRE_VOTE from 8e764df9-21b5-444f-852f-dd54d92b5fac: our priority 0 <= candidate's priority 0
2023-08-29 18:52:57,296 [grpc-default-executor-1] INFO  server.RaftServer$Division (RaftServerImpl.java:requestVote(1335)) - 97ee00cc-8878-42b3-8e3f-b8716daccca4@group-6741276350F2 replies to PRE_VOTE vote request: 8e764df9-21b5-444f-852f-dd54d92b5fac<-97ee00cc-8878-42b3-8e3f-b8716daccca4#0:OK-t0. Peer's state: 97ee00cc-8878-42b3-8e3f-b8716daccca4@group-6741276350F2:t0, leader=null, voted=, raftlog=Memoized:97ee00cc-8878-42b3-8e3f-b8716daccca4@group-6741276350F2-SegmentedRaftLog:OPENED:c-1, conf=-1: peers:[7f4449f5-5363-4e2a-a958-eb2e78800a81|rpc:10.1.0.239:15023|admin:10.1.0.239:15022|client:10.1.0.239:15021|dataStream:10.1.0.239:15024|priority:1|startupRole:FOLLOWER, 8e764df9-21b5-444f-852f-dd54d92b5fac|rpc:10.1.0.239:15032|admin:10.1.0.239:15031|client:10.1.0.239:15030|dataStream:10.1.0.239:15033|priority:0|startupRole:FOLLOWER, 97ee00cc-8878-42b3-8e3f-b8716daccca4|rpc:10.1.0.239:15014|admin:10.1.0.239:15013|client:10.1.0.239:15012|dataStream:10.1.0.239:15015|priority:0|startupRole:FOLLOWER]|listeners:[], old=null
2023-08-29 18:52:57,303 [8e764df9-21b5-444f-852f-dd54d92b5fac@group-6741276350F2-LeaderElection7] INFO  impl.LeaderElection (LeaderElection.java:logAndReturn(90)) - 8e764df9-21b5-444f-852f-dd54d92b5fac@group-6741276350F2-LeaderElection7: PRE_VOTE REJECTED received 1 response(s) and 0 exception(s):
2023-08-29 18:52:57,303 [8e764df9-21b5-444f-852f-dd54d92b5fac@group-6741276350F2-LeaderElection7] INFO  impl.LeaderElection (LeaderElection.java:logAndReturn(94)) -   Response 0: 8e764df9-21b5-444f-852f-dd54d92b5fac<-7f4449f5-5363-4e2a-a958-eb2e78800a81#0:FAIL-t0
2023-08-29 18:52:57,303 [8e764df9-21b5-444f-852f-dd54d92b5fac@group-6741276350F2-LeaderElection7] INFO  impl.LeaderElection (LeaderElection.java:askForVotes(323)) - 8e764df9-21b5-444f-852f-dd54d92b5fac@group-6741276350F2-LeaderElection7 PRE_VOTE round 0: result REJECTED
2023-08-29 18:52:57,303 [8e764df9-21b5-444f-852f-dd54d92b5fac@group-6741276350F2-LeaderElection7] INFO  server.RaftServer$Division (RaftServerImpl.java:setRole(329)) - 8e764df9-21b5-444f-852f-dd54d92b5fac@group-6741276350F2: changes role from CANDIDATE to FOLLOWER at term 0 for REJECTED
2023-08-29 18:52:57,303 [8e764df9-21b5-444f-852f-dd54d92b5fac@group-6741276350F2-LeaderElection7] INFO  impl.RoleInfo (RoleInfo.java:shutdownLeaderElection(130)) - 8e764df9-21b5-444f-852f-dd54d92b5fac: shutdown 8e764df9-21b5-444f-852f-dd54d92b5fac@group-6741276350F2-LeaderElection7
2023-08-29 18:52:57,303 [8e764df9-21b5-444f-852f-dd54d92b5fac@group-6741276350F2-LeaderElection7] INFO  impl.RoleInfo (RoleInfo.java:updateAndGet(139)) - 8e764df9-21b5-444f-852f-dd54d92b5fac: start 8e764df9-21b5-444f-852f-dd54d92b5fac@group-6741276350F2-FollowerState
2023-08-29 18:52:57,305 [97ee00cc-8878-42b3-8e3f-b8716daccca4@group-6741276350F2-FollowerState] INFO  server.RaftServerConfigKeys (ConfUtils.java:logFallback(53)) - raft.server.rpc.first-election.timeout.min = 5s (fallback to raft.server.rpc.timeout.min)
2023-08-29 18:52:57,305 [97ee00cc-8878-42b3-8e3f-b8716daccca4@group-6741276350F2-FollowerState] INFO  server.RaftServerConfigKeys (ConfUtils.java:logFallback(53)) - raft.server.rpc.first-election.timeout.max = 5200ms (fallback to raft.server.rpc.timeout.max)
2023-08-29 18:52:57,322 [grpc-default-executor-1] INFO  server.RaftServer$Division (RaftServerImpl.java:requestVote(1302)) - 97ee00cc-8878-42b3-8e3f-b8716daccca4@group-6741276350F2: receive requestVote(PRE_VOTE, 7f4449f5-5363-4e2a-a958-eb2e78800a81, group-6741276350F2, 0, (t:0, i:0))
2023-08-29 18:52:57,322 [grpc-default-executor-1] INFO  impl.VoteContext (VoteContext.java:log(49)) - 97ee00cc-8878-42b3-8e3f-b8716daccca4@group-6741276350F2-FOLLOWER: accept PRE_VOTE from 7f4449f5-5363-4e2a-a958-eb2e78800a81: our priority 0 <= candidate's priority 1
2023-08-29 18:52:57,322 [grpc-default-executor-1] INFO  server.RaftServer$Division (RaftServerImpl.java:requestVote(1335)) - 97ee00cc-8878-42b3-8e3f-b8716daccca4@group-6741276350F2 replies to PRE_VOTE vote request: 7f4449f5-5363-4e2a-a958-eb2e78800a81<-97ee00cc-8878-42b3-8e3f-b8716daccca4#0:OK-t0. Peer's state: 97ee00cc-8878-42b3-8e3f-b8716daccca4@group-6741276350F2:t0, leader=null, voted=, raftlog=Memoized:97ee00cc-8878-42b3-8e3f-b8716daccca4@group-6741276350F2-SegmentedRaftLog:OPENED:c-1, conf=-1: peers:[7f4449f5-5363-4e2a-a958-eb2e78800a81|rpc:10.1.0.239:15023|admin:10.1.0.239:15022|client:10.1.0.239:15021|dataStream:10.1.0.239:15024|priority:1|startupRole:FOLLOWER, 8e764df9-21b5-444f-852f-dd54d92b5fac|rpc:10.1.0.239:15032|admin:10.1.0.239:15031|client:10.1.0.239:15030|dataStream:10.1.0.239:15033|priority:0|startupRole:FOLLOWER, 97ee00cc-8878-42b3-8e3f-b8716daccca4|rpc:10.1.0.239:15014|admin:10.1.0.239:15013|client:10.1.0.239:15012|dataStream:10.1.0.239:15015|priority:0|startupRole:FOLLOWER]|listeners:[], old=null
2023-08-29 18:52:57,324 [97ee00cc-8878-42b3-8e3f-b8716daccca4-server-thread1] INFO  ratis.XceiverServerRatis (XceiverServerRatis.java:handleLeaderChangedNotification(902)) - Leader change notification received for group: group-5E2011258112 with new leaderId: 8e764df9-21b5-444f-852f-dd54d92b5fac
2023-08-29 18:52:57,324 [97ee00cc-8878-42b3-8e3f-b8716daccca4-server-thread1] INFO  server.RaftServer$Division (ServerState.java:setLeader(317)) - 97ee00cc-8878-42b3-8e3f-b8716daccca4@group-5E2011258112: change Leader from null to 8e764df9-21b5-444f-852f-dd54d92b5fac at term 1 for appendEntries, leader elected after 6096ms
2023-08-29 18:52:57,331 [7f4449f5-5363-4e2a-a958-eb2e78800a81-server-thread1] INFO  ratis.XceiverServerRatis (XceiverServerRatis.java:handleLeaderChangedNotification(902)) - Leader change notification received for group: group-5E2011258112 with new leaderId: 8e764df9-21b5-444f-852f-dd54d92b5fac
2023-08-29 18:52:57,331 [7f4449f5-5363-4e2a-a958-eb2e78800a81-server-thread1] INFO  server.RaftServer$Division (ServerState.java:setLeader(317)) - 7f4449f5-5363-4e2a-a958-eb2e78800a81@group-5E2011258112: change Leader from null to 8e764df9-21b5-444f-852f-dd54d92b5fac at term 1 for appendEntries, leader elected after 5365ms
2023-08-29 18:52:57,331 [7f4449f5-5363-4e2a-a958-eb2e78800a81@group-6741276350F2-LeaderElection8] INFO  impl.LeaderElection (LeaderElection.java:logAndReturn(90)) - 7f4449f5-5363-4e2a-a958-eb2e78800a81@group-6741276350F2-LeaderElection8: PRE_VOTE PASSED received 1 response(s) and 0 exception(s):
2023-08-29 18:52:57,331 [7f4449f5-5363-4e2a-a958-eb2e78800a81@group-6741276350F2-LeaderElection8] INFO  impl.LeaderElection (LeaderElection.java:logAndReturn(94)) -   Response 0: 7f4449f5-5363-4e2a-a958-eb2e78800a81<-97ee00cc-8878-42b3-8e3f-b8716daccca4#0:OK-t0
2023-08-29 18:52:57,331 [7f4449f5-5363-4e2a-a958-eb2e78800a81@group-6741276350F2-LeaderElection8] INFO  impl.LeaderElection (LeaderElection.java:askForVotes(323)) - 7f4449f5-5363-4e2a-a958-eb2e78800a81@group-6741276350F2-LeaderElection8 PRE_VOTE round 0: result PASSED
2023-08-29 18:52:57,333 [7f4449f5-5363-4e2a-a958-eb2e78800a81@group-6741276350F2-LeaderElection8] INFO  impl.LeaderElection (LeaderElection.java:askForVotes(321)) - 7f4449f5-5363-4e2a-a958-eb2e78800a81@group-6741276350F2-LeaderElection8 ELECTION round 0: submit vote requests at term 1 for -1: peers:[7f4449f5-5363-4e2a-a958-eb2e78800a81|rpc:10.1.0.239:15023|admin:10.1.0.239:15022|client:10.1.0.239:15021|dataStream:10.1.0.239:15024|priority:1|startupRole:FOLLOWER, 8e764df9-21b5-444f-852f-dd54d92b5fac|rpc:10.1.0.239:15032|admin:10.1.0.239:15031|client:10.1.0.239:15030|dataStream:10.1.0.239:15033|priority:0|startupRole:FOLLOWER, 97ee00cc-8878-42b3-8e3f-b8716daccca4|rpc:10.1.0.239:15014|admin:10.1.0.239:15013|client:10.1.0.239:15012|dataStream:10.1.0.239:15015|priority:0|startupRole:FOLLOWER]|listeners:[], old=null
2023-08-29 18:52:57,333 [97ee00cc-8878-42b3-8e3f-b8716daccca4-server-thread1] INFO  server.RaftServer$Division (ServerState.java:setRaftConf(434)) - 97ee00cc-8878-42b3-8e3f-b8716daccca4@group-5E2011258112: set configuration 0: peers:[7f4449f5-5363-4e2a-a958-eb2e78800a81|rpc:10.1.0.239:15023|admin:10.1.0.239:15022|client:10.1.0.239:15021|dataStream:10.1.0.239:15024|priority:0|startupRole:FOLLOWER, 8e764df9-21b5-444f-852f-dd54d92b5fac|rpc:10.1.0.239:15032|admin:10.1.0.239:15031|client:10.1.0.239:15030|dataStream:10.1.0.239:15033|priority:1|startupRole:FOLLOWER, 97ee00cc-8878-42b3-8e3f-b8716daccca4|rpc:10.1.0.239:15014|admin:10.1.0.239:15013|client:10.1.0.239:15012|dataStream:10.1.0.239:15015|priority:0|startupRole:FOLLOWER]|listeners:[], old=null
2023-08-29 18:52:57,334 [97ee00cc-8878-42b3-8e3f-b8716daccca4-server-thread1] INFO  segmented.SegmentedRaftLogWorker (SegmentedRaftLogWorker.java:startLogSegment(447)) - 97ee00cc-8878-42b3-8e3f-b8716daccca4@group-5E2011258112-SegmentedRaftLogWorker: Starting segment from index:0
2023-08-29 18:52:57,335 [7f4449f5-5363-4e2a-a958-eb2e78800a81@group-6741276350F2-LeaderElection8] INFO  server.RaftServerConfigKeys (ConfUtils.java:logFallback(53)) - raft.server.rpc.first-election.timeout.min = 5s (fallback to raft.server.rpc.timeout.min)
2023-08-29 18:52:57,335 [7f4449f5-5363-4e2a-a958-eb2e78800a81@group-6741276350F2-LeaderElection8] INFO  server.RaftServerConfigKeys (ConfUtils.java:logFallback(53)) - raft.server.rpc.first-election.timeout.max = 5200ms (fallback to raft.server.rpc.timeout.max)
2023-08-29 18:52:57,338 [97ee00cc-8878-42b3-8e3f-b8716daccca4@group-5E2011258112-SegmentedRaftLogWorker] INFO  segmented.SegmentedRaftLogWorker (SegmentedRaftLogWorker.java:execute(651)) - 97ee00cc-8878-42b3-8e3f-b8716daccca4@group-5E2011258112-SegmentedRaftLogWorker: created new log segment /home/runner/work/ozone/ozone/hadoop-ozone/integration-test/target/test-dir/MiniOzoneClusterImpl-f4f7c4b3-a6e6-4e2b-8957-3aa4c0e420f5/datanode-0/data/ratis/cbc1ad54-7414-490a-8dff-5e2011258112/current/log_inprogress_0
2023-08-29 18:52:57,342 [7f4449f5-5363-4e2a-a958-eb2e78800a81-server-thread1] INFO  server.RaftServer$Division (ServerState.java:setRaftConf(434)) - 7f4449f5-5363-4e2a-a958-eb2e78800a81@group-5E2011258112: set configuration 0: peers:[7f4449f5-5363-4e2a-a958-eb2e78800a81|rpc:10.1.0.239:15023|admin:10.1.0.239:15022|client:10.1.0.239:15021|dataStream:10.1.0.239:15024|priority:0|startupRole:FOLLOWER, 8e764df9-21b5-444f-852f-dd54d92b5fac|rpc:10.1.0.239:15032|admin:10.1.0.239:15031|client:10.1.0.239:15030|dataStream:10.1.0.239:15033|priority:1|startupRole:FOLLOWER, 97ee00cc-8878-42b3-8e3f-b8716daccca4|rpc:10.1.0.239:15014|admin:10.1.0.239:15013|client:10.1.0.239:15012|dataStream:10.1.0.239:15015|priority:0|startupRole:FOLLOWER]|listeners:[], old=null
2023-08-29 18:52:57,342 [7f4449f5-5363-4e2a-a958-eb2e78800a81-server-thread1] INFO  segmented.SegmentedRaftLogWorker (SegmentedRaftLogWorker.java:startLogSegment(447)) - 7f4449f5-5363-4e2a-a958-eb2e78800a81@group-5E2011258112-SegmentedRaftLogWorker: Starting segment from index:0
2023-08-29 18:52:57,342 [grpc-default-executor-1] INFO  server.RaftServer$Division (RaftServerImpl.java:requestVote(1302)) - 8e764df9-21b5-444f-852f-dd54d92b5fac@group-6741276350F2: receive requestVote(PRE_VOTE, 7f4449f5-5363-4e2a-a958-eb2e78800a81, group-6741276350F2, 0, (t:0, i:0))
2023-08-29 18:52:57,342 [grpc-default-executor-1] INFO  impl.VoteContext (VoteContext.java:log(49)) - 8e764df9-21b5-444f-852f-dd54d92b5fac@group-6741276350F2-FOLLOWER: accept PRE_VOTE from 7f4449f5-5363-4e2a-a958-eb2e78800a81: our priority 0 <= candidate's priority 1
2023-08-29 18:52:57,343 [grpc-default-executor-1] INFO  server.RaftServer$Division (RaftServerImpl.java:requestVote(1335)) - 8e764df9-21b5-444f-852f-dd54d92b5fac@group-6741276350F2 replies to PRE_VOTE vote request: 7f4449f5-5363-4e2a-a958-eb2e78800a81<-8e764df9-21b5-444f-852f-dd54d92b5fac#0:OK-t0. Peer's state: 8e764df9-21b5-444f-852f-dd54d92b5fac@group-6741276350F2:t0, leader=null, voted=, raftlog=Memoized:8e764df9-21b5-444f-852f-dd54d92b5fac@group-6741276350F2-SegmentedRaftLog:OPENED:c-1, conf=-1: peers:[7f4449f5-5363-4e2a-a958-eb2e78800a81|rpc:10.1.0.239:15023|admin:10.1.0.239:15022|client:10.1.0.239:15021|dataStream:10.1.0.239:15024|priority:1|startupRole:FOLLOWER, 8e764df9-21b5-444f-852f-dd54d92b5fac|rpc:10.1.0.239:15032|admin:10.1.0.239:15031|client:10.1.0.239:15030|dataStream:10.1.0.239:15033|priority:0|startupRole:FOLLOWER, 97ee00cc-8878-42b3-8e3f-b8716daccca4|rpc:10.1.0.239:15014|admin:10.1.0.239:15013|client:10.1.0.239:15012|dataStream:10.1.0.239:15015|priority:0|startupRole:FOLLOWER]|listeners:[], old=null
2023-08-29 18:52:57,344 [grpc-default-executor-5] INFO  server.RaftServer$Division (RaftServerImpl.java:requestVote(1302)) - 8e764df9-21b5-444f-852f-dd54d92b5fac@group-6741276350F2: receive requestVote(ELECTION, 7f4449f5-5363-4e2a-a958-eb2e78800a81, group-6741276350F2, 1, (t:0, i:0))
2023-08-29 18:52:57,344 [grpc-default-executor-5] INFO  impl.VoteContext (VoteContext.java:log(49)) - 8e764df9-21b5-444f-852f-dd54d92b5fac@group-6741276350F2-FOLLOWER: accept ELECTION from 7f4449f5-5363-4e2a-a958-eb2e78800a81: our priority 0 <= candidate's priority 1
2023-08-29 18:52:57,344 [grpc-default-executor-5] INFO  server.RaftServer$Division (RaftServerImpl.java:setRole(329)) - 8e764df9-21b5-444f-852f-dd54d92b5fac@group-6741276350F2: changes role from  FOLLOWER to FOLLOWER at term 1 for candidate:7f4449f5-5363-4e2a-a958-eb2e78800a81
2023-08-29 18:52:57,344 [grpc-default-executor-5] INFO  impl.RoleInfo (RoleInfo.java:shutdownFollowerState(110)) - 8e764df9-21b5-444f-852f-dd54d92b5fac: shutdown 8e764df9-21b5-444f-852f-dd54d92b5fac@group-6741276350F2-FollowerState
2023-08-29 18:52:57,345 [grpc-default-executor-5] INFO  impl.RoleInfo (RoleInfo.java:updateAndGet(139)) - 8e764df9-21b5-444f-852f-dd54d92b5fac: start 8e764df9-21b5-444f-852f-dd54d92b5fac@group-6741276350F2-FollowerState
2023-08-29 18:52:57,345 [8e764df9-21b5-444f-852f-dd54d92b5fac@group-6741276350F2-FollowerState] INFO  impl.FollowerState (FollowerState.java:run(152)) - 8e764df9-21b5-444f-852f-dd54d92b5fac@group-6741276350F2-FollowerState was interrupted
2023-08-29 18:52:57,351 [grpc-default-executor-5] INFO  server.RaftServer$Division (RaftServerImpl.java:requestVote(1335)) - 8e764df9-21b5-444f-852f-dd54d92b5fac@group-6741276350F2 replies to ELECTION vote request: 7f4449f5-5363-4e2a-a958-eb2e78800a81<-8e764df9-21b5-444f-852f-dd54d92b5fac#0:OK-t1. Peer's state: 8e764df9-21b5-444f-852f-dd54d92b5fac@group-6741276350F2:t1, leader=null, voted=7f4449f5-5363-4e2a-a958-eb2e78800a81, raftlog=Memoized:8e764df9-21b5-444f-852f-dd54d92b5fac@group-6741276350F2-SegmentedRaftLog:OPENED:c-1, conf=-1: peers:[7f4449f5-5363-4e2a-a958-eb2e78800a81|rpc:10.1.0.239:15023|admin:10.1.0.239:15022|client:10.1.0.239:15021|dataStream:10.1.0.239:15024|priority:1|startupRole:FOLLOWER, 8e764df9-21b5-444f-852f-dd54d92b5fac|rpc:10.1.0.239:15032|admin:10.1.0.239:15031|client:10.1.0.239:15030|dataStream:10.1.0.239:15033|priority:0|startupRole:FOLLOWER, 97ee00cc-8878-42b3-8e3f-b8716daccca4|rpc:10.1.0.239:15014|admin:10.1.0.239:15013|client:10.1.0.239:15012|dataStream:10.1.0.239:15015|priority:0|startupRole:FOLLOWER]|listeners:[], old=null
2023-08-29 18:52:57,352 [grpc-default-executor-5] INFO  server.RaftServer$Division (RaftServerImpl.java:requestVote(1302)) - 97ee00cc-8878-42b3-8e3f-b8716daccca4@group-6741276350F2: receive requestVote(ELECTION, 7f4449f5-5363-4e2a-a958-eb2e78800a81, group-6741276350F2, 1, (t:0, i:0))
2023-08-29 18:52:57,353 [grpc-default-executor-5] INFO  impl.VoteContext (VoteContext.java:log(49)) - 97ee00cc-8878-42b3-8e3f-b8716daccca4@group-6741276350F2-FOLLOWER: accept ELECTION from 7f4449f5-5363-4e2a-a958-eb2e78800a81: our priority 0 <= candidate's priority 1
2023-08-29 18:52:57,353 [grpc-default-executor-5] INFO  server.RaftServer$Division (RaftServerImpl.java:setRole(329)) - 97ee00cc-8878-42b3-8e3f-b8716daccca4@group-6741276350F2: changes role from  FOLLOWER to FOLLOWER at term 1 for candidate:7f4449f5-5363-4e2a-a958-eb2e78800a81
2023-08-29 18:52:57,353 [grpc-default-executor-5] INFO  impl.RoleInfo (RoleInfo.java:shutdownFollowerState(110)) - 97ee00cc-8878-42b3-8e3f-b8716daccca4: shutdown 97ee00cc-8878-42b3-8e3f-b8716daccca4@group-6741276350F2-FollowerState
2023-08-29 18:52:57,353 [97ee00cc-8878-42b3-8e3f-b8716daccca4@group-6741276350F2-FollowerState] INFO  impl.FollowerState (FollowerState.java:run(152)) - 97ee00cc-8878-42b3-8e3f-b8716daccca4@group-6741276350F2-FollowerState was interrupted
2023-08-29 18:52:57,353 [7f4449f5-5363-4e2a-a958-eb2e78800a81@group-5E2011258112-SegmentedRaftLogWorker] INFO  segmented.SegmentedRaftLogWorker (SegmentedRaftLogWorker.java:execute(651)) - 7f4449f5-5363-4e2a-a958-eb2e78800a81@group-5E2011258112-SegmentedRaftLogWorker: created new log segment /home/runner/work/ozone/ozone/hadoop-ozone/integration-test/target/test-dir/MiniOzoneClusterImpl-f4f7c4b3-a6e6-4e2b-8957-3aa4c0e420f5/datanode-1/data/ratis/cbc1ad54-7414-490a-8dff-5e2011258112/current/log_inprogress_0
2023-08-29 18:52:57,358 [7f4449f5-5363-4e2a-a958-eb2e78800a81@group-6741276350F2-LeaderElection8] INFO  impl.LeaderElection (LeaderElection.java:logAndReturn(90)) - 7f4449f5-5363-4e2a-a958-eb2e78800a81@group-6741276350F2-LeaderElection8: ELECTION PASSED received 1 response(s) and 0 exception(s):
2023-08-29 18:52:57,358 [7f4449f5-5363-4e2a-a958-eb2e78800a81@group-6741276350F2-LeaderElection8] INFO  impl.LeaderElection (LeaderElection.java:logAndReturn(94)) -   Response 0: 7f4449f5-5363-4e2a-a958-eb2e78800a81<-8e764df9-21b5-444f-852f-dd54d92b5fac#0:OK-t1
2023-08-29 18:52:57,358 [7f4449f5-5363-4e2a-a958-eb2e78800a81@group-6741276350F2-LeaderElection8] INFO  impl.LeaderElection (LeaderElection.java:askForVotes(323)) - 7f4449f5-5363-4e2a-a958-eb2e78800a81@group-6741276350F2-LeaderElection8 ELECTION round 0: result PASSED
2023-08-29 18:52:57,358 [7f4449f5-5363-4e2a-a958-eb2e78800a81@group-6741276350F2-LeaderElection8] INFO  impl.RoleInfo (RoleInfo.java:shutdownLeaderElection(130)) - 7f4449f5-5363-4e2a-a958-eb2e78800a81: shutdown 7f4449f5-5363-4e2a-a958-eb2e78800a81@group-6741276350F2-LeaderElection8
2023-08-29 18:52:57,358 [7f4449f5-5363-4e2a-a958-eb2e78800a81@group-6741276350F2-LeaderElection8] INFO  server.RaftServer$Division (RaftServerImpl.java:setRole(329)) - 7f4449f5-5363-4e2a-a958-eb2e78800a81@group-6741276350F2: changes role from CANDIDATE to LEADER at term 1 for changeToLeader
2023-08-29 18:52:57,358 [7f4449f5-5363-4e2a-a958-eb2e78800a81@group-6741276350F2-LeaderElection8] INFO  ratis.XceiverServerRatis (XceiverServerRatis.java:handleLeaderChangedNotification(902)) - Leader change notification received for group: group-6741276350F2 with new leaderId: 7f4449f5-5363-4e2a-a958-eb2e78800a81
2023-08-29 18:52:57,358 [7f4449f5-5363-4e2a-a958-eb2e78800a81@group-6741276350F2-LeaderElection8] INFO  server.RaftServer$Division (ServerState.java:setLeader(317)) - 7f4449f5-5363-4e2a-a958-eb2e78800a81@group-6741276350F2: change Leader from null to 7f4449f5-5363-4e2a-a958-eb2e78800a81 at term 1 for becomeLeader, leader elected after 5252ms
2023-08-29 18:52:57,358 [7f4449f5-5363-4e2a-a958-eb2e78800a81@group-6741276350F2-LeaderElection8] INFO  server.RaftServerConfigKeys (ConfUtils.java:logGet(46)) - raft.server.staging.catchup.gap = 1000 (default)
2023-08-29 18:52:57,358 [7f4449f5-5363-4e2a-a958-eb2e78800a81@group-6741276350F2-LeaderElection8] INFO  server.RaftServerConfigKeys (ConfUtils.java:logGet(46)) - raft.server.write.element-limit = 1024 (custom)
2023-08-29 18:52:57,358 [7f4449f5-5363-4e2a-a958-eb2e78800a81@group-6741276350F2-LeaderElection8] INFO  server.RaftServerConfigKeys (ConfUtils.java:logGet(46)) - raft.server.write.byte-limit = 1024 M (=1073741824) (custom)
2023-08-29 18:52:57,359 [7f4449f5-5363-4e2a-a958-eb2e78800a81@group-6741276350F2-LeaderElection8] INFO  server.RaftServerConfigKeys (ConfUtils.java:logGet(46)) - raft.server.watch.timeout = 180s (custom)
2023-08-29 18:52:57,359 [7f4449f5-5363-4e2a-a958-eb2e78800a81@group-6741276350F2-LeaderElection8] INFO  server.RaftServerConfigKeys (ConfUtils.java:logGet(46)) - raft.server.watch.timeout.denomination = 1s (default)
2023-08-29 18:52:57,359 [7f4449f5-5363-4e2a-a958-eb2e78800a81@group-6741276350F2-LeaderElection8] INFO  server.RaftServerConfigKeys (ConfUtils.java:logGet(46)) - raft.server.watch.element-limit = 65536 (default)
2023-08-29 18:52:57,359 [7f4449f5-5363-4e2a-a958-eb2e78800a81@group-6741276350F2-LeaderElection8] INFO  server.RaftServerConfigKeys (ConfUtils.java:logGet(46)) - raft.server.write.element-limit = 1024 (custom)
2023-08-29 18:52:57,359 [7f4449f5-5363-4e2a-a958-eb2e78800a81@group-6741276350F2-LeaderElection8] INFO  server.RaftServerConfigKeys (ConfUtils.java:logGet(46)) - raft.server.write.follower.gap.ratio.max = -1.0 (default)
2023-08-29 18:52:57,359 [7f4449f5-5363-4e2a-a958-eb2e78800a81@group-6741276350F2-LeaderElection8] INFO  server.RaftServerConfigKeys (ConfUtils.java:logGet(46)) - raft.server.log.appender.snapshot.chunk.size.max = 16MB (=16777216) (default)
2023-08-29 18:52:57,359 [7f4449f5-5363-4e2a-a958-eb2e78800a81@group-6741276350F2-LeaderElection8] INFO  server.RaftServerConfigKeys (ConfUtils.java:logGet(46)) - raft.server.log.appender.buffer.byte-limit = 33554432 (custom)
2023-08-29 18:52:57,359 [7f4449f5-5363-4e2a-a958-eb2e78800a81@group-6741276350F2-LeaderElection8] INFO  server.RaftServerConfigKeys (ConfUtils.java:logGet(46)) - raft.server.log.appender.buffer.element-limit = 1 (custom)
2023-08-29 18:52:57,359 [7f4449f5-5363-4e2a-a958-eb2e78800a81@group-6741276350F2-LeaderElection8] INFO  server.RaftServerConfigKeys (ConfUtils.java:logGet(46)) - raft.server.log.appender.wait-time.min = 10ms (default)
2023-08-29 18:52:57,361 [grpc-default-executor-5] INFO  impl.RoleInfo (RoleInfo.java:updateAndGet(139)) - 97ee00cc-8878-42b3-8e3f-b8716daccca4: start 97ee00cc-8878-42b3-8e3f-b8716daccca4@group-6741276350F2-FollowerState
2023-08-29 18:52:57,362 [EventQueue-PipelineReportForPipelineReportHandler] INFO  pipeline.PipelineReportHandler (PipelineReportHandler.java:processPipelineReport(136)) - Opened pipeline PipelineID=ca1cac7b-847d-4473-b891-6741276350f2
2023-08-29 18:52:57,360 [7f4449f5-5363-4e2a-a958-eb2e78800a81@group-6741276350F2-LeaderElection8] INFO  grpc.GrpcConfigKeys (ConfUtils.java:logGet(46)) - raft.grpc.server.leader.outstanding.appends.max = 128 (default)
2023-08-29 18:52:57,369 [7f4449f5-5363-4e2a-a958-eb2e78800a81@group-6741276350F2-LeaderElection8] INFO  server.RaftServerConfigKeys (ConfUtils.java:logGet(46)) - raft.server.rpc.request.timeout = 60s (custom)
2023-08-29 18:52:57,369 [7f4449f5-5363-4e2a-a958-eb2e78800a81@group-6741276350F2-LeaderElection8] INFO  grpc.GrpcConfigKeys (ConfUtils.java:logGet(46)) - raft.grpc.server.install_snapshot.request.element-limit = 8 (default)
2023-08-29 18:52:57,369 [7f4449f5-5363-4e2a-a958-eb2e78800a81@group-6741276350F2-LeaderElection8] INFO  grpc.GrpcConfigKeys (ConfUtils.java:logGet(46)) - raft.grpc.server.install_snapshot.request.timeout = 3000ms (default)
2023-08-29 18:52:57,369 [7f4449f5-5363-4e2a-a958-eb2e78800a81@group-6741276350F2-LeaderElection8] INFO  server.RaftServerConfigKeys (ConfUtils.java:logGet(46)) - raft.server.log.appender.install.snapshot.enabled = false (custom)
2023-08-29 18:52:57,369 [7f4449f5-5363-4e2a-a958-eb2e78800a81@group-6741276350F2-LeaderElection8] INFO  grpc.GrpcConfigKeys (ConfUtils.java:logGet(46)) - raft.grpc.server.heartbeat.channel = true (default)
2023-08-29 18:52:57,371 [7f4449f5-5363-4e2a-a958-eb2e78800a81@group-6741276350F2-LeaderElection8] INFO  server.RaftServerConfigKeys (ConfUtils.java:logGet(46)) - raft.server.log.appender.snapshot.chunk.size.max = 16MB (=16777216) (default)
2023-08-29 18:52:57,371 [7f4449f5-5363-4e2a-a958-eb2e78800a81@group-6741276350F2-LeaderElection8] INFO  server.RaftServerConfigKeys (ConfUtils.java:logGet(46)) - raft.server.log.appender.buffer.byte-limit = 33554432 (custom)
2023-08-29 18:52:57,371 [7f4449f5-5363-4e2a-a958-eb2e78800a81@group-6741276350F2-LeaderElection8] INFO  server.RaftServerConfigKeys (ConfUtils.java:logGet(46)) - raft.server.log.appender.buffer.element-limit = 1 (custom)
2023-08-29 18:52:57,371 [7f4449f5-5363-4e2a-a958-eb2e78800a81@group-6741276350F2-LeaderElection8] INFO  server.RaftServerConfigKeys (ConfUtils.java:logGet(46)) - raft.server.log.appender.wait-time.min = 10ms (default)
2023-08-29 18:52:57,371 [7f4449f5-5363-4e2a-a958-eb2e78800a81@group-6741276350F2-LeaderElection8] INFO  grpc.GrpcConfigKeys (ConfUtils.java:logGet(46)) - raft.grpc.server.leader.outstanding.appends.max = 128 (default)
2023-08-29 18:52:57,371 [7f4449f5-5363-4e2a-a958-eb2e78800a81@group-6741276350F2-LeaderElection8] INFO  server.RaftServerConfigKeys (ConfUtils.java:logGet(46)) - raft.server.rpc.request.timeout = 60s (custom)
2023-08-29 18:52:57,371 [7f4449f5-5363-4e2a-a958-eb2e78800a81@group-6741276350F2-LeaderElection8] INFO  grpc.GrpcConfigKeys (ConfUtils.java:logGet(46)) - raft.grpc.server.install_snapshot.request.element-limit = 8 (default)
2023-08-29 18:52:57,372 [7f4449f5-5363-4e2a-a958-eb2e78800a81@group-6741276350F2-LeaderElection8] INFO  grpc.GrpcConfigKeys (ConfUtils.java:logGet(46)) - raft.grpc.server.install_snapshot.request.timeout = 3000ms (default)
2023-08-29 18:52:57,372 [7f4449f5-5363-4e2a-a958-eb2e78800a81@group-6741276350F2-LeaderElection8] INFO  server.RaftServerConfigKeys (ConfUtils.java:logGet(46)) - raft.server.log.appender.install.snapshot.enabled = false (custom)
2023-08-29 18:52:57,372 [7f4449f5-5363-4e2a-a958-eb2e78800a81@group-6741276350F2-LeaderElection8] INFO  grpc.GrpcConfigKeys (ConfUtils.java:logGet(46)) - raft.grpc.server.heartbeat.channel = true (default)
2023-08-29 18:52:57,372 [7f4449f5-5363-4e2a-a958-eb2e78800a81@group-6741276350F2-LeaderElection8] INFO  impl.RoleInfo (RoleInfo.java:updateAndGet(139)) - 7f4449f5-5363-4e2a-a958-eb2e78800a81: start 7f4449f5-5363-4e2a-a958-eb2e78800a81@group-6741276350F2-LeaderStateImpl
2023-08-29 18:52:57,372 [grpc-default-executor-5] INFO  server.RaftServer$Division (RaftServerImpl.java:requestVote(1335)) - 97ee00cc-8878-42b3-8e3f-b8716daccca4@group-6741276350F2 replies to ELECTION vote request: 7f4449f5-5363-4e2a-a958-eb2e78800a81<-97ee00cc-8878-42b3-8e3f-b8716daccca4#0:OK-t1. Peer's state: 97ee00cc-8878-42b3-8e3f-b8716daccca4@group-6741276350F2:t1, leader=null, voted=7f4449f5-5363-4e2a-a958-eb2e78800a81, raftlog=Memoized:97ee00cc-8878-42b3-8e3f-b8716daccca4@group-6741276350F2-SegmentedRaftLog:OPENED:c-1, conf=-1: peers:[7f4449f5-5363-4e2a-a958-eb2e78800a81|rpc:10.1.0.239:15023|admin:10.1.0.239:15022|client:10.1.0.239:15021|dataStream:10.1.0.239:15024|priority:1|startupRole:FOLLOWER, 8e764df9-21b5-444f-852f-dd54d92b5fac|rpc:10.1.0.239:15032|admin:10.1.0.239:15031|client:10.1.0.239:15030|dataStream:10.1.0.239:15033|priority:0|startupRole:FOLLOWER, 97ee00cc-8878-42b3-8e3f-b8716daccca4|rpc:10.1.0.239:15014|admin:10.1.0.239:15013|client:10.1.0.239:15012|dataStream:10.1.0.239:15015|priority:0|startupRole:FOLLOWER]|listeners:[], old=null
2023-08-29 18:52:57,372 [7f4449f5-5363-4e2a-a958-eb2e78800a81@group-6741276350F2-LeaderElection8] INFO  segmented.SegmentedRaftLogWorker (SegmentedRaftLogWorker.java:startLogSegment(447)) - 7f4449f5-5363-4e2a-a958-eb2e78800a81@group-6741276350F2-SegmentedRaftLogWorker: Starting segment from index:0
2023-08-29 18:52:57,377 [7f4449f5-5363-4e2a-a958-eb2e78800a81@group-6741276350F2-SegmentedRaftLogWorker] INFO  segmented.SegmentedRaftLogWorker (SegmentedRaftLogWorker.java:execute(651)) - 7f4449f5-5363-4e2a-a958-eb2e78800a81@group-6741276350F2-SegmentedRaftLogWorker: created new log segment /home/runner/work/ozone/ozone/hadoop-ozone/integration-test/target/test-dir/MiniOzoneClusterImpl-f4f7c4b3-a6e6-4e2b-8957-3aa4c0e420f5/datanode-1/data/ratis/ca1cac7b-847d-4473-b891-6741276350f2/current/log_inprogress_0
2023-08-29 18:52:57,383 [7f4449f5-5363-4e2a-a958-eb2e78800a81@group-6741276350F2-LeaderElection8] INFO  server.RaftServer$Division (ServerState.java:setRaftConf(434)) - 7f4449f5-5363-4e2a-a958-eb2e78800a81@group-6741276350F2: set configuration 0: peers:[7f4449f5-5363-4e2a-a958-eb2e78800a81|rpc:10.1.0.239:15023|admin:10.1.0.239:15022|client:10.1.0.239:15021|dataStream:10.1.0.239:15024|priority:1|startupRole:FOLLOWER, 8e764df9-21b5-444f-852f-dd54d92b5fac|rpc:10.1.0.239:15032|admin:10.1.0.239:15031|client:10.1.0.239:15030|dataStream:10.1.0.239:15033|priority:0|startupRole:FOLLOWER, 97ee00cc-8878-42b3-8e3f-b8716daccca4|rpc:10.1.0.239:15014|admin:10.1.0.239:15013|client:10.1.0.239:15012|dataStream:10.1.0.239:15015|priority:0|startupRole:FOLLOWER]|listeners:[], old=null
2023-08-29 18:52:57,395 [8e764df9-21b5-444f-852f-dd54d92b5fac-server-thread1] INFO  ratis.XceiverServerRatis (XceiverServerRatis.java:handleLeaderChangedNotification(902)) - Leader change notification received for group: group-6741276350F2 with new leaderId: 7f4449f5-5363-4e2a-a958-eb2e78800a81
2023-08-29 18:52:57,395 [8e764df9-21b5-444f-852f-dd54d92b5fac-server-thread1] INFO  server.RaftServer$Division (ServerState.java:setLeader(317)) - 8e764df9-21b5-444f-852f-dd54d92b5fac@group-6741276350F2: change Leader from null to 7f4449f5-5363-4e2a-a958-eb2e78800a81 at term 1 for appendEntries, leader elected after 5389ms
2023-08-29 18:52:57,416 [5b9ef83d-dbe3-47c8-9c1e-3cffac3fa7d5@group-B7939D7B642E-FollowerState] INFO  impl.FollowerState (FollowerState.java:run(143)) - 5b9ef83d-dbe3-47c8-9c1e-3cffac3fa7d5@group-B7939D7B642E-FollowerState: change to CANDIDATE, lastRpcElapsedTime:5088469236ns, electionTimeout:5080ms
2023-08-29 18:52:57,416 [5b9ef83d-dbe3-47c8-9c1e-3cffac3fa7d5@group-B7939D7B642E-FollowerState] INFO  impl.RoleInfo (RoleInfo.java:shutdownFollowerState(110)) - 5b9ef83d-dbe3-47c8-9c1e-3cffac3fa7d5: shutdown 5b9ef83d-dbe3-47c8-9c1e-3cffac3fa7d5@group-B7939D7B642E-FollowerState
2023-08-29 18:52:57,416 [5b9ef83d-dbe3-47c8-9c1e-3cffac3fa7d5@group-B7939D7B642E-FollowerState] INFO  server.RaftServer$Division (RaftServerImpl.java:setRole(329)) - 5b9ef83d-dbe3-47c8-9c1e-3cffac3fa7d5@group-B7939D7B642E: changes role from  FOLLOWER to CANDIDATE at term 0 for changeToCandidate
2023-08-29 18:52:57,429 [5b9ef83d-dbe3-47c8-9c1e-3cffac3fa7d5@group-B7939D7B642E-FollowerState] INFO  server.RaftServerConfigKeys (ConfUtils.java:logGet(46)) - raft.server.leaderelection.pre-vote = true (default)
2023-08-29 18:52:57,429 [5b9ef83d-dbe3-47c8-9c1e-3cffac3fa7d5@group-B7939D7B642E-FollowerState] INFO  impl.RoleInfo (RoleInfo.java:updateAndGet(139)) - 5b9ef83d-dbe3-47c8-9c1e-3cffac3fa7d5: start 5b9ef83d-dbe3-47c8-9c1e-3cffac3fa7d5@group-B7939D7B642E-LeaderElection9
2023-08-29 18:52:57,429 [97ee00cc-8878-42b3-8e3f-b8716daccca4-server-thread2] INFO  ratis.XceiverServerRatis (XceiverServerRatis.java:handleLeaderChangedNotification(902)) - Leader change notification received for group: group-6741276350F2 with new leaderId: 7f4449f5-5363-4e2a-a958-eb2e78800a81
2023-08-29 18:52:57,429 [97ee00cc-8878-42b3-8e3f-b8716daccca4-server-thread2] INFO  server.RaftServer$Division (ServerState.java:setLeader(317)) - 97ee00cc-8878-42b3-8e3f-b8716daccca4@group-6741276350F2: change Leader from null to 7f4449f5-5363-4e2a-a958-eb2e78800a81 at term 1 for appendEntries, leader elected after 5246ms
2023-08-29 18:52:57,435 [5b9ef83d-dbe3-47c8-9c1e-3cffac3fa7d5@group-B7939D7B642E-LeaderElection9] INFO  impl.LeaderElection (LeaderElection.java:askForVotes(321)) - 5b9ef83d-dbe3-47c8-9c1e-3cffac3fa7d5@group-B7939D7B642E-LeaderElection9 PRE_VOTE round 0: submit vote requests at term 0 for -1: peers:[5b9ef83d-dbe3-47c8-9c1e-3cffac3fa7d5|rpc:10.1.0.239:15041|admin:10.1.0.239:15040|client:10.1.0.239:15039|dataStream:10.1.0.239:15042|priority:1|startupRole:FOLLOWER]|listeners:[], old=null
2023-08-29 18:52:57,435 [5b9ef83d-dbe3-47c8-9c1e-3cffac3fa7d5@group-B7939D7B642E-LeaderElection9] INFO  impl.LeaderElection (LeaderElection.java:askForVotes(323)) - 5b9ef83d-dbe3-47c8-9c1e-3cffac3fa7d5@group-B7939D7B642E-LeaderElection9 PRE_VOTE round 0: result PASSED (term=0)
2023-08-29 18:52:57,437 [5b9ef83d-dbe3-47c8-9c1e-3cffac3fa7d5@group-B7939D7B642E-LeaderElection9] INFO  impl.LeaderElection (LeaderElection.java:askForVotes(321)) - 5b9ef83d-dbe3-47c8-9c1e-3cffac3fa7d5@group-B7939D7B642E-LeaderElection9 ELECTION round 0: submit vote requests at term 1 for -1: peers:[5b9ef83d-dbe3-47c8-9c1e-3cffac3fa7d5|rpc:10.1.0.239:15041|admin:10.1.0.239:15040|client:10.1.0.239:15039|dataStream:10.1.0.239:15042|priority:1|startupRole:FOLLOWER]|listeners:[], old=null
2023-08-29 18:52:57,437 [5b9ef83d-dbe3-47c8-9c1e-3cffac3fa7d5@group-B7939D7B642E-LeaderElection9] INFO  impl.LeaderElection (LeaderElection.java:askForVotes(323)) - 5b9ef83d-dbe3-47c8-9c1e-3cffac3fa7d5@group-B7939D7B642E-LeaderElection9 ELECTION round 0: result PASSED (term=1)
2023-08-29 18:52:57,437 [5b9ef83d-dbe3-47c8-9c1e-3cffac3fa7d5@group-B7939D7B642E-LeaderElection9] INFO  impl.RoleInfo (RoleInfo.java:shutdownLeaderElection(130)) - 5b9ef83d-dbe3-47c8-9c1e-3cffac3fa7d5: shutdown 5b9ef83d-dbe3-47c8-9c1e-3cffac3fa7d5@group-B7939D7B642E-LeaderElection9
2023-08-29 18:52:57,437 [5b9ef83d-dbe3-47c8-9c1e-3cffac3fa7d5@group-B7939D7B642E-LeaderElection9] INFO  server.RaftServer$Division (RaftServerImpl.java:setRole(329)) - 5b9ef83d-dbe3-47c8-9c1e-3cffac3fa7d5@group-B7939D7B642E: changes role from CANDIDATE to LEADER at term 1 for changeToLeader
2023-08-29 18:52:57,437 [5b9ef83d-dbe3-47c8-9c1e-3cffac3fa7d5@group-B7939D7B642E-LeaderElection9] INFO  ratis.XceiverServerRatis (XceiverServerRatis.java:handleLeaderChangedNotification(902)) - Leader change notification received for group: group-B7939D7B642E with new leaderId: 5b9ef83d-dbe3-47c8-9c1e-3cffac3fa7d5
2023-08-29 18:52:57,438 [5b9ef83d-dbe3-47c8-9c1e-3cffac3fa7d5@group-B7939D7B642E-LeaderElection9] INFO  server.RaftServer$Division (ServerState.java:setLeader(317)) - 5b9ef83d-dbe3-47c8-9c1e-3cffac3fa7d5@group-B7939D7B642E: change Leader from null to 5b9ef83d-dbe3-47c8-9c1e-3cffac3fa7d5 at term 1 for becomeLeader, leader elected after 5138ms
2023-08-29 18:52:57,438 [5b9ef83d-dbe3-47c8-9c1e-3cffac3fa7d5@group-B7939D7B642E-LeaderElection9] INFO  server.RaftServerConfigKeys (ConfUtils.java:logGet(46)) - raft.server.staging.catchup.gap = 1000 (default)
2023-08-29 18:52:57,438 [5b9ef83d-dbe3-47c8-9c1e-3cffac3fa7d5@group-B7939D7B642E-LeaderElection9] INFO  server.RaftServerConfigKeys (ConfUtils.java:logGet(46)) - raft.server.write.element-limit = 1024 (custom)
2023-08-29 18:52:57,438 [5b9ef83d-dbe3-47c8-9c1e-3cffac3fa7d5@group-B7939D7B642E-LeaderElection9] INFO  server.RaftServerConfigKeys (ConfUtils.java:logGet(46)) - raft.server.write.byte-limit = 1024 M (=1073741824) (custom)
2023-08-29 18:52:57,444 [5b9ef83d-dbe3-47c8-9c1e-3cffac3fa7d5@group-B7939D7B642E-LeaderElection9] INFO  server.RaftServerConfigKeys (ConfUtils.java:logGet(46)) - raft.server.watch.timeout = 180s (custom)
2023-08-29 18:52:57,445 [5b9ef83d-dbe3-47c8-9c1e-3cffac3fa7d5@group-B7939D7B642E-LeaderElection9] INFO  server.RaftServerConfigKeys (ConfUtils.java:logGet(46)) - raft.server.watch.timeout.denomination = 1s (default)
2023-08-29 18:52:57,445 [5b9ef83d-dbe3-47c8-9c1e-3cffac3fa7d5@group-B7939D7B642E-LeaderElection9] INFO  server.RaftServerConfigKeys (ConfUtils.java:logGet(46)) - raft.server.watch.element-limit = 65536 (default)
2023-08-29 18:52:57,445 [5b9ef83d-dbe3-47c8-9c1e-3cffac3fa7d5@group-B7939D7B642E-LeaderElection9] INFO  server.RaftServerConfigKeys (ConfUtils.java:logGet(46)) - raft.server.write.element-limit = 1024 (custom)
2023-08-29 18:52:57,445 [5b9ef83d-dbe3-47c8-9c1e-3cffac3fa7d5@group-B7939D7B642E-LeaderElection9] INFO  server.RaftServerConfigKeys (ConfUtils.java:logGet(46)) - raft.server.write.follower.gap.ratio.max = -1.0 (default)
2023-08-29 18:52:57,445 [5b9ef83d-dbe3-47c8-9c1e-3cffac3fa7d5@group-B7939D7B642E-LeaderElection9] INFO  impl.RoleInfo (RoleInfo.java:updateAndGet(139)) - 5b9ef83d-dbe3-47c8-9c1e-3cffac3fa7d5: start 5b9ef83d-dbe3-47c8-9c1e-3cffac3fa7d5@group-B7939D7B642E-LeaderStateImpl
2023-08-29 18:52:57,446 [5b9ef83d-dbe3-47c8-9c1e-3cffac3fa7d5@group-B7939D7B642E-LeaderElection9] INFO  segmented.SegmentedRaftLogWorker (SegmentedRaftLogWorker.java:startLogSegment(447)) - 5b9ef83d-dbe3-47c8-9c1e-3cffac3fa7d5@group-B7939D7B642E-SegmentedRaftLogWorker: Starting segment from index:0
2023-08-29 18:52:57,449 [5b9ef83d-dbe3-47c8-9c1e-3cffac3fa7d5@group-B7939D7B642E-SegmentedRaftLogWorker] INFO  segmented.SegmentedRaftLogWorker (SegmentedRaftLogWorker.java:execute(651)) - 5b9ef83d-dbe3-47c8-9c1e-3cffac3fa7d5@group-B7939D7B642E-SegmentedRaftLogWorker: created new log segment /home/runner/work/ozone/ozone/hadoop-ozone/integration-test/target/test-dir/MiniOzoneClusterImpl-f4f7c4b3-a6e6-4e2b-8957-3aa4c0e420f5/datanode-3/data/ratis/721e34b0-8cba-4223-80b3-b7939d7b642e/current/log_inprogress_0
2023-08-29 18:52:57,449 [8e764df9-21b5-444f-852f-dd54d92b5fac-server-thread3] INFO  server.RaftServer$Division (ServerState.java:setRaftConf(434)) - 8e764df9-21b5-444f-852f-dd54d92b5fac@group-6741276350F2: set configuration 0: peers:[7f4449f5-5363-4e2a-a958-eb2e78800a81|rpc:10.1.0.239:15023|admin:10.1.0.239:15022|client:10.1.0.239:15021|dataStream:10.1.0.239:15024|priority:1|startupRole:FOLLOWER, 8e764df9-21b5-444f-852f-dd54d92b5fac|rpc:10.1.0.239:15032|admin:10.1.0.239:15031|client:10.1.0.239:15030|dataStream:10.1.0.239:15033|priority:0|startupRole:FOLLOWER, 97ee00cc-8878-42b3-8e3f-b8716daccca4|rpc:10.1.0.239:15014|admin:10.1.0.239:15013|client:10.1.0.239:15012|dataStream:10.1.0.239:15015|priority:0|startupRole:FOLLOWER]|listeners:[], old=null
2023-08-29 18:52:57,449 [5b9ef83d-dbe3-47c8-9c1e-3cffac3fa7d5@group-B7939D7B642E-LeaderElection9] INFO  server.RaftServer$Division (ServerState.java:setRaftConf(434)) - 5b9ef83d-dbe3-47c8-9c1e-3cffac3fa7d5@group-B7939D7B642E: set configuration 0: peers:[5b9ef83d-dbe3-47c8-9c1e-3cffac3fa7d5|rpc:10.1.0.239:15041|admin:10.1.0.239:15040|client:10.1.0.239:15039|dataStream:10.1.0.239:15042|priority:1|startupRole:FOLLOWER]|listeners:[], old=null
2023-08-29 18:52:57,451 [8e764df9-21b5-444f-852f-dd54d92b5fac-server-thread3] INFO  segmented.SegmentedRaftLogWorker (SegmentedRaftLogWorker.java:startLogSegment(447)) - 8e764df9-21b5-444f-852f-dd54d92b5fac@group-6741276350F2-SegmentedRaftLogWorker: Starting segment from index:0
2023-08-29 18:52:57,452 [97ee00cc-8878-42b3-8e3f-b8716daccca4-server-thread1] INFO  server.RaftServer$Division (ServerState.java:setRaftConf(434)) - 97ee00cc-8878-42b3-8e3f-b8716daccca4@group-6741276350F2: set configuration 0: peers:[7f4449f5-5363-4e2a-a958-eb2e78800a81|rpc:10.1.0.239:15023|admin:10.1.0.239:15022|client:10.1.0.239:15021|dataStream:10.1.0.239:15024|priority:1|startupRole:FOLLOWER, 8e764df9-21b5-444f-852f-dd54d92b5fac|rpc:10.1.0.239:15032|admin:10.1.0.239:15031|client:10.1.0.239:15030|dataStream:10.1.0.239:15033|priority:0|startupRole:FOLLOWER, 97ee00cc-8878-42b3-8e3f-b8716daccca4|rpc:10.1.0.239:15014|admin:10.1.0.239:15013|client:10.1.0.239:15012|dataStream:10.1.0.239:15015|priority:0|startupRole:FOLLOWER]|listeners:[], old=null
2023-08-29 18:52:57,453 [97ee00cc-8878-42b3-8e3f-b8716daccca4-server-thread1] INFO  segmented.SegmentedRaftLogWorker (SegmentedRaftLogWorker.java:startLogSegment(447)) - 97ee00cc-8878-42b3-8e3f-b8716daccca4@group-6741276350F2-SegmentedRaftLogWorker: Starting segment from index:0
2023-08-29 18:52:57,455 [8e764df9-21b5-444f-852f-dd54d92b5fac@group-6741276350F2-SegmentedRaftLogWorker] INFO  segmented.SegmentedRaftLogWorker (SegmentedRaftLogWorker.java:execute(651)) - 8e764df9-21b5-444f-852f-dd54d92b5fac@group-6741276350F2-SegmentedRaftLogWorker: created new log segment /home/runner/work/ozone/ozone/hadoop-ozone/integration-test/target/test-dir/MiniOzoneClusterImpl-f4f7c4b3-a6e6-4e2b-8957-3aa4c0e420f5/datanode-2/data/ratis/ca1cac7b-847d-4473-b891-6741276350f2/current/log_inprogress_0
2023-08-29 18:52:57,456 [97ee00cc-8878-42b3-8e3f-b8716daccca4@group-6741276350F2-SegmentedRaftLogWorker] INFO  segmented.SegmentedRaftLogWorker (SegmentedRaftLogWorker.java:execute(651)) - 97ee00cc-8878-42b3-8e3f-b8716daccca4@group-6741276350F2-SegmentedRaftLogWorker: created new log segment /home/runner/work/ozone/ozone/hadoop-ozone/integration-test/target/test-dir/MiniOzoneClusterImpl-f4f7c4b3-a6e6-4e2b-8957-3aa4c0e420f5/datanode-0/data/ratis/ca1cac7b-847d-4473-b891-6741276350f2/current/log_inprogress_0
2023-08-29 18:52:57,574 [main] INFO  ozone.MiniOzoneClusterImpl (MiniOzoneClusterImpl.java:lambda$waitForClusterToBeReady$0(224)) - Nodes are ready. Got 5 of 5 DN Heartbeats.
2023-08-29 18:52:57,574 [main] INFO  ozone.MiniOzoneClusterImpl (MiniOzoneClusterImpl.java:lambda$waitForClusterToBeReady$0(227)) - Cluster exits safe mode
2023-08-29 18:52:57,574 [main] INFO  ozone.MiniOzoneClusterImpl (MiniOzoneClusterImpl.java:lambda$waitForClusterToBeReady$0(229)) - SCM became leader
2023-08-29 18:52:57,683 [d246a9b4-fb4e-4001-b7a9-7f69213ea7ae@group-A2204F43F4F0-FollowerState] INFO  impl.FollowerState (FollowerState.java:run(143)) - d246a9b4-fb4e-4001-b7a9-7f69213ea7ae@group-A2204F43F4F0-FollowerState: change to CANDIDATE, lastRpcElapsedTime:5078539370ns, electionTimeout:5077ms
2023-08-29 18:52:57,684 [d246a9b4-fb4e-4001-b7a9-7f69213ea7ae@group-A2204F43F4F0-FollowerState] INFO  impl.RoleInfo (RoleInfo.java:shutdownFollowerState(110)) - d246a9b4-fb4e-4001-b7a9-7f69213ea7ae: shutdown d246a9b4-fb4e-4001-b7a9-7f69213ea7ae@group-A2204F43F4F0-FollowerState
2023-08-29 18:52:57,684 [d246a9b4-fb4e-4001-b7a9-7f69213ea7ae@group-A2204F43F4F0-FollowerState] INFO  server.RaftServer$Division (RaftServerImpl.java:setRole(329)) - d246a9b4-fb4e-4001-b7a9-7f69213ea7ae@group-A2204F43F4F0: changes role from  FOLLOWER to CANDIDATE at term 0 for changeToCandidate
2023-08-29 18:52:57,686 [d246a9b4-fb4e-4001-b7a9-7f69213ea7ae@group-A2204F43F4F0-FollowerState] INFO  server.RaftServerConfigKeys (ConfUtils.java:logGet(46)) - raft.server.leaderelection.pre-vote = true (default)
2023-08-29 18:52:57,686 [d246a9b4-fb4e-4001-b7a9-7f69213ea7ae@group-A2204F43F4F0-FollowerState] INFO  impl.RoleInfo (RoleInfo.java:updateAndGet(139)) - d246a9b4-fb4e-4001-b7a9-7f69213ea7ae: start d246a9b4-fb4e-4001-b7a9-7f69213ea7ae@group-A2204F43F4F0-LeaderElection10
2023-08-29 18:52:57,690 [d246a9b4-fb4e-4001-b7a9-7f69213ea7ae@group-A2204F43F4F0-LeaderElection10] INFO  impl.LeaderElection (LeaderElection.java:askForVotes(321)) - d246a9b4-fb4e-4001-b7a9-7f69213ea7ae@group-A2204F43F4F0-LeaderElection10 PRE_VOTE round 0: submit vote requests at term 0 for -1: peers:[d246a9b4-fb4e-4001-b7a9-7f69213ea7ae|rpc:10.1.0.239:15050|admin:10.1.0.239:15049|client:10.1.0.239:15048|dataStream:10.1.0.239:15051|priority:1|startupRole:FOLLOWER]|listeners:[], old=null
2023-08-29 18:52:57,690 [d246a9b4-fb4e-4001-b7a9-7f69213ea7ae@group-A2204F43F4F0-LeaderElection10] INFO  impl.LeaderElection (LeaderElection.java:askForVotes(323)) - d246a9b4-fb4e-4001-b7a9-7f69213ea7ae@group-A2204F43F4F0-LeaderElection10 PRE_VOTE round 0: result PASSED (term=0)
2023-08-29 18:52:57,691 [d246a9b4-fb4e-4001-b7a9-7f69213ea7ae@group-A2204F43F4F0-LeaderElection10] INFO  impl.LeaderElection (LeaderElection.java:askForVotes(321)) - d246a9b4-fb4e-4001-b7a9-7f69213ea7ae@group-A2204F43F4F0-LeaderElection10 ELECTION round 0: submit vote requests at term 1 for -1: peers:[d246a9b4-fb4e-4001-b7a9-7f69213ea7ae|rpc:10.1.0.239:15050|admin:10.1.0.239:15049|client:10.1.0.239:15048|dataStream:10.1.0.239:15051|priority:1|startupRole:FOLLOWER]|listeners:[], old=null
2023-08-29 18:52:57,691 [d246a9b4-fb4e-4001-b7a9-7f69213ea7ae@group-A2204F43F4F0-LeaderElection10] INFO  impl.LeaderElection (LeaderElection.java:askForVotes(323)) - d246a9b4-fb4e-4001-b7a9-7f69213ea7ae@group-A2204F43F4F0-LeaderElection10 ELECTION round 0: result PASSED (term=1)
2023-08-29 18:52:57,691 [d246a9b4-fb4e-4001-b7a9-7f69213ea7ae@group-A2204F43F4F0-LeaderElection10] INFO  impl.RoleInfo (RoleInfo.java:shutdownLeaderElection(130)) - d246a9b4-fb4e-4001-b7a9-7f69213ea7ae: shutdown d246a9b4-fb4e-4001-b7a9-7f69213ea7ae@group-A2204F43F4F0-LeaderElection10
2023-08-29 18:52:57,691 [d246a9b4-fb4e-4001-b7a9-7f69213ea7ae@group-A2204F43F4F0-LeaderElection10] INFO  server.RaftServer$Division (RaftServerImpl.java:setRole(329)) - d246a9b4-fb4e-4001-b7a9-7f69213ea7ae@group-A2204F43F4F0: changes role from CANDIDATE to LEADER at term 1 for changeToLeader
2023-08-29 18:52:57,691 [d246a9b4-fb4e-4001-b7a9-7f69213ea7ae@group-A2204F43F4F0-LeaderElection10] INFO  ratis.XceiverServerRatis (XceiverServerRatis.java:handleLeaderChangedNotification(902)) - Leader change notification received for group: group-A2204F43F4F0 with new leaderId: d246a9b4-fb4e-4001-b7a9-7f69213ea7ae
2023-08-29 18:52:57,691 [d246a9b4-fb4e-4001-b7a9-7f69213ea7ae@group-A2204F43F4F0-LeaderElection10] INFO  server.RaftServer$Division (ServerState.java:setLeader(317)) - d246a9b4-fb4e-4001-b7a9-7f69213ea7ae@group-A2204F43F4F0: change Leader from null to d246a9b4-fb4e-4001-b7a9-7f69213ea7ae at term 1 for becomeLeader, leader elected after 5104ms
2023-08-29 18:52:57,692 [d246a9b4-fb4e-4001-b7a9-7f69213ea7ae@group-A2204F43F4F0-LeaderElection10] INFO  server.RaftServerConfigKeys (ConfUtils.java:logGet(46)) - raft.server.staging.catchup.gap = 1000 (default)
2023-08-29 18:52:57,696 [d246a9b4-fb4e-4001-b7a9-7f69213ea7ae@group-A2204F43F4F0-LeaderElection10] INFO  server.RaftServerConfigKeys (ConfUtils.java:logGet(46)) - raft.server.write.element-limit = 1024 (custom)
2023-08-29 18:52:57,696 [d246a9b4-fb4e-4001-b7a9-7f69213ea7ae@group-A2204F43F4F0-LeaderElection10] INFO  server.RaftServerConfigKeys (ConfUtils.java:logGet(46)) - raft.server.write.byte-limit = 1024 M (=1073741824) (custom)
2023-08-29 18:52:57,696 [d246a9b4-fb4e-4001-b7a9-7f69213ea7ae@group-A2204F43F4F0-LeaderElection10] INFO  server.RaftServerConfigKeys (ConfUtils.java:logGet(46)) - raft.server.watch.timeout = 180s (custom)
2023-08-29 18:52:57,699 [d246a9b4-fb4e-4001-b7a9-7f69213ea7ae@group-A2204F43F4F0-LeaderElection10] INFO  server.RaftServerConfigKeys (ConfUtils.java:logGet(46)) - raft.server.watch.timeout.denomination = 1s (default)
2023-08-29 18:52:57,699 [d246a9b4-fb4e-4001-b7a9-7f69213ea7ae@group-A2204F43F4F0-LeaderElection10] INFO  server.RaftServerConfigKeys (ConfUtils.java:logGet(46)) - raft.server.watch.element-limit = 65536 (default)
2023-08-29 18:52:57,701 [d246a9b4-fb4e-4001-b7a9-7f69213ea7ae@group-A2204F43F4F0-LeaderElection10] INFO  server.RaftServerConfigKeys (ConfUtils.java:logGet(46)) - raft.server.write.element-limit = 1024 (custom)
2023-08-29 18:52:57,701 [d246a9b4-fb4e-4001-b7a9-7f69213ea7ae@group-A2204F43F4F0-LeaderElection10] INFO  server.RaftServerConfigKeys (ConfUtils.java:logGet(46)) - raft.server.write.follower.gap.ratio.max = -1.0 (default)
2023-08-29 18:52:57,702 [d246a9b4-fb4e-4001-b7a9-7f69213ea7ae@group-A2204F43F4F0-LeaderElection10] INFO  impl.RoleInfo (RoleInfo.java:updateAndGet(139)) - d246a9b4-fb4e-4001-b7a9-7f69213ea7ae: start d246a9b4-fb4e-4001-b7a9-7f69213ea7ae@group-A2204F43F4F0-LeaderStateImpl
2023-08-29 18:52:57,702 [d246a9b4-fb4e-4001-b7a9-7f69213ea7ae@group-A2204F43F4F0-LeaderElection10] INFO  segmented.SegmentedRaftLogWorker (SegmentedRaftLogWorker.java:startLogSegment(447)) - d246a9b4-fb4e-4001-b7a9-7f69213ea7ae@group-A2204F43F4F0-SegmentedRaftLogWorker: Starting segment from index:0
2023-08-29 18:52:57,703 [d246a9b4-fb4e-4001-b7a9-7f69213ea7ae@group-A2204F43F4F0-SegmentedRaftLogWorker] INFO  segmented.SegmentedRaftLogWorker (SegmentedRaftLogWorker.java:execute(651)) - d246a9b4-fb4e-4001-b7a9-7f69213ea7ae@group-A2204F43F4F0-SegmentedRaftLogWorker: created new log segment /home/runner/work/ozone/ozone/hadoop-ozone/integration-test/target/test-dir/MiniOzoneClusterImpl-f4f7c4b3-a6e6-4e2b-8957-3aa4c0e420f5/datanode-4/data/ratis/e095f7b0-8fb0-47f4-a2ae-a2204f43f4f0/current/log_inprogress_0
2023-08-29 18:52:57,713 [d246a9b4-fb4e-4001-b7a9-7f69213ea7ae@group-A2204F43F4F0-LeaderElection10] INFO  server.RaftServer$Division (ServerState.java:setRaftConf(434)) - d246a9b4-fb4e-4001-b7a9-7f69213ea7ae@group-A2204F43F4F0: set configuration 0: peers:[d246a9b4-fb4e-4001-b7a9-7f69213ea7ae|rpc:10.1.0.239:15050|admin:10.1.0.239:15049|client:10.1.0.239:15048|dataStream:10.1.0.239:15051|priority:1|startupRole:FOLLOWER]|listeners:[], old=null
2023-08-29 18:52:58,065 [JvmPauseMonitor3] WARN  util.JvmPauseMonitor (JvmPauseMonitor.java:detectPause(124)) - JvmPauseMonitor-7f4449f5-5363-4e2a-a958-eb2e78800a81: Detected pause in JVM or host machine approximately 0.130s with 0.291s GC time.
GC pool 'PS MarkSweep' had collection(s): count=1 time=204ms
GC pool 'PS Scavenge' had collection(s): count=1 time=87ms
2023-08-29 18:52:58,065 [JvmPauseMonitor2] WARN  util.JvmPauseMonitor (JvmPauseMonitor.java:detectPause(124)) - JvmPauseMonitor-97ee00cc-8878-42b3-8e3f-b8716daccca4: Detected pause in JVM or host machine approximately 0.136s with 0.291s GC time.
GC pool 'PS MarkSweep' had collection(s): count=1 time=204ms
GC pool 'PS Scavenge' had collection(s): count=1 time=87ms
2023-08-29 18:52:58,066 [JvmPauseMonitor1] WARN  util.JvmPauseMonitor (JvmPauseMonitor.java:detectPause(124)) - JvmPauseMonitor-om1: Detected pause in JVM or host machine approximately 0.143s with 0.291s GC time.
GC pool 'PS MarkSweep' had collection(s): count=1 time=204ms
GC pool 'PS Scavenge' had collection(s): count=1 time=87ms
2023-08-29 18:52:58,066 [JvmPauseMonitor5] WARN  util.JvmPauseMonitor (JvmPauseMonitor.java:detectPause(124)) - JvmPauseMonitor-5b9ef83d-dbe3-47c8-9c1e-3cffac3fa7d5: Detected pause in JVM or host machine approximately 0.145s with 0.291s GC time.
GC pool 'PS MarkSweep' had collection(s): count=1 time=204ms
GC pool 'PS Scavenge' had collection(s): count=1 time=87ms
2023-08-29 18:52:58,378 [main] INFO  rpc.RpcClient (RpcClient.java:createVolume(461)) - Creating Volume: volume53060, with user33820 as owner and space quota set to -1 bytes, counts quota set to -1
2023-08-29 18:52:58,441 [OM StateMachine ApplyTransaction Thread - 0] INFO  volume.OMVolumeCreateRequest (OMVolumeCreateRequest.java:validateAndUpdateCache(196)) - created volume:volume53060 for user:user33820
2023-08-29 18:52:58,460 [main] INFO  rpc.RpcClient (RpcClient.java:createBucket(688)) - Creating Bucket: volume53060/bucket79480, with bucket layout LEGACY, runner as owner, Versioning false, Storage Type set to DISK and Encryption set to false, Replication Type set to server-side default replication type, Namespace Quota set to -1, Space Quota set to -1 
2023-08-29 18:52:58,475 [OM StateMachine ApplyTransaction Thread - 0] INFO  bucket.OMBucketCreateRequest (OMBucketCreateRequest.java:validateAndUpdateCache(270)) - created bucket: bucket79480 of layout LEGACY in volume: volume53060
]]></system-out>
  </testcase>
  <testcase name="testGetTrashRoot" classname="TestOzoneFileSystem" time="19.026">
    <system-out><![CDATA[2023-08-29 18:54:00,683 [main] INFO  ozone.MiniOzoneClusterImpl (MiniOzoneClusterImpl.java:shutdown(443)) - Shutting down the Mini Ozone Cluster
2023-08-29 18:54:00,683 [main] INFO  ozone.MiniOzoneClusterImpl (MiniOzoneClusterImpl.java:stop(460)) - Stopping the Mini Ozone Cluster
2023-08-29 18:54:00,683 [main] INFO  ozone.MiniOzoneClusterImpl (MiniOzoneClusterImpl.java:stopOM(551)) - Stopping the OzoneManager
2023-08-29 18:54:00,684 [main] INFO  om.OzoneManager (OzoneManager.java:stop(2204)) - om1[localhost:15004]: Stopping Ozone Manager
2023-08-29 18:54:00,684 [main] INFO  ipc.Server (Server.java:stop(3523)) - Stopping server on 15004
2023-08-29 18:54:00,690 [IPC Server handler 0 on default port 15004] WARN  ipc.Server (Server.java:processResponse(1772)) - IPC Server handler 0 on default port 15004, call Call#58988 Retry#0 org.apache.hadoop.ozone.om.protocol.OzoneManagerProtocol.submitRequest from localhost:55122 / 127.0.0.1:55122: output error
2023-08-29 18:54:00,691 [IPC Server handler 0 on default port 15004] INFO  ipc.Server (Server.java:run(3061)) - IPC Server handler 0 on default port 15004 caught an exception
java.nio.channels.ClosedByInterruptException
	at java.nio.channels.spi.AbstractInterruptibleChannel.end(AbstractInterruptibleChannel.java:202)
	at sun.nio.ch.SocketChannelImpl.write(SocketChannelImpl.java:477)
	at org.apache.hadoop.ipc.Server.channelWrite(Server.java:3743)
	at org.apache.hadoop.ipc.Server.access$1800(Server.java:148)
	at org.apache.hadoop.ipc.Server$Responder.processResponse(Server.java:1722)
	at org.apache.hadoop.ipc.Server$Responder.doRespond(Server.java:1792)
	at org.apache.hadoop.ipc.Server$Connection.sendResponse(Server.java:2919)
	at org.apache.hadoop.ipc.Server$Connection.access$400(Server.java:1864)
	at org.apache.hadoop.ipc.Server$RpcCall.doResponse(Server.java:1176)
	at org.apache.hadoop.ipc.Server$Call.doResponse(Server.java:954)
	at org.apache.hadoop.ipc.Server$Call.sendResponse(Server.java:940)
	at org.apache.hadoop.ipc.Server$RpcCall.run(Server.java:1111)
	at org.apache.hadoop.ipc.Server$RpcCall.run(Server.java:1017)
	at java.security.AccessController.doPrivileged(Native Method)
	at javax.security.auth.Subject.doAs(Subject.java:422)
	at org.apache.hadoop.security.UserGroupInformation.doAs(UserGroupInformation.java:1899)
	at org.apache.hadoop.ipc.Server$Handler.run(Server.java:3048)
2023-08-29 18:54:00,693 [IPC Server listener on 15004] INFO  ipc.Server (Server.java:run(1434)) - Stopping IPC Server listener on 15004
2023-08-29 18:54:00,694 [IPC Server Responder] INFO  ipc.Server (Server.java:run(1567)) - Stopping IPC Server Responder
2023-08-29 18:54:00,695 [main] INFO  server.RaftServer (RaftServerProxy.java:lambda$close$6(416)) - om1: close
2023-08-29 18:54:00,696 [main] INFO  server.GrpcService (GrpcService.java:closeImpl(311)) - om1: shutdown server GrpcServerProtocolService now
2023-08-29 18:54:00,705 [main] INFO  server.GrpcService (GrpcService.java:closeImpl(320)) - om1: shutdown server GrpcServerProtocolService successfully
2023-08-29 18:54:00,708 [om1-impl-thread2] INFO  server.RaftServer$Division (RaftServerImpl.java:lambda$close$4(466)) - om1@group-C5BA1605619E: shutdown
2023-08-29 18:54:00,708 [om1-impl-thread2] INFO  util.JmxRegister (JmxRegister.java:unregister(73)) - Successfully un-registered JMX Bean with object name Ratis:service=RaftServer,group=group-C5BA1605619E,id=om1
2023-08-29 18:54:00,708 [om1-impl-thread2] INFO  impl.RoleInfo (RoleInfo.java:shutdownLeaderState(93)) - om1: shutdown om1@group-C5BA1605619E-LeaderStateImpl
2023-08-29 18:54:00,709 [om1-impl-thread2] INFO  impl.PendingRequests (PendingRequests.java:sendNotLeaderResponses(289)) - om1@group-C5BA1605619E-PendingRequests: sendNotLeaderResponses
2023-08-29 18:54:00,714 [om1@group-C5BA1605619E-StateMachineUpdater] INFO  ratis.OzoneManagerStateMachine (OzoneManagerStateMachine.java:takeSnapshot(480)) - Current Snapshot Index (t:1, i:37022)
2023-08-29 18:54:00,714 [om1-impl-thread2] INFO  impl.StateMachineUpdater (StateMachineUpdater.java:stopAndJoin(155)) - om1@group-C5BA1605619E-StateMachineUpdater: set stopIndex = 37022
2023-08-29 18:54:00,747 [om1@group-C5BA1605619E-StateMachineUpdater] INFO  impl.StateMachineUpdater (StateMachineUpdater.java:takeSnapshot(291)) - om1@group-C5BA1605619E-StateMachineUpdater: Took a snapshot at index 37022
2023-08-29 18:54:00,748 [om1@group-C5BA1605619E-StateMachineUpdater] INFO  impl.StateMachineUpdater (StateMachineUpdater.java:lambda$new$0(97)) - om1@group-C5BA1605619E-StateMachineUpdater: snapshotIndex: updateIncreasingly -1 -> 37022
2023-08-29 18:54:00,748 [om1@group-C5BA1605619E-StateMachineUpdater] INFO  ratis.OzoneManagerStateMachine (OzoneManagerStateMachine.java:close(534)) - StateMachine has shutdown. Shutdown OzoneManager if not already shutdown.
2023-08-29 18:54:00,748 [om1@group-C5BA1605619E-StateMachineUpdater] INFO  ratis.OzoneManagerDoubleBuffer (OzoneManagerDoubleBuffer.java:stopDaemon(551)) - Stopping OMDoubleBuffer flush thread
2023-08-29 18:54:00,749 [OMDoubleBufferFlushThread] INFO  ratis.OzoneManagerDoubleBuffer (OzoneManagerDoubleBuffer.java:canFlush(638)) - OMDoubleBuffer flush thread OMDoubleBufferFlushThread is interrupted and will exit.
2023-08-29 18:54:00,750 [om1-impl-thread2] INFO  server.RaftServer$Division (ServerState.java:close(472)) - om1@group-C5BA1605619E: closes. applyIndex: 37022
2023-08-29 18:54:01,679 [om1-impl-thread2] INFO  segmented.SegmentedRaftLogWorker (SegmentedRaftLogWorker.java:close(252)) - om1@group-C5BA1605619E-SegmentedRaftLogWorker close()
2023-08-29 18:54:01,681 [JvmPauseMonitor1] INFO  util.JvmPauseMonitor (JvmPauseMonitor.java:run(109)) - JvmPauseMonitor-om1: Stopped
2023-08-29 18:54:01,681 [main] INFO  ratis.OzoneManagerStateMachine (OzoneManagerStateMachine.java:close(534)) - StateMachine has shutdown. Shutdown OzoneManager if not already shutdown.
2023-08-29 18:54:01,682 [main] INFO  ratis.OzoneManagerDoubleBuffer (OzoneManagerDoubleBuffer.java:stopDaemon(560)) - OMDoubleBuffer flush thread is not running.
2023-08-29 18:54:01,683 [main] INFO  utils.BackgroundService (BackgroundService.java:shutdown(141)) - Shutting down service KeyDeletingService
2023-08-29 18:54:01,683 [main] INFO  utils.BackgroundService (BackgroundService.java:shutdown(141)) - Shutting down service KeyDeletingService
2023-08-29 18:54:01,683 [main] INFO  utils.BackgroundService (BackgroundService.java:shutdown(141)) - Shutting down service OpenKeyCleanupService
2023-08-29 18:54:01,683 [main] INFO  utils.BackgroundService (BackgroundService.java:shutdown(141)) - Shutting down service SstFilteringService
2023-08-29 18:54:01,683 [main] INFO  utils.BackgroundService (BackgroundService.java:shutdown(141)) - Shutting down service SnapshotDeletingService
2023-08-29 18:54:01,685 [main] INFO  handler.ContextHandler (ContextHandler.java:doStop(1159)) - Stopped o.e.j.w.WebAppContext@7eb39133{ozoneManager,/,null,STOPPED}{file:/home/runner/work/ozone/ozone/hadoop-ozone/integration-test/target/test-classes/webapps/ozoneManager}
2023-08-29 18:54:01,690 [main] INFO  server.AbstractConnector (AbstractConnector.java:doStop(383)) - Stopped ServerConnector@608e3638{HTTP/1.1, (http/1.1)}{0.0.0.0:15005}
2023-08-29 18:54:01,690 [main] INFO  server.session (HouseKeeper.java:stopScavenging(149)) - node0 Stopped scavenging
2023-08-29 18:54:01,690 [main] INFO  handler.ContextHandler (ContextHandler.java:doStop(1159)) - Stopped o.e.j.s.ServletContextHandler@1b02231b{static,/static,file:///home/runner/work/ozone/ozone/hadoop-ozone/integration-test/target/test-classes/webapps/static,STOPPED}
2023-08-29 18:54:01,690 [main] INFO  handler.ContextHandler (ContextHandler.java:doStop(1159)) - Stopped o.e.j.s.ServletContextHandler@111f13c7{logs,/logs,file:///home/runner/work/ozone/ozone/hadoop-ozone/integration-test/target/log,STOPPED}
2023-08-29 18:54:01,692 [main] INFO  rocksdiff.RocksDBCheckpointDiffer (RocksDBCheckpointDiffer.java:close(340)) - Shutting down CompactionDagPruningService.
2023-08-29 18:54:01,693 [Trash Emptier] ERROR om.TrashPolicyOzone (TrashPolicyOzone.java:run(350)) - Error attempting to shutdown
java.lang.InterruptedException
	at java.util.concurrent.locks.AbstractQueuedSynchronizer$ConditionObject.awaitNanos(AbstractQueuedSynchronizer.java:2067)
	at java.util.concurrent.ThreadPoolExecutor.awaitTermination(ThreadPoolExecutor.java:1475)
	at org.apache.hadoop.ozone.om.TrashPolicyOzone$Emptier.run(TrashPolicyOzone.java:348)
	at java.lang.Thread.run(Thread.java:750)
2023-08-29 18:54:01,697 [main] INFO  snapshot.SnapshotDiffManager (SnapshotDiffManager.java:closeExecutorService(1720)) - Shutting down executorService: 'SnapDiffExecutor'
2023-08-29 18:54:01,697 [main] INFO  snapshot.SnapshotDiffManager (SnapshotDiffManager.java:closeExecutorService(1720)) - Shutting down executorService: 'SstDumpToolExecutor'
2023-08-29 18:54:01,697 [main] INFO  utils.BackgroundService (BackgroundService.java:shutdown(141)) - Shutting down service SnapshotDiffCleanupService
2023-08-29 18:54:01,699 [main] INFO  ozone.MiniOzoneClusterImpl (MiniOzoneClusterImpl.java:stopDatanodes(528)) - Stopping the HddsDatanodes
2023-08-29 18:54:01,706 [ForkJoinPool.commonPool-worker-0] INFO  ozoneimpl.OzoneContainer (OzoneContainer.java:stop(451)) - Attempting to stop container services.
2023-08-29 18:54:01,708 [ForkJoinPool.commonPool-worker-0] INFO  server.RaftServer (RaftServerProxy.java:lambda$close$6(416)) - 7f4449f5-5363-4e2a-a958-eb2e78800a81: close
2023-08-29 18:54:01,708 [7f4449f5-5363-4e2a-a958-eb2e78800a81-impl-thread2] INFO  server.RaftServer$Division (RaftServerImpl.java:lambda$close$4(466)) - 7f4449f5-5363-4e2a-a958-eb2e78800a81@group-A7575599D9FE: shutdown
2023-08-29 18:54:01,708 [7f4449f5-5363-4e2a-a958-eb2e78800a81-impl-thread2] INFO  util.JmxRegister (JmxRegister.java:unregister(73)) - Successfully un-registered JMX Bean with object name Ratis:service=RaftServer,group=group-A7575599D9FE,id=7f4449f5-5363-4e2a-a958-eb2e78800a81
2023-08-29 18:54:01,708 [7f4449f5-5363-4e2a-a958-eb2e78800a81-impl-thread2] INFO  impl.RoleInfo (RoleInfo.java:shutdownLeaderState(93)) - 7f4449f5-5363-4e2a-a958-eb2e78800a81: shutdown 7f4449f5-5363-4e2a-a958-eb2e78800a81@group-A7575599D9FE-LeaderStateImpl
2023-08-29 18:54:01,709 [7f4449f5-5363-4e2a-a958-eb2e78800a81-impl-thread3] INFO  server.RaftServer$Division (RaftServerImpl.java:lambda$close$4(466)) - 7f4449f5-5363-4e2a-a958-eb2e78800a81@group-5E2011258112: shutdown
2023-08-29 18:54:01,709 [7f4449f5-5363-4e2a-a958-eb2e78800a81-impl-thread3] INFO  util.JmxRegister (JmxRegister.java:unregister(73)) - Successfully un-registered JMX Bean with object name Ratis:service=RaftServer,group=group-5E2011258112,id=7f4449f5-5363-4e2a-a958-eb2e78800a81
2023-08-29 18:54:01,709 [7f4449f5-5363-4e2a-a958-eb2e78800a81-impl-thread3] INFO  impl.RoleInfo (RoleInfo.java:shutdownFollowerState(110)) - 7f4449f5-5363-4e2a-a958-eb2e78800a81: shutdown 7f4449f5-5363-4e2a-a958-eb2e78800a81@group-5E2011258112-FollowerState
2023-08-29 18:54:01,709 [ForkJoinPool.commonPool-worker-0] INFO  server.GrpcService (GrpcService.java:closeImpl(311)) - 7f4449f5-5363-4e2a-a958-eb2e78800a81: shutdown server org.apache.ratis.grpc.server.GrpcClientProtocolService now
2023-08-29 18:54:01,709 [7f4449f5-5363-4e2a-a958-eb2e78800a81@group-5E2011258112-FollowerState] INFO  impl.FollowerState (FollowerState.java:run(152)) - 7f4449f5-5363-4e2a-a958-eb2e78800a81@group-5E2011258112-FollowerState was interrupted
2023-08-29 18:54:01,713 [7f4449f5-5363-4e2a-a958-eb2e78800a81-impl-thread3] INFO  impl.StateMachineUpdater (StateMachineUpdater.java:stopAndJoin(155)) - 7f4449f5-5363-4e2a-a958-eb2e78800a81@group-5E2011258112-StateMachineUpdater: set stopIndex = 25
2023-08-29 18:54:01,713 [7f4449f5-5363-4e2a-a958-eb2e78800a81-impl-thread4] INFO  server.RaftServer$Division (RaftServerImpl.java:lambda$close$4(466)) - 7f4449f5-5363-4e2a-a958-eb2e78800a81@group-6741276350F2: shutdown
2023-08-29 18:54:01,713 [7f4449f5-5363-4e2a-a958-eb2e78800a81-impl-thread4] INFO  util.JmxRegister (JmxRegister.java:unregister(73)) - Successfully un-registered JMX Bean with object name Ratis:service=RaftServer,group=group-6741276350F2,id=7f4449f5-5363-4e2a-a958-eb2e78800a81
2023-08-29 18:54:01,713 [7f4449f5-5363-4e2a-a958-eb2e78800a81-impl-thread4] INFO  impl.RoleInfo (RoleInfo.java:shutdownLeaderState(93)) - 7f4449f5-5363-4e2a-a958-eb2e78800a81: shutdown 7f4449f5-5363-4e2a-a958-eb2e78800a81@group-6741276350F2-LeaderStateImpl
2023-08-29 18:54:01,713 [7f4449f5-5363-4e2a-a958-eb2e78800a81@group-5E2011258112-StateMachineUpdater] INFO  ratis.ContainerStateMachine (ContainerStateMachine.java:takeSnapshot(330)) - group-5E2011258112: Taking a snapshot at:(t:1, i:25) file /home/runner/work/ozone/ozone/hadoop-ozone/integration-test/target/test-dir/MiniOzoneClusterImpl-f4f7c4b3-a6e6-4e2b-8957-3aa4c0e420f5/datanode-1/data/ratis/cbc1ad54-7414-490a-8dff-5e2011258112/sm/snapshot.1_25
2023-08-29 18:54:01,713 [7f4449f5-5363-4e2a-a958-eb2e78800a81-impl-thread4] INFO  impl.PendingRequests (PendingRequests.java:sendNotLeaderResponses(289)) - 7f4449f5-5363-4e2a-a958-eb2e78800a81@group-6741276350F2-PendingRequests: sendNotLeaderResponses
2023-08-29 18:54:01,713 [main] INFO  ozoneimpl.OzoneContainer (OzoneContainer.java:stop(451)) - Attempting to stop container services.
2023-08-29 18:54:01,708 [7f4449f5-5363-4e2a-a958-eb2e78800a81-impl-thread2] INFO  impl.PendingRequests (PendingRequests.java:sendNotLeaderResponses(289)) - 7f4449f5-5363-4e2a-a958-eb2e78800a81@group-A7575599D9FE-PendingRequests: sendNotLeaderResponses
2023-08-29 18:54:01,713 [7f4449f5-5363-4e2a-a958-eb2e78800a81@group-6741276350F2->8e764df9-21b5-444f-852f-dd54d92b5fac-GrpcLogAppender-LogAppenderDaemon] WARN  server.GrpcLogAppender (GrpcLogAppender.java:mayWait(199)) - 7f4449f5-5363-4e2a-a958-eb2e78800a81@group-6741276350F2->8e764df9-21b5-444f-852f-dd54d92b5fac-GrpcLogAppender: Wait interrupted by java.lang.InterruptedException
2023-08-29 18:54:01,718 [7f4449f5-5363-4e2a-a958-eb2e78800a81-impl-thread2] INFO  impl.StateMachineUpdater (StateMachineUpdater.java:stopAndJoin(155)) - 7f4449f5-5363-4e2a-a958-eb2e78800a81@group-A7575599D9FE-StateMachineUpdater: set stopIndex = 0
2023-08-29 18:54:01,718 [7f4449f5-5363-4e2a-a958-eb2e78800a81@group-A7575599D9FE-StateMachineUpdater] INFO  ratis.ContainerStateMachine (ContainerStateMachine.java:takeSnapshot(330)) - group-A7575599D9FE: Taking a snapshot at:(t:1, i:0) file /home/runner/work/ozone/ozone/hadoop-ozone/integration-test/target/test-dir/MiniOzoneClusterImpl-f4f7c4b3-a6e6-4e2b-8957-3aa4c0e420f5/datanode-1/data/ratis/06d0e18e-4e42-4c5a-89b5-a7575599d9fe/sm/snapshot.1_0
2023-08-29 18:54:01,720 [grpc-default-executor-6] INFO  server.GrpcServerProtocolService (GrpcServerProtocolService.java:onCompleted(155)) - 8e764df9-21b5-444f-852f-dd54d92b5fac: Completed APPEND_ENTRIES, lastRequest: null
2023-08-29 18:54:01,723 [grpc-default-executor-6] INFO  server.GrpcServerProtocolService (GrpcServerProtocolService.java:lambda$onCompleted$5(157)) - 8e764df9-21b5-444f-852f-dd54d92b5fac: Completed APPEND_ENTRIES, lastReply: serverReply {
  requestorId: "7f4449f5-5363-4e2a-a958-eb2e78800a81"
  replyId: "8e764df9-21b5-444f-852f-dd54d92b5fac"
  raftGroupId {
    id: "\312\034\254{\204}Ds\270\221gA\'cP\362"
  }
  callId: 36
  success: true
}
term: 1
nextIndex: 8
followerCommit: 7
matchIndex: 18446744073709551615
isHearbeat: true

2023-08-29 18:54:01,734 [Thread-522] INFO  server.GrpcServerProtocolClient (GrpcServerProtocolClient.java:close(103)) - 97ee00cc-8878-42b3-8e3f-b8716daccca4 Close channels
2023-08-29 18:54:01,734 [Thread-521] INFO  server.GrpcServerProtocolClient (GrpcServerProtocolClient.java:close(103)) - 8e764df9-21b5-444f-852f-dd54d92b5fac Close channels
2023-08-29 18:54:01,718 [7f4449f5-5363-4e2a-a958-eb2e78800a81@group-6741276350F2->97ee00cc-8878-42b3-8e3f-b8716daccca4-GrpcLogAppender-LogAppenderDaemon] WARN  server.GrpcLogAppender (GrpcLogAppender.java:mayWait(199)) - 7f4449f5-5363-4e2a-a958-eb2e78800a81@group-6741276350F2->97ee00cc-8878-42b3-8e3f-b8716daccca4-GrpcLogAppender: Wait interrupted by java.lang.InterruptedException
2023-08-29 18:54:01,736 [main] INFO  server.RaftServer (RaftServerProxy.java:lambda$close$6(416)) - 8e764df9-21b5-444f-852f-dd54d92b5fac: close
2023-08-29 18:54:01,721 [grpc-default-executor-5] INFO  server.GrpcServerProtocolService (GrpcServerProtocolService.java:onCompleted(155)) - 8e764df9-21b5-444f-852f-dd54d92b5fac: Completed APPEND_ENTRIES, lastRequest: 7f4449f5-5363-4e2a-a958-eb2e78800a81->8e764df9-21b5-444f-852f-dd54d92b5fac#28-t1,previous=(t:1, i:6),leaderCommit=6,initializing? true,entries: size=1, first=(t:1, i:7), METADATAENTRY(c:5)
2023-08-29 18:54:01,724 [grpc-default-executor-4] INFO  server.GrpcLogAppender (GrpcLogAppender.java:onCompleted(428)) - 7f4449f5-5363-4e2a-a958-eb2e78800a81@group-6741276350F2->8e764df9-21b5-444f-852f-dd54d92b5fac-AppendLogResponseHandler: follower responses appendEntries COMPLETED
2023-08-29 18:54:01,737 [grpc-default-executor-4] WARN  server.GrpcLogAppender (GrpcLogAppender.java:resetClient(137)) - 7f4449f5-5363-4e2a-a958-eb2e78800a81@group-6741276350F2->8e764df9-21b5-444f-852f-dd54d92b5fac-GrpcLogAppender: Failed to getClient for 8e764df9-21b5-444f-852f-dd54d92b5fac
org.apache.ratis.protocol.exceptions.AlreadyClosedException: 7f4449f5-5363-4e2a-a958-eb2e78800a81 is already CLOSED
	at org.apache.ratis.util.PeerProxyMap$PeerAndProxy.getProxy(PeerProxyMap.java:61)
	at org.apache.ratis.util.PeerProxyMap.getProxy(PeerProxyMap.java:115)
	at org.apache.ratis.grpc.server.GrpcLogAppender.getClient(GrpcLogAppender.java:112)
	at org.apache.ratis.grpc.server.GrpcLogAppender.resetClient(GrpcLogAppender.java:117)
	at org.apache.ratis.grpc.server.GrpcLogAppender.access$500(GrpcLogAppender.java:56)
	at org.apache.ratis.grpc.server.GrpcLogAppender$AppendLogResponseHandler.onCompleted(GrpcLogAppender.java:429)
	at org.apache.ratis.thirdparty.io.grpc.stub.ClientCalls$StreamObserverToCallListenerAdapter.onClose(ClientCalls.java:485)
	at org.apache.ratis.thirdparty.io.grpc.internal.ClientCallImpl.closeObserver(ClientCallImpl.java:563)
	at org.apache.ratis.thirdparty.io.grpc.internal.ClientCallImpl.access$300(ClientCallImpl.java:70)
	at org.apache.ratis.thirdparty.io.grpc.internal.ClientCallImpl$ClientStreamListenerImpl$1StreamClosed.runInternal(ClientCallImpl.java:744)
	at org.apache.ratis.thirdparty.io.grpc.internal.ClientCallImpl$ClientStreamListenerImpl$1StreamClosed.runInContext(ClientCallImpl.java:723)
	at org.apache.ratis.thirdparty.io.grpc.internal.ContextRunnable.run(ContextRunnable.java:37)
	at org.apache.ratis.thirdparty.io.grpc.internal.SerializingExecutor.run(SerializingExecutor.java:133)
	at java.util.concurrent.ThreadPoolExecutor.runWorker(ThreadPoolExecutor.java:1149)
	at java.util.concurrent.ThreadPoolExecutor$Worker.run(ThreadPoolExecutor.java:624)
	at java.lang.Thread.run(Thread.java:750)
2023-08-29 18:54:01,737 [grpc-default-executor-5] INFO  server.GrpcServerProtocolService (GrpcServerProtocolService.java:lambda$onCompleted$5(157)) - 8e764df9-21b5-444f-852f-dd54d92b5fac: Completed APPEND_ENTRIES, lastReply: null
2023-08-29 18:54:01,741 [8e764df9-21b5-444f-852f-dd54d92b5fac-impl-thread2] INFO  server.RaftServer$Division (RaftServerImpl.java:lambda$close$4(466)) - 8e764df9-21b5-444f-852f-dd54d92b5fac@group-7E53C364F6DC: shutdown
2023-08-29 18:54:01,741 [8e764df9-21b5-444f-852f-dd54d92b5fac-impl-thread2] INFO  util.JmxRegister (JmxRegister.java:unregister(73)) - Successfully un-registered JMX Bean with object name Ratis:service=RaftServer,group=group-7E53C364F6DC,id=8e764df9-21b5-444f-852f-dd54d92b5fac
2023-08-29 18:54:01,742 [8e764df9-21b5-444f-852f-dd54d92b5fac-impl-thread2] INFO  impl.RoleInfo (RoleInfo.java:shutdownLeaderState(93)) - 8e764df9-21b5-444f-852f-dd54d92b5fac: shutdown 8e764df9-21b5-444f-852f-dd54d92b5fac@group-7E53C364F6DC-LeaderStateImpl
2023-08-29 18:54:01,742 [8e764df9-21b5-444f-852f-dd54d92b5fac-impl-thread2] INFO  impl.PendingRequests (PendingRequests.java:sendNotLeaderResponses(289)) - 8e764df9-21b5-444f-852f-dd54d92b5fac@group-7E53C364F6DC-PendingRequests: sendNotLeaderResponses
2023-08-29 18:54:01,742 [8e764df9-21b5-444f-852f-dd54d92b5fac@group-7E53C364F6DC-StateMachineUpdater] INFO  ratis.ContainerStateMachine (ContainerStateMachine.java:takeSnapshot(330)) - group-7E53C364F6DC: Taking a snapshot at:(t:1, i:0) file /home/runner/work/ozone/ozone/hadoop-ozone/integration-test/target/test-dir/MiniOzoneClusterImpl-f4f7c4b3-a6e6-4e2b-8957-3aa4c0e420f5/datanode-2/data/ratis/80c10e0f-f52f-48ee-9066-7e53c364f6dc/sm/snapshot.1_0
2023-08-29 18:54:01,742 [8e764df9-21b5-444f-852f-dd54d92b5fac-impl-thread2] INFO  impl.StateMachineUpdater (StateMachineUpdater.java:stopAndJoin(155)) - 8e764df9-21b5-444f-852f-dd54d92b5fac@group-7E53C364F6DC-StateMachineUpdater: set stopIndex = 0
2023-08-29 18:54:01,746 [8e764df9-21b5-444f-852f-dd54d92b5fac-impl-thread3] INFO  server.RaftServer$Division (RaftServerImpl.java:lambda$close$4(466)) - 8e764df9-21b5-444f-852f-dd54d92b5fac@group-5E2011258112: shutdown
2023-08-29 18:54:01,752 [grpc-default-executor-6] WARN  server.GrpcClientProtocolService (LogUtils.java:warn(122)) - 2-UnorderedRequestStreamObserver2: onError: org.apache.ratis.thirdparty.io.grpc.StatusRuntimeException: CANCELLED: client cancelled
2023-08-29 18:54:01,751 [grpc-default-executor-5] WARN  server.GrpcClientProtocolService (LogUtils.java:warn(122)) - 1-OrderedRequestStreamObserver1: onError: org.apache.ratis.thirdparty.io.grpc.StatusRuntimeException: CANCELLED: client cancelled
2023-08-29 18:54:01,749 [7f4449f5-5363-4e2a-a958-eb2e78800a81@group-6741276350F2-StateMachineUpdater] INFO  ratis.ContainerStateMachine (ContainerStateMachine.java:takeSnapshot(330)) - group-6741276350F2: Taking a snapshot at:(t:1, i:7) file /home/runner/work/ozone/ozone/hadoop-ozone/integration-test/target/test-dir/MiniOzoneClusterImpl-f4f7c4b3-a6e6-4e2b-8957-3aa4c0e420f5/datanode-1/data/ratis/ca1cac7b-847d-4473-b891-6741276350f2/sm/snapshot.1_7
2023-08-29 18:54:01,749 [7f4449f5-5363-4e2a-a958-eb2e78800a81-impl-thread4] INFO  impl.StateMachineUpdater (StateMachineUpdater.java:stopAndJoin(155)) - 7f4449f5-5363-4e2a-a958-eb2e78800a81@group-6741276350F2-StateMachineUpdater: set stopIndex = 7
2023-08-29 18:54:01,764 [8e764df9-21b5-444f-852f-dd54d92b5fac-impl-thread4] INFO  server.RaftServer$Division (RaftServerImpl.java:lambda$close$4(466)) - 8e764df9-21b5-444f-852f-dd54d92b5fac@group-6741276350F2: shutdown
2023-08-29 18:54:01,765 [grpc-default-executor-10] INFO  server.GrpcLogAppender (GrpcLogAppender.java:onCompleted(428)) - 7f4449f5-5363-4e2a-a958-eb2e78800a81@group-6741276350F2->8e764df9-21b5-444f-852f-dd54d92b5fac-AppendLogResponseHandler: follower responses appendEntries COMPLETED
2023-08-29 18:54:01,765 [grpc-default-executor-10] WARN  server.GrpcLogAppender (GrpcLogAppender.java:resetClient(137)) - 7f4449f5-5363-4e2a-a958-eb2e78800a81@group-6741276350F2->8e764df9-21b5-444f-852f-dd54d92b5fac-GrpcLogAppender: Failed to getClient for 8e764df9-21b5-444f-852f-dd54d92b5fac
org.apache.ratis.protocol.exceptions.AlreadyClosedException: 7f4449f5-5363-4e2a-a958-eb2e78800a81 is already CLOSED
	at org.apache.ratis.util.PeerProxyMap$PeerAndProxy.getProxy(PeerProxyMap.java:61)
	at org.apache.ratis.util.PeerProxyMap.getProxy(PeerProxyMap.java:115)
	at org.apache.ratis.grpc.server.GrpcLogAppender.getClient(GrpcLogAppender.java:112)
	at org.apache.ratis.grpc.server.GrpcLogAppender.resetClient(GrpcLogAppender.java:117)
	at org.apache.ratis.grpc.server.GrpcLogAppender.access$500(GrpcLogAppender.java:56)
	at org.apache.ratis.grpc.server.GrpcLogAppender$AppendLogResponseHandler.onCompleted(GrpcLogAppender.java:429)
	at org.apache.ratis.thirdparty.io.grpc.stub.ClientCalls$StreamObserverToCallListenerAdapter.onClose(ClientCalls.java:485)
	at org.apache.ratis.thirdparty.io.grpc.internal.ClientCallImpl.closeObserver(ClientCallImpl.java:563)
	at org.apache.ratis.thirdparty.io.grpc.internal.ClientCallImpl.access$300(ClientCallImpl.java:70)
	at org.apache.ratis.thirdparty.io.grpc.internal.ClientCallImpl$ClientStreamListenerImpl$1StreamClosed.runInternal(ClientCallImpl.java:744)
	at org.apache.ratis.thirdparty.io.grpc.internal.ClientCallImpl$ClientStreamListenerImpl$1StreamClosed.runInContext(ClientCallImpl.java:723)
	at org.apache.ratis.thirdparty.io.grpc.internal.ContextRunnable.run(ContextRunnable.java:37)
	at org.apache.ratis.thirdparty.io.grpc.internal.SerializingExecutor.run(SerializingExecutor.java:133)
	at java.util.concurrent.ThreadPoolExecutor.runWorker(ThreadPoolExecutor.java:1149)
	at java.util.concurrent.ThreadPoolExecutor$Worker.run(ThreadPoolExecutor.java:624)
	at java.lang.Thread.run(Thread.java:750)
2023-08-29 18:54:01,764 [grpc-default-executor-6] INFO  server.GrpcServerProtocolService (GrpcServerProtocolService.java:onCompleted(155)) - 97ee00cc-8878-42b3-8e3f-b8716daccca4: Completed APPEND_ENTRIES, lastRequest: 7f4449f5-5363-4e2a-a958-eb2e78800a81->97ee00cc-8878-42b3-8e3f-b8716daccca4#30-t1,previous=(t:1, i:6),leaderCommit=6,initializing? true,entries: size=1, first=(t:1, i:7), METADATAENTRY(c:5)
2023-08-29 18:54:01,766 [grpc-default-executor-6] INFO  server.GrpcServerProtocolService (GrpcServerProtocolService.java:lambda$onCompleted$5(157)) - 97ee00cc-8878-42b3-8e3f-b8716daccca4: Completed APPEND_ENTRIES, lastReply: null
2023-08-29 18:54:01,764 [ForkJoinPool.commonPool-worker-1] INFO  ozoneimpl.OzoneContainer (OzoneContainer.java:stop(451)) - Attempting to stop container services.
2023-08-29 18:54:01,763 [main] INFO  server.GrpcService (GrpcService.java:closeImpl(311)) - 8e764df9-21b5-444f-852f-dd54d92b5fac: shutdown server org.apache.ratis.grpc.server.GrpcClientProtocolService now
2023-08-29 18:54:01,762 [8e764df9-21b5-444f-852f-dd54d92b5fac-impl-thread3] INFO  util.JmxRegister (JmxRegister.java:unregister(73)) - Successfully un-registered JMX Bean with object name Ratis:service=RaftServer,group=group-5E2011258112,id=8e764df9-21b5-444f-852f-dd54d92b5fac
2023-08-29 18:54:01,767 [8e764df9-21b5-444f-852f-dd54d92b5fac-impl-thread3] INFO  impl.RoleInfo (RoleInfo.java:shutdownLeaderState(93)) - 8e764df9-21b5-444f-852f-dd54d92b5fac: shutdown 8e764df9-21b5-444f-852f-dd54d92b5fac@group-5E2011258112-LeaderStateImpl
2023-08-29 18:54:01,767 [8e764df9-21b5-444f-852f-dd54d92b5fac-impl-thread3] INFO  impl.PendingRequests (PendingRequests.java:sendNotLeaderResponses(289)) - 8e764df9-21b5-444f-852f-dd54d92b5fac@group-5E2011258112-PendingRequests: sendNotLeaderResponses
2023-08-29 18:54:01,767 [8e764df9-21b5-444f-852f-dd54d92b5fac@group-5E2011258112->7f4449f5-5363-4e2a-a958-eb2e78800a81-GrpcLogAppender-LogAppenderDaemon] WARN  server.GrpcLogAppender (GrpcLogAppender.java:mayWait(199)) - 8e764df9-21b5-444f-852f-dd54d92b5fac@group-5E2011258112->7f4449f5-5363-4e2a-a958-eb2e78800a81-GrpcLogAppender: Wait interrupted by java.lang.InterruptedException
2023-08-29 18:54:01,767 [8e764df9-21b5-444f-852f-dd54d92b5fac@group-5E2011258112->97ee00cc-8878-42b3-8e3f-b8716daccca4-GrpcLogAppender-LogAppenderDaemon] WARN  server.GrpcLogAppender (GrpcLogAppender.java:mayWait(199)) - 8e764df9-21b5-444f-852f-dd54d92b5fac@group-5E2011258112->97ee00cc-8878-42b3-8e3f-b8716daccca4-GrpcLogAppender: Wait interrupted by java.lang.InterruptedException
2023-08-29 18:54:01,768 [ForkJoinPool.commonPool-worker-1] INFO  server.RaftServer (RaftServerProxy.java:lambda$close$6(416)) - 97ee00cc-8878-42b3-8e3f-b8716daccca4: close
2023-08-29 18:54:01,765 [8e764df9-21b5-444f-852f-dd54d92b5fac-impl-thread4] INFO  util.JmxRegister (JmxRegister.java:unregister(73)) - Successfully un-registered JMX Bean with object name Ratis:service=RaftServer,group=group-6741276350F2,id=8e764df9-21b5-444f-852f-dd54d92b5fac
2023-08-29 18:54:01,773 [8e764df9-21b5-444f-852f-dd54d92b5fac-impl-thread4] INFO  impl.RoleInfo (RoleInfo.java:shutdownFollowerState(110)) - 8e764df9-21b5-444f-852f-dd54d92b5fac: shutdown 8e764df9-21b5-444f-852f-dd54d92b5fac@group-6741276350F2-FollowerState
2023-08-29 18:54:01,774 [97ee00cc-8878-42b3-8e3f-b8716daccca4-impl-thread2] INFO  server.RaftServer$Division (RaftServerImpl.java:lambda$close$4(466)) - 97ee00cc-8878-42b3-8e3f-b8716daccca4@group-5E2011258112: shutdown
2023-08-29 18:54:01,774 [97ee00cc-8878-42b3-8e3f-b8716daccca4-impl-thread2] INFO  util.JmxRegister (JmxRegister.java:unregister(73)) - Successfully un-registered JMX Bean with object name Ratis:service=RaftServer,group=group-5E2011258112,id=97ee00cc-8878-42b3-8e3f-b8716daccca4
2023-08-29 18:54:01,774 [97ee00cc-8878-42b3-8e3f-b8716daccca4-impl-thread2] INFO  impl.RoleInfo (RoleInfo.java:shutdownFollowerState(110)) - 97ee00cc-8878-42b3-8e3f-b8716daccca4: shutdown 97ee00cc-8878-42b3-8e3f-b8716daccca4@group-5E2011258112-FollowerState
2023-08-29 18:54:01,774 [97ee00cc-8878-42b3-8e3f-b8716daccca4-impl-thread3] INFO  server.RaftServer$Division (RaftServerImpl.java:lambda$close$4(466)) - 97ee00cc-8878-42b3-8e3f-b8716daccca4@group-6741276350F2: shutdown
2023-08-29 18:54:01,774 [97ee00cc-8878-42b3-8e3f-b8716daccca4-impl-thread3] INFO  util.JmxRegister (JmxRegister.java:unregister(73)) - Successfully un-registered JMX Bean with object name Ratis:service=RaftServer,group=group-6741276350F2,id=97ee00cc-8878-42b3-8e3f-b8716daccca4
2023-08-29 18:54:01,774 [97ee00cc-8878-42b3-8e3f-b8716daccca4-impl-thread3] INFO  impl.RoleInfo (RoleInfo.java:shutdownFollowerState(110)) - 97ee00cc-8878-42b3-8e3f-b8716daccca4: shutdown 97ee00cc-8878-42b3-8e3f-b8716daccca4@group-6741276350F2-FollowerState
2023-08-29 18:54:01,774 [ForkJoinPool.commonPool-worker-1] INFO  server.GrpcService (GrpcService.java:closeImpl(311)) - 97ee00cc-8878-42b3-8e3f-b8716daccca4: shutdown server org.apache.ratis.grpc.server.GrpcClientProtocolService now
2023-08-29 18:54:01,774 [97ee00cc-8878-42b3-8e3f-b8716daccca4-impl-thread4] INFO  server.RaftServer$Division (RaftServerImpl.java:lambda$close$4(466)) - 97ee00cc-8878-42b3-8e3f-b8716daccca4@group-332E8197AAED: shutdown
2023-08-29 18:54:01,774 [97ee00cc-8878-42b3-8e3f-b8716daccca4-impl-thread4] INFO  util.JmxRegister (JmxRegister.java:unregister(73)) - Successfully un-registered JMX Bean with object name Ratis:service=RaftServer,group=group-332E8197AAED,id=97ee00cc-8878-42b3-8e3f-b8716daccca4
2023-08-29 18:54:01,775 [97ee00cc-8878-42b3-8e3f-b8716daccca4-impl-thread4] INFO  impl.RoleInfo (RoleInfo.java:shutdownLeaderState(93)) - 97ee00cc-8878-42b3-8e3f-b8716daccca4: shutdown 97ee00cc-8878-42b3-8e3f-b8716daccca4@group-332E8197AAED-LeaderStateImpl
2023-08-29 18:54:01,775 [97ee00cc-8878-42b3-8e3f-b8716daccca4-impl-thread4] INFO  impl.PendingRequests (PendingRequests.java:sendNotLeaderResponses(289)) - 97ee00cc-8878-42b3-8e3f-b8716daccca4@group-332E8197AAED-PendingRequests: sendNotLeaderResponses
2023-08-29 18:54:01,776 [97ee00cc-8878-42b3-8e3f-b8716daccca4@group-332E8197AAED-StateMachineUpdater] INFO  ratis.ContainerStateMachine (ContainerStateMachine.java:takeSnapshot(330)) - group-332E8197AAED: Taking a snapshot at:(t:1, i:0) file /home/runner/work/ozone/ozone/hadoop-ozone/integration-test/target/test-dir/MiniOzoneClusterImpl-f4f7c4b3-a6e6-4e2b-8957-3aa4c0e420f5/datanode-0/data/ratis/1466a637-63f4-4623-9ddc-332e8197aaed/sm/snapshot.1_0
2023-08-29 18:54:01,776 [97ee00cc-8878-42b3-8e3f-b8716daccca4-impl-thread4] INFO  impl.StateMachineUpdater (StateMachineUpdater.java:stopAndJoin(155)) - 97ee00cc-8878-42b3-8e3f-b8716daccca4@group-332E8197AAED-StateMachineUpdater: set stopIndex = 0
2023-08-29 18:54:01,772 [grpc-default-executor-9] INFO  server.GrpcServerProtocolService (GrpcServerProtocolService.java:onCompleted(155)) - 97ee00cc-8878-42b3-8e3f-b8716daccca4: Completed APPEND_ENTRIES, lastRequest: null
2023-08-29 18:54:01,777 [8e764df9-21b5-444f-852f-dd54d92b5fac@group-7E53C364F6DC-StateMachineUpdater] INFO  ratis.ContainerStateMachine (ContainerStateMachine.java:takeSnapshot(341)) - group-7E53C364F6DC: Finished taking a snapshot at:(t:1, i:0) file:/home/runner/work/ozone/ozone/hadoop-ozone/integration-test/target/test-dir/MiniOzoneClusterImpl-f4f7c4b3-a6e6-4e2b-8957-3aa4c0e420f5/datanode-2/data/ratis/80c10e0f-f52f-48ee-9066-7e53c364f6dc/sm/snapshot.1_0 took: 34 ms
2023-08-29 18:54:01,777 [97ee00cc-8878-42b3-8e3f-b8716daccca4@group-332E8197AAED-StateMachineUpdater] INFO  ratis.ContainerStateMachine (ContainerStateMachine.java:takeSnapshot(341)) - group-332E8197AAED: Finished taking a snapshot at:(t:1, i:0) file:/home/runner/work/ozone/ozone/hadoop-ozone/integration-test/target/test-dir/MiniOzoneClusterImpl-f4f7c4b3-a6e6-4e2b-8957-3aa4c0e420f5/datanode-0/data/ratis/1466a637-63f4-4623-9ddc-332e8197aaed/sm/snapshot.1_0 took: 2 ms
2023-08-29 18:54:01,778 [97ee00cc-8878-42b3-8e3f-b8716daccca4@group-332E8197AAED-StateMachineUpdater] INFO  impl.StateMachineUpdater (StateMachineUpdater.java:takeSnapshot(291)) - 97ee00cc-8878-42b3-8e3f-b8716daccca4@group-332E8197AAED-StateMachineUpdater: Took a snapshot at index 0
2023-08-29 18:54:01,778 [97ee00cc-8878-42b3-8e3f-b8716daccca4@group-332E8197AAED-StateMachineUpdater] INFO  impl.StateMachineUpdater (StateMachineUpdater.java:lambda$new$0(97)) - 97ee00cc-8878-42b3-8e3f-b8716daccca4@group-332E8197AAED-StateMachineUpdater: snapshotIndex: updateIncreasingly -1 -> 0
2023-08-29 18:54:01,779 [97ee00cc-8878-42b3-8e3f-b8716daccca4-impl-thread3] INFO  impl.StateMachineUpdater (StateMachineUpdater.java:stopAndJoin(155)) - 97ee00cc-8878-42b3-8e3f-b8716daccca4@group-6741276350F2-StateMachineUpdater: set stopIndex = 7
2023-08-29 18:54:01,779 [97ee00cc-8878-42b3-8e3f-b8716daccca4@group-6741276350F2-FollowerState] INFO  impl.FollowerState (FollowerState.java:run(152)) - 97ee00cc-8878-42b3-8e3f-b8716daccca4@group-6741276350F2-FollowerState was interrupted
2023-08-29 18:54:01,779 [97ee00cc-8878-42b3-8e3f-b8716daccca4-impl-thread2] INFO  impl.StateMachineUpdater (StateMachineUpdater.java:stopAndJoin(155)) - 97ee00cc-8878-42b3-8e3f-b8716daccca4@group-5E2011258112-StateMachineUpdater: set stopIndex = 24
2023-08-29 18:54:01,779 [97ee00cc-8878-42b3-8e3f-b8716daccca4@group-5E2011258112-FollowerState] INFO  impl.FollowerState (FollowerState.java:run(152)) - 97ee00cc-8878-42b3-8e3f-b8716daccca4@group-5E2011258112-FollowerState was interrupted
2023-08-29 18:54:01,779 [8e764df9-21b5-444f-852f-dd54d92b5fac-impl-thread4] INFO  impl.StateMachineUpdater (StateMachineUpdater.java:stopAndJoin(155)) - 8e764df9-21b5-444f-852f-dd54d92b5fac@group-6741276350F2-StateMachineUpdater: set stopIndex = 7
2023-08-29 18:54:01,779 [8e764df9-21b5-444f-852f-dd54d92b5fac@group-6741276350F2-FollowerState] INFO  impl.FollowerState (FollowerState.java:run(152)) - 8e764df9-21b5-444f-852f-dd54d92b5fac@group-6741276350F2-FollowerState was interrupted
2023-08-29 18:54:01,779 [97ee00cc-8878-42b3-8e3f-b8716daccca4@group-6741276350F2-StateMachineUpdater] INFO  ratis.ContainerStateMachine (ContainerStateMachine.java:takeSnapshot(330)) - group-6741276350F2: Taking a snapshot at:(t:1, i:7) file /home/runner/work/ozone/ozone/hadoop-ozone/integration-test/target/test-dir/MiniOzoneClusterImpl-f4f7c4b3-a6e6-4e2b-8957-3aa4c0e420f5/datanode-0/data/ratis/ca1cac7b-847d-4473-b891-6741276350f2/sm/snapshot.1_7
2023-08-29 18:54:01,779 [97ee00cc-8878-42b3-8e3f-b8716daccca4@group-5E2011258112-StateMachineUpdater] INFO  ratis.ContainerStateMachine (ContainerStateMachine.java:takeSnapshot(330)) - group-5E2011258112: Taking a snapshot at:(t:1, i:24) file /home/runner/work/ozone/ozone/hadoop-ozone/integration-test/target/test-dir/MiniOzoneClusterImpl-f4f7c4b3-a6e6-4e2b-8957-3aa4c0e420f5/datanode-0/data/ratis/cbc1ad54-7414-490a-8dff-5e2011258112/sm/snapshot.1_24
2023-08-29 18:54:01,780 [8e764df9-21b5-444f-852f-dd54d92b5fac@group-6741276350F2-StateMachineUpdater] INFO  ratis.ContainerStateMachine (ContainerStateMachine.java:takeSnapshot(330)) - group-6741276350F2: Taking a snapshot at:(t:1, i:7) file /home/runner/work/ozone/ozone/hadoop-ozone/integration-test/target/test-dir/MiniOzoneClusterImpl-f4f7c4b3-a6e6-4e2b-8957-3aa4c0e420f5/datanode-2/data/ratis/ca1cac7b-847d-4473-b891-6741276350f2/sm/snapshot.1_7
2023-08-29 18:54:01,780 [grpc-default-executor-9] INFO  server.GrpcServerProtocolService (GrpcServerProtocolService.java:lambda$onCompleted$5(157)) - 97ee00cc-8878-42b3-8e3f-b8716daccca4: Completed APPEND_ENTRIES, lastReply: serverReply {
  requestorId: "7f4449f5-5363-4e2a-a958-eb2e78800a81"
  replyId: "97ee00cc-8878-42b3-8e3f-b8716daccca4"
  raftGroupId {
    id: "\312\034\254{\204}Ds\270\221gA\'cP\362"
  }
  callId: 37
  success: true
}
term: 1
nextIndex: 8
followerCommit: 7
matchIndex: 18446744073709551615
isHearbeat: true

2023-08-29 18:54:01,780 [7f4449f5-5363-4e2a-a958-eb2e78800a81@group-A7575599D9FE-StateMachineUpdater] INFO  ratis.ContainerStateMachine (ContainerStateMachine.java:takeSnapshot(341)) - group-A7575599D9FE: Finished taking a snapshot at:(t:1, i:0) file:/home/runner/work/ozone/ozone/hadoop-ozone/integration-test/target/test-dir/MiniOzoneClusterImpl-f4f7c4b3-a6e6-4e2b-8957-3aa4c0e420f5/datanode-1/data/ratis/06d0e18e-4e42-4c5a-89b5-a7575599d9fe/sm/snapshot.1_0 took: 62 ms
2023-08-29 18:54:01,780 [7f4449f5-5363-4e2a-a958-eb2e78800a81@group-A7575599D9FE-StateMachineUpdater] INFO  impl.StateMachineUpdater (StateMachineUpdater.java:takeSnapshot(291)) - 7f4449f5-5363-4e2a-a958-eb2e78800a81@group-A7575599D9FE-StateMachineUpdater: Took a snapshot at index 0
2023-08-29 18:54:01,780 [7f4449f5-5363-4e2a-a958-eb2e78800a81@group-A7575599D9FE-StateMachineUpdater] INFO  impl.StateMachineUpdater (StateMachineUpdater.java:lambda$new$0(97)) - 7f4449f5-5363-4e2a-a958-eb2e78800a81@group-A7575599D9FE-StateMachineUpdater: snapshotIndex: updateIncreasingly -1 -> 0
2023-08-29 18:54:01,787 [grpc-default-executor-9] INFO  server.GrpcLogAppender (GrpcLogAppender.java:onCompleted(428)) - 7f4449f5-5363-4e2a-a958-eb2e78800a81@group-6741276350F2->97ee00cc-8878-42b3-8e3f-b8716daccca4-AppendLogResponseHandler: follower responses appendEntries COMPLETED
2023-08-29 18:54:01,787 [grpc-default-executor-10] INFO  server.GrpcServerProtocolService (GrpcServerProtocolService.java:onCompleted(155)) - 7f4449f5-5363-4e2a-a958-eb2e78800a81: Completed APPEND_ENTRIES, lastRequest: null
2023-08-29 18:54:01,787 [grpc-default-executor-10] INFO  server.GrpcServerProtocolService (GrpcServerProtocolService.java:lambda$onCompleted$5(157)) - 7f4449f5-5363-4e2a-a958-eb2e78800a81: Completed APPEND_ENTRIES, lastReply: serverReply {
  requestorId: "8e764df9-21b5-444f-852f-dd54d92b5fac"
  replyId: "7f4449f5-5363-4e2a-a958-eb2e78800a81"
  raftGroupId {
    id: "\313\301\255Tt\024I\n\215\377^ \021%\201\022"
  }
  callId: 67
  success: true
}
term: 1
nextIndex: 23
followerCommit: 22
matchIndex: 18446744073709551615
isHearbeat: true

2023-08-29 18:54:01,788 [grpc-default-executor-6] INFO  server.GrpcServerProtocolService (GrpcServerProtocolService.java:onCompleted(155)) - 97ee00cc-8878-42b3-8e3f-b8716daccca4: Completed APPEND_ENTRIES, lastRequest: null
2023-08-29 18:54:01,788 [grpc-default-executor-6] INFO  server.GrpcServerProtocolService (GrpcServerProtocolService.java:lambda$onCompleted$5(157)) - 97ee00cc-8878-42b3-8e3f-b8716daccca4: Completed APPEND_ENTRIES, lastReply: serverReply {
  requestorId: "8e764df9-21b5-444f-852f-dd54d92b5fac"
  replyId: "97ee00cc-8878-42b3-8e3f-b8716daccca4"
  raftGroupId {
    id: "\313\301\255Tt\024I\n\215\377^ \021%\201\022"
  }
  callId: 68
  success: true
}
term: 1
nextIndex: 23
followerCommit: 22
matchIndex: 18446744073709551615
isHearbeat: true

2023-08-29 18:54:01,787 [grpc-default-executor-9] WARN  server.GrpcLogAppender (GrpcLogAppender.java:resetClient(137)) - 7f4449f5-5363-4e2a-a958-eb2e78800a81@group-6741276350F2->97ee00cc-8878-42b3-8e3f-b8716daccca4-GrpcLogAppender: Failed to getClient for 97ee00cc-8878-42b3-8e3f-b8716daccca4
org.apache.ratis.protocol.exceptions.AlreadyClosedException: 7f4449f5-5363-4e2a-a958-eb2e78800a81 is already CLOSED
	at org.apache.ratis.util.PeerProxyMap$PeerAndProxy.getProxy(PeerProxyMap.java:61)
	at org.apache.ratis.util.PeerProxyMap.getProxy(PeerProxyMap.java:115)
	at org.apache.ratis.grpc.server.GrpcLogAppender.getClient(GrpcLogAppender.java:112)
	at org.apache.ratis.grpc.server.GrpcLogAppender.resetClient(GrpcLogAppender.java:117)
	at org.apache.ratis.grpc.server.GrpcLogAppender.access$500(GrpcLogAppender.java:56)
	at org.apache.ratis.grpc.server.GrpcLogAppender$AppendLogResponseHandler.onCompleted(GrpcLogAppender.java:429)
	at org.apache.ratis.thirdparty.io.grpc.stub.ClientCalls$StreamObserverToCallListenerAdapter.onClose(ClientCalls.java:485)
	at org.apache.ratis.thirdparty.io.grpc.internal.ClientCallImpl.closeObserver(ClientCallImpl.java:563)
	at org.apache.ratis.thirdparty.io.grpc.internal.ClientCallImpl.access$300(ClientCallImpl.java:70)
	at org.apache.ratis.thirdparty.io.grpc.internal.ClientCallImpl$ClientStreamListenerImpl$1StreamClosed.runInternal(ClientCallImpl.java:744)
	at org.apache.ratis.thirdparty.io.grpc.internal.ClientCallImpl$ClientStreamListenerImpl$1StreamClosed.runInContext(ClientCallImpl.java:723)
	at org.apache.ratis.thirdparty.io.grpc.internal.ContextRunnable.run(ContextRunnable.java:37)
	at org.apache.ratis.thirdparty.io.grpc.internal.SerializingExecutor.run(SerializingExecutor.java:133)
	at java.util.concurrent.ThreadPoolExecutor.runWorker(ThreadPoolExecutor.java:1149)
	at java.util.concurrent.ThreadPoolExecutor$Worker.run(ThreadPoolExecutor.java:624)
	at java.lang.Thread.run(Thread.java:750)
2023-08-29 18:54:01,789 [7f4449f5-5363-4e2a-a958-eb2e78800a81-impl-thread2] INFO  server.RaftServer$Division (ServerState.java:close(472)) - 7f4449f5-5363-4e2a-a958-eb2e78800a81@group-A7575599D9FE: closes. applyIndex: 0
2023-08-29 18:54:01,789 [8e764df9-21b5-444f-852f-dd54d92b5fac@group-7E53C364F6DC-StateMachineUpdater] INFO  impl.StateMachineUpdater (StateMachineUpdater.java:takeSnapshot(291)) - 8e764df9-21b5-444f-852f-dd54d92b5fac@group-7E53C364F6DC-StateMachineUpdater: Took a snapshot at index 0
2023-08-29 18:54:01,790 [97ee00cc-8878-42b3-8e3f-b8716daccca4@group-6741276350F2-StateMachineUpdater] INFO  ratis.ContainerStateMachine (ContainerStateMachine.java:takeSnapshot(341)) - group-6741276350F2: Finished taking a snapshot at:(t:1, i:7) file:/home/runner/work/ozone/ozone/hadoop-ozone/integration-test/target/test-dir/MiniOzoneClusterImpl-f4f7c4b3-a6e6-4e2b-8957-3aa4c0e420f5/datanode-0/data/ratis/ca1cac7b-847d-4473-b891-6741276350f2/sm/snapshot.1_7 took: 10 ms
2023-08-29 18:54:01,790 [97ee00cc-8878-42b3-8e3f-b8716daccca4@group-6741276350F2-StateMachineUpdater] INFO  impl.StateMachineUpdater (StateMachineUpdater.java:takeSnapshot(291)) - 97ee00cc-8878-42b3-8e3f-b8716daccca4@group-6741276350F2-StateMachineUpdater: Took a snapshot at index 7
2023-08-29 18:54:01,790 [97ee00cc-8878-42b3-8e3f-b8716daccca4@group-6741276350F2-StateMachineUpdater] INFO  impl.StateMachineUpdater (StateMachineUpdater.java:lambda$new$0(97)) - 97ee00cc-8878-42b3-8e3f-b8716daccca4@group-6741276350F2-StateMachineUpdater: snapshotIndex: updateIncreasingly -1 -> 7
2023-08-29 18:54:01,790 [7f4449f5-5363-4e2a-a958-eb2e78800a81@group-5E2011258112-StateMachineUpdater] INFO  ratis.ContainerStateMachine (ContainerStateMachine.java:takeSnapshot(341)) - group-5E2011258112: Finished taking a snapshot at:(t:1, i:25) file:/home/runner/work/ozone/ozone/hadoop-ozone/integration-test/target/test-dir/MiniOzoneClusterImpl-f4f7c4b3-a6e6-4e2b-8957-3aa4c0e420f5/datanode-1/data/ratis/cbc1ad54-7414-490a-8dff-5e2011258112/sm/snapshot.1_25 took: 77 ms
2023-08-29 18:54:01,790 [7f4449f5-5363-4e2a-a958-eb2e78800a81@group-5E2011258112-StateMachineUpdater] INFO  impl.StateMachineUpdater (StateMachineUpdater.java:takeSnapshot(291)) - 7f4449f5-5363-4e2a-a958-eb2e78800a81@group-5E2011258112-StateMachineUpdater: Took a snapshot at index 25
2023-08-29 18:54:01,790 [7f4449f5-5363-4e2a-a958-eb2e78800a81@group-5E2011258112-StateMachineUpdater] INFO  impl.StateMachineUpdater (StateMachineUpdater.java:lambda$new$0(97)) - 7f4449f5-5363-4e2a-a958-eb2e78800a81@group-5E2011258112-StateMachineUpdater: snapshotIndex: updateIncreasingly -1 -> 25
2023-08-29 18:54:01,790 [8e764df9-21b5-444f-852f-dd54d92b5fac@group-7E53C364F6DC-StateMachineUpdater] INFO  impl.StateMachineUpdater (StateMachineUpdater.java:lambda$new$0(97)) - 8e764df9-21b5-444f-852f-dd54d92b5fac@group-7E53C364F6DC-StateMachineUpdater: snapshotIndex: updateIncreasingly -1 -> 0
2023-08-29 18:54:01,791 [97ee00cc-8878-42b3-8e3f-b8716daccca4-impl-thread4] INFO  server.RaftServer$Division (ServerState.java:close(472)) - 97ee00cc-8878-42b3-8e3f-b8716daccca4@group-332E8197AAED: closes. applyIndex: 0
2023-08-29 18:54:01,791 [7f4449f5-5363-4e2a-a958-eb2e78800a81@group-6741276350F2-StateMachineUpdater] INFO  ratis.ContainerStateMachine (ContainerStateMachine.java:takeSnapshot(341)) - group-6741276350F2: Finished taking a snapshot at:(t:1, i:7) file:/home/runner/work/ozone/ozone/hadoop-ozone/integration-test/target/test-dir/MiniOzoneClusterImpl-f4f7c4b3-a6e6-4e2b-8957-3aa4c0e420f5/datanode-1/data/ratis/ca1cac7b-847d-4473-b891-6741276350f2/sm/snapshot.1_7 took: 42 ms
2023-08-29 18:54:01,792 [7f4449f5-5363-4e2a-a958-eb2e78800a81@group-6741276350F2-StateMachineUpdater] INFO  impl.StateMachineUpdater (StateMachineUpdater.java:takeSnapshot(291)) - 7f4449f5-5363-4e2a-a958-eb2e78800a81@group-6741276350F2-StateMachineUpdater: Took a snapshot at index 7
2023-08-29 18:54:01,792 [7f4449f5-5363-4e2a-a958-eb2e78800a81@group-6741276350F2-StateMachineUpdater] INFO  impl.StateMachineUpdater (StateMachineUpdater.java:lambda$new$0(97)) - 7f4449f5-5363-4e2a-a958-eb2e78800a81@group-6741276350F2-StateMachineUpdater: snapshotIndex: updateIncreasingly -1 -> 7
2023-08-29 18:54:01,792 [8e764df9-21b5-444f-852f-dd54d92b5fac-impl-thread2] INFO  server.RaftServer$Division (ServerState.java:close(472)) - 8e764df9-21b5-444f-852f-dd54d92b5fac@group-7E53C364F6DC: closes. applyIndex: 0
2023-08-29 18:54:01,792 [8e764df9-21b5-444f-852f-dd54d92b5fac@group-6741276350F2-StateMachineUpdater] INFO  ratis.ContainerStateMachine (ContainerStateMachine.java:takeSnapshot(341)) - group-6741276350F2: Finished taking a snapshot at:(t:1, i:7) file:/home/runner/work/ozone/ozone/hadoop-ozone/integration-test/target/test-dir/MiniOzoneClusterImpl-f4f7c4b3-a6e6-4e2b-8957-3aa4c0e420f5/datanode-2/data/ratis/ca1cac7b-847d-4473-b891-6741276350f2/sm/snapshot.1_7 took: 13 ms
2023-08-29 18:54:01,793 [8e764df9-21b5-444f-852f-dd54d92b5fac@group-6741276350F2-StateMachineUpdater] INFO  impl.StateMachineUpdater (StateMachineUpdater.java:takeSnapshot(291)) - 8e764df9-21b5-444f-852f-dd54d92b5fac@group-6741276350F2-StateMachineUpdater: Took a snapshot at index 7
2023-08-29 18:54:01,793 [8e764df9-21b5-444f-852f-dd54d92b5fac@group-6741276350F2-StateMachineUpdater] INFO  impl.StateMachineUpdater (StateMachineUpdater.java:lambda$new$0(97)) - 8e764df9-21b5-444f-852f-dd54d92b5fac@group-6741276350F2-StateMachineUpdater: snapshotIndex: updateIncreasingly -1 -> 7
2023-08-29 18:54:01,790 [97ee00cc-8878-42b3-8e3f-b8716daccca4@group-5E2011258112-StateMachineUpdater] INFO  ratis.ContainerStateMachine (ContainerStateMachine.java:takeSnapshot(341)) - group-5E2011258112: Finished taking a snapshot at:(t:1, i:24) file:/home/runner/work/ozone/ozone/hadoop-ozone/integration-test/target/test-dir/MiniOzoneClusterImpl-f4f7c4b3-a6e6-4e2b-8957-3aa4c0e420f5/datanode-0/data/ratis/cbc1ad54-7414-490a-8dff-5e2011258112/sm/snapshot.1_24 took: 10 ms
2023-08-29 18:54:01,793 [97ee00cc-8878-42b3-8e3f-b8716daccca4@group-5E2011258112-StateMachineUpdater] INFO  impl.StateMachineUpdater (StateMachineUpdater.java:takeSnapshot(291)) - 97ee00cc-8878-42b3-8e3f-b8716daccca4@group-5E2011258112-StateMachineUpdater: Took a snapshot at index 24
2023-08-29 18:54:01,793 [97ee00cc-8878-42b3-8e3f-b8716daccca4@group-5E2011258112-StateMachineUpdater] INFO  impl.StateMachineUpdater (StateMachineUpdater.java:lambda$new$0(97)) - 97ee00cc-8878-42b3-8e3f-b8716daccca4@group-5E2011258112-StateMachineUpdater: snapshotIndex: updateIncreasingly -1 -> 24
2023-08-29 18:54:01,795 [grpc-default-executor-9] INFO  server.GrpcServerProtocolService (GrpcServerProtocolService.java:onCompleted(155)) - 97ee00cc-8878-42b3-8e3f-b8716daccca4: Completed APPEND_ENTRIES, lastRequest: 8e764df9-21b5-444f-852f-dd54d92b5fac->97ee00cc-8878-42b3-8e3f-b8716daccca4#72-t1,previous=(t:1, i:25),leaderCommit=24,initializing? true,entries: size=1, first=(t:1, i:26), METADATAENTRY(c:24)
2023-08-29 18:54:01,795 [grpc-default-executor-9] INFO  server.GrpcServerProtocolService (GrpcServerProtocolService.java:lambda$onCompleted$5(157)) - 97ee00cc-8878-42b3-8e3f-b8716daccca4: Completed APPEND_ENTRIES, lastReply: null
2023-08-29 18:54:01,795 [grpc-default-executor-6] WARN  server.GrpcClientProtocolService (LogUtils.java:warn(122)) - 2-OrderedRequestStreamObserver2: onError: org.apache.ratis.thirdparty.io.grpc.StatusRuntimeException: CANCELLED: client cancelled
2023-08-29 18:54:01,795 [grpc-default-executor-11] INFO  server.GrpcServerProtocolService (GrpcServerProtocolService.java:onCompleted(155)) - 7f4449f5-5363-4e2a-a958-eb2e78800a81: Completed APPEND_ENTRIES, lastRequest: 8e764df9-21b5-444f-852f-dd54d92b5fac->7f4449f5-5363-4e2a-a958-eb2e78800a81#71-t1,previous=(t:1, i:25),leaderCommit=25,initializing? true,entries: size=1, first=(t:1, i:26), METADATAENTRY(c:24)
2023-08-29 18:54:01,795 [grpc-default-executor-11] INFO  server.GrpcServerProtocolService (GrpcServerProtocolService.java:lambda$onCompleted$5(157)) - 7f4449f5-5363-4e2a-a958-eb2e78800a81: Completed APPEND_ENTRIES, lastReply: null
2023-08-29 18:54:01,796 [grpc-default-executor-9] INFO  server.GrpcLogAppender (GrpcLogAppender.java:onCompleted(428)) - 8e764df9-21b5-444f-852f-dd54d92b5fac@group-5E2011258112->97ee00cc-8878-42b3-8e3f-b8716daccca4-AppendLogResponseHandler: follower responses appendEntries COMPLETED
2023-08-29 18:54:01,797 [grpc-default-executor-12] WARN  server.GrpcClientProtocolService (LogUtils.java:warn(122)) - 3-UnorderedRequestStreamObserver3: onError: org.apache.ratis.thirdparty.io.grpc.StatusRuntimeException: CANCELLED: client cancelled
2023-08-29 18:54:01,798 [grpc-default-executor-9] INFO  leader.FollowerInfo (FollowerInfoImpl.java:lambda$new$0(52)) - 8e764df9-21b5-444f-852f-dd54d92b5fac@group-5E2011258112->97ee00cc-8878-42b3-8e3f-b8716daccca4: decreaseNextIndex nextIndex: updateUnconditionally 27 -> 26
2023-08-29 18:54:01,799 [97ee00cc-8878-42b3-8e3f-b8716daccca4-impl-thread2] INFO  server.RaftServer$Division (ServerState.java:close(472)) - 97ee00cc-8878-42b3-8e3f-b8716daccca4@group-5E2011258112: closes. applyIndex: 24
2023-08-29 18:54:01,799 [97ee00cc-8878-42b3-8e3f-b8716daccca4-impl-thread3] INFO  server.RaftServer$Division (ServerState.java:close(472)) - 97ee00cc-8878-42b3-8e3f-b8716daccca4@group-6741276350F2: closes. applyIndex: 7
2023-08-29 18:54:01,799 [7f4449f5-5363-4e2a-a958-eb2e78800a81-impl-thread4] INFO  server.RaftServer$Division (ServerState.java:close(472)) - 7f4449f5-5363-4e2a-a958-eb2e78800a81@group-6741276350F2: closes. applyIndex: 7
2023-08-29 18:54:01,800 [7f4449f5-5363-4e2a-a958-eb2e78800a81-impl-thread3] INFO  server.RaftServer$Division (ServerState.java:close(472)) - 7f4449f5-5363-4e2a-a958-eb2e78800a81@group-5E2011258112: closes. applyIndex: 25
2023-08-29 18:54:01,801 [grpc-default-executor-13] INFO  server.GrpcLogAppender (GrpcLogAppender.java:onCompleted(428)) - 8e764df9-21b5-444f-852f-dd54d92b5fac@group-5E2011258112->7f4449f5-5363-4e2a-a958-eb2e78800a81-AppendLogResponseHandler: follower responses appendEntries COMPLETED
2023-08-29 18:54:01,813 [grpc-default-executor-4] INFO  server.GrpcLogAppender (GrpcLogAppender.java:onCompleted(428)) - 7f4449f5-5363-4e2a-a958-eb2e78800a81@group-6741276350F2->97ee00cc-8878-42b3-8e3f-b8716daccca4-AppendLogResponseHandler: follower responses appendEntries COMPLETED
2023-08-29 18:54:01,813 [grpc-default-executor-4] WARN  server.GrpcLogAppender (GrpcLogAppender.java:resetClient(137)) - 7f4449f5-5363-4e2a-a958-eb2e78800a81@group-6741276350F2->97ee00cc-8878-42b3-8e3f-b8716daccca4-GrpcLogAppender: Failed to getClient for 97ee00cc-8878-42b3-8e3f-b8716daccca4
org.apache.ratis.protocol.exceptions.AlreadyClosedException: 7f4449f5-5363-4e2a-a958-eb2e78800a81 is already CLOSED
	at org.apache.ratis.util.PeerProxyMap$PeerAndProxy.getProxy(PeerProxyMap.java:61)
	at org.apache.ratis.util.PeerProxyMap.getProxy(PeerProxyMap.java:115)
	at org.apache.ratis.grpc.server.GrpcLogAppender.getClient(GrpcLogAppender.java:112)
	at org.apache.ratis.grpc.server.GrpcLogAppender.resetClient(GrpcLogAppender.java:117)
	at org.apache.ratis.grpc.server.GrpcLogAppender.access$500(GrpcLogAppender.java:56)
	at org.apache.ratis.grpc.server.GrpcLogAppender$AppendLogResponseHandler.onCompleted(GrpcLogAppender.java:429)
	at org.apache.ratis.thirdparty.io.grpc.stub.ClientCalls$StreamObserverToCallListenerAdapter.onClose(ClientCalls.java:485)
	at org.apache.ratis.thirdparty.io.grpc.internal.DelayedClientCall$DelayedListener$3.run(DelayedClientCall.java:471)
	at org.apache.ratis.thirdparty.io.grpc.internal.DelayedClientCall$DelayedListener.delayOrExecute(DelayedClientCall.java:435)
	at org.apache.ratis.thirdparty.io.grpc.internal.DelayedClientCall$DelayedListener.onClose(DelayedClientCall.java:468)
	at org.apache.ratis.thirdparty.io.grpc.internal.ClientCallImpl.closeObserver(ClientCallImpl.java:563)
	at org.apache.ratis.thirdparty.io.grpc.internal.ClientCallImpl.access$300(ClientCallImpl.java:70)
	at org.apache.ratis.thirdparty.io.grpc.internal.ClientCallImpl$ClientStreamListenerImpl$1StreamClosed.runInternal(ClientCallImpl.java:744)
	at org.apache.ratis.thirdparty.io.grpc.internal.ClientCallImpl$ClientStreamListenerImpl$1StreamClosed.runInContext(ClientCallImpl.java:723)
	at org.apache.ratis.thirdparty.io.grpc.internal.ContextRunnable.run(ContextRunnable.java:37)
	at org.apache.ratis.thirdparty.io.grpc.internal.SerializingExecutor.run(SerializingExecutor.java:133)
	at java.util.concurrent.ThreadPoolExecutor.runWorker(ThreadPoolExecutor.java:1149)
	at java.util.concurrent.ThreadPoolExecutor$Worker.run(ThreadPoolExecutor.java:624)
	at java.lang.Thread.run(Thread.java:750)
2023-08-29 18:54:01,814 [8e764df9-21b5-444f-852f-dd54d92b5fac-impl-thread3] INFO  impl.StateMachineUpdater (StateMachineUpdater.java:stopAndJoin(155)) - 8e764df9-21b5-444f-852f-dd54d92b5fac@group-5E2011258112-StateMachineUpdater: set stopIndex = 26
2023-08-29 18:54:01,815 [8e764df9-21b5-444f-852f-dd54d92b5fac@group-5E2011258112-StateMachineUpdater] INFO  ratis.ContainerStateMachine (ContainerStateMachine.java:takeSnapshot(330)) - group-5E2011258112: Taking a snapshot at:(t:1, i:26) file /home/runner/work/ozone/ozone/hadoop-ozone/integration-test/target/test-dir/MiniOzoneClusterImpl-f4f7c4b3-a6e6-4e2b-8957-3aa4c0e420f5/datanode-2/data/ratis/cbc1ad54-7414-490a-8dff-5e2011258112/sm/snapshot.1_26
2023-08-29 18:54:01,801 [grpc-default-executor-13] INFO  leader.FollowerInfo (FollowerInfoImpl.java:lambda$new$0(52)) - 8e764df9-21b5-444f-852f-dd54d92b5fac@group-5E2011258112->7f4449f5-5363-4e2a-a958-eb2e78800a81: decreaseNextIndex nextIndex: updateUnconditionally 27 -> 26
2023-08-29 18:54:01,815 [Thread-527] INFO  server.GrpcServerProtocolClient (GrpcServerProtocolClient.java:close(103)) - 7f4449f5-5363-4e2a-a958-eb2e78800a81 Close channels
2023-08-29 18:54:01,815 [Thread-531] INFO  server.GrpcServerProtocolClient (GrpcServerProtocolClient.java:close(103)) - 7f4449f5-5363-4e2a-a958-eb2e78800a81 Close channels
2023-08-29 18:54:01,815 [Thread-532] INFO  server.GrpcServerProtocolClient (GrpcServerProtocolClient.java:close(103)) - 8e764df9-21b5-444f-852f-dd54d92b5fac Close channels
2023-08-29 18:54:01,816 [8e764df9-21b5-444f-852f-dd54d92b5fac@group-5E2011258112-StateMachineUpdater] INFO  ratis.ContainerStateMachine (ContainerStateMachine.java:takeSnapshot(341)) - group-5E2011258112: Finished taking a snapshot at:(t:1, i:26) file:/home/runner/work/ozone/ozone/hadoop-ozone/integration-test/target/test-dir/MiniOzoneClusterImpl-f4f7c4b3-a6e6-4e2b-8957-3aa4c0e420f5/datanode-2/data/ratis/cbc1ad54-7414-490a-8dff-5e2011258112/sm/snapshot.1_26 took: 2 ms
2023-08-29 18:54:01,816 [8e764df9-21b5-444f-852f-dd54d92b5fac@group-5E2011258112-StateMachineUpdater] INFO  impl.StateMachineUpdater (StateMachineUpdater.java:takeSnapshot(291)) - 8e764df9-21b5-444f-852f-dd54d92b5fac@group-5E2011258112-StateMachineUpdater: Took a snapshot at index 26
2023-08-29 18:54:01,816 [8e764df9-21b5-444f-852f-dd54d92b5fac@group-5E2011258112-StateMachineUpdater] INFO  impl.StateMachineUpdater (StateMachineUpdater.java:lambda$new$0(97)) - 8e764df9-21b5-444f-852f-dd54d92b5fac@group-5E2011258112-StateMachineUpdater: snapshotIndex: updateIncreasingly -1 -> 26
2023-08-29 18:54:01,817 [8e764df9-21b5-444f-852f-dd54d92b5fac-impl-thread3] INFO  server.RaftServer$Division (ServerState.java:close(472)) - 8e764df9-21b5-444f-852f-dd54d92b5fac@group-5E2011258112: closes. applyIndex: 26
2023-08-29 18:54:01,818 [8e764df9-21b5-444f-852f-dd54d92b5fac-impl-thread4] INFO  server.RaftServer$Division (ServerState.java:close(472)) - 8e764df9-21b5-444f-852f-dd54d92b5fac@group-6741276350F2: closes. applyIndex: 7
2023-08-29 18:54:01,828 [grpc-default-executor-13] INFO  server.GrpcLogAppender (GrpcLogAppender.java:onCompleted(428)) - 8e764df9-21b5-444f-852f-dd54d92b5fac@group-5E2011258112->97ee00cc-8878-42b3-8e3f-b8716daccca4-AppendLogResponseHandler: follower responses appendEntries COMPLETED
2023-08-29 18:54:01,828 [grpc-default-executor-13] INFO  leader.FollowerInfo (FollowerInfoImpl.java:lambda$new$0(52)) - 8e764df9-21b5-444f-852f-dd54d92b5fac@group-5E2011258112->97ee00cc-8878-42b3-8e3f-b8716daccca4: decreaseNextIndex nextIndex: updateUnconditionally 26 -> 25
2023-08-29 18:54:01,828 [ForkJoinPool.commonPool-worker-0] INFO  server.GrpcService (GrpcService.java:closeImpl(320)) - 7f4449f5-5363-4e2a-a958-eb2e78800a81: shutdown server org.apache.ratis.grpc.server.GrpcClientProtocolService successfully
2023-08-29 18:54:01,828 [ForkJoinPool.commonPool-worker-0] INFO  server.GrpcService (GrpcService.java:closeImpl(311)) - 7f4449f5-5363-4e2a-a958-eb2e78800a81: shutdown server GrpcServerProtocolService now
2023-08-29 18:54:01,830 [grpc-default-executor-14] INFO  server.GrpcLogAppender (GrpcLogAppender.java:onCompleted(428)) - 8e764df9-21b5-444f-852f-dd54d92b5fac@group-5E2011258112->7f4449f5-5363-4e2a-a958-eb2e78800a81-AppendLogResponseHandler: follower responses appendEntries COMPLETED
2023-08-29 18:54:01,831 [grpc-default-executor-14] WARN  server.GrpcLogAppender (GrpcLogAppender.java:resetClient(137)) - 8e764df9-21b5-444f-852f-dd54d92b5fac@group-5E2011258112->7f4449f5-5363-4e2a-a958-eb2e78800a81-GrpcLogAppender: Failed to getClient for 7f4449f5-5363-4e2a-a958-eb2e78800a81
org.apache.ratis.protocol.exceptions.AlreadyClosedException: 8e764df9-21b5-444f-852f-dd54d92b5fac is already CLOSED
	at org.apache.ratis.util.PeerProxyMap$PeerAndProxy.getProxy(PeerProxyMap.java:61)
	at org.apache.ratis.util.PeerProxyMap.getProxy(PeerProxyMap.java:115)
	at org.apache.ratis.grpc.server.GrpcLogAppender.getClient(GrpcLogAppender.java:112)
	at org.apache.ratis.grpc.server.GrpcLogAppender.resetClient(GrpcLogAppender.java:117)
	at org.apache.ratis.grpc.server.GrpcLogAppender.access$500(GrpcLogAppender.java:56)
	at org.apache.ratis.grpc.server.GrpcLogAppender$AppendLogResponseHandler.onCompleted(GrpcLogAppender.java:429)
	at org.apache.ratis.thirdparty.io.grpc.stub.ClientCalls$StreamObserverToCallListenerAdapter.onClose(ClientCalls.java:485)
	at org.apache.ratis.thirdparty.io.grpc.internal.DelayedClientCall$DelayedListener$3.run(DelayedClientCall.java:471)
	at org.apache.ratis.thirdparty.io.grpc.internal.DelayedClientCall$DelayedListener.delayOrExecute(DelayedClientCall.java:435)
	at org.apache.ratis.thirdparty.io.grpc.internal.DelayedClientCall$DelayedListener.onClose(DelayedClientCall.java:468)
	at org.apache.ratis.thirdparty.io.grpc.internal.ClientCallImpl.closeObserver(ClientCallImpl.java:563)
	at org.apache.ratis.thirdparty.io.grpc.internal.ClientCallImpl.access$300(ClientCallImpl.java:70)
	at org.apache.ratis.thirdparty.io.grpc.internal.ClientCallImpl$ClientStreamListenerImpl$1StreamClosed.runInternal(ClientCallImpl.java:744)
	at org.apache.ratis.thirdparty.io.grpc.internal.ClientCallImpl$ClientStreamListenerImpl$1StreamClosed.runInContext(ClientCallImpl.java:723)
	at org.apache.ratis.thirdparty.io.grpc.internal.ContextRunnable.run(ContextRunnable.java:37)
	at org.apache.ratis.thirdparty.io.grpc.internal.SerializingExecutor.run(SerializingExecutor.java:133)
	at java.util.concurrent.ThreadPoolExecutor.runWorker(ThreadPoolExecutor.java:1149)
	at java.util.concurrent.ThreadPoolExecutor$Worker.run(ThreadPoolExecutor.java:624)
	at java.lang.Thread.run(Thread.java:750)
2023-08-29 18:54:01,836 [Thread-534] INFO  server.GrpcServerProtocolClient (GrpcServerProtocolClient.java:close(103)) - 97ee00cc-8878-42b3-8e3f-b8716daccca4 Close channels
2023-08-29 18:54:01,842 [ForkJoinPool.commonPool-worker-2] INFO  ozoneimpl.OzoneContainer (OzoneContainer.java:stop(451)) - Attempting to stop container services.
2023-08-29 18:54:01,842 [ForkJoinPool.commonPool-worker-1] INFO  server.GrpcService (GrpcService.java:closeImpl(320)) - 97ee00cc-8878-42b3-8e3f-b8716daccca4: shutdown server org.apache.ratis.grpc.server.GrpcClientProtocolService successfully
2023-08-29 18:54:01,842 [ForkJoinPool.commonPool-worker-1] INFO  server.GrpcService (GrpcService.java:closeImpl(311)) - 97ee00cc-8878-42b3-8e3f-b8716daccca4: shutdown server GrpcServerProtocolService now
2023-08-29 18:54:01,843 [ForkJoinPool.commonPool-worker-0] INFO  server.GrpcService (GrpcService.java:closeImpl(320)) - 7f4449f5-5363-4e2a-a958-eb2e78800a81: shutdown server GrpcServerProtocolService successfully
2023-08-29 18:54:01,843 [ForkJoinPool.commonPool-worker-0] INFO  server.GrpcService (GrpcService.java:closeImpl(311)) - 7f4449f5-5363-4e2a-a958-eb2e78800a81: shutdown server org.apache.ratis.grpc.server.GrpcAdminProtocolService now
2023-08-29 18:54:01,843 [ForkJoinPool.commonPool-worker-2] INFO  server.RaftServer (RaftServerProxy.java:lambda$close$6(416)) - d246a9b4-fb4e-4001-b7a9-7f69213ea7ae: close
2023-08-29 18:54:01,845 [ForkJoinPool.commonPool-worker-2] INFO  server.GrpcService (GrpcService.java:closeImpl(311)) - d246a9b4-fb4e-4001-b7a9-7f69213ea7ae: shutdown server org.apache.ratis.grpc.server.GrpcClientProtocolService now
2023-08-29 18:54:01,853 [ForkJoinPool.commonPool-worker-0] INFO  server.GrpcService (GrpcService.java:closeImpl(320)) - 7f4449f5-5363-4e2a-a958-eb2e78800a81: shutdown server org.apache.ratis.grpc.server.GrpcAdminProtocolService successfully
2023-08-29 18:54:01,853 [ForkJoinPool.commonPool-worker-1] INFO  server.GrpcService (GrpcService.java:closeImpl(320)) - 97ee00cc-8878-42b3-8e3f-b8716daccca4: shutdown server GrpcServerProtocolService successfully
2023-08-29 18:54:01,853 [main] INFO  server.GrpcService (GrpcService.java:closeImpl(320)) - 8e764df9-21b5-444f-852f-dd54d92b5fac: shutdown server org.apache.ratis.grpc.server.GrpcClientProtocolService successfully
2023-08-29 18:54:01,854 [main] INFO  server.GrpcService (GrpcService.java:closeImpl(311)) - 8e764df9-21b5-444f-852f-dd54d92b5fac: shutdown server GrpcServerProtocolService now
2023-08-29 18:54:01,854 [7f4449f5-5363-4e2a-a958-eb2e78800a81-NettyServerStreamRpc-bossGroup--thread1] INFO  logging.LoggingHandler (AbstractInternalLogger.java:log(148)) - [id: 0xb1e63ed6, L:/0:0:0:0:0:0:0:0:15024] CLOSE
2023-08-29 18:54:01,853 [ForkJoinPool.commonPool-worker-1] INFO  server.GrpcService (GrpcService.java:closeImpl(311)) - 97ee00cc-8878-42b3-8e3f-b8716daccca4: shutdown server org.apache.ratis.grpc.server.GrpcAdminProtocolService now
2023-08-29 18:54:01,854 [7f4449f5-5363-4e2a-a958-eb2e78800a81-NettyServerStreamRpc-bossGroup--thread1] INFO  logging.LoggingHandler (AbstractInternalLogger.java:log(148)) - [id: 0xb1e63ed6, L:/0:0:0:0:0:0:0:0:15024] INACTIVE
2023-08-29 18:54:01,854 [7f4449f5-5363-4e2a-a958-eb2e78800a81-NettyServerStreamRpc-bossGroup--thread1] INFO  logging.LoggingHandler (AbstractInternalLogger.java:log(148)) - [id: 0xb1e63ed6, L:/0:0:0:0:0:0:0:0:15024] UNREGISTERED
2023-08-29 18:54:01,854 [ForkJoinPool.commonPool-worker-2] INFO  server.GrpcService (GrpcService.java:closeImpl(320)) - d246a9b4-fb4e-4001-b7a9-7f69213ea7ae: shutdown server org.apache.ratis.grpc.server.GrpcClientProtocolService successfully
2023-08-29 18:54:01,855 [ForkJoinPool.commonPool-worker-2] INFO  server.GrpcService (GrpcService.java:closeImpl(311)) - d246a9b4-fb4e-4001-b7a9-7f69213ea7ae: shutdown server GrpcServerProtocolService now
2023-08-29 18:54:01,855 [d246a9b4-fb4e-4001-b7a9-7f69213ea7ae-impl-thread2] INFO  server.RaftServer$Division (RaftServerImpl.java:lambda$close$4(466)) - d246a9b4-fb4e-4001-b7a9-7f69213ea7ae@group-A2204F43F4F0: shutdown
2023-08-29 18:54:01,855 [d246a9b4-fb4e-4001-b7a9-7f69213ea7ae-impl-thread2] INFO  util.JmxRegister (JmxRegister.java:unregister(73)) - Successfully un-registered JMX Bean with object name Ratis:service=RaftServer,group=group-A2204F43F4F0,id=d246a9b4-fb4e-4001-b7a9-7f69213ea7ae
2023-08-29 18:54:01,855 [d246a9b4-fb4e-4001-b7a9-7f69213ea7ae-impl-thread2] INFO  impl.RoleInfo (RoleInfo.java:shutdownLeaderState(93)) - d246a9b4-fb4e-4001-b7a9-7f69213ea7ae: shutdown d246a9b4-fb4e-4001-b7a9-7f69213ea7ae@group-A2204F43F4F0-LeaderStateImpl
2023-08-29 18:54:01,855 [d246a9b4-fb4e-4001-b7a9-7f69213ea7ae-impl-thread2] INFO  impl.PendingRequests (PendingRequests.java:sendNotLeaderResponses(289)) - d246a9b4-fb4e-4001-b7a9-7f69213ea7ae@group-A2204F43F4F0-PendingRequests: sendNotLeaderResponses
2023-08-29 18:54:01,856 [d246a9b4-fb4e-4001-b7a9-7f69213ea7ae-impl-thread2] INFO  impl.StateMachineUpdater (StateMachineUpdater.java:stopAndJoin(155)) - d246a9b4-fb4e-4001-b7a9-7f69213ea7ae@group-A2204F43F4F0-StateMachineUpdater: set stopIndex = 0
2023-08-29 18:54:01,858 [ForkJoinPool.commonPool-worker-1] INFO  server.GrpcService (GrpcService.java:closeImpl(320)) - 97ee00cc-8878-42b3-8e3f-b8716daccca4: shutdown server org.apache.ratis.grpc.server.GrpcAdminProtocolService successfully
2023-08-29 18:54:01,858 [97ee00cc-8878-42b3-8e3f-b8716daccca4-NettyServerStreamRpc-bossGroup--thread1] INFO  logging.LoggingHandler (AbstractInternalLogger.java:log(148)) - [id: 0xd8d6673d, L:/0:0:0:0:0:0:0:0:15015] CLOSE
2023-08-29 18:54:01,858 [97ee00cc-8878-42b3-8e3f-b8716daccca4-NettyServerStreamRpc-bossGroup--thread1] INFO  logging.LoggingHandler (AbstractInternalLogger.java:log(148)) - [id: 0xd8d6673d, L:/0:0:0:0:0:0:0:0:15015] INACTIVE
2023-08-29 18:54:01,858 [97ee00cc-8878-42b3-8e3f-b8716daccca4-NettyServerStreamRpc-bossGroup--thread1] INFO  logging.LoggingHandler (AbstractInternalLogger.java:log(148)) - [id: 0xd8d6673d, L:/0:0:0:0:0:0:0:0:15015] UNREGISTERED
2023-08-29 18:54:01,862 [d246a9b4-fb4e-4001-b7a9-7f69213ea7ae@group-A2204F43F4F0-StateMachineUpdater] INFO  ratis.ContainerStateMachine (ContainerStateMachine.java:takeSnapshot(330)) - group-A2204F43F4F0: Taking a snapshot at:(t:1, i:0) file /home/runner/work/ozone/ozone/hadoop-ozone/integration-test/target/test-dir/MiniOzoneClusterImpl-f4f7c4b3-a6e6-4e2b-8957-3aa4c0e420f5/datanode-4/data/ratis/e095f7b0-8fb0-47f4-a2ae-a2204f43f4f0/sm/snapshot.1_0
2023-08-29 18:54:01,863 [ForkJoinPool.commonPool-worker-2] INFO  server.GrpcService (GrpcService.java:closeImpl(320)) - d246a9b4-fb4e-4001-b7a9-7f69213ea7ae: shutdown server GrpcServerProtocolService successfully
2023-08-29 18:54:01,863 [ForkJoinPool.commonPool-worker-2] INFO  server.GrpcService (GrpcService.java:closeImpl(311)) - d246a9b4-fb4e-4001-b7a9-7f69213ea7ae: shutdown server org.apache.ratis.grpc.server.GrpcAdminProtocolService now
2023-08-29 18:54:01,863 [main] INFO  server.GrpcService (GrpcService.java:closeImpl(320)) - 8e764df9-21b5-444f-852f-dd54d92b5fac: shutdown server GrpcServerProtocolService successfully
2023-08-29 18:54:01,864 [main] INFO  server.GrpcService (GrpcService.java:closeImpl(311)) - 8e764df9-21b5-444f-852f-dd54d92b5fac: shutdown server org.apache.ratis.grpc.server.GrpcAdminProtocolService now
2023-08-29 18:54:01,865 [d246a9b4-fb4e-4001-b7a9-7f69213ea7ae@group-A2204F43F4F0-StateMachineUpdater] INFO  ratis.ContainerStateMachine (ContainerStateMachine.java:takeSnapshot(341)) - group-A2204F43F4F0: Finished taking a snapshot at:(t:1, i:0) file:/home/runner/work/ozone/ozone/hadoop-ozone/integration-test/target/test-dir/MiniOzoneClusterImpl-f4f7c4b3-a6e6-4e2b-8957-3aa4c0e420f5/datanode-4/data/ratis/e095f7b0-8fb0-47f4-a2ae-a2204f43f4f0/sm/snapshot.1_0 took: 3 ms
2023-08-29 18:54:01,866 [d246a9b4-fb4e-4001-b7a9-7f69213ea7ae@group-A2204F43F4F0-StateMachineUpdater] INFO  impl.StateMachineUpdater (StateMachineUpdater.java:takeSnapshot(291)) - d246a9b4-fb4e-4001-b7a9-7f69213ea7ae@group-A2204F43F4F0-StateMachineUpdater: Took a snapshot at index 0
2023-08-29 18:54:01,866 [d246a9b4-fb4e-4001-b7a9-7f69213ea7ae@group-A2204F43F4F0-StateMachineUpdater] INFO  impl.StateMachineUpdater (StateMachineUpdater.java:lambda$new$0(97)) - d246a9b4-fb4e-4001-b7a9-7f69213ea7ae@group-A2204F43F4F0-StateMachineUpdater: snapshotIndex: updateIncreasingly -1 -> 0
2023-08-29 18:54:01,866 [d246a9b4-fb4e-4001-b7a9-7f69213ea7ae-impl-thread2] INFO  server.RaftServer$Division (ServerState.java:close(472)) - d246a9b4-fb4e-4001-b7a9-7f69213ea7ae@group-A2204F43F4F0: closes. applyIndex: 0
2023-08-29 18:54:01,868 [main] INFO  server.GrpcService (GrpcService.java:closeImpl(320)) - 8e764df9-21b5-444f-852f-dd54d92b5fac: shutdown server org.apache.ratis.grpc.server.GrpcAdminProtocolService successfully
2023-08-29 18:54:01,869 [8e764df9-21b5-444f-852f-dd54d92b5fac-NettyServerStreamRpc-bossGroup--thread1] INFO  logging.LoggingHandler (AbstractInternalLogger.java:log(148)) - [id: 0xb42ba596, L:/0:0:0:0:0:0:0:0:15033] CLOSE
2023-08-29 18:54:01,869 [8e764df9-21b5-444f-852f-dd54d92b5fac-NettyServerStreamRpc-bossGroup--thread1] INFO  logging.LoggingHandler (AbstractInternalLogger.java:log(148)) - [id: 0xb42ba596, L:/0:0:0:0:0:0:0:0:15033] INACTIVE
2023-08-29 18:54:01,869 [8e764df9-21b5-444f-852f-dd54d92b5fac-NettyServerStreamRpc-bossGroup--thread1] INFO  logging.LoggingHandler (AbstractInternalLogger.java:log(148)) - [id: 0xb42ba596, L:/0:0:0:0:0:0:0:0:15033] UNREGISTERED
2023-08-29 18:54:01,880 [ForkJoinPool.commonPool-worker-2] INFO  server.GrpcService (GrpcService.java:closeImpl(320)) - d246a9b4-fb4e-4001-b7a9-7f69213ea7ae: shutdown server org.apache.ratis.grpc.server.GrpcAdminProtocolService successfully
2023-08-29 18:54:01,881 [d246a9b4-fb4e-4001-b7a9-7f69213ea7ae-NettyServerStreamRpc-bossGroup--thread1] INFO  logging.LoggingHandler (AbstractInternalLogger.java:log(148)) - [id: 0xbb3e304f, L:/0:0:0:0:0:0:0:0:15051] CLOSE
2023-08-29 18:54:01,881 [d246a9b4-fb4e-4001-b7a9-7f69213ea7ae-NettyServerStreamRpc-bossGroup--thread1] INFO  logging.LoggingHandler (AbstractInternalLogger.java:log(148)) - [id: 0xbb3e304f, L:/0:0:0:0:0:0:0:0:15051] INACTIVE
2023-08-29 18:54:01,881 [d246a9b4-fb4e-4001-b7a9-7f69213ea7ae-NettyServerStreamRpc-bossGroup--thread1] INFO  logging.LoggingHandler (AbstractInternalLogger.java:log(148)) - [id: 0xbb3e304f, L:/0:0:0:0:0:0:0:0:15051] UNREGISTERED
2023-08-29 18:54:01,901 [ForkJoinPool.commonPool-worker-3] INFO  ozoneimpl.OzoneContainer (OzoneContainer.java:stop(451)) - Attempting to stop container services.
2023-08-29 18:54:01,914 [ForkJoinPool.commonPool-worker-3] INFO  server.RaftServer (RaftServerProxy.java:lambda$close$6(416)) - 5b9ef83d-dbe3-47c8-9c1e-3cffac3fa7d5: close
2023-08-29 18:54:01,914 [ForkJoinPool.commonPool-worker-3] INFO  server.GrpcService (GrpcService.java:closeImpl(311)) - 5b9ef83d-dbe3-47c8-9c1e-3cffac3fa7d5: shutdown server org.apache.ratis.grpc.server.GrpcClientProtocolService now
2023-08-29 18:54:01,914 [5b9ef83d-dbe3-47c8-9c1e-3cffac3fa7d5-impl-thread2] INFO  server.RaftServer$Division (RaftServerImpl.java:lambda$close$4(466)) - 5b9ef83d-dbe3-47c8-9c1e-3cffac3fa7d5@group-B7939D7B642E: shutdown
2023-08-29 18:54:01,916 [5b9ef83d-dbe3-47c8-9c1e-3cffac3fa7d5-impl-thread2] INFO  util.JmxRegister (JmxRegister.java:unregister(73)) - Successfully un-registered JMX Bean with object name Ratis:service=RaftServer,group=group-B7939D7B642E,id=5b9ef83d-dbe3-47c8-9c1e-3cffac3fa7d5
2023-08-29 18:54:01,916 [5b9ef83d-dbe3-47c8-9c1e-3cffac3fa7d5-impl-thread2] INFO  impl.RoleInfo (RoleInfo.java:shutdownLeaderState(93)) - 5b9ef83d-dbe3-47c8-9c1e-3cffac3fa7d5: shutdown 5b9ef83d-dbe3-47c8-9c1e-3cffac3fa7d5@group-B7939D7B642E-LeaderStateImpl
2023-08-29 18:54:01,916 [5b9ef83d-dbe3-47c8-9c1e-3cffac3fa7d5-impl-thread2] INFO  impl.PendingRequests (PendingRequests.java:sendNotLeaderResponses(289)) - 5b9ef83d-dbe3-47c8-9c1e-3cffac3fa7d5@group-B7939D7B642E-PendingRequests: sendNotLeaderResponses
2023-08-29 18:54:01,916 [ForkJoinPool.commonPool-worker-3] INFO  server.GrpcService (GrpcService.java:closeImpl(320)) - 5b9ef83d-dbe3-47c8-9c1e-3cffac3fa7d5: shutdown server org.apache.ratis.grpc.server.GrpcClientProtocolService successfully
2023-08-29 18:54:01,916 [ForkJoinPool.commonPool-worker-3] INFO  server.GrpcService (GrpcService.java:closeImpl(311)) - 5b9ef83d-dbe3-47c8-9c1e-3cffac3fa7d5: shutdown server GrpcServerProtocolService now
2023-08-29 18:54:01,917 [5b9ef83d-dbe3-47c8-9c1e-3cffac3fa7d5-impl-thread2] INFO  impl.StateMachineUpdater (StateMachineUpdater.java:stopAndJoin(155)) - 5b9ef83d-dbe3-47c8-9c1e-3cffac3fa7d5@group-B7939D7B642E-StateMachineUpdater: set stopIndex = 0
2023-08-29 18:54:01,917 [5b9ef83d-dbe3-47c8-9c1e-3cffac3fa7d5@group-B7939D7B642E-StateMachineUpdater] INFO  ratis.ContainerStateMachine (ContainerStateMachine.java:takeSnapshot(330)) - group-B7939D7B642E: Taking a snapshot at:(t:1, i:0) file /home/runner/work/ozone/ozone/hadoop-ozone/integration-test/target/test-dir/MiniOzoneClusterImpl-f4f7c4b3-a6e6-4e2b-8957-3aa4c0e420f5/datanode-3/data/ratis/721e34b0-8cba-4223-80b3-b7939d7b642e/sm/snapshot.1_0
2023-08-29 18:54:01,918 [5b9ef83d-dbe3-47c8-9c1e-3cffac3fa7d5@group-B7939D7B642E-StateMachineUpdater] INFO  ratis.ContainerStateMachine (ContainerStateMachine.java:takeSnapshot(341)) - group-B7939D7B642E: Finished taking a snapshot at:(t:1, i:0) file:/home/runner/work/ozone/ozone/hadoop-ozone/integration-test/target/test-dir/MiniOzoneClusterImpl-f4f7c4b3-a6e6-4e2b-8957-3aa4c0e420f5/datanode-3/data/ratis/721e34b0-8cba-4223-80b3-b7939d7b642e/sm/snapshot.1_0 took: 0 ms
2023-08-29 18:54:01,918 [5b9ef83d-dbe3-47c8-9c1e-3cffac3fa7d5@group-B7939D7B642E-StateMachineUpdater] INFO  impl.StateMachineUpdater (StateMachineUpdater.java:takeSnapshot(291)) - 5b9ef83d-dbe3-47c8-9c1e-3cffac3fa7d5@group-B7939D7B642E-StateMachineUpdater: Took a snapshot at index 0
2023-08-29 18:54:01,918 [5b9ef83d-dbe3-47c8-9c1e-3cffac3fa7d5@group-B7939D7B642E-StateMachineUpdater] INFO  impl.StateMachineUpdater (StateMachineUpdater.java:lambda$new$0(97)) - 5b9ef83d-dbe3-47c8-9c1e-3cffac3fa7d5@group-B7939D7B642E-StateMachineUpdater: snapshotIndex: updateIncreasingly -1 -> 0
2023-08-29 18:54:01,919 [5b9ef83d-dbe3-47c8-9c1e-3cffac3fa7d5-impl-thread2] INFO  server.RaftServer$Division (ServerState.java:close(472)) - 5b9ef83d-dbe3-47c8-9c1e-3cffac3fa7d5@group-B7939D7B642E: closes. applyIndex: 0
2023-08-29 18:54:01,925 [ForkJoinPool.commonPool-worker-3] INFO  server.GrpcService (GrpcService.java:closeImpl(320)) - 5b9ef83d-dbe3-47c8-9c1e-3cffac3fa7d5: shutdown server GrpcServerProtocolService successfully
2023-08-29 18:54:01,925 [ForkJoinPool.commonPool-worker-3] INFO  server.GrpcService (GrpcService.java:closeImpl(311)) - 5b9ef83d-dbe3-47c8-9c1e-3cffac3fa7d5: shutdown server org.apache.ratis.grpc.server.GrpcAdminProtocolService now
2023-08-29 18:54:01,932 [ForkJoinPool.commonPool-worker-3] INFO  server.GrpcService (GrpcService.java:closeImpl(320)) - 5b9ef83d-dbe3-47c8-9c1e-3cffac3fa7d5: shutdown server org.apache.ratis.grpc.server.GrpcAdminProtocolService successfully
2023-08-29 18:54:01,933 [5b9ef83d-dbe3-47c8-9c1e-3cffac3fa7d5-NettyServerStreamRpc-bossGroup--thread1] INFO  logging.LoggingHandler (AbstractInternalLogger.java:log(148)) - [id: 0x0557a533, L:/0:0:0:0:0:0:0:0:15042] CLOSE
2023-08-29 18:54:01,933 [5b9ef83d-dbe3-47c8-9c1e-3cffac3fa7d5-NettyServerStreamRpc-bossGroup--thread1] INFO  logging.LoggingHandler (AbstractInternalLogger.java:log(148)) - [id: 0x0557a533, L:/0:0:0:0:0:0:0:0:15042] INACTIVE
2023-08-29 18:54:01,933 [5b9ef83d-dbe3-47c8-9c1e-3cffac3fa7d5-NettyServerStreamRpc-bossGroup--thread1] INFO  logging.LoggingHandler (AbstractInternalLogger.java:log(148)) - [id: 0x0557a533, L:/0:0:0:0:0:0:0:0:15042] UNREGISTERED
2023-08-29 18:54:02,220 [7f4449f5-5363-4e2a-a958-eb2e78800a81-impl-thread2] INFO  segmented.SegmentedRaftLogWorker (SegmentedRaftLogWorker.java:close(252)) - 7f4449f5-5363-4e2a-a958-eb2e78800a81@group-A7575599D9FE-SegmentedRaftLogWorker close()
2023-08-29 18:54:02,227 [8e764df9-21b5-444f-852f-dd54d92b5fac-impl-thread2] INFO  segmented.SegmentedRaftLogWorker (SegmentedRaftLogWorker.java:close(252)) - 8e764df9-21b5-444f-852f-dd54d92b5fac@group-7E53C364F6DC-SegmentedRaftLogWorker close()
2023-08-29 18:54:02,457 [97ee00cc-8878-42b3-8e3f-b8716daccca4-impl-thread4] INFO  segmented.SegmentedRaftLogWorker (SegmentedRaftLogWorker.java:close(252)) - 97ee00cc-8878-42b3-8e3f-b8716daccca4@group-332E8197AAED-SegmentedRaftLogWorker close()
2023-08-29 18:54:02,535 [5b9ef83d-dbe3-47c8-9c1e-3cffac3fa7d5-impl-thread2] INFO  segmented.SegmentedRaftLogWorker (SegmentedRaftLogWorker.java:close(252)) - 5b9ef83d-dbe3-47c8-9c1e-3cffac3fa7d5@group-B7939D7B642E-SegmentedRaftLogWorker close()
2023-08-29 18:54:02,536 [JvmPauseMonitor5] INFO  util.JvmPauseMonitor (JvmPauseMonitor.java:run(109)) - JvmPauseMonitor-5b9ef83d-dbe3-47c8-9c1e-3cffac3fa7d5: Stopped
2023-08-29 18:54:02,616 [8e764df9-21b5-444f-852f-dd54d92b5fac-impl-thread3] INFO  segmented.SegmentedRaftLogWorker (SegmentedRaftLogWorker.java:close(252)) - 8e764df9-21b5-444f-852f-dd54d92b5fac@group-5E2011258112-SegmentedRaftLogWorker close()
2023-08-29 18:54:02,632 [7f4449f5-5363-4e2a-a958-eb2e78800a81-impl-thread3] INFO  segmented.SegmentedRaftLogWorker (SegmentedRaftLogWorker.java:close(252)) - 7f4449f5-5363-4e2a-a958-eb2e78800a81@group-5E2011258112-SegmentedRaftLogWorker close()
2023-08-29 18:54:02,633 [97ee00cc-8878-42b3-8e3f-b8716daccca4-impl-thread2] INFO  segmented.SegmentedRaftLogWorker (SegmentedRaftLogWorker.java:close(252)) - 97ee00cc-8878-42b3-8e3f-b8716daccca4@group-5E2011258112-SegmentedRaftLogWorker close()
2023-08-29 18:54:02,727 [7f4449f5-5363-4e2a-a958-eb2e78800a81-impl-thread4] INFO  segmented.SegmentedRaftLogWorker (SegmentedRaftLogWorker.java:close(252)) - 7f4449f5-5363-4e2a-a958-eb2e78800a81@group-6741276350F2-SegmentedRaftLogWorker close()
2023-08-29 18:54:02,729 [d246a9b4-fb4e-4001-b7a9-7f69213ea7ae-impl-thread2] INFO  segmented.SegmentedRaftLogWorker (SegmentedRaftLogWorker.java:close(252)) - d246a9b4-fb4e-4001-b7a9-7f69213ea7ae@group-A2204F43F4F0-SegmentedRaftLogWorker close()
2023-08-29 18:54:02,730 [JvmPauseMonitor3] INFO  util.JvmPauseMonitor (JvmPauseMonitor.java:run(109)) - JvmPauseMonitor-7f4449f5-5363-4e2a-a958-eb2e78800a81: Stopped
2023-08-29 18:54:02,730 [JvmPauseMonitor6] INFO  util.JvmPauseMonitor (JvmPauseMonitor.java:run(109)) - JvmPauseMonitor-d246a9b4-fb4e-4001-b7a9-7f69213ea7ae: Stopped
2023-08-29 18:54:02,734 [8e764df9-21b5-444f-852f-dd54d92b5fac-impl-thread4] INFO  segmented.SegmentedRaftLogWorker (SegmentedRaftLogWorker.java:close(252)) - 8e764df9-21b5-444f-852f-dd54d92b5fac@group-6741276350F2-SegmentedRaftLogWorker close()
2023-08-29 18:54:02,734 [97ee00cc-8878-42b3-8e3f-b8716daccca4-impl-thread3] INFO  segmented.SegmentedRaftLogWorker (SegmentedRaftLogWorker.java:close(252)) - 97ee00cc-8878-42b3-8e3f-b8716daccca4@group-6741276350F2-SegmentedRaftLogWorker close()
2023-08-29 18:54:02,735 [JvmPauseMonitor2] INFO  util.JvmPauseMonitor (JvmPauseMonitor.java:run(109)) - JvmPauseMonitor-97ee00cc-8878-42b3-8e3f-b8716daccca4: Stopped
2023-08-29 18:54:02,736 [JvmPauseMonitor4] INFO  util.JvmPauseMonitor (JvmPauseMonitor.java:run(109)) - JvmPauseMonitor-8e764df9-21b5-444f-852f-dd54d92b5fac: Stopped
2023-08-29 18:54:04,559 [ForkJoinPool.commonPool-worker-3] INFO  utils.DatanodeStoreCache (DatanodeStoreCache.java:shutdownCache(110)) - Skip clearing cache in mini cluster mode. Entries left: [/home/runner/work/ozone/ozone/hadoop-ozone/integration-test/target/test-dir/MiniOzoneClusterImpl-f4f7c4b3-a6e6-4e2b-8957-3aa4c0e420f5/datanode-0/data-0/containers/hdds/f4f7c4b3-a6e6-4e2b-8957-3aa4c0e420f5/DS-21a23c4d-2b66-490d-9276-4891dbc84190/container.db, /home/runner/work/ozone/ozone/hadoop-ozone/integration-test/target/test-dir/MiniOzoneClusterImpl-f4f7c4b3-a6e6-4e2b-8957-3aa4c0e420f5/datanode-1/data-0/containers/hdds/f4f7c4b3-a6e6-4e2b-8957-3aa4c0e420f5/DS-5a4215c4-0669-4f17-a402-f345875c6349/container.db, /home/runner/work/ozone/ozone/hadoop-ozone/integration-test/target/test-dir/MiniOzoneClusterImpl-f4f7c4b3-a6e6-4e2b-8957-3aa4c0e420f5/datanode-2/data-0/containers/hdds/f4f7c4b3-a6e6-4e2b-8957-3aa4c0e420f5/DS-6b00ab41-237f-4d05-93e2-1d06420d5c94/container.db, /home/runner/work/ozone/ozone/hadoop-ozone/integration-test/target/test-dir/MiniOzoneClusterImpl-f4f7c4b3-a6e6-4e2b-8957-3aa4c0e420f5/datanode-3/data-0/containers/hdds/f4f7c4b3-a6e6-4e2b-8957-3aa4c0e420f5/DS-8cee6b08-a56b-4e97-98fa-925025e1a40e/container.db, /home/runner/work/ozone/ozone/hadoop-ozone/integration-test/target/test-dir/MiniOzoneClusterImpl-f4f7c4b3-a6e6-4e2b-8957-3aa4c0e420f5/datanode-4/data-0/containers/hdds/f4f7c4b3-a6e6-4e2b-8957-3aa4c0e420f5/DS-babf0d3d-e83f-4587-adee-d34c07cc912d/container.db]
2023-08-29 18:54:04,563 [ForkJoinPool.commonPool-worker-3] INFO  utils.DatanodeStoreCache (DatanodeStoreCache.java:removeDB(104)) - Removed db /home/runner/work/ozone/ozone/hadoop-ozone/integration-test/target/test-dir/MiniOzoneClusterImpl-f4f7c4b3-a6e6-4e2b-8957-3aa4c0e420f5/datanode-3/data-0/containers/hdds/f4f7c4b3-a6e6-4e2b-8957-3aa4c0e420f5/DS-8cee6b08-a56b-4e97-98fa-925025e1a40e/container.db from cache
2023-08-29 18:54:04,563 [ForkJoinPool.commonPool-worker-3] INFO  volume.HddsVolume (HddsVolume.java:closeDbStore(453)) - SchemaV3 db is stopped at /home/runner/work/ozone/ozone/hadoop-ozone/integration-test/target/test-dir/MiniOzoneClusterImpl-f4f7c4b3-a6e6-4e2b-8957-3aa4c0e420f5/datanode-3/data-0/containers/hdds/f4f7c4b3-a6e6-4e2b-8957-3aa4c0e420f5/DS-8cee6b08-a56b-4e97-98fa-925025e1a40e/container.db for volume DS-8cee6b08-a56b-4e97-98fa-925025e1a40e
2023-08-29 18:54:04,563 [ForkJoinPool.commonPool-worker-3] INFO  utils.BackgroundService (BackgroundService.java:shutdown(141)) - Shutting down service BlockDeletingService
2023-08-29 18:54:04,564 [ForkJoinPool.commonPool-worker-3] INFO  utils.BackgroundService (BackgroundService.java:shutdown(141)) - Shutting down service StaleRecoveringContainerScrubbingService
2023-08-29 18:54:04,567 [ForkJoinPool.commonPool-worker-3] INFO  statemachine.DatanodeStateMachine (DatanodeStateMachine.java:stopDaemon(620)) - Ozone container server stopped.
2023-08-29 18:54:04,581 [ForkJoinPool.commonPool-worker-3] INFO  handler.ContextHandler (ContextHandler.java:doStop(1159)) - Stopped o.e.j.w.WebAppContext@75515231{hddsDatanode,/,null,STOPPED}{jar:file:/home/runner/.m2/repository/org/apache/ozone/hdds-container-service/1.4.0-SNAPSHOT/hdds-container-service-1.4.0-SNAPSHOT.jar!/webapps/hddsDatanode}
2023-08-29 18:54:04,583 [ForkJoinPool.commonPool-worker-3] INFO  server.AbstractConnector (AbstractConnector.java:doStop(383)) - Stopped ServerConnector@20ec9d51{HTTP/1.1, (http/1.1)}{0.0.0.0:15036}
2023-08-29 18:54:04,584 [ForkJoinPool.commonPool-worker-3] INFO  server.session (HouseKeeper.java:stopScavenging(149)) - node0 Stopped scavenging
2023-08-29 18:54:04,585 [ForkJoinPool.commonPool-worker-3] INFO  handler.ContextHandler (ContextHandler.java:doStop(1159)) - Stopped o.e.j.s.ServletContextHandler@4397f201{static,/static,jar:file:/home/runner/.m2/repository/org/apache/ozone/hdds-container-service/1.4.0-SNAPSHOT/hdds-container-service-1.4.0-SNAPSHOT.jar!/webapps/static,STOPPED}
2023-08-29 18:54:04,585 [ForkJoinPool.commonPool-worker-3] INFO  handler.ContextHandler (ContextHandler.java:doStop(1159)) - Stopped o.e.j.s.ServletContextHandler@6e316c1d{logs,/logs,file:///home/runner/work/ozone/ozone/hadoop-ozone/integration-test/target/log,STOPPED}
2023-08-29 18:54:04,586 [ForkJoinPool.commonPool-worker-3] INFO  ozone.HddsDatanodeClientProtocolServer (HddsDatanodeClientProtocolServer.java:stop(78)) - Stopping the RPC server for Client Protocol
2023-08-29 18:54:04,587 [ForkJoinPool.commonPool-worker-3] INFO  ipc.Server (Server.java:stop(3523)) - Stopping server on 15037
2023-08-29 18:54:04,587 [IPC Server Responder] INFO  ipc.Server (Server.java:run(1567)) - Stopping IPC Server Responder
2023-08-29 18:54:04,588 [IPC Server listener on 15037] INFO  ipc.Server (Server.java:run(1434)) - Stopping IPC Server listener on 15037
2023-08-29 18:54:04,735 [ForkJoinPool.commonPool-worker-0] INFO  utils.DatanodeStoreCache (DatanodeStoreCache.java:shutdownCache(110)) - Skip clearing cache in mini cluster mode. Entries left: [/home/runner/work/ozone/ozone/hadoop-ozone/integration-test/target/test-dir/MiniOzoneClusterImpl-f4f7c4b3-a6e6-4e2b-8957-3aa4c0e420f5/datanode-0/data-0/containers/hdds/f4f7c4b3-a6e6-4e2b-8957-3aa4c0e420f5/DS-21a23c4d-2b66-490d-9276-4891dbc84190/container.db, /home/runner/work/ozone/ozone/hadoop-ozone/integration-test/target/test-dir/MiniOzoneClusterImpl-f4f7c4b3-a6e6-4e2b-8957-3aa4c0e420f5/datanode-1/data-0/containers/hdds/f4f7c4b3-a6e6-4e2b-8957-3aa4c0e420f5/DS-5a4215c4-0669-4f17-a402-f345875c6349/container.db, /home/runner/work/ozone/ozone/hadoop-ozone/integration-test/target/test-dir/MiniOzoneClusterImpl-f4f7c4b3-a6e6-4e2b-8957-3aa4c0e420f5/datanode-2/data-0/containers/hdds/f4f7c4b3-a6e6-4e2b-8957-3aa4c0e420f5/DS-6b00ab41-237f-4d05-93e2-1d06420d5c94/container.db, /home/runner/work/ozone/ozone/hadoop-ozone/integration-test/target/test-dir/MiniOzoneClusterImpl-f4f7c4b3-a6e6-4e2b-8957-3aa4c0e420f5/datanode-4/data-0/containers/hdds/f4f7c4b3-a6e6-4e2b-8957-3aa4c0e420f5/DS-babf0d3d-e83f-4587-adee-d34c07cc912d/container.db]
2023-08-29 18:54:04,735 [ForkJoinPool.commonPool-worker-2] INFO  utils.DatanodeStoreCache (DatanodeStoreCache.java:shutdownCache(110)) - Skip clearing cache in mini cluster mode. Entries left: [/home/runner/work/ozone/ozone/hadoop-ozone/integration-test/target/test-dir/MiniOzoneClusterImpl-f4f7c4b3-a6e6-4e2b-8957-3aa4c0e420f5/datanode-0/data-0/containers/hdds/f4f7c4b3-a6e6-4e2b-8957-3aa4c0e420f5/DS-21a23c4d-2b66-490d-9276-4891dbc84190/container.db, /home/runner/work/ozone/ozone/hadoop-ozone/integration-test/target/test-dir/MiniOzoneClusterImpl-f4f7c4b3-a6e6-4e2b-8957-3aa4c0e420f5/datanode-1/data-0/containers/hdds/f4f7c4b3-a6e6-4e2b-8957-3aa4c0e420f5/DS-5a4215c4-0669-4f17-a402-f345875c6349/container.db, /home/runner/work/ozone/ozone/hadoop-ozone/integration-test/target/test-dir/MiniOzoneClusterImpl-f4f7c4b3-a6e6-4e2b-8957-3aa4c0e420f5/datanode-2/data-0/containers/hdds/f4f7c4b3-a6e6-4e2b-8957-3aa4c0e420f5/DS-6b00ab41-237f-4d05-93e2-1d06420d5c94/container.db, /home/runner/work/ozone/ozone/hadoop-ozone/integration-test/target/test-dir/MiniOzoneClusterImpl-f4f7c4b3-a6e6-4e2b-8957-3aa4c0e420f5/datanode-4/data-0/containers/hdds/f4f7c4b3-a6e6-4e2b-8957-3aa4c0e420f5/DS-babf0d3d-e83f-4587-adee-d34c07cc912d/container.db]
2023-08-29 18:54:04,739 [ForkJoinPool.commonPool-worker-0] INFO  utils.DatanodeStoreCache (DatanodeStoreCache.java:removeDB(104)) - Removed db /home/runner/work/ozone/ozone/hadoop-ozone/integration-test/target/test-dir/MiniOzoneClusterImpl-f4f7c4b3-a6e6-4e2b-8957-3aa4c0e420f5/datanode-1/data-0/containers/hdds/f4f7c4b3-a6e6-4e2b-8957-3aa4c0e420f5/DS-5a4215c4-0669-4f17-a402-f345875c6349/container.db from cache
2023-08-29 18:54:04,739 [ForkJoinPool.commonPool-worker-0] INFO  volume.HddsVolume (HddsVolume.java:closeDbStore(453)) - SchemaV3 db is stopped at /home/runner/work/ozone/ozone/hadoop-ozone/integration-test/target/test-dir/MiniOzoneClusterImpl-f4f7c4b3-a6e6-4e2b-8957-3aa4c0e420f5/datanode-1/data-0/containers/hdds/f4f7c4b3-a6e6-4e2b-8957-3aa4c0e420f5/DS-5a4215c4-0669-4f17-a402-f345875c6349/container.db for volume DS-5a4215c4-0669-4f17-a402-f345875c6349
2023-08-29 18:54:04,740 [ForkJoinPool.commonPool-worker-1] INFO  utils.DatanodeStoreCache (DatanodeStoreCache.java:shutdownCache(110)) - Skip clearing cache in mini cluster mode. Entries left: [/home/runner/work/ozone/ozone/hadoop-ozone/integration-test/target/test-dir/MiniOzoneClusterImpl-f4f7c4b3-a6e6-4e2b-8957-3aa4c0e420f5/datanode-0/data-0/containers/hdds/f4f7c4b3-a6e6-4e2b-8957-3aa4c0e420f5/DS-21a23c4d-2b66-490d-9276-4891dbc84190/container.db, /home/runner/work/ozone/ozone/hadoop-ozone/integration-test/target/test-dir/MiniOzoneClusterImpl-f4f7c4b3-a6e6-4e2b-8957-3aa4c0e420f5/datanode-2/data-0/containers/hdds/f4f7c4b3-a6e6-4e2b-8957-3aa4c0e420f5/DS-6b00ab41-237f-4d05-93e2-1d06420d5c94/container.db, /home/runner/work/ozone/ozone/hadoop-ozone/integration-test/target/test-dir/MiniOzoneClusterImpl-f4f7c4b3-a6e6-4e2b-8957-3aa4c0e420f5/datanode-4/data-0/containers/hdds/f4f7c4b3-a6e6-4e2b-8957-3aa4c0e420f5/DS-babf0d3d-e83f-4587-adee-d34c07cc912d/container.db]
2023-08-29 18:54:04,740 [ForkJoinPool.commonPool-worker-0] INFO  utils.BackgroundService (BackgroundService.java:shutdown(141)) - Shutting down service BlockDeletingService
2023-08-29 18:54:04,741 [ForkJoinPool.commonPool-worker-2] INFO  utils.DatanodeStoreCache (DatanodeStoreCache.java:removeDB(104)) - Removed db /home/runner/work/ozone/ozone/hadoop-ozone/integration-test/target/test-dir/MiniOzoneClusterImpl-f4f7c4b3-a6e6-4e2b-8957-3aa4c0e420f5/datanode-4/data-0/containers/hdds/f4f7c4b3-a6e6-4e2b-8957-3aa4c0e420f5/DS-babf0d3d-e83f-4587-adee-d34c07cc912d/container.db from cache
2023-08-29 18:54:04,741 [ForkJoinPool.commonPool-worker-2] INFO  volume.HddsVolume (HddsVolume.java:closeDbStore(453)) - SchemaV3 db is stopped at /home/runner/work/ozone/ozone/hadoop-ozone/integration-test/target/test-dir/MiniOzoneClusterImpl-f4f7c4b3-a6e6-4e2b-8957-3aa4c0e420f5/datanode-4/data-0/containers/hdds/f4f7c4b3-a6e6-4e2b-8957-3aa4c0e420f5/DS-babf0d3d-e83f-4587-adee-d34c07cc912d/container.db for volume DS-babf0d3d-e83f-4587-adee-d34c07cc912d
2023-08-29 18:54:04,741 [ForkJoinPool.commonPool-worker-1] INFO  utils.DatanodeStoreCache (DatanodeStoreCache.java:removeDB(104)) - Removed db /home/runner/work/ozone/ozone/hadoop-ozone/integration-test/target/test-dir/MiniOzoneClusterImpl-f4f7c4b3-a6e6-4e2b-8957-3aa4c0e420f5/datanode-0/data-0/containers/hdds/f4f7c4b3-a6e6-4e2b-8957-3aa4c0e420f5/DS-21a23c4d-2b66-490d-9276-4891dbc84190/container.db from cache
2023-08-29 18:54:04,741 [ForkJoinPool.commonPool-worker-1] INFO  volume.HddsVolume (HddsVolume.java:closeDbStore(453)) - SchemaV3 db is stopped at /home/runner/work/ozone/ozone/hadoop-ozone/integration-test/target/test-dir/MiniOzoneClusterImpl-f4f7c4b3-a6e6-4e2b-8957-3aa4c0e420f5/datanode-0/data-0/containers/hdds/f4f7c4b3-a6e6-4e2b-8957-3aa4c0e420f5/DS-21a23c4d-2b66-490d-9276-4891dbc84190/container.db for volume DS-21a23c4d-2b66-490d-9276-4891dbc84190
2023-08-29 18:54:04,742 [main] INFO  utils.DatanodeStoreCache (DatanodeStoreCache.java:shutdownCache(110)) - Skip clearing cache in mini cluster mode. Entries left: [/home/runner/work/ozone/ozone/hadoop-ozone/integration-test/target/test-dir/MiniOzoneClusterImpl-f4f7c4b3-a6e6-4e2b-8957-3aa4c0e420f5/datanode-2/data-0/containers/hdds/f4f7c4b3-a6e6-4e2b-8957-3aa4c0e420f5/DS-6b00ab41-237f-4d05-93e2-1d06420d5c94/container.db]
2023-08-29 18:54:04,742 [main] INFO  utils.DatanodeStoreCache (DatanodeStoreCache.java:removeDB(104)) - Removed db /home/runner/work/ozone/ozone/hadoop-ozone/integration-test/target/test-dir/MiniOzoneClusterImpl-f4f7c4b3-a6e6-4e2b-8957-3aa4c0e420f5/datanode-2/data-0/containers/hdds/f4f7c4b3-a6e6-4e2b-8957-3aa4c0e420f5/DS-6b00ab41-237f-4d05-93e2-1d06420d5c94/container.db from cache
2023-08-29 18:54:04,743 [main] INFO  volume.HddsVolume (HddsVolume.java:closeDbStore(453)) - SchemaV3 db is stopped at /home/runner/work/ozone/ozone/hadoop-ozone/integration-test/target/test-dir/MiniOzoneClusterImpl-f4f7c4b3-a6e6-4e2b-8957-3aa4c0e420f5/datanode-2/data-0/containers/hdds/f4f7c4b3-a6e6-4e2b-8957-3aa4c0e420f5/DS-6b00ab41-237f-4d05-93e2-1d06420d5c94/container.db for volume DS-6b00ab41-237f-4d05-93e2-1d06420d5c94
2023-08-29 18:54:04,743 [main] INFO  utils.BackgroundService (BackgroundService.java:shutdown(141)) - Shutting down service BlockDeletingService
2023-08-29 18:54:04,743 [ForkJoinPool.commonPool-worker-0] INFO  utils.BackgroundService (BackgroundService.java:shutdown(141)) - Shutting down service StaleRecoveringContainerScrubbingService
2023-08-29 18:54:04,744 [ForkJoinPool.commonPool-worker-2] INFO  utils.BackgroundService (BackgroundService.java:shutdown(141)) - Shutting down service BlockDeletingService
2023-08-29 18:54:04,744 [ForkJoinPool.commonPool-worker-1] INFO  utils.BackgroundService (BackgroundService.java:shutdown(141)) - Shutting down service BlockDeletingService
2023-08-29 18:54:04,745 [ForkJoinPool.commonPool-worker-1] INFO  utils.BackgroundService (BackgroundService.java:shutdown(141)) - Shutting down service StaleRecoveringContainerScrubbingService
2023-08-29 18:54:04,745 [ForkJoinPool.commonPool-worker-2] INFO  utils.BackgroundService (BackgroundService.java:shutdown(141)) - Shutting down service StaleRecoveringContainerScrubbingService
2023-08-29 18:54:04,745 [main] INFO  utils.BackgroundService (BackgroundService.java:shutdown(141)) - Shutting down service StaleRecoveringContainerScrubbingService
2023-08-29 18:54:04,746 [ForkJoinPool.commonPool-worker-0] INFO  statemachine.DatanodeStateMachine (DatanodeStateMachine.java:stopDaemon(620)) - Ozone container server stopped.
2023-08-29 18:54:04,746 [ForkJoinPool.commonPool-worker-2] INFO  statemachine.DatanodeStateMachine (DatanodeStateMachine.java:stopDaemon(620)) - Ozone container server stopped.
2023-08-29 18:54:04,746 [ForkJoinPool.commonPool-worker-1] INFO  statemachine.DatanodeStateMachine (DatanodeStateMachine.java:stopDaemon(620)) - Ozone container server stopped.
2023-08-29 18:54:04,748 [main] INFO  statemachine.DatanodeStateMachine (DatanodeStateMachine.java:stopDaemon(620)) - Ozone container server stopped.
2023-08-29 18:54:04,769 [ForkJoinPool.commonPool-worker-0] INFO  handler.ContextHandler (ContextHandler.java:doStop(1159)) - Stopped o.e.j.w.WebAppContext@37f3e60c{hddsDatanode,/,null,STOPPED}{jar:file:/home/runner/.m2/repository/org/apache/ozone/hdds-container-service/1.4.0-SNAPSHOT/hdds-container-service-1.4.0-SNAPSHOT.jar!/webapps/hddsDatanode}
2023-08-29 18:54:04,770 [ForkJoinPool.commonPool-worker-1] INFO  handler.ContextHandler (ContextHandler.java:doStop(1159)) - Stopped o.e.j.w.WebAppContext@2a5c851b{hddsDatanode,/,null,STOPPED}{jar:file:/home/runner/.m2/repository/org/apache/ozone/hdds-container-service/1.4.0-SNAPSHOT/hdds-container-service-1.4.0-SNAPSHOT.jar!/webapps/hddsDatanode}
2023-08-29 18:54:04,770 [ForkJoinPool.commonPool-worker-1] INFO  server.AbstractConnector (AbstractConnector.java:doStop(383)) - Stopped ServerConnector@5865251d{HTTP/1.1, (http/1.1)}{0.0.0.0:15009}
2023-08-29 18:54:04,770 [ForkJoinPool.commonPool-worker-1] INFO  server.session (HouseKeeper.java:stopScavenging(149)) - node0 Stopped scavenging
2023-08-29 18:54:04,771 [ForkJoinPool.commonPool-worker-1] INFO  handler.ContextHandler (ContextHandler.java:doStop(1159)) - Stopped o.e.j.s.ServletContextHandler@5bd48bbb{static,/static,jar:file:/home/runner/.m2/repository/org/apache/ozone/hdds-container-service/1.4.0-SNAPSHOT/hdds-container-service-1.4.0-SNAPSHOT.jar!/webapps/static,STOPPED}
2023-08-29 18:54:04,772 [ForkJoinPool.commonPool-worker-0] INFO  server.AbstractConnector (AbstractConnector.java:doStop(383)) - Stopped ServerConnector@78c726d2{HTTP/1.1, (http/1.1)}{0.0.0.0:15018}
2023-08-29 18:54:04,772 [ForkJoinPool.commonPool-worker-0] INFO  server.session (HouseKeeper.java:stopScavenging(149)) - node0 Stopped scavenging
2023-08-29 18:54:04,772 [ForkJoinPool.commonPool-worker-1] INFO  handler.ContextHandler (ContextHandler.java:doStop(1159)) - Stopped o.e.j.s.ServletContextHandler@26199930{logs,/logs,file:///home/runner/work/ozone/ozone/hadoop-ozone/integration-test/target/log,STOPPED}
2023-08-29 18:54:04,776 [ForkJoinPool.commonPool-worker-1] INFO  ozone.HddsDatanodeClientProtocolServer (HddsDatanodeClientProtocolServer.java:stop(78)) - Stopping the RPC server for Client Protocol
2023-08-29 18:54:04,778 [ForkJoinPool.commonPool-worker-0] INFO  handler.ContextHandler (ContextHandler.java:doStop(1159)) - Stopped o.e.j.s.ServletContextHandler@76985033{static,/static,jar:file:/home/runner/.m2/repository/org/apache/ozone/hdds-container-service/1.4.0-SNAPSHOT/hdds-container-service-1.4.0-SNAPSHOT.jar!/webapps/static,STOPPED}
2023-08-29 18:54:04,778 [ForkJoinPool.commonPool-worker-1] INFO  ipc.Server (Server.java:stop(3523)) - Stopping server on 15010
2023-08-29 18:54:04,779 [ForkJoinPool.commonPool-worker-0] INFO  handler.ContextHandler (ContextHandler.java:doStop(1159)) - Stopped o.e.j.s.ServletContextHandler@48816424{logs,/logs,file:///home/runner/work/ozone/ozone/hadoop-ozone/integration-test/target/log,STOPPED}
2023-08-29 18:54:04,780 [ForkJoinPool.commonPool-worker-0] INFO  ozone.HddsDatanodeClientProtocolServer (HddsDatanodeClientProtocolServer.java:stop(78)) - Stopping the RPC server for Client Protocol
2023-08-29 18:54:04,780 [ForkJoinPool.commonPool-worker-0] INFO  ipc.Server (Server.java:stop(3523)) - Stopping server on 15019
2023-08-29 18:54:04,781 [IPC Server listener on 15019] INFO  ipc.Server (Server.java:run(1434)) - Stopping IPC Server listener on 15019
2023-08-29 18:54:04,782 [IPC Server Responder] INFO  ipc.Server (Server.java:run(1567)) - Stopping IPC Server Responder
2023-08-29 18:54:04,782 [IPC Server listener on 15010] INFO  ipc.Server (Server.java:run(1434)) - Stopping IPC Server listener on 15010
2023-08-29 18:54:04,782 [IPC Server Responder] INFO  ipc.Server (Server.java:run(1567)) - Stopping IPC Server Responder
2023-08-29 18:54:04,790 [main] INFO  handler.ContextHandler (ContextHandler.java:doStop(1159)) - Stopped o.e.j.w.WebAppContext@2e681871{hddsDatanode,/,null,STOPPED}{jar:file:/home/runner/.m2/repository/org/apache/ozone/hdds-container-service/1.4.0-SNAPSHOT/hdds-container-service-1.4.0-SNAPSHOT.jar!/webapps/hddsDatanode}
2023-08-29 18:54:04,792 [main] INFO  server.AbstractConnector (AbstractConnector.java:doStop(383)) - Stopped ServerConnector@6a556ae0{HTTP/1.1, (http/1.1)}{0.0.0.0:15027}
2023-08-29 18:54:04,792 [main] INFO  server.session (HouseKeeper.java:stopScavenging(149)) - node0 Stopped scavenging
2023-08-29 18:54:04,792 [main] INFO  handler.ContextHandler (ContextHandler.java:doStop(1159)) - Stopped o.e.j.s.ServletContextHandler@5af3630a{static,/static,jar:file:/home/runner/.m2/repository/org/apache/ozone/hdds-container-service/1.4.0-SNAPSHOT/hdds-container-service-1.4.0-SNAPSHOT.jar!/webapps/static,STOPPED}
2023-08-29 18:54:04,793 [main] INFO  handler.ContextHandler (ContextHandler.java:doStop(1159)) - Stopped o.e.j.s.ServletContextHandler@290a9500{logs,/logs,file:///home/runner/work/ozone/ozone/hadoop-ozone/integration-test/target/log,STOPPED}
2023-08-29 18:54:04,795 [ForkJoinPool.commonPool-worker-2] INFO  handler.ContextHandler (ContextHandler.java:doStop(1159)) - Stopped o.e.j.w.WebAppContext@430d3bf9{hddsDatanode,/,null,STOPPED}{jar:file:/home/runner/.m2/repository/org/apache/ozone/hdds-container-service/1.4.0-SNAPSHOT/hdds-container-service-1.4.0-SNAPSHOT.jar!/webapps/hddsDatanode}
2023-08-29 18:54:04,795 [ForkJoinPool.commonPool-worker-2] INFO  server.AbstractConnector (AbstractConnector.java:doStop(383)) - Stopped ServerConnector@6051f3f3{HTTP/1.1, (http/1.1)}{0.0.0.0:15045}
2023-08-29 18:54:04,795 [ForkJoinPool.commonPool-worker-2] INFO  server.session (HouseKeeper.java:stopScavenging(149)) - node0 Stopped scavenging
2023-08-29 18:54:04,796 [ForkJoinPool.commonPool-worker-2] INFO  handler.ContextHandler (ContextHandler.java:doStop(1159)) - Stopped o.e.j.s.ServletContextHandler@210741f0{static,/static,jar:file:/home/runner/.m2/repository/org/apache/ozone/hdds-container-service/1.4.0-SNAPSHOT/hdds-container-service-1.4.0-SNAPSHOT.jar!/webapps/static,STOPPED}
2023-08-29 18:54:04,796 [main] INFO  ozone.HddsDatanodeClientProtocolServer (HddsDatanodeClientProtocolServer.java:stop(78)) - Stopping the RPC server for Client Protocol
2023-08-29 18:54:04,796 [main] INFO  ipc.Server (Server.java:stop(3523)) - Stopping server on 15028
2023-08-29 18:54:04,796 [ForkJoinPool.commonPool-worker-2] INFO  handler.ContextHandler (ContextHandler.java:doStop(1159)) - Stopped o.e.j.s.ServletContextHandler@13ebc126{logs,/logs,file:///home/runner/work/ozone/ozone/hadoop-ozone/integration-test/target/log,STOPPED}
2023-08-29 18:54:04,797 [IPC Server listener on 15028] INFO  ipc.Server (Server.java:run(1434)) - Stopping IPC Server listener on 15028
2023-08-29 18:54:04,797 [IPC Server Responder] INFO  ipc.Server (Server.java:run(1567)) - Stopping IPC Server Responder
2023-08-29 18:54:04,798 [ForkJoinPool.commonPool-worker-2] INFO  ozone.HddsDatanodeClientProtocolServer (HddsDatanodeClientProtocolServer.java:stop(78)) - Stopping the RPC server for Client Protocol
2023-08-29 18:54:04,799 [ForkJoinPool.commonPool-worker-2] INFO  ipc.Server (Server.java:stop(3523)) - Stopping server on 15046
2023-08-29 18:54:04,799 [IPC Server listener on 15046] INFO  ipc.Server (Server.java:run(1434)) - Stopping IPC Server listener on 15046
2023-08-29 18:54:04,803 [IPC Server Responder] INFO  ipc.Server (Server.java:run(1567)) - Stopping IPC Server Responder
2023-08-29 18:54:04,804 [main] INFO  ozone.MiniOzoneClusterImpl (MiniOzoneClusterImpl.java:stopSCM(543)) - Stopping the StorageContainerManager
2023-08-29 18:54:04,804 [main] INFO  server.StorageContainerManager (StorageContainerManager.java:stop(1591)) - Container Balancer is not running.
2023-08-29 18:54:04,804 [main] INFO  server.StorageContainerManager (StorageContainerManager.java:stopReplicationManager(1724)) - Stopping Replication Manager Service.
2023-08-29 18:54:04,804 [main] INFO  replication.ReplicationManager (ReplicationManager.java:stop(323)) - Stopping Replication Monitor Thread.
2023-08-29 18:54:04,804 [Under Replicated Processor] WARN  replication.UnhealthyReplicationProcessor (UnhealthyReplicationProcessor.java:run(180)) - Under Replicated Processor interrupted. Exiting...
2023-08-29 18:54:04,804 [Over Replicated Processor] WARN  replication.UnhealthyReplicationProcessor (UnhealthyReplicationProcessor.java:run(180)) - Over Replicated Processor interrupted. Exiting...
2023-08-29 18:54:04,804 [main] INFO  server.StorageContainerManager (StorageContainerManager.java:stop(1600)) - Stopping the Datanode Admin Monitor.
2023-08-29 18:54:04,804 [main] INFO  server.StorageContainerManager (StorageContainerManager.java:stop(1607)) - Stopping datanode service RPC server
2023-08-29 18:54:04,805 [main] INFO  server.SCMDatanodeProtocolServer (SCMDatanodeProtocolServer.java:stop(424)) - Stopping the RPC server for DataNodes
2023-08-29 18:54:04,805 [main] INFO  ipc.Server (Server.java:stop(3523)) - Stopping server on 15002
2023-08-29 18:54:04,804 [ReplicationMonitor] INFO  replication.ReplicationManager (ReplicationManager.java:run(921)) - Replication Monitor Thread is stopped
2023-08-29 18:54:04,806 [IPC Server Responder] INFO  ipc.Server (Server.java:run(1567)) - Stopping IPC Server Responder
2023-08-29 18:54:04,807 [IPC Server listener on 15002] INFO  ipc.Server (Server.java:run(1434)) - Stopping IPC Server listener on 15002
2023-08-29 18:54:04,877 [SCM Heartbeat Processing Thread - 0] WARN  node.NodeStateManager (NodeStateManager.java:scheduleNextHealthCheck(874)) - Current Thread is interrupted, shutting down HB processing thread for Node Manager.
2023-08-29 18:54:04,877 [main] INFO  server.StorageContainerManager (StorageContainerManager.java:stop(1615)) - Stopping block service RPC server
2023-08-29 18:54:04,877 [main] INFO  server.SCMBlockProtocolServer (SCMBlockProtocolServer.java:stop(161)) - Stopping the RPC server for Block Protocol
2023-08-29 18:54:04,878 [main] INFO  ipc.Server (Server.java:stop(3523)) - Stopping server on 15001
2023-08-29 18:54:04,879 [IPC Server listener on 15001] INFO  ipc.Server (Server.java:run(1434)) - Stopping IPC Server listener on 15001
2023-08-29 18:54:04,880 [IPC Server Responder] INFO  ipc.Server (Server.java:run(1567)) - Stopping IPC Server Responder
2023-08-29 18:54:04,880 [main] INFO  server.StorageContainerManager (StorageContainerManager.java:stop(1622)) - Stopping the StorageContainerLocationProtocol RPC server
2023-08-29 18:54:04,880 [main] INFO  server.SCMClientProtocolServer (SCMClientProtocolServer.java:stop(210)) - Stopping the RPC server for Client Protocol
2023-08-29 18:54:04,880 [main] INFO  ipc.Server (Server.java:stop(3523)) - Stopping server on 15000
2023-08-29 18:54:04,882 [IPC Server listener on 15000] INFO  ipc.Server (Server.java:run(1434)) - Stopping IPC Server listener on 15000
2023-08-29 18:54:04,882 [IPC Server Responder] INFO  ipc.Server (Server.java:run(1567)) - Stopping IPC Server Responder
2023-08-29 18:54:04,883 [main] INFO  server.StorageContainerManager (StorageContainerManager.java:stop(1629)) - Stopping Storage Container Manager HTTP server.
2023-08-29 18:54:04,883 [main] INFO  handler.ContextHandler (ContextHandler.java:doStop(1159)) - Stopped o.e.j.w.WebAppContext@7413c41{scm,/,null,STOPPED}{file:/home/runner/work/ozone/ozone/hadoop-ozone/integration-test/target/test-classes/webapps/scm}
2023-08-29 18:54:04,884 [main] INFO  server.AbstractConnector (AbstractConnector.java:doStop(383)) - Stopped ServerConnector@2620264e{HTTP/1.1, (http/1.1)}{0.0.0.0:15003}
2023-08-29 18:54:04,884 [main] INFO  server.session (HouseKeeper.java:stopScavenging(149)) - node0 Stopped scavenging
2023-08-29 18:54:04,884 [main] INFO  handler.ContextHandler (ContextHandler.java:doStop(1159)) - Stopped o.e.j.s.ServletContextHandler@20f94e9a{static,/static,file:///home/runner/work/ozone/ozone/hadoop-ozone/integration-test/target/test-classes/webapps/static,STOPPED}
2023-08-29 18:54:04,884 [main] INFO  handler.ContextHandler (ContextHandler.java:doStop(1159)) - Stopped o.e.j.s.ServletContextHandler@17a756db{logs,/logs,file:///home/runner/work/ozone/ozone/hadoop-ozone/integration-test/target/log,STOPPED}
2023-08-29 18:54:04,885 [main] INFO  server.StorageContainerManager (StorageContainerManager.java:stop(1637)) - Stopping SCM LayoutVersionManager Service.
2023-08-29 18:54:04,885 [main] INFO  server.StorageContainerManager (StorageContainerManager.java:stop(1649)) - Stopping Block Manager Service.
2023-08-29 18:54:04,885 [main] INFO  utils.BackgroundService (BackgroundService.java:shutdown(141)) - Shutting down service SCMBlockDeletingService
2023-08-29 18:54:04,885 [main] INFO  utils.BackgroundService (BackgroundService.java:shutdown(141)) - Shutting down service SCMBlockDeletingService
2023-08-29 18:54:04,886 [main] INFO  server.StorageContainerManager (StorageContainerManager.java:stop(1669)) - Stopping SCM Event Queue.
2023-08-29 18:54:04,888 [JvmPauseMonitor0] INFO  util.JvmPauseMonitor (JvmPauseMonitor.java:run(109)) - JvmPauseMonitor-74252084-3c3a-4242-92b6-0450ba989c09: Stopped
2023-08-29 18:54:04,888 [main] INFO  server.StorageContainerManager (StorageContainerManager.java:stop(1680)) - Stopping SCM HA services.
2023-08-29 18:54:04,888 [main] INFO  pipeline.BackgroundPipelineCreator (BackgroundPipelineCreator.java:stop(149)) - Stopping RatisPipelineUtilsThread.
2023-08-29 18:54:04,889 [RatisPipelineUtilsThread - 0] WARN  pipeline.BackgroundPipelineCreator (BackgroundPipelineCreator.java:run(180)) - RatisPipelineUtilsThread is interrupted.
2023-08-29 18:54:04,889 [BackgroundPipelineScrubberThread] WARN  BackgroundPipelineScrubber (BackgroundSCMService.java:run(115)) - BackgroundPipelineScrubber is interrupted, exit
2023-08-29 18:54:04,889 [main] INFO  BackgroundPipelineScrubber (BackgroundSCMService.java:stop(131)) - Stopping BackgroundPipelineScrubber Service.
2023-08-29 18:54:04,890 [main] INFO  impl.MetricsSystemImpl (MetricsSystemImpl.java:stop(210)) - Stopping XceiverClientMetrics metrics system...
2023-08-29 18:54:04,891 [prometheus] INFO  impl.MetricsSinkAdapter (MetricsSinkAdapter.java:publishMetricsFromQueue(141)) - prometheus thread interrupted.
2023-08-29 18:54:04,891 [main] INFO  impl.MetricsSystemImpl (MetricsSystemImpl.java:stop(216)) - XceiverClientMetrics metrics system stopped.
2023-08-29 18:54:04,892 [main] WARN  pipeline.BackgroundPipelineCreator (BackgroundPipelineCreator.java:stop(145)) - RatisPipelineUtilsThread is not running, just ignore.
2023-08-29 18:54:04,892 [main] INFO  BackgroundPipelineScrubber (BackgroundSCMService.java:stop(126)) - BackgroundPipelineScrubber Service is not running, skip stop.
2023-08-29 18:54:04,892 [ExpiredContainerReplicaOpScrubberThread] WARN  ExpiredContainerReplicaOpScrubber (BackgroundSCMService.java:run(115)) - ExpiredContainerReplicaOpScrubber is interrupted, exit
2023-08-29 18:54:04,892 [main] INFO  ExpiredContainerReplicaOpScrubber (BackgroundSCMService.java:stop(131)) - Stopping ExpiredContainerReplicaOpScrubber Service.
2023-08-29 18:54:04,892 [main] INFO  utils.BackgroundService (BackgroundService.java:shutdown(141)) - Shutting down service SCMBlockDeletingService
2023-08-29 18:54:04,892 [main] INFO  replication.ReplicationManager (ReplicationManager.java:stop(333)) - Replication Monitor Thread is not running.
2023-08-29 18:54:04,892 [main] WARN  balancer.ContainerBalancer (ContainerBalancer.java:stop(326)) - Cannot stop Container Balancer because it's not running or stopping
2023-08-29 18:54:04,893 [Lease Manager-LeaseManager#LeaseMonitor] WARN  lease.LeaseManager (LeaseManager.java:run(272)) - Lease manager is interrupted. Shutting down...
java.lang.InterruptedException
	at java.util.concurrent.locks.AbstractQueuedSynchronizer.doAcquireSharedNanos(AbstractQueuedSynchronizer.java:1039)
	at java.util.concurrent.locks.AbstractQueuedSynchronizer.tryAcquireSharedNanos(AbstractQueuedSynchronizer.java:1328)
	at java.util.concurrent.Semaphore.tryAcquire(Semaphore.java:409)
	at org.apache.hadoop.ozone.lease.LeaseManager$LeaseMonitor.run(LeaseManager.java:270)
	at java.lang.Thread.run(Thread.java:750)
2023-08-29 18:54:04,893 [main] INFO  server.StorageContainerManager (StorageContainerManager.java:stop(1715)) - Stopping SCM MetadataStore.
2023-08-29 18:54:04,964 [main] WARN  server.ServerUtils (ServerUtils.java:getScmDbDir(155)) - ozone.scm.db.dirs is not configured. We recommend adding this setting. Falling back to ozone.metadata.dirs instead.
2023-08-29 18:54:04,968 [main] WARN  server.ServerUtils (ServerUtils.java:getScmDbDir(155)) - ozone.scm.db.dirs is not configured. We recommend adding this setting. Falling back to ozone.metadata.dirs instead.
2023-08-29 18:54:04,969 [main] INFO  ha.SCMHANodeDetails (SCMHANodeDetails.java:loadSCMHAConfig(210)) - ServiceID for StorageContainerManager is null
2023-08-29 18:54:04,969 [main] INFO  ha.SCMHANodeDetails (SCMHANodeDetails.java:loadSCMHAConfig(215)) - ozone.scm.default.service.id is not defined, falling back to ozone.scm.service.ids to find serviceID for StorageContainerManager if it is HA enabled cluster
2023-08-29 18:54:04,969 [main] WARN  utils.HAUtils (HAUtils.java:getMetaDir(339)) - ozone.scm.db.dirs is not configured. We recommend adding this setting. Falling back to ozone.metadata.dirs instead.
2023-08-29 18:54:04,970 [main] WARN  db.DBStoreBuilder (DBStoreBuilder.java:applyDBDefinition(166)) - ozone.scm.db.dirs is not configured. We recommend adding this setting. Falling back to ozone.metadata.dirs instead.
2023-08-29 18:54:05,067 [main] INFO  net.NodeSchemaLoader (NodeSchemaLoader.java:loadSchemaFromFile(129)) - Loading schema from [jar:file:/home/runner/.m2/repository/org/apache/ozone/hdds-common/1.4.0-SNAPSHOT/hdds-common-1.4.0-SNAPSHOT.jar!/network-topology-default.xml]
2023-08-29 18:54:05,068 [main] INFO  net.NodeSchemaLoader (NodeSchemaLoader.java:loadSchema(176)) - Loading network topology layer schema file
2023-08-29 18:54:05,070 [main] INFO  upgrade.AbstractLayoutVersionManager (AbstractLayoutVersionManager.java:init(83)) - Initializing Layout version manager with metadata layout = HADOOP_PRC_PORTS_IN_DATANODEDETAILS (version = 7), software layout = HADOOP_PRC_PORTS_IN_DATANODEDETAILS (version = 7)
2023-08-29 18:54:05,072 [main] INFO  ha.SequenceIdGenerator (SequenceIdGenerator.java:upgradeToSequenceId(365)) - upgrade localId to 111677748019200000
2023-08-29 18:54:05,072 [main] INFO  ha.SequenceIdGenerator (SequenceIdGenerator.java:upgradeToSequenceId(375)) - upgrade delTxnId to 0
2023-08-29 18:54:05,073 [main] INFO  ha.SequenceIdGenerator (SequenceIdGenerator.java:upgradeToSequenceId(392)) - upgrade containerId to 0
2023-08-29 18:54:05,074 [main] INFO  ha.SequenceIdGenerator (SequenceIdGenerator.java:upgradeToSequenceId(428)) - upgrade rootCertificateId to 1
2023-08-29 18:54:05,074 [main] INFO  ha.SequenceIdGenerator (SequenceIdGenerator.java:<init>(236)) - Init the HA SequenceIdGenerator.
2023-08-29 18:54:05,074 [main] WARN  server.ServerUtils (ServerUtils.java:sanitizeUserArgs(80)) - ozone.scm.stale.node.interval value = 300000 is larger than max = 100000 based on the key value of ozone.scm.heartbeat.thread.interval, reset to the max value 100000.
2023-08-29 18:54:05,074 [main] WARN  server.ServerUtils (ServerUtils.java:sanitizeUserArgs(80)) - ozone.scm.stale.node.interval value = 300000 is larger than max = 100000 based on the key value of ozone.scm.heartbeat.thread.interval, reset to the max value 100000.
2023-08-29 18:54:05,074 [main] INFO  node.SCMNodeManager (SCMNodeManager.java:<init>(157)) - Entering startup safe mode.
2023-08-29 18:54:05,075 [main] INFO  algorithms.ContainerPlacementPolicyFactory (ContainerPlacementPolicyFactory.java:getPolicyInternal(86)) - Create container placement policy of type org.apache.hadoop.hdds.scm.container.placement.algorithms.SCMContainerPlacementRackAware
2023-08-29 18:54:05,075 [main] INFO  algorithms.ContainerPlacementPolicyFactory (ContainerPlacementPolicyFactory.java:getPolicyInternal(86)) - Create container placement policy of type org.apache.hadoop.hdds.scm.container.placement.algorithms.SCMContainerPlacementRackScatter
2023-08-29 18:54:05,075 [main] INFO  pipeline.PipelineStateManagerImpl (PipelineStateManagerImpl.java:initialize(78)) - No pipeline exists in current db
2023-08-29 18:54:05,075 [main] INFO  algorithms.LeaderChoosePolicyFactory (LeaderChoosePolicyFactory.java:getPolicy(57)) - Create leader choose policy of type org.apache.hadoop.hdds.scm.pipeline.leader.choose.algorithms.MinLeaderCountChoosePolicy
2023-08-29 18:54:05,075 [main] INFO  algorithms.ContainerPlacementPolicyFactory (ContainerPlacementPolicyFactory.java:getPolicyInternal(86)) - Create container placement policy of type org.apache.hadoop.hdds.scm.container.placement.algorithms.SCMContainerPlacementRackScatter
2023-08-29 18:54:05,076 [main] INFO  ha.SCMServiceManager (SCMServiceManager.java:register(42)) - Registering service BackgroundPipelineCreator.
2023-08-29 18:54:05,076 [main] INFO  pipeline.BackgroundPipelineCreator (BackgroundPipelineCreator.java:start(124)) - Starting RatisPipelineUtilsThread.
2023-08-29 18:54:05,076 [main] INFO  BackgroundPipelineScrubber (BackgroundSCMService.java:start(68)) - Starting BackgroundPipelineScrubber Service.
2023-08-29 18:54:05,076 [main] INFO  ha.SCMServiceManager (SCMServiceManager.java:register(42)) - Registering service BackgroundPipelineScrubber.
2023-08-29 18:54:05,076 [main] INFO  ExpiredContainerReplicaOpScrubber (BackgroundSCMService.java:start(68)) - Starting ExpiredContainerReplicaOpScrubber Service.
2023-08-29 18:54:05,077 [main] INFO  ha.SCMServiceManager (SCMServiceManager.java:register(42)) - Registering service ExpiredContainerReplicaOpScrubber.
2023-08-29 18:54:05,077 [main] INFO  algorithms.PipelineChoosePolicyFactory (PipelineChoosePolicyFactory.java:createPipelineChoosePolicyFromClass(78)) - Create pipeline choose policy of type org.apache.hadoop.hdds.scm.pipeline.choose.algorithms.RandomPipelineChoosePolicy
2023-08-29 18:54:05,078 [main] INFO  algorithms.PipelineChoosePolicyFactory (PipelineChoosePolicyFactory.java:createPipelineChoosePolicyFromClass(78)) - Create pipeline choose policy of type org.apache.hadoop.hdds.scm.pipeline.choose.algorithms.RandomPipelineChoosePolicy
2023-08-29 18:54:05,078 [main] INFO  ha.SCMServiceManager (SCMServiceManager.java:register(42)) - Registering service SCMBlockDeletingService.
2023-08-29 18:54:05,081 [main] INFO  replication.ReplicationManager (ReplicationManager.java:start(291)) - Starting Replication Monitor Thread.
2023-08-29 18:54:05,082 [main] INFO  ha.SCMServiceManager (SCMServiceManager.java:register(42)) - Registering service ReplicationManager.
2023-08-29 18:54:05,083 [main] INFO  safemode.ContainerSafeModeRule (ContainerSafeModeRule.java:<init>(90)) - containers with one replica threshold count 0
2023-08-29 18:54:05,083 [main] INFO  safemode.HealthyPipelineSafeModeRule (HealthyPipelineSafeModeRule.java:initializeRule(169)) - Total pipeline count is 0, healthy pipeline threshold count is 1
2023-08-29 18:54:05,083 [main] INFO  safemode.OneReplicaPipelineSafeModeRule (OneReplicaPipelineSafeModeRule.java:initializeRule(180)) - Total pipeline count is 0, pipeline's with at least one datanode reported threshold count is 0
2023-08-29 18:54:05,084 [main] INFO  server.StorageContainerManager (StorageContainerManager.java:<init>(425)) - SCM start with adminUsers: [runner]
2023-08-29 18:54:05,084 [main] INFO  ipc.CallQueueManager (CallQueueManager.java:<init>(90)) - Using callQueue: class java.util.concurrent.LinkedBlockingQueue, queueCapacity: 2000, scheduler: class org.apache.hadoop.ipc.DefaultRpcScheduler, ipcBackoff: false.
2023-08-29 18:54:05,085 [main] INFO  ipc.Server (Server.java:<init>(1287)) - Listener at 0.0.0.0:15055
2023-08-29 18:54:05,098 [ReplicationMonitor] INFO  replication.ReplicationManager (ReplicationManager.java:processAll(365)) - Replication Manager is not ready to run until 3000ms after safemode exit
2023-08-29 18:54:05,098 [Socket Reader #1 for port 15055] INFO  ipc.Server (Server.java:run(1323)) - Starting Socket Reader #1 for port 15055
2023-08-29 18:54:05,100 [main] INFO  ipc.CallQueueManager (CallQueueManager.java:<init>(90)) - Using callQueue: class java.util.concurrent.LinkedBlockingQueue, queueCapacity: 2000, scheduler: class org.apache.hadoop.ipc.DefaultRpcScheduler, ipcBackoff: false.
2023-08-29 18:54:05,100 [main] INFO  ipc.Server (Server.java:<init>(1287)) - Listener at 0.0.0.0:15054
2023-08-29 18:54:05,100 [Socket Reader #1 for port 15054] INFO  ipc.Server (Server.java:run(1323)) - Starting Socket Reader #1 for port 15054
2023-08-29 18:54:05,101 [main] INFO  ipc.CallQueueManager (CallQueueManager.java:<init>(90)) - Using callQueue: class java.util.concurrent.LinkedBlockingQueue, queueCapacity: 2000, scheduler: class org.apache.hadoop.ipc.DefaultRpcScheduler, ipcBackoff: false.
2023-08-29 18:54:05,101 [main] INFO  ipc.Server (Server.java:<init>(1287)) - Listener at 0.0.0.0:15053
2023-08-29 18:54:05,102 [Socket Reader #1 for port 15053] INFO  ipc.Server (Server.java:run(1323)) - Starting Socket Reader #1 for port 15053
2023-08-29 18:54:05,110 [main] INFO  ha.SCMServiceManager (SCMServiceManager.java:register(42)) - Registering service ContainerBalancer.
2023-08-29 18:54:05,110 [main] INFO  server.StorageContainerManager (StorageContainerManager.java:<init>(438)) - 
Container Balancer status:
Key                            Value
Running                        false
Container Balancer Configuration values:
Key                                                Value
Threshold                                          10
Max Datanodes to Involve per Iteration(percent)    20
Max Size to Move per Iteration                     500GB
Max Size Entering Target per Iteration             26GB
Max Size Leaving Source per Iteration              26GB

2023-08-29 18:54:05,110 [main] INFO  ha.SCMContext (SCMContext.java:updateSafeModeStatus(228)) - Update SafeModeStatus from SafeModeStatus{safeModeStatus=true, preCheckPassed=false} to SafeModeStatus{safeModeStatus=true, preCheckPassed=false}.
2023-08-29 18:54:05,110 [main] INFO  server.StorageContainerManager (StorageContainerManager.java:start(1483)) - StorageContainerLocationProtocol RPC server is listening at /0.0.0.0:15053
2023-08-29 18:54:05,112 [main] WARN  impl.MetricsConfig (MetricsConfig.java:loadFirst(136)) - Cannot locate configuration: tried hadoop-metrics2-storagecontainermanager.properties,hadoop-metrics2.properties
2023-08-29 18:54:05,115 [main] INFO  impl.MetricsSystemImpl (MetricsSystemImpl.java:startTimer(378)) - Scheduled Metric snapshot period at 10 second(s).
2023-08-29 18:54:05,115 [main] INFO  impl.MetricsSystemImpl (MetricsSystemImpl.java:start(191)) - StorageContainerManager metrics system started
2023-08-29 18:54:05,140 [main] INFO  impl.MetricsSinkAdapter (MetricsSinkAdapter.java:start(204)) - Sink prometheus started
2023-08-29 18:54:05,146 [main] INFO  impl.MetricsSystemImpl (MetricsSystemImpl.java:registerSink(305)) - Registered sink prometheus
2023-08-29 18:54:05,162 [main] INFO  server.SCMClientProtocolServer (SCMClientProtocolServer.java:start(201)) - RPC server for Client  is listening at /0.0.0.0:15053
2023-08-29 18:54:05,163 [IPC Server Responder] INFO  ipc.Server (Server.java:run(1562)) - IPC Server Responder: starting
2023-08-29 18:54:05,164 [IPC Server listener on 15053] INFO  ipc.Server (Server.java:run(1402)) - IPC Server listener on 15053: starting
2023-08-29 18:54:05,172 [main] INFO  server.StorageContainerManager (StorageContainerManager.java:start(1496)) - ScmBlockLocationProtocol RPC server is listening at /0.0.0.0:15054
2023-08-29 18:54:05,173 [main] INFO  server.SCMBlockProtocolServer (SCMBlockProtocolServer.java:start(152)) - RPC server for Block Protocol is listening at /0.0.0.0:15054
2023-08-29 18:54:05,173 [IPC Server Responder] INFO  ipc.Server (Server.java:run(1562)) - IPC Server Responder: starting
2023-08-29 18:54:05,173 [IPC Server listener on 15054] INFO  ipc.Server (Server.java:run(1402)) - IPC Server listener on 15054: starting
2023-08-29 18:54:05,176 [main] INFO  server.SCMDatanodeProtocolServer (SCMDatanodeProtocolServer.java:start(193)) - ScmDatanodeProtocol RPC server for DataNodes is listening at /0.0.0.0:15055
2023-08-29 18:54:05,176 [IPC Server Responder] INFO  ipc.Server (Server.java:run(1562)) - IPC Server Responder: starting
2023-08-29 18:54:05,177 [IPC Server listener on 15055] INFO  ipc.Server (Server.java:run(1402)) - IPC Server listener on 15055: starting
2023-08-29 18:54:05,189 [JvmPauseMonitor7] INFO  util.JvmPauseMonitor (JvmPauseMonitor.java:run(103)) - JvmPauseMonitor-31a74210-bbf6-4af6-8234-2695b25dd456: Started
2023-08-29 18:54:05,192 [main] INFO  http.BaseHttpServer (BaseHttpServer.java:newHttpServer2BuilderForOzone(223)) - Starting Web-server for scm at: http://0.0.0.0:15056
2023-08-29 18:54:05,192 [main] INFO  http.BaseHttpServer (BaseHttpServer.java:<init>(110)) - Hadoop Security Enabled: false Ozone Security Enabled: false Ozone HTTP Security Enabled: false 
2023-08-29 18:54:05,193 [main] WARN  server.AuthenticationFilter (AuthenticationFilter.java:constructSecretProvider(240)) - Unable to initialize FileSignerSecretProvider, falling back to use random secrets. Reason: Could not read signature secret file: /home/runner/hadoop-http-auth-signature-secret
2023-08-29 18:54:05,194 [main] INFO  http.HttpRequestLog (HttpRequestLog.java:getRequestLog(86)) - Http request log for http.requests.scm is not defined
2023-08-29 18:54:05,195 [main] INFO  http.HttpServer2 (HttpServer2.java:addGlobalFilter(1031)) - Added global filter 'safety' (class=org.apache.hadoop.hdds.server.http.HttpServer2$QuotingInputFilter)
2023-08-29 18:54:05,196 [main] INFO  http.HttpServer2 (HttpServer2.java:addFilter(1007)) - Added filter static_user_filter (class=org.apache.hadoop.http.lib.StaticUserWebFilter$StaticUserFilter) to context scm
2023-08-29 18:54:05,196 [main] INFO  http.HttpServer2 (HttpServer2.java:addFilter(1015)) - Added filter static_user_filter (class=org.apache.hadoop.http.lib.StaticUserWebFilter$StaticUserFilter) to context logs
2023-08-29 18:54:05,196 [main] INFO  http.HttpServer2 (HttpServer2.java:addFilter(1015)) - Added filter static_user_filter (class=org.apache.hadoop.http.lib.StaticUserWebFilter$StaticUserFilter) to context static
2023-08-29 18:54:05,197 [main] INFO  http.BaseHttpServer (BaseHttpServer.java:<init>(189)) - HTTP server of scm uses base directory /home/runner/work/ozone/ozone/hadoop-ozone/integration-test/target/test-dir/MiniOzoneClusterImpl-05f3a914-8c49-4f9f-9f2f-4b041a8937a3/ozone-meta/webserver
2023-08-29 18:54:05,197 [main] INFO  http.HttpServer2 (HttpServer2.java:bindListener(1231)) - Jetty bound to port 15056
2023-08-29 18:54:05,197 [main] INFO  server.Server (Server.java:doStart(375)) - jetty-9.4.51.v20230217; built: 2023-02-17T08:19:37.309Z; git: b45c405e4544384de066f814ed42ae3dceacdd49; jvm 1.8.0_382-b05
2023-08-29 18:54:05,211 [main] INFO  server.session (DefaultSessionIdManager.java:doStart(334)) - DefaultSessionIdManager workerName=node0
2023-08-29 18:54:05,212 [main] INFO  server.session (DefaultSessionIdManager.java:doStart(339)) - No SessionScavenger set, using defaults
2023-08-29 18:54:05,212 [main] INFO  server.session (HouseKeeper.java:startScavenging(132)) - node0 Scavenging every 660000ms
2023-08-29 18:54:05,213 [main] INFO  handler.ContextHandler (ContextHandler.java:doStart(921)) - Started o.e.j.s.ServletContextHandler@37e69b7e{logs,/logs,file:///home/runner/work/ozone/ozone/hadoop-ozone/integration-test/target/log,AVAILABLE}
2023-08-29 18:54:05,213 [main] INFO  handler.ContextHandler (ContextHandler.java:doStart(921)) - Started o.e.j.s.ServletContextHandler@1197d3fb{static,/static,file:///home/runner/work/ozone/ozone/hadoop-ozone/integration-test/target/test-classes/webapps/static,AVAILABLE}
2023-08-29 18:54:05,216 [main] INFO  handler.ContextHandler (ContextHandler.java:doStart(921)) - Started o.e.j.w.WebAppContext@75472842{scm,/,file:///home/runner/work/ozone/ozone/hadoop-ozone/integration-test/target/test-classes/webapps/scm/,AVAILABLE}{file:/home/runner/work/ozone/ozone/hadoop-ozone/integration-test/target/test-classes/webapps/scm}
2023-08-29 18:54:05,224 [main] INFO  server.AbstractConnector (AbstractConnector.java:doStart(333)) - Started ServerConnector@33521792{HTTP/1.1, (http/1.1)}{0.0.0.0:15056}
2023-08-29 18:54:05,224 [main] INFO  server.Server (Server.java:doStart(415)) - Started @89781ms
2023-08-29 18:54:05,225 [main] WARN  impl.MetricsSystemImpl (MetricsSystemImpl.java:register(279)) - Sink prometheus already exists!
2023-08-29 18:54:05,225 [main] INFO  http.BaseHttpServer (BaseHttpServer.java:updateConnectorAddress(354)) - HTTP server of scm listening at http://0.0.0.0:15056
2023-08-29 18:54:05,225 [main] WARN  server.ServerUtils (ServerUtils.java:getDBPath(311)) - ozone.om.db.dirs is not configured. We recommend adding this setting. Falling back to ozone.metadata.dirs instead.
2023-08-29 18:54:05,228 [main] INFO  ha.OMHANodeDetails (OMHANodeDetails.java:loadOMHAConfig(115)) - ozone.om.internal.service.id is not defined, falling back to ozone.om.service.ids to find serviceID for OzoneManager if it is HA enabled cluster
2023-08-29 18:54:05,228 [main] INFO  ha.OMHANodeDetails (OMHANodeDetails.java:loadOMHAConfig(226)) - Configuration does not have ozone.om.address set. Falling back to the default OM address /127.0.0.1:15057
2023-08-29 18:54:05,228 [main] INFO  ha.OMHANodeDetails (OMHANodeDetails.java:getOMNodeDetailsForNonHA(254)) - OM Service ID is not set. Setting it to the default ID: omServiceIdDefault
2023-08-29 18:54:05,228 [main] INFO  ha.OMHANodeDetails (OMHANodeDetails.java:getOMNodeDetailsForNonHA(261)) - OM Node ID is not set. Setting it to the default ID: om1
2023-08-29 18:54:05,228 [main] WARN  server.ServerUtils (ServerUtils.java:getDBPath(311)) - ozone.om.db.dirs is not configured. We recommend adding this setting. Falling back to ozone.metadata.dirs instead.
2023-08-29 18:54:05,229 [main] INFO  upgrade.AbstractLayoutVersionManager (AbstractLayoutVersionManager.java:init(83)) - Initializing Layout version manager with metadata layout = QUOTA (version = 6), software layout = QUOTA (version = 6)
2023-08-29 18:54:05,458 [main] INFO  reflections.Reflections (Reflections.java:scan(232)) - Reflections took 228 ms to scan 2 urls, producing 188 keys and 512 values [using 2 cores]
2023-08-29 18:54:05,458 [main] INFO  upgrade.OMLayoutVersionManager (OMLayoutVersionManager.java:lambda$0(115)) - Skipping Upgrade Action QuotaRepairUpgradeAction since it has been finalized.
2023-08-29 18:54:05,458 [main] INFO  upgrade.OMLayoutVersionManager (OMLayoutVersionManager.java:lambda$0(115)) - Skipping Upgrade Action MockOmUpgradeAction since it has been finalized.
2023-08-29 18:54:05,458 [main] WARN  server.ServerUtils (ServerUtils.java:getDBPath(311)) - ozone.om.db.dirs is not configured. We recommend adding this setting. Falling back to ozone.metadata.dirs instead.
2023-08-29 18:54:05,459 [main] INFO  proxy.SCMBlockLocationFailoverProxyProvider (SCMBlockLocationFailoverProxyProvider.java:<init>(114)) - Created block location fail-over proxy with 1 nodes: [nodeId=scmNodeId,nodeAddress=/0.0.0.0:15054]
2023-08-29 18:54:05,461 [main] INFO  proxy.SCMBlockLocationFailoverProxyProvider (SCMBlockLocationFailoverProxyProvider.java:<init>(114)) - Created block location fail-over proxy with 1 nodes: [nodeId=scmNodeId,nodeAddress=/0.0.0.0:15054]
2023-08-29 18:54:05,469 [main] INFO  om.OzoneManager (OzoneManager.java:<init>(665)) - OM start with adminUsers: [runner]
2023-08-29 18:54:05,469 [main] WARN  server.ServerUtils (ServerUtils.java:getDBPath(311)) - ozone.om.db.dirs is not configured. We recommend adding this setting. Falling back to ozone.metadata.dirs instead.
2023-08-29 18:54:05,470 [main] INFO  helpers.OmKeyInfo (OmKeyInfo.java:getCodec(71)) - OmKeyInfo.getCodec ignorePipeline = true
2023-08-29 18:54:05,641 [main] INFO  om.OzoneManager (OzoneManager.java:instantiateServices(794)) - S3 Multi-Tenancy is disabled
2023-08-29 18:54:05,642 [main] INFO  om.OmSnapshotManager (OmSnapshotManager.java:<init>(175)) - Ozone filesystem snapshot feature is enabled.
2023-08-29 18:54:05,642 [main] WARN  server.ServerUtils (ServerUtils.java:getDBPath(311)) - ozone.om.snapshot.diff.db.dir is not configured. We recommend adding this setting. Falling back to ozone.metadata.dirs instead.
2023-08-29 18:54:05,660 [main] INFO  snapshot.SnapshotDiffManager (SnapshotDiffManager.java:closeExecutorService(1720)) - Shutting down executorService: 'SstDumpToolExecutor'
2023-08-29 18:54:05,662 [main] INFO  om.OzoneManager (OzoneManager.java:addS3GVolumeToDB(4301)) - Created Volume s3v With Owner runner required for S3Gateway operations.
2023-08-29 18:54:05,662 [main] INFO  om.OzoneManager (OzoneManager.java:getRpcServer(1196)) - Creating RPC Server
2023-08-29 18:54:06,123 [main] INFO  reflections.Reflections (Reflections.java:scan(232)) - Reflections took 460 ms to scan 19 urls, producing 70 keys and 5672 values [using 2 cores]
2023-08-29 18:54:06,125 [main] INFO  ipc.CallQueueManager (CallQueueManager.java:<init>(90)) - Using callQueue: class java.util.concurrent.LinkedBlockingQueue, queueCapacity: 2000, scheduler: class org.apache.hadoop.ipc.DefaultRpcScheduler, ipcBackoff: false.
2023-08-29 18:54:06,125 [main] INFO  ipc.Server (Server.java:<init>(1287)) - Listener at 127.0.0.1:15057
2023-08-29 18:54:06,126 [Socket Reader #1 for port 15057] INFO  ipc.Server (Server.java:run(1323)) - Starting Socket Reader #1 for port 15057
2023-08-29 18:54:06,147 [main] INFO  impl.MetricsSystemImpl (MetricsSystemImpl.java:init(158)) - OzoneManager metrics system started (again)
2023-08-29 18:54:06,160 [main] INFO  om.OzoneManager (OzoneManager.java:start(1630)) - OzoneManager RPC server is listening at localhost/127.0.0.1:15057
2023-08-29 18:54:06,162 [main] INFO  om.OzoneManager (OzoneManager.java:start(1646)) - Version File has different layout version (6) than OM DB (null). That is expected if this OM has never been finalized to a newer layout version.
2023-08-29 18:54:06,174 [main] INFO  http.BaseHttpServer (BaseHttpServer.java:newHttpServer2BuilderForOzone(223)) - Starting Web-server for ozoneManager at: http://0.0.0.0:15058
2023-08-29 18:54:06,174 [main] INFO  http.BaseHttpServer (BaseHttpServer.java:<init>(110)) - Hadoop Security Enabled: false Ozone Security Enabled: false Ozone HTTP Security Enabled: false 
2023-08-29 18:54:06,175 [main] WARN  server.AuthenticationFilter (AuthenticationFilter.java:constructSecretProvider(240)) - Unable to initialize FileSignerSecretProvider, falling back to use random secrets. Reason: Could not read signature secret file: /home/runner/hadoop-http-auth-signature-secret
2023-08-29 18:54:06,176 [main] INFO  http.HttpRequestLog (HttpRequestLog.java:getRequestLog(86)) - Http request log for http.requests.ozoneManager is not defined
2023-08-29 18:54:06,177 [main] INFO  http.HttpServer2 (HttpServer2.java:addGlobalFilter(1031)) - Added global filter 'safety' (class=org.apache.hadoop.hdds.server.http.HttpServer2$QuotingInputFilter)
2023-08-29 18:54:06,178 [main] INFO  http.HttpServer2 (HttpServer2.java:addFilter(1007)) - Added filter static_user_filter (class=org.apache.hadoop.http.lib.StaticUserWebFilter$StaticUserFilter) to context ozoneManager
2023-08-29 18:54:06,178 [main] INFO  http.HttpServer2 (HttpServer2.java:addFilter(1015)) - Added filter static_user_filter (class=org.apache.hadoop.http.lib.StaticUserWebFilter$StaticUserFilter) to context static
2023-08-29 18:54:06,178 [main] INFO  http.HttpServer2 (HttpServer2.java:addFilter(1015)) - Added filter static_user_filter (class=org.apache.hadoop.http.lib.StaticUserWebFilter$StaticUserFilter) to context logs
2023-08-29 18:54:06,178 [main] INFO  http.BaseHttpServer (BaseHttpServer.java:<init>(189)) - HTTP server of ozoneManager uses base directory /home/runner/work/ozone/ozone/hadoop-ozone/integration-test/target/test-dir/MiniOzoneClusterImpl-05f3a914-8c49-4f9f-9f2f-4b041a8937a3/ozone-meta/webserver
2023-08-29 18:54:06,179 [main] INFO  http.HttpServer2 (HttpServer2.java:bindListener(1231)) - Jetty bound to port 15058
2023-08-29 18:54:06,179 [main] INFO  server.Server (Server.java:doStart(375)) - jetty-9.4.51.v20230217; built: 2023-02-17T08:19:37.309Z; git: b45c405e4544384de066f814ed42ae3dceacdd49; jvm 1.8.0_382-b05
2023-08-29 18:54:06,185 [main] INFO  server.session (DefaultSessionIdManager.java:doStart(334)) - DefaultSessionIdManager workerName=node0
2023-08-29 18:54:06,185 [main] INFO  server.session (DefaultSessionIdManager.java:doStart(339)) - No SessionScavenger set, using defaults
2023-08-29 18:54:06,185 [main] INFO  server.session (HouseKeeper.java:startScavenging(132)) - node0 Scavenging every 600000ms
2023-08-29 18:54:06,186 [main] INFO  handler.ContextHandler (ContextHandler.java:doStart(921)) - Started o.e.j.s.ServletContextHandler@75644d58{logs,/logs,file:///home/runner/work/ozone/ozone/hadoop-ozone/integration-test/target/log,AVAILABLE}
2023-08-29 18:54:06,186 [main] INFO  handler.ContextHandler (ContextHandler.java:doStart(921)) - Started o.e.j.s.ServletContextHandler@4f1bbed9{static,/static,file:///home/runner/work/ozone/ozone/hadoop-ozone/integration-test/target/test-classes/webapps/static,AVAILABLE}
2023-08-29 18:54:06,190 [main] INFO  handler.ContextHandler (ContextHandler.java:doStart(921)) - Started o.e.j.w.WebAppContext@45d316ae{ozoneManager,/,file:///home/runner/work/ozone/ozone/hadoop-ozone/integration-test/target/test-classes/webapps/ozoneManager/,AVAILABLE}{file:/home/runner/work/ozone/ozone/hadoop-ozone/integration-test/target/test-classes/webapps/ozoneManager}
2023-08-29 18:54:06,192 [main] INFO  server.AbstractConnector (AbstractConnector.java:doStart(333)) - Started ServerConnector@11cbb187{HTTP/1.1, (http/1.1)}{0.0.0.0:15058}
2023-08-29 18:54:06,192 [main] INFO  server.Server (Server.java:doStart(415)) - Started @90748ms
2023-08-29 18:54:06,192 [main] WARN  impl.MetricsSystemImpl (MetricsSystemImpl.java:register(279)) - Sink prometheus already exists!
2023-08-29 18:54:06,192 [main] INFO  http.BaseHttpServer (BaseHttpServer.java:updateConnectorAddress(354)) - HTTP server of ozoneManager listening at http://0.0.0.0:15058
2023-08-29 18:54:06,193 [IPC Server Responder] INFO  ipc.Server (Server.java:run(1562)) - IPC Server Responder: starting
2023-08-29 18:54:06,193 [IPC Server listener on 15057] INFO  ipc.Server (Server.java:run(1402)) - IPC Server listener on 15057: starting
2023-08-29 18:54:06,195 [main] INFO  om.TrashPolicyOzone (TrashPolicyOzone.java:<init>(277)) - Ozone Manager trash configuration: Deletion interval = 0 minutes, Emptier interval = 0 minutes.
2023-08-29 18:54:06,196 [JvmPauseMonitor8] INFO  util.JvmPauseMonitor (JvmPauseMonitor.java:run(103)) - JvmPauseMonitor-81bad0e7-3961-47bf-93c9-20dd9d521bc4: Started
2023-08-29 18:54:06,208 [main] INFO  impl.MetricsSystemImpl (MetricsSystemImpl.java:init(158)) - HddsDatanode metrics system started (again)
2023-08-29 18:54:06,219 [main] INFO  ozone.HddsDatanodeService (HddsDatanodeService.java:start(237)) - HddsDatanodeService host:fv-az225-157.hxhba2eg53duheooqg2bzplbvd.bx.internal.cloudapp.net ip:10.1.0.239
2023-08-29 18:54:06,238 [main] INFO  upgrade.AbstractLayoutVersionManager (AbstractLayoutVersionManager.java:init(83)) - Initializing Layout version manager with metadata layout = HADOOP_PRC_PORTS_IN_DATANODEDETAILS (version = 7), software layout = HADOOP_PRC_PORTS_IN_DATANODEDETAILS (version = 7)
2023-08-29 18:54:06,238 [main] INFO  statemachine.DatanodeStateMachine (DatanodeStateMachine.java:getEndPointTaskThreadPoolSize(282)) - Datanode State Machine Task Thread Pool size 2
2023-08-29 18:54:06,239 [main] INFO  volume.HddsVolume (HddsVolume.java:<init>(126)) - Creating HddsVolume: /home/runner/work/ozone/ozone/hadoop-ozone/integration-test/target/test-dir/MiniOzoneClusterImpl-05f3a914-8c49-4f9f-9f2f-4b041a8937a3/datanode-0/data-0/containers/hdds of storage type : DISK capacity : 9223372036854775807
2023-08-29 18:54:06,240 [main] INFO  volume.MutableVolumeSet (MutableVolumeSet.java:initializeVolumeSet(173)) - Added Volume : /home/runner/work/ozone/ozone/hadoop-ozone/integration-test/target/test-dir/MiniOzoneClusterImpl-05f3a914-8c49-4f9f-9f2f-4b041a8937a3/datanode-0/data-0/containers/hdds to VolumeSet
2023-08-29 18:54:06,240 [main] INFO  volume.MutableVolumeSet (MutableVolumeSet.java:initializeVolumeSet(173)) - Added Volume : /home/runner/work/ozone/ozone/hadoop-ozone/integration-test/target/test-dir/MiniOzoneClusterImpl-05f3a914-8c49-4f9f-9f2f-4b041a8937a3/datanode-0/data/ratis to VolumeSet
2023-08-29 18:54:06,241 [Thread-791] INFO  ozoneimpl.ContainerReader (ContainerReader.java:readVolume(177)) - Finish verifying containers on volume /home/runner/work/ozone/ozone/hadoop-ozone/integration-test/target/test-dir/MiniOzoneClusterImpl-05f3a914-8c49-4f9f-9f2f-4b041a8937a3/datanode-0/data-0/containers/hdds
2023-08-29 18:54:06,241 [main] INFO  ozoneimpl.OzoneContainer (OzoneContainer.java:buildContainerSet(314)) - Build ContainerSet costs 0s
2023-08-29 18:54:06,243 [main] INFO  server.RaftServer (ConfUtils.java:logGet(46)) - raft.rpc.type = GRPC (default)
2023-08-29 18:54:06,244 [main] INFO  grpc.GrpcConfigKeys (ConfUtils.java:logFallback(53)) - raft.grpc.admin.host = null (fallback to raft.grpc.server.host)
2023-08-29 18:54:06,244 [main] INFO  grpc.GrpcConfigKeys (ConfUtils.java:logGet(46)) - raft.grpc.admin.port = 15066 (custom)
2023-08-29 18:54:06,244 [main] INFO  grpc.GrpcConfigKeys (ConfUtils.java:logFallback(53)) - raft.grpc.client.host = null (fallback to raft.grpc.server.host)
2023-08-29 18:54:06,244 [main] INFO  grpc.GrpcConfigKeys (ConfUtils.java:logGet(46)) - raft.grpc.client.port = 15065 (custom)
2023-08-29 18:54:06,244 [main] INFO  grpc.GrpcConfigKeys (ConfUtils.java:logGet(46)) - raft.grpc.server.host = null (default)
2023-08-29 18:54:06,244 [main] INFO  grpc.GrpcConfigKeys (ConfUtils.java:logGet(46)) - raft.grpc.server.port = 15067 (custom)
2023-08-29 18:54:06,244 [main] INFO  server.GrpcService (ConfUtils.java:logGet(46)) - raft.grpc.message.size.max = 32MB (=33554432) (custom)
2023-08-29 18:54:06,244 [main] INFO  server.RaftServerConfigKeys (ConfUtils.java:logGet(46)) - raft.server.log.appender.buffer.byte-limit = 33554432 (custom)
2023-08-29 18:54:06,244 [main] INFO  server.GrpcService (ConfUtils.java:logGet(46)) - raft.grpc.flow.control.window = 5MB (=5242880) (custom)
2023-08-29 18:54:06,244 [main] INFO  server.RaftServerConfigKeys (ConfUtils.java:logGet(46)) - raft.server.rpc.request.timeout = 60s (custom)
2023-08-29 18:54:06,245 [main] INFO  grpc.GrpcConfigKeys (ConfUtils.java:logGet(46)) - raft.grpc.server.heartbeat.channel = true (default)
2023-08-29 18:54:06,245 [main] INFO  grpc.GrpcConfigKeys (ConfUtils.java:logGet(46)) - raft.grpc.server.async.request.thread.pool.cached = true (default)
2023-08-29 18:54:06,245 [main] INFO  grpc.GrpcConfigKeys (ConfUtils.java:logGet(46)) - raft.grpc.server.async.request.thread.pool.size = 32 (default)
2023-08-29 18:54:06,247 [main] INFO  impl.DataStreamServerImpl (ConfUtils.java:logGet(46)) - raft.datastream.type = NETTY (custom)
2023-08-29 18:54:06,248 [main] INFO  server.RaftServerConfigKeys (ConfUtils.java:logGet(46)) - raft.server.data-stream.async.request.thread.pool.cached = false (default)
2023-08-29 18:54:06,248 [main] INFO  server.RaftServerConfigKeys (ConfUtils.java:logGet(46)) - raft.server.data-stream.async.request.thread.pool.size = 20 (custom)
2023-08-29 18:54:06,248 [main] INFO  server.RaftServerConfigKeys (ConfUtils.java:logGet(46)) - raft.server.data-stream.async.write.thread.pool.size = 16 (default)
2023-08-29 18:54:06,248 [main] INFO  server.RaftServerConfigKeys (ConfUtils.java:logGet(46)) - raft.server.data-stream.client.pool.size = 10 (default)
2023-08-29 18:54:06,249 [main] INFO  netty.NettyConfigKeys$DataStream (ConfUtils.java:logGet(46)) - raft.netty.dataStream.server.use-epoll = false (default)
2023-08-29 18:54:06,249 [main] INFO  netty.NettyConfigKeys$DataStream (ConfUtils.java:logGet(46)) - raft.netty.dataStream.server.boss-group.size = 0 (default)
2023-08-29 18:54:06,249 [main] INFO  netty.NettyConfigKeys$DataStream (ConfUtils.java:logGet(46)) - raft.netty.dataStream.server.worker-group.size = 0 (default)
2023-08-29 18:54:06,249 [main] INFO  netty.NettyConfigKeys$DataStream (ConfUtils.java:logGet(46)) - raft.netty.dataStream.server.tls.conf = null (default)
2023-08-29 18:54:06,249 [main] INFO  netty.NettyConfigKeys$DataStream (ConfUtils.java:logGet(46)) - raft.netty.dataStream.host = null (default)
2023-08-29 18:54:06,249 [main] INFO  netty.NettyConfigKeys$DataStream (ConfUtils.java:logGet(46)) - raft.netty.dataStream.port = 15068 (custom)
2023-08-29 18:54:06,250 [main] INFO  server.RaftServerConfigKeys (ConfUtils.java:logGet(46)) - raft.server.threadpool.proxy.cached = true (default)
2023-08-29 18:54:06,250 [main] INFO  server.RaftServerConfigKeys (ConfUtils.java:logGet(46)) - raft.server.threadpool.proxy.size = 0 (default)
2023-08-29 18:54:06,250 [main] INFO  server.RaftServerConfigKeys (ConfUtils.java:logGet(46)) - raft.server.rpc.slowness.timeout = 300s (custom)
2023-08-29 18:54:06,250 [main] INFO  server.RaftServerConfigKeys (ConfUtils.java:logGet(46)) - raft.server.leaderelection.leader.step-down.wait-time = 10s (default)
2023-08-29 18:54:06,250 [main] INFO  server.RaftServerConfigKeys (ConfUtils.java:logGet(46)) - raft.server.storage.dir = [/home/runner/work/ozone/ozone/hadoop-ozone/integration-test/target/test-dir/MiniOzoneClusterImpl-05f3a914-8c49-4f9f-9f2f-4b041a8937a3/datanode-0/data/ratis] (custom)
2023-08-29 18:54:06,251 [01366e89-60c7-46c1-a96e-1a2337162bc6-NettyServerStreamRpc-bossGroup--thread1] INFO  logging.LoggingHandler (AbstractInternalLogger.java:log(148)) - [id: 0xdc017fdd] REGISTERED
2023-08-29 18:54:06,251 [01366e89-60c7-46c1-a96e-1a2337162bc6-NettyServerStreamRpc-bossGroup--thread1] INFO  logging.LoggingHandler (AbstractInternalLogger.java:log(148)) - [id: 0xdc017fdd] BIND: 0.0.0.0/0.0.0.0:15068
2023-08-29 18:54:06,251 [01366e89-60c7-46c1-a96e-1a2337162bc6-NettyServerStreamRpc-bossGroup--thread1] INFO  logging.LoggingHandler (AbstractInternalLogger.java:log(148)) - [id: 0xdc017fdd, L:/0:0:0:0:0:0:0:0:15068] ACTIVE
2023-08-29 18:54:06,252 [01366e89-60c7-46c1-a96e-1a2337162bc6-impl-thread1] INFO  server.RaftServer (RaftServerProxy.java:initGroupDir(258)) - 01366e89-60c7-46c1-a96e-1a2337162bc6: found a subdirectory /home/runner/work/ozone/ozone/hadoop-ozone/integration-test/target/test-dir/MiniOzoneClusterImpl-05f3a914-8c49-4f9f-9f2f-4b041a8937a3/datanode-0/data/ratis/tmp
2023-08-29 18:54:06,252 [01366e89-60c7-46c1-a96e-1a2337162bc6-impl-thread1] INFO  server.RaftServer (RaftServerProxy.java:initGroupDir(263)) - 01366e89-60c7-46c1-a96e-1a2337162bc6: The directory /home/runner/work/ozone/ozone/hadoop-ozone/integration-test/target/test-dir/MiniOzoneClusterImpl-05f3a914-8c49-4f9f-9f2f-4b041a8937a3/datanode-0/data/ratis/tmp is not a group directory; ignoring it. 
2023-08-29 18:54:06,253 [main] INFO  replication.ReplicationServer (ReplicationServer.java:<init>(81)) - Initializing replication server with thread count = 10
2023-08-29 18:54:06,253 [main] INFO  server.XceiverServerGrpc (XceiverServerGrpc.java:<init>(132)) - GrpcServer channel type EpollServerSocketChannel
2023-08-29 18:54:06,255 [main] INFO  replication.ReplicationSupervisor (ReplicationSupervisor.java:build(155)) - Initializing replication supervisor with thread count = 10
2023-08-29 18:54:06,255 [main] INFO  replication.ReplicationSupervisor (ReplicationSupervisor.java:nodeStateUpdated(307)) - Node state updated to IN_SERVICE, scaling executor pool size to 10
2023-08-29 18:54:06,260 [main] INFO  http.BaseHttpServer (BaseHttpServer.java:newHttpServer2BuilderForOzone(223)) - Starting Web-server for hddsDatanode at: http://0.0.0.0:15062
2023-08-29 18:54:06,260 [main] INFO  http.BaseHttpServer (BaseHttpServer.java:<init>(110)) - Hadoop Security Enabled: false Ozone Security Enabled: false Ozone HTTP Security Enabled: false 
2023-08-29 18:54:06,261 [main] WARN  server.AuthenticationFilter (AuthenticationFilter.java:constructSecretProvider(240)) - Unable to initialize FileSignerSecretProvider, falling back to use random secrets. Reason: Could not read signature secret file: /home/runner/hadoop-http-auth-signature-secret
2023-08-29 18:54:06,264 [main] INFO  http.HttpRequestLog (HttpRequestLog.java:getRequestLog(86)) - Http request log for http.requests.hddsDatanode is not defined
2023-08-29 18:54:06,266 [main] INFO  http.HttpServer2 (HttpServer2.java:addGlobalFilter(1031)) - Added global filter 'safety' (class=org.apache.hadoop.hdds.server.http.HttpServer2$QuotingInputFilter)
2023-08-29 18:54:06,267 [main] INFO  http.HttpServer2 (HttpServer2.java:addFilter(1007)) - Added filter static_user_filter (class=org.apache.hadoop.http.lib.StaticUserWebFilter$StaticUserFilter) to context hddsDatanode
2023-08-29 18:54:06,267 [main] INFO  http.HttpServer2 (HttpServer2.java:addFilter(1015)) - Added filter static_user_filter (class=org.apache.hadoop.http.lib.StaticUserWebFilter$StaticUserFilter) to context static
2023-08-29 18:54:06,267 [main] INFO  http.HttpServer2 (HttpServer2.java:addFilter(1015)) - Added filter static_user_filter (class=org.apache.hadoop.http.lib.StaticUserWebFilter$StaticUserFilter) to context logs
2023-08-29 18:54:06,268 [main] INFO  http.BaseHttpServer (BaseHttpServer.java:<init>(189)) - HTTP server of hddsDatanode uses base directory /home/runner/work/ozone/ozone/hadoop-ozone/integration-test/target/test-dir/MiniOzoneClusterImpl-05f3a914-8c49-4f9f-9f2f-4b041a8937a3/datanode-0/meta/webserver
2023-08-29 18:54:06,268 [main] INFO  http.HttpServer2 (HttpServer2.java:bindListener(1231)) - Jetty bound to port 15062
2023-08-29 18:54:06,268 [main] INFO  server.Server (Server.java:doStart(375)) - jetty-9.4.51.v20230217; built: 2023-02-17T08:19:37.309Z; git: b45c405e4544384de066f814ed42ae3dceacdd49; jvm 1.8.0_382-b05
2023-08-29 18:54:06,270 [main] INFO  server.session (DefaultSessionIdManager.java:doStart(334)) - DefaultSessionIdManager workerName=node0
2023-08-29 18:54:06,270 [main] INFO  server.session (DefaultSessionIdManager.java:doStart(339)) - No SessionScavenger set, using defaults
2023-08-29 18:54:06,270 [main] INFO  server.session (HouseKeeper.java:startScavenging(132)) - node0 Scavenging every 660000ms
2023-08-29 18:54:06,271 [main] INFO  handler.ContextHandler (ContextHandler.java:doStart(921)) - Started o.e.j.s.ServletContextHandler@6c8f48b5{logs,/logs,file:///home/runner/work/ozone/ozone/hadoop-ozone/integration-test/target/log,AVAILABLE}
2023-08-29 18:54:06,271 [main] INFO  handler.ContextHandler (ContextHandler.java:doStart(921)) - Started o.e.j.s.ServletContextHandler@17691c4f{static,/static,jar:file:/home/runner/.m2/repository/org/apache/ozone/hdds-container-service/1.4.0-SNAPSHOT/hdds-container-service-1.4.0-SNAPSHOT.jar!/webapps/static,AVAILABLE}
2023-08-29 18:54:06,461 [main] INFO  handler.ContextHandler (ContextHandler.java:doStart(921)) - Started o.e.j.w.WebAppContext@78abcd0{hddsDatanode,/,file:///home/runner/work/ozone/ozone/hadoop-ozone/integration-test/target/test-dir/MiniOzoneClusterImpl-05f3a914-8c49-4f9f-9f2f-4b041a8937a3/datanode-0/meta/webserver/jetty-0_0_0_0-15062-hdds-container-service-1_4_0-SNAPSHOT_jar-_-any-6254935421196155279/webapp/,AVAILABLE}{jar:file:/home/runner/.m2/repository/org/apache/ozone/hdds-container-service/1.4.0-SNAPSHOT/hdds-container-service-1.4.0-SNAPSHOT.jar!/webapps/hddsDatanode}
2023-08-29 18:54:06,463 [main] INFO  server.AbstractConnector (AbstractConnector.java:doStart(333)) - Started ServerConnector@32a0ac18{HTTP/1.1, (http/1.1)}{0.0.0.0:15062}
2023-08-29 18:54:06,463 [main] INFO  server.Server (Server.java:doStart(415)) - Started @91020ms
2023-08-29 18:54:06,463 [main] WARN  impl.MetricsSystemImpl (MetricsSystemImpl.java:register(279)) - Sink prometheus already exists!
2023-08-29 18:54:06,464 [main] INFO  http.BaseHttpServer (BaseHttpServer.java:updateConnectorAddress(354)) - HTTP server of hddsDatanode listening at http://0.0.0.0:15062
2023-08-29 18:54:06,464 [main] INFO  ipc.CallQueueManager (CallQueueManager.java:<init>(90)) - Using callQueue: class java.util.concurrent.LinkedBlockingQueue, queueCapacity: 100, scheduler: class org.apache.hadoop.ipc.DefaultRpcScheduler, ipcBackoff: false.
2023-08-29 18:54:06,464 [main] INFO  ipc.Server (Server.java:<init>(1287)) - Listener at 0.0.0.0:15063
2023-08-29 18:54:06,465 [Socket Reader #1 for port 15063] INFO  ipc.Server (Server.java:run(1323)) - Starting Socket Reader #1 for port 15063
2023-08-29 18:54:06,473 [main] INFO  ozone.HddsDatanodeService (HddsDatanodeService.java:start(315)) - Datanode start with admins: [runner]
2023-08-29 18:54:06,473 [main] INFO  ozone.HddsDatanodeClientProtocolServer (HddsDatanodeClientProtocolServer.java:start(72)) - RPC server for Client /0.0.0.0:15063
2023-08-29 18:54:06,475 [IPC Server Responder] INFO  ipc.Server (Server.java:run(1562)) - IPC Server Responder: starting
2023-08-29 18:54:06,475 [IPC Server listener on 15063] INFO  ipc.Server (Server.java:run(1402)) - IPC Server listener on 15063: starting
2023-08-29 18:54:06,479 [Datanode State Machine Daemon Thread] INFO  statemachine.DatanodeStateMachine (DatanodeStateMachine.java:lambda$startDaemon$0(538)) - Ozone container server started.
2023-08-29 18:54:06,479 [main] WARN  impl.MetricRegistriesImpl (MetricRegistriesImpl.java:addReporterRegistration(111)) - New reporters are added after registries were created. Some metrics will be missing from the reporter. Please add reporter before adding any new registry.
2023-08-29 18:54:06,484 [main] WARN  impl.MetricRegistriesImpl (MetricRegistriesImpl.java:addReporterRegistration(111)) - New reporters are added after registries were created. Some metrics will be missing from the reporter. Please add reporter before adding any new registry.
2023-08-29 18:54:06,484 [main] INFO  impl.MetricsSystemImpl (MetricsSystemImpl.java:init(158)) - HddsDatanode metrics system started (again)
2023-08-29 18:54:06,504 [main] INFO  ozone.HddsDatanodeService (HddsDatanodeService.java:start(237)) - HddsDatanodeService host:fv-az225-157.hxhba2eg53duheooqg2bzplbvd.bx.internal.cloudapp.net ip:10.1.0.239
2023-08-29 18:54:06,520 [Datanode State Machine Task Thread - 0] INFO  datanode.InitDatanodeState (InitDatanodeState.java:persistContainerDatanodeDetails(138)) - DatanodeDetails is persisted to /home/runner/work/ozone/ozone/hadoop-ozone/integration-test/target/test-dir/MiniOzoneClusterImpl-05f3a914-8c49-4f9f-9f2f-4b041a8937a3/datanode-0/meta/datanode.id
2023-08-29 18:54:06,534 [main] INFO  upgrade.AbstractLayoutVersionManager (AbstractLayoutVersionManager.java:init(83)) - Initializing Layout version manager with metadata layout = HADOOP_PRC_PORTS_IN_DATANODEDETAILS (version = 7), software layout = HADOOP_PRC_PORTS_IN_DATANODEDETAILS (version = 7)
2023-08-29 18:54:06,534 [main] INFO  statemachine.DatanodeStateMachine (DatanodeStateMachine.java:getEndPointTaskThreadPoolSize(282)) - Datanode State Machine Task Thread Pool size 2
2023-08-29 18:54:06,536 [main] INFO  volume.HddsVolume (HddsVolume.java:<init>(126)) - Creating HddsVolume: /home/runner/work/ozone/ozone/hadoop-ozone/integration-test/target/test-dir/MiniOzoneClusterImpl-05f3a914-8c49-4f9f-9f2f-4b041a8937a3/datanode-1/data-0/containers/hdds of storage type : DISK capacity : 9223372036854775807
2023-08-29 18:54:06,536 [main] INFO  volume.MutableVolumeSet (MutableVolumeSet.java:initializeVolumeSet(173)) - Added Volume : /home/runner/work/ozone/ozone/hadoop-ozone/integration-test/target/test-dir/MiniOzoneClusterImpl-05f3a914-8c49-4f9f-9f2f-4b041a8937a3/datanode-1/data-0/containers/hdds to VolumeSet
2023-08-29 18:54:06,536 [main] INFO  volume.MutableVolumeSet (MutableVolumeSet.java:initializeVolumeSet(173)) - Added Volume : /home/runner/work/ozone/ozone/hadoop-ozone/integration-test/target/test-dir/MiniOzoneClusterImpl-05f3a914-8c49-4f9f-9f2f-4b041a8937a3/datanode-1/data/ratis to VolumeSet
2023-08-29 18:54:06,539 [Thread-808] INFO  ozoneimpl.ContainerReader (ContainerReader.java:readVolume(177)) - Finish verifying containers on volume /home/runner/work/ozone/ozone/hadoop-ozone/integration-test/target/test-dir/MiniOzoneClusterImpl-05f3a914-8c49-4f9f-9f2f-4b041a8937a3/datanode-1/data-0/containers/hdds
2023-08-29 18:54:06,539 [main] INFO  ozoneimpl.OzoneContainer (OzoneContainer.java:buildContainerSet(314)) - Build ContainerSet costs 0s
2023-08-29 18:54:06,543 [main] INFO  server.RaftServer (ConfUtils.java:logGet(46)) - raft.rpc.type = GRPC (default)
2023-08-29 18:54:06,543 [main] INFO  grpc.GrpcConfigKeys (ConfUtils.java:logFallback(53)) - raft.grpc.admin.host = null (fallback to raft.grpc.server.host)
2023-08-29 18:54:06,543 [main] INFO  grpc.GrpcConfigKeys (ConfUtils.java:logGet(46)) - raft.grpc.admin.port = 15075 (custom)
2023-08-29 18:54:06,544 [main] INFO  grpc.GrpcConfigKeys (ConfUtils.java:logFallback(53)) - raft.grpc.client.host = null (fallback to raft.grpc.server.host)
2023-08-29 18:54:06,544 [main] INFO  grpc.GrpcConfigKeys (ConfUtils.java:logGet(46)) - raft.grpc.client.port = 15074 (custom)
2023-08-29 18:54:06,544 [main] INFO  grpc.GrpcConfigKeys (ConfUtils.java:logGet(46)) - raft.grpc.server.host = null (default)
2023-08-29 18:54:06,544 [main] INFO  grpc.GrpcConfigKeys (ConfUtils.java:logGet(46)) - raft.grpc.server.port = 15076 (custom)
2023-08-29 18:54:06,544 [main] INFO  server.GrpcService (ConfUtils.java:logGet(46)) - raft.grpc.message.size.max = 32MB (=33554432) (custom)
2023-08-29 18:54:06,544 [main] INFO  server.RaftServerConfigKeys (ConfUtils.java:logGet(46)) - raft.server.log.appender.buffer.byte-limit = 33554432 (custom)
2023-08-29 18:54:06,545 [main] INFO  server.GrpcService (ConfUtils.java:logGet(46)) - raft.grpc.flow.control.window = 5MB (=5242880) (custom)
2023-08-29 18:54:06,545 [main] INFO  server.RaftServerConfigKeys (ConfUtils.java:logGet(46)) - raft.server.rpc.request.timeout = 60s (custom)
2023-08-29 18:54:06,545 [main] INFO  grpc.GrpcConfigKeys (ConfUtils.java:logGet(46)) - raft.grpc.server.heartbeat.channel = true (default)
2023-08-29 18:54:06,545 [main] INFO  grpc.GrpcConfigKeys (ConfUtils.java:logGet(46)) - raft.grpc.server.async.request.thread.pool.cached = true (default)
2023-08-29 18:54:06,545 [main] INFO  grpc.GrpcConfigKeys (ConfUtils.java:logGet(46)) - raft.grpc.server.async.request.thread.pool.size = 32 (default)
2023-08-29 18:54:06,548 [main] INFO  impl.DataStreamServerImpl (ConfUtils.java:logGet(46)) - raft.datastream.type = NETTY (custom)
2023-08-29 18:54:06,549 [main] INFO  server.RaftServerConfigKeys (ConfUtils.java:logGet(46)) - raft.server.data-stream.async.request.thread.pool.cached = false (default)
2023-08-29 18:54:06,549 [main] INFO  server.RaftServerConfigKeys (ConfUtils.java:logGet(46)) - raft.server.data-stream.async.request.thread.pool.size = 20 (custom)
2023-08-29 18:54:06,550 [main] INFO  server.RaftServerConfigKeys (ConfUtils.java:logGet(46)) - raft.server.data-stream.async.write.thread.pool.size = 16 (default)
2023-08-29 18:54:06,550 [main] INFO  server.RaftServerConfigKeys (ConfUtils.java:logGet(46)) - raft.server.data-stream.client.pool.size = 10 (default)
2023-08-29 18:54:06,550 [main] INFO  netty.NettyConfigKeys$DataStream (ConfUtils.java:logGet(46)) - raft.netty.dataStream.server.use-epoll = false (default)
2023-08-29 18:54:06,550 [main] INFO  netty.NettyConfigKeys$DataStream (ConfUtils.java:logGet(46)) - raft.netty.dataStream.server.boss-group.size = 0 (default)
2023-08-29 18:54:06,550 [main] INFO  netty.NettyConfigKeys$DataStream (ConfUtils.java:logGet(46)) - raft.netty.dataStream.server.worker-group.size = 0 (default)
2023-08-29 18:54:06,550 [main] INFO  netty.NettyConfigKeys$DataStream (ConfUtils.java:logGet(46)) - raft.netty.dataStream.server.tls.conf = null (default)
2023-08-29 18:54:06,551 [main] INFO  netty.NettyConfigKeys$DataStream (ConfUtils.java:logGet(46)) - raft.netty.dataStream.host = null (default)
2023-08-29 18:54:06,551 [main] INFO  netty.NettyConfigKeys$DataStream (ConfUtils.java:logGet(46)) - raft.netty.dataStream.port = 15077 (custom)
2023-08-29 18:54:06,551 [main] INFO  server.RaftServerConfigKeys (ConfUtils.java:logGet(46)) - raft.server.threadpool.proxy.cached = true (default)
2023-08-29 18:54:06,551 [main] INFO  server.RaftServerConfigKeys (ConfUtils.java:logGet(46)) - raft.server.threadpool.proxy.size = 0 (default)
2023-08-29 18:54:06,551 [9b50acff-382e-4523-ab74-6f7baa2ae53c-NettyServerStreamRpc-bossGroup--thread1] INFO  logging.LoggingHandler (AbstractInternalLogger.java:log(148)) - [id: 0x17a5f323] REGISTERED
2023-08-29 18:54:06,551 [main] INFO  server.RaftServerConfigKeys (ConfUtils.java:logGet(46)) - raft.server.rpc.slowness.timeout = 300s (custom)
2023-08-29 18:54:06,552 [main] INFO  server.RaftServerConfigKeys (ConfUtils.java:logGet(46)) - raft.server.leaderelection.leader.step-down.wait-time = 10s (default)
2023-08-29 18:54:06,552 [9b50acff-382e-4523-ab74-6f7baa2ae53c-NettyServerStreamRpc-bossGroup--thread1] INFO  logging.LoggingHandler (AbstractInternalLogger.java:log(148)) - [id: 0x17a5f323] BIND: 0.0.0.0/0.0.0.0:15077
2023-08-29 18:54:06,552 [main] INFO  server.RaftServerConfigKeys (ConfUtils.java:logGet(46)) - raft.server.storage.dir = [/home/runner/work/ozone/ozone/hadoop-ozone/integration-test/target/test-dir/MiniOzoneClusterImpl-05f3a914-8c49-4f9f-9f2f-4b041a8937a3/datanode-1/data/ratis] (custom)
2023-08-29 18:54:06,552 [9b50acff-382e-4523-ab74-6f7baa2ae53c-NettyServerStreamRpc-bossGroup--thread1] INFO  logging.LoggingHandler (AbstractInternalLogger.java:log(148)) - [id: 0x17a5f323, L:/0:0:0:0:0:0:0:0:15077] ACTIVE
2023-08-29 18:54:06,552 [9b50acff-382e-4523-ab74-6f7baa2ae53c-impl-thread1] INFO  server.RaftServer (RaftServerProxy.java:initGroupDir(258)) - 9b50acff-382e-4523-ab74-6f7baa2ae53c: found a subdirectory /home/runner/work/ozone/ozone/hadoop-ozone/integration-test/target/test-dir/MiniOzoneClusterImpl-05f3a914-8c49-4f9f-9f2f-4b041a8937a3/datanode-1/data/ratis/tmp
2023-08-29 18:54:06,552 [9b50acff-382e-4523-ab74-6f7baa2ae53c-impl-thread1] INFO  server.RaftServer (RaftServerProxy.java:initGroupDir(263)) - 9b50acff-382e-4523-ab74-6f7baa2ae53c: The directory /home/runner/work/ozone/ozone/hadoop-ozone/integration-test/target/test-dir/MiniOzoneClusterImpl-05f3a914-8c49-4f9f-9f2f-4b041a8937a3/datanode-1/data/ratis/tmp is not a group directory; ignoring it. 
2023-08-29 18:54:06,552 [main] INFO  replication.ReplicationServer (ReplicationServer.java:<init>(81)) - Initializing replication server with thread count = 10
2023-08-29 18:54:06,553 [main] INFO  server.XceiverServerGrpc (XceiverServerGrpc.java:<init>(132)) - GrpcServer channel type EpollServerSocketChannel
2023-08-29 18:54:06,556 [main] INFO  replication.ReplicationSupervisor (ReplicationSupervisor.java:build(155)) - Initializing replication supervisor with thread count = 10
2023-08-29 18:54:06,556 [main] INFO  replication.ReplicationSupervisor (ReplicationSupervisor.java:nodeStateUpdated(307)) - Node state updated to IN_SERVICE, scaling executor pool size to 10
2023-08-29 18:54:06,559 [main] INFO  http.BaseHttpServer (BaseHttpServer.java:newHttpServer2BuilderForOzone(223)) - Starting Web-server for hddsDatanode at: http://0.0.0.0:15071
2023-08-29 18:54:06,559 [main] INFO  http.BaseHttpServer (BaseHttpServer.java:<init>(110)) - Hadoop Security Enabled: false Ozone Security Enabled: false Ozone HTTP Security Enabled: false 
2023-08-29 18:54:06,560 [main] WARN  server.AuthenticationFilter (AuthenticationFilter.java:constructSecretProvider(240)) - Unable to initialize FileSignerSecretProvider, falling back to use random secrets. Reason: Could not read signature secret file: /home/runner/hadoop-http-auth-signature-secret
2023-08-29 18:54:06,561 [main] INFO  http.HttpRequestLog (HttpRequestLog.java:getRequestLog(86)) - Http request log for http.requests.hddsDatanode is not defined
2023-08-29 18:54:06,562 [main] INFO  http.HttpServer2 (HttpServer2.java:addGlobalFilter(1031)) - Added global filter 'safety' (class=org.apache.hadoop.hdds.server.http.HttpServer2$QuotingInputFilter)
2023-08-29 18:54:06,563 [main] INFO  http.HttpServer2 (HttpServer2.java:addFilter(1007)) - Added filter static_user_filter (class=org.apache.hadoop.http.lib.StaticUserWebFilter$StaticUserFilter) to context hddsDatanode
2023-08-29 18:54:06,563 [main] INFO  http.HttpServer2 (HttpServer2.java:addFilter(1015)) - Added filter static_user_filter (class=org.apache.hadoop.http.lib.StaticUserWebFilter$StaticUserFilter) to context logs
2023-08-29 18:54:06,563 [main] INFO  http.HttpServer2 (HttpServer2.java:addFilter(1015)) - Added filter static_user_filter (class=org.apache.hadoop.http.lib.StaticUserWebFilter$StaticUserFilter) to context static
2023-08-29 18:54:06,565 [main] INFO  http.BaseHttpServer (BaseHttpServer.java:<init>(189)) - HTTP server of hddsDatanode uses base directory /home/runner/work/ozone/ozone/hadoop-ozone/integration-test/target/test-dir/MiniOzoneClusterImpl-05f3a914-8c49-4f9f-9f2f-4b041a8937a3/datanode-1/meta/webserver
2023-08-29 18:54:06,565 [main] INFO  http.HttpServer2 (HttpServer2.java:bindListener(1231)) - Jetty bound to port 15071
2023-08-29 18:54:06,565 [main] INFO  server.Server (Server.java:doStart(375)) - jetty-9.4.51.v20230217; built: 2023-02-17T08:19:37.309Z; git: b45c405e4544384de066f814ed42ae3dceacdd49; jvm 1.8.0_382-b05
2023-08-29 18:54:06,567 [main] INFO  server.session (DefaultSessionIdManager.java:doStart(334)) - DefaultSessionIdManager workerName=node0
2023-08-29 18:54:06,567 [main] INFO  server.session (DefaultSessionIdManager.java:doStart(339)) - No SessionScavenger set, using defaults
2023-08-29 18:54:06,567 [main] INFO  server.session (HouseKeeper.java:startScavenging(132)) - node0 Scavenging every 600000ms
2023-08-29 18:54:06,567 [main] INFO  handler.ContextHandler (ContextHandler.java:doStart(921)) - Started o.e.j.s.ServletContextHandler@5d1ad273{logs,/logs,file:///home/runner/work/ozone/ozone/hadoop-ozone/integration-test/target/log,AVAILABLE}
2023-08-29 18:54:06,568 [main] INFO  handler.ContextHandler (ContextHandler.java:doStart(921)) - Started o.e.j.s.ServletContextHandler@3d6d55e7{static,/static,jar:file:/home/runner/.m2/repository/org/apache/ozone/hdds-container-service/1.4.0-SNAPSHOT/hdds-container-service-1.4.0-SNAPSHOT.jar!/webapps/static,AVAILABLE}
2023-08-29 18:54:06,761 [main] INFO  handler.ContextHandler (ContextHandler.java:doStart(921)) - Started o.e.j.w.WebAppContext@588dcc2d{hddsDatanode,/,file:///home/runner/work/ozone/ozone/hadoop-ozone/integration-test/target/test-dir/MiniOzoneClusterImpl-05f3a914-8c49-4f9f-9f2f-4b041a8937a3/datanode-1/meta/webserver/jetty-0_0_0_0-15071-hdds-container-service-1_4_0-SNAPSHOT_jar-_-any-5637939859770285724/webapp/,AVAILABLE}{jar:file:/home/runner/.m2/repository/org/apache/ozone/hdds-container-service/1.4.0-SNAPSHOT/hdds-container-service-1.4.0-SNAPSHOT.jar!/webapps/hddsDatanode}
2023-08-29 18:54:06,762 [main] INFO  server.AbstractConnector (AbstractConnector.java:doStart(333)) - Started ServerConnector@3675efcd{HTTP/1.1, (http/1.1)}{0.0.0.0:15071}
2023-08-29 18:54:06,762 [main] INFO  server.Server (Server.java:doStart(415)) - Started @91319ms
2023-08-29 18:54:06,762 [main] WARN  impl.MetricsSystemImpl (MetricsSystemImpl.java:register(279)) - Sink prometheus already exists!
2023-08-29 18:54:06,763 [main] INFO  http.BaseHttpServer (BaseHttpServer.java:updateConnectorAddress(354)) - HTTP server of hddsDatanode listening at http://0.0.0.0:15071
2023-08-29 18:54:06,763 [main] INFO  ipc.CallQueueManager (CallQueueManager.java:<init>(90)) - Using callQueue: class java.util.concurrent.LinkedBlockingQueue, queueCapacity: 100, scheduler: class org.apache.hadoop.ipc.DefaultRpcScheduler, ipcBackoff: false.
2023-08-29 18:54:06,764 [main] INFO  ipc.Server (Server.java:<init>(1287)) - Listener at 0.0.0.0:15072
2023-08-29 18:54:06,764 [Socket Reader #1 for port 15072] INFO  ipc.Server (Server.java:run(1323)) - Starting Socket Reader #1 for port 15072
2023-08-29 18:54:06,766 [main] INFO  ozone.HddsDatanodeService (HddsDatanodeService.java:start(315)) - Datanode start with admins: [runner]
2023-08-29 18:54:06,766 [main] INFO  ozone.HddsDatanodeClientProtocolServer (HddsDatanodeClientProtocolServer.java:start(72)) - RPC server for Client /0.0.0.0:15072
2023-08-29 18:54:06,766 [IPC Server Responder] INFO  ipc.Server (Server.java:run(1562)) - IPC Server Responder: starting
2023-08-29 18:54:06,766 [IPC Server listener on 15072] INFO  ipc.Server (Server.java:run(1402)) - IPC Server listener on 15072: starting
2023-08-29 18:54:06,776 [main] WARN  impl.MetricRegistriesImpl (MetricRegistriesImpl.java:addReporterRegistration(111)) - New reporters are added after registries were created. Some metrics will be missing from the reporter. Please add reporter before adding any new registry.
2023-08-29 18:54:06,776 [main] WARN  impl.MetricRegistriesImpl (MetricRegistriesImpl.java:addReporterRegistration(111)) - New reporters are added after registries were created. Some metrics will be missing from the reporter. Please add reporter before adding any new registry.
2023-08-29 18:54:06,776 [main] INFO  impl.MetricsSystemImpl (MetricsSystemImpl.java:init(158)) - HddsDatanode metrics system started (again)
2023-08-29 18:54:06,776 [Datanode State Machine Daemon Thread] INFO  statemachine.DatanodeStateMachine (DatanodeStateMachine.java:lambda$startDaemon$0(538)) - Ozone container server started.
2023-08-29 18:54:06,792 [main] INFO  ozone.HddsDatanodeService (HddsDatanodeService.java:start(237)) - HddsDatanodeService host:fv-az225-157.hxhba2eg53duheooqg2bzplbvd.bx.internal.cloudapp.net ip:10.1.0.239
2023-08-29 18:54:06,797 [Datanode State Machine Task Thread - 0] INFO  datanode.InitDatanodeState (InitDatanodeState.java:persistContainerDatanodeDetails(138)) - DatanodeDetails is persisted to /home/runner/work/ozone/ozone/hadoop-ozone/integration-test/target/test-dir/MiniOzoneClusterImpl-05f3a914-8c49-4f9f-9f2f-4b041a8937a3/datanode-1/meta/datanode.id
2023-08-29 18:54:06,817 [main] INFO  upgrade.AbstractLayoutVersionManager (AbstractLayoutVersionManager.java:init(83)) - Initializing Layout version manager with metadata layout = HADOOP_PRC_PORTS_IN_DATANODEDETAILS (version = 7), software layout = HADOOP_PRC_PORTS_IN_DATANODEDETAILS (version = 7)
2023-08-29 18:54:06,817 [main] INFO  statemachine.DatanodeStateMachine (DatanodeStateMachine.java:getEndPointTaskThreadPoolSize(282)) - Datanode State Machine Task Thread Pool size 2
2023-08-29 18:54:06,819 [main] INFO  volume.HddsVolume (HddsVolume.java:<init>(126)) - Creating HddsVolume: /home/runner/work/ozone/ozone/hadoop-ozone/integration-test/target/test-dir/MiniOzoneClusterImpl-05f3a914-8c49-4f9f-9f2f-4b041a8937a3/datanode-2/data-0/containers/hdds of storage type : DISK capacity : 9223372036854775807
2023-08-29 18:54:06,819 [main] INFO  volume.MutableVolumeSet (MutableVolumeSet.java:initializeVolumeSet(173)) - Added Volume : /home/runner/work/ozone/ozone/hadoop-ozone/integration-test/target/test-dir/MiniOzoneClusterImpl-05f3a914-8c49-4f9f-9f2f-4b041a8937a3/datanode-2/data-0/containers/hdds to VolumeSet
2023-08-29 18:54:06,821 [main] INFO  volume.MutableVolumeSet (MutableVolumeSet.java:initializeVolumeSet(173)) - Added Volume : /home/runner/work/ozone/ozone/hadoop-ozone/integration-test/target/test-dir/MiniOzoneClusterImpl-05f3a914-8c49-4f9f-9f2f-4b041a8937a3/datanode-2/data/ratis to VolumeSet
2023-08-29 18:54:06,823 [Thread-825] INFO  ozoneimpl.ContainerReader (ContainerReader.java:readVolume(177)) - Finish verifying containers on volume /home/runner/work/ozone/ozone/hadoop-ozone/integration-test/target/test-dir/MiniOzoneClusterImpl-05f3a914-8c49-4f9f-9f2f-4b041a8937a3/datanode-2/data-0/containers/hdds
2023-08-29 18:54:06,823 [main] INFO  ozoneimpl.OzoneContainer (OzoneContainer.java:buildContainerSet(314)) - Build ContainerSet costs 0s
2023-08-29 18:54:06,826 [main] INFO  server.RaftServer (ConfUtils.java:logGet(46)) - raft.rpc.type = GRPC (default)
2023-08-29 18:54:06,827 [main] INFO  grpc.GrpcConfigKeys (ConfUtils.java:logFallback(53)) - raft.grpc.admin.host = null (fallback to raft.grpc.server.host)
2023-08-29 18:54:06,827 [main] INFO  grpc.GrpcConfigKeys (ConfUtils.java:logGet(46)) - raft.grpc.admin.port = 15084 (custom)
2023-08-29 18:54:06,827 [main] INFO  grpc.GrpcConfigKeys (ConfUtils.java:logFallback(53)) - raft.grpc.client.host = null (fallback to raft.grpc.server.host)
2023-08-29 18:54:06,827 [main] INFO  grpc.GrpcConfigKeys (ConfUtils.java:logGet(46)) - raft.grpc.client.port = 15083 (custom)
2023-08-29 18:54:06,827 [main] INFO  grpc.GrpcConfigKeys (ConfUtils.java:logGet(46)) - raft.grpc.server.host = null (default)
2023-08-29 18:54:06,827 [main] INFO  grpc.GrpcConfigKeys (ConfUtils.java:logGet(46)) - raft.grpc.server.port = 15085 (custom)
2023-08-29 18:54:06,827 [main] INFO  server.GrpcService (ConfUtils.java:logGet(46)) - raft.grpc.message.size.max = 32MB (=33554432) (custom)
2023-08-29 18:54:06,827 [main] INFO  server.RaftServerConfigKeys (ConfUtils.java:logGet(46)) - raft.server.log.appender.buffer.byte-limit = 33554432 (custom)
2023-08-29 18:54:06,827 [main] INFO  server.GrpcService (ConfUtils.java:logGet(46)) - raft.grpc.flow.control.window = 5MB (=5242880) (custom)
2023-08-29 18:54:06,828 [main] INFO  server.RaftServerConfigKeys (ConfUtils.java:logGet(46)) - raft.server.rpc.request.timeout = 60s (custom)
2023-08-29 18:54:06,828 [main] INFO  grpc.GrpcConfigKeys (ConfUtils.java:logGet(46)) - raft.grpc.server.heartbeat.channel = true (default)
2023-08-29 18:54:06,828 [main] INFO  grpc.GrpcConfigKeys (ConfUtils.java:logGet(46)) - raft.grpc.server.async.request.thread.pool.cached = true (default)
2023-08-29 18:54:06,828 [main] INFO  grpc.GrpcConfigKeys (ConfUtils.java:logGet(46)) - raft.grpc.server.async.request.thread.pool.size = 32 (default)
2023-08-29 18:54:06,830 [main] INFO  impl.DataStreamServerImpl (ConfUtils.java:logGet(46)) - raft.datastream.type = NETTY (custom)
2023-08-29 18:54:06,831 [main] INFO  server.RaftServerConfigKeys (ConfUtils.java:logGet(46)) - raft.server.data-stream.async.request.thread.pool.cached = false (default)
2023-08-29 18:54:06,831 [main] INFO  server.RaftServerConfigKeys (ConfUtils.java:logGet(46)) - raft.server.data-stream.async.request.thread.pool.size = 20 (custom)
2023-08-29 18:54:06,831 [main] INFO  server.RaftServerConfigKeys (ConfUtils.java:logGet(46)) - raft.server.data-stream.async.write.thread.pool.size = 16 (default)
2023-08-29 18:54:06,831 [main] INFO  server.RaftServerConfigKeys (ConfUtils.java:logGet(46)) - raft.server.data-stream.client.pool.size = 10 (default)
2023-08-29 18:54:06,831 [main] INFO  netty.NettyConfigKeys$DataStream (ConfUtils.java:logGet(46)) - raft.netty.dataStream.server.use-epoll = false (default)
2023-08-29 18:54:06,831 [main] INFO  netty.NettyConfigKeys$DataStream (ConfUtils.java:logGet(46)) - raft.netty.dataStream.server.boss-group.size = 0 (default)
2023-08-29 18:54:06,832 [main] INFO  netty.NettyConfigKeys$DataStream (ConfUtils.java:logGet(46)) - raft.netty.dataStream.server.worker-group.size = 0 (default)
2023-08-29 18:54:06,832 [main] INFO  netty.NettyConfigKeys$DataStream (ConfUtils.java:logGet(46)) - raft.netty.dataStream.server.tls.conf = null (default)
2023-08-29 18:54:06,832 [main] INFO  netty.NettyConfigKeys$DataStream (ConfUtils.java:logGet(46)) - raft.netty.dataStream.host = null (default)
2023-08-29 18:54:06,832 [main] INFO  netty.NettyConfigKeys$DataStream (ConfUtils.java:logGet(46)) - raft.netty.dataStream.port = 15086 (custom)
2023-08-29 18:54:06,832 [main] INFO  server.RaftServerConfigKeys (ConfUtils.java:logGet(46)) - raft.server.threadpool.proxy.cached = true (default)
2023-08-29 18:54:06,833 [main] INFO  server.RaftServerConfigKeys (ConfUtils.java:logGet(46)) - raft.server.threadpool.proxy.size = 0 (default)
2023-08-29 18:54:06,833 [main] INFO  server.RaftServerConfigKeys (ConfUtils.java:logGet(46)) - raft.server.rpc.slowness.timeout = 300s (custom)
2023-08-29 18:54:06,833 [35cfc858-a2b0-48ab-9c56-830891a3070f-NettyServerStreamRpc-bossGroup--thread1] INFO  logging.LoggingHandler (AbstractInternalLogger.java:log(148)) - [id: 0x0f8438ab] REGISTERED
2023-08-29 18:54:06,833 [main] INFO  server.RaftServerConfigKeys (ConfUtils.java:logGet(46)) - raft.server.leaderelection.leader.step-down.wait-time = 10s (default)
2023-08-29 18:54:06,833 [main] INFO  server.RaftServerConfigKeys (ConfUtils.java:logGet(46)) - raft.server.storage.dir = [/home/runner/work/ozone/ozone/hadoop-ozone/integration-test/target/test-dir/MiniOzoneClusterImpl-05f3a914-8c49-4f9f-9f2f-4b041a8937a3/datanode-2/data/ratis] (custom)
2023-08-29 18:54:06,833 [35cfc858-a2b0-48ab-9c56-830891a3070f-impl-thread1] INFO  server.RaftServer (RaftServerProxy.java:initGroupDir(258)) - 35cfc858-a2b0-48ab-9c56-830891a3070f: found a subdirectory /home/runner/work/ozone/ozone/hadoop-ozone/integration-test/target/test-dir/MiniOzoneClusterImpl-05f3a914-8c49-4f9f-9f2f-4b041a8937a3/datanode-2/data/ratis/tmp
2023-08-29 18:54:06,834 [35cfc858-a2b0-48ab-9c56-830891a3070f-impl-thread1] INFO  server.RaftServer (RaftServerProxy.java:initGroupDir(263)) - 35cfc858-a2b0-48ab-9c56-830891a3070f: The directory /home/runner/work/ozone/ozone/hadoop-ozone/integration-test/target/test-dir/MiniOzoneClusterImpl-05f3a914-8c49-4f9f-9f2f-4b041a8937a3/datanode-2/data/ratis/tmp is not a group directory; ignoring it. 
2023-08-29 18:54:06,834 [main] INFO  replication.ReplicationServer (ReplicationServer.java:<init>(81)) - Initializing replication server with thread count = 10
2023-08-29 18:54:06,835 [main] INFO  server.XceiverServerGrpc (XceiverServerGrpc.java:<init>(132)) - GrpcServer channel type EpollServerSocketChannel
2023-08-29 18:54:06,836 [main] INFO  replication.ReplicationSupervisor (ReplicationSupervisor.java:build(155)) - Initializing replication supervisor with thread count = 10
2023-08-29 18:54:06,836 [main] INFO  replication.ReplicationSupervisor (ReplicationSupervisor.java:nodeStateUpdated(307)) - Node state updated to IN_SERVICE, scaling executor pool size to 10
2023-08-29 18:54:06,840 [35cfc858-a2b0-48ab-9c56-830891a3070f-NettyServerStreamRpc-bossGroup--thread1] INFO  logging.LoggingHandler (AbstractInternalLogger.java:log(148)) - [id: 0x0f8438ab] BIND: 0.0.0.0/0.0.0.0:15086
2023-08-29 18:54:06,840 [35cfc858-a2b0-48ab-9c56-830891a3070f-NettyServerStreamRpc-bossGroup--thread1] INFO  logging.LoggingHandler (AbstractInternalLogger.java:log(148)) - [id: 0x0f8438ab, L:/0:0:0:0:0:0:0:0:15086] ACTIVE
2023-08-29 18:54:06,842 [main] INFO  http.BaseHttpServer (BaseHttpServer.java:newHttpServer2BuilderForOzone(223)) - Starting Web-server for hddsDatanode at: http://0.0.0.0:15080
2023-08-29 18:54:06,842 [main] INFO  http.BaseHttpServer (BaseHttpServer.java:<init>(110)) - Hadoop Security Enabled: false Ozone Security Enabled: false Ozone HTTP Security Enabled: false 
2023-08-29 18:54:06,843 [main] WARN  server.AuthenticationFilter (AuthenticationFilter.java:constructSecretProvider(240)) - Unable to initialize FileSignerSecretProvider, falling back to use random secrets. Reason: Could not read signature secret file: /home/runner/hadoop-http-auth-signature-secret
2023-08-29 18:54:06,844 [main] INFO  http.HttpRequestLog (HttpRequestLog.java:getRequestLog(86)) - Http request log for http.requests.hddsDatanode is not defined
2023-08-29 18:54:06,845 [main] INFO  http.HttpServer2 (HttpServer2.java:addGlobalFilter(1031)) - Added global filter 'safety' (class=org.apache.hadoop.hdds.server.http.HttpServer2$QuotingInputFilter)
2023-08-29 18:54:06,846 [main] INFO  http.HttpServer2 (HttpServer2.java:addFilter(1007)) - Added filter static_user_filter (class=org.apache.hadoop.http.lib.StaticUserWebFilter$StaticUserFilter) to context hddsDatanode
2023-08-29 18:54:06,846 [main] INFO  http.HttpServer2 (HttpServer2.java:addFilter(1015)) - Added filter static_user_filter (class=org.apache.hadoop.http.lib.StaticUserWebFilter$StaticUserFilter) to context logs
2023-08-29 18:54:06,846 [main] INFO  http.HttpServer2 (HttpServer2.java:addFilter(1015)) - Added filter static_user_filter (class=org.apache.hadoop.http.lib.StaticUserWebFilter$StaticUserFilter) to context static
2023-08-29 18:54:06,846 [main] INFO  http.BaseHttpServer (BaseHttpServer.java:<init>(189)) - HTTP server of hddsDatanode uses base directory /home/runner/work/ozone/ozone/hadoop-ozone/integration-test/target/test-dir/MiniOzoneClusterImpl-05f3a914-8c49-4f9f-9f2f-4b041a8937a3/datanode-2/meta/webserver
2023-08-29 18:54:06,847 [main] INFO  http.HttpServer2 (HttpServer2.java:bindListener(1231)) - Jetty bound to port 15080
2023-08-29 18:54:06,847 [main] INFO  server.Server (Server.java:doStart(375)) - jetty-9.4.51.v20230217; built: 2023-02-17T08:19:37.309Z; git: b45c405e4544384de066f814ed42ae3dceacdd49; jvm 1.8.0_382-b05
2023-08-29 18:54:06,848 [main] INFO  server.session (DefaultSessionIdManager.java:doStart(334)) - DefaultSessionIdManager workerName=node0
2023-08-29 18:54:06,848 [main] INFO  server.session (DefaultSessionIdManager.java:doStart(339)) - No SessionScavenger set, using defaults
2023-08-29 18:54:06,848 [main] INFO  server.session (HouseKeeper.java:startScavenging(132)) - node0 Scavenging every 660000ms
2023-08-29 18:54:06,849 [main] INFO  handler.ContextHandler (ContextHandler.java:doStart(921)) - Started o.e.j.s.ServletContextHandler@61985f61{logs,/logs,file:///home/runner/work/ozone/ozone/hadoop-ozone/integration-test/target/log,AVAILABLE}
2023-08-29 18:54:06,849 [main] INFO  handler.ContextHandler (ContextHandler.java:doStart(921)) - Started o.e.j.s.ServletContextHandler@11682501{static,/static,jar:file:/home/runner/.m2/repository/org/apache/ozone/hdds-container-service/1.4.0-SNAPSHOT/hdds-container-service-1.4.0-SNAPSHOT.jar!/webapps/static,AVAILABLE}
2023-08-29 18:54:07,045 [main] INFO  handler.ContextHandler (ContextHandler.java:doStart(921)) - Started o.e.j.w.WebAppContext@92fdc4{hddsDatanode,/,file:///home/runner/work/ozone/ozone/hadoop-ozone/integration-test/target/test-dir/MiniOzoneClusterImpl-05f3a914-8c49-4f9f-9f2f-4b041a8937a3/datanode-2/meta/webserver/jetty-0_0_0_0-15080-hdds-container-service-1_4_0-SNAPSHOT_jar-_-any-3022743892253137019/webapp/,AVAILABLE}{jar:file:/home/runner/.m2/repository/org/apache/ozone/hdds-container-service/1.4.0-SNAPSHOT/hdds-container-service-1.4.0-SNAPSHOT.jar!/webapps/hddsDatanode}
2023-08-29 18:54:07,048 [main] INFO  server.AbstractConnector (AbstractConnector.java:doStart(333)) - Started ServerConnector@612cdb0d{HTTP/1.1, (http/1.1)}{0.0.0.0:15080}
2023-08-29 18:54:07,048 [main] INFO  server.Server (Server.java:doStart(415)) - Started @91605ms
2023-08-29 18:54:07,048 [main] WARN  impl.MetricsSystemImpl (MetricsSystemImpl.java:register(279)) - Sink prometheus already exists!
2023-08-29 18:54:07,049 [main] INFO  http.BaseHttpServer (BaseHttpServer.java:updateConnectorAddress(354)) - HTTP server of hddsDatanode listening at http://0.0.0.0:15080
2023-08-29 18:54:07,050 [main] INFO  ipc.CallQueueManager (CallQueueManager.java:<init>(90)) - Using callQueue: class java.util.concurrent.LinkedBlockingQueue, queueCapacity: 100, scheduler: class org.apache.hadoop.ipc.DefaultRpcScheduler, ipcBackoff: false.
2023-08-29 18:54:07,051 [main] INFO  ipc.Server (Server.java:<init>(1287)) - Listener at 0.0.0.0:15081
2023-08-29 18:54:07,052 [Socket Reader #1 for port 15081] INFO  ipc.Server (Server.java:run(1323)) - Starting Socket Reader #1 for port 15081
2023-08-29 18:54:07,058 [main] INFO  ozone.HddsDatanodeService (HddsDatanodeService.java:start(315)) - Datanode start with admins: [runner]
2023-08-29 18:54:07,058 [main] INFO  ozone.HddsDatanodeClientProtocolServer (HddsDatanodeClientProtocolServer.java:start(72)) - RPC server for Client /0.0.0.0:15081
2023-08-29 18:54:07,058 [IPC Server Responder] INFO  ipc.Server (Server.java:run(1562)) - IPC Server Responder: starting
2023-08-29 18:54:07,059 [IPC Server listener on 15081] INFO  ipc.Server (Server.java:run(1402)) - IPC Server listener on 15081: starting
2023-08-29 18:54:07,059 [main] WARN  impl.MetricRegistriesImpl (MetricRegistriesImpl.java:addReporterRegistration(111)) - New reporters are added after registries were created. Some metrics will be missing from the reporter. Please add reporter before adding any new registry.
2023-08-29 18:54:07,059 [main] WARN  impl.MetricRegistriesImpl (MetricRegistriesImpl.java:addReporterRegistration(111)) - New reporters are added after registries were created. Some metrics will be missing from the reporter. Please add reporter before adding any new registry.
2023-08-29 18:54:07,059 [main] INFO  impl.MetricsSystemImpl (MetricsSystemImpl.java:init(158)) - HddsDatanode metrics system started (again)
2023-08-29 18:54:07,067 [Datanode State Machine Daemon Thread] INFO  statemachine.DatanodeStateMachine (DatanodeStateMachine.java:lambda$startDaemon$0(538)) - Ozone container server started.
2023-08-29 18:54:07,073 [main] INFO  ozone.HddsDatanodeService (HddsDatanodeService.java:start(237)) - HddsDatanodeService host:fv-az225-157.hxhba2eg53duheooqg2bzplbvd.bx.internal.cloudapp.net ip:10.1.0.239
2023-08-29 18:54:07,087 [Datanode State Machine Task Thread - 0] INFO  datanode.InitDatanodeState (InitDatanodeState.java:persistContainerDatanodeDetails(138)) - DatanodeDetails is persisted to /home/runner/work/ozone/ozone/hadoop-ozone/integration-test/target/test-dir/MiniOzoneClusterImpl-05f3a914-8c49-4f9f-9f2f-4b041a8937a3/datanode-2/meta/datanode.id
2023-08-29 18:54:07,102 [main] INFO  upgrade.AbstractLayoutVersionManager (AbstractLayoutVersionManager.java:init(83)) - Initializing Layout version manager with metadata layout = HADOOP_PRC_PORTS_IN_DATANODEDETAILS (version = 7), software layout = HADOOP_PRC_PORTS_IN_DATANODEDETAILS (version = 7)
2023-08-29 18:54:07,103 [main] INFO  statemachine.DatanodeStateMachine (DatanodeStateMachine.java:getEndPointTaskThreadPoolSize(282)) - Datanode State Machine Task Thread Pool size 2
2023-08-29 18:54:07,106 [main] INFO  volume.HddsVolume (HddsVolume.java:<init>(126)) - Creating HddsVolume: /home/runner/work/ozone/ozone/hadoop-ozone/integration-test/target/test-dir/MiniOzoneClusterImpl-05f3a914-8c49-4f9f-9f2f-4b041a8937a3/datanode-3/data-0/containers/hdds of storage type : DISK capacity : 9223372036854775807
2023-08-29 18:54:07,106 [main] INFO  volume.MutableVolumeSet (MutableVolumeSet.java:initializeVolumeSet(173)) - Added Volume : /home/runner/work/ozone/ozone/hadoop-ozone/integration-test/target/test-dir/MiniOzoneClusterImpl-05f3a914-8c49-4f9f-9f2f-4b041a8937a3/datanode-3/data-0/containers/hdds to VolumeSet
2023-08-29 18:54:07,106 [main] INFO  volume.MutableVolumeSet (MutableVolumeSet.java:initializeVolumeSet(173)) - Added Volume : /home/runner/work/ozone/ozone/hadoop-ozone/integration-test/target/test-dir/MiniOzoneClusterImpl-05f3a914-8c49-4f9f-9f2f-4b041a8937a3/datanode-3/data/ratis to VolumeSet
2023-08-29 18:54:07,108 [Thread-842] INFO  ozoneimpl.ContainerReader (ContainerReader.java:readVolume(177)) - Finish verifying containers on volume /home/runner/work/ozone/ozone/hadoop-ozone/integration-test/target/test-dir/MiniOzoneClusterImpl-05f3a914-8c49-4f9f-9f2f-4b041a8937a3/datanode-3/data-0/containers/hdds
2023-08-29 18:54:07,108 [main] INFO  ozoneimpl.OzoneContainer (OzoneContainer.java:buildContainerSet(314)) - Build ContainerSet costs 0s
2023-08-29 18:54:07,110 [main] INFO  server.RaftServer (ConfUtils.java:logGet(46)) - raft.rpc.type = GRPC (default)
2023-08-29 18:54:07,111 [main] INFO  grpc.GrpcConfigKeys (ConfUtils.java:logFallback(53)) - raft.grpc.admin.host = null (fallback to raft.grpc.server.host)
2023-08-29 18:54:07,111 [main] INFO  grpc.GrpcConfigKeys (ConfUtils.java:logGet(46)) - raft.grpc.admin.port = 15093 (custom)
2023-08-29 18:54:07,111 [main] INFO  grpc.GrpcConfigKeys (ConfUtils.java:logFallback(53)) - raft.grpc.client.host = null (fallback to raft.grpc.server.host)
2023-08-29 18:54:07,111 [main] INFO  grpc.GrpcConfigKeys (ConfUtils.java:logGet(46)) - raft.grpc.client.port = 15092 (custom)
2023-08-29 18:54:07,111 [main] INFO  grpc.GrpcConfigKeys (ConfUtils.java:logGet(46)) - raft.grpc.server.host = null (default)
2023-08-29 18:54:07,111 [main] INFO  grpc.GrpcConfigKeys (ConfUtils.java:logGet(46)) - raft.grpc.server.port = 15094 (custom)
2023-08-29 18:54:07,111 [main] INFO  server.GrpcService (ConfUtils.java:logGet(46)) - raft.grpc.message.size.max = 32MB (=33554432) (custom)
2023-08-29 18:54:07,111 [main] INFO  server.RaftServerConfigKeys (ConfUtils.java:logGet(46)) - raft.server.log.appender.buffer.byte-limit = 33554432 (custom)
2023-08-29 18:54:07,111 [main] INFO  server.GrpcService (ConfUtils.java:logGet(46)) - raft.grpc.flow.control.window = 5MB (=5242880) (custom)
2023-08-29 18:54:07,112 [main] INFO  server.RaftServerConfigKeys (ConfUtils.java:logGet(46)) - raft.server.rpc.request.timeout = 60s (custom)
2023-08-29 18:54:07,112 [main] INFO  grpc.GrpcConfigKeys (ConfUtils.java:logGet(46)) - raft.grpc.server.heartbeat.channel = true (default)
2023-08-29 18:54:07,112 [main] INFO  grpc.GrpcConfigKeys (ConfUtils.java:logGet(46)) - raft.grpc.server.async.request.thread.pool.cached = true (default)
2023-08-29 18:54:07,112 [main] INFO  grpc.GrpcConfigKeys (ConfUtils.java:logGet(46)) - raft.grpc.server.async.request.thread.pool.size = 32 (default)
2023-08-29 18:54:07,117 [main] INFO  impl.DataStreamServerImpl (ConfUtils.java:logGet(46)) - raft.datastream.type = NETTY (custom)
2023-08-29 18:54:07,117 [main] INFO  server.RaftServerConfigKeys (ConfUtils.java:logGet(46)) - raft.server.data-stream.async.request.thread.pool.cached = false (default)
2023-08-29 18:54:07,118 [main] INFO  server.RaftServerConfigKeys (ConfUtils.java:logGet(46)) - raft.server.data-stream.async.request.thread.pool.size = 20 (custom)
2023-08-29 18:54:07,118 [main] INFO  server.RaftServerConfigKeys (ConfUtils.java:logGet(46)) - raft.server.data-stream.async.write.thread.pool.size = 16 (default)
2023-08-29 18:54:07,118 [main] INFO  server.RaftServerConfigKeys (ConfUtils.java:logGet(46)) - raft.server.data-stream.client.pool.size = 10 (default)
2023-08-29 18:54:07,118 [main] INFO  netty.NettyConfigKeys$DataStream (ConfUtils.java:logGet(46)) - raft.netty.dataStream.server.use-epoll = false (default)
2023-08-29 18:54:07,119 [main] INFO  netty.NettyConfigKeys$DataStream (ConfUtils.java:logGet(46)) - raft.netty.dataStream.server.boss-group.size = 0 (default)
2023-08-29 18:54:07,119 [main] INFO  netty.NettyConfigKeys$DataStream (ConfUtils.java:logGet(46)) - raft.netty.dataStream.server.worker-group.size = 0 (default)
2023-08-29 18:54:07,119 [main] INFO  netty.NettyConfigKeys$DataStream (ConfUtils.java:logGet(46)) - raft.netty.dataStream.server.tls.conf = null (default)
2023-08-29 18:54:07,120 [main] INFO  netty.NettyConfigKeys$DataStream (ConfUtils.java:logGet(46)) - raft.netty.dataStream.host = null (default)
2023-08-29 18:54:07,120 [main] INFO  netty.NettyConfigKeys$DataStream (ConfUtils.java:logGet(46)) - raft.netty.dataStream.port = 15095 (custom)
2023-08-29 18:54:07,124 [main] INFO  server.RaftServerConfigKeys (ConfUtils.java:logGet(46)) - raft.server.threadpool.proxy.cached = true (default)
2023-08-29 18:54:07,124 [main] INFO  server.RaftServerConfigKeys (ConfUtils.java:logGet(46)) - raft.server.threadpool.proxy.size = 0 (default)
2023-08-29 18:54:07,124 [main] INFO  server.RaftServerConfigKeys (ConfUtils.java:logGet(46)) - raft.server.rpc.slowness.timeout = 300s (custom)
2023-08-29 18:54:07,125 [main] INFO  server.RaftServerConfigKeys (ConfUtils.java:logGet(46)) - raft.server.leaderelection.leader.step-down.wait-time = 10s (default)
2023-08-29 18:54:07,125 [main] INFO  server.RaftServerConfigKeys (ConfUtils.java:logGet(46)) - raft.server.storage.dir = [/home/runner/work/ozone/ozone/hadoop-ozone/integration-test/target/test-dir/MiniOzoneClusterImpl-05f3a914-8c49-4f9f-9f2f-4b041a8937a3/datanode-3/data/ratis] (custom)
2023-08-29 18:54:07,125 [56262cb9-d4bb-4e4d-aa87-5a4e1fe7f493-NettyServerStreamRpc-bossGroup--thread1] INFO  logging.LoggingHandler (AbstractInternalLogger.java:log(148)) - [id: 0xf42e0d89] REGISTERED
2023-08-29 18:54:07,125 [56262cb9-d4bb-4e4d-aa87-5a4e1fe7f493-NettyServerStreamRpc-bossGroup--thread1] INFO  logging.LoggingHandler (AbstractInternalLogger.java:log(148)) - [id: 0xf42e0d89] BIND: 0.0.0.0/0.0.0.0:15095
2023-08-29 18:54:07,125 [56262cb9-d4bb-4e4d-aa87-5a4e1fe7f493-NettyServerStreamRpc-bossGroup--thread1] INFO  logging.LoggingHandler (AbstractInternalLogger.java:log(148)) - [id: 0xf42e0d89, L:/0:0:0:0:0:0:0:0:15095] ACTIVE
2023-08-29 18:54:07,126 [56262cb9-d4bb-4e4d-aa87-5a4e1fe7f493-impl-thread1] INFO  server.RaftServer (RaftServerProxy.java:initGroupDir(258)) - 56262cb9-d4bb-4e4d-aa87-5a4e1fe7f493: found a subdirectory /home/runner/work/ozone/ozone/hadoop-ozone/integration-test/target/test-dir/MiniOzoneClusterImpl-05f3a914-8c49-4f9f-9f2f-4b041a8937a3/datanode-3/data/ratis/tmp
2023-08-29 18:54:07,126 [56262cb9-d4bb-4e4d-aa87-5a4e1fe7f493-impl-thread1] INFO  server.RaftServer (RaftServerProxy.java:initGroupDir(263)) - 56262cb9-d4bb-4e4d-aa87-5a4e1fe7f493: The directory /home/runner/work/ozone/ozone/hadoop-ozone/integration-test/target/test-dir/MiniOzoneClusterImpl-05f3a914-8c49-4f9f-9f2f-4b041a8937a3/datanode-3/data/ratis/tmp is not a group directory; ignoring it. 
2023-08-29 18:54:07,126 [main] INFO  replication.ReplicationServer (ReplicationServer.java:<init>(81)) - Initializing replication server with thread count = 10
2023-08-29 18:54:07,127 [main] INFO  server.XceiverServerGrpc (XceiverServerGrpc.java:<init>(132)) - GrpcServer channel type EpollServerSocketChannel
2023-08-29 18:54:07,130 [main] INFO  replication.ReplicationSupervisor (ReplicationSupervisor.java:build(155)) - Initializing replication supervisor with thread count = 10
2023-08-29 18:54:07,130 [main] INFO  replication.ReplicationSupervisor (ReplicationSupervisor.java:nodeStateUpdated(307)) - Node state updated to IN_SERVICE, scaling executor pool size to 10
2023-08-29 18:54:07,135 [main] INFO  http.BaseHttpServer (BaseHttpServer.java:newHttpServer2BuilderForOzone(223)) - Starting Web-server for hddsDatanode at: http://0.0.0.0:15089
2023-08-29 18:54:07,135 [main] INFO  http.BaseHttpServer (BaseHttpServer.java:<init>(110)) - Hadoop Security Enabled: false Ozone Security Enabled: false Ozone HTTP Security Enabled: false 
2023-08-29 18:54:07,136 [main] WARN  server.AuthenticationFilter (AuthenticationFilter.java:constructSecretProvider(240)) - Unable to initialize FileSignerSecretProvider, falling back to use random secrets. Reason: Could not read signature secret file: /home/runner/hadoop-http-auth-signature-secret
2023-08-29 18:54:07,137 [main] INFO  http.HttpRequestLog (HttpRequestLog.java:getRequestLog(86)) - Http request log for http.requests.hddsDatanode is not defined
2023-08-29 18:54:07,138 [main] INFO  http.HttpServer2 (HttpServer2.java:addGlobalFilter(1031)) - Added global filter 'safety' (class=org.apache.hadoop.hdds.server.http.HttpServer2$QuotingInputFilter)
2023-08-29 18:54:07,139 [main] INFO  http.HttpServer2 (HttpServer2.java:addFilter(1007)) - Added filter static_user_filter (class=org.apache.hadoop.http.lib.StaticUserWebFilter$StaticUserFilter) to context hddsDatanode
2023-08-29 18:54:07,139 [main] INFO  http.HttpServer2 (HttpServer2.java:addFilter(1015)) - Added filter static_user_filter (class=org.apache.hadoop.http.lib.StaticUserWebFilter$StaticUserFilter) to context static
2023-08-29 18:54:07,139 [main] INFO  http.HttpServer2 (HttpServer2.java:addFilter(1015)) - Added filter static_user_filter (class=org.apache.hadoop.http.lib.StaticUserWebFilter$StaticUserFilter) to context logs
2023-08-29 18:54:07,140 [main] INFO  http.BaseHttpServer (BaseHttpServer.java:<init>(189)) - HTTP server of hddsDatanode uses base directory /home/runner/work/ozone/ozone/hadoop-ozone/integration-test/target/test-dir/MiniOzoneClusterImpl-05f3a914-8c49-4f9f-9f2f-4b041a8937a3/datanode-3/meta/webserver
2023-08-29 18:54:07,140 [main] INFO  http.HttpServer2 (HttpServer2.java:bindListener(1231)) - Jetty bound to port 15089
2023-08-29 18:54:07,140 [main] INFO  server.Server (Server.java:doStart(375)) - jetty-9.4.51.v20230217; built: 2023-02-17T08:19:37.309Z; git: b45c405e4544384de066f814ed42ae3dceacdd49; jvm 1.8.0_382-b05
2023-08-29 18:54:07,142 [main] INFO  server.session (DefaultSessionIdManager.java:doStart(334)) - DefaultSessionIdManager workerName=node0
2023-08-29 18:54:07,142 [main] INFO  server.session (DefaultSessionIdManager.java:doStart(339)) - No SessionScavenger set, using defaults
2023-08-29 18:54:07,142 [main] INFO  server.session (HouseKeeper.java:startScavenging(132)) - node0 Scavenging every 660000ms
2023-08-29 18:54:07,143 [main] INFO  handler.ContextHandler (ContextHandler.java:doStart(921)) - Started o.e.j.s.ServletContextHandler@f6b6616{logs,/logs,file:///home/runner/work/ozone/ozone/hadoop-ozone/integration-test/target/log,AVAILABLE}
2023-08-29 18:54:07,143 [main] INFO  handler.ContextHandler (ContextHandler.java:doStart(921)) - Started o.e.j.s.ServletContextHandler@4a5fb996{static,/static,jar:file:/home/runner/.m2/repository/org/apache/ozone/hdds-container-service/1.4.0-SNAPSHOT/hdds-container-service-1.4.0-SNAPSHOT.jar!/webapps/static,AVAILABLE}
2023-08-29 18:54:07,365 [main] INFO  handler.ContextHandler (ContextHandler.java:doStart(921)) - Started o.e.j.w.WebAppContext@77837ad7{hddsDatanode,/,file:///home/runner/work/ozone/ozone/hadoop-ozone/integration-test/target/test-dir/MiniOzoneClusterImpl-05f3a914-8c49-4f9f-9f2f-4b041a8937a3/datanode-3/meta/webserver/jetty-0_0_0_0-15089-hdds-container-service-1_4_0-SNAPSHOT_jar-_-any-4417879266092478642/webapp/,AVAILABLE}{jar:file:/home/runner/.m2/repository/org/apache/ozone/hdds-container-service/1.4.0-SNAPSHOT/hdds-container-service-1.4.0-SNAPSHOT.jar!/webapps/hddsDatanode}
2023-08-29 18:54:07,367 [main] INFO  server.AbstractConnector (AbstractConnector.java:doStart(333)) - Started ServerConnector@33518754{HTTP/1.1, (http/1.1)}{0.0.0.0:15089}
2023-08-29 18:54:07,367 [main] INFO  server.Server (Server.java:doStart(415)) - Started @91923ms
2023-08-29 18:54:07,367 [main] WARN  impl.MetricsSystemImpl (MetricsSystemImpl.java:register(279)) - Sink prometheus already exists!
2023-08-29 18:54:07,368 [main] INFO  http.BaseHttpServer (BaseHttpServer.java:updateConnectorAddress(354)) - HTTP server of hddsDatanode listening at http://0.0.0.0:15089
2023-08-29 18:54:07,368 [main] INFO  ipc.CallQueueManager (CallQueueManager.java:<init>(90)) - Using callQueue: class java.util.concurrent.LinkedBlockingQueue, queueCapacity: 100, scheduler: class org.apache.hadoop.ipc.DefaultRpcScheduler, ipcBackoff: false.
2023-08-29 18:54:07,368 [main] INFO  ipc.Server (Server.java:<init>(1287)) - Listener at 0.0.0.0:15090
2023-08-29 18:54:07,371 [Socket Reader #1 for port 15090] INFO  ipc.Server (Server.java:run(1323)) - Starting Socket Reader #1 for port 15090
2023-08-29 18:54:07,374 [main] INFO  ozone.HddsDatanodeService (HddsDatanodeService.java:start(315)) - Datanode start with admins: [runner]
2023-08-29 18:54:07,374 [main] INFO  ozone.HddsDatanodeClientProtocolServer (HddsDatanodeClientProtocolServer.java:start(72)) - RPC server for Client /0.0.0.0:15090
2023-08-29 18:54:07,374 [IPC Server Responder] INFO  ipc.Server (Server.java:run(1562)) - IPC Server Responder: starting
2023-08-29 18:54:07,375 [IPC Server listener on 15090] INFO  ipc.Server (Server.java:run(1402)) - IPC Server listener on 15090: starting
2023-08-29 18:54:07,376 [Datanode State Machine Daemon Thread] INFO  statemachine.DatanodeStateMachine (DatanodeStateMachine.java:lambda$startDaemon$0(538)) - Ozone container server started.
2023-08-29 18:54:07,376 [main] WARN  impl.MetricRegistriesImpl (MetricRegistriesImpl.java:addReporterRegistration(111)) - New reporters are added after registries were created. Some metrics will be missing from the reporter. Please add reporter before adding any new registry.
2023-08-29 18:54:07,376 [main] WARN  impl.MetricRegistriesImpl (MetricRegistriesImpl.java:addReporterRegistration(111)) - New reporters are added after registries were created. Some metrics will be missing from the reporter. Please add reporter before adding any new registry.
2023-08-29 18:54:07,376 [main] INFO  impl.MetricsSystemImpl (MetricsSystemImpl.java:init(158)) - HddsDatanode metrics system started (again)
2023-08-29 18:54:07,389 [main] INFO  ozone.HddsDatanodeService (HddsDatanodeService.java:start(237)) - HddsDatanodeService host:fv-az225-157.hxhba2eg53duheooqg2bzplbvd.bx.internal.cloudapp.net ip:10.1.0.239
2023-08-29 18:54:07,393 [Datanode State Machine Task Thread - 0] INFO  datanode.InitDatanodeState (InitDatanodeState.java:persistContainerDatanodeDetails(138)) - DatanodeDetails is persisted to /home/runner/work/ozone/ozone/hadoop-ozone/integration-test/target/test-dir/MiniOzoneClusterImpl-05f3a914-8c49-4f9f-9f2f-4b041a8937a3/datanode-3/meta/datanode.id
2023-08-29 18:54:07,411 [main] INFO  upgrade.AbstractLayoutVersionManager (AbstractLayoutVersionManager.java:init(83)) - Initializing Layout version manager with metadata layout = HADOOP_PRC_PORTS_IN_DATANODEDETAILS (version = 7), software layout = HADOOP_PRC_PORTS_IN_DATANODEDETAILS (version = 7)
2023-08-29 18:54:07,412 [main] INFO  statemachine.DatanodeStateMachine (DatanodeStateMachine.java:getEndPointTaskThreadPoolSize(282)) - Datanode State Machine Task Thread Pool size 2
2023-08-29 18:54:07,413 [main] INFO  volume.HddsVolume (HddsVolume.java:<init>(126)) - Creating HddsVolume: /home/runner/work/ozone/ozone/hadoop-ozone/integration-test/target/test-dir/MiniOzoneClusterImpl-05f3a914-8c49-4f9f-9f2f-4b041a8937a3/datanode-4/data-0/containers/hdds of storage type : DISK capacity : 9223372036854775807
2023-08-29 18:54:07,413 [main] INFO  volume.MutableVolumeSet (MutableVolumeSet.java:initializeVolumeSet(173)) - Added Volume : /home/runner/work/ozone/ozone/hadoop-ozone/integration-test/target/test-dir/MiniOzoneClusterImpl-05f3a914-8c49-4f9f-9f2f-4b041a8937a3/datanode-4/data-0/containers/hdds to VolumeSet
2023-08-29 18:54:07,414 [main] INFO  volume.MutableVolumeSet (MutableVolumeSet.java:initializeVolumeSet(173)) - Added Volume : /home/runner/work/ozone/ozone/hadoop-ozone/integration-test/target/test-dir/MiniOzoneClusterImpl-05f3a914-8c49-4f9f-9f2f-4b041a8937a3/datanode-4/data/ratis to VolumeSet
2023-08-29 18:54:07,414 [Thread-859] INFO  ozoneimpl.ContainerReader (ContainerReader.java:readVolume(177)) - Finish verifying containers on volume /home/runner/work/ozone/ozone/hadoop-ozone/integration-test/target/test-dir/MiniOzoneClusterImpl-05f3a914-8c49-4f9f-9f2f-4b041a8937a3/datanode-4/data-0/containers/hdds
2023-08-29 18:54:07,414 [main] INFO  ozoneimpl.OzoneContainer (OzoneContainer.java:buildContainerSet(314)) - Build ContainerSet costs 0s
2023-08-29 18:54:07,416 [main] INFO  server.RaftServer (ConfUtils.java:logGet(46)) - raft.rpc.type = GRPC (default)
2023-08-29 18:54:07,416 [main] INFO  grpc.GrpcConfigKeys (ConfUtils.java:logFallback(53)) - raft.grpc.admin.host = null (fallback to raft.grpc.server.host)
2023-08-29 18:54:07,417 [main] INFO  grpc.GrpcConfigKeys (ConfUtils.java:logGet(46)) - raft.grpc.admin.port = 15102 (custom)
2023-08-29 18:54:07,417 [main] INFO  grpc.GrpcConfigKeys (ConfUtils.java:logFallback(53)) - raft.grpc.client.host = null (fallback to raft.grpc.server.host)
2023-08-29 18:54:07,417 [main] INFO  grpc.GrpcConfigKeys (ConfUtils.java:logGet(46)) - raft.grpc.client.port = 15101 (custom)
2023-08-29 18:54:07,417 [main] INFO  grpc.GrpcConfigKeys (ConfUtils.java:logGet(46)) - raft.grpc.server.host = null (default)
2023-08-29 18:54:07,417 [main] INFO  grpc.GrpcConfigKeys (ConfUtils.java:logGet(46)) - raft.grpc.server.port = 15103 (custom)
2023-08-29 18:54:07,417 [main] INFO  server.GrpcService (ConfUtils.java:logGet(46)) - raft.grpc.message.size.max = 32MB (=33554432) (custom)
2023-08-29 18:54:07,417 [main] INFO  server.RaftServerConfigKeys (ConfUtils.java:logGet(46)) - raft.server.log.appender.buffer.byte-limit = 33554432 (custom)
2023-08-29 18:54:07,417 [main] INFO  server.GrpcService (ConfUtils.java:logGet(46)) - raft.grpc.flow.control.window = 5MB (=5242880) (custom)
2023-08-29 18:54:07,417 [main] INFO  server.RaftServerConfigKeys (ConfUtils.java:logGet(46)) - raft.server.rpc.request.timeout = 60s (custom)
2023-08-29 18:54:07,417 [main] INFO  grpc.GrpcConfigKeys (ConfUtils.java:logGet(46)) - raft.grpc.server.heartbeat.channel = true (default)
2023-08-29 18:54:07,418 [main] INFO  grpc.GrpcConfigKeys (ConfUtils.java:logGet(46)) - raft.grpc.server.async.request.thread.pool.cached = true (default)
2023-08-29 18:54:07,418 [main] INFO  grpc.GrpcConfigKeys (ConfUtils.java:logGet(46)) - raft.grpc.server.async.request.thread.pool.size = 32 (default)
2023-08-29 18:54:07,420 [main] INFO  impl.DataStreamServerImpl (ConfUtils.java:logGet(46)) - raft.datastream.type = NETTY (custom)
2023-08-29 18:54:07,420 [main] INFO  server.RaftServerConfigKeys (ConfUtils.java:logGet(46)) - raft.server.data-stream.async.request.thread.pool.cached = false (default)
2023-08-29 18:54:07,420 [main] INFO  server.RaftServerConfigKeys (ConfUtils.java:logGet(46)) - raft.server.data-stream.async.request.thread.pool.size = 20 (custom)
2023-08-29 18:54:07,420 [main] INFO  server.RaftServerConfigKeys (ConfUtils.java:logGet(46)) - raft.server.data-stream.async.write.thread.pool.size = 16 (default)
2023-08-29 18:54:07,421 [main] INFO  server.RaftServerConfigKeys (ConfUtils.java:logGet(46)) - raft.server.data-stream.client.pool.size = 10 (default)
2023-08-29 18:54:07,421 [main] INFO  netty.NettyConfigKeys$DataStream (ConfUtils.java:logGet(46)) - raft.netty.dataStream.server.use-epoll = false (default)
2023-08-29 18:54:07,421 [main] INFO  netty.NettyConfigKeys$DataStream (ConfUtils.java:logGet(46)) - raft.netty.dataStream.server.boss-group.size = 0 (default)
2023-08-29 18:54:07,421 [main] INFO  netty.NettyConfigKeys$DataStream (ConfUtils.java:logGet(46)) - raft.netty.dataStream.server.worker-group.size = 0 (default)
2023-08-29 18:54:07,421 [main] INFO  netty.NettyConfigKeys$DataStream (ConfUtils.java:logGet(46)) - raft.netty.dataStream.server.tls.conf = null (default)
2023-08-29 18:54:07,422 [main] INFO  netty.NettyConfigKeys$DataStream (ConfUtils.java:logGet(46)) - raft.netty.dataStream.host = null (default)
2023-08-29 18:54:07,422 [main] INFO  netty.NettyConfigKeys$DataStream (ConfUtils.java:logGet(46)) - raft.netty.dataStream.port = 15104 (custom)
2023-08-29 18:54:07,422 [main] INFO  server.RaftServerConfigKeys (ConfUtils.java:logGet(46)) - raft.server.threadpool.proxy.cached = true (default)
2023-08-29 18:54:07,422 [main] INFO  server.RaftServerConfigKeys (ConfUtils.java:logGet(46)) - raft.server.threadpool.proxy.size = 0 (default)
2023-08-29 18:54:07,422 [6fd2df5d-7fa6-4dbe-8371-fb8b49d5e440-NettyServerStreamRpc-bossGroup--thread1] INFO  logging.LoggingHandler (AbstractInternalLogger.java:log(148)) - [id: 0xe531f4af] REGISTERED
2023-08-29 18:54:07,422 [main] INFO  server.RaftServerConfigKeys (ConfUtils.java:logGet(46)) - raft.server.rpc.slowness.timeout = 300s (custom)
2023-08-29 18:54:07,422 [6fd2df5d-7fa6-4dbe-8371-fb8b49d5e440-NettyServerStreamRpc-bossGroup--thread1] INFO  logging.LoggingHandler (AbstractInternalLogger.java:log(148)) - [id: 0xe531f4af] BIND: 0.0.0.0/0.0.0.0:15104
2023-08-29 18:54:07,422 [main] INFO  server.RaftServerConfigKeys (ConfUtils.java:logGet(46)) - raft.server.leaderelection.leader.step-down.wait-time = 10s (default)
2023-08-29 18:54:07,423 [6fd2df5d-7fa6-4dbe-8371-fb8b49d5e440-NettyServerStreamRpc-bossGroup--thread1] INFO  logging.LoggingHandler (AbstractInternalLogger.java:log(148)) - [id: 0xe531f4af, L:/0:0:0:0:0:0:0:0:15104] ACTIVE
2023-08-29 18:54:07,423 [main] INFO  server.RaftServerConfigKeys (ConfUtils.java:logGet(46)) - raft.server.storage.dir = [/home/runner/work/ozone/ozone/hadoop-ozone/integration-test/target/test-dir/MiniOzoneClusterImpl-05f3a914-8c49-4f9f-9f2f-4b041a8937a3/datanode-4/data/ratis] (custom)
2023-08-29 18:54:07,423 [6fd2df5d-7fa6-4dbe-8371-fb8b49d5e440-impl-thread1] INFO  server.RaftServer (RaftServerProxy.java:initGroupDir(258)) - 6fd2df5d-7fa6-4dbe-8371-fb8b49d5e440: found a subdirectory /home/runner/work/ozone/ozone/hadoop-ozone/integration-test/target/test-dir/MiniOzoneClusterImpl-05f3a914-8c49-4f9f-9f2f-4b041a8937a3/datanode-4/data/ratis/tmp
2023-08-29 18:54:07,423 [6fd2df5d-7fa6-4dbe-8371-fb8b49d5e440-impl-thread1] INFO  server.RaftServer (RaftServerProxy.java:initGroupDir(263)) - 6fd2df5d-7fa6-4dbe-8371-fb8b49d5e440: The directory /home/runner/work/ozone/ozone/hadoop-ozone/integration-test/target/test-dir/MiniOzoneClusterImpl-05f3a914-8c49-4f9f-9f2f-4b041a8937a3/datanode-4/data/ratis/tmp is not a group directory; ignoring it. 
2023-08-29 18:54:07,425 [main] INFO  replication.ReplicationServer (ReplicationServer.java:<init>(81)) - Initializing replication server with thread count = 10
2023-08-29 18:54:07,426 [main] INFO  server.XceiverServerGrpc (XceiverServerGrpc.java:<init>(132)) - GrpcServer channel type EpollServerSocketChannel
2023-08-29 18:54:07,428 [main] INFO  replication.ReplicationSupervisor (ReplicationSupervisor.java:build(155)) - Initializing replication supervisor with thread count = 10
2023-08-29 18:54:07,428 [main] INFO  replication.ReplicationSupervisor (ReplicationSupervisor.java:nodeStateUpdated(307)) - Node state updated to IN_SERVICE, scaling executor pool size to 10
2023-08-29 18:54:07,429 [main] INFO  http.BaseHttpServer (BaseHttpServer.java:newHttpServer2BuilderForOzone(223)) - Starting Web-server for hddsDatanode at: http://0.0.0.0:15098
2023-08-29 18:54:07,429 [main] INFO  http.BaseHttpServer (BaseHttpServer.java:<init>(110)) - Hadoop Security Enabled: false Ozone Security Enabled: false Ozone HTTP Security Enabled: false 
2023-08-29 18:54:07,431 [main] WARN  server.AuthenticationFilter (AuthenticationFilter.java:constructSecretProvider(240)) - Unable to initialize FileSignerSecretProvider, falling back to use random secrets. Reason: Could not read signature secret file: /home/runner/hadoop-http-auth-signature-secret
2023-08-29 18:54:07,431 [main] INFO  http.HttpRequestLog (HttpRequestLog.java:getRequestLog(86)) - Http request log for http.requests.hddsDatanode is not defined
2023-08-29 18:54:07,432 [main] INFO  http.HttpServer2 (HttpServer2.java:addGlobalFilter(1031)) - Added global filter 'safety' (class=org.apache.hadoop.hdds.server.http.HttpServer2$QuotingInputFilter)
2023-08-29 18:54:07,433 [main] INFO  http.HttpServer2 (HttpServer2.java:addFilter(1007)) - Added filter static_user_filter (class=org.apache.hadoop.http.lib.StaticUserWebFilter$StaticUserFilter) to context hddsDatanode
2023-08-29 18:54:07,433 [main] INFO  http.HttpServer2 (HttpServer2.java:addFilter(1015)) - Added filter static_user_filter (class=org.apache.hadoop.http.lib.StaticUserWebFilter$StaticUserFilter) to context static
2023-08-29 18:54:07,433 [main] INFO  http.HttpServer2 (HttpServer2.java:addFilter(1015)) - Added filter static_user_filter (class=org.apache.hadoop.http.lib.StaticUserWebFilter$StaticUserFilter) to context logs
2023-08-29 18:54:07,433 [main] INFO  http.BaseHttpServer (BaseHttpServer.java:<init>(189)) - HTTP server of hddsDatanode uses base directory /home/runner/work/ozone/ozone/hadoop-ozone/integration-test/target/test-dir/MiniOzoneClusterImpl-05f3a914-8c49-4f9f-9f2f-4b041a8937a3/datanode-4/meta/webserver
2023-08-29 18:54:07,434 [main] INFO  http.HttpServer2 (HttpServer2.java:bindListener(1231)) - Jetty bound to port 15098
2023-08-29 18:54:07,434 [main] INFO  server.Server (Server.java:doStart(375)) - jetty-9.4.51.v20230217; built: 2023-02-17T08:19:37.309Z; git: b45c405e4544384de066f814ed42ae3dceacdd49; jvm 1.8.0_382-b05
2023-08-29 18:54:07,435 [main] INFO  server.session (DefaultSessionIdManager.java:doStart(334)) - DefaultSessionIdManager workerName=node0
2023-08-29 18:54:07,435 [main] INFO  server.session (DefaultSessionIdManager.java:doStart(339)) - No SessionScavenger set, using defaults
2023-08-29 18:54:07,435 [main] INFO  server.session (HouseKeeper.java:startScavenging(132)) - node0 Scavenging every 600000ms
2023-08-29 18:54:07,436 [main] INFO  handler.ContextHandler (ContextHandler.java:doStart(921)) - Started o.e.j.s.ServletContextHandler@4ce631bf{logs,/logs,file:///home/runner/work/ozone/ozone/hadoop-ozone/integration-test/target/log,AVAILABLE}
2023-08-29 18:54:07,436 [main] INFO  handler.ContextHandler (ContextHandler.java:doStart(921)) - Started o.e.j.s.ServletContextHandler@7782b6f0{static,/static,jar:file:/home/runner/.m2/repository/org/apache/ozone/hdds-container-service/1.4.0-SNAPSHOT/hdds-container-service-1.4.0-SNAPSHOT.jar!/webapps/static,AVAILABLE}
2023-08-29 18:54:07,625 [main] INFO  handler.ContextHandler (ContextHandler.java:doStart(921)) - Started o.e.j.w.WebAppContext@244f95d2{hddsDatanode,/,file:///home/runner/work/ozone/ozone/hadoop-ozone/integration-test/target/test-dir/MiniOzoneClusterImpl-05f3a914-8c49-4f9f-9f2f-4b041a8937a3/datanode-4/meta/webserver/jetty-0_0_0_0-15098-hdds-container-service-1_4_0-SNAPSHOT_jar-_-any-2170816471392699044/webapp/,AVAILABLE}{jar:file:/home/runner/.m2/repository/org/apache/ozone/hdds-container-service/1.4.0-SNAPSHOT/hdds-container-service-1.4.0-SNAPSHOT.jar!/webapps/hddsDatanode}
2023-08-29 18:54:07,627 [main] INFO  server.AbstractConnector (AbstractConnector.java:doStart(333)) - Started ServerConnector@5737d839{HTTP/1.1, (http/1.1)}{0.0.0.0:15098}
2023-08-29 18:54:07,627 [main] INFO  server.Server (Server.java:doStart(415)) - Started @92183ms
2023-08-29 18:54:07,627 [main] WARN  impl.MetricsSystemImpl (MetricsSystemImpl.java:register(279)) - Sink prometheus already exists!
2023-08-29 18:54:07,627 [main] INFO  http.BaseHttpServer (BaseHttpServer.java:updateConnectorAddress(354)) - HTTP server of hddsDatanode listening at http://0.0.0.0:15098
2023-08-29 18:54:07,628 [main] INFO  ipc.CallQueueManager (CallQueueManager.java:<init>(90)) - Using callQueue: class java.util.concurrent.LinkedBlockingQueue, queueCapacity: 100, scheduler: class org.apache.hadoop.ipc.DefaultRpcScheduler, ipcBackoff: false.
2023-08-29 18:54:07,628 [main] INFO  ipc.Server (Server.java:<init>(1287)) - Listener at 0.0.0.0:15099
2023-08-29 18:54:07,629 [Socket Reader #1 for port 15099] INFO  ipc.Server (Server.java:run(1323)) - Starting Socket Reader #1 for port 15099
2023-08-29 18:54:07,630 [main] INFO  ozone.HddsDatanodeService (HddsDatanodeService.java:start(315)) - Datanode start with admins: [runner]
2023-08-29 18:54:07,630 [main] INFO  ozone.HddsDatanodeClientProtocolServer (HddsDatanodeClientProtocolServer.java:start(72)) - RPC server for Client /0.0.0.0:15099
2023-08-29 18:54:07,630 [IPC Server Responder] INFO  ipc.Server (Server.java:run(1562)) - IPC Server Responder: starting
2023-08-29 18:54:07,630 [IPC Server listener on 15099] INFO  ipc.Server (Server.java:run(1402)) - IPC Server listener on 15099: starting
2023-08-29 18:54:07,631 [main] INFO  ozone.MiniOzoneClusterImpl (MiniOzoneClusterImpl.java:lambda$waitForClusterToBeReady$0(224)) - Waiting for nodes to be ready. Got 0 of 5 DN Heartbeats.
2023-08-29 18:54:07,631 [main] INFO  ozone.MiniOzoneClusterImpl (MiniOzoneClusterImpl.java:lambda$waitForClusterToBeReady$0(227)) - Waiting for cluster to exit safe mode
2023-08-29 18:54:07,631 [main] INFO  ozone.MiniOzoneClusterImpl (MiniOzoneClusterImpl.java:lambda$waitForClusterToBeReady$0(229)) - SCM became leader
2023-08-29 18:54:07,632 [Datanode State Machine Daemon Thread] INFO  statemachine.DatanodeStateMachine (DatanodeStateMachine.java:lambda$startDaemon$0(538)) - Ozone container server started.
2023-08-29 18:54:07,638 [Datanode State Machine Task Thread - 0] INFO  datanode.InitDatanodeState (InitDatanodeState.java:persistContainerDatanodeDetails(138)) - DatanodeDetails is persisted to /home/runner/work/ozone/ozone/hadoop-ozone/integration-test/target/test-dir/MiniOzoneClusterImpl-05f3a914-8c49-4f9f-9f2f-4b041a8937a3/datanode-4/meta/datanode.id
2023-08-29 18:54:08,548 [EndpointStateMachine task thread for /0.0.0.0:15055 - 0 ] INFO  utils.DatanodeStoreCache (DatanodeStoreCache.java:addDB(66)) - Added db /home/runner/work/ozone/ozone/hadoop-ozone/integration-test/target/test-dir/MiniOzoneClusterImpl-05f3a914-8c49-4f9f-9f2f-4b041a8937a3/datanode-0/data-0/containers/hdds/05f3a914-8c49-4f9f-9f2f-4b041a8937a3/DS-ad69c23f-41fc-4c99-954e-4eec0655f7d7/container.db to cache
2023-08-29 18:54:08,548 [EndpointStateMachine task thread for /0.0.0.0:15055 - 0 ] INFO  volume.HddsVolume (HddsVolume.java:createDbStore(422)) - SchemaV3 db is created and loaded at /home/runner/work/ozone/ozone/hadoop-ozone/integration-test/target/test-dir/MiniOzoneClusterImpl-05f3a914-8c49-4f9f-9f2f-4b041a8937a3/datanode-0/data-0/containers/hdds/05f3a914-8c49-4f9f-9f2f-4b041a8937a3/DS-ad69c23f-41fc-4c99-954e-4eec0655f7d7/container.db for volume DS-ad69c23f-41fc-4c99-954e-4eec0655f7d7
2023-08-29 18:54:08,550 [EndpointStateMachine task thread for /0.0.0.0:15055 - 0 ] INFO  volume.ThrottledAsyncChecker (ThrottledAsyncChecker.java:schedule(141)) - Scheduling a check for /home/runner/work/ozone/ozone/hadoop-ozone/integration-test/target/test-dir/MiniOzoneClusterImpl-05f3a914-8c49-4f9f-9f2f-4b041a8937a3/datanode-0/data-0/containers/hdds
2023-08-29 18:54:08,557 [EndpointStateMachine task thread for /0.0.0.0:15055 - 0 ] INFO  volume.StorageVolumeChecker (StorageVolumeChecker.java:checkAllVolumes(213)) - Scheduled health check for volume /home/runner/work/ozone/ozone/hadoop-ozone/integration-test/target/test-dir/MiniOzoneClusterImpl-05f3a914-8c49-4f9f-9f2f-4b041a8937a3/datanode-0/data-0/containers/hdds
2023-08-29 18:54:08,559 [EndpointStateMachine task thread for /0.0.0.0:15055 - 0 ] INFO  volume.ThrottledAsyncChecker (ThrottledAsyncChecker.java:schedule(141)) - Scheduling a check for /home/runner/work/ozone/ozone/hadoop-ozone/integration-test/target/test-dir/MiniOzoneClusterImpl-05f3a914-8c49-4f9f-9f2f-4b041a8937a3/datanode-0/data/ratis
2023-08-29 18:54:08,559 [EndpointStateMachine task thread for /0.0.0.0:15055 - 0 ] INFO  volume.StorageVolumeChecker (StorageVolumeChecker.java:checkAllVolumes(213)) - Scheduled health check for volume /home/runner/work/ozone/ozone/hadoop-ozone/integration-test/target/test-dir/MiniOzoneClusterImpl-05f3a914-8c49-4f9f-9f2f-4b041a8937a3/datanode-0/data/ratis
2023-08-29 18:54:08,560 [EndpointStateMachine task thread for /0.0.0.0:15055 - 0 ] INFO  ozoneimpl.OzoneContainer (OzoneContainer.java:start(429)) - Attempting to start container services.
2023-08-29 18:54:08,560 [EndpointStateMachine task thread for /0.0.0.0:15055 - 0 ] INFO  ozoneimpl.OzoneContainer (OzoneContainer.java:startContainerScrub(325)) - Scheduled background container scanners and the on-demand container scanner have been disabled.
2023-08-29 18:54:08,567 [EndpointStateMachine task thread for /0.0.0.0:15055 - 0 ] INFO  replication.ReplicationServer (ReplicationServer.java:start(130)) - ReplicationServer is started using port 15069
2023-08-29 18:54:08,567 [EndpointStateMachine task thread for /0.0.0.0:15055 - 0 ] INFO  ratis.XceiverServerRatis (XceiverServerRatis.java:start(517)) - Starting XceiverServerRatis 01366e89-60c7-46c1-a96e-1a2337162bc6
2023-08-29 18:54:08,567 [EndpointStateMachine task thread for /0.0.0.0:15055 - 0 ] INFO  server.RaftServer (RaftServerProxy.java:startImpl(400)) - 01366e89-60c7-46c1-a96e-1a2337162bc6: start RPC server
2023-08-29 18:54:08,569 [EndpointStateMachine task thread for /0.0.0.0:15055 - 0 ] INFO  server.GrpcService (GrpcService.java:startImpl(302)) - 01366e89-60c7-46c1-a96e-1a2337162bc6: GrpcService started, listening on 15065
2023-08-29 18:54:08,570 [EndpointStateMachine task thread for /0.0.0.0:15055 - 0 ] INFO  server.GrpcService (GrpcService.java:startImpl(302)) - 01366e89-60c7-46c1-a96e-1a2337162bc6: GrpcService started, listening on 15067
2023-08-29 18:54:08,571 [EndpointStateMachine task thread for /0.0.0.0:15055 - 0 ] INFO  server.GrpcService (GrpcService.java:startImpl(302)) - 01366e89-60c7-46c1-a96e-1a2337162bc6: GrpcService started, listening on 15066
2023-08-29 18:54:08,572 [EndpointStateMachine task thread for /0.0.0.0:15055 - 0 ] INFO  ratis.XceiverServerRatis (XceiverServerRatis.java:getRealPort(543)) - XceiverServerRatis 01366e89-60c7-46c1-a96e-1a2337162bc6 is started using port 15065 for RATIS
2023-08-29 18:54:08,572 [EndpointStateMachine task thread for /0.0.0.0:15055 - 0 ] INFO  ratis.XceiverServerRatis (XceiverServerRatis.java:getRealPort(543)) - XceiverServerRatis 01366e89-60c7-46c1-a96e-1a2337162bc6 is started using port 15066 for RATIS_ADMIN
2023-08-29 18:54:08,572 [EndpointStateMachine task thread for /0.0.0.0:15055 - 0 ] INFO  ratis.XceiverServerRatis (XceiverServerRatis.java:getRealPort(543)) - XceiverServerRatis 01366e89-60c7-46c1-a96e-1a2337162bc6 is started using port 15067 for RATIS_SERVER
2023-08-29 18:54:08,572 [EndpointStateMachine task thread for /0.0.0.0:15055 - 0 ] INFO  ratis.XceiverServerRatis (XceiverServerRatis.java:getRealPort(543)) - XceiverServerRatis 01366e89-60c7-46c1-a96e-1a2337162bc6 is started using port 15068 for RATIS_DATASTREAM
2023-08-29 18:54:08,572 [JvmPauseMonitor9] INFO  util.JvmPauseMonitor (JvmPauseMonitor.java:run(103)) - JvmPauseMonitor-01366e89-60c7-46c1-a96e-1a2337162bc6: Started
2023-08-29 18:54:08,577 [BlockDeletingService#0] INFO  interfaces.ContainerDeletionChoosingPolicyTemplate (ContainerDeletionChoosingPolicyTemplate.java:chooseContainerForBlockDeletion(85)) - Chosen 0/5000 blocks from 0 candidate containers.
2023-08-29 18:54:08,631 [main] INFO  ozone.MiniOzoneClusterImpl (MiniOzoneClusterImpl.java:lambda$waitForClusterToBeReady$0(224)) - Waiting for nodes to be ready. Got 0 of 5 DN Heartbeats.
2023-08-29 18:54:08,631 [main] INFO  ozone.MiniOzoneClusterImpl (MiniOzoneClusterImpl.java:lambda$waitForClusterToBeReady$0(227)) - Waiting for cluster to exit safe mode
2023-08-29 18:54:08,632 [main] INFO  ozone.MiniOzoneClusterImpl (MiniOzoneClusterImpl.java:lambda$waitForClusterToBeReady$0(229)) - SCM became leader
2023-08-29 18:54:08,814 [EndpointStateMachine task thread for /0.0.0.0:15055 - 0 ] INFO  utils.DatanodeStoreCache (DatanodeStoreCache.java:addDB(66)) - Added db /home/runner/work/ozone/ozone/hadoop-ozone/integration-test/target/test-dir/MiniOzoneClusterImpl-05f3a914-8c49-4f9f-9f2f-4b041a8937a3/datanode-1/data-0/containers/hdds/05f3a914-8c49-4f9f-9f2f-4b041a8937a3/DS-6a122076-1fc0-4661-a4fc-4aae3f82c600/container.db to cache
2023-08-29 18:54:08,814 [EndpointStateMachine task thread for /0.0.0.0:15055 - 0 ] INFO  volume.HddsVolume (HddsVolume.java:createDbStore(422)) - SchemaV3 db is created and loaded at /home/runner/work/ozone/ozone/hadoop-ozone/integration-test/target/test-dir/MiniOzoneClusterImpl-05f3a914-8c49-4f9f-9f2f-4b041a8937a3/datanode-1/data-0/containers/hdds/05f3a914-8c49-4f9f-9f2f-4b041a8937a3/DS-6a122076-1fc0-4661-a4fc-4aae3f82c600/container.db for volume DS-6a122076-1fc0-4661-a4fc-4aae3f82c600
2023-08-29 18:54:08,815 [EndpointStateMachine task thread for /0.0.0.0:15055 - 0 ] INFO  volume.ThrottledAsyncChecker (ThrottledAsyncChecker.java:schedule(141)) - Scheduling a check for /home/runner/work/ozone/ozone/hadoop-ozone/integration-test/target/test-dir/MiniOzoneClusterImpl-05f3a914-8c49-4f9f-9f2f-4b041a8937a3/datanode-1/data-0/containers/hdds
2023-08-29 18:54:08,815 [EndpointStateMachine task thread for /0.0.0.0:15055 - 0 ] INFO  volume.StorageVolumeChecker (StorageVolumeChecker.java:checkAllVolumes(213)) - Scheduled health check for volume /home/runner/work/ozone/ozone/hadoop-ozone/integration-test/target/test-dir/MiniOzoneClusterImpl-05f3a914-8c49-4f9f-9f2f-4b041a8937a3/datanode-1/data-0/containers/hdds
2023-08-29 18:54:08,821 [EndpointStateMachine task thread for /0.0.0.0:15055 - 0 ] INFO  volume.ThrottledAsyncChecker (ThrottledAsyncChecker.java:schedule(141)) - Scheduling a check for /home/runner/work/ozone/ozone/hadoop-ozone/integration-test/target/test-dir/MiniOzoneClusterImpl-05f3a914-8c49-4f9f-9f2f-4b041a8937a3/datanode-1/data/ratis
2023-08-29 18:54:08,822 [EndpointStateMachine task thread for /0.0.0.0:15055 - 0 ] INFO  volume.StorageVolumeChecker (StorageVolumeChecker.java:checkAllVolumes(213)) - Scheduled health check for volume /home/runner/work/ozone/ozone/hadoop-ozone/integration-test/target/test-dir/MiniOzoneClusterImpl-05f3a914-8c49-4f9f-9f2f-4b041a8937a3/datanode-1/data/ratis
2023-08-29 18:54:08,824 [EndpointStateMachine task thread for /0.0.0.0:15055 - 0 ] INFO  ozoneimpl.OzoneContainer (OzoneContainer.java:start(429)) - Attempting to start container services.
2023-08-29 18:54:08,824 [EndpointStateMachine task thread for /0.0.0.0:15055 - 0 ] INFO  ozoneimpl.OzoneContainer (OzoneContainer.java:startContainerScrub(325)) - Scheduled background container scanners and the on-demand container scanner have been disabled.
2023-08-29 18:54:08,825 [EndpointStateMachine task thread for /0.0.0.0:15055 - 0 ] INFO  replication.ReplicationServer (ReplicationServer.java:start(130)) - ReplicationServer is started using port 15078
2023-08-29 18:54:08,825 [EndpointStateMachine task thread for /0.0.0.0:15055 - 0 ] INFO  ratis.XceiverServerRatis (XceiverServerRatis.java:start(517)) - Starting XceiverServerRatis 9b50acff-382e-4523-ab74-6f7baa2ae53c
2023-08-29 18:54:08,825 [EndpointStateMachine task thread for /0.0.0.0:15055 - 0 ] INFO  server.RaftServer (RaftServerProxy.java:startImpl(400)) - 9b50acff-382e-4523-ab74-6f7baa2ae53c: start RPC server
2023-08-29 18:54:08,826 [EndpointStateMachine task thread for /0.0.0.0:15055 - 0 ] INFO  server.GrpcService (GrpcService.java:startImpl(302)) - 9b50acff-382e-4523-ab74-6f7baa2ae53c: GrpcService started, listening on 15074
2023-08-29 18:54:08,827 [EndpointStateMachine task thread for /0.0.0.0:15055 - 0 ] INFO  server.GrpcService (GrpcService.java:startImpl(302)) - 9b50acff-382e-4523-ab74-6f7baa2ae53c: GrpcService started, listening on 15076
2023-08-29 18:54:08,828 [EndpointStateMachine task thread for /0.0.0.0:15055 - 0 ] INFO  server.GrpcService (GrpcService.java:startImpl(302)) - 9b50acff-382e-4523-ab74-6f7baa2ae53c: GrpcService started, listening on 15075
2023-08-29 18:54:08,828 [EndpointStateMachine task thread for /0.0.0.0:15055 - 0 ] INFO  ratis.XceiverServerRatis (XceiverServerRatis.java:getRealPort(543)) - XceiverServerRatis 9b50acff-382e-4523-ab74-6f7baa2ae53c is started using port 15074 for RATIS
2023-08-29 18:54:08,828 [EndpointStateMachine task thread for /0.0.0.0:15055 - 0 ] INFO  ratis.XceiverServerRatis (XceiverServerRatis.java:getRealPort(543)) - XceiverServerRatis 9b50acff-382e-4523-ab74-6f7baa2ae53c is started using port 15075 for RATIS_ADMIN
2023-08-29 18:54:08,828 [JvmPauseMonitor10] INFO  util.JvmPauseMonitor (JvmPauseMonitor.java:run(103)) - JvmPauseMonitor-9b50acff-382e-4523-ab74-6f7baa2ae53c: Started
2023-08-29 18:54:08,829 [EndpointStateMachine task thread for /0.0.0.0:15055 - 0 ] INFO  ratis.XceiverServerRatis (XceiverServerRatis.java:getRealPort(543)) - XceiverServerRatis 9b50acff-382e-4523-ab74-6f7baa2ae53c is started using port 15076 for RATIS_SERVER
2023-08-29 18:54:08,829 [EndpointStateMachine task thread for /0.0.0.0:15055 - 0 ] INFO  ratis.XceiverServerRatis (XceiverServerRatis.java:getRealPort(543)) - XceiverServerRatis 9b50acff-382e-4523-ab74-6f7baa2ae53c is started using port 15077 for RATIS_DATASTREAM
2023-08-29 18:54:08,831 [BlockDeletingService#0] INFO  interfaces.ContainerDeletionChoosingPolicyTemplate (ContainerDeletionChoosingPolicyTemplate.java:chooseContainerForBlockDeletion(85)) - Chosen 0/5000 blocks from 0 candidate containers.
2023-08-29 18:54:09,105 [EndpointStateMachine task thread for /0.0.0.0:15055 - 0 ] INFO  utils.DatanodeStoreCache (DatanodeStoreCache.java:addDB(66)) - Added db /home/runner/work/ozone/ozone/hadoop-ozone/integration-test/target/test-dir/MiniOzoneClusterImpl-05f3a914-8c49-4f9f-9f2f-4b041a8937a3/datanode-2/data-0/containers/hdds/05f3a914-8c49-4f9f-9f2f-4b041a8937a3/DS-5f80569a-364d-4a21-b7cc-59bdaad05ade/container.db to cache
2023-08-29 18:54:09,105 [EndpointStateMachine task thread for /0.0.0.0:15055 - 0 ] INFO  volume.HddsVolume (HddsVolume.java:createDbStore(422)) - SchemaV3 db is created and loaded at /home/runner/work/ozone/ozone/hadoop-ozone/integration-test/target/test-dir/MiniOzoneClusterImpl-05f3a914-8c49-4f9f-9f2f-4b041a8937a3/datanode-2/data-0/containers/hdds/05f3a914-8c49-4f9f-9f2f-4b041a8937a3/DS-5f80569a-364d-4a21-b7cc-59bdaad05ade/container.db for volume DS-5f80569a-364d-4a21-b7cc-59bdaad05ade
2023-08-29 18:54:09,114 [EndpointStateMachine task thread for /0.0.0.0:15055 - 0 ] INFO  volume.ThrottledAsyncChecker (ThrottledAsyncChecker.java:schedule(141)) - Scheduling a check for /home/runner/work/ozone/ozone/hadoop-ozone/integration-test/target/test-dir/MiniOzoneClusterImpl-05f3a914-8c49-4f9f-9f2f-4b041a8937a3/datanode-2/data-0/containers/hdds
2023-08-29 18:54:09,117 [EndpointStateMachine task thread for /0.0.0.0:15055 - 0 ] INFO  volume.StorageVolumeChecker (StorageVolumeChecker.java:checkAllVolumes(213)) - Scheduled health check for volume /home/runner/work/ozone/ozone/hadoop-ozone/integration-test/target/test-dir/MiniOzoneClusterImpl-05f3a914-8c49-4f9f-9f2f-4b041a8937a3/datanode-2/data-0/containers/hdds
2023-08-29 18:54:09,119 [EndpointStateMachine task thread for /0.0.0.0:15055 - 0 ] INFO  volume.ThrottledAsyncChecker (ThrottledAsyncChecker.java:schedule(141)) - Scheduling a check for /home/runner/work/ozone/ozone/hadoop-ozone/integration-test/target/test-dir/MiniOzoneClusterImpl-05f3a914-8c49-4f9f-9f2f-4b041a8937a3/datanode-2/data/ratis
2023-08-29 18:54:09,119 [EndpointStateMachine task thread for /0.0.0.0:15055 - 0 ] INFO  volume.StorageVolumeChecker (StorageVolumeChecker.java:checkAllVolumes(213)) - Scheduled health check for volume /home/runner/work/ozone/ozone/hadoop-ozone/integration-test/target/test-dir/MiniOzoneClusterImpl-05f3a914-8c49-4f9f-9f2f-4b041a8937a3/datanode-2/data/ratis
2023-08-29 18:54:09,121 [EndpointStateMachine task thread for /0.0.0.0:15055 - 0 ] INFO  ozoneimpl.OzoneContainer (OzoneContainer.java:start(429)) - Attempting to start container services.
2023-08-29 18:54:09,121 [EndpointStateMachine task thread for /0.0.0.0:15055 - 0 ] INFO  ozoneimpl.OzoneContainer (OzoneContainer.java:startContainerScrub(325)) - Scheduled background container scanners and the on-demand container scanner have been disabled.
2023-08-29 18:54:09,122 [EndpointStateMachine task thread for /0.0.0.0:15055 - 0 ] INFO  replication.ReplicationServer (ReplicationServer.java:start(130)) - ReplicationServer is started using port 15087
2023-08-29 18:54:09,122 [EndpointStateMachine task thread for /0.0.0.0:15055 - 0 ] INFO  ratis.XceiverServerRatis (XceiverServerRatis.java:start(517)) - Starting XceiverServerRatis 35cfc858-a2b0-48ab-9c56-830891a3070f
2023-08-29 18:54:09,122 [EndpointStateMachine task thread for /0.0.0.0:15055 - 0 ] INFO  server.RaftServer (RaftServerProxy.java:startImpl(400)) - 35cfc858-a2b0-48ab-9c56-830891a3070f: start RPC server
2023-08-29 18:54:09,123 [EndpointStateMachine task thread for /0.0.0.0:15055 - 0 ] INFO  server.GrpcService (GrpcService.java:startImpl(302)) - 35cfc858-a2b0-48ab-9c56-830891a3070f: GrpcService started, listening on 15083
2023-08-29 18:54:09,124 [EndpointStateMachine task thread for /0.0.0.0:15055 - 0 ] INFO  server.GrpcService (GrpcService.java:startImpl(302)) - 35cfc858-a2b0-48ab-9c56-830891a3070f: GrpcService started, listening on 15085
2023-08-29 18:54:09,125 [EndpointStateMachine task thread for /0.0.0.0:15055 - 0 ] INFO  server.GrpcService (GrpcService.java:startImpl(302)) - 35cfc858-a2b0-48ab-9c56-830891a3070f: GrpcService started, listening on 15084
2023-08-29 18:54:09,126 [EndpointStateMachine task thread for /0.0.0.0:15055 - 0 ] INFO  ratis.XceiverServerRatis (XceiverServerRatis.java:getRealPort(543)) - XceiverServerRatis 35cfc858-a2b0-48ab-9c56-830891a3070f is started using port 15083 for RATIS
2023-08-29 18:54:09,126 [JvmPauseMonitor11] INFO  util.JvmPauseMonitor (JvmPauseMonitor.java:run(103)) - JvmPauseMonitor-35cfc858-a2b0-48ab-9c56-830891a3070f: Started
2023-08-29 18:54:09,126 [EndpointStateMachine task thread for /0.0.0.0:15055 - 0 ] INFO  ratis.XceiverServerRatis (XceiverServerRatis.java:getRealPort(543)) - XceiverServerRatis 35cfc858-a2b0-48ab-9c56-830891a3070f is started using port 15084 for RATIS_ADMIN
2023-08-29 18:54:09,129 [EndpointStateMachine task thread for /0.0.0.0:15055 - 0 ] INFO  ratis.XceiverServerRatis (XceiverServerRatis.java:getRealPort(543)) - XceiverServerRatis 35cfc858-a2b0-48ab-9c56-830891a3070f is started using port 15085 for RATIS_SERVER
2023-08-29 18:54:09,129 [EndpointStateMachine task thread for /0.0.0.0:15055 - 0 ] INFO  ratis.XceiverServerRatis (XceiverServerRatis.java:getRealPort(543)) - XceiverServerRatis 35cfc858-a2b0-48ab-9c56-830891a3070f is started using port 15086 for RATIS_DATASTREAM
2023-08-29 18:54:09,130 [BlockDeletingService#0] INFO  interfaces.ContainerDeletionChoosingPolicyTemplate (ContainerDeletionChoosingPolicyTemplate.java:chooseContainerForBlockDeletion(85)) - Chosen 0/5000 blocks from 0 candidate containers.
2023-08-29 18:54:09,413 [EndpointStateMachine task thread for /0.0.0.0:15055 - 0 ] INFO  utils.DatanodeStoreCache (DatanodeStoreCache.java:addDB(66)) - Added db /home/runner/work/ozone/ozone/hadoop-ozone/integration-test/target/test-dir/MiniOzoneClusterImpl-05f3a914-8c49-4f9f-9f2f-4b041a8937a3/datanode-3/data-0/containers/hdds/05f3a914-8c49-4f9f-9f2f-4b041a8937a3/DS-0d730d44-0dbf-4fb5-81ff-7302deb963a7/container.db to cache
2023-08-29 18:54:09,413 [EndpointStateMachine task thread for /0.0.0.0:15055 - 0 ] INFO  volume.HddsVolume (HddsVolume.java:createDbStore(422)) - SchemaV3 db is created and loaded at /home/runner/work/ozone/ozone/hadoop-ozone/integration-test/target/test-dir/MiniOzoneClusterImpl-05f3a914-8c49-4f9f-9f2f-4b041a8937a3/datanode-3/data-0/containers/hdds/05f3a914-8c49-4f9f-9f2f-4b041a8937a3/DS-0d730d44-0dbf-4fb5-81ff-7302deb963a7/container.db for volume DS-0d730d44-0dbf-4fb5-81ff-7302deb963a7
2023-08-29 18:54:09,414 [EndpointStateMachine task thread for /0.0.0.0:15055 - 0 ] INFO  volume.ThrottledAsyncChecker (ThrottledAsyncChecker.java:schedule(141)) - Scheduling a check for /home/runner/work/ozone/ozone/hadoop-ozone/integration-test/target/test-dir/MiniOzoneClusterImpl-05f3a914-8c49-4f9f-9f2f-4b041a8937a3/datanode-3/data-0/containers/hdds
2023-08-29 18:54:09,414 [EndpointStateMachine task thread for /0.0.0.0:15055 - 0 ] INFO  volume.StorageVolumeChecker (StorageVolumeChecker.java:checkAllVolumes(213)) - Scheduled health check for volume /home/runner/work/ozone/ozone/hadoop-ozone/integration-test/target/test-dir/MiniOzoneClusterImpl-05f3a914-8c49-4f9f-9f2f-4b041a8937a3/datanode-3/data-0/containers/hdds
2023-08-29 18:54:09,416 [EndpointStateMachine task thread for /0.0.0.0:15055 - 0 ] INFO  volume.ThrottledAsyncChecker (ThrottledAsyncChecker.java:schedule(141)) - Scheduling a check for /home/runner/work/ozone/ozone/hadoop-ozone/integration-test/target/test-dir/MiniOzoneClusterImpl-05f3a914-8c49-4f9f-9f2f-4b041a8937a3/datanode-3/data/ratis
2023-08-29 18:54:09,416 [EndpointStateMachine task thread for /0.0.0.0:15055 - 0 ] INFO  volume.StorageVolumeChecker (StorageVolumeChecker.java:checkAllVolumes(213)) - Scheduled health check for volume /home/runner/work/ozone/ozone/hadoop-ozone/integration-test/target/test-dir/MiniOzoneClusterImpl-05f3a914-8c49-4f9f-9f2f-4b041a8937a3/datanode-3/data/ratis
2023-08-29 18:54:09,418 [EndpointStateMachine task thread for /0.0.0.0:15055 - 0 ] INFO  ozoneimpl.OzoneContainer (OzoneContainer.java:start(429)) - Attempting to start container services.
2023-08-29 18:54:09,418 [EndpointStateMachine task thread for /0.0.0.0:15055 - 0 ] INFO  ozoneimpl.OzoneContainer (OzoneContainer.java:startContainerScrub(325)) - Scheduled background container scanners and the on-demand container scanner have been disabled.
2023-08-29 18:54:09,419 [EndpointStateMachine task thread for /0.0.0.0:15055 - 0 ] INFO  replication.ReplicationServer (ReplicationServer.java:start(130)) - ReplicationServer is started using port 15096
2023-08-29 18:54:09,419 [EndpointStateMachine task thread for /0.0.0.0:15055 - 0 ] INFO  ratis.XceiverServerRatis (XceiverServerRatis.java:start(517)) - Starting XceiverServerRatis 56262cb9-d4bb-4e4d-aa87-5a4e1fe7f493
2023-08-29 18:54:09,422 [EndpointStateMachine task thread for /0.0.0.0:15055 - 0 ] INFO  server.RaftServer (RaftServerProxy.java:startImpl(400)) - 56262cb9-d4bb-4e4d-aa87-5a4e1fe7f493: start RPC server
2023-08-29 18:54:09,425 [EndpointStateMachine task thread for /0.0.0.0:15055 - 0 ] INFO  server.GrpcService (GrpcService.java:startImpl(302)) - 56262cb9-d4bb-4e4d-aa87-5a4e1fe7f493: GrpcService started, listening on 15092
2023-08-29 18:54:09,425 [EndpointStateMachine task thread for /0.0.0.0:15055 - 0 ] INFO  server.GrpcService (GrpcService.java:startImpl(302)) - 56262cb9-d4bb-4e4d-aa87-5a4e1fe7f493: GrpcService started, listening on 15094
2023-08-29 18:54:09,428 [EndpointStateMachine task thread for /0.0.0.0:15055 - 0 ] INFO  server.GrpcService (GrpcService.java:startImpl(302)) - 56262cb9-d4bb-4e4d-aa87-5a4e1fe7f493: GrpcService started, listening on 15093
2023-08-29 18:54:09,429 [EndpointStateMachine task thread for /0.0.0.0:15055 - 0 ] INFO  ratis.XceiverServerRatis (XceiverServerRatis.java:getRealPort(543)) - XceiverServerRatis 56262cb9-d4bb-4e4d-aa87-5a4e1fe7f493 is started using port 15092 for RATIS
2023-08-29 18:54:09,429 [EndpointStateMachine task thread for /0.0.0.0:15055 - 0 ] INFO  ratis.XceiverServerRatis (XceiverServerRatis.java:getRealPort(543)) - XceiverServerRatis 56262cb9-d4bb-4e4d-aa87-5a4e1fe7f493 is started using port 15093 for RATIS_ADMIN
2023-08-29 18:54:09,429 [JvmPauseMonitor12] INFO  util.JvmPauseMonitor (JvmPauseMonitor.java:run(103)) - JvmPauseMonitor-56262cb9-d4bb-4e4d-aa87-5a4e1fe7f493: Started
2023-08-29 18:54:09,429 [EndpointStateMachine task thread for /0.0.0.0:15055 - 0 ] INFO  ratis.XceiverServerRatis (XceiverServerRatis.java:getRealPort(543)) - XceiverServerRatis 56262cb9-d4bb-4e4d-aa87-5a4e1fe7f493 is started using port 15094 for RATIS_SERVER
2023-08-29 18:54:09,429 [EndpointStateMachine task thread for /0.0.0.0:15055 - 0 ] INFO  ratis.XceiverServerRatis (XceiverServerRatis.java:getRealPort(543)) - XceiverServerRatis 56262cb9-d4bb-4e4d-aa87-5a4e1fe7f493 is started using port 15095 for RATIS_DATASTREAM
2023-08-29 18:54:09,433 [BlockDeletingService#0] INFO  interfaces.ContainerDeletionChoosingPolicyTemplate (ContainerDeletionChoosingPolicyTemplate.java:chooseContainerForBlockDeletion(85)) - Chosen 0/5000 blocks from 0 candidate containers.
2023-08-29 18:54:09,632 [main] INFO  ozone.MiniOzoneClusterImpl (MiniOzoneClusterImpl.java:lambda$waitForClusterToBeReady$0(224)) - Waiting for nodes to be ready. Got 0 of 5 DN Heartbeats.
2023-08-29 18:54:09,632 [main] INFO  ozone.MiniOzoneClusterImpl (MiniOzoneClusterImpl.java:lambda$waitForClusterToBeReady$0(227)) - Waiting for cluster to exit safe mode
2023-08-29 18:54:09,632 [main] INFO  ozone.MiniOzoneClusterImpl (MiniOzoneClusterImpl.java:lambda$waitForClusterToBeReady$0(229)) - SCM became leader
2023-08-29 18:54:09,665 [EndpointStateMachine task thread for /0.0.0.0:15055 - 0 ] INFO  utils.DatanodeStoreCache (DatanodeStoreCache.java:addDB(66)) - Added db /home/runner/work/ozone/ozone/hadoop-ozone/integration-test/target/test-dir/MiniOzoneClusterImpl-05f3a914-8c49-4f9f-9f2f-4b041a8937a3/datanode-4/data-0/containers/hdds/05f3a914-8c49-4f9f-9f2f-4b041a8937a3/DS-35296524-c943-46da-9df3-032fdbff1148/container.db to cache
2023-08-29 18:54:09,665 [EndpointStateMachine task thread for /0.0.0.0:15055 - 0 ] INFO  volume.HddsVolume (HddsVolume.java:createDbStore(422)) - SchemaV3 db is created and loaded at /home/runner/work/ozone/ozone/hadoop-ozone/integration-test/target/test-dir/MiniOzoneClusterImpl-05f3a914-8c49-4f9f-9f2f-4b041a8937a3/datanode-4/data-0/containers/hdds/05f3a914-8c49-4f9f-9f2f-4b041a8937a3/DS-35296524-c943-46da-9df3-032fdbff1148/container.db for volume DS-35296524-c943-46da-9df3-032fdbff1148
2023-08-29 18:54:09,666 [EndpointStateMachine task thread for /0.0.0.0:15055 - 0 ] INFO  volume.ThrottledAsyncChecker (ThrottledAsyncChecker.java:schedule(141)) - Scheduling a check for /home/runner/work/ozone/ozone/hadoop-ozone/integration-test/target/test-dir/MiniOzoneClusterImpl-05f3a914-8c49-4f9f-9f2f-4b041a8937a3/datanode-4/data-0/containers/hdds
2023-08-29 18:54:09,666 [EndpointStateMachine task thread for /0.0.0.0:15055 - 0 ] INFO  volume.StorageVolumeChecker (StorageVolumeChecker.java:checkAllVolumes(213)) - Scheduled health check for volume /home/runner/work/ozone/ozone/hadoop-ozone/integration-test/target/test-dir/MiniOzoneClusterImpl-05f3a914-8c49-4f9f-9f2f-4b041a8937a3/datanode-4/data-0/containers/hdds
2023-08-29 18:54:09,668 [EndpointStateMachine task thread for /0.0.0.0:15055 - 0 ] INFO  volume.ThrottledAsyncChecker (ThrottledAsyncChecker.java:schedule(141)) - Scheduling a check for /home/runner/work/ozone/ozone/hadoop-ozone/integration-test/target/test-dir/MiniOzoneClusterImpl-05f3a914-8c49-4f9f-9f2f-4b041a8937a3/datanode-4/data/ratis
2023-08-29 18:54:09,668 [EndpointStateMachine task thread for /0.0.0.0:15055 - 0 ] INFO  volume.StorageVolumeChecker (StorageVolumeChecker.java:checkAllVolumes(213)) - Scheduled health check for volume /home/runner/work/ozone/ozone/hadoop-ozone/integration-test/target/test-dir/MiniOzoneClusterImpl-05f3a914-8c49-4f9f-9f2f-4b041a8937a3/datanode-4/data/ratis
2023-08-29 18:54:09,671 [EndpointStateMachine task thread for /0.0.0.0:15055 - 0 ] INFO  ozoneimpl.OzoneContainer (OzoneContainer.java:start(429)) - Attempting to start container services.
2023-08-29 18:54:09,671 [EndpointStateMachine task thread for /0.0.0.0:15055 - 0 ] INFO  ozoneimpl.OzoneContainer (OzoneContainer.java:startContainerScrub(325)) - Scheduled background container scanners and the on-demand container scanner have been disabled.
2023-08-29 18:54:09,672 [EndpointStateMachine task thread for /0.0.0.0:15055 - 0 ] INFO  replication.ReplicationServer (ReplicationServer.java:start(130)) - ReplicationServer is started using port 15105
2023-08-29 18:54:09,672 [EndpointStateMachine task thread for /0.0.0.0:15055 - 0 ] INFO  ratis.XceiverServerRatis (XceiverServerRatis.java:start(517)) - Starting XceiverServerRatis 6fd2df5d-7fa6-4dbe-8371-fb8b49d5e440
2023-08-29 18:54:09,679 [EndpointStateMachine task thread for /0.0.0.0:15055 - 0 ] INFO  server.RaftServer (RaftServerProxy.java:startImpl(400)) - 6fd2df5d-7fa6-4dbe-8371-fb8b49d5e440: start RPC server
2023-08-29 18:54:09,681 [EndpointStateMachine task thread for /0.0.0.0:15055 - 0 ] INFO  server.GrpcService (GrpcService.java:startImpl(302)) - 6fd2df5d-7fa6-4dbe-8371-fb8b49d5e440: GrpcService started, listening on 15101
2023-08-29 18:54:09,681 [EndpointStateMachine task thread for /0.0.0.0:15055 - 0 ] INFO  server.GrpcService (GrpcService.java:startImpl(302)) - 6fd2df5d-7fa6-4dbe-8371-fb8b49d5e440: GrpcService started, listening on 15103
2023-08-29 18:54:09,682 [EndpointStateMachine task thread for /0.0.0.0:15055 - 0 ] INFO  server.GrpcService (GrpcService.java:startImpl(302)) - 6fd2df5d-7fa6-4dbe-8371-fb8b49d5e440: GrpcService started, listening on 15102
2023-08-29 18:54:09,682 [EndpointStateMachine task thread for /0.0.0.0:15055 - 0 ] INFO  ratis.XceiverServerRatis (XceiverServerRatis.java:getRealPort(543)) - XceiverServerRatis 6fd2df5d-7fa6-4dbe-8371-fb8b49d5e440 is started using port 15101 for RATIS
2023-08-29 18:54:09,682 [JvmPauseMonitor13] INFO  util.JvmPauseMonitor (JvmPauseMonitor.java:run(103)) - JvmPauseMonitor-6fd2df5d-7fa6-4dbe-8371-fb8b49d5e440: Started
2023-08-29 18:54:09,682 [EndpointStateMachine task thread for /0.0.0.0:15055 - 0 ] INFO  ratis.XceiverServerRatis (XceiverServerRatis.java:getRealPort(543)) - XceiverServerRatis 6fd2df5d-7fa6-4dbe-8371-fb8b49d5e440 is started using port 15102 for RATIS_ADMIN
2023-08-29 18:54:09,683 [EndpointStateMachine task thread for /0.0.0.0:15055 - 0 ] INFO  ratis.XceiverServerRatis (XceiverServerRatis.java:getRealPort(543)) - XceiverServerRatis 6fd2df5d-7fa6-4dbe-8371-fb8b49d5e440 is started using port 15103 for RATIS_SERVER
2023-08-29 18:54:09,683 [EndpointStateMachine task thread for /0.0.0.0:15055 - 0 ] INFO  ratis.XceiverServerRatis (XceiverServerRatis.java:getRealPort(543)) - XceiverServerRatis 6fd2df5d-7fa6-4dbe-8371-fb8b49d5e440 is started using port 15104 for RATIS_DATASTREAM
2023-08-29 18:54:09,687 [BlockDeletingService#0] INFO  interfaces.ContainerDeletionChoosingPolicyTemplate (ContainerDeletionChoosingPolicyTemplate.java:chooseContainerForBlockDeletion(85)) - Chosen 0/5000 blocks from 0 candidate containers.
2023-08-29 18:54:10,512 [IPC Server handler 1 on default port 15055] INFO  net.NetworkTopologyImpl (NetworkTopologyImpl.java:add(112)) - Added a new node: /default-rack/01366e89-60c7-46c1-a96e-1a2337162bc6
2023-08-29 18:54:10,512 [IPC Server handler 1 on default port 15055] INFO  node.SCMNodeManager (SCMNodeManager.java:register(405)) - Registered Data node : 01366e89-60c7-46c1-a96e-1a2337162bc6{ip: 10.1.0.239, host: fv-az225-157.hxhba2eg53duheooqg2bzplbvd.bx.internal.cloudapp.net, ports: [HTTP=15062, CLIENT_RPC=15063, REPLICATION=15069, RATIS=15065, RATIS_ADMIN=15066, RATIS_SERVER=15067, RATIS_DATASTREAM=15068, STANDALONE=15064], networkLocation: /default-rack, certSerialId: null, persistedOpState: null, persistedOpStateExpiryEpochSec: 0}
2023-08-29 18:54:10,518 [EventQueue-NewNodeForNewNodeHandler] INFO  pipeline.BackgroundPipelineCreator (BackgroundPipelineCreator.java:notifyEventTriggered(277)) - trigger a one-shot run on RatisPipelineUtilsThread.
2023-08-29 18:54:10,519 [RatisPipelineUtilsThread - 0] INFO  pipeline.RatisPipelineProvider (RatisPipelineProvider.java:lambda$create$0(206)) - Sending CreatePipelineCommand for pipeline:PipelineID=347b5ec7-5c68-43a9-bdc8-bbe16de7d014 to datanode:01366e89-60c7-46c1-a96e-1a2337162bc6
2023-08-29 18:54:10,519 [EventQueue-NodeRegistrationContainerReportForDataNodeSafeModeRule] INFO  safemode.SCMSafeModeManager (DataNodeSafeModeRule.java:process(71)) - SCM in safe mode. 1 DataNodes registered, 3 required.
2023-08-29 18:54:10,519 [EventQueue-NodeRegistrationContainerReportForContainerSafeModeRule] INFO  safemode.SCMSafeModeManager (SCMSafeModeManager.java:validateSafeModeExitRules(200)) - ContainerSafeModeRule rule is successfully validated
2023-08-29 18:54:10,521 [EventQueue-PipelineReportForOneReplicaPipelineSafeModeRule] INFO  safemode.SCMSafeModeManager (SCMSafeModeManager.java:validateSafeModeExitRules(200)) - AtleastOneDatanodeReportedRule rule is successfully validated
2023-08-29 18:54:10,521 [RatisPipelineUtilsThread - 0] INFO  pipeline.BackgroundPipelineCreator (BackgroundPipelineCreator.java:createPipelines(233)) - Created new pipeline Pipeline[ Id: 347b5ec7-5c68-43a9-bdc8-bbe16de7d014, Nodes: 01366e89-60c7-46c1-a96e-1a2337162bc6(fv-az225-157.hxhba2eg53duheooqg2bzplbvd.bx.internal.cloudapp.net/10.1.0.239), ReplicationConfig: RATIS/ONE, State:ALLOCATED, leaderId:, CreationTimestamp2023-08-29T18:54:10.519Z[Etc/UTC]]
2023-08-29 18:54:10,633 [main] INFO  ozone.MiniOzoneClusterImpl (MiniOzoneClusterImpl.java:lambda$waitForClusterToBeReady$0(224)) - Waiting for nodes to be ready. Got 1 of 5 DN Heartbeats.
2023-08-29 18:54:10,633 [main] INFO  ozone.MiniOzoneClusterImpl (MiniOzoneClusterImpl.java:lambda$waitForClusterToBeReady$0(227)) - Waiting for cluster to exit safe mode
2023-08-29 18:54:10,633 [main] INFO  ozone.MiniOzoneClusterImpl (MiniOzoneClusterImpl.java:lambda$waitForClusterToBeReady$0(229)) - SCM became leader
2023-08-29 18:54:10,787 [IPC Server handler 2 on default port 15055] INFO  net.NetworkTopologyImpl (NetworkTopologyImpl.java:add(112)) - Added a new node: /default-rack/9b50acff-382e-4523-ab74-6f7baa2ae53c
2023-08-29 18:54:10,787 [IPC Server handler 2 on default port 15055] INFO  node.SCMNodeManager (SCMNodeManager.java:register(405)) - Registered Data node : 9b50acff-382e-4523-ab74-6f7baa2ae53c{ip: 10.1.0.239, host: fv-az225-157.hxhba2eg53duheooqg2bzplbvd.bx.internal.cloudapp.net, ports: [HTTP=15071, CLIENT_RPC=15072, REPLICATION=15078, RATIS=15074, RATIS_ADMIN=15075, RATIS_SERVER=15076, RATIS_DATASTREAM=15077, STANDALONE=15073], networkLocation: /default-rack, certSerialId: null, persistedOpState: null, persistedOpStateExpiryEpochSec: 0}
2023-08-29 18:54:10,788 [EventQueue-NewNodeForNewNodeHandler] INFO  pipeline.BackgroundPipelineCreator (BackgroundPipelineCreator.java:notifyEventTriggered(277)) - trigger a one-shot run on RatisPipelineUtilsThread.
2023-08-29 18:54:10,788 [EventQueue-NodeRegistrationContainerReportForDataNodeSafeModeRule] INFO  safemode.SCMSafeModeManager (DataNodeSafeModeRule.java:process(71)) - SCM in safe mode. 2 DataNodes registered, 3 required.
2023-08-29 18:54:10,788 [RatisPipelineUtilsThread - 0] INFO  pipeline.RatisPipelineProvider (RatisPipelineProvider.java:lambda$create$0(206)) - Sending CreatePipelineCommand for pipeline:PipelineID=936b924e-4c99-49ad-ac79-d1ed80fa1e75 to datanode:9b50acff-382e-4523-ab74-6f7baa2ae53c
2023-08-29 18:54:10,789 [RatisPipelineUtilsThread - 0] INFO  pipeline.BackgroundPipelineCreator (BackgroundPipelineCreator.java:createPipelines(233)) - Created new pipeline Pipeline[ Id: 936b924e-4c99-49ad-ac79-d1ed80fa1e75, Nodes: 9b50acff-382e-4523-ab74-6f7baa2ae53c(fv-az225-157.hxhba2eg53duheooqg2bzplbvd.bx.internal.cloudapp.net/10.1.0.239), ReplicationConfig: RATIS/ONE, State:ALLOCATED, leaderId:, CreationTimestamp2023-08-29T18:54:10.788Z[Etc/UTC]]
2023-08-29 18:54:11,073 [IPC Server handler 3 on default port 15055] INFO  net.NetworkTopologyImpl (NetworkTopologyImpl.java:add(112)) - Added a new node: /default-rack/35cfc858-a2b0-48ab-9c56-830891a3070f
2023-08-29 18:54:11,073 [IPC Server handler 3 on default port 15055] INFO  node.SCMNodeManager (SCMNodeManager.java:register(405)) - Registered Data node : 35cfc858-a2b0-48ab-9c56-830891a3070f{ip: 10.1.0.239, host: fv-az225-157.hxhba2eg53duheooqg2bzplbvd.bx.internal.cloudapp.net, ports: [HTTP=15080, CLIENT_RPC=15081, REPLICATION=15087, RATIS=15083, RATIS_ADMIN=15084, RATIS_SERVER=15085, RATIS_DATASTREAM=15086, STANDALONE=15082], networkLocation: /default-rack, certSerialId: null, persistedOpState: null, persistedOpStateExpiryEpochSec: 0}
2023-08-29 18:54:11,075 [EventQueue-NodeRegistrationContainerReportForDataNodeSafeModeRule] INFO  safemode.SCMSafeModeManager (DataNodeSafeModeRule.java:process(71)) - SCM in safe mode. 3 DataNodes registered, 3 required.
2023-08-29 18:54:11,075 [EventQueue-NodeRegistrationContainerReportForDataNodeSafeModeRule] INFO  safemode.SCMSafeModeManager (SCMSafeModeManager.java:validateSafeModeExitRules(200)) - DataNodeSafeModeRule rule is successfully validated
2023-08-29 18:54:11,075 [EventQueue-NodeRegistrationContainerReportForDataNodeSafeModeRule] INFO  safemode.SCMSafeModeManager (SCMSafeModeManager.java:completePreCheck(229)) - All SCM safe mode pre check rules have passed
2023-08-29 18:54:11,075 [EventQueue-NodeRegistrationContainerReportForDataNodeSafeModeRule] INFO  ha.SCMContext (SCMContext.java:updateSafeModeStatus(228)) - Update SafeModeStatus from SafeModeStatus{safeModeStatus=true, preCheckPassed=false} to SafeModeStatus{safeModeStatus=true, preCheckPassed=true}.
2023-08-29 18:54:11,075 [EventQueue-NodeRegistrationContainerReportForDataNodeSafeModeRule] INFO  pipeline.BackgroundPipelineCreator (BackgroundPipelineCreator.java:notifyEventTriggered(277)) - trigger a one-shot run on RatisPipelineUtilsThread.
2023-08-29 18:54:11,075 [EventQueue-NewNodeForNewNodeHandler] INFO  pipeline.BackgroundPipelineCreator (BackgroundPipelineCreator.java:notifyEventTriggered(277)) - trigger a one-shot run on RatisPipelineUtilsThread.
2023-08-29 18:54:11,077 [RatisPipelineUtilsThread - 0] INFO  pipeline.RatisPipelineProvider (RatisPipelineProvider.java:lambda$create$0(206)) - Sending CreatePipelineCommand for pipeline:PipelineID=0594956b-ab6e-4b03-a748-0a7eaf65d047 to datanode:35cfc858-a2b0-48ab-9c56-830891a3070f
2023-08-29 18:54:11,078 [RatisPipelineUtilsThread - 0] INFO  pipeline.BackgroundPipelineCreator (BackgroundPipelineCreator.java:createPipelines(233)) - Created new pipeline Pipeline[ Id: 0594956b-ab6e-4b03-a748-0a7eaf65d047, Nodes: 35cfc858-a2b0-48ab-9c56-830891a3070f(fv-az225-157.hxhba2eg53duheooqg2bzplbvd.bx.internal.cloudapp.net/10.1.0.239), ReplicationConfig: RATIS/ONE, State:ALLOCATED, leaderId:, CreationTimestamp2023-08-29T18:54:11.077Z[Etc/UTC]]
2023-08-29 18:54:11,078 [RatisPipelineUtilsThread - 0] INFO  pipeline.RatisPipelineProvider (RatisPipelineProvider.java:lambda$create$0(206)) - Sending CreatePipelineCommand for pipeline:PipelineID=e89394e1-c97b-4e53-a036-d4d0da547ff3 to datanode:01366e89-60c7-46c1-a96e-1a2337162bc6
2023-08-29 18:54:11,078 [RatisPipelineUtilsThread - 0] INFO  pipeline.RatisPipelineProvider (RatisPipelineProvider.java:lambda$create$0(206)) - Sending CreatePipelineCommand for pipeline:PipelineID=e89394e1-c97b-4e53-a036-d4d0da547ff3 to datanode:9b50acff-382e-4523-ab74-6f7baa2ae53c
2023-08-29 18:54:11,078 [RatisPipelineUtilsThread - 0] INFO  pipeline.RatisPipelineProvider (RatisPipelineProvider.java:lambda$create$0(206)) - Sending CreatePipelineCommand for pipeline:PipelineID=e89394e1-c97b-4e53-a036-d4d0da547ff3 to datanode:35cfc858-a2b0-48ab-9c56-830891a3070f
2023-08-29 18:54:11,079 [RatisPipelineUtilsThread - 0] INFO  pipeline.BackgroundPipelineCreator (BackgroundPipelineCreator.java:createPipelines(233)) - Created new pipeline Pipeline[ Id: e89394e1-c97b-4e53-a036-d4d0da547ff3, Nodes: 01366e89-60c7-46c1-a96e-1a2337162bc6(fv-az225-157.hxhba2eg53duheooqg2bzplbvd.bx.internal.cloudapp.net/10.1.0.239)9b50acff-382e-4523-ab74-6f7baa2ae53c(fv-az225-157.hxhba2eg53duheooqg2bzplbvd.bx.internal.cloudapp.net/10.1.0.239)35cfc858-a2b0-48ab-9c56-830891a3070f(fv-az225-157.hxhba2eg53duheooqg2bzplbvd.bx.internal.cloudapp.net/10.1.0.239), ReplicationConfig: RATIS/THREE, State:ALLOCATED, leaderId:, CreationTimestamp2023-08-29T18:54:11.078Z[Etc/UTC]]
2023-08-29 18:54:11,079 [RatisPipelineUtilsThread - 0] INFO  pipeline.RatisPipelineProvider (RatisPipelineProvider.java:lambda$create$0(206)) - Sending CreatePipelineCommand for pipeline:PipelineID=8cf0cd72-1108-407f-b359-2215bff0cf76 to datanode:9b50acff-382e-4523-ab74-6f7baa2ae53c
2023-08-29 18:54:11,079 [RatisPipelineUtilsThread - 0] INFO  pipeline.RatisPipelineProvider (RatisPipelineProvider.java:lambda$create$0(206)) - Sending CreatePipelineCommand for pipeline:PipelineID=8cf0cd72-1108-407f-b359-2215bff0cf76 to datanode:35cfc858-a2b0-48ab-9c56-830891a3070f
2023-08-29 18:54:11,079 [RatisPipelineUtilsThread - 0] INFO  pipeline.RatisPipelineProvider (RatisPipelineProvider.java:lambda$create$0(206)) - Sending CreatePipelineCommand for pipeline:PipelineID=8cf0cd72-1108-407f-b359-2215bff0cf76 to datanode:01366e89-60c7-46c1-a96e-1a2337162bc6
2023-08-29 18:54:11,081 [RatisPipelineUtilsThread - 0] INFO  pipeline.PipelineManagerImpl (PipelineManagerImpl.java:recordMetricsForPipeline(914)) - Pipeline: PipelineID=8cf0cd72-1108-407f-b359-2215bff0cf76 contains same datanodes as previous pipelines: PipelineID=e89394e1-c97b-4e53-a036-d4d0da547ff3 nodeIds: 9b50acff-382e-4523-ab74-6f7baa2ae53c, 35cfc858-a2b0-48ab-9c56-830891a3070f, 01366e89-60c7-46c1-a96e-1a2337162bc6
2023-08-29 18:54:11,081 [RatisPipelineUtilsThread - 0] INFO  pipeline.BackgroundPipelineCreator (BackgroundPipelineCreator.java:createPipelines(233)) - Created new pipeline Pipeline[ Id: 8cf0cd72-1108-407f-b359-2215bff0cf76, Nodes: 9b50acff-382e-4523-ab74-6f7baa2ae53c(fv-az225-157.hxhba2eg53duheooqg2bzplbvd.bx.internal.cloudapp.net/10.1.0.239)35cfc858-a2b0-48ab-9c56-830891a3070f(fv-az225-157.hxhba2eg53duheooqg2bzplbvd.bx.internal.cloudapp.net/10.1.0.239)01366e89-60c7-46c1-a96e-1a2337162bc6(fv-az225-157.hxhba2eg53duheooqg2bzplbvd.bx.internal.cloudapp.net/10.1.0.239), ReplicationConfig: RATIS/THREE, State:ALLOCATED, leaderId:, CreationTimestamp2023-08-29T18:54:11.079Z[Etc/UTC]]
2023-08-29 18:54:11,388 [IPC Server handler 0 on default port 15055] INFO  net.NetworkTopologyImpl (NetworkTopologyImpl.java:add(112)) - Added a new node: /default-rack/56262cb9-d4bb-4e4d-aa87-5a4e1fe7f493
2023-08-29 18:54:11,389 [IPC Server handler 0 on default port 15055] INFO  node.SCMNodeManager (SCMNodeManager.java:register(405)) - Registered Data node : 56262cb9-d4bb-4e4d-aa87-5a4e1fe7f493{ip: 10.1.0.239, host: fv-az225-157.hxhba2eg53duheooqg2bzplbvd.bx.internal.cloudapp.net, ports: [HTTP=15089, CLIENT_RPC=15090, REPLICATION=15096, RATIS=15092, RATIS_ADMIN=15093, RATIS_SERVER=15094, RATIS_DATASTREAM=15095, STANDALONE=15091], networkLocation: /default-rack, certSerialId: null, persistedOpState: null, persistedOpStateExpiryEpochSec: 0}
2023-08-29 18:54:11,389 [EventQueue-NewNodeForNewNodeHandler] INFO  pipeline.BackgroundPipelineCreator (BackgroundPipelineCreator.java:notifyEventTriggered(277)) - trigger a one-shot run on RatisPipelineUtilsThread.
2023-08-29 18:54:11,390 [RatisPipelineUtilsThread - 0] INFO  pipeline.RatisPipelineProvider (RatisPipelineProvider.java:lambda$create$0(206)) - Sending CreatePipelineCommand for pipeline:PipelineID=2b0f8cd8-8389-4bcc-83d3-644d6e733947 to datanode:56262cb9-d4bb-4e4d-aa87-5a4e1fe7f493
2023-08-29 18:54:11,390 [RatisPipelineUtilsThread - 0] INFO  pipeline.BackgroundPipelineCreator (BackgroundPipelineCreator.java:createPipelines(233)) - Created new pipeline Pipeline[ Id: 2b0f8cd8-8389-4bcc-83d3-644d6e733947, Nodes: 56262cb9-d4bb-4e4d-aa87-5a4e1fe7f493(fv-az225-157.hxhba2eg53duheooqg2bzplbvd.bx.internal.cloudapp.net/10.1.0.239), ReplicationConfig: RATIS/ONE, State:ALLOCATED, leaderId:, CreationTimestamp2023-08-29T18:54:11.390Z[Etc/UTC]]
2023-08-29 18:54:11,633 [main] INFO  ozone.MiniOzoneClusterImpl (MiniOzoneClusterImpl.java:lambda$waitForClusterToBeReady$0(224)) - Waiting for nodes to be ready. Got 4 of 5 DN Heartbeats.
2023-08-29 18:54:11,633 [main] INFO  ozone.MiniOzoneClusterImpl (MiniOzoneClusterImpl.java:lambda$waitForClusterToBeReady$0(227)) - Waiting for cluster to exit safe mode
2023-08-29 18:54:11,633 [main] INFO  ozone.MiniOzoneClusterImpl (MiniOzoneClusterImpl.java:lambda$waitForClusterToBeReady$0(229)) - SCM became leader
2023-08-29 18:54:11,637 [IPC Server handler 2 on default port 15055] INFO  net.NetworkTopologyImpl (NetworkTopologyImpl.java:add(112)) - Added a new node: /default-rack/6fd2df5d-7fa6-4dbe-8371-fb8b49d5e440
2023-08-29 18:54:11,637 [IPC Server handler 2 on default port 15055] INFO  node.SCMNodeManager (SCMNodeManager.java:register(405)) - Registered Data node : 6fd2df5d-7fa6-4dbe-8371-fb8b49d5e440{ip: 10.1.0.239, host: fv-az225-157.hxhba2eg53duheooqg2bzplbvd.bx.internal.cloudapp.net, ports: [HTTP=15098, CLIENT_RPC=15099, REPLICATION=15105, RATIS=15101, RATIS_ADMIN=15102, RATIS_SERVER=15103, RATIS_DATASTREAM=15104, STANDALONE=15100], networkLocation: /default-rack, certSerialId: null, persistedOpState: null, persistedOpStateExpiryEpochSec: 0}
2023-08-29 18:54:11,637 [EventQueue-NewNodeForNewNodeHandler] INFO  pipeline.BackgroundPipelineCreator (BackgroundPipelineCreator.java:notifyEventTriggered(277)) - trigger a one-shot run on RatisPipelineUtilsThread.
2023-08-29 18:54:11,640 [RatisPipelineUtilsThread - 0] INFO  pipeline.RatisPipelineProvider (RatisPipelineProvider.java:lambda$create$0(206)) - Sending CreatePipelineCommand for pipeline:PipelineID=aa02b79d-e6cd-4fcb-b601-9d4ca13841c7 to datanode:6fd2df5d-7fa6-4dbe-8371-fb8b49d5e440
2023-08-29 18:54:11,641 [RatisPipelineUtilsThread - 0] INFO  pipeline.BackgroundPipelineCreator (BackgroundPipelineCreator.java:createPipelines(233)) - Created new pipeline Pipeline[ Id: aa02b79d-e6cd-4fcb-b601-9d4ca13841c7, Nodes: 6fd2df5d-7fa6-4dbe-8371-fb8b49d5e440(fv-az225-157.hxhba2eg53duheooqg2bzplbvd.bx.internal.cloudapp.net/10.1.0.239), ReplicationConfig: RATIS/ONE, State:ALLOCATED, leaderId:, CreationTimestamp2023-08-29T18:54:11.640Z[Etc/UTC]]
2023-08-29 18:54:12,634 [main] INFO  ozone.MiniOzoneClusterImpl (MiniOzoneClusterImpl.java:lambda$waitForClusterToBeReady$0(224)) - Nodes are ready. Got 5 of 5 DN Heartbeats.
2023-08-29 18:54:12,634 [main] INFO  ozone.MiniOzoneClusterImpl (MiniOzoneClusterImpl.java:lambda$waitForClusterToBeReady$0(227)) - Waiting for cluster to exit safe mode
2023-08-29 18:54:12,634 [main] INFO  ozone.MiniOzoneClusterImpl (MiniOzoneClusterImpl.java:lambda$waitForClusterToBeReady$0(229)) - SCM became leader
2023-08-29 18:54:13,513 [PipelineCommandHandlerThread-0] INFO  server.RaftServer (RaftServerProxy.java:addNew(98)) - 01366e89-60c7-46c1-a96e-1a2337162bc6: addNew group-BBE16DE7D014:[01366e89-60c7-46c1-a96e-1a2337162bc6|rpc:10.1.0.239:15067|admin:10.1.0.239:15066|client:10.1.0.239:15065|dataStream:10.1.0.239:15068|priority:1|startupRole:FOLLOWER] returns group-BBE16DE7D014:java.util.concurrent.CompletableFuture@691b406e[Not completed]
2023-08-29 18:54:13,515 [01366e89-60c7-46c1-a96e-1a2337162bc6-groupManagement] INFO  server.RaftServer$Division (RaftServerImpl.java:<init>(198)) - 01366e89-60c7-46c1-a96e-1a2337162bc6: new RaftServerImpl for group-BBE16DE7D014:[01366e89-60c7-46c1-a96e-1a2337162bc6|rpc:10.1.0.239:15067|admin:10.1.0.239:15066|client:10.1.0.239:15065|dataStream:10.1.0.239:15068|priority:1|startupRole:FOLLOWER] with ContainerStateMachine:uninitialized
2023-08-29 18:54:13,515 [01366e89-60c7-46c1-a96e-1a2337162bc6-groupManagement] INFO  server.RaftServerConfigKeys (ConfUtils.java:logGet(46)) - raft.server.rpc.timeout.min = 5s (custom)
2023-08-29 18:54:13,515 [01366e89-60c7-46c1-a96e-1a2337162bc6-groupManagement] INFO  server.RaftServerConfigKeys (ConfUtils.java:logGet(46)) - raft.server.rpc.timeout.max = 5200ms (custom)
2023-08-29 18:54:13,515 [01366e89-60c7-46c1-a96e-1a2337162bc6-groupManagement] INFO  server.RaftServerConfigKeys (ConfUtils.java:logGet(46)) - raft.server.rpc.sleep.time = 25ms (default)
2023-08-29 18:54:13,515 [01366e89-60c7-46c1-a96e-1a2337162bc6-groupManagement] INFO  server.RaftServerConfigKeys (ConfUtils.java:logGet(46)) - raft.server.rpc.slowness.timeout = 300s (custom)
2023-08-29 18:54:13,515 [01366e89-60c7-46c1-a96e-1a2337162bc6-groupManagement] INFO  server.RaftServerConfigKeys (ConfUtils.java:logGet(46)) - raft.server.leaderelection.leader.step-down.wait-time = 10s (default)
2023-08-29 18:54:13,515 [01366e89-60c7-46c1-a96e-1a2337162bc6-groupManagement] INFO  server.RaftServerConfigKeys (ConfUtils.java:logGet(46)) - raft.server.sleep.deviation.threshold = 300ms (default)
2023-08-29 18:54:13,515 [01366e89-60c7-46c1-a96e-1a2337162bc6-groupManagement] INFO  server.RaftServer$Division (ServerState.java:<init>(120)) - 01366e89-60c7-46c1-a96e-1a2337162bc6@group-BBE16DE7D014: ConfigurationManager, init=-1: peers:[01366e89-60c7-46c1-a96e-1a2337162bc6|rpc:10.1.0.239:15067|admin:10.1.0.239:15066|client:10.1.0.239:15065|dataStream:10.1.0.239:15068|priority:1|startupRole:FOLLOWER]|listeners:[], old=null, confs=<EMPTY_MAP>
2023-08-29 18:54:13,515 [01366e89-60c7-46c1-a96e-1a2337162bc6-groupManagement] INFO  server.RaftServerConfigKeys (ConfUtils.java:logGet(46)) - raft.server.storage.dir = [/home/runner/work/ozone/ozone/hadoop-ozone/integration-test/target/test-dir/MiniOzoneClusterImpl-05f3a914-8c49-4f9f-9f2f-4b041a8937a3/datanode-0/data/ratis] (custom)
2023-08-29 18:54:13,516 [01366e89-60c7-46c1-a96e-1a2337162bc6-groupManagement] INFO  server.RaftServerConfigKeys (ConfUtils.java:logGet(46)) - raft.server.log.corruption.policy = EXCEPTION (default)
2023-08-29 18:54:13,516 [01366e89-60c7-46c1-a96e-1a2337162bc6-groupManagement] INFO  server.RaftServerConfigKeys (ConfUtils.java:logGet(46)) - raft.server.storage.free-space.min = 0MB (=0) (default)
2023-08-29 18:54:13,516 [01366e89-60c7-46c1-a96e-1a2337162bc6-groupManagement] INFO  server.RaftServerConfigKeys (ConfUtils.java:logGet(46)) - raft.server.notification.no-leader.timeout = 300s (custom)
2023-08-29 18:54:13,516 [01366e89-60c7-46c1-a96e-1a2337162bc6-groupManagement] INFO  server.RaftServerConfigKeys (ConfUtils.java:logGet(46)) - raft.server.read.timeout = 10s (default)
2023-08-29 18:54:13,516 [01366e89-60c7-46c1-a96e-1a2337162bc6-groupManagement] INFO  server.RaftServerConfigKeys (ConfUtils.java:logGet(46)) - raft.server.retrycache.expirytime = 600000ms (custom)
2023-08-29 18:54:13,516 [01366e89-60c7-46c1-a96e-1a2337162bc6-groupManagement] INFO  server.RaftServerConfigKeys (ConfUtils.java:logGet(46)) - raft.server.retrycache.statistics.expirytime = 100μs (default)
2023-08-29 18:54:13,516 [01366e89-60c7-46c1-a96e-1a2337162bc6-groupManagement] INFO  server.RaftServerConfigKeys (ConfUtils.java:logGet(46)) - raft.server.read.option = DEFAULT (default)
2023-08-29 18:54:13,517 [01366e89-60c7-46c1-a96e-1a2337162bc6-groupManagement] INFO  server.RaftServerConfigKeys (ConfUtils.java:logGet(46)) - raft.server.rpc.request.timeout = 60s (custom)
2023-08-29 18:54:13,517 [01366e89-60c7-46c1-a96e-1a2337162bc6-groupManagement] INFO  server.RaftServerConfigKeys (ConfUtils.java:logGet(46)) - raft.server.log.appender.install.snapshot.enabled = false (custom)
2023-08-29 18:54:13,517 [01366e89-60c7-46c1-a96e-1a2337162bc6-groupManagement] INFO  server.RaftServerConfigKeys (ConfUtils.java:logGet(46)) - raft.server.threadpool.server.cached = true (default)
2023-08-29 18:54:13,517 [01366e89-60c7-46c1-a96e-1a2337162bc6-groupManagement] INFO  server.RaftServerConfigKeys (ConfUtils.java:logGet(46)) - raft.server.threadpool.server.size = 0 (default)
2023-08-29 18:54:13,517 [01366e89-60c7-46c1-a96e-1a2337162bc6-groupManagement] INFO  server.RaftServerConfigKeys (ConfUtils.java:logGet(46)) - raft.server.threadpool.client.cached = true (default)
2023-08-29 18:54:13,517 [01366e89-60c7-46c1-a96e-1a2337162bc6-groupManagement] INFO  server.RaftServerConfigKeys (ConfUtils.java:logGet(46)) - raft.server.threadpool.client.size = 0 (default)
2023-08-29 18:54:13,517 [01366e89-60c7-46c1-a96e-1a2337162bc6-groupManagement] INFO  storage.RaftStorageDirectory (RaftStorageDirectoryImpl.java:analyzeStorage(137)) - The storage directory /home/runner/work/ozone/ozone/hadoop-ozone/integration-test/target/test-dir/MiniOzoneClusterImpl-05f3a914-8c49-4f9f-9f2f-4b041a8937a3/datanode-0/data/ratis/347b5ec7-5c68-43a9-bdc8-bbe16de7d014 does not exist. Creating ...
2023-08-29 18:54:13,518 [01366e89-60c7-46c1-a96e-1a2337162bc6-groupManagement] INFO  storage.RaftStorageDirectory (RaftStorageDirectoryImpl.java:tryLock(231)) - Lock on /home/runner/work/ozone/ozone/hadoop-ozone/integration-test/target/test-dir/MiniOzoneClusterImpl-05f3a914-8c49-4f9f-9f2f-4b041a8937a3/datanode-0/data/ratis/347b5ec7-5c68-43a9-bdc8-bbe16de7d014/in_use.lock acquired by nodename 61099@fv-az225-157
2023-08-29 18:54:13,519 [01366e89-60c7-46c1-a96e-1a2337162bc6-groupManagement] INFO  storage.RaftStorage (RaftStorageImpl.java:format(96)) - Storage directory /home/runner/work/ozone/ozone/hadoop-ozone/integration-test/target/test-dir/MiniOzoneClusterImpl-05f3a914-8c49-4f9f-9f2f-4b041a8937a3/datanode-0/data/ratis/347b5ec7-5c68-43a9-bdc8-bbe16de7d014 has been successfully formatted.
2023-08-29 18:54:13,521 [01366e89-60c7-46c1-a96e-1a2337162bc6-groupManagement] INFO  ratis.ContainerStateMachine (ContainerStateMachine.java:loadSnapshot(262)) - group-BBE16DE7D014: The snapshot info is null. Setting the last applied indexto:(t:0, i:~)
2023-08-29 18:54:13,521 [01366e89-60c7-46c1-a96e-1a2337162bc6-groupManagement] INFO  server.RaftServerConfigKeys (ConfUtils.java:logGet(46)) - raft.server.log.use.memory = false (default)
2023-08-29 18:54:13,521 [01366e89-60c7-46c1-a96e-1a2337162bc6-groupManagement] INFO  server.RaftServerConfigKeys (ConfUtils.java:logGet(46)) - raft.server.log.purge.gap = 1000000 (custom)
2023-08-29 18:54:13,521 [01366e89-60c7-46c1-a96e-1a2337162bc6-groupManagement] INFO  server.RaftServerConfigKeys (ConfUtils.java:logGet(46)) - raft.server.log.appender.buffer.byte-limit = 33554432 (custom)
2023-08-29 18:54:13,521 [01366e89-60c7-46c1-a96e-1a2337162bc6-groupManagement] INFO  server.RaftServerConfigKeys (ConfUtils.java:logGet(46)) - raft.server.log.statemachine.data.read.timeout = 1000ms (default)
2023-08-29 18:54:13,521 [01366e89-60c7-46c1-a96e-1a2337162bc6-groupManagement] INFO  server.RaftServerConfigKeys (ConfUtils.java:logGet(46)) - raft.server.log.purge.preservation.log.num = 0 (default)
2023-08-29 18:54:13,521 [01366e89-60c7-46c1-a96e-1a2337162bc6-groupManagement] INFO  server.RaftServerConfigKeys (ConfUtils.java:logGet(46)) - raft.server.log.segment.size.max = 1048576 (custom)
2023-08-29 18:54:13,522 [EventQueue-PipelineReportForPipelineReportHandler] INFO  pipeline.PipelineReportHandler (PipelineReportHandler.java:processPipelineReport(136)) - Opened pipeline PipelineID=347b5ec7-5c68-43a9-bdc8-bbe16de7d014
2023-08-29 18:54:13,523 [01366e89-60c7-46c1-a96e-1a2337162bc6-groupManagement] INFO  server.RaftServerConfigKeys (ConfUtils.java:logGet(46)) - raft.server.log.segment.cache.num.max = 2 (custom)
2023-08-29 18:54:13,523 [01366e89-60c7-46c1-a96e-1a2337162bc6-groupManagement] INFO  server.RaftServerConfigKeys (ConfUtils.java:logGet(46)) - raft.server.log.segment.cache.size.max = 200MB (=209715200) (default)
2023-08-29 18:54:13,523 [01366e89-60c7-46c1-a96e-1a2337162bc6-groupManagement] INFO  server.RaftServerConfigKeys (ConfUtils.java:logGet(46)) - raft.server.log.appender.buffer.byte-limit = 33554432 (custom)
2023-08-29 18:54:13,523 [01366e89-60c7-46c1-a96e-1a2337162bc6-groupManagement] INFO  segmented.SegmentedRaftLogWorker (SegmentedRaftLogWorker.java:<init>(188)) - new 01366e89-60c7-46c1-a96e-1a2337162bc6@group-BBE16DE7D014-SegmentedRaftLogWorker for RaftStorageImpl:Storage Directory /home/runner/work/ozone/ozone/hadoop-ozone/integration-test/target/test-dir/MiniOzoneClusterImpl-05f3a914-8c49-4f9f-9f2f-4b041a8937a3/datanode-0/data/ratis/347b5ec7-5c68-43a9-bdc8-bbe16de7d014
2023-08-29 18:54:13,524 [01366e89-60c7-46c1-a96e-1a2337162bc6-groupManagement] INFO  server.RaftServerConfigKeys (ConfUtils.java:logGet(46)) - raft.server.log.queue.byte-limit = 4294967296 (custom)
2023-08-29 18:54:13,524 [01366e89-60c7-46c1-a96e-1a2337162bc6-groupManagement] INFO  server.RaftServerConfigKeys (ConfUtils.java:logGet(46)) - raft.server.log.queue.element-limit = 1024 (custom)
2023-08-29 18:54:13,524 [01366e89-60c7-46c1-a96e-1a2337162bc6-groupManagement] INFO  server.RaftServerConfigKeys (ConfUtils.java:logGet(46)) - raft.server.log.segment.size.max = 1048576 (custom)
2023-08-29 18:54:13,524 [01366e89-60c7-46c1-a96e-1a2337162bc6-groupManagement] INFO  server.RaftServerConfigKeys (ConfUtils.java:logGet(46)) - raft.server.log.preallocated.size = 16384 (custom)
2023-08-29 18:54:13,524 [01366e89-60c7-46c1-a96e-1a2337162bc6-groupManagement] INFO  server.RaftServerConfigKeys (ConfUtils.java:logGet(46)) - raft.server.log.force.sync.num = 128 (default)
2023-08-29 18:54:13,524 [01366e89-60c7-46c1-a96e-1a2337162bc6-groupManagement] INFO  server.RaftServerConfigKeys (ConfUtils.java:logGet(46)) - raft.server.log.statemachine.data.sync = true (default)
2023-08-29 18:54:13,524 [01366e89-60c7-46c1-a96e-1a2337162bc6-groupManagement] INFO  server.RaftServerConfigKeys (ConfUtils.java:logGet(46)) - raft.server.log.statemachine.data.sync.timeout = 10s (default)
2023-08-29 18:54:13,524 [01366e89-60c7-46c1-a96e-1a2337162bc6-groupManagement] INFO  server.RaftServerConfigKeys (ConfUtils.java:logGet(46)) - raft.server.log.statemachine.data.sync.timeout.retry = -1 (default)
2023-08-29 18:54:13,525 [EventQueue-OpenPipelineForHealthyPipelineSafeModeRule] INFO  safemode.SCMSafeModeManager (HealthyPipelineSafeModeRule.java:process(137)) - SCM in safe mode. Healthy pipelines reported count is 0, required healthy pipeline reported count is 1
2023-08-29 18:54:13,525 [01366e89-60c7-46c1-a96e-1a2337162bc6-groupManagement] INFO  server.RaftServerConfigKeys (ConfUtils.java:logGet(46)) - raft.server.log.write.buffer.size = 1048576 (custom)
2023-08-29 18:54:13,525 [01366e89-60c7-46c1-a96e-1a2337162bc6-groupManagement] INFO  server.RaftServerConfigKeys (ConfUtils.java:logGet(46)) - raft.server.log.appender.buffer.byte-limit = 33554432 (custom)
2023-08-29 18:54:13,530 [01366e89-60c7-46c1-a96e-1a2337162bc6-groupManagement] INFO  server.RaftServerConfigKeys (ConfUtils.java:logGet(46)) - raft.server.log.unsafe-flush.enabled = false (default)
2023-08-29 18:54:13,530 [01366e89-60c7-46c1-a96e-1a2337162bc6-groupManagement] INFO  server.RaftServerConfigKeys (ConfUtils.java:logGet(46)) - raft.server.log.async-flush.enabled = false (default)
2023-08-29 18:54:13,530 [01366e89-60c7-46c1-a96e-1a2337162bc6-groupManagement] INFO  server.RaftServerConfigKeys (ConfUtils.java:logGet(46)) - raft.server.log.statemachine.data.caching.enabled = true (custom)
2023-08-29 18:54:13,530 [01366e89-60c7-46c1-a96e-1a2337162bc6-groupManagement] INFO  segmented.SegmentedRaftLogWorker (SegmentedRaftLogWorker.java:lambda$new$0(135)) - 01366e89-60c7-46c1-a96e-1a2337162bc6@group-BBE16DE7D014-SegmentedRaftLogWorker: flushIndex: setUnconditionally 0 -> -1
2023-08-29 18:54:13,530 [01366e89-60c7-46c1-a96e-1a2337162bc6-groupManagement] INFO  segmented.SegmentedRaftLogWorker (SegmentedRaftLogWorker.java:lambda$new$0(135)) - 01366e89-60c7-46c1-a96e-1a2337162bc6@group-BBE16DE7D014-SegmentedRaftLogWorker: safeCacheEvictIndex: setUnconditionally 0 -> -1
2023-08-29 18:54:13,531 [01366e89-60c7-46c1-a96e-1a2337162bc6-groupManagement] INFO  server.RaftServer$Division (RaftServerImpl.java:start(342)) - 01366e89-60c7-46c1-a96e-1a2337162bc6@group-BBE16DE7D014: start as a follower, conf=-1: peers:[01366e89-60c7-46c1-a96e-1a2337162bc6|rpc:10.1.0.239:15067|admin:10.1.0.239:15066|client:10.1.0.239:15065|dataStream:10.1.0.239:15068|priority:1|startupRole:FOLLOWER]|listeners:[], old=null
2023-08-29 18:54:13,531 [01366e89-60c7-46c1-a96e-1a2337162bc6-groupManagement] INFO  server.RaftServer$Division (RaftServerImpl.java:setRole(329)) - 01366e89-60c7-46c1-a96e-1a2337162bc6@group-BBE16DE7D014: changes role from      null to FOLLOWER at term 0 for startAsFollower
2023-08-29 18:54:13,531 [01366e89-60c7-46c1-a96e-1a2337162bc6-groupManagement] INFO  impl.RoleInfo (RoleInfo.java:updateAndGet(139)) - 01366e89-60c7-46c1-a96e-1a2337162bc6: start 01366e89-60c7-46c1-a96e-1a2337162bc6@group-BBE16DE7D014-FollowerState
2023-08-29 18:54:13,531 [01366e89-60c7-46c1-a96e-1a2337162bc6@group-BBE16DE7D014-FollowerState] INFO  server.RaftServerConfigKeys (ConfUtils.java:logFallback(53)) - raft.server.rpc.first-election.timeout.min = 5s (fallback to raft.server.rpc.timeout.min)
2023-08-29 18:54:13,531 [01366e89-60c7-46c1-a96e-1a2337162bc6-groupManagement] INFO  util.JmxRegister (JmxRegister.java:tryRegister(44)) - Successfully registered JMX Bean with object name Ratis:service=RaftServer,group=group-BBE16DE7D014,id=01366e89-60c7-46c1-a96e-1a2337162bc6
2023-08-29 18:54:13,531 [01366e89-60c7-46c1-a96e-1a2337162bc6@group-BBE16DE7D014-FollowerState] INFO  server.RaftServerConfigKeys (ConfUtils.java:logFallback(53)) - raft.server.rpc.first-election.timeout.max = 5200ms (fallback to raft.server.rpc.timeout.max)
2023-08-29 18:54:13,531 [01366e89-60c7-46c1-a96e-1a2337162bc6-groupManagement] INFO  server.RaftServerConfigKeys (ConfUtils.java:logGet(46)) - raft.server.snapshot.auto.trigger.enabled = true (custom)
2023-08-29 18:54:13,531 [01366e89-60c7-46c1-a96e-1a2337162bc6-groupManagement] INFO  server.RaftServerConfigKeys (ConfUtils.java:logGet(46)) - raft.server.snapshot.auto.trigger.threshold = 10000 (custom)
2023-08-29 18:54:13,531 [01366e89-60c7-46c1-a96e-1a2337162bc6-groupManagement] INFO  server.RaftServerConfigKeys (ConfUtils.java:logGet(46)) - raft.server.snapshot.retention.file.num = 5 (custom)
2023-08-29 18:54:13,531 [01366e89-60c7-46c1-a96e-1a2337162bc6-groupManagement] INFO  server.RaftServerConfigKeys (ConfUtils.java:logGet(46)) - raft.server.log.purge.upto.snapshot.index = false (default)
2023-08-29 18:54:13,532 [PipelineCommandHandlerThread-0] INFO  ratis.XceiverServerRatis (XceiverServerRatis.java:addGroup(804)) - Created group PipelineID=347b5ec7-5c68-43a9-bdc8-bbe16de7d014
2023-08-29 18:54:13,532 [PipelineCommandHandlerThread-0] INFO  commandhandler.CreatePipelineCommandHandler (CreatePipelineCommandHandler.java:lambda$handle$2(124)) - Created Pipeline RATIS ONE PipelineID=347b5ec7-5c68-43a9-bdc8-bbe16de7d014.
2023-08-29 18:54:13,532 [PipelineCommandHandlerThread-0] INFO  server.RaftServer (RaftServerProxy.java:addNew(98)) - 01366e89-60c7-46c1-a96e-1a2337162bc6: addNew group-D4D0DA547FF3:[01366e89-60c7-46c1-a96e-1a2337162bc6|rpc:10.1.0.239:15067|admin:10.1.0.239:15066|client:10.1.0.239:15065|dataStream:10.1.0.239:15068|priority:1|startupRole:FOLLOWER, 9b50acff-382e-4523-ab74-6f7baa2ae53c|rpc:10.1.0.239:15076|admin:10.1.0.239:15075|client:10.1.0.239:15074|dataStream:10.1.0.239:15077|priority:0|startupRole:FOLLOWER, 35cfc858-a2b0-48ab-9c56-830891a3070f|rpc:10.1.0.239:15085|admin:10.1.0.239:15084|client:10.1.0.239:15083|dataStream:10.1.0.239:15086|priority:0|startupRole:FOLLOWER] returns group-D4D0DA547FF3:java.util.concurrent.CompletableFuture@6d24d995[Not completed]
2023-08-29 18:54:13,533 [01366e89-60c7-46c1-a96e-1a2337162bc6-groupManagement] INFO  server.RaftServer$Division (RaftServerImpl.java:<init>(198)) - 01366e89-60c7-46c1-a96e-1a2337162bc6: new RaftServerImpl for group-D4D0DA547FF3:[01366e89-60c7-46c1-a96e-1a2337162bc6|rpc:10.1.0.239:15067|admin:10.1.0.239:15066|client:10.1.0.239:15065|dataStream:10.1.0.239:15068|priority:1|startupRole:FOLLOWER, 9b50acff-382e-4523-ab74-6f7baa2ae53c|rpc:10.1.0.239:15076|admin:10.1.0.239:15075|client:10.1.0.239:15074|dataStream:10.1.0.239:15077|priority:0|startupRole:FOLLOWER, 35cfc858-a2b0-48ab-9c56-830891a3070f|rpc:10.1.0.239:15085|admin:10.1.0.239:15084|client:10.1.0.239:15083|dataStream:10.1.0.239:15086|priority:0|startupRole:FOLLOWER] with ContainerStateMachine:uninitialized
2023-08-29 18:54:13,533 [01366e89-60c7-46c1-a96e-1a2337162bc6-groupManagement] INFO  server.RaftServerConfigKeys (ConfUtils.java:logGet(46)) - raft.server.rpc.timeout.min = 5s (custom)
2023-08-29 18:54:13,533 [01366e89-60c7-46c1-a96e-1a2337162bc6-groupManagement] INFO  server.RaftServerConfigKeys (ConfUtils.java:logGet(46)) - raft.server.rpc.timeout.max = 5200ms (custom)
2023-08-29 18:54:13,533 [01366e89-60c7-46c1-a96e-1a2337162bc6-groupManagement] INFO  server.RaftServerConfigKeys (ConfUtils.java:logGet(46)) - raft.server.rpc.sleep.time = 25ms (default)
2023-08-29 18:54:13,533 [01366e89-60c7-46c1-a96e-1a2337162bc6-groupManagement] INFO  server.RaftServerConfigKeys (ConfUtils.java:logGet(46)) - raft.server.rpc.slowness.timeout = 300s (custom)
2023-08-29 18:54:13,533 [01366e89-60c7-46c1-a96e-1a2337162bc6-groupManagement] INFO  server.RaftServerConfigKeys (ConfUtils.java:logGet(46)) - raft.server.leaderelection.leader.step-down.wait-time = 10s (default)
2023-08-29 18:54:13,533 [01366e89-60c7-46c1-a96e-1a2337162bc6-groupManagement] INFO  server.RaftServerConfigKeys (ConfUtils.java:logGet(46)) - raft.server.sleep.deviation.threshold = 300ms (default)
2023-08-29 18:54:13,533 [01366e89-60c7-46c1-a96e-1a2337162bc6-groupManagement] INFO  server.RaftServer$Division (ServerState.java:<init>(120)) - 01366e89-60c7-46c1-a96e-1a2337162bc6@group-D4D0DA547FF3: ConfigurationManager, init=-1: peers:[01366e89-60c7-46c1-a96e-1a2337162bc6|rpc:10.1.0.239:15067|admin:10.1.0.239:15066|client:10.1.0.239:15065|dataStream:10.1.0.239:15068|priority:1|startupRole:FOLLOWER, 9b50acff-382e-4523-ab74-6f7baa2ae53c|rpc:10.1.0.239:15076|admin:10.1.0.239:15075|client:10.1.0.239:15074|dataStream:10.1.0.239:15077|priority:0|startupRole:FOLLOWER, 35cfc858-a2b0-48ab-9c56-830891a3070f|rpc:10.1.0.239:15085|admin:10.1.0.239:15084|client:10.1.0.239:15083|dataStream:10.1.0.239:15086|priority:0|startupRole:FOLLOWER]|listeners:[], old=null, confs=<EMPTY_MAP>
2023-08-29 18:54:13,533 [01366e89-60c7-46c1-a96e-1a2337162bc6-groupManagement] INFO  server.RaftServerConfigKeys (ConfUtils.java:logGet(46)) - raft.server.storage.dir = [/home/runner/work/ozone/ozone/hadoop-ozone/integration-test/target/test-dir/MiniOzoneClusterImpl-05f3a914-8c49-4f9f-9f2f-4b041a8937a3/datanode-0/data/ratis] (custom)
2023-08-29 18:54:13,534 [01366e89-60c7-46c1-a96e-1a2337162bc6-groupManagement] INFO  server.RaftServerConfigKeys (ConfUtils.java:logGet(46)) - raft.server.log.corruption.policy = EXCEPTION (default)
2023-08-29 18:54:13,534 [01366e89-60c7-46c1-a96e-1a2337162bc6-groupManagement] INFO  server.RaftServerConfigKeys (ConfUtils.java:logGet(46)) - raft.server.storage.free-space.min = 0MB (=0) (default)
2023-08-29 18:54:13,534 [01366e89-60c7-46c1-a96e-1a2337162bc6-groupManagement] INFO  server.RaftServerConfigKeys (ConfUtils.java:logGet(46)) - raft.server.notification.no-leader.timeout = 300s (custom)
2023-08-29 18:54:13,534 [01366e89-60c7-46c1-a96e-1a2337162bc6-groupManagement] INFO  server.RaftServerConfigKeys (ConfUtils.java:logGet(46)) - raft.server.read.timeout = 10s (default)
2023-08-29 18:54:13,534 [01366e89-60c7-46c1-a96e-1a2337162bc6-groupManagement] INFO  server.RaftServerConfigKeys (ConfUtils.java:logGet(46)) - raft.server.retrycache.expirytime = 600000ms (custom)
2023-08-29 18:54:13,534 [01366e89-60c7-46c1-a96e-1a2337162bc6-groupManagement] INFO  server.RaftServerConfigKeys (ConfUtils.java:logGet(46)) - raft.server.retrycache.statistics.expirytime = 100μs (default)
2023-08-29 18:54:13,534 [01366e89-60c7-46c1-a96e-1a2337162bc6-groupManagement] INFO  server.RaftServerConfigKeys (ConfUtils.java:logGet(46)) - raft.server.read.option = DEFAULT (default)
2023-08-29 18:54:13,535 [01366e89-60c7-46c1-a96e-1a2337162bc6-groupManagement] INFO  server.RaftServerConfigKeys (ConfUtils.java:logGet(46)) - raft.server.rpc.request.timeout = 60s (custom)
2023-08-29 18:54:13,535 [01366e89-60c7-46c1-a96e-1a2337162bc6-groupManagement] INFO  server.RaftServerConfigKeys (ConfUtils.java:logGet(46)) - raft.server.log.appender.install.snapshot.enabled = false (custom)
2023-08-29 18:54:13,535 [01366e89-60c7-46c1-a96e-1a2337162bc6-groupManagement] INFO  server.RaftServerConfigKeys (ConfUtils.java:logGet(46)) - raft.server.threadpool.server.cached = true (default)
2023-08-29 18:54:13,535 [01366e89-60c7-46c1-a96e-1a2337162bc6-groupManagement] INFO  server.RaftServerConfigKeys (ConfUtils.java:logGet(46)) - raft.server.threadpool.server.size = 0 (default)
2023-08-29 18:54:13,535 [01366e89-60c7-46c1-a96e-1a2337162bc6-groupManagement] INFO  server.RaftServerConfigKeys (ConfUtils.java:logGet(46)) - raft.server.threadpool.client.cached = true (default)
2023-08-29 18:54:13,535 [01366e89-60c7-46c1-a96e-1a2337162bc6-groupManagement] INFO  server.RaftServerConfigKeys (ConfUtils.java:logGet(46)) - raft.server.threadpool.client.size = 0 (default)
2023-08-29 18:54:13,535 [01366e89-60c7-46c1-a96e-1a2337162bc6-groupManagement] INFO  storage.RaftStorageDirectory (RaftStorageDirectoryImpl.java:analyzeStorage(137)) - The storage directory /home/runner/work/ozone/ozone/hadoop-ozone/integration-test/target/test-dir/MiniOzoneClusterImpl-05f3a914-8c49-4f9f-9f2f-4b041a8937a3/datanode-0/data/ratis/e89394e1-c97b-4e53-a036-d4d0da547ff3 does not exist. Creating ...
2023-08-29 18:54:13,536 [01366e89-60c7-46c1-a96e-1a2337162bc6-groupManagement] INFO  storage.RaftStorageDirectory (RaftStorageDirectoryImpl.java:tryLock(231)) - Lock on /home/runner/work/ozone/ozone/hadoop-ozone/integration-test/target/test-dir/MiniOzoneClusterImpl-05f3a914-8c49-4f9f-9f2f-4b041a8937a3/datanode-0/data/ratis/e89394e1-c97b-4e53-a036-d4d0da547ff3/in_use.lock acquired by nodename 61099@fv-az225-157
2023-08-29 18:54:13,537 [01366e89-60c7-46c1-a96e-1a2337162bc6-groupManagement] INFO  storage.RaftStorage (RaftStorageImpl.java:format(96)) - Storage directory /home/runner/work/ozone/ozone/hadoop-ozone/integration-test/target/test-dir/MiniOzoneClusterImpl-05f3a914-8c49-4f9f-9f2f-4b041a8937a3/datanode-0/data/ratis/e89394e1-c97b-4e53-a036-d4d0da547ff3 has been successfully formatted.
2023-08-29 18:54:13,537 [01366e89-60c7-46c1-a96e-1a2337162bc6-groupManagement] INFO  ratis.ContainerStateMachine (ContainerStateMachine.java:loadSnapshot(262)) - group-D4D0DA547FF3: The snapshot info is null. Setting the last applied indexto:(t:0, i:~)
2023-08-29 18:54:13,537 [01366e89-60c7-46c1-a96e-1a2337162bc6-groupManagement] INFO  server.RaftServerConfigKeys (ConfUtils.java:logGet(46)) - raft.server.log.use.memory = false (default)
2023-08-29 18:54:13,538 [EventQueue-OpenPipelineForHealthyPipelineSafeModeRule] INFO  safemode.SCMSafeModeManager (HealthyPipelineSafeModeRule.java:process(137)) - SCM in safe mode. Healthy pipelines reported count is 0, required healthy pipeline reported count is 1
2023-08-29 18:54:13,538 [01366e89-60c7-46c1-a96e-1a2337162bc6-groupManagement] INFO  server.RaftServerConfigKeys (ConfUtils.java:logGet(46)) - raft.server.log.purge.gap = 1000000 (custom)
2023-08-29 18:54:13,538 [01366e89-60c7-46c1-a96e-1a2337162bc6-groupManagement] INFO  server.RaftServerConfigKeys (ConfUtils.java:logGet(46)) - raft.server.log.appender.buffer.byte-limit = 33554432 (custom)
2023-08-29 18:54:13,538 [01366e89-60c7-46c1-a96e-1a2337162bc6-groupManagement] INFO  server.RaftServerConfigKeys (ConfUtils.java:logGet(46)) - raft.server.log.statemachine.data.read.timeout = 1000ms (default)
2023-08-29 18:54:13,538 [01366e89-60c7-46c1-a96e-1a2337162bc6-groupManagement] INFO  server.RaftServerConfigKeys (ConfUtils.java:logGet(46)) - raft.server.log.purge.preservation.log.num = 0 (default)
2023-08-29 18:54:13,538 [01366e89-60c7-46c1-a96e-1a2337162bc6-groupManagement] INFO  server.RaftServerConfigKeys (ConfUtils.java:logGet(46)) - raft.server.log.segment.size.max = 1048576 (custom)
2023-08-29 18:54:13,539 [01366e89-60c7-46c1-a96e-1a2337162bc6-groupManagement] INFO  server.RaftServerConfigKeys (ConfUtils.java:logGet(46)) - raft.server.log.segment.cache.num.max = 2 (custom)
2023-08-29 18:54:13,539 [01366e89-60c7-46c1-a96e-1a2337162bc6-groupManagement] INFO  server.RaftServerConfigKeys (ConfUtils.java:logGet(46)) - raft.server.log.segment.cache.size.max = 200MB (=209715200) (default)
2023-08-29 18:54:13,539 [01366e89-60c7-46c1-a96e-1a2337162bc6-groupManagement] INFO  server.RaftServerConfigKeys (ConfUtils.java:logGet(46)) - raft.server.log.appender.buffer.byte-limit = 33554432 (custom)
2023-08-29 18:54:13,539 [01366e89-60c7-46c1-a96e-1a2337162bc6-groupManagement] INFO  segmented.SegmentedRaftLogWorker (SegmentedRaftLogWorker.java:<init>(188)) - new 01366e89-60c7-46c1-a96e-1a2337162bc6@group-D4D0DA547FF3-SegmentedRaftLogWorker for RaftStorageImpl:Storage Directory /home/runner/work/ozone/ozone/hadoop-ozone/integration-test/target/test-dir/MiniOzoneClusterImpl-05f3a914-8c49-4f9f-9f2f-4b041a8937a3/datanode-0/data/ratis/e89394e1-c97b-4e53-a036-d4d0da547ff3
2023-08-29 18:54:13,539 [01366e89-60c7-46c1-a96e-1a2337162bc6-groupManagement] INFO  server.RaftServerConfigKeys (ConfUtils.java:logGet(46)) - raft.server.log.queue.byte-limit = 4294967296 (custom)
2023-08-29 18:54:13,539 [01366e89-60c7-46c1-a96e-1a2337162bc6-groupManagement] INFO  server.RaftServerConfigKeys (ConfUtils.java:logGet(46)) - raft.server.log.queue.element-limit = 1024 (custom)
2023-08-29 18:54:13,539 [01366e89-60c7-46c1-a96e-1a2337162bc6-groupManagement] INFO  server.RaftServerConfigKeys (ConfUtils.java:logGet(46)) - raft.server.log.segment.size.max = 1048576 (custom)
2023-08-29 18:54:13,539 [01366e89-60c7-46c1-a96e-1a2337162bc6-groupManagement] INFO  server.RaftServerConfigKeys (ConfUtils.java:logGet(46)) - raft.server.log.preallocated.size = 16384 (custom)
2023-08-29 18:54:13,539 [01366e89-60c7-46c1-a96e-1a2337162bc6-groupManagement] INFO  server.RaftServerConfigKeys (ConfUtils.java:logGet(46)) - raft.server.log.force.sync.num = 128 (default)
2023-08-29 18:54:13,539 [01366e89-60c7-46c1-a96e-1a2337162bc6-groupManagement] INFO  server.RaftServerConfigKeys (ConfUtils.java:logGet(46)) - raft.server.log.statemachine.data.sync = true (default)
2023-08-29 18:54:13,539 [01366e89-60c7-46c1-a96e-1a2337162bc6-groupManagement] INFO  server.RaftServerConfigKeys (ConfUtils.java:logGet(46)) - raft.server.log.statemachine.data.sync.timeout = 10s (default)
2023-08-29 18:54:13,539 [01366e89-60c7-46c1-a96e-1a2337162bc6-groupManagement] INFO  server.RaftServerConfigKeys (ConfUtils.java:logGet(46)) - raft.server.log.statemachine.data.sync.timeout.retry = -1 (default)
2023-08-29 18:54:13,540 [01366e89-60c7-46c1-a96e-1a2337162bc6-groupManagement] INFO  server.RaftServerConfigKeys (ConfUtils.java:logGet(46)) - raft.server.log.write.buffer.size = 1048576 (custom)
2023-08-29 18:54:13,540 [01366e89-60c7-46c1-a96e-1a2337162bc6-groupManagement] INFO  server.RaftServerConfigKeys (ConfUtils.java:logGet(46)) - raft.server.log.appender.buffer.byte-limit = 33554432 (custom)
2023-08-29 18:54:13,545 [01366e89-60c7-46c1-a96e-1a2337162bc6-groupManagement] INFO  server.RaftServerConfigKeys (ConfUtils.java:logGet(46)) - raft.server.log.unsafe-flush.enabled = false (default)
2023-08-29 18:54:13,545 [01366e89-60c7-46c1-a96e-1a2337162bc6-groupManagement] INFO  server.RaftServerConfigKeys (ConfUtils.java:logGet(46)) - raft.server.log.async-flush.enabled = false (default)
2023-08-29 18:54:13,545 [01366e89-60c7-46c1-a96e-1a2337162bc6-groupManagement] INFO  server.RaftServerConfigKeys (ConfUtils.java:logGet(46)) - raft.server.log.statemachine.data.caching.enabled = true (custom)
2023-08-29 18:54:13,545 [01366e89-60c7-46c1-a96e-1a2337162bc6-groupManagement] INFO  segmented.SegmentedRaftLogWorker (SegmentedRaftLogWorker.java:lambda$new$0(135)) - 01366e89-60c7-46c1-a96e-1a2337162bc6@group-D4D0DA547FF3-SegmentedRaftLogWorker: flushIndex: setUnconditionally 0 -> -1
2023-08-29 18:54:13,545 [01366e89-60c7-46c1-a96e-1a2337162bc6-groupManagement] INFO  segmented.SegmentedRaftLogWorker (SegmentedRaftLogWorker.java:lambda$new$0(135)) - 01366e89-60c7-46c1-a96e-1a2337162bc6@group-D4D0DA547FF3-SegmentedRaftLogWorker: safeCacheEvictIndex: setUnconditionally 0 -> -1
2023-08-29 18:54:13,545 [01366e89-60c7-46c1-a96e-1a2337162bc6-groupManagement] INFO  server.RaftServer$Division (RaftServerImpl.java:start(342)) - 01366e89-60c7-46c1-a96e-1a2337162bc6@group-D4D0DA547FF3: start as a follower, conf=-1: peers:[01366e89-60c7-46c1-a96e-1a2337162bc6|rpc:10.1.0.239:15067|admin:10.1.0.239:15066|client:10.1.0.239:15065|dataStream:10.1.0.239:15068|priority:1|startupRole:FOLLOWER, 9b50acff-382e-4523-ab74-6f7baa2ae53c|rpc:10.1.0.239:15076|admin:10.1.0.239:15075|client:10.1.0.239:15074|dataStream:10.1.0.239:15077|priority:0|startupRole:FOLLOWER, 35cfc858-a2b0-48ab-9c56-830891a3070f|rpc:10.1.0.239:15085|admin:10.1.0.239:15084|client:10.1.0.239:15083|dataStream:10.1.0.239:15086|priority:0|startupRole:FOLLOWER]|listeners:[], old=null
2023-08-29 18:54:13,545 [01366e89-60c7-46c1-a96e-1a2337162bc6-groupManagement] INFO  server.RaftServer$Division (RaftServerImpl.java:setRole(329)) - 01366e89-60c7-46c1-a96e-1a2337162bc6@group-D4D0DA547FF3: changes role from      null to FOLLOWER at term 0 for startAsFollower
2023-08-29 18:54:13,545 [01366e89-60c7-46c1-a96e-1a2337162bc6-groupManagement] INFO  impl.RoleInfo (RoleInfo.java:updateAndGet(139)) - 01366e89-60c7-46c1-a96e-1a2337162bc6: start 01366e89-60c7-46c1-a96e-1a2337162bc6@group-D4D0DA547FF3-FollowerState
2023-08-29 18:54:13,546 [01366e89-60c7-46c1-a96e-1a2337162bc6-groupManagement] INFO  util.JmxRegister (JmxRegister.java:tryRegister(44)) - Successfully registered JMX Bean with object name Ratis:service=RaftServer,group=group-D4D0DA547FF3,id=01366e89-60c7-46c1-a96e-1a2337162bc6
2023-08-29 18:54:13,546 [01366e89-60c7-46c1-a96e-1a2337162bc6@group-D4D0DA547FF3-FollowerState] INFO  server.RaftServerConfigKeys (ConfUtils.java:logFallback(53)) - raft.server.rpc.first-election.timeout.min = 5s (fallback to raft.server.rpc.timeout.min)
2023-08-29 18:54:13,546 [01366e89-60c7-46c1-a96e-1a2337162bc6-groupManagement] INFO  server.RaftServerConfigKeys (ConfUtils.java:logGet(46)) - raft.server.snapshot.auto.trigger.enabled = true (custom)
2023-08-29 18:54:13,546 [01366e89-60c7-46c1-a96e-1a2337162bc6-groupManagement] INFO  server.RaftServerConfigKeys (ConfUtils.java:logGet(46)) - raft.server.snapshot.auto.trigger.threshold = 10000 (custom)
2023-08-29 18:54:13,546 [01366e89-60c7-46c1-a96e-1a2337162bc6@group-D4D0DA547FF3-FollowerState] INFO  server.RaftServerConfigKeys (ConfUtils.java:logFallback(53)) - raft.server.rpc.first-election.timeout.max = 5200ms (fallback to raft.server.rpc.timeout.max)
2023-08-29 18:54:13,546 [01366e89-60c7-46c1-a96e-1a2337162bc6-groupManagement] INFO  server.RaftServerConfigKeys (ConfUtils.java:logGet(46)) - raft.server.snapshot.retention.file.num = 5 (custom)
2023-08-29 18:54:13,546 [01366e89-60c7-46c1-a96e-1a2337162bc6-groupManagement] INFO  server.RaftServerConfigKeys (ConfUtils.java:logGet(46)) - raft.server.log.purge.upto.snapshot.index = false (default)
2023-08-29 18:54:13,548 [PipelineCommandHandlerThread-0] INFO  ratis.XceiverServerRatis (XceiverServerRatis.java:addGroup(804)) - Created group PipelineID=e89394e1-c97b-4e53-a036-d4d0da547ff3
2023-08-29 18:54:13,567 [grpc-default-executor-0] INFO  server.RaftServer (RaftServerProxy.java:addNew(98)) - 9b50acff-382e-4523-ab74-6f7baa2ae53c: addNew group-D4D0DA547FF3:[01366e89-60c7-46c1-a96e-1a2337162bc6|rpc:10.1.0.239:15067|admin:10.1.0.239:15066|client:10.1.0.239:15065|dataStream:10.1.0.239:15068|priority:1|startupRole:FOLLOWER, 9b50acff-382e-4523-ab74-6f7baa2ae53c|rpc:10.1.0.239:15076|admin:10.1.0.239:15075|client:10.1.0.239:15074|dataStream:10.1.0.239:15077|priority:0|startupRole:FOLLOWER, 35cfc858-a2b0-48ab-9c56-830891a3070f|rpc:10.1.0.239:15085|admin:10.1.0.239:15084|client:10.1.0.239:15083|dataStream:10.1.0.239:15086|priority:0|startupRole:FOLLOWER] returns group-D4D0DA547FF3:java.util.concurrent.CompletableFuture@9eb7a8e[Not completed]
2023-08-29 18:54:13,568 [9b50acff-382e-4523-ab74-6f7baa2ae53c-groupManagement] INFO  server.RaftServer$Division (RaftServerImpl.java:<init>(198)) - 9b50acff-382e-4523-ab74-6f7baa2ae53c: new RaftServerImpl for group-D4D0DA547FF3:[01366e89-60c7-46c1-a96e-1a2337162bc6|rpc:10.1.0.239:15067|admin:10.1.0.239:15066|client:10.1.0.239:15065|dataStream:10.1.0.239:15068|priority:1|startupRole:FOLLOWER, 9b50acff-382e-4523-ab74-6f7baa2ae53c|rpc:10.1.0.239:15076|admin:10.1.0.239:15075|client:10.1.0.239:15074|dataStream:10.1.0.239:15077|priority:0|startupRole:FOLLOWER, 35cfc858-a2b0-48ab-9c56-830891a3070f|rpc:10.1.0.239:15085|admin:10.1.0.239:15084|client:10.1.0.239:15083|dataStream:10.1.0.239:15086|priority:0|startupRole:FOLLOWER] with ContainerStateMachine:uninitialized
2023-08-29 18:54:13,568 [9b50acff-382e-4523-ab74-6f7baa2ae53c-groupManagement] INFO  server.RaftServerConfigKeys (ConfUtils.java:logGet(46)) - raft.server.rpc.timeout.min = 5s (custom)
2023-08-29 18:54:13,568 [9b50acff-382e-4523-ab74-6f7baa2ae53c-groupManagement] INFO  server.RaftServerConfigKeys (ConfUtils.java:logGet(46)) - raft.server.rpc.timeout.max = 5200ms (custom)
2023-08-29 18:54:13,569 [9b50acff-382e-4523-ab74-6f7baa2ae53c-groupManagement] INFO  server.RaftServerConfigKeys (ConfUtils.java:logGet(46)) - raft.server.rpc.sleep.time = 25ms (default)
2023-08-29 18:54:13,569 [9b50acff-382e-4523-ab74-6f7baa2ae53c-groupManagement] INFO  server.RaftServerConfigKeys (ConfUtils.java:logGet(46)) - raft.server.rpc.slowness.timeout = 300s (custom)
2023-08-29 18:54:13,569 [9b50acff-382e-4523-ab74-6f7baa2ae53c-groupManagement] INFO  server.RaftServerConfigKeys (ConfUtils.java:logGet(46)) - raft.server.leaderelection.leader.step-down.wait-time = 10s (default)
2023-08-29 18:54:13,569 [9b50acff-382e-4523-ab74-6f7baa2ae53c-groupManagement] INFO  server.RaftServerConfigKeys (ConfUtils.java:logGet(46)) - raft.server.sleep.deviation.threshold = 300ms (default)
2023-08-29 18:54:13,569 [9b50acff-382e-4523-ab74-6f7baa2ae53c-groupManagement] INFO  server.RaftServer$Division (ServerState.java:<init>(120)) - 9b50acff-382e-4523-ab74-6f7baa2ae53c@group-D4D0DA547FF3: ConfigurationManager, init=-1: peers:[01366e89-60c7-46c1-a96e-1a2337162bc6|rpc:10.1.0.239:15067|admin:10.1.0.239:15066|client:10.1.0.239:15065|dataStream:10.1.0.239:15068|priority:1|startupRole:FOLLOWER, 9b50acff-382e-4523-ab74-6f7baa2ae53c|rpc:10.1.0.239:15076|admin:10.1.0.239:15075|client:10.1.0.239:15074|dataStream:10.1.0.239:15077|priority:0|startupRole:FOLLOWER, 35cfc858-a2b0-48ab-9c56-830891a3070f|rpc:10.1.0.239:15085|admin:10.1.0.239:15084|client:10.1.0.239:15083|dataStream:10.1.0.239:15086|priority:0|startupRole:FOLLOWER]|listeners:[], old=null, confs=<EMPTY_MAP>
2023-08-29 18:54:13,569 [9b50acff-382e-4523-ab74-6f7baa2ae53c-groupManagement] INFO  server.RaftServerConfigKeys (ConfUtils.java:logGet(46)) - raft.server.storage.dir = [/home/runner/work/ozone/ozone/hadoop-ozone/integration-test/target/test-dir/MiniOzoneClusterImpl-05f3a914-8c49-4f9f-9f2f-4b041a8937a3/datanode-1/data/ratis] (custom)
2023-08-29 18:54:13,569 [9b50acff-382e-4523-ab74-6f7baa2ae53c-groupManagement] INFO  server.RaftServerConfigKeys (ConfUtils.java:logGet(46)) - raft.server.log.corruption.policy = EXCEPTION (default)
2023-08-29 18:54:13,569 [9b50acff-382e-4523-ab74-6f7baa2ae53c-groupManagement] INFO  server.RaftServerConfigKeys (ConfUtils.java:logGet(46)) - raft.server.storage.free-space.min = 0MB (=0) (default)
2023-08-29 18:54:13,569 [9b50acff-382e-4523-ab74-6f7baa2ae53c-groupManagement] INFO  server.RaftServerConfigKeys (ConfUtils.java:logGet(46)) - raft.server.notification.no-leader.timeout = 300s (custom)
2023-08-29 18:54:13,569 [9b50acff-382e-4523-ab74-6f7baa2ae53c-groupManagement] INFO  server.RaftServerConfigKeys (ConfUtils.java:logGet(46)) - raft.server.read.timeout = 10s (default)
2023-08-29 18:54:13,569 [9b50acff-382e-4523-ab74-6f7baa2ae53c-groupManagement] INFO  server.RaftServerConfigKeys (ConfUtils.java:logGet(46)) - raft.server.retrycache.expirytime = 600000ms (custom)
2023-08-29 18:54:13,569 [9b50acff-382e-4523-ab74-6f7baa2ae53c-groupManagement] INFO  server.RaftServerConfigKeys (ConfUtils.java:logGet(46)) - raft.server.retrycache.statistics.expirytime = 100μs (default)
2023-08-29 18:54:13,569 [9b50acff-382e-4523-ab74-6f7baa2ae53c-groupManagement] INFO  server.RaftServerConfigKeys (ConfUtils.java:logGet(46)) - raft.server.read.option = DEFAULT (default)
2023-08-29 18:54:13,570 [9b50acff-382e-4523-ab74-6f7baa2ae53c-groupManagement] INFO  server.RaftServerConfigKeys (ConfUtils.java:logGet(46)) - raft.server.rpc.request.timeout = 60s (custom)
2023-08-29 18:54:13,570 [9b50acff-382e-4523-ab74-6f7baa2ae53c-groupManagement] INFO  server.RaftServerConfigKeys (ConfUtils.java:logGet(46)) - raft.server.log.appender.install.snapshot.enabled = false (custom)
2023-08-29 18:54:13,570 [9b50acff-382e-4523-ab74-6f7baa2ae53c-groupManagement] INFO  server.RaftServerConfigKeys (ConfUtils.java:logGet(46)) - raft.server.threadpool.server.cached = true (default)
2023-08-29 18:54:13,570 [9b50acff-382e-4523-ab74-6f7baa2ae53c-groupManagement] INFO  server.RaftServerConfigKeys (ConfUtils.java:logGet(46)) - raft.server.threadpool.server.size = 0 (default)
2023-08-29 18:54:13,570 [9b50acff-382e-4523-ab74-6f7baa2ae53c-groupManagement] INFO  server.RaftServerConfigKeys (ConfUtils.java:logGet(46)) - raft.server.threadpool.client.cached = true (default)
2023-08-29 18:54:13,570 [9b50acff-382e-4523-ab74-6f7baa2ae53c-groupManagement] INFO  server.RaftServerConfigKeys (ConfUtils.java:logGet(46)) - raft.server.threadpool.client.size = 0 (default)
2023-08-29 18:54:13,570 [9b50acff-382e-4523-ab74-6f7baa2ae53c-groupManagement] INFO  storage.RaftStorageDirectory (RaftStorageDirectoryImpl.java:analyzeStorage(137)) - The storage directory /home/runner/work/ozone/ozone/hadoop-ozone/integration-test/target/test-dir/MiniOzoneClusterImpl-05f3a914-8c49-4f9f-9f2f-4b041a8937a3/datanode-1/data/ratis/e89394e1-c97b-4e53-a036-d4d0da547ff3 does not exist. Creating ...
2023-08-29 18:54:13,571 [9b50acff-382e-4523-ab74-6f7baa2ae53c-groupManagement] INFO  storage.RaftStorageDirectory (RaftStorageDirectoryImpl.java:tryLock(231)) - Lock on /home/runner/work/ozone/ozone/hadoop-ozone/integration-test/target/test-dir/MiniOzoneClusterImpl-05f3a914-8c49-4f9f-9f2f-4b041a8937a3/datanode-1/data/ratis/e89394e1-c97b-4e53-a036-d4d0da547ff3/in_use.lock acquired by nodename 61099@fv-az225-157
2023-08-29 18:54:13,572 [9b50acff-382e-4523-ab74-6f7baa2ae53c-groupManagement] INFO  storage.RaftStorage (RaftStorageImpl.java:format(96)) - Storage directory /home/runner/work/ozone/ozone/hadoop-ozone/integration-test/target/test-dir/MiniOzoneClusterImpl-05f3a914-8c49-4f9f-9f2f-4b041a8937a3/datanode-1/data/ratis/e89394e1-c97b-4e53-a036-d4d0da547ff3 has been successfully formatted.
2023-08-29 18:54:13,574 [9b50acff-382e-4523-ab74-6f7baa2ae53c-groupManagement] INFO  ratis.ContainerStateMachine (ContainerStateMachine.java:loadSnapshot(262)) - group-D4D0DA547FF3: The snapshot info is null. Setting the last applied indexto:(t:0, i:~)
2023-08-29 18:54:13,574 [9b50acff-382e-4523-ab74-6f7baa2ae53c-groupManagement] INFO  server.RaftServerConfigKeys (ConfUtils.java:logGet(46)) - raft.server.log.use.memory = false (default)
2023-08-29 18:54:13,574 [9b50acff-382e-4523-ab74-6f7baa2ae53c-groupManagement] INFO  server.RaftServerConfigKeys (ConfUtils.java:logGet(46)) - raft.server.log.purge.gap = 1000000 (custom)
2023-08-29 18:54:13,574 [9b50acff-382e-4523-ab74-6f7baa2ae53c-groupManagement] INFO  server.RaftServerConfigKeys (ConfUtils.java:logGet(46)) - raft.server.log.appender.buffer.byte-limit = 33554432 (custom)
2023-08-29 18:54:13,574 [9b50acff-382e-4523-ab74-6f7baa2ae53c-groupManagement] INFO  server.RaftServerConfigKeys (ConfUtils.java:logGet(46)) - raft.server.log.statemachine.data.read.timeout = 1000ms (default)
2023-08-29 18:54:13,574 [9b50acff-382e-4523-ab74-6f7baa2ae53c-groupManagement] INFO  server.RaftServerConfigKeys (ConfUtils.java:logGet(46)) - raft.server.log.purge.preservation.log.num = 0 (default)
2023-08-29 18:54:13,575 [9b50acff-382e-4523-ab74-6f7baa2ae53c-groupManagement] INFO  server.RaftServerConfigKeys (ConfUtils.java:logGet(46)) - raft.server.log.segment.size.max = 1048576 (custom)
2023-08-29 18:54:13,575 [9b50acff-382e-4523-ab74-6f7baa2ae53c-groupManagement] INFO  server.RaftServerConfigKeys (ConfUtils.java:logGet(46)) - raft.server.log.segment.cache.num.max = 2 (custom)
2023-08-29 18:54:13,575 [9b50acff-382e-4523-ab74-6f7baa2ae53c-groupManagement] INFO  server.RaftServerConfigKeys (ConfUtils.java:logGet(46)) - raft.server.log.segment.cache.size.max = 200MB (=209715200) (default)
2023-08-29 18:54:13,575 [9b50acff-382e-4523-ab74-6f7baa2ae53c-groupManagement] INFO  server.RaftServerConfigKeys (ConfUtils.java:logGet(46)) - raft.server.log.appender.buffer.byte-limit = 33554432 (custom)
2023-08-29 18:54:13,575 [9b50acff-382e-4523-ab74-6f7baa2ae53c-groupManagement] INFO  segmented.SegmentedRaftLogWorker (SegmentedRaftLogWorker.java:<init>(188)) - new 9b50acff-382e-4523-ab74-6f7baa2ae53c@group-D4D0DA547FF3-SegmentedRaftLogWorker for RaftStorageImpl:Storage Directory /home/runner/work/ozone/ozone/hadoop-ozone/integration-test/target/test-dir/MiniOzoneClusterImpl-05f3a914-8c49-4f9f-9f2f-4b041a8937a3/datanode-1/data/ratis/e89394e1-c97b-4e53-a036-d4d0da547ff3
2023-08-29 18:54:13,575 [9b50acff-382e-4523-ab74-6f7baa2ae53c-groupManagement] INFO  server.RaftServerConfigKeys (ConfUtils.java:logGet(46)) - raft.server.log.queue.byte-limit = 4294967296 (custom)
2023-08-29 18:54:13,575 [9b50acff-382e-4523-ab74-6f7baa2ae53c-groupManagement] INFO  server.RaftServerConfigKeys (ConfUtils.java:logGet(46)) - raft.server.log.queue.element-limit = 1024 (custom)
2023-08-29 18:54:13,575 [9b50acff-382e-4523-ab74-6f7baa2ae53c-groupManagement] INFO  server.RaftServerConfigKeys (ConfUtils.java:logGet(46)) - raft.server.log.segment.size.max = 1048576 (custom)
2023-08-29 18:54:13,575 [9b50acff-382e-4523-ab74-6f7baa2ae53c-groupManagement] INFO  server.RaftServerConfigKeys (ConfUtils.java:logGet(46)) - raft.server.log.preallocated.size = 16384 (custom)
2023-08-29 18:54:13,575 [9b50acff-382e-4523-ab74-6f7baa2ae53c-groupManagement] INFO  server.RaftServerConfigKeys (ConfUtils.java:logGet(46)) - raft.server.log.force.sync.num = 128 (default)
2023-08-29 18:54:13,575 [9b50acff-382e-4523-ab74-6f7baa2ae53c-groupManagement] INFO  server.RaftServerConfigKeys (ConfUtils.java:logGet(46)) - raft.server.log.statemachine.data.sync = true (default)
2023-08-29 18:54:13,575 [9b50acff-382e-4523-ab74-6f7baa2ae53c-groupManagement] INFO  server.RaftServerConfigKeys (ConfUtils.java:logGet(46)) - raft.server.log.statemachine.data.sync.timeout = 10s (default)
2023-08-29 18:54:13,575 [9b50acff-382e-4523-ab74-6f7baa2ae53c-groupManagement] INFO  server.RaftServerConfigKeys (ConfUtils.java:logGet(46)) - raft.server.log.statemachine.data.sync.timeout.retry = -1 (default)
2023-08-29 18:54:13,576 [9b50acff-382e-4523-ab74-6f7baa2ae53c-groupManagement] INFO  server.RaftServerConfigKeys (ConfUtils.java:logGet(46)) - raft.server.log.write.buffer.size = 1048576 (custom)
2023-08-29 18:54:13,576 [9b50acff-382e-4523-ab74-6f7baa2ae53c-groupManagement] INFO  server.RaftServerConfigKeys (ConfUtils.java:logGet(46)) - raft.server.log.appender.buffer.byte-limit = 33554432 (custom)
2023-08-29 18:54:13,581 [9b50acff-382e-4523-ab74-6f7baa2ae53c-groupManagement] INFO  server.RaftServerConfigKeys (ConfUtils.java:logGet(46)) - raft.server.log.unsafe-flush.enabled = false (default)
2023-08-29 18:54:13,581 [9b50acff-382e-4523-ab74-6f7baa2ae53c-groupManagement] INFO  server.RaftServerConfigKeys (ConfUtils.java:logGet(46)) - raft.server.log.async-flush.enabled = false (default)
2023-08-29 18:54:13,581 [9b50acff-382e-4523-ab74-6f7baa2ae53c-groupManagement] INFO  server.RaftServerConfigKeys (ConfUtils.java:logGet(46)) - raft.server.log.statemachine.data.caching.enabled = true (custom)
2023-08-29 18:54:13,581 [9b50acff-382e-4523-ab74-6f7baa2ae53c-groupManagement] INFO  segmented.SegmentedRaftLogWorker (SegmentedRaftLogWorker.java:lambda$new$0(135)) - 9b50acff-382e-4523-ab74-6f7baa2ae53c@group-D4D0DA547FF3-SegmentedRaftLogWorker: flushIndex: setUnconditionally 0 -> -1
2023-08-29 18:54:13,581 [9b50acff-382e-4523-ab74-6f7baa2ae53c-groupManagement] INFO  segmented.SegmentedRaftLogWorker (SegmentedRaftLogWorker.java:lambda$new$0(135)) - 9b50acff-382e-4523-ab74-6f7baa2ae53c@group-D4D0DA547FF3-SegmentedRaftLogWorker: safeCacheEvictIndex: setUnconditionally 0 -> -1
2023-08-29 18:54:13,581 [9b50acff-382e-4523-ab74-6f7baa2ae53c-groupManagement] INFO  server.RaftServer$Division (RaftServerImpl.java:start(342)) - 9b50acff-382e-4523-ab74-6f7baa2ae53c@group-D4D0DA547FF3: start as a follower, conf=-1: peers:[01366e89-60c7-46c1-a96e-1a2337162bc6|rpc:10.1.0.239:15067|admin:10.1.0.239:15066|client:10.1.0.239:15065|dataStream:10.1.0.239:15068|priority:1|startupRole:FOLLOWER, 9b50acff-382e-4523-ab74-6f7baa2ae53c|rpc:10.1.0.239:15076|admin:10.1.0.239:15075|client:10.1.0.239:15074|dataStream:10.1.0.239:15077|priority:0|startupRole:FOLLOWER, 35cfc858-a2b0-48ab-9c56-830891a3070f|rpc:10.1.0.239:15085|admin:10.1.0.239:15084|client:10.1.0.239:15083|dataStream:10.1.0.239:15086|priority:0|startupRole:FOLLOWER]|listeners:[], old=null
2023-08-29 18:54:13,581 [9b50acff-382e-4523-ab74-6f7baa2ae53c-groupManagement] INFO  server.RaftServer$Division (RaftServerImpl.java:setRole(329)) - 9b50acff-382e-4523-ab74-6f7baa2ae53c@group-D4D0DA547FF3: changes role from      null to FOLLOWER at term 0 for startAsFollower
2023-08-29 18:54:13,582 [9b50acff-382e-4523-ab74-6f7baa2ae53c-groupManagement] INFO  impl.RoleInfo (RoleInfo.java:updateAndGet(139)) - 9b50acff-382e-4523-ab74-6f7baa2ae53c: start 9b50acff-382e-4523-ab74-6f7baa2ae53c@group-D4D0DA547FF3-FollowerState
2023-08-29 18:54:13,582 [9b50acff-382e-4523-ab74-6f7baa2ae53c@group-D4D0DA547FF3-FollowerState] INFO  server.RaftServerConfigKeys (ConfUtils.java:logFallback(53)) - raft.server.rpc.first-election.timeout.min = 5s (fallback to raft.server.rpc.timeout.min)
2023-08-29 18:54:13,582 [9b50acff-382e-4523-ab74-6f7baa2ae53c-groupManagement] INFO  util.JmxRegister (JmxRegister.java:tryRegister(44)) - Successfully registered JMX Bean with object name Ratis:service=RaftServer,group=group-D4D0DA547FF3,id=9b50acff-382e-4523-ab74-6f7baa2ae53c
2023-08-29 18:54:13,582 [9b50acff-382e-4523-ab74-6f7baa2ae53c@group-D4D0DA547FF3-FollowerState] INFO  server.RaftServerConfigKeys (ConfUtils.java:logFallback(53)) - raft.server.rpc.first-election.timeout.max = 5200ms (fallback to raft.server.rpc.timeout.max)
2023-08-29 18:54:13,582 [9b50acff-382e-4523-ab74-6f7baa2ae53c-groupManagement] INFO  server.RaftServerConfigKeys (ConfUtils.java:logGet(46)) - raft.server.snapshot.auto.trigger.enabled = true (custom)
2023-08-29 18:54:13,582 [9b50acff-382e-4523-ab74-6f7baa2ae53c-groupManagement] INFO  server.RaftServerConfigKeys (ConfUtils.java:logGet(46)) - raft.server.snapshot.auto.trigger.threshold = 10000 (custom)
2023-08-29 18:54:13,582 [9b50acff-382e-4523-ab74-6f7baa2ae53c-groupManagement] INFO  server.RaftServerConfigKeys (ConfUtils.java:logGet(46)) - raft.server.snapshot.retention.file.num = 5 (custom)
2023-08-29 18:54:13,582 [9b50acff-382e-4523-ab74-6f7baa2ae53c-groupManagement] INFO  server.RaftServerConfigKeys (ConfUtils.java:logGet(46)) - raft.server.log.purge.upto.snapshot.index = false (default)
2023-08-29 18:54:13,604 [grpc-default-executor-0] INFO  server.RaftServer (RaftServerProxy.java:addNew(98)) - 35cfc858-a2b0-48ab-9c56-830891a3070f: addNew group-D4D0DA547FF3:[01366e89-60c7-46c1-a96e-1a2337162bc6|rpc:10.1.0.239:15067|admin:10.1.0.239:15066|client:10.1.0.239:15065|dataStream:10.1.0.239:15068|priority:1|startupRole:FOLLOWER, 9b50acff-382e-4523-ab74-6f7baa2ae53c|rpc:10.1.0.239:15076|admin:10.1.0.239:15075|client:10.1.0.239:15074|dataStream:10.1.0.239:15077|priority:0|startupRole:FOLLOWER, 35cfc858-a2b0-48ab-9c56-830891a3070f|rpc:10.1.0.239:15085|admin:10.1.0.239:15084|client:10.1.0.239:15083|dataStream:10.1.0.239:15086|priority:0|startupRole:FOLLOWER] returns group-D4D0DA547FF3:java.util.concurrent.CompletableFuture@51e32c92[Not completed]
2023-08-29 18:54:13,605 [35cfc858-a2b0-48ab-9c56-830891a3070f-groupManagement] INFO  server.RaftServer$Division (RaftServerImpl.java:<init>(198)) - 35cfc858-a2b0-48ab-9c56-830891a3070f: new RaftServerImpl for group-D4D0DA547FF3:[01366e89-60c7-46c1-a96e-1a2337162bc6|rpc:10.1.0.239:15067|admin:10.1.0.239:15066|client:10.1.0.239:15065|dataStream:10.1.0.239:15068|priority:1|startupRole:FOLLOWER, 9b50acff-382e-4523-ab74-6f7baa2ae53c|rpc:10.1.0.239:15076|admin:10.1.0.239:15075|client:10.1.0.239:15074|dataStream:10.1.0.239:15077|priority:0|startupRole:FOLLOWER, 35cfc858-a2b0-48ab-9c56-830891a3070f|rpc:10.1.0.239:15085|admin:10.1.0.239:15084|client:10.1.0.239:15083|dataStream:10.1.0.239:15086|priority:0|startupRole:FOLLOWER] with ContainerStateMachine:uninitialized
2023-08-29 18:54:13,605 [35cfc858-a2b0-48ab-9c56-830891a3070f-groupManagement] INFO  server.RaftServerConfigKeys (ConfUtils.java:logGet(46)) - raft.server.rpc.timeout.min = 5s (custom)
2023-08-29 18:54:13,605 [35cfc858-a2b0-48ab-9c56-830891a3070f-groupManagement] INFO  server.RaftServerConfigKeys (ConfUtils.java:logGet(46)) - raft.server.rpc.timeout.max = 5200ms (custom)
2023-08-29 18:54:13,605 [35cfc858-a2b0-48ab-9c56-830891a3070f-groupManagement] INFO  server.RaftServerConfigKeys (ConfUtils.java:logGet(46)) - raft.server.rpc.sleep.time = 25ms (default)
2023-08-29 18:54:13,605 [35cfc858-a2b0-48ab-9c56-830891a3070f-groupManagement] INFO  server.RaftServerConfigKeys (ConfUtils.java:logGet(46)) - raft.server.rpc.slowness.timeout = 300s (custom)
2023-08-29 18:54:13,605 [35cfc858-a2b0-48ab-9c56-830891a3070f-groupManagement] INFO  server.RaftServerConfigKeys (ConfUtils.java:logGet(46)) - raft.server.leaderelection.leader.step-down.wait-time = 10s (default)
2023-08-29 18:54:13,605 [35cfc858-a2b0-48ab-9c56-830891a3070f-groupManagement] INFO  server.RaftServerConfigKeys (ConfUtils.java:logGet(46)) - raft.server.sleep.deviation.threshold = 300ms (default)
2023-08-29 18:54:13,606 [35cfc858-a2b0-48ab-9c56-830891a3070f-groupManagement] INFO  server.RaftServer$Division (ServerState.java:<init>(120)) - 35cfc858-a2b0-48ab-9c56-830891a3070f@group-D4D0DA547FF3: ConfigurationManager, init=-1: peers:[01366e89-60c7-46c1-a96e-1a2337162bc6|rpc:10.1.0.239:15067|admin:10.1.0.239:15066|client:10.1.0.239:15065|dataStream:10.1.0.239:15068|priority:1|startupRole:FOLLOWER, 9b50acff-382e-4523-ab74-6f7baa2ae53c|rpc:10.1.0.239:15076|admin:10.1.0.239:15075|client:10.1.0.239:15074|dataStream:10.1.0.239:15077|priority:0|startupRole:FOLLOWER, 35cfc858-a2b0-48ab-9c56-830891a3070f|rpc:10.1.0.239:15085|admin:10.1.0.239:15084|client:10.1.0.239:15083|dataStream:10.1.0.239:15086|priority:0|startupRole:FOLLOWER]|listeners:[], old=null, confs=<EMPTY_MAP>
2023-08-29 18:54:13,606 [35cfc858-a2b0-48ab-9c56-830891a3070f-groupManagement] INFO  server.RaftServerConfigKeys (ConfUtils.java:logGet(46)) - raft.server.storage.dir = [/home/runner/work/ozone/ozone/hadoop-ozone/integration-test/target/test-dir/MiniOzoneClusterImpl-05f3a914-8c49-4f9f-9f2f-4b041a8937a3/datanode-2/data/ratis] (custom)
2023-08-29 18:54:13,606 [35cfc858-a2b0-48ab-9c56-830891a3070f-groupManagement] INFO  server.RaftServerConfigKeys (ConfUtils.java:logGet(46)) - raft.server.log.corruption.policy = EXCEPTION (default)
2023-08-29 18:54:13,606 [35cfc858-a2b0-48ab-9c56-830891a3070f-groupManagement] INFO  server.RaftServerConfigKeys (ConfUtils.java:logGet(46)) - raft.server.storage.free-space.min = 0MB (=0) (default)
2023-08-29 18:54:13,606 [35cfc858-a2b0-48ab-9c56-830891a3070f-groupManagement] INFO  server.RaftServerConfigKeys (ConfUtils.java:logGet(46)) - raft.server.notification.no-leader.timeout = 300s (custom)
2023-08-29 18:54:13,606 [35cfc858-a2b0-48ab-9c56-830891a3070f-groupManagement] INFO  server.RaftServerConfigKeys (ConfUtils.java:logGet(46)) - raft.server.read.timeout = 10s (default)
2023-08-29 18:54:13,606 [35cfc858-a2b0-48ab-9c56-830891a3070f-groupManagement] INFO  server.RaftServerConfigKeys (ConfUtils.java:logGet(46)) - raft.server.retrycache.expirytime = 600000ms (custom)
2023-08-29 18:54:13,607 [35cfc858-a2b0-48ab-9c56-830891a3070f-groupManagement] INFO  server.RaftServerConfigKeys (ConfUtils.java:logGet(46)) - raft.server.retrycache.statistics.expirytime = 100μs (default)
2023-08-29 18:54:13,607 [35cfc858-a2b0-48ab-9c56-830891a3070f-groupManagement] INFO  server.RaftServerConfigKeys (ConfUtils.java:logGet(46)) - raft.server.read.option = DEFAULT (default)
2023-08-29 18:54:13,607 [35cfc858-a2b0-48ab-9c56-830891a3070f-groupManagement] INFO  server.RaftServerConfigKeys (ConfUtils.java:logGet(46)) - raft.server.rpc.request.timeout = 60s (custom)
2023-08-29 18:54:13,607 [35cfc858-a2b0-48ab-9c56-830891a3070f-groupManagement] INFO  server.RaftServerConfigKeys (ConfUtils.java:logGet(46)) - raft.server.log.appender.install.snapshot.enabled = false (custom)
2023-08-29 18:54:13,607 [35cfc858-a2b0-48ab-9c56-830891a3070f-groupManagement] INFO  server.RaftServerConfigKeys (ConfUtils.java:logGet(46)) - raft.server.threadpool.server.cached = true (default)
2023-08-29 18:54:13,607 [35cfc858-a2b0-48ab-9c56-830891a3070f-groupManagement] INFO  server.RaftServerConfigKeys (ConfUtils.java:logGet(46)) - raft.server.threadpool.server.size = 0 (default)
2023-08-29 18:54:13,607 [35cfc858-a2b0-48ab-9c56-830891a3070f-groupManagement] INFO  server.RaftServerConfigKeys (ConfUtils.java:logGet(46)) - raft.server.threadpool.client.cached = true (default)
2023-08-29 18:54:13,607 [35cfc858-a2b0-48ab-9c56-830891a3070f-groupManagement] INFO  server.RaftServerConfigKeys (ConfUtils.java:logGet(46)) - raft.server.threadpool.client.size = 0 (default)
2023-08-29 18:54:13,608 [35cfc858-a2b0-48ab-9c56-830891a3070f-groupManagement] INFO  storage.RaftStorageDirectory (RaftStorageDirectoryImpl.java:analyzeStorage(137)) - The storage directory /home/runner/work/ozone/ozone/hadoop-ozone/integration-test/target/test-dir/MiniOzoneClusterImpl-05f3a914-8c49-4f9f-9f2f-4b041a8937a3/datanode-2/data/ratis/e89394e1-c97b-4e53-a036-d4d0da547ff3 does not exist. Creating ...
2023-08-29 18:54:13,609 [35cfc858-a2b0-48ab-9c56-830891a3070f-groupManagement] INFO  storage.RaftStorageDirectory (RaftStorageDirectoryImpl.java:tryLock(231)) - Lock on /home/runner/work/ozone/ozone/hadoop-ozone/integration-test/target/test-dir/MiniOzoneClusterImpl-05f3a914-8c49-4f9f-9f2f-4b041a8937a3/datanode-2/data/ratis/e89394e1-c97b-4e53-a036-d4d0da547ff3/in_use.lock acquired by nodename 61099@fv-az225-157
2023-08-29 18:54:13,610 [35cfc858-a2b0-48ab-9c56-830891a3070f-groupManagement] INFO  storage.RaftStorage (RaftStorageImpl.java:format(96)) - Storage directory /home/runner/work/ozone/ozone/hadoop-ozone/integration-test/target/test-dir/MiniOzoneClusterImpl-05f3a914-8c49-4f9f-9f2f-4b041a8937a3/datanode-2/data/ratis/e89394e1-c97b-4e53-a036-d4d0da547ff3 has been successfully formatted.
2023-08-29 18:54:13,613 [35cfc858-a2b0-48ab-9c56-830891a3070f-groupManagement] INFO  ratis.ContainerStateMachine (ContainerStateMachine.java:loadSnapshot(262)) - group-D4D0DA547FF3: The snapshot info is null. Setting the last applied indexto:(t:0, i:~)
2023-08-29 18:54:13,613 [35cfc858-a2b0-48ab-9c56-830891a3070f-groupManagement] INFO  server.RaftServerConfigKeys (ConfUtils.java:logGet(46)) - raft.server.log.use.memory = false (default)
2023-08-29 18:54:13,613 [35cfc858-a2b0-48ab-9c56-830891a3070f-groupManagement] INFO  server.RaftServerConfigKeys (ConfUtils.java:logGet(46)) - raft.server.log.purge.gap = 1000000 (custom)
2023-08-29 18:54:13,613 [35cfc858-a2b0-48ab-9c56-830891a3070f-groupManagement] INFO  server.RaftServerConfigKeys (ConfUtils.java:logGet(46)) - raft.server.log.appender.buffer.byte-limit = 33554432 (custom)
2023-08-29 18:54:13,615 [35cfc858-a2b0-48ab-9c56-830891a3070f-groupManagement] INFO  server.RaftServerConfigKeys (ConfUtils.java:logGet(46)) - raft.server.log.statemachine.data.read.timeout = 1000ms (default)
2023-08-29 18:54:13,615 [35cfc858-a2b0-48ab-9c56-830891a3070f-groupManagement] INFO  server.RaftServerConfigKeys (ConfUtils.java:logGet(46)) - raft.server.log.purge.preservation.log.num = 0 (default)
2023-08-29 18:54:13,615 [35cfc858-a2b0-48ab-9c56-830891a3070f-groupManagement] INFO  server.RaftServerConfigKeys (ConfUtils.java:logGet(46)) - raft.server.log.segment.size.max = 1048576 (custom)
2023-08-29 18:54:13,615 [35cfc858-a2b0-48ab-9c56-830891a3070f-groupManagement] INFO  server.RaftServerConfigKeys (ConfUtils.java:logGet(46)) - raft.server.log.segment.cache.num.max = 2 (custom)
2023-08-29 18:54:13,615 [35cfc858-a2b0-48ab-9c56-830891a3070f-groupManagement] INFO  server.RaftServerConfigKeys (ConfUtils.java:logGet(46)) - raft.server.log.segment.cache.size.max = 200MB (=209715200) (default)
2023-08-29 18:54:13,615 [35cfc858-a2b0-48ab-9c56-830891a3070f-groupManagement] INFO  server.RaftServerConfigKeys (ConfUtils.java:logGet(46)) - raft.server.log.appender.buffer.byte-limit = 33554432 (custom)
2023-08-29 18:54:13,615 [35cfc858-a2b0-48ab-9c56-830891a3070f-groupManagement] INFO  segmented.SegmentedRaftLogWorker (SegmentedRaftLogWorker.java:<init>(188)) - new 35cfc858-a2b0-48ab-9c56-830891a3070f@group-D4D0DA547FF3-SegmentedRaftLogWorker for RaftStorageImpl:Storage Directory /home/runner/work/ozone/ozone/hadoop-ozone/integration-test/target/test-dir/MiniOzoneClusterImpl-05f3a914-8c49-4f9f-9f2f-4b041a8937a3/datanode-2/data/ratis/e89394e1-c97b-4e53-a036-d4d0da547ff3
2023-08-29 18:54:13,615 [35cfc858-a2b0-48ab-9c56-830891a3070f-groupManagement] INFO  server.RaftServerConfigKeys (ConfUtils.java:logGet(46)) - raft.server.log.queue.byte-limit = 4294967296 (custom)
2023-08-29 18:54:13,615 [35cfc858-a2b0-48ab-9c56-830891a3070f-groupManagement] INFO  server.RaftServerConfigKeys (ConfUtils.java:logGet(46)) - raft.server.log.queue.element-limit = 1024 (custom)
2023-08-29 18:54:13,615 [35cfc858-a2b0-48ab-9c56-830891a3070f-groupManagement] INFO  server.RaftServerConfigKeys (ConfUtils.java:logGet(46)) - raft.server.log.segment.size.max = 1048576 (custom)
2023-08-29 18:54:13,616 [35cfc858-a2b0-48ab-9c56-830891a3070f-groupManagement] INFO  server.RaftServerConfigKeys (ConfUtils.java:logGet(46)) - raft.server.log.preallocated.size = 16384 (custom)
2023-08-29 18:54:13,616 [35cfc858-a2b0-48ab-9c56-830891a3070f-groupManagement] INFO  server.RaftServerConfigKeys (ConfUtils.java:logGet(46)) - raft.server.log.force.sync.num = 128 (default)
2023-08-29 18:54:13,618 [35cfc858-a2b0-48ab-9c56-830891a3070f-groupManagement] INFO  server.RaftServerConfigKeys (ConfUtils.java:logGet(46)) - raft.server.log.statemachine.data.sync = true (default)
2023-08-29 18:54:13,618 [35cfc858-a2b0-48ab-9c56-830891a3070f-groupManagement] INFO  server.RaftServerConfigKeys (ConfUtils.java:logGet(46)) - raft.server.log.statemachine.data.sync.timeout = 10s (default)
2023-08-29 18:54:13,619 [35cfc858-a2b0-48ab-9c56-830891a3070f-groupManagement] INFO  server.RaftServerConfigKeys (ConfUtils.java:logGet(46)) - raft.server.log.statemachine.data.sync.timeout.retry = -1 (default)
2023-08-29 18:54:13,619 [35cfc858-a2b0-48ab-9c56-830891a3070f-groupManagement] INFO  server.RaftServerConfigKeys (ConfUtils.java:logGet(46)) - raft.server.log.write.buffer.size = 1048576 (custom)
2023-08-29 18:54:13,619 [35cfc858-a2b0-48ab-9c56-830891a3070f-groupManagement] INFO  server.RaftServerConfigKeys (ConfUtils.java:logGet(46)) - raft.server.log.appender.buffer.byte-limit = 33554432 (custom)
2023-08-29 18:54:13,624 [35cfc858-a2b0-48ab-9c56-830891a3070f-groupManagement] INFO  server.RaftServerConfigKeys (ConfUtils.java:logGet(46)) - raft.server.log.unsafe-flush.enabled = false (default)
2023-08-29 18:54:13,624 [35cfc858-a2b0-48ab-9c56-830891a3070f-groupManagement] INFO  server.RaftServerConfigKeys (ConfUtils.java:logGet(46)) - raft.server.log.async-flush.enabled = false (default)
2023-08-29 18:54:13,624 [35cfc858-a2b0-48ab-9c56-830891a3070f-groupManagement] INFO  server.RaftServerConfigKeys (ConfUtils.java:logGet(46)) - raft.server.log.statemachine.data.caching.enabled = true (custom)
2023-08-29 18:54:13,624 [35cfc858-a2b0-48ab-9c56-830891a3070f-groupManagement] INFO  segmented.SegmentedRaftLogWorker (SegmentedRaftLogWorker.java:lambda$new$0(135)) - 35cfc858-a2b0-48ab-9c56-830891a3070f@group-D4D0DA547FF3-SegmentedRaftLogWorker: flushIndex: setUnconditionally 0 -> -1
2023-08-29 18:54:13,624 [35cfc858-a2b0-48ab-9c56-830891a3070f-groupManagement] INFO  segmented.SegmentedRaftLogWorker (SegmentedRaftLogWorker.java:lambda$new$0(135)) - 35cfc858-a2b0-48ab-9c56-830891a3070f@group-D4D0DA547FF3-SegmentedRaftLogWorker: safeCacheEvictIndex: setUnconditionally 0 -> -1
2023-08-29 18:54:13,625 [35cfc858-a2b0-48ab-9c56-830891a3070f-groupManagement] INFO  server.RaftServer$Division (RaftServerImpl.java:start(342)) - 35cfc858-a2b0-48ab-9c56-830891a3070f@group-D4D0DA547FF3: start as a follower, conf=-1: peers:[01366e89-60c7-46c1-a96e-1a2337162bc6|rpc:10.1.0.239:15067|admin:10.1.0.239:15066|client:10.1.0.239:15065|dataStream:10.1.0.239:15068|priority:1|startupRole:FOLLOWER, 9b50acff-382e-4523-ab74-6f7baa2ae53c|rpc:10.1.0.239:15076|admin:10.1.0.239:15075|client:10.1.0.239:15074|dataStream:10.1.0.239:15077|priority:0|startupRole:FOLLOWER, 35cfc858-a2b0-48ab-9c56-830891a3070f|rpc:10.1.0.239:15085|admin:10.1.0.239:15084|client:10.1.0.239:15083|dataStream:10.1.0.239:15086|priority:0|startupRole:FOLLOWER]|listeners:[], old=null
2023-08-29 18:54:13,625 [35cfc858-a2b0-48ab-9c56-830891a3070f-groupManagement] INFO  server.RaftServer$Division (RaftServerImpl.java:setRole(329)) - 35cfc858-a2b0-48ab-9c56-830891a3070f@group-D4D0DA547FF3: changes role from      null to FOLLOWER at term 0 for startAsFollower
2023-08-29 18:54:13,625 [35cfc858-a2b0-48ab-9c56-830891a3070f-groupManagement] INFO  impl.RoleInfo (RoleInfo.java:updateAndGet(139)) - 35cfc858-a2b0-48ab-9c56-830891a3070f: start 35cfc858-a2b0-48ab-9c56-830891a3070f@group-D4D0DA547FF3-FollowerState
2023-08-29 18:54:13,625 [35cfc858-a2b0-48ab-9c56-830891a3070f-groupManagement] INFO  util.JmxRegister (JmxRegister.java:tryRegister(44)) - Successfully registered JMX Bean with object name Ratis:service=RaftServer,group=group-D4D0DA547FF3,id=35cfc858-a2b0-48ab-9c56-830891a3070f
2023-08-29 18:54:13,625 [35cfc858-a2b0-48ab-9c56-830891a3070f-groupManagement] INFO  server.RaftServerConfigKeys (ConfUtils.java:logGet(46)) - raft.server.snapshot.auto.trigger.enabled = true (custom)
2023-08-29 18:54:13,625 [35cfc858-a2b0-48ab-9c56-830891a3070f-groupManagement] INFO  server.RaftServerConfigKeys (ConfUtils.java:logGet(46)) - raft.server.snapshot.auto.trigger.threshold = 10000 (custom)
2023-08-29 18:54:13,625 [35cfc858-a2b0-48ab-9c56-830891a3070f-groupManagement] INFO  server.RaftServerConfigKeys (ConfUtils.java:logGet(46)) - raft.server.snapshot.retention.file.num = 5 (custom)
2023-08-29 18:54:13,625 [35cfc858-a2b0-48ab-9c56-830891a3070f-groupManagement] INFO  server.RaftServerConfigKeys (ConfUtils.java:logGet(46)) - raft.server.log.purge.upto.snapshot.index = false (default)
2023-08-29 18:54:13,626 [35cfc858-a2b0-48ab-9c56-830891a3070f@group-D4D0DA547FF3-FollowerState] INFO  server.RaftServerConfigKeys (ConfUtils.java:logFallback(53)) - raft.server.rpc.first-election.timeout.min = 5s (fallback to raft.server.rpc.timeout.min)
2023-08-29 18:54:13,626 [35cfc858-a2b0-48ab-9c56-830891a3070f@group-D4D0DA547FF3-FollowerState] INFO  server.RaftServerConfigKeys (ConfUtils.java:logFallback(53)) - raft.server.rpc.first-election.timeout.max = 5200ms (fallback to raft.server.rpc.timeout.max)
2023-08-29 18:54:13,634 [main] INFO  ozone.MiniOzoneClusterImpl (MiniOzoneClusterImpl.java:lambda$waitForClusterToBeReady$0(224)) - Nodes are ready. Got 5 of 5 DN Heartbeats.
2023-08-29 18:54:13,635 [main] INFO  ozone.MiniOzoneClusterImpl (MiniOzoneClusterImpl.java:lambda$waitForClusterToBeReady$0(227)) - Waiting for cluster to exit safe mode
2023-08-29 18:54:13,639 [main] INFO  ozone.MiniOzoneClusterImpl (MiniOzoneClusterImpl.java:lambda$waitForClusterToBeReady$0(229)) - SCM became leader
2023-08-29 18:54:13,638 [PipelineCommandHandlerThread-0] INFO  commandhandler.CreatePipelineCommandHandler (CreatePipelineCommandHandler.java:lambda$handle$2(124)) - Created Pipeline RATIS THREE PipelineID=e89394e1-c97b-4e53-a036-d4d0da547ff3.
2023-08-29 18:54:13,639 [PipelineCommandHandlerThread-0] INFO  server.RaftServer (RaftServerProxy.java:addNew(98)) - 01366e89-60c7-46c1-a96e-1a2337162bc6: addNew group-2215BFF0CF76:[01366e89-60c7-46c1-a96e-1a2337162bc6|rpc:10.1.0.239:15067|admin:10.1.0.239:15066|client:10.1.0.239:15065|dataStream:10.1.0.239:15068|priority:0|startupRole:FOLLOWER, 9b50acff-382e-4523-ab74-6f7baa2ae53c|rpc:10.1.0.239:15076|admin:10.1.0.239:15075|client:10.1.0.239:15074|dataStream:10.1.0.239:15077|priority:1|startupRole:FOLLOWER, 35cfc858-a2b0-48ab-9c56-830891a3070f|rpc:10.1.0.239:15085|admin:10.1.0.239:15084|client:10.1.0.239:15083|dataStream:10.1.0.239:15086|priority:0|startupRole:FOLLOWER] returns group-2215BFF0CF76:java.util.concurrent.CompletableFuture@29e9a4b1[Not completed]
2023-08-29 18:54:13,640 [01366e89-60c7-46c1-a96e-1a2337162bc6-groupManagement] INFO  server.RaftServer$Division (RaftServerImpl.java:<init>(198)) - 01366e89-60c7-46c1-a96e-1a2337162bc6: new RaftServerImpl for group-2215BFF0CF76:[01366e89-60c7-46c1-a96e-1a2337162bc6|rpc:10.1.0.239:15067|admin:10.1.0.239:15066|client:10.1.0.239:15065|dataStream:10.1.0.239:15068|priority:0|startupRole:FOLLOWER, 9b50acff-382e-4523-ab74-6f7baa2ae53c|rpc:10.1.0.239:15076|admin:10.1.0.239:15075|client:10.1.0.239:15074|dataStream:10.1.0.239:15077|priority:1|startupRole:FOLLOWER, 35cfc858-a2b0-48ab-9c56-830891a3070f|rpc:10.1.0.239:15085|admin:10.1.0.239:15084|client:10.1.0.239:15083|dataStream:10.1.0.239:15086|priority:0|startupRole:FOLLOWER] with ContainerStateMachine:uninitialized
2023-08-29 18:54:13,640 [01366e89-60c7-46c1-a96e-1a2337162bc6-groupManagement] INFO  server.RaftServerConfigKeys (ConfUtils.java:logGet(46)) - raft.server.rpc.timeout.min = 5s (custom)
2023-08-29 18:54:13,640 [01366e89-60c7-46c1-a96e-1a2337162bc6-groupManagement] INFO  server.RaftServerConfigKeys (ConfUtils.java:logGet(46)) - raft.server.rpc.timeout.max = 5200ms (custom)
2023-08-29 18:54:13,640 [01366e89-60c7-46c1-a96e-1a2337162bc6-groupManagement] INFO  server.RaftServerConfigKeys (ConfUtils.java:logGet(46)) - raft.server.rpc.sleep.time = 25ms (default)
2023-08-29 18:54:13,640 [01366e89-60c7-46c1-a96e-1a2337162bc6-groupManagement] INFO  server.RaftServerConfigKeys (ConfUtils.java:logGet(46)) - raft.server.rpc.slowness.timeout = 300s (custom)
2023-08-29 18:54:13,640 [01366e89-60c7-46c1-a96e-1a2337162bc6-groupManagement] INFO  server.RaftServerConfigKeys (ConfUtils.java:logGet(46)) - raft.server.leaderelection.leader.step-down.wait-time = 10s (default)
2023-08-29 18:54:13,640 [01366e89-60c7-46c1-a96e-1a2337162bc6-groupManagement] INFO  server.RaftServerConfigKeys (ConfUtils.java:logGet(46)) - raft.server.sleep.deviation.threshold = 300ms (default)
2023-08-29 18:54:13,640 [01366e89-60c7-46c1-a96e-1a2337162bc6-groupManagement] INFO  server.RaftServer$Division (ServerState.java:<init>(120)) - 01366e89-60c7-46c1-a96e-1a2337162bc6@group-2215BFF0CF76: ConfigurationManager, init=-1: peers:[01366e89-60c7-46c1-a96e-1a2337162bc6|rpc:10.1.0.239:15067|admin:10.1.0.239:15066|client:10.1.0.239:15065|dataStream:10.1.0.239:15068|priority:0|startupRole:FOLLOWER, 9b50acff-382e-4523-ab74-6f7baa2ae53c|rpc:10.1.0.239:15076|admin:10.1.0.239:15075|client:10.1.0.239:15074|dataStream:10.1.0.239:15077|priority:1|startupRole:FOLLOWER, 35cfc858-a2b0-48ab-9c56-830891a3070f|rpc:10.1.0.239:15085|admin:10.1.0.239:15084|client:10.1.0.239:15083|dataStream:10.1.0.239:15086|priority:0|startupRole:FOLLOWER]|listeners:[], old=null, confs=<EMPTY_MAP>
2023-08-29 18:54:13,640 [01366e89-60c7-46c1-a96e-1a2337162bc6-groupManagement] INFO  server.RaftServerConfigKeys (ConfUtils.java:logGet(46)) - raft.server.storage.dir = [/home/runner/work/ozone/ozone/hadoop-ozone/integration-test/target/test-dir/MiniOzoneClusterImpl-05f3a914-8c49-4f9f-9f2f-4b041a8937a3/datanode-0/data/ratis] (custom)
2023-08-29 18:54:13,640 [01366e89-60c7-46c1-a96e-1a2337162bc6-groupManagement] INFO  server.RaftServerConfigKeys (ConfUtils.java:logGet(46)) - raft.server.log.corruption.policy = EXCEPTION (default)
2023-08-29 18:54:13,640 [01366e89-60c7-46c1-a96e-1a2337162bc6-groupManagement] INFO  server.RaftServerConfigKeys (ConfUtils.java:logGet(46)) - raft.server.storage.free-space.min = 0MB (=0) (default)
2023-08-29 18:54:13,640 [01366e89-60c7-46c1-a96e-1a2337162bc6-groupManagement] INFO  server.RaftServerConfigKeys (ConfUtils.java:logGet(46)) - raft.server.notification.no-leader.timeout = 300s (custom)
2023-08-29 18:54:13,640 [01366e89-60c7-46c1-a96e-1a2337162bc6-groupManagement] INFO  server.RaftServerConfigKeys (ConfUtils.java:logGet(46)) - raft.server.read.timeout = 10s (default)
2023-08-29 18:54:13,640 [01366e89-60c7-46c1-a96e-1a2337162bc6-groupManagement] INFO  server.RaftServerConfigKeys (ConfUtils.java:logGet(46)) - raft.server.retrycache.expirytime = 600000ms (custom)
2023-08-29 18:54:13,640 [01366e89-60c7-46c1-a96e-1a2337162bc6-groupManagement] INFO  server.RaftServerConfigKeys (ConfUtils.java:logGet(46)) - raft.server.retrycache.statistics.expirytime = 100μs (default)
2023-08-29 18:54:13,641 [01366e89-60c7-46c1-a96e-1a2337162bc6-groupManagement] INFO  server.RaftServerConfigKeys (ConfUtils.java:logGet(46)) - raft.server.read.option = DEFAULT (default)
2023-08-29 18:54:13,641 [01366e89-60c7-46c1-a96e-1a2337162bc6-groupManagement] INFO  server.RaftServerConfigKeys (ConfUtils.java:logGet(46)) - raft.server.rpc.request.timeout = 60s (custom)
2023-08-29 18:54:13,641 [01366e89-60c7-46c1-a96e-1a2337162bc6-groupManagement] INFO  server.RaftServerConfigKeys (ConfUtils.java:logGet(46)) - raft.server.log.appender.install.snapshot.enabled = false (custom)
2023-08-29 18:54:13,641 [01366e89-60c7-46c1-a96e-1a2337162bc6-groupManagement] INFO  server.RaftServerConfigKeys (ConfUtils.java:logGet(46)) - raft.server.threadpool.server.cached = true (default)
2023-08-29 18:54:13,641 [01366e89-60c7-46c1-a96e-1a2337162bc6-groupManagement] INFO  server.RaftServerConfigKeys (ConfUtils.java:logGet(46)) - raft.server.threadpool.server.size = 0 (default)
2023-08-29 18:54:13,641 [01366e89-60c7-46c1-a96e-1a2337162bc6-groupManagement] INFO  server.RaftServerConfigKeys (ConfUtils.java:logGet(46)) - raft.server.threadpool.client.cached = true (default)
2023-08-29 18:54:13,642 [01366e89-60c7-46c1-a96e-1a2337162bc6-groupManagement] INFO  server.RaftServerConfigKeys (ConfUtils.java:logGet(46)) - raft.server.threadpool.client.size = 0 (default)
2023-08-29 18:54:13,642 [01366e89-60c7-46c1-a96e-1a2337162bc6-groupManagement] INFO  storage.RaftStorageDirectory (RaftStorageDirectoryImpl.java:analyzeStorage(137)) - The storage directory /home/runner/work/ozone/ozone/hadoop-ozone/integration-test/target/test-dir/MiniOzoneClusterImpl-05f3a914-8c49-4f9f-9f2f-4b041a8937a3/datanode-0/data/ratis/8cf0cd72-1108-407f-b359-2215bff0cf76 does not exist. Creating ...
2023-08-29 18:54:13,643 [01366e89-60c7-46c1-a96e-1a2337162bc6-groupManagement] INFO  storage.RaftStorageDirectory (RaftStorageDirectoryImpl.java:tryLock(231)) - Lock on /home/runner/work/ozone/ozone/hadoop-ozone/integration-test/target/test-dir/MiniOzoneClusterImpl-05f3a914-8c49-4f9f-9f2f-4b041a8937a3/datanode-0/data/ratis/8cf0cd72-1108-407f-b359-2215bff0cf76/in_use.lock acquired by nodename 61099@fv-az225-157
2023-08-29 18:54:13,644 [01366e89-60c7-46c1-a96e-1a2337162bc6-groupManagement] INFO  storage.RaftStorage (RaftStorageImpl.java:format(96)) - Storage directory /home/runner/work/ozone/ozone/hadoop-ozone/integration-test/target/test-dir/MiniOzoneClusterImpl-05f3a914-8c49-4f9f-9f2f-4b041a8937a3/datanode-0/data/ratis/8cf0cd72-1108-407f-b359-2215bff0cf76 has been successfully formatted.
2023-08-29 18:54:13,645 [01366e89-60c7-46c1-a96e-1a2337162bc6-groupManagement] INFO  ratis.ContainerStateMachine (ContainerStateMachine.java:loadSnapshot(262)) - group-2215BFF0CF76: The snapshot info is null. Setting the last applied indexto:(t:0, i:~)
2023-08-29 18:54:13,645 [01366e89-60c7-46c1-a96e-1a2337162bc6-groupManagement] INFO  server.RaftServerConfigKeys (ConfUtils.java:logGet(46)) - raft.server.log.use.memory = false (default)
2023-08-29 18:54:13,645 [01366e89-60c7-46c1-a96e-1a2337162bc6-groupManagement] INFO  server.RaftServerConfigKeys (ConfUtils.java:logGet(46)) - raft.server.log.purge.gap = 1000000 (custom)
2023-08-29 18:54:13,645 [01366e89-60c7-46c1-a96e-1a2337162bc6-groupManagement] INFO  server.RaftServerConfigKeys (ConfUtils.java:logGet(46)) - raft.server.log.appender.buffer.byte-limit = 33554432 (custom)
2023-08-29 18:54:13,645 [01366e89-60c7-46c1-a96e-1a2337162bc6-groupManagement] INFO  server.RaftServerConfigKeys (ConfUtils.java:logGet(46)) - raft.server.log.statemachine.data.read.timeout = 1000ms (default)
2023-08-29 18:54:13,645 [EventQueue-OpenPipelineForHealthyPipelineSafeModeRule] INFO  safemode.SCMSafeModeManager (HealthyPipelineSafeModeRule.java:process(137)) - SCM in safe mode. Healthy pipelines reported count is 0, required healthy pipeline reported count is 1
2023-08-29 18:54:13,646 [01366e89-60c7-46c1-a96e-1a2337162bc6-groupManagement] INFO  server.RaftServerConfigKeys (ConfUtils.java:logGet(46)) - raft.server.log.purge.preservation.log.num = 0 (default)
2023-08-29 18:54:13,646 [01366e89-60c7-46c1-a96e-1a2337162bc6-groupManagement] INFO  server.RaftServerConfigKeys (ConfUtils.java:logGet(46)) - raft.server.log.segment.size.max = 1048576 (custom)
2023-08-29 18:54:13,646 [01366e89-60c7-46c1-a96e-1a2337162bc6-groupManagement] INFO  server.RaftServerConfigKeys (ConfUtils.java:logGet(46)) - raft.server.log.segment.cache.num.max = 2 (custom)
2023-08-29 18:54:13,646 [01366e89-60c7-46c1-a96e-1a2337162bc6-groupManagement] INFO  server.RaftServerConfigKeys (ConfUtils.java:logGet(46)) - raft.server.log.segment.cache.size.max = 200MB (=209715200) (default)
2023-08-29 18:54:13,646 [01366e89-60c7-46c1-a96e-1a2337162bc6-groupManagement] INFO  server.RaftServerConfigKeys (ConfUtils.java:logGet(46)) - raft.server.log.appender.buffer.byte-limit = 33554432 (custom)
2023-08-29 18:54:13,646 [01366e89-60c7-46c1-a96e-1a2337162bc6-groupManagement] INFO  segmented.SegmentedRaftLogWorker (SegmentedRaftLogWorker.java:<init>(188)) - new 01366e89-60c7-46c1-a96e-1a2337162bc6@group-2215BFF0CF76-SegmentedRaftLogWorker for RaftStorageImpl:Storage Directory /home/runner/work/ozone/ozone/hadoop-ozone/integration-test/target/test-dir/MiniOzoneClusterImpl-05f3a914-8c49-4f9f-9f2f-4b041a8937a3/datanode-0/data/ratis/8cf0cd72-1108-407f-b359-2215bff0cf76
2023-08-29 18:54:13,646 [01366e89-60c7-46c1-a96e-1a2337162bc6-groupManagement] INFO  server.RaftServerConfigKeys (ConfUtils.java:logGet(46)) - raft.server.log.queue.byte-limit = 4294967296 (custom)
2023-08-29 18:54:13,646 [01366e89-60c7-46c1-a96e-1a2337162bc6-groupManagement] INFO  server.RaftServerConfigKeys (ConfUtils.java:logGet(46)) - raft.server.log.queue.element-limit = 1024 (custom)
2023-08-29 18:54:13,646 [01366e89-60c7-46c1-a96e-1a2337162bc6-groupManagement] INFO  server.RaftServerConfigKeys (ConfUtils.java:logGet(46)) - raft.server.log.segment.size.max = 1048576 (custom)
2023-08-29 18:54:13,646 [01366e89-60c7-46c1-a96e-1a2337162bc6-groupManagement] INFO  server.RaftServerConfigKeys (ConfUtils.java:logGet(46)) - raft.server.log.preallocated.size = 16384 (custom)
2023-08-29 18:54:13,646 [01366e89-60c7-46c1-a96e-1a2337162bc6-groupManagement] INFO  server.RaftServerConfigKeys (ConfUtils.java:logGet(46)) - raft.server.log.force.sync.num = 128 (default)
2023-08-29 18:54:13,646 [01366e89-60c7-46c1-a96e-1a2337162bc6-groupManagement] INFO  server.RaftServerConfigKeys (ConfUtils.java:logGet(46)) - raft.server.log.statemachine.data.sync = true (default)
2023-08-29 18:54:13,647 [01366e89-60c7-46c1-a96e-1a2337162bc6-groupManagement] INFO  server.RaftServerConfigKeys (ConfUtils.java:logGet(46)) - raft.server.log.statemachine.data.sync.timeout = 10s (default)
2023-08-29 18:54:13,647 [01366e89-60c7-46c1-a96e-1a2337162bc6-groupManagement] INFO  server.RaftServerConfigKeys (ConfUtils.java:logGet(46)) - raft.server.log.statemachine.data.sync.timeout.retry = -1 (default)
2023-08-29 18:54:13,647 [01366e89-60c7-46c1-a96e-1a2337162bc6-groupManagement] INFO  server.RaftServerConfigKeys (ConfUtils.java:logGet(46)) - raft.server.log.write.buffer.size = 1048576 (custom)
2023-08-29 18:54:13,647 [01366e89-60c7-46c1-a96e-1a2337162bc6-groupManagement] INFO  server.RaftServerConfigKeys (ConfUtils.java:logGet(46)) - raft.server.log.appender.buffer.byte-limit = 33554432 (custom)
2023-08-29 18:54:13,652 [01366e89-60c7-46c1-a96e-1a2337162bc6-groupManagement] INFO  server.RaftServerConfigKeys (ConfUtils.java:logGet(46)) - raft.server.log.unsafe-flush.enabled = false (default)
2023-08-29 18:54:13,652 [01366e89-60c7-46c1-a96e-1a2337162bc6-groupManagement] INFO  server.RaftServerConfigKeys (ConfUtils.java:logGet(46)) - raft.server.log.async-flush.enabled = false (default)
2023-08-29 18:54:13,652 [01366e89-60c7-46c1-a96e-1a2337162bc6-groupManagement] INFO  server.RaftServerConfigKeys (ConfUtils.java:logGet(46)) - raft.server.log.statemachine.data.caching.enabled = true (custom)
2023-08-29 18:54:13,653 [01366e89-60c7-46c1-a96e-1a2337162bc6-groupManagement] INFO  segmented.SegmentedRaftLogWorker (SegmentedRaftLogWorker.java:lambda$new$0(135)) - 01366e89-60c7-46c1-a96e-1a2337162bc6@group-2215BFF0CF76-SegmentedRaftLogWorker: flushIndex: setUnconditionally 0 -> -1
2023-08-29 18:54:13,653 [01366e89-60c7-46c1-a96e-1a2337162bc6-groupManagement] INFO  segmented.SegmentedRaftLogWorker (SegmentedRaftLogWorker.java:lambda$new$0(135)) - 01366e89-60c7-46c1-a96e-1a2337162bc6@group-2215BFF0CF76-SegmentedRaftLogWorker: safeCacheEvictIndex: setUnconditionally 0 -> -1
2023-08-29 18:54:13,653 [01366e89-60c7-46c1-a96e-1a2337162bc6-groupManagement] INFO  server.RaftServer$Division (RaftServerImpl.java:start(342)) - 01366e89-60c7-46c1-a96e-1a2337162bc6@group-2215BFF0CF76: start as a follower, conf=-1: peers:[01366e89-60c7-46c1-a96e-1a2337162bc6|rpc:10.1.0.239:15067|admin:10.1.0.239:15066|client:10.1.0.239:15065|dataStream:10.1.0.239:15068|priority:0|startupRole:FOLLOWER, 9b50acff-382e-4523-ab74-6f7baa2ae53c|rpc:10.1.0.239:15076|admin:10.1.0.239:15075|client:10.1.0.239:15074|dataStream:10.1.0.239:15077|priority:1|startupRole:FOLLOWER, 35cfc858-a2b0-48ab-9c56-830891a3070f|rpc:10.1.0.239:15085|admin:10.1.0.239:15084|client:10.1.0.239:15083|dataStream:10.1.0.239:15086|priority:0|startupRole:FOLLOWER]|listeners:[], old=null
2023-08-29 18:54:13,653 [01366e89-60c7-46c1-a96e-1a2337162bc6-groupManagement] INFO  server.RaftServer$Division (RaftServerImpl.java:setRole(329)) - 01366e89-60c7-46c1-a96e-1a2337162bc6@group-2215BFF0CF76: changes role from      null to FOLLOWER at term 0 for startAsFollower
2023-08-29 18:54:13,653 [01366e89-60c7-46c1-a96e-1a2337162bc6-groupManagement] INFO  impl.RoleInfo (RoleInfo.java:updateAndGet(139)) - 01366e89-60c7-46c1-a96e-1a2337162bc6: start 01366e89-60c7-46c1-a96e-1a2337162bc6@group-2215BFF0CF76-FollowerState
2023-08-29 18:54:13,653 [01366e89-60c7-46c1-a96e-1a2337162bc6-groupManagement] INFO  util.JmxRegister (JmxRegister.java:tryRegister(44)) - Successfully registered JMX Bean with object name Ratis:service=RaftServer,group=group-2215BFF0CF76,id=01366e89-60c7-46c1-a96e-1a2337162bc6
2023-08-29 18:54:13,653 [01366e89-60c7-46c1-a96e-1a2337162bc6-groupManagement] INFO  server.RaftServerConfigKeys (ConfUtils.java:logGet(46)) - raft.server.snapshot.auto.trigger.enabled = true (custom)
2023-08-29 18:54:13,653 [01366e89-60c7-46c1-a96e-1a2337162bc6-groupManagement] INFO  server.RaftServerConfigKeys (ConfUtils.java:logGet(46)) - raft.server.snapshot.auto.trigger.threshold = 10000 (custom)
2023-08-29 18:54:13,653 [01366e89-60c7-46c1-a96e-1a2337162bc6-groupManagement] INFO  server.RaftServerConfigKeys (ConfUtils.java:logGet(46)) - raft.server.snapshot.retention.file.num = 5 (custom)
2023-08-29 18:54:13,653 [01366e89-60c7-46c1-a96e-1a2337162bc6-groupManagement] INFO  server.RaftServerConfigKeys (ConfUtils.java:logGet(46)) - raft.server.log.purge.upto.snapshot.index = false (default)
2023-08-29 18:54:13,654 [PipelineCommandHandlerThread-0] INFO  ratis.XceiverServerRatis (XceiverServerRatis.java:addGroup(804)) - Created group PipelineID=8cf0cd72-1108-407f-b359-2215bff0cf76
2023-08-29 18:54:13,669 [01366e89-60c7-46c1-a96e-1a2337162bc6@group-2215BFF0CF76-FollowerState] INFO  server.RaftServerConfigKeys (ConfUtils.java:logFallback(53)) - raft.server.rpc.first-election.timeout.min = 5s (fallback to raft.server.rpc.timeout.min)
2023-08-29 18:54:13,669 [01366e89-60c7-46c1-a96e-1a2337162bc6@group-2215BFF0CF76-FollowerState] INFO  server.RaftServerConfigKeys (ConfUtils.java:logFallback(53)) - raft.server.rpc.first-election.timeout.max = 5200ms (fallback to raft.server.rpc.timeout.max)
2023-08-29 18:54:13,669 [grpc-default-executor-0] INFO  server.RaftServer (RaftServerProxy.java:addNew(98)) - 9b50acff-382e-4523-ab74-6f7baa2ae53c: addNew group-2215BFF0CF76:[01366e89-60c7-46c1-a96e-1a2337162bc6|rpc:10.1.0.239:15067|admin:10.1.0.239:15066|client:10.1.0.239:15065|dataStream:10.1.0.239:15068|priority:0|startupRole:FOLLOWER, 9b50acff-382e-4523-ab74-6f7baa2ae53c|rpc:10.1.0.239:15076|admin:10.1.0.239:15075|client:10.1.0.239:15074|dataStream:10.1.0.239:15077|priority:1|startupRole:FOLLOWER, 35cfc858-a2b0-48ab-9c56-830891a3070f|rpc:10.1.0.239:15085|admin:10.1.0.239:15084|client:10.1.0.239:15083|dataStream:10.1.0.239:15086|priority:0|startupRole:FOLLOWER] returns group-2215BFF0CF76:java.util.concurrent.CompletableFuture@39190ed2[Not completed]
2023-08-29 18:54:13,670 [9b50acff-382e-4523-ab74-6f7baa2ae53c-groupManagement] INFO  server.RaftServer$Division (RaftServerImpl.java:<init>(198)) - 9b50acff-382e-4523-ab74-6f7baa2ae53c: new RaftServerImpl for group-2215BFF0CF76:[01366e89-60c7-46c1-a96e-1a2337162bc6|rpc:10.1.0.239:15067|admin:10.1.0.239:15066|client:10.1.0.239:15065|dataStream:10.1.0.239:15068|priority:0|startupRole:FOLLOWER, 9b50acff-382e-4523-ab74-6f7baa2ae53c|rpc:10.1.0.239:15076|admin:10.1.0.239:15075|client:10.1.0.239:15074|dataStream:10.1.0.239:15077|priority:1|startupRole:FOLLOWER, 35cfc858-a2b0-48ab-9c56-830891a3070f|rpc:10.1.0.239:15085|admin:10.1.0.239:15084|client:10.1.0.239:15083|dataStream:10.1.0.239:15086|priority:0|startupRole:FOLLOWER] with ContainerStateMachine:uninitialized
2023-08-29 18:54:13,670 [9b50acff-382e-4523-ab74-6f7baa2ae53c-groupManagement] INFO  server.RaftServerConfigKeys (ConfUtils.java:logGet(46)) - raft.server.rpc.timeout.min = 5s (custom)
2023-08-29 18:54:13,670 [9b50acff-382e-4523-ab74-6f7baa2ae53c-groupManagement] INFO  server.RaftServerConfigKeys (ConfUtils.java:logGet(46)) - raft.server.rpc.timeout.max = 5200ms (custom)
2023-08-29 18:54:13,670 [9b50acff-382e-4523-ab74-6f7baa2ae53c-groupManagement] INFO  server.RaftServerConfigKeys (ConfUtils.java:logGet(46)) - raft.server.rpc.sleep.time = 25ms (default)
2023-08-29 18:54:13,670 [9b50acff-382e-4523-ab74-6f7baa2ae53c-groupManagement] INFO  server.RaftServerConfigKeys (ConfUtils.java:logGet(46)) - raft.server.rpc.slowness.timeout = 300s (custom)
2023-08-29 18:54:13,670 [9b50acff-382e-4523-ab74-6f7baa2ae53c-groupManagement] INFO  server.RaftServerConfigKeys (ConfUtils.java:logGet(46)) - raft.server.leaderelection.leader.step-down.wait-time = 10s (default)
2023-08-29 18:54:13,670 [9b50acff-382e-4523-ab74-6f7baa2ae53c-groupManagement] INFO  server.RaftServerConfigKeys (ConfUtils.java:logGet(46)) - raft.server.sleep.deviation.threshold = 300ms (default)
2023-08-29 18:54:13,670 [9b50acff-382e-4523-ab74-6f7baa2ae53c-groupManagement] INFO  server.RaftServer$Division (ServerState.java:<init>(120)) - 9b50acff-382e-4523-ab74-6f7baa2ae53c@group-2215BFF0CF76: ConfigurationManager, init=-1: peers:[01366e89-60c7-46c1-a96e-1a2337162bc6|rpc:10.1.0.239:15067|admin:10.1.0.239:15066|client:10.1.0.239:15065|dataStream:10.1.0.239:15068|priority:0|startupRole:FOLLOWER, 9b50acff-382e-4523-ab74-6f7baa2ae53c|rpc:10.1.0.239:15076|admin:10.1.0.239:15075|client:10.1.0.239:15074|dataStream:10.1.0.239:15077|priority:1|startupRole:FOLLOWER, 35cfc858-a2b0-48ab-9c56-830891a3070f|rpc:10.1.0.239:15085|admin:10.1.0.239:15084|client:10.1.0.239:15083|dataStream:10.1.0.239:15086|priority:0|startupRole:FOLLOWER]|listeners:[], old=null, confs=<EMPTY_MAP>
2023-08-29 18:54:13,670 [9b50acff-382e-4523-ab74-6f7baa2ae53c-groupManagement] INFO  server.RaftServerConfigKeys (ConfUtils.java:logGet(46)) - raft.server.storage.dir = [/home/runner/work/ozone/ozone/hadoop-ozone/integration-test/target/test-dir/MiniOzoneClusterImpl-05f3a914-8c49-4f9f-9f2f-4b041a8937a3/datanode-1/data/ratis] (custom)
2023-08-29 18:54:13,670 [9b50acff-382e-4523-ab74-6f7baa2ae53c-groupManagement] INFO  server.RaftServerConfigKeys (ConfUtils.java:logGet(46)) - raft.server.log.corruption.policy = EXCEPTION (default)
2023-08-29 18:54:13,671 [9b50acff-382e-4523-ab74-6f7baa2ae53c-groupManagement] INFO  server.RaftServerConfigKeys (ConfUtils.java:logGet(46)) - raft.server.storage.free-space.min = 0MB (=0) (default)
2023-08-29 18:54:13,671 [9b50acff-382e-4523-ab74-6f7baa2ae53c-groupManagement] INFO  server.RaftServerConfigKeys (ConfUtils.java:logGet(46)) - raft.server.notification.no-leader.timeout = 300s (custom)
2023-08-29 18:54:13,671 [9b50acff-382e-4523-ab74-6f7baa2ae53c-groupManagement] INFO  server.RaftServerConfigKeys (ConfUtils.java:logGet(46)) - raft.server.read.timeout = 10s (default)
2023-08-29 18:54:13,671 [9b50acff-382e-4523-ab74-6f7baa2ae53c-groupManagement] INFO  server.RaftServerConfigKeys (ConfUtils.java:logGet(46)) - raft.server.retrycache.expirytime = 600000ms (custom)
2023-08-29 18:54:13,671 [9b50acff-382e-4523-ab74-6f7baa2ae53c-groupManagement] INFO  server.RaftServerConfigKeys (ConfUtils.java:logGet(46)) - raft.server.retrycache.statistics.expirytime = 100μs (default)
2023-08-29 18:54:13,671 [9b50acff-382e-4523-ab74-6f7baa2ae53c-groupManagement] INFO  server.RaftServerConfigKeys (ConfUtils.java:logGet(46)) - raft.server.read.option = DEFAULT (default)
2023-08-29 18:54:13,671 [9b50acff-382e-4523-ab74-6f7baa2ae53c-groupManagement] INFO  server.RaftServerConfigKeys (ConfUtils.java:logGet(46)) - raft.server.rpc.request.timeout = 60s (custom)
2023-08-29 18:54:13,671 [9b50acff-382e-4523-ab74-6f7baa2ae53c-groupManagement] INFO  server.RaftServerConfigKeys (ConfUtils.java:logGet(46)) - raft.server.log.appender.install.snapshot.enabled = false (custom)
2023-08-29 18:54:13,671 [9b50acff-382e-4523-ab74-6f7baa2ae53c-groupManagement] INFO  server.RaftServerConfigKeys (ConfUtils.java:logGet(46)) - raft.server.threadpool.server.cached = true (default)
2023-08-29 18:54:13,671 [9b50acff-382e-4523-ab74-6f7baa2ae53c-groupManagement] INFO  server.RaftServerConfigKeys (ConfUtils.java:logGet(46)) - raft.server.threadpool.server.size = 0 (default)
2023-08-29 18:54:13,671 [9b50acff-382e-4523-ab74-6f7baa2ae53c-groupManagement] INFO  server.RaftServerConfigKeys (ConfUtils.java:logGet(46)) - raft.server.threadpool.client.cached = true (default)
2023-08-29 18:54:13,671 [9b50acff-382e-4523-ab74-6f7baa2ae53c-groupManagement] INFO  server.RaftServerConfigKeys (ConfUtils.java:logGet(46)) - raft.server.threadpool.client.size = 0 (default)
2023-08-29 18:54:13,672 [9b50acff-382e-4523-ab74-6f7baa2ae53c-groupManagement] INFO  storage.RaftStorageDirectory (RaftStorageDirectoryImpl.java:analyzeStorage(137)) - The storage directory /home/runner/work/ozone/ozone/hadoop-ozone/integration-test/target/test-dir/MiniOzoneClusterImpl-05f3a914-8c49-4f9f-9f2f-4b041a8937a3/datanode-1/data/ratis/8cf0cd72-1108-407f-b359-2215bff0cf76 does not exist. Creating ...
2023-08-29 18:54:13,673 [9b50acff-382e-4523-ab74-6f7baa2ae53c-groupManagement] INFO  storage.RaftStorageDirectory (RaftStorageDirectoryImpl.java:tryLock(231)) - Lock on /home/runner/work/ozone/ozone/hadoop-ozone/integration-test/target/test-dir/MiniOzoneClusterImpl-05f3a914-8c49-4f9f-9f2f-4b041a8937a3/datanode-1/data/ratis/8cf0cd72-1108-407f-b359-2215bff0cf76/in_use.lock acquired by nodename 61099@fv-az225-157
2023-08-29 18:54:13,674 [9b50acff-382e-4523-ab74-6f7baa2ae53c-groupManagement] INFO  storage.RaftStorage (RaftStorageImpl.java:format(96)) - Storage directory /home/runner/work/ozone/ozone/hadoop-ozone/integration-test/target/test-dir/MiniOzoneClusterImpl-05f3a914-8c49-4f9f-9f2f-4b041a8937a3/datanode-1/data/ratis/8cf0cd72-1108-407f-b359-2215bff0cf76 has been successfully formatted.
2023-08-29 18:54:13,674 [9b50acff-382e-4523-ab74-6f7baa2ae53c-groupManagement] INFO  ratis.ContainerStateMachine (ContainerStateMachine.java:loadSnapshot(262)) - group-2215BFF0CF76: The snapshot info is null. Setting the last applied indexto:(t:0, i:~)
2023-08-29 18:54:13,674 [9b50acff-382e-4523-ab74-6f7baa2ae53c-groupManagement] INFO  server.RaftServerConfigKeys (ConfUtils.java:logGet(46)) - raft.server.log.use.memory = false (default)
2023-08-29 18:54:13,674 [9b50acff-382e-4523-ab74-6f7baa2ae53c-groupManagement] INFO  server.RaftServerConfigKeys (ConfUtils.java:logGet(46)) - raft.server.log.purge.gap = 1000000 (custom)
2023-08-29 18:54:13,674 [9b50acff-382e-4523-ab74-6f7baa2ae53c-groupManagement] INFO  server.RaftServerConfigKeys (ConfUtils.java:logGet(46)) - raft.server.log.appender.buffer.byte-limit = 33554432 (custom)
2023-08-29 18:54:13,675 [9b50acff-382e-4523-ab74-6f7baa2ae53c-groupManagement] INFO  server.RaftServerConfigKeys (ConfUtils.java:logGet(46)) - raft.server.log.statemachine.data.read.timeout = 1000ms (default)
2023-08-29 18:54:13,675 [9b50acff-382e-4523-ab74-6f7baa2ae53c-groupManagement] INFO  server.RaftServerConfigKeys (ConfUtils.java:logGet(46)) - raft.server.log.purge.preservation.log.num = 0 (default)
2023-08-29 18:54:13,675 [9b50acff-382e-4523-ab74-6f7baa2ae53c-groupManagement] INFO  server.RaftServerConfigKeys (ConfUtils.java:logGet(46)) - raft.server.log.segment.size.max = 1048576 (custom)
2023-08-29 18:54:13,675 [9b50acff-382e-4523-ab74-6f7baa2ae53c-groupManagement] INFO  server.RaftServerConfigKeys (ConfUtils.java:logGet(46)) - raft.server.log.segment.cache.num.max = 2 (custom)
2023-08-29 18:54:13,675 [9b50acff-382e-4523-ab74-6f7baa2ae53c-groupManagement] INFO  server.RaftServerConfigKeys (ConfUtils.java:logGet(46)) - raft.server.log.segment.cache.size.max = 200MB (=209715200) (default)
2023-08-29 18:54:13,675 [9b50acff-382e-4523-ab74-6f7baa2ae53c-groupManagement] INFO  server.RaftServerConfigKeys (ConfUtils.java:logGet(46)) - raft.server.log.appender.buffer.byte-limit = 33554432 (custom)
2023-08-29 18:54:13,675 [9b50acff-382e-4523-ab74-6f7baa2ae53c-groupManagement] INFO  segmented.SegmentedRaftLogWorker (SegmentedRaftLogWorker.java:<init>(188)) - new 9b50acff-382e-4523-ab74-6f7baa2ae53c@group-2215BFF0CF76-SegmentedRaftLogWorker for RaftStorageImpl:Storage Directory /home/runner/work/ozone/ozone/hadoop-ozone/integration-test/target/test-dir/MiniOzoneClusterImpl-05f3a914-8c49-4f9f-9f2f-4b041a8937a3/datanode-1/data/ratis/8cf0cd72-1108-407f-b359-2215bff0cf76
2023-08-29 18:54:13,675 [9b50acff-382e-4523-ab74-6f7baa2ae53c-groupManagement] INFO  server.RaftServerConfigKeys (ConfUtils.java:logGet(46)) - raft.server.log.queue.byte-limit = 4294967296 (custom)
2023-08-29 18:54:13,675 [9b50acff-382e-4523-ab74-6f7baa2ae53c-groupManagement] INFO  server.RaftServerConfigKeys (ConfUtils.java:logGet(46)) - raft.server.log.queue.element-limit = 1024 (custom)
2023-08-29 18:54:13,675 [9b50acff-382e-4523-ab74-6f7baa2ae53c-groupManagement] INFO  server.RaftServerConfigKeys (ConfUtils.java:logGet(46)) - raft.server.log.segment.size.max = 1048576 (custom)
2023-08-29 18:54:13,676 [9b50acff-382e-4523-ab74-6f7baa2ae53c-groupManagement] INFO  server.RaftServerConfigKeys (ConfUtils.java:logGet(46)) - raft.server.log.preallocated.size = 16384 (custom)
2023-08-29 18:54:13,676 [9b50acff-382e-4523-ab74-6f7baa2ae53c-groupManagement] INFO  server.RaftServerConfigKeys (ConfUtils.java:logGet(46)) - raft.server.log.force.sync.num = 128 (default)
2023-08-29 18:54:13,676 [9b50acff-382e-4523-ab74-6f7baa2ae53c-groupManagement] INFO  server.RaftServerConfigKeys (ConfUtils.java:logGet(46)) - raft.server.log.statemachine.data.sync = true (default)
2023-08-29 18:54:13,676 [9b50acff-382e-4523-ab74-6f7baa2ae53c-groupManagement] INFO  server.RaftServerConfigKeys (ConfUtils.java:logGet(46)) - raft.server.log.statemachine.data.sync.timeout = 10s (default)
2023-08-29 18:54:13,676 [9b50acff-382e-4523-ab74-6f7baa2ae53c-groupManagement] INFO  server.RaftServerConfigKeys (ConfUtils.java:logGet(46)) - raft.server.log.statemachine.data.sync.timeout.retry = -1 (default)
2023-08-29 18:54:13,676 [9b50acff-382e-4523-ab74-6f7baa2ae53c-groupManagement] INFO  server.RaftServerConfigKeys (ConfUtils.java:logGet(46)) - raft.server.log.write.buffer.size = 1048576 (custom)
2023-08-29 18:54:13,676 [9b50acff-382e-4523-ab74-6f7baa2ae53c-groupManagement] INFO  server.RaftServerConfigKeys (ConfUtils.java:logGet(46)) - raft.server.log.appender.buffer.byte-limit = 33554432 (custom)
2023-08-29 18:54:13,681 [9b50acff-382e-4523-ab74-6f7baa2ae53c-groupManagement] INFO  server.RaftServerConfigKeys (ConfUtils.java:logGet(46)) - raft.server.log.unsafe-flush.enabled = false (default)
2023-08-29 18:54:13,681 [9b50acff-382e-4523-ab74-6f7baa2ae53c-groupManagement] INFO  server.RaftServerConfigKeys (ConfUtils.java:logGet(46)) - raft.server.log.async-flush.enabled = false (default)
2023-08-29 18:54:13,681 [9b50acff-382e-4523-ab74-6f7baa2ae53c-groupManagement] INFO  server.RaftServerConfigKeys (ConfUtils.java:logGet(46)) - raft.server.log.statemachine.data.caching.enabled = true (custom)
2023-08-29 18:54:13,682 [9b50acff-382e-4523-ab74-6f7baa2ae53c-groupManagement] INFO  segmented.SegmentedRaftLogWorker (SegmentedRaftLogWorker.java:lambda$new$0(135)) - 9b50acff-382e-4523-ab74-6f7baa2ae53c@group-2215BFF0CF76-SegmentedRaftLogWorker: flushIndex: setUnconditionally 0 -> -1
2023-08-29 18:54:13,682 [9b50acff-382e-4523-ab74-6f7baa2ae53c-groupManagement] INFO  segmented.SegmentedRaftLogWorker (SegmentedRaftLogWorker.java:lambda$new$0(135)) - 9b50acff-382e-4523-ab74-6f7baa2ae53c@group-2215BFF0CF76-SegmentedRaftLogWorker: safeCacheEvictIndex: setUnconditionally 0 -> -1
2023-08-29 18:54:13,682 [9b50acff-382e-4523-ab74-6f7baa2ae53c-groupManagement] INFO  server.RaftServer$Division (RaftServerImpl.java:start(342)) - 9b50acff-382e-4523-ab74-6f7baa2ae53c@group-2215BFF0CF76: start as a follower, conf=-1: peers:[01366e89-60c7-46c1-a96e-1a2337162bc6|rpc:10.1.0.239:15067|admin:10.1.0.239:15066|client:10.1.0.239:15065|dataStream:10.1.0.239:15068|priority:0|startupRole:FOLLOWER, 9b50acff-382e-4523-ab74-6f7baa2ae53c|rpc:10.1.0.239:15076|admin:10.1.0.239:15075|client:10.1.0.239:15074|dataStream:10.1.0.239:15077|priority:1|startupRole:FOLLOWER, 35cfc858-a2b0-48ab-9c56-830891a3070f|rpc:10.1.0.239:15085|admin:10.1.0.239:15084|client:10.1.0.239:15083|dataStream:10.1.0.239:15086|priority:0|startupRole:FOLLOWER]|listeners:[], old=null
2023-08-29 18:54:13,682 [9b50acff-382e-4523-ab74-6f7baa2ae53c-groupManagement] INFO  server.RaftServer$Division (RaftServerImpl.java:setRole(329)) - 9b50acff-382e-4523-ab74-6f7baa2ae53c@group-2215BFF0CF76: changes role from      null to FOLLOWER at term 0 for startAsFollower
2023-08-29 18:54:13,682 [9b50acff-382e-4523-ab74-6f7baa2ae53c-groupManagement] INFO  impl.RoleInfo (RoleInfo.java:updateAndGet(139)) - 9b50acff-382e-4523-ab74-6f7baa2ae53c: start 9b50acff-382e-4523-ab74-6f7baa2ae53c@group-2215BFF0CF76-FollowerState
2023-08-29 18:54:13,682 [9b50acff-382e-4523-ab74-6f7baa2ae53c@group-2215BFF0CF76-FollowerState] INFO  server.RaftServerConfigKeys (ConfUtils.java:logFallback(53)) - raft.server.rpc.first-election.timeout.min = 5s (fallback to raft.server.rpc.timeout.min)
2023-08-29 18:54:13,682 [9b50acff-382e-4523-ab74-6f7baa2ae53c-groupManagement] INFO  util.JmxRegister (JmxRegister.java:tryRegister(44)) - Successfully registered JMX Bean with object name Ratis:service=RaftServer,group=group-2215BFF0CF76,id=9b50acff-382e-4523-ab74-6f7baa2ae53c
2023-08-29 18:54:13,682 [9b50acff-382e-4523-ab74-6f7baa2ae53c@group-2215BFF0CF76-FollowerState] INFO  server.RaftServerConfigKeys (ConfUtils.java:logFallback(53)) - raft.server.rpc.first-election.timeout.max = 5200ms (fallback to raft.server.rpc.timeout.max)
2023-08-29 18:54:13,682 [9b50acff-382e-4523-ab74-6f7baa2ae53c-groupManagement] INFO  server.RaftServerConfigKeys (ConfUtils.java:logGet(46)) - raft.server.snapshot.auto.trigger.enabled = true (custom)
2023-08-29 18:54:13,682 [9b50acff-382e-4523-ab74-6f7baa2ae53c-groupManagement] INFO  server.RaftServerConfigKeys (ConfUtils.java:logGet(46)) - raft.server.snapshot.auto.trigger.threshold = 10000 (custom)
2023-08-29 18:54:13,682 [9b50acff-382e-4523-ab74-6f7baa2ae53c-groupManagement] INFO  server.RaftServerConfigKeys (ConfUtils.java:logGet(46)) - raft.server.snapshot.retention.file.num = 5 (custom)
2023-08-29 18:54:13,682 [9b50acff-382e-4523-ab74-6f7baa2ae53c-groupManagement] INFO  server.RaftServerConfigKeys (ConfUtils.java:logGet(46)) - raft.server.log.purge.upto.snapshot.index = false (default)
2023-08-29 18:54:13,702 [grpc-default-executor-0] INFO  server.RaftServer (RaftServerProxy.java:addNew(98)) - 35cfc858-a2b0-48ab-9c56-830891a3070f: addNew group-2215BFF0CF76:[01366e89-60c7-46c1-a96e-1a2337162bc6|rpc:10.1.0.239:15067|admin:10.1.0.239:15066|client:10.1.0.239:15065|dataStream:10.1.0.239:15068|priority:0|startupRole:FOLLOWER, 9b50acff-382e-4523-ab74-6f7baa2ae53c|rpc:10.1.0.239:15076|admin:10.1.0.239:15075|client:10.1.0.239:15074|dataStream:10.1.0.239:15077|priority:1|startupRole:FOLLOWER, 35cfc858-a2b0-48ab-9c56-830891a3070f|rpc:10.1.0.239:15085|admin:10.1.0.239:15084|client:10.1.0.239:15083|dataStream:10.1.0.239:15086|priority:0|startupRole:FOLLOWER] returns group-2215BFF0CF76:java.util.concurrent.CompletableFuture@4d1dce86[Not completed]
2023-08-29 18:54:13,703 [35cfc858-a2b0-48ab-9c56-830891a3070f-groupManagement] INFO  server.RaftServer$Division (RaftServerImpl.java:<init>(198)) - 35cfc858-a2b0-48ab-9c56-830891a3070f: new RaftServerImpl for group-2215BFF0CF76:[01366e89-60c7-46c1-a96e-1a2337162bc6|rpc:10.1.0.239:15067|admin:10.1.0.239:15066|client:10.1.0.239:15065|dataStream:10.1.0.239:15068|priority:0|startupRole:FOLLOWER, 9b50acff-382e-4523-ab74-6f7baa2ae53c|rpc:10.1.0.239:15076|admin:10.1.0.239:15075|client:10.1.0.239:15074|dataStream:10.1.0.239:15077|priority:1|startupRole:FOLLOWER, 35cfc858-a2b0-48ab-9c56-830891a3070f|rpc:10.1.0.239:15085|admin:10.1.0.239:15084|client:10.1.0.239:15083|dataStream:10.1.0.239:15086|priority:0|startupRole:FOLLOWER] with ContainerStateMachine:uninitialized
2023-08-29 18:54:13,703 [35cfc858-a2b0-48ab-9c56-830891a3070f-groupManagement] INFO  server.RaftServerConfigKeys (ConfUtils.java:logGet(46)) - raft.server.rpc.timeout.min = 5s (custom)
2023-08-29 18:54:13,703 [35cfc858-a2b0-48ab-9c56-830891a3070f-groupManagement] INFO  server.RaftServerConfigKeys (ConfUtils.java:logGet(46)) - raft.server.rpc.timeout.max = 5200ms (custom)
2023-08-29 18:54:13,703 [35cfc858-a2b0-48ab-9c56-830891a3070f-groupManagement] INFO  server.RaftServerConfigKeys (ConfUtils.java:logGet(46)) - raft.server.rpc.sleep.time = 25ms (default)
2023-08-29 18:54:13,703 [35cfc858-a2b0-48ab-9c56-830891a3070f-groupManagement] INFO  server.RaftServerConfigKeys (ConfUtils.java:logGet(46)) - raft.server.rpc.slowness.timeout = 300s (custom)
2023-08-29 18:54:13,703 [35cfc858-a2b0-48ab-9c56-830891a3070f-groupManagement] INFO  server.RaftServerConfigKeys (ConfUtils.java:logGet(46)) - raft.server.leaderelection.leader.step-down.wait-time = 10s (default)
2023-08-29 18:54:13,703 [35cfc858-a2b0-48ab-9c56-830891a3070f-groupManagement] INFO  server.RaftServerConfigKeys (ConfUtils.java:logGet(46)) - raft.server.sleep.deviation.threshold = 300ms (default)
2023-08-29 18:54:13,703 [35cfc858-a2b0-48ab-9c56-830891a3070f-groupManagement] INFO  server.RaftServer$Division (ServerState.java:<init>(120)) - 35cfc858-a2b0-48ab-9c56-830891a3070f@group-2215BFF0CF76: ConfigurationManager, init=-1: peers:[01366e89-60c7-46c1-a96e-1a2337162bc6|rpc:10.1.0.239:15067|admin:10.1.0.239:15066|client:10.1.0.239:15065|dataStream:10.1.0.239:15068|priority:0|startupRole:FOLLOWER, 9b50acff-382e-4523-ab74-6f7baa2ae53c|rpc:10.1.0.239:15076|admin:10.1.0.239:15075|client:10.1.0.239:15074|dataStream:10.1.0.239:15077|priority:1|startupRole:FOLLOWER, 35cfc858-a2b0-48ab-9c56-830891a3070f|rpc:10.1.0.239:15085|admin:10.1.0.239:15084|client:10.1.0.239:15083|dataStream:10.1.0.239:15086|priority:0|startupRole:FOLLOWER]|listeners:[], old=null, confs=<EMPTY_MAP>
2023-08-29 18:54:13,703 [35cfc858-a2b0-48ab-9c56-830891a3070f-groupManagement] INFO  server.RaftServerConfigKeys (ConfUtils.java:logGet(46)) - raft.server.storage.dir = [/home/runner/work/ozone/ozone/hadoop-ozone/integration-test/target/test-dir/MiniOzoneClusterImpl-05f3a914-8c49-4f9f-9f2f-4b041a8937a3/datanode-2/data/ratis] (custom)
2023-08-29 18:54:13,703 [35cfc858-a2b0-48ab-9c56-830891a3070f-groupManagement] INFO  server.RaftServerConfigKeys (ConfUtils.java:logGet(46)) - raft.server.log.corruption.policy = EXCEPTION (default)
2023-08-29 18:54:13,704 [35cfc858-a2b0-48ab-9c56-830891a3070f-groupManagement] INFO  server.RaftServerConfigKeys (ConfUtils.java:logGet(46)) - raft.server.storage.free-space.min = 0MB (=0) (default)
2023-08-29 18:54:13,704 [35cfc858-a2b0-48ab-9c56-830891a3070f-groupManagement] INFO  server.RaftServerConfigKeys (ConfUtils.java:logGet(46)) - raft.server.notification.no-leader.timeout = 300s (custom)
2023-08-29 18:54:13,704 [35cfc858-a2b0-48ab-9c56-830891a3070f-groupManagement] INFO  server.RaftServerConfigKeys (ConfUtils.java:logGet(46)) - raft.server.read.timeout = 10s (default)
2023-08-29 18:54:13,704 [35cfc858-a2b0-48ab-9c56-830891a3070f-groupManagement] INFO  server.RaftServerConfigKeys (ConfUtils.java:logGet(46)) - raft.server.retrycache.expirytime = 600000ms (custom)
2023-08-29 18:54:13,704 [35cfc858-a2b0-48ab-9c56-830891a3070f-groupManagement] INFO  server.RaftServerConfigKeys (ConfUtils.java:logGet(46)) - raft.server.retrycache.statistics.expirytime = 100μs (default)
2023-08-29 18:54:13,704 [35cfc858-a2b0-48ab-9c56-830891a3070f-groupManagement] INFO  server.RaftServerConfigKeys (ConfUtils.java:logGet(46)) - raft.server.read.option = DEFAULT (default)
2023-08-29 18:54:13,704 [35cfc858-a2b0-48ab-9c56-830891a3070f-groupManagement] INFO  server.RaftServerConfigKeys (ConfUtils.java:logGet(46)) - raft.server.rpc.request.timeout = 60s (custom)
2023-08-29 18:54:13,704 [35cfc858-a2b0-48ab-9c56-830891a3070f-groupManagement] INFO  server.RaftServerConfigKeys (ConfUtils.java:logGet(46)) - raft.server.log.appender.install.snapshot.enabled = false (custom)
2023-08-29 18:54:13,705 [35cfc858-a2b0-48ab-9c56-830891a3070f-groupManagement] INFO  server.RaftServerConfigKeys (ConfUtils.java:logGet(46)) - raft.server.threadpool.server.cached = true (default)
2023-08-29 18:54:13,705 [35cfc858-a2b0-48ab-9c56-830891a3070f-groupManagement] INFO  server.RaftServerConfigKeys (ConfUtils.java:logGet(46)) - raft.server.threadpool.server.size = 0 (default)
2023-08-29 18:54:13,705 [35cfc858-a2b0-48ab-9c56-830891a3070f-groupManagement] INFO  server.RaftServerConfigKeys (ConfUtils.java:logGet(46)) - raft.server.threadpool.client.cached = true (default)
2023-08-29 18:54:13,705 [35cfc858-a2b0-48ab-9c56-830891a3070f-groupManagement] INFO  server.RaftServerConfigKeys (ConfUtils.java:logGet(46)) - raft.server.threadpool.client.size = 0 (default)
2023-08-29 18:54:13,705 [35cfc858-a2b0-48ab-9c56-830891a3070f-groupManagement] INFO  storage.RaftStorageDirectory (RaftStorageDirectoryImpl.java:analyzeStorage(137)) - The storage directory /home/runner/work/ozone/ozone/hadoop-ozone/integration-test/target/test-dir/MiniOzoneClusterImpl-05f3a914-8c49-4f9f-9f2f-4b041a8937a3/datanode-2/data/ratis/8cf0cd72-1108-407f-b359-2215bff0cf76 does not exist. Creating ...
2023-08-29 18:54:13,706 [35cfc858-a2b0-48ab-9c56-830891a3070f-groupManagement] INFO  storage.RaftStorageDirectory (RaftStorageDirectoryImpl.java:tryLock(231)) - Lock on /home/runner/work/ozone/ozone/hadoop-ozone/integration-test/target/test-dir/MiniOzoneClusterImpl-05f3a914-8c49-4f9f-9f2f-4b041a8937a3/datanode-2/data/ratis/8cf0cd72-1108-407f-b359-2215bff0cf76/in_use.lock acquired by nodename 61099@fv-az225-157
2023-08-29 18:54:13,707 [35cfc858-a2b0-48ab-9c56-830891a3070f-groupManagement] INFO  storage.RaftStorage (RaftStorageImpl.java:format(96)) - Storage directory /home/runner/work/ozone/ozone/hadoop-ozone/integration-test/target/test-dir/MiniOzoneClusterImpl-05f3a914-8c49-4f9f-9f2f-4b041a8937a3/datanode-2/data/ratis/8cf0cd72-1108-407f-b359-2215bff0cf76 has been successfully formatted.
2023-08-29 18:54:13,709 [35cfc858-a2b0-48ab-9c56-830891a3070f-groupManagement] INFO  ratis.ContainerStateMachine (ContainerStateMachine.java:loadSnapshot(262)) - group-2215BFF0CF76: The snapshot info is null. Setting the last applied indexto:(t:0, i:~)
2023-08-29 18:54:13,710 [35cfc858-a2b0-48ab-9c56-830891a3070f-groupManagement] INFO  server.RaftServerConfigKeys (ConfUtils.java:logGet(46)) - raft.server.log.use.memory = false (default)
2023-08-29 18:54:13,710 [35cfc858-a2b0-48ab-9c56-830891a3070f-groupManagement] INFO  server.RaftServerConfigKeys (ConfUtils.java:logGet(46)) - raft.server.log.purge.gap = 1000000 (custom)
2023-08-29 18:54:13,710 [35cfc858-a2b0-48ab-9c56-830891a3070f-groupManagement] INFO  server.RaftServerConfigKeys (ConfUtils.java:logGet(46)) - raft.server.log.appender.buffer.byte-limit = 33554432 (custom)
2023-08-29 18:54:13,710 [35cfc858-a2b0-48ab-9c56-830891a3070f-groupManagement] INFO  server.RaftServerConfigKeys (ConfUtils.java:logGet(46)) - raft.server.log.statemachine.data.read.timeout = 1000ms (default)
2023-08-29 18:54:13,710 [35cfc858-a2b0-48ab-9c56-830891a3070f-groupManagement] INFO  server.RaftServerConfigKeys (ConfUtils.java:logGet(46)) - raft.server.log.purge.preservation.log.num = 0 (default)
2023-08-29 18:54:13,710 [35cfc858-a2b0-48ab-9c56-830891a3070f-groupManagement] INFO  server.RaftServerConfigKeys (ConfUtils.java:logGet(46)) - raft.server.log.segment.size.max = 1048576 (custom)
2023-08-29 18:54:13,710 [35cfc858-a2b0-48ab-9c56-830891a3070f-groupManagement] INFO  server.RaftServerConfigKeys (ConfUtils.java:logGet(46)) - raft.server.log.segment.cache.num.max = 2 (custom)
2023-08-29 18:54:13,710 [35cfc858-a2b0-48ab-9c56-830891a3070f-groupManagement] INFO  server.RaftServerConfigKeys (ConfUtils.java:logGet(46)) - raft.server.log.segment.cache.size.max = 200MB (=209715200) (default)
2023-08-29 18:54:13,710 [35cfc858-a2b0-48ab-9c56-830891a3070f-groupManagement] INFO  server.RaftServerConfigKeys (ConfUtils.java:logGet(46)) - raft.server.log.appender.buffer.byte-limit = 33554432 (custom)
2023-08-29 18:54:13,710 [35cfc858-a2b0-48ab-9c56-830891a3070f-groupManagement] INFO  segmented.SegmentedRaftLogWorker (SegmentedRaftLogWorker.java:<init>(188)) - new 35cfc858-a2b0-48ab-9c56-830891a3070f@group-2215BFF0CF76-SegmentedRaftLogWorker for RaftStorageImpl:Storage Directory /home/runner/work/ozone/ozone/hadoop-ozone/integration-test/target/test-dir/MiniOzoneClusterImpl-05f3a914-8c49-4f9f-9f2f-4b041a8937a3/datanode-2/data/ratis/8cf0cd72-1108-407f-b359-2215bff0cf76
2023-08-29 18:54:13,710 [35cfc858-a2b0-48ab-9c56-830891a3070f-groupManagement] INFO  server.RaftServerConfigKeys (ConfUtils.java:logGet(46)) - raft.server.log.queue.byte-limit = 4294967296 (custom)
2023-08-29 18:54:13,710 [35cfc858-a2b0-48ab-9c56-830891a3070f-groupManagement] INFO  server.RaftServerConfigKeys (ConfUtils.java:logGet(46)) - raft.server.log.queue.element-limit = 1024 (custom)
2023-08-29 18:54:13,710 [35cfc858-a2b0-48ab-9c56-830891a3070f-groupManagement] INFO  server.RaftServerConfigKeys (ConfUtils.java:logGet(46)) - raft.server.log.segment.size.max = 1048576 (custom)
2023-08-29 18:54:13,711 [35cfc858-a2b0-48ab-9c56-830891a3070f-groupManagement] INFO  server.RaftServerConfigKeys (ConfUtils.java:logGet(46)) - raft.server.log.preallocated.size = 16384 (custom)
2023-08-29 18:54:13,712 [35cfc858-a2b0-48ab-9c56-830891a3070f-groupManagement] INFO  server.RaftServerConfigKeys (ConfUtils.java:logGet(46)) - raft.server.log.force.sync.num = 128 (default)
2023-08-29 18:54:13,712 [35cfc858-a2b0-48ab-9c56-830891a3070f-groupManagement] INFO  server.RaftServerConfigKeys (ConfUtils.java:logGet(46)) - raft.server.log.statemachine.data.sync = true (default)
2023-08-29 18:54:13,712 [35cfc858-a2b0-48ab-9c56-830891a3070f-groupManagement] INFO  server.RaftServerConfigKeys (ConfUtils.java:logGet(46)) - raft.server.log.statemachine.data.sync.timeout = 10s (default)
2023-08-29 18:54:13,712 [35cfc858-a2b0-48ab-9c56-830891a3070f-groupManagement] INFO  server.RaftServerConfigKeys (ConfUtils.java:logGet(46)) - raft.server.log.statemachine.data.sync.timeout.retry = -1 (default)
2023-08-29 18:54:13,712 [35cfc858-a2b0-48ab-9c56-830891a3070f-groupManagement] INFO  server.RaftServerConfigKeys (ConfUtils.java:logGet(46)) - raft.server.log.write.buffer.size = 1048576 (custom)
2023-08-29 18:54:13,714 [35cfc858-a2b0-48ab-9c56-830891a3070f-groupManagement] INFO  server.RaftServerConfigKeys (ConfUtils.java:logGet(46)) - raft.server.log.appender.buffer.byte-limit = 33554432 (custom)
2023-08-29 18:54:14,169 [35cfc858-a2b0-48ab-9c56-830891a3070f-groupManagement] INFO  server.RaftServerConfigKeys (ConfUtils.java:logGet(46)) - raft.server.log.unsafe-flush.enabled = false (default)
2023-08-29 18:54:14,170 [35cfc858-a2b0-48ab-9c56-830891a3070f-groupManagement] INFO  server.RaftServerConfigKeys (ConfUtils.java:logGet(46)) - raft.server.log.async-flush.enabled = false (default)
2023-08-29 18:54:14,170 [35cfc858-a2b0-48ab-9c56-830891a3070f-groupManagement] INFO  server.RaftServerConfigKeys (ConfUtils.java:logGet(46)) - raft.server.log.statemachine.data.caching.enabled = true (custom)
2023-08-29 18:54:14,170 [JvmPauseMonitor12] WARN  util.JvmPauseMonitor (JvmPauseMonitor.java:detectPause(124)) - JvmPauseMonitor-56262cb9-d4bb-4e4d-aa87-5a4e1fe7f493: Detected pause in JVM or host machine approximately 0.240s with 0.449s GC time.
GC pool 'PS MarkSweep' had collection(s): count=1 time=348ms
GC pool 'PS Scavenge' had collection(s): count=1 time=101ms
2023-08-29 18:54:14,170 [JvmPauseMonitor10] WARN  util.JvmPauseMonitor (JvmPauseMonitor.java:detectPause(124)) - JvmPauseMonitor-9b50acff-382e-4523-ab74-6f7baa2ae53c: Detected pause in JVM or host machine approximately 0.340s with 0.449s GC time.
GC pool 'PS MarkSweep' had collection(s): count=1 time=348ms
GC pool 'PS Scavenge' had collection(s): count=1 time=101ms
2023-08-29 18:54:14,170 [35cfc858-a2b0-48ab-9c56-830891a3070f-groupManagement] INFO  segmented.SegmentedRaftLogWorker (SegmentedRaftLogWorker.java:lambda$new$0(135)) - 35cfc858-a2b0-48ab-9c56-830891a3070f@group-2215BFF0CF76-SegmentedRaftLogWorker: flushIndex: setUnconditionally 0 -> -1
2023-08-29 18:54:14,170 [35cfc858-a2b0-48ab-9c56-830891a3070f-groupManagement] INFO  segmented.SegmentedRaftLogWorker (SegmentedRaftLogWorker.java:lambda$new$0(135)) - 35cfc858-a2b0-48ab-9c56-830891a3070f@group-2215BFF0CF76-SegmentedRaftLogWorker: safeCacheEvictIndex: setUnconditionally 0 -> -1
2023-08-29 18:54:14,170 [35cfc858-a2b0-48ab-9c56-830891a3070f-groupManagement] INFO  server.RaftServer$Division (RaftServerImpl.java:start(342)) - 35cfc858-a2b0-48ab-9c56-830891a3070f@group-2215BFF0CF76: start as a follower, conf=-1: peers:[01366e89-60c7-46c1-a96e-1a2337162bc6|rpc:10.1.0.239:15067|admin:10.1.0.239:15066|client:10.1.0.239:15065|dataStream:10.1.0.239:15068|priority:0|startupRole:FOLLOWER, 9b50acff-382e-4523-ab74-6f7baa2ae53c|rpc:10.1.0.239:15076|admin:10.1.0.239:15075|client:10.1.0.239:15074|dataStream:10.1.0.239:15077|priority:1|startupRole:FOLLOWER, 35cfc858-a2b0-48ab-9c56-830891a3070f|rpc:10.1.0.239:15085|admin:10.1.0.239:15084|client:10.1.0.239:15083|dataStream:10.1.0.239:15086|priority:0|startupRole:FOLLOWER]|listeners:[], old=null
2023-08-29 18:54:14,170 [35cfc858-a2b0-48ab-9c56-830891a3070f-groupManagement] INFO  server.RaftServer$Division (RaftServerImpl.java:setRole(329)) - 35cfc858-a2b0-48ab-9c56-830891a3070f@group-2215BFF0CF76: changes role from      null to FOLLOWER at term 0 for startAsFollower
2023-08-29 18:54:14,170 [35cfc858-a2b0-48ab-9c56-830891a3070f-groupManagement] INFO  impl.RoleInfo (RoleInfo.java:updateAndGet(139)) - 35cfc858-a2b0-48ab-9c56-830891a3070f: start 35cfc858-a2b0-48ab-9c56-830891a3070f@group-2215BFF0CF76-FollowerState
2023-08-29 18:54:14,170 [PipelineCommandHandlerThread-0] INFO  server.RaftServer (RaftServerProxy.java:addNew(98)) - 35cfc858-a2b0-48ab-9c56-830891a3070f: addNew group-0A7EAF65D047:[35cfc858-a2b0-48ab-9c56-830891a3070f|rpc:10.1.0.239:15085|admin:10.1.0.239:15084|client:10.1.0.239:15083|dataStream:10.1.0.239:15086|priority:1|startupRole:FOLLOWER] returns group-0A7EAF65D047:java.util.concurrent.CompletableFuture@7e4db36d[Not completed]
2023-08-29 18:54:14,171 [35cfc858-a2b0-48ab-9c56-830891a3070f-groupManagement] INFO  util.JmxRegister (JmxRegister.java:tryRegister(44)) - Successfully registered JMX Bean with object name Ratis:service=RaftServer,group=group-2215BFF0CF76,id=35cfc858-a2b0-48ab-9c56-830891a3070f
2023-08-29 18:54:14,171 [35cfc858-a2b0-48ab-9c56-830891a3070f-groupManagement] INFO  server.RaftServerConfigKeys (ConfUtils.java:logGet(46)) - raft.server.snapshot.auto.trigger.enabled = true (custom)
2023-08-29 18:54:14,171 [35cfc858-a2b0-48ab-9c56-830891a3070f-groupManagement] INFO  server.RaftServerConfigKeys (ConfUtils.java:logGet(46)) - raft.server.snapshot.auto.trigger.threshold = 10000 (custom)
2023-08-29 18:54:14,171 [35cfc858-a2b0-48ab-9c56-830891a3070f-groupManagement] INFO  server.RaftServerConfigKeys (ConfUtils.java:logGet(46)) - raft.server.snapshot.retention.file.num = 5 (custom)
2023-08-29 18:54:14,171 [35cfc858-a2b0-48ab-9c56-830891a3070f-groupManagement] INFO  server.RaftServerConfigKeys (ConfUtils.java:logGet(46)) - raft.server.log.purge.upto.snapshot.index = false (default)
2023-08-29 18:54:14,172 [35cfc858-a2b0-48ab-9c56-830891a3070f@group-2215BFF0CF76-FollowerState] INFO  server.RaftServerConfigKeys (ConfUtils.java:logFallback(53)) - raft.server.rpc.first-election.timeout.min = 5s (fallback to raft.server.rpc.timeout.min)
2023-08-29 18:54:14,172 [35cfc858-a2b0-48ab-9c56-830891a3070f@group-2215BFF0CF76-FollowerState] INFO  server.RaftServerConfigKeys (ConfUtils.java:logFallback(53)) - raft.server.rpc.first-election.timeout.max = 5200ms (fallback to raft.server.rpc.timeout.max)
2023-08-29 18:54:14,173 [35cfc858-a2b0-48ab-9c56-830891a3070f-groupManagement] INFO  server.RaftServer$Division (RaftServerImpl.java:<init>(198)) - 35cfc858-a2b0-48ab-9c56-830891a3070f: new RaftServerImpl for group-0A7EAF65D047:[35cfc858-a2b0-48ab-9c56-830891a3070f|rpc:10.1.0.239:15085|admin:10.1.0.239:15084|client:10.1.0.239:15083|dataStream:10.1.0.239:15086|priority:1|startupRole:FOLLOWER] with ContainerStateMachine:uninitialized
2023-08-29 18:54:14,173 [35cfc858-a2b0-48ab-9c56-830891a3070f-groupManagement] INFO  server.RaftServerConfigKeys (ConfUtils.java:logGet(46)) - raft.server.rpc.timeout.min = 5s (custom)
2023-08-29 18:54:14,173 [35cfc858-a2b0-48ab-9c56-830891a3070f-groupManagement] INFO  server.RaftServerConfigKeys (ConfUtils.java:logGet(46)) - raft.server.rpc.timeout.max = 5200ms (custom)
2023-08-29 18:54:14,173 [35cfc858-a2b0-48ab-9c56-830891a3070f-groupManagement] INFO  server.RaftServerConfigKeys (ConfUtils.java:logGet(46)) - raft.server.rpc.sleep.time = 25ms (default)
2023-08-29 18:54:14,173 [35cfc858-a2b0-48ab-9c56-830891a3070f-groupManagement] INFO  server.RaftServerConfigKeys (ConfUtils.java:logGet(46)) - raft.server.rpc.slowness.timeout = 300s (custom)
2023-08-29 18:54:14,174 [35cfc858-a2b0-48ab-9c56-830891a3070f-groupManagement] INFO  server.RaftServerConfigKeys (ConfUtils.java:logGet(46)) - raft.server.leaderelection.leader.step-down.wait-time = 10s (default)
2023-08-29 18:54:14,174 [35cfc858-a2b0-48ab-9c56-830891a3070f-groupManagement] INFO  server.RaftServerConfigKeys (ConfUtils.java:logGet(46)) - raft.server.sleep.deviation.threshold = 300ms (default)
2023-08-29 18:54:14,174 [35cfc858-a2b0-48ab-9c56-830891a3070f-groupManagement] INFO  server.RaftServer$Division (ServerState.java:<init>(120)) - 35cfc858-a2b0-48ab-9c56-830891a3070f@group-0A7EAF65D047: ConfigurationManager, init=-1: peers:[35cfc858-a2b0-48ab-9c56-830891a3070f|rpc:10.1.0.239:15085|admin:10.1.0.239:15084|client:10.1.0.239:15083|dataStream:10.1.0.239:15086|priority:1|startupRole:FOLLOWER]|listeners:[], old=null, confs=<EMPTY_MAP>
2023-08-29 18:54:14,174 [35cfc858-a2b0-48ab-9c56-830891a3070f-groupManagement] INFO  server.RaftServerConfigKeys (ConfUtils.java:logGet(46)) - raft.server.storage.dir = [/home/runner/work/ozone/ozone/hadoop-ozone/integration-test/target/test-dir/MiniOzoneClusterImpl-05f3a914-8c49-4f9f-9f2f-4b041a8937a3/datanode-2/data/ratis] (custom)
2023-08-29 18:54:14,174 [35cfc858-a2b0-48ab-9c56-830891a3070f-groupManagement] INFO  server.RaftServerConfigKeys (ConfUtils.java:logGet(46)) - raft.server.log.corruption.policy = EXCEPTION (default)
2023-08-29 18:54:14,174 [35cfc858-a2b0-48ab-9c56-830891a3070f-groupManagement] INFO  server.RaftServerConfigKeys (ConfUtils.java:logGet(46)) - raft.server.storage.free-space.min = 0MB (=0) (default)
2023-08-29 18:54:14,174 [35cfc858-a2b0-48ab-9c56-830891a3070f-groupManagement] INFO  server.RaftServerConfigKeys (ConfUtils.java:logGet(46)) - raft.server.notification.no-leader.timeout = 300s (custom)
2023-08-29 18:54:14,174 [35cfc858-a2b0-48ab-9c56-830891a3070f-groupManagement] INFO  server.RaftServerConfigKeys (ConfUtils.java:logGet(46)) - raft.server.read.timeout = 10s (default)
2023-08-29 18:54:14,174 [35cfc858-a2b0-48ab-9c56-830891a3070f-groupManagement] INFO  server.RaftServerConfigKeys (ConfUtils.java:logGet(46)) - raft.server.retrycache.expirytime = 600000ms (custom)
2023-08-29 18:54:14,174 [35cfc858-a2b0-48ab-9c56-830891a3070f-groupManagement] INFO  server.RaftServerConfigKeys (ConfUtils.java:logGet(46)) - raft.server.retrycache.statistics.expirytime = 100μs (default)
2023-08-29 18:54:14,174 [35cfc858-a2b0-48ab-9c56-830891a3070f-groupManagement] INFO  server.RaftServerConfigKeys (ConfUtils.java:logGet(46)) - raft.server.read.option = DEFAULT (default)
2023-08-29 18:54:14,175 [35cfc858-a2b0-48ab-9c56-830891a3070f-groupManagement] INFO  server.RaftServerConfigKeys (ConfUtils.java:logGet(46)) - raft.server.rpc.request.timeout = 60s (custom)
2023-08-29 18:54:14,175 [35cfc858-a2b0-48ab-9c56-830891a3070f-groupManagement] INFO  server.RaftServerConfigKeys (ConfUtils.java:logGet(46)) - raft.server.log.appender.install.snapshot.enabled = false (custom)
2023-08-29 18:54:14,175 [35cfc858-a2b0-48ab-9c56-830891a3070f-groupManagement] INFO  server.RaftServerConfigKeys (ConfUtils.java:logGet(46)) - raft.server.threadpool.server.cached = true (default)
2023-08-29 18:54:14,175 [35cfc858-a2b0-48ab-9c56-830891a3070f-groupManagement] INFO  server.RaftServerConfigKeys (ConfUtils.java:logGet(46)) - raft.server.threadpool.server.size = 0 (default)
2023-08-29 18:54:14,175 [35cfc858-a2b0-48ab-9c56-830891a3070f-groupManagement] INFO  server.RaftServerConfigKeys (ConfUtils.java:logGet(46)) - raft.server.threadpool.client.cached = true (default)
2023-08-29 18:54:14,175 [35cfc858-a2b0-48ab-9c56-830891a3070f-groupManagement] INFO  server.RaftServerConfigKeys (ConfUtils.java:logGet(46)) - raft.server.threadpool.client.size = 0 (default)
2023-08-29 18:54:14,175 [35cfc858-a2b0-48ab-9c56-830891a3070f-groupManagement] INFO  storage.RaftStorageDirectory (RaftStorageDirectoryImpl.java:analyzeStorage(137)) - The storage directory /home/runner/work/ozone/ozone/hadoop-ozone/integration-test/target/test-dir/MiniOzoneClusterImpl-05f3a914-8c49-4f9f-9f2f-4b041a8937a3/datanode-2/data/ratis/0594956b-ab6e-4b03-a748-0a7eaf65d047 does not exist. Creating ...
2023-08-29 18:54:14,177 [35cfc858-a2b0-48ab-9c56-830891a3070f-groupManagement] INFO  storage.RaftStorageDirectory (RaftStorageDirectoryImpl.java:tryLock(231)) - Lock on /home/runner/work/ozone/ozone/hadoop-ozone/integration-test/target/test-dir/MiniOzoneClusterImpl-05f3a914-8c49-4f9f-9f2f-4b041a8937a3/datanode-2/data/ratis/0594956b-ab6e-4b03-a748-0a7eaf65d047/in_use.lock acquired by nodename 61099@fv-az225-157
2023-08-29 18:54:14,188 [35cfc858-a2b0-48ab-9c56-830891a3070f-groupManagement] INFO  storage.RaftStorage (RaftStorageImpl.java:format(96)) - Storage directory /home/runner/work/ozone/ozone/hadoop-ozone/integration-test/target/test-dir/MiniOzoneClusterImpl-05f3a914-8c49-4f9f-9f2f-4b041a8937a3/datanode-2/data/ratis/0594956b-ab6e-4b03-a748-0a7eaf65d047 has been successfully formatted.
2023-08-29 18:54:14,189 [35cfc858-a2b0-48ab-9c56-830891a3070f-groupManagement] INFO  ratis.ContainerStateMachine (ContainerStateMachine.java:loadSnapshot(262)) - group-0A7EAF65D047: The snapshot info is null. Setting the last applied indexto:(t:0, i:~)
2023-08-29 18:54:14,189 [35cfc858-a2b0-48ab-9c56-830891a3070f-groupManagement] INFO  server.RaftServerConfigKeys (ConfUtils.java:logGet(46)) - raft.server.log.use.memory = false (default)
2023-08-29 18:54:14,189 [35cfc858-a2b0-48ab-9c56-830891a3070f-groupManagement] INFO  server.RaftServerConfigKeys (ConfUtils.java:logGet(46)) - raft.server.log.purge.gap = 1000000 (custom)
2023-08-29 18:54:14,189 [35cfc858-a2b0-48ab-9c56-830891a3070f-groupManagement] INFO  server.RaftServerConfigKeys (ConfUtils.java:logGet(46)) - raft.server.log.appender.buffer.byte-limit = 33554432 (custom)
2023-08-29 18:54:14,189 [35cfc858-a2b0-48ab-9c56-830891a3070f-groupManagement] INFO  server.RaftServerConfigKeys (ConfUtils.java:logGet(46)) - raft.server.log.statemachine.data.read.timeout = 1000ms (default)
2023-08-29 18:54:14,189 [35cfc858-a2b0-48ab-9c56-830891a3070f-groupManagement] INFO  server.RaftServerConfigKeys (ConfUtils.java:logGet(46)) - raft.server.log.purge.preservation.log.num = 0 (default)
2023-08-29 18:54:14,189 [35cfc858-a2b0-48ab-9c56-830891a3070f-groupManagement] INFO  server.RaftServerConfigKeys (ConfUtils.java:logGet(46)) - raft.server.log.segment.size.max = 1048576 (custom)
2023-08-29 18:54:14,189 [35cfc858-a2b0-48ab-9c56-830891a3070f-groupManagement] INFO  server.RaftServerConfigKeys (ConfUtils.java:logGet(46)) - raft.server.log.segment.cache.num.max = 2 (custom)
2023-08-29 18:54:14,189 [35cfc858-a2b0-48ab-9c56-830891a3070f-groupManagement] INFO  server.RaftServerConfigKeys (ConfUtils.java:logGet(46)) - raft.server.log.segment.cache.size.max = 200MB (=209715200) (default)
2023-08-29 18:54:14,189 [35cfc858-a2b0-48ab-9c56-830891a3070f-groupManagement] INFO  server.RaftServerConfigKeys (ConfUtils.java:logGet(46)) - raft.server.log.appender.buffer.byte-limit = 33554432 (custom)
2023-08-29 18:54:14,189 [35cfc858-a2b0-48ab-9c56-830891a3070f-groupManagement] INFO  segmented.SegmentedRaftLogWorker (SegmentedRaftLogWorker.java:<init>(188)) - new 35cfc858-a2b0-48ab-9c56-830891a3070f@group-0A7EAF65D047-SegmentedRaftLogWorker for RaftStorageImpl:Storage Directory /home/runner/work/ozone/ozone/hadoop-ozone/integration-test/target/test-dir/MiniOzoneClusterImpl-05f3a914-8c49-4f9f-9f2f-4b041a8937a3/datanode-2/data/ratis/0594956b-ab6e-4b03-a748-0a7eaf65d047
2023-08-29 18:54:14,189 [35cfc858-a2b0-48ab-9c56-830891a3070f-groupManagement] INFO  server.RaftServerConfigKeys (ConfUtils.java:logGet(46)) - raft.server.log.queue.byte-limit = 4294967296 (custom)
2023-08-29 18:54:14,189 [35cfc858-a2b0-48ab-9c56-830891a3070f-groupManagement] INFO  server.RaftServerConfigKeys (ConfUtils.java:logGet(46)) - raft.server.log.queue.element-limit = 1024 (custom)
2023-08-29 18:54:14,189 [35cfc858-a2b0-48ab-9c56-830891a3070f-groupManagement] INFO  server.RaftServerConfigKeys (ConfUtils.java:logGet(46)) - raft.server.log.segment.size.max = 1048576 (custom)
2023-08-29 18:54:14,190 [35cfc858-a2b0-48ab-9c56-830891a3070f-groupManagement] INFO  server.RaftServerConfigKeys (ConfUtils.java:logGet(46)) - raft.server.log.preallocated.size = 16384 (custom)
2023-08-29 18:54:14,190 [35cfc858-a2b0-48ab-9c56-830891a3070f-groupManagement] INFO  server.RaftServerConfigKeys (ConfUtils.java:logGet(46)) - raft.server.log.force.sync.num = 128 (default)
2023-08-29 18:54:14,190 [35cfc858-a2b0-48ab-9c56-830891a3070f-groupManagement] INFO  server.RaftServerConfigKeys (ConfUtils.java:logGet(46)) - raft.server.log.statemachine.data.sync = true (default)
2023-08-29 18:54:14,190 [35cfc858-a2b0-48ab-9c56-830891a3070f-groupManagement] INFO  server.RaftServerConfigKeys (ConfUtils.java:logGet(46)) - raft.server.log.statemachine.data.sync.timeout = 10s (default)
2023-08-29 18:54:14,190 [35cfc858-a2b0-48ab-9c56-830891a3070f-groupManagement] INFO  server.RaftServerConfigKeys (ConfUtils.java:logGet(46)) - raft.server.log.statemachine.data.sync.timeout.retry = -1 (default)
2023-08-29 18:54:14,190 [35cfc858-a2b0-48ab-9c56-830891a3070f-groupManagement] INFO  server.RaftServerConfigKeys (ConfUtils.java:logGet(46)) - raft.server.log.write.buffer.size = 1048576 (custom)
2023-08-29 18:54:14,191 [35cfc858-a2b0-48ab-9c56-830891a3070f-groupManagement] INFO  server.RaftServerConfigKeys (ConfUtils.java:logGet(46)) - raft.server.log.appender.buffer.byte-limit = 33554432 (custom)
2023-08-29 18:54:14,195 [9b50acff-382e-4523-ab74-6f7baa2ae53c-groupManagement] INFO  server.RaftServer$Division (RaftServerImpl.java:<init>(198)) - 9b50acff-382e-4523-ab74-6f7baa2ae53c: new RaftServerImpl for group-D1ED80FA1E75:[9b50acff-382e-4523-ab74-6f7baa2ae53c|rpc:10.1.0.239:15076|admin:10.1.0.239:15075|client:10.1.0.239:15074|dataStream:10.1.0.239:15077|priority:1|startupRole:FOLLOWER] with ContainerStateMachine:uninitialized
2023-08-29 18:54:14,196 [9b50acff-382e-4523-ab74-6f7baa2ae53c-groupManagement] INFO  server.RaftServerConfigKeys (ConfUtils.java:logGet(46)) - raft.server.rpc.timeout.min = 5s (custom)
2023-08-29 18:54:14,196 [9b50acff-382e-4523-ab74-6f7baa2ae53c-groupManagement] INFO  server.RaftServerConfigKeys (ConfUtils.java:logGet(46)) - raft.server.rpc.timeout.max = 5200ms (custom)
2023-08-29 18:54:14,196 [9b50acff-382e-4523-ab74-6f7baa2ae53c-groupManagement] INFO  server.RaftServerConfigKeys (ConfUtils.java:logGet(46)) - raft.server.rpc.sleep.time = 25ms (default)
2023-08-29 18:54:14,196 [9b50acff-382e-4523-ab74-6f7baa2ae53c-groupManagement] INFO  server.RaftServerConfigKeys (ConfUtils.java:logGet(46)) - raft.server.rpc.slowness.timeout = 300s (custom)
2023-08-29 18:54:14,196 [9b50acff-382e-4523-ab74-6f7baa2ae53c-groupManagement] INFO  server.RaftServerConfigKeys (ConfUtils.java:logGet(46)) - raft.server.leaderelection.leader.step-down.wait-time = 10s (default)
2023-08-29 18:54:14,196 [9b50acff-382e-4523-ab74-6f7baa2ae53c-groupManagement] INFO  server.RaftServerConfigKeys (ConfUtils.java:logGet(46)) - raft.server.sleep.deviation.threshold = 300ms (default)
2023-08-29 18:54:14,196 [9b50acff-382e-4523-ab74-6f7baa2ae53c-groupManagement] INFO  server.RaftServer$Division (ServerState.java:<init>(120)) - 9b50acff-382e-4523-ab74-6f7baa2ae53c@group-D1ED80FA1E75: ConfigurationManager, init=-1: peers:[9b50acff-382e-4523-ab74-6f7baa2ae53c|rpc:10.1.0.239:15076|admin:10.1.0.239:15075|client:10.1.0.239:15074|dataStream:10.1.0.239:15077|priority:1|startupRole:FOLLOWER]|listeners:[], old=null, confs=<EMPTY_MAP>
2023-08-29 18:54:14,197 [9b50acff-382e-4523-ab74-6f7baa2ae53c-groupManagement] INFO  server.RaftServerConfigKeys (ConfUtils.java:logGet(46)) - raft.server.storage.dir = [/home/runner/work/ozone/ozone/hadoop-ozone/integration-test/target/test-dir/MiniOzoneClusterImpl-05f3a914-8c49-4f9f-9f2f-4b041a8937a3/datanode-1/data/ratis] (custom)
2023-08-29 18:54:14,197 [9b50acff-382e-4523-ab74-6f7baa2ae53c-groupManagement] INFO  server.RaftServerConfigKeys (ConfUtils.java:logGet(46)) - raft.server.log.corruption.policy = EXCEPTION (default)
2023-08-29 18:54:14,197 [9b50acff-382e-4523-ab74-6f7baa2ae53c-groupManagement] INFO  server.RaftServerConfigKeys (ConfUtils.java:logGet(46)) - raft.server.storage.free-space.min = 0MB (=0) (default)
2023-08-29 18:54:14,197 [9b50acff-382e-4523-ab74-6f7baa2ae53c-groupManagement] INFO  server.RaftServerConfigKeys (ConfUtils.java:logGet(46)) - raft.server.notification.no-leader.timeout = 300s (custom)
2023-08-29 18:54:14,197 [9b50acff-382e-4523-ab74-6f7baa2ae53c-groupManagement] INFO  server.RaftServerConfigKeys (ConfUtils.java:logGet(46)) - raft.server.read.timeout = 10s (default)
2023-08-29 18:54:14,197 [9b50acff-382e-4523-ab74-6f7baa2ae53c-groupManagement] INFO  server.RaftServerConfigKeys (ConfUtils.java:logGet(46)) - raft.server.retrycache.expirytime = 600000ms (custom)
2023-08-29 18:54:14,197 [9b50acff-382e-4523-ab74-6f7baa2ae53c-groupManagement] INFO  server.RaftServerConfigKeys (ConfUtils.java:logGet(46)) - raft.server.retrycache.statistics.expirytime = 100μs (default)
2023-08-29 18:54:14,197 [9b50acff-382e-4523-ab74-6f7baa2ae53c-groupManagement] INFO  server.RaftServerConfigKeys (ConfUtils.java:logGet(46)) - raft.server.read.option = DEFAULT (default)
2023-08-29 18:54:14,197 [9b50acff-382e-4523-ab74-6f7baa2ae53c-groupManagement] INFO  server.RaftServerConfigKeys (ConfUtils.java:logGet(46)) - raft.server.rpc.request.timeout = 60s (custom)
2023-08-29 18:54:14,198 [9b50acff-382e-4523-ab74-6f7baa2ae53c-groupManagement] INFO  server.RaftServerConfigKeys (ConfUtils.java:logGet(46)) - raft.server.log.appender.install.snapshot.enabled = false (custom)
2023-08-29 18:54:14,198 [9b50acff-382e-4523-ab74-6f7baa2ae53c-groupManagement] INFO  server.RaftServerConfigKeys (ConfUtils.java:logGet(46)) - raft.server.threadpool.server.cached = true (default)
2023-08-29 18:54:14,198 [9b50acff-382e-4523-ab74-6f7baa2ae53c-groupManagement] INFO  server.RaftServerConfigKeys (ConfUtils.java:logGet(46)) - raft.server.threadpool.server.size = 0 (default)
2023-08-29 18:54:14,198 [9b50acff-382e-4523-ab74-6f7baa2ae53c-groupManagement] INFO  server.RaftServerConfigKeys (ConfUtils.java:logGet(46)) - raft.server.threadpool.client.cached = true (default)
2023-08-29 18:54:14,198 [9b50acff-382e-4523-ab74-6f7baa2ae53c-groupManagement] INFO  server.RaftServerConfigKeys (ConfUtils.java:logGet(46)) - raft.server.threadpool.client.size = 0 (default)
2023-08-29 18:54:14,191 [PipelineCommandHandlerThread-0] INFO  server.RaftServer (RaftServerProxy.java:addNew(98)) - 9b50acff-382e-4523-ab74-6f7baa2ae53c: addNew group-D1ED80FA1E75:[9b50acff-382e-4523-ab74-6f7baa2ae53c|rpc:10.1.0.239:15076|admin:10.1.0.239:15075|client:10.1.0.239:15074|dataStream:10.1.0.239:15077|priority:1|startupRole:FOLLOWER] returns group-D1ED80FA1E75:java.util.concurrent.CompletableFuture@287d8537[Not completed]
2023-08-29 18:54:14,198 [9b50acff-382e-4523-ab74-6f7baa2ae53c-groupManagement] INFO  storage.RaftStorageDirectory (RaftStorageDirectoryImpl.java:analyzeStorage(137)) - The storage directory /home/runner/work/ozone/ozone/hadoop-ozone/integration-test/target/test-dir/MiniOzoneClusterImpl-05f3a914-8c49-4f9f-9f2f-4b041a8937a3/datanode-1/data/ratis/936b924e-4c99-49ad-ac79-d1ed80fa1e75 does not exist. Creating ...
2023-08-29 18:54:14,199 [9b50acff-382e-4523-ab74-6f7baa2ae53c-groupManagement] INFO  storage.RaftStorageDirectory (RaftStorageDirectoryImpl.java:tryLock(231)) - Lock on /home/runner/work/ozone/ozone/hadoop-ozone/integration-test/target/test-dir/MiniOzoneClusterImpl-05f3a914-8c49-4f9f-9f2f-4b041a8937a3/datanode-1/data/ratis/936b924e-4c99-49ad-ac79-d1ed80fa1e75/in_use.lock acquired by nodename 61099@fv-az225-157
2023-08-29 18:54:14,200 [9b50acff-382e-4523-ab74-6f7baa2ae53c-groupManagement] INFO  storage.RaftStorage (RaftStorageImpl.java:format(96)) - Storage directory /home/runner/work/ozone/ozone/hadoop-ozone/integration-test/target/test-dir/MiniOzoneClusterImpl-05f3a914-8c49-4f9f-9f2f-4b041a8937a3/datanode-1/data/ratis/936b924e-4c99-49ad-ac79-d1ed80fa1e75 has been successfully formatted.
2023-08-29 18:54:14,208 [EventQueue-PipelineReportForPipelineReportHandler] INFO  pipeline.PipelineReportHandler (PipelineReportHandler.java:processPipelineReport(136)) - Opened pipeline PipelineID=0594956b-ab6e-4b03-a748-0a7eaf65d047
2023-08-29 18:54:14,208 [EventQueue-OpenPipelineForHealthyPipelineSafeModeRule] INFO  safemode.SCMSafeModeManager (HealthyPipelineSafeModeRule.java:process(137)) - SCM in safe mode. Healthy pipelines reported count is 0, required healthy pipeline reported count is 1
2023-08-29 18:54:14,208 [35cfc858-a2b0-48ab-9c56-830891a3070f-groupManagement] INFO  server.RaftServerConfigKeys (ConfUtils.java:logGet(46)) - raft.server.log.unsafe-flush.enabled = false (default)
2023-08-29 18:54:14,209 [35cfc858-a2b0-48ab-9c56-830891a3070f-groupManagement] INFO  server.RaftServerConfigKeys (ConfUtils.java:logGet(46)) - raft.server.log.async-flush.enabled = false (default)
2023-08-29 18:54:14,209 [35cfc858-a2b0-48ab-9c56-830891a3070f-groupManagement] INFO  server.RaftServerConfigKeys (ConfUtils.java:logGet(46)) - raft.server.log.statemachine.data.caching.enabled = true (custom)
2023-08-29 18:54:14,209 [35cfc858-a2b0-48ab-9c56-830891a3070f-groupManagement] INFO  segmented.SegmentedRaftLogWorker (SegmentedRaftLogWorker.java:lambda$new$0(135)) - 35cfc858-a2b0-48ab-9c56-830891a3070f@group-0A7EAF65D047-SegmentedRaftLogWorker: flushIndex: setUnconditionally 0 -> -1
2023-08-29 18:54:14,209 [35cfc858-a2b0-48ab-9c56-830891a3070f-groupManagement] INFO  segmented.SegmentedRaftLogWorker (SegmentedRaftLogWorker.java:lambda$new$0(135)) - 35cfc858-a2b0-48ab-9c56-830891a3070f@group-0A7EAF65D047-SegmentedRaftLogWorker: safeCacheEvictIndex: setUnconditionally 0 -> -1
2023-08-29 18:54:14,209 [35cfc858-a2b0-48ab-9c56-830891a3070f-groupManagement] INFO  server.RaftServer$Division (RaftServerImpl.java:start(342)) - 35cfc858-a2b0-48ab-9c56-830891a3070f@group-0A7EAF65D047: start as a follower, conf=-1: peers:[35cfc858-a2b0-48ab-9c56-830891a3070f|rpc:10.1.0.239:15085|admin:10.1.0.239:15084|client:10.1.0.239:15083|dataStream:10.1.0.239:15086|priority:1|startupRole:FOLLOWER]|listeners:[], old=null
2023-08-29 18:54:14,209 [35cfc858-a2b0-48ab-9c56-830891a3070f-groupManagement] INFO  server.RaftServer$Division (RaftServerImpl.java:setRole(329)) - 35cfc858-a2b0-48ab-9c56-830891a3070f@group-0A7EAF65D047: changes role from      null to FOLLOWER at term 0 for startAsFollower
2023-08-29 18:54:14,209 [35cfc858-a2b0-48ab-9c56-830891a3070f-groupManagement] INFO  impl.RoleInfo (RoleInfo.java:updateAndGet(139)) - 35cfc858-a2b0-48ab-9c56-830891a3070f: start 35cfc858-a2b0-48ab-9c56-830891a3070f@group-0A7EAF65D047-FollowerState
2023-08-29 18:54:14,210 [EventQueue-PipelineReportForPipelineReportHandler] INFO  pipeline.PipelineReportHandler (PipelineReportHandler.java:processPipelineReport(136)) - Opened pipeline PipelineID=936b924e-4c99-49ad-ac79-d1ed80fa1e75
2023-08-29 18:54:14,210 [EventQueue-OpenPipelineForHealthyPipelineSafeModeRule] INFO  safemode.SCMSafeModeManager (HealthyPipelineSafeModeRule.java:process(137)) - SCM in safe mode. Healthy pipelines reported count is 0, required healthy pipeline reported count is 1
2023-08-29 18:54:14,208 [9b50acff-382e-4523-ab74-6f7baa2ae53c-groupManagement] INFO  ratis.ContainerStateMachine (ContainerStateMachine.java:loadSnapshot(262)) - group-D1ED80FA1E75: The snapshot info is null. Setting the last applied indexto:(t:0, i:~)
2023-08-29 18:54:14,210 [9b50acff-382e-4523-ab74-6f7baa2ae53c-groupManagement] INFO  server.RaftServerConfigKeys (ConfUtils.java:logGet(46)) - raft.server.log.use.memory = false (default)
2023-08-29 18:54:14,210 [9b50acff-382e-4523-ab74-6f7baa2ae53c-groupManagement] INFO  server.RaftServerConfigKeys (ConfUtils.java:logGet(46)) - raft.server.log.purge.gap = 1000000 (custom)
2023-08-29 18:54:14,210 [9b50acff-382e-4523-ab74-6f7baa2ae53c-groupManagement] INFO  server.RaftServerConfigKeys (ConfUtils.java:logGet(46)) - raft.server.log.appender.buffer.byte-limit = 33554432 (custom)
2023-08-29 18:54:14,210 [9b50acff-382e-4523-ab74-6f7baa2ae53c-groupManagement] INFO  server.RaftServerConfigKeys (ConfUtils.java:logGet(46)) - raft.server.log.statemachine.data.read.timeout = 1000ms (default)
2023-08-29 18:54:14,210 [9b50acff-382e-4523-ab74-6f7baa2ae53c-groupManagement] INFO  server.RaftServerConfigKeys (ConfUtils.java:logGet(46)) - raft.server.log.purge.preservation.log.num = 0 (default)
2023-08-29 18:54:14,210 [9b50acff-382e-4523-ab74-6f7baa2ae53c-groupManagement] INFO  server.RaftServerConfigKeys (ConfUtils.java:logGet(46)) - raft.server.log.segment.size.max = 1048576 (custom)
2023-08-29 18:54:14,211 [9b50acff-382e-4523-ab74-6f7baa2ae53c-groupManagement] INFO  server.RaftServerConfigKeys (ConfUtils.java:logGet(46)) - raft.server.log.segment.cache.num.max = 2 (custom)
2023-08-29 18:54:14,211 [9b50acff-382e-4523-ab74-6f7baa2ae53c-groupManagement] INFO  server.RaftServerConfigKeys (ConfUtils.java:logGet(46)) - raft.server.log.segment.cache.size.max = 200MB (=209715200) (default)
2023-08-29 18:54:14,211 [9b50acff-382e-4523-ab74-6f7baa2ae53c-groupManagement] INFO  server.RaftServerConfigKeys (ConfUtils.java:logGet(46)) - raft.server.log.appender.buffer.byte-limit = 33554432 (custom)
2023-08-29 18:54:14,211 [9b50acff-382e-4523-ab74-6f7baa2ae53c-groupManagement] INFO  segmented.SegmentedRaftLogWorker (SegmentedRaftLogWorker.java:<init>(188)) - new 9b50acff-382e-4523-ab74-6f7baa2ae53c@group-D1ED80FA1E75-SegmentedRaftLogWorker for RaftStorageImpl:Storage Directory /home/runner/work/ozone/ozone/hadoop-ozone/integration-test/target/test-dir/MiniOzoneClusterImpl-05f3a914-8c49-4f9f-9f2f-4b041a8937a3/datanode-1/data/ratis/936b924e-4c99-49ad-ac79-d1ed80fa1e75
2023-08-29 18:54:14,211 [9b50acff-382e-4523-ab74-6f7baa2ae53c-groupManagement] INFO  server.RaftServerConfigKeys (ConfUtils.java:logGet(46)) - raft.server.log.queue.byte-limit = 4294967296 (custom)
2023-08-29 18:54:14,211 [9b50acff-382e-4523-ab74-6f7baa2ae53c-groupManagement] INFO  server.RaftServerConfigKeys (ConfUtils.java:logGet(46)) - raft.server.log.queue.element-limit = 1024 (custom)
2023-08-29 18:54:14,211 [9b50acff-382e-4523-ab74-6f7baa2ae53c-groupManagement] INFO  server.RaftServerConfigKeys (ConfUtils.java:logGet(46)) - raft.server.log.segment.size.max = 1048576 (custom)
2023-08-29 18:54:14,211 [PipelineCommandHandlerThread-0] INFO  commandhandler.CreatePipelineCommandHandler (CreatePipelineCommandHandler.java:lambda$handle$2(124)) - Created Pipeline RATIS THREE PipelineID=8cf0cd72-1108-407f-b359-2215bff0cf76.
2023-08-29 18:54:14,211 [9b50acff-382e-4523-ab74-6f7baa2ae53c-groupManagement] INFO  server.RaftServerConfigKeys (ConfUtils.java:logGet(46)) - raft.server.log.preallocated.size = 16384 (custom)
2023-08-29 18:54:14,211 [9b50acff-382e-4523-ab74-6f7baa2ae53c-groupManagement] INFO  server.RaftServerConfigKeys (ConfUtils.java:logGet(46)) - raft.server.log.force.sync.num = 128 (default)
2023-08-29 18:54:14,211 [9b50acff-382e-4523-ab74-6f7baa2ae53c-groupManagement] INFO  server.RaftServerConfigKeys (ConfUtils.java:logGet(46)) - raft.server.log.statemachine.data.sync = true (default)
2023-08-29 18:54:14,211 [9b50acff-382e-4523-ab74-6f7baa2ae53c-groupManagement] INFO  server.RaftServerConfigKeys (ConfUtils.java:logGet(46)) - raft.server.log.statemachine.data.sync.timeout = 10s (default)
2023-08-29 18:54:14,211 [9b50acff-382e-4523-ab74-6f7baa2ae53c-groupManagement] INFO  server.RaftServerConfigKeys (ConfUtils.java:logGet(46)) - raft.server.log.statemachine.data.sync.timeout.retry = -1 (default)
2023-08-29 18:54:14,212 [9b50acff-382e-4523-ab74-6f7baa2ae53c-groupManagement] INFO  server.RaftServerConfigKeys (ConfUtils.java:logGet(46)) - raft.server.log.write.buffer.size = 1048576 (custom)
2023-08-29 18:54:14,213 [9b50acff-382e-4523-ab74-6f7baa2ae53c-groupManagement] INFO  server.RaftServerConfigKeys (ConfUtils.java:logGet(46)) - raft.server.log.appender.buffer.byte-limit = 33554432 (custom)
2023-08-29 18:54:14,218 [9b50acff-382e-4523-ab74-6f7baa2ae53c-groupManagement] INFO  server.RaftServerConfigKeys (ConfUtils.java:logGet(46)) - raft.server.log.unsafe-flush.enabled = false (default)
2023-08-29 18:54:14,218 [9b50acff-382e-4523-ab74-6f7baa2ae53c-groupManagement] INFO  server.RaftServerConfigKeys (ConfUtils.java:logGet(46)) - raft.server.log.async-flush.enabled = false (default)
2023-08-29 18:54:14,218 [9b50acff-382e-4523-ab74-6f7baa2ae53c-groupManagement] INFO  server.RaftServerConfigKeys (ConfUtils.java:logGet(46)) - raft.server.log.statemachine.data.caching.enabled = true (custom)
2023-08-29 18:54:14,218 [9b50acff-382e-4523-ab74-6f7baa2ae53c-groupManagement] INFO  segmented.SegmentedRaftLogWorker (SegmentedRaftLogWorker.java:lambda$new$0(135)) - 9b50acff-382e-4523-ab74-6f7baa2ae53c@group-D1ED80FA1E75-SegmentedRaftLogWorker: flushIndex: setUnconditionally 0 -> -1
2023-08-29 18:54:14,218 [9b50acff-382e-4523-ab74-6f7baa2ae53c-groupManagement] INFO  segmented.SegmentedRaftLogWorker (SegmentedRaftLogWorker.java:lambda$new$0(135)) - 9b50acff-382e-4523-ab74-6f7baa2ae53c@group-D1ED80FA1E75-SegmentedRaftLogWorker: safeCacheEvictIndex: setUnconditionally 0 -> -1
2023-08-29 18:54:14,221 [35cfc858-a2b0-48ab-9c56-830891a3070f-groupManagement] INFO  util.JmxRegister (JmxRegister.java:tryRegister(44)) - Successfully registered JMX Bean with object name Ratis:service=RaftServer,group=group-0A7EAF65D047,id=35cfc858-a2b0-48ab-9c56-830891a3070f
2023-08-29 18:54:14,221 [35cfc858-a2b0-48ab-9c56-830891a3070f-groupManagement] INFO  server.RaftServerConfigKeys (ConfUtils.java:logGet(46)) - raft.server.snapshot.auto.trigger.enabled = true (custom)
2023-08-29 18:54:14,221 [35cfc858-a2b0-48ab-9c56-830891a3070f-groupManagement] INFO  server.RaftServerConfigKeys (ConfUtils.java:logGet(46)) - raft.server.snapshot.auto.trigger.threshold = 10000 (custom)
2023-08-29 18:54:14,221 [35cfc858-a2b0-48ab-9c56-830891a3070f-groupManagement] INFO  server.RaftServerConfigKeys (ConfUtils.java:logGet(46)) - raft.server.snapshot.retention.file.num = 5 (custom)
2023-08-29 18:54:14,221 [35cfc858-a2b0-48ab-9c56-830891a3070f-groupManagement] INFO  server.RaftServerConfigKeys (ConfUtils.java:logGet(46)) - raft.server.log.purge.upto.snapshot.index = false (default)
2023-08-29 18:54:14,221 [9b50acff-382e-4523-ab74-6f7baa2ae53c-groupManagement] INFO  server.RaftServer$Division (RaftServerImpl.java:start(342)) - 9b50acff-382e-4523-ab74-6f7baa2ae53c@group-D1ED80FA1E75: start as a follower, conf=-1: peers:[9b50acff-382e-4523-ab74-6f7baa2ae53c|rpc:10.1.0.239:15076|admin:10.1.0.239:15075|client:10.1.0.239:15074|dataStream:10.1.0.239:15077|priority:1|startupRole:FOLLOWER]|listeners:[], old=null
2023-08-29 18:54:14,221 [9b50acff-382e-4523-ab74-6f7baa2ae53c-groupManagement] INFO  server.RaftServer$Division (RaftServerImpl.java:setRole(329)) - 9b50acff-382e-4523-ab74-6f7baa2ae53c@group-D1ED80FA1E75: changes role from      null to FOLLOWER at term 0 for startAsFollower
2023-08-29 18:54:14,221 [9b50acff-382e-4523-ab74-6f7baa2ae53c-groupManagement] INFO  impl.RoleInfo (RoleInfo.java:updateAndGet(139)) - 9b50acff-382e-4523-ab74-6f7baa2ae53c: start 9b50acff-382e-4523-ab74-6f7baa2ae53c@group-D1ED80FA1E75-FollowerState
2023-08-29 18:54:14,223 [9b50acff-382e-4523-ab74-6f7baa2ae53c-groupManagement] INFO  util.JmxRegister (JmxRegister.java:tryRegister(44)) - Successfully registered JMX Bean with object name Ratis:service=RaftServer,group=group-D1ED80FA1E75,id=9b50acff-382e-4523-ab74-6f7baa2ae53c
2023-08-29 18:54:14,223 [9b50acff-382e-4523-ab74-6f7baa2ae53c@group-D1ED80FA1E75-FollowerState] INFO  server.RaftServerConfigKeys (ConfUtils.java:logFallback(53)) - raft.server.rpc.first-election.timeout.min = 5s (fallback to raft.server.rpc.timeout.min)
2023-08-29 18:54:14,223 [9b50acff-382e-4523-ab74-6f7baa2ae53c@group-D1ED80FA1E75-FollowerState] INFO  server.RaftServerConfigKeys (ConfUtils.java:logFallback(53)) - raft.server.rpc.first-election.timeout.max = 5200ms (fallback to raft.server.rpc.timeout.max)
2023-08-29 18:54:14,223 [35cfc858-a2b0-48ab-9c56-830891a3070f@group-0A7EAF65D047-FollowerState] INFO  server.RaftServerConfigKeys (ConfUtils.java:logFallback(53)) - raft.server.rpc.first-election.timeout.min = 5s (fallback to raft.server.rpc.timeout.min)
2023-08-29 18:54:14,223 [35cfc858-a2b0-48ab-9c56-830891a3070f@group-0A7EAF65D047-FollowerState] INFO  server.RaftServerConfigKeys (ConfUtils.java:logFallback(53)) - raft.server.rpc.first-election.timeout.max = 5200ms (fallback to raft.server.rpc.timeout.max)
2023-08-29 18:54:14,223 [9b50acff-382e-4523-ab74-6f7baa2ae53c-groupManagement] INFO  server.RaftServerConfigKeys (ConfUtils.java:logGet(46)) - raft.server.snapshot.auto.trigger.enabled = true (custom)
2023-08-29 18:54:14,223 [9b50acff-382e-4523-ab74-6f7baa2ae53c-groupManagement] INFO  server.RaftServerConfigKeys (ConfUtils.java:logGet(46)) - raft.server.snapshot.auto.trigger.threshold = 10000 (custom)
2023-08-29 18:54:14,223 [9b50acff-382e-4523-ab74-6f7baa2ae53c-groupManagement] INFO  server.RaftServerConfigKeys (ConfUtils.java:logGet(46)) - raft.server.snapshot.retention.file.num = 5 (custom)
2023-08-29 18:54:14,223 [9b50acff-382e-4523-ab74-6f7baa2ae53c-groupManagement] INFO  server.RaftServerConfigKeys (ConfUtils.java:logGet(46)) - raft.server.log.purge.upto.snapshot.index = false (default)
2023-08-29 18:54:14,223 [PipelineCommandHandlerThread-0] INFO  ratis.XceiverServerRatis (XceiverServerRatis.java:addGroup(804)) - Created group PipelineID=0594956b-ab6e-4b03-a748-0a7eaf65d047
2023-08-29 18:54:14,223 [PipelineCommandHandlerThread-0] INFO  commandhandler.CreatePipelineCommandHandler (CreatePipelineCommandHandler.java:lambda$handle$2(124)) - Created Pipeline RATIS ONE PipelineID=0594956b-ab6e-4b03-a748-0a7eaf65d047.
2023-08-29 18:54:14,224 [PipelineCommandHandlerThread-0] INFO  ratis.XceiverServerRatis (XceiverServerRatis.java:addGroup(804)) - Created group PipelineID=936b924e-4c99-49ad-ac79-d1ed80fa1e75
2023-08-29 18:54:14,224 [PipelineCommandHandlerThread-0] INFO  commandhandler.CreatePipelineCommandHandler (CreatePipelineCommandHandler.java:lambda$handle$2(124)) - Created Pipeline RATIS ONE PipelineID=936b924e-4c99-49ad-ac79-d1ed80fa1e75.
2023-08-29 18:54:14,390 [PipelineCommandHandlerThread-0] INFO  server.RaftServer (RaftServerProxy.java:addNew(98)) - 56262cb9-d4bb-4e4d-aa87-5a4e1fe7f493: addNew group-644D6E733947:[56262cb9-d4bb-4e4d-aa87-5a4e1fe7f493|rpc:10.1.0.239:15094|admin:10.1.0.239:15093|client:10.1.0.239:15092|dataStream:10.1.0.239:15095|priority:1|startupRole:FOLLOWER] returns group-644D6E733947:java.util.concurrent.CompletableFuture@66ed82d3[Not completed]
2023-08-29 18:54:14,391 [56262cb9-d4bb-4e4d-aa87-5a4e1fe7f493-groupManagement] INFO  server.RaftServer$Division (RaftServerImpl.java:<init>(198)) - 56262cb9-d4bb-4e4d-aa87-5a4e1fe7f493: new RaftServerImpl for group-644D6E733947:[56262cb9-d4bb-4e4d-aa87-5a4e1fe7f493|rpc:10.1.0.239:15094|admin:10.1.0.239:15093|client:10.1.0.239:15092|dataStream:10.1.0.239:15095|priority:1|startupRole:FOLLOWER] with ContainerStateMachine:uninitialized
2023-08-29 18:54:14,391 [56262cb9-d4bb-4e4d-aa87-5a4e1fe7f493-groupManagement] INFO  server.RaftServerConfigKeys (ConfUtils.java:logGet(46)) - raft.server.rpc.timeout.min = 5s (custom)
2023-08-29 18:54:14,391 [56262cb9-d4bb-4e4d-aa87-5a4e1fe7f493-groupManagement] INFO  server.RaftServerConfigKeys (ConfUtils.java:logGet(46)) - raft.server.rpc.timeout.max = 5200ms (custom)
2023-08-29 18:54:14,391 [56262cb9-d4bb-4e4d-aa87-5a4e1fe7f493-groupManagement] INFO  server.RaftServerConfigKeys (ConfUtils.java:logGet(46)) - raft.server.rpc.sleep.time = 25ms (default)
2023-08-29 18:54:14,391 [56262cb9-d4bb-4e4d-aa87-5a4e1fe7f493-groupManagement] INFO  server.RaftServerConfigKeys (ConfUtils.java:logGet(46)) - raft.server.rpc.slowness.timeout = 300s (custom)
2023-08-29 18:54:14,391 [56262cb9-d4bb-4e4d-aa87-5a4e1fe7f493-groupManagement] INFO  server.RaftServerConfigKeys (ConfUtils.java:logGet(46)) - raft.server.leaderelection.leader.step-down.wait-time = 10s (default)
2023-08-29 18:54:14,391 [56262cb9-d4bb-4e4d-aa87-5a4e1fe7f493-groupManagement] INFO  server.RaftServerConfigKeys (ConfUtils.java:logGet(46)) - raft.server.sleep.deviation.threshold = 300ms (default)
2023-08-29 18:54:14,391 [56262cb9-d4bb-4e4d-aa87-5a4e1fe7f493-groupManagement] INFO  server.RaftServer$Division (ServerState.java:<init>(120)) - 56262cb9-d4bb-4e4d-aa87-5a4e1fe7f493@group-644D6E733947: ConfigurationManager, init=-1: peers:[56262cb9-d4bb-4e4d-aa87-5a4e1fe7f493|rpc:10.1.0.239:15094|admin:10.1.0.239:15093|client:10.1.0.239:15092|dataStream:10.1.0.239:15095|priority:1|startupRole:FOLLOWER]|listeners:[], old=null, confs=<EMPTY_MAP>
2023-08-29 18:54:14,391 [56262cb9-d4bb-4e4d-aa87-5a4e1fe7f493-groupManagement] INFO  server.RaftServerConfigKeys (ConfUtils.java:logGet(46)) - raft.server.storage.dir = [/home/runner/work/ozone/ozone/hadoop-ozone/integration-test/target/test-dir/MiniOzoneClusterImpl-05f3a914-8c49-4f9f-9f2f-4b041a8937a3/datanode-3/data/ratis] (custom)
2023-08-29 18:54:14,391 [56262cb9-d4bb-4e4d-aa87-5a4e1fe7f493-groupManagement] INFO  server.RaftServerConfigKeys (ConfUtils.java:logGet(46)) - raft.server.log.corruption.policy = EXCEPTION (default)
2023-08-29 18:54:14,392 [56262cb9-d4bb-4e4d-aa87-5a4e1fe7f493-groupManagement] INFO  server.RaftServerConfigKeys (ConfUtils.java:logGet(46)) - raft.server.storage.free-space.min = 0MB (=0) (default)
2023-08-29 18:54:14,392 [56262cb9-d4bb-4e4d-aa87-5a4e1fe7f493-groupManagement] INFO  server.RaftServerConfigKeys (ConfUtils.java:logGet(46)) - raft.server.notification.no-leader.timeout = 300s (custom)
2023-08-29 18:54:14,392 [56262cb9-d4bb-4e4d-aa87-5a4e1fe7f493-groupManagement] INFO  server.RaftServerConfigKeys (ConfUtils.java:logGet(46)) - raft.server.read.timeout = 10s (default)
2023-08-29 18:54:14,392 [56262cb9-d4bb-4e4d-aa87-5a4e1fe7f493-groupManagement] INFO  server.RaftServerConfigKeys (ConfUtils.java:logGet(46)) - raft.server.retrycache.expirytime = 600000ms (custom)
2023-08-29 18:54:14,394 [56262cb9-d4bb-4e4d-aa87-5a4e1fe7f493-groupManagement] INFO  server.RaftServerConfigKeys (ConfUtils.java:logGet(46)) - raft.server.retrycache.statistics.expirytime = 100μs (default)
2023-08-29 18:54:14,394 [56262cb9-d4bb-4e4d-aa87-5a4e1fe7f493-groupManagement] INFO  server.RaftServerConfigKeys (ConfUtils.java:logGet(46)) - raft.server.read.option = DEFAULT (default)
2023-08-29 18:54:14,395 [56262cb9-d4bb-4e4d-aa87-5a4e1fe7f493-groupManagement] INFO  server.RaftServerConfigKeys (ConfUtils.java:logGet(46)) - raft.server.rpc.request.timeout = 60s (custom)
2023-08-29 18:54:14,395 [56262cb9-d4bb-4e4d-aa87-5a4e1fe7f493-groupManagement] INFO  server.RaftServerConfigKeys (ConfUtils.java:logGet(46)) - raft.server.log.appender.install.snapshot.enabled = false (custom)
2023-08-29 18:54:14,395 [56262cb9-d4bb-4e4d-aa87-5a4e1fe7f493-groupManagement] INFO  server.RaftServerConfigKeys (ConfUtils.java:logGet(46)) - raft.server.threadpool.server.cached = true (default)
2023-08-29 18:54:14,395 [56262cb9-d4bb-4e4d-aa87-5a4e1fe7f493-groupManagement] INFO  server.RaftServerConfigKeys (ConfUtils.java:logGet(46)) - raft.server.threadpool.server.size = 0 (default)
2023-08-29 18:54:14,395 [56262cb9-d4bb-4e4d-aa87-5a4e1fe7f493-groupManagement] INFO  server.RaftServerConfigKeys (ConfUtils.java:logGet(46)) - raft.server.threadpool.client.cached = true (default)
2023-08-29 18:54:14,395 [56262cb9-d4bb-4e4d-aa87-5a4e1fe7f493-groupManagement] INFO  server.RaftServerConfigKeys (ConfUtils.java:logGet(46)) - raft.server.threadpool.client.size = 0 (default)
2023-08-29 18:54:14,396 [56262cb9-d4bb-4e4d-aa87-5a4e1fe7f493-groupManagement] INFO  storage.RaftStorageDirectory (RaftStorageDirectoryImpl.java:analyzeStorage(137)) - The storage directory /home/runner/work/ozone/ozone/hadoop-ozone/integration-test/target/test-dir/MiniOzoneClusterImpl-05f3a914-8c49-4f9f-9f2f-4b041a8937a3/datanode-3/data/ratis/2b0f8cd8-8389-4bcc-83d3-644d6e733947 does not exist. Creating ...
2023-08-29 18:54:14,401 [56262cb9-d4bb-4e4d-aa87-5a4e1fe7f493-groupManagement] INFO  storage.RaftStorageDirectory (RaftStorageDirectoryImpl.java:tryLock(231)) - Lock on /home/runner/work/ozone/ozone/hadoop-ozone/integration-test/target/test-dir/MiniOzoneClusterImpl-05f3a914-8c49-4f9f-9f2f-4b041a8937a3/datanode-3/data/ratis/2b0f8cd8-8389-4bcc-83d3-644d6e733947/in_use.lock acquired by nodename 61099@fv-az225-157
2023-08-29 18:54:14,402 [56262cb9-d4bb-4e4d-aa87-5a4e1fe7f493-groupManagement] INFO  storage.RaftStorage (RaftStorageImpl.java:format(96)) - Storage directory /home/runner/work/ozone/ozone/hadoop-ozone/integration-test/target/test-dir/MiniOzoneClusterImpl-05f3a914-8c49-4f9f-9f2f-4b041a8937a3/datanode-3/data/ratis/2b0f8cd8-8389-4bcc-83d3-644d6e733947 has been successfully formatted.
2023-08-29 18:54:14,403 [56262cb9-d4bb-4e4d-aa87-5a4e1fe7f493-groupManagement] INFO  ratis.ContainerStateMachine (ContainerStateMachine.java:loadSnapshot(262)) - group-644D6E733947: The snapshot info is null. Setting the last applied indexto:(t:0, i:~)
2023-08-29 18:54:14,403 [56262cb9-d4bb-4e4d-aa87-5a4e1fe7f493-groupManagement] INFO  server.RaftServerConfigKeys (ConfUtils.java:logGet(46)) - raft.server.log.use.memory = false (default)
2023-08-29 18:54:14,404 [EventQueue-PipelineReportForPipelineReportHandler] INFO  pipeline.PipelineReportHandler (PipelineReportHandler.java:processPipelineReport(136)) - Opened pipeline PipelineID=2b0f8cd8-8389-4bcc-83d3-644d6e733947
2023-08-29 18:54:14,404 [EventQueue-OpenPipelineForHealthyPipelineSafeModeRule] INFO  safemode.SCMSafeModeManager (HealthyPipelineSafeModeRule.java:process(137)) - SCM in safe mode. Healthy pipelines reported count is 0, required healthy pipeline reported count is 1
2023-08-29 18:54:14,404 [56262cb9-d4bb-4e4d-aa87-5a4e1fe7f493-groupManagement] INFO  server.RaftServerConfigKeys (ConfUtils.java:logGet(46)) - raft.server.log.purge.gap = 1000000 (custom)
2023-08-29 18:54:14,404 [56262cb9-d4bb-4e4d-aa87-5a4e1fe7f493-groupManagement] INFO  server.RaftServerConfigKeys (ConfUtils.java:logGet(46)) - raft.server.log.appender.buffer.byte-limit = 33554432 (custom)
2023-08-29 18:54:14,404 [56262cb9-d4bb-4e4d-aa87-5a4e1fe7f493-groupManagement] INFO  server.RaftServerConfigKeys (ConfUtils.java:logGet(46)) - raft.server.log.statemachine.data.read.timeout = 1000ms (default)
2023-08-29 18:54:14,404 [56262cb9-d4bb-4e4d-aa87-5a4e1fe7f493-groupManagement] INFO  server.RaftServerConfigKeys (ConfUtils.java:logGet(46)) - raft.server.log.purge.preservation.log.num = 0 (default)
2023-08-29 18:54:14,404 [56262cb9-d4bb-4e4d-aa87-5a4e1fe7f493-groupManagement] INFO  server.RaftServerConfigKeys (ConfUtils.java:logGet(46)) - raft.server.log.segment.size.max = 1048576 (custom)
2023-08-29 18:54:14,405 [56262cb9-d4bb-4e4d-aa87-5a4e1fe7f493-groupManagement] INFO  server.RaftServerConfigKeys (ConfUtils.java:logGet(46)) - raft.server.log.segment.cache.num.max = 2 (custom)
2023-08-29 18:54:14,405 [56262cb9-d4bb-4e4d-aa87-5a4e1fe7f493-groupManagement] INFO  server.RaftServerConfigKeys (ConfUtils.java:logGet(46)) - raft.server.log.segment.cache.size.max = 200MB (=209715200) (default)
2023-08-29 18:54:14,405 [56262cb9-d4bb-4e4d-aa87-5a4e1fe7f493-groupManagement] INFO  server.RaftServerConfigKeys (ConfUtils.java:logGet(46)) - raft.server.log.appender.buffer.byte-limit = 33554432 (custom)
2023-08-29 18:54:14,405 [56262cb9-d4bb-4e4d-aa87-5a4e1fe7f493-groupManagement] INFO  segmented.SegmentedRaftLogWorker (SegmentedRaftLogWorker.java:<init>(188)) - new 56262cb9-d4bb-4e4d-aa87-5a4e1fe7f493@group-644D6E733947-SegmentedRaftLogWorker for RaftStorageImpl:Storage Directory /home/runner/work/ozone/ozone/hadoop-ozone/integration-test/target/test-dir/MiniOzoneClusterImpl-05f3a914-8c49-4f9f-9f2f-4b041a8937a3/datanode-3/data/ratis/2b0f8cd8-8389-4bcc-83d3-644d6e733947
2023-08-29 18:54:14,405 [56262cb9-d4bb-4e4d-aa87-5a4e1fe7f493-groupManagement] INFO  server.RaftServerConfigKeys (ConfUtils.java:logGet(46)) - raft.server.log.queue.byte-limit = 4294967296 (custom)
2023-08-29 18:54:14,405 [56262cb9-d4bb-4e4d-aa87-5a4e1fe7f493-groupManagement] INFO  server.RaftServerConfigKeys (ConfUtils.java:logGet(46)) - raft.server.log.queue.element-limit = 1024 (custom)
2023-08-29 18:54:14,405 [56262cb9-d4bb-4e4d-aa87-5a4e1fe7f493-groupManagement] INFO  server.RaftServerConfigKeys (ConfUtils.java:logGet(46)) - raft.server.log.segment.size.max = 1048576 (custom)
2023-08-29 18:54:14,405 [56262cb9-d4bb-4e4d-aa87-5a4e1fe7f493-groupManagement] INFO  server.RaftServerConfigKeys (ConfUtils.java:logGet(46)) - raft.server.log.preallocated.size = 16384 (custom)
2023-08-29 18:54:14,405 [56262cb9-d4bb-4e4d-aa87-5a4e1fe7f493-groupManagement] INFO  server.RaftServerConfigKeys (ConfUtils.java:logGet(46)) - raft.server.log.force.sync.num = 128 (default)
2023-08-29 18:54:14,405 [56262cb9-d4bb-4e4d-aa87-5a4e1fe7f493-groupManagement] INFO  server.RaftServerConfigKeys (ConfUtils.java:logGet(46)) - raft.server.log.statemachine.data.sync = true (default)
2023-08-29 18:54:14,405 [56262cb9-d4bb-4e4d-aa87-5a4e1fe7f493-groupManagement] INFO  server.RaftServerConfigKeys (ConfUtils.java:logGet(46)) - raft.server.log.statemachine.data.sync.timeout = 10s (default)
2023-08-29 18:54:14,405 [56262cb9-d4bb-4e4d-aa87-5a4e1fe7f493-groupManagement] INFO  server.RaftServerConfigKeys (ConfUtils.java:logGet(46)) - raft.server.log.statemachine.data.sync.timeout.retry = -1 (default)
2023-08-29 18:54:14,407 [56262cb9-d4bb-4e4d-aa87-5a4e1fe7f493-groupManagement] INFO  server.RaftServerConfigKeys (ConfUtils.java:logGet(46)) - raft.server.log.write.buffer.size = 1048576 (custom)
2023-08-29 18:54:14,408 [56262cb9-d4bb-4e4d-aa87-5a4e1fe7f493-groupManagement] INFO  server.RaftServerConfigKeys (ConfUtils.java:logGet(46)) - raft.server.log.appender.buffer.byte-limit = 33554432 (custom)
2023-08-29 18:54:14,412 [56262cb9-d4bb-4e4d-aa87-5a4e1fe7f493-groupManagement] INFO  server.RaftServerConfigKeys (ConfUtils.java:logGet(46)) - raft.server.log.unsafe-flush.enabled = false (default)
2023-08-29 18:54:14,412 [56262cb9-d4bb-4e4d-aa87-5a4e1fe7f493-groupManagement] INFO  server.RaftServerConfigKeys (ConfUtils.java:logGet(46)) - raft.server.log.async-flush.enabled = false (default)
2023-08-29 18:54:14,412 [56262cb9-d4bb-4e4d-aa87-5a4e1fe7f493-groupManagement] INFO  server.RaftServerConfigKeys (ConfUtils.java:logGet(46)) - raft.server.log.statemachine.data.caching.enabled = true (custom)
2023-08-29 18:54:14,413 [56262cb9-d4bb-4e4d-aa87-5a4e1fe7f493-groupManagement] INFO  segmented.SegmentedRaftLogWorker (SegmentedRaftLogWorker.java:lambda$new$0(135)) - 56262cb9-d4bb-4e4d-aa87-5a4e1fe7f493@group-644D6E733947-SegmentedRaftLogWorker: flushIndex: setUnconditionally 0 -> -1
2023-08-29 18:54:14,413 [56262cb9-d4bb-4e4d-aa87-5a4e1fe7f493-groupManagement] INFO  segmented.SegmentedRaftLogWorker (SegmentedRaftLogWorker.java:lambda$new$0(135)) - 56262cb9-d4bb-4e4d-aa87-5a4e1fe7f493@group-644D6E733947-SegmentedRaftLogWorker: safeCacheEvictIndex: setUnconditionally 0 -> -1
2023-08-29 18:54:14,413 [56262cb9-d4bb-4e4d-aa87-5a4e1fe7f493-groupManagement] INFO  server.RaftServer$Division (RaftServerImpl.java:start(342)) - 56262cb9-d4bb-4e4d-aa87-5a4e1fe7f493@group-644D6E733947: start as a follower, conf=-1: peers:[56262cb9-d4bb-4e4d-aa87-5a4e1fe7f493|rpc:10.1.0.239:15094|admin:10.1.0.239:15093|client:10.1.0.239:15092|dataStream:10.1.0.239:15095|priority:1|startupRole:FOLLOWER]|listeners:[], old=null
2023-08-29 18:54:14,413 [56262cb9-d4bb-4e4d-aa87-5a4e1fe7f493-groupManagement] INFO  server.RaftServer$Division (RaftServerImpl.java:setRole(329)) - 56262cb9-d4bb-4e4d-aa87-5a4e1fe7f493@group-644D6E733947: changes role from      null to FOLLOWER at term 0 for startAsFollower
2023-08-29 18:54:14,413 [56262cb9-d4bb-4e4d-aa87-5a4e1fe7f493-groupManagement] INFO  impl.RoleInfo (RoleInfo.java:updateAndGet(139)) - 56262cb9-d4bb-4e4d-aa87-5a4e1fe7f493: start 56262cb9-d4bb-4e4d-aa87-5a4e1fe7f493@group-644D6E733947-FollowerState
2023-08-29 18:54:14,413 [56262cb9-d4bb-4e4d-aa87-5a4e1fe7f493@group-644D6E733947-FollowerState] INFO  server.RaftServerConfigKeys (ConfUtils.java:logFallback(53)) - raft.server.rpc.first-election.timeout.min = 5s (fallback to raft.server.rpc.timeout.min)
2023-08-29 18:54:14,413 [56262cb9-d4bb-4e4d-aa87-5a4e1fe7f493-groupManagement] INFO  util.JmxRegister (JmxRegister.java:tryRegister(44)) - Successfully registered JMX Bean with object name Ratis:service=RaftServer,group=group-644D6E733947,id=56262cb9-d4bb-4e4d-aa87-5a4e1fe7f493
2023-08-29 18:54:14,413 [56262cb9-d4bb-4e4d-aa87-5a4e1fe7f493@group-644D6E733947-FollowerState] INFO  server.RaftServerConfigKeys (ConfUtils.java:logFallback(53)) - raft.server.rpc.first-election.timeout.max = 5200ms (fallback to raft.server.rpc.timeout.max)
2023-08-29 18:54:14,413 [56262cb9-d4bb-4e4d-aa87-5a4e1fe7f493-groupManagement] INFO  server.RaftServerConfigKeys (ConfUtils.java:logGet(46)) - raft.server.snapshot.auto.trigger.enabled = true (custom)
2023-08-29 18:54:14,413 [56262cb9-d4bb-4e4d-aa87-5a4e1fe7f493-groupManagement] INFO  server.RaftServerConfigKeys (ConfUtils.java:logGet(46)) - raft.server.snapshot.auto.trigger.threshold = 10000 (custom)
2023-08-29 18:54:14,413 [56262cb9-d4bb-4e4d-aa87-5a4e1fe7f493-groupManagement] INFO  server.RaftServerConfigKeys (ConfUtils.java:logGet(46)) - raft.server.snapshot.retention.file.num = 5 (custom)
2023-08-29 18:54:14,414 [56262cb9-d4bb-4e4d-aa87-5a4e1fe7f493-groupManagement] INFO  server.RaftServerConfigKeys (ConfUtils.java:logGet(46)) - raft.server.log.purge.upto.snapshot.index = false (default)
2023-08-29 18:54:14,414 [PipelineCommandHandlerThread-0] INFO  ratis.XceiverServerRatis (XceiverServerRatis.java:addGroup(804)) - Created group PipelineID=2b0f8cd8-8389-4bcc-83d3-644d6e733947
2023-08-29 18:54:14,414 [PipelineCommandHandlerThread-0] INFO  commandhandler.CreatePipelineCommandHandler (CreatePipelineCommandHandler.java:lambda$handle$2(124)) - Created Pipeline RATIS ONE PipelineID=2b0f8cd8-8389-4bcc-83d3-644d6e733947.
2023-08-29 18:54:14,637 [PipelineCommandHandlerThread-0] INFO  server.RaftServer (RaftServerProxy.java:addNew(98)) - 6fd2df5d-7fa6-4dbe-8371-fb8b49d5e440: addNew group-9D4CA13841C7:[6fd2df5d-7fa6-4dbe-8371-fb8b49d5e440|rpc:10.1.0.239:15103|admin:10.1.0.239:15102|client:10.1.0.239:15101|dataStream:10.1.0.239:15104|priority:1|startupRole:FOLLOWER] returns group-9D4CA13841C7:java.util.concurrent.CompletableFuture@6fc82c11[Not completed]
2023-08-29 18:54:14,638 [6fd2df5d-7fa6-4dbe-8371-fb8b49d5e440-groupManagement] INFO  server.RaftServer$Division (RaftServerImpl.java:<init>(198)) - 6fd2df5d-7fa6-4dbe-8371-fb8b49d5e440: new RaftServerImpl for group-9D4CA13841C7:[6fd2df5d-7fa6-4dbe-8371-fb8b49d5e440|rpc:10.1.0.239:15103|admin:10.1.0.239:15102|client:10.1.0.239:15101|dataStream:10.1.0.239:15104|priority:1|startupRole:FOLLOWER] with ContainerStateMachine:uninitialized
2023-08-29 18:54:14,638 [6fd2df5d-7fa6-4dbe-8371-fb8b49d5e440-groupManagement] INFO  server.RaftServerConfigKeys (ConfUtils.java:logGet(46)) - raft.server.rpc.timeout.min = 5s (custom)
2023-08-29 18:54:14,638 [6fd2df5d-7fa6-4dbe-8371-fb8b49d5e440-groupManagement] INFO  server.RaftServerConfigKeys (ConfUtils.java:logGet(46)) - raft.server.rpc.timeout.max = 5200ms (custom)
2023-08-29 18:54:14,638 [6fd2df5d-7fa6-4dbe-8371-fb8b49d5e440-groupManagement] INFO  server.RaftServerConfigKeys (ConfUtils.java:logGet(46)) - raft.server.rpc.sleep.time = 25ms (default)
2023-08-29 18:54:14,638 [6fd2df5d-7fa6-4dbe-8371-fb8b49d5e440-groupManagement] INFO  server.RaftServerConfigKeys (ConfUtils.java:logGet(46)) - raft.server.rpc.slowness.timeout = 300s (custom)
2023-08-29 18:54:14,638 [6fd2df5d-7fa6-4dbe-8371-fb8b49d5e440-groupManagement] INFO  server.RaftServerConfigKeys (ConfUtils.java:logGet(46)) - raft.server.leaderelection.leader.step-down.wait-time = 10s (default)
2023-08-29 18:54:14,638 [6fd2df5d-7fa6-4dbe-8371-fb8b49d5e440-groupManagement] INFO  server.RaftServerConfigKeys (ConfUtils.java:logGet(46)) - raft.server.sleep.deviation.threshold = 300ms (default)
2023-08-29 18:54:14,638 [6fd2df5d-7fa6-4dbe-8371-fb8b49d5e440-groupManagement] INFO  server.RaftServer$Division (ServerState.java:<init>(120)) - 6fd2df5d-7fa6-4dbe-8371-fb8b49d5e440@group-9D4CA13841C7: ConfigurationManager, init=-1: peers:[6fd2df5d-7fa6-4dbe-8371-fb8b49d5e440|rpc:10.1.0.239:15103|admin:10.1.0.239:15102|client:10.1.0.239:15101|dataStream:10.1.0.239:15104|priority:1|startupRole:FOLLOWER]|listeners:[], old=null, confs=<EMPTY_MAP>
2023-08-29 18:54:14,639 [6fd2df5d-7fa6-4dbe-8371-fb8b49d5e440-groupManagement] INFO  server.RaftServerConfigKeys (ConfUtils.java:logGet(46)) - raft.server.storage.dir = [/home/runner/work/ozone/ozone/hadoop-ozone/integration-test/target/test-dir/MiniOzoneClusterImpl-05f3a914-8c49-4f9f-9f2f-4b041a8937a3/datanode-4/data/ratis] (custom)
2023-08-29 18:54:14,639 [6fd2df5d-7fa6-4dbe-8371-fb8b49d5e440-groupManagement] INFO  server.RaftServerConfigKeys (ConfUtils.java:logGet(46)) - raft.server.log.corruption.policy = EXCEPTION (default)
2023-08-29 18:54:14,639 [main] INFO  ozone.MiniOzoneClusterImpl (MiniOzoneClusterImpl.java:lambda$waitForClusterToBeReady$0(224)) - Nodes are ready. Got 5 of 5 DN Heartbeats.
2023-08-29 18:54:14,639 [main] INFO  ozone.MiniOzoneClusterImpl (MiniOzoneClusterImpl.java:lambda$waitForClusterToBeReady$0(227)) - Waiting for cluster to exit safe mode
2023-08-29 18:54:14,639 [main] INFO  ozone.MiniOzoneClusterImpl (MiniOzoneClusterImpl.java:lambda$waitForClusterToBeReady$0(229)) - SCM became leader
2023-08-29 18:54:14,639 [6fd2df5d-7fa6-4dbe-8371-fb8b49d5e440-groupManagement] INFO  server.RaftServerConfigKeys (ConfUtils.java:logGet(46)) - raft.server.storage.free-space.min = 0MB (=0) (default)
2023-08-29 18:54:14,639 [6fd2df5d-7fa6-4dbe-8371-fb8b49d5e440-groupManagement] INFO  server.RaftServerConfigKeys (ConfUtils.java:logGet(46)) - raft.server.notification.no-leader.timeout = 300s (custom)
2023-08-29 18:54:14,639 [6fd2df5d-7fa6-4dbe-8371-fb8b49d5e440-groupManagement] INFO  server.RaftServerConfigKeys (ConfUtils.java:logGet(46)) - raft.server.read.timeout = 10s (default)
2023-08-29 18:54:14,639 [6fd2df5d-7fa6-4dbe-8371-fb8b49d5e440-groupManagement] INFO  server.RaftServerConfigKeys (ConfUtils.java:logGet(46)) - raft.server.retrycache.expirytime = 600000ms (custom)
2023-08-29 18:54:14,639 [6fd2df5d-7fa6-4dbe-8371-fb8b49d5e440-groupManagement] INFO  server.RaftServerConfigKeys (ConfUtils.java:logGet(46)) - raft.server.retrycache.statistics.expirytime = 100μs (default)
2023-08-29 18:54:14,639 [6fd2df5d-7fa6-4dbe-8371-fb8b49d5e440-groupManagement] INFO  server.RaftServerConfigKeys (ConfUtils.java:logGet(46)) - raft.server.read.option = DEFAULT (default)
2023-08-29 18:54:14,640 [6fd2df5d-7fa6-4dbe-8371-fb8b49d5e440-groupManagement] INFO  server.RaftServerConfigKeys (ConfUtils.java:logGet(46)) - raft.server.rpc.request.timeout = 60s (custom)
2023-08-29 18:54:14,640 [6fd2df5d-7fa6-4dbe-8371-fb8b49d5e440-groupManagement] INFO  server.RaftServerConfigKeys (ConfUtils.java:logGet(46)) - raft.server.log.appender.install.snapshot.enabled = false (custom)
2023-08-29 18:54:14,640 [6fd2df5d-7fa6-4dbe-8371-fb8b49d5e440-groupManagement] INFO  server.RaftServerConfigKeys (ConfUtils.java:logGet(46)) - raft.server.threadpool.server.cached = true (default)
2023-08-29 18:54:14,640 [6fd2df5d-7fa6-4dbe-8371-fb8b49d5e440-groupManagement] INFO  server.RaftServerConfigKeys (ConfUtils.java:logGet(46)) - raft.server.threadpool.server.size = 0 (default)
2023-08-29 18:54:14,640 [6fd2df5d-7fa6-4dbe-8371-fb8b49d5e440-groupManagement] INFO  server.RaftServerConfigKeys (ConfUtils.java:logGet(46)) - raft.server.threadpool.client.cached = true (default)
2023-08-29 18:54:14,640 [6fd2df5d-7fa6-4dbe-8371-fb8b49d5e440-groupManagement] INFO  server.RaftServerConfigKeys (ConfUtils.java:logGet(46)) - raft.server.threadpool.client.size = 0 (default)
2023-08-29 18:54:14,640 [6fd2df5d-7fa6-4dbe-8371-fb8b49d5e440-groupManagement] INFO  storage.RaftStorageDirectory (RaftStorageDirectoryImpl.java:analyzeStorage(137)) - The storage directory /home/runner/work/ozone/ozone/hadoop-ozone/integration-test/target/test-dir/MiniOzoneClusterImpl-05f3a914-8c49-4f9f-9f2f-4b041a8937a3/datanode-4/data/ratis/aa02b79d-e6cd-4fcb-b601-9d4ca13841c7 does not exist. Creating ...
2023-08-29 18:54:14,641 [6fd2df5d-7fa6-4dbe-8371-fb8b49d5e440-groupManagement] INFO  storage.RaftStorageDirectory (RaftStorageDirectoryImpl.java:tryLock(231)) - Lock on /home/runner/work/ozone/ozone/hadoop-ozone/integration-test/target/test-dir/MiniOzoneClusterImpl-05f3a914-8c49-4f9f-9f2f-4b041a8937a3/datanode-4/data/ratis/aa02b79d-e6cd-4fcb-b601-9d4ca13841c7/in_use.lock acquired by nodename 61099@fv-az225-157
2023-08-29 18:54:14,642 [6fd2df5d-7fa6-4dbe-8371-fb8b49d5e440-groupManagement] INFO  storage.RaftStorage (RaftStorageImpl.java:format(96)) - Storage directory /home/runner/work/ozone/ozone/hadoop-ozone/integration-test/target/test-dir/MiniOzoneClusterImpl-05f3a914-8c49-4f9f-9f2f-4b041a8937a3/datanode-4/data/ratis/aa02b79d-e6cd-4fcb-b601-9d4ca13841c7 has been successfully formatted.
2023-08-29 18:54:14,644 [6fd2df5d-7fa6-4dbe-8371-fb8b49d5e440-groupManagement] INFO  ratis.ContainerStateMachine (ContainerStateMachine.java:loadSnapshot(262)) - group-9D4CA13841C7: The snapshot info is null. Setting the last applied indexto:(t:0, i:~)
2023-08-29 18:54:14,644 [6fd2df5d-7fa6-4dbe-8371-fb8b49d5e440-groupManagement] INFO  server.RaftServerConfigKeys (ConfUtils.java:logGet(46)) - raft.server.log.use.memory = false (default)
2023-08-29 18:54:14,644 [6fd2df5d-7fa6-4dbe-8371-fb8b49d5e440-groupManagement] INFO  server.RaftServerConfigKeys (ConfUtils.java:logGet(46)) - raft.server.log.purge.gap = 1000000 (custom)
2023-08-29 18:54:14,644 [6fd2df5d-7fa6-4dbe-8371-fb8b49d5e440-groupManagement] INFO  server.RaftServerConfigKeys (ConfUtils.java:logGet(46)) - raft.server.log.appender.buffer.byte-limit = 33554432 (custom)
2023-08-29 18:54:14,644 [6fd2df5d-7fa6-4dbe-8371-fb8b49d5e440-groupManagement] INFO  server.RaftServerConfigKeys (ConfUtils.java:logGet(46)) - raft.server.log.statemachine.data.read.timeout = 1000ms (default)
2023-08-29 18:54:14,644 [6fd2df5d-7fa6-4dbe-8371-fb8b49d5e440-groupManagement] INFO  server.RaftServerConfigKeys (ConfUtils.java:logGet(46)) - raft.server.log.purge.preservation.log.num = 0 (default)
2023-08-29 18:54:14,644 [6fd2df5d-7fa6-4dbe-8371-fb8b49d5e440-groupManagement] INFO  server.RaftServerConfigKeys (ConfUtils.java:logGet(46)) - raft.server.log.segment.size.max = 1048576 (custom)
2023-08-29 18:54:14,645 [6fd2df5d-7fa6-4dbe-8371-fb8b49d5e440-groupManagement] INFO  server.RaftServerConfigKeys (ConfUtils.java:logGet(46)) - raft.server.log.segment.cache.num.max = 2 (custom)
2023-08-29 18:54:14,645 [6fd2df5d-7fa6-4dbe-8371-fb8b49d5e440-groupManagement] INFO  server.RaftServerConfigKeys (ConfUtils.java:logGet(46)) - raft.server.log.segment.cache.size.max = 200MB (=209715200) (default)
2023-08-29 18:54:14,645 [6fd2df5d-7fa6-4dbe-8371-fb8b49d5e440-groupManagement] INFO  server.RaftServerConfigKeys (ConfUtils.java:logGet(46)) - raft.server.log.appender.buffer.byte-limit = 33554432 (custom)
2023-08-29 18:54:14,645 [6fd2df5d-7fa6-4dbe-8371-fb8b49d5e440-groupManagement] INFO  segmented.SegmentedRaftLogWorker (SegmentedRaftLogWorker.java:<init>(188)) - new 6fd2df5d-7fa6-4dbe-8371-fb8b49d5e440@group-9D4CA13841C7-SegmentedRaftLogWorker for RaftStorageImpl:Storage Directory /home/runner/work/ozone/ozone/hadoop-ozone/integration-test/target/test-dir/MiniOzoneClusterImpl-05f3a914-8c49-4f9f-9f2f-4b041a8937a3/datanode-4/data/ratis/aa02b79d-e6cd-4fcb-b601-9d4ca13841c7
2023-08-29 18:54:14,645 [6fd2df5d-7fa6-4dbe-8371-fb8b49d5e440-groupManagement] INFO  server.RaftServerConfigKeys (ConfUtils.java:logGet(46)) - raft.server.log.queue.byte-limit = 4294967296 (custom)
2023-08-29 18:54:14,645 [6fd2df5d-7fa6-4dbe-8371-fb8b49d5e440-groupManagement] INFO  server.RaftServerConfigKeys (ConfUtils.java:logGet(46)) - raft.server.log.queue.element-limit = 1024 (custom)
2023-08-29 18:54:14,645 [6fd2df5d-7fa6-4dbe-8371-fb8b49d5e440-groupManagement] INFO  server.RaftServerConfigKeys (ConfUtils.java:logGet(46)) - raft.server.log.segment.size.max = 1048576 (custom)
2023-08-29 18:54:14,645 [6fd2df5d-7fa6-4dbe-8371-fb8b49d5e440-groupManagement] INFO  server.RaftServerConfigKeys (ConfUtils.java:logGet(46)) - raft.server.log.preallocated.size = 16384 (custom)
2023-08-29 18:54:14,645 [6fd2df5d-7fa6-4dbe-8371-fb8b49d5e440-groupManagement] INFO  server.RaftServerConfigKeys (ConfUtils.java:logGet(46)) - raft.server.log.force.sync.num = 128 (default)
2023-08-29 18:54:14,645 [6fd2df5d-7fa6-4dbe-8371-fb8b49d5e440-groupManagement] INFO  server.RaftServerConfigKeys (ConfUtils.java:logGet(46)) - raft.server.log.statemachine.data.sync = true (default)
2023-08-29 18:54:14,645 [6fd2df5d-7fa6-4dbe-8371-fb8b49d5e440-groupManagement] INFO  server.RaftServerConfigKeys (ConfUtils.java:logGet(46)) - raft.server.log.statemachine.data.sync.timeout = 10s (default)
2023-08-29 18:54:14,645 [6fd2df5d-7fa6-4dbe-8371-fb8b49d5e440-groupManagement] INFO  server.RaftServerConfigKeys (ConfUtils.java:logGet(46)) - raft.server.log.statemachine.data.sync.timeout.retry = -1 (default)
2023-08-29 18:54:14,646 [6fd2df5d-7fa6-4dbe-8371-fb8b49d5e440-groupManagement] INFO  server.RaftServerConfigKeys (ConfUtils.java:logGet(46)) - raft.server.log.write.buffer.size = 1048576 (custom)
2023-08-29 18:54:14,645 [EventQueue-PipelineReportForPipelineReportHandler] INFO  pipeline.PipelineReportHandler (PipelineReportHandler.java:processPipelineReport(136)) - Opened pipeline PipelineID=aa02b79d-e6cd-4fcb-b601-9d4ca13841c7
2023-08-29 18:54:14,646 [EventQueue-OpenPipelineForHealthyPipelineSafeModeRule] INFO  safemode.SCMSafeModeManager (HealthyPipelineSafeModeRule.java:process(137)) - SCM in safe mode. Healthy pipelines reported count is 0, required healthy pipeline reported count is 1
2023-08-29 18:54:14,647 [6fd2df5d-7fa6-4dbe-8371-fb8b49d5e440-groupManagement] INFO  server.RaftServerConfigKeys (ConfUtils.java:logGet(46)) - raft.server.log.appender.buffer.byte-limit = 33554432 (custom)
2023-08-29 18:54:14,651 [6fd2df5d-7fa6-4dbe-8371-fb8b49d5e440-groupManagement] INFO  server.RaftServerConfigKeys (ConfUtils.java:logGet(46)) - raft.server.log.unsafe-flush.enabled = false (default)
2023-08-29 18:54:14,651 [6fd2df5d-7fa6-4dbe-8371-fb8b49d5e440-groupManagement] INFO  server.RaftServerConfigKeys (ConfUtils.java:logGet(46)) - raft.server.log.async-flush.enabled = false (default)
2023-08-29 18:54:14,652 [6fd2df5d-7fa6-4dbe-8371-fb8b49d5e440-groupManagement] INFO  server.RaftServerConfigKeys (ConfUtils.java:logGet(46)) - raft.server.log.statemachine.data.caching.enabled = true (custom)
2023-08-29 18:54:14,652 [6fd2df5d-7fa6-4dbe-8371-fb8b49d5e440-groupManagement] INFO  segmented.SegmentedRaftLogWorker (SegmentedRaftLogWorker.java:lambda$new$0(135)) - 6fd2df5d-7fa6-4dbe-8371-fb8b49d5e440@group-9D4CA13841C7-SegmentedRaftLogWorker: flushIndex: setUnconditionally 0 -> -1
2023-08-29 18:54:14,652 [6fd2df5d-7fa6-4dbe-8371-fb8b49d5e440-groupManagement] INFO  segmented.SegmentedRaftLogWorker (SegmentedRaftLogWorker.java:lambda$new$0(135)) - 6fd2df5d-7fa6-4dbe-8371-fb8b49d5e440@group-9D4CA13841C7-SegmentedRaftLogWorker: safeCacheEvictIndex: setUnconditionally 0 -> -1
2023-08-29 18:54:14,652 [6fd2df5d-7fa6-4dbe-8371-fb8b49d5e440-groupManagement] INFO  server.RaftServer$Division (RaftServerImpl.java:start(342)) - 6fd2df5d-7fa6-4dbe-8371-fb8b49d5e440@group-9D4CA13841C7: start as a follower, conf=-1: peers:[6fd2df5d-7fa6-4dbe-8371-fb8b49d5e440|rpc:10.1.0.239:15103|admin:10.1.0.239:15102|client:10.1.0.239:15101|dataStream:10.1.0.239:15104|priority:1|startupRole:FOLLOWER]|listeners:[], old=null
2023-08-29 18:54:14,652 [6fd2df5d-7fa6-4dbe-8371-fb8b49d5e440-groupManagement] INFO  server.RaftServer$Division (RaftServerImpl.java:setRole(329)) - 6fd2df5d-7fa6-4dbe-8371-fb8b49d5e440@group-9D4CA13841C7: changes role from      null to FOLLOWER at term 0 for startAsFollower
2023-08-29 18:54:14,652 [6fd2df5d-7fa6-4dbe-8371-fb8b49d5e440-groupManagement] INFO  impl.RoleInfo (RoleInfo.java:updateAndGet(139)) - 6fd2df5d-7fa6-4dbe-8371-fb8b49d5e440: start 6fd2df5d-7fa6-4dbe-8371-fb8b49d5e440@group-9D4CA13841C7-FollowerState
2023-08-29 18:54:14,652 [6fd2df5d-7fa6-4dbe-8371-fb8b49d5e440@group-9D4CA13841C7-FollowerState] INFO  server.RaftServerConfigKeys (ConfUtils.java:logFallback(53)) - raft.server.rpc.first-election.timeout.min = 5s (fallback to raft.server.rpc.timeout.min)
2023-08-29 18:54:14,652 [6fd2df5d-7fa6-4dbe-8371-fb8b49d5e440-groupManagement] INFO  util.JmxRegister (JmxRegister.java:tryRegister(44)) - Successfully registered JMX Bean with object name Ratis:service=RaftServer,group=group-9D4CA13841C7,id=6fd2df5d-7fa6-4dbe-8371-fb8b49d5e440
2023-08-29 18:54:14,652 [6fd2df5d-7fa6-4dbe-8371-fb8b49d5e440@group-9D4CA13841C7-FollowerState] INFO  server.RaftServerConfigKeys (ConfUtils.java:logFallback(53)) - raft.server.rpc.first-election.timeout.max = 5200ms (fallback to raft.server.rpc.timeout.max)
2023-08-29 18:54:14,652 [6fd2df5d-7fa6-4dbe-8371-fb8b49d5e440-groupManagement] INFO  server.RaftServerConfigKeys (ConfUtils.java:logGet(46)) - raft.server.snapshot.auto.trigger.enabled = true (custom)
2023-08-29 18:54:14,653 [6fd2df5d-7fa6-4dbe-8371-fb8b49d5e440-groupManagement] INFO  server.RaftServerConfigKeys (ConfUtils.java:logGet(46)) - raft.server.snapshot.auto.trigger.threshold = 10000 (custom)
2023-08-29 18:54:14,653 [6fd2df5d-7fa6-4dbe-8371-fb8b49d5e440-groupManagement] INFO  server.RaftServerConfigKeys (ConfUtils.java:logGet(46)) - raft.server.snapshot.retention.file.num = 5 (custom)
2023-08-29 18:54:14,653 [6fd2df5d-7fa6-4dbe-8371-fb8b49d5e440-groupManagement] INFO  server.RaftServerConfigKeys (ConfUtils.java:logGet(46)) - raft.server.log.purge.upto.snapshot.index = false (default)
2023-08-29 18:54:14,653 [PipelineCommandHandlerThread-0] INFO  ratis.XceiverServerRatis (XceiverServerRatis.java:addGroup(804)) - Created group PipelineID=aa02b79d-e6cd-4fcb-b601-9d4ca13841c7
2023-08-29 18:54:14,653 [PipelineCommandHandlerThread-0] INFO  commandhandler.CreatePipelineCommandHandler (CreatePipelineCommandHandler.java:lambda$handle$2(124)) - Created Pipeline RATIS ONE PipelineID=aa02b79d-e6cd-4fcb-b601-9d4ca13841c7.
2023-08-29 18:54:15,639 [main] INFO  ozone.MiniOzoneClusterImpl (MiniOzoneClusterImpl.java:lambda$waitForClusterToBeReady$0(224)) - Nodes are ready. Got 5 of 5 DN Heartbeats.
2023-08-29 18:54:15,640 [main] INFO  ozone.MiniOzoneClusterImpl (MiniOzoneClusterImpl.java:lambda$waitForClusterToBeReady$0(227)) - Waiting for cluster to exit safe mode
2023-08-29 18:54:15,640 [main] INFO  ozone.MiniOzoneClusterImpl (MiniOzoneClusterImpl.java:lambda$waitForClusterToBeReady$0(229)) - SCM became leader
2023-08-29 18:54:16,640 [main] INFO  ozone.MiniOzoneClusterImpl (MiniOzoneClusterImpl.java:lambda$waitForClusterToBeReady$0(224)) - Nodes are ready. Got 5 of 5 DN Heartbeats.
2023-08-29 18:54:16,640 [main] INFO  ozone.MiniOzoneClusterImpl (MiniOzoneClusterImpl.java:lambda$waitForClusterToBeReady$0(227)) - Waiting for cluster to exit safe mode
2023-08-29 18:54:16,640 [main] INFO  ozone.MiniOzoneClusterImpl (MiniOzoneClusterImpl.java:lambda$waitForClusterToBeReady$0(229)) - SCM became leader
2023-08-29 18:54:17,640 [main] INFO  ozone.MiniOzoneClusterImpl (MiniOzoneClusterImpl.java:lambda$waitForClusterToBeReady$0(224)) - Nodes are ready. Got 5 of 5 DN Heartbeats.
2023-08-29 18:54:17,641 [main] INFO  ozone.MiniOzoneClusterImpl (MiniOzoneClusterImpl.java:lambda$waitForClusterToBeReady$0(227)) - Waiting for cluster to exit safe mode
2023-08-29 18:54:17,641 [main] INFO  ozone.MiniOzoneClusterImpl (MiniOzoneClusterImpl.java:lambda$waitForClusterToBeReady$0(229)) - SCM became leader
2023-08-29 18:54:18,641 [main] INFO  ozone.MiniOzoneClusterImpl (MiniOzoneClusterImpl.java:lambda$waitForClusterToBeReady$0(224)) - Nodes are ready. Got 5 of 5 DN Heartbeats.
2023-08-29 18:54:18,642 [main] INFO  ozone.MiniOzoneClusterImpl (MiniOzoneClusterImpl.java:lambda$waitForClusterToBeReady$0(227)) - Waiting for cluster to exit safe mode
2023-08-29 18:54:18,642 [main] INFO  ozone.MiniOzoneClusterImpl (MiniOzoneClusterImpl.java:lambda$waitForClusterToBeReady$0(229)) - SCM became leader
2023-08-29 18:54:18,662 [9b50acff-382e-4523-ab74-6f7baa2ae53c@group-D4D0DA547FF3-FollowerState] INFO  impl.FollowerState (FollowerState.java:run(143)) - 9b50acff-382e-4523-ab74-6f7baa2ae53c@group-D4D0DA547FF3-FollowerState: change to CANDIDATE, lastRpcElapsedTime:5080503666ns, electionTimeout:5080ms
2023-08-29 18:54:18,662 [9b50acff-382e-4523-ab74-6f7baa2ae53c@group-D4D0DA547FF3-FollowerState] INFO  impl.RoleInfo (RoleInfo.java:shutdownFollowerState(110)) - 9b50acff-382e-4523-ab74-6f7baa2ae53c: shutdown 9b50acff-382e-4523-ab74-6f7baa2ae53c@group-D4D0DA547FF3-FollowerState
2023-08-29 18:54:18,662 [9b50acff-382e-4523-ab74-6f7baa2ae53c@group-D4D0DA547FF3-FollowerState] INFO  server.RaftServer$Division (RaftServerImpl.java:setRole(329)) - 9b50acff-382e-4523-ab74-6f7baa2ae53c@group-D4D0DA547FF3: changes role from  FOLLOWER to CANDIDATE at term 0 for changeToCandidate
2023-08-29 18:54:18,662 [9b50acff-382e-4523-ab74-6f7baa2ae53c@group-D4D0DA547FF3-FollowerState] INFO  server.RaftServerConfigKeys (ConfUtils.java:logGet(46)) - raft.server.leaderelection.pre-vote = true (default)
2023-08-29 18:54:18,662 [9b50acff-382e-4523-ab74-6f7baa2ae53c@group-D4D0DA547FF3-FollowerState] INFO  impl.RoleInfo (RoleInfo.java:updateAndGet(139)) - 9b50acff-382e-4523-ab74-6f7baa2ae53c: start 9b50acff-382e-4523-ab74-6f7baa2ae53c@group-D4D0DA547FF3-LeaderElection11
2023-08-29 18:54:18,666 [9b50acff-382e-4523-ab74-6f7baa2ae53c@group-D4D0DA547FF3-LeaderElection11] INFO  impl.LeaderElection (LeaderElection.java:askForVotes(321)) - 9b50acff-382e-4523-ab74-6f7baa2ae53c@group-D4D0DA547FF3-LeaderElection11 PRE_VOTE round 0: submit vote requests at term 0 for -1: peers:[01366e89-60c7-46c1-a96e-1a2337162bc6|rpc:10.1.0.239:15067|admin:10.1.0.239:15066|client:10.1.0.239:15065|dataStream:10.1.0.239:15068|priority:1|startupRole:FOLLOWER, 9b50acff-382e-4523-ab74-6f7baa2ae53c|rpc:10.1.0.239:15076|admin:10.1.0.239:15075|client:10.1.0.239:15074|dataStream:10.1.0.239:15077|priority:0|startupRole:FOLLOWER, 35cfc858-a2b0-48ab-9c56-830891a3070f|rpc:10.1.0.239:15085|admin:10.1.0.239:15084|client:10.1.0.239:15083|dataStream:10.1.0.239:15086|priority:0|startupRole:FOLLOWER]|listeners:[], old=null
2023-08-29 18:54:18,667 [9b50acff-382e-4523-ab74-6f7baa2ae53c@group-D4D0DA547FF3-LeaderElection11] INFO  server.RaftServerConfigKeys (ConfUtils.java:logFallback(53)) - raft.server.rpc.first-election.timeout.min = 5s (fallback to raft.server.rpc.timeout.min)
2023-08-29 18:54:18,667 [9b50acff-382e-4523-ab74-6f7baa2ae53c@group-D4D0DA547FF3-LeaderElection11-1] INFO  server.GrpcServerProtocolClient (GrpcServerProtocolClient.java:<init>(65)) - Build channel for 01366e89-60c7-46c1-a96e-1a2337162bc6
2023-08-29 18:54:18,667 [9b50acff-382e-4523-ab74-6f7baa2ae53c@group-D4D0DA547FF3-LeaderElection11] INFO  server.RaftServerConfigKeys (ConfUtils.java:logFallback(53)) - raft.server.rpc.first-election.timeout.max = 5200ms (fallback to raft.server.rpc.timeout.max)
2023-08-29 18:54:18,667 [9b50acff-382e-4523-ab74-6f7baa2ae53c@group-D4D0DA547FF3-LeaderElection11-2] INFO  server.GrpcServerProtocolClient (GrpcServerProtocolClient.java:<init>(65)) - Build channel for 35cfc858-a2b0-48ab-9c56-830891a3070f
2023-08-29 18:54:18,681 [grpc-default-executor-0] INFO  server.RaftServer$Division (RaftServerImpl.java:requestVote(1302)) - 35cfc858-a2b0-48ab-9c56-830891a3070f@group-D4D0DA547FF3: receive requestVote(PRE_VOTE, 9b50acff-382e-4523-ab74-6f7baa2ae53c, group-D4D0DA547FF3, 0, (t:0, i:0))
2023-08-29 18:54:18,682 [grpc-default-executor-0] INFO  impl.VoteContext (VoteContext.java:log(49)) - 35cfc858-a2b0-48ab-9c56-830891a3070f@group-D4D0DA547FF3-FOLLOWER: accept PRE_VOTE from 9b50acff-382e-4523-ab74-6f7baa2ae53c: our priority 0 <= candidate's priority 0
2023-08-29 18:54:18,682 [grpc-default-executor-0] INFO  server.RaftServer$Division (RaftServerImpl.java:requestVote(1335)) - 35cfc858-a2b0-48ab-9c56-830891a3070f@group-D4D0DA547FF3 replies to PRE_VOTE vote request: 9b50acff-382e-4523-ab74-6f7baa2ae53c<-35cfc858-a2b0-48ab-9c56-830891a3070f#0:OK-t0. Peer's state: 35cfc858-a2b0-48ab-9c56-830891a3070f@group-D4D0DA547FF3:t0, leader=null, voted=, raftlog=Memoized:35cfc858-a2b0-48ab-9c56-830891a3070f@group-D4D0DA547FF3-SegmentedRaftLog:OPENED:c-1, conf=-1: peers:[01366e89-60c7-46c1-a96e-1a2337162bc6|rpc:10.1.0.239:15067|admin:10.1.0.239:15066|client:10.1.0.239:15065|dataStream:10.1.0.239:15068|priority:1|startupRole:FOLLOWER, 9b50acff-382e-4523-ab74-6f7baa2ae53c|rpc:10.1.0.239:15076|admin:10.1.0.239:15075|client:10.1.0.239:15074|dataStream:10.1.0.239:15077|priority:0|startupRole:FOLLOWER, 35cfc858-a2b0-48ab-9c56-830891a3070f|rpc:10.1.0.239:15085|admin:10.1.0.239:15084|client:10.1.0.239:15083|dataStream:10.1.0.239:15086|priority:0|startupRole:FOLLOWER]|listeners:[], old=null
2023-08-29 18:54:18,684 [grpc-default-executor-1] INFO  server.RaftServer$Division (RaftServerImpl.java:requestVote(1302)) - 01366e89-60c7-46c1-a96e-1a2337162bc6@group-D4D0DA547FF3: receive requestVote(PRE_VOTE, 9b50acff-382e-4523-ab74-6f7baa2ae53c, group-D4D0DA547FF3, 0, (t:0, i:0))
2023-08-29 18:54:18,684 [grpc-default-executor-1] INFO  impl.VoteContext (VoteContext.java:log(49)) - 01366e89-60c7-46c1-a96e-1a2337162bc6@group-D4D0DA547FF3-FOLLOWER: reject PRE_VOTE from 9b50acff-382e-4523-ab74-6f7baa2ae53c: our priority 1 > candidate's priority 0
2023-08-29 18:54:18,684 [grpc-default-executor-1] INFO  server.RaftServer$Division (RaftServerImpl.java:requestVote(1335)) - 01366e89-60c7-46c1-a96e-1a2337162bc6@group-D4D0DA547FF3 replies to PRE_VOTE vote request: 9b50acff-382e-4523-ab74-6f7baa2ae53c<-01366e89-60c7-46c1-a96e-1a2337162bc6#0:FAIL-t0. Peer's state: 01366e89-60c7-46c1-a96e-1a2337162bc6@group-D4D0DA547FF3:t0, leader=null, voted=, raftlog=Memoized:01366e89-60c7-46c1-a96e-1a2337162bc6@group-D4D0DA547FF3-SegmentedRaftLog:OPENED:c-1, conf=-1: peers:[01366e89-60c7-46c1-a96e-1a2337162bc6|rpc:10.1.0.239:15067|admin:10.1.0.239:15066|client:10.1.0.239:15065|dataStream:10.1.0.239:15068|priority:1|startupRole:FOLLOWER, 9b50acff-382e-4523-ab74-6f7baa2ae53c|rpc:10.1.0.239:15076|admin:10.1.0.239:15075|client:10.1.0.239:15074|dataStream:10.1.0.239:15077|priority:0|startupRole:FOLLOWER, 35cfc858-a2b0-48ab-9c56-830891a3070f|rpc:10.1.0.239:15085|admin:10.1.0.239:15084|client:10.1.0.239:15083|dataStream:10.1.0.239:15086|priority:0|startupRole:FOLLOWER]|listeners:[], old=null
2023-08-29 18:54:18,686 [9b50acff-382e-4523-ab74-6f7baa2ae53c@group-D4D0DA547FF3-LeaderElection11] INFO  impl.LeaderElection (LeaderElection.java:logAndReturn(90)) - 9b50acff-382e-4523-ab74-6f7baa2ae53c@group-D4D0DA547FF3-LeaderElection11: PRE_VOTE REJECTED received 2 response(s) and 0 exception(s):
2023-08-29 18:54:18,686 [9b50acff-382e-4523-ab74-6f7baa2ae53c@group-D4D0DA547FF3-LeaderElection11] INFO  impl.LeaderElection (LeaderElection.java:logAndReturn(94)) -   Response 0: 9b50acff-382e-4523-ab74-6f7baa2ae53c<-01366e89-60c7-46c1-a96e-1a2337162bc6#0:FAIL-t0
2023-08-29 18:54:18,686 [9b50acff-382e-4523-ab74-6f7baa2ae53c@group-D4D0DA547FF3-LeaderElection11] INFO  impl.LeaderElection (LeaderElection.java:logAndReturn(94)) -   Response 1: 9b50acff-382e-4523-ab74-6f7baa2ae53c<-35cfc858-a2b0-48ab-9c56-830891a3070f#0:OK-t0
2023-08-29 18:54:18,686 [9b50acff-382e-4523-ab74-6f7baa2ae53c@group-D4D0DA547FF3-LeaderElection11] INFO  impl.LeaderElection (LeaderElection.java:askForVotes(323)) - 9b50acff-382e-4523-ab74-6f7baa2ae53c@group-D4D0DA547FF3-LeaderElection11 PRE_VOTE round 0: result REJECTED
2023-08-29 18:54:18,686 [9b50acff-382e-4523-ab74-6f7baa2ae53c@group-D4D0DA547FF3-LeaderElection11] INFO  server.RaftServer$Division (RaftServerImpl.java:setRole(329)) - 9b50acff-382e-4523-ab74-6f7baa2ae53c@group-D4D0DA547FF3: changes role from CANDIDATE to FOLLOWER at term 0 for REJECTED
2023-08-29 18:54:18,686 [9b50acff-382e-4523-ab74-6f7baa2ae53c@group-D4D0DA547FF3-LeaderElection11] INFO  impl.RoleInfo (RoleInfo.java:shutdownLeaderElection(130)) - 9b50acff-382e-4523-ab74-6f7baa2ae53c: shutdown 9b50acff-382e-4523-ab74-6f7baa2ae53c@group-D4D0DA547FF3-LeaderElection11
2023-08-29 18:54:18,686 [9b50acff-382e-4523-ab74-6f7baa2ae53c@group-D4D0DA547FF3-LeaderElection11] INFO  impl.RoleInfo (RoleInfo.java:updateAndGet(139)) - 9b50acff-382e-4523-ab74-6f7baa2ae53c: start 9b50acff-382e-4523-ab74-6f7baa2ae53c@group-D4D0DA547FF3-FollowerState
2023-08-29 18:54:18,710 [01366e89-60c7-46c1-a96e-1a2337162bc6@group-BBE16DE7D014-FollowerState] INFO  impl.FollowerState (FollowerState.java:run(143)) - 01366e89-60c7-46c1-a96e-1a2337162bc6@group-BBE16DE7D014-FollowerState: change to CANDIDATE, lastRpcElapsedTime:5179451300ns, electionTimeout:5179ms
2023-08-29 18:54:18,710 [01366e89-60c7-46c1-a96e-1a2337162bc6@group-BBE16DE7D014-FollowerState] INFO  impl.RoleInfo (RoleInfo.java:shutdownFollowerState(110)) - 01366e89-60c7-46c1-a96e-1a2337162bc6: shutdown 01366e89-60c7-46c1-a96e-1a2337162bc6@group-BBE16DE7D014-FollowerState
2023-08-29 18:54:18,710 [01366e89-60c7-46c1-a96e-1a2337162bc6@group-BBE16DE7D014-FollowerState] INFO  server.RaftServer$Division (RaftServerImpl.java:setRole(329)) - 01366e89-60c7-46c1-a96e-1a2337162bc6@group-BBE16DE7D014: changes role from  FOLLOWER to CANDIDATE at term 0 for changeToCandidate
2023-08-29 18:54:18,710 [01366e89-60c7-46c1-a96e-1a2337162bc6@group-BBE16DE7D014-FollowerState] INFO  server.RaftServerConfigKeys (ConfUtils.java:logGet(46)) - raft.server.leaderelection.pre-vote = true (default)
2023-08-29 18:54:18,711 [01366e89-60c7-46c1-a96e-1a2337162bc6@group-BBE16DE7D014-FollowerState] INFO  impl.RoleInfo (RoleInfo.java:updateAndGet(139)) - 01366e89-60c7-46c1-a96e-1a2337162bc6: start 01366e89-60c7-46c1-a96e-1a2337162bc6@group-BBE16DE7D014-LeaderElection12
2023-08-29 18:54:18,718 [01366e89-60c7-46c1-a96e-1a2337162bc6@group-BBE16DE7D014-LeaderElection12] INFO  impl.LeaderElection (LeaderElection.java:askForVotes(321)) - 01366e89-60c7-46c1-a96e-1a2337162bc6@group-BBE16DE7D014-LeaderElection12 PRE_VOTE round 0: submit vote requests at term 0 for -1: peers:[01366e89-60c7-46c1-a96e-1a2337162bc6|rpc:10.1.0.239:15067|admin:10.1.0.239:15066|client:10.1.0.239:15065|dataStream:10.1.0.239:15068|priority:1|startupRole:FOLLOWER]|listeners:[], old=null
2023-08-29 18:54:18,718 [01366e89-60c7-46c1-a96e-1a2337162bc6@group-BBE16DE7D014-LeaderElection12] INFO  impl.LeaderElection (LeaderElection.java:askForVotes(323)) - 01366e89-60c7-46c1-a96e-1a2337162bc6@group-BBE16DE7D014-LeaderElection12 PRE_VOTE round 0: result PASSED (term=0)
2023-08-29 18:54:18,719 [01366e89-60c7-46c1-a96e-1a2337162bc6@group-BBE16DE7D014-LeaderElection12] INFO  impl.LeaderElection (LeaderElection.java:askForVotes(321)) - 01366e89-60c7-46c1-a96e-1a2337162bc6@group-BBE16DE7D014-LeaderElection12 ELECTION round 0: submit vote requests at term 1 for -1: peers:[01366e89-60c7-46c1-a96e-1a2337162bc6|rpc:10.1.0.239:15067|admin:10.1.0.239:15066|client:10.1.0.239:15065|dataStream:10.1.0.239:15068|priority:1|startupRole:FOLLOWER]|listeners:[], old=null
2023-08-29 18:54:18,719 [01366e89-60c7-46c1-a96e-1a2337162bc6@group-BBE16DE7D014-LeaderElection12] INFO  impl.LeaderElection (LeaderElection.java:askForVotes(323)) - 01366e89-60c7-46c1-a96e-1a2337162bc6@group-BBE16DE7D014-LeaderElection12 ELECTION round 0: result PASSED (term=1)
2023-08-29 18:54:18,719 [01366e89-60c7-46c1-a96e-1a2337162bc6@group-BBE16DE7D014-LeaderElection12] INFO  impl.RoleInfo (RoleInfo.java:shutdownLeaderElection(130)) - 01366e89-60c7-46c1-a96e-1a2337162bc6: shutdown 01366e89-60c7-46c1-a96e-1a2337162bc6@group-BBE16DE7D014-LeaderElection12
2023-08-29 18:54:18,719 [01366e89-60c7-46c1-a96e-1a2337162bc6@group-BBE16DE7D014-LeaderElection12] INFO  server.RaftServer$Division (RaftServerImpl.java:setRole(329)) - 01366e89-60c7-46c1-a96e-1a2337162bc6@group-BBE16DE7D014: changes role from CANDIDATE to LEADER at term 1 for changeToLeader
2023-08-29 18:54:18,719 [01366e89-60c7-46c1-a96e-1a2337162bc6@group-BBE16DE7D014-LeaderElection12] INFO  ratis.XceiverServerRatis (XceiverServerRatis.java:handleLeaderChangedNotification(902)) - Leader change notification received for group: group-BBE16DE7D014 with new leaderId: 01366e89-60c7-46c1-a96e-1a2337162bc6
2023-08-29 18:54:18,721 [01366e89-60c7-46c1-a96e-1a2337162bc6@group-BBE16DE7D014-LeaderElection12] INFO  server.RaftServer$Division (ServerState.java:setLeader(317)) - 01366e89-60c7-46c1-a96e-1a2337162bc6@group-BBE16DE7D014: change Leader from null to 01366e89-60c7-46c1-a96e-1a2337162bc6 at term 1 for becomeLeader, leader elected after 5203ms
2023-08-29 18:54:18,721 [01366e89-60c7-46c1-a96e-1a2337162bc6@group-BBE16DE7D014-LeaderElection12] INFO  server.RaftServerConfigKeys (ConfUtils.java:logGet(46)) - raft.server.staging.catchup.gap = 1000 (default)
2023-08-29 18:54:18,721 [01366e89-60c7-46c1-a96e-1a2337162bc6@group-BBE16DE7D014-LeaderElection12] INFO  server.RaftServerConfigKeys (ConfUtils.java:logGet(46)) - raft.server.write.element-limit = 1024 (custom)
2023-08-29 18:54:18,721 [01366e89-60c7-46c1-a96e-1a2337162bc6@group-BBE16DE7D014-LeaderElection12] INFO  server.RaftServerConfigKeys (ConfUtils.java:logGet(46)) - raft.server.write.byte-limit = 1024 M (=1073741824) (custom)
2023-08-29 18:54:18,721 [01366e89-60c7-46c1-a96e-1a2337162bc6@group-BBE16DE7D014-LeaderElection12] INFO  server.RaftServerConfigKeys (ConfUtils.java:logGet(46)) - raft.server.watch.timeout = 180s (custom)
2023-08-29 18:54:18,721 [01366e89-60c7-46c1-a96e-1a2337162bc6@group-BBE16DE7D014-LeaderElection12] INFO  server.RaftServerConfigKeys (ConfUtils.java:logGet(46)) - raft.server.watch.timeout.denomination = 1s (default)
2023-08-29 18:54:18,721 [01366e89-60c7-46c1-a96e-1a2337162bc6@group-BBE16DE7D014-LeaderElection12] INFO  server.RaftServerConfigKeys (ConfUtils.java:logGet(46)) - raft.server.watch.element-limit = 65536 (default)
2023-08-29 18:54:18,721 [01366e89-60c7-46c1-a96e-1a2337162bc6@group-BBE16DE7D014-LeaderElection12] INFO  server.RaftServerConfigKeys (ConfUtils.java:logGet(46)) - raft.server.write.element-limit = 1024 (custom)
2023-08-29 18:54:18,721 [01366e89-60c7-46c1-a96e-1a2337162bc6@group-BBE16DE7D014-LeaderElection12] INFO  server.RaftServerConfigKeys (ConfUtils.java:logGet(46)) - raft.server.write.follower.gap.ratio.max = -1.0 (default)
2023-08-29 18:54:18,722 [01366e89-60c7-46c1-a96e-1a2337162bc6@group-BBE16DE7D014-LeaderElection12] INFO  impl.RoleInfo (RoleInfo.java:updateAndGet(139)) - 01366e89-60c7-46c1-a96e-1a2337162bc6: start 01366e89-60c7-46c1-a96e-1a2337162bc6@group-BBE16DE7D014-LeaderStateImpl
2023-08-29 18:54:18,722 [01366e89-60c7-46c1-a96e-1a2337162bc6@group-BBE16DE7D014-LeaderElection12] INFO  segmented.SegmentedRaftLogWorker (SegmentedRaftLogWorker.java:startLogSegment(447)) - 01366e89-60c7-46c1-a96e-1a2337162bc6@group-BBE16DE7D014-SegmentedRaftLogWorker: Starting segment from index:0
2023-08-29 18:54:18,722 [01366e89-60c7-46c1-a96e-1a2337162bc6@group-2215BFF0CF76-FollowerState] INFO  impl.FollowerState (FollowerState.java:run(143)) - 01366e89-60c7-46c1-a96e-1a2337162bc6@group-2215BFF0CF76-FollowerState: change to CANDIDATE, lastRpcElapsedTime:5069044278ns, electionTimeout:5053ms
2023-08-29 18:54:18,722 [01366e89-60c7-46c1-a96e-1a2337162bc6@group-2215BFF0CF76-FollowerState] INFO  impl.RoleInfo (RoleInfo.java:shutdownFollowerState(110)) - 01366e89-60c7-46c1-a96e-1a2337162bc6: shutdown 01366e89-60c7-46c1-a96e-1a2337162bc6@group-2215BFF0CF76-FollowerState
2023-08-29 18:54:18,722 [01366e89-60c7-46c1-a96e-1a2337162bc6@group-2215BFF0CF76-FollowerState] INFO  server.RaftServer$Division (RaftServerImpl.java:setRole(329)) - 01366e89-60c7-46c1-a96e-1a2337162bc6@group-2215BFF0CF76: changes role from  FOLLOWER to CANDIDATE at term 0 for changeToCandidate
2023-08-29 18:54:18,722 [01366e89-60c7-46c1-a96e-1a2337162bc6@group-2215BFF0CF76-FollowerState] INFO  server.RaftServerConfigKeys (ConfUtils.java:logGet(46)) - raft.server.leaderelection.pre-vote = true (default)
2023-08-29 18:54:18,722 [01366e89-60c7-46c1-a96e-1a2337162bc6@group-2215BFF0CF76-FollowerState] INFO  impl.RoleInfo (RoleInfo.java:updateAndGet(139)) - 01366e89-60c7-46c1-a96e-1a2337162bc6: start 01366e89-60c7-46c1-a96e-1a2337162bc6@group-2215BFF0CF76-LeaderElection13
2023-08-29 18:54:18,723 [EventQueue-OpenPipelineForHealthyPipelineSafeModeRule] INFO  safemode.SCMSafeModeManager (HealthyPipelineSafeModeRule.java:process(137)) - SCM in safe mode. Healthy pipelines reported count is 0, required healthy pipeline reported count is 1
2023-08-29 18:54:18,723 [01366e89-60c7-46c1-a96e-1a2337162bc6@group-BBE16DE7D014-SegmentedRaftLogWorker] INFO  segmented.SegmentedRaftLogWorker (SegmentedRaftLogWorker.java:execute(651)) - 01366e89-60c7-46c1-a96e-1a2337162bc6@group-BBE16DE7D014-SegmentedRaftLogWorker: created new log segment /home/runner/work/ozone/ozone/hadoop-ozone/integration-test/target/test-dir/MiniOzoneClusterImpl-05f3a914-8c49-4f9f-9f2f-4b041a8937a3/datanode-0/data/ratis/347b5ec7-5c68-43a9-bdc8-bbe16de7d014/current/log_inprogress_0
2023-08-29 18:54:18,737 [01366e89-60c7-46c1-a96e-1a2337162bc6@group-D4D0DA547FF3-FollowerState] INFO  impl.FollowerState (FollowerState.java:run(143)) - 01366e89-60c7-46c1-a96e-1a2337162bc6@group-D4D0DA547FF3-FollowerState: change to CANDIDATE, lastRpcElapsedTime:5191500999ns, electionTimeout:5187ms
2023-08-29 18:54:18,737 [01366e89-60c7-46c1-a96e-1a2337162bc6@group-D4D0DA547FF3-FollowerState] INFO  impl.RoleInfo (RoleInfo.java:shutdownFollowerState(110)) - 01366e89-60c7-46c1-a96e-1a2337162bc6: shutdown 01366e89-60c7-46c1-a96e-1a2337162bc6@group-D4D0DA547FF3-FollowerState
2023-08-29 18:54:18,737 [01366e89-60c7-46c1-a96e-1a2337162bc6@group-D4D0DA547FF3-FollowerState] INFO  server.RaftServer$Division (RaftServerImpl.java:setRole(329)) - 01366e89-60c7-46c1-a96e-1a2337162bc6@group-D4D0DA547FF3: changes role from  FOLLOWER to CANDIDATE at term 0 for changeToCandidate
2023-08-29 18:54:18,737 [01366e89-60c7-46c1-a96e-1a2337162bc6@group-D4D0DA547FF3-FollowerState] INFO  server.RaftServerConfigKeys (ConfUtils.java:logGet(46)) - raft.server.leaderelection.pre-vote = true (default)
2023-08-29 18:54:18,737 [01366e89-60c7-46c1-a96e-1a2337162bc6@group-D4D0DA547FF3-FollowerState] INFO  impl.RoleInfo (RoleInfo.java:updateAndGet(139)) - 01366e89-60c7-46c1-a96e-1a2337162bc6: start 01366e89-60c7-46c1-a96e-1a2337162bc6@group-D4D0DA547FF3-LeaderElection14
2023-08-29 18:54:18,737 [01366e89-60c7-46c1-a96e-1a2337162bc6@group-BBE16DE7D014-LeaderElection12] INFO  server.RaftServer$Division (ServerState.java:setRaftConf(434)) - 01366e89-60c7-46c1-a96e-1a2337162bc6@group-BBE16DE7D014: set configuration 0: peers:[01366e89-60c7-46c1-a96e-1a2337162bc6|rpc:10.1.0.239:15067|admin:10.1.0.239:15066|client:10.1.0.239:15065|dataStream:10.1.0.239:15068|priority:1|startupRole:FOLLOWER]|listeners:[], old=null
2023-08-29 18:54:18,737 [01366e89-60c7-46c1-a96e-1a2337162bc6@group-2215BFF0CF76-LeaderElection13] INFO  impl.LeaderElection (LeaderElection.java:askForVotes(321)) - 01366e89-60c7-46c1-a96e-1a2337162bc6@group-2215BFF0CF76-LeaderElection13 PRE_VOTE round 0: submit vote requests at term 0 for -1: peers:[01366e89-60c7-46c1-a96e-1a2337162bc6|rpc:10.1.0.239:15067|admin:10.1.0.239:15066|client:10.1.0.239:15065|dataStream:10.1.0.239:15068|priority:0|startupRole:FOLLOWER, 9b50acff-382e-4523-ab74-6f7baa2ae53c|rpc:10.1.0.239:15076|admin:10.1.0.239:15075|client:10.1.0.239:15074|dataStream:10.1.0.239:15077|priority:1|startupRole:FOLLOWER, 35cfc858-a2b0-48ab-9c56-830891a3070f|rpc:10.1.0.239:15085|admin:10.1.0.239:15084|client:10.1.0.239:15083|dataStream:10.1.0.239:15086|priority:0|startupRole:FOLLOWER]|listeners:[], old=null
2023-08-29 18:54:18,739 [01366e89-60c7-46c1-a96e-1a2337162bc6@group-D4D0DA547FF3-LeaderElection14] INFO  impl.LeaderElection (LeaderElection.java:askForVotes(321)) - 01366e89-60c7-46c1-a96e-1a2337162bc6@group-D4D0DA547FF3-LeaderElection14 PRE_VOTE round 0: submit vote requests at term 0 for -1: peers:[01366e89-60c7-46c1-a96e-1a2337162bc6|rpc:10.1.0.239:15067|admin:10.1.0.239:15066|client:10.1.0.239:15065|dataStream:10.1.0.239:15068|priority:1|startupRole:FOLLOWER, 9b50acff-382e-4523-ab74-6f7baa2ae53c|rpc:10.1.0.239:15076|admin:10.1.0.239:15075|client:10.1.0.239:15074|dataStream:10.1.0.239:15077|priority:0|startupRole:FOLLOWER, 35cfc858-a2b0-48ab-9c56-830891a3070f|rpc:10.1.0.239:15085|admin:10.1.0.239:15084|client:10.1.0.239:15083|dataStream:10.1.0.239:15086|priority:0|startupRole:FOLLOWER]|listeners:[], old=null
2023-08-29 18:54:18,740 [01366e89-60c7-46c1-a96e-1a2337162bc6@group-D4D0DA547FF3-LeaderElection14-1] INFO  server.GrpcServerProtocolClient (GrpcServerProtocolClient.java:<init>(65)) - Build channel for 9b50acff-382e-4523-ab74-6f7baa2ae53c
2023-08-29 18:54:18,742 [01366e89-60c7-46c1-a96e-1a2337162bc6@group-D4D0DA547FF3-LeaderElection14] INFO  server.RaftServerConfigKeys (ConfUtils.java:logFallback(53)) - raft.server.rpc.first-election.timeout.min = 5s (fallback to raft.server.rpc.timeout.min)
2023-08-29 18:54:18,742 [01366e89-60c7-46c1-a96e-1a2337162bc6@group-D4D0DA547FF3-LeaderElection14] INFO  server.RaftServerConfigKeys (ConfUtils.java:logFallback(53)) - raft.server.rpc.first-election.timeout.max = 5200ms (fallback to raft.server.rpc.timeout.max)
2023-08-29 18:54:18,742 [01366e89-60c7-46c1-a96e-1a2337162bc6@group-D4D0DA547FF3-LeaderElection14-2] INFO  server.GrpcServerProtocolClient (GrpcServerProtocolClient.java:<init>(65)) - Build channel for 35cfc858-a2b0-48ab-9c56-830891a3070f
2023-08-29 18:54:18,746 [01366e89-60c7-46c1-a96e-1a2337162bc6@group-2215BFF0CF76-LeaderElection13] INFO  server.RaftServerConfigKeys (ConfUtils.java:logFallback(53)) - raft.server.rpc.first-election.timeout.min = 5s (fallback to raft.server.rpc.timeout.min)
2023-08-29 18:54:18,746 [01366e89-60c7-46c1-a96e-1a2337162bc6@group-2215BFF0CF76-LeaderElection13] INFO  server.RaftServerConfigKeys (ConfUtils.java:logFallback(53)) - raft.server.rpc.first-election.timeout.max = 5200ms (fallback to raft.server.rpc.timeout.max)
2023-08-29 18:54:18,755 [grpc-default-executor-1] INFO  server.RaftServer$Division (RaftServerImpl.java:requestVote(1302)) - 35cfc858-a2b0-48ab-9c56-830891a3070f@group-D4D0DA547FF3: receive requestVote(PRE_VOTE, 01366e89-60c7-46c1-a96e-1a2337162bc6, group-D4D0DA547FF3, 0, (t:0, i:0))
2023-08-29 18:54:18,755 [grpc-default-executor-0] INFO  server.RaftServer$Division (RaftServerImpl.java:requestVote(1302)) - 35cfc858-a2b0-48ab-9c56-830891a3070f@group-2215BFF0CF76: receive requestVote(PRE_VOTE, 01366e89-60c7-46c1-a96e-1a2337162bc6, group-2215BFF0CF76, 0, (t:0, i:0))
2023-08-29 18:54:18,755 [grpc-default-executor-0] INFO  impl.VoteContext (VoteContext.java:log(49)) - 35cfc858-a2b0-48ab-9c56-830891a3070f@group-2215BFF0CF76-FOLLOWER: accept PRE_VOTE from 01366e89-60c7-46c1-a96e-1a2337162bc6: our priority 0 <= candidate's priority 0
2023-08-29 18:54:18,755 [grpc-default-executor-0] INFO  server.RaftServer$Division (RaftServerImpl.java:requestVote(1335)) - 35cfc858-a2b0-48ab-9c56-830891a3070f@group-2215BFF0CF76 replies to PRE_VOTE vote request: 01366e89-60c7-46c1-a96e-1a2337162bc6<-35cfc858-a2b0-48ab-9c56-830891a3070f#0:OK-t0. Peer's state: 35cfc858-a2b0-48ab-9c56-830891a3070f@group-2215BFF0CF76:t0, leader=null, voted=, raftlog=Memoized:35cfc858-a2b0-48ab-9c56-830891a3070f@group-2215BFF0CF76-SegmentedRaftLog:OPENED:c-1, conf=-1: peers:[01366e89-60c7-46c1-a96e-1a2337162bc6|rpc:10.1.0.239:15067|admin:10.1.0.239:15066|client:10.1.0.239:15065|dataStream:10.1.0.239:15068|priority:0|startupRole:FOLLOWER, 9b50acff-382e-4523-ab74-6f7baa2ae53c|rpc:10.1.0.239:15076|admin:10.1.0.239:15075|client:10.1.0.239:15074|dataStream:10.1.0.239:15077|priority:1|startupRole:FOLLOWER, 35cfc858-a2b0-48ab-9c56-830891a3070f|rpc:10.1.0.239:15085|admin:10.1.0.239:15084|client:10.1.0.239:15083|dataStream:10.1.0.239:15086|priority:0|startupRole:FOLLOWER]|listeners:[], old=null
2023-08-29 18:54:18,756 [grpc-default-executor-1] INFO  impl.VoteContext (VoteContext.java:log(49)) - 35cfc858-a2b0-48ab-9c56-830891a3070f@group-D4D0DA547FF3-FOLLOWER: accept PRE_VOTE from 01366e89-60c7-46c1-a96e-1a2337162bc6: our priority 0 <= candidate's priority 1
2023-08-29 18:54:18,756 [grpc-default-executor-1] INFO  server.RaftServer$Division (RaftServerImpl.java:requestVote(1335)) - 35cfc858-a2b0-48ab-9c56-830891a3070f@group-D4D0DA547FF3 replies to PRE_VOTE vote request: 01366e89-60c7-46c1-a96e-1a2337162bc6<-35cfc858-a2b0-48ab-9c56-830891a3070f#0:OK-t0. Peer's state: 35cfc858-a2b0-48ab-9c56-830891a3070f@group-D4D0DA547FF3:t0, leader=null, voted=, raftlog=Memoized:35cfc858-a2b0-48ab-9c56-830891a3070f@group-D4D0DA547FF3-SegmentedRaftLog:OPENED:c-1, conf=-1: peers:[01366e89-60c7-46c1-a96e-1a2337162bc6|rpc:10.1.0.239:15067|admin:10.1.0.239:15066|client:10.1.0.239:15065|dataStream:10.1.0.239:15068|priority:1|startupRole:FOLLOWER, 9b50acff-382e-4523-ab74-6f7baa2ae53c|rpc:10.1.0.239:15076|admin:10.1.0.239:15075|client:10.1.0.239:15074|dataStream:10.1.0.239:15077|priority:0|startupRole:FOLLOWER, 35cfc858-a2b0-48ab-9c56-830891a3070f|rpc:10.1.0.239:15085|admin:10.1.0.239:15084|client:10.1.0.239:15083|dataStream:10.1.0.239:15086|priority:0|startupRole:FOLLOWER]|listeners:[], old=null
2023-08-29 18:54:18,756 [grpc-default-executor-3] INFO  server.RaftServer$Division (RaftServerImpl.java:requestVote(1302)) - 9b50acff-382e-4523-ab74-6f7baa2ae53c@group-2215BFF0CF76: receive requestVote(PRE_VOTE, 01366e89-60c7-46c1-a96e-1a2337162bc6, group-2215BFF0CF76, 0, (t:0, i:0))
2023-08-29 18:54:18,757 [grpc-default-executor-3] INFO  impl.VoteContext (VoteContext.java:log(49)) - 9b50acff-382e-4523-ab74-6f7baa2ae53c@group-2215BFF0CF76-FOLLOWER: reject PRE_VOTE from 01366e89-60c7-46c1-a96e-1a2337162bc6: our priority 1 > candidate's priority 0
2023-08-29 18:54:18,757 [grpc-default-executor-3] INFO  server.RaftServer$Division (RaftServerImpl.java:requestVote(1335)) - 9b50acff-382e-4523-ab74-6f7baa2ae53c@group-2215BFF0CF76 replies to PRE_VOTE vote request: 01366e89-60c7-46c1-a96e-1a2337162bc6<-9b50acff-382e-4523-ab74-6f7baa2ae53c#0:FAIL-t0. Peer's state: 9b50acff-382e-4523-ab74-6f7baa2ae53c@group-2215BFF0CF76:t0, leader=null, voted=, raftlog=Memoized:9b50acff-382e-4523-ab74-6f7baa2ae53c@group-2215BFF0CF76-SegmentedRaftLog:OPENED:c-1, conf=-1: peers:[01366e89-60c7-46c1-a96e-1a2337162bc6|rpc:10.1.0.239:15067|admin:10.1.0.239:15066|client:10.1.0.239:15065|dataStream:10.1.0.239:15068|priority:0|startupRole:FOLLOWER, 9b50acff-382e-4523-ab74-6f7baa2ae53c|rpc:10.1.0.239:15076|admin:10.1.0.239:15075|client:10.1.0.239:15074|dataStream:10.1.0.239:15077|priority:1|startupRole:FOLLOWER, 35cfc858-a2b0-48ab-9c56-830891a3070f|rpc:10.1.0.239:15085|admin:10.1.0.239:15084|client:10.1.0.239:15083|dataStream:10.1.0.239:15086|priority:0|startupRole:FOLLOWER]|listeners:[], old=null
2023-08-29 18:54:18,759 [35cfc858-a2b0-48ab-9c56-830891a3070f@group-D4D0DA547FF3-FollowerState] INFO  server.RaftServerConfigKeys (ConfUtils.java:logFallback(53)) - raft.server.rpc.first-election.timeout.min = 5s (fallback to raft.server.rpc.timeout.min)
2023-08-29 18:54:18,759 [35cfc858-a2b0-48ab-9c56-830891a3070f@group-D4D0DA547FF3-FollowerState] INFO  server.RaftServerConfigKeys (ConfUtils.java:logFallback(53)) - raft.server.rpc.first-election.timeout.max = 5200ms (fallback to raft.server.rpc.timeout.max)
2023-08-29 18:54:18,759 [01366e89-60c7-46c1-a96e-1a2337162bc6@group-D4D0DA547FF3-LeaderElection14] INFO  impl.LeaderElection (LeaderElection.java:logAndReturn(90)) - 01366e89-60c7-46c1-a96e-1a2337162bc6@group-D4D0DA547FF3-LeaderElection14: PRE_VOTE PASSED received 1 response(s) and 0 exception(s):
2023-08-29 18:54:18,759 [01366e89-60c7-46c1-a96e-1a2337162bc6@group-D4D0DA547FF3-LeaderElection14] INFO  impl.LeaderElection (LeaderElection.java:logAndReturn(94)) -   Response 0: 01366e89-60c7-46c1-a96e-1a2337162bc6<-35cfc858-a2b0-48ab-9c56-830891a3070f#0:OK-t0
2023-08-29 18:54:18,759 [01366e89-60c7-46c1-a96e-1a2337162bc6@group-D4D0DA547FF3-LeaderElection14] INFO  impl.LeaderElection (LeaderElection.java:askForVotes(323)) - 01366e89-60c7-46c1-a96e-1a2337162bc6@group-D4D0DA547FF3-LeaderElection14 PRE_VOTE round 0: result PASSED
2023-08-29 18:54:18,762 [01366e89-60c7-46c1-a96e-1a2337162bc6@group-2215BFF0CF76-LeaderElection13] INFO  impl.LeaderElection (LeaderElection.java:logAndReturn(90)) - 01366e89-60c7-46c1-a96e-1a2337162bc6@group-2215BFF0CF76-LeaderElection13: PRE_VOTE REJECTED received 2 response(s) and 0 exception(s):
2023-08-29 18:54:18,762 [01366e89-60c7-46c1-a96e-1a2337162bc6@group-2215BFF0CF76-LeaderElection13] INFO  impl.LeaderElection (LeaderElection.java:logAndReturn(94)) -   Response 0: 01366e89-60c7-46c1-a96e-1a2337162bc6<-9b50acff-382e-4523-ab74-6f7baa2ae53c#0:FAIL-t0
2023-08-29 18:54:18,762 [01366e89-60c7-46c1-a96e-1a2337162bc6@group-2215BFF0CF76-LeaderElection13] INFO  impl.LeaderElection (LeaderElection.java:logAndReturn(94)) -   Response 1: 01366e89-60c7-46c1-a96e-1a2337162bc6<-35cfc858-a2b0-48ab-9c56-830891a3070f#0:OK-t0
2023-08-29 18:54:18,762 [01366e89-60c7-46c1-a96e-1a2337162bc6@group-2215BFF0CF76-LeaderElection13] INFO  impl.LeaderElection (LeaderElection.java:askForVotes(323)) - 01366e89-60c7-46c1-a96e-1a2337162bc6@group-2215BFF0CF76-LeaderElection13 PRE_VOTE round 0: result REJECTED
2023-08-29 18:54:18,762 [01366e89-60c7-46c1-a96e-1a2337162bc6@group-2215BFF0CF76-LeaderElection13] INFO  server.RaftServer$Division (RaftServerImpl.java:setRole(329)) - 01366e89-60c7-46c1-a96e-1a2337162bc6@group-2215BFF0CF76: changes role from CANDIDATE to FOLLOWER at term 0 for REJECTED
2023-08-29 18:54:18,762 [01366e89-60c7-46c1-a96e-1a2337162bc6@group-2215BFF0CF76-LeaderElection13] INFO  impl.RoleInfo (RoleInfo.java:shutdownLeaderElection(130)) - 01366e89-60c7-46c1-a96e-1a2337162bc6: shutdown 01366e89-60c7-46c1-a96e-1a2337162bc6@group-2215BFF0CF76-LeaderElection13
2023-08-29 18:54:18,762 [01366e89-60c7-46c1-a96e-1a2337162bc6@group-2215BFF0CF76-LeaderElection13] INFO  impl.RoleInfo (RoleInfo.java:updateAndGet(139)) - 01366e89-60c7-46c1-a96e-1a2337162bc6: start 01366e89-60c7-46c1-a96e-1a2337162bc6@group-2215BFF0CF76-FollowerState
2023-08-29 18:54:18,768 [grpc-default-executor-2] INFO  server.RaftServer$Division (RaftServerImpl.java:requestVote(1302)) - 9b50acff-382e-4523-ab74-6f7baa2ae53c@group-D4D0DA547FF3: receive requestVote(PRE_VOTE, 01366e89-60c7-46c1-a96e-1a2337162bc6, group-D4D0DA547FF3, 0, (t:0, i:0))
2023-08-29 18:54:18,768 [grpc-default-executor-2] INFO  impl.VoteContext (VoteContext.java:log(49)) - 9b50acff-382e-4523-ab74-6f7baa2ae53c@group-D4D0DA547FF3-FOLLOWER: accept PRE_VOTE from 01366e89-60c7-46c1-a96e-1a2337162bc6: our priority 0 <= candidate's priority 1
2023-08-29 18:54:18,768 [grpc-default-executor-2] INFO  server.RaftServer$Division (RaftServerImpl.java:requestVote(1335)) - 9b50acff-382e-4523-ab74-6f7baa2ae53c@group-D4D0DA547FF3 replies to PRE_VOTE vote request: 01366e89-60c7-46c1-a96e-1a2337162bc6<-9b50acff-382e-4523-ab74-6f7baa2ae53c#0:OK-t0. Peer's state: 9b50acff-382e-4523-ab74-6f7baa2ae53c@group-D4D0DA547FF3:t0, leader=null, voted=, raftlog=Memoized:9b50acff-382e-4523-ab74-6f7baa2ae53c@group-D4D0DA547FF3-SegmentedRaftLog:OPENED:c-1, conf=-1: peers:[01366e89-60c7-46c1-a96e-1a2337162bc6|rpc:10.1.0.239:15067|admin:10.1.0.239:15066|client:10.1.0.239:15065|dataStream:10.1.0.239:15068|priority:1|startupRole:FOLLOWER, 9b50acff-382e-4523-ab74-6f7baa2ae53c|rpc:10.1.0.239:15076|admin:10.1.0.239:15075|client:10.1.0.239:15074|dataStream:10.1.0.239:15077|priority:0|startupRole:FOLLOWER, 35cfc858-a2b0-48ab-9c56-830891a3070f|rpc:10.1.0.239:15085|admin:10.1.0.239:15084|client:10.1.0.239:15083|dataStream:10.1.0.239:15086|priority:0|startupRole:FOLLOWER]|listeners:[], old=null
2023-08-29 18:54:18,772 [01366e89-60c7-46c1-a96e-1a2337162bc6@group-D4D0DA547FF3-LeaderElection14] INFO  impl.LeaderElection (LeaderElection.java:askForVotes(321)) - 01366e89-60c7-46c1-a96e-1a2337162bc6@group-D4D0DA547FF3-LeaderElection14 ELECTION round 0: submit vote requests at term 1 for -1: peers:[01366e89-60c7-46c1-a96e-1a2337162bc6|rpc:10.1.0.239:15067|admin:10.1.0.239:15066|client:10.1.0.239:15065|dataStream:10.1.0.239:15068|priority:1|startupRole:FOLLOWER, 9b50acff-382e-4523-ab74-6f7baa2ae53c|rpc:10.1.0.239:15076|admin:10.1.0.239:15075|client:10.1.0.239:15074|dataStream:10.1.0.239:15077|priority:0|startupRole:FOLLOWER, 35cfc858-a2b0-48ab-9c56-830891a3070f|rpc:10.1.0.239:15085|admin:10.1.0.239:15084|client:10.1.0.239:15083|dataStream:10.1.0.239:15086|priority:0|startupRole:FOLLOWER]|listeners:[], old=null
2023-08-29 18:54:18,780 [01366e89-60c7-46c1-a96e-1a2337162bc6@group-D4D0DA547FF3-LeaderElection14] INFO  server.RaftServerConfigKeys (ConfUtils.java:logFallback(53)) - raft.server.rpc.first-election.timeout.min = 5s (fallback to raft.server.rpc.timeout.min)
2023-08-29 18:54:18,780 [01366e89-60c7-46c1-a96e-1a2337162bc6@group-D4D0DA547FF3-LeaderElection14] INFO  server.RaftServerConfigKeys (ConfUtils.java:logFallback(53)) - raft.server.rpc.first-election.timeout.max = 5200ms (fallback to raft.server.rpc.timeout.max)
2023-08-29 18:54:18,785 [grpc-default-executor-2] INFO  server.RaftServer$Division (RaftServerImpl.java:requestVote(1302)) - 9b50acff-382e-4523-ab74-6f7baa2ae53c@group-D4D0DA547FF3: receive requestVote(ELECTION, 01366e89-60c7-46c1-a96e-1a2337162bc6, group-D4D0DA547FF3, 1, (t:0, i:0))
2023-08-29 18:54:18,785 [grpc-default-executor-2] INFO  impl.VoteContext (VoteContext.java:log(49)) - 9b50acff-382e-4523-ab74-6f7baa2ae53c@group-D4D0DA547FF3-FOLLOWER: accept ELECTION from 01366e89-60c7-46c1-a96e-1a2337162bc6: our priority 0 <= candidate's priority 1
2023-08-29 18:54:18,785 [grpc-default-executor-2] INFO  server.RaftServer$Division (RaftServerImpl.java:setRole(329)) - 9b50acff-382e-4523-ab74-6f7baa2ae53c@group-D4D0DA547FF3: changes role from  FOLLOWER to FOLLOWER at term 1 for candidate:01366e89-60c7-46c1-a96e-1a2337162bc6
2023-08-29 18:54:18,785 [grpc-default-executor-2] INFO  impl.RoleInfo (RoleInfo.java:shutdownFollowerState(110)) - 9b50acff-382e-4523-ab74-6f7baa2ae53c: shutdown 9b50acff-382e-4523-ab74-6f7baa2ae53c@group-D4D0DA547FF3-FollowerState
2023-08-29 18:54:18,785 [grpc-default-executor-2] INFO  impl.RoleInfo (RoleInfo.java:updateAndGet(139)) - 9b50acff-382e-4523-ab74-6f7baa2ae53c: start 9b50acff-382e-4523-ab74-6f7baa2ae53c@group-D4D0DA547FF3-FollowerState
2023-08-29 18:54:18,785 [9b50acff-382e-4523-ab74-6f7baa2ae53c@group-D4D0DA547FF3-FollowerState] INFO  impl.FollowerState (FollowerState.java:run(152)) - 9b50acff-382e-4523-ab74-6f7baa2ae53c@group-D4D0DA547FF3-FollowerState was interrupted
2023-08-29 18:54:18,786 [grpc-default-executor-2] INFO  server.RaftServer$Division (RaftServerImpl.java:requestVote(1335)) - 9b50acff-382e-4523-ab74-6f7baa2ae53c@group-D4D0DA547FF3 replies to ELECTION vote request: 01366e89-60c7-46c1-a96e-1a2337162bc6<-9b50acff-382e-4523-ab74-6f7baa2ae53c#0:OK-t1. Peer's state: 9b50acff-382e-4523-ab74-6f7baa2ae53c@group-D4D0DA547FF3:t1, leader=null, voted=01366e89-60c7-46c1-a96e-1a2337162bc6, raftlog=Memoized:9b50acff-382e-4523-ab74-6f7baa2ae53c@group-D4D0DA547FF3-SegmentedRaftLog:OPENED:c-1, conf=-1: peers:[01366e89-60c7-46c1-a96e-1a2337162bc6|rpc:10.1.0.239:15067|admin:10.1.0.239:15066|client:10.1.0.239:15065|dataStream:10.1.0.239:15068|priority:1|startupRole:FOLLOWER, 9b50acff-382e-4523-ab74-6f7baa2ae53c|rpc:10.1.0.239:15076|admin:10.1.0.239:15075|client:10.1.0.239:15074|dataStream:10.1.0.239:15077|priority:0|startupRole:FOLLOWER, 35cfc858-a2b0-48ab-9c56-830891a3070f|rpc:10.1.0.239:15085|admin:10.1.0.239:15084|client:10.1.0.239:15083|dataStream:10.1.0.239:15086|priority:0|startupRole:FOLLOWER]|listeners:[], old=null
2023-08-29 18:54:18,787 [01366e89-60c7-46c1-a96e-1a2337162bc6@group-D4D0DA547FF3-LeaderElection14] INFO  impl.LeaderElection (LeaderElection.java:logAndReturn(90)) - 01366e89-60c7-46c1-a96e-1a2337162bc6@group-D4D0DA547FF3-LeaderElection14: ELECTION PASSED received 1 response(s) and 0 exception(s):
2023-08-29 18:54:18,787 [01366e89-60c7-46c1-a96e-1a2337162bc6@group-D4D0DA547FF3-LeaderElection14] INFO  impl.LeaderElection (LeaderElection.java:logAndReturn(94)) -   Response 0: 01366e89-60c7-46c1-a96e-1a2337162bc6<-9b50acff-382e-4523-ab74-6f7baa2ae53c#0:OK-t1
2023-08-29 18:54:18,787 [01366e89-60c7-46c1-a96e-1a2337162bc6@group-D4D0DA547FF3-LeaderElection14] INFO  impl.LeaderElection (LeaderElection.java:askForVotes(323)) - 01366e89-60c7-46c1-a96e-1a2337162bc6@group-D4D0DA547FF3-LeaderElection14 ELECTION round 0: result PASSED
2023-08-29 18:54:18,787 [01366e89-60c7-46c1-a96e-1a2337162bc6@group-D4D0DA547FF3-LeaderElection14] INFO  impl.RoleInfo (RoleInfo.java:shutdownLeaderElection(130)) - 01366e89-60c7-46c1-a96e-1a2337162bc6: shutdown 01366e89-60c7-46c1-a96e-1a2337162bc6@group-D4D0DA547FF3-LeaderElection14
2023-08-29 18:54:18,787 [01366e89-60c7-46c1-a96e-1a2337162bc6@group-D4D0DA547FF3-LeaderElection14] INFO  server.RaftServer$Division (RaftServerImpl.java:setRole(329)) - 01366e89-60c7-46c1-a96e-1a2337162bc6@group-D4D0DA547FF3: changes role from CANDIDATE to LEADER at term 1 for changeToLeader
2023-08-29 18:54:18,787 [01366e89-60c7-46c1-a96e-1a2337162bc6@group-D4D0DA547FF3-LeaderElection14] INFO  ratis.XceiverServerRatis (XceiverServerRatis.java:handleLeaderChangedNotification(902)) - Leader change notification received for group: group-D4D0DA547FF3 with new leaderId: 01366e89-60c7-46c1-a96e-1a2337162bc6
2023-08-29 18:54:18,787 [01366e89-60c7-46c1-a96e-1a2337162bc6@group-D4D0DA547FF3-LeaderElection14] INFO  server.RaftServer$Division (ServerState.java:setLeader(317)) - 01366e89-60c7-46c1-a96e-1a2337162bc6@group-D4D0DA547FF3: change Leader from null to 01366e89-60c7-46c1-a96e-1a2337162bc6 at term 1 for becomeLeader, leader elected after 5253ms
2023-08-29 18:54:18,787 [01366e89-60c7-46c1-a96e-1a2337162bc6@group-D4D0DA547FF3-LeaderElection14] INFO  server.RaftServerConfigKeys (ConfUtils.java:logGet(46)) - raft.server.staging.catchup.gap = 1000 (default)
2023-08-29 18:54:18,788 [01366e89-60c7-46c1-a96e-1a2337162bc6@group-D4D0DA547FF3-LeaderElection14] INFO  server.RaftServerConfigKeys (ConfUtils.java:logGet(46)) - raft.server.write.element-limit = 1024 (custom)
2023-08-29 18:54:18,788 [01366e89-60c7-46c1-a96e-1a2337162bc6@group-D4D0DA547FF3-LeaderElection14] INFO  server.RaftServerConfigKeys (ConfUtils.java:logGet(46)) - raft.server.write.byte-limit = 1024 M (=1073741824) (custom)
2023-08-29 18:54:18,788 [01366e89-60c7-46c1-a96e-1a2337162bc6@group-D4D0DA547FF3-LeaderElection14] INFO  server.RaftServerConfigKeys (ConfUtils.java:logGet(46)) - raft.server.watch.timeout = 180s (custom)
2023-08-29 18:54:18,788 [01366e89-60c7-46c1-a96e-1a2337162bc6@group-D4D0DA547FF3-LeaderElection14] INFO  server.RaftServerConfigKeys (ConfUtils.java:logGet(46)) - raft.server.watch.timeout.denomination = 1s (default)
2023-08-29 18:54:18,788 [01366e89-60c7-46c1-a96e-1a2337162bc6@group-D4D0DA547FF3-LeaderElection14] INFO  server.RaftServerConfigKeys (ConfUtils.java:logGet(46)) - raft.server.watch.element-limit = 65536 (default)
2023-08-29 18:54:18,788 [01366e89-60c7-46c1-a96e-1a2337162bc6@group-D4D0DA547FF3-LeaderElection14] INFO  server.RaftServerConfigKeys (ConfUtils.java:logGet(46)) - raft.server.write.element-limit = 1024 (custom)
2023-08-29 18:54:18,788 [01366e89-60c7-46c1-a96e-1a2337162bc6@group-D4D0DA547FF3-LeaderElection14] INFO  server.RaftServerConfigKeys (ConfUtils.java:logGet(46)) - raft.server.write.follower.gap.ratio.max = -1.0 (default)
2023-08-29 18:54:18,788 [01366e89-60c7-46c1-a96e-1a2337162bc6@group-D4D0DA547FF3-LeaderElection14] INFO  server.RaftServerConfigKeys (ConfUtils.java:logGet(46)) - raft.server.log.appender.snapshot.chunk.size.max = 16MB (=16777216) (default)
2023-08-29 18:54:18,789 [01366e89-60c7-46c1-a96e-1a2337162bc6@group-D4D0DA547FF3-LeaderElection14] INFO  server.RaftServerConfigKeys (ConfUtils.java:logGet(46)) - raft.server.log.appender.buffer.byte-limit = 33554432 (custom)
2023-08-29 18:54:18,789 [01366e89-60c7-46c1-a96e-1a2337162bc6@group-D4D0DA547FF3-LeaderElection14] INFO  server.RaftServerConfigKeys (ConfUtils.java:logGet(46)) - raft.server.log.appender.buffer.element-limit = 1 (custom)
2023-08-29 18:54:18,789 [01366e89-60c7-46c1-a96e-1a2337162bc6@group-D4D0DA547FF3-LeaderElection14] INFO  server.RaftServerConfigKeys (ConfUtils.java:logGet(46)) - raft.server.log.appender.wait-time.min = 10ms (default)
2023-08-29 18:54:18,789 [01366e89-60c7-46c1-a96e-1a2337162bc6@group-D4D0DA547FF3-LeaderElection14] INFO  grpc.GrpcConfigKeys (ConfUtils.java:logGet(46)) - raft.grpc.server.leader.outstanding.appends.max = 128 (default)
2023-08-29 18:54:18,789 [01366e89-60c7-46c1-a96e-1a2337162bc6@group-D4D0DA547FF3-LeaderElection14] INFO  server.RaftServerConfigKeys (ConfUtils.java:logGet(46)) - raft.server.rpc.request.timeout = 60s (custom)
2023-08-29 18:54:18,789 [01366e89-60c7-46c1-a96e-1a2337162bc6@group-D4D0DA547FF3-LeaderElection14] INFO  grpc.GrpcConfigKeys (ConfUtils.java:logGet(46)) - raft.grpc.server.install_snapshot.request.element-limit = 8 (default)
2023-08-29 18:54:18,789 [01366e89-60c7-46c1-a96e-1a2337162bc6@group-D4D0DA547FF3-LeaderElection14] INFO  grpc.GrpcConfigKeys (ConfUtils.java:logGet(46)) - raft.grpc.server.install_snapshot.request.timeout = 3000ms (default)
2023-08-29 18:54:18,789 [01366e89-60c7-46c1-a96e-1a2337162bc6@group-D4D0DA547FF3-LeaderElection14] INFO  server.RaftServerConfigKeys (ConfUtils.java:logGet(46)) - raft.server.log.appender.install.snapshot.enabled = false (custom)
2023-08-29 18:54:18,789 [01366e89-60c7-46c1-a96e-1a2337162bc6@group-D4D0DA547FF3-LeaderElection14] INFO  grpc.GrpcConfigKeys (ConfUtils.java:logGet(46)) - raft.grpc.server.heartbeat.channel = true (default)
2023-08-29 18:54:18,790 [EventQueue-OpenPipelineForHealthyPipelineSafeModeRule] INFO  safemode.SCMSafeModeManager (HealthyPipelineSafeModeRule.java:process(137)) - SCM in safe mode. Healthy pipelines reported count is 0, required healthy pipeline reported count is 1
2023-08-29 18:54:18,791 [EventQueue-PipelineReportForPipelineReportHandler] INFO  pipeline.PipelineReportHandler (PipelineReportHandler.java:processPipelineReport(136)) - Opened pipeline PipelineID=e89394e1-c97b-4e53-a036-d4d0da547ff3
2023-08-29 18:54:18,791 [EventQueue-OpenPipelineForHealthyPipelineSafeModeRule] INFO  safemode.SCMSafeModeManager (HealthyPipelineSafeModeRule.java:process(137)) - SCM in safe mode. Healthy pipelines reported count is 1, required healthy pipeline reported count is 1
2023-08-29 18:54:18,791 [EventQueue-OpenPipelineForHealthyPipelineSafeModeRule] INFO  safemode.SCMSafeModeManager (SCMSafeModeManager.java:validateSafeModeExitRules(200)) - HealthyPipelineSafeModeRule rule is successfully validated
2023-08-29 18:54:18,791 [EventQueue-OpenPipelineForHealthyPipelineSafeModeRule] INFO  safemode.SCMSafeModeManager (SCMSafeModeManager.java:validateSafeModeExitRules(215)) - ScmSafeModeManager, all rules are successfully validated
2023-08-29 18:54:18,791 [EventQueue-OpenPipelineForHealthyPipelineSafeModeRule] INFO  safemode.SCMSafeModeManager (SCMSafeModeManager.java:exitSafeMode(244)) - SCM exiting safe mode.
2023-08-29 18:54:18,791 [EventQueue-OpenPipelineForHealthyPipelineSafeModeRule] INFO  ha.SCMContext (SCMContext.java:updateSafeModeStatus(228)) - Update SafeModeStatus from SafeModeStatus{safeModeStatus=true, preCheckPassed=true} to SafeModeStatus{safeModeStatus=false, preCheckPassed=true}.
2023-08-29 18:54:18,791 [EventQueue-OpenPipelineForHealthyPipelineSafeModeRule] INFO  pipeline.BackgroundPipelineCreator (BackgroundPipelineCreator.java:notifyStatusChanged(255)) - Service BackgroundPipelineCreator transitions to RUNNING.
2023-08-29 18:54:18,791 [EventQueue-OpenPipelineForHealthyPipelineSafeModeRule] INFO  BackgroundPipelineScrubber (BackgroundSCMService.java:notifyStatusChanged(82)) - Service BackgroundPipelineScrubber transitions to RUNNING.
2023-08-29 18:54:18,791 [EventQueue-OpenPipelineForHealthyPipelineSafeModeRule] INFO  ExpiredContainerReplicaOpScrubber (BackgroundSCMService.java:notifyStatusChanged(82)) - Service ExpiredContainerReplicaOpScrubber transitions to RUNNING.
2023-08-29 18:54:18,791 [EventQueue-OpenPipelineForHealthyPipelineSafeModeRule] INFO  replication.ReplicationManager (ReplicationManager.java:notifyStatusChanged(1370)) - Service ReplicationManager transitions to RUNNING.
2023-08-29 18:54:18,792 [EventQueue-OpenPipelineForHealthyPipelineSafeModeRule] WARN  balancer.ContainerBalancer (ContainerBalancer.java:shouldRun(134)) - Could not find persisted configuration for ContainerBalancer when checking if ContainerBalancer should run. ContainerBalancer should not run now.
2023-08-29 18:54:18,792 [01366e89-60c7-46c1-a96e-1a2337162bc6@group-D4D0DA547FF3-LeaderElection14] INFO  server.RaftServerConfigKeys (ConfUtils.java:logGet(46)) - raft.server.log.appender.snapshot.chunk.size.max = 16MB (=16777216) (default)
2023-08-29 18:54:18,798 [grpc-default-executor-2] INFO  server.RaftServer$Division (RaftServerImpl.java:requestVote(1302)) - 35cfc858-a2b0-48ab-9c56-830891a3070f@group-D4D0DA547FF3: receive requestVote(ELECTION, 01366e89-60c7-46c1-a96e-1a2337162bc6, group-D4D0DA547FF3, 1, (t:0, i:0))
2023-08-29 18:54:18,798 [01366e89-60c7-46c1-a96e-1a2337162bc6@group-D4D0DA547FF3-LeaderElection14] INFO  server.RaftServerConfigKeys (ConfUtils.java:logGet(46)) - raft.server.log.appender.buffer.byte-limit = 33554432 (custom)
2023-08-29 18:54:18,799 [grpc-default-executor-2] INFO  impl.VoteContext (VoteContext.java:log(49)) - 35cfc858-a2b0-48ab-9c56-830891a3070f@group-D4D0DA547FF3-FOLLOWER: accept ELECTION from 01366e89-60c7-46c1-a96e-1a2337162bc6: our priority 0 <= candidate's priority 1
2023-08-29 18:54:18,799 [01366e89-60c7-46c1-a96e-1a2337162bc6@group-D4D0DA547FF3-LeaderElection14] INFO  server.RaftServerConfigKeys (ConfUtils.java:logGet(46)) - raft.server.log.appender.buffer.element-limit = 1 (custom)
2023-08-29 18:54:18,799 [grpc-default-executor-2] INFO  server.RaftServer$Division (RaftServerImpl.java:setRole(329)) - 35cfc858-a2b0-48ab-9c56-830891a3070f@group-D4D0DA547FF3: changes role from  FOLLOWER to FOLLOWER at term 1 for candidate:01366e89-60c7-46c1-a96e-1a2337162bc6
2023-08-29 18:54:18,799 [01366e89-60c7-46c1-a96e-1a2337162bc6@group-D4D0DA547FF3-LeaderElection14] INFO  server.RaftServerConfigKeys (ConfUtils.java:logGet(46)) - raft.server.log.appender.wait-time.min = 10ms (default)
2023-08-29 18:54:18,799 [grpc-default-executor-2] INFO  impl.RoleInfo (RoleInfo.java:shutdownFollowerState(110)) - 35cfc858-a2b0-48ab-9c56-830891a3070f: shutdown 35cfc858-a2b0-48ab-9c56-830891a3070f@group-D4D0DA547FF3-FollowerState
2023-08-29 18:54:18,799 [01366e89-60c7-46c1-a96e-1a2337162bc6@group-D4D0DA547FF3-LeaderElection14] INFO  grpc.GrpcConfigKeys (ConfUtils.java:logGet(46)) - raft.grpc.server.leader.outstanding.appends.max = 128 (default)
2023-08-29 18:54:18,799 [35cfc858-a2b0-48ab-9c56-830891a3070f@group-D4D0DA547FF3-FollowerState] INFO  impl.FollowerState (FollowerState.java:run(152)) - 35cfc858-a2b0-48ab-9c56-830891a3070f@group-D4D0DA547FF3-FollowerState was interrupted
2023-08-29 18:54:18,799 [grpc-default-executor-2] INFO  impl.RoleInfo (RoleInfo.java:updateAndGet(139)) - 35cfc858-a2b0-48ab-9c56-830891a3070f: start 35cfc858-a2b0-48ab-9c56-830891a3070f@group-D4D0DA547FF3-FollowerState
2023-08-29 18:54:18,799 [01366e89-60c7-46c1-a96e-1a2337162bc6@group-D4D0DA547FF3-LeaderElection14] INFO  server.RaftServerConfigKeys (ConfUtils.java:logGet(46)) - raft.server.rpc.request.timeout = 60s (custom)
2023-08-29 18:54:18,799 [01366e89-60c7-46c1-a96e-1a2337162bc6@group-D4D0DA547FF3-LeaderElection14] INFO  grpc.GrpcConfigKeys (ConfUtils.java:logGet(46)) - raft.grpc.server.install_snapshot.request.element-limit = 8 (default)
2023-08-29 18:54:18,799 [01366e89-60c7-46c1-a96e-1a2337162bc6@group-D4D0DA547FF3-LeaderElection14] INFO  grpc.GrpcConfigKeys (ConfUtils.java:logGet(46)) - raft.grpc.server.install_snapshot.request.timeout = 3000ms (default)
2023-08-29 18:54:18,799 [01366e89-60c7-46c1-a96e-1a2337162bc6@group-D4D0DA547FF3-LeaderElection14] INFO  server.RaftServerConfigKeys (ConfUtils.java:logGet(46)) - raft.server.log.appender.install.snapshot.enabled = false (custom)
2023-08-29 18:54:18,799 [01366e89-60c7-46c1-a96e-1a2337162bc6@group-D4D0DA547FF3-LeaderElection14] INFO  grpc.GrpcConfigKeys (ConfUtils.java:logGet(46)) - raft.grpc.server.heartbeat.channel = true (default)
2023-08-29 18:54:18,799 [01366e89-60c7-46c1-a96e-1a2337162bc6@group-D4D0DA547FF3-LeaderElection14] INFO  impl.RoleInfo (RoleInfo.java:updateAndGet(139)) - 01366e89-60c7-46c1-a96e-1a2337162bc6: start 01366e89-60c7-46c1-a96e-1a2337162bc6@group-D4D0DA547FF3-LeaderStateImpl
2023-08-29 18:54:18,800 [01366e89-60c7-46c1-a96e-1a2337162bc6@group-D4D0DA547FF3-LeaderElection14] INFO  segmented.SegmentedRaftLogWorker (SegmentedRaftLogWorker.java:startLogSegment(447)) - 01366e89-60c7-46c1-a96e-1a2337162bc6@group-D4D0DA547FF3-SegmentedRaftLogWorker: Starting segment from index:0
2023-08-29 18:54:18,805 [01366e89-60c7-46c1-a96e-1a2337162bc6@group-D4D0DA547FF3-SegmentedRaftLogWorker] INFO  segmented.SegmentedRaftLogWorker (SegmentedRaftLogWorker.java:execute(651)) - 01366e89-60c7-46c1-a96e-1a2337162bc6@group-D4D0DA547FF3-SegmentedRaftLogWorker: created new log segment /home/runner/work/ozone/ozone/hadoop-ozone/integration-test/target/test-dir/MiniOzoneClusterImpl-05f3a914-8c49-4f9f-9f2f-4b041a8937a3/datanode-0/data/ratis/e89394e1-c97b-4e53-a036-d4d0da547ff3/current/log_inprogress_0
2023-08-29 18:54:18,805 [grpc-default-executor-2] INFO  server.RaftServer$Division (RaftServerImpl.java:requestVote(1335)) - 35cfc858-a2b0-48ab-9c56-830891a3070f@group-D4D0DA547FF3 replies to ELECTION vote request: 01366e89-60c7-46c1-a96e-1a2337162bc6<-35cfc858-a2b0-48ab-9c56-830891a3070f#0:OK-t1. Peer's state: 35cfc858-a2b0-48ab-9c56-830891a3070f@group-D4D0DA547FF3:t1, leader=null, voted=01366e89-60c7-46c1-a96e-1a2337162bc6, raftlog=Memoized:35cfc858-a2b0-48ab-9c56-830891a3070f@group-D4D0DA547FF3-SegmentedRaftLog:OPENED:c-1, conf=-1: peers:[01366e89-60c7-46c1-a96e-1a2337162bc6|rpc:10.1.0.239:15067|admin:10.1.0.239:15066|client:10.1.0.239:15065|dataStream:10.1.0.239:15068|priority:1|startupRole:FOLLOWER, 9b50acff-382e-4523-ab74-6f7baa2ae53c|rpc:10.1.0.239:15076|admin:10.1.0.239:15075|client:10.1.0.239:15074|dataStream:10.1.0.239:15077|priority:0|startupRole:FOLLOWER, 35cfc858-a2b0-48ab-9c56-830891a3070f|rpc:10.1.0.239:15085|admin:10.1.0.239:15084|client:10.1.0.239:15083|dataStream:10.1.0.239:15086|priority:0|startupRole:FOLLOWER]|listeners:[], old=null
2023-08-29 18:54:18,821 [01366e89-60c7-46c1-a96e-1a2337162bc6@group-D4D0DA547FF3-LeaderElection14] INFO  server.RaftServer$Division (ServerState.java:setRaftConf(434)) - 01366e89-60c7-46c1-a96e-1a2337162bc6@group-D4D0DA547FF3: set configuration 0: peers:[01366e89-60c7-46c1-a96e-1a2337162bc6|rpc:10.1.0.239:15067|admin:10.1.0.239:15066|client:10.1.0.239:15065|dataStream:10.1.0.239:15068|priority:1|startupRole:FOLLOWER, 9b50acff-382e-4523-ab74-6f7baa2ae53c|rpc:10.1.0.239:15076|admin:10.1.0.239:15075|client:10.1.0.239:15074|dataStream:10.1.0.239:15077|priority:0|startupRole:FOLLOWER, 35cfc858-a2b0-48ab-9c56-830891a3070f|rpc:10.1.0.239:15085|admin:10.1.0.239:15084|client:10.1.0.239:15083|dataStream:10.1.0.239:15086|priority:0|startupRole:FOLLOWER]|listeners:[], old=null
2023-08-29 18:54:18,833 [9b50acff-382e-4523-ab74-6f7baa2ae53c-server-thread1] INFO  ratis.XceiverServerRatis (XceiverServerRatis.java:handleLeaderChangedNotification(902)) - Leader change notification received for group: group-D4D0DA547FF3 with new leaderId: 01366e89-60c7-46c1-a96e-1a2337162bc6
2023-08-29 18:54:18,833 [9b50acff-382e-4523-ab74-6f7baa2ae53c-server-thread1] INFO  server.RaftServer$Division (ServerState.java:setLeader(317)) - 9b50acff-382e-4523-ab74-6f7baa2ae53c@group-D4D0DA547FF3: change Leader from null to 01366e89-60c7-46c1-a96e-1a2337162bc6 at term 1 for appendEntries, leader elected after 5263ms
2023-08-29 18:54:18,847 [9b50acff-382e-4523-ab74-6f7baa2ae53c-server-thread1] INFO  server.RaftServer$Division (ServerState.java:setRaftConf(434)) - 9b50acff-382e-4523-ab74-6f7baa2ae53c@group-D4D0DA547FF3: set configuration 0: peers:[01366e89-60c7-46c1-a96e-1a2337162bc6|rpc:10.1.0.239:15067|admin:10.1.0.239:15066|client:10.1.0.239:15065|dataStream:10.1.0.239:15068|priority:1|startupRole:FOLLOWER, 9b50acff-382e-4523-ab74-6f7baa2ae53c|rpc:10.1.0.239:15076|admin:10.1.0.239:15075|client:10.1.0.239:15074|dataStream:10.1.0.239:15077|priority:0|startupRole:FOLLOWER, 35cfc858-a2b0-48ab-9c56-830891a3070f|rpc:10.1.0.239:15085|admin:10.1.0.239:15084|client:10.1.0.239:15083|dataStream:10.1.0.239:15086|priority:0|startupRole:FOLLOWER]|listeners:[], old=null
2023-08-29 18:54:18,847 [9b50acff-382e-4523-ab74-6f7baa2ae53c-server-thread1] INFO  segmented.SegmentedRaftLogWorker (SegmentedRaftLogWorker.java:startLogSegment(447)) - 9b50acff-382e-4523-ab74-6f7baa2ae53c@group-D4D0DA547FF3-SegmentedRaftLogWorker: Starting segment from index:0
2023-08-29 18:54:18,851 [35cfc858-a2b0-48ab-9c56-830891a3070f-server-thread1] INFO  ratis.XceiverServerRatis (XceiverServerRatis.java:handleLeaderChangedNotification(902)) - Leader change notification received for group: group-D4D0DA547FF3 with new leaderId: 01366e89-60c7-46c1-a96e-1a2337162bc6
2023-08-29 18:54:18,852 [35cfc858-a2b0-48ab-9c56-830891a3070f-server-thread1] INFO  server.RaftServer$Division (ServerState.java:setLeader(317)) - 35cfc858-a2b0-48ab-9c56-830891a3070f@group-D4D0DA547FF3: change Leader from null to 01366e89-60c7-46c1-a96e-1a2337162bc6 at term 1 for appendEntries, leader elected after 5244ms
2023-08-29 18:54:18,853 [9b50acff-382e-4523-ab74-6f7baa2ae53c@group-D4D0DA547FF3-SegmentedRaftLogWorker] INFO  segmented.SegmentedRaftLogWorker (SegmentedRaftLogWorker.java:execute(651)) - 9b50acff-382e-4523-ab74-6f7baa2ae53c@group-D4D0DA547FF3-SegmentedRaftLogWorker: created new log segment /home/runner/work/ozone/ozone/hadoop-ozone/integration-test/target/test-dir/MiniOzoneClusterImpl-05f3a914-8c49-4f9f-9f2f-4b041a8937a3/datanode-1/data/ratis/e89394e1-c97b-4e53-a036-d4d0da547ff3/current/log_inprogress_0
2023-08-29 18:54:18,867 [35cfc858-a2b0-48ab-9c56-830891a3070f-server-thread2] INFO  server.RaftServer$Division (ServerState.java:setRaftConf(434)) - 35cfc858-a2b0-48ab-9c56-830891a3070f@group-D4D0DA547FF3: set configuration 0: peers:[01366e89-60c7-46c1-a96e-1a2337162bc6|rpc:10.1.0.239:15067|admin:10.1.0.239:15066|client:10.1.0.239:15065|dataStream:10.1.0.239:15068|priority:1|startupRole:FOLLOWER, 9b50acff-382e-4523-ab74-6f7baa2ae53c|rpc:10.1.0.239:15076|admin:10.1.0.239:15075|client:10.1.0.239:15074|dataStream:10.1.0.239:15077|priority:0|startupRole:FOLLOWER, 35cfc858-a2b0-48ab-9c56-830891a3070f|rpc:10.1.0.239:15085|admin:10.1.0.239:15084|client:10.1.0.239:15083|dataStream:10.1.0.239:15086|priority:0|startupRole:FOLLOWER]|listeners:[], old=null
2023-08-29 18:54:18,867 [35cfc858-a2b0-48ab-9c56-830891a3070f-server-thread2] INFO  segmented.SegmentedRaftLogWorker (SegmentedRaftLogWorker.java:startLogSegment(447)) - 35cfc858-a2b0-48ab-9c56-830891a3070f@group-D4D0DA547FF3-SegmentedRaftLogWorker: Starting segment from index:0
2023-08-29 18:54:18,869 [9b50acff-382e-4523-ab74-6f7baa2ae53c@group-2215BFF0CF76-FollowerState] INFO  impl.FollowerState (FollowerState.java:run(143)) - 9b50acff-382e-4523-ab74-6f7baa2ae53c@group-2215BFF0CF76-FollowerState: change to CANDIDATE, lastRpcElapsedTime:5186944524ns, electionTimeout:5180ms
2023-08-29 18:54:18,869 [9b50acff-382e-4523-ab74-6f7baa2ae53c@group-2215BFF0CF76-FollowerState] INFO  impl.RoleInfo (RoleInfo.java:shutdownFollowerState(110)) - 9b50acff-382e-4523-ab74-6f7baa2ae53c: shutdown 9b50acff-382e-4523-ab74-6f7baa2ae53c@group-2215BFF0CF76-FollowerState
2023-08-29 18:54:18,869 [9b50acff-382e-4523-ab74-6f7baa2ae53c@group-2215BFF0CF76-FollowerState] INFO  server.RaftServer$Division (RaftServerImpl.java:setRole(329)) - 9b50acff-382e-4523-ab74-6f7baa2ae53c@group-2215BFF0CF76: changes role from  FOLLOWER to CANDIDATE at term 0 for changeToCandidate
2023-08-29 18:54:18,869 [9b50acff-382e-4523-ab74-6f7baa2ae53c@group-2215BFF0CF76-FollowerState] INFO  server.RaftServerConfigKeys (ConfUtils.java:logGet(46)) - raft.server.leaderelection.pre-vote = true (default)
2023-08-29 18:54:18,869 [9b50acff-382e-4523-ab74-6f7baa2ae53c@group-2215BFF0CF76-FollowerState] INFO  impl.RoleInfo (RoleInfo.java:updateAndGet(139)) - 9b50acff-382e-4523-ab74-6f7baa2ae53c: start 9b50acff-382e-4523-ab74-6f7baa2ae53c@group-2215BFF0CF76-LeaderElection15
2023-08-29 18:54:18,873 [9b50acff-382e-4523-ab74-6f7baa2ae53c@group-2215BFF0CF76-LeaderElection15] INFO  impl.LeaderElection (LeaderElection.java:askForVotes(321)) - 9b50acff-382e-4523-ab74-6f7baa2ae53c@group-2215BFF0CF76-LeaderElection15 PRE_VOTE round 0: submit vote requests at term 0 for -1: peers:[01366e89-60c7-46c1-a96e-1a2337162bc6|rpc:10.1.0.239:15067|admin:10.1.0.239:15066|client:10.1.0.239:15065|dataStream:10.1.0.239:15068|priority:0|startupRole:FOLLOWER, 9b50acff-382e-4523-ab74-6f7baa2ae53c|rpc:10.1.0.239:15076|admin:10.1.0.239:15075|client:10.1.0.239:15074|dataStream:10.1.0.239:15077|priority:1|startupRole:FOLLOWER, 35cfc858-a2b0-48ab-9c56-830891a3070f|rpc:10.1.0.239:15085|admin:10.1.0.239:15084|client:10.1.0.239:15083|dataStream:10.1.0.239:15086|priority:0|startupRole:FOLLOWER]|listeners:[], old=null
2023-08-29 18:54:18,874 [9b50acff-382e-4523-ab74-6f7baa2ae53c@group-2215BFF0CF76-LeaderElection15] INFO  server.RaftServerConfigKeys (ConfUtils.java:logFallback(53)) - raft.server.rpc.first-election.timeout.min = 5s (fallback to raft.server.rpc.timeout.min)
2023-08-29 18:54:18,874 [9b50acff-382e-4523-ab74-6f7baa2ae53c@group-2215BFF0CF76-LeaderElection15] INFO  server.RaftServerConfigKeys (ConfUtils.java:logFallback(53)) - raft.server.rpc.first-election.timeout.max = 5200ms (fallback to raft.server.rpc.timeout.max)
2023-08-29 18:54:18,876 [35cfc858-a2b0-48ab-9c56-830891a3070f@group-D4D0DA547FF3-SegmentedRaftLogWorker] INFO  segmented.SegmentedRaftLogWorker (SegmentedRaftLogWorker.java:execute(651)) - 35cfc858-a2b0-48ab-9c56-830891a3070f@group-D4D0DA547FF3-SegmentedRaftLogWorker: created new log segment /home/runner/work/ozone/ozone/hadoop-ozone/integration-test/target/test-dir/MiniOzoneClusterImpl-05f3a914-8c49-4f9f-9f2f-4b041a8937a3/datanode-2/data/ratis/e89394e1-c97b-4e53-a036-d4d0da547ff3/current/log_inprogress_0
2023-08-29 18:54:18,877 [grpc-default-executor-4] INFO  server.RaftServer$Division (RaftServerImpl.java:requestVote(1302)) - 01366e89-60c7-46c1-a96e-1a2337162bc6@group-2215BFF0CF76: receive requestVote(PRE_VOTE, 9b50acff-382e-4523-ab74-6f7baa2ae53c, group-2215BFF0CF76, 0, (t:0, i:0))
2023-08-29 18:54:18,877 [grpc-default-executor-4] INFO  impl.VoteContext (VoteContext.java:log(49)) - 01366e89-60c7-46c1-a96e-1a2337162bc6@group-2215BFF0CF76-FOLLOWER: accept PRE_VOTE from 9b50acff-382e-4523-ab74-6f7baa2ae53c: our priority 0 <= candidate's priority 1
2023-08-29 18:54:18,878 [grpc-default-executor-4] INFO  server.RaftServer$Division (RaftServerImpl.java:requestVote(1335)) - 01366e89-60c7-46c1-a96e-1a2337162bc6@group-2215BFF0CF76 replies to PRE_VOTE vote request: 9b50acff-382e-4523-ab74-6f7baa2ae53c<-01366e89-60c7-46c1-a96e-1a2337162bc6#0:OK-t0. Peer's state: 01366e89-60c7-46c1-a96e-1a2337162bc6@group-2215BFF0CF76:t0, leader=null, voted=, raftlog=Memoized:01366e89-60c7-46c1-a96e-1a2337162bc6@group-2215BFF0CF76-SegmentedRaftLog:OPENED:c-1, conf=-1: peers:[01366e89-60c7-46c1-a96e-1a2337162bc6|rpc:10.1.0.239:15067|admin:10.1.0.239:15066|client:10.1.0.239:15065|dataStream:10.1.0.239:15068|priority:0|startupRole:FOLLOWER, 9b50acff-382e-4523-ab74-6f7baa2ae53c|rpc:10.1.0.239:15076|admin:10.1.0.239:15075|client:10.1.0.239:15074|dataStream:10.1.0.239:15077|priority:1|startupRole:FOLLOWER, 35cfc858-a2b0-48ab-9c56-830891a3070f|rpc:10.1.0.239:15085|admin:10.1.0.239:15084|client:10.1.0.239:15083|dataStream:10.1.0.239:15086|priority:0|startupRole:FOLLOWER]|listeners:[], old=null
2023-08-29 18:54:18,880 [9b50acff-382e-4523-ab74-6f7baa2ae53c@group-2215BFF0CF76-LeaderElection15] INFO  impl.LeaderElection (LeaderElection.java:logAndReturn(90)) - 9b50acff-382e-4523-ab74-6f7baa2ae53c@group-2215BFF0CF76-LeaderElection15: PRE_VOTE PASSED received 1 response(s) and 0 exception(s):
2023-08-29 18:54:18,880 [grpc-default-executor-5] INFO  server.RaftServer$Division (RaftServerImpl.java:requestVote(1302)) - 35cfc858-a2b0-48ab-9c56-830891a3070f@group-2215BFF0CF76: receive requestVote(PRE_VOTE, 9b50acff-382e-4523-ab74-6f7baa2ae53c, group-2215BFF0CF76, 0, (t:0, i:0))
2023-08-29 18:54:18,880 [9b50acff-382e-4523-ab74-6f7baa2ae53c@group-2215BFF0CF76-LeaderElection15] INFO  impl.LeaderElection (LeaderElection.java:logAndReturn(94)) -   Response 0: 9b50acff-382e-4523-ab74-6f7baa2ae53c<-01366e89-60c7-46c1-a96e-1a2337162bc6#0:OK-t0
2023-08-29 18:54:18,881 [9b50acff-382e-4523-ab74-6f7baa2ae53c@group-2215BFF0CF76-LeaderElection15] INFO  impl.LeaderElection (LeaderElection.java:askForVotes(323)) - 9b50acff-382e-4523-ab74-6f7baa2ae53c@group-2215BFF0CF76-LeaderElection15 PRE_VOTE round 0: result PASSED
2023-08-29 18:54:18,881 [grpc-default-executor-5] INFO  impl.VoteContext (VoteContext.java:log(49)) - 35cfc858-a2b0-48ab-9c56-830891a3070f@group-2215BFF0CF76-FOLLOWER: accept PRE_VOTE from 9b50acff-382e-4523-ab74-6f7baa2ae53c: our priority 0 <= candidate's priority 1
2023-08-29 18:54:18,881 [grpc-default-executor-5] INFO  server.RaftServer$Division (RaftServerImpl.java:requestVote(1335)) - 35cfc858-a2b0-48ab-9c56-830891a3070f@group-2215BFF0CF76 replies to PRE_VOTE vote request: 9b50acff-382e-4523-ab74-6f7baa2ae53c<-35cfc858-a2b0-48ab-9c56-830891a3070f#0:OK-t0. Peer's state: 35cfc858-a2b0-48ab-9c56-830891a3070f@group-2215BFF0CF76:t0, leader=null, voted=, raftlog=Memoized:35cfc858-a2b0-48ab-9c56-830891a3070f@group-2215BFF0CF76-SegmentedRaftLog:OPENED:c-1, conf=-1: peers:[01366e89-60c7-46c1-a96e-1a2337162bc6|rpc:10.1.0.239:15067|admin:10.1.0.239:15066|client:10.1.0.239:15065|dataStream:10.1.0.239:15068|priority:0|startupRole:FOLLOWER, 9b50acff-382e-4523-ab74-6f7baa2ae53c|rpc:10.1.0.239:15076|admin:10.1.0.239:15075|client:10.1.0.239:15074|dataStream:10.1.0.239:15077|priority:1|startupRole:FOLLOWER, 35cfc858-a2b0-48ab-9c56-830891a3070f|rpc:10.1.0.239:15085|admin:10.1.0.239:15084|client:10.1.0.239:15083|dataStream:10.1.0.239:15086|priority:0|startupRole:FOLLOWER]|listeners:[], old=null
2023-08-29 18:54:18,883 [9b50acff-382e-4523-ab74-6f7baa2ae53c@group-2215BFF0CF76-LeaderElection15] INFO  impl.LeaderElection (LeaderElection.java:askForVotes(321)) - 9b50acff-382e-4523-ab74-6f7baa2ae53c@group-2215BFF0CF76-LeaderElection15 ELECTION round 0: submit vote requests at term 1 for -1: peers:[01366e89-60c7-46c1-a96e-1a2337162bc6|rpc:10.1.0.239:15067|admin:10.1.0.239:15066|client:10.1.0.239:15065|dataStream:10.1.0.239:15068|priority:0|startupRole:FOLLOWER, 9b50acff-382e-4523-ab74-6f7baa2ae53c|rpc:10.1.0.239:15076|admin:10.1.0.239:15075|client:10.1.0.239:15074|dataStream:10.1.0.239:15077|priority:1|startupRole:FOLLOWER, 35cfc858-a2b0-48ab-9c56-830891a3070f|rpc:10.1.0.239:15085|admin:10.1.0.239:15084|client:10.1.0.239:15083|dataStream:10.1.0.239:15086|priority:0|startupRole:FOLLOWER]|listeners:[], old=null
2023-08-29 18:54:18,883 [9b50acff-382e-4523-ab74-6f7baa2ae53c@group-2215BFF0CF76-LeaderElection15] INFO  server.RaftServerConfigKeys (ConfUtils.java:logFallback(53)) - raft.server.rpc.first-election.timeout.min = 5s (fallback to raft.server.rpc.timeout.min)
2023-08-29 18:54:18,883 [9b50acff-382e-4523-ab74-6f7baa2ae53c@group-2215BFF0CF76-LeaderElection15] INFO  server.RaftServerConfigKeys (ConfUtils.java:logFallback(53)) - raft.server.rpc.first-election.timeout.max = 5200ms (fallback to raft.server.rpc.timeout.max)
2023-08-29 18:54:18,887 [grpc-default-executor-5] INFO  server.RaftServer$Division (RaftServerImpl.java:requestVote(1302)) - 01366e89-60c7-46c1-a96e-1a2337162bc6@group-2215BFF0CF76: receive requestVote(ELECTION, 9b50acff-382e-4523-ab74-6f7baa2ae53c, group-2215BFF0CF76, 1, (t:0, i:0))
2023-08-29 18:54:18,887 [grpc-default-executor-5] INFO  impl.VoteContext (VoteContext.java:log(49)) - 01366e89-60c7-46c1-a96e-1a2337162bc6@group-2215BFF0CF76-FOLLOWER: accept ELECTION from 9b50acff-382e-4523-ab74-6f7baa2ae53c: our priority 0 <= candidate's priority 1
2023-08-29 18:54:18,887 [grpc-default-executor-5] INFO  server.RaftServer$Division (RaftServerImpl.java:setRole(329)) - 01366e89-60c7-46c1-a96e-1a2337162bc6@group-2215BFF0CF76: changes role from  FOLLOWER to FOLLOWER at term 1 for candidate:9b50acff-382e-4523-ab74-6f7baa2ae53c
2023-08-29 18:54:18,887 [grpc-default-executor-5] INFO  impl.RoleInfo (RoleInfo.java:shutdownFollowerState(110)) - 01366e89-60c7-46c1-a96e-1a2337162bc6: shutdown 01366e89-60c7-46c1-a96e-1a2337162bc6@group-2215BFF0CF76-FollowerState
2023-08-29 18:54:18,887 [grpc-default-executor-5] INFO  impl.RoleInfo (RoleInfo.java:updateAndGet(139)) - 01366e89-60c7-46c1-a96e-1a2337162bc6: start 01366e89-60c7-46c1-a96e-1a2337162bc6@group-2215BFF0CF76-FollowerState
2023-08-29 18:54:18,887 [01366e89-60c7-46c1-a96e-1a2337162bc6@group-2215BFF0CF76-FollowerState] INFO  impl.FollowerState (FollowerState.java:run(152)) - 01366e89-60c7-46c1-a96e-1a2337162bc6@group-2215BFF0CF76-FollowerState was interrupted
2023-08-29 18:54:18,897 [grpc-default-executor-5] INFO  server.RaftServer$Division (RaftServerImpl.java:requestVote(1335)) - 01366e89-60c7-46c1-a96e-1a2337162bc6@group-2215BFF0CF76 replies to ELECTION vote request: 9b50acff-382e-4523-ab74-6f7baa2ae53c<-01366e89-60c7-46c1-a96e-1a2337162bc6#0:OK-t1. Peer's state: 01366e89-60c7-46c1-a96e-1a2337162bc6@group-2215BFF0CF76:t1, leader=null, voted=9b50acff-382e-4523-ab74-6f7baa2ae53c, raftlog=Memoized:01366e89-60c7-46c1-a96e-1a2337162bc6@group-2215BFF0CF76-SegmentedRaftLog:OPENED:c-1, conf=-1: peers:[01366e89-60c7-46c1-a96e-1a2337162bc6|rpc:10.1.0.239:15067|admin:10.1.0.239:15066|client:10.1.0.239:15065|dataStream:10.1.0.239:15068|priority:0|startupRole:FOLLOWER, 9b50acff-382e-4523-ab74-6f7baa2ae53c|rpc:10.1.0.239:15076|admin:10.1.0.239:15075|client:10.1.0.239:15074|dataStream:10.1.0.239:15077|priority:1|startupRole:FOLLOWER, 35cfc858-a2b0-48ab-9c56-830891a3070f|rpc:10.1.0.239:15085|admin:10.1.0.239:15084|client:10.1.0.239:15083|dataStream:10.1.0.239:15086|priority:0|startupRole:FOLLOWER]|listeners:[], old=null
2023-08-29 18:54:18,897 [9b50acff-382e-4523-ab74-6f7baa2ae53c@group-2215BFF0CF76-LeaderElection15] INFO  impl.LeaderElection (LeaderElection.java:logAndReturn(90)) - 9b50acff-382e-4523-ab74-6f7baa2ae53c@group-2215BFF0CF76-LeaderElection15: ELECTION PASSED received 1 response(s) and 0 exception(s):
2023-08-29 18:54:18,898 [9b50acff-382e-4523-ab74-6f7baa2ae53c@group-2215BFF0CF76-LeaderElection15] INFO  impl.LeaderElection (LeaderElection.java:logAndReturn(94)) -   Response 0: 9b50acff-382e-4523-ab74-6f7baa2ae53c<-01366e89-60c7-46c1-a96e-1a2337162bc6#0:OK-t1
2023-08-29 18:54:18,898 [9b50acff-382e-4523-ab74-6f7baa2ae53c@group-2215BFF0CF76-LeaderElection15] INFO  impl.LeaderElection (LeaderElection.java:askForVotes(323)) - 9b50acff-382e-4523-ab74-6f7baa2ae53c@group-2215BFF0CF76-LeaderElection15 ELECTION round 0: result PASSED
2023-08-29 18:54:18,898 [9b50acff-382e-4523-ab74-6f7baa2ae53c@group-2215BFF0CF76-LeaderElection15] INFO  impl.RoleInfo (RoleInfo.java:shutdownLeaderElection(130)) - 9b50acff-382e-4523-ab74-6f7baa2ae53c: shutdown 9b50acff-382e-4523-ab74-6f7baa2ae53c@group-2215BFF0CF76-LeaderElection15
2023-08-29 18:54:18,898 [9b50acff-382e-4523-ab74-6f7baa2ae53c@group-2215BFF0CF76-LeaderElection15] INFO  server.RaftServer$Division (RaftServerImpl.java:setRole(329)) - 9b50acff-382e-4523-ab74-6f7baa2ae53c@group-2215BFF0CF76: changes role from CANDIDATE to LEADER at term 1 for changeToLeader
2023-08-29 18:54:18,898 [9b50acff-382e-4523-ab74-6f7baa2ae53c@group-2215BFF0CF76-LeaderElection15] INFO  ratis.XceiverServerRatis (XceiverServerRatis.java:handleLeaderChangedNotification(902)) - Leader change notification received for group: group-2215BFF0CF76 with new leaderId: 9b50acff-382e-4523-ab74-6f7baa2ae53c
2023-08-29 18:54:18,898 [9b50acff-382e-4523-ab74-6f7baa2ae53c@group-2215BFF0CF76-LeaderElection15] INFO  server.RaftServer$Division (ServerState.java:setLeader(317)) - 9b50acff-382e-4523-ab74-6f7baa2ae53c@group-2215BFF0CF76: change Leader from null to 9b50acff-382e-4523-ab74-6f7baa2ae53c at term 1 for becomeLeader, leader elected after 5227ms
2023-08-29 18:54:18,898 [9b50acff-382e-4523-ab74-6f7baa2ae53c@group-2215BFF0CF76-LeaderElection15] INFO  server.RaftServerConfigKeys (ConfUtils.java:logGet(46)) - raft.server.staging.catchup.gap = 1000 (default)
2023-08-29 18:54:18,898 [9b50acff-382e-4523-ab74-6f7baa2ae53c@group-2215BFF0CF76-LeaderElection15] INFO  server.RaftServerConfigKeys (ConfUtils.java:logGet(46)) - raft.server.write.element-limit = 1024 (custom)
2023-08-29 18:54:18,898 [9b50acff-382e-4523-ab74-6f7baa2ae53c@group-2215BFF0CF76-LeaderElection15] INFO  server.RaftServerConfigKeys (ConfUtils.java:logGet(46)) - raft.server.write.byte-limit = 1024 M (=1073741824) (custom)
2023-08-29 18:54:18,900 [EventQueue-PipelineReportForPipelineReportHandler] INFO  pipeline.PipelineReportHandler (PipelineReportHandler.java:processPipelineReport(136)) - Opened pipeline PipelineID=8cf0cd72-1108-407f-b359-2215bff0cf76
2023-08-29 18:54:18,901 [9b50acff-382e-4523-ab74-6f7baa2ae53c@group-2215BFF0CF76-LeaderElection15] INFO  server.RaftServerConfigKeys (ConfUtils.java:logGet(46)) - raft.server.watch.timeout = 180s (custom)
2023-08-29 18:54:18,901 [9b50acff-382e-4523-ab74-6f7baa2ae53c@group-2215BFF0CF76-LeaderElection15] INFO  server.RaftServerConfigKeys (ConfUtils.java:logGet(46)) - raft.server.watch.timeout.denomination = 1s (default)
2023-08-29 18:54:18,901 [9b50acff-382e-4523-ab74-6f7baa2ae53c@group-2215BFF0CF76-LeaderElection15] INFO  server.RaftServerConfigKeys (ConfUtils.java:logGet(46)) - raft.server.watch.element-limit = 65536 (default)
2023-08-29 18:54:18,901 [9b50acff-382e-4523-ab74-6f7baa2ae53c@group-2215BFF0CF76-LeaderElection15] INFO  server.RaftServerConfigKeys (ConfUtils.java:logGet(46)) - raft.server.write.element-limit = 1024 (custom)
2023-08-29 18:54:18,901 [9b50acff-382e-4523-ab74-6f7baa2ae53c@group-2215BFF0CF76-LeaderElection15] INFO  server.RaftServerConfigKeys (ConfUtils.java:logGet(46)) - raft.server.write.follower.gap.ratio.max = -1.0 (default)
2023-08-29 18:54:18,901 [9b50acff-382e-4523-ab74-6f7baa2ae53c@group-2215BFF0CF76-LeaderElection15] INFO  server.RaftServerConfigKeys (ConfUtils.java:logGet(46)) - raft.server.log.appender.snapshot.chunk.size.max = 16MB (=16777216) (default)
2023-08-29 18:54:18,902 [9b50acff-382e-4523-ab74-6f7baa2ae53c@group-2215BFF0CF76-LeaderElection15] INFO  server.RaftServerConfigKeys (ConfUtils.java:logGet(46)) - raft.server.log.appender.buffer.byte-limit = 33554432 (custom)
2023-08-29 18:54:18,902 [9b50acff-382e-4523-ab74-6f7baa2ae53c@group-2215BFF0CF76-LeaderElection15] INFO  server.RaftServerConfigKeys (ConfUtils.java:logGet(46)) - raft.server.log.appender.buffer.element-limit = 1 (custom)
2023-08-29 18:54:18,902 [9b50acff-382e-4523-ab74-6f7baa2ae53c@group-2215BFF0CF76-LeaderElection15] INFO  server.RaftServerConfigKeys (ConfUtils.java:logGet(46)) - raft.server.log.appender.wait-time.min = 10ms (default)
2023-08-29 18:54:18,902 [9b50acff-382e-4523-ab74-6f7baa2ae53c@group-2215BFF0CF76-LeaderElection15] INFO  grpc.GrpcConfigKeys (ConfUtils.java:logGet(46)) - raft.grpc.server.leader.outstanding.appends.max = 128 (default)
2023-08-29 18:54:18,902 [9b50acff-382e-4523-ab74-6f7baa2ae53c@group-2215BFF0CF76-LeaderElection15] INFO  server.RaftServerConfigKeys (ConfUtils.java:logGet(46)) - raft.server.rpc.request.timeout = 60s (custom)
2023-08-29 18:54:18,902 [9b50acff-382e-4523-ab74-6f7baa2ae53c@group-2215BFF0CF76-LeaderElection15] INFO  grpc.GrpcConfigKeys (ConfUtils.java:logGet(46)) - raft.grpc.server.install_snapshot.request.element-limit = 8 (default)
2023-08-29 18:54:18,902 [9b50acff-382e-4523-ab74-6f7baa2ae53c@group-2215BFF0CF76-LeaderElection15] INFO  grpc.GrpcConfigKeys (ConfUtils.java:logGet(46)) - raft.grpc.server.install_snapshot.request.timeout = 3000ms (default)
2023-08-29 18:54:18,902 [9b50acff-382e-4523-ab74-6f7baa2ae53c@group-2215BFF0CF76-LeaderElection15] INFO  server.RaftServerConfigKeys (ConfUtils.java:logGet(46)) - raft.server.log.appender.install.snapshot.enabled = false (custom)
2023-08-29 18:54:18,902 [9b50acff-382e-4523-ab74-6f7baa2ae53c@group-2215BFF0CF76-LeaderElection15] INFO  grpc.GrpcConfigKeys (ConfUtils.java:logGet(46)) - raft.grpc.server.heartbeat.channel = true (default)
2023-08-29 18:54:18,902 [9b50acff-382e-4523-ab74-6f7baa2ae53c@group-2215BFF0CF76-LeaderElection15] INFO  server.RaftServerConfigKeys (ConfUtils.java:logGet(46)) - raft.server.log.appender.snapshot.chunk.size.max = 16MB (=16777216) (default)
2023-08-29 18:54:18,903 [9b50acff-382e-4523-ab74-6f7baa2ae53c@group-2215BFF0CF76-LeaderElection15] INFO  server.RaftServerConfigKeys (ConfUtils.java:logGet(46)) - raft.server.log.appender.buffer.byte-limit = 33554432 (custom)
2023-08-29 18:54:18,903 [9b50acff-382e-4523-ab74-6f7baa2ae53c@group-2215BFF0CF76-LeaderElection15] INFO  server.RaftServerConfigKeys (ConfUtils.java:logGet(46)) - raft.server.log.appender.buffer.element-limit = 1 (custom)
2023-08-29 18:54:18,903 [9b50acff-382e-4523-ab74-6f7baa2ae53c@group-2215BFF0CF76-LeaderElection15] INFO  server.RaftServerConfigKeys (ConfUtils.java:logGet(46)) - raft.server.log.appender.wait-time.min = 10ms (default)
2023-08-29 18:54:18,903 [9b50acff-382e-4523-ab74-6f7baa2ae53c@group-2215BFF0CF76-LeaderElection15] INFO  grpc.GrpcConfigKeys (ConfUtils.java:logGet(46)) - raft.grpc.server.leader.outstanding.appends.max = 128 (default)
2023-08-29 18:54:18,903 [9b50acff-382e-4523-ab74-6f7baa2ae53c@group-2215BFF0CF76-LeaderElection15] INFO  server.RaftServerConfigKeys (ConfUtils.java:logGet(46)) - raft.server.rpc.request.timeout = 60s (custom)
2023-08-29 18:54:18,903 [9b50acff-382e-4523-ab74-6f7baa2ae53c@group-2215BFF0CF76-LeaderElection15] INFO  grpc.GrpcConfigKeys (ConfUtils.java:logGet(46)) - raft.grpc.server.install_snapshot.request.element-limit = 8 (default)
2023-08-29 18:54:18,903 [9b50acff-382e-4523-ab74-6f7baa2ae53c@group-2215BFF0CF76-LeaderElection15] INFO  grpc.GrpcConfigKeys (ConfUtils.java:logGet(46)) - raft.grpc.server.install_snapshot.request.timeout = 3000ms (default)
2023-08-29 18:54:18,903 [9b50acff-382e-4523-ab74-6f7baa2ae53c@group-2215BFF0CF76-LeaderElection15] INFO  server.RaftServerConfigKeys (ConfUtils.java:logGet(46)) - raft.server.log.appender.install.snapshot.enabled = false (custom)
2023-08-29 18:54:18,903 [9b50acff-382e-4523-ab74-6f7baa2ae53c@group-2215BFF0CF76-LeaderElection15] INFO  grpc.GrpcConfigKeys (ConfUtils.java:logGet(46)) - raft.grpc.server.heartbeat.channel = true (default)
2023-08-29 18:54:18,903 [9b50acff-382e-4523-ab74-6f7baa2ae53c@group-2215BFF0CF76-LeaderElection15] INFO  impl.RoleInfo (RoleInfo.java:updateAndGet(139)) - 9b50acff-382e-4523-ab74-6f7baa2ae53c: start 9b50acff-382e-4523-ab74-6f7baa2ae53c@group-2215BFF0CF76-LeaderStateImpl
2023-08-29 18:54:18,903 [9b50acff-382e-4523-ab74-6f7baa2ae53c@group-2215BFF0CF76-LeaderElection15] INFO  segmented.SegmentedRaftLogWorker (SegmentedRaftLogWorker.java:startLogSegment(447)) - 9b50acff-382e-4523-ab74-6f7baa2ae53c@group-2215BFF0CF76-SegmentedRaftLogWorker: Starting segment from index:0
2023-08-29 18:54:18,904 [grpc-default-executor-4] INFO  server.RaftServer$Division (RaftServerImpl.java:requestVote(1302)) - 35cfc858-a2b0-48ab-9c56-830891a3070f@group-2215BFF0CF76: receive requestVote(ELECTION, 9b50acff-382e-4523-ab74-6f7baa2ae53c, group-2215BFF0CF76, 1, (t:0, i:0))
2023-08-29 18:54:18,904 [grpc-default-executor-4] INFO  impl.VoteContext (VoteContext.java:log(49)) - 35cfc858-a2b0-48ab-9c56-830891a3070f@group-2215BFF0CF76-FOLLOWER: accept ELECTION from 9b50acff-382e-4523-ab74-6f7baa2ae53c: our priority 0 <= candidate's priority 1
2023-08-29 18:54:18,904 [grpc-default-executor-4] INFO  server.RaftServer$Division (RaftServerImpl.java:setRole(329)) - 35cfc858-a2b0-48ab-9c56-830891a3070f@group-2215BFF0CF76: changes role from  FOLLOWER to FOLLOWER at term 1 for candidate:9b50acff-382e-4523-ab74-6f7baa2ae53c
2023-08-29 18:54:18,904 [grpc-default-executor-4] INFO  impl.RoleInfo (RoleInfo.java:shutdownFollowerState(110)) - 35cfc858-a2b0-48ab-9c56-830891a3070f: shutdown 35cfc858-a2b0-48ab-9c56-830891a3070f@group-2215BFF0CF76-FollowerState
2023-08-29 18:54:18,905 [9b50acff-382e-4523-ab74-6f7baa2ae53c@group-2215BFF0CF76-SegmentedRaftLogWorker] INFO  segmented.SegmentedRaftLogWorker (SegmentedRaftLogWorker.java:execute(651)) - 9b50acff-382e-4523-ab74-6f7baa2ae53c@group-2215BFF0CF76-SegmentedRaftLogWorker: created new log segment /home/runner/work/ozone/ozone/hadoop-ozone/integration-test/target/test-dir/MiniOzoneClusterImpl-05f3a914-8c49-4f9f-9f2f-4b041a8937a3/datanode-1/data/ratis/8cf0cd72-1108-407f-b359-2215bff0cf76/current/log_inprogress_0
2023-08-29 18:54:18,913 [grpc-default-executor-4] INFO  impl.RoleInfo (RoleInfo.java:updateAndGet(139)) - 35cfc858-a2b0-48ab-9c56-830891a3070f: start 35cfc858-a2b0-48ab-9c56-830891a3070f@group-2215BFF0CF76-FollowerState
2023-08-29 18:54:18,913 [35cfc858-a2b0-48ab-9c56-830891a3070f@group-2215BFF0CF76-FollowerState] INFO  impl.FollowerState (FollowerState.java:run(152)) - 35cfc858-a2b0-48ab-9c56-830891a3070f@group-2215BFF0CF76-FollowerState was interrupted
2023-08-29 18:54:18,913 [9b50acff-382e-4523-ab74-6f7baa2ae53c@group-2215BFF0CF76-LeaderElection15] INFO  server.RaftServer$Division (ServerState.java:setRaftConf(434)) - 9b50acff-382e-4523-ab74-6f7baa2ae53c@group-2215BFF0CF76: set configuration 0: peers:[01366e89-60c7-46c1-a96e-1a2337162bc6|rpc:10.1.0.239:15067|admin:10.1.0.239:15066|client:10.1.0.239:15065|dataStream:10.1.0.239:15068|priority:0|startupRole:FOLLOWER, 9b50acff-382e-4523-ab74-6f7baa2ae53c|rpc:10.1.0.239:15076|admin:10.1.0.239:15075|client:10.1.0.239:15074|dataStream:10.1.0.239:15077|priority:1|startupRole:FOLLOWER, 35cfc858-a2b0-48ab-9c56-830891a3070f|rpc:10.1.0.239:15085|admin:10.1.0.239:15084|client:10.1.0.239:15083|dataStream:10.1.0.239:15086|priority:0|startupRole:FOLLOWER]|listeners:[], old=null
2023-08-29 18:54:18,914 [grpc-default-executor-4] INFO  server.RaftServer$Division (RaftServerImpl.java:requestVote(1335)) - 35cfc858-a2b0-48ab-9c56-830891a3070f@group-2215BFF0CF76 replies to ELECTION vote request: 9b50acff-382e-4523-ab74-6f7baa2ae53c<-35cfc858-a2b0-48ab-9c56-830891a3070f#0:OK-t1. Peer's state: 35cfc858-a2b0-48ab-9c56-830891a3070f@group-2215BFF0CF76:t1, leader=null, voted=9b50acff-382e-4523-ab74-6f7baa2ae53c, raftlog=Memoized:35cfc858-a2b0-48ab-9c56-830891a3070f@group-2215BFF0CF76-SegmentedRaftLog:OPENED:c-1, conf=-1: peers:[01366e89-60c7-46c1-a96e-1a2337162bc6|rpc:10.1.0.239:15067|admin:10.1.0.239:15066|client:10.1.0.239:15065|dataStream:10.1.0.239:15068|priority:0|startupRole:FOLLOWER, 9b50acff-382e-4523-ab74-6f7baa2ae53c|rpc:10.1.0.239:15076|admin:10.1.0.239:15075|client:10.1.0.239:15074|dataStream:10.1.0.239:15077|priority:1|startupRole:FOLLOWER, 35cfc858-a2b0-48ab-9c56-830891a3070f|rpc:10.1.0.239:15085|admin:10.1.0.239:15084|client:10.1.0.239:15083|dataStream:10.1.0.239:15086|priority:0|startupRole:FOLLOWER]|listeners:[], old=null
2023-08-29 18:54:18,915 [01366e89-60c7-46c1-a96e-1a2337162bc6-server-thread1] INFO  ratis.XceiverServerRatis (XceiverServerRatis.java:handleLeaderChangedNotification(902)) - Leader change notification received for group: group-2215BFF0CF76 with new leaderId: 9b50acff-382e-4523-ab74-6f7baa2ae53c
2023-08-29 18:54:18,920 [01366e89-60c7-46c1-a96e-1a2337162bc6-server-thread1] INFO  server.RaftServer$Division (ServerState.java:setLeader(317)) - 01366e89-60c7-46c1-a96e-1a2337162bc6@group-2215BFF0CF76: change Leader from null to 9b50acff-382e-4523-ab74-6f7baa2ae53c at term 1 for appendEntries, leader elected after 5274ms
2023-08-29 18:54:18,923 [01366e89-60c7-46c1-a96e-1a2337162bc6-server-thread2] INFO  server.RaftServer$Division (ServerState.java:setRaftConf(434)) - 01366e89-60c7-46c1-a96e-1a2337162bc6@group-2215BFF0CF76: set configuration 0: peers:[01366e89-60c7-46c1-a96e-1a2337162bc6|rpc:10.1.0.239:15067|admin:10.1.0.239:15066|client:10.1.0.239:15065|dataStream:10.1.0.239:15068|priority:0|startupRole:FOLLOWER, 9b50acff-382e-4523-ab74-6f7baa2ae53c|rpc:10.1.0.239:15076|admin:10.1.0.239:15075|client:10.1.0.239:15074|dataStream:10.1.0.239:15077|priority:1|startupRole:FOLLOWER, 35cfc858-a2b0-48ab-9c56-830891a3070f|rpc:10.1.0.239:15085|admin:10.1.0.239:15084|client:10.1.0.239:15083|dataStream:10.1.0.239:15086|priority:0|startupRole:FOLLOWER]|listeners:[], old=null
2023-08-29 18:54:18,923 [01366e89-60c7-46c1-a96e-1a2337162bc6-server-thread2] INFO  segmented.SegmentedRaftLogWorker (SegmentedRaftLogWorker.java:startLogSegment(447)) - 01366e89-60c7-46c1-a96e-1a2337162bc6@group-2215BFF0CF76-SegmentedRaftLogWorker: Starting segment from index:0
2023-08-29 18:54:18,925 [35cfc858-a2b0-48ab-9c56-830891a3070f-server-thread1] INFO  ratis.XceiverServerRatis (XceiverServerRatis.java:handleLeaderChangedNotification(902)) - Leader change notification received for group: group-2215BFF0CF76 with new leaderId: 9b50acff-382e-4523-ab74-6f7baa2ae53c
2023-08-29 18:54:18,925 [35cfc858-a2b0-48ab-9c56-830891a3070f-server-thread1] INFO  server.RaftServer$Division (ServerState.java:setLeader(317)) - 35cfc858-a2b0-48ab-9c56-830891a3070f@group-2215BFF0CF76: change Leader from null to 9b50acff-382e-4523-ab74-6f7baa2ae53c at term 1 for appendEntries, leader elected after 5220ms
2023-08-29 18:54:18,925 [01366e89-60c7-46c1-a96e-1a2337162bc6@group-2215BFF0CF76-SegmentedRaftLogWorker] INFO  segmented.SegmentedRaftLogWorker (SegmentedRaftLogWorker.java:execute(651)) - 01366e89-60c7-46c1-a96e-1a2337162bc6@group-2215BFF0CF76-SegmentedRaftLogWorker: created new log segment /home/runner/work/ozone/ozone/hadoop-ozone/integration-test/target/test-dir/MiniOzoneClusterImpl-05f3a914-8c49-4f9f-9f2f-4b041a8937a3/datanode-0/data/ratis/8cf0cd72-1108-407f-b359-2215bff0cf76/current/log_inprogress_0
2023-08-29 18:54:18,933 [35cfc858-a2b0-48ab-9c56-830891a3070f-server-thread2] INFO  server.RaftServer$Division (ServerState.java:setRaftConf(434)) - 35cfc858-a2b0-48ab-9c56-830891a3070f@group-2215BFF0CF76: set configuration 0: peers:[01366e89-60c7-46c1-a96e-1a2337162bc6|rpc:10.1.0.239:15067|admin:10.1.0.239:15066|client:10.1.0.239:15065|dataStream:10.1.0.239:15068|priority:0|startupRole:FOLLOWER, 9b50acff-382e-4523-ab74-6f7baa2ae53c|rpc:10.1.0.239:15076|admin:10.1.0.239:15075|client:10.1.0.239:15074|dataStream:10.1.0.239:15077|priority:1|startupRole:FOLLOWER, 35cfc858-a2b0-48ab-9c56-830891a3070f|rpc:10.1.0.239:15085|admin:10.1.0.239:15084|client:10.1.0.239:15083|dataStream:10.1.0.239:15086|priority:0|startupRole:FOLLOWER]|listeners:[], old=null
2023-08-29 18:54:18,933 [35cfc858-a2b0-48ab-9c56-830891a3070f-server-thread2] INFO  segmented.SegmentedRaftLogWorker (SegmentedRaftLogWorker.java:startLogSegment(447)) - 35cfc858-a2b0-48ab-9c56-830891a3070f@group-2215BFF0CF76-SegmentedRaftLogWorker: Starting segment from index:0
2023-08-29 18:54:18,934 [35cfc858-a2b0-48ab-9c56-830891a3070f@group-2215BFF0CF76-SegmentedRaftLogWorker] INFO  segmented.SegmentedRaftLogWorker (SegmentedRaftLogWorker.java:execute(651)) - 35cfc858-a2b0-48ab-9c56-830891a3070f@group-2215BFF0CF76-SegmentedRaftLogWorker: created new log segment /home/runner/work/ozone/ozone/hadoop-ozone/integration-test/target/test-dir/MiniOzoneClusterImpl-05f3a914-8c49-4f9f-9f2f-4b041a8937a3/datanode-2/data/ratis/8cf0cd72-1108-407f-b359-2215bff0cf76/current/log_inprogress_0
2023-08-29 18:54:19,266 [9b50acff-382e-4523-ab74-6f7baa2ae53c@group-D1ED80FA1E75-FollowerState] INFO  impl.FollowerState (FollowerState.java:run(143)) - 9b50acff-382e-4523-ab74-6f7baa2ae53c@group-D1ED80FA1E75-FollowerState: change to CANDIDATE, lastRpcElapsedTime:5044944680ns, electionTimeout:5043ms
2023-08-29 18:54:19,266 [35cfc858-a2b0-48ab-9c56-830891a3070f@group-0A7EAF65D047-FollowerState] INFO  impl.FollowerState (FollowerState.java:run(143)) - 35cfc858-a2b0-48ab-9c56-830891a3070f@group-0A7EAF65D047-FollowerState: change to CANDIDATE, lastRpcElapsedTime:5056795575ns, electionTimeout:5043ms
2023-08-29 18:54:19,267 [9b50acff-382e-4523-ab74-6f7baa2ae53c@group-D1ED80FA1E75-FollowerState] INFO  impl.RoleInfo (RoleInfo.java:shutdownFollowerState(110)) - 9b50acff-382e-4523-ab74-6f7baa2ae53c: shutdown 9b50acff-382e-4523-ab74-6f7baa2ae53c@group-D1ED80FA1E75-FollowerState
2023-08-29 18:54:19,267 [9b50acff-382e-4523-ab74-6f7baa2ae53c@group-D1ED80FA1E75-FollowerState] INFO  server.RaftServer$Division (RaftServerImpl.java:setRole(329)) - 9b50acff-382e-4523-ab74-6f7baa2ae53c@group-D1ED80FA1E75: changes role from  FOLLOWER to CANDIDATE at term 0 for changeToCandidate
2023-08-29 18:54:19,267 [35cfc858-a2b0-48ab-9c56-830891a3070f@group-0A7EAF65D047-FollowerState] INFO  impl.RoleInfo (RoleInfo.java:shutdownFollowerState(110)) - 35cfc858-a2b0-48ab-9c56-830891a3070f: shutdown 35cfc858-a2b0-48ab-9c56-830891a3070f@group-0A7EAF65D047-FollowerState
2023-08-29 18:54:19,267 [9b50acff-382e-4523-ab74-6f7baa2ae53c@group-D1ED80FA1E75-FollowerState] INFO  server.RaftServerConfigKeys (ConfUtils.java:logGet(46)) - raft.server.leaderelection.pre-vote = true (default)
2023-08-29 18:54:19,267 [35cfc858-a2b0-48ab-9c56-830891a3070f@group-0A7EAF65D047-FollowerState] INFO  server.RaftServer$Division (RaftServerImpl.java:setRole(329)) - 35cfc858-a2b0-48ab-9c56-830891a3070f@group-0A7EAF65D047: changes role from  FOLLOWER to CANDIDATE at term 0 for changeToCandidate
2023-08-29 18:54:19,267 [9b50acff-382e-4523-ab74-6f7baa2ae53c@group-D1ED80FA1E75-FollowerState] INFO  impl.RoleInfo (RoleInfo.java:updateAndGet(139)) - 9b50acff-382e-4523-ab74-6f7baa2ae53c: start 9b50acff-382e-4523-ab74-6f7baa2ae53c@group-D1ED80FA1E75-LeaderElection16
2023-08-29 18:54:19,267 [35cfc858-a2b0-48ab-9c56-830891a3070f@group-0A7EAF65D047-FollowerState] INFO  server.RaftServerConfigKeys (ConfUtils.java:logGet(46)) - raft.server.leaderelection.pre-vote = true (default)
2023-08-29 18:54:19,267 [35cfc858-a2b0-48ab-9c56-830891a3070f@group-0A7EAF65D047-FollowerState] INFO  impl.RoleInfo (RoleInfo.java:updateAndGet(139)) - 35cfc858-a2b0-48ab-9c56-830891a3070f: start 35cfc858-a2b0-48ab-9c56-830891a3070f@group-0A7EAF65D047-LeaderElection17
2023-08-29 18:54:19,271 [9b50acff-382e-4523-ab74-6f7baa2ae53c@group-D1ED80FA1E75-LeaderElection16] INFO  impl.LeaderElection (LeaderElection.java:askForVotes(321)) - 9b50acff-382e-4523-ab74-6f7baa2ae53c@group-D1ED80FA1E75-LeaderElection16 PRE_VOTE round 0: submit vote requests at term 0 for -1: peers:[9b50acff-382e-4523-ab74-6f7baa2ae53c|rpc:10.1.0.239:15076|admin:10.1.0.239:15075|client:10.1.0.239:15074|dataStream:10.1.0.239:15077|priority:1|startupRole:FOLLOWER]|listeners:[], old=null
2023-08-29 18:54:19,271 [9b50acff-382e-4523-ab74-6f7baa2ae53c@group-D1ED80FA1E75-LeaderElection16] INFO  impl.LeaderElection (LeaderElection.java:askForVotes(323)) - 9b50acff-382e-4523-ab74-6f7baa2ae53c@group-D1ED80FA1E75-LeaderElection16 PRE_VOTE round 0: result PASSED (term=0)
2023-08-29 18:54:19,272 [35cfc858-a2b0-48ab-9c56-830891a3070f@group-0A7EAF65D047-LeaderElection17] INFO  impl.LeaderElection (LeaderElection.java:askForVotes(321)) - 35cfc858-a2b0-48ab-9c56-830891a3070f@group-0A7EAF65D047-LeaderElection17 PRE_VOTE round 0: submit vote requests at term 0 for -1: peers:[35cfc858-a2b0-48ab-9c56-830891a3070f|rpc:10.1.0.239:15085|admin:10.1.0.239:15084|client:10.1.0.239:15083|dataStream:10.1.0.239:15086|priority:1|startupRole:FOLLOWER]|listeners:[], old=null
2023-08-29 18:54:19,272 [35cfc858-a2b0-48ab-9c56-830891a3070f@group-0A7EAF65D047-LeaderElection17] INFO  impl.LeaderElection (LeaderElection.java:askForVotes(323)) - 35cfc858-a2b0-48ab-9c56-830891a3070f@group-0A7EAF65D047-LeaderElection17 PRE_VOTE round 0: result PASSED (term=0)
2023-08-29 18:54:19,273 [9b50acff-382e-4523-ab74-6f7baa2ae53c@group-D1ED80FA1E75-LeaderElection16] INFO  impl.LeaderElection (LeaderElection.java:askForVotes(321)) - 9b50acff-382e-4523-ab74-6f7baa2ae53c@group-D1ED80FA1E75-LeaderElection16 ELECTION round 0: submit vote requests at term 1 for -1: peers:[9b50acff-382e-4523-ab74-6f7baa2ae53c|rpc:10.1.0.239:15076|admin:10.1.0.239:15075|client:10.1.0.239:15074|dataStream:10.1.0.239:15077|priority:1|startupRole:FOLLOWER]|listeners:[], old=null
2023-08-29 18:54:19,273 [9b50acff-382e-4523-ab74-6f7baa2ae53c@group-D1ED80FA1E75-LeaderElection16] INFO  impl.LeaderElection (LeaderElection.java:askForVotes(323)) - 9b50acff-382e-4523-ab74-6f7baa2ae53c@group-D1ED80FA1E75-LeaderElection16 ELECTION round 0: result PASSED (term=1)
2023-08-29 18:54:19,273 [35cfc858-a2b0-48ab-9c56-830891a3070f@group-0A7EAF65D047-LeaderElection17] INFO  impl.LeaderElection (LeaderElection.java:askForVotes(321)) - 35cfc858-a2b0-48ab-9c56-830891a3070f@group-0A7EAF65D047-LeaderElection17 ELECTION round 0: submit vote requests at term 1 for -1: peers:[35cfc858-a2b0-48ab-9c56-830891a3070f|rpc:10.1.0.239:15085|admin:10.1.0.239:15084|client:10.1.0.239:15083|dataStream:10.1.0.239:15086|priority:1|startupRole:FOLLOWER]|listeners:[], old=null
2023-08-29 18:54:19,273 [9b50acff-382e-4523-ab74-6f7baa2ae53c@group-D1ED80FA1E75-LeaderElection16] INFO  impl.RoleInfo (RoleInfo.java:shutdownLeaderElection(130)) - 9b50acff-382e-4523-ab74-6f7baa2ae53c: shutdown 9b50acff-382e-4523-ab74-6f7baa2ae53c@group-D1ED80FA1E75-LeaderElection16
2023-08-29 18:54:19,273 [35cfc858-a2b0-48ab-9c56-830891a3070f@group-0A7EAF65D047-LeaderElection17] INFO  impl.LeaderElection (LeaderElection.java:askForVotes(323)) - 35cfc858-a2b0-48ab-9c56-830891a3070f@group-0A7EAF65D047-LeaderElection17 ELECTION round 0: result PASSED (term=1)
2023-08-29 18:54:19,273 [9b50acff-382e-4523-ab74-6f7baa2ae53c@group-D1ED80FA1E75-LeaderElection16] INFO  server.RaftServer$Division (RaftServerImpl.java:setRole(329)) - 9b50acff-382e-4523-ab74-6f7baa2ae53c@group-D1ED80FA1E75: changes role from CANDIDATE to LEADER at term 1 for changeToLeader
2023-08-29 18:54:19,273 [35cfc858-a2b0-48ab-9c56-830891a3070f@group-0A7EAF65D047-LeaderElection17] INFO  impl.RoleInfo (RoleInfo.java:shutdownLeaderElection(130)) - 35cfc858-a2b0-48ab-9c56-830891a3070f: shutdown 35cfc858-a2b0-48ab-9c56-830891a3070f@group-0A7EAF65D047-LeaderElection17
2023-08-29 18:54:19,273 [9b50acff-382e-4523-ab74-6f7baa2ae53c@group-D1ED80FA1E75-LeaderElection16] INFO  ratis.XceiverServerRatis (XceiverServerRatis.java:handleLeaderChangedNotification(902)) - Leader change notification received for group: group-D1ED80FA1E75 with new leaderId: 9b50acff-382e-4523-ab74-6f7baa2ae53c
2023-08-29 18:54:19,273 [35cfc858-a2b0-48ab-9c56-830891a3070f@group-0A7EAF65D047-LeaderElection17] INFO  server.RaftServer$Division (RaftServerImpl.java:setRole(329)) - 35cfc858-a2b0-48ab-9c56-830891a3070f@group-0A7EAF65D047: changes role from CANDIDATE to LEADER at term 1 for changeToLeader
2023-08-29 18:54:19,273 [35cfc858-a2b0-48ab-9c56-830891a3070f@group-0A7EAF65D047-LeaderElection17] INFO  ratis.XceiverServerRatis (XceiverServerRatis.java:handleLeaderChangedNotification(902)) - Leader change notification received for group: group-0A7EAF65D047 with new leaderId: 35cfc858-a2b0-48ab-9c56-830891a3070f
2023-08-29 18:54:19,273 [9b50acff-382e-4523-ab74-6f7baa2ae53c@group-D1ED80FA1E75-LeaderElection16] INFO  server.RaftServer$Division (ServerState.java:setLeader(317)) - 9b50acff-382e-4523-ab74-6f7baa2ae53c@group-D1ED80FA1E75: change Leader from null to 9b50acff-382e-4523-ab74-6f7baa2ae53c at term 1 for becomeLeader, leader elected after 5076ms
2023-08-29 18:54:19,273 [9b50acff-382e-4523-ab74-6f7baa2ae53c@group-D1ED80FA1E75-LeaderElection16] INFO  server.RaftServerConfigKeys (ConfUtils.java:logGet(46)) - raft.server.staging.catchup.gap = 1000 (default)
2023-08-29 18:54:19,274 [9b50acff-382e-4523-ab74-6f7baa2ae53c@group-D1ED80FA1E75-LeaderElection16] INFO  server.RaftServerConfigKeys (ConfUtils.java:logGet(46)) - raft.server.write.element-limit = 1024 (custom)
2023-08-29 18:54:19,274 [9b50acff-382e-4523-ab74-6f7baa2ae53c@group-D1ED80FA1E75-LeaderElection16] INFO  server.RaftServerConfigKeys (ConfUtils.java:logGet(46)) - raft.server.write.byte-limit = 1024 M (=1073741824) (custom)
2023-08-29 18:54:19,274 [9b50acff-382e-4523-ab74-6f7baa2ae53c@group-D1ED80FA1E75-LeaderElection16] INFO  server.RaftServerConfigKeys (ConfUtils.java:logGet(46)) - raft.server.watch.timeout = 180s (custom)
2023-08-29 18:54:19,274 [9b50acff-382e-4523-ab74-6f7baa2ae53c@group-D1ED80FA1E75-LeaderElection16] INFO  server.RaftServerConfigKeys (ConfUtils.java:logGet(46)) - raft.server.watch.timeout.denomination = 1s (default)
2023-08-29 18:54:19,274 [9b50acff-382e-4523-ab74-6f7baa2ae53c@group-D1ED80FA1E75-LeaderElection16] INFO  server.RaftServerConfigKeys (ConfUtils.java:logGet(46)) - raft.server.watch.element-limit = 65536 (default)
2023-08-29 18:54:19,274 [9b50acff-382e-4523-ab74-6f7baa2ae53c@group-D1ED80FA1E75-LeaderElection16] INFO  server.RaftServerConfigKeys (ConfUtils.java:logGet(46)) - raft.server.write.element-limit = 1024 (custom)
2023-08-29 18:54:19,274 [9b50acff-382e-4523-ab74-6f7baa2ae53c@group-D1ED80FA1E75-LeaderElection16] INFO  server.RaftServerConfigKeys (ConfUtils.java:logGet(46)) - raft.server.write.follower.gap.ratio.max = -1.0 (default)
2023-08-29 18:54:19,274 [9b50acff-382e-4523-ab74-6f7baa2ae53c@group-D1ED80FA1E75-LeaderElection16] INFO  impl.RoleInfo (RoleInfo.java:updateAndGet(139)) - 9b50acff-382e-4523-ab74-6f7baa2ae53c: start 9b50acff-382e-4523-ab74-6f7baa2ae53c@group-D1ED80FA1E75-LeaderStateImpl
2023-08-29 18:54:19,275 [35cfc858-a2b0-48ab-9c56-830891a3070f@group-0A7EAF65D047-LeaderElection17] INFO  server.RaftServer$Division (ServerState.java:setLeader(317)) - 35cfc858-a2b0-48ab-9c56-830891a3070f@group-0A7EAF65D047: change Leader from null to 35cfc858-a2b0-48ab-9c56-830891a3070f at term 1 for becomeLeader, leader elected after 5099ms
2023-08-29 18:54:19,275 [35cfc858-a2b0-48ab-9c56-830891a3070f@group-0A7EAF65D047-LeaderElection17] INFO  server.RaftServerConfigKeys (ConfUtils.java:logGet(46)) - raft.server.staging.catchup.gap = 1000 (default)
2023-08-29 18:54:19,275 [35cfc858-a2b0-48ab-9c56-830891a3070f@group-0A7EAF65D047-LeaderElection17] INFO  server.RaftServerConfigKeys (ConfUtils.java:logGet(46)) - raft.server.write.element-limit = 1024 (custom)
2023-08-29 18:54:19,275 [35cfc858-a2b0-48ab-9c56-830891a3070f@group-0A7EAF65D047-LeaderElection17] INFO  server.RaftServerConfigKeys (ConfUtils.java:logGet(46)) - raft.server.write.byte-limit = 1024 M (=1073741824) (custom)
2023-08-29 18:54:19,275 [35cfc858-a2b0-48ab-9c56-830891a3070f@group-0A7EAF65D047-LeaderElection17] INFO  server.RaftServerConfigKeys (ConfUtils.java:logGet(46)) - raft.server.watch.timeout = 180s (custom)
2023-08-29 18:54:19,275 [35cfc858-a2b0-48ab-9c56-830891a3070f@group-0A7EAF65D047-LeaderElection17] INFO  server.RaftServerConfigKeys (ConfUtils.java:logGet(46)) - raft.server.watch.timeout.denomination = 1s (default)
2023-08-29 18:54:19,275 [35cfc858-a2b0-48ab-9c56-830891a3070f@group-0A7EAF65D047-LeaderElection17] INFO  server.RaftServerConfigKeys (ConfUtils.java:logGet(46)) - raft.server.watch.element-limit = 65536 (default)
2023-08-29 18:54:19,275 [35cfc858-a2b0-48ab-9c56-830891a3070f@group-0A7EAF65D047-LeaderElection17] INFO  server.RaftServerConfigKeys (ConfUtils.java:logGet(46)) - raft.server.write.element-limit = 1024 (custom)
2023-08-29 18:54:19,275 [35cfc858-a2b0-48ab-9c56-830891a3070f@group-0A7EAF65D047-LeaderElection17] INFO  server.RaftServerConfigKeys (ConfUtils.java:logGet(46)) - raft.server.write.follower.gap.ratio.max = -1.0 (default)
2023-08-29 18:54:19,275 [35cfc858-a2b0-48ab-9c56-830891a3070f@group-0A7EAF65D047-LeaderElection17] INFO  impl.RoleInfo (RoleInfo.java:updateAndGet(139)) - 35cfc858-a2b0-48ab-9c56-830891a3070f: start 35cfc858-a2b0-48ab-9c56-830891a3070f@group-0A7EAF65D047-LeaderStateImpl
2023-08-29 18:54:19,276 [35cfc858-a2b0-48ab-9c56-830891a3070f@group-0A7EAF65D047-LeaderElection17] INFO  segmented.SegmentedRaftLogWorker (SegmentedRaftLogWorker.java:startLogSegment(447)) - 35cfc858-a2b0-48ab-9c56-830891a3070f@group-0A7EAF65D047-SegmentedRaftLogWorker: Starting segment from index:0
2023-08-29 18:54:19,277 [35cfc858-a2b0-48ab-9c56-830891a3070f@group-0A7EAF65D047-SegmentedRaftLogWorker] INFO  segmented.SegmentedRaftLogWorker (SegmentedRaftLogWorker.java:execute(651)) - 35cfc858-a2b0-48ab-9c56-830891a3070f@group-0A7EAF65D047-SegmentedRaftLogWorker: created new log segment /home/runner/work/ozone/ozone/hadoop-ozone/integration-test/target/test-dir/MiniOzoneClusterImpl-05f3a914-8c49-4f9f-9f2f-4b041a8937a3/datanode-2/data/ratis/0594956b-ab6e-4b03-a748-0a7eaf65d047/current/log_inprogress_0
2023-08-29 18:54:19,282 [35cfc858-a2b0-48ab-9c56-830891a3070f@group-0A7EAF65D047-LeaderElection17] INFO  server.RaftServer$Division (ServerState.java:setRaftConf(434)) - 35cfc858-a2b0-48ab-9c56-830891a3070f@group-0A7EAF65D047: set configuration 0: peers:[35cfc858-a2b0-48ab-9c56-830891a3070f|rpc:10.1.0.239:15085|admin:10.1.0.239:15084|client:10.1.0.239:15083|dataStream:10.1.0.239:15086|priority:1|startupRole:FOLLOWER]|listeners:[], old=null
2023-08-29 18:54:19,283 [9b50acff-382e-4523-ab74-6f7baa2ae53c@group-D1ED80FA1E75-LeaderElection16] INFO  segmented.SegmentedRaftLogWorker (SegmentedRaftLogWorker.java:startLogSegment(447)) - 9b50acff-382e-4523-ab74-6f7baa2ae53c@group-D1ED80FA1E75-SegmentedRaftLogWorker: Starting segment from index:0
2023-08-29 18:54:19,284 [9b50acff-382e-4523-ab74-6f7baa2ae53c@group-D1ED80FA1E75-SegmentedRaftLogWorker] INFO  segmented.SegmentedRaftLogWorker (SegmentedRaftLogWorker.java:execute(651)) - 9b50acff-382e-4523-ab74-6f7baa2ae53c@group-D1ED80FA1E75-SegmentedRaftLogWorker: created new log segment /home/runner/work/ozone/ozone/hadoop-ozone/integration-test/target/test-dir/MiniOzoneClusterImpl-05f3a914-8c49-4f9f-9f2f-4b041a8937a3/datanode-1/data/ratis/936b924e-4c99-49ad-ac79-d1ed80fa1e75/current/log_inprogress_0
2023-08-29 18:54:19,290 [9b50acff-382e-4523-ab74-6f7baa2ae53c@group-D1ED80FA1E75-LeaderElection16] INFO  server.RaftServer$Division (ServerState.java:setRaftConf(434)) - 9b50acff-382e-4523-ab74-6f7baa2ae53c@group-D1ED80FA1E75: set configuration 0: peers:[9b50acff-382e-4523-ab74-6f7baa2ae53c|rpc:10.1.0.239:15076|admin:10.1.0.239:15075|client:10.1.0.239:15074|dataStream:10.1.0.239:15077|priority:1|startupRole:FOLLOWER]|listeners:[], old=null
2023-08-29 18:54:19,433 [56262cb9-d4bb-4e4d-aa87-5a4e1fe7f493@group-644D6E733947-FollowerState] INFO  impl.FollowerState (FollowerState.java:run(143)) - 56262cb9-d4bb-4e4d-aa87-5a4e1fe7f493@group-644D6E733947-FollowerState: change to CANDIDATE, lastRpcElapsedTime:5020495476ns, electionTimeout:5020ms
2023-08-29 18:54:19,434 [56262cb9-d4bb-4e4d-aa87-5a4e1fe7f493@group-644D6E733947-FollowerState] INFO  impl.RoleInfo (RoleInfo.java:shutdownFollowerState(110)) - 56262cb9-d4bb-4e4d-aa87-5a4e1fe7f493: shutdown 56262cb9-d4bb-4e4d-aa87-5a4e1fe7f493@group-644D6E733947-FollowerState
2023-08-29 18:54:19,434 [56262cb9-d4bb-4e4d-aa87-5a4e1fe7f493@group-644D6E733947-FollowerState] INFO  server.RaftServer$Division (RaftServerImpl.java:setRole(329)) - 56262cb9-d4bb-4e4d-aa87-5a4e1fe7f493@group-644D6E733947: changes role from  FOLLOWER to CANDIDATE at term 0 for changeToCandidate
2023-08-29 18:54:19,434 [56262cb9-d4bb-4e4d-aa87-5a4e1fe7f493@group-644D6E733947-FollowerState] INFO  server.RaftServerConfigKeys (ConfUtils.java:logGet(46)) - raft.server.leaderelection.pre-vote = true (default)
2023-08-29 18:54:19,434 [56262cb9-d4bb-4e4d-aa87-5a4e1fe7f493@group-644D6E733947-FollowerState] INFO  impl.RoleInfo (RoleInfo.java:updateAndGet(139)) - 56262cb9-d4bb-4e4d-aa87-5a4e1fe7f493: start 56262cb9-d4bb-4e4d-aa87-5a4e1fe7f493@group-644D6E733947-LeaderElection18
2023-08-29 18:54:19,435 [56262cb9-d4bb-4e4d-aa87-5a4e1fe7f493@group-644D6E733947-LeaderElection18] INFO  impl.LeaderElection (LeaderElection.java:askForVotes(321)) - 56262cb9-d4bb-4e4d-aa87-5a4e1fe7f493@group-644D6E733947-LeaderElection18 PRE_VOTE round 0: submit vote requests at term 0 for -1: peers:[56262cb9-d4bb-4e4d-aa87-5a4e1fe7f493|rpc:10.1.0.239:15094|admin:10.1.0.239:15093|client:10.1.0.239:15092|dataStream:10.1.0.239:15095|priority:1|startupRole:FOLLOWER]|listeners:[], old=null
2023-08-29 18:54:19,435 [56262cb9-d4bb-4e4d-aa87-5a4e1fe7f493@group-644D6E733947-LeaderElection18] INFO  impl.LeaderElection (LeaderElection.java:askForVotes(323)) - 56262cb9-d4bb-4e4d-aa87-5a4e1fe7f493@group-644D6E733947-LeaderElection18 PRE_VOTE round 0: result PASSED (term=0)
2023-08-29 18:54:19,436 [56262cb9-d4bb-4e4d-aa87-5a4e1fe7f493@group-644D6E733947-LeaderElection18] INFO  impl.LeaderElection (LeaderElection.java:askForVotes(321)) - 56262cb9-d4bb-4e4d-aa87-5a4e1fe7f493@group-644D6E733947-LeaderElection18 ELECTION round 0: submit vote requests at term 1 for -1: peers:[56262cb9-d4bb-4e4d-aa87-5a4e1fe7f493|rpc:10.1.0.239:15094|admin:10.1.0.239:15093|client:10.1.0.239:15092|dataStream:10.1.0.239:15095|priority:1|startupRole:FOLLOWER]|listeners:[], old=null
2023-08-29 18:54:19,436 [56262cb9-d4bb-4e4d-aa87-5a4e1fe7f493@group-644D6E733947-LeaderElection18] INFO  impl.LeaderElection (LeaderElection.java:askForVotes(323)) - 56262cb9-d4bb-4e4d-aa87-5a4e1fe7f493@group-644D6E733947-LeaderElection18 ELECTION round 0: result PASSED (term=1)
2023-08-29 18:54:19,436 [56262cb9-d4bb-4e4d-aa87-5a4e1fe7f493@group-644D6E733947-LeaderElection18] INFO  impl.RoleInfo (RoleInfo.java:shutdownLeaderElection(130)) - 56262cb9-d4bb-4e4d-aa87-5a4e1fe7f493: shutdown 56262cb9-d4bb-4e4d-aa87-5a4e1fe7f493@group-644D6E733947-LeaderElection18
2023-08-29 18:54:19,436 [56262cb9-d4bb-4e4d-aa87-5a4e1fe7f493@group-644D6E733947-LeaderElection18] INFO  server.RaftServer$Division (RaftServerImpl.java:setRole(329)) - 56262cb9-d4bb-4e4d-aa87-5a4e1fe7f493@group-644D6E733947: changes role from CANDIDATE to LEADER at term 1 for changeToLeader
2023-08-29 18:54:19,437 [56262cb9-d4bb-4e4d-aa87-5a4e1fe7f493@group-644D6E733947-LeaderElection18] INFO  ratis.XceiverServerRatis (XceiverServerRatis.java:handleLeaderChangedNotification(902)) - Leader change notification received for group: group-644D6E733947 with new leaderId: 56262cb9-d4bb-4e4d-aa87-5a4e1fe7f493
2023-08-29 18:54:19,437 [56262cb9-d4bb-4e4d-aa87-5a4e1fe7f493@group-644D6E733947-LeaderElection18] INFO  server.RaftServer$Division (ServerState.java:setLeader(317)) - 56262cb9-d4bb-4e4d-aa87-5a4e1fe7f493@group-644D6E733947: change Leader from null to 56262cb9-d4bb-4e4d-aa87-5a4e1fe7f493 at term 1 for becomeLeader, leader elected after 5044ms
2023-08-29 18:54:19,437 [56262cb9-d4bb-4e4d-aa87-5a4e1fe7f493@group-644D6E733947-LeaderElection18] INFO  server.RaftServerConfigKeys (ConfUtils.java:logGet(46)) - raft.server.staging.catchup.gap = 1000 (default)
2023-08-29 18:54:19,437 [56262cb9-d4bb-4e4d-aa87-5a4e1fe7f493@group-644D6E733947-LeaderElection18] INFO  server.RaftServerConfigKeys (ConfUtils.java:logGet(46)) - raft.server.write.element-limit = 1024 (custom)
2023-08-29 18:54:19,437 [56262cb9-d4bb-4e4d-aa87-5a4e1fe7f493@group-644D6E733947-LeaderElection18] INFO  server.RaftServerConfigKeys (ConfUtils.java:logGet(46)) - raft.server.write.byte-limit = 1024 M (=1073741824) (custom)
2023-08-29 18:54:19,437 [56262cb9-d4bb-4e4d-aa87-5a4e1fe7f493@group-644D6E733947-LeaderElection18] INFO  server.RaftServerConfigKeys (ConfUtils.java:logGet(46)) - raft.server.watch.timeout = 180s (custom)
2023-08-29 18:54:19,437 [56262cb9-d4bb-4e4d-aa87-5a4e1fe7f493@group-644D6E733947-LeaderElection18] INFO  server.RaftServerConfigKeys (ConfUtils.java:logGet(46)) - raft.server.watch.timeout.denomination = 1s (default)
2023-08-29 18:54:19,437 [56262cb9-d4bb-4e4d-aa87-5a4e1fe7f493@group-644D6E733947-LeaderElection18] INFO  server.RaftServerConfigKeys (ConfUtils.java:logGet(46)) - raft.server.watch.element-limit = 65536 (default)
2023-08-29 18:54:19,437 [56262cb9-d4bb-4e4d-aa87-5a4e1fe7f493@group-644D6E733947-LeaderElection18] INFO  server.RaftServerConfigKeys (ConfUtils.java:logGet(46)) - raft.server.write.element-limit = 1024 (custom)
2023-08-29 18:54:19,438 [56262cb9-d4bb-4e4d-aa87-5a4e1fe7f493@group-644D6E733947-LeaderElection18] INFO  server.RaftServerConfigKeys (ConfUtils.java:logGet(46)) - raft.server.write.follower.gap.ratio.max = -1.0 (default)
2023-08-29 18:54:19,438 [56262cb9-d4bb-4e4d-aa87-5a4e1fe7f493@group-644D6E733947-LeaderElection18] INFO  impl.RoleInfo (RoleInfo.java:updateAndGet(139)) - 56262cb9-d4bb-4e4d-aa87-5a4e1fe7f493: start 56262cb9-d4bb-4e4d-aa87-5a4e1fe7f493@group-644D6E733947-LeaderStateImpl
2023-08-29 18:54:19,438 [56262cb9-d4bb-4e4d-aa87-5a4e1fe7f493@group-644D6E733947-LeaderElection18] INFO  segmented.SegmentedRaftLogWorker (SegmentedRaftLogWorker.java:startLogSegment(447)) - 56262cb9-d4bb-4e4d-aa87-5a4e1fe7f493@group-644D6E733947-SegmentedRaftLogWorker: Starting segment from index:0
2023-08-29 18:54:19,441 [56262cb9-d4bb-4e4d-aa87-5a4e1fe7f493@group-644D6E733947-LeaderElection18] INFO  server.RaftServer$Division (ServerState.java:setRaftConf(434)) - 56262cb9-d4bb-4e4d-aa87-5a4e1fe7f493@group-644D6E733947: set configuration 0: peers:[56262cb9-d4bb-4e4d-aa87-5a4e1fe7f493|rpc:10.1.0.239:15094|admin:10.1.0.239:15093|client:10.1.0.239:15092|dataStream:10.1.0.239:15095|priority:1|startupRole:FOLLOWER]|listeners:[], old=null
2023-08-29 18:54:19,442 [56262cb9-d4bb-4e4d-aa87-5a4e1fe7f493@group-644D6E733947-SegmentedRaftLogWorker] INFO  segmented.SegmentedRaftLogWorker (SegmentedRaftLogWorker.java:execute(651)) - 56262cb9-d4bb-4e4d-aa87-5a4e1fe7f493@group-644D6E733947-SegmentedRaftLogWorker: created new log segment /home/runner/work/ozone/ozone/hadoop-ozone/integration-test/target/test-dir/MiniOzoneClusterImpl-05f3a914-8c49-4f9f-9f2f-4b041a8937a3/datanode-3/data/ratis/2b0f8cd8-8389-4bcc-83d3-644d6e733947/current/log_inprogress_0
2023-08-29 18:54:19,642 [main] INFO  ozone.MiniOzoneClusterImpl (MiniOzoneClusterImpl.java:lambda$waitForClusterToBeReady$0(224)) - Nodes are ready. Got 5 of 5 DN Heartbeats.
2023-08-29 18:54:19,642 [main] INFO  ozone.MiniOzoneClusterImpl (MiniOzoneClusterImpl.java:lambda$waitForClusterToBeReady$0(227)) - Cluster exits safe mode
2023-08-29 18:54:19,642 [main] INFO  ozone.MiniOzoneClusterImpl (MiniOzoneClusterImpl.java:lambda$waitForClusterToBeReady$0(229)) - SCM became leader
2023-08-29 18:54:19,660 [main] INFO  rpc.RpcClient (RpcClient.java:createVolume(461)) - Creating Volume: volume92422, with user86679 as owner and space quota set to -1 bytes, counts quota set to -1
2023-08-29 18:54:19,662 [IPC Server handler 8 on default port 15057] INFO  volume.OMVolumeCreateRequest (OMVolumeCreateRequest.java:validateAndUpdateCache(196)) - created volume:volume92422 for user:user86679
2023-08-29 18:54:19,669 [main] INFO  rpc.RpcClient (RpcClient.java:createBucket(688)) - Creating Bucket: volume92422/bucket94858, with bucket layout LEGACY, runner as owner, Versioning false, Storage Type set to DISK and Encryption set to false, Replication Type set to server-side default replication type, Namespace Quota set to -1, Space Quota set to -1 
2023-08-29 18:54:19,673 [IPC Server handler 7 on default port 15057] INFO  bucket.OMBucketCreateRequest (OMBucketCreateRequest.java:validateAndUpdateCache(270)) - created bucket: bucket94858 of layout LEGACY in volume: volume92422
2023-08-29 18:54:19,677 [6fd2df5d-7fa6-4dbe-8371-fb8b49d5e440@group-9D4CA13841C7-FollowerState] INFO  impl.FollowerState (FollowerState.java:run(143)) - 6fd2df5d-7fa6-4dbe-8371-fb8b49d5e440@group-9D4CA13841C7-FollowerState: change to CANDIDATE, lastRpcElapsedTime:5024514643ns, electionTimeout:5024ms
2023-08-29 18:54:19,677 [6fd2df5d-7fa6-4dbe-8371-fb8b49d5e440@group-9D4CA13841C7-FollowerState] INFO  impl.RoleInfo (RoleInfo.java:shutdownFollowerState(110)) - 6fd2df5d-7fa6-4dbe-8371-fb8b49d5e440: shutdown 6fd2df5d-7fa6-4dbe-8371-fb8b49d5e440@group-9D4CA13841C7-FollowerState
2023-08-29 18:54:19,677 [6fd2df5d-7fa6-4dbe-8371-fb8b49d5e440@group-9D4CA13841C7-FollowerState] INFO  server.RaftServer$Division (RaftServerImpl.java:setRole(329)) - 6fd2df5d-7fa6-4dbe-8371-fb8b49d5e440@group-9D4CA13841C7: changes role from  FOLLOWER to CANDIDATE at term 0 for changeToCandidate
2023-08-29 18:54:19,682 [6fd2df5d-7fa6-4dbe-8371-fb8b49d5e440@group-9D4CA13841C7-FollowerState] INFO  server.RaftServerConfigKeys (ConfUtils.java:logGet(46)) - raft.server.leaderelection.pre-vote = true (default)
2023-08-29 18:54:19,682 [6fd2df5d-7fa6-4dbe-8371-fb8b49d5e440@group-9D4CA13841C7-FollowerState] INFO  impl.RoleInfo (RoleInfo.java:updateAndGet(139)) - 6fd2df5d-7fa6-4dbe-8371-fb8b49d5e440: start 6fd2df5d-7fa6-4dbe-8371-fb8b49d5e440@group-9D4CA13841C7-LeaderElection19
2023-08-29 18:54:19,684 [6fd2df5d-7fa6-4dbe-8371-fb8b49d5e440@group-9D4CA13841C7-LeaderElection19] INFO  impl.LeaderElection (LeaderElection.java:askForVotes(321)) - 6fd2df5d-7fa6-4dbe-8371-fb8b49d5e440@group-9D4CA13841C7-LeaderElection19 PRE_VOTE round 0: submit vote requests at term 0 for -1: peers:[6fd2df5d-7fa6-4dbe-8371-fb8b49d5e440|rpc:10.1.0.239:15103|admin:10.1.0.239:15102|client:10.1.0.239:15101|dataStream:10.1.0.239:15104|priority:1|startupRole:FOLLOWER]|listeners:[], old=null
2023-08-29 18:54:19,684 [6fd2df5d-7fa6-4dbe-8371-fb8b49d5e440@group-9D4CA13841C7-LeaderElection19] INFO  impl.LeaderElection (LeaderElection.java:askForVotes(323)) - 6fd2df5d-7fa6-4dbe-8371-fb8b49d5e440@group-9D4CA13841C7-LeaderElection19 PRE_VOTE round 0: result PASSED (term=0)
2023-08-29 18:54:19,690 [6fd2df5d-7fa6-4dbe-8371-fb8b49d5e440@group-9D4CA13841C7-LeaderElection19] INFO  impl.LeaderElection (LeaderElection.java:askForVotes(321)) - 6fd2df5d-7fa6-4dbe-8371-fb8b49d5e440@group-9D4CA13841C7-LeaderElection19 ELECTION round 0: submit vote requests at term 1 for -1: peers:[6fd2df5d-7fa6-4dbe-8371-fb8b49d5e440|rpc:10.1.0.239:15103|admin:10.1.0.239:15102|client:10.1.0.239:15101|dataStream:10.1.0.239:15104|priority:1|startupRole:FOLLOWER]|listeners:[], old=null
2023-08-29 18:54:19,690 [6fd2df5d-7fa6-4dbe-8371-fb8b49d5e440@group-9D4CA13841C7-LeaderElection19] INFO  impl.LeaderElection (LeaderElection.java:askForVotes(323)) - 6fd2df5d-7fa6-4dbe-8371-fb8b49d5e440@group-9D4CA13841C7-LeaderElection19 ELECTION round 0: result PASSED (term=1)
2023-08-29 18:54:19,690 [6fd2df5d-7fa6-4dbe-8371-fb8b49d5e440@group-9D4CA13841C7-LeaderElection19] INFO  impl.RoleInfo (RoleInfo.java:shutdownLeaderElection(130)) - 6fd2df5d-7fa6-4dbe-8371-fb8b49d5e440: shutdown 6fd2df5d-7fa6-4dbe-8371-fb8b49d5e440@group-9D4CA13841C7-LeaderElection19
2023-08-29 18:54:19,690 [6fd2df5d-7fa6-4dbe-8371-fb8b49d5e440@group-9D4CA13841C7-LeaderElection19] INFO  server.RaftServer$Division (RaftServerImpl.java:setRole(329)) - 6fd2df5d-7fa6-4dbe-8371-fb8b49d5e440@group-9D4CA13841C7: changes role from CANDIDATE to LEADER at term 1 for changeToLeader
2023-08-29 18:54:19,690 [6fd2df5d-7fa6-4dbe-8371-fb8b49d5e440@group-9D4CA13841C7-LeaderElection19] INFO  ratis.XceiverServerRatis (XceiverServerRatis.java:handleLeaderChangedNotification(902)) - Leader change notification received for group: group-9D4CA13841C7 with new leaderId: 6fd2df5d-7fa6-4dbe-8371-fb8b49d5e440
2023-08-29 18:54:19,690 [6fd2df5d-7fa6-4dbe-8371-fb8b49d5e440@group-9D4CA13841C7-LeaderElection19] INFO  server.RaftServer$Division (ServerState.java:setLeader(317)) - 6fd2df5d-7fa6-4dbe-8371-fb8b49d5e440@group-9D4CA13841C7: change Leader from null to 6fd2df5d-7fa6-4dbe-8371-fb8b49d5e440 at term 1 for becomeLeader, leader elected after 5050ms
2023-08-29 18:54:19,690 [6fd2df5d-7fa6-4dbe-8371-fb8b49d5e440@group-9D4CA13841C7-LeaderElection19] INFO  server.RaftServerConfigKeys (ConfUtils.java:logGet(46)) - raft.server.staging.catchup.gap = 1000 (default)
2023-08-29 18:54:19,691 [6fd2df5d-7fa6-4dbe-8371-fb8b49d5e440@group-9D4CA13841C7-LeaderElection19] INFO  server.RaftServerConfigKeys (ConfUtils.java:logGet(46)) - raft.server.write.element-limit = 1024 (custom)
2023-08-29 18:54:19,691 [6fd2df5d-7fa6-4dbe-8371-fb8b49d5e440@group-9D4CA13841C7-LeaderElection19] INFO  server.RaftServerConfigKeys (ConfUtils.java:logGet(46)) - raft.server.write.byte-limit = 1024 M (=1073741824) (custom)
2023-08-29 18:54:19,691 [6fd2df5d-7fa6-4dbe-8371-fb8b49d5e440@group-9D4CA13841C7-LeaderElection19] INFO  server.RaftServerConfigKeys (ConfUtils.java:logGet(46)) - raft.server.watch.timeout = 180s (custom)
2023-08-29 18:54:19,691 [6fd2df5d-7fa6-4dbe-8371-fb8b49d5e440@group-9D4CA13841C7-LeaderElection19] INFO  server.RaftServerConfigKeys (ConfUtils.java:logGet(46)) - raft.server.watch.timeout.denomination = 1s (default)
2023-08-29 18:54:19,691 [6fd2df5d-7fa6-4dbe-8371-fb8b49d5e440@group-9D4CA13841C7-LeaderElection19] INFO  server.RaftServerConfigKeys (ConfUtils.java:logGet(46)) - raft.server.watch.element-limit = 65536 (default)
2023-08-29 18:54:19,691 [6fd2df5d-7fa6-4dbe-8371-fb8b49d5e440@group-9D4CA13841C7-LeaderElection19] INFO  server.RaftServerConfigKeys (ConfUtils.java:logGet(46)) - raft.server.write.element-limit = 1024 (custom)
2023-08-29 18:54:19,691 [6fd2df5d-7fa6-4dbe-8371-fb8b49d5e440@group-9D4CA13841C7-LeaderElection19] INFO  server.RaftServerConfigKeys (ConfUtils.java:logGet(46)) - raft.server.write.follower.gap.ratio.max = -1.0 (default)
2023-08-29 18:54:19,691 [6fd2df5d-7fa6-4dbe-8371-fb8b49d5e440@group-9D4CA13841C7-LeaderElection19] INFO  impl.RoleInfo (RoleInfo.java:updateAndGet(139)) - 6fd2df5d-7fa6-4dbe-8371-fb8b49d5e440: start 6fd2df5d-7fa6-4dbe-8371-fb8b49d5e440@group-9D4CA13841C7-LeaderStateImpl
2023-08-29 18:54:19,691 [6fd2df5d-7fa6-4dbe-8371-fb8b49d5e440@group-9D4CA13841C7-LeaderElection19] INFO  segmented.SegmentedRaftLogWorker (SegmentedRaftLogWorker.java:startLogSegment(447)) - 6fd2df5d-7fa6-4dbe-8371-fb8b49d5e440@group-9D4CA13841C7-SegmentedRaftLogWorker: Starting segment from index:0
2023-08-29 18:54:19,692 [6fd2df5d-7fa6-4dbe-8371-fb8b49d5e440@group-9D4CA13841C7-LeaderElection19] INFO  server.RaftServer$Division (ServerState.java:setRaftConf(434)) - 6fd2df5d-7fa6-4dbe-8371-fb8b49d5e440@group-9D4CA13841C7: set configuration 0: peers:[6fd2df5d-7fa6-4dbe-8371-fb8b49d5e440|rpc:10.1.0.239:15103|admin:10.1.0.239:15102|client:10.1.0.239:15101|dataStream:10.1.0.239:15104|priority:1|startupRole:FOLLOWER]|listeners:[], old=null
2023-08-29 18:54:19,692 [6fd2df5d-7fa6-4dbe-8371-fb8b49d5e440@group-9D4CA13841C7-SegmentedRaftLogWorker] INFO  segmented.SegmentedRaftLogWorker (SegmentedRaftLogWorker.java:execute(651)) - 6fd2df5d-7fa6-4dbe-8371-fb8b49d5e440@group-9D4CA13841C7-SegmentedRaftLogWorker: created new log segment /home/runner/work/ozone/ozone/hadoop-ozone/integration-test/target/test-dir/MiniOzoneClusterImpl-05f3a914-8c49-4f9f-9f2f-4b041a8937a3/datanode-4/data/ratis/aa02b79d-e6cd-4fcb-b601-9d4ca13841c7/current/log_inprogress_0
]]></system-out>
  </testcase>
  <testcase name="testGetTrashRoot" classname="TestOzoneFileSystem" time="17.678">
    <system-out><![CDATA[2023-08-29 18:55:04,140 [main] INFO  ozone.MiniOzoneClusterImpl (MiniOzoneClusterImpl.java:shutdown(443)) - Shutting down the Mini Ozone Cluster
2023-08-29 18:55:04,141 [main] INFO  ozone.MiniOzoneClusterImpl (MiniOzoneClusterImpl.java:stop(460)) - Stopping the Mini Ozone Cluster
2023-08-29 18:55:04,141 [main] INFO  ozone.MiniOzoneClusterImpl (MiniOzoneClusterImpl.java:stopOM(551)) - Stopping the OzoneManager
2023-08-29 18:55:04,141 [main] INFO  om.OzoneManager (OzoneManager.java:stop(2204)) - om1[localhost:15057]: Stopping Ozone Manager
2023-08-29 18:55:04,141 [main] INFO  ipc.Server (Server.java:stop(3523)) - Stopping server on 15057
2023-08-29 18:55:04,143 [IPC Server listener on 15057] INFO  ipc.Server (Server.java:run(1434)) - Stopping IPC Server listener on 15057
2023-08-29 18:55:04,148 [IPC Server Responder] INFO  ipc.Server (Server.java:run(1567)) - Stopping IPC Server Responder
2023-08-29 18:55:04,149 [main] INFO  ratis.OzoneManagerDoubleBuffer (OzoneManagerDoubleBuffer.java:stopDaemon(551)) - Stopping OMDoubleBuffer flush thread
2023-08-29 18:55:04,149 [OMDoubleBufferFlushThread] INFO  ratis.OzoneManagerDoubleBuffer (OzoneManagerDoubleBuffer.java:canFlush(638)) - OMDoubleBuffer flush thread OMDoubleBufferFlushThread is interrupted and will exit.
2023-08-29 18:55:04,149 [main] INFO  utils.BackgroundService (BackgroundService.java:shutdown(141)) - Shutting down service KeyDeletingService
2023-08-29 18:55:04,149 [main] INFO  utils.BackgroundService (BackgroundService.java:shutdown(141)) - Shutting down service KeyDeletingService
2023-08-29 18:55:04,150 [main] INFO  utils.BackgroundService (BackgroundService.java:shutdown(141)) - Shutting down service OpenKeyCleanupService
2023-08-29 18:55:04,150 [main] INFO  utils.BackgroundService (BackgroundService.java:shutdown(141)) - Shutting down service SstFilteringService
2023-08-29 18:55:04,150 [main] INFO  utils.BackgroundService (BackgroundService.java:shutdown(141)) - Shutting down service SnapshotDeletingService
2023-08-29 18:55:04,151 [main] INFO  handler.ContextHandler (ContextHandler.java:doStop(1159)) - Stopped o.e.j.w.WebAppContext@45d316ae{ozoneManager,/,null,STOPPED}{file:/home/runner/work/ozone/ozone/hadoop-ozone/integration-test/target/test-classes/webapps/ozoneManager}
2023-08-29 18:55:04,152 [main] INFO  server.AbstractConnector (AbstractConnector.java:doStop(383)) - Stopped ServerConnector@11cbb187{HTTP/1.1, (http/1.1)}{0.0.0.0:15058}
2023-08-29 18:55:04,153 [main] INFO  server.session (HouseKeeper.java:stopScavenging(149)) - node0 Stopped scavenging
2023-08-29 18:55:04,154 [main] INFO  handler.ContextHandler (ContextHandler.java:doStop(1159)) - Stopped o.e.j.s.ServletContextHandler@4f1bbed9{static,/static,file:///home/runner/work/ozone/ozone/hadoop-ozone/integration-test/target/test-classes/webapps/static,STOPPED}
2023-08-29 18:55:04,154 [main] INFO  handler.ContextHandler (ContextHandler.java:doStop(1159)) - Stopped o.e.j.s.ServletContextHandler@75644d58{logs,/logs,file:///home/runner/work/ozone/ozone/hadoop-ozone/integration-test/target/log,STOPPED}
2023-08-29 18:55:04,158 [Trash Emptier] ERROR om.TrashPolicyOzone (TrashPolicyOzone.java:run(350)) - Error attempting to shutdown
java.lang.InterruptedException
	at java.util.concurrent.locks.AbstractQueuedSynchronizer$ConditionObject.awaitNanos(AbstractQueuedSynchronizer.java:2067)
	at java.util.concurrent.ThreadPoolExecutor.awaitTermination(ThreadPoolExecutor.java:1475)
	at org.apache.hadoop.ozone.om.TrashPolicyOzone$Emptier.run(TrashPolicyOzone.java:348)
	at java.lang.Thread.run(Thread.java:750)
2023-08-29 18:55:04,158 [main] INFO  rocksdiff.RocksDBCheckpointDiffer (RocksDBCheckpointDiffer.java:close(340)) - Shutting down CompactionDagPruningService.
2023-08-29 18:55:04,160 [main] INFO  snapshot.SnapshotDiffManager (SnapshotDiffManager.java:closeExecutorService(1720)) - Shutting down executorService: 'SnapDiffExecutor'
2023-08-29 18:55:04,160 [main] INFO  snapshot.SnapshotDiffManager (SnapshotDiffManager.java:closeExecutorService(1720)) - Shutting down executorService: 'SstDumpToolExecutor'
2023-08-29 18:55:04,160 [main] INFO  utils.BackgroundService (BackgroundService.java:shutdown(141)) - Shutting down service SnapshotDiffCleanupService
2023-08-29 18:55:04,163 [JvmPauseMonitor8] INFO  util.JvmPauseMonitor (JvmPauseMonitor.java:run(109)) - JvmPauseMonitor-81bad0e7-3961-47bf-93c9-20dd9d521bc4: Stopped
2023-08-29 18:55:04,164 [main] INFO  ozone.MiniOzoneClusterImpl (MiniOzoneClusterImpl.java:stopDatanodes(528)) - Stopping the HddsDatanodes
2023-08-29 18:55:04,173 [ForkJoinPool.commonPool-worker-2] INFO  ozoneimpl.OzoneContainer (OzoneContainer.java:stop(451)) - Attempting to stop container services.
2023-08-29 18:55:04,174 [ForkJoinPool.commonPool-worker-2] INFO  server.RaftServer (RaftServerProxy.java:lambda$close$6(416)) - 9b50acff-382e-4523-ab74-6f7baa2ae53c: close
2023-08-29 18:55:04,174 [9b50acff-382e-4523-ab74-6f7baa2ae53c-impl-thread1] INFO  server.RaftServer$Division (RaftServerImpl.java:lambda$close$4(466)) - 9b50acff-382e-4523-ab74-6f7baa2ae53c@group-D1ED80FA1E75: shutdown
2023-08-29 18:55:04,174 [9b50acff-382e-4523-ab74-6f7baa2ae53c-impl-thread1] INFO  util.JmxRegister (JmxRegister.java:unregister(73)) - Successfully un-registered JMX Bean with object name Ratis:service=RaftServer,group=group-D1ED80FA1E75,id=9b50acff-382e-4523-ab74-6f7baa2ae53c
2023-08-29 18:55:04,174 [9b50acff-382e-4523-ab74-6f7baa2ae53c-impl-thread1] INFO  impl.RoleInfo (RoleInfo.java:shutdownLeaderState(93)) - 9b50acff-382e-4523-ab74-6f7baa2ae53c: shutdown 9b50acff-382e-4523-ab74-6f7baa2ae53c@group-D1ED80FA1E75-LeaderStateImpl
2023-08-29 18:55:04,174 [9b50acff-382e-4523-ab74-6f7baa2ae53c-impl-thread1] INFO  impl.PendingRequests (PendingRequests.java:sendNotLeaderResponses(289)) - 9b50acff-382e-4523-ab74-6f7baa2ae53c@group-D1ED80FA1E75-PendingRequests: sendNotLeaderResponses
2023-08-29 18:55:04,174 [9b50acff-382e-4523-ab74-6f7baa2ae53c-impl-thread1] INFO  impl.StateMachineUpdater (StateMachineUpdater.java:stopAndJoin(155)) - 9b50acff-382e-4523-ab74-6f7baa2ae53c@group-D1ED80FA1E75-StateMachineUpdater: set stopIndex = 0
2023-08-29 18:55:04,174 [9b50acff-382e-4523-ab74-6f7baa2ae53c@group-D1ED80FA1E75-StateMachineUpdater] INFO  ratis.ContainerStateMachine (ContainerStateMachine.java:takeSnapshot(330)) - group-D1ED80FA1E75: Taking a snapshot at:(t:1, i:0) file /home/runner/work/ozone/ozone/hadoop-ozone/integration-test/target/test-dir/MiniOzoneClusterImpl-05f3a914-8c49-4f9f-9f2f-4b041a8937a3/datanode-1/data/ratis/936b924e-4c99-49ad-ac79-d1ed80fa1e75/sm/snapshot.1_0
2023-08-29 18:55:04,176 [9b50acff-382e-4523-ab74-6f7baa2ae53c@group-D1ED80FA1E75-StateMachineUpdater] INFO  ratis.ContainerStateMachine (ContainerStateMachine.java:takeSnapshot(341)) - group-D1ED80FA1E75: Finished taking a snapshot at:(t:1, i:0) file:/home/runner/work/ozone/ozone/hadoop-ozone/integration-test/target/test-dir/MiniOzoneClusterImpl-05f3a914-8c49-4f9f-9f2f-4b041a8937a3/datanode-1/data/ratis/936b924e-4c99-49ad-ac79-d1ed80fa1e75/sm/snapshot.1_0 took: 2 ms
2023-08-29 18:55:04,176 [9b50acff-382e-4523-ab74-6f7baa2ae53c@group-D1ED80FA1E75-StateMachineUpdater] INFO  impl.StateMachineUpdater (StateMachineUpdater.java:takeSnapshot(291)) - 9b50acff-382e-4523-ab74-6f7baa2ae53c@group-D1ED80FA1E75-StateMachineUpdater: Took a snapshot at index 0
2023-08-29 18:55:04,177 [9b50acff-382e-4523-ab74-6f7baa2ae53c@group-D1ED80FA1E75-StateMachineUpdater] INFO  impl.StateMachineUpdater (StateMachineUpdater.java:lambda$new$0(97)) - 9b50acff-382e-4523-ab74-6f7baa2ae53c@group-D1ED80FA1E75-StateMachineUpdater: snapshotIndex: updateIncreasingly -1 -> 0
2023-08-29 18:55:04,177 [9b50acff-382e-4523-ab74-6f7baa2ae53c-impl-thread2] INFO  server.RaftServer$Division (RaftServerImpl.java:lambda$close$4(466)) - 9b50acff-382e-4523-ab74-6f7baa2ae53c@group-D4D0DA547FF3: shutdown
2023-08-29 18:55:04,177 [9b50acff-382e-4523-ab74-6f7baa2ae53c-impl-thread1] INFO  server.RaftServer$Division (ServerState.java:close(472)) - 9b50acff-382e-4523-ab74-6f7baa2ae53c@group-D1ED80FA1E75: closes. applyIndex: 0
2023-08-29 18:55:04,178 [9b50acff-382e-4523-ab74-6f7baa2ae53c-impl-thread2] INFO  util.JmxRegister (JmxRegister.java:unregister(73)) - Successfully un-registered JMX Bean with object name Ratis:service=RaftServer,group=group-D4D0DA547FF3,id=9b50acff-382e-4523-ab74-6f7baa2ae53c
2023-08-29 18:55:04,178 [9b50acff-382e-4523-ab74-6f7baa2ae53c-impl-thread2] INFO  impl.RoleInfo (RoleInfo.java:shutdownFollowerState(110)) - 9b50acff-382e-4523-ab74-6f7baa2ae53c: shutdown 9b50acff-382e-4523-ab74-6f7baa2ae53c@group-D4D0DA547FF3-FollowerState
2023-08-29 18:55:04,178 [ForkJoinPool.commonPool-worker-2] INFO  server.GrpcService (GrpcService.java:closeImpl(311)) - 9b50acff-382e-4523-ab74-6f7baa2ae53c: shutdown server org.apache.ratis.grpc.server.GrpcClientProtocolService now
2023-08-29 18:55:04,179 [main] INFO  ozoneimpl.OzoneContainer (OzoneContainer.java:stop(451)) - Attempting to stop container services.
2023-08-29 18:55:04,179 [9b50acff-382e-4523-ab74-6f7baa2ae53c-impl-thread3] INFO  server.RaftServer$Division (RaftServerImpl.java:lambda$close$4(466)) - 9b50acff-382e-4523-ab74-6f7baa2ae53c@group-2215BFF0CF76: shutdown
2023-08-29 18:55:04,179 [9b50acff-382e-4523-ab74-6f7baa2ae53c-impl-thread3] INFO  util.JmxRegister (JmxRegister.java:unregister(73)) - Successfully un-registered JMX Bean with object name Ratis:service=RaftServer,group=group-2215BFF0CF76,id=9b50acff-382e-4523-ab74-6f7baa2ae53c
2023-08-29 18:55:04,179 [9b50acff-382e-4523-ab74-6f7baa2ae53c-impl-thread3] INFO  impl.RoleInfo (RoleInfo.java:shutdownLeaderState(93)) - 9b50acff-382e-4523-ab74-6f7baa2ae53c: shutdown 9b50acff-382e-4523-ab74-6f7baa2ae53c@group-2215BFF0CF76-LeaderStateImpl
2023-08-29 18:55:04,182 [9b50acff-382e-4523-ab74-6f7baa2ae53c-impl-thread2] INFO  impl.StateMachineUpdater (StateMachineUpdater.java:stopAndJoin(155)) - 9b50acff-382e-4523-ab74-6f7baa2ae53c@group-D4D0DA547FF3-StateMachineUpdater: set stopIndex = 11
2023-08-29 18:55:04,182 [9b50acff-382e-4523-ab74-6f7baa2ae53c@group-D4D0DA547FF3-FollowerState] INFO  impl.FollowerState (FollowerState.java:run(152)) - 9b50acff-382e-4523-ab74-6f7baa2ae53c@group-D4D0DA547FF3-FollowerState was interrupted
2023-08-29 18:55:04,182 [9b50acff-382e-4523-ab74-6f7baa2ae53c@group-D4D0DA547FF3-StateMachineUpdater] INFO  ratis.ContainerStateMachine (ContainerStateMachine.java:takeSnapshot(330)) - group-D4D0DA547FF3: Taking a snapshot at:(t:1, i:11) file /home/runner/work/ozone/ozone/hadoop-ozone/integration-test/target/test-dir/MiniOzoneClusterImpl-05f3a914-8c49-4f9f-9f2f-4b041a8937a3/datanode-1/data/ratis/e89394e1-c97b-4e53-a036-d4d0da547ff3/sm/snapshot.1_11
2023-08-29 18:55:04,183 [9b50acff-382e-4523-ab74-6f7baa2ae53c-impl-thread3] INFO  impl.PendingRequests (PendingRequests.java:sendNotLeaderResponses(289)) - 9b50acff-382e-4523-ab74-6f7baa2ae53c@group-2215BFF0CF76-PendingRequests: sendNotLeaderResponses
2023-08-29 18:55:04,183 [9b50acff-382e-4523-ab74-6f7baa2ae53c@group-2215BFF0CF76->35cfc858-a2b0-48ab-9c56-830891a3070f-GrpcLogAppender-LogAppenderDaemon] WARN  server.GrpcLogAppender (GrpcLogAppender.java:mayWait(199)) - 9b50acff-382e-4523-ab74-6f7baa2ae53c@group-2215BFF0CF76->35cfc858-a2b0-48ab-9c56-830891a3070f-GrpcLogAppender: Wait interrupted by java.lang.InterruptedException
2023-08-29 18:55:04,184 [grpc-default-executor-5] WARN  server.GrpcClientProtocolService (LogUtils.java:warn(122)) - 1-UnorderedRequestStreamObserver1: onError: org.apache.ratis.thirdparty.io.grpc.StatusRuntimeException: CANCELLED: client cancelled
2023-08-29 18:55:04,185 [9b50acff-382e-4523-ab74-6f7baa2ae53c@group-D4D0DA547FF3-StateMachineUpdater] INFO  ratis.ContainerStateMachine (ContainerStateMachine.java:takeSnapshot(341)) - group-D4D0DA547FF3: Finished taking a snapshot at:(t:1, i:11) file:/home/runner/work/ozone/ozone/hadoop-ozone/integration-test/target/test-dir/MiniOzoneClusterImpl-05f3a914-8c49-4f9f-9f2f-4b041a8937a3/datanode-1/data/ratis/e89394e1-c97b-4e53-a036-d4d0da547ff3/sm/snapshot.1_11 took: 2 ms
2023-08-29 18:55:04,185 [9b50acff-382e-4523-ab74-6f7baa2ae53c@group-D4D0DA547FF3-StateMachineUpdater] INFO  impl.StateMachineUpdater (StateMachineUpdater.java:takeSnapshot(291)) - 9b50acff-382e-4523-ab74-6f7baa2ae53c@group-D4D0DA547FF3-StateMachineUpdater: Took a snapshot at index 11
2023-08-29 18:55:04,185 [9b50acff-382e-4523-ab74-6f7baa2ae53c@group-D4D0DA547FF3-StateMachineUpdater] INFO  impl.StateMachineUpdater (StateMachineUpdater.java:lambda$new$0(97)) - 9b50acff-382e-4523-ab74-6f7baa2ae53c@group-D4D0DA547FF3-StateMachineUpdater: snapshotIndex: updateIncreasingly -1 -> 11
2023-08-29 18:55:04,185 [9b50acff-382e-4523-ab74-6f7baa2ae53c-impl-thread2] INFO  server.RaftServer$Division (ServerState.java:close(472)) - 9b50acff-382e-4523-ab74-6f7baa2ae53c@group-D4D0DA547FF3: closes. applyIndex: 11
2023-08-29 18:55:04,184 [grpc-default-executor-4] WARN  server.GrpcClientProtocolService (LogUtils.java:warn(122)) - 0-OrderedRequestStreamObserver0: onError: org.apache.ratis.thirdparty.io.grpc.StatusRuntimeException: CANCELLED: client cancelled
2023-08-29 18:55:04,184 [main] INFO  server.RaftServer (RaftServerProxy.java:lambda$close$6(416)) - 35cfc858-a2b0-48ab-9c56-830891a3070f: close
2023-08-29 18:55:04,187 [35cfc858-a2b0-48ab-9c56-830891a3070f-impl-thread1] INFO  server.RaftServer$Division (RaftServerImpl.java:lambda$close$4(466)) - 35cfc858-a2b0-48ab-9c56-830891a3070f@group-0A7EAF65D047: shutdown
2023-08-29 18:55:04,187 [35cfc858-a2b0-48ab-9c56-830891a3070f-impl-thread1] INFO  util.JmxRegister (JmxRegister.java:unregister(73)) - Successfully un-registered JMX Bean with object name Ratis:service=RaftServer,group=group-0A7EAF65D047,id=35cfc858-a2b0-48ab-9c56-830891a3070f
2023-08-29 18:55:04,187 [35cfc858-a2b0-48ab-9c56-830891a3070f-impl-thread1] INFO  impl.RoleInfo (RoleInfo.java:shutdownLeaderState(93)) - 35cfc858-a2b0-48ab-9c56-830891a3070f: shutdown 35cfc858-a2b0-48ab-9c56-830891a3070f@group-0A7EAF65D047-LeaderStateImpl
2023-08-29 18:55:04,187 [35cfc858-a2b0-48ab-9c56-830891a3070f-impl-thread1] INFO  impl.PendingRequests (PendingRequests.java:sendNotLeaderResponses(289)) - 35cfc858-a2b0-48ab-9c56-830891a3070f@group-0A7EAF65D047-PendingRequests: sendNotLeaderResponses
2023-08-29 18:55:04,187 [35cfc858-a2b0-48ab-9c56-830891a3070f-impl-thread1] INFO  impl.StateMachineUpdater (StateMachineUpdater.java:stopAndJoin(155)) - 35cfc858-a2b0-48ab-9c56-830891a3070f@group-0A7EAF65D047-StateMachineUpdater: set stopIndex = 0
2023-08-29 18:55:04,184 [Thread-1036] INFO  server.GrpcServerProtocolClient (GrpcServerProtocolClient.java:close(103)) - 01366e89-60c7-46c1-a96e-1a2337162bc6 Close channels
2023-08-29 18:55:04,187 [35cfc858-a2b0-48ab-9c56-830891a3070f@group-0A7EAF65D047-StateMachineUpdater] INFO  ratis.ContainerStateMachine (ContainerStateMachine.java:takeSnapshot(330)) - group-0A7EAF65D047: Taking a snapshot at:(t:1, i:0) file /home/runner/work/ozone/ozone/hadoop-ozone/integration-test/target/test-dir/MiniOzoneClusterImpl-05f3a914-8c49-4f9f-9f2f-4b041a8937a3/datanode-2/data/ratis/0594956b-ab6e-4b03-a748-0a7eaf65d047/sm/snapshot.1_0
2023-08-29 18:55:04,183 [9b50acff-382e-4523-ab74-6f7baa2ae53c@group-2215BFF0CF76->01366e89-60c7-46c1-a96e-1a2337162bc6-GrpcLogAppender-LogAppenderDaemon] WARN  server.GrpcLogAppender (GrpcLogAppender.java:mayWait(199)) - 9b50acff-382e-4523-ab74-6f7baa2ae53c@group-2215BFF0CF76->01366e89-60c7-46c1-a96e-1a2337162bc6-GrpcLogAppender: Wait interrupted by java.lang.InterruptedException
2023-08-29 18:55:04,188 [grpc-default-executor-4] INFO  server.GrpcServerProtocolService (GrpcServerProtocolService.java:onCompleted(155)) - 01366e89-60c7-46c1-a96e-1a2337162bc6: Completed APPEND_ENTRIES, lastRequest: 9b50acff-382e-4523-ab74-6f7baa2ae53c->01366e89-60c7-46c1-a96e-1a2337162bc6#33-t1,previous=(t:1, i:21),leaderCommit=21,initializing? true,entries: size=1, first=(t:1, i:22), METADATAENTRY(c:21)
2023-08-29 18:55:04,188 [grpc-default-executor-4] INFO  server.GrpcServerProtocolService (GrpcServerProtocolService.java:lambda$onCompleted$5(157)) - 01366e89-60c7-46c1-a96e-1a2337162bc6: Completed APPEND_ENTRIES, lastReply: null
2023-08-29 18:55:04,188 [grpc-default-executor-5] INFO  server.GrpcLogAppender (GrpcLogAppender.java:onCompleted(428)) - 9b50acff-382e-4523-ab74-6f7baa2ae53c@group-2215BFF0CF76->01366e89-60c7-46c1-a96e-1a2337162bc6-AppendLogResponseHandler: follower responses appendEntries COMPLETED
2023-08-29 18:55:04,188 [grpc-default-executor-5] WARN  server.GrpcLogAppender (GrpcLogAppender.java:resetClient(137)) - 9b50acff-382e-4523-ab74-6f7baa2ae53c@group-2215BFF0CF76->01366e89-60c7-46c1-a96e-1a2337162bc6-GrpcLogAppender: Failed to getClient for 01366e89-60c7-46c1-a96e-1a2337162bc6
org.apache.ratis.protocol.exceptions.AlreadyClosedException: 9b50acff-382e-4523-ab74-6f7baa2ae53c is already CLOSED
	at org.apache.ratis.util.PeerProxyMap$PeerAndProxy.getProxy(PeerProxyMap.java:61)
	at org.apache.ratis.util.PeerProxyMap.getProxy(PeerProxyMap.java:115)
	at org.apache.ratis.grpc.server.GrpcLogAppender.getClient(GrpcLogAppender.java:112)
	at org.apache.ratis.grpc.server.GrpcLogAppender.resetClient(GrpcLogAppender.java:117)
	at org.apache.ratis.grpc.server.GrpcLogAppender.access$500(GrpcLogAppender.java:56)
	at org.apache.ratis.grpc.server.GrpcLogAppender$AppendLogResponseHandler.onCompleted(GrpcLogAppender.java:429)
	at org.apache.ratis.thirdparty.io.grpc.stub.ClientCalls$StreamObserverToCallListenerAdapter.onClose(ClientCalls.java:485)
	at org.apache.ratis.thirdparty.io.grpc.internal.ClientCallImpl.closeObserver(ClientCallImpl.java:563)
	at org.apache.ratis.thirdparty.io.grpc.internal.ClientCallImpl.access$300(ClientCallImpl.java:70)
	at org.apache.ratis.thirdparty.io.grpc.internal.ClientCallImpl$ClientStreamListenerImpl$1StreamClosed.runInternal(ClientCallImpl.java:744)
	at org.apache.ratis.thirdparty.io.grpc.internal.ClientCallImpl$ClientStreamListenerImpl$1StreamClosed.runInContext(ClientCallImpl.java:723)
	at org.apache.ratis.thirdparty.io.grpc.internal.ContextRunnable.run(ContextRunnable.java:37)
	at org.apache.ratis.thirdparty.io.grpc.internal.SerializingExecutor.run(SerializingExecutor.java:133)
	at java.util.concurrent.ThreadPoolExecutor.runWorker(ThreadPoolExecutor.java:1149)
	at java.util.concurrent.ThreadPoolExecutor$Worker.run(ThreadPoolExecutor.java:624)
	at java.lang.Thread.run(Thread.java:750)
2023-08-29 18:55:04,189 [35cfc858-a2b0-48ab-9c56-830891a3070f@group-0A7EAF65D047-StateMachineUpdater] INFO  ratis.ContainerStateMachine (ContainerStateMachine.java:takeSnapshot(341)) - group-0A7EAF65D047: Finished taking a snapshot at:(t:1, i:0) file:/home/runner/work/ozone/ozone/hadoop-ozone/integration-test/target/test-dir/MiniOzoneClusterImpl-05f3a914-8c49-4f9f-9f2f-4b041a8937a3/datanode-2/data/ratis/0594956b-ab6e-4b03-a748-0a7eaf65d047/sm/snapshot.1_0 took: 1 ms
2023-08-29 18:55:04,189 [35cfc858-a2b0-48ab-9c56-830891a3070f@group-0A7EAF65D047-StateMachineUpdater] INFO  impl.StateMachineUpdater (StateMachineUpdater.java:takeSnapshot(291)) - 35cfc858-a2b0-48ab-9c56-830891a3070f@group-0A7EAF65D047-StateMachineUpdater: Took a snapshot at index 0
2023-08-29 18:55:04,189 [35cfc858-a2b0-48ab-9c56-830891a3070f@group-0A7EAF65D047-StateMachineUpdater] INFO  impl.StateMachineUpdater (StateMachineUpdater.java:lambda$new$0(97)) - 35cfc858-a2b0-48ab-9c56-830891a3070f@group-0A7EAF65D047-StateMachineUpdater: snapshotIndex: updateIncreasingly -1 -> 0
2023-08-29 18:55:04,189 [35cfc858-a2b0-48ab-9c56-830891a3070f-impl-thread1] INFO  server.RaftServer$Division (ServerState.java:close(472)) - 35cfc858-a2b0-48ab-9c56-830891a3070f@group-0A7EAF65D047: closes. applyIndex: 0
2023-08-29 18:55:04,191 [Thread-1038] INFO  server.GrpcServerProtocolClient (GrpcServerProtocolClient.java:close(103)) - 35cfc858-a2b0-48ab-9c56-830891a3070f Close channels
2023-08-29 18:55:04,193 [9b50acff-382e-4523-ab74-6f7baa2ae53c-impl-thread3] INFO  impl.StateMachineUpdater (StateMachineUpdater.java:stopAndJoin(155)) - 9b50acff-382e-4523-ab74-6f7baa2ae53c@group-2215BFF0CF76-StateMachineUpdater: set stopIndex = 22
2023-08-29 18:55:04,193 [9b50acff-382e-4523-ab74-6f7baa2ae53c@group-2215BFF0CF76-StateMachineUpdater] INFO  ratis.ContainerStateMachine (ContainerStateMachine.java:takeSnapshot(330)) - group-2215BFF0CF76: Taking a snapshot at:(t:1, i:22) file /home/runner/work/ozone/ozone/hadoop-ozone/integration-test/target/test-dir/MiniOzoneClusterImpl-05f3a914-8c49-4f9f-9f2f-4b041a8937a3/datanode-1/data/ratis/8cf0cd72-1108-407f-b359-2215bff0cf76/sm/snapshot.1_22
2023-08-29 18:55:04,193 [grpc-default-executor-5] INFO  server.GrpcServerProtocolService (GrpcServerProtocolService.java:onCompleted(155)) - 35cfc858-a2b0-48ab-9c56-830891a3070f: Completed APPEND_ENTRIES, lastRequest: 9b50acff-382e-4523-ab74-6f7baa2ae53c->35cfc858-a2b0-48ab-9c56-830891a3070f#30-t1,previous=(t:1, i:21),leaderCommit=21,initializing? true,entries: size=1, first=(t:1, i:22), METADATAENTRY(c:21)
2023-08-29 18:55:04,193 [grpc-default-executor-0] INFO  server.GrpcServerProtocolService (GrpcServerProtocolService.java:onCompleted(155)) - 35cfc858-a2b0-48ab-9c56-830891a3070f: Completed APPEND_ENTRIES, lastRequest: null
2023-08-29 18:55:04,193 [grpc-default-executor-5] INFO  server.GrpcServerProtocolService (GrpcServerProtocolService.java:lambda$onCompleted$5(157)) - 35cfc858-a2b0-48ab-9c56-830891a3070f: Completed APPEND_ENTRIES, lastReply: null
2023-08-29 18:55:04,194 [grpc-default-executor-0] INFO  server.GrpcServerProtocolService (GrpcServerProtocolService.java:lambda$onCompleted$5(157)) - 35cfc858-a2b0-48ab-9c56-830891a3070f: Completed APPEND_ENTRIES, lastReply: serverReply {
  requestorId: "9b50acff-382e-4523-ab74-6f7baa2ae53c"
  replyId: "35cfc858-a2b0-48ab-9c56-830891a3070f"
  raftGroupId {
    id: "\214\360\315r\021\b@\177\263Y\"\025\277\360\317v"
  }
  callId: 49
  success: true
}
term: 1
nextIndex: 23
followerCommit: 22
matchIndex: 18446744073709551615
isHearbeat: true

2023-08-29 18:55:04,194 [grpc-default-executor-3] INFO  server.GrpcServerProtocolService (GrpcServerProtocolService.java:onCompleted(155)) - 01366e89-60c7-46c1-a96e-1a2337162bc6: Completed APPEND_ENTRIES, lastRequest: null
2023-08-29 18:55:04,194 [grpc-default-executor-3] INFO  server.GrpcServerProtocolService (GrpcServerProtocolService.java:lambda$onCompleted$5(157)) - 01366e89-60c7-46c1-a96e-1a2337162bc6: Completed APPEND_ENTRIES, lastReply: serverReply {
  requestorId: "9b50acff-382e-4523-ab74-6f7baa2ae53c"
  replyId: "01366e89-60c7-46c1-a96e-1a2337162bc6"
  raftGroupId {
    id: "\214\360\315r\021\b@\177\263Y\"\025\277\360\317v"
  }
  callId: 53
  success: true
}
term: 1
nextIndex: 23
followerCommit: 22
matchIndex: 18446744073709551615
isHearbeat: true

2023-08-29 18:55:04,194 [35cfc858-a2b0-48ab-9c56-830891a3070f-impl-thread2] INFO  server.RaftServer$Division (RaftServerImpl.java:lambda$close$4(466)) - 35cfc858-a2b0-48ab-9c56-830891a3070f@group-D4D0DA547FF3: shutdown
2023-08-29 18:55:04,194 [35cfc858-a2b0-48ab-9c56-830891a3070f-impl-thread2] INFO  util.JmxRegister (JmxRegister.java:unregister(73)) - Successfully un-registered JMX Bean with object name Ratis:service=RaftServer,group=group-D4D0DA547FF3,id=35cfc858-a2b0-48ab-9c56-830891a3070f
2023-08-29 18:55:04,194 [35cfc858-a2b0-48ab-9c56-830891a3070f-impl-thread2] INFO  impl.RoleInfo (RoleInfo.java:shutdownFollowerState(110)) - 35cfc858-a2b0-48ab-9c56-830891a3070f: shutdown 35cfc858-a2b0-48ab-9c56-830891a3070f@group-D4D0DA547FF3-FollowerState
2023-08-29 18:55:04,195 [9b50acff-382e-4523-ab74-6f7baa2ae53c@group-2215BFF0CF76-StateMachineUpdater] INFO  ratis.ContainerStateMachine (ContainerStateMachine.java:takeSnapshot(341)) - group-2215BFF0CF76: Finished taking a snapshot at:(t:1, i:22) file:/home/runner/work/ozone/ozone/hadoop-ozone/integration-test/target/test-dir/MiniOzoneClusterImpl-05f3a914-8c49-4f9f-9f2f-4b041a8937a3/datanode-1/data/ratis/8cf0cd72-1108-407f-b359-2215bff0cf76/sm/snapshot.1_22 took: 2 ms
2023-08-29 18:55:04,195 [9b50acff-382e-4523-ab74-6f7baa2ae53c@group-2215BFF0CF76-StateMachineUpdater] INFO  impl.StateMachineUpdater (StateMachineUpdater.java:takeSnapshot(291)) - 9b50acff-382e-4523-ab74-6f7baa2ae53c@group-2215BFF0CF76-StateMachineUpdater: Took a snapshot at index 22
2023-08-29 18:55:04,195 [9b50acff-382e-4523-ab74-6f7baa2ae53c@group-2215BFF0CF76-StateMachineUpdater] INFO  impl.StateMachineUpdater (StateMachineUpdater.java:lambda$new$0(97)) - 9b50acff-382e-4523-ab74-6f7baa2ae53c@group-2215BFF0CF76-StateMachineUpdater: snapshotIndex: updateIncreasingly -1 -> 22
2023-08-29 18:55:04,197 [main] INFO  server.GrpcService (GrpcService.java:closeImpl(311)) - 35cfc858-a2b0-48ab-9c56-830891a3070f: shutdown server org.apache.ratis.grpc.server.GrpcClientProtocolService now
2023-08-29 18:55:04,198 [35cfc858-a2b0-48ab-9c56-830891a3070f-impl-thread2] INFO  impl.StateMachineUpdater (StateMachineUpdater.java:stopAndJoin(155)) - 35cfc858-a2b0-48ab-9c56-830891a3070f@group-D4D0DA547FF3-StateMachineUpdater: set stopIndex = 11
2023-08-29 18:55:04,198 [35cfc858-a2b0-48ab-9c56-830891a3070f-impl-thread3] INFO  server.RaftServer$Division (RaftServerImpl.java:lambda$close$4(466)) - 35cfc858-a2b0-48ab-9c56-830891a3070f@group-2215BFF0CF76: shutdown
2023-08-29 18:55:04,208 [35cfc858-a2b0-48ab-9c56-830891a3070f-impl-thread3] INFO  util.JmxRegister (JmxRegister.java:unregister(73)) - Successfully un-registered JMX Bean with object name Ratis:service=RaftServer,group=group-2215BFF0CF76,id=35cfc858-a2b0-48ab-9c56-830891a3070f
2023-08-29 18:55:04,200 [grpc-default-executor-2] INFO  server.GrpcLogAppender (GrpcLogAppender.java:onCompleted(428)) - 9b50acff-382e-4523-ab74-6f7baa2ae53c@group-2215BFF0CF76->35cfc858-a2b0-48ab-9c56-830891a3070f-AppendLogResponseHandler: follower responses appendEntries COMPLETED
2023-08-29 18:55:04,208 [grpc-default-executor-2] WARN  server.GrpcLogAppender (GrpcLogAppender.java:resetClient(137)) - 9b50acff-382e-4523-ab74-6f7baa2ae53c@group-2215BFF0CF76->35cfc858-a2b0-48ab-9c56-830891a3070f-GrpcLogAppender: Failed to getClient for 35cfc858-a2b0-48ab-9c56-830891a3070f
org.apache.ratis.protocol.exceptions.AlreadyClosedException: 9b50acff-382e-4523-ab74-6f7baa2ae53c is already CLOSED
	at org.apache.ratis.util.PeerProxyMap$PeerAndProxy.getProxy(PeerProxyMap.java:61)
	at org.apache.ratis.util.PeerProxyMap.getProxy(PeerProxyMap.java:115)
	at org.apache.ratis.grpc.server.GrpcLogAppender.getClient(GrpcLogAppender.java:112)
	at org.apache.ratis.grpc.server.GrpcLogAppender.resetClient(GrpcLogAppender.java:117)
	at org.apache.ratis.grpc.server.GrpcLogAppender.access$500(GrpcLogAppender.java:56)
	at org.apache.ratis.grpc.server.GrpcLogAppender$AppendLogResponseHandler.onCompleted(GrpcLogAppender.java:429)
	at org.apache.ratis.thirdparty.io.grpc.stub.ClientCalls$StreamObserverToCallListenerAdapter.onClose(ClientCalls.java:485)
	at org.apache.ratis.thirdparty.io.grpc.internal.ClientCallImpl.closeObserver(ClientCallImpl.java:563)
	at org.apache.ratis.thirdparty.io.grpc.internal.ClientCallImpl.access$300(ClientCallImpl.java:70)
	at org.apache.ratis.thirdparty.io.grpc.internal.ClientCallImpl$ClientStreamListenerImpl$1StreamClosed.runInternal(ClientCallImpl.java:744)
	at org.apache.ratis.thirdparty.io.grpc.internal.ClientCallImpl$ClientStreamListenerImpl$1StreamClosed.runInContext(ClientCallImpl.java:723)
	at org.apache.ratis.thirdparty.io.grpc.internal.ContextRunnable.run(ContextRunnable.java:37)
	at org.apache.ratis.thirdparty.io.grpc.internal.SerializingExecutor.run(SerializingExecutor.java:133)
	at java.util.concurrent.ThreadPoolExecutor.runWorker(ThreadPoolExecutor.java:1149)
	at java.util.concurrent.ThreadPoolExecutor$Worker.run(ThreadPoolExecutor.java:624)
	at java.lang.Thread.run(Thread.java:750)
2023-08-29 18:55:04,200 [9b50acff-382e-4523-ab74-6f7baa2ae53c-impl-thread3] INFO  server.RaftServer$Division (ServerState.java:close(472)) - 9b50acff-382e-4523-ab74-6f7baa2ae53c@group-2215BFF0CF76: closes. applyIndex: 22
2023-08-29 18:55:04,198 [35cfc858-a2b0-48ab-9c56-830891a3070f@group-D4D0DA547FF3-FollowerState] INFO  impl.FollowerState (FollowerState.java:run(152)) - 35cfc858-a2b0-48ab-9c56-830891a3070f@group-D4D0DA547FF3-FollowerState was interrupted
2023-08-29 18:55:04,214 [grpc-default-executor-2] INFO  server.GrpcLogAppender (GrpcLogAppender.java:onCompleted(428)) - 9b50acff-382e-4523-ab74-6f7baa2ae53c@group-2215BFF0CF76->01366e89-60c7-46c1-a96e-1a2337162bc6-AppendLogResponseHandler: follower responses appendEntries COMPLETED
2023-08-29 18:55:04,214 [grpc-default-executor-2] WARN  server.GrpcLogAppender (GrpcLogAppender.java:resetClient(137)) - 9b50acff-382e-4523-ab74-6f7baa2ae53c@group-2215BFF0CF76->01366e89-60c7-46c1-a96e-1a2337162bc6-GrpcLogAppender: Failed to getClient for 01366e89-60c7-46c1-a96e-1a2337162bc6
org.apache.ratis.protocol.exceptions.AlreadyClosedException: 9b50acff-382e-4523-ab74-6f7baa2ae53c is already CLOSED
	at org.apache.ratis.util.PeerProxyMap$PeerAndProxy.getProxy(PeerProxyMap.java:61)
	at org.apache.ratis.util.PeerProxyMap.getProxy(PeerProxyMap.java:115)
	at org.apache.ratis.grpc.server.GrpcLogAppender.getClient(GrpcLogAppender.java:112)
	at org.apache.ratis.grpc.server.GrpcLogAppender.resetClient(GrpcLogAppender.java:117)
	at org.apache.ratis.grpc.server.GrpcLogAppender.access$500(GrpcLogAppender.java:56)
	at org.apache.ratis.grpc.server.GrpcLogAppender$AppendLogResponseHandler.onCompleted(GrpcLogAppender.java:429)
	at org.apache.ratis.thirdparty.io.grpc.stub.ClientCalls$StreamObserverToCallListenerAdapter.onClose(ClientCalls.java:485)
	at org.apache.ratis.thirdparty.io.grpc.internal.ClientCallImpl.closeObserver(ClientCallImpl.java:563)
	at org.apache.ratis.thirdparty.io.grpc.internal.ClientCallImpl.access$300(ClientCallImpl.java:70)
	at org.apache.ratis.thirdparty.io.grpc.internal.ClientCallImpl$ClientStreamListenerImpl$1StreamClosed.runInternal(ClientCallImpl.java:744)
	at org.apache.ratis.thirdparty.io.grpc.internal.ClientCallImpl$ClientStreamListenerImpl$1StreamClosed.runInContext(ClientCallImpl.java:723)
	at org.apache.ratis.thirdparty.io.grpc.internal.ContextRunnable.run(ContextRunnable.java:37)
	at org.apache.ratis.thirdparty.io.grpc.internal.SerializingExecutor.run(SerializingExecutor.java:133)
	at java.util.concurrent.ThreadPoolExecutor.runWorker(ThreadPoolExecutor.java:1149)
	at java.util.concurrent.ThreadPoolExecutor$Worker.run(ThreadPoolExecutor.java:624)
	at java.lang.Thread.run(Thread.java:750)
2023-08-29 18:55:04,213 [grpc-default-executor-6] INFO  server.GrpcLogAppender (GrpcLogAppender.java:onCompleted(428)) - 9b50acff-382e-4523-ab74-6f7baa2ae53c@group-2215BFF0CF76->35cfc858-a2b0-48ab-9c56-830891a3070f-AppendLogResponseHandler: follower responses appendEntries COMPLETED
2023-08-29 18:55:04,214 [grpc-default-executor-6] WARN  server.GrpcLogAppender (GrpcLogAppender.java:resetClient(137)) - 9b50acff-382e-4523-ab74-6f7baa2ae53c@group-2215BFF0CF76->35cfc858-a2b0-48ab-9c56-830891a3070f-GrpcLogAppender: Failed to getClient for 35cfc858-a2b0-48ab-9c56-830891a3070f
org.apache.ratis.protocol.exceptions.AlreadyClosedException: 9b50acff-382e-4523-ab74-6f7baa2ae53c is already CLOSED
	at org.apache.ratis.util.PeerProxyMap$PeerAndProxy.getProxy(PeerProxyMap.java:61)
	at org.apache.ratis.util.PeerProxyMap.getProxy(PeerProxyMap.java:115)
	at org.apache.ratis.grpc.server.GrpcLogAppender.getClient(GrpcLogAppender.java:112)
	at org.apache.ratis.grpc.server.GrpcLogAppender.resetClient(GrpcLogAppender.java:117)
	at org.apache.ratis.grpc.server.GrpcLogAppender.access$500(GrpcLogAppender.java:56)
	at org.apache.ratis.grpc.server.GrpcLogAppender$AppendLogResponseHandler.onCompleted(GrpcLogAppender.java:429)
	at org.apache.ratis.thirdparty.io.grpc.stub.ClientCalls$StreamObserverToCallListenerAdapter.onClose(ClientCalls.java:485)
	at org.apache.ratis.thirdparty.io.grpc.internal.ClientCallImpl.closeObserver(ClientCallImpl.java:563)
	at org.apache.ratis.thirdparty.io.grpc.internal.ClientCallImpl.access$300(ClientCallImpl.java:70)
	at org.apache.ratis.thirdparty.io.grpc.internal.ClientCallImpl$ClientStreamListenerImpl$1StreamClosed.runInternal(ClientCallImpl.java:744)
	at org.apache.ratis.thirdparty.io.grpc.internal.ClientCallImpl$ClientStreamListenerImpl$1StreamClosed.runInContext(ClientCallImpl.java:723)
	at org.apache.ratis.thirdparty.io.grpc.internal.ContextRunnable.run(ContextRunnable.java:37)
	at org.apache.ratis.thirdparty.io.grpc.internal.SerializingExecutor.run(SerializingExecutor.java:133)
	at java.util.concurrent.ThreadPoolExecutor.runWorker(ThreadPoolExecutor.java:1149)
	at java.util.concurrent.ThreadPoolExecutor$Worker.run(ThreadPoolExecutor.java:624)
	at java.lang.Thread.run(Thread.java:750)
2023-08-29 18:55:04,209 [35cfc858-a2b0-48ab-9c56-830891a3070f@group-D4D0DA547FF3-StateMachineUpdater] INFO  ratis.ContainerStateMachine (ContainerStateMachine.java:takeSnapshot(330)) - group-D4D0DA547FF3: Taking a snapshot at:(t:1, i:11) file /home/runner/work/ozone/ozone/hadoop-ozone/integration-test/target/test-dir/MiniOzoneClusterImpl-05f3a914-8c49-4f9f-9f2f-4b041a8937a3/datanode-2/data/ratis/e89394e1-c97b-4e53-a036-d4d0da547ff3/sm/snapshot.1_11
2023-08-29 18:55:04,209 [main] INFO  server.GrpcService (GrpcService.java:closeImpl(320)) - 35cfc858-a2b0-48ab-9c56-830891a3070f: shutdown server org.apache.ratis.grpc.server.GrpcClientProtocolService successfully
2023-08-29 18:55:04,214 [main] INFO  server.GrpcService (GrpcService.java:closeImpl(311)) - 35cfc858-a2b0-48ab-9c56-830891a3070f: shutdown server GrpcServerProtocolService now
2023-08-29 18:55:04,208 [35cfc858-a2b0-48ab-9c56-830891a3070f-impl-thread3] INFO  impl.RoleInfo (RoleInfo.java:shutdownFollowerState(110)) - 35cfc858-a2b0-48ab-9c56-830891a3070f: shutdown 35cfc858-a2b0-48ab-9c56-830891a3070f@group-2215BFF0CF76-FollowerState
2023-08-29 18:55:04,215 [35cfc858-a2b0-48ab-9c56-830891a3070f-impl-thread3] INFO  impl.StateMachineUpdater (StateMachineUpdater.java:stopAndJoin(155)) - 35cfc858-a2b0-48ab-9c56-830891a3070f@group-2215BFF0CF76-StateMachineUpdater: set stopIndex = 22
2023-08-29 18:55:04,215 [35cfc858-a2b0-48ab-9c56-830891a3070f@group-2215BFF0CF76-FollowerState] INFO  impl.FollowerState (FollowerState.java:run(152)) - 35cfc858-a2b0-48ab-9c56-830891a3070f@group-2215BFF0CF76-FollowerState was interrupted
2023-08-29 18:55:04,215 [35cfc858-a2b0-48ab-9c56-830891a3070f@group-2215BFF0CF76-StateMachineUpdater] INFO  ratis.ContainerStateMachine (ContainerStateMachine.java:takeSnapshot(330)) - group-2215BFF0CF76: Taking a snapshot at:(t:1, i:22) file /home/runner/work/ozone/ozone/hadoop-ozone/integration-test/target/test-dir/MiniOzoneClusterImpl-05f3a914-8c49-4f9f-9f2f-4b041a8937a3/datanode-2/data/ratis/8cf0cd72-1108-407f-b359-2215bff0cf76/sm/snapshot.1_22
2023-08-29 18:55:04,216 [35cfc858-a2b0-48ab-9c56-830891a3070f@group-D4D0DA547FF3-StateMachineUpdater] INFO  ratis.ContainerStateMachine (ContainerStateMachine.java:takeSnapshot(341)) - group-D4D0DA547FF3: Finished taking a snapshot at:(t:1, i:11) file:/home/runner/work/ozone/ozone/hadoop-ozone/integration-test/target/test-dir/MiniOzoneClusterImpl-05f3a914-8c49-4f9f-9f2f-4b041a8937a3/datanode-2/data/ratis/e89394e1-c97b-4e53-a036-d4d0da547ff3/sm/snapshot.1_11 took: 8 ms
2023-08-29 18:55:04,216 [ForkJoinPool.commonPool-worker-3] INFO  ozoneimpl.OzoneContainer (OzoneContainer.java:stop(451)) - Attempting to stop container services.
2023-08-29 18:55:04,216 [35cfc858-a2b0-48ab-9c56-830891a3070f@group-D4D0DA547FF3-StateMachineUpdater] INFO  impl.StateMachineUpdater (StateMachineUpdater.java:takeSnapshot(291)) - 35cfc858-a2b0-48ab-9c56-830891a3070f@group-D4D0DA547FF3-StateMachineUpdater: Took a snapshot at index 11
2023-08-29 18:55:04,216 [35cfc858-a2b0-48ab-9c56-830891a3070f@group-D4D0DA547FF3-StateMachineUpdater] INFO  impl.StateMachineUpdater (StateMachineUpdater.java:lambda$new$0(97)) - 35cfc858-a2b0-48ab-9c56-830891a3070f@group-D4D0DA547FF3-StateMachineUpdater: snapshotIndex: updateIncreasingly -1 -> 11
2023-08-29 18:55:04,217 [35cfc858-a2b0-48ab-9c56-830891a3070f-impl-thread2] INFO  server.RaftServer$Division (ServerState.java:close(472)) - 35cfc858-a2b0-48ab-9c56-830891a3070f@group-D4D0DA547FF3: closes. applyIndex: 11
2023-08-29 18:55:04,217 [grpc-default-executor-2] WARN  server.GrpcServerProtocolService (LogUtils.java:warn(122)) - 35cfc858-a2b0-48ab-9c56-830891a3070f: APPEND_ENTRIES onError, lastRequest: 01366e89-60c7-46c1-a96e-1a2337162bc6->35cfc858-a2b0-48ab-9c56-830891a3070f#40-t1,previous=(t:1, i:11),leaderCommit=11,initializing? true,entries: size=1, first=(t:1, i:12), METADATAENTRY(c:11): org.apache.ratis.thirdparty.io.grpc.StatusRuntimeException: CANCELLED: client cancelled
2023-08-29 18:55:04,219 [grpc-default-executor-1] WARN  server.GrpcServerProtocolService (LogUtils.java:warn(122)) - 35cfc858-a2b0-48ab-9c56-830891a3070f: APPEND_ENTRIES onError, lastRequest: null: org.apache.ratis.thirdparty.io.grpc.StatusRuntimeException: CANCELLED: client cancelled
2023-08-29 18:55:04,219 [main] INFO  server.GrpcService (GrpcService.java:closeImpl(320)) - 35cfc858-a2b0-48ab-9c56-830891a3070f: shutdown server GrpcServerProtocolService successfully
2023-08-29 18:55:04,219 [main] INFO  server.GrpcService (GrpcService.java:closeImpl(311)) - 35cfc858-a2b0-48ab-9c56-830891a3070f: shutdown server org.apache.ratis.grpc.server.GrpcAdminProtocolService now
2023-08-29 18:55:04,220 [grpc-default-executor-4] WARN  server.GrpcLogAppender (LogUtils.java:warn(122)) - 01366e89-60c7-46c1-a96e-1a2337162bc6@group-D4D0DA547FF3->35cfc858-a2b0-48ab-9c56-830891a3070f-AppendLogResponseHandler: Failed appendEntries: org.apache.ratis.thirdparty.io.grpc.StatusRuntimeException: CANCELLED: RST_STREAM closed stream. HTTP/2 error code: CANCEL
2023-08-29 18:55:04,220 [grpc-default-executor-4] INFO  leader.FollowerInfo (FollowerInfoImpl.java:lambda$new$0(52)) - 01366e89-60c7-46c1-a96e-1a2337162bc6@group-D4D0DA547FF3->35cfc858-a2b0-48ab-9c56-830891a3070f: decreaseNextIndex nextIndex: updateUnconditionally 13 -> 12
2023-08-29 18:55:04,220 [ForkJoinPool.commonPool-worker-3] INFO  server.RaftServer (RaftServerProxy.java:lambda$close$6(416)) - 01366e89-60c7-46c1-a96e-1a2337162bc6: close
2023-08-29 18:55:04,220 [01366e89-60c7-46c1-a96e-1a2337162bc6-impl-thread1] INFO  server.RaftServer$Division (RaftServerImpl.java:lambda$close$4(466)) - 01366e89-60c7-46c1-a96e-1a2337162bc6@group-BBE16DE7D014: shutdown
2023-08-29 18:55:04,220 [01366e89-60c7-46c1-a96e-1a2337162bc6-impl-thread1] INFO  util.JmxRegister (JmxRegister.java:unregister(73)) - Successfully un-registered JMX Bean with object name Ratis:service=RaftServer,group=group-BBE16DE7D014,id=01366e89-60c7-46c1-a96e-1a2337162bc6
2023-08-29 18:55:04,220 [01366e89-60c7-46c1-a96e-1a2337162bc6-impl-thread1] INFO  impl.RoleInfo (RoleInfo.java:shutdownLeaderState(93)) - 01366e89-60c7-46c1-a96e-1a2337162bc6: shutdown 01366e89-60c7-46c1-a96e-1a2337162bc6@group-BBE16DE7D014-LeaderStateImpl
2023-08-29 18:55:04,220 [01366e89-60c7-46c1-a96e-1a2337162bc6-impl-thread1] INFO  impl.PendingRequests (PendingRequests.java:sendNotLeaderResponses(289)) - 01366e89-60c7-46c1-a96e-1a2337162bc6@group-BBE16DE7D014-PendingRequests: sendNotLeaderResponses
2023-08-29 18:55:04,221 [01366e89-60c7-46c1-a96e-1a2337162bc6-impl-thread1] INFO  impl.StateMachineUpdater (StateMachineUpdater.java:stopAndJoin(155)) - 01366e89-60c7-46c1-a96e-1a2337162bc6@group-BBE16DE7D014-StateMachineUpdater: set stopIndex = 0
2023-08-29 18:55:04,221 [35cfc858-a2b0-48ab-9c56-830891a3070f@group-2215BFF0CF76-StateMachineUpdater] INFO  ratis.ContainerStateMachine (ContainerStateMachine.java:takeSnapshot(341)) - group-2215BFF0CF76: Finished taking a snapshot at:(t:1, i:22) file:/home/runner/work/ozone/ozone/hadoop-ozone/integration-test/target/test-dir/MiniOzoneClusterImpl-05f3a914-8c49-4f9f-9f2f-4b041a8937a3/datanode-2/data/ratis/8cf0cd72-1108-407f-b359-2215bff0cf76/sm/snapshot.1_22 took: 6 ms
2023-08-29 18:55:04,221 [35cfc858-a2b0-48ab-9c56-830891a3070f@group-2215BFF0CF76-StateMachineUpdater] INFO  impl.StateMachineUpdater (StateMachineUpdater.java:takeSnapshot(291)) - 35cfc858-a2b0-48ab-9c56-830891a3070f@group-2215BFF0CF76-StateMachineUpdater: Took a snapshot at index 22
2023-08-29 18:55:04,221 [35cfc858-a2b0-48ab-9c56-830891a3070f@group-2215BFF0CF76-StateMachineUpdater] INFO  impl.StateMachineUpdater (StateMachineUpdater.java:lambda$new$0(97)) - 35cfc858-a2b0-48ab-9c56-830891a3070f@group-2215BFF0CF76-StateMachineUpdater: snapshotIndex: updateIncreasingly -1 -> 22
2023-08-29 18:55:04,221 [01366e89-60c7-46c1-a96e-1a2337162bc6@group-BBE16DE7D014-StateMachineUpdater] INFO  ratis.ContainerStateMachine (ContainerStateMachine.java:takeSnapshot(330)) - group-BBE16DE7D014: Taking a snapshot at:(t:1, i:0) file /home/runner/work/ozone/ozone/hadoop-ozone/integration-test/target/test-dir/MiniOzoneClusterImpl-05f3a914-8c49-4f9f-9f2f-4b041a8937a3/datanode-0/data/ratis/347b5ec7-5c68-43a9-bdc8-bbe16de7d014/sm/snapshot.1_0
2023-08-29 18:55:04,221 [01366e89-60c7-46c1-a96e-1a2337162bc6-impl-thread2] INFO  server.RaftServer$Division (RaftServerImpl.java:lambda$close$4(466)) - 01366e89-60c7-46c1-a96e-1a2337162bc6@group-D4D0DA547FF3: shutdown
2023-08-29 18:55:04,221 [01366e89-60c7-46c1-a96e-1a2337162bc6-impl-thread2] INFO  util.JmxRegister (JmxRegister.java:unregister(73)) - Successfully un-registered JMX Bean with object name Ratis:service=RaftServer,group=group-D4D0DA547FF3,id=01366e89-60c7-46c1-a96e-1a2337162bc6
2023-08-29 18:55:04,221 [01366e89-60c7-46c1-a96e-1a2337162bc6-impl-thread2] INFO  impl.RoleInfo (RoleInfo.java:shutdownLeaderState(93)) - 01366e89-60c7-46c1-a96e-1a2337162bc6: shutdown 01366e89-60c7-46c1-a96e-1a2337162bc6@group-D4D0DA547FF3-LeaderStateImpl
2023-08-29 18:55:04,222 [ForkJoinPool.commonPool-worker-3] INFO  server.GrpcService (GrpcService.java:closeImpl(311)) - 01366e89-60c7-46c1-a96e-1a2337162bc6: shutdown server org.apache.ratis.grpc.server.GrpcClientProtocolService now
2023-08-29 18:55:04,222 [01366e89-60c7-46c1-a96e-1a2337162bc6-impl-thread3] INFO  server.RaftServer$Division (RaftServerImpl.java:lambda$close$4(466)) - 01366e89-60c7-46c1-a96e-1a2337162bc6@group-2215BFF0CF76: shutdown
2023-08-29 18:55:04,222 [01366e89-60c7-46c1-a96e-1a2337162bc6-impl-thread3] INFO  util.JmxRegister (JmxRegister.java:unregister(73)) - Successfully un-registered JMX Bean with object name Ratis:service=RaftServer,group=group-2215BFF0CF76,id=01366e89-60c7-46c1-a96e-1a2337162bc6
2023-08-29 18:55:04,222 [01366e89-60c7-46c1-a96e-1a2337162bc6-impl-thread3] INFO  impl.RoleInfo (RoleInfo.java:shutdownFollowerState(110)) - 01366e89-60c7-46c1-a96e-1a2337162bc6: shutdown 01366e89-60c7-46c1-a96e-1a2337162bc6@group-2215BFF0CF76-FollowerState
2023-08-29 18:55:04,222 [01366e89-60c7-46c1-a96e-1a2337162bc6@group-BBE16DE7D014-StateMachineUpdater] INFO  ratis.ContainerStateMachine (ContainerStateMachine.java:takeSnapshot(341)) - group-BBE16DE7D014: Finished taking a snapshot at:(t:1, i:0) file:/home/runner/work/ozone/ozone/hadoop-ozone/integration-test/target/test-dir/MiniOzoneClusterImpl-05f3a914-8c49-4f9f-9f2f-4b041a8937a3/datanode-0/data/ratis/347b5ec7-5c68-43a9-bdc8-bbe16de7d014/sm/snapshot.1_0 took: 1 ms
2023-08-29 18:55:04,222 [01366e89-60c7-46c1-a96e-1a2337162bc6@group-BBE16DE7D014-StateMachineUpdater] INFO  impl.StateMachineUpdater (StateMachineUpdater.java:takeSnapshot(291)) - 01366e89-60c7-46c1-a96e-1a2337162bc6@group-BBE16DE7D014-StateMachineUpdater: Took a snapshot at index 0
2023-08-29 18:55:04,222 [01366e89-60c7-46c1-a96e-1a2337162bc6@group-BBE16DE7D014-StateMachineUpdater] INFO  impl.StateMachineUpdater (StateMachineUpdater.java:lambda$new$0(97)) - 01366e89-60c7-46c1-a96e-1a2337162bc6@group-BBE16DE7D014-StateMachineUpdater: snapshotIndex: updateIncreasingly -1 -> 0
2023-08-29 18:55:04,224 [01366e89-60c7-46c1-a96e-1a2337162bc6-impl-thread1] INFO  server.RaftServer$Division (ServerState.java:close(472)) - 01366e89-60c7-46c1-a96e-1a2337162bc6@group-BBE16DE7D014: closes. applyIndex: 0
2023-08-29 18:55:04,225 [01366e89-60c7-46c1-a96e-1a2337162bc6-impl-thread2] INFO  impl.PendingRequests (PendingRequests.java:sendNotLeaderResponses(289)) - 01366e89-60c7-46c1-a96e-1a2337162bc6@group-D4D0DA547FF3-PendingRequests: sendNotLeaderResponses
2023-08-29 18:55:04,225 [01366e89-60c7-46c1-a96e-1a2337162bc6@group-D4D0DA547FF3->9b50acff-382e-4523-ab74-6f7baa2ae53c-GrpcLogAppender-LogAppenderDaemon] WARN  server.GrpcLogAppender (GrpcLogAppender.java:mayWait(199)) - 01366e89-60c7-46c1-a96e-1a2337162bc6@group-D4D0DA547FF3->9b50acff-382e-4523-ab74-6f7baa2ae53c-GrpcLogAppender: Wait interrupted by java.lang.InterruptedException
2023-08-29 18:55:04,229 [35cfc858-a2b0-48ab-9c56-830891a3070f-impl-thread3] INFO  server.RaftServer$Division (ServerState.java:close(472)) - 35cfc858-a2b0-48ab-9c56-830891a3070f@group-2215BFF0CF76: closes. applyIndex: 22
2023-08-29 18:55:04,229 [ForkJoinPool.commonPool-worker-2] INFO  server.GrpcService (GrpcService.java:closeImpl(320)) - 9b50acff-382e-4523-ab74-6f7baa2ae53c: shutdown server org.apache.ratis.grpc.server.GrpcClientProtocolService successfully
2023-08-29 18:55:04,229 [ForkJoinPool.commonPool-worker-2] INFO  server.GrpcService (GrpcService.java:closeImpl(311)) - 9b50acff-382e-4523-ab74-6f7baa2ae53c: shutdown server GrpcServerProtocolService now
2023-08-29 18:55:04,230 [grpc-default-executor-3] WARN  server.GrpcServerProtocolService (LogUtils.java:warn(122)) - 9b50acff-382e-4523-ab74-6f7baa2ae53c: APPEND_ENTRIES onError, lastRequest: null: org.apache.ratis.thirdparty.io.grpc.StatusRuntimeException: CANCELLED: client cancelled
2023-08-29 18:55:04,230 [Thread-1051] INFO  server.GrpcServerProtocolClient (GrpcServerProtocolClient.java:close(103)) - 9b50acff-382e-4523-ab74-6f7baa2ae53c Close channels
2023-08-29 18:55:04,230 [grpc-default-executor-6] WARN  server.GrpcClientProtocolService (LogUtils.java:warn(122)) - 3-UnorderedRequestStreamObserver3: onError: org.apache.ratis.thirdparty.io.grpc.StatusRuntimeException: CANCELLED: client cancelled
2023-08-29 18:55:04,230 [grpc-default-executor-1] WARN  server.GrpcClientProtocolService (LogUtils.java:warn(122)) - 2-OrderedRequestStreamObserver2: onError: org.apache.ratis.thirdparty.io.grpc.StatusRuntimeException: CANCELLED: client cancelled
2023-08-29 18:55:04,230 [Thread-1052] INFO  server.GrpcServerProtocolClient (GrpcServerProtocolClient.java:close(103)) - 35cfc858-a2b0-48ab-9c56-830891a3070f Close channels
2023-08-29 18:55:04,231 [01366e89-60c7-46c1-a96e-1a2337162bc6@group-D4D0DA547FF3->35cfc858-a2b0-48ab-9c56-830891a3070f-GrpcLogAppender-LogAppenderDaemon] WARN  server.GrpcLogAppender (GrpcLogAppender.java:mayWait(199)) - 01366e89-60c7-46c1-a96e-1a2337162bc6@group-D4D0DA547FF3->35cfc858-a2b0-48ab-9c56-830891a3070f-GrpcLogAppender: Wait interrupted by java.lang.InterruptedException
2023-08-29 18:55:04,232 [grpc-default-executor-5] WARN  server.GrpcServerProtocolService (LogUtils.java:warn(122)) - 9b50acff-382e-4523-ab74-6f7baa2ae53c: APPEND_ENTRIES onError, lastRequest: 01366e89-60c7-46c1-a96e-1a2337162bc6->9b50acff-382e-4523-ab74-6f7baa2ae53c#37-t1,previous=(t:1, i:11),leaderCommit=11,initializing? true,entries: size=1, first=(t:1, i:12), METADATAENTRY(c:11): org.apache.ratis.thirdparty.io.grpc.StatusRuntimeException: CANCELLED: client cancelled
2023-08-29 18:55:04,232 [01366e89-60c7-46c1-a96e-1a2337162bc6-impl-thread3] INFO  impl.StateMachineUpdater (StateMachineUpdater.java:stopAndJoin(155)) - 01366e89-60c7-46c1-a96e-1a2337162bc6@group-2215BFF0CF76-StateMachineUpdater: set stopIndex = 22
2023-08-29 18:55:04,232 [01366e89-60c7-46c1-a96e-1a2337162bc6@group-2215BFF0CF76-StateMachineUpdater] INFO  ratis.ContainerStateMachine (ContainerStateMachine.java:takeSnapshot(330)) - group-2215BFF0CF76: Taking a snapshot at:(t:1, i:22) file /home/runner/work/ozone/ozone/hadoop-ozone/integration-test/target/test-dir/MiniOzoneClusterImpl-05f3a914-8c49-4f9f-9f2f-4b041a8937a3/datanode-0/data/ratis/8cf0cd72-1108-407f-b359-2215bff0cf76/sm/snapshot.1_22
2023-08-29 18:55:04,232 [01366e89-60c7-46c1-a96e-1a2337162bc6@group-2215BFF0CF76-FollowerState] INFO  impl.FollowerState (FollowerState.java:run(152)) - 01366e89-60c7-46c1-a96e-1a2337162bc6@group-2215BFF0CF76-FollowerState was interrupted
2023-08-29 18:55:04,235 [grpc-default-executor-1] INFO  server.GrpcLogAppender (GrpcLogAppender.java:onError(417)) - 01366e89-60c7-46c1-a96e-1a2337162bc6@group-D4D0DA547FF3->35cfc858-a2b0-48ab-9c56-830891a3070f-GrpcLogAppender is already stopped
2023-08-29 18:55:04,236 [main] INFO  server.GrpcService (GrpcService.java:closeImpl(320)) - 35cfc858-a2b0-48ab-9c56-830891a3070f: shutdown server org.apache.ratis.grpc.server.GrpcAdminProtocolService successfully
2023-08-29 18:55:04,236 [grpc-default-executor-7] INFO  server.GrpcLogAppender (GrpcLogAppender.java:onError(417)) - 01366e89-60c7-46c1-a96e-1a2337162bc6@group-D4D0DA547FF3->9b50acff-382e-4523-ab74-6f7baa2ae53c-GrpcLogAppender is already stopped
2023-08-29 18:55:04,237 [35cfc858-a2b0-48ab-9c56-830891a3070f-NettyServerStreamRpc-bossGroup--thread1] INFO  logging.LoggingHandler (AbstractInternalLogger.java:log(148)) - [id: 0x0f8438ab, L:/0:0:0:0:0:0:0:0:15086] CLOSE
2023-08-29 18:55:04,237 [35cfc858-a2b0-48ab-9c56-830891a3070f-NettyServerStreamRpc-bossGroup--thread1] INFO  logging.LoggingHandler (AbstractInternalLogger.java:log(148)) - [id: 0x0f8438ab, L:/0:0:0:0:0:0:0:0:15086] INACTIVE
2023-08-29 18:55:04,237 [35cfc858-a2b0-48ab-9c56-830891a3070f-NettyServerStreamRpc-bossGroup--thread1] INFO  logging.LoggingHandler (AbstractInternalLogger.java:log(148)) - [id: 0x0f8438ab, L:/0:0:0:0:0:0:0:0:15086] UNREGISTERED
2023-08-29 18:55:04,241 [01366e89-60c7-46c1-a96e-1a2337162bc6@group-2215BFF0CF76-StateMachineUpdater] INFO  ratis.ContainerStateMachine (ContainerStateMachine.java:takeSnapshot(341)) - group-2215BFF0CF76: Finished taking a snapshot at:(t:1, i:22) file:/home/runner/work/ozone/ozone/hadoop-ozone/integration-test/target/test-dir/MiniOzoneClusterImpl-05f3a914-8c49-4f9f-9f2f-4b041a8937a3/datanode-0/data/ratis/8cf0cd72-1108-407f-b359-2215bff0cf76/sm/snapshot.1_22 took: 8 ms
2023-08-29 18:55:04,241 [01366e89-60c7-46c1-a96e-1a2337162bc6@group-2215BFF0CF76-StateMachineUpdater] INFO  impl.StateMachineUpdater (StateMachineUpdater.java:takeSnapshot(291)) - 01366e89-60c7-46c1-a96e-1a2337162bc6@group-2215BFF0CF76-StateMachineUpdater: Took a snapshot at index 22
2023-08-29 18:55:04,241 [01366e89-60c7-46c1-a96e-1a2337162bc6@group-2215BFF0CF76-StateMachineUpdater] INFO  impl.StateMachineUpdater (StateMachineUpdater.java:lambda$new$0(97)) - 01366e89-60c7-46c1-a96e-1a2337162bc6@group-2215BFF0CF76-StateMachineUpdater: snapshotIndex: updateIncreasingly -1 -> 22
2023-08-29 18:55:04,241 [01366e89-60c7-46c1-a96e-1a2337162bc6-impl-thread2] INFO  impl.StateMachineUpdater (StateMachineUpdater.java:stopAndJoin(155)) - 01366e89-60c7-46c1-a96e-1a2337162bc6@group-D4D0DA547FF3-StateMachineUpdater: set stopIndex = 12
2023-08-29 18:55:04,241 [01366e89-60c7-46c1-a96e-1a2337162bc6-impl-thread3] INFO  server.RaftServer$Division (ServerState.java:close(472)) - 01366e89-60c7-46c1-a96e-1a2337162bc6@group-2215BFF0CF76: closes. applyIndex: 22
2023-08-29 18:55:04,241 [ForkJoinPool.commonPool-worker-2] INFO  server.GrpcService (GrpcService.java:closeImpl(320)) - 9b50acff-382e-4523-ab74-6f7baa2ae53c: shutdown server GrpcServerProtocolService successfully
2023-08-29 18:55:04,241 [ForkJoinPool.commonPool-worker-2] INFO  server.GrpcService (GrpcService.java:closeImpl(311)) - 9b50acff-382e-4523-ab74-6f7baa2ae53c: shutdown server org.apache.ratis.grpc.server.GrpcAdminProtocolService now
2023-08-29 18:55:04,242 [01366e89-60c7-46c1-a96e-1a2337162bc6@group-D4D0DA547FF3-StateMachineUpdater] INFO  ratis.ContainerStateMachine (ContainerStateMachine.java:takeSnapshot(330)) - group-D4D0DA547FF3: Taking a snapshot at:(t:1, i:12) file /home/runner/work/ozone/ozone/hadoop-ozone/integration-test/target/test-dir/MiniOzoneClusterImpl-05f3a914-8c49-4f9f-9f2f-4b041a8937a3/datanode-0/data/ratis/e89394e1-c97b-4e53-a036-d4d0da547ff3/sm/snapshot.1_12
2023-08-29 18:55:04,243 [01366e89-60c7-46c1-a96e-1a2337162bc6@group-D4D0DA547FF3-StateMachineUpdater] INFO  ratis.ContainerStateMachine (ContainerStateMachine.java:takeSnapshot(341)) - group-D4D0DA547FF3: Finished taking a snapshot at:(t:1, i:12) file:/home/runner/work/ozone/ozone/hadoop-ozone/integration-test/target/test-dir/MiniOzoneClusterImpl-05f3a914-8c49-4f9f-9f2f-4b041a8937a3/datanode-0/data/ratis/e89394e1-c97b-4e53-a036-d4d0da547ff3/sm/snapshot.1_12 took: 1 ms
2023-08-29 18:55:04,243 [01366e89-60c7-46c1-a96e-1a2337162bc6@group-D4D0DA547FF3-StateMachineUpdater] INFO  impl.StateMachineUpdater (StateMachineUpdater.java:takeSnapshot(291)) - 01366e89-60c7-46c1-a96e-1a2337162bc6@group-D4D0DA547FF3-StateMachineUpdater: Took a snapshot at index 12
2023-08-29 18:55:04,243 [01366e89-60c7-46c1-a96e-1a2337162bc6@group-D4D0DA547FF3-StateMachineUpdater] INFO  impl.StateMachineUpdater (StateMachineUpdater.java:lambda$new$0(97)) - 01366e89-60c7-46c1-a96e-1a2337162bc6@group-D4D0DA547FF3-StateMachineUpdater: snapshotIndex: updateIncreasingly -1 -> 12
2023-08-29 18:55:04,244 [01366e89-60c7-46c1-a96e-1a2337162bc6-impl-thread2] INFO  server.RaftServer$Division (ServerState.java:close(472)) - 01366e89-60c7-46c1-a96e-1a2337162bc6@group-D4D0DA547FF3: closes. applyIndex: 12
2023-08-29 18:55:04,246 [ForkJoinPool.commonPool-worker-2] INFO  server.GrpcService (GrpcService.java:closeImpl(320)) - 9b50acff-382e-4523-ab74-6f7baa2ae53c: shutdown server org.apache.ratis.grpc.server.GrpcAdminProtocolService successfully
2023-08-29 18:55:04,246 [ForkJoinPool.commonPool-worker-0] INFO  ozoneimpl.OzoneContainer (OzoneContainer.java:stop(451)) - Attempting to stop container services.
2023-08-29 18:55:04,247 [ForkJoinPool.commonPool-worker-3] INFO  server.GrpcService (GrpcService.java:closeImpl(320)) - 01366e89-60c7-46c1-a96e-1a2337162bc6: shutdown server org.apache.ratis.grpc.server.GrpcClientProtocolService successfully
2023-08-29 18:55:04,247 [ForkJoinPool.commonPool-worker-3] INFO  server.GrpcService (GrpcService.java:closeImpl(311)) - 01366e89-60c7-46c1-a96e-1a2337162bc6: shutdown server GrpcServerProtocolService now
2023-08-29 18:55:04,247 [grpc-default-executor-7] INFO  server.GrpcLogAppender (GrpcLogAppender.java:onError(417)) - 01366e89-60c7-46c1-a96e-1a2337162bc6@group-D4D0DA547FF3->9b50acff-382e-4523-ab74-6f7baa2ae53c-GrpcLogAppender is already stopped
2023-08-29 18:55:04,248 [9b50acff-382e-4523-ab74-6f7baa2ae53c-NettyServerStreamRpc-bossGroup--thread1] INFO  logging.LoggingHandler (AbstractInternalLogger.java:log(148)) - [id: 0x17a5f323, L:/0:0:0:0:0:0:0:0:15077] CLOSE
2023-08-29 18:55:04,248 [9b50acff-382e-4523-ab74-6f7baa2ae53c-NettyServerStreamRpc-bossGroup--thread1] INFO  logging.LoggingHandler (AbstractInternalLogger.java:log(148)) - [id: 0x17a5f323, L:/0:0:0:0:0:0:0:0:15077] INACTIVE
2023-08-29 18:55:04,248 [9b50acff-382e-4523-ab74-6f7baa2ae53c-NettyServerStreamRpc-bossGroup--thread1] INFO  logging.LoggingHandler (AbstractInternalLogger.java:log(148)) - [id: 0x17a5f323, L:/0:0:0:0:0:0:0:0:15077] UNREGISTERED
2023-08-29 18:55:04,254 [ForkJoinPool.commonPool-worker-0] INFO  server.RaftServer (RaftServerProxy.java:lambda$close$6(416)) - 6fd2df5d-7fa6-4dbe-8371-fb8b49d5e440: close
2023-08-29 18:55:04,254 [ForkJoinPool.commonPool-worker-3] INFO  server.GrpcService (GrpcService.java:closeImpl(320)) - 01366e89-60c7-46c1-a96e-1a2337162bc6: shutdown server GrpcServerProtocolService successfully
2023-08-29 18:55:04,254 [ForkJoinPool.commonPool-worker-3] INFO  server.GrpcService (GrpcService.java:closeImpl(311)) - 01366e89-60c7-46c1-a96e-1a2337162bc6: shutdown server org.apache.ratis.grpc.server.GrpcAdminProtocolService now
2023-08-29 18:55:04,256 [6fd2df5d-7fa6-4dbe-8371-fb8b49d5e440-impl-thread1] INFO  server.RaftServer$Division (RaftServerImpl.java:lambda$close$4(466)) - 6fd2df5d-7fa6-4dbe-8371-fb8b49d5e440@group-9D4CA13841C7: shutdown
2023-08-29 18:55:04,256 [ForkJoinPool.commonPool-worker-0] INFO  server.GrpcService (GrpcService.java:closeImpl(311)) - 6fd2df5d-7fa6-4dbe-8371-fb8b49d5e440: shutdown server org.apache.ratis.grpc.server.GrpcClientProtocolService now
2023-08-29 18:55:04,256 [6fd2df5d-7fa6-4dbe-8371-fb8b49d5e440-impl-thread1] INFO  util.JmxRegister (JmxRegister.java:unregister(73)) - Successfully un-registered JMX Bean with object name Ratis:service=RaftServer,group=group-9D4CA13841C7,id=6fd2df5d-7fa6-4dbe-8371-fb8b49d5e440
2023-08-29 18:55:04,256 [6fd2df5d-7fa6-4dbe-8371-fb8b49d5e440-impl-thread1] INFO  impl.RoleInfo (RoleInfo.java:shutdownLeaderState(93)) - 6fd2df5d-7fa6-4dbe-8371-fb8b49d5e440: shutdown 6fd2df5d-7fa6-4dbe-8371-fb8b49d5e440@group-9D4CA13841C7-LeaderStateImpl
2023-08-29 18:55:04,256 [6fd2df5d-7fa6-4dbe-8371-fb8b49d5e440-impl-thread1] INFO  impl.PendingRequests (PendingRequests.java:sendNotLeaderResponses(289)) - 6fd2df5d-7fa6-4dbe-8371-fb8b49d5e440@group-9D4CA13841C7-PendingRequests: sendNotLeaderResponses
2023-08-29 18:55:04,256 [6fd2df5d-7fa6-4dbe-8371-fb8b49d5e440-impl-thread1] INFO  impl.StateMachineUpdater (StateMachineUpdater.java:stopAndJoin(155)) - 6fd2df5d-7fa6-4dbe-8371-fb8b49d5e440@group-9D4CA13841C7-StateMachineUpdater: set stopIndex = 0
2023-08-29 18:55:04,257 [6fd2df5d-7fa6-4dbe-8371-fb8b49d5e440@group-9D4CA13841C7-StateMachineUpdater] INFO  ratis.ContainerStateMachine (ContainerStateMachine.java:takeSnapshot(330)) - group-9D4CA13841C7: Taking a snapshot at:(t:1, i:0) file /home/runner/work/ozone/ozone/hadoop-ozone/integration-test/target/test-dir/MiniOzoneClusterImpl-05f3a914-8c49-4f9f-9f2f-4b041a8937a3/datanode-4/data/ratis/aa02b79d-e6cd-4fcb-b601-9d4ca13841c7/sm/snapshot.1_0
2023-08-29 18:55:04,257 [ForkJoinPool.commonPool-worker-0] INFO  server.GrpcService (GrpcService.java:closeImpl(320)) - 6fd2df5d-7fa6-4dbe-8371-fb8b49d5e440: shutdown server org.apache.ratis.grpc.server.GrpcClientProtocolService successfully
2023-08-29 18:55:04,257 [ForkJoinPool.commonPool-worker-0] INFO  server.GrpcService (GrpcService.java:closeImpl(311)) - 6fd2df5d-7fa6-4dbe-8371-fb8b49d5e440: shutdown server GrpcServerProtocolService now
2023-08-29 18:55:04,265 [ForkJoinPool.commonPool-worker-3] INFO  server.GrpcService (GrpcService.java:closeImpl(320)) - 01366e89-60c7-46c1-a96e-1a2337162bc6: shutdown server org.apache.ratis.grpc.server.GrpcAdminProtocolService successfully
2023-08-29 18:55:04,266 [01366e89-60c7-46c1-a96e-1a2337162bc6-NettyServerStreamRpc-bossGroup--thread1] INFO  logging.LoggingHandler (AbstractInternalLogger.java:log(148)) - [id: 0xdc017fdd, L:/0:0:0:0:0:0:0:0:15068] CLOSE
2023-08-29 18:55:04,266 [01366e89-60c7-46c1-a96e-1a2337162bc6-NettyServerStreamRpc-bossGroup--thread1] INFO  logging.LoggingHandler (AbstractInternalLogger.java:log(148)) - [id: 0xdc017fdd, L:/0:0:0:0:0:0:0:0:15068] INACTIVE
2023-08-29 18:55:04,266 [01366e89-60c7-46c1-a96e-1a2337162bc6-NettyServerStreamRpc-bossGroup--thread1] INFO  logging.LoggingHandler (AbstractInternalLogger.java:log(148)) - [id: 0xdc017fdd, L:/0:0:0:0:0:0:0:0:15068] UNREGISTERED
2023-08-29 18:55:04,266 [6fd2df5d-7fa6-4dbe-8371-fb8b49d5e440@group-9D4CA13841C7-StateMachineUpdater] INFO  ratis.ContainerStateMachine (ContainerStateMachine.java:takeSnapshot(341)) - group-9D4CA13841C7: Finished taking a snapshot at:(t:1, i:0) file:/home/runner/work/ozone/ozone/hadoop-ozone/integration-test/target/test-dir/MiniOzoneClusterImpl-05f3a914-8c49-4f9f-9f2f-4b041a8937a3/datanode-4/data/ratis/aa02b79d-e6cd-4fcb-b601-9d4ca13841c7/sm/snapshot.1_0 took: 10 ms
2023-08-29 18:55:04,266 [6fd2df5d-7fa6-4dbe-8371-fb8b49d5e440@group-9D4CA13841C7-StateMachineUpdater] INFO  impl.StateMachineUpdater (StateMachineUpdater.java:takeSnapshot(291)) - 6fd2df5d-7fa6-4dbe-8371-fb8b49d5e440@group-9D4CA13841C7-StateMachineUpdater: Took a snapshot at index 0
2023-08-29 18:55:04,266 [6fd2df5d-7fa6-4dbe-8371-fb8b49d5e440@group-9D4CA13841C7-StateMachineUpdater] INFO  impl.StateMachineUpdater (StateMachineUpdater.java:lambda$new$0(97)) - 6fd2df5d-7fa6-4dbe-8371-fb8b49d5e440@group-9D4CA13841C7-StateMachineUpdater: snapshotIndex: updateIncreasingly -1 -> 0
2023-08-29 18:55:04,266 [6fd2df5d-7fa6-4dbe-8371-fb8b49d5e440-impl-thread1] INFO  server.RaftServer$Division (ServerState.java:close(472)) - 6fd2df5d-7fa6-4dbe-8371-fb8b49d5e440@group-9D4CA13841C7: closes. applyIndex: 0
2023-08-29 18:55:04,270 [ForkJoinPool.commonPool-worker-0] INFO  server.GrpcService (GrpcService.java:closeImpl(320)) - 6fd2df5d-7fa6-4dbe-8371-fb8b49d5e440: shutdown server GrpcServerProtocolService successfully
2023-08-29 18:55:04,270 [ForkJoinPool.commonPool-worker-0] INFO  server.GrpcService (GrpcService.java:closeImpl(311)) - 6fd2df5d-7fa6-4dbe-8371-fb8b49d5e440: shutdown server org.apache.ratis.grpc.server.GrpcAdminProtocolService now
2023-08-29 18:55:04,304 [ForkJoinPool.commonPool-worker-0] INFO  server.GrpcService (GrpcService.java:closeImpl(320)) - 6fd2df5d-7fa6-4dbe-8371-fb8b49d5e440: shutdown server org.apache.ratis.grpc.server.GrpcAdminProtocolService successfully
2023-08-29 18:55:04,304 [6fd2df5d-7fa6-4dbe-8371-fb8b49d5e440-NettyServerStreamRpc-bossGroup--thread1] INFO  logging.LoggingHandler (AbstractInternalLogger.java:log(148)) - [id: 0xe531f4af, L:/0:0:0:0:0:0:0:0:15104] CLOSE
2023-08-29 18:55:04,304 [6fd2df5d-7fa6-4dbe-8371-fb8b49d5e440-NettyServerStreamRpc-bossGroup--thread1] INFO  logging.LoggingHandler (AbstractInternalLogger.java:log(148)) - [id: 0xe531f4af, L:/0:0:0:0:0:0:0:0:15104] INACTIVE
2023-08-29 18:55:04,304 [6fd2df5d-7fa6-4dbe-8371-fb8b49d5e440-NettyServerStreamRpc-bossGroup--thread1] INFO  logging.LoggingHandler (AbstractInternalLogger.java:log(148)) - [id: 0xe531f4af, L:/0:0:0:0:0:0:0:0:15104] UNREGISTERED
2023-08-29 18:55:04,314 [ForkJoinPool.commonPool-worker-1] INFO  ozoneimpl.OzoneContainer (OzoneContainer.java:stop(451)) - Attempting to stop container services.
2023-08-29 18:55:04,315 [ForkJoinPool.commonPool-worker-1] INFO  server.RaftServer (RaftServerProxy.java:lambda$close$6(416)) - 56262cb9-d4bb-4e4d-aa87-5a4e1fe7f493: close
2023-08-29 18:55:04,316 [ForkJoinPool.commonPool-worker-1] INFO  server.GrpcService (GrpcService.java:closeImpl(311)) - 56262cb9-d4bb-4e4d-aa87-5a4e1fe7f493: shutdown server org.apache.ratis.grpc.server.GrpcClientProtocolService now
2023-08-29 18:55:04,316 [56262cb9-d4bb-4e4d-aa87-5a4e1fe7f493-impl-thread1] INFO  server.RaftServer$Division (RaftServerImpl.java:lambda$close$4(466)) - 56262cb9-d4bb-4e4d-aa87-5a4e1fe7f493@group-644D6E733947: shutdown
2023-08-29 18:55:04,316 [56262cb9-d4bb-4e4d-aa87-5a4e1fe7f493-impl-thread1] INFO  util.JmxRegister (JmxRegister.java:unregister(73)) - Successfully un-registered JMX Bean with object name Ratis:service=RaftServer,group=group-644D6E733947,id=56262cb9-d4bb-4e4d-aa87-5a4e1fe7f493
2023-08-29 18:55:04,316 [56262cb9-d4bb-4e4d-aa87-5a4e1fe7f493-impl-thread1] INFO  impl.RoleInfo (RoleInfo.java:shutdownLeaderState(93)) - 56262cb9-d4bb-4e4d-aa87-5a4e1fe7f493: shutdown 56262cb9-d4bb-4e4d-aa87-5a4e1fe7f493@group-644D6E733947-LeaderStateImpl
2023-08-29 18:55:04,316 [56262cb9-d4bb-4e4d-aa87-5a4e1fe7f493-impl-thread1] INFO  impl.PendingRequests (PendingRequests.java:sendNotLeaderResponses(289)) - 56262cb9-d4bb-4e4d-aa87-5a4e1fe7f493@group-644D6E733947-PendingRequests: sendNotLeaderResponses
2023-08-29 18:55:04,317 [56262cb9-d4bb-4e4d-aa87-5a4e1fe7f493-impl-thread1] INFO  impl.StateMachineUpdater (StateMachineUpdater.java:stopAndJoin(155)) - 56262cb9-d4bb-4e4d-aa87-5a4e1fe7f493@group-644D6E733947-StateMachineUpdater: set stopIndex = 0
2023-08-29 18:55:04,317 [56262cb9-d4bb-4e4d-aa87-5a4e1fe7f493@group-644D6E733947-StateMachineUpdater] INFO  ratis.ContainerStateMachine (ContainerStateMachine.java:takeSnapshot(330)) - group-644D6E733947: Taking a snapshot at:(t:1, i:0) file /home/runner/work/ozone/ozone/hadoop-ozone/integration-test/target/test-dir/MiniOzoneClusterImpl-05f3a914-8c49-4f9f-9f2f-4b041a8937a3/datanode-3/data/ratis/2b0f8cd8-8389-4bcc-83d3-644d6e733947/sm/snapshot.1_0
2023-08-29 18:55:04,317 [56262cb9-d4bb-4e4d-aa87-5a4e1fe7f493@group-644D6E733947-StateMachineUpdater] INFO  ratis.ContainerStateMachine (ContainerStateMachine.java:takeSnapshot(341)) - group-644D6E733947: Finished taking a snapshot at:(t:1, i:0) file:/home/runner/work/ozone/ozone/hadoop-ozone/integration-test/target/test-dir/MiniOzoneClusterImpl-05f3a914-8c49-4f9f-9f2f-4b041a8937a3/datanode-3/data/ratis/2b0f8cd8-8389-4bcc-83d3-644d6e733947/sm/snapshot.1_0 took: 1 ms
2023-08-29 18:55:04,317 [56262cb9-d4bb-4e4d-aa87-5a4e1fe7f493@group-644D6E733947-StateMachineUpdater] INFO  impl.StateMachineUpdater (StateMachineUpdater.java:takeSnapshot(291)) - 56262cb9-d4bb-4e4d-aa87-5a4e1fe7f493@group-644D6E733947-StateMachineUpdater: Took a snapshot at index 0
2023-08-29 18:55:04,317 [56262cb9-d4bb-4e4d-aa87-5a4e1fe7f493@group-644D6E733947-StateMachineUpdater] INFO  impl.StateMachineUpdater (StateMachineUpdater.java:lambda$new$0(97)) - 56262cb9-d4bb-4e4d-aa87-5a4e1fe7f493@group-644D6E733947-StateMachineUpdater: snapshotIndex: updateIncreasingly -1 -> 0
2023-08-29 18:55:04,318 [56262cb9-d4bb-4e4d-aa87-5a4e1fe7f493-impl-thread1] INFO  server.RaftServer$Division (ServerState.java:close(472)) - 56262cb9-d4bb-4e4d-aa87-5a4e1fe7f493@group-644D6E733947: closes. applyIndex: 0
2023-08-29 18:55:04,325 [ForkJoinPool.commonPool-worker-1] INFO  server.GrpcService (GrpcService.java:closeImpl(320)) - 56262cb9-d4bb-4e4d-aa87-5a4e1fe7f493: shutdown server org.apache.ratis.grpc.server.GrpcClientProtocolService successfully
2023-08-29 18:55:04,326 [ForkJoinPool.commonPool-worker-1] INFO  server.GrpcService (GrpcService.java:closeImpl(311)) - 56262cb9-d4bb-4e4d-aa87-5a4e1fe7f493: shutdown server GrpcServerProtocolService now
2023-08-29 18:55:04,332 [ForkJoinPool.commonPool-worker-1] INFO  server.GrpcService (GrpcService.java:closeImpl(320)) - 56262cb9-d4bb-4e4d-aa87-5a4e1fe7f493: shutdown server GrpcServerProtocolService successfully
2023-08-29 18:55:04,332 [ForkJoinPool.commonPool-worker-1] INFO  server.GrpcService (GrpcService.java:closeImpl(311)) - 56262cb9-d4bb-4e4d-aa87-5a4e1fe7f493: shutdown server org.apache.ratis.grpc.server.GrpcAdminProtocolService now
2023-08-29 18:55:04,343 [ForkJoinPool.commonPool-worker-1] INFO  server.GrpcService (GrpcService.java:closeImpl(320)) - 56262cb9-d4bb-4e4d-aa87-5a4e1fe7f493: shutdown server org.apache.ratis.grpc.server.GrpcAdminProtocolService successfully
2023-08-29 18:55:04,343 [56262cb9-d4bb-4e4d-aa87-5a4e1fe7f493-NettyServerStreamRpc-bossGroup--thread1] INFO  logging.LoggingHandler (AbstractInternalLogger.java:log(148)) - [id: 0xf42e0d89, L:/0:0:0:0:0:0:0:0:15095] CLOSE
2023-08-29 18:55:04,343 [56262cb9-d4bb-4e4d-aa87-5a4e1fe7f493-NettyServerStreamRpc-bossGroup--thread1] INFO  logging.LoggingHandler (AbstractInternalLogger.java:log(148)) - [id: 0xf42e0d89, L:/0:0:0:0:0:0:0:0:15095] INACTIVE
2023-08-29 18:55:04,343 [56262cb9-d4bb-4e4d-aa87-5a4e1fe7f493-NettyServerStreamRpc-bossGroup--thread1] INFO  logging.LoggingHandler (AbstractInternalLogger.java:log(148)) - [id: 0xf42e0d89, L:/0:0:0:0:0:0:0:0:15095] UNREGISTERED
2023-08-29 18:55:04,402 [35cfc858-a2b0-48ab-9c56-830891a3070f-impl-thread1] INFO  segmented.SegmentedRaftLogWorker (SegmentedRaftLogWorker.java:close(252)) - 35cfc858-a2b0-48ab-9c56-830891a3070f@group-0A7EAF65D047-SegmentedRaftLogWorker close()
2023-08-29 18:55:04,403 [35cfc858-a2b0-48ab-9c56-830891a3070f-impl-thread3] INFO  segmented.SegmentedRaftLogWorker (SegmentedRaftLogWorker.java:close(252)) - 35cfc858-a2b0-48ab-9c56-830891a3070f@group-2215BFF0CF76-SegmentedRaftLogWorker close()
2023-08-29 18:55:04,403 [01366e89-60c7-46c1-a96e-1a2337162bc6-impl-thread3] INFO  segmented.SegmentedRaftLogWorker (SegmentedRaftLogWorker.java:close(252)) - 01366e89-60c7-46c1-a96e-1a2337162bc6@group-2215BFF0CF76-SegmentedRaftLogWorker close()
2023-08-29 18:55:04,403 [9b50acff-382e-4523-ab74-6f7baa2ae53c-impl-thread3] INFO  segmented.SegmentedRaftLogWorker (SegmentedRaftLogWorker.java:close(252)) - 9b50acff-382e-4523-ab74-6f7baa2ae53c@group-2215BFF0CF76-SegmentedRaftLogWorker close()
2023-08-29 18:55:04,404 [9b50acff-382e-4523-ab74-6f7baa2ae53c-impl-thread1] INFO  segmented.SegmentedRaftLogWorker (SegmentedRaftLogWorker.java:close(252)) - 9b50acff-382e-4523-ab74-6f7baa2ae53c@group-D1ED80FA1E75-SegmentedRaftLogWorker close()
2023-08-29 18:55:04,653 [56262cb9-d4bb-4e4d-aa87-5a4e1fe7f493-impl-thread1] INFO  segmented.SegmentedRaftLogWorker (SegmentedRaftLogWorker.java:close(252)) - 56262cb9-d4bb-4e4d-aa87-5a4e1fe7f493@group-644D6E733947-SegmentedRaftLogWorker close()
2023-08-29 18:55:04,654 [JvmPauseMonitor12] INFO  util.JvmPauseMonitor (JvmPauseMonitor.java:run(109)) - JvmPauseMonitor-56262cb9-d4bb-4e4d-aa87-5a4e1fe7f493: Stopped
2023-08-29 18:55:04,704 [6fd2df5d-7fa6-4dbe-8371-fb8b49d5e440-impl-thread1] INFO  segmented.SegmentedRaftLogWorker (SegmentedRaftLogWorker.java:close(252)) - 6fd2df5d-7fa6-4dbe-8371-fb8b49d5e440@group-9D4CA13841C7-SegmentedRaftLogWorker close()
2023-08-29 18:55:04,706 [JvmPauseMonitor13] INFO  util.JvmPauseMonitor (JvmPauseMonitor.java:run(109)) - JvmPauseMonitor-6fd2df5d-7fa6-4dbe-8371-fb8b49d5e440: Stopped
2023-08-29 18:55:04,742 [01366e89-60c7-46c1-a96e-1a2337162bc6-impl-thread1] INFO  segmented.SegmentedRaftLogWorker (SegmentedRaftLogWorker.java:close(252)) - 01366e89-60c7-46c1-a96e-1a2337162bc6@group-BBE16DE7D014-SegmentedRaftLogWorker close()
2023-08-29 18:55:05,089 [01366e89-60c7-46c1-a96e-1a2337162bc6-impl-thread2] INFO  segmented.SegmentedRaftLogWorker (SegmentedRaftLogWorker.java:close(252)) - 01366e89-60c7-46c1-a96e-1a2337162bc6@group-D4D0DA547FF3-SegmentedRaftLogWorker close()
2023-08-29 18:55:05,092 [JvmPauseMonitor9] INFO  util.JvmPauseMonitor (JvmPauseMonitor.java:run(109)) - JvmPauseMonitor-01366e89-60c7-46c1-a96e-1a2337162bc6: Stopped
2023-08-29 18:55:05,099 [35cfc858-a2b0-48ab-9c56-830891a3070f-impl-thread2] INFO  segmented.SegmentedRaftLogWorker (SegmentedRaftLogWorker.java:close(252)) - 35cfc858-a2b0-48ab-9c56-830891a3070f@group-D4D0DA547FF3-SegmentedRaftLogWorker close()
2023-08-29 18:55:05,099 [9b50acff-382e-4523-ab74-6f7baa2ae53c-impl-thread2] INFO  segmented.SegmentedRaftLogWorker (SegmentedRaftLogWorker.java:close(252)) - 9b50acff-382e-4523-ab74-6f7baa2ae53c@group-D4D0DA547FF3-SegmentedRaftLogWorker close()
2023-08-29 18:55:05,100 [JvmPauseMonitor11] INFO  util.JvmPauseMonitor (JvmPauseMonitor.java:run(109)) - JvmPauseMonitor-35cfc858-a2b0-48ab-9c56-830891a3070f: Stopped
2023-08-29 18:55:05,100 [JvmPauseMonitor10] INFO  util.JvmPauseMonitor (JvmPauseMonitor.java:run(109)) - JvmPauseMonitor-9b50acff-382e-4523-ab74-6f7baa2ae53c: Stopped
2023-08-29 18:55:06,659 [ForkJoinPool.commonPool-worker-1] INFO  utils.DatanodeStoreCache (DatanodeStoreCache.java:shutdownCache(110)) - Skip clearing cache in mini cluster mode. Entries left: [/home/runner/work/ozone/ozone/hadoop-ozone/integration-test/target/test-dir/MiniOzoneClusterImpl-05f3a914-8c49-4f9f-9f2f-4b041a8937a3/datanode-0/data-0/containers/hdds/05f3a914-8c49-4f9f-9f2f-4b041a8937a3/DS-ad69c23f-41fc-4c99-954e-4eec0655f7d7/container.db, /home/runner/work/ozone/ozone/hadoop-ozone/integration-test/target/test-dir/MiniOzoneClusterImpl-05f3a914-8c49-4f9f-9f2f-4b041a8937a3/datanode-1/data-0/containers/hdds/05f3a914-8c49-4f9f-9f2f-4b041a8937a3/DS-6a122076-1fc0-4661-a4fc-4aae3f82c600/container.db, /home/runner/work/ozone/ozone/hadoop-ozone/integration-test/target/test-dir/MiniOzoneClusterImpl-05f3a914-8c49-4f9f-9f2f-4b041a8937a3/datanode-2/data-0/containers/hdds/05f3a914-8c49-4f9f-9f2f-4b041a8937a3/DS-5f80569a-364d-4a21-b7cc-59bdaad05ade/container.db, /home/runner/work/ozone/ozone/hadoop-ozone/integration-test/target/test-dir/MiniOzoneClusterImpl-05f3a914-8c49-4f9f-9f2f-4b041a8937a3/datanode-3/data-0/containers/hdds/05f3a914-8c49-4f9f-9f2f-4b041a8937a3/DS-0d730d44-0dbf-4fb5-81ff-7302deb963a7/container.db, /home/runner/work/ozone/ozone/hadoop-ozone/integration-test/target/test-dir/MiniOzoneClusterImpl-05f3a914-8c49-4f9f-9f2f-4b041a8937a3/datanode-4/data-0/containers/hdds/05f3a914-8c49-4f9f-9f2f-4b041a8937a3/DS-35296524-c943-46da-9df3-032fdbff1148/container.db]
2023-08-29 18:55:06,667 [ForkJoinPool.commonPool-worker-1] INFO  utils.DatanodeStoreCache (DatanodeStoreCache.java:removeDB(104)) - Removed db /home/runner/work/ozone/ozone/hadoop-ozone/integration-test/target/test-dir/MiniOzoneClusterImpl-05f3a914-8c49-4f9f-9f2f-4b041a8937a3/datanode-3/data-0/containers/hdds/05f3a914-8c49-4f9f-9f2f-4b041a8937a3/DS-0d730d44-0dbf-4fb5-81ff-7302deb963a7/container.db from cache
2023-08-29 18:55:06,667 [ForkJoinPool.commonPool-worker-1] INFO  volume.HddsVolume (HddsVolume.java:closeDbStore(453)) - SchemaV3 db is stopped at /home/runner/work/ozone/ozone/hadoop-ozone/integration-test/target/test-dir/MiniOzoneClusterImpl-05f3a914-8c49-4f9f-9f2f-4b041a8937a3/datanode-3/data-0/containers/hdds/05f3a914-8c49-4f9f-9f2f-4b041a8937a3/DS-0d730d44-0dbf-4fb5-81ff-7302deb963a7/container.db for volume DS-0d730d44-0dbf-4fb5-81ff-7302deb963a7
2023-08-29 18:55:06,668 [ForkJoinPool.commonPool-worker-1] INFO  utils.BackgroundService (BackgroundService.java:shutdown(141)) - Shutting down service BlockDeletingService
2023-08-29 18:55:06,668 [ForkJoinPool.commonPool-worker-1] INFO  utils.BackgroundService (BackgroundService.java:shutdown(141)) - Shutting down service StaleRecoveringContainerScrubbingService
2023-08-29 18:55:06,671 [ForkJoinPool.commonPool-worker-1] INFO  statemachine.DatanodeStateMachine (DatanodeStateMachine.java:stopDaemon(620)) - Ozone container server stopped.
2023-08-29 18:55:06,685 [ForkJoinPool.commonPool-worker-1] INFO  handler.ContextHandler (ContextHandler.java:doStop(1159)) - Stopped o.e.j.w.WebAppContext@77837ad7{hddsDatanode,/,null,STOPPED}{jar:file:/home/runner/.m2/repository/org/apache/ozone/hdds-container-service/1.4.0-SNAPSHOT/hdds-container-service-1.4.0-SNAPSHOT.jar!/webapps/hddsDatanode}
2023-08-29 18:55:06,687 [ForkJoinPool.commonPool-worker-1] INFO  server.AbstractConnector (AbstractConnector.java:doStop(383)) - Stopped ServerConnector@33518754{HTTP/1.1, (http/1.1)}{0.0.0.0:15089}
2023-08-29 18:55:06,687 [ForkJoinPool.commonPool-worker-1] INFO  server.session (HouseKeeper.java:stopScavenging(149)) - node0 Stopped scavenging
2023-08-29 18:55:06,688 [ForkJoinPool.commonPool-worker-1] INFO  handler.ContextHandler (ContextHandler.java:doStop(1159)) - Stopped o.e.j.s.ServletContextHandler@4a5fb996{static,/static,jar:file:/home/runner/.m2/repository/org/apache/ozone/hdds-container-service/1.4.0-SNAPSHOT/hdds-container-service-1.4.0-SNAPSHOT.jar!/webapps/static,STOPPED}
2023-08-29 18:55:06,688 [ForkJoinPool.commonPool-worker-1] INFO  handler.ContextHandler (ContextHandler.java:doStop(1159)) - Stopped o.e.j.s.ServletContextHandler@f6b6616{logs,/logs,file:///home/runner/work/ozone/ozone/hadoop-ozone/integration-test/target/log,STOPPED}
2023-08-29 18:55:06,689 [ForkJoinPool.commonPool-worker-1] INFO  ozone.HddsDatanodeClientProtocolServer (HddsDatanodeClientProtocolServer.java:stop(78)) - Stopping the RPC server for Client Protocol
2023-08-29 18:55:06,689 [ForkJoinPool.commonPool-worker-1] INFO  ipc.Server (Server.java:stop(3523)) - Stopping server on 15090
2023-08-29 18:55:06,690 [IPC Server Responder] INFO  ipc.Server (Server.java:run(1567)) - Stopping IPC Server Responder
2023-08-29 18:55:06,691 [IPC Server listener on 15090] INFO  ipc.Server (Server.java:run(1434)) - Stopping IPC Server listener on 15090
2023-08-29 18:55:06,709 [ForkJoinPool.commonPool-worker-0] INFO  utils.DatanodeStoreCache (DatanodeStoreCache.java:shutdownCache(110)) - Skip clearing cache in mini cluster mode. Entries left: [/home/runner/work/ozone/ozone/hadoop-ozone/integration-test/target/test-dir/MiniOzoneClusterImpl-05f3a914-8c49-4f9f-9f2f-4b041a8937a3/datanode-0/data-0/containers/hdds/05f3a914-8c49-4f9f-9f2f-4b041a8937a3/DS-ad69c23f-41fc-4c99-954e-4eec0655f7d7/container.db, /home/runner/work/ozone/ozone/hadoop-ozone/integration-test/target/test-dir/MiniOzoneClusterImpl-05f3a914-8c49-4f9f-9f2f-4b041a8937a3/datanode-1/data-0/containers/hdds/05f3a914-8c49-4f9f-9f2f-4b041a8937a3/DS-6a122076-1fc0-4661-a4fc-4aae3f82c600/container.db, /home/runner/work/ozone/ozone/hadoop-ozone/integration-test/target/test-dir/MiniOzoneClusterImpl-05f3a914-8c49-4f9f-9f2f-4b041a8937a3/datanode-2/data-0/containers/hdds/05f3a914-8c49-4f9f-9f2f-4b041a8937a3/DS-5f80569a-364d-4a21-b7cc-59bdaad05ade/container.db, /home/runner/work/ozone/ozone/hadoop-ozone/integration-test/target/test-dir/MiniOzoneClusterImpl-05f3a914-8c49-4f9f-9f2f-4b041a8937a3/datanode-4/data-0/containers/hdds/05f3a914-8c49-4f9f-9f2f-4b041a8937a3/DS-35296524-c943-46da-9df3-032fdbff1148/container.db]
2023-08-29 18:55:06,713 [ForkJoinPool.commonPool-worker-0] INFO  utils.DatanodeStoreCache (DatanodeStoreCache.java:removeDB(104)) - Removed db /home/runner/work/ozone/ozone/hadoop-ozone/integration-test/target/test-dir/MiniOzoneClusterImpl-05f3a914-8c49-4f9f-9f2f-4b041a8937a3/datanode-4/data-0/containers/hdds/05f3a914-8c49-4f9f-9f2f-4b041a8937a3/DS-35296524-c943-46da-9df3-032fdbff1148/container.db from cache
2023-08-29 18:55:06,713 [ForkJoinPool.commonPool-worker-0] INFO  volume.HddsVolume (HddsVolume.java:closeDbStore(453)) - SchemaV3 db is stopped at /home/runner/work/ozone/ozone/hadoop-ozone/integration-test/target/test-dir/MiniOzoneClusterImpl-05f3a914-8c49-4f9f-9f2f-4b041a8937a3/datanode-4/data-0/containers/hdds/05f3a914-8c49-4f9f-9f2f-4b041a8937a3/DS-35296524-c943-46da-9df3-032fdbff1148/container.db for volume DS-35296524-c943-46da-9df3-032fdbff1148
2023-08-29 18:55:06,714 [ForkJoinPool.commonPool-worker-0] INFO  utils.BackgroundService (BackgroundService.java:shutdown(141)) - Shutting down service BlockDeletingService
2023-08-29 18:55:06,714 [ForkJoinPool.commonPool-worker-0] INFO  utils.BackgroundService (BackgroundService.java:shutdown(141)) - Shutting down service StaleRecoveringContainerScrubbingService
2023-08-29 18:55:06,715 [ForkJoinPool.commonPool-worker-0] INFO  statemachine.DatanodeStateMachine (DatanodeStateMachine.java:stopDaemon(620)) - Ozone container server stopped.
2023-08-29 18:55:06,725 [ForkJoinPool.commonPool-worker-0] INFO  handler.ContextHandler (ContextHandler.java:doStop(1159)) - Stopped o.e.j.w.WebAppContext@244f95d2{hddsDatanode,/,null,STOPPED}{jar:file:/home/runner/.m2/repository/org/apache/ozone/hdds-container-service/1.4.0-SNAPSHOT/hdds-container-service-1.4.0-SNAPSHOT.jar!/webapps/hddsDatanode}
2023-08-29 18:55:06,725 [ForkJoinPool.commonPool-worker-0] INFO  server.AbstractConnector (AbstractConnector.java:doStop(383)) - Stopped ServerConnector@5737d839{HTTP/1.1, (http/1.1)}{0.0.0.0:15098}
2023-08-29 18:55:06,725 [ForkJoinPool.commonPool-worker-0] INFO  server.session (HouseKeeper.java:stopScavenging(149)) - node0 Stopped scavenging
2023-08-29 18:55:06,729 [ForkJoinPool.commonPool-worker-0] INFO  handler.ContextHandler (ContextHandler.java:doStop(1159)) - Stopped o.e.j.s.ServletContextHandler@7782b6f0{static,/static,jar:file:/home/runner/.m2/repository/org/apache/ozone/hdds-container-service/1.4.0-SNAPSHOT/hdds-container-service-1.4.0-SNAPSHOT.jar!/webapps/static,STOPPED}
2023-08-29 18:55:06,729 [ForkJoinPool.commonPool-worker-0] INFO  handler.ContextHandler (ContextHandler.java:doStop(1159)) - Stopped o.e.j.s.ServletContextHandler@4ce631bf{logs,/logs,file:///home/runner/work/ozone/ozone/hadoop-ozone/integration-test/target/log,STOPPED}
2023-08-29 18:55:06,731 [ForkJoinPool.commonPool-worker-0] INFO  ozone.HddsDatanodeClientProtocolServer (HddsDatanodeClientProtocolServer.java:stop(78)) - Stopping the RPC server for Client Protocol
2023-08-29 18:55:06,732 [ForkJoinPool.commonPool-worker-0] INFO  ipc.Server (Server.java:stop(3523)) - Stopping server on 15099
2023-08-29 18:55:06,732 [IPC Server listener on 15099] INFO  ipc.Server (Server.java:run(1434)) - Stopping IPC Server listener on 15099
2023-08-29 18:55:06,733 [IPC Server Responder] INFO  ipc.Server (Server.java:run(1567)) - Stopping IPC Server Responder
2023-08-29 18:55:07,096 [ForkJoinPool.commonPool-worker-3] INFO  utils.DatanodeStoreCache (DatanodeStoreCache.java:shutdownCache(110)) - Skip clearing cache in mini cluster mode. Entries left: [/home/runner/work/ozone/ozone/hadoop-ozone/integration-test/target/test-dir/MiniOzoneClusterImpl-05f3a914-8c49-4f9f-9f2f-4b041a8937a3/datanode-0/data-0/containers/hdds/05f3a914-8c49-4f9f-9f2f-4b041a8937a3/DS-ad69c23f-41fc-4c99-954e-4eec0655f7d7/container.db, /home/runner/work/ozone/ozone/hadoop-ozone/integration-test/target/test-dir/MiniOzoneClusterImpl-05f3a914-8c49-4f9f-9f2f-4b041a8937a3/datanode-1/data-0/containers/hdds/05f3a914-8c49-4f9f-9f2f-4b041a8937a3/DS-6a122076-1fc0-4661-a4fc-4aae3f82c600/container.db, /home/runner/work/ozone/ozone/hadoop-ozone/integration-test/target/test-dir/MiniOzoneClusterImpl-05f3a914-8c49-4f9f-9f2f-4b041a8937a3/datanode-2/data-0/containers/hdds/05f3a914-8c49-4f9f-9f2f-4b041a8937a3/DS-5f80569a-364d-4a21-b7cc-59bdaad05ade/container.db]
2023-08-29 18:55:07,098 [ForkJoinPool.commonPool-worker-3] INFO  utils.DatanodeStoreCache (DatanodeStoreCache.java:removeDB(104)) - Removed db /home/runner/work/ozone/ozone/hadoop-ozone/integration-test/target/test-dir/MiniOzoneClusterImpl-05f3a914-8c49-4f9f-9f2f-4b041a8937a3/datanode-0/data-0/containers/hdds/05f3a914-8c49-4f9f-9f2f-4b041a8937a3/DS-ad69c23f-41fc-4c99-954e-4eec0655f7d7/container.db from cache
2023-08-29 18:55:07,099 [ForkJoinPool.commonPool-worker-3] INFO  volume.HddsVolume (HddsVolume.java:closeDbStore(453)) - SchemaV3 db is stopped at /home/runner/work/ozone/ozone/hadoop-ozone/integration-test/target/test-dir/MiniOzoneClusterImpl-05f3a914-8c49-4f9f-9f2f-4b041a8937a3/datanode-0/data-0/containers/hdds/05f3a914-8c49-4f9f-9f2f-4b041a8937a3/DS-ad69c23f-41fc-4c99-954e-4eec0655f7d7/container.db for volume DS-ad69c23f-41fc-4c99-954e-4eec0655f7d7
2023-08-29 18:55:07,099 [ForkJoinPool.commonPool-worker-3] INFO  utils.BackgroundService (BackgroundService.java:shutdown(141)) - Shutting down service BlockDeletingService
2023-08-29 18:55:07,100 [ForkJoinPool.commonPool-worker-3] INFO  utils.BackgroundService (BackgroundService.java:shutdown(141)) - Shutting down service StaleRecoveringContainerScrubbingService
2023-08-29 18:55:07,100 [ForkJoinPool.commonPool-worker-3] INFO  statemachine.DatanodeStateMachine (DatanodeStateMachine.java:stopDaemon(620)) - Ozone container server stopped.
2023-08-29 18:55:07,103 [main] INFO  utils.DatanodeStoreCache (DatanodeStoreCache.java:shutdownCache(110)) - Skip clearing cache in mini cluster mode. Entries left: [/home/runner/work/ozone/ozone/hadoop-ozone/integration-test/target/test-dir/MiniOzoneClusterImpl-05f3a914-8c49-4f9f-9f2f-4b041a8937a3/datanode-1/data-0/containers/hdds/05f3a914-8c49-4f9f-9f2f-4b041a8937a3/DS-6a122076-1fc0-4661-a4fc-4aae3f82c600/container.db, /home/runner/work/ozone/ozone/hadoop-ozone/integration-test/target/test-dir/MiniOzoneClusterImpl-05f3a914-8c49-4f9f-9f2f-4b041a8937a3/datanode-2/data-0/containers/hdds/05f3a914-8c49-4f9f-9f2f-4b041a8937a3/DS-5f80569a-364d-4a21-b7cc-59bdaad05ade/container.db]
2023-08-29 18:55:07,105 [main] INFO  utils.DatanodeStoreCache (DatanodeStoreCache.java:removeDB(104)) - Removed db /home/runner/work/ozone/ozone/hadoop-ozone/integration-test/target/test-dir/MiniOzoneClusterImpl-05f3a914-8c49-4f9f-9f2f-4b041a8937a3/datanode-2/data-0/containers/hdds/05f3a914-8c49-4f9f-9f2f-4b041a8937a3/DS-5f80569a-364d-4a21-b7cc-59bdaad05ade/container.db from cache
2023-08-29 18:55:07,105 [main] INFO  volume.HddsVolume (HddsVolume.java:closeDbStore(453)) - SchemaV3 db is stopped at /home/runner/work/ozone/ozone/hadoop-ozone/integration-test/target/test-dir/MiniOzoneClusterImpl-05f3a914-8c49-4f9f-9f2f-4b041a8937a3/datanode-2/data-0/containers/hdds/05f3a914-8c49-4f9f-9f2f-4b041a8937a3/DS-5f80569a-364d-4a21-b7cc-59bdaad05ade/container.db for volume DS-5f80569a-364d-4a21-b7cc-59bdaad05ade
2023-08-29 18:55:07,105 [main] INFO  utils.BackgroundService (BackgroundService.java:shutdown(141)) - Shutting down service BlockDeletingService
2023-08-29 18:55:07,108 [ForkJoinPool.commonPool-worker-2] INFO  utils.DatanodeStoreCache (DatanodeStoreCache.java:shutdownCache(110)) - Skip clearing cache in mini cluster mode. Entries left: [/home/runner/work/ozone/ozone/hadoop-ozone/integration-test/target/test-dir/MiniOzoneClusterImpl-05f3a914-8c49-4f9f-9f2f-4b041a8937a3/datanode-1/data-0/containers/hdds/05f3a914-8c49-4f9f-9f2f-4b041a8937a3/DS-6a122076-1fc0-4661-a4fc-4aae3f82c600/container.db]
2023-08-29 18:55:07,109 [main] INFO  utils.BackgroundService (BackgroundService.java:shutdown(141)) - Shutting down service StaleRecoveringContainerScrubbingService
2023-08-29 18:55:07,109 [main] INFO  statemachine.DatanodeStateMachine (DatanodeStateMachine.java:stopDaemon(620)) - Ozone container server stopped.
2023-08-29 18:55:07,120 [ForkJoinPool.commonPool-worker-2] INFO  utils.DatanodeStoreCache (DatanodeStoreCache.java:removeDB(104)) - Removed db /home/runner/work/ozone/ozone/hadoop-ozone/integration-test/target/test-dir/MiniOzoneClusterImpl-05f3a914-8c49-4f9f-9f2f-4b041a8937a3/datanode-1/data-0/containers/hdds/05f3a914-8c49-4f9f-9f2f-4b041a8937a3/DS-6a122076-1fc0-4661-a4fc-4aae3f82c600/container.db from cache
2023-08-29 18:55:07,120 [ForkJoinPool.commonPool-worker-2] INFO  volume.HddsVolume (HddsVolume.java:closeDbStore(453)) - SchemaV3 db is stopped at /home/runner/work/ozone/ozone/hadoop-ozone/integration-test/target/test-dir/MiniOzoneClusterImpl-05f3a914-8c49-4f9f-9f2f-4b041a8937a3/datanode-1/data-0/containers/hdds/05f3a914-8c49-4f9f-9f2f-4b041a8937a3/DS-6a122076-1fc0-4661-a4fc-4aae3f82c600/container.db for volume DS-6a122076-1fc0-4661-a4fc-4aae3f82c600
2023-08-29 18:55:07,120 [ForkJoinPool.commonPool-worker-3] INFO  handler.ContextHandler (ContextHandler.java:doStop(1159)) - Stopped o.e.j.w.WebAppContext@78abcd0{hddsDatanode,/,null,STOPPED}{jar:file:/home/runner/.m2/repository/org/apache/ozone/hdds-container-service/1.4.0-SNAPSHOT/hdds-container-service-1.4.0-SNAPSHOT.jar!/webapps/hddsDatanode}
2023-08-29 18:55:07,122 [ForkJoinPool.commonPool-worker-2] INFO  utils.BackgroundService (BackgroundService.java:shutdown(141)) - Shutting down service BlockDeletingService
2023-08-29 18:55:07,123 [ForkJoinPool.commonPool-worker-2] INFO  utils.BackgroundService (BackgroundService.java:shutdown(141)) - Shutting down service StaleRecoveringContainerScrubbingService
2023-08-29 18:55:07,124 [ForkJoinPool.commonPool-worker-3] INFO  server.AbstractConnector (AbstractConnector.java:doStop(383)) - Stopped ServerConnector@32a0ac18{HTTP/1.1, (http/1.1)}{0.0.0.0:15062}
2023-08-29 18:55:07,124 [ForkJoinPool.commonPool-worker-3] INFO  server.session (HouseKeeper.java:stopScavenging(149)) - node0 Stopped scavenging
2023-08-29 18:55:07,125 [ForkJoinPool.commonPool-worker-2] INFO  statemachine.DatanodeStateMachine (DatanodeStateMachine.java:stopDaemon(620)) - Ozone container server stopped.
2023-08-29 18:55:07,127 [ForkJoinPool.commonPool-worker-3] INFO  handler.ContextHandler (ContextHandler.java:doStop(1159)) - Stopped o.e.j.s.ServletContextHandler@17691c4f{static,/static,jar:file:/home/runner/.m2/repository/org/apache/ozone/hdds-container-service/1.4.0-SNAPSHOT/hdds-container-service-1.4.0-SNAPSHOT.jar!/webapps/static,STOPPED}
2023-08-29 18:55:07,128 [ForkJoinPool.commonPool-worker-3] INFO  handler.ContextHandler (ContextHandler.java:doStop(1159)) - Stopped o.e.j.s.ServletContextHandler@6c8f48b5{logs,/logs,file:///home/runner/work/ozone/ozone/hadoop-ozone/integration-test/target/log,STOPPED}
2023-08-29 18:55:07,134 [ForkJoinPool.commonPool-worker-3] INFO  ozone.HddsDatanodeClientProtocolServer (HddsDatanodeClientProtocolServer.java:stop(78)) - Stopping the RPC server for Client Protocol
2023-08-29 18:55:07,135 [main] INFO  handler.ContextHandler (ContextHandler.java:doStop(1159)) - Stopped o.e.j.w.WebAppContext@92fdc4{hddsDatanode,/,null,STOPPED}{jar:file:/home/runner/.m2/repository/org/apache/ozone/hdds-container-service/1.4.0-SNAPSHOT/hdds-container-service-1.4.0-SNAPSHOT.jar!/webapps/hddsDatanode}
2023-08-29 18:55:07,136 [main] INFO  server.AbstractConnector (AbstractConnector.java:doStop(383)) - Stopped ServerConnector@612cdb0d{HTTP/1.1, (http/1.1)}{0.0.0.0:15080}
2023-08-29 18:55:07,136 [main] INFO  server.session (HouseKeeper.java:stopScavenging(149)) - node0 Stopped scavenging
2023-08-29 18:55:07,136 [ForkJoinPool.commonPool-worker-3] INFO  ipc.Server (Server.java:stop(3523)) - Stopping server on 15063
2023-08-29 18:55:07,137 [main] INFO  handler.ContextHandler (ContextHandler.java:doStop(1159)) - Stopped o.e.j.s.ServletContextHandler@11682501{static,/static,jar:file:/home/runner/.m2/repository/org/apache/ozone/hdds-container-service/1.4.0-SNAPSHOT/hdds-container-service-1.4.0-SNAPSHOT.jar!/webapps/static,STOPPED}
2023-08-29 18:55:07,137 [main] INFO  handler.ContextHandler (ContextHandler.java:doStop(1159)) - Stopped o.e.j.s.ServletContextHandler@61985f61{logs,/logs,file:///home/runner/work/ozone/ozone/hadoop-ozone/integration-test/target/log,STOPPED}
2023-08-29 18:55:07,138 [IPC Server listener on 15063] INFO  ipc.Server (Server.java:run(1434)) - Stopping IPC Server listener on 15063
2023-08-29 18:55:07,138 [IPC Server Responder] INFO  ipc.Server (Server.java:run(1567)) - Stopping IPC Server Responder
2023-08-29 18:55:07,144 [main] INFO  ozone.HddsDatanodeClientProtocolServer (HddsDatanodeClientProtocolServer.java:stop(78)) - Stopping the RPC server for Client Protocol
2023-08-29 18:55:07,144 [main] INFO  ipc.Server (Server.java:stop(3523)) - Stopping server on 15081
2023-08-29 18:55:07,145 [IPC Server Responder] INFO  ipc.Server (Server.java:run(1567)) - Stopping IPC Server Responder
2023-08-29 18:55:07,145 [IPC Server listener on 15081] INFO  ipc.Server (Server.java:run(1434)) - Stopping IPC Server listener on 15081
2023-08-29 18:55:07,145 [ForkJoinPool.commonPool-worker-2] INFO  handler.ContextHandler (ContextHandler.java:doStop(1159)) - Stopped o.e.j.w.WebAppContext@588dcc2d{hddsDatanode,/,null,STOPPED}{jar:file:/home/runner/.m2/repository/org/apache/ozone/hdds-container-service/1.4.0-SNAPSHOT/hdds-container-service-1.4.0-SNAPSHOT.jar!/webapps/hddsDatanode}
2023-08-29 18:55:07,150 [ForkJoinPool.commonPool-worker-2] INFO  server.AbstractConnector (AbstractConnector.java:doStop(383)) - Stopped ServerConnector@3675efcd{HTTP/1.1, (http/1.1)}{0.0.0.0:15071}
2023-08-29 18:55:07,150 [ForkJoinPool.commonPool-worker-2] INFO  server.session (HouseKeeper.java:stopScavenging(149)) - node0 Stopped scavenging
2023-08-29 18:55:07,150 [ForkJoinPool.commonPool-worker-2] INFO  handler.ContextHandler (ContextHandler.java:doStop(1159)) - Stopped o.e.j.s.ServletContextHandler@3d6d55e7{static,/static,jar:file:/home/runner/.m2/repository/org/apache/ozone/hdds-container-service/1.4.0-SNAPSHOT/hdds-container-service-1.4.0-SNAPSHOT.jar!/webapps/static,STOPPED}
2023-08-29 18:55:07,150 [ForkJoinPool.commonPool-worker-2] INFO  handler.ContextHandler (ContextHandler.java:doStop(1159)) - Stopped o.e.j.s.ServletContextHandler@5d1ad273{logs,/logs,file:///home/runner/work/ozone/ozone/hadoop-ozone/integration-test/target/log,STOPPED}
2023-08-29 18:55:07,151 [ForkJoinPool.commonPool-worker-2] INFO  ozone.HddsDatanodeClientProtocolServer (HddsDatanodeClientProtocolServer.java:stop(78)) - Stopping the RPC server for Client Protocol
2023-08-29 18:55:07,151 [ForkJoinPool.commonPool-worker-2] INFO  ipc.Server (Server.java:stop(3523)) - Stopping server on 15072
2023-08-29 18:55:07,151 [IPC Server listener on 15072] INFO  ipc.Server (Server.java:run(1434)) - Stopping IPC Server listener on 15072
2023-08-29 18:55:07,152 [IPC Server Responder] INFO  ipc.Server (Server.java:run(1567)) - Stopping IPC Server Responder
2023-08-29 18:55:07,153 [main] INFO  ozone.MiniOzoneClusterImpl (MiniOzoneClusterImpl.java:stopSCM(543)) - Stopping the StorageContainerManager
2023-08-29 18:55:07,153 [main] INFO  server.StorageContainerManager (StorageContainerManager.java:stop(1591)) - Container Balancer is not running.
2023-08-29 18:55:07,153 [main] INFO  server.StorageContainerManager (StorageContainerManager.java:stopReplicationManager(1724)) - Stopping Replication Manager Service.
2023-08-29 18:55:07,153 [main] INFO  replication.ReplicationManager (ReplicationManager.java:stop(323)) - Stopping Replication Monitor Thread.
2023-08-29 18:55:07,153 [main] INFO  server.StorageContainerManager (StorageContainerManager.java:stop(1600)) - Stopping the Datanode Admin Monitor.
2023-08-29 18:55:07,153 [Over Replicated Processor] WARN  replication.UnhealthyReplicationProcessor (UnhealthyReplicationProcessor.java:run(180)) - Over Replicated Processor interrupted. Exiting...
2023-08-29 18:55:07,153 [main] INFO  server.StorageContainerManager (StorageContainerManager.java:stop(1607)) - Stopping datanode service RPC server
2023-08-29 18:55:07,153 [main] INFO  server.SCMDatanodeProtocolServer (SCMDatanodeProtocolServer.java:stop(424)) - Stopping the RPC server for DataNodes
2023-08-29 18:55:07,153 [Under Replicated Processor] WARN  replication.UnhealthyReplicationProcessor (UnhealthyReplicationProcessor.java:run(180)) - Under Replicated Processor interrupted. Exiting...
2023-08-29 18:55:07,156 [main] INFO  ipc.Server (Server.java:stop(3523)) - Stopping server on 15055
2023-08-29 18:55:07,157 [ReplicationMonitor] INFO  replication.ReplicationManager (ReplicationManager.java:run(921)) - Replication Monitor Thread is stopped
2023-08-29 18:55:07,158 [IPC Server listener on 15055] INFO  ipc.Server (Server.java:run(1434)) - Stopping IPC Server listener on 15055
2023-08-29 18:55:07,160 [IPC Server Responder] INFO  ipc.Server (Server.java:run(1567)) - Stopping IPC Server Responder
2023-08-29 18:55:07,260 [SCM Heartbeat Processing Thread - 0] WARN  node.NodeStateManager (NodeStateManager.java:scheduleNextHealthCheck(874)) - Current Thread is interrupted, shutting down HB processing thread for Node Manager.
2023-08-29 18:55:07,260 [main] INFO  server.StorageContainerManager (StorageContainerManager.java:stop(1615)) - Stopping block service RPC server
2023-08-29 18:55:07,260 [main] INFO  server.SCMBlockProtocolServer (SCMBlockProtocolServer.java:stop(161)) - Stopping the RPC server for Block Protocol
2023-08-29 18:55:07,260 [main] INFO  ipc.Server (Server.java:stop(3523)) - Stopping server on 15054
2023-08-29 18:55:07,264 [IPC Server listener on 15054] INFO  ipc.Server (Server.java:run(1434)) - Stopping IPC Server listener on 15054
2023-08-29 18:55:07,264 [IPC Server Responder] INFO  ipc.Server (Server.java:run(1567)) - Stopping IPC Server Responder
2023-08-29 18:55:07,264 [main] INFO  server.StorageContainerManager (StorageContainerManager.java:stop(1622)) - Stopping the StorageContainerLocationProtocol RPC server
2023-08-29 18:55:07,265 [main] INFO  server.SCMClientProtocolServer (SCMClientProtocolServer.java:stop(210)) - Stopping the RPC server for Client Protocol
2023-08-29 18:55:07,265 [main] INFO  ipc.Server (Server.java:stop(3523)) - Stopping server on 15053
2023-08-29 18:55:07,266 [IPC Server listener on 15053] INFO  ipc.Server (Server.java:run(1434)) - Stopping IPC Server listener on 15053
2023-08-29 18:55:07,268 [IPC Server Responder] INFO  ipc.Server (Server.java:run(1567)) - Stopping IPC Server Responder
2023-08-29 18:55:07,268 [main] INFO  server.StorageContainerManager (StorageContainerManager.java:stop(1629)) - Stopping Storage Container Manager HTTP server.
2023-08-29 18:55:07,269 [main] INFO  handler.ContextHandler (ContextHandler.java:doStop(1159)) - Stopped o.e.j.w.WebAppContext@75472842{scm,/,null,STOPPED}{file:/home/runner/work/ozone/ozone/hadoop-ozone/integration-test/target/test-classes/webapps/scm}
2023-08-29 18:55:07,269 [main] INFO  server.AbstractConnector (AbstractConnector.java:doStop(383)) - Stopped ServerConnector@33521792{HTTP/1.1, (http/1.1)}{0.0.0.0:15056}
2023-08-29 18:55:07,269 [main] INFO  server.session (HouseKeeper.java:stopScavenging(149)) - node0 Stopped scavenging
2023-08-29 18:55:07,270 [main] INFO  handler.ContextHandler (ContextHandler.java:doStop(1159)) - Stopped o.e.j.s.ServletContextHandler@1197d3fb{static,/static,file:///home/runner/work/ozone/ozone/hadoop-ozone/integration-test/target/test-classes/webapps/static,STOPPED}
2023-08-29 18:55:07,270 [main] INFO  handler.ContextHandler (ContextHandler.java:doStop(1159)) - Stopped o.e.j.s.ServletContextHandler@37e69b7e{logs,/logs,file:///home/runner/work/ozone/ozone/hadoop-ozone/integration-test/target/log,STOPPED}
2023-08-29 18:55:07,271 [main] INFO  server.StorageContainerManager (StorageContainerManager.java:stop(1637)) - Stopping SCM LayoutVersionManager Service.
2023-08-29 18:55:07,271 [main] INFO  server.StorageContainerManager (StorageContainerManager.java:stop(1649)) - Stopping Block Manager Service.
2023-08-29 18:55:07,271 [main] INFO  utils.BackgroundService (BackgroundService.java:shutdown(141)) - Shutting down service SCMBlockDeletingService
2023-08-29 18:55:07,271 [main] INFO  utils.BackgroundService (BackgroundService.java:shutdown(141)) - Shutting down service SCMBlockDeletingService
2023-08-29 18:55:07,271 [main] INFO  server.StorageContainerManager (StorageContainerManager.java:stop(1669)) - Stopping SCM Event Queue.
2023-08-29 18:55:07,272 [JvmPauseMonitor7] INFO  util.JvmPauseMonitor (JvmPauseMonitor.java:run(109)) - JvmPauseMonitor-31a74210-bbf6-4af6-8234-2695b25dd456: Stopped
2023-08-29 18:55:07,272 [main] INFO  server.StorageContainerManager (StorageContainerManager.java:stop(1680)) - Stopping SCM HA services.
2023-08-29 18:55:07,272 [main] INFO  pipeline.BackgroundPipelineCreator (BackgroundPipelineCreator.java:stop(149)) - Stopping RatisPipelineUtilsThread.
2023-08-29 18:55:07,272 [RatisPipelineUtilsThread - 0] WARN  pipeline.BackgroundPipelineCreator (BackgroundPipelineCreator.java:run(180)) - RatisPipelineUtilsThread is interrupted.
2023-08-29 18:55:07,273 [BackgroundPipelineScrubberThread] WARN  BackgroundPipelineScrubber (BackgroundSCMService.java:run(115)) - BackgroundPipelineScrubber is interrupted, exit
2023-08-29 18:55:07,273 [main] INFO  BackgroundPipelineScrubber (BackgroundSCMService.java:stop(131)) - Stopping BackgroundPipelineScrubber Service.
2023-08-29 18:55:07,273 [main] INFO  impl.MetricsSystemImpl (MetricsSystemImpl.java:stop(210)) - Stopping HddsDatanode metrics system...
2023-08-29 18:55:07,274 [prometheus] INFO  impl.MetricsSinkAdapter (MetricsSinkAdapter.java:publishMetricsFromQueue(141)) - prometheus thread interrupted.
2023-08-29 18:55:07,280 [main] INFO  impl.MetricsSystemImpl (MetricsSystemImpl.java:stop(216)) - HddsDatanode metrics system stopped.
2023-08-29 18:55:07,280 [main] WARN  pipeline.BackgroundPipelineCreator (BackgroundPipelineCreator.java:stop(145)) - RatisPipelineUtilsThread is not running, just ignore.
2023-08-29 18:55:07,280 [main] INFO  BackgroundPipelineScrubber (BackgroundSCMService.java:stop(126)) - BackgroundPipelineScrubber Service is not running, skip stop.
2023-08-29 18:55:07,281 [main] INFO  ExpiredContainerReplicaOpScrubber (BackgroundSCMService.java:stop(131)) - Stopping ExpiredContainerReplicaOpScrubber Service.
2023-08-29 18:55:07,281 [ExpiredContainerReplicaOpScrubberThread] WARN  ExpiredContainerReplicaOpScrubber (BackgroundSCMService.java:run(115)) - ExpiredContainerReplicaOpScrubber is interrupted, exit
2023-08-29 18:55:07,281 [main] INFO  utils.BackgroundService (BackgroundService.java:shutdown(141)) - Shutting down service SCMBlockDeletingService
2023-08-29 18:55:07,281 [main] INFO  replication.ReplicationManager (ReplicationManager.java:stop(333)) - Replication Monitor Thread is not running.
2023-08-29 18:55:07,281 [main] WARN  balancer.ContainerBalancer (ContainerBalancer.java:stop(326)) - Cannot stop Container Balancer because it's not running or stopping
2023-08-29 18:55:07,281 [Lease Manager-LeaseManager#LeaseMonitor] WARN  lease.LeaseManager (LeaseManager.java:run(272)) - Lease manager is interrupted. Shutting down...
java.lang.InterruptedException
	at java.util.concurrent.locks.AbstractQueuedSynchronizer.doAcquireSharedNanos(AbstractQueuedSynchronizer.java:1039)
	at java.util.concurrent.locks.AbstractQueuedSynchronizer.tryAcquireSharedNanos(AbstractQueuedSynchronizer.java:1328)
	at java.util.concurrent.Semaphore.tryAcquire(Semaphore.java:409)
	at org.apache.hadoop.ozone.lease.LeaseManager$LeaseMonitor.run(LeaseManager.java:270)
	at java.lang.Thread.run(Thread.java:750)
2023-08-29 18:55:07,281 [main] INFO  server.StorageContainerManager (StorageContainerManager.java:stop(1715)) - Stopping SCM MetadataStore.
2023-08-29 18:55:07,348 [main] WARN  server.ServerUtils (ServerUtils.java:getScmDbDir(155)) - ozone.scm.db.dirs is not configured. We recommend adding this setting. Falling back to ozone.metadata.dirs instead.
2023-08-29 18:55:07,352 [main] WARN  server.ServerUtils (ServerUtils.java:getScmDbDir(155)) - ozone.scm.db.dirs is not configured. We recommend adding this setting. Falling back to ozone.metadata.dirs instead.
2023-08-29 18:55:07,352 [main] INFO  ha.SCMHANodeDetails (SCMHANodeDetails.java:loadSCMHAConfig(210)) - ServiceID for StorageContainerManager is null
2023-08-29 18:55:07,352 [main] INFO  ha.SCMHANodeDetails (SCMHANodeDetails.java:loadSCMHAConfig(215)) - ozone.scm.default.service.id is not defined, falling back to ozone.scm.service.ids to find serviceID for StorageContainerManager if it is HA enabled cluster
2023-08-29 18:55:07,352 [main] WARN  utils.HAUtils (HAUtils.java:getMetaDir(339)) - ozone.scm.db.dirs is not configured. We recommend adding this setting. Falling back to ozone.metadata.dirs instead.
2023-08-29 18:55:07,353 [main] WARN  db.DBStoreBuilder (DBStoreBuilder.java:applyDBDefinition(166)) - ozone.scm.db.dirs is not configured. We recommend adding this setting. Falling back to ozone.metadata.dirs instead.
2023-08-29 18:55:07,440 [main] INFO  net.NodeSchemaLoader (NodeSchemaLoader.java:loadSchemaFromFile(129)) - Loading schema from [jar:file:/home/runner/.m2/repository/org/apache/ozone/hdds-common/1.4.0-SNAPSHOT/hdds-common-1.4.0-SNAPSHOT.jar!/network-topology-default.xml]
2023-08-29 18:55:07,440 [main] INFO  net.NodeSchemaLoader (NodeSchemaLoader.java:loadSchema(176)) - Loading network topology layer schema file
2023-08-29 18:55:07,443 [main] INFO  upgrade.AbstractLayoutVersionManager (AbstractLayoutVersionManager.java:init(83)) - Initializing Layout version manager with metadata layout = HADOOP_PRC_PORTS_IN_DATANODEDETAILS (version = 7), software layout = HADOOP_PRC_PORTS_IN_DATANODEDETAILS (version = 7)
2023-08-29 18:55:07,444 [main] INFO  ha.SequenceIdGenerator (SequenceIdGenerator.java:upgradeToSequenceId(365)) - upgrade localId to 111677748019200000
2023-08-29 18:55:07,445 [main] INFO  ha.SequenceIdGenerator (SequenceIdGenerator.java:upgradeToSequenceId(375)) - upgrade delTxnId to 0
2023-08-29 18:55:07,446 [main] INFO  ha.SequenceIdGenerator (SequenceIdGenerator.java:upgradeToSequenceId(392)) - upgrade containerId to 0
2023-08-29 18:55:07,446 [main] INFO  ha.SequenceIdGenerator (SequenceIdGenerator.java:upgradeToSequenceId(428)) - upgrade rootCertificateId to 1
2023-08-29 18:55:07,446 [main] INFO  ha.SequenceIdGenerator (SequenceIdGenerator.java:<init>(236)) - Init the HA SequenceIdGenerator.
2023-08-29 18:55:07,447 [main] WARN  server.ServerUtils (ServerUtils.java:sanitizeUserArgs(80)) - ozone.scm.stale.node.interval value = 300000 is larger than max = 100000 based on the key value of ozone.scm.heartbeat.thread.interval, reset to the max value 100000.
2023-08-29 18:55:07,447 [main] WARN  server.ServerUtils (ServerUtils.java:sanitizeUserArgs(80)) - ozone.scm.stale.node.interval value = 300000 is larger than max = 100000 based on the key value of ozone.scm.heartbeat.thread.interval, reset to the max value 100000.
2023-08-29 18:55:07,447 [main] INFO  node.SCMNodeManager (SCMNodeManager.java:<init>(157)) - Entering startup safe mode.
2023-08-29 18:55:07,447 [main] INFO  algorithms.ContainerPlacementPolicyFactory (ContainerPlacementPolicyFactory.java:getPolicyInternal(86)) - Create container placement policy of type org.apache.hadoop.hdds.scm.container.placement.algorithms.SCMContainerPlacementRackAware
2023-08-29 18:55:07,447 [main] INFO  algorithms.ContainerPlacementPolicyFactory (ContainerPlacementPolicyFactory.java:getPolicyInternal(86)) - Create container placement policy of type org.apache.hadoop.hdds.scm.container.placement.algorithms.SCMContainerPlacementRackScatter
2023-08-29 18:55:07,448 [main] INFO  pipeline.PipelineStateManagerImpl (PipelineStateManagerImpl.java:initialize(78)) - No pipeline exists in current db
2023-08-29 18:55:07,448 [main] INFO  algorithms.LeaderChoosePolicyFactory (LeaderChoosePolicyFactory.java:getPolicy(57)) - Create leader choose policy of type org.apache.hadoop.hdds.scm.pipeline.leader.choose.algorithms.MinLeaderCountChoosePolicy
2023-08-29 18:55:07,448 [main] INFO  algorithms.ContainerPlacementPolicyFactory (ContainerPlacementPolicyFactory.java:getPolicyInternal(86)) - Create container placement policy of type org.apache.hadoop.hdds.scm.container.placement.algorithms.SCMContainerPlacementRackScatter
2023-08-29 18:55:07,448 [main] INFO  ha.SCMServiceManager (SCMServiceManager.java:register(42)) - Registering service BackgroundPipelineCreator.
2023-08-29 18:55:07,448 [main] INFO  pipeline.BackgroundPipelineCreator (BackgroundPipelineCreator.java:start(124)) - Starting RatisPipelineUtilsThread.
2023-08-29 18:55:07,448 [main] INFO  BackgroundPipelineScrubber (BackgroundSCMService.java:start(68)) - Starting BackgroundPipelineScrubber Service.
2023-08-29 18:55:07,449 [main] INFO  ha.SCMServiceManager (SCMServiceManager.java:register(42)) - Registering service BackgroundPipelineScrubber.
2023-08-29 18:55:07,449 [main] INFO  ExpiredContainerReplicaOpScrubber (BackgroundSCMService.java:start(68)) - Starting ExpiredContainerReplicaOpScrubber Service.
2023-08-29 18:55:07,449 [main] INFO  ha.SCMServiceManager (SCMServiceManager.java:register(42)) - Registering service ExpiredContainerReplicaOpScrubber.
2023-08-29 18:55:07,450 [main] INFO  algorithms.PipelineChoosePolicyFactory (PipelineChoosePolicyFactory.java:createPipelineChoosePolicyFromClass(78)) - Create pipeline choose policy of type org.apache.hadoop.hdds.scm.pipeline.choose.algorithms.RandomPipelineChoosePolicy
2023-08-29 18:55:07,450 [main] INFO  algorithms.PipelineChoosePolicyFactory (PipelineChoosePolicyFactory.java:createPipelineChoosePolicyFromClass(78)) - Create pipeline choose policy of type org.apache.hadoop.hdds.scm.pipeline.choose.algorithms.RandomPipelineChoosePolicy
2023-08-29 18:55:07,450 [main] INFO  ha.SCMServiceManager (SCMServiceManager.java:register(42)) - Registering service SCMBlockDeletingService.
2023-08-29 18:55:07,451 [main] INFO  replication.ReplicationManager (ReplicationManager.java:start(291)) - Starting Replication Monitor Thread.
2023-08-29 18:55:07,457 [ReplicationMonitor] INFO  replication.ReplicationManager (ReplicationManager.java:processAll(365)) - Replication Manager is not ready to run until 3000ms after safemode exit
2023-08-29 18:55:07,457 [main] INFO  ha.SCMServiceManager (SCMServiceManager.java:register(42)) - Registering service ReplicationManager.
2023-08-29 18:55:07,457 [main] INFO  safemode.ContainerSafeModeRule (ContainerSafeModeRule.java:<init>(90)) - containers with one replica threshold count 0
2023-08-29 18:55:07,465 [main] INFO  safemode.HealthyPipelineSafeModeRule (HealthyPipelineSafeModeRule.java:initializeRule(169)) - Total pipeline count is 0, healthy pipeline threshold count is 1
2023-08-29 18:55:07,465 [main] INFO  safemode.OneReplicaPipelineSafeModeRule (OneReplicaPipelineSafeModeRule.java:initializeRule(180)) - Total pipeline count is 0, pipeline's with at least one datanode reported threshold count is 0
2023-08-29 18:55:07,466 [main] INFO  server.StorageContainerManager (StorageContainerManager.java:<init>(425)) - SCM start with adminUsers: [runner]
2023-08-29 18:55:07,466 [main] INFO  ipc.CallQueueManager (CallQueueManager.java:<init>(90)) - Using callQueue: class java.util.concurrent.LinkedBlockingQueue, queueCapacity: 2000, scheduler: class org.apache.hadoop.ipc.DefaultRpcScheduler, ipcBackoff: false.
2023-08-29 18:55:07,466 [main] INFO  ipc.Server (Server.java:<init>(1287)) - Listener at 0.0.0.0:15108
2023-08-29 18:55:07,467 [Socket Reader #1 for port 15108] INFO  ipc.Server (Server.java:run(1323)) - Starting Socket Reader #1 for port 15108
2023-08-29 18:55:07,473 [main] INFO  ipc.CallQueueManager (CallQueueManager.java:<init>(90)) - Using callQueue: class java.util.concurrent.LinkedBlockingQueue, queueCapacity: 2000, scheduler: class org.apache.hadoop.ipc.DefaultRpcScheduler, ipcBackoff: false.
2023-08-29 18:55:07,474 [main] INFO  ipc.Server (Server.java:<init>(1287)) - Listener at 0.0.0.0:15107
2023-08-29 18:55:07,480 [Socket Reader #1 for port 15107] INFO  ipc.Server (Server.java:run(1323)) - Starting Socket Reader #1 for port 15107
2023-08-29 18:55:07,481 [main] INFO  ipc.CallQueueManager (CallQueueManager.java:<init>(90)) - Using callQueue: class java.util.concurrent.LinkedBlockingQueue, queueCapacity: 2000, scheduler: class org.apache.hadoop.ipc.DefaultRpcScheduler, ipcBackoff: false.
2023-08-29 18:55:07,481 [main] INFO  ipc.Server (Server.java:<init>(1287)) - Listener at 0.0.0.0:15106
2023-08-29 18:55:07,482 [Socket Reader #1 for port 15106] INFO  ipc.Server (Server.java:run(1323)) - Starting Socket Reader #1 for port 15106
2023-08-29 18:55:07,486 [main] INFO  ha.SCMServiceManager (SCMServiceManager.java:register(42)) - Registering service ContainerBalancer.
2023-08-29 18:55:07,486 [main] INFO  server.StorageContainerManager (StorageContainerManager.java:<init>(438)) - 
Container Balancer status:
Key                            Value
Running                        false
Container Balancer Configuration values:
Key                                                Value
Threshold                                          10
Max Datanodes to Involve per Iteration(percent)    20
Max Size to Move per Iteration                     500GB
Max Size Entering Target per Iteration             26GB
Max Size Leaving Source per Iteration              26GB

2023-08-29 18:55:07,486 [main] INFO  ha.SCMContext (SCMContext.java:updateSafeModeStatus(228)) - Update SafeModeStatus from SafeModeStatus{safeModeStatus=true, preCheckPassed=false} to SafeModeStatus{safeModeStatus=true, preCheckPassed=false}.
2023-08-29 18:55:07,487 [main] INFO  server.StorageContainerManager (StorageContainerManager.java:start(1483)) - StorageContainerLocationProtocol RPC server is listening at /0.0.0.0:15106
2023-08-29 18:55:07,488 [main] WARN  impl.MetricsConfig (MetricsConfig.java:loadFirst(136)) - Cannot locate configuration: tried hadoop-metrics2-storagecontainermanager.properties,hadoop-metrics2.properties
2023-08-29 18:55:07,489 [main] INFO  impl.MetricsSystemImpl (MetricsSystemImpl.java:startTimer(378)) - Scheduled Metric snapshot period at 10 second(s).
2023-08-29 18:55:07,489 [main] INFO  impl.MetricsSystemImpl (MetricsSystemImpl.java:start(191)) - StorageContainerManager metrics system started
2023-08-29 18:55:07,494 [main] INFO  impl.MetricsSinkAdapter (MetricsSinkAdapter.java:start(204)) - Sink prometheus started
2023-08-29 18:55:07,494 [main] INFO  impl.MetricsSystemImpl (MetricsSystemImpl.java:registerSink(305)) - Registered sink prometheus
2023-08-29 18:55:07,519 [main] INFO  server.SCMClientProtocolServer (SCMClientProtocolServer.java:start(201)) - RPC server for Client  is listening at /0.0.0.0:15106
2023-08-29 18:55:07,520 [IPC Server Responder] INFO  ipc.Server (Server.java:run(1562)) - IPC Server Responder: starting
2023-08-29 18:55:07,530 [main] INFO  server.StorageContainerManager (StorageContainerManager.java:start(1496)) - ScmBlockLocationProtocol RPC server is listening at /0.0.0.0:15107
2023-08-29 18:55:07,530 [main] INFO  server.SCMBlockProtocolServer (SCMBlockProtocolServer.java:start(152)) - RPC server for Block Protocol is listening at /0.0.0.0:15107
2023-08-29 18:55:07,532 [IPC Server Responder] INFO  ipc.Server (Server.java:run(1562)) - IPC Server Responder: starting
2023-08-29 18:55:07,532 [IPC Server listener on 15107] INFO  ipc.Server (Server.java:run(1402)) - IPC Server listener on 15107: starting
2023-08-29 18:55:07,534 [main] INFO  server.SCMDatanodeProtocolServer (SCMDatanodeProtocolServer.java:start(193)) - ScmDatanodeProtocol RPC server for DataNodes is listening at /0.0.0.0:15108
2023-08-29 18:55:07,534 [IPC Server Responder] INFO  ipc.Server (Server.java:run(1562)) - IPC Server Responder: starting
2023-08-29 18:55:07,534 [IPC Server listener on 15108] INFO  ipc.Server (Server.java:run(1402)) - IPC Server listener on 15108: starting
2023-08-29 18:55:07,536 [IPC Server listener on 15106] INFO  ipc.Server (Server.java:run(1402)) - IPC Server listener on 15106: starting
2023-08-29 18:55:07,537 [JvmPauseMonitor14] INFO  util.JvmPauseMonitor (JvmPauseMonitor.java:run(103)) - JvmPauseMonitor-052ab789-45b1-4a21-827b-216222ed7bd2: Started
2023-08-29 18:55:07,538 [main] INFO  http.BaseHttpServer (BaseHttpServer.java:newHttpServer2BuilderForOzone(223)) - Starting Web-server for scm at: http://0.0.0.0:15109
2023-08-29 18:55:07,538 [main] INFO  http.BaseHttpServer (BaseHttpServer.java:<init>(110)) - Hadoop Security Enabled: false Ozone Security Enabled: false Ozone HTTP Security Enabled: false 
2023-08-29 18:55:07,539 [main] WARN  server.AuthenticationFilter (AuthenticationFilter.java:constructSecretProvider(240)) - Unable to initialize FileSignerSecretProvider, falling back to use random secrets. Reason: Could not read signature secret file: /home/runner/hadoop-http-auth-signature-secret
2023-08-29 18:55:07,540 [main] INFO  http.HttpRequestLog (HttpRequestLog.java:getRequestLog(86)) - Http request log for http.requests.scm is not defined
2023-08-29 18:55:07,541 [main] INFO  http.HttpServer2 (HttpServer2.java:addGlobalFilter(1031)) - Added global filter 'safety' (class=org.apache.hadoop.hdds.server.http.HttpServer2$QuotingInputFilter)
2023-08-29 18:55:07,542 [main] INFO  http.HttpServer2 (HttpServer2.java:addFilter(1007)) - Added filter static_user_filter (class=org.apache.hadoop.http.lib.StaticUserWebFilter$StaticUserFilter) to context scm
2023-08-29 18:55:07,542 [main] INFO  http.HttpServer2 (HttpServer2.java:addFilter(1015)) - Added filter static_user_filter (class=org.apache.hadoop.http.lib.StaticUserWebFilter$StaticUserFilter) to context logs
2023-08-29 18:55:07,542 [main] INFO  http.HttpServer2 (HttpServer2.java:addFilter(1015)) - Added filter static_user_filter (class=org.apache.hadoop.http.lib.StaticUserWebFilter$StaticUserFilter) to context static
2023-08-29 18:55:07,543 [main] INFO  http.BaseHttpServer (BaseHttpServer.java:<init>(189)) - HTTP server of scm uses base directory /home/runner/work/ozone/ozone/hadoop-ozone/integration-test/target/test-dir/MiniOzoneClusterImpl-e121caef-2a4e-4b75-96a0-c968b96a6505/ozone-meta/webserver
2023-08-29 18:55:07,543 [main] INFO  http.HttpServer2 (HttpServer2.java:bindListener(1231)) - Jetty bound to port 15109
2023-08-29 18:55:07,543 [main] INFO  server.Server (Server.java:doStart(375)) - jetty-9.4.51.v20230217; built: 2023-02-17T08:19:37.309Z; git: b45c405e4544384de066f814ed42ae3dceacdd49; jvm 1.8.0_382-b05
2023-08-29 18:55:07,545 [main] INFO  server.session (DefaultSessionIdManager.java:doStart(334)) - DefaultSessionIdManager workerName=node0
2023-08-29 18:55:07,545 [main] INFO  server.session (DefaultSessionIdManager.java:doStart(339)) - No SessionScavenger set, using defaults
2023-08-29 18:55:07,545 [main] INFO  server.session (HouseKeeper.java:startScavenging(132)) - node0 Scavenging every 600000ms
2023-08-29 18:55:07,546 [main] INFO  handler.ContextHandler (ContextHandler.java:doStart(921)) - Started o.e.j.s.ServletContextHandler@679ba4a9{logs,/logs,file:///home/runner/work/ozone/ozone/hadoop-ozone/integration-test/target/log,AVAILABLE}
2023-08-29 18:55:07,546 [main] INFO  handler.ContextHandler (ContextHandler.java:doStart(921)) - Started o.e.j.s.ServletContextHandler@1f54552e{static,/static,file:///home/runner/work/ozone/ozone/hadoop-ozone/integration-test/target/test-classes/webapps/static,AVAILABLE}
2023-08-29 18:55:07,549 [main] INFO  handler.ContextHandler (ContextHandler.java:doStart(921)) - Started o.e.j.w.WebAppContext@37d5b78d{scm,/,file:///home/runner/work/ozone/ozone/hadoop-ozone/integration-test/target/test-classes/webapps/scm/,AVAILABLE}{file:/home/runner/work/ozone/ozone/hadoop-ozone/integration-test/target/test-classes/webapps/scm}
2023-08-29 18:55:07,550 [main] INFO  server.AbstractConnector (AbstractConnector.java:doStart(333)) - Started ServerConnector@140f0dba{HTTP/1.1, (http/1.1)}{0.0.0.0:15109}
2023-08-29 18:55:07,550 [main] INFO  server.Server (Server.java:doStart(415)) - Started @152107ms
2023-08-29 18:55:07,550 [main] WARN  impl.MetricsSystemImpl (MetricsSystemImpl.java:register(279)) - Sink prometheus already exists!
2023-08-29 18:55:07,551 [main] INFO  http.BaseHttpServer (BaseHttpServer.java:updateConnectorAddress(354)) - HTTP server of scm listening at http://0.0.0.0:15109
2023-08-29 18:55:07,551 [main] WARN  server.ServerUtils (ServerUtils.java:getDBPath(311)) - ozone.om.db.dirs is not configured. We recommend adding this setting. Falling back to ozone.metadata.dirs instead.
2023-08-29 18:55:07,553 [main] INFO  ha.OMHANodeDetails (OMHANodeDetails.java:loadOMHAConfig(115)) - ozone.om.internal.service.id is not defined, falling back to ozone.om.service.ids to find serviceID for OzoneManager if it is HA enabled cluster
2023-08-29 18:55:07,553 [main] INFO  ha.OMHANodeDetails (OMHANodeDetails.java:loadOMHAConfig(226)) - Configuration does not have ozone.om.address set. Falling back to the default OM address /127.0.0.1:15110
2023-08-29 18:55:07,553 [main] INFO  ha.OMHANodeDetails (OMHANodeDetails.java:getOMNodeDetailsForNonHA(254)) - OM Service ID is not set. Setting it to the default ID: omServiceIdDefault
2023-08-29 18:55:07,553 [main] INFO  ha.OMHANodeDetails (OMHANodeDetails.java:getOMNodeDetailsForNonHA(261)) - OM Node ID is not set. Setting it to the default ID: om1
2023-08-29 18:55:07,554 [main] WARN  server.ServerUtils (ServerUtils.java:getDBPath(311)) - ozone.om.db.dirs is not configured. We recommend adding this setting. Falling back to ozone.metadata.dirs instead.
2023-08-29 18:55:07,556 [main] INFO  upgrade.AbstractLayoutVersionManager (AbstractLayoutVersionManager.java:init(83)) - Initializing Layout version manager with metadata layout = QUOTA (version = 6), software layout = QUOTA (version = 6)
2023-08-29 18:55:07,631 [main] INFO  reflections.Reflections (Reflections.java:scan(232)) - Reflections took 74 ms to scan 2 urls, producing 188 keys and 512 values [using 2 cores]
2023-08-29 18:55:07,632 [main] INFO  upgrade.OMLayoutVersionManager (OMLayoutVersionManager.java:lambda$0(115)) - Skipping Upgrade Action QuotaRepairUpgradeAction since it has been finalized.
2023-08-29 18:55:07,632 [main] INFO  upgrade.OMLayoutVersionManager (OMLayoutVersionManager.java:lambda$0(115)) - Skipping Upgrade Action MockOmUpgradeAction since it has been finalized.
2023-08-29 18:55:07,632 [main] WARN  server.ServerUtils (ServerUtils.java:getDBPath(311)) - ozone.om.db.dirs is not configured. We recommend adding this setting. Falling back to ozone.metadata.dirs instead.
2023-08-29 18:55:07,634 [main] INFO  proxy.SCMBlockLocationFailoverProxyProvider (SCMBlockLocationFailoverProxyProvider.java:<init>(114)) - Created block location fail-over proxy with 1 nodes: [nodeId=scmNodeId,nodeAddress=/0.0.0.0:15107]
2023-08-29 18:55:07,635 [main] INFO  proxy.SCMBlockLocationFailoverProxyProvider (SCMBlockLocationFailoverProxyProvider.java:<init>(114)) - Created block location fail-over proxy with 1 nodes: [nodeId=scmNodeId,nodeAddress=/0.0.0.0:15107]
2023-08-29 18:55:07,642 [main] INFO  om.OzoneManager (OzoneManager.java:<init>(665)) - OM start with adminUsers: [runner]
2023-08-29 18:55:07,643 [main] WARN  server.ServerUtils (ServerUtils.java:getDBPath(311)) - ozone.om.db.dirs is not configured. We recommend adding this setting. Falling back to ozone.metadata.dirs instead.
2023-08-29 18:55:07,643 [main] INFO  helpers.OmKeyInfo (OmKeyInfo.java:getCodec(71)) - OmKeyInfo.getCodec ignorePipeline = true
2023-08-29 18:55:07,799 [main] INFO  om.OzoneManager (OzoneManager.java:instantiateServices(794)) - S3 Multi-Tenancy is disabled
2023-08-29 18:55:07,799 [main] INFO  om.OmSnapshotManager (OmSnapshotManager.java:<init>(175)) - Ozone filesystem snapshot feature is enabled.
2023-08-29 18:55:07,799 [main] WARN  server.ServerUtils (ServerUtils.java:getDBPath(311)) - ozone.om.snapshot.diff.db.dir is not configured. We recommend adding this setting. Falling back to ozone.metadata.dirs instead.
2023-08-29 18:55:07,821 [main] INFO  snapshot.SnapshotDiffManager (SnapshotDiffManager.java:closeExecutorService(1720)) - Shutting down executorService: 'SstDumpToolExecutor'
2023-08-29 18:55:07,822 [main] INFO  om.OzoneManager (OzoneManager.java:addS3GVolumeToDB(4301)) - Created Volume s3v With Owner runner required for S3Gateway operations.
2023-08-29 18:55:07,822 [main] WARN  server.ServerUtils (ServerUtils.java:getDefaultRatisDirectory(323)) - Storage directory for Ratis is not configured. It is a good idea to map this to an SSD disk. Falling back to ozone.metadata.dirs
2023-08-29 18:55:07,823 [main] WARN  utils.OzoneManagerRatisUtils (OzoneManagerRatisUtils.java:getOMRatisSnapshotDirectory(461)) - ozone.om.ratis.snapshot.dir is not configured. Falling back to ozone.metadata.dirs config
2023-08-29 18:55:07,823 [main] WARN  server.ServerUtils (ServerUtils.java:getDefaultRatisDirectory(323)) - Storage directory for Ratis is not configured. It is a good idea to map this to an SSD disk. Falling back to ozone.metadata.dirs
2023-08-29 18:55:07,824 [main] INFO  ratis.OzoneManagerRatisServer (OzoneManagerRatisServer.java:<init>(163)) - Instantiating OM Ratis server with groupID: omServiceIdDefault and peers: localhost:15113
2023-08-29 18:55:07,824 [main] INFO  ratis.OzoneManagerStateMachine (OzoneManagerStateMachine.java:loadSnapshotInfoFromDB(687)) - LastAppliedIndex is set from TransactionInfo from OM DB as (t:0, i:~)
2023-08-29 18:55:07,825 [main] INFO  server.RaftServer (ConfUtils.java:logGet(46)) - raft.rpc.type = GRPC (default)
2023-08-29 18:55:07,825 [main] INFO  grpc.GrpcConfigKeys (ConfUtils.java:logFallback(53)) - raft.grpc.admin.host = null (fallback to raft.grpc.server.host)
2023-08-29 18:55:07,825 [main] INFO  grpc.GrpcConfigKeys (ConfUtils.java:logFallback(53)) - raft.grpc.admin.port = 15113 (fallback to raft.grpc.server.port)
2023-08-29 18:55:07,825 [main] INFO  grpc.GrpcConfigKeys (ConfUtils.java:logFallback(53)) - raft.grpc.client.host = null (fallback to raft.grpc.server.host)
2023-08-29 18:55:07,825 [main] INFO  grpc.GrpcConfigKeys (ConfUtils.java:logFallback(53)) - raft.grpc.client.port = 15113 (fallback to raft.grpc.server.port)
2023-08-29 18:55:07,825 [main] INFO  grpc.GrpcConfigKeys (ConfUtils.java:logGet(46)) - raft.grpc.server.host = null (default)
2023-08-29 18:55:07,825 [main] INFO  grpc.GrpcConfigKeys (ConfUtils.java:logGet(46)) - raft.grpc.server.port = 15113 (custom)
2023-08-29 18:55:07,825 [main] INFO  server.GrpcService (ConfUtils.java:logGet(46)) - raft.grpc.message.size.max = 33554432 (custom)
2023-08-29 18:55:07,825 [main] INFO  server.RaftServerConfigKeys (ConfUtils.java:logGet(46)) - raft.server.log.appender.buffer.byte-limit = 33554432 (custom)
2023-08-29 18:55:07,826 [main] INFO  server.GrpcService (ConfUtils.java:logGet(46)) - raft.grpc.flow.control.window = 1MB (=1048576) (default)
2023-08-29 18:55:07,826 [main] INFO  server.RaftServerConfigKeys (ConfUtils.java:logGet(46)) - raft.server.rpc.request.timeout = 3000ms (default)
2023-08-29 18:55:07,826 [main] INFO  grpc.GrpcConfigKeys (ConfUtils.java:logGet(46)) - raft.grpc.server.heartbeat.channel = true (default)
2023-08-29 18:55:07,826 [main] INFO  grpc.GrpcConfigKeys (ConfUtils.java:logGet(46)) - raft.grpc.server.async.request.thread.pool.cached = true (default)
2023-08-29 18:55:07,826 [main] INFO  grpc.GrpcConfigKeys (ConfUtils.java:logGet(46)) - raft.grpc.server.async.request.thread.pool.size = 32 (default)
2023-08-29 18:55:07,827 [main] INFO  impl.DataStreamServerImpl (ConfUtils.java:logGet(46)) - raft.datastream.type = DISABLED (default)
2023-08-29 18:55:07,827 [main] INFO  server.RaftServerConfigKeys (ConfUtils.java:logGet(46)) - raft.server.threadpool.proxy.cached = true (default)
2023-08-29 18:55:07,828 [main] INFO  server.RaftServerConfigKeys (ConfUtils.java:logGet(46)) - raft.server.threadpool.proxy.size = 0 (default)
2023-08-29 18:55:07,828 [main] INFO  server.RaftServerConfigKeys (ConfUtils.java:logGet(46)) - raft.server.rpc.slowness.timeout = 120s (custom)
2023-08-29 18:55:07,828 [main] INFO  server.RaftServerConfigKeys (ConfUtils.java:logGet(46)) - raft.server.leaderelection.leader.step-down.wait-time = 10s (default)
2023-08-29 18:55:07,828 [main] INFO  server.RaftServerConfigKeys (ConfUtils.java:logGet(46)) - raft.server.storage.dir = [/home/runner/work/ozone/ozone/hadoop-ozone/integration-test/target/test-dir/MiniOzoneClusterImpl-e121caef-2a4e-4b75-96a0-c968b96a6505/ozone-meta/ratis] (custom)
2023-08-29 18:55:07,829 [main] INFO  server.RaftServer (RaftServerProxy.java:addNew(98)) - om1: addNew group-C5BA1605619E:[om1|rpc:localhost:15113|priority:0|startupRole:FOLLOWER] returns group-C5BA1605619E:java.util.concurrent.CompletableFuture@70e9f121[Not completed]
2023-08-29 18:55:07,829 [main] INFO  om.OzoneManager (OzoneManager.java:initializeRatisServer(2145)) - OzoneManager Ratis server initialized at port 15113
2023-08-29 18:55:07,829 [main] INFO  om.OzoneManager (OzoneManager.java:getRpcServer(1196)) - Creating RPC Server
2023-08-29 18:55:07,829 [om1-groupManagement] INFO  server.RaftServer$Division (RaftServerImpl.java:<init>(198)) - om1: new RaftServerImpl for group-C5BA1605619E:[om1|rpc:localhost:15113|priority:0|startupRole:FOLLOWER] with OzoneManagerStateMachine:uninitialized
2023-08-29 18:55:07,830 [om1-groupManagement] INFO  server.RaftServerConfigKeys (ConfUtils.java:logGet(46)) - raft.server.rpc.timeout.min = 1s (custom)
2023-08-29 18:55:07,830 [om1-groupManagement] INFO  server.RaftServerConfigKeys (ConfUtils.java:logGet(46)) - raft.server.rpc.timeout.max = 1200ms (custom)
2023-08-29 18:55:07,830 [om1-groupManagement] INFO  server.RaftServerConfigKeys (ConfUtils.java:logGet(46)) - raft.server.rpc.sleep.time = 25ms (default)
2023-08-29 18:55:07,830 [om1-groupManagement] INFO  server.RaftServerConfigKeys (ConfUtils.java:logGet(46)) - raft.server.rpc.slowness.timeout = 120s (custom)
2023-08-29 18:55:07,830 [om1-groupManagement] INFO  server.RaftServerConfigKeys (ConfUtils.java:logGet(46)) - raft.server.leaderelection.leader.step-down.wait-time = 10s (default)
2023-08-29 18:55:07,830 [om1-groupManagement] INFO  server.RaftServerConfigKeys (ConfUtils.java:logGet(46)) - raft.server.sleep.deviation.threshold = 300ms (default)
2023-08-29 18:55:07,830 [om1-groupManagement] INFO  server.RaftServer$Division (ServerState.java:<init>(120)) - om1@group-C5BA1605619E: ConfigurationManager, init=-1: peers:[om1|rpc:localhost:15113|priority:0|startupRole:FOLLOWER]|listeners:[], old=null, confs=<EMPTY_MAP>
2023-08-29 18:55:07,830 [om1-groupManagement] INFO  server.RaftServerConfigKeys (ConfUtils.java:logGet(46)) - raft.server.storage.dir = [/home/runner/work/ozone/ozone/hadoop-ozone/integration-test/target/test-dir/MiniOzoneClusterImpl-e121caef-2a4e-4b75-96a0-c968b96a6505/ozone-meta/ratis] (custom)
2023-08-29 18:55:07,830 [om1-groupManagement] INFO  server.RaftServerConfigKeys (ConfUtils.java:logGet(46)) - raft.server.log.corruption.policy = EXCEPTION (default)
2023-08-29 18:55:07,830 [om1-groupManagement] INFO  server.RaftServerConfigKeys (ConfUtils.java:logGet(46)) - raft.server.storage.free-space.min = 0MB (=0) (default)
2023-08-29 18:55:07,831 [om1-groupManagement] INFO  server.RaftServerConfigKeys (ConfUtils.java:logGet(46)) - raft.server.notification.no-leader.timeout = 120s (custom)
2023-08-29 18:55:07,831 [om1-groupManagement] INFO  server.RaftServerConfigKeys (ConfUtils.java:logGet(46)) - raft.server.read.timeout = 10s (default)
2023-08-29 18:55:07,831 [om1-groupManagement] INFO  server.RaftServerConfigKeys (ConfUtils.java:logGet(46)) - raft.server.retrycache.expirytime = 300s (custom)
2023-08-29 18:55:07,831 [om1-groupManagement] INFO  server.RaftServerConfigKeys (ConfUtils.java:logGet(46)) - raft.server.retrycache.statistics.expirytime = 100μs (default)
2023-08-29 18:55:07,831 [om1-groupManagement] INFO  server.RaftServerConfigKeys (ConfUtils.java:logGet(46)) - raft.server.read.option = DEFAULT (default)
2023-08-29 18:55:07,831 [om1-groupManagement] INFO  server.RaftServerConfigKeys (ConfUtils.java:logGet(46)) - raft.server.rpc.request.timeout = 3000ms (default)
2023-08-29 18:55:07,831 [om1-groupManagement] INFO  server.RaftServerConfigKeys (ConfUtils.java:logGet(46)) - raft.server.log.appender.install.snapshot.enabled = false (custom)
2023-08-29 18:55:07,831 [om1-groupManagement] INFO  server.RaftServerConfigKeys (ConfUtils.java:logGet(46)) - raft.server.threadpool.server.cached = true (default)
2023-08-29 18:55:07,831 [om1-groupManagement] INFO  server.RaftServerConfigKeys (ConfUtils.java:logGet(46)) - raft.server.threadpool.server.size = 0 (default)
2023-08-29 18:55:07,831 [om1-groupManagement] INFO  server.RaftServerConfigKeys (ConfUtils.java:logGet(46)) - raft.server.threadpool.client.cached = true (default)
2023-08-29 18:55:07,831 [om1-groupManagement] INFO  server.RaftServerConfigKeys (ConfUtils.java:logGet(46)) - raft.server.threadpool.client.size = 0 (default)
2023-08-29 18:55:08,243 [main] INFO  reflections.Reflections (Reflections.java:scan(232)) - Reflections took 413 ms to scan 19 urls, producing 70 keys and 5672 values [using 2 cores]
2023-08-29 18:55:08,244 [main] INFO  ipc.CallQueueManager (CallQueueManager.java:<init>(90)) - Using callQueue: class java.util.concurrent.LinkedBlockingQueue, queueCapacity: 2000, scheduler: class org.apache.hadoop.ipc.DefaultRpcScheduler, ipcBackoff: false.
2023-08-29 18:55:08,245 [main] INFO  ipc.Server (Server.java:<init>(1287)) - Listener at 127.0.0.1:15110
2023-08-29 18:55:08,245 [Socket Reader #1 for port 15110] INFO  ipc.Server (Server.java:run(1323)) - Starting Socket Reader #1 for port 15110
2023-08-29 18:55:08,268 [main] INFO  impl.MetricsSystemImpl (MetricsSystemImpl.java:init(158)) - OzoneManager metrics system started (again)
2023-08-29 18:55:08,279 [main] INFO  om.OzoneManager (OzoneManager.java:start(1630)) - OzoneManager RPC server is listening at localhost/127.0.0.1:15110
2023-08-29 18:55:08,279 [main] INFO  ratis.OzoneManagerRatisServer (OzoneManagerRatisServer.java:start(558)) - Starting OzoneManagerRatisServer om1 at port 15113
2023-08-29 18:55:08,279 [om1-impl-thread1] INFO  storage.RaftStorageDirectory (RaftStorageDirectoryImpl.java:analyzeStorage(137)) - The storage directory /home/runner/work/ozone/ozone/hadoop-ozone/integration-test/target/test-dir/MiniOzoneClusterImpl-e121caef-2a4e-4b75-96a0-c968b96a6505/ozone-meta/ratis/bf265839-605b-3f16-9796-c5ba1605619e does not exist. Creating ...
2023-08-29 18:55:08,281 [om1-impl-thread1] INFO  storage.RaftStorageDirectory (RaftStorageDirectoryImpl.java:tryLock(231)) - Lock on /home/runner/work/ozone/ozone/hadoop-ozone/integration-test/target/test-dir/MiniOzoneClusterImpl-e121caef-2a4e-4b75-96a0-c968b96a6505/ozone-meta/ratis/bf265839-605b-3f16-9796-c5ba1605619e/in_use.lock acquired by nodename 61099@fv-az225-157
2023-08-29 18:55:08,282 [om1-impl-thread1] INFO  storage.RaftStorage (RaftStorageImpl.java:format(96)) - Storage directory /home/runner/work/ozone/ozone/hadoop-ozone/integration-test/target/test-dir/MiniOzoneClusterImpl-e121caef-2a4e-4b75-96a0-c968b96a6505/ozone-meta/ratis/bf265839-605b-3f16-9796-c5ba1605619e has been successfully formatted.
2023-08-29 18:55:08,282 [om1-impl-thread1] INFO  server.RaftServerConfigKeys (ConfUtils.java:logGet(46)) - raft.server.log.use.memory = false (default)
2023-08-29 18:55:08,282 [om1-impl-thread1] INFO  server.RaftServerConfigKeys (ConfUtils.java:logGet(46)) - raft.server.log.purge.gap = 1000000 (custom)
2023-08-29 18:55:08,282 [om1-impl-thread1] INFO  server.RaftServerConfigKeys (ConfUtils.java:logGet(46)) - raft.server.log.appender.buffer.byte-limit = 33554432 (custom)
2023-08-29 18:55:08,282 [om1-impl-thread1] INFO  server.RaftServerConfigKeys (ConfUtils.java:logGet(46)) - raft.server.log.statemachine.data.read.timeout = 1000ms (default)
2023-08-29 18:55:08,282 [om1-impl-thread1] INFO  server.RaftServerConfigKeys (ConfUtils.java:logGet(46)) - raft.server.log.purge.preservation.log.num = 0 (default)
2023-08-29 18:55:08,282 [om1-impl-thread1] INFO  server.RaftServerConfigKeys (ConfUtils.java:logGet(46)) - raft.server.log.segment.size.max = 4194304 (custom)
2023-08-29 18:55:08,282 [om1-impl-thread1] INFO  server.RaftServerConfigKeys (ConfUtils.java:logGet(46)) - raft.server.log.segment.cache.num.max = 2 (custom)
2023-08-29 18:55:08,282 [om1-impl-thread1] INFO  server.RaftServerConfigKeys (ConfUtils.java:logGet(46)) - raft.server.log.segment.cache.size.max = 200MB (=209715200) (default)
2023-08-29 18:55:08,282 [om1-impl-thread1] INFO  server.RaftServerConfigKeys (ConfUtils.java:logGet(46)) - raft.server.log.appender.buffer.byte-limit = 33554432 (custom)
2023-08-29 18:55:08,282 [om1-impl-thread1] INFO  segmented.SegmentedRaftLogWorker (SegmentedRaftLogWorker.java:<init>(188)) - new om1@group-C5BA1605619E-SegmentedRaftLogWorker for RaftStorageImpl:Storage Directory /home/runner/work/ozone/ozone/hadoop-ozone/integration-test/target/test-dir/MiniOzoneClusterImpl-e121caef-2a4e-4b75-96a0-c968b96a6505/ozone-meta/ratis/bf265839-605b-3f16-9796-c5ba1605619e
2023-08-29 18:55:08,282 [om1-impl-thread1] INFO  server.RaftServerConfigKeys (ConfUtils.java:logGet(46)) - raft.server.log.queue.byte-limit = 64MB (=67108864) (default)
2023-08-29 18:55:08,282 [om1-impl-thread1] INFO  server.RaftServerConfigKeys (ConfUtils.java:logGet(46)) - raft.server.log.queue.element-limit = 4096 (default)
2023-08-29 18:55:08,283 [om1-impl-thread1] INFO  server.RaftServerConfigKeys (ConfUtils.java:logGet(46)) - raft.server.log.segment.size.max = 4194304 (custom)
2023-08-29 18:55:08,283 [om1-impl-thread1] INFO  server.RaftServerConfigKeys (ConfUtils.java:logGet(46)) - raft.server.log.preallocated.size = 4194304 (custom)
2023-08-29 18:55:08,283 [om1-impl-thread1] INFO  server.RaftServerConfigKeys (ConfUtils.java:logGet(46)) - raft.server.log.force.sync.num = 128 (default)
2023-08-29 18:55:08,283 [om1-impl-thread1] INFO  server.RaftServerConfigKeys (ConfUtils.java:logGet(46)) - raft.server.log.statemachine.data.sync = true (default)
2023-08-29 18:55:08,283 [om1-impl-thread1] INFO  server.RaftServerConfigKeys (ConfUtils.java:logGet(46)) - raft.server.log.statemachine.data.sync.timeout = 10s (default)
2023-08-29 18:55:08,283 [om1-impl-thread1] INFO  server.RaftServerConfigKeys (ConfUtils.java:logGet(46)) - raft.server.log.statemachine.data.sync.timeout.retry = -1 (default)
2023-08-29 18:55:08,283 [om1-impl-thread1] INFO  server.RaftServerConfigKeys (ConfUtils.java:logGet(46)) - raft.server.log.write.buffer.size = 64KB (=65536) (default)
2023-08-29 18:55:08,283 [om1-impl-thread1] INFO  server.RaftServerConfigKeys (ConfUtils.java:logGet(46)) - raft.server.log.appender.buffer.byte-limit = 33554432 (custom)
2023-08-29 18:55:08,288 [om1-impl-thread1] INFO  server.RaftServerConfigKeys (ConfUtils.java:logGet(46)) - raft.server.log.unsafe-flush.enabled = false (default)
2023-08-29 18:55:08,288 [om1-impl-thread1] INFO  server.RaftServerConfigKeys (ConfUtils.java:logGet(46)) - raft.server.log.async-flush.enabled = false (default)
2023-08-29 18:55:08,288 [om1-impl-thread1] INFO  server.RaftServerConfigKeys (ConfUtils.java:logGet(46)) - raft.server.log.statemachine.data.caching.enabled = false (default)
2023-08-29 18:55:08,288 [om1-impl-thread1] INFO  segmented.SegmentedRaftLogWorker (SegmentedRaftLogWorker.java:lambda$new$0(135)) - om1@group-C5BA1605619E-SegmentedRaftLogWorker: flushIndex: setUnconditionally 0 -> -1
2023-08-29 18:55:08,288 [om1-impl-thread1] INFO  segmented.SegmentedRaftLogWorker (SegmentedRaftLogWorker.java:lambda$new$0(135)) - om1@group-C5BA1605619E-SegmentedRaftLogWorker: safeCacheEvictIndex: setUnconditionally 0 -> -1
2023-08-29 18:55:08,292 [om1-impl-thread1] INFO  server.RaftServer$Division (RaftServerImpl.java:start(342)) - om1@group-C5BA1605619E: start as a follower, conf=-1: peers:[om1|rpc:localhost:15113|priority:0|startupRole:FOLLOWER]|listeners:[], old=null
2023-08-29 18:55:08,292 [om1-impl-thread1] INFO  server.RaftServer$Division (RaftServerImpl.java:setRole(329)) - om1@group-C5BA1605619E: changes role from      null to FOLLOWER at term 0 for startAsFollower
2023-08-29 18:55:08,292 [om1-impl-thread1] INFO  impl.RoleInfo (RoleInfo.java:updateAndGet(139)) - om1: start om1@group-C5BA1605619E-FollowerState
2023-08-29 18:55:08,293 [om1-impl-thread1] INFO  util.JmxRegister (JmxRegister.java:tryRegister(44)) - Successfully registered JMX Bean with object name Ratis:service=RaftServer,group=group-C5BA1605619E,id=om1
2023-08-29 18:55:08,293 [om1-impl-thread1] INFO  server.RaftServerConfigKeys (ConfUtils.java:logGet(46)) - raft.server.snapshot.auto.trigger.enabled = true (custom)
2023-08-29 18:55:08,293 [om1-impl-thread1] INFO  server.RaftServerConfigKeys (ConfUtils.java:logGet(46)) - raft.server.snapshot.auto.trigger.threshold = 400000 (default)
2023-08-29 18:55:08,293 [om1-impl-thread1] INFO  server.RaftServerConfigKeys (ConfUtils.java:logGet(46)) - raft.server.snapshot.retention.file.num = -1 (default)
2023-08-29 18:55:08,293 [om1-impl-thread1] INFO  server.RaftServerConfigKeys (ConfUtils.java:logGet(46)) - raft.server.log.purge.upto.snapshot.index = true (custom)
2023-08-29 18:55:08,293 [om1@group-C5BA1605619E-FollowerState] INFO  server.RaftServerConfigKeys (ConfUtils.java:logFallback(53)) - raft.server.rpc.first-election.timeout.min = 1s (fallback to raft.server.rpc.timeout.min)
2023-08-29 18:55:08,293 [om1@group-C5BA1605619E-FollowerState] INFO  server.RaftServerConfigKeys (ConfUtils.java:logFallback(53)) - raft.server.rpc.first-election.timeout.max = 1200ms (fallback to raft.server.rpc.timeout.max)
2023-08-29 18:55:08,293 [main] INFO  server.RaftServer (RaftServerProxy.java:startImpl(400)) - om1: start RPC server
2023-08-29 18:55:08,297 [main] INFO  server.GrpcService (GrpcService.java:startImpl(302)) - om1: GrpcService started, listening on 15113
2023-08-29 18:55:08,297 [main] INFO  om.OzoneManager (OzoneManager.java:start(1646)) - Version File has different layout version (6) than OM DB (null). That is expected if this OM has never been finalized to a newer layout version.
2023-08-29 18:55:08,298 [JvmPauseMonitor15] INFO  util.JvmPauseMonitor (JvmPauseMonitor.java:run(103)) - JvmPauseMonitor-om1: Started
2023-08-29 18:55:08,304 [main] INFO  http.BaseHttpServer (BaseHttpServer.java:newHttpServer2BuilderForOzone(223)) - Starting Web-server for ozoneManager at: http://0.0.0.0:15111
2023-08-29 18:55:08,304 [main] INFO  http.BaseHttpServer (BaseHttpServer.java:<init>(110)) - Hadoop Security Enabled: false Ozone Security Enabled: false Ozone HTTP Security Enabled: false 
2023-08-29 18:55:08,305 [main] WARN  server.AuthenticationFilter (AuthenticationFilter.java:constructSecretProvider(240)) - Unable to initialize FileSignerSecretProvider, falling back to use random secrets. Reason: Could not read signature secret file: /home/runner/hadoop-http-auth-signature-secret
2023-08-29 18:55:08,306 [main] INFO  http.HttpRequestLog (HttpRequestLog.java:getRequestLog(86)) - Http request log for http.requests.ozoneManager is not defined
2023-08-29 18:55:08,307 [main] INFO  http.HttpServer2 (HttpServer2.java:addGlobalFilter(1031)) - Added global filter 'safety' (class=org.apache.hadoop.hdds.server.http.HttpServer2$QuotingInputFilter)
2023-08-29 18:55:08,308 [main] INFO  http.HttpServer2 (HttpServer2.java:addFilter(1007)) - Added filter static_user_filter (class=org.apache.hadoop.http.lib.StaticUserWebFilter$StaticUserFilter) to context ozoneManager
2023-08-29 18:55:08,308 [main] INFO  http.HttpServer2 (HttpServer2.java:addFilter(1015)) - Added filter static_user_filter (class=org.apache.hadoop.http.lib.StaticUserWebFilter$StaticUserFilter) to context static
2023-08-29 18:55:08,308 [main] INFO  http.HttpServer2 (HttpServer2.java:addFilter(1015)) - Added filter static_user_filter (class=org.apache.hadoop.http.lib.StaticUserWebFilter$StaticUserFilter) to context logs
2023-08-29 18:55:08,309 [main] INFO  http.BaseHttpServer (BaseHttpServer.java:<init>(189)) - HTTP server of ozoneManager uses base directory /home/runner/work/ozone/ozone/hadoop-ozone/integration-test/target/test-dir/MiniOzoneClusterImpl-e121caef-2a4e-4b75-96a0-c968b96a6505/ozone-meta/webserver
2023-08-29 18:55:08,309 [main] INFO  http.HttpServer2 (HttpServer2.java:bindListener(1231)) - Jetty bound to port 15111
2023-08-29 18:55:08,309 [main] INFO  server.Server (Server.java:doStart(375)) - jetty-9.4.51.v20230217; built: 2023-02-17T08:19:37.309Z; git: b45c405e4544384de066f814ed42ae3dceacdd49; jvm 1.8.0_382-b05
2023-08-29 18:55:08,312 [main] INFO  server.session (DefaultSessionIdManager.java:doStart(334)) - DefaultSessionIdManager workerName=node0
2023-08-29 18:55:08,313 [main] INFO  server.session (DefaultSessionIdManager.java:doStart(339)) - No SessionScavenger set, using defaults
2023-08-29 18:55:08,313 [main] INFO  server.session (HouseKeeper.java:startScavenging(132)) - node0 Scavenging every 600000ms
2023-08-29 18:55:08,314 [main] INFO  handler.ContextHandler (ContextHandler.java:doStart(921)) - Started o.e.j.s.ServletContextHandler@49db5424{logs,/logs,file:///home/runner/work/ozone/ozone/hadoop-ozone/integration-test/target/log,AVAILABLE}
2023-08-29 18:55:08,314 [main] INFO  handler.ContextHandler (ContextHandler.java:doStart(921)) - Started o.e.j.s.ServletContextHandler@615bf4a1{static,/static,file:///home/runner/work/ozone/ozone/hadoop-ozone/integration-test/target/test-classes/webapps/static,AVAILABLE}
2023-08-29 18:55:08,317 [main] INFO  handler.ContextHandler (ContextHandler.java:doStart(921)) - Started o.e.j.w.WebAppContext@8e49207{ozoneManager,/,file:///home/runner/work/ozone/ozone/hadoop-ozone/integration-test/target/test-classes/webapps/ozoneManager/,AVAILABLE}{file:/home/runner/work/ozone/ozone/hadoop-ozone/integration-test/target/test-classes/webapps/ozoneManager}
2023-08-29 18:55:08,323 [main] INFO  server.AbstractConnector (AbstractConnector.java:doStart(333)) - Started ServerConnector@3e94d7a2{HTTP/1.1, (http/1.1)}{0.0.0.0:15111}
2023-08-29 18:55:08,323 [main] INFO  server.Server (Server.java:doStart(415)) - Started @152880ms
2023-08-29 18:55:08,323 [main] WARN  impl.MetricsSystemImpl (MetricsSystemImpl.java:register(279)) - Sink prometheus already exists!
2023-08-29 18:55:08,324 [main] INFO  http.BaseHttpServer (BaseHttpServer.java:updateConnectorAddress(354)) - HTTP server of ozoneManager listening at http://0.0.0.0:15111
2023-08-29 18:55:08,324 [IPC Server Responder] INFO  ipc.Server (Server.java:run(1562)) - IPC Server Responder: starting
2023-08-29 18:55:08,326 [IPC Server listener on 15110] INFO  ipc.Server (Server.java:run(1402)) - IPC Server listener on 15110: starting
2023-08-29 18:55:08,332 [main] INFO  om.TrashPolicyOzone (TrashPolicyOzone.java:<init>(277)) - Ozone Manager trash configuration: Deletion interval = 0 minutes, Emptier interval = 0 minutes.
2023-08-29 18:55:08,356 [main] WARN  impl.MetricRegistriesImpl (MetricRegistriesImpl.java:addReporterRegistration(111)) - New reporters are added after registries were created. Some metrics will be missing from the reporter. Please add reporter before adding any new registry.
2023-08-29 18:55:08,356 [main] WARN  impl.MetricRegistriesImpl (MetricRegistriesImpl.java:addReporterRegistration(111)) - New reporters are added after registries were created. Some metrics will be missing from the reporter. Please add reporter before adding any new registry.
2023-08-29 18:55:08,356 [main] INFO  impl.MetricsSystemImpl (MetricsSystemImpl.java:init(158)) - HddsDatanode metrics system started (again)
2023-08-29 18:55:08,368 [main] INFO  ozone.HddsDatanodeService (HddsDatanodeService.java:start(237)) - HddsDatanodeService host:fv-az225-157.hxhba2eg53duheooqg2bzplbvd.bx.internal.cloudapp.net ip:10.1.0.239
2023-08-29 18:55:08,384 [main] INFO  upgrade.AbstractLayoutVersionManager (AbstractLayoutVersionManager.java:init(83)) - Initializing Layout version manager with metadata layout = HADOOP_PRC_PORTS_IN_DATANODEDETAILS (version = 7), software layout = HADOOP_PRC_PORTS_IN_DATANODEDETAILS (version = 7)
2023-08-29 18:55:08,385 [main] INFO  statemachine.DatanodeStateMachine (DatanodeStateMachine.java:getEndPointTaskThreadPoolSize(282)) - Datanode State Machine Task Thread Pool size 2
2023-08-29 18:55:08,390 [main] INFO  volume.HddsVolume (HddsVolume.java:<init>(126)) - Creating HddsVolume: /home/runner/work/ozone/ozone/hadoop-ozone/integration-test/target/test-dir/MiniOzoneClusterImpl-e121caef-2a4e-4b75-96a0-c968b96a6505/datanode-0/data-0/containers/hdds of storage type : DISK capacity : 9223372036854775807
2023-08-29 18:55:08,390 [main] INFO  volume.MutableVolumeSet (MutableVolumeSet.java:initializeVolumeSet(173)) - Added Volume : /home/runner/work/ozone/ozone/hadoop-ozone/integration-test/target/test-dir/MiniOzoneClusterImpl-e121caef-2a4e-4b75-96a0-c968b96a6505/datanode-0/data-0/containers/hdds to VolumeSet
2023-08-29 18:55:08,391 [main] INFO  volume.MutableVolumeSet (MutableVolumeSet.java:initializeVolumeSet(173)) - Added Volume : /home/runner/work/ozone/ozone/hadoop-ozone/integration-test/target/test-dir/MiniOzoneClusterImpl-e121caef-2a4e-4b75-96a0-c968b96a6505/datanode-0/data/ratis to VolumeSet
2023-08-29 18:55:08,391 [Thread-1308] INFO  ozoneimpl.ContainerReader (ContainerReader.java:readVolume(177)) - Finish verifying containers on volume /home/runner/work/ozone/ozone/hadoop-ozone/integration-test/target/test-dir/MiniOzoneClusterImpl-e121caef-2a4e-4b75-96a0-c968b96a6505/datanode-0/data-0/containers/hdds
2023-08-29 18:55:08,391 [main] INFO  ozoneimpl.OzoneContainer (OzoneContainer.java:buildContainerSet(314)) - Build ContainerSet costs 0s
2023-08-29 18:55:08,393 [main] INFO  server.RaftServer (ConfUtils.java:logGet(46)) - raft.rpc.type = GRPC (default)
2023-08-29 18:55:08,393 [main] INFO  grpc.GrpcConfigKeys (ConfUtils.java:logFallback(53)) - raft.grpc.admin.host = null (fallback to raft.grpc.server.host)
2023-08-29 18:55:08,393 [main] INFO  grpc.GrpcConfigKeys (ConfUtils.java:logGet(46)) - raft.grpc.admin.port = 15119 (custom)
2023-08-29 18:55:08,393 [main] INFO  grpc.GrpcConfigKeys (ConfUtils.java:logFallback(53)) - raft.grpc.client.host = null (fallback to raft.grpc.server.host)
2023-08-29 18:55:08,393 [main] INFO  grpc.GrpcConfigKeys (ConfUtils.java:logGet(46)) - raft.grpc.client.port = 15118 (custom)
2023-08-29 18:55:08,393 [main] INFO  grpc.GrpcConfigKeys (ConfUtils.java:logGet(46)) - raft.grpc.server.host = null (default)
2023-08-29 18:55:08,394 [main] INFO  grpc.GrpcConfigKeys (ConfUtils.java:logGet(46)) - raft.grpc.server.port = 15120 (custom)
2023-08-29 18:55:08,394 [main] INFO  server.GrpcService (ConfUtils.java:logGet(46)) - raft.grpc.message.size.max = 32MB (=33554432) (custom)
2023-08-29 18:55:08,394 [main] INFO  server.RaftServerConfigKeys (ConfUtils.java:logGet(46)) - raft.server.log.appender.buffer.byte-limit = 33554432 (custom)
2023-08-29 18:55:08,395 [main] INFO  server.GrpcService (ConfUtils.java:logGet(46)) - raft.grpc.flow.control.window = 5MB (=5242880) (custom)
2023-08-29 18:55:08,395 [main] INFO  server.RaftServerConfigKeys (ConfUtils.java:logGet(46)) - raft.server.rpc.request.timeout = 60s (custom)
2023-08-29 18:55:08,395 [main] INFO  grpc.GrpcConfigKeys (ConfUtils.java:logGet(46)) - raft.grpc.server.heartbeat.channel = true (default)
2023-08-29 18:55:08,395 [main] INFO  grpc.GrpcConfigKeys (ConfUtils.java:logGet(46)) - raft.grpc.server.async.request.thread.pool.cached = true (default)
2023-08-29 18:55:08,395 [main] INFO  grpc.GrpcConfigKeys (ConfUtils.java:logGet(46)) - raft.grpc.server.async.request.thread.pool.size = 32 (default)
2023-08-29 18:55:08,398 [main] INFO  impl.DataStreamServerImpl (ConfUtils.java:logGet(46)) - raft.datastream.type = NETTY (custom)
2023-08-29 18:55:08,398 [main] INFO  server.RaftServerConfigKeys (ConfUtils.java:logGet(46)) - raft.server.data-stream.async.request.thread.pool.cached = false (default)
2023-08-29 18:55:08,398 [main] INFO  server.RaftServerConfigKeys (ConfUtils.java:logGet(46)) - raft.server.data-stream.async.request.thread.pool.size = 20 (custom)
2023-08-29 18:55:08,398 [main] INFO  server.RaftServerConfigKeys (ConfUtils.java:logGet(46)) - raft.server.data-stream.async.write.thread.pool.size = 16 (default)
2023-08-29 18:55:08,398 [main] INFO  server.RaftServerConfigKeys (ConfUtils.java:logGet(46)) - raft.server.data-stream.client.pool.size = 10 (default)
2023-08-29 18:55:08,398 [main] INFO  netty.NettyConfigKeys$DataStream (ConfUtils.java:logGet(46)) - raft.netty.dataStream.server.use-epoll = false (default)
2023-08-29 18:55:08,398 [main] INFO  netty.NettyConfigKeys$DataStream (ConfUtils.java:logGet(46)) - raft.netty.dataStream.server.boss-group.size = 0 (default)
2023-08-29 18:55:08,399 [main] INFO  netty.NettyConfigKeys$DataStream (ConfUtils.java:logGet(46)) - raft.netty.dataStream.server.worker-group.size = 0 (default)
2023-08-29 18:55:08,399 [main] INFO  netty.NettyConfigKeys$DataStream (ConfUtils.java:logGet(46)) - raft.netty.dataStream.server.tls.conf = null (default)
2023-08-29 18:55:08,399 [main] INFO  netty.NettyConfigKeys$DataStream (ConfUtils.java:logGet(46)) - raft.netty.dataStream.host = null (default)
2023-08-29 18:55:08,400 [main] INFO  netty.NettyConfigKeys$DataStream (ConfUtils.java:logGet(46)) - raft.netty.dataStream.port = 15121 (custom)
2023-08-29 18:55:08,400 [main] INFO  server.RaftServerConfigKeys (ConfUtils.java:logGet(46)) - raft.server.threadpool.proxy.cached = true (default)
2023-08-29 18:55:08,400 [main] INFO  server.RaftServerConfigKeys (ConfUtils.java:logGet(46)) - raft.server.threadpool.proxy.size = 0 (default)
2023-08-29 18:55:08,400 [main] INFO  server.RaftServerConfigKeys (ConfUtils.java:logGet(46)) - raft.server.rpc.slowness.timeout = 300s (custom)
2023-08-29 18:55:08,400 [main] INFO  server.RaftServerConfigKeys (ConfUtils.java:logGet(46)) - raft.server.leaderelection.leader.step-down.wait-time = 10s (default)
2023-08-29 18:55:08,400 [main] INFO  server.RaftServerConfigKeys (ConfUtils.java:logGet(46)) - raft.server.storage.dir = [/home/runner/work/ozone/ozone/hadoop-ozone/integration-test/target/test-dir/MiniOzoneClusterImpl-e121caef-2a4e-4b75-96a0-c968b96a6505/datanode-0/data/ratis] (custom)
2023-08-29 18:55:08,401 [0d210486-d547-40fe-b644-a4a516df2759-NettyServerStreamRpc-bossGroup--thread1] INFO  logging.LoggingHandler (AbstractInternalLogger.java:log(148)) - [id: 0x5fcad5d3] REGISTERED
2023-08-29 18:55:08,401 [0d210486-d547-40fe-b644-a4a516df2759-NettyServerStreamRpc-bossGroup--thread1] INFO  logging.LoggingHandler (AbstractInternalLogger.java:log(148)) - [id: 0x5fcad5d3] BIND: 0.0.0.0/0.0.0.0:15121
2023-08-29 18:55:08,401 [0d210486-d547-40fe-b644-a4a516df2759-NettyServerStreamRpc-bossGroup--thread1] INFO  logging.LoggingHandler (AbstractInternalLogger.java:log(148)) - [id: 0x5fcad5d3, L:/0:0:0:0:0:0:0:0:15121] ACTIVE
2023-08-29 18:55:08,404 [0d210486-d547-40fe-b644-a4a516df2759-impl-thread1] INFO  server.RaftServer (RaftServerProxy.java:initGroupDir(258)) - 0d210486-d547-40fe-b644-a4a516df2759: found a subdirectory /home/runner/work/ozone/ozone/hadoop-ozone/integration-test/target/test-dir/MiniOzoneClusterImpl-e121caef-2a4e-4b75-96a0-c968b96a6505/datanode-0/data/ratis/tmp
2023-08-29 18:55:08,405 [0d210486-d547-40fe-b644-a4a516df2759-impl-thread1] INFO  server.RaftServer (RaftServerProxy.java:initGroupDir(263)) - 0d210486-d547-40fe-b644-a4a516df2759: The directory /home/runner/work/ozone/ozone/hadoop-ozone/integration-test/target/test-dir/MiniOzoneClusterImpl-e121caef-2a4e-4b75-96a0-c968b96a6505/datanode-0/data/ratis/tmp is not a group directory; ignoring it. 
2023-08-29 18:55:08,405 [main] INFO  replication.ReplicationServer (ReplicationServer.java:<init>(81)) - Initializing replication server with thread count = 10
2023-08-29 18:55:08,406 [main] INFO  server.XceiverServerGrpc (XceiverServerGrpc.java:<init>(132)) - GrpcServer channel type EpollServerSocketChannel
2023-08-29 18:55:08,408 [main] INFO  replication.ReplicationSupervisor (ReplicationSupervisor.java:build(155)) - Initializing replication supervisor with thread count = 10
2023-08-29 18:55:08,408 [main] INFO  replication.ReplicationSupervisor (ReplicationSupervisor.java:nodeStateUpdated(307)) - Node state updated to IN_SERVICE, scaling executor pool size to 10
2023-08-29 18:55:08,410 [main] INFO  http.BaseHttpServer (BaseHttpServer.java:newHttpServer2BuilderForOzone(223)) - Starting Web-server for hddsDatanode at: http://0.0.0.0:15115
2023-08-29 18:55:08,410 [main] INFO  http.BaseHttpServer (BaseHttpServer.java:<init>(110)) - Hadoop Security Enabled: false Ozone Security Enabled: false Ozone HTTP Security Enabled: false 
2023-08-29 18:55:08,411 [main] WARN  server.AuthenticationFilter (AuthenticationFilter.java:constructSecretProvider(240)) - Unable to initialize FileSignerSecretProvider, falling back to use random secrets. Reason: Could not read signature secret file: /home/runner/hadoop-http-auth-signature-secret
2023-08-29 18:55:08,412 [main] INFO  http.HttpRequestLog (HttpRequestLog.java:getRequestLog(86)) - Http request log for http.requests.hddsDatanode is not defined
2023-08-29 18:55:08,415 [main] INFO  http.HttpServer2 (HttpServer2.java:addGlobalFilter(1031)) - Added global filter 'safety' (class=org.apache.hadoop.hdds.server.http.HttpServer2$QuotingInputFilter)
2023-08-29 18:55:08,415 [main] INFO  http.HttpServer2 (HttpServer2.java:addFilter(1007)) - Added filter static_user_filter (class=org.apache.hadoop.http.lib.StaticUserWebFilter$StaticUserFilter) to context hddsDatanode
2023-08-29 18:55:08,416 [main] INFO  http.HttpServer2 (HttpServer2.java:addFilter(1015)) - Added filter static_user_filter (class=org.apache.hadoop.http.lib.StaticUserWebFilter$StaticUserFilter) to context static
2023-08-29 18:55:08,417 [main] INFO  http.HttpServer2 (HttpServer2.java:addFilter(1015)) - Added filter static_user_filter (class=org.apache.hadoop.http.lib.StaticUserWebFilter$StaticUserFilter) to context logs
2023-08-29 18:55:08,418 [main] INFO  http.BaseHttpServer (BaseHttpServer.java:<init>(189)) - HTTP server of hddsDatanode uses base directory /home/runner/work/ozone/ozone/hadoop-ozone/integration-test/target/test-dir/MiniOzoneClusterImpl-e121caef-2a4e-4b75-96a0-c968b96a6505/datanode-0/meta/webserver
2023-08-29 18:55:08,418 [main] INFO  http.HttpServer2 (HttpServer2.java:bindListener(1231)) - Jetty bound to port 15115
2023-08-29 18:55:08,418 [main] INFO  server.Server (Server.java:doStart(375)) - jetty-9.4.51.v20230217; built: 2023-02-17T08:19:37.309Z; git: b45c405e4544384de066f814ed42ae3dceacdd49; jvm 1.8.0_382-b05
2023-08-29 18:55:08,419 [main] INFO  server.session (DefaultSessionIdManager.java:doStart(334)) - DefaultSessionIdManager workerName=node0
2023-08-29 18:55:08,419 [main] INFO  server.session (DefaultSessionIdManager.java:doStart(339)) - No SessionScavenger set, using defaults
2023-08-29 18:55:08,419 [main] INFO  server.session (HouseKeeper.java:startScavenging(132)) - node0 Scavenging every 600000ms
2023-08-29 18:55:08,420 [main] INFO  handler.ContextHandler (ContextHandler.java:doStart(921)) - Started o.e.j.s.ServletContextHandler@5dbad5d5{logs,/logs,file:///home/runner/work/ozone/ozone/hadoop-ozone/integration-test/target/log,AVAILABLE}
2023-08-29 18:55:08,421 [main] INFO  handler.ContextHandler (ContextHandler.java:doStart(921)) - Started o.e.j.s.ServletContextHandler@7ccc0319{static,/static,jar:file:/home/runner/.m2/repository/org/apache/ozone/hdds-container-service/1.4.0-SNAPSHOT/hdds-container-service-1.4.0-SNAPSHOT.jar!/webapps/static,AVAILABLE}
2023-08-29 18:55:08,609 [main] INFO  handler.ContextHandler (ContextHandler.java:doStart(921)) - Started o.e.j.w.WebAppContext@7ef7baad{hddsDatanode,/,file:///home/runner/work/ozone/ozone/hadoop-ozone/integration-test/target/test-dir/MiniOzoneClusterImpl-e121caef-2a4e-4b75-96a0-c968b96a6505/datanode-0/meta/webserver/jetty-0_0_0_0-15115-hdds-container-service-1_4_0-SNAPSHOT_jar-_-any-6031871211251838715/webapp/,AVAILABLE}{jar:file:/home/runner/.m2/repository/org/apache/ozone/hdds-container-service/1.4.0-SNAPSHOT/hdds-container-service-1.4.0-SNAPSHOT.jar!/webapps/hddsDatanode}
2023-08-29 18:55:08,611 [main] INFO  server.AbstractConnector (AbstractConnector.java:doStart(333)) - Started ServerConnector@7528966c{HTTP/1.1, (http/1.1)}{0.0.0.0:15115}
2023-08-29 18:55:08,611 [main] INFO  server.Server (Server.java:doStart(415)) - Started @153168ms
2023-08-29 18:55:08,611 [main] WARN  impl.MetricsSystemImpl (MetricsSystemImpl.java:register(279)) - Sink prometheus already exists!
2023-08-29 18:55:08,611 [main] INFO  http.BaseHttpServer (BaseHttpServer.java:updateConnectorAddress(354)) - HTTP server of hddsDatanode listening at http://0.0.0.0:15115
2023-08-29 18:55:08,612 [main] INFO  ipc.CallQueueManager (CallQueueManager.java:<init>(90)) - Using callQueue: class java.util.concurrent.LinkedBlockingQueue, queueCapacity: 100, scheduler: class org.apache.hadoop.ipc.DefaultRpcScheduler, ipcBackoff: false.
2023-08-29 18:55:08,612 [main] INFO  ipc.Server (Server.java:<init>(1287)) - Listener at 0.0.0.0:15116
2023-08-29 18:55:08,612 [Socket Reader #1 for port 15116] INFO  ipc.Server (Server.java:run(1323)) - Starting Socket Reader #1 for port 15116
2023-08-29 18:55:08,615 [main] INFO  ozone.HddsDatanodeService (HddsDatanodeService.java:start(315)) - Datanode start with admins: [runner]
2023-08-29 18:55:08,615 [main] INFO  ozone.HddsDatanodeClientProtocolServer (HddsDatanodeClientProtocolServer.java:start(72)) - RPC server for Client /0.0.0.0:15116
2023-08-29 18:55:08,615 [IPC Server Responder] INFO  ipc.Server (Server.java:run(1562)) - IPC Server Responder: starting
2023-08-29 18:55:08,615 [IPC Server listener on 15116] INFO  ipc.Server (Server.java:run(1402)) - IPC Server listener on 15116: starting
2023-08-29 18:55:08,618 [main] WARN  impl.MetricRegistriesImpl (MetricRegistriesImpl.java:addReporterRegistration(111)) - New reporters are added after registries were created. Some metrics will be missing from the reporter. Please add reporter before adding any new registry.
2023-08-29 18:55:08,618 [main] WARN  impl.MetricRegistriesImpl (MetricRegistriesImpl.java:addReporterRegistration(111)) - New reporters are added after registries were created. Some metrics will be missing from the reporter. Please add reporter before adding any new registry.
2023-08-29 18:55:08,618 [main] INFO  impl.MetricsSystemImpl (MetricsSystemImpl.java:init(158)) - HddsDatanode metrics system started (again)
2023-08-29 18:55:08,620 [Datanode State Machine Daemon Thread] INFO  statemachine.DatanodeStateMachine (DatanodeStateMachine.java:lambda$startDaemon$0(538)) - Ozone container server started.
2023-08-29 18:55:08,627 [Datanode State Machine Task Thread - 0] INFO  datanode.InitDatanodeState (InitDatanodeState.java:persistContainerDatanodeDetails(138)) - DatanodeDetails is persisted to /home/runner/work/ozone/ozone/hadoop-ozone/integration-test/target/test-dir/MiniOzoneClusterImpl-e121caef-2a4e-4b75-96a0-c968b96a6505/datanode-0/meta/datanode.id
2023-08-29 18:55:08,631 [main] INFO  ozone.HddsDatanodeService (HddsDatanodeService.java:start(237)) - HddsDatanodeService host:fv-az225-157.hxhba2eg53duheooqg2bzplbvd.bx.internal.cloudapp.net ip:10.1.0.239
2023-08-29 18:55:08,647 [main] INFO  upgrade.AbstractLayoutVersionManager (AbstractLayoutVersionManager.java:init(83)) - Initializing Layout version manager with metadata layout = HADOOP_PRC_PORTS_IN_DATANODEDETAILS (version = 7), software layout = HADOOP_PRC_PORTS_IN_DATANODEDETAILS (version = 7)
2023-08-29 18:55:08,648 [main] INFO  statemachine.DatanodeStateMachine (DatanodeStateMachine.java:getEndPointTaskThreadPoolSize(282)) - Datanode State Machine Task Thread Pool size 2
2023-08-29 18:55:08,649 [main] INFO  volume.HddsVolume (HddsVolume.java:<init>(126)) - Creating HddsVolume: /home/runner/work/ozone/ozone/hadoop-ozone/integration-test/target/test-dir/MiniOzoneClusterImpl-e121caef-2a4e-4b75-96a0-c968b96a6505/datanode-1/data-0/containers/hdds of storage type : DISK capacity : 9223372036854775807
2023-08-29 18:55:08,649 [main] INFO  volume.MutableVolumeSet (MutableVolumeSet.java:initializeVolumeSet(173)) - Added Volume : /home/runner/work/ozone/ozone/hadoop-ozone/integration-test/target/test-dir/MiniOzoneClusterImpl-e121caef-2a4e-4b75-96a0-c968b96a6505/datanode-1/data-0/containers/hdds to VolumeSet
2023-08-29 18:55:08,650 [main] INFO  volume.MutableVolumeSet (MutableVolumeSet.java:initializeVolumeSet(173)) - Added Volume : /home/runner/work/ozone/ozone/hadoop-ozone/integration-test/target/test-dir/MiniOzoneClusterImpl-e121caef-2a4e-4b75-96a0-c968b96a6505/datanode-1/data/ratis to VolumeSet
2023-08-29 18:55:08,650 [Thread-1325] INFO  ozoneimpl.ContainerReader (ContainerReader.java:readVolume(177)) - Finish verifying containers on volume /home/runner/work/ozone/ozone/hadoop-ozone/integration-test/target/test-dir/MiniOzoneClusterImpl-e121caef-2a4e-4b75-96a0-c968b96a6505/datanode-1/data-0/containers/hdds
2023-08-29 18:55:08,650 [main] INFO  ozoneimpl.OzoneContainer (OzoneContainer.java:buildContainerSet(314)) - Build ContainerSet costs 0s
2023-08-29 18:55:08,652 [main] INFO  server.RaftServer (ConfUtils.java:logGet(46)) - raft.rpc.type = GRPC (default)
2023-08-29 18:55:08,652 [main] INFO  grpc.GrpcConfigKeys (ConfUtils.java:logFallback(53)) - raft.grpc.admin.host = null (fallback to raft.grpc.server.host)
2023-08-29 18:55:08,652 [main] INFO  grpc.GrpcConfigKeys (ConfUtils.java:logGet(46)) - raft.grpc.admin.port = 15128 (custom)
2023-08-29 18:55:08,652 [main] INFO  grpc.GrpcConfigKeys (ConfUtils.java:logFallback(53)) - raft.grpc.client.host = null (fallback to raft.grpc.server.host)
2023-08-29 18:55:08,652 [main] INFO  grpc.GrpcConfigKeys (ConfUtils.java:logGet(46)) - raft.grpc.client.port = 15127 (custom)
2023-08-29 18:55:08,652 [main] INFO  grpc.GrpcConfigKeys (ConfUtils.java:logGet(46)) - raft.grpc.server.host = null (default)
2023-08-29 18:55:08,653 [main] INFO  grpc.GrpcConfigKeys (ConfUtils.java:logGet(46)) - raft.grpc.server.port = 15129 (custom)
2023-08-29 18:55:08,653 [main] INFO  server.GrpcService (ConfUtils.java:logGet(46)) - raft.grpc.message.size.max = 32MB (=33554432) (custom)
2023-08-29 18:55:08,653 [main] INFO  server.RaftServerConfigKeys (ConfUtils.java:logGet(46)) - raft.server.log.appender.buffer.byte-limit = 33554432 (custom)
2023-08-29 18:55:08,653 [main] INFO  server.GrpcService (ConfUtils.java:logGet(46)) - raft.grpc.flow.control.window = 5MB (=5242880) (custom)
2023-08-29 18:55:08,653 [main] INFO  server.RaftServerConfigKeys (ConfUtils.java:logGet(46)) - raft.server.rpc.request.timeout = 60s (custom)
2023-08-29 18:55:08,653 [main] INFO  grpc.GrpcConfigKeys (ConfUtils.java:logGet(46)) - raft.grpc.server.heartbeat.channel = true (default)
2023-08-29 18:55:08,653 [main] INFO  grpc.GrpcConfigKeys (ConfUtils.java:logGet(46)) - raft.grpc.server.async.request.thread.pool.cached = true (default)
2023-08-29 18:55:08,653 [main] INFO  grpc.GrpcConfigKeys (ConfUtils.java:logGet(46)) - raft.grpc.server.async.request.thread.pool.size = 32 (default)
2023-08-29 18:55:08,655 [main] INFO  impl.DataStreamServerImpl (ConfUtils.java:logGet(46)) - raft.datastream.type = NETTY (custom)
2023-08-29 18:55:08,656 [main] INFO  server.RaftServerConfigKeys (ConfUtils.java:logGet(46)) - raft.server.data-stream.async.request.thread.pool.cached = false (default)
2023-08-29 18:55:08,656 [main] INFO  server.RaftServerConfigKeys (ConfUtils.java:logGet(46)) - raft.server.data-stream.async.request.thread.pool.size = 20 (custom)
2023-08-29 18:55:08,656 [main] INFO  server.RaftServerConfigKeys (ConfUtils.java:logGet(46)) - raft.server.data-stream.async.write.thread.pool.size = 16 (default)
2023-08-29 18:55:08,656 [main] INFO  server.RaftServerConfigKeys (ConfUtils.java:logGet(46)) - raft.server.data-stream.client.pool.size = 10 (default)
2023-08-29 18:55:08,656 [main] INFO  netty.NettyConfigKeys$DataStream (ConfUtils.java:logGet(46)) - raft.netty.dataStream.server.use-epoll = false (default)
2023-08-29 18:55:08,656 [main] INFO  netty.NettyConfigKeys$DataStream (ConfUtils.java:logGet(46)) - raft.netty.dataStream.server.boss-group.size = 0 (default)
2023-08-29 18:55:08,656 [main] INFO  netty.NettyConfigKeys$DataStream (ConfUtils.java:logGet(46)) - raft.netty.dataStream.server.worker-group.size = 0 (default)
2023-08-29 18:55:08,657 [main] INFO  netty.NettyConfigKeys$DataStream (ConfUtils.java:logGet(46)) - raft.netty.dataStream.server.tls.conf = null (default)
2023-08-29 18:55:08,657 [main] INFO  netty.NettyConfigKeys$DataStream (ConfUtils.java:logGet(46)) - raft.netty.dataStream.host = null (default)
2023-08-29 18:55:08,657 [main] INFO  netty.NettyConfigKeys$DataStream (ConfUtils.java:logGet(46)) - raft.netty.dataStream.port = 15130 (custom)
2023-08-29 18:55:08,657 [main] INFO  server.RaftServerConfigKeys (ConfUtils.java:logGet(46)) - raft.server.threadpool.proxy.cached = true (default)
2023-08-29 18:55:08,658 [fe29ea50-ce7d-4d67-99db-5363b98f75df-NettyServerStreamRpc-bossGroup--thread1] INFO  logging.LoggingHandler (AbstractInternalLogger.java:log(148)) - [id: 0xf204bc5c] REGISTERED
2023-08-29 18:55:08,659 [main] INFO  server.RaftServerConfigKeys (ConfUtils.java:logGet(46)) - raft.server.threadpool.proxy.size = 0 (default)
2023-08-29 18:55:08,660 [main] INFO  server.RaftServerConfigKeys (ConfUtils.java:logGet(46)) - raft.server.rpc.slowness.timeout = 300s (custom)
2023-08-29 18:55:08,660 [main] INFO  server.RaftServerConfigKeys (ConfUtils.java:logGet(46)) - raft.server.leaderelection.leader.step-down.wait-time = 10s (default)
2023-08-29 18:55:08,660 [main] INFO  server.RaftServerConfigKeys (ConfUtils.java:logGet(46)) - raft.server.storage.dir = [/home/runner/work/ozone/ozone/hadoop-ozone/integration-test/target/test-dir/MiniOzoneClusterImpl-e121caef-2a4e-4b75-96a0-c968b96a6505/datanode-1/data/ratis] (custom)
2023-08-29 18:55:08,660 [fe29ea50-ce7d-4d67-99db-5363b98f75df-NettyServerStreamRpc-bossGroup--thread1] INFO  logging.LoggingHandler (AbstractInternalLogger.java:log(148)) - [id: 0xf204bc5c] BIND: 0.0.0.0/0.0.0.0:15130
2023-08-29 18:55:08,660 [fe29ea50-ce7d-4d67-99db-5363b98f75df-impl-thread1] INFO  server.RaftServer (RaftServerProxy.java:initGroupDir(258)) - fe29ea50-ce7d-4d67-99db-5363b98f75df: found a subdirectory /home/runner/work/ozone/ozone/hadoop-ozone/integration-test/target/test-dir/MiniOzoneClusterImpl-e121caef-2a4e-4b75-96a0-c968b96a6505/datanode-1/data/ratis/tmp
2023-08-29 18:55:08,660 [fe29ea50-ce7d-4d67-99db-5363b98f75df-impl-thread1] INFO  server.RaftServer (RaftServerProxy.java:initGroupDir(263)) - fe29ea50-ce7d-4d67-99db-5363b98f75df: The directory /home/runner/work/ozone/ozone/hadoop-ozone/integration-test/target/test-dir/MiniOzoneClusterImpl-e121caef-2a4e-4b75-96a0-c968b96a6505/datanode-1/data/ratis/tmp is not a group directory; ignoring it. 
2023-08-29 18:55:08,660 [fe29ea50-ce7d-4d67-99db-5363b98f75df-NettyServerStreamRpc-bossGroup--thread1] INFO  logging.LoggingHandler (AbstractInternalLogger.java:log(148)) - [id: 0xf204bc5c, L:/0:0:0:0:0:0:0:0:15130] ACTIVE
2023-08-29 18:55:08,660 [main] INFO  replication.ReplicationServer (ReplicationServer.java:<init>(81)) - Initializing replication server with thread count = 10
2023-08-29 18:55:08,661 [main] INFO  server.XceiverServerGrpc (XceiverServerGrpc.java:<init>(132)) - GrpcServer channel type EpollServerSocketChannel
2023-08-29 18:55:08,663 [main] INFO  replication.ReplicationSupervisor (ReplicationSupervisor.java:build(155)) - Initializing replication supervisor with thread count = 10
2023-08-29 18:55:08,663 [main] INFO  replication.ReplicationSupervisor (ReplicationSupervisor.java:nodeStateUpdated(307)) - Node state updated to IN_SERVICE, scaling executor pool size to 10
2023-08-29 18:55:08,664 [main] INFO  http.BaseHttpServer (BaseHttpServer.java:newHttpServer2BuilderForOzone(223)) - Starting Web-server for hddsDatanode at: http://0.0.0.0:15124
2023-08-29 18:55:08,664 [main] INFO  http.BaseHttpServer (BaseHttpServer.java:<init>(110)) - Hadoop Security Enabled: false Ozone Security Enabled: false Ozone HTTP Security Enabled: false 
2023-08-29 18:55:08,665 [main] WARN  server.AuthenticationFilter (AuthenticationFilter.java:constructSecretProvider(240)) - Unable to initialize FileSignerSecretProvider, falling back to use random secrets. Reason: Could not read signature secret file: /home/runner/hadoop-http-auth-signature-secret
2023-08-29 18:55:08,666 [main] INFO  http.HttpRequestLog (HttpRequestLog.java:getRequestLog(86)) - Http request log for http.requests.hddsDatanode is not defined
2023-08-29 18:55:08,667 [main] INFO  http.HttpServer2 (HttpServer2.java:addGlobalFilter(1031)) - Added global filter 'safety' (class=org.apache.hadoop.hdds.server.http.HttpServer2$QuotingInputFilter)
2023-08-29 18:55:08,667 [main] INFO  http.HttpServer2 (HttpServer2.java:addFilter(1007)) - Added filter static_user_filter (class=org.apache.hadoop.http.lib.StaticUserWebFilter$StaticUserFilter) to context hddsDatanode
2023-08-29 18:55:08,667 [main] INFO  http.HttpServer2 (HttpServer2.java:addFilter(1015)) - Added filter static_user_filter (class=org.apache.hadoop.http.lib.StaticUserWebFilter$StaticUserFilter) to context logs
2023-08-29 18:55:08,667 [main] INFO  http.HttpServer2 (HttpServer2.java:addFilter(1015)) - Added filter static_user_filter (class=org.apache.hadoop.http.lib.StaticUserWebFilter$StaticUserFilter) to context static
2023-08-29 18:55:08,668 [main] INFO  http.BaseHttpServer (BaseHttpServer.java:<init>(189)) - HTTP server of hddsDatanode uses base directory /home/runner/work/ozone/ozone/hadoop-ozone/integration-test/target/test-dir/MiniOzoneClusterImpl-e121caef-2a4e-4b75-96a0-c968b96a6505/datanode-1/meta/webserver
2023-08-29 18:55:08,668 [main] INFO  http.HttpServer2 (HttpServer2.java:bindListener(1231)) - Jetty bound to port 15124
2023-08-29 18:55:08,668 [main] INFO  server.Server (Server.java:doStart(375)) - jetty-9.4.51.v20230217; built: 2023-02-17T08:19:37.309Z; git: b45c405e4544384de066f814ed42ae3dceacdd49; jvm 1.8.0_382-b05
2023-08-29 18:55:08,669 [main] INFO  server.session (DefaultSessionIdManager.java:doStart(334)) - DefaultSessionIdManager workerName=node0
2023-08-29 18:55:08,669 [main] INFO  server.session (DefaultSessionIdManager.java:doStart(339)) - No SessionScavenger set, using defaults
2023-08-29 18:55:08,669 [main] INFO  server.session (HouseKeeper.java:startScavenging(132)) - node0 Scavenging every 600000ms
2023-08-29 18:55:08,670 [main] INFO  handler.ContextHandler (ContextHandler.java:doStart(921)) - Started o.e.j.s.ServletContextHandler@6a16220f{logs,/logs,file:///home/runner/work/ozone/ozone/hadoop-ozone/integration-test/target/log,AVAILABLE}
2023-08-29 18:55:08,670 [main] INFO  handler.ContextHandler (ContextHandler.java:doStart(921)) - Started o.e.j.s.ServletContextHandler@54f84573{static,/static,jar:file:/home/runner/.m2/repository/org/apache/ozone/hdds-container-service/1.4.0-SNAPSHOT/hdds-container-service-1.4.0-SNAPSHOT.jar!/webapps/static,AVAILABLE}
2023-08-29 18:55:08,857 [main] INFO  handler.ContextHandler (ContextHandler.java:doStart(921)) - Started o.e.j.w.WebAppContext@353a42ba{hddsDatanode,/,file:///home/runner/work/ozone/ozone/hadoop-ozone/integration-test/target/test-dir/MiniOzoneClusterImpl-e121caef-2a4e-4b75-96a0-c968b96a6505/datanode-1/meta/webserver/jetty-0_0_0_0-15124-hdds-container-service-1_4_0-SNAPSHOT_jar-_-any-964014763050992599/webapp/,AVAILABLE}{jar:file:/home/runner/.m2/repository/org/apache/ozone/hdds-container-service/1.4.0-SNAPSHOT/hdds-container-service-1.4.0-SNAPSHOT.jar!/webapps/hddsDatanode}
2023-08-29 18:55:08,861 [main] INFO  server.AbstractConnector (AbstractConnector.java:doStart(333)) - Started ServerConnector@2b9d52d5{HTTP/1.1, (http/1.1)}{0.0.0.0:15124}
2023-08-29 18:55:08,861 [main] INFO  server.Server (Server.java:doStart(415)) - Started @153417ms
2023-08-29 18:55:08,861 [main] WARN  impl.MetricsSystemImpl (MetricsSystemImpl.java:register(279)) - Sink prometheus already exists!
2023-08-29 18:55:08,862 [main] INFO  http.BaseHttpServer (BaseHttpServer.java:updateConnectorAddress(354)) - HTTP server of hddsDatanode listening at http://0.0.0.0:15124
2023-08-29 18:55:08,863 [main] INFO  ipc.CallQueueManager (CallQueueManager.java:<init>(90)) - Using callQueue: class java.util.concurrent.LinkedBlockingQueue, queueCapacity: 100, scheduler: class org.apache.hadoop.ipc.DefaultRpcScheduler, ipcBackoff: false.
2023-08-29 18:55:08,863 [main] INFO  ipc.Server (Server.java:<init>(1287)) - Listener at 0.0.0.0:15125
2023-08-29 18:55:08,864 [Socket Reader #1 for port 15125] INFO  ipc.Server (Server.java:run(1323)) - Starting Socket Reader #1 for port 15125
2023-08-29 18:55:08,874 [main] INFO  ozone.HddsDatanodeService (HddsDatanodeService.java:start(315)) - Datanode start with admins: [runner]
2023-08-29 18:55:08,874 [main] INFO  ozone.HddsDatanodeClientProtocolServer (HddsDatanodeClientProtocolServer.java:start(72)) - RPC server for Client /0.0.0.0:15125
2023-08-29 18:55:08,874 [IPC Server Responder] INFO  ipc.Server (Server.java:run(1562)) - IPC Server Responder: starting
2023-08-29 18:55:08,875 [Datanode State Machine Daemon Thread] INFO  statemachine.DatanodeStateMachine (DatanodeStateMachine.java:lambda$startDaemon$0(538)) - Ozone container server started.
2023-08-29 18:55:08,874 [IPC Server listener on 15125] INFO  ipc.Server (Server.java:run(1402)) - IPC Server listener on 15125: starting
2023-08-29 18:55:08,874 [main] WARN  impl.MetricRegistriesImpl (MetricRegistriesImpl.java:addReporterRegistration(111)) - New reporters are added after registries were created. Some metrics will be missing from the reporter. Please add reporter before adding any new registry.
2023-08-29 18:55:08,877 [main] WARN  impl.MetricRegistriesImpl (MetricRegistriesImpl.java:addReporterRegistration(111)) - New reporters are added after registries were created. Some metrics will be missing from the reporter. Please add reporter before adding any new registry.
2023-08-29 18:55:08,877 [main] INFO  impl.MetricsSystemImpl (MetricsSystemImpl.java:init(158)) - HddsDatanode metrics system started (again)
2023-08-29 18:55:08,900 [main] INFO  ozone.HddsDatanodeService (HddsDatanodeService.java:start(237)) - HddsDatanodeService host:fv-az225-157.hxhba2eg53duheooqg2bzplbvd.bx.internal.cloudapp.net ip:10.1.0.239
2023-08-29 18:55:08,906 [Datanode State Machine Task Thread - 0] INFO  datanode.InitDatanodeState (InitDatanodeState.java:persistContainerDatanodeDetails(138)) - DatanodeDetails is persisted to /home/runner/work/ozone/ozone/hadoop-ozone/integration-test/target/test-dir/MiniOzoneClusterImpl-e121caef-2a4e-4b75-96a0-c968b96a6505/datanode-1/meta/datanode.id
2023-08-29 18:55:08,922 [main] INFO  upgrade.AbstractLayoutVersionManager (AbstractLayoutVersionManager.java:init(83)) - Initializing Layout version manager with metadata layout = HADOOP_PRC_PORTS_IN_DATANODEDETAILS (version = 7), software layout = HADOOP_PRC_PORTS_IN_DATANODEDETAILS (version = 7)
2023-08-29 18:55:08,924 [main] INFO  statemachine.DatanodeStateMachine (DatanodeStateMachine.java:getEndPointTaskThreadPoolSize(282)) - Datanode State Machine Task Thread Pool size 2
2023-08-29 18:55:08,925 [main] INFO  volume.HddsVolume (HddsVolume.java:<init>(126)) - Creating HddsVolume: /home/runner/work/ozone/ozone/hadoop-ozone/integration-test/target/test-dir/MiniOzoneClusterImpl-e121caef-2a4e-4b75-96a0-c968b96a6505/datanode-2/data-0/containers/hdds of storage type : DISK capacity : 9223372036854775807
2023-08-29 18:55:08,925 [main] INFO  volume.MutableVolumeSet (MutableVolumeSet.java:initializeVolumeSet(173)) - Added Volume : /home/runner/work/ozone/ozone/hadoop-ozone/integration-test/target/test-dir/MiniOzoneClusterImpl-e121caef-2a4e-4b75-96a0-c968b96a6505/datanode-2/data-0/containers/hdds to VolumeSet
2023-08-29 18:55:08,926 [main] INFO  volume.MutableVolumeSet (MutableVolumeSet.java:initializeVolumeSet(173)) - Added Volume : /home/runner/work/ozone/ozone/hadoop-ozone/integration-test/target/test-dir/MiniOzoneClusterImpl-e121caef-2a4e-4b75-96a0-c968b96a6505/datanode-2/data/ratis to VolumeSet
2023-08-29 18:55:08,926 [Thread-1342] INFO  ozoneimpl.ContainerReader (ContainerReader.java:readVolume(177)) - Finish verifying containers on volume /home/runner/work/ozone/ozone/hadoop-ozone/integration-test/target/test-dir/MiniOzoneClusterImpl-e121caef-2a4e-4b75-96a0-c968b96a6505/datanode-2/data-0/containers/hdds
2023-08-29 18:55:08,926 [main] INFO  ozoneimpl.OzoneContainer (OzoneContainer.java:buildContainerSet(314)) - Build ContainerSet costs 0s
2023-08-29 18:55:08,928 [main] INFO  server.RaftServer (ConfUtils.java:logGet(46)) - raft.rpc.type = GRPC (default)
2023-08-29 18:55:08,928 [main] INFO  grpc.GrpcConfigKeys (ConfUtils.java:logFallback(53)) - raft.grpc.admin.host = null (fallback to raft.grpc.server.host)
2023-08-29 18:55:08,928 [main] INFO  grpc.GrpcConfigKeys (ConfUtils.java:logGet(46)) - raft.grpc.admin.port = 15137 (custom)
2023-08-29 18:55:08,928 [main] INFO  grpc.GrpcConfigKeys (ConfUtils.java:logFallback(53)) - raft.grpc.client.host = null (fallback to raft.grpc.server.host)
2023-08-29 18:55:08,928 [main] INFO  grpc.GrpcConfigKeys (ConfUtils.java:logGet(46)) - raft.grpc.client.port = 15136 (custom)
2023-08-29 18:55:08,929 [main] INFO  grpc.GrpcConfigKeys (ConfUtils.java:logGet(46)) - raft.grpc.server.host = null (default)
2023-08-29 18:55:08,929 [main] INFO  grpc.GrpcConfigKeys (ConfUtils.java:logGet(46)) - raft.grpc.server.port = 15138 (custom)
2023-08-29 18:55:08,929 [main] INFO  server.GrpcService (ConfUtils.java:logGet(46)) - raft.grpc.message.size.max = 32MB (=33554432) (custom)
2023-08-29 18:55:08,929 [main] INFO  server.RaftServerConfigKeys (ConfUtils.java:logGet(46)) - raft.server.log.appender.buffer.byte-limit = 33554432 (custom)
2023-08-29 18:55:08,929 [main] INFO  server.GrpcService (ConfUtils.java:logGet(46)) - raft.grpc.flow.control.window = 5MB (=5242880) (custom)
2023-08-29 18:55:08,929 [main] INFO  server.RaftServerConfigKeys (ConfUtils.java:logGet(46)) - raft.server.rpc.request.timeout = 60s (custom)
2023-08-29 18:55:08,929 [main] INFO  grpc.GrpcConfigKeys (ConfUtils.java:logGet(46)) - raft.grpc.server.heartbeat.channel = true (default)
2023-08-29 18:55:08,929 [main] INFO  grpc.GrpcConfigKeys (ConfUtils.java:logGet(46)) - raft.grpc.server.async.request.thread.pool.cached = true (default)
2023-08-29 18:55:08,929 [main] INFO  grpc.GrpcConfigKeys (ConfUtils.java:logGet(46)) - raft.grpc.server.async.request.thread.pool.size = 32 (default)
2023-08-29 18:55:08,932 [main] INFO  impl.DataStreamServerImpl (ConfUtils.java:logGet(46)) - raft.datastream.type = NETTY (custom)
2023-08-29 18:55:08,932 [main] INFO  server.RaftServerConfigKeys (ConfUtils.java:logGet(46)) - raft.server.data-stream.async.request.thread.pool.cached = false (default)
2023-08-29 18:55:08,932 [main] INFO  server.RaftServerConfigKeys (ConfUtils.java:logGet(46)) - raft.server.data-stream.async.request.thread.pool.size = 20 (custom)
2023-08-29 18:55:08,932 [main] INFO  server.RaftServerConfigKeys (ConfUtils.java:logGet(46)) - raft.server.data-stream.async.write.thread.pool.size = 16 (default)
2023-08-29 18:55:08,932 [main] INFO  server.RaftServerConfigKeys (ConfUtils.java:logGet(46)) - raft.server.data-stream.client.pool.size = 10 (default)
2023-08-29 18:55:08,932 [main] INFO  netty.NettyConfigKeys$DataStream (ConfUtils.java:logGet(46)) - raft.netty.dataStream.server.use-epoll = false (default)
2023-08-29 18:55:08,933 [main] INFO  netty.NettyConfigKeys$DataStream (ConfUtils.java:logGet(46)) - raft.netty.dataStream.server.boss-group.size = 0 (default)
2023-08-29 18:55:08,933 [main] INFO  netty.NettyConfigKeys$DataStream (ConfUtils.java:logGet(46)) - raft.netty.dataStream.server.worker-group.size = 0 (default)
2023-08-29 18:55:08,933 [main] INFO  netty.NettyConfigKeys$DataStream (ConfUtils.java:logGet(46)) - raft.netty.dataStream.server.tls.conf = null (default)
2023-08-29 18:55:08,933 [main] INFO  netty.NettyConfigKeys$DataStream (ConfUtils.java:logGet(46)) - raft.netty.dataStream.host = null (default)
2023-08-29 18:55:08,933 [main] INFO  netty.NettyConfigKeys$DataStream (ConfUtils.java:logGet(46)) - raft.netty.dataStream.port = 15139 (custom)
2023-08-29 18:55:08,934 [main] INFO  server.RaftServerConfigKeys (ConfUtils.java:logGet(46)) - raft.server.threadpool.proxy.cached = true (default)
2023-08-29 18:55:08,934 [main] INFO  server.RaftServerConfigKeys (ConfUtils.java:logGet(46)) - raft.server.threadpool.proxy.size = 0 (default)
2023-08-29 18:55:08,934 [2eaf327d-c8aa-4b69-9e65-db94832273b8-NettyServerStreamRpc-bossGroup--thread1] INFO  logging.LoggingHandler (AbstractInternalLogger.java:log(148)) - [id: 0x9a502691] REGISTERED
2023-08-29 18:55:08,934 [main] INFO  server.RaftServerConfigKeys (ConfUtils.java:logGet(46)) - raft.server.rpc.slowness.timeout = 300s (custom)
2023-08-29 18:55:08,935 [main] INFO  server.RaftServerConfigKeys (ConfUtils.java:logGet(46)) - raft.server.leaderelection.leader.step-down.wait-time = 10s (default)
2023-08-29 18:55:08,935 [2eaf327d-c8aa-4b69-9e65-db94832273b8-NettyServerStreamRpc-bossGroup--thread1] INFO  logging.LoggingHandler (AbstractInternalLogger.java:log(148)) - [id: 0x9a502691] BIND: 0.0.0.0/0.0.0.0:15139
2023-08-29 18:55:08,936 [main] INFO  server.RaftServerConfigKeys (ConfUtils.java:logGet(46)) - raft.server.storage.dir = [/home/runner/work/ozone/ozone/hadoop-ozone/integration-test/target/test-dir/MiniOzoneClusterImpl-e121caef-2a4e-4b75-96a0-c968b96a6505/datanode-2/data/ratis] (custom)
2023-08-29 18:55:08,936 [2eaf327d-c8aa-4b69-9e65-db94832273b8-NettyServerStreamRpc-bossGroup--thread1] INFO  logging.LoggingHandler (AbstractInternalLogger.java:log(148)) - [id: 0x9a502691, L:/0:0:0:0:0:0:0:0:15139] ACTIVE
2023-08-29 18:55:08,936 [2eaf327d-c8aa-4b69-9e65-db94832273b8-impl-thread1] INFO  server.RaftServer (RaftServerProxy.java:initGroupDir(258)) - 2eaf327d-c8aa-4b69-9e65-db94832273b8: found a subdirectory /home/runner/work/ozone/ozone/hadoop-ozone/integration-test/target/test-dir/MiniOzoneClusterImpl-e121caef-2a4e-4b75-96a0-c968b96a6505/datanode-2/data/ratis/tmp
2023-08-29 18:55:08,936 [2eaf327d-c8aa-4b69-9e65-db94832273b8-impl-thread1] INFO  server.RaftServer (RaftServerProxy.java:initGroupDir(263)) - 2eaf327d-c8aa-4b69-9e65-db94832273b8: The directory /home/runner/work/ozone/ozone/hadoop-ozone/integration-test/target/test-dir/MiniOzoneClusterImpl-e121caef-2a4e-4b75-96a0-c968b96a6505/datanode-2/data/ratis/tmp is not a group directory; ignoring it. 
2023-08-29 18:55:08,936 [main] INFO  replication.ReplicationServer (ReplicationServer.java:<init>(81)) - Initializing replication server with thread count = 10
2023-08-29 18:55:08,937 [main] INFO  server.XceiverServerGrpc (XceiverServerGrpc.java:<init>(132)) - GrpcServer channel type EpollServerSocketChannel
2023-08-29 18:55:08,938 [main] INFO  replication.ReplicationSupervisor (ReplicationSupervisor.java:build(155)) - Initializing replication supervisor with thread count = 10
2023-08-29 18:55:08,938 [main] INFO  replication.ReplicationSupervisor (ReplicationSupervisor.java:nodeStateUpdated(307)) - Node state updated to IN_SERVICE, scaling executor pool size to 10
2023-08-29 18:55:08,941 [main] INFO  http.BaseHttpServer (BaseHttpServer.java:newHttpServer2BuilderForOzone(223)) - Starting Web-server for hddsDatanode at: http://0.0.0.0:15133
2023-08-29 18:55:08,941 [main] INFO  http.BaseHttpServer (BaseHttpServer.java:<init>(110)) - Hadoop Security Enabled: false Ozone Security Enabled: false Ozone HTTP Security Enabled: false 
2023-08-29 18:55:08,942 [main] WARN  server.AuthenticationFilter (AuthenticationFilter.java:constructSecretProvider(240)) - Unable to initialize FileSignerSecretProvider, falling back to use random secrets. Reason: Could not read signature secret file: /home/runner/hadoop-http-auth-signature-secret
2023-08-29 18:55:08,944 [main] INFO  http.HttpRequestLog (HttpRequestLog.java:getRequestLog(86)) - Http request log for http.requests.hddsDatanode is not defined
2023-08-29 18:55:08,945 [main] INFO  http.HttpServer2 (HttpServer2.java:addGlobalFilter(1031)) - Added global filter 'safety' (class=org.apache.hadoop.hdds.server.http.HttpServer2$QuotingInputFilter)
2023-08-29 18:55:08,945 [main] INFO  http.HttpServer2 (HttpServer2.java:addFilter(1007)) - Added filter static_user_filter (class=org.apache.hadoop.http.lib.StaticUserWebFilter$StaticUserFilter) to context hddsDatanode
2023-08-29 18:55:08,945 [main] INFO  http.HttpServer2 (HttpServer2.java:addFilter(1015)) - Added filter static_user_filter (class=org.apache.hadoop.http.lib.StaticUserWebFilter$StaticUserFilter) to context logs
2023-08-29 18:55:08,946 [main] INFO  http.HttpServer2 (HttpServer2.java:addFilter(1015)) - Added filter static_user_filter (class=org.apache.hadoop.http.lib.StaticUserWebFilter$StaticUserFilter) to context static
2023-08-29 18:55:08,946 [main] INFO  http.BaseHttpServer (BaseHttpServer.java:<init>(189)) - HTTP server of hddsDatanode uses base directory /home/runner/work/ozone/ozone/hadoop-ozone/integration-test/target/test-dir/MiniOzoneClusterImpl-e121caef-2a4e-4b75-96a0-c968b96a6505/datanode-2/meta/webserver
2023-08-29 18:55:08,946 [main] INFO  http.HttpServer2 (HttpServer2.java:bindListener(1231)) - Jetty bound to port 15133
2023-08-29 18:55:08,948 [main] INFO  server.Server (Server.java:doStart(375)) - jetty-9.4.51.v20230217; built: 2023-02-17T08:19:37.309Z; git: b45c405e4544384de066f814ed42ae3dceacdd49; jvm 1.8.0_382-b05
2023-08-29 18:55:08,950 [main] INFO  server.session (DefaultSessionIdManager.java:doStart(334)) - DefaultSessionIdManager workerName=node0
2023-08-29 18:55:08,950 [main] INFO  server.session (DefaultSessionIdManager.java:doStart(339)) - No SessionScavenger set, using defaults
2023-08-29 18:55:08,951 [main] INFO  server.session (HouseKeeper.java:startScavenging(132)) - node0 Scavenging every 600000ms
2023-08-29 18:55:08,951 [main] INFO  handler.ContextHandler (ContextHandler.java:doStart(921)) - Started o.e.j.s.ServletContextHandler@26105844{logs,/logs,file:///home/runner/work/ozone/ozone/hadoop-ozone/integration-test/target/log,AVAILABLE}
2023-08-29 18:55:08,952 [main] INFO  handler.ContextHandler (ContextHandler.java:doStart(921)) - Started o.e.j.s.ServletContextHandler@7f87b323{static,/static,jar:file:/home/runner/.m2/repository/org/apache/ozone/hdds-container-service/1.4.0-SNAPSHOT/hdds-container-service-1.4.0-SNAPSHOT.jar!/webapps/static,AVAILABLE}
2023-08-29 18:55:09,152 [main] INFO  handler.ContextHandler (ContextHandler.java:doStart(921)) - Started o.e.j.w.WebAppContext@11405ed0{hddsDatanode,/,file:///home/runner/work/ozone/ozone/hadoop-ozone/integration-test/target/test-dir/MiniOzoneClusterImpl-e121caef-2a4e-4b75-96a0-c968b96a6505/datanode-2/meta/webserver/jetty-0_0_0_0-15133-hdds-container-service-1_4_0-SNAPSHOT_jar-_-any-7706173248410102313/webapp/,AVAILABLE}{jar:file:/home/runner/.m2/repository/org/apache/ozone/hdds-container-service/1.4.0-SNAPSHOT/hdds-container-service-1.4.0-SNAPSHOT.jar!/webapps/hddsDatanode}
2023-08-29 18:55:09,155 [main] INFO  server.AbstractConnector (AbstractConnector.java:doStart(333)) - Started ServerConnector@227b27d8{HTTP/1.1, (http/1.1)}{0.0.0.0:15133}
2023-08-29 18:55:09,156 [main] INFO  server.Server (Server.java:doStart(415)) - Started @153712ms
2023-08-29 18:55:09,156 [main] WARN  impl.MetricsSystemImpl (MetricsSystemImpl.java:register(279)) - Sink prometheus already exists!
2023-08-29 18:55:09,157 [main] INFO  http.BaseHttpServer (BaseHttpServer.java:updateConnectorAddress(354)) - HTTP server of hddsDatanode listening at http://0.0.0.0:15133
2023-08-29 18:55:09,158 [main] INFO  ipc.CallQueueManager (CallQueueManager.java:<init>(90)) - Using callQueue: class java.util.concurrent.LinkedBlockingQueue, queueCapacity: 100, scheduler: class org.apache.hadoop.ipc.DefaultRpcScheduler, ipcBackoff: false.
2023-08-29 18:55:09,158 [main] INFO  ipc.Server (Server.java:<init>(1287)) - Listener at 0.0.0.0:15134
2023-08-29 18:55:09,158 [Socket Reader #1 for port 15134] INFO  ipc.Server (Server.java:run(1323)) - Starting Socket Reader #1 for port 15134
2023-08-29 18:55:09,169 [main] INFO  ozone.HddsDatanodeService (HddsDatanodeService.java:start(315)) - Datanode start with admins: [runner]
2023-08-29 18:55:09,169 [main] INFO  ozone.HddsDatanodeClientProtocolServer (HddsDatanodeClientProtocolServer.java:start(72)) - RPC server for Client /0.0.0.0:15134
2023-08-29 18:55:09,170 [IPC Server Responder] INFO  ipc.Server (Server.java:run(1562)) - IPC Server Responder: starting
2023-08-29 18:55:09,170 [IPC Server listener on 15134] INFO  ipc.Server (Server.java:run(1402)) - IPC Server listener on 15134: starting
2023-08-29 18:55:09,172 [main] WARN  impl.MetricRegistriesImpl (MetricRegistriesImpl.java:addReporterRegistration(111)) - New reporters are added after registries were created. Some metrics will be missing from the reporter. Please add reporter before adding any new registry.
2023-08-29 18:55:09,172 [main] WARN  impl.MetricRegistriesImpl (MetricRegistriesImpl.java:addReporterRegistration(111)) - New reporters are added after registries were created. Some metrics will be missing from the reporter. Please add reporter before adding any new registry.
2023-08-29 18:55:09,172 [main] INFO  impl.MetricsSystemImpl (MetricsSystemImpl.java:init(158)) - HddsDatanode metrics system started (again)
2023-08-29 18:55:09,176 [Datanode State Machine Daemon Thread] INFO  statemachine.DatanodeStateMachine (DatanodeStateMachine.java:lambda$startDaemon$0(538)) - Ozone container server started.
2023-08-29 18:55:09,185 [main] INFO  ozone.HddsDatanodeService (HddsDatanodeService.java:start(237)) - HddsDatanodeService host:fv-az225-157.hxhba2eg53duheooqg2bzplbvd.bx.internal.cloudapp.net ip:10.1.0.239
2023-08-29 18:55:09,187 [Datanode State Machine Task Thread - 0] INFO  datanode.InitDatanodeState (InitDatanodeState.java:persistContainerDatanodeDetails(138)) - DatanodeDetails is persisted to /home/runner/work/ozone/ozone/hadoop-ozone/integration-test/target/test-dir/MiniOzoneClusterImpl-e121caef-2a4e-4b75-96a0-c968b96a6505/datanode-2/meta/datanode.id
2023-08-29 18:55:09,202 [main] INFO  upgrade.AbstractLayoutVersionManager (AbstractLayoutVersionManager.java:init(83)) - Initializing Layout version manager with metadata layout = HADOOP_PRC_PORTS_IN_DATANODEDETAILS (version = 7), software layout = HADOOP_PRC_PORTS_IN_DATANODEDETAILS (version = 7)
2023-08-29 18:55:09,202 [main] INFO  statemachine.DatanodeStateMachine (DatanodeStateMachine.java:getEndPointTaskThreadPoolSize(282)) - Datanode State Machine Task Thread Pool size 2
2023-08-29 18:55:09,203 [main] INFO  volume.HddsVolume (HddsVolume.java:<init>(126)) - Creating HddsVolume: /home/runner/work/ozone/ozone/hadoop-ozone/integration-test/target/test-dir/MiniOzoneClusterImpl-e121caef-2a4e-4b75-96a0-c968b96a6505/datanode-3/data-0/containers/hdds of storage type : DISK capacity : 9223372036854775807
2023-08-29 18:55:09,203 [main] INFO  volume.MutableVolumeSet (MutableVolumeSet.java:initializeVolumeSet(173)) - Added Volume : /home/runner/work/ozone/ozone/hadoop-ozone/integration-test/target/test-dir/MiniOzoneClusterImpl-e121caef-2a4e-4b75-96a0-c968b96a6505/datanode-3/data-0/containers/hdds to VolumeSet
2023-08-29 18:55:09,206 [main] INFO  volume.MutableVolumeSet (MutableVolumeSet.java:initializeVolumeSet(173)) - Added Volume : /home/runner/work/ozone/ozone/hadoop-ozone/integration-test/target/test-dir/MiniOzoneClusterImpl-e121caef-2a4e-4b75-96a0-c968b96a6505/datanode-3/data/ratis to VolumeSet
2023-08-29 18:55:09,206 [Thread-1359] INFO  ozoneimpl.ContainerReader (ContainerReader.java:readVolume(177)) - Finish verifying containers on volume /home/runner/work/ozone/ozone/hadoop-ozone/integration-test/target/test-dir/MiniOzoneClusterImpl-e121caef-2a4e-4b75-96a0-c968b96a6505/datanode-3/data-0/containers/hdds
2023-08-29 18:55:09,206 [main] INFO  ozoneimpl.OzoneContainer (OzoneContainer.java:buildContainerSet(314)) - Build ContainerSet costs 0s
2023-08-29 18:55:09,209 [main] INFO  server.RaftServer (ConfUtils.java:logGet(46)) - raft.rpc.type = GRPC (default)
2023-08-29 18:55:09,209 [main] INFO  grpc.GrpcConfigKeys (ConfUtils.java:logFallback(53)) - raft.grpc.admin.host = null (fallback to raft.grpc.server.host)
2023-08-29 18:55:09,209 [main] INFO  grpc.GrpcConfigKeys (ConfUtils.java:logGet(46)) - raft.grpc.admin.port = 15146 (custom)
2023-08-29 18:55:09,209 [main] INFO  grpc.GrpcConfigKeys (ConfUtils.java:logFallback(53)) - raft.grpc.client.host = null (fallback to raft.grpc.server.host)
2023-08-29 18:55:09,209 [main] INFO  grpc.GrpcConfigKeys (ConfUtils.java:logGet(46)) - raft.grpc.client.port = 15145 (custom)
2023-08-29 18:55:09,209 [main] INFO  grpc.GrpcConfigKeys (ConfUtils.java:logGet(46)) - raft.grpc.server.host = null (default)
2023-08-29 18:55:09,209 [main] INFO  grpc.GrpcConfigKeys (ConfUtils.java:logGet(46)) - raft.grpc.server.port = 15147 (custom)
2023-08-29 18:55:09,210 [main] INFO  server.GrpcService (ConfUtils.java:logGet(46)) - raft.grpc.message.size.max = 32MB (=33554432) (custom)
2023-08-29 18:55:09,210 [main] INFO  server.RaftServerConfigKeys (ConfUtils.java:logGet(46)) - raft.server.log.appender.buffer.byte-limit = 33554432 (custom)
2023-08-29 18:55:09,210 [main] INFO  server.GrpcService (ConfUtils.java:logGet(46)) - raft.grpc.flow.control.window = 5MB (=5242880) (custom)
2023-08-29 18:55:09,210 [main] INFO  server.RaftServerConfigKeys (ConfUtils.java:logGet(46)) - raft.server.rpc.request.timeout = 60s (custom)
2023-08-29 18:55:09,210 [main] INFO  grpc.GrpcConfigKeys (ConfUtils.java:logGet(46)) - raft.grpc.server.heartbeat.channel = true (default)
2023-08-29 18:55:09,210 [main] INFO  grpc.GrpcConfigKeys (ConfUtils.java:logGet(46)) - raft.grpc.server.async.request.thread.pool.cached = true (default)
2023-08-29 18:55:09,210 [main] INFO  grpc.GrpcConfigKeys (ConfUtils.java:logGet(46)) - raft.grpc.server.async.request.thread.pool.size = 32 (default)
2023-08-29 18:55:09,213 [main] INFO  impl.DataStreamServerImpl (ConfUtils.java:logGet(46)) - raft.datastream.type = NETTY (custom)
2023-08-29 18:55:09,213 [main] INFO  server.RaftServerConfigKeys (ConfUtils.java:logGet(46)) - raft.server.data-stream.async.request.thread.pool.cached = false (default)
2023-08-29 18:55:09,213 [main] INFO  server.RaftServerConfigKeys (ConfUtils.java:logGet(46)) - raft.server.data-stream.async.request.thread.pool.size = 20 (custom)
2023-08-29 18:55:09,213 [main] INFO  server.RaftServerConfigKeys (ConfUtils.java:logGet(46)) - raft.server.data-stream.async.write.thread.pool.size = 16 (default)
2023-08-29 18:55:09,213 [main] INFO  server.RaftServerConfigKeys (ConfUtils.java:logGet(46)) - raft.server.data-stream.client.pool.size = 10 (default)
2023-08-29 18:55:09,213 [main] INFO  netty.NettyConfigKeys$DataStream (ConfUtils.java:logGet(46)) - raft.netty.dataStream.server.use-epoll = false (default)
2023-08-29 18:55:09,213 [main] INFO  netty.NettyConfigKeys$DataStream (ConfUtils.java:logGet(46)) - raft.netty.dataStream.server.boss-group.size = 0 (default)
2023-08-29 18:55:09,215 [main] INFO  netty.NettyConfigKeys$DataStream (ConfUtils.java:logGet(46)) - raft.netty.dataStream.server.worker-group.size = 0 (default)
2023-08-29 18:55:09,215 [main] INFO  netty.NettyConfigKeys$DataStream (ConfUtils.java:logGet(46)) - raft.netty.dataStream.server.tls.conf = null (default)
2023-08-29 18:55:09,215 [main] INFO  netty.NettyConfigKeys$DataStream (ConfUtils.java:logGet(46)) - raft.netty.dataStream.host = null (default)
2023-08-29 18:55:09,215 [main] INFO  netty.NettyConfigKeys$DataStream (ConfUtils.java:logGet(46)) - raft.netty.dataStream.port = 15148 (custom)
2023-08-29 18:55:09,216 [main] INFO  server.RaftServerConfigKeys (ConfUtils.java:logGet(46)) - raft.server.threadpool.proxy.cached = true (default)
2023-08-29 18:55:09,216 [main] INFO  server.RaftServerConfigKeys (ConfUtils.java:logGet(46)) - raft.server.threadpool.proxy.size = 0 (default)
2023-08-29 18:55:09,216 [main] INFO  server.RaftServerConfigKeys (ConfUtils.java:logGet(46)) - raft.server.rpc.slowness.timeout = 300s (custom)
2023-08-29 18:55:09,216 [main] INFO  server.RaftServerConfigKeys (ConfUtils.java:logGet(46)) - raft.server.leaderelection.leader.step-down.wait-time = 10s (default)
2023-08-29 18:55:09,216 [main] INFO  server.RaftServerConfigKeys (ConfUtils.java:logGet(46)) - raft.server.storage.dir = [/home/runner/work/ozone/ozone/hadoop-ozone/integration-test/target/test-dir/MiniOzoneClusterImpl-e121caef-2a4e-4b75-96a0-c968b96a6505/datanode-3/data/ratis] (custom)
2023-08-29 18:55:09,216 [f550e702-abe2-49cd-8ff2-4b2ec6b34c67-impl-thread1] INFO  server.RaftServer (RaftServerProxy.java:initGroupDir(258)) - f550e702-abe2-49cd-8ff2-4b2ec6b34c67: found a subdirectory /home/runner/work/ozone/ozone/hadoop-ozone/integration-test/target/test-dir/MiniOzoneClusterImpl-e121caef-2a4e-4b75-96a0-c968b96a6505/datanode-3/data/ratis/tmp
2023-08-29 18:55:09,217 [f550e702-abe2-49cd-8ff2-4b2ec6b34c67-impl-thread1] INFO  server.RaftServer (RaftServerProxy.java:initGroupDir(263)) - f550e702-abe2-49cd-8ff2-4b2ec6b34c67: The directory /home/runner/work/ozone/ozone/hadoop-ozone/integration-test/target/test-dir/MiniOzoneClusterImpl-e121caef-2a4e-4b75-96a0-c968b96a6505/datanode-3/data/ratis/tmp is not a group directory; ignoring it. 
2023-08-29 18:55:09,217 [main] INFO  replication.ReplicationServer (ReplicationServer.java:<init>(81)) - Initializing replication server with thread count = 10
2023-08-29 18:55:09,218 [main] INFO  server.XceiverServerGrpc (XceiverServerGrpc.java:<init>(132)) - GrpcServer channel type EpollServerSocketChannel
2023-08-29 18:55:09,219 [main] INFO  replication.ReplicationSupervisor (ReplicationSupervisor.java:build(155)) - Initializing replication supervisor with thread count = 10
2023-08-29 18:55:09,219 [main] INFO  replication.ReplicationSupervisor (ReplicationSupervisor.java:nodeStateUpdated(307)) - Node state updated to IN_SERVICE, scaling executor pool size to 10
2023-08-29 18:55:09,221 [f550e702-abe2-49cd-8ff2-4b2ec6b34c67-NettyServerStreamRpc-bossGroup--thread1] INFO  logging.LoggingHandler (AbstractInternalLogger.java:log(148)) - [id: 0xed26b213] REGISTERED
2023-08-29 18:55:09,221 [f550e702-abe2-49cd-8ff2-4b2ec6b34c67-NettyServerStreamRpc-bossGroup--thread1] INFO  logging.LoggingHandler (AbstractInternalLogger.java:log(148)) - [id: 0xed26b213] BIND: 0.0.0.0/0.0.0.0:15148
2023-08-29 18:55:09,221 [f550e702-abe2-49cd-8ff2-4b2ec6b34c67-NettyServerStreamRpc-bossGroup--thread1] INFO  logging.LoggingHandler (AbstractInternalLogger.java:log(148)) - [id: 0xed26b213, L:/0:0:0:0:0:0:0:0:15148] ACTIVE
2023-08-29 18:55:09,225 [main] INFO  http.BaseHttpServer (BaseHttpServer.java:newHttpServer2BuilderForOzone(223)) - Starting Web-server for hddsDatanode at: http://0.0.0.0:15142
2023-08-29 18:55:09,225 [main] INFO  http.BaseHttpServer (BaseHttpServer.java:<init>(110)) - Hadoop Security Enabled: false Ozone Security Enabled: false Ozone HTTP Security Enabled: false 
2023-08-29 18:55:09,231 [main] WARN  server.AuthenticationFilter (AuthenticationFilter.java:constructSecretProvider(240)) - Unable to initialize FileSignerSecretProvider, falling back to use random secrets. Reason: Could not read signature secret file: /home/runner/hadoop-http-auth-signature-secret
2023-08-29 18:55:09,231 [main] INFO  http.HttpRequestLog (HttpRequestLog.java:getRequestLog(86)) - Http request log for http.requests.hddsDatanode is not defined
2023-08-29 18:55:09,232 [main] INFO  http.HttpServer2 (HttpServer2.java:addGlobalFilter(1031)) - Added global filter 'safety' (class=org.apache.hadoop.hdds.server.http.HttpServer2$QuotingInputFilter)
2023-08-29 18:55:09,233 [main] INFO  http.HttpServer2 (HttpServer2.java:addFilter(1007)) - Added filter static_user_filter (class=org.apache.hadoop.http.lib.StaticUserWebFilter$StaticUserFilter) to context hddsDatanode
2023-08-29 18:55:09,233 [main] INFO  http.HttpServer2 (HttpServer2.java:addFilter(1015)) - Added filter static_user_filter (class=org.apache.hadoop.http.lib.StaticUserWebFilter$StaticUserFilter) to context logs
2023-08-29 18:55:09,233 [main] INFO  http.HttpServer2 (HttpServer2.java:addFilter(1015)) - Added filter static_user_filter (class=org.apache.hadoop.http.lib.StaticUserWebFilter$StaticUserFilter) to context static
2023-08-29 18:55:09,233 [main] INFO  http.BaseHttpServer (BaseHttpServer.java:<init>(189)) - HTTP server of hddsDatanode uses base directory /home/runner/work/ozone/ozone/hadoop-ozone/integration-test/target/test-dir/MiniOzoneClusterImpl-e121caef-2a4e-4b75-96a0-c968b96a6505/datanode-3/meta/webserver
2023-08-29 18:55:09,234 [main] INFO  http.HttpServer2 (HttpServer2.java:bindListener(1231)) - Jetty bound to port 15142
2023-08-29 18:55:09,234 [main] INFO  server.Server (Server.java:doStart(375)) - jetty-9.4.51.v20230217; built: 2023-02-17T08:19:37.309Z; git: b45c405e4544384de066f814ed42ae3dceacdd49; jvm 1.8.0_382-b05
2023-08-29 18:55:09,236 [main] INFO  server.session (DefaultSessionIdManager.java:doStart(334)) - DefaultSessionIdManager workerName=node0
2023-08-29 18:55:09,236 [main] INFO  server.session (DefaultSessionIdManager.java:doStart(339)) - No SessionScavenger set, using defaults
2023-08-29 18:55:09,241 [main] INFO  server.session (HouseKeeper.java:startScavenging(132)) - node0 Scavenging every 660000ms
2023-08-29 18:55:09,242 [main] INFO  handler.ContextHandler (ContextHandler.java:doStart(921)) - Started o.e.j.s.ServletContextHandler@47331810{logs,/logs,file:///home/runner/work/ozone/ozone/hadoop-ozone/integration-test/target/log,AVAILABLE}
2023-08-29 18:55:09,242 [main] INFO  handler.ContextHandler (ContextHandler.java:doStart(921)) - Started o.e.j.s.ServletContextHandler@78332334{static,/static,jar:file:/home/runner/.m2/repository/org/apache/ozone/hdds-container-service/1.4.0-SNAPSHOT/hdds-container-service-1.4.0-SNAPSHOT.jar!/webapps/static,AVAILABLE}
2023-08-29 18:55:09,299 [om1@group-C5BA1605619E-FollowerState] INFO  impl.FollowerState (FollowerState.java:run(143)) - om1@group-C5BA1605619E-FollowerState: change to CANDIDATE, lastRpcElapsedTime:1007060322ns, electionTimeout:1006ms
2023-08-29 18:55:09,300 [om1@group-C5BA1605619E-FollowerState] INFO  impl.RoleInfo (RoleInfo.java:shutdownFollowerState(110)) - om1: shutdown om1@group-C5BA1605619E-FollowerState
2023-08-29 18:55:09,300 [om1@group-C5BA1605619E-FollowerState] INFO  server.RaftServer$Division (RaftServerImpl.java:setRole(329)) - om1@group-C5BA1605619E: changes role from  FOLLOWER to CANDIDATE at term 0 for changeToCandidate
2023-08-29 18:55:09,300 [om1@group-C5BA1605619E-FollowerState] INFO  server.RaftServerConfigKeys (ConfUtils.java:logGet(46)) - raft.server.leaderelection.pre-vote = true (default)
2023-08-29 18:55:09,300 [om1@group-C5BA1605619E-FollowerState] INFO  impl.RoleInfo (RoleInfo.java:updateAndGet(139)) - om1: start om1@group-C5BA1605619E-LeaderElection20
2023-08-29 18:55:09,301 [om1@group-C5BA1605619E-LeaderElection20] INFO  impl.LeaderElection (LeaderElection.java:askForVotes(321)) - om1@group-C5BA1605619E-LeaderElection20 PRE_VOTE round 0: submit vote requests at term 0 for -1: peers:[om1|rpc:localhost:15113|priority:0|startupRole:FOLLOWER]|listeners:[], old=null
2023-08-29 18:55:09,301 [om1@group-C5BA1605619E-LeaderElection20] INFO  impl.LeaderElection (LeaderElection.java:askForVotes(323)) - om1@group-C5BA1605619E-LeaderElection20 PRE_VOTE round 0: result PASSED (term=0)
2023-08-29 18:55:09,303 [om1@group-C5BA1605619E-LeaderElection20] INFO  impl.LeaderElection (LeaderElection.java:askForVotes(321)) - om1@group-C5BA1605619E-LeaderElection20 ELECTION round 0: submit vote requests at term 1 for -1: peers:[om1|rpc:localhost:15113|priority:0|startupRole:FOLLOWER]|listeners:[], old=null
2023-08-29 18:55:09,303 [om1@group-C5BA1605619E-LeaderElection20] INFO  impl.LeaderElection (LeaderElection.java:askForVotes(323)) - om1@group-C5BA1605619E-LeaderElection20 ELECTION round 0: result PASSED (term=1)
2023-08-29 18:55:09,303 [om1@group-C5BA1605619E-LeaderElection20] INFO  impl.RoleInfo (RoleInfo.java:shutdownLeaderElection(130)) - om1: shutdown om1@group-C5BA1605619E-LeaderElection20
2023-08-29 18:55:09,303 [om1@group-C5BA1605619E-LeaderElection20] INFO  server.RaftServer$Division (RaftServerImpl.java:setRole(329)) - om1@group-C5BA1605619E: changes role from CANDIDATE to LEADER at term 1 for changeToLeader
2023-08-29 18:55:09,303 [om1@group-C5BA1605619E-LeaderElection20] INFO  server.RaftServer$Division (ServerState.java:setLeader(317)) - om1@group-C5BA1605619E: change Leader from null to om1 at term 1 for becomeLeader, leader elected after 1472ms
2023-08-29 18:55:09,303 [om1@group-C5BA1605619E-LeaderElection20] INFO  server.RaftServerConfigKeys (ConfUtils.java:logGet(46)) - raft.server.staging.catchup.gap = 1000 (default)
2023-08-29 18:55:09,304 [om1@group-C5BA1605619E-LeaderElection20] INFO  server.RaftServerConfigKeys (ConfUtils.java:logGet(46)) - raft.server.write.element-limit = 4096 (default)
2023-08-29 18:55:09,304 [om1@group-C5BA1605619E-LeaderElection20] INFO  server.RaftServerConfigKeys (ConfUtils.java:logGet(46)) - raft.server.write.byte-limit = 64MB (=67108864) (default)
2023-08-29 18:55:09,304 [om1@group-C5BA1605619E-LeaderElection20] INFO  server.RaftServerConfigKeys (ConfUtils.java:logGet(46)) - raft.server.watch.timeout = 10s (default)
2023-08-29 18:55:09,306 [om1@group-C5BA1605619E-LeaderElection20] INFO  server.RaftServerConfigKeys (ConfUtils.java:logGet(46)) - raft.server.watch.timeout.denomination = 1s (default)
2023-08-29 18:55:09,306 [om1@group-C5BA1605619E-LeaderElection20] INFO  server.RaftServerConfigKeys (ConfUtils.java:logGet(46)) - raft.server.watch.element-limit = 65536 (default)
2023-08-29 18:55:09,306 [om1@group-C5BA1605619E-LeaderElection20] INFO  server.RaftServerConfigKeys (ConfUtils.java:logGet(46)) - raft.server.write.element-limit = 4096 (default)
2023-08-29 18:55:09,306 [om1@group-C5BA1605619E-LeaderElection20] INFO  server.RaftServerConfigKeys (ConfUtils.java:logGet(46)) - raft.server.write.follower.gap.ratio.max = -1.0 (default)
2023-08-29 18:55:09,306 [om1@group-C5BA1605619E-LeaderElection20] INFO  impl.RoleInfo (RoleInfo.java:updateAndGet(139)) - om1: start om1@group-C5BA1605619E-LeaderStateImpl
2023-08-29 18:55:09,306 [om1@group-C5BA1605619E-LeaderElection20] INFO  segmented.SegmentedRaftLogWorker (SegmentedRaftLogWorker.java:startLogSegment(447)) - om1@group-C5BA1605619E-SegmentedRaftLogWorker: Starting segment from index:0
2023-08-29 18:55:09,313 [om1@group-C5BA1605619E-LeaderElection20] INFO  server.RaftServer$Division (ServerState.java:setRaftConf(434)) - om1@group-C5BA1605619E: set configuration 0: peers:[om1|rpc:localhost:15113|admin:|client:|dataStream:|priority:0|startupRole:FOLLOWER]|listeners:[], old=null
2023-08-29 18:55:09,318 [om1@group-C5BA1605619E-SegmentedRaftLogWorker] INFO  segmented.SegmentedRaftLogWorker (SegmentedRaftLogWorker.java:execute(651)) - om1@group-C5BA1605619E-SegmentedRaftLogWorker: created new log segment /home/runner/work/ozone/ozone/hadoop-ozone/integration-test/target/test-dir/MiniOzoneClusterImpl-e121caef-2a4e-4b75-96a0-c968b96a6505/ozone-meta/ratis/bf265839-605b-3f16-9796-c5ba1605619e/current/log_inprogress_0
2023-08-29 18:55:09,319 [om1@group-C5BA1605619E-StateMachineUpdater] INFO  ratis.OzoneManagerStateMachine (OzoneManagerStateMachine.java:notifyConfigurationChanged(202)) - Received Configuration change notification from Ratis. New Peer list:
[id: "om1"
address: "localhost:15113"
startupRole: FOLLOWER
]
2023-08-29 18:55:09,439 [main] INFO  handler.ContextHandler (ContextHandler.java:doStart(921)) - Started o.e.j.w.WebAppContext@2e866270{hddsDatanode,/,file:///home/runner/work/ozone/ozone/hadoop-ozone/integration-test/target/test-dir/MiniOzoneClusterImpl-e121caef-2a4e-4b75-96a0-c968b96a6505/datanode-3/meta/webserver/jetty-0_0_0_0-15142-hdds-container-service-1_4_0-SNAPSHOT_jar-_-any-7644861696416786852/webapp/,AVAILABLE}{jar:file:/home/runner/.m2/repository/org/apache/ozone/hdds-container-service/1.4.0-SNAPSHOT/hdds-container-service-1.4.0-SNAPSHOT.jar!/webapps/hddsDatanode}
2023-08-29 18:55:09,443 [main] INFO  server.AbstractConnector (AbstractConnector.java:doStart(333)) - Started ServerConnector@7befbc36{HTTP/1.1, (http/1.1)}{0.0.0.0:15142}
2023-08-29 18:55:09,443 [main] INFO  server.Server (Server.java:doStart(415)) - Started @154000ms
2023-08-29 18:55:09,443 [main] WARN  impl.MetricsSystemImpl (MetricsSystemImpl.java:register(279)) - Sink prometheus already exists!
2023-08-29 18:55:09,444 [main] INFO  http.BaseHttpServer (BaseHttpServer.java:updateConnectorAddress(354)) - HTTP server of hddsDatanode listening at http://0.0.0.0:15142
2023-08-29 18:55:09,444 [main] INFO  ipc.CallQueueManager (CallQueueManager.java:<init>(90)) - Using callQueue: class java.util.concurrent.LinkedBlockingQueue, queueCapacity: 100, scheduler: class org.apache.hadoop.ipc.DefaultRpcScheduler, ipcBackoff: false.
2023-08-29 18:55:09,445 [main] INFO  ipc.Server (Server.java:<init>(1287)) - Listener at 0.0.0.0:15143
2023-08-29 18:55:09,445 [Socket Reader #1 for port 15143] INFO  ipc.Server (Server.java:run(1323)) - Starting Socket Reader #1 for port 15143
2023-08-29 18:55:09,450 [main] INFO  ozone.HddsDatanodeService (HddsDatanodeService.java:start(315)) - Datanode start with admins: [runner]
2023-08-29 18:55:09,450 [main] INFO  ozone.HddsDatanodeClientProtocolServer (HddsDatanodeClientProtocolServer.java:start(72)) - RPC server for Client /0.0.0.0:15143
2023-08-29 18:55:09,450 [IPC Server Responder] INFO  ipc.Server (Server.java:run(1562)) - IPC Server Responder: starting
2023-08-29 18:55:09,450 [IPC Server listener on 15143] INFO  ipc.Server (Server.java:run(1402)) - IPC Server listener on 15143: starting
2023-08-29 18:55:09,450 [Datanode State Machine Daemon Thread] INFO  statemachine.DatanodeStateMachine (DatanodeStateMachine.java:lambda$startDaemon$0(538)) - Ozone container server started.
2023-08-29 18:55:09,451 [main] WARN  impl.MetricRegistriesImpl (MetricRegistriesImpl.java:addReporterRegistration(111)) - New reporters are added after registries were created. Some metrics will be missing from the reporter. Please add reporter before adding any new registry.
2023-08-29 18:55:09,451 [main] WARN  impl.MetricRegistriesImpl (MetricRegistriesImpl.java:addReporterRegistration(111)) - New reporters are added after registries were created. Some metrics will be missing from the reporter. Please add reporter before adding any new registry.
2023-08-29 18:55:09,451 [main] INFO  impl.MetricsSystemImpl (MetricsSystemImpl.java:init(158)) - HddsDatanode metrics system started (again)
2023-08-29 18:55:09,466 [main] INFO  ozone.HddsDatanodeService (HddsDatanodeService.java:start(237)) - HddsDatanodeService host:fv-az225-157.hxhba2eg53duheooqg2bzplbvd.bx.internal.cloudapp.net ip:10.1.0.239
2023-08-29 18:55:09,476 [Datanode State Machine Task Thread - 0] INFO  datanode.InitDatanodeState (InitDatanodeState.java:persistContainerDatanodeDetails(138)) - DatanodeDetails is persisted to /home/runner/work/ozone/ozone/hadoop-ozone/integration-test/target/test-dir/MiniOzoneClusterImpl-e121caef-2a4e-4b75-96a0-c968b96a6505/datanode-3/meta/datanode.id
2023-08-29 18:55:09,487 [main] INFO  upgrade.AbstractLayoutVersionManager (AbstractLayoutVersionManager.java:init(83)) - Initializing Layout version manager with metadata layout = HADOOP_PRC_PORTS_IN_DATANODEDETAILS (version = 7), software layout = HADOOP_PRC_PORTS_IN_DATANODEDETAILS (version = 7)
2023-08-29 18:55:09,491 [main] INFO  statemachine.DatanodeStateMachine (DatanodeStateMachine.java:getEndPointTaskThreadPoolSize(282)) - Datanode State Machine Task Thread Pool size 2
2023-08-29 18:55:09,492 [main] INFO  volume.HddsVolume (HddsVolume.java:<init>(126)) - Creating HddsVolume: /home/runner/work/ozone/ozone/hadoop-ozone/integration-test/target/test-dir/MiniOzoneClusterImpl-e121caef-2a4e-4b75-96a0-c968b96a6505/datanode-4/data-0/containers/hdds of storage type : DISK capacity : 9223372036854775807
2023-08-29 18:55:09,493 [main] INFO  volume.MutableVolumeSet (MutableVolumeSet.java:initializeVolumeSet(173)) - Added Volume : /home/runner/work/ozone/ozone/hadoop-ozone/integration-test/target/test-dir/MiniOzoneClusterImpl-e121caef-2a4e-4b75-96a0-c968b96a6505/datanode-4/data-0/containers/hdds to VolumeSet
2023-08-29 18:55:09,493 [main] INFO  volume.MutableVolumeSet (MutableVolumeSet.java:initializeVolumeSet(173)) - Added Volume : /home/runner/work/ozone/ozone/hadoop-ozone/integration-test/target/test-dir/MiniOzoneClusterImpl-e121caef-2a4e-4b75-96a0-c968b96a6505/datanode-4/data/ratis to VolumeSet
2023-08-29 18:55:09,494 [Thread-1378] INFO  ozoneimpl.ContainerReader (ContainerReader.java:readVolume(177)) - Finish verifying containers on volume /home/runner/work/ozone/ozone/hadoop-ozone/integration-test/target/test-dir/MiniOzoneClusterImpl-e121caef-2a4e-4b75-96a0-c968b96a6505/datanode-4/data-0/containers/hdds
2023-08-29 18:55:09,494 [main] INFO  ozoneimpl.OzoneContainer (OzoneContainer.java:buildContainerSet(314)) - Build ContainerSet costs 0s
2023-08-29 18:55:09,496 [main] INFO  server.RaftServer (ConfUtils.java:logGet(46)) - raft.rpc.type = GRPC (default)
2023-08-29 18:55:09,496 [main] INFO  grpc.GrpcConfigKeys (ConfUtils.java:logFallback(53)) - raft.grpc.admin.host = null (fallback to raft.grpc.server.host)
2023-08-29 18:55:09,497 [main] INFO  grpc.GrpcConfigKeys (ConfUtils.java:logGet(46)) - raft.grpc.admin.port = 15155 (custom)
2023-08-29 18:55:09,497 [main] INFO  grpc.GrpcConfigKeys (ConfUtils.java:logFallback(53)) - raft.grpc.client.host = null (fallback to raft.grpc.server.host)
2023-08-29 18:55:09,497 [main] INFO  grpc.GrpcConfigKeys (ConfUtils.java:logGet(46)) - raft.grpc.client.port = 15154 (custom)
2023-08-29 18:55:09,497 [main] INFO  grpc.GrpcConfigKeys (ConfUtils.java:logGet(46)) - raft.grpc.server.host = null (default)
2023-08-29 18:55:09,497 [main] INFO  grpc.GrpcConfigKeys (ConfUtils.java:logGet(46)) - raft.grpc.server.port = 15156 (custom)
2023-08-29 18:55:09,497 [main] INFO  server.GrpcService (ConfUtils.java:logGet(46)) - raft.grpc.message.size.max = 32MB (=33554432) (custom)
2023-08-29 18:55:09,497 [main] INFO  server.RaftServerConfigKeys (ConfUtils.java:logGet(46)) - raft.server.log.appender.buffer.byte-limit = 33554432 (custom)
2023-08-29 18:55:09,497 [main] INFO  server.GrpcService (ConfUtils.java:logGet(46)) - raft.grpc.flow.control.window = 5MB (=5242880) (custom)
2023-08-29 18:55:09,497 [main] INFO  server.RaftServerConfigKeys (ConfUtils.java:logGet(46)) - raft.server.rpc.request.timeout = 60s (custom)
2023-08-29 18:55:09,497 [main] INFO  grpc.GrpcConfigKeys (ConfUtils.java:logGet(46)) - raft.grpc.server.heartbeat.channel = true (default)
2023-08-29 18:55:09,498 [main] INFO  grpc.GrpcConfigKeys (ConfUtils.java:logGet(46)) - raft.grpc.server.async.request.thread.pool.cached = true (default)
2023-08-29 18:55:09,498 [main] INFO  grpc.GrpcConfigKeys (ConfUtils.java:logGet(46)) - raft.grpc.server.async.request.thread.pool.size = 32 (default)
2023-08-29 18:55:09,500 [main] INFO  impl.DataStreamServerImpl (ConfUtils.java:logGet(46)) - raft.datastream.type = NETTY (custom)
2023-08-29 18:55:09,500 [main] INFO  server.RaftServerConfigKeys (ConfUtils.java:logGet(46)) - raft.server.data-stream.async.request.thread.pool.cached = false (default)
2023-08-29 18:55:09,500 [main] INFO  server.RaftServerConfigKeys (ConfUtils.java:logGet(46)) - raft.server.data-stream.async.request.thread.pool.size = 20 (custom)
2023-08-29 18:55:09,501 [main] INFO  server.RaftServerConfigKeys (ConfUtils.java:logGet(46)) - raft.server.data-stream.async.write.thread.pool.size = 16 (default)
2023-08-29 18:55:09,501 [main] INFO  server.RaftServerConfigKeys (ConfUtils.java:logGet(46)) - raft.server.data-stream.client.pool.size = 10 (default)
2023-08-29 18:55:09,501 [main] INFO  netty.NettyConfigKeys$DataStream (ConfUtils.java:logGet(46)) - raft.netty.dataStream.server.use-epoll = false (default)
2023-08-29 18:55:09,501 [main] INFO  netty.NettyConfigKeys$DataStream (ConfUtils.java:logGet(46)) - raft.netty.dataStream.server.boss-group.size = 0 (default)
2023-08-29 18:55:09,501 [main] INFO  netty.NettyConfigKeys$DataStream (ConfUtils.java:logGet(46)) - raft.netty.dataStream.server.worker-group.size = 0 (default)
2023-08-29 18:55:09,501 [main] INFO  netty.NettyConfigKeys$DataStream (ConfUtils.java:logGet(46)) - raft.netty.dataStream.server.tls.conf = null (default)
2023-08-29 18:55:09,502 [main] INFO  netty.NettyConfigKeys$DataStream (ConfUtils.java:logGet(46)) - raft.netty.dataStream.host = null (default)
2023-08-29 18:55:09,502 [main] INFO  netty.NettyConfigKeys$DataStream (ConfUtils.java:logGet(46)) - raft.netty.dataStream.port = 15157 (custom)
2023-08-29 18:55:09,502 [main] INFO  server.RaftServerConfigKeys (ConfUtils.java:logGet(46)) - raft.server.threadpool.proxy.cached = true (default)
2023-08-29 18:55:09,502 [main] INFO  server.RaftServerConfigKeys (ConfUtils.java:logGet(46)) - raft.server.threadpool.proxy.size = 0 (default)
2023-08-29 18:55:09,502 [main] INFO  server.RaftServerConfigKeys (ConfUtils.java:logGet(46)) - raft.server.rpc.slowness.timeout = 300s (custom)
2023-08-29 18:55:09,502 [main] INFO  server.RaftServerConfigKeys (ConfUtils.java:logGet(46)) - raft.server.leaderelection.leader.step-down.wait-time = 10s (default)
2023-08-29 18:55:09,503 [main] INFO  server.RaftServerConfigKeys (ConfUtils.java:logGet(46)) - raft.server.storage.dir = [/home/runner/work/ozone/ozone/hadoop-ozone/integration-test/target/test-dir/MiniOzoneClusterImpl-e121caef-2a4e-4b75-96a0-c968b96a6505/datanode-4/data/ratis] (custom)
2023-08-29 18:55:09,503 [7e144599-01e3-4b85-852c-8ce44e41f20b-NettyServerStreamRpc-bossGroup--thread1] INFO  logging.LoggingHandler (AbstractInternalLogger.java:log(148)) - [id: 0xc277c4d5] REGISTERED
2023-08-29 18:55:09,503 [7e144599-01e3-4b85-852c-8ce44e41f20b-NettyServerStreamRpc-bossGroup--thread1] INFO  logging.LoggingHandler (AbstractInternalLogger.java:log(148)) - [id: 0xc277c4d5] BIND: 0.0.0.0/0.0.0.0:15157
2023-08-29 18:55:09,503 [7e144599-01e3-4b85-852c-8ce44e41f20b-NettyServerStreamRpc-bossGroup--thread1] INFO  logging.LoggingHandler (AbstractInternalLogger.java:log(148)) - [id: 0xc277c4d5, L:/0:0:0:0:0:0:0:0:15157] ACTIVE
2023-08-29 18:55:09,506 [7e144599-01e3-4b85-852c-8ce44e41f20b-impl-thread1] INFO  server.RaftServer (RaftServerProxy.java:initGroupDir(258)) - 7e144599-01e3-4b85-852c-8ce44e41f20b: found a subdirectory /home/runner/work/ozone/ozone/hadoop-ozone/integration-test/target/test-dir/MiniOzoneClusterImpl-e121caef-2a4e-4b75-96a0-c968b96a6505/datanode-4/data/ratis/tmp
2023-08-29 18:55:09,506 [7e144599-01e3-4b85-852c-8ce44e41f20b-impl-thread1] INFO  server.RaftServer (RaftServerProxy.java:initGroupDir(263)) - 7e144599-01e3-4b85-852c-8ce44e41f20b: The directory /home/runner/work/ozone/ozone/hadoop-ozone/integration-test/target/test-dir/MiniOzoneClusterImpl-e121caef-2a4e-4b75-96a0-c968b96a6505/datanode-4/data/ratis/tmp is not a group directory; ignoring it. 
2023-08-29 18:55:09,506 [main] INFO  replication.ReplicationServer (ReplicationServer.java:<init>(81)) - Initializing replication server with thread count = 10
2023-08-29 18:55:09,507 [main] INFO  server.XceiverServerGrpc (XceiverServerGrpc.java:<init>(132)) - GrpcServer channel type EpollServerSocketChannel
2023-08-29 18:55:09,511 [main] INFO  replication.ReplicationSupervisor (ReplicationSupervisor.java:build(155)) - Initializing replication supervisor with thread count = 10
2023-08-29 18:55:09,511 [main] INFO  replication.ReplicationSupervisor (ReplicationSupervisor.java:nodeStateUpdated(307)) - Node state updated to IN_SERVICE, scaling executor pool size to 10
2023-08-29 18:55:09,515 [main] INFO  http.BaseHttpServer (BaseHttpServer.java:newHttpServer2BuilderForOzone(223)) - Starting Web-server for hddsDatanode at: http://0.0.0.0:15151
2023-08-29 18:55:09,515 [main] INFO  http.BaseHttpServer (BaseHttpServer.java:<init>(110)) - Hadoop Security Enabled: false Ozone Security Enabled: false Ozone HTTP Security Enabled: false 
2023-08-29 18:55:09,516 [main] WARN  server.AuthenticationFilter (AuthenticationFilter.java:constructSecretProvider(240)) - Unable to initialize FileSignerSecretProvider, falling back to use random secrets. Reason: Could not read signature secret file: /home/runner/hadoop-http-auth-signature-secret
2023-08-29 18:55:09,518 [main] INFO  http.HttpRequestLog (HttpRequestLog.java:getRequestLog(86)) - Http request log for http.requests.hddsDatanode is not defined
2023-08-29 18:55:09,519 [main] INFO  http.HttpServer2 (HttpServer2.java:addGlobalFilter(1031)) - Added global filter 'safety' (class=org.apache.hadoop.hdds.server.http.HttpServer2$QuotingInputFilter)
2023-08-29 18:55:09,520 [main] INFO  http.HttpServer2 (HttpServer2.java:addFilter(1007)) - Added filter static_user_filter (class=org.apache.hadoop.http.lib.StaticUserWebFilter$StaticUserFilter) to context hddsDatanode
2023-08-29 18:55:09,520 [main] INFO  http.HttpServer2 (HttpServer2.java:addFilter(1015)) - Added filter static_user_filter (class=org.apache.hadoop.http.lib.StaticUserWebFilter$StaticUserFilter) to context logs
2023-08-29 18:55:09,520 [main] INFO  http.HttpServer2 (HttpServer2.java:addFilter(1015)) - Added filter static_user_filter (class=org.apache.hadoop.http.lib.StaticUserWebFilter$StaticUserFilter) to context static
2023-08-29 18:55:09,521 [main] INFO  http.BaseHttpServer (BaseHttpServer.java:<init>(189)) - HTTP server of hddsDatanode uses base directory /home/runner/work/ozone/ozone/hadoop-ozone/integration-test/target/test-dir/MiniOzoneClusterImpl-e121caef-2a4e-4b75-96a0-c968b96a6505/datanode-4/meta/webserver
2023-08-29 18:55:09,521 [main] INFO  http.HttpServer2 (HttpServer2.java:bindListener(1231)) - Jetty bound to port 15151
2023-08-29 18:55:09,521 [main] INFO  server.Server (Server.java:doStart(375)) - jetty-9.4.51.v20230217; built: 2023-02-17T08:19:37.309Z; git: b45c405e4544384de066f814ed42ae3dceacdd49; jvm 1.8.0_382-b05
2023-08-29 18:55:09,523 [main] INFO  server.session (DefaultSessionIdManager.java:doStart(334)) - DefaultSessionIdManager workerName=node0
2023-08-29 18:55:09,524 [main] INFO  server.session (DefaultSessionIdManager.java:doStart(339)) - No SessionScavenger set, using defaults
2023-08-29 18:55:09,524 [main] INFO  server.session (HouseKeeper.java:startScavenging(132)) - node0 Scavenging every 660000ms
2023-08-29 18:55:09,525 [main] INFO  handler.ContextHandler (ContextHandler.java:doStart(921)) - Started o.e.j.s.ServletContextHandler@40aa01e9{logs,/logs,file:///home/runner/work/ozone/ozone/hadoop-ozone/integration-test/target/log,AVAILABLE}
2023-08-29 18:55:09,525 [main] INFO  handler.ContextHandler (ContextHandler.java:doStart(921)) - Started o.e.j.s.ServletContextHandler@509debfe{static,/static,jar:file:/home/runner/.m2/repository/org/apache/ozone/hdds-container-service/1.4.0-SNAPSHOT/hdds-container-service-1.4.0-SNAPSHOT.jar!/webapps/static,AVAILABLE}
2023-08-29 18:55:09,720 [main] INFO  handler.ContextHandler (ContextHandler.java:doStart(921)) - Started o.e.j.w.WebAppContext@390a5df2{hddsDatanode,/,file:///home/runner/work/ozone/ozone/hadoop-ozone/integration-test/target/test-dir/MiniOzoneClusterImpl-e121caef-2a4e-4b75-96a0-c968b96a6505/datanode-4/meta/webserver/jetty-0_0_0_0-15151-hdds-container-service-1_4_0-SNAPSHOT_jar-_-any-1251515576509746337/webapp/,AVAILABLE}{jar:file:/home/runner/.m2/repository/org/apache/ozone/hdds-container-service/1.4.0-SNAPSHOT/hdds-container-service-1.4.0-SNAPSHOT.jar!/webapps/hddsDatanode}
2023-08-29 18:55:09,722 [main] INFO  server.AbstractConnector (AbstractConnector.java:doStart(333)) - Started ServerConnector@450b89bc{HTTP/1.1, (http/1.1)}{0.0.0.0:15151}
2023-08-29 18:55:09,722 [main] INFO  server.Server (Server.java:doStart(415)) - Started @154279ms
2023-08-29 18:55:09,723 [main] WARN  impl.MetricsSystemImpl (MetricsSystemImpl.java:register(279)) - Sink prometheus already exists!
2023-08-29 18:55:09,723 [main] INFO  http.BaseHttpServer (BaseHttpServer.java:updateConnectorAddress(354)) - HTTP server of hddsDatanode listening at http://0.0.0.0:15151
2023-08-29 18:55:09,724 [main] INFO  ipc.CallQueueManager (CallQueueManager.java:<init>(90)) - Using callQueue: class java.util.concurrent.LinkedBlockingQueue, queueCapacity: 100, scheduler: class org.apache.hadoop.ipc.DefaultRpcScheduler, ipcBackoff: false.
2023-08-29 18:55:09,724 [main] INFO  ipc.Server (Server.java:<init>(1287)) - Listener at 0.0.0.0:15152
2023-08-29 18:55:09,724 [Socket Reader #1 for port 15152] INFO  ipc.Server (Server.java:run(1323)) - Starting Socket Reader #1 for port 15152
2023-08-29 18:55:09,727 [main] INFO  ozone.HddsDatanodeService (HddsDatanodeService.java:start(315)) - Datanode start with admins: [runner]
2023-08-29 18:55:09,727 [main] INFO  ozone.HddsDatanodeClientProtocolServer (HddsDatanodeClientProtocolServer.java:start(72)) - RPC server for Client /0.0.0.0:15152
2023-08-29 18:55:09,727 [IPC Server Responder] INFO  ipc.Server (Server.java:run(1562)) - IPC Server Responder: starting
2023-08-29 18:55:09,729 [Datanode State Machine Daemon Thread] INFO  statemachine.DatanodeStateMachine (DatanodeStateMachine.java:lambda$startDaemon$0(538)) - Ozone container server started.
2023-08-29 18:55:09,729 [IPC Server listener on 15152] INFO  ipc.Server (Server.java:run(1402)) - IPC Server listener on 15152: starting
2023-08-29 18:55:09,730 [main] INFO  ozone.MiniOzoneClusterImpl (MiniOzoneClusterImpl.java:lambda$waitForClusterToBeReady$0(224)) - Waiting for nodes to be ready. Got 0 of 5 DN Heartbeats.
2023-08-29 18:55:09,730 [main] INFO  ozone.MiniOzoneClusterImpl (MiniOzoneClusterImpl.java:lambda$waitForClusterToBeReady$0(227)) - Waiting for cluster to exit safe mode
2023-08-29 18:55:09,731 [main] INFO  ozone.MiniOzoneClusterImpl (MiniOzoneClusterImpl.java:lambda$waitForClusterToBeReady$0(229)) - SCM became leader
2023-08-29 18:55:09,734 [Datanode State Machine Task Thread - 0] INFO  datanode.InitDatanodeState (InitDatanodeState.java:persistContainerDatanodeDetails(138)) - DatanodeDetails is persisted to /home/runner/work/ozone/ozone/hadoop-ozone/integration-test/target/test-dir/MiniOzoneClusterImpl-e121caef-2a4e-4b75-96a0-c968b96a6505/datanode-4/meta/datanode.id
2023-08-29 18:55:10,657 [EndpointStateMachine task thread for /0.0.0.0:15108 - 0 ] INFO  utils.DatanodeStoreCache (DatanodeStoreCache.java:addDB(66)) - Added db /home/runner/work/ozone/ozone/hadoop-ozone/integration-test/target/test-dir/MiniOzoneClusterImpl-e121caef-2a4e-4b75-96a0-c968b96a6505/datanode-0/data-0/containers/hdds/e121caef-2a4e-4b75-96a0-c968b96a6505/DS-9f12350c-dc00-43fb-ae98-2bb83ff9f459/container.db to cache
2023-08-29 18:55:10,657 [EndpointStateMachine task thread for /0.0.0.0:15108 - 0 ] INFO  volume.HddsVolume (HddsVolume.java:createDbStore(422)) - SchemaV3 db is created and loaded at /home/runner/work/ozone/ozone/hadoop-ozone/integration-test/target/test-dir/MiniOzoneClusterImpl-e121caef-2a4e-4b75-96a0-c968b96a6505/datanode-0/data-0/containers/hdds/e121caef-2a4e-4b75-96a0-c968b96a6505/DS-9f12350c-dc00-43fb-ae98-2bb83ff9f459/container.db for volume DS-9f12350c-dc00-43fb-ae98-2bb83ff9f459
2023-08-29 18:55:10,658 [EndpointStateMachine task thread for /0.0.0.0:15108 - 0 ] INFO  volume.ThrottledAsyncChecker (ThrottledAsyncChecker.java:schedule(141)) - Scheduling a check for /home/runner/work/ozone/ozone/hadoop-ozone/integration-test/target/test-dir/MiniOzoneClusterImpl-e121caef-2a4e-4b75-96a0-c968b96a6505/datanode-0/data-0/containers/hdds
2023-08-29 18:55:10,658 [EndpointStateMachine task thread for /0.0.0.0:15108 - 0 ] INFO  volume.StorageVolumeChecker (StorageVolumeChecker.java:checkAllVolumes(213)) - Scheduled health check for volume /home/runner/work/ozone/ozone/hadoop-ozone/integration-test/target/test-dir/MiniOzoneClusterImpl-e121caef-2a4e-4b75-96a0-c968b96a6505/datanode-0/data-0/containers/hdds
2023-08-29 18:55:10,664 [EndpointStateMachine task thread for /0.0.0.0:15108 - 0 ] INFO  volume.ThrottledAsyncChecker (ThrottledAsyncChecker.java:schedule(141)) - Scheduling a check for /home/runner/work/ozone/ozone/hadoop-ozone/integration-test/target/test-dir/MiniOzoneClusterImpl-e121caef-2a4e-4b75-96a0-c968b96a6505/datanode-0/data/ratis
2023-08-29 18:55:10,664 [EndpointStateMachine task thread for /0.0.0.0:15108 - 0 ] INFO  volume.StorageVolumeChecker (StorageVolumeChecker.java:checkAllVolumes(213)) - Scheduled health check for volume /home/runner/work/ozone/ozone/hadoop-ozone/integration-test/target/test-dir/MiniOzoneClusterImpl-e121caef-2a4e-4b75-96a0-c968b96a6505/datanode-0/data/ratis
2023-08-29 18:55:10,666 [EndpointStateMachine task thread for /0.0.0.0:15108 - 0 ] INFO  ozoneimpl.OzoneContainer (OzoneContainer.java:start(429)) - Attempting to start container services.
2023-08-29 18:55:10,666 [EndpointStateMachine task thread for /0.0.0.0:15108 - 0 ] INFO  ozoneimpl.OzoneContainer (OzoneContainer.java:startContainerScrub(325)) - Scheduled background container scanners and the on-demand container scanner have been disabled.
2023-08-29 18:55:10,667 [EndpointStateMachine task thread for /0.0.0.0:15108 - 0 ] INFO  replication.ReplicationServer (ReplicationServer.java:start(130)) - ReplicationServer is started using port 15122
2023-08-29 18:55:10,667 [EndpointStateMachine task thread for /0.0.0.0:15108 - 0 ] INFO  ratis.XceiverServerRatis (XceiverServerRatis.java:start(517)) - Starting XceiverServerRatis 0d210486-d547-40fe-b644-a4a516df2759
2023-08-29 18:55:10,668 [EndpointStateMachine task thread for /0.0.0.0:15108 - 0 ] INFO  server.RaftServer (RaftServerProxy.java:startImpl(400)) - 0d210486-d547-40fe-b644-a4a516df2759: start RPC server
2023-08-29 18:55:10,669 [EndpointStateMachine task thread for /0.0.0.0:15108 - 0 ] INFO  server.GrpcService (GrpcService.java:startImpl(302)) - 0d210486-d547-40fe-b644-a4a516df2759: GrpcService started, listening on 15118
2023-08-29 18:55:10,670 [EndpointStateMachine task thread for /0.0.0.0:15108 - 0 ] INFO  server.GrpcService (GrpcService.java:startImpl(302)) - 0d210486-d547-40fe-b644-a4a516df2759: GrpcService started, listening on 15120
2023-08-29 18:55:10,670 [EndpointStateMachine task thread for /0.0.0.0:15108 - 0 ] INFO  server.GrpcService (GrpcService.java:startImpl(302)) - 0d210486-d547-40fe-b644-a4a516df2759: GrpcService started, listening on 15119
2023-08-29 18:55:10,671 [EndpointStateMachine task thread for /0.0.0.0:15108 - 0 ] INFO  ratis.XceiverServerRatis (XceiverServerRatis.java:getRealPort(543)) - XceiverServerRatis 0d210486-d547-40fe-b644-a4a516df2759 is started using port 15118 for RATIS
2023-08-29 18:55:10,671 [EndpointStateMachine task thread for /0.0.0.0:15108 - 0 ] INFO  ratis.XceiverServerRatis (XceiverServerRatis.java:getRealPort(543)) - XceiverServerRatis 0d210486-d547-40fe-b644-a4a516df2759 is started using port 15119 for RATIS_ADMIN
2023-08-29 18:55:10,671 [EndpointStateMachine task thread for /0.0.0.0:15108 - 0 ] INFO  ratis.XceiverServerRatis (XceiverServerRatis.java:getRealPort(543)) - XceiverServerRatis 0d210486-d547-40fe-b644-a4a516df2759 is started using port 15120 for RATIS_SERVER
2023-08-29 18:55:10,671 [EndpointStateMachine task thread for /0.0.0.0:15108 - 0 ] INFO  ratis.XceiverServerRatis (XceiverServerRatis.java:getRealPort(543)) - XceiverServerRatis 0d210486-d547-40fe-b644-a4a516df2759 is started using port 15121 for RATIS_DATASTREAM
2023-08-29 18:55:10,671 [JvmPauseMonitor16] INFO  util.JvmPauseMonitor (JvmPauseMonitor.java:run(103)) - JvmPauseMonitor-0d210486-d547-40fe-b644-a4a516df2759: Started
2023-08-29 18:55:10,672 [BlockDeletingService#0] INFO  interfaces.ContainerDeletionChoosingPolicyTemplate (ContainerDeletionChoosingPolicyTemplate.java:chooseContainerForBlockDeletion(85)) - Chosen 0/5000 blocks from 0 candidate containers.
2023-08-29 18:55:10,731 [main] INFO  ozone.MiniOzoneClusterImpl (MiniOzoneClusterImpl.java:lambda$waitForClusterToBeReady$0(224)) - Waiting for nodes to be ready. Got 0 of 5 DN Heartbeats.
2023-08-29 18:55:10,731 [main] INFO  ozone.MiniOzoneClusterImpl (MiniOzoneClusterImpl.java:lambda$waitForClusterToBeReady$0(227)) - Waiting for cluster to exit safe mode
2023-08-29 18:55:10,731 [main] INFO  ozone.MiniOzoneClusterImpl (MiniOzoneClusterImpl.java:lambda$waitForClusterToBeReady$0(229)) - SCM became leader
2023-08-29 18:55:10,914 [EndpointStateMachine task thread for /0.0.0.0:15108 - 0 ] INFO  utils.DatanodeStoreCache (DatanodeStoreCache.java:addDB(66)) - Added db /home/runner/work/ozone/ozone/hadoop-ozone/integration-test/target/test-dir/MiniOzoneClusterImpl-e121caef-2a4e-4b75-96a0-c968b96a6505/datanode-1/data-0/containers/hdds/e121caef-2a4e-4b75-96a0-c968b96a6505/DS-6fc0cce6-5121-40cd-8eab-c46aea518b52/container.db to cache
2023-08-29 18:55:10,914 [EndpointStateMachine task thread for /0.0.0.0:15108 - 0 ] INFO  volume.HddsVolume (HddsVolume.java:createDbStore(422)) - SchemaV3 db is created and loaded at /home/runner/work/ozone/ozone/hadoop-ozone/integration-test/target/test-dir/MiniOzoneClusterImpl-e121caef-2a4e-4b75-96a0-c968b96a6505/datanode-1/data-0/containers/hdds/e121caef-2a4e-4b75-96a0-c968b96a6505/DS-6fc0cce6-5121-40cd-8eab-c46aea518b52/container.db for volume DS-6fc0cce6-5121-40cd-8eab-c46aea518b52
2023-08-29 18:55:10,915 [EndpointStateMachine task thread for /0.0.0.0:15108 - 0 ] INFO  volume.ThrottledAsyncChecker (ThrottledAsyncChecker.java:schedule(141)) - Scheduling a check for /home/runner/work/ozone/ozone/hadoop-ozone/integration-test/target/test-dir/MiniOzoneClusterImpl-e121caef-2a4e-4b75-96a0-c968b96a6505/datanode-1/data-0/containers/hdds
2023-08-29 18:55:10,918 [EndpointStateMachine task thread for /0.0.0.0:15108 - 0 ] INFO  volume.StorageVolumeChecker (StorageVolumeChecker.java:checkAllVolumes(213)) - Scheduled health check for volume /home/runner/work/ozone/ozone/hadoop-ozone/integration-test/target/test-dir/MiniOzoneClusterImpl-e121caef-2a4e-4b75-96a0-c968b96a6505/datanode-1/data-0/containers/hdds
2023-08-29 18:55:10,919 [EndpointStateMachine task thread for /0.0.0.0:15108 - 0 ] INFO  volume.ThrottledAsyncChecker (ThrottledAsyncChecker.java:schedule(141)) - Scheduling a check for /home/runner/work/ozone/ozone/hadoop-ozone/integration-test/target/test-dir/MiniOzoneClusterImpl-e121caef-2a4e-4b75-96a0-c968b96a6505/datanode-1/data/ratis
2023-08-29 18:55:10,919 [EndpointStateMachine task thread for /0.0.0.0:15108 - 0 ] INFO  volume.StorageVolumeChecker (StorageVolumeChecker.java:checkAllVolumes(213)) - Scheduled health check for volume /home/runner/work/ozone/ozone/hadoop-ozone/integration-test/target/test-dir/MiniOzoneClusterImpl-e121caef-2a4e-4b75-96a0-c968b96a6505/datanode-1/data/ratis
2023-08-29 18:55:10,920 [EndpointStateMachine task thread for /0.0.0.0:15108 - 0 ] INFO  ozoneimpl.OzoneContainer (OzoneContainer.java:start(429)) - Attempting to start container services.
2023-08-29 18:55:10,920 [EndpointStateMachine task thread for /0.0.0.0:15108 - 0 ] INFO  ozoneimpl.OzoneContainer (OzoneContainer.java:startContainerScrub(325)) - Scheduled background container scanners and the on-demand container scanner have been disabled.
2023-08-29 18:55:10,923 [EndpointStateMachine task thread for /0.0.0.0:15108 - 0 ] INFO  replication.ReplicationServer (ReplicationServer.java:start(130)) - ReplicationServer is started using port 15131
2023-08-29 18:55:10,923 [EndpointStateMachine task thread for /0.0.0.0:15108 - 0 ] INFO  ratis.XceiverServerRatis (XceiverServerRatis.java:start(517)) - Starting XceiverServerRatis fe29ea50-ce7d-4d67-99db-5363b98f75df
2023-08-29 18:55:10,924 [EndpointStateMachine task thread for /0.0.0.0:15108 - 0 ] INFO  server.RaftServer (RaftServerProxy.java:startImpl(400)) - fe29ea50-ce7d-4d67-99db-5363b98f75df: start RPC server
2023-08-29 18:55:10,929 [EndpointStateMachine task thread for /0.0.0.0:15108 - 0 ] INFO  server.GrpcService (GrpcService.java:startImpl(302)) - fe29ea50-ce7d-4d67-99db-5363b98f75df: GrpcService started, listening on 15127
2023-08-29 18:55:10,929 [EndpointStateMachine task thread for /0.0.0.0:15108 - 0 ] INFO  server.GrpcService (GrpcService.java:startImpl(302)) - fe29ea50-ce7d-4d67-99db-5363b98f75df: GrpcService started, listening on 15129
2023-08-29 18:55:10,930 [EndpointStateMachine task thread for /0.0.0.0:15108 - 0 ] INFO  server.GrpcService (GrpcService.java:startImpl(302)) - fe29ea50-ce7d-4d67-99db-5363b98f75df: GrpcService started, listening on 15128
2023-08-29 18:55:10,930 [EndpointStateMachine task thread for /0.0.0.0:15108 - 0 ] INFO  ratis.XceiverServerRatis (XceiverServerRatis.java:getRealPort(543)) - XceiverServerRatis fe29ea50-ce7d-4d67-99db-5363b98f75df is started using port 15127 for RATIS
2023-08-29 18:55:10,930 [EndpointStateMachine task thread for /0.0.0.0:15108 - 0 ] INFO  ratis.XceiverServerRatis (XceiverServerRatis.java:getRealPort(543)) - XceiverServerRatis fe29ea50-ce7d-4d67-99db-5363b98f75df is started using port 15128 for RATIS_ADMIN
2023-08-29 18:55:10,931 [JvmPauseMonitor17] INFO  util.JvmPauseMonitor (JvmPauseMonitor.java:run(103)) - JvmPauseMonitor-fe29ea50-ce7d-4d67-99db-5363b98f75df: Started
2023-08-29 18:55:10,931 [EndpointStateMachine task thread for /0.0.0.0:15108 - 0 ] INFO  ratis.XceiverServerRatis (XceiverServerRatis.java:getRealPort(543)) - XceiverServerRatis fe29ea50-ce7d-4d67-99db-5363b98f75df is started using port 15129 for RATIS_SERVER
2023-08-29 18:55:10,931 [EndpointStateMachine task thread for /0.0.0.0:15108 - 0 ] INFO  ratis.XceiverServerRatis (XceiverServerRatis.java:getRealPort(543)) - XceiverServerRatis fe29ea50-ce7d-4d67-99db-5363b98f75df is started using port 15130 for RATIS_DATASTREAM
2023-08-29 18:55:10,932 [BlockDeletingService#0] INFO  interfaces.ContainerDeletionChoosingPolicyTemplate (ContainerDeletionChoosingPolicyTemplate.java:chooseContainerForBlockDeletion(85)) - Chosen 0/5000 blocks from 0 candidate containers.
2023-08-29 18:55:11,207 [EndpointStateMachine task thread for /0.0.0.0:15108 - 0 ] INFO  utils.DatanodeStoreCache (DatanodeStoreCache.java:addDB(66)) - Added db /home/runner/work/ozone/ozone/hadoop-ozone/integration-test/target/test-dir/MiniOzoneClusterImpl-e121caef-2a4e-4b75-96a0-c968b96a6505/datanode-2/data-0/containers/hdds/e121caef-2a4e-4b75-96a0-c968b96a6505/DS-7ee6be56-1e63-4ca6-a283-cb626e5b9ab6/container.db to cache
2023-08-29 18:55:11,207 [EndpointStateMachine task thread for /0.0.0.0:15108 - 0 ] INFO  volume.HddsVolume (HddsVolume.java:createDbStore(422)) - SchemaV3 db is created and loaded at /home/runner/work/ozone/ozone/hadoop-ozone/integration-test/target/test-dir/MiniOzoneClusterImpl-e121caef-2a4e-4b75-96a0-c968b96a6505/datanode-2/data-0/containers/hdds/e121caef-2a4e-4b75-96a0-c968b96a6505/DS-7ee6be56-1e63-4ca6-a283-cb626e5b9ab6/container.db for volume DS-7ee6be56-1e63-4ca6-a283-cb626e5b9ab6
2023-08-29 18:55:11,208 [EndpointStateMachine task thread for /0.0.0.0:15108 - 0 ] INFO  volume.ThrottledAsyncChecker (ThrottledAsyncChecker.java:schedule(141)) - Scheduling a check for /home/runner/work/ozone/ozone/hadoop-ozone/integration-test/target/test-dir/MiniOzoneClusterImpl-e121caef-2a4e-4b75-96a0-c968b96a6505/datanode-2/data-0/containers/hdds
2023-08-29 18:55:11,208 [EndpointStateMachine task thread for /0.0.0.0:15108 - 0 ] INFO  volume.StorageVolumeChecker (StorageVolumeChecker.java:checkAllVolumes(213)) - Scheduled health check for volume /home/runner/work/ozone/ozone/hadoop-ozone/integration-test/target/test-dir/MiniOzoneClusterImpl-e121caef-2a4e-4b75-96a0-c968b96a6505/datanode-2/data-0/containers/hdds
2023-08-29 18:55:11,210 [EndpointStateMachine task thread for /0.0.0.0:15108 - 0 ] INFO  volume.ThrottledAsyncChecker (ThrottledAsyncChecker.java:schedule(141)) - Scheduling a check for /home/runner/work/ozone/ozone/hadoop-ozone/integration-test/target/test-dir/MiniOzoneClusterImpl-e121caef-2a4e-4b75-96a0-c968b96a6505/datanode-2/data/ratis
2023-08-29 18:55:11,210 [EndpointStateMachine task thread for /0.0.0.0:15108 - 0 ] INFO  volume.StorageVolumeChecker (StorageVolumeChecker.java:checkAllVolumes(213)) - Scheduled health check for volume /home/runner/work/ozone/ozone/hadoop-ozone/integration-test/target/test-dir/MiniOzoneClusterImpl-e121caef-2a4e-4b75-96a0-c968b96a6505/datanode-2/data/ratis
2023-08-29 18:55:11,212 [EndpointStateMachine task thread for /0.0.0.0:15108 - 0 ] INFO  ozoneimpl.OzoneContainer (OzoneContainer.java:start(429)) - Attempting to start container services.
2023-08-29 18:55:11,212 [EndpointStateMachine task thread for /0.0.0.0:15108 - 0 ] INFO  ozoneimpl.OzoneContainer (OzoneContainer.java:startContainerScrub(325)) - Scheduled background container scanners and the on-demand container scanner have been disabled.
2023-08-29 18:55:11,213 [EndpointStateMachine task thread for /0.0.0.0:15108 - 0 ] INFO  replication.ReplicationServer (ReplicationServer.java:start(130)) - ReplicationServer is started using port 15140
2023-08-29 18:55:11,213 [EndpointStateMachine task thread for /0.0.0.0:15108 - 0 ] INFO  ratis.XceiverServerRatis (XceiverServerRatis.java:start(517)) - Starting XceiverServerRatis 2eaf327d-c8aa-4b69-9e65-db94832273b8
2023-08-29 18:55:11,214 [EndpointStateMachine task thread for /0.0.0.0:15108 - 0 ] INFO  server.RaftServer (RaftServerProxy.java:startImpl(400)) - 2eaf327d-c8aa-4b69-9e65-db94832273b8: start RPC server
2023-08-29 18:55:11,215 [EndpointStateMachine task thread for /0.0.0.0:15108 - 0 ] INFO  server.GrpcService (GrpcService.java:startImpl(302)) - 2eaf327d-c8aa-4b69-9e65-db94832273b8: GrpcService started, listening on 15136
2023-08-29 18:55:11,216 [EndpointStateMachine task thread for /0.0.0.0:15108 - 0 ] INFO  server.GrpcService (GrpcService.java:startImpl(302)) - 2eaf327d-c8aa-4b69-9e65-db94832273b8: GrpcService started, listening on 15138
2023-08-29 18:55:11,217 [EndpointStateMachine task thread for /0.0.0.0:15108 - 0 ] INFO  server.GrpcService (GrpcService.java:startImpl(302)) - 2eaf327d-c8aa-4b69-9e65-db94832273b8: GrpcService started, listening on 15137
2023-08-29 18:55:11,218 [EndpointStateMachine task thread for /0.0.0.0:15108 - 0 ] INFO  ratis.XceiverServerRatis (XceiverServerRatis.java:getRealPort(543)) - XceiverServerRatis 2eaf327d-c8aa-4b69-9e65-db94832273b8 is started using port 15136 for RATIS
2023-08-29 18:55:11,218 [EndpointStateMachine task thread for /0.0.0.0:15108 - 0 ] INFO  ratis.XceiverServerRatis (XceiverServerRatis.java:getRealPort(543)) - XceiverServerRatis 2eaf327d-c8aa-4b69-9e65-db94832273b8 is started using port 15137 for RATIS_ADMIN
2023-08-29 18:55:11,218 [EndpointStateMachine task thread for /0.0.0.0:15108 - 0 ] INFO  ratis.XceiverServerRatis (XceiverServerRatis.java:getRealPort(543)) - XceiverServerRatis 2eaf327d-c8aa-4b69-9e65-db94832273b8 is started using port 15138 for RATIS_SERVER
2023-08-29 18:55:11,218 [EndpointStateMachine task thread for /0.0.0.0:15108 - 0 ] INFO  ratis.XceiverServerRatis (XceiverServerRatis.java:getRealPort(543)) - XceiverServerRatis 2eaf327d-c8aa-4b69-9e65-db94832273b8 is started using port 15139 for RATIS_DATASTREAM
2023-08-29 18:55:11,218 [JvmPauseMonitor18] INFO  util.JvmPauseMonitor (JvmPauseMonitor.java:run(103)) - JvmPauseMonitor-2eaf327d-c8aa-4b69-9e65-db94832273b8: Started
2023-08-29 18:55:11,221 [BlockDeletingService#0] INFO  interfaces.ContainerDeletionChoosingPolicyTemplate (ContainerDeletionChoosingPolicyTemplate.java:chooseContainerForBlockDeletion(85)) - Chosen 0/5000 blocks from 0 candidate containers.
2023-08-29 18:55:11,503 [EndpointStateMachine task thread for /0.0.0.0:15108 - 0 ] INFO  utils.DatanodeStoreCache (DatanodeStoreCache.java:addDB(66)) - Added db /home/runner/work/ozone/ozone/hadoop-ozone/integration-test/target/test-dir/MiniOzoneClusterImpl-e121caef-2a4e-4b75-96a0-c968b96a6505/datanode-3/data-0/containers/hdds/e121caef-2a4e-4b75-96a0-c968b96a6505/DS-f9ada691-7040-4417-9590-e6deb52b7fc4/container.db to cache
2023-08-29 18:55:11,503 [EndpointStateMachine task thread for /0.0.0.0:15108 - 0 ] INFO  volume.HddsVolume (HddsVolume.java:createDbStore(422)) - SchemaV3 db is created and loaded at /home/runner/work/ozone/ozone/hadoop-ozone/integration-test/target/test-dir/MiniOzoneClusterImpl-e121caef-2a4e-4b75-96a0-c968b96a6505/datanode-3/data-0/containers/hdds/e121caef-2a4e-4b75-96a0-c968b96a6505/DS-f9ada691-7040-4417-9590-e6deb52b7fc4/container.db for volume DS-f9ada691-7040-4417-9590-e6deb52b7fc4
2023-08-29 18:55:11,504 [EndpointStateMachine task thread for /0.0.0.0:15108 - 0 ] INFO  volume.ThrottledAsyncChecker (ThrottledAsyncChecker.java:schedule(141)) - Scheduling a check for /home/runner/work/ozone/ozone/hadoop-ozone/integration-test/target/test-dir/MiniOzoneClusterImpl-e121caef-2a4e-4b75-96a0-c968b96a6505/datanode-3/data-0/containers/hdds
2023-08-29 18:55:11,504 [EndpointStateMachine task thread for /0.0.0.0:15108 - 0 ] INFO  volume.StorageVolumeChecker (StorageVolumeChecker.java:checkAllVolumes(213)) - Scheduled health check for volume /home/runner/work/ozone/ozone/hadoop-ozone/integration-test/target/test-dir/MiniOzoneClusterImpl-e121caef-2a4e-4b75-96a0-c968b96a6505/datanode-3/data-0/containers/hdds
2023-08-29 18:55:11,506 [EndpointStateMachine task thread for /0.0.0.0:15108 - 0 ] INFO  volume.ThrottledAsyncChecker (ThrottledAsyncChecker.java:schedule(141)) - Scheduling a check for /home/runner/work/ozone/ozone/hadoop-ozone/integration-test/target/test-dir/MiniOzoneClusterImpl-e121caef-2a4e-4b75-96a0-c968b96a6505/datanode-3/data/ratis
2023-08-29 18:55:11,506 [EndpointStateMachine task thread for /0.0.0.0:15108 - 0 ] INFO  volume.StorageVolumeChecker (StorageVolumeChecker.java:checkAllVolumes(213)) - Scheduled health check for volume /home/runner/work/ozone/ozone/hadoop-ozone/integration-test/target/test-dir/MiniOzoneClusterImpl-e121caef-2a4e-4b75-96a0-c968b96a6505/datanode-3/data/ratis
2023-08-29 18:55:11,507 [EndpointStateMachine task thread for /0.0.0.0:15108 - 0 ] INFO  ozoneimpl.OzoneContainer (OzoneContainer.java:start(429)) - Attempting to start container services.
2023-08-29 18:55:11,507 [EndpointStateMachine task thread for /0.0.0.0:15108 - 0 ] INFO  ozoneimpl.OzoneContainer (OzoneContainer.java:startContainerScrub(325)) - Scheduled background container scanners and the on-demand container scanner have been disabled.
2023-08-29 18:55:11,511 [EndpointStateMachine task thread for /0.0.0.0:15108 - 0 ] INFO  replication.ReplicationServer (ReplicationServer.java:start(130)) - ReplicationServer is started using port 15149
2023-08-29 18:55:11,511 [EndpointStateMachine task thread for /0.0.0.0:15108 - 0 ] INFO  ratis.XceiverServerRatis (XceiverServerRatis.java:start(517)) - Starting XceiverServerRatis f550e702-abe2-49cd-8ff2-4b2ec6b34c67
2023-08-29 18:55:11,511 [EndpointStateMachine task thread for /0.0.0.0:15108 - 0 ] INFO  server.RaftServer (RaftServerProxy.java:startImpl(400)) - f550e702-abe2-49cd-8ff2-4b2ec6b34c67: start RPC server
2023-08-29 18:55:11,515 [EndpointStateMachine task thread for /0.0.0.0:15108 - 0 ] INFO  server.GrpcService (GrpcService.java:startImpl(302)) - f550e702-abe2-49cd-8ff2-4b2ec6b34c67: GrpcService started, listening on 15145
2023-08-29 18:55:11,517 [EndpointStateMachine task thread for /0.0.0.0:15108 - 0 ] INFO  server.GrpcService (GrpcService.java:startImpl(302)) - f550e702-abe2-49cd-8ff2-4b2ec6b34c67: GrpcService started, listening on 15147
2023-08-29 18:55:11,518 [EndpointStateMachine task thread for /0.0.0.0:15108 - 0 ] INFO  server.GrpcService (GrpcService.java:startImpl(302)) - f550e702-abe2-49cd-8ff2-4b2ec6b34c67: GrpcService started, listening on 15146
2023-08-29 18:55:11,518 [EndpointStateMachine task thread for /0.0.0.0:15108 - 0 ] INFO  ratis.XceiverServerRatis (XceiverServerRatis.java:getRealPort(543)) - XceiverServerRatis f550e702-abe2-49cd-8ff2-4b2ec6b34c67 is started using port 15145 for RATIS
2023-08-29 18:55:11,518 [EndpointStateMachine task thread for /0.0.0.0:15108 - 0 ] INFO  ratis.XceiverServerRatis (XceiverServerRatis.java:getRealPort(543)) - XceiverServerRatis f550e702-abe2-49cd-8ff2-4b2ec6b34c67 is started using port 15146 for RATIS_ADMIN
2023-08-29 18:55:11,518 [EndpointStateMachine task thread for /0.0.0.0:15108 - 0 ] INFO  ratis.XceiverServerRatis (XceiverServerRatis.java:getRealPort(543)) - XceiverServerRatis f550e702-abe2-49cd-8ff2-4b2ec6b34c67 is started using port 15147 for RATIS_SERVER
2023-08-29 18:55:11,518 [EndpointStateMachine task thread for /0.0.0.0:15108 - 0 ] INFO  ratis.XceiverServerRatis (XceiverServerRatis.java:getRealPort(543)) - XceiverServerRatis f550e702-abe2-49cd-8ff2-4b2ec6b34c67 is started using port 15148 for RATIS_DATASTREAM
2023-08-29 18:55:11,520 [BlockDeletingService#0] INFO  interfaces.ContainerDeletionChoosingPolicyTemplate (ContainerDeletionChoosingPolicyTemplate.java:chooseContainerForBlockDeletion(85)) - Chosen 0/5000 blocks from 0 candidate containers.
2023-08-29 18:55:11,522 [JvmPauseMonitor19] INFO  util.JvmPauseMonitor (JvmPauseMonitor.java:run(103)) - JvmPauseMonitor-f550e702-abe2-49cd-8ff2-4b2ec6b34c67: Started
2023-08-29 18:55:11,732 [main] INFO  ozone.MiniOzoneClusterImpl (MiniOzoneClusterImpl.java:lambda$waitForClusterToBeReady$0(224)) - Waiting for nodes to be ready. Got 0 of 5 DN Heartbeats.
2023-08-29 18:55:11,732 [main] INFO  ozone.MiniOzoneClusterImpl (MiniOzoneClusterImpl.java:lambda$waitForClusterToBeReady$0(227)) - Waiting for cluster to exit safe mode
2023-08-29 18:55:11,732 [main] INFO  ozone.MiniOzoneClusterImpl (MiniOzoneClusterImpl.java:lambda$waitForClusterToBeReady$0(229)) - SCM became leader
2023-08-29 18:55:11,759 [EndpointStateMachine task thread for /0.0.0.0:15108 - 0 ] INFO  utils.DatanodeStoreCache (DatanodeStoreCache.java:addDB(66)) - Added db /home/runner/work/ozone/ozone/hadoop-ozone/integration-test/target/test-dir/MiniOzoneClusterImpl-e121caef-2a4e-4b75-96a0-c968b96a6505/datanode-4/data-0/containers/hdds/e121caef-2a4e-4b75-96a0-c968b96a6505/DS-e11d3d60-bb73-4d70-86ac-8e954184cb3f/container.db to cache
2023-08-29 18:55:11,759 [EndpointStateMachine task thread for /0.0.0.0:15108 - 0 ] INFO  volume.HddsVolume (HddsVolume.java:createDbStore(422)) - SchemaV3 db is created and loaded at /home/runner/work/ozone/ozone/hadoop-ozone/integration-test/target/test-dir/MiniOzoneClusterImpl-e121caef-2a4e-4b75-96a0-c968b96a6505/datanode-4/data-0/containers/hdds/e121caef-2a4e-4b75-96a0-c968b96a6505/DS-e11d3d60-bb73-4d70-86ac-8e954184cb3f/container.db for volume DS-e11d3d60-bb73-4d70-86ac-8e954184cb3f
2023-08-29 18:55:11,760 [EndpointStateMachine task thread for /0.0.0.0:15108 - 0 ] INFO  volume.ThrottledAsyncChecker (ThrottledAsyncChecker.java:schedule(141)) - Scheduling a check for /home/runner/work/ozone/ozone/hadoop-ozone/integration-test/target/test-dir/MiniOzoneClusterImpl-e121caef-2a4e-4b75-96a0-c968b96a6505/datanode-4/data-0/containers/hdds
2023-08-29 18:55:11,764 [EndpointStateMachine task thread for /0.0.0.0:15108 - 0 ] INFO  volume.StorageVolumeChecker (StorageVolumeChecker.java:checkAllVolumes(213)) - Scheduled health check for volume /home/runner/work/ozone/ozone/hadoop-ozone/integration-test/target/test-dir/MiniOzoneClusterImpl-e121caef-2a4e-4b75-96a0-c968b96a6505/datanode-4/data-0/containers/hdds
2023-08-29 18:55:11,767 [EndpointStateMachine task thread for /0.0.0.0:15108 - 0 ] INFO  volume.ThrottledAsyncChecker (ThrottledAsyncChecker.java:schedule(141)) - Scheduling a check for /home/runner/work/ozone/ozone/hadoop-ozone/integration-test/target/test-dir/MiniOzoneClusterImpl-e121caef-2a4e-4b75-96a0-c968b96a6505/datanode-4/data/ratis
2023-08-29 18:55:11,767 [EndpointStateMachine task thread for /0.0.0.0:15108 - 0 ] INFO  volume.StorageVolumeChecker (StorageVolumeChecker.java:checkAllVolumes(213)) - Scheduled health check for volume /home/runner/work/ozone/ozone/hadoop-ozone/integration-test/target/test-dir/MiniOzoneClusterImpl-e121caef-2a4e-4b75-96a0-c968b96a6505/datanode-4/data/ratis
2023-08-29 18:55:11,768 [EndpointStateMachine task thread for /0.0.0.0:15108 - 0 ] INFO  ozoneimpl.OzoneContainer (OzoneContainer.java:start(429)) - Attempting to start container services.
2023-08-29 18:55:11,768 [EndpointStateMachine task thread for /0.0.0.0:15108 - 0 ] INFO  ozoneimpl.OzoneContainer (OzoneContainer.java:startContainerScrub(325)) - Scheduled background container scanners and the on-demand container scanner have been disabled.
2023-08-29 18:55:11,772 [EndpointStateMachine task thread for /0.0.0.0:15108 - 0 ] INFO  replication.ReplicationServer (ReplicationServer.java:start(130)) - ReplicationServer is started using port 15158
2023-08-29 18:55:11,772 [EndpointStateMachine task thread for /0.0.0.0:15108 - 0 ] INFO  ratis.XceiverServerRatis (XceiverServerRatis.java:start(517)) - Starting XceiverServerRatis 7e144599-01e3-4b85-852c-8ce44e41f20b
2023-08-29 18:55:11,774 [EndpointStateMachine task thread for /0.0.0.0:15108 - 0 ] INFO  server.RaftServer (RaftServerProxy.java:startImpl(400)) - 7e144599-01e3-4b85-852c-8ce44e41f20b: start RPC server
2023-08-29 18:55:11,775 [EndpointStateMachine task thread for /0.0.0.0:15108 - 0 ] INFO  server.GrpcService (GrpcService.java:startImpl(302)) - 7e144599-01e3-4b85-852c-8ce44e41f20b: GrpcService started, listening on 15154
2023-08-29 18:55:11,776 [EndpointStateMachine task thread for /0.0.0.0:15108 - 0 ] INFO  server.GrpcService (GrpcService.java:startImpl(302)) - 7e144599-01e3-4b85-852c-8ce44e41f20b: GrpcService started, listening on 15156
2023-08-29 18:55:11,777 [EndpointStateMachine task thread for /0.0.0.0:15108 - 0 ] INFO  server.GrpcService (GrpcService.java:startImpl(302)) - 7e144599-01e3-4b85-852c-8ce44e41f20b: GrpcService started, listening on 15155
2023-08-29 18:55:11,778 [EndpointStateMachine task thread for /0.0.0.0:15108 - 0 ] INFO  ratis.XceiverServerRatis (XceiverServerRatis.java:getRealPort(543)) - XceiverServerRatis 7e144599-01e3-4b85-852c-8ce44e41f20b is started using port 15154 for RATIS
2023-08-29 18:55:11,778 [EndpointStateMachine task thread for /0.0.0.0:15108 - 0 ] INFO  ratis.XceiverServerRatis (XceiverServerRatis.java:getRealPort(543)) - XceiverServerRatis 7e144599-01e3-4b85-852c-8ce44e41f20b is started using port 15155 for RATIS_ADMIN
2023-08-29 18:55:11,778 [EndpointStateMachine task thread for /0.0.0.0:15108 - 0 ] INFO  ratis.XceiverServerRatis (XceiverServerRatis.java:getRealPort(543)) - XceiverServerRatis 7e144599-01e3-4b85-852c-8ce44e41f20b is started using port 15156 for RATIS_SERVER
2023-08-29 18:55:11,778 [EndpointStateMachine task thread for /0.0.0.0:15108 - 0 ] INFO  ratis.XceiverServerRatis (XceiverServerRatis.java:getRealPort(543)) - XceiverServerRatis 7e144599-01e3-4b85-852c-8ce44e41f20b is started using port 15157 for RATIS_DATASTREAM
2023-08-29 18:55:11,778 [JvmPauseMonitor20] INFO  util.JvmPauseMonitor (JvmPauseMonitor.java:run(103)) - JvmPauseMonitor-7e144599-01e3-4b85-852c-8ce44e41f20b: Started
2023-08-29 18:55:11,783 [BlockDeletingService#0] INFO  interfaces.ContainerDeletionChoosingPolicyTemplate (ContainerDeletionChoosingPolicyTemplate.java:chooseContainerForBlockDeletion(85)) - Chosen 0/5000 blocks from 0 candidate containers.
2023-08-29 18:55:12,629 [IPC Server handler 0 on default port 15108] INFO  net.NetworkTopologyImpl (NetworkTopologyImpl.java:add(112)) - Added a new node: /default-rack/0d210486-d547-40fe-b644-a4a516df2759
2023-08-29 18:55:12,629 [IPC Server handler 0 on default port 15108] INFO  node.SCMNodeManager (SCMNodeManager.java:register(405)) - Registered Data node : 0d210486-d547-40fe-b644-a4a516df2759{ip: 10.1.0.239, host: fv-az225-157.hxhba2eg53duheooqg2bzplbvd.bx.internal.cloudapp.net, ports: [HTTP=15115, CLIENT_RPC=15116, REPLICATION=15122, RATIS=15118, RATIS_ADMIN=15119, RATIS_SERVER=15120, RATIS_DATASTREAM=15121, STANDALONE=15117], networkLocation: /default-rack, certSerialId: null, persistedOpState: null, persistedOpStateExpiryEpochSec: 0}
2023-08-29 18:55:12,636 [EventQueue-NodeRegistrationContainerReportForContainerSafeModeRule] INFO  safemode.SCMSafeModeManager (SCMSafeModeManager.java:validateSafeModeExitRules(200)) - ContainerSafeModeRule rule is successfully validated
2023-08-29 18:55:12,636 [EventQueue-NodeRegistrationContainerReportForDataNodeSafeModeRule] INFO  safemode.SCMSafeModeManager (DataNodeSafeModeRule.java:process(71)) - SCM in safe mode. 1 DataNodes registered, 3 required.
2023-08-29 18:55:12,641 [EventQueue-NewNodeForNewNodeHandler] INFO  pipeline.BackgroundPipelineCreator (BackgroundPipelineCreator.java:notifyEventTriggered(277)) - trigger a one-shot run on RatisPipelineUtilsThread.
2023-08-29 18:55:12,641 [RatisPipelineUtilsThread - 0] INFO  pipeline.RatisPipelineProvider (RatisPipelineProvider.java:lambda$create$0(206)) - Sending CreatePipelineCommand for pipeline:PipelineID=3c52329a-67b6-4560-b9bb-f767498352d0 to datanode:0d210486-d547-40fe-b644-a4a516df2759
2023-08-29 18:55:12,642 [RatisPipelineUtilsThread - 0] INFO  pipeline.BackgroundPipelineCreator (BackgroundPipelineCreator.java:createPipelines(233)) - Created new pipeline Pipeline[ Id: 3c52329a-67b6-4560-b9bb-f767498352d0, Nodes: 0d210486-d547-40fe-b644-a4a516df2759(fv-az225-157.hxhba2eg53duheooqg2bzplbvd.bx.internal.cloudapp.net/10.1.0.239), ReplicationConfig: RATIS/ONE, State:ALLOCATED, leaderId:, CreationTimestamp2023-08-29T18:55:12.641Z[Etc/UTC]]
2023-08-29 18:55:12,643 [EventQueue-PipelineReportForOneReplicaPipelineSafeModeRule] INFO  safemode.SCMSafeModeManager (SCMSafeModeManager.java:validateSafeModeExitRules(200)) - AtleastOneDatanodeReportedRule rule is successfully validated
2023-08-29 18:55:12,733 [main] INFO  ozone.MiniOzoneClusterImpl (MiniOzoneClusterImpl.java:lambda$waitForClusterToBeReady$0(224)) - Waiting for nodes to be ready. Got 1 of 5 DN Heartbeats.
2023-08-29 18:55:12,733 [main] INFO  ozone.MiniOzoneClusterImpl (MiniOzoneClusterImpl.java:lambda$waitForClusterToBeReady$0(227)) - Waiting for cluster to exit safe mode
2023-08-29 18:55:12,733 [main] INFO  ozone.MiniOzoneClusterImpl (MiniOzoneClusterImpl.java:lambda$waitForClusterToBeReady$0(229)) - SCM became leader
2023-08-29 18:55:12,884 [IPC Server handler 2 on default port 15108] INFO  net.NetworkTopologyImpl (NetworkTopologyImpl.java:add(112)) - Added a new node: /default-rack/fe29ea50-ce7d-4d67-99db-5363b98f75df
2023-08-29 18:55:12,884 [IPC Server handler 2 on default port 15108] INFO  node.SCMNodeManager (SCMNodeManager.java:register(405)) - Registered Data node : fe29ea50-ce7d-4d67-99db-5363b98f75df{ip: 10.1.0.239, host: fv-az225-157.hxhba2eg53duheooqg2bzplbvd.bx.internal.cloudapp.net, ports: [HTTP=15124, CLIENT_RPC=15125, REPLICATION=15131, RATIS=15127, RATIS_ADMIN=15128, RATIS_SERVER=15129, RATIS_DATASTREAM=15130, STANDALONE=15126], networkLocation: /default-rack, certSerialId: null, persistedOpState: null, persistedOpStateExpiryEpochSec: 0}
2023-08-29 18:55:12,886 [EventQueue-NewNodeForNewNodeHandler] INFO  pipeline.BackgroundPipelineCreator (BackgroundPipelineCreator.java:notifyEventTriggered(277)) - trigger a one-shot run on RatisPipelineUtilsThread.
2023-08-29 18:55:12,886 [RatisPipelineUtilsThread - 0] INFO  pipeline.RatisPipelineProvider (RatisPipelineProvider.java:lambda$create$0(206)) - Sending CreatePipelineCommand for pipeline:PipelineID=0d0b0b66-b3b8-444a-a7e9-e6d30998028f to datanode:fe29ea50-ce7d-4d67-99db-5363b98f75df
2023-08-29 18:55:12,887 [RatisPipelineUtilsThread - 0] INFO  pipeline.BackgroundPipelineCreator (BackgroundPipelineCreator.java:createPipelines(233)) - Created new pipeline Pipeline[ Id: 0d0b0b66-b3b8-444a-a7e9-e6d30998028f, Nodes: fe29ea50-ce7d-4d67-99db-5363b98f75df(fv-az225-157.hxhba2eg53duheooqg2bzplbvd.bx.internal.cloudapp.net/10.1.0.239), ReplicationConfig: RATIS/ONE, State:ALLOCATED, leaderId:, CreationTimestamp2023-08-29T18:55:12.886Z[Etc/UTC]]
2023-08-29 18:55:12,887 [EventQueue-NodeRegistrationContainerReportForDataNodeSafeModeRule] INFO  safemode.SCMSafeModeManager (DataNodeSafeModeRule.java:process(71)) - SCM in safe mode. 2 DataNodes registered, 3 required.
2023-08-29 18:55:13,178 [IPC Server handler 3 on default port 15108] INFO  net.NetworkTopologyImpl (NetworkTopologyImpl.java:add(112)) - Added a new node: /default-rack/2eaf327d-c8aa-4b69-9e65-db94832273b8
2023-08-29 18:55:13,178 [IPC Server handler 3 on default port 15108] INFO  node.SCMNodeManager (SCMNodeManager.java:register(405)) - Registered Data node : 2eaf327d-c8aa-4b69-9e65-db94832273b8{ip: 10.1.0.239, host: fv-az225-157.hxhba2eg53duheooqg2bzplbvd.bx.internal.cloudapp.net, ports: [HTTP=15133, CLIENT_RPC=15134, REPLICATION=15140, RATIS=15136, RATIS_ADMIN=15137, RATIS_SERVER=15138, RATIS_DATASTREAM=15139, STANDALONE=15135], networkLocation: /default-rack, certSerialId: null, persistedOpState: null, persistedOpStateExpiryEpochSec: 0}
2023-08-29 18:55:13,180 [EventQueue-NodeRegistrationContainerReportForDataNodeSafeModeRule] INFO  safemode.SCMSafeModeManager (DataNodeSafeModeRule.java:process(71)) - SCM in safe mode. 3 DataNodes registered, 3 required.
2023-08-29 18:55:13,180 [EventQueue-NodeRegistrationContainerReportForDataNodeSafeModeRule] INFO  safemode.SCMSafeModeManager (SCMSafeModeManager.java:validateSafeModeExitRules(200)) - DataNodeSafeModeRule rule is successfully validated
2023-08-29 18:55:13,180 [EventQueue-NodeRegistrationContainerReportForDataNodeSafeModeRule] INFO  safemode.SCMSafeModeManager (SCMSafeModeManager.java:completePreCheck(229)) - All SCM safe mode pre check rules have passed
2023-08-29 18:55:13,180 [EventQueue-NodeRegistrationContainerReportForDataNodeSafeModeRule] INFO  ha.SCMContext (SCMContext.java:updateSafeModeStatus(228)) - Update SafeModeStatus from SafeModeStatus{safeModeStatus=true, preCheckPassed=false} to SafeModeStatus{safeModeStatus=true, preCheckPassed=true}.
2023-08-29 18:55:13,180 [EventQueue-NodeRegistrationContainerReportForDataNodeSafeModeRule] INFO  pipeline.BackgroundPipelineCreator (BackgroundPipelineCreator.java:notifyEventTriggered(277)) - trigger a one-shot run on RatisPipelineUtilsThread.
2023-08-29 18:55:13,181 [EventQueue-NewNodeForNewNodeHandler] INFO  pipeline.BackgroundPipelineCreator (BackgroundPipelineCreator.java:notifyEventTriggered(277)) - trigger a one-shot run on RatisPipelineUtilsThread.
2023-08-29 18:55:13,181 [RatisPipelineUtilsThread - 0] INFO  pipeline.RatisPipelineProvider (RatisPipelineProvider.java:lambda$create$0(206)) - Sending CreatePipelineCommand for pipeline:PipelineID=9cb0cbeb-cdf6-4f12-81bc-22dec8a1dbb5 to datanode:2eaf327d-c8aa-4b69-9e65-db94832273b8
2023-08-29 18:55:13,181 [RatisPipelineUtilsThread - 0] INFO  pipeline.BackgroundPipelineCreator (BackgroundPipelineCreator.java:createPipelines(233)) - Created new pipeline Pipeline[ Id: 9cb0cbeb-cdf6-4f12-81bc-22dec8a1dbb5, Nodes: 2eaf327d-c8aa-4b69-9e65-db94832273b8(fv-az225-157.hxhba2eg53duheooqg2bzplbvd.bx.internal.cloudapp.net/10.1.0.239), ReplicationConfig: RATIS/ONE, State:ALLOCATED, leaderId:, CreationTimestamp2023-08-29T18:55:13.181Z[Etc/UTC]]
2023-08-29 18:55:13,182 [RatisPipelineUtilsThread - 0] INFO  pipeline.RatisPipelineProvider (RatisPipelineProvider.java:lambda$create$0(206)) - Sending CreatePipelineCommand for pipeline:PipelineID=5057b0a3-415b-4b82-83f1-8b1bf10ded3e to datanode:0d210486-d547-40fe-b644-a4a516df2759
2023-08-29 18:55:13,182 [RatisPipelineUtilsThread - 0] INFO  pipeline.RatisPipelineProvider (RatisPipelineProvider.java:lambda$create$0(206)) - Sending CreatePipelineCommand for pipeline:PipelineID=5057b0a3-415b-4b82-83f1-8b1bf10ded3e to datanode:2eaf327d-c8aa-4b69-9e65-db94832273b8
2023-08-29 18:55:13,182 [RatisPipelineUtilsThread - 0] INFO  pipeline.RatisPipelineProvider (RatisPipelineProvider.java:lambda$create$0(206)) - Sending CreatePipelineCommand for pipeline:PipelineID=5057b0a3-415b-4b82-83f1-8b1bf10ded3e to datanode:fe29ea50-ce7d-4d67-99db-5363b98f75df
2023-08-29 18:55:13,182 [RatisPipelineUtilsThread - 0] INFO  pipeline.BackgroundPipelineCreator (BackgroundPipelineCreator.java:createPipelines(233)) - Created new pipeline Pipeline[ Id: 5057b0a3-415b-4b82-83f1-8b1bf10ded3e, Nodes: 0d210486-d547-40fe-b644-a4a516df2759(fv-az225-157.hxhba2eg53duheooqg2bzplbvd.bx.internal.cloudapp.net/10.1.0.239)2eaf327d-c8aa-4b69-9e65-db94832273b8(fv-az225-157.hxhba2eg53duheooqg2bzplbvd.bx.internal.cloudapp.net/10.1.0.239)fe29ea50-ce7d-4d67-99db-5363b98f75df(fv-az225-157.hxhba2eg53duheooqg2bzplbvd.bx.internal.cloudapp.net/10.1.0.239), ReplicationConfig: RATIS/THREE, State:ALLOCATED, leaderId:, CreationTimestamp2023-08-29T18:55:13.182Z[Etc/UTC]]
2023-08-29 18:55:13,183 [RatisPipelineUtilsThread - 0] INFO  pipeline.RatisPipelineProvider (RatisPipelineProvider.java:lambda$create$0(206)) - Sending CreatePipelineCommand for pipeline:PipelineID=3f897b43-44f9-42f7-87e7-3b31c3308912 to datanode:2eaf327d-c8aa-4b69-9e65-db94832273b8
2023-08-29 18:55:13,183 [RatisPipelineUtilsThread - 0] INFO  pipeline.RatisPipelineProvider (RatisPipelineProvider.java:lambda$create$0(206)) - Sending CreatePipelineCommand for pipeline:PipelineID=3f897b43-44f9-42f7-87e7-3b31c3308912 to datanode:fe29ea50-ce7d-4d67-99db-5363b98f75df
2023-08-29 18:55:13,183 [RatisPipelineUtilsThread - 0] INFO  pipeline.RatisPipelineProvider (RatisPipelineProvider.java:lambda$create$0(206)) - Sending CreatePipelineCommand for pipeline:PipelineID=3f897b43-44f9-42f7-87e7-3b31c3308912 to datanode:0d210486-d547-40fe-b644-a4a516df2759
2023-08-29 18:55:13,183 [RatisPipelineUtilsThread - 0] INFO  pipeline.PipelineManagerImpl (PipelineManagerImpl.java:recordMetricsForPipeline(914)) - Pipeline: PipelineID=3f897b43-44f9-42f7-87e7-3b31c3308912 contains same datanodes as previous pipelines: PipelineID=5057b0a3-415b-4b82-83f1-8b1bf10ded3e nodeIds: 2eaf327d-c8aa-4b69-9e65-db94832273b8, fe29ea50-ce7d-4d67-99db-5363b98f75df, 0d210486-d547-40fe-b644-a4a516df2759
2023-08-29 18:55:13,184 [RatisPipelineUtilsThread - 0] INFO  pipeline.BackgroundPipelineCreator (BackgroundPipelineCreator.java:createPipelines(233)) - Created new pipeline Pipeline[ Id: 3f897b43-44f9-42f7-87e7-3b31c3308912, Nodes: 2eaf327d-c8aa-4b69-9e65-db94832273b8(fv-az225-157.hxhba2eg53duheooqg2bzplbvd.bx.internal.cloudapp.net/10.1.0.239)fe29ea50-ce7d-4d67-99db-5363b98f75df(fv-az225-157.hxhba2eg53duheooqg2bzplbvd.bx.internal.cloudapp.net/10.1.0.239)0d210486-d547-40fe-b644-a4a516df2759(fv-az225-157.hxhba2eg53duheooqg2bzplbvd.bx.internal.cloudapp.net/10.1.0.239), ReplicationConfig: RATIS/THREE, State:ALLOCATED, leaderId:, CreationTimestamp2023-08-29T18:55:13.183Z[Etc/UTC]]
2023-08-29 18:55:13,472 [IPC Server handler 4 on default port 15108] INFO  net.NetworkTopologyImpl (NetworkTopologyImpl.java:add(112)) - Added a new node: /default-rack/f550e702-abe2-49cd-8ff2-4b2ec6b34c67
2023-08-29 18:55:13,472 [IPC Server handler 4 on default port 15108] INFO  node.SCMNodeManager (SCMNodeManager.java:register(405)) - Registered Data node : f550e702-abe2-49cd-8ff2-4b2ec6b34c67{ip: 10.1.0.239, host: fv-az225-157.hxhba2eg53duheooqg2bzplbvd.bx.internal.cloudapp.net, ports: [HTTP=15142, CLIENT_RPC=15143, REPLICATION=15149, RATIS=15145, RATIS_ADMIN=15146, RATIS_SERVER=15147, RATIS_DATASTREAM=15148, STANDALONE=15144], networkLocation: /default-rack, certSerialId: null, persistedOpState: null, persistedOpStateExpiryEpochSec: 0}
2023-08-29 18:55:13,472 [EventQueue-NewNodeForNewNodeHandler] INFO  pipeline.BackgroundPipelineCreator (BackgroundPipelineCreator.java:notifyEventTriggered(277)) - trigger a one-shot run on RatisPipelineUtilsThread.
2023-08-29 18:55:13,476 [RatisPipelineUtilsThread - 0] INFO  pipeline.RatisPipelineProvider (RatisPipelineProvider.java:lambda$create$0(206)) - Sending CreatePipelineCommand for pipeline:PipelineID=fbe08b15-6371-49f5-87fb-5f1406ecdb75 to datanode:f550e702-abe2-49cd-8ff2-4b2ec6b34c67
2023-08-29 18:55:13,476 [RatisPipelineUtilsThread - 0] INFO  pipeline.BackgroundPipelineCreator (BackgroundPipelineCreator.java:createPipelines(233)) - Created new pipeline Pipeline[ Id: fbe08b15-6371-49f5-87fb-5f1406ecdb75, Nodes: f550e702-abe2-49cd-8ff2-4b2ec6b34c67(fv-az225-157.hxhba2eg53duheooqg2bzplbvd.bx.internal.cloudapp.net/10.1.0.239), ReplicationConfig: RATIS/ONE, State:ALLOCATED, leaderId:, CreationTimestamp2023-08-29T18:55:13.476Z[Etc/UTC]]
2023-08-29 18:55:13,733 [IPC Server handler 1 on default port 15108] INFO  net.NetworkTopologyImpl (NetworkTopologyImpl.java:add(112)) - Added a new node: /default-rack/7e144599-01e3-4b85-852c-8ce44e41f20b
2023-08-29 18:55:13,733 [IPC Server handler 1 on default port 15108] INFO  node.SCMNodeManager (SCMNodeManager.java:register(405)) - Registered Data node : 7e144599-01e3-4b85-852c-8ce44e41f20b{ip: 10.1.0.239, host: fv-az225-157.hxhba2eg53duheooqg2bzplbvd.bx.internal.cloudapp.net, ports: [HTTP=15151, CLIENT_RPC=15152, REPLICATION=15158, RATIS=15154, RATIS_ADMIN=15155, RATIS_SERVER=15156, RATIS_DATASTREAM=15157, STANDALONE=15153], networkLocation: /default-rack, certSerialId: null, persistedOpState: null, persistedOpStateExpiryEpochSec: 0}
2023-08-29 18:55:13,733 [main] INFO  ozone.MiniOzoneClusterImpl (MiniOzoneClusterImpl.java:lambda$waitForClusterToBeReady$0(224)) - Nodes are ready. Got 5 of 5 DN Heartbeats.
2023-08-29 18:55:13,735 [main] INFO  ozone.MiniOzoneClusterImpl (MiniOzoneClusterImpl.java:lambda$waitForClusterToBeReady$0(227)) - Waiting for cluster to exit safe mode
2023-08-29 18:55:13,735 [main] INFO  ozone.MiniOzoneClusterImpl (MiniOzoneClusterImpl.java:lambda$waitForClusterToBeReady$0(229)) - SCM became leader
2023-08-29 18:55:13,735 [EventQueue-NewNodeForNewNodeHandler] INFO  pipeline.BackgroundPipelineCreator (BackgroundPipelineCreator.java:notifyEventTriggered(277)) - trigger a one-shot run on RatisPipelineUtilsThread.
2023-08-29 18:55:13,735 [RatisPipelineUtilsThread - 0] INFO  pipeline.RatisPipelineProvider (RatisPipelineProvider.java:lambda$create$0(206)) - Sending CreatePipelineCommand for pipeline:PipelineID=1794d795-a3ea-4ead-818f-e1650200bd2e to datanode:7e144599-01e3-4b85-852c-8ce44e41f20b
2023-08-29 18:55:13,736 [RatisPipelineUtilsThread - 0] INFO  pipeline.BackgroundPipelineCreator (BackgroundPipelineCreator.java:createPipelines(233)) - Created new pipeline Pipeline[ Id: 1794d795-a3ea-4ead-818f-e1650200bd2e, Nodes: 7e144599-01e3-4b85-852c-8ce44e41f20b(fv-az225-157.hxhba2eg53duheooqg2bzplbvd.bx.internal.cloudapp.net/10.1.0.239), ReplicationConfig: RATIS/ONE, State:ALLOCATED, leaderId:, CreationTimestamp2023-08-29T18:55:13.735Z[Etc/UTC]]
2023-08-29 18:55:14,735 [main] INFO  ozone.MiniOzoneClusterImpl (MiniOzoneClusterImpl.java:lambda$waitForClusterToBeReady$0(224)) - Nodes are ready. Got 5 of 5 DN Heartbeats.
2023-08-29 18:55:14,735 [main] INFO  ozone.MiniOzoneClusterImpl (MiniOzoneClusterImpl.java:lambda$waitForClusterToBeReady$0(227)) - Waiting for cluster to exit safe mode
2023-08-29 18:55:14,735 [main] INFO  ozone.MiniOzoneClusterImpl (MiniOzoneClusterImpl.java:lambda$waitForClusterToBeReady$0(229)) - SCM became leader
2023-08-29 18:55:15,627 [PipelineCommandHandlerThread-0] INFO  server.RaftServer (RaftServerProxy.java:addNew(98)) - 0d210486-d547-40fe-b644-a4a516df2759: addNew group-F767498352D0:[0d210486-d547-40fe-b644-a4a516df2759|rpc:10.1.0.239:15120|admin:10.1.0.239:15119|client:10.1.0.239:15118|dataStream:10.1.0.239:15121|priority:1|startupRole:FOLLOWER] returns group-F767498352D0:java.util.concurrent.CompletableFuture@59e32fe5[Not completed]
2023-08-29 18:55:15,628 [0d210486-d547-40fe-b644-a4a516df2759-groupManagement] INFO  server.RaftServer$Division (RaftServerImpl.java:<init>(198)) - 0d210486-d547-40fe-b644-a4a516df2759: new RaftServerImpl for group-F767498352D0:[0d210486-d547-40fe-b644-a4a516df2759|rpc:10.1.0.239:15120|admin:10.1.0.239:15119|client:10.1.0.239:15118|dataStream:10.1.0.239:15121|priority:1|startupRole:FOLLOWER] with ContainerStateMachine:uninitialized
2023-08-29 18:55:15,628 [0d210486-d547-40fe-b644-a4a516df2759-groupManagement] INFO  server.RaftServerConfigKeys (ConfUtils.java:logGet(46)) - raft.server.rpc.timeout.min = 5s (custom)
2023-08-29 18:55:15,628 [0d210486-d547-40fe-b644-a4a516df2759-groupManagement] INFO  server.RaftServerConfigKeys (ConfUtils.java:logGet(46)) - raft.server.rpc.timeout.max = 5200ms (custom)
2023-08-29 18:55:15,628 [0d210486-d547-40fe-b644-a4a516df2759-groupManagement] INFO  server.RaftServerConfigKeys (ConfUtils.java:logGet(46)) - raft.server.rpc.sleep.time = 25ms (default)
2023-08-29 18:55:15,628 [0d210486-d547-40fe-b644-a4a516df2759-groupManagement] INFO  server.RaftServerConfigKeys (ConfUtils.java:logGet(46)) - raft.server.rpc.slowness.timeout = 300s (custom)
2023-08-29 18:55:15,628 [0d210486-d547-40fe-b644-a4a516df2759-groupManagement] INFO  server.RaftServerConfigKeys (ConfUtils.java:logGet(46)) - raft.server.leaderelection.leader.step-down.wait-time = 10s (default)
2023-08-29 18:55:15,628 [0d210486-d547-40fe-b644-a4a516df2759-groupManagement] INFO  server.RaftServerConfigKeys (ConfUtils.java:logGet(46)) - raft.server.sleep.deviation.threshold = 300ms (default)
2023-08-29 18:55:15,629 [0d210486-d547-40fe-b644-a4a516df2759-groupManagement] INFO  server.RaftServer$Division (ServerState.java:<init>(120)) - 0d210486-d547-40fe-b644-a4a516df2759@group-F767498352D0: ConfigurationManager, init=-1: peers:[0d210486-d547-40fe-b644-a4a516df2759|rpc:10.1.0.239:15120|admin:10.1.0.239:15119|client:10.1.0.239:15118|dataStream:10.1.0.239:15121|priority:1|startupRole:FOLLOWER]|listeners:[], old=null, confs=<EMPTY_MAP>
2023-08-29 18:55:15,629 [0d210486-d547-40fe-b644-a4a516df2759-groupManagement] INFO  server.RaftServerConfigKeys (ConfUtils.java:logGet(46)) - raft.server.storage.dir = [/home/runner/work/ozone/ozone/hadoop-ozone/integration-test/target/test-dir/MiniOzoneClusterImpl-e121caef-2a4e-4b75-96a0-c968b96a6505/datanode-0/data/ratis] (custom)
2023-08-29 18:55:15,629 [0d210486-d547-40fe-b644-a4a516df2759-groupManagement] INFO  server.RaftServerConfigKeys (ConfUtils.java:logGet(46)) - raft.server.log.corruption.policy = EXCEPTION (default)
2023-08-29 18:55:15,629 [0d210486-d547-40fe-b644-a4a516df2759-groupManagement] INFO  server.RaftServerConfigKeys (ConfUtils.java:logGet(46)) - raft.server.storage.free-space.min = 0MB (=0) (default)
2023-08-29 18:55:15,629 [0d210486-d547-40fe-b644-a4a516df2759-groupManagement] INFO  server.RaftServerConfigKeys (ConfUtils.java:logGet(46)) - raft.server.notification.no-leader.timeout = 300s (custom)
2023-08-29 18:55:15,629 [0d210486-d547-40fe-b644-a4a516df2759-groupManagement] INFO  server.RaftServerConfigKeys (ConfUtils.java:logGet(46)) - raft.server.read.timeout = 10s (default)
2023-08-29 18:55:15,629 [0d210486-d547-40fe-b644-a4a516df2759-groupManagement] INFO  server.RaftServerConfigKeys (ConfUtils.java:logGet(46)) - raft.server.retrycache.expirytime = 600000ms (custom)
2023-08-29 18:55:15,629 [0d210486-d547-40fe-b644-a4a516df2759-groupManagement] INFO  server.RaftServerConfigKeys (ConfUtils.java:logGet(46)) - raft.server.retrycache.statistics.expirytime = 100μs (default)
2023-08-29 18:55:15,629 [0d210486-d547-40fe-b644-a4a516df2759-groupManagement] INFO  server.RaftServerConfigKeys (ConfUtils.java:logGet(46)) - raft.server.read.option = DEFAULT (default)
2023-08-29 18:55:15,630 [0d210486-d547-40fe-b644-a4a516df2759-groupManagement] INFO  server.RaftServerConfigKeys (ConfUtils.java:logGet(46)) - raft.server.rpc.request.timeout = 60s (custom)
2023-08-29 18:55:15,630 [0d210486-d547-40fe-b644-a4a516df2759-groupManagement] INFO  server.RaftServerConfigKeys (ConfUtils.java:logGet(46)) - raft.server.log.appender.install.snapshot.enabled = false (custom)
2023-08-29 18:55:15,630 [0d210486-d547-40fe-b644-a4a516df2759-groupManagement] INFO  server.RaftServerConfigKeys (ConfUtils.java:logGet(46)) - raft.server.threadpool.server.cached = true (default)
2023-08-29 18:55:15,630 [0d210486-d547-40fe-b644-a4a516df2759-groupManagement] INFO  server.RaftServerConfigKeys (ConfUtils.java:logGet(46)) - raft.server.threadpool.server.size = 0 (default)
2023-08-29 18:55:15,630 [0d210486-d547-40fe-b644-a4a516df2759-groupManagement] INFO  server.RaftServerConfigKeys (ConfUtils.java:logGet(46)) - raft.server.threadpool.client.cached = true (default)
2023-08-29 18:55:15,630 [0d210486-d547-40fe-b644-a4a516df2759-groupManagement] INFO  server.RaftServerConfigKeys (ConfUtils.java:logGet(46)) - raft.server.threadpool.client.size = 0 (default)
2023-08-29 18:55:15,630 [0d210486-d547-40fe-b644-a4a516df2759-groupManagement] INFO  storage.RaftStorageDirectory (RaftStorageDirectoryImpl.java:analyzeStorage(137)) - The storage directory /home/runner/work/ozone/ozone/hadoop-ozone/integration-test/target/test-dir/MiniOzoneClusterImpl-e121caef-2a4e-4b75-96a0-c968b96a6505/datanode-0/data/ratis/3c52329a-67b6-4560-b9bb-f767498352d0 does not exist. Creating ...
2023-08-29 18:55:15,631 [0d210486-d547-40fe-b644-a4a516df2759-groupManagement] INFO  storage.RaftStorageDirectory (RaftStorageDirectoryImpl.java:tryLock(231)) - Lock on /home/runner/work/ozone/ozone/hadoop-ozone/integration-test/target/test-dir/MiniOzoneClusterImpl-e121caef-2a4e-4b75-96a0-c968b96a6505/datanode-0/data/ratis/3c52329a-67b6-4560-b9bb-f767498352d0/in_use.lock acquired by nodename 61099@fv-az225-157
2023-08-29 18:55:15,632 [0d210486-d547-40fe-b644-a4a516df2759-groupManagement] INFO  storage.RaftStorage (RaftStorageImpl.java:format(96)) - Storage directory /home/runner/work/ozone/ozone/hadoop-ozone/integration-test/target/test-dir/MiniOzoneClusterImpl-e121caef-2a4e-4b75-96a0-c968b96a6505/datanode-0/data/ratis/3c52329a-67b6-4560-b9bb-f767498352d0 has been successfully formatted.
2023-08-29 18:55:15,634 [0d210486-d547-40fe-b644-a4a516df2759-groupManagement] INFO  ratis.ContainerStateMachine (ContainerStateMachine.java:loadSnapshot(262)) - group-F767498352D0: The snapshot info is null. Setting the last applied indexto:(t:0, i:~)
2023-08-29 18:55:15,634 [0d210486-d547-40fe-b644-a4a516df2759-groupManagement] INFO  server.RaftServerConfigKeys (ConfUtils.java:logGet(46)) - raft.server.log.use.memory = false (default)
2023-08-29 18:55:15,634 [0d210486-d547-40fe-b644-a4a516df2759-groupManagement] INFO  server.RaftServerConfigKeys (ConfUtils.java:logGet(46)) - raft.server.log.purge.gap = 1000000 (custom)
2023-08-29 18:55:15,634 [0d210486-d547-40fe-b644-a4a516df2759-groupManagement] INFO  server.RaftServerConfigKeys (ConfUtils.java:logGet(46)) - raft.server.log.appender.buffer.byte-limit = 33554432 (custom)
2023-08-29 18:55:15,634 [0d210486-d547-40fe-b644-a4a516df2759-groupManagement] INFO  server.RaftServerConfigKeys (ConfUtils.java:logGet(46)) - raft.server.log.statemachine.data.read.timeout = 1000ms (default)
2023-08-29 18:55:15,634 [0d210486-d547-40fe-b644-a4a516df2759-groupManagement] INFO  server.RaftServerConfigKeys (ConfUtils.java:logGet(46)) - raft.server.log.purge.preservation.log.num = 0 (default)
2023-08-29 18:55:15,634 [0d210486-d547-40fe-b644-a4a516df2759-groupManagement] INFO  server.RaftServerConfigKeys (ConfUtils.java:logGet(46)) - raft.server.log.segment.size.max = 1048576 (custom)
2023-08-29 18:55:15,634 [0d210486-d547-40fe-b644-a4a516df2759-groupManagement] INFO  server.RaftServerConfigKeys (ConfUtils.java:logGet(46)) - raft.server.log.segment.cache.num.max = 2 (custom)
2023-08-29 18:55:15,634 [0d210486-d547-40fe-b644-a4a516df2759-groupManagement] INFO  server.RaftServerConfigKeys (ConfUtils.java:logGet(46)) - raft.server.log.segment.cache.size.max = 200MB (=209715200) (default)
2023-08-29 18:55:15,635 [0d210486-d547-40fe-b644-a4a516df2759-groupManagement] INFO  server.RaftServerConfigKeys (ConfUtils.java:logGet(46)) - raft.server.log.appender.buffer.byte-limit = 33554432 (custom)
2023-08-29 18:55:15,635 [0d210486-d547-40fe-b644-a4a516df2759-groupManagement] INFO  segmented.SegmentedRaftLogWorker (SegmentedRaftLogWorker.java:<init>(188)) - new 0d210486-d547-40fe-b644-a4a516df2759@group-F767498352D0-SegmentedRaftLogWorker for RaftStorageImpl:Storage Directory /home/runner/work/ozone/ozone/hadoop-ozone/integration-test/target/test-dir/MiniOzoneClusterImpl-e121caef-2a4e-4b75-96a0-c968b96a6505/datanode-0/data/ratis/3c52329a-67b6-4560-b9bb-f767498352d0
2023-08-29 18:55:15,635 [0d210486-d547-40fe-b644-a4a516df2759-groupManagement] INFO  server.RaftServerConfigKeys (ConfUtils.java:logGet(46)) - raft.server.log.queue.byte-limit = 4294967296 (custom)
2023-08-29 18:55:15,635 [0d210486-d547-40fe-b644-a4a516df2759-groupManagement] INFO  server.RaftServerConfigKeys (ConfUtils.java:logGet(46)) - raft.server.log.queue.element-limit = 1024 (custom)
2023-08-29 18:55:15,635 [0d210486-d547-40fe-b644-a4a516df2759-groupManagement] INFO  server.RaftServerConfigKeys (ConfUtils.java:logGet(46)) - raft.server.log.segment.size.max = 1048576 (custom)
2023-08-29 18:55:15,635 [EventQueue-PipelineReportForPipelineReportHandler] INFO  pipeline.PipelineReportHandler (PipelineReportHandler.java:processPipelineReport(136)) - Opened pipeline PipelineID=3c52329a-67b6-4560-b9bb-f767498352d0
2023-08-29 18:55:15,635 [0d210486-d547-40fe-b644-a4a516df2759-groupManagement] INFO  server.RaftServerConfigKeys (ConfUtils.java:logGet(46)) - raft.server.log.preallocated.size = 16384 (custom)
2023-08-29 18:55:15,641 [0d210486-d547-40fe-b644-a4a516df2759-groupManagement] INFO  server.RaftServerConfigKeys (ConfUtils.java:logGet(46)) - raft.server.log.force.sync.num = 128 (default)
2023-08-29 18:55:15,641 [0d210486-d547-40fe-b644-a4a516df2759-groupManagement] INFO  server.RaftServerConfigKeys (ConfUtils.java:logGet(46)) - raft.server.log.statemachine.data.sync = true (default)
2023-08-29 18:55:15,641 [0d210486-d547-40fe-b644-a4a516df2759-groupManagement] INFO  server.RaftServerConfigKeys (ConfUtils.java:logGet(46)) - raft.server.log.statemachine.data.sync.timeout = 10s (default)
2023-08-29 18:55:15,641 [0d210486-d547-40fe-b644-a4a516df2759-groupManagement] INFO  server.RaftServerConfigKeys (ConfUtils.java:logGet(46)) - raft.server.log.statemachine.data.sync.timeout.retry = -1 (default)
2023-08-29 18:55:15,641 [EventQueue-OpenPipelineForHealthyPipelineSafeModeRule] INFO  safemode.SCMSafeModeManager (HealthyPipelineSafeModeRule.java:process(137)) - SCM in safe mode. Healthy pipelines reported count is 0, required healthy pipeline reported count is 1
2023-08-29 18:55:15,642 [0d210486-d547-40fe-b644-a4a516df2759-groupManagement] INFO  server.RaftServerConfigKeys (ConfUtils.java:logGet(46)) - raft.server.log.write.buffer.size = 1048576 (custom)
2023-08-29 18:55:15,642 [0d210486-d547-40fe-b644-a4a516df2759-groupManagement] INFO  server.RaftServerConfigKeys (ConfUtils.java:logGet(46)) - raft.server.log.appender.buffer.byte-limit = 33554432 (custom)
2023-08-29 18:55:15,647 [0d210486-d547-40fe-b644-a4a516df2759-groupManagement] INFO  server.RaftServerConfigKeys (ConfUtils.java:logGet(46)) - raft.server.log.unsafe-flush.enabled = false (default)
2023-08-29 18:55:15,647 [0d210486-d547-40fe-b644-a4a516df2759-groupManagement] INFO  server.RaftServerConfigKeys (ConfUtils.java:logGet(46)) - raft.server.log.async-flush.enabled = false (default)
2023-08-29 18:55:15,647 [0d210486-d547-40fe-b644-a4a516df2759-groupManagement] INFO  server.RaftServerConfigKeys (ConfUtils.java:logGet(46)) - raft.server.log.statemachine.data.caching.enabled = true (custom)
2023-08-29 18:55:15,647 [0d210486-d547-40fe-b644-a4a516df2759-groupManagement] INFO  segmented.SegmentedRaftLogWorker (SegmentedRaftLogWorker.java:lambda$new$0(135)) - 0d210486-d547-40fe-b644-a4a516df2759@group-F767498352D0-SegmentedRaftLogWorker: flushIndex: setUnconditionally 0 -> -1
2023-08-29 18:55:15,647 [0d210486-d547-40fe-b644-a4a516df2759-groupManagement] INFO  segmented.SegmentedRaftLogWorker (SegmentedRaftLogWorker.java:lambda$new$0(135)) - 0d210486-d547-40fe-b644-a4a516df2759@group-F767498352D0-SegmentedRaftLogWorker: safeCacheEvictIndex: setUnconditionally 0 -> -1
2023-08-29 18:55:15,648 [0d210486-d547-40fe-b644-a4a516df2759-groupManagement] INFO  server.RaftServer$Division (RaftServerImpl.java:start(342)) - 0d210486-d547-40fe-b644-a4a516df2759@group-F767498352D0: start as a follower, conf=-1: peers:[0d210486-d547-40fe-b644-a4a516df2759|rpc:10.1.0.239:15120|admin:10.1.0.239:15119|client:10.1.0.239:15118|dataStream:10.1.0.239:15121|priority:1|startupRole:FOLLOWER]|listeners:[], old=null
2023-08-29 18:55:15,648 [0d210486-d547-40fe-b644-a4a516df2759-groupManagement] INFO  server.RaftServer$Division (RaftServerImpl.java:setRole(329)) - 0d210486-d547-40fe-b644-a4a516df2759@group-F767498352D0: changes role from      null to FOLLOWER at term 0 for startAsFollower
2023-08-29 18:55:15,648 [0d210486-d547-40fe-b644-a4a516df2759-groupManagement] INFO  impl.RoleInfo (RoleInfo.java:updateAndGet(139)) - 0d210486-d547-40fe-b644-a4a516df2759: start 0d210486-d547-40fe-b644-a4a516df2759@group-F767498352D0-FollowerState
2023-08-29 18:55:15,651 [0d210486-d547-40fe-b644-a4a516df2759-groupManagement] INFO  util.JmxRegister (JmxRegister.java:tryRegister(44)) - Successfully registered JMX Bean with object name Ratis:service=RaftServer,group=group-F767498352D0,id=0d210486-d547-40fe-b644-a4a516df2759
2023-08-29 18:55:15,651 [0d210486-d547-40fe-b644-a4a516df2759-groupManagement] INFO  server.RaftServerConfigKeys (ConfUtils.java:logGet(46)) - raft.server.snapshot.auto.trigger.enabled = true (custom)
2023-08-29 18:55:15,651 [0d210486-d547-40fe-b644-a4a516df2759-groupManagement] INFO  server.RaftServerConfigKeys (ConfUtils.java:logGet(46)) - raft.server.snapshot.auto.trigger.threshold = 10000 (custom)
2023-08-29 18:55:15,651 [0d210486-d547-40fe-b644-a4a516df2759-groupManagement] INFO  server.RaftServerConfigKeys (ConfUtils.java:logGet(46)) - raft.server.snapshot.retention.file.num = 5 (custom)
2023-08-29 18:55:15,651 [0d210486-d547-40fe-b644-a4a516df2759-groupManagement] INFO  server.RaftServerConfigKeys (ConfUtils.java:logGet(46)) - raft.server.log.purge.upto.snapshot.index = false (default)
2023-08-29 18:55:15,652 [0d210486-d547-40fe-b644-a4a516df2759@group-F767498352D0-FollowerState] INFO  server.RaftServerConfigKeys (ConfUtils.java:logFallback(53)) - raft.server.rpc.first-election.timeout.min = 5s (fallback to raft.server.rpc.timeout.min)
2023-08-29 18:55:15,652 [0d210486-d547-40fe-b644-a4a516df2759@group-F767498352D0-FollowerState] INFO  server.RaftServerConfigKeys (ConfUtils.java:logFallback(53)) - raft.server.rpc.first-election.timeout.max = 5200ms (fallback to raft.server.rpc.timeout.max)
2023-08-29 18:55:15,652 [PipelineCommandHandlerThread-0] INFO  ratis.XceiverServerRatis (XceiverServerRatis.java:addGroup(804)) - Created group PipelineID=3c52329a-67b6-4560-b9bb-f767498352d0
2023-08-29 18:55:15,652 [PipelineCommandHandlerThread-0] INFO  commandhandler.CreatePipelineCommandHandler (CreatePipelineCommandHandler.java:lambda$handle$2(124)) - Created Pipeline RATIS ONE PipelineID=3c52329a-67b6-4560-b9bb-f767498352d0.
2023-08-29 18:55:15,652 [PipelineCommandHandlerThread-0] INFO  server.RaftServer (RaftServerProxy.java:addNew(98)) - 0d210486-d547-40fe-b644-a4a516df2759: addNew group-8B1BF10DED3E:[fe29ea50-ce7d-4d67-99db-5363b98f75df|rpc:10.1.0.239:15129|admin:10.1.0.239:15128|client:10.1.0.239:15127|dataStream:10.1.0.239:15130|priority:0|startupRole:FOLLOWER, 0d210486-d547-40fe-b644-a4a516df2759|rpc:10.1.0.239:15120|admin:10.1.0.239:15119|client:10.1.0.239:15118|dataStream:10.1.0.239:15121|priority:1|startupRole:FOLLOWER, 2eaf327d-c8aa-4b69-9e65-db94832273b8|rpc:10.1.0.239:15138|admin:10.1.0.239:15137|client:10.1.0.239:15136|dataStream:10.1.0.239:15139|priority:0|startupRole:FOLLOWER] returns group-8B1BF10DED3E:java.util.concurrent.CompletableFuture@5ddcb001[Not completed]
2023-08-29 18:55:15,653 [0d210486-d547-40fe-b644-a4a516df2759-groupManagement] INFO  server.RaftServer$Division (RaftServerImpl.java:<init>(198)) - 0d210486-d547-40fe-b644-a4a516df2759: new RaftServerImpl for group-8B1BF10DED3E:[fe29ea50-ce7d-4d67-99db-5363b98f75df|rpc:10.1.0.239:15129|admin:10.1.0.239:15128|client:10.1.0.239:15127|dataStream:10.1.0.239:15130|priority:0|startupRole:FOLLOWER, 0d210486-d547-40fe-b644-a4a516df2759|rpc:10.1.0.239:15120|admin:10.1.0.239:15119|client:10.1.0.239:15118|dataStream:10.1.0.239:15121|priority:1|startupRole:FOLLOWER, 2eaf327d-c8aa-4b69-9e65-db94832273b8|rpc:10.1.0.239:15138|admin:10.1.0.239:15137|client:10.1.0.239:15136|dataStream:10.1.0.239:15139|priority:0|startupRole:FOLLOWER] with ContainerStateMachine:uninitialized
2023-08-29 18:55:15,653 [0d210486-d547-40fe-b644-a4a516df2759-groupManagement] INFO  server.RaftServerConfigKeys (ConfUtils.java:logGet(46)) - raft.server.rpc.timeout.min = 5s (custom)
2023-08-29 18:55:15,653 [0d210486-d547-40fe-b644-a4a516df2759-groupManagement] INFO  server.RaftServerConfigKeys (ConfUtils.java:logGet(46)) - raft.server.rpc.timeout.max = 5200ms (custom)
2023-08-29 18:55:15,653 [0d210486-d547-40fe-b644-a4a516df2759-groupManagement] INFO  server.RaftServerConfigKeys (ConfUtils.java:logGet(46)) - raft.server.rpc.sleep.time = 25ms (default)
2023-08-29 18:55:15,653 [0d210486-d547-40fe-b644-a4a516df2759-groupManagement] INFO  server.RaftServerConfigKeys (ConfUtils.java:logGet(46)) - raft.server.rpc.slowness.timeout = 300s (custom)
2023-08-29 18:55:15,653 [0d210486-d547-40fe-b644-a4a516df2759-groupManagement] INFO  server.RaftServerConfigKeys (ConfUtils.java:logGet(46)) - raft.server.leaderelection.leader.step-down.wait-time = 10s (default)
2023-08-29 18:55:15,653 [0d210486-d547-40fe-b644-a4a516df2759-groupManagement] INFO  server.RaftServerConfigKeys (ConfUtils.java:logGet(46)) - raft.server.sleep.deviation.threshold = 300ms (default)
2023-08-29 18:55:15,653 [0d210486-d547-40fe-b644-a4a516df2759-groupManagement] INFO  server.RaftServer$Division (ServerState.java:<init>(120)) - 0d210486-d547-40fe-b644-a4a516df2759@group-8B1BF10DED3E: ConfigurationManager, init=-1: peers:[fe29ea50-ce7d-4d67-99db-5363b98f75df|rpc:10.1.0.239:15129|admin:10.1.0.239:15128|client:10.1.0.239:15127|dataStream:10.1.0.239:15130|priority:0|startupRole:FOLLOWER, 0d210486-d547-40fe-b644-a4a516df2759|rpc:10.1.0.239:15120|admin:10.1.0.239:15119|client:10.1.0.239:15118|dataStream:10.1.0.239:15121|priority:1|startupRole:FOLLOWER, 2eaf327d-c8aa-4b69-9e65-db94832273b8|rpc:10.1.0.239:15138|admin:10.1.0.239:15137|client:10.1.0.239:15136|dataStream:10.1.0.239:15139|priority:0|startupRole:FOLLOWER]|listeners:[], old=null, confs=<EMPTY_MAP>
2023-08-29 18:55:15,653 [0d210486-d547-40fe-b644-a4a516df2759-groupManagement] INFO  server.RaftServerConfigKeys (ConfUtils.java:logGet(46)) - raft.server.storage.dir = [/home/runner/work/ozone/ozone/hadoop-ozone/integration-test/target/test-dir/MiniOzoneClusterImpl-e121caef-2a4e-4b75-96a0-c968b96a6505/datanode-0/data/ratis] (custom)
2023-08-29 18:55:15,653 [0d210486-d547-40fe-b644-a4a516df2759-groupManagement] INFO  server.RaftServerConfigKeys (ConfUtils.java:logGet(46)) - raft.server.log.corruption.policy = EXCEPTION (default)
2023-08-29 18:55:15,654 [0d210486-d547-40fe-b644-a4a516df2759-groupManagement] INFO  server.RaftServerConfigKeys (ConfUtils.java:logGet(46)) - raft.server.storage.free-space.min = 0MB (=0) (default)
2023-08-29 18:55:15,654 [0d210486-d547-40fe-b644-a4a516df2759-groupManagement] INFO  server.RaftServerConfigKeys (ConfUtils.java:logGet(46)) - raft.server.notification.no-leader.timeout = 300s (custom)
2023-08-29 18:55:15,654 [0d210486-d547-40fe-b644-a4a516df2759-groupManagement] INFO  server.RaftServerConfigKeys (ConfUtils.java:logGet(46)) - raft.server.read.timeout = 10s (default)
2023-08-29 18:55:15,654 [0d210486-d547-40fe-b644-a4a516df2759-groupManagement] INFO  server.RaftServerConfigKeys (ConfUtils.java:logGet(46)) - raft.server.retrycache.expirytime = 600000ms (custom)
2023-08-29 18:55:15,654 [0d210486-d547-40fe-b644-a4a516df2759-groupManagement] INFO  server.RaftServerConfigKeys (ConfUtils.java:logGet(46)) - raft.server.retrycache.statistics.expirytime = 100μs (default)
2023-08-29 18:55:15,654 [0d210486-d547-40fe-b644-a4a516df2759-groupManagement] INFO  server.RaftServerConfigKeys (ConfUtils.java:logGet(46)) - raft.server.read.option = DEFAULT (default)
2023-08-29 18:55:15,654 [0d210486-d547-40fe-b644-a4a516df2759-groupManagement] INFO  server.RaftServerConfigKeys (ConfUtils.java:logGet(46)) - raft.server.rpc.request.timeout = 60s (custom)
2023-08-29 18:55:15,654 [0d210486-d547-40fe-b644-a4a516df2759-groupManagement] INFO  server.RaftServerConfigKeys (ConfUtils.java:logGet(46)) - raft.server.log.appender.install.snapshot.enabled = false (custom)
2023-08-29 18:55:15,654 [0d210486-d547-40fe-b644-a4a516df2759-groupManagement] INFO  server.RaftServerConfigKeys (ConfUtils.java:logGet(46)) - raft.server.threadpool.server.cached = true (default)
2023-08-29 18:55:15,654 [0d210486-d547-40fe-b644-a4a516df2759-groupManagement] INFO  server.RaftServerConfigKeys (ConfUtils.java:logGet(46)) - raft.server.threadpool.server.size = 0 (default)
2023-08-29 18:55:15,654 [0d210486-d547-40fe-b644-a4a516df2759-groupManagement] INFO  server.RaftServerConfigKeys (ConfUtils.java:logGet(46)) - raft.server.threadpool.client.cached = true (default)
2023-08-29 18:55:15,655 [0d210486-d547-40fe-b644-a4a516df2759-groupManagement] INFO  server.RaftServerConfigKeys (ConfUtils.java:logGet(46)) - raft.server.threadpool.client.size = 0 (default)
2023-08-29 18:55:15,655 [0d210486-d547-40fe-b644-a4a516df2759-groupManagement] INFO  storage.RaftStorageDirectory (RaftStorageDirectoryImpl.java:analyzeStorage(137)) - The storage directory /home/runner/work/ozone/ozone/hadoop-ozone/integration-test/target/test-dir/MiniOzoneClusterImpl-e121caef-2a4e-4b75-96a0-c968b96a6505/datanode-0/data/ratis/5057b0a3-415b-4b82-83f1-8b1bf10ded3e does not exist. Creating ...
2023-08-29 18:55:15,657 [0d210486-d547-40fe-b644-a4a516df2759-groupManagement] INFO  storage.RaftStorageDirectory (RaftStorageDirectoryImpl.java:tryLock(231)) - Lock on /home/runner/work/ozone/ozone/hadoop-ozone/integration-test/target/test-dir/MiniOzoneClusterImpl-e121caef-2a4e-4b75-96a0-c968b96a6505/datanode-0/data/ratis/5057b0a3-415b-4b82-83f1-8b1bf10ded3e/in_use.lock acquired by nodename 61099@fv-az225-157
2023-08-29 18:55:15,662 [0d210486-d547-40fe-b644-a4a516df2759-groupManagement] INFO  storage.RaftStorage (RaftStorageImpl.java:format(96)) - Storage directory /home/runner/work/ozone/ozone/hadoop-ozone/integration-test/target/test-dir/MiniOzoneClusterImpl-e121caef-2a4e-4b75-96a0-c968b96a6505/datanode-0/data/ratis/5057b0a3-415b-4b82-83f1-8b1bf10ded3e has been successfully formatted.
2023-08-29 18:55:15,663 [0d210486-d547-40fe-b644-a4a516df2759-groupManagement] INFO  ratis.ContainerStateMachine (ContainerStateMachine.java:loadSnapshot(262)) - group-8B1BF10DED3E: The snapshot info is null. Setting the last applied indexto:(t:0, i:~)
2023-08-29 18:55:15,663 [0d210486-d547-40fe-b644-a4a516df2759-groupManagement] INFO  server.RaftServerConfigKeys (ConfUtils.java:logGet(46)) - raft.server.log.use.memory = false (default)
2023-08-29 18:55:15,664 [EventQueue-OpenPipelineForHealthyPipelineSafeModeRule] INFO  safemode.SCMSafeModeManager (HealthyPipelineSafeModeRule.java:process(137)) - SCM in safe mode. Healthy pipelines reported count is 0, required healthy pipeline reported count is 1
2023-08-29 18:55:15,664 [0d210486-d547-40fe-b644-a4a516df2759-groupManagement] INFO  server.RaftServerConfigKeys (ConfUtils.java:logGet(46)) - raft.server.log.purge.gap = 1000000 (custom)
2023-08-29 18:55:15,665 [0d210486-d547-40fe-b644-a4a516df2759-groupManagement] INFO  server.RaftServerConfigKeys (ConfUtils.java:logGet(46)) - raft.server.log.appender.buffer.byte-limit = 33554432 (custom)
2023-08-29 18:55:15,665 [0d210486-d547-40fe-b644-a4a516df2759-groupManagement] INFO  server.RaftServerConfigKeys (ConfUtils.java:logGet(46)) - raft.server.log.statemachine.data.read.timeout = 1000ms (default)
2023-08-29 18:55:15,665 [0d210486-d547-40fe-b644-a4a516df2759-groupManagement] INFO  server.RaftServerConfigKeys (ConfUtils.java:logGet(46)) - raft.server.log.purge.preservation.log.num = 0 (default)
2023-08-29 18:55:15,665 [0d210486-d547-40fe-b644-a4a516df2759-groupManagement] INFO  server.RaftServerConfigKeys (ConfUtils.java:logGet(46)) - raft.server.log.segment.size.max = 1048576 (custom)
2023-08-29 18:55:15,666 [0d210486-d547-40fe-b644-a4a516df2759-groupManagement] INFO  server.RaftServerConfigKeys (ConfUtils.java:logGet(46)) - raft.server.log.segment.cache.num.max = 2 (custom)
2023-08-29 18:55:15,666 [0d210486-d547-40fe-b644-a4a516df2759-groupManagement] INFO  server.RaftServerConfigKeys (ConfUtils.java:logGet(46)) - raft.server.log.segment.cache.size.max = 200MB (=209715200) (default)
2023-08-29 18:55:15,666 [0d210486-d547-40fe-b644-a4a516df2759-groupManagement] INFO  server.RaftServerConfigKeys (ConfUtils.java:logGet(46)) - raft.server.log.appender.buffer.byte-limit = 33554432 (custom)
2023-08-29 18:55:15,666 [0d210486-d547-40fe-b644-a4a516df2759-groupManagement] INFO  segmented.SegmentedRaftLogWorker (SegmentedRaftLogWorker.java:<init>(188)) - new 0d210486-d547-40fe-b644-a4a516df2759@group-8B1BF10DED3E-SegmentedRaftLogWorker for RaftStorageImpl:Storage Directory /home/runner/work/ozone/ozone/hadoop-ozone/integration-test/target/test-dir/MiniOzoneClusterImpl-e121caef-2a4e-4b75-96a0-c968b96a6505/datanode-0/data/ratis/5057b0a3-415b-4b82-83f1-8b1bf10ded3e
2023-08-29 18:55:15,666 [0d210486-d547-40fe-b644-a4a516df2759-groupManagement] INFO  server.RaftServerConfigKeys (ConfUtils.java:logGet(46)) - raft.server.log.queue.byte-limit = 4294967296 (custom)
2023-08-29 18:55:15,666 [0d210486-d547-40fe-b644-a4a516df2759-groupManagement] INFO  server.RaftServerConfigKeys (ConfUtils.java:logGet(46)) - raft.server.log.queue.element-limit = 1024 (custom)
2023-08-29 18:55:15,666 [0d210486-d547-40fe-b644-a4a516df2759-groupManagement] INFO  server.RaftServerConfigKeys (ConfUtils.java:logGet(46)) - raft.server.log.segment.size.max = 1048576 (custom)
2023-08-29 18:55:15,666 [0d210486-d547-40fe-b644-a4a516df2759-groupManagement] INFO  server.RaftServerConfigKeys (ConfUtils.java:logGet(46)) - raft.server.log.preallocated.size = 16384 (custom)
2023-08-29 18:55:15,667 [0d210486-d547-40fe-b644-a4a516df2759-groupManagement] INFO  server.RaftServerConfigKeys (ConfUtils.java:logGet(46)) - raft.server.log.force.sync.num = 128 (default)
2023-08-29 18:55:15,667 [0d210486-d547-40fe-b644-a4a516df2759-groupManagement] INFO  server.RaftServerConfigKeys (ConfUtils.java:logGet(46)) - raft.server.log.statemachine.data.sync = true (default)
2023-08-29 18:55:15,667 [0d210486-d547-40fe-b644-a4a516df2759-groupManagement] INFO  server.RaftServerConfigKeys (ConfUtils.java:logGet(46)) - raft.server.log.statemachine.data.sync.timeout = 10s (default)
2023-08-29 18:55:15,667 [0d210486-d547-40fe-b644-a4a516df2759-groupManagement] INFO  server.RaftServerConfigKeys (ConfUtils.java:logGet(46)) - raft.server.log.statemachine.data.sync.timeout.retry = -1 (default)
2023-08-29 18:55:15,668 [0d210486-d547-40fe-b644-a4a516df2759-groupManagement] INFO  server.RaftServerConfigKeys (ConfUtils.java:logGet(46)) - raft.server.log.write.buffer.size = 1048576 (custom)
2023-08-29 18:55:15,668 [0d210486-d547-40fe-b644-a4a516df2759-groupManagement] INFO  server.RaftServerConfigKeys (ConfUtils.java:logGet(46)) - raft.server.log.appender.buffer.byte-limit = 33554432 (custom)
2023-08-29 18:55:15,678 [0d210486-d547-40fe-b644-a4a516df2759-groupManagement] INFO  server.RaftServerConfigKeys (ConfUtils.java:logGet(46)) - raft.server.log.unsafe-flush.enabled = false (default)
2023-08-29 18:55:15,679 [0d210486-d547-40fe-b644-a4a516df2759-groupManagement] INFO  server.RaftServerConfigKeys (ConfUtils.java:logGet(46)) - raft.server.log.async-flush.enabled = false (default)
2023-08-29 18:55:15,679 [0d210486-d547-40fe-b644-a4a516df2759-groupManagement] INFO  server.RaftServerConfigKeys (ConfUtils.java:logGet(46)) - raft.server.log.statemachine.data.caching.enabled = true (custom)
2023-08-29 18:55:15,679 [0d210486-d547-40fe-b644-a4a516df2759-groupManagement] INFO  segmented.SegmentedRaftLogWorker (SegmentedRaftLogWorker.java:lambda$new$0(135)) - 0d210486-d547-40fe-b644-a4a516df2759@group-8B1BF10DED3E-SegmentedRaftLogWorker: flushIndex: setUnconditionally 0 -> -1
2023-08-29 18:55:15,679 [0d210486-d547-40fe-b644-a4a516df2759-groupManagement] INFO  segmented.SegmentedRaftLogWorker (SegmentedRaftLogWorker.java:lambda$new$0(135)) - 0d210486-d547-40fe-b644-a4a516df2759@group-8B1BF10DED3E-SegmentedRaftLogWorker: safeCacheEvictIndex: setUnconditionally 0 -> -1
2023-08-29 18:55:15,680 [0d210486-d547-40fe-b644-a4a516df2759-groupManagement] INFO  server.RaftServer$Division (RaftServerImpl.java:start(342)) - 0d210486-d547-40fe-b644-a4a516df2759@group-8B1BF10DED3E: start as a follower, conf=-1: peers:[fe29ea50-ce7d-4d67-99db-5363b98f75df|rpc:10.1.0.239:15129|admin:10.1.0.239:15128|client:10.1.0.239:15127|dataStream:10.1.0.239:15130|priority:0|startupRole:FOLLOWER, 0d210486-d547-40fe-b644-a4a516df2759|rpc:10.1.0.239:15120|admin:10.1.0.239:15119|client:10.1.0.239:15118|dataStream:10.1.0.239:15121|priority:1|startupRole:FOLLOWER, 2eaf327d-c8aa-4b69-9e65-db94832273b8|rpc:10.1.0.239:15138|admin:10.1.0.239:15137|client:10.1.0.239:15136|dataStream:10.1.0.239:15139|priority:0|startupRole:FOLLOWER]|listeners:[], old=null
2023-08-29 18:55:15,680 [0d210486-d547-40fe-b644-a4a516df2759-groupManagement] INFO  server.RaftServer$Division (RaftServerImpl.java:setRole(329)) - 0d210486-d547-40fe-b644-a4a516df2759@group-8B1BF10DED3E: changes role from      null to FOLLOWER at term 0 for startAsFollower
2023-08-29 18:55:15,680 [0d210486-d547-40fe-b644-a4a516df2759-groupManagement] INFO  impl.RoleInfo (RoleInfo.java:updateAndGet(139)) - 0d210486-d547-40fe-b644-a4a516df2759: start 0d210486-d547-40fe-b644-a4a516df2759@group-8B1BF10DED3E-FollowerState
2023-08-29 18:55:15,682 [0d210486-d547-40fe-b644-a4a516df2759-groupManagement] INFO  util.JmxRegister (JmxRegister.java:tryRegister(44)) - Successfully registered JMX Bean with object name Ratis:service=RaftServer,group=group-8B1BF10DED3E,id=0d210486-d547-40fe-b644-a4a516df2759
2023-08-29 18:55:15,682 [0d210486-d547-40fe-b644-a4a516df2759-groupManagement] INFO  server.RaftServerConfigKeys (ConfUtils.java:logGet(46)) - raft.server.snapshot.auto.trigger.enabled = true (custom)
2023-08-29 18:55:15,682 [0d210486-d547-40fe-b644-a4a516df2759-groupManagement] INFO  server.RaftServerConfigKeys (ConfUtils.java:logGet(46)) - raft.server.snapshot.auto.trigger.threshold = 10000 (custom)
2023-08-29 18:55:15,682 [0d210486-d547-40fe-b644-a4a516df2759-groupManagement] INFO  server.RaftServerConfigKeys (ConfUtils.java:logGet(46)) - raft.server.snapshot.retention.file.num = 5 (custom)
2023-08-29 18:55:15,682 [0d210486-d547-40fe-b644-a4a516df2759-groupManagement] INFO  server.RaftServerConfigKeys (ConfUtils.java:logGet(46)) - raft.server.log.purge.upto.snapshot.index = false (default)
2023-08-29 18:55:15,682 [0d210486-d547-40fe-b644-a4a516df2759@group-8B1BF10DED3E-FollowerState] INFO  server.RaftServerConfigKeys (ConfUtils.java:logFallback(53)) - raft.server.rpc.first-election.timeout.min = 5s (fallback to raft.server.rpc.timeout.min)
2023-08-29 18:55:15,682 [0d210486-d547-40fe-b644-a4a516df2759@group-8B1BF10DED3E-FollowerState] INFO  server.RaftServerConfigKeys (ConfUtils.java:logFallback(53)) - raft.server.rpc.first-election.timeout.max = 5200ms (fallback to raft.server.rpc.timeout.max)
2023-08-29 18:55:15,682 [PipelineCommandHandlerThread-0] INFO  ratis.XceiverServerRatis (XceiverServerRatis.java:addGroup(804)) - Created group PipelineID=5057b0a3-415b-4b82-83f1-8b1bf10ded3e
2023-08-29 18:55:15,692 [grpc-default-executor-5] INFO  server.RaftServer (RaftServerProxy.java:addNew(98)) - 2eaf327d-c8aa-4b69-9e65-db94832273b8: addNew group-8B1BF10DED3E:[fe29ea50-ce7d-4d67-99db-5363b98f75df|rpc:10.1.0.239:15129|admin:10.1.0.239:15128|client:10.1.0.239:15127|dataStream:10.1.0.239:15130|priority:0|startupRole:FOLLOWER, 0d210486-d547-40fe-b644-a4a516df2759|rpc:10.1.0.239:15120|admin:10.1.0.239:15119|client:10.1.0.239:15118|dataStream:10.1.0.239:15121|priority:1|startupRole:FOLLOWER, 2eaf327d-c8aa-4b69-9e65-db94832273b8|rpc:10.1.0.239:15138|admin:10.1.0.239:15137|client:10.1.0.239:15136|dataStream:10.1.0.239:15139|priority:0|startupRole:FOLLOWER] returns group-8B1BF10DED3E:java.util.concurrent.CompletableFuture@54ef5d96[Not completed]
2023-08-29 18:55:15,693 [2eaf327d-c8aa-4b69-9e65-db94832273b8-groupManagement] INFO  server.RaftServer$Division (RaftServerImpl.java:<init>(198)) - 2eaf327d-c8aa-4b69-9e65-db94832273b8: new RaftServerImpl for group-8B1BF10DED3E:[fe29ea50-ce7d-4d67-99db-5363b98f75df|rpc:10.1.0.239:15129|admin:10.1.0.239:15128|client:10.1.0.239:15127|dataStream:10.1.0.239:15130|priority:0|startupRole:FOLLOWER, 0d210486-d547-40fe-b644-a4a516df2759|rpc:10.1.0.239:15120|admin:10.1.0.239:15119|client:10.1.0.239:15118|dataStream:10.1.0.239:15121|priority:1|startupRole:FOLLOWER, 2eaf327d-c8aa-4b69-9e65-db94832273b8|rpc:10.1.0.239:15138|admin:10.1.0.239:15137|client:10.1.0.239:15136|dataStream:10.1.0.239:15139|priority:0|startupRole:FOLLOWER] with ContainerStateMachine:uninitialized
2023-08-29 18:55:15,693 [2eaf327d-c8aa-4b69-9e65-db94832273b8-groupManagement] INFO  server.RaftServerConfigKeys (ConfUtils.java:logGet(46)) - raft.server.rpc.timeout.min = 5s (custom)
2023-08-29 18:55:15,693 [2eaf327d-c8aa-4b69-9e65-db94832273b8-groupManagement] INFO  server.RaftServerConfigKeys (ConfUtils.java:logGet(46)) - raft.server.rpc.timeout.max = 5200ms (custom)
2023-08-29 18:55:15,693 [2eaf327d-c8aa-4b69-9e65-db94832273b8-groupManagement] INFO  server.RaftServerConfigKeys (ConfUtils.java:logGet(46)) - raft.server.rpc.sleep.time = 25ms (default)
2023-08-29 18:55:15,693 [2eaf327d-c8aa-4b69-9e65-db94832273b8-groupManagement] INFO  server.RaftServerConfigKeys (ConfUtils.java:logGet(46)) - raft.server.rpc.slowness.timeout = 300s (custom)
2023-08-29 18:55:15,694 [2eaf327d-c8aa-4b69-9e65-db94832273b8-groupManagement] INFO  server.RaftServerConfigKeys (ConfUtils.java:logGet(46)) - raft.server.leaderelection.leader.step-down.wait-time = 10s (default)
2023-08-29 18:55:15,694 [2eaf327d-c8aa-4b69-9e65-db94832273b8-groupManagement] INFO  server.RaftServerConfigKeys (ConfUtils.java:logGet(46)) - raft.server.sleep.deviation.threshold = 300ms (default)
2023-08-29 18:55:15,694 [2eaf327d-c8aa-4b69-9e65-db94832273b8-groupManagement] INFO  server.RaftServer$Division (ServerState.java:<init>(120)) - 2eaf327d-c8aa-4b69-9e65-db94832273b8@group-8B1BF10DED3E: ConfigurationManager, init=-1: peers:[fe29ea50-ce7d-4d67-99db-5363b98f75df|rpc:10.1.0.239:15129|admin:10.1.0.239:15128|client:10.1.0.239:15127|dataStream:10.1.0.239:15130|priority:0|startupRole:FOLLOWER, 0d210486-d547-40fe-b644-a4a516df2759|rpc:10.1.0.239:15120|admin:10.1.0.239:15119|client:10.1.0.239:15118|dataStream:10.1.0.239:15121|priority:1|startupRole:FOLLOWER, 2eaf327d-c8aa-4b69-9e65-db94832273b8|rpc:10.1.0.239:15138|admin:10.1.0.239:15137|client:10.1.0.239:15136|dataStream:10.1.0.239:15139|priority:0|startupRole:FOLLOWER]|listeners:[], old=null, confs=<EMPTY_MAP>
2023-08-29 18:55:15,694 [2eaf327d-c8aa-4b69-9e65-db94832273b8-groupManagement] INFO  server.RaftServerConfigKeys (ConfUtils.java:logGet(46)) - raft.server.storage.dir = [/home/runner/work/ozone/ozone/hadoop-ozone/integration-test/target/test-dir/MiniOzoneClusterImpl-e121caef-2a4e-4b75-96a0-c968b96a6505/datanode-2/data/ratis] (custom)
2023-08-29 18:55:15,694 [2eaf327d-c8aa-4b69-9e65-db94832273b8-groupManagement] INFO  server.RaftServerConfigKeys (ConfUtils.java:logGet(46)) - raft.server.log.corruption.policy = EXCEPTION (default)
2023-08-29 18:55:15,694 [2eaf327d-c8aa-4b69-9e65-db94832273b8-groupManagement] INFO  server.RaftServerConfigKeys (ConfUtils.java:logGet(46)) - raft.server.storage.free-space.min = 0MB (=0) (default)
2023-08-29 18:55:15,694 [2eaf327d-c8aa-4b69-9e65-db94832273b8-groupManagement] INFO  server.RaftServerConfigKeys (ConfUtils.java:logGet(46)) - raft.server.notification.no-leader.timeout = 300s (custom)
2023-08-29 18:55:15,694 [2eaf327d-c8aa-4b69-9e65-db94832273b8-groupManagement] INFO  server.RaftServerConfigKeys (ConfUtils.java:logGet(46)) - raft.server.read.timeout = 10s (default)
2023-08-29 18:55:15,694 [2eaf327d-c8aa-4b69-9e65-db94832273b8-groupManagement] INFO  server.RaftServerConfigKeys (ConfUtils.java:logGet(46)) - raft.server.retrycache.expirytime = 600000ms (custom)
2023-08-29 18:55:15,694 [2eaf327d-c8aa-4b69-9e65-db94832273b8-groupManagement] INFO  server.RaftServerConfigKeys (ConfUtils.java:logGet(46)) - raft.server.retrycache.statistics.expirytime = 100μs (default)
2023-08-29 18:55:15,694 [2eaf327d-c8aa-4b69-9e65-db94832273b8-groupManagement] INFO  server.RaftServerConfigKeys (ConfUtils.java:logGet(46)) - raft.server.read.option = DEFAULT (default)
2023-08-29 18:55:15,695 [2eaf327d-c8aa-4b69-9e65-db94832273b8-groupManagement] INFO  server.RaftServerConfigKeys (ConfUtils.java:logGet(46)) - raft.server.rpc.request.timeout = 60s (custom)
2023-08-29 18:55:15,695 [2eaf327d-c8aa-4b69-9e65-db94832273b8-groupManagement] INFO  server.RaftServerConfigKeys (ConfUtils.java:logGet(46)) - raft.server.log.appender.install.snapshot.enabled = false (custom)
2023-08-29 18:55:15,695 [2eaf327d-c8aa-4b69-9e65-db94832273b8-groupManagement] INFO  server.RaftServerConfigKeys (ConfUtils.java:logGet(46)) - raft.server.threadpool.server.cached = true (default)
2023-08-29 18:55:15,696 [2eaf327d-c8aa-4b69-9e65-db94832273b8-groupManagement] INFO  server.RaftServerConfigKeys (ConfUtils.java:logGet(46)) - raft.server.threadpool.server.size = 0 (default)
2023-08-29 18:55:15,696 [2eaf327d-c8aa-4b69-9e65-db94832273b8-groupManagement] INFO  server.RaftServerConfigKeys (ConfUtils.java:logGet(46)) - raft.server.threadpool.client.cached = true (default)
2023-08-29 18:55:15,696 [2eaf327d-c8aa-4b69-9e65-db94832273b8-groupManagement] INFO  server.RaftServerConfigKeys (ConfUtils.java:logGet(46)) - raft.server.threadpool.client.size = 0 (default)
2023-08-29 18:55:15,696 [2eaf327d-c8aa-4b69-9e65-db94832273b8-groupManagement] INFO  storage.RaftStorageDirectory (RaftStorageDirectoryImpl.java:analyzeStorage(137)) - The storage directory /home/runner/work/ozone/ozone/hadoop-ozone/integration-test/target/test-dir/MiniOzoneClusterImpl-e121caef-2a4e-4b75-96a0-c968b96a6505/datanode-2/data/ratis/5057b0a3-415b-4b82-83f1-8b1bf10ded3e does not exist. Creating ...
2023-08-29 18:55:15,697 [2eaf327d-c8aa-4b69-9e65-db94832273b8-groupManagement] INFO  storage.RaftStorageDirectory (RaftStorageDirectoryImpl.java:tryLock(231)) - Lock on /home/runner/work/ozone/ozone/hadoop-ozone/integration-test/target/test-dir/MiniOzoneClusterImpl-e121caef-2a4e-4b75-96a0-c968b96a6505/datanode-2/data/ratis/5057b0a3-415b-4b82-83f1-8b1bf10ded3e/in_use.lock acquired by nodename 61099@fv-az225-157
2023-08-29 18:55:15,697 [2eaf327d-c8aa-4b69-9e65-db94832273b8-groupManagement] INFO  storage.RaftStorage (RaftStorageImpl.java:format(96)) - Storage directory /home/runner/work/ozone/ozone/hadoop-ozone/integration-test/target/test-dir/MiniOzoneClusterImpl-e121caef-2a4e-4b75-96a0-c968b96a6505/datanode-2/data/ratis/5057b0a3-415b-4b82-83f1-8b1bf10ded3e has been successfully formatted.
2023-08-29 18:55:15,699 [2eaf327d-c8aa-4b69-9e65-db94832273b8-groupManagement] INFO  ratis.ContainerStateMachine (ContainerStateMachine.java:loadSnapshot(262)) - group-8B1BF10DED3E: The snapshot info is null. Setting the last applied indexto:(t:0, i:~)
2023-08-29 18:55:15,699 [2eaf327d-c8aa-4b69-9e65-db94832273b8-groupManagement] INFO  server.RaftServerConfigKeys (ConfUtils.java:logGet(46)) - raft.server.log.use.memory = false (default)
2023-08-29 18:55:15,700 [2eaf327d-c8aa-4b69-9e65-db94832273b8-groupManagement] INFO  server.RaftServerConfigKeys (ConfUtils.java:logGet(46)) - raft.server.log.purge.gap = 1000000 (custom)
2023-08-29 18:55:15,700 [2eaf327d-c8aa-4b69-9e65-db94832273b8-groupManagement] INFO  server.RaftServerConfigKeys (ConfUtils.java:logGet(46)) - raft.server.log.appender.buffer.byte-limit = 33554432 (custom)
2023-08-29 18:55:15,700 [2eaf327d-c8aa-4b69-9e65-db94832273b8-groupManagement] INFO  server.RaftServerConfigKeys (ConfUtils.java:logGet(46)) - raft.server.log.statemachine.data.read.timeout = 1000ms (default)
2023-08-29 18:55:15,700 [2eaf327d-c8aa-4b69-9e65-db94832273b8-groupManagement] INFO  server.RaftServerConfigKeys (ConfUtils.java:logGet(46)) - raft.server.log.purge.preservation.log.num = 0 (default)
2023-08-29 18:55:15,700 [2eaf327d-c8aa-4b69-9e65-db94832273b8-groupManagement] INFO  server.RaftServerConfigKeys (ConfUtils.java:logGet(46)) - raft.server.log.segment.size.max = 1048576 (custom)
2023-08-29 18:55:15,700 [2eaf327d-c8aa-4b69-9e65-db94832273b8-groupManagement] INFO  server.RaftServerConfigKeys (ConfUtils.java:logGet(46)) - raft.server.log.segment.cache.num.max = 2 (custom)
2023-08-29 18:55:15,700 [2eaf327d-c8aa-4b69-9e65-db94832273b8-groupManagement] INFO  server.RaftServerConfigKeys (ConfUtils.java:logGet(46)) - raft.server.log.segment.cache.size.max = 200MB (=209715200) (default)
2023-08-29 18:55:15,700 [2eaf327d-c8aa-4b69-9e65-db94832273b8-groupManagement] INFO  server.RaftServerConfigKeys (ConfUtils.java:logGet(46)) - raft.server.log.appender.buffer.byte-limit = 33554432 (custom)
2023-08-29 18:55:15,700 [2eaf327d-c8aa-4b69-9e65-db94832273b8-groupManagement] INFO  segmented.SegmentedRaftLogWorker (SegmentedRaftLogWorker.java:<init>(188)) - new 2eaf327d-c8aa-4b69-9e65-db94832273b8@group-8B1BF10DED3E-SegmentedRaftLogWorker for RaftStorageImpl:Storage Directory /home/runner/work/ozone/ozone/hadoop-ozone/integration-test/target/test-dir/MiniOzoneClusterImpl-e121caef-2a4e-4b75-96a0-c968b96a6505/datanode-2/data/ratis/5057b0a3-415b-4b82-83f1-8b1bf10ded3e
2023-08-29 18:55:15,700 [2eaf327d-c8aa-4b69-9e65-db94832273b8-groupManagement] INFO  server.RaftServerConfigKeys (ConfUtils.java:logGet(46)) - raft.server.log.queue.byte-limit = 4294967296 (custom)
2023-08-29 18:55:15,700 [2eaf327d-c8aa-4b69-9e65-db94832273b8-groupManagement] INFO  server.RaftServerConfigKeys (ConfUtils.java:logGet(46)) - raft.server.log.queue.element-limit = 1024 (custom)
2023-08-29 18:55:15,701 [2eaf327d-c8aa-4b69-9e65-db94832273b8-groupManagement] INFO  server.RaftServerConfigKeys (ConfUtils.java:logGet(46)) - raft.server.log.segment.size.max = 1048576 (custom)
2023-08-29 18:55:15,701 [2eaf327d-c8aa-4b69-9e65-db94832273b8-groupManagement] INFO  server.RaftServerConfigKeys (ConfUtils.java:logGet(46)) - raft.server.log.preallocated.size = 16384 (custom)
2023-08-29 18:55:15,701 [2eaf327d-c8aa-4b69-9e65-db94832273b8-groupManagement] INFO  server.RaftServerConfigKeys (ConfUtils.java:logGet(46)) - raft.server.log.force.sync.num = 128 (default)
2023-08-29 18:55:15,701 [2eaf327d-c8aa-4b69-9e65-db94832273b8-groupManagement] INFO  server.RaftServerConfigKeys (ConfUtils.java:logGet(46)) - raft.server.log.statemachine.data.sync = true (default)
2023-08-29 18:55:15,701 [2eaf327d-c8aa-4b69-9e65-db94832273b8-groupManagement] INFO  server.RaftServerConfigKeys (ConfUtils.java:logGet(46)) - raft.server.log.statemachine.data.sync.timeout = 10s (default)
2023-08-29 18:55:15,701 [2eaf327d-c8aa-4b69-9e65-db94832273b8-groupManagement] INFO  server.RaftServerConfigKeys (ConfUtils.java:logGet(46)) - raft.server.log.statemachine.data.sync.timeout.retry = -1 (default)
2023-08-29 18:55:15,701 [2eaf327d-c8aa-4b69-9e65-db94832273b8-groupManagement] INFO  server.RaftServerConfigKeys (ConfUtils.java:logGet(46)) - raft.server.log.write.buffer.size = 1048576 (custom)
2023-08-29 18:55:15,701 [2eaf327d-c8aa-4b69-9e65-db94832273b8-groupManagement] INFO  server.RaftServerConfigKeys (ConfUtils.java:logGet(46)) - raft.server.log.appender.buffer.byte-limit = 33554432 (custom)
2023-08-29 18:55:15,706 [2eaf327d-c8aa-4b69-9e65-db94832273b8-groupManagement] INFO  server.RaftServerConfigKeys (ConfUtils.java:logGet(46)) - raft.server.log.unsafe-flush.enabled = false (default)
2023-08-29 18:55:15,706 [2eaf327d-c8aa-4b69-9e65-db94832273b8-groupManagement] INFO  server.RaftServerConfigKeys (ConfUtils.java:logGet(46)) - raft.server.log.async-flush.enabled = false (default)
2023-08-29 18:55:15,706 [2eaf327d-c8aa-4b69-9e65-db94832273b8-groupManagement] INFO  server.RaftServerConfigKeys (ConfUtils.java:logGet(46)) - raft.server.log.statemachine.data.caching.enabled = true (custom)
2023-08-29 18:55:15,706 [2eaf327d-c8aa-4b69-9e65-db94832273b8-groupManagement] INFO  segmented.SegmentedRaftLogWorker (SegmentedRaftLogWorker.java:lambda$new$0(135)) - 2eaf327d-c8aa-4b69-9e65-db94832273b8@group-8B1BF10DED3E-SegmentedRaftLogWorker: flushIndex: setUnconditionally 0 -> -1
2023-08-29 18:55:15,707 [2eaf327d-c8aa-4b69-9e65-db94832273b8-groupManagement] INFO  segmented.SegmentedRaftLogWorker (SegmentedRaftLogWorker.java:lambda$new$0(135)) - 2eaf327d-c8aa-4b69-9e65-db94832273b8@group-8B1BF10DED3E-SegmentedRaftLogWorker: safeCacheEvictIndex: setUnconditionally 0 -> -1
2023-08-29 18:55:15,707 [2eaf327d-c8aa-4b69-9e65-db94832273b8-groupManagement] INFO  server.RaftServer$Division (RaftServerImpl.java:start(342)) - 2eaf327d-c8aa-4b69-9e65-db94832273b8@group-8B1BF10DED3E: start as a follower, conf=-1: peers:[fe29ea50-ce7d-4d67-99db-5363b98f75df|rpc:10.1.0.239:15129|admin:10.1.0.239:15128|client:10.1.0.239:15127|dataStream:10.1.0.239:15130|priority:0|startupRole:FOLLOWER, 0d210486-d547-40fe-b644-a4a516df2759|rpc:10.1.0.239:15120|admin:10.1.0.239:15119|client:10.1.0.239:15118|dataStream:10.1.0.239:15121|priority:1|startupRole:FOLLOWER, 2eaf327d-c8aa-4b69-9e65-db94832273b8|rpc:10.1.0.239:15138|admin:10.1.0.239:15137|client:10.1.0.239:15136|dataStream:10.1.0.239:15139|priority:0|startupRole:FOLLOWER]|listeners:[], old=null
2023-08-29 18:55:15,707 [2eaf327d-c8aa-4b69-9e65-db94832273b8-groupManagement] INFO  server.RaftServer$Division (RaftServerImpl.java:setRole(329)) - 2eaf327d-c8aa-4b69-9e65-db94832273b8@group-8B1BF10DED3E: changes role from      null to FOLLOWER at term 0 for startAsFollower
2023-08-29 18:55:15,707 [2eaf327d-c8aa-4b69-9e65-db94832273b8-groupManagement] INFO  impl.RoleInfo (RoleInfo.java:updateAndGet(139)) - 2eaf327d-c8aa-4b69-9e65-db94832273b8: start 2eaf327d-c8aa-4b69-9e65-db94832273b8@group-8B1BF10DED3E-FollowerState
2023-08-29 18:55:15,708 [2eaf327d-c8aa-4b69-9e65-db94832273b8-groupManagement] INFO  util.JmxRegister (JmxRegister.java:tryRegister(44)) - Successfully registered JMX Bean with object name Ratis:service=RaftServer,group=group-8B1BF10DED3E,id=2eaf327d-c8aa-4b69-9e65-db94832273b8
2023-08-29 18:55:15,708 [2eaf327d-c8aa-4b69-9e65-db94832273b8-groupManagement] INFO  server.RaftServerConfigKeys (ConfUtils.java:logGet(46)) - raft.server.snapshot.auto.trigger.enabled = true (custom)
2023-08-29 18:55:15,708 [2eaf327d-c8aa-4b69-9e65-db94832273b8-groupManagement] INFO  server.RaftServerConfigKeys (ConfUtils.java:logGet(46)) - raft.server.snapshot.auto.trigger.threshold = 10000 (custom)
2023-08-29 18:55:15,708 [2eaf327d-c8aa-4b69-9e65-db94832273b8-groupManagement] INFO  server.RaftServerConfigKeys (ConfUtils.java:logGet(46)) - raft.server.snapshot.retention.file.num = 5 (custom)
2023-08-29 18:55:15,708 [2eaf327d-c8aa-4b69-9e65-db94832273b8-groupManagement] INFO  server.RaftServerConfigKeys (ConfUtils.java:logGet(46)) - raft.server.log.purge.upto.snapshot.index = false (default)
2023-08-29 18:55:15,709 [2eaf327d-c8aa-4b69-9e65-db94832273b8@group-8B1BF10DED3E-FollowerState] INFO  server.RaftServerConfigKeys (ConfUtils.java:logFallback(53)) - raft.server.rpc.first-election.timeout.min = 5s (fallback to raft.server.rpc.timeout.min)
2023-08-29 18:55:15,709 [2eaf327d-c8aa-4b69-9e65-db94832273b8@group-8B1BF10DED3E-FollowerState] INFO  server.RaftServerConfigKeys (ConfUtils.java:logFallback(53)) - raft.server.rpc.first-election.timeout.max = 5200ms (fallback to raft.server.rpc.timeout.max)
2023-08-29 18:55:15,735 [main] INFO  ozone.MiniOzoneClusterImpl (MiniOzoneClusterImpl.java:lambda$waitForClusterToBeReady$0(224)) - Nodes are ready. Got 5 of 5 DN Heartbeats.
2023-08-29 18:55:15,735 [main] INFO  ozone.MiniOzoneClusterImpl (MiniOzoneClusterImpl.java:lambda$waitForClusterToBeReady$0(227)) - Waiting for cluster to exit safe mode
2023-08-29 18:55:15,736 [main] INFO  ozone.MiniOzoneClusterImpl (MiniOzoneClusterImpl.java:lambda$waitForClusterToBeReady$0(229)) - SCM became leader
2023-08-29 18:55:15,736 [grpc-default-executor-5] INFO  server.RaftServer (RaftServerProxy.java:addNew(98)) - fe29ea50-ce7d-4d67-99db-5363b98f75df: addNew group-8B1BF10DED3E:[fe29ea50-ce7d-4d67-99db-5363b98f75df|rpc:10.1.0.239:15129|admin:10.1.0.239:15128|client:10.1.0.239:15127|dataStream:10.1.0.239:15130|priority:0|startupRole:FOLLOWER, 0d210486-d547-40fe-b644-a4a516df2759|rpc:10.1.0.239:15120|admin:10.1.0.239:15119|client:10.1.0.239:15118|dataStream:10.1.0.239:15121|priority:1|startupRole:FOLLOWER, 2eaf327d-c8aa-4b69-9e65-db94832273b8|rpc:10.1.0.239:15138|admin:10.1.0.239:15137|client:10.1.0.239:15136|dataStream:10.1.0.239:15139|priority:0|startupRole:FOLLOWER] returns group-8B1BF10DED3E:java.util.concurrent.CompletableFuture@3d743616[Not completed]
2023-08-29 18:55:15,739 [fe29ea50-ce7d-4d67-99db-5363b98f75df-groupManagement] INFO  server.RaftServer$Division (RaftServerImpl.java:<init>(198)) - fe29ea50-ce7d-4d67-99db-5363b98f75df: new RaftServerImpl for group-8B1BF10DED3E:[fe29ea50-ce7d-4d67-99db-5363b98f75df|rpc:10.1.0.239:15129|admin:10.1.0.239:15128|client:10.1.0.239:15127|dataStream:10.1.0.239:15130|priority:0|startupRole:FOLLOWER, 0d210486-d547-40fe-b644-a4a516df2759|rpc:10.1.0.239:15120|admin:10.1.0.239:15119|client:10.1.0.239:15118|dataStream:10.1.0.239:15121|priority:1|startupRole:FOLLOWER, 2eaf327d-c8aa-4b69-9e65-db94832273b8|rpc:10.1.0.239:15138|admin:10.1.0.239:15137|client:10.1.0.239:15136|dataStream:10.1.0.239:15139|priority:0|startupRole:FOLLOWER] with ContainerStateMachine:uninitialized
2023-08-29 18:55:15,739 [fe29ea50-ce7d-4d67-99db-5363b98f75df-groupManagement] INFO  server.RaftServerConfigKeys (ConfUtils.java:logGet(46)) - raft.server.rpc.timeout.min = 5s (custom)
2023-08-29 18:55:15,739 [fe29ea50-ce7d-4d67-99db-5363b98f75df-groupManagement] INFO  server.RaftServerConfigKeys (ConfUtils.java:logGet(46)) - raft.server.rpc.timeout.max = 5200ms (custom)
2023-08-29 18:55:15,739 [fe29ea50-ce7d-4d67-99db-5363b98f75df-groupManagement] INFO  server.RaftServerConfigKeys (ConfUtils.java:logGet(46)) - raft.server.rpc.sleep.time = 25ms (default)
2023-08-29 18:55:15,739 [fe29ea50-ce7d-4d67-99db-5363b98f75df-groupManagement] INFO  server.RaftServerConfigKeys (ConfUtils.java:logGet(46)) - raft.server.rpc.slowness.timeout = 300s (custom)
2023-08-29 18:55:15,739 [fe29ea50-ce7d-4d67-99db-5363b98f75df-groupManagement] INFO  server.RaftServerConfigKeys (ConfUtils.java:logGet(46)) - raft.server.leaderelection.leader.step-down.wait-time = 10s (default)
2023-08-29 18:55:15,739 [fe29ea50-ce7d-4d67-99db-5363b98f75df-groupManagement] INFO  server.RaftServerConfigKeys (ConfUtils.java:logGet(46)) - raft.server.sleep.deviation.threshold = 300ms (default)
2023-08-29 18:55:15,739 [fe29ea50-ce7d-4d67-99db-5363b98f75df-groupManagement] INFO  server.RaftServer$Division (ServerState.java:<init>(120)) - fe29ea50-ce7d-4d67-99db-5363b98f75df@group-8B1BF10DED3E: ConfigurationManager, init=-1: peers:[fe29ea50-ce7d-4d67-99db-5363b98f75df|rpc:10.1.0.239:15129|admin:10.1.0.239:15128|client:10.1.0.239:15127|dataStream:10.1.0.239:15130|priority:0|startupRole:FOLLOWER, 0d210486-d547-40fe-b644-a4a516df2759|rpc:10.1.0.239:15120|admin:10.1.0.239:15119|client:10.1.0.239:15118|dataStream:10.1.0.239:15121|priority:1|startupRole:FOLLOWER, 2eaf327d-c8aa-4b69-9e65-db94832273b8|rpc:10.1.0.239:15138|admin:10.1.0.239:15137|client:10.1.0.239:15136|dataStream:10.1.0.239:15139|priority:0|startupRole:FOLLOWER]|listeners:[], old=null, confs=<EMPTY_MAP>
2023-08-29 18:55:15,739 [fe29ea50-ce7d-4d67-99db-5363b98f75df-groupManagement] INFO  server.RaftServerConfigKeys (ConfUtils.java:logGet(46)) - raft.server.storage.dir = [/home/runner/work/ozone/ozone/hadoop-ozone/integration-test/target/test-dir/MiniOzoneClusterImpl-e121caef-2a4e-4b75-96a0-c968b96a6505/datanode-1/data/ratis] (custom)
2023-08-29 18:55:15,739 [fe29ea50-ce7d-4d67-99db-5363b98f75df-groupManagement] INFO  server.RaftServerConfigKeys (ConfUtils.java:logGet(46)) - raft.server.log.corruption.policy = EXCEPTION (default)
2023-08-29 18:55:15,739 [fe29ea50-ce7d-4d67-99db-5363b98f75df-groupManagement] INFO  server.RaftServerConfigKeys (ConfUtils.java:logGet(46)) - raft.server.storage.free-space.min = 0MB (=0) (default)
2023-08-29 18:55:15,739 [fe29ea50-ce7d-4d67-99db-5363b98f75df-groupManagement] INFO  server.RaftServerConfigKeys (ConfUtils.java:logGet(46)) - raft.server.notification.no-leader.timeout = 300s (custom)
2023-08-29 18:55:15,739 [fe29ea50-ce7d-4d67-99db-5363b98f75df-groupManagement] INFO  server.RaftServerConfigKeys (ConfUtils.java:logGet(46)) - raft.server.read.timeout = 10s (default)
2023-08-29 18:55:15,739 [fe29ea50-ce7d-4d67-99db-5363b98f75df-groupManagement] INFO  server.RaftServerConfigKeys (ConfUtils.java:logGet(46)) - raft.server.retrycache.expirytime = 600000ms (custom)
2023-08-29 18:55:15,739 [fe29ea50-ce7d-4d67-99db-5363b98f75df-groupManagement] INFO  server.RaftServerConfigKeys (ConfUtils.java:logGet(46)) - raft.server.retrycache.statistics.expirytime = 100μs (default)
2023-08-29 18:55:15,740 [fe29ea50-ce7d-4d67-99db-5363b98f75df-groupManagement] INFO  server.RaftServerConfigKeys (ConfUtils.java:logGet(46)) - raft.server.read.option = DEFAULT (default)
2023-08-29 18:55:15,740 [fe29ea50-ce7d-4d67-99db-5363b98f75df-groupManagement] INFO  server.RaftServerConfigKeys (ConfUtils.java:logGet(46)) - raft.server.rpc.request.timeout = 60s (custom)
2023-08-29 18:55:15,740 [fe29ea50-ce7d-4d67-99db-5363b98f75df-groupManagement] INFO  server.RaftServerConfigKeys (ConfUtils.java:logGet(46)) - raft.server.log.appender.install.snapshot.enabled = false (custom)
2023-08-29 18:55:15,740 [fe29ea50-ce7d-4d67-99db-5363b98f75df-groupManagement] INFO  server.RaftServerConfigKeys (ConfUtils.java:logGet(46)) - raft.server.threadpool.server.cached = true (default)
2023-08-29 18:55:15,740 [fe29ea50-ce7d-4d67-99db-5363b98f75df-groupManagement] INFO  server.RaftServerConfigKeys (ConfUtils.java:logGet(46)) - raft.server.threadpool.server.size = 0 (default)
2023-08-29 18:55:15,740 [fe29ea50-ce7d-4d67-99db-5363b98f75df-groupManagement] INFO  server.RaftServerConfigKeys (ConfUtils.java:logGet(46)) - raft.server.threadpool.client.cached = true (default)
2023-08-29 18:55:15,740 [fe29ea50-ce7d-4d67-99db-5363b98f75df-groupManagement] INFO  server.RaftServerConfigKeys (ConfUtils.java:logGet(46)) - raft.server.threadpool.client.size = 0 (default)
2023-08-29 18:55:15,741 [fe29ea50-ce7d-4d67-99db-5363b98f75df-groupManagement] INFO  storage.RaftStorageDirectory (RaftStorageDirectoryImpl.java:analyzeStorage(137)) - The storage directory /home/runner/work/ozone/ozone/hadoop-ozone/integration-test/target/test-dir/MiniOzoneClusterImpl-e121caef-2a4e-4b75-96a0-c968b96a6505/datanode-1/data/ratis/5057b0a3-415b-4b82-83f1-8b1bf10ded3e does not exist. Creating ...
2023-08-29 18:55:15,742 [fe29ea50-ce7d-4d67-99db-5363b98f75df-groupManagement] INFO  storage.RaftStorageDirectory (RaftStorageDirectoryImpl.java:tryLock(231)) - Lock on /home/runner/work/ozone/ozone/hadoop-ozone/integration-test/target/test-dir/MiniOzoneClusterImpl-e121caef-2a4e-4b75-96a0-c968b96a6505/datanode-1/data/ratis/5057b0a3-415b-4b82-83f1-8b1bf10ded3e/in_use.lock acquired by nodename 61099@fv-az225-157
2023-08-29 18:55:15,743 [fe29ea50-ce7d-4d67-99db-5363b98f75df-groupManagement] INFO  storage.RaftStorage (RaftStorageImpl.java:format(96)) - Storage directory /home/runner/work/ozone/ozone/hadoop-ozone/integration-test/target/test-dir/MiniOzoneClusterImpl-e121caef-2a4e-4b75-96a0-c968b96a6505/datanode-1/data/ratis/5057b0a3-415b-4b82-83f1-8b1bf10ded3e has been successfully formatted.
2023-08-29 18:55:15,744 [fe29ea50-ce7d-4d67-99db-5363b98f75df-groupManagement] INFO  ratis.ContainerStateMachine (ContainerStateMachine.java:loadSnapshot(262)) - group-8B1BF10DED3E: The snapshot info is null. Setting the last applied indexto:(t:0, i:~)
2023-08-29 18:55:15,744 [fe29ea50-ce7d-4d67-99db-5363b98f75df-groupManagement] INFO  server.RaftServerConfigKeys (ConfUtils.java:logGet(46)) - raft.server.log.use.memory = false (default)
2023-08-29 18:55:15,744 [fe29ea50-ce7d-4d67-99db-5363b98f75df-groupManagement] INFO  server.RaftServerConfigKeys (ConfUtils.java:logGet(46)) - raft.server.log.purge.gap = 1000000 (custom)
2023-08-29 18:55:15,744 [fe29ea50-ce7d-4d67-99db-5363b98f75df-groupManagement] INFO  server.RaftServerConfigKeys (ConfUtils.java:logGet(46)) - raft.server.log.appender.buffer.byte-limit = 33554432 (custom)
2023-08-29 18:55:15,744 [fe29ea50-ce7d-4d67-99db-5363b98f75df-groupManagement] INFO  server.RaftServerConfigKeys (ConfUtils.java:logGet(46)) - raft.server.log.statemachine.data.read.timeout = 1000ms (default)
2023-08-29 18:55:15,744 [fe29ea50-ce7d-4d67-99db-5363b98f75df-groupManagement] INFO  server.RaftServerConfigKeys (ConfUtils.java:logGet(46)) - raft.server.log.purge.preservation.log.num = 0 (default)
2023-08-29 18:55:15,744 [fe29ea50-ce7d-4d67-99db-5363b98f75df-groupManagement] INFO  server.RaftServerConfigKeys (ConfUtils.java:logGet(46)) - raft.server.log.segment.size.max = 1048576 (custom)
2023-08-29 18:55:15,745 [fe29ea50-ce7d-4d67-99db-5363b98f75df-groupManagement] INFO  server.RaftServerConfigKeys (ConfUtils.java:logGet(46)) - raft.server.log.segment.cache.num.max = 2 (custom)
2023-08-29 18:55:15,745 [fe29ea50-ce7d-4d67-99db-5363b98f75df-groupManagement] INFO  server.RaftServerConfigKeys (ConfUtils.java:logGet(46)) - raft.server.log.segment.cache.size.max = 200MB (=209715200) (default)
2023-08-29 18:55:15,745 [fe29ea50-ce7d-4d67-99db-5363b98f75df-groupManagement] INFO  server.RaftServerConfigKeys (ConfUtils.java:logGet(46)) - raft.server.log.appender.buffer.byte-limit = 33554432 (custom)
2023-08-29 18:55:15,745 [fe29ea50-ce7d-4d67-99db-5363b98f75df-groupManagement] INFO  segmented.SegmentedRaftLogWorker (SegmentedRaftLogWorker.java:<init>(188)) - new fe29ea50-ce7d-4d67-99db-5363b98f75df@group-8B1BF10DED3E-SegmentedRaftLogWorker for RaftStorageImpl:Storage Directory /home/runner/work/ozone/ozone/hadoop-ozone/integration-test/target/test-dir/MiniOzoneClusterImpl-e121caef-2a4e-4b75-96a0-c968b96a6505/datanode-1/data/ratis/5057b0a3-415b-4b82-83f1-8b1bf10ded3e
2023-08-29 18:55:15,745 [fe29ea50-ce7d-4d67-99db-5363b98f75df-groupManagement] INFO  server.RaftServerConfigKeys (ConfUtils.java:logGet(46)) - raft.server.log.queue.byte-limit = 4294967296 (custom)
2023-08-29 18:55:15,745 [fe29ea50-ce7d-4d67-99db-5363b98f75df-groupManagement] INFO  server.RaftServerConfigKeys (ConfUtils.java:logGet(46)) - raft.server.log.queue.element-limit = 1024 (custom)
2023-08-29 18:55:15,745 [fe29ea50-ce7d-4d67-99db-5363b98f75df-groupManagement] INFO  server.RaftServerConfigKeys (ConfUtils.java:logGet(46)) - raft.server.log.segment.size.max = 1048576 (custom)
2023-08-29 18:55:15,745 [fe29ea50-ce7d-4d67-99db-5363b98f75df-groupManagement] INFO  server.RaftServerConfigKeys (ConfUtils.java:logGet(46)) - raft.server.log.preallocated.size = 16384 (custom)
2023-08-29 18:55:15,745 [fe29ea50-ce7d-4d67-99db-5363b98f75df-groupManagement] INFO  server.RaftServerConfigKeys (ConfUtils.java:logGet(46)) - raft.server.log.force.sync.num = 128 (default)
2023-08-29 18:55:15,745 [fe29ea50-ce7d-4d67-99db-5363b98f75df-groupManagement] INFO  server.RaftServerConfigKeys (ConfUtils.java:logGet(46)) - raft.server.log.statemachine.data.sync = true (default)
2023-08-29 18:55:15,745 [fe29ea50-ce7d-4d67-99db-5363b98f75df-groupManagement] INFO  server.RaftServerConfigKeys (ConfUtils.java:logGet(46)) - raft.server.log.statemachine.data.sync.timeout = 10s (default)
2023-08-29 18:55:15,745 [fe29ea50-ce7d-4d67-99db-5363b98f75df-groupManagement] INFO  server.RaftServerConfigKeys (ConfUtils.java:logGet(46)) - raft.server.log.statemachine.data.sync.timeout.retry = -1 (default)
2023-08-29 18:55:15,747 [fe29ea50-ce7d-4d67-99db-5363b98f75df-groupManagement] INFO  server.RaftServerConfigKeys (ConfUtils.java:logGet(46)) - raft.server.log.write.buffer.size = 1048576 (custom)
2023-08-29 18:55:15,747 [fe29ea50-ce7d-4d67-99db-5363b98f75df-groupManagement] INFO  server.RaftServerConfigKeys (ConfUtils.java:logGet(46)) - raft.server.log.appender.buffer.byte-limit = 33554432 (custom)
2023-08-29 18:55:15,752 [fe29ea50-ce7d-4d67-99db-5363b98f75df-groupManagement] INFO  server.RaftServerConfigKeys (ConfUtils.java:logGet(46)) - raft.server.log.unsafe-flush.enabled = false (default)
2023-08-29 18:55:15,752 [fe29ea50-ce7d-4d67-99db-5363b98f75df-groupManagement] INFO  server.RaftServerConfigKeys (ConfUtils.java:logGet(46)) - raft.server.log.async-flush.enabled = false (default)
2023-08-29 18:55:15,752 [fe29ea50-ce7d-4d67-99db-5363b98f75df-groupManagement] INFO  server.RaftServerConfigKeys (ConfUtils.java:logGet(46)) - raft.server.log.statemachine.data.caching.enabled = true (custom)
2023-08-29 18:55:15,753 [fe29ea50-ce7d-4d67-99db-5363b98f75df-groupManagement] INFO  segmented.SegmentedRaftLogWorker (SegmentedRaftLogWorker.java:lambda$new$0(135)) - fe29ea50-ce7d-4d67-99db-5363b98f75df@group-8B1BF10DED3E-SegmentedRaftLogWorker: flushIndex: setUnconditionally 0 -> -1
2023-08-29 18:55:15,753 [fe29ea50-ce7d-4d67-99db-5363b98f75df-groupManagement] INFO  segmented.SegmentedRaftLogWorker (SegmentedRaftLogWorker.java:lambda$new$0(135)) - fe29ea50-ce7d-4d67-99db-5363b98f75df@group-8B1BF10DED3E-SegmentedRaftLogWorker: safeCacheEvictIndex: setUnconditionally 0 -> -1
2023-08-29 18:55:15,754 [fe29ea50-ce7d-4d67-99db-5363b98f75df-groupManagement] INFO  server.RaftServer$Division (RaftServerImpl.java:start(342)) - fe29ea50-ce7d-4d67-99db-5363b98f75df@group-8B1BF10DED3E: start as a follower, conf=-1: peers:[fe29ea50-ce7d-4d67-99db-5363b98f75df|rpc:10.1.0.239:15129|admin:10.1.0.239:15128|client:10.1.0.239:15127|dataStream:10.1.0.239:15130|priority:0|startupRole:FOLLOWER, 0d210486-d547-40fe-b644-a4a516df2759|rpc:10.1.0.239:15120|admin:10.1.0.239:15119|client:10.1.0.239:15118|dataStream:10.1.0.239:15121|priority:1|startupRole:FOLLOWER, 2eaf327d-c8aa-4b69-9e65-db94832273b8|rpc:10.1.0.239:15138|admin:10.1.0.239:15137|client:10.1.0.239:15136|dataStream:10.1.0.239:15139|priority:0|startupRole:FOLLOWER]|listeners:[], old=null
2023-08-29 18:55:15,754 [fe29ea50-ce7d-4d67-99db-5363b98f75df-groupManagement] INFO  server.RaftServer$Division (RaftServerImpl.java:setRole(329)) - fe29ea50-ce7d-4d67-99db-5363b98f75df@group-8B1BF10DED3E: changes role from      null to FOLLOWER at term 0 for startAsFollower
2023-08-29 18:55:15,754 [fe29ea50-ce7d-4d67-99db-5363b98f75df-groupManagement] INFO  impl.RoleInfo (RoleInfo.java:updateAndGet(139)) - fe29ea50-ce7d-4d67-99db-5363b98f75df: start fe29ea50-ce7d-4d67-99db-5363b98f75df@group-8B1BF10DED3E-FollowerState
2023-08-29 18:55:15,754 [fe29ea50-ce7d-4d67-99db-5363b98f75df-groupManagement] INFO  util.JmxRegister (JmxRegister.java:tryRegister(44)) - Successfully registered JMX Bean with object name Ratis:service=RaftServer,group=group-8B1BF10DED3E,id=fe29ea50-ce7d-4d67-99db-5363b98f75df
2023-08-29 18:55:15,754 [fe29ea50-ce7d-4d67-99db-5363b98f75df-groupManagement] INFO  server.RaftServerConfigKeys (ConfUtils.java:logGet(46)) - raft.server.snapshot.auto.trigger.enabled = true (custom)
2023-08-29 18:55:15,754 [fe29ea50-ce7d-4d67-99db-5363b98f75df-groupManagement] INFO  server.RaftServerConfigKeys (ConfUtils.java:logGet(46)) - raft.server.snapshot.auto.trigger.threshold = 10000 (custom)
2023-08-29 18:55:15,754 [fe29ea50-ce7d-4d67-99db-5363b98f75df-groupManagement] INFO  server.RaftServerConfigKeys (ConfUtils.java:logGet(46)) - raft.server.snapshot.retention.file.num = 5 (custom)
2023-08-29 18:55:15,754 [fe29ea50-ce7d-4d67-99db-5363b98f75df-groupManagement] INFO  server.RaftServerConfigKeys (ConfUtils.java:logGet(46)) - raft.server.log.purge.upto.snapshot.index = false (default)
2023-08-29 18:55:15,757 [fe29ea50-ce7d-4d67-99db-5363b98f75df@group-8B1BF10DED3E-FollowerState] INFO  server.RaftServerConfigKeys (ConfUtils.java:logFallback(53)) - raft.server.rpc.first-election.timeout.min = 5s (fallback to raft.server.rpc.timeout.min)
2023-08-29 18:55:15,757 [fe29ea50-ce7d-4d67-99db-5363b98f75df@group-8B1BF10DED3E-FollowerState] INFO  server.RaftServerConfigKeys (ConfUtils.java:logFallback(53)) - raft.server.rpc.first-election.timeout.max = 5200ms (fallback to raft.server.rpc.timeout.max)
2023-08-29 18:55:15,768 [PipelineCommandHandlerThread-0] INFO  commandhandler.CreatePipelineCommandHandler (CreatePipelineCommandHandler.java:lambda$handle$2(124)) - Created Pipeline RATIS THREE PipelineID=5057b0a3-415b-4b82-83f1-8b1bf10ded3e.
2023-08-29 18:55:15,768 [PipelineCommandHandlerThread-0] INFO  server.RaftServer (RaftServerProxy.java:addNew(98)) - 0d210486-d547-40fe-b644-a4a516df2759: addNew group-3B31C3308912:[fe29ea50-ce7d-4d67-99db-5363b98f75df|rpc:10.1.0.239:15129|admin:10.1.0.239:15128|client:10.1.0.239:15127|dataStream:10.1.0.239:15130|priority:0|startupRole:FOLLOWER, 2eaf327d-c8aa-4b69-9e65-db94832273b8|rpc:10.1.0.239:15138|admin:10.1.0.239:15137|client:10.1.0.239:15136|dataStream:10.1.0.239:15139|priority:1|startupRole:FOLLOWER, 0d210486-d547-40fe-b644-a4a516df2759|rpc:10.1.0.239:15120|admin:10.1.0.239:15119|client:10.1.0.239:15118|dataStream:10.1.0.239:15121|priority:0|startupRole:FOLLOWER] returns group-3B31C3308912:java.util.concurrent.CompletableFuture@696749b5[Not completed]
2023-08-29 18:55:15,769 [0d210486-d547-40fe-b644-a4a516df2759-groupManagement] INFO  server.RaftServer$Division (RaftServerImpl.java:<init>(198)) - 0d210486-d547-40fe-b644-a4a516df2759: new RaftServerImpl for group-3B31C3308912:[fe29ea50-ce7d-4d67-99db-5363b98f75df|rpc:10.1.0.239:15129|admin:10.1.0.239:15128|client:10.1.0.239:15127|dataStream:10.1.0.239:15130|priority:0|startupRole:FOLLOWER, 2eaf327d-c8aa-4b69-9e65-db94832273b8|rpc:10.1.0.239:15138|admin:10.1.0.239:15137|client:10.1.0.239:15136|dataStream:10.1.0.239:15139|priority:1|startupRole:FOLLOWER, 0d210486-d547-40fe-b644-a4a516df2759|rpc:10.1.0.239:15120|admin:10.1.0.239:15119|client:10.1.0.239:15118|dataStream:10.1.0.239:15121|priority:0|startupRole:FOLLOWER] with ContainerStateMachine:uninitialized
2023-08-29 18:55:15,769 [0d210486-d547-40fe-b644-a4a516df2759-groupManagement] INFO  server.RaftServerConfigKeys (ConfUtils.java:logGet(46)) - raft.server.rpc.timeout.min = 5s (custom)
2023-08-29 18:55:15,769 [0d210486-d547-40fe-b644-a4a516df2759-groupManagement] INFO  server.RaftServerConfigKeys (ConfUtils.java:logGet(46)) - raft.server.rpc.timeout.max = 5200ms (custom)
2023-08-29 18:55:15,769 [0d210486-d547-40fe-b644-a4a516df2759-groupManagement] INFO  server.RaftServerConfigKeys (ConfUtils.java:logGet(46)) - raft.server.rpc.sleep.time = 25ms (default)
2023-08-29 18:55:15,769 [0d210486-d547-40fe-b644-a4a516df2759-groupManagement] INFO  server.RaftServerConfigKeys (ConfUtils.java:logGet(46)) - raft.server.rpc.slowness.timeout = 300s (custom)
2023-08-29 18:55:15,769 [0d210486-d547-40fe-b644-a4a516df2759-groupManagement] INFO  server.RaftServerConfigKeys (ConfUtils.java:logGet(46)) - raft.server.leaderelection.leader.step-down.wait-time = 10s (default)
2023-08-29 18:55:15,769 [0d210486-d547-40fe-b644-a4a516df2759-groupManagement] INFO  server.RaftServerConfigKeys (ConfUtils.java:logGet(46)) - raft.server.sleep.deviation.threshold = 300ms (default)
2023-08-29 18:55:15,769 [0d210486-d547-40fe-b644-a4a516df2759-groupManagement] INFO  server.RaftServer$Division (ServerState.java:<init>(120)) - 0d210486-d547-40fe-b644-a4a516df2759@group-3B31C3308912: ConfigurationManager, init=-1: peers:[fe29ea50-ce7d-4d67-99db-5363b98f75df|rpc:10.1.0.239:15129|admin:10.1.0.239:15128|client:10.1.0.239:15127|dataStream:10.1.0.239:15130|priority:0|startupRole:FOLLOWER, 2eaf327d-c8aa-4b69-9e65-db94832273b8|rpc:10.1.0.239:15138|admin:10.1.0.239:15137|client:10.1.0.239:15136|dataStream:10.1.0.239:15139|priority:1|startupRole:FOLLOWER, 0d210486-d547-40fe-b644-a4a516df2759|rpc:10.1.0.239:15120|admin:10.1.0.239:15119|client:10.1.0.239:15118|dataStream:10.1.0.239:15121|priority:0|startupRole:FOLLOWER]|listeners:[], old=null, confs=<EMPTY_MAP>
2023-08-29 18:55:15,770 [0d210486-d547-40fe-b644-a4a516df2759-groupManagement] INFO  server.RaftServerConfigKeys (ConfUtils.java:logGet(46)) - raft.server.storage.dir = [/home/runner/work/ozone/ozone/hadoop-ozone/integration-test/target/test-dir/MiniOzoneClusterImpl-e121caef-2a4e-4b75-96a0-c968b96a6505/datanode-0/data/ratis] (custom)
2023-08-29 18:55:15,770 [0d210486-d547-40fe-b644-a4a516df2759-groupManagement] INFO  server.RaftServerConfigKeys (ConfUtils.java:logGet(46)) - raft.server.log.corruption.policy = EXCEPTION (default)
2023-08-29 18:55:15,770 [0d210486-d547-40fe-b644-a4a516df2759-groupManagement] INFO  server.RaftServerConfigKeys (ConfUtils.java:logGet(46)) - raft.server.storage.free-space.min = 0MB (=0) (default)
2023-08-29 18:55:15,770 [0d210486-d547-40fe-b644-a4a516df2759-groupManagement] INFO  server.RaftServerConfigKeys (ConfUtils.java:logGet(46)) - raft.server.notification.no-leader.timeout = 300s (custom)
2023-08-29 18:55:15,770 [0d210486-d547-40fe-b644-a4a516df2759-groupManagement] INFO  server.RaftServerConfigKeys (ConfUtils.java:logGet(46)) - raft.server.read.timeout = 10s (default)
2023-08-29 18:55:15,770 [0d210486-d547-40fe-b644-a4a516df2759-groupManagement] INFO  server.RaftServerConfigKeys (ConfUtils.java:logGet(46)) - raft.server.retrycache.expirytime = 600000ms (custom)
2023-08-29 18:55:15,770 [0d210486-d547-40fe-b644-a4a516df2759-groupManagement] INFO  server.RaftServerConfigKeys (ConfUtils.java:logGet(46)) - raft.server.retrycache.statistics.expirytime = 100μs (default)
2023-08-29 18:55:15,770 [0d210486-d547-40fe-b644-a4a516df2759-groupManagement] INFO  server.RaftServerConfigKeys (ConfUtils.java:logGet(46)) - raft.server.read.option = DEFAULT (default)
2023-08-29 18:55:15,771 [0d210486-d547-40fe-b644-a4a516df2759-groupManagement] INFO  server.RaftServerConfigKeys (ConfUtils.java:logGet(46)) - raft.server.rpc.request.timeout = 60s (custom)
2023-08-29 18:55:15,771 [0d210486-d547-40fe-b644-a4a516df2759-groupManagement] INFO  server.RaftServerConfigKeys (ConfUtils.java:logGet(46)) - raft.server.log.appender.install.snapshot.enabled = false (custom)
2023-08-29 18:55:15,771 [0d210486-d547-40fe-b644-a4a516df2759-groupManagement] INFO  server.RaftServerConfigKeys (ConfUtils.java:logGet(46)) - raft.server.threadpool.server.cached = true (default)
2023-08-29 18:55:15,771 [0d210486-d547-40fe-b644-a4a516df2759-groupManagement] INFO  server.RaftServerConfigKeys (ConfUtils.java:logGet(46)) - raft.server.threadpool.server.size = 0 (default)
2023-08-29 18:55:15,771 [0d210486-d547-40fe-b644-a4a516df2759-groupManagement] INFO  server.RaftServerConfigKeys (ConfUtils.java:logGet(46)) - raft.server.threadpool.client.cached = true (default)
2023-08-29 18:55:15,771 [0d210486-d547-40fe-b644-a4a516df2759-groupManagement] INFO  server.RaftServerConfigKeys (ConfUtils.java:logGet(46)) - raft.server.threadpool.client.size = 0 (default)
2023-08-29 18:55:15,771 [0d210486-d547-40fe-b644-a4a516df2759-groupManagement] INFO  storage.RaftStorageDirectory (RaftStorageDirectoryImpl.java:analyzeStorage(137)) - The storage directory /home/runner/work/ozone/ozone/hadoop-ozone/integration-test/target/test-dir/MiniOzoneClusterImpl-e121caef-2a4e-4b75-96a0-c968b96a6505/datanode-0/data/ratis/3f897b43-44f9-42f7-87e7-3b31c3308912 does not exist. Creating ...
2023-08-29 18:55:15,773 [0d210486-d547-40fe-b644-a4a516df2759-groupManagement] INFO  storage.RaftStorageDirectory (RaftStorageDirectoryImpl.java:tryLock(231)) - Lock on /home/runner/work/ozone/ozone/hadoop-ozone/integration-test/target/test-dir/MiniOzoneClusterImpl-e121caef-2a4e-4b75-96a0-c968b96a6505/datanode-0/data/ratis/3f897b43-44f9-42f7-87e7-3b31c3308912/in_use.lock acquired by nodename 61099@fv-az225-157
2023-08-29 18:55:15,774 [0d210486-d547-40fe-b644-a4a516df2759-groupManagement] INFO  storage.RaftStorage (RaftStorageImpl.java:format(96)) - Storage directory /home/runner/work/ozone/ozone/hadoop-ozone/integration-test/target/test-dir/MiniOzoneClusterImpl-e121caef-2a4e-4b75-96a0-c968b96a6505/datanode-0/data/ratis/3f897b43-44f9-42f7-87e7-3b31c3308912 has been successfully formatted.
2023-08-29 18:55:15,774 [0d210486-d547-40fe-b644-a4a516df2759-groupManagement] INFO  ratis.ContainerStateMachine (ContainerStateMachine.java:loadSnapshot(262)) - group-3B31C3308912: The snapshot info is null. Setting the last applied indexto:(t:0, i:~)
2023-08-29 18:55:15,774 [0d210486-d547-40fe-b644-a4a516df2759-groupManagement] INFO  server.RaftServerConfigKeys (ConfUtils.java:logGet(46)) - raft.server.log.use.memory = false (default)
2023-08-29 18:55:15,775 [0d210486-d547-40fe-b644-a4a516df2759-groupManagement] INFO  server.RaftServerConfigKeys (ConfUtils.java:logGet(46)) - raft.server.log.purge.gap = 1000000 (custom)
2023-08-29 18:55:15,775 [0d210486-d547-40fe-b644-a4a516df2759-groupManagement] INFO  server.RaftServerConfigKeys (ConfUtils.java:logGet(46)) - raft.server.log.appender.buffer.byte-limit = 33554432 (custom)
2023-08-29 18:55:15,775 [0d210486-d547-40fe-b644-a4a516df2759-groupManagement] INFO  server.RaftServerConfigKeys (ConfUtils.java:logGet(46)) - raft.server.log.statemachine.data.read.timeout = 1000ms (default)
2023-08-29 18:55:15,775 [0d210486-d547-40fe-b644-a4a516df2759-groupManagement] INFO  server.RaftServerConfigKeys (ConfUtils.java:logGet(46)) - raft.server.log.purge.preservation.log.num = 0 (default)
2023-08-29 18:55:15,775 [0d210486-d547-40fe-b644-a4a516df2759-groupManagement] INFO  server.RaftServerConfigKeys (ConfUtils.java:logGet(46)) - raft.server.log.segment.size.max = 1048576 (custom)
2023-08-29 18:55:15,775 [0d210486-d547-40fe-b644-a4a516df2759-groupManagement] INFO  server.RaftServerConfigKeys (ConfUtils.java:logGet(46)) - raft.server.log.segment.cache.num.max = 2 (custom)
2023-08-29 18:55:15,775 [0d210486-d547-40fe-b644-a4a516df2759-groupManagement] INFO  server.RaftServerConfigKeys (ConfUtils.java:logGet(46)) - raft.server.log.segment.cache.size.max = 200MB (=209715200) (default)
2023-08-29 18:55:15,775 [0d210486-d547-40fe-b644-a4a516df2759-groupManagement] INFO  server.RaftServerConfigKeys (ConfUtils.java:logGet(46)) - raft.server.log.appender.buffer.byte-limit = 33554432 (custom)
2023-08-29 18:55:15,775 [EventQueue-OpenPipelineForHealthyPipelineSafeModeRule] INFO  safemode.SCMSafeModeManager (HealthyPipelineSafeModeRule.java:process(137)) - SCM in safe mode. Healthy pipelines reported count is 0, required healthy pipeline reported count is 1
2023-08-29 18:55:15,775 [0d210486-d547-40fe-b644-a4a516df2759-groupManagement] INFO  segmented.SegmentedRaftLogWorker (SegmentedRaftLogWorker.java:<init>(188)) - new 0d210486-d547-40fe-b644-a4a516df2759@group-3B31C3308912-SegmentedRaftLogWorker for RaftStorageImpl:Storage Directory /home/runner/work/ozone/ozone/hadoop-ozone/integration-test/target/test-dir/MiniOzoneClusterImpl-e121caef-2a4e-4b75-96a0-c968b96a6505/datanode-0/data/ratis/3f897b43-44f9-42f7-87e7-3b31c3308912
2023-08-29 18:55:15,775 [0d210486-d547-40fe-b644-a4a516df2759-groupManagement] INFO  server.RaftServerConfigKeys (ConfUtils.java:logGet(46)) - raft.server.log.queue.byte-limit = 4294967296 (custom)
2023-08-29 18:55:15,775 [0d210486-d547-40fe-b644-a4a516df2759-groupManagement] INFO  server.RaftServerConfigKeys (ConfUtils.java:logGet(46)) - raft.server.log.queue.element-limit = 1024 (custom)
2023-08-29 18:55:15,775 [0d210486-d547-40fe-b644-a4a516df2759-groupManagement] INFO  server.RaftServerConfigKeys (ConfUtils.java:logGet(46)) - raft.server.log.segment.size.max = 1048576 (custom)
2023-08-29 18:55:15,775 [0d210486-d547-40fe-b644-a4a516df2759-groupManagement] INFO  server.RaftServerConfigKeys (ConfUtils.java:logGet(46)) - raft.server.log.preallocated.size = 16384 (custom)
2023-08-29 18:55:15,775 [0d210486-d547-40fe-b644-a4a516df2759-groupManagement] INFO  server.RaftServerConfigKeys (ConfUtils.java:logGet(46)) - raft.server.log.force.sync.num = 128 (default)
2023-08-29 18:55:15,776 [0d210486-d547-40fe-b644-a4a516df2759-groupManagement] INFO  server.RaftServerConfigKeys (ConfUtils.java:logGet(46)) - raft.server.log.statemachine.data.sync = true (default)
2023-08-29 18:55:15,776 [0d210486-d547-40fe-b644-a4a516df2759-groupManagement] INFO  server.RaftServerConfigKeys (ConfUtils.java:logGet(46)) - raft.server.log.statemachine.data.sync.timeout = 10s (default)
2023-08-29 18:55:15,776 [0d210486-d547-40fe-b644-a4a516df2759-groupManagement] INFO  server.RaftServerConfigKeys (ConfUtils.java:logGet(46)) - raft.server.log.statemachine.data.sync.timeout.retry = -1 (default)
2023-08-29 18:55:15,776 [0d210486-d547-40fe-b644-a4a516df2759-groupManagement] INFO  server.RaftServerConfigKeys (ConfUtils.java:logGet(46)) - raft.server.log.write.buffer.size = 1048576 (custom)
2023-08-29 18:55:15,776 [0d210486-d547-40fe-b644-a4a516df2759-groupManagement] INFO  server.RaftServerConfigKeys (ConfUtils.java:logGet(46)) - raft.server.log.appender.buffer.byte-limit = 33554432 (custom)
2023-08-29 18:55:15,781 [0d210486-d547-40fe-b644-a4a516df2759-groupManagement] INFO  server.RaftServerConfigKeys (ConfUtils.java:logGet(46)) - raft.server.log.unsafe-flush.enabled = false (default)
2023-08-29 18:55:15,781 [0d210486-d547-40fe-b644-a4a516df2759-groupManagement] INFO  server.RaftServerConfigKeys (ConfUtils.java:logGet(46)) - raft.server.log.async-flush.enabled = false (default)
2023-08-29 18:55:15,781 [0d210486-d547-40fe-b644-a4a516df2759-groupManagement] INFO  server.RaftServerConfigKeys (ConfUtils.java:logGet(46)) - raft.server.log.statemachine.data.caching.enabled = true (custom)
2023-08-29 18:55:15,781 [0d210486-d547-40fe-b644-a4a516df2759-groupManagement] INFO  segmented.SegmentedRaftLogWorker (SegmentedRaftLogWorker.java:lambda$new$0(135)) - 0d210486-d547-40fe-b644-a4a516df2759@group-3B31C3308912-SegmentedRaftLogWorker: flushIndex: setUnconditionally 0 -> -1
2023-08-29 18:55:15,781 [0d210486-d547-40fe-b644-a4a516df2759-groupManagement] INFO  segmented.SegmentedRaftLogWorker (SegmentedRaftLogWorker.java:lambda$new$0(135)) - 0d210486-d547-40fe-b644-a4a516df2759@group-3B31C3308912-SegmentedRaftLogWorker: safeCacheEvictIndex: setUnconditionally 0 -> -1
2023-08-29 18:55:15,782 [0d210486-d547-40fe-b644-a4a516df2759-groupManagement] INFO  server.RaftServer$Division (RaftServerImpl.java:start(342)) - 0d210486-d547-40fe-b644-a4a516df2759@group-3B31C3308912: start as a follower, conf=-1: peers:[fe29ea50-ce7d-4d67-99db-5363b98f75df|rpc:10.1.0.239:15129|admin:10.1.0.239:15128|client:10.1.0.239:15127|dataStream:10.1.0.239:15130|priority:0|startupRole:FOLLOWER, 2eaf327d-c8aa-4b69-9e65-db94832273b8|rpc:10.1.0.239:15138|admin:10.1.0.239:15137|client:10.1.0.239:15136|dataStream:10.1.0.239:15139|priority:1|startupRole:FOLLOWER, 0d210486-d547-40fe-b644-a4a516df2759|rpc:10.1.0.239:15120|admin:10.1.0.239:15119|client:10.1.0.239:15118|dataStream:10.1.0.239:15121|priority:0|startupRole:FOLLOWER]|listeners:[], old=null
2023-08-29 18:55:15,782 [0d210486-d547-40fe-b644-a4a516df2759-groupManagement] INFO  server.RaftServer$Division (RaftServerImpl.java:setRole(329)) - 0d210486-d547-40fe-b644-a4a516df2759@group-3B31C3308912: changes role from      null to FOLLOWER at term 0 for startAsFollower
2023-08-29 18:55:15,782 [0d210486-d547-40fe-b644-a4a516df2759-groupManagement] INFO  impl.RoleInfo (RoleInfo.java:updateAndGet(139)) - 0d210486-d547-40fe-b644-a4a516df2759: start 0d210486-d547-40fe-b644-a4a516df2759@group-3B31C3308912-FollowerState
2023-08-29 18:55:15,784 [0d210486-d547-40fe-b644-a4a516df2759-groupManagement] INFO  util.JmxRegister (JmxRegister.java:tryRegister(44)) - Successfully registered JMX Bean with object name Ratis:service=RaftServer,group=group-3B31C3308912,id=0d210486-d547-40fe-b644-a4a516df2759
2023-08-29 18:55:15,784 [0d210486-d547-40fe-b644-a4a516df2759-groupManagement] INFO  server.RaftServerConfigKeys (ConfUtils.java:logGet(46)) - raft.server.snapshot.auto.trigger.enabled = true (custom)
2023-08-29 18:55:15,784 [0d210486-d547-40fe-b644-a4a516df2759-groupManagement] INFO  server.RaftServerConfigKeys (ConfUtils.java:logGet(46)) - raft.server.snapshot.auto.trigger.threshold = 10000 (custom)
2023-08-29 18:55:15,784 [0d210486-d547-40fe-b644-a4a516df2759-groupManagement] INFO  server.RaftServerConfigKeys (ConfUtils.java:logGet(46)) - raft.server.snapshot.retention.file.num = 5 (custom)
2023-08-29 18:55:15,784 [0d210486-d547-40fe-b644-a4a516df2759-groupManagement] INFO  server.RaftServerConfigKeys (ConfUtils.java:logGet(46)) - raft.server.log.purge.upto.snapshot.index = false (default)
2023-08-29 18:55:15,785 [0d210486-d547-40fe-b644-a4a516df2759@group-3B31C3308912-FollowerState] INFO  server.RaftServerConfigKeys (ConfUtils.java:logFallback(53)) - raft.server.rpc.first-election.timeout.min = 5s (fallback to raft.server.rpc.timeout.min)
2023-08-29 18:55:15,785 [0d210486-d547-40fe-b644-a4a516df2759@group-3B31C3308912-FollowerState] INFO  server.RaftServerConfigKeys (ConfUtils.java:logFallback(53)) - raft.server.rpc.first-election.timeout.max = 5200ms (fallback to raft.server.rpc.timeout.max)
2023-08-29 18:55:15,787 [PipelineCommandHandlerThread-0] INFO  ratis.XceiverServerRatis (XceiverServerRatis.java:addGroup(804)) - Created group PipelineID=3f897b43-44f9-42f7-87e7-3b31c3308912
2023-08-29 18:55:15,797 [grpc-default-executor-5] INFO  server.RaftServer (RaftServerProxy.java:addNew(98)) - 2eaf327d-c8aa-4b69-9e65-db94832273b8: addNew group-3B31C3308912:[fe29ea50-ce7d-4d67-99db-5363b98f75df|rpc:10.1.0.239:15129|admin:10.1.0.239:15128|client:10.1.0.239:15127|dataStream:10.1.0.239:15130|priority:0|startupRole:FOLLOWER, 2eaf327d-c8aa-4b69-9e65-db94832273b8|rpc:10.1.0.239:15138|admin:10.1.0.239:15137|client:10.1.0.239:15136|dataStream:10.1.0.239:15139|priority:1|startupRole:FOLLOWER, 0d210486-d547-40fe-b644-a4a516df2759|rpc:10.1.0.239:15120|admin:10.1.0.239:15119|client:10.1.0.239:15118|dataStream:10.1.0.239:15121|priority:0|startupRole:FOLLOWER] returns group-3B31C3308912:java.util.concurrent.CompletableFuture@4c22bc72[Not completed]
2023-08-29 18:55:15,798 [2eaf327d-c8aa-4b69-9e65-db94832273b8-groupManagement] INFO  server.RaftServer$Division (RaftServerImpl.java:<init>(198)) - 2eaf327d-c8aa-4b69-9e65-db94832273b8: new RaftServerImpl for group-3B31C3308912:[fe29ea50-ce7d-4d67-99db-5363b98f75df|rpc:10.1.0.239:15129|admin:10.1.0.239:15128|client:10.1.0.239:15127|dataStream:10.1.0.239:15130|priority:0|startupRole:FOLLOWER, 2eaf327d-c8aa-4b69-9e65-db94832273b8|rpc:10.1.0.239:15138|admin:10.1.0.239:15137|client:10.1.0.239:15136|dataStream:10.1.0.239:15139|priority:1|startupRole:FOLLOWER, 0d210486-d547-40fe-b644-a4a516df2759|rpc:10.1.0.239:15120|admin:10.1.0.239:15119|client:10.1.0.239:15118|dataStream:10.1.0.239:15121|priority:0|startupRole:FOLLOWER] with ContainerStateMachine:uninitialized
2023-08-29 18:55:15,798 [2eaf327d-c8aa-4b69-9e65-db94832273b8-groupManagement] INFO  server.RaftServerConfigKeys (ConfUtils.java:logGet(46)) - raft.server.rpc.timeout.min = 5s (custom)
2023-08-29 18:55:15,798 [2eaf327d-c8aa-4b69-9e65-db94832273b8-groupManagement] INFO  server.RaftServerConfigKeys (ConfUtils.java:logGet(46)) - raft.server.rpc.timeout.max = 5200ms (custom)
2023-08-29 18:55:15,798 [2eaf327d-c8aa-4b69-9e65-db94832273b8-groupManagement] INFO  server.RaftServerConfigKeys (ConfUtils.java:logGet(46)) - raft.server.rpc.sleep.time = 25ms (default)
2023-08-29 18:55:15,798 [2eaf327d-c8aa-4b69-9e65-db94832273b8-groupManagement] INFO  server.RaftServerConfigKeys (ConfUtils.java:logGet(46)) - raft.server.rpc.slowness.timeout = 300s (custom)
2023-08-29 18:55:15,798 [2eaf327d-c8aa-4b69-9e65-db94832273b8-groupManagement] INFO  server.RaftServerConfigKeys (ConfUtils.java:logGet(46)) - raft.server.leaderelection.leader.step-down.wait-time = 10s (default)
2023-08-29 18:55:15,798 [2eaf327d-c8aa-4b69-9e65-db94832273b8-groupManagement] INFO  server.RaftServerConfigKeys (ConfUtils.java:logGet(46)) - raft.server.sleep.deviation.threshold = 300ms (default)
2023-08-29 18:55:15,798 [2eaf327d-c8aa-4b69-9e65-db94832273b8-groupManagement] INFO  server.RaftServer$Division (ServerState.java:<init>(120)) - 2eaf327d-c8aa-4b69-9e65-db94832273b8@group-3B31C3308912: ConfigurationManager, init=-1: peers:[fe29ea50-ce7d-4d67-99db-5363b98f75df|rpc:10.1.0.239:15129|admin:10.1.0.239:15128|client:10.1.0.239:15127|dataStream:10.1.0.239:15130|priority:0|startupRole:FOLLOWER, 2eaf327d-c8aa-4b69-9e65-db94832273b8|rpc:10.1.0.239:15138|admin:10.1.0.239:15137|client:10.1.0.239:15136|dataStream:10.1.0.239:15139|priority:1|startupRole:FOLLOWER, 0d210486-d547-40fe-b644-a4a516df2759|rpc:10.1.0.239:15120|admin:10.1.0.239:15119|client:10.1.0.239:15118|dataStream:10.1.0.239:15121|priority:0|startupRole:FOLLOWER]|listeners:[], old=null, confs=<EMPTY_MAP>
2023-08-29 18:55:15,798 [2eaf327d-c8aa-4b69-9e65-db94832273b8-groupManagement] INFO  server.RaftServerConfigKeys (ConfUtils.java:logGet(46)) - raft.server.storage.dir = [/home/runner/work/ozone/ozone/hadoop-ozone/integration-test/target/test-dir/MiniOzoneClusterImpl-e121caef-2a4e-4b75-96a0-c968b96a6505/datanode-2/data/ratis] (custom)
2023-08-29 18:55:15,798 [2eaf327d-c8aa-4b69-9e65-db94832273b8-groupManagement] INFO  server.RaftServerConfigKeys (ConfUtils.java:logGet(46)) - raft.server.log.corruption.policy = EXCEPTION (default)
2023-08-29 18:55:15,798 [2eaf327d-c8aa-4b69-9e65-db94832273b8-groupManagement] INFO  server.RaftServerConfigKeys (ConfUtils.java:logGet(46)) - raft.server.storage.free-space.min = 0MB (=0) (default)
2023-08-29 18:55:15,798 [2eaf327d-c8aa-4b69-9e65-db94832273b8-groupManagement] INFO  server.RaftServerConfigKeys (ConfUtils.java:logGet(46)) - raft.server.notification.no-leader.timeout = 300s (custom)
2023-08-29 18:55:15,798 [2eaf327d-c8aa-4b69-9e65-db94832273b8-groupManagement] INFO  server.RaftServerConfigKeys (ConfUtils.java:logGet(46)) - raft.server.read.timeout = 10s (default)
2023-08-29 18:55:15,798 [2eaf327d-c8aa-4b69-9e65-db94832273b8-groupManagement] INFO  server.RaftServerConfigKeys (ConfUtils.java:logGet(46)) - raft.server.retrycache.expirytime = 600000ms (custom)
2023-08-29 18:55:15,798 [2eaf327d-c8aa-4b69-9e65-db94832273b8-groupManagement] INFO  server.RaftServerConfigKeys (ConfUtils.java:logGet(46)) - raft.server.retrycache.statistics.expirytime = 100μs (default)
2023-08-29 18:55:15,798 [2eaf327d-c8aa-4b69-9e65-db94832273b8-groupManagement] INFO  server.RaftServerConfigKeys (ConfUtils.java:logGet(46)) - raft.server.read.option = DEFAULT (default)
2023-08-29 18:55:15,799 [2eaf327d-c8aa-4b69-9e65-db94832273b8-groupManagement] INFO  server.RaftServerConfigKeys (ConfUtils.java:logGet(46)) - raft.server.rpc.request.timeout = 60s (custom)
2023-08-29 18:55:15,799 [2eaf327d-c8aa-4b69-9e65-db94832273b8-groupManagement] INFO  server.RaftServerConfigKeys (ConfUtils.java:logGet(46)) - raft.server.log.appender.install.snapshot.enabled = false (custom)
2023-08-29 18:55:15,799 [2eaf327d-c8aa-4b69-9e65-db94832273b8-groupManagement] INFO  server.RaftServerConfigKeys (ConfUtils.java:logGet(46)) - raft.server.threadpool.server.cached = true (default)
2023-08-29 18:55:15,799 [2eaf327d-c8aa-4b69-9e65-db94832273b8-groupManagement] INFO  server.RaftServerConfigKeys (ConfUtils.java:logGet(46)) - raft.server.threadpool.server.size = 0 (default)
2023-08-29 18:55:15,799 [2eaf327d-c8aa-4b69-9e65-db94832273b8-groupManagement] INFO  server.RaftServerConfigKeys (ConfUtils.java:logGet(46)) - raft.server.threadpool.client.cached = true (default)
2023-08-29 18:55:15,799 [2eaf327d-c8aa-4b69-9e65-db94832273b8-groupManagement] INFO  server.RaftServerConfigKeys (ConfUtils.java:logGet(46)) - raft.server.threadpool.client.size = 0 (default)
2023-08-29 18:55:15,799 [2eaf327d-c8aa-4b69-9e65-db94832273b8-groupManagement] INFO  storage.RaftStorageDirectory (RaftStorageDirectoryImpl.java:analyzeStorage(137)) - The storage directory /home/runner/work/ozone/ozone/hadoop-ozone/integration-test/target/test-dir/MiniOzoneClusterImpl-e121caef-2a4e-4b75-96a0-c968b96a6505/datanode-2/data/ratis/3f897b43-44f9-42f7-87e7-3b31c3308912 does not exist. Creating ...
2023-08-29 18:55:15,800 [2eaf327d-c8aa-4b69-9e65-db94832273b8-groupManagement] INFO  storage.RaftStorageDirectory (RaftStorageDirectoryImpl.java:tryLock(231)) - Lock on /home/runner/work/ozone/ozone/hadoop-ozone/integration-test/target/test-dir/MiniOzoneClusterImpl-e121caef-2a4e-4b75-96a0-c968b96a6505/datanode-2/data/ratis/3f897b43-44f9-42f7-87e7-3b31c3308912/in_use.lock acquired by nodename 61099@fv-az225-157
2023-08-29 18:55:15,802 [2eaf327d-c8aa-4b69-9e65-db94832273b8-groupManagement] INFO  storage.RaftStorage (RaftStorageImpl.java:format(96)) - Storage directory /home/runner/work/ozone/ozone/hadoop-ozone/integration-test/target/test-dir/MiniOzoneClusterImpl-e121caef-2a4e-4b75-96a0-c968b96a6505/datanode-2/data/ratis/3f897b43-44f9-42f7-87e7-3b31c3308912 has been successfully formatted.
2023-08-29 18:55:15,802 [2eaf327d-c8aa-4b69-9e65-db94832273b8-groupManagement] INFO  ratis.ContainerStateMachine (ContainerStateMachine.java:loadSnapshot(262)) - group-3B31C3308912: The snapshot info is null. Setting the last applied indexto:(t:0, i:~)
2023-08-29 18:55:15,803 [2eaf327d-c8aa-4b69-9e65-db94832273b8-groupManagement] INFO  server.RaftServerConfigKeys (ConfUtils.java:logGet(46)) - raft.server.log.use.memory = false (default)
2023-08-29 18:55:15,803 [2eaf327d-c8aa-4b69-9e65-db94832273b8-groupManagement] INFO  server.RaftServerConfigKeys (ConfUtils.java:logGet(46)) - raft.server.log.purge.gap = 1000000 (custom)
2023-08-29 18:55:15,803 [2eaf327d-c8aa-4b69-9e65-db94832273b8-groupManagement] INFO  server.RaftServerConfigKeys (ConfUtils.java:logGet(46)) - raft.server.log.appender.buffer.byte-limit = 33554432 (custom)
2023-08-29 18:55:15,803 [2eaf327d-c8aa-4b69-9e65-db94832273b8-groupManagement] INFO  server.RaftServerConfigKeys (ConfUtils.java:logGet(46)) - raft.server.log.statemachine.data.read.timeout = 1000ms (default)
2023-08-29 18:55:15,803 [2eaf327d-c8aa-4b69-9e65-db94832273b8-groupManagement] INFO  server.RaftServerConfigKeys (ConfUtils.java:logGet(46)) - raft.server.log.purge.preservation.log.num = 0 (default)
2023-08-29 18:55:15,803 [2eaf327d-c8aa-4b69-9e65-db94832273b8-groupManagement] INFO  server.RaftServerConfigKeys (ConfUtils.java:logGet(46)) - raft.server.log.segment.size.max = 1048576 (custom)
2023-08-29 18:55:15,803 [2eaf327d-c8aa-4b69-9e65-db94832273b8-groupManagement] INFO  server.RaftServerConfigKeys (ConfUtils.java:logGet(46)) - raft.server.log.segment.cache.num.max = 2 (custom)
2023-08-29 18:55:15,803 [2eaf327d-c8aa-4b69-9e65-db94832273b8-groupManagement] INFO  server.RaftServerConfigKeys (ConfUtils.java:logGet(46)) - raft.server.log.segment.cache.size.max = 200MB (=209715200) (default)
2023-08-29 18:55:15,803 [2eaf327d-c8aa-4b69-9e65-db94832273b8-groupManagement] INFO  server.RaftServerConfigKeys (ConfUtils.java:logGet(46)) - raft.server.log.appender.buffer.byte-limit = 33554432 (custom)
2023-08-29 18:55:15,803 [2eaf327d-c8aa-4b69-9e65-db94832273b8-groupManagement] INFO  segmented.SegmentedRaftLogWorker (SegmentedRaftLogWorker.java:<init>(188)) - new 2eaf327d-c8aa-4b69-9e65-db94832273b8@group-3B31C3308912-SegmentedRaftLogWorker for RaftStorageImpl:Storage Directory /home/runner/work/ozone/ozone/hadoop-ozone/integration-test/target/test-dir/MiniOzoneClusterImpl-e121caef-2a4e-4b75-96a0-c968b96a6505/datanode-2/data/ratis/3f897b43-44f9-42f7-87e7-3b31c3308912
2023-08-29 18:55:15,803 [2eaf327d-c8aa-4b69-9e65-db94832273b8-groupManagement] INFO  server.RaftServerConfigKeys (ConfUtils.java:logGet(46)) - raft.server.log.queue.byte-limit = 4294967296 (custom)
2023-08-29 18:55:15,804 [2eaf327d-c8aa-4b69-9e65-db94832273b8-groupManagement] INFO  server.RaftServerConfigKeys (ConfUtils.java:logGet(46)) - raft.server.log.queue.element-limit = 1024 (custom)
2023-08-29 18:55:15,804 [2eaf327d-c8aa-4b69-9e65-db94832273b8-groupManagement] INFO  server.RaftServerConfigKeys (ConfUtils.java:logGet(46)) - raft.server.log.segment.size.max = 1048576 (custom)
2023-08-29 18:55:15,804 [2eaf327d-c8aa-4b69-9e65-db94832273b8-groupManagement] INFO  server.RaftServerConfigKeys (ConfUtils.java:logGet(46)) - raft.server.log.preallocated.size = 16384 (custom)
2023-08-29 18:55:15,804 [2eaf327d-c8aa-4b69-9e65-db94832273b8-groupManagement] INFO  server.RaftServerConfigKeys (ConfUtils.java:logGet(46)) - raft.server.log.force.sync.num = 128 (default)
2023-08-29 18:55:15,804 [2eaf327d-c8aa-4b69-9e65-db94832273b8-groupManagement] INFO  server.RaftServerConfigKeys (ConfUtils.java:logGet(46)) - raft.server.log.statemachine.data.sync = true (default)
2023-08-29 18:55:15,804 [2eaf327d-c8aa-4b69-9e65-db94832273b8-groupManagement] INFO  server.RaftServerConfigKeys (ConfUtils.java:logGet(46)) - raft.server.log.statemachine.data.sync.timeout = 10s (default)
2023-08-29 18:55:15,804 [2eaf327d-c8aa-4b69-9e65-db94832273b8-groupManagement] INFO  server.RaftServerConfigKeys (ConfUtils.java:logGet(46)) - raft.server.log.statemachine.data.sync.timeout.retry = -1 (default)
2023-08-29 18:55:15,804 [2eaf327d-c8aa-4b69-9e65-db94832273b8-groupManagement] INFO  server.RaftServerConfigKeys (ConfUtils.java:logGet(46)) - raft.server.log.write.buffer.size = 1048576 (custom)
2023-08-29 18:55:15,805 [2eaf327d-c8aa-4b69-9e65-db94832273b8-groupManagement] INFO  server.RaftServerConfigKeys (ConfUtils.java:logGet(46)) - raft.server.log.appender.buffer.byte-limit = 33554432 (custom)
2023-08-29 18:55:15,809 [2eaf327d-c8aa-4b69-9e65-db94832273b8-groupManagement] INFO  server.RaftServerConfigKeys (ConfUtils.java:logGet(46)) - raft.server.log.unsafe-flush.enabled = false (default)
2023-08-29 18:55:15,809 [2eaf327d-c8aa-4b69-9e65-db94832273b8-groupManagement] INFO  server.RaftServerConfigKeys (ConfUtils.java:logGet(46)) - raft.server.log.async-flush.enabled = false (default)
2023-08-29 18:55:15,809 [2eaf327d-c8aa-4b69-9e65-db94832273b8-groupManagement] INFO  server.RaftServerConfigKeys (ConfUtils.java:logGet(46)) - raft.server.log.statemachine.data.caching.enabled = true (custom)
2023-08-29 18:55:15,810 [2eaf327d-c8aa-4b69-9e65-db94832273b8-groupManagement] INFO  segmented.SegmentedRaftLogWorker (SegmentedRaftLogWorker.java:lambda$new$0(135)) - 2eaf327d-c8aa-4b69-9e65-db94832273b8@group-3B31C3308912-SegmentedRaftLogWorker: flushIndex: setUnconditionally 0 -> -1
2023-08-29 18:55:15,810 [2eaf327d-c8aa-4b69-9e65-db94832273b8-groupManagement] INFO  segmented.SegmentedRaftLogWorker (SegmentedRaftLogWorker.java:lambda$new$0(135)) - 2eaf327d-c8aa-4b69-9e65-db94832273b8@group-3B31C3308912-SegmentedRaftLogWorker: safeCacheEvictIndex: setUnconditionally 0 -> -1
2023-08-29 18:55:15,810 [2eaf327d-c8aa-4b69-9e65-db94832273b8-groupManagement] INFO  server.RaftServer$Division (RaftServerImpl.java:start(342)) - 2eaf327d-c8aa-4b69-9e65-db94832273b8@group-3B31C3308912: start as a follower, conf=-1: peers:[fe29ea50-ce7d-4d67-99db-5363b98f75df|rpc:10.1.0.239:15129|admin:10.1.0.239:15128|client:10.1.0.239:15127|dataStream:10.1.0.239:15130|priority:0|startupRole:FOLLOWER, 2eaf327d-c8aa-4b69-9e65-db94832273b8|rpc:10.1.0.239:15138|admin:10.1.0.239:15137|client:10.1.0.239:15136|dataStream:10.1.0.239:15139|priority:1|startupRole:FOLLOWER, 0d210486-d547-40fe-b644-a4a516df2759|rpc:10.1.0.239:15120|admin:10.1.0.239:15119|client:10.1.0.239:15118|dataStream:10.1.0.239:15121|priority:0|startupRole:FOLLOWER]|listeners:[], old=null
2023-08-29 18:55:15,810 [2eaf327d-c8aa-4b69-9e65-db94832273b8-groupManagement] INFO  server.RaftServer$Division (RaftServerImpl.java:setRole(329)) - 2eaf327d-c8aa-4b69-9e65-db94832273b8@group-3B31C3308912: changes role from      null to FOLLOWER at term 0 for startAsFollower
2023-08-29 18:55:15,810 [2eaf327d-c8aa-4b69-9e65-db94832273b8-groupManagement] INFO  impl.RoleInfo (RoleInfo.java:updateAndGet(139)) - 2eaf327d-c8aa-4b69-9e65-db94832273b8: start 2eaf327d-c8aa-4b69-9e65-db94832273b8@group-3B31C3308912-FollowerState
2023-08-29 18:55:15,810 [2eaf327d-c8aa-4b69-9e65-db94832273b8-groupManagement] INFO  util.JmxRegister (JmxRegister.java:tryRegister(44)) - Successfully registered JMX Bean with object name Ratis:service=RaftServer,group=group-3B31C3308912,id=2eaf327d-c8aa-4b69-9e65-db94832273b8
2023-08-29 18:55:15,810 [2eaf327d-c8aa-4b69-9e65-db94832273b8@group-3B31C3308912-FollowerState] INFO  server.RaftServerConfigKeys (ConfUtils.java:logFallback(53)) - raft.server.rpc.first-election.timeout.min = 5s (fallback to raft.server.rpc.timeout.min)
2023-08-29 18:55:15,810 [2eaf327d-c8aa-4b69-9e65-db94832273b8-groupManagement] INFO  server.RaftServerConfigKeys (ConfUtils.java:logGet(46)) - raft.server.snapshot.auto.trigger.enabled = true (custom)
2023-08-29 18:55:15,810 [2eaf327d-c8aa-4b69-9e65-db94832273b8@group-3B31C3308912-FollowerState] INFO  server.RaftServerConfigKeys (ConfUtils.java:logFallback(53)) - raft.server.rpc.first-election.timeout.max = 5200ms (fallback to raft.server.rpc.timeout.max)
2023-08-29 18:55:15,810 [2eaf327d-c8aa-4b69-9e65-db94832273b8-groupManagement] INFO  server.RaftServerConfigKeys (ConfUtils.java:logGet(46)) - raft.server.snapshot.auto.trigger.threshold = 10000 (custom)
2023-08-29 18:55:15,810 [2eaf327d-c8aa-4b69-9e65-db94832273b8-groupManagement] INFO  server.RaftServerConfigKeys (ConfUtils.java:logGet(46)) - raft.server.snapshot.retention.file.num = 5 (custom)
2023-08-29 18:55:15,810 [2eaf327d-c8aa-4b69-9e65-db94832273b8-groupManagement] INFO  server.RaftServerConfigKeys (ConfUtils.java:logGet(46)) - raft.server.log.purge.upto.snapshot.index = false (default)
2023-08-29 18:55:15,826 [grpc-default-executor-5] INFO  server.RaftServer (RaftServerProxy.java:addNew(98)) - fe29ea50-ce7d-4d67-99db-5363b98f75df: addNew group-3B31C3308912:[fe29ea50-ce7d-4d67-99db-5363b98f75df|rpc:10.1.0.239:15129|admin:10.1.0.239:15128|client:10.1.0.239:15127|dataStream:10.1.0.239:15130|priority:0|startupRole:FOLLOWER, 2eaf327d-c8aa-4b69-9e65-db94832273b8|rpc:10.1.0.239:15138|admin:10.1.0.239:15137|client:10.1.0.239:15136|dataStream:10.1.0.239:15139|priority:1|startupRole:FOLLOWER, 0d210486-d547-40fe-b644-a4a516df2759|rpc:10.1.0.239:15120|admin:10.1.0.239:15119|client:10.1.0.239:15118|dataStream:10.1.0.239:15121|priority:0|startupRole:FOLLOWER] returns group-3B31C3308912:java.util.concurrent.CompletableFuture@573cb4d6[Not completed]
2023-08-29 18:55:15,826 [fe29ea50-ce7d-4d67-99db-5363b98f75df-groupManagement] INFO  server.RaftServer$Division (RaftServerImpl.java:<init>(198)) - fe29ea50-ce7d-4d67-99db-5363b98f75df: new RaftServerImpl for group-3B31C3308912:[fe29ea50-ce7d-4d67-99db-5363b98f75df|rpc:10.1.0.239:15129|admin:10.1.0.239:15128|client:10.1.0.239:15127|dataStream:10.1.0.239:15130|priority:0|startupRole:FOLLOWER, 2eaf327d-c8aa-4b69-9e65-db94832273b8|rpc:10.1.0.239:15138|admin:10.1.0.239:15137|client:10.1.0.239:15136|dataStream:10.1.0.239:15139|priority:1|startupRole:FOLLOWER, 0d210486-d547-40fe-b644-a4a516df2759|rpc:10.1.0.239:15120|admin:10.1.0.239:15119|client:10.1.0.239:15118|dataStream:10.1.0.239:15121|priority:0|startupRole:FOLLOWER] with ContainerStateMachine:uninitialized
2023-08-29 18:55:15,827 [fe29ea50-ce7d-4d67-99db-5363b98f75df-groupManagement] INFO  server.RaftServerConfigKeys (ConfUtils.java:logGet(46)) - raft.server.rpc.timeout.min = 5s (custom)
2023-08-29 18:55:15,827 [fe29ea50-ce7d-4d67-99db-5363b98f75df-groupManagement] INFO  server.RaftServerConfigKeys (ConfUtils.java:logGet(46)) - raft.server.rpc.timeout.max = 5200ms (custom)
2023-08-29 18:55:15,827 [fe29ea50-ce7d-4d67-99db-5363b98f75df-groupManagement] INFO  server.RaftServerConfigKeys (ConfUtils.java:logGet(46)) - raft.server.rpc.sleep.time = 25ms (default)
2023-08-29 18:55:15,827 [fe29ea50-ce7d-4d67-99db-5363b98f75df-groupManagement] INFO  server.RaftServerConfigKeys (ConfUtils.java:logGet(46)) - raft.server.rpc.slowness.timeout = 300s (custom)
2023-08-29 18:55:15,827 [fe29ea50-ce7d-4d67-99db-5363b98f75df-groupManagement] INFO  server.RaftServerConfigKeys (ConfUtils.java:logGet(46)) - raft.server.leaderelection.leader.step-down.wait-time = 10s (default)
2023-08-29 18:55:15,827 [fe29ea50-ce7d-4d67-99db-5363b98f75df-groupManagement] INFO  server.RaftServerConfigKeys (ConfUtils.java:logGet(46)) - raft.server.sleep.deviation.threshold = 300ms (default)
2023-08-29 18:55:15,827 [fe29ea50-ce7d-4d67-99db-5363b98f75df-groupManagement] INFO  server.RaftServer$Division (ServerState.java:<init>(120)) - fe29ea50-ce7d-4d67-99db-5363b98f75df@group-3B31C3308912: ConfigurationManager, init=-1: peers:[fe29ea50-ce7d-4d67-99db-5363b98f75df|rpc:10.1.0.239:15129|admin:10.1.0.239:15128|client:10.1.0.239:15127|dataStream:10.1.0.239:15130|priority:0|startupRole:FOLLOWER, 2eaf327d-c8aa-4b69-9e65-db94832273b8|rpc:10.1.0.239:15138|admin:10.1.0.239:15137|client:10.1.0.239:15136|dataStream:10.1.0.239:15139|priority:1|startupRole:FOLLOWER, 0d210486-d547-40fe-b644-a4a516df2759|rpc:10.1.0.239:15120|admin:10.1.0.239:15119|client:10.1.0.239:15118|dataStream:10.1.0.239:15121|priority:0|startupRole:FOLLOWER]|listeners:[], old=null, confs=<EMPTY_MAP>
2023-08-29 18:55:15,827 [fe29ea50-ce7d-4d67-99db-5363b98f75df-groupManagement] INFO  server.RaftServerConfigKeys (ConfUtils.java:logGet(46)) - raft.server.storage.dir = [/home/runner/work/ozone/ozone/hadoop-ozone/integration-test/target/test-dir/MiniOzoneClusterImpl-e121caef-2a4e-4b75-96a0-c968b96a6505/datanode-1/data/ratis] (custom)
2023-08-29 18:55:15,827 [fe29ea50-ce7d-4d67-99db-5363b98f75df-groupManagement] INFO  server.RaftServerConfigKeys (ConfUtils.java:logGet(46)) - raft.server.log.corruption.policy = EXCEPTION (default)
2023-08-29 18:55:15,827 [fe29ea50-ce7d-4d67-99db-5363b98f75df-groupManagement] INFO  server.RaftServerConfigKeys (ConfUtils.java:logGet(46)) - raft.server.storage.free-space.min = 0MB (=0) (default)
2023-08-29 18:55:15,827 [fe29ea50-ce7d-4d67-99db-5363b98f75df-groupManagement] INFO  server.RaftServerConfigKeys (ConfUtils.java:logGet(46)) - raft.server.notification.no-leader.timeout = 300s (custom)
2023-08-29 18:55:15,827 [fe29ea50-ce7d-4d67-99db-5363b98f75df-groupManagement] INFO  server.RaftServerConfigKeys (ConfUtils.java:logGet(46)) - raft.server.read.timeout = 10s (default)
2023-08-29 18:55:15,827 [fe29ea50-ce7d-4d67-99db-5363b98f75df-groupManagement] INFO  server.RaftServerConfigKeys (ConfUtils.java:logGet(46)) - raft.server.retrycache.expirytime = 600000ms (custom)
2023-08-29 18:55:15,827 [fe29ea50-ce7d-4d67-99db-5363b98f75df-groupManagement] INFO  server.RaftServerConfigKeys (ConfUtils.java:logGet(46)) - raft.server.retrycache.statistics.expirytime = 100μs (default)
2023-08-29 18:55:15,827 [fe29ea50-ce7d-4d67-99db-5363b98f75df-groupManagement] INFO  server.RaftServerConfigKeys (ConfUtils.java:logGet(46)) - raft.server.read.option = DEFAULT (default)
2023-08-29 18:55:15,828 [fe29ea50-ce7d-4d67-99db-5363b98f75df-groupManagement] INFO  server.RaftServerConfigKeys (ConfUtils.java:logGet(46)) - raft.server.rpc.request.timeout = 60s (custom)
2023-08-29 18:55:15,828 [fe29ea50-ce7d-4d67-99db-5363b98f75df-groupManagement] INFO  server.RaftServerConfigKeys (ConfUtils.java:logGet(46)) - raft.server.log.appender.install.snapshot.enabled = false (custom)
2023-08-29 18:55:15,828 [fe29ea50-ce7d-4d67-99db-5363b98f75df-groupManagement] INFO  server.RaftServerConfigKeys (ConfUtils.java:logGet(46)) - raft.server.threadpool.server.cached = true (default)
2023-08-29 18:55:15,828 [fe29ea50-ce7d-4d67-99db-5363b98f75df-groupManagement] INFO  server.RaftServerConfigKeys (ConfUtils.java:logGet(46)) - raft.server.threadpool.server.size = 0 (default)
2023-08-29 18:55:15,830 [fe29ea50-ce7d-4d67-99db-5363b98f75df-groupManagement] INFO  server.RaftServerConfigKeys (ConfUtils.java:logGet(46)) - raft.server.threadpool.client.cached = true (default)
2023-08-29 18:55:15,830 [fe29ea50-ce7d-4d67-99db-5363b98f75df-groupManagement] INFO  server.RaftServerConfigKeys (ConfUtils.java:logGet(46)) - raft.server.threadpool.client.size = 0 (default)
2023-08-29 18:55:15,830 [fe29ea50-ce7d-4d67-99db-5363b98f75df-groupManagement] INFO  storage.RaftStorageDirectory (RaftStorageDirectoryImpl.java:analyzeStorage(137)) - The storage directory /home/runner/work/ozone/ozone/hadoop-ozone/integration-test/target/test-dir/MiniOzoneClusterImpl-e121caef-2a4e-4b75-96a0-c968b96a6505/datanode-1/data/ratis/3f897b43-44f9-42f7-87e7-3b31c3308912 does not exist. Creating ...
2023-08-29 18:55:15,831 [fe29ea50-ce7d-4d67-99db-5363b98f75df-groupManagement] INFO  storage.RaftStorageDirectory (RaftStorageDirectoryImpl.java:tryLock(231)) - Lock on /home/runner/work/ozone/ozone/hadoop-ozone/integration-test/target/test-dir/MiniOzoneClusterImpl-e121caef-2a4e-4b75-96a0-c968b96a6505/datanode-1/data/ratis/3f897b43-44f9-42f7-87e7-3b31c3308912/in_use.lock acquired by nodename 61099@fv-az225-157
2023-08-29 18:55:15,832 [fe29ea50-ce7d-4d67-99db-5363b98f75df-groupManagement] INFO  storage.RaftStorage (RaftStorageImpl.java:format(96)) - Storage directory /home/runner/work/ozone/ozone/hadoop-ozone/integration-test/target/test-dir/MiniOzoneClusterImpl-e121caef-2a4e-4b75-96a0-c968b96a6505/datanode-1/data/ratis/3f897b43-44f9-42f7-87e7-3b31c3308912 has been successfully formatted.
2023-08-29 18:55:15,832 [fe29ea50-ce7d-4d67-99db-5363b98f75df-groupManagement] INFO  ratis.ContainerStateMachine (ContainerStateMachine.java:loadSnapshot(262)) - group-3B31C3308912: The snapshot info is null. Setting the last applied indexto:(t:0, i:~)
2023-08-29 18:55:15,832 [fe29ea50-ce7d-4d67-99db-5363b98f75df-groupManagement] INFO  server.RaftServerConfigKeys (ConfUtils.java:logGet(46)) - raft.server.log.use.memory = false (default)
2023-08-29 18:55:15,832 [fe29ea50-ce7d-4d67-99db-5363b98f75df-groupManagement] INFO  server.RaftServerConfigKeys (ConfUtils.java:logGet(46)) - raft.server.log.purge.gap = 1000000 (custom)
2023-08-29 18:55:15,832 [fe29ea50-ce7d-4d67-99db-5363b98f75df-groupManagement] INFO  server.RaftServerConfigKeys (ConfUtils.java:logGet(46)) - raft.server.log.appender.buffer.byte-limit = 33554432 (custom)
2023-08-29 18:55:15,833 [fe29ea50-ce7d-4d67-99db-5363b98f75df-groupManagement] INFO  server.RaftServerConfigKeys (ConfUtils.java:logGet(46)) - raft.server.log.statemachine.data.read.timeout = 1000ms (default)
2023-08-29 18:55:15,833 [fe29ea50-ce7d-4d67-99db-5363b98f75df-groupManagement] INFO  server.RaftServerConfigKeys (ConfUtils.java:logGet(46)) - raft.server.log.purge.preservation.log.num = 0 (default)
2023-08-29 18:55:15,833 [fe29ea50-ce7d-4d67-99db-5363b98f75df-groupManagement] INFO  server.RaftServerConfigKeys (ConfUtils.java:logGet(46)) - raft.server.log.segment.size.max = 1048576 (custom)
2023-08-29 18:55:15,833 [fe29ea50-ce7d-4d67-99db-5363b98f75df-groupManagement] INFO  server.RaftServerConfigKeys (ConfUtils.java:logGet(46)) - raft.server.log.segment.cache.num.max = 2 (custom)
2023-08-29 18:55:15,833 [fe29ea50-ce7d-4d67-99db-5363b98f75df-groupManagement] INFO  server.RaftServerConfigKeys (ConfUtils.java:logGet(46)) - raft.server.log.segment.cache.size.max = 200MB (=209715200) (default)
2023-08-29 18:55:15,833 [fe29ea50-ce7d-4d67-99db-5363b98f75df-groupManagement] INFO  server.RaftServerConfigKeys (ConfUtils.java:logGet(46)) - raft.server.log.appender.buffer.byte-limit = 33554432 (custom)
2023-08-29 18:55:15,833 [fe29ea50-ce7d-4d67-99db-5363b98f75df-groupManagement] INFO  segmented.SegmentedRaftLogWorker (SegmentedRaftLogWorker.java:<init>(188)) - new fe29ea50-ce7d-4d67-99db-5363b98f75df@group-3B31C3308912-SegmentedRaftLogWorker for RaftStorageImpl:Storage Directory /home/runner/work/ozone/ozone/hadoop-ozone/integration-test/target/test-dir/MiniOzoneClusterImpl-e121caef-2a4e-4b75-96a0-c968b96a6505/datanode-1/data/ratis/3f897b43-44f9-42f7-87e7-3b31c3308912
2023-08-29 18:55:15,833 [fe29ea50-ce7d-4d67-99db-5363b98f75df-groupManagement] INFO  server.RaftServerConfigKeys (ConfUtils.java:logGet(46)) - raft.server.log.queue.byte-limit = 4294967296 (custom)
2023-08-29 18:55:15,833 [fe29ea50-ce7d-4d67-99db-5363b98f75df-groupManagement] INFO  server.RaftServerConfigKeys (ConfUtils.java:logGet(46)) - raft.server.log.queue.element-limit = 1024 (custom)
2023-08-29 18:55:15,833 [fe29ea50-ce7d-4d67-99db-5363b98f75df-groupManagement] INFO  server.RaftServerConfigKeys (ConfUtils.java:logGet(46)) - raft.server.log.segment.size.max = 1048576 (custom)
2023-08-29 18:55:15,833 [fe29ea50-ce7d-4d67-99db-5363b98f75df-groupManagement] INFO  server.RaftServerConfigKeys (ConfUtils.java:logGet(46)) - raft.server.log.preallocated.size = 16384 (custom)
2023-08-29 18:55:15,833 [fe29ea50-ce7d-4d67-99db-5363b98f75df-groupManagement] INFO  server.RaftServerConfigKeys (ConfUtils.java:logGet(46)) - raft.server.log.force.sync.num = 128 (default)
2023-08-29 18:55:15,833 [fe29ea50-ce7d-4d67-99db-5363b98f75df-groupManagement] INFO  server.RaftServerConfigKeys (ConfUtils.java:logGet(46)) - raft.server.log.statemachine.data.sync = true (default)
2023-08-29 18:55:15,834 [fe29ea50-ce7d-4d67-99db-5363b98f75df-groupManagement] INFO  server.RaftServerConfigKeys (ConfUtils.java:logGet(46)) - raft.server.log.statemachine.data.sync.timeout = 10s (default)
2023-08-29 18:55:15,834 [fe29ea50-ce7d-4d67-99db-5363b98f75df-groupManagement] INFO  server.RaftServerConfigKeys (ConfUtils.java:logGet(46)) - raft.server.log.statemachine.data.sync.timeout.retry = -1 (default)
2023-08-29 18:55:15,834 [fe29ea50-ce7d-4d67-99db-5363b98f75df-groupManagement] INFO  server.RaftServerConfigKeys (ConfUtils.java:logGet(46)) - raft.server.log.write.buffer.size = 1048576 (custom)
2023-08-29 18:55:15,834 [fe29ea50-ce7d-4d67-99db-5363b98f75df-groupManagement] INFO  server.RaftServerConfigKeys (ConfUtils.java:logGet(46)) - raft.server.log.appender.buffer.byte-limit = 33554432 (custom)
2023-08-29 18:55:15,839 [fe29ea50-ce7d-4d67-99db-5363b98f75df-groupManagement] INFO  server.RaftServerConfigKeys (ConfUtils.java:logGet(46)) - raft.server.log.unsafe-flush.enabled = false (default)
2023-08-29 18:55:15,839 [fe29ea50-ce7d-4d67-99db-5363b98f75df-groupManagement] INFO  server.RaftServerConfigKeys (ConfUtils.java:logGet(46)) - raft.server.log.async-flush.enabled = false (default)
2023-08-29 18:55:15,839 [fe29ea50-ce7d-4d67-99db-5363b98f75df-groupManagement] INFO  server.RaftServerConfigKeys (ConfUtils.java:logGet(46)) - raft.server.log.statemachine.data.caching.enabled = true (custom)
2023-08-29 18:55:15,839 [fe29ea50-ce7d-4d67-99db-5363b98f75df-groupManagement] INFO  segmented.SegmentedRaftLogWorker (SegmentedRaftLogWorker.java:lambda$new$0(135)) - fe29ea50-ce7d-4d67-99db-5363b98f75df@group-3B31C3308912-SegmentedRaftLogWorker: flushIndex: setUnconditionally 0 -> -1
2023-08-29 18:55:15,839 [fe29ea50-ce7d-4d67-99db-5363b98f75df-groupManagement] INFO  segmented.SegmentedRaftLogWorker (SegmentedRaftLogWorker.java:lambda$new$0(135)) - fe29ea50-ce7d-4d67-99db-5363b98f75df@group-3B31C3308912-SegmentedRaftLogWorker: safeCacheEvictIndex: setUnconditionally 0 -> -1
2023-08-29 18:55:15,839 [fe29ea50-ce7d-4d67-99db-5363b98f75df-groupManagement] INFO  server.RaftServer$Division (RaftServerImpl.java:start(342)) - fe29ea50-ce7d-4d67-99db-5363b98f75df@group-3B31C3308912: start as a follower, conf=-1: peers:[fe29ea50-ce7d-4d67-99db-5363b98f75df|rpc:10.1.0.239:15129|admin:10.1.0.239:15128|client:10.1.0.239:15127|dataStream:10.1.0.239:15130|priority:0|startupRole:FOLLOWER, 2eaf327d-c8aa-4b69-9e65-db94832273b8|rpc:10.1.0.239:15138|admin:10.1.0.239:15137|client:10.1.0.239:15136|dataStream:10.1.0.239:15139|priority:1|startupRole:FOLLOWER, 0d210486-d547-40fe-b644-a4a516df2759|rpc:10.1.0.239:15120|admin:10.1.0.239:15119|client:10.1.0.239:15118|dataStream:10.1.0.239:15121|priority:0|startupRole:FOLLOWER]|listeners:[], old=null
2023-08-29 18:55:15,839 [fe29ea50-ce7d-4d67-99db-5363b98f75df-groupManagement] INFO  server.RaftServer$Division (RaftServerImpl.java:setRole(329)) - fe29ea50-ce7d-4d67-99db-5363b98f75df@group-3B31C3308912: changes role from      null to FOLLOWER at term 0 for startAsFollower
2023-08-29 18:55:15,840 [fe29ea50-ce7d-4d67-99db-5363b98f75df-groupManagement] INFO  impl.RoleInfo (RoleInfo.java:updateAndGet(139)) - fe29ea50-ce7d-4d67-99db-5363b98f75df: start fe29ea50-ce7d-4d67-99db-5363b98f75df@group-3B31C3308912-FollowerState
2023-08-29 18:55:15,840 [fe29ea50-ce7d-4d67-99db-5363b98f75df-groupManagement] INFO  util.JmxRegister (JmxRegister.java:tryRegister(44)) - Successfully registered JMX Bean with object name Ratis:service=RaftServer,group=group-3B31C3308912,id=fe29ea50-ce7d-4d67-99db-5363b98f75df
2023-08-29 18:55:15,840 [fe29ea50-ce7d-4d67-99db-5363b98f75df@group-3B31C3308912-FollowerState] INFO  server.RaftServerConfigKeys (ConfUtils.java:logFallback(53)) - raft.server.rpc.first-election.timeout.min = 5s (fallback to raft.server.rpc.timeout.min)
2023-08-29 18:55:15,840 [fe29ea50-ce7d-4d67-99db-5363b98f75df-groupManagement] INFO  server.RaftServerConfigKeys (ConfUtils.java:logGet(46)) - raft.server.snapshot.auto.trigger.enabled = true (custom)
2023-08-29 18:55:15,840 [fe29ea50-ce7d-4d67-99db-5363b98f75df@group-3B31C3308912-FollowerState] INFO  server.RaftServerConfigKeys (ConfUtils.java:logFallback(53)) - raft.server.rpc.first-election.timeout.max = 5200ms (fallback to raft.server.rpc.timeout.max)
2023-08-29 18:55:15,840 [fe29ea50-ce7d-4d67-99db-5363b98f75df-groupManagement] INFO  server.RaftServerConfigKeys (ConfUtils.java:logGet(46)) - raft.server.snapshot.auto.trigger.threshold = 10000 (custom)
2023-08-29 18:55:15,840 [fe29ea50-ce7d-4d67-99db-5363b98f75df-groupManagement] INFO  server.RaftServerConfigKeys (ConfUtils.java:logGet(46)) - raft.server.snapshot.retention.file.num = 5 (custom)
2023-08-29 18:55:15,840 [fe29ea50-ce7d-4d67-99db-5363b98f75df-groupManagement] INFO  server.RaftServerConfigKeys (ConfUtils.java:logGet(46)) - raft.server.log.purge.upto.snapshot.index = false (default)
2023-08-29 18:55:15,865 [PipelineCommandHandlerThread-0] INFO  commandhandler.CreatePipelineCommandHandler (CreatePipelineCommandHandler.java:lambda$handle$2(124)) - Created Pipeline RATIS THREE PipelineID=3f897b43-44f9-42f7-87e7-3b31c3308912.
2023-08-29 18:55:15,884 [fe29ea50-ce7d-4d67-99db-5363b98f75df-groupManagement] INFO  server.RaftServer$Division (RaftServerImpl.java:<init>(198)) - fe29ea50-ce7d-4d67-99db-5363b98f75df: new RaftServerImpl for group-E6D30998028F:[fe29ea50-ce7d-4d67-99db-5363b98f75df|rpc:10.1.0.239:15129|admin:10.1.0.239:15128|client:10.1.0.239:15127|dataStream:10.1.0.239:15130|priority:1|startupRole:FOLLOWER] with ContainerStateMachine:uninitialized
2023-08-29 18:55:15,884 [fe29ea50-ce7d-4d67-99db-5363b98f75df-groupManagement] INFO  server.RaftServerConfigKeys (ConfUtils.java:logGet(46)) - raft.server.rpc.timeout.min = 5s (custom)
2023-08-29 18:55:15,884 [fe29ea50-ce7d-4d67-99db-5363b98f75df-groupManagement] INFO  server.RaftServerConfigKeys (ConfUtils.java:logGet(46)) - raft.server.rpc.timeout.max = 5200ms (custom)
2023-08-29 18:55:15,884 [fe29ea50-ce7d-4d67-99db-5363b98f75df-groupManagement] INFO  server.RaftServerConfigKeys (ConfUtils.java:logGet(46)) - raft.server.rpc.sleep.time = 25ms (default)
2023-08-29 18:55:15,884 [fe29ea50-ce7d-4d67-99db-5363b98f75df-groupManagement] INFO  server.RaftServerConfigKeys (ConfUtils.java:logGet(46)) - raft.server.rpc.slowness.timeout = 300s (custom)
2023-08-29 18:55:15,884 [fe29ea50-ce7d-4d67-99db-5363b98f75df-groupManagement] INFO  server.RaftServerConfigKeys (ConfUtils.java:logGet(46)) - raft.server.leaderelection.leader.step-down.wait-time = 10s (default)
2023-08-29 18:55:15,884 [fe29ea50-ce7d-4d67-99db-5363b98f75df-groupManagement] INFO  server.RaftServerConfigKeys (ConfUtils.java:logGet(46)) - raft.server.sleep.deviation.threshold = 300ms (default)
2023-08-29 18:55:15,884 [fe29ea50-ce7d-4d67-99db-5363b98f75df-groupManagement] INFO  server.RaftServer$Division (ServerState.java:<init>(120)) - fe29ea50-ce7d-4d67-99db-5363b98f75df@group-E6D30998028F: ConfigurationManager, init=-1: peers:[fe29ea50-ce7d-4d67-99db-5363b98f75df|rpc:10.1.0.239:15129|admin:10.1.0.239:15128|client:10.1.0.239:15127|dataStream:10.1.0.239:15130|priority:1|startupRole:FOLLOWER]|listeners:[], old=null, confs=<EMPTY_MAP>
2023-08-29 18:55:15,884 [fe29ea50-ce7d-4d67-99db-5363b98f75df-groupManagement] INFO  server.RaftServerConfigKeys (ConfUtils.java:logGet(46)) - raft.server.storage.dir = [/home/runner/work/ozone/ozone/hadoop-ozone/integration-test/target/test-dir/MiniOzoneClusterImpl-e121caef-2a4e-4b75-96a0-c968b96a6505/datanode-1/data/ratis] (custom)
2023-08-29 18:55:15,885 [fe29ea50-ce7d-4d67-99db-5363b98f75df-groupManagement] INFO  server.RaftServerConfigKeys (ConfUtils.java:logGet(46)) - raft.server.log.corruption.policy = EXCEPTION (default)
2023-08-29 18:55:15,885 [fe29ea50-ce7d-4d67-99db-5363b98f75df-groupManagement] INFO  server.RaftServerConfigKeys (ConfUtils.java:logGet(46)) - raft.server.storage.free-space.min = 0MB (=0) (default)
2023-08-29 18:55:15,885 [fe29ea50-ce7d-4d67-99db-5363b98f75df-groupManagement] INFO  server.RaftServerConfigKeys (ConfUtils.java:logGet(46)) - raft.server.notification.no-leader.timeout = 300s (custom)
2023-08-29 18:55:15,885 [fe29ea50-ce7d-4d67-99db-5363b98f75df-groupManagement] INFO  server.RaftServerConfigKeys (ConfUtils.java:logGet(46)) - raft.server.read.timeout = 10s (default)
2023-08-29 18:55:15,885 [fe29ea50-ce7d-4d67-99db-5363b98f75df-groupManagement] INFO  server.RaftServerConfigKeys (ConfUtils.java:logGet(46)) - raft.server.retrycache.expirytime = 600000ms (custom)
2023-08-29 18:55:15,885 [fe29ea50-ce7d-4d67-99db-5363b98f75df-groupManagement] INFO  server.RaftServerConfigKeys (ConfUtils.java:logGet(46)) - raft.server.retrycache.statistics.expirytime = 100μs (default)
2023-08-29 18:55:15,885 [fe29ea50-ce7d-4d67-99db-5363b98f75df-groupManagement] INFO  server.RaftServerConfigKeys (ConfUtils.java:logGet(46)) - raft.server.read.option = DEFAULT (default)
2023-08-29 18:55:15,885 [fe29ea50-ce7d-4d67-99db-5363b98f75df-groupManagement] INFO  server.RaftServerConfigKeys (ConfUtils.java:logGet(46)) - raft.server.rpc.request.timeout = 60s (custom)
2023-08-29 18:55:15,885 [fe29ea50-ce7d-4d67-99db-5363b98f75df-groupManagement] INFO  server.RaftServerConfigKeys (ConfUtils.java:logGet(46)) - raft.server.log.appender.install.snapshot.enabled = false (custom)
2023-08-29 18:55:15,885 [fe29ea50-ce7d-4d67-99db-5363b98f75df-groupManagement] INFO  server.RaftServerConfigKeys (ConfUtils.java:logGet(46)) - raft.server.threadpool.server.cached = true (default)
2023-08-29 18:55:15,886 [fe29ea50-ce7d-4d67-99db-5363b98f75df-groupManagement] INFO  server.RaftServerConfigKeys (ConfUtils.java:logGet(46)) - raft.server.threadpool.server.size = 0 (default)
2023-08-29 18:55:15,886 [fe29ea50-ce7d-4d67-99db-5363b98f75df-groupManagement] INFO  server.RaftServerConfigKeys (ConfUtils.java:logGet(46)) - raft.server.threadpool.client.cached = true (default)
2023-08-29 18:55:15,886 [fe29ea50-ce7d-4d67-99db-5363b98f75df-groupManagement] INFO  server.RaftServerConfigKeys (ConfUtils.java:logGet(46)) - raft.server.threadpool.client.size = 0 (default)
2023-08-29 18:55:15,886 [PipelineCommandHandlerThread-0] INFO  server.RaftServer (RaftServerProxy.java:addNew(98)) - fe29ea50-ce7d-4d67-99db-5363b98f75df: addNew group-E6D30998028F:[fe29ea50-ce7d-4d67-99db-5363b98f75df|rpc:10.1.0.239:15129|admin:10.1.0.239:15128|client:10.1.0.239:15127|dataStream:10.1.0.239:15130|priority:1|startupRole:FOLLOWER] returns      null fe29ea50-ce7d-4d67-99db-5363b98f75df@group-E6D30998028F:t0, leader=null, voted=null, raftlog=UNINITIALIZED, conf=-1: peers:[fe29ea50-ce7d-4d67-99db-5363b98f75df|rpc:10.1.0.239:15129|admin:10.1.0.239:15128|client:10.1.0.239:15127|dataStream:10.1.0.239:15130|priority:1|startupRole:FOLLOWER]|listeners:[], old=null NEW
2023-08-29 18:55:15,886 [fe29ea50-ce7d-4d67-99db-5363b98f75df-groupManagement] INFO  storage.RaftStorageDirectory (RaftStorageDirectoryImpl.java:analyzeStorage(137)) - The storage directory /home/runner/work/ozone/ozone/hadoop-ozone/integration-test/target/test-dir/MiniOzoneClusterImpl-e121caef-2a4e-4b75-96a0-c968b96a6505/datanode-1/data/ratis/0d0b0b66-b3b8-444a-a7e9-e6d30998028f does not exist. Creating ...
2023-08-29 18:55:15,888 [fe29ea50-ce7d-4d67-99db-5363b98f75df-groupManagement] INFO  storage.RaftStorageDirectory (RaftStorageDirectoryImpl.java:tryLock(231)) - Lock on /home/runner/work/ozone/ozone/hadoop-ozone/integration-test/target/test-dir/MiniOzoneClusterImpl-e121caef-2a4e-4b75-96a0-c968b96a6505/datanode-1/data/ratis/0d0b0b66-b3b8-444a-a7e9-e6d30998028f/in_use.lock acquired by nodename 61099@fv-az225-157
2023-08-29 18:55:15,889 [fe29ea50-ce7d-4d67-99db-5363b98f75df-groupManagement] INFO  storage.RaftStorage (RaftStorageImpl.java:format(96)) - Storage directory /home/runner/work/ozone/ozone/hadoop-ozone/integration-test/target/test-dir/MiniOzoneClusterImpl-e121caef-2a4e-4b75-96a0-c968b96a6505/datanode-1/data/ratis/0d0b0b66-b3b8-444a-a7e9-e6d30998028f has been successfully formatted.
2023-08-29 18:55:15,890 [EventQueue-PipelineReportForPipelineReportHandler] INFO  pipeline.PipelineReportHandler (PipelineReportHandler.java:processPipelineReport(136)) - Opened pipeline PipelineID=0d0b0b66-b3b8-444a-a7e9-e6d30998028f
2023-08-29 18:55:15,890 [EventQueue-OpenPipelineForHealthyPipelineSafeModeRule] INFO  safemode.SCMSafeModeManager (HealthyPipelineSafeModeRule.java:process(137)) - SCM in safe mode. Healthy pipelines reported count is 0, required healthy pipeline reported count is 1
2023-08-29 18:55:15,891 [fe29ea50-ce7d-4d67-99db-5363b98f75df-groupManagement] INFO  ratis.ContainerStateMachine (ContainerStateMachine.java:loadSnapshot(262)) - group-E6D30998028F: The snapshot info is null. Setting the last applied indexto:(t:0, i:~)
2023-08-29 18:55:15,892 [fe29ea50-ce7d-4d67-99db-5363b98f75df-groupManagement] INFO  server.RaftServerConfigKeys (ConfUtils.java:logGet(46)) - raft.server.log.use.memory = false (default)
2023-08-29 18:55:15,892 [fe29ea50-ce7d-4d67-99db-5363b98f75df-groupManagement] INFO  server.RaftServerConfigKeys (ConfUtils.java:logGet(46)) - raft.server.log.purge.gap = 1000000 (custom)
2023-08-29 18:55:15,892 [fe29ea50-ce7d-4d67-99db-5363b98f75df-groupManagement] INFO  server.RaftServerConfigKeys (ConfUtils.java:logGet(46)) - raft.server.log.appender.buffer.byte-limit = 33554432 (custom)
2023-08-29 18:55:15,892 [fe29ea50-ce7d-4d67-99db-5363b98f75df-groupManagement] INFO  server.RaftServerConfigKeys (ConfUtils.java:logGet(46)) - raft.server.log.statemachine.data.read.timeout = 1000ms (default)
2023-08-29 18:55:15,892 [fe29ea50-ce7d-4d67-99db-5363b98f75df-groupManagement] INFO  server.RaftServerConfigKeys (ConfUtils.java:logGet(46)) - raft.server.log.purge.preservation.log.num = 0 (default)
2023-08-29 18:55:15,892 [fe29ea50-ce7d-4d67-99db-5363b98f75df-groupManagement] INFO  server.RaftServerConfigKeys (ConfUtils.java:logGet(46)) - raft.server.log.segment.size.max = 1048576 (custom)
2023-08-29 18:55:15,892 [fe29ea50-ce7d-4d67-99db-5363b98f75df-groupManagement] INFO  server.RaftServerConfigKeys (ConfUtils.java:logGet(46)) - raft.server.log.segment.cache.num.max = 2 (custom)
2023-08-29 18:55:15,892 [fe29ea50-ce7d-4d67-99db-5363b98f75df-groupManagement] INFO  server.RaftServerConfigKeys (ConfUtils.java:logGet(46)) - raft.server.log.segment.cache.size.max = 200MB (=209715200) (default)
2023-08-29 18:55:15,892 [fe29ea50-ce7d-4d67-99db-5363b98f75df-groupManagement] INFO  server.RaftServerConfigKeys (ConfUtils.java:logGet(46)) - raft.server.log.appender.buffer.byte-limit = 33554432 (custom)
2023-08-29 18:55:15,892 [fe29ea50-ce7d-4d67-99db-5363b98f75df-groupManagement] INFO  segmented.SegmentedRaftLogWorker (SegmentedRaftLogWorker.java:<init>(188)) - new fe29ea50-ce7d-4d67-99db-5363b98f75df@group-E6D30998028F-SegmentedRaftLogWorker for RaftStorageImpl:Storage Directory /home/runner/work/ozone/ozone/hadoop-ozone/integration-test/target/test-dir/MiniOzoneClusterImpl-e121caef-2a4e-4b75-96a0-c968b96a6505/datanode-1/data/ratis/0d0b0b66-b3b8-444a-a7e9-e6d30998028f
2023-08-29 18:55:15,892 [fe29ea50-ce7d-4d67-99db-5363b98f75df-groupManagement] INFO  server.RaftServerConfigKeys (ConfUtils.java:logGet(46)) - raft.server.log.queue.byte-limit = 4294967296 (custom)
2023-08-29 18:55:15,892 [fe29ea50-ce7d-4d67-99db-5363b98f75df-groupManagement] INFO  server.RaftServerConfigKeys (ConfUtils.java:logGet(46)) - raft.server.log.queue.element-limit = 1024 (custom)
2023-08-29 18:55:15,892 [fe29ea50-ce7d-4d67-99db-5363b98f75df-groupManagement] INFO  server.RaftServerConfigKeys (ConfUtils.java:logGet(46)) - raft.server.log.segment.size.max = 1048576 (custom)
2023-08-29 18:55:15,892 [fe29ea50-ce7d-4d67-99db-5363b98f75df-groupManagement] INFO  server.RaftServerConfigKeys (ConfUtils.java:logGet(46)) - raft.server.log.preallocated.size = 16384 (custom)
2023-08-29 18:55:15,892 [fe29ea50-ce7d-4d67-99db-5363b98f75df-groupManagement] INFO  server.RaftServerConfigKeys (ConfUtils.java:logGet(46)) - raft.server.log.force.sync.num = 128 (default)
2023-08-29 18:55:15,892 [fe29ea50-ce7d-4d67-99db-5363b98f75df-groupManagement] INFO  server.RaftServerConfigKeys (ConfUtils.java:logGet(46)) - raft.server.log.statemachine.data.sync = true (default)
2023-08-29 18:55:15,893 [fe29ea50-ce7d-4d67-99db-5363b98f75df-groupManagement] INFO  server.RaftServerConfigKeys (ConfUtils.java:logGet(46)) - raft.server.log.statemachine.data.sync.timeout = 10s (default)
2023-08-29 18:55:15,893 [fe29ea50-ce7d-4d67-99db-5363b98f75df-groupManagement] INFO  server.RaftServerConfigKeys (ConfUtils.java:logGet(46)) - raft.server.log.statemachine.data.sync.timeout.retry = -1 (default)
2023-08-29 18:55:15,893 [fe29ea50-ce7d-4d67-99db-5363b98f75df-groupManagement] INFO  server.RaftServerConfigKeys (ConfUtils.java:logGet(46)) - raft.server.log.write.buffer.size = 1048576 (custom)
2023-08-29 18:55:15,893 [fe29ea50-ce7d-4d67-99db-5363b98f75df-groupManagement] INFO  server.RaftServerConfigKeys (ConfUtils.java:logGet(46)) - raft.server.log.appender.buffer.byte-limit = 33554432 (custom)
2023-08-29 18:55:15,898 [fe29ea50-ce7d-4d67-99db-5363b98f75df-groupManagement] INFO  server.RaftServerConfigKeys (ConfUtils.java:logGet(46)) - raft.server.log.unsafe-flush.enabled = false (default)
2023-08-29 18:55:15,898 [fe29ea50-ce7d-4d67-99db-5363b98f75df-groupManagement] INFO  server.RaftServerConfigKeys (ConfUtils.java:logGet(46)) - raft.server.log.async-flush.enabled = false (default)
2023-08-29 18:55:15,898 [fe29ea50-ce7d-4d67-99db-5363b98f75df-groupManagement] INFO  server.RaftServerConfigKeys (ConfUtils.java:logGet(46)) - raft.server.log.statemachine.data.caching.enabled = true (custom)
2023-08-29 18:55:15,898 [fe29ea50-ce7d-4d67-99db-5363b98f75df-groupManagement] INFO  segmented.SegmentedRaftLogWorker (SegmentedRaftLogWorker.java:lambda$new$0(135)) - fe29ea50-ce7d-4d67-99db-5363b98f75df@group-E6D30998028F-SegmentedRaftLogWorker: flushIndex: setUnconditionally 0 -> -1
2023-08-29 18:55:15,898 [fe29ea50-ce7d-4d67-99db-5363b98f75df-groupManagement] INFO  segmented.SegmentedRaftLogWorker (SegmentedRaftLogWorker.java:lambda$new$0(135)) - fe29ea50-ce7d-4d67-99db-5363b98f75df@group-E6D30998028F-SegmentedRaftLogWorker: safeCacheEvictIndex: setUnconditionally 0 -> -1
2023-08-29 18:55:15,899 [fe29ea50-ce7d-4d67-99db-5363b98f75df-groupManagement] INFO  server.RaftServer$Division (RaftServerImpl.java:start(342)) - fe29ea50-ce7d-4d67-99db-5363b98f75df@group-E6D30998028F: start as a follower, conf=-1: peers:[fe29ea50-ce7d-4d67-99db-5363b98f75df|rpc:10.1.0.239:15129|admin:10.1.0.239:15128|client:10.1.0.239:15127|dataStream:10.1.0.239:15130|priority:1|startupRole:FOLLOWER]|listeners:[], old=null
2023-08-29 18:55:15,899 [fe29ea50-ce7d-4d67-99db-5363b98f75df-groupManagement] INFO  server.RaftServer$Division (RaftServerImpl.java:setRole(329)) - fe29ea50-ce7d-4d67-99db-5363b98f75df@group-E6D30998028F: changes role from      null to FOLLOWER at term 0 for startAsFollower
2023-08-29 18:55:15,899 [fe29ea50-ce7d-4d67-99db-5363b98f75df-groupManagement] INFO  impl.RoleInfo (RoleInfo.java:updateAndGet(139)) - fe29ea50-ce7d-4d67-99db-5363b98f75df: start fe29ea50-ce7d-4d67-99db-5363b98f75df@group-E6D30998028F-FollowerState
2023-08-29 18:55:15,899 [fe29ea50-ce7d-4d67-99db-5363b98f75df-groupManagement] INFO  util.JmxRegister (JmxRegister.java:tryRegister(44)) - Successfully registered JMX Bean with object name Ratis:service=RaftServer,group=group-E6D30998028F,id=fe29ea50-ce7d-4d67-99db-5363b98f75df
2023-08-29 18:55:15,899 [fe29ea50-ce7d-4d67-99db-5363b98f75df@group-E6D30998028F-FollowerState] INFO  server.RaftServerConfigKeys (ConfUtils.java:logFallback(53)) - raft.server.rpc.first-election.timeout.min = 5s (fallback to raft.server.rpc.timeout.min)
2023-08-29 18:55:15,899 [fe29ea50-ce7d-4d67-99db-5363b98f75df-groupManagement] INFO  server.RaftServerConfigKeys (ConfUtils.java:logGet(46)) - raft.server.snapshot.auto.trigger.enabled = true (custom)
2023-08-29 18:55:15,899 [fe29ea50-ce7d-4d67-99db-5363b98f75df@group-E6D30998028F-FollowerState] INFO  server.RaftServerConfigKeys (ConfUtils.java:logFallback(53)) - raft.server.rpc.first-election.timeout.max = 5200ms (fallback to raft.server.rpc.timeout.max)
2023-08-29 18:55:15,899 [fe29ea50-ce7d-4d67-99db-5363b98f75df-groupManagement] INFO  server.RaftServerConfigKeys (ConfUtils.java:logGet(46)) - raft.server.snapshot.auto.trigger.threshold = 10000 (custom)
2023-08-29 18:55:15,899 [fe29ea50-ce7d-4d67-99db-5363b98f75df-groupManagement] INFO  server.RaftServerConfigKeys (ConfUtils.java:logGet(46)) - raft.server.snapshot.retention.file.num = 5 (custom)
2023-08-29 18:55:15,899 [fe29ea50-ce7d-4d67-99db-5363b98f75df-groupManagement] INFO  server.RaftServerConfigKeys (ConfUtils.java:logGet(46)) - raft.server.log.purge.upto.snapshot.index = false (default)
2023-08-29 18:55:15,900 [PipelineCommandHandlerThread-0] INFO  ratis.XceiverServerRatis (XceiverServerRatis.java:addGroup(804)) - Created group PipelineID=0d0b0b66-b3b8-444a-a7e9-e6d30998028f
2023-08-29 18:55:15,900 [PipelineCommandHandlerThread-0] INFO  commandhandler.CreatePipelineCommandHandler (CreatePipelineCommandHandler.java:lambda$handle$2(124)) - Created Pipeline RATIS ONE PipelineID=0d0b0b66-b3b8-444a-a7e9-e6d30998028f.
2023-08-29 18:55:16,178 [PipelineCommandHandlerThread-0] INFO  server.RaftServer (RaftServerProxy.java:addNew(98)) - 2eaf327d-c8aa-4b69-9e65-db94832273b8: addNew group-22DEC8A1DBB5:[2eaf327d-c8aa-4b69-9e65-db94832273b8|rpc:10.1.0.239:15138|admin:10.1.0.239:15137|client:10.1.0.239:15136|dataStream:10.1.0.239:15139|priority:1|startupRole:FOLLOWER] returns group-22DEC8A1DBB5:java.util.concurrent.CompletableFuture@429e2d35[Not completed]
2023-08-29 18:55:16,179 [2eaf327d-c8aa-4b69-9e65-db94832273b8-groupManagement] INFO  server.RaftServer$Division (RaftServerImpl.java:<init>(198)) - 2eaf327d-c8aa-4b69-9e65-db94832273b8: new RaftServerImpl for group-22DEC8A1DBB5:[2eaf327d-c8aa-4b69-9e65-db94832273b8|rpc:10.1.0.239:15138|admin:10.1.0.239:15137|client:10.1.0.239:15136|dataStream:10.1.0.239:15139|priority:1|startupRole:FOLLOWER] with ContainerStateMachine:uninitialized
2023-08-29 18:55:16,179 [2eaf327d-c8aa-4b69-9e65-db94832273b8-groupManagement] INFO  server.RaftServerConfigKeys (ConfUtils.java:logGet(46)) - raft.server.rpc.timeout.min = 5s (custom)
2023-08-29 18:55:16,179 [2eaf327d-c8aa-4b69-9e65-db94832273b8-groupManagement] INFO  server.RaftServerConfigKeys (ConfUtils.java:logGet(46)) - raft.server.rpc.timeout.max = 5200ms (custom)
2023-08-29 18:55:16,179 [2eaf327d-c8aa-4b69-9e65-db94832273b8-groupManagement] INFO  server.RaftServerConfigKeys (ConfUtils.java:logGet(46)) - raft.server.rpc.sleep.time = 25ms (default)
2023-08-29 18:55:16,179 [2eaf327d-c8aa-4b69-9e65-db94832273b8-groupManagement] INFO  server.RaftServerConfigKeys (ConfUtils.java:logGet(46)) - raft.server.rpc.slowness.timeout = 300s (custom)
2023-08-29 18:55:16,179 [2eaf327d-c8aa-4b69-9e65-db94832273b8-groupManagement] INFO  server.RaftServerConfigKeys (ConfUtils.java:logGet(46)) - raft.server.leaderelection.leader.step-down.wait-time = 10s (default)
2023-08-29 18:55:16,179 [2eaf327d-c8aa-4b69-9e65-db94832273b8-groupManagement] INFO  server.RaftServerConfigKeys (ConfUtils.java:logGet(46)) - raft.server.sleep.deviation.threshold = 300ms (default)
2023-08-29 18:55:16,179 [2eaf327d-c8aa-4b69-9e65-db94832273b8-groupManagement] INFO  server.RaftServer$Division (ServerState.java:<init>(120)) - 2eaf327d-c8aa-4b69-9e65-db94832273b8@group-22DEC8A1DBB5: ConfigurationManager, init=-1: peers:[2eaf327d-c8aa-4b69-9e65-db94832273b8|rpc:10.1.0.239:15138|admin:10.1.0.239:15137|client:10.1.0.239:15136|dataStream:10.1.0.239:15139|priority:1|startupRole:FOLLOWER]|listeners:[], old=null, confs=<EMPTY_MAP>
2023-08-29 18:55:16,180 [2eaf327d-c8aa-4b69-9e65-db94832273b8-groupManagement] INFO  server.RaftServerConfigKeys (ConfUtils.java:logGet(46)) - raft.server.storage.dir = [/home/runner/work/ozone/ozone/hadoop-ozone/integration-test/target/test-dir/MiniOzoneClusterImpl-e121caef-2a4e-4b75-96a0-c968b96a6505/datanode-2/data/ratis] (custom)
2023-08-29 18:55:16,180 [2eaf327d-c8aa-4b69-9e65-db94832273b8-groupManagement] INFO  server.RaftServerConfigKeys (ConfUtils.java:logGet(46)) - raft.server.log.corruption.policy = EXCEPTION (default)
2023-08-29 18:55:16,180 [2eaf327d-c8aa-4b69-9e65-db94832273b8-groupManagement] INFO  server.RaftServerConfigKeys (ConfUtils.java:logGet(46)) - raft.server.storage.free-space.min = 0MB (=0) (default)
2023-08-29 18:55:16,180 [2eaf327d-c8aa-4b69-9e65-db94832273b8-groupManagement] INFO  server.RaftServerConfigKeys (ConfUtils.java:logGet(46)) - raft.server.notification.no-leader.timeout = 300s (custom)
2023-08-29 18:55:16,180 [2eaf327d-c8aa-4b69-9e65-db94832273b8-groupManagement] INFO  server.RaftServerConfigKeys (ConfUtils.java:logGet(46)) - raft.server.read.timeout = 10s (default)
2023-08-29 18:55:16,180 [2eaf327d-c8aa-4b69-9e65-db94832273b8-groupManagement] INFO  server.RaftServerConfigKeys (ConfUtils.java:logGet(46)) - raft.server.retrycache.expirytime = 600000ms (custom)
2023-08-29 18:55:16,180 [2eaf327d-c8aa-4b69-9e65-db94832273b8-groupManagement] INFO  server.RaftServerConfigKeys (ConfUtils.java:logGet(46)) - raft.server.retrycache.statistics.expirytime = 100μs (default)
2023-08-29 18:55:16,180 [2eaf327d-c8aa-4b69-9e65-db94832273b8-groupManagement] INFO  server.RaftServerConfigKeys (ConfUtils.java:logGet(46)) - raft.server.read.option = DEFAULT (default)
2023-08-29 18:55:16,181 [2eaf327d-c8aa-4b69-9e65-db94832273b8-groupManagement] INFO  server.RaftServerConfigKeys (ConfUtils.java:logGet(46)) - raft.server.rpc.request.timeout = 60s (custom)
2023-08-29 18:55:16,181 [2eaf327d-c8aa-4b69-9e65-db94832273b8-groupManagement] INFO  server.RaftServerConfigKeys (ConfUtils.java:logGet(46)) - raft.server.log.appender.install.snapshot.enabled = false (custom)
2023-08-29 18:55:16,181 [2eaf327d-c8aa-4b69-9e65-db94832273b8-groupManagement] INFO  server.RaftServerConfigKeys (ConfUtils.java:logGet(46)) - raft.server.threadpool.server.cached = true (default)
2023-08-29 18:55:16,181 [2eaf327d-c8aa-4b69-9e65-db94832273b8-groupManagement] INFO  server.RaftServerConfigKeys (ConfUtils.java:logGet(46)) - raft.server.threadpool.server.size = 0 (default)
2023-08-29 18:55:16,181 [2eaf327d-c8aa-4b69-9e65-db94832273b8-groupManagement] INFO  server.RaftServerConfigKeys (ConfUtils.java:logGet(46)) - raft.server.threadpool.client.cached = true (default)
2023-08-29 18:55:16,181 [2eaf327d-c8aa-4b69-9e65-db94832273b8-groupManagement] INFO  server.RaftServerConfigKeys (ConfUtils.java:logGet(46)) - raft.server.threadpool.client.size = 0 (default)
2023-08-29 18:55:16,181 [2eaf327d-c8aa-4b69-9e65-db94832273b8-groupManagement] INFO  storage.RaftStorageDirectory (RaftStorageDirectoryImpl.java:analyzeStorage(137)) - The storage directory /home/runner/work/ozone/ozone/hadoop-ozone/integration-test/target/test-dir/MiniOzoneClusterImpl-e121caef-2a4e-4b75-96a0-c968b96a6505/datanode-2/data/ratis/9cb0cbeb-cdf6-4f12-81bc-22dec8a1dbb5 does not exist. Creating ...
2023-08-29 18:55:16,182 [2eaf327d-c8aa-4b69-9e65-db94832273b8-groupManagement] INFO  storage.RaftStorageDirectory (RaftStorageDirectoryImpl.java:tryLock(231)) - Lock on /home/runner/work/ozone/ozone/hadoop-ozone/integration-test/target/test-dir/MiniOzoneClusterImpl-e121caef-2a4e-4b75-96a0-c968b96a6505/datanode-2/data/ratis/9cb0cbeb-cdf6-4f12-81bc-22dec8a1dbb5/in_use.lock acquired by nodename 61099@fv-az225-157
2023-08-29 18:55:16,184 [2eaf327d-c8aa-4b69-9e65-db94832273b8-groupManagement] INFO  storage.RaftStorage (RaftStorageImpl.java:format(96)) - Storage directory /home/runner/work/ozone/ozone/hadoop-ozone/integration-test/target/test-dir/MiniOzoneClusterImpl-e121caef-2a4e-4b75-96a0-c968b96a6505/datanode-2/data/ratis/9cb0cbeb-cdf6-4f12-81bc-22dec8a1dbb5 has been successfully formatted.
2023-08-29 18:55:16,184 [2eaf327d-c8aa-4b69-9e65-db94832273b8-groupManagement] INFO  ratis.ContainerStateMachine (ContainerStateMachine.java:loadSnapshot(262)) - group-22DEC8A1DBB5: The snapshot info is null. Setting the last applied indexto:(t:0, i:~)
2023-08-29 18:55:16,184 [2eaf327d-c8aa-4b69-9e65-db94832273b8-groupManagement] INFO  server.RaftServerConfigKeys (ConfUtils.java:logGet(46)) - raft.server.log.use.memory = false (default)
2023-08-29 18:55:16,184 [2eaf327d-c8aa-4b69-9e65-db94832273b8-groupManagement] INFO  server.RaftServerConfigKeys (ConfUtils.java:logGet(46)) - raft.server.log.purge.gap = 1000000 (custom)
2023-08-29 18:55:16,184 [2eaf327d-c8aa-4b69-9e65-db94832273b8-groupManagement] INFO  server.RaftServerConfigKeys (ConfUtils.java:logGet(46)) - raft.server.log.appender.buffer.byte-limit = 33554432 (custom)
2023-08-29 18:55:16,185 [2eaf327d-c8aa-4b69-9e65-db94832273b8-groupManagement] INFO  server.RaftServerConfigKeys (ConfUtils.java:logGet(46)) - raft.server.log.statemachine.data.read.timeout = 1000ms (default)
2023-08-29 18:55:16,185 [2eaf327d-c8aa-4b69-9e65-db94832273b8-groupManagement] INFO  server.RaftServerConfigKeys (ConfUtils.java:logGet(46)) - raft.server.log.purge.preservation.log.num = 0 (default)
2023-08-29 18:55:16,185 [2eaf327d-c8aa-4b69-9e65-db94832273b8-groupManagement] INFO  server.RaftServerConfigKeys (ConfUtils.java:logGet(46)) - raft.server.log.segment.size.max = 1048576 (custom)
2023-08-29 18:55:16,185 [2eaf327d-c8aa-4b69-9e65-db94832273b8-groupManagement] INFO  server.RaftServerConfigKeys (ConfUtils.java:logGet(46)) - raft.server.log.segment.cache.num.max = 2 (custom)
2023-08-29 18:55:16,185 [2eaf327d-c8aa-4b69-9e65-db94832273b8-groupManagement] INFO  server.RaftServerConfigKeys (ConfUtils.java:logGet(46)) - raft.server.log.segment.cache.size.max = 200MB (=209715200) (default)
2023-08-29 18:55:16,185 [2eaf327d-c8aa-4b69-9e65-db94832273b8-groupManagement] INFO  server.RaftServerConfigKeys (ConfUtils.java:logGet(46)) - raft.server.log.appender.buffer.byte-limit = 33554432 (custom)
2023-08-29 18:55:16,185 [2eaf327d-c8aa-4b69-9e65-db94832273b8-groupManagement] INFO  segmented.SegmentedRaftLogWorker (SegmentedRaftLogWorker.java:<init>(188)) - new 2eaf327d-c8aa-4b69-9e65-db94832273b8@group-22DEC8A1DBB5-SegmentedRaftLogWorker for RaftStorageImpl:Storage Directory /home/runner/work/ozone/ozone/hadoop-ozone/integration-test/target/test-dir/MiniOzoneClusterImpl-e121caef-2a4e-4b75-96a0-c968b96a6505/datanode-2/data/ratis/9cb0cbeb-cdf6-4f12-81bc-22dec8a1dbb5
2023-08-29 18:55:16,185 [2eaf327d-c8aa-4b69-9e65-db94832273b8-groupManagement] INFO  server.RaftServerConfigKeys (ConfUtils.java:logGet(46)) - raft.server.log.queue.byte-limit = 4294967296 (custom)
2023-08-29 18:55:16,185 [2eaf327d-c8aa-4b69-9e65-db94832273b8-groupManagement] INFO  server.RaftServerConfigKeys (ConfUtils.java:logGet(46)) - raft.server.log.queue.element-limit = 1024 (custom)
2023-08-29 18:55:16,185 [2eaf327d-c8aa-4b69-9e65-db94832273b8-groupManagement] INFO  server.RaftServerConfigKeys (ConfUtils.java:logGet(46)) - raft.server.log.segment.size.max = 1048576 (custom)
2023-08-29 18:55:16,185 [2eaf327d-c8aa-4b69-9e65-db94832273b8-groupManagement] INFO  server.RaftServerConfigKeys (ConfUtils.java:logGet(46)) - raft.server.log.preallocated.size = 16384 (custom)
2023-08-29 18:55:16,185 [EventQueue-PipelineReportForPipelineReportHandler] INFO  pipeline.PipelineReportHandler (PipelineReportHandler.java:processPipelineReport(136)) - Opened pipeline PipelineID=9cb0cbeb-cdf6-4f12-81bc-22dec8a1dbb5
2023-08-29 18:55:16,185 [EventQueue-OpenPipelineForHealthyPipelineSafeModeRule] INFO  safemode.SCMSafeModeManager (HealthyPipelineSafeModeRule.java:process(137)) - SCM in safe mode. Healthy pipelines reported count is 0, required healthy pipeline reported count is 1
2023-08-29 18:55:16,186 [2eaf327d-c8aa-4b69-9e65-db94832273b8-groupManagement] INFO  server.RaftServerConfigKeys (ConfUtils.java:logGet(46)) - raft.server.log.force.sync.num = 128 (default)
2023-08-29 18:55:16,186 [2eaf327d-c8aa-4b69-9e65-db94832273b8-groupManagement] INFO  server.RaftServerConfigKeys (ConfUtils.java:logGet(46)) - raft.server.log.statemachine.data.sync = true (default)
2023-08-29 18:55:16,186 [2eaf327d-c8aa-4b69-9e65-db94832273b8-groupManagement] INFO  server.RaftServerConfigKeys (ConfUtils.java:logGet(46)) - raft.server.log.statemachine.data.sync.timeout = 10s (default)
2023-08-29 18:55:16,186 [2eaf327d-c8aa-4b69-9e65-db94832273b8-groupManagement] INFO  server.RaftServerConfigKeys (ConfUtils.java:logGet(46)) - raft.server.log.statemachine.data.sync.timeout.retry = -1 (default)
2023-08-29 18:55:16,186 [2eaf327d-c8aa-4b69-9e65-db94832273b8-groupManagement] INFO  server.RaftServerConfigKeys (ConfUtils.java:logGet(46)) - raft.server.log.write.buffer.size = 1048576 (custom)
2023-08-29 18:55:16,186 [2eaf327d-c8aa-4b69-9e65-db94832273b8-groupManagement] INFO  server.RaftServerConfigKeys (ConfUtils.java:logGet(46)) - raft.server.log.appender.buffer.byte-limit = 33554432 (custom)
2023-08-29 18:55:16,191 [2eaf327d-c8aa-4b69-9e65-db94832273b8-groupManagement] INFO  server.RaftServerConfigKeys (ConfUtils.java:logGet(46)) - raft.server.log.unsafe-flush.enabled = false (default)
2023-08-29 18:55:16,191 [2eaf327d-c8aa-4b69-9e65-db94832273b8-groupManagement] INFO  server.RaftServerConfigKeys (ConfUtils.java:logGet(46)) - raft.server.log.async-flush.enabled = false (default)
2023-08-29 18:55:16,191 [2eaf327d-c8aa-4b69-9e65-db94832273b8-groupManagement] INFO  server.RaftServerConfigKeys (ConfUtils.java:logGet(46)) - raft.server.log.statemachine.data.caching.enabled = true (custom)
2023-08-29 18:55:16,191 [2eaf327d-c8aa-4b69-9e65-db94832273b8-groupManagement] INFO  segmented.SegmentedRaftLogWorker (SegmentedRaftLogWorker.java:lambda$new$0(135)) - 2eaf327d-c8aa-4b69-9e65-db94832273b8@group-22DEC8A1DBB5-SegmentedRaftLogWorker: flushIndex: setUnconditionally 0 -> -1
2023-08-29 18:55:16,191 [2eaf327d-c8aa-4b69-9e65-db94832273b8-groupManagement] INFO  segmented.SegmentedRaftLogWorker (SegmentedRaftLogWorker.java:lambda$new$0(135)) - 2eaf327d-c8aa-4b69-9e65-db94832273b8@group-22DEC8A1DBB5-SegmentedRaftLogWorker: safeCacheEvictIndex: setUnconditionally 0 -> -1
2023-08-29 18:55:16,192 [2eaf327d-c8aa-4b69-9e65-db94832273b8-groupManagement] INFO  server.RaftServer$Division (RaftServerImpl.java:start(342)) - 2eaf327d-c8aa-4b69-9e65-db94832273b8@group-22DEC8A1DBB5: start as a follower, conf=-1: peers:[2eaf327d-c8aa-4b69-9e65-db94832273b8|rpc:10.1.0.239:15138|admin:10.1.0.239:15137|client:10.1.0.239:15136|dataStream:10.1.0.239:15139|priority:1|startupRole:FOLLOWER]|listeners:[], old=null
2023-08-29 18:55:16,192 [2eaf327d-c8aa-4b69-9e65-db94832273b8-groupManagement] INFO  server.RaftServer$Division (RaftServerImpl.java:setRole(329)) - 2eaf327d-c8aa-4b69-9e65-db94832273b8@group-22DEC8A1DBB5: changes role from      null to FOLLOWER at term 0 for startAsFollower
2023-08-29 18:55:16,192 [2eaf327d-c8aa-4b69-9e65-db94832273b8-groupManagement] INFO  impl.RoleInfo (RoleInfo.java:updateAndGet(139)) - 2eaf327d-c8aa-4b69-9e65-db94832273b8: start 2eaf327d-c8aa-4b69-9e65-db94832273b8@group-22DEC8A1DBB5-FollowerState
2023-08-29 18:55:16,192 [2eaf327d-c8aa-4b69-9e65-db94832273b8-groupManagement] INFO  util.JmxRegister (JmxRegister.java:tryRegister(44)) - Successfully registered JMX Bean with object name Ratis:service=RaftServer,group=group-22DEC8A1DBB5,id=2eaf327d-c8aa-4b69-9e65-db94832273b8
2023-08-29 18:55:16,192 [2eaf327d-c8aa-4b69-9e65-db94832273b8-groupManagement] INFO  server.RaftServerConfigKeys (ConfUtils.java:logGet(46)) - raft.server.snapshot.auto.trigger.enabled = true (custom)
2023-08-29 18:55:16,192 [2eaf327d-c8aa-4b69-9e65-db94832273b8-groupManagement] INFO  server.RaftServerConfigKeys (ConfUtils.java:logGet(46)) - raft.server.snapshot.auto.trigger.threshold = 10000 (custom)
2023-08-29 18:55:16,192 [2eaf327d-c8aa-4b69-9e65-db94832273b8-groupManagement] INFO  server.RaftServerConfigKeys (ConfUtils.java:logGet(46)) - raft.server.snapshot.retention.file.num = 5 (custom)
2023-08-29 18:55:16,192 [2eaf327d-c8aa-4b69-9e65-db94832273b8-groupManagement] INFO  server.RaftServerConfigKeys (ConfUtils.java:logGet(46)) - raft.server.log.purge.upto.snapshot.index = false (default)
2023-08-29 18:55:16,193 [2eaf327d-c8aa-4b69-9e65-db94832273b8@group-22DEC8A1DBB5-FollowerState] INFO  server.RaftServerConfigKeys (ConfUtils.java:logFallback(53)) - raft.server.rpc.first-election.timeout.min = 5s (fallback to raft.server.rpc.timeout.min)
2023-08-29 18:55:16,193 [2eaf327d-c8aa-4b69-9e65-db94832273b8@group-22DEC8A1DBB5-FollowerState] INFO  server.RaftServerConfigKeys (ConfUtils.java:logFallback(53)) - raft.server.rpc.first-election.timeout.max = 5200ms (fallback to raft.server.rpc.timeout.max)
2023-08-29 18:55:16,193 [PipelineCommandHandlerThread-0] INFO  ratis.XceiverServerRatis (XceiverServerRatis.java:addGroup(804)) - Created group PipelineID=9cb0cbeb-cdf6-4f12-81bc-22dec8a1dbb5
2023-08-29 18:55:16,194 [PipelineCommandHandlerThread-0] INFO  commandhandler.CreatePipelineCommandHandler (CreatePipelineCommandHandler.java:lambda$handle$2(124)) - Created Pipeline RATIS ONE PipelineID=9cb0cbeb-cdf6-4f12-81bc-22dec8a1dbb5.
2023-08-29 18:55:16,473 [PipelineCommandHandlerThread-0] INFO  server.RaftServer (RaftServerProxy.java:addNew(98)) - f550e702-abe2-49cd-8ff2-4b2ec6b34c67: addNew group-5F1406ECDB75:[f550e702-abe2-49cd-8ff2-4b2ec6b34c67|rpc:10.1.0.239:15147|admin:10.1.0.239:15146|client:10.1.0.239:15145|dataStream:10.1.0.239:15148|priority:1|startupRole:FOLLOWER] returns group-5F1406ECDB75:java.util.concurrent.CompletableFuture@550bd0b0[Not completed]
2023-08-29 18:55:16,474 [f550e702-abe2-49cd-8ff2-4b2ec6b34c67-groupManagement] INFO  server.RaftServer$Division (RaftServerImpl.java:<init>(198)) - f550e702-abe2-49cd-8ff2-4b2ec6b34c67: new RaftServerImpl for group-5F1406ECDB75:[f550e702-abe2-49cd-8ff2-4b2ec6b34c67|rpc:10.1.0.239:15147|admin:10.1.0.239:15146|client:10.1.0.239:15145|dataStream:10.1.0.239:15148|priority:1|startupRole:FOLLOWER] with ContainerStateMachine:uninitialized
2023-08-29 18:55:16,474 [f550e702-abe2-49cd-8ff2-4b2ec6b34c67-groupManagement] INFO  server.RaftServerConfigKeys (ConfUtils.java:logGet(46)) - raft.server.rpc.timeout.min = 5s (custom)
2023-08-29 18:55:16,474 [f550e702-abe2-49cd-8ff2-4b2ec6b34c67-groupManagement] INFO  server.RaftServerConfigKeys (ConfUtils.java:logGet(46)) - raft.server.rpc.timeout.max = 5200ms (custom)
2023-08-29 18:55:16,474 [f550e702-abe2-49cd-8ff2-4b2ec6b34c67-groupManagement] INFO  server.RaftServerConfigKeys (ConfUtils.java:logGet(46)) - raft.server.rpc.sleep.time = 25ms (default)
2023-08-29 18:55:16,474 [f550e702-abe2-49cd-8ff2-4b2ec6b34c67-groupManagement] INFO  server.RaftServerConfigKeys (ConfUtils.java:logGet(46)) - raft.server.rpc.slowness.timeout = 300s (custom)
2023-08-29 18:55:16,474 [f550e702-abe2-49cd-8ff2-4b2ec6b34c67-groupManagement] INFO  server.RaftServerConfigKeys (ConfUtils.java:logGet(46)) - raft.server.leaderelection.leader.step-down.wait-time = 10s (default)
2023-08-29 18:55:16,474 [f550e702-abe2-49cd-8ff2-4b2ec6b34c67-groupManagement] INFO  server.RaftServerConfigKeys (ConfUtils.java:logGet(46)) - raft.server.sleep.deviation.threshold = 300ms (default)
2023-08-29 18:55:16,474 [f550e702-abe2-49cd-8ff2-4b2ec6b34c67-groupManagement] INFO  server.RaftServer$Division (ServerState.java:<init>(120)) - f550e702-abe2-49cd-8ff2-4b2ec6b34c67@group-5F1406ECDB75: ConfigurationManager, init=-1: peers:[f550e702-abe2-49cd-8ff2-4b2ec6b34c67|rpc:10.1.0.239:15147|admin:10.1.0.239:15146|client:10.1.0.239:15145|dataStream:10.1.0.239:15148|priority:1|startupRole:FOLLOWER]|listeners:[], old=null, confs=<EMPTY_MAP>
2023-08-29 18:55:16,474 [f550e702-abe2-49cd-8ff2-4b2ec6b34c67-groupManagement] INFO  server.RaftServerConfigKeys (ConfUtils.java:logGet(46)) - raft.server.storage.dir = [/home/runner/work/ozone/ozone/hadoop-ozone/integration-test/target/test-dir/MiniOzoneClusterImpl-e121caef-2a4e-4b75-96a0-c968b96a6505/datanode-3/data/ratis] (custom)
2023-08-29 18:55:16,474 [f550e702-abe2-49cd-8ff2-4b2ec6b34c67-groupManagement] INFO  server.RaftServerConfigKeys (ConfUtils.java:logGet(46)) - raft.server.log.corruption.policy = EXCEPTION (default)
2023-08-29 18:55:16,474 [f550e702-abe2-49cd-8ff2-4b2ec6b34c67-groupManagement] INFO  server.RaftServerConfigKeys (ConfUtils.java:logGet(46)) - raft.server.storage.free-space.min = 0MB (=0) (default)
2023-08-29 18:55:16,474 [f550e702-abe2-49cd-8ff2-4b2ec6b34c67-groupManagement] INFO  server.RaftServerConfigKeys (ConfUtils.java:logGet(46)) - raft.server.notification.no-leader.timeout = 300s (custom)
2023-08-29 18:55:16,474 [f550e702-abe2-49cd-8ff2-4b2ec6b34c67-groupManagement] INFO  server.RaftServerConfigKeys (ConfUtils.java:logGet(46)) - raft.server.read.timeout = 10s (default)
2023-08-29 18:55:16,474 [f550e702-abe2-49cd-8ff2-4b2ec6b34c67-groupManagement] INFO  server.RaftServerConfigKeys (ConfUtils.java:logGet(46)) - raft.server.retrycache.expirytime = 600000ms (custom)
2023-08-29 18:55:16,474 [f550e702-abe2-49cd-8ff2-4b2ec6b34c67-groupManagement] INFO  server.RaftServerConfigKeys (ConfUtils.java:logGet(46)) - raft.server.retrycache.statistics.expirytime = 100μs (default)
2023-08-29 18:55:16,474 [f550e702-abe2-49cd-8ff2-4b2ec6b34c67-groupManagement] INFO  server.RaftServerConfigKeys (ConfUtils.java:logGet(46)) - raft.server.read.option = DEFAULT (default)
2023-08-29 18:55:16,475 [f550e702-abe2-49cd-8ff2-4b2ec6b34c67-groupManagement] INFO  server.RaftServerConfigKeys (ConfUtils.java:logGet(46)) - raft.server.rpc.request.timeout = 60s (custom)
2023-08-29 18:55:16,475 [f550e702-abe2-49cd-8ff2-4b2ec6b34c67-groupManagement] INFO  server.RaftServerConfigKeys (ConfUtils.java:logGet(46)) - raft.server.log.appender.install.snapshot.enabled = false (custom)
2023-08-29 18:55:16,475 [f550e702-abe2-49cd-8ff2-4b2ec6b34c67-groupManagement] INFO  server.RaftServerConfigKeys (ConfUtils.java:logGet(46)) - raft.server.threadpool.server.cached = true (default)
2023-08-29 18:55:16,475 [f550e702-abe2-49cd-8ff2-4b2ec6b34c67-groupManagement] INFO  server.RaftServerConfigKeys (ConfUtils.java:logGet(46)) - raft.server.threadpool.server.size = 0 (default)
2023-08-29 18:55:16,475 [f550e702-abe2-49cd-8ff2-4b2ec6b34c67-groupManagement] INFO  server.RaftServerConfigKeys (ConfUtils.java:logGet(46)) - raft.server.threadpool.client.cached = true (default)
2023-08-29 18:55:16,475 [f550e702-abe2-49cd-8ff2-4b2ec6b34c67-groupManagement] INFO  server.RaftServerConfigKeys (ConfUtils.java:logGet(46)) - raft.server.threadpool.client.size = 0 (default)
2023-08-29 18:55:16,475 [f550e702-abe2-49cd-8ff2-4b2ec6b34c67-groupManagement] INFO  storage.RaftStorageDirectory (RaftStorageDirectoryImpl.java:analyzeStorage(137)) - The storage directory /home/runner/work/ozone/ozone/hadoop-ozone/integration-test/target/test-dir/MiniOzoneClusterImpl-e121caef-2a4e-4b75-96a0-c968b96a6505/datanode-3/data/ratis/fbe08b15-6371-49f5-87fb-5f1406ecdb75 does not exist. Creating ...
2023-08-29 18:55:16,476 [f550e702-abe2-49cd-8ff2-4b2ec6b34c67-groupManagement] INFO  storage.RaftStorageDirectory (RaftStorageDirectoryImpl.java:tryLock(231)) - Lock on /home/runner/work/ozone/ozone/hadoop-ozone/integration-test/target/test-dir/MiniOzoneClusterImpl-e121caef-2a4e-4b75-96a0-c968b96a6505/datanode-3/data/ratis/fbe08b15-6371-49f5-87fb-5f1406ecdb75/in_use.lock acquired by nodename 61099@fv-az225-157
2023-08-29 18:55:16,478 [f550e702-abe2-49cd-8ff2-4b2ec6b34c67-groupManagement] INFO  storage.RaftStorage (RaftStorageImpl.java:format(96)) - Storage directory /home/runner/work/ozone/ozone/hadoop-ozone/integration-test/target/test-dir/MiniOzoneClusterImpl-e121caef-2a4e-4b75-96a0-c968b96a6505/datanode-3/data/ratis/fbe08b15-6371-49f5-87fb-5f1406ecdb75 has been successfully formatted.
2023-08-29 18:55:16,479 [f550e702-abe2-49cd-8ff2-4b2ec6b34c67-groupManagement] INFO  ratis.ContainerStateMachine (ContainerStateMachine.java:loadSnapshot(262)) - group-5F1406ECDB75: The snapshot info is null. Setting the last applied indexto:(t:0, i:~)
2023-08-29 18:55:16,479 [f550e702-abe2-49cd-8ff2-4b2ec6b34c67-groupManagement] INFO  server.RaftServerConfigKeys (ConfUtils.java:logGet(46)) - raft.server.log.use.memory = false (default)
2023-08-29 18:55:16,479 [f550e702-abe2-49cd-8ff2-4b2ec6b34c67-groupManagement] INFO  server.RaftServerConfigKeys (ConfUtils.java:logGet(46)) - raft.server.log.purge.gap = 1000000 (custom)
2023-08-29 18:55:16,479 [f550e702-abe2-49cd-8ff2-4b2ec6b34c67-groupManagement] INFO  server.RaftServerConfigKeys (ConfUtils.java:logGet(46)) - raft.server.log.appender.buffer.byte-limit = 33554432 (custom)
2023-08-29 18:55:16,479 [f550e702-abe2-49cd-8ff2-4b2ec6b34c67-groupManagement] INFO  server.RaftServerConfigKeys (ConfUtils.java:logGet(46)) - raft.server.log.statemachine.data.read.timeout = 1000ms (default)
2023-08-29 18:55:16,479 [f550e702-abe2-49cd-8ff2-4b2ec6b34c67-groupManagement] INFO  server.RaftServerConfigKeys (ConfUtils.java:logGet(46)) - raft.server.log.purge.preservation.log.num = 0 (default)
2023-08-29 18:55:16,479 [f550e702-abe2-49cd-8ff2-4b2ec6b34c67-groupManagement] INFO  server.RaftServerConfigKeys (ConfUtils.java:logGet(46)) - raft.server.log.segment.size.max = 1048576 (custom)
2023-08-29 18:55:16,480 [EventQueue-PipelineReportForPipelineReportHandler] INFO  pipeline.PipelineReportHandler (PipelineReportHandler.java:processPipelineReport(136)) - Opened pipeline PipelineID=fbe08b15-6371-49f5-87fb-5f1406ecdb75
2023-08-29 18:55:16,481 [EventQueue-OpenPipelineForHealthyPipelineSafeModeRule] INFO  safemode.SCMSafeModeManager (HealthyPipelineSafeModeRule.java:process(137)) - SCM in safe mode. Healthy pipelines reported count is 0, required healthy pipeline reported count is 1
2023-08-29 18:55:16,482 [f550e702-abe2-49cd-8ff2-4b2ec6b34c67-groupManagement] INFO  server.RaftServerConfigKeys (ConfUtils.java:logGet(46)) - raft.server.log.segment.cache.num.max = 2 (custom)
2023-08-29 18:55:16,482 [f550e702-abe2-49cd-8ff2-4b2ec6b34c67-groupManagement] INFO  server.RaftServerConfigKeys (ConfUtils.java:logGet(46)) - raft.server.log.segment.cache.size.max = 200MB (=209715200) (default)
2023-08-29 18:55:16,482 [f550e702-abe2-49cd-8ff2-4b2ec6b34c67-groupManagement] INFO  server.RaftServerConfigKeys (ConfUtils.java:logGet(46)) - raft.server.log.appender.buffer.byte-limit = 33554432 (custom)
2023-08-29 18:55:16,482 [f550e702-abe2-49cd-8ff2-4b2ec6b34c67-groupManagement] INFO  segmented.SegmentedRaftLogWorker (SegmentedRaftLogWorker.java:<init>(188)) - new f550e702-abe2-49cd-8ff2-4b2ec6b34c67@group-5F1406ECDB75-SegmentedRaftLogWorker for RaftStorageImpl:Storage Directory /home/runner/work/ozone/ozone/hadoop-ozone/integration-test/target/test-dir/MiniOzoneClusterImpl-e121caef-2a4e-4b75-96a0-c968b96a6505/datanode-3/data/ratis/fbe08b15-6371-49f5-87fb-5f1406ecdb75
2023-08-29 18:55:16,482 [f550e702-abe2-49cd-8ff2-4b2ec6b34c67-groupManagement] INFO  server.RaftServerConfigKeys (ConfUtils.java:logGet(46)) - raft.server.log.queue.byte-limit = 4294967296 (custom)
2023-08-29 18:55:16,482 [f550e702-abe2-49cd-8ff2-4b2ec6b34c67-groupManagement] INFO  server.RaftServerConfigKeys (ConfUtils.java:logGet(46)) - raft.server.log.queue.element-limit = 1024 (custom)
2023-08-29 18:55:16,482 [f550e702-abe2-49cd-8ff2-4b2ec6b34c67-groupManagement] INFO  server.RaftServerConfigKeys (ConfUtils.java:logGet(46)) - raft.server.log.segment.size.max = 1048576 (custom)
2023-08-29 18:55:16,482 [f550e702-abe2-49cd-8ff2-4b2ec6b34c67-groupManagement] INFO  server.RaftServerConfigKeys (ConfUtils.java:logGet(46)) - raft.server.log.preallocated.size = 16384 (custom)
2023-08-29 18:55:16,482 [f550e702-abe2-49cd-8ff2-4b2ec6b34c67-groupManagement] INFO  server.RaftServerConfigKeys (ConfUtils.java:logGet(46)) - raft.server.log.force.sync.num = 128 (default)
2023-08-29 18:55:16,482 [f550e702-abe2-49cd-8ff2-4b2ec6b34c67-groupManagement] INFO  server.RaftServerConfigKeys (ConfUtils.java:logGet(46)) - raft.server.log.statemachine.data.sync = true (default)
2023-08-29 18:55:16,482 [f550e702-abe2-49cd-8ff2-4b2ec6b34c67-groupManagement] INFO  server.RaftServerConfigKeys (ConfUtils.java:logGet(46)) - raft.server.log.statemachine.data.sync.timeout = 10s (default)
2023-08-29 18:55:16,482 [f550e702-abe2-49cd-8ff2-4b2ec6b34c67-groupManagement] INFO  server.RaftServerConfigKeys (ConfUtils.java:logGet(46)) - raft.server.log.statemachine.data.sync.timeout.retry = -1 (default)
2023-08-29 18:55:16,483 [f550e702-abe2-49cd-8ff2-4b2ec6b34c67-groupManagement] INFO  server.RaftServerConfigKeys (ConfUtils.java:logGet(46)) - raft.server.log.write.buffer.size = 1048576 (custom)
2023-08-29 18:55:16,483 [f550e702-abe2-49cd-8ff2-4b2ec6b34c67-groupManagement] INFO  server.RaftServerConfigKeys (ConfUtils.java:logGet(46)) - raft.server.log.appender.buffer.byte-limit = 33554432 (custom)
2023-08-29 18:55:16,488 [f550e702-abe2-49cd-8ff2-4b2ec6b34c67-groupManagement] INFO  server.RaftServerConfigKeys (ConfUtils.java:logGet(46)) - raft.server.log.unsafe-flush.enabled = false (default)
2023-08-29 18:55:16,488 [f550e702-abe2-49cd-8ff2-4b2ec6b34c67-groupManagement] INFO  server.RaftServerConfigKeys (ConfUtils.java:logGet(46)) - raft.server.log.async-flush.enabled = false (default)
2023-08-29 18:55:16,488 [f550e702-abe2-49cd-8ff2-4b2ec6b34c67-groupManagement] INFO  server.RaftServerConfigKeys (ConfUtils.java:logGet(46)) - raft.server.log.statemachine.data.caching.enabled = true (custom)
2023-08-29 18:55:16,489 [f550e702-abe2-49cd-8ff2-4b2ec6b34c67-groupManagement] INFO  segmented.SegmentedRaftLogWorker (SegmentedRaftLogWorker.java:lambda$new$0(135)) - f550e702-abe2-49cd-8ff2-4b2ec6b34c67@group-5F1406ECDB75-SegmentedRaftLogWorker: flushIndex: setUnconditionally 0 -> -1
2023-08-29 18:55:16,489 [f550e702-abe2-49cd-8ff2-4b2ec6b34c67-groupManagement] INFO  segmented.SegmentedRaftLogWorker (SegmentedRaftLogWorker.java:lambda$new$0(135)) - f550e702-abe2-49cd-8ff2-4b2ec6b34c67@group-5F1406ECDB75-SegmentedRaftLogWorker: safeCacheEvictIndex: setUnconditionally 0 -> -1
2023-08-29 18:55:16,492 [f550e702-abe2-49cd-8ff2-4b2ec6b34c67-groupManagement] INFO  server.RaftServer$Division (RaftServerImpl.java:start(342)) - f550e702-abe2-49cd-8ff2-4b2ec6b34c67@group-5F1406ECDB75: start as a follower, conf=-1: peers:[f550e702-abe2-49cd-8ff2-4b2ec6b34c67|rpc:10.1.0.239:15147|admin:10.1.0.239:15146|client:10.1.0.239:15145|dataStream:10.1.0.239:15148|priority:1|startupRole:FOLLOWER]|listeners:[], old=null
2023-08-29 18:55:16,492 [f550e702-abe2-49cd-8ff2-4b2ec6b34c67-groupManagement] INFO  server.RaftServer$Division (RaftServerImpl.java:setRole(329)) - f550e702-abe2-49cd-8ff2-4b2ec6b34c67@group-5F1406ECDB75: changes role from      null to FOLLOWER at term 0 for startAsFollower
2023-08-29 18:55:16,492 [f550e702-abe2-49cd-8ff2-4b2ec6b34c67-groupManagement] INFO  impl.RoleInfo (RoleInfo.java:updateAndGet(139)) - f550e702-abe2-49cd-8ff2-4b2ec6b34c67: start f550e702-abe2-49cd-8ff2-4b2ec6b34c67@group-5F1406ECDB75-FollowerState
2023-08-29 18:55:16,495 [f550e702-abe2-49cd-8ff2-4b2ec6b34c67-groupManagement] INFO  util.JmxRegister (JmxRegister.java:tryRegister(44)) - Successfully registered JMX Bean with object name Ratis:service=RaftServer,group=group-5F1406ECDB75,id=f550e702-abe2-49cd-8ff2-4b2ec6b34c67
2023-08-29 18:55:16,495 [f550e702-abe2-49cd-8ff2-4b2ec6b34c67-groupManagement] INFO  server.RaftServerConfigKeys (ConfUtils.java:logGet(46)) - raft.server.snapshot.auto.trigger.enabled = true (custom)
2023-08-29 18:55:16,495 [f550e702-abe2-49cd-8ff2-4b2ec6b34c67-groupManagement] INFO  server.RaftServerConfigKeys (ConfUtils.java:logGet(46)) - raft.server.snapshot.auto.trigger.threshold = 10000 (custom)
2023-08-29 18:55:16,495 [f550e702-abe2-49cd-8ff2-4b2ec6b34c67-groupManagement] INFO  server.RaftServerConfigKeys (ConfUtils.java:logGet(46)) - raft.server.snapshot.retention.file.num = 5 (custom)
2023-08-29 18:55:16,495 [f550e702-abe2-49cd-8ff2-4b2ec6b34c67-groupManagement] INFO  server.RaftServerConfigKeys (ConfUtils.java:logGet(46)) - raft.server.log.purge.upto.snapshot.index = false (default)
2023-08-29 18:55:16,496 [f550e702-abe2-49cd-8ff2-4b2ec6b34c67@group-5F1406ECDB75-FollowerState] INFO  server.RaftServerConfigKeys (ConfUtils.java:logFallback(53)) - raft.server.rpc.first-election.timeout.min = 5s (fallback to raft.server.rpc.timeout.min)
2023-08-29 18:55:16,496 [f550e702-abe2-49cd-8ff2-4b2ec6b34c67@group-5F1406ECDB75-FollowerState] INFO  server.RaftServerConfigKeys (ConfUtils.java:logFallback(53)) - raft.server.rpc.first-election.timeout.max = 5200ms (fallback to raft.server.rpc.timeout.max)
2023-08-29 18:55:16,496 [PipelineCommandHandlerThread-0] INFO  ratis.XceiverServerRatis (XceiverServerRatis.java:addGroup(804)) - Created group PipelineID=fbe08b15-6371-49f5-87fb-5f1406ecdb75
2023-08-29 18:55:16,496 [PipelineCommandHandlerThread-0] INFO  commandhandler.CreatePipelineCommandHandler (CreatePipelineCommandHandler.java:lambda$handle$2(124)) - Created Pipeline RATIS ONE PipelineID=fbe08b15-6371-49f5-87fb-5f1406ecdb75.
2023-08-29 18:55:16,734 [PipelineCommandHandlerThread-0] INFO  server.RaftServer (RaftServerProxy.java:addNew(98)) - 7e144599-01e3-4b85-852c-8ce44e41f20b: addNew group-E1650200BD2E:[7e144599-01e3-4b85-852c-8ce44e41f20b|rpc:10.1.0.239:15156|admin:10.1.0.239:15155|client:10.1.0.239:15154|dataStream:10.1.0.239:15157|priority:1|startupRole:FOLLOWER] returns group-E1650200BD2E:java.util.concurrent.CompletableFuture@142b6aa9[Not completed]
2023-08-29 18:55:16,735 [7e144599-01e3-4b85-852c-8ce44e41f20b-groupManagement] INFO  server.RaftServer$Division (RaftServerImpl.java:<init>(198)) - 7e144599-01e3-4b85-852c-8ce44e41f20b: new RaftServerImpl for group-E1650200BD2E:[7e144599-01e3-4b85-852c-8ce44e41f20b|rpc:10.1.0.239:15156|admin:10.1.0.239:15155|client:10.1.0.239:15154|dataStream:10.1.0.239:15157|priority:1|startupRole:FOLLOWER] with ContainerStateMachine:uninitialized
2023-08-29 18:55:16,735 [7e144599-01e3-4b85-852c-8ce44e41f20b-groupManagement] INFO  server.RaftServerConfigKeys (ConfUtils.java:logGet(46)) - raft.server.rpc.timeout.min = 5s (custom)
2023-08-29 18:55:16,735 [7e144599-01e3-4b85-852c-8ce44e41f20b-groupManagement] INFO  server.RaftServerConfigKeys (ConfUtils.java:logGet(46)) - raft.server.rpc.timeout.max = 5200ms (custom)
2023-08-29 18:55:16,735 [7e144599-01e3-4b85-852c-8ce44e41f20b-groupManagement] INFO  server.RaftServerConfigKeys (ConfUtils.java:logGet(46)) - raft.server.rpc.sleep.time = 25ms (default)
2023-08-29 18:55:16,735 [7e144599-01e3-4b85-852c-8ce44e41f20b-groupManagement] INFO  server.RaftServerConfigKeys (ConfUtils.java:logGet(46)) - raft.server.rpc.slowness.timeout = 300s (custom)
2023-08-29 18:55:16,735 [7e144599-01e3-4b85-852c-8ce44e41f20b-groupManagement] INFO  server.RaftServerConfigKeys (ConfUtils.java:logGet(46)) - raft.server.leaderelection.leader.step-down.wait-time = 10s (default)
2023-08-29 18:55:16,735 [7e144599-01e3-4b85-852c-8ce44e41f20b-groupManagement] INFO  server.RaftServerConfigKeys (ConfUtils.java:logGet(46)) - raft.server.sleep.deviation.threshold = 300ms (default)
2023-08-29 18:55:16,735 [7e144599-01e3-4b85-852c-8ce44e41f20b-groupManagement] INFO  server.RaftServer$Division (ServerState.java:<init>(120)) - 7e144599-01e3-4b85-852c-8ce44e41f20b@group-E1650200BD2E: ConfigurationManager, init=-1: peers:[7e144599-01e3-4b85-852c-8ce44e41f20b|rpc:10.1.0.239:15156|admin:10.1.0.239:15155|client:10.1.0.239:15154|dataStream:10.1.0.239:15157|priority:1|startupRole:FOLLOWER]|listeners:[], old=null, confs=<EMPTY_MAP>
2023-08-29 18:55:16,735 [7e144599-01e3-4b85-852c-8ce44e41f20b-groupManagement] INFO  server.RaftServerConfigKeys (ConfUtils.java:logGet(46)) - raft.server.storage.dir = [/home/runner/work/ozone/ozone/hadoop-ozone/integration-test/target/test-dir/MiniOzoneClusterImpl-e121caef-2a4e-4b75-96a0-c968b96a6505/datanode-4/data/ratis] (custom)
2023-08-29 18:55:16,735 [7e144599-01e3-4b85-852c-8ce44e41f20b-groupManagement] INFO  server.RaftServerConfigKeys (ConfUtils.java:logGet(46)) - raft.server.log.corruption.policy = EXCEPTION (default)
2023-08-29 18:55:16,735 [7e144599-01e3-4b85-852c-8ce44e41f20b-groupManagement] INFO  server.RaftServerConfigKeys (ConfUtils.java:logGet(46)) - raft.server.storage.free-space.min = 0MB (=0) (default)
2023-08-29 18:55:16,736 [7e144599-01e3-4b85-852c-8ce44e41f20b-groupManagement] INFO  server.RaftServerConfigKeys (ConfUtils.java:logGet(46)) - raft.server.notification.no-leader.timeout = 300s (custom)
2023-08-29 18:55:16,736 [7e144599-01e3-4b85-852c-8ce44e41f20b-groupManagement] INFO  server.RaftServerConfigKeys (ConfUtils.java:logGet(46)) - raft.server.read.timeout = 10s (default)
2023-08-29 18:55:16,736 [7e144599-01e3-4b85-852c-8ce44e41f20b-groupManagement] INFO  server.RaftServerConfigKeys (ConfUtils.java:logGet(46)) - raft.server.retrycache.expirytime = 600000ms (custom)
2023-08-29 18:55:16,736 [7e144599-01e3-4b85-852c-8ce44e41f20b-groupManagement] INFO  server.RaftServerConfigKeys (ConfUtils.java:logGet(46)) - raft.server.retrycache.statistics.expirytime = 100μs (default)
2023-08-29 18:55:16,736 [main] INFO  ozone.MiniOzoneClusterImpl (MiniOzoneClusterImpl.java:lambda$waitForClusterToBeReady$0(224)) - Nodes are ready. Got 5 of 5 DN Heartbeats.
2023-08-29 18:55:16,736 [main] INFO  ozone.MiniOzoneClusterImpl (MiniOzoneClusterImpl.java:lambda$waitForClusterToBeReady$0(227)) - Waiting for cluster to exit safe mode
2023-08-29 18:55:16,736 [main] INFO  ozone.MiniOzoneClusterImpl (MiniOzoneClusterImpl.java:lambda$waitForClusterToBeReady$0(229)) - SCM became leader
2023-08-29 18:55:16,736 [7e144599-01e3-4b85-852c-8ce44e41f20b-groupManagement] INFO  server.RaftServerConfigKeys (ConfUtils.java:logGet(46)) - raft.server.read.option = DEFAULT (default)
2023-08-29 18:55:16,737 [7e144599-01e3-4b85-852c-8ce44e41f20b-groupManagement] INFO  server.RaftServerConfigKeys (ConfUtils.java:logGet(46)) - raft.server.rpc.request.timeout = 60s (custom)
2023-08-29 18:55:16,737 [7e144599-01e3-4b85-852c-8ce44e41f20b-groupManagement] INFO  server.RaftServerConfigKeys (ConfUtils.java:logGet(46)) - raft.server.log.appender.install.snapshot.enabled = false (custom)
2023-08-29 18:55:16,737 [7e144599-01e3-4b85-852c-8ce44e41f20b-groupManagement] INFO  server.RaftServerConfigKeys (ConfUtils.java:logGet(46)) - raft.server.threadpool.server.cached = true (default)
2023-08-29 18:55:16,737 [7e144599-01e3-4b85-852c-8ce44e41f20b-groupManagement] INFO  server.RaftServerConfigKeys (ConfUtils.java:logGet(46)) - raft.server.threadpool.server.size = 0 (default)
2023-08-29 18:55:16,737 [7e144599-01e3-4b85-852c-8ce44e41f20b-groupManagement] INFO  server.RaftServerConfigKeys (ConfUtils.java:logGet(46)) - raft.server.threadpool.client.cached = true (default)
2023-08-29 18:55:16,737 [7e144599-01e3-4b85-852c-8ce44e41f20b-groupManagement] INFO  server.RaftServerConfigKeys (ConfUtils.java:logGet(46)) - raft.server.threadpool.client.size = 0 (default)
2023-08-29 18:55:16,737 [7e144599-01e3-4b85-852c-8ce44e41f20b-groupManagement] INFO  storage.RaftStorageDirectory (RaftStorageDirectoryImpl.java:analyzeStorage(137)) - The storage directory /home/runner/work/ozone/ozone/hadoop-ozone/integration-test/target/test-dir/MiniOzoneClusterImpl-e121caef-2a4e-4b75-96a0-c968b96a6505/datanode-4/data/ratis/1794d795-a3ea-4ead-818f-e1650200bd2e does not exist. Creating ...
2023-08-29 18:55:16,738 [7e144599-01e3-4b85-852c-8ce44e41f20b-groupManagement] INFO  storage.RaftStorageDirectory (RaftStorageDirectoryImpl.java:tryLock(231)) - Lock on /home/runner/work/ozone/ozone/hadoop-ozone/integration-test/target/test-dir/MiniOzoneClusterImpl-e121caef-2a4e-4b75-96a0-c968b96a6505/datanode-4/data/ratis/1794d795-a3ea-4ead-818f-e1650200bd2e/in_use.lock acquired by nodename 61099@fv-az225-157
2023-08-29 18:55:16,739 [7e144599-01e3-4b85-852c-8ce44e41f20b-groupManagement] INFO  storage.RaftStorage (RaftStorageImpl.java:format(96)) - Storage directory /home/runner/work/ozone/ozone/hadoop-ozone/integration-test/target/test-dir/MiniOzoneClusterImpl-e121caef-2a4e-4b75-96a0-c968b96a6505/datanode-4/data/ratis/1794d795-a3ea-4ead-818f-e1650200bd2e has been successfully formatted.
2023-08-29 18:55:16,740 [7e144599-01e3-4b85-852c-8ce44e41f20b-groupManagement] INFO  ratis.ContainerStateMachine (ContainerStateMachine.java:loadSnapshot(262)) - group-E1650200BD2E: The snapshot info is null. Setting the last applied indexto:(t:0, i:~)
2023-08-29 18:55:16,740 [7e144599-01e3-4b85-852c-8ce44e41f20b-groupManagement] INFO  server.RaftServerConfigKeys (ConfUtils.java:logGet(46)) - raft.server.log.use.memory = false (default)
2023-08-29 18:55:16,740 [7e144599-01e3-4b85-852c-8ce44e41f20b-groupManagement] INFO  server.RaftServerConfigKeys (ConfUtils.java:logGet(46)) - raft.server.log.purge.gap = 1000000 (custom)
2023-08-29 18:55:16,740 [7e144599-01e3-4b85-852c-8ce44e41f20b-groupManagement] INFO  server.RaftServerConfigKeys (ConfUtils.java:logGet(46)) - raft.server.log.appender.buffer.byte-limit = 33554432 (custom)
2023-08-29 18:55:16,740 [7e144599-01e3-4b85-852c-8ce44e41f20b-groupManagement] INFO  server.RaftServerConfigKeys (ConfUtils.java:logGet(46)) - raft.server.log.statemachine.data.read.timeout = 1000ms (default)
2023-08-29 18:55:16,741 [EventQueue-PipelineReportForPipelineReportHandler] INFO  pipeline.PipelineReportHandler (PipelineReportHandler.java:processPipelineReport(136)) - Opened pipeline PipelineID=1794d795-a3ea-4ead-818f-e1650200bd2e
2023-08-29 18:55:16,741 [EventQueue-OpenPipelineForHealthyPipelineSafeModeRule] INFO  safemode.SCMSafeModeManager (HealthyPipelineSafeModeRule.java:process(137)) - SCM in safe mode. Healthy pipelines reported count is 0, required healthy pipeline reported count is 1
2023-08-29 18:55:16,741 [7e144599-01e3-4b85-852c-8ce44e41f20b-groupManagement] INFO  server.RaftServerConfigKeys (ConfUtils.java:logGet(46)) - raft.server.log.purge.preservation.log.num = 0 (default)
2023-08-29 18:55:16,742 [7e144599-01e3-4b85-852c-8ce44e41f20b-groupManagement] INFO  server.RaftServerConfigKeys (ConfUtils.java:logGet(46)) - raft.server.log.segment.size.max = 1048576 (custom)
2023-08-29 18:55:16,742 [7e144599-01e3-4b85-852c-8ce44e41f20b-groupManagement] INFO  server.RaftServerConfigKeys (ConfUtils.java:logGet(46)) - raft.server.log.segment.cache.num.max = 2 (custom)
2023-08-29 18:55:16,742 [7e144599-01e3-4b85-852c-8ce44e41f20b-groupManagement] INFO  server.RaftServerConfigKeys (ConfUtils.java:logGet(46)) - raft.server.log.segment.cache.size.max = 200MB (=209715200) (default)
2023-08-29 18:55:16,742 [7e144599-01e3-4b85-852c-8ce44e41f20b-groupManagement] INFO  server.RaftServerConfigKeys (ConfUtils.java:logGet(46)) - raft.server.log.appender.buffer.byte-limit = 33554432 (custom)
2023-08-29 18:55:16,742 [7e144599-01e3-4b85-852c-8ce44e41f20b-groupManagement] INFO  segmented.SegmentedRaftLogWorker (SegmentedRaftLogWorker.java:<init>(188)) - new 7e144599-01e3-4b85-852c-8ce44e41f20b@group-E1650200BD2E-SegmentedRaftLogWorker for RaftStorageImpl:Storage Directory /home/runner/work/ozone/ozone/hadoop-ozone/integration-test/target/test-dir/MiniOzoneClusterImpl-e121caef-2a4e-4b75-96a0-c968b96a6505/datanode-4/data/ratis/1794d795-a3ea-4ead-818f-e1650200bd2e
2023-08-29 18:55:16,742 [7e144599-01e3-4b85-852c-8ce44e41f20b-groupManagement] INFO  server.RaftServerConfigKeys (ConfUtils.java:logGet(46)) - raft.server.log.queue.byte-limit = 4294967296 (custom)
2023-08-29 18:55:16,742 [7e144599-01e3-4b85-852c-8ce44e41f20b-groupManagement] INFO  server.RaftServerConfigKeys (ConfUtils.java:logGet(46)) - raft.server.log.queue.element-limit = 1024 (custom)
2023-08-29 18:55:16,742 [7e144599-01e3-4b85-852c-8ce44e41f20b-groupManagement] INFO  server.RaftServerConfigKeys (ConfUtils.java:logGet(46)) - raft.server.log.segment.size.max = 1048576 (custom)
2023-08-29 18:55:16,742 [7e144599-01e3-4b85-852c-8ce44e41f20b-groupManagement] INFO  server.RaftServerConfigKeys (ConfUtils.java:logGet(46)) - raft.server.log.preallocated.size = 16384 (custom)
2023-08-29 18:55:16,742 [7e144599-01e3-4b85-852c-8ce44e41f20b-groupManagement] INFO  server.RaftServerConfigKeys (ConfUtils.java:logGet(46)) - raft.server.log.force.sync.num = 128 (default)
2023-08-29 18:55:16,742 [7e144599-01e3-4b85-852c-8ce44e41f20b-groupManagement] INFO  server.RaftServerConfigKeys (ConfUtils.java:logGet(46)) - raft.server.log.statemachine.data.sync = true (default)
2023-08-29 18:55:16,742 [7e144599-01e3-4b85-852c-8ce44e41f20b-groupManagement] INFO  server.RaftServerConfigKeys (ConfUtils.java:logGet(46)) - raft.server.log.statemachine.data.sync.timeout = 10s (default)
2023-08-29 18:55:16,742 [7e144599-01e3-4b85-852c-8ce44e41f20b-groupManagement] INFO  server.RaftServerConfigKeys (ConfUtils.java:logGet(46)) - raft.server.log.statemachine.data.sync.timeout.retry = -1 (default)
2023-08-29 18:55:16,743 [7e144599-01e3-4b85-852c-8ce44e41f20b-groupManagement] INFO  server.RaftServerConfigKeys (ConfUtils.java:logGet(46)) - raft.server.log.write.buffer.size = 1048576 (custom)
2023-08-29 18:55:16,743 [7e144599-01e3-4b85-852c-8ce44e41f20b-groupManagement] INFO  server.RaftServerConfigKeys (ConfUtils.java:logGet(46)) - raft.server.log.appender.buffer.byte-limit = 33554432 (custom)
2023-08-29 18:55:16,748 [7e144599-01e3-4b85-852c-8ce44e41f20b-groupManagement] INFO  server.RaftServerConfigKeys (ConfUtils.java:logGet(46)) - raft.server.log.unsafe-flush.enabled = false (default)
2023-08-29 18:55:16,748 [7e144599-01e3-4b85-852c-8ce44e41f20b-groupManagement] INFO  server.RaftServerConfigKeys (ConfUtils.java:logGet(46)) - raft.server.log.async-flush.enabled = false (default)
2023-08-29 18:55:16,748 [7e144599-01e3-4b85-852c-8ce44e41f20b-groupManagement] INFO  server.RaftServerConfigKeys (ConfUtils.java:logGet(46)) - raft.server.log.statemachine.data.caching.enabled = true (custom)
2023-08-29 18:55:16,748 [7e144599-01e3-4b85-852c-8ce44e41f20b-groupManagement] INFO  segmented.SegmentedRaftLogWorker (SegmentedRaftLogWorker.java:lambda$new$0(135)) - 7e144599-01e3-4b85-852c-8ce44e41f20b@group-E1650200BD2E-SegmentedRaftLogWorker: flushIndex: setUnconditionally 0 -> -1
2023-08-29 18:55:16,749 [7e144599-01e3-4b85-852c-8ce44e41f20b-groupManagement] INFO  segmented.SegmentedRaftLogWorker (SegmentedRaftLogWorker.java:lambda$new$0(135)) - 7e144599-01e3-4b85-852c-8ce44e41f20b@group-E1650200BD2E-SegmentedRaftLogWorker: safeCacheEvictIndex: setUnconditionally 0 -> -1
2023-08-29 18:55:16,749 [7e144599-01e3-4b85-852c-8ce44e41f20b-groupManagement] INFO  server.RaftServer$Division (RaftServerImpl.java:start(342)) - 7e144599-01e3-4b85-852c-8ce44e41f20b@group-E1650200BD2E: start as a follower, conf=-1: peers:[7e144599-01e3-4b85-852c-8ce44e41f20b|rpc:10.1.0.239:15156|admin:10.1.0.239:15155|client:10.1.0.239:15154|dataStream:10.1.0.239:15157|priority:1|startupRole:FOLLOWER]|listeners:[], old=null
2023-08-29 18:55:16,749 [7e144599-01e3-4b85-852c-8ce44e41f20b-groupManagement] INFO  server.RaftServer$Division (RaftServerImpl.java:setRole(329)) - 7e144599-01e3-4b85-852c-8ce44e41f20b@group-E1650200BD2E: changes role from      null to FOLLOWER at term 0 for startAsFollower
2023-08-29 18:55:16,749 [7e144599-01e3-4b85-852c-8ce44e41f20b-groupManagement] INFO  impl.RoleInfo (RoleInfo.java:updateAndGet(139)) - 7e144599-01e3-4b85-852c-8ce44e41f20b: start 7e144599-01e3-4b85-852c-8ce44e41f20b@group-E1650200BD2E-FollowerState
2023-08-29 18:55:16,749 [7e144599-01e3-4b85-852c-8ce44e41f20b-groupManagement] INFO  util.JmxRegister (JmxRegister.java:tryRegister(44)) - Successfully registered JMX Bean with object name Ratis:service=RaftServer,group=group-E1650200BD2E,id=7e144599-01e3-4b85-852c-8ce44e41f20b
2023-08-29 18:55:16,749 [7e144599-01e3-4b85-852c-8ce44e41f20b@group-E1650200BD2E-FollowerState] INFO  server.RaftServerConfigKeys (ConfUtils.java:logFallback(53)) - raft.server.rpc.first-election.timeout.min = 5s (fallback to raft.server.rpc.timeout.min)
2023-08-29 18:55:16,749 [7e144599-01e3-4b85-852c-8ce44e41f20b-groupManagement] INFO  server.RaftServerConfigKeys (ConfUtils.java:logGet(46)) - raft.server.snapshot.auto.trigger.enabled = true (custom)
2023-08-29 18:55:16,749 [7e144599-01e3-4b85-852c-8ce44e41f20b@group-E1650200BD2E-FollowerState] INFO  server.RaftServerConfigKeys (ConfUtils.java:logFallback(53)) - raft.server.rpc.first-election.timeout.max = 5200ms (fallback to raft.server.rpc.timeout.max)
2023-08-29 18:55:16,749 [7e144599-01e3-4b85-852c-8ce44e41f20b-groupManagement] INFO  server.RaftServerConfigKeys (ConfUtils.java:logGet(46)) - raft.server.snapshot.auto.trigger.threshold = 10000 (custom)
2023-08-29 18:55:16,749 [7e144599-01e3-4b85-852c-8ce44e41f20b-groupManagement] INFO  server.RaftServerConfigKeys (ConfUtils.java:logGet(46)) - raft.server.snapshot.retention.file.num = 5 (custom)
2023-08-29 18:55:16,749 [7e144599-01e3-4b85-852c-8ce44e41f20b-groupManagement] INFO  server.RaftServerConfigKeys (ConfUtils.java:logGet(46)) - raft.server.log.purge.upto.snapshot.index = false (default)
2023-08-29 18:55:16,750 [PipelineCommandHandlerThread-0] INFO  ratis.XceiverServerRatis (XceiverServerRatis.java:addGroup(804)) - Created group PipelineID=1794d795-a3ea-4ead-818f-e1650200bd2e
2023-08-29 18:55:16,750 [PipelineCommandHandlerThread-0] INFO  commandhandler.CreatePipelineCommandHandler (CreatePipelineCommandHandler.java:lambda$handle$2(124)) - Created Pipeline RATIS ONE PipelineID=1794d795-a3ea-4ead-818f-e1650200bd2e.
2023-08-29 18:55:17,736 [main] INFO  ozone.MiniOzoneClusterImpl (MiniOzoneClusterImpl.java:lambda$waitForClusterToBeReady$0(224)) - Nodes are ready. Got 5 of 5 DN Heartbeats.
2023-08-29 18:55:17,736 [main] INFO  ozone.MiniOzoneClusterImpl (MiniOzoneClusterImpl.java:lambda$waitForClusterToBeReady$0(227)) - Waiting for cluster to exit safe mode
2023-08-29 18:55:17,736 [main] INFO  ozone.MiniOzoneClusterImpl (MiniOzoneClusterImpl.java:lambda$waitForClusterToBeReady$0(229)) - SCM became leader
2023-08-29 18:55:18,737 [main] INFO  ozone.MiniOzoneClusterImpl (MiniOzoneClusterImpl.java:lambda$waitForClusterToBeReady$0(224)) - Nodes are ready. Got 5 of 5 DN Heartbeats.
2023-08-29 18:55:18,737 [main] INFO  ozone.MiniOzoneClusterImpl (MiniOzoneClusterImpl.java:lambda$waitForClusterToBeReady$0(227)) - Waiting for cluster to exit safe mode
2023-08-29 18:55:18,737 [main] INFO  ozone.MiniOzoneClusterImpl (MiniOzoneClusterImpl.java:lambda$waitForClusterToBeReady$0(229)) - SCM became leader
2023-08-29 18:55:19,737 [main] INFO  ozone.MiniOzoneClusterImpl (MiniOzoneClusterImpl.java:lambda$waitForClusterToBeReady$0(224)) - Nodes are ready. Got 5 of 5 DN Heartbeats.
2023-08-29 18:55:19,738 [main] INFO  ozone.MiniOzoneClusterImpl (MiniOzoneClusterImpl.java:lambda$waitForClusterToBeReady$0(227)) - Waiting for cluster to exit safe mode
2023-08-29 18:55:19,738 [main] INFO  ozone.MiniOzoneClusterImpl (MiniOzoneClusterImpl.java:lambda$waitForClusterToBeReady$0(229)) - SCM became leader
2023-08-29 18:55:20,700 [0d210486-d547-40fe-b644-a4a516df2759@group-8B1BF10DED3E-FollowerState] INFO  impl.FollowerState (FollowerState.java:run(143)) - 0d210486-d547-40fe-b644-a4a516df2759@group-8B1BF10DED3E-FollowerState: change to CANDIDATE, lastRpcElapsedTime:5020060095ns, electionTimeout:5018ms
2023-08-29 18:55:20,701 [0d210486-d547-40fe-b644-a4a516df2759@group-8B1BF10DED3E-FollowerState] INFO  impl.RoleInfo (RoleInfo.java:shutdownFollowerState(110)) - 0d210486-d547-40fe-b644-a4a516df2759: shutdown 0d210486-d547-40fe-b644-a4a516df2759@group-8B1BF10DED3E-FollowerState
2023-08-29 18:55:20,701 [0d210486-d547-40fe-b644-a4a516df2759@group-8B1BF10DED3E-FollowerState] INFO  server.RaftServer$Division (RaftServerImpl.java:setRole(329)) - 0d210486-d547-40fe-b644-a4a516df2759@group-8B1BF10DED3E: changes role from  FOLLOWER to CANDIDATE at term 0 for changeToCandidate
2023-08-29 18:55:20,701 [0d210486-d547-40fe-b644-a4a516df2759@group-8B1BF10DED3E-FollowerState] INFO  server.RaftServerConfigKeys (ConfUtils.java:logGet(46)) - raft.server.leaderelection.pre-vote = true (default)
2023-08-29 18:55:20,701 [0d210486-d547-40fe-b644-a4a516df2759@group-8B1BF10DED3E-FollowerState] INFO  impl.RoleInfo (RoleInfo.java:updateAndGet(139)) - 0d210486-d547-40fe-b644-a4a516df2759: start 0d210486-d547-40fe-b644-a4a516df2759@group-8B1BF10DED3E-LeaderElection21
2023-08-29 18:55:20,705 [0d210486-d547-40fe-b644-a4a516df2759@group-8B1BF10DED3E-LeaderElection21] INFO  impl.LeaderElection (LeaderElection.java:askForVotes(321)) - 0d210486-d547-40fe-b644-a4a516df2759@group-8B1BF10DED3E-LeaderElection21 PRE_VOTE round 0: submit vote requests at term 0 for -1: peers:[fe29ea50-ce7d-4d67-99db-5363b98f75df|rpc:10.1.0.239:15129|admin:10.1.0.239:15128|client:10.1.0.239:15127|dataStream:10.1.0.239:15130|priority:0|startupRole:FOLLOWER, 0d210486-d547-40fe-b644-a4a516df2759|rpc:10.1.0.239:15120|admin:10.1.0.239:15119|client:10.1.0.239:15118|dataStream:10.1.0.239:15121|priority:1|startupRole:FOLLOWER, 2eaf327d-c8aa-4b69-9e65-db94832273b8|rpc:10.1.0.239:15138|admin:10.1.0.239:15137|client:10.1.0.239:15136|dataStream:10.1.0.239:15139|priority:0|startupRole:FOLLOWER]|listeners:[], old=null
2023-08-29 18:55:20,706 [0d210486-d547-40fe-b644-a4a516df2759@group-8B1BF10DED3E-LeaderElection21] INFO  server.RaftServerConfigKeys (ConfUtils.java:logFallback(53)) - raft.server.rpc.first-election.timeout.min = 5s (fallback to raft.server.rpc.timeout.min)
2023-08-29 18:55:20,706 [0d210486-d547-40fe-b644-a4a516df2759@group-8B1BF10DED3E-LeaderElection21-1] INFO  server.GrpcServerProtocolClient (GrpcServerProtocolClient.java:<init>(65)) - Build channel for fe29ea50-ce7d-4d67-99db-5363b98f75df
2023-08-29 18:55:20,706 [0d210486-d547-40fe-b644-a4a516df2759@group-8B1BF10DED3E-LeaderElection21] INFO  server.RaftServerConfigKeys (ConfUtils.java:logFallback(53)) - raft.server.rpc.first-election.timeout.max = 5200ms (fallback to raft.server.rpc.timeout.max)
2023-08-29 18:55:20,706 [0d210486-d547-40fe-b644-a4a516df2759@group-8B1BF10DED3E-LeaderElection21-2] INFO  server.GrpcServerProtocolClient (GrpcServerProtocolClient.java:<init>(65)) - Build channel for 2eaf327d-c8aa-4b69-9e65-db94832273b8
2023-08-29 18:55:20,717 [grpc-default-executor-7] INFO  server.RaftServer$Division (RaftServerImpl.java:requestVote(1302)) - 2eaf327d-c8aa-4b69-9e65-db94832273b8@group-8B1BF10DED3E: receive requestVote(PRE_VOTE, 0d210486-d547-40fe-b644-a4a516df2759, group-8B1BF10DED3E, 0, (t:0, i:0))
2023-08-29 18:55:20,717 [grpc-default-executor-7] INFO  impl.VoteContext (VoteContext.java:log(49)) - 2eaf327d-c8aa-4b69-9e65-db94832273b8@group-8B1BF10DED3E-FOLLOWER: accept PRE_VOTE from 0d210486-d547-40fe-b644-a4a516df2759: our priority 0 <= candidate's priority 1
2023-08-29 18:55:20,717 [grpc-default-executor-7] INFO  server.RaftServer$Division (RaftServerImpl.java:requestVote(1335)) - 2eaf327d-c8aa-4b69-9e65-db94832273b8@group-8B1BF10DED3E replies to PRE_VOTE vote request: 0d210486-d547-40fe-b644-a4a516df2759<-2eaf327d-c8aa-4b69-9e65-db94832273b8#0:OK-t0. Peer's state: 2eaf327d-c8aa-4b69-9e65-db94832273b8@group-8B1BF10DED3E:t0, leader=null, voted=, raftlog=Memoized:2eaf327d-c8aa-4b69-9e65-db94832273b8@group-8B1BF10DED3E-SegmentedRaftLog:OPENED:c-1, conf=-1: peers:[fe29ea50-ce7d-4d67-99db-5363b98f75df|rpc:10.1.0.239:15129|admin:10.1.0.239:15128|client:10.1.0.239:15127|dataStream:10.1.0.239:15130|priority:0|startupRole:FOLLOWER, 0d210486-d547-40fe-b644-a4a516df2759|rpc:10.1.0.239:15120|admin:10.1.0.239:15119|client:10.1.0.239:15118|dataStream:10.1.0.239:15121|priority:1|startupRole:FOLLOWER, 2eaf327d-c8aa-4b69-9e65-db94832273b8|rpc:10.1.0.239:15138|admin:10.1.0.239:15137|client:10.1.0.239:15136|dataStream:10.1.0.239:15139|priority:0|startupRole:FOLLOWER]|listeners:[], old=null
2023-08-29 18:55:20,718 [grpc-default-executor-5] INFO  server.RaftServer$Division (RaftServerImpl.java:requestVote(1302)) - fe29ea50-ce7d-4d67-99db-5363b98f75df@group-8B1BF10DED3E: receive requestVote(PRE_VOTE, 0d210486-d547-40fe-b644-a4a516df2759, group-8B1BF10DED3E, 0, (t:0, i:0))
2023-08-29 18:55:20,718 [grpc-default-executor-5] INFO  impl.VoteContext (VoteContext.java:log(49)) - fe29ea50-ce7d-4d67-99db-5363b98f75df@group-8B1BF10DED3E-FOLLOWER: accept PRE_VOTE from 0d210486-d547-40fe-b644-a4a516df2759: our priority 0 <= candidate's priority 1
2023-08-29 18:55:20,718 [grpc-default-executor-5] INFO  server.RaftServer$Division (RaftServerImpl.java:requestVote(1335)) - fe29ea50-ce7d-4d67-99db-5363b98f75df@group-8B1BF10DED3E replies to PRE_VOTE vote request: 0d210486-d547-40fe-b644-a4a516df2759<-fe29ea50-ce7d-4d67-99db-5363b98f75df#0:OK-t0. Peer's state: fe29ea50-ce7d-4d67-99db-5363b98f75df@group-8B1BF10DED3E:t0, leader=null, voted=, raftlog=Memoized:fe29ea50-ce7d-4d67-99db-5363b98f75df@group-8B1BF10DED3E-SegmentedRaftLog:OPENED:c-1, conf=-1: peers:[fe29ea50-ce7d-4d67-99db-5363b98f75df|rpc:10.1.0.239:15129|admin:10.1.0.239:15128|client:10.1.0.239:15127|dataStream:10.1.0.239:15130|priority:0|startupRole:FOLLOWER, 0d210486-d547-40fe-b644-a4a516df2759|rpc:10.1.0.239:15120|admin:10.1.0.239:15119|client:10.1.0.239:15118|dataStream:10.1.0.239:15121|priority:1|startupRole:FOLLOWER, 2eaf327d-c8aa-4b69-9e65-db94832273b8|rpc:10.1.0.239:15138|admin:10.1.0.239:15137|client:10.1.0.239:15136|dataStream:10.1.0.239:15139|priority:0|startupRole:FOLLOWER]|listeners:[], old=null
2023-08-29 18:55:20,721 [0d210486-d547-40fe-b644-a4a516df2759@group-8B1BF10DED3E-LeaderElection21] INFO  impl.LeaderElection (LeaderElection.java:logAndReturn(90)) - 0d210486-d547-40fe-b644-a4a516df2759@group-8B1BF10DED3E-LeaderElection21: PRE_VOTE PASSED received 1 response(s) and 0 exception(s):
2023-08-29 18:55:20,721 [0d210486-d547-40fe-b644-a4a516df2759@group-8B1BF10DED3E-LeaderElection21] INFO  impl.LeaderElection (LeaderElection.java:logAndReturn(94)) -   Response 0: 0d210486-d547-40fe-b644-a4a516df2759<-2eaf327d-c8aa-4b69-9e65-db94832273b8#0:OK-t0
2023-08-29 18:55:20,721 [0d210486-d547-40fe-b644-a4a516df2759@group-8B1BF10DED3E-LeaderElection21] INFO  impl.LeaderElection (LeaderElection.java:askForVotes(323)) - 0d210486-d547-40fe-b644-a4a516df2759@group-8B1BF10DED3E-LeaderElection21 PRE_VOTE round 0: result PASSED
2023-08-29 18:55:20,723 [0d210486-d547-40fe-b644-a4a516df2759@group-8B1BF10DED3E-LeaderElection21] INFO  impl.LeaderElection (LeaderElection.java:askForVotes(321)) - 0d210486-d547-40fe-b644-a4a516df2759@group-8B1BF10DED3E-LeaderElection21 ELECTION round 0: submit vote requests at term 1 for -1: peers:[fe29ea50-ce7d-4d67-99db-5363b98f75df|rpc:10.1.0.239:15129|admin:10.1.0.239:15128|client:10.1.0.239:15127|dataStream:10.1.0.239:15130|priority:0|startupRole:FOLLOWER, 0d210486-d547-40fe-b644-a4a516df2759|rpc:10.1.0.239:15120|admin:10.1.0.239:15119|client:10.1.0.239:15118|dataStream:10.1.0.239:15121|priority:1|startupRole:FOLLOWER, 2eaf327d-c8aa-4b69-9e65-db94832273b8|rpc:10.1.0.239:15138|admin:10.1.0.239:15137|client:10.1.0.239:15136|dataStream:10.1.0.239:15139|priority:0|startupRole:FOLLOWER]|listeners:[], old=null
2023-08-29 18:55:20,724 [0d210486-d547-40fe-b644-a4a516df2759@group-8B1BF10DED3E-LeaderElection21] INFO  server.RaftServerConfigKeys (ConfUtils.java:logFallback(53)) - raft.server.rpc.first-election.timeout.min = 5s (fallback to raft.server.rpc.timeout.min)
2023-08-29 18:55:20,724 [0d210486-d547-40fe-b644-a4a516df2759@group-8B1BF10DED3E-LeaderElection21] INFO  server.RaftServerConfigKeys (ConfUtils.java:logFallback(53)) - raft.server.rpc.first-election.timeout.max = 5200ms (fallback to raft.server.rpc.timeout.max)
2023-08-29 18:55:20,725 [grpc-default-executor-5] INFO  server.RaftServer$Division (RaftServerImpl.java:requestVote(1302)) - 2eaf327d-c8aa-4b69-9e65-db94832273b8@group-8B1BF10DED3E: receive requestVote(ELECTION, 0d210486-d547-40fe-b644-a4a516df2759, group-8B1BF10DED3E, 1, (t:0, i:0))
2023-08-29 18:55:20,726 [grpc-default-executor-5] INFO  impl.VoteContext (VoteContext.java:log(49)) - 2eaf327d-c8aa-4b69-9e65-db94832273b8@group-8B1BF10DED3E-FOLLOWER: accept ELECTION from 0d210486-d547-40fe-b644-a4a516df2759: our priority 0 <= candidate's priority 1
2023-08-29 18:55:20,726 [grpc-default-executor-5] INFO  server.RaftServer$Division (RaftServerImpl.java:setRole(329)) - 2eaf327d-c8aa-4b69-9e65-db94832273b8@group-8B1BF10DED3E: changes role from  FOLLOWER to FOLLOWER at term 1 for candidate:0d210486-d547-40fe-b644-a4a516df2759
2023-08-29 18:55:20,726 [grpc-default-executor-5] INFO  impl.RoleInfo (RoleInfo.java:shutdownFollowerState(110)) - 2eaf327d-c8aa-4b69-9e65-db94832273b8: shutdown 2eaf327d-c8aa-4b69-9e65-db94832273b8@group-8B1BF10DED3E-FollowerState
2023-08-29 18:55:20,726 [grpc-default-executor-5] INFO  impl.RoleInfo (RoleInfo.java:updateAndGet(139)) - 2eaf327d-c8aa-4b69-9e65-db94832273b8: start 2eaf327d-c8aa-4b69-9e65-db94832273b8@group-8B1BF10DED3E-FollowerState
2023-08-29 18:55:20,726 [2eaf327d-c8aa-4b69-9e65-db94832273b8@group-8B1BF10DED3E-FollowerState] INFO  impl.FollowerState (FollowerState.java:run(152)) - 2eaf327d-c8aa-4b69-9e65-db94832273b8@group-8B1BF10DED3E-FollowerState was interrupted
2023-08-29 18:55:20,749 [main] INFO  ozone.MiniOzoneClusterImpl (MiniOzoneClusterImpl.java:lambda$waitForClusterToBeReady$0(224)) - Nodes are ready. Got 5 of 5 DN Heartbeats.
2023-08-29 18:55:20,749 [main] INFO  ozone.MiniOzoneClusterImpl (MiniOzoneClusterImpl.java:lambda$waitForClusterToBeReady$0(227)) - Waiting for cluster to exit safe mode
2023-08-29 18:55:20,749 [main] INFO  ozone.MiniOzoneClusterImpl (MiniOzoneClusterImpl.java:lambda$waitForClusterToBeReady$0(229)) - SCM became leader
2023-08-29 18:55:20,750 [grpc-default-executor-5] INFO  server.RaftServer$Division (RaftServerImpl.java:requestVote(1335)) - 2eaf327d-c8aa-4b69-9e65-db94832273b8@group-8B1BF10DED3E replies to ELECTION vote request: 0d210486-d547-40fe-b644-a4a516df2759<-2eaf327d-c8aa-4b69-9e65-db94832273b8#0:OK-t1. Peer's state: 2eaf327d-c8aa-4b69-9e65-db94832273b8@group-8B1BF10DED3E:t1, leader=null, voted=0d210486-d547-40fe-b644-a4a516df2759, raftlog=Memoized:2eaf327d-c8aa-4b69-9e65-db94832273b8@group-8B1BF10DED3E-SegmentedRaftLog:OPENED:c-1, conf=-1: peers:[fe29ea50-ce7d-4d67-99db-5363b98f75df|rpc:10.1.0.239:15129|admin:10.1.0.239:15128|client:10.1.0.239:15127|dataStream:10.1.0.239:15130|priority:0|startupRole:FOLLOWER, 0d210486-d547-40fe-b644-a4a516df2759|rpc:10.1.0.239:15120|admin:10.1.0.239:15119|client:10.1.0.239:15118|dataStream:10.1.0.239:15121|priority:1|startupRole:FOLLOWER, 2eaf327d-c8aa-4b69-9e65-db94832273b8|rpc:10.1.0.239:15138|admin:10.1.0.239:15137|client:10.1.0.239:15136|dataStream:10.1.0.239:15139|priority:0|startupRole:FOLLOWER]|listeners:[], old=null
2023-08-29 18:55:20,751 [0d210486-d547-40fe-b644-a4a516df2759@group-8B1BF10DED3E-LeaderElection21] INFO  impl.LeaderElection (LeaderElection.java:logAndReturn(90)) - 0d210486-d547-40fe-b644-a4a516df2759@group-8B1BF10DED3E-LeaderElection21: ELECTION PASSED received 1 response(s) and 0 exception(s):
2023-08-29 18:55:20,751 [0d210486-d547-40fe-b644-a4a516df2759@group-F767498352D0-FollowerState] INFO  impl.FollowerState (FollowerState.java:run(143)) - 0d210486-d547-40fe-b644-a4a516df2759@group-F767498352D0-FollowerState: change to CANDIDATE, lastRpcElapsedTime:5102810960ns, electionTimeout:5099ms
2023-08-29 18:55:20,751 [0d210486-d547-40fe-b644-a4a516df2759@group-8B1BF10DED3E-LeaderElection21] INFO  impl.LeaderElection (LeaderElection.java:logAndReturn(94)) -   Response 0: 0d210486-d547-40fe-b644-a4a516df2759<-2eaf327d-c8aa-4b69-9e65-db94832273b8#0:OK-t1
2023-08-29 18:55:20,751 [0d210486-d547-40fe-b644-a4a516df2759@group-8B1BF10DED3E-LeaderElection21] INFO  impl.LeaderElection (LeaderElection.java:askForVotes(323)) - 0d210486-d547-40fe-b644-a4a516df2759@group-8B1BF10DED3E-LeaderElection21 ELECTION round 0: result PASSED
2023-08-29 18:55:20,751 [0d210486-d547-40fe-b644-a4a516df2759@group-F767498352D0-FollowerState] INFO  impl.RoleInfo (RoleInfo.java:shutdownFollowerState(110)) - 0d210486-d547-40fe-b644-a4a516df2759: shutdown 0d210486-d547-40fe-b644-a4a516df2759@group-F767498352D0-FollowerState
2023-08-29 18:55:20,751 [0d210486-d547-40fe-b644-a4a516df2759@group-8B1BF10DED3E-LeaderElection21] INFO  impl.RoleInfo (RoleInfo.java:shutdownLeaderElection(130)) - 0d210486-d547-40fe-b644-a4a516df2759: shutdown 0d210486-d547-40fe-b644-a4a516df2759@group-8B1BF10DED3E-LeaderElection21
2023-08-29 18:55:20,751 [0d210486-d547-40fe-b644-a4a516df2759@group-F767498352D0-FollowerState] INFO  server.RaftServer$Division (RaftServerImpl.java:setRole(329)) - 0d210486-d547-40fe-b644-a4a516df2759@group-F767498352D0: changes role from  FOLLOWER to CANDIDATE at term 0 for changeToCandidate
2023-08-29 18:55:20,751 [0d210486-d547-40fe-b644-a4a516df2759@group-8B1BF10DED3E-LeaderElection21] INFO  server.RaftServer$Division (RaftServerImpl.java:setRole(329)) - 0d210486-d547-40fe-b644-a4a516df2759@group-8B1BF10DED3E: changes role from CANDIDATE to LEADER at term 1 for changeToLeader
2023-08-29 18:55:20,751 [0d210486-d547-40fe-b644-a4a516df2759@group-8B1BF10DED3E-LeaderElection21] INFO  ratis.XceiverServerRatis (XceiverServerRatis.java:handleLeaderChangedNotification(902)) - Leader change notification received for group: group-8B1BF10DED3E with new leaderId: 0d210486-d547-40fe-b644-a4a516df2759
2023-08-29 18:55:20,751 [0d210486-d547-40fe-b644-a4a516df2759@group-8B1BF10DED3E-LeaderElection21] INFO  server.RaftServer$Division (ServerState.java:setLeader(317)) - 0d210486-d547-40fe-b644-a4a516df2759@group-8B1BF10DED3E: change Leader from null to 0d210486-d547-40fe-b644-a4a516df2759 at term 1 for becomeLeader, leader elected after 5097ms
2023-08-29 18:55:20,752 [0d210486-d547-40fe-b644-a4a516df2759@group-8B1BF10DED3E-LeaderElection21] INFO  server.RaftServerConfigKeys (ConfUtils.java:logGet(46)) - raft.server.staging.catchup.gap = 1000 (default)
2023-08-29 18:55:20,752 [0d210486-d547-40fe-b644-a4a516df2759@group-8B1BF10DED3E-LeaderElection21] INFO  server.RaftServerConfigKeys (ConfUtils.java:logGet(46)) - raft.server.write.element-limit = 1024 (custom)
2023-08-29 18:55:20,752 [0d210486-d547-40fe-b644-a4a516df2759@group-8B1BF10DED3E-LeaderElection21] INFO  server.RaftServerConfigKeys (ConfUtils.java:logGet(46)) - raft.server.write.byte-limit = 1024 M (=1073741824) (custom)
2023-08-29 18:55:20,752 [0d210486-d547-40fe-b644-a4a516df2759@group-8B1BF10DED3E-LeaderElection21] INFO  server.RaftServerConfigKeys (ConfUtils.java:logGet(46)) - raft.server.watch.timeout = 180s (custom)
2023-08-29 18:55:20,752 [0d210486-d547-40fe-b644-a4a516df2759@group-8B1BF10DED3E-LeaderElection21] INFO  server.RaftServerConfigKeys (ConfUtils.java:logGet(46)) - raft.server.watch.timeout.denomination = 1s (default)
2023-08-29 18:55:20,752 [0d210486-d547-40fe-b644-a4a516df2759@group-8B1BF10DED3E-LeaderElection21] INFO  server.RaftServerConfigKeys (ConfUtils.java:logGet(46)) - raft.server.watch.element-limit = 65536 (default)
2023-08-29 18:55:20,752 [0d210486-d547-40fe-b644-a4a516df2759@group-8B1BF10DED3E-LeaderElection21] INFO  server.RaftServerConfigKeys (ConfUtils.java:logGet(46)) - raft.server.write.element-limit = 1024 (custom)
2023-08-29 18:55:20,752 [0d210486-d547-40fe-b644-a4a516df2759@group-8B1BF10DED3E-LeaderElection21] INFO  server.RaftServerConfigKeys (ConfUtils.java:logGet(46)) - raft.server.write.follower.gap.ratio.max = -1.0 (default)
2023-08-29 18:55:20,752 [0d210486-d547-40fe-b644-a4a516df2759@group-8B1BF10DED3E-LeaderElection21] INFO  server.RaftServerConfigKeys (ConfUtils.java:logGet(46)) - raft.server.log.appender.snapshot.chunk.size.max = 16MB (=16777216) (default)
2023-08-29 18:55:20,753 [0d210486-d547-40fe-b644-a4a516df2759@group-8B1BF10DED3E-LeaderElection21] INFO  server.RaftServerConfigKeys (ConfUtils.java:logGet(46)) - raft.server.log.appender.buffer.byte-limit = 33554432 (custom)
2023-08-29 18:55:20,753 [0d210486-d547-40fe-b644-a4a516df2759@group-8B1BF10DED3E-LeaderElection21] INFO  server.RaftServerConfigKeys (ConfUtils.java:logGet(46)) - raft.server.log.appender.buffer.element-limit = 1 (custom)
2023-08-29 18:55:20,753 [0d210486-d547-40fe-b644-a4a516df2759@group-8B1BF10DED3E-LeaderElection21] INFO  server.RaftServerConfigKeys (ConfUtils.java:logGet(46)) - raft.server.log.appender.wait-time.min = 10ms (default)
2023-08-29 18:55:20,753 [0d210486-d547-40fe-b644-a4a516df2759@group-8B1BF10DED3E-LeaderElection21] INFO  grpc.GrpcConfigKeys (ConfUtils.java:logGet(46)) - raft.grpc.server.leader.outstanding.appends.max = 128 (default)
2023-08-29 18:55:20,753 [0d210486-d547-40fe-b644-a4a516df2759@group-8B1BF10DED3E-LeaderElection21] INFO  server.RaftServerConfigKeys (ConfUtils.java:logGet(46)) - raft.server.rpc.request.timeout = 60s (custom)
2023-08-29 18:55:20,753 [0d210486-d547-40fe-b644-a4a516df2759@group-8B1BF10DED3E-LeaderElection21] INFO  grpc.GrpcConfigKeys (ConfUtils.java:logGet(46)) - raft.grpc.server.install_snapshot.request.element-limit = 8 (default)
2023-08-29 18:55:20,753 [0d210486-d547-40fe-b644-a4a516df2759@group-8B1BF10DED3E-LeaderElection21] INFO  grpc.GrpcConfigKeys (ConfUtils.java:logGet(46)) - raft.grpc.server.install_snapshot.request.timeout = 3000ms (default)
2023-08-29 18:55:20,753 [0d210486-d547-40fe-b644-a4a516df2759@group-8B1BF10DED3E-LeaderElection21] INFO  server.RaftServerConfigKeys (ConfUtils.java:logGet(46)) - raft.server.log.appender.install.snapshot.enabled = false (custom)
2023-08-29 18:55:20,753 [0d210486-d547-40fe-b644-a4a516df2759@group-8B1BF10DED3E-LeaderElection21] INFO  grpc.GrpcConfigKeys (ConfUtils.java:logGet(46)) - raft.grpc.server.heartbeat.channel = true (default)
2023-08-29 18:55:20,751 [0d210486-d547-40fe-b644-a4a516df2759@group-F767498352D0-FollowerState] INFO  server.RaftServerConfigKeys (ConfUtils.java:logGet(46)) - raft.server.leaderelection.pre-vote = true (default)
2023-08-29 18:55:20,754 [0d210486-d547-40fe-b644-a4a516df2759@group-F767498352D0-FollowerState] INFO  impl.RoleInfo (RoleInfo.java:updateAndGet(139)) - 0d210486-d547-40fe-b644-a4a516df2759: start 0d210486-d547-40fe-b644-a4a516df2759@group-F767498352D0-LeaderElection22
2023-08-29 18:55:20,754 [grpc-default-executor-7] INFO  server.RaftServer$Division (RaftServerImpl.java:requestVote(1302)) - fe29ea50-ce7d-4d67-99db-5363b98f75df@group-8B1BF10DED3E: receive requestVote(ELECTION, 0d210486-d547-40fe-b644-a4a516df2759, group-8B1BF10DED3E, 1, (t:0, i:0))
2023-08-29 18:55:20,756 [0d210486-d547-40fe-b644-a4a516df2759@group-8B1BF10DED3E-LeaderElection21] INFO  server.RaftServerConfigKeys (ConfUtils.java:logGet(46)) - raft.server.log.appender.snapshot.chunk.size.max = 16MB (=16777216) (default)
2023-08-29 18:55:20,756 [0d210486-d547-40fe-b644-a4a516df2759@group-8B1BF10DED3E-LeaderElection21] INFO  server.RaftServerConfigKeys (ConfUtils.java:logGet(46)) - raft.server.log.appender.buffer.byte-limit = 33554432 (custom)
2023-08-29 18:55:20,756 [0d210486-d547-40fe-b644-a4a516df2759@group-8B1BF10DED3E-LeaderElection21] INFO  server.RaftServerConfigKeys (ConfUtils.java:logGet(46)) - raft.server.log.appender.buffer.element-limit = 1 (custom)
2023-08-29 18:55:20,757 [0d210486-d547-40fe-b644-a4a516df2759@group-8B1BF10DED3E-LeaderElection21] INFO  server.RaftServerConfigKeys (ConfUtils.java:logGet(46)) - raft.server.log.appender.wait-time.min = 10ms (default)
2023-08-29 18:55:20,757 [0d210486-d547-40fe-b644-a4a516df2759@group-8B1BF10DED3E-LeaderElection21] INFO  grpc.GrpcConfigKeys (ConfUtils.java:logGet(46)) - raft.grpc.server.leader.outstanding.appends.max = 128 (default)
2023-08-29 18:55:20,757 [0d210486-d547-40fe-b644-a4a516df2759@group-8B1BF10DED3E-LeaderElection21] INFO  server.RaftServerConfigKeys (ConfUtils.java:logGet(46)) - raft.server.rpc.request.timeout = 60s (custom)
2023-08-29 18:55:20,757 [0d210486-d547-40fe-b644-a4a516df2759@group-8B1BF10DED3E-LeaderElection21] INFO  grpc.GrpcConfigKeys (ConfUtils.java:logGet(46)) - raft.grpc.server.install_snapshot.request.element-limit = 8 (default)
2023-08-29 18:55:20,757 [0d210486-d547-40fe-b644-a4a516df2759@group-8B1BF10DED3E-LeaderElection21] INFO  grpc.GrpcConfigKeys (ConfUtils.java:logGet(46)) - raft.grpc.server.install_snapshot.request.timeout = 3000ms (default)
2023-08-29 18:55:20,757 [0d210486-d547-40fe-b644-a4a516df2759@group-8B1BF10DED3E-LeaderElection21] INFO  server.RaftServerConfigKeys (ConfUtils.java:logGet(46)) - raft.server.log.appender.install.snapshot.enabled = false (custom)
2023-08-29 18:55:20,757 [0d210486-d547-40fe-b644-a4a516df2759@group-8B1BF10DED3E-LeaderElection21] INFO  grpc.GrpcConfigKeys (ConfUtils.java:logGet(46)) - raft.grpc.server.heartbeat.channel = true (default)
2023-08-29 18:55:20,757 [0d210486-d547-40fe-b644-a4a516df2759@group-8B1BF10DED3E-LeaderElection21] INFO  impl.RoleInfo (RoleInfo.java:updateAndGet(139)) - 0d210486-d547-40fe-b644-a4a516df2759: start 0d210486-d547-40fe-b644-a4a516df2759@group-8B1BF10DED3E-LeaderStateImpl
2023-08-29 18:55:20,757 [0d210486-d547-40fe-b644-a4a516df2759@group-8B1BF10DED3E-LeaderElection21] INFO  segmented.SegmentedRaftLogWorker (SegmentedRaftLogWorker.java:startLogSegment(447)) - 0d210486-d547-40fe-b644-a4a516df2759@group-8B1BF10DED3E-SegmentedRaftLogWorker: Starting segment from index:0
2023-08-29 18:55:20,759 [EventQueue-PipelineReportForPipelineReportHandler] INFO  pipeline.PipelineReportHandler (PipelineReportHandler.java:processPipelineReport(136)) - Opened pipeline PipelineID=5057b0a3-415b-4b82-83f1-8b1bf10ded3e
2023-08-29 18:55:20,759 [EventQueue-OpenPipelineForHealthyPipelineSafeModeRule] INFO  safemode.SCMSafeModeManager (HealthyPipelineSafeModeRule.java:process(137)) - SCM in safe mode. Healthy pipelines reported count is 0, required healthy pipeline reported count is 1
2023-08-29 18:55:20,759 [EventQueue-OpenPipelineForHealthyPipelineSafeModeRule] INFO  safemode.SCMSafeModeManager (HealthyPipelineSafeModeRule.java:process(137)) - SCM in safe mode. Healthy pipelines reported count is 1, required healthy pipeline reported count is 1
2023-08-29 18:55:20,759 [EventQueue-OpenPipelineForHealthyPipelineSafeModeRule] INFO  safemode.SCMSafeModeManager (SCMSafeModeManager.java:validateSafeModeExitRules(200)) - HealthyPipelineSafeModeRule rule is successfully validated
2023-08-29 18:55:20,759 [EventQueue-OpenPipelineForHealthyPipelineSafeModeRule] INFO  safemode.SCMSafeModeManager (SCMSafeModeManager.java:validateSafeModeExitRules(215)) - ScmSafeModeManager, all rules are successfully validated
2023-08-29 18:55:20,759 [EventQueue-OpenPipelineForHealthyPipelineSafeModeRule] INFO  safemode.SCMSafeModeManager (SCMSafeModeManager.java:exitSafeMode(244)) - SCM exiting safe mode.
2023-08-29 18:55:20,759 [EventQueue-OpenPipelineForHealthyPipelineSafeModeRule] INFO  ha.SCMContext (SCMContext.java:updateSafeModeStatus(228)) - Update SafeModeStatus from SafeModeStatus{safeModeStatus=true, preCheckPassed=true} to SafeModeStatus{safeModeStatus=false, preCheckPassed=true}.
2023-08-29 18:55:20,759 [EventQueue-OpenPipelineForHealthyPipelineSafeModeRule] INFO  pipeline.BackgroundPipelineCreator (BackgroundPipelineCreator.java:notifyStatusChanged(255)) - Service BackgroundPipelineCreator transitions to RUNNING.
2023-08-29 18:55:20,760 [EventQueue-OpenPipelineForHealthyPipelineSafeModeRule] INFO  BackgroundPipelineScrubber (BackgroundSCMService.java:notifyStatusChanged(82)) - Service BackgroundPipelineScrubber transitions to RUNNING.
2023-08-29 18:55:20,760 [EventQueue-OpenPipelineForHealthyPipelineSafeModeRule] INFO  ExpiredContainerReplicaOpScrubber (BackgroundSCMService.java:notifyStatusChanged(82)) - Service ExpiredContainerReplicaOpScrubber transitions to RUNNING.
2023-08-29 18:55:20,760 [EventQueue-OpenPipelineForHealthyPipelineSafeModeRule] INFO  replication.ReplicationManager (ReplicationManager.java:notifyStatusChanged(1370)) - Service ReplicationManager transitions to RUNNING.
2023-08-29 18:55:20,760 [EventQueue-OpenPipelineForHealthyPipelineSafeModeRule] WARN  balancer.ContainerBalancer (ContainerBalancer.java:shouldRun(134)) - Could not find persisted configuration for ContainerBalancer when checking if ContainerBalancer should run. ContainerBalancer should not run now.
2023-08-29 18:55:20,760 [0d210486-d547-40fe-b644-a4a516df2759@group-8B1BF10DED3E-SegmentedRaftLogWorker] INFO  segmented.SegmentedRaftLogWorker (SegmentedRaftLogWorker.java:execute(651)) - 0d210486-d547-40fe-b644-a4a516df2759@group-8B1BF10DED3E-SegmentedRaftLogWorker: created new log segment /home/runner/work/ozone/ozone/hadoop-ozone/integration-test/target/test-dir/MiniOzoneClusterImpl-e121caef-2a4e-4b75-96a0-c968b96a6505/datanode-0/data/ratis/5057b0a3-415b-4b82-83f1-8b1bf10ded3e/current/log_inprogress_0
2023-08-29 18:55:20,770 [grpc-default-executor-7] INFO  impl.VoteContext (VoteContext.java:log(49)) - fe29ea50-ce7d-4d67-99db-5363b98f75df@group-8B1BF10DED3E-FOLLOWER: accept ELECTION from 0d210486-d547-40fe-b644-a4a516df2759: our priority 0 <= candidate's priority 1
2023-08-29 18:55:20,771 [grpc-default-executor-7] INFO  server.RaftServer$Division (RaftServerImpl.java:setRole(329)) - fe29ea50-ce7d-4d67-99db-5363b98f75df@group-8B1BF10DED3E: changes role from  FOLLOWER to FOLLOWER at term 1 for candidate:0d210486-d547-40fe-b644-a4a516df2759
2023-08-29 18:55:20,771 [grpc-default-executor-7] INFO  impl.RoleInfo (RoleInfo.java:shutdownFollowerState(110)) - fe29ea50-ce7d-4d67-99db-5363b98f75df: shutdown fe29ea50-ce7d-4d67-99db-5363b98f75df@group-8B1BF10DED3E-FollowerState
2023-08-29 18:55:20,771 [grpc-default-executor-7] INFO  impl.RoleInfo (RoleInfo.java:updateAndGet(139)) - fe29ea50-ce7d-4d67-99db-5363b98f75df: start fe29ea50-ce7d-4d67-99db-5363b98f75df@group-8B1BF10DED3E-FollowerState
2023-08-29 18:55:20,771 [fe29ea50-ce7d-4d67-99db-5363b98f75df@group-8B1BF10DED3E-FollowerState] INFO  impl.FollowerState (FollowerState.java:run(152)) - fe29ea50-ce7d-4d67-99db-5363b98f75df@group-8B1BF10DED3E-FollowerState was interrupted
2023-08-29 18:55:20,771 [0d210486-d547-40fe-b644-a4a516df2759@group-F767498352D0-LeaderElection22] INFO  impl.LeaderElection (LeaderElection.java:askForVotes(321)) - 0d210486-d547-40fe-b644-a4a516df2759@group-F767498352D0-LeaderElection22 PRE_VOTE round 0: submit vote requests at term 0 for -1: peers:[0d210486-d547-40fe-b644-a4a516df2759|rpc:10.1.0.239:15120|admin:10.1.0.239:15119|client:10.1.0.239:15118|dataStream:10.1.0.239:15121|priority:1|startupRole:FOLLOWER]|listeners:[], old=null
2023-08-29 18:55:20,771 [0d210486-d547-40fe-b644-a4a516df2759@group-F767498352D0-LeaderElection22] INFO  impl.LeaderElection (LeaderElection.java:askForVotes(323)) - 0d210486-d547-40fe-b644-a4a516df2759@group-F767498352D0-LeaderElection22 PRE_VOTE round 0: result PASSED (term=0)
2023-08-29 18:55:20,771 [0d210486-d547-40fe-b644-a4a516df2759@group-8B1BF10DED3E-LeaderElection21] INFO  server.RaftServer$Division (ServerState.java:setRaftConf(434)) - 0d210486-d547-40fe-b644-a4a516df2759@group-8B1BF10DED3E: set configuration 0: peers:[fe29ea50-ce7d-4d67-99db-5363b98f75df|rpc:10.1.0.239:15129|admin:10.1.0.239:15128|client:10.1.0.239:15127|dataStream:10.1.0.239:15130|priority:0|startupRole:FOLLOWER, 0d210486-d547-40fe-b644-a4a516df2759|rpc:10.1.0.239:15120|admin:10.1.0.239:15119|client:10.1.0.239:15118|dataStream:10.1.0.239:15121|priority:1|startupRole:FOLLOWER, 2eaf327d-c8aa-4b69-9e65-db94832273b8|rpc:10.1.0.239:15138|admin:10.1.0.239:15137|client:10.1.0.239:15136|dataStream:10.1.0.239:15139|priority:0|startupRole:FOLLOWER]|listeners:[], old=null
2023-08-29 18:55:20,773 [0d210486-d547-40fe-b644-a4a516df2759@group-F767498352D0-LeaderElection22] INFO  impl.LeaderElection (LeaderElection.java:askForVotes(321)) - 0d210486-d547-40fe-b644-a4a516df2759@group-F767498352D0-LeaderElection22 ELECTION round 0: submit vote requests at term 1 for -1: peers:[0d210486-d547-40fe-b644-a4a516df2759|rpc:10.1.0.239:15120|admin:10.1.0.239:15119|client:10.1.0.239:15118|dataStream:10.1.0.239:15121|priority:1|startupRole:FOLLOWER]|listeners:[], old=null
2023-08-29 18:55:20,774 [0d210486-d547-40fe-b644-a4a516df2759@group-F767498352D0-LeaderElection22] INFO  impl.LeaderElection (LeaderElection.java:askForVotes(323)) - 0d210486-d547-40fe-b644-a4a516df2759@group-F767498352D0-LeaderElection22 ELECTION round 0: result PASSED (term=1)
2023-08-29 18:55:20,774 [0d210486-d547-40fe-b644-a4a516df2759@group-F767498352D0-LeaderElection22] INFO  impl.RoleInfo (RoleInfo.java:shutdownLeaderElection(130)) - 0d210486-d547-40fe-b644-a4a516df2759: shutdown 0d210486-d547-40fe-b644-a4a516df2759@group-F767498352D0-LeaderElection22
2023-08-29 18:55:20,774 [0d210486-d547-40fe-b644-a4a516df2759@group-F767498352D0-LeaderElection22] INFO  server.RaftServer$Division (RaftServerImpl.java:setRole(329)) - 0d210486-d547-40fe-b644-a4a516df2759@group-F767498352D0: changes role from CANDIDATE to LEADER at term 1 for changeToLeader
2023-08-29 18:55:20,774 [0d210486-d547-40fe-b644-a4a516df2759@group-F767498352D0-LeaderElection22] INFO  ratis.XceiverServerRatis (XceiverServerRatis.java:handleLeaderChangedNotification(902)) - Leader change notification received for group: group-F767498352D0 with new leaderId: 0d210486-d547-40fe-b644-a4a516df2759
2023-08-29 18:55:20,774 [0d210486-d547-40fe-b644-a4a516df2759@group-F767498352D0-LeaderElection22] INFO  server.RaftServer$Division (ServerState.java:setLeader(317)) - 0d210486-d547-40fe-b644-a4a516df2759@group-F767498352D0: change Leader from null to 0d210486-d547-40fe-b644-a4a516df2759 at term 1 for becomeLeader, leader elected after 5144ms
2023-08-29 18:55:20,774 [0d210486-d547-40fe-b644-a4a516df2759@group-F767498352D0-LeaderElection22] INFO  server.RaftServerConfigKeys (ConfUtils.java:logGet(46)) - raft.server.staging.catchup.gap = 1000 (default)
2023-08-29 18:55:20,774 [0d210486-d547-40fe-b644-a4a516df2759@group-F767498352D0-LeaderElection22] INFO  server.RaftServerConfigKeys (ConfUtils.java:logGet(46)) - raft.server.write.element-limit = 1024 (custom)
2023-08-29 18:55:20,774 [0d210486-d547-40fe-b644-a4a516df2759@group-F767498352D0-LeaderElection22] INFO  server.RaftServerConfigKeys (ConfUtils.java:logGet(46)) - raft.server.write.byte-limit = 1024 M (=1073741824) (custom)
2023-08-29 18:55:20,774 [0d210486-d547-40fe-b644-a4a516df2759@group-F767498352D0-LeaderElection22] INFO  server.RaftServerConfigKeys (ConfUtils.java:logGet(46)) - raft.server.watch.timeout = 180s (custom)
2023-08-29 18:55:20,774 [0d210486-d547-40fe-b644-a4a516df2759@group-F767498352D0-LeaderElection22] INFO  server.RaftServerConfigKeys (ConfUtils.java:logGet(46)) - raft.server.watch.timeout.denomination = 1s (default)
2023-08-29 18:55:20,774 [0d210486-d547-40fe-b644-a4a516df2759@group-F767498352D0-LeaderElection22] INFO  server.RaftServerConfigKeys (ConfUtils.java:logGet(46)) - raft.server.watch.element-limit = 65536 (default)
2023-08-29 18:55:20,774 [0d210486-d547-40fe-b644-a4a516df2759@group-F767498352D0-LeaderElection22] INFO  server.RaftServerConfigKeys (ConfUtils.java:logGet(46)) - raft.server.write.element-limit = 1024 (custom)
2023-08-29 18:55:20,774 [0d210486-d547-40fe-b644-a4a516df2759@group-F767498352D0-LeaderElection22] INFO  server.RaftServerConfigKeys (ConfUtils.java:logGet(46)) - raft.server.write.follower.gap.ratio.max = -1.0 (default)
2023-08-29 18:55:20,774 [0d210486-d547-40fe-b644-a4a516df2759@group-F767498352D0-LeaderElection22] INFO  impl.RoleInfo (RoleInfo.java:updateAndGet(139)) - 0d210486-d547-40fe-b644-a4a516df2759: start 0d210486-d547-40fe-b644-a4a516df2759@group-F767498352D0-LeaderStateImpl
2023-08-29 18:55:20,775 [0d210486-d547-40fe-b644-a4a516df2759@group-F767498352D0-LeaderElection22] INFO  segmented.SegmentedRaftLogWorker (SegmentedRaftLogWorker.java:startLogSegment(447)) - 0d210486-d547-40fe-b644-a4a516df2759@group-F767498352D0-SegmentedRaftLogWorker: Starting segment from index:0
2023-08-29 18:55:20,785 [0d210486-d547-40fe-b644-a4a516df2759@group-F767498352D0-LeaderElection22] INFO  server.RaftServer$Division (ServerState.java:setRaftConf(434)) - 0d210486-d547-40fe-b644-a4a516df2759@group-F767498352D0: set configuration 0: peers:[0d210486-d547-40fe-b644-a4a516df2759|rpc:10.1.0.239:15120|admin:10.1.0.239:15119|client:10.1.0.239:15118|dataStream:10.1.0.239:15121|priority:1|startupRole:FOLLOWER]|listeners:[], old=null
2023-08-29 18:55:20,785 [grpc-default-executor-7] INFO  server.RaftServer$Division (RaftServerImpl.java:requestVote(1335)) - fe29ea50-ce7d-4d67-99db-5363b98f75df@group-8B1BF10DED3E replies to ELECTION vote request: 0d210486-d547-40fe-b644-a4a516df2759<-fe29ea50-ce7d-4d67-99db-5363b98f75df#0:OK-t1. Peer's state: fe29ea50-ce7d-4d67-99db-5363b98f75df@group-8B1BF10DED3E:t1, leader=null, voted=0d210486-d547-40fe-b644-a4a516df2759, raftlog=Memoized:fe29ea50-ce7d-4d67-99db-5363b98f75df@group-8B1BF10DED3E-SegmentedRaftLog:OPENED:c-1, conf=-1: peers:[fe29ea50-ce7d-4d67-99db-5363b98f75df|rpc:10.1.0.239:15129|admin:10.1.0.239:15128|client:10.1.0.239:15127|dataStream:10.1.0.239:15130|priority:0|startupRole:FOLLOWER, 0d210486-d547-40fe-b644-a4a516df2759|rpc:10.1.0.239:15120|admin:10.1.0.239:15119|client:10.1.0.239:15118|dataStream:10.1.0.239:15121|priority:1|startupRole:FOLLOWER, 2eaf327d-c8aa-4b69-9e65-db94832273b8|rpc:10.1.0.239:15138|admin:10.1.0.239:15137|client:10.1.0.239:15136|dataStream:10.1.0.239:15139|priority:0|startupRole:FOLLOWER]|listeners:[], old=null
2023-08-29 18:55:20,786 [0d210486-d547-40fe-b644-a4a516df2759@group-F767498352D0-SegmentedRaftLogWorker] INFO  segmented.SegmentedRaftLogWorker (SegmentedRaftLogWorker.java:execute(651)) - 0d210486-d547-40fe-b644-a4a516df2759@group-F767498352D0-SegmentedRaftLogWorker: created new log segment /home/runner/work/ozone/ozone/hadoop-ozone/integration-test/target/test-dir/MiniOzoneClusterImpl-e121caef-2a4e-4b75-96a0-c968b96a6505/datanode-0/data/ratis/3c52329a-67b6-4560-b9bb-f767498352d0/current/log_inprogress_0
2023-08-29 18:55:20,793 [0d210486-d547-40fe-b644-a4a516df2759@group-3B31C3308912-FollowerState] INFO  impl.FollowerState (FollowerState.java:run(143)) - 0d210486-d547-40fe-b644-a4a516df2759@group-3B31C3308912-FollowerState: change to CANDIDATE, lastRpcElapsedTime:5010972542ns, electionTimeout:5007ms
2023-08-29 18:55:20,793 [0d210486-d547-40fe-b644-a4a516df2759@group-3B31C3308912-FollowerState] INFO  impl.RoleInfo (RoleInfo.java:shutdownFollowerState(110)) - 0d210486-d547-40fe-b644-a4a516df2759: shutdown 0d210486-d547-40fe-b644-a4a516df2759@group-3B31C3308912-FollowerState
2023-08-29 18:55:20,793 [0d210486-d547-40fe-b644-a4a516df2759@group-3B31C3308912-FollowerState] INFO  server.RaftServer$Division (RaftServerImpl.java:setRole(329)) - 0d210486-d547-40fe-b644-a4a516df2759@group-3B31C3308912: changes role from  FOLLOWER to CANDIDATE at term 0 for changeToCandidate
2023-08-29 18:55:20,793 [0d210486-d547-40fe-b644-a4a516df2759@group-3B31C3308912-FollowerState] INFO  server.RaftServerConfigKeys (ConfUtils.java:logGet(46)) - raft.server.leaderelection.pre-vote = true (default)
2023-08-29 18:55:20,793 [0d210486-d547-40fe-b644-a4a516df2759@group-3B31C3308912-FollowerState] INFO  impl.RoleInfo (RoleInfo.java:updateAndGet(139)) - 0d210486-d547-40fe-b644-a4a516df2759: start 0d210486-d547-40fe-b644-a4a516df2759@group-3B31C3308912-LeaderElection23
2023-08-29 18:55:20,801 [0d210486-d547-40fe-b644-a4a516df2759@group-3B31C3308912-LeaderElection23] INFO  impl.LeaderElection (LeaderElection.java:askForVotes(321)) - 0d210486-d547-40fe-b644-a4a516df2759@group-3B31C3308912-LeaderElection23 PRE_VOTE round 0: submit vote requests at term 0 for -1: peers:[fe29ea50-ce7d-4d67-99db-5363b98f75df|rpc:10.1.0.239:15129|admin:10.1.0.239:15128|client:10.1.0.239:15127|dataStream:10.1.0.239:15130|priority:0|startupRole:FOLLOWER, 2eaf327d-c8aa-4b69-9e65-db94832273b8|rpc:10.1.0.239:15138|admin:10.1.0.239:15137|client:10.1.0.239:15136|dataStream:10.1.0.239:15139|priority:1|startupRole:FOLLOWER, 0d210486-d547-40fe-b644-a4a516df2759|rpc:10.1.0.239:15120|admin:10.1.0.239:15119|client:10.1.0.239:15118|dataStream:10.1.0.239:15121|priority:0|startupRole:FOLLOWER]|listeners:[], old=null
2023-08-29 18:55:20,801 [2eaf327d-c8aa-4b69-9e65-db94832273b8-server-thread2] INFO  ratis.XceiverServerRatis (XceiverServerRatis.java:handleLeaderChangedNotification(902)) - Leader change notification received for group: group-8B1BF10DED3E with new leaderId: 0d210486-d547-40fe-b644-a4a516df2759
2023-08-29 18:55:20,801 [2eaf327d-c8aa-4b69-9e65-db94832273b8-server-thread2] INFO  server.RaftServer$Division (ServerState.java:setLeader(317)) - 2eaf327d-c8aa-4b69-9e65-db94832273b8@group-8B1BF10DED3E: change Leader from null to 0d210486-d547-40fe-b644-a4a516df2759 at term 1 for appendEntries, leader elected after 5106ms
2023-08-29 18:55:20,803 [fe29ea50-ce7d-4d67-99db-5363b98f75df-server-thread1] INFO  ratis.XceiverServerRatis (XceiverServerRatis.java:handleLeaderChangedNotification(902)) - Leader change notification received for group: group-8B1BF10DED3E with new leaderId: 0d210486-d547-40fe-b644-a4a516df2759
2023-08-29 18:55:20,803 [fe29ea50-ce7d-4d67-99db-5363b98f75df-server-thread1] INFO  server.RaftServer$Division (ServerState.java:setLeader(317)) - fe29ea50-ce7d-4d67-99db-5363b98f75df@group-8B1BF10DED3E: change Leader from null to 0d210486-d547-40fe-b644-a4a516df2759 at term 1 for appendEntries, leader elected after 5063ms
2023-08-29 18:55:20,804 [2eaf327d-c8aa-4b69-9e65-db94832273b8-server-thread1] INFO  server.RaftServer$Division (ServerState.java:setRaftConf(434)) - 2eaf327d-c8aa-4b69-9e65-db94832273b8@group-8B1BF10DED3E: set configuration 0: peers:[fe29ea50-ce7d-4d67-99db-5363b98f75df|rpc:10.1.0.239:15129|admin:10.1.0.239:15128|client:10.1.0.239:15127|dataStream:10.1.0.239:15130|priority:0|startupRole:FOLLOWER, 0d210486-d547-40fe-b644-a4a516df2759|rpc:10.1.0.239:15120|admin:10.1.0.239:15119|client:10.1.0.239:15118|dataStream:10.1.0.239:15121|priority:1|startupRole:FOLLOWER, 2eaf327d-c8aa-4b69-9e65-db94832273b8|rpc:10.1.0.239:15138|admin:10.1.0.239:15137|client:10.1.0.239:15136|dataStream:10.1.0.239:15139|priority:0|startupRole:FOLLOWER]|listeners:[], old=null
2023-08-29 18:55:20,804 [2eaf327d-c8aa-4b69-9e65-db94832273b8-server-thread1] INFO  segmented.SegmentedRaftLogWorker (SegmentedRaftLogWorker.java:startLogSegment(447)) - 2eaf327d-c8aa-4b69-9e65-db94832273b8@group-8B1BF10DED3E-SegmentedRaftLogWorker: Starting segment from index:0
2023-08-29 18:55:20,805 [fe29ea50-ce7d-4d67-99db-5363b98f75df-server-thread2] INFO  server.RaftServer$Division (ServerState.java:setRaftConf(434)) - fe29ea50-ce7d-4d67-99db-5363b98f75df@group-8B1BF10DED3E: set configuration 0: peers:[fe29ea50-ce7d-4d67-99db-5363b98f75df|rpc:10.1.0.239:15129|admin:10.1.0.239:15128|client:10.1.0.239:15127|dataStream:10.1.0.239:15130|priority:0|startupRole:FOLLOWER, 0d210486-d547-40fe-b644-a4a516df2759|rpc:10.1.0.239:15120|admin:10.1.0.239:15119|client:10.1.0.239:15118|dataStream:10.1.0.239:15121|priority:1|startupRole:FOLLOWER, 2eaf327d-c8aa-4b69-9e65-db94832273b8|rpc:10.1.0.239:15138|admin:10.1.0.239:15137|client:10.1.0.239:15136|dataStream:10.1.0.239:15139|priority:0|startupRole:FOLLOWER]|listeners:[], old=null
2023-08-29 18:55:20,805 [fe29ea50-ce7d-4d67-99db-5363b98f75df-server-thread2] INFO  segmented.SegmentedRaftLogWorker (SegmentedRaftLogWorker.java:startLogSegment(447)) - fe29ea50-ce7d-4d67-99db-5363b98f75df@group-8B1BF10DED3E-SegmentedRaftLogWorker: Starting segment from index:0
2023-08-29 18:55:20,806 [2eaf327d-c8aa-4b69-9e65-db94832273b8@group-8B1BF10DED3E-SegmentedRaftLogWorker] INFO  segmented.SegmentedRaftLogWorker (SegmentedRaftLogWorker.java:execute(651)) - 2eaf327d-c8aa-4b69-9e65-db94832273b8@group-8B1BF10DED3E-SegmentedRaftLogWorker: created new log segment /home/runner/work/ozone/ozone/hadoop-ozone/integration-test/target/test-dir/MiniOzoneClusterImpl-e121caef-2a4e-4b75-96a0-c968b96a6505/datanode-2/data/ratis/5057b0a3-415b-4b82-83f1-8b1bf10ded3e/current/log_inprogress_0
2023-08-29 18:55:20,807 [fe29ea50-ce7d-4d67-99db-5363b98f75df@group-8B1BF10DED3E-SegmentedRaftLogWorker] INFO  segmented.SegmentedRaftLogWorker (SegmentedRaftLogWorker.java:execute(651)) - fe29ea50-ce7d-4d67-99db-5363b98f75df@group-8B1BF10DED3E-SegmentedRaftLogWorker: created new log segment /home/runner/work/ozone/ozone/hadoop-ozone/integration-test/target/test-dir/MiniOzoneClusterImpl-e121caef-2a4e-4b75-96a0-c968b96a6505/datanode-1/data/ratis/5057b0a3-415b-4b82-83f1-8b1bf10ded3e/current/log_inprogress_0
2023-08-29 18:55:20,812 [0d210486-d547-40fe-b644-a4a516df2759@group-3B31C3308912-LeaderElection23] INFO  server.RaftServerConfigKeys (ConfUtils.java:logFallback(53)) - raft.server.rpc.first-election.timeout.min = 5s (fallback to raft.server.rpc.timeout.min)
2023-08-29 18:55:20,812 [0d210486-d547-40fe-b644-a4a516df2759@group-3B31C3308912-LeaderElection23] INFO  server.RaftServerConfigKeys (ConfUtils.java:logFallback(53)) - raft.server.rpc.first-election.timeout.max = 5200ms (fallback to raft.server.rpc.timeout.max)
2023-08-29 18:55:20,813 [grpc-default-executor-3] INFO  server.RaftServer$Division (RaftServerImpl.java:requestVote(1302)) - fe29ea50-ce7d-4d67-99db-5363b98f75df@group-3B31C3308912: receive requestVote(PRE_VOTE, 0d210486-d547-40fe-b644-a4a516df2759, group-3B31C3308912, 0, (t:0, i:0))
2023-08-29 18:55:20,813 [grpc-default-executor-3] INFO  impl.VoteContext (VoteContext.java:log(49)) - fe29ea50-ce7d-4d67-99db-5363b98f75df@group-3B31C3308912-FOLLOWER: accept PRE_VOTE from 0d210486-d547-40fe-b644-a4a516df2759: our priority 0 <= candidate's priority 0
2023-08-29 18:55:20,813 [grpc-default-executor-3] INFO  server.RaftServer$Division (RaftServerImpl.java:requestVote(1335)) - fe29ea50-ce7d-4d67-99db-5363b98f75df@group-3B31C3308912 replies to PRE_VOTE vote request: 0d210486-d547-40fe-b644-a4a516df2759<-fe29ea50-ce7d-4d67-99db-5363b98f75df#0:OK-t0. Peer's state: fe29ea50-ce7d-4d67-99db-5363b98f75df@group-3B31C3308912:t0, leader=null, voted=, raftlog=Memoized:fe29ea50-ce7d-4d67-99db-5363b98f75df@group-3B31C3308912-SegmentedRaftLog:OPENED:c-1, conf=-1: peers:[fe29ea50-ce7d-4d67-99db-5363b98f75df|rpc:10.1.0.239:15129|admin:10.1.0.239:15128|client:10.1.0.239:15127|dataStream:10.1.0.239:15130|priority:0|startupRole:FOLLOWER, 2eaf327d-c8aa-4b69-9e65-db94832273b8|rpc:10.1.0.239:15138|admin:10.1.0.239:15137|client:10.1.0.239:15136|dataStream:10.1.0.239:15139|priority:1|startupRole:FOLLOWER, 0d210486-d547-40fe-b644-a4a516df2759|rpc:10.1.0.239:15120|admin:10.1.0.239:15119|client:10.1.0.239:15118|dataStream:10.1.0.239:15121|priority:0|startupRole:FOLLOWER]|listeners:[], old=null
2023-08-29 18:55:20,815 [grpc-default-executor-3] INFO  server.RaftServer$Division (RaftServerImpl.java:requestVote(1302)) - 2eaf327d-c8aa-4b69-9e65-db94832273b8@group-3B31C3308912: receive requestVote(PRE_VOTE, 0d210486-d547-40fe-b644-a4a516df2759, group-3B31C3308912, 0, (t:0, i:0))
2023-08-29 18:55:20,815 [grpc-default-executor-3] INFO  impl.VoteContext (VoteContext.java:log(49)) - 2eaf327d-c8aa-4b69-9e65-db94832273b8@group-3B31C3308912-FOLLOWER: reject PRE_VOTE from 0d210486-d547-40fe-b644-a4a516df2759: our priority 1 > candidate's priority 0
2023-08-29 18:55:20,815 [grpc-default-executor-3] INFO  server.RaftServer$Division (RaftServerImpl.java:requestVote(1335)) - 2eaf327d-c8aa-4b69-9e65-db94832273b8@group-3B31C3308912 replies to PRE_VOTE vote request: 0d210486-d547-40fe-b644-a4a516df2759<-2eaf327d-c8aa-4b69-9e65-db94832273b8#0:FAIL-t0. Peer's state: 2eaf327d-c8aa-4b69-9e65-db94832273b8@group-3B31C3308912:t0, leader=null, voted=, raftlog=Memoized:2eaf327d-c8aa-4b69-9e65-db94832273b8@group-3B31C3308912-SegmentedRaftLog:OPENED:c-1, conf=-1: peers:[fe29ea50-ce7d-4d67-99db-5363b98f75df|rpc:10.1.0.239:15129|admin:10.1.0.239:15128|client:10.1.0.239:15127|dataStream:10.1.0.239:15130|priority:0|startupRole:FOLLOWER, 2eaf327d-c8aa-4b69-9e65-db94832273b8|rpc:10.1.0.239:15138|admin:10.1.0.239:15137|client:10.1.0.239:15136|dataStream:10.1.0.239:15139|priority:1|startupRole:FOLLOWER, 0d210486-d547-40fe-b644-a4a516df2759|rpc:10.1.0.239:15120|admin:10.1.0.239:15119|client:10.1.0.239:15118|dataStream:10.1.0.239:15121|priority:0|startupRole:FOLLOWER]|listeners:[], old=null
2023-08-29 18:55:20,820 [0d210486-d547-40fe-b644-a4a516df2759@group-3B31C3308912-LeaderElection23] INFO  impl.LeaderElection (LeaderElection.java:logAndReturn(90)) - 0d210486-d547-40fe-b644-a4a516df2759@group-3B31C3308912-LeaderElection23: PRE_VOTE REJECTED received 2 response(s) and 0 exception(s):
2023-08-29 18:55:20,820 [0d210486-d547-40fe-b644-a4a516df2759@group-3B31C3308912-LeaderElection23] INFO  impl.LeaderElection (LeaderElection.java:logAndReturn(94)) -   Response 0: 0d210486-d547-40fe-b644-a4a516df2759<-fe29ea50-ce7d-4d67-99db-5363b98f75df#0:OK-t0
2023-08-29 18:55:20,820 [0d210486-d547-40fe-b644-a4a516df2759@group-3B31C3308912-LeaderElection23] INFO  impl.LeaderElection (LeaderElection.java:logAndReturn(94)) -   Response 1: 0d210486-d547-40fe-b644-a4a516df2759<-2eaf327d-c8aa-4b69-9e65-db94832273b8#0:FAIL-t0
2023-08-29 18:55:20,820 [0d210486-d547-40fe-b644-a4a516df2759@group-3B31C3308912-LeaderElection23] INFO  impl.LeaderElection (LeaderElection.java:askForVotes(323)) - 0d210486-d547-40fe-b644-a4a516df2759@group-3B31C3308912-LeaderElection23 PRE_VOTE round 0: result REJECTED
2023-08-29 18:55:20,820 [0d210486-d547-40fe-b644-a4a516df2759@group-3B31C3308912-LeaderElection23] INFO  server.RaftServer$Division (RaftServerImpl.java:setRole(329)) - 0d210486-d547-40fe-b644-a4a516df2759@group-3B31C3308912: changes role from CANDIDATE to FOLLOWER at term 0 for REJECTED
2023-08-29 18:55:20,820 [0d210486-d547-40fe-b644-a4a516df2759@group-3B31C3308912-LeaderElection23] INFO  impl.RoleInfo (RoleInfo.java:shutdownLeaderElection(130)) - 0d210486-d547-40fe-b644-a4a516df2759: shutdown 0d210486-d547-40fe-b644-a4a516df2759@group-3B31C3308912-LeaderElection23
2023-08-29 18:55:20,820 [0d210486-d547-40fe-b644-a4a516df2759@group-3B31C3308912-LeaderElection23] INFO  impl.RoleInfo (RoleInfo.java:updateAndGet(139)) - 0d210486-d547-40fe-b644-a4a516df2759: start 0d210486-d547-40fe-b644-a4a516df2759@group-3B31C3308912-FollowerState
2023-08-29 18:55:20,942 [2eaf327d-c8aa-4b69-9e65-db94832273b8@group-3B31C3308912-FollowerState] INFO  impl.FollowerState (FollowerState.java:run(143)) - 2eaf327d-c8aa-4b69-9e65-db94832273b8@group-3B31C3308912-FollowerState: change to CANDIDATE, lastRpcElapsedTime:5131997735ns, electionTimeout:5130ms
2023-08-29 18:55:20,942 [2eaf327d-c8aa-4b69-9e65-db94832273b8@group-3B31C3308912-FollowerState] INFO  impl.RoleInfo (RoleInfo.java:shutdownFollowerState(110)) - 2eaf327d-c8aa-4b69-9e65-db94832273b8: shutdown 2eaf327d-c8aa-4b69-9e65-db94832273b8@group-3B31C3308912-FollowerState
2023-08-29 18:55:20,942 [2eaf327d-c8aa-4b69-9e65-db94832273b8@group-3B31C3308912-FollowerState] INFO  server.RaftServer$Division (RaftServerImpl.java:setRole(329)) - 2eaf327d-c8aa-4b69-9e65-db94832273b8@group-3B31C3308912: changes role from  FOLLOWER to CANDIDATE at term 0 for changeToCandidate
2023-08-29 18:55:20,942 [2eaf327d-c8aa-4b69-9e65-db94832273b8@group-3B31C3308912-FollowerState] INFO  server.RaftServerConfigKeys (ConfUtils.java:logGet(46)) - raft.server.leaderelection.pre-vote = true (default)
2023-08-29 18:55:20,942 [2eaf327d-c8aa-4b69-9e65-db94832273b8@group-3B31C3308912-FollowerState] INFO  impl.RoleInfo (RoleInfo.java:updateAndGet(139)) - 2eaf327d-c8aa-4b69-9e65-db94832273b8: start 2eaf327d-c8aa-4b69-9e65-db94832273b8@group-3B31C3308912-LeaderElection24
2023-08-29 18:55:20,945 [2eaf327d-c8aa-4b69-9e65-db94832273b8@group-3B31C3308912-LeaderElection24] INFO  impl.LeaderElection (LeaderElection.java:askForVotes(321)) - 2eaf327d-c8aa-4b69-9e65-db94832273b8@group-3B31C3308912-LeaderElection24 PRE_VOTE round 0: submit vote requests at term 0 for -1: peers:[fe29ea50-ce7d-4d67-99db-5363b98f75df|rpc:10.1.0.239:15129|admin:10.1.0.239:15128|client:10.1.0.239:15127|dataStream:10.1.0.239:15130|priority:0|startupRole:FOLLOWER, 2eaf327d-c8aa-4b69-9e65-db94832273b8|rpc:10.1.0.239:15138|admin:10.1.0.239:15137|client:10.1.0.239:15136|dataStream:10.1.0.239:15139|priority:1|startupRole:FOLLOWER, 0d210486-d547-40fe-b644-a4a516df2759|rpc:10.1.0.239:15120|admin:10.1.0.239:15119|client:10.1.0.239:15118|dataStream:10.1.0.239:15121|priority:0|startupRole:FOLLOWER]|listeners:[], old=null
2023-08-29 18:55:20,946 [2eaf327d-c8aa-4b69-9e65-db94832273b8@group-3B31C3308912-LeaderElection24-1] INFO  server.GrpcServerProtocolClient (GrpcServerProtocolClient.java:<init>(65)) - Build channel for fe29ea50-ce7d-4d67-99db-5363b98f75df
2023-08-29 18:55:20,948 [2eaf327d-c8aa-4b69-9e65-db94832273b8@group-3B31C3308912-LeaderElection24] INFO  server.RaftServerConfigKeys (ConfUtils.java:logFallback(53)) - raft.server.rpc.first-election.timeout.min = 5s (fallback to raft.server.rpc.timeout.min)
2023-08-29 18:55:20,948 [2eaf327d-c8aa-4b69-9e65-db94832273b8@group-3B31C3308912-LeaderElection24] INFO  server.RaftServerConfigKeys (ConfUtils.java:logFallback(53)) - raft.server.rpc.first-election.timeout.max = 5200ms (fallback to raft.server.rpc.timeout.max)
2023-08-29 18:55:20,949 [2eaf327d-c8aa-4b69-9e65-db94832273b8@group-3B31C3308912-LeaderElection24-2] INFO  server.GrpcServerProtocolClient (GrpcServerProtocolClient.java:<init>(65)) - Build channel for 0d210486-d547-40fe-b644-a4a516df2759
2023-08-29 18:55:20,957 [grpc-default-executor-4] INFO  server.RaftServer$Division (RaftServerImpl.java:requestVote(1302)) - fe29ea50-ce7d-4d67-99db-5363b98f75df@group-3B31C3308912: receive requestVote(PRE_VOTE, 2eaf327d-c8aa-4b69-9e65-db94832273b8, group-3B31C3308912, 0, (t:0, i:0))
2023-08-29 18:55:20,958 [grpc-default-executor-4] INFO  impl.VoteContext (VoteContext.java:log(49)) - fe29ea50-ce7d-4d67-99db-5363b98f75df@group-3B31C3308912-FOLLOWER: accept PRE_VOTE from 2eaf327d-c8aa-4b69-9e65-db94832273b8: our priority 0 <= candidate's priority 1
2023-08-29 18:55:20,958 [grpc-default-executor-4] INFO  server.RaftServer$Division (RaftServerImpl.java:requestVote(1335)) - fe29ea50-ce7d-4d67-99db-5363b98f75df@group-3B31C3308912 replies to PRE_VOTE vote request: 2eaf327d-c8aa-4b69-9e65-db94832273b8<-fe29ea50-ce7d-4d67-99db-5363b98f75df#0:OK-t0. Peer's state: fe29ea50-ce7d-4d67-99db-5363b98f75df@group-3B31C3308912:t0, leader=null, voted=, raftlog=Memoized:fe29ea50-ce7d-4d67-99db-5363b98f75df@group-3B31C3308912-SegmentedRaftLog:OPENED:c-1, conf=-1: peers:[fe29ea50-ce7d-4d67-99db-5363b98f75df|rpc:10.1.0.239:15129|admin:10.1.0.239:15128|client:10.1.0.239:15127|dataStream:10.1.0.239:15130|priority:0|startupRole:FOLLOWER, 2eaf327d-c8aa-4b69-9e65-db94832273b8|rpc:10.1.0.239:15138|admin:10.1.0.239:15137|client:10.1.0.239:15136|dataStream:10.1.0.239:15139|priority:1|startupRole:FOLLOWER, 0d210486-d547-40fe-b644-a4a516df2759|rpc:10.1.0.239:15120|admin:10.1.0.239:15119|client:10.1.0.239:15118|dataStream:10.1.0.239:15121|priority:0|startupRole:FOLLOWER]|listeners:[], old=null
2023-08-29 18:55:20,960 [2eaf327d-c8aa-4b69-9e65-db94832273b8@group-3B31C3308912-LeaderElection24] INFO  impl.LeaderElection (LeaderElection.java:logAndReturn(90)) - 2eaf327d-c8aa-4b69-9e65-db94832273b8@group-3B31C3308912-LeaderElection24: PRE_VOTE PASSED received 1 response(s) and 0 exception(s):
2023-08-29 18:55:20,960 [2eaf327d-c8aa-4b69-9e65-db94832273b8@group-3B31C3308912-LeaderElection24] INFO  impl.LeaderElection (LeaderElection.java:logAndReturn(94)) -   Response 0: 2eaf327d-c8aa-4b69-9e65-db94832273b8<-fe29ea50-ce7d-4d67-99db-5363b98f75df#0:OK-t0
2023-08-29 18:55:20,960 [2eaf327d-c8aa-4b69-9e65-db94832273b8@group-3B31C3308912-LeaderElection24] INFO  impl.LeaderElection (LeaderElection.java:askForVotes(323)) - 2eaf327d-c8aa-4b69-9e65-db94832273b8@group-3B31C3308912-LeaderElection24 PRE_VOTE round 0: result PASSED
2023-08-29 18:55:20,960 [grpc-default-executor-4] INFO  server.RaftServer$Division (RaftServerImpl.java:requestVote(1302)) - 0d210486-d547-40fe-b644-a4a516df2759@group-3B31C3308912: receive requestVote(PRE_VOTE, 2eaf327d-c8aa-4b69-9e65-db94832273b8, group-3B31C3308912, 0, (t:0, i:0))
2023-08-29 18:55:20,961 [grpc-default-executor-4] INFO  impl.VoteContext (VoteContext.java:log(49)) - 0d210486-d547-40fe-b644-a4a516df2759@group-3B31C3308912-FOLLOWER: accept PRE_VOTE from 2eaf327d-c8aa-4b69-9e65-db94832273b8: our priority 0 <= candidate's priority 1
2023-08-29 18:55:20,961 [grpc-default-executor-4] INFO  server.RaftServer$Division (RaftServerImpl.java:requestVote(1335)) - 0d210486-d547-40fe-b644-a4a516df2759@group-3B31C3308912 replies to PRE_VOTE vote request: 2eaf327d-c8aa-4b69-9e65-db94832273b8<-0d210486-d547-40fe-b644-a4a516df2759#0:OK-t0. Peer's state: 0d210486-d547-40fe-b644-a4a516df2759@group-3B31C3308912:t0, leader=null, voted=, raftlog=Memoized:0d210486-d547-40fe-b644-a4a516df2759@group-3B31C3308912-SegmentedRaftLog:OPENED:c-1, conf=-1: peers:[fe29ea50-ce7d-4d67-99db-5363b98f75df|rpc:10.1.0.239:15129|admin:10.1.0.239:15128|client:10.1.0.239:15127|dataStream:10.1.0.239:15130|priority:0|startupRole:FOLLOWER, 2eaf327d-c8aa-4b69-9e65-db94832273b8|rpc:10.1.0.239:15138|admin:10.1.0.239:15137|client:10.1.0.239:15136|dataStream:10.1.0.239:15139|priority:1|startupRole:FOLLOWER, 0d210486-d547-40fe-b644-a4a516df2759|rpc:10.1.0.239:15120|admin:10.1.0.239:15119|client:10.1.0.239:15118|dataStream:10.1.0.239:15121|priority:0|startupRole:FOLLOWER]|listeners:[], old=null
2023-08-29 18:55:20,962 [2eaf327d-c8aa-4b69-9e65-db94832273b8@group-3B31C3308912-LeaderElection24] INFO  impl.LeaderElection (LeaderElection.java:askForVotes(321)) - 2eaf327d-c8aa-4b69-9e65-db94832273b8@group-3B31C3308912-LeaderElection24 ELECTION round 0: submit vote requests at term 1 for -1: peers:[fe29ea50-ce7d-4d67-99db-5363b98f75df|rpc:10.1.0.239:15129|admin:10.1.0.239:15128|client:10.1.0.239:15127|dataStream:10.1.0.239:15130|priority:0|startupRole:FOLLOWER, 2eaf327d-c8aa-4b69-9e65-db94832273b8|rpc:10.1.0.239:15138|admin:10.1.0.239:15137|client:10.1.0.239:15136|dataStream:10.1.0.239:15139|priority:1|startupRole:FOLLOWER, 0d210486-d547-40fe-b644-a4a516df2759|rpc:10.1.0.239:15120|admin:10.1.0.239:15119|client:10.1.0.239:15118|dataStream:10.1.0.239:15121|priority:0|startupRole:FOLLOWER]|listeners:[], old=null
2023-08-29 18:55:20,964 [2eaf327d-c8aa-4b69-9e65-db94832273b8@group-3B31C3308912-LeaderElection24] INFO  server.RaftServerConfigKeys (ConfUtils.java:logFallback(53)) - raft.server.rpc.first-election.timeout.min = 5s (fallback to raft.server.rpc.timeout.min)
2023-08-29 18:55:20,964 [grpc-default-executor-4] INFO  server.RaftServer$Division (RaftServerImpl.java:requestVote(1302)) - fe29ea50-ce7d-4d67-99db-5363b98f75df@group-3B31C3308912: receive requestVote(ELECTION, 2eaf327d-c8aa-4b69-9e65-db94832273b8, group-3B31C3308912, 1, (t:0, i:0))
2023-08-29 18:55:20,964 [2eaf327d-c8aa-4b69-9e65-db94832273b8@group-3B31C3308912-LeaderElection24] INFO  server.RaftServerConfigKeys (ConfUtils.java:logFallback(53)) - raft.server.rpc.first-election.timeout.max = 5200ms (fallback to raft.server.rpc.timeout.max)
2023-08-29 18:55:20,964 [grpc-default-executor-4] INFO  impl.VoteContext (VoteContext.java:log(49)) - fe29ea50-ce7d-4d67-99db-5363b98f75df@group-3B31C3308912-FOLLOWER: accept ELECTION from 2eaf327d-c8aa-4b69-9e65-db94832273b8: our priority 0 <= candidate's priority 1
2023-08-29 18:55:20,964 [grpc-default-executor-4] INFO  server.RaftServer$Division (RaftServerImpl.java:setRole(329)) - fe29ea50-ce7d-4d67-99db-5363b98f75df@group-3B31C3308912: changes role from  FOLLOWER to FOLLOWER at term 1 for candidate:2eaf327d-c8aa-4b69-9e65-db94832273b8
2023-08-29 18:55:20,964 [grpc-default-executor-4] INFO  impl.RoleInfo (RoleInfo.java:shutdownFollowerState(110)) - fe29ea50-ce7d-4d67-99db-5363b98f75df: shutdown fe29ea50-ce7d-4d67-99db-5363b98f75df@group-3B31C3308912-FollowerState
2023-08-29 18:55:20,964 [grpc-default-executor-4] INFO  impl.RoleInfo (RoleInfo.java:updateAndGet(139)) - fe29ea50-ce7d-4d67-99db-5363b98f75df: start fe29ea50-ce7d-4d67-99db-5363b98f75df@group-3B31C3308912-FollowerState
2023-08-29 18:55:20,965 [fe29ea50-ce7d-4d67-99db-5363b98f75df@group-3B31C3308912-FollowerState] INFO  impl.FollowerState (FollowerState.java:run(152)) - fe29ea50-ce7d-4d67-99db-5363b98f75df@group-3B31C3308912-FollowerState was interrupted
2023-08-29 18:55:20,969 [grpc-default-executor-3] INFO  server.RaftServer$Division (RaftServerImpl.java:requestVote(1302)) - 0d210486-d547-40fe-b644-a4a516df2759@group-3B31C3308912: receive requestVote(ELECTION, 2eaf327d-c8aa-4b69-9e65-db94832273b8, group-3B31C3308912, 1, (t:0, i:0))
2023-08-29 18:55:20,969 [grpc-default-executor-3] INFO  impl.VoteContext (VoteContext.java:log(49)) - 0d210486-d547-40fe-b644-a4a516df2759@group-3B31C3308912-FOLLOWER: accept ELECTION from 2eaf327d-c8aa-4b69-9e65-db94832273b8: our priority 0 <= candidate's priority 1
2023-08-29 18:55:20,969 [grpc-default-executor-3] INFO  server.RaftServer$Division (RaftServerImpl.java:setRole(329)) - 0d210486-d547-40fe-b644-a4a516df2759@group-3B31C3308912: changes role from  FOLLOWER to FOLLOWER at term 1 for candidate:2eaf327d-c8aa-4b69-9e65-db94832273b8
2023-08-29 18:55:20,969 [grpc-default-executor-4] INFO  server.RaftServer$Division (RaftServerImpl.java:requestVote(1335)) - fe29ea50-ce7d-4d67-99db-5363b98f75df@group-3B31C3308912 replies to ELECTION vote request: 2eaf327d-c8aa-4b69-9e65-db94832273b8<-fe29ea50-ce7d-4d67-99db-5363b98f75df#0:OK-t1. Peer's state: fe29ea50-ce7d-4d67-99db-5363b98f75df@group-3B31C3308912:t1, leader=null, voted=2eaf327d-c8aa-4b69-9e65-db94832273b8, raftlog=Memoized:fe29ea50-ce7d-4d67-99db-5363b98f75df@group-3B31C3308912-SegmentedRaftLog:OPENED:c-1, conf=-1: peers:[fe29ea50-ce7d-4d67-99db-5363b98f75df|rpc:10.1.0.239:15129|admin:10.1.0.239:15128|client:10.1.0.239:15127|dataStream:10.1.0.239:15130|priority:0|startupRole:FOLLOWER, 2eaf327d-c8aa-4b69-9e65-db94832273b8|rpc:10.1.0.239:15138|admin:10.1.0.239:15137|client:10.1.0.239:15136|dataStream:10.1.0.239:15139|priority:1|startupRole:FOLLOWER, 0d210486-d547-40fe-b644-a4a516df2759|rpc:10.1.0.239:15120|admin:10.1.0.239:15119|client:10.1.0.239:15118|dataStream:10.1.0.239:15121|priority:0|startupRole:FOLLOWER]|listeners:[], old=null
2023-08-29 18:55:20,969 [grpc-default-executor-3] INFO  impl.RoleInfo (RoleInfo.java:shutdownFollowerState(110)) - 0d210486-d547-40fe-b644-a4a516df2759: shutdown 0d210486-d547-40fe-b644-a4a516df2759@group-3B31C3308912-FollowerState
2023-08-29 18:55:20,969 [grpc-default-executor-3] INFO  impl.RoleInfo (RoleInfo.java:updateAndGet(139)) - 0d210486-d547-40fe-b644-a4a516df2759: start 0d210486-d547-40fe-b644-a4a516df2759@group-3B31C3308912-FollowerState
2023-08-29 18:55:20,969 [0d210486-d547-40fe-b644-a4a516df2759@group-3B31C3308912-FollowerState] INFO  impl.FollowerState (FollowerState.java:run(152)) - 0d210486-d547-40fe-b644-a4a516df2759@group-3B31C3308912-FollowerState was interrupted
2023-08-29 18:55:20,973 [2eaf327d-c8aa-4b69-9e65-db94832273b8@group-3B31C3308912-LeaderElection24] INFO  impl.LeaderElection (LeaderElection.java:logAndReturn(90)) - 2eaf327d-c8aa-4b69-9e65-db94832273b8@group-3B31C3308912-LeaderElection24: ELECTION PASSED received 1 response(s) and 0 exception(s):
2023-08-29 18:55:20,973 [2eaf327d-c8aa-4b69-9e65-db94832273b8@group-3B31C3308912-LeaderElection24] INFO  impl.LeaderElection (LeaderElection.java:logAndReturn(94)) -   Response 0: 2eaf327d-c8aa-4b69-9e65-db94832273b8<-fe29ea50-ce7d-4d67-99db-5363b98f75df#0:OK-t1
2023-08-29 18:55:20,973 [2eaf327d-c8aa-4b69-9e65-db94832273b8@group-3B31C3308912-LeaderElection24] INFO  impl.LeaderElection (LeaderElection.java:askForVotes(323)) - 2eaf327d-c8aa-4b69-9e65-db94832273b8@group-3B31C3308912-LeaderElection24 ELECTION round 0: result PASSED
2023-08-29 18:55:20,973 [2eaf327d-c8aa-4b69-9e65-db94832273b8@group-3B31C3308912-LeaderElection24] INFO  impl.RoleInfo (RoleInfo.java:shutdownLeaderElection(130)) - 2eaf327d-c8aa-4b69-9e65-db94832273b8: shutdown 2eaf327d-c8aa-4b69-9e65-db94832273b8@group-3B31C3308912-LeaderElection24
2023-08-29 18:55:20,973 [2eaf327d-c8aa-4b69-9e65-db94832273b8@group-3B31C3308912-LeaderElection24] INFO  server.RaftServer$Division (RaftServerImpl.java:setRole(329)) - 2eaf327d-c8aa-4b69-9e65-db94832273b8@group-3B31C3308912: changes role from CANDIDATE to LEADER at term 1 for changeToLeader
2023-08-29 18:55:20,973 [2eaf327d-c8aa-4b69-9e65-db94832273b8@group-3B31C3308912-LeaderElection24] INFO  ratis.XceiverServerRatis (XceiverServerRatis.java:handleLeaderChangedNotification(902)) - Leader change notification received for group: group-3B31C3308912 with new leaderId: 2eaf327d-c8aa-4b69-9e65-db94832273b8
2023-08-29 18:55:20,973 [2eaf327d-c8aa-4b69-9e65-db94832273b8@group-3B31C3308912-LeaderElection24] INFO  server.RaftServer$Division (ServerState.java:setLeader(317)) - 2eaf327d-c8aa-4b69-9e65-db94832273b8@group-3B31C3308912: change Leader from null to 2eaf327d-c8aa-4b69-9e65-db94832273b8 at term 1 for becomeLeader, leader elected after 5174ms
2023-08-29 18:55:20,973 [2eaf327d-c8aa-4b69-9e65-db94832273b8@group-3B31C3308912-LeaderElection24] INFO  server.RaftServerConfigKeys (ConfUtils.java:logGet(46)) - raft.server.staging.catchup.gap = 1000 (default)
2023-08-29 18:55:20,973 [2eaf327d-c8aa-4b69-9e65-db94832273b8@group-3B31C3308912-LeaderElection24] INFO  server.RaftServerConfigKeys (ConfUtils.java:logGet(46)) - raft.server.write.element-limit = 1024 (custom)
2023-08-29 18:55:20,973 [2eaf327d-c8aa-4b69-9e65-db94832273b8@group-3B31C3308912-LeaderElection24] INFO  server.RaftServerConfigKeys (ConfUtils.java:logGet(46)) - raft.server.write.byte-limit = 1024 M (=1073741824) (custom)
2023-08-29 18:55:20,974 [2eaf327d-c8aa-4b69-9e65-db94832273b8@group-3B31C3308912-LeaderElection24] INFO  server.RaftServerConfigKeys (ConfUtils.java:logGet(46)) - raft.server.watch.timeout = 180s (custom)
2023-08-29 18:55:20,974 [2eaf327d-c8aa-4b69-9e65-db94832273b8@group-3B31C3308912-LeaderElection24] INFO  server.RaftServerConfigKeys (ConfUtils.java:logGet(46)) - raft.server.watch.timeout.denomination = 1s (default)
2023-08-29 18:55:20,974 [2eaf327d-c8aa-4b69-9e65-db94832273b8@group-3B31C3308912-LeaderElection24] INFO  server.RaftServerConfigKeys (ConfUtils.java:logGet(46)) - raft.server.watch.element-limit = 65536 (default)
2023-08-29 18:55:20,974 [2eaf327d-c8aa-4b69-9e65-db94832273b8@group-3B31C3308912-LeaderElection24] INFO  server.RaftServerConfigKeys (ConfUtils.java:logGet(46)) - raft.server.write.element-limit = 1024 (custom)
2023-08-29 18:55:20,974 [2eaf327d-c8aa-4b69-9e65-db94832273b8@group-3B31C3308912-LeaderElection24] INFO  server.RaftServerConfigKeys (ConfUtils.java:logGet(46)) - raft.server.write.follower.gap.ratio.max = -1.0 (default)
2023-08-29 18:55:20,974 [2eaf327d-c8aa-4b69-9e65-db94832273b8@group-3B31C3308912-LeaderElection24] INFO  server.RaftServerConfigKeys (ConfUtils.java:logGet(46)) - raft.server.log.appender.snapshot.chunk.size.max = 16MB (=16777216) (default)
2023-08-29 18:55:20,974 [2eaf327d-c8aa-4b69-9e65-db94832273b8@group-3B31C3308912-LeaderElection24] INFO  server.RaftServerConfigKeys (ConfUtils.java:logGet(46)) - raft.server.log.appender.buffer.byte-limit = 33554432 (custom)
2023-08-29 18:55:20,974 [2eaf327d-c8aa-4b69-9e65-db94832273b8@group-3B31C3308912-LeaderElection24] INFO  server.RaftServerConfigKeys (ConfUtils.java:logGet(46)) - raft.server.log.appender.buffer.element-limit = 1 (custom)
2023-08-29 18:55:20,974 [2eaf327d-c8aa-4b69-9e65-db94832273b8@group-3B31C3308912-LeaderElection24] INFO  server.RaftServerConfigKeys (ConfUtils.java:logGet(46)) - raft.server.log.appender.wait-time.min = 10ms (default)
2023-08-29 18:55:20,974 [2eaf327d-c8aa-4b69-9e65-db94832273b8@group-3B31C3308912-LeaderElection24] INFO  grpc.GrpcConfigKeys (ConfUtils.java:logGet(46)) - raft.grpc.server.leader.outstanding.appends.max = 128 (default)
2023-08-29 18:55:20,974 [2eaf327d-c8aa-4b69-9e65-db94832273b8@group-3B31C3308912-LeaderElection24] INFO  server.RaftServerConfigKeys (ConfUtils.java:logGet(46)) - raft.server.rpc.request.timeout = 60s (custom)
2023-08-29 18:55:20,974 [2eaf327d-c8aa-4b69-9e65-db94832273b8@group-3B31C3308912-LeaderElection24] INFO  grpc.GrpcConfigKeys (ConfUtils.java:logGet(46)) - raft.grpc.server.install_snapshot.request.element-limit = 8 (default)
2023-08-29 18:55:20,974 [2eaf327d-c8aa-4b69-9e65-db94832273b8@group-3B31C3308912-LeaderElection24] INFO  grpc.GrpcConfigKeys (ConfUtils.java:logGet(46)) - raft.grpc.server.install_snapshot.request.timeout = 3000ms (default)
2023-08-29 18:55:20,974 [2eaf327d-c8aa-4b69-9e65-db94832273b8@group-3B31C3308912-LeaderElection24] INFO  server.RaftServerConfigKeys (ConfUtils.java:logGet(46)) - raft.server.log.appender.install.snapshot.enabled = false (custom)
2023-08-29 18:55:20,974 [2eaf327d-c8aa-4b69-9e65-db94832273b8@group-3B31C3308912-LeaderElection24] INFO  grpc.GrpcConfigKeys (ConfUtils.java:logGet(46)) - raft.grpc.server.heartbeat.channel = true (default)
2023-08-29 18:55:20,975 [2eaf327d-c8aa-4b69-9e65-db94832273b8@group-3B31C3308912-LeaderElection24] INFO  server.RaftServerConfigKeys (ConfUtils.java:logGet(46)) - raft.server.log.appender.snapshot.chunk.size.max = 16MB (=16777216) (default)
2023-08-29 18:55:20,975 [2eaf327d-c8aa-4b69-9e65-db94832273b8@group-3B31C3308912-LeaderElection24] INFO  server.RaftServerConfigKeys (ConfUtils.java:logGet(46)) - raft.server.log.appender.buffer.byte-limit = 33554432 (custom)
2023-08-29 18:55:20,975 [2eaf327d-c8aa-4b69-9e65-db94832273b8@group-3B31C3308912-LeaderElection24] INFO  server.RaftServerConfigKeys (ConfUtils.java:logGet(46)) - raft.server.log.appender.buffer.element-limit = 1 (custom)
2023-08-29 18:55:20,975 [2eaf327d-c8aa-4b69-9e65-db94832273b8@group-3B31C3308912-LeaderElection24] INFO  server.RaftServerConfigKeys (ConfUtils.java:logGet(46)) - raft.server.log.appender.wait-time.min = 10ms (default)
2023-08-29 18:55:20,975 [2eaf327d-c8aa-4b69-9e65-db94832273b8@group-3B31C3308912-LeaderElection24] INFO  grpc.GrpcConfigKeys (ConfUtils.java:logGet(46)) - raft.grpc.server.leader.outstanding.appends.max = 128 (default)
2023-08-29 18:55:20,975 [2eaf327d-c8aa-4b69-9e65-db94832273b8@group-3B31C3308912-LeaderElection24] INFO  server.RaftServerConfigKeys (ConfUtils.java:logGet(46)) - raft.server.rpc.request.timeout = 60s (custom)
2023-08-29 18:55:20,976 [EventQueue-PipelineReportForPipelineReportHandler] INFO  pipeline.PipelineReportHandler (PipelineReportHandler.java:processPipelineReport(136)) - Opened pipeline PipelineID=3f897b43-44f9-42f7-87e7-3b31c3308912
2023-08-29 18:55:21,046 [2eaf327d-c8aa-4b69-9e65-db94832273b8@group-3B31C3308912-LeaderElection24] INFO  grpc.GrpcConfigKeys (ConfUtils.java:logGet(46)) - raft.grpc.server.install_snapshot.request.element-limit = 8 (default)
2023-08-29 18:55:21,046 [2eaf327d-c8aa-4b69-9e65-db94832273b8@group-3B31C3308912-LeaderElection24] INFO  grpc.GrpcConfigKeys (ConfUtils.java:logGet(46)) - raft.grpc.server.install_snapshot.request.timeout = 3000ms (default)
2023-08-29 18:55:21,046 [fe29ea50-ce7d-4d67-99db-5363b98f75df@group-E6D30998028F-FollowerState] INFO  impl.FollowerState (FollowerState.java:run(143)) - fe29ea50-ce7d-4d67-99db-5363b98f75df@group-E6D30998028F-FollowerState: change to CANDIDATE, lastRpcElapsedTime:5147248383ns, electionTimeout:5116ms
2023-08-29 18:55:21,047 [2eaf327d-c8aa-4b69-9e65-db94832273b8@group-3B31C3308912-LeaderElection24] INFO  server.RaftServerConfigKeys (ConfUtils.java:logGet(46)) - raft.server.log.appender.install.snapshot.enabled = false (custom)
2023-08-29 18:55:21,047 [2eaf327d-c8aa-4b69-9e65-db94832273b8@group-3B31C3308912-LeaderElection24] INFO  grpc.GrpcConfigKeys (ConfUtils.java:logGet(46)) - raft.grpc.server.heartbeat.channel = true (default)
2023-08-29 18:55:21,047 [fe29ea50-ce7d-4d67-99db-5363b98f75df@group-E6D30998028F-FollowerState] INFO  impl.RoleInfo (RoleInfo.java:shutdownFollowerState(110)) - fe29ea50-ce7d-4d67-99db-5363b98f75df: shutdown fe29ea50-ce7d-4d67-99db-5363b98f75df@group-E6D30998028F-FollowerState
2023-08-29 18:55:21,047 [fe29ea50-ce7d-4d67-99db-5363b98f75df@group-E6D30998028F-FollowerState] INFO  server.RaftServer$Division (RaftServerImpl.java:setRole(329)) - fe29ea50-ce7d-4d67-99db-5363b98f75df@group-E6D30998028F: changes role from  FOLLOWER to CANDIDATE at term 0 for changeToCandidate
2023-08-29 18:55:21,047 [2eaf327d-c8aa-4b69-9e65-db94832273b8@group-3B31C3308912-LeaderElection24] INFO  impl.RoleInfo (RoleInfo.java:updateAndGet(139)) - 2eaf327d-c8aa-4b69-9e65-db94832273b8: start 2eaf327d-c8aa-4b69-9e65-db94832273b8@group-3B31C3308912-LeaderStateImpl
2023-08-29 18:55:21,047 [fe29ea50-ce7d-4d67-99db-5363b98f75df@group-E6D30998028F-FollowerState] INFO  server.RaftServerConfigKeys (ConfUtils.java:logGet(46)) - raft.server.leaderelection.pre-vote = true (default)
2023-08-29 18:55:21,047 [fe29ea50-ce7d-4d67-99db-5363b98f75df@group-E6D30998028F-FollowerState] INFO  impl.RoleInfo (RoleInfo.java:updateAndGet(139)) - fe29ea50-ce7d-4d67-99db-5363b98f75df: start fe29ea50-ce7d-4d67-99db-5363b98f75df@group-E6D30998028F-LeaderElection25
2023-08-29 18:55:21,047 [2eaf327d-c8aa-4b69-9e65-db94832273b8@group-3B31C3308912-LeaderElection24] INFO  segmented.SegmentedRaftLogWorker (SegmentedRaftLogWorker.java:startLogSegment(447)) - 2eaf327d-c8aa-4b69-9e65-db94832273b8@group-3B31C3308912-SegmentedRaftLogWorker: Starting segment from index:0
2023-08-29 18:55:21,046 [grpc-default-executor-3] INFO  server.RaftServer$Division (RaftServerImpl.java:requestVote(1335)) - 0d210486-d547-40fe-b644-a4a516df2759@group-3B31C3308912 replies to ELECTION vote request: 2eaf327d-c8aa-4b69-9e65-db94832273b8<-0d210486-d547-40fe-b644-a4a516df2759#0:OK-t1. Peer's state: 0d210486-d547-40fe-b644-a4a516df2759@group-3B31C3308912:t1, leader=null, voted=2eaf327d-c8aa-4b69-9e65-db94832273b8, raftlog=Memoized:0d210486-d547-40fe-b644-a4a516df2759@group-3B31C3308912-SegmentedRaftLog:OPENED:c-1, conf=-1: peers:[fe29ea50-ce7d-4d67-99db-5363b98f75df|rpc:10.1.0.239:15129|admin:10.1.0.239:15128|client:10.1.0.239:15127|dataStream:10.1.0.239:15130|priority:0|startupRole:FOLLOWER, 2eaf327d-c8aa-4b69-9e65-db94832273b8|rpc:10.1.0.239:15138|admin:10.1.0.239:15137|client:10.1.0.239:15136|dataStream:10.1.0.239:15139|priority:1|startupRole:FOLLOWER, 0d210486-d547-40fe-b644-a4a516df2759|rpc:10.1.0.239:15120|admin:10.1.0.239:15119|client:10.1.0.239:15118|dataStream:10.1.0.239:15121|priority:0|startupRole:FOLLOWER]|listeners:[], old=null
2023-08-29 18:55:21,055 [2eaf327d-c8aa-4b69-9e65-db94832273b8@group-3B31C3308912-LeaderElection24] INFO  server.RaftServer$Division (ServerState.java:setRaftConf(434)) - 2eaf327d-c8aa-4b69-9e65-db94832273b8@group-3B31C3308912: set configuration 0: peers:[fe29ea50-ce7d-4d67-99db-5363b98f75df|rpc:10.1.0.239:15129|admin:10.1.0.239:15128|client:10.1.0.239:15127|dataStream:10.1.0.239:15130|priority:0|startupRole:FOLLOWER, 2eaf327d-c8aa-4b69-9e65-db94832273b8|rpc:10.1.0.239:15138|admin:10.1.0.239:15137|client:10.1.0.239:15136|dataStream:10.1.0.239:15139|priority:1|startupRole:FOLLOWER, 0d210486-d547-40fe-b644-a4a516df2759|rpc:10.1.0.239:15120|admin:10.1.0.239:15119|client:10.1.0.239:15118|dataStream:10.1.0.239:15121|priority:0|startupRole:FOLLOWER]|listeners:[], old=null
2023-08-29 18:55:21,055 [2eaf327d-c8aa-4b69-9e65-db94832273b8@group-3B31C3308912-SegmentedRaftLogWorker] INFO  segmented.SegmentedRaftLogWorker (SegmentedRaftLogWorker.java:execute(651)) - 2eaf327d-c8aa-4b69-9e65-db94832273b8@group-3B31C3308912-SegmentedRaftLogWorker: created new log segment /home/runner/work/ozone/ozone/hadoop-ozone/integration-test/target/test-dir/MiniOzoneClusterImpl-e121caef-2a4e-4b75-96a0-c968b96a6505/datanode-2/data/ratis/3f897b43-44f9-42f7-87e7-3b31c3308912/current/log_inprogress_0
2023-08-29 18:55:21,069 [fe29ea50-ce7d-4d67-99db-5363b98f75df@group-E6D30998028F-LeaderElection25] INFO  impl.LeaderElection (LeaderElection.java:askForVotes(321)) - fe29ea50-ce7d-4d67-99db-5363b98f75df@group-E6D30998028F-LeaderElection25 PRE_VOTE round 0: submit vote requests at term 0 for -1: peers:[fe29ea50-ce7d-4d67-99db-5363b98f75df|rpc:10.1.0.239:15129|admin:10.1.0.239:15128|client:10.1.0.239:15127|dataStream:10.1.0.239:15130|priority:1|startupRole:FOLLOWER]|listeners:[], old=null
2023-08-29 18:55:21,069 [fe29ea50-ce7d-4d67-99db-5363b98f75df@group-E6D30998028F-LeaderElection25] INFO  impl.LeaderElection (LeaderElection.java:askForVotes(323)) - fe29ea50-ce7d-4d67-99db-5363b98f75df@group-E6D30998028F-LeaderElection25 PRE_VOTE round 0: result PASSED (term=0)
2023-08-29 18:55:21,071 [fe29ea50-ce7d-4d67-99db-5363b98f75df@group-E6D30998028F-LeaderElection25] INFO  impl.LeaderElection (LeaderElection.java:askForVotes(321)) - fe29ea50-ce7d-4d67-99db-5363b98f75df@group-E6D30998028F-LeaderElection25 ELECTION round 0: submit vote requests at term 1 for -1: peers:[fe29ea50-ce7d-4d67-99db-5363b98f75df|rpc:10.1.0.239:15129|admin:10.1.0.239:15128|client:10.1.0.239:15127|dataStream:10.1.0.239:15130|priority:1|startupRole:FOLLOWER]|listeners:[], old=null
2023-08-29 18:55:21,071 [fe29ea50-ce7d-4d67-99db-5363b98f75df@group-E6D30998028F-LeaderElection25] INFO  impl.LeaderElection (LeaderElection.java:askForVotes(323)) - fe29ea50-ce7d-4d67-99db-5363b98f75df@group-E6D30998028F-LeaderElection25 ELECTION round 0: result PASSED (term=1)
2023-08-29 18:55:21,071 [fe29ea50-ce7d-4d67-99db-5363b98f75df@group-E6D30998028F-LeaderElection25] INFO  impl.RoleInfo (RoleInfo.java:shutdownLeaderElection(130)) - fe29ea50-ce7d-4d67-99db-5363b98f75df: shutdown fe29ea50-ce7d-4d67-99db-5363b98f75df@group-E6D30998028F-LeaderElection25
2023-08-29 18:55:21,071 [fe29ea50-ce7d-4d67-99db-5363b98f75df@group-E6D30998028F-LeaderElection25] INFO  server.RaftServer$Division (RaftServerImpl.java:setRole(329)) - fe29ea50-ce7d-4d67-99db-5363b98f75df@group-E6D30998028F: changes role from CANDIDATE to LEADER at term 1 for changeToLeader
2023-08-29 18:55:21,071 [fe29ea50-ce7d-4d67-99db-5363b98f75df@group-E6D30998028F-LeaderElection25] INFO  ratis.XceiverServerRatis (XceiverServerRatis.java:handleLeaderChangedNotification(902)) - Leader change notification received for group: group-E6D30998028F with new leaderId: fe29ea50-ce7d-4d67-99db-5363b98f75df
2023-08-29 18:55:21,071 [fe29ea50-ce7d-4d67-99db-5363b98f75df@group-E6D30998028F-LeaderElection25] INFO  server.RaftServer$Division (ServerState.java:setLeader(317)) - fe29ea50-ce7d-4d67-99db-5363b98f75df@group-E6D30998028F: change Leader from null to fe29ea50-ce7d-4d67-99db-5363b98f75df at term 1 for becomeLeader, leader elected after 5186ms
2023-08-29 18:55:21,071 [fe29ea50-ce7d-4d67-99db-5363b98f75df@group-E6D30998028F-LeaderElection25] INFO  server.RaftServerConfigKeys (ConfUtils.java:logGet(46)) - raft.server.staging.catchup.gap = 1000 (default)
2023-08-29 18:55:21,071 [fe29ea50-ce7d-4d67-99db-5363b98f75df@group-E6D30998028F-LeaderElection25] INFO  server.RaftServerConfigKeys (ConfUtils.java:logGet(46)) - raft.server.write.element-limit = 1024 (custom)
2023-08-29 18:55:21,071 [fe29ea50-ce7d-4d67-99db-5363b98f75df@group-E6D30998028F-LeaderElection25] INFO  server.RaftServerConfigKeys (ConfUtils.java:logGet(46)) - raft.server.write.byte-limit = 1024 M (=1073741824) (custom)
2023-08-29 18:55:21,071 [fe29ea50-ce7d-4d67-99db-5363b98f75df@group-E6D30998028F-LeaderElection25] INFO  server.RaftServerConfigKeys (ConfUtils.java:logGet(46)) - raft.server.watch.timeout = 180s (custom)
2023-08-29 18:55:21,071 [fe29ea50-ce7d-4d67-99db-5363b98f75df@group-E6D30998028F-LeaderElection25] INFO  server.RaftServerConfigKeys (ConfUtils.java:logGet(46)) - raft.server.watch.timeout.denomination = 1s (default)
2023-08-29 18:55:21,071 [fe29ea50-ce7d-4d67-99db-5363b98f75df@group-E6D30998028F-LeaderElection25] INFO  server.RaftServerConfigKeys (ConfUtils.java:logGet(46)) - raft.server.watch.element-limit = 65536 (default)
2023-08-29 18:55:21,072 [fe29ea50-ce7d-4d67-99db-5363b98f75df@group-E6D30998028F-LeaderElection25] INFO  server.RaftServerConfigKeys (ConfUtils.java:logGet(46)) - raft.server.write.element-limit = 1024 (custom)
2023-08-29 18:55:21,072 [fe29ea50-ce7d-4d67-99db-5363b98f75df@group-E6D30998028F-LeaderElection25] INFO  server.RaftServerConfigKeys (ConfUtils.java:logGet(46)) - raft.server.write.follower.gap.ratio.max = -1.0 (default)
2023-08-29 18:55:21,072 [fe29ea50-ce7d-4d67-99db-5363b98f75df@group-E6D30998028F-LeaderElection25] INFO  impl.RoleInfo (RoleInfo.java:updateAndGet(139)) - fe29ea50-ce7d-4d67-99db-5363b98f75df: start fe29ea50-ce7d-4d67-99db-5363b98f75df@group-E6D30998028F-LeaderStateImpl
2023-08-29 18:55:21,072 [fe29ea50-ce7d-4d67-99db-5363b98f75df@group-E6D30998028F-LeaderElection25] INFO  segmented.SegmentedRaftLogWorker (SegmentedRaftLogWorker.java:startLogSegment(447)) - fe29ea50-ce7d-4d67-99db-5363b98f75df@group-E6D30998028F-SegmentedRaftLogWorker: Starting segment from index:0
2023-08-29 18:55:21,073 [fe29ea50-ce7d-4d67-99db-5363b98f75df@group-E6D30998028F-SegmentedRaftLogWorker] INFO  segmented.SegmentedRaftLogWorker (SegmentedRaftLogWorker.java:execute(651)) - fe29ea50-ce7d-4d67-99db-5363b98f75df@group-E6D30998028F-SegmentedRaftLogWorker: created new log segment /home/runner/work/ozone/ozone/hadoop-ozone/integration-test/target/test-dir/MiniOzoneClusterImpl-e121caef-2a4e-4b75-96a0-c968b96a6505/datanode-1/data/ratis/0d0b0b66-b3b8-444a-a7e9-e6d30998028f/current/log_inprogress_0
2023-08-29 18:55:21,077 [fe29ea50-ce7d-4d67-99db-5363b98f75df@group-E6D30998028F-LeaderElection25] INFO  server.RaftServer$Division (ServerState.java:setRaftConf(434)) - fe29ea50-ce7d-4d67-99db-5363b98f75df@group-E6D30998028F: set configuration 0: peers:[fe29ea50-ce7d-4d67-99db-5363b98f75df|rpc:10.1.0.239:15129|admin:10.1.0.239:15128|client:10.1.0.239:15127|dataStream:10.1.0.239:15130|priority:1|startupRole:FOLLOWER]|listeners:[], old=null
2023-08-29 18:55:21,080 [fe29ea50-ce7d-4d67-99db-5363b98f75df-server-thread1] INFO  ratis.XceiverServerRatis (XceiverServerRatis.java:handleLeaderChangedNotification(902)) - Leader change notification received for group: group-3B31C3308912 with new leaderId: 2eaf327d-c8aa-4b69-9e65-db94832273b8
2023-08-29 18:55:21,080 [fe29ea50-ce7d-4d67-99db-5363b98f75df-server-thread1] INFO  server.RaftServer$Division (ServerState.java:setLeader(317)) - fe29ea50-ce7d-4d67-99db-5363b98f75df@group-3B31C3308912: change Leader from null to 2eaf327d-c8aa-4b69-9e65-db94832273b8 at term 1 for appendEntries, leader elected after 5252ms
2023-08-29 18:55:21,093 [fe29ea50-ce7d-4d67-99db-5363b98f75df-server-thread2] INFO  server.RaftServer$Division (ServerState.java:setRaftConf(434)) - fe29ea50-ce7d-4d67-99db-5363b98f75df@group-3B31C3308912: set configuration 0: peers:[fe29ea50-ce7d-4d67-99db-5363b98f75df|rpc:10.1.0.239:15129|admin:10.1.0.239:15128|client:10.1.0.239:15127|dataStream:10.1.0.239:15130|priority:0|startupRole:FOLLOWER, 2eaf327d-c8aa-4b69-9e65-db94832273b8|rpc:10.1.0.239:15138|admin:10.1.0.239:15137|client:10.1.0.239:15136|dataStream:10.1.0.239:15139|priority:1|startupRole:FOLLOWER, 0d210486-d547-40fe-b644-a4a516df2759|rpc:10.1.0.239:15120|admin:10.1.0.239:15119|client:10.1.0.239:15118|dataStream:10.1.0.239:15121|priority:0|startupRole:FOLLOWER]|listeners:[], old=null
2023-08-29 18:55:21,093 [fe29ea50-ce7d-4d67-99db-5363b98f75df-server-thread2] INFO  segmented.SegmentedRaftLogWorker (SegmentedRaftLogWorker.java:startLogSegment(447)) - fe29ea50-ce7d-4d67-99db-5363b98f75df@group-3B31C3308912-SegmentedRaftLogWorker: Starting segment from index:0
2023-08-29 18:55:21,094 [0d210486-d547-40fe-b644-a4a516df2759-server-thread1] INFO  ratis.XceiverServerRatis (XceiverServerRatis.java:handleLeaderChangedNotification(902)) - Leader change notification received for group: group-3B31C3308912 with new leaderId: 2eaf327d-c8aa-4b69-9e65-db94832273b8
2023-08-29 18:55:21,094 [0d210486-d547-40fe-b644-a4a516df2759-server-thread1] INFO  server.RaftServer$Division (ServerState.java:setLeader(317)) - 0d210486-d547-40fe-b644-a4a516df2759@group-3B31C3308912: change Leader from null to 2eaf327d-c8aa-4b69-9e65-db94832273b8 at term 1 for appendEntries, leader elected after 5324ms
2023-08-29 18:55:21,094 [fe29ea50-ce7d-4d67-99db-5363b98f75df@group-3B31C3308912-SegmentedRaftLogWorker] INFO  segmented.SegmentedRaftLogWorker (SegmentedRaftLogWorker.java:execute(651)) - fe29ea50-ce7d-4d67-99db-5363b98f75df@group-3B31C3308912-SegmentedRaftLogWorker: created new log segment /home/runner/work/ozone/ozone/hadoop-ozone/integration-test/target/test-dir/MiniOzoneClusterImpl-e121caef-2a4e-4b75-96a0-c968b96a6505/datanode-1/data/ratis/3f897b43-44f9-42f7-87e7-3b31c3308912/current/log_inprogress_0
2023-08-29 18:55:21,099 [0d210486-d547-40fe-b644-a4a516df2759-server-thread2] INFO  server.RaftServer$Division (ServerState.java:setRaftConf(434)) - 0d210486-d547-40fe-b644-a4a516df2759@group-3B31C3308912: set configuration 0: peers:[fe29ea50-ce7d-4d67-99db-5363b98f75df|rpc:10.1.0.239:15129|admin:10.1.0.239:15128|client:10.1.0.239:15127|dataStream:10.1.0.239:15130|priority:0|startupRole:FOLLOWER, 2eaf327d-c8aa-4b69-9e65-db94832273b8|rpc:10.1.0.239:15138|admin:10.1.0.239:15137|client:10.1.0.239:15136|dataStream:10.1.0.239:15139|priority:1|startupRole:FOLLOWER, 0d210486-d547-40fe-b644-a4a516df2759|rpc:10.1.0.239:15120|admin:10.1.0.239:15119|client:10.1.0.239:15118|dataStream:10.1.0.239:15121|priority:0|startupRole:FOLLOWER]|listeners:[], old=null
2023-08-29 18:55:21,099 [0d210486-d547-40fe-b644-a4a516df2759-server-thread2] INFO  segmented.SegmentedRaftLogWorker (SegmentedRaftLogWorker.java:startLogSegment(447)) - 0d210486-d547-40fe-b644-a4a516df2759@group-3B31C3308912-SegmentedRaftLogWorker: Starting segment from index:0
2023-08-29 18:55:21,100 [0d210486-d547-40fe-b644-a4a516df2759@group-3B31C3308912-SegmentedRaftLogWorker] INFO  segmented.SegmentedRaftLogWorker (SegmentedRaftLogWorker.java:execute(651)) - 0d210486-d547-40fe-b644-a4a516df2759@group-3B31C3308912-SegmentedRaftLogWorker: created new log segment /home/runner/work/ozone/ozone/hadoop-ozone/integration-test/target/test-dir/MiniOzoneClusterImpl-e121caef-2a4e-4b75-96a0-c968b96a6505/datanode-0/data/ratis/3f897b43-44f9-42f7-87e7-3b31c3308912/current/log_inprogress_0
2023-08-29 18:55:21,262 [2eaf327d-c8aa-4b69-9e65-db94832273b8@group-22DEC8A1DBB5-FollowerState] INFO  impl.FollowerState (FollowerState.java:run(143)) - 2eaf327d-c8aa-4b69-9e65-db94832273b8@group-22DEC8A1DBB5-FollowerState: change to CANDIDATE, lastRpcElapsedTime:5070032002ns, electionTimeout:5069ms
2023-08-29 18:55:21,262 [2eaf327d-c8aa-4b69-9e65-db94832273b8@group-22DEC8A1DBB5-FollowerState] INFO  impl.RoleInfo (RoleInfo.java:shutdownFollowerState(110)) - 2eaf327d-c8aa-4b69-9e65-db94832273b8: shutdown 2eaf327d-c8aa-4b69-9e65-db94832273b8@group-22DEC8A1DBB5-FollowerState
2023-08-29 18:55:21,262 [2eaf327d-c8aa-4b69-9e65-db94832273b8@group-22DEC8A1DBB5-FollowerState] INFO  server.RaftServer$Division (RaftServerImpl.java:setRole(329)) - 2eaf327d-c8aa-4b69-9e65-db94832273b8@group-22DEC8A1DBB5: changes role from  FOLLOWER to CANDIDATE at term 0 for changeToCandidate
2023-08-29 18:55:21,262 [2eaf327d-c8aa-4b69-9e65-db94832273b8@group-22DEC8A1DBB5-FollowerState] INFO  server.RaftServerConfigKeys (ConfUtils.java:logGet(46)) - raft.server.leaderelection.pre-vote = true (default)
2023-08-29 18:55:21,262 [2eaf327d-c8aa-4b69-9e65-db94832273b8@group-22DEC8A1DBB5-FollowerState] INFO  impl.RoleInfo (RoleInfo.java:updateAndGet(139)) - 2eaf327d-c8aa-4b69-9e65-db94832273b8: start 2eaf327d-c8aa-4b69-9e65-db94832273b8@group-22DEC8A1DBB5-LeaderElection26
2023-08-29 18:55:21,266 [2eaf327d-c8aa-4b69-9e65-db94832273b8@group-22DEC8A1DBB5-LeaderElection26] INFO  impl.LeaderElection (LeaderElection.java:askForVotes(321)) - 2eaf327d-c8aa-4b69-9e65-db94832273b8@group-22DEC8A1DBB5-LeaderElection26 PRE_VOTE round 0: submit vote requests at term 0 for -1: peers:[2eaf327d-c8aa-4b69-9e65-db94832273b8|rpc:10.1.0.239:15138|admin:10.1.0.239:15137|client:10.1.0.239:15136|dataStream:10.1.0.239:15139|priority:1|startupRole:FOLLOWER]|listeners:[], old=null
2023-08-29 18:55:21,266 [2eaf327d-c8aa-4b69-9e65-db94832273b8@group-22DEC8A1DBB5-LeaderElection26] INFO  impl.LeaderElection (LeaderElection.java:askForVotes(323)) - 2eaf327d-c8aa-4b69-9e65-db94832273b8@group-22DEC8A1DBB5-LeaderElection26 PRE_VOTE round 0: result PASSED (term=0)
2023-08-29 18:55:21,267 [2eaf327d-c8aa-4b69-9e65-db94832273b8@group-22DEC8A1DBB5-LeaderElection26] INFO  impl.LeaderElection (LeaderElection.java:askForVotes(321)) - 2eaf327d-c8aa-4b69-9e65-db94832273b8@group-22DEC8A1DBB5-LeaderElection26 ELECTION round 0: submit vote requests at term 1 for -1: peers:[2eaf327d-c8aa-4b69-9e65-db94832273b8|rpc:10.1.0.239:15138|admin:10.1.0.239:15137|client:10.1.0.239:15136|dataStream:10.1.0.239:15139|priority:1|startupRole:FOLLOWER]|listeners:[], old=null
2023-08-29 18:55:21,267 [2eaf327d-c8aa-4b69-9e65-db94832273b8@group-22DEC8A1DBB5-LeaderElection26] INFO  impl.LeaderElection (LeaderElection.java:askForVotes(323)) - 2eaf327d-c8aa-4b69-9e65-db94832273b8@group-22DEC8A1DBB5-LeaderElection26 ELECTION round 0: result PASSED (term=1)
2023-08-29 18:55:21,267 [2eaf327d-c8aa-4b69-9e65-db94832273b8@group-22DEC8A1DBB5-LeaderElection26] INFO  impl.RoleInfo (RoleInfo.java:shutdownLeaderElection(130)) - 2eaf327d-c8aa-4b69-9e65-db94832273b8: shutdown 2eaf327d-c8aa-4b69-9e65-db94832273b8@group-22DEC8A1DBB5-LeaderElection26
2023-08-29 18:55:21,267 [2eaf327d-c8aa-4b69-9e65-db94832273b8@group-22DEC8A1DBB5-LeaderElection26] INFO  server.RaftServer$Division (RaftServerImpl.java:setRole(329)) - 2eaf327d-c8aa-4b69-9e65-db94832273b8@group-22DEC8A1DBB5: changes role from CANDIDATE to LEADER at term 1 for changeToLeader
2023-08-29 18:55:21,267 [2eaf327d-c8aa-4b69-9e65-db94832273b8@group-22DEC8A1DBB5-LeaderElection26] INFO  ratis.XceiverServerRatis (XceiverServerRatis.java:handleLeaderChangedNotification(902)) - Leader change notification received for group: group-22DEC8A1DBB5 with new leaderId: 2eaf327d-c8aa-4b69-9e65-db94832273b8
2023-08-29 18:55:21,268 [2eaf327d-c8aa-4b69-9e65-db94832273b8@group-22DEC8A1DBB5-LeaderElection26] INFO  server.RaftServer$Division (ServerState.java:setLeader(317)) - 2eaf327d-c8aa-4b69-9e65-db94832273b8@group-22DEC8A1DBB5: change Leader from null to 2eaf327d-c8aa-4b69-9e65-db94832273b8 at term 1 for becomeLeader, leader elected after 5087ms
2023-08-29 18:55:21,268 [2eaf327d-c8aa-4b69-9e65-db94832273b8@group-22DEC8A1DBB5-LeaderElection26] INFO  server.RaftServerConfigKeys (ConfUtils.java:logGet(46)) - raft.server.staging.catchup.gap = 1000 (default)
2023-08-29 18:55:21,268 [2eaf327d-c8aa-4b69-9e65-db94832273b8@group-22DEC8A1DBB5-LeaderElection26] INFO  server.RaftServerConfigKeys (ConfUtils.java:logGet(46)) - raft.server.write.element-limit = 1024 (custom)
2023-08-29 18:55:21,268 [2eaf327d-c8aa-4b69-9e65-db94832273b8@group-22DEC8A1DBB5-LeaderElection26] INFO  server.RaftServerConfigKeys (ConfUtils.java:logGet(46)) - raft.server.write.byte-limit = 1024 M (=1073741824) (custom)
2023-08-29 18:55:21,269 [2eaf327d-c8aa-4b69-9e65-db94832273b8@group-22DEC8A1DBB5-LeaderElection26] INFO  server.RaftServerConfigKeys (ConfUtils.java:logGet(46)) - raft.server.watch.timeout = 180s (custom)
2023-08-29 18:55:21,269 [2eaf327d-c8aa-4b69-9e65-db94832273b8@group-22DEC8A1DBB5-LeaderElection26] INFO  server.RaftServerConfigKeys (ConfUtils.java:logGet(46)) - raft.server.watch.timeout.denomination = 1s (default)
2023-08-29 18:55:21,269 [2eaf327d-c8aa-4b69-9e65-db94832273b8@group-22DEC8A1DBB5-LeaderElection26] INFO  server.RaftServerConfigKeys (ConfUtils.java:logGet(46)) - raft.server.watch.element-limit = 65536 (default)
2023-08-29 18:55:21,269 [2eaf327d-c8aa-4b69-9e65-db94832273b8@group-22DEC8A1DBB5-LeaderElection26] INFO  server.RaftServerConfigKeys (ConfUtils.java:logGet(46)) - raft.server.write.element-limit = 1024 (custom)
2023-08-29 18:55:21,269 [2eaf327d-c8aa-4b69-9e65-db94832273b8@group-22DEC8A1DBB5-LeaderElection26] INFO  server.RaftServerConfigKeys (ConfUtils.java:logGet(46)) - raft.server.write.follower.gap.ratio.max = -1.0 (default)
2023-08-29 18:55:21,269 [2eaf327d-c8aa-4b69-9e65-db94832273b8@group-22DEC8A1DBB5-LeaderElection26] INFO  impl.RoleInfo (RoleInfo.java:updateAndGet(139)) - 2eaf327d-c8aa-4b69-9e65-db94832273b8: start 2eaf327d-c8aa-4b69-9e65-db94832273b8@group-22DEC8A1DBB5-LeaderStateImpl
2023-08-29 18:55:21,269 [2eaf327d-c8aa-4b69-9e65-db94832273b8@group-22DEC8A1DBB5-LeaderElection26] INFO  segmented.SegmentedRaftLogWorker (SegmentedRaftLogWorker.java:startLogSegment(447)) - 2eaf327d-c8aa-4b69-9e65-db94832273b8@group-22DEC8A1DBB5-SegmentedRaftLogWorker: Starting segment from index:0
2023-08-29 18:55:21,273 [2eaf327d-c8aa-4b69-9e65-db94832273b8@group-22DEC8A1DBB5-LeaderElection26] INFO  server.RaftServer$Division (ServerState.java:setRaftConf(434)) - 2eaf327d-c8aa-4b69-9e65-db94832273b8@group-22DEC8A1DBB5: set configuration 0: peers:[2eaf327d-c8aa-4b69-9e65-db94832273b8|rpc:10.1.0.239:15138|admin:10.1.0.239:15137|client:10.1.0.239:15136|dataStream:10.1.0.239:15139|priority:1|startupRole:FOLLOWER]|listeners:[], old=null
2023-08-29 18:55:21,273 [2eaf327d-c8aa-4b69-9e65-db94832273b8@group-22DEC8A1DBB5-SegmentedRaftLogWorker] INFO  segmented.SegmentedRaftLogWorker (SegmentedRaftLogWorker.java:execute(651)) - 2eaf327d-c8aa-4b69-9e65-db94832273b8@group-22DEC8A1DBB5-SegmentedRaftLogWorker: created new log segment /home/runner/work/ozone/ozone/hadoop-ozone/integration-test/target/test-dir/MiniOzoneClusterImpl-e121caef-2a4e-4b75-96a0-c968b96a6505/datanode-2/data/ratis/9cb0cbeb-cdf6-4f12-81bc-22dec8a1dbb5/current/log_inprogress_0
2023-08-29 18:55:21,534 [f550e702-abe2-49cd-8ff2-4b2ec6b34c67@group-5F1406ECDB75-FollowerState] INFO  impl.FollowerState (FollowerState.java:run(143)) - f550e702-abe2-49cd-8ff2-4b2ec6b34c67@group-5F1406ECDB75-FollowerState: change to CANDIDATE, lastRpcElapsedTime:5041640225ns, electionTimeout:5038ms
2023-08-29 18:55:21,534 [f550e702-abe2-49cd-8ff2-4b2ec6b34c67@group-5F1406ECDB75-FollowerState] INFO  impl.RoleInfo (RoleInfo.java:shutdownFollowerState(110)) - f550e702-abe2-49cd-8ff2-4b2ec6b34c67: shutdown f550e702-abe2-49cd-8ff2-4b2ec6b34c67@group-5F1406ECDB75-FollowerState
2023-08-29 18:55:21,534 [f550e702-abe2-49cd-8ff2-4b2ec6b34c67@group-5F1406ECDB75-FollowerState] INFO  server.RaftServer$Division (RaftServerImpl.java:setRole(329)) - f550e702-abe2-49cd-8ff2-4b2ec6b34c67@group-5F1406ECDB75: changes role from  FOLLOWER to CANDIDATE at term 0 for changeToCandidate
2023-08-29 18:55:21,534 [f550e702-abe2-49cd-8ff2-4b2ec6b34c67@group-5F1406ECDB75-FollowerState] INFO  server.RaftServerConfigKeys (ConfUtils.java:logGet(46)) - raft.server.leaderelection.pre-vote = true (default)
2023-08-29 18:55:21,534 [f550e702-abe2-49cd-8ff2-4b2ec6b34c67@group-5F1406ECDB75-FollowerState] INFO  impl.RoleInfo (RoleInfo.java:updateAndGet(139)) - f550e702-abe2-49cd-8ff2-4b2ec6b34c67: start f550e702-abe2-49cd-8ff2-4b2ec6b34c67@group-5F1406ECDB75-LeaderElection27
2023-08-29 18:55:21,537 [f550e702-abe2-49cd-8ff2-4b2ec6b34c67@group-5F1406ECDB75-LeaderElection27] INFO  impl.LeaderElection (LeaderElection.java:askForVotes(321)) - f550e702-abe2-49cd-8ff2-4b2ec6b34c67@group-5F1406ECDB75-LeaderElection27 PRE_VOTE round 0: submit vote requests at term 0 for -1: peers:[f550e702-abe2-49cd-8ff2-4b2ec6b34c67|rpc:10.1.0.239:15147|admin:10.1.0.239:15146|client:10.1.0.239:15145|dataStream:10.1.0.239:15148|priority:1|startupRole:FOLLOWER]|listeners:[], old=null
2023-08-29 18:55:21,537 [f550e702-abe2-49cd-8ff2-4b2ec6b34c67@group-5F1406ECDB75-LeaderElection27] INFO  impl.LeaderElection (LeaderElection.java:askForVotes(323)) - f550e702-abe2-49cd-8ff2-4b2ec6b34c67@group-5F1406ECDB75-LeaderElection27 PRE_VOTE round 0: result PASSED (term=0)
2023-08-29 18:55:21,538 [f550e702-abe2-49cd-8ff2-4b2ec6b34c67@group-5F1406ECDB75-LeaderElection27] INFO  impl.LeaderElection (LeaderElection.java:askForVotes(321)) - f550e702-abe2-49cd-8ff2-4b2ec6b34c67@group-5F1406ECDB75-LeaderElection27 ELECTION round 0: submit vote requests at term 1 for -1: peers:[f550e702-abe2-49cd-8ff2-4b2ec6b34c67|rpc:10.1.0.239:15147|admin:10.1.0.239:15146|client:10.1.0.239:15145|dataStream:10.1.0.239:15148|priority:1|startupRole:FOLLOWER]|listeners:[], old=null
2023-08-29 18:55:21,538 [f550e702-abe2-49cd-8ff2-4b2ec6b34c67@group-5F1406ECDB75-LeaderElection27] INFO  impl.LeaderElection (LeaderElection.java:askForVotes(323)) - f550e702-abe2-49cd-8ff2-4b2ec6b34c67@group-5F1406ECDB75-LeaderElection27 ELECTION round 0: result PASSED (term=1)
2023-08-29 18:55:21,538 [f550e702-abe2-49cd-8ff2-4b2ec6b34c67@group-5F1406ECDB75-LeaderElection27] INFO  impl.RoleInfo (RoleInfo.java:shutdownLeaderElection(130)) - f550e702-abe2-49cd-8ff2-4b2ec6b34c67: shutdown f550e702-abe2-49cd-8ff2-4b2ec6b34c67@group-5F1406ECDB75-LeaderElection27
2023-08-29 18:55:21,538 [f550e702-abe2-49cd-8ff2-4b2ec6b34c67@group-5F1406ECDB75-LeaderElection27] INFO  server.RaftServer$Division (RaftServerImpl.java:setRole(329)) - f550e702-abe2-49cd-8ff2-4b2ec6b34c67@group-5F1406ECDB75: changes role from CANDIDATE to LEADER at term 1 for changeToLeader
2023-08-29 18:55:21,538 [f550e702-abe2-49cd-8ff2-4b2ec6b34c67@group-5F1406ECDB75-LeaderElection27] INFO  ratis.XceiverServerRatis (XceiverServerRatis.java:handleLeaderChangedNotification(902)) - Leader change notification received for group: group-5F1406ECDB75 with new leaderId: f550e702-abe2-49cd-8ff2-4b2ec6b34c67
2023-08-29 18:55:21,539 [f550e702-abe2-49cd-8ff2-4b2ec6b34c67@group-5F1406ECDB75-LeaderElection27] INFO  server.RaftServer$Division (ServerState.java:setLeader(317)) - f550e702-abe2-49cd-8ff2-4b2ec6b34c67@group-5F1406ECDB75: change Leader from null to f550e702-abe2-49cd-8ff2-4b2ec6b34c67 at term 1 for becomeLeader, leader elected after 5064ms
2023-08-29 18:55:21,539 [f550e702-abe2-49cd-8ff2-4b2ec6b34c67@group-5F1406ECDB75-LeaderElection27] INFO  server.RaftServerConfigKeys (ConfUtils.java:logGet(46)) - raft.server.staging.catchup.gap = 1000 (default)
2023-08-29 18:55:21,539 [f550e702-abe2-49cd-8ff2-4b2ec6b34c67@group-5F1406ECDB75-LeaderElection27] INFO  server.RaftServerConfigKeys (ConfUtils.java:logGet(46)) - raft.server.write.element-limit = 1024 (custom)
2023-08-29 18:55:21,539 [f550e702-abe2-49cd-8ff2-4b2ec6b34c67@group-5F1406ECDB75-LeaderElection27] INFO  server.RaftServerConfigKeys (ConfUtils.java:logGet(46)) - raft.server.write.byte-limit = 1024 M (=1073741824) (custom)
2023-08-29 18:55:21,540 [f550e702-abe2-49cd-8ff2-4b2ec6b34c67@group-5F1406ECDB75-LeaderElection27] INFO  server.RaftServerConfigKeys (ConfUtils.java:logGet(46)) - raft.server.watch.timeout = 180s (custom)
2023-08-29 18:55:21,540 [f550e702-abe2-49cd-8ff2-4b2ec6b34c67@group-5F1406ECDB75-LeaderElection27] INFO  server.RaftServerConfigKeys (ConfUtils.java:logGet(46)) - raft.server.watch.timeout.denomination = 1s (default)
2023-08-29 18:55:21,540 [f550e702-abe2-49cd-8ff2-4b2ec6b34c67@group-5F1406ECDB75-LeaderElection27] INFO  server.RaftServerConfigKeys (ConfUtils.java:logGet(46)) - raft.server.watch.element-limit = 65536 (default)
2023-08-29 18:55:21,540 [f550e702-abe2-49cd-8ff2-4b2ec6b34c67@group-5F1406ECDB75-LeaderElection27] INFO  server.RaftServerConfigKeys (ConfUtils.java:logGet(46)) - raft.server.write.element-limit = 1024 (custom)
2023-08-29 18:55:21,541 [f550e702-abe2-49cd-8ff2-4b2ec6b34c67@group-5F1406ECDB75-LeaderElection27] INFO  server.RaftServerConfigKeys (ConfUtils.java:logGet(46)) - raft.server.write.follower.gap.ratio.max = -1.0 (default)
2023-08-29 18:55:21,541 [f550e702-abe2-49cd-8ff2-4b2ec6b34c67@group-5F1406ECDB75-LeaderElection27] INFO  impl.RoleInfo (RoleInfo.java:updateAndGet(139)) - f550e702-abe2-49cd-8ff2-4b2ec6b34c67: start f550e702-abe2-49cd-8ff2-4b2ec6b34c67@group-5F1406ECDB75-LeaderStateImpl
2023-08-29 18:55:21,541 [f550e702-abe2-49cd-8ff2-4b2ec6b34c67@group-5F1406ECDB75-LeaderElection27] INFO  segmented.SegmentedRaftLogWorker (SegmentedRaftLogWorker.java:startLogSegment(447)) - f550e702-abe2-49cd-8ff2-4b2ec6b34c67@group-5F1406ECDB75-SegmentedRaftLogWorker: Starting segment from index:0
2023-08-29 18:55:21,542 [f550e702-abe2-49cd-8ff2-4b2ec6b34c67@group-5F1406ECDB75-LeaderElection27] INFO  server.RaftServer$Division (ServerState.java:setRaftConf(434)) - f550e702-abe2-49cd-8ff2-4b2ec6b34c67@group-5F1406ECDB75: set configuration 0: peers:[f550e702-abe2-49cd-8ff2-4b2ec6b34c67|rpc:10.1.0.239:15147|admin:10.1.0.239:15146|client:10.1.0.239:15145|dataStream:10.1.0.239:15148|priority:1|startupRole:FOLLOWER]|listeners:[], old=null
2023-08-29 18:55:21,542 [f550e702-abe2-49cd-8ff2-4b2ec6b34c67@group-5F1406ECDB75-SegmentedRaftLogWorker] INFO  segmented.SegmentedRaftLogWorker (SegmentedRaftLogWorker.java:execute(651)) - f550e702-abe2-49cd-8ff2-4b2ec6b34c67@group-5F1406ECDB75-SegmentedRaftLogWorker: created new log segment /home/runner/work/ozone/ozone/hadoop-ozone/integration-test/target/test-dir/MiniOzoneClusterImpl-e121caef-2a4e-4b75-96a0-c968b96a6505/datanode-3/data/ratis/fbe08b15-6371-49f5-87fb-5f1406ecdb75/current/log_inprogress_0
2023-08-29 18:55:21,749 [main] INFO  ozone.MiniOzoneClusterImpl (MiniOzoneClusterImpl.java:lambda$waitForClusterToBeReady$0(224)) - Nodes are ready. Got 5 of 5 DN Heartbeats.
2023-08-29 18:55:21,749 [main] INFO  ozone.MiniOzoneClusterImpl (MiniOzoneClusterImpl.java:lambda$waitForClusterToBeReady$0(227)) - Cluster exits safe mode
2023-08-29 18:55:21,749 [main] INFO  ozone.MiniOzoneClusterImpl (MiniOzoneClusterImpl.java:lambda$waitForClusterToBeReady$0(229)) - SCM became leader
2023-08-29 18:55:21,781 [main] INFO  rpc.RpcClient (RpcClient.java:createVolume(461)) - Creating Volume: volume95024, with user86798 as owner and space quota set to -1 bytes, counts quota set to -1
2023-08-29 18:55:21,785 [OM StateMachine ApplyTransaction Thread - 0] INFO  volume.OMVolumeCreateRequest (OMVolumeCreateRequest.java:validateAndUpdateCache(196)) - created volume:volume95024 for user:user86798
2023-08-29 18:55:21,797 [main] INFO  rpc.RpcClient (RpcClient.java:createBucket(688)) - Creating Bucket: volume95024/bucket37863, with bucket layout LEGACY, runner as owner, Versioning false, Storage Type set to DISK and Encryption set to false, Replication Type set to server-side default replication type, Namespace Quota set to -1, Space Quota set to -1 
2023-08-29 18:55:21,800 [OM StateMachine ApplyTransaction Thread - 0] INFO  bucket.OMBucketCreateRequest (OMBucketCreateRequest.java:validateAndUpdateCache(270)) - created bucket: bucket37863 of layout LEGACY in volume: volume95024
]]></system-out>
  </testcase>
  <testcase name="testGetTrashRoot" classname="TestOzoneFileSystem" time="18.512">
    <system-out><![CDATA[2023-08-29 18:56:09,898 [main] INFO  ozone.MiniOzoneClusterImpl (MiniOzoneClusterImpl.java:shutdown(443)) - Shutting down the Mini Ozone Cluster
2023-08-29 18:56:09,898 [main] INFO  ozone.MiniOzoneClusterImpl (MiniOzoneClusterImpl.java:stop(460)) - Stopping the Mini Ozone Cluster
2023-08-29 18:56:09,898 [main] INFO  ozone.MiniOzoneClusterImpl (MiniOzoneClusterImpl.java:stopOM(551)) - Stopping the OzoneManager
2023-08-29 18:56:09,898 [main] INFO  om.OzoneManager (OzoneManager.java:stop(2204)) - om1[localhost:15110]: Stopping Ozone Manager
2023-08-29 18:56:09,898 [main] INFO  ipc.Server (Server.java:stop(3523)) - Stopping server on 15110
2023-08-29 18:56:09,903 [IPC Server handler 11 on default port 15110] WARN  ipc.Server (Server.java:processResponse(1772)) - IPC Server handler 11 on default port 15110, call Call#176794 Retry#0 org.apache.hadoop.ozone.om.protocol.OzoneManagerProtocol.submitRequest from localhost:43116 / 127.0.0.1:43116: output error
2023-08-29 18:56:09,904 [IPC Server handler 11 on default port 15110] INFO  ipc.Server (Server.java:run(3061)) - IPC Server handler 11 on default port 15110 caught an exception
java.nio.channels.ClosedByInterruptException
	at java.nio.channels.spi.AbstractInterruptibleChannel.end(AbstractInterruptibleChannel.java:202)
	at sun.nio.ch.SocketChannelImpl.write(SocketChannelImpl.java:477)
	at org.apache.hadoop.ipc.Server.channelWrite(Server.java:3743)
	at org.apache.hadoop.ipc.Server.access$1800(Server.java:148)
	at org.apache.hadoop.ipc.Server$Responder.processResponse(Server.java:1722)
	at org.apache.hadoop.ipc.Server$Responder.doRespond(Server.java:1792)
	at org.apache.hadoop.ipc.Server$Connection.sendResponse(Server.java:2919)
	at org.apache.hadoop.ipc.Server$Connection.access$400(Server.java:1864)
	at org.apache.hadoop.ipc.Server$RpcCall.doResponse(Server.java:1176)
	at org.apache.hadoop.ipc.Server$Call.doResponse(Server.java:954)
	at org.apache.hadoop.ipc.Server$Call.sendResponse(Server.java:940)
	at org.apache.hadoop.ipc.Server$RpcCall.run(Server.java:1111)
	at org.apache.hadoop.ipc.Server$RpcCall.run(Server.java:1017)
	at java.security.AccessController.doPrivileged(Native Method)
	at javax.security.auth.Subject.doAs(Subject.java:422)
	at org.apache.hadoop.security.UserGroupInformation.doAs(UserGroupInformation.java:1899)
	at org.apache.hadoop.ipc.Server$Handler.run(Server.java:3048)
2023-08-29 18:56:09,908 [IPC Server Responder] INFO  ipc.Server (Server.java:run(1567)) - Stopping IPC Server Responder
2023-08-29 18:56:09,908 [IPC Server listener on 15110] INFO  ipc.Server (Server.java:run(1434)) - Stopping IPC Server listener on 15110
2023-08-29 18:56:09,911 [main] INFO  server.RaftServer (RaftServerProxy.java:lambda$close$6(416)) - om1: close
2023-08-29 18:56:09,911 [main] INFO  server.GrpcService (GrpcService.java:closeImpl(311)) - om1: shutdown server GrpcServerProtocolService now
2023-08-29 18:56:09,911 [om1-impl-thread2] INFO  server.RaftServer$Division (RaftServerImpl.java:lambda$close$4(466)) - om1@group-C5BA1605619E: shutdown
2023-08-29 18:56:09,911 [om1-impl-thread2] INFO  util.JmxRegister (JmxRegister.java:unregister(73)) - Successfully un-registered JMX Bean with object name Ratis:service=RaftServer,group=group-C5BA1605619E,id=om1
2023-08-29 18:56:09,911 [om1-impl-thread2] INFO  impl.RoleInfo (RoleInfo.java:shutdownLeaderState(93)) - om1: shutdown om1@group-C5BA1605619E-LeaderStateImpl
2023-08-29 18:56:09,911 [om1-impl-thread2] INFO  impl.PendingRequests (PendingRequests.java:sendNotLeaderResponses(289)) - om1@group-C5BA1605619E-PendingRequests: sendNotLeaderResponses
2023-08-29 18:56:09,915 [main] INFO  server.GrpcService (GrpcService.java:closeImpl(320)) - om1: shutdown server GrpcServerProtocolService successfully
2023-08-29 18:56:09,916 [om1-impl-thread2] INFO  impl.StateMachineUpdater (StateMachineUpdater.java:stopAndJoin(155)) - om1@group-C5BA1605619E-StateMachineUpdater: set stopIndex = 37018
2023-08-29 18:56:09,916 [om1@group-C5BA1605619E-StateMachineUpdater] INFO  ratis.OzoneManagerStateMachine (OzoneManagerStateMachine.java:takeSnapshot(480)) - Current Snapshot Index (t:1, i:37018)
2023-08-29 18:56:09,940 [om1@group-C5BA1605619E-StateMachineUpdater] INFO  impl.StateMachineUpdater (StateMachineUpdater.java:takeSnapshot(291)) - om1@group-C5BA1605619E-StateMachineUpdater: Took a snapshot at index 37018
2023-08-29 18:56:09,940 [om1@group-C5BA1605619E-StateMachineUpdater] INFO  impl.StateMachineUpdater (StateMachineUpdater.java:lambda$new$0(97)) - om1@group-C5BA1605619E-StateMachineUpdater: snapshotIndex: updateIncreasingly -1 -> 37018
2023-08-29 18:56:09,940 [om1@group-C5BA1605619E-StateMachineUpdater] INFO  ratis.OzoneManagerStateMachine (OzoneManagerStateMachine.java:close(534)) - StateMachine has shutdown. Shutdown OzoneManager if not already shutdown.
2023-08-29 18:56:09,940 [om1@group-C5BA1605619E-StateMachineUpdater] INFO  ratis.OzoneManagerDoubleBuffer (OzoneManagerDoubleBuffer.java:stopDaemon(551)) - Stopping OMDoubleBuffer flush thread
2023-08-29 18:56:09,940 [OMDoubleBufferFlushThread] INFO  ratis.OzoneManagerDoubleBuffer (OzoneManagerDoubleBuffer.java:canFlush(638)) - OMDoubleBuffer flush thread OMDoubleBufferFlushThread is interrupted and will exit.
2023-08-29 18:56:09,941 [om1-impl-thread2] INFO  server.RaftServer$Division (ServerState.java:close(472)) - om1@group-C5BA1605619E: closes. applyIndex: 37018
2023-08-29 18:56:10,672 [BlockDeletingService#0] INFO  interfaces.ContainerDeletionChoosingPolicyTemplate (ContainerDeletionChoosingPolicyTemplate.java:chooseContainerForBlockDeletion(85)) - Chosen 0/5000 blocks from 0 candidate containers.
2023-08-29 18:56:10,897 [om1-impl-thread2] INFO  segmented.SegmentedRaftLogWorker (SegmentedRaftLogWorker.java:close(252)) - om1@group-C5BA1605619E-SegmentedRaftLogWorker close()
2023-08-29 18:56:10,899 [JvmPauseMonitor15] INFO  util.JvmPauseMonitor (JvmPauseMonitor.java:run(109)) - JvmPauseMonitor-om1: Stopped
2023-08-29 18:56:10,899 [main] INFO  ratis.OzoneManagerStateMachine (OzoneManagerStateMachine.java:close(534)) - StateMachine has shutdown. Shutdown OzoneManager if not already shutdown.
2023-08-29 18:56:10,899 [main] INFO  ratis.OzoneManagerDoubleBuffer (OzoneManagerDoubleBuffer.java:stopDaemon(560)) - OMDoubleBuffer flush thread is not running.
2023-08-29 18:56:10,901 [main] INFO  utils.BackgroundService (BackgroundService.java:shutdown(141)) - Shutting down service KeyDeletingService
2023-08-29 18:56:10,901 [main] INFO  utils.BackgroundService (BackgroundService.java:shutdown(141)) - Shutting down service KeyDeletingService
2023-08-29 18:56:10,901 [main] INFO  utils.BackgroundService (BackgroundService.java:shutdown(141)) - Shutting down service OpenKeyCleanupService
2023-08-29 18:56:10,902 [main] INFO  utils.BackgroundService (BackgroundService.java:shutdown(141)) - Shutting down service SstFilteringService
2023-08-29 18:56:10,902 [main] INFO  utils.BackgroundService (BackgroundService.java:shutdown(141)) - Shutting down service SnapshotDeletingService
2023-08-29 18:56:10,902 [main] INFO  handler.ContextHandler (ContextHandler.java:doStop(1159)) - Stopped o.e.j.w.WebAppContext@8e49207{ozoneManager,/,null,STOPPED}{file:/home/runner/work/ozone/ozone/hadoop-ozone/integration-test/target/test-classes/webapps/ozoneManager}
2023-08-29 18:56:10,903 [main] INFO  server.AbstractConnector (AbstractConnector.java:doStop(383)) - Stopped ServerConnector@3e94d7a2{HTTP/1.1, (http/1.1)}{0.0.0.0:15111}
2023-08-29 18:56:10,903 [main] INFO  server.session (HouseKeeper.java:stopScavenging(149)) - node0 Stopped scavenging
2023-08-29 18:56:10,903 [main] INFO  handler.ContextHandler (ContextHandler.java:doStop(1159)) - Stopped o.e.j.s.ServletContextHandler@615bf4a1{static,/static,file:///home/runner/work/ozone/ozone/hadoop-ozone/integration-test/target/test-classes/webapps/static,STOPPED}
2023-08-29 18:56:10,904 [main] INFO  handler.ContextHandler (ContextHandler.java:doStop(1159)) - Stopped o.e.j.s.ServletContextHandler@49db5424{logs,/logs,file:///home/runner/work/ozone/ozone/hadoop-ozone/integration-test/target/log,STOPPED}
2023-08-29 18:56:10,904 [main] INFO  rocksdiff.RocksDBCheckpointDiffer (RocksDBCheckpointDiffer.java:close(340)) - Shutting down CompactionDagPruningService.
2023-08-29 18:56:10,904 [Trash Emptier] ERROR om.TrashPolicyOzone (TrashPolicyOzone.java:run(350)) - Error attempting to shutdown
java.lang.InterruptedException
	at java.util.concurrent.locks.AbstractQueuedSynchronizer$ConditionObject.awaitNanos(AbstractQueuedSynchronizer.java:2067)
	at java.util.concurrent.ThreadPoolExecutor.awaitTermination(ThreadPoolExecutor.java:1475)
	at org.apache.hadoop.ozone.om.TrashPolicyOzone$Emptier.run(TrashPolicyOzone.java:348)
	at java.lang.Thread.run(Thread.java:750)
2023-08-29 18:56:10,907 [main] INFO  snapshot.SnapshotDiffManager (SnapshotDiffManager.java:closeExecutorService(1720)) - Shutting down executorService: 'SnapDiffExecutor'
2023-08-29 18:56:10,907 [main] INFO  snapshot.SnapshotDiffManager (SnapshotDiffManager.java:closeExecutorService(1720)) - Shutting down executorService: 'SstDumpToolExecutor'
2023-08-29 18:56:10,907 [main] INFO  utils.BackgroundService (BackgroundService.java:shutdown(141)) - Shutting down service SnapshotDiffCleanupService
2023-08-29 18:56:10,908 [main] INFO  ozone.MiniOzoneClusterImpl (MiniOzoneClusterImpl.java:stopDatanodes(528)) - Stopping the HddsDatanodes
2023-08-29 18:56:10,912 [ForkJoinPool.commonPool-worker-0] INFO  ozoneimpl.OzoneContainer (OzoneContainer.java:stop(451)) - Attempting to stop container services.
2023-08-29 18:56:10,912 [ForkJoinPool.commonPool-worker-0] INFO  server.RaftServer (RaftServerProxy.java:lambda$close$6(416)) - fe29ea50-ce7d-4d67-99db-5363b98f75df: close
2023-08-29 18:56:10,912 [fe29ea50-ce7d-4d67-99db-5363b98f75df-impl-thread2] INFO  server.RaftServer$Division (RaftServerImpl.java:lambda$close$4(466)) - fe29ea50-ce7d-4d67-99db-5363b98f75df@group-3B31C3308912: shutdown
2023-08-29 18:56:10,912 [fe29ea50-ce7d-4d67-99db-5363b98f75df-impl-thread2] INFO  util.JmxRegister (JmxRegister.java:unregister(73)) - Successfully un-registered JMX Bean with object name Ratis:service=RaftServer,group=group-3B31C3308912,id=fe29ea50-ce7d-4d67-99db-5363b98f75df
2023-08-29 18:56:10,912 [fe29ea50-ce7d-4d67-99db-5363b98f75df-impl-thread2] INFO  impl.RoleInfo (RoleInfo.java:shutdownFollowerState(110)) - fe29ea50-ce7d-4d67-99db-5363b98f75df: shutdown fe29ea50-ce7d-4d67-99db-5363b98f75df@group-3B31C3308912-FollowerState
2023-08-29 18:56:10,913 [ForkJoinPool.commonPool-worker-0] INFO  server.GrpcService (GrpcService.java:closeImpl(311)) - fe29ea50-ce7d-4d67-99db-5363b98f75df: shutdown server org.apache.ratis.grpc.server.GrpcClientProtocolService now
2023-08-29 18:56:10,913 [fe29ea50-ce7d-4d67-99db-5363b98f75df-impl-thread4] INFO  server.RaftServer$Division (RaftServerImpl.java:lambda$close$4(466)) - fe29ea50-ce7d-4d67-99db-5363b98f75df@group-8B1BF10DED3E: shutdown
2023-08-29 18:56:10,913 [fe29ea50-ce7d-4d67-99db-5363b98f75df-impl-thread4] INFO  util.JmxRegister (JmxRegister.java:unregister(73)) - Successfully un-registered JMX Bean with object name Ratis:service=RaftServer,group=group-8B1BF10DED3E,id=fe29ea50-ce7d-4d67-99db-5363b98f75df
2023-08-29 18:56:10,913 [fe29ea50-ce7d-4d67-99db-5363b98f75df-impl-thread4] INFO  impl.RoleInfo (RoleInfo.java:shutdownFollowerState(110)) - fe29ea50-ce7d-4d67-99db-5363b98f75df: shutdown fe29ea50-ce7d-4d67-99db-5363b98f75df@group-8B1BF10DED3E-FollowerState
2023-08-29 18:56:10,913 [fe29ea50-ce7d-4d67-99db-5363b98f75df@group-8B1BF10DED3E-FollowerState] INFO  impl.FollowerState (FollowerState.java:run(152)) - fe29ea50-ce7d-4d67-99db-5363b98f75df@group-8B1BF10DED3E-FollowerState was interrupted
2023-08-29 18:56:10,913 [fe29ea50-ce7d-4d67-99db-5363b98f75df@group-8B1BF10DED3E-StateMachineUpdater] INFO  ratis.ContainerStateMachine (ContainerStateMachine.java:takeSnapshot(330)) - group-8B1BF10DED3E: Taking a snapshot at:(t:1, i:4) file /home/runner/work/ozone/ozone/hadoop-ozone/integration-test/target/test-dir/MiniOzoneClusterImpl-e121caef-2a4e-4b75-96a0-c968b96a6505/datanode-1/data/ratis/5057b0a3-415b-4b82-83f1-8b1bf10ded3e/sm/snapshot.1_4
2023-08-29 18:56:10,913 [fe29ea50-ce7d-4d67-99db-5363b98f75df-impl-thread3] INFO  server.RaftServer$Division (RaftServerImpl.java:lambda$close$4(466)) - fe29ea50-ce7d-4d67-99db-5363b98f75df@group-E6D30998028F: shutdown
2023-08-29 18:56:10,913 [fe29ea50-ce7d-4d67-99db-5363b98f75df-impl-thread3] INFO  util.JmxRegister (JmxRegister.java:unregister(73)) - Successfully un-registered JMX Bean with object name Ratis:service=RaftServer,group=group-E6D30998028F,id=fe29ea50-ce7d-4d67-99db-5363b98f75df
2023-08-29 18:56:10,913 [fe29ea50-ce7d-4d67-99db-5363b98f75df-impl-thread3] INFO  impl.RoleInfo (RoleInfo.java:shutdownLeaderState(93)) - fe29ea50-ce7d-4d67-99db-5363b98f75df: shutdown fe29ea50-ce7d-4d67-99db-5363b98f75df@group-E6D30998028F-LeaderStateImpl
2023-08-29 18:56:10,913 [fe29ea50-ce7d-4d67-99db-5363b98f75df-impl-thread4] INFO  impl.StateMachineUpdater (StateMachineUpdater.java:stopAndJoin(155)) - fe29ea50-ce7d-4d67-99db-5363b98f75df@group-8B1BF10DED3E-StateMachineUpdater: set stopIndex = 4
2023-08-29 18:56:10,914 [fe29ea50-ce7d-4d67-99db-5363b98f75df-impl-thread3] INFO  impl.PendingRequests (PendingRequests.java:sendNotLeaderResponses(289)) - fe29ea50-ce7d-4d67-99db-5363b98f75df@group-E6D30998028F-PendingRequests: sendNotLeaderResponses
2023-08-29 18:56:10,914 [fe29ea50-ce7d-4d67-99db-5363b98f75df-impl-thread3] INFO  impl.StateMachineUpdater (StateMachineUpdater.java:stopAndJoin(155)) - fe29ea50-ce7d-4d67-99db-5363b98f75df@group-E6D30998028F-StateMachineUpdater: set stopIndex = 0
2023-08-29 18:56:10,914 [fe29ea50-ce7d-4d67-99db-5363b98f75df@group-E6D30998028F-StateMachineUpdater] INFO  ratis.ContainerStateMachine (ContainerStateMachine.java:takeSnapshot(330)) - group-E6D30998028F: Taking a snapshot at:(t:1, i:0) file /home/runner/work/ozone/ozone/hadoop-ozone/integration-test/target/test-dir/MiniOzoneClusterImpl-e121caef-2a4e-4b75-96a0-c968b96a6505/datanode-1/data/ratis/0d0b0b66-b3b8-444a-a7e9-e6d30998028f/sm/snapshot.1_0
2023-08-29 18:56:10,914 [ForkJoinPool.commonPool-worker-0] INFO  server.GrpcService (GrpcService.java:closeImpl(320)) - fe29ea50-ce7d-4d67-99db-5363b98f75df: shutdown server org.apache.ratis.grpc.server.GrpcClientProtocolService successfully
2023-08-29 18:56:10,914 [ForkJoinPool.commonPool-worker-0] INFO  server.GrpcService (GrpcService.java:closeImpl(311)) - fe29ea50-ce7d-4d67-99db-5363b98f75df: shutdown server GrpcServerProtocolService now
2023-08-29 18:56:10,915 [fe29ea50-ce7d-4d67-99db-5363b98f75df-impl-thread2] INFO  impl.StateMachineUpdater (StateMachineUpdater.java:stopAndJoin(155)) - fe29ea50-ce7d-4d67-99db-5363b98f75df@group-3B31C3308912-StateMachineUpdater: set stopIndex = 29
2023-08-29 18:56:10,915 [fe29ea50-ce7d-4d67-99db-5363b98f75df@group-3B31C3308912-FollowerState] INFO  impl.FollowerState (FollowerState.java:run(152)) - fe29ea50-ce7d-4d67-99db-5363b98f75df@group-3B31C3308912-FollowerState was interrupted
2023-08-29 18:56:10,916 [fe29ea50-ce7d-4d67-99db-5363b98f75df@group-8B1BF10DED3E-StateMachineUpdater] INFO  ratis.ContainerStateMachine (ContainerStateMachine.java:takeSnapshot(341)) - group-8B1BF10DED3E: Finished taking a snapshot at:(t:1, i:4) file:/home/runner/work/ozone/ozone/hadoop-ozone/integration-test/target/test-dir/MiniOzoneClusterImpl-e121caef-2a4e-4b75-96a0-c968b96a6505/datanode-1/data/ratis/5057b0a3-415b-4b82-83f1-8b1bf10ded3e/sm/snapshot.1_4 took: 3 ms
2023-08-29 18:56:10,916 [fe29ea50-ce7d-4d67-99db-5363b98f75df@group-8B1BF10DED3E-StateMachineUpdater] INFO  impl.StateMachineUpdater (StateMachineUpdater.java:takeSnapshot(291)) - fe29ea50-ce7d-4d67-99db-5363b98f75df@group-8B1BF10DED3E-StateMachineUpdater: Took a snapshot at index 4
2023-08-29 18:56:10,916 [fe29ea50-ce7d-4d67-99db-5363b98f75df@group-8B1BF10DED3E-StateMachineUpdater] INFO  impl.StateMachineUpdater (StateMachineUpdater.java:lambda$new$0(97)) - fe29ea50-ce7d-4d67-99db-5363b98f75df@group-8B1BF10DED3E-StateMachineUpdater: snapshotIndex: updateIncreasingly -1 -> 4
2023-08-29 18:56:10,918 [fe29ea50-ce7d-4d67-99db-5363b98f75df@group-3B31C3308912-StateMachineUpdater] INFO  ratis.ContainerStateMachine (ContainerStateMachine.java:takeSnapshot(330)) - group-3B31C3308912: Taking a snapshot at:(t:1, i:29) file /home/runner/work/ozone/ozone/hadoop-ozone/integration-test/target/test-dir/MiniOzoneClusterImpl-e121caef-2a4e-4b75-96a0-c968b96a6505/datanode-1/data/ratis/3f897b43-44f9-42f7-87e7-3b31c3308912/sm/snapshot.1_29
2023-08-29 18:56:10,918 [fe29ea50-ce7d-4d67-99db-5363b98f75df-impl-thread4] INFO  server.RaftServer$Division (ServerState.java:close(472)) - fe29ea50-ce7d-4d67-99db-5363b98f75df@group-8B1BF10DED3E: closes. applyIndex: 4
2023-08-29 18:56:10,919 [grpc-default-executor-7] WARN  server.GrpcServerProtocolService (LogUtils.java:warn(122)) - fe29ea50-ce7d-4d67-99db-5363b98f75df: APPEND_ENTRIES onError, lastRequest: 2eaf327d-c8aa-4b69-9e65-db94832273b8->fe29ea50-ce7d-4d67-99db-5363b98f75df#55-t1,previous=(t:1, i:29),leaderCommit=29,initializing? true,entries: size=1, first=(t:1, i:30), METADATAENTRY(c:28): org.apache.ratis.thirdparty.io.grpc.StatusRuntimeException: CANCELLED: client cancelled
2023-08-29 18:56:10,919 [fe29ea50-ce7d-4d67-99db-5363b98f75df@group-3B31C3308912-StateMachineUpdater] INFO  ratis.ContainerStateMachine (ContainerStateMachine.java:takeSnapshot(341)) - group-3B31C3308912: Finished taking a snapshot at:(t:1, i:29) file:/home/runner/work/ozone/ozone/hadoop-ozone/integration-test/target/test-dir/MiniOzoneClusterImpl-e121caef-2a4e-4b75-96a0-c968b96a6505/datanode-1/data/ratis/3f897b43-44f9-42f7-87e7-3b31c3308912/sm/snapshot.1_29 took: 2 ms
2023-08-29 18:56:10,919 [fe29ea50-ce7d-4d67-99db-5363b98f75df@group-3B31C3308912-StateMachineUpdater] INFO  impl.StateMachineUpdater (StateMachineUpdater.java:takeSnapshot(291)) - fe29ea50-ce7d-4d67-99db-5363b98f75df@group-3B31C3308912-StateMachineUpdater: Took a snapshot at index 29
2023-08-29 18:56:10,919 [fe29ea50-ce7d-4d67-99db-5363b98f75df@group-3B31C3308912-StateMachineUpdater] INFO  impl.StateMachineUpdater (StateMachineUpdater.java:lambda$new$0(97)) - fe29ea50-ce7d-4d67-99db-5363b98f75df@group-3B31C3308912-StateMachineUpdater: snapshotIndex: updateIncreasingly -1 -> 29
2023-08-29 18:56:10,919 [grpc-default-executor-0] WARN  server.GrpcServerProtocolService (LogUtils.java:warn(122)) - fe29ea50-ce7d-4d67-99db-5363b98f75df: APPEND_ENTRIES onError, lastRequest: null: org.apache.ratis.thirdparty.io.grpc.StatusRuntimeException: CANCELLED: client cancelled
2023-08-29 18:56:10,919 [grpc-default-executor-5] WARN  server.GrpcServerProtocolService (LogUtils.java:warn(122)) - fe29ea50-ce7d-4d67-99db-5363b98f75df: APPEND_ENTRIES onError, lastRequest: 0d210486-d547-40fe-b644-a4a516df2759->fe29ea50-ce7d-4d67-99db-5363b98f75df#6-t1,previous=(t:1, i:3),leaderCommit=2,initializing? true,entries: size=1, first=(t:1, i:4), METADATAENTRY(c:2): org.apache.ratis.thirdparty.io.grpc.StatusRuntimeException: CANCELLED: client cancelled
2023-08-29 18:56:10,920 [fe29ea50-ce7d-4d67-99db-5363b98f75df@group-E6D30998028F-StateMachineUpdater] INFO  ratis.ContainerStateMachine (ContainerStateMachine.java:takeSnapshot(341)) - group-E6D30998028F: Finished taking a snapshot at:(t:1, i:0) file:/home/runner/work/ozone/ozone/hadoop-ozone/integration-test/target/test-dir/MiniOzoneClusterImpl-e121caef-2a4e-4b75-96a0-c968b96a6505/datanode-1/data/ratis/0d0b0b66-b3b8-444a-a7e9-e6d30998028f/sm/snapshot.1_0 took: 5 ms
2023-08-29 18:56:10,920 [fe29ea50-ce7d-4d67-99db-5363b98f75df@group-E6D30998028F-StateMachineUpdater] INFO  impl.StateMachineUpdater (StateMachineUpdater.java:takeSnapshot(291)) - fe29ea50-ce7d-4d67-99db-5363b98f75df@group-E6D30998028F-StateMachineUpdater: Took a snapshot at index 0
2023-08-29 18:56:10,920 [fe29ea50-ce7d-4d67-99db-5363b98f75df@group-E6D30998028F-StateMachineUpdater] INFO  impl.StateMachineUpdater (StateMachineUpdater.java:lambda$new$0(97)) - fe29ea50-ce7d-4d67-99db-5363b98f75df@group-E6D30998028F-StateMachineUpdater: snapshotIndex: updateIncreasingly -1 -> 0
2023-08-29 18:56:10,920 [fe29ea50-ce7d-4d67-99db-5363b98f75df-impl-thread3] INFO  server.RaftServer$Division (ServerState.java:close(472)) - fe29ea50-ce7d-4d67-99db-5363b98f75df@group-E6D30998028F: closes. applyIndex: 0
2023-08-29 18:56:10,921 [fe29ea50-ce7d-4d67-99db-5363b98f75df-impl-thread2] INFO  server.RaftServer$Division (ServerState.java:close(472)) - fe29ea50-ce7d-4d67-99db-5363b98f75df@group-3B31C3308912: closes. applyIndex: 29
2023-08-29 18:56:10,929 [grpc-default-executor-8] WARN  server.GrpcServerProtocolService (LogUtils.java:warn(122)) - fe29ea50-ce7d-4d67-99db-5363b98f75df: APPEND_ENTRIES onError, lastRequest: null: org.apache.ratis.thirdparty.io.grpc.StatusRuntimeException: CANCELLED: client cancelled
2023-08-29 18:56:10,929 [main] INFO  ozoneimpl.OzoneContainer (OzoneContainer.java:stop(451)) - Attempting to stop container services.
2023-08-29 18:56:10,929 [main] INFO  server.RaftServer (RaftServerProxy.java:lambda$close$6(416)) - 2eaf327d-c8aa-4b69-9e65-db94832273b8: close
2023-08-29 18:56:10,930 [grpc-default-executor-0] WARN  server.GrpcLogAppender (LogUtils.java:warn(122)) - 2eaf327d-c8aa-4b69-9e65-db94832273b8@group-3B31C3308912->fe29ea50-ce7d-4d67-99db-5363b98f75df-AppendLogResponseHandler: Failed appendEntries: org.apache.ratis.thirdparty.io.grpc.StatusRuntimeException: CANCELLED: RST_STREAM closed stream. HTTP/2 error code: CANCEL
2023-08-29 18:56:10,930 [grpc-default-executor-0] INFO  leader.FollowerInfo (FollowerInfoImpl.java:lambda$new$0(52)) - 2eaf327d-c8aa-4b69-9e65-db94832273b8@group-3B31C3308912->fe29ea50-ce7d-4d67-99db-5363b98f75df: decreaseNextIndex nextIndex: updateUnconditionally 31 -> 30
2023-08-29 18:56:10,930 [ForkJoinPool.commonPool-worker-0] INFO  server.GrpcService (GrpcService.java:closeImpl(320)) - fe29ea50-ce7d-4d67-99db-5363b98f75df: shutdown server GrpcServerProtocolService successfully
2023-08-29 18:56:10,930 [ForkJoinPool.commonPool-worker-0] INFO  server.GrpcService (GrpcService.java:closeImpl(311)) - fe29ea50-ce7d-4d67-99db-5363b98f75df: shutdown server org.apache.ratis.grpc.server.GrpcAdminProtocolService now
2023-08-29 18:56:10,931 [grpc-default-executor-4] WARN  server.GrpcLogAppender (LogUtils.java:warn(122)) - 2eaf327d-c8aa-4b69-9e65-db94832273b8@group-3B31C3308912->fe29ea50-ce7d-4d67-99db-5363b98f75df-AppendLogResponseHandler: Failed appendEntries: org.apache.ratis.thirdparty.io.grpc.StatusRuntimeException: CANCELLED: RST_STREAM closed stream. HTTP/2 error code: CANCEL
2023-08-29 18:56:10,931 [grpc-default-executor-4] INFO  leader.FollowerInfo (FollowerInfoImpl.java:lambda$new$0(52)) - 2eaf327d-c8aa-4b69-9e65-db94832273b8@group-3B31C3308912->fe29ea50-ce7d-4d67-99db-5363b98f75df: decreaseNextIndex nextIndex: updateUnconditionally 30 -> 29
2023-08-29 18:56:10,931 [2eaf327d-c8aa-4b69-9e65-db94832273b8-impl-thread2] INFO  server.RaftServer$Division (RaftServerImpl.java:lambda$close$4(466)) - 2eaf327d-c8aa-4b69-9e65-db94832273b8@group-3B31C3308912: shutdown
2023-08-29 18:56:10,931 [2eaf327d-c8aa-4b69-9e65-db94832273b8-impl-thread2] INFO  util.JmxRegister (JmxRegister.java:unregister(73)) - Successfully un-registered JMX Bean with object name Ratis:service=RaftServer,group=group-3B31C3308912,id=2eaf327d-c8aa-4b69-9e65-db94832273b8
2023-08-29 18:56:10,931 [2eaf327d-c8aa-4b69-9e65-db94832273b8-impl-thread2] INFO  impl.RoleInfo (RoleInfo.java:shutdownLeaderState(93)) - 2eaf327d-c8aa-4b69-9e65-db94832273b8: shutdown 2eaf327d-c8aa-4b69-9e65-db94832273b8@group-3B31C3308912-LeaderStateImpl
2023-08-29 18:56:10,931 [2eaf327d-c8aa-4b69-9e65-db94832273b8-impl-thread3] INFO  server.RaftServer$Division (RaftServerImpl.java:lambda$close$4(466)) - 2eaf327d-c8aa-4b69-9e65-db94832273b8@group-8B1BF10DED3E: shutdown
2023-08-29 18:56:10,931 [2eaf327d-c8aa-4b69-9e65-db94832273b8-impl-thread3] INFO  util.JmxRegister (JmxRegister.java:unregister(73)) - Successfully un-registered JMX Bean with object name Ratis:service=RaftServer,group=group-8B1BF10DED3E,id=2eaf327d-c8aa-4b69-9e65-db94832273b8
2023-08-29 18:56:10,931 [2eaf327d-c8aa-4b69-9e65-db94832273b8-impl-thread3] INFO  impl.RoleInfo (RoleInfo.java:shutdownFollowerState(110)) - 2eaf327d-c8aa-4b69-9e65-db94832273b8: shutdown 2eaf327d-c8aa-4b69-9e65-db94832273b8@group-8B1BF10DED3E-FollowerState
2023-08-29 18:56:10,932 [main] INFO  server.GrpcService (GrpcService.java:closeImpl(311)) - 2eaf327d-c8aa-4b69-9e65-db94832273b8: shutdown server org.apache.ratis.grpc.server.GrpcClientProtocolService now
2023-08-29 18:56:10,933 [BlockDeletingService#0] INFO  interfaces.ContainerDeletionChoosingPolicyTemplate (ContainerDeletionChoosingPolicyTemplate.java:chooseContainerForBlockDeletion(85)) - Chosen 0/5000 blocks from 0 candidate containers.
2023-08-29 18:56:10,933 [grpc-default-executor-4] WARN  server.GrpcLogAppender (LogUtils.java:warn(122)) - 0d210486-d547-40fe-b644-a4a516df2759@group-8B1BF10DED3E->fe29ea50-ce7d-4d67-99db-5363b98f75df-AppendLogResponseHandler: Failed appendEntries: org.apache.ratis.thirdparty.io.grpc.StatusRuntimeException: CANCELLED: RST_STREAM closed stream. HTTP/2 error code: CANCEL
2023-08-29 18:56:10,933 [grpc-default-executor-4] INFO  leader.FollowerInfo (FollowerInfoImpl.java:lambda$new$0(52)) - 0d210486-d547-40fe-b644-a4a516df2759@group-8B1BF10DED3E->fe29ea50-ce7d-4d67-99db-5363b98f75df: decreaseNextIndex nextIndex: updateUnconditionally 5 -> 4
2023-08-29 18:56:10,934 [Thread-1652] INFO  server.GrpcServerProtocolClient (GrpcServerProtocolClient.java:close(103)) - fe29ea50-ce7d-4d67-99db-5363b98f75df Close channels
2023-08-29 18:56:10,934 [Thread-1653] INFO  server.GrpcServerProtocolClient (GrpcServerProtocolClient.java:close(103)) - 0d210486-d547-40fe-b644-a4a516df2759 Close channels
2023-08-29 18:56:10,936 [2eaf327d-c8aa-4b69-9e65-db94832273b8-impl-thread4] INFO  server.RaftServer$Division (RaftServerImpl.java:lambda$close$4(466)) - 2eaf327d-c8aa-4b69-9e65-db94832273b8@group-22DEC8A1DBB5: shutdown
2023-08-29 18:56:10,936 [2eaf327d-c8aa-4b69-9e65-db94832273b8-impl-thread4] INFO  util.JmxRegister (JmxRegister.java:unregister(73)) - Successfully un-registered JMX Bean with object name Ratis:service=RaftServer,group=group-22DEC8A1DBB5,id=2eaf327d-c8aa-4b69-9e65-db94832273b8
2023-08-29 18:56:10,936 [2eaf327d-c8aa-4b69-9e65-db94832273b8-impl-thread4] INFO  impl.RoleInfo (RoleInfo.java:shutdownLeaderState(93)) - 2eaf327d-c8aa-4b69-9e65-db94832273b8: shutdown 2eaf327d-c8aa-4b69-9e65-db94832273b8@group-22DEC8A1DBB5-LeaderStateImpl
2023-08-29 18:56:10,936 [2eaf327d-c8aa-4b69-9e65-db94832273b8-impl-thread4] INFO  impl.PendingRequests (PendingRequests.java:sendNotLeaderResponses(289)) - 2eaf327d-c8aa-4b69-9e65-db94832273b8@group-22DEC8A1DBB5-PendingRequests: sendNotLeaderResponses
2023-08-29 18:56:10,936 [2eaf327d-c8aa-4b69-9e65-db94832273b8-impl-thread4] INFO  impl.StateMachineUpdater (StateMachineUpdater.java:stopAndJoin(155)) - 2eaf327d-c8aa-4b69-9e65-db94832273b8@group-22DEC8A1DBB5-StateMachineUpdater: set stopIndex = 0
2023-08-29 18:56:10,936 [2eaf327d-c8aa-4b69-9e65-db94832273b8@group-22DEC8A1DBB5-StateMachineUpdater] INFO  ratis.ContainerStateMachine (ContainerStateMachine.java:takeSnapshot(330)) - group-22DEC8A1DBB5: Taking a snapshot at:(t:1, i:0) file /home/runner/work/ozone/ozone/hadoop-ozone/integration-test/target/test-dir/MiniOzoneClusterImpl-e121caef-2a4e-4b75-96a0-c968b96a6505/datanode-2/data/ratis/9cb0cbeb-cdf6-4f12-81bc-22dec8a1dbb5/sm/snapshot.1_0
2023-08-29 18:56:10,936 [2eaf327d-c8aa-4b69-9e65-db94832273b8-impl-thread2] INFO  impl.PendingRequests (PendingRequests.java:sendNotLeaderResponses(289)) - 2eaf327d-c8aa-4b69-9e65-db94832273b8@group-3B31C3308912-PendingRequests: sendNotLeaderResponses
2023-08-29 18:56:10,940 [grpc-default-executor-8] WARN  server.GrpcClientProtocolService (LogUtils.java:warn(122)) - 2-UnorderedRequestStreamObserver2: onError: org.apache.ratis.thirdparty.io.grpc.StatusRuntimeException: CANCELLED: client cancelled
2023-08-29 18:56:10,940 [grpc-default-executor-0] WARN  server.GrpcLogAppender (LogUtils.java:warn(122)) - 0d210486-d547-40fe-b644-a4a516df2759@group-8B1BF10DED3E->fe29ea50-ce7d-4d67-99db-5363b98f75df-AppendLogResponseHandler: Failed appendEntries: org.apache.ratis.thirdparty.io.grpc.StatusRuntimeException: CANCELLED: RST_STREAM closed stream. HTTP/2 error code: CANCEL
2023-08-29 18:56:10,945 [grpc-default-executor-0] INFO  leader.FollowerInfo (FollowerInfoImpl.java:lambda$new$0(52)) - 0d210486-d547-40fe-b644-a4a516df2759@group-8B1BF10DED3E->fe29ea50-ce7d-4d67-99db-5363b98f75df: decreaseNextIndex nextIndex: updateUnconditionally 4 -> 3
2023-08-29 18:56:10,940 [grpc-default-executor-3] WARN  server.GrpcClientProtocolService (LogUtils.java:warn(122)) - 1-OrderedRequestStreamObserver1: onError: org.apache.ratis.thirdparty.io.grpc.StatusRuntimeException: CANCELLED: client cancelled
2023-08-29 18:56:10,939 [ForkJoinPool.commonPool-worker-0] INFO  server.GrpcService (GrpcService.java:closeImpl(320)) - fe29ea50-ce7d-4d67-99db-5363b98f75df: shutdown server org.apache.ratis.grpc.server.GrpcAdminProtocolService successfully
2023-08-29 18:56:10,939 [2eaf327d-c8aa-4b69-9e65-db94832273b8@group-22DEC8A1DBB5-StateMachineUpdater] INFO  ratis.ContainerStateMachine (ContainerStateMachine.java:takeSnapshot(341)) - group-22DEC8A1DBB5: Finished taking a snapshot at:(t:1, i:0) file:/home/runner/work/ozone/ozone/hadoop-ozone/integration-test/target/test-dir/MiniOzoneClusterImpl-e121caef-2a4e-4b75-96a0-c968b96a6505/datanode-2/data/ratis/9cb0cbeb-cdf6-4f12-81bc-22dec8a1dbb5/sm/snapshot.1_0 took: 2 ms
2023-08-29 18:56:10,936 [2eaf327d-c8aa-4b69-9e65-db94832273b8@group-3B31C3308912->0d210486-d547-40fe-b644-a4a516df2759-GrpcLogAppender-LogAppenderDaemon] WARN  server.GrpcLogAppender (GrpcLogAppender.java:mayWait(199)) - 2eaf327d-c8aa-4b69-9e65-db94832273b8@group-3B31C3308912->0d210486-d547-40fe-b644-a4a516df2759-GrpcLogAppender: Wait interrupted by java.lang.InterruptedException
2023-08-29 18:56:10,945 [2eaf327d-c8aa-4b69-9e65-db94832273b8@group-22DEC8A1DBB5-StateMachineUpdater] INFO  impl.StateMachineUpdater (StateMachineUpdater.java:takeSnapshot(291)) - 2eaf327d-c8aa-4b69-9e65-db94832273b8@group-22DEC8A1DBB5-StateMachineUpdater: Took a snapshot at index 0
2023-08-29 18:56:10,945 [2eaf327d-c8aa-4b69-9e65-db94832273b8@group-22DEC8A1DBB5-StateMachineUpdater] INFO  impl.StateMachineUpdater (StateMachineUpdater.java:lambda$new$0(97)) - 2eaf327d-c8aa-4b69-9e65-db94832273b8@group-22DEC8A1DBB5-StateMachineUpdater: snapshotIndex: updateIncreasingly -1 -> 0
2023-08-29 18:56:10,936 [2eaf327d-c8aa-4b69-9e65-db94832273b8@group-3B31C3308912->fe29ea50-ce7d-4d67-99db-5363b98f75df-GrpcLogAppender-LogAppenderDaemon] WARN  server.GrpcLogAppender (GrpcLogAppender.java:mayWait(199)) - 2eaf327d-c8aa-4b69-9e65-db94832273b8@group-3B31C3308912->fe29ea50-ce7d-4d67-99db-5363b98f75df-GrpcLogAppender: Wait interrupted by java.lang.InterruptedException
2023-08-29 18:56:10,946 [fe29ea50-ce7d-4d67-99db-5363b98f75df-NettyServerStreamRpc-bossGroup--thread1] INFO  logging.LoggingHandler (AbstractInternalLogger.java:log(148)) - [id: 0xf204bc5c, L:/0:0:0:0:0:0:0:0:15130] CLOSE
2023-08-29 18:56:10,946 [fe29ea50-ce7d-4d67-99db-5363b98f75df-NettyServerStreamRpc-bossGroup--thread1] INFO  logging.LoggingHandler (AbstractInternalLogger.java:log(148)) - [id: 0xf204bc5c, L:/0:0:0:0:0:0:0:0:15130] INACTIVE
2023-08-29 18:56:10,946 [fe29ea50-ce7d-4d67-99db-5363b98f75df-NettyServerStreamRpc-bossGroup--thread1] INFO  logging.LoggingHandler (AbstractInternalLogger.java:log(148)) - [id: 0xf204bc5c, L:/0:0:0:0:0:0:0:0:15130] UNREGISTERED
2023-08-29 18:56:10,946 [2eaf327d-c8aa-4b69-9e65-db94832273b8-impl-thread4] INFO  server.RaftServer$Division (ServerState.java:close(472)) - 2eaf327d-c8aa-4b69-9e65-db94832273b8@group-22DEC8A1DBB5: closes. applyIndex: 0
2023-08-29 18:56:10,936 [2eaf327d-c8aa-4b69-9e65-db94832273b8@group-8B1BF10DED3E-FollowerState] INFO  impl.FollowerState (FollowerState.java:run(152)) - 2eaf327d-c8aa-4b69-9e65-db94832273b8@group-8B1BF10DED3E-FollowerState was interrupted
2023-08-29 18:56:10,945 [2eaf327d-c8aa-4b69-9e65-db94832273b8-impl-thread3] INFO  impl.StateMachineUpdater (StateMachineUpdater.java:stopAndJoin(155)) - 2eaf327d-c8aa-4b69-9e65-db94832273b8@group-8B1BF10DED3E-StateMachineUpdater: set stopIndex = 4
2023-08-29 18:56:10,946 [grpc-default-executor-4] INFO  server.GrpcServerProtocolService (GrpcServerProtocolService.java:onCompleted(155)) - 0d210486-d547-40fe-b644-a4a516df2759: Completed APPEND_ENTRIES, lastRequest: null
2023-08-29 18:56:10,947 [grpc-default-executor-4] INFO  server.GrpcServerProtocolService (GrpcServerProtocolService.java:lambda$onCompleted$5(157)) - 0d210486-d547-40fe-b644-a4a516df2759: Completed APPEND_ENTRIES, lastReply: serverReply {
  requestorId: "2eaf327d-c8aa-4b69-9e65-db94832273b8"
  replyId: "0d210486-d547-40fe-b644-a4a516df2759"
  raftGroupId {
    id: "?\211{CD\371B\367\207\347;1\3030\211\022"
  }
  callId: 53
  success: true
}
term: 1
nextIndex: 27
followerCommit: 26
matchIndex: 18446744073709551615
isHearbeat: true

2023-08-29 18:56:10,947 [grpc-default-executor-0] INFO  server.GrpcServerProtocolService (GrpcServerProtocolService.java:onCompleted(155)) - 0d210486-d547-40fe-b644-a4a516df2759: Completed APPEND_ENTRIES, lastRequest: 2eaf327d-c8aa-4b69-9e65-db94832273b8->0d210486-d547-40fe-b644-a4a516df2759#57-t1,previous=(t:1, i:29),leaderCommit=29,initializing? true,entries: size=1, first=(t:1, i:30), METADATAENTRY(c:28)
2023-08-29 18:56:10,947 [grpc-default-executor-0] INFO  server.GrpcServerProtocolService (GrpcServerProtocolService.java:lambda$onCompleted$5(157)) - 0d210486-d547-40fe-b644-a4a516df2759: Completed APPEND_ENTRIES, lastReply: null
2023-08-29 18:56:10,947 [grpc-default-executor-8] INFO  server.GrpcLogAppender (GrpcLogAppender.java:onCompleted(428)) - 2eaf327d-c8aa-4b69-9e65-db94832273b8@group-3B31C3308912->0d210486-d547-40fe-b644-a4a516df2759-AppendLogResponseHandler: follower responses appendEntries COMPLETED
2023-08-29 18:56:10,948 [ForkJoinPool.commonPool-worker-1] INFO  ozoneimpl.OzoneContainer (OzoneContainer.java:stop(451)) - Attempting to stop container services.
2023-08-29 18:56:10,948 [2eaf327d-c8aa-4b69-9e65-db94832273b8@group-8B1BF10DED3E-StateMachineUpdater] INFO  ratis.ContainerStateMachine (ContainerStateMachine.java:takeSnapshot(330)) - group-8B1BF10DED3E: Taking a snapshot at:(t:1, i:4) file /home/runner/work/ozone/ozone/hadoop-ozone/integration-test/target/test-dir/MiniOzoneClusterImpl-e121caef-2a4e-4b75-96a0-c968b96a6505/datanode-2/data/ratis/5057b0a3-415b-4b82-83f1-8b1bf10ded3e/sm/snapshot.1_4
2023-08-29 18:56:10,949 [2eaf327d-c8aa-4b69-9e65-db94832273b8@group-8B1BF10DED3E-StateMachineUpdater] INFO  ratis.ContainerStateMachine (ContainerStateMachine.java:takeSnapshot(341)) - group-8B1BF10DED3E: Finished taking a snapshot at:(t:1, i:4) file:/home/runner/work/ozone/ozone/hadoop-ozone/integration-test/target/test-dir/MiniOzoneClusterImpl-e121caef-2a4e-4b75-96a0-c968b96a6505/datanode-2/data/ratis/5057b0a3-415b-4b82-83f1-8b1bf10ded3e/sm/snapshot.1_4 took: 1 ms
2023-08-29 18:56:10,949 [2eaf327d-c8aa-4b69-9e65-db94832273b8@group-8B1BF10DED3E-StateMachineUpdater] INFO  impl.StateMachineUpdater (StateMachineUpdater.java:takeSnapshot(291)) - 2eaf327d-c8aa-4b69-9e65-db94832273b8@group-8B1BF10DED3E-StateMachineUpdater: Took a snapshot at index 4
2023-08-29 18:56:10,949 [2eaf327d-c8aa-4b69-9e65-db94832273b8@group-8B1BF10DED3E-StateMachineUpdater] INFO  impl.StateMachineUpdater (StateMachineUpdater.java:lambda$new$0(97)) - 2eaf327d-c8aa-4b69-9e65-db94832273b8@group-8B1BF10DED3E-StateMachineUpdater: snapshotIndex: updateIncreasingly -1 -> 4
2023-08-29 18:56:10,953 [2eaf327d-c8aa-4b69-9e65-db94832273b8-impl-thread3] INFO  server.RaftServer$Division (ServerState.java:close(472)) - 2eaf327d-c8aa-4b69-9e65-db94832273b8@group-8B1BF10DED3E: closes. applyIndex: 4
2023-08-29 18:56:10,953 [ForkJoinPool.commonPool-worker-1] INFO  server.RaftServer (RaftServerProxy.java:lambda$close$6(416)) - 0d210486-d547-40fe-b644-a4a516df2759: close
2023-08-29 18:56:10,958 [grpc-default-executor-8] WARN  server.GrpcLogAppender (GrpcLogAppender.java:resetClient(137)) - 2eaf327d-c8aa-4b69-9e65-db94832273b8@group-3B31C3308912->0d210486-d547-40fe-b644-a4a516df2759-GrpcLogAppender: Failed to getClient for 0d210486-d547-40fe-b644-a4a516df2759
org.apache.ratis.protocol.exceptions.AlreadyClosedException: 2eaf327d-c8aa-4b69-9e65-db94832273b8 is already CLOSED
	at org.apache.ratis.util.PeerProxyMap$PeerAndProxy.getProxy(PeerProxyMap.java:61)
	at org.apache.ratis.util.PeerProxyMap.getProxy(PeerProxyMap.java:115)
	at org.apache.ratis.grpc.server.GrpcLogAppender.getClient(GrpcLogAppender.java:112)
	at org.apache.ratis.grpc.server.GrpcLogAppender.resetClient(GrpcLogAppender.java:117)
	at org.apache.ratis.grpc.server.GrpcLogAppender.access$500(GrpcLogAppender.java:56)
	at org.apache.ratis.grpc.server.GrpcLogAppender$AppendLogResponseHandler.onCompleted(GrpcLogAppender.java:429)
	at org.apache.ratis.thirdparty.io.grpc.stub.ClientCalls$StreamObserverToCallListenerAdapter.onClose(ClientCalls.java:485)
	at org.apache.ratis.thirdparty.io.grpc.internal.ClientCallImpl.closeObserver(ClientCallImpl.java:563)
	at org.apache.ratis.thirdparty.io.grpc.internal.ClientCallImpl.access$300(ClientCallImpl.java:70)
	at org.apache.ratis.thirdparty.io.grpc.internal.ClientCallImpl$ClientStreamListenerImpl$1StreamClosed.runInternal(ClientCallImpl.java:744)
	at org.apache.ratis.thirdparty.io.grpc.internal.ClientCallImpl$ClientStreamListenerImpl$1StreamClosed.runInContext(ClientCallImpl.java:723)
	at org.apache.ratis.thirdparty.io.grpc.internal.ContextRunnable.run(ContextRunnable.java:37)
	at org.apache.ratis.thirdparty.io.grpc.internal.SerializingExecutor.run(SerializingExecutor.java:133)
	at java.util.concurrent.ThreadPoolExecutor.runWorker(ThreadPoolExecutor.java:1149)
	at java.util.concurrent.ThreadPoolExecutor$Worker.run(ThreadPoolExecutor.java:624)
	at java.lang.Thread.run(Thread.java:750)
2023-08-29 18:56:10,959 [grpc-default-executor-5] INFO  server.GrpcLogAppender (GrpcLogAppender.java:onCompleted(428)) - 2eaf327d-c8aa-4b69-9e65-db94832273b8@group-3B31C3308912->0d210486-d547-40fe-b644-a4a516df2759-AppendLogResponseHandler: follower responses appendEntries COMPLETED
2023-08-29 18:56:10,959 [grpc-default-executor-5] WARN  server.GrpcLogAppender (GrpcLogAppender.java:resetClient(137)) - 2eaf327d-c8aa-4b69-9e65-db94832273b8@group-3B31C3308912->0d210486-d547-40fe-b644-a4a516df2759-GrpcLogAppender: Failed to getClient for 0d210486-d547-40fe-b644-a4a516df2759
org.apache.ratis.protocol.exceptions.AlreadyClosedException: 2eaf327d-c8aa-4b69-9e65-db94832273b8 is already CLOSED
	at org.apache.ratis.util.PeerProxyMap$PeerAndProxy.getProxy(PeerProxyMap.java:61)
	at org.apache.ratis.util.PeerProxyMap.getProxy(PeerProxyMap.java:115)
	at org.apache.ratis.grpc.server.GrpcLogAppender.getClient(GrpcLogAppender.java:112)
	at org.apache.ratis.grpc.server.GrpcLogAppender.resetClient(GrpcLogAppender.java:117)
	at org.apache.ratis.grpc.server.GrpcLogAppender.access$500(GrpcLogAppender.java:56)
	at org.apache.ratis.grpc.server.GrpcLogAppender$AppendLogResponseHandler.onCompleted(GrpcLogAppender.java:429)
	at org.apache.ratis.thirdparty.io.grpc.stub.ClientCalls$StreamObserverToCallListenerAdapter.onClose(ClientCalls.java:485)
	at org.apache.ratis.thirdparty.io.grpc.internal.DelayedClientCall$DelayedListener$3.run(DelayedClientCall.java:471)
	at org.apache.ratis.thirdparty.io.grpc.internal.DelayedClientCall$DelayedListener.delayOrExecute(DelayedClientCall.java:435)
	at org.apache.ratis.thirdparty.io.grpc.internal.DelayedClientCall$DelayedListener.onClose(DelayedClientCall.java:468)
	at org.apache.ratis.thirdparty.io.grpc.internal.ClientCallImpl.closeObserver(ClientCallImpl.java:563)
	at org.apache.ratis.thirdparty.io.grpc.internal.ClientCallImpl.access$300(ClientCallImpl.java:70)
	at org.apache.ratis.thirdparty.io.grpc.internal.ClientCallImpl$ClientStreamListenerImpl$1StreamClosed.runInternal(ClientCallImpl.java:744)
	at org.apache.ratis.thirdparty.io.grpc.internal.ClientCallImpl$ClientStreamListenerImpl$1StreamClosed.runInContext(ClientCallImpl.java:723)
	at org.apache.ratis.thirdparty.io.grpc.internal.ContextRunnable.run(ContextRunnable.java:37)
	at org.apache.ratis.thirdparty.io.grpc.internal.SerializingExecutor.run(SerializingExecutor.java:133)
	at java.util.concurrent.ThreadPoolExecutor.runWorker(ThreadPoolExecutor.java:1149)
	at java.util.concurrent.ThreadPoolExecutor$Worker.run(ThreadPoolExecutor.java:624)
	at java.lang.Thread.run(Thread.java:750)
2023-08-29 18:56:10,961 [main] INFO  server.GrpcService (GrpcService.java:closeImpl(320)) - 2eaf327d-c8aa-4b69-9e65-db94832273b8: shutdown server org.apache.ratis.grpc.server.GrpcClientProtocolService successfully
2023-08-29 18:56:10,961 [main] INFO  server.GrpcService (GrpcService.java:closeImpl(311)) - 2eaf327d-c8aa-4b69-9e65-db94832273b8: shutdown server GrpcServerProtocolService now
2023-08-29 18:56:10,961 [0d210486-d547-40fe-b644-a4a516df2759-impl-thread2] INFO  server.RaftServer$Division (RaftServerImpl.java:lambda$close$4(466)) - 0d210486-d547-40fe-b644-a4a516df2759@group-3B31C3308912: shutdown
2023-08-29 18:56:10,961 [0d210486-d547-40fe-b644-a4a516df2759-impl-thread2] INFO  util.JmxRegister (JmxRegister.java:unregister(73)) - Successfully un-registered JMX Bean with object name Ratis:service=RaftServer,group=group-3B31C3308912,id=0d210486-d547-40fe-b644-a4a516df2759
2023-08-29 18:56:10,961 [0d210486-d547-40fe-b644-a4a516df2759-impl-thread2] INFO  impl.RoleInfo (RoleInfo.java:shutdownFollowerState(110)) - 0d210486-d547-40fe-b644-a4a516df2759: shutdown 0d210486-d547-40fe-b644-a4a516df2759@group-3B31C3308912-FollowerState
2023-08-29 18:56:10,961 [0d210486-d547-40fe-b644-a4a516df2759-impl-thread3] INFO  server.RaftServer$Division (RaftServerImpl.java:lambda$close$4(466)) - 0d210486-d547-40fe-b644-a4a516df2759@group-F767498352D0: shutdown
2023-08-29 18:56:10,961 [0d210486-d547-40fe-b644-a4a516df2759-impl-thread3] INFO  util.JmxRegister (JmxRegister.java:unregister(73)) - Successfully un-registered JMX Bean with object name Ratis:service=RaftServer,group=group-F767498352D0,id=0d210486-d547-40fe-b644-a4a516df2759
2023-08-29 18:56:10,961 [0d210486-d547-40fe-b644-a4a516df2759-impl-thread3] INFO  impl.RoleInfo (RoleInfo.java:shutdownLeaderState(93)) - 0d210486-d547-40fe-b644-a4a516df2759: shutdown 0d210486-d547-40fe-b644-a4a516df2759@group-F767498352D0-LeaderStateImpl
2023-08-29 18:56:10,962 [0d210486-d547-40fe-b644-a4a516df2759-impl-thread3] INFO  impl.PendingRequests (PendingRequests.java:sendNotLeaderResponses(289)) - 0d210486-d547-40fe-b644-a4a516df2759@group-F767498352D0-PendingRequests: sendNotLeaderResponses
2023-08-29 18:56:10,963 [0d210486-d547-40fe-b644-a4a516df2759-impl-thread3] INFO  impl.StateMachineUpdater (StateMachineUpdater.java:stopAndJoin(155)) - 0d210486-d547-40fe-b644-a4a516df2759@group-F767498352D0-StateMachineUpdater: set stopIndex = 0
2023-08-29 18:56:10,964 [ForkJoinPool.commonPool-worker-1] INFO  server.GrpcService (GrpcService.java:closeImpl(311)) - 0d210486-d547-40fe-b644-a4a516df2759: shutdown server org.apache.ratis.grpc.server.GrpcClientProtocolService now
2023-08-29 18:56:10,964 [0d210486-d547-40fe-b644-a4a516df2759-impl-thread4] INFO  server.RaftServer$Division (RaftServerImpl.java:lambda$close$4(466)) - 0d210486-d547-40fe-b644-a4a516df2759@group-8B1BF10DED3E: shutdown
2023-08-29 18:56:10,965 [0d210486-d547-40fe-b644-a4a516df2759-impl-thread4] INFO  util.JmxRegister (JmxRegister.java:unregister(73)) - Successfully un-registered JMX Bean with object name Ratis:service=RaftServer,group=group-8B1BF10DED3E,id=0d210486-d547-40fe-b644-a4a516df2759
2023-08-29 18:56:10,965 [0d210486-d547-40fe-b644-a4a516df2759@group-F767498352D0-StateMachineUpdater] INFO  ratis.ContainerStateMachine (ContainerStateMachine.java:takeSnapshot(330)) - group-F767498352D0: Taking a snapshot at:(t:1, i:0) file /home/runner/work/ozone/ozone/hadoop-ozone/integration-test/target/test-dir/MiniOzoneClusterImpl-e121caef-2a4e-4b75-96a0-c968b96a6505/datanode-0/data/ratis/3c52329a-67b6-4560-b9bb-f767498352d0/sm/snapshot.1_0
2023-08-29 18:56:10,965 [0d210486-d547-40fe-b644-a4a516df2759-impl-thread4] INFO  impl.RoleInfo (RoleInfo.java:shutdownLeaderState(93)) - 0d210486-d547-40fe-b644-a4a516df2759: shutdown 0d210486-d547-40fe-b644-a4a516df2759@group-8B1BF10DED3E-LeaderStateImpl
2023-08-29 18:56:10,965 [0d210486-d547-40fe-b644-a4a516df2759-impl-thread2] INFO  impl.StateMachineUpdater (StateMachineUpdater.java:stopAndJoin(155)) - 0d210486-d547-40fe-b644-a4a516df2759@group-3B31C3308912-StateMachineUpdater: set stopIndex = 29
2023-08-29 18:56:10,965 [0d210486-d547-40fe-b644-a4a516df2759@group-3B31C3308912-FollowerState] INFO  impl.FollowerState (FollowerState.java:run(152)) - 0d210486-d547-40fe-b644-a4a516df2759@group-3B31C3308912-FollowerState was interrupted
2023-08-29 18:56:10,965 [0d210486-d547-40fe-b644-a4a516df2759@group-3B31C3308912-StateMachineUpdater] INFO  ratis.ContainerStateMachine (ContainerStateMachine.java:takeSnapshot(330)) - group-3B31C3308912: Taking a snapshot at:(t:1, i:29) file /home/runner/work/ozone/ozone/hadoop-ozone/integration-test/target/test-dir/MiniOzoneClusterImpl-e121caef-2a4e-4b75-96a0-c968b96a6505/datanode-0/data/ratis/3f897b43-44f9-42f7-87e7-3b31c3308912/sm/snapshot.1_29
2023-08-29 18:56:10,965 [0d210486-d547-40fe-b644-a4a516df2759@group-F767498352D0-StateMachineUpdater] INFO  ratis.ContainerStateMachine (ContainerStateMachine.java:takeSnapshot(341)) - group-F767498352D0: Finished taking a snapshot at:(t:1, i:0) file:/home/runner/work/ozone/ozone/hadoop-ozone/integration-test/target/test-dir/MiniOzoneClusterImpl-e121caef-2a4e-4b75-96a0-c968b96a6505/datanode-0/data/ratis/3c52329a-67b6-4560-b9bb-f767498352d0/sm/snapshot.1_0 took: 1 ms
2023-08-29 18:56:10,966 [0d210486-d547-40fe-b644-a4a516df2759@group-F767498352D0-StateMachineUpdater] INFO  impl.StateMachineUpdater (StateMachineUpdater.java:takeSnapshot(291)) - 0d210486-d547-40fe-b644-a4a516df2759@group-F767498352D0-StateMachineUpdater: Took a snapshot at index 0
2023-08-29 18:56:10,966 [0d210486-d547-40fe-b644-a4a516df2759@group-F767498352D0-StateMachineUpdater] INFO  impl.StateMachineUpdater (StateMachineUpdater.java:lambda$new$0(97)) - 0d210486-d547-40fe-b644-a4a516df2759@group-F767498352D0-StateMachineUpdater: snapshotIndex: updateIncreasingly -1 -> 0
2023-08-29 18:56:10,966 [0d210486-d547-40fe-b644-a4a516df2759-impl-thread3] INFO  server.RaftServer$Division (ServerState.java:close(472)) - 0d210486-d547-40fe-b644-a4a516df2759@group-F767498352D0: closes. applyIndex: 0
2023-08-29 18:56:10,968 [2eaf327d-c8aa-4b69-9e65-db94832273b8-impl-thread2] INFO  impl.StateMachineUpdater (StateMachineUpdater.java:stopAndJoin(155)) - 2eaf327d-c8aa-4b69-9e65-db94832273b8@group-3B31C3308912-StateMachineUpdater: set stopIndex = 30
2023-08-29 18:56:10,968 [2eaf327d-c8aa-4b69-9e65-db94832273b8@group-3B31C3308912-StateMachineUpdater] INFO  ratis.ContainerStateMachine (ContainerStateMachine.java:takeSnapshot(330)) - group-3B31C3308912: Taking a snapshot at:(t:1, i:30) file /home/runner/work/ozone/ozone/hadoop-ozone/integration-test/target/test-dir/MiniOzoneClusterImpl-e121caef-2a4e-4b75-96a0-c968b96a6505/datanode-2/data/ratis/3f897b43-44f9-42f7-87e7-3b31c3308912/sm/snapshot.1_30
2023-08-29 18:56:10,968 [grpc-default-executor-9] WARN  server.GrpcLogAppender (LogUtils.java:warn(122)) - 0d210486-d547-40fe-b644-a4a516df2759@group-8B1BF10DED3E->2eaf327d-c8aa-4b69-9e65-db94832273b8-AppendLogResponseHandler: Failed appendEntries: org.apache.ratis.thirdparty.io.grpc.StatusRuntimeException: CANCELLED: RST_STREAM closed stream. HTTP/2 error code: CANCEL
2023-08-29 18:56:10,968 [grpc-default-executor-8] WARN  server.GrpcServerProtocolService (LogUtils.java:warn(122)) - 2eaf327d-c8aa-4b69-9e65-db94832273b8: APPEND_ENTRIES onError, lastRequest: 0d210486-d547-40fe-b644-a4a516df2759->2eaf327d-c8aa-4b69-9e65-db94832273b8#7-t1,previous=(t:1, i:3),leaderCommit=3,initializing? true,entries: size=1, first=(t:1, i:4), METADATAENTRY(c:2): org.apache.ratis.thirdparty.io.grpc.StatusRuntimeException: CANCELLED: client cancelled
2023-08-29 18:56:10,968 [grpc-default-executor-9] INFO  leader.FollowerInfo (FollowerInfoImpl.java:lambda$new$0(52)) - 0d210486-d547-40fe-b644-a4a516df2759@group-8B1BF10DED3E->2eaf327d-c8aa-4b69-9e65-db94832273b8: decreaseNextIndex nextIndex: updateUnconditionally 5 -> 4
2023-08-29 18:56:10,969 [grpc-default-executor-5] WARN  server.GrpcServerProtocolService (LogUtils.java:warn(122)) - 2eaf327d-c8aa-4b69-9e65-db94832273b8: APPEND_ENTRIES onError, lastRequest: null: org.apache.ratis.thirdparty.io.grpc.StatusRuntimeException: CANCELLED: client cancelled
2023-08-29 18:56:10,969 [2eaf327d-c8aa-4b69-9e65-db94832273b8@group-3B31C3308912-StateMachineUpdater] INFO  ratis.ContainerStateMachine (ContainerStateMachine.java:takeSnapshot(341)) - group-3B31C3308912: Finished taking a snapshot at:(t:1, i:30) file:/home/runner/work/ozone/ozone/hadoop-ozone/integration-test/target/test-dir/MiniOzoneClusterImpl-e121caef-2a4e-4b75-96a0-c968b96a6505/datanode-2/data/ratis/3f897b43-44f9-42f7-87e7-3b31c3308912/sm/snapshot.1_30 took: 1 ms
2023-08-29 18:56:10,969 [2eaf327d-c8aa-4b69-9e65-db94832273b8@group-3B31C3308912-StateMachineUpdater] INFO  impl.StateMachineUpdater (StateMachineUpdater.java:takeSnapshot(291)) - 2eaf327d-c8aa-4b69-9e65-db94832273b8@group-3B31C3308912-StateMachineUpdater: Took a snapshot at index 30
2023-08-29 18:56:10,969 [2eaf327d-c8aa-4b69-9e65-db94832273b8@group-3B31C3308912-StateMachineUpdater] INFO  impl.StateMachineUpdater (StateMachineUpdater.java:lambda$new$0(97)) - 2eaf327d-c8aa-4b69-9e65-db94832273b8@group-3B31C3308912-StateMachineUpdater: snapshotIndex: updateIncreasingly -1 -> 30
2023-08-29 18:56:10,969 [grpc-default-executor-3] WARN  server.GrpcLogAppender (LogUtils.java:warn(122)) - 0d210486-d547-40fe-b644-a4a516df2759@group-8B1BF10DED3E->2eaf327d-c8aa-4b69-9e65-db94832273b8-AppendLogResponseHandler: Failed appendEntries: org.apache.ratis.thirdparty.io.grpc.StatusRuntimeException: CANCELLED: RST_STREAM closed stream. HTTP/2 error code: CANCEL
2023-08-29 18:56:10,969 [grpc-default-executor-3] INFO  leader.FollowerInfo (FollowerInfoImpl.java:lambda$new$0(52)) - 0d210486-d547-40fe-b644-a4a516df2759@group-8B1BF10DED3E->2eaf327d-c8aa-4b69-9e65-db94832273b8: decreaseNextIndex nextIndex: updateUnconditionally 4 -> 3
2023-08-29 18:56:10,970 [Thread-1673] INFO  server.GrpcServerProtocolClient (GrpcServerProtocolClient.java:close(103)) - 2eaf327d-c8aa-4b69-9e65-db94832273b8 Close channels
2023-08-29 18:56:10,972 [Thread-1672] INFO  server.GrpcServerProtocolClient (GrpcServerProtocolClient.java:close(103)) - fe29ea50-ce7d-4d67-99db-5363b98f75df Close channels
2023-08-29 18:56:10,973 [0d210486-d547-40fe-b644-a4a516df2759@group-3B31C3308912-StateMachineUpdater] INFO  ratis.ContainerStateMachine (ContainerStateMachine.java:takeSnapshot(341)) - group-3B31C3308912: Finished taking a snapshot at:(t:1, i:29) file:/home/runner/work/ozone/ozone/hadoop-ozone/integration-test/target/test-dir/MiniOzoneClusterImpl-e121caef-2a4e-4b75-96a0-c968b96a6505/datanode-0/data/ratis/3f897b43-44f9-42f7-87e7-3b31c3308912/sm/snapshot.1_29 took: 8 ms
2023-08-29 18:56:10,973 [0d210486-d547-40fe-b644-a4a516df2759@group-3B31C3308912-StateMachineUpdater] INFO  impl.StateMachineUpdater (StateMachineUpdater.java:takeSnapshot(291)) - 0d210486-d547-40fe-b644-a4a516df2759@group-3B31C3308912-StateMachineUpdater: Took a snapshot at index 29
2023-08-29 18:56:10,973 [0d210486-d547-40fe-b644-a4a516df2759@group-3B31C3308912-StateMachineUpdater] INFO  impl.StateMachineUpdater (StateMachineUpdater.java:lambda$new$0(97)) - 0d210486-d547-40fe-b644-a4a516df2759@group-3B31C3308912-StateMachineUpdater: snapshotIndex: updateIncreasingly -1 -> 29
2023-08-29 18:56:10,974 [0d210486-d547-40fe-b644-a4a516df2759-impl-thread2] INFO  server.RaftServer$Division (ServerState.java:close(472)) - 0d210486-d547-40fe-b644-a4a516df2759@group-3B31C3308912: closes. applyIndex: 29
2023-08-29 18:56:10,974 [0d210486-d547-40fe-b644-a4a516df2759-impl-thread4] INFO  impl.PendingRequests (PendingRequests.java:sendNotLeaderResponses(289)) - 0d210486-d547-40fe-b644-a4a516df2759@group-8B1BF10DED3E-PendingRequests: sendNotLeaderResponses
2023-08-29 18:56:10,974 [0d210486-d547-40fe-b644-a4a516df2759@group-8B1BF10DED3E->fe29ea50-ce7d-4d67-99db-5363b98f75df-GrpcLogAppender-LogAppenderDaemon] WARN  server.GrpcLogAppender (GrpcLogAppender.java:mayWait(199)) - 0d210486-d547-40fe-b644-a4a516df2759@group-8B1BF10DED3E->fe29ea50-ce7d-4d67-99db-5363b98f75df-GrpcLogAppender: Wait interrupted by java.lang.InterruptedException
2023-08-29 18:56:10,974 [0d210486-d547-40fe-b644-a4a516df2759@group-8B1BF10DED3E->2eaf327d-c8aa-4b69-9e65-db94832273b8-GrpcLogAppender-LogAppenderDaemon] WARN  server.GrpcLogAppender (GrpcLogAppender.java:mayWait(199)) - 0d210486-d547-40fe-b644-a4a516df2759@group-8B1BF10DED3E->2eaf327d-c8aa-4b69-9e65-db94832273b8-GrpcLogAppender: Wait interrupted by java.lang.InterruptedException
2023-08-29 18:56:10,977 [2eaf327d-c8aa-4b69-9e65-db94832273b8-impl-thread2] INFO  server.RaftServer$Division (ServerState.java:close(472)) - 2eaf327d-c8aa-4b69-9e65-db94832273b8@group-3B31C3308912: closes. applyIndex: 30
2023-08-29 18:56:10,980 [main] INFO  server.GrpcService (GrpcService.java:closeImpl(320)) - 2eaf327d-c8aa-4b69-9e65-db94832273b8: shutdown server GrpcServerProtocolService successfully
2023-08-29 18:56:10,982 [0d210486-d547-40fe-b644-a4a516df2759@group-8B1BF10DED3E-StateMachineUpdater] INFO  ratis.ContainerStateMachine (ContainerStateMachine.java:takeSnapshot(330)) - group-8B1BF10DED3E: Taking a snapshot at:(t:1, i:4) file /home/runner/work/ozone/ozone/hadoop-ozone/integration-test/target/test-dir/MiniOzoneClusterImpl-e121caef-2a4e-4b75-96a0-c968b96a6505/datanode-0/data/ratis/5057b0a3-415b-4b82-83f1-8b1bf10ded3e/sm/snapshot.1_4
2023-08-29 18:56:10,982 [0d210486-d547-40fe-b644-a4a516df2759-impl-thread4] INFO  impl.StateMachineUpdater (StateMachineUpdater.java:stopAndJoin(155)) - 0d210486-d547-40fe-b644-a4a516df2759@group-8B1BF10DED3E-StateMachineUpdater: set stopIndex = 4
2023-08-29 18:56:10,980 [grpc-default-executor-3] WARN  server.GrpcClientProtocolService (LogUtils.java:warn(122)) - 0-OrderedRequestStreamObserver0: onError: org.apache.ratis.thirdparty.io.grpc.StatusRuntimeException: CANCELLED: client cancelled
2023-08-29 18:56:10,980 [ForkJoinPool.commonPool-worker-1] INFO  server.GrpcService (GrpcService.java:closeImpl(320)) - 0d210486-d547-40fe-b644-a4a516df2759: shutdown server org.apache.ratis.grpc.server.GrpcClientProtocolService successfully
2023-08-29 18:56:10,984 [ForkJoinPool.commonPool-worker-1] INFO  server.GrpcService (GrpcService.java:closeImpl(311)) - 0d210486-d547-40fe-b644-a4a516df2759: shutdown server GrpcServerProtocolService now
2023-08-29 18:56:10,984 [main] INFO  server.GrpcService (GrpcService.java:closeImpl(311)) - 2eaf327d-c8aa-4b69-9e65-db94832273b8: shutdown server org.apache.ratis.grpc.server.GrpcAdminProtocolService now
2023-08-29 18:56:10,989 [0d210486-d547-40fe-b644-a4a516df2759@group-8B1BF10DED3E-StateMachineUpdater] INFO  ratis.ContainerStateMachine (ContainerStateMachine.java:takeSnapshot(341)) - group-8B1BF10DED3E: Finished taking a snapshot at:(t:1, i:4) file:/home/runner/work/ozone/ozone/hadoop-ozone/integration-test/target/test-dir/MiniOzoneClusterImpl-e121caef-2a4e-4b75-96a0-c968b96a6505/datanode-0/data/ratis/5057b0a3-415b-4b82-83f1-8b1bf10ded3e/sm/snapshot.1_4 took: 6 ms
2023-08-29 18:56:10,989 [ForkJoinPool.commonPool-worker-2] INFO  ozoneimpl.OzoneContainer (OzoneContainer.java:stop(451)) - Attempting to stop container services.
2023-08-29 18:56:10,990 [ForkJoinPool.commonPool-worker-2] INFO  server.RaftServer (RaftServerProxy.java:lambda$close$6(416)) - 7e144599-01e3-4b85-852c-8ce44e41f20b: close
2023-08-29 18:56:10,989 [0d210486-d547-40fe-b644-a4a516df2759@group-8B1BF10DED3E-StateMachineUpdater] INFO  impl.StateMachineUpdater (StateMachineUpdater.java:takeSnapshot(291)) - 0d210486-d547-40fe-b644-a4a516df2759@group-8B1BF10DED3E-StateMachineUpdater: Took a snapshot at index 4
2023-08-29 18:56:10,990 [0d210486-d547-40fe-b644-a4a516df2759@group-8B1BF10DED3E-StateMachineUpdater] INFO  impl.StateMachineUpdater (StateMachineUpdater.java:lambda$new$0(97)) - 0d210486-d547-40fe-b644-a4a516df2759@group-8B1BF10DED3E-StateMachineUpdater: snapshotIndex: updateIncreasingly -1 -> 4
2023-08-29 18:56:10,993 [0d210486-d547-40fe-b644-a4a516df2759-impl-thread4] INFO  server.RaftServer$Division (ServerState.java:close(472)) - 0d210486-d547-40fe-b644-a4a516df2759@group-8B1BF10DED3E: closes. applyIndex: 4
2023-08-29 18:56:10,993 [ForkJoinPool.commonPool-worker-2] INFO  server.GrpcService (GrpcService.java:closeImpl(311)) - 7e144599-01e3-4b85-852c-8ce44e41f20b: shutdown server org.apache.ratis.grpc.server.GrpcClientProtocolService now
2023-08-29 18:56:10,993 [7e144599-01e3-4b85-852c-8ce44e41f20b-impl-thread2] INFO  server.RaftServer$Division (RaftServerImpl.java:lambda$close$4(466)) - 7e144599-01e3-4b85-852c-8ce44e41f20b@group-E1650200BD2E: shutdown
2023-08-29 18:56:10,993 [7e144599-01e3-4b85-852c-8ce44e41f20b-impl-thread2] INFO  util.JmxRegister (JmxRegister.java:unregister(73)) - Successfully un-registered JMX Bean with object name Ratis:service=RaftServer,group=group-E1650200BD2E,id=7e144599-01e3-4b85-852c-8ce44e41f20b
2023-08-29 18:56:10,993 [7e144599-01e3-4b85-852c-8ce44e41f20b-impl-thread2] INFO  impl.RoleInfo (RoleInfo.java:shutdownLeaderState(93)) - 7e144599-01e3-4b85-852c-8ce44e41f20b: shutdown 7e144599-01e3-4b85-852c-8ce44e41f20b@group-E1650200BD2E-LeaderStateImpl
2023-08-29 18:56:10,993 [7e144599-01e3-4b85-852c-8ce44e41f20b-impl-thread2] INFO  impl.PendingRequests (PendingRequests.java:sendNotLeaderResponses(289)) - 7e144599-01e3-4b85-852c-8ce44e41f20b@group-E1650200BD2E-PendingRequests: sendNotLeaderResponses
2023-08-29 18:56:10,994 [7e144599-01e3-4b85-852c-8ce44e41f20b@group-E1650200BD2E-StateMachineUpdater] INFO  ratis.ContainerStateMachine (ContainerStateMachine.java:takeSnapshot(330)) - group-E1650200BD2E: Taking a snapshot at:(t:1, i:0) file /home/runner/work/ozone/ozone/hadoop-ozone/integration-test/target/test-dir/MiniOzoneClusterImpl-e121caef-2a4e-4b75-96a0-c968b96a6505/datanode-4/data/ratis/1794d795-a3ea-4ead-818f-e1650200bd2e/sm/snapshot.1_0
2023-08-29 18:56:10,994 [7e144599-01e3-4b85-852c-8ce44e41f20b-impl-thread2] INFO  impl.StateMachineUpdater (StateMachineUpdater.java:stopAndJoin(155)) - 7e144599-01e3-4b85-852c-8ce44e41f20b@group-E1650200BD2E-StateMachineUpdater: set stopIndex = 0
2023-08-29 18:56:10,997 [ForkJoinPool.commonPool-worker-1] INFO  server.GrpcService (GrpcService.java:closeImpl(320)) - 0d210486-d547-40fe-b644-a4a516df2759: shutdown server GrpcServerProtocolService successfully
2023-08-29 18:56:10,997 [ForkJoinPool.commonPool-worker-1] INFO  server.GrpcService (GrpcService.java:closeImpl(311)) - 0d210486-d547-40fe-b644-a4a516df2759: shutdown server org.apache.ratis.grpc.server.GrpcAdminProtocolService now
2023-08-29 18:56:10,997 [7e144599-01e3-4b85-852c-8ce44e41f20b@group-E1650200BD2E-StateMachineUpdater] INFO  ratis.ContainerStateMachine (ContainerStateMachine.java:takeSnapshot(341)) - group-E1650200BD2E: Finished taking a snapshot at:(t:1, i:0) file:/home/runner/work/ozone/ozone/hadoop-ozone/integration-test/target/test-dir/MiniOzoneClusterImpl-e121caef-2a4e-4b75-96a0-c968b96a6505/datanode-4/data/ratis/1794d795-a3ea-4ead-818f-e1650200bd2e/sm/snapshot.1_0 took: 4 ms
2023-08-29 18:56:10,997 [7e144599-01e3-4b85-852c-8ce44e41f20b@group-E1650200BD2E-StateMachineUpdater] INFO  impl.StateMachineUpdater (StateMachineUpdater.java:takeSnapshot(291)) - 7e144599-01e3-4b85-852c-8ce44e41f20b@group-E1650200BD2E-StateMachineUpdater: Took a snapshot at index 0
2023-08-29 18:56:10,997 [7e144599-01e3-4b85-852c-8ce44e41f20b@group-E1650200BD2E-StateMachineUpdater] INFO  impl.StateMachineUpdater (StateMachineUpdater.java:lambda$new$0(97)) - 7e144599-01e3-4b85-852c-8ce44e41f20b@group-E1650200BD2E-StateMachineUpdater: snapshotIndex: updateIncreasingly -1 -> 0
2023-08-29 18:56:10,997 [ForkJoinPool.commonPool-worker-1] INFO  server.GrpcService (GrpcService.java:closeImpl(320)) - 0d210486-d547-40fe-b644-a4a516df2759: shutdown server org.apache.ratis.grpc.server.GrpcAdminProtocolService successfully
2023-08-29 18:56:10,997 [main] INFO  server.GrpcService (GrpcService.java:closeImpl(320)) - 2eaf327d-c8aa-4b69-9e65-db94832273b8: shutdown server org.apache.ratis.grpc.server.GrpcAdminProtocolService successfully
2023-08-29 18:56:10,998 [0d210486-d547-40fe-b644-a4a516df2759-NettyServerStreamRpc-bossGroup--thread1] INFO  logging.LoggingHandler (AbstractInternalLogger.java:log(148)) - [id: 0x5fcad5d3, L:/0:0:0:0:0:0:0:0:15121] CLOSE
2023-08-29 18:56:10,998 [0d210486-d547-40fe-b644-a4a516df2759-NettyServerStreamRpc-bossGroup--thread1] INFO  logging.LoggingHandler (AbstractInternalLogger.java:log(148)) - [id: 0x5fcad5d3, L:/0:0:0:0:0:0:0:0:15121] INACTIVE
2023-08-29 18:56:10,998 [0d210486-d547-40fe-b644-a4a516df2759-NettyServerStreamRpc-bossGroup--thread1] INFO  logging.LoggingHandler (AbstractInternalLogger.java:log(148)) - [id: 0x5fcad5d3, L:/0:0:0:0:0:0:0:0:15121] UNREGISTERED
2023-08-29 18:56:10,998 [2eaf327d-c8aa-4b69-9e65-db94832273b8-NettyServerStreamRpc-bossGroup--thread1] INFO  logging.LoggingHandler (AbstractInternalLogger.java:log(148)) - [id: 0x9a502691, L:/0:0:0:0:0:0:0:0:15139] CLOSE
2023-08-29 18:56:10,997 [7e144599-01e3-4b85-852c-8ce44e41f20b-impl-thread2] INFO  server.RaftServer$Division (ServerState.java:close(472)) - 7e144599-01e3-4b85-852c-8ce44e41f20b@group-E1650200BD2E: closes. applyIndex: 0
2023-08-29 18:56:10,998 [2eaf327d-c8aa-4b69-9e65-db94832273b8-NettyServerStreamRpc-bossGroup--thread1] INFO  logging.LoggingHandler (AbstractInternalLogger.java:log(148)) - [id: 0x9a502691, L:/0:0:0:0:0:0:0:0:15139] INACTIVE
2023-08-29 18:56:10,998 [2eaf327d-c8aa-4b69-9e65-db94832273b8-NettyServerStreamRpc-bossGroup--thread1] INFO  logging.LoggingHandler (AbstractInternalLogger.java:log(148)) - [id: 0x9a502691, L:/0:0:0:0:0:0:0:0:15139] UNREGISTERED
2023-08-29 18:56:10,998 [ForkJoinPool.commonPool-worker-2] INFO  server.GrpcService (GrpcService.java:closeImpl(320)) - 7e144599-01e3-4b85-852c-8ce44e41f20b: shutdown server org.apache.ratis.grpc.server.GrpcClientProtocolService successfully
2023-08-29 18:56:10,998 [ForkJoinPool.commonPool-worker-2] INFO  server.GrpcService (GrpcService.java:closeImpl(311)) - 7e144599-01e3-4b85-852c-8ce44e41f20b: shutdown server GrpcServerProtocolService now
2023-08-29 18:56:11,001 [ForkJoinPool.commonPool-worker-2] INFO  server.GrpcService (GrpcService.java:closeImpl(320)) - 7e144599-01e3-4b85-852c-8ce44e41f20b: shutdown server GrpcServerProtocolService successfully
2023-08-29 18:56:11,001 [ForkJoinPool.commonPool-worker-2] INFO  server.GrpcService (GrpcService.java:closeImpl(311)) - 7e144599-01e3-4b85-852c-8ce44e41f20b: shutdown server org.apache.ratis.grpc.server.GrpcAdminProtocolService now
2023-08-29 18:56:11,013 [ForkJoinPool.commonPool-worker-2] INFO  server.GrpcService (GrpcService.java:closeImpl(320)) - 7e144599-01e3-4b85-852c-8ce44e41f20b: shutdown server org.apache.ratis.grpc.server.GrpcAdminProtocolService successfully
2023-08-29 18:56:11,013 [7e144599-01e3-4b85-852c-8ce44e41f20b-NettyServerStreamRpc-bossGroup--thread1] INFO  logging.LoggingHandler (AbstractInternalLogger.java:log(148)) - [id: 0xc277c4d5, L:/0:0:0:0:0:0:0:0:15157] CLOSE
2023-08-29 18:56:11,013 [7e144599-01e3-4b85-852c-8ce44e41f20b-NettyServerStreamRpc-bossGroup--thread1] INFO  logging.LoggingHandler (AbstractInternalLogger.java:log(148)) - [id: 0xc277c4d5, L:/0:0:0:0:0:0:0:0:15157] INACTIVE
2023-08-29 18:56:11,013 [7e144599-01e3-4b85-852c-8ce44e41f20b-NettyServerStreamRpc-bossGroup--thread1] INFO  logging.LoggingHandler (AbstractInternalLogger.java:log(148)) - [id: 0xc277c4d5, L:/0:0:0:0:0:0:0:0:15157] UNREGISTERED
2023-08-29 18:56:11,016 [ForkJoinPool.commonPool-worker-3] INFO  ozoneimpl.OzoneContainer (OzoneContainer.java:stop(451)) - Attempting to stop container services.
2023-08-29 18:56:11,017 [ForkJoinPool.commonPool-worker-3] INFO  server.RaftServer (RaftServerProxy.java:lambda$close$6(416)) - f550e702-abe2-49cd-8ff2-4b2ec6b34c67: close
2023-08-29 18:56:11,018 [ForkJoinPool.commonPool-worker-3] INFO  server.GrpcService (GrpcService.java:closeImpl(311)) - f550e702-abe2-49cd-8ff2-4b2ec6b34c67: shutdown server org.apache.ratis.grpc.server.GrpcClientProtocolService now
2023-08-29 18:56:11,018 [f550e702-abe2-49cd-8ff2-4b2ec6b34c67-impl-thread2] INFO  server.RaftServer$Division (RaftServerImpl.java:lambda$close$4(466)) - f550e702-abe2-49cd-8ff2-4b2ec6b34c67@group-5F1406ECDB75: shutdown
2023-08-29 18:56:11,018 [f550e702-abe2-49cd-8ff2-4b2ec6b34c67-impl-thread2] INFO  util.JmxRegister (JmxRegister.java:unregister(73)) - Successfully un-registered JMX Bean with object name Ratis:service=RaftServer,group=group-5F1406ECDB75,id=f550e702-abe2-49cd-8ff2-4b2ec6b34c67
2023-08-29 18:56:11,018 [f550e702-abe2-49cd-8ff2-4b2ec6b34c67-impl-thread2] INFO  impl.RoleInfo (RoleInfo.java:shutdownLeaderState(93)) - f550e702-abe2-49cd-8ff2-4b2ec6b34c67: shutdown f550e702-abe2-49cd-8ff2-4b2ec6b34c67@group-5F1406ECDB75-LeaderStateImpl
2023-08-29 18:56:11,018 [f550e702-abe2-49cd-8ff2-4b2ec6b34c67-impl-thread2] INFO  impl.PendingRequests (PendingRequests.java:sendNotLeaderResponses(289)) - f550e702-abe2-49cd-8ff2-4b2ec6b34c67@group-5F1406ECDB75-PendingRequests: sendNotLeaderResponses
2023-08-29 18:56:11,018 [f550e702-abe2-49cd-8ff2-4b2ec6b34c67@group-5F1406ECDB75-StateMachineUpdater] INFO  ratis.ContainerStateMachine (ContainerStateMachine.java:takeSnapshot(330)) - group-5F1406ECDB75: Taking a snapshot at:(t:1, i:0) file /home/runner/work/ozone/ozone/hadoop-ozone/integration-test/target/test-dir/MiniOzoneClusterImpl-e121caef-2a4e-4b75-96a0-c968b96a6505/datanode-3/data/ratis/fbe08b15-6371-49f5-87fb-5f1406ecdb75/sm/snapshot.1_0
2023-08-29 18:56:11,019 [f550e702-abe2-49cd-8ff2-4b2ec6b34c67-impl-thread2] INFO  impl.StateMachineUpdater (StateMachineUpdater.java:stopAndJoin(155)) - f550e702-abe2-49cd-8ff2-4b2ec6b34c67@group-5F1406ECDB75-StateMachineUpdater: set stopIndex = 0
2023-08-29 18:56:11,022 [f550e702-abe2-49cd-8ff2-4b2ec6b34c67@group-5F1406ECDB75-StateMachineUpdater] INFO  ratis.ContainerStateMachine (ContainerStateMachine.java:takeSnapshot(341)) - group-5F1406ECDB75: Finished taking a snapshot at:(t:1, i:0) file:/home/runner/work/ozone/ozone/hadoop-ozone/integration-test/target/test-dir/MiniOzoneClusterImpl-e121caef-2a4e-4b75-96a0-c968b96a6505/datanode-3/data/ratis/fbe08b15-6371-49f5-87fb-5f1406ecdb75/sm/snapshot.1_0 took: 3 ms
2023-08-29 18:56:11,022 [f550e702-abe2-49cd-8ff2-4b2ec6b34c67@group-5F1406ECDB75-StateMachineUpdater] INFO  impl.StateMachineUpdater (StateMachineUpdater.java:takeSnapshot(291)) - f550e702-abe2-49cd-8ff2-4b2ec6b34c67@group-5F1406ECDB75-StateMachineUpdater: Took a snapshot at index 0
2023-08-29 18:56:11,022 [f550e702-abe2-49cd-8ff2-4b2ec6b34c67@group-5F1406ECDB75-StateMachineUpdater] INFO  impl.StateMachineUpdater (StateMachineUpdater.java:lambda$new$0(97)) - f550e702-abe2-49cd-8ff2-4b2ec6b34c67@group-5F1406ECDB75-StateMachineUpdater: snapshotIndex: updateIncreasingly -1 -> 0
2023-08-29 18:56:11,022 [f550e702-abe2-49cd-8ff2-4b2ec6b34c67-impl-thread2] INFO  server.RaftServer$Division (ServerState.java:close(472)) - f550e702-abe2-49cd-8ff2-4b2ec6b34c67@group-5F1406ECDB75: closes. applyIndex: 0
2023-08-29 18:56:11,022 [ForkJoinPool.commonPool-worker-3] INFO  server.GrpcService (GrpcService.java:closeImpl(320)) - f550e702-abe2-49cd-8ff2-4b2ec6b34c67: shutdown server org.apache.ratis.grpc.server.GrpcClientProtocolService successfully
2023-08-29 18:56:11,022 [ForkJoinPool.commonPool-worker-3] INFO  server.GrpcService (GrpcService.java:closeImpl(311)) - f550e702-abe2-49cd-8ff2-4b2ec6b34c67: shutdown server GrpcServerProtocolService now
2023-08-29 18:56:11,025 [ForkJoinPool.commonPool-worker-3] INFO  server.GrpcService (GrpcService.java:closeImpl(320)) - f550e702-abe2-49cd-8ff2-4b2ec6b34c67: shutdown server GrpcServerProtocolService successfully
2023-08-29 18:56:11,025 [ForkJoinPool.commonPool-worker-3] INFO  server.GrpcService (GrpcService.java:closeImpl(311)) - f550e702-abe2-49cd-8ff2-4b2ec6b34c67: shutdown server org.apache.ratis.grpc.server.GrpcAdminProtocolService now
2023-08-29 18:56:11,029 [ForkJoinPool.commonPool-worker-3] INFO  server.GrpcService (GrpcService.java:closeImpl(320)) - f550e702-abe2-49cd-8ff2-4b2ec6b34c67: shutdown server org.apache.ratis.grpc.server.GrpcAdminProtocolService successfully
2023-08-29 18:56:11,029 [f550e702-abe2-49cd-8ff2-4b2ec6b34c67-NettyServerStreamRpc-bossGroup--thread1] INFO  logging.LoggingHandler (AbstractInternalLogger.java:log(148)) - [id: 0xed26b213, L:/0:0:0:0:0:0:0:0:15148] CLOSE
2023-08-29 18:56:11,029 [f550e702-abe2-49cd-8ff2-4b2ec6b34c67-NettyServerStreamRpc-bossGroup--thread1] INFO  logging.LoggingHandler (AbstractInternalLogger.java:log(148)) - [id: 0xed26b213, L:/0:0:0:0:0:0:0:0:15148] INACTIVE
2023-08-29 18:56:11,029 [f550e702-abe2-49cd-8ff2-4b2ec6b34c67-NettyServerStreamRpc-bossGroup--thread1] INFO  logging.LoggingHandler (AbstractInternalLogger.java:log(148)) - [id: 0xed26b213, L:/0:0:0:0:0:0:0:0:15148] UNREGISTERED
2023-08-29 18:56:11,222 [BlockDeletingService#0] INFO  interfaces.ContainerDeletionChoosingPolicyTemplate (ContainerDeletionChoosingPolicyTemplate.java:chooseContainerForBlockDeletion(85)) - Chosen 0/5000 blocks from 0 candidate containers.
2023-08-29 18:56:11,520 [BlockDeletingService#0] INFO  interfaces.ContainerDeletionChoosingPolicyTemplate (ContainerDeletionChoosingPolicyTemplate.java:chooseContainerForBlockDeletion(85)) - Chosen 0/5000 blocks from 0 candidate containers.
2023-08-29 18:56:11,774 [f550e702-abe2-49cd-8ff2-4b2ec6b34c67-impl-thread2] INFO  segmented.SegmentedRaftLogWorker (SegmentedRaftLogWorker.java:close(252)) - f550e702-abe2-49cd-8ff2-4b2ec6b34c67@group-5F1406ECDB75-SegmentedRaftLogWorker close()
2023-08-29 18:56:11,776 [JvmPauseMonitor19] INFO  util.JvmPauseMonitor (JvmPauseMonitor.java:run(109)) - JvmPauseMonitor-f550e702-abe2-49cd-8ff2-4b2ec6b34c67: Stopped
2023-08-29 18:56:11,779 [2eaf327d-c8aa-4b69-9e65-db94832273b8-impl-thread3] INFO  segmented.SegmentedRaftLogWorker (SegmentedRaftLogWorker.java:close(252)) - 2eaf327d-c8aa-4b69-9e65-db94832273b8@group-8B1BF10DED3E-SegmentedRaftLogWorker close()
2023-08-29 18:56:11,782 [7e144599-01e3-4b85-852c-8ce44e41f20b-impl-thread2] INFO  segmented.SegmentedRaftLogWorker (SegmentedRaftLogWorker.java:close(252)) - 7e144599-01e3-4b85-852c-8ce44e41f20b@group-E1650200BD2E-SegmentedRaftLogWorker close()
2023-08-29 18:56:11,783 [BlockDeletingService#0] INFO  interfaces.ContainerDeletionChoosingPolicyTemplate (ContainerDeletionChoosingPolicyTemplate.java:chooseContainerForBlockDeletion(85)) - Chosen 0/5000 blocks from 0 candidate containers.
2023-08-29 18:56:11,783 [0d210486-d547-40fe-b644-a4a516df2759-impl-thread4] INFO  segmented.SegmentedRaftLogWorker (SegmentedRaftLogWorker.java:close(252)) - 0d210486-d547-40fe-b644-a4a516df2759@group-8B1BF10DED3E-SegmentedRaftLogWorker close()
2023-08-29 18:56:11,789 [JvmPauseMonitor20] INFO  util.JvmPauseMonitor (JvmPauseMonitor.java:run(109)) - JvmPauseMonitor-7e144599-01e3-4b85-852c-8ce44e41f20b: Stopped
2023-08-29 18:56:11,789 [fe29ea50-ce7d-4d67-99db-5363b98f75df-impl-thread4] INFO  segmented.SegmentedRaftLogWorker (SegmentedRaftLogWorker.java:close(252)) - fe29ea50-ce7d-4d67-99db-5363b98f75df@group-8B1BF10DED3E-SegmentedRaftLogWorker close()
2023-08-29 18:56:11,789 [fe29ea50-ce7d-4d67-99db-5363b98f75df-impl-thread3] INFO  segmented.SegmentedRaftLogWorker (SegmentedRaftLogWorker.java:close(252)) - fe29ea50-ce7d-4d67-99db-5363b98f75df@group-E6D30998028F-SegmentedRaftLogWorker close()
2023-08-29 18:56:11,789 [2eaf327d-c8aa-4b69-9e65-db94832273b8-impl-thread4] INFO  segmented.SegmentedRaftLogWorker (SegmentedRaftLogWorker.java:close(252)) - 2eaf327d-c8aa-4b69-9e65-db94832273b8@group-22DEC8A1DBB5-SegmentedRaftLogWorker close()
2023-08-29 18:56:11,801 [0d210486-d547-40fe-b644-a4a516df2759-impl-thread3] INFO  segmented.SegmentedRaftLogWorker (SegmentedRaftLogWorker.java:close(252)) - 0d210486-d547-40fe-b644-a4a516df2759@group-F767498352D0-SegmentedRaftLogWorker close()
2023-08-29 18:56:11,865 [2eaf327d-c8aa-4b69-9e65-db94832273b8-impl-thread2] INFO  segmented.SegmentedRaftLogWorker (SegmentedRaftLogWorker.java:close(252)) - 2eaf327d-c8aa-4b69-9e65-db94832273b8@group-3B31C3308912-SegmentedRaftLogWorker close()
2023-08-29 18:56:11,866 [JvmPauseMonitor18] INFO  util.JvmPauseMonitor (JvmPauseMonitor.java:run(109)) - JvmPauseMonitor-2eaf327d-c8aa-4b69-9e65-db94832273b8: Stopped
2023-08-29 18:56:11,886 [fe29ea50-ce7d-4d67-99db-5363b98f75df-impl-thread2] INFO  segmented.SegmentedRaftLogWorker (SegmentedRaftLogWorker.java:close(252)) - fe29ea50-ce7d-4d67-99db-5363b98f75df@group-3B31C3308912-SegmentedRaftLogWorker close()
2023-08-29 18:56:11,886 [0d210486-d547-40fe-b644-a4a516df2759-impl-thread2] INFO  segmented.SegmentedRaftLogWorker (SegmentedRaftLogWorker.java:close(252)) - 0d210486-d547-40fe-b644-a4a516df2759@group-3B31C3308912-SegmentedRaftLogWorker close()
2023-08-29 18:56:11,888 [JvmPauseMonitor17] INFO  util.JvmPauseMonitor (JvmPauseMonitor.java:run(109)) - JvmPauseMonitor-fe29ea50-ce7d-4d67-99db-5363b98f75df: Stopped
2023-08-29 18:56:11,888 [JvmPauseMonitor16] INFO  util.JvmPauseMonitor (JvmPauseMonitor.java:run(109)) - JvmPauseMonitor-0d210486-d547-40fe-b644-a4a516df2759: Stopped
2023-08-29 18:56:13,779 [ForkJoinPool.commonPool-worker-3] INFO  utils.DatanodeStoreCache (DatanodeStoreCache.java:shutdownCache(110)) - Skip clearing cache in mini cluster mode. Entries left: [/home/runner/work/ozone/ozone/hadoop-ozone/integration-test/target/test-dir/MiniOzoneClusterImpl-e121caef-2a4e-4b75-96a0-c968b96a6505/datanode-0/data-0/containers/hdds/e121caef-2a4e-4b75-96a0-c968b96a6505/DS-9f12350c-dc00-43fb-ae98-2bb83ff9f459/container.db, /home/runner/work/ozone/ozone/hadoop-ozone/integration-test/target/test-dir/MiniOzoneClusterImpl-e121caef-2a4e-4b75-96a0-c968b96a6505/datanode-1/data-0/containers/hdds/e121caef-2a4e-4b75-96a0-c968b96a6505/DS-6fc0cce6-5121-40cd-8eab-c46aea518b52/container.db, /home/runner/work/ozone/ozone/hadoop-ozone/integration-test/target/test-dir/MiniOzoneClusterImpl-e121caef-2a4e-4b75-96a0-c968b96a6505/datanode-2/data-0/containers/hdds/e121caef-2a4e-4b75-96a0-c968b96a6505/DS-7ee6be56-1e63-4ca6-a283-cb626e5b9ab6/container.db, /home/runner/work/ozone/ozone/hadoop-ozone/integration-test/target/test-dir/MiniOzoneClusterImpl-e121caef-2a4e-4b75-96a0-c968b96a6505/datanode-3/data-0/containers/hdds/e121caef-2a4e-4b75-96a0-c968b96a6505/DS-f9ada691-7040-4417-9590-e6deb52b7fc4/container.db, /home/runner/work/ozone/ozone/hadoop-ozone/integration-test/target/test-dir/MiniOzoneClusterImpl-e121caef-2a4e-4b75-96a0-c968b96a6505/datanode-4/data-0/containers/hdds/e121caef-2a4e-4b75-96a0-c968b96a6505/DS-e11d3d60-bb73-4d70-86ac-8e954184cb3f/container.db]
2023-08-29 18:56:13,784 [ForkJoinPool.commonPool-worker-3] INFO  utils.DatanodeStoreCache (DatanodeStoreCache.java:removeDB(104)) - Removed db /home/runner/work/ozone/ozone/hadoop-ozone/integration-test/target/test-dir/MiniOzoneClusterImpl-e121caef-2a4e-4b75-96a0-c968b96a6505/datanode-3/data-0/containers/hdds/e121caef-2a4e-4b75-96a0-c968b96a6505/DS-f9ada691-7040-4417-9590-e6deb52b7fc4/container.db from cache
2023-08-29 18:56:13,784 [ForkJoinPool.commonPool-worker-3] INFO  volume.HddsVolume (HddsVolume.java:closeDbStore(453)) - SchemaV3 db is stopped at /home/runner/work/ozone/ozone/hadoop-ozone/integration-test/target/test-dir/MiniOzoneClusterImpl-e121caef-2a4e-4b75-96a0-c968b96a6505/datanode-3/data-0/containers/hdds/e121caef-2a4e-4b75-96a0-c968b96a6505/DS-f9ada691-7040-4417-9590-e6deb52b7fc4/container.db for volume DS-f9ada691-7040-4417-9590-e6deb52b7fc4
2023-08-29 18:56:13,784 [ForkJoinPool.commonPool-worker-3] INFO  utils.BackgroundService (BackgroundService.java:shutdown(141)) - Shutting down service BlockDeletingService
2023-08-29 18:56:13,785 [ForkJoinPool.commonPool-worker-3] INFO  utils.BackgroundService (BackgroundService.java:shutdown(141)) - Shutting down service StaleRecoveringContainerScrubbingService
2023-08-29 18:56:13,787 [ForkJoinPool.commonPool-worker-3] INFO  statemachine.DatanodeStateMachine (DatanodeStateMachine.java:stopDaemon(620)) - Ozone container server stopped.
2023-08-29 18:56:13,794 [ForkJoinPool.commonPool-worker-2] INFO  utils.DatanodeStoreCache (DatanodeStoreCache.java:shutdownCache(110)) - Skip clearing cache in mini cluster mode. Entries left: [/home/runner/work/ozone/ozone/hadoop-ozone/integration-test/target/test-dir/MiniOzoneClusterImpl-e121caef-2a4e-4b75-96a0-c968b96a6505/datanode-0/data-0/containers/hdds/e121caef-2a4e-4b75-96a0-c968b96a6505/DS-9f12350c-dc00-43fb-ae98-2bb83ff9f459/container.db, /home/runner/work/ozone/ozone/hadoop-ozone/integration-test/target/test-dir/MiniOzoneClusterImpl-e121caef-2a4e-4b75-96a0-c968b96a6505/datanode-1/data-0/containers/hdds/e121caef-2a4e-4b75-96a0-c968b96a6505/DS-6fc0cce6-5121-40cd-8eab-c46aea518b52/container.db, /home/runner/work/ozone/ozone/hadoop-ozone/integration-test/target/test-dir/MiniOzoneClusterImpl-e121caef-2a4e-4b75-96a0-c968b96a6505/datanode-2/data-0/containers/hdds/e121caef-2a4e-4b75-96a0-c968b96a6505/DS-7ee6be56-1e63-4ca6-a283-cb626e5b9ab6/container.db, /home/runner/work/ozone/ozone/hadoop-ozone/integration-test/target/test-dir/MiniOzoneClusterImpl-e121caef-2a4e-4b75-96a0-c968b96a6505/datanode-4/data-0/containers/hdds/e121caef-2a4e-4b75-96a0-c968b96a6505/DS-e11d3d60-bb73-4d70-86ac-8e954184cb3f/container.db]
2023-08-29 18:56:13,798 [ForkJoinPool.commonPool-worker-2] INFO  utils.DatanodeStoreCache (DatanodeStoreCache.java:removeDB(104)) - Removed db /home/runner/work/ozone/ozone/hadoop-ozone/integration-test/target/test-dir/MiniOzoneClusterImpl-e121caef-2a4e-4b75-96a0-c968b96a6505/datanode-4/data-0/containers/hdds/e121caef-2a4e-4b75-96a0-c968b96a6505/DS-e11d3d60-bb73-4d70-86ac-8e954184cb3f/container.db from cache
2023-08-29 18:56:13,798 [ForkJoinPool.commonPool-worker-2] INFO  volume.HddsVolume (HddsVolume.java:closeDbStore(453)) - SchemaV3 db is stopped at /home/runner/work/ozone/ozone/hadoop-ozone/integration-test/target/test-dir/MiniOzoneClusterImpl-e121caef-2a4e-4b75-96a0-c968b96a6505/datanode-4/data-0/containers/hdds/e121caef-2a4e-4b75-96a0-c968b96a6505/DS-e11d3d60-bb73-4d70-86ac-8e954184cb3f/container.db for volume DS-e11d3d60-bb73-4d70-86ac-8e954184cb3f
2023-08-29 18:56:13,799 [ForkJoinPool.commonPool-worker-2] INFO  utils.BackgroundService (BackgroundService.java:shutdown(141)) - Shutting down service BlockDeletingService
2023-08-29 18:56:13,800 [ForkJoinPool.commonPool-worker-2] INFO  utils.BackgroundService (BackgroundService.java:shutdown(141)) - Shutting down service StaleRecoveringContainerScrubbingService
2023-08-29 18:56:13,805 [ForkJoinPool.commonPool-worker-2] INFO  statemachine.DatanodeStateMachine (DatanodeStateMachine.java:stopDaemon(620)) - Ozone container server stopped.
2023-08-29 18:56:13,805 [ForkJoinPool.commonPool-worker-3] INFO  handler.ContextHandler (ContextHandler.java:doStop(1159)) - Stopped o.e.j.w.WebAppContext@2e866270{hddsDatanode,/,null,STOPPED}{jar:file:/home/runner/.m2/repository/org/apache/ozone/hdds-container-service/1.4.0-SNAPSHOT/hdds-container-service-1.4.0-SNAPSHOT.jar!/webapps/hddsDatanode}
2023-08-29 18:56:13,811 [ForkJoinPool.commonPool-worker-3] INFO  server.AbstractConnector (AbstractConnector.java:doStop(383)) - Stopped ServerConnector@7befbc36{HTTP/1.1, (http/1.1)}{0.0.0.0:15142}
2023-08-29 18:56:13,812 [ForkJoinPool.commonPool-worker-3] INFO  server.session (HouseKeeper.java:stopScavenging(149)) - node0 Stopped scavenging
2023-08-29 18:56:13,812 [ForkJoinPool.commonPool-worker-3] INFO  handler.ContextHandler (ContextHandler.java:doStop(1159)) - Stopped o.e.j.s.ServletContextHandler@78332334{static,/static,jar:file:/home/runner/.m2/repository/org/apache/ozone/hdds-container-service/1.4.0-SNAPSHOT/hdds-container-service-1.4.0-SNAPSHOT.jar!/webapps/static,STOPPED}
2023-08-29 18:56:13,813 [ForkJoinPool.commonPool-worker-3] INFO  handler.ContextHandler (ContextHandler.java:doStop(1159)) - Stopped o.e.j.s.ServletContextHandler@47331810{logs,/logs,file:///home/runner/work/ozone/ozone/hadoop-ozone/integration-test/target/log,STOPPED}
2023-08-29 18:56:13,813 [ForkJoinPool.commonPool-worker-3] INFO  ozone.HddsDatanodeClientProtocolServer (HddsDatanodeClientProtocolServer.java:stop(78)) - Stopping the RPC server for Client Protocol
2023-08-29 18:56:13,814 [ForkJoinPool.commonPool-worker-3] INFO  ipc.Server (Server.java:stop(3523)) - Stopping server on 15143
2023-08-29 18:56:13,815 [IPC Server listener on 15143] INFO  ipc.Server (Server.java:run(1434)) - Stopping IPC Server listener on 15143
2023-08-29 18:56:13,816 [IPC Server Responder] INFO  ipc.Server (Server.java:run(1567)) - Stopping IPC Server Responder
2023-08-29 18:56:13,820 [ForkJoinPool.commonPool-worker-2] INFO  handler.ContextHandler (ContextHandler.java:doStop(1159)) - Stopped o.e.j.w.WebAppContext@390a5df2{hddsDatanode,/,null,STOPPED}{jar:file:/home/runner/.m2/repository/org/apache/ozone/hdds-container-service/1.4.0-SNAPSHOT/hdds-container-service-1.4.0-SNAPSHOT.jar!/webapps/hddsDatanode}
2023-08-29 18:56:13,820 [ForkJoinPool.commonPool-worker-2] INFO  server.AbstractConnector (AbstractConnector.java:doStop(383)) - Stopped ServerConnector@450b89bc{HTTP/1.1, (http/1.1)}{0.0.0.0:15151}
2023-08-29 18:56:13,820 [ForkJoinPool.commonPool-worker-2] INFO  server.session (HouseKeeper.java:stopScavenging(149)) - node0 Stopped scavenging
2023-08-29 18:56:13,821 [ForkJoinPool.commonPool-worker-2] INFO  handler.ContextHandler (ContextHandler.java:doStop(1159)) - Stopped o.e.j.s.ServletContextHandler@509debfe{static,/static,jar:file:/home/runner/.m2/repository/org/apache/ozone/hdds-container-service/1.4.0-SNAPSHOT/hdds-container-service-1.4.0-SNAPSHOT.jar!/webapps/static,STOPPED}
2023-08-29 18:56:13,822 [ForkJoinPool.commonPool-worker-2] INFO  handler.ContextHandler (ContextHandler.java:doStop(1159)) - Stopped o.e.j.s.ServletContextHandler@40aa01e9{logs,/logs,file:///home/runner/work/ozone/ozone/hadoop-ozone/integration-test/target/log,STOPPED}
2023-08-29 18:56:13,822 [ForkJoinPool.commonPool-worker-2] INFO  ozone.HddsDatanodeClientProtocolServer (HddsDatanodeClientProtocolServer.java:stop(78)) - Stopping the RPC server for Client Protocol
2023-08-29 18:56:13,823 [ForkJoinPool.commonPool-worker-2] INFO  ipc.Server (Server.java:stop(3523)) - Stopping server on 15152
2023-08-29 18:56:13,823 [IPC Server listener on 15152] INFO  ipc.Server (Server.java:run(1434)) - Stopping IPC Server listener on 15152
2023-08-29 18:56:13,824 [IPC Server Responder] INFO  ipc.Server (Server.java:run(1567)) - Stopping IPC Server Responder
2023-08-29 18:56:13,869 [main] INFO  utils.DatanodeStoreCache (DatanodeStoreCache.java:shutdownCache(110)) - Skip clearing cache in mini cluster mode. Entries left: [/home/runner/work/ozone/ozone/hadoop-ozone/integration-test/target/test-dir/MiniOzoneClusterImpl-e121caef-2a4e-4b75-96a0-c968b96a6505/datanode-0/data-0/containers/hdds/e121caef-2a4e-4b75-96a0-c968b96a6505/DS-9f12350c-dc00-43fb-ae98-2bb83ff9f459/container.db, /home/runner/work/ozone/ozone/hadoop-ozone/integration-test/target/test-dir/MiniOzoneClusterImpl-e121caef-2a4e-4b75-96a0-c968b96a6505/datanode-1/data-0/containers/hdds/e121caef-2a4e-4b75-96a0-c968b96a6505/DS-6fc0cce6-5121-40cd-8eab-c46aea518b52/container.db, /home/runner/work/ozone/ozone/hadoop-ozone/integration-test/target/test-dir/MiniOzoneClusterImpl-e121caef-2a4e-4b75-96a0-c968b96a6505/datanode-2/data-0/containers/hdds/e121caef-2a4e-4b75-96a0-c968b96a6505/DS-7ee6be56-1e63-4ca6-a283-cb626e5b9ab6/container.db]
2023-08-29 18:56:13,871 [main] INFO  utils.DatanodeStoreCache (DatanodeStoreCache.java:removeDB(104)) - Removed db /home/runner/work/ozone/ozone/hadoop-ozone/integration-test/target/test-dir/MiniOzoneClusterImpl-e121caef-2a4e-4b75-96a0-c968b96a6505/datanode-2/data-0/containers/hdds/e121caef-2a4e-4b75-96a0-c968b96a6505/DS-7ee6be56-1e63-4ca6-a283-cb626e5b9ab6/container.db from cache
2023-08-29 18:56:13,871 [main] INFO  volume.HddsVolume (HddsVolume.java:closeDbStore(453)) - SchemaV3 db is stopped at /home/runner/work/ozone/ozone/hadoop-ozone/integration-test/target/test-dir/MiniOzoneClusterImpl-e121caef-2a4e-4b75-96a0-c968b96a6505/datanode-2/data-0/containers/hdds/e121caef-2a4e-4b75-96a0-c968b96a6505/DS-7ee6be56-1e63-4ca6-a283-cb626e5b9ab6/container.db for volume DS-7ee6be56-1e63-4ca6-a283-cb626e5b9ab6
2023-08-29 18:56:13,871 [main] INFO  utils.BackgroundService (BackgroundService.java:shutdown(141)) - Shutting down service BlockDeletingService
2023-08-29 18:56:13,872 [main] INFO  utils.BackgroundService (BackgroundService.java:shutdown(141)) - Shutting down service StaleRecoveringContainerScrubbingService
2023-08-29 18:56:13,872 [main] INFO  statemachine.DatanodeStateMachine (DatanodeStateMachine.java:stopDaemon(620)) - Ozone container server stopped.
2023-08-29 18:56:13,884 [main] INFO  handler.ContextHandler (ContextHandler.java:doStop(1159)) - Stopped o.e.j.w.WebAppContext@11405ed0{hddsDatanode,/,null,STOPPED}{jar:file:/home/runner/.m2/repository/org/apache/ozone/hdds-container-service/1.4.0-SNAPSHOT/hdds-container-service-1.4.0-SNAPSHOT.jar!/webapps/hddsDatanode}
2023-08-29 18:56:13,885 [main] INFO  server.AbstractConnector (AbstractConnector.java:doStop(383)) - Stopped ServerConnector@227b27d8{HTTP/1.1, (http/1.1)}{0.0.0.0:15133}
2023-08-29 18:56:13,885 [main] INFO  server.session (HouseKeeper.java:stopScavenging(149)) - node0 Stopped scavenging
2023-08-29 18:56:13,885 [main] INFO  handler.ContextHandler (ContextHandler.java:doStop(1159)) - Stopped o.e.j.s.ServletContextHandler@7f87b323{static,/static,jar:file:/home/runner/.m2/repository/org/apache/ozone/hdds-container-service/1.4.0-SNAPSHOT/hdds-container-service-1.4.0-SNAPSHOT.jar!/webapps/static,STOPPED}
2023-08-29 18:56:13,885 [main] INFO  handler.ContextHandler (ContextHandler.java:doStop(1159)) - Stopped o.e.j.s.ServletContextHandler@26105844{logs,/logs,file:///home/runner/work/ozone/ozone/hadoop-ozone/integration-test/target/log,STOPPED}
2023-08-29 18:56:13,886 [main] INFO  ozone.HddsDatanodeClientProtocolServer (HddsDatanodeClientProtocolServer.java:stop(78)) - Stopping the RPC server for Client Protocol
2023-08-29 18:56:13,886 [main] INFO  ipc.Server (Server.java:stop(3523)) - Stopping server on 15134
2023-08-29 18:56:13,886 [IPC Server listener on 15134] INFO  ipc.Server (Server.java:run(1434)) - Stopping IPC Server listener on 15134
2023-08-29 18:56:13,887 [IPC Server Responder] INFO  ipc.Server (Server.java:run(1567)) - Stopping IPC Server Responder
2023-08-29 18:56:13,891 [ForkJoinPool.commonPool-worker-1] INFO  utils.DatanodeStoreCache (DatanodeStoreCache.java:shutdownCache(110)) - Skip clearing cache in mini cluster mode. Entries left: [/home/runner/work/ozone/ozone/hadoop-ozone/integration-test/target/test-dir/MiniOzoneClusterImpl-e121caef-2a4e-4b75-96a0-c968b96a6505/datanode-0/data-0/containers/hdds/e121caef-2a4e-4b75-96a0-c968b96a6505/DS-9f12350c-dc00-43fb-ae98-2bb83ff9f459/container.db, /home/runner/work/ozone/ozone/hadoop-ozone/integration-test/target/test-dir/MiniOzoneClusterImpl-e121caef-2a4e-4b75-96a0-c968b96a6505/datanode-1/data-0/containers/hdds/e121caef-2a4e-4b75-96a0-c968b96a6505/DS-6fc0cce6-5121-40cd-8eab-c46aea518b52/container.db]
2023-08-29 18:56:13,891 [ForkJoinPool.commonPool-worker-0] INFO  utils.DatanodeStoreCache (DatanodeStoreCache.java:shutdownCache(110)) - Skip clearing cache in mini cluster mode. Entries left: [/home/runner/work/ozone/ozone/hadoop-ozone/integration-test/target/test-dir/MiniOzoneClusterImpl-e121caef-2a4e-4b75-96a0-c968b96a6505/datanode-0/data-0/containers/hdds/e121caef-2a4e-4b75-96a0-c968b96a6505/DS-9f12350c-dc00-43fb-ae98-2bb83ff9f459/container.db, /home/runner/work/ozone/ozone/hadoop-ozone/integration-test/target/test-dir/MiniOzoneClusterImpl-e121caef-2a4e-4b75-96a0-c968b96a6505/datanode-1/data-0/containers/hdds/e121caef-2a4e-4b75-96a0-c968b96a6505/DS-6fc0cce6-5121-40cd-8eab-c46aea518b52/container.db]
2023-08-29 18:56:13,892 [ForkJoinPool.commonPool-worker-1] INFO  utils.DatanodeStoreCache (DatanodeStoreCache.java:removeDB(104)) - Removed db /home/runner/work/ozone/ozone/hadoop-ozone/integration-test/target/test-dir/MiniOzoneClusterImpl-e121caef-2a4e-4b75-96a0-c968b96a6505/datanode-0/data-0/containers/hdds/e121caef-2a4e-4b75-96a0-c968b96a6505/DS-9f12350c-dc00-43fb-ae98-2bb83ff9f459/container.db from cache
2023-08-29 18:56:13,892 [ForkJoinPool.commonPool-worker-1] INFO  volume.HddsVolume (HddsVolume.java:closeDbStore(453)) - SchemaV3 db is stopped at /home/runner/work/ozone/ozone/hadoop-ozone/integration-test/target/test-dir/MiniOzoneClusterImpl-e121caef-2a4e-4b75-96a0-c968b96a6505/datanode-0/data-0/containers/hdds/e121caef-2a4e-4b75-96a0-c968b96a6505/DS-9f12350c-dc00-43fb-ae98-2bb83ff9f459/container.db for volume DS-9f12350c-dc00-43fb-ae98-2bb83ff9f459
2023-08-29 18:56:13,892 [ForkJoinPool.commonPool-worker-0] INFO  utils.DatanodeStoreCache (DatanodeStoreCache.java:removeDB(104)) - Removed db /home/runner/work/ozone/ozone/hadoop-ozone/integration-test/target/test-dir/MiniOzoneClusterImpl-e121caef-2a4e-4b75-96a0-c968b96a6505/datanode-1/data-0/containers/hdds/e121caef-2a4e-4b75-96a0-c968b96a6505/DS-6fc0cce6-5121-40cd-8eab-c46aea518b52/container.db from cache
2023-08-29 18:56:13,892 [ForkJoinPool.commonPool-worker-0] INFO  volume.HddsVolume (HddsVolume.java:closeDbStore(453)) - SchemaV3 db is stopped at /home/runner/work/ozone/ozone/hadoop-ozone/integration-test/target/test-dir/MiniOzoneClusterImpl-e121caef-2a4e-4b75-96a0-c968b96a6505/datanode-1/data-0/containers/hdds/e121caef-2a4e-4b75-96a0-c968b96a6505/DS-6fc0cce6-5121-40cd-8eab-c46aea518b52/container.db for volume DS-6fc0cce6-5121-40cd-8eab-c46aea518b52
2023-08-29 18:56:13,892 [ForkJoinPool.commonPool-worker-0] INFO  utils.BackgroundService (BackgroundService.java:shutdown(141)) - Shutting down service BlockDeletingService
2023-08-29 18:56:13,892 [ForkJoinPool.commonPool-worker-0] INFO  utils.BackgroundService (BackgroundService.java:shutdown(141)) - Shutting down service StaleRecoveringContainerScrubbingService
2023-08-29 18:56:13,893 [ForkJoinPool.commonPool-worker-1] INFO  utils.BackgroundService (BackgroundService.java:shutdown(141)) - Shutting down service BlockDeletingService
2023-08-29 18:56:13,893 [ForkJoinPool.commonPool-worker-1] INFO  utils.BackgroundService (BackgroundService.java:shutdown(141)) - Shutting down service StaleRecoveringContainerScrubbingService
2023-08-29 18:56:13,893 [ForkJoinPool.commonPool-worker-0] INFO  statemachine.DatanodeStateMachine (DatanodeStateMachine.java:stopDaemon(620)) - Ozone container server stopped.
2023-08-29 18:56:13,894 [ForkJoinPool.commonPool-worker-1] INFO  statemachine.DatanodeStateMachine (DatanodeStateMachine.java:stopDaemon(620)) - Ozone container server stopped.
2023-08-29 18:56:13,907 [ForkJoinPool.commonPool-worker-1] INFO  handler.ContextHandler (ContextHandler.java:doStop(1159)) - Stopped o.e.j.w.WebAppContext@7ef7baad{hddsDatanode,/,null,STOPPED}{jar:file:/home/runner/.m2/repository/org/apache/ozone/hdds-container-service/1.4.0-SNAPSHOT/hdds-container-service-1.4.0-SNAPSHOT.jar!/webapps/hddsDatanode}
2023-08-29 18:56:13,908 [ForkJoinPool.commonPool-worker-1] INFO  server.AbstractConnector (AbstractConnector.java:doStop(383)) - Stopped ServerConnector@7528966c{HTTP/1.1, (http/1.1)}{0.0.0.0:15115}
2023-08-29 18:56:13,908 [ForkJoinPool.commonPool-worker-0] INFO  handler.ContextHandler (ContextHandler.java:doStop(1159)) - Stopped o.e.j.w.WebAppContext@353a42ba{hddsDatanode,/,null,STOPPED}{jar:file:/home/runner/.m2/repository/org/apache/ozone/hdds-container-service/1.4.0-SNAPSHOT/hdds-container-service-1.4.0-SNAPSHOT.jar!/webapps/hddsDatanode}
2023-08-29 18:56:13,908 [ForkJoinPool.commonPool-worker-1] INFO  server.session (HouseKeeper.java:stopScavenging(149)) - node0 Stopped scavenging
2023-08-29 18:56:13,909 [ForkJoinPool.commonPool-worker-1] INFO  handler.ContextHandler (ContextHandler.java:doStop(1159)) - Stopped o.e.j.s.ServletContextHandler@7ccc0319{static,/static,jar:file:/home/runner/.m2/repository/org/apache/ozone/hdds-container-service/1.4.0-SNAPSHOT/hdds-container-service-1.4.0-SNAPSHOT.jar!/webapps/static,STOPPED}
2023-08-29 18:56:13,909 [ForkJoinPool.commonPool-worker-0] INFO  server.AbstractConnector (AbstractConnector.java:doStop(383)) - Stopped ServerConnector@2b9d52d5{HTTP/1.1, (http/1.1)}{0.0.0.0:15124}
2023-08-29 18:56:13,909 [ForkJoinPool.commonPool-worker-1] INFO  handler.ContextHandler (ContextHandler.java:doStop(1159)) - Stopped o.e.j.s.ServletContextHandler@5dbad5d5{logs,/logs,file:///home/runner/work/ozone/ozone/hadoop-ozone/integration-test/target/log,STOPPED}
2023-08-29 18:56:13,909 [ForkJoinPool.commonPool-worker-0] INFO  server.session (HouseKeeper.java:stopScavenging(149)) - node0 Stopped scavenging
2023-08-29 18:56:13,910 [ForkJoinPool.commonPool-worker-1] INFO  ozone.HddsDatanodeClientProtocolServer (HddsDatanodeClientProtocolServer.java:stop(78)) - Stopping the RPC server for Client Protocol
2023-08-29 18:56:13,911 [ForkJoinPool.commonPool-worker-0] INFO  handler.ContextHandler (ContextHandler.java:doStop(1159)) - Stopped o.e.j.s.ServletContextHandler@54f84573{static,/static,jar:file:/home/runner/.m2/repository/org/apache/ozone/hdds-container-service/1.4.0-SNAPSHOT/hdds-container-service-1.4.0-SNAPSHOT.jar!/webapps/static,STOPPED}
2023-08-29 18:56:13,911 [ForkJoinPool.commonPool-worker-1] INFO  ipc.Server (Server.java:stop(3523)) - Stopping server on 15116
2023-08-29 18:56:13,912 [IPC Server listener on 15116] INFO  ipc.Server (Server.java:run(1434)) - Stopping IPC Server listener on 15116
2023-08-29 18:56:13,912 [ForkJoinPool.commonPool-worker-0] INFO  handler.ContextHandler (ContextHandler.java:doStop(1159)) - Stopped o.e.j.s.ServletContextHandler@6a16220f{logs,/logs,file:///home/runner/work/ozone/ozone/hadoop-ozone/integration-test/target/log,STOPPED}
2023-08-29 18:56:13,913 [IPC Server Responder] INFO  ipc.Server (Server.java:run(1567)) - Stopping IPC Server Responder
2023-08-29 18:56:13,913 [ForkJoinPool.commonPool-worker-0] INFO  ozone.HddsDatanodeClientProtocolServer (HddsDatanodeClientProtocolServer.java:stop(78)) - Stopping the RPC server for Client Protocol
2023-08-29 18:56:13,913 [ForkJoinPool.commonPool-worker-0] INFO  ipc.Server (Server.java:stop(3523)) - Stopping server on 15125
2023-08-29 18:56:13,917 [IPC Server listener on 15125] INFO  ipc.Server (Server.java:run(1434)) - Stopping IPC Server listener on 15125
2023-08-29 18:56:13,917 [IPC Server Responder] INFO  ipc.Server (Server.java:run(1567)) - Stopping IPC Server Responder
2023-08-29 18:56:13,918 [main] INFO  ozone.MiniOzoneClusterImpl (MiniOzoneClusterImpl.java:stopSCM(543)) - Stopping the StorageContainerManager
2023-08-29 18:56:13,918 [main] INFO  server.StorageContainerManager (StorageContainerManager.java:stop(1591)) - Container Balancer is not running.
2023-08-29 18:56:13,918 [main] INFO  server.StorageContainerManager (StorageContainerManager.java:stopReplicationManager(1724)) - Stopping Replication Manager Service.
2023-08-29 18:56:13,918 [main] INFO  replication.ReplicationManager (ReplicationManager.java:stop(323)) - Stopping Replication Monitor Thread.
2023-08-29 18:56:13,918 [main] INFO  server.StorageContainerManager (StorageContainerManager.java:stop(1600)) - Stopping the Datanode Admin Monitor.
2023-08-29 18:56:13,918 [Over Replicated Processor] WARN  replication.UnhealthyReplicationProcessor (UnhealthyReplicationProcessor.java:run(180)) - Over Replicated Processor interrupted. Exiting...
2023-08-29 18:56:13,918 [Under Replicated Processor] WARN  replication.UnhealthyReplicationProcessor (UnhealthyReplicationProcessor.java:run(180)) - Under Replicated Processor interrupted. Exiting...
2023-08-29 18:56:13,919 [ReplicationMonitor] INFO  replication.ReplicationManager (ReplicationManager.java:run(921)) - Replication Monitor Thread is stopped
2023-08-29 18:56:13,918 [main] INFO  server.StorageContainerManager (StorageContainerManager.java:stop(1607)) - Stopping datanode service RPC server
2023-08-29 18:56:13,919 [main] INFO  server.SCMDatanodeProtocolServer (SCMDatanodeProtocolServer.java:stop(424)) - Stopping the RPC server for DataNodes
2023-08-29 18:56:13,919 [main] INFO  ipc.Server (Server.java:stop(3523)) - Stopping server on 15108
2023-08-29 18:56:13,921 [IPC Server Responder] INFO  ipc.Server (Server.java:run(1567)) - Stopping IPC Server Responder
2023-08-29 18:56:13,921 [IPC Server listener on 15108] INFO  ipc.Server (Server.java:run(1434)) - Stopping IPC Server listener on 15108
2023-08-29 18:56:13,972 [SCM Heartbeat Processing Thread - 0] WARN  node.NodeStateManager (NodeStateManager.java:scheduleNextHealthCheck(874)) - Current Thread is interrupted, shutting down HB processing thread for Node Manager.
2023-08-29 18:56:13,972 [main] INFO  server.StorageContainerManager (StorageContainerManager.java:stop(1615)) - Stopping block service RPC server
2023-08-29 18:56:13,973 [main] INFO  server.SCMBlockProtocolServer (SCMBlockProtocolServer.java:stop(161)) - Stopping the RPC server for Block Protocol
2023-08-29 18:56:13,973 [main] INFO  ipc.Server (Server.java:stop(3523)) - Stopping server on 15107
2023-08-29 18:56:13,975 [IPC Server Responder] INFO  ipc.Server (Server.java:run(1567)) - Stopping IPC Server Responder
2023-08-29 18:56:13,975 [IPC Server listener on 15107] INFO  ipc.Server (Server.java:run(1434)) - Stopping IPC Server listener on 15107
2023-08-29 18:56:13,975 [main] INFO  server.StorageContainerManager (StorageContainerManager.java:stop(1622)) - Stopping the StorageContainerLocationProtocol RPC server
2023-08-29 18:56:13,975 [main] INFO  server.SCMClientProtocolServer (SCMClientProtocolServer.java:stop(210)) - Stopping the RPC server for Client Protocol
2023-08-29 18:56:13,975 [main] INFO  ipc.Server (Server.java:stop(3523)) - Stopping server on 15106
2023-08-29 18:56:13,976 [IPC Server listener on 15106] INFO  ipc.Server (Server.java:run(1434)) - Stopping IPC Server listener on 15106
2023-08-29 18:56:13,977 [main] INFO  server.StorageContainerManager (StorageContainerManager.java:stop(1629)) - Stopping Storage Container Manager HTTP server.
2023-08-29 18:56:13,977 [IPC Server Responder] INFO  ipc.Server (Server.java:run(1567)) - Stopping IPC Server Responder
2023-08-29 18:56:13,978 [main] INFO  handler.ContextHandler (ContextHandler.java:doStop(1159)) - Stopped o.e.j.w.WebAppContext@37d5b78d{scm,/,null,STOPPED}{file:/home/runner/work/ozone/ozone/hadoop-ozone/integration-test/target/test-classes/webapps/scm}
2023-08-29 18:56:13,978 [main] INFO  server.AbstractConnector (AbstractConnector.java:doStop(383)) - Stopped ServerConnector@140f0dba{HTTP/1.1, (http/1.1)}{0.0.0.0:15109}
2023-08-29 18:56:13,979 [main] INFO  server.session (HouseKeeper.java:stopScavenging(149)) - node0 Stopped scavenging
2023-08-29 18:56:13,979 [main] INFO  handler.ContextHandler (ContextHandler.java:doStop(1159)) - Stopped o.e.j.s.ServletContextHandler@1f54552e{static,/static,file:///home/runner/work/ozone/ozone/hadoop-ozone/integration-test/target/test-classes/webapps/static,STOPPED}
2023-08-29 18:56:13,979 [main] INFO  handler.ContextHandler (ContextHandler.java:doStop(1159)) - Stopped o.e.j.s.ServletContextHandler@679ba4a9{logs,/logs,file:///home/runner/work/ozone/ozone/hadoop-ozone/integration-test/target/log,STOPPED}
2023-08-29 18:56:13,980 [main] INFO  server.StorageContainerManager (StorageContainerManager.java:stop(1637)) - Stopping SCM LayoutVersionManager Service.
2023-08-29 18:56:13,980 [main] INFO  server.StorageContainerManager (StorageContainerManager.java:stop(1649)) - Stopping Block Manager Service.
2023-08-29 18:56:13,980 [main] INFO  utils.BackgroundService (BackgroundService.java:shutdown(141)) - Shutting down service SCMBlockDeletingService
2023-08-29 18:56:13,980 [main] INFO  utils.BackgroundService (BackgroundService.java:shutdown(141)) - Shutting down service SCMBlockDeletingService
2023-08-29 18:56:13,980 [main] INFO  server.StorageContainerManager (StorageContainerManager.java:stop(1669)) - Stopping SCM Event Queue.
2023-08-29 18:56:13,981 [JvmPauseMonitor14] INFO  util.JvmPauseMonitor (JvmPauseMonitor.java:run(109)) - JvmPauseMonitor-052ab789-45b1-4a21-827b-216222ed7bd2: Stopped
2023-08-29 18:56:13,981 [main] INFO  server.StorageContainerManager (StorageContainerManager.java:stop(1680)) - Stopping SCM HA services.
2023-08-29 18:56:13,982 [main] INFO  pipeline.BackgroundPipelineCreator (BackgroundPipelineCreator.java:stop(149)) - Stopping RatisPipelineUtilsThread.
2023-08-29 18:56:13,982 [RatisPipelineUtilsThread - 0] WARN  pipeline.BackgroundPipelineCreator (BackgroundPipelineCreator.java:run(180)) - RatisPipelineUtilsThread is interrupted.
2023-08-29 18:56:13,982 [BackgroundPipelineScrubberThread] WARN  BackgroundPipelineScrubber (BackgroundSCMService.java:run(115)) - BackgroundPipelineScrubber is interrupted, exit
2023-08-29 18:56:13,982 [main] INFO  BackgroundPipelineScrubber (BackgroundSCMService.java:stop(131)) - Stopping BackgroundPipelineScrubber Service.
2023-08-29 18:56:13,982 [main] INFO  impl.MetricsSystemImpl (MetricsSystemImpl.java:stop(210)) - Stopping HddsDatanode metrics system...
2023-08-29 18:56:13,983 [prometheus] INFO  impl.MetricsSinkAdapter (MetricsSinkAdapter.java:publishMetricsFromQueue(141)) - prometheus thread interrupted.
2023-08-29 18:56:13,983 [main] INFO  impl.MetricsSystemImpl (MetricsSystemImpl.java:stop(216)) - HddsDatanode metrics system stopped.
2023-08-29 18:56:13,984 [main] WARN  pipeline.BackgroundPipelineCreator (BackgroundPipelineCreator.java:stop(145)) - RatisPipelineUtilsThread is not running, just ignore.
2023-08-29 18:56:13,984 [main] INFO  BackgroundPipelineScrubber (BackgroundSCMService.java:stop(126)) - BackgroundPipelineScrubber Service is not running, skip stop.
2023-08-29 18:56:13,984 [main] INFO  ExpiredContainerReplicaOpScrubber (BackgroundSCMService.java:stop(131)) - Stopping ExpiredContainerReplicaOpScrubber Service.
2023-08-29 18:56:13,984 [ExpiredContainerReplicaOpScrubberThread] WARN  ExpiredContainerReplicaOpScrubber (BackgroundSCMService.java:run(115)) - ExpiredContainerReplicaOpScrubber is interrupted, exit
2023-08-29 18:56:13,984 [main] INFO  utils.BackgroundService (BackgroundService.java:shutdown(141)) - Shutting down service SCMBlockDeletingService
2023-08-29 18:56:13,984 [main] INFO  replication.ReplicationManager (ReplicationManager.java:stop(333)) - Replication Monitor Thread is not running.
2023-08-29 18:56:13,984 [main] WARN  balancer.ContainerBalancer (ContainerBalancer.java:stop(326)) - Cannot stop Container Balancer because it's not running or stopping
2023-08-29 18:56:13,984 [Lease Manager-LeaseManager#LeaseMonitor] WARN  lease.LeaseManager (LeaseManager.java:run(272)) - Lease manager is interrupted. Shutting down...
java.lang.InterruptedException
	at java.util.concurrent.locks.AbstractQueuedSynchronizer.doAcquireSharedNanos(AbstractQueuedSynchronizer.java:1039)
	at java.util.concurrent.locks.AbstractQueuedSynchronizer.tryAcquireSharedNanos(AbstractQueuedSynchronizer.java:1328)
	at java.util.concurrent.Semaphore.tryAcquire(Semaphore.java:409)
	at org.apache.hadoop.ozone.lease.LeaseManager$LeaseMonitor.run(LeaseManager.java:270)
	at java.lang.Thread.run(Thread.java:750)
2023-08-29 18:56:13,984 [main] INFO  server.StorageContainerManager (StorageContainerManager.java:stop(1715)) - Stopping SCM MetadataStore.
2023-08-29 18:56:14,036 [main] WARN  server.ServerUtils (ServerUtils.java:getScmDbDir(155)) - ozone.scm.db.dirs is not configured. We recommend adding this setting. Falling back to ozone.metadata.dirs instead.
2023-08-29 18:56:14,040 [main] WARN  server.ServerUtils (ServerUtils.java:getScmDbDir(155)) - ozone.scm.db.dirs is not configured. We recommend adding this setting. Falling back to ozone.metadata.dirs instead.
2023-08-29 18:56:14,041 [main] INFO  ha.SCMHANodeDetails (SCMHANodeDetails.java:loadSCMHAConfig(210)) - ServiceID for StorageContainerManager is null
2023-08-29 18:56:14,041 [main] INFO  ha.SCMHANodeDetails (SCMHANodeDetails.java:loadSCMHAConfig(215)) - ozone.scm.default.service.id is not defined, falling back to ozone.scm.service.ids to find serviceID for StorageContainerManager if it is HA enabled cluster
2023-08-29 18:56:14,041 [main] WARN  utils.HAUtils (HAUtils.java:getMetaDir(339)) - ozone.scm.db.dirs is not configured. We recommend adding this setting. Falling back to ozone.metadata.dirs instead.
2023-08-29 18:56:14,041 [main] WARN  db.DBStoreBuilder (DBStoreBuilder.java:applyDBDefinition(166)) - ozone.scm.db.dirs is not configured. We recommend adding this setting. Falling back to ozone.metadata.dirs instead.
2023-08-29 18:56:14,132 [main] INFO  net.NodeSchemaLoader (NodeSchemaLoader.java:loadSchemaFromFile(129)) - Loading schema from [jar:file:/home/runner/.m2/repository/org/apache/ozone/hdds-common/1.4.0-SNAPSHOT/hdds-common-1.4.0-SNAPSHOT.jar!/network-topology-default.xml]
2023-08-29 18:56:14,133 [main] INFO  net.NodeSchemaLoader (NodeSchemaLoader.java:loadSchema(176)) - Loading network topology layer schema file
2023-08-29 18:56:14,135 [main] INFO  upgrade.AbstractLayoutVersionManager (AbstractLayoutVersionManager.java:init(83)) - Initializing Layout version manager with metadata layout = HADOOP_PRC_PORTS_IN_DATANODEDETAILS (version = 7), software layout = HADOOP_PRC_PORTS_IN_DATANODEDETAILS (version = 7)
2023-08-29 18:56:14,136 [main] INFO  ha.SequenceIdGenerator (SequenceIdGenerator.java:upgradeToSequenceId(365)) - upgrade localId to 111677748019200000
2023-08-29 18:56:14,137 [main] INFO  ha.SequenceIdGenerator (SequenceIdGenerator.java:upgradeToSequenceId(375)) - upgrade delTxnId to 0
2023-08-29 18:56:14,138 [main] INFO  ha.SequenceIdGenerator (SequenceIdGenerator.java:upgradeToSequenceId(392)) - upgrade containerId to 0
2023-08-29 18:56:14,138 [main] INFO  ha.SequenceIdGenerator (SequenceIdGenerator.java:upgradeToSequenceId(428)) - upgrade rootCertificateId to 1
2023-08-29 18:56:14,138 [main] INFO  ha.SequenceIdGenerator (SequenceIdGenerator.java:<init>(236)) - Init the HA SequenceIdGenerator.
2023-08-29 18:56:14,139 [main] WARN  server.ServerUtils (ServerUtils.java:sanitizeUserArgs(80)) - ozone.scm.stale.node.interval value = 300000 is larger than max = 100000 based on the key value of ozone.scm.heartbeat.thread.interval, reset to the max value 100000.
2023-08-29 18:56:14,139 [main] WARN  server.ServerUtils (ServerUtils.java:sanitizeUserArgs(80)) - ozone.scm.stale.node.interval value = 300000 is larger than max = 100000 based on the key value of ozone.scm.heartbeat.thread.interval, reset to the max value 100000.
2023-08-29 18:56:14,139 [main] INFO  node.SCMNodeManager (SCMNodeManager.java:<init>(157)) - Entering startup safe mode.
2023-08-29 18:56:14,139 [main] INFO  algorithms.ContainerPlacementPolicyFactory (ContainerPlacementPolicyFactory.java:getPolicyInternal(86)) - Create container placement policy of type org.apache.hadoop.hdds.scm.container.placement.algorithms.SCMContainerPlacementRackAware
2023-08-29 18:56:14,139 [main] INFO  algorithms.ContainerPlacementPolicyFactory (ContainerPlacementPolicyFactory.java:getPolicyInternal(86)) - Create container placement policy of type org.apache.hadoop.hdds.scm.container.placement.algorithms.SCMContainerPlacementRackScatter
2023-08-29 18:56:14,140 [main] INFO  pipeline.PipelineStateManagerImpl (PipelineStateManagerImpl.java:initialize(78)) - No pipeline exists in current db
2023-08-29 18:56:14,140 [main] INFO  algorithms.LeaderChoosePolicyFactory (LeaderChoosePolicyFactory.java:getPolicy(57)) - Create leader choose policy of type org.apache.hadoop.hdds.scm.pipeline.leader.choose.algorithms.MinLeaderCountChoosePolicy
2023-08-29 18:56:14,140 [main] INFO  algorithms.ContainerPlacementPolicyFactory (ContainerPlacementPolicyFactory.java:getPolicyInternal(86)) - Create container placement policy of type org.apache.hadoop.hdds.scm.container.placement.algorithms.SCMContainerPlacementRackScatter
2023-08-29 18:56:14,140 [main] INFO  ha.SCMServiceManager (SCMServiceManager.java:register(42)) - Registering service BackgroundPipelineCreator.
2023-08-29 18:56:14,140 [main] INFO  pipeline.BackgroundPipelineCreator (BackgroundPipelineCreator.java:start(124)) - Starting RatisPipelineUtilsThread.
2023-08-29 18:56:14,144 [main] INFO  BackgroundPipelineScrubber (BackgroundSCMService.java:start(68)) - Starting BackgroundPipelineScrubber Service.
2023-08-29 18:56:14,145 [main] INFO  ha.SCMServiceManager (SCMServiceManager.java:register(42)) - Registering service BackgroundPipelineScrubber.
2023-08-29 18:56:14,145 [main] INFO  ExpiredContainerReplicaOpScrubber (BackgroundSCMService.java:start(68)) - Starting ExpiredContainerReplicaOpScrubber Service.
2023-08-29 18:56:14,145 [main] INFO  ha.SCMServiceManager (SCMServiceManager.java:register(42)) - Registering service ExpiredContainerReplicaOpScrubber.
2023-08-29 18:56:14,146 [main] INFO  algorithms.PipelineChoosePolicyFactory (PipelineChoosePolicyFactory.java:createPipelineChoosePolicyFromClass(78)) - Create pipeline choose policy of type org.apache.hadoop.hdds.scm.pipeline.choose.algorithms.RandomPipelineChoosePolicy
2023-08-29 18:56:14,146 [main] INFO  algorithms.PipelineChoosePolicyFactory (PipelineChoosePolicyFactory.java:createPipelineChoosePolicyFromClass(78)) - Create pipeline choose policy of type org.apache.hadoop.hdds.scm.pipeline.choose.algorithms.RandomPipelineChoosePolicy
2023-08-29 18:56:14,146 [main] INFO  ha.SCMServiceManager (SCMServiceManager.java:register(42)) - Registering service SCMBlockDeletingService.
2023-08-29 18:56:14,147 [main] INFO  replication.ReplicationManager (ReplicationManager.java:start(291)) - Starting Replication Monitor Thread.
2023-08-29 18:56:14,147 [main] INFO  ha.SCMServiceManager (SCMServiceManager.java:register(42)) - Registering service ReplicationManager.
2023-08-29 18:56:14,147 [main] INFO  safemode.ContainerSafeModeRule (ContainerSafeModeRule.java:<init>(90)) - containers with one replica threshold count 0
2023-08-29 18:56:14,148 [main] INFO  safemode.HealthyPipelineSafeModeRule (HealthyPipelineSafeModeRule.java:initializeRule(169)) - Total pipeline count is 0, healthy pipeline threshold count is 1
2023-08-29 18:56:14,148 [main] INFO  safemode.OneReplicaPipelineSafeModeRule (OneReplicaPipelineSafeModeRule.java:initializeRule(180)) - Total pipeline count is 0, pipeline's with at least one datanode reported threshold count is 0
2023-08-29 18:56:14,148 [main] INFO  server.StorageContainerManager (StorageContainerManager.java:<init>(425)) - SCM start with adminUsers: [runner]
2023-08-29 18:56:14,148 [main] INFO  ipc.CallQueueManager (CallQueueManager.java:<init>(90)) - Using callQueue: class java.util.concurrent.LinkedBlockingQueue, queueCapacity: 2000, scheduler: class org.apache.hadoop.ipc.DefaultRpcScheduler, ipcBackoff: false.
2023-08-29 18:56:14,149 [main] INFO  ipc.Server (Server.java:<init>(1287)) - Listener at 0.0.0.0:15161
2023-08-29 18:56:14,149 [Socket Reader #1 for port 15161] INFO  ipc.Server (Server.java:run(1323)) - Starting Socket Reader #1 for port 15161
2023-08-29 18:56:14,150 [main] INFO  ipc.CallQueueManager (CallQueueManager.java:<init>(90)) - Using callQueue: class java.util.concurrent.LinkedBlockingQueue, queueCapacity: 2000, scheduler: class org.apache.hadoop.ipc.DefaultRpcScheduler, ipcBackoff: false.
2023-08-29 18:56:14,150 [main] INFO  ipc.Server (Server.java:<init>(1287)) - Listener at 0.0.0.0:15160
2023-08-29 18:56:14,150 [Socket Reader #1 for port 15160] INFO  ipc.Server (Server.java:run(1323)) - Starting Socket Reader #1 for port 15160
2023-08-29 18:56:14,151 [main] INFO  ipc.CallQueueManager (CallQueueManager.java:<init>(90)) - Using callQueue: class java.util.concurrent.LinkedBlockingQueue, queueCapacity: 2000, scheduler: class org.apache.hadoop.ipc.DefaultRpcScheduler, ipcBackoff: false.
2023-08-29 18:56:14,151 [main] INFO  ipc.Server (Server.java:<init>(1287)) - Listener at 0.0.0.0:15159
2023-08-29 18:56:14,152 [Socket Reader #1 for port 15159] INFO  ipc.Server (Server.java:run(1323)) - Starting Socket Reader #1 for port 15159
2023-08-29 18:56:14,156 [main] INFO  ha.SCMServiceManager (SCMServiceManager.java:register(42)) - Registering service ContainerBalancer.
2023-08-29 18:56:14,156 [main] INFO  server.StorageContainerManager (StorageContainerManager.java:<init>(438)) - 
Container Balancer status:
Key                            Value
Running                        false
Container Balancer Configuration values:
Key                                                Value
Threshold                                          10
Max Datanodes to Involve per Iteration(percent)    20
Max Size to Move per Iteration                     500GB
Max Size Entering Target per Iteration             26GB
Max Size Leaving Source per Iteration              26GB

2023-08-29 18:56:14,156 [main] INFO  ha.SCMContext (SCMContext.java:updateSafeModeStatus(228)) - Update SafeModeStatus from SafeModeStatus{safeModeStatus=true, preCheckPassed=false} to SafeModeStatus{safeModeStatus=true, preCheckPassed=false}.
2023-08-29 18:56:14,156 [main] INFO  server.StorageContainerManager (StorageContainerManager.java:start(1483)) - StorageContainerLocationProtocol RPC server is listening at /0.0.0.0:15159
2023-08-29 18:56:14,158 [main] WARN  impl.MetricsConfig (MetricsConfig.java:loadFirst(136)) - Cannot locate configuration: tried hadoop-metrics2-storagecontainermanager.properties,hadoop-metrics2.properties
2023-08-29 18:56:14,158 [main] INFO  impl.MetricsSystemImpl (MetricsSystemImpl.java:startTimer(378)) - Scheduled Metric snapshot period at 10 second(s).
2023-08-29 18:56:14,158 [main] INFO  impl.MetricsSystemImpl (MetricsSystemImpl.java:start(191)) - StorageContainerManager metrics system started
2023-08-29 18:56:14,165 [main] INFO  impl.MetricsSinkAdapter (MetricsSinkAdapter.java:start(204)) - Sink prometheus started
2023-08-29 18:56:14,166 [main] INFO  impl.MetricsSystemImpl (MetricsSystemImpl.java:registerSink(305)) - Registered sink prometheus
2023-08-29 18:56:14,168 [ReplicationMonitor] INFO  replication.ReplicationManager (ReplicationManager.java:processAll(365)) - Replication Manager is not ready to run until 3000ms after safemode exit
2023-08-29 18:56:14,181 [main] INFO  server.SCMClientProtocolServer (SCMClientProtocolServer.java:start(201)) - RPC server for Client  is listening at /0.0.0.0:15159
2023-08-29 18:56:14,182 [IPC Server Responder] INFO  ipc.Server (Server.java:run(1562)) - IPC Server Responder: starting
2023-08-29 18:56:14,182 [IPC Server listener on 15159] INFO  ipc.Server (Server.java:run(1402)) - IPC Server listener on 15159: starting
2023-08-29 18:56:14,184 [main] INFO  server.StorageContainerManager (StorageContainerManager.java:start(1496)) - ScmBlockLocationProtocol RPC server is listening at /0.0.0.0:15160
2023-08-29 18:56:14,184 [main] INFO  server.SCMBlockProtocolServer (SCMBlockProtocolServer.java:start(152)) - RPC server for Block Protocol is listening at /0.0.0.0:15160
2023-08-29 18:56:14,185 [IPC Server Responder] INFO  ipc.Server (Server.java:run(1562)) - IPC Server Responder: starting
2023-08-29 18:56:14,185 [IPC Server listener on 15160] INFO  ipc.Server (Server.java:run(1402)) - IPC Server listener on 15160: starting
2023-08-29 18:56:14,188 [main] INFO  server.SCMDatanodeProtocolServer (SCMDatanodeProtocolServer.java:start(193)) - ScmDatanodeProtocol RPC server for DataNodes is listening at /0.0.0.0:15161
2023-08-29 18:56:14,189 [IPC Server Responder] INFO  ipc.Server (Server.java:run(1562)) - IPC Server Responder: starting
2023-08-29 18:56:14,190 [IPC Server listener on 15161] INFO  ipc.Server (Server.java:run(1402)) - IPC Server listener on 15161: starting
2023-08-29 18:56:14,199 [main] INFO  http.BaseHttpServer (BaseHttpServer.java:newHttpServer2BuilderForOzone(223)) - Starting Web-server for scm at: http://0.0.0.0:15162
2023-08-29 18:56:14,199 [main] INFO  http.BaseHttpServer (BaseHttpServer.java:<init>(110)) - Hadoop Security Enabled: false Ozone Security Enabled: false Ozone HTTP Security Enabled: false 
2023-08-29 18:56:14,200 [main] WARN  server.AuthenticationFilter (AuthenticationFilter.java:constructSecretProvider(240)) - Unable to initialize FileSignerSecretProvider, falling back to use random secrets. Reason: Could not read signature secret file: /home/runner/hadoop-http-auth-signature-secret
2023-08-29 18:56:14,200 [JvmPauseMonitor21] INFO  util.JvmPauseMonitor (JvmPauseMonitor.java:run(103)) - JvmPauseMonitor-75bf3acf-678b-4310-a280-691cae00fe3f: Started
2023-08-29 18:56:14,201 [main] INFO  http.HttpRequestLog (HttpRequestLog.java:getRequestLog(86)) - Http request log for http.requests.scm is not defined
2023-08-29 18:56:14,202 [main] INFO  http.HttpServer2 (HttpServer2.java:addGlobalFilter(1031)) - Added global filter 'safety' (class=org.apache.hadoop.hdds.server.http.HttpServer2$QuotingInputFilter)
2023-08-29 18:56:14,202 [main] INFO  http.HttpServer2 (HttpServer2.java:addFilter(1007)) - Added filter static_user_filter (class=org.apache.hadoop.http.lib.StaticUserWebFilter$StaticUserFilter) to context scm
2023-08-29 18:56:14,202 [main] INFO  http.HttpServer2 (HttpServer2.java:addFilter(1015)) - Added filter static_user_filter (class=org.apache.hadoop.http.lib.StaticUserWebFilter$StaticUserFilter) to context logs
2023-08-29 18:56:14,202 [main] INFO  http.HttpServer2 (HttpServer2.java:addFilter(1015)) - Added filter static_user_filter (class=org.apache.hadoop.http.lib.StaticUserWebFilter$StaticUserFilter) to context static
2023-08-29 18:56:14,203 [main] INFO  http.BaseHttpServer (BaseHttpServer.java:<init>(189)) - HTTP server of scm uses base directory /home/runner/work/ozone/ozone/hadoop-ozone/integration-test/target/test-dir/MiniOzoneClusterImpl-b0dd14bf-3562-4743-8e4f-1fdeb49c931a/ozone-meta/webserver
2023-08-29 18:56:14,203 [main] INFO  http.HttpServer2 (HttpServer2.java:bindListener(1231)) - Jetty bound to port 15162
2023-08-29 18:56:14,203 [main] INFO  server.Server (Server.java:doStart(375)) - jetty-9.4.51.v20230217; built: 2023-02-17T08:19:37.309Z; git: b45c405e4544384de066f814ed42ae3dceacdd49; jvm 1.8.0_382-b05
2023-08-29 18:56:14,204 [main] INFO  server.session (DefaultSessionIdManager.java:doStart(334)) - DefaultSessionIdManager workerName=node0
2023-08-29 18:56:14,205 [main] INFO  server.session (DefaultSessionIdManager.java:doStart(339)) - No SessionScavenger set, using defaults
2023-08-29 18:56:14,205 [main] INFO  server.session (HouseKeeper.java:startScavenging(132)) - node0 Scavenging every 600000ms
2023-08-29 18:56:14,205 [main] INFO  handler.ContextHandler (ContextHandler.java:doStart(921)) - Started o.e.j.s.ServletContextHandler@3b59fec{logs,/logs,file:///home/runner/work/ozone/ozone/hadoop-ozone/integration-test/target/log,AVAILABLE}
2023-08-29 18:56:14,206 [main] INFO  handler.ContextHandler (ContextHandler.java:doStart(921)) - Started o.e.j.s.ServletContextHandler@7a28eb14{static,/static,file:///home/runner/work/ozone/ozone/hadoop-ozone/integration-test/target/test-classes/webapps/static,AVAILABLE}
2023-08-29 18:56:14,208 [main] INFO  handler.ContextHandler (ContextHandler.java:doStart(921)) - Started o.e.j.w.WebAppContext@7635c841{scm,/,file:///home/runner/work/ozone/ozone/hadoop-ozone/integration-test/target/test-classes/webapps/scm/,AVAILABLE}{file:/home/runner/work/ozone/ozone/hadoop-ozone/integration-test/target/test-classes/webapps/scm}
2023-08-29 18:56:14,211 [main] INFO  server.AbstractConnector (AbstractConnector.java:doStart(333)) - Started ServerConnector@68c6dfd9{HTTP/1.1, (http/1.1)}{0.0.0.0:15162}
2023-08-29 18:56:14,211 [main] INFO  server.Server (Server.java:doStart(415)) - Started @218768ms
2023-08-29 18:56:14,211 [main] WARN  impl.MetricsSystemImpl (MetricsSystemImpl.java:register(279)) - Sink prometheus already exists!
2023-08-29 18:56:14,212 [main] INFO  http.BaseHttpServer (BaseHttpServer.java:updateConnectorAddress(354)) - HTTP server of scm listening at http://0.0.0.0:15162
2023-08-29 18:56:14,212 [main] WARN  server.ServerUtils (ServerUtils.java:getDBPath(311)) - ozone.om.db.dirs is not configured. We recommend adding this setting. Falling back to ozone.metadata.dirs instead.
2023-08-29 18:56:14,213 [main] INFO  ha.OMHANodeDetails (OMHANodeDetails.java:loadOMHAConfig(115)) - ozone.om.internal.service.id is not defined, falling back to ozone.om.service.ids to find serviceID for OzoneManager if it is HA enabled cluster
2023-08-29 18:56:14,213 [main] INFO  ha.OMHANodeDetails (OMHANodeDetails.java:loadOMHAConfig(226)) - Configuration does not have ozone.om.address set. Falling back to the default OM address /127.0.0.1:15163
2023-08-29 18:56:14,213 [main] INFO  ha.OMHANodeDetails (OMHANodeDetails.java:getOMNodeDetailsForNonHA(254)) - OM Service ID is not set. Setting it to the default ID: omServiceIdDefault
2023-08-29 18:56:14,213 [main] INFO  ha.OMHANodeDetails (OMHANodeDetails.java:getOMNodeDetailsForNonHA(261)) - OM Node ID is not set. Setting it to the default ID: om1
2023-08-29 18:56:14,214 [main] WARN  server.ServerUtils (ServerUtils.java:getDBPath(311)) - ozone.om.db.dirs is not configured. We recommend adding this setting. Falling back to ozone.metadata.dirs instead.
2023-08-29 18:56:14,214 [main] INFO  upgrade.AbstractLayoutVersionManager (AbstractLayoutVersionManager.java:init(83)) - Initializing Layout version manager with metadata layout = QUOTA (version = 6), software layout = QUOTA (version = 6)
2023-08-29 18:56:14,284 [main] INFO  reflections.Reflections (Reflections.java:scan(232)) - Reflections took 69 ms to scan 2 urls, producing 188 keys and 512 values [using 2 cores]
2023-08-29 18:56:14,284 [main] INFO  upgrade.OMLayoutVersionManager (OMLayoutVersionManager.java:lambda$0(115)) - Skipping Upgrade Action QuotaRepairUpgradeAction since it has been finalized.
2023-08-29 18:56:14,284 [main] INFO  upgrade.OMLayoutVersionManager (OMLayoutVersionManager.java:lambda$0(115)) - Skipping Upgrade Action MockOmUpgradeAction since it has been finalized.
2023-08-29 18:56:14,284 [main] WARN  server.ServerUtils (ServerUtils.java:getDBPath(311)) - ozone.om.db.dirs is not configured. We recommend adding this setting. Falling back to ozone.metadata.dirs instead.
2023-08-29 18:56:14,285 [main] INFO  proxy.SCMBlockLocationFailoverProxyProvider (SCMBlockLocationFailoverProxyProvider.java:<init>(114)) - Created block location fail-over proxy with 1 nodes: [nodeId=scmNodeId,nodeAddress=/0.0.0.0:15160]
2023-08-29 18:56:14,286 [main] INFO  proxy.SCMBlockLocationFailoverProxyProvider (SCMBlockLocationFailoverProxyProvider.java:<init>(114)) - Created block location fail-over proxy with 1 nodes: [nodeId=scmNodeId,nodeAddress=/0.0.0.0:15160]
2023-08-29 18:56:14,292 [main] INFO  om.OzoneManager (OzoneManager.java:<init>(665)) - OM start with adminUsers: [runner]
2023-08-29 18:56:14,292 [main] WARN  server.ServerUtils (ServerUtils.java:getDBPath(311)) - ozone.om.db.dirs is not configured. We recommend adding this setting. Falling back to ozone.metadata.dirs instead.
2023-08-29 18:56:14,293 [main] INFO  helpers.OmKeyInfo (OmKeyInfo.java:getCodec(71)) - OmKeyInfo.getCodec ignorePipeline = true
2023-08-29 18:56:14,464 [main] INFO  om.OzoneManager (OzoneManager.java:instantiateServices(794)) - S3 Multi-Tenancy is disabled
2023-08-29 18:56:14,464 [main] INFO  om.OmSnapshotManager (OmSnapshotManager.java:<init>(175)) - Ozone filesystem snapshot feature is enabled.
2023-08-29 18:56:14,464 [main] WARN  server.ServerUtils (ServerUtils.java:getDBPath(311)) - ozone.om.snapshot.diff.db.dir is not configured. We recommend adding this setting. Falling back to ozone.metadata.dirs instead.
2023-08-29 18:56:14,480 [main] INFO  snapshot.SnapshotDiffManager (SnapshotDiffManager.java:closeExecutorService(1720)) - Shutting down executorService: 'SstDumpToolExecutor'
2023-08-29 18:56:14,482 [main] INFO  om.OzoneManager (OzoneManager.java:addS3GVolumeToDB(4301)) - Created Volume s3v With Owner runner required for S3Gateway operations.
2023-08-29 18:56:14,482 [main] INFO  om.OzoneManager (OzoneManager.java:getRpcServer(1196)) - Creating RPC Server
2023-08-29 18:56:14,926 [main] INFO  reflections.Reflections (Reflections.java:scan(232)) - Reflections took 437 ms to scan 19 urls, producing 70 keys and 5672 values [using 2 cores]
2023-08-29 18:56:14,927 [main] INFO  ipc.CallQueueManager (CallQueueManager.java:<init>(90)) - Using callQueue: class java.util.concurrent.LinkedBlockingQueue, queueCapacity: 2000, scheduler: class org.apache.hadoop.ipc.DefaultRpcScheduler, ipcBackoff: false.
2023-08-29 18:56:14,928 [main] INFO  ipc.Server (Server.java:<init>(1287)) - Listener at 127.0.0.1:15163
2023-08-29 18:56:14,928 [Socket Reader #1 for port 15163] INFO  ipc.Server (Server.java:run(1323)) - Starting Socket Reader #1 for port 15163
2023-08-29 18:56:14,951 [main] INFO  impl.MetricsSystemImpl (MetricsSystemImpl.java:init(158)) - OzoneManager metrics system started (again)
2023-08-29 18:56:14,961 [main] INFO  om.OzoneManager (OzoneManager.java:start(1630)) - OzoneManager RPC server is listening at localhost/127.0.0.1:15163
2023-08-29 18:56:14,962 [main] INFO  om.OzoneManager (OzoneManager.java:start(1646)) - Version File has different layout version (6) than OM DB (null). That is expected if this OM has never been finalized to a newer layout version.
2023-08-29 18:56:14,964 [main] INFO  http.BaseHttpServer (BaseHttpServer.java:newHttpServer2BuilderForOzone(223)) - Starting Web-server for ozoneManager at: http://0.0.0.0:15164
2023-08-29 18:56:14,965 [main] INFO  http.BaseHttpServer (BaseHttpServer.java:<init>(110)) - Hadoop Security Enabled: false Ozone Security Enabled: false Ozone HTTP Security Enabled: false 
2023-08-29 18:56:14,965 [main] WARN  server.AuthenticationFilter (AuthenticationFilter.java:constructSecretProvider(240)) - Unable to initialize FileSignerSecretProvider, falling back to use random secrets. Reason: Could not read signature secret file: /home/runner/hadoop-http-auth-signature-secret
2023-08-29 18:56:14,966 [main] INFO  http.HttpRequestLog (HttpRequestLog.java:getRequestLog(86)) - Http request log for http.requests.ozoneManager is not defined
2023-08-29 18:56:14,967 [main] INFO  http.HttpServer2 (HttpServer2.java:addGlobalFilter(1031)) - Added global filter 'safety' (class=org.apache.hadoop.hdds.server.http.HttpServer2$QuotingInputFilter)
2023-08-29 18:56:14,967 [main] INFO  http.HttpServer2 (HttpServer2.java:addFilter(1007)) - Added filter static_user_filter (class=org.apache.hadoop.http.lib.StaticUserWebFilter$StaticUserFilter) to context ozoneManager
2023-08-29 18:56:14,967 [main] INFO  http.HttpServer2 (HttpServer2.java:addFilter(1015)) - Added filter static_user_filter (class=org.apache.hadoop.http.lib.StaticUserWebFilter$StaticUserFilter) to context static
2023-08-29 18:56:14,967 [main] INFO  http.HttpServer2 (HttpServer2.java:addFilter(1015)) - Added filter static_user_filter (class=org.apache.hadoop.http.lib.StaticUserWebFilter$StaticUserFilter) to context logs
2023-08-29 18:56:14,968 [main] INFO  http.BaseHttpServer (BaseHttpServer.java:<init>(189)) - HTTP server of ozoneManager uses base directory /home/runner/work/ozone/ozone/hadoop-ozone/integration-test/target/test-dir/MiniOzoneClusterImpl-b0dd14bf-3562-4743-8e4f-1fdeb49c931a/ozone-meta/webserver
2023-08-29 18:56:14,968 [main] INFO  http.HttpServer2 (HttpServer2.java:bindListener(1231)) - Jetty bound to port 15164
2023-08-29 18:56:14,968 [main] INFO  server.Server (Server.java:doStart(375)) - jetty-9.4.51.v20230217; built: 2023-02-17T08:19:37.309Z; git: b45c405e4544384de066f814ed42ae3dceacdd49; jvm 1.8.0_382-b05
2023-08-29 18:56:14,969 [main] INFO  server.session (DefaultSessionIdManager.java:doStart(334)) - DefaultSessionIdManager workerName=node0
2023-08-29 18:56:14,969 [main] INFO  server.session (DefaultSessionIdManager.java:doStart(339)) - No SessionScavenger set, using defaults
2023-08-29 18:56:14,970 [main] INFO  server.session (HouseKeeper.java:startScavenging(132)) - node0 Scavenging every 660000ms
2023-08-29 18:56:14,970 [main] INFO  handler.ContextHandler (ContextHandler.java:doStart(921)) - Started o.e.j.s.ServletContextHandler@24e129c0{logs,/logs,file:///home/runner/work/ozone/ozone/hadoop-ozone/integration-test/target/log,AVAILABLE}
2023-08-29 18:56:14,970 [main] INFO  handler.ContextHandler (ContextHandler.java:doStart(921)) - Started o.e.j.s.ServletContextHandler@7f61c521{static,/static,file:///home/runner/work/ozone/ozone/hadoop-ozone/integration-test/target/test-classes/webapps/static,AVAILABLE}
2023-08-29 18:56:14,972 [main] INFO  handler.ContextHandler (ContextHandler.java:doStart(921)) - Started o.e.j.w.WebAppContext@1d6c0554{ozoneManager,/,file:///home/runner/work/ozone/ozone/hadoop-ozone/integration-test/target/test-classes/webapps/ozoneManager/,AVAILABLE}{file:/home/runner/work/ozone/ozone/hadoop-ozone/integration-test/target/test-classes/webapps/ozoneManager}
2023-08-29 18:56:14,973 [main] INFO  server.AbstractConnector (AbstractConnector.java:doStart(333)) - Started ServerConnector@5be78dff{HTTP/1.1, (http/1.1)}{0.0.0.0:15164}
2023-08-29 18:56:14,974 [main] INFO  server.Server (Server.java:doStart(415)) - Started @219530ms
2023-08-29 18:56:14,974 [main] WARN  impl.MetricsSystemImpl (MetricsSystemImpl.java:register(279)) - Sink prometheus already exists!
2023-08-29 18:56:14,974 [main] INFO  http.BaseHttpServer (BaseHttpServer.java:updateConnectorAddress(354)) - HTTP server of ozoneManager listening at http://0.0.0.0:15164
2023-08-29 18:56:14,974 [IPC Server Responder] INFO  ipc.Server (Server.java:run(1562)) - IPC Server Responder: starting
2023-08-29 18:56:14,974 [IPC Server listener on 15163] INFO  ipc.Server (Server.java:run(1402)) - IPC Server listener on 15163: starting
2023-08-29 18:56:14,977 [main] INFO  om.TrashPolicyOzone (TrashPolicyOzone.java:<init>(277)) - Ozone Manager trash configuration: Deletion interval = 0 minutes, Emptier interval = 0 minutes.
2023-08-29 18:56:14,977 [JvmPauseMonitor22] INFO  util.JvmPauseMonitor (JvmPauseMonitor.java:run(103)) - JvmPauseMonitor-08b8889e-67d1-44c3-822f-75265270ca5d: Started
2023-08-29 18:56:14,998 [main] INFO  impl.MetricsSystemImpl (MetricsSystemImpl.java:init(158)) - HddsDatanode metrics system started (again)
2023-08-29 18:56:15,011 [main] INFO  ozone.HddsDatanodeService (HddsDatanodeService.java:start(237)) - HddsDatanodeService host:fv-az225-157.hxhba2eg53duheooqg2bzplbvd.bx.internal.cloudapp.net ip:10.1.0.239
2023-08-29 18:56:15,032 [main] INFO  upgrade.AbstractLayoutVersionManager (AbstractLayoutVersionManager.java:init(83)) - Initializing Layout version manager with metadata layout = HADOOP_PRC_PORTS_IN_DATANODEDETAILS (version = 7), software layout = HADOOP_PRC_PORTS_IN_DATANODEDETAILS (version = 7)
2023-08-29 18:56:15,032 [main] INFO  statemachine.DatanodeStateMachine (DatanodeStateMachine.java:getEndPointTaskThreadPoolSize(282)) - Datanode State Machine Task Thread Pool size 2
2023-08-29 18:56:15,033 [main] INFO  volume.HddsVolume (HddsVolume.java:<init>(126)) - Creating HddsVolume: /home/runner/work/ozone/ozone/hadoop-ozone/integration-test/target/test-dir/MiniOzoneClusterImpl-b0dd14bf-3562-4743-8e4f-1fdeb49c931a/datanode-0/data-0/containers/hdds of storage type : DISK capacity : 9223372036854775807
2023-08-29 18:56:15,034 [main] INFO  volume.MutableVolumeSet (MutableVolumeSet.java:initializeVolumeSet(173)) - Added Volume : /home/runner/work/ozone/ozone/hadoop-ozone/integration-test/target/test-dir/MiniOzoneClusterImpl-b0dd14bf-3562-4743-8e4f-1fdeb49c931a/datanode-0/data-0/containers/hdds to VolumeSet
2023-08-29 18:56:15,034 [main] INFO  volume.MutableVolumeSet (MutableVolumeSet.java:initializeVolumeSet(173)) - Added Volume : /home/runner/work/ozone/ozone/hadoop-ozone/integration-test/target/test-dir/MiniOzoneClusterImpl-b0dd14bf-3562-4743-8e4f-1fdeb49c931a/datanode-0/data/ratis to VolumeSet
2023-08-29 18:56:15,035 [Thread-1918] INFO  ozoneimpl.ContainerReader (ContainerReader.java:readVolume(177)) - Finish verifying containers on volume /home/runner/work/ozone/ozone/hadoop-ozone/integration-test/target/test-dir/MiniOzoneClusterImpl-b0dd14bf-3562-4743-8e4f-1fdeb49c931a/datanode-0/data-0/containers/hdds
2023-08-29 18:56:15,035 [main] INFO  ozoneimpl.OzoneContainer (OzoneContainer.java:buildContainerSet(314)) - Build ContainerSet costs 0s
2023-08-29 18:56:15,037 [main] INFO  server.RaftServer (ConfUtils.java:logGet(46)) - raft.rpc.type = GRPC (default)
2023-08-29 18:56:15,037 [main] INFO  grpc.GrpcConfigKeys (ConfUtils.java:logFallback(53)) - raft.grpc.admin.host = null (fallback to raft.grpc.server.host)
2023-08-29 18:56:15,037 [main] INFO  grpc.GrpcConfigKeys (ConfUtils.java:logGet(46)) - raft.grpc.admin.port = 15172 (custom)
2023-08-29 18:56:15,037 [main] INFO  grpc.GrpcConfigKeys (ConfUtils.java:logFallback(53)) - raft.grpc.client.host = null (fallback to raft.grpc.server.host)
2023-08-29 18:56:15,037 [main] INFO  grpc.GrpcConfigKeys (ConfUtils.java:logGet(46)) - raft.grpc.client.port = 15171 (custom)
2023-08-29 18:56:15,037 [main] INFO  grpc.GrpcConfigKeys (ConfUtils.java:logGet(46)) - raft.grpc.server.host = null (default)
2023-08-29 18:56:15,038 [main] INFO  grpc.GrpcConfigKeys (ConfUtils.java:logGet(46)) - raft.grpc.server.port = 15173 (custom)
2023-08-29 18:56:15,038 [main] INFO  server.GrpcService (ConfUtils.java:logGet(46)) - raft.grpc.message.size.max = 32MB (=33554432) (custom)
2023-08-29 18:56:15,038 [main] INFO  server.RaftServerConfigKeys (ConfUtils.java:logGet(46)) - raft.server.log.appender.buffer.byte-limit = 33554432 (custom)
2023-08-29 18:56:15,038 [main] INFO  server.GrpcService (ConfUtils.java:logGet(46)) - raft.grpc.flow.control.window = 5MB (=5242880) (custom)
2023-08-29 18:56:15,038 [main] INFO  server.RaftServerConfigKeys (ConfUtils.java:logGet(46)) - raft.server.rpc.request.timeout = 60s (custom)
2023-08-29 18:56:15,038 [main] INFO  grpc.GrpcConfigKeys (ConfUtils.java:logGet(46)) - raft.grpc.server.heartbeat.channel = true (default)
2023-08-29 18:56:15,038 [main] INFO  grpc.GrpcConfigKeys (ConfUtils.java:logGet(46)) - raft.grpc.server.async.request.thread.pool.cached = true (default)
2023-08-29 18:56:15,038 [main] INFO  grpc.GrpcConfigKeys (ConfUtils.java:logGet(46)) - raft.grpc.server.async.request.thread.pool.size = 32 (default)
2023-08-29 18:56:15,042 [main] INFO  impl.DataStreamServerImpl (ConfUtils.java:logGet(46)) - raft.datastream.type = NETTY (custom)
2023-08-29 18:56:15,042 [main] INFO  server.RaftServerConfigKeys (ConfUtils.java:logGet(46)) - raft.server.data-stream.async.request.thread.pool.cached = false (default)
2023-08-29 18:56:15,042 [main] INFO  server.RaftServerConfigKeys (ConfUtils.java:logGet(46)) - raft.server.data-stream.async.request.thread.pool.size = 20 (custom)
2023-08-29 18:56:15,042 [main] INFO  server.RaftServerConfigKeys (ConfUtils.java:logGet(46)) - raft.server.data-stream.async.write.thread.pool.size = 16 (default)
2023-08-29 18:56:15,042 [main] INFO  server.RaftServerConfigKeys (ConfUtils.java:logGet(46)) - raft.server.data-stream.client.pool.size = 10 (default)
2023-08-29 18:56:15,043 [main] INFO  netty.NettyConfigKeys$DataStream (ConfUtils.java:logGet(46)) - raft.netty.dataStream.server.use-epoll = false (default)
2023-08-29 18:56:15,043 [main] INFO  netty.NettyConfigKeys$DataStream (ConfUtils.java:logGet(46)) - raft.netty.dataStream.server.boss-group.size = 0 (default)
2023-08-29 18:56:15,043 [main] INFO  netty.NettyConfigKeys$DataStream (ConfUtils.java:logGet(46)) - raft.netty.dataStream.server.worker-group.size = 0 (default)
2023-08-29 18:56:15,043 [main] INFO  netty.NettyConfigKeys$DataStream (ConfUtils.java:logGet(46)) - raft.netty.dataStream.server.tls.conf = null (default)
2023-08-29 18:56:15,043 [main] INFO  netty.NettyConfigKeys$DataStream (ConfUtils.java:logGet(46)) - raft.netty.dataStream.host = null (default)
2023-08-29 18:56:15,044 [main] INFO  netty.NettyConfigKeys$DataStream (ConfUtils.java:logGet(46)) - raft.netty.dataStream.port = 15174 (custom)
2023-08-29 18:56:15,044 [main] INFO  server.RaftServerConfigKeys (ConfUtils.java:logGet(46)) - raft.server.threadpool.proxy.cached = true (default)
2023-08-29 18:56:15,044 [main] INFO  server.RaftServerConfigKeys (ConfUtils.java:logGet(46)) - raft.server.threadpool.proxy.size = 0 (default)
2023-08-29 18:56:15,044 [fdf3821b-2737-47a5-9603-1a2dda162151-NettyServerStreamRpc-bossGroup--thread1] INFO  logging.LoggingHandler (AbstractInternalLogger.java:log(148)) - [id: 0x66db4403] REGISTERED
2023-08-29 18:56:15,044 [main] INFO  server.RaftServerConfigKeys (ConfUtils.java:logGet(46)) - raft.server.rpc.slowness.timeout = 300s (custom)
2023-08-29 18:56:15,045 [main] INFO  server.RaftServerConfigKeys (ConfUtils.java:logGet(46)) - raft.server.leaderelection.leader.step-down.wait-time = 10s (default)
2023-08-29 18:56:15,045 [fdf3821b-2737-47a5-9603-1a2dda162151-NettyServerStreamRpc-bossGroup--thread1] INFO  logging.LoggingHandler (AbstractInternalLogger.java:log(148)) - [id: 0x66db4403] BIND: 0.0.0.0/0.0.0.0:15174
2023-08-29 18:56:15,045 [main] INFO  server.RaftServerConfigKeys (ConfUtils.java:logGet(46)) - raft.server.storage.dir = [/home/runner/work/ozone/ozone/hadoop-ozone/integration-test/target/test-dir/MiniOzoneClusterImpl-b0dd14bf-3562-4743-8e4f-1fdeb49c931a/datanode-0/data/ratis] (custom)
2023-08-29 18:56:15,045 [fdf3821b-2737-47a5-9603-1a2dda162151-NettyServerStreamRpc-bossGroup--thread1] INFO  logging.LoggingHandler (AbstractInternalLogger.java:log(148)) - [id: 0x66db4403, L:/0:0:0:0:0:0:0:0:15174] ACTIVE
2023-08-29 18:56:15,045 [fdf3821b-2737-47a5-9603-1a2dda162151-impl-thread1] INFO  server.RaftServer (RaftServerProxy.java:initGroupDir(258)) - fdf3821b-2737-47a5-9603-1a2dda162151: found a subdirectory /home/runner/work/ozone/ozone/hadoop-ozone/integration-test/target/test-dir/MiniOzoneClusterImpl-b0dd14bf-3562-4743-8e4f-1fdeb49c931a/datanode-0/data/ratis/tmp
2023-08-29 18:56:15,045 [fdf3821b-2737-47a5-9603-1a2dda162151-impl-thread1] INFO  server.RaftServer (RaftServerProxy.java:initGroupDir(263)) - fdf3821b-2737-47a5-9603-1a2dda162151: The directory /home/runner/work/ozone/ozone/hadoop-ozone/integration-test/target/test-dir/MiniOzoneClusterImpl-b0dd14bf-3562-4743-8e4f-1fdeb49c931a/datanode-0/data/ratis/tmp is not a group directory; ignoring it. 
2023-08-29 18:56:15,045 [main] INFO  replication.ReplicationServer (ReplicationServer.java:<init>(81)) - Initializing replication server with thread count = 10
2023-08-29 18:56:15,046 [main] INFO  server.XceiverServerGrpc (XceiverServerGrpc.java:<init>(132)) - GrpcServer channel type EpollServerSocketChannel
2023-08-29 18:56:15,048 [main] INFO  replication.ReplicationSupervisor (ReplicationSupervisor.java:build(155)) - Initializing replication supervisor with thread count = 10
2023-08-29 18:56:15,048 [main] INFO  replication.ReplicationSupervisor (ReplicationSupervisor.java:nodeStateUpdated(307)) - Node state updated to IN_SERVICE, scaling executor pool size to 10
2023-08-29 18:56:15,050 [main] INFO  http.BaseHttpServer (BaseHttpServer.java:newHttpServer2BuilderForOzone(223)) - Starting Web-server for hddsDatanode at: http://0.0.0.0:15168
2023-08-29 18:56:15,051 [main] INFO  http.BaseHttpServer (BaseHttpServer.java:<init>(110)) - Hadoop Security Enabled: false Ozone Security Enabled: false Ozone HTTP Security Enabled: false 
2023-08-29 18:56:15,051 [main] WARN  server.AuthenticationFilter (AuthenticationFilter.java:constructSecretProvider(240)) - Unable to initialize FileSignerSecretProvider, falling back to use random secrets. Reason: Could not read signature secret file: /home/runner/hadoop-http-auth-signature-secret
2023-08-29 18:56:15,052 [main] INFO  http.HttpRequestLog (HttpRequestLog.java:getRequestLog(86)) - Http request log for http.requests.hddsDatanode is not defined
2023-08-29 18:56:15,053 [main] INFO  http.HttpServer2 (HttpServer2.java:addGlobalFilter(1031)) - Added global filter 'safety' (class=org.apache.hadoop.hdds.server.http.HttpServer2$QuotingInputFilter)
2023-08-29 18:56:15,053 [main] INFO  http.HttpServer2 (HttpServer2.java:addFilter(1007)) - Added filter static_user_filter (class=org.apache.hadoop.http.lib.StaticUserWebFilter$StaticUserFilter) to context hddsDatanode
2023-08-29 18:56:15,054 [main] INFO  http.HttpServer2 (HttpServer2.java:addFilter(1015)) - Added filter static_user_filter (class=org.apache.hadoop.http.lib.StaticUserWebFilter$StaticUserFilter) to context logs
2023-08-29 18:56:15,054 [main] INFO  http.HttpServer2 (HttpServer2.java:addFilter(1015)) - Added filter static_user_filter (class=org.apache.hadoop.http.lib.StaticUserWebFilter$StaticUserFilter) to context static
2023-08-29 18:56:15,054 [main] INFO  http.BaseHttpServer (BaseHttpServer.java:<init>(189)) - HTTP server of hddsDatanode uses base directory /home/runner/work/ozone/ozone/hadoop-ozone/integration-test/target/test-dir/MiniOzoneClusterImpl-b0dd14bf-3562-4743-8e4f-1fdeb49c931a/datanode-0/meta/webserver
2023-08-29 18:56:15,054 [main] INFO  http.HttpServer2 (HttpServer2.java:bindListener(1231)) - Jetty bound to port 15168
2023-08-29 18:56:15,054 [main] INFO  server.Server (Server.java:doStart(375)) - jetty-9.4.51.v20230217; built: 2023-02-17T08:19:37.309Z; git: b45c405e4544384de066f814ed42ae3dceacdd49; jvm 1.8.0_382-b05
2023-08-29 18:56:15,055 [main] INFO  server.session (DefaultSessionIdManager.java:doStart(334)) - DefaultSessionIdManager workerName=node0
2023-08-29 18:56:15,055 [main] INFO  server.session (DefaultSessionIdManager.java:doStart(339)) - No SessionScavenger set, using defaults
2023-08-29 18:56:15,055 [main] INFO  server.session (HouseKeeper.java:startScavenging(132)) - node0 Scavenging every 600000ms
2023-08-29 18:56:15,056 [main] INFO  handler.ContextHandler (ContextHandler.java:doStart(921)) - Started o.e.j.s.ServletContextHandler@c1089bb{logs,/logs,file:///home/runner/work/ozone/ozone/hadoop-ozone/integration-test/target/log,AVAILABLE}
2023-08-29 18:56:15,057 [main] INFO  handler.ContextHandler (ContextHandler.java:doStart(921)) - Started o.e.j.s.ServletContextHandler@2005dc6b{static,/static,jar:file:/home/runner/.m2/repository/org/apache/ozone/hdds-container-service/1.4.0-SNAPSHOT/hdds-container-service-1.4.0-SNAPSHOT.jar!/webapps/static,AVAILABLE}
2023-08-29 18:56:15,246 [main] INFO  handler.ContextHandler (ContextHandler.java:doStart(921)) - Started o.e.j.w.WebAppContext@3a69d00{hddsDatanode,/,file:///home/runner/work/ozone/ozone/hadoop-ozone/integration-test/target/test-dir/MiniOzoneClusterImpl-b0dd14bf-3562-4743-8e4f-1fdeb49c931a/datanode-0/meta/webserver/jetty-0_0_0_0-15168-hdds-container-service-1_4_0-SNAPSHOT_jar-_-any-1447261222688156121/webapp/,AVAILABLE}{jar:file:/home/runner/.m2/repository/org/apache/ozone/hdds-container-service/1.4.0-SNAPSHOT/hdds-container-service-1.4.0-SNAPSHOT.jar!/webapps/hddsDatanode}
2023-08-29 18:56:15,247 [main] INFO  server.AbstractConnector (AbstractConnector.java:doStart(333)) - Started ServerConnector@54e32b98{HTTP/1.1, (http/1.1)}{0.0.0.0:15168}
2023-08-29 18:56:15,248 [main] INFO  server.Server (Server.java:doStart(415)) - Started @219804ms
2023-08-29 18:56:15,248 [main] WARN  impl.MetricsSystemImpl (MetricsSystemImpl.java:register(279)) - Sink prometheus already exists!
2023-08-29 18:56:15,248 [main] INFO  http.BaseHttpServer (BaseHttpServer.java:updateConnectorAddress(354)) - HTTP server of hddsDatanode listening at http://0.0.0.0:15168
2023-08-29 18:56:15,249 [main] INFO  ipc.CallQueueManager (CallQueueManager.java:<init>(90)) - Using callQueue: class java.util.concurrent.LinkedBlockingQueue, queueCapacity: 100, scheduler: class org.apache.hadoop.ipc.DefaultRpcScheduler, ipcBackoff: false.
2023-08-29 18:56:15,249 [main] INFO  ipc.Server (Server.java:<init>(1287)) - Listener at 0.0.0.0:15169
2023-08-29 18:56:15,249 [Socket Reader #1 for port 15169] INFO  ipc.Server (Server.java:run(1323)) - Starting Socket Reader #1 for port 15169
2023-08-29 18:56:15,255 [main] INFO  ozone.HddsDatanodeService (HddsDatanodeService.java:start(315)) - Datanode start with admins: [runner]
2023-08-29 18:56:15,255 [main] INFO  ozone.HddsDatanodeClientProtocolServer (HddsDatanodeClientProtocolServer.java:start(72)) - RPC server for Client /0.0.0.0:15169
2023-08-29 18:56:15,256 [IPC Server Responder] INFO  ipc.Server (Server.java:run(1562)) - IPC Server Responder: starting
2023-08-29 18:56:15,256 [IPC Server listener on 15169] INFO  ipc.Server (Server.java:run(1402)) - IPC Server listener on 15169: starting
2023-08-29 18:56:15,261 [main] WARN  impl.MetricRegistriesImpl (MetricRegistriesImpl.java:addReporterRegistration(111)) - New reporters are added after registries were created. Some metrics will be missing from the reporter. Please add reporter before adding any new registry.
2023-08-29 18:56:15,261 [main] WARN  impl.MetricRegistriesImpl (MetricRegistriesImpl.java:addReporterRegistration(111)) - New reporters are added after registries were created. Some metrics will be missing from the reporter. Please add reporter before adding any new registry.
2023-08-29 18:56:15,261 [Datanode State Machine Daemon Thread] INFO  statemachine.DatanodeStateMachine (DatanodeStateMachine.java:lambda$startDaemon$0(538)) - Ozone container server started.
2023-08-29 18:56:15,261 [main] INFO  impl.MetricsSystemImpl (MetricsSystemImpl.java:init(158)) - HddsDatanode metrics system started (again)
2023-08-29 18:56:15,277 [main] INFO  ozone.HddsDatanodeService (HddsDatanodeService.java:start(237)) - HddsDatanodeService host:fv-az225-157.hxhba2eg53duheooqg2bzplbvd.bx.internal.cloudapp.net ip:10.1.0.239
2023-08-29 18:56:15,278 [Datanode State Machine Task Thread - 0] INFO  datanode.InitDatanodeState (InitDatanodeState.java:persistContainerDatanodeDetails(138)) - DatanodeDetails is persisted to /home/runner/work/ozone/ozone/hadoop-ozone/integration-test/target/test-dir/MiniOzoneClusterImpl-b0dd14bf-3562-4743-8e4f-1fdeb49c931a/datanode-0/meta/datanode.id
2023-08-29 18:56:15,293 [main] INFO  upgrade.AbstractLayoutVersionManager (AbstractLayoutVersionManager.java:init(83)) - Initializing Layout version manager with metadata layout = HADOOP_PRC_PORTS_IN_DATANODEDETAILS (version = 7), software layout = HADOOP_PRC_PORTS_IN_DATANODEDETAILS (version = 7)
2023-08-29 18:56:15,294 [main] INFO  statemachine.DatanodeStateMachine (DatanodeStateMachine.java:getEndPointTaskThreadPoolSize(282)) - Datanode State Machine Task Thread Pool size 2
2023-08-29 18:56:15,295 [main] INFO  volume.HddsVolume (HddsVolume.java:<init>(126)) - Creating HddsVolume: /home/runner/work/ozone/ozone/hadoop-ozone/integration-test/target/test-dir/MiniOzoneClusterImpl-b0dd14bf-3562-4743-8e4f-1fdeb49c931a/datanode-1/data-0/containers/hdds of storage type : DISK capacity : 9223372036854775807
2023-08-29 18:56:15,295 [main] INFO  volume.MutableVolumeSet (MutableVolumeSet.java:initializeVolumeSet(173)) - Added Volume : /home/runner/work/ozone/ozone/hadoop-ozone/integration-test/target/test-dir/MiniOzoneClusterImpl-b0dd14bf-3562-4743-8e4f-1fdeb49c931a/datanode-1/data-0/containers/hdds to VolumeSet
2023-08-29 18:56:15,296 [main] INFO  volume.MutableVolumeSet (MutableVolumeSet.java:initializeVolumeSet(173)) - Added Volume : /home/runner/work/ozone/ozone/hadoop-ozone/integration-test/target/test-dir/MiniOzoneClusterImpl-b0dd14bf-3562-4743-8e4f-1fdeb49c931a/datanode-1/data/ratis to VolumeSet
2023-08-29 18:56:15,296 [Thread-1935] INFO  ozoneimpl.ContainerReader (ContainerReader.java:readVolume(177)) - Finish verifying containers on volume /home/runner/work/ozone/ozone/hadoop-ozone/integration-test/target/test-dir/MiniOzoneClusterImpl-b0dd14bf-3562-4743-8e4f-1fdeb49c931a/datanode-1/data-0/containers/hdds
2023-08-29 18:56:15,296 [main] INFO  ozoneimpl.OzoneContainer (OzoneContainer.java:buildContainerSet(314)) - Build ContainerSet costs 0s
2023-08-29 18:56:15,298 [main] INFO  server.RaftServer (ConfUtils.java:logGet(46)) - raft.rpc.type = GRPC (default)
2023-08-29 18:56:15,298 [main] INFO  grpc.GrpcConfigKeys (ConfUtils.java:logFallback(53)) - raft.grpc.admin.host = null (fallback to raft.grpc.server.host)
2023-08-29 18:56:15,298 [main] INFO  grpc.GrpcConfigKeys (ConfUtils.java:logGet(46)) - raft.grpc.admin.port = 15181 (custom)
2023-08-29 18:56:15,298 [main] INFO  grpc.GrpcConfigKeys (ConfUtils.java:logFallback(53)) - raft.grpc.client.host = null (fallback to raft.grpc.server.host)
2023-08-29 18:56:15,298 [main] INFO  grpc.GrpcConfigKeys (ConfUtils.java:logGet(46)) - raft.grpc.client.port = 15180 (custom)
2023-08-29 18:56:15,298 [main] INFO  grpc.GrpcConfigKeys (ConfUtils.java:logGet(46)) - raft.grpc.server.host = null (default)
2023-08-29 18:56:15,298 [main] INFO  grpc.GrpcConfigKeys (ConfUtils.java:logGet(46)) - raft.grpc.server.port = 15182 (custom)
2023-08-29 18:56:15,298 [main] INFO  server.GrpcService (ConfUtils.java:logGet(46)) - raft.grpc.message.size.max = 32MB (=33554432) (custom)
2023-08-29 18:56:15,299 [main] INFO  server.RaftServerConfigKeys (ConfUtils.java:logGet(46)) - raft.server.log.appender.buffer.byte-limit = 33554432 (custom)
2023-08-29 18:56:15,299 [main] INFO  server.GrpcService (ConfUtils.java:logGet(46)) - raft.grpc.flow.control.window = 5MB (=5242880) (custom)
2023-08-29 18:56:15,299 [main] INFO  server.RaftServerConfigKeys (ConfUtils.java:logGet(46)) - raft.server.rpc.request.timeout = 60s (custom)
2023-08-29 18:56:15,299 [main] INFO  grpc.GrpcConfigKeys (ConfUtils.java:logGet(46)) - raft.grpc.server.heartbeat.channel = true (default)
2023-08-29 18:56:15,299 [main] INFO  grpc.GrpcConfigKeys (ConfUtils.java:logGet(46)) - raft.grpc.server.async.request.thread.pool.cached = true (default)
2023-08-29 18:56:15,299 [main] INFO  grpc.GrpcConfigKeys (ConfUtils.java:logGet(46)) - raft.grpc.server.async.request.thread.pool.size = 32 (default)
2023-08-29 18:56:15,301 [main] INFO  impl.DataStreamServerImpl (ConfUtils.java:logGet(46)) - raft.datastream.type = NETTY (custom)
2023-08-29 18:56:15,301 [main] INFO  server.RaftServerConfigKeys (ConfUtils.java:logGet(46)) - raft.server.data-stream.async.request.thread.pool.cached = false (default)
2023-08-29 18:56:15,301 [main] INFO  server.RaftServerConfigKeys (ConfUtils.java:logGet(46)) - raft.server.data-stream.async.request.thread.pool.size = 20 (custom)
2023-08-29 18:56:15,302 [main] INFO  server.RaftServerConfigKeys (ConfUtils.java:logGet(46)) - raft.server.data-stream.async.write.thread.pool.size = 16 (default)
2023-08-29 18:56:15,302 [main] INFO  server.RaftServerConfigKeys (ConfUtils.java:logGet(46)) - raft.server.data-stream.client.pool.size = 10 (default)
2023-08-29 18:56:15,302 [main] INFO  netty.NettyConfigKeys$DataStream (ConfUtils.java:logGet(46)) - raft.netty.dataStream.server.use-epoll = false (default)
2023-08-29 18:56:15,302 [main] INFO  netty.NettyConfigKeys$DataStream (ConfUtils.java:logGet(46)) - raft.netty.dataStream.server.boss-group.size = 0 (default)
2023-08-29 18:56:15,302 [main] INFO  netty.NettyConfigKeys$DataStream (ConfUtils.java:logGet(46)) - raft.netty.dataStream.server.worker-group.size = 0 (default)
2023-08-29 18:56:15,302 [main] INFO  netty.NettyConfigKeys$DataStream (ConfUtils.java:logGet(46)) - raft.netty.dataStream.server.tls.conf = null (default)
2023-08-29 18:56:15,303 [main] INFO  netty.NettyConfigKeys$DataStream (ConfUtils.java:logGet(46)) - raft.netty.dataStream.host = null (default)
2023-08-29 18:56:15,303 [main] INFO  netty.NettyConfigKeys$DataStream (ConfUtils.java:logGet(46)) - raft.netty.dataStream.port = 15183 (custom)
2023-08-29 18:56:15,303 [main] INFO  server.RaftServerConfigKeys (ConfUtils.java:logGet(46)) - raft.server.threadpool.proxy.cached = true (default)
2023-08-29 18:56:15,303 [main] INFO  server.RaftServerConfigKeys (ConfUtils.java:logGet(46)) - raft.server.threadpool.proxy.size = 0 (default)
2023-08-29 18:56:15,303 [main] INFO  server.RaftServerConfigKeys (ConfUtils.java:logGet(46)) - raft.server.rpc.slowness.timeout = 300s (custom)
2023-08-29 18:56:15,303 [main] INFO  server.RaftServerConfigKeys (ConfUtils.java:logGet(46)) - raft.server.leaderelection.leader.step-down.wait-time = 10s (default)
2023-08-29 18:56:15,303 [main] INFO  server.RaftServerConfigKeys (ConfUtils.java:logGet(46)) - raft.server.storage.dir = [/home/runner/work/ozone/ozone/hadoop-ozone/integration-test/target/test-dir/MiniOzoneClusterImpl-b0dd14bf-3562-4743-8e4f-1fdeb49c931a/datanode-1/data/ratis] (custom)
2023-08-29 18:56:15,304 [f5d5de74-035f-4e7b-b7e8-455c492d4758-impl-thread1] INFO  server.RaftServer (RaftServerProxy.java:initGroupDir(258)) - f5d5de74-035f-4e7b-b7e8-455c492d4758: found a subdirectory /home/runner/work/ozone/ozone/hadoop-ozone/integration-test/target/test-dir/MiniOzoneClusterImpl-b0dd14bf-3562-4743-8e4f-1fdeb49c931a/datanode-1/data/ratis/tmp
2023-08-29 18:56:15,304 [f5d5de74-035f-4e7b-b7e8-455c492d4758-NettyServerStreamRpc-bossGroup--thread1] INFO  logging.LoggingHandler (AbstractInternalLogger.java:log(148)) - [id: 0x4d55115e] REGISTERED
2023-08-29 18:56:15,304 [f5d5de74-035f-4e7b-b7e8-455c492d4758-NettyServerStreamRpc-bossGroup--thread1] INFO  logging.LoggingHandler (AbstractInternalLogger.java:log(148)) - [id: 0x4d55115e] BIND: 0.0.0.0/0.0.0.0:15183
2023-08-29 18:56:15,304 [f5d5de74-035f-4e7b-b7e8-455c492d4758-NettyServerStreamRpc-bossGroup--thread1] INFO  logging.LoggingHandler (AbstractInternalLogger.java:log(148)) - [id: 0x4d55115e, L:/0:0:0:0:0:0:0:0:15183] ACTIVE
2023-08-29 18:56:15,304 [f5d5de74-035f-4e7b-b7e8-455c492d4758-impl-thread1] INFO  server.RaftServer (RaftServerProxy.java:initGroupDir(263)) - f5d5de74-035f-4e7b-b7e8-455c492d4758: The directory /home/runner/work/ozone/ozone/hadoop-ozone/integration-test/target/test-dir/MiniOzoneClusterImpl-b0dd14bf-3562-4743-8e4f-1fdeb49c931a/datanode-1/data/ratis/tmp is not a group directory; ignoring it. 
2023-08-29 18:56:15,305 [main] INFO  replication.ReplicationServer (ReplicationServer.java:<init>(81)) - Initializing replication server with thread count = 10
2023-08-29 18:56:15,305 [main] INFO  server.XceiverServerGrpc (XceiverServerGrpc.java:<init>(132)) - GrpcServer channel type EpollServerSocketChannel
2023-08-29 18:56:15,307 [main] INFO  replication.ReplicationSupervisor (ReplicationSupervisor.java:build(155)) - Initializing replication supervisor with thread count = 10
2023-08-29 18:56:15,307 [main] INFO  replication.ReplicationSupervisor (ReplicationSupervisor.java:nodeStateUpdated(307)) - Node state updated to IN_SERVICE, scaling executor pool size to 10
2023-08-29 18:56:15,308 [main] INFO  http.BaseHttpServer (BaseHttpServer.java:newHttpServer2BuilderForOzone(223)) - Starting Web-server for hddsDatanode at: http://0.0.0.0:15177
2023-08-29 18:56:15,308 [main] INFO  http.BaseHttpServer (BaseHttpServer.java:<init>(110)) - Hadoop Security Enabled: false Ozone Security Enabled: false Ozone HTTP Security Enabled: false 
2023-08-29 18:56:15,309 [main] WARN  server.AuthenticationFilter (AuthenticationFilter.java:constructSecretProvider(240)) - Unable to initialize FileSignerSecretProvider, falling back to use random secrets. Reason: Could not read signature secret file: /home/runner/hadoop-http-auth-signature-secret
2023-08-29 18:56:15,310 [main] INFO  http.HttpRequestLog (HttpRequestLog.java:getRequestLog(86)) - Http request log for http.requests.hddsDatanode is not defined
2023-08-29 18:56:15,310 [main] INFO  http.HttpServer2 (HttpServer2.java:addGlobalFilter(1031)) - Added global filter 'safety' (class=org.apache.hadoop.hdds.server.http.HttpServer2$QuotingInputFilter)
2023-08-29 18:56:15,311 [main] INFO  http.HttpServer2 (HttpServer2.java:addFilter(1007)) - Added filter static_user_filter (class=org.apache.hadoop.http.lib.StaticUserWebFilter$StaticUserFilter) to context hddsDatanode
2023-08-29 18:56:15,311 [main] INFO  http.HttpServer2 (HttpServer2.java:addFilter(1015)) - Added filter static_user_filter (class=org.apache.hadoop.http.lib.StaticUserWebFilter$StaticUserFilter) to context logs
2023-08-29 18:56:15,311 [main] INFO  http.HttpServer2 (HttpServer2.java:addFilter(1015)) - Added filter static_user_filter (class=org.apache.hadoop.http.lib.StaticUserWebFilter$StaticUserFilter) to context static
2023-08-29 18:56:15,312 [main] INFO  http.BaseHttpServer (BaseHttpServer.java:<init>(189)) - HTTP server of hddsDatanode uses base directory /home/runner/work/ozone/ozone/hadoop-ozone/integration-test/target/test-dir/MiniOzoneClusterImpl-b0dd14bf-3562-4743-8e4f-1fdeb49c931a/datanode-1/meta/webserver
2023-08-29 18:56:15,312 [main] INFO  http.HttpServer2 (HttpServer2.java:bindListener(1231)) - Jetty bound to port 15177
2023-08-29 18:56:15,312 [main] INFO  server.Server (Server.java:doStart(375)) - jetty-9.4.51.v20230217; built: 2023-02-17T08:19:37.309Z; git: b45c405e4544384de066f814ed42ae3dceacdd49; jvm 1.8.0_382-b05
2023-08-29 18:56:15,313 [main] INFO  server.session (DefaultSessionIdManager.java:doStart(334)) - DefaultSessionIdManager workerName=node0
2023-08-29 18:56:15,313 [main] INFO  server.session (DefaultSessionIdManager.java:doStart(339)) - No SessionScavenger set, using defaults
2023-08-29 18:56:15,313 [main] INFO  server.session (HouseKeeper.java:startScavenging(132)) - node0 Scavenging every 600000ms
2023-08-29 18:56:15,314 [main] INFO  handler.ContextHandler (ContextHandler.java:doStart(921)) - Started o.e.j.s.ServletContextHandler@4c77b675{logs,/logs,file:///home/runner/work/ozone/ozone/hadoop-ozone/integration-test/target/log,AVAILABLE}
2023-08-29 18:56:15,314 [main] INFO  handler.ContextHandler (ContextHandler.java:doStart(921)) - Started o.e.j.s.ServletContextHandler@2b84a85b{static,/static,jar:file:/home/runner/.m2/repository/org/apache/ozone/hdds-container-service/1.4.0-SNAPSHOT/hdds-container-service-1.4.0-SNAPSHOT.jar!/webapps/static,AVAILABLE}
2023-08-29 18:56:15,502 [main] INFO  handler.ContextHandler (ContextHandler.java:doStart(921)) - Started o.e.j.w.WebAppContext@7f65c882{hddsDatanode,/,file:///home/runner/work/ozone/ozone/hadoop-ozone/integration-test/target/test-dir/MiniOzoneClusterImpl-b0dd14bf-3562-4743-8e4f-1fdeb49c931a/datanode-1/meta/webserver/jetty-0_0_0_0-15177-hdds-container-service-1_4_0-SNAPSHOT_jar-_-any-2689217730244250455/webapp/,AVAILABLE}{jar:file:/home/runner/.m2/repository/org/apache/ozone/hdds-container-service/1.4.0-SNAPSHOT/hdds-container-service-1.4.0-SNAPSHOT.jar!/webapps/hddsDatanode}
2023-08-29 18:56:15,503 [main] INFO  server.AbstractConnector (AbstractConnector.java:doStart(333)) - Started ServerConnector@2ecf57c9{HTTP/1.1, (http/1.1)}{0.0.0.0:15177}
2023-08-29 18:56:15,503 [main] INFO  server.Server (Server.java:doStart(415)) - Started @220060ms
2023-08-29 18:56:15,503 [main] WARN  impl.MetricsSystemImpl (MetricsSystemImpl.java:register(279)) - Sink prometheus already exists!
2023-08-29 18:56:15,504 [main] INFO  http.BaseHttpServer (BaseHttpServer.java:updateConnectorAddress(354)) - HTTP server of hddsDatanode listening at http://0.0.0.0:15177
2023-08-29 18:56:15,504 [main] INFO  ipc.CallQueueManager (CallQueueManager.java:<init>(90)) - Using callQueue: class java.util.concurrent.LinkedBlockingQueue, queueCapacity: 100, scheduler: class org.apache.hadoop.ipc.DefaultRpcScheduler, ipcBackoff: false.
2023-08-29 18:56:15,504 [main] INFO  ipc.Server (Server.java:<init>(1287)) - Listener at 0.0.0.0:15178
2023-08-29 18:56:15,505 [Socket Reader #1 for port 15178] INFO  ipc.Server (Server.java:run(1323)) - Starting Socket Reader #1 for port 15178
2023-08-29 18:56:15,510 [main] INFO  ozone.HddsDatanodeService (HddsDatanodeService.java:start(315)) - Datanode start with admins: [runner]
2023-08-29 18:56:15,510 [main] INFO  ozone.HddsDatanodeClientProtocolServer (HddsDatanodeClientProtocolServer.java:start(72)) - RPC server for Client /0.0.0.0:15178
2023-08-29 18:56:15,510 [IPC Server Responder] INFO  ipc.Server (Server.java:run(1562)) - IPC Server Responder: starting
2023-08-29 18:56:15,513 [Datanode State Machine Daemon Thread] INFO  statemachine.DatanodeStateMachine (DatanodeStateMachine.java:lambda$startDaemon$0(538)) - Ozone container server started.
2023-08-29 18:56:15,513 [main] WARN  impl.MetricRegistriesImpl (MetricRegistriesImpl.java:addReporterRegistration(111)) - New reporters are added after registries were created. Some metrics will be missing from the reporter. Please add reporter before adding any new registry.
2023-08-29 18:56:15,514 [main] WARN  impl.MetricRegistriesImpl (MetricRegistriesImpl.java:addReporterRegistration(111)) - New reporters are added after registries were created. Some metrics will be missing from the reporter. Please add reporter before adding any new registry.
2023-08-29 18:56:15,514 [main] INFO  impl.MetricsSystemImpl (MetricsSystemImpl.java:init(158)) - HddsDatanode metrics system started (again)
2023-08-29 18:56:15,514 [IPC Server listener on 15178] INFO  ipc.Server (Server.java:run(1402)) - IPC Server listener on 15178: starting
2023-08-29 18:56:15,531 [main] INFO  ozone.HddsDatanodeService (HddsDatanodeService.java:start(237)) - HddsDatanodeService host:fv-az225-157.hxhba2eg53duheooqg2bzplbvd.bx.internal.cloudapp.net ip:10.1.0.239
2023-08-29 18:56:15,539 [Datanode State Machine Task Thread - 0] INFO  datanode.InitDatanodeState (InitDatanodeState.java:persistContainerDatanodeDetails(138)) - DatanodeDetails is persisted to /home/runner/work/ozone/ozone/hadoop-ozone/integration-test/target/test-dir/MiniOzoneClusterImpl-b0dd14bf-3562-4743-8e4f-1fdeb49c931a/datanode-1/meta/datanode.id
2023-08-29 18:56:15,549 [main] INFO  upgrade.AbstractLayoutVersionManager (AbstractLayoutVersionManager.java:init(83)) - Initializing Layout version manager with metadata layout = HADOOP_PRC_PORTS_IN_DATANODEDETAILS (version = 7), software layout = HADOOP_PRC_PORTS_IN_DATANODEDETAILS (version = 7)
2023-08-29 18:56:15,550 [main] INFO  statemachine.DatanodeStateMachine (DatanodeStateMachine.java:getEndPointTaskThreadPoolSize(282)) - Datanode State Machine Task Thread Pool size 2
2023-08-29 18:56:15,551 [main] INFO  volume.HddsVolume (HddsVolume.java:<init>(126)) - Creating HddsVolume: /home/runner/work/ozone/ozone/hadoop-ozone/integration-test/target/test-dir/MiniOzoneClusterImpl-b0dd14bf-3562-4743-8e4f-1fdeb49c931a/datanode-2/data-0/containers/hdds of storage type : DISK capacity : 9223372036854775807
2023-08-29 18:56:15,551 [main] INFO  volume.MutableVolumeSet (MutableVolumeSet.java:initializeVolumeSet(173)) - Added Volume : /home/runner/work/ozone/ozone/hadoop-ozone/integration-test/target/test-dir/MiniOzoneClusterImpl-b0dd14bf-3562-4743-8e4f-1fdeb49c931a/datanode-2/data-0/containers/hdds to VolumeSet
2023-08-29 18:56:15,552 [main] INFO  volume.MutableVolumeSet (MutableVolumeSet.java:initializeVolumeSet(173)) - Added Volume : /home/runner/work/ozone/ozone/hadoop-ozone/integration-test/target/test-dir/MiniOzoneClusterImpl-b0dd14bf-3562-4743-8e4f-1fdeb49c931a/datanode-2/data/ratis to VolumeSet
2023-08-29 18:56:15,552 [Thread-1952] INFO  ozoneimpl.ContainerReader (ContainerReader.java:readVolume(177)) - Finish verifying containers on volume /home/runner/work/ozone/ozone/hadoop-ozone/integration-test/target/test-dir/MiniOzoneClusterImpl-b0dd14bf-3562-4743-8e4f-1fdeb49c931a/datanode-2/data-0/containers/hdds
2023-08-29 18:56:15,552 [main] INFO  ozoneimpl.OzoneContainer (OzoneContainer.java:buildContainerSet(314)) - Build ContainerSet costs 0s
2023-08-29 18:56:15,554 [main] INFO  server.RaftServer (ConfUtils.java:logGet(46)) - raft.rpc.type = GRPC (default)
2023-08-29 18:56:15,554 [main] INFO  grpc.GrpcConfigKeys (ConfUtils.java:logFallback(53)) - raft.grpc.admin.host = null (fallback to raft.grpc.server.host)
2023-08-29 18:56:15,554 [main] INFO  grpc.GrpcConfigKeys (ConfUtils.java:logGet(46)) - raft.grpc.admin.port = 15190 (custom)
2023-08-29 18:56:15,554 [main] INFO  grpc.GrpcConfigKeys (ConfUtils.java:logFallback(53)) - raft.grpc.client.host = null (fallback to raft.grpc.server.host)
2023-08-29 18:56:15,554 [main] INFO  grpc.GrpcConfigKeys (ConfUtils.java:logGet(46)) - raft.grpc.client.port = 15189 (custom)
2023-08-29 18:56:15,554 [main] INFO  grpc.GrpcConfigKeys (ConfUtils.java:logGet(46)) - raft.grpc.server.host = null (default)
2023-08-29 18:56:15,554 [main] INFO  grpc.GrpcConfigKeys (ConfUtils.java:logGet(46)) - raft.grpc.server.port = 15191 (custom)
2023-08-29 18:56:15,554 [main] INFO  server.GrpcService (ConfUtils.java:logGet(46)) - raft.grpc.message.size.max = 32MB (=33554432) (custom)
2023-08-29 18:56:15,555 [main] INFO  server.RaftServerConfigKeys (ConfUtils.java:logGet(46)) - raft.server.log.appender.buffer.byte-limit = 33554432 (custom)
2023-08-29 18:56:15,555 [main] INFO  server.GrpcService (ConfUtils.java:logGet(46)) - raft.grpc.flow.control.window = 5MB (=5242880) (custom)
2023-08-29 18:56:15,555 [main] INFO  server.RaftServerConfigKeys (ConfUtils.java:logGet(46)) - raft.server.rpc.request.timeout = 60s (custom)
2023-08-29 18:56:15,555 [main] INFO  grpc.GrpcConfigKeys (ConfUtils.java:logGet(46)) - raft.grpc.server.heartbeat.channel = true (default)
2023-08-29 18:56:15,555 [main] INFO  grpc.GrpcConfigKeys (ConfUtils.java:logGet(46)) - raft.grpc.server.async.request.thread.pool.cached = true (default)
2023-08-29 18:56:15,555 [main] INFO  grpc.GrpcConfigKeys (ConfUtils.java:logGet(46)) - raft.grpc.server.async.request.thread.pool.size = 32 (default)
2023-08-29 18:56:15,557 [main] INFO  impl.DataStreamServerImpl (ConfUtils.java:logGet(46)) - raft.datastream.type = NETTY (custom)
2023-08-29 18:56:15,557 [main] INFO  server.RaftServerConfigKeys (ConfUtils.java:logGet(46)) - raft.server.data-stream.async.request.thread.pool.cached = false (default)
2023-08-29 18:56:15,558 [main] INFO  server.RaftServerConfigKeys (ConfUtils.java:logGet(46)) - raft.server.data-stream.async.request.thread.pool.size = 20 (custom)
2023-08-29 18:56:15,558 [main] INFO  server.RaftServerConfigKeys (ConfUtils.java:logGet(46)) - raft.server.data-stream.async.write.thread.pool.size = 16 (default)
2023-08-29 18:56:15,558 [main] INFO  server.RaftServerConfigKeys (ConfUtils.java:logGet(46)) - raft.server.data-stream.client.pool.size = 10 (default)
2023-08-29 18:56:15,558 [main] INFO  netty.NettyConfigKeys$DataStream (ConfUtils.java:logGet(46)) - raft.netty.dataStream.server.use-epoll = false (default)
2023-08-29 18:56:15,558 [main] INFO  netty.NettyConfigKeys$DataStream (ConfUtils.java:logGet(46)) - raft.netty.dataStream.server.boss-group.size = 0 (default)
2023-08-29 18:56:15,558 [main] INFO  netty.NettyConfigKeys$DataStream (ConfUtils.java:logGet(46)) - raft.netty.dataStream.server.worker-group.size = 0 (default)
2023-08-29 18:56:15,559 [main] INFO  netty.NettyConfigKeys$DataStream (ConfUtils.java:logGet(46)) - raft.netty.dataStream.server.tls.conf = null (default)
2023-08-29 18:56:15,559 [main] INFO  netty.NettyConfigKeys$DataStream (ConfUtils.java:logGet(46)) - raft.netty.dataStream.host = null (default)
2023-08-29 18:56:15,559 [main] INFO  netty.NettyConfigKeys$DataStream (ConfUtils.java:logGet(46)) - raft.netty.dataStream.port = 15192 (custom)
2023-08-29 18:56:15,560 [main] INFO  server.RaftServerConfigKeys (ConfUtils.java:logGet(46)) - raft.server.threadpool.proxy.cached = true (default)
2023-08-29 18:56:15,560 [main] INFO  server.RaftServerConfigKeys (ConfUtils.java:logGet(46)) - raft.server.threadpool.proxy.size = 0 (default)
2023-08-29 18:56:15,560 [main] INFO  server.RaftServerConfigKeys (ConfUtils.java:logGet(46)) - raft.server.rpc.slowness.timeout = 300s (custom)
2023-08-29 18:56:15,561 [main] INFO  server.RaftServerConfigKeys (ConfUtils.java:logGet(46)) - raft.server.leaderelection.leader.step-down.wait-time = 10s (default)
2023-08-29 18:56:15,561 [main] INFO  server.RaftServerConfigKeys (ConfUtils.java:logGet(46)) - raft.server.storage.dir = [/home/runner/work/ozone/ozone/hadoop-ozone/integration-test/target/test-dir/MiniOzoneClusterImpl-b0dd14bf-3562-4743-8e4f-1fdeb49c931a/datanode-2/data/ratis] (custom)
2023-08-29 18:56:15,561 [1088055f-b6dc-4993-819c-da5e568aeaf2-NettyServerStreamRpc-bossGroup--thread1] INFO  logging.LoggingHandler (AbstractInternalLogger.java:log(148)) - [id: 0xf98eb00a] REGISTERED
2023-08-29 18:56:15,561 [1088055f-b6dc-4993-819c-da5e568aeaf2-NettyServerStreamRpc-bossGroup--thread1] INFO  logging.LoggingHandler (AbstractInternalLogger.java:log(148)) - [id: 0xf98eb00a] BIND: 0.0.0.0/0.0.0.0:15192
2023-08-29 18:56:15,561 [1088055f-b6dc-4993-819c-da5e568aeaf2-NettyServerStreamRpc-bossGroup--thread1] INFO  logging.LoggingHandler (AbstractInternalLogger.java:log(148)) - [id: 0xf98eb00a, L:/0:0:0:0:0:0:0:0:15192] ACTIVE
2023-08-29 18:56:15,564 [1088055f-b6dc-4993-819c-da5e568aeaf2-impl-thread1] INFO  server.RaftServer (RaftServerProxy.java:initGroupDir(258)) - 1088055f-b6dc-4993-819c-da5e568aeaf2: found a subdirectory /home/runner/work/ozone/ozone/hadoop-ozone/integration-test/target/test-dir/MiniOzoneClusterImpl-b0dd14bf-3562-4743-8e4f-1fdeb49c931a/datanode-2/data/ratis/tmp
2023-08-29 18:56:15,564 [1088055f-b6dc-4993-819c-da5e568aeaf2-impl-thread1] INFO  server.RaftServer (RaftServerProxy.java:initGroupDir(263)) - 1088055f-b6dc-4993-819c-da5e568aeaf2: The directory /home/runner/work/ozone/ozone/hadoop-ozone/integration-test/target/test-dir/MiniOzoneClusterImpl-b0dd14bf-3562-4743-8e4f-1fdeb49c931a/datanode-2/data/ratis/tmp is not a group directory; ignoring it. 
2023-08-29 18:56:15,564 [main] INFO  replication.ReplicationServer (ReplicationServer.java:<init>(81)) - Initializing replication server with thread count = 10
2023-08-29 18:56:15,565 [main] INFO  server.XceiverServerGrpc (XceiverServerGrpc.java:<init>(132)) - GrpcServer channel type EpollServerSocketChannel
2023-08-29 18:56:15,566 [main] INFO  replication.ReplicationSupervisor (ReplicationSupervisor.java:build(155)) - Initializing replication supervisor with thread count = 10
2023-08-29 18:56:15,566 [main] INFO  replication.ReplicationSupervisor (ReplicationSupervisor.java:nodeStateUpdated(307)) - Node state updated to IN_SERVICE, scaling executor pool size to 10
2023-08-29 18:56:15,569 [main] INFO  http.BaseHttpServer (BaseHttpServer.java:newHttpServer2BuilderForOzone(223)) - Starting Web-server for hddsDatanode at: http://0.0.0.0:15186
2023-08-29 18:56:15,569 [main] INFO  http.BaseHttpServer (BaseHttpServer.java:<init>(110)) - Hadoop Security Enabled: false Ozone Security Enabled: false Ozone HTTP Security Enabled: false 
2023-08-29 18:56:15,570 [main] WARN  server.AuthenticationFilter (AuthenticationFilter.java:constructSecretProvider(240)) - Unable to initialize FileSignerSecretProvider, falling back to use random secrets. Reason: Could not read signature secret file: /home/runner/hadoop-http-auth-signature-secret
2023-08-29 18:56:15,576 [main] INFO  http.HttpRequestLog (HttpRequestLog.java:getRequestLog(86)) - Http request log for http.requests.hddsDatanode is not defined
2023-08-29 18:56:15,577 [main] INFO  http.HttpServer2 (HttpServer2.java:addGlobalFilter(1031)) - Added global filter 'safety' (class=org.apache.hadoop.hdds.server.http.HttpServer2$QuotingInputFilter)
2023-08-29 18:56:15,578 [main] INFO  http.HttpServer2 (HttpServer2.java:addFilter(1007)) - Added filter static_user_filter (class=org.apache.hadoop.http.lib.StaticUserWebFilter$StaticUserFilter) to context hddsDatanode
2023-08-29 18:56:15,578 [main] INFO  http.HttpServer2 (HttpServer2.java:addFilter(1015)) - Added filter static_user_filter (class=org.apache.hadoop.http.lib.StaticUserWebFilter$StaticUserFilter) to context static
2023-08-29 18:56:15,578 [main] INFO  http.HttpServer2 (HttpServer2.java:addFilter(1015)) - Added filter static_user_filter (class=org.apache.hadoop.http.lib.StaticUserWebFilter$StaticUserFilter) to context logs
2023-08-29 18:56:15,578 [main] INFO  http.BaseHttpServer (BaseHttpServer.java:<init>(189)) - HTTP server of hddsDatanode uses base directory /home/runner/work/ozone/ozone/hadoop-ozone/integration-test/target/test-dir/MiniOzoneClusterImpl-b0dd14bf-3562-4743-8e4f-1fdeb49c931a/datanode-2/meta/webserver
2023-08-29 18:56:15,578 [main] INFO  http.HttpServer2 (HttpServer2.java:bindListener(1231)) - Jetty bound to port 15186
2023-08-29 18:56:15,579 [main] INFO  server.Server (Server.java:doStart(375)) - jetty-9.4.51.v20230217; built: 2023-02-17T08:19:37.309Z; git: b45c405e4544384de066f814ed42ae3dceacdd49; jvm 1.8.0_382-b05
2023-08-29 18:56:15,587 [main] INFO  server.session (DefaultSessionIdManager.java:doStart(334)) - DefaultSessionIdManager workerName=node0
2023-08-29 18:56:15,587 [main] INFO  server.session (DefaultSessionIdManager.java:doStart(339)) - No SessionScavenger set, using defaults
2023-08-29 18:56:15,588 [main] INFO  server.session (HouseKeeper.java:startScavenging(132)) - node0 Scavenging every 660000ms
2023-08-29 18:56:15,588 [main] INFO  handler.ContextHandler (ContextHandler.java:doStart(921)) - Started o.e.j.s.ServletContextHandler@73f93fb4{logs,/logs,file:///home/runner/work/ozone/ozone/hadoop-ozone/integration-test/target/log,AVAILABLE}
2023-08-29 18:56:15,589 [main] INFO  handler.ContextHandler (ContextHandler.java:doStart(921)) - Started o.e.j.s.ServletContextHandler@2d87d936{static,/static,jar:file:/home/runner/.m2/repository/org/apache/ozone/hdds-container-service/1.4.0-SNAPSHOT/hdds-container-service-1.4.0-SNAPSHOT.jar!/webapps/static,AVAILABLE}
2023-08-29 18:56:15,824 [main] INFO  handler.ContextHandler (ContextHandler.java:doStart(921)) - Started o.e.j.w.WebAppContext@217a1cbf{hddsDatanode,/,file:///home/runner/work/ozone/ozone/hadoop-ozone/integration-test/target/test-dir/MiniOzoneClusterImpl-b0dd14bf-3562-4743-8e4f-1fdeb49c931a/datanode-2/meta/webserver/jetty-0_0_0_0-15186-hdds-container-service-1_4_0-SNAPSHOT_jar-_-any-5479372641074737195/webapp/,AVAILABLE}{jar:file:/home/runner/.m2/repository/org/apache/ozone/hdds-container-service/1.4.0-SNAPSHOT/hdds-container-service-1.4.0-SNAPSHOT.jar!/webapps/hddsDatanode}
2023-08-29 18:56:15,826 [main] INFO  server.AbstractConnector (AbstractConnector.java:doStart(333)) - Started ServerConnector@6dd8a127{HTTP/1.1, (http/1.1)}{0.0.0.0:15186}
2023-08-29 18:56:15,826 [main] INFO  server.Server (Server.java:doStart(415)) - Started @220383ms
2023-08-29 18:56:15,826 [main] WARN  impl.MetricsSystemImpl (MetricsSystemImpl.java:register(279)) - Sink prometheus already exists!
2023-08-29 18:56:15,827 [main] INFO  http.BaseHttpServer (BaseHttpServer.java:updateConnectorAddress(354)) - HTTP server of hddsDatanode listening at http://0.0.0.0:15186
2023-08-29 18:56:15,827 [main] INFO  ipc.CallQueueManager (CallQueueManager.java:<init>(90)) - Using callQueue: class java.util.concurrent.LinkedBlockingQueue, queueCapacity: 100, scheduler: class org.apache.hadoop.ipc.DefaultRpcScheduler, ipcBackoff: false.
2023-08-29 18:56:15,828 [main] INFO  ipc.Server (Server.java:<init>(1287)) - Listener at 0.0.0.0:15187
2023-08-29 18:56:15,829 [main] INFO  ozone.HddsDatanodeService (HddsDatanodeService.java:start(315)) - Datanode start with admins: [runner]
2023-08-29 18:56:15,829 [main] INFO  ozone.HddsDatanodeClientProtocolServer (HddsDatanodeClientProtocolServer.java:start(72)) - RPC server for Client /0.0.0.0:15187
2023-08-29 18:56:15,830 [Socket Reader #1 for port 15187] INFO  ipc.Server (Server.java:run(1323)) - Starting Socket Reader #1 for port 15187
2023-08-29 18:56:15,830 [IPC Server Responder] INFO  ipc.Server (Server.java:run(1562)) - IPC Server Responder: starting
2023-08-29 18:56:15,830 [IPC Server listener on 15187] INFO  ipc.Server (Server.java:run(1402)) - IPC Server listener on 15187: starting
2023-08-29 18:56:15,830 [Datanode State Machine Daemon Thread] INFO  statemachine.DatanodeStateMachine (DatanodeStateMachine.java:lambda$startDaemon$0(538)) - Ozone container server started.
2023-08-29 18:56:15,830 [main] WARN  impl.MetricRegistriesImpl (MetricRegistriesImpl.java:addReporterRegistration(111)) - New reporters are added after registries were created. Some metrics will be missing from the reporter. Please add reporter before adding any new registry.
2023-08-29 18:56:15,830 [main] WARN  impl.MetricRegistriesImpl (MetricRegistriesImpl.java:addReporterRegistration(111)) - New reporters are added after registries were created. Some metrics will be missing from the reporter. Please add reporter before adding any new registry.
2023-08-29 18:56:15,830 [main] INFO  impl.MetricsSystemImpl (MetricsSystemImpl.java:init(158)) - HddsDatanode metrics system started (again)
2023-08-29 18:56:15,840 [Datanode State Machine Task Thread - 0] INFO  datanode.InitDatanodeState (InitDatanodeState.java:persistContainerDatanodeDetails(138)) - DatanodeDetails is persisted to /home/runner/work/ozone/ozone/hadoop-ozone/integration-test/target/test-dir/MiniOzoneClusterImpl-b0dd14bf-3562-4743-8e4f-1fdeb49c931a/datanode-2/meta/datanode.id
2023-08-29 18:56:15,845 [main] INFO  ozone.HddsDatanodeService (HddsDatanodeService.java:start(237)) - HddsDatanodeService host:fv-az225-157.hxhba2eg53duheooqg2bzplbvd.bx.internal.cloudapp.net ip:10.1.0.239
2023-08-29 18:56:15,862 [main] INFO  upgrade.AbstractLayoutVersionManager (AbstractLayoutVersionManager.java:init(83)) - Initializing Layout version manager with metadata layout = HADOOP_PRC_PORTS_IN_DATANODEDETAILS (version = 7), software layout = HADOOP_PRC_PORTS_IN_DATANODEDETAILS (version = 7)
2023-08-29 18:56:15,862 [main] INFO  statemachine.DatanodeStateMachine (DatanodeStateMachine.java:getEndPointTaskThreadPoolSize(282)) - Datanode State Machine Task Thread Pool size 2
2023-08-29 18:56:15,863 [main] INFO  volume.HddsVolume (HddsVolume.java:<init>(126)) - Creating HddsVolume: /home/runner/work/ozone/ozone/hadoop-ozone/integration-test/target/test-dir/MiniOzoneClusterImpl-b0dd14bf-3562-4743-8e4f-1fdeb49c931a/datanode-3/data-0/containers/hdds of storage type : DISK capacity : 9223372036854775807
2023-08-29 18:56:15,864 [main] INFO  volume.MutableVolumeSet (MutableVolumeSet.java:initializeVolumeSet(173)) - Added Volume : /home/runner/work/ozone/ozone/hadoop-ozone/integration-test/target/test-dir/MiniOzoneClusterImpl-b0dd14bf-3562-4743-8e4f-1fdeb49c931a/datanode-3/data-0/containers/hdds to VolumeSet
2023-08-29 18:56:15,864 [main] INFO  volume.MutableVolumeSet (MutableVolumeSet.java:initializeVolumeSet(173)) - Added Volume : /home/runner/work/ozone/ozone/hadoop-ozone/integration-test/target/test-dir/MiniOzoneClusterImpl-b0dd14bf-3562-4743-8e4f-1fdeb49c931a/datanode-3/data/ratis to VolumeSet
2023-08-29 18:56:15,865 [Thread-1969] INFO  ozoneimpl.ContainerReader (ContainerReader.java:readVolume(177)) - Finish verifying containers on volume /home/runner/work/ozone/ozone/hadoop-ozone/integration-test/target/test-dir/MiniOzoneClusterImpl-b0dd14bf-3562-4743-8e4f-1fdeb49c931a/datanode-3/data-0/containers/hdds
2023-08-29 18:56:15,865 [main] INFO  ozoneimpl.OzoneContainer (OzoneContainer.java:buildContainerSet(314)) - Build ContainerSet costs 0s
2023-08-29 18:56:15,866 [main] INFO  server.RaftServer (ConfUtils.java:logGet(46)) - raft.rpc.type = GRPC (default)
2023-08-29 18:56:15,866 [main] INFO  grpc.GrpcConfigKeys (ConfUtils.java:logFallback(53)) - raft.grpc.admin.host = null (fallback to raft.grpc.server.host)
2023-08-29 18:56:15,867 [main] INFO  grpc.GrpcConfigKeys (ConfUtils.java:logGet(46)) - raft.grpc.admin.port = 15199 (custom)
2023-08-29 18:56:15,867 [main] INFO  grpc.GrpcConfigKeys (ConfUtils.java:logFallback(53)) - raft.grpc.client.host = null (fallback to raft.grpc.server.host)
2023-08-29 18:56:15,867 [main] INFO  grpc.GrpcConfigKeys (ConfUtils.java:logGet(46)) - raft.grpc.client.port = 15198 (custom)
2023-08-29 18:56:15,867 [main] INFO  grpc.GrpcConfigKeys (ConfUtils.java:logGet(46)) - raft.grpc.server.host = null (default)
2023-08-29 18:56:15,867 [main] INFO  grpc.GrpcConfigKeys (ConfUtils.java:logGet(46)) - raft.grpc.server.port = 15200 (custom)
2023-08-29 18:56:15,867 [main] INFO  server.GrpcService (ConfUtils.java:logGet(46)) - raft.grpc.message.size.max = 32MB (=33554432) (custom)
2023-08-29 18:56:15,867 [main] INFO  server.RaftServerConfigKeys (ConfUtils.java:logGet(46)) - raft.server.log.appender.buffer.byte-limit = 33554432 (custom)
2023-08-29 18:56:15,867 [main] INFO  server.GrpcService (ConfUtils.java:logGet(46)) - raft.grpc.flow.control.window = 5MB (=5242880) (custom)
2023-08-29 18:56:15,867 [main] INFO  server.RaftServerConfigKeys (ConfUtils.java:logGet(46)) - raft.server.rpc.request.timeout = 60s (custom)
2023-08-29 18:56:15,867 [main] INFO  grpc.GrpcConfigKeys (ConfUtils.java:logGet(46)) - raft.grpc.server.heartbeat.channel = true (default)
2023-08-29 18:56:15,868 [main] INFO  grpc.GrpcConfigKeys (ConfUtils.java:logGet(46)) - raft.grpc.server.async.request.thread.pool.cached = true (default)
2023-08-29 18:56:15,868 [main] INFO  grpc.GrpcConfigKeys (ConfUtils.java:logGet(46)) - raft.grpc.server.async.request.thread.pool.size = 32 (default)
2023-08-29 18:56:15,870 [main] INFO  impl.DataStreamServerImpl (ConfUtils.java:logGet(46)) - raft.datastream.type = NETTY (custom)
2023-08-29 18:56:15,870 [main] INFO  server.RaftServerConfigKeys (ConfUtils.java:logGet(46)) - raft.server.data-stream.async.request.thread.pool.cached = false (default)
2023-08-29 18:56:15,870 [main] INFO  server.RaftServerConfigKeys (ConfUtils.java:logGet(46)) - raft.server.data-stream.async.request.thread.pool.size = 20 (custom)
2023-08-29 18:56:15,870 [main] INFO  server.RaftServerConfigKeys (ConfUtils.java:logGet(46)) - raft.server.data-stream.async.write.thread.pool.size = 16 (default)
2023-08-29 18:56:15,870 [main] INFO  server.RaftServerConfigKeys (ConfUtils.java:logGet(46)) - raft.server.data-stream.client.pool.size = 10 (default)
2023-08-29 18:56:15,870 [main] INFO  netty.NettyConfigKeys$DataStream (ConfUtils.java:logGet(46)) - raft.netty.dataStream.server.use-epoll = false (default)
2023-08-29 18:56:15,871 [main] INFO  netty.NettyConfigKeys$DataStream (ConfUtils.java:logGet(46)) - raft.netty.dataStream.server.boss-group.size = 0 (default)
2023-08-29 18:56:15,871 [main] INFO  netty.NettyConfigKeys$DataStream (ConfUtils.java:logGet(46)) - raft.netty.dataStream.server.worker-group.size = 0 (default)
2023-08-29 18:56:15,871 [main] INFO  netty.NettyConfigKeys$DataStream (ConfUtils.java:logGet(46)) - raft.netty.dataStream.server.tls.conf = null (default)
2023-08-29 18:56:15,871 [main] INFO  netty.NettyConfigKeys$DataStream (ConfUtils.java:logGet(46)) - raft.netty.dataStream.host = null (default)
2023-08-29 18:56:15,871 [main] INFO  netty.NettyConfigKeys$DataStream (ConfUtils.java:logGet(46)) - raft.netty.dataStream.port = 15201 (custom)
2023-08-29 18:56:15,872 [main] INFO  server.RaftServerConfigKeys (ConfUtils.java:logGet(46)) - raft.server.threadpool.proxy.cached = true (default)
2023-08-29 18:56:15,872 [main] INFO  server.RaftServerConfigKeys (ConfUtils.java:logGet(46)) - raft.server.threadpool.proxy.size = 0 (default)
2023-08-29 18:56:15,872 [9b9fb1d1-2285-4865-a677-77c8be404412-NettyServerStreamRpc-bossGroup--thread1] INFO  logging.LoggingHandler (AbstractInternalLogger.java:log(148)) - [id: 0xb894ea87] REGISTERED
2023-08-29 18:56:15,872 [main] INFO  server.RaftServerConfigKeys (ConfUtils.java:logGet(46)) - raft.server.rpc.slowness.timeout = 300s (custom)
2023-08-29 18:56:15,872 [main] INFO  server.RaftServerConfigKeys (ConfUtils.java:logGet(46)) - raft.server.leaderelection.leader.step-down.wait-time = 10s (default)
2023-08-29 18:56:15,872 [9b9fb1d1-2285-4865-a677-77c8be404412-NettyServerStreamRpc-bossGroup--thread1] INFO  logging.LoggingHandler (AbstractInternalLogger.java:log(148)) - [id: 0xb894ea87] BIND: 0.0.0.0/0.0.0.0:15201
2023-08-29 18:56:15,873 [9b9fb1d1-2285-4865-a677-77c8be404412-NettyServerStreamRpc-bossGroup--thread1] INFO  logging.LoggingHandler (AbstractInternalLogger.java:log(148)) - [id: 0xb894ea87, L:/0:0:0:0:0:0:0:0:15201] ACTIVE
2023-08-29 18:56:15,873 [main] INFO  server.RaftServerConfigKeys (ConfUtils.java:logGet(46)) - raft.server.storage.dir = [/home/runner/work/ozone/ozone/hadoop-ozone/integration-test/target/test-dir/MiniOzoneClusterImpl-b0dd14bf-3562-4743-8e4f-1fdeb49c931a/datanode-3/data/ratis] (custom)
2023-08-29 18:56:15,873 [9b9fb1d1-2285-4865-a677-77c8be404412-impl-thread1] INFO  server.RaftServer (RaftServerProxy.java:initGroupDir(258)) - 9b9fb1d1-2285-4865-a677-77c8be404412: found a subdirectory /home/runner/work/ozone/ozone/hadoop-ozone/integration-test/target/test-dir/MiniOzoneClusterImpl-b0dd14bf-3562-4743-8e4f-1fdeb49c931a/datanode-3/data/ratis/tmp
2023-08-29 18:56:15,873 [9b9fb1d1-2285-4865-a677-77c8be404412-impl-thread1] INFO  server.RaftServer (RaftServerProxy.java:initGroupDir(263)) - 9b9fb1d1-2285-4865-a677-77c8be404412: The directory /home/runner/work/ozone/ozone/hadoop-ozone/integration-test/target/test-dir/MiniOzoneClusterImpl-b0dd14bf-3562-4743-8e4f-1fdeb49c931a/datanode-3/data/ratis/tmp is not a group directory; ignoring it. 
2023-08-29 18:56:15,873 [main] INFO  replication.ReplicationServer (ReplicationServer.java:<init>(81)) - Initializing replication server with thread count = 10
2023-08-29 18:56:15,874 [main] INFO  server.XceiverServerGrpc (XceiverServerGrpc.java:<init>(132)) - GrpcServer channel type EpollServerSocketChannel
2023-08-29 18:56:15,875 [main] INFO  replication.ReplicationSupervisor (ReplicationSupervisor.java:build(155)) - Initializing replication supervisor with thread count = 10
2023-08-29 18:56:15,875 [main] INFO  replication.ReplicationSupervisor (ReplicationSupervisor.java:nodeStateUpdated(307)) - Node state updated to IN_SERVICE, scaling executor pool size to 10
2023-08-29 18:56:15,877 [main] INFO  http.BaseHttpServer (BaseHttpServer.java:newHttpServer2BuilderForOzone(223)) - Starting Web-server for hddsDatanode at: http://0.0.0.0:15195
2023-08-29 18:56:15,877 [main] INFO  http.BaseHttpServer (BaseHttpServer.java:<init>(110)) - Hadoop Security Enabled: false Ozone Security Enabled: false Ozone HTTP Security Enabled: false 
2023-08-29 18:56:15,878 [main] WARN  server.AuthenticationFilter (AuthenticationFilter.java:constructSecretProvider(240)) - Unable to initialize FileSignerSecretProvider, falling back to use random secrets. Reason: Could not read signature secret file: /home/runner/hadoop-http-auth-signature-secret
2023-08-29 18:56:15,878 [main] INFO  http.HttpRequestLog (HttpRequestLog.java:getRequestLog(86)) - Http request log for http.requests.hddsDatanode is not defined
2023-08-29 18:56:15,879 [main] INFO  http.HttpServer2 (HttpServer2.java:addGlobalFilter(1031)) - Added global filter 'safety' (class=org.apache.hadoop.hdds.server.http.HttpServer2$QuotingInputFilter)
2023-08-29 18:56:15,880 [main] INFO  http.HttpServer2 (HttpServer2.java:addFilter(1007)) - Added filter static_user_filter (class=org.apache.hadoop.http.lib.StaticUserWebFilter$StaticUserFilter) to context hddsDatanode
2023-08-29 18:56:15,880 [main] INFO  http.HttpServer2 (HttpServer2.java:addFilter(1015)) - Added filter static_user_filter (class=org.apache.hadoop.http.lib.StaticUserWebFilter$StaticUserFilter) to context logs
2023-08-29 18:56:15,880 [main] INFO  http.HttpServer2 (HttpServer2.java:addFilter(1015)) - Added filter static_user_filter (class=org.apache.hadoop.http.lib.StaticUserWebFilter$StaticUserFilter) to context static
2023-08-29 18:56:15,880 [main] INFO  http.BaseHttpServer (BaseHttpServer.java:<init>(189)) - HTTP server of hddsDatanode uses base directory /home/runner/work/ozone/ozone/hadoop-ozone/integration-test/target/test-dir/MiniOzoneClusterImpl-b0dd14bf-3562-4743-8e4f-1fdeb49c931a/datanode-3/meta/webserver
2023-08-29 18:56:15,881 [main] INFO  http.HttpServer2 (HttpServer2.java:bindListener(1231)) - Jetty bound to port 15195
2023-08-29 18:56:15,881 [main] INFO  server.Server (Server.java:doStart(375)) - jetty-9.4.51.v20230217; built: 2023-02-17T08:19:37.309Z; git: b45c405e4544384de066f814ed42ae3dceacdd49; jvm 1.8.0_382-b05
2023-08-29 18:56:15,882 [main] INFO  server.session (DefaultSessionIdManager.java:doStart(334)) - DefaultSessionIdManager workerName=node0
2023-08-29 18:56:15,882 [main] INFO  server.session (DefaultSessionIdManager.java:doStart(339)) - No SessionScavenger set, using defaults
2023-08-29 18:56:15,882 [main] INFO  server.session (HouseKeeper.java:startScavenging(132)) - node0 Scavenging every 660000ms
2023-08-29 18:56:15,883 [main] INFO  handler.ContextHandler (ContextHandler.java:doStart(921)) - Started o.e.j.s.ServletContextHandler@53f6fa17{logs,/logs,file:///home/runner/work/ozone/ozone/hadoop-ozone/integration-test/target/log,AVAILABLE}
2023-08-29 18:56:15,883 [main] INFO  handler.ContextHandler (ContextHandler.java:doStart(921)) - Started o.e.j.s.ServletContextHandler@227b4be7{static,/static,jar:file:/home/runner/.m2/repository/org/apache/ozone/hdds-container-service/1.4.0-SNAPSHOT/hdds-container-service-1.4.0-SNAPSHOT.jar!/webapps/static,AVAILABLE}
2023-08-29 18:56:16,073 [main] INFO  handler.ContextHandler (ContextHandler.java:doStart(921)) - Started o.e.j.w.WebAppContext@6223136{hddsDatanode,/,file:///home/runner/work/ozone/ozone/hadoop-ozone/integration-test/target/test-dir/MiniOzoneClusterImpl-b0dd14bf-3562-4743-8e4f-1fdeb49c931a/datanode-3/meta/webserver/jetty-0_0_0_0-15195-hdds-container-service-1_4_0-SNAPSHOT_jar-_-any-8252163045379462969/webapp/,AVAILABLE}{jar:file:/home/runner/.m2/repository/org/apache/ozone/hdds-container-service/1.4.0-SNAPSHOT/hdds-container-service-1.4.0-SNAPSHOT.jar!/webapps/hddsDatanode}
2023-08-29 18:56:16,074 [main] INFO  server.AbstractConnector (AbstractConnector.java:doStart(333)) - Started ServerConnector@22dac77c{HTTP/1.1, (http/1.1)}{0.0.0.0:15195}
2023-08-29 18:56:16,074 [main] INFO  server.Server (Server.java:doStart(415)) - Started @220631ms
2023-08-29 18:56:16,074 [main] WARN  impl.MetricsSystemImpl (MetricsSystemImpl.java:register(279)) - Sink prometheus already exists!
2023-08-29 18:56:16,075 [main] INFO  http.BaseHttpServer (BaseHttpServer.java:updateConnectorAddress(354)) - HTTP server of hddsDatanode listening at http://0.0.0.0:15195
2023-08-29 18:56:16,075 [main] INFO  ipc.CallQueueManager (CallQueueManager.java:<init>(90)) - Using callQueue: class java.util.concurrent.LinkedBlockingQueue, queueCapacity: 100, scheduler: class org.apache.hadoop.ipc.DefaultRpcScheduler, ipcBackoff: false.
2023-08-29 18:56:16,075 [main] INFO  ipc.Server (Server.java:<init>(1287)) - Listener at 0.0.0.0:15196
2023-08-29 18:56:16,076 [Socket Reader #1 for port 15196] INFO  ipc.Server (Server.java:run(1323)) - Starting Socket Reader #1 for port 15196
2023-08-29 18:56:16,078 [main] INFO  ozone.HddsDatanodeService (HddsDatanodeService.java:start(315)) - Datanode start with admins: [runner]
2023-08-29 18:56:16,078 [main] INFO  ozone.HddsDatanodeClientProtocolServer (HddsDatanodeClientProtocolServer.java:start(72)) - RPC server for Client /0.0.0.0:15196
2023-08-29 18:56:16,078 [IPC Server Responder] INFO  ipc.Server (Server.java:run(1562)) - IPC Server Responder: starting
2023-08-29 18:56:16,084 [IPC Server listener on 15196] INFO  ipc.Server (Server.java:run(1402)) - IPC Server listener on 15196: starting
2023-08-29 18:56:16,085 [Datanode State Machine Daemon Thread] INFO  statemachine.DatanodeStateMachine (DatanodeStateMachine.java:lambda$startDaemon$0(538)) - Ozone container server started.
2023-08-29 18:56:16,086 [main] WARN  impl.MetricRegistriesImpl (MetricRegistriesImpl.java:addReporterRegistration(111)) - New reporters are added after registries were created. Some metrics will be missing from the reporter. Please add reporter before adding any new registry.
2023-08-29 18:56:16,086 [main] WARN  impl.MetricRegistriesImpl (MetricRegistriesImpl.java:addReporterRegistration(111)) - New reporters are added after registries were created. Some metrics will be missing from the reporter. Please add reporter before adding any new registry.
2023-08-29 18:56:16,087 [main] INFO  impl.MetricsSystemImpl (MetricsSystemImpl.java:init(158)) - HddsDatanode metrics system started (again)
2023-08-29 18:56:16,096 [Datanode State Machine Task Thread - 0] INFO  datanode.InitDatanodeState (InitDatanodeState.java:persistContainerDatanodeDetails(138)) - DatanodeDetails is persisted to /home/runner/work/ozone/ozone/hadoop-ozone/integration-test/target/test-dir/MiniOzoneClusterImpl-b0dd14bf-3562-4743-8e4f-1fdeb49c931a/datanode-3/meta/datanode.id
2023-08-29 18:56:16,099 [main] INFO  ozone.HddsDatanodeService (HddsDatanodeService.java:start(237)) - HddsDatanodeService host:fv-az225-157.hxhba2eg53duheooqg2bzplbvd.bx.internal.cloudapp.net ip:10.1.0.239
2023-08-29 18:56:16,115 [main] INFO  upgrade.AbstractLayoutVersionManager (AbstractLayoutVersionManager.java:init(83)) - Initializing Layout version manager with metadata layout = HADOOP_PRC_PORTS_IN_DATANODEDETAILS (version = 7), software layout = HADOOP_PRC_PORTS_IN_DATANODEDETAILS (version = 7)
2023-08-29 18:56:16,116 [main] INFO  statemachine.DatanodeStateMachine (DatanodeStateMachine.java:getEndPointTaskThreadPoolSize(282)) - Datanode State Machine Task Thread Pool size 2
2023-08-29 18:56:16,117 [main] INFO  volume.HddsVolume (HddsVolume.java:<init>(126)) - Creating HddsVolume: /home/runner/work/ozone/ozone/hadoop-ozone/integration-test/target/test-dir/MiniOzoneClusterImpl-b0dd14bf-3562-4743-8e4f-1fdeb49c931a/datanode-4/data-0/containers/hdds of storage type : DISK capacity : 9223372036854775807
2023-08-29 18:56:16,117 [main] INFO  volume.MutableVolumeSet (MutableVolumeSet.java:initializeVolumeSet(173)) - Added Volume : /home/runner/work/ozone/ozone/hadoop-ozone/integration-test/target/test-dir/MiniOzoneClusterImpl-b0dd14bf-3562-4743-8e4f-1fdeb49c931a/datanode-4/data-0/containers/hdds to VolumeSet
2023-08-29 18:56:16,118 [main] INFO  volume.MutableVolumeSet (MutableVolumeSet.java:initializeVolumeSet(173)) - Added Volume : /home/runner/work/ozone/ozone/hadoop-ozone/integration-test/target/test-dir/MiniOzoneClusterImpl-b0dd14bf-3562-4743-8e4f-1fdeb49c931a/datanode-4/data/ratis to VolumeSet
2023-08-29 18:56:16,118 [Thread-1986] INFO  ozoneimpl.ContainerReader (ContainerReader.java:readVolume(177)) - Finish verifying containers on volume /home/runner/work/ozone/ozone/hadoop-ozone/integration-test/target/test-dir/MiniOzoneClusterImpl-b0dd14bf-3562-4743-8e4f-1fdeb49c931a/datanode-4/data-0/containers/hdds
2023-08-29 18:56:16,118 [main] INFO  ozoneimpl.OzoneContainer (OzoneContainer.java:buildContainerSet(314)) - Build ContainerSet costs 0s
2023-08-29 18:56:16,120 [main] INFO  server.RaftServer (ConfUtils.java:logGet(46)) - raft.rpc.type = GRPC (default)
2023-08-29 18:56:16,120 [main] INFO  grpc.GrpcConfigKeys (ConfUtils.java:logFallback(53)) - raft.grpc.admin.host = null (fallback to raft.grpc.server.host)
2023-08-29 18:56:16,120 [main] INFO  grpc.GrpcConfigKeys (ConfUtils.java:logGet(46)) - raft.grpc.admin.port = 15208 (custom)
2023-08-29 18:56:16,120 [main] INFO  grpc.GrpcConfigKeys (ConfUtils.java:logFallback(53)) - raft.grpc.client.host = null (fallback to raft.grpc.server.host)
2023-08-29 18:56:16,120 [main] INFO  grpc.GrpcConfigKeys (ConfUtils.java:logGet(46)) - raft.grpc.client.port = 15207 (custom)
2023-08-29 18:56:16,120 [main] INFO  grpc.GrpcConfigKeys (ConfUtils.java:logGet(46)) - raft.grpc.server.host = null (default)
2023-08-29 18:56:16,120 [main] INFO  grpc.GrpcConfigKeys (ConfUtils.java:logGet(46)) - raft.grpc.server.port = 15209 (custom)
2023-08-29 18:56:16,121 [main] INFO  server.GrpcService (ConfUtils.java:logGet(46)) - raft.grpc.message.size.max = 32MB (=33554432) (custom)
2023-08-29 18:56:16,121 [main] INFO  server.RaftServerConfigKeys (ConfUtils.java:logGet(46)) - raft.server.log.appender.buffer.byte-limit = 33554432 (custom)
2023-08-29 18:56:16,121 [main] INFO  server.GrpcService (ConfUtils.java:logGet(46)) - raft.grpc.flow.control.window = 5MB (=5242880) (custom)
2023-08-29 18:56:16,121 [main] INFO  server.RaftServerConfigKeys (ConfUtils.java:logGet(46)) - raft.server.rpc.request.timeout = 60s (custom)
2023-08-29 18:56:16,121 [main] INFO  grpc.GrpcConfigKeys (ConfUtils.java:logGet(46)) - raft.grpc.server.heartbeat.channel = true (default)
2023-08-29 18:56:16,121 [main] INFO  grpc.GrpcConfigKeys (ConfUtils.java:logGet(46)) - raft.grpc.server.async.request.thread.pool.cached = true (default)
2023-08-29 18:56:16,121 [main] INFO  grpc.GrpcConfigKeys (ConfUtils.java:logGet(46)) - raft.grpc.server.async.request.thread.pool.size = 32 (default)
2023-08-29 18:56:16,123 [main] INFO  impl.DataStreamServerImpl (ConfUtils.java:logGet(46)) - raft.datastream.type = NETTY (custom)
2023-08-29 18:56:16,123 [main] INFO  server.RaftServerConfigKeys (ConfUtils.java:logGet(46)) - raft.server.data-stream.async.request.thread.pool.cached = false (default)
2023-08-29 18:56:16,124 [main] INFO  server.RaftServerConfigKeys (ConfUtils.java:logGet(46)) - raft.server.data-stream.async.request.thread.pool.size = 20 (custom)
2023-08-29 18:56:16,124 [main] INFO  server.RaftServerConfigKeys (ConfUtils.java:logGet(46)) - raft.server.data-stream.async.write.thread.pool.size = 16 (default)
2023-08-29 18:56:16,124 [main] INFO  server.RaftServerConfigKeys (ConfUtils.java:logGet(46)) - raft.server.data-stream.client.pool.size = 10 (default)
2023-08-29 18:56:16,124 [main] INFO  netty.NettyConfigKeys$DataStream (ConfUtils.java:logGet(46)) - raft.netty.dataStream.server.use-epoll = false (default)
2023-08-29 18:56:16,124 [main] INFO  netty.NettyConfigKeys$DataStream (ConfUtils.java:logGet(46)) - raft.netty.dataStream.server.boss-group.size = 0 (default)
2023-08-29 18:56:16,124 [main] INFO  netty.NettyConfigKeys$DataStream (ConfUtils.java:logGet(46)) - raft.netty.dataStream.server.worker-group.size = 0 (default)
2023-08-29 18:56:16,125 [main] INFO  netty.NettyConfigKeys$DataStream (ConfUtils.java:logGet(46)) - raft.netty.dataStream.server.tls.conf = null (default)
2023-08-29 18:56:16,125 [main] INFO  netty.NettyConfigKeys$DataStream (ConfUtils.java:logGet(46)) - raft.netty.dataStream.host = null (default)
2023-08-29 18:56:16,125 [main] INFO  netty.NettyConfigKeys$DataStream (ConfUtils.java:logGet(46)) - raft.netty.dataStream.port = 15210 (custom)
2023-08-29 18:56:16,125 [main] INFO  server.RaftServerConfigKeys (ConfUtils.java:logGet(46)) - raft.server.threadpool.proxy.cached = true (default)
2023-08-29 18:56:16,125 [main] INFO  server.RaftServerConfigKeys (ConfUtils.java:logGet(46)) - raft.server.threadpool.proxy.size = 0 (default)
2023-08-29 18:56:16,125 [main] INFO  server.RaftServerConfigKeys (ConfUtils.java:logGet(46)) - raft.server.rpc.slowness.timeout = 300s (custom)
2023-08-29 18:56:16,126 [main] INFO  server.RaftServerConfigKeys (ConfUtils.java:logGet(46)) - raft.server.leaderelection.leader.step-down.wait-time = 10s (default)
2023-08-29 18:56:16,126 [main] INFO  server.RaftServerConfigKeys (ConfUtils.java:logGet(46)) - raft.server.storage.dir = [/home/runner/work/ozone/ozone/hadoop-ozone/integration-test/target/test-dir/MiniOzoneClusterImpl-b0dd14bf-3562-4743-8e4f-1fdeb49c931a/datanode-4/data/ratis] (custom)
2023-08-29 18:56:16,126 [b7d61230-484d-41a2-ab8b-b31889d091fe-impl-thread1] INFO  server.RaftServer (RaftServerProxy.java:initGroupDir(258)) - b7d61230-484d-41a2-ab8b-b31889d091fe: found a subdirectory /home/runner/work/ozone/ozone/hadoop-ozone/integration-test/target/test-dir/MiniOzoneClusterImpl-b0dd14bf-3562-4743-8e4f-1fdeb49c931a/datanode-4/data/ratis/tmp
2023-08-29 18:56:16,126 [b7d61230-484d-41a2-ab8b-b31889d091fe-impl-thread1] INFO  server.RaftServer (RaftServerProxy.java:initGroupDir(263)) - b7d61230-484d-41a2-ab8b-b31889d091fe: The directory /home/runner/work/ozone/ozone/hadoop-ozone/integration-test/target/test-dir/MiniOzoneClusterImpl-b0dd14bf-3562-4743-8e4f-1fdeb49c931a/datanode-4/data/ratis/tmp is not a group directory; ignoring it. 
2023-08-29 18:56:16,126 [main] INFO  replication.ReplicationServer (ReplicationServer.java:<init>(81)) - Initializing replication server with thread count = 10
2023-08-29 18:56:16,127 [main] INFO  server.XceiverServerGrpc (XceiverServerGrpc.java:<init>(132)) - GrpcServer channel type EpollServerSocketChannel
2023-08-29 18:56:16,128 [main] INFO  replication.ReplicationSupervisor (ReplicationSupervisor.java:build(155)) - Initializing replication supervisor with thread count = 10
2023-08-29 18:56:16,128 [main] INFO  replication.ReplicationSupervisor (ReplicationSupervisor.java:nodeStateUpdated(307)) - Node state updated to IN_SERVICE, scaling executor pool size to 10
2023-08-29 18:56:16,130 [main] INFO  http.BaseHttpServer (BaseHttpServer.java:newHttpServer2BuilderForOzone(223)) - Starting Web-server for hddsDatanode at: http://0.0.0.0:15204
2023-08-29 18:56:16,130 [main] INFO  http.BaseHttpServer (BaseHttpServer.java:<init>(110)) - Hadoop Security Enabled: false Ozone Security Enabled: false Ozone HTTP Security Enabled: false 
2023-08-29 18:56:16,131 [main] WARN  server.AuthenticationFilter (AuthenticationFilter.java:constructSecretProvider(240)) - Unable to initialize FileSignerSecretProvider, falling back to use random secrets. Reason: Could not read signature secret file: /home/runner/hadoop-http-auth-signature-secret
2023-08-29 18:56:16,132 [main] INFO  http.HttpRequestLog (HttpRequestLog.java:getRequestLog(86)) - Http request log for http.requests.hddsDatanode is not defined
2023-08-29 18:56:16,133 [main] INFO  http.HttpServer2 (HttpServer2.java:addGlobalFilter(1031)) - Added global filter 'safety' (class=org.apache.hadoop.hdds.server.http.HttpServer2$QuotingInputFilter)
2023-08-29 18:56:16,133 [main] INFO  http.HttpServer2 (HttpServer2.java:addFilter(1007)) - Added filter static_user_filter (class=org.apache.hadoop.http.lib.StaticUserWebFilter$StaticUserFilter) to context hddsDatanode
2023-08-29 18:56:16,133 [main] INFO  http.HttpServer2 (HttpServer2.java:addFilter(1015)) - Added filter static_user_filter (class=org.apache.hadoop.http.lib.StaticUserWebFilter$StaticUserFilter) to context logs
2023-08-29 18:56:16,133 [main] INFO  http.HttpServer2 (HttpServer2.java:addFilter(1015)) - Added filter static_user_filter (class=org.apache.hadoop.http.lib.StaticUserWebFilter$StaticUserFilter) to context static
2023-08-29 18:56:16,134 [main] INFO  http.BaseHttpServer (BaseHttpServer.java:<init>(189)) - HTTP server of hddsDatanode uses base directory /home/runner/work/ozone/ozone/hadoop-ozone/integration-test/target/test-dir/MiniOzoneClusterImpl-b0dd14bf-3562-4743-8e4f-1fdeb49c931a/datanode-4/meta/webserver
2023-08-29 18:56:16,134 [main] INFO  http.HttpServer2 (HttpServer2.java:bindListener(1231)) - Jetty bound to port 15204
2023-08-29 18:56:16,134 [main] INFO  server.Server (Server.java:doStart(375)) - jetty-9.4.51.v20230217; built: 2023-02-17T08:19:37.309Z; git: b45c405e4544384de066f814ed42ae3dceacdd49; jvm 1.8.0_382-b05
2023-08-29 18:56:16,135 [main] INFO  server.session (DefaultSessionIdManager.java:doStart(334)) - DefaultSessionIdManager workerName=node0
2023-08-29 18:56:16,135 [main] INFO  server.session (DefaultSessionIdManager.java:doStart(339)) - No SessionScavenger set, using defaults
2023-08-29 18:56:16,135 [main] INFO  server.session (HouseKeeper.java:startScavenging(132)) - node0 Scavenging every 600000ms
2023-08-29 18:56:16,136 [main] INFO  handler.ContextHandler (ContextHandler.java:doStart(921)) - Started o.e.j.s.ServletContextHandler@16a13fc{logs,/logs,file:///home/runner/work/ozone/ozone/hadoop-ozone/integration-test/target/log,AVAILABLE}
2023-08-29 18:56:16,136 [main] INFO  handler.ContextHandler (ContextHandler.java:doStart(921)) - Started o.e.j.s.ServletContextHandler@752a6226{static,/static,jar:file:/home/runner/.m2/repository/org/apache/ozone/hdds-container-service/1.4.0-SNAPSHOT/hdds-container-service-1.4.0-SNAPSHOT.jar!/webapps/static,AVAILABLE}
2023-08-29 18:56:16,138 [b7d61230-484d-41a2-ab8b-b31889d091fe-NettyServerStreamRpc-bossGroup--thread1] INFO  logging.LoggingHandler (AbstractInternalLogger.java:log(148)) - [id: 0x2f301ea2] REGISTERED
2023-08-29 18:56:16,139 [b7d61230-484d-41a2-ab8b-b31889d091fe-NettyServerStreamRpc-bossGroup--thread1] INFO  logging.LoggingHandler (AbstractInternalLogger.java:log(148)) - [id: 0x2f301ea2] BIND: 0.0.0.0/0.0.0.0:15210
2023-08-29 18:56:16,139 [b7d61230-484d-41a2-ab8b-b31889d091fe-NettyServerStreamRpc-bossGroup--thread1] INFO  logging.LoggingHandler (AbstractInternalLogger.java:log(148)) - [id: 0x2f301ea2, L:/0:0:0:0:0:0:0:0:15210] ACTIVE
2023-08-29 18:56:16,328 [main] INFO  handler.ContextHandler (ContextHandler.java:doStart(921)) - Started o.e.j.w.WebAppContext@10cd0338{hddsDatanode,/,file:///home/runner/work/ozone/ozone/hadoop-ozone/integration-test/target/test-dir/MiniOzoneClusterImpl-b0dd14bf-3562-4743-8e4f-1fdeb49c931a/datanode-4/meta/webserver/jetty-0_0_0_0-15204-hdds-container-service-1_4_0-SNAPSHOT_jar-_-any-6457123130277695605/webapp/,AVAILABLE}{jar:file:/home/runner/.m2/repository/org/apache/ozone/hdds-container-service/1.4.0-SNAPSHOT/hdds-container-service-1.4.0-SNAPSHOT.jar!/webapps/hddsDatanode}
2023-08-29 18:56:16,329 [main] INFO  server.AbstractConnector (AbstractConnector.java:doStart(333)) - Started ServerConnector@2421e195{HTTP/1.1, (http/1.1)}{0.0.0.0:15204}
2023-08-29 18:56:16,330 [main] INFO  server.Server (Server.java:doStart(415)) - Started @220886ms
2023-08-29 18:56:16,330 [main] WARN  impl.MetricsSystemImpl (MetricsSystemImpl.java:register(279)) - Sink prometheus already exists!
2023-08-29 18:56:16,330 [main] INFO  http.BaseHttpServer (BaseHttpServer.java:updateConnectorAddress(354)) - HTTP server of hddsDatanode listening at http://0.0.0.0:15204
2023-08-29 18:56:16,331 [main] INFO  ipc.CallQueueManager (CallQueueManager.java:<init>(90)) - Using callQueue: class java.util.concurrent.LinkedBlockingQueue, queueCapacity: 100, scheduler: class org.apache.hadoop.ipc.DefaultRpcScheduler, ipcBackoff: false.
2023-08-29 18:56:16,331 [main] INFO  ipc.Server (Server.java:<init>(1287)) - Listener at 0.0.0.0:15205
2023-08-29 18:56:16,333 [Socket Reader #1 for port 15205] INFO  ipc.Server (Server.java:run(1323)) - Starting Socket Reader #1 for port 15205
2023-08-29 18:56:16,335 [main] INFO  ozone.HddsDatanodeService (HddsDatanodeService.java:start(315)) - Datanode start with admins: [runner]
2023-08-29 18:56:16,335 [main] INFO  ozone.HddsDatanodeClientProtocolServer (HddsDatanodeClientProtocolServer.java:start(72)) - RPC server for Client /0.0.0.0:15205
2023-08-29 18:56:16,336 [IPC Server Responder] INFO  ipc.Server (Server.java:run(1562)) - IPC Server Responder: starting
2023-08-29 18:56:16,340 [Datanode State Machine Daemon Thread] INFO  statemachine.DatanodeStateMachine (DatanodeStateMachine.java:lambda$startDaemon$0(538)) - Ozone container server started.
2023-08-29 18:56:16,340 [main] INFO  ozone.MiniOzoneClusterImpl (MiniOzoneClusterImpl.java:lambda$waitForClusterToBeReady$0(224)) - Waiting for nodes to be ready. Got 0 of 5 DN Heartbeats.
2023-08-29 18:56:16,341 [main] INFO  ozone.MiniOzoneClusterImpl (MiniOzoneClusterImpl.java:lambda$waitForClusterToBeReady$0(227)) - Waiting for cluster to exit safe mode
2023-08-29 18:56:16,341 [main] INFO  ozone.MiniOzoneClusterImpl (MiniOzoneClusterImpl.java:lambda$waitForClusterToBeReady$0(229)) - SCM became leader
2023-08-29 18:56:16,341 [IPC Server listener on 15205] INFO  ipc.Server (Server.java:run(1402)) - IPC Server listener on 15205: starting
2023-08-29 18:56:16,349 [Datanode State Machine Task Thread - 0] INFO  datanode.InitDatanodeState (InitDatanodeState.java:persistContainerDatanodeDetails(138)) - DatanodeDetails is persisted to /home/runner/work/ozone/ozone/hadoop-ozone/integration-test/target/test-dir/MiniOzoneClusterImpl-b0dd14bf-3562-4743-8e4f-1fdeb49c931a/datanode-4/meta/datanode.id
2023-08-29 18:56:17,303 [EndpointStateMachine task thread for /0.0.0.0:15161 - 0 ] INFO  utils.DatanodeStoreCache (DatanodeStoreCache.java:addDB(66)) - Added db /home/runner/work/ozone/ozone/hadoop-ozone/integration-test/target/test-dir/MiniOzoneClusterImpl-b0dd14bf-3562-4743-8e4f-1fdeb49c931a/datanode-0/data-0/containers/hdds/b0dd14bf-3562-4743-8e4f-1fdeb49c931a/DS-b38cd1cd-a5ea-4d8b-9da3-17806fac3234/container.db to cache
2023-08-29 18:56:17,303 [EndpointStateMachine task thread for /0.0.0.0:15161 - 0 ] INFO  volume.HddsVolume (HddsVolume.java:createDbStore(422)) - SchemaV3 db is created and loaded at /home/runner/work/ozone/ozone/hadoop-ozone/integration-test/target/test-dir/MiniOzoneClusterImpl-b0dd14bf-3562-4743-8e4f-1fdeb49c931a/datanode-0/data-0/containers/hdds/b0dd14bf-3562-4743-8e4f-1fdeb49c931a/DS-b38cd1cd-a5ea-4d8b-9da3-17806fac3234/container.db for volume DS-b38cd1cd-a5ea-4d8b-9da3-17806fac3234
2023-08-29 18:56:17,304 [EndpointStateMachine task thread for /0.0.0.0:15161 - 0 ] INFO  volume.ThrottledAsyncChecker (ThrottledAsyncChecker.java:schedule(141)) - Scheduling a check for /home/runner/work/ozone/ozone/hadoop-ozone/integration-test/target/test-dir/MiniOzoneClusterImpl-b0dd14bf-3562-4743-8e4f-1fdeb49c931a/datanode-0/data-0/containers/hdds
2023-08-29 18:56:17,307 [EndpointStateMachine task thread for /0.0.0.0:15161 - 0 ] INFO  volume.StorageVolumeChecker (StorageVolumeChecker.java:checkAllVolumes(213)) - Scheduled health check for volume /home/runner/work/ozone/ozone/hadoop-ozone/integration-test/target/test-dir/MiniOzoneClusterImpl-b0dd14bf-3562-4743-8e4f-1fdeb49c931a/datanode-0/data-0/containers/hdds
2023-08-29 18:56:17,310 [EndpointStateMachine task thread for /0.0.0.0:15161 - 0 ] INFO  volume.ThrottledAsyncChecker (ThrottledAsyncChecker.java:schedule(141)) - Scheduling a check for /home/runner/work/ozone/ozone/hadoop-ozone/integration-test/target/test-dir/MiniOzoneClusterImpl-b0dd14bf-3562-4743-8e4f-1fdeb49c931a/datanode-0/data/ratis
2023-08-29 18:56:17,310 [EndpointStateMachine task thread for /0.0.0.0:15161 - 0 ] INFO  volume.StorageVolumeChecker (StorageVolumeChecker.java:checkAllVolumes(213)) - Scheduled health check for volume /home/runner/work/ozone/ozone/hadoop-ozone/integration-test/target/test-dir/MiniOzoneClusterImpl-b0dd14bf-3562-4743-8e4f-1fdeb49c931a/datanode-0/data/ratis
2023-08-29 18:56:17,312 [EndpointStateMachine task thread for /0.0.0.0:15161 - 0 ] INFO  ozoneimpl.OzoneContainer (OzoneContainer.java:start(429)) - Attempting to start container services.
2023-08-29 18:56:17,313 [EndpointStateMachine task thread for /0.0.0.0:15161 - 0 ] INFO  ozoneimpl.OzoneContainer (OzoneContainer.java:startContainerScrub(325)) - Scheduled background container scanners and the on-demand container scanner have been disabled.
2023-08-29 18:56:17,315 [EndpointStateMachine task thread for /0.0.0.0:15161 - 0 ] INFO  replication.ReplicationServer (ReplicationServer.java:start(130)) - ReplicationServer is started using port 15175
2023-08-29 18:56:17,315 [EndpointStateMachine task thread for /0.0.0.0:15161 - 0 ] INFO  ratis.XceiverServerRatis (XceiverServerRatis.java:start(517)) - Starting XceiverServerRatis fdf3821b-2737-47a5-9603-1a2dda162151
2023-08-29 18:56:17,315 [EndpointStateMachine task thread for /0.0.0.0:15161 - 0 ] INFO  server.RaftServer (RaftServerProxy.java:startImpl(400)) - fdf3821b-2737-47a5-9603-1a2dda162151: start RPC server
2023-08-29 18:56:17,316 [EndpointStateMachine task thread for /0.0.0.0:15161 - 0 ] INFO  server.GrpcService (GrpcService.java:startImpl(302)) - fdf3821b-2737-47a5-9603-1a2dda162151: GrpcService started, listening on 15171
2023-08-29 18:56:17,317 [EndpointStateMachine task thread for /0.0.0.0:15161 - 0 ] INFO  server.GrpcService (GrpcService.java:startImpl(302)) - fdf3821b-2737-47a5-9603-1a2dda162151: GrpcService started, listening on 15173
2023-08-29 18:56:17,318 [EndpointStateMachine task thread for /0.0.0.0:15161 - 0 ] INFO  server.GrpcService (GrpcService.java:startImpl(302)) - fdf3821b-2737-47a5-9603-1a2dda162151: GrpcService started, listening on 15172
2023-08-29 18:56:17,318 [EndpointStateMachine task thread for /0.0.0.0:15161 - 0 ] INFO  ratis.XceiverServerRatis (XceiverServerRatis.java:getRealPort(543)) - XceiverServerRatis fdf3821b-2737-47a5-9603-1a2dda162151 is started using port 15171 for RATIS
2023-08-29 18:56:17,318 [EndpointStateMachine task thread for /0.0.0.0:15161 - 0 ] INFO  ratis.XceiverServerRatis (XceiverServerRatis.java:getRealPort(543)) - XceiverServerRatis fdf3821b-2737-47a5-9603-1a2dda162151 is started using port 15172 for RATIS_ADMIN
2023-08-29 18:56:17,318 [EndpointStateMachine task thread for /0.0.0.0:15161 - 0 ] INFO  ratis.XceiverServerRatis (XceiverServerRatis.java:getRealPort(543)) - XceiverServerRatis fdf3821b-2737-47a5-9603-1a2dda162151 is started using port 15173 for RATIS_SERVER
2023-08-29 18:56:17,318 [EndpointStateMachine task thread for /0.0.0.0:15161 - 0 ] INFO  ratis.XceiverServerRatis (XceiverServerRatis.java:getRealPort(543)) - XceiverServerRatis fdf3821b-2737-47a5-9603-1a2dda162151 is started using port 15174 for RATIS_DATASTREAM
2023-08-29 18:56:17,318 [JvmPauseMonitor23] INFO  util.JvmPauseMonitor (JvmPauseMonitor.java:run(103)) - JvmPauseMonitor-fdf3821b-2737-47a5-9603-1a2dda162151: Started
2023-08-29 18:56:17,325 [BlockDeletingService#0] INFO  interfaces.ContainerDeletionChoosingPolicyTemplate (ContainerDeletionChoosingPolicyTemplate.java:chooseContainerForBlockDeletion(85)) - Chosen 0/5000 blocks from 0 candidate containers.
2023-08-29 18:56:17,341 [main] INFO  ozone.MiniOzoneClusterImpl (MiniOzoneClusterImpl.java:lambda$waitForClusterToBeReady$0(224)) - Waiting for nodes to be ready. Got 0 of 5 DN Heartbeats.
2023-08-29 18:56:17,341 [main] INFO  ozone.MiniOzoneClusterImpl (MiniOzoneClusterImpl.java:lambda$waitForClusterToBeReady$0(227)) - Waiting for cluster to exit safe mode
2023-08-29 18:56:17,341 [main] INFO  ozone.MiniOzoneClusterImpl (MiniOzoneClusterImpl.java:lambda$waitForClusterToBeReady$0(229)) - SCM became leader
2023-08-29 18:56:17,544 [EndpointStateMachine task thread for /0.0.0.0:15161 - 0 ] INFO  utils.DatanodeStoreCache (DatanodeStoreCache.java:addDB(66)) - Added db /home/runner/work/ozone/ozone/hadoop-ozone/integration-test/target/test-dir/MiniOzoneClusterImpl-b0dd14bf-3562-4743-8e4f-1fdeb49c931a/datanode-1/data-0/containers/hdds/b0dd14bf-3562-4743-8e4f-1fdeb49c931a/DS-70823e99-6582-471a-a497-c588a117a982/container.db to cache
2023-08-29 18:56:17,544 [EndpointStateMachine task thread for /0.0.0.0:15161 - 0 ] INFO  volume.HddsVolume (HddsVolume.java:createDbStore(422)) - SchemaV3 db is created and loaded at /home/runner/work/ozone/ozone/hadoop-ozone/integration-test/target/test-dir/MiniOzoneClusterImpl-b0dd14bf-3562-4743-8e4f-1fdeb49c931a/datanode-1/data-0/containers/hdds/b0dd14bf-3562-4743-8e4f-1fdeb49c931a/DS-70823e99-6582-471a-a497-c588a117a982/container.db for volume DS-70823e99-6582-471a-a497-c588a117a982
2023-08-29 18:56:17,544 [EndpointStateMachine task thread for /0.0.0.0:15161 - 0 ] INFO  volume.ThrottledAsyncChecker (ThrottledAsyncChecker.java:schedule(141)) - Scheduling a check for /home/runner/work/ozone/ozone/hadoop-ozone/integration-test/target/test-dir/MiniOzoneClusterImpl-b0dd14bf-3562-4743-8e4f-1fdeb49c931a/datanode-1/data-0/containers/hdds
2023-08-29 18:56:17,545 [EndpointStateMachine task thread for /0.0.0.0:15161 - 0 ] INFO  volume.StorageVolumeChecker (StorageVolumeChecker.java:checkAllVolumes(213)) - Scheduled health check for volume /home/runner/work/ozone/ozone/hadoop-ozone/integration-test/target/test-dir/MiniOzoneClusterImpl-b0dd14bf-3562-4743-8e4f-1fdeb49c931a/datanode-1/data-0/containers/hdds
2023-08-29 18:56:17,546 [EndpointStateMachine task thread for /0.0.0.0:15161 - 0 ] INFO  volume.ThrottledAsyncChecker (ThrottledAsyncChecker.java:schedule(141)) - Scheduling a check for /home/runner/work/ozone/ozone/hadoop-ozone/integration-test/target/test-dir/MiniOzoneClusterImpl-b0dd14bf-3562-4743-8e4f-1fdeb49c931a/datanode-1/data/ratis
2023-08-29 18:56:17,546 [EndpointStateMachine task thread for /0.0.0.0:15161 - 0 ] INFO  volume.StorageVolumeChecker (StorageVolumeChecker.java:checkAllVolumes(213)) - Scheduled health check for volume /home/runner/work/ozone/ozone/hadoop-ozone/integration-test/target/test-dir/MiniOzoneClusterImpl-b0dd14bf-3562-4743-8e4f-1fdeb49c931a/datanode-1/data/ratis
2023-08-29 18:56:17,547 [EndpointStateMachine task thread for /0.0.0.0:15161 - 0 ] INFO  ozoneimpl.OzoneContainer (OzoneContainer.java:start(429)) - Attempting to start container services.
2023-08-29 18:56:17,547 [EndpointStateMachine task thread for /0.0.0.0:15161 - 0 ] INFO  ozoneimpl.OzoneContainer (OzoneContainer.java:startContainerScrub(325)) - Scheduled background container scanners and the on-demand container scanner have been disabled.
2023-08-29 18:56:17,550 [EndpointStateMachine task thread for /0.0.0.0:15161 - 0 ] INFO  replication.ReplicationServer (ReplicationServer.java:start(130)) - ReplicationServer is started using port 15184
2023-08-29 18:56:17,550 [EndpointStateMachine task thread for /0.0.0.0:15161 - 0 ] INFO  ratis.XceiverServerRatis (XceiverServerRatis.java:start(517)) - Starting XceiverServerRatis f5d5de74-035f-4e7b-b7e8-455c492d4758
2023-08-29 18:56:17,551 [EndpointStateMachine task thread for /0.0.0.0:15161 - 0 ] INFO  server.RaftServer (RaftServerProxy.java:startImpl(400)) - f5d5de74-035f-4e7b-b7e8-455c492d4758: start RPC server
2023-08-29 18:56:17,553 [EndpointStateMachine task thread for /0.0.0.0:15161 - 0 ] INFO  server.GrpcService (GrpcService.java:startImpl(302)) - f5d5de74-035f-4e7b-b7e8-455c492d4758: GrpcService started, listening on 15180
2023-08-29 18:56:17,554 [EndpointStateMachine task thread for /0.0.0.0:15161 - 0 ] INFO  server.GrpcService (GrpcService.java:startImpl(302)) - f5d5de74-035f-4e7b-b7e8-455c492d4758: GrpcService started, listening on 15182
2023-08-29 18:56:17,554 [EndpointStateMachine task thread for /0.0.0.0:15161 - 0 ] INFO  server.GrpcService (GrpcService.java:startImpl(302)) - f5d5de74-035f-4e7b-b7e8-455c492d4758: GrpcService started, listening on 15181
2023-08-29 18:56:17,555 [EndpointStateMachine task thread for /0.0.0.0:15161 - 0 ] INFO  ratis.XceiverServerRatis (XceiverServerRatis.java:getRealPort(543)) - XceiverServerRatis f5d5de74-035f-4e7b-b7e8-455c492d4758 is started using port 15180 for RATIS
2023-08-29 18:56:17,555 [EndpointStateMachine task thread for /0.0.0.0:15161 - 0 ] INFO  ratis.XceiverServerRatis (XceiverServerRatis.java:getRealPort(543)) - XceiverServerRatis f5d5de74-035f-4e7b-b7e8-455c492d4758 is started using port 15181 for RATIS_ADMIN
2023-08-29 18:56:17,555 [EndpointStateMachine task thread for /0.0.0.0:15161 - 0 ] INFO  ratis.XceiverServerRatis (XceiverServerRatis.java:getRealPort(543)) - XceiverServerRatis f5d5de74-035f-4e7b-b7e8-455c492d4758 is started using port 15182 for RATIS_SERVER
2023-08-29 18:56:17,555 [EndpointStateMachine task thread for /0.0.0.0:15161 - 0 ] INFO  ratis.XceiverServerRatis (XceiverServerRatis.java:getRealPort(543)) - XceiverServerRatis f5d5de74-035f-4e7b-b7e8-455c492d4758 is started using port 15183 for RATIS_DATASTREAM
2023-08-29 18:56:17,555 [JvmPauseMonitor24] INFO  util.JvmPauseMonitor (JvmPauseMonitor.java:run(103)) - JvmPauseMonitor-f5d5de74-035f-4e7b-b7e8-455c492d4758: Started
2023-08-29 18:56:17,559 [BlockDeletingService#0] INFO  interfaces.ContainerDeletionChoosingPolicyTemplate (ContainerDeletionChoosingPolicyTemplate.java:chooseContainerForBlockDeletion(85)) - Chosen 0/5000 blocks from 0 candidate containers.
2023-08-29 18:56:17,871 [EndpointStateMachine task thread for /0.0.0.0:15161 - 0 ] INFO  utils.DatanodeStoreCache (DatanodeStoreCache.java:addDB(66)) - Added db /home/runner/work/ozone/ozone/hadoop-ozone/integration-test/target/test-dir/MiniOzoneClusterImpl-b0dd14bf-3562-4743-8e4f-1fdeb49c931a/datanode-2/data-0/containers/hdds/b0dd14bf-3562-4743-8e4f-1fdeb49c931a/DS-0185bf49-7eb8-4594-9791-3e490ae61ba4/container.db to cache
2023-08-29 18:56:17,871 [EndpointStateMachine task thread for /0.0.0.0:15161 - 0 ] INFO  volume.HddsVolume (HddsVolume.java:createDbStore(422)) - SchemaV3 db is created and loaded at /home/runner/work/ozone/ozone/hadoop-ozone/integration-test/target/test-dir/MiniOzoneClusterImpl-b0dd14bf-3562-4743-8e4f-1fdeb49c931a/datanode-2/data-0/containers/hdds/b0dd14bf-3562-4743-8e4f-1fdeb49c931a/DS-0185bf49-7eb8-4594-9791-3e490ae61ba4/container.db for volume DS-0185bf49-7eb8-4594-9791-3e490ae61ba4
2023-08-29 18:56:17,872 [EndpointStateMachine task thread for /0.0.0.0:15161 - 0 ] INFO  volume.ThrottledAsyncChecker (ThrottledAsyncChecker.java:schedule(141)) - Scheduling a check for /home/runner/work/ozone/ozone/hadoop-ozone/integration-test/target/test-dir/MiniOzoneClusterImpl-b0dd14bf-3562-4743-8e4f-1fdeb49c931a/datanode-2/data-0/containers/hdds
2023-08-29 18:56:17,875 [EndpointStateMachine task thread for /0.0.0.0:15161 - 0 ] INFO  volume.StorageVolumeChecker (StorageVolumeChecker.java:checkAllVolumes(213)) - Scheduled health check for volume /home/runner/work/ozone/ozone/hadoop-ozone/integration-test/target/test-dir/MiniOzoneClusterImpl-b0dd14bf-3562-4743-8e4f-1fdeb49c931a/datanode-2/data-0/containers/hdds
2023-08-29 18:56:17,878 [EndpointStateMachine task thread for /0.0.0.0:15161 - 0 ] INFO  volume.ThrottledAsyncChecker (ThrottledAsyncChecker.java:schedule(141)) - Scheduling a check for /home/runner/work/ozone/ozone/hadoop-ozone/integration-test/target/test-dir/MiniOzoneClusterImpl-b0dd14bf-3562-4743-8e4f-1fdeb49c931a/datanode-2/data/ratis
2023-08-29 18:56:17,878 [EndpointStateMachine task thread for /0.0.0.0:15161 - 0 ] INFO  volume.StorageVolumeChecker (StorageVolumeChecker.java:checkAllVolumes(213)) - Scheduled health check for volume /home/runner/work/ozone/ozone/hadoop-ozone/integration-test/target/test-dir/MiniOzoneClusterImpl-b0dd14bf-3562-4743-8e4f-1fdeb49c931a/datanode-2/data/ratis
2023-08-29 18:56:17,879 [EndpointStateMachine task thread for /0.0.0.0:15161 - 0 ] INFO  ozoneimpl.OzoneContainer (OzoneContainer.java:start(429)) - Attempting to start container services.
2023-08-29 18:56:17,879 [EndpointStateMachine task thread for /0.0.0.0:15161 - 0 ] INFO  ozoneimpl.OzoneContainer (OzoneContainer.java:startContainerScrub(325)) - Scheduled background container scanners and the on-demand container scanner have been disabled.
2023-08-29 18:56:17,880 [EndpointStateMachine task thread for /0.0.0.0:15161 - 0 ] INFO  replication.ReplicationServer (ReplicationServer.java:start(130)) - ReplicationServer is started using port 15193
2023-08-29 18:56:17,880 [EndpointStateMachine task thread for /0.0.0.0:15161 - 0 ] INFO  ratis.XceiverServerRatis (XceiverServerRatis.java:start(517)) - Starting XceiverServerRatis 1088055f-b6dc-4993-819c-da5e568aeaf2
2023-08-29 18:56:17,880 [EndpointStateMachine task thread for /0.0.0.0:15161 - 0 ] INFO  server.RaftServer (RaftServerProxy.java:startImpl(400)) - 1088055f-b6dc-4993-819c-da5e568aeaf2: start RPC server
2023-08-29 18:56:17,885 [EndpointStateMachine task thread for /0.0.0.0:15161 - 0 ] INFO  server.GrpcService (GrpcService.java:startImpl(302)) - 1088055f-b6dc-4993-819c-da5e568aeaf2: GrpcService started, listening on 15189
2023-08-29 18:56:17,885 [EndpointStateMachine task thread for /0.0.0.0:15161 - 0 ] INFO  server.GrpcService (GrpcService.java:startImpl(302)) - 1088055f-b6dc-4993-819c-da5e568aeaf2: GrpcService started, listening on 15191
2023-08-29 18:56:17,886 [EndpointStateMachine task thread for /0.0.0.0:15161 - 0 ] INFO  server.GrpcService (GrpcService.java:startImpl(302)) - 1088055f-b6dc-4993-819c-da5e568aeaf2: GrpcService started, listening on 15190
2023-08-29 18:56:17,886 [EndpointStateMachine task thread for /0.0.0.0:15161 - 0 ] INFO  ratis.XceiverServerRatis (XceiverServerRatis.java:getRealPort(543)) - XceiverServerRatis 1088055f-b6dc-4993-819c-da5e568aeaf2 is started using port 15189 for RATIS
2023-08-29 18:56:17,887 [EndpointStateMachine task thread for /0.0.0.0:15161 - 0 ] INFO  ratis.XceiverServerRatis (XceiverServerRatis.java:getRealPort(543)) - XceiverServerRatis 1088055f-b6dc-4993-819c-da5e568aeaf2 is started using port 15190 for RATIS_ADMIN
2023-08-29 18:56:17,887 [EndpointStateMachine task thread for /0.0.0.0:15161 - 0 ] INFO  ratis.XceiverServerRatis (XceiverServerRatis.java:getRealPort(543)) - XceiverServerRatis 1088055f-b6dc-4993-819c-da5e568aeaf2 is started using port 15191 for RATIS_SERVER
2023-08-29 18:56:17,887 [EndpointStateMachine task thread for /0.0.0.0:15161 - 0 ] INFO  ratis.XceiverServerRatis (XceiverServerRatis.java:getRealPort(543)) - XceiverServerRatis 1088055f-b6dc-4993-819c-da5e568aeaf2 is started using port 15192 for RATIS_DATASTREAM
2023-08-29 18:56:17,889 [JvmPauseMonitor25] INFO  util.JvmPauseMonitor (JvmPauseMonitor.java:run(103)) - JvmPauseMonitor-1088055f-b6dc-4993-819c-da5e568aeaf2: Started
2023-08-29 18:56:17,889 [BlockDeletingService#0] INFO  interfaces.ContainerDeletionChoosingPolicyTemplate (ContainerDeletionChoosingPolicyTemplate.java:chooseContainerForBlockDeletion(85)) - Chosen 0/5000 blocks from 0 candidate containers.
2023-08-29 18:56:18,119 [EndpointStateMachine task thread for /0.0.0.0:15161 - 0 ] INFO  utils.DatanodeStoreCache (DatanodeStoreCache.java:addDB(66)) - Added db /home/runner/work/ozone/ozone/hadoop-ozone/integration-test/target/test-dir/MiniOzoneClusterImpl-b0dd14bf-3562-4743-8e4f-1fdeb49c931a/datanode-3/data-0/containers/hdds/b0dd14bf-3562-4743-8e4f-1fdeb49c931a/DS-9ad12a25-a5d8-4030-ab13-c7db283b0a22/container.db to cache
2023-08-29 18:56:18,119 [EndpointStateMachine task thread for /0.0.0.0:15161 - 0 ] INFO  volume.HddsVolume (HddsVolume.java:createDbStore(422)) - SchemaV3 db is created and loaded at /home/runner/work/ozone/ozone/hadoop-ozone/integration-test/target/test-dir/MiniOzoneClusterImpl-b0dd14bf-3562-4743-8e4f-1fdeb49c931a/datanode-3/data-0/containers/hdds/b0dd14bf-3562-4743-8e4f-1fdeb49c931a/DS-9ad12a25-a5d8-4030-ab13-c7db283b0a22/container.db for volume DS-9ad12a25-a5d8-4030-ab13-c7db283b0a22
2023-08-29 18:56:18,120 [EndpointStateMachine task thread for /0.0.0.0:15161 - 0 ] INFO  volume.ThrottledAsyncChecker (ThrottledAsyncChecker.java:schedule(141)) - Scheduling a check for /home/runner/work/ozone/ozone/hadoop-ozone/integration-test/target/test-dir/MiniOzoneClusterImpl-b0dd14bf-3562-4743-8e4f-1fdeb49c931a/datanode-3/data-0/containers/hdds
2023-08-29 18:56:18,121 [EndpointStateMachine task thread for /0.0.0.0:15161 - 0 ] INFO  volume.StorageVolumeChecker (StorageVolumeChecker.java:checkAllVolumes(213)) - Scheduled health check for volume /home/runner/work/ozone/ozone/hadoop-ozone/integration-test/target/test-dir/MiniOzoneClusterImpl-b0dd14bf-3562-4743-8e4f-1fdeb49c931a/datanode-3/data-0/containers/hdds
2023-08-29 18:56:18,123 [EndpointStateMachine task thread for /0.0.0.0:15161 - 0 ] INFO  volume.ThrottledAsyncChecker (ThrottledAsyncChecker.java:schedule(141)) - Scheduling a check for /home/runner/work/ozone/ozone/hadoop-ozone/integration-test/target/test-dir/MiniOzoneClusterImpl-b0dd14bf-3562-4743-8e4f-1fdeb49c931a/datanode-3/data/ratis
2023-08-29 18:56:18,123 [EndpointStateMachine task thread for /0.0.0.0:15161 - 0 ] INFO  volume.StorageVolumeChecker (StorageVolumeChecker.java:checkAllVolumes(213)) - Scheduled health check for volume /home/runner/work/ozone/ozone/hadoop-ozone/integration-test/target/test-dir/MiniOzoneClusterImpl-b0dd14bf-3562-4743-8e4f-1fdeb49c931a/datanode-3/data/ratis
2023-08-29 18:56:18,124 [EndpointStateMachine task thread for /0.0.0.0:15161 - 0 ] INFO  ozoneimpl.OzoneContainer (OzoneContainer.java:start(429)) - Attempting to start container services.
2023-08-29 18:56:18,124 [EndpointStateMachine task thread for /0.0.0.0:15161 - 0 ] INFO  ozoneimpl.OzoneContainer (OzoneContainer.java:startContainerScrub(325)) - Scheduled background container scanners and the on-demand container scanner have been disabled.
2023-08-29 18:56:18,125 [EndpointStateMachine task thread for /0.0.0.0:15161 - 0 ] INFO  replication.ReplicationServer (ReplicationServer.java:start(130)) - ReplicationServer is started using port 15202
2023-08-29 18:56:18,125 [EndpointStateMachine task thread for /0.0.0.0:15161 - 0 ] INFO  ratis.XceiverServerRatis (XceiverServerRatis.java:start(517)) - Starting XceiverServerRatis 9b9fb1d1-2285-4865-a677-77c8be404412
2023-08-29 18:56:18,126 [EndpointStateMachine task thread for /0.0.0.0:15161 - 0 ] INFO  server.RaftServer (RaftServerProxy.java:startImpl(400)) - 9b9fb1d1-2285-4865-a677-77c8be404412: start RPC server
2023-08-29 18:56:18,129 [EndpointStateMachine task thread for /0.0.0.0:15161 - 0 ] INFO  server.GrpcService (GrpcService.java:startImpl(302)) - 9b9fb1d1-2285-4865-a677-77c8be404412: GrpcService started, listening on 15198
2023-08-29 18:56:18,130 [EndpointStateMachine task thread for /0.0.0.0:15161 - 0 ] INFO  server.GrpcService (GrpcService.java:startImpl(302)) - 9b9fb1d1-2285-4865-a677-77c8be404412: GrpcService started, listening on 15200
2023-08-29 18:56:18,132 [EndpointStateMachine task thread for /0.0.0.0:15161 - 0 ] INFO  server.GrpcService (GrpcService.java:startImpl(302)) - 9b9fb1d1-2285-4865-a677-77c8be404412: GrpcService started, listening on 15199
2023-08-29 18:56:18,132 [EndpointStateMachine task thread for /0.0.0.0:15161 - 0 ] INFO  ratis.XceiverServerRatis (XceiverServerRatis.java:getRealPort(543)) - XceiverServerRatis 9b9fb1d1-2285-4865-a677-77c8be404412 is started using port 15198 for RATIS
2023-08-29 18:56:18,132 [EndpointStateMachine task thread for /0.0.0.0:15161 - 0 ] INFO  ratis.XceiverServerRatis (XceiverServerRatis.java:getRealPort(543)) - XceiverServerRatis 9b9fb1d1-2285-4865-a677-77c8be404412 is started using port 15199 for RATIS_ADMIN
2023-08-29 18:56:18,132 [JvmPauseMonitor26] INFO  util.JvmPauseMonitor (JvmPauseMonitor.java:run(103)) - JvmPauseMonitor-9b9fb1d1-2285-4865-a677-77c8be404412: Started
2023-08-29 18:56:18,132 [EndpointStateMachine task thread for /0.0.0.0:15161 - 0 ] INFO  ratis.XceiverServerRatis (XceiverServerRatis.java:getRealPort(543)) - XceiverServerRatis 9b9fb1d1-2285-4865-a677-77c8be404412 is started using port 15200 for RATIS_SERVER
2023-08-29 18:56:18,132 [EndpointStateMachine task thread for /0.0.0.0:15161 - 0 ] INFO  ratis.XceiverServerRatis (XceiverServerRatis.java:getRealPort(543)) - XceiverServerRatis 9b9fb1d1-2285-4865-a677-77c8be404412 is started using port 15201 for RATIS_DATASTREAM
2023-08-29 18:56:18,134 [BlockDeletingService#0] INFO  interfaces.ContainerDeletionChoosingPolicyTemplate (ContainerDeletionChoosingPolicyTemplate.java:chooseContainerForBlockDeletion(85)) - Chosen 0/5000 blocks from 0 candidate containers.
2023-08-29 18:56:18,342 [main] INFO  ozone.MiniOzoneClusterImpl (MiniOzoneClusterImpl.java:lambda$waitForClusterToBeReady$0(224)) - Waiting for nodes to be ready. Got 0 of 5 DN Heartbeats.
2023-08-29 18:56:18,342 [main] INFO  ozone.MiniOzoneClusterImpl (MiniOzoneClusterImpl.java:lambda$waitForClusterToBeReady$0(227)) - Waiting for cluster to exit safe mode
2023-08-29 18:56:18,342 [main] INFO  ozone.MiniOzoneClusterImpl (MiniOzoneClusterImpl.java:lambda$waitForClusterToBeReady$0(229)) - SCM became leader
2023-08-29 18:56:18,372 [EndpointStateMachine task thread for /0.0.0.0:15161 - 0 ] INFO  utils.DatanodeStoreCache (DatanodeStoreCache.java:addDB(66)) - Added db /home/runner/work/ozone/ozone/hadoop-ozone/integration-test/target/test-dir/MiniOzoneClusterImpl-b0dd14bf-3562-4743-8e4f-1fdeb49c931a/datanode-4/data-0/containers/hdds/b0dd14bf-3562-4743-8e4f-1fdeb49c931a/DS-1c7bb9fc-0a93-4d98-9da6-0d314a28e5e1/container.db to cache
2023-08-29 18:56:18,372 [EndpointStateMachine task thread for /0.0.0.0:15161 - 0 ] INFO  volume.HddsVolume (HddsVolume.java:createDbStore(422)) - SchemaV3 db is created and loaded at /home/runner/work/ozone/ozone/hadoop-ozone/integration-test/target/test-dir/MiniOzoneClusterImpl-b0dd14bf-3562-4743-8e4f-1fdeb49c931a/datanode-4/data-0/containers/hdds/b0dd14bf-3562-4743-8e4f-1fdeb49c931a/DS-1c7bb9fc-0a93-4d98-9da6-0d314a28e5e1/container.db for volume DS-1c7bb9fc-0a93-4d98-9da6-0d314a28e5e1
2023-08-29 18:56:18,372 [EndpointStateMachine task thread for /0.0.0.0:15161 - 0 ] INFO  volume.ThrottledAsyncChecker (ThrottledAsyncChecker.java:schedule(141)) - Scheduling a check for /home/runner/work/ozone/ozone/hadoop-ozone/integration-test/target/test-dir/MiniOzoneClusterImpl-b0dd14bf-3562-4743-8e4f-1fdeb49c931a/datanode-4/data-0/containers/hdds
2023-08-29 18:56:18,373 [EndpointStateMachine task thread for /0.0.0.0:15161 - 0 ] INFO  volume.StorageVolumeChecker (StorageVolumeChecker.java:checkAllVolumes(213)) - Scheduled health check for volume /home/runner/work/ozone/ozone/hadoop-ozone/integration-test/target/test-dir/MiniOzoneClusterImpl-b0dd14bf-3562-4743-8e4f-1fdeb49c931a/datanode-4/data-0/containers/hdds
2023-08-29 18:56:18,376 [EndpointStateMachine task thread for /0.0.0.0:15161 - 0 ] INFO  volume.ThrottledAsyncChecker (ThrottledAsyncChecker.java:schedule(141)) - Scheduling a check for /home/runner/work/ozone/ozone/hadoop-ozone/integration-test/target/test-dir/MiniOzoneClusterImpl-b0dd14bf-3562-4743-8e4f-1fdeb49c931a/datanode-4/data/ratis
2023-08-29 18:56:18,377 [EndpointStateMachine task thread for /0.0.0.0:15161 - 0 ] INFO  volume.StorageVolumeChecker (StorageVolumeChecker.java:checkAllVolumes(213)) - Scheduled health check for volume /home/runner/work/ozone/ozone/hadoop-ozone/integration-test/target/test-dir/MiniOzoneClusterImpl-b0dd14bf-3562-4743-8e4f-1fdeb49c931a/datanode-4/data/ratis
2023-08-29 18:56:18,377 [EndpointStateMachine task thread for /0.0.0.0:15161 - 0 ] INFO  ozoneimpl.OzoneContainer (OzoneContainer.java:start(429)) - Attempting to start container services.
2023-08-29 18:56:18,377 [EndpointStateMachine task thread for /0.0.0.0:15161 - 0 ] INFO  ozoneimpl.OzoneContainer (OzoneContainer.java:startContainerScrub(325)) - Scheduled background container scanners and the on-demand container scanner have been disabled.
2023-08-29 18:56:18,380 [EndpointStateMachine task thread for /0.0.0.0:15161 - 0 ] INFO  replication.ReplicationServer (ReplicationServer.java:start(130)) - ReplicationServer is started using port 15211
2023-08-29 18:56:18,381 [EndpointStateMachine task thread for /0.0.0.0:15161 - 0 ] INFO  ratis.XceiverServerRatis (XceiverServerRatis.java:start(517)) - Starting XceiverServerRatis b7d61230-484d-41a2-ab8b-b31889d091fe
2023-08-29 18:56:18,381 [EndpointStateMachine task thread for /0.0.0.0:15161 - 0 ] INFO  server.RaftServer (RaftServerProxy.java:startImpl(400)) - b7d61230-484d-41a2-ab8b-b31889d091fe: start RPC server
2023-08-29 18:56:18,382 [EndpointStateMachine task thread for /0.0.0.0:15161 - 0 ] INFO  server.GrpcService (GrpcService.java:startImpl(302)) - b7d61230-484d-41a2-ab8b-b31889d091fe: GrpcService started, listening on 15207
2023-08-29 18:56:18,383 [EndpointStateMachine task thread for /0.0.0.0:15161 - 0 ] INFO  server.GrpcService (GrpcService.java:startImpl(302)) - b7d61230-484d-41a2-ab8b-b31889d091fe: GrpcService started, listening on 15209
2023-08-29 18:56:18,385 [EndpointStateMachine task thread for /0.0.0.0:15161 - 0 ] INFO  server.GrpcService (GrpcService.java:startImpl(302)) - b7d61230-484d-41a2-ab8b-b31889d091fe: GrpcService started, listening on 15208
2023-08-29 18:56:18,385 [EndpointStateMachine task thread for /0.0.0.0:15161 - 0 ] INFO  ratis.XceiverServerRatis (XceiverServerRatis.java:getRealPort(543)) - XceiverServerRatis b7d61230-484d-41a2-ab8b-b31889d091fe is started using port 15207 for RATIS
2023-08-29 18:56:18,385 [EndpointStateMachine task thread for /0.0.0.0:15161 - 0 ] INFO  ratis.XceiverServerRatis (XceiverServerRatis.java:getRealPort(543)) - XceiverServerRatis b7d61230-484d-41a2-ab8b-b31889d091fe is started using port 15208 for RATIS_ADMIN
2023-08-29 18:56:18,385 [JvmPauseMonitor27] INFO  util.JvmPauseMonitor (JvmPauseMonitor.java:run(103)) - JvmPauseMonitor-b7d61230-484d-41a2-ab8b-b31889d091fe: Started
2023-08-29 18:56:18,385 [EndpointStateMachine task thread for /0.0.0.0:15161 - 0 ] INFO  ratis.XceiverServerRatis (XceiverServerRatis.java:getRealPort(543)) - XceiverServerRatis b7d61230-484d-41a2-ab8b-b31889d091fe is started using port 15209 for RATIS_SERVER
2023-08-29 18:56:18,385 [EndpointStateMachine task thread for /0.0.0.0:15161 - 0 ] INFO  ratis.XceiverServerRatis (XceiverServerRatis.java:getRealPort(543)) - XceiverServerRatis b7d61230-484d-41a2-ab8b-b31889d091fe is started using port 15210 for RATIS_DATASTREAM
2023-08-29 18:56:18,393 [BlockDeletingService#0] INFO  interfaces.ContainerDeletionChoosingPolicyTemplate (ContainerDeletionChoosingPolicyTemplate.java:chooseContainerForBlockDeletion(85)) - Chosen 0/5000 blocks from 0 candidate containers.
2023-08-29 18:56:19,273 [IPC Server handler 0 on default port 15161] INFO  net.NetworkTopologyImpl (NetworkTopologyImpl.java:add(112)) - Added a new node: /default-rack/fdf3821b-2737-47a5-9603-1a2dda162151
2023-08-29 18:56:19,274 [IPC Server handler 0 on default port 15161] INFO  node.SCMNodeManager (SCMNodeManager.java:register(405)) - Registered Data node : fdf3821b-2737-47a5-9603-1a2dda162151{ip: 10.1.0.239, host: fv-az225-157.hxhba2eg53duheooqg2bzplbvd.bx.internal.cloudapp.net, ports: [HTTP=15168, CLIENT_RPC=15169, REPLICATION=15175, RATIS=15171, RATIS_ADMIN=15172, RATIS_SERVER=15173, RATIS_DATASTREAM=15174, STANDALONE=15170], networkLocation: /default-rack, certSerialId: null, persistedOpState: null, persistedOpStateExpiryEpochSec: 0}
2023-08-29 18:56:19,276 [EventQueue-NodeRegistrationContainerReportForDataNodeSafeModeRule] INFO  safemode.SCMSafeModeManager (DataNodeSafeModeRule.java:process(71)) - SCM in safe mode. 1 DataNodes registered, 3 required.
2023-08-29 18:56:19,279 [EventQueue-NewNodeForNewNodeHandler] INFO  pipeline.BackgroundPipelineCreator (BackgroundPipelineCreator.java:notifyEventTriggered(277)) - trigger a one-shot run on RatisPipelineUtilsThread.
2023-08-29 18:56:19,279 [RatisPipelineUtilsThread - 0] INFO  pipeline.RatisPipelineProvider (RatisPipelineProvider.java:lambda$create$0(206)) - Sending CreatePipelineCommand for pipeline:PipelineID=3c9fbad5-e60d-4b6f-84b8-f7ba11a962ac to datanode:fdf3821b-2737-47a5-9603-1a2dda162151
2023-08-29 18:56:19,280 [RatisPipelineUtilsThread - 0] INFO  pipeline.BackgroundPipelineCreator (BackgroundPipelineCreator.java:createPipelines(233)) - Created new pipeline Pipeline[ Id: 3c9fbad5-e60d-4b6f-84b8-f7ba11a962ac, Nodes: fdf3821b-2737-47a5-9603-1a2dda162151(fv-az225-157.hxhba2eg53duheooqg2bzplbvd.bx.internal.cloudapp.net/10.1.0.239), ReplicationConfig: RATIS/ONE, State:ALLOCATED, leaderId:, CreationTimestamp2023-08-29T18:56:19.279Z[Etc/UTC]]
2023-08-29 18:56:19,285 [EventQueue-NodeRegistrationContainerReportForContainerSafeModeRule] INFO  safemode.SCMSafeModeManager (SCMSafeModeManager.java:validateSafeModeExitRules(200)) - ContainerSafeModeRule rule is successfully validated
2023-08-29 18:56:19,286 [EventQueue-PipelineReportForOneReplicaPipelineSafeModeRule] INFO  safemode.SCMSafeModeManager (SCMSafeModeManager.java:validateSafeModeExitRules(200)) - AtleastOneDatanodeReportedRule rule is successfully validated
2023-08-29 18:56:19,343 [main] INFO  ozone.MiniOzoneClusterImpl (MiniOzoneClusterImpl.java:lambda$waitForClusterToBeReady$0(224)) - Waiting for nodes to be ready. Got 1 of 5 DN Heartbeats.
2023-08-29 18:56:19,343 [main] INFO  ozone.MiniOzoneClusterImpl (MiniOzoneClusterImpl.java:lambda$waitForClusterToBeReady$0(227)) - Waiting for cluster to exit safe mode
2023-08-29 18:56:19,343 [main] INFO  ozone.MiniOzoneClusterImpl (MiniOzoneClusterImpl.java:lambda$waitForClusterToBeReady$0(229)) - SCM became leader
2023-08-29 18:56:19,515 [IPC Server handler 2 on default port 15161] INFO  net.NetworkTopologyImpl (NetworkTopologyImpl.java:add(112)) - Added a new node: /default-rack/f5d5de74-035f-4e7b-b7e8-455c492d4758
2023-08-29 18:56:19,515 [IPC Server handler 2 on default port 15161] INFO  node.SCMNodeManager (SCMNodeManager.java:register(405)) - Registered Data node : f5d5de74-035f-4e7b-b7e8-455c492d4758{ip: 10.1.0.239, host: fv-az225-157.hxhba2eg53duheooqg2bzplbvd.bx.internal.cloudapp.net, ports: [HTTP=15177, CLIENT_RPC=15178, REPLICATION=15184, RATIS=15180, RATIS_ADMIN=15181, RATIS_SERVER=15182, RATIS_DATASTREAM=15183, STANDALONE=15179], networkLocation: /default-rack, certSerialId: null, persistedOpState: null, persistedOpStateExpiryEpochSec: 0}
2023-08-29 18:56:19,515 [EventQueue-NewNodeForNewNodeHandler] INFO  pipeline.BackgroundPipelineCreator (BackgroundPipelineCreator.java:notifyEventTriggered(277)) - trigger a one-shot run on RatisPipelineUtilsThread.
2023-08-29 18:56:19,517 [EventQueue-NodeRegistrationContainerReportForDataNodeSafeModeRule] INFO  safemode.SCMSafeModeManager (DataNodeSafeModeRule.java:process(71)) - SCM in safe mode. 2 DataNodes registered, 3 required.
2023-08-29 18:56:19,517 [RatisPipelineUtilsThread - 0] INFO  pipeline.RatisPipelineProvider (RatisPipelineProvider.java:lambda$create$0(206)) - Sending CreatePipelineCommand for pipeline:PipelineID=19c2c917-0edc-4eee-a644-1907792ef0ec to datanode:f5d5de74-035f-4e7b-b7e8-455c492d4758
2023-08-29 18:56:19,518 [RatisPipelineUtilsThread - 0] INFO  pipeline.BackgroundPipelineCreator (BackgroundPipelineCreator.java:createPipelines(233)) - Created new pipeline Pipeline[ Id: 19c2c917-0edc-4eee-a644-1907792ef0ec, Nodes: f5d5de74-035f-4e7b-b7e8-455c492d4758(fv-az225-157.hxhba2eg53duheooqg2bzplbvd.bx.internal.cloudapp.net/10.1.0.239), ReplicationConfig: RATIS/ONE, State:ALLOCATED, leaderId:, CreationTimestamp2023-08-29T18:56:19.517Z[Etc/UTC]]
2023-08-29 18:56:19,839 [IPC Server handler 3 on default port 15161] INFO  net.NetworkTopologyImpl (NetworkTopologyImpl.java:add(112)) - Added a new node: /default-rack/1088055f-b6dc-4993-819c-da5e568aeaf2
2023-08-29 18:56:19,839 [IPC Server handler 3 on default port 15161] INFO  node.SCMNodeManager (SCMNodeManager.java:register(405)) - Registered Data node : 1088055f-b6dc-4993-819c-da5e568aeaf2{ip: 10.1.0.239, host: fv-az225-157.hxhba2eg53duheooqg2bzplbvd.bx.internal.cloudapp.net, ports: [HTTP=15186, CLIENT_RPC=15187, REPLICATION=15193, RATIS=15189, RATIS_ADMIN=15190, RATIS_SERVER=15191, RATIS_DATASTREAM=15192, STANDALONE=15188], networkLocation: /default-rack, certSerialId: null, persistedOpState: null, persistedOpStateExpiryEpochSec: 0}
2023-08-29 18:56:19,839 [EventQueue-NewNodeForNewNodeHandler] INFO  pipeline.BackgroundPipelineCreator (BackgroundPipelineCreator.java:notifyEventTriggered(277)) - trigger a one-shot run on RatisPipelineUtilsThread.
2023-08-29 18:56:19,840 [EventQueue-NodeRegistrationContainerReportForDataNodeSafeModeRule] INFO  safemode.SCMSafeModeManager (DataNodeSafeModeRule.java:process(71)) - SCM in safe mode. 3 DataNodes registered, 3 required.
2023-08-29 18:56:19,840 [EventQueue-NodeRegistrationContainerReportForDataNodeSafeModeRule] INFO  safemode.SCMSafeModeManager (SCMSafeModeManager.java:validateSafeModeExitRules(200)) - DataNodeSafeModeRule rule is successfully validated
2023-08-29 18:56:19,840 [EventQueue-NodeRegistrationContainerReportForDataNodeSafeModeRule] INFO  safemode.SCMSafeModeManager (SCMSafeModeManager.java:completePreCheck(229)) - All SCM safe mode pre check rules have passed
2023-08-29 18:56:19,840 [EventQueue-NodeRegistrationContainerReportForDataNodeSafeModeRule] INFO  ha.SCMContext (SCMContext.java:updateSafeModeStatus(228)) - Update SafeModeStatus from SafeModeStatus{safeModeStatus=true, preCheckPassed=false} to SafeModeStatus{safeModeStatus=true, preCheckPassed=true}.
2023-08-29 18:56:19,840 [EventQueue-NodeRegistrationContainerReportForDataNodeSafeModeRule] INFO  pipeline.BackgroundPipelineCreator (BackgroundPipelineCreator.java:notifyEventTriggered(277)) - trigger a one-shot run on RatisPipelineUtilsThread.
2023-08-29 18:56:19,840 [RatisPipelineUtilsThread - 0] INFO  pipeline.RatisPipelineProvider (RatisPipelineProvider.java:lambda$create$0(206)) - Sending CreatePipelineCommand for pipeline:PipelineID=07482a9d-5922-41fa-95de-88bcabe86d0e to datanode:1088055f-b6dc-4993-819c-da5e568aeaf2
2023-08-29 18:56:19,841 [RatisPipelineUtilsThread - 0] INFO  pipeline.BackgroundPipelineCreator (BackgroundPipelineCreator.java:createPipelines(233)) - Created new pipeline Pipeline[ Id: 07482a9d-5922-41fa-95de-88bcabe86d0e, Nodes: 1088055f-b6dc-4993-819c-da5e568aeaf2(fv-az225-157.hxhba2eg53duheooqg2bzplbvd.bx.internal.cloudapp.net/10.1.0.239), ReplicationConfig: RATIS/ONE, State:ALLOCATED, leaderId:, CreationTimestamp2023-08-29T18:56:19.840Z[Etc/UTC]]
2023-08-29 18:56:19,841 [RatisPipelineUtilsThread - 0] INFO  pipeline.RatisPipelineProvider (RatisPipelineProvider.java:lambda$create$0(206)) - Sending CreatePipelineCommand for pipeline:PipelineID=1e344ecf-d299-443a-83ca-57184a628f4e to datanode:f5d5de74-035f-4e7b-b7e8-455c492d4758
2023-08-29 18:56:19,841 [RatisPipelineUtilsThread - 0] INFO  pipeline.RatisPipelineProvider (RatisPipelineProvider.java:lambda$create$0(206)) - Sending CreatePipelineCommand for pipeline:PipelineID=1e344ecf-d299-443a-83ca-57184a628f4e to datanode:fdf3821b-2737-47a5-9603-1a2dda162151
2023-08-29 18:56:19,841 [RatisPipelineUtilsThread - 0] INFO  pipeline.RatisPipelineProvider (RatisPipelineProvider.java:lambda$create$0(206)) - Sending CreatePipelineCommand for pipeline:PipelineID=1e344ecf-d299-443a-83ca-57184a628f4e to datanode:1088055f-b6dc-4993-819c-da5e568aeaf2
2023-08-29 18:56:19,841 [RatisPipelineUtilsThread - 0] INFO  pipeline.BackgroundPipelineCreator (BackgroundPipelineCreator.java:createPipelines(233)) - Created new pipeline Pipeline[ Id: 1e344ecf-d299-443a-83ca-57184a628f4e, Nodes: f5d5de74-035f-4e7b-b7e8-455c492d4758(fv-az225-157.hxhba2eg53duheooqg2bzplbvd.bx.internal.cloudapp.net/10.1.0.239)fdf3821b-2737-47a5-9603-1a2dda162151(fv-az225-157.hxhba2eg53duheooqg2bzplbvd.bx.internal.cloudapp.net/10.1.0.239)1088055f-b6dc-4993-819c-da5e568aeaf2(fv-az225-157.hxhba2eg53duheooqg2bzplbvd.bx.internal.cloudapp.net/10.1.0.239), ReplicationConfig: RATIS/THREE, State:ALLOCATED, leaderId:, CreationTimestamp2023-08-29T18:56:19.841Z[Etc/UTC]]
2023-08-29 18:56:19,842 [RatisPipelineUtilsThread - 0] INFO  pipeline.RatisPipelineProvider (RatisPipelineProvider.java:lambda$create$0(206)) - Sending CreatePipelineCommand for pipeline:PipelineID=45eb0e36-4030-4602-a5d4-7b4ab808d853 to datanode:1088055f-b6dc-4993-819c-da5e568aeaf2
2023-08-29 18:56:19,842 [RatisPipelineUtilsThread - 0] INFO  pipeline.RatisPipelineProvider (RatisPipelineProvider.java:lambda$create$0(206)) - Sending CreatePipelineCommand for pipeline:PipelineID=45eb0e36-4030-4602-a5d4-7b4ab808d853 to datanode:fdf3821b-2737-47a5-9603-1a2dda162151
2023-08-29 18:56:19,842 [RatisPipelineUtilsThread - 0] INFO  pipeline.RatisPipelineProvider (RatisPipelineProvider.java:lambda$create$0(206)) - Sending CreatePipelineCommand for pipeline:PipelineID=45eb0e36-4030-4602-a5d4-7b4ab808d853 to datanode:f5d5de74-035f-4e7b-b7e8-455c492d4758
2023-08-29 18:56:19,842 [RatisPipelineUtilsThread - 0] INFO  pipeline.PipelineManagerImpl (PipelineManagerImpl.java:recordMetricsForPipeline(914)) - Pipeline: PipelineID=45eb0e36-4030-4602-a5d4-7b4ab808d853 contains same datanodes as previous pipelines: PipelineID=1e344ecf-d299-443a-83ca-57184a628f4e nodeIds: 1088055f-b6dc-4993-819c-da5e568aeaf2, fdf3821b-2737-47a5-9603-1a2dda162151, f5d5de74-035f-4e7b-b7e8-455c492d4758
2023-08-29 18:56:19,842 [RatisPipelineUtilsThread - 0] INFO  pipeline.BackgroundPipelineCreator (BackgroundPipelineCreator.java:createPipelines(233)) - Created new pipeline Pipeline[ Id: 45eb0e36-4030-4602-a5d4-7b4ab808d853, Nodes: 1088055f-b6dc-4993-819c-da5e568aeaf2(fv-az225-157.hxhba2eg53duheooqg2bzplbvd.bx.internal.cloudapp.net/10.1.0.239)fdf3821b-2737-47a5-9603-1a2dda162151(fv-az225-157.hxhba2eg53duheooqg2bzplbvd.bx.internal.cloudapp.net/10.1.0.239)f5d5de74-035f-4e7b-b7e8-455c492d4758(fv-az225-157.hxhba2eg53duheooqg2bzplbvd.bx.internal.cloudapp.net/10.1.0.239), ReplicationConfig: RATIS/THREE, State:ALLOCATED, leaderId:, CreationTimestamp2023-08-29T18:56:19.842Z[Etc/UTC]]
2023-08-29 18:56:20,094 [IPC Server handler 4 on default port 15161] INFO  net.NetworkTopologyImpl (NetworkTopologyImpl.java:add(112)) - Added a new node: /default-rack/9b9fb1d1-2285-4865-a677-77c8be404412
2023-08-29 18:56:20,094 [IPC Server handler 4 on default port 15161] INFO  node.SCMNodeManager (SCMNodeManager.java:register(405)) - Registered Data node : 9b9fb1d1-2285-4865-a677-77c8be404412{ip: 10.1.0.239, host: fv-az225-157.hxhba2eg53duheooqg2bzplbvd.bx.internal.cloudapp.net, ports: [HTTP=15195, CLIENT_RPC=15196, REPLICATION=15202, RATIS=15198, RATIS_ADMIN=15199, RATIS_SERVER=15200, RATIS_DATASTREAM=15201, STANDALONE=15197], networkLocation: /default-rack, certSerialId: null, persistedOpState: null, persistedOpStateExpiryEpochSec: 0}
2023-08-29 18:56:20,094 [EventQueue-NewNodeForNewNodeHandler] INFO  pipeline.BackgroundPipelineCreator (BackgroundPipelineCreator.java:notifyEventTriggered(277)) - trigger a one-shot run on RatisPipelineUtilsThread.
2023-08-29 18:56:20,096 [RatisPipelineUtilsThread - 0] INFO  pipeline.RatisPipelineProvider (RatisPipelineProvider.java:lambda$create$0(206)) - Sending CreatePipelineCommand for pipeline:PipelineID=75f75a93-312f-4fb7-ad2f-9b2b1d82c8ec to datanode:9b9fb1d1-2285-4865-a677-77c8be404412
2023-08-29 18:56:20,097 [RatisPipelineUtilsThread - 0] INFO  pipeline.BackgroundPipelineCreator (BackgroundPipelineCreator.java:createPipelines(233)) - Created new pipeline Pipeline[ Id: 75f75a93-312f-4fb7-ad2f-9b2b1d82c8ec, Nodes: 9b9fb1d1-2285-4865-a677-77c8be404412(fv-az225-157.hxhba2eg53duheooqg2bzplbvd.bx.internal.cloudapp.net/10.1.0.239), ReplicationConfig: RATIS/ONE, State:ALLOCATED, leaderId:, CreationTimestamp2023-08-29T18:56:20.096Z[Etc/UTC]]
2023-08-29 18:56:20,343 [main] INFO  ozone.MiniOzoneClusterImpl (MiniOzoneClusterImpl.java:lambda$waitForClusterToBeReady$0(224)) - Waiting for nodes to be ready. Got 4 of 5 DN Heartbeats.
2023-08-29 18:56:20,343 [main] INFO  ozone.MiniOzoneClusterImpl (MiniOzoneClusterImpl.java:lambda$waitForClusterToBeReady$0(227)) - Waiting for cluster to exit safe mode
2023-08-29 18:56:20,344 [main] INFO  ozone.MiniOzoneClusterImpl (MiniOzoneClusterImpl.java:lambda$waitForClusterToBeReady$0(229)) - SCM became leader
2023-08-29 18:56:20,346 [IPC Server handler 1 on default port 15161] INFO  net.NetworkTopologyImpl (NetworkTopologyImpl.java:add(112)) - Added a new node: /default-rack/b7d61230-484d-41a2-ab8b-b31889d091fe
2023-08-29 18:56:20,346 [IPC Server handler 1 on default port 15161] INFO  node.SCMNodeManager (SCMNodeManager.java:register(405)) - Registered Data node : b7d61230-484d-41a2-ab8b-b31889d091fe{ip: 10.1.0.239, host: fv-az225-157.hxhba2eg53duheooqg2bzplbvd.bx.internal.cloudapp.net, ports: [HTTP=15204, CLIENT_RPC=15205, REPLICATION=15211, RATIS=15207, RATIS_ADMIN=15208, RATIS_SERVER=15209, RATIS_DATASTREAM=15210, STANDALONE=15206], networkLocation: /default-rack, certSerialId: null, persistedOpState: null, persistedOpStateExpiryEpochSec: 0}
2023-08-29 18:56:20,346 [EventQueue-NewNodeForNewNodeHandler] INFO  pipeline.BackgroundPipelineCreator (BackgroundPipelineCreator.java:notifyEventTriggered(277)) - trigger a one-shot run on RatisPipelineUtilsThread.
2023-08-29 18:56:20,347 [RatisPipelineUtilsThread - 0] INFO  pipeline.RatisPipelineProvider (RatisPipelineProvider.java:lambda$create$0(206)) - Sending CreatePipelineCommand for pipeline:PipelineID=8de9826c-8d08-4327-b4d9-e99fd5f97583 to datanode:b7d61230-484d-41a2-ab8b-b31889d091fe
2023-08-29 18:56:20,347 [RatisPipelineUtilsThread - 0] INFO  pipeline.BackgroundPipelineCreator (BackgroundPipelineCreator.java:createPipelines(233)) - Created new pipeline Pipeline[ Id: 8de9826c-8d08-4327-b4d9-e99fd5f97583, Nodes: b7d61230-484d-41a2-ab8b-b31889d091fe(fv-az225-157.hxhba2eg53duheooqg2bzplbvd.bx.internal.cloudapp.net/10.1.0.239), ReplicationConfig: RATIS/ONE, State:ALLOCATED, leaderId:, CreationTimestamp2023-08-29T18:56:20.347Z[Etc/UTC]]
2023-08-29 18:56:21,344 [main] INFO  ozone.MiniOzoneClusterImpl (MiniOzoneClusterImpl.java:lambda$waitForClusterToBeReady$0(224)) - Nodes are ready. Got 5 of 5 DN Heartbeats.
2023-08-29 18:56:21,344 [main] INFO  ozone.MiniOzoneClusterImpl (MiniOzoneClusterImpl.java:lambda$waitForClusterToBeReady$0(227)) - Waiting for cluster to exit safe mode
2023-08-29 18:56:21,344 [main] INFO  ozone.MiniOzoneClusterImpl (MiniOzoneClusterImpl.java:lambda$waitForClusterToBeReady$0(229)) - SCM became leader
2023-08-29 18:56:22,280 [PipelineCommandHandlerThread-0] INFO  server.RaftServer (RaftServerProxy.java:addNew(98)) - fdf3821b-2737-47a5-9603-1a2dda162151: addNew group-F7BA11A962AC:[fdf3821b-2737-47a5-9603-1a2dda162151|rpc:10.1.0.239:15173|admin:10.1.0.239:15172|client:10.1.0.239:15171|dataStream:10.1.0.239:15174|priority:1|startupRole:FOLLOWER] returns group-F7BA11A962AC:java.util.concurrent.CompletableFuture@528ad060[Not completed]
2023-08-29 18:56:22,281 [fdf3821b-2737-47a5-9603-1a2dda162151-groupManagement] INFO  server.RaftServer$Division (RaftServerImpl.java:<init>(198)) - fdf3821b-2737-47a5-9603-1a2dda162151: new RaftServerImpl for group-F7BA11A962AC:[fdf3821b-2737-47a5-9603-1a2dda162151|rpc:10.1.0.239:15173|admin:10.1.0.239:15172|client:10.1.0.239:15171|dataStream:10.1.0.239:15174|priority:1|startupRole:FOLLOWER] with ContainerStateMachine:uninitialized
2023-08-29 18:56:22,282 [fdf3821b-2737-47a5-9603-1a2dda162151-groupManagement] INFO  server.RaftServerConfigKeys (ConfUtils.java:logGet(46)) - raft.server.rpc.timeout.min = 5s (custom)
2023-08-29 18:56:22,282 [fdf3821b-2737-47a5-9603-1a2dda162151-groupManagement] INFO  server.RaftServerConfigKeys (ConfUtils.java:logGet(46)) - raft.server.rpc.timeout.max = 5200ms (custom)
2023-08-29 18:56:22,282 [fdf3821b-2737-47a5-9603-1a2dda162151-groupManagement] INFO  server.RaftServerConfigKeys (ConfUtils.java:logGet(46)) - raft.server.rpc.sleep.time = 25ms (default)
2023-08-29 18:56:22,282 [fdf3821b-2737-47a5-9603-1a2dda162151-groupManagement] INFO  server.RaftServerConfigKeys (ConfUtils.java:logGet(46)) - raft.server.rpc.slowness.timeout = 300s (custom)
2023-08-29 18:56:22,282 [fdf3821b-2737-47a5-9603-1a2dda162151-groupManagement] INFO  server.RaftServerConfigKeys (ConfUtils.java:logGet(46)) - raft.server.leaderelection.leader.step-down.wait-time = 10s (default)
2023-08-29 18:56:22,282 [fdf3821b-2737-47a5-9603-1a2dda162151-groupManagement] INFO  server.RaftServerConfigKeys (ConfUtils.java:logGet(46)) - raft.server.sleep.deviation.threshold = 300ms (default)
2023-08-29 18:56:22,282 [fdf3821b-2737-47a5-9603-1a2dda162151-groupManagement] INFO  server.RaftServer$Division (ServerState.java:<init>(120)) - fdf3821b-2737-47a5-9603-1a2dda162151@group-F7BA11A962AC: ConfigurationManager, init=-1: peers:[fdf3821b-2737-47a5-9603-1a2dda162151|rpc:10.1.0.239:15173|admin:10.1.0.239:15172|client:10.1.0.239:15171|dataStream:10.1.0.239:15174|priority:1|startupRole:FOLLOWER]|listeners:[], old=null, confs=<EMPTY_MAP>
2023-08-29 18:56:22,282 [fdf3821b-2737-47a5-9603-1a2dda162151-groupManagement] INFO  server.RaftServerConfigKeys (ConfUtils.java:logGet(46)) - raft.server.storage.dir = [/home/runner/work/ozone/ozone/hadoop-ozone/integration-test/target/test-dir/MiniOzoneClusterImpl-b0dd14bf-3562-4743-8e4f-1fdeb49c931a/datanode-0/data/ratis] (custom)
2023-08-29 18:56:22,282 [fdf3821b-2737-47a5-9603-1a2dda162151-groupManagement] INFO  server.RaftServerConfigKeys (ConfUtils.java:logGet(46)) - raft.server.log.corruption.policy = EXCEPTION (default)
2023-08-29 18:56:22,282 [fdf3821b-2737-47a5-9603-1a2dda162151-groupManagement] INFO  server.RaftServerConfigKeys (ConfUtils.java:logGet(46)) - raft.server.storage.free-space.min = 0MB (=0) (default)
2023-08-29 18:56:22,282 [fdf3821b-2737-47a5-9603-1a2dda162151-groupManagement] INFO  server.RaftServerConfigKeys (ConfUtils.java:logGet(46)) - raft.server.notification.no-leader.timeout = 300s (custom)
2023-08-29 18:56:22,282 [fdf3821b-2737-47a5-9603-1a2dda162151-groupManagement] INFO  server.RaftServerConfigKeys (ConfUtils.java:logGet(46)) - raft.server.read.timeout = 10s (default)
2023-08-29 18:56:22,282 [fdf3821b-2737-47a5-9603-1a2dda162151-groupManagement] INFO  server.RaftServerConfigKeys (ConfUtils.java:logGet(46)) - raft.server.retrycache.expirytime = 600000ms (custom)
2023-08-29 18:56:22,282 [fdf3821b-2737-47a5-9603-1a2dda162151-groupManagement] INFO  server.RaftServerConfigKeys (ConfUtils.java:logGet(46)) - raft.server.retrycache.statistics.expirytime = 100μs (default)
2023-08-29 18:56:22,282 [fdf3821b-2737-47a5-9603-1a2dda162151-groupManagement] INFO  server.RaftServerConfigKeys (ConfUtils.java:logGet(46)) - raft.server.read.option = DEFAULT (default)
2023-08-29 18:56:22,283 [fdf3821b-2737-47a5-9603-1a2dda162151-groupManagement] INFO  server.RaftServerConfigKeys (ConfUtils.java:logGet(46)) - raft.server.rpc.request.timeout = 60s (custom)
2023-08-29 18:56:22,283 [fdf3821b-2737-47a5-9603-1a2dda162151-groupManagement] INFO  server.RaftServerConfigKeys (ConfUtils.java:logGet(46)) - raft.server.log.appender.install.snapshot.enabled = false (custom)
2023-08-29 18:56:22,283 [fdf3821b-2737-47a5-9603-1a2dda162151-groupManagement] INFO  server.RaftServerConfigKeys (ConfUtils.java:logGet(46)) - raft.server.threadpool.server.cached = true (default)
2023-08-29 18:56:22,283 [fdf3821b-2737-47a5-9603-1a2dda162151-groupManagement] INFO  server.RaftServerConfigKeys (ConfUtils.java:logGet(46)) - raft.server.threadpool.server.size = 0 (default)
2023-08-29 18:56:22,283 [fdf3821b-2737-47a5-9603-1a2dda162151-groupManagement] INFO  server.RaftServerConfigKeys (ConfUtils.java:logGet(46)) - raft.server.threadpool.client.cached = true (default)
2023-08-29 18:56:22,283 [fdf3821b-2737-47a5-9603-1a2dda162151-groupManagement] INFO  server.RaftServerConfigKeys (ConfUtils.java:logGet(46)) - raft.server.threadpool.client.size = 0 (default)
2023-08-29 18:56:22,283 [fdf3821b-2737-47a5-9603-1a2dda162151-groupManagement] INFO  storage.RaftStorageDirectory (RaftStorageDirectoryImpl.java:analyzeStorage(137)) - The storage directory /home/runner/work/ozone/ozone/hadoop-ozone/integration-test/target/test-dir/MiniOzoneClusterImpl-b0dd14bf-3562-4743-8e4f-1fdeb49c931a/datanode-0/data/ratis/3c9fbad5-e60d-4b6f-84b8-f7ba11a962ac does not exist. Creating ...
2023-08-29 18:56:22,284 [fdf3821b-2737-47a5-9603-1a2dda162151-groupManagement] INFO  storage.RaftStorageDirectory (RaftStorageDirectoryImpl.java:tryLock(231)) - Lock on /home/runner/work/ozone/ozone/hadoop-ozone/integration-test/target/test-dir/MiniOzoneClusterImpl-b0dd14bf-3562-4743-8e4f-1fdeb49c931a/datanode-0/data/ratis/3c9fbad5-e60d-4b6f-84b8-f7ba11a962ac/in_use.lock acquired by nodename 61099@fv-az225-157
2023-08-29 18:56:22,285 [fdf3821b-2737-47a5-9603-1a2dda162151-groupManagement] INFO  storage.RaftStorage (RaftStorageImpl.java:format(96)) - Storage directory /home/runner/work/ozone/ozone/hadoop-ozone/integration-test/target/test-dir/MiniOzoneClusterImpl-b0dd14bf-3562-4743-8e4f-1fdeb49c931a/datanode-0/data/ratis/3c9fbad5-e60d-4b6f-84b8-f7ba11a962ac has been successfully formatted.
2023-08-29 18:56:22,287 [fdf3821b-2737-47a5-9603-1a2dda162151-groupManagement] INFO  ratis.ContainerStateMachine (ContainerStateMachine.java:loadSnapshot(262)) - group-F7BA11A962AC: The snapshot info is null. Setting the last applied indexto:(t:0, i:~)
2023-08-29 18:56:22,287 [fdf3821b-2737-47a5-9603-1a2dda162151-groupManagement] INFO  server.RaftServerConfigKeys (ConfUtils.java:logGet(46)) - raft.server.log.use.memory = false (default)
2023-08-29 18:56:22,287 [fdf3821b-2737-47a5-9603-1a2dda162151-groupManagement] INFO  server.RaftServerConfigKeys (ConfUtils.java:logGet(46)) - raft.server.log.purge.gap = 1000000 (custom)
2023-08-29 18:56:22,287 [fdf3821b-2737-47a5-9603-1a2dda162151-groupManagement] INFO  server.RaftServerConfigKeys (ConfUtils.java:logGet(46)) - raft.server.log.appender.buffer.byte-limit = 33554432 (custom)
2023-08-29 18:56:22,287 [fdf3821b-2737-47a5-9603-1a2dda162151-groupManagement] INFO  server.RaftServerConfigKeys (ConfUtils.java:logGet(46)) - raft.server.log.statemachine.data.read.timeout = 1000ms (default)
2023-08-29 18:56:22,287 [fdf3821b-2737-47a5-9603-1a2dda162151-groupManagement] INFO  server.RaftServerConfigKeys (ConfUtils.java:logGet(46)) - raft.server.log.purge.preservation.log.num = 0 (default)
2023-08-29 18:56:22,287 [fdf3821b-2737-47a5-9603-1a2dda162151-groupManagement] INFO  server.RaftServerConfigKeys (ConfUtils.java:logGet(46)) - raft.server.log.segment.size.max = 1048576 (custom)
2023-08-29 18:56:22,287 [fdf3821b-2737-47a5-9603-1a2dda162151-groupManagement] INFO  server.RaftServerConfigKeys (ConfUtils.java:logGet(46)) - raft.server.log.segment.cache.num.max = 2 (custom)
2023-08-29 18:56:22,287 [fdf3821b-2737-47a5-9603-1a2dda162151-groupManagement] INFO  server.RaftServerConfigKeys (ConfUtils.java:logGet(46)) - raft.server.log.segment.cache.size.max = 200MB (=209715200) (default)
2023-08-29 18:56:22,287 [fdf3821b-2737-47a5-9603-1a2dda162151-groupManagement] INFO  server.RaftServerConfigKeys (ConfUtils.java:logGet(46)) - raft.server.log.appender.buffer.byte-limit = 33554432 (custom)
2023-08-29 18:56:22,287 [fdf3821b-2737-47a5-9603-1a2dda162151-groupManagement] INFO  segmented.SegmentedRaftLogWorker (SegmentedRaftLogWorker.java:<init>(188)) - new fdf3821b-2737-47a5-9603-1a2dda162151@group-F7BA11A962AC-SegmentedRaftLogWorker for RaftStorageImpl:Storage Directory /home/runner/work/ozone/ozone/hadoop-ozone/integration-test/target/test-dir/MiniOzoneClusterImpl-b0dd14bf-3562-4743-8e4f-1fdeb49c931a/datanode-0/data/ratis/3c9fbad5-e60d-4b6f-84b8-f7ba11a962ac
2023-08-29 18:56:22,287 [fdf3821b-2737-47a5-9603-1a2dda162151-groupManagement] INFO  server.RaftServerConfigKeys (ConfUtils.java:logGet(46)) - raft.server.log.queue.byte-limit = 4294967296 (custom)
2023-08-29 18:56:22,287 [fdf3821b-2737-47a5-9603-1a2dda162151-groupManagement] INFO  server.RaftServerConfigKeys (ConfUtils.java:logGet(46)) - raft.server.log.queue.element-limit = 1024 (custom)
2023-08-29 18:56:22,287 [fdf3821b-2737-47a5-9603-1a2dda162151-groupManagement] INFO  server.RaftServerConfigKeys (ConfUtils.java:logGet(46)) - raft.server.log.segment.size.max = 1048576 (custom)
2023-08-29 18:56:22,287 [fdf3821b-2737-47a5-9603-1a2dda162151-groupManagement] INFO  server.RaftServerConfigKeys (ConfUtils.java:logGet(46)) - raft.server.log.preallocated.size = 16384 (custom)
2023-08-29 18:56:22,287 [fdf3821b-2737-47a5-9603-1a2dda162151-groupManagement] INFO  server.RaftServerConfigKeys (ConfUtils.java:logGet(46)) - raft.server.log.force.sync.num = 128 (default)
2023-08-29 18:56:22,287 [EventQueue-PipelineReportForPipelineReportHandler] INFO  pipeline.PipelineReportHandler (PipelineReportHandler.java:processPipelineReport(136)) - Opened pipeline PipelineID=3c9fbad5-e60d-4b6f-84b8-f7ba11a962ac
2023-08-29 18:56:22,287 [fdf3821b-2737-47a5-9603-1a2dda162151-groupManagement] INFO  server.RaftServerConfigKeys (ConfUtils.java:logGet(46)) - raft.server.log.statemachine.data.sync = true (default)
2023-08-29 18:56:22,288 [fdf3821b-2737-47a5-9603-1a2dda162151-groupManagement] INFO  server.RaftServerConfigKeys (ConfUtils.java:logGet(46)) - raft.server.log.statemachine.data.sync.timeout = 10s (default)
2023-08-29 18:56:22,288 [fdf3821b-2737-47a5-9603-1a2dda162151-groupManagement] INFO  server.RaftServerConfigKeys (ConfUtils.java:logGet(46)) - raft.server.log.statemachine.data.sync.timeout.retry = -1 (default)
2023-08-29 18:56:22,289 [EventQueue-OpenPipelineForHealthyPipelineSafeModeRule] INFO  safemode.SCMSafeModeManager (HealthyPipelineSafeModeRule.java:process(137)) - SCM in safe mode. Healthy pipelines reported count is 0, required healthy pipeline reported count is 1
2023-08-29 18:56:22,289 [fdf3821b-2737-47a5-9603-1a2dda162151-groupManagement] INFO  server.RaftServerConfigKeys (ConfUtils.java:logGet(46)) - raft.server.log.write.buffer.size = 1048576 (custom)
2023-08-29 18:56:22,289 [fdf3821b-2737-47a5-9603-1a2dda162151-groupManagement] INFO  server.RaftServerConfigKeys (ConfUtils.java:logGet(46)) - raft.server.log.appender.buffer.byte-limit = 33554432 (custom)
2023-08-29 18:56:22,294 [fdf3821b-2737-47a5-9603-1a2dda162151-groupManagement] INFO  server.RaftServerConfigKeys (ConfUtils.java:logGet(46)) - raft.server.log.unsafe-flush.enabled = false (default)
2023-08-29 18:56:22,294 [fdf3821b-2737-47a5-9603-1a2dda162151-groupManagement] INFO  server.RaftServerConfigKeys (ConfUtils.java:logGet(46)) - raft.server.log.async-flush.enabled = false (default)
2023-08-29 18:56:22,294 [fdf3821b-2737-47a5-9603-1a2dda162151-groupManagement] INFO  server.RaftServerConfigKeys (ConfUtils.java:logGet(46)) - raft.server.log.statemachine.data.caching.enabled = true (custom)
2023-08-29 18:56:22,295 [fdf3821b-2737-47a5-9603-1a2dda162151-groupManagement] INFO  segmented.SegmentedRaftLogWorker (SegmentedRaftLogWorker.java:lambda$new$0(135)) - fdf3821b-2737-47a5-9603-1a2dda162151@group-F7BA11A962AC-SegmentedRaftLogWorker: flushIndex: setUnconditionally 0 -> -1
2023-08-29 18:56:22,295 [fdf3821b-2737-47a5-9603-1a2dda162151-groupManagement] INFO  segmented.SegmentedRaftLogWorker (SegmentedRaftLogWorker.java:lambda$new$0(135)) - fdf3821b-2737-47a5-9603-1a2dda162151@group-F7BA11A962AC-SegmentedRaftLogWorker: safeCacheEvictIndex: setUnconditionally 0 -> -1
2023-08-29 18:56:22,295 [fdf3821b-2737-47a5-9603-1a2dda162151-groupManagement] INFO  server.RaftServer$Division (RaftServerImpl.java:start(342)) - fdf3821b-2737-47a5-9603-1a2dda162151@group-F7BA11A962AC: start as a follower, conf=-1: peers:[fdf3821b-2737-47a5-9603-1a2dda162151|rpc:10.1.0.239:15173|admin:10.1.0.239:15172|client:10.1.0.239:15171|dataStream:10.1.0.239:15174|priority:1|startupRole:FOLLOWER]|listeners:[], old=null
2023-08-29 18:56:22,295 [fdf3821b-2737-47a5-9603-1a2dda162151-groupManagement] INFO  server.RaftServer$Division (RaftServerImpl.java:setRole(329)) - fdf3821b-2737-47a5-9603-1a2dda162151@group-F7BA11A962AC: changes role from      null to FOLLOWER at term 0 for startAsFollower
2023-08-29 18:56:22,295 [fdf3821b-2737-47a5-9603-1a2dda162151-groupManagement] INFO  impl.RoleInfo (RoleInfo.java:updateAndGet(139)) - fdf3821b-2737-47a5-9603-1a2dda162151: start fdf3821b-2737-47a5-9603-1a2dda162151@group-F7BA11A962AC-FollowerState
2023-08-29 18:56:22,295 [fdf3821b-2737-47a5-9603-1a2dda162151-groupManagement] INFO  util.JmxRegister (JmxRegister.java:tryRegister(44)) - Successfully registered JMX Bean with object name Ratis:service=RaftServer,group=group-F7BA11A962AC,id=fdf3821b-2737-47a5-9603-1a2dda162151
2023-08-29 18:56:22,295 [fdf3821b-2737-47a5-9603-1a2dda162151@group-F7BA11A962AC-FollowerState] INFO  server.RaftServerConfigKeys (ConfUtils.java:logFallback(53)) - raft.server.rpc.first-election.timeout.min = 5s (fallback to raft.server.rpc.timeout.min)
2023-08-29 18:56:22,295 [fdf3821b-2737-47a5-9603-1a2dda162151-groupManagement] INFO  server.RaftServerConfigKeys (ConfUtils.java:logGet(46)) - raft.server.snapshot.auto.trigger.enabled = true (custom)
2023-08-29 18:56:22,295 [fdf3821b-2737-47a5-9603-1a2dda162151@group-F7BA11A962AC-FollowerState] INFO  server.RaftServerConfigKeys (ConfUtils.java:logFallback(53)) - raft.server.rpc.first-election.timeout.max = 5200ms (fallback to raft.server.rpc.timeout.max)
2023-08-29 18:56:22,295 [fdf3821b-2737-47a5-9603-1a2dda162151-groupManagement] INFO  server.RaftServerConfigKeys (ConfUtils.java:logGet(46)) - raft.server.snapshot.auto.trigger.threshold = 10000 (custom)
2023-08-29 18:56:22,295 [fdf3821b-2737-47a5-9603-1a2dda162151-groupManagement] INFO  server.RaftServerConfigKeys (ConfUtils.java:logGet(46)) - raft.server.snapshot.retention.file.num = 5 (custom)
2023-08-29 18:56:22,295 [fdf3821b-2737-47a5-9603-1a2dda162151-groupManagement] INFO  server.RaftServerConfigKeys (ConfUtils.java:logGet(46)) - raft.server.log.purge.upto.snapshot.index = false (default)
2023-08-29 18:56:22,296 [PipelineCommandHandlerThread-0] INFO  ratis.XceiverServerRatis (XceiverServerRatis.java:addGroup(804)) - Created group PipelineID=3c9fbad5-e60d-4b6f-84b8-f7ba11a962ac
2023-08-29 18:56:22,296 [PipelineCommandHandlerThread-0] INFO  commandhandler.CreatePipelineCommandHandler (CreatePipelineCommandHandler.java:lambda$handle$2(124)) - Created Pipeline RATIS ONE PipelineID=3c9fbad5-e60d-4b6f-84b8-f7ba11a962ac.
2023-08-29 18:56:22,296 [PipelineCommandHandlerThread-0] INFO  server.RaftServer (RaftServerProxy.java:addNew(98)) - fdf3821b-2737-47a5-9603-1a2dda162151: addNew group-57184A628F4E:[1088055f-b6dc-4993-819c-da5e568aeaf2|rpc:10.1.0.239:15191|admin:10.1.0.239:15190|client:10.1.0.239:15189|dataStream:10.1.0.239:15192|priority:1|startupRole:FOLLOWER, f5d5de74-035f-4e7b-b7e8-455c492d4758|rpc:10.1.0.239:15182|admin:10.1.0.239:15181|client:10.1.0.239:15180|dataStream:10.1.0.239:15183|priority:0|startupRole:FOLLOWER, fdf3821b-2737-47a5-9603-1a2dda162151|rpc:10.1.0.239:15173|admin:10.1.0.239:15172|client:10.1.0.239:15171|dataStream:10.1.0.239:15174|priority:0|startupRole:FOLLOWER] returns group-57184A628F4E:java.util.concurrent.CompletableFuture@56b54ee9[Not completed]
2023-08-29 18:56:22,297 [fdf3821b-2737-47a5-9603-1a2dda162151-groupManagement] INFO  server.RaftServer$Division (RaftServerImpl.java:<init>(198)) - fdf3821b-2737-47a5-9603-1a2dda162151: new RaftServerImpl for group-57184A628F4E:[1088055f-b6dc-4993-819c-da5e568aeaf2|rpc:10.1.0.239:15191|admin:10.1.0.239:15190|client:10.1.0.239:15189|dataStream:10.1.0.239:15192|priority:1|startupRole:FOLLOWER, f5d5de74-035f-4e7b-b7e8-455c492d4758|rpc:10.1.0.239:15182|admin:10.1.0.239:15181|client:10.1.0.239:15180|dataStream:10.1.0.239:15183|priority:0|startupRole:FOLLOWER, fdf3821b-2737-47a5-9603-1a2dda162151|rpc:10.1.0.239:15173|admin:10.1.0.239:15172|client:10.1.0.239:15171|dataStream:10.1.0.239:15174|priority:0|startupRole:FOLLOWER] with ContainerStateMachine:uninitialized
2023-08-29 18:56:22,297 [fdf3821b-2737-47a5-9603-1a2dda162151-groupManagement] INFO  server.RaftServerConfigKeys (ConfUtils.java:logGet(46)) - raft.server.rpc.timeout.min = 5s (custom)
2023-08-29 18:56:22,297 [fdf3821b-2737-47a5-9603-1a2dda162151-groupManagement] INFO  server.RaftServerConfigKeys (ConfUtils.java:logGet(46)) - raft.server.rpc.timeout.max = 5200ms (custom)
2023-08-29 18:56:22,297 [fdf3821b-2737-47a5-9603-1a2dda162151-groupManagement] INFO  server.RaftServerConfigKeys (ConfUtils.java:logGet(46)) - raft.server.rpc.sleep.time = 25ms (default)
2023-08-29 18:56:22,297 [fdf3821b-2737-47a5-9603-1a2dda162151-groupManagement] INFO  server.RaftServerConfigKeys (ConfUtils.java:logGet(46)) - raft.server.rpc.slowness.timeout = 300s (custom)
2023-08-29 18:56:22,297 [fdf3821b-2737-47a5-9603-1a2dda162151-groupManagement] INFO  server.RaftServerConfigKeys (ConfUtils.java:logGet(46)) - raft.server.leaderelection.leader.step-down.wait-time = 10s (default)
2023-08-29 18:56:22,297 [fdf3821b-2737-47a5-9603-1a2dda162151-groupManagement] INFO  server.RaftServerConfigKeys (ConfUtils.java:logGet(46)) - raft.server.sleep.deviation.threshold = 300ms (default)
2023-08-29 18:56:22,297 [fdf3821b-2737-47a5-9603-1a2dda162151-groupManagement] INFO  server.RaftServer$Division (ServerState.java:<init>(120)) - fdf3821b-2737-47a5-9603-1a2dda162151@group-57184A628F4E: ConfigurationManager, init=-1: peers:[1088055f-b6dc-4993-819c-da5e568aeaf2|rpc:10.1.0.239:15191|admin:10.1.0.239:15190|client:10.1.0.239:15189|dataStream:10.1.0.239:15192|priority:1|startupRole:FOLLOWER, f5d5de74-035f-4e7b-b7e8-455c492d4758|rpc:10.1.0.239:15182|admin:10.1.0.239:15181|client:10.1.0.239:15180|dataStream:10.1.0.239:15183|priority:0|startupRole:FOLLOWER, fdf3821b-2737-47a5-9603-1a2dda162151|rpc:10.1.0.239:15173|admin:10.1.0.239:15172|client:10.1.0.239:15171|dataStream:10.1.0.239:15174|priority:0|startupRole:FOLLOWER]|listeners:[], old=null, confs=<EMPTY_MAP>
2023-08-29 18:56:22,297 [fdf3821b-2737-47a5-9603-1a2dda162151-groupManagement] INFO  server.RaftServerConfigKeys (ConfUtils.java:logGet(46)) - raft.server.storage.dir = [/home/runner/work/ozone/ozone/hadoop-ozone/integration-test/target/test-dir/MiniOzoneClusterImpl-b0dd14bf-3562-4743-8e4f-1fdeb49c931a/datanode-0/data/ratis] (custom)
2023-08-29 18:56:22,298 [fdf3821b-2737-47a5-9603-1a2dda162151-groupManagement] INFO  server.RaftServerConfigKeys (ConfUtils.java:logGet(46)) - raft.server.log.corruption.policy = EXCEPTION (default)
2023-08-29 18:56:22,298 [fdf3821b-2737-47a5-9603-1a2dda162151-groupManagement] INFO  server.RaftServerConfigKeys (ConfUtils.java:logGet(46)) - raft.server.storage.free-space.min = 0MB (=0) (default)
2023-08-29 18:56:22,298 [fdf3821b-2737-47a5-9603-1a2dda162151-groupManagement] INFO  server.RaftServerConfigKeys (ConfUtils.java:logGet(46)) - raft.server.notification.no-leader.timeout = 300s (custom)
2023-08-29 18:56:22,298 [fdf3821b-2737-47a5-9603-1a2dda162151-groupManagement] INFO  server.RaftServerConfigKeys (ConfUtils.java:logGet(46)) - raft.server.read.timeout = 10s (default)
2023-08-29 18:56:22,298 [fdf3821b-2737-47a5-9603-1a2dda162151-groupManagement] INFO  server.RaftServerConfigKeys (ConfUtils.java:logGet(46)) - raft.server.retrycache.expirytime = 600000ms (custom)
2023-08-29 18:56:22,298 [fdf3821b-2737-47a5-9603-1a2dda162151-groupManagement] INFO  server.RaftServerConfigKeys (ConfUtils.java:logGet(46)) - raft.server.retrycache.statistics.expirytime = 100μs (default)
2023-08-29 18:56:22,298 [fdf3821b-2737-47a5-9603-1a2dda162151-groupManagement] INFO  server.RaftServerConfigKeys (ConfUtils.java:logGet(46)) - raft.server.read.option = DEFAULT (default)
2023-08-29 18:56:22,298 [fdf3821b-2737-47a5-9603-1a2dda162151-groupManagement] INFO  server.RaftServerConfigKeys (ConfUtils.java:logGet(46)) - raft.server.rpc.request.timeout = 60s (custom)
2023-08-29 18:56:22,298 [fdf3821b-2737-47a5-9603-1a2dda162151-groupManagement] INFO  server.RaftServerConfigKeys (ConfUtils.java:logGet(46)) - raft.server.log.appender.install.snapshot.enabled = false (custom)
2023-08-29 18:56:22,298 [fdf3821b-2737-47a5-9603-1a2dda162151-groupManagement] INFO  server.RaftServerConfigKeys (ConfUtils.java:logGet(46)) - raft.server.threadpool.server.cached = true (default)
2023-08-29 18:56:22,298 [fdf3821b-2737-47a5-9603-1a2dda162151-groupManagement] INFO  server.RaftServerConfigKeys (ConfUtils.java:logGet(46)) - raft.server.threadpool.server.size = 0 (default)
2023-08-29 18:56:22,299 [fdf3821b-2737-47a5-9603-1a2dda162151-groupManagement] INFO  server.RaftServerConfigKeys (ConfUtils.java:logGet(46)) - raft.server.threadpool.client.cached = true (default)
2023-08-29 18:56:22,299 [fdf3821b-2737-47a5-9603-1a2dda162151-groupManagement] INFO  server.RaftServerConfigKeys (ConfUtils.java:logGet(46)) - raft.server.threadpool.client.size = 0 (default)
2023-08-29 18:56:22,299 [fdf3821b-2737-47a5-9603-1a2dda162151-groupManagement] INFO  storage.RaftStorageDirectory (RaftStorageDirectoryImpl.java:analyzeStorage(137)) - The storage directory /home/runner/work/ozone/ozone/hadoop-ozone/integration-test/target/test-dir/MiniOzoneClusterImpl-b0dd14bf-3562-4743-8e4f-1fdeb49c931a/datanode-0/data/ratis/1e344ecf-d299-443a-83ca-57184a628f4e does not exist. Creating ...
2023-08-29 18:56:22,300 [fdf3821b-2737-47a5-9603-1a2dda162151-groupManagement] INFO  storage.RaftStorageDirectory (RaftStorageDirectoryImpl.java:tryLock(231)) - Lock on /home/runner/work/ozone/ozone/hadoop-ozone/integration-test/target/test-dir/MiniOzoneClusterImpl-b0dd14bf-3562-4743-8e4f-1fdeb49c931a/datanode-0/data/ratis/1e344ecf-d299-443a-83ca-57184a628f4e/in_use.lock acquired by nodename 61099@fv-az225-157
2023-08-29 18:56:22,300 [fdf3821b-2737-47a5-9603-1a2dda162151-groupManagement] INFO  storage.RaftStorage (RaftStorageImpl.java:format(96)) - Storage directory /home/runner/work/ozone/ozone/hadoop-ozone/integration-test/target/test-dir/MiniOzoneClusterImpl-b0dd14bf-3562-4743-8e4f-1fdeb49c931a/datanode-0/data/ratis/1e344ecf-d299-443a-83ca-57184a628f4e has been successfully formatted.
2023-08-29 18:56:22,301 [fdf3821b-2737-47a5-9603-1a2dda162151-groupManagement] INFO  ratis.ContainerStateMachine (ContainerStateMachine.java:loadSnapshot(262)) - group-57184A628F4E: The snapshot info is null. Setting the last applied indexto:(t:0, i:~)
2023-08-29 18:56:22,301 [fdf3821b-2737-47a5-9603-1a2dda162151-groupManagement] INFO  server.RaftServerConfigKeys (ConfUtils.java:logGet(46)) - raft.server.log.use.memory = false (default)
2023-08-29 18:56:22,301 [fdf3821b-2737-47a5-9603-1a2dda162151-groupManagement] INFO  server.RaftServerConfigKeys (ConfUtils.java:logGet(46)) - raft.server.log.purge.gap = 1000000 (custom)
2023-08-29 18:56:22,301 [fdf3821b-2737-47a5-9603-1a2dda162151-groupManagement] INFO  server.RaftServerConfigKeys (ConfUtils.java:logGet(46)) - raft.server.log.appender.buffer.byte-limit = 33554432 (custom)
2023-08-29 18:56:22,301 [fdf3821b-2737-47a5-9603-1a2dda162151-groupManagement] INFO  server.RaftServerConfigKeys (ConfUtils.java:logGet(46)) - raft.server.log.statemachine.data.read.timeout = 1000ms (default)
2023-08-29 18:56:22,301 [fdf3821b-2737-47a5-9603-1a2dda162151-groupManagement] INFO  server.RaftServerConfigKeys (ConfUtils.java:logGet(46)) - raft.server.log.purge.preservation.log.num = 0 (default)
2023-08-29 18:56:22,301 [fdf3821b-2737-47a5-9603-1a2dda162151-groupManagement] INFO  server.RaftServerConfigKeys (ConfUtils.java:logGet(46)) - raft.server.log.segment.size.max = 1048576 (custom)
2023-08-29 18:56:22,301 [fdf3821b-2737-47a5-9603-1a2dda162151-groupManagement] INFO  server.RaftServerConfigKeys (ConfUtils.java:logGet(46)) - raft.server.log.segment.cache.num.max = 2 (custom)
2023-08-29 18:56:22,301 [fdf3821b-2737-47a5-9603-1a2dda162151-groupManagement] INFO  server.RaftServerConfigKeys (ConfUtils.java:logGet(46)) - raft.server.log.segment.cache.size.max = 200MB (=209715200) (default)
2023-08-29 18:56:22,301 [fdf3821b-2737-47a5-9603-1a2dda162151-groupManagement] INFO  server.RaftServerConfigKeys (ConfUtils.java:logGet(46)) - raft.server.log.appender.buffer.byte-limit = 33554432 (custom)
2023-08-29 18:56:22,301 [fdf3821b-2737-47a5-9603-1a2dda162151-groupManagement] INFO  segmented.SegmentedRaftLogWorker (SegmentedRaftLogWorker.java:<init>(188)) - new fdf3821b-2737-47a5-9603-1a2dda162151@group-57184A628F4E-SegmentedRaftLogWorker for RaftStorageImpl:Storage Directory /home/runner/work/ozone/ozone/hadoop-ozone/integration-test/target/test-dir/MiniOzoneClusterImpl-b0dd14bf-3562-4743-8e4f-1fdeb49c931a/datanode-0/data/ratis/1e344ecf-d299-443a-83ca-57184a628f4e
2023-08-29 18:56:22,301 [EventQueue-OpenPipelineForHealthyPipelineSafeModeRule] INFO  safemode.SCMSafeModeManager (HealthyPipelineSafeModeRule.java:process(137)) - SCM in safe mode. Healthy pipelines reported count is 0, required healthy pipeline reported count is 1
2023-08-29 18:56:22,302 [fdf3821b-2737-47a5-9603-1a2dda162151-groupManagement] INFO  server.RaftServerConfigKeys (ConfUtils.java:logGet(46)) - raft.server.log.queue.byte-limit = 4294967296 (custom)
2023-08-29 18:56:22,302 [fdf3821b-2737-47a5-9603-1a2dda162151-groupManagement] INFO  server.RaftServerConfigKeys (ConfUtils.java:logGet(46)) - raft.server.log.queue.element-limit = 1024 (custom)
2023-08-29 18:56:22,302 [fdf3821b-2737-47a5-9603-1a2dda162151-groupManagement] INFO  server.RaftServerConfigKeys (ConfUtils.java:logGet(46)) - raft.server.log.segment.size.max = 1048576 (custom)
2023-08-29 18:56:22,302 [fdf3821b-2737-47a5-9603-1a2dda162151-groupManagement] INFO  server.RaftServerConfigKeys (ConfUtils.java:logGet(46)) - raft.server.log.preallocated.size = 16384 (custom)
2023-08-29 18:56:22,302 [fdf3821b-2737-47a5-9603-1a2dda162151-groupManagement] INFO  server.RaftServerConfigKeys (ConfUtils.java:logGet(46)) - raft.server.log.force.sync.num = 128 (default)
2023-08-29 18:56:22,302 [fdf3821b-2737-47a5-9603-1a2dda162151-groupManagement] INFO  server.RaftServerConfigKeys (ConfUtils.java:logGet(46)) - raft.server.log.statemachine.data.sync = true (default)
2023-08-29 18:56:22,302 [fdf3821b-2737-47a5-9603-1a2dda162151-groupManagement] INFO  server.RaftServerConfigKeys (ConfUtils.java:logGet(46)) - raft.server.log.statemachine.data.sync.timeout = 10s (default)
2023-08-29 18:56:22,302 [fdf3821b-2737-47a5-9603-1a2dda162151-groupManagement] INFO  server.RaftServerConfigKeys (ConfUtils.java:logGet(46)) - raft.server.log.statemachine.data.sync.timeout.retry = -1 (default)
2023-08-29 18:56:22,302 [fdf3821b-2737-47a5-9603-1a2dda162151-groupManagement] INFO  server.RaftServerConfigKeys (ConfUtils.java:logGet(46)) - raft.server.log.write.buffer.size = 1048576 (custom)
2023-08-29 18:56:22,302 [fdf3821b-2737-47a5-9603-1a2dda162151-groupManagement] INFO  server.RaftServerConfigKeys (ConfUtils.java:logGet(46)) - raft.server.log.appender.buffer.byte-limit = 33554432 (custom)
2023-08-29 18:56:22,307 [fdf3821b-2737-47a5-9603-1a2dda162151-groupManagement] INFO  server.RaftServerConfigKeys (ConfUtils.java:logGet(46)) - raft.server.log.unsafe-flush.enabled = false (default)
2023-08-29 18:56:22,307 [fdf3821b-2737-47a5-9603-1a2dda162151-groupManagement] INFO  server.RaftServerConfigKeys (ConfUtils.java:logGet(46)) - raft.server.log.async-flush.enabled = false (default)
2023-08-29 18:56:22,307 [fdf3821b-2737-47a5-9603-1a2dda162151-groupManagement] INFO  server.RaftServerConfigKeys (ConfUtils.java:logGet(46)) - raft.server.log.statemachine.data.caching.enabled = true (custom)
2023-08-29 18:56:22,308 [fdf3821b-2737-47a5-9603-1a2dda162151-groupManagement] INFO  segmented.SegmentedRaftLogWorker (SegmentedRaftLogWorker.java:lambda$new$0(135)) - fdf3821b-2737-47a5-9603-1a2dda162151@group-57184A628F4E-SegmentedRaftLogWorker: flushIndex: setUnconditionally 0 -> -1
2023-08-29 18:56:22,308 [fdf3821b-2737-47a5-9603-1a2dda162151-groupManagement] INFO  segmented.SegmentedRaftLogWorker (SegmentedRaftLogWorker.java:lambda$new$0(135)) - fdf3821b-2737-47a5-9603-1a2dda162151@group-57184A628F4E-SegmentedRaftLogWorker: safeCacheEvictIndex: setUnconditionally 0 -> -1
2023-08-29 18:56:22,308 [fdf3821b-2737-47a5-9603-1a2dda162151-groupManagement] INFO  server.RaftServer$Division (RaftServerImpl.java:start(342)) - fdf3821b-2737-47a5-9603-1a2dda162151@group-57184A628F4E: start as a follower, conf=-1: peers:[1088055f-b6dc-4993-819c-da5e568aeaf2|rpc:10.1.0.239:15191|admin:10.1.0.239:15190|client:10.1.0.239:15189|dataStream:10.1.0.239:15192|priority:1|startupRole:FOLLOWER, f5d5de74-035f-4e7b-b7e8-455c492d4758|rpc:10.1.0.239:15182|admin:10.1.0.239:15181|client:10.1.0.239:15180|dataStream:10.1.0.239:15183|priority:0|startupRole:FOLLOWER, fdf3821b-2737-47a5-9603-1a2dda162151|rpc:10.1.0.239:15173|admin:10.1.0.239:15172|client:10.1.0.239:15171|dataStream:10.1.0.239:15174|priority:0|startupRole:FOLLOWER]|listeners:[], old=null
2023-08-29 18:56:22,308 [fdf3821b-2737-47a5-9603-1a2dda162151-groupManagement] INFO  server.RaftServer$Division (RaftServerImpl.java:setRole(329)) - fdf3821b-2737-47a5-9603-1a2dda162151@group-57184A628F4E: changes role from      null to FOLLOWER at term 0 for startAsFollower
2023-08-29 18:56:22,308 [fdf3821b-2737-47a5-9603-1a2dda162151-groupManagement] INFO  impl.RoleInfo (RoleInfo.java:updateAndGet(139)) - fdf3821b-2737-47a5-9603-1a2dda162151: start fdf3821b-2737-47a5-9603-1a2dda162151@group-57184A628F4E-FollowerState
2023-08-29 18:56:22,308 [fdf3821b-2737-47a5-9603-1a2dda162151-groupManagement] INFO  util.JmxRegister (JmxRegister.java:tryRegister(44)) - Successfully registered JMX Bean with object name Ratis:service=RaftServer,group=group-57184A628F4E,id=fdf3821b-2737-47a5-9603-1a2dda162151
2023-08-29 18:56:22,308 [fdf3821b-2737-47a5-9603-1a2dda162151-groupManagement] INFO  server.RaftServerConfigKeys (ConfUtils.java:logGet(46)) - raft.server.snapshot.auto.trigger.enabled = true (custom)
2023-08-29 18:56:22,308 [fdf3821b-2737-47a5-9603-1a2dda162151-groupManagement] INFO  server.RaftServerConfigKeys (ConfUtils.java:logGet(46)) - raft.server.snapshot.auto.trigger.threshold = 10000 (custom)
2023-08-29 18:56:22,308 [fdf3821b-2737-47a5-9603-1a2dda162151-groupManagement] INFO  server.RaftServerConfigKeys (ConfUtils.java:logGet(46)) - raft.server.snapshot.retention.file.num = 5 (custom)
2023-08-29 18:56:22,308 [fdf3821b-2737-47a5-9603-1a2dda162151-groupManagement] INFO  server.RaftServerConfigKeys (ConfUtils.java:logGet(46)) - raft.server.log.purge.upto.snapshot.index = false (default)
2023-08-29 18:56:22,309 [fdf3821b-2737-47a5-9603-1a2dda162151@group-57184A628F4E-FollowerState] INFO  server.RaftServerConfigKeys (ConfUtils.java:logFallback(53)) - raft.server.rpc.first-election.timeout.min = 5s (fallback to raft.server.rpc.timeout.min)
2023-08-29 18:56:22,309 [fdf3821b-2737-47a5-9603-1a2dda162151@group-57184A628F4E-FollowerState] INFO  server.RaftServerConfigKeys (ConfUtils.java:logFallback(53)) - raft.server.rpc.first-election.timeout.max = 5200ms (fallback to raft.server.rpc.timeout.max)
2023-08-29 18:56:22,312 [PipelineCommandHandlerThread-0] INFO  ratis.XceiverServerRatis (XceiverServerRatis.java:addGroup(804)) - Created group PipelineID=1e344ecf-d299-443a-83ca-57184a628f4e
2023-08-29 18:56:22,325 [grpc-default-executor-0] INFO  server.RaftServer (RaftServerProxy.java:addNew(98)) - f5d5de74-035f-4e7b-b7e8-455c492d4758: addNew group-57184A628F4E:[1088055f-b6dc-4993-819c-da5e568aeaf2|rpc:10.1.0.239:15191|admin:10.1.0.239:15190|client:10.1.0.239:15189|dataStream:10.1.0.239:15192|priority:1|startupRole:FOLLOWER, f5d5de74-035f-4e7b-b7e8-455c492d4758|rpc:10.1.0.239:15182|admin:10.1.0.239:15181|client:10.1.0.239:15180|dataStream:10.1.0.239:15183|priority:0|startupRole:FOLLOWER, fdf3821b-2737-47a5-9603-1a2dda162151|rpc:10.1.0.239:15173|admin:10.1.0.239:15172|client:10.1.0.239:15171|dataStream:10.1.0.239:15174|priority:0|startupRole:FOLLOWER] returns group-57184A628F4E:java.util.concurrent.CompletableFuture@52958a9c[Not completed]
2023-08-29 18:56:22,326 [f5d5de74-035f-4e7b-b7e8-455c492d4758-groupManagement] INFO  server.RaftServer$Division (RaftServerImpl.java:<init>(198)) - f5d5de74-035f-4e7b-b7e8-455c492d4758: new RaftServerImpl for group-57184A628F4E:[1088055f-b6dc-4993-819c-da5e568aeaf2|rpc:10.1.0.239:15191|admin:10.1.0.239:15190|client:10.1.0.239:15189|dataStream:10.1.0.239:15192|priority:1|startupRole:FOLLOWER, f5d5de74-035f-4e7b-b7e8-455c492d4758|rpc:10.1.0.239:15182|admin:10.1.0.239:15181|client:10.1.0.239:15180|dataStream:10.1.0.239:15183|priority:0|startupRole:FOLLOWER, fdf3821b-2737-47a5-9603-1a2dda162151|rpc:10.1.0.239:15173|admin:10.1.0.239:15172|client:10.1.0.239:15171|dataStream:10.1.0.239:15174|priority:0|startupRole:FOLLOWER] with ContainerStateMachine:uninitialized
2023-08-29 18:56:22,326 [f5d5de74-035f-4e7b-b7e8-455c492d4758-groupManagement] INFO  server.RaftServerConfigKeys (ConfUtils.java:logGet(46)) - raft.server.rpc.timeout.min = 5s (custom)
2023-08-29 18:56:22,326 [f5d5de74-035f-4e7b-b7e8-455c492d4758-groupManagement] INFO  server.RaftServerConfigKeys (ConfUtils.java:logGet(46)) - raft.server.rpc.timeout.max = 5200ms (custom)
2023-08-29 18:56:22,326 [f5d5de74-035f-4e7b-b7e8-455c492d4758-groupManagement] INFO  server.RaftServerConfigKeys (ConfUtils.java:logGet(46)) - raft.server.rpc.sleep.time = 25ms (default)
2023-08-29 18:56:22,326 [f5d5de74-035f-4e7b-b7e8-455c492d4758-groupManagement] INFO  server.RaftServerConfigKeys (ConfUtils.java:logGet(46)) - raft.server.rpc.slowness.timeout = 300s (custom)
2023-08-29 18:56:22,326 [f5d5de74-035f-4e7b-b7e8-455c492d4758-groupManagement] INFO  server.RaftServerConfigKeys (ConfUtils.java:logGet(46)) - raft.server.leaderelection.leader.step-down.wait-time = 10s (default)
2023-08-29 18:56:22,326 [f5d5de74-035f-4e7b-b7e8-455c492d4758-groupManagement] INFO  server.RaftServerConfigKeys (ConfUtils.java:logGet(46)) - raft.server.sleep.deviation.threshold = 300ms (default)
2023-08-29 18:56:22,326 [f5d5de74-035f-4e7b-b7e8-455c492d4758-groupManagement] INFO  server.RaftServer$Division (ServerState.java:<init>(120)) - f5d5de74-035f-4e7b-b7e8-455c492d4758@group-57184A628F4E: ConfigurationManager, init=-1: peers:[1088055f-b6dc-4993-819c-da5e568aeaf2|rpc:10.1.0.239:15191|admin:10.1.0.239:15190|client:10.1.0.239:15189|dataStream:10.1.0.239:15192|priority:1|startupRole:FOLLOWER, f5d5de74-035f-4e7b-b7e8-455c492d4758|rpc:10.1.0.239:15182|admin:10.1.0.239:15181|client:10.1.0.239:15180|dataStream:10.1.0.239:15183|priority:0|startupRole:FOLLOWER, fdf3821b-2737-47a5-9603-1a2dda162151|rpc:10.1.0.239:15173|admin:10.1.0.239:15172|client:10.1.0.239:15171|dataStream:10.1.0.239:15174|priority:0|startupRole:FOLLOWER]|listeners:[], old=null, confs=<EMPTY_MAP>
2023-08-29 18:56:22,326 [f5d5de74-035f-4e7b-b7e8-455c492d4758-groupManagement] INFO  server.RaftServerConfigKeys (ConfUtils.java:logGet(46)) - raft.server.storage.dir = [/home/runner/work/ozone/ozone/hadoop-ozone/integration-test/target/test-dir/MiniOzoneClusterImpl-b0dd14bf-3562-4743-8e4f-1fdeb49c931a/datanode-1/data/ratis] (custom)
2023-08-29 18:56:22,327 [f5d5de74-035f-4e7b-b7e8-455c492d4758-groupManagement] INFO  server.RaftServerConfigKeys (ConfUtils.java:logGet(46)) - raft.server.log.corruption.policy = EXCEPTION (default)
2023-08-29 18:56:22,327 [f5d5de74-035f-4e7b-b7e8-455c492d4758-groupManagement] INFO  server.RaftServerConfigKeys (ConfUtils.java:logGet(46)) - raft.server.storage.free-space.min = 0MB (=0) (default)
2023-08-29 18:56:22,327 [f5d5de74-035f-4e7b-b7e8-455c492d4758-groupManagement] INFO  server.RaftServerConfigKeys (ConfUtils.java:logGet(46)) - raft.server.notification.no-leader.timeout = 300s (custom)
2023-08-29 18:56:22,327 [f5d5de74-035f-4e7b-b7e8-455c492d4758-groupManagement] INFO  server.RaftServerConfigKeys (ConfUtils.java:logGet(46)) - raft.server.read.timeout = 10s (default)
2023-08-29 18:56:22,327 [f5d5de74-035f-4e7b-b7e8-455c492d4758-groupManagement] INFO  server.RaftServerConfigKeys (ConfUtils.java:logGet(46)) - raft.server.retrycache.expirytime = 600000ms (custom)
2023-08-29 18:56:22,327 [f5d5de74-035f-4e7b-b7e8-455c492d4758-groupManagement] INFO  server.RaftServerConfigKeys (ConfUtils.java:logGet(46)) - raft.server.retrycache.statistics.expirytime = 100μs (default)
2023-08-29 18:56:22,327 [f5d5de74-035f-4e7b-b7e8-455c492d4758-groupManagement] INFO  server.RaftServerConfigKeys (ConfUtils.java:logGet(46)) - raft.server.read.option = DEFAULT (default)
2023-08-29 18:56:22,327 [f5d5de74-035f-4e7b-b7e8-455c492d4758-groupManagement] INFO  server.RaftServerConfigKeys (ConfUtils.java:logGet(46)) - raft.server.rpc.request.timeout = 60s (custom)
2023-08-29 18:56:22,327 [f5d5de74-035f-4e7b-b7e8-455c492d4758-groupManagement] INFO  server.RaftServerConfigKeys (ConfUtils.java:logGet(46)) - raft.server.log.appender.install.snapshot.enabled = false (custom)
2023-08-29 18:56:22,327 [f5d5de74-035f-4e7b-b7e8-455c492d4758-groupManagement] INFO  server.RaftServerConfigKeys (ConfUtils.java:logGet(46)) - raft.server.threadpool.server.cached = true (default)
2023-08-29 18:56:22,328 [f5d5de74-035f-4e7b-b7e8-455c492d4758-groupManagement] INFO  server.RaftServerConfigKeys (ConfUtils.java:logGet(46)) - raft.server.threadpool.server.size = 0 (default)
2023-08-29 18:56:22,328 [f5d5de74-035f-4e7b-b7e8-455c492d4758-groupManagement] INFO  server.RaftServerConfigKeys (ConfUtils.java:logGet(46)) - raft.server.threadpool.client.cached = true (default)
2023-08-29 18:56:22,328 [f5d5de74-035f-4e7b-b7e8-455c492d4758-groupManagement] INFO  server.RaftServerConfigKeys (ConfUtils.java:logGet(46)) - raft.server.threadpool.client.size = 0 (default)
2023-08-29 18:56:22,328 [f5d5de74-035f-4e7b-b7e8-455c492d4758-groupManagement] INFO  storage.RaftStorageDirectory (RaftStorageDirectoryImpl.java:analyzeStorage(137)) - The storage directory /home/runner/work/ozone/ozone/hadoop-ozone/integration-test/target/test-dir/MiniOzoneClusterImpl-b0dd14bf-3562-4743-8e4f-1fdeb49c931a/datanode-1/data/ratis/1e344ecf-d299-443a-83ca-57184a628f4e does not exist. Creating ...
2023-08-29 18:56:22,329 [f5d5de74-035f-4e7b-b7e8-455c492d4758-groupManagement] INFO  storage.RaftStorageDirectory (RaftStorageDirectoryImpl.java:tryLock(231)) - Lock on /home/runner/work/ozone/ozone/hadoop-ozone/integration-test/target/test-dir/MiniOzoneClusterImpl-b0dd14bf-3562-4743-8e4f-1fdeb49c931a/datanode-1/data/ratis/1e344ecf-d299-443a-83ca-57184a628f4e/in_use.lock acquired by nodename 61099@fv-az225-157
2023-08-29 18:56:22,330 [f5d5de74-035f-4e7b-b7e8-455c492d4758-groupManagement] INFO  storage.RaftStorage (RaftStorageImpl.java:format(96)) - Storage directory /home/runner/work/ozone/ozone/hadoop-ozone/integration-test/target/test-dir/MiniOzoneClusterImpl-b0dd14bf-3562-4743-8e4f-1fdeb49c931a/datanode-1/data/ratis/1e344ecf-d299-443a-83ca-57184a628f4e has been successfully formatted.
2023-08-29 18:56:22,331 [f5d5de74-035f-4e7b-b7e8-455c492d4758-groupManagement] INFO  ratis.ContainerStateMachine (ContainerStateMachine.java:loadSnapshot(262)) - group-57184A628F4E: The snapshot info is null. Setting the last applied indexto:(t:0, i:~)
2023-08-29 18:56:22,331 [f5d5de74-035f-4e7b-b7e8-455c492d4758-groupManagement] INFO  server.RaftServerConfigKeys (ConfUtils.java:logGet(46)) - raft.server.log.use.memory = false (default)
2023-08-29 18:56:22,331 [f5d5de74-035f-4e7b-b7e8-455c492d4758-groupManagement] INFO  server.RaftServerConfigKeys (ConfUtils.java:logGet(46)) - raft.server.log.purge.gap = 1000000 (custom)
2023-08-29 18:56:22,331 [f5d5de74-035f-4e7b-b7e8-455c492d4758-groupManagement] INFO  server.RaftServerConfigKeys (ConfUtils.java:logGet(46)) - raft.server.log.appender.buffer.byte-limit = 33554432 (custom)
2023-08-29 18:56:22,331 [f5d5de74-035f-4e7b-b7e8-455c492d4758-groupManagement] INFO  server.RaftServerConfigKeys (ConfUtils.java:logGet(46)) - raft.server.log.statemachine.data.read.timeout = 1000ms (default)
2023-08-29 18:56:22,331 [f5d5de74-035f-4e7b-b7e8-455c492d4758-groupManagement] INFO  server.RaftServerConfigKeys (ConfUtils.java:logGet(46)) - raft.server.log.purge.preservation.log.num = 0 (default)
2023-08-29 18:56:22,332 [f5d5de74-035f-4e7b-b7e8-455c492d4758-groupManagement] INFO  server.RaftServerConfigKeys (ConfUtils.java:logGet(46)) - raft.server.log.segment.size.max = 1048576 (custom)
2023-08-29 18:56:22,332 [f5d5de74-035f-4e7b-b7e8-455c492d4758-groupManagement] INFO  server.RaftServerConfigKeys (ConfUtils.java:logGet(46)) - raft.server.log.segment.cache.num.max = 2 (custom)
2023-08-29 18:56:22,332 [f5d5de74-035f-4e7b-b7e8-455c492d4758-groupManagement] INFO  server.RaftServerConfigKeys (ConfUtils.java:logGet(46)) - raft.server.log.segment.cache.size.max = 200MB (=209715200) (default)
2023-08-29 18:56:22,332 [f5d5de74-035f-4e7b-b7e8-455c492d4758-groupManagement] INFO  server.RaftServerConfigKeys (ConfUtils.java:logGet(46)) - raft.server.log.appender.buffer.byte-limit = 33554432 (custom)
2023-08-29 18:56:22,332 [f5d5de74-035f-4e7b-b7e8-455c492d4758-groupManagement] INFO  segmented.SegmentedRaftLogWorker (SegmentedRaftLogWorker.java:<init>(188)) - new f5d5de74-035f-4e7b-b7e8-455c492d4758@group-57184A628F4E-SegmentedRaftLogWorker for RaftStorageImpl:Storage Directory /home/runner/work/ozone/ozone/hadoop-ozone/integration-test/target/test-dir/MiniOzoneClusterImpl-b0dd14bf-3562-4743-8e4f-1fdeb49c931a/datanode-1/data/ratis/1e344ecf-d299-443a-83ca-57184a628f4e
2023-08-29 18:56:22,332 [f5d5de74-035f-4e7b-b7e8-455c492d4758-groupManagement] INFO  server.RaftServerConfigKeys (ConfUtils.java:logGet(46)) - raft.server.log.queue.byte-limit = 4294967296 (custom)
2023-08-29 18:56:22,332 [f5d5de74-035f-4e7b-b7e8-455c492d4758-groupManagement] INFO  server.RaftServerConfigKeys (ConfUtils.java:logGet(46)) - raft.server.log.queue.element-limit = 1024 (custom)
2023-08-29 18:56:22,332 [f5d5de74-035f-4e7b-b7e8-455c492d4758-groupManagement] INFO  server.RaftServerConfigKeys (ConfUtils.java:logGet(46)) - raft.server.log.segment.size.max = 1048576 (custom)
2023-08-29 18:56:22,332 [f5d5de74-035f-4e7b-b7e8-455c492d4758-groupManagement] INFO  server.RaftServerConfigKeys (ConfUtils.java:logGet(46)) - raft.server.log.preallocated.size = 16384 (custom)
2023-08-29 18:56:22,332 [f5d5de74-035f-4e7b-b7e8-455c492d4758-groupManagement] INFO  server.RaftServerConfigKeys (ConfUtils.java:logGet(46)) - raft.server.log.force.sync.num = 128 (default)
2023-08-29 18:56:22,332 [f5d5de74-035f-4e7b-b7e8-455c492d4758-groupManagement] INFO  server.RaftServerConfigKeys (ConfUtils.java:logGet(46)) - raft.server.log.statemachine.data.sync = true (default)
2023-08-29 18:56:22,332 [f5d5de74-035f-4e7b-b7e8-455c492d4758-groupManagement] INFO  server.RaftServerConfigKeys (ConfUtils.java:logGet(46)) - raft.server.log.statemachine.data.sync.timeout = 10s (default)
2023-08-29 18:56:22,332 [f5d5de74-035f-4e7b-b7e8-455c492d4758-groupManagement] INFO  server.RaftServerConfigKeys (ConfUtils.java:logGet(46)) - raft.server.log.statemachine.data.sync.timeout.retry = -1 (default)
2023-08-29 18:56:22,333 [f5d5de74-035f-4e7b-b7e8-455c492d4758-groupManagement] INFO  server.RaftServerConfigKeys (ConfUtils.java:logGet(46)) - raft.server.log.write.buffer.size = 1048576 (custom)
2023-08-29 18:56:22,333 [f5d5de74-035f-4e7b-b7e8-455c492d4758-groupManagement] INFO  server.RaftServerConfigKeys (ConfUtils.java:logGet(46)) - raft.server.log.appender.buffer.byte-limit = 33554432 (custom)
2023-08-29 18:56:22,338 [f5d5de74-035f-4e7b-b7e8-455c492d4758-groupManagement] INFO  server.RaftServerConfigKeys (ConfUtils.java:logGet(46)) - raft.server.log.unsafe-flush.enabled = false (default)
2023-08-29 18:56:22,338 [f5d5de74-035f-4e7b-b7e8-455c492d4758-groupManagement] INFO  server.RaftServerConfigKeys (ConfUtils.java:logGet(46)) - raft.server.log.async-flush.enabled = false (default)
2023-08-29 18:56:22,338 [f5d5de74-035f-4e7b-b7e8-455c492d4758-groupManagement] INFO  server.RaftServerConfigKeys (ConfUtils.java:logGet(46)) - raft.server.log.statemachine.data.caching.enabled = true (custom)
2023-08-29 18:56:22,338 [f5d5de74-035f-4e7b-b7e8-455c492d4758-groupManagement] INFO  segmented.SegmentedRaftLogWorker (SegmentedRaftLogWorker.java:lambda$new$0(135)) - f5d5de74-035f-4e7b-b7e8-455c492d4758@group-57184A628F4E-SegmentedRaftLogWorker: flushIndex: setUnconditionally 0 -> -1
2023-08-29 18:56:22,338 [f5d5de74-035f-4e7b-b7e8-455c492d4758-groupManagement] INFO  segmented.SegmentedRaftLogWorker (SegmentedRaftLogWorker.java:lambda$new$0(135)) - f5d5de74-035f-4e7b-b7e8-455c492d4758@group-57184A628F4E-SegmentedRaftLogWorker: safeCacheEvictIndex: setUnconditionally 0 -> -1
2023-08-29 18:56:22,340 [f5d5de74-035f-4e7b-b7e8-455c492d4758-groupManagement] INFO  server.RaftServer$Division (RaftServerImpl.java:start(342)) - f5d5de74-035f-4e7b-b7e8-455c492d4758@group-57184A628F4E: start as a follower, conf=-1: peers:[1088055f-b6dc-4993-819c-da5e568aeaf2|rpc:10.1.0.239:15191|admin:10.1.0.239:15190|client:10.1.0.239:15189|dataStream:10.1.0.239:15192|priority:1|startupRole:FOLLOWER, f5d5de74-035f-4e7b-b7e8-455c492d4758|rpc:10.1.0.239:15182|admin:10.1.0.239:15181|client:10.1.0.239:15180|dataStream:10.1.0.239:15183|priority:0|startupRole:FOLLOWER, fdf3821b-2737-47a5-9603-1a2dda162151|rpc:10.1.0.239:15173|admin:10.1.0.239:15172|client:10.1.0.239:15171|dataStream:10.1.0.239:15174|priority:0|startupRole:FOLLOWER]|listeners:[], old=null
2023-08-29 18:56:22,340 [f5d5de74-035f-4e7b-b7e8-455c492d4758-groupManagement] INFO  server.RaftServer$Division (RaftServerImpl.java:setRole(329)) - f5d5de74-035f-4e7b-b7e8-455c492d4758@group-57184A628F4E: changes role from      null to FOLLOWER at term 0 for startAsFollower
2023-08-29 18:56:22,340 [f5d5de74-035f-4e7b-b7e8-455c492d4758-groupManagement] INFO  impl.RoleInfo (RoleInfo.java:updateAndGet(139)) - f5d5de74-035f-4e7b-b7e8-455c492d4758: start f5d5de74-035f-4e7b-b7e8-455c492d4758@group-57184A628F4E-FollowerState
2023-08-29 18:56:22,344 [main] INFO  ozone.MiniOzoneClusterImpl (MiniOzoneClusterImpl.java:lambda$waitForClusterToBeReady$0(224)) - Nodes are ready. Got 5 of 5 DN Heartbeats.
2023-08-29 18:56:22,344 [main] INFO  ozone.MiniOzoneClusterImpl (MiniOzoneClusterImpl.java:lambda$waitForClusterToBeReady$0(227)) - Waiting for cluster to exit safe mode
2023-08-29 18:56:22,344 [main] INFO  ozone.MiniOzoneClusterImpl (MiniOzoneClusterImpl.java:lambda$waitForClusterToBeReady$0(229)) - SCM became leader
2023-08-29 18:56:22,345 [f5d5de74-035f-4e7b-b7e8-455c492d4758-groupManagement] INFO  util.JmxRegister (JmxRegister.java:tryRegister(44)) - Successfully registered JMX Bean with object name Ratis:service=RaftServer,group=group-57184A628F4E,id=f5d5de74-035f-4e7b-b7e8-455c492d4758
2023-08-29 18:56:22,345 [f5d5de74-035f-4e7b-b7e8-455c492d4758-groupManagement] INFO  server.RaftServerConfigKeys (ConfUtils.java:logGet(46)) - raft.server.snapshot.auto.trigger.enabled = true (custom)
2023-08-29 18:56:22,345 [f5d5de74-035f-4e7b-b7e8-455c492d4758-groupManagement] INFO  server.RaftServerConfigKeys (ConfUtils.java:logGet(46)) - raft.server.snapshot.auto.trigger.threshold = 10000 (custom)
2023-08-29 18:56:22,345 [f5d5de74-035f-4e7b-b7e8-455c492d4758-groupManagement] INFO  server.RaftServerConfigKeys (ConfUtils.java:logGet(46)) - raft.server.snapshot.retention.file.num = 5 (custom)
2023-08-29 18:56:22,345 [f5d5de74-035f-4e7b-b7e8-455c492d4758-groupManagement] INFO  server.RaftServerConfigKeys (ConfUtils.java:logGet(46)) - raft.server.log.purge.upto.snapshot.index = false (default)
2023-08-29 18:56:22,344 [f5d5de74-035f-4e7b-b7e8-455c492d4758@group-57184A628F4E-FollowerState] INFO  server.RaftServerConfigKeys (ConfUtils.java:logFallback(53)) - raft.server.rpc.first-election.timeout.min = 5s (fallback to raft.server.rpc.timeout.min)
2023-08-29 18:56:22,345 [f5d5de74-035f-4e7b-b7e8-455c492d4758@group-57184A628F4E-FollowerState] INFO  server.RaftServerConfigKeys (ConfUtils.java:logFallback(53)) - raft.server.rpc.first-election.timeout.max = 5200ms (fallback to raft.server.rpc.timeout.max)
2023-08-29 18:56:22,367 [grpc-default-executor-0] INFO  server.RaftServer (RaftServerProxy.java:addNew(98)) - 1088055f-b6dc-4993-819c-da5e568aeaf2: addNew group-57184A628F4E:[1088055f-b6dc-4993-819c-da5e568aeaf2|rpc:10.1.0.239:15191|admin:10.1.0.239:15190|client:10.1.0.239:15189|dataStream:10.1.0.239:15192|priority:1|startupRole:FOLLOWER, f5d5de74-035f-4e7b-b7e8-455c492d4758|rpc:10.1.0.239:15182|admin:10.1.0.239:15181|client:10.1.0.239:15180|dataStream:10.1.0.239:15183|priority:0|startupRole:FOLLOWER, fdf3821b-2737-47a5-9603-1a2dda162151|rpc:10.1.0.239:15173|admin:10.1.0.239:15172|client:10.1.0.239:15171|dataStream:10.1.0.239:15174|priority:0|startupRole:FOLLOWER] returns group-57184A628F4E:java.util.concurrent.CompletableFuture@5f9ff464[Not completed]
2023-08-29 18:56:22,367 [1088055f-b6dc-4993-819c-da5e568aeaf2-groupManagement] INFO  server.RaftServer$Division (RaftServerImpl.java:<init>(198)) - 1088055f-b6dc-4993-819c-da5e568aeaf2: new RaftServerImpl for group-57184A628F4E:[1088055f-b6dc-4993-819c-da5e568aeaf2|rpc:10.1.0.239:15191|admin:10.1.0.239:15190|client:10.1.0.239:15189|dataStream:10.1.0.239:15192|priority:1|startupRole:FOLLOWER, f5d5de74-035f-4e7b-b7e8-455c492d4758|rpc:10.1.0.239:15182|admin:10.1.0.239:15181|client:10.1.0.239:15180|dataStream:10.1.0.239:15183|priority:0|startupRole:FOLLOWER, fdf3821b-2737-47a5-9603-1a2dda162151|rpc:10.1.0.239:15173|admin:10.1.0.239:15172|client:10.1.0.239:15171|dataStream:10.1.0.239:15174|priority:0|startupRole:FOLLOWER] with ContainerStateMachine:uninitialized
2023-08-29 18:56:22,368 [1088055f-b6dc-4993-819c-da5e568aeaf2-groupManagement] INFO  server.RaftServerConfigKeys (ConfUtils.java:logGet(46)) - raft.server.rpc.timeout.min = 5s (custom)
2023-08-29 18:56:22,368 [1088055f-b6dc-4993-819c-da5e568aeaf2-groupManagement] INFO  server.RaftServerConfigKeys (ConfUtils.java:logGet(46)) - raft.server.rpc.timeout.max = 5200ms (custom)
2023-08-29 18:56:22,368 [1088055f-b6dc-4993-819c-da5e568aeaf2-groupManagement] INFO  server.RaftServerConfigKeys (ConfUtils.java:logGet(46)) - raft.server.rpc.sleep.time = 25ms (default)
2023-08-29 18:56:22,368 [1088055f-b6dc-4993-819c-da5e568aeaf2-groupManagement] INFO  server.RaftServerConfigKeys (ConfUtils.java:logGet(46)) - raft.server.rpc.slowness.timeout = 300s (custom)
2023-08-29 18:56:22,368 [1088055f-b6dc-4993-819c-da5e568aeaf2-groupManagement] INFO  server.RaftServerConfigKeys (ConfUtils.java:logGet(46)) - raft.server.leaderelection.leader.step-down.wait-time = 10s (default)
2023-08-29 18:56:22,368 [1088055f-b6dc-4993-819c-da5e568aeaf2-groupManagement] INFO  server.RaftServerConfigKeys (ConfUtils.java:logGet(46)) - raft.server.sleep.deviation.threshold = 300ms (default)
2023-08-29 18:56:22,368 [1088055f-b6dc-4993-819c-da5e568aeaf2-groupManagement] INFO  server.RaftServer$Division (ServerState.java:<init>(120)) - 1088055f-b6dc-4993-819c-da5e568aeaf2@group-57184A628F4E: ConfigurationManager, init=-1: peers:[1088055f-b6dc-4993-819c-da5e568aeaf2|rpc:10.1.0.239:15191|admin:10.1.0.239:15190|client:10.1.0.239:15189|dataStream:10.1.0.239:15192|priority:1|startupRole:FOLLOWER, f5d5de74-035f-4e7b-b7e8-455c492d4758|rpc:10.1.0.239:15182|admin:10.1.0.239:15181|client:10.1.0.239:15180|dataStream:10.1.0.239:15183|priority:0|startupRole:FOLLOWER, fdf3821b-2737-47a5-9603-1a2dda162151|rpc:10.1.0.239:15173|admin:10.1.0.239:15172|client:10.1.0.239:15171|dataStream:10.1.0.239:15174|priority:0|startupRole:FOLLOWER]|listeners:[], old=null, confs=<EMPTY_MAP>
2023-08-29 18:56:22,368 [1088055f-b6dc-4993-819c-da5e568aeaf2-groupManagement] INFO  server.RaftServerConfigKeys (ConfUtils.java:logGet(46)) - raft.server.storage.dir = [/home/runner/work/ozone/ozone/hadoop-ozone/integration-test/target/test-dir/MiniOzoneClusterImpl-b0dd14bf-3562-4743-8e4f-1fdeb49c931a/datanode-2/data/ratis] (custom)
2023-08-29 18:56:22,368 [1088055f-b6dc-4993-819c-da5e568aeaf2-groupManagement] INFO  server.RaftServerConfigKeys (ConfUtils.java:logGet(46)) - raft.server.log.corruption.policy = EXCEPTION (default)
2023-08-29 18:56:22,368 [1088055f-b6dc-4993-819c-da5e568aeaf2-groupManagement] INFO  server.RaftServerConfigKeys (ConfUtils.java:logGet(46)) - raft.server.storage.free-space.min = 0MB (=0) (default)
2023-08-29 18:56:22,368 [1088055f-b6dc-4993-819c-da5e568aeaf2-groupManagement] INFO  server.RaftServerConfigKeys (ConfUtils.java:logGet(46)) - raft.server.notification.no-leader.timeout = 300s (custom)
2023-08-29 18:56:22,368 [1088055f-b6dc-4993-819c-da5e568aeaf2-groupManagement] INFO  server.RaftServerConfigKeys (ConfUtils.java:logGet(46)) - raft.server.read.timeout = 10s (default)
2023-08-29 18:56:22,368 [1088055f-b6dc-4993-819c-da5e568aeaf2-groupManagement] INFO  server.RaftServerConfigKeys (ConfUtils.java:logGet(46)) - raft.server.retrycache.expirytime = 600000ms (custom)
2023-08-29 18:56:22,368 [1088055f-b6dc-4993-819c-da5e568aeaf2-groupManagement] INFO  server.RaftServerConfigKeys (ConfUtils.java:logGet(46)) - raft.server.retrycache.statistics.expirytime = 100μs (default)
2023-08-29 18:56:22,368 [1088055f-b6dc-4993-819c-da5e568aeaf2-groupManagement] INFO  server.RaftServerConfigKeys (ConfUtils.java:logGet(46)) - raft.server.read.option = DEFAULT (default)
2023-08-29 18:56:22,369 [1088055f-b6dc-4993-819c-da5e568aeaf2-groupManagement] INFO  server.RaftServerConfigKeys (ConfUtils.java:logGet(46)) - raft.server.rpc.request.timeout = 60s (custom)
2023-08-29 18:56:22,369 [1088055f-b6dc-4993-819c-da5e568aeaf2-groupManagement] INFO  server.RaftServerConfigKeys (ConfUtils.java:logGet(46)) - raft.server.log.appender.install.snapshot.enabled = false (custom)
2023-08-29 18:56:22,369 [1088055f-b6dc-4993-819c-da5e568aeaf2-groupManagement] INFO  server.RaftServerConfigKeys (ConfUtils.java:logGet(46)) - raft.server.threadpool.server.cached = true (default)
2023-08-29 18:56:22,369 [1088055f-b6dc-4993-819c-da5e568aeaf2-groupManagement] INFO  server.RaftServerConfigKeys (ConfUtils.java:logGet(46)) - raft.server.threadpool.server.size = 0 (default)
2023-08-29 18:56:22,369 [1088055f-b6dc-4993-819c-da5e568aeaf2-groupManagement] INFO  server.RaftServerConfigKeys (ConfUtils.java:logGet(46)) - raft.server.threadpool.client.cached = true (default)
2023-08-29 18:56:22,369 [1088055f-b6dc-4993-819c-da5e568aeaf2-groupManagement] INFO  server.RaftServerConfigKeys (ConfUtils.java:logGet(46)) - raft.server.threadpool.client.size = 0 (default)
2023-08-29 18:56:22,369 [1088055f-b6dc-4993-819c-da5e568aeaf2-groupManagement] INFO  storage.RaftStorageDirectory (RaftStorageDirectoryImpl.java:analyzeStorage(137)) - The storage directory /home/runner/work/ozone/ozone/hadoop-ozone/integration-test/target/test-dir/MiniOzoneClusterImpl-b0dd14bf-3562-4743-8e4f-1fdeb49c931a/datanode-2/data/ratis/1e344ecf-d299-443a-83ca-57184a628f4e does not exist. Creating ...
2023-08-29 18:56:22,370 [1088055f-b6dc-4993-819c-da5e568aeaf2-groupManagement] INFO  storage.RaftStorageDirectory (RaftStorageDirectoryImpl.java:tryLock(231)) - Lock on /home/runner/work/ozone/ozone/hadoop-ozone/integration-test/target/test-dir/MiniOzoneClusterImpl-b0dd14bf-3562-4743-8e4f-1fdeb49c931a/datanode-2/data/ratis/1e344ecf-d299-443a-83ca-57184a628f4e/in_use.lock acquired by nodename 61099@fv-az225-157
2023-08-29 18:56:22,371 [1088055f-b6dc-4993-819c-da5e568aeaf2-groupManagement] INFO  storage.RaftStorage (RaftStorageImpl.java:format(96)) - Storage directory /home/runner/work/ozone/ozone/hadoop-ozone/integration-test/target/test-dir/MiniOzoneClusterImpl-b0dd14bf-3562-4743-8e4f-1fdeb49c931a/datanode-2/data/ratis/1e344ecf-d299-443a-83ca-57184a628f4e has been successfully formatted.
2023-08-29 18:56:22,372 [1088055f-b6dc-4993-819c-da5e568aeaf2-groupManagement] INFO  ratis.ContainerStateMachine (ContainerStateMachine.java:loadSnapshot(262)) - group-57184A628F4E: The snapshot info is null. Setting the last applied indexto:(t:0, i:~)
2023-08-29 18:56:22,372 [1088055f-b6dc-4993-819c-da5e568aeaf2-groupManagement] INFO  server.RaftServerConfigKeys (ConfUtils.java:logGet(46)) - raft.server.log.use.memory = false (default)
2023-08-29 18:56:22,372 [1088055f-b6dc-4993-819c-da5e568aeaf2-groupManagement] INFO  server.RaftServerConfigKeys (ConfUtils.java:logGet(46)) - raft.server.log.purge.gap = 1000000 (custom)
2023-08-29 18:56:22,372 [1088055f-b6dc-4993-819c-da5e568aeaf2-groupManagement] INFO  server.RaftServerConfigKeys (ConfUtils.java:logGet(46)) - raft.server.log.appender.buffer.byte-limit = 33554432 (custom)
2023-08-29 18:56:22,372 [1088055f-b6dc-4993-819c-da5e568aeaf2-groupManagement] INFO  server.RaftServerConfigKeys (ConfUtils.java:logGet(46)) - raft.server.log.statemachine.data.read.timeout = 1000ms (default)
2023-08-29 18:56:22,372 [1088055f-b6dc-4993-819c-da5e568aeaf2-groupManagement] INFO  server.RaftServerConfigKeys (ConfUtils.java:logGet(46)) - raft.server.log.purge.preservation.log.num = 0 (default)
2023-08-29 18:56:22,372 [1088055f-b6dc-4993-819c-da5e568aeaf2-groupManagement] INFO  server.RaftServerConfigKeys (ConfUtils.java:logGet(46)) - raft.server.log.segment.size.max = 1048576 (custom)
2023-08-29 18:56:22,373 [1088055f-b6dc-4993-819c-da5e568aeaf2-groupManagement] INFO  server.RaftServerConfigKeys (ConfUtils.java:logGet(46)) - raft.server.log.segment.cache.num.max = 2 (custom)
2023-08-29 18:56:22,373 [1088055f-b6dc-4993-819c-da5e568aeaf2-groupManagement] INFO  server.RaftServerConfigKeys (ConfUtils.java:logGet(46)) - raft.server.log.segment.cache.size.max = 200MB (=209715200) (default)
2023-08-29 18:56:22,373 [1088055f-b6dc-4993-819c-da5e568aeaf2-groupManagement] INFO  server.RaftServerConfigKeys (ConfUtils.java:logGet(46)) - raft.server.log.appender.buffer.byte-limit = 33554432 (custom)
2023-08-29 18:56:22,373 [1088055f-b6dc-4993-819c-da5e568aeaf2-groupManagement] INFO  segmented.SegmentedRaftLogWorker (SegmentedRaftLogWorker.java:<init>(188)) - new 1088055f-b6dc-4993-819c-da5e568aeaf2@group-57184A628F4E-SegmentedRaftLogWorker for RaftStorageImpl:Storage Directory /home/runner/work/ozone/ozone/hadoop-ozone/integration-test/target/test-dir/MiniOzoneClusterImpl-b0dd14bf-3562-4743-8e4f-1fdeb49c931a/datanode-2/data/ratis/1e344ecf-d299-443a-83ca-57184a628f4e
2023-08-29 18:56:22,373 [1088055f-b6dc-4993-819c-da5e568aeaf2-groupManagement] INFO  server.RaftServerConfigKeys (ConfUtils.java:logGet(46)) - raft.server.log.queue.byte-limit = 4294967296 (custom)
2023-08-29 18:56:22,373 [1088055f-b6dc-4993-819c-da5e568aeaf2-groupManagement] INFO  server.RaftServerConfigKeys (ConfUtils.java:logGet(46)) - raft.server.log.queue.element-limit = 1024 (custom)
2023-08-29 18:56:22,373 [1088055f-b6dc-4993-819c-da5e568aeaf2-groupManagement] INFO  server.RaftServerConfigKeys (ConfUtils.java:logGet(46)) - raft.server.log.segment.size.max = 1048576 (custom)
2023-08-29 18:56:22,373 [1088055f-b6dc-4993-819c-da5e568aeaf2-groupManagement] INFO  server.RaftServerConfigKeys (ConfUtils.java:logGet(46)) - raft.server.log.preallocated.size = 16384 (custom)
2023-08-29 18:56:22,373 [1088055f-b6dc-4993-819c-da5e568aeaf2-groupManagement] INFO  server.RaftServerConfigKeys (ConfUtils.java:logGet(46)) - raft.server.log.force.sync.num = 128 (default)
2023-08-29 18:56:22,373 [1088055f-b6dc-4993-819c-da5e568aeaf2-groupManagement] INFO  server.RaftServerConfigKeys (ConfUtils.java:logGet(46)) - raft.server.log.statemachine.data.sync = true (default)
2023-08-29 18:56:22,373 [1088055f-b6dc-4993-819c-da5e568aeaf2-groupManagement] INFO  server.RaftServerConfigKeys (ConfUtils.java:logGet(46)) - raft.server.log.statemachine.data.sync.timeout = 10s (default)
2023-08-29 18:56:22,373 [1088055f-b6dc-4993-819c-da5e568aeaf2-groupManagement] INFO  server.RaftServerConfigKeys (ConfUtils.java:logGet(46)) - raft.server.log.statemachine.data.sync.timeout.retry = -1 (default)
2023-08-29 18:56:22,373 [1088055f-b6dc-4993-819c-da5e568aeaf2-groupManagement] INFO  server.RaftServerConfigKeys (ConfUtils.java:logGet(46)) - raft.server.log.write.buffer.size = 1048576 (custom)
2023-08-29 18:56:22,374 [1088055f-b6dc-4993-819c-da5e568aeaf2-groupManagement] INFO  server.RaftServerConfigKeys (ConfUtils.java:logGet(46)) - raft.server.log.appender.buffer.byte-limit = 33554432 (custom)
2023-08-29 18:56:22,378 [1088055f-b6dc-4993-819c-da5e568aeaf2-groupManagement] INFO  server.RaftServerConfigKeys (ConfUtils.java:logGet(46)) - raft.server.log.unsafe-flush.enabled = false (default)
2023-08-29 18:56:22,378 [1088055f-b6dc-4993-819c-da5e568aeaf2-groupManagement] INFO  server.RaftServerConfigKeys (ConfUtils.java:logGet(46)) - raft.server.log.async-flush.enabled = false (default)
2023-08-29 18:56:22,379 [1088055f-b6dc-4993-819c-da5e568aeaf2-groupManagement] INFO  server.RaftServerConfigKeys (ConfUtils.java:logGet(46)) - raft.server.log.statemachine.data.caching.enabled = true (custom)
2023-08-29 18:56:22,379 [1088055f-b6dc-4993-819c-da5e568aeaf2-groupManagement] INFO  segmented.SegmentedRaftLogWorker (SegmentedRaftLogWorker.java:lambda$new$0(135)) - 1088055f-b6dc-4993-819c-da5e568aeaf2@group-57184A628F4E-SegmentedRaftLogWorker: flushIndex: setUnconditionally 0 -> -1
2023-08-29 18:56:22,379 [1088055f-b6dc-4993-819c-da5e568aeaf2-groupManagement] INFO  segmented.SegmentedRaftLogWorker (SegmentedRaftLogWorker.java:lambda$new$0(135)) - 1088055f-b6dc-4993-819c-da5e568aeaf2@group-57184A628F4E-SegmentedRaftLogWorker: safeCacheEvictIndex: setUnconditionally 0 -> -1
2023-08-29 18:56:22,380 [1088055f-b6dc-4993-819c-da5e568aeaf2-groupManagement] INFO  server.RaftServer$Division (RaftServerImpl.java:start(342)) - 1088055f-b6dc-4993-819c-da5e568aeaf2@group-57184A628F4E: start as a follower, conf=-1: peers:[1088055f-b6dc-4993-819c-da5e568aeaf2|rpc:10.1.0.239:15191|admin:10.1.0.239:15190|client:10.1.0.239:15189|dataStream:10.1.0.239:15192|priority:1|startupRole:FOLLOWER, f5d5de74-035f-4e7b-b7e8-455c492d4758|rpc:10.1.0.239:15182|admin:10.1.0.239:15181|client:10.1.0.239:15180|dataStream:10.1.0.239:15183|priority:0|startupRole:FOLLOWER, fdf3821b-2737-47a5-9603-1a2dda162151|rpc:10.1.0.239:15173|admin:10.1.0.239:15172|client:10.1.0.239:15171|dataStream:10.1.0.239:15174|priority:0|startupRole:FOLLOWER]|listeners:[], old=null
2023-08-29 18:56:22,380 [1088055f-b6dc-4993-819c-da5e568aeaf2-groupManagement] INFO  server.RaftServer$Division (RaftServerImpl.java:setRole(329)) - 1088055f-b6dc-4993-819c-da5e568aeaf2@group-57184A628F4E: changes role from      null to FOLLOWER at term 0 for startAsFollower
2023-08-29 18:56:22,380 [1088055f-b6dc-4993-819c-da5e568aeaf2-groupManagement] INFO  impl.RoleInfo (RoleInfo.java:updateAndGet(139)) - 1088055f-b6dc-4993-819c-da5e568aeaf2: start 1088055f-b6dc-4993-819c-da5e568aeaf2@group-57184A628F4E-FollowerState
2023-08-29 18:56:22,384 [1088055f-b6dc-4993-819c-da5e568aeaf2-groupManagement] INFO  util.JmxRegister (JmxRegister.java:tryRegister(44)) - Successfully registered JMX Bean with object name Ratis:service=RaftServer,group=group-57184A628F4E,id=1088055f-b6dc-4993-819c-da5e568aeaf2
2023-08-29 18:56:22,384 [1088055f-b6dc-4993-819c-da5e568aeaf2-groupManagement] INFO  server.RaftServerConfigKeys (ConfUtils.java:logGet(46)) - raft.server.snapshot.auto.trigger.enabled = true (custom)
2023-08-29 18:56:22,384 [1088055f-b6dc-4993-819c-da5e568aeaf2-groupManagement] INFO  server.RaftServerConfigKeys (ConfUtils.java:logGet(46)) - raft.server.snapshot.auto.trigger.threshold = 10000 (custom)
2023-08-29 18:56:22,384 [1088055f-b6dc-4993-819c-da5e568aeaf2-groupManagement] INFO  server.RaftServerConfigKeys (ConfUtils.java:logGet(46)) - raft.server.snapshot.retention.file.num = 5 (custom)
2023-08-29 18:56:22,384 [1088055f-b6dc-4993-819c-da5e568aeaf2-groupManagement] INFO  server.RaftServerConfigKeys (ConfUtils.java:logGet(46)) - raft.server.log.purge.upto.snapshot.index = false (default)
2023-08-29 18:56:22,384 [1088055f-b6dc-4993-819c-da5e568aeaf2@group-57184A628F4E-FollowerState] INFO  server.RaftServerConfigKeys (ConfUtils.java:logFallback(53)) - raft.server.rpc.first-election.timeout.min = 5s (fallback to raft.server.rpc.timeout.min)
2023-08-29 18:56:22,384 [1088055f-b6dc-4993-819c-da5e568aeaf2@group-57184A628F4E-FollowerState] INFO  server.RaftServerConfigKeys (ConfUtils.java:logFallback(53)) - raft.server.rpc.first-election.timeout.max = 5200ms (fallback to raft.server.rpc.timeout.max)
2023-08-29 18:56:22,392 [PipelineCommandHandlerThread-0] INFO  commandhandler.CreatePipelineCommandHandler (CreatePipelineCommandHandler.java:lambda$handle$2(124)) - Created Pipeline RATIS THREE PipelineID=1e344ecf-d299-443a-83ca-57184a628f4e.
2023-08-29 18:56:22,393 [fdf3821b-2737-47a5-9603-1a2dda162151-groupManagement] INFO  server.RaftServer$Division (RaftServerImpl.java:<init>(198)) - fdf3821b-2737-47a5-9603-1a2dda162151: new RaftServerImpl for group-7B4AB808D853:[1088055f-b6dc-4993-819c-da5e568aeaf2|rpc:10.1.0.239:15191|admin:10.1.0.239:15190|client:10.1.0.239:15189|dataStream:10.1.0.239:15192|priority:0|startupRole:FOLLOWER, f5d5de74-035f-4e7b-b7e8-455c492d4758|rpc:10.1.0.239:15182|admin:10.1.0.239:15181|client:10.1.0.239:15180|dataStream:10.1.0.239:15183|priority:0|startupRole:FOLLOWER, fdf3821b-2737-47a5-9603-1a2dda162151|rpc:10.1.0.239:15173|admin:10.1.0.239:15172|client:10.1.0.239:15171|dataStream:10.1.0.239:15174|priority:1|startupRole:FOLLOWER] with ContainerStateMachine:uninitialized
2023-08-29 18:56:22,393 [fdf3821b-2737-47a5-9603-1a2dda162151-groupManagement] INFO  server.RaftServerConfigKeys (ConfUtils.java:logGet(46)) - raft.server.rpc.timeout.min = 5s (custom)
2023-08-29 18:56:22,393 [fdf3821b-2737-47a5-9603-1a2dda162151-groupManagement] INFO  server.RaftServerConfigKeys (ConfUtils.java:logGet(46)) - raft.server.rpc.timeout.max = 5200ms (custom)
2023-08-29 18:56:22,393 [fdf3821b-2737-47a5-9603-1a2dda162151-groupManagement] INFO  server.RaftServerConfigKeys (ConfUtils.java:logGet(46)) - raft.server.rpc.sleep.time = 25ms (default)
2023-08-29 18:56:22,393 [fdf3821b-2737-47a5-9603-1a2dda162151-groupManagement] INFO  server.RaftServerConfigKeys (ConfUtils.java:logGet(46)) - raft.server.rpc.slowness.timeout = 300s (custom)
2023-08-29 18:56:22,393 [fdf3821b-2737-47a5-9603-1a2dda162151-groupManagement] INFO  server.RaftServerConfigKeys (ConfUtils.java:logGet(46)) - raft.server.leaderelection.leader.step-down.wait-time = 10s (default)
2023-08-29 18:56:22,393 [fdf3821b-2737-47a5-9603-1a2dda162151-groupManagement] INFO  server.RaftServerConfigKeys (ConfUtils.java:logGet(46)) - raft.server.sleep.deviation.threshold = 300ms (default)
2023-08-29 18:56:22,393 [fdf3821b-2737-47a5-9603-1a2dda162151-groupManagement] INFO  server.RaftServer$Division (ServerState.java:<init>(120)) - fdf3821b-2737-47a5-9603-1a2dda162151@group-7B4AB808D853: ConfigurationManager, init=-1: peers:[1088055f-b6dc-4993-819c-da5e568aeaf2|rpc:10.1.0.239:15191|admin:10.1.0.239:15190|client:10.1.0.239:15189|dataStream:10.1.0.239:15192|priority:0|startupRole:FOLLOWER, f5d5de74-035f-4e7b-b7e8-455c492d4758|rpc:10.1.0.239:15182|admin:10.1.0.239:15181|client:10.1.0.239:15180|dataStream:10.1.0.239:15183|priority:0|startupRole:FOLLOWER, fdf3821b-2737-47a5-9603-1a2dda162151|rpc:10.1.0.239:15173|admin:10.1.0.239:15172|client:10.1.0.239:15171|dataStream:10.1.0.239:15174|priority:1|startupRole:FOLLOWER]|listeners:[], old=null, confs=<EMPTY_MAP>
2023-08-29 18:56:22,393 [fdf3821b-2737-47a5-9603-1a2dda162151-groupManagement] INFO  server.RaftServerConfigKeys (ConfUtils.java:logGet(46)) - raft.server.storage.dir = [/home/runner/work/ozone/ozone/hadoop-ozone/integration-test/target/test-dir/MiniOzoneClusterImpl-b0dd14bf-3562-4743-8e4f-1fdeb49c931a/datanode-0/data/ratis] (custom)
2023-08-29 18:56:22,393 [fdf3821b-2737-47a5-9603-1a2dda162151-groupManagement] INFO  server.RaftServerConfigKeys (ConfUtils.java:logGet(46)) - raft.server.log.corruption.policy = EXCEPTION (default)
2023-08-29 18:56:22,393 [fdf3821b-2737-47a5-9603-1a2dda162151-groupManagement] INFO  server.RaftServerConfigKeys (ConfUtils.java:logGet(46)) - raft.server.storage.free-space.min = 0MB (=0) (default)
2023-08-29 18:56:22,393 [fdf3821b-2737-47a5-9603-1a2dda162151-groupManagement] INFO  server.RaftServerConfigKeys (ConfUtils.java:logGet(46)) - raft.server.notification.no-leader.timeout = 300s (custom)
2023-08-29 18:56:22,393 [fdf3821b-2737-47a5-9603-1a2dda162151-groupManagement] INFO  server.RaftServerConfigKeys (ConfUtils.java:logGet(46)) - raft.server.read.timeout = 10s (default)
2023-08-29 18:56:22,393 [fdf3821b-2737-47a5-9603-1a2dda162151-groupManagement] INFO  server.RaftServerConfigKeys (ConfUtils.java:logGet(46)) - raft.server.retrycache.expirytime = 600000ms (custom)
2023-08-29 18:56:22,393 [fdf3821b-2737-47a5-9603-1a2dda162151-groupManagement] INFO  server.RaftServerConfigKeys (ConfUtils.java:logGet(46)) - raft.server.retrycache.statistics.expirytime = 100μs (default)
2023-08-29 18:56:22,394 [fdf3821b-2737-47a5-9603-1a2dda162151-groupManagement] INFO  server.RaftServerConfigKeys (ConfUtils.java:logGet(46)) - raft.server.read.option = DEFAULT (default)
2023-08-29 18:56:22,394 [fdf3821b-2737-47a5-9603-1a2dda162151-groupManagement] INFO  server.RaftServerConfigKeys (ConfUtils.java:logGet(46)) - raft.server.rpc.request.timeout = 60s (custom)
2023-08-29 18:56:22,394 [fdf3821b-2737-47a5-9603-1a2dda162151-groupManagement] INFO  server.RaftServerConfigKeys (ConfUtils.java:logGet(46)) - raft.server.log.appender.install.snapshot.enabled = false (custom)
2023-08-29 18:56:22,394 [fdf3821b-2737-47a5-9603-1a2dda162151-groupManagement] INFO  server.RaftServerConfigKeys (ConfUtils.java:logGet(46)) - raft.server.threadpool.server.cached = true (default)
2023-08-29 18:56:22,394 [fdf3821b-2737-47a5-9603-1a2dda162151-groupManagement] INFO  server.RaftServerConfigKeys (ConfUtils.java:logGet(46)) - raft.server.threadpool.server.size = 0 (default)
2023-08-29 18:56:22,394 [fdf3821b-2737-47a5-9603-1a2dda162151-groupManagement] INFO  server.RaftServerConfigKeys (ConfUtils.java:logGet(46)) - raft.server.threadpool.client.cached = true (default)
2023-08-29 18:56:22,394 [fdf3821b-2737-47a5-9603-1a2dda162151-groupManagement] INFO  server.RaftServerConfigKeys (ConfUtils.java:logGet(46)) - raft.server.threadpool.client.size = 0 (default)
2023-08-29 18:56:22,394 [PipelineCommandHandlerThread-0] INFO  server.RaftServer (RaftServerProxy.java:addNew(98)) - fdf3821b-2737-47a5-9603-1a2dda162151: addNew group-7B4AB808D853:[1088055f-b6dc-4993-819c-da5e568aeaf2|rpc:10.1.0.239:15191|admin:10.1.0.239:15190|client:10.1.0.239:15189|dataStream:10.1.0.239:15192|priority:0|startupRole:FOLLOWER, f5d5de74-035f-4e7b-b7e8-455c492d4758|rpc:10.1.0.239:15182|admin:10.1.0.239:15181|client:10.1.0.239:15180|dataStream:10.1.0.239:15183|priority:0|startupRole:FOLLOWER, fdf3821b-2737-47a5-9603-1a2dda162151|rpc:10.1.0.239:15173|admin:10.1.0.239:15172|client:10.1.0.239:15171|dataStream:10.1.0.239:15174|priority:1|startupRole:FOLLOWER] returns group-7B4AB808D853:java.util.concurrent.CompletableFuture@359ce1e6[Not completed]
2023-08-29 18:56:22,394 [fdf3821b-2737-47a5-9603-1a2dda162151-groupManagement] INFO  storage.RaftStorageDirectory (RaftStorageDirectoryImpl.java:analyzeStorage(137)) - The storage directory /home/runner/work/ozone/ozone/hadoop-ozone/integration-test/target/test-dir/MiniOzoneClusterImpl-b0dd14bf-3562-4743-8e4f-1fdeb49c931a/datanode-0/data/ratis/45eb0e36-4030-4602-a5d4-7b4ab808d853 does not exist. Creating ...
2023-08-29 18:56:22,396 [fdf3821b-2737-47a5-9603-1a2dda162151-groupManagement] INFO  storage.RaftStorageDirectory (RaftStorageDirectoryImpl.java:tryLock(231)) - Lock on /home/runner/work/ozone/ozone/hadoop-ozone/integration-test/target/test-dir/MiniOzoneClusterImpl-b0dd14bf-3562-4743-8e4f-1fdeb49c931a/datanode-0/data/ratis/45eb0e36-4030-4602-a5d4-7b4ab808d853/in_use.lock acquired by nodename 61099@fv-az225-157
2023-08-29 18:56:22,397 [fdf3821b-2737-47a5-9603-1a2dda162151-groupManagement] INFO  storage.RaftStorage (RaftStorageImpl.java:format(96)) - Storage directory /home/runner/work/ozone/ozone/hadoop-ozone/integration-test/target/test-dir/MiniOzoneClusterImpl-b0dd14bf-3562-4743-8e4f-1fdeb49c931a/datanode-0/data/ratis/45eb0e36-4030-4602-a5d4-7b4ab808d853 has been successfully formatted.
2023-08-29 18:56:22,398 [fdf3821b-2737-47a5-9603-1a2dda162151-groupManagement] INFO  ratis.ContainerStateMachine (ContainerStateMachine.java:loadSnapshot(262)) - group-7B4AB808D853: The snapshot info is null. Setting the last applied indexto:(t:0, i:~)
2023-08-29 18:56:22,399 [EventQueue-OpenPipelineForHealthyPipelineSafeModeRule] INFO  safemode.SCMSafeModeManager (HealthyPipelineSafeModeRule.java:process(137)) - SCM in safe mode. Healthy pipelines reported count is 0, required healthy pipeline reported count is 1
2023-08-29 18:56:22,399 [fdf3821b-2737-47a5-9603-1a2dda162151-groupManagement] INFO  server.RaftServerConfigKeys (ConfUtils.java:logGet(46)) - raft.server.log.use.memory = false (default)
2023-08-29 18:56:22,400 [fdf3821b-2737-47a5-9603-1a2dda162151-groupManagement] INFO  server.RaftServerConfigKeys (ConfUtils.java:logGet(46)) - raft.server.log.purge.gap = 1000000 (custom)
2023-08-29 18:56:22,400 [fdf3821b-2737-47a5-9603-1a2dda162151-groupManagement] INFO  server.RaftServerConfigKeys (ConfUtils.java:logGet(46)) - raft.server.log.appender.buffer.byte-limit = 33554432 (custom)
2023-08-29 18:56:22,400 [fdf3821b-2737-47a5-9603-1a2dda162151-groupManagement] INFO  server.RaftServerConfigKeys (ConfUtils.java:logGet(46)) - raft.server.log.statemachine.data.read.timeout = 1000ms (default)
2023-08-29 18:56:22,400 [fdf3821b-2737-47a5-9603-1a2dda162151-groupManagement] INFO  server.RaftServerConfigKeys (ConfUtils.java:logGet(46)) - raft.server.log.purge.preservation.log.num = 0 (default)
2023-08-29 18:56:22,400 [fdf3821b-2737-47a5-9603-1a2dda162151-groupManagement] INFO  server.RaftServerConfigKeys (ConfUtils.java:logGet(46)) - raft.server.log.segment.size.max = 1048576 (custom)
2023-08-29 18:56:22,400 [fdf3821b-2737-47a5-9603-1a2dda162151-groupManagement] INFO  server.RaftServerConfigKeys (ConfUtils.java:logGet(46)) - raft.server.log.segment.cache.num.max = 2 (custom)
2023-08-29 18:56:22,400 [fdf3821b-2737-47a5-9603-1a2dda162151-groupManagement] INFO  server.RaftServerConfigKeys (ConfUtils.java:logGet(46)) - raft.server.log.segment.cache.size.max = 200MB (=209715200) (default)
2023-08-29 18:56:22,400 [fdf3821b-2737-47a5-9603-1a2dda162151-groupManagement] INFO  server.RaftServerConfigKeys (ConfUtils.java:logGet(46)) - raft.server.log.appender.buffer.byte-limit = 33554432 (custom)
2023-08-29 18:56:22,400 [fdf3821b-2737-47a5-9603-1a2dda162151-groupManagement] INFO  segmented.SegmentedRaftLogWorker (SegmentedRaftLogWorker.java:<init>(188)) - new fdf3821b-2737-47a5-9603-1a2dda162151@group-7B4AB808D853-SegmentedRaftLogWorker for RaftStorageImpl:Storage Directory /home/runner/work/ozone/ozone/hadoop-ozone/integration-test/target/test-dir/MiniOzoneClusterImpl-b0dd14bf-3562-4743-8e4f-1fdeb49c931a/datanode-0/data/ratis/45eb0e36-4030-4602-a5d4-7b4ab808d853
2023-08-29 18:56:22,400 [fdf3821b-2737-47a5-9603-1a2dda162151-groupManagement] INFO  server.RaftServerConfigKeys (ConfUtils.java:logGet(46)) - raft.server.log.queue.byte-limit = 4294967296 (custom)
2023-08-29 18:56:22,400 [fdf3821b-2737-47a5-9603-1a2dda162151-groupManagement] INFO  server.RaftServerConfigKeys (ConfUtils.java:logGet(46)) - raft.server.log.queue.element-limit = 1024 (custom)
2023-08-29 18:56:22,400 [fdf3821b-2737-47a5-9603-1a2dda162151-groupManagement] INFO  server.RaftServerConfigKeys (ConfUtils.java:logGet(46)) - raft.server.log.segment.size.max = 1048576 (custom)
2023-08-29 18:56:22,400 [fdf3821b-2737-47a5-9603-1a2dda162151-groupManagement] INFO  server.RaftServerConfigKeys (ConfUtils.java:logGet(46)) - raft.server.log.preallocated.size = 16384 (custom)
2023-08-29 18:56:22,400 [fdf3821b-2737-47a5-9603-1a2dda162151-groupManagement] INFO  server.RaftServerConfigKeys (ConfUtils.java:logGet(46)) - raft.server.log.force.sync.num = 128 (default)
2023-08-29 18:56:22,400 [fdf3821b-2737-47a5-9603-1a2dda162151-groupManagement] INFO  server.RaftServerConfigKeys (ConfUtils.java:logGet(46)) - raft.server.log.statemachine.data.sync = true (default)
2023-08-29 18:56:22,400 [fdf3821b-2737-47a5-9603-1a2dda162151-groupManagement] INFO  server.RaftServerConfigKeys (ConfUtils.java:logGet(46)) - raft.server.log.statemachine.data.sync.timeout = 10s (default)
2023-08-29 18:56:22,400 [fdf3821b-2737-47a5-9603-1a2dda162151-groupManagement] INFO  server.RaftServerConfigKeys (ConfUtils.java:logGet(46)) - raft.server.log.statemachine.data.sync.timeout.retry = -1 (default)
2023-08-29 18:56:22,401 [fdf3821b-2737-47a5-9603-1a2dda162151-groupManagement] INFO  server.RaftServerConfigKeys (ConfUtils.java:logGet(46)) - raft.server.log.write.buffer.size = 1048576 (custom)
2023-08-29 18:56:22,401 [fdf3821b-2737-47a5-9603-1a2dda162151-groupManagement] INFO  server.RaftServerConfigKeys (ConfUtils.java:logGet(46)) - raft.server.log.appender.buffer.byte-limit = 33554432 (custom)
2023-08-29 18:56:22,406 [fdf3821b-2737-47a5-9603-1a2dda162151-groupManagement] INFO  server.RaftServerConfigKeys (ConfUtils.java:logGet(46)) - raft.server.log.unsafe-flush.enabled = false (default)
2023-08-29 18:56:22,406 [fdf3821b-2737-47a5-9603-1a2dda162151-groupManagement] INFO  server.RaftServerConfigKeys (ConfUtils.java:logGet(46)) - raft.server.log.async-flush.enabled = false (default)
2023-08-29 18:56:22,406 [fdf3821b-2737-47a5-9603-1a2dda162151-groupManagement] INFO  server.RaftServerConfigKeys (ConfUtils.java:logGet(46)) - raft.server.log.statemachine.data.caching.enabled = true (custom)
2023-08-29 18:56:22,406 [fdf3821b-2737-47a5-9603-1a2dda162151-groupManagement] INFO  segmented.SegmentedRaftLogWorker (SegmentedRaftLogWorker.java:lambda$new$0(135)) - fdf3821b-2737-47a5-9603-1a2dda162151@group-7B4AB808D853-SegmentedRaftLogWorker: flushIndex: setUnconditionally 0 -> -1
2023-08-29 18:56:22,406 [fdf3821b-2737-47a5-9603-1a2dda162151-groupManagement] INFO  segmented.SegmentedRaftLogWorker (SegmentedRaftLogWorker.java:lambda$new$0(135)) - fdf3821b-2737-47a5-9603-1a2dda162151@group-7B4AB808D853-SegmentedRaftLogWorker: safeCacheEvictIndex: setUnconditionally 0 -> -1
2023-08-29 18:56:22,406 [fdf3821b-2737-47a5-9603-1a2dda162151-groupManagement] INFO  server.RaftServer$Division (RaftServerImpl.java:start(342)) - fdf3821b-2737-47a5-9603-1a2dda162151@group-7B4AB808D853: start as a follower, conf=-1: peers:[1088055f-b6dc-4993-819c-da5e568aeaf2|rpc:10.1.0.239:15191|admin:10.1.0.239:15190|client:10.1.0.239:15189|dataStream:10.1.0.239:15192|priority:0|startupRole:FOLLOWER, f5d5de74-035f-4e7b-b7e8-455c492d4758|rpc:10.1.0.239:15182|admin:10.1.0.239:15181|client:10.1.0.239:15180|dataStream:10.1.0.239:15183|priority:0|startupRole:FOLLOWER, fdf3821b-2737-47a5-9603-1a2dda162151|rpc:10.1.0.239:15173|admin:10.1.0.239:15172|client:10.1.0.239:15171|dataStream:10.1.0.239:15174|priority:1|startupRole:FOLLOWER]|listeners:[], old=null
2023-08-29 18:56:22,406 [fdf3821b-2737-47a5-9603-1a2dda162151-groupManagement] INFO  server.RaftServer$Division (RaftServerImpl.java:setRole(329)) - fdf3821b-2737-47a5-9603-1a2dda162151@group-7B4AB808D853: changes role from      null to FOLLOWER at term 0 for startAsFollower
2023-08-29 18:56:22,406 [fdf3821b-2737-47a5-9603-1a2dda162151-groupManagement] INFO  impl.RoleInfo (RoleInfo.java:updateAndGet(139)) - fdf3821b-2737-47a5-9603-1a2dda162151: start fdf3821b-2737-47a5-9603-1a2dda162151@group-7B4AB808D853-FollowerState
2023-08-29 18:56:22,411 [fdf3821b-2737-47a5-9603-1a2dda162151-groupManagement] INFO  util.JmxRegister (JmxRegister.java:tryRegister(44)) - Successfully registered JMX Bean with object name Ratis:service=RaftServer,group=group-7B4AB808D853,id=fdf3821b-2737-47a5-9603-1a2dda162151
2023-08-29 18:56:22,411 [fdf3821b-2737-47a5-9603-1a2dda162151-groupManagement] INFO  server.RaftServerConfigKeys (ConfUtils.java:logGet(46)) - raft.server.snapshot.auto.trigger.enabled = true (custom)
2023-08-29 18:56:22,411 [fdf3821b-2737-47a5-9603-1a2dda162151-groupManagement] INFO  server.RaftServerConfigKeys (ConfUtils.java:logGet(46)) - raft.server.snapshot.auto.trigger.threshold = 10000 (custom)
2023-08-29 18:56:22,411 [fdf3821b-2737-47a5-9603-1a2dda162151-groupManagement] INFO  server.RaftServerConfigKeys (ConfUtils.java:logGet(46)) - raft.server.snapshot.retention.file.num = 5 (custom)
2023-08-29 18:56:22,411 [fdf3821b-2737-47a5-9603-1a2dda162151-groupManagement] INFO  server.RaftServerConfigKeys (ConfUtils.java:logGet(46)) - raft.server.log.purge.upto.snapshot.index = false (default)
2023-08-29 18:56:22,412 [fdf3821b-2737-47a5-9603-1a2dda162151@group-7B4AB808D853-FollowerState] INFO  server.RaftServerConfigKeys (ConfUtils.java:logFallback(53)) - raft.server.rpc.first-election.timeout.min = 5s (fallback to raft.server.rpc.timeout.min)
2023-08-29 18:56:22,412 [fdf3821b-2737-47a5-9603-1a2dda162151@group-7B4AB808D853-FollowerState] INFO  server.RaftServerConfigKeys (ConfUtils.java:logFallback(53)) - raft.server.rpc.first-election.timeout.max = 5200ms (fallback to raft.server.rpc.timeout.max)
2023-08-29 18:56:22,412 [PipelineCommandHandlerThread-0] INFO  ratis.XceiverServerRatis (XceiverServerRatis.java:addGroup(804)) - Created group PipelineID=45eb0e36-4030-4602-a5d4-7b4ab808d853
2023-08-29 18:56:22,423 [grpc-default-executor-0] INFO  server.RaftServer (RaftServerProxy.java:addNew(98)) - 1088055f-b6dc-4993-819c-da5e568aeaf2: addNew group-7B4AB808D853:[1088055f-b6dc-4993-819c-da5e568aeaf2|rpc:10.1.0.239:15191|admin:10.1.0.239:15190|client:10.1.0.239:15189|dataStream:10.1.0.239:15192|priority:0|startupRole:FOLLOWER, f5d5de74-035f-4e7b-b7e8-455c492d4758|rpc:10.1.0.239:15182|admin:10.1.0.239:15181|client:10.1.0.239:15180|dataStream:10.1.0.239:15183|priority:0|startupRole:FOLLOWER, fdf3821b-2737-47a5-9603-1a2dda162151|rpc:10.1.0.239:15173|admin:10.1.0.239:15172|client:10.1.0.239:15171|dataStream:10.1.0.239:15174|priority:1|startupRole:FOLLOWER] returns group-7B4AB808D853:java.util.concurrent.CompletableFuture@792eaf5f[Not completed]
2023-08-29 18:56:22,423 [1088055f-b6dc-4993-819c-da5e568aeaf2-groupManagement] INFO  server.RaftServer$Division (RaftServerImpl.java:<init>(198)) - 1088055f-b6dc-4993-819c-da5e568aeaf2: new RaftServerImpl for group-7B4AB808D853:[1088055f-b6dc-4993-819c-da5e568aeaf2|rpc:10.1.0.239:15191|admin:10.1.0.239:15190|client:10.1.0.239:15189|dataStream:10.1.0.239:15192|priority:0|startupRole:FOLLOWER, f5d5de74-035f-4e7b-b7e8-455c492d4758|rpc:10.1.0.239:15182|admin:10.1.0.239:15181|client:10.1.0.239:15180|dataStream:10.1.0.239:15183|priority:0|startupRole:FOLLOWER, fdf3821b-2737-47a5-9603-1a2dda162151|rpc:10.1.0.239:15173|admin:10.1.0.239:15172|client:10.1.0.239:15171|dataStream:10.1.0.239:15174|priority:1|startupRole:FOLLOWER] with ContainerStateMachine:uninitialized
2023-08-29 18:56:22,423 [1088055f-b6dc-4993-819c-da5e568aeaf2-groupManagement] INFO  server.RaftServerConfigKeys (ConfUtils.java:logGet(46)) - raft.server.rpc.timeout.min = 5s (custom)
2023-08-29 18:56:22,424 [1088055f-b6dc-4993-819c-da5e568aeaf2-groupManagement] INFO  server.RaftServerConfigKeys (ConfUtils.java:logGet(46)) - raft.server.rpc.timeout.max = 5200ms (custom)
2023-08-29 18:56:22,424 [1088055f-b6dc-4993-819c-da5e568aeaf2-groupManagement] INFO  server.RaftServerConfigKeys (ConfUtils.java:logGet(46)) - raft.server.rpc.sleep.time = 25ms (default)
2023-08-29 18:56:22,424 [1088055f-b6dc-4993-819c-da5e568aeaf2-groupManagement] INFO  server.RaftServerConfigKeys (ConfUtils.java:logGet(46)) - raft.server.rpc.slowness.timeout = 300s (custom)
2023-08-29 18:56:22,424 [1088055f-b6dc-4993-819c-da5e568aeaf2-groupManagement] INFO  server.RaftServerConfigKeys (ConfUtils.java:logGet(46)) - raft.server.leaderelection.leader.step-down.wait-time = 10s (default)
2023-08-29 18:56:22,424 [1088055f-b6dc-4993-819c-da5e568aeaf2-groupManagement] INFO  server.RaftServerConfigKeys (ConfUtils.java:logGet(46)) - raft.server.sleep.deviation.threshold = 300ms (default)
2023-08-29 18:56:22,424 [1088055f-b6dc-4993-819c-da5e568aeaf2-groupManagement] INFO  server.RaftServer$Division (ServerState.java:<init>(120)) - 1088055f-b6dc-4993-819c-da5e568aeaf2@group-7B4AB808D853: ConfigurationManager, init=-1: peers:[1088055f-b6dc-4993-819c-da5e568aeaf2|rpc:10.1.0.239:15191|admin:10.1.0.239:15190|client:10.1.0.239:15189|dataStream:10.1.0.239:15192|priority:0|startupRole:FOLLOWER, f5d5de74-035f-4e7b-b7e8-455c492d4758|rpc:10.1.0.239:15182|admin:10.1.0.239:15181|client:10.1.0.239:15180|dataStream:10.1.0.239:15183|priority:0|startupRole:FOLLOWER, fdf3821b-2737-47a5-9603-1a2dda162151|rpc:10.1.0.239:15173|admin:10.1.0.239:15172|client:10.1.0.239:15171|dataStream:10.1.0.239:15174|priority:1|startupRole:FOLLOWER]|listeners:[], old=null, confs=<EMPTY_MAP>
2023-08-29 18:56:22,424 [1088055f-b6dc-4993-819c-da5e568aeaf2-groupManagement] INFO  server.RaftServerConfigKeys (ConfUtils.java:logGet(46)) - raft.server.storage.dir = [/home/runner/work/ozone/ozone/hadoop-ozone/integration-test/target/test-dir/MiniOzoneClusterImpl-b0dd14bf-3562-4743-8e4f-1fdeb49c931a/datanode-2/data/ratis] (custom)
2023-08-29 18:56:22,424 [1088055f-b6dc-4993-819c-da5e568aeaf2-groupManagement] INFO  server.RaftServerConfigKeys (ConfUtils.java:logGet(46)) - raft.server.log.corruption.policy = EXCEPTION (default)
2023-08-29 18:56:22,424 [1088055f-b6dc-4993-819c-da5e568aeaf2-groupManagement] INFO  server.RaftServerConfigKeys (ConfUtils.java:logGet(46)) - raft.server.storage.free-space.min = 0MB (=0) (default)
2023-08-29 18:56:22,424 [1088055f-b6dc-4993-819c-da5e568aeaf2-groupManagement] INFO  server.RaftServerConfigKeys (ConfUtils.java:logGet(46)) - raft.server.notification.no-leader.timeout = 300s (custom)
2023-08-29 18:56:22,424 [1088055f-b6dc-4993-819c-da5e568aeaf2-groupManagement] INFO  server.RaftServerConfigKeys (ConfUtils.java:logGet(46)) - raft.server.read.timeout = 10s (default)
2023-08-29 18:56:22,424 [1088055f-b6dc-4993-819c-da5e568aeaf2-groupManagement] INFO  server.RaftServerConfigKeys (ConfUtils.java:logGet(46)) - raft.server.retrycache.expirytime = 600000ms (custom)
2023-08-29 18:56:22,424 [1088055f-b6dc-4993-819c-da5e568aeaf2-groupManagement] INFO  server.RaftServerConfigKeys (ConfUtils.java:logGet(46)) - raft.server.retrycache.statistics.expirytime = 100μs (default)
2023-08-29 18:56:22,424 [1088055f-b6dc-4993-819c-da5e568aeaf2-groupManagement] INFO  server.RaftServerConfigKeys (ConfUtils.java:logGet(46)) - raft.server.read.option = DEFAULT (default)
2023-08-29 18:56:22,425 [1088055f-b6dc-4993-819c-da5e568aeaf2-groupManagement] INFO  server.RaftServerConfigKeys (ConfUtils.java:logGet(46)) - raft.server.rpc.request.timeout = 60s (custom)
2023-08-29 18:56:22,425 [1088055f-b6dc-4993-819c-da5e568aeaf2-groupManagement] INFO  server.RaftServerConfigKeys (ConfUtils.java:logGet(46)) - raft.server.log.appender.install.snapshot.enabled = false (custom)
2023-08-29 18:56:22,425 [1088055f-b6dc-4993-819c-da5e568aeaf2-groupManagement] INFO  server.RaftServerConfigKeys (ConfUtils.java:logGet(46)) - raft.server.threadpool.server.cached = true (default)
2023-08-29 18:56:22,425 [1088055f-b6dc-4993-819c-da5e568aeaf2-groupManagement] INFO  server.RaftServerConfigKeys (ConfUtils.java:logGet(46)) - raft.server.threadpool.server.size = 0 (default)
2023-08-29 18:56:22,425 [1088055f-b6dc-4993-819c-da5e568aeaf2-groupManagement] INFO  server.RaftServerConfigKeys (ConfUtils.java:logGet(46)) - raft.server.threadpool.client.cached = true (default)
2023-08-29 18:56:22,425 [1088055f-b6dc-4993-819c-da5e568aeaf2-groupManagement] INFO  server.RaftServerConfigKeys (ConfUtils.java:logGet(46)) - raft.server.threadpool.client.size = 0 (default)
2023-08-29 18:56:22,425 [1088055f-b6dc-4993-819c-da5e568aeaf2-groupManagement] INFO  storage.RaftStorageDirectory (RaftStorageDirectoryImpl.java:analyzeStorage(137)) - The storage directory /home/runner/work/ozone/ozone/hadoop-ozone/integration-test/target/test-dir/MiniOzoneClusterImpl-b0dd14bf-3562-4743-8e4f-1fdeb49c931a/datanode-2/data/ratis/45eb0e36-4030-4602-a5d4-7b4ab808d853 does not exist. Creating ...
2023-08-29 18:56:22,426 [1088055f-b6dc-4993-819c-da5e568aeaf2-groupManagement] INFO  storage.RaftStorageDirectory (RaftStorageDirectoryImpl.java:tryLock(231)) - Lock on /home/runner/work/ozone/ozone/hadoop-ozone/integration-test/target/test-dir/MiniOzoneClusterImpl-b0dd14bf-3562-4743-8e4f-1fdeb49c931a/datanode-2/data/ratis/45eb0e36-4030-4602-a5d4-7b4ab808d853/in_use.lock acquired by nodename 61099@fv-az225-157
2023-08-29 18:56:22,427 [1088055f-b6dc-4993-819c-da5e568aeaf2-groupManagement] INFO  storage.RaftStorage (RaftStorageImpl.java:format(96)) - Storage directory /home/runner/work/ozone/ozone/hadoop-ozone/integration-test/target/test-dir/MiniOzoneClusterImpl-b0dd14bf-3562-4743-8e4f-1fdeb49c931a/datanode-2/data/ratis/45eb0e36-4030-4602-a5d4-7b4ab808d853 has been successfully formatted.
2023-08-29 18:56:22,427 [1088055f-b6dc-4993-819c-da5e568aeaf2-groupManagement] INFO  ratis.ContainerStateMachine (ContainerStateMachine.java:loadSnapshot(262)) - group-7B4AB808D853: The snapshot info is null. Setting the last applied indexto:(t:0, i:~)
2023-08-29 18:56:22,427 [1088055f-b6dc-4993-819c-da5e568aeaf2-groupManagement] INFO  server.RaftServerConfigKeys (ConfUtils.java:logGet(46)) - raft.server.log.use.memory = false (default)
2023-08-29 18:56:22,427 [1088055f-b6dc-4993-819c-da5e568aeaf2-groupManagement] INFO  server.RaftServerConfigKeys (ConfUtils.java:logGet(46)) - raft.server.log.purge.gap = 1000000 (custom)
2023-08-29 18:56:22,427 [1088055f-b6dc-4993-819c-da5e568aeaf2-groupManagement] INFO  server.RaftServerConfigKeys (ConfUtils.java:logGet(46)) - raft.server.log.appender.buffer.byte-limit = 33554432 (custom)
2023-08-29 18:56:22,427 [1088055f-b6dc-4993-819c-da5e568aeaf2-groupManagement] INFO  server.RaftServerConfigKeys (ConfUtils.java:logGet(46)) - raft.server.log.statemachine.data.read.timeout = 1000ms (default)
2023-08-29 18:56:22,427 [1088055f-b6dc-4993-819c-da5e568aeaf2-groupManagement] INFO  server.RaftServerConfigKeys (ConfUtils.java:logGet(46)) - raft.server.log.purge.preservation.log.num = 0 (default)
2023-08-29 18:56:22,428 [1088055f-b6dc-4993-819c-da5e568aeaf2-groupManagement] INFO  server.RaftServerConfigKeys (ConfUtils.java:logGet(46)) - raft.server.log.segment.size.max = 1048576 (custom)
2023-08-29 18:56:22,428 [1088055f-b6dc-4993-819c-da5e568aeaf2-groupManagement] INFO  server.RaftServerConfigKeys (ConfUtils.java:logGet(46)) - raft.server.log.segment.cache.num.max = 2 (custom)
2023-08-29 18:56:22,428 [1088055f-b6dc-4993-819c-da5e568aeaf2-groupManagement] INFO  server.RaftServerConfigKeys (ConfUtils.java:logGet(46)) - raft.server.log.segment.cache.size.max = 200MB (=209715200) (default)
2023-08-29 18:56:22,428 [1088055f-b6dc-4993-819c-da5e568aeaf2-groupManagement] INFO  server.RaftServerConfigKeys (ConfUtils.java:logGet(46)) - raft.server.log.appender.buffer.byte-limit = 33554432 (custom)
2023-08-29 18:56:22,428 [1088055f-b6dc-4993-819c-da5e568aeaf2-groupManagement] INFO  segmented.SegmentedRaftLogWorker (SegmentedRaftLogWorker.java:<init>(188)) - new 1088055f-b6dc-4993-819c-da5e568aeaf2@group-7B4AB808D853-SegmentedRaftLogWorker for RaftStorageImpl:Storage Directory /home/runner/work/ozone/ozone/hadoop-ozone/integration-test/target/test-dir/MiniOzoneClusterImpl-b0dd14bf-3562-4743-8e4f-1fdeb49c931a/datanode-2/data/ratis/45eb0e36-4030-4602-a5d4-7b4ab808d853
2023-08-29 18:56:22,428 [1088055f-b6dc-4993-819c-da5e568aeaf2-groupManagement] INFO  server.RaftServerConfigKeys (ConfUtils.java:logGet(46)) - raft.server.log.queue.byte-limit = 4294967296 (custom)
2023-08-29 18:56:22,428 [1088055f-b6dc-4993-819c-da5e568aeaf2-groupManagement] INFO  server.RaftServerConfigKeys (ConfUtils.java:logGet(46)) - raft.server.log.queue.element-limit = 1024 (custom)
2023-08-29 18:56:22,428 [1088055f-b6dc-4993-819c-da5e568aeaf2-groupManagement] INFO  server.RaftServerConfigKeys (ConfUtils.java:logGet(46)) - raft.server.log.segment.size.max = 1048576 (custom)
2023-08-29 18:56:22,428 [1088055f-b6dc-4993-819c-da5e568aeaf2-groupManagement] INFO  server.RaftServerConfigKeys (ConfUtils.java:logGet(46)) - raft.server.log.preallocated.size = 16384 (custom)
2023-08-29 18:56:22,428 [1088055f-b6dc-4993-819c-da5e568aeaf2-groupManagement] INFO  server.RaftServerConfigKeys (ConfUtils.java:logGet(46)) - raft.server.log.force.sync.num = 128 (default)
2023-08-29 18:56:22,428 [1088055f-b6dc-4993-819c-da5e568aeaf2-groupManagement] INFO  server.RaftServerConfigKeys (ConfUtils.java:logGet(46)) - raft.server.log.statemachine.data.sync = true (default)
2023-08-29 18:56:22,428 [1088055f-b6dc-4993-819c-da5e568aeaf2-groupManagement] INFO  server.RaftServerConfigKeys (ConfUtils.java:logGet(46)) - raft.server.log.statemachine.data.sync.timeout = 10s (default)
2023-08-29 18:56:22,428 [1088055f-b6dc-4993-819c-da5e568aeaf2-groupManagement] INFO  server.RaftServerConfigKeys (ConfUtils.java:logGet(46)) - raft.server.log.statemachine.data.sync.timeout.retry = -1 (default)
2023-08-29 18:56:22,429 [1088055f-b6dc-4993-819c-da5e568aeaf2-groupManagement] INFO  server.RaftServerConfigKeys (ConfUtils.java:logGet(46)) - raft.server.log.write.buffer.size = 1048576 (custom)
2023-08-29 18:56:22,429 [1088055f-b6dc-4993-819c-da5e568aeaf2-groupManagement] INFO  server.RaftServerConfigKeys (ConfUtils.java:logGet(46)) - raft.server.log.appender.buffer.byte-limit = 33554432 (custom)
2023-08-29 18:56:22,434 [1088055f-b6dc-4993-819c-da5e568aeaf2-groupManagement] INFO  server.RaftServerConfigKeys (ConfUtils.java:logGet(46)) - raft.server.log.unsafe-flush.enabled = false (default)
2023-08-29 18:56:22,434 [1088055f-b6dc-4993-819c-da5e568aeaf2-groupManagement] INFO  server.RaftServerConfigKeys (ConfUtils.java:logGet(46)) - raft.server.log.async-flush.enabled = false (default)
2023-08-29 18:56:22,434 [1088055f-b6dc-4993-819c-da5e568aeaf2-groupManagement] INFO  server.RaftServerConfigKeys (ConfUtils.java:logGet(46)) - raft.server.log.statemachine.data.caching.enabled = true (custom)
2023-08-29 18:56:22,434 [1088055f-b6dc-4993-819c-da5e568aeaf2-groupManagement] INFO  segmented.SegmentedRaftLogWorker (SegmentedRaftLogWorker.java:lambda$new$0(135)) - 1088055f-b6dc-4993-819c-da5e568aeaf2@group-7B4AB808D853-SegmentedRaftLogWorker: flushIndex: setUnconditionally 0 -> -1
2023-08-29 18:56:22,434 [1088055f-b6dc-4993-819c-da5e568aeaf2-groupManagement] INFO  segmented.SegmentedRaftLogWorker (SegmentedRaftLogWorker.java:lambda$new$0(135)) - 1088055f-b6dc-4993-819c-da5e568aeaf2@group-7B4AB808D853-SegmentedRaftLogWorker: safeCacheEvictIndex: setUnconditionally 0 -> -1
2023-08-29 18:56:22,434 [1088055f-b6dc-4993-819c-da5e568aeaf2-groupManagement] INFO  server.RaftServer$Division (RaftServerImpl.java:start(342)) - 1088055f-b6dc-4993-819c-da5e568aeaf2@group-7B4AB808D853: start as a follower, conf=-1: peers:[1088055f-b6dc-4993-819c-da5e568aeaf2|rpc:10.1.0.239:15191|admin:10.1.0.239:15190|client:10.1.0.239:15189|dataStream:10.1.0.239:15192|priority:0|startupRole:FOLLOWER, f5d5de74-035f-4e7b-b7e8-455c492d4758|rpc:10.1.0.239:15182|admin:10.1.0.239:15181|client:10.1.0.239:15180|dataStream:10.1.0.239:15183|priority:0|startupRole:FOLLOWER, fdf3821b-2737-47a5-9603-1a2dda162151|rpc:10.1.0.239:15173|admin:10.1.0.239:15172|client:10.1.0.239:15171|dataStream:10.1.0.239:15174|priority:1|startupRole:FOLLOWER]|listeners:[], old=null
2023-08-29 18:56:22,434 [1088055f-b6dc-4993-819c-da5e568aeaf2-groupManagement] INFO  server.RaftServer$Division (RaftServerImpl.java:setRole(329)) - 1088055f-b6dc-4993-819c-da5e568aeaf2@group-7B4AB808D853: changes role from      null to FOLLOWER at term 0 for startAsFollower
2023-08-29 18:56:22,434 [1088055f-b6dc-4993-819c-da5e568aeaf2-groupManagement] INFO  impl.RoleInfo (RoleInfo.java:updateAndGet(139)) - 1088055f-b6dc-4993-819c-da5e568aeaf2: start 1088055f-b6dc-4993-819c-da5e568aeaf2@group-7B4AB808D853-FollowerState
2023-08-29 18:56:22,435 [1088055f-b6dc-4993-819c-da5e568aeaf2-groupManagement] INFO  util.JmxRegister (JmxRegister.java:tryRegister(44)) - Successfully registered JMX Bean with object name Ratis:service=RaftServer,group=group-7B4AB808D853,id=1088055f-b6dc-4993-819c-da5e568aeaf2
2023-08-29 18:56:22,435 [1088055f-b6dc-4993-819c-da5e568aeaf2@group-7B4AB808D853-FollowerState] INFO  server.RaftServerConfigKeys (ConfUtils.java:logFallback(53)) - raft.server.rpc.first-election.timeout.min = 5s (fallback to raft.server.rpc.timeout.min)
2023-08-29 18:56:22,435 [1088055f-b6dc-4993-819c-da5e568aeaf2-groupManagement] INFO  server.RaftServerConfigKeys (ConfUtils.java:logGet(46)) - raft.server.snapshot.auto.trigger.enabled = true (custom)
2023-08-29 18:56:22,435 [1088055f-b6dc-4993-819c-da5e568aeaf2@group-7B4AB808D853-FollowerState] INFO  server.RaftServerConfigKeys (ConfUtils.java:logFallback(53)) - raft.server.rpc.first-election.timeout.max = 5200ms (fallback to raft.server.rpc.timeout.max)
2023-08-29 18:56:22,435 [1088055f-b6dc-4993-819c-da5e568aeaf2-groupManagement] INFO  server.RaftServerConfigKeys (ConfUtils.java:logGet(46)) - raft.server.snapshot.auto.trigger.threshold = 10000 (custom)
2023-08-29 18:56:22,435 [1088055f-b6dc-4993-819c-da5e568aeaf2-groupManagement] INFO  server.RaftServerConfigKeys (ConfUtils.java:logGet(46)) - raft.server.snapshot.retention.file.num = 5 (custom)
2023-08-29 18:56:22,435 [1088055f-b6dc-4993-819c-da5e568aeaf2-groupManagement] INFO  server.RaftServerConfigKeys (ConfUtils.java:logGet(46)) - raft.server.log.purge.upto.snapshot.index = false (default)
2023-08-29 18:56:22,450 [grpc-default-executor-0] INFO  server.RaftServer (RaftServerProxy.java:addNew(98)) - f5d5de74-035f-4e7b-b7e8-455c492d4758: addNew group-7B4AB808D853:[1088055f-b6dc-4993-819c-da5e568aeaf2|rpc:10.1.0.239:15191|admin:10.1.0.239:15190|client:10.1.0.239:15189|dataStream:10.1.0.239:15192|priority:0|startupRole:FOLLOWER, f5d5de74-035f-4e7b-b7e8-455c492d4758|rpc:10.1.0.239:15182|admin:10.1.0.239:15181|client:10.1.0.239:15180|dataStream:10.1.0.239:15183|priority:0|startupRole:FOLLOWER, fdf3821b-2737-47a5-9603-1a2dda162151|rpc:10.1.0.239:15173|admin:10.1.0.239:15172|client:10.1.0.239:15171|dataStream:10.1.0.239:15174|priority:1|startupRole:FOLLOWER] returns group-7B4AB808D853:java.util.concurrent.CompletableFuture@1b1a5a8e[Not completed]
2023-08-29 18:56:22,451 [f5d5de74-035f-4e7b-b7e8-455c492d4758-groupManagement] INFO  server.RaftServer$Division (RaftServerImpl.java:<init>(198)) - f5d5de74-035f-4e7b-b7e8-455c492d4758: new RaftServerImpl for group-7B4AB808D853:[1088055f-b6dc-4993-819c-da5e568aeaf2|rpc:10.1.0.239:15191|admin:10.1.0.239:15190|client:10.1.0.239:15189|dataStream:10.1.0.239:15192|priority:0|startupRole:FOLLOWER, f5d5de74-035f-4e7b-b7e8-455c492d4758|rpc:10.1.0.239:15182|admin:10.1.0.239:15181|client:10.1.0.239:15180|dataStream:10.1.0.239:15183|priority:0|startupRole:FOLLOWER, fdf3821b-2737-47a5-9603-1a2dda162151|rpc:10.1.0.239:15173|admin:10.1.0.239:15172|client:10.1.0.239:15171|dataStream:10.1.0.239:15174|priority:1|startupRole:FOLLOWER] with ContainerStateMachine:uninitialized
2023-08-29 18:56:22,451 [f5d5de74-035f-4e7b-b7e8-455c492d4758-groupManagement] INFO  server.RaftServerConfigKeys (ConfUtils.java:logGet(46)) - raft.server.rpc.timeout.min = 5s (custom)
2023-08-29 18:56:22,451 [f5d5de74-035f-4e7b-b7e8-455c492d4758-groupManagement] INFO  server.RaftServerConfigKeys (ConfUtils.java:logGet(46)) - raft.server.rpc.timeout.max = 5200ms (custom)
2023-08-29 18:56:22,451 [f5d5de74-035f-4e7b-b7e8-455c492d4758-groupManagement] INFO  server.RaftServerConfigKeys (ConfUtils.java:logGet(46)) - raft.server.rpc.sleep.time = 25ms (default)
2023-08-29 18:56:22,451 [f5d5de74-035f-4e7b-b7e8-455c492d4758-groupManagement] INFO  server.RaftServerConfigKeys (ConfUtils.java:logGet(46)) - raft.server.rpc.slowness.timeout = 300s (custom)
2023-08-29 18:56:22,451 [f5d5de74-035f-4e7b-b7e8-455c492d4758-groupManagement] INFO  server.RaftServerConfigKeys (ConfUtils.java:logGet(46)) - raft.server.leaderelection.leader.step-down.wait-time = 10s (default)
2023-08-29 18:56:22,451 [f5d5de74-035f-4e7b-b7e8-455c492d4758-groupManagement] INFO  server.RaftServerConfigKeys (ConfUtils.java:logGet(46)) - raft.server.sleep.deviation.threshold = 300ms (default)
2023-08-29 18:56:22,451 [f5d5de74-035f-4e7b-b7e8-455c492d4758-groupManagement] INFO  server.RaftServer$Division (ServerState.java:<init>(120)) - f5d5de74-035f-4e7b-b7e8-455c492d4758@group-7B4AB808D853: ConfigurationManager, init=-1: peers:[1088055f-b6dc-4993-819c-da5e568aeaf2|rpc:10.1.0.239:15191|admin:10.1.0.239:15190|client:10.1.0.239:15189|dataStream:10.1.0.239:15192|priority:0|startupRole:FOLLOWER, f5d5de74-035f-4e7b-b7e8-455c492d4758|rpc:10.1.0.239:15182|admin:10.1.0.239:15181|client:10.1.0.239:15180|dataStream:10.1.0.239:15183|priority:0|startupRole:FOLLOWER, fdf3821b-2737-47a5-9603-1a2dda162151|rpc:10.1.0.239:15173|admin:10.1.0.239:15172|client:10.1.0.239:15171|dataStream:10.1.0.239:15174|priority:1|startupRole:FOLLOWER]|listeners:[], old=null, confs=<EMPTY_MAP>
2023-08-29 18:56:22,451 [f5d5de74-035f-4e7b-b7e8-455c492d4758-groupManagement] INFO  server.RaftServerConfigKeys (ConfUtils.java:logGet(46)) - raft.server.storage.dir = [/home/runner/work/ozone/ozone/hadoop-ozone/integration-test/target/test-dir/MiniOzoneClusterImpl-b0dd14bf-3562-4743-8e4f-1fdeb49c931a/datanode-1/data/ratis] (custom)
2023-08-29 18:56:22,451 [f5d5de74-035f-4e7b-b7e8-455c492d4758-groupManagement] INFO  server.RaftServerConfigKeys (ConfUtils.java:logGet(46)) - raft.server.log.corruption.policy = EXCEPTION (default)
2023-08-29 18:56:22,451 [f5d5de74-035f-4e7b-b7e8-455c492d4758-groupManagement] INFO  server.RaftServerConfigKeys (ConfUtils.java:logGet(46)) - raft.server.storage.free-space.min = 0MB (=0) (default)
2023-08-29 18:56:22,451 [f5d5de74-035f-4e7b-b7e8-455c492d4758-groupManagement] INFO  server.RaftServerConfigKeys (ConfUtils.java:logGet(46)) - raft.server.notification.no-leader.timeout = 300s (custom)
2023-08-29 18:56:22,451 [f5d5de74-035f-4e7b-b7e8-455c492d4758-groupManagement] INFO  server.RaftServerConfigKeys (ConfUtils.java:logGet(46)) - raft.server.read.timeout = 10s (default)
2023-08-29 18:56:22,451 [f5d5de74-035f-4e7b-b7e8-455c492d4758-groupManagement] INFO  server.RaftServerConfigKeys (ConfUtils.java:logGet(46)) - raft.server.retrycache.expirytime = 600000ms (custom)
2023-08-29 18:56:22,451 [f5d5de74-035f-4e7b-b7e8-455c492d4758-groupManagement] INFO  server.RaftServerConfigKeys (ConfUtils.java:logGet(46)) - raft.server.retrycache.statistics.expirytime = 100μs (default)
2023-08-29 18:56:22,451 [f5d5de74-035f-4e7b-b7e8-455c492d4758-groupManagement] INFO  server.RaftServerConfigKeys (ConfUtils.java:logGet(46)) - raft.server.read.option = DEFAULT (default)
2023-08-29 18:56:22,452 [f5d5de74-035f-4e7b-b7e8-455c492d4758-groupManagement] INFO  server.RaftServerConfigKeys (ConfUtils.java:logGet(46)) - raft.server.rpc.request.timeout = 60s (custom)
2023-08-29 18:56:22,452 [f5d5de74-035f-4e7b-b7e8-455c492d4758-groupManagement] INFO  server.RaftServerConfigKeys (ConfUtils.java:logGet(46)) - raft.server.log.appender.install.snapshot.enabled = false (custom)
2023-08-29 18:56:22,452 [f5d5de74-035f-4e7b-b7e8-455c492d4758-groupManagement] INFO  server.RaftServerConfigKeys (ConfUtils.java:logGet(46)) - raft.server.threadpool.server.cached = true (default)
2023-08-29 18:56:22,452 [f5d5de74-035f-4e7b-b7e8-455c492d4758-groupManagement] INFO  server.RaftServerConfigKeys (ConfUtils.java:logGet(46)) - raft.server.threadpool.server.size = 0 (default)
2023-08-29 18:56:22,452 [f5d5de74-035f-4e7b-b7e8-455c492d4758-groupManagement] INFO  server.RaftServerConfigKeys (ConfUtils.java:logGet(46)) - raft.server.threadpool.client.cached = true (default)
2023-08-29 18:56:22,452 [f5d5de74-035f-4e7b-b7e8-455c492d4758-groupManagement] INFO  server.RaftServerConfigKeys (ConfUtils.java:logGet(46)) - raft.server.threadpool.client.size = 0 (default)
2023-08-29 18:56:22,452 [f5d5de74-035f-4e7b-b7e8-455c492d4758-groupManagement] INFO  storage.RaftStorageDirectory (RaftStorageDirectoryImpl.java:analyzeStorage(137)) - The storage directory /home/runner/work/ozone/ozone/hadoop-ozone/integration-test/target/test-dir/MiniOzoneClusterImpl-b0dd14bf-3562-4743-8e4f-1fdeb49c931a/datanode-1/data/ratis/45eb0e36-4030-4602-a5d4-7b4ab808d853 does not exist. Creating ...
2023-08-29 18:56:22,457 [f5d5de74-035f-4e7b-b7e8-455c492d4758-groupManagement] INFO  storage.RaftStorageDirectory (RaftStorageDirectoryImpl.java:tryLock(231)) - Lock on /home/runner/work/ozone/ozone/hadoop-ozone/integration-test/target/test-dir/MiniOzoneClusterImpl-b0dd14bf-3562-4743-8e4f-1fdeb49c931a/datanode-1/data/ratis/45eb0e36-4030-4602-a5d4-7b4ab808d853/in_use.lock acquired by nodename 61099@fv-az225-157
2023-08-29 18:56:22,458 [f5d5de74-035f-4e7b-b7e8-455c492d4758-groupManagement] INFO  storage.RaftStorage (RaftStorageImpl.java:format(96)) - Storage directory /home/runner/work/ozone/ozone/hadoop-ozone/integration-test/target/test-dir/MiniOzoneClusterImpl-b0dd14bf-3562-4743-8e4f-1fdeb49c931a/datanode-1/data/ratis/45eb0e36-4030-4602-a5d4-7b4ab808d853 has been successfully formatted.
2023-08-29 18:56:22,458 [f5d5de74-035f-4e7b-b7e8-455c492d4758-groupManagement] INFO  ratis.ContainerStateMachine (ContainerStateMachine.java:loadSnapshot(262)) - group-7B4AB808D853: The snapshot info is null. Setting the last applied indexto:(t:0, i:~)
2023-08-29 18:56:22,458 [f5d5de74-035f-4e7b-b7e8-455c492d4758-groupManagement] INFO  server.RaftServerConfigKeys (ConfUtils.java:logGet(46)) - raft.server.log.use.memory = false (default)
2023-08-29 18:56:22,459 [f5d5de74-035f-4e7b-b7e8-455c492d4758-groupManagement] INFO  server.RaftServerConfigKeys (ConfUtils.java:logGet(46)) - raft.server.log.purge.gap = 1000000 (custom)
2023-08-29 18:56:22,459 [f5d5de74-035f-4e7b-b7e8-455c492d4758-groupManagement] INFO  server.RaftServerConfigKeys (ConfUtils.java:logGet(46)) - raft.server.log.appender.buffer.byte-limit = 33554432 (custom)
2023-08-29 18:56:22,459 [f5d5de74-035f-4e7b-b7e8-455c492d4758-groupManagement] INFO  server.RaftServerConfigKeys (ConfUtils.java:logGet(46)) - raft.server.log.statemachine.data.read.timeout = 1000ms (default)
2023-08-29 18:56:22,459 [f5d5de74-035f-4e7b-b7e8-455c492d4758-groupManagement] INFO  server.RaftServerConfigKeys (ConfUtils.java:logGet(46)) - raft.server.log.purge.preservation.log.num = 0 (default)
2023-08-29 18:56:22,459 [f5d5de74-035f-4e7b-b7e8-455c492d4758-groupManagement] INFO  server.RaftServerConfigKeys (ConfUtils.java:logGet(46)) - raft.server.log.segment.size.max = 1048576 (custom)
2023-08-29 18:56:22,459 [f5d5de74-035f-4e7b-b7e8-455c492d4758-groupManagement] INFO  server.RaftServerConfigKeys (ConfUtils.java:logGet(46)) - raft.server.log.segment.cache.num.max = 2 (custom)
2023-08-29 18:56:22,459 [f5d5de74-035f-4e7b-b7e8-455c492d4758-groupManagement] INFO  server.RaftServerConfigKeys (ConfUtils.java:logGet(46)) - raft.server.log.segment.cache.size.max = 200MB (=209715200) (default)
2023-08-29 18:56:22,459 [f5d5de74-035f-4e7b-b7e8-455c492d4758-groupManagement] INFO  server.RaftServerConfigKeys (ConfUtils.java:logGet(46)) - raft.server.log.appender.buffer.byte-limit = 33554432 (custom)
2023-08-29 18:56:22,459 [f5d5de74-035f-4e7b-b7e8-455c492d4758-groupManagement] INFO  segmented.SegmentedRaftLogWorker (SegmentedRaftLogWorker.java:<init>(188)) - new f5d5de74-035f-4e7b-b7e8-455c492d4758@group-7B4AB808D853-SegmentedRaftLogWorker for RaftStorageImpl:Storage Directory /home/runner/work/ozone/ozone/hadoop-ozone/integration-test/target/test-dir/MiniOzoneClusterImpl-b0dd14bf-3562-4743-8e4f-1fdeb49c931a/datanode-1/data/ratis/45eb0e36-4030-4602-a5d4-7b4ab808d853
2023-08-29 18:56:22,460 [f5d5de74-035f-4e7b-b7e8-455c492d4758-groupManagement] INFO  server.RaftServerConfigKeys (ConfUtils.java:logGet(46)) - raft.server.log.queue.byte-limit = 4294967296 (custom)
2023-08-29 18:56:22,460 [f5d5de74-035f-4e7b-b7e8-455c492d4758-groupManagement] INFO  server.RaftServerConfigKeys (ConfUtils.java:logGet(46)) - raft.server.log.queue.element-limit = 1024 (custom)
2023-08-29 18:56:22,460 [f5d5de74-035f-4e7b-b7e8-455c492d4758-groupManagement] INFO  server.RaftServerConfigKeys (ConfUtils.java:logGet(46)) - raft.server.log.segment.size.max = 1048576 (custom)
2023-08-29 18:56:22,460 [f5d5de74-035f-4e7b-b7e8-455c492d4758-groupManagement] INFO  server.RaftServerConfigKeys (ConfUtils.java:logGet(46)) - raft.server.log.preallocated.size = 16384 (custom)
2023-08-29 18:56:22,460 [f5d5de74-035f-4e7b-b7e8-455c492d4758-groupManagement] INFO  server.RaftServerConfigKeys (ConfUtils.java:logGet(46)) - raft.server.log.force.sync.num = 128 (default)
2023-08-29 18:56:22,460 [f5d5de74-035f-4e7b-b7e8-455c492d4758-groupManagement] INFO  server.RaftServerConfigKeys (ConfUtils.java:logGet(46)) - raft.server.log.statemachine.data.sync = true (default)
2023-08-29 18:56:22,460 [f5d5de74-035f-4e7b-b7e8-455c492d4758-groupManagement] INFO  server.RaftServerConfigKeys (ConfUtils.java:logGet(46)) - raft.server.log.statemachine.data.sync.timeout = 10s (default)
2023-08-29 18:56:22,460 [f5d5de74-035f-4e7b-b7e8-455c492d4758-groupManagement] INFO  server.RaftServerConfigKeys (ConfUtils.java:logGet(46)) - raft.server.log.statemachine.data.sync.timeout.retry = -1 (default)
2023-08-29 18:56:22,460 [f5d5de74-035f-4e7b-b7e8-455c492d4758-groupManagement] INFO  server.RaftServerConfigKeys (ConfUtils.java:logGet(46)) - raft.server.log.write.buffer.size = 1048576 (custom)
2023-08-29 18:56:22,460 [f5d5de74-035f-4e7b-b7e8-455c492d4758-groupManagement] INFO  server.RaftServerConfigKeys (ConfUtils.java:logGet(46)) - raft.server.log.appender.buffer.byte-limit = 33554432 (custom)
2023-08-29 18:56:22,465 [f5d5de74-035f-4e7b-b7e8-455c492d4758-groupManagement] INFO  server.RaftServerConfigKeys (ConfUtils.java:logGet(46)) - raft.server.log.unsafe-flush.enabled = false (default)
2023-08-29 18:56:22,465 [f5d5de74-035f-4e7b-b7e8-455c492d4758-groupManagement] INFO  server.RaftServerConfigKeys (ConfUtils.java:logGet(46)) - raft.server.log.async-flush.enabled = false (default)
2023-08-29 18:56:22,465 [f5d5de74-035f-4e7b-b7e8-455c492d4758-groupManagement] INFO  server.RaftServerConfigKeys (ConfUtils.java:logGet(46)) - raft.server.log.statemachine.data.caching.enabled = true (custom)
2023-08-29 18:56:22,466 [f5d5de74-035f-4e7b-b7e8-455c492d4758-groupManagement] INFO  segmented.SegmentedRaftLogWorker (SegmentedRaftLogWorker.java:lambda$new$0(135)) - f5d5de74-035f-4e7b-b7e8-455c492d4758@group-7B4AB808D853-SegmentedRaftLogWorker: flushIndex: setUnconditionally 0 -> -1
2023-08-29 18:56:22,466 [f5d5de74-035f-4e7b-b7e8-455c492d4758-groupManagement] INFO  segmented.SegmentedRaftLogWorker (SegmentedRaftLogWorker.java:lambda$new$0(135)) - f5d5de74-035f-4e7b-b7e8-455c492d4758@group-7B4AB808D853-SegmentedRaftLogWorker: safeCacheEvictIndex: setUnconditionally 0 -> -1
2023-08-29 18:56:22,468 [f5d5de74-035f-4e7b-b7e8-455c492d4758-groupManagement] INFO  server.RaftServer$Division (RaftServerImpl.java:start(342)) - f5d5de74-035f-4e7b-b7e8-455c492d4758@group-7B4AB808D853: start as a follower, conf=-1: peers:[1088055f-b6dc-4993-819c-da5e568aeaf2|rpc:10.1.0.239:15191|admin:10.1.0.239:15190|client:10.1.0.239:15189|dataStream:10.1.0.239:15192|priority:0|startupRole:FOLLOWER, f5d5de74-035f-4e7b-b7e8-455c492d4758|rpc:10.1.0.239:15182|admin:10.1.0.239:15181|client:10.1.0.239:15180|dataStream:10.1.0.239:15183|priority:0|startupRole:FOLLOWER, fdf3821b-2737-47a5-9603-1a2dda162151|rpc:10.1.0.239:15173|admin:10.1.0.239:15172|client:10.1.0.239:15171|dataStream:10.1.0.239:15174|priority:1|startupRole:FOLLOWER]|listeners:[], old=null
2023-08-29 18:56:22,468 [f5d5de74-035f-4e7b-b7e8-455c492d4758-groupManagement] INFO  server.RaftServer$Division (RaftServerImpl.java:setRole(329)) - f5d5de74-035f-4e7b-b7e8-455c492d4758@group-7B4AB808D853: changes role from      null to FOLLOWER at term 0 for startAsFollower
2023-08-29 18:56:22,468 [f5d5de74-035f-4e7b-b7e8-455c492d4758-groupManagement] INFO  impl.RoleInfo (RoleInfo.java:updateAndGet(139)) - f5d5de74-035f-4e7b-b7e8-455c492d4758: start f5d5de74-035f-4e7b-b7e8-455c492d4758@group-7B4AB808D853-FollowerState
2023-08-29 18:56:22,473 [f5d5de74-035f-4e7b-b7e8-455c492d4758-groupManagement] INFO  util.JmxRegister (JmxRegister.java:tryRegister(44)) - Successfully registered JMX Bean with object name Ratis:service=RaftServer,group=group-7B4AB808D853,id=f5d5de74-035f-4e7b-b7e8-455c492d4758
2023-08-29 18:56:22,473 [f5d5de74-035f-4e7b-b7e8-455c492d4758-groupManagement] INFO  server.RaftServerConfigKeys (ConfUtils.java:logGet(46)) - raft.server.snapshot.auto.trigger.enabled = true (custom)
2023-08-29 18:56:22,473 [f5d5de74-035f-4e7b-b7e8-455c492d4758-groupManagement] INFO  server.RaftServerConfigKeys (ConfUtils.java:logGet(46)) - raft.server.snapshot.auto.trigger.threshold = 10000 (custom)
2023-08-29 18:56:22,473 [f5d5de74-035f-4e7b-b7e8-455c492d4758-groupManagement] INFO  server.RaftServerConfigKeys (ConfUtils.java:logGet(46)) - raft.server.snapshot.retention.file.num = 5 (custom)
2023-08-29 18:56:22,473 [f5d5de74-035f-4e7b-b7e8-455c492d4758-groupManagement] INFO  server.RaftServerConfigKeys (ConfUtils.java:logGet(46)) - raft.server.log.purge.upto.snapshot.index = false (default)
2023-08-29 18:56:22,474 [f5d5de74-035f-4e7b-b7e8-455c492d4758@group-7B4AB808D853-FollowerState] INFO  server.RaftServerConfigKeys (ConfUtils.java:logFallback(53)) - raft.server.rpc.first-election.timeout.min = 5s (fallback to raft.server.rpc.timeout.min)
2023-08-29 18:56:22,474 [f5d5de74-035f-4e7b-b7e8-455c492d4758@group-7B4AB808D853-FollowerState] INFO  server.RaftServerConfigKeys (ConfUtils.java:logFallback(53)) - raft.server.rpc.first-election.timeout.max = 5200ms (fallback to raft.server.rpc.timeout.max)
2023-08-29 18:56:22,483 [PipelineCommandHandlerThread-0] INFO  commandhandler.CreatePipelineCommandHandler (CreatePipelineCommandHandler.java:lambda$handle$2(124)) - Created Pipeline RATIS THREE PipelineID=45eb0e36-4030-4602-a5d4-7b4ab808d853.
2023-08-29 18:56:22,515 [f5d5de74-035f-4e7b-b7e8-455c492d4758-groupManagement] INFO  server.RaftServer$Division (RaftServerImpl.java:<init>(198)) - f5d5de74-035f-4e7b-b7e8-455c492d4758: new RaftServerImpl for group-1907792EF0EC:[f5d5de74-035f-4e7b-b7e8-455c492d4758|rpc:10.1.0.239:15182|admin:10.1.0.239:15181|client:10.1.0.239:15180|dataStream:10.1.0.239:15183|priority:1|startupRole:FOLLOWER] with ContainerStateMachine:uninitialized
2023-08-29 18:56:22,515 [f5d5de74-035f-4e7b-b7e8-455c492d4758-groupManagement] INFO  server.RaftServerConfigKeys (ConfUtils.java:logGet(46)) - raft.server.rpc.timeout.min = 5s (custom)
2023-08-29 18:56:22,515 [f5d5de74-035f-4e7b-b7e8-455c492d4758-groupManagement] INFO  server.RaftServerConfigKeys (ConfUtils.java:logGet(46)) - raft.server.rpc.timeout.max = 5200ms (custom)
2023-08-29 18:56:22,515 [f5d5de74-035f-4e7b-b7e8-455c492d4758-groupManagement] INFO  server.RaftServerConfigKeys (ConfUtils.java:logGet(46)) - raft.server.rpc.sleep.time = 25ms (default)
2023-08-29 18:56:22,515 [f5d5de74-035f-4e7b-b7e8-455c492d4758-groupManagement] INFO  server.RaftServerConfigKeys (ConfUtils.java:logGet(46)) - raft.server.rpc.slowness.timeout = 300s (custom)
2023-08-29 18:56:22,515 [f5d5de74-035f-4e7b-b7e8-455c492d4758-groupManagement] INFO  server.RaftServerConfigKeys (ConfUtils.java:logGet(46)) - raft.server.leaderelection.leader.step-down.wait-time = 10s (default)
2023-08-29 18:56:22,515 [f5d5de74-035f-4e7b-b7e8-455c492d4758-groupManagement] INFO  server.RaftServerConfigKeys (ConfUtils.java:logGet(46)) - raft.server.sleep.deviation.threshold = 300ms (default)
2023-08-29 18:56:22,515 [f5d5de74-035f-4e7b-b7e8-455c492d4758-groupManagement] INFO  server.RaftServer$Division (ServerState.java:<init>(120)) - f5d5de74-035f-4e7b-b7e8-455c492d4758@group-1907792EF0EC: ConfigurationManager, init=-1: peers:[f5d5de74-035f-4e7b-b7e8-455c492d4758|rpc:10.1.0.239:15182|admin:10.1.0.239:15181|client:10.1.0.239:15180|dataStream:10.1.0.239:15183|priority:1|startupRole:FOLLOWER]|listeners:[], old=null, confs=<EMPTY_MAP>
2023-08-29 18:56:22,515 [f5d5de74-035f-4e7b-b7e8-455c492d4758-groupManagement] INFO  server.RaftServerConfigKeys (ConfUtils.java:logGet(46)) - raft.server.storage.dir = [/home/runner/work/ozone/ozone/hadoop-ozone/integration-test/target/test-dir/MiniOzoneClusterImpl-b0dd14bf-3562-4743-8e4f-1fdeb49c931a/datanode-1/data/ratis] (custom)
2023-08-29 18:56:22,516 [f5d5de74-035f-4e7b-b7e8-455c492d4758-groupManagement] INFO  server.RaftServerConfigKeys (ConfUtils.java:logGet(46)) - raft.server.log.corruption.policy = EXCEPTION (default)
2023-08-29 18:56:22,516 [f5d5de74-035f-4e7b-b7e8-455c492d4758-groupManagement] INFO  server.RaftServerConfigKeys (ConfUtils.java:logGet(46)) - raft.server.storage.free-space.min = 0MB (=0) (default)
2023-08-29 18:56:22,516 [f5d5de74-035f-4e7b-b7e8-455c492d4758-groupManagement] INFO  server.RaftServerConfigKeys (ConfUtils.java:logGet(46)) - raft.server.notification.no-leader.timeout = 300s (custom)
2023-08-29 18:56:22,516 [f5d5de74-035f-4e7b-b7e8-455c492d4758-groupManagement] INFO  server.RaftServerConfigKeys (ConfUtils.java:logGet(46)) - raft.server.read.timeout = 10s (default)
2023-08-29 18:56:22,516 [f5d5de74-035f-4e7b-b7e8-455c492d4758-groupManagement] INFO  server.RaftServerConfigKeys (ConfUtils.java:logGet(46)) - raft.server.retrycache.expirytime = 600000ms (custom)
2023-08-29 18:56:22,516 [f5d5de74-035f-4e7b-b7e8-455c492d4758-groupManagement] INFO  server.RaftServerConfigKeys (ConfUtils.java:logGet(46)) - raft.server.retrycache.statistics.expirytime = 100μs (default)
2023-08-29 18:56:22,516 [f5d5de74-035f-4e7b-b7e8-455c492d4758-groupManagement] INFO  server.RaftServerConfigKeys (ConfUtils.java:logGet(46)) - raft.server.read.option = DEFAULT (default)
2023-08-29 18:56:22,516 [PipelineCommandHandlerThread-0] INFO  server.RaftServer (RaftServerProxy.java:addNew(98)) - f5d5de74-035f-4e7b-b7e8-455c492d4758: addNew group-1907792EF0EC:[f5d5de74-035f-4e7b-b7e8-455c492d4758|rpc:10.1.0.239:15182|admin:10.1.0.239:15181|client:10.1.0.239:15180|dataStream:10.1.0.239:15183|priority:1|startupRole:FOLLOWER] returns group-1907792EF0EC:java.util.concurrent.CompletableFuture@5b8c6c33[Not completed]
2023-08-29 18:56:22,517 [f5d5de74-035f-4e7b-b7e8-455c492d4758-groupManagement] INFO  server.RaftServerConfigKeys (ConfUtils.java:logGet(46)) - raft.server.rpc.request.timeout = 60s (custom)
2023-08-29 18:56:22,517 [f5d5de74-035f-4e7b-b7e8-455c492d4758-groupManagement] INFO  server.RaftServerConfigKeys (ConfUtils.java:logGet(46)) - raft.server.log.appender.install.snapshot.enabled = false (custom)
2023-08-29 18:56:22,517 [f5d5de74-035f-4e7b-b7e8-455c492d4758-groupManagement] INFO  server.RaftServerConfigKeys (ConfUtils.java:logGet(46)) - raft.server.threadpool.server.cached = true (default)
2023-08-29 18:56:22,517 [f5d5de74-035f-4e7b-b7e8-455c492d4758-groupManagement] INFO  server.RaftServerConfigKeys (ConfUtils.java:logGet(46)) - raft.server.threadpool.server.size = 0 (default)
2023-08-29 18:56:22,517 [f5d5de74-035f-4e7b-b7e8-455c492d4758-groupManagement] INFO  server.RaftServerConfigKeys (ConfUtils.java:logGet(46)) - raft.server.threadpool.client.cached = true (default)
2023-08-29 18:56:22,517 [f5d5de74-035f-4e7b-b7e8-455c492d4758-groupManagement] INFO  server.RaftServerConfigKeys (ConfUtils.java:logGet(46)) - raft.server.threadpool.client.size = 0 (default)
2023-08-29 18:56:22,517 [f5d5de74-035f-4e7b-b7e8-455c492d4758-groupManagement] INFO  storage.RaftStorageDirectory (RaftStorageDirectoryImpl.java:analyzeStorage(137)) - The storage directory /home/runner/work/ozone/ozone/hadoop-ozone/integration-test/target/test-dir/MiniOzoneClusterImpl-b0dd14bf-3562-4743-8e4f-1fdeb49c931a/datanode-1/data/ratis/19c2c917-0edc-4eee-a644-1907792ef0ec does not exist. Creating ...
2023-08-29 18:56:22,518 [f5d5de74-035f-4e7b-b7e8-455c492d4758-groupManagement] INFO  storage.RaftStorageDirectory (RaftStorageDirectoryImpl.java:tryLock(231)) - Lock on /home/runner/work/ozone/ozone/hadoop-ozone/integration-test/target/test-dir/MiniOzoneClusterImpl-b0dd14bf-3562-4743-8e4f-1fdeb49c931a/datanode-1/data/ratis/19c2c917-0edc-4eee-a644-1907792ef0ec/in_use.lock acquired by nodename 61099@fv-az225-157
2023-08-29 18:56:22,519 [f5d5de74-035f-4e7b-b7e8-455c492d4758-groupManagement] INFO  storage.RaftStorage (RaftStorageImpl.java:format(96)) - Storage directory /home/runner/work/ozone/ozone/hadoop-ozone/integration-test/target/test-dir/MiniOzoneClusterImpl-b0dd14bf-3562-4743-8e4f-1fdeb49c931a/datanode-1/data/ratis/19c2c917-0edc-4eee-a644-1907792ef0ec has been successfully formatted.
2023-08-29 18:56:22,519 [f5d5de74-035f-4e7b-b7e8-455c492d4758-groupManagement] INFO  ratis.ContainerStateMachine (ContainerStateMachine.java:loadSnapshot(262)) - group-1907792EF0EC: The snapshot info is null. Setting the last applied indexto:(t:0, i:~)
2023-08-29 18:56:22,519 [f5d5de74-035f-4e7b-b7e8-455c492d4758-groupManagement] INFO  server.RaftServerConfigKeys (ConfUtils.java:logGet(46)) - raft.server.log.use.memory = false (default)
2023-08-29 18:56:22,520 [f5d5de74-035f-4e7b-b7e8-455c492d4758-groupManagement] INFO  server.RaftServerConfigKeys (ConfUtils.java:logGet(46)) - raft.server.log.purge.gap = 1000000 (custom)
2023-08-29 18:56:22,520 [EventQueue-PipelineReportForPipelineReportHandler] INFO  pipeline.PipelineReportHandler (PipelineReportHandler.java:processPipelineReport(136)) - Opened pipeline PipelineID=19c2c917-0edc-4eee-a644-1907792ef0ec
2023-08-29 18:56:22,522 [EventQueue-OpenPipelineForHealthyPipelineSafeModeRule] INFO  safemode.SCMSafeModeManager (HealthyPipelineSafeModeRule.java:process(137)) - SCM in safe mode. Healthy pipelines reported count is 0, required healthy pipeline reported count is 1
2023-08-29 18:56:22,522 [f5d5de74-035f-4e7b-b7e8-455c492d4758-groupManagement] INFO  server.RaftServerConfigKeys (ConfUtils.java:logGet(46)) - raft.server.log.appender.buffer.byte-limit = 33554432 (custom)
2023-08-29 18:56:22,522 [f5d5de74-035f-4e7b-b7e8-455c492d4758-groupManagement] INFO  server.RaftServerConfigKeys (ConfUtils.java:logGet(46)) - raft.server.log.statemachine.data.read.timeout = 1000ms (default)
2023-08-29 18:56:22,522 [f5d5de74-035f-4e7b-b7e8-455c492d4758-groupManagement] INFO  server.RaftServerConfigKeys (ConfUtils.java:logGet(46)) - raft.server.log.purge.preservation.log.num = 0 (default)
2023-08-29 18:56:22,522 [f5d5de74-035f-4e7b-b7e8-455c492d4758-groupManagement] INFO  server.RaftServerConfigKeys (ConfUtils.java:logGet(46)) - raft.server.log.segment.size.max = 1048576 (custom)
2023-08-29 18:56:22,522 [f5d5de74-035f-4e7b-b7e8-455c492d4758-groupManagement] INFO  server.RaftServerConfigKeys (ConfUtils.java:logGet(46)) - raft.server.log.segment.cache.num.max = 2 (custom)
2023-08-29 18:56:22,523 [f5d5de74-035f-4e7b-b7e8-455c492d4758-groupManagement] INFO  server.RaftServerConfigKeys (ConfUtils.java:logGet(46)) - raft.server.log.segment.cache.size.max = 200MB (=209715200) (default)
2023-08-29 18:56:22,523 [f5d5de74-035f-4e7b-b7e8-455c492d4758-groupManagement] INFO  server.RaftServerConfigKeys (ConfUtils.java:logGet(46)) - raft.server.log.appender.buffer.byte-limit = 33554432 (custom)
2023-08-29 18:56:22,523 [f5d5de74-035f-4e7b-b7e8-455c492d4758-groupManagement] INFO  segmented.SegmentedRaftLogWorker (SegmentedRaftLogWorker.java:<init>(188)) - new f5d5de74-035f-4e7b-b7e8-455c492d4758@group-1907792EF0EC-SegmentedRaftLogWorker for RaftStorageImpl:Storage Directory /home/runner/work/ozone/ozone/hadoop-ozone/integration-test/target/test-dir/MiniOzoneClusterImpl-b0dd14bf-3562-4743-8e4f-1fdeb49c931a/datanode-1/data/ratis/19c2c917-0edc-4eee-a644-1907792ef0ec
2023-08-29 18:56:22,523 [f5d5de74-035f-4e7b-b7e8-455c492d4758-groupManagement] INFO  server.RaftServerConfigKeys (ConfUtils.java:logGet(46)) - raft.server.log.queue.byte-limit = 4294967296 (custom)
2023-08-29 18:56:22,523 [f5d5de74-035f-4e7b-b7e8-455c492d4758-groupManagement] INFO  server.RaftServerConfigKeys (ConfUtils.java:logGet(46)) - raft.server.log.queue.element-limit = 1024 (custom)
2023-08-29 18:56:22,523 [f5d5de74-035f-4e7b-b7e8-455c492d4758-groupManagement] INFO  server.RaftServerConfigKeys (ConfUtils.java:logGet(46)) - raft.server.log.segment.size.max = 1048576 (custom)
2023-08-29 18:56:22,523 [f5d5de74-035f-4e7b-b7e8-455c492d4758-groupManagement] INFO  server.RaftServerConfigKeys (ConfUtils.java:logGet(46)) - raft.server.log.preallocated.size = 16384 (custom)
2023-08-29 18:56:22,523 [f5d5de74-035f-4e7b-b7e8-455c492d4758-groupManagement] INFO  server.RaftServerConfigKeys (ConfUtils.java:logGet(46)) - raft.server.log.force.sync.num = 128 (default)
2023-08-29 18:56:22,523 [f5d5de74-035f-4e7b-b7e8-455c492d4758-groupManagement] INFO  server.RaftServerConfigKeys (ConfUtils.java:logGet(46)) - raft.server.log.statemachine.data.sync = true (default)
2023-08-29 18:56:22,523 [f5d5de74-035f-4e7b-b7e8-455c492d4758-groupManagement] INFO  server.RaftServerConfigKeys (ConfUtils.java:logGet(46)) - raft.server.log.statemachine.data.sync.timeout = 10s (default)
2023-08-29 18:56:22,523 [f5d5de74-035f-4e7b-b7e8-455c492d4758-groupManagement] INFO  server.RaftServerConfigKeys (ConfUtils.java:logGet(46)) - raft.server.log.statemachine.data.sync.timeout.retry = -1 (default)
2023-08-29 18:56:22,523 [f5d5de74-035f-4e7b-b7e8-455c492d4758-groupManagement] INFO  server.RaftServerConfigKeys (ConfUtils.java:logGet(46)) - raft.server.log.write.buffer.size = 1048576 (custom)
2023-08-29 18:56:22,523 [f5d5de74-035f-4e7b-b7e8-455c492d4758-groupManagement] INFO  server.RaftServerConfigKeys (ConfUtils.java:logGet(46)) - raft.server.log.appender.buffer.byte-limit = 33554432 (custom)
2023-08-29 18:56:22,528 [f5d5de74-035f-4e7b-b7e8-455c492d4758-groupManagement] INFO  server.RaftServerConfigKeys (ConfUtils.java:logGet(46)) - raft.server.log.unsafe-flush.enabled = false (default)
2023-08-29 18:56:22,528 [f5d5de74-035f-4e7b-b7e8-455c492d4758-groupManagement] INFO  server.RaftServerConfigKeys (ConfUtils.java:logGet(46)) - raft.server.log.async-flush.enabled = false (default)
2023-08-29 18:56:22,528 [f5d5de74-035f-4e7b-b7e8-455c492d4758-groupManagement] INFO  server.RaftServerConfigKeys (ConfUtils.java:logGet(46)) - raft.server.log.statemachine.data.caching.enabled = true (custom)
2023-08-29 18:56:22,528 [f5d5de74-035f-4e7b-b7e8-455c492d4758-groupManagement] INFO  segmented.SegmentedRaftLogWorker (SegmentedRaftLogWorker.java:lambda$new$0(135)) - f5d5de74-035f-4e7b-b7e8-455c492d4758@group-1907792EF0EC-SegmentedRaftLogWorker: flushIndex: setUnconditionally 0 -> -1
2023-08-29 18:56:22,528 [f5d5de74-035f-4e7b-b7e8-455c492d4758-groupManagement] INFO  segmented.SegmentedRaftLogWorker (SegmentedRaftLogWorker.java:lambda$new$0(135)) - f5d5de74-035f-4e7b-b7e8-455c492d4758@group-1907792EF0EC-SegmentedRaftLogWorker: safeCacheEvictIndex: setUnconditionally 0 -> -1
2023-08-29 18:56:22,529 [f5d5de74-035f-4e7b-b7e8-455c492d4758-groupManagement] INFO  server.RaftServer$Division (RaftServerImpl.java:start(342)) - f5d5de74-035f-4e7b-b7e8-455c492d4758@group-1907792EF0EC: start as a follower, conf=-1: peers:[f5d5de74-035f-4e7b-b7e8-455c492d4758|rpc:10.1.0.239:15182|admin:10.1.0.239:15181|client:10.1.0.239:15180|dataStream:10.1.0.239:15183|priority:1|startupRole:FOLLOWER]|listeners:[], old=null
2023-08-29 18:56:22,529 [f5d5de74-035f-4e7b-b7e8-455c492d4758-groupManagement] INFO  server.RaftServer$Division (RaftServerImpl.java:setRole(329)) - f5d5de74-035f-4e7b-b7e8-455c492d4758@group-1907792EF0EC: changes role from      null to FOLLOWER at term 0 for startAsFollower
2023-08-29 18:56:22,529 [f5d5de74-035f-4e7b-b7e8-455c492d4758-groupManagement] INFO  impl.RoleInfo (RoleInfo.java:updateAndGet(139)) - f5d5de74-035f-4e7b-b7e8-455c492d4758: start f5d5de74-035f-4e7b-b7e8-455c492d4758@group-1907792EF0EC-FollowerState
2023-08-29 18:56:22,532 [f5d5de74-035f-4e7b-b7e8-455c492d4758-groupManagement] INFO  util.JmxRegister (JmxRegister.java:tryRegister(44)) - Successfully registered JMX Bean with object name Ratis:service=RaftServer,group=group-1907792EF0EC,id=f5d5de74-035f-4e7b-b7e8-455c492d4758
2023-08-29 18:56:22,532 [f5d5de74-035f-4e7b-b7e8-455c492d4758-groupManagement] INFO  server.RaftServerConfigKeys (ConfUtils.java:logGet(46)) - raft.server.snapshot.auto.trigger.enabled = true (custom)
2023-08-29 18:56:22,532 [f5d5de74-035f-4e7b-b7e8-455c492d4758-groupManagement] INFO  server.RaftServerConfigKeys (ConfUtils.java:logGet(46)) - raft.server.snapshot.auto.trigger.threshold = 10000 (custom)
2023-08-29 18:56:22,532 [f5d5de74-035f-4e7b-b7e8-455c492d4758-groupManagement] INFO  server.RaftServerConfigKeys (ConfUtils.java:logGet(46)) - raft.server.snapshot.retention.file.num = 5 (custom)
2023-08-29 18:56:22,532 [f5d5de74-035f-4e7b-b7e8-455c492d4758-groupManagement] INFO  server.RaftServerConfigKeys (ConfUtils.java:logGet(46)) - raft.server.log.purge.upto.snapshot.index = false (default)
2023-08-29 18:56:22,532 [PipelineCommandHandlerThread-0] INFO  ratis.XceiverServerRatis (XceiverServerRatis.java:addGroup(804)) - Created group PipelineID=19c2c917-0edc-4eee-a644-1907792ef0ec
2023-08-29 18:56:22,532 [PipelineCommandHandlerThread-0] INFO  commandhandler.CreatePipelineCommandHandler (CreatePipelineCommandHandler.java:lambda$handle$2(124)) - Created Pipeline RATIS ONE PipelineID=19c2c917-0edc-4eee-a644-1907792ef0ec.
2023-08-29 18:56:22,532 [f5d5de74-035f-4e7b-b7e8-455c492d4758@group-1907792EF0EC-FollowerState] INFO  server.RaftServerConfigKeys (ConfUtils.java:logFallback(53)) - raft.server.rpc.first-election.timeout.min = 5s (fallback to raft.server.rpc.timeout.min)
2023-08-29 18:56:22,532 [f5d5de74-035f-4e7b-b7e8-455c492d4758@group-1907792EF0EC-FollowerState] INFO  server.RaftServerConfigKeys (ConfUtils.java:logFallback(53)) - raft.server.rpc.first-election.timeout.max = 5200ms (fallback to raft.server.rpc.timeout.max)
2023-08-29 18:56:22,839 [PipelineCommandHandlerThread-0] INFO  server.RaftServer (RaftServerProxy.java:addNew(98)) - 1088055f-b6dc-4993-819c-da5e568aeaf2: addNew group-88BCABE86D0E:[1088055f-b6dc-4993-819c-da5e568aeaf2|rpc:10.1.0.239:15191|admin:10.1.0.239:15190|client:10.1.0.239:15189|dataStream:10.1.0.239:15192|priority:1|startupRole:FOLLOWER] returns group-88BCABE86D0E:java.util.concurrent.CompletableFuture@546bc227[Not completed]
2023-08-29 18:56:22,840 [1088055f-b6dc-4993-819c-da5e568aeaf2-groupManagement] INFO  server.RaftServer$Division (RaftServerImpl.java:<init>(198)) - 1088055f-b6dc-4993-819c-da5e568aeaf2: new RaftServerImpl for group-88BCABE86D0E:[1088055f-b6dc-4993-819c-da5e568aeaf2|rpc:10.1.0.239:15191|admin:10.1.0.239:15190|client:10.1.0.239:15189|dataStream:10.1.0.239:15192|priority:1|startupRole:FOLLOWER] with ContainerStateMachine:uninitialized
2023-08-29 18:56:22,840 [1088055f-b6dc-4993-819c-da5e568aeaf2-groupManagement] INFO  server.RaftServerConfigKeys (ConfUtils.java:logGet(46)) - raft.server.rpc.timeout.min = 5s (custom)
2023-08-29 18:56:22,840 [1088055f-b6dc-4993-819c-da5e568aeaf2-groupManagement] INFO  server.RaftServerConfigKeys (ConfUtils.java:logGet(46)) - raft.server.rpc.timeout.max = 5200ms (custom)
2023-08-29 18:56:22,840 [1088055f-b6dc-4993-819c-da5e568aeaf2-groupManagement] INFO  server.RaftServerConfigKeys (ConfUtils.java:logGet(46)) - raft.server.rpc.sleep.time = 25ms (default)
2023-08-29 18:56:22,840 [1088055f-b6dc-4993-819c-da5e568aeaf2-groupManagement] INFO  server.RaftServerConfigKeys (ConfUtils.java:logGet(46)) - raft.server.rpc.slowness.timeout = 300s (custom)
2023-08-29 18:56:22,840 [1088055f-b6dc-4993-819c-da5e568aeaf2-groupManagement] INFO  server.RaftServerConfigKeys (ConfUtils.java:logGet(46)) - raft.server.leaderelection.leader.step-down.wait-time = 10s (default)
2023-08-29 18:56:22,840 [1088055f-b6dc-4993-819c-da5e568aeaf2-groupManagement] INFO  server.RaftServerConfigKeys (ConfUtils.java:logGet(46)) - raft.server.sleep.deviation.threshold = 300ms (default)
2023-08-29 18:56:22,841 [1088055f-b6dc-4993-819c-da5e568aeaf2-groupManagement] INFO  server.RaftServer$Division (ServerState.java:<init>(120)) - 1088055f-b6dc-4993-819c-da5e568aeaf2@group-88BCABE86D0E: ConfigurationManager, init=-1: peers:[1088055f-b6dc-4993-819c-da5e568aeaf2|rpc:10.1.0.239:15191|admin:10.1.0.239:15190|client:10.1.0.239:15189|dataStream:10.1.0.239:15192|priority:1|startupRole:FOLLOWER]|listeners:[], old=null, confs=<EMPTY_MAP>
2023-08-29 18:56:22,841 [1088055f-b6dc-4993-819c-da5e568aeaf2-groupManagement] INFO  server.RaftServerConfigKeys (ConfUtils.java:logGet(46)) - raft.server.storage.dir = [/home/runner/work/ozone/ozone/hadoop-ozone/integration-test/target/test-dir/MiniOzoneClusterImpl-b0dd14bf-3562-4743-8e4f-1fdeb49c931a/datanode-2/data/ratis] (custom)
2023-08-29 18:56:22,841 [1088055f-b6dc-4993-819c-da5e568aeaf2-groupManagement] INFO  server.RaftServerConfigKeys (ConfUtils.java:logGet(46)) - raft.server.log.corruption.policy = EXCEPTION (default)
2023-08-29 18:56:22,841 [1088055f-b6dc-4993-819c-da5e568aeaf2-groupManagement] INFO  server.RaftServerConfigKeys (ConfUtils.java:logGet(46)) - raft.server.storage.free-space.min = 0MB (=0) (default)
2023-08-29 18:56:22,841 [1088055f-b6dc-4993-819c-da5e568aeaf2-groupManagement] INFO  server.RaftServerConfigKeys (ConfUtils.java:logGet(46)) - raft.server.notification.no-leader.timeout = 300s (custom)
2023-08-29 18:56:22,841 [1088055f-b6dc-4993-819c-da5e568aeaf2-groupManagement] INFO  server.RaftServerConfigKeys (ConfUtils.java:logGet(46)) - raft.server.read.timeout = 10s (default)
2023-08-29 18:56:22,841 [1088055f-b6dc-4993-819c-da5e568aeaf2-groupManagement] INFO  server.RaftServerConfigKeys (ConfUtils.java:logGet(46)) - raft.server.retrycache.expirytime = 600000ms (custom)
2023-08-29 18:56:22,841 [1088055f-b6dc-4993-819c-da5e568aeaf2-groupManagement] INFO  server.RaftServerConfigKeys (ConfUtils.java:logGet(46)) - raft.server.retrycache.statistics.expirytime = 100μs (default)
2023-08-29 18:56:22,841 [1088055f-b6dc-4993-819c-da5e568aeaf2-groupManagement] INFO  server.RaftServerConfigKeys (ConfUtils.java:logGet(46)) - raft.server.read.option = DEFAULT (default)
2023-08-29 18:56:22,842 [1088055f-b6dc-4993-819c-da5e568aeaf2-groupManagement] INFO  server.RaftServerConfigKeys (ConfUtils.java:logGet(46)) - raft.server.rpc.request.timeout = 60s (custom)
2023-08-29 18:56:22,842 [1088055f-b6dc-4993-819c-da5e568aeaf2-groupManagement] INFO  server.RaftServerConfigKeys (ConfUtils.java:logGet(46)) - raft.server.log.appender.install.snapshot.enabled = false (custom)
2023-08-29 18:56:22,842 [1088055f-b6dc-4993-819c-da5e568aeaf2-groupManagement] INFO  server.RaftServerConfigKeys (ConfUtils.java:logGet(46)) - raft.server.threadpool.server.cached = true (default)
2023-08-29 18:56:22,842 [1088055f-b6dc-4993-819c-da5e568aeaf2-groupManagement] INFO  server.RaftServerConfigKeys (ConfUtils.java:logGet(46)) - raft.server.threadpool.server.size = 0 (default)
2023-08-29 18:56:22,842 [1088055f-b6dc-4993-819c-da5e568aeaf2-groupManagement] INFO  server.RaftServerConfigKeys (ConfUtils.java:logGet(46)) - raft.server.threadpool.client.cached = true (default)
2023-08-29 18:56:22,842 [1088055f-b6dc-4993-819c-da5e568aeaf2-groupManagement] INFO  server.RaftServerConfigKeys (ConfUtils.java:logGet(46)) - raft.server.threadpool.client.size = 0 (default)
2023-08-29 18:56:22,842 [1088055f-b6dc-4993-819c-da5e568aeaf2-groupManagement] INFO  storage.RaftStorageDirectory (RaftStorageDirectoryImpl.java:analyzeStorage(137)) - The storage directory /home/runner/work/ozone/ozone/hadoop-ozone/integration-test/target/test-dir/MiniOzoneClusterImpl-b0dd14bf-3562-4743-8e4f-1fdeb49c931a/datanode-2/data/ratis/07482a9d-5922-41fa-95de-88bcabe86d0e does not exist. Creating ...
2023-08-29 18:56:22,843 [1088055f-b6dc-4993-819c-da5e568aeaf2-groupManagement] INFO  storage.RaftStorageDirectory (RaftStorageDirectoryImpl.java:tryLock(231)) - Lock on /home/runner/work/ozone/ozone/hadoop-ozone/integration-test/target/test-dir/MiniOzoneClusterImpl-b0dd14bf-3562-4743-8e4f-1fdeb49c931a/datanode-2/data/ratis/07482a9d-5922-41fa-95de-88bcabe86d0e/in_use.lock acquired by nodename 61099@fv-az225-157
2023-08-29 18:56:22,844 [1088055f-b6dc-4993-819c-da5e568aeaf2-groupManagement] INFO  storage.RaftStorage (RaftStorageImpl.java:format(96)) - Storage directory /home/runner/work/ozone/ozone/hadoop-ozone/integration-test/target/test-dir/MiniOzoneClusterImpl-b0dd14bf-3562-4743-8e4f-1fdeb49c931a/datanode-2/data/ratis/07482a9d-5922-41fa-95de-88bcabe86d0e has been successfully formatted.
2023-08-29 18:56:22,844 [1088055f-b6dc-4993-819c-da5e568aeaf2-groupManagement] INFO  ratis.ContainerStateMachine (ContainerStateMachine.java:loadSnapshot(262)) - group-88BCABE86D0E: The snapshot info is null. Setting the last applied indexto:(t:0, i:~)
2023-08-29 18:56:22,844 [1088055f-b6dc-4993-819c-da5e568aeaf2-groupManagement] INFO  server.RaftServerConfigKeys (ConfUtils.java:logGet(46)) - raft.server.log.use.memory = false (default)
2023-08-29 18:56:22,844 [1088055f-b6dc-4993-819c-da5e568aeaf2-groupManagement] INFO  server.RaftServerConfigKeys (ConfUtils.java:logGet(46)) - raft.server.log.purge.gap = 1000000 (custom)
2023-08-29 18:56:22,844 [1088055f-b6dc-4993-819c-da5e568aeaf2-groupManagement] INFO  server.RaftServerConfigKeys (ConfUtils.java:logGet(46)) - raft.server.log.appender.buffer.byte-limit = 33554432 (custom)
2023-08-29 18:56:22,844 [1088055f-b6dc-4993-819c-da5e568aeaf2-groupManagement] INFO  server.RaftServerConfigKeys (ConfUtils.java:logGet(46)) - raft.server.log.statemachine.data.read.timeout = 1000ms (default)
2023-08-29 18:56:22,844 [1088055f-b6dc-4993-819c-da5e568aeaf2-groupManagement] INFO  server.RaftServerConfigKeys (ConfUtils.java:logGet(46)) - raft.server.log.purge.preservation.log.num = 0 (default)
2023-08-29 18:56:22,845 [1088055f-b6dc-4993-819c-da5e568aeaf2-groupManagement] INFO  server.RaftServerConfigKeys (ConfUtils.java:logGet(46)) - raft.server.log.segment.size.max = 1048576 (custom)
2023-08-29 18:56:22,845 [1088055f-b6dc-4993-819c-da5e568aeaf2-groupManagement] INFO  server.RaftServerConfigKeys (ConfUtils.java:logGet(46)) - raft.server.log.segment.cache.num.max = 2 (custom)
2023-08-29 18:56:22,845 [1088055f-b6dc-4993-819c-da5e568aeaf2-groupManagement] INFO  server.RaftServerConfigKeys (ConfUtils.java:logGet(46)) - raft.server.log.segment.cache.size.max = 200MB (=209715200) (default)
2023-08-29 18:56:22,845 [1088055f-b6dc-4993-819c-da5e568aeaf2-groupManagement] INFO  server.RaftServerConfigKeys (ConfUtils.java:logGet(46)) - raft.server.log.appender.buffer.byte-limit = 33554432 (custom)
2023-08-29 18:56:22,845 [1088055f-b6dc-4993-819c-da5e568aeaf2-groupManagement] INFO  segmented.SegmentedRaftLogWorker (SegmentedRaftLogWorker.java:<init>(188)) - new 1088055f-b6dc-4993-819c-da5e568aeaf2@group-88BCABE86D0E-SegmentedRaftLogWorker for RaftStorageImpl:Storage Directory /home/runner/work/ozone/ozone/hadoop-ozone/integration-test/target/test-dir/MiniOzoneClusterImpl-b0dd14bf-3562-4743-8e4f-1fdeb49c931a/datanode-2/data/ratis/07482a9d-5922-41fa-95de-88bcabe86d0e
2023-08-29 18:56:22,845 [1088055f-b6dc-4993-819c-da5e568aeaf2-groupManagement] INFO  server.RaftServerConfigKeys (ConfUtils.java:logGet(46)) - raft.server.log.queue.byte-limit = 4294967296 (custom)
2023-08-29 18:56:22,845 [EventQueue-PipelineReportForPipelineReportHandler] INFO  pipeline.PipelineReportHandler (PipelineReportHandler.java:processPipelineReport(136)) - Opened pipeline PipelineID=07482a9d-5922-41fa-95de-88bcabe86d0e
2023-08-29 18:56:22,845 [1088055f-b6dc-4993-819c-da5e568aeaf2-groupManagement] INFO  server.RaftServerConfigKeys (ConfUtils.java:logGet(46)) - raft.server.log.queue.element-limit = 1024 (custom)
2023-08-29 18:56:22,845 [EventQueue-OpenPipelineForHealthyPipelineSafeModeRule] INFO  safemode.SCMSafeModeManager (HealthyPipelineSafeModeRule.java:process(137)) - SCM in safe mode. Healthy pipelines reported count is 0, required healthy pipeline reported count is 1
2023-08-29 18:56:22,845 [1088055f-b6dc-4993-819c-da5e568aeaf2-groupManagement] INFO  server.RaftServerConfigKeys (ConfUtils.java:logGet(46)) - raft.server.log.segment.size.max = 1048576 (custom)
2023-08-29 18:56:22,845 [1088055f-b6dc-4993-819c-da5e568aeaf2-groupManagement] INFO  server.RaftServerConfigKeys (ConfUtils.java:logGet(46)) - raft.server.log.preallocated.size = 16384 (custom)
2023-08-29 18:56:22,846 [1088055f-b6dc-4993-819c-da5e568aeaf2-groupManagement] INFO  server.RaftServerConfigKeys (ConfUtils.java:logGet(46)) - raft.server.log.force.sync.num = 128 (default)
2023-08-29 18:56:22,846 [1088055f-b6dc-4993-819c-da5e568aeaf2-groupManagement] INFO  server.RaftServerConfigKeys (ConfUtils.java:logGet(46)) - raft.server.log.statemachine.data.sync = true (default)
2023-08-29 18:56:22,846 [1088055f-b6dc-4993-819c-da5e568aeaf2-groupManagement] INFO  server.RaftServerConfigKeys (ConfUtils.java:logGet(46)) - raft.server.log.statemachine.data.sync.timeout = 10s (default)
2023-08-29 18:56:22,846 [1088055f-b6dc-4993-819c-da5e568aeaf2-groupManagement] INFO  server.RaftServerConfigKeys (ConfUtils.java:logGet(46)) - raft.server.log.statemachine.data.sync.timeout.retry = -1 (default)
2023-08-29 18:56:22,846 [1088055f-b6dc-4993-819c-da5e568aeaf2-groupManagement] INFO  server.RaftServerConfigKeys (ConfUtils.java:logGet(46)) - raft.server.log.write.buffer.size = 1048576 (custom)
2023-08-29 18:56:22,846 [1088055f-b6dc-4993-819c-da5e568aeaf2-groupManagement] INFO  server.RaftServerConfigKeys (ConfUtils.java:logGet(46)) - raft.server.log.appender.buffer.byte-limit = 33554432 (custom)
2023-08-29 18:56:22,851 [1088055f-b6dc-4993-819c-da5e568aeaf2-groupManagement] INFO  server.RaftServerConfigKeys (ConfUtils.java:logGet(46)) - raft.server.log.unsafe-flush.enabled = false (default)
2023-08-29 18:56:22,851 [1088055f-b6dc-4993-819c-da5e568aeaf2-groupManagement] INFO  server.RaftServerConfigKeys (ConfUtils.java:logGet(46)) - raft.server.log.async-flush.enabled = false (default)
2023-08-29 18:56:22,851 [1088055f-b6dc-4993-819c-da5e568aeaf2-groupManagement] INFO  server.RaftServerConfigKeys (ConfUtils.java:logGet(46)) - raft.server.log.statemachine.data.caching.enabled = true (custom)
2023-08-29 18:56:22,851 [1088055f-b6dc-4993-819c-da5e568aeaf2-groupManagement] INFO  segmented.SegmentedRaftLogWorker (SegmentedRaftLogWorker.java:lambda$new$0(135)) - 1088055f-b6dc-4993-819c-da5e568aeaf2@group-88BCABE86D0E-SegmentedRaftLogWorker: flushIndex: setUnconditionally 0 -> -1
2023-08-29 18:56:22,851 [1088055f-b6dc-4993-819c-da5e568aeaf2-groupManagement] INFO  segmented.SegmentedRaftLogWorker (SegmentedRaftLogWorker.java:lambda$new$0(135)) - 1088055f-b6dc-4993-819c-da5e568aeaf2@group-88BCABE86D0E-SegmentedRaftLogWorker: safeCacheEvictIndex: setUnconditionally 0 -> -1
2023-08-29 18:56:22,851 [1088055f-b6dc-4993-819c-da5e568aeaf2-groupManagement] INFO  server.RaftServer$Division (RaftServerImpl.java:start(342)) - 1088055f-b6dc-4993-819c-da5e568aeaf2@group-88BCABE86D0E: start as a follower, conf=-1: peers:[1088055f-b6dc-4993-819c-da5e568aeaf2|rpc:10.1.0.239:15191|admin:10.1.0.239:15190|client:10.1.0.239:15189|dataStream:10.1.0.239:15192|priority:1|startupRole:FOLLOWER]|listeners:[], old=null
2023-08-29 18:56:22,852 [1088055f-b6dc-4993-819c-da5e568aeaf2-groupManagement] INFO  server.RaftServer$Division (RaftServerImpl.java:setRole(329)) - 1088055f-b6dc-4993-819c-da5e568aeaf2@group-88BCABE86D0E: changes role from      null to FOLLOWER at term 0 for startAsFollower
2023-08-29 18:56:22,852 [1088055f-b6dc-4993-819c-da5e568aeaf2-groupManagement] INFO  impl.RoleInfo (RoleInfo.java:updateAndGet(139)) - 1088055f-b6dc-4993-819c-da5e568aeaf2: start 1088055f-b6dc-4993-819c-da5e568aeaf2@group-88BCABE86D0E-FollowerState
2023-08-29 18:56:22,852 [1088055f-b6dc-4993-819c-da5e568aeaf2-groupManagement] INFO  util.JmxRegister (JmxRegister.java:tryRegister(44)) - Successfully registered JMX Bean with object name Ratis:service=RaftServer,group=group-88BCABE86D0E,id=1088055f-b6dc-4993-819c-da5e568aeaf2
2023-08-29 18:56:22,852 [1088055f-b6dc-4993-819c-da5e568aeaf2@group-88BCABE86D0E-FollowerState] INFO  server.RaftServerConfigKeys (ConfUtils.java:logFallback(53)) - raft.server.rpc.first-election.timeout.min = 5s (fallback to raft.server.rpc.timeout.min)
2023-08-29 18:56:22,852 [1088055f-b6dc-4993-819c-da5e568aeaf2-groupManagement] INFO  server.RaftServerConfigKeys (ConfUtils.java:logGet(46)) - raft.server.snapshot.auto.trigger.enabled = true (custom)
2023-08-29 18:56:22,852 [1088055f-b6dc-4993-819c-da5e568aeaf2@group-88BCABE86D0E-FollowerState] INFO  server.RaftServerConfigKeys (ConfUtils.java:logFallback(53)) - raft.server.rpc.first-election.timeout.max = 5200ms (fallback to raft.server.rpc.timeout.max)
2023-08-29 18:56:22,852 [1088055f-b6dc-4993-819c-da5e568aeaf2-groupManagement] INFO  server.RaftServerConfigKeys (ConfUtils.java:logGet(46)) - raft.server.snapshot.auto.trigger.threshold = 10000 (custom)
2023-08-29 18:56:22,852 [1088055f-b6dc-4993-819c-da5e568aeaf2-groupManagement] INFO  server.RaftServerConfigKeys (ConfUtils.java:logGet(46)) - raft.server.snapshot.retention.file.num = 5 (custom)
2023-08-29 18:56:22,852 [1088055f-b6dc-4993-819c-da5e568aeaf2-groupManagement] INFO  server.RaftServerConfigKeys (ConfUtils.java:logGet(46)) - raft.server.log.purge.upto.snapshot.index = false (default)
2023-08-29 18:56:22,853 [PipelineCommandHandlerThread-0] INFO  ratis.XceiverServerRatis (XceiverServerRatis.java:addGroup(804)) - Created group PipelineID=07482a9d-5922-41fa-95de-88bcabe86d0e
2023-08-29 18:56:22,853 [PipelineCommandHandlerThread-0] INFO  commandhandler.CreatePipelineCommandHandler (CreatePipelineCommandHandler.java:lambda$handle$2(124)) - Created Pipeline RATIS ONE PipelineID=07482a9d-5922-41fa-95de-88bcabe86d0e.
2023-08-29 18:56:23,095 [PipelineCommandHandlerThread-0] INFO  server.RaftServer (RaftServerProxy.java:addNew(98)) - 9b9fb1d1-2285-4865-a677-77c8be404412: addNew group-9B2B1D82C8EC:[9b9fb1d1-2285-4865-a677-77c8be404412|rpc:10.1.0.239:15200|admin:10.1.0.239:15199|client:10.1.0.239:15198|dataStream:10.1.0.239:15201|priority:1|startupRole:FOLLOWER] returns group-9B2B1D82C8EC:java.util.concurrent.CompletableFuture@1e092a8c[Not completed]
2023-08-29 18:56:23,095 [9b9fb1d1-2285-4865-a677-77c8be404412-groupManagement] INFO  server.RaftServer$Division (RaftServerImpl.java:<init>(198)) - 9b9fb1d1-2285-4865-a677-77c8be404412: new RaftServerImpl for group-9B2B1D82C8EC:[9b9fb1d1-2285-4865-a677-77c8be404412|rpc:10.1.0.239:15200|admin:10.1.0.239:15199|client:10.1.0.239:15198|dataStream:10.1.0.239:15201|priority:1|startupRole:FOLLOWER] with ContainerStateMachine:uninitialized
2023-08-29 18:56:23,096 [9b9fb1d1-2285-4865-a677-77c8be404412-groupManagement] INFO  server.RaftServerConfigKeys (ConfUtils.java:logGet(46)) - raft.server.rpc.timeout.min = 5s (custom)
2023-08-29 18:56:23,096 [9b9fb1d1-2285-4865-a677-77c8be404412-groupManagement] INFO  server.RaftServerConfigKeys (ConfUtils.java:logGet(46)) - raft.server.rpc.timeout.max = 5200ms (custom)
2023-08-29 18:56:23,096 [9b9fb1d1-2285-4865-a677-77c8be404412-groupManagement] INFO  server.RaftServerConfigKeys (ConfUtils.java:logGet(46)) - raft.server.rpc.sleep.time = 25ms (default)
2023-08-29 18:56:23,096 [9b9fb1d1-2285-4865-a677-77c8be404412-groupManagement] INFO  server.RaftServerConfigKeys (ConfUtils.java:logGet(46)) - raft.server.rpc.slowness.timeout = 300s (custom)
2023-08-29 18:56:23,096 [9b9fb1d1-2285-4865-a677-77c8be404412-groupManagement] INFO  server.RaftServerConfigKeys (ConfUtils.java:logGet(46)) - raft.server.leaderelection.leader.step-down.wait-time = 10s (default)
2023-08-29 18:56:23,096 [9b9fb1d1-2285-4865-a677-77c8be404412-groupManagement] INFO  server.RaftServerConfigKeys (ConfUtils.java:logGet(46)) - raft.server.sleep.deviation.threshold = 300ms (default)
2023-08-29 18:56:23,096 [9b9fb1d1-2285-4865-a677-77c8be404412-groupManagement] INFO  server.RaftServer$Division (ServerState.java:<init>(120)) - 9b9fb1d1-2285-4865-a677-77c8be404412@group-9B2B1D82C8EC: ConfigurationManager, init=-1: peers:[9b9fb1d1-2285-4865-a677-77c8be404412|rpc:10.1.0.239:15200|admin:10.1.0.239:15199|client:10.1.0.239:15198|dataStream:10.1.0.239:15201|priority:1|startupRole:FOLLOWER]|listeners:[], old=null, confs=<EMPTY_MAP>
2023-08-29 18:56:23,096 [9b9fb1d1-2285-4865-a677-77c8be404412-groupManagement] INFO  server.RaftServerConfigKeys (ConfUtils.java:logGet(46)) - raft.server.storage.dir = [/home/runner/work/ozone/ozone/hadoop-ozone/integration-test/target/test-dir/MiniOzoneClusterImpl-b0dd14bf-3562-4743-8e4f-1fdeb49c931a/datanode-3/data/ratis] (custom)
2023-08-29 18:56:23,096 [9b9fb1d1-2285-4865-a677-77c8be404412-groupManagement] INFO  server.RaftServerConfigKeys (ConfUtils.java:logGet(46)) - raft.server.log.corruption.policy = EXCEPTION (default)
2023-08-29 18:56:23,096 [9b9fb1d1-2285-4865-a677-77c8be404412-groupManagement] INFO  server.RaftServerConfigKeys (ConfUtils.java:logGet(46)) - raft.server.storage.free-space.min = 0MB (=0) (default)
2023-08-29 18:56:23,096 [9b9fb1d1-2285-4865-a677-77c8be404412-groupManagement] INFO  server.RaftServerConfigKeys (ConfUtils.java:logGet(46)) - raft.server.notification.no-leader.timeout = 300s (custom)
2023-08-29 18:56:23,096 [9b9fb1d1-2285-4865-a677-77c8be404412-groupManagement] INFO  server.RaftServerConfigKeys (ConfUtils.java:logGet(46)) - raft.server.read.timeout = 10s (default)
2023-08-29 18:56:23,096 [9b9fb1d1-2285-4865-a677-77c8be404412-groupManagement] INFO  server.RaftServerConfigKeys (ConfUtils.java:logGet(46)) - raft.server.retrycache.expirytime = 600000ms (custom)
2023-08-29 18:56:23,096 [9b9fb1d1-2285-4865-a677-77c8be404412-groupManagement] INFO  server.RaftServerConfigKeys (ConfUtils.java:logGet(46)) - raft.server.retrycache.statistics.expirytime = 100μs (default)
2023-08-29 18:56:23,096 [9b9fb1d1-2285-4865-a677-77c8be404412-groupManagement] INFO  server.RaftServerConfigKeys (ConfUtils.java:logGet(46)) - raft.server.read.option = DEFAULT (default)
2023-08-29 18:56:23,097 [9b9fb1d1-2285-4865-a677-77c8be404412-groupManagement] INFO  server.RaftServerConfigKeys (ConfUtils.java:logGet(46)) - raft.server.rpc.request.timeout = 60s (custom)
2023-08-29 18:56:23,097 [9b9fb1d1-2285-4865-a677-77c8be404412-groupManagement] INFO  server.RaftServerConfigKeys (ConfUtils.java:logGet(46)) - raft.server.log.appender.install.snapshot.enabled = false (custom)
2023-08-29 18:56:23,097 [9b9fb1d1-2285-4865-a677-77c8be404412-groupManagement] INFO  server.RaftServerConfigKeys (ConfUtils.java:logGet(46)) - raft.server.threadpool.server.cached = true (default)
2023-08-29 18:56:23,097 [9b9fb1d1-2285-4865-a677-77c8be404412-groupManagement] INFO  server.RaftServerConfigKeys (ConfUtils.java:logGet(46)) - raft.server.threadpool.server.size = 0 (default)
2023-08-29 18:56:23,097 [9b9fb1d1-2285-4865-a677-77c8be404412-groupManagement] INFO  server.RaftServerConfigKeys (ConfUtils.java:logGet(46)) - raft.server.threadpool.client.cached = true (default)
2023-08-29 18:56:23,097 [9b9fb1d1-2285-4865-a677-77c8be404412-groupManagement] INFO  server.RaftServerConfigKeys (ConfUtils.java:logGet(46)) - raft.server.threadpool.client.size = 0 (default)
2023-08-29 18:56:23,097 [9b9fb1d1-2285-4865-a677-77c8be404412-groupManagement] INFO  storage.RaftStorageDirectory (RaftStorageDirectoryImpl.java:analyzeStorage(137)) - The storage directory /home/runner/work/ozone/ozone/hadoop-ozone/integration-test/target/test-dir/MiniOzoneClusterImpl-b0dd14bf-3562-4743-8e4f-1fdeb49c931a/datanode-3/data/ratis/75f75a93-312f-4fb7-ad2f-9b2b1d82c8ec does not exist. Creating ...
2023-08-29 18:56:23,098 [9b9fb1d1-2285-4865-a677-77c8be404412-groupManagement] INFO  storage.RaftStorageDirectory (RaftStorageDirectoryImpl.java:tryLock(231)) - Lock on /home/runner/work/ozone/ozone/hadoop-ozone/integration-test/target/test-dir/MiniOzoneClusterImpl-b0dd14bf-3562-4743-8e4f-1fdeb49c931a/datanode-3/data/ratis/75f75a93-312f-4fb7-ad2f-9b2b1d82c8ec/in_use.lock acquired by nodename 61099@fv-az225-157
2023-08-29 18:56:23,099 [9b9fb1d1-2285-4865-a677-77c8be404412-groupManagement] INFO  storage.RaftStorage (RaftStorageImpl.java:format(96)) - Storage directory /home/runner/work/ozone/ozone/hadoop-ozone/integration-test/target/test-dir/MiniOzoneClusterImpl-b0dd14bf-3562-4743-8e4f-1fdeb49c931a/datanode-3/data/ratis/75f75a93-312f-4fb7-ad2f-9b2b1d82c8ec has been successfully formatted.
2023-08-29 18:56:23,100 [9b9fb1d1-2285-4865-a677-77c8be404412-groupManagement] INFO  ratis.ContainerStateMachine (ContainerStateMachine.java:loadSnapshot(262)) - group-9B2B1D82C8EC: The snapshot info is null. Setting the last applied indexto:(t:0, i:~)
2023-08-29 18:56:23,101 [9b9fb1d1-2285-4865-a677-77c8be404412-groupManagement] INFO  server.RaftServerConfigKeys (ConfUtils.java:logGet(46)) - raft.server.log.use.memory = false (default)
2023-08-29 18:56:23,101 [9b9fb1d1-2285-4865-a677-77c8be404412-groupManagement] INFO  server.RaftServerConfigKeys (ConfUtils.java:logGet(46)) - raft.server.log.purge.gap = 1000000 (custom)
2023-08-29 18:56:23,101 [9b9fb1d1-2285-4865-a677-77c8be404412-groupManagement] INFO  server.RaftServerConfigKeys (ConfUtils.java:logGet(46)) - raft.server.log.appender.buffer.byte-limit = 33554432 (custom)
2023-08-29 18:56:23,101 [EventQueue-PipelineReportForPipelineReportHandler] INFO  pipeline.PipelineReportHandler (PipelineReportHandler.java:processPipelineReport(136)) - Opened pipeline PipelineID=75f75a93-312f-4fb7-ad2f-9b2b1d82c8ec
2023-08-29 18:56:23,101 [9b9fb1d1-2285-4865-a677-77c8be404412-groupManagement] INFO  server.RaftServerConfigKeys (ConfUtils.java:logGet(46)) - raft.server.log.statemachine.data.read.timeout = 1000ms (default)
2023-08-29 18:56:23,101 [EventQueue-OpenPipelineForHealthyPipelineSafeModeRule] INFO  safemode.SCMSafeModeManager (HealthyPipelineSafeModeRule.java:process(137)) - SCM in safe mode. Healthy pipelines reported count is 0, required healthy pipeline reported count is 1
2023-08-29 18:56:23,101 [9b9fb1d1-2285-4865-a677-77c8be404412-groupManagement] INFO  server.RaftServerConfigKeys (ConfUtils.java:logGet(46)) - raft.server.log.purge.preservation.log.num = 0 (default)
2023-08-29 18:56:23,102 [9b9fb1d1-2285-4865-a677-77c8be404412-groupManagement] INFO  server.RaftServerConfigKeys (ConfUtils.java:logGet(46)) - raft.server.log.segment.size.max = 1048576 (custom)
2023-08-29 18:56:23,102 [9b9fb1d1-2285-4865-a677-77c8be404412-groupManagement] INFO  server.RaftServerConfigKeys (ConfUtils.java:logGet(46)) - raft.server.log.segment.cache.num.max = 2 (custom)
2023-08-29 18:56:23,102 [9b9fb1d1-2285-4865-a677-77c8be404412-groupManagement] INFO  server.RaftServerConfigKeys (ConfUtils.java:logGet(46)) - raft.server.log.segment.cache.size.max = 200MB (=209715200) (default)
2023-08-29 18:56:23,102 [9b9fb1d1-2285-4865-a677-77c8be404412-groupManagement] INFO  server.RaftServerConfigKeys (ConfUtils.java:logGet(46)) - raft.server.log.appender.buffer.byte-limit = 33554432 (custom)
2023-08-29 18:56:23,102 [9b9fb1d1-2285-4865-a677-77c8be404412-groupManagement] INFO  segmented.SegmentedRaftLogWorker (SegmentedRaftLogWorker.java:<init>(188)) - new 9b9fb1d1-2285-4865-a677-77c8be404412@group-9B2B1D82C8EC-SegmentedRaftLogWorker for RaftStorageImpl:Storage Directory /home/runner/work/ozone/ozone/hadoop-ozone/integration-test/target/test-dir/MiniOzoneClusterImpl-b0dd14bf-3562-4743-8e4f-1fdeb49c931a/datanode-3/data/ratis/75f75a93-312f-4fb7-ad2f-9b2b1d82c8ec
2023-08-29 18:56:23,102 [9b9fb1d1-2285-4865-a677-77c8be404412-groupManagement] INFO  server.RaftServerConfigKeys (ConfUtils.java:logGet(46)) - raft.server.log.queue.byte-limit = 4294967296 (custom)
2023-08-29 18:56:23,102 [9b9fb1d1-2285-4865-a677-77c8be404412-groupManagement] INFO  server.RaftServerConfigKeys (ConfUtils.java:logGet(46)) - raft.server.log.queue.element-limit = 1024 (custom)
2023-08-29 18:56:23,102 [9b9fb1d1-2285-4865-a677-77c8be404412-groupManagement] INFO  server.RaftServerConfigKeys (ConfUtils.java:logGet(46)) - raft.server.log.segment.size.max = 1048576 (custom)
2023-08-29 18:56:23,102 [9b9fb1d1-2285-4865-a677-77c8be404412-groupManagement] INFO  server.RaftServerConfigKeys (ConfUtils.java:logGet(46)) - raft.server.log.preallocated.size = 16384 (custom)
2023-08-29 18:56:23,102 [9b9fb1d1-2285-4865-a677-77c8be404412-groupManagement] INFO  server.RaftServerConfigKeys (ConfUtils.java:logGet(46)) - raft.server.log.force.sync.num = 128 (default)
2023-08-29 18:56:23,102 [9b9fb1d1-2285-4865-a677-77c8be404412-groupManagement] INFO  server.RaftServerConfigKeys (ConfUtils.java:logGet(46)) - raft.server.log.statemachine.data.sync = true (default)
2023-08-29 18:56:23,102 [9b9fb1d1-2285-4865-a677-77c8be404412-groupManagement] INFO  server.RaftServerConfigKeys (ConfUtils.java:logGet(46)) - raft.server.log.statemachine.data.sync.timeout = 10s (default)
2023-08-29 18:56:23,102 [9b9fb1d1-2285-4865-a677-77c8be404412-groupManagement] INFO  server.RaftServerConfigKeys (ConfUtils.java:logGet(46)) - raft.server.log.statemachine.data.sync.timeout.retry = -1 (default)
2023-08-29 18:56:23,103 [9b9fb1d1-2285-4865-a677-77c8be404412-groupManagement] INFO  server.RaftServerConfigKeys (ConfUtils.java:logGet(46)) - raft.server.log.write.buffer.size = 1048576 (custom)
2023-08-29 18:56:23,103 [9b9fb1d1-2285-4865-a677-77c8be404412-groupManagement] INFO  server.RaftServerConfigKeys (ConfUtils.java:logGet(46)) - raft.server.log.appender.buffer.byte-limit = 33554432 (custom)
2023-08-29 18:56:23,108 [9b9fb1d1-2285-4865-a677-77c8be404412-groupManagement] INFO  server.RaftServerConfigKeys (ConfUtils.java:logGet(46)) - raft.server.log.unsafe-flush.enabled = false (default)
2023-08-29 18:56:23,108 [9b9fb1d1-2285-4865-a677-77c8be404412-groupManagement] INFO  server.RaftServerConfigKeys (ConfUtils.java:logGet(46)) - raft.server.log.async-flush.enabled = false (default)
2023-08-29 18:56:23,108 [9b9fb1d1-2285-4865-a677-77c8be404412-groupManagement] INFO  server.RaftServerConfigKeys (ConfUtils.java:logGet(46)) - raft.server.log.statemachine.data.caching.enabled = true (custom)
2023-08-29 18:56:23,108 [9b9fb1d1-2285-4865-a677-77c8be404412-groupManagement] INFO  segmented.SegmentedRaftLogWorker (SegmentedRaftLogWorker.java:lambda$new$0(135)) - 9b9fb1d1-2285-4865-a677-77c8be404412@group-9B2B1D82C8EC-SegmentedRaftLogWorker: flushIndex: setUnconditionally 0 -> -1
2023-08-29 18:56:23,108 [9b9fb1d1-2285-4865-a677-77c8be404412-groupManagement] INFO  segmented.SegmentedRaftLogWorker (SegmentedRaftLogWorker.java:lambda$new$0(135)) - 9b9fb1d1-2285-4865-a677-77c8be404412@group-9B2B1D82C8EC-SegmentedRaftLogWorker: safeCacheEvictIndex: setUnconditionally 0 -> -1
2023-08-29 18:56:23,109 [9b9fb1d1-2285-4865-a677-77c8be404412-groupManagement] INFO  server.RaftServer$Division (RaftServerImpl.java:start(342)) - 9b9fb1d1-2285-4865-a677-77c8be404412@group-9B2B1D82C8EC: start as a follower, conf=-1: peers:[9b9fb1d1-2285-4865-a677-77c8be404412|rpc:10.1.0.239:15200|admin:10.1.0.239:15199|client:10.1.0.239:15198|dataStream:10.1.0.239:15201|priority:1|startupRole:FOLLOWER]|listeners:[], old=null
2023-08-29 18:56:23,109 [9b9fb1d1-2285-4865-a677-77c8be404412-groupManagement] INFO  server.RaftServer$Division (RaftServerImpl.java:setRole(329)) - 9b9fb1d1-2285-4865-a677-77c8be404412@group-9B2B1D82C8EC: changes role from      null to FOLLOWER at term 0 for startAsFollower
2023-08-29 18:56:23,109 [9b9fb1d1-2285-4865-a677-77c8be404412-groupManagement] INFO  impl.RoleInfo (RoleInfo.java:updateAndGet(139)) - 9b9fb1d1-2285-4865-a677-77c8be404412: start 9b9fb1d1-2285-4865-a677-77c8be404412@group-9B2B1D82C8EC-FollowerState
2023-08-29 18:56:23,109 [9b9fb1d1-2285-4865-a677-77c8be404412-groupManagement] INFO  util.JmxRegister (JmxRegister.java:tryRegister(44)) - Successfully registered JMX Bean with object name Ratis:service=RaftServer,group=group-9B2B1D82C8EC,id=9b9fb1d1-2285-4865-a677-77c8be404412
2023-08-29 18:56:23,109 [9b9fb1d1-2285-4865-a677-77c8be404412@group-9B2B1D82C8EC-FollowerState] INFO  server.RaftServerConfigKeys (ConfUtils.java:logFallback(53)) - raft.server.rpc.first-election.timeout.min = 5s (fallback to raft.server.rpc.timeout.min)
2023-08-29 18:56:23,109 [9b9fb1d1-2285-4865-a677-77c8be404412-groupManagement] INFO  server.RaftServerConfigKeys (ConfUtils.java:logGet(46)) - raft.server.snapshot.auto.trigger.enabled = true (custom)
2023-08-29 18:56:23,109 [9b9fb1d1-2285-4865-a677-77c8be404412@group-9B2B1D82C8EC-FollowerState] INFO  server.RaftServerConfigKeys (ConfUtils.java:logFallback(53)) - raft.server.rpc.first-election.timeout.max = 5200ms (fallback to raft.server.rpc.timeout.max)
2023-08-29 18:56:23,109 [9b9fb1d1-2285-4865-a677-77c8be404412-groupManagement] INFO  server.RaftServerConfigKeys (ConfUtils.java:logGet(46)) - raft.server.snapshot.auto.trigger.threshold = 10000 (custom)
2023-08-29 18:56:23,109 [9b9fb1d1-2285-4865-a677-77c8be404412-groupManagement] INFO  server.RaftServerConfigKeys (ConfUtils.java:logGet(46)) - raft.server.snapshot.retention.file.num = 5 (custom)
2023-08-29 18:56:23,109 [9b9fb1d1-2285-4865-a677-77c8be404412-groupManagement] INFO  server.RaftServerConfigKeys (ConfUtils.java:logGet(46)) - raft.server.log.purge.upto.snapshot.index = false (default)
2023-08-29 18:56:23,110 [PipelineCommandHandlerThread-0] INFO  ratis.XceiverServerRatis (XceiverServerRatis.java:addGroup(804)) - Created group PipelineID=75f75a93-312f-4fb7-ad2f-9b2b1d82c8ec
2023-08-29 18:56:23,110 [PipelineCommandHandlerThread-0] INFO  commandhandler.CreatePipelineCommandHandler (CreatePipelineCommandHandler.java:lambda$handle$2(124)) - Created Pipeline RATIS ONE PipelineID=75f75a93-312f-4fb7-ad2f-9b2b1d82c8ec.
2023-08-29 18:56:23,345 [main] INFO  ozone.MiniOzoneClusterImpl (MiniOzoneClusterImpl.java:lambda$waitForClusterToBeReady$0(224)) - Nodes are ready. Got 5 of 5 DN Heartbeats.
2023-08-29 18:56:23,345 [main] INFO  ozone.MiniOzoneClusterImpl (MiniOzoneClusterImpl.java:lambda$waitForClusterToBeReady$0(227)) - Waiting for cluster to exit safe mode
2023-08-29 18:56:23,345 [main] INFO  ozone.MiniOzoneClusterImpl (MiniOzoneClusterImpl.java:lambda$waitForClusterToBeReady$0(229)) - SCM became leader
2023-08-29 18:56:23,349 [PipelineCommandHandlerThread-0] INFO  server.RaftServer (RaftServerProxy.java:addNew(98)) - b7d61230-484d-41a2-ab8b-b31889d091fe: addNew group-E99FD5F97583:[b7d61230-484d-41a2-ab8b-b31889d091fe|rpc:10.1.0.239:15209|admin:10.1.0.239:15208|client:10.1.0.239:15207|dataStream:10.1.0.239:15210|priority:1|startupRole:FOLLOWER] returns group-E99FD5F97583:java.util.concurrent.CompletableFuture@f1c0a47[Not completed]
2023-08-29 18:56:23,350 [b7d61230-484d-41a2-ab8b-b31889d091fe-groupManagement] INFO  server.RaftServer$Division (RaftServerImpl.java:<init>(198)) - b7d61230-484d-41a2-ab8b-b31889d091fe: new RaftServerImpl for group-E99FD5F97583:[b7d61230-484d-41a2-ab8b-b31889d091fe|rpc:10.1.0.239:15209|admin:10.1.0.239:15208|client:10.1.0.239:15207|dataStream:10.1.0.239:15210|priority:1|startupRole:FOLLOWER] with ContainerStateMachine:uninitialized
2023-08-29 18:56:23,350 [b7d61230-484d-41a2-ab8b-b31889d091fe-groupManagement] INFO  server.RaftServerConfigKeys (ConfUtils.java:logGet(46)) - raft.server.rpc.timeout.min = 5s (custom)
2023-08-29 18:56:23,351 [b7d61230-484d-41a2-ab8b-b31889d091fe-groupManagement] INFO  server.RaftServerConfigKeys (ConfUtils.java:logGet(46)) - raft.server.rpc.timeout.max = 5200ms (custom)
2023-08-29 18:56:23,351 [b7d61230-484d-41a2-ab8b-b31889d091fe-groupManagement] INFO  server.RaftServerConfigKeys (ConfUtils.java:logGet(46)) - raft.server.rpc.sleep.time = 25ms (default)
2023-08-29 18:56:23,351 [b7d61230-484d-41a2-ab8b-b31889d091fe-groupManagement] INFO  server.RaftServerConfigKeys (ConfUtils.java:logGet(46)) - raft.server.rpc.slowness.timeout = 300s (custom)
2023-08-29 18:56:23,351 [b7d61230-484d-41a2-ab8b-b31889d091fe-groupManagement] INFO  server.RaftServerConfigKeys (ConfUtils.java:logGet(46)) - raft.server.leaderelection.leader.step-down.wait-time = 10s (default)
2023-08-29 18:56:23,351 [b7d61230-484d-41a2-ab8b-b31889d091fe-groupManagement] INFO  server.RaftServerConfigKeys (ConfUtils.java:logGet(46)) - raft.server.sleep.deviation.threshold = 300ms (default)
2023-08-29 18:56:23,351 [b7d61230-484d-41a2-ab8b-b31889d091fe-groupManagement] INFO  server.RaftServer$Division (ServerState.java:<init>(120)) - b7d61230-484d-41a2-ab8b-b31889d091fe@group-E99FD5F97583: ConfigurationManager, init=-1: peers:[b7d61230-484d-41a2-ab8b-b31889d091fe|rpc:10.1.0.239:15209|admin:10.1.0.239:15208|client:10.1.0.239:15207|dataStream:10.1.0.239:15210|priority:1|startupRole:FOLLOWER]|listeners:[], old=null, confs=<EMPTY_MAP>
2023-08-29 18:56:23,351 [b7d61230-484d-41a2-ab8b-b31889d091fe-groupManagement] INFO  server.RaftServerConfigKeys (ConfUtils.java:logGet(46)) - raft.server.storage.dir = [/home/runner/work/ozone/ozone/hadoop-ozone/integration-test/target/test-dir/MiniOzoneClusterImpl-b0dd14bf-3562-4743-8e4f-1fdeb49c931a/datanode-4/data/ratis] (custom)
2023-08-29 18:56:23,351 [b7d61230-484d-41a2-ab8b-b31889d091fe-groupManagement] INFO  server.RaftServerConfigKeys (ConfUtils.java:logGet(46)) - raft.server.log.corruption.policy = EXCEPTION (default)
2023-08-29 18:56:23,351 [b7d61230-484d-41a2-ab8b-b31889d091fe-groupManagement] INFO  server.RaftServerConfigKeys (ConfUtils.java:logGet(46)) - raft.server.storage.free-space.min = 0MB (=0) (default)
2023-08-29 18:56:23,351 [b7d61230-484d-41a2-ab8b-b31889d091fe-groupManagement] INFO  server.RaftServerConfigKeys (ConfUtils.java:logGet(46)) - raft.server.notification.no-leader.timeout = 300s (custom)
2023-08-29 18:56:23,351 [b7d61230-484d-41a2-ab8b-b31889d091fe-groupManagement] INFO  server.RaftServerConfigKeys (ConfUtils.java:logGet(46)) - raft.server.read.timeout = 10s (default)
2023-08-29 18:56:23,351 [b7d61230-484d-41a2-ab8b-b31889d091fe-groupManagement] INFO  server.RaftServerConfigKeys (ConfUtils.java:logGet(46)) - raft.server.retrycache.expirytime = 600000ms (custom)
2023-08-29 18:56:23,351 [b7d61230-484d-41a2-ab8b-b31889d091fe-groupManagement] INFO  server.RaftServerConfigKeys (ConfUtils.java:logGet(46)) - raft.server.retrycache.statistics.expirytime = 100μs (default)
2023-08-29 18:56:23,351 [b7d61230-484d-41a2-ab8b-b31889d091fe-groupManagement] INFO  server.RaftServerConfigKeys (ConfUtils.java:logGet(46)) - raft.server.read.option = DEFAULT (default)
2023-08-29 18:56:23,356 [b7d61230-484d-41a2-ab8b-b31889d091fe-groupManagement] INFO  server.RaftServerConfigKeys (ConfUtils.java:logGet(46)) - raft.server.rpc.request.timeout = 60s (custom)
2023-08-29 18:56:23,356 [b7d61230-484d-41a2-ab8b-b31889d091fe-groupManagement] INFO  server.RaftServerConfigKeys (ConfUtils.java:logGet(46)) - raft.server.log.appender.install.snapshot.enabled = false (custom)
2023-08-29 18:56:23,356 [b7d61230-484d-41a2-ab8b-b31889d091fe-groupManagement] INFO  server.RaftServerConfigKeys (ConfUtils.java:logGet(46)) - raft.server.threadpool.server.cached = true (default)
2023-08-29 18:56:23,356 [b7d61230-484d-41a2-ab8b-b31889d091fe-groupManagement] INFO  server.RaftServerConfigKeys (ConfUtils.java:logGet(46)) - raft.server.threadpool.server.size = 0 (default)
2023-08-29 18:56:23,356 [b7d61230-484d-41a2-ab8b-b31889d091fe-groupManagement] INFO  server.RaftServerConfigKeys (ConfUtils.java:logGet(46)) - raft.server.threadpool.client.cached = true (default)
2023-08-29 18:56:23,356 [b7d61230-484d-41a2-ab8b-b31889d091fe-groupManagement] INFO  server.RaftServerConfigKeys (ConfUtils.java:logGet(46)) - raft.server.threadpool.client.size = 0 (default)
2023-08-29 18:56:23,356 [b7d61230-484d-41a2-ab8b-b31889d091fe-groupManagement] INFO  storage.RaftStorageDirectory (RaftStorageDirectoryImpl.java:analyzeStorage(137)) - The storage directory /home/runner/work/ozone/ozone/hadoop-ozone/integration-test/target/test-dir/MiniOzoneClusterImpl-b0dd14bf-3562-4743-8e4f-1fdeb49c931a/datanode-4/data/ratis/8de9826c-8d08-4327-b4d9-e99fd5f97583 does not exist. Creating ...
2023-08-29 18:56:23,357 [b7d61230-484d-41a2-ab8b-b31889d091fe-groupManagement] INFO  storage.RaftStorageDirectory (RaftStorageDirectoryImpl.java:tryLock(231)) - Lock on /home/runner/work/ozone/ozone/hadoop-ozone/integration-test/target/test-dir/MiniOzoneClusterImpl-b0dd14bf-3562-4743-8e4f-1fdeb49c931a/datanode-4/data/ratis/8de9826c-8d08-4327-b4d9-e99fd5f97583/in_use.lock acquired by nodename 61099@fv-az225-157
2023-08-29 18:56:23,358 [b7d61230-484d-41a2-ab8b-b31889d091fe-groupManagement] INFO  storage.RaftStorage (RaftStorageImpl.java:format(96)) - Storage directory /home/runner/work/ozone/ozone/hadoop-ozone/integration-test/target/test-dir/MiniOzoneClusterImpl-b0dd14bf-3562-4743-8e4f-1fdeb49c931a/datanode-4/data/ratis/8de9826c-8d08-4327-b4d9-e99fd5f97583 has been successfully formatted.
2023-08-29 18:56:23,361 [b7d61230-484d-41a2-ab8b-b31889d091fe-groupManagement] INFO  ratis.ContainerStateMachine (ContainerStateMachine.java:loadSnapshot(262)) - group-E99FD5F97583: The snapshot info is null. Setting the last applied indexto:(t:0, i:~)
2023-08-29 18:56:23,362 [b7d61230-484d-41a2-ab8b-b31889d091fe-groupManagement] INFO  server.RaftServerConfigKeys (ConfUtils.java:logGet(46)) - raft.server.log.use.memory = false (default)
2023-08-29 18:56:23,363 [b7d61230-484d-41a2-ab8b-b31889d091fe-groupManagement] INFO  server.RaftServerConfigKeys (ConfUtils.java:logGet(46)) - raft.server.log.purge.gap = 1000000 (custom)
2023-08-29 18:56:23,363 [b7d61230-484d-41a2-ab8b-b31889d091fe-groupManagement] INFO  server.RaftServerConfigKeys (ConfUtils.java:logGet(46)) - raft.server.log.appender.buffer.byte-limit = 33554432 (custom)
2023-08-29 18:56:23,363 [b7d61230-484d-41a2-ab8b-b31889d091fe-groupManagement] INFO  server.RaftServerConfigKeys (ConfUtils.java:logGet(46)) - raft.server.log.statemachine.data.read.timeout = 1000ms (default)
2023-08-29 18:56:23,363 [b7d61230-484d-41a2-ab8b-b31889d091fe-groupManagement] INFO  server.RaftServerConfigKeys (ConfUtils.java:logGet(46)) - raft.server.log.purge.preservation.log.num = 0 (default)
2023-08-29 18:56:23,363 [b7d61230-484d-41a2-ab8b-b31889d091fe-groupManagement] INFO  server.RaftServerConfigKeys (ConfUtils.java:logGet(46)) - raft.server.log.segment.size.max = 1048576 (custom)
2023-08-29 18:56:23,363 [b7d61230-484d-41a2-ab8b-b31889d091fe-groupManagement] INFO  server.RaftServerConfigKeys (ConfUtils.java:logGet(46)) - raft.server.log.segment.cache.num.max = 2 (custom)
2023-08-29 18:56:23,363 [b7d61230-484d-41a2-ab8b-b31889d091fe-groupManagement] INFO  server.RaftServerConfigKeys (ConfUtils.java:logGet(46)) - raft.server.log.segment.cache.size.max = 200MB (=209715200) (default)
2023-08-29 18:56:23,363 [EventQueue-PipelineReportForPipelineReportHandler] INFO  pipeline.PipelineReportHandler (PipelineReportHandler.java:processPipelineReport(136)) - Opened pipeline PipelineID=8de9826c-8d08-4327-b4d9-e99fd5f97583
2023-08-29 18:56:23,363 [b7d61230-484d-41a2-ab8b-b31889d091fe-groupManagement] INFO  server.RaftServerConfigKeys (ConfUtils.java:logGet(46)) - raft.server.log.appender.buffer.byte-limit = 33554432 (custom)
2023-08-29 18:56:23,363 [EventQueue-OpenPipelineForHealthyPipelineSafeModeRule] INFO  safemode.SCMSafeModeManager (HealthyPipelineSafeModeRule.java:process(137)) - SCM in safe mode. Healthy pipelines reported count is 0, required healthy pipeline reported count is 1
2023-08-29 18:56:23,363 [b7d61230-484d-41a2-ab8b-b31889d091fe-groupManagement] INFO  segmented.SegmentedRaftLogWorker (SegmentedRaftLogWorker.java:<init>(188)) - new b7d61230-484d-41a2-ab8b-b31889d091fe@group-E99FD5F97583-SegmentedRaftLogWorker for RaftStorageImpl:Storage Directory /home/runner/work/ozone/ozone/hadoop-ozone/integration-test/target/test-dir/MiniOzoneClusterImpl-b0dd14bf-3562-4743-8e4f-1fdeb49c931a/datanode-4/data/ratis/8de9826c-8d08-4327-b4d9-e99fd5f97583
2023-08-29 18:56:23,363 [b7d61230-484d-41a2-ab8b-b31889d091fe-groupManagement] INFO  server.RaftServerConfigKeys (ConfUtils.java:logGet(46)) - raft.server.log.queue.byte-limit = 4294967296 (custom)
2023-08-29 18:56:23,363 [b7d61230-484d-41a2-ab8b-b31889d091fe-groupManagement] INFO  server.RaftServerConfigKeys (ConfUtils.java:logGet(46)) - raft.server.log.queue.element-limit = 1024 (custom)
2023-08-29 18:56:23,363 [b7d61230-484d-41a2-ab8b-b31889d091fe-groupManagement] INFO  server.RaftServerConfigKeys (ConfUtils.java:logGet(46)) - raft.server.log.segment.size.max = 1048576 (custom)
2023-08-29 18:56:23,363 [b7d61230-484d-41a2-ab8b-b31889d091fe-groupManagement] INFO  server.RaftServerConfigKeys (ConfUtils.java:logGet(46)) - raft.server.log.preallocated.size = 16384 (custom)
2023-08-29 18:56:23,363 [b7d61230-484d-41a2-ab8b-b31889d091fe-groupManagement] INFO  server.RaftServerConfigKeys (ConfUtils.java:logGet(46)) - raft.server.log.force.sync.num = 128 (default)
2023-08-29 18:56:23,364 [b7d61230-484d-41a2-ab8b-b31889d091fe-groupManagement] INFO  server.RaftServerConfigKeys (ConfUtils.java:logGet(46)) - raft.server.log.statemachine.data.sync = true (default)
2023-08-29 18:56:23,364 [b7d61230-484d-41a2-ab8b-b31889d091fe-groupManagement] INFO  server.RaftServerConfigKeys (ConfUtils.java:logGet(46)) - raft.server.log.statemachine.data.sync.timeout = 10s (default)
2023-08-29 18:56:23,364 [b7d61230-484d-41a2-ab8b-b31889d091fe-groupManagement] INFO  server.RaftServerConfigKeys (ConfUtils.java:logGet(46)) - raft.server.log.statemachine.data.sync.timeout.retry = -1 (default)
2023-08-29 18:56:23,364 [b7d61230-484d-41a2-ab8b-b31889d091fe-groupManagement] INFO  server.RaftServerConfigKeys (ConfUtils.java:logGet(46)) - raft.server.log.write.buffer.size = 1048576 (custom)
2023-08-29 18:56:23,364 [b7d61230-484d-41a2-ab8b-b31889d091fe-groupManagement] INFO  server.RaftServerConfigKeys (ConfUtils.java:logGet(46)) - raft.server.log.appender.buffer.byte-limit = 33554432 (custom)
2023-08-29 18:56:23,428 [b7d61230-484d-41a2-ab8b-b31889d091fe-groupManagement] INFO  server.RaftServerConfigKeys (ConfUtils.java:logGet(46)) - raft.server.log.unsafe-flush.enabled = false (default)
2023-08-29 18:56:23,429 [b7d61230-484d-41a2-ab8b-b31889d091fe-groupManagement] INFO  server.RaftServerConfigKeys (ConfUtils.java:logGet(46)) - raft.server.log.async-flush.enabled = false (default)
2023-08-29 18:56:23,429 [b7d61230-484d-41a2-ab8b-b31889d091fe-groupManagement] INFO  server.RaftServerConfigKeys (ConfUtils.java:logGet(46)) - raft.server.log.statemachine.data.caching.enabled = true (custom)
2023-08-29 18:56:23,430 [b7d61230-484d-41a2-ab8b-b31889d091fe-groupManagement] INFO  segmented.SegmentedRaftLogWorker (SegmentedRaftLogWorker.java:lambda$new$0(135)) - b7d61230-484d-41a2-ab8b-b31889d091fe@group-E99FD5F97583-SegmentedRaftLogWorker: flushIndex: setUnconditionally 0 -> -1
2023-08-29 18:56:23,430 [b7d61230-484d-41a2-ab8b-b31889d091fe-groupManagement] INFO  segmented.SegmentedRaftLogWorker (SegmentedRaftLogWorker.java:lambda$new$0(135)) - b7d61230-484d-41a2-ab8b-b31889d091fe@group-E99FD5F97583-SegmentedRaftLogWorker: safeCacheEvictIndex: setUnconditionally 0 -> -1
2023-08-29 18:56:23,430 [b7d61230-484d-41a2-ab8b-b31889d091fe-groupManagement] INFO  server.RaftServer$Division (RaftServerImpl.java:start(342)) - b7d61230-484d-41a2-ab8b-b31889d091fe@group-E99FD5F97583: start as a follower, conf=-1: peers:[b7d61230-484d-41a2-ab8b-b31889d091fe|rpc:10.1.0.239:15209|admin:10.1.0.239:15208|client:10.1.0.239:15207|dataStream:10.1.0.239:15210|priority:1|startupRole:FOLLOWER]|listeners:[], old=null
2023-08-29 18:56:23,430 [b7d61230-484d-41a2-ab8b-b31889d091fe-groupManagement] INFO  server.RaftServer$Division (RaftServerImpl.java:setRole(329)) - b7d61230-484d-41a2-ab8b-b31889d091fe@group-E99FD5F97583: changes role from      null to FOLLOWER at term 0 for startAsFollower
2023-08-29 18:56:23,430 [b7d61230-484d-41a2-ab8b-b31889d091fe-groupManagement] INFO  impl.RoleInfo (RoleInfo.java:updateAndGet(139)) - b7d61230-484d-41a2-ab8b-b31889d091fe: start b7d61230-484d-41a2-ab8b-b31889d091fe@group-E99FD5F97583-FollowerState
2023-08-29 18:56:23,430 [b7d61230-484d-41a2-ab8b-b31889d091fe@group-E99FD5F97583-FollowerState] INFO  server.RaftServerConfigKeys (ConfUtils.java:logFallback(53)) - raft.server.rpc.first-election.timeout.min = 5s (fallback to raft.server.rpc.timeout.min)
2023-08-29 18:56:23,430 [b7d61230-484d-41a2-ab8b-b31889d091fe-groupManagement] INFO  util.JmxRegister (JmxRegister.java:tryRegister(44)) - Successfully registered JMX Bean with object name Ratis:service=RaftServer,group=group-E99FD5F97583,id=b7d61230-484d-41a2-ab8b-b31889d091fe
2023-08-29 18:56:23,430 [b7d61230-484d-41a2-ab8b-b31889d091fe@group-E99FD5F97583-FollowerState] INFO  server.RaftServerConfigKeys (ConfUtils.java:logFallback(53)) - raft.server.rpc.first-election.timeout.max = 5200ms (fallback to raft.server.rpc.timeout.max)
2023-08-29 18:56:23,430 [b7d61230-484d-41a2-ab8b-b31889d091fe-groupManagement] INFO  server.RaftServerConfigKeys (ConfUtils.java:logGet(46)) - raft.server.snapshot.auto.trigger.enabled = true (custom)
2023-08-29 18:56:23,430 [b7d61230-484d-41a2-ab8b-b31889d091fe-groupManagement] INFO  server.RaftServerConfigKeys (ConfUtils.java:logGet(46)) - raft.server.snapshot.auto.trigger.threshold = 10000 (custom)
2023-08-29 18:56:23,430 [b7d61230-484d-41a2-ab8b-b31889d091fe-groupManagement] INFO  server.RaftServerConfigKeys (ConfUtils.java:logGet(46)) - raft.server.snapshot.retention.file.num = 5 (custom)
2023-08-29 18:56:23,430 [b7d61230-484d-41a2-ab8b-b31889d091fe-groupManagement] INFO  server.RaftServerConfigKeys (ConfUtils.java:logGet(46)) - raft.server.log.purge.upto.snapshot.index = false (default)
2023-08-29 18:56:23,431 [PipelineCommandHandlerThread-0] INFO  ratis.XceiverServerRatis (XceiverServerRatis.java:addGroup(804)) - Created group PipelineID=8de9826c-8d08-4327-b4d9-e99fd5f97583
2023-08-29 18:56:23,431 [PipelineCommandHandlerThread-0] INFO  commandhandler.CreatePipelineCommandHandler (CreatePipelineCommandHandler.java:lambda$handle$2(124)) - Created Pipeline RATIS ONE PipelineID=8de9826c-8d08-4327-b4d9-e99fd5f97583.
2023-08-29 18:56:24,345 [main] INFO  ozone.MiniOzoneClusterImpl (MiniOzoneClusterImpl.java:lambda$waitForClusterToBeReady$0(224)) - Nodes are ready. Got 5 of 5 DN Heartbeats.
2023-08-29 18:56:24,346 [main] INFO  ozone.MiniOzoneClusterImpl (MiniOzoneClusterImpl.java:lambda$waitForClusterToBeReady$0(227)) - Waiting for cluster to exit safe mode
2023-08-29 18:56:24,346 [main] INFO  ozone.MiniOzoneClusterImpl (MiniOzoneClusterImpl.java:lambda$waitForClusterToBeReady$0(229)) - SCM became leader
2023-08-29 18:56:25,346 [main] INFO  ozone.MiniOzoneClusterImpl (MiniOzoneClusterImpl.java:lambda$waitForClusterToBeReady$0(224)) - Nodes are ready. Got 5 of 5 DN Heartbeats.
2023-08-29 18:56:25,347 [main] INFO  ozone.MiniOzoneClusterImpl (MiniOzoneClusterImpl.java:lambda$waitForClusterToBeReady$0(227)) - Waiting for cluster to exit safe mode
2023-08-29 18:56:25,347 [main] INFO  ozone.MiniOzoneClusterImpl (MiniOzoneClusterImpl.java:lambda$waitForClusterToBeReady$0(229)) - SCM became leader
2023-08-29 18:56:26,347 [main] INFO  ozone.MiniOzoneClusterImpl (MiniOzoneClusterImpl.java:lambda$waitForClusterToBeReady$0(224)) - Nodes are ready. Got 5 of 5 DN Heartbeats.
2023-08-29 18:56:26,347 [main] INFO  ozone.MiniOzoneClusterImpl (MiniOzoneClusterImpl.java:lambda$waitForClusterToBeReady$0(227)) - Waiting for cluster to exit safe mode
2023-08-29 18:56:26,347 [main] INFO  ozone.MiniOzoneClusterImpl (MiniOzoneClusterImpl.java:lambda$waitForClusterToBeReady$0(229)) - SCM became leader
2023-08-29 18:56:27,347 [main] INFO  ozone.MiniOzoneClusterImpl (MiniOzoneClusterImpl.java:lambda$waitForClusterToBeReady$0(224)) - Nodes are ready. Got 5 of 5 DN Heartbeats.
2023-08-29 18:56:27,348 [main] INFO  ozone.MiniOzoneClusterImpl (MiniOzoneClusterImpl.java:lambda$waitForClusterToBeReady$0(227)) - Waiting for cluster to exit safe mode
2023-08-29 18:56:27,348 [main] INFO  ozone.MiniOzoneClusterImpl (MiniOzoneClusterImpl.java:lambda$waitForClusterToBeReady$0(229)) - SCM became leader
2023-08-29 18:56:27,406 [fdf3821b-2737-47a5-9603-1a2dda162151@group-F7BA11A962AC-FollowerState] INFO  impl.FollowerState (FollowerState.java:run(143)) - fdf3821b-2737-47a5-9603-1a2dda162151@group-F7BA11A962AC-FollowerState: change to CANDIDATE, lastRpcElapsedTime:5111527754ns, electionTimeout:5111ms
2023-08-29 18:56:27,407 [fdf3821b-2737-47a5-9603-1a2dda162151@group-F7BA11A962AC-FollowerState] INFO  impl.RoleInfo (RoleInfo.java:shutdownFollowerState(110)) - fdf3821b-2737-47a5-9603-1a2dda162151: shutdown fdf3821b-2737-47a5-9603-1a2dda162151@group-F7BA11A962AC-FollowerState
2023-08-29 18:56:27,407 [fdf3821b-2737-47a5-9603-1a2dda162151@group-F7BA11A962AC-FollowerState] INFO  server.RaftServer$Division (RaftServerImpl.java:setRole(329)) - fdf3821b-2737-47a5-9603-1a2dda162151@group-F7BA11A962AC: changes role from  FOLLOWER to CANDIDATE at term 0 for changeToCandidate
2023-08-29 18:56:27,407 [fdf3821b-2737-47a5-9603-1a2dda162151@group-F7BA11A962AC-FollowerState] INFO  server.RaftServerConfigKeys (ConfUtils.java:logGet(46)) - raft.server.leaderelection.pre-vote = true (default)
2023-08-29 18:56:27,407 [fdf3821b-2737-47a5-9603-1a2dda162151@group-F7BA11A962AC-FollowerState] INFO  impl.RoleInfo (RoleInfo.java:updateAndGet(139)) - fdf3821b-2737-47a5-9603-1a2dda162151: start fdf3821b-2737-47a5-9603-1a2dda162151@group-F7BA11A962AC-LeaderElection29
2023-08-29 18:56:27,409 [fdf3821b-2737-47a5-9603-1a2dda162151@group-F7BA11A962AC-LeaderElection29] INFO  impl.LeaderElection (LeaderElection.java:askForVotes(321)) - fdf3821b-2737-47a5-9603-1a2dda162151@group-F7BA11A962AC-LeaderElection29 PRE_VOTE round 0: submit vote requests at term 0 for -1: peers:[fdf3821b-2737-47a5-9603-1a2dda162151|rpc:10.1.0.239:15173|admin:10.1.0.239:15172|client:10.1.0.239:15171|dataStream:10.1.0.239:15174|priority:1|startupRole:FOLLOWER]|listeners:[], old=null
2023-08-29 18:56:27,409 [fdf3821b-2737-47a5-9603-1a2dda162151@group-F7BA11A962AC-LeaderElection29] INFO  impl.LeaderElection (LeaderElection.java:askForVotes(323)) - fdf3821b-2737-47a5-9603-1a2dda162151@group-F7BA11A962AC-LeaderElection29 PRE_VOTE round 0: result PASSED (term=0)
2023-08-29 18:56:27,409 [f5d5de74-035f-4e7b-b7e8-455c492d4758@group-57184A628F4E-FollowerState] INFO  impl.FollowerState (FollowerState.java:run(143)) - f5d5de74-035f-4e7b-b7e8-455c492d4758@group-57184A628F4E-FollowerState: change to CANDIDATE, lastRpcElapsedTime:5069103253ns, electionTimeout:5064ms
2023-08-29 18:56:27,410 [f5d5de74-035f-4e7b-b7e8-455c492d4758@group-57184A628F4E-FollowerState] INFO  impl.RoleInfo (RoleInfo.java:shutdownFollowerState(110)) - f5d5de74-035f-4e7b-b7e8-455c492d4758: shutdown f5d5de74-035f-4e7b-b7e8-455c492d4758@group-57184A628F4E-FollowerState
2023-08-29 18:56:27,410 [f5d5de74-035f-4e7b-b7e8-455c492d4758@group-57184A628F4E-FollowerState] INFO  server.RaftServer$Division (RaftServerImpl.java:setRole(329)) - f5d5de74-035f-4e7b-b7e8-455c492d4758@group-57184A628F4E: changes role from  FOLLOWER to CANDIDATE at term 0 for changeToCandidate
2023-08-29 18:56:27,410 [f5d5de74-035f-4e7b-b7e8-455c492d4758@group-57184A628F4E-FollowerState] INFO  server.RaftServerConfigKeys (ConfUtils.java:logGet(46)) - raft.server.leaderelection.pre-vote = true (default)
2023-08-29 18:56:27,410 [f5d5de74-035f-4e7b-b7e8-455c492d4758@group-57184A628F4E-FollowerState] INFO  impl.RoleInfo (RoleInfo.java:updateAndGet(139)) - f5d5de74-035f-4e7b-b7e8-455c492d4758: start f5d5de74-035f-4e7b-b7e8-455c492d4758@group-57184A628F4E-LeaderElection30
2023-08-29 18:56:27,418 [f5d5de74-035f-4e7b-b7e8-455c492d4758@group-57184A628F4E-LeaderElection30] INFO  impl.LeaderElection (LeaderElection.java:askForVotes(321)) - f5d5de74-035f-4e7b-b7e8-455c492d4758@group-57184A628F4E-LeaderElection30 PRE_VOTE round 0: submit vote requests at term 0 for -1: peers:[1088055f-b6dc-4993-819c-da5e568aeaf2|rpc:10.1.0.239:15191|admin:10.1.0.239:15190|client:10.1.0.239:15189|dataStream:10.1.0.239:15192|priority:1|startupRole:FOLLOWER, f5d5de74-035f-4e7b-b7e8-455c492d4758|rpc:10.1.0.239:15182|admin:10.1.0.239:15181|client:10.1.0.239:15180|dataStream:10.1.0.239:15183|priority:0|startupRole:FOLLOWER, fdf3821b-2737-47a5-9603-1a2dda162151|rpc:10.1.0.239:15173|admin:10.1.0.239:15172|client:10.1.0.239:15171|dataStream:10.1.0.239:15174|priority:0|startupRole:FOLLOWER]|listeners:[], old=null
2023-08-29 18:56:27,418 [f5d5de74-035f-4e7b-b7e8-455c492d4758@group-57184A628F4E-LeaderElection30-1] INFO  server.GrpcServerProtocolClient (GrpcServerProtocolClient.java:<init>(65)) - Build channel for 1088055f-b6dc-4993-819c-da5e568aeaf2
2023-08-29 18:56:27,419 [fdf3821b-2737-47a5-9603-1a2dda162151@group-F7BA11A962AC-LeaderElection29] INFO  impl.LeaderElection (LeaderElection.java:askForVotes(321)) - fdf3821b-2737-47a5-9603-1a2dda162151@group-F7BA11A962AC-LeaderElection29 ELECTION round 0: submit vote requests at term 1 for -1: peers:[fdf3821b-2737-47a5-9603-1a2dda162151|rpc:10.1.0.239:15173|admin:10.1.0.239:15172|client:10.1.0.239:15171|dataStream:10.1.0.239:15174|priority:1|startupRole:FOLLOWER]|listeners:[], old=null
2023-08-29 18:56:27,419 [fdf3821b-2737-47a5-9603-1a2dda162151@group-F7BA11A962AC-LeaderElection29] INFO  impl.LeaderElection (LeaderElection.java:askForVotes(323)) - fdf3821b-2737-47a5-9603-1a2dda162151@group-F7BA11A962AC-LeaderElection29 ELECTION round 0: result PASSED (term=1)
2023-08-29 18:56:27,419 [fdf3821b-2737-47a5-9603-1a2dda162151@group-F7BA11A962AC-LeaderElection29] INFO  impl.RoleInfo (RoleInfo.java:shutdownLeaderElection(130)) - fdf3821b-2737-47a5-9603-1a2dda162151: shutdown fdf3821b-2737-47a5-9603-1a2dda162151@group-F7BA11A962AC-LeaderElection29
2023-08-29 18:56:27,419 [fdf3821b-2737-47a5-9603-1a2dda162151@group-F7BA11A962AC-LeaderElection29] INFO  server.RaftServer$Division (RaftServerImpl.java:setRole(329)) - fdf3821b-2737-47a5-9603-1a2dda162151@group-F7BA11A962AC: changes role from CANDIDATE to LEADER at term 1 for changeToLeader
2023-08-29 18:56:27,419 [fdf3821b-2737-47a5-9603-1a2dda162151@group-F7BA11A962AC-LeaderElection29] INFO  ratis.XceiverServerRatis (XceiverServerRatis.java:handleLeaderChangedNotification(902)) - Leader change notification received for group: group-F7BA11A962AC with new leaderId: fdf3821b-2737-47a5-9603-1a2dda162151
2023-08-29 18:56:27,420 [fdf3821b-2737-47a5-9603-1a2dda162151@group-F7BA11A962AC-LeaderElection29] INFO  server.RaftServer$Division (ServerState.java:setLeader(317)) - fdf3821b-2737-47a5-9603-1a2dda162151@group-F7BA11A962AC: change Leader from null to fdf3821b-2737-47a5-9603-1a2dda162151 at term 1 for becomeLeader, leader elected after 5137ms
2023-08-29 18:56:27,420 [fdf3821b-2737-47a5-9603-1a2dda162151@group-F7BA11A962AC-LeaderElection29] INFO  server.RaftServerConfigKeys (ConfUtils.java:logGet(46)) - raft.server.staging.catchup.gap = 1000 (default)
2023-08-29 18:56:27,420 [fdf3821b-2737-47a5-9603-1a2dda162151@group-F7BA11A962AC-LeaderElection29] INFO  server.RaftServerConfigKeys (ConfUtils.java:logGet(46)) - raft.server.write.element-limit = 1024 (custom)
2023-08-29 18:56:27,420 [fdf3821b-2737-47a5-9603-1a2dda162151@group-F7BA11A962AC-LeaderElection29] INFO  server.RaftServerConfigKeys (ConfUtils.java:logGet(46)) - raft.server.write.byte-limit = 1024 M (=1073741824) (custom)
2023-08-29 18:56:27,420 [f5d5de74-035f-4e7b-b7e8-455c492d4758@group-57184A628F4E-LeaderElection30] INFO  server.RaftServerConfigKeys (ConfUtils.java:logFallback(53)) - raft.server.rpc.first-election.timeout.min = 5s (fallback to raft.server.rpc.timeout.min)
2023-08-29 18:56:27,421 [f5d5de74-035f-4e7b-b7e8-455c492d4758@group-57184A628F4E-LeaderElection30] INFO  server.RaftServerConfigKeys (ConfUtils.java:logFallback(53)) - raft.server.rpc.first-election.timeout.max = 5200ms (fallback to raft.server.rpc.timeout.max)
2023-08-29 18:56:27,421 [f5d5de74-035f-4e7b-b7e8-455c492d4758@group-57184A628F4E-LeaderElection30-2] INFO  server.GrpcServerProtocolClient (GrpcServerProtocolClient.java:<init>(65)) - Build channel for fdf3821b-2737-47a5-9603-1a2dda162151
2023-08-29 18:56:27,421 [fdf3821b-2737-47a5-9603-1a2dda162151@group-F7BA11A962AC-LeaderElection29] INFO  server.RaftServerConfigKeys (ConfUtils.java:logGet(46)) - raft.server.watch.timeout = 180s (custom)
2023-08-29 18:56:27,421 [fdf3821b-2737-47a5-9603-1a2dda162151@group-F7BA11A962AC-LeaderElection29] INFO  server.RaftServerConfigKeys (ConfUtils.java:logGet(46)) - raft.server.watch.timeout.denomination = 1s (default)
2023-08-29 18:56:27,421 [fdf3821b-2737-47a5-9603-1a2dda162151@group-F7BA11A962AC-LeaderElection29] INFO  server.RaftServerConfigKeys (ConfUtils.java:logGet(46)) - raft.server.watch.element-limit = 65536 (default)
2023-08-29 18:56:27,422 [EventQueue-OpenPipelineForHealthyPipelineSafeModeRule] INFO  safemode.SCMSafeModeManager (HealthyPipelineSafeModeRule.java:process(137)) - SCM in safe mode. Healthy pipelines reported count is 0, required healthy pipeline reported count is 1
2023-08-29 18:56:27,423 [fdf3821b-2737-47a5-9603-1a2dda162151@group-F7BA11A962AC-LeaderElection29] INFO  server.RaftServerConfigKeys (ConfUtils.java:logGet(46)) - raft.server.write.element-limit = 1024 (custom)
2023-08-29 18:56:27,423 [fdf3821b-2737-47a5-9603-1a2dda162151@group-F7BA11A962AC-LeaderElection29] INFO  server.RaftServerConfigKeys (ConfUtils.java:logGet(46)) - raft.server.write.follower.gap.ratio.max = -1.0 (default)
2023-08-29 18:56:27,424 [fdf3821b-2737-47a5-9603-1a2dda162151@group-F7BA11A962AC-LeaderElection29] INFO  impl.RoleInfo (RoleInfo.java:updateAndGet(139)) - fdf3821b-2737-47a5-9603-1a2dda162151: start fdf3821b-2737-47a5-9603-1a2dda162151@group-F7BA11A962AC-LeaderStateImpl
2023-08-29 18:56:27,424 [fdf3821b-2737-47a5-9603-1a2dda162151@group-F7BA11A962AC-LeaderElection29] INFO  segmented.SegmentedRaftLogWorker (SegmentedRaftLogWorker.java:startLogSegment(447)) - fdf3821b-2737-47a5-9603-1a2dda162151@group-F7BA11A962AC-SegmentedRaftLogWorker: Starting segment from index:0
2023-08-29 18:56:27,427 [fdf3821b-2737-47a5-9603-1a2dda162151@group-F7BA11A962AC-SegmentedRaftLogWorker] INFO  segmented.SegmentedRaftLogWorker (SegmentedRaftLogWorker.java:execute(651)) - fdf3821b-2737-47a5-9603-1a2dda162151@group-F7BA11A962AC-SegmentedRaftLogWorker: created new log segment /home/runner/work/ozone/ozone/hadoop-ozone/integration-test/target/test-dir/MiniOzoneClusterImpl-b0dd14bf-3562-4743-8e4f-1fdeb49c931a/datanode-0/data/ratis/3c9fbad5-e60d-4b6f-84b8-f7ba11a962ac/current/log_inprogress_0
2023-08-29 18:56:27,433 [fdf3821b-2737-47a5-9603-1a2dda162151@group-F7BA11A962AC-LeaderElection29] INFO  server.RaftServer$Division (ServerState.java:setRaftConf(434)) - fdf3821b-2737-47a5-9603-1a2dda162151@group-F7BA11A962AC: set configuration 0: peers:[fdf3821b-2737-47a5-9603-1a2dda162151|rpc:10.1.0.239:15173|admin:10.1.0.239:15172|client:10.1.0.239:15171|dataStream:10.1.0.239:15174|priority:1|startupRole:FOLLOWER]|listeners:[], old=null
2023-08-29 18:56:27,440 [grpc-default-executor-0] INFO  server.RaftServer$Division (RaftServerImpl.java:requestVote(1302)) - fdf3821b-2737-47a5-9603-1a2dda162151@group-57184A628F4E: receive requestVote(PRE_VOTE, f5d5de74-035f-4e7b-b7e8-455c492d4758, group-57184A628F4E, 0, (t:0, i:0))
2023-08-29 18:56:27,440 [grpc-default-executor-0] INFO  impl.VoteContext (VoteContext.java:log(49)) - fdf3821b-2737-47a5-9603-1a2dda162151@group-57184A628F4E-FOLLOWER: accept PRE_VOTE from f5d5de74-035f-4e7b-b7e8-455c492d4758: our priority 0 <= candidate's priority 0
2023-08-29 18:56:27,440 [grpc-default-executor-0] INFO  server.RaftServer$Division (RaftServerImpl.java:requestVote(1335)) - fdf3821b-2737-47a5-9603-1a2dda162151@group-57184A628F4E replies to PRE_VOTE vote request: f5d5de74-035f-4e7b-b7e8-455c492d4758<-fdf3821b-2737-47a5-9603-1a2dda162151#0:OK-t0. Peer's state: fdf3821b-2737-47a5-9603-1a2dda162151@group-57184A628F4E:t0, leader=null, voted=, raftlog=Memoized:fdf3821b-2737-47a5-9603-1a2dda162151@group-57184A628F4E-SegmentedRaftLog:OPENED:c-1, conf=-1: peers:[1088055f-b6dc-4993-819c-da5e568aeaf2|rpc:10.1.0.239:15191|admin:10.1.0.239:15190|client:10.1.0.239:15189|dataStream:10.1.0.239:15192|priority:1|startupRole:FOLLOWER, f5d5de74-035f-4e7b-b7e8-455c492d4758|rpc:10.1.0.239:15182|admin:10.1.0.239:15181|client:10.1.0.239:15180|dataStream:10.1.0.239:15183|priority:0|startupRole:FOLLOWER, fdf3821b-2737-47a5-9603-1a2dda162151|rpc:10.1.0.239:15173|admin:10.1.0.239:15172|client:10.1.0.239:15171|dataStream:10.1.0.239:15174|priority:0|startupRole:FOLLOWER]|listeners:[], old=null
2023-08-29 18:56:27,445 [grpc-default-executor-1] INFO  server.RaftServer$Division (RaftServerImpl.java:requestVote(1302)) - 1088055f-b6dc-4993-819c-da5e568aeaf2@group-57184A628F4E: receive requestVote(PRE_VOTE, f5d5de74-035f-4e7b-b7e8-455c492d4758, group-57184A628F4E, 0, (t:0, i:0))
2023-08-29 18:56:27,445 [grpc-default-executor-1] INFO  impl.VoteContext (VoteContext.java:log(49)) - 1088055f-b6dc-4993-819c-da5e568aeaf2@group-57184A628F4E-FOLLOWER: reject PRE_VOTE from f5d5de74-035f-4e7b-b7e8-455c492d4758: our priority 1 > candidate's priority 0
2023-08-29 18:56:27,445 [grpc-default-executor-1] INFO  server.RaftServer$Division (RaftServerImpl.java:requestVote(1335)) - 1088055f-b6dc-4993-819c-da5e568aeaf2@group-57184A628F4E replies to PRE_VOTE vote request: f5d5de74-035f-4e7b-b7e8-455c492d4758<-1088055f-b6dc-4993-819c-da5e568aeaf2#0:FAIL-t0. Peer's state: 1088055f-b6dc-4993-819c-da5e568aeaf2@group-57184A628F4E:t0, leader=null, voted=, raftlog=Memoized:1088055f-b6dc-4993-819c-da5e568aeaf2@group-57184A628F4E-SegmentedRaftLog:OPENED:c-1, conf=-1: peers:[1088055f-b6dc-4993-819c-da5e568aeaf2|rpc:10.1.0.239:15191|admin:10.1.0.239:15190|client:10.1.0.239:15189|dataStream:10.1.0.239:15192|priority:1|startupRole:FOLLOWER, f5d5de74-035f-4e7b-b7e8-455c492d4758|rpc:10.1.0.239:15182|admin:10.1.0.239:15181|client:10.1.0.239:15180|dataStream:10.1.0.239:15183|priority:0|startupRole:FOLLOWER, fdf3821b-2737-47a5-9603-1a2dda162151|rpc:10.1.0.239:15173|admin:10.1.0.239:15172|client:10.1.0.239:15171|dataStream:10.1.0.239:15174|priority:0|startupRole:FOLLOWER]|listeners:[], old=null
2023-08-29 18:56:27,446 [f5d5de74-035f-4e7b-b7e8-455c492d4758@group-57184A628F4E-LeaderElection30] INFO  impl.LeaderElection (LeaderElection.java:logAndReturn(90)) - f5d5de74-035f-4e7b-b7e8-455c492d4758@group-57184A628F4E-LeaderElection30: PRE_VOTE REJECTED received 2 response(s) and 0 exception(s):
2023-08-29 18:56:27,447 [f5d5de74-035f-4e7b-b7e8-455c492d4758@group-57184A628F4E-LeaderElection30] INFO  impl.LeaderElection (LeaderElection.java:logAndReturn(94)) -   Response 0: f5d5de74-035f-4e7b-b7e8-455c492d4758<-1088055f-b6dc-4993-819c-da5e568aeaf2#0:FAIL-t0
2023-08-29 18:56:27,447 [f5d5de74-035f-4e7b-b7e8-455c492d4758@group-57184A628F4E-LeaderElection30] INFO  impl.LeaderElection (LeaderElection.java:logAndReturn(94)) -   Response 1: f5d5de74-035f-4e7b-b7e8-455c492d4758<-fdf3821b-2737-47a5-9603-1a2dda162151#0:OK-t0
2023-08-29 18:56:27,447 [f5d5de74-035f-4e7b-b7e8-455c492d4758@group-57184A628F4E-LeaderElection30] INFO  impl.LeaderElection (LeaderElection.java:askForVotes(323)) - f5d5de74-035f-4e7b-b7e8-455c492d4758@group-57184A628F4E-LeaderElection30 PRE_VOTE round 0: result REJECTED
2023-08-29 18:56:27,447 [f5d5de74-035f-4e7b-b7e8-455c492d4758@group-57184A628F4E-LeaderElection30] INFO  server.RaftServer$Division (RaftServerImpl.java:setRole(329)) - f5d5de74-035f-4e7b-b7e8-455c492d4758@group-57184A628F4E: changes role from CANDIDATE to FOLLOWER at term 0 for REJECTED
2023-08-29 18:56:27,447 [f5d5de74-035f-4e7b-b7e8-455c492d4758@group-57184A628F4E-LeaderElection30] INFO  impl.RoleInfo (RoleInfo.java:shutdownLeaderElection(130)) - f5d5de74-035f-4e7b-b7e8-455c492d4758: shutdown f5d5de74-035f-4e7b-b7e8-455c492d4758@group-57184A628F4E-LeaderElection30
2023-08-29 18:56:27,447 [f5d5de74-035f-4e7b-b7e8-455c492d4758@group-57184A628F4E-LeaderElection30] INFO  impl.RoleInfo (RoleInfo.java:updateAndGet(139)) - f5d5de74-035f-4e7b-b7e8-455c492d4758: start f5d5de74-035f-4e7b-b7e8-455c492d4758@group-57184A628F4E-FollowerState
2023-08-29 18:56:27,467 [fdf3821b-2737-47a5-9603-1a2dda162151@group-7B4AB808D853-FollowerState] INFO  impl.FollowerState (FollowerState.java:run(143)) - fdf3821b-2737-47a5-9603-1a2dda162151@group-7B4AB808D853-FollowerState: change to CANDIDATE, lastRpcElapsedTime:5060690914ns, electionTimeout:5055ms
2023-08-29 18:56:27,467 [fdf3821b-2737-47a5-9603-1a2dda162151@group-7B4AB808D853-FollowerState] INFO  impl.RoleInfo (RoleInfo.java:shutdownFollowerState(110)) - fdf3821b-2737-47a5-9603-1a2dda162151: shutdown fdf3821b-2737-47a5-9603-1a2dda162151@group-7B4AB808D853-FollowerState
2023-08-29 18:56:27,467 [fdf3821b-2737-47a5-9603-1a2dda162151@group-7B4AB808D853-FollowerState] INFO  server.RaftServer$Division (RaftServerImpl.java:setRole(329)) - fdf3821b-2737-47a5-9603-1a2dda162151@group-7B4AB808D853: changes role from  FOLLOWER to CANDIDATE at term 0 for changeToCandidate
2023-08-29 18:56:27,467 [fdf3821b-2737-47a5-9603-1a2dda162151@group-7B4AB808D853-FollowerState] INFO  server.RaftServerConfigKeys (ConfUtils.java:logGet(46)) - raft.server.leaderelection.pre-vote = true (default)
2023-08-29 18:56:27,467 [fdf3821b-2737-47a5-9603-1a2dda162151@group-7B4AB808D853-FollowerState] INFO  impl.RoleInfo (RoleInfo.java:updateAndGet(139)) - fdf3821b-2737-47a5-9603-1a2dda162151: start fdf3821b-2737-47a5-9603-1a2dda162151@group-7B4AB808D853-LeaderElection31
2023-08-29 18:56:27,469 [fdf3821b-2737-47a5-9603-1a2dda162151@group-7B4AB808D853-LeaderElection31] INFO  impl.LeaderElection (LeaderElection.java:askForVotes(321)) - fdf3821b-2737-47a5-9603-1a2dda162151@group-7B4AB808D853-LeaderElection31 PRE_VOTE round 0: submit vote requests at term 0 for -1: peers:[1088055f-b6dc-4993-819c-da5e568aeaf2|rpc:10.1.0.239:15191|admin:10.1.0.239:15190|client:10.1.0.239:15189|dataStream:10.1.0.239:15192|priority:0|startupRole:FOLLOWER, f5d5de74-035f-4e7b-b7e8-455c492d4758|rpc:10.1.0.239:15182|admin:10.1.0.239:15181|client:10.1.0.239:15180|dataStream:10.1.0.239:15183|priority:0|startupRole:FOLLOWER, fdf3821b-2737-47a5-9603-1a2dda162151|rpc:10.1.0.239:15173|admin:10.1.0.239:15172|client:10.1.0.239:15171|dataStream:10.1.0.239:15174|priority:1|startupRole:FOLLOWER]|listeners:[], old=null
2023-08-29 18:56:27,469 [fdf3821b-2737-47a5-9603-1a2dda162151@group-7B4AB808D853-LeaderElection31-1] INFO  server.GrpcServerProtocolClient (GrpcServerProtocolClient.java:<init>(65)) - Build channel for 1088055f-b6dc-4993-819c-da5e568aeaf2
2023-08-29 18:56:27,469 [fdf3821b-2737-47a5-9603-1a2dda162151@group-7B4AB808D853-LeaderElection31] INFO  server.RaftServerConfigKeys (ConfUtils.java:logFallback(53)) - raft.server.rpc.first-election.timeout.min = 5s (fallback to raft.server.rpc.timeout.min)
2023-08-29 18:56:27,469 [fdf3821b-2737-47a5-9603-1a2dda162151@group-7B4AB808D853-LeaderElection31] INFO  server.RaftServerConfigKeys (ConfUtils.java:logFallback(53)) - raft.server.rpc.first-election.timeout.max = 5200ms (fallback to raft.server.rpc.timeout.max)
2023-08-29 18:56:27,469 [fdf3821b-2737-47a5-9603-1a2dda162151@group-7B4AB808D853-LeaderElection31-2] INFO  server.GrpcServerProtocolClient (GrpcServerProtocolClient.java:<init>(65)) - Build channel for f5d5de74-035f-4e7b-b7e8-455c492d4758
2023-08-29 18:56:27,476 [grpc-default-executor-1] INFO  server.RaftServer$Division (RaftServerImpl.java:requestVote(1302)) - 1088055f-b6dc-4993-819c-da5e568aeaf2@group-7B4AB808D853: receive requestVote(PRE_VOTE, fdf3821b-2737-47a5-9603-1a2dda162151, group-7B4AB808D853, 0, (t:0, i:0))
2023-08-29 18:56:27,476 [grpc-default-executor-1] INFO  impl.VoteContext (VoteContext.java:log(49)) - 1088055f-b6dc-4993-819c-da5e568aeaf2@group-7B4AB808D853-FOLLOWER: accept PRE_VOTE from fdf3821b-2737-47a5-9603-1a2dda162151: our priority 0 <= candidate's priority 1
2023-08-29 18:56:27,476 [grpc-default-executor-1] INFO  server.RaftServer$Division (RaftServerImpl.java:requestVote(1335)) - 1088055f-b6dc-4993-819c-da5e568aeaf2@group-7B4AB808D853 replies to PRE_VOTE vote request: fdf3821b-2737-47a5-9603-1a2dda162151<-1088055f-b6dc-4993-819c-da5e568aeaf2#0:OK-t0. Peer's state: 1088055f-b6dc-4993-819c-da5e568aeaf2@group-7B4AB808D853:t0, leader=null, voted=, raftlog=Memoized:1088055f-b6dc-4993-819c-da5e568aeaf2@group-7B4AB808D853-SegmentedRaftLog:OPENED:c-1, conf=-1: peers:[1088055f-b6dc-4993-819c-da5e568aeaf2|rpc:10.1.0.239:15191|admin:10.1.0.239:15190|client:10.1.0.239:15189|dataStream:10.1.0.239:15192|priority:0|startupRole:FOLLOWER, f5d5de74-035f-4e7b-b7e8-455c492d4758|rpc:10.1.0.239:15182|admin:10.1.0.239:15181|client:10.1.0.239:15180|dataStream:10.1.0.239:15183|priority:0|startupRole:FOLLOWER, fdf3821b-2737-47a5-9603-1a2dda162151|rpc:10.1.0.239:15173|admin:10.1.0.239:15172|client:10.1.0.239:15171|dataStream:10.1.0.239:15174|priority:1|startupRole:FOLLOWER]|listeners:[], old=null
2023-08-29 18:56:27,478 [fdf3821b-2737-47a5-9603-1a2dda162151@group-7B4AB808D853-LeaderElection31] INFO  impl.LeaderElection (LeaderElection.java:logAndReturn(90)) - fdf3821b-2737-47a5-9603-1a2dda162151@group-7B4AB808D853-LeaderElection31: PRE_VOTE PASSED received 1 response(s) and 0 exception(s):
2023-08-29 18:56:27,478 [fdf3821b-2737-47a5-9603-1a2dda162151@group-7B4AB808D853-LeaderElection31] INFO  impl.LeaderElection (LeaderElection.java:logAndReturn(94)) -   Response 0: fdf3821b-2737-47a5-9603-1a2dda162151<-1088055f-b6dc-4993-819c-da5e568aeaf2#0:OK-t0
2023-08-29 18:56:27,478 [fdf3821b-2737-47a5-9603-1a2dda162151@group-7B4AB808D853-LeaderElection31] INFO  impl.LeaderElection (LeaderElection.java:askForVotes(323)) - fdf3821b-2737-47a5-9603-1a2dda162151@group-7B4AB808D853-LeaderElection31 PRE_VOTE round 0: result PASSED
2023-08-29 18:56:27,479 [grpc-default-executor-1] INFO  server.RaftServer$Division (RaftServerImpl.java:requestVote(1302)) - f5d5de74-035f-4e7b-b7e8-455c492d4758@group-7B4AB808D853: receive requestVote(PRE_VOTE, fdf3821b-2737-47a5-9603-1a2dda162151, group-7B4AB808D853, 0, (t:0, i:0))
2023-08-29 18:56:27,480 [fdf3821b-2737-47a5-9603-1a2dda162151@group-7B4AB808D853-LeaderElection31] INFO  impl.LeaderElection (LeaderElection.java:askForVotes(321)) - fdf3821b-2737-47a5-9603-1a2dda162151@group-7B4AB808D853-LeaderElection31 ELECTION round 0: submit vote requests at term 1 for -1: peers:[1088055f-b6dc-4993-819c-da5e568aeaf2|rpc:10.1.0.239:15191|admin:10.1.0.239:15190|client:10.1.0.239:15189|dataStream:10.1.0.239:15192|priority:0|startupRole:FOLLOWER, f5d5de74-035f-4e7b-b7e8-455c492d4758|rpc:10.1.0.239:15182|admin:10.1.0.239:15181|client:10.1.0.239:15180|dataStream:10.1.0.239:15183|priority:0|startupRole:FOLLOWER, fdf3821b-2737-47a5-9603-1a2dda162151|rpc:10.1.0.239:15173|admin:10.1.0.239:15172|client:10.1.0.239:15171|dataStream:10.1.0.239:15174|priority:1|startupRole:FOLLOWER]|listeners:[], old=null
2023-08-29 18:56:27,480 [grpc-default-executor-1] INFO  impl.VoteContext (VoteContext.java:log(49)) - f5d5de74-035f-4e7b-b7e8-455c492d4758@group-7B4AB808D853-FOLLOWER: accept PRE_VOTE from fdf3821b-2737-47a5-9603-1a2dda162151: our priority 0 <= candidate's priority 1
2023-08-29 18:56:27,480 [grpc-default-executor-1] INFO  server.RaftServer$Division (RaftServerImpl.java:requestVote(1335)) - f5d5de74-035f-4e7b-b7e8-455c492d4758@group-7B4AB808D853 replies to PRE_VOTE vote request: fdf3821b-2737-47a5-9603-1a2dda162151<-f5d5de74-035f-4e7b-b7e8-455c492d4758#0:OK-t0. Peer's state: f5d5de74-035f-4e7b-b7e8-455c492d4758@group-7B4AB808D853:t0, leader=null, voted=, raftlog=Memoized:f5d5de74-035f-4e7b-b7e8-455c492d4758@group-7B4AB808D853-SegmentedRaftLog:OPENED:c-1, conf=-1: peers:[1088055f-b6dc-4993-819c-da5e568aeaf2|rpc:10.1.0.239:15191|admin:10.1.0.239:15190|client:10.1.0.239:15189|dataStream:10.1.0.239:15192|priority:0|startupRole:FOLLOWER, f5d5de74-035f-4e7b-b7e8-455c492d4758|rpc:10.1.0.239:15182|admin:10.1.0.239:15181|client:10.1.0.239:15180|dataStream:10.1.0.239:15183|priority:0|startupRole:FOLLOWER, fdf3821b-2737-47a5-9603-1a2dda162151|rpc:10.1.0.239:15173|admin:10.1.0.239:15172|client:10.1.0.239:15171|dataStream:10.1.0.239:15174|priority:1|startupRole:FOLLOWER]|listeners:[], old=null
2023-08-29 18:56:27,480 [fdf3821b-2737-47a5-9603-1a2dda162151@group-7B4AB808D853-LeaderElection31] INFO  server.RaftServerConfigKeys (ConfUtils.java:logFallback(53)) - raft.server.rpc.first-election.timeout.min = 5s (fallback to raft.server.rpc.timeout.min)
2023-08-29 18:56:27,480 [fdf3821b-2737-47a5-9603-1a2dda162151@group-7B4AB808D853-LeaderElection31] INFO  server.RaftServerConfigKeys (ConfUtils.java:logFallback(53)) - raft.server.rpc.first-election.timeout.max = 5200ms (fallback to raft.server.rpc.timeout.max)
2023-08-29 18:56:27,482 [grpc-default-executor-1] INFO  server.RaftServer$Division (RaftServerImpl.java:requestVote(1302)) - 1088055f-b6dc-4993-819c-da5e568aeaf2@group-7B4AB808D853: receive requestVote(ELECTION, fdf3821b-2737-47a5-9603-1a2dda162151, group-7B4AB808D853, 1, (t:0, i:0))
2023-08-29 18:56:27,483 [grpc-default-executor-1] INFO  impl.VoteContext (VoteContext.java:log(49)) - 1088055f-b6dc-4993-819c-da5e568aeaf2@group-7B4AB808D853-FOLLOWER: accept ELECTION from fdf3821b-2737-47a5-9603-1a2dda162151: our priority 0 <= candidate's priority 1
2023-08-29 18:56:27,483 [grpc-default-executor-1] INFO  server.RaftServer$Division (RaftServerImpl.java:setRole(329)) - 1088055f-b6dc-4993-819c-da5e568aeaf2@group-7B4AB808D853: changes role from  FOLLOWER to FOLLOWER at term 1 for candidate:fdf3821b-2737-47a5-9603-1a2dda162151
2023-08-29 18:56:27,483 [grpc-default-executor-1] INFO  impl.RoleInfo (RoleInfo.java:shutdownFollowerState(110)) - 1088055f-b6dc-4993-819c-da5e568aeaf2: shutdown 1088055f-b6dc-4993-819c-da5e568aeaf2@group-7B4AB808D853-FollowerState
2023-08-29 18:56:27,483 [grpc-default-executor-1] INFO  impl.RoleInfo (RoleInfo.java:updateAndGet(139)) - 1088055f-b6dc-4993-819c-da5e568aeaf2: start 1088055f-b6dc-4993-819c-da5e568aeaf2@group-7B4AB808D853-FollowerState
2023-08-29 18:56:27,483 [1088055f-b6dc-4993-819c-da5e568aeaf2@group-7B4AB808D853-FollowerState] INFO  impl.FollowerState (FollowerState.java:run(152)) - 1088055f-b6dc-4993-819c-da5e568aeaf2@group-7B4AB808D853-FollowerState was interrupted
2023-08-29 18:56:27,489 [grpc-default-executor-0] INFO  server.RaftServer$Division (RaftServerImpl.java:requestVote(1302)) - f5d5de74-035f-4e7b-b7e8-455c492d4758@group-7B4AB808D853: receive requestVote(ELECTION, fdf3821b-2737-47a5-9603-1a2dda162151, group-7B4AB808D853, 1, (t:0, i:0))
2023-08-29 18:56:27,489 [grpc-default-executor-1] INFO  server.RaftServer$Division (RaftServerImpl.java:requestVote(1335)) - 1088055f-b6dc-4993-819c-da5e568aeaf2@group-7B4AB808D853 replies to ELECTION vote request: fdf3821b-2737-47a5-9603-1a2dda162151<-1088055f-b6dc-4993-819c-da5e568aeaf2#0:OK-t1. Peer's state: 1088055f-b6dc-4993-819c-da5e568aeaf2@group-7B4AB808D853:t1, leader=null, voted=fdf3821b-2737-47a5-9603-1a2dda162151, raftlog=Memoized:1088055f-b6dc-4993-819c-da5e568aeaf2@group-7B4AB808D853-SegmentedRaftLog:OPENED:c-1, conf=-1: peers:[1088055f-b6dc-4993-819c-da5e568aeaf2|rpc:10.1.0.239:15191|admin:10.1.0.239:15190|client:10.1.0.239:15189|dataStream:10.1.0.239:15192|priority:0|startupRole:FOLLOWER, f5d5de74-035f-4e7b-b7e8-455c492d4758|rpc:10.1.0.239:15182|admin:10.1.0.239:15181|client:10.1.0.239:15180|dataStream:10.1.0.239:15183|priority:0|startupRole:FOLLOWER, fdf3821b-2737-47a5-9603-1a2dda162151|rpc:10.1.0.239:15173|admin:10.1.0.239:15172|client:10.1.0.239:15171|dataStream:10.1.0.239:15174|priority:1|startupRole:FOLLOWER]|listeners:[], old=null
2023-08-29 18:56:27,489 [grpc-default-executor-0] INFO  impl.VoteContext (VoteContext.java:log(49)) - f5d5de74-035f-4e7b-b7e8-455c492d4758@group-7B4AB808D853-FOLLOWER: accept ELECTION from fdf3821b-2737-47a5-9603-1a2dda162151: our priority 0 <= candidate's priority 1
2023-08-29 18:56:27,490 [grpc-default-executor-0] INFO  server.RaftServer$Division (RaftServerImpl.java:setRole(329)) - f5d5de74-035f-4e7b-b7e8-455c492d4758@group-7B4AB808D853: changes role from  FOLLOWER to FOLLOWER at term 1 for candidate:fdf3821b-2737-47a5-9603-1a2dda162151
2023-08-29 18:56:27,490 [grpc-default-executor-0] INFO  impl.RoleInfo (RoleInfo.java:shutdownFollowerState(110)) - f5d5de74-035f-4e7b-b7e8-455c492d4758: shutdown f5d5de74-035f-4e7b-b7e8-455c492d4758@group-7B4AB808D853-FollowerState
2023-08-29 18:56:27,490 [grpc-default-executor-0] INFO  impl.RoleInfo (RoleInfo.java:updateAndGet(139)) - f5d5de74-035f-4e7b-b7e8-455c492d4758: start f5d5de74-035f-4e7b-b7e8-455c492d4758@group-7B4AB808D853-FollowerState
2023-08-29 18:56:27,490 [f5d5de74-035f-4e7b-b7e8-455c492d4758@group-7B4AB808D853-FollowerState] INFO  impl.FollowerState (FollowerState.java:run(152)) - f5d5de74-035f-4e7b-b7e8-455c492d4758@group-7B4AB808D853-FollowerState was interrupted
2023-08-29 18:56:27,491 [fdf3821b-2737-47a5-9603-1a2dda162151@group-7B4AB808D853-LeaderElection31] INFO  impl.LeaderElection (LeaderElection.java:logAndReturn(90)) - fdf3821b-2737-47a5-9603-1a2dda162151@group-7B4AB808D853-LeaderElection31: ELECTION PASSED received 1 response(s) and 0 exception(s):
2023-08-29 18:56:27,492 [fdf3821b-2737-47a5-9603-1a2dda162151@group-7B4AB808D853-LeaderElection31] INFO  impl.LeaderElection (LeaderElection.java:logAndReturn(94)) -   Response 0: fdf3821b-2737-47a5-9603-1a2dda162151<-1088055f-b6dc-4993-819c-da5e568aeaf2#0:OK-t1
2023-08-29 18:56:27,492 [fdf3821b-2737-47a5-9603-1a2dda162151@group-7B4AB808D853-LeaderElection31] INFO  impl.LeaderElection (LeaderElection.java:askForVotes(323)) - fdf3821b-2737-47a5-9603-1a2dda162151@group-7B4AB808D853-LeaderElection31 ELECTION round 0: result PASSED
2023-08-29 18:56:27,491 [1088055f-b6dc-4993-819c-da5e568aeaf2@group-57184A628F4E-FollowerState] INFO  impl.FollowerState (FollowerState.java:run(143)) - 1088055f-b6dc-4993-819c-da5e568aeaf2@group-57184A628F4E-FollowerState: change to CANDIDATE, lastRpcElapsedTime:5111129047ns, electionTimeout:5105ms
2023-08-29 18:56:27,492 [1088055f-b6dc-4993-819c-da5e568aeaf2@group-57184A628F4E-FollowerState] INFO  impl.RoleInfo (RoleInfo.java:shutdownFollowerState(110)) - 1088055f-b6dc-4993-819c-da5e568aeaf2: shutdown 1088055f-b6dc-4993-819c-da5e568aeaf2@group-57184A628F4E-FollowerState
2023-08-29 18:56:27,492 [1088055f-b6dc-4993-819c-da5e568aeaf2@group-57184A628F4E-FollowerState] INFO  server.RaftServer$Division (RaftServerImpl.java:setRole(329)) - 1088055f-b6dc-4993-819c-da5e568aeaf2@group-57184A628F4E: changes role from  FOLLOWER to CANDIDATE at term 0 for changeToCandidate
2023-08-29 18:56:27,492 [1088055f-b6dc-4993-819c-da5e568aeaf2@group-57184A628F4E-FollowerState] INFO  server.RaftServerConfigKeys (ConfUtils.java:logGet(46)) - raft.server.leaderelection.pre-vote = true (default)
2023-08-29 18:56:27,492 [1088055f-b6dc-4993-819c-da5e568aeaf2@group-57184A628F4E-FollowerState] INFO  impl.RoleInfo (RoleInfo.java:updateAndGet(139)) - 1088055f-b6dc-4993-819c-da5e568aeaf2: start 1088055f-b6dc-4993-819c-da5e568aeaf2@group-57184A628F4E-LeaderElection32
2023-08-29 18:56:27,492 [fdf3821b-2737-47a5-9603-1a2dda162151@group-7B4AB808D853-LeaderElection31] INFO  impl.RoleInfo (RoleInfo.java:shutdownLeaderElection(130)) - fdf3821b-2737-47a5-9603-1a2dda162151: shutdown fdf3821b-2737-47a5-9603-1a2dda162151@group-7B4AB808D853-LeaderElection31
2023-08-29 18:56:27,492 [fdf3821b-2737-47a5-9603-1a2dda162151@group-7B4AB808D853-LeaderElection31] INFO  server.RaftServer$Division (RaftServerImpl.java:setRole(329)) - fdf3821b-2737-47a5-9603-1a2dda162151@group-7B4AB808D853: changes role from CANDIDATE to LEADER at term 1 for changeToLeader
2023-08-29 18:56:27,492 [fdf3821b-2737-47a5-9603-1a2dda162151@group-7B4AB808D853-LeaderElection31] INFO  ratis.XceiverServerRatis (XceiverServerRatis.java:handleLeaderChangedNotification(902)) - Leader change notification received for group: group-7B4AB808D853 with new leaderId: fdf3821b-2737-47a5-9603-1a2dda162151
2023-08-29 18:56:27,492 [fdf3821b-2737-47a5-9603-1a2dda162151@group-7B4AB808D853-LeaderElection31] INFO  server.RaftServer$Division (ServerState.java:setLeader(317)) - fdf3821b-2737-47a5-9603-1a2dda162151@group-7B4AB808D853: change Leader from null to fdf3821b-2737-47a5-9603-1a2dda162151 at term 1 for becomeLeader, leader elected after 5098ms
2023-08-29 18:56:27,492 [fdf3821b-2737-47a5-9603-1a2dda162151@group-7B4AB808D853-LeaderElection31] INFO  server.RaftServerConfigKeys (ConfUtils.java:logGet(46)) - raft.server.staging.catchup.gap = 1000 (default)
2023-08-29 18:56:27,492 [grpc-default-executor-0] INFO  server.RaftServer$Division (RaftServerImpl.java:requestVote(1335)) - f5d5de74-035f-4e7b-b7e8-455c492d4758@group-7B4AB808D853 replies to ELECTION vote request: fdf3821b-2737-47a5-9603-1a2dda162151<-f5d5de74-035f-4e7b-b7e8-455c492d4758#0:OK-t1. Peer's state: f5d5de74-035f-4e7b-b7e8-455c492d4758@group-7B4AB808D853:t1, leader=null, voted=fdf3821b-2737-47a5-9603-1a2dda162151, raftlog=Memoized:f5d5de74-035f-4e7b-b7e8-455c492d4758@group-7B4AB808D853-SegmentedRaftLog:OPENED:c-1, conf=-1: peers:[1088055f-b6dc-4993-819c-da5e568aeaf2|rpc:10.1.0.239:15191|admin:10.1.0.239:15190|client:10.1.0.239:15189|dataStream:10.1.0.239:15192|priority:0|startupRole:FOLLOWER, f5d5de74-035f-4e7b-b7e8-455c492d4758|rpc:10.1.0.239:15182|admin:10.1.0.239:15181|client:10.1.0.239:15180|dataStream:10.1.0.239:15183|priority:0|startupRole:FOLLOWER, fdf3821b-2737-47a5-9603-1a2dda162151|rpc:10.1.0.239:15173|admin:10.1.0.239:15172|client:10.1.0.239:15171|dataStream:10.1.0.239:15174|priority:1|startupRole:FOLLOWER]|listeners:[], old=null
2023-08-29 18:56:27,497 [fdf3821b-2737-47a5-9603-1a2dda162151@group-7B4AB808D853-LeaderElection31] INFO  server.RaftServerConfigKeys (ConfUtils.java:logGet(46)) - raft.server.write.element-limit = 1024 (custom)
2023-08-29 18:56:27,497 [fdf3821b-2737-47a5-9603-1a2dda162151@group-7B4AB808D853-LeaderElection31] INFO  server.RaftServerConfigKeys (ConfUtils.java:logGet(46)) - raft.server.write.byte-limit = 1024 M (=1073741824) (custom)
2023-08-29 18:56:27,497 [fdf3821b-2737-47a5-9603-1a2dda162151@group-7B4AB808D853-LeaderElection31] INFO  server.RaftServerConfigKeys (ConfUtils.java:logGet(46)) - raft.server.watch.timeout = 180s (custom)
2023-08-29 18:56:27,497 [fdf3821b-2737-47a5-9603-1a2dda162151@group-7B4AB808D853-LeaderElection31] INFO  server.RaftServerConfigKeys (ConfUtils.java:logGet(46)) - raft.server.watch.timeout.denomination = 1s (default)
2023-08-29 18:56:27,497 [fdf3821b-2737-47a5-9603-1a2dda162151@group-7B4AB808D853-LeaderElection31] INFO  server.RaftServerConfigKeys (ConfUtils.java:logGet(46)) - raft.server.watch.element-limit = 65536 (default)
2023-08-29 18:56:27,497 [fdf3821b-2737-47a5-9603-1a2dda162151@group-7B4AB808D853-LeaderElection31] INFO  server.RaftServerConfigKeys (ConfUtils.java:logGet(46)) - raft.server.write.element-limit = 1024 (custom)
2023-08-29 18:56:27,497 [fdf3821b-2737-47a5-9603-1a2dda162151@group-7B4AB808D853-LeaderElection31] INFO  server.RaftServerConfigKeys (ConfUtils.java:logGet(46)) - raft.server.write.follower.gap.ratio.max = -1.0 (default)
2023-08-29 18:56:27,498 [fdf3821b-2737-47a5-9603-1a2dda162151@group-7B4AB808D853-LeaderElection31] INFO  server.RaftServerConfigKeys (ConfUtils.java:logGet(46)) - raft.server.log.appender.snapshot.chunk.size.max = 16MB (=16777216) (default)
2023-08-29 18:56:27,498 [fdf3821b-2737-47a5-9603-1a2dda162151@group-7B4AB808D853-LeaderElection31] INFO  server.RaftServerConfigKeys (ConfUtils.java:logGet(46)) - raft.server.log.appender.buffer.byte-limit = 33554432 (custom)
2023-08-29 18:56:27,498 [fdf3821b-2737-47a5-9603-1a2dda162151@group-7B4AB808D853-LeaderElection31] INFO  server.RaftServerConfigKeys (ConfUtils.java:logGet(46)) - raft.server.log.appender.buffer.element-limit = 1 (custom)
2023-08-29 18:56:27,498 [fdf3821b-2737-47a5-9603-1a2dda162151@group-7B4AB808D853-LeaderElection31] INFO  server.RaftServerConfigKeys (ConfUtils.java:logGet(46)) - raft.server.log.appender.wait-time.min = 10ms (default)
2023-08-29 18:56:27,498 [fdf3821b-2737-47a5-9603-1a2dda162151@group-7B4AB808D853-LeaderElection31] INFO  grpc.GrpcConfigKeys (ConfUtils.java:logGet(46)) - raft.grpc.server.leader.outstanding.appends.max = 128 (default)
2023-08-29 18:56:27,498 [fdf3821b-2737-47a5-9603-1a2dda162151@group-7B4AB808D853-LeaderElection31] INFO  server.RaftServerConfigKeys (ConfUtils.java:logGet(46)) - raft.server.rpc.request.timeout = 60s (custom)
2023-08-29 18:56:27,498 [fdf3821b-2737-47a5-9603-1a2dda162151@group-7B4AB808D853-LeaderElection31] INFO  grpc.GrpcConfigKeys (ConfUtils.java:logGet(46)) - raft.grpc.server.install_snapshot.request.element-limit = 8 (default)
2023-08-29 18:56:27,498 [fdf3821b-2737-47a5-9603-1a2dda162151@group-7B4AB808D853-LeaderElection31] INFO  grpc.GrpcConfigKeys (ConfUtils.java:logGet(46)) - raft.grpc.server.install_snapshot.request.timeout = 3000ms (default)
2023-08-29 18:56:27,498 [fdf3821b-2737-47a5-9603-1a2dda162151@group-7B4AB808D853-LeaderElection31] INFO  server.RaftServerConfigKeys (ConfUtils.java:logGet(46)) - raft.server.log.appender.install.snapshot.enabled = false (custom)
2023-08-29 18:56:27,498 [fdf3821b-2737-47a5-9603-1a2dda162151@group-7B4AB808D853-LeaderElection31] INFO  grpc.GrpcConfigKeys (ConfUtils.java:logGet(46)) - raft.grpc.server.heartbeat.channel = true (default)
2023-08-29 18:56:27,498 [fdf3821b-2737-47a5-9603-1a2dda162151@group-7B4AB808D853-LeaderElection31] INFO  server.RaftServerConfigKeys (ConfUtils.java:logGet(46)) - raft.server.log.appender.snapshot.chunk.size.max = 16MB (=16777216) (default)
2023-08-29 18:56:27,498 [fdf3821b-2737-47a5-9603-1a2dda162151@group-7B4AB808D853-LeaderElection31] INFO  server.RaftServerConfigKeys (ConfUtils.java:logGet(46)) - raft.server.log.appender.buffer.byte-limit = 33554432 (custom)
2023-08-29 18:56:27,499 [fdf3821b-2737-47a5-9603-1a2dda162151@group-7B4AB808D853-LeaderElection31] INFO  server.RaftServerConfigKeys (ConfUtils.java:logGet(46)) - raft.server.log.appender.buffer.element-limit = 1 (custom)
2023-08-29 18:56:27,499 [fdf3821b-2737-47a5-9603-1a2dda162151@group-7B4AB808D853-LeaderElection31] INFO  server.RaftServerConfigKeys (ConfUtils.java:logGet(46)) - raft.server.log.appender.wait-time.min = 10ms (default)
2023-08-29 18:56:27,499 [fdf3821b-2737-47a5-9603-1a2dda162151@group-7B4AB808D853-LeaderElection31] INFO  grpc.GrpcConfigKeys (ConfUtils.java:logGet(46)) - raft.grpc.server.leader.outstanding.appends.max = 128 (default)
2023-08-29 18:56:27,499 [fdf3821b-2737-47a5-9603-1a2dda162151@group-7B4AB808D853-LeaderElection31] INFO  server.RaftServerConfigKeys (ConfUtils.java:logGet(46)) - raft.server.rpc.request.timeout = 60s (custom)
2023-08-29 18:56:27,499 [fdf3821b-2737-47a5-9603-1a2dda162151@group-7B4AB808D853-LeaderElection31] INFO  grpc.GrpcConfigKeys (ConfUtils.java:logGet(46)) - raft.grpc.server.install_snapshot.request.element-limit = 8 (default)
2023-08-29 18:56:27,499 [fdf3821b-2737-47a5-9603-1a2dda162151@group-7B4AB808D853-LeaderElection31] INFO  grpc.GrpcConfigKeys (ConfUtils.java:logGet(46)) - raft.grpc.server.install_snapshot.request.timeout = 3000ms (default)
2023-08-29 18:56:27,499 [fdf3821b-2737-47a5-9603-1a2dda162151@group-7B4AB808D853-LeaderElection31] INFO  server.RaftServerConfigKeys (ConfUtils.java:logGet(46)) - raft.server.log.appender.install.snapshot.enabled = false (custom)
2023-08-29 18:56:27,499 [fdf3821b-2737-47a5-9603-1a2dda162151@group-7B4AB808D853-LeaderElection31] INFO  grpc.GrpcConfigKeys (ConfUtils.java:logGet(46)) - raft.grpc.server.heartbeat.channel = true (default)
2023-08-29 18:56:27,499 [fdf3821b-2737-47a5-9603-1a2dda162151@group-7B4AB808D853-LeaderElection31] INFO  impl.RoleInfo (RoleInfo.java:updateAndGet(139)) - fdf3821b-2737-47a5-9603-1a2dda162151: start fdf3821b-2737-47a5-9603-1a2dda162151@group-7B4AB808D853-LeaderStateImpl
2023-08-29 18:56:27,499 [fdf3821b-2737-47a5-9603-1a2dda162151@group-7B4AB808D853-LeaderElection31] INFO  segmented.SegmentedRaftLogWorker (SegmentedRaftLogWorker.java:startLogSegment(447)) - fdf3821b-2737-47a5-9603-1a2dda162151@group-7B4AB808D853-SegmentedRaftLogWorker: Starting segment from index:0
2023-08-29 18:56:27,505 [fdf3821b-2737-47a5-9603-1a2dda162151@group-7B4AB808D853-LeaderElection31] INFO  server.RaftServer$Division (ServerState.java:setRaftConf(434)) - fdf3821b-2737-47a5-9603-1a2dda162151@group-7B4AB808D853: set configuration 0: peers:[1088055f-b6dc-4993-819c-da5e568aeaf2|rpc:10.1.0.239:15191|admin:10.1.0.239:15190|client:10.1.0.239:15189|dataStream:10.1.0.239:15192|priority:0|startupRole:FOLLOWER, f5d5de74-035f-4e7b-b7e8-455c492d4758|rpc:10.1.0.239:15182|admin:10.1.0.239:15181|client:10.1.0.239:15180|dataStream:10.1.0.239:15183|priority:0|startupRole:FOLLOWER, fdf3821b-2737-47a5-9603-1a2dda162151|rpc:10.1.0.239:15173|admin:10.1.0.239:15172|client:10.1.0.239:15171|dataStream:10.1.0.239:15174|priority:1|startupRole:FOLLOWER]|listeners:[], old=null
2023-08-29 18:56:27,505 [fdf3821b-2737-47a5-9603-1a2dda162151@group-7B4AB808D853-SegmentedRaftLogWorker] INFO  segmented.SegmentedRaftLogWorker (SegmentedRaftLogWorker.java:execute(651)) - fdf3821b-2737-47a5-9603-1a2dda162151@group-7B4AB808D853-SegmentedRaftLogWorker: created new log segment /home/runner/work/ozone/ozone/hadoop-ozone/integration-test/target/test-dir/MiniOzoneClusterImpl-b0dd14bf-3562-4743-8e4f-1fdeb49c931a/datanode-0/data/ratis/45eb0e36-4030-4602-a5d4-7b4ab808d853/current/log_inprogress_0
2023-08-29 18:56:27,506 [fdf3821b-2737-47a5-9603-1a2dda162151@group-57184A628F4E-FollowerState] INFO  server.RaftServerConfigKeys (ConfUtils.java:logFallback(53)) - raft.server.rpc.first-election.timeout.min = 5s (fallback to raft.server.rpc.timeout.min)
2023-08-29 18:56:27,506 [fdf3821b-2737-47a5-9603-1a2dda162151@group-57184A628F4E-FollowerState] INFO  server.RaftServerConfigKeys (ConfUtils.java:logFallback(53)) - raft.server.rpc.first-election.timeout.max = 5200ms (fallback to raft.server.rpc.timeout.max)
2023-08-29 18:56:27,507 [EventQueue-PipelineReportForPipelineReportHandler] INFO  pipeline.PipelineReportHandler (PipelineReportHandler.java:processPipelineReport(136)) - Opened pipeline PipelineID=45eb0e36-4030-4602-a5d4-7b4ab808d853
2023-08-29 18:56:27,507 [EventQueue-OpenPipelineForHealthyPipelineSafeModeRule] INFO  safemode.SCMSafeModeManager (HealthyPipelineSafeModeRule.java:process(137)) - SCM in safe mode. Healthy pipelines reported count is 1, required healthy pipeline reported count is 1
2023-08-29 18:56:27,507 [EventQueue-OpenPipelineForHealthyPipelineSafeModeRule] INFO  safemode.SCMSafeModeManager (SCMSafeModeManager.java:validateSafeModeExitRules(200)) - HealthyPipelineSafeModeRule rule is successfully validated
2023-08-29 18:56:27,507 [EventQueue-OpenPipelineForHealthyPipelineSafeModeRule] INFO  safemode.SCMSafeModeManager (SCMSafeModeManager.java:validateSafeModeExitRules(215)) - ScmSafeModeManager, all rules are successfully validated
2023-08-29 18:56:27,507 [EventQueue-OpenPipelineForHealthyPipelineSafeModeRule] INFO  safemode.SCMSafeModeManager (SCMSafeModeManager.java:exitSafeMode(244)) - SCM exiting safe mode.
2023-08-29 18:56:27,507 [EventQueue-OpenPipelineForHealthyPipelineSafeModeRule] INFO  ha.SCMContext (SCMContext.java:updateSafeModeStatus(228)) - Update SafeModeStatus from SafeModeStatus{safeModeStatus=true, preCheckPassed=true} to SafeModeStatus{safeModeStatus=false, preCheckPassed=true}.
2023-08-29 18:56:27,507 [EventQueue-OpenPipelineForHealthyPipelineSafeModeRule] INFO  pipeline.BackgroundPipelineCreator (BackgroundPipelineCreator.java:notifyStatusChanged(255)) - Service BackgroundPipelineCreator transitions to RUNNING.
2023-08-29 18:56:27,507 [EventQueue-OpenPipelineForHealthyPipelineSafeModeRule] INFO  BackgroundPipelineScrubber (BackgroundSCMService.java:notifyStatusChanged(82)) - Service BackgroundPipelineScrubber transitions to RUNNING.
2023-08-29 18:56:27,507 [EventQueue-OpenPipelineForHealthyPipelineSafeModeRule] INFO  ExpiredContainerReplicaOpScrubber (BackgroundSCMService.java:notifyStatusChanged(82)) - Service ExpiredContainerReplicaOpScrubber transitions to RUNNING.
2023-08-29 18:56:27,507 [EventQueue-OpenPipelineForHealthyPipelineSafeModeRule] INFO  replication.ReplicationManager (ReplicationManager.java:notifyStatusChanged(1370)) - Service ReplicationManager transitions to RUNNING.
2023-08-29 18:56:27,507 [EventQueue-OpenPipelineForHealthyPipelineSafeModeRule] WARN  balancer.ContainerBalancer (ContainerBalancer.java:shouldRun(134)) - Could not find persisted configuration for ContainerBalancer when checking if ContainerBalancer should run. ContainerBalancer should not run now.
2023-08-29 18:56:27,508 [1088055f-b6dc-4993-819c-da5e568aeaf2@group-57184A628F4E-LeaderElection32] INFO  impl.LeaderElection (LeaderElection.java:askForVotes(321)) - 1088055f-b6dc-4993-819c-da5e568aeaf2@group-57184A628F4E-LeaderElection32 PRE_VOTE round 0: submit vote requests at term 0 for -1: peers:[1088055f-b6dc-4993-819c-da5e568aeaf2|rpc:10.1.0.239:15191|admin:10.1.0.239:15190|client:10.1.0.239:15189|dataStream:10.1.0.239:15192|priority:1|startupRole:FOLLOWER, f5d5de74-035f-4e7b-b7e8-455c492d4758|rpc:10.1.0.239:15182|admin:10.1.0.239:15181|client:10.1.0.239:15180|dataStream:10.1.0.239:15183|priority:0|startupRole:FOLLOWER, fdf3821b-2737-47a5-9603-1a2dda162151|rpc:10.1.0.239:15173|admin:10.1.0.239:15172|client:10.1.0.239:15171|dataStream:10.1.0.239:15174|priority:0|startupRole:FOLLOWER]|listeners:[], old=null
2023-08-29 18:56:27,508 [1088055f-b6dc-4993-819c-da5e568aeaf2@group-57184A628F4E-LeaderElection32-1] INFO  server.GrpcServerProtocolClient (GrpcServerProtocolClient.java:<init>(65)) - Build channel for f5d5de74-035f-4e7b-b7e8-455c492d4758
2023-08-29 18:56:27,516 [1088055f-b6dc-4993-819c-da5e568aeaf2@group-57184A628F4E-LeaderElection32] INFO  server.RaftServerConfigKeys (ConfUtils.java:logFallback(53)) - raft.server.rpc.first-election.timeout.min = 5s (fallback to raft.server.rpc.timeout.min)
2023-08-29 18:56:27,516 [1088055f-b6dc-4993-819c-da5e568aeaf2@group-57184A628F4E-LeaderElection32-2] INFO  server.GrpcServerProtocolClient (GrpcServerProtocolClient.java:<init>(65)) - Build channel for fdf3821b-2737-47a5-9603-1a2dda162151
2023-08-29 18:56:27,516 [1088055f-b6dc-4993-819c-da5e568aeaf2@group-57184A628F4E-LeaderElection32] INFO  server.RaftServerConfigKeys (ConfUtils.java:logFallback(53)) - raft.server.rpc.first-election.timeout.max = 5200ms (fallback to raft.server.rpc.timeout.max)
2023-08-29 18:56:27,544 [f5d5de74-035f-4e7b-b7e8-455c492d4758-server-thread1] INFO  ratis.XceiverServerRatis (XceiverServerRatis.java:handleLeaderChangedNotification(902)) - Leader change notification received for group: group-7B4AB808D853 with new leaderId: fdf3821b-2737-47a5-9603-1a2dda162151
2023-08-29 18:56:27,544 [f5d5de74-035f-4e7b-b7e8-455c492d4758-server-thread1] INFO  server.RaftServer$Division (ServerState.java:setLeader(317)) - f5d5de74-035f-4e7b-b7e8-455c492d4758@group-7B4AB808D853: change Leader from null to fdf3821b-2737-47a5-9603-1a2dda162151 at term 1 for appendEntries, leader elected after 5092ms
2023-08-29 18:56:27,548 [f5d5de74-035f-4e7b-b7e8-455c492d4758-server-thread2] INFO  server.RaftServer$Division (ServerState.java:setRaftConf(434)) - f5d5de74-035f-4e7b-b7e8-455c492d4758@group-7B4AB808D853: set configuration 0: peers:[1088055f-b6dc-4993-819c-da5e568aeaf2|rpc:10.1.0.239:15191|admin:10.1.0.239:15190|client:10.1.0.239:15189|dataStream:10.1.0.239:15192|priority:0|startupRole:FOLLOWER, f5d5de74-035f-4e7b-b7e8-455c492d4758|rpc:10.1.0.239:15182|admin:10.1.0.239:15181|client:10.1.0.239:15180|dataStream:10.1.0.239:15183|priority:0|startupRole:FOLLOWER, fdf3821b-2737-47a5-9603-1a2dda162151|rpc:10.1.0.239:15173|admin:10.1.0.239:15172|client:10.1.0.239:15171|dataStream:10.1.0.239:15174|priority:1|startupRole:FOLLOWER]|listeners:[], old=null
2023-08-29 18:56:27,548 [f5d5de74-035f-4e7b-b7e8-455c492d4758-server-thread2] INFO  segmented.SegmentedRaftLogWorker (SegmentedRaftLogWorker.java:startLogSegment(447)) - f5d5de74-035f-4e7b-b7e8-455c492d4758@group-7B4AB808D853-SegmentedRaftLogWorker: Starting segment from index:0
2023-08-29 18:56:27,548 [1088055f-b6dc-4993-819c-da5e568aeaf2-server-thread1] INFO  ratis.XceiverServerRatis (XceiverServerRatis.java:handleLeaderChangedNotification(902)) - Leader change notification received for group: group-7B4AB808D853 with new leaderId: fdf3821b-2737-47a5-9603-1a2dda162151
2023-08-29 18:56:27,548 [1088055f-b6dc-4993-819c-da5e568aeaf2-server-thread1] INFO  server.RaftServer$Division (ServerState.java:setLeader(317)) - 1088055f-b6dc-4993-819c-da5e568aeaf2@group-7B4AB808D853: change Leader from null to fdf3821b-2737-47a5-9603-1a2dda162151 at term 1 for appendEntries, leader elected after 5124ms
2023-08-29 18:56:27,551 [f5d5de74-035f-4e7b-b7e8-455c492d4758@group-7B4AB808D853-SegmentedRaftLogWorker] INFO  segmented.SegmentedRaftLogWorker (SegmentedRaftLogWorker.java:execute(651)) - f5d5de74-035f-4e7b-b7e8-455c492d4758@group-7B4AB808D853-SegmentedRaftLogWorker: created new log segment /home/runner/work/ozone/ozone/hadoop-ozone/integration-test/target/test-dir/MiniOzoneClusterImpl-b0dd14bf-3562-4743-8e4f-1fdeb49c931a/datanode-1/data/ratis/45eb0e36-4030-4602-a5d4-7b4ab808d853/current/log_inprogress_0
2023-08-29 18:56:27,551 [grpc-default-executor-9] INFO  server.RaftServer$Division (RaftServerImpl.java:requestVote(1302)) - fdf3821b-2737-47a5-9603-1a2dda162151@group-57184A628F4E: receive requestVote(PRE_VOTE, 1088055f-b6dc-4993-819c-da5e568aeaf2, group-57184A628F4E, 0, (t:0, i:0))
2023-08-29 18:56:27,551 [grpc-default-executor-9] INFO  impl.VoteContext (VoteContext.java:log(49)) - fdf3821b-2737-47a5-9603-1a2dda162151@group-57184A628F4E-FOLLOWER: accept PRE_VOTE from 1088055f-b6dc-4993-819c-da5e568aeaf2: our priority 0 <= candidate's priority 1
2023-08-29 18:56:27,551 [grpc-default-executor-9] INFO  server.RaftServer$Division (RaftServerImpl.java:requestVote(1335)) - fdf3821b-2737-47a5-9603-1a2dda162151@group-57184A628F4E replies to PRE_VOTE vote request: 1088055f-b6dc-4993-819c-da5e568aeaf2<-fdf3821b-2737-47a5-9603-1a2dda162151#0:OK-t0. Peer's state: fdf3821b-2737-47a5-9603-1a2dda162151@group-57184A628F4E:t0, leader=null, voted=, raftlog=Memoized:fdf3821b-2737-47a5-9603-1a2dda162151@group-57184A628F4E-SegmentedRaftLog:OPENED:c-1, conf=-1: peers:[1088055f-b6dc-4993-819c-da5e568aeaf2|rpc:10.1.0.239:15191|admin:10.1.0.239:15190|client:10.1.0.239:15189|dataStream:10.1.0.239:15192|priority:1|startupRole:FOLLOWER, f5d5de74-035f-4e7b-b7e8-455c492d4758|rpc:10.1.0.239:15182|admin:10.1.0.239:15181|client:10.1.0.239:15180|dataStream:10.1.0.239:15183|priority:0|startupRole:FOLLOWER, fdf3821b-2737-47a5-9603-1a2dda162151|rpc:10.1.0.239:15173|admin:10.1.0.239:15172|client:10.1.0.239:15171|dataStream:10.1.0.239:15174|priority:0|startupRole:FOLLOWER]|listeners:[], old=null
2023-08-29 18:56:27,554 [grpc-default-executor-4] INFO  server.RaftServer$Division (RaftServerImpl.java:requestVote(1302)) - f5d5de74-035f-4e7b-b7e8-455c492d4758@group-57184A628F4E: receive requestVote(PRE_VOTE, 1088055f-b6dc-4993-819c-da5e568aeaf2, group-57184A628F4E, 0, (t:0, i:0))
2023-08-29 18:56:27,554 [grpc-default-executor-4] INFO  impl.VoteContext (VoteContext.java:log(49)) - f5d5de74-035f-4e7b-b7e8-455c492d4758@group-57184A628F4E-FOLLOWER: accept PRE_VOTE from 1088055f-b6dc-4993-819c-da5e568aeaf2: our priority 0 <= candidate's priority 1
2023-08-29 18:56:27,554 [grpc-default-executor-4] INFO  server.RaftServer$Division (RaftServerImpl.java:requestVote(1335)) - f5d5de74-035f-4e7b-b7e8-455c492d4758@group-57184A628F4E replies to PRE_VOTE vote request: 1088055f-b6dc-4993-819c-da5e568aeaf2<-f5d5de74-035f-4e7b-b7e8-455c492d4758#0:OK-t0. Peer's state: f5d5de74-035f-4e7b-b7e8-455c492d4758@group-57184A628F4E:t0, leader=null, voted=, raftlog=Memoized:f5d5de74-035f-4e7b-b7e8-455c492d4758@group-57184A628F4E-SegmentedRaftLog:OPENED:c-1, conf=-1: peers:[1088055f-b6dc-4993-819c-da5e568aeaf2|rpc:10.1.0.239:15191|admin:10.1.0.239:15190|client:10.1.0.239:15189|dataStream:10.1.0.239:15192|priority:1|startupRole:FOLLOWER, f5d5de74-035f-4e7b-b7e8-455c492d4758|rpc:10.1.0.239:15182|admin:10.1.0.239:15181|client:10.1.0.239:15180|dataStream:10.1.0.239:15183|priority:0|startupRole:FOLLOWER, fdf3821b-2737-47a5-9603-1a2dda162151|rpc:10.1.0.239:15173|admin:10.1.0.239:15172|client:10.1.0.239:15171|dataStream:10.1.0.239:15174|priority:0|startupRole:FOLLOWER]|listeners:[], old=null
2023-08-29 18:56:27,555 [1088055f-b6dc-4993-819c-da5e568aeaf2-server-thread1] INFO  server.RaftServer$Division (ServerState.java:setRaftConf(434)) - 1088055f-b6dc-4993-819c-da5e568aeaf2@group-7B4AB808D853: set configuration 0: peers:[1088055f-b6dc-4993-819c-da5e568aeaf2|rpc:10.1.0.239:15191|admin:10.1.0.239:15190|client:10.1.0.239:15189|dataStream:10.1.0.239:15192|priority:0|startupRole:FOLLOWER, f5d5de74-035f-4e7b-b7e8-455c492d4758|rpc:10.1.0.239:15182|admin:10.1.0.239:15181|client:10.1.0.239:15180|dataStream:10.1.0.239:15183|priority:0|startupRole:FOLLOWER, fdf3821b-2737-47a5-9603-1a2dda162151|rpc:10.1.0.239:15173|admin:10.1.0.239:15172|client:10.1.0.239:15171|dataStream:10.1.0.239:15174|priority:1|startupRole:FOLLOWER]|listeners:[], old=null
2023-08-29 18:56:27,555 [1088055f-b6dc-4993-819c-da5e568aeaf2-server-thread1] INFO  segmented.SegmentedRaftLogWorker (SegmentedRaftLogWorker.java:startLogSegment(447)) - 1088055f-b6dc-4993-819c-da5e568aeaf2@group-7B4AB808D853-SegmentedRaftLogWorker: Starting segment from index:0
2023-08-29 18:56:27,557 [1088055f-b6dc-4993-819c-da5e568aeaf2@group-7B4AB808D853-SegmentedRaftLogWorker] INFO  segmented.SegmentedRaftLogWorker (SegmentedRaftLogWorker.java:execute(651)) - 1088055f-b6dc-4993-819c-da5e568aeaf2@group-7B4AB808D853-SegmentedRaftLogWorker: created new log segment /home/runner/work/ozone/ozone/hadoop-ozone/integration-test/target/test-dir/MiniOzoneClusterImpl-b0dd14bf-3562-4743-8e4f-1fdeb49c931a/datanode-2/data/ratis/45eb0e36-4030-4602-a5d4-7b4ab808d853/current/log_inprogress_0
2023-08-29 18:56:27,558 [1088055f-b6dc-4993-819c-da5e568aeaf2@group-57184A628F4E-LeaderElection32] INFO  impl.LeaderElection (LeaderElection.java:logAndReturn(90)) - 1088055f-b6dc-4993-819c-da5e568aeaf2@group-57184A628F4E-LeaderElection32: PRE_VOTE PASSED received 1 response(s) and 0 exception(s):
2023-08-29 18:56:27,558 [1088055f-b6dc-4993-819c-da5e568aeaf2@group-57184A628F4E-LeaderElection32] INFO  impl.LeaderElection (LeaderElection.java:logAndReturn(94)) -   Response 0: 1088055f-b6dc-4993-819c-da5e568aeaf2<-fdf3821b-2737-47a5-9603-1a2dda162151#0:OK-t0
2023-08-29 18:56:27,558 [1088055f-b6dc-4993-819c-da5e568aeaf2@group-57184A628F4E-LeaderElection32] INFO  impl.LeaderElection (LeaderElection.java:askForVotes(323)) - 1088055f-b6dc-4993-819c-da5e568aeaf2@group-57184A628F4E-LeaderElection32 PRE_VOTE round 0: result PASSED
2023-08-29 18:56:27,559 [1088055f-b6dc-4993-819c-da5e568aeaf2@group-57184A628F4E-LeaderElection32] INFO  impl.LeaderElection (LeaderElection.java:askForVotes(321)) - 1088055f-b6dc-4993-819c-da5e568aeaf2@group-57184A628F4E-LeaderElection32 ELECTION round 0: submit vote requests at term 1 for -1: peers:[1088055f-b6dc-4993-819c-da5e568aeaf2|rpc:10.1.0.239:15191|admin:10.1.0.239:15190|client:10.1.0.239:15189|dataStream:10.1.0.239:15192|priority:1|startupRole:FOLLOWER, f5d5de74-035f-4e7b-b7e8-455c492d4758|rpc:10.1.0.239:15182|admin:10.1.0.239:15181|client:10.1.0.239:15180|dataStream:10.1.0.239:15183|priority:0|startupRole:FOLLOWER, fdf3821b-2737-47a5-9603-1a2dda162151|rpc:10.1.0.239:15173|admin:10.1.0.239:15172|client:10.1.0.239:15171|dataStream:10.1.0.239:15174|priority:0|startupRole:FOLLOWER]|listeners:[], old=null
2023-08-29 18:56:27,562 [1088055f-b6dc-4993-819c-da5e568aeaf2@group-57184A628F4E-LeaderElection32] INFO  server.RaftServerConfigKeys (ConfUtils.java:logFallback(53)) - raft.server.rpc.first-election.timeout.min = 5s (fallback to raft.server.rpc.timeout.min)
2023-08-29 18:56:27,562 [1088055f-b6dc-4993-819c-da5e568aeaf2@group-57184A628F4E-LeaderElection32] INFO  server.RaftServerConfigKeys (ConfUtils.java:logFallback(53)) - raft.server.rpc.first-election.timeout.max = 5200ms (fallback to raft.server.rpc.timeout.max)
2023-08-29 18:56:27,568 [grpc-default-executor-4] INFO  server.RaftServer$Division (RaftServerImpl.java:requestVote(1302)) - f5d5de74-035f-4e7b-b7e8-455c492d4758@group-57184A628F4E: receive requestVote(ELECTION, 1088055f-b6dc-4993-819c-da5e568aeaf2, group-57184A628F4E, 1, (t:0, i:0))
2023-08-29 18:56:27,568 [grpc-default-executor-4] INFO  impl.VoteContext (VoteContext.java:log(49)) - f5d5de74-035f-4e7b-b7e8-455c492d4758@group-57184A628F4E-FOLLOWER: accept ELECTION from 1088055f-b6dc-4993-819c-da5e568aeaf2: our priority 0 <= candidate's priority 1
2023-08-29 18:56:27,569 [grpc-default-executor-4] INFO  server.RaftServer$Division (RaftServerImpl.java:setRole(329)) - f5d5de74-035f-4e7b-b7e8-455c492d4758@group-57184A628F4E: changes role from  FOLLOWER to FOLLOWER at term 1 for candidate:1088055f-b6dc-4993-819c-da5e568aeaf2
2023-08-29 18:56:27,569 [grpc-default-executor-4] INFO  impl.RoleInfo (RoleInfo.java:shutdownFollowerState(110)) - f5d5de74-035f-4e7b-b7e8-455c492d4758: shutdown f5d5de74-035f-4e7b-b7e8-455c492d4758@group-57184A628F4E-FollowerState
2023-08-29 18:56:27,570 [grpc-default-executor-4] INFO  impl.RoleInfo (RoleInfo.java:updateAndGet(139)) - f5d5de74-035f-4e7b-b7e8-455c492d4758: start f5d5de74-035f-4e7b-b7e8-455c492d4758@group-57184A628F4E-FollowerState
2023-08-29 18:56:27,570 [f5d5de74-035f-4e7b-b7e8-455c492d4758@group-57184A628F4E-FollowerState] INFO  impl.FollowerState (FollowerState.java:run(152)) - f5d5de74-035f-4e7b-b7e8-455c492d4758@group-57184A628F4E-FollowerState was interrupted
2023-08-29 18:56:27,571 [grpc-default-executor-4] INFO  server.RaftServer$Division (RaftServerImpl.java:requestVote(1335)) - f5d5de74-035f-4e7b-b7e8-455c492d4758@group-57184A628F4E replies to ELECTION vote request: 1088055f-b6dc-4993-819c-da5e568aeaf2<-f5d5de74-035f-4e7b-b7e8-455c492d4758#0:OK-t1. Peer's state: f5d5de74-035f-4e7b-b7e8-455c492d4758@group-57184A628F4E:t1, leader=null, voted=1088055f-b6dc-4993-819c-da5e568aeaf2, raftlog=Memoized:f5d5de74-035f-4e7b-b7e8-455c492d4758@group-57184A628F4E-SegmentedRaftLog:OPENED:c-1, conf=-1: peers:[1088055f-b6dc-4993-819c-da5e568aeaf2|rpc:10.1.0.239:15191|admin:10.1.0.239:15190|client:10.1.0.239:15189|dataStream:10.1.0.239:15192|priority:1|startupRole:FOLLOWER, f5d5de74-035f-4e7b-b7e8-455c492d4758|rpc:10.1.0.239:15182|admin:10.1.0.239:15181|client:10.1.0.239:15180|dataStream:10.1.0.239:15183|priority:0|startupRole:FOLLOWER, fdf3821b-2737-47a5-9603-1a2dda162151|rpc:10.1.0.239:15173|admin:10.1.0.239:15172|client:10.1.0.239:15171|dataStream:10.1.0.239:15174|priority:0|startupRole:FOLLOWER]|listeners:[], old=null
2023-08-29 18:56:27,572 [1088055f-b6dc-4993-819c-da5e568aeaf2@group-57184A628F4E-LeaderElection32] INFO  impl.LeaderElection (LeaderElection.java:logAndReturn(90)) - 1088055f-b6dc-4993-819c-da5e568aeaf2@group-57184A628F4E-LeaderElection32: ELECTION PASSED received 1 response(s) and 0 exception(s):
2023-08-29 18:56:27,572 [1088055f-b6dc-4993-819c-da5e568aeaf2@group-57184A628F4E-LeaderElection32] INFO  impl.LeaderElection (LeaderElection.java:logAndReturn(94)) -   Response 0: 1088055f-b6dc-4993-819c-da5e568aeaf2<-f5d5de74-035f-4e7b-b7e8-455c492d4758#0:OK-t1
2023-08-29 18:56:27,572 [1088055f-b6dc-4993-819c-da5e568aeaf2@group-57184A628F4E-LeaderElection32] INFO  impl.LeaderElection (LeaderElection.java:askForVotes(323)) - 1088055f-b6dc-4993-819c-da5e568aeaf2@group-57184A628F4E-LeaderElection32 ELECTION round 0: result PASSED
2023-08-29 18:56:27,572 [1088055f-b6dc-4993-819c-da5e568aeaf2@group-57184A628F4E-LeaderElection32] INFO  impl.RoleInfo (RoleInfo.java:shutdownLeaderElection(130)) - 1088055f-b6dc-4993-819c-da5e568aeaf2: shutdown 1088055f-b6dc-4993-819c-da5e568aeaf2@group-57184A628F4E-LeaderElection32
2023-08-29 18:56:27,572 [1088055f-b6dc-4993-819c-da5e568aeaf2@group-57184A628F4E-LeaderElection32] INFO  server.RaftServer$Division (RaftServerImpl.java:setRole(329)) - 1088055f-b6dc-4993-819c-da5e568aeaf2@group-57184A628F4E: changes role from CANDIDATE to LEADER at term 1 for changeToLeader
2023-08-29 18:56:27,572 [1088055f-b6dc-4993-819c-da5e568aeaf2@group-57184A628F4E-LeaderElection32] INFO  ratis.XceiverServerRatis (XceiverServerRatis.java:handleLeaderChangedNotification(902)) - Leader change notification received for group: group-57184A628F4E with new leaderId: 1088055f-b6dc-4993-819c-da5e568aeaf2
2023-08-29 18:56:27,572 [1088055f-b6dc-4993-819c-da5e568aeaf2@group-57184A628F4E-LeaderElection32] INFO  server.RaftServer$Division (ServerState.java:setLeader(317)) - 1088055f-b6dc-4993-819c-da5e568aeaf2@group-57184A628F4E: change Leader from null to 1088055f-b6dc-4993-819c-da5e568aeaf2 at term 1 for becomeLeader, leader elected after 5204ms
2023-08-29 18:56:27,572 [1088055f-b6dc-4993-819c-da5e568aeaf2@group-57184A628F4E-LeaderElection32] INFO  server.RaftServerConfigKeys (ConfUtils.java:logGet(46)) - raft.server.staging.catchup.gap = 1000 (default)
2023-08-29 18:56:27,573 [1088055f-b6dc-4993-819c-da5e568aeaf2@group-57184A628F4E-LeaderElection32] INFO  server.RaftServerConfigKeys (ConfUtils.java:logGet(46)) - raft.server.write.element-limit = 1024 (custom)
2023-08-29 18:56:27,573 [1088055f-b6dc-4993-819c-da5e568aeaf2@group-57184A628F4E-LeaderElection32] INFO  server.RaftServerConfigKeys (ConfUtils.java:logGet(46)) - raft.server.write.byte-limit = 1024 M (=1073741824) (custom)
2023-08-29 18:56:27,573 [1088055f-b6dc-4993-819c-da5e568aeaf2@group-57184A628F4E-LeaderElection32] INFO  server.RaftServerConfigKeys (ConfUtils.java:logGet(46)) - raft.server.watch.timeout = 180s (custom)
2023-08-29 18:56:27,573 [1088055f-b6dc-4993-819c-da5e568aeaf2@group-57184A628F4E-LeaderElection32] INFO  server.RaftServerConfigKeys (ConfUtils.java:logGet(46)) - raft.server.watch.timeout.denomination = 1s (default)
2023-08-29 18:56:27,573 [1088055f-b6dc-4993-819c-da5e568aeaf2@group-57184A628F4E-LeaderElection32] INFO  server.RaftServerConfigKeys (ConfUtils.java:logGet(46)) - raft.server.watch.element-limit = 65536 (default)
2023-08-29 18:56:27,573 [1088055f-b6dc-4993-819c-da5e568aeaf2@group-57184A628F4E-LeaderElection32] INFO  server.RaftServerConfigKeys (ConfUtils.java:logGet(46)) - raft.server.write.element-limit = 1024 (custom)
2023-08-29 18:56:27,573 [1088055f-b6dc-4993-819c-da5e568aeaf2@group-57184A628F4E-LeaderElection32] INFO  server.RaftServerConfigKeys (ConfUtils.java:logGet(46)) - raft.server.write.follower.gap.ratio.max = -1.0 (default)
2023-08-29 18:56:27,573 [1088055f-b6dc-4993-819c-da5e568aeaf2@group-57184A628F4E-LeaderElection32] INFO  server.RaftServerConfigKeys (ConfUtils.java:logGet(46)) - raft.server.log.appender.snapshot.chunk.size.max = 16MB (=16777216) (default)
2023-08-29 18:56:27,573 [1088055f-b6dc-4993-819c-da5e568aeaf2@group-57184A628F4E-LeaderElection32] INFO  server.RaftServerConfigKeys (ConfUtils.java:logGet(46)) - raft.server.log.appender.buffer.byte-limit = 33554432 (custom)
2023-08-29 18:56:27,573 [1088055f-b6dc-4993-819c-da5e568aeaf2@group-57184A628F4E-LeaderElection32] INFO  server.RaftServerConfigKeys (ConfUtils.java:logGet(46)) - raft.server.log.appender.buffer.element-limit = 1 (custom)
2023-08-29 18:56:27,573 [1088055f-b6dc-4993-819c-da5e568aeaf2@group-57184A628F4E-LeaderElection32] INFO  server.RaftServerConfigKeys (ConfUtils.java:logGet(46)) - raft.server.log.appender.wait-time.min = 10ms (default)
2023-08-29 18:56:27,573 [1088055f-b6dc-4993-819c-da5e568aeaf2@group-57184A628F4E-LeaderElection32] INFO  grpc.GrpcConfigKeys (ConfUtils.java:logGet(46)) - raft.grpc.server.leader.outstanding.appends.max = 128 (default)
2023-08-29 18:56:27,573 [1088055f-b6dc-4993-819c-da5e568aeaf2@group-57184A628F4E-LeaderElection32] INFO  server.RaftServerConfigKeys (ConfUtils.java:logGet(46)) - raft.server.rpc.request.timeout = 60s (custom)
2023-08-29 18:56:27,574 [1088055f-b6dc-4993-819c-da5e568aeaf2@group-57184A628F4E-LeaderElection32] INFO  grpc.GrpcConfigKeys (ConfUtils.java:logGet(46)) - raft.grpc.server.install_snapshot.request.element-limit = 8 (default)
2023-08-29 18:56:27,574 [1088055f-b6dc-4993-819c-da5e568aeaf2@group-57184A628F4E-LeaderElection32] INFO  grpc.GrpcConfigKeys (ConfUtils.java:logGet(46)) - raft.grpc.server.install_snapshot.request.timeout = 3000ms (default)
2023-08-29 18:56:27,574 [1088055f-b6dc-4993-819c-da5e568aeaf2@group-57184A628F4E-LeaderElection32] INFO  server.RaftServerConfigKeys (ConfUtils.java:logGet(46)) - raft.server.log.appender.install.snapshot.enabled = false (custom)
2023-08-29 18:56:27,574 [1088055f-b6dc-4993-819c-da5e568aeaf2@group-57184A628F4E-LeaderElection32] INFO  grpc.GrpcConfigKeys (ConfUtils.java:logGet(46)) - raft.grpc.server.heartbeat.channel = true (default)
2023-08-29 18:56:27,574 [1088055f-b6dc-4993-819c-da5e568aeaf2@group-57184A628F4E-LeaderElection32] INFO  server.RaftServerConfigKeys (ConfUtils.java:logGet(46)) - raft.server.log.appender.snapshot.chunk.size.max = 16MB (=16777216) (default)
2023-08-29 18:56:27,574 [1088055f-b6dc-4993-819c-da5e568aeaf2@group-57184A628F4E-LeaderElection32] INFO  server.RaftServerConfigKeys (ConfUtils.java:logGet(46)) - raft.server.log.appender.buffer.byte-limit = 33554432 (custom)
2023-08-29 18:56:27,574 [1088055f-b6dc-4993-819c-da5e568aeaf2@group-57184A628F4E-LeaderElection32] INFO  server.RaftServerConfigKeys (ConfUtils.java:logGet(46)) - raft.server.log.appender.buffer.element-limit = 1 (custom)
2023-08-29 18:56:27,574 [1088055f-b6dc-4993-819c-da5e568aeaf2@group-57184A628F4E-LeaderElection32] INFO  server.RaftServerConfigKeys (ConfUtils.java:logGet(46)) - raft.server.log.appender.wait-time.min = 10ms (default)
2023-08-29 18:56:27,574 [1088055f-b6dc-4993-819c-da5e568aeaf2@group-57184A628F4E-LeaderElection32] INFO  grpc.GrpcConfigKeys (ConfUtils.java:logGet(46)) - raft.grpc.server.leader.outstanding.appends.max = 128 (default)
2023-08-29 18:56:27,574 [1088055f-b6dc-4993-819c-da5e568aeaf2@group-57184A628F4E-LeaderElection32] INFO  server.RaftServerConfigKeys (ConfUtils.java:logGet(46)) - raft.server.rpc.request.timeout = 60s (custom)
2023-08-29 18:56:27,574 [1088055f-b6dc-4993-819c-da5e568aeaf2@group-57184A628F4E-LeaderElection32] INFO  grpc.GrpcConfigKeys (ConfUtils.java:logGet(46)) - raft.grpc.server.install_snapshot.request.element-limit = 8 (default)
2023-08-29 18:56:27,574 [1088055f-b6dc-4993-819c-da5e568aeaf2@group-57184A628F4E-LeaderElection32] INFO  grpc.GrpcConfigKeys (ConfUtils.java:logGet(46)) - raft.grpc.server.install_snapshot.request.timeout = 3000ms (default)
2023-08-29 18:56:27,574 [1088055f-b6dc-4993-819c-da5e568aeaf2@group-57184A628F4E-LeaderElection32] INFO  server.RaftServerConfigKeys (ConfUtils.java:logGet(46)) - raft.server.log.appender.install.snapshot.enabled = false (custom)
2023-08-29 18:56:27,574 [1088055f-b6dc-4993-819c-da5e568aeaf2@group-57184A628F4E-LeaderElection32] INFO  grpc.GrpcConfigKeys (ConfUtils.java:logGet(46)) - raft.grpc.server.heartbeat.channel = true (default)
2023-08-29 18:56:27,575 [1088055f-b6dc-4993-819c-da5e568aeaf2@group-57184A628F4E-LeaderElection32] INFO  impl.RoleInfo (RoleInfo.java:updateAndGet(139)) - 1088055f-b6dc-4993-819c-da5e568aeaf2: start 1088055f-b6dc-4993-819c-da5e568aeaf2@group-57184A628F4E-LeaderStateImpl
2023-08-29 18:56:27,575 [1088055f-b6dc-4993-819c-da5e568aeaf2@group-57184A628F4E-LeaderElection32] INFO  segmented.SegmentedRaftLogWorker (SegmentedRaftLogWorker.java:startLogSegment(447)) - 1088055f-b6dc-4993-819c-da5e568aeaf2@group-57184A628F4E-SegmentedRaftLogWorker: Starting segment from index:0
2023-08-29 18:56:27,576 [EventQueue-PipelineReportForPipelineReportHandler] INFO  pipeline.PipelineReportHandler (PipelineReportHandler.java:processPipelineReport(136)) - Opened pipeline PipelineID=1e344ecf-d299-443a-83ca-57184a628f4e
2023-08-29 18:56:27,577 [1088055f-b6dc-4993-819c-da5e568aeaf2@group-57184A628F4E-SegmentedRaftLogWorker] INFO  segmented.SegmentedRaftLogWorker (SegmentedRaftLogWorker.java:execute(651)) - 1088055f-b6dc-4993-819c-da5e568aeaf2@group-57184A628F4E-SegmentedRaftLogWorker: created new log segment /home/runner/work/ozone/ozone/hadoop-ozone/integration-test/target/test-dir/MiniOzoneClusterImpl-b0dd14bf-3562-4743-8e4f-1fdeb49c931a/datanode-2/data/ratis/1e344ecf-d299-443a-83ca-57184a628f4e/current/log_inprogress_0
2023-08-29 18:56:27,580 [grpc-default-executor-4] INFO  server.RaftServer$Division (RaftServerImpl.java:requestVote(1302)) - fdf3821b-2737-47a5-9603-1a2dda162151@group-57184A628F4E: receive requestVote(ELECTION, 1088055f-b6dc-4993-819c-da5e568aeaf2, group-57184A628F4E, 1, (t:0, i:0))
2023-08-29 18:56:27,580 [grpc-default-executor-4] INFO  impl.VoteContext (VoteContext.java:log(49)) - fdf3821b-2737-47a5-9603-1a2dda162151@group-57184A628F4E-FOLLOWER: accept ELECTION from 1088055f-b6dc-4993-819c-da5e568aeaf2: our priority 0 <= candidate's priority 1
2023-08-29 18:56:27,580 [grpc-default-executor-4] INFO  server.RaftServer$Division (RaftServerImpl.java:setRole(329)) - fdf3821b-2737-47a5-9603-1a2dda162151@group-57184A628F4E: changes role from  FOLLOWER to FOLLOWER at term 1 for candidate:1088055f-b6dc-4993-819c-da5e568aeaf2
2023-08-29 18:56:27,581 [grpc-default-executor-4] INFO  impl.RoleInfo (RoleInfo.java:shutdownFollowerState(110)) - fdf3821b-2737-47a5-9603-1a2dda162151: shutdown fdf3821b-2737-47a5-9603-1a2dda162151@group-57184A628F4E-FollowerState
2023-08-29 18:56:27,581 [grpc-default-executor-4] INFO  impl.RoleInfo (RoleInfo.java:updateAndGet(139)) - fdf3821b-2737-47a5-9603-1a2dda162151: start fdf3821b-2737-47a5-9603-1a2dda162151@group-57184A628F4E-FollowerState
2023-08-29 18:56:27,581 [fdf3821b-2737-47a5-9603-1a2dda162151@group-57184A628F4E-FollowerState] INFO  impl.FollowerState (FollowerState.java:run(152)) - fdf3821b-2737-47a5-9603-1a2dda162151@group-57184A628F4E-FollowerState was interrupted
2023-08-29 18:56:27,581 [1088055f-b6dc-4993-819c-da5e568aeaf2@group-57184A628F4E-LeaderElection32] INFO  server.RaftServer$Division (ServerState.java:setRaftConf(434)) - 1088055f-b6dc-4993-819c-da5e568aeaf2@group-57184A628F4E: set configuration 0: peers:[1088055f-b6dc-4993-819c-da5e568aeaf2|rpc:10.1.0.239:15191|admin:10.1.0.239:15190|client:10.1.0.239:15189|dataStream:10.1.0.239:15192|priority:1|startupRole:FOLLOWER, f5d5de74-035f-4e7b-b7e8-455c492d4758|rpc:10.1.0.239:15182|admin:10.1.0.239:15181|client:10.1.0.239:15180|dataStream:10.1.0.239:15183|priority:0|startupRole:FOLLOWER, fdf3821b-2737-47a5-9603-1a2dda162151|rpc:10.1.0.239:15173|admin:10.1.0.239:15172|client:10.1.0.239:15171|dataStream:10.1.0.239:15174|priority:0|startupRole:FOLLOWER]|listeners:[], old=null
2023-08-29 18:56:27,584 [grpc-default-executor-4] INFO  server.RaftServer$Division (RaftServerImpl.java:requestVote(1335)) - fdf3821b-2737-47a5-9603-1a2dda162151@group-57184A628F4E replies to ELECTION vote request: 1088055f-b6dc-4993-819c-da5e568aeaf2<-fdf3821b-2737-47a5-9603-1a2dda162151#0:OK-t1. Peer's state: fdf3821b-2737-47a5-9603-1a2dda162151@group-57184A628F4E:t1, leader=null, voted=1088055f-b6dc-4993-819c-da5e568aeaf2, raftlog=Memoized:fdf3821b-2737-47a5-9603-1a2dda162151@group-57184A628F4E-SegmentedRaftLog:OPENED:c-1, conf=-1: peers:[1088055f-b6dc-4993-819c-da5e568aeaf2|rpc:10.1.0.239:15191|admin:10.1.0.239:15190|client:10.1.0.239:15189|dataStream:10.1.0.239:15192|priority:1|startupRole:FOLLOWER, f5d5de74-035f-4e7b-b7e8-455c492d4758|rpc:10.1.0.239:15182|admin:10.1.0.239:15181|client:10.1.0.239:15180|dataStream:10.1.0.239:15183|priority:0|startupRole:FOLLOWER, fdf3821b-2737-47a5-9603-1a2dda162151|rpc:10.1.0.239:15173|admin:10.1.0.239:15172|client:10.1.0.239:15171|dataStream:10.1.0.239:15174|priority:0|startupRole:FOLLOWER]|listeners:[], old=null
2023-08-29 18:56:27,586 [f5d5de74-035f-4e7b-b7e8-455c492d4758-server-thread1] INFO  ratis.XceiverServerRatis (XceiverServerRatis.java:handleLeaderChangedNotification(902)) - Leader change notification received for group: group-57184A628F4E with new leaderId: 1088055f-b6dc-4993-819c-da5e568aeaf2
2023-08-29 18:56:27,586 [f5d5de74-035f-4e7b-b7e8-455c492d4758-server-thread1] INFO  server.RaftServer$Division (ServerState.java:setLeader(317)) - f5d5de74-035f-4e7b-b7e8-455c492d4758@group-57184A628F4E: change Leader from null to 1088055f-b6dc-4993-819c-da5e568aeaf2 at term 1 for appendEntries, leader elected after 5259ms
2023-08-29 18:56:27,592 [f5d5de74-035f-4e7b-b7e8-455c492d4758-server-thread1] INFO  server.RaftServer$Division (ServerState.java:setRaftConf(434)) - f5d5de74-035f-4e7b-b7e8-455c492d4758@group-57184A628F4E: set configuration 0: peers:[1088055f-b6dc-4993-819c-da5e568aeaf2|rpc:10.1.0.239:15191|admin:10.1.0.239:15190|client:10.1.0.239:15189|dataStream:10.1.0.239:15192|priority:1|startupRole:FOLLOWER, f5d5de74-035f-4e7b-b7e8-455c492d4758|rpc:10.1.0.239:15182|admin:10.1.0.239:15181|client:10.1.0.239:15180|dataStream:10.1.0.239:15183|priority:0|startupRole:FOLLOWER, fdf3821b-2737-47a5-9603-1a2dda162151|rpc:10.1.0.239:15173|admin:10.1.0.239:15172|client:10.1.0.239:15171|dataStream:10.1.0.239:15174|priority:0|startupRole:FOLLOWER]|listeners:[], old=null
2023-08-29 18:56:27,592 [f5d5de74-035f-4e7b-b7e8-455c492d4758-server-thread1] INFO  segmented.SegmentedRaftLogWorker (SegmentedRaftLogWorker.java:startLogSegment(447)) - f5d5de74-035f-4e7b-b7e8-455c492d4758@group-57184A628F4E-SegmentedRaftLogWorker: Starting segment from index:0
2023-08-29 18:56:27,593 [f5d5de74-035f-4e7b-b7e8-455c492d4758@group-57184A628F4E-SegmentedRaftLogWorker] INFO  segmented.SegmentedRaftLogWorker (SegmentedRaftLogWorker.java:execute(651)) - f5d5de74-035f-4e7b-b7e8-455c492d4758@group-57184A628F4E-SegmentedRaftLogWorker: created new log segment /home/runner/work/ozone/ozone/hadoop-ozone/integration-test/target/test-dir/MiniOzoneClusterImpl-b0dd14bf-3562-4743-8e4f-1fdeb49c931a/datanode-1/data/ratis/1e344ecf-d299-443a-83ca-57184a628f4e/current/log_inprogress_0
2023-08-29 18:56:27,594 [fdf3821b-2737-47a5-9603-1a2dda162151-server-thread1] INFO  ratis.XceiverServerRatis (XceiverServerRatis.java:handleLeaderChangedNotification(902)) - Leader change notification received for group: group-57184A628F4E with new leaderId: 1088055f-b6dc-4993-819c-da5e568aeaf2
2023-08-29 18:56:27,594 [fdf3821b-2737-47a5-9603-1a2dda162151-server-thread1] INFO  server.RaftServer$Division (ServerState.java:setLeader(317)) - fdf3821b-2737-47a5-9603-1a2dda162151@group-57184A628F4E: change Leader from null to 1088055f-b6dc-4993-819c-da5e568aeaf2 at term 1 for appendEntries, leader elected after 5296ms
2023-08-29 18:56:27,598 [fdf3821b-2737-47a5-9603-1a2dda162151-server-thread2] INFO  server.RaftServer$Division (ServerState.java:setRaftConf(434)) - fdf3821b-2737-47a5-9603-1a2dda162151@group-57184A628F4E: set configuration 0: peers:[1088055f-b6dc-4993-819c-da5e568aeaf2|rpc:10.1.0.239:15191|admin:10.1.0.239:15190|client:10.1.0.239:15189|dataStream:10.1.0.239:15192|priority:1|startupRole:FOLLOWER, f5d5de74-035f-4e7b-b7e8-455c492d4758|rpc:10.1.0.239:15182|admin:10.1.0.239:15181|client:10.1.0.239:15180|dataStream:10.1.0.239:15183|priority:0|startupRole:FOLLOWER, fdf3821b-2737-47a5-9603-1a2dda162151|rpc:10.1.0.239:15173|admin:10.1.0.239:15172|client:10.1.0.239:15171|dataStream:10.1.0.239:15174|priority:0|startupRole:FOLLOWER]|listeners:[], old=null
2023-08-29 18:56:27,598 [fdf3821b-2737-47a5-9603-1a2dda162151-server-thread2] INFO  segmented.SegmentedRaftLogWorker (SegmentedRaftLogWorker.java:startLogSegment(447)) - fdf3821b-2737-47a5-9603-1a2dda162151@group-57184A628F4E-SegmentedRaftLogWorker: Starting segment from index:0
2023-08-29 18:56:27,600 [fdf3821b-2737-47a5-9603-1a2dda162151@group-57184A628F4E-SegmentedRaftLogWorker] INFO  segmented.SegmentedRaftLogWorker (SegmentedRaftLogWorker.java:execute(651)) - fdf3821b-2737-47a5-9603-1a2dda162151@group-57184A628F4E-SegmentedRaftLogWorker: created new log segment /home/runner/work/ozone/ozone/hadoop-ozone/integration-test/target/test-dir/MiniOzoneClusterImpl-b0dd14bf-3562-4743-8e4f-1fdeb49c931a/datanode-0/data/ratis/1e344ecf-d299-443a-83ca-57184a628f4e/current/log_inprogress_0
2023-08-29 18:56:27,706 [f5d5de74-035f-4e7b-b7e8-455c492d4758@group-1907792EF0EC-FollowerState] INFO  impl.FollowerState (FollowerState.java:run(143)) - f5d5de74-035f-4e7b-b7e8-455c492d4758@group-1907792EF0EC-FollowerState: change to CANDIDATE, lastRpcElapsedTime:5177092537ns, electionTimeout:5173ms
2023-08-29 18:56:27,706 [f5d5de74-035f-4e7b-b7e8-455c492d4758@group-1907792EF0EC-FollowerState] INFO  impl.RoleInfo (RoleInfo.java:shutdownFollowerState(110)) - f5d5de74-035f-4e7b-b7e8-455c492d4758: shutdown f5d5de74-035f-4e7b-b7e8-455c492d4758@group-1907792EF0EC-FollowerState
2023-08-29 18:56:27,706 [f5d5de74-035f-4e7b-b7e8-455c492d4758@group-1907792EF0EC-FollowerState] INFO  server.RaftServer$Division (RaftServerImpl.java:setRole(329)) - f5d5de74-035f-4e7b-b7e8-455c492d4758@group-1907792EF0EC: changes role from  FOLLOWER to CANDIDATE at term 0 for changeToCandidate
2023-08-29 18:56:27,706 [f5d5de74-035f-4e7b-b7e8-455c492d4758@group-1907792EF0EC-FollowerState] INFO  server.RaftServerConfigKeys (ConfUtils.java:logGet(46)) - raft.server.leaderelection.pre-vote = true (default)
2023-08-29 18:56:27,706 [f5d5de74-035f-4e7b-b7e8-455c492d4758@group-1907792EF0EC-FollowerState] INFO  impl.RoleInfo (RoleInfo.java:updateAndGet(139)) - f5d5de74-035f-4e7b-b7e8-455c492d4758: start f5d5de74-035f-4e7b-b7e8-455c492d4758@group-1907792EF0EC-LeaderElection33
2023-08-29 18:56:27,708 [f5d5de74-035f-4e7b-b7e8-455c492d4758@group-1907792EF0EC-LeaderElection33] INFO  impl.LeaderElection (LeaderElection.java:askForVotes(321)) - f5d5de74-035f-4e7b-b7e8-455c492d4758@group-1907792EF0EC-LeaderElection33 PRE_VOTE round 0: submit vote requests at term 0 for -1: peers:[f5d5de74-035f-4e7b-b7e8-455c492d4758|rpc:10.1.0.239:15182|admin:10.1.0.239:15181|client:10.1.0.239:15180|dataStream:10.1.0.239:15183|priority:1|startupRole:FOLLOWER]|listeners:[], old=null
2023-08-29 18:56:27,708 [f5d5de74-035f-4e7b-b7e8-455c492d4758@group-1907792EF0EC-LeaderElection33] INFO  impl.LeaderElection (LeaderElection.java:askForVotes(323)) - f5d5de74-035f-4e7b-b7e8-455c492d4758@group-1907792EF0EC-LeaderElection33 PRE_VOTE round 0: result PASSED (term=0)
2023-08-29 18:56:27,709 [f5d5de74-035f-4e7b-b7e8-455c492d4758@group-1907792EF0EC-LeaderElection33] INFO  impl.LeaderElection (LeaderElection.java:askForVotes(321)) - f5d5de74-035f-4e7b-b7e8-455c492d4758@group-1907792EF0EC-LeaderElection33 ELECTION round 0: submit vote requests at term 1 for -1: peers:[f5d5de74-035f-4e7b-b7e8-455c492d4758|rpc:10.1.0.239:15182|admin:10.1.0.239:15181|client:10.1.0.239:15180|dataStream:10.1.0.239:15183|priority:1|startupRole:FOLLOWER]|listeners:[], old=null
2023-08-29 18:56:27,710 [f5d5de74-035f-4e7b-b7e8-455c492d4758@group-1907792EF0EC-LeaderElection33] INFO  impl.LeaderElection (LeaderElection.java:askForVotes(323)) - f5d5de74-035f-4e7b-b7e8-455c492d4758@group-1907792EF0EC-LeaderElection33 ELECTION round 0: result PASSED (term=1)
2023-08-29 18:56:27,710 [f5d5de74-035f-4e7b-b7e8-455c492d4758@group-1907792EF0EC-LeaderElection33] INFO  impl.RoleInfo (RoleInfo.java:shutdownLeaderElection(130)) - f5d5de74-035f-4e7b-b7e8-455c492d4758: shutdown f5d5de74-035f-4e7b-b7e8-455c492d4758@group-1907792EF0EC-LeaderElection33
2023-08-29 18:56:27,710 [f5d5de74-035f-4e7b-b7e8-455c492d4758@group-1907792EF0EC-LeaderElection33] INFO  server.RaftServer$Division (RaftServerImpl.java:setRole(329)) - f5d5de74-035f-4e7b-b7e8-455c492d4758@group-1907792EF0EC: changes role from CANDIDATE to LEADER at term 1 for changeToLeader
2023-08-29 18:56:27,710 [f5d5de74-035f-4e7b-b7e8-455c492d4758@group-1907792EF0EC-LeaderElection33] INFO  ratis.XceiverServerRatis (XceiverServerRatis.java:handleLeaderChangedNotification(902)) - Leader change notification received for group: group-1907792EF0EC with new leaderId: f5d5de74-035f-4e7b-b7e8-455c492d4758
2023-08-29 18:56:27,710 [f5d5de74-035f-4e7b-b7e8-455c492d4758@group-1907792EF0EC-LeaderElection33] INFO  server.RaftServer$Division (ServerState.java:setLeader(317)) - f5d5de74-035f-4e7b-b7e8-455c492d4758@group-1907792EF0EC: change Leader from null to f5d5de74-035f-4e7b-b7e8-455c492d4758 at term 1 for becomeLeader, leader elected after 5193ms
2023-08-29 18:56:27,710 [f5d5de74-035f-4e7b-b7e8-455c492d4758@group-1907792EF0EC-LeaderElection33] INFO  server.RaftServerConfigKeys (ConfUtils.java:logGet(46)) - raft.server.staging.catchup.gap = 1000 (default)
2023-08-29 18:56:27,710 [f5d5de74-035f-4e7b-b7e8-455c492d4758@group-1907792EF0EC-LeaderElection33] INFO  server.RaftServerConfigKeys (ConfUtils.java:logGet(46)) - raft.server.write.element-limit = 1024 (custom)
2023-08-29 18:56:27,710 [f5d5de74-035f-4e7b-b7e8-455c492d4758@group-1907792EF0EC-LeaderElection33] INFO  server.RaftServerConfigKeys (ConfUtils.java:logGet(46)) - raft.server.write.byte-limit = 1024 M (=1073741824) (custom)
2023-08-29 18:56:27,711 [f5d5de74-035f-4e7b-b7e8-455c492d4758@group-1907792EF0EC-LeaderElection33] INFO  server.RaftServerConfigKeys (ConfUtils.java:logGet(46)) - raft.server.watch.timeout = 180s (custom)
2023-08-29 18:56:27,711 [f5d5de74-035f-4e7b-b7e8-455c492d4758@group-1907792EF0EC-LeaderElection33] INFO  server.RaftServerConfigKeys (ConfUtils.java:logGet(46)) - raft.server.watch.timeout.denomination = 1s (default)
2023-08-29 18:56:27,711 [f5d5de74-035f-4e7b-b7e8-455c492d4758@group-1907792EF0EC-LeaderElection33] INFO  server.RaftServerConfigKeys (ConfUtils.java:logGet(46)) - raft.server.watch.element-limit = 65536 (default)
2023-08-29 18:56:27,711 [f5d5de74-035f-4e7b-b7e8-455c492d4758@group-1907792EF0EC-LeaderElection33] INFO  server.RaftServerConfigKeys (ConfUtils.java:logGet(46)) - raft.server.write.element-limit = 1024 (custom)
2023-08-29 18:56:27,711 [f5d5de74-035f-4e7b-b7e8-455c492d4758@group-1907792EF0EC-LeaderElection33] INFO  server.RaftServerConfigKeys (ConfUtils.java:logGet(46)) - raft.server.write.follower.gap.ratio.max = -1.0 (default)
2023-08-29 18:56:27,711 [f5d5de74-035f-4e7b-b7e8-455c492d4758@group-1907792EF0EC-LeaderElection33] INFO  impl.RoleInfo (RoleInfo.java:updateAndGet(139)) - f5d5de74-035f-4e7b-b7e8-455c492d4758: start f5d5de74-035f-4e7b-b7e8-455c492d4758@group-1907792EF0EC-LeaderStateImpl
2023-08-29 18:56:27,711 [f5d5de74-035f-4e7b-b7e8-455c492d4758@group-1907792EF0EC-LeaderElection33] INFO  segmented.SegmentedRaftLogWorker (SegmentedRaftLogWorker.java:startLogSegment(447)) - f5d5de74-035f-4e7b-b7e8-455c492d4758@group-1907792EF0EC-SegmentedRaftLogWorker: Starting segment from index:0
2023-08-29 18:56:27,715 [f5d5de74-035f-4e7b-b7e8-455c492d4758@group-1907792EF0EC-LeaderElection33] INFO  server.RaftServer$Division (ServerState.java:setRaftConf(434)) - f5d5de74-035f-4e7b-b7e8-455c492d4758@group-1907792EF0EC: set configuration 0: peers:[f5d5de74-035f-4e7b-b7e8-455c492d4758|rpc:10.1.0.239:15182|admin:10.1.0.239:15181|client:10.1.0.239:15180|dataStream:10.1.0.239:15183|priority:1|startupRole:FOLLOWER]|listeners:[], old=null
2023-08-29 18:56:27,715 [f5d5de74-035f-4e7b-b7e8-455c492d4758@group-1907792EF0EC-SegmentedRaftLogWorker] INFO  segmented.SegmentedRaftLogWorker (SegmentedRaftLogWorker.java:execute(651)) - f5d5de74-035f-4e7b-b7e8-455c492d4758@group-1907792EF0EC-SegmentedRaftLogWorker: created new log segment /home/runner/work/ozone/ozone/hadoop-ozone/integration-test/target/test-dir/MiniOzoneClusterImpl-b0dd14bf-3562-4743-8e4f-1fdeb49c931a/datanode-1/data/ratis/19c2c917-0edc-4eee-a644-1907792ef0ec/current/log_inprogress_0
2023-08-29 18:56:27,886 [1088055f-b6dc-4993-819c-da5e568aeaf2@group-88BCABE86D0E-FollowerState] INFO  impl.FollowerState (FollowerState.java:run(143)) - 1088055f-b6dc-4993-819c-da5e568aeaf2@group-88BCABE86D0E-FollowerState: change to CANDIDATE, lastRpcElapsedTime:5034567082ns, electionTimeout:5034ms
2023-08-29 18:56:27,886 [1088055f-b6dc-4993-819c-da5e568aeaf2@group-88BCABE86D0E-FollowerState] INFO  impl.RoleInfo (RoleInfo.java:shutdownFollowerState(110)) - 1088055f-b6dc-4993-819c-da5e568aeaf2: shutdown 1088055f-b6dc-4993-819c-da5e568aeaf2@group-88BCABE86D0E-FollowerState
2023-08-29 18:56:27,886 [1088055f-b6dc-4993-819c-da5e568aeaf2@group-88BCABE86D0E-FollowerState] INFO  server.RaftServer$Division (RaftServerImpl.java:setRole(329)) - 1088055f-b6dc-4993-819c-da5e568aeaf2@group-88BCABE86D0E: changes role from  FOLLOWER to CANDIDATE at term 0 for changeToCandidate
2023-08-29 18:56:27,887 [1088055f-b6dc-4993-819c-da5e568aeaf2@group-88BCABE86D0E-FollowerState] INFO  server.RaftServerConfigKeys (ConfUtils.java:logGet(46)) - raft.server.leaderelection.pre-vote = true (default)
2023-08-29 18:56:27,887 [1088055f-b6dc-4993-819c-da5e568aeaf2@group-88BCABE86D0E-FollowerState] INFO  impl.RoleInfo (RoleInfo.java:updateAndGet(139)) - 1088055f-b6dc-4993-819c-da5e568aeaf2: start 1088055f-b6dc-4993-819c-da5e568aeaf2@group-88BCABE86D0E-LeaderElection34
2023-08-29 18:56:27,889 [1088055f-b6dc-4993-819c-da5e568aeaf2@group-88BCABE86D0E-LeaderElection34] INFO  impl.LeaderElection (LeaderElection.java:askForVotes(321)) - 1088055f-b6dc-4993-819c-da5e568aeaf2@group-88BCABE86D0E-LeaderElection34 PRE_VOTE round 0: submit vote requests at term 0 for -1: peers:[1088055f-b6dc-4993-819c-da5e568aeaf2|rpc:10.1.0.239:15191|admin:10.1.0.239:15190|client:10.1.0.239:15189|dataStream:10.1.0.239:15192|priority:1|startupRole:FOLLOWER]|listeners:[], old=null
2023-08-29 18:56:27,889 [1088055f-b6dc-4993-819c-da5e568aeaf2@group-88BCABE86D0E-LeaderElection34] INFO  impl.LeaderElection (LeaderElection.java:askForVotes(323)) - 1088055f-b6dc-4993-819c-da5e568aeaf2@group-88BCABE86D0E-LeaderElection34 PRE_VOTE round 0: result PASSED (term=0)
2023-08-29 18:56:27,890 [1088055f-b6dc-4993-819c-da5e568aeaf2@group-88BCABE86D0E-LeaderElection34] INFO  impl.LeaderElection (LeaderElection.java:askForVotes(321)) - 1088055f-b6dc-4993-819c-da5e568aeaf2@group-88BCABE86D0E-LeaderElection34 ELECTION round 0: submit vote requests at term 1 for -1: peers:[1088055f-b6dc-4993-819c-da5e568aeaf2|rpc:10.1.0.239:15191|admin:10.1.0.239:15190|client:10.1.0.239:15189|dataStream:10.1.0.239:15192|priority:1|startupRole:FOLLOWER]|listeners:[], old=null
2023-08-29 18:56:27,890 [1088055f-b6dc-4993-819c-da5e568aeaf2@group-88BCABE86D0E-LeaderElection34] INFO  impl.LeaderElection (LeaderElection.java:askForVotes(323)) - 1088055f-b6dc-4993-819c-da5e568aeaf2@group-88BCABE86D0E-LeaderElection34 ELECTION round 0: result PASSED (term=1)
2023-08-29 18:56:27,890 [1088055f-b6dc-4993-819c-da5e568aeaf2@group-88BCABE86D0E-LeaderElection34] INFO  impl.RoleInfo (RoleInfo.java:shutdownLeaderElection(130)) - 1088055f-b6dc-4993-819c-da5e568aeaf2: shutdown 1088055f-b6dc-4993-819c-da5e568aeaf2@group-88BCABE86D0E-LeaderElection34
2023-08-29 18:56:27,890 [1088055f-b6dc-4993-819c-da5e568aeaf2@group-88BCABE86D0E-LeaderElection34] INFO  server.RaftServer$Division (RaftServerImpl.java:setRole(329)) - 1088055f-b6dc-4993-819c-da5e568aeaf2@group-88BCABE86D0E: changes role from CANDIDATE to LEADER at term 1 for changeToLeader
2023-08-29 18:56:27,891 [1088055f-b6dc-4993-819c-da5e568aeaf2@group-88BCABE86D0E-LeaderElection34] INFO  ratis.XceiverServerRatis (XceiverServerRatis.java:handleLeaderChangedNotification(902)) - Leader change notification received for group: group-88BCABE86D0E with new leaderId: 1088055f-b6dc-4993-819c-da5e568aeaf2
2023-08-29 18:56:27,891 [1088055f-b6dc-4993-819c-da5e568aeaf2@group-88BCABE86D0E-LeaderElection34] INFO  server.RaftServer$Division (ServerState.java:setLeader(317)) - 1088055f-b6dc-4993-819c-da5e568aeaf2@group-88BCABE86D0E: change Leader from null to 1088055f-b6dc-4993-819c-da5e568aeaf2 at term 1 for becomeLeader, leader elected after 5049ms
2023-08-29 18:56:27,891 [1088055f-b6dc-4993-819c-da5e568aeaf2@group-88BCABE86D0E-LeaderElection34] INFO  server.RaftServerConfigKeys (ConfUtils.java:logGet(46)) - raft.server.staging.catchup.gap = 1000 (default)
2023-08-29 18:56:27,891 [1088055f-b6dc-4993-819c-da5e568aeaf2@group-88BCABE86D0E-LeaderElection34] INFO  server.RaftServerConfigKeys (ConfUtils.java:logGet(46)) - raft.server.write.element-limit = 1024 (custom)
2023-08-29 18:56:27,891 [1088055f-b6dc-4993-819c-da5e568aeaf2@group-88BCABE86D0E-LeaderElection34] INFO  server.RaftServerConfigKeys (ConfUtils.java:logGet(46)) - raft.server.write.byte-limit = 1024 M (=1073741824) (custom)
2023-08-29 18:56:27,891 [1088055f-b6dc-4993-819c-da5e568aeaf2@group-88BCABE86D0E-LeaderElection34] INFO  server.RaftServerConfigKeys (ConfUtils.java:logGet(46)) - raft.server.watch.timeout = 180s (custom)
2023-08-29 18:56:27,891 [1088055f-b6dc-4993-819c-da5e568aeaf2@group-88BCABE86D0E-LeaderElection34] INFO  server.RaftServerConfigKeys (ConfUtils.java:logGet(46)) - raft.server.watch.timeout.denomination = 1s (default)
2023-08-29 18:56:27,891 [1088055f-b6dc-4993-819c-da5e568aeaf2@group-88BCABE86D0E-LeaderElection34] INFO  server.RaftServerConfigKeys (ConfUtils.java:logGet(46)) - raft.server.watch.element-limit = 65536 (default)
2023-08-29 18:56:27,891 [1088055f-b6dc-4993-819c-da5e568aeaf2@group-88BCABE86D0E-LeaderElection34] INFO  server.RaftServerConfigKeys (ConfUtils.java:logGet(46)) - raft.server.write.element-limit = 1024 (custom)
2023-08-29 18:56:27,892 [1088055f-b6dc-4993-819c-da5e568aeaf2@group-88BCABE86D0E-LeaderElection34] INFO  server.RaftServerConfigKeys (ConfUtils.java:logGet(46)) - raft.server.write.follower.gap.ratio.max = -1.0 (default)
2023-08-29 18:56:27,893 [1088055f-b6dc-4993-819c-da5e568aeaf2@group-88BCABE86D0E-LeaderElection34] INFO  impl.RoleInfo (RoleInfo.java:updateAndGet(139)) - 1088055f-b6dc-4993-819c-da5e568aeaf2: start 1088055f-b6dc-4993-819c-da5e568aeaf2@group-88BCABE86D0E-LeaderStateImpl
2023-08-29 18:56:27,894 [1088055f-b6dc-4993-819c-da5e568aeaf2@group-88BCABE86D0E-LeaderElection34] INFO  segmented.SegmentedRaftLogWorker (SegmentedRaftLogWorker.java:startLogSegment(447)) - 1088055f-b6dc-4993-819c-da5e568aeaf2@group-88BCABE86D0E-SegmentedRaftLogWorker: Starting segment from index:0
2023-08-29 18:56:27,894 [1088055f-b6dc-4993-819c-da5e568aeaf2@group-88BCABE86D0E-LeaderElection34] INFO  server.RaftServer$Division (ServerState.java:setRaftConf(434)) - 1088055f-b6dc-4993-819c-da5e568aeaf2@group-88BCABE86D0E: set configuration 0: peers:[1088055f-b6dc-4993-819c-da5e568aeaf2|rpc:10.1.0.239:15191|admin:10.1.0.239:15190|client:10.1.0.239:15189|dataStream:10.1.0.239:15192|priority:1|startupRole:FOLLOWER]|listeners:[], old=null
2023-08-29 18:56:27,895 [1088055f-b6dc-4993-819c-da5e568aeaf2@group-88BCABE86D0E-SegmentedRaftLogWorker] INFO  segmented.SegmentedRaftLogWorker (SegmentedRaftLogWorker.java:execute(651)) - 1088055f-b6dc-4993-819c-da5e568aeaf2@group-88BCABE86D0E-SegmentedRaftLogWorker: created new log segment /home/runner/work/ozone/ozone/hadoop-ozone/integration-test/target/test-dir/MiniOzoneClusterImpl-b0dd14bf-3562-4743-8e4f-1fdeb49c931a/datanode-2/data/ratis/07482a9d-5922-41fa-95de-88bcabe86d0e/current/log_inprogress_0
2023-08-29 18:56:28,131 [9b9fb1d1-2285-4865-a677-77c8be404412@group-9B2B1D82C8EC-FollowerState] INFO  impl.FollowerState (FollowerState.java:run(143)) - 9b9fb1d1-2285-4865-a677-77c8be404412@group-9B2B1D82C8EC-FollowerState: change to CANDIDATE, lastRpcElapsedTime:5022580984ns, electionTimeout:5022ms
2023-08-29 18:56:28,132 [9b9fb1d1-2285-4865-a677-77c8be404412@group-9B2B1D82C8EC-FollowerState] INFO  impl.RoleInfo (RoleInfo.java:shutdownFollowerState(110)) - 9b9fb1d1-2285-4865-a677-77c8be404412: shutdown 9b9fb1d1-2285-4865-a677-77c8be404412@group-9B2B1D82C8EC-FollowerState
2023-08-29 18:56:28,132 [9b9fb1d1-2285-4865-a677-77c8be404412@group-9B2B1D82C8EC-FollowerState] INFO  server.RaftServer$Division (RaftServerImpl.java:setRole(329)) - 9b9fb1d1-2285-4865-a677-77c8be404412@group-9B2B1D82C8EC: changes role from  FOLLOWER to CANDIDATE at term 0 for changeToCandidate
2023-08-29 18:56:28,132 [9b9fb1d1-2285-4865-a677-77c8be404412@group-9B2B1D82C8EC-FollowerState] INFO  server.RaftServerConfigKeys (ConfUtils.java:logGet(46)) - raft.server.leaderelection.pre-vote = true (default)
2023-08-29 18:56:28,132 [9b9fb1d1-2285-4865-a677-77c8be404412@group-9B2B1D82C8EC-FollowerState] INFO  impl.RoleInfo (RoleInfo.java:updateAndGet(139)) - 9b9fb1d1-2285-4865-a677-77c8be404412: start 9b9fb1d1-2285-4865-a677-77c8be404412@group-9B2B1D82C8EC-LeaderElection35
2023-08-29 18:56:28,134 [9b9fb1d1-2285-4865-a677-77c8be404412@group-9B2B1D82C8EC-LeaderElection35] INFO  impl.LeaderElection (LeaderElection.java:askForVotes(321)) - 9b9fb1d1-2285-4865-a677-77c8be404412@group-9B2B1D82C8EC-LeaderElection35 PRE_VOTE round 0: submit vote requests at term 0 for -1: peers:[9b9fb1d1-2285-4865-a677-77c8be404412|rpc:10.1.0.239:15200|admin:10.1.0.239:15199|client:10.1.0.239:15198|dataStream:10.1.0.239:15201|priority:1|startupRole:FOLLOWER]|listeners:[], old=null
2023-08-29 18:56:28,134 [9b9fb1d1-2285-4865-a677-77c8be404412@group-9B2B1D82C8EC-LeaderElection35] INFO  impl.LeaderElection (LeaderElection.java:askForVotes(323)) - 9b9fb1d1-2285-4865-a677-77c8be404412@group-9B2B1D82C8EC-LeaderElection35 PRE_VOTE round 0: result PASSED (term=0)
2023-08-29 18:56:28,135 [9b9fb1d1-2285-4865-a677-77c8be404412@group-9B2B1D82C8EC-LeaderElection35] INFO  impl.LeaderElection (LeaderElection.java:askForVotes(321)) - 9b9fb1d1-2285-4865-a677-77c8be404412@group-9B2B1D82C8EC-LeaderElection35 ELECTION round 0: submit vote requests at term 1 for -1: peers:[9b9fb1d1-2285-4865-a677-77c8be404412|rpc:10.1.0.239:15200|admin:10.1.0.239:15199|client:10.1.0.239:15198|dataStream:10.1.0.239:15201|priority:1|startupRole:FOLLOWER]|listeners:[], old=null
2023-08-29 18:56:28,135 [9b9fb1d1-2285-4865-a677-77c8be404412@group-9B2B1D82C8EC-LeaderElection35] INFO  impl.LeaderElection (LeaderElection.java:askForVotes(323)) - 9b9fb1d1-2285-4865-a677-77c8be404412@group-9B2B1D82C8EC-LeaderElection35 ELECTION round 0: result PASSED (term=1)
2023-08-29 18:56:28,135 [9b9fb1d1-2285-4865-a677-77c8be404412@group-9B2B1D82C8EC-LeaderElection35] INFO  impl.RoleInfo (RoleInfo.java:shutdownLeaderElection(130)) - 9b9fb1d1-2285-4865-a677-77c8be404412: shutdown 9b9fb1d1-2285-4865-a677-77c8be404412@group-9B2B1D82C8EC-LeaderElection35
2023-08-29 18:56:28,136 [9b9fb1d1-2285-4865-a677-77c8be404412@group-9B2B1D82C8EC-LeaderElection35] INFO  server.RaftServer$Division (RaftServerImpl.java:setRole(329)) - 9b9fb1d1-2285-4865-a677-77c8be404412@group-9B2B1D82C8EC: changes role from CANDIDATE to LEADER at term 1 for changeToLeader
2023-08-29 18:56:28,136 [9b9fb1d1-2285-4865-a677-77c8be404412@group-9B2B1D82C8EC-LeaderElection35] INFO  ratis.XceiverServerRatis (XceiverServerRatis.java:handleLeaderChangedNotification(902)) - Leader change notification received for group: group-9B2B1D82C8EC with new leaderId: 9b9fb1d1-2285-4865-a677-77c8be404412
2023-08-29 18:56:28,136 [9b9fb1d1-2285-4865-a677-77c8be404412@group-9B2B1D82C8EC-LeaderElection35] INFO  server.RaftServer$Division (ServerState.java:setLeader(317)) - 9b9fb1d1-2285-4865-a677-77c8be404412@group-9B2B1D82C8EC: change Leader from null to 9b9fb1d1-2285-4865-a677-77c8be404412 at term 1 for becomeLeader, leader elected after 5039ms
2023-08-29 18:56:28,136 [9b9fb1d1-2285-4865-a677-77c8be404412@group-9B2B1D82C8EC-LeaderElection35] INFO  server.RaftServerConfigKeys (ConfUtils.java:logGet(46)) - raft.server.staging.catchup.gap = 1000 (default)
2023-08-29 18:56:28,136 [9b9fb1d1-2285-4865-a677-77c8be404412@group-9B2B1D82C8EC-LeaderElection35] INFO  server.RaftServerConfigKeys (ConfUtils.java:logGet(46)) - raft.server.write.element-limit = 1024 (custom)
2023-08-29 18:56:28,136 [9b9fb1d1-2285-4865-a677-77c8be404412@group-9B2B1D82C8EC-LeaderElection35] INFO  server.RaftServerConfigKeys (ConfUtils.java:logGet(46)) - raft.server.write.byte-limit = 1024 M (=1073741824) (custom)
2023-08-29 18:56:28,137 [9b9fb1d1-2285-4865-a677-77c8be404412@group-9B2B1D82C8EC-LeaderElection35] INFO  server.RaftServerConfigKeys (ConfUtils.java:logGet(46)) - raft.server.watch.timeout = 180s (custom)
2023-08-29 18:56:28,137 [9b9fb1d1-2285-4865-a677-77c8be404412@group-9B2B1D82C8EC-LeaderElection35] INFO  server.RaftServerConfigKeys (ConfUtils.java:logGet(46)) - raft.server.watch.timeout.denomination = 1s (default)
2023-08-29 18:56:28,137 [9b9fb1d1-2285-4865-a677-77c8be404412@group-9B2B1D82C8EC-LeaderElection35] INFO  server.RaftServerConfigKeys (ConfUtils.java:logGet(46)) - raft.server.watch.element-limit = 65536 (default)
2023-08-29 18:56:28,137 [9b9fb1d1-2285-4865-a677-77c8be404412@group-9B2B1D82C8EC-LeaderElection35] INFO  server.RaftServerConfigKeys (ConfUtils.java:logGet(46)) - raft.server.write.element-limit = 1024 (custom)
2023-08-29 18:56:28,137 [9b9fb1d1-2285-4865-a677-77c8be404412@group-9B2B1D82C8EC-LeaderElection35] INFO  server.RaftServerConfigKeys (ConfUtils.java:logGet(46)) - raft.server.write.follower.gap.ratio.max = -1.0 (default)
2023-08-29 18:56:28,137 [9b9fb1d1-2285-4865-a677-77c8be404412@group-9B2B1D82C8EC-LeaderElection35] INFO  impl.RoleInfo (RoleInfo.java:updateAndGet(139)) - 9b9fb1d1-2285-4865-a677-77c8be404412: start 9b9fb1d1-2285-4865-a677-77c8be404412@group-9B2B1D82C8EC-LeaderStateImpl
2023-08-29 18:56:28,137 [9b9fb1d1-2285-4865-a677-77c8be404412@group-9B2B1D82C8EC-LeaderElection35] INFO  segmented.SegmentedRaftLogWorker (SegmentedRaftLogWorker.java:startLogSegment(447)) - 9b9fb1d1-2285-4865-a677-77c8be404412@group-9B2B1D82C8EC-SegmentedRaftLogWorker: Starting segment from index:0
2023-08-29 18:56:28,137 [9b9fb1d1-2285-4865-a677-77c8be404412@group-9B2B1D82C8EC-LeaderElection35] INFO  server.RaftServer$Division (ServerState.java:setRaftConf(434)) - 9b9fb1d1-2285-4865-a677-77c8be404412@group-9B2B1D82C8EC: set configuration 0: peers:[9b9fb1d1-2285-4865-a677-77c8be404412|rpc:10.1.0.239:15200|admin:10.1.0.239:15199|client:10.1.0.239:15198|dataStream:10.1.0.239:15201|priority:1|startupRole:FOLLOWER]|listeners:[], old=null
2023-08-29 18:56:28,138 [9b9fb1d1-2285-4865-a677-77c8be404412@group-9B2B1D82C8EC-SegmentedRaftLogWorker] INFO  segmented.SegmentedRaftLogWorker (SegmentedRaftLogWorker.java:execute(651)) - 9b9fb1d1-2285-4865-a677-77c8be404412@group-9B2B1D82C8EC-SegmentedRaftLogWorker: created new log segment /home/runner/work/ozone/ozone/hadoop-ozone/integration-test/target/test-dir/MiniOzoneClusterImpl-b0dd14bf-3562-4743-8e4f-1fdeb49c931a/datanode-3/data/ratis/75f75a93-312f-4fb7-ad2f-9b2b1d82c8ec/current/log_inprogress_0
2023-08-29 18:56:28,348 [main] INFO  ozone.MiniOzoneClusterImpl (MiniOzoneClusterImpl.java:lambda$waitForClusterToBeReady$0(224)) - Nodes are ready. Got 5 of 5 DN Heartbeats.
2023-08-29 18:56:28,348 [main] INFO  ozone.MiniOzoneClusterImpl (MiniOzoneClusterImpl.java:lambda$waitForClusterToBeReady$0(227)) - Cluster exits safe mode
2023-08-29 18:56:28,349 [main] INFO  ozone.MiniOzoneClusterImpl (MiniOzoneClusterImpl.java:lambda$waitForClusterToBeReady$0(229)) - SCM became leader
2023-08-29 18:56:28,373 [main] INFO  rpc.RpcClient (RpcClient.java:createVolume(461)) - Creating Volume: volume50878, with user52960 as owner and space quota set to -1 bytes, counts quota set to -1
2023-08-29 18:56:28,377 [IPC Server handler 2 on default port 15163] INFO  volume.OMVolumeCreateRequest (OMVolumeCreateRequest.java:validateAndUpdateCache(196)) - created volume:volume50878 for user:user52960
2023-08-29 18:56:28,384 [main] INFO  rpc.RpcClient (RpcClient.java:createBucket(688)) - Creating Bucket: volume50878/bucket78448, with bucket layout LEGACY, runner as owner, Versioning false, Storage Type set to DISK and Encryption set to false, Replication Type set to server-side default replication type, Namespace Quota set to -1, Space Quota set to -1 
2023-08-29 18:56:28,385 [IPC Server handler 4 on default port 15163] INFO  bucket.OMBucketCreateRequest (OMBucketCreateRequest.java:validateAndUpdateCache(270)) - created bucket: bucket78448 of layout LEGACY in volume: volume50878
]]></system-out>
  </testcase>
  <testcase name="testSeekOnFileLength" classname="TestOzoneFileSystem" time="0.728">
    <failure type="java.lang.AssertionError"><![CDATA[java.lang.AssertionError: Delete root failed! expected:<0> but was:<1>
	at org.junit.Assert.fail(Assert.java:89)
	at org.junit.Assert.failNotEquals(Assert.java:835)
	at org.junit.Assert.assertEquals(Assert.java:647)
	at org.apache.hadoop.fs.ozone.TestOzoneFileSystem.deleteRootDir(TestOzoneFileSystem.java:807)
	at org.apache.hadoop.fs.ozone.TestOzoneFileSystem.cleanup(TestOzoneFileSystem.java:230)
	at sun.reflect.NativeMethodAccessorImpl.invoke0(Native Method)
	at sun.reflect.NativeMethodAccessorImpl.invoke(NativeMethodAccessorImpl.java:62)
	at sun.reflect.DelegatingMethodAccessorImpl.invoke(DelegatingMethodAccessorImpl.java:43)
	at java.lang.reflect.Method.invoke(Method.java:498)
	at org.junit.runners.model.FrameworkMethod$1.runReflectiveCall(FrameworkMethod.java:59)
	at org.junit.internal.runners.model.ReflectiveCallable.run(ReflectiveCallable.java:12)
	at org.junit.runners.model.FrameworkMethod.invokeExplosively(FrameworkMethod.java:56)
	at org.junit.internal.runners.statements.RunAfters.invokeMethod(RunAfters.java:46)
	at org.junit.internal.runners.statements.RunAfters.evaluate(RunAfters.java:33)
	at org.junit.internal.runners.statements.FailOnTimeout$CallableStatement.call(FailOnTimeout.java:288)
	at org.junit.internal.runners.statements.FailOnTimeout$CallableStatement.call(FailOnTimeout.java:282)
	at java.util.concurrent.FutureTask.run(FutureTask.java:266)
	at java.lang.Thread.run(Thread.java:750)
]]></failure>
    <system-out><![CDATA[2023-08-29 18:52:58,664 [IPC Server handler 12 on default port 15001] INFO  ha.SequenceIdGenerator (SequenceIdGenerator.java:getNextId(140)) - Allocate a batch for containerId, change lastId from 0 to 1000.
2023-08-29 18:52:58,673 [IPC Server handler 12 on default port 15001] WARN  ha.SequenceIdGenerator (SequenceIdGenerator.java:allocateBatch(253)) - Failed to allocate a batch for localId, expected lastId is 0, actual lastId is 111677748019200000.
2023-08-29 18:52:58,673 [IPC Server handler 12 on default port 15001] INFO  ha.SequenceIdGenerator (SequenceIdGenerator.java:getNextId(140)) - Allocate a batch for localId, change lastId from 111677748019200000 to 111677748019201000.
2023-08-29 18:52:58,756 [Time-limited test] INFO  impl.MetricsSystemImpl (MetricsSystemImpl.java:init(158)) - XceiverClientMetrics metrics system started (again)
2023-08-29 18:52:58,757 [Time-limited test] INFO  lib.Interns (Interns.java:removeEldestEntry(50)) - Metrics intern cache overflow at 2011 for MetricsSystem={MetricsSystem=MetricsInfoImpl{name=MetricsSystem, description=MetricsSystem}, MetricsSystem record=MetricsInfoImpl{name=MetricsSystem, description=MetricsSystem record}}
2023-08-29 18:52:59,266 [IPC Server handler 12 on default port 15001] WARN  node.SCMNodeManager (SCMNodeManager.java:getNodesByAddress(1373)) - Cannot find node for address 127.0.0.1
18:52:59.303 [IPC Server handler 5 on default port 15004] ERROR OMAudit - user=runner | ip=127.0.0.1 | op=READ_KEY {volume=volume53060, bucket=bucket79480, key=file_notexist, dataSize=0, replicationConfig=null} | ret=FAILURE
org.apache.hadoop.ozone.om.exceptions.OMException: Key:file_notexist not found
	at org.apache.hadoop.ozone.om.KeyManagerImpl.readKeyInfo(KeyManagerImpl.java:427) ~[ozone-manager-1.4.0-SNAPSHOT.jar:?]
	at org.apache.hadoop.ozone.om.KeyManagerImpl.lambda$9(KeyManagerImpl.java:1931) ~[ozone-manager-1.4.0-SNAPSHOT.jar:?]
	at org.apache.hadoop.util.MetricUtil.captureLatencyNs(MetricUtil.java:39) ~[hdds-common-1.4.0-SNAPSHOT.jar:?]
	at org.apache.hadoop.ozone.om.KeyManagerImpl.getKeyInfo(KeyManagerImpl.java:1929) ~[ozone-manager-1.4.0-SNAPSHOT.jar:?]
	at org.apache.hadoop.ozone.om.OmMetadataReader.getKeyInfo(OmMetadataReader.java:185) ~[ozone-manager-1.4.0-SNAPSHOT.jar:?]
	at org.apache.hadoop.ozone.om.OzoneManager.getKeyInfo(OzoneManager.java:2827) ~[ozone-manager-1.4.0-SNAPSHOT.jar:?]
	at org.apache.hadoop.ozone.protocolPB.OzoneManagerRequestHandler.getKeyInfo(OzoneManagerRequestHandler.java:587) ~[ozone-manager-1.4.0-SNAPSHOT.jar:?]
	at org.apache.hadoop.ozone.protocolPB.OzoneManagerRequestHandler.handleReadRequest(OzoneManagerRequestHandler.java:306) ~[ozone-manager-1.4.0-SNAPSHOT.jar:?]
	at org.apache.hadoop.ozone.protocolPB.OzoneManagerProtocolServerSideTranslatorPB.submitReadRequestToOM(OzoneManagerProtocolServerSideTranslatorPB.java:225) ~[ozone-manager-1.4.0-SNAPSHOT.jar:?]
	at org.apache.hadoop.ozone.protocolPB.OzoneManagerProtocolServerSideTranslatorPB.processRequest(OzoneManagerProtocolServerSideTranslatorPB.java:179) ~[ozone-manager-1.4.0-SNAPSHOT.jar:?]
	at org.apache.hadoop.hdds.server.OzoneProtocolMessageDispatcher.processRequest(OzoneProtocolMessageDispatcher.java:87) [hdds-server-framework-1.4.0-SNAPSHOT.jar:?]
	at org.apache.hadoop.ozone.protocolPB.OzoneManagerProtocolServerSideTranslatorPB.submitRequest(OzoneManagerProtocolServerSideTranslatorPB.java:148) [ozone-manager-1.4.0-SNAPSHOT.jar:?]
	at org.apache.hadoop.ozone.protocol.proto.OzoneManagerProtocolProtos$OzoneManagerService$2.callBlockingMethod(OzoneManagerProtocolProtos.java) [ozone-interface-client-1.4.0-SNAPSHOT.jar:?]
	at org.apache.hadoop.ipc.ProtobufRpcEngine$Server.processCall(ProtobufRpcEngine.java:484) [hadoop-common-3.3.6.jar:?]
	at org.apache.hadoop.ipc.ProtobufRpcEngine2$Server$ProtoBufRpcInvoker.call(ProtobufRpcEngine2.java:595) [hadoop-common-3.3.6.jar:?]
	at org.apache.hadoop.ipc.ProtobufRpcEngine2$Server$ProtoBufRpcInvoker.call(ProtobufRpcEngine2.java:573) [hadoop-common-3.3.6.jar:?]
	at org.apache.hadoop.ipc.RPC$Server.call(RPC.java:1227) [hadoop-common-3.3.6.jar:?]
	at org.apache.hadoop.ipc.Server$RpcCall.run(Server.java:1094) [hadoop-common-3.3.6.jar:?]
	at org.apache.hadoop.ipc.Server$RpcCall.run(Server.java:1017) [hadoop-common-3.3.6.jar:?]
	at java.security.AccessController.doPrivileged(Native Method) ~[?:1.8.0_382]
	at javax.security.auth.Subject.doAs(Subject.java:422) [?:1.8.0_382]
	at org.apache.hadoop.security.UserGroupInformation.doAs(UserGroupInformation.java:1899) [hadoop-common-3.3.6.jar:?]
	at org.apache.hadoop.ipc.Server$Handler.run(Server.java:3048) [hadoop-common-3.3.6.jar:?]
]]></system-out>
  </testcase>
  <testcase name="testSeekOnFileLength" classname="TestOzoneFileSystem" time="0.161">
    <system-out><![CDATA[2023-08-29 18:54:19,738 [IPC Server handler 6 on default port 15054] INFO  ha.SequenceIdGenerator (SequenceIdGenerator.java:getNextId(140)) - Allocate a batch for containerId, change lastId from 0 to 1000.
2023-08-29 18:54:19,739 [IPC Server handler 6 on default port 15054] WARN  ha.SequenceIdGenerator (SequenceIdGenerator.java:allocateBatch(253)) - Failed to allocate a batch for localId, expected lastId is 0, actual lastId is 111677748019200000.
2023-08-29 18:54:19,739 [IPC Server handler 6 on default port 15054] INFO  ha.SequenceIdGenerator (SequenceIdGenerator.java:getNextId(140)) - Allocate a batch for localId, change lastId from 111677748019200000 to 111677748019201000.
2023-08-29 18:54:19,851 [IPC Server handler 8 on default port 15054] WARN  node.SCMNodeManager (SCMNodeManager.java:getNodesByAddress(1373)) - Cannot find node for address 127.0.0.1
18:54:19.857 [IPC Server handler 3 on default port 15057] ERROR OMAudit - user=runner | ip=127.0.0.1 | op=READ_KEY {volume=volume92422, bucket=bucket94858, key=file_notexist, dataSize=0, replicationConfig=null} | ret=FAILURE
org.apache.hadoop.ozone.om.exceptions.OMException: Key:file_notexist not found
	at org.apache.hadoop.ozone.om.KeyManagerImpl.readKeyInfo(KeyManagerImpl.java:427) ~[ozone-manager-1.4.0-SNAPSHOT.jar:?]
	at org.apache.hadoop.ozone.om.KeyManagerImpl.lambda$9(KeyManagerImpl.java:1931) ~[ozone-manager-1.4.0-SNAPSHOT.jar:?]
	at org.apache.hadoop.util.MetricUtil.captureLatencyNs(MetricUtil.java:39) ~[hdds-common-1.4.0-SNAPSHOT.jar:?]
	at org.apache.hadoop.ozone.om.KeyManagerImpl.getKeyInfo(KeyManagerImpl.java:1929) ~[ozone-manager-1.4.0-SNAPSHOT.jar:?]
	at org.apache.hadoop.ozone.om.OmMetadataReader.getKeyInfo(OmMetadataReader.java:185) ~[ozone-manager-1.4.0-SNAPSHOT.jar:?]
	at org.apache.hadoop.ozone.om.OzoneManager.getKeyInfo(OzoneManager.java:2827) ~[ozone-manager-1.4.0-SNAPSHOT.jar:?]
	at org.apache.hadoop.ozone.protocolPB.OzoneManagerRequestHandler.getKeyInfo(OzoneManagerRequestHandler.java:587) ~[ozone-manager-1.4.0-SNAPSHOT.jar:?]
	at org.apache.hadoop.ozone.protocolPB.OzoneManagerRequestHandler.handleReadRequest(OzoneManagerRequestHandler.java:306) ~[ozone-manager-1.4.0-SNAPSHOT.jar:?]
	at org.apache.hadoop.ozone.protocolPB.OzoneManagerProtocolServerSideTranslatorPB.submitRequestDirectlyToOM(OzoneManagerProtocolServerSideTranslatorPB.java:274) ~[ozone-manager-1.4.0-SNAPSHOT.jar:?]
	at org.apache.hadoop.ozone.protocolPB.OzoneManagerProtocolServerSideTranslatorPB.processRequest(OzoneManagerProtocolServerSideTranslatorPB.java:175) ~[ozone-manager-1.4.0-SNAPSHOT.jar:?]
	at org.apache.hadoop.hdds.server.OzoneProtocolMessageDispatcher.processRequest(OzoneProtocolMessageDispatcher.java:87) [hdds-server-framework-1.4.0-SNAPSHOT.jar:?]
	at org.apache.hadoop.ozone.protocolPB.OzoneManagerProtocolServerSideTranslatorPB.submitRequest(OzoneManagerProtocolServerSideTranslatorPB.java:148) [ozone-manager-1.4.0-SNAPSHOT.jar:?]
	at org.apache.hadoop.ozone.protocol.proto.OzoneManagerProtocolProtos$OzoneManagerService$2.callBlockingMethod(OzoneManagerProtocolProtos.java) [ozone-interface-client-1.4.0-SNAPSHOT.jar:?]
	at org.apache.hadoop.ipc.ProtobufRpcEngine$Server.processCall(ProtobufRpcEngine.java:484) [hadoop-common-3.3.6.jar:?]
	at org.apache.hadoop.ipc.ProtobufRpcEngine2$Server$ProtoBufRpcInvoker.call(ProtobufRpcEngine2.java:595) [hadoop-common-3.3.6.jar:?]
	at org.apache.hadoop.ipc.ProtobufRpcEngine2$Server$ProtoBufRpcInvoker.call(ProtobufRpcEngine2.java:573) [hadoop-common-3.3.6.jar:?]
	at org.apache.hadoop.ipc.RPC$Server.call(RPC.java:1227) [hadoop-common-3.3.6.jar:?]
	at org.apache.hadoop.ipc.Server$RpcCall.run(Server.java:1094) [hadoop-common-3.3.6.jar:?]
	at org.apache.hadoop.ipc.Server$RpcCall.run(Server.java:1017) [hadoop-common-3.3.6.jar:?]
	at java.security.AccessController.doPrivileged(Native Method) ~[?:1.8.0_382]
	at javax.security.auth.Subject.doAs(Subject.java:422) [?:1.8.0_382]
	at org.apache.hadoop.security.UserGroupInformation.doAs(UserGroupInformation.java:1899) [hadoop-common-3.3.6.jar:?]
	at org.apache.hadoop.ipc.Server$Handler.run(Server.java:3048) [hadoop-common-3.3.6.jar:?]
]]></system-out>
  </testcase>
  <testcase name="testSeekOnFileLength" classname="TestOzoneFileSystem" time="0.127">
    <system-out><![CDATA[2023-08-29 18:55:21,831 [IPC Server handler 1 on default port 15107] INFO  ha.SequenceIdGenerator (SequenceIdGenerator.java:getNextId(140)) - Allocate a batch for containerId, change lastId from 0 to 1000.
2023-08-29 18:55:21,831 [IPC Server handler 1 on default port 15107] WARN  ha.SequenceIdGenerator (SequenceIdGenerator.java:allocateBatch(253)) - Failed to allocate a batch for localId, expected lastId is 0, actual lastId is 111677748019200000.
2023-08-29 18:55:21,831 [IPC Server handler 1 on default port 15107] INFO  ha.SequenceIdGenerator (SequenceIdGenerator.java:getNextId(140)) - Allocate a batch for localId, change lastId from 111677748019200000 to 111677748019201000.
2023-08-29 18:55:21,911 [IPC Server handler 2 on default port 15107] WARN  node.SCMNodeManager (SCMNodeManager.java:getNodesByAddress(1373)) - Cannot find node for address 127.0.0.1
2023-08-29 18:55:21,911 [7e144599-01e3-4b85-852c-8ce44e41f20b@group-E1650200BD2E-FollowerState] INFO  impl.FollowerState (FollowerState.java:run(143)) - 7e144599-01e3-4b85-852c-8ce44e41f20b@group-E1650200BD2E-FollowerState: change to CANDIDATE, lastRpcElapsedTime:5162601909ns, electionTimeout:5162ms
2023-08-29 18:55:21,912 [7e144599-01e3-4b85-852c-8ce44e41f20b@group-E1650200BD2E-FollowerState] INFO  impl.RoleInfo (RoleInfo.java:shutdownFollowerState(110)) - 7e144599-01e3-4b85-852c-8ce44e41f20b: shutdown 7e144599-01e3-4b85-852c-8ce44e41f20b@group-E1650200BD2E-FollowerState
2023-08-29 18:55:21,912 [7e144599-01e3-4b85-852c-8ce44e41f20b@group-E1650200BD2E-FollowerState] INFO  server.RaftServer$Division (RaftServerImpl.java:setRole(329)) - 7e144599-01e3-4b85-852c-8ce44e41f20b@group-E1650200BD2E: changes role from  FOLLOWER to CANDIDATE at term 0 for changeToCandidate
2023-08-29 18:55:21,912 [7e144599-01e3-4b85-852c-8ce44e41f20b@group-E1650200BD2E-FollowerState] INFO  server.RaftServerConfigKeys (ConfUtils.java:logGet(46)) - raft.server.leaderelection.pre-vote = true (default)
2023-08-29 18:55:21,912 [7e144599-01e3-4b85-852c-8ce44e41f20b@group-E1650200BD2E-FollowerState] INFO  impl.RoleInfo (RoleInfo.java:updateAndGet(139)) - 7e144599-01e3-4b85-852c-8ce44e41f20b: start 7e144599-01e3-4b85-852c-8ce44e41f20b@group-E1650200BD2E-LeaderElection28
2023-08-29 18:55:21,927 [7e144599-01e3-4b85-852c-8ce44e41f20b@group-E1650200BD2E-LeaderElection28] INFO  impl.LeaderElection (LeaderElection.java:askForVotes(321)) - 7e144599-01e3-4b85-852c-8ce44e41f20b@group-E1650200BD2E-LeaderElection28 PRE_VOTE round 0: submit vote requests at term 0 for -1: peers:[7e144599-01e3-4b85-852c-8ce44e41f20b|rpc:10.1.0.239:15156|admin:10.1.0.239:15155|client:10.1.0.239:15154|dataStream:10.1.0.239:15157|priority:1|startupRole:FOLLOWER]|listeners:[], old=null
2023-08-29 18:55:21,927 [7e144599-01e3-4b85-852c-8ce44e41f20b@group-E1650200BD2E-LeaderElection28] INFO  impl.LeaderElection (LeaderElection.java:askForVotes(323)) - 7e144599-01e3-4b85-852c-8ce44e41f20b@group-E1650200BD2E-LeaderElection28 PRE_VOTE round 0: result PASSED (term=0)
18:55:21.930 [IPC Server handler 14 on default port 15110] ERROR OMAudit - user=runner | ip=127.0.0.1 | op=READ_KEY {volume=volume95024, bucket=bucket37863, key=file_notexist, dataSize=0, replicationConfig=null} | ret=FAILURE
org.apache.hadoop.ozone.om.exceptions.OMException: Key:file_notexist not found
	at org.apache.hadoop.ozone.om.KeyManagerImpl.readKeyInfo(KeyManagerImpl.java:427) ~[ozone-manager-1.4.0-SNAPSHOT.jar:?]
	at org.apache.hadoop.ozone.om.KeyManagerImpl.lambda$9(KeyManagerImpl.java:1931) ~[ozone-manager-1.4.0-SNAPSHOT.jar:?]
	at org.apache.hadoop.util.MetricUtil.captureLatencyNs(MetricUtil.java:39) ~[hdds-common-1.4.0-SNAPSHOT.jar:?]
	at org.apache.hadoop.ozone.om.KeyManagerImpl.getKeyInfo(KeyManagerImpl.java:1929) ~[ozone-manager-1.4.0-SNAPSHOT.jar:?]
	at org.apache.hadoop.ozone.om.OmMetadataReader.getKeyInfo(OmMetadataReader.java:185) ~[ozone-manager-1.4.0-SNAPSHOT.jar:?]
	at org.apache.hadoop.ozone.om.OzoneManager.getKeyInfo(OzoneManager.java:2827) ~[ozone-manager-1.4.0-SNAPSHOT.jar:?]
	at org.apache.hadoop.ozone.protocolPB.OzoneManagerRequestHandler.getKeyInfo(OzoneManagerRequestHandler.java:587) ~[ozone-manager-1.4.0-SNAPSHOT.jar:?]
	at org.apache.hadoop.ozone.protocolPB.OzoneManagerRequestHandler.handleReadRequest(OzoneManagerRequestHandler.java:306) ~[ozone-manager-1.4.0-SNAPSHOT.jar:?]
	at org.apache.hadoop.ozone.protocolPB.OzoneManagerProtocolServerSideTranslatorPB.submitReadRequestToOM(OzoneManagerProtocolServerSideTranslatorPB.java:225) ~[ozone-manager-1.4.0-SNAPSHOT.jar:?]
	at org.apache.hadoop.ozone.protocolPB.OzoneManagerProtocolServerSideTranslatorPB.processRequest(OzoneManagerProtocolServerSideTranslatorPB.java:179) ~[ozone-manager-1.4.0-SNAPSHOT.jar:?]
	at org.apache.hadoop.hdds.server.OzoneProtocolMessageDispatcher.processRequest(OzoneProtocolMessageDispatcher.java:87) [hdds-server-framework-1.4.0-SNAPSHOT.jar:?]
	at org.apache.hadoop.ozone.protocolPB.OzoneManagerProtocolServerSideTranslatorPB.submitRequest(OzoneManagerProtocolServerSideTranslatorPB.java:148) [ozone-manager-1.4.0-SNAPSHOT.jar:?]
	at org.apache.hadoop.ozone.protocol.proto.OzoneManagerProtocolProtos$OzoneManagerService$2.callBlockingMethod(OzoneManagerProtocolProtos.java) [ozone-interface-client-1.4.0-SNAPSHOT.jar:?]
	at org.apache.hadoop.ipc.ProtobufRpcEngine$Server.processCall(ProtobufRpcEngine.java:484) [hadoop-common-3.3.6.jar:?]
	at org.apache.hadoop.ipc.ProtobufRpcEngine2$Server$ProtoBufRpcInvoker.call(ProtobufRpcEngine2.java:595) [hadoop-common-3.3.6.jar:?]
	at org.apache.hadoop.ipc.ProtobufRpcEngine2$Server$ProtoBufRpcInvoker.call(ProtobufRpcEngine2.java:573) [hadoop-common-3.3.6.jar:?]
	at org.apache.hadoop.ipc.RPC$Server.call(RPC.java:1227) [hadoop-common-3.3.6.jar:?]
	at org.apache.hadoop.ipc.Server$RpcCall.run(Server.java:1094) [hadoop-common-3.3.6.jar:?]
	at org.apache.hadoop.ipc.Server$RpcCall.run(Server.java:1017) [hadoop-common-3.3.6.jar:?]
	at java.security.AccessController.doPrivileged(Native Method) ~[?:1.8.0_382]
	at javax.security.auth.Subject.doAs(Subject.java:422) [?:1.8.0_382]
	at org.apache.hadoop.security.UserGroupInformation.doAs(UserGroupInformation.java:1899) [hadoop-common-3.3.6.jar:?]
	at org.apache.hadoop.ipc.Server$Handler.run(Server.java:3048) [hadoop-common-3.3.6.jar:?]
2023-08-29 18:55:21,933 [7e144599-01e3-4b85-852c-8ce44e41f20b@group-E1650200BD2E-LeaderElection28] INFO  impl.LeaderElection (LeaderElection.java:askForVotes(321)) - 7e144599-01e3-4b85-852c-8ce44e41f20b@group-E1650200BD2E-LeaderElection28 ELECTION round 0: submit vote requests at term 1 for -1: peers:[7e144599-01e3-4b85-852c-8ce44e41f20b|rpc:10.1.0.239:15156|admin:10.1.0.239:15155|client:10.1.0.239:15154|dataStream:10.1.0.239:15157|priority:1|startupRole:FOLLOWER]|listeners:[], old=null
2023-08-29 18:55:21,933 [7e144599-01e3-4b85-852c-8ce44e41f20b@group-E1650200BD2E-LeaderElection28] INFO  impl.LeaderElection (LeaderElection.java:askForVotes(323)) - 7e144599-01e3-4b85-852c-8ce44e41f20b@group-E1650200BD2E-LeaderElection28 ELECTION round 0: result PASSED (term=1)
2023-08-29 18:55:21,933 [7e144599-01e3-4b85-852c-8ce44e41f20b@group-E1650200BD2E-LeaderElection28] INFO  impl.RoleInfo (RoleInfo.java:shutdownLeaderElection(130)) - 7e144599-01e3-4b85-852c-8ce44e41f20b: shutdown 7e144599-01e3-4b85-852c-8ce44e41f20b@group-E1650200BD2E-LeaderElection28
2023-08-29 18:55:21,933 [7e144599-01e3-4b85-852c-8ce44e41f20b@group-E1650200BD2E-LeaderElection28] INFO  server.RaftServer$Division (RaftServerImpl.java:setRole(329)) - 7e144599-01e3-4b85-852c-8ce44e41f20b@group-E1650200BD2E: changes role from CANDIDATE to LEADER at term 1 for changeToLeader
2023-08-29 18:55:21,933 [7e144599-01e3-4b85-852c-8ce44e41f20b@group-E1650200BD2E-LeaderElection28] INFO  ratis.XceiverServerRatis (XceiverServerRatis.java:handleLeaderChangedNotification(902)) - Leader change notification received for group: group-E1650200BD2E with new leaderId: 7e144599-01e3-4b85-852c-8ce44e41f20b
2023-08-29 18:55:21,933 [7e144599-01e3-4b85-852c-8ce44e41f20b@group-E1650200BD2E-LeaderElection28] INFO  server.RaftServer$Division (ServerState.java:setLeader(317)) - 7e144599-01e3-4b85-852c-8ce44e41f20b@group-E1650200BD2E: change Leader from null to 7e144599-01e3-4b85-852c-8ce44e41f20b at term 1 for becomeLeader, leader elected after 5197ms
2023-08-29 18:55:21,933 [7e144599-01e3-4b85-852c-8ce44e41f20b@group-E1650200BD2E-LeaderElection28] INFO  server.RaftServerConfigKeys (ConfUtils.java:logGet(46)) - raft.server.staging.catchup.gap = 1000 (default)
2023-08-29 18:55:21,934 [7e144599-01e3-4b85-852c-8ce44e41f20b@group-E1650200BD2E-LeaderElection28] INFO  server.RaftServerConfigKeys (ConfUtils.java:logGet(46)) - raft.server.write.element-limit = 1024 (custom)
2023-08-29 18:55:21,934 [7e144599-01e3-4b85-852c-8ce44e41f20b@group-E1650200BD2E-LeaderElection28] INFO  server.RaftServerConfigKeys (ConfUtils.java:logGet(46)) - raft.server.write.byte-limit = 1024 M (=1073741824) (custom)
2023-08-29 18:55:21,934 [7e144599-01e3-4b85-852c-8ce44e41f20b@group-E1650200BD2E-LeaderElection28] INFO  server.RaftServerConfigKeys (ConfUtils.java:logGet(46)) - raft.server.watch.timeout = 180s (custom)
2023-08-29 18:55:21,934 [7e144599-01e3-4b85-852c-8ce44e41f20b@group-E1650200BD2E-LeaderElection28] INFO  server.RaftServerConfigKeys (ConfUtils.java:logGet(46)) - raft.server.watch.timeout.denomination = 1s (default)
2023-08-29 18:55:21,934 [7e144599-01e3-4b85-852c-8ce44e41f20b@group-E1650200BD2E-LeaderElection28] INFO  server.RaftServerConfigKeys (ConfUtils.java:logGet(46)) - raft.server.watch.element-limit = 65536 (default)
2023-08-29 18:55:21,934 [7e144599-01e3-4b85-852c-8ce44e41f20b@group-E1650200BD2E-LeaderElection28] INFO  server.RaftServerConfigKeys (ConfUtils.java:logGet(46)) - raft.server.write.element-limit = 1024 (custom)
2023-08-29 18:55:21,934 [7e144599-01e3-4b85-852c-8ce44e41f20b@group-E1650200BD2E-LeaderElection28] INFO  server.RaftServerConfigKeys (ConfUtils.java:logGet(46)) - raft.server.write.follower.gap.ratio.max = -1.0 (default)
2023-08-29 18:55:21,934 [7e144599-01e3-4b85-852c-8ce44e41f20b@group-E1650200BD2E-LeaderElection28] INFO  impl.RoleInfo (RoleInfo.java:updateAndGet(139)) - 7e144599-01e3-4b85-852c-8ce44e41f20b: start 7e144599-01e3-4b85-852c-8ce44e41f20b@group-E1650200BD2E-LeaderStateImpl
2023-08-29 18:55:21,935 [7e144599-01e3-4b85-852c-8ce44e41f20b@group-E1650200BD2E-LeaderElection28] INFO  segmented.SegmentedRaftLogWorker (SegmentedRaftLogWorker.java:startLogSegment(447)) - 7e144599-01e3-4b85-852c-8ce44e41f20b@group-E1650200BD2E-SegmentedRaftLogWorker: Starting segment from index:0
2023-08-29 18:55:21,937 [7e144599-01e3-4b85-852c-8ce44e41f20b@group-E1650200BD2E-SegmentedRaftLogWorker] INFO  segmented.SegmentedRaftLogWorker (SegmentedRaftLogWorker.java:execute(651)) - 7e144599-01e3-4b85-852c-8ce44e41f20b@group-E1650200BD2E-SegmentedRaftLogWorker: created new log segment /home/runner/work/ozone/ozone/hadoop-ozone/integration-test/target/test-dir/MiniOzoneClusterImpl-e121caef-2a4e-4b75-96a0-c968b96a6505/datanode-4/data/ratis/1794d795-a3ea-4ead-818f-e1650200bd2e/current/log_inprogress_0
2023-08-29 18:55:21,945 [7e144599-01e3-4b85-852c-8ce44e41f20b@group-E1650200BD2E-LeaderElection28] INFO  server.RaftServer$Division (ServerState.java:setRaftConf(434)) - 7e144599-01e3-4b85-852c-8ce44e41f20b@group-E1650200BD2E: set configuration 0: peers:[7e144599-01e3-4b85-852c-8ce44e41f20b|rpc:10.1.0.239:15156|admin:10.1.0.239:15155|client:10.1.0.239:15154|dataStream:10.1.0.239:15157|priority:1|startupRole:FOLLOWER]|listeners:[], old=null
]]></system-out>
  </testcase>
  <testcase name="testSeekOnFileLength" classname="TestOzoneFileSystem" time="0.102">
    <system-out><![CDATA[2023-08-29 18:56:28,418 [IPC Server handler 1 on default port 15160] INFO  ha.SequenceIdGenerator (SequenceIdGenerator.java:getNextId(140)) - Allocate a batch for containerId, change lastId from 0 to 1000.
2023-08-29 18:56:28,419 [IPC Server handler 1 on default port 15160] WARN  ha.SequenceIdGenerator (SequenceIdGenerator.java:allocateBatch(253)) - Failed to allocate a batch for localId, expected lastId is 0, actual lastId is 111677748019200000.
2023-08-29 18:56:28,419 [IPC Server handler 1 on default port 15160] INFO  ha.SequenceIdGenerator (SequenceIdGenerator.java:getNextId(140)) - Allocate a batch for localId, change lastId from 111677748019200000 to 111677748019201000.
2023-08-29 18:56:28,501 [IPC Server handler 2 on default port 15160] WARN  node.SCMNodeManager (SCMNodeManager.java:getNodesByAddress(1373)) - Cannot find node for address 127.0.0.1
18:56:28.506 [IPC Server handler 13 on default port 15163] ERROR OMAudit - user=runner | ip=127.0.0.1 | op=READ_KEY {volume=volume50878, bucket=bucket78448, key=file_notexist, dataSize=0, replicationConfig=null} | ret=FAILURE
org.apache.hadoop.ozone.om.exceptions.OMException: Key:file_notexist not found
	at org.apache.hadoop.ozone.om.KeyManagerImpl.readKeyInfo(KeyManagerImpl.java:427) ~[ozone-manager-1.4.0-SNAPSHOT.jar:?]
	at org.apache.hadoop.ozone.om.KeyManagerImpl.lambda$9(KeyManagerImpl.java:1931) ~[ozone-manager-1.4.0-SNAPSHOT.jar:?]
	at org.apache.hadoop.util.MetricUtil.captureLatencyNs(MetricUtil.java:39) ~[hdds-common-1.4.0-SNAPSHOT.jar:?]
	at org.apache.hadoop.ozone.om.KeyManagerImpl.getKeyInfo(KeyManagerImpl.java:1929) ~[ozone-manager-1.4.0-SNAPSHOT.jar:?]
	at org.apache.hadoop.ozone.om.OmMetadataReader.getKeyInfo(OmMetadataReader.java:185) ~[ozone-manager-1.4.0-SNAPSHOT.jar:?]
	at org.apache.hadoop.ozone.om.OzoneManager.getKeyInfo(OzoneManager.java:2827) ~[ozone-manager-1.4.0-SNAPSHOT.jar:?]
	at org.apache.hadoop.ozone.protocolPB.OzoneManagerRequestHandler.getKeyInfo(OzoneManagerRequestHandler.java:587) ~[ozone-manager-1.4.0-SNAPSHOT.jar:?]
	at org.apache.hadoop.ozone.protocolPB.OzoneManagerRequestHandler.handleReadRequest(OzoneManagerRequestHandler.java:306) ~[ozone-manager-1.4.0-SNAPSHOT.jar:?]
	at org.apache.hadoop.ozone.protocolPB.OzoneManagerProtocolServerSideTranslatorPB.submitRequestDirectlyToOM(OzoneManagerProtocolServerSideTranslatorPB.java:274) ~[ozone-manager-1.4.0-SNAPSHOT.jar:?]
	at org.apache.hadoop.ozone.protocolPB.OzoneManagerProtocolServerSideTranslatorPB.processRequest(OzoneManagerProtocolServerSideTranslatorPB.java:175) ~[ozone-manager-1.4.0-SNAPSHOT.jar:?]
	at org.apache.hadoop.hdds.server.OzoneProtocolMessageDispatcher.processRequest(OzoneProtocolMessageDispatcher.java:87) [hdds-server-framework-1.4.0-SNAPSHOT.jar:?]
	at org.apache.hadoop.ozone.protocolPB.OzoneManagerProtocolServerSideTranslatorPB.submitRequest(OzoneManagerProtocolServerSideTranslatorPB.java:148) [ozone-manager-1.4.0-SNAPSHOT.jar:?]
	at org.apache.hadoop.ozone.protocol.proto.OzoneManagerProtocolProtos$OzoneManagerService$2.callBlockingMethod(OzoneManagerProtocolProtos.java) [ozone-interface-client-1.4.0-SNAPSHOT.jar:?]
	at org.apache.hadoop.ipc.ProtobufRpcEngine$Server.processCall(ProtobufRpcEngine.java:484) [hadoop-common-3.3.6.jar:?]
	at org.apache.hadoop.ipc.ProtobufRpcEngine2$Server$ProtoBufRpcInvoker.call(ProtobufRpcEngine2.java:595) [hadoop-common-3.3.6.jar:?]
	at org.apache.hadoop.ipc.ProtobufRpcEngine2$Server$ProtoBufRpcInvoker.call(ProtobufRpcEngine2.java:573) [hadoop-common-3.3.6.jar:?]
	at org.apache.hadoop.ipc.RPC$Server.call(RPC.java:1227) [hadoop-common-3.3.6.jar:?]
	at org.apache.hadoop.ipc.Server$RpcCall.run(Server.java:1094) [hadoop-common-3.3.6.jar:?]
	at org.apache.hadoop.ipc.Server$RpcCall.run(Server.java:1017) [hadoop-common-3.3.6.jar:?]
	at java.security.AccessController.doPrivileged(Native Method) ~[?:1.8.0_382]
	at javax.security.auth.Subject.doAs(Subject.java:422) [?:1.8.0_382]
	at org.apache.hadoop.security.UserGroupInformation.doAs(UserGroupInformation.java:1899) [hadoop-common-3.3.6.jar:?]
	at org.apache.hadoop.ipc.Server$Handler.run(Server.java:3048) [hadoop-common-3.3.6.jar:?]
]]></system-out>
  </testcase>
  <testcase name="testRenameFile" classname="TestOzoneFileSystem" time="0.143">
    <system-out><![CDATA[18:52:59.386 [IPC Server handler 2 on default port 15004] ERROR OMAudit - user=runner | ip=127.0.0.1 | op=GET_FILE_STATUS {volume=volume53060, bucket=bucket79480, key=root/file1, dataSize=0, replicationConfig=null} | ret=FAILURE
org.apache.hadoop.ozone.om.exceptions.OMException: Unable to get file status: volume: volume53060 bucket: bucket79480 key: root/file1
	at org.apache.hadoop.ozone.om.KeyManagerImpl.getOzoneFileStatus(KeyManagerImpl.java:1195) ~[ozone-manager-1.4.0-SNAPSHOT.jar:?]
	at org.apache.hadoop.ozone.om.KeyManagerImpl.getFileStatus(KeyManagerImpl.java:1113) ~[ozone-manager-1.4.0-SNAPSHOT.jar:?]
	at org.apache.hadoop.ozone.om.OmMetadataReader.getFileStatus(OmMetadataReader.java:262) ~[ozone-manager-1.4.0-SNAPSHOT.jar:?]
	at org.apache.hadoop.ozone.om.OzoneManager.getFileStatus(OzoneManager.java:3530) ~[ozone-manager-1.4.0-SNAPSHOT.jar:?]
	at org.apache.hadoop.ozone.protocolPB.OzoneManagerRequestHandler.getOzoneFileStatus(OzoneManagerRequestHandler.java:973) ~[ozone-manager-1.4.0-SNAPSHOT.jar:?]
	at org.apache.hadoop.ozone.protocolPB.OzoneManagerRequestHandler.handleReadRequest(OzoneManagerRequestHandler.java:252) ~[ozone-manager-1.4.0-SNAPSHOT.jar:?]
	at org.apache.hadoop.ozone.protocolPB.OzoneManagerProtocolServerSideTranslatorPB.submitReadRequestToOM(OzoneManagerProtocolServerSideTranslatorPB.java:225) ~[ozone-manager-1.4.0-SNAPSHOT.jar:?]
	at org.apache.hadoop.ozone.protocolPB.OzoneManagerProtocolServerSideTranslatorPB.processRequest(OzoneManagerProtocolServerSideTranslatorPB.java:179) ~[ozone-manager-1.4.0-SNAPSHOT.jar:?]
	at org.apache.hadoop.hdds.server.OzoneProtocolMessageDispatcher.processRequest(OzoneProtocolMessageDispatcher.java:87) [hdds-server-framework-1.4.0-SNAPSHOT.jar:?]
	at org.apache.hadoop.ozone.protocolPB.OzoneManagerProtocolServerSideTranslatorPB.submitRequest(OzoneManagerProtocolServerSideTranslatorPB.java:148) [ozone-manager-1.4.0-SNAPSHOT.jar:?]
	at org.apache.hadoop.ozone.protocol.proto.OzoneManagerProtocolProtos$OzoneManagerService$2.callBlockingMethod(OzoneManagerProtocolProtos.java) [ozone-interface-client-1.4.0-SNAPSHOT.jar:?]
	at org.apache.hadoop.ipc.ProtobufRpcEngine$Server.processCall(ProtobufRpcEngine.java:484) [hadoop-common-3.3.6.jar:?]
	at org.apache.hadoop.ipc.ProtobufRpcEngine2$Server$ProtoBufRpcInvoker.call(ProtobufRpcEngine2.java:595) [hadoop-common-3.3.6.jar:?]
	at org.apache.hadoop.ipc.ProtobufRpcEngine2$Server$ProtoBufRpcInvoker.call(ProtobufRpcEngine2.java:573) [hadoop-common-3.3.6.jar:?]
	at org.apache.hadoop.ipc.RPC$Server.call(RPC.java:1227) [hadoop-common-3.3.6.jar:?]
	at org.apache.hadoop.ipc.Server$RpcCall.run(Server.java:1094) [hadoop-common-3.3.6.jar:?]
	at org.apache.hadoop.ipc.Server$RpcCall.run(Server.java:1017) [hadoop-common-3.3.6.jar:?]
	at java.security.AccessController.doPrivileged(Native Method) ~[?:1.8.0_382]
	at javax.security.auth.Subject.doAs(Subject.java:422) [?:1.8.0_382]
	at org.apache.hadoop.security.UserGroupInformation.doAs(UserGroupInformation.java:1899) [hadoop-common-3.3.6.jar:?]
	at org.apache.hadoop.ipc.Server$Handler.run(Server.java:3048) [hadoop-common-3.3.6.jar:?]
]]></system-out>
  </testcase>
  <testcase name="testRenameFile" classname="TestOzoneFileSystem" time="0.032">
    <system-out><![CDATA[18:54:19.881 [IPC Server handler 7 on default port 15057] ERROR OMAudit - user=runner | ip=127.0.0.1 | op=GET_FILE_STATUS {volume=volume92422, bucket=bucket94858, key=root/file1, dataSize=0, replicationConfig=null} | ret=FAILURE
org.apache.hadoop.ozone.om.exceptions.OMException: Unable to get file status: volume: volume92422 bucket: bucket94858 key: root/file1
	at org.apache.hadoop.ozone.om.KeyManagerImpl.getOzoneFileStatus(KeyManagerImpl.java:1195) ~[ozone-manager-1.4.0-SNAPSHOT.jar:?]
	at org.apache.hadoop.ozone.om.KeyManagerImpl.getFileStatus(KeyManagerImpl.java:1113) ~[ozone-manager-1.4.0-SNAPSHOT.jar:?]
	at org.apache.hadoop.ozone.om.OmMetadataReader.getFileStatus(OmMetadataReader.java:262) ~[ozone-manager-1.4.0-SNAPSHOT.jar:?]
	at org.apache.hadoop.ozone.om.OzoneManager.getFileStatus(OzoneManager.java:3530) ~[ozone-manager-1.4.0-SNAPSHOT.jar:?]
	at org.apache.hadoop.ozone.protocolPB.OzoneManagerRequestHandler.getOzoneFileStatus(OzoneManagerRequestHandler.java:973) ~[ozone-manager-1.4.0-SNAPSHOT.jar:?]
	at org.apache.hadoop.ozone.protocolPB.OzoneManagerRequestHandler.handleReadRequest(OzoneManagerRequestHandler.java:252) ~[ozone-manager-1.4.0-SNAPSHOT.jar:?]
	at org.apache.hadoop.ozone.protocolPB.OzoneManagerProtocolServerSideTranslatorPB.submitRequestDirectlyToOM(OzoneManagerProtocolServerSideTranslatorPB.java:274) ~[ozone-manager-1.4.0-SNAPSHOT.jar:?]
	at org.apache.hadoop.ozone.protocolPB.OzoneManagerProtocolServerSideTranslatorPB.processRequest(OzoneManagerProtocolServerSideTranslatorPB.java:175) ~[ozone-manager-1.4.0-SNAPSHOT.jar:?]
	at org.apache.hadoop.hdds.server.OzoneProtocolMessageDispatcher.processRequest(OzoneProtocolMessageDispatcher.java:87) [hdds-server-framework-1.4.0-SNAPSHOT.jar:?]
	at org.apache.hadoop.ozone.protocolPB.OzoneManagerProtocolServerSideTranslatorPB.submitRequest(OzoneManagerProtocolServerSideTranslatorPB.java:148) [ozone-manager-1.4.0-SNAPSHOT.jar:?]
	at org.apache.hadoop.ozone.protocol.proto.OzoneManagerProtocolProtos$OzoneManagerService$2.callBlockingMethod(OzoneManagerProtocolProtos.java) [ozone-interface-client-1.4.0-SNAPSHOT.jar:?]
	at org.apache.hadoop.ipc.ProtobufRpcEngine$Server.processCall(ProtobufRpcEngine.java:484) [hadoop-common-3.3.6.jar:?]
	at org.apache.hadoop.ipc.ProtobufRpcEngine2$Server$ProtoBufRpcInvoker.call(ProtobufRpcEngine2.java:595) [hadoop-common-3.3.6.jar:?]
	at org.apache.hadoop.ipc.ProtobufRpcEngine2$Server$ProtoBufRpcInvoker.call(ProtobufRpcEngine2.java:573) [hadoop-common-3.3.6.jar:?]
	at org.apache.hadoop.ipc.RPC$Server.call(RPC.java:1227) [hadoop-common-3.3.6.jar:?]
	at org.apache.hadoop.ipc.Server$RpcCall.run(Server.java:1094) [hadoop-common-3.3.6.jar:?]
	at org.apache.hadoop.ipc.Server$RpcCall.run(Server.java:1017) [hadoop-common-3.3.6.jar:?]
	at java.security.AccessController.doPrivileged(Native Method) ~[?:1.8.0_382]
	at javax.security.auth.Subject.doAs(Subject.java:422) [?:1.8.0_382]
	at org.apache.hadoop.security.UserGroupInformation.doAs(UserGroupInformation.java:1899) [hadoop-common-3.3.6.jar:?]
	at org.apache.hadoop.ipc.Server$Handler.run(Server.java:3048) [hadoop-common-3.3.6.jar:?]
]]></system-out>
  </testcase>
  <testcase name="testRenameFile" classname="TestOzoneFileSystem" time="0.033">
    <system-out><![CDATA[18:55:21.960 [IPC Server handler 3 on default port 15110] ERROR OMAudit - user=runner | ip=127.0.0.1 | op=GET_FILE_STATUS {volume=volume95024, bucket=bucket37863, key=root/file1, dataSize=0, replicationConfig=null} | ret=FAILURE
org.apache.hadoop.ozone.om.exceptions.OMException: Unable to get file status: volume: volume95024 bucket: bucket37863 key: root/file1
	at org.apache.hadoop.ozone.om.KeyManagerImpl.getOzoneFileStatus(KeyManagerImpl.java:1195) ~[ozone-manager-1.4.0-SNAPSHOT.jar:?]
	at org.apache.hadoop.ozone.om.KeyManagerImpl.getFileStatus(KeyManagerImpl.java:1113) ~[ozone-manager-1.4.0-SNAPSHOT.jar:?]
	at org.apache.hadoop.ozone.om.OmMetadataReader.getFileStatus(OmMetadataReader.java:262) ~[ozone-manager-1.4.0-SNAPSHOT.jar:?]
	at org.apache.hadoop.ozone.om.OzoneManager.getFileStatus(OzoneManager.java:3530) ~[ozone-manager-1.4.0-SNAPSHOT.jar:?]
	at org.apache.hadoop.ozone.protocolPB.OzoneManagerRequestHandler.getOzoneFileStatus(OzoneManagerRequestHandler.java:973) ~[ozone-manager-1.4.0-SNAPSHOT.jar:?]
	at org.apache.hadoop.ozone.protocolPB.OzoneManagerRequestHandler.handleReadRequest(OzoneManagerRequestHandler.java:252) ~[ozone-manager-1.4.0-SNAPSHOT.jar:?]
	at org.apache.hadoop.ozone.protocolPB.OzoneManagerProtocolServerSideTranslatorPB.submitReadRequestToOM(OzoneManagerProtocolServerSideTranslatorPB.java:225) ~[ozone-manager-1.4.0-SNAPSHOT.jar:?]
	at org.apache.hadoop.ozone.protocolPB.OzoneManagerProtocolServerSideTranslatorPB.processRequest(OzoneManagerProtocolServerSideTranslatorPB.java:179) ~[ozone-manager-1.4.0-SNAPSHOT.jar:?]
	at org.apache.hadoop.hdds.server.OzoneProtocolMessageDispatcher.processRequest(OzoneProtocolMessageDispatcher.java:87) [hdds-server-framework-1.4.0-SNAPSHOT.jar:?]
	at org.apache.hadoop.ozone.protocolPB.OzoneManagerProtocolServerSideTranslatorPB.submitRequest(OzoneManagerProtocolServerSideTranslatorPB.java:148) [ozone-manager-1.4.0-SNAPSHOT.jar:?]
	at org.apache.hadoop.ozone.protocol.proto.OzoneManagerProtocolProtos$OzoneManagerService$2.callBlockingMethod(OzoneManagerProtocolProtos.java) [ozone-interface-client-1.4.0-SNAPSHOT.jar:?]
	at org.apache.hadoop.ipc.ProtobufRpcEngine$Server.processCall(ProtobufRpcEngine.java:484) [hadoop-common-3.3.6.jar:?]
	at org.apache.hadoop.ipc.ProtobufRpcEngine2$Server$ProtoBufRpcInvoker.call(ProtobufRpcEngine2.java:595) [hadoop-common-3.3.6.jar:?]
	at org.apache.hadoop.ipc.ProtobufRpcEngine2$Server$ProtoBufRpcInvoker.call(ProtobufRpcEngine2.java:573) [hadoop-common-3.3.6.jar:?]
	at org.apache.hadoop.ipc.RPC$Server.call(RPC.java:1227) [hadoop-common-3.3.6.jar:?]
	at org.apache.hadoop.ipc.Server$RpcCall.run(Server.java:1094) [hadoop-common-3.3.6.jar:?]
	at org.apache.hadoop.ipc.Server$RpcCall.run(Server.java:1017) [hadoop-common-3.3.6.jar:?]
	at java.security.AccessController.doPrivileged(Native Method) ~[?:1.8.0_382]
	at javax.security.auth.Subject.doAs(Subject.java:422) [?:1.8.0_382]
	at org.apache.hadoop.security.UserGroupInformation.doAs(UserGroupInformation.java:1899) [hadoop-common-3.3.6.jar:?]
	at org.apache.hadoop.ipc.Server$Handler.run(Server.java:3048) [hadoop-common-3.3.6.jar:?]
]]></system-out>
  </testcase>
  <testcase name="testRenameFile" classname="TestOzoneFileSystem" time="0.022">
    <system-out><![CDATA[18:56:28.517 [IPC Server handler 4 on default port 15163] ERROR OMAudit - user=runner | ip=127.0.0.1 | op=GET_FILE_STATUS {volume=volume50878, bucket=bucket78448, key=root/file1, dataSize=0, replicationConfig=null} | ret=FAILURE
org.apache.hadoop.ozone.om.exceptions.OMException: Unable to get file status: volume: volume50878 bucket: bucket78448 key: root/file1
	at org.apache.hadoop.ozone.om.KeyManagerImpl.getOzoneFileStatus(KeyManagerImpl.java:1195) ~[ozone-manager-1.4.0-SNAPSHOT.jar:?]
	at org.apache.hadoop.ozone.om.KeyManagerImpl.getFileStatus(KeyManagerImpl.java:1113) ~[ozone-manager-1.4.0-SNAPSHOT.jar:?]
	at org.apache.hadoop.ozone.om.OmMetadataReader.getFileStatus(OmMetadataReader.java:262) ~[ozone-manager-1.4.0-SNAPSHOT.jar:?]
	at org.apache.hadoop.ozone.om.OzoneManager.getFileStatus(OzoneManager.java:3530) ~[ozone-manager-1.4.0-SNAPSHOT.jar:?]
	at org.apache.hadoop.ozone.protocolPB.OzoneManagerRequestHandler.getOzoneFileStatus(OzoneManagerRequestHandler.java:973) ~[ozone-manager-1.4.0-SNAPSHOT.jar:?]
	at org.apache.hadoop.ozone.protocolPB.OzoneManagerRequestHandler.handleReadRequest(OzoneManagerRequestHandler.java:252) ~[ozone-manager-1.4.0-SNAPSHOT.jar:?]
	at org.apache.hadoop.ozone.protocolPB.OzoneManagerProtocolServerSideTranslatorPB.submitRequestDirectlyToOM(OzoneManagerProtocolServerSideTranslatorPB.java:274) ~[ozone-manager-1.4.0-SNAPSHOT.jar:?]
	at org.apache.hadoop.ozone.protocolPB.OzoneManagerProtocolServerSideTranslatorPB.processRequest(OzoneManagerProtocolServerSideTranslatorPB.java:175) ~[ozone-manager-1.4.0-SNAPSHOT.jar:?]
	at org.apache.hadoop.hdds.server.OzoneProtocolMessageDispatcher.processRequest(OzoneProtocolMessageDispatcher.java:87) [hdds-server-framework-1.4.0-SNAPSHOT.jar:?]
	at org.apache.hadoop.ozone.protocolPB.OzoneManagerProtocolServerSideTranslatorPB.submitRequest(OzoneManagerProtocolServerSideTranslatorPB.java:148) [ozone-manager-1.4.0-SNAPSHOT.jar:?]
	at org.apache.hadoop.ozone.protocol.proto.OzoneManagerProtocolProtos$OzoneManagerService$2.callBlockingMethod(OzoneManagerProtocolProtos.java) [ozone-interface-client-1.4.0-SNAPSHOT.jar:?]
	at org.apache.hadoop.ipc.ProtobufRpcEngine$Server.processCall(ProtobufRpcEngine.java:484) [hadoop-common-3.3.6.jar:?]
	at org.apache.hadoop.ipc.ProtobufRpcEngine2$Server$ProtoBufRpcInvoker.call(ProtobufRpcEngine2.java:595) [hadoop-common-3.3.6.jar:?]
	at org.apache.hadoop.ipc.ProtobufRpcEngine2$Server$ProtoBufRpcInvoker.call(ProtobufRpcEngine2.java:573) [hadoop-common-3.3.6.jar:?]
	at org.apache.hadoop.ipc.RPC$Server.call(RPC.java:1227) [hadoop-common-3.3.6.jar:?]
	at org.apache.hadoop.ipc.Server$RpcCall.run(Server.java:1094) [hadoop-common-3.3.6.jar:?]
	at org.apache.hadoop.ipc.Server$RpcCall.run(Server.java:1017) [hadoop-common-3.3.6.jar:?]
	at java.security.AccessController.doPrivileged(Native Method) ~[?:1.8.0_382]
	at javax.security.auth.Subject.doAs(Subject.java:422) [?:1.8.0_382]
	at org.apache.hadoop.security.UserGroupInformation.doAs(UserGroupInformation.java:1899) [hadoop-common-3.3.6.jar:?]
	at org.apache.hadoop.ipc.Server$Handler.run(Server.java:3048) [hadoop-common-3.3.6.jar:?]
]]></system-out>
  </testcase>
  <testcase name="testRenameDir" classname="TestOzoneFileSystem" time="0.062">
    <system-out><![CDATA[2023-08-29 18:52:59,501 [Time-limited test] INFO  ozone.TestOzoneFileSystem (TestOzoneFileSystem.java:testRenameDir(1435)) - Created dir o3fs://bucket79480.volume53060/root_dir/dir1/sub_dir1
2023-08-29 18:52:59,501 [Time-limited test] INFO  ozone.TestOzoneFileSystem (TestOzoneFileSystem.java:testRenameDir(1436)) - Will move o3fs://bucket79480.volume53060/root_dir/dir1 to o3fs://bucket79480.volume53060/root_dir/dir1.renamed
18:52:59.505 [IPC Server handler 10 on default port 15004] ERROR OMAudit - user=runner | ip=127.0.0.1 | op=GET_FILE_STATUS {volume=volume53060, bucket=bucket79480, key=root_dir/dir1.renamed, dataSize=0, replicationConfig=null} | ret=FAILURE
org.apache.hadoop.ozone.om.exceptions.OMException: Unable to get file status: volume: volume53060 bucket: bucket79480 key: root_dir/dir1.renamed
	at org.apache.hadoop.ozone.om.KeyManagerImpl.getOzoneFileStatus(KeyManagerImpl.java:1195) ~[ozone-manager-1.4.0-SNAPSHOT.jar:?]
	at org.apache.hadoop.ozone.om.KeyManagerImpl.getFileStatus(KeyManagerImpl.java:1113) ~[ozone-manager-1.4.0-SNAPSHOT.jar:?]
	at org.apache.hadoop.ozone.om.OmMetadataReader.getFileStatus(OmMetadataReader.java:262) ~[ozone-manager-1.4.0-SNAPSHOT.jar:?]
	at org.apache.hadoop.ozone.om.OzoneManager.getFileStatus(OzoneManager.java:3530) ~[ozone-manager-1.4.0-SNAPSHOT.jar:?]
	at org.apache.hadoop.ozone.protocolPB.OzoneManagerRequestHandler.getOzoneFileStatus(OzoneManagerRequestHandler.java:973) ~[ozone-manager-1.4.0-SNAPSHOT.jar:?]
	at org.apache.hadoop.ozone.protocolPB.OzoneManagerRequestHandler.handleReadRequest(OzoneManagerRequestHandler.java:252) ~[ozone-manager-1.4.0-SNAPSHOT.jar:?]
	at org.apache.hadoop.ozone.protocolPB.OzoneManagerProtocolServerSideTranslatorPB.submitReadRequestToOM(OzoneManagerProtocolServerSideTranslatorPB.java:225) ~[ozone-manager-1.4.0-SNAPSHOT.jar:?]
	at org.apache.hadoop.ozone.protocolPB.OzoneManagerProtocolServerSideTranslatorPB.processRequest(OzoneManagerProtocolServerSideTranslatorPB.java:179) ~[ozone-manager-1.4.0-SNAPSHOT.jar:?]
	at org.apache.hadoop.hdds.server.OzoneProtocolMessageDispatcher.processRequest(OzoneProtocolMessageDispatcher.java:87) [hdds-server-framework-1.4.0-SNAPSHOT.jar:?]
	at org.apache.hadoop.ozone.protocolPB.OzoneManagerProtocolServerSideTranslatorPB.submitRequest(OzoneManagerProtocolServerSideTranslatorPB.java:148) [ozone-manager-1.4.0-SNAPSHOT.jar:?]
	at org.apache.hadoop.ozone.protocol.proto.OzoneManagerProtocolProtos$OzoneManagerService$2.callBlockingMethod(OzoneManagerProtocolProtos.java) [ozone-interface-client-1.4.0-SNAPSHOT.jar:?]
	at org.apache.hadoop.ipc.ProtobufRpcEngine$Server.processCall(ProtobufRpcEngine.java:484) [hadoop-common-3.3.6.jar:?]
	at org.apache.hadoop.ipc.ProtobufRpcEngine2$Server$ProtoBufRpcInvoker.call(ProtobufRpcEngine2.java:595) [hadoop-common-3.3.6.jar:?]
	at org.apache.hadoop.ipc.ProtobufRpcEngine2$Server$ProtoBufRpcInvoker.call(ProtobufRpcEngine2.java:573) [hadoop-common-3.3.6.jar:?]
	at org.apache.hadoop.ipc.RPC$Server.call(RPC.java:1227) [hadoop-common-3.3.6.jar:?]
	at org.apache.hadoop.ipc.Server$RpcCall.run(Server.java:1094) [hadoop-common-3.3.6.jar:?]
	at org.apache.hadoop.ipc.Server$RpcCall.run(Server.java:1017) [hadoop-common-3.3.6.jar:?]
	at java.security.AccessController.doPrivileged(Native Method) ~[?:1.8.0_382]
	at javax.security.auth.Subject.doAs(Subject.java:422) [?:1.8.0_382]
	at org.apache.hadoop.security.UserGroupInformation.doAs(UserGroupInformation.java:1899) [hadoop-common-3.3.6.jar:?]
	at org.apache.hadoop.ipc.Server$Handler.run(Server.java:3048) [hadoop-common-3.3.6.jar:?]
]]></system-out>
  </testcase>
  <testcase name="testRenameDir" classname="TestOzoneFileSystem" time="0.019">
    <system-out><![CDATA[2023-08-29 18:54:19,907 [Time-limited test] INFO  ozone.TestOzoneFileSystem (TestOzoneFileSystem.java:testRenameDir(1435)) - Created dir o3fs://bucket94858.volume92422/root_dir/dir1/sub_dir1
2023-08-29 18:54:19,907 [Time-limited test] INFO  ozone.TestOzoneFileSystem (TestOzoneFileSystem.java:testRenameDir(1436)) - Will move o3fs://bucket94858.volume92422/root_dir/dir1 to o3fs://bucket94858.volume92422/root_dir/dir1.renamed
18:54:19.909 [IPC Server handler 14 on default port 15057] ERROR OMAudit - user=runner | ip=127.0.0.1 | op=GET_FILE_STATUS {volume=volume92422, bucket=bucket94858, key=root_dir/dir1.renamed, dataSize=0, replicationConfig=null} | ret=FAILURE
org.apache.hadoop.ozone.om.exceptions.OMException: Unable to get file status: volume: volume92422 bucket: bucket94858 key: root_dir/dir1.renamed
	at org.apache.hadoop.ozone.om.KeyManagerImpl.getOzoneFileStatus(KeyManagerImpl.java:1195) ~[ozone-manager-1.4.0-SNAPSHOT.jar:?]
	at org.apache.hadoop.ozone.om.KeyManagerImpl.getFileStatus(KeyManagerImpl.java:1113) ~[ozone-manager-1.4.0-SNAPSHOT.jar:?]
	at org.apache.hadoop.ozone.om.OmMetadataReader.getFileStatus(OmMetadataReader.java:262) ~[ozone-manager-1.4.0-SNAPSHOT.jar:?]
	at org.apache.hadoop.ozone.om.OzoneManager.getFileStatus(OzoneManager.java:3530) ~[ozone-manager-1.4.0-SNAPSHOT.jar:?]
	at org.apache.hadoop.ozone.protocolPB.OzoneManagerRequestHandler.getOzoneFileStatus(OzoneManagerRequestHandler.java:973) ~[ozone-manager-1.4.0-SNAPSHOT.jar:?]
	at org.apache.hadoop.ozone.protocolPB.OzoneManagerRequestHandler.handleReadRequest(OzoneManagerRequestHandler.java:252) ~[ozone-manager-1.4.0-SNAPSHOT.jar:?]
	at org.apache.hadoop.ozone.protocolPB.OzoneManagerProtocolServerSideTranslatorPB.submitRequestDirectlyToOM(OzoneManagerProtocolServerSideTranslatorPB.java:274) ~[ozone-manager-1.4.0-SNAPSHOT.jar:?]
	at org.apache.hadoop.ozone.protocolPB.OzoneManagerProtocolServerSideTranslatorPB.processRequest(OzoneManagerProtocolServerSideTranslatorPB.java:175) ~[ozone-manager-1.4.0-SNAPSHOT.jar:?]
	at org.apache.hadoop.hdds.server.OzoneProtocolMessageDispatcher.processRequest(OzoneProtocolMessageDispatcher.java:87) [hdds-server-framework-1.4.0-SNAPSHOT.jar:?]
	at org.apache.hadoop.ozone.protocolPB.OzoneManagerProtocolServerSideTranslatorPB.submitRequest(OzoneManagerProtocolServerSideTranslatorPB.java:148) [ozone-manager-1.4.0-SNAPSHOT.jar:?]
	at org.apache.hadoop.ozone.protocol.proto.OzoneManagerProtocolProtos$OzoneManagerService$2.callBlockingMethod(OzoneManagerProtocolProtos.java) [ozone-interface-client-1.4.0-SNAPSHOT.jar:?]
	at org.apache.hadoop.ipc.ProtobufRpcEngine$Server.processCall(ProtobufRpcEngine.java:484) [hadoop-common-3.3.6.jar:?]
	at org.apache.hadoop.ipc.ProtobufRpcEngine2$Server$ProtoBufRpcInvoker.call(ProtobufRpcEngine2.java:595) [hadoop-common-3.3.6.jar:?]
	at org.apache.hadoop.ipc.ProtobufRpcEngine2$Server$ProtoBufRpcInvoker.call(ProtobufRpcEngine2.java:573) [hadoop-common-3.3.6.jar:?]
	at org.apache.hadoop.ipc.RPC$Server.call(RPC.java:1227) [hadoop-common-3.3.6.jar:?]
	at org.apache.hadoop.ipc.Server$RpcCall.run(Server.java:1094) [hadoop-common-3.3.6.jar:?]
	at org.apache.hadoop.ipc.Server$RpcCall.run(Server.java:1017) [hadoop-common-3.3.6.jar:?]
	at java.security.AccessController.doPrivileged(Native Method) ~[?:1.8.0_382]
	at javax.security.auth.Subject.doAs(Subject.java:422) [?:1.8.0_382]
	at org.apache.hadoop.security.UserGroupInformation.doAs(UserGroupInformation.java:1899) [hadoop-common-3.3.6.jar:?]
	at org.apache.hadoop.ipc.Server$Handler.run(Server.java:3048) [hadoop-common-3.3.6.jar:?]
]]></system-out>
  </testcase>
  <testcase name="testRenameDir" classname="TestOzoneFileSystem" time="0.022">
    <system-out><![CDATA[2023-08-29 18:55:21,986 [Time-limited test] INFO  ozone.TestOzoneFileSystem (TestOzoneFileSystem.java:testRenameDir(1435)) - Created dir o3fs://bucket37863.volume95024/root_dir/dir1/sub_dir1
2023-08-29 18:55:21,987 [Time-limited test] INFO  ozone.TestOzoneFileSystem (TestOzoneFileSystem.java:testRenameDir(1436)) - Will move o3fs://bucket37863.volume95024/root_dir/dir1 to o3fs://bucket37863.volume95024/root_dir/dir1.renamed
18:55:21.988 [IPC Server handler 10 on default port 15110] ERROR OMAudit - user=runner | ip=127.0.0.1 | op=GET_FILE_STATUS {volume=volume95024, bucket=bucket37863, key=root_dir/dir1.renamed, dataSize=0, replicationConfig=null} | ret=FAILURE
org.apache.hadoop.ozone.om.exceptions.OMException: Unable to get file status: volume: volume95024 bucket: bucket37863 key: root_dir/dir1.renamed
	at org.apache.hadoop.ozone.om.KeyManagerImpl.getOzoneFileStatus(KeyManagerImpl.java:1195) ~[ozone-manager-1.4.0-SNAPSHOT.jar:?]
	at org.apache.hadoop.ozone.om.KeyManagerImpl.getFileStatus(KeyManagerImpl.java:1113) ~[ozone-manager-1.4.0-SNAPSHOT.jar:?]
	at org.apache.hadoop.ozone.om.OmMetadataReader.getFileStatus(OmMetadataReader.java:262) ~[ozone-manager-1.4.0-SNAPSHOT.jar:?]
	at org.apache.hadoop.ozone.om.OzoneManager.getFileStatus(OzoneManager.java:3530) ~[ozone-manager-1.4.0-SNAPSHOT.jar:?]
	at org.apache.hadoop.ozone.protocolPB.OzoneManagerRequestHandler.getOzoneFileStatus(OzoneManagerRequestHandler.java:973) ~[ozone-manager-1.4.0-SNAPSHOT.jar:?]
	at org.apache.hadoop.ozone.protocolPB.OzoneManagerRequestHandler.handleReadRequest(OzoneManagerRequestHandler.java:252) ~[ozone-manager-1.4.0-SNAPSHOT.jar:?]
	at org.apache.hadoop.ozone.protocolPB.OzoneManagerProtocolServerSideTranslatorPB.submitReadRequestToOM(OzoneManagerProtocolServerSideTranslatorPB.java:225) ~[ozone-manager-1.4.0-SNAPSHOT.jar:?]
	at org.apache.hadoop.ozone.protocolPB.OzoneManagerProtocolServerSideTranslatorPB.processRequest(OzoneManagerProtocolServerSideTranslatorPB.java:179) ~[ozone-manager-1.4.0-SNAPSHOT.jar:?]
	at org.apache.hadoop.hdds.server.OzoneProtocolMessageDispatcher.processRequest(OzoneProtocolMessageDispatcher.java:87) [hdds-server-framework-1.4.0-SNAPSHOT.jar:?]
	at org.apache.hadoop.ozone.protocolPB.OzoneManagerProtocolServerSideTranslatorPB.submitRequest(OzoneManagerProtocolServerSideTranslatorPB.java:148) [ozone-manager-1.4.0-SNAPSHOT.jar:?]
	at org.apache.hadoop.ozone.protocol.proto.OzoneManagerProtocolProtos$OzoneManagerService$2.callBlockingMethod(OzoneManagerProtocolProtos.java) [ozone-interface-client-1.4.0-SNAPSHOT.jar:?]
	at org.apache.hadoop.ipc.ProtobufRpcEngine$Server.processCall(ProtobufRpcEngine.java:484) [hadoop-common-3.3.6.jar:?]
	at org.apache.hadoop.ipc.ProtobufRpcEngine2$Server$ProtoBufRpcInvoker.call(ProtobufRpcEngine2.java:595) [hadoop-common-3.3.6.jar:?]
	at org.apache.hadoop.ipc.ProtobufRpcEngine2$Server$ProtoBufRpcInvoker.call(ProtobufRpcEngine2.java:573) [hadoop-common-3.3.6.jar:?]
	at org.apache.hadoop.ipc.RPC$Server.call(RPC.java:1227) [hadoop-common-3.3.6.jar:?]
	at org.apache.hadoop.ipc.Server$RpcCall.run(Server.java:1094) [hadoop-common-3.3.6.jar:?]
	at org.apache.hadoop.ipc.Server$RpcCall.run(Server.java:1017) [hadoop-common-3.3.6.jar:?]
	at java.security.AccessController.doPrivileged(Native Method) ~[?:1.8.0_382]
	at javax.security.auth.Subject.doAs(Subject.java:422) [?:1.8.0_382]
	at org.apache.hadoop.security.UserGroupInformation.doAs(UserGroupInformation.java:1899) [hadoop-common-3.3.6.jar:?]
	at org.apache.hadoop.ipc.Server$Handler.run(Server.java:3048) [hadoop-common-3.3.6.jar:?]
]]></system-out>
  </testcase>
  <testcase name="testRenameDir" classname="TestOzoneFileSystem" time="0.012">
    <system-out><![CDATA[2023-08-29 18:56:28,534 [Time-limited test] INFO  ozone.TestOzoneFileSystem (TestOzoneFileSystem.java:testRenameDir(1435)) - Created dir o3fs://bucket78448.volume50878/root_dir/dir1/sub_dir1
2023-08-29 18:56:28,534 [Time-limited test] INFO  ozone.TestOzoneFileSystem (TestOzoneFileSystem.java:testRenameDir(1436)) - Will move o3fs://bucket78448.volume50878/root_dir/dir1 to o3fs://bucket78448.volume50878/root_dir/dir1.renamed
18:56:28.535 [IPC Server handler 11 on default port 15163] ERROR OMAudit - user=runner | ip=127.0.0.1 | op=GET_FILE_STATUS {volume=volume50878, bucket=bucket78448, key=root_dir/dir1.renamed, dataSize=0, replicationConfig=null} | ret=FAILURE
org.apache.hadoop.ozone.om.exceptions.OMException: Unable to get file status: volume: volume50878 bucket: bucket78448 key: root_dir/dir1.renamed
	at org.apache.hadoop.ozone.om.KeyManagerImpl.getOzoneFileStatus(KeyManagerImpl.java:1195) ~[ozone-manager-1.4.0-SNAPSHOT.jar:?]
	at org.apache.hadoop.ozone.om.KeyManagerImpl.getFileStatus(KeyManagerImpl.java:1113) ~[ozone-manager-1.4.0-SNAPSHOT.jar:?]
	at org.apache.hadoop.ozone.om.OmMetadataReader.getFileStatus(OmMetadataReader.java:262) ~[ozone-manager-1.4.0-SNAPSHOT.jar:?]
	at org.apache.hadoop.ozone.om.OzoneManager.getFileStatus(OzoneManager.java:3530) ~[ozone-manager-1.4.0-SNAPSHOT.jar:?]
	at org.apache.hadoop.ozone.protocolPB.OzoneManagerRequestHandler.getOzoneFileStatus(OzoneManagerRequestHandler.java:973) ~[ozone-manager-1.4.0-SNAPSHOT.jar:?]
	at org.apache.hadoop.ozone.protocolPB.OzoneManagerRequestHandler.handleReadRequest(OzoneManagerRequestHandler.java:252) ~[ozone-manager-1.4.0-SNAPSHOT.jar:?]
	at org.apache.hadoop.ozone.protocolPB.OzoneManagerProtocolServerSideTranslatorPB.submitRequestDirectlyToOM(OzoneManagerProtocolServerSideTranslatorPB.java:274) ~[ozone-manager-1.4.0-SNAPSHOT.jar:?]
	at org.apache.hadoop.ozone.protocolPB.OzoneManagerProtocolServerSideTranslatorPB.processRequest(OzoneManagerProtocolServerSideTranslatorPB.java:175) ~[ozone-manager-1.4.0-SNAPSHOT.jar:?]
	at org.apache.hadoop.hdds.server.OzoneProtocolMessageDispatcher.processRequest(OzoneProtocolMessageDispatcher.java:87) [hdds-server-framework-1.4.0-SNAPSHOT.jar:?]
	at org.apache.hadoop.ozone.protocolPB.OzoneManagerProtocolServerSideTranslatorPB.submitRequest(OzoneManagerProtocolServerSideTranslatorPB.java:148) [ozone-manager-1.4.0-SNAPSHOT.jar:?]
	at org.apache.hadoop.ozone.protocol.proto.OzoneManagerProtocolProtos$OzoneManagerService$2.callBlockingMethod(OzoneManagerProtocolProtos.java) [ozone-interface-client-1.4.0-SNAPSHOT.jar:?]
	at org.apache.hadoop.ipc.ProtobufRpcEngine$Server.processCall(ProtobufRpcEngine.java:484) [hadoop-common-3.3.6.jar:?]
	at org.apache.hadoop.ipc.ProtobufRpcEngine2$Server$ProtoBufRpcInvoker.call(ProtobufRpcEngine2.java:595) [hadoop-common-3.3.6.jar:?]
	at org.apache.hadoop.ipc.ProtobufRpcEngine2$Server$ProtoBufRpcInvoker.call(ProtobufRpcEngine2.java:573) [hadoop-common-3.3.6.jar:?]
	at org.apache.hadoop.ipc.RPC$Server.call(RPC.java:1227) [hadoop-common-3.3.6.jar:?]
	at org.apache.hadoop.ipc.Server$RpcCall.run(Server.java:1094) [hadoop-common-3.3.6.jar:?]
	at org.apache.hadoop.ipc.Server$RpcCall.run(Server.java:1017) [hadoop-common-3.3.6.jar:?]
	at java.security.AccessController.doPrivileged(Native Method) ~[?:1.8.0_382]
	at javax.security.auth.Subject.doAs(Subject.java:422) [?:1.8.0_382]
	at org.apache.hadoop.security.UserGroupInformation.doAs(UserGroupInformation.java:1899) [hadoop-common-3.3.6.jar:?]
	at org.apache.hadoop.ipc.Server$Handler.run(Server.java:3048) [hadoop-common-3.3.6.jar:?]
]]></system-out>
  </testcase>
  <testcase name="testListStatusIteratorOnSubDirs" classname="TestOzoneFileSystem" time="0.077"/>
  <testcase name="testListStatusIteratorOnSubDirs" classname="TestOzoneFileSystem" time="0.019"/>
  <testcase name="testListStatusIteratorOnSubDirs" classname="TestOzoneFileSystem" time="0.024"/>
  <testcase name="testListStatusIteratorOnSubDirs" classname="TestOzoneFileSystem" time="0.018"/>
  <testcase name="testAllocateMoreThanOneBlock" classname="TestOzoneFileSystem" time="0.539">
    <system-out><![CDATA[2023-08-29 18:53:00,140 [IPC Server handler 12 on default port 15001] WARN  node.SCMNodeManager (SCMNodeManager.java:getNodesByAddress(1373)) - Cannot find node for address 127.0.0.1
]]></system-out>
  </testcase>
  <testcase name="testAllocateMoreThanOneBlock" classname="TestOzoneFileSystem" time="0.388">
    <system-out><![CDATA[2023-08-29 18:54:20,318 [IPC Server handler 6 on default port 15054] WARN  node.SCMNodeManager (SCMNodeManager.java:getNodesByAddress(1373)) - Cannot find node for address 127.0.0.1
]]></system-out>
  </testcase>
  <testcase name="testAllocateMoreThanOneBlock" classname="TestOzoneFileSystem" time="0.302">
    <system-out><![CDATA[2023-08-29 18:55:22,320 [IPC Server handler 7 on default port 15107] WARN  node.SCMNodeManager (SCMNodeManager.java:getNodesByAddress(1373)) - Cannot find node for address 127.0.0.1
]]></system-out>
  </testcase>
  <testcase name="testAllocateMoreThanOneBlock" classname="TestOzoneFileSystem" time="0.31">
    <system-out><![CDATA[2023-08-29 18:56:28,624 [b7d61230-484d-41a2-ab8b-b31889d091fe@group-E99FD5F97583-FollowerState] INFO  impl.FollowerState (FollowerState.java:run(143)) - b7d61230-484d-41a2-ab8b-b31889d091fe@group-E99FD5F97583-FollowerState: change to CANDIDATE, lastRpcElapsedTime:5193668711ns, electionTimeout:5193ms
2023-08-29 18:56:28,624 [b7d61230-484d-41a2-ab8b-b31889d091fe@group-E99FD5F97583-FollowerState] INFO  impl.RoleInfo (RoleInfo.java:shutdownFollowerState(110)) - b7d61230-484d-41a2-ab8b-b31889d091fe: shutdown b7d61230-484d-41a2-ab8b-b31889d091fe@group-E99FD5F97583-FollowerState
2023-08-29 18:56:28,624 [b7d61230-484d-41a2-ab8b-b31889d091fe@group-E99FD5F97583-FollowerState] INFO  server.RaftServer$Division (RaftServerImpl.java:setRole(329)) - b7d61230-484d-41a2-ab8b-b31889d091fe@group-E99FD5F97583: changes role from  FOLLOWER to CANDIDATE at term 0 for changeToCandidate
2023-08-29 18:56:28,624 [b7d61230-484d-41a2-ab8b-b31889d091fe@group-E99FD5F97583-FollowerState] INFO  server.RaftServerConfigKeys (ConfUtils.java:logGet(46)) - raft.server.leaderelection.pre-vote = true (default)
2023-08-29 18:56:28,624 [b7d61230-484d-41a2-ab8b-b31889d091fe@group-E99FD5F97583-FollowerState] INFO  impl.RoleInfo (RoleInfo.java:updateAndGet(139)) - b7d61230-484d-41a2-ab8b-b31889d091fe: start b7d61230-484d-41a2-ab8b-b31889d091fe@group-E99FD5F97583-LeaderElection36
2023-08-29 18:56:28,638 [b7d61230-484d-41a2-ab8b-b31889d091fe@group-E99FD5F97583-LeaderElection36] INFO  impl.LeaderElection (LeaderElection.java:askForVotes(321)) - b7d61230-484d-41a2-ab8b-b31889d091fe@group-E99FD5F97583-LeaderElection36 PRE_VOTE round 0: submit vote requests at term 0 for -1: peers:[b7d61230-484d-41a2-ab8b-b31889d091fe|rpc:10.1.0.239:15209|admin:10.1.0.239:15208|client:10.1.0.239:15207|dataStream:10.1.0.239:15210|priority:1|startupRole:FOLLOWER]|listeners:[], old=null
2023-08-29 18:56:28,638 [b7d61230-484d-41a2-ab8b-b31889d091fe@group-E99FD5F97583-LeaderElection36] INFO  impl.LeaderElection (LeaderElection.java:askForVotes(323)) - b7d61230-484d-41a2-ab8b-b31889d091fe@group-E99FD5F97583-LeaderElection36 PRE_VOTE round 0: result PASSED (term=0)
2023-08-29 18:56:28,646 [b7d61230-484d-41a2-ab8b-b31889d091fe@group-E99FD5F97583-LeaderElection36] INFO  impl.LeaderElection (LeaderElection.java:askForVotes(321)) - b7d61230-484d-41a2-ab8b-b31889d091fe@group-E99FD5F97583-LeaderElection36 ELECTION round 0: submit vote requests at term 1 for -1: peers:[b7d61230-484d-41a2-ab8b-b31889d091fe|rpc:10.1.0.239:15209|admin:10.1.0.239:15208|client:10.1.0.239:15207|dataStream:10.1.0.239:15210|priority:1|startupRole:FOLLOWER]|listeners:[], old=null
2023-08-29 18:56:28,646 [b7d61230-484d-41a2-ab8b-b31889d091fe@group-E99FD5F97583-LeaderElection36] INFO  impl.LeaderElection (LeaderElection.java:askForVotes(323)) - b7d61230-484d-41a2-ab8b-b31889d091fe@group-E99FD5F97583-LeaderElection36 ELECTION round 0: result PASSED (term=1)
2023-08-29 18:56:28,646 [b7d61230-484d-41a2-ab8b-b31889d091fe@group-E99FD5F97583-LeaderElection36] INFO  impl.RoleInfo (RoleInfo.java:shutdownLeaderElection(130)) - b7d61230-484d-41a2-ab8b-b31889d091fe: shutdown b7d61230-484d-41a2-ab8b-b31889d091fe@group-E99FD5F97583-LeaderElection36
2023-08-29 18:56:28,646 [b7d61230-484d-41a2-ab8b-b31889d091fe@group-E99FD5F97583-LeaderElection36] INFO  server.RaftServer$Division (RaftServerImpl.java:setRole(329)) - b7d61230-484d-41a2-ab8b-b31889d091fe@group-E99FD5F97583: changes role from CANDIDATE to LEADER at term 1 for changeToLeader
2023-08-29 18:56:28,646 [b7d61230-484d-41a2-ab8b-b31889d091fe@group-E99FD5F97583-LeaderElection36] INFO  ratis.XceiverServerRatis (XceiverServerRatis.java:handleLeaderChangedNotification(902)) - Leader change notification received for group: group-E99FD5F97583 with new leaderId: b7d61230-484d-41a2-ab8b-b31889d091fe
2023-08-29 18:56:28,646 [b7d61230-484d-41a2-ab8b-b31889d091fe@group-E99FD5F97583-LeaderElection36] INFO  server.RaftServer$Division (ServerState.java:setLeader(317)) - b7d61230-484d-41a2-ab8b-b31889d091fe@group-E99FD5F97583: change Leader from null to b7d61230-484d-41a2-ab8b-b31889d091fe at term 1 for becomeLeader, leader elected after 5294ms
2023-08-29 18:56:28,646 [b7d61230-484d-41a2-ab8b-b31889d091fe@group-E99FD5F97583-LeaderElection36] INFO  server.RaftServerConfigKeys (ConfUtils.java:logGet(46)) - raft.server.staging.catchup.gap = 1000 (default)
2023-08-29 18:56:28,646 [b7d61230-484d-41a2-ab8b-b31889d091fe@group-E99FD5F97583-LeaderElection36] INFO  server.RaftServerConfigKeys (ConfUtils.java:logGet(46)) - raft.server.write.element-limit = 1024 (custom)
2023-08-29 18:56:28,646 [b7d61230-484d-41a2-ab8b-b31889d091fe@group-E99FD5F97583-LeaderElection36] INFO  server.RaftServerConfigKeys (ConfUtils.java:logGet(46)) - raft.server.write.byte-limit = 1024 M (=1073741824) (custom)
2023-08-29 18:56:28,647 [b7d61230-484d-41a2-ab8b-b31889d091fe@group-E99FD5F97583-LeaderElection36] INFO  server.RaftServerConfigKeys (ConfUtils.java:logGet(46)) - raft.server.watch.timeout = 180s (custom)
2023-08-29 18:56:28,647 [b7d61230-484d-41a2-ab8b-b31889d091fe@group-E99FD5F97583-LeaderElection36] INFO  server.RaftServerConfigKeys (ConfUtils.java:logGet(46)) - raft.server.watch.timeout.denomination = 1s (default)
2023-08-29 18:56:28,647 [b7d61230-484d-41a2-ab8b-b31889d091fe@group-E99FD5F97583-LeaderElection36] INFO  server.RaftServerConfigKeys (ConfUtils.java:logGet(46)) - raft.server.watch.element-limit = 65536 (default)
2023-08-29 18:56:28,647 [b7d61230-484d-41a2-ab8b-b31889d091fe@group-E99FD5F97583-LeaderElection36] INFO  server.RaftServerConfigKeys (ConfUtils.java:logGet(46)) - raft.server.write.element-limit = 1024 (custom)
2023-08-29 18:56:28,647 [b7d61230-484d-41a2-ab8b-b31889d091fe@group-E99FD5F97583-LeaderElection36] INFO  server.RaftServerConfigKeys (ConfUtils.java:logGet(46)) - raft.server.write.follower.gap.ratio.max = -1.0 (default)
2023-08-29 18:56:28,647 [b7d61230-484d-41a2-ab8b-b31889d091fe@group-E99FD5F97583-LeaderElection36] INFO  impl.RoleInfo (RoleInfo.java:updateAndGet(139)) - b7d61230-484d-41a2-ab8b-b31889d091fe: start b7d61230-484d-41a2-ab8b-b31889d091fe@group-E99FD5F97583-LeaderStateImpl
2023-08-29 18:56:28,647 [b7d61230-484d-41a2-ab8b-b31889d091fe@group-E99FD5F97583-LeaderElection36] INFO  segmented.SegmentedRaftLogWorker (SegmentedRaftLogWorker.java:startLogSegment(447)) - b7d61230-484d-41a2-ab8b-b31889d091fe@group-E99FD5F97583-SegmentedRaftLogWorker: Starting segment from index:0
2023-08-29 18:56:28,652 [b7d61230-484d-41a2-ab8b-b31889d091fe@group-E99FD5F97583-LeaderElection36] INFO  server.RaftServer$Division (ServerState.java:setRaftConf(434)) - b7d61230-484d-41a2-ab8b-b31889d091fe@group-E99FD5F97583: set configuration 0: peers:[b7d61230-484d-41a2-ab8b-b31889d091fe|rpc:10.1.0.239:15209|admin:10.1.0.239:15208|client:10.1.0.239:15207|dataStream:10.1.0.239:15210|priority:1|startupRole:FOLLOWER]|listeners:[], old=null
2023-08-29 18:56:28,678 [b7d61230-484d-41a2-ab8b-b31889d091fe@group-E99FD5F97583-SegmentedRaftLogWorker] INFO  segmented.SegmentedRaftLogWorker (SegmentedRaftLogWorker.java:execute(651)) - b7d61230-484d-41a2-ab8b-b31889d091fe@group-E99FD5F97583-SegmentedRaftLogWorker: created new log segment /home/runner/work/ozone/ozone/hadoop-ozone/integration-test/target/test-dir/MiniOzoneClusterImpl-b0dd14bf-3562-4743-8e4f-1fdeb49c931a/datanode-4/data/ratis/8de9826c-8d08-4327-b4d9-e99fd5f97583/current/log_inprogress_0
2023-08-29 18:56:28,866 [IPC Server handler 7 on default port 15160] WARN  node.SCMNodeManager (SCMNodeManager.java:getNodesByAddress(1373)) - Cannot find node for address 127.0.0.1
]]></system-out>
  </testcase>
  <testcase name="testRenameToExistingDir" classname="TestOzoneFileSystem" time="0.072">
    <system-out><![CDATA[18:53:00.198 [IPC Server handler 19 on default port 15004] ERROR OMAudit - user=runner | ip=127.0.0.1 | op=LIST_STATUS {volume=volume53060, bucket=bucket79480, key=b/a, dataSize=0, replicationConfig=null} | ret=FAILURE
org.apache.hadoop.ozone.om.exceptions.OMException: Unable to get file status: volume: volume53060 bucket: bucket79480 key: b/a
	at org.apache.hadoop.ozone.om.KeyManagerImpl.getOzoneFileStatus(KeyManagerImpl.java:1195) ~[ozone-manager-1.4.0-SNAPSHOT.jar:?]
	at org.apache.hadoop.ozone.om.KeyManagerImpl.getFileStatus(KeyManagerImpl.java:1113) ~[ozone-manager-1.4.0-SNAPSHOT.jar:?]
	at org.apache.hadoop.ozone.om.KeyManagerImpl.listStatus(KeyManagerImpl.java:1505) ~[ozone-manager-1.4.0-SNAPSHOT.jar:?]
	at org.apache.hadoop.ozone.om.OmMetadataReader.listStatus(OmMetadataReader.java:235) ~[ozone-manager-1.4.0-SNAPSHOT.jar:?]
	at org.apache.hadoop.ozone.om.OzoneManager.listStatus(OzoneManager.java:3560) ~[ozone-manager-1.4.0-SNAPSHOT.jar:?]
	at org.apache.hadoop.ozone.protocolPB.OzoneManagerRequestHandler.listStatus(OzoneManagerRequestHandler.java:1145) ~[ozone-manager-1.4.0-SNAPSHOT.jar:?]
	at org.apache.hadoop.ozone.protocolPB.OzoneManagerRequestHandler.handleReadRequest(OzoneManagerRequestHandler.java:263) ~[ozone-manager-1.4.0-SNAPSHOT.jar:?]
	at org.apache.hadoop.ozone.protocolPB.OzoneManagerProtocolServerSideTranslatorPB.submitReadRequestToOM(OzoneManagerProtocolServerSideTranslatorPB.java:225) ~[ozone-manager-1.4.0-SNAPSHOT.jar:?]
	at org.apache.hadoop.ozone.protocolPB.OzoneManagerProtocolServerSideTranslatorPB.processRequest(OzoneManagerProtocolServerSideTranslatorPB.java:179) ~[ozone-manager-1.4.0-SNAPSHOT.jar:?]
	at org.apache.hadoop.hdds.server.OzoneProtocolMessageDispatcher.processRequest(OzoneProtocolMessageDispatcher.java:87) [hdds-server-framework-1.4.0-SNAPSHOT.jar:?]
	at org.apache.hadoop.ozone.protocolPB.OzoneManagerProtocolServerSideTranslatorPB.submitRequest(OzoneManagerProtocolServerSideTranslatorPB.java:148) [ozone-manager-1.4.0-SNAPSHOT.jar:?]
	at org.apache.hadoop.ozone.protocol.proto.OzoneManagerProtocolProtos$OzoneManagerService$2.callBlockingMethod(OzoneManagerProtocolProtos.java) [ozone-interface-client-1.4.0-SNAPSHOT.jar:?]
	at org.apache.hadoop.ipc.ProtobufRpcEngine$Server.processCall(ProtobufRpcEngine.java:484) [hadoop-common-3.3.6.jar:?]
	at org.apache.hadoop.ipc.ProtobufRpcEngine2$Server$ProtoBufRpcInvoker.call(ProtobufRpcEngine2.java:595) [hadoop-common-3.3.6.jar:?]
	at org.apache.hadoop.ipc.ProtobufRpcEngine2$Server$ProtoBufRpcInvoker.call(ProtobufRpcEngine2.java:573) [hadoop-common-3.3.6.jar:?]
	at org.apache.hadoop.ipc.RPC$Server.call(RPC.java:1227) [hadoop-common-3.3.6.jar:?]
	at org.apache.hadoop.ipc.Server$RpcCall.run(Server.java:1094) [hadoop-common-3.3.6.jar:?]
	at org.apache.hadoop.ipc.Server$RpcCall.run(Server.java:1017) [hadoop-common-3.3.6.jar:?]
	at java.security.AccessController.doPrivileged(Native Method) ~[?:1.8.0_382]
	at javax.security.auth.Subject.doAs(Subject.java:422) [?:1.8.0_382]
	at org.apache.hadoop.security.UserGroupInformation.doAs(UserGroupInformation.java:1899) [hadoop-common-3.3.6.jar:?]
	at org.apache.hadoop.ipc.Server$Handler.run(Server.java:3048) [hadoop-common-3.3.6.jar:?]
]]></system-out>
  </testcase>
  <testcase name="testRenameToExistingDir" classname="TestOzoneFileSystem" time="0.02">
    <system-out><![CDATA[18:54:20.337 [IPC Server handler 5 on default port 15057] ERROR OMAudit - user=runner | ip=127.0.0.1 | op=LIST_STATUS {volume=volume92422, bucket=bucket94858, key=b/a, dataSize=0, replicationConfig=null} | ret=FAILURE
org.apache.hadoop.ozone.om.exceptions.OMException: Unable to get file status: volume: volume92422 bucket: bucket94858 key: b/a
	at org.apache.hadoop.ozone.om.KeyManagerImpl.getOzoneFileStatus(KeyManagerImpl.java:1195) ~[ozone-manager-1.4.0-SNAPSHOT.jar:?]
	at org.apache.hadoop.ozone.om.KeyManagerImpl.getFileStatus(KeyManagerImpl.java:1113) ~[ozone-manager-1.4.0-SNAPSHOT.jar:?]
	at org.apache.hadoop.ozone.om.KeyManagerImpl.listStatus(KeyManagerImpl.java:1505) ~[ozone-manager-1.4.0-SNAPSHOT.jar:?]
	at org.apache.hadoop.ozone.om.OmMetadataReader.listStatus(OmMetadataReader.java:235) ~[ozone-manager-1.4.0-SNAPSHOT.jar:?]
	at org.apache.hadoop.ozone.om.OzoneManager.listStatus(OzoneManager.java:3560) ~[ozone-manager-1.4.0-SNAPSHOT.jar:?]
	at org.apache.hadoop.ozone.protocolPB.OzoneManagerRequestHandler.listStatus(OzoneManagerRequestHandler.java:1145) ~[ozone-manager-1.4.0-SNAPSHOT.jar:?]
	at org.apache.hadoop.ozone.protocolPB.OzoneManagerRequestHandler.handleReadRequest(OzoneManagerRequestHandler.java:263) ~[ozone-manager-1.4.0-SNAPSHOT.jar:?]
	at org.apache.hadoop.ozone.protocolPB.OzoneManagerProtocolServerSideTranslatorPB.submitRequestDirectlyToOM(OzoneManagerProtocolServerSideTranslatorPB.java:274) ~[ozone-manager-1.4.0-SNAPSHOT.jar:?]
	at org.apache.hadoop.ozone.protocolPB.OzoneManagerProtocolServerSideTranslatorPB.processRequest(OzoneManagerProtocolServerSideTranslatorPB.java:175) ~[ozone-manager-1.4.0-SNAPSHOT.jar:?]
	at org.apache.hadoop.hdds.server.OzoneProtocolMessageDispatcher.processRequest(OzoneProtocolMessageDispatcher.java:87) [hdds-server-framework-1.4.0-SNAPSHOT.jar:?]
	at org.apache.hadoop.ozone.protocolPB.OzoneManagerProtocolServerSideTranslatorPB.submitRequest(OzoneManagerProtocolServerSideTranslatorPB.java:148) [ozone-manager-1.4.0-SNAPSHOT.jar:?]
	at org.apache.hadoop.ozone.protocol.proto.OzoneManagerProtocolProtos$OzoneManagerService$2.callBlockingMethod(OzoneManagerProtocolProtos.java) [ozone-interface-client-1.4.0-SNAPSHOT.jar:?]
	at org.apache.hadoop.ipc.ProtobufRpcEngine$Server.processCall(ProtobufRpcEngine.java:484) [hadoop-common-3.3.6.jar:?]
	at org.apache.hadoop.ipc.ProtobufRpcEngine2$Server$ProtoBufRpcInvoker.call(ProtobufRpcEngine2.java:595) [hadoop-common-3.3.6.jar:?]
	at org.apache.hadoop.ipc.ProtobufRpcEngine2$Server$ProtoBufRpcInvoker.call(ProtobufRpcEngine2.java:573) [hadoop-common-3.3.6.jar:?]
	at org.apache.hadoop.ipc.RPC$Server.call(RPC.java:1227) [hadoop-common-3.3.6.jar:?]
	at org.apache.hadoop.ipc.Server$RpcCall.run(Server.java:1094) [hadoop-common-3.3.6.jar:?]
	at org.apache.hadoop.ipc.Server$RpcCall.run(Server.java:1017) [hadoop-common-3.3.6.jar:?]
	at java.security.AccessController.doPrivileged(Native Method) ~[?:1.8.0_382]
	at javax.security.auth.Subject.doAs(Subject.java:422) [?:1.8.0_382]
	at org.apache.hadoop.security.UserGroupInformation.doAs(UserGroupInformation.java:1899) [hadoop-common-3.3.6.jar:?]
	at org.apache.hadoop.ipc.Server$Handler.run(Server.java:3048) [hadoop-common-3.3.6.jar:?]
]]></system-out>
  </testcase>
  <testcase name="testRenameToExistingDir" classname="TestOzoneFileSystem" time="0.019">
    <system-out><![CDATA[18:55:22.334 [IPC Server handler 18 on default port 15110] ERROR OMAudit - user=runner | ip=127.0.0.1 | op=LIST_STATUS {volume=volume95024, bucket=bucket37863, key=b/a, dataSize=0, replicationConfig=null} | ret=FAILURE
org.apache.hadoop.ozone.om.exceptions.OMException: Unable to get file status: volume: volume95024 bucket: bucket37863 key: b/a
	at org.apache.hadoop.ozone.om.KeyManagerImpl.getOzoneFileStatus(KeyManagerImpl.java:1195) ~[ozone-manager-1.4.0-SNAPSHOT.jar:?]
	at org.apache.hadoop.ozone.om.KeyManagerImpl.getFileStatus(KeyManagerImpl.java:1113) ~[ozone-manager-1.4.0-SNAPSHOT.jar:?]
	at org.apache.hadoop.ozone.om.KeyManagerImpl.listStatus(KeyManagerImpl.java:1505) ~[ozone-manager-1.4.0-SNAPSHOT.jar:?]
	at org.apache.hadoop.ozone.om.OmMetadataReader.listStatus(OmMetadataReader.java:235) ~[ozone-manager-1.4.0-SNAPSHOT.jar:?]
	at org.apache.hadoop.ozone.om.OzoneManager.listStatus(OzoneManager.java:3560) ~[ozone-manager-1.4.0-SNAPSHOT.jar:?]
	at org.apache.hadoop.ozone.protocolPB.OzoneManagerRequestHandler.listStatus(OzoneManagerRequestHandler.java:1145) ~[ozone-manager-1.4.0-SNAPSHOT.jar:?]
	at org.apache.hadoop.ozone.protocolPB.OzoneManagerRequestHandler.handleReadRequest(OzoneManagerRequestHandler.java:263) ~[ozone-manager-1.4.0-SNAPSHOT.jar:?]
	at org.apache.hadoop.ozone.protocolPB.OzoneManagerProtocolServerSideTranslatorPB.submitReadRequestToOM(OzoneManagerProtocolServerSideTranslatorPB.java:225) ~[ozone-manager-1.4.0-SNAPSHOT.jar:?]
	at org.apache.hadoop.ozone.protocolPB.OzoneManagerProtocolServerSideTranslatorPB.processRequest(OzoneManagerProtocolServerSideTranslatorPB.java:179) ~[ozone-manager-1.4.0-SNAPSHOT.jar:?]
	at org.apache.hadoop.hdds.server.OzoneProtocolMessageDispatcher.processRequest(OzoneProtocolMessageDispatcher.java:87) [hdds-server-framework-1.4.0-SNAPSHOT.jar:?]
	at org.apache.hadoop.ozone.protocolPB.OzoneManagerProtocolServerSideTranslatorPB.submitRequest(OzoneManagerProtocolServerSideTranslatorPB.java:148) [ozone-manager-1.4.0-SNAPSHOT.jar:?]
	at org.apache.hadoop.ozone.protocol.proto.OzoneManagerProtocolProtos$OzoneManagerService$2.callBlockingMethod(OzoneManagerProtocolProtos.java) [ozone-interface-client-1.4.0-SNAPSHOT.jar:?]
	at org.apache.hadoop.ipc.ProtobufRpcEngine$Server.processCall(ProtobufRpcEngine.java:484) [hadoop-common-3.3.6.jar:?]
	at org.apache.hadoop.ipc.ProtobufRpcEngine2$Server$ProtoBufRpcInvoker.call(ProtobufRpcEngine2.java:595) [hadoop-common-3.3.6.jar:?]
	at org.apache.hadoop.ipc.ProtobufRpcEngine2$Server$ProtoBufRpcInvoker.call(ProtobufRpcEngine2.java:573) [hadoop-common-3.3.6.jar:?]
	at org.apache.hadoop.ipc.RPC$Server.call(RPC.java:1227) [hadoop-common-3.3.6.jar:?]
	at org.apache.hadoop.ipc.Server$RpcCall.run(Server.java:1094) [hadoop-common-3.3.6.jar:?]
	at org.apache.hadoop.ipc.Server$RpcCall.run(Server.java:1017) [hadoop-common-3.3.6.jar:?]
	at java.security.AccessController.doPrivileged(Native Method) ~[?:1.8.0_382]
	at javax.security.auth.Subject.doAs(Subject.java:422) [?:1.8.0_382]
	at org.apache.hadoop.security.UserGroupInformation.doAs(UserGroupInformation.java:1899) [hadoop-common-3.3.6.jar:?]
	at org.apache.hadoop.ipc.Server$Handler.run(Server.java:3048) [hadoop-common-3.3.6.jar:?]
]]></system-out>
  </testcase>
  <testcase name="testRenameToExistingDir" classname="TestOzoneFileSystem" time="0.014">
    <system-out><![CDATA[18:56:28.878 [IPC Server handler 0 on default port 15163] ERROR OMAudit - user=runner | ip=127.0.0.1 | op=LIST_STATUS {volume=volume50878, bucket=bucket78448, key=b/a, dataSize=0, replicationConfig=null} | ret=FAILURE
org.apache.hadoop.ozone.om.exceptions.OMException: Unable to get file status: volume: volume50878 bucket: bucket78448 key: b/a
	at org.apache.hadoop.ozone.om.KeyManagerImpl.getOzoneFileStatus(KeyManagerImpl.java:1195) ~[ozone-manager-1.4.0-SNAPSHOT.jar:?]
	at org.apache.hadoop.ozone.om.KeyManagerImpl.getFileStatus(KeyManagerImpl.java:1113) ~[ozone-manager-1.4.0-SNAPSHOT.jar:?]
	at org.apache.hadoop.ozone.om.KeyManagerImpl.listStatus(KeyManagerImpl.java:1505) ~[ozone-manager-1.4.0-SNAPSHOT.jar:?]
	at org.apache.hadoop.ozone.om.OmMetadataReader.listStatus(OmMetadataReader.java:235) ~[ozone-manager-1.4.0-SNAPSHOT.jar:?]
	at org.apache.hadoop.ozone.om.OzoneManager.listStatus(OzoneManager.java:3560) ~[ozone-manager-1.4.0-SNAPSHOT.jar:?]
	at org.apache.hadoop.ozone.protocolPB.OzoneManagerRequestHandler.listStatus(OzoneManagerRequestHandler.java:1145) ~[ozone-manager-1.4.0-SNAPSHOT.jar:?]
	at org.apache.hadoop.ozone.protocolPB.OzoneManagerRequestHandler.handleReadRequest(OzoneManagerRequestHandler.java:263) ~[ozone-manager-1.4.0-SNAPSHOT.jar:?]
	at org.apache.hadoop.ozone.protocolPB.OzoneManagerProtocolServerSideTranslatorPB.submitRequestDirectlyToOM(OzoneManagerProtocolServerSideTranslatorPB.java:274) ~[ozone-manager-1.4.0-SNAPSHOT.jar:?]
	at org.apache.hadoop.ozone.protocolPB.OzoneManagerProtocolServerSideTranslatorPB.processRequest(OzoneManagerProtocolServerSideTranslatorPB.java:175) ~[ozone-manager-1.4.0-SNAPSHOT.jar:?]
	at org.apache.hadoop.hdds.server.OzoneProtocolMessageDispatcher.processRequest(OzoneProtocolMessageDispatcher.java:87) [hdds-server-framework-1.4.0-SNAPSHOT.jar:?]
	at org.apache.hadoop.ozone.protocolPB.OzoneManagerProtocolServerSideTranslatorPB.submitRequest(OzoneManagerProtocolServerSideTranslatorPB.java:148) [ozone-manager-1.4.0-SNAPSHOT.jar:?]
	at org.apache.hadoop.ozone.protocol.proto.OzoneManagerProtocolProtos$OzoneManagerService$2.callBlockingMethod(OzoneManagerProtocolProtos.java) [ozone-interface-client-1.4.0-SNAPSHOT.jar:?]
	at org.apache.hadoop.ipc.ProtobufRpcEngine$Server.processCall(ProtobufRpcEngine.java:484) [hadoop-common-3.3.6.jar:?]
	at org.apache.hadoop.ipc.ProtobufRpcEngine2$Server$ProtoBufRpcInvoker.call(ProtobufRpcEngine2.java:595) [hadoop-common-3.3.6.jar:?]
	at org.apache.hadoop.ipc.ProtobufRpcEngine2$Server$ProtoBufRpcInvoker.call(ProtobufRpcEngine2.java:573) [hadoop-common-3.3.6.jar:?]
	at org.apache.hadoop.ipc.RPC$Server.call(RPC.java:1227) [hadoop-common-3.3.6.jar:?]
	at org.apache.hadoop.ipc.Server$RpcCall.run(Server.java:1094) [hadoop-common-3.3.6.jar:?]
	at org.apache.hadoop.ipc.Server$RpcCall.run(Server.java:1017) [hadoop-common-3.3.6.jar:?]
	at java.security.AccessController.doPrivileged(Native Method) ~[?:1.8.0_382]
	at javax.security.auth.Subject.doAs(Subject.java:422) [?:1.8.0_382]
	at org.apache.hadoop.security.UserGroupInformation.doAs(UserGroupInformation.java:1899) [hadoop-common-3.3.6.jar:?]
	at org.apache.hadoop.ipc.Server$Handler.run(Server.java:3048) [hadoop-common-3.3.6.jar:?]
]]></system-out>
  </testcase>
  <testcase name="testRenameDirToItsOwnSubDir" classname="TestOzoneFileSystem" time="0.025">
    <system-out><![CDATA[2023-08-29 18:53:00,249 [Time-limited test] INFO  ozone.TestOzoneFileSystem (TestOzoneFileSystem.java:testRenameDirToItsOwnSubDir(1174)) - Created dir1 o3fs://bucket79480.volume53060/root/dir1/sub_dir1
2023-08-29 18:53:00,249 [Time-limited test] INFO  ozone.TestOzoneFileSystem (TestOzoneFileSystem.java:testRenameDirToItsOwnSubDir(1177)) - Rename op-> source:o3fs://bucket79480.volume53060/root to destin:o3fs://bucket79480.volume53060/root/dir1/sub_dir1
]]></system-out>
  </testcase>
  <testcase name="testRenameDirToItsOwnSubDir" classname="TestOzoneFileSystem" time="0.008">
    <system-out><![CDATA[2023-08-29 18:54:20,351 [Time-limited test] INFO  ozone.TestOzoneFileSystem (TestOzoneFileSystem.java:testRenameDirToItsOwnSubDir(1174)) - Created dir1 o3fs://bucket94858.volume92422/root/dir1/sub_dir1
2023-08-29 18:54:20,351 [Time-limited test] INFO  ozone.TestOzoneFileSystem (TestOzoneFileSystem.java:testRenameDirToItsOwnSubDir(1177)) - Rename op-> source:o3fs://bucket94858.volume92422/root to destin:o3fs://bucket94858.volume92422/root/dir1/sub_dir1
]]></system-out>
  </testcase>
  <testcase name="testRenameDirToItsOwnSubDir" classname="TestOzoneFileSystem" time="0.012">
    <system-out><![CDATA[2023-08-29 18:55:22,353 [Time-limited test] INFO  ozone.TestOzoneFileSystem (TestOzoneFileSystem.java:testRenameDirToItsOwnSubDir(1174)) - Created dir1 o3fs://bucket37863.volume95024/root/dir1/sub_dir1
2023-08-29 18:55:22,353 [Time-limited test] INFO  ozone.TestOzoneFileSystem (TestOzoneFileSystem.java:testRenameDirToItsOwnSubDir(1177)) - Rename op-> source:o3fs://bucket37863.volume95024/root to destin:o3fs://bucket37863.volume95024/root/dir1/sub_dir1
]]></system-out>
  </testcase>
  <testcase name="testRenameDirToItsOwnSubDir" classname="TestOzoneFileSystem" time="0.01">
    <system-out><![CDATA[2023-08-29 18:56:28,889 [Time-limited test] INFO  ozone.TestOzoneFileSystem (TestOzoneFileSystem.java:testRenameDirToItsOwnSubDir(1174)) - Created dir1 o3fs://bucket78448.volume50878/root/dir1/sub_dir1
2023-08-29 18:56:28,889 [Time-limited test] INFO  ozone.TestOzoneFileSystem (TestOzoneFileSystem.java:testRenameDirToItsOwnSubDir(1177)) - Rename op-> source:o3fs://bucket78448.volume50878/root to destin:o3fs://bucket78448.volume50878/root/dir1/sub_dir1
]]></system-out>
  </testcase>
  <testcase name="testGetDirectoryModificationTime" classname="TestOzoneFileSystem" time="0.17"/>
  <testcase name="testGetDirectoryModificationTime" classname="TestOzoneFileSystem" time="0.126"/>
  <testcase name="testGetDirectoryModificationTime" classname="TestOzoneFileSystem" time="0.127"/>
  <testcase name="testGetDirectoryModificationTime" classname="TestOzoneFileSystem" time="0.123"/>
  <testcase name="testOzoneFsServiceLoader" classname="TestOzoneFileSystem" time="0.015"/>
  <testcase name="testOzoneFsServiceLoader" classname="TestOzoneFileSystem" time="0.004"/>
  <testcase name="testOzoneFsServiceLoader" classname="TestOzoneFileSystem" time="0.002"/>
  <testcase name="testOzoneFsServiceLoader" classname="TestOzoneFileSystem" time="0.002"/>
  <testcase name="testTrash" classname="TestOzoneFileSystem" time="4.09">
    <system-out><![CDATA[18:53:00.478 [IPC Server handler 10 on default port 15004] ERROR OMAudit - user=runner | ip=127.0.0.1 | op=GET_FILE_STATUS {volume=volume53060, bucket=bucket79480, key=.Trash/runner/Current/testKey2, dataSize=0, replicationConfig=null} | ret=FAILURE
org.apache.hadoop.ozone.om.exceptions.OMException: Unable to get file status: volume: volume53060 bucket: bucket79480 key: .Trash/runner/Current/testKey2
	at org.apache.hadoop.ozone.om.KeyManagerImpl.getOzoneFileStatus(KeyManagerImpl.java:1195) ~[ozone-manager-1.4.0-SNAPSHOT.jar:?]
	at org.apache.hadoop.ozone.om.KeyManagerImpl.getFileStatus(KeyManagerImpl.java:1113) ~[ozone-manager-1.4.0-SNAPSHOT.jar:?]
	at org.apache.hadoop.ozone.om.OmMetadataReader.getFileStatus(OmMetadataReader.java:262) ~[ozone-manager-1.4.0-SNAPSHOT.jar:?]
	at org.apache.hadoop.ozone.om.OzoneManager.getFileStatus(OzoneManager.java:3530) ~[ozone-manager-1.4.0-SNAPSHOT.jar:?]
	at org.apache.hadoop.ozone.protocolPB.OzoneManagerRequestHandler.getOzoneFileStatus(OzoneManagerRequestHandler.java:973) ~[ozone-manager-1.4.0-SNAPSHOT.jar:?]
	at org.apache.hadoop.ozone.protocolPB.OzoneManagerRequestHandler.handleReadRequest(OzoneManagerRequestHandler.java:252) ~[ozone-manager-1.4.0-SNAPSHOT.jar:?]
	at org.apache.hadoop.ozone.protocolPB.OzoneManagerProtocolServerSideTranslatorPB.submitReadRequestToOM(OzoneManagerProtocolServerSideTranslatorPB.java:225) ~[ozone-manager-1.4.0-SNAPSHOT.jar:?]
	at org.apache.hadoop.ozone.protocolPB.OzoneManagerProtocolServerSideTranslatorPB.processRequest(OzoneManagerProtocolServerSideTranslatorPB.java:179) ~[ozone-manager-1.4.0-SNAPSHOT.jar:?]
	at org.apache.hadoop.hdds.server.OzoneProtocolMessageDispatcher.processRequest(OzoneProtocolMessageDispatcher.java:87) [hdds-server-framework-1.4.0-SNAPSHOT.jar:?]
	at org.apache.hadoop.ozone.protocolPB.OzoneManagerProtocolServerSideTranslatorPB.submitRequest(OzoneManagerProtocolServerSideTranslatorPB.java:148) [ozone-manager-1.4.0-SNAPSHOT.jar:?]
	at org.apache.hadoop.ozone.protocol.proto.OzoneManagerProtocolProtos$OzoneManagerService$2.callBlockingMethod(OzoneManagerProtocolProtos.java) [ozone-interface-client-1.4.0-SNAPSHOT.jar:?]
	at org.apache.hadoop.ipc.ProtobufRpcEngine$Server.processCall(ProtobufRpcEngine.java:484) [hadoop-common-3.3.6.jar:?]
	at org.apache.hadoop.ipc.ProtobufRpcEngine2$Server$ProtoBufRpcInvoker.call(ProtobufRpcEngine2.java:595) [hadoop-common-3.3.6.jar:?]
	at org.apache.hadoop.ipc.ProtobufRpcEngine2$Server$ProtoBufRpcInvoker.call(ProtobufRpcEngine2.java:573) [hadoop-common-3.3.6.jar:?]
	at org.apache.hadoop.ipc.RPC$Server.call(RPC.java:1227) [hadoop-common-3.3.6.jar:?]
	at org.apache.hadoop.ipc.Server$RpcCall.run(Server.java:1094) [hadoop-common-3.3.6.jar:?]
	at org.apache.hadoop.ipc.Server$RpcCall.run(Server.java:1017) [hadoop-common-3.3.6.jar:?]
	at java.security.AccessController.doPrivileged(Native Method) ~[?:1.8.0_382]
	at javax.security.auth.Subject.doAs(Subject.java:422) [?:1.8.0_382]
	at org.apache.hadoop.security.UserGroupInformation.doAs(UserGroupInformation.java:1899) [hadoop-common-3.3.6.jar:?]
	at org.apache.hadoop.ipc.Server$Handler.run(Server.java:3048) [hadoop-common-3.3.6.jar:?]
18:53:00.482 [IPC Server handler 9 on default port 15004] ERROR OMAudit - user=runner | ip=127.0.0.1 | op=GET_FILE_STATUS {volume=volume53060, bucket=bucket79480, key=.Trash/runner/Current/testKey2, dataSize=0, replicationConfig=null} | ret=FAILURE
org.apache.hadoop.ozone.om.exceptions.OMException: Unable to get file status: volume: volume53060 bucket: bucket79480 key: .Trash/runner/Current/testKey2
	at org.apache.hadoop.ozone.om.KeyManagerImpl.getOzoneFileStatus(KeyManagerImpl.java:1195) ~[ozone-manager-1.4.0-SNAPSHOT.jar:?]
	at org.apache.hadoop.ozone.om.KeyManagerImpl.getFileStatus(KeyManagerImpl.java:1113) ~[ozone-manager-1.4.0-SNAPSHOT.jar:?]
	at org.apache.hadoop.ozone.om.OmMetadataReader.getFileStatus(OmMetadataReader.java:262) ~[ozone-manager-1.4.0-SNAPSHOT.jar:?]
	at org.apache.hadoop.ozone.om.OzoneManager.getFileStatus(OzoneManager.java:3530) ~[ozone-manager-1.4.0-SNAPSHOT.jar:?]
	at org.apache.hadoop.ozone.protocolPB.OzoneManagerRequestHandler.getOzoneFileStatus(OzoneManagerRequestHandler.java:973) ~[ozone-manager-1.4.0-SNAPSHOT.jar:?]
	at org.apache.hadoop.ozone.protocolPB.OzoneManagerRequestHandler.handleReadRequest(OzoneManagerRequestHandler.java:252) ~[ozone-manager-1.4.0-SNAPSHOT.jar:?]
	at org.apache.hadoop.ozone.protocolPB.OzoneManagerProtocolServerSideTranslatorPB.submitReadRequestToOM(OzoneManagerProtocolServerSideTranslatorPB.java:225) ~[ozone-manager-1.4.0-SNAPSHOT.jar:?]
	at org.apache.hadoop.ozone.protocolPB.OzoneManagerProtocolServerSideTranslatorPB.processRequest(OzoneManagerProtocolServerSideTranslatorPB.java:179) ~[ozone-manager-1.4.0-SNAPSHOT.jar:?]
	at org.apache.hadoop.hdds.server.OzoneProtocolMessageDispatcher.processRequest(OzoneProtocolMessageDispatcher.java:87) [hdds-server-framework-1.4.0-SNAPSHOT.jar:?]
	at org.apache.hadoop.ozone.protocolPB.OzoneManagerProtocolServerSideTranslatorPB.submitRequest(OzoneManagerProtocolServerSideTranslatorPB.java:148) [ozone-manager-1.4.0-SNAPSHOT.jar:?]
	at org.apache.hadoop.ozone.protocol.proto.OzoneManagerProtocolProtos$OzoneManagerService$2.callBlockingMethod(OzoneManagerProtocolProtos.java) [ozone-interface-client-1.4.0-SNAPSHOT.jar:?]
	at org.apache.hadoop.ipc.ProtobufRpcEngine$Server.processCall(ProtobufRpcEngine.java:484) [hadoop-common-3.3.6.jar:?]
	at org.apache.hadoop.ipc.ProtobufRpcEngine2$Server$ProtoBufRpcInvoker.call(ProtobufRpcEngine2.java:595) [hadoop-common-3.3.6.jar:?]
	at org.apache.hadoop.ipc.ProtobufRpcEngine2$Server$ProtoBufRpcInvoker.call(ProtobufRpcEngine2.java:573) [hadoop-common-3.3.6.jar:?]
	at org.apache.hadoop.ipc.RPC$Server.call(RPC.java:1227) [hadoop-common-3.3.6.jar:?]
	at org.apache.hadoop.ipc.Server$RpcCall.run(Server.java:1094) [hadoop-common-3.3.6.jar:?]
	at org.apache.hadoop.ipc.Server$RpcCall.run(Server.java:1017) [hadoop-common-3.3.6.jar:?]
	at java.security.AccessController.doPrivileged(Native Method) ~[?:1.8.0_382]
	at javax.security.auth.Subject.doAs(Subject.java:422) [?:1.8.0_382]
	at org.apache.hadoop.security.UserGroupInformation.doAs(UserGroupInformation.java:1899) [hadoop-common-3.3.6.jar:?]
	at org.apache.hadoop.ipc.Server$Handler.run(Server.java:3048) [hadoop-common-3.3.6.jar:?]
2023-08-29 18:53:00,494 [Time-limited test] INFO  om.TrashPolicyOzone (TrashPolicyOzone.java:moveToTrash(209)) - Moved: '/testKey2' to trash at: /.Trash/runner/Current/testKey2
18:53:02.505 [IPC Server handler 8 on default port 15004] ERROR OMAudit - user=runner | ip=127.0.0.1 | op=GET_FILE_STATUS {volume=volume53060, bucket=bucket79480, key=.Trash/runner/Current/testKey2, dataSize=0, replicationConfig=null} | ret=FAILURE
org.apache.hadoop.ozone.om.exceptions.OMException: Unable to get file status: volume: volume53060 bucket: bucket79480 key: .Trash/runner/Current/testKey2
	at org.apache.hadoop.ozone.om.KeyManagerImpl.getOzoneFileStatus(KeyManagerImpl.java:1195) ~[ozone-manager-1.4.0-SNAPSHOT.jar:?]
	at org.apache.hadoop.ozone.om.KeyManagerImpl.getFileStatus(KeyManagerImpl.java:1113) ~[ozone-manager-1.4.0-SNAPSHOT.jar:?]
	at org.apache.hadoop.ozone.om.OmMetadataReader.getFileStatus(OmMetadataReader.java:262) ~[ozone-manager-1.4.0-SNAPSHOT.jar:?]
	at org.apache.hadoop.ozone.om.OzoneManager.getFileStatus(OzoneManager.java:3530) ~[ozone-manager-1.4.0-SNAPSHOT.jar:?]
	at org.apache.hadoop.ozone.protocolPB.OzoneManagerRequestHandler.getOzoneFileStatus(OzoneManagerRequestHandler.java:973) ~[ozone-manager-1.4.0-SNAPSHOT.jar:?]
	at org.apache.hadoop.ozone.protocolPB.OzoneManagerRequestHandler.handleReadRequest(OzoneManagerRequestHandler.java:252) ~[ozone-manager-1.4.0-SNAPSHOT.jar:?]
	at org.apache.hadoop.ozone.protocolPB.OzoneManagerProtocolServerSideTranslatorPB.submitReadRequestToOM(OzoneManagerProtocolServerSideTranslatorPB.java:225) ~[ozone-manager-1.4.0-SNAPSHOT.jar:?]
	at org.apache.hadoop.ozone.protocolPB.OzoneManagerProtocolServerSideTranslatorPB.processRequest(OzoneManagerProtocolServerSideTranslatorPB.java:179) ~[ozone-manager-1.4.0-SNAPSHOT.jar:?]
	at org.apache.hadoop.hdds.server.OzoneProtocolMessageDispatcher.processRequest(OzoneProtocolMessageDispatcher.java:87) [hdds-server-framework-1.4.0-SNAPSHOT.jar:?]
	at org.apache.hadoop.ozone.protocolPB.OzoneManagerProtocolServerSideTranslatorPB.submitRequest(OzoneManagerProtocolServerSideTranslatorPB.java:148) [ozone-manager-1.4.0-SNAPSHOT.jar:?]
	at org.apache.hadoop.ozone.protocol.proto.OzoneManagerProtocolProtos$OzoneManagerService$2.callBlockingMethod(OzoneManagerProtocolProtos.java) [ozone-interface-client-1.4.0-SNAPSHOT.jar:?]
	at org.apache.hadoop.ipc.ProtobufRpcEngine$Server.processCall(ProtobufRpcEngine.java:484) [hadoop-common-3.3.6.jar:?]
	at org.apache.hadoop.ipc.ProtobufRpcEngine2$Server$ProtoBufRpcInvoker.call(ProtobufRpcEngine2.java:595) [hadoop-common-3.3.6.jar:?]
	at org.apache.hadoop.ipc.ProtobufRpcEngine2$Server$ProtoBufRpcInvoker.call(ProtobufRpcEngine2.java:573) [hadoop-common-3.3.6.jar:?]
	at org.apache.hadoop.ipc.RPC$Server.call(RPC.java:1227) [hadoop-common-3.3.6.jar:?]
	at org.apache.hadoop.ipc.Server$RpcCall.run(Server.java:1094) [hadoop-common-3.3.6.jar:?]
	at org.apache.hadoop.ipc.Server$RpcCall.run(Server.java:1017) [hadoop-common-3.3.6.jar:?]
	at java.security.AccessController.doPrivileged(Native Method) ~[?:1.8.0_382]
	at javax.security.auth.Subject.doAs(Subject.java:422) [?:1.8.0_382]
	at org.apache.hadoop.security.UserGroupInformation.doAs(UserGroupInformation.java:1899) [hadoop-common-3.3.6.jar:?]
	at org.apache.hadoop.ipc.Server$Handler.run(Server.java:3048) [hadoop-common-3.3.6.jar:?]
]]></system-out>
  </testcase>
  <testcase name="testTrash" classname="TestOzoneFileSystem" time="4.038">
    <system-out><![CDATA[18:54:20.499 [IPC Server handler 13 on default port 15057] ERROR OMAudit - user=runner | ip=127.0.0.1 | op=GET_FILE_STATUS {volume=volume92422, bucket=bucket94858, key=.Trash/runner/Current/testKey2, dataSize=0, replicationConfig=null} | ret=FAILURE
org.apache.hadoop.ozone.om.exceptions.OMException: Unable to get file status: volume: volume92422 bucket: bucket94858 key: .Trash/runner/Current/testKey2
	at org.apache.hadoop.ozone.om.KeyManagerImpl.getOzoneFileStatus(KeyManagerImpl.java:1195) ~[ozone-manager-1.4.0-SNAPSHOT.jar:?]
	at org.apache.hadoop.ozone.om.KeyManagerImpl.getFileStatus(KeyManagerImpl.java:1113) ~[ozone-manager-1.4.0-SNAPSHOT.jar:?]
	at org.apache.hadoop.ozone.om.OmMetadataReader.getFileStatus(OmMetadataReader.java:262) ~[ozone-manager-1.4.0-SNAPSHOT.jar:?]
	at org.apache.hadoop.ozone.om.OzoneManager.getFileStatus(OzoneManager.java:3530) ~[ozone-manager-1.4.0-SNAPSHOT.jar:?]
	at org.apache.hadoop.ozone.protocolPB.OzoneManagerRequestHandler.getOzoneFileStatus(OzoneManagerRequestHandler.java:973) ~[ozone-manager-1.4.0-SNAPSHOT.jar:?]
	at org.apache.hadoop.ozone.protocolPB.OzoneManagerRequestHandler.handleReadRequest(OzoneManagerRequestHandler.java:252) ~[ozone-manager-1.4.0-SNAPSHOT.jar:?]
	at org.apache.hadoop.ozone.protocolPB.OzoneManagerProtocolServerSideTranslatorPB.submitRequestDirectlyToOM(OzoneManagerProtocolServerSideTranslatorPB.java:274) ~[ozone-manager-1.4.0-SNAPSHOT.jar:?]
	at org.apache.hadoop.ozone.protocolPB.OzoneManagerProtocolServerSideTranslatorPB.processRequest(OzoneManagerProtocolServerSideTranslatorPB.java:175) ~[ozone-manager-1.4.0-SNAPSHOT.jar:?]
	at org.apache.hadoop.hdds.server.OzoneProtocolMessageDispatcher.processRequest(OzoneProtocolMessageDispatcher.java:87) [hdds-server-framework-1.4.0-SNAPSHOT.jar:?]
	at org.apache.hadoop.ozone.protocolPB.OzoneManagerProtocolServerSideTranslatorPB.submitRequest(OzoneManagerProtocolServerSideTranslatorPB.java:148) [ozone-manager-1.4.0-SNAPSHOT.jar:?]
	at org.apache.hadoop.ozone.protocol.proto.OzoneManagerProtocolProtos$OzoneManagerService$2.callBlockingMethod(OzoneManagerProtocolProtos.java) [ozone-interface-client-1.4.0-SNAPSHOT.jar:?]
	at org.apache.hadoop.ipc.ProtobufRpcEngine$Server.processCall(ProtobufRpcEngine.java:484) [hadoop-common-3.3.6.jar:?]
	at org.apache.hadoop.ipc.ProtobufRpcEngine2$Server$ProtoBufRpcInvoker.call(ProtobufRpcEngine2.java:595) [hadoop-common-3.3.6.jar:?]
	at org.apache.hadoop.ipc.ProtobufRpcEngine2$Server$ProtoBufRpcInvoker.call(ProtobufRpcEngine2.java:573) [hadoop-common-3.3.6.jar:?]
	at org.apache.hadoop.ipc.RPC$Server.call(RPC.java:1227) [hadoop-common-3.3.6.jar:?]
	at org.apache.hadoop.ipc.Server$RpcCall.run(Server.java:1094) [hadoop-common-3.3.6.jar:?]
	at org.apache.hadoop.ipc.Server$RpcCall.run(Server.java:1017) [hadoop-common-3.3.6.jar:?]
	at java.security.AccessController.doPrivileged(Native Method) ~[?:1.8.0_382]
	at javax.security.auth.Subject.doAs(Subject.java:422) [?:1.8.0_382]
	at org.apache.hadoop.security.UserGroupInformation.doAs(UserGroupInformation.java:1899) [hadoop-common-3.3.6.jar:?]
	at org.apache.hadoop.ipc.Server$Handler.run(Server.java:3048) [hadoop-common-3.3.6.jar:?]
18:54:20.501 [IPC Server handler 18 on default port 15057] ERROR OMAudit - user=runner | ip=127.0.0.1 | op=GET_FILE_STATUS {volume=volume92422, bucket=bucket94858, key=.Trash/runner/Current/testKey2, dataSize=0, replicationConfig=null} | ret=FAILURE
org.apache.hadoop.ozone.om.exceptions.OMException: Unable to get file status: volume: volume92422 bucket: bucket94858 key: .Trash/runner/Current/testKey2
	at org.apache.hadoop.ozone.om.KeyManagerImpl.getOzoneFileStatus(KeyManagerImpl.java:1195) ~[ozone-manager-1.4.0-SNAPSHOT.jar:?]
	at org.apache.hadoop.ozone.om.KeyManagerImpl.getFileStatus(KeyManagerImpl.java:1113) ~[ozone-manager-1.4.0-SNAPSHOT.jar:?]
	at org.apache.hadoop.ozone.om.OmMetadataReader.getFileStatus(OmMetadataReader.java:262) ~[ozone-manager-1.4.0-SNAPSHOT.jar:?]
	at org.apache.hadoop.ozone.om.OzoneManager.getFileStatus(OzoneManager.java:3530) ~[ozone-manager-1.4.0-SNAPSHOT.jar:?]
	at org.apache.hadoop.ozone.protocolPB.OzoneManagerRequestHandler.getOzoneFileStatus(OzoneManagerRequestHandler.java:973) ~[ozone-manager-1.4.0-SNAPSHOT.jar:?]
	at org.apache.hadoop.ozone.protocolPB.OzoneManagerRequestHandler.handleReadRequest(OzoneManagerRequestHandler.java:252) ~[ozone-manager-1.4.0-SNAPSHOT.jar:?]
	at org.apache.hadoop.ozone.protocolPB.OzoneManagerProtocolServerSideTranslatorPB.submitRequestDirectlyToOM(OzoneManagerProtocolServerSideTranslatorPB.java:274) ~[ozone-manager-1.4.0-SNAPSHOT.jar:?]
	at org.apache.hadoop.ozone.protocolPB.OzoneManagerProtocolServerSideTranslatorPB.processRequest(OzoneManagerProtocolServerSideTranslatorPB.java:175) ~[ozone-manager-1.4.0-SNAPSHOT.jar:?]
	at org.apache.hadoop.hdds.server.OzoneProtocolMessageDispatcher.processRequest(OzoneProtocolMessageDispatcher.java:87) [hdds-server-framework-1.4.0-SNAPSHOT.jar:?]
	at org.apache.hadoop.ozone.protocolPB.OzoneManagerProtocolServerSideTranslatorPB.submitRequest(OzoneManagerProtocolServerSideTranslatorPB.java:148) [ozone-manager-1.4.0-SNAPSHOT.jar:?]
	at org.apache.hadoop.ozone.protocol.proto.OzoneManagerProtocolProtos$OzoneManagerService$2.callBlockingMethod(OzoneManagerProtocolProtos.java) [ozone-interface-client-1.4.0-SNAPSHOT.jar:?]
	at org.apache.hadoop.ipc.ProtobufRpcEngine$Server.processCall(ProtobufRpcEngine.java:484) [hadoop-common-3.3.6.jar:?]
	at org.apache.hadoop.ipc.ProtobufRpcEngine2$Server$ProtoBufRpcInvoker.call(ProtobufRpcEngine2.java:595) [hadoop-common-3.3.6.jar:?]
	at org.apache.hadoop.ipc.ProtobufRpcEngine2$Server$ProtoBufRpcInvoker.call(ProtobufRpcEngine2.java:573) [hadoop-common-3.3.6.jar:?]
	at org.apache.hadoop.ipc.RPC$Server.call(RPC.java:1227) [hadoop-common-3.3.6.jar:?]
	at org.apache.hadoop.ipc.Server$RpcCall.run(Server.java:1094) [hadoop-common-3.3.6.jar:?]
	at org.apache.hadoop.ipc.Server$RpcCall.run(Server.java:1017) [hadoop-common-3.3.6.jar:?]
	at java.security.AccessController.doPrivileged(Native Method) ~[?:1.8.0_382]
	at javax.security.auth.Subject.doAs(Subject.java:422) [?:1.8.0_382]
	at org.apache.hadoop.security.UserGroupInformation.doAs(UserGroupInformation.java:1899) [hadoop-common-3.3.6.jar:?]
	at org.apache.hadoop.ipc.Server$Handler.run(Server.java:3048) [hadoop-common-3.3.6.jar:?]
2023-08-29 18:54:20,505 [Time-limited test] INFO  om.TrashPolicyOzone (TrashPolicyOzone.java:moveToTrash(209)) - Moved: '/testKey2' to trash at: /.Trash/runner/Current/testKey2
18:54:21.507 [IPC Server handler 1 on default port 15057] ERROR OMAudit - user=runner | ip=127.0.0.1 | op=GET_FILE_STATUS {volume=volume92422, bucket=bucket94858, key=.Trash/runner/Current/testKey2, dataSize=0, replicationConfig=null} | ret=FAILURE
org.apache.hadoop.ozone.om.exceptions.OMException: Unable to get file status: volume: volume92422 bucket: bucket94858 key: .Trash/runner/Current/testKey2
	at org.apache.hadoop.ozone.om.KeyManagerImpl.getOzoneFileStatus(KeyManagerImpl.java:1195) ~[ozone-manager-1.4.0-SNAPSHOT.jar:?]
	at org.apache.hadoop.ozone.om.KeyManagerImpl.getFileStatus(KeyManagerImpl.java:1113) ~[ozone-manager-1.4.0-SNAPSHOT.jar:?]
	at org.apache.hadoop.ozone.om.OmMetadataReader.getFileStatus(OmMetadataReader.java:262) ~[ozone-manager-1.4.0-SNAPSHOT.jar:?]
	at org.apache.hadoop.ozone.om.OzoneManager.getFileStatus(OzoneManager.java:3530) ~[ozone-manager-1.4.0-SNAPSHOT.jar:?]
	at org.apache.hadoop.ozone.protocolPB.OzoneManagerRequestHandler.getOzoneFileStatus(OzoneManagerRequestHandler.java:973) ~[ozone-manager-1.4.0-SNAPSHOT.jar:?]
	at org.apache.hadoop.ozone.protocolPB.OzoneManagerRequestHandler.handleReadRequest(OzoneManagerRequestHandler.java:252) ~[ozone-manager-1.4.0-SNAPSHOT.jar:?]
	at org.apache.hadoop.ozone.protocolPB.OzoneManagerProtocolServerSideTranslatorPB.submitRequestDirectlyToOM(OzoneManagerProtocolServerSideTranslatorPB.java:274) ~[ozone-manager-1.4.0-SNAPSHOT.jar:?]
	at org.apache.hadoop.ozone.protocolPB.OzoneManagerProtocolServerSideTranslatorPB.processRequest(OzoneManagerProtocolServerSideTranslatorPB.java:175) ~[ozone-manager-1.4.0-SNAPSHOT.jar:?]
	at org.apache.hadoop.hdds.server.OzoneProtocolMessageDispatcher.processRequest(OzoneProtocolMessageDispatcher.java:87) [hdds-server-framework-1.4.0-SNAPSHOT.jar:?]
	at org.apache.hadoop.ozone.protocolPB.OzoneManagerProtocolServerSideTranslatorPB.submitRequest(OzoneManagerProtocolServerSideTranslatorPB.java:148) [ozone-manager-1.4.0-SNAPSHOT.jar:?]
	at org.apache.hadoop.ozone.protocol.proto.OzoneManagerProtocolProtos$OzoneManagerService$2.callBlockingMethod(OzoneManagerProtocolProtos.java) [ozone-interface-client-1.4.0-SNAPSHOT.jar:?]
	at org.apache.hadoop.ipc.ProtobufRpcEngine$Server.processCall(ProtobufRpcEngine.java:484) [hadoop-common-3.3.6.jar:?]
	at org.apache.hadoop.ipc.ProtobufRpcEngine2$Server$ProtoBufRpcInvoker.call(ProtobufRpcEngine2.java:595) [hadoop-common-3.3.6.jar:?]
	at org.apache.hadoop.ipc.ProtobufRpcEngine2$Server$ProtoBufRpcInvoker.call(ProtobufRpcEngine2.java:573) [hadoop-common-3.3.6.jar:?]
	at org.apache.hadoop.ipc.RPC$Server.call(RPC.java:1227) [hadoop-common-3.3.6.jar:?]
	at org.apache.hadoop.ipc.Server$RpcCall.run(Server.java:1094) [hadoop-common-3.3.6.jar:?]
	at org.apache.hadoop.ipc.Server$RpcCall.run(Server.java:1017) [hadoop-common-3.3.6.jar:?]
	at java.security.AccessController.doPrivileged(Native Method) ~[?:1.8.0_382]
	at javax.security.auth.Subject.doAs(Subject.java:422) [?:1.8.0_382]
	at org.apache.hadoop.security.UserGroupInformation.doAs(UserGroupInformation.java:1899) [hadoop-common-3.3.6.jar:?]
	at org.apache.hadoop.ipc.Server$Handler.run(Server.java:3048) [hadoop-common-3.3.6.jar:?]
]]></system-out>
  </testcase>
  <testcase name="testTrash" classname="TestOzoneFileSystem" time="3.027">
    <system-out><![CDATA[18:55:22.495 [IPC Server handler 8 on default port 15110] ERROR OMAudit - user=runner | ip=127.0.0.1 | op=GET_FILE_STATUS {volume=volume95024, bucket=bucket37863, key=.Trash/runner/Current/testKey2, dataSize=0, replicationConfig=null} | ret=FAILURE
org.apache.hadoop.ozone.om.exceptions.OMException: Unable to get file status: volume: volume95024 bucket: bucket37863 key: .Trash/runner/Current/testKey2
	at org.apache.hadoop.ozone.om.KeyManagerImpl.getOzoneFileStatus(KeyManagerImpl.java:1195) ~[ozone-manager-1.4.0-SNAPSHOT.jar:?]
	at org.apache.hadoop.ozone.om.KeyManagerImpl.getFileStatus(KeyManagerImpl.java:1113) ~[ozone-manager-1.4.0-SNAPSHOT.jar:?]
	at org.apache.hadoop.ozone.om.OmMetadataReader.getFileStatus(OmMetadataReader.java:262) ~[ozone-manager-1.4.0-SNAPSHOT.jar:?]
	at org.apache.hadoop.ozone.om.OzoneManager.getFileStatus(OzoneManager.java:3530) ~[ozone-manager-1.4.0-SNAPSHOT.jar:?]
	at org.apache.hadoop.ozone.protocolPB.OzoneManagerRequestHandler.getOzoneFileStatus(OzoneManagerRequestHandler.java:973) ~[ozone-manager-1.4.0-SNAPSHOT.jar:?]
	at org.apache.hadoop.ozone.protocolPB.OzoneManagerRequestHandler.handleReadRequest(OzoneManagerRequestHandler.java:252) ~[ozone-manager-1.4.0-SNAPSHOT.jar:?]
	at org.apache.hadoop.ozone.protocolPB.OzoneManagerProtocolServerSideTranslatorPB.submitReadRequestToOM(OzoneManagerProtocolServerSideTranslatorPB.java:225) ~[ozone-manager-1.4.0-SNAPSHOT.jar:?]
	at org.apache.hadoop.ozone.protocolPB.OzoneManagerProtocolServerSideTranslatorPB.processRequest(OzoneManagerProtocolServerSideTranslatorPB.java:179) ~[ozone-manager-1.4.0-SNAPSHOT.jar:?]
	at org.apache.hadoop.hdds.server.OzoneProtocolMessageDispatcher.processRequest(OzoneProtocolMessageDispatcher.java:87) [hdds-server-framework-1.4.0-SNAPSHOT.jar:?]
	at org.apache.hadoop.ozone.protocolPB.OzoneManagerProtocolServerSideTranslatorPB.submitRequest(OzoneManagerProtocolServerSideTranslatorPB.java:148) [ozone-manager-1.4.0-SNAPSHOT.jar:?]
	at org.apache.hadoop.ozone.protocol.proto.OzoneManagerProtocolProtos$OzoneManagerService$2.callBlockingMethod(OzoneManagerProtocolProtos.java) [ozone-interface-client-1.4.0-SNAPSHOT.jar:?]
	at org.apache.hadoop.ipc.ProtobufRpcEngine$Server.processCall(ProtobufRpcEngine.java:484) [hadoop-common-3.3.6.jar:?]
	at org.apache.hadoop.ipc.ProtobufRpcEngine2$Server$ProtoBufRpcInvoker.call(ProtobufRpcEngine2.java:595) [hadoop-common-3.3.6.jar:?]
	at org.apache.hadoop.ipc.ProtobufRpcEngine2$Server$ProtoBufRpcInvoker.call(ProtobufRpcEngine2.java:573) [hadoop-common-3.3.6.jar:?]
	at org.apache.hadoop.ipc.RPC$Server.call(RPC.java:1227) [hadoop-common-3.3.6.jar:?]
	at org.apache.hadoop.ipc.Server$RpcCall.run(Server.java:1094) [hadoop-common-3.3.6.jar:?]
	at org.apache.hadoop.ipc.Server$RpcCall.run(Server.java:1017) [hadoop-common-3.3.6.jar:?]
	at java.security.AccessController.doPrivileged(Native Method) ~[?:1.8.0_382]
	at javax.security.auth.Subject.doAs(Subject.java:422) [?:1.8.0_382]
	at org.apache.hadoop.security.UserGroupInformation.doAs(UserGroupInformation.java:1899) [hadoop-common-3.3.6.jar:?]
	at org.apache.hadoop.ipc.Server$Handler.run(Server.java:3048) [hadoop-common-3.3.6.jar:?]
18:55:22.496 [IPC Server handler 9 on default port 15110] ERROR OMAudit - user=runner | ip=127.0.0.1 | op=GET_FILE_STATUS {volume=volume95024, bucket=bucket37863, key=.Trash/runner/Current/testKey2, dataSize=0, replicationConfig=null} | ret=FAILURE
org.apache.hadoop.ozone.om.exceptions.OMException: Unable to get file status: volume: volume95024 bucket: bucket37863 key: .Trash/runner/Current/testKey2
	at org.apache.hadoop.ozone.om.KeyManagerImpl.getOzoneFileStatus(KeyManagerImpl.java:1195) ~[ozone-manager-1.4.0-SNAPSHOT.jar:?]
	at org.apache.hadoop.ozone.om.KeyManagerImpl.getFileStatus(KeyManagerImpl.java:1113) ~[ozone-manager-1.4.0-SNAPSHOT.jar:?]
	at org.apache.hadoop.ozone.om.OmMetadataReader.getFileStatus(OmMetadataReader.java:262) ~[ozone-manager-1.4.0-SNAPSHOT.jar:?]
	at org.apache.hadoop.ozone.om.OzoneManager.getFileStatus(OzoneManager.java:3530) ~[ozone-manager-1.4.0-SNAPSHOT.jar:?]
	at org.apache.hadoop.ozone.protocolPB.OzoneManagerRequestHandler.getOzoneFileStatus(OzoneManagerRequestHandler.java:973) ~[ozone-manager-1.4.0-SNAPSHOT.jar:?]
	at org.apache.hadoop.ozone.protocolPB.OzoneManagerRequestHandler.handleReadRequest(OzoneManagerRequestHandler.java:252) ~[ozone-manager-1.4.0-SNAPSHOT.jar:?]
	at org.apache.hadoop.ozone.protocolPB.OzoneManagerProtocolServerSideTranslatorPB.submitReadRequestToOM(OzoneManagerProtocolServerSideTranslatorPB.java:225) ~[ozone-manager-1.4.0-SNAPSHOT.jar:?]
	at org.apache.hadoop.ozone.protocolPB.OzoneManagerProtocolServerSideTranslatorPB.processRequest(OzoneManagerProtocolServerSideTranslatorPB.java:179) ~[ozone-manager-1.4.0-SNAPSHOT.jar:?]
	at org.apache.hadoop.hdds.server.OzoneProtocolMessageDispatcher.processRequest(OzoneProtocolMessageDispatcher.java:87) [hdds-server-framework-1.4.0-SNAPSHOT.jar:?]
	at org.apache.hadoop.ozone.protocolPB.OzoneManagerProtocolServerSideTranslatorPB.submitRequest(OzoneManagerProtocolServerSideTranslatorPB.java:148) [ozone-manager-1.4.0-SNAPSHOT.jar:?]
	at org.apache.hadoop.ozone.protocol.proto.OzoneManagerProtocolProtos$OzoneManagerService$2.callBlockingMethod(OzoneManagerProtocolProtos.java) [ozone-interface-client-1.4.0-SNAPSHOT.jar:?]
	at org.apache.hadoop.ipc.ProtobufRpcEngine$Server.processCall(ProtobufRpcEngine.java:484) [hadoop-common-3.3.6.jar:?]
	at org.apache.hadoop.ipc.ProtobufRpcEngine2$Server$ProtoBufRpcInvoker.call(ProtobufRpcEngine2.java:595) [hadoop-common-3.3.6.jar:?]
	at org.apache.hadoop.ipc.ProtobufRpcEngine2$Server$ProtoBufRpcInvoker.call(ProtobufRpcEngine2.java:573) [hadoop-common-3.3.6.jar:?]
	at org.apache.hadoop.ipc.RPC$Server.call(RPC.java:1227) [hadoop-common-3.3.6.jar:?]
	at org.apache.hadoop.ipc.Server$RpcCall.run(Server.java:1094) [hadoop-common-3.3.6.jar:?]
	at org.apache.hadoop.ipc.Server$RpcCall.run(Server.java:1017) [hadoop-common-3.3.6.jar:?]
	at java.security.AccessController.doPrivileged(Native Method) ~[?:1.8.0_382]
	at javax.security.auth.Subject.doAs(Subject.java:422) [?:1.8.0_382]
	at org.apache.hadoop.security.UserGroupInformation.doAs(UserGroupInformation.java:1899) [hadoop-common-3.3.6.jar:?]
	at org.apache.hadoop.ipc.Server$Handler.run(Server.java:3048) [hadoop-common-3.3.6.jar:?]
2023-08-29 18:55:22,499 [Time-limited test] INFO  om.TrashPolicyOzone (TrashPolicyOzone.java:moveToTrash(209)) - Moved: '/testKey2' to trash at: /.Trash/runner/Current/testKey2
18:55:23.501 [IPC Server handler 15 on default port 15110] ERROR OMAudit - user=runner | ip=127.0.0.1 | op=GET_FILE_STATUS {volume=volume95024, bucket=bucket37863, key=.Trash/runner/Current/testKey2, dataSize=0, replicationConfig=null} | ret=FAILURE
org.apache.hadoop.ozone.om.exceptions.OMException: Unable to get file status: volume: volume95024 bucket: bucket37863 key: .Trash/runner/Current/testKey2
	at org.apache.hadoop.ozone.om.KeyManagerImpl.getOzoneFileStatus(KeyManagerImpl.java:1195) ~[ozone-manager-1.4.0-SNAPSHOT.jar:?]
	at org.apache.hadoop.ozone.om.KeyManagerImpl.getFileStatus(KeyManagerImpl.java:1113) ~[ozone-manager-1.4.0-SNAPSHOT.jar:?]
	at org.apache.hadoop.ozone.om.OmMetadataReader.getFileStatus(OmMetadataReader.java:262) ~[ozone-manager-1.4.0-SNAPSHOT.jar:?]
	at org.apache.hadoop.ozone.om.OzoneManager.getFileStatus(OzoneManager.java:3530) ~[ozone-manager-1.4.0-SNAPSHOT.jar:?]
	at org.apache.hadoop.ozone.protocolPB.OzoneManagerRequestHandler.getOzoneFileStatus(OzoneManagerRequestHandler.java:973) ~[ozone-manager-1.4.0-SNAPSHOT.jar:?]
	at org.apache.hadoop.ozone.protocolPB.OzoneManagerRequestHandler.handleReadRequest(OzoneManagerRequestHandler.java:252) ~[ozone-manager-1.4.0-SNAPSHOT.jar:?]
	at org.apache.hadoop.ozone.protocolPB.OzoneManagerProtocolServerSideTranslatorPB.submitReadRequestToOM(OzoneManagerProtocolServerSideTranslatorPB.java:225) ~[ozone-manager-1.4.0-SNAPSHOT.jar:?]
	at org.apache.hadoop.ozone.protocolPB.OzoneManagerProtocolServerSideTranslatorPB.processRequest(OzoneManagerProtocolServerSideTranslatorPB.java:179) ~[ozone-manager-1.4.0-SNAPSHOT.jar:?]
	at org.apache.hadoop.hdds.server.OzoneProtocolMessageDispatcher.processRequest(OzoneProtocolMessageDispatcher.java:87) [hdds-server-framework-1.4.0-SNAPSHOT.jar:?]
	at org.apache.hadoop.ozone.protocolPB.OzoneManagerProtocolServerSideTranslatorPB.submitRequest(OzoneManagerProtocolServerSideTranslatorPB.java:148) [ozone-manager-1.4.0-SNAPSHOT.jar:?]
	at org.apache.hadoop.ozone.protocol.proto.OzoneManagerProtocolProtos$OzoneManagerService$2.callBlockingMethod(OzoneManagerProtocolProtos.java) [ozone-interface-client-1.4.0-SNAPSHOT.jar:?]
	at org.apache.hadoop.ipc.ProtobufRpcEngine$Server.processCall(ProtobufRpcEngine.java:484) [hadoop-common-3.3.6.jar:?]
	at org.apache.hadoop.ipc.ProtobufRpcEngine2$Server$ProtoBufRpcInvoker.call(ProtobufRpcEngine2.java:595) [hadoop-common-3.3.6.jar:?]
	at org.apache.hadoop.ipc.ProtobufRpcEngine2$Server$ProtoBufRpcInvoker.call(ProtobufRpcEngine2.java:573) [hadoop-common-3.3.6.jar:?]
	at org.apache.hadoop.ipc.RPC$Server.call(RPC.java:1227) [hadoop-common-3.3.6.jar:?]
	at org.apache.hadoop.ipc.Server$RpcCall.run(Server.java:1094) [hadoop-common-3.3.6.jar:?]
	at org.apache.hadoop.ipc.Server$RpcCall.run(Server.java:1017) [hadoop-common-3.3.6.jar:?]
	at java.security.AccessController.doPrivileged(Native Method) ~[?:1.8.0_382]
	at javax.security.auth.Subject.doAs(Subject.java:422) [?:1.8.0_382]
	at org.apache.hadoop.security.UserGroupInformation.doAs(UserGroupInformation.java:1899) [hadoop-common-3.3.6.jar:?]
	at org.apache.hadoop.ipc.Server$Handler.run(Server.java:3048) [hadoop-common-3.3.6.jar:?]
]]></system-out>
  </testcase>
  <testcase name="testTrash" classname="TestOzoneFileSystem" time="4.024">
    <system-out><![CDATA[18:56:29.029 [IPC Server handler 9 on default port 15163] ERROR OMAudit - user=runner | ip=127.0.0.1 | op=GET_FILE_STATUS {volume=volume50878, bucket=bucket78448, key=.Trash/runner/Current/testKey2, dataSize=0, replicationConfig=null} | ret=FAILURE
org.apache.hadoop.ozone.om.exceptions.OMException: Unable to get file status: volume: volume50878 bucket: bucket78448 key: .Trash/runner/Current/testKey2
	at org.apache.hadoop.ozone.om.KeyManagerImpl.getOzoneFileStatus(KeyManagerImpl.java:1195) ~[ozone-manager-1.4.0-SNAPSHOT.jar:?]
	at org.apache.hadoop.ozone.om.KeyManagerImpl.getFileStatus(KeyManagerImpl.java:1113) ~[ozone-manager-1.4.0-SNAPSHOT.jar:?]
	at org.apache.hadoop.ozone.om.OmMetadataReader.getFileStatus(OmMetadataReader.java:262) ~[ozone-manager-1.4.0-SNAPSHOT.jar:?]
	at org.apache.hadoop.ozone.om.OzoneManager.getFileStatus(OzoneManager.java:3530) ~[ozone-manager-1.4.0-SNAPSHOT.jar:?]
	at org.apache.hadoop.ozone.protocolPB.OzoneManagerRequestHandler.getOzoneFileStatus(OzoneManagerRequestHandler.java:973) ~[ozone-manager-1.4.0-SNAPSHOT.jar:?]
	at org.apache.hadoop.ozone.protocolPB.OzoneManagerRequestHandler.handleReadRequest(OzoneManagerRequestHandler.java:252) ~[ozone-manager-1.4.0-SNAPSHOT.jar:?]
	at org.apache.hadoop.ozone.protocolPB.OzoneManagerProtocolServerSideTranslatorPB.submitRequestDirectlyToOM(OzoneManagerProtocolServerSideTranslatorPB.java:274) ~[ozone-manager-1.4.0-SNAPSHOT.jar:?]
	at org.apache.hadoop.ozone.protocolPB.OzoneManagerProtocolServerSideTranslatorPB.processRequest(OzoneManagerProtocolServerSideTranslatorPB.java:175) ~[ozone-manager-1.4.0-SNAPSHOT.jar:?]
	at org.apache.hadoop.hdds.server.OzoneProtocolMessageDispatcher.processRequest(OzoneProtocolMessageDispatcher.java:87) [hdds-server-framework-1.4.0-SNAPSHOT.jar:?]
	at org.apache.hadoop.ozone.protocolPB.OzoneManagerProtocolServerSideTranslatorPB.submitRequest(OzoneManagerProtocolServerSideTranslatorPB.java:148) [ozone-manager-1.4.0-SNAPSHOT.jar:?]
	at org.apache.hadoop.ozone.protocol.proto.OzoneManagerProtocolProtos$OzoneManagerService$2.callBlockingMethod(OzoneManagerProtocolProtos.java) [ozone-interface-client-1.4.0-SNAPSHOT.jar:?]
	at org.apache.hadoop.ipc.ProtobufRpcEngine$Server.processCall(ProtobufRpcEngine.java:484) [hadoop-common-3.3.6.jar:?]
	at org.apache.hadoop.ipc.ProtobufRpcEngine2$Server$ProtoBufRpcInvoker.call(ProtobufRpcEngine2.java:595) [hadoop-common-3.3.6.jar:?]
	at org.apache.hadoop.ipc.ProtobufRpcEngine2$Server$ProtoBufRpcInvoker.call(ProtobufRpcEngine2.java:573) [hadoop-common-3.3.6.jar:?]
	at org.apache.hadoop.ipc.RPC$Server.call(RPC.java:1227) [hadoop-common-3.3.6.jar:?]
	at org.apache.hadoop.ipc.Server$RpcCall.run(Server.java:1094) [hadoop-common-3.3.6.jar:?]
	at org.apache.hadoop.ipc.Server$RpcCall.run(Server.java:1017) [hadoop-common-3.3.6.jar:?]
	at java.security.AccessController.doPrivileged(Native Method) ~[?:1.8.0_382]
	at javax.security.auth.Subject.doAs(Subject.java:422) [?:1.8.0_382]
	at org.apache.hadoop.security.UserGroupInformation.doAs(UserGroupInformation.java:1899) [hadoop-common-3.3.6.jar:?]
	at org.apache.hadoop.ipc.Server$Handler.run(Server.java:3048) [hadoop-common-3.3.6.jar:?]
18:56:29.031 [IPC Server handler 12 on default port 15163] ERROR OMAudit - user=runner | ip=127.0.0.1 | op=GET_FILE_STATUS {volume=volume50878, bucket=bucket78448, key=.Trash/runner/Current/testKey2, dataSize=0, replicationConfig=null} | ret=FAILURE
org.apache.hadoop.ozone.om.exceptions.OMException: Unable to get file status: volume: volume50878 bucket: bucket78448 key: .Trash/runner/Current/testKey2
	at org.apache.hadoop.ozone.om.KeyManagerImpl.getOzoneFileStatus(KeyManagerImpl.java:1195) ~[ozone-manager-1.4.0-SNAPSHOT.jar:?]
	at org.apache.hadoop.ozone.om.KeyManagerImpl.getFileStatus(KeyManagerImpl.java:1113) ~[ozone-manager-1.4.0-SNAPSHOT.jar:?]
	at org.apache.hadoop.ozone.om.OmMetadataReader.getFileStatus(OmMetadataReader.java:262) ~[ozone-manager-1.4.0-SNAPSHOT.jar:?]
	at org.apache.hadoop.ozone.om.OzoneManager.getFileStatus(OzoneManager.java:3530) ~[ozone-manager-1.4.0-SNAPSHOT.jar:?]
	at org.apache.hadoop.ozone.protocolPB.OzoneManagerRequestHandler.getOzoneFileStatus(OzoneManagerRequestHandler.java:973) ~[ozone-manager-1.4.0-SNAPSHOT.jar:?]
	at org.apache.hadoop.ozone.protocolPB.OzoneManagerRequestHandler.handleReadRequest(OzoneManagerRequestHandler.java:252) ~[ozone-manager-1.4.0-SNAPSHOT.jar:?]
	at org.apache.hadoop.ozone.protocolPB.OzoneManagerProtocolServerSideTranslatorPB.submitRequestDirectlyToOM(OzoneManagerProtocolServerSideTranslatorPB.java:274) ~[ozone-manager-1.4.0-SNAPSHOT.jar:?]
	at org.apache.hadoop.ozone.protocolPB.OzoneManagerProtocolServerSideTranslatorPB.processRequest(OzoneManagerProtocolServerSideTranslatorPB.java:175) ~[ozone-manager-1.4.0-SNAPSHOT.jar:?]
	at org.apache.hadoop.hdds.server.OzoneProtocolMessageDispatcher.processRequest(OzoneProtocolMessageDispatcher.java:87) [hdds-server-framework-1.4.0-SNAPSHOT.jar:?]
	at org.apache.hadoop.ozone.protocolPB.OzoneManagerProtocolServerSideTranslatorPB.submitRequest(OzoneManagerProtocolServerSideTranslatorPB.java:148) [ozone-manager-1.4.0-SNAPSHOT.jar:?]
	at org.apache.hadoop.ozone.protocol.proto.OzoneManagerProtocolProtos$OzoneManagerService$2.callBlockingMethod(OzoneManagerProtocolProtos.java) [ozone-interface-client-1.4.0-SNAPSHOT.jar:?]
	at org.apache.hadoop.ipc.ProtobufRpcEngine$Server.processCall(ProtobufRpcEngine.java:484) [hadoop-common-3.3.6.jar:?]
	at org.apache.hadoop.ipc.ProtobufRpcEngine2$Server$ProtoBufRpcInvoker.call(ProtobufRpcEngine2.java:595) [hadoop-common-3.3.6.jar:?]
	at org.apache.hadoop.ipc.ProtobufRpcEngine2$Server$ProtoBufRpcInvoker.call(ProtobufRpcEngine2.java:573) [hadoop-common-3.3.6.jar:?]
	at org.apache.hadoop.ipc.RPC$Server.call(RPC.java:1227) [hadoop-common-3.3.6.jar:?]
	at org.apache.hadoop.ipc.Server$RpcCall.run(Server.java:1094) [hadoop-common-3.3.6.jar:?]
	at org.apache.hadoop.ipc.Server$RpcCall.run(Server.java:1017) [hadoop-common-3.3.6.jar:?]
	at java.security.AccessController.doPrivileged(Native Method) ~[?:1.8.0_382]
	at javax.security.auth.Subject.doAs(Subject.java:422) [?:1.8.0_382]
	at org.apache.hadoop.security.UserGroupInformation.doAs(UserGroupInformation.java:1899) [hadoop-common-3.3.6.jar:?]
	at org.apache.hadoop.ipc.Server$Handler.run(Server.java:3048) [hadoop-common-3.3.6.jar:?]
2023-08-29 18:56:29,034 [Time-limited test] INFO  om.TrashPolicyOzone (TrashPolicyOzone.java:moveToTrash(209)) - Moved: '/testKey2' to trash at: /.Trash/runner/Current/testKey2
18:56:30.035 [IPC Server handler 19 on default port 15163] ERROR OMAudit - user=runner | ip=127.0.0.1 | op=GET_FILE_STATUS {volume=volume50878, bucket=bucket78448, key=.Trash/runner/Current/testKey2, dataSize=0, replicationConfig=null} | ret=FAILURE
org.apache.hadoop.ozone.om.exceptions.OMException: Unable to get file status: volume: volume50878 bucket: bucket78448 key: .Trash/runner/Current/testKey2
	at org.apache.hadoop.ozone.om.KeyManagerImpl.getOzoneFileStatus(KeyManagerImpl.java:1195) ~[ozone-manager-1.4.0-SNAPSHOT.jar:?]
	at org.apache.hadoop.ozone.om.KeyManagerImpl.getFileStatus(KeyManagerImpl.java:1113) ~[ozone-manager-1.4.0-SNAPSHOT.jar:?]
	at org.apache.hadoop.ozone.om.OmMetadataReader.getFileStatus(OmMetadataReader.java:262) ~[ozone-manager-1.4.0-SNAPSHOT.jar:?]
	at org.apache.hadoop.ozone.om.OzoneManager.getFileStatus(OzoneManager.java:3530) ~[ozone-manager-1.4.0-SNAPSHOT.jar:?]
	at org.apache.hadoop.ozone.protocolPB.OzoneManagerRequestHandler.getOzoneFileStatus(OzoneManagerRequestHandler.java:973) ~[ozone-manager-1.4.0-SNAPSHOT.jar:?]
	at org.apache.hadoop.ozone.protocolPB.OzoneManagerRequestHandler.handleReadRequest(OzoneManagerRequestHandler.java:252) ~[ozone-manager-1.4.0-SNAPSHOT.jar:?]
	at org.apache.hadoop.ozone.protocolPB.OzoneManagerProtocolServerSideTranslatorPB.submitRequestDirectlyToOM(OzoneManagerProtocolServerSideTranslatorPB.java:274) ~[ozone-manager-1.4.0-SNAPSHOT.jar:?]
	at org.apache.hadoop.ozone.protocolPB.OzoneManagerProtocolServerSideTranslatorPB.processRequest(OzoneManagerProtocolServerSideTranslatorPB.java:175) ~[ozone-manager-1.4.0-SNAPSHOT.jar:?]
	at org.apache.hadoop.hdds.server.OzoneProtocolMessageDispatcher.processRequest(OzoneProtocolMessageDispatcher.java:87) [hdds-server-framework-1.4.0-SNAPSHOT.jar:?]
	at org.apache.hadoop.ozone.protocolPB.OzoneManagerProtocolServerSideTranslatorPB.submitRequest(OzoneManagerProtocolServerSideTranslatorPB.java:148) [ozone-manager-1.4.0-SNAPSHOT.jar:?]
	at org.apache.hadoop.ozone.protocol.proto.OzoneManagerProtocolProtos$OzoneManagerService$2.callBlockingMethod(OzoneManagerProtocolProtos.java) [ozone-interface-client-1.4.0-SNAPSHOT.jar:?]
	at org.apache.hadoop.ipc.ProtobufRpcEngine$Server.processCall(ProtobufRpcEngine.java:484) [hadoop-common-3.3.6.jar:?]
	at org.apache.hadoop.ipc.ProtobufRpcEngine2$Server$ProtoBufRpcInvoker.call(ProtobufRpcEngine2.java:595) [hadoop-common-3.3.6.jar:?]
	at org.apache.hadoop.ipc.ProtobufRpcEngine2$Server$ProtoBufRpcInvoker.call(ProtobufRpcEngine2.java:573) [hadoop-common-3.3.6.jar:?]
	at org.apache.hadoop.ipc.RPC$Server.call(RPC.java:1227) [hadoop-common-3.3.6.jar:?]
	at org.apache.hadoop.ipc.Server$RpcCall.run(Server.java:1094) [hadoop-common-3.3.6.jar:?]
	at org.apache.hadoop.ipc.Server$RpcCall.run(Server.java:1017) [hadoop-common-3.3.6.jar:?]
	at java.security.AccessController.doPrivileged(Native Method) ~[?:1.8.0_382]
	at javax.security.auth.Subject.doAs(Subject.java:422) [?:1.8.0_382]
	at org.apache.hadoop.security.UserGroupInformation.doAs(UserGroupInformation.java:1899) [hadoop-common-3.3.6.jar:?]
	at org.apache.hadoop.ipc.Server$Handler.run(Server.java:3048) [hadoop-common-3.3.6.jar:?]
]]></system-out>
  </testcase>
  <testcase name="testRenameDestinationParentDoesntExist" classname="TestOzoneFileSystem" time="0.048">
    <system-out><![CDATA[18:53:04.555 [IPC Server handler 16 on default port 15004] ERROR OMAudit - user=runner | ip=127.0.0.1 | op=GET_FILE_STATUS {volume=volume53060, bucket=bucket79480, key=root_dir/b/c, dataSize=0, replicationConfig=null} | ret=FAILURE
org.apache.hadoop.ozone.om.exceptions.OMException: Unable to get file status: volume: volume53060 bucket: bucket79480 key: root_dir/b/c
	at org.apache.hadoop.ozone.om.KeyManagerImpl.getOzoneFileStatus(KeyManagerImpl.java:1195) ~[ozone-manager-1.4.0-SNAPSHOT.jar:?]
	at org.apache.hadoop.ozone.om.KeyManagerImpl.getFileStatus(KeyManagerImpl.java:1113) ~[ozone-manager-1.4.0-SNAPSHOT.jar:?]
	at org.apache.hadoop.ozone.om.OmMetadataReader.getFileStatus(OmMetadataReader.java:262) ~[ozone-manager-1.4.0-SNAPSHOT.jar:?]
	at org.apache.hadoop.ozone.om.OzoneManager.getFileStatus(OzoneManager.java:3530) ~[ozone-manager-1.4.0-SNAPSHOT.jar:?]
	at org.apache.hadoop.ozone.protocolPB.OzoneManagerRequestHandler.getOzoneFileStatus(OzoneManagerRequestHandler.java:973) ~[ozone-manager-1.4.0-SNAPSHOT.jar:?]
	at org.apache.hadoop.ozone.protocolPB.OzoneManagerRequestHandler.handleReadRequest(OzoneManagerRequestHandler.java:252) ~[ozone-manager-1.4.0-SNAPSHOT.jar:?]
	at org.apache.hadoop.ozone.protocolPB.OzoneManagerProtocolServerSideTranslatorPB.submitReadRequestToOM(OzoneManagerProtocolServerSideTranslatorPB.java:225) ~[ozone-manager-1.4.0-SNAPSHOT.jar:?]
	at org.apache.hadoop.ozone.protocolPB.OzoneManagerProtocolServerSideTranslatorPB.processRequest(OzoneManagerProtocolServerSideTranslatorPB.java:179) ~[ozone-manager-1.4.0-SNAPSHOT.jar:?]
	at org.apache.hadoop.hdds.server.OzoneProtocolMessageDispatcher.processRequest(OzoneProtocolMessageDispatcher.java:87) [hdds-server-framework-1.4.0-SNAPSHOT.jar:?]
	at org.apache.hadoop.ozone.protocolPB.OzoneManagerProtocolServerSideTranslatorPB.submitRequest(OzoneManagerProtocolServerSideTranslatorPB.java:148) [ozone-manager-1.4.0-SNAPSHOT.jar:?]
	at org.apache.hadoop.ozone.protocol.proto.OzoneManagerProtocolProtos$OzoneManagerService$2.callBlockingMethod(OzoneManagerProtocolProtos.java) [ozone-interface-client-1.4.0-SNAPSHOT.jar:?]
	at org.apache.hadoop.ipc.ProtobufRpcEngine$Server.processCall(ProtobufRpcEngine.java:484) [hadoop-common-3.3.6.jar:?]
	at org.apache.hadoop.ipc.ProtobufRpcEngine2$Server$ProtoBufRpcInvoker.call(ProtobufRpcEngine2.java:595) [hadoop-common-3.3.6.jar:?]
	at org.apache.hadoop.ipc.ProtobufRpcEngine2$Server$ProtoBufRpcInvoker.call(ProtobufRpcEngine2.java:573) [hadoop-common-3.3.6.jar:?]
	at org.apache.hadoop.ipc.RPC$Server.call(RPC.java:1227) [hadoop-common-3.3.6.jar:?]
	at org.apache.hadoop.ipc.Server$RpcCall.run(Server.java:1094) [hadoop-common-3.3.6.jar:?]
	at org.apache.hadoop.ipc.Server$RpcCall.run(Server.java:1017) [hadoop-common-3.3.6.jar:?]
	at java.security.AccessController.doPrivileged(Native Method) ~[?:1.8.0_382]
	at javax.security.auth.Subject.doAs(Subject.java:422) [?:1.8.0_382]
	at org.apache.hadoop.security.UserGroupInformation.doAs(UserGroupInformation.java:1899) [hadoop-common-3.3.6.jar:?]
	at org.apache.hadoop.ipc.Server$Handler.run(Server.java:3048) [hadoop-common-3.3.6.jar:?]
18:53:04.557 [IPC Server handler 14 on default port 15004] ERROR OMAudit - user=runner | ip=127.0.0.1 | op=GET_FILE_STATUS {volume=volume53060, bucket=bucket79480, key=root_dir/b, dataSize=0, replicationConfig=null} | ret=FAILURE
org.apache.hadoop.ozone.om.exceptions.OMException: Unable to get file status: volume: volume53060 bucket: bucket79480 key: root_dir/b
	at org.apache.hadoop.ozone.om.KeyManagerImpl.getOzoneFileStatus(KeyManagerImpl.java:1195) ~[ozone-manager-1.4.0-SNAPSHOT.jar:?]
	at org.apache.hadoop.ozone.om.KeyManagerImpl.getFileStatus(KeyManagerImpl.java:1113) ~[ozone-manager-1.4.0-SNAPSHOT.jar:?]
	at org.apache.hadoop.ozone.om.OmMetadataReader.getFileStatus(OmMetadataReader.java:262) ~[ozone-manager-1.4.0-SNAPSHOT.jar:?]
	at org.apache.hadoop.ozone.om.OzoneManager.getFileStatus(OzoneManager.java:3530) ~[ozone-manager-1.4.0-SNAPSHOT.jar:?]
	at org.apache.hadoop.ozone.protocolPB.OzoneManagerRequestHandler.getOzoneFileStatus(OzoneManagerRequestHandler.java:973) ~[ozone-manager-1.4.0-SNAPSHOT.jar:?]
	at org.apache.hadoop.ozone.protocolPB.OzoneManagerRequestHandler.handleReadRequest(OzoneManagerRequestHandler.java:252) ~[ozone-manager-1.4.0-SNAPSHOT.jar:?]
	at org.apache.hadoop.ozone.protocolPB.OzoneManagerProtocolServerSideTranslatorPB.submitReadRequestToOM(OzoneManagerProtocolServerSideTranslatorPB.java:225) ~[ozone-manager-1.4.0-SNAPSHOT.jar:?]
	at org.apache.hadoop.ozone.protocolPB.OzoneManagerProtocolServerSideTranslatorPB.processRequest(OzoneManagerProtocolServerSideTranslatorPB.java:179) ~[ozone-manager-1.4.0-SNAPSHOT.jar:?]
	at org.apache.hadoop.hdds.server.OzoneProtocolMessageDispatcher.processRequest(OzoneProtocolMessageDispatcher.java:87) [hdds-server-framework-1.4.0-SNAPSHOT.jar:?]
	at org.apache.hadoop.ozone.protocolPB.OzoneManagerProtocolServerSideTranslatorPB.submitRequest(OzoneManagerProtocolServerSideTranslatorPB.java:148) [ozone-manager-1.4.0-SNAPSHOT.jar:?]
	at org.apache.hadoop.ozone.protocol.proto.OzoneManagerProtocolProtos$OzoneManagerService$2.callBlockingMethod(OzoneManagerProtocolProtos.java) [ozone-interface-client-1.4.0-SNAPSHOT.jar:?]
	at org.apache.hadoop.ipc.ProtobufRpcEngine$Server.processCall(ProtobufRpcEngine.java:484) [hadoop-common-3.3.6.jar:?]
	at org.apache.hadoop.ipc.ProtobufRpcEngine2$Server$ProtoBufRpcInvoker.call(ProtobufRpcEngine2.java:595) [hadoop-common-3.3.6.jar:?]
	at org.apache.hadoop.ipc.ProtobufRpcEngine2$Server$ProtoBufRpcInvoker.call(ProtobufRpcEngine2.java:573) [hadoop-common-3.3.6.jar:?]
	at org.apache.hadoop.ipc.RPC$Server.call(RPC.java:1227) [hadoop-common-3.3.6.jar:?]
	at org.apache.hadoop.ipc.Server$RpcCall.run(Server.java:1094) [hadoop-common-3.3.6.jar:?]
	at org.apache.hadoop.ipc.Server$RpcCall.run(Server.java:1017) [hadoop-common-3.3.6.jar:?]
	at java.security.AccessController.doPrivileged(Native Method) ~[?:1.8.0_382]
	at javax.security.auth.Subject.doAs(Subject.java:422) [?:1.8.0_382]
	at org.apache.hadoop.security.UserGroupInformation.doAs(UserGroupInformation.java:1899) [hadoop-common-3.3.6.jar:?]
	at org.apache.hadoop.ipc.Server$Handler.run(Server.java:3048) [hadoop-common-3.3.6.jar:?]
18:53:04.573 [IPC Server handler 7 on default port 15004] ERROR OMAudit - user=runner | ip=127.0.0.1 | op=GET_FILE_STATUS {volume=volume53060, bucket=bucket79480, key=root_dir/file1/c, dataSize=0, replicationConfig=null} | ret=FAILURE
org.apache.hadoop.ozone.om.exceptions.OMException: Unable to get file status: volume: volume53060 bucket: bucket79480 key: root_dir/file1/c
	at org.apache.hadoop.ozone.om.KeyManagerImpl.getOzoneFileStatus(KeyManagerImpl.java:1195) ~[ozone-manager-1.4.0-SNAPSHOT.jar:?]
	at org.apache.hadoop.ozone.om.KeyManagerImpl.getFileStatus(KeyManagerImpl.java:1113) ~[ozone-manager-1.4.0-SNAPSHOT.jar:?]
	at org.apache.hadoop.ozone.om.OmMetadataReader.getFileStatus(OmMetadataReader.java:262) ~[ozone-manager-1.4.0-SNAPSHOT.jar:?]
	at org.apache.hadoop.ozone.om.OzoneManager.getFileStatus(OzoneManager.java:3530) ~[ozone-manager-1.4.0-SNAPSHOT.jar:?]
	at org.apache.hadoop.ozone.protocolPB.OzoneManagerRequestHandler.getOzoneFileStatus(OzoneManagerRequestHandler.java:973) ~[ozone-manager-1.4.0-SNAPSHOT.jar:?]
	at org.apache.hadoop.ozone.protocolPB.OzoneManagerRequestHandler.handleReadRequest(OzoneManagerRequestHandler.java:252) ~[ozone-manager-1.4.0-SNAPSHOT.jar:?]
	at org.apache.hadoop.ozone.protocolPB.OzoneManagerProtocolServerSideTranslatorPB.submitReadRequestToOM(OzoneManagerProtocolServerSideTranslatorPB.java:225) ~[ozone-manager-1.4.0-SNAPSHOT.jar:?]
	at org.apache.hadoop.ozone.protocolPB.OzoneManagerProtocolServerSideTranslatorPB.processRequest(OzoneManagerProtocolServerSideTranslatorPB.java:179) ~[ozone-manager-1.4.0-SNAPSHOT.jar:?]
	at org.apache.hadoop.hdds.server.OzoneProtocolMessageDispatcher.processRequest(OzoneProtocolMessageDispatcher.java:87) [hdds-server-framework-1.4.0-SNAPSHOT.jar:?]
	at org.apache.hadoop.ozone.protocolPB.OzoneManagerProtocolServerSideTranslatorPB.submitRequest(OzoneManagerProtocolServerSideTranslatorPB.java:148) [ozone-manager-1.4.0-SNAPSHOT.jar:?]
	at org.apache.hadoop.ozone.protocol.proto.OzoneManagerProtocolProtos$OzoneManagerService$2.callBlockingMethod(OzoneManagerProtocolProtos.java) [ozone-interface-client-1.4.0-SNAPSHOT.jar:?]
	at org.apache.hadoop.ipc.ProtobufRpcEngine$Server.processCall(ProtobufRpcEngine.java:484) [hadoop-common-3.3.6.jar:?]
	at org.apache.hadoop.ipc.ProtobufRpcEngine2$Server$ProtoBufRpcInvoker.call(ProtobufRpcEngine2.java:595) [hadoop-common-3.3.6.jar:?]
	at org.apache.hadoop.ipc.ProtobufRpcEngine2$Server$ProtoBufRpcInvoker.call(ProtobufRpcEngine2.java:573) [hadoop-common-3.3.6.jar:?]
	at org.apache.hadoop.ipc.RPC$Server.call(RPC.java:1227) [hadoop-common-3.3.6.jar:?]
	at org.apache.hadoop.ipc.Server$RpcCall.run(Server.java:1094) [hadoop-common-3.3.6.jar:?]
	at org.apache.hadoop.ipc.Server$RpcCall.run(Server.java:1017) [hadoop-common-3.3.6.jar:?]
	at java.security.AccessController.doPrivileged(Native Method) ~[?:1.8.0_382]
	at javax.security.auth.Subject.doAs(Subject.java:422) [?:1.8.0_382]
	at org.apache.hadoop.security.UserGroupInformation.doAs(UserGroupInformation.java:1899) [hadoop-common-3.3.6.jar:?]
	at org.apache.hadoop.ipc.Server$Handler.run(Server.java:3048) [hadoop-common-3.3.6.jar:?]
]]></system-out>
  </testcase>
  <testcase name="testRenameDestinationParentDoesntExist" classname="TestOzoneFileSystem" time="0.027">
    <system-out><![CDATA[18:54:24.535 [IPC Server handler 16 on default port 15057] ERROR OMAudit - user=runner | ip=127.0.0.1 | op=GET_FILE_STATUS {volume=volume92422, bucket=bucket94858, key=root_dir/b/c, dataSize=0, replicationConfig=null} | ret=FAILURE
org.apache.hadoop.ozone.om.exceptions.OMException: Unable to get file status: volume: volume92422 bucket: bucket94858 key: root_dir/b/c
	at org.apache.hadoop.ozone.om.KeyManagerImpl.getOzoneFileStatus(KeyManagerImpl.java:1195) ~[ozone-manager-1.4.0-SNAPSHOT.jar:?]
	at org.apache.hadoop.ozone.om.KeyManagerImpl.getFileStatus(KeyManagerImpl.java:1113) ~[ozone-manager-1.4.0-SNAPSHOT.jar:?]
	at org.apache.hadoop.ozone.om.OmMetadataReader.getFileStatus(OmMetadataReader.java:262) ~[ozone-manager-1.4.0-SNAPSHOT.jar:?]
	at org.apache.hadoop.ozone.om.OzoneManager.getFileStatus(OzoneManager.java:3530) ~[ozone-manager-1.4.0-SNAPSHOT.jar:?]
	at org.apache.hadoop.ozone.protocolPB.OzoneManagerRequestHandler.getOzoneFileStatus(OzoneManagerRequestHandler.java:973) ~[ozone-manager-1.4.0-SNAPSHOT.jar:?]
	at org.apache.hadoop.ozone.protocolPB.OzoneManagerRequestHandler.handleReadRequest(OzoneManagerRequestHandler.java:252) ~[ozone-manager-1.4.0-SNAPSHOT.jar:?]
	at org.apache.hadoop.ozone.protocolPB.OzoneManagerProtocolServerSideTranslatorPB.submitRequestDirectlyToOM(OzoneManagerProtocolServerSideTranslatorPB.java:274) ~[ozone-manager-1.4.0-SNAPSHOT.jar:?]
	at org.apache.hadoop.ozone.protocolPB.OzoneManagerProtocolServerSideTranslatorPB.processRequest(OzoneManagerProtocolServerSideTranslatorPB.java:175) ~[ozone-manager-1.4.0-SNAPSHOT.jar:?]
	at org.apache.hadoop.hdds.server.OzoneProtocolMessageDispatcher.processRequest(OzoneProtocolMessageDispatcher.java:87) [hdds-server-framework-1.4.0-SNAPSHOT.jar:?]
	at org.apache.hadoop.ozone.protocolPB.OzoneManagerProtocolServerSideTranslatorPB.submitRequest(OzoneManagerProtocolServerSideTranslatorPB.java:148) [ozone-manager-1.4.0-SNAPSHOT.jar:?]
	at org.apache.hadoop.ozone.protocol.proto.OzoneManagerProtocolProtos$OzoneManagerService$2.callBlockingMethod(OzoneManagerProtocolProtos.java) [ozone-interface-client-1.4.0-SNAPSHOT.jar:?]
	at org.apache.hadoop.ipc.ProtobufRpcEngine$Server.processCall(ProtobufRpcEngine.java:484) [hadoop-common-3.3.6.jar:?]
	at org.apache.hadoop.ipc.ProtobufRpcEngine2$Server$ProtoBufRpcInvoker.call(ProtobufRpcEngine2.java:595) [hadoop-common-3.3.6.jar:?]
	at org.apache.hadoop.ipc.ProtobufRpcEngine2$Server$ProtoBufRpcInvoker.call(ProtobufRpcEngine2.java:573) [hadoop-common-3.3.6.jar:?]
	at org.apache.hadoop.ipc.RPC$Server.call(RPC.java:1227) [hadoop-common-3.3.6.jar:?]
	at org.apache.hadoop.ipc.Server$RpcCall.run(Server.java:1094) [hadoop-common-3.3.6.jar:?]
	at org.apache.hadoop.ipc.Server$RpcCall.run(Server.java:1017) [hadoop-common-3.3.6.jar:?]
	at java.security.AccessController.doPrivileged(Native Method) ~[?:1.8.0_382]
	at javax.security.auth.Subject.doAs(Subject.java:422) [?:1.8.0_382]
	at org.apache.hadoop.security.UserGroupInformation.doAs(UserGroupInformation.java:1899) [hadoop-common-3.3.6.jar:?]
	at org.apache.hadoop.ipc.Server$Handler.run(Server.java:3048) [hadoop-common-3.3.6.jar:?]
18:54:24.537 [IPC Server handler 17 on default port 15057] ERROR OMAudit - user=runner | ip=127.0.0.1 | op=GET_FILE_STATUS {volume=volume92422, bucket=bucket94858, key=root_dir/b, dataSize=0, replicationConfig=null} | ret=FAILURE
org.apache.hadoop.ozone.om.exceptions.OMException: Unable to get file status: volume: volume92422 bucket: bucket94858 key: root_dir/b
	at org.apache.hadoop.ozone.om.KeyManagerImpl.getOzoneFileStatus(KeyManagerImpl.java:1195) ~[ozone-manager-1.4.0-SNAPSHOT.jar:?]
	at org.apache.hadoop.ozone.om.KeyManagerImpl.getFileStatus(KeyManagerImpl.java:1113) ~[ozone-manager-1.4.0-SNAPSHOT.jar:?]
	at org.apache.hadoop.ozone.om.OmMetadataReader.getFileStatus(OmMetadataReader.java:262) ~[ozone-manager-1.4.0-SNAPSHOT.jar:?]
	at org.apache.hadoop.ozone.om.OzoneManager.getFileStatus(OzoneManager.java:3530) ~[ozone-manager-1.4.0-SNAPSHOT.jar:?]
	at org.apache.hadoop.ozone.protocolPB.OzoneManagerRequestHandler.getOzoneFileStatus(OzoneManagerRequestHandler.java:973) ~[ozone-manager-1.4.0-SNAPSHOT.jar:?]
	at org.apache.hadoop.ozone.protocolPB.OzoneManagerRequestHandler.handleReadRequest(OzoneManagerRequestHandler.java:252) ~[ozone-manager-1.4.0-SNAPSHOT.jar:?]
	at org.apache.hadoop.ozone.protocolPB.OzoneManagerProtocolServerSideTranslatorPB.submitRequestDirectlyToOM(OzoneManagerProtocolServerSideTranslatorPB.java:274) ~[ozone-manager-1.4.0-SNAPSHOT.jar:?]
	at org.apache.hadoop.ozone.protocolPB.OzoneManagerProtocolServerSideTranslatorPB.processRequest(OzoneManagerProtocolServerSideTranslatorPB.java:175) ~[ozone-manager-1.4.0-SNAPSHOT.jar:?]
	at org.apache.hadoop.hdds.server.OzoneProtocolMessageDispatcher.processRequest(OzoneProtocolMessageDispatcher.java:87) [hdds-server-framework-1.4.0-SNAPSHOT.jar:?]
	at org.apache.hadoop.ozone.protocolPB.OzoneManagerProtocolServerSideTranslatorPB.submitRequest(OzoneManagerProtocolServerSideTranslatorPB.java:148) [ozone-manager-1.4.0-SNAPSHOT.jar:?]
	at org.apache.hadoop.ozone.protocol.proto.OzoneManagerProtocolProtos$OzoneManagerService$2.callBlockingMethod(OzoneManagerProtocolProtos.java) [ozone-interface-client-1.4.0-SNAPSHOT.jar:?]
	at org.apache.hadoop.ipc.ProtobufRpcEngine$Server.processCall(ProtobufRpcEngine.java:484) [hadoop-common-3.3.6.jar:?]
	at org.apache.hadoop.ipc.ProtobufRpcEngine2$Server$ProtoBufRpcInvoker.call(ProtobufRpcEngine2.java:595) [hadoop-common-3.3.6.jar:?]
	at org.apache.hadoop.ipc.ProtobufRpcEngine2$Server$ProtoBufRpcInvoker.call(ProtobufRpcEngine2.java:573) [hadoop-common-3.3.6.jar:?]
	at org.apache.hadoop.ipc.RPC$Server.call(RPC.java:1227) [hadoop-common-3.3.6.jar:?]
	at org.apache.hadoop.ipc.Server$RpcCall.run(Server.java:1094) [hadoop-common-3.3.6.jar:?]
	at org.apache.hadoop.ipc.Server$RpcCall.run(Server.java:1017) [hadoop-common-3.3.6.jar:?]
	at java.security.AccessController.doPrivileged(Native Method) ~[?:1.8.0_382]
	at javax.security.auth.Subject.doAs(Subject.java:422) [?:1.8.0_382]
	at org.apache.hadoop.security.UserGroupInformation.doAs(UserGroupInformation.java:1899) [hadoop-common-3.3.6.jar:?]
	at org.apache.hadoop.ipc.Server$Handler.run(Server.java:3048) [hadoop-common-3.3.6.jar:?]
18:54:24.545 [IPC Server handler 1 on default port 15057] ERROR OMAudit - user=runner | ip=127.0.0.1 | op=GET_FILE_STATUS {volume=volume92422, bucket=bucket94858, key=root_dir/file1/c, dataSize=0, replicationConfig=null} | ret=FAILURE
org.apache.hadoop.ozone.om.exceptions.OMException: Unable to get file status: volume: volume92422 bucket: bucket94858 key: root_dir/file1/c
	at org.apache.hadoop.ozone.om.KeyManagerImpl.getOzoneFileStatus(KeyManagerImpl.java:1195) ~[ozone-manager-1.4.0-SNAPSHOT.jar:?]
	at org.apache.hadoop.ozone.om.KeyManagerImpl.getFileStatus(KeyManagerImpl.java:1113) ~[ozone-manager-1.4.0-SNAPSHOT.jar:?]
	at org.apache.hadoop.ozone.om.OmMetadataReader.getFileStatus(OmMetadataReader.java:262) ~[ozone-manager-1.4.0-SNAPSHOT.jar:?]
	at org.apache.hadoop.ozone.om.OzoneManager.getFileStatus(OzoneManager.java:3530) ~[ozone-manager-1.4.0-SNAPSHOT.jar:?]
	at org.apache.hadoop.ozone.protocolPB.OzoneManagerRequestHandler.getOzoneFileStatus(OzoneManagerRequestHandler.java:973) ~[ozone-manager-1.4.0-SNAPSHOT.jar:?]
	at org.apache.hadoop.ozone.protocolPB.OzoneManagerRequestHandler.handleReadRequest(OzoneManagerRequestHandler.java:252) ~[ozone-manager-1.4.0-SNAPSHOT.jar:?]
	at org.apache.hadoop.ozone.protocolPB.OzoneManagerProtocolServerSideTranslatorPB.submitRequestDirectlyToOM(OzoneManagerProtocolServerSideTranslatorPB.java:274) ~[ozone-manager-1.4.0-SNAPSHOT.jar:?]
	at org.apache.hadoop.ozone.protocolPB.OzoneManagerProtocolServerSideTranslatorPB.processRequest(OzoneManagerProtocolServerSideTranslatorPB.java:175) ~[ozone-manager-1.4.0-SNAPSHOT.jar:?]
	at org.apache.hadoop.hdds.server.OzoneProtocolMessageDispatcher.processRequest(OzoneProtocolMessageDispatcher.java:87) [hdds-server-framework-1.4.0-SNAPSHOT.jar:?]
	at org.apache.hadoop.ozone.protocolPB.OzoneManagerProtocolServerSideTranslatorPB.submitRequest(OzoneManagerProtocolServerSideTranslatorPB.java:148) [ozone-manager-1.4.0-SNAPSHOT.jar:?]
	at org.apache.hadoop.ozone.protocol.proto.OzoneManagerProtocolProtos$OzoneManagerService$2.callBlockingMethod(OzoneManagerProtocolProtos.java) [ozone-interface-client-1.4.0-SNAPSHOT.jar:?]
	at org.apache.hadoop.ipc.ProtobufRpcEngine$Server.processCall(ProtobufRpcEngine.java:484) [hadoop-common-3.3.6.jar:?]
	at org.apache.hadoop.ipc.ProtobufRpcEngine2$Server$ProtoBufRpcInvoker.call(ProtobufRpcEngine2.java:595) [hadoop-common-3.3.6.jar:?]
	at org.apache.hadoop.ipc.ProtobufRpcEngine2$Server$ProtoBufRpcInvoker.call(ProtobufRpcEngine2.java:573) [hadoop-common-3.3.6.jar:?]
	at org.apache.hadoop.ipc.RPC$Server.call(RPC.java:1227) [hadoop-common-3.3.6.jar:?]
	at org.apache.hadoop.ipc.Server$RpcCall.run(Server.java:1094) [hadoop-common-3.3.6.jar:?]
	at org.apache.hadoop.ipc.Server$RpcCall.run(Server.java:1017) [hadoop-common-3.3.6.jar:?]
	at java.security.AccessController.doPrivileged(Native Method) ~[?:1.8.0_382]
	at javax.security.auth.Subject.doAs(Subject.java:422) [?:1.8.0_382]
	at org.apache.hadoop.security.UserGroupInformation.doAs(UserGroupInformation.java:1899) [hadoop-common-3.3.6.jar:?]
	at org.apache.hadoop.ipc.Server$Handler.run(Server.java:3048) [hadoop-common-3.3.6.jar:?]
]]></system-out>
  </testcase>
  <testcase name="testRenameDestinationParentDoesntExist" classname="TestOzoneFileSystem" time="0.023">
    <system-out><![CDATA[18:55:25.523 [IPC Server handler 9 on default port 15110] ERROR OMAudit - user=runner | ip=127.0.0.1 | op=GET_FILE_STATUS {volume=volume95024, bucket=bucket37863, key=root_dir/b/c, dataSize=0, replicationConfig=null} | ret=FAILURE
org.apache.hadoop.ozone.om.exceptions.OMException: Unable to get file status: volume: volume95024 bucket: bucket37863 key: root_dir/b/c
	at org.apache.hadoop.ozone.om.KeyManagerImpl.getOzoneFileStatus(KeyManagerImpl.java:1195) ~[ozone-manager-1.4.0-SNAPSHOT.jar:?]
	at org.apache.hadoop.ozone.om.KeyManagerImpl.getFileStatus(KeyManagerImpl.java:1113) ~[ozone-manager-1.4.0-SNAPSHOT.jar:?]
	at org.apache.hadoop.ozone.om.OmMetadataReader.getFileStatus(OmMetadataReader.java:262) ~[ozone-manager-1.4.0-SNAPSHOT.jar:?]
	at org.apache.hadoop.ozone.om.OzoneManager.getFileStatus(OzoneManager.java:3530) ~[ozone-manager-1.4.0-SNAPSHOT.jar:?]
	at org.apache.hadoop.ozone.protocolPB.OzoneManagerRequestHandler.getOzoneFileStatus(OzoneManagerRequestHandler.java:973) ~[ozone-manager-1.4.0-SNAPSHOT.jar:?]
	at org.apache.hadoop.ozone.protocolPB.OzoneManagerRequestHandler.handleReadRequest(OzoneManagerRequestHandler.java:252) ~[ozone-manager-1.4.0-SNAPSHOT.jar:?]
	at org.apache.hadoop.ozone.protocolPB.OzoneManagerProtocolServerSideTranslatorPB.submitReadRequestToOM(OzoneManagerProtocolServerSideTranslatorPB.java:225) ~[ozone-manager-1.4.0-SNAPSHOT.jar:?]
	at org.apache.hadoop.ozone.protocolPB.OzoneManagerProtocolServerSideTranslatorPB.processRequest(OzoneManagerProtocolServerSideTranslatorPB.java:179) ~[ozone-manager-1.4.0-SNAPSHOT.jar:?]
	at org.apache.hadoop.hdds.server.OzoneProtocolMessageDispatcher.processRequest(OzoneProtocolMessageDispatcher.java:87) [hdds-server-framework-1.4.0-SNAPSHOT.jar:?]
	at org.apache.hadoop.ozone.protocolPB.OzoneManagerProtocolServerSideTranslatorPB.submitRequest(OzoneManagerProtocolServerSideTranslatorPB.java:148) [ozone-manager-1.4.0-SNAPSHOT.jar:?]
	at org.apache.hadoop.ozone.protocol.proto.OzoneManagerProtocolProtos$OzoneManagerService$2.callBlockingMethod(OzoneManagerProtocolProtos.java) [ozone-interface-client-1.4.0-SNAPSHOT.jar:?]
	at org.apache.hadoop.ipc.ProtobufRpcEngine$Server.processCall(ProtobufRpcEngine.java:484) [hadoop-common-3.3.6.jar:?]
	at org.apache.hadoop.ipc.ProtobufRpcEngine2$Server$ProtoBufRpcInvoker.call(ProtobufRpcEngine2.java:595) [hadoop-common-3.3.6.jar:?]
	at org.apache.hadoop.ipc.ProtobufRpcEngine2$Server$ProtoBufRpcInvoker.call(ProtobufRpcEngine2.java:573) [hadoop-common-3.3.6.jar:?]
	at org.apache.hadoop.ipc.RPC$Server.call(RPC.java:1227) [hadoop-common-3.3.6.jar:?]
	at org.apache.hadoop.ipc.Server$RpcCall.run(Server.java:1094) [hadoop-common-3.3.6.jar:?]
	at org.apache.hadoop.ipc.Server$RpcCall.run(Server.java:1017) [hadoop-common-3.3.6.jar:?]
	at java.security.AccessController.doPrivileged(Native Method) ~[?:1.8.0_382]
	at javax.security.auth.Subject.doAs(Subject.java:422) [?:1.8.0_382]
	at org.apache.hadoop.security.UserGroupInformation.doAs(UserGroupInformation.java:1899) [hadoop-common-3.3.6.jar:?]
	at org.apache.hadoop.ipc.Server$Handler.run(Server.java:3048) [hadoop-common-3.3.6.jar:?]
18:55:25.524 [IPC Server handler 11 on default port 15110] ERROR OMAudit - user=runner | ip=127.0.0.1 | op=GET_FILE_STATUS {volume=volume95024, bucket=bucket37863, key=root_dir/b, dataSize=0, replicationConfig=null} | ret=FAILURE
org.apache.hadoop.ozone.om.exceptions.OMException: Unable to get file status: volume: volume95024 bucket: bucket37863 key: root_dir/b
	at org.apache.hadoop.ozone.om.KeyManagerImpl.getOzoneFileStatus(KeyManagerImpl.java:1195) ~[ozone-manager-1.4.0-SNAPSHOT.jar:?]
	at org.apache.hadoop.ozone.om.KeyManagerImpl.getFileStatus(KeyManagerImpl.java:1113) ~[ozone-manager-1.4.0-SNAPSHOT.jar:?]
	at org.apache.hadoop.ozone.om.OmMetadataReader.getFileStatus(OmMetadataReader.java:262) ~[ozone-manager-1.4.0-SNAPSHOT.jar:?]
	at org.apache.hadoop.ozone.om.OzoneManager.getFileStatus(OzoneManager.java:3530) ~[ozone-manager-1.4.0-SNAPSHOT.jar:?]
	at org.apache.hadoop.ozone.protocolPB.OzoneManagerRequestHandler.getOzoneFileStatus(OzoneManagerRequestHandler.java:973) ~[ozone-manager-1.4.0-SNAPSHOT.jar:?]
	at org.apache.hadoop.ozone.protocolPB.OzoneManagerRequestHandler.handleReadRequest(OzoneManagerRequestHandler.java:252) ~[ozone-manager-1.4.0-SNAPSHOT.jar:?]
	at org.apache.hadoop.ozone.protocolPB.OzoneManagerProtocolServerSideTranslatorPB.submitReadRequestToOM(OzoneManagerProtocolServerSideTranslatorPB.java:225) ~[ozone-manager-1.4.0-SNAPSHOT.jar:?]
	at org.apache.hadoop.ozone.protocolPB.OzoneManagerProtocolServerSideTranslatorPB.processRequest(OzoneManagerProtocolServerSideTranslatorPB.java:179) ~[ozone-manager-1.4.0-SNAPSHOT.jar:?]
	at org.apache.hadoop.hdds.server.OzoneProtocolMessageDispatcher.processRequest(OzoneProtocolMessageDispatcher.java:87) [hdds-server-framework-1.4.0-SNAPSHOT.jar:?]
	at org.apache.hadoop.ozone.protocolPB.OzoneManagerProtocolServerSideTranslatorPB.submitRequest(OzoneManagerProtocolServerSideTranslatorPB.java:148) [ozone-manager-1.4.0-SNAPSHOT.jar:?]
	at org.apache.hadoop.ozone.protocol.proto.OzoneManagerProtocolProtos$OzoneManagerService$2.callBlockingMethod(OzoneManagerProtocolProtos.java) [ozone-interface-client-1.4.0-SNAPSHOT.jar:?]
	at org.apache.hadoop.ipc.ProtobufRpcEngine$Server.processCall(ProtobufRpcEngine.java:484) [hadoop-common-3.3.6.jar:?]
	at org.apache.hadoop.ipc.ProtobufRpcEngine2$Server$ProtoBufRpcInvoker.call(ProtobufRpcEngine2.java:595) [hadoop-common-3.3.6.jar:?]
	at org.apache.hadoop.ipc.ProtobufRpcEngine2$Server$ProtoBufRpcInvoker.call(ProtobufRpcEngine2.java:573) [hadoop-common-3.3.6.jar:?]
	at org.apache.hadoop.ipc.RPC$Server.call(RPC.java:1227) [hadoop-common-3.3.6.jar:?]
	at org.apache.hadoop.ipc.Server$RpcCall.run(Server.java:1094) [hadoop-common-3.3.6.jar:?]
	at org.apache.hadoop.ipc.Server$RpcCall.run(Server.java:1017) [hadoop-common-3.3.6.jar:?]
	at java.security.AccessController.doPrivileged(Native Method) ~[?:1.8.0_382]
	at javax.security.auth.Subject.doAs(Subject.java:422) [?:1.8.0_382]
	at org.apache.hadoop.security.UserGroupInformation.doAs(UserGroupInformation.java:1899) [hadoop-common-3.3.6.jar:?]
	at org.apache.hadoop.ipc.Server$Handler.run(Server.java:3048) [hadoop-common-3.3.6.jar:?]
18:55:25.531 [IPC Server handler 16 on default port 15110] ERROR OMAudit - user=runner | ip=127.0.0.1 | op=GET_FILE_STATUS {volume=volume95024, bucket=bucket37863, key=root_dir/file1/c, dataSize=0, replicationConfig=null} | ret=FAILURE
org.apache.hadoop.ozone.om.exceptions.OMException: Unable to get file status: volume: volume95024 bucket: bucket37863 key: root_dir/file1/c
	at org.apache.hadoop.ozone.om.KeyManagerImpl.getOzoneFileStatus(KeyManagerImpl.java:1195) ~[ozone-manager-1.4.0-SNAPSHOT.jar:?]
	at org.apache.hadoop.ozone.om.KeyManagerImpl.getFileStatus(KeyManagerImpl.java:1113) ~[ozone-manager-1.4.0-SNAPSHOT.jar:?]
	at org.apache.hadoop.ozone.om.OmMetadataReader.getFileStatus(OmMetadataReader.java:262) ~[ozone-manager-1.4.0-SNAPSHOT.jar:?]
	at org.apache.hadoop.ozone.om.OzoneManager.getFileStatus(OzoneManager.java:3530) ~[ozone-manager-1.4.0-SNAPSHOT.jar:?]
	at org.apache.hadoop.ozone.protocolPB.OzoneManagerRequestHandler.getOzoneFileStatus(OzoneManagerRequestHandler.java:973) ~[ozone-manager-1.4.0-SNAPSHOT.jar:?]
	at org.apache.hadoop.ozone.protocolPB.OzoneManagerRequestHandler.handleReadRequest(OzoneManagerRequestHandler.java:252) ~[ozone-manager-1.4.0-SNAPSHOT.jar:?]
	at org.apache.hadoop.ozone.protocolPB.OzoneManagerProtocolServerSideTranslatorPB.submitReadRequestToOM(OzoneManagerProtocolServerSideTranslatorPB.java:225) ~[ozone-manager-1.4.0-SNAPSHOT.jar:?]
	at org.apache.hadoop.ozone.protocolPB.OzoneManagerProtocolServerSideTranslatorPB.processRequest(OzoneManagerProtocolServerSideTranslatorPB.java:179) ~[ozone-manager-1.4.0-SNAPSHOT.jar:?]
	at org.apache.hadoop.hdds.server.OzoneProtocolMessageDispatcher.processRequest(OzoneProtocolMessageDispatcher.java:87) [hdds-server-framework-1.4.0-SNAPSHOT.jar:?]
	at org.apache.hadoop.ozone.protocolPB.OzoneManagerProtocolServerSideTranslatorPB.submitRequest(OzoneManagerProtocolServerSideTranslatorPB.java:148) [ozone-manager-1.4.0-SNAPSHOT.jar:?]
	at org.apache.hadoop.ozone.protocol.proto.OzoneManagerProtocolProtos$OzoneManagerService$2.callBlockingMethod(OzoneManagerProtocolProtos.java) [ozone-interface-client-1.4.0-SNAPSHOT.jar:?]
	at org.apache.hadoop.ipc.ProtobufRpcEngine$Server.processCall(ProtobufRpcEngine.java:484) [hadoop-common-3.3.6.jar:?]
	at org.apache.hadoop.ipc.ProtobufRpcEngine2$Server$ProtoBufRpcInvoker.call(ProtobufRpcEngine2.java:595) [hadoop-common-3.3.6.jar:?]
	at org.apache.hadoop.ipc.ProtobufRpcEngine2$Server$ProtoBufRpcInvoker.call(ProtobufRpcEngine2.java:573) [hadoop-common-3.3.6.jar:?]
	at org.apache.hadoop.ipc.RPC$Server.call(RPC.java:1227) [hadoop-common-3.3.6.jar:?]
	at org.apache.hadoop.ipc.Server$RpcCall.run(Server.java:1094) [hadoop-common-3.3.6.jar:?]
	at org.apache.hadoop.ipc.Server$RpcCall.run(Server.java:1017) [hadoop-common-3.3.6.jar:?]
	at java.security.AccessController.doPrivileged(Native Method) ~[?:1.8.0_382]
	at javax.security.auth.Subject.doAs(Subject.java:422) [?:1.8.0_382]
	at org.apache.hadoop.security.UserGroupInformation.doAs(UserGroupInformation.java:1899) [hadoop-common-3.3.6.jar:?]
	at org.apache.hadoop.ipc.Server$Handler.run(Server.java:3048) [hadoop-common-3.3.6.jar:?]
]]></system-out>
  </testcase>
  <testcase name="testRenameDestinationParentDoesntExist" classname="TestOzoneFileSystem" time="0.017">
    <system-out><![CDATA[18:56:33.050 [IPC Server handler 10 on default port 15163] ERROR OMAudit - user=runner | ip=127.0.0.1 | op=GET_FILE_STATUS {volume=volume50878, bucket=bucket78448, key=root_dir/b/c, dataSize=0, replicationConfig=null} | ret=FAILURE
org.apache.hadoop.ozone.om.exceptions.OMException: Unable to get file status: volume: volume50878 bucket: bucket78448 key: root_dir/b/c
	at org.apache.hadoop.ozone.om.KeyManagerImpl.getOzoneFileStatus(KeyManagerImpl.java:1195) ~[ozone-manager-1.4.0-SNAPSHOT.jar:?]
	at org.apache.hadoop.ozone.om.KeyManagerImpl.getFileStatus(KeyManagerImpl.java:1113) ~[ozone-manager-1.4.0-SNAPSHOT.jar:?]
	at org.apache.hadoop.ozone.om.OmMetadataReader.getFileStatus(OmMetadataReader.java:262) ~[ozone-manager-1.4.0-SNAPSHOT.jar:?]
	at org.apache.hadoop.ozone.om.OzoneManager.getFileStatus(OzoneManager.java:3530) ~[ozone-manager-1.4.0-SNAPSHOT.jar:?]
	at org.apache.hadoop.ozone.protocolPB.OzoneManagerRequestHandler.getOzoneFileStatus(OzoneManagerRequestHandler.java:973) ~[ozone-manager-1.4.0-SNAPSHOT.jar:?]
	at org.apache.hadoop.ozone.protocolPB.OzoneManagerRequestHandler.handleReadRequest(OzoneManagerRequestHandler.java:252) ~[ozone-manager-1.4.0-SNAPSHOT.jar:?]
	at org.apache.hadoop.ozone.protocolPB.OzoneManagerProtocolServerSideTranslatorPB.submitRequestDirectlyToOM(OzoneManagerProtocolServerSideTranslatorPB.java:274) ~[ozone-manager-1.4.0-SNAPSHOT.jar:?]
	at org.apache.hadoop.ozone.protocolPB.OzoneManagerProtocolServerSideTranslatorPB.processRequest(OzoneManagerProtocolServerSideTranslatorPB.java:175) ~[ozone-manager-1.4.0-SNAPSHOT.jar:?]
	at org.apache.hadoop.hdds.server.OzoneProtocolMessageDispatcher.processRequest(OzoneProtocolMessageDispatcher.java:87) [hdds-server-framework-1.4.0-SNAPSHOT.jar:?]
	at org.apache.hadoop.ozone.protocolPB.OzoneManagerProtocolServerSideTranslatorPB.submitRequest(OzoneManagerProtocolServerSideTranslatorPB.java:148) [ozone-manager-1.4.0-SNAPSHOT.jar:?]
	at org.apache.hadoop.ozone.protocol.proto.OzoneManagerProtocolProtos$OzoneManagerService$2.callBlockingMethod(OzoneManagerProtocolProtos.java) [ozone-interface-client-1.4.0-SNAPSHOT.jar:?]
	at org.apache.hadoop.ipc.ProtobufRpcEngine$Server.processCall(ProtobufRpcEngine.java:484) [hadoop-common-3.3.6.jar:?]
	at org.apache.hadoop.ipc.ProtobufRpcEngine2$Server$ProtoBufRpcInvoker.call(ProtobufRpcEngine2.java:595) [hadoop-common-3.3.6.jar:?]
	at org.apache.hadoop.ipc.ProtobufRpcEngine2$Server$ProtoBufRpcInvoker.call(ProtobufRpcEngine2.java:573) [hadoop-common-3.3.6.jar:?]
	at org.apache.hadoop.ipc.RPC$Server.call(RPC.java:1227) [hadoop-common-3.3.6.jar:?]
	at org.apache.hadoop.ipc.Server$RpcCall.run(Server.java:1094) [hadoop-common-3.3.6.jar:?]
	at org.apache.hadoop.ipc.Server$RpcCall.run(Server.java:1017) [hadoop-common-3.3.6.jar:?]
	at java.security.AccessController.doPrivileged(Native Method) ~[?:1.8.0_382]
	at javax.security.auth.Subject.doAs(Subject.java:422) [?:1.8.0_382]
	at org.apache.hadoop.security.UserGroupInformation.doAs(UserGroupInformation.java:1899) [hadoop-common-3.3.6.jar:?]
	at org.apache.hadoop.ipc.Server$Handler.run(Server.java:3048) [hadoop-common-3.3.6.jar:?]
18:56:33.051 [IPC Server handler 14 on default port 15163] ERROR OMAudit - user=runner | ip=127.0.0.1 | op=GET_FILE_STATUS {volume=volume50878, bucket=bucket78448, key=root_dir/b, dataSize=0, replicationConfig=null} | ret=FAILURE
org.apache.hadoop.ozone.om.exceptions.OMException: Unable to get file status: volume: volume50878 bucket: bucket78448 key: root_dir/b
	at org.apache.hadoop.ozone.om.KeyManagerImpl.getOzoneFileStatus(KeyManagerImpl.java:1195) ~[ozone-manager-1.4.0-SNAPSHOT.jar:?]
	at org.apache.hadoop.ozone.om.KeyManagerImpl.getFileStatus(KeyManagerImpl.java:1113) ~[ozone-manager-1.4.0-SNAPSHOT.jar:?]
	at org.apache.hadoop.ozone.om.OmMetadataReader.getFileStatus(OmMetadataReader.java:262) ~[ozone-manager-1.4.0-SNAPSHOT.jar:?]
	at org.apache.hadoop.ozone.om.OzoneManager.getFileStatus(OzoneManager.java:3530) ~[ozone-manager-1.4.0-SNAPSHOT.jar:?]
	at org.apache.hadoop.ozone.protocolPB.OzoneManagerRequestHandler.getOzoneFileStatus(OzoneManagerRequestHandler.java:973) ~[ozone-manager-1.4.0-SNAPSHOT.jar:?]
	at org.apache.hadoop.ozone.protocolPB.OzoneManagerRequestHandler.handleReadRequest(OzoneManagerRequestHandler.java:252) ~[ozone-manager-1.4.0-SNAPSHOT.jar:?]
	at org.apache.hadoop.ozone.protocolPB.OzoneManagerProtocolServerSideTranslatorPB.submitRequestDirectlyToOM(OzoneManagerProtocolServerSideTranslatorPB.java:274) ~[ozone-manager-1.4.0-SNAPSHOT.jar:?]
	at org.apache.hadoop.ozone.protocolPB.OzoneManagerProtocolServerSideTranslatorPB.processRequest(OzoneManagerProtocolServerSideTranslatorPB.java:175) ~[ozone-manager-1.4.0-SNAPSHOT.jar:?]
	at org.apache.hadoop.hdds.server.OzoneProtocolMessageDispatcher.processRequest(OzoneProtocolMessageDispatcher.java:87) [hdds-server-framework-1.4.0-SNAPSHOT.jar:?]
	at org.apache.hadoop.ozone.protocolPB.OzoneManagerProtocolServerSideTranslatorPB.submitRequest(OzoneManagerProtocolServerSideTranslatorPB.java:148) [ozone-manager-1.4.0-SNAPSHOT.jar:?]
	at org.apache.hadoop.ozone.protocol.proto.OzoneManagerProtocolProtos$OzoneManagerService$2.callBlockingMethod(OzoneManagerProtocolProtos.java) [ozone-interface-client-1.4.0-SNAPSHOT.jar:?]
	at org.apache.hadoop.ipc.ProtobufRpcEngine$Server.processCall(ProtobufRpcEngine.java:484) [hadoop-common-3.3.6.jar:?]
	at org.apache.hadoop.ipc.ProtobufRpcEngine2$Server$ProtoBufRpcInvoker.call(ProtobufRpcEngine2.java:595) [hadoop-common-3.3.6.jar:?]
	at org.apache.hadoop.ipc.ProtobufRpcEngine2$Server$ProtoBufRpcInvoker.call(ProtobufRpcEngine2.java:573) [hadoop-common-3.3.6.jar:?]
	at org.apache.hadoop.ipc.RPC$Server.call(RPC.java:1227) [hadoop-common-3.3.6.jar:?]
	at org.apache.hadoop.ipc.Server$RpcCall.run(Server.java:1094) [hadoop-common-3.3.6.jar:?]
	at org.apache.hadoop.ipc.Server$RpcCall.run(Server.java:1017) [hadoop-common-3.3.6.jar:?]
	at java.security.AccessController.doPrivileged(Native Method) ~[?:1.8.0_382]
	at javax.security.auth.Subject.doAs(Subject.java:422) [?:1.8.0_382]
	at org.apache.hadoop.security.UserGroupInformation.doAs(UserGroupInformation.java:1899) [hadoop-common-3.3.6.jar:?]
	at org.apache.hadoop.ipc.Server$Handler.run(Server.java:3048) [hadoop-common-3.3.6.jar:?]
18:56:33.057 [IPC Server handler 19 on default port 15163] ERROR OMAudit - user=runner | ip=127.0.0.1 | op=GET_FILE_STATUS {volume=volume50878, bucket=bucket78448, key=root_dir/file1/c, dataSize=0, replicationConfig=null} | ret=FAILURE
org.apache.hadoop.ozone.om.exceptions.OMException: Unable to get file status: volume: volume50878 bucket: bucket78448 key: root_dir/file1/c
	at org.apache.hadoop.ozone.om.KeyManagerImpl.getOzoneFileStatus(KeyManagerImpl.java:1195) ~[ozone-manager-1.4.0-SNAPSHOT.jar:?]
	at org.apache.hadoop.ozone.om.KeyManagerImpl.getFileStatus(KeyManagerImpl.java:1113) ~[ozone-manager-1.4.0-SNAPSHOT.jar:?]
	at org.apache.hadoop.ozone.om.OmMetadataReader.getFileStatus(OmMetadataReader.java:262) ~[ozone-manager-1.4.0-SNAPSHOT.jar:?]
	at org.apache.hadoop.ozone.om.OzoneManager.getFileStatus(OzoneManager.java:3530) ~[ozone-manager-1.4.0-SNAPSHOT.jar:?]
	at org.apache.hadoop.ozone.protocolPB.OzoneManagerRequestHandler.getOzoneFileStatus(OzoneManagerRequestHandler.java:973) ~[ozone-manager-1.4.0-SNAPSHOT.jar:?]
	at org.apache.hadoop.ozone.protocolPB.OzoneManagerRequestHandler.handleReadRequest(OzoneManagerRequestHandler.java:252) ~[ozone-manager-1.4.0-SNAPSHOT.jar:?]
	at org.apache.hadoop.ozone.protocolPB.OzoneManagerProtocolServerSideTranslatorPB.submitRequestDirectlyToOM(OzoneManagerProtocolServerSideTranslatorPB.java:274) ~[ozone-manager-1.4.0-SNAPSHOT.jar:?]
	at org.apache.hadoop.ozone.protocolPB.OzoneManagerProtocolServerSideTranslatorPB.processRequest(OzoneManagerProtocolServerSideTranslatorPB.java:175) ~[ozone-manager-1.4.0-SNAPSHOT.jar:?]
	at org.apache.hadoop.hdds.server.OzoneProtocolMessageDispatcher.processRequest(OzoneProtocolMessageDispatcher.java:87) [hdds-server-framework-1.4.0-SNAPSHOT.jar:?]
	at org.apache.hadoop.ozone.protocolPB.OzoneManagerProtocolServerSideTranslatorPB.submitRequest(OzoneManagerProtocolServerSideTranslatorPB.java:148) [ozone-manager-1.4.0-SNAPSHOT.jar:?]
	at org.apache.hadoop.ozone.protocol.proto.OzoneManagerProtocolProtos$OzoneManagerService$2.callBlockingMethod(OzoneManagerProtocolProtos.java) [ozone-interface-client-1.4.0-SNAPSHOT.jar:?]
	at org.apache.hadoop.ipc.ProtobufRpcEngine$Server.processCall(ProtobufRpcEngine.java:484) [hadoop-common-3.3.6.jar:?]
	at org.apache.hadoop.ipc.ProtobufRpcEngine2$Server$ProtoBufRpcInvoker.call(ProtobufRpcEngine2.java:595) [hadoop-common-3.3.6.jar:?]
	at org.apache.hadoop.ipc.ProtobufRpcEngine2$Server$ProtoBufRpcInvoker.call(ProtobufRpcEngine2.java:573) [hadoop-common-3.3.6.jar:?]
	at org.apache.hadoop.ipc.RPC$Server.call(RPC.java:1227) [hadoop-common-3.3.6.jar:?]
	at org.apache.hadoop.ipc.Server$RpcCall.run(Server.java:1094) [hadoop-common-3.3.6.jar:?]
	at org.apache.hadoop.ipc.Server$RpcCall.run(Server.java:1017) [hadoop-common-3.3.6.jar:?]
	at java.security.AccessController.doPrivileged(Native Method) ~[?:1.8.0_382]
	at javax.security.auth.Subject.doAs(Subject.java:422) [?:1.8.0_382]
	at org.apache.hadoop.security.UserGroupInformation.doAs(UserGroupInformation.java:1899) [hadoop-common-3.3.6.jar:?]
	at org.apache.hadoop.ipc.Server$Handler.run(Server.java:3048) [hadoop-common-3.3.6.jar:?]
]]></system-out>
  </testcase>
  <testcase name="testCreateWithInvalidPaths" classname="TestOzoneFileSystem" time="0.006"/>
  <testcase name="testCreateWithInvalidPaths" classname="TestOzoneFileSystem" time="0.006"/>
  <testcase name="testCreateWithInvalidPaths" classname="TestOzoneFileSystem" time="0.005"/>
  <testcase name="testCreateWithInvalidPaths" classname="TestOzoneFileSystem" time="0.002"/>
  <testcase name="testListStatusOnRoot" classname="TestOzoneFileSystem" time="0.042"/>
  <testcase name="testListStatusOnRoot" classname="TestOzoneFileSystem" time="0.019"/>
  <testcase name="testListStatusOnRoot" classname="TestOzoneFileSystem" time="0.019"/>
  <testcase name="testListStatusOnRoot" classname="TestOzoneFileSystem" time="0.01"/>
  <testcase name="testRenameWithNonExistentSource" classname="TestOzoneFileSystem" time="0.026">
    <system-out><![CDATA[2023-08-29 18:53:04,649 [Time-limited test] INFO  ozone.TestOzoneFileSystem (TestOzoneFileSystem.java:testRenameWithNonExistentSource(1156)) - Created destin dir: o3fs://bucket79480.volume53060/root/dir2
2023-08-29 18:53:04,649 [Time-limited test] INFO  ozone.TestOzoneFileSystem (TestOzoneFileSystem.java:testRenameWithNonExistentSource(1158)) - Rename op-> source:o3fs://bucket79480.volume53060/root/dir1 to destin:o3fs://bucket79480.volume53060/root/dir2}
18:53:04.650 [IPC Server handler 2 on default port 15004] ERROR OMAudit - user=runner | ip=127.0.0.1 | op=GET_FILE_STATUS {volume=volume53060, bucket=bucket79480, key=root/dir1, dataSize=0, replicationConfig=null} | ret=FAILURE
org.apache.hadoop.ozone.om.exceptions.OMException: Unable to get file status: volume: volume53060 bucket: bucket79480 key: root/dir1
	at org.apache.hadoop.ozone.om.KeyManagerImpl.getOzoneFileStatus(KeyManagerImpl.java:1195) ~[ozone-manager-1.4.0-SNAPSHOT.jar:?]
	at org.apache.hadoop.ozone.om.KeyManagerImpl.getFileStatus(KeyManagerImpl.java:1113) ~[ozone-manager-1.4.0-SNAPSHOT.jar:?]
	at org.apache.hadoop.ozone.om.OmMetadataReader.getFileStatus(OmMetadataReader.java:262) ~[ozone-manager-1.4.0-SNAPSHOT.jar:?]
	at org.apache.hadoop.ozone.om.OzoneManager.getFileStatus(OzoneManager.java:3530) ~[ozone-manager-1.4.0-SNAPSHOT.jar:?]
	at org.apache.hadoop.ozone.protocolPB.OzoneManagerRequestHandler.getOzoneFileStatus(OzoneManagerRequestHandler.java:973) ~[ozone-manager-1.4.0-SNAPSHOT.jar:?]
	at org.apache.hadoop.ozone.protocolPB.OzoneManagerRequestHandler.handleReadRequest(OzoneManagerRequestHandler.java:252) ~[ozone-manager-1.4.0-SNAPSHOT.jar:?]
	at org.apache.hadoop.ozone.protocolPB.OzoneManagerProtocolServerSideTranslatorPB.submitReadRequestToOM(OzoneManagerProtocolServerSideTranslatorPB.java:225) ~[ozone-manager-1.4.0-SNAPSHOT.jar:?]
	at org.apache.hadoop.ozone.protocolPB.OzoneManagerProtocolServerSideTranslatorPB.processRequest(OzoneManagerProtocolServerSideTranslatorPB.java:179) ~[ozone-manager-1.4.0-SNAPSHOT.jar:?]
	at org.apache.hadoop.hdds.server.OzoneProtocolMessageDispatcher.processRequest(OzoneProtocolMessageDispatcher.java:87) [hdds-server-framework-1.4.0-SNAPSHOT.jar:?]
	at org.apache.hadoop.ozone.protocolPB.OzoneManagerProtocolServerSideTranslatorPB.submitRequest(OzoneManagerProtocolServerSideTranslatorPB.java:148) [ozone-manager-1.4.0-SNAPSHOT.jar:?]
	at org.apache.hadoop.ozone.protocol.proto.OzoneManagerProtocolProtos$OzoneManagerService$2.callBlockingMethod(OzoneManagerProtocolProtos.java) [ozone-interface-client-1.4.0-SNAPSHOT.jar:?]
	at org.apache.hadoop.ipc.ProtobufRpcEngine$Server.processCall(ProtobufRpcEngine.java:484) [hadoop-common-3.3.6.jar:?]
	at org.apache.hadoop.ipc.ProtobufRpcEngine2$Server$ProtoBufRpcInvoker.call(ProtobufRpcEngine2.java:595) [hadoop-common-3.3.6.jar:?]
	at org.apache.hadoop.ipc.ProtobufRpcEngine2$Server$ProtoBufRpcInvoker.call(ProtobufRpcEngine2.java:573) [hadoop-common-3.3.6.jar:?]
	at org.apache.hadoop.ipc.RPC$Server.call(RPC.java:1227) [hadoop-common-3.3.6.jar:?]
	at org.apache.hadoop.ipc.Server$RpcCall.run(Server.java:1094) [hadoop-common-3.3.6.jar:?]
	at org.apache.hadoop.ipc.Server$RpcCall.run(Server.java:1017) [hadoop-common-3.3.6.jar:?]
	at java.security.AccessController.doPrivileged(Native Method) ~[?:1.8.0_382]
	at javax.security.auth.Subject.doAs(Subject.java:422) [?:1.8.0_382]
	at org.apache.hadoop.security.UserGroupInformation.doAs(UserGroupInformation.java:1899) [hadoop-common-3.3.6.jar:?]
	at org.apache.hadoop.ipc.Server$Handler.run(Server.java:3048) [hadoop-common-3.3.6.jar:?]
]]></system-out>
  </testcase>
  <testcase name="testRenameWithNonExistentSource" classname="TestOzoneFileSystem" time="0.015">
    <system-out><![CDATA[2023-08-29 18:54:24,585 [Time-limited test] INFO  ozone.TestOzoneFileSystem (TestOzoneFileSystem.java:testRenameWithNonExistentSource(1156)) - Created destin dir: o3fs://bucket94858.volume92422/root/dir2
2023-08-29 18:54:24,586 [Time-limited test] INFO  ozone.TestOzoneFileSystem (TestOzoneFileSystem.java:testRenameWithNonExistentSource(1158)) - Rename op-> source:o3fs://bucket94858.volume92422/root/dir1 to destin:o3fs://bucket94858.volume92422/root/dir2}
18:54:24.586 [IPC Server handler 7 on default port 15057] ERROR OMAudit - user=runner | ip=127.0.0.1 | op=GET_FILE_STATUS {volume=volume92422, bucket=bucket94858, key=root/dir1, dataSize=0, replicationConfig=null} | ret=FAILURE
org.apache.hadoop.ozone.om.exceptions.OMException: Unable to get file status: volume: volume92422 bucket: bucket94858 key: root/dir1
	at org.apache.hadoop.ozone.om.KeyManagerImpl.getOzoneFileStatus(KeyManagerImpl.java:1195) ~[ozone-manager-1.4.0-SNAPSHOT.jar:?]
	at org.apache.hadoop.ozone.om.KeyManagerImpl.getFileStatus(KeyManagerImpl.java:1113) ~[ozone-manager-1.4.0-SNAPSHOT.jar:?]
	at org.apache.hadoop.ozone.om.OmMetadataReader.getFileStatus(OmMetadataReader.java:262) ~[ozone-manager-1.4.0-SNAPSHOT.jar:?]
	at org.apache.hadoop.ozone.om.OzoneManager.getFileStatus(OzoneManager.java:3530) ~[ozone-manager-1.4.0-SNAPSHOT.jar:?]
	at org.apache.hadoop.ozone.protocolPB.OzoneManagerRequestHandler.getOzoneFileStatus(OzoneManagerRequestHandler.java:973) ~[ozone-manager-1.4.0-SNAPSHOT.jar:?]
	at org.apache.hadoop.ozone.protocolPB.OzoneManagerRequestHandler.handleReadRequest(OzoneManagerRequestHandler.java:252) ~[ozone-manager-1.4.0-SNAPSHOT.jar:?]
	at org.apache.hadoop.ozone.protocolPB.OzoneManagerProtocolServerSideTranslatorPB.submitRequestDirectlyToOM(OzoneManagerProtocolServerSideTranslatorPB.java:274) ~[ozone-manager-1.4.0-SNAPSHOT.jar:?]
	at org.apache.hadoop.ozone.protocolPB.OzoneManagerProtocolServerSideTranslatorPB.processRequest(OzoneManagerProtocolServerSideTranslatorPB.java:175) ~[ozone-manager-1.4.0-SNAPSHOT.jar:?]
	at org.apache.hadoop.hdds.server.OzoneProtocolMessageDispatcher.processRequest(OzoneProtocolMessageDispatcher.java:87) [hdds-server-framework-1.4.0-SNAPSHOT.jar:?]
	at org.apache.hadoop.ozone.protocolPB.OzoneManagerProtocolServerSideTranslatorPB.submitRequest(OzoneManagerProtocolServerSideTranslatorPB.java:148) [ozone-manager-1.4.0-SNAPSHOT.jar:?]
	at org.apache.hadoop.ozone.protocol.proto.OzoneManagerProtocolProtos$OzoneManagerService$2.callBlockingMethod(OzoneManagerProtocolProtos.java) [ozone-interface-client-1.4.0-SNAPSHOT.jar:?]
	at org.apache.hadoop.ipc.ProtobufRpcEngine$Server.processCall(ProtobufRpcEngine.java:484) [hadoop-common-3.3.6.jar:?]
	at org.apache.hadoop.ipc.ProtobufRpcEngine2$Server$ProtoBufRpcInvoker.call(ProtobufRpcEngine2.java:595) [hadoop-common-3.3.6.jar:?]
	at org.apache.hadoop.ipc.ProtobufRpcEngine2$Server$ProtoBufRpcInvoker.call(ProtobufRpcEngine2.java:573) [hadoop-common-3.3.6.jar:?]
	at org.apache.hadoop.ipc.RPC$Server.call(RPC.java:1227) [hadoop-common-3.3.6.jar:?]
	at org.apache.hadoop.ipc.Server$RpcCall.run(Server.java:1094) [hadoop-common-3.3.6.jar:?]
	at org.apache.hadoop.ipc.Server$RpcCall.run(Server.java:1017) [hadoop-common-3.3.6.jar:?]
	at java.security.AccessController.doPrivileged(Native Method) ~[?:1.8.0_382]
	at javax.security.auth.Subject.doAs(Subject.java:422) [?:1.8.0_382]
	at org.apache.hadoop.security.UserGroupInformation.doAs(UserGroupInformation.java:1899) [hadoop-common-3.3.6.jar:?]
	at org.apache.hadoop.ipc.Server$Handler.run(Server.java:3048) [hadoop-common-3.3.6.jar:?]
]]></system-out>
  </testcase>
  <testcase name="testRenameWithNonExistentSource" classname="TestOzoneFileSystem" time="0.012">
    <system-out><![CDATA[2023-08-29 18:55:25,567 [Time-limited test] INFO  ozone.TestOzoneFileSystem (TestOzoneFileSystem.java:testRenameWithNonExistentSource(1156)) - Created destin dir: o3fs://bucket37863.volume95024/root/dir2
2023-08-29 18:55:25,567 [Time-limited test] INFO  ozone.TestOzoneFileSystem (TestOzoneFileSystem.java:testRenameWithNonExistentSource(1158)) - Rename op-> source:o3fs://bucket37863.volume95024/root/dir1 to destin:o3fs://bucket37863.volume95024/root/dir2}
18:55:25.568 [IPC Server handler 1 on default port 15110] ERROR OMAudit - user=runner | ip=127.0.0.1 | op=GET_FILE_STATUS {volume=volume95024, bucket=bucket37863, key=root/dir1, dataSize=0, replicationConfig=null} | ret=FAILURE
org.apache.hadoop.ozone.om.exceptions.OMException: Unable to get file status: volume: volume95024 bucket: bucket37863 key: root/dir1
	at org.apache.hadoop.ozone.om.KeyManagerImpl.getOzoneFileStatus(KeyManagerImpl.java:1195) ~[ozone-manager-1.4.0-SNAPSHOT.jar:?]
	at org.apache.hadoop.ozone.om.KeyManagerImpl.getFileStatus(KeyManagerImpl.java:1113) ~[ozone-manager-1.4.0-SNAPSHOT.jar:?]
	at org.apache.hadoop.ozone.om.OmMetadataReader.getFileStatus(OmMetadataReader.java:262) ~[ozone-manager-1.4.0-SNAPSHOT.jar:?]
	at org.apache.hadoop.ozone.om.OzoneManager.getFileStatus(OzoneManager.java:3530) ~[ozone-manager-1.4.0-SNAPSHOT.jar:?]
	at org.apache.hadoop.ozone.protocolPB.OzoneManagerRequestHandler.getOzoneFileStatus(OzoneManagerRequestHandler.java:973) ~[ozone-manager-1.4.0-SNAPSHOT.jar:?]
	at org.apache.hadoop.ozone.protocolPB.OzoneManagerRequestHandler.handleReadRequest(OzoneManagerRequestHandler.java:252) ~[ozone-manager-1.4.0-SNAPSHOT.jar:?]
	at org.apache.hadoop.ozone.protocolPB.OzoneManagerProtocolServerSideTranslatorPB.submitReadRequestToOM(OzoneManagerProtocolServerSideTranslatorPB.java:225) ~[ozone-manager-1.4.0-SNAPSHOT.jar:?]
	at org.apache.hadoop.ozone.protocolPB.OzoneManagerProtocolServerSideTranslatorPB.processRequest(OzoneManagerProtocolServerSideTranslatorPB.java:179) ~[ozone-manager-1.4.0-SNAPSHOT.jar:?]
	at org.apache.hadoop.hdds.server.OzoneProtocolMessageDispatcher.processRequest(OzoneProtocolMessageDispatcher.java:87) [hdds-server-framework-1.4.0-SNAPSHOT.jar:?]
	at org.apache.hadoop.ozone.protocolPB.OzoneManagerProtocolServerSideTranslatorPB.submitRequest(OzoneManagerProtocolServerSideTranslatorPB.java:148) [ozone-manager-1.4.0-SNAPSHOT.jar:?]
	at org.apache.hadoop.ozone.protocol.proto.OzoneManagerProtocolProtos$OzoneManagerService$2.callBlockingMethod(OzoneManagerProtocolProtos.java) [ozone-interface-client-1.4.0-SNAPSHOT.jar:?]
	at org.apache.hadoop.ipc.ProtobufRpcEngine$Server.processCall(ProtobufRpcEngine.java:484) [hadoop-common-3.3.6.jar:?]
	at org.apache.hadoop.ipc.ProtobufRpcEngine2$Server$ProtoBufRpcInvoker.call(ProtobufRpcEngine2.java:595) [hadoop-common-3.3.6.jar:?]
	at org.apache.hadoop.ipc.ProtobufRpcEngine2$Server$ProtoBufRpcInvoker.call(ProtobufRpcEngine2.java:573) [hadoop-common-3.3.6.jar:?]
	at org.apache.hadoop.ipc.RPC$Server.call(RPC.java:1227) [hadoop-common-3.3.6.jar:?]
	at org.apache.hadoop.ipc.Server$RpcCall.run(Server.java:1094) [hadoop-common-3.3.6.jar:?]
	at org.apache.hadoop.ipc.Server$RpcCall.run(Server.java:1017) [hadoop-common-3.3.6.jar:?]
	at java.security.AccessController.doPrivileged(Native Method) ~[?:1.8.0_382]
	at javax.security.auth.Subject.doAs(Subject.java:422) [?:1.8.0_382]
	at org.apache.hadoop.security.UserGroupInformation.doAs(UserGroupInformation.java:1899) [hadoop-common-3.3.6.jar:?]
	at org.apache.hadoop.ipc.Server$Handler.run(Server.java:3048) [hadoop-common-3.3.6.jar:?]
]]></system-out>
  </testcase>
  <testcase name="testRenameWithNonExistentSource" classname="TestOzoneFileSystem" time="0.008">
    <system-out><![CDATA[2023-08-29 18:56:33,076 [Time-limited test] INFO  ozone.TestOzoneFileSystem (TestOzoneFileSystem.java:testRenameWithNonExistentSource(1156)) - Created destin dir: o3fs://bucket78448.volume50878/root/dir2
2023-08-29 18:56:33,076 [Time-limited test] INFO  ozone.TestOzoneFileSystem (TestOzoneFileSystem.java:testRenameWithNonExistentSource(1158)) - Rename op-> source:o3fs://bucket78448.volume50878/root/dir1 to destin:o3fs://bucket78448.volume50878/root/dir2}
18:56:33.077 [IPC Server handler 4 on default port 15163] ERROR OMAudit - user=runner | ip=127.0.0.1 | op=GET_FILE_STATUS {volume=volume50878, bucket=bucket78448, key=root/dir1, dataSize=0, replicationConfig=null} | ret=FAILURE
org.apache.hadoop.ozone.om.exceptions.OMException: Unable to get file status: volume: volume50878 bucket: bucket78448 key: root/dir1
	at org.apache.hadoop.ozone.om.KeyManagerImpl.getOzoneFileStatus(KeyManagerImpl.java:1195) ~[ozone-manager-1.4.0-SNAPSHOT.jar:?]
	at org.apache.hadoop.ozone.om.KeyManagerImpl.getFileStatus(KeyManagerImpl.java:1113) ~[ozone-manager-1.4.0-SNAPSHOT.jar:?]
	at org.apache.hadoop.ozone.om.OmMetadataReader.getFileStatus(OmMetadataReader.java:262) ~[ozone-manager-1.4.0-SNAPSHOT.jar:?]
	at org.apache.hadoop.ozone.om.OzoneManager.getFileStatus(OzoneManager.java:3530) ~[ozone-manager-1.4.0-SNAPSHOT.jar:?]
	at org.apache.hadoop.ozone.protocolPB.OzoneManagerRequestHandler.getOzoneFileStatus(OzoneManagerRequestHandler.java:973) ~[ozone-manager-1.4.0-SNAPSHOT.jar:?]
	at org.apache.hadoop.ozone.protocolPB.OzoneManagerRequestHandler.handleReadRequest(OzoneManagerRequestHandler.java:252) ~[ozone-manager-1.4.0-SNAPSHOT.jar:?]
	at org.apache.hadoop.ozone.protocolPB.OzoneManagerProtocolServerSideTranslatorPB.submitRequestDirectlyToOM(OzoneManagerProtocolServerSideTranslatorPB.java:274) ~[ozone-manager-1.4.0-SNAPSHOT.jar:?]
	at org.apache.hadoop.ozone.protocolPB.OzoneManagerProtocolServerSideTranslatorPB.processRequest(OzoneManagerProtocolServerSideTranslatorPB.java:175) ~[ozone-manager-1.4.0-SNAPSHOT.jar:?]
	at org.apache.hadoop.hdds.server.OzoneProtocolMessageDispatcher.processRequest(OzoneProtocolMessageDispatcher.java:87) [hdds-server-framework-1.4.0-SNAPSHOT.jar:?]
	at org.apache.hadoop.ozone.protocolPB.OzoneManagerProtocolServerSideTranslatorPB.submitRequest(OzoneManagerProtocolServerSideTranslatorPB.java:148) [ozone-manager-1.4.0-SNAPSHOT.jar:?]
	at org.apache.hadoop.ozone.protocol.proto.OzoneManagerProtocolProtos$OzoneManagerService$2.callBlockingMethod(OzoneManagerProtocolProtos.java) [ozone-interface-client-1.4.0-SNAPSHOT.jar:?]
	at org.apache.hadoop.ipc.ProtobufRpcEngine$Server.processCall(ProtobufRpcEngine.java:484) [hadoop-common-3.3.6.jar:?]
	at org.apache.hadoop.ipc.ProtobufRpcEngine2$Server$ProtoBufRpcInvoker.call(ProtobufRpcEngine2.java:595) [hadoop-common-3.3.6.jar:?]
	at org.apache.hadoop.ipc.ProtobufRpcEngine2$Server$ProtoBufRpcInvoker.call(ProtobufRpcEngine2.java:573) [hadoop-common-3.3.6.jar:?]
	at org.apache.hadoop.ipc.RPC$Server.call(RPC.java:1227) [hadoop-common-3.3.6.jar:?]
	at org.apache.hadoop.ipc.Server$RpcCall.run(Server.java:1094) [hadoop-common-3.3.6.jar:?]
	at org.apache.hadoop.ipc.Server$RpcCall.run(Server.java:1017) [hadoop-common-3.3.6.jar:?]
	at java.security.AccessController.doPrivileged(Native Method) ~[?:1.8.0_382]
	at javax.security.auth.Subject.doAs(Subject.java:422) [?:1.8.0_382]
	at org.apache.hadoop.security.UserGroupInformation.doAs(UserGroupInformation.java:1899) [hadoop-common-3.3.6.jar:?]
	at org.apache.hadoop.ipc.Server$Handler.run(Server.java:3048) [hadoop-common-3.3.6.jar:?]
]]></system-out>
  </testcase>
  <testcase name="testRenameToParentDir" classname="TestOzoneFileSystem" time="0.081">
    <system-out><![CDATA[18:53:04.703 [IPC Server handler 7 on default port 15004] ERROR OMAudit - user=runner | ip=127.0.0.1 | op=LIST_STATUS {volume=volume53060, bucket=bucket79480, key=root_dir/dir2, dataSize=0, replicationConfig=null} | ret=FAILURE
org.apache.hadoop.ozone.om.exceptions.OMException: Unable to get file status: volume: volume53060 bucket: bucket79480 key: root_dir/dir2
	at org.apache.hadoop.ozone.om.KeyManagerImpl.getOzoneFileStatus(KeyManagerImpl.java:1195) ~[ozone-manager-1.4.0-SNAPSHOT.jar:?]
	at org.apache.hadoop.ozone.om.KeyManagerImpl.getFileStatus(KeyManagerImpl.java:1113) ~[ozone-manager-1.4.0-SNAPSHOT.jar:?]
	at org.apache.hadoop.ozone.om.KeyManagerImpl.listStatus(KeyManagerImpl.java:1505) ~[ozone-manager-1.4.0-SNAPSHOT.jar:?]
	at org.apache.hadoop.ozone.om.OmMetadataReader.listStatus(OmMetadataReader.java:235) ~[ozone-manager-1.4.0-SNAPSHOT.jar:?]
	at org.apache.hadoop.ozone.om.OzoneManager.listStatus(OzoneManager.java:3560) ~[ozone-manager-1.4.0-SNAPSHOT.jar:?]
	at org.apache.hadoop.ozone.protocolPB.OzoneManagerRequestHandler.listStatus(OzoneManagerRequestHandler.java:1145) ~[ozone-manager-1.4.0-SNAPSHOT.jar:?]
	at org.apache.hadoop.ozone.protocolPB.OzoneManagerRequestHandler.handleReadRequest(OzoneManagerRequestHandler.java:263) ~[ozone-manager-1.4.0-SNAPSHOT.jar:?]
	at org.apache.hadoop.ozone.protocolPB.OzoneManagerProtocolServerSideTranslatorPB.submitReadRequestToOM(OzoneManagerProtocolServerSideTranslatorPB.java:225) ~[ozone-manager-1.4.0-SNAPSHOT.jar:?]
	at org.apache.hadoop.ozone.protocolPB.OzoneManagerProtocolServerSideTranslatorPB.processRequest(OzoneManagerProtocolServerSideTranslatorPB.java:179) ~[ozone-manager-1.4.0-SNAPSHOT.jar:?]
	at org.apache.hadoop.hdds.server.OzoneProtocolMessageDispatcher.processRequest(OzoneProtocolMessageDispatcher.java:87) [hdds-server-framework-1.4.0-SNAPSHOT.jar:?]
	at org.apache.hadoop.ozone.protocolPB.OzoneManagerProtocolServerSideTranslatorPB.submitRequest(OzoneManagerProtocolServerSideTranslatorPB.java:148) [ozone-manager-1.4.0-SNAPSHOT.jar:?]
	at org.apache.hadoop.ozone.protocol.proto.OzoneManagerProtocolProtos$OzoneManagerService$2.callBlockingMethod(OzoneManagerProtocolProtos.java) [ozone-interface-client-1.4.0-SNAPSHOT.jar:?]
	at org.apache.hadoop.ipc.ProtobufRpcEngine$Server.processCall(ProtobufRpcEngine.java:484) [hadoop-common-3.3.6.jar:?]
	at org.apache.hadoop.ipc.ProtobufRpcEngine2$Server$ProtoBufRpcInvoker.call(ProtobufRpcEngine2.java:595) [hadoop-common-3.3.6.jar:?]
	at org.apache.hadoop.ipc.ProtobufRpcEngine2$Server$ProtoBufRpcInvoker.call(ProtobufRpcEngine2.java:573) [hadoop-common-3.3.6.jar:?]
	at org.apache.hadoop.ipc.RPC$Server.call(RPC.java:1227) [hadoop-common-3.3.6.jar:?]
	at org.apache.hadoop.ipc.Server$RpcCall.run(Server.java:1094) [hadoop-common-3.3.6.jar:?]
	at org.apache.hadoop.ipc.Server$RpcCall.run(Server.java:1017) [hadoop-common-3.3.6.jar:?]
	at java.security.AccessController.doPrivileged(Native Method) ~[?:1.8.0_382]
	at javax.security.auth.Subject.doAs(Subject.java:422) [?:1.8.0_382]
	at org.apache.hadoop.security.UserGroupInformation.doAs(UserGroupInformation.java:1899) [hadoop-common-3.3.6.jar:?]
	at org.apache.hadoop.ipc.Server$Handler.run(Server.java:3048) [hadoop-common-3.3.6.jar:?]
18:53:04.721 [IPC Server handler 17 on default port 15004] ERROR OMAudit - user=runner | ip=127.0.0.1 | op=LIST_STATUS {volume=volume53060, bucket=bucket79480, key=root_dir/file2, dataSize=0, replicationConfig=null} | ret=FAILURE
org.apache.hadoop.ozone.om.exceptions.OMException: Unable to get file status: volume: volume53060 bucket: bucket79480 key: root_dir/file2
	at org.apache.hadoop.ozone.om.KeyManagerImpl.getOzoneFileStatus(KeyManagerImpl.java:1195) ~[ozone-manager-1.4.0-SNAPSHOT.jar:?]
	at org.apache.hadoop.ozone.om.KeyManagerImpl.getFileStatus(KeyManagerImpl.java:1113) ~[ozone-manager-1.4.0-SNAPSHOT.jar:?]
	at org.apache.hadoop.ozone.om.KeyManagerImpl.listStatus(KeyManagerImpl.java:1505) ~[ozone-manager-1.4.0-SNAPSHOT.jar:?]
	at org.apache.hadoop.ozone.om.OmMetadataReader.listStatus(OmMetadataReader.java:235) ~[ozone-manager-1.4.0-SNAPSHOT.jar:?]
	at org.apache.hadoop.ozone.om.OzoneManager.listStatus(OzoneManager.java:3560) ~[ozone-manager-1.4.0-SNAPSHOT.jar:?]
	at org.apache.hadoop.ozone.protocolPB.OzoneManagerRequestHandler.listStatus(OzoneManagerRequestHandler.java:1145) ~[ozone-manager-1.4.0-SNAPSHOT.jar:?]
	at org.apache.hadoop.ozone.protocolPB.OzoneManagerRequestHandler.handleReadRequest(OzoneManagerRequestHandler.java:263) ~[ozone-manager-1.4.0-SNAPSHOT.jar:?]
	at org.apache.hadoop.ozone.protocolPB.OzoneManagerProtocolServerSideTranslatorPB.submitReadRequestToOM(OzoneManagerProtocolServerSideTranslatorPB.java:225) ~[ozone-manager-1.4.0-SNAPSHOT.jar:?]
	at org.apache.hadoop.ozone.protocolPB.OzoneManagerProtocolServerSideTranslatorPB.processRequest(OzoneManagerProtocolServerSideTranslatorPB.java:179) ~[ozone-manager-1.4.0-SNAPSHOT.jar:?]
	at org.apache.hadoop.hdds.server.OzoneProtocolMessageDispatcher.processRequest(OzoneProtocolMessageDispatcher.java:87) [hdds-server-framework-1.4.0-SNAPSHOT.jar:?]
	at org.apache.hadoop.ozone.protocolPB.OzoneManagerProtocolServerSideTranslatorPB.submitRequest(OzoneManagerProtocolServerSideTranslatorPB.java:148) [ozone-manager-1.4.0-SNAPSHOT.jar:?]
	at org.apache.hadoop.ozone.protocol.proto.OzoneManagerProtocolProtos$OzoneManagerService$2.callBlockingMethod(OzoneManagerProtocolProtos.java) [ozone-interface-client-1.4.0-SNAPSHOT.jar:?]
	at org.apache.hadoop.ipc.ProtobufRpcEngine$Server.processCall(ProtobufRpcEngine.java:484) [hadoop-common-3.3.6.jar:?]
	at org.apache.hadoop.ipc.ProtobufRpcEngine2$Server$ProtoBufRpcInvoker.call(ProtobufRpcEngine2.java:595) [hadoop-common-3.3.6.jar:?]
	at org.apache.hadoop.ipc.ProtobufRpcEngine2$Server$ProtoBufRpcInvoker.call(ProtobufRpcEngine2.java:573) [hadoop-common-3.3.6.jar:?]
	at org.apache.hadoop.ipc.RPC$Server.call(RPC.java:1227) [hadoop-common-3.3.6.jar:?]
	at org.apache.hadoop.ipc.Server$RpcCall.run(Server.java:1094) [hadoop-common-3.3.6.jar:?]
	at org.apache.hadoop.ipc.Server$RpcCall.run(Server.java:1017) [hadoop-common-3.3.6.jar:?]
	at java.security.AccessController.doPrivileged(Native Method) ~[?:1.8.0_382]
	at javax.security.auth.Subject.doAs(Subject.java:422) [?:1.8.0_382]
	at org.apache.hadoop.security.UserGroupInformation.doAs(UserGroupInformation.java:1899) [hadoop-common-3.3.6.jar:?]
	at org.apache.hadoop.ipc.Server$Handler.run(Server.java:3048) [hadoop-common-3.3.6.jar:?]
]]></system-out>
  </testcase>
  <testcase name="testRenameToParentDir" classname="TestOzoneFileSystem" time="0.032">
    <system-out><![CDATA[18:54:24.608 [IPC Server handler 1 on default port 15057] ERROR OMAudit - user=runner | ip=127.0.0.1 | op=LIST_STATUS {volume=volume92422, bucket=bucket94858, key=root_dir/dir2, dataSize=0, replicationConfig=null} | ret=FAILURE
org.apache.hadoop.ozone.om.exceptions.OMException: Unable to get file status: volume: volume92422 bucket: bucket94858 key: root_dir/dir2
	at org.apache.hadoop.ozone.om.KeyManagerImpl.getOzoneFileStatus(KeyManagerImpl.java:1195) ~[ozone-manager-1.4.0-SNAPSHOT.jar:?]
	at org.apache.hadoop.ozone.om.KeyManagerImpl.getFileStatus(KeyManagerImpl.java:1113) ~[ozone-manager-1.4.0-SNAPSHOT.jar:?]
	at org.apache.hadoop.ozone.om.KeyManagerImpl.listStatus(KeyManagerImpl.java:1505) ~[ozone-manager-1.4.0-SNAPSHOT.jar:?]
	at org.apache.hadoop.ozone.om.OmMetadataReader.listStatus(OmMetadataReader.java:235) ~[ozone-manager-1.4.0-SNAPSHOT.jar:?]
	at org.apache.hadoop.ozone.om.OzoneManager.listStatus(OzoneManager.java:3560) ~[ozone-manager-1.4.0-SNAPSHOT.jar:?]
	at org.apache.hadoop.ozone.protocolPB.OzoneManagerRequestHandler.listStatus(OzoneManagerRequestHandler.java:1145) ~[ozone-manager-1.4.0-SNAPSHOT.jar:?]
	at org.apache.hadoop.ozone.protocolPB.OzoneManagerRequestHandler.handleReadRequest(OzoneManagerRequestHandler.java:263) ~[ozone-manager-1.4.0-SNAPSHOT.jar:?]
	at org.apache.hadoop.ozone.protocolPB.OzoneManagerProtocolServerSideTranslatorPB.submitRequestDirectlyToOM(OzoneManagerProtocolServerSideTranslatorPB.java:274) ~[ozone-manager-1.4.0-SNAPSHOT.jar:?]
	at org.apache.hadoop.ozone.protocolPB.OzoneManagerProtocolServerSideTranslatorPB.processRequest(OzoneManagerProtocolServerSideTranslatorPB.java:175) ~[ozone-manager-1.4.0-SNAPSHOT.jar:?]
	at org.apache.hadoop.hdds.server.OzoneProtocolMessageDispatcher.processRequest(OzoneProtocolMessageDispatcher.java:87) [hdds-server-framework-1.4.0-SNAPSHOT.jar:?]
	at org.apache.hadoop.ozone.protocolPB.OzoneManagerProtocolServerSideTranslatorPB.submitRequest(OzoneManagerProtocolServerSideTranslatorPB.java:148) [ozone-manager-1.4.0-SNAPSHOT.jar:?]
	at org.apache.hadoop.ozone.protocol.proto.OzoneManagerProtocolProtos$OzoneManagerService$2.callBlockingMethod(OzoneManagerProtocolProtos.java) [ozone-interface-client-1.4.0-SNAPSHOT.jar:?]
	at org.apache.hadoop.ipc.ProtobufRpcEngine$Server.processCall(ProtobufRpcEngine.java:484) [hadoop-common-3.3.6.jar:?]
	at org.apache.hadoop.ipc.ProtobufRpcEngine2$Server$ProtoBufRpcInvoker.call(ProtobufRpcEngine2.java:595) [hadoop-common-3.3.6.jar:?]
	at org.apache.hadoop.ipc.ProtobufRpcEngine2$Server$ProtoBufRpcInvoker.call(ProtobufRpcEngine2.java:573) [hadoop-common-3.3.6.jar:?]
	at org.apache.hadoop.ipc.RPC$Server.call(RPC.java:1227) [hadoop-common-3.3.6.jar:?]
	at org.apache.hadoop.ipc.Server$RpcCall.run(Server.java:1094) [hadoop-common-3.3.6.jar:?]
	at org.apache.hadoop.ipc.Server$RpcCall.run(Server.java:1017) [hadoop-common-3.3.6.jar:?]
	at java.security.AccessController.doPrivileged(Native Method) ~[?:1.8.0_382]
	at javax.security.auth.Subject.doAs(Subject.java:422) [?:1.8.0_382]
	at org.apache.hadoop.security.UserGroupInformation.doAs(UserGroupInformation.java:1899) [hadoop-common-3.3.6.jar:?]
	at org.apache.hadoop.ipc.Server$Handler.run(Server.java:3048) [hadoop-common-3.3.6.jar:?]
18:54:24.615 [IPC Server handler 10 on default port 15057] ERROR OMAudit - user=runner | ip=127.0.0.1 | op=LIST_STATUS {volume=volume92422, bucket=bucket94858, key=root_dir/file2, dataSize=0, replicationConfig=null} | ret=FAILURE
org.apache.hadoop.ozone.om.exceptions.OMException: Unable to get file status: volume: volume92422 bucket: bucket94858 key: root_dir/file2
	at org.apache.hadoop.ozone.om.KeyManagerImpl.getOzoneFileStatus(KeyManagerImpl.java:1195) ~[ozone-manager-1.4.0-SNAPSHOT.jar:?]
	at org.apache.hadoop.ozone.om.KeyManagerImpl.getFileStatus(KeyManagerImpl.java:1113) ~[ozone-manager-1.4.0-SNAPSHOT.jar:?]
	at org.apache.hadoop.ozone.om.KeyManagerImpl.listStatus(KeyManagerImpl.java:1505) ~[ozone-manager-1.4.0-SNAPSHOT.jar:?]
	at org.apache.hadoop.ozone.om.OmMetadataReader.listStatus(OmMetadataReader.java:235) ~[ozone-manager-1.4.0-SNAPSHOT.jar:?]
	at org.apache.hadoop.ozone.om.OzoneManager.listStatus(OzoneManager.java:3560) ~[ozone-manager-1.4.0-SNAPSHOT.jar:?]
	at org.apache.hadoop.ozone.protocolPB.OzoneManagerRequestHandler.listStatus(OzoneManagerRequestHandler.java:1145) ~[ozone-manager-1.4.0-SNAPSHOT.jar:?]
	at org.apache.hadoop.ozone.protocolPB.OzoneManagerRequestHandler.handleReadRequest(OzoneManagerRequestHandler.java:263) ~[ozone-manager-1.4.0-SNAPSHOT.jar:?]
	at org.apache.hadoop.ozone.protocolPB.OzoneManagerProtocolServerSideTranslatorPB.submitRequestDirectlyToOM(OzoneManagerProtocolServerSideTranslatorPB.java:274) ~[ozone-manager-1.4.0-SNAPSHOT.jar:?]
	at org.apache.hadoop.ozone.protocolPB.OzoneManagerProtocolServerSideTranslatorPB.processRequest(OzoneManagerProtocolServerSideTranslatorPB.java:175) ~[ozone-manager-1.4.0-SNAPSHOT.jar:?]
	at org.apache.hadoop.hdds.server.OzoneProtocolMessageDispatcher.processRequest(OzoneProtocolMessageDispatcher.java:87) [hdds-server-framework-1.4.0-SNAPSHOT.jar:?]
	at org.apache.hadoop.ozone.protocolPB.OzoneManagerProtocolServerSideTranslatorPB.submitRequest(OzoneManagerProtocolServerSideTranslatorPB.java:148) [ozone-manager-1.4.0-SNAPSHOT.jar:?]
	at org.apache.hadoop.ozone.protocol.proto.OzoneManagerProtocolProtos$OzoneManagerService$2.callBlockingMethod(OzoneManagerProtocolProtos.java) [ozone-interface-client-1.4.0-SNAPSHOT.jar:?]
	at org.apache.hadoop.ipc.ProtobufRpcEngine$Server.processCall(ProtobufRpcEngine.java:484) [hadoop-common-3.3.6.jar:?]
	at org.apache.hadoop.ipc.ProtobufRpcEngine2$Server$ProtoBufRpcInvoker.call(ProtobufRpcEngine2.java:595) [hadoop-common-3.3.6.jar:?]
	at org.apache.hadoop.ipc.ProtobufRpcEngine2$Server$ProtoBufRpcInvoker.call(ProtobufRpcEngine2.java:573) [hadoop-common-3.3.6.jar:?]
	at org.apache.hadoop.ipc.RPC$Server.call(RPC.java:1227) [hadoop-common-3.3.6.jar:?]
	at org.apache.hadoop.ipc.Server$RpcCall.run(Server.java:1094) [hadoop-common-3.3.6.jar:?]
	at org.apache.hadoop.ipc.Server$RpcCall.run(Server.java:1017) [hadoop-common-3.3.6.jar:?]
	at java.security.AccessController.doPrivileged(Native Method) ~[?:1.8.0_382]
	at javax.security.auth.Subject.doAs(Subject.java:422) [?:1.8.0_382]
	at org.apache.hadoop.security.UserGroupInformation.doAs(UserGroupInformation.java:1899) [hadoop-common-3.3.6.jar:?]
	at org.apache.hadoop.ipc.Server$Handler.run(Server.java:3048) [hadoop-common-3.3.6.jar:?]
]]></system-out>
  </testcase>
  <testcase name="testRenameToParentDir" classname="TestOzoneFileSystem" time="0.028">
    <system-out><![CDATA[18:55:25.585 [IPC Server handler 16 on default port 15110] ERROR OMAudit - user=runner | ip=127.0.0.1 | op=LIST_STATUS {volume=volume95024, bucket=bucket37863, key=root_dir/dir2, dataSize=0, replicationConfig=null} | ret=FAILURE
org.apache.hadoop.ozone.om.exceptions.OMException: Unable to get file status: volume: volume95024 bucket: bucket37863 key: root_dir/dir2
	at org.apache.hadoop.ozone.om.KeyManagerImpl.getOzoneFileStatus(KeyManagerImpl.java:1195) ~[ozone-manager-1.4.0-SNAPSHOT.jar:?]
	at org.apache.hadoop.ozone.om.KeyManagerImpl.getFileStatus(KeyManagerImpl.java:1113) ~[ozone-manager-1.4.0-SNAPSHOT.jar:?]
	at org.apache.hadoop.ozone.om.KeyManagerImpl.listStatus(KeyManagerImpl.java:1505) ~[ozone-manager-1.4.0-SNAPSHOT.jar:?]
	at org.apache.hadoop.ozone.om.OmMetadataReader.listStatus(OmMetadataReader.java:235) ~[ozone-manager-1.4.0-SNAPSHOT.jar:?]
	at org.apache.hadoop.ozone.om.OzoneManager.listStatus(OzoneManager.java:3560) ~[ozone-manager-1.4.0-SNAPSHOT.jar:?]
	at org.apache.hadoop.ozone.protocolPB.OzoneManagerRequestHandler.listStatus(OzoneManagerRequestHandler.java:1145) ~[ozone-manager-1.4.0-SNAPSHOT.jar:?]
	at org.apache.hadoop.ozone.protocolPB.OzoneManagerRequestHandler.handleReadRequest(OzoneManagerRequestHandler.java:263) ~[ozone-manager-1.4.0-SNAPSHOT.jar:?]
	at org.apache.hadoop.ozone.protocolPB.OzoneManagerProtocolServerSideTranslatorPB.submitReadRequestToOM(OzoneManagerProtocolServerSideTranslatorPB.java:225) ~[ozone-manager-1.4.0-SNAPSHOT.jar:?]
	at org.apache.hadoop.ozone.protocolPB.OzoneManagerProtocolServerSideTranslatorPB.processRequest(OzoneManagerProtocolServerSideTranslatorPB.java:179) ~[ozone-manager-1.4.0-SNAPSHOT.jar:?]
	at org.apache.hadoop.hdds.server.OzoneProtocolMessageDispatcher.processRequest(OzoneProtocolMessageDispatcher.java:87) [hdds-server-framework-1.4.0-SNAPSHOT.jar:?]
	at org.apache.hadoop.ozone.protocolPB.OzoneManagerProtocolServerSideTranslatorPB.submitRequest(OzoneManagerProtocolServerSideTranslatorPB.java:148) [ozone-manager-1.4.0-SNAPSHOT.jar:?]
	at org.apache.hadoop.ozone.protocol.proto.OzoneManagerProtocolProtos$OzoneManagerService$2.callBlockingMethod(OzoneManagerProtocolProtos.java) [ozone-interface-client-1.4.0-SNAPSHOT.jar:?]
	at org.apache.hadoop.ipc.ProtobufRpcEngine$Server.processCall(ProtobufRpcEngine.java:484) [hadoop-common-3.3.6.jar:?]
	at org.apache.hadoop.ipc.ProtobufRpcEngine2$Server$ProtoBufRpcInvoker.call(ProtobufRpcEngine2.java:595) [hadoop-common-3.3.6.jar:?]
	at org.apache.hadoop.ipc.ProtobufRpcEngine2$Server$ProtoBufRpcInvoker.call(ProtobufRpcEngine2.java:573) [hadoop-common-3.3.6.jar:?]
	at org.apache.hadoop.ipc.RPC$Server.call(RPC.java:1227) [hadoop-common-3.3.6.jar:?]
	at org.apache.hadoop.ipc.Server$RpcCall.run(Server.java:1094) [hadoop-common-3.3.6.jar:?]
	at org.apache.hadoop.ipc.Server$RpcCall.run(Server.java:1017) [hadoop-common-3.3.6.jar:?]
	at java.security.AccessController.doPrivileged(Native Method) ~[?:1.8.0_382]
	at javax.security.auth.Subject.doAs(Subject.java:422) [?:1.8.0_382]
	at org.apache.hadoop.security.UserGroupInformation.doAs(UserGroupInformation.java:1899) [hadoop-common-3.3.6.jar:?]
	at org.apache.hadoop.ipc.Server$Handler.run(Server.java:3048) [hadoop-common-3.3.6.jar:?]
18:55:25.591 [IPC Server handler 4 on default port 15110] ERROR OMAudit - user=runner | ip=127.0.0.1 | op=LIST_STATUS {volume=volume95024, bucket=bucket37863, key=root_dir/file2, dataSize=0, replicationConfig=null} | ret=FAILURE
org.apache.hadoop.ozone.om.exceptions.OMException: Unable to get file status: volume: volume95024 bucket: bucket37863 key: root_dir/file2
	at org.apache.hadoop.ozone.om.KeyManagerImpl.getOzoneFileStatus(KeyManagerImpl.java:1195) ~[ozone-manager-1.4.0-SNAPSHOT.jar:?]
	at org.apache.hadoop.ozone.om.KeyManagerImpl.getFileStatus(KeyManagerImpl.java:1113) ~[ozone-manager-1.4.0-SNAPSHOT.jar:?]
	at org.apache.hadoop.ozone.om.KeyManagerImpl.listStatus(KeyManagerImpl.java:1505) ~[ozone-manager-1.4.0-SNAPSHOT.jar:?]
	at org.apache.hadoop.ozone.om.OmMetadataReader.listStatus(OmMetadataReader.java:235) ~[ozone-manager-1.4.0-SNAPSHOT.jar:?]
	at org.apache.hadoop.ozone.om.OzoneManager.listStatus(OzoneManager.java:3560) ~[ozone-manager-1.4.0-SNAPSHOT.jar:?]
	at org.apache.hadoop.ozone.protocolPB.OzoneManagerRequestHandler.listStatus(OzoneManagerRequestHandler.java:1145) ~[ozone-manager-1.4.0-SNAPSHOT.jar:?]
	at org.apache.hadoop.ozone.protocolPB.OzoneManagerRequestHandler.handleReadRequest(OzoneManagerRequestHandler.java:263) ~[ozone-manager-1.4.0-SNAPSHOT.jar:?]
	at org.apache.hadoop.ozone.protocolPB.OzoneManagerProtocolServerSideTranslatorPB.submitReadRequestToOM(OzoneManagerProtocolServerSideTranslatorPB.java:225) ~[ozone-manager-1.4.0-SNAPSHOT.jar:?]
	at org.apache.hadoop.ozone.protocolPB.OzoneManagerProtocolServerSideTranslatorPB.processRequest(OzoneManagerProtocolServerSideTranslatorPB.java:179) ~[ozone-manager-1.4.0-SNAPSHOT.jar:?]
	at org.apache.hadoop.hdds.server.OzoneProtocolMessageDispatcher.processRequest(OzoneProtocolMessageDispatcher.java:87) [hdds-server-framework-1.4.0-SNAPSHOT.jar:?]
	at org.apache.hadoop.ozone.protocolPB.OzoneManagerProtocolServerSideTranslatorPB.submitRequest(OzoneManagerProtocolServerSideTranslatorPB.java:148) [ozone-manager-1.4.0-SNAPSHOT.jar:?]
	at org.apache.hadoop.ozone.protocol.proto.OzoneManagerProtocolProtos$OzoneManagerService$2.callBlockingMethod(OzoneManagerProtocolProtos.java) [ozone-interface-client-1.4.0-SNAPSHOT.jar:?]
	at org.apache.hadoop.ipc.ProtobufRpcEngine$Server.processCall(ProtobufRpcEngine.java:484) [hadoop-common-3.3.6.jar:?]
	at org.apache.hadoop.ipc.ProtobufRpcEngine2$Server$ProtoBufRpcInvoker.call(ProtobufRpcEngine2.java:595) [hadoop-common-3.3.6.jar:?]
	at org.apache.hadoop.ipc.ProtobufRpcEngine2$Server$ProtoBufRpcInvoker.call(ProtobufRpcEngine2.java:573) [hadoop-common-3.3.6.jar:?]
	at org.apache.hadoop.ipc.RPC$Server.call(RPC.java:1227) [hadoop-common-3.3.6.jar:?]
	at org.apache.hadoop.ipc.Server$RpcCall.run(Server.java:1094) [hadoop-common-3.3.6.jar:?]
	at org.apache.hadoop.ipc.Server$RpcCall.run(Server.java:1017) [hadoop-common-3.3.6.jar:?]
	at java.security.AccessController.doPrivileged(Native Method) ~[?:1.8.0_382]
	at javax.security.auth.Subject.doAs(Subject.java:422) [?:1.8.0_382]
	at org.apache.hadoop.security.UserGroupInformation.doAs(UserGroupInformation.java:1899) [hadoop-common-3.3.6.jar:?]
	at org.apache.hadoop.ipc.Server$Handler.run(Server.java:3048) [hadoop-common-3.3.6.jar:?]
]]></system-out>
  </testcase>
  <testcase name="testRenameToParentDir" classname="TestOzoneFileSystem" time="0.019">
    <system-out><![CDATA[18:56:33.090 [IPC Server handler 19 on default port 15163] ERROR OMAudit - user=runner | ip=127.0.0.1 | op=LIST_STATUS {volume=volume50878, bucket=bucket78448, key=root_dir/dir2, dataSize=0, replicationConfig=null} | ret=FAILURE
org.apache.hadoop.ozone.om.exceptions.OMException: Unable to get file status: volume: volume50878 bucket: bucket78448 key: root_dir/dir2
	at org.apache.hadoop.ozone.om.KeyManagerImpl.getOzoneFileStatus(KeyManagerImpl.java:1195) ~[ozone-manager-1.4.0-SNAPSHOT.jar:?]
	at org.apache.hadoop.ozone.om.KeyManagerImpl.getFileStatus(KeyManagerImpl.java:1113) ~[ozone-manager-1.4.0-SNAPSHOT.jar:?]
	at org.apache.hadoop.ozone.om.KeyManagerImpl.listStatus(KeyManagerImpl.java:1505) ~[ozone-manager-1.4.0-SNAPSHOT.jar:?]
	at org.apache.hadoop.ozone.om.OmMetadataReader.listStatus(OmMetadataReader.java:235) ~[ozone-manager-1.4.0-SNAPSHOT.jar:?]
	at org.apache.hadoop.ozone.om.OzoneManager.listStatus(OzoneManager.java:3560) ~[ozone-manager-1.4.0-SNAPSHOT.jar:?]
	at org.apache.hadoop.ozone.protocolPB.OzoneManagerRequestHandler.listStatus(OzoneManagerRequestHandler.java:1145) ~[ozone-manager-1.4.0-SNAPSHOT.jar:?]
	at org.apache.hadoop.ozone.protocolPB.OzoneManagerRequestHandler.handleReadRequest(OzoneManagerRequestHandler.java:263) ~[ozone-manager-1.4.0-SNAPSHOT.jar:?]
	at org.apache.hadoop.ozone.protocolPB.OzoneManagerProtocolServerSideTranslatorPB.submitRequestDirectlyToOM(OzoneManagerProtocolServerSideTranslatorPB.java:274) ~[ozone-manager-1.4.0-SNAPSHOT.jar:?]
	at org.apache.hadoop.ozone.protocolPB.OzoneManagerProtocolServerSideTranslatorPB.processRequest(OzoneManagerProtocolServerSideTranslatorPB.java:175) ~[ozone-manager-1.4.0-SNAPSHOT.jar:?]
	at org.apache.hadoop.hdds.server.OzoneProtocolMessageDispatcher.processRequest(OzoneProtocolMessageDispatcher.java:87) [hdds-server-framework-1.4.0-SNAPSHOT.jar:?]
	at org.apache.hadoop.ozone.protocolPB.OzoneManagerProtocolServerSideTranslatorPB.submitRequest(OzoneManagerProtocolServerSideTranslatorPB.java:148) [ozone-manager-1.4.0-SNAPSHOT.jar:?]
	at org.apache.hadoop.ozone.protocol.proto.OzoneManagerProtocolProtos$OzoneManagerService$2.callBlockingMethod(OzoneManagerProtocolProtos.java) [ozone-interface-client-1.4.0-SNAPSHOT.jar:?]
	at org.apache.hadoop.ipc.ProtobufRpcEngine$Server.processCall(ProtobufRpcEngine.java:484) [hadoop-common-3.3.6.jar:?]
	at org.apache.hadoop.ipc.ProtobufRpcEngine2$Server$ProtoBufRpcInvoker.call(ProtobufRpcEngine2.java:595) [hadoop-common-3.3.6.jar:?]
	at org.apache.hadoop.ipc.ProtobufRpcEngine2$Server$ProtoBufRpcInvoker.call(ProtobufRpcEngine2.java:573) [hadoop-common-3.3.6.jar:?]
	at org.apache.hadoop.ipc.RPC$Server.call(RPC.java:1227) [hadoop-common-3.3.6.jar:?]
	at org.apache.hadoop.ipc.Server$RpcCall.run(Server.java:1094) [hadoop-common-3.3.6.jar:?]
	at org.apache.hadoop.ipc.Server$RpcCall.run(Server.java:1017) [hadoop-common-3.3.6.jar:?]
	at java.security.AccessController.doPrivileged(Native Method) ~[?:1.8.0_382]
	at javax.security.auth.Subject.doAs(Subject.java:422) [?:1.8.0_382]
	at org.apache.hadoop.security.UserGroupInformation.doAs(UserGroupInformation.java:1899) [hadoop-common-3.3.6.jar:?]
	at org.apache.hadoop.ipc.Server$Handler.run(Server.java:3048) [hadoop-common-3.3.6.jar:?]
18:56:33.095 [IPC Server handler 7 on default port 15163] ERROR OMAudit - user=runner | ip=127.0.0.1 | op=LIST_STATUS {volume=volume50878, bucket=bucket78448, key=root_dir/file2, dataSize=0, replicationConfig=null} | ret=FAILURE
org.apache.hadoop.ozone.om.exceptions.OMException: Unable to get file status: volume: volume50878 bucket: bucket78448 key: root_dir/file2
	at org.apache.hadoop.ozone.om.KeyManagerImpl.getOzoneFileStatus(KeyManagerImpl.java:1195) ~[ozone-manager-1.4.0-SNAPSHOT.jar:?]
	at org.apache.hadoop.ozone.om.KeyManagerImpl.getFileStatus(KeyManagerImpl.java:1113) ~[ozone-manager-1.4.0-SNAPSHOT.jar:?]
	at org.apache.hadoop.ozone.om.KeyManagerImpl.listStatus(KeyManagerImpl.java:1505) ~[ozone-manager-1.4.0-SNAPSHOT.jar:?]
	at org.apache.hadoop.ozone.om.OmMetadataReader.listStatus(OmMetadataReader.java:235) ~[ozone-manager-1.4.0-SNAPSHOT.jar:?]
	at org.apache.hadoop.ozone.om.OzoneManager.listStatus(OzoneManager.java:3560) ~[ozone-manager-1.4.0-SNAPSHOT.jar:?]
	at org.apache.hadoop.ozone.protocolPB.OzoneManagerRequestHandler.listStatus(OzoneManagerRequestHandler.java:1145) ~[ozone-manager-1.4.0-SNAPSHOT.jar:?]
	at org.apache.hadoop.ozone.protocolPB.OzoneManagerRequestHandler.handleReadRequest(OzoneManagerRequestHandler.java:263) ~[ozone-manager-1.4.0-SNAPSHOT.jar:?]
	at org.apache.hadoop.ozone.protocolPB.OzoneManagerProtocolServerSideTranslatorPB.submitRequestDirectlyToOM(OzoneManagerProtocolServerSideTranslatorPB.java:274) ~[ozone-manager-1.4.0-SNAPSHOT.jar:?]
	at org.apache.hadoop.ozone.protocolPB.OzoneManagerProtocolServerSideTranslatorPB.processRequest(OzoneManagerProtocolServerSideTranslatorPB.java:175) ~[ozone-manager-1.4.0-SNAPSHOT.jar:?]
	at org.apache.hadoop.hdds.server.OzoneProtocolMessageDispatcher.processRequest(OzoneProtocolMessageDispatcher.java:87) [hdds-server-framework-1.4.0-SNAPSHOT.jar:?]
	at org.apache.hadoop.ozone.protocolPB.OzoneManagerProtocolServerSideTranslatorPB.submitRequest(OzoneManagerProtocolServerSideTranslatorPB.java:148) [ozone-manager-1.4.0-SNAPSHOT.jar:?]
	at org.apache.hadoop.ozone.protocol.proto.OzoneManagerProtocolProtos$OzoneManagerService$2.callBlockingMethod(OzoneManagerProtocolProtos.java) [ozone-interface-client-1.4.0-SNAPSHOT.jar:?]
	at org.apache.hadoop.ipc.ProtobufRpcEngine$Server.processCall(ProtobufRpcEngine.java:484) [hadoop-common-3.3.6.jar:?]
	at org.apache.hadoop.ipc.ProtobufRpcEngine2$Server$ProtoBufRpcInvoker.call(ProtobufRpcEngine2.java:595) [hadoop-common-3.3.6.jar:?]
	at org.apache.hadoop.ipc.ProtobufRpcEngine2$Server$ProtoBufRpcInvoker.call(ProtobufRpcEngine2.java:573) [hadoop-common-3.3.6.jar:?]
	at org.apache.hadoop.ipc.RPC$Server.call(RPC.java:1227) [hadoop-common-3.3.6.jar:?]
	at org.apache.hadoop.ipc.Server$RpcCall.run(Server.java:1094) [hadoop-common-3.3.6.jar:?]
	at org.apache.hadoop.ipc.Server$RpcCall.run(Server.java:1017) [hadoop-common-3.3.6.jar:?]
	at java.security.AccessController.doPrivileged(Native Method) ~[?:1.8.0_382]
	at javax.security.auth.Subject.doAs(Subject.java:422) [?:1.8.0_382]
	at org.apache.hadoop.security.UserGroupInformation.doAs(UserGroupInformation.java:1899) [hadoop-common-3.3.6.jar:?]
	at org.apache.hadoop.ipc.Server$Handler.run(Server.java:3048) [hadoop-common-3.3.6.jar:?]
]]></system-out>
  </testcase>
  <testcase name="testListStatusOnSubDirs" classname="TestOzoneFileSystem" time="0.062"/>
  <testcase name="testListStatusOnSubDirs" classname="TestOzoneFileSystem" time="0.026"/>
  <testcase name="testListStatusOnSubDirs" classname="TestOzoneFileSystem" time="0.022"/>
  <testcase name="testListStatusOnSubDirs" classname="TestOzoneFileSystem" time="0.014"/>
  <testcase name="testListStatus" classname="TestOzoneFileSystem" time="0.081"/>
  <testcase name="testListStatus" classname="TestOzoneFileSystem" time="0.03"/>
  <testcase name="testListStatus" classname="TestOzoneFileSystem" time="0.04"/>
  <testcase name="testListStatus" classname="TestOzoneFileSystem" time="0.024"/>
  <testcase name="testRecursiveDelete" classname="TestOzoneFileSystem" time="0.442">
    <system-out><![CDATA[18:53:05.119 [IPC Server handler 6 on default port 15004] ERROR OMAudit - user=runner | ip=127.0.0.1 | op=GET_FILE_STATUS {volume=volume53060, bucket=bucket79480, key=gdir1, dataSize=0, replicationConfig=null} | ret=FAILURE
org.apache.hadoop.ozone.om.exceptions.OMException: Unable to get file status: volume: volume53060 bucket: bucket79480 key: gdir1
	at org.apache.hadoop.ozone.om.KeyManagerImpl.getOzoneFileStatus(KeyManagerImpl.java:1195) ~[ozone-manager-1.4.0-SNAPSHOT.jar:?]
	at org.apache.hadoop.ozone.om.KeyManagerImpl.getFileStatus(KeyManagerImpl.java:1113) ~[ozone-manager-1.4.0-SNAPSHOT.jar:?]
	at org.apache.hadoop.ozone.om.OmMetadataReader.getFileStatus(OmMetadataReader.java:262) ~[ozone-manager-1.4.0-SNAPSHOT.jar:?]
	at org.apache.hadoop.ozone.om.OzoneManager.getFileStatus(OzoneManager.java:3530) ~[ozone-manager-1.4.0-SNAPSHOT.jar:?]
	at org.apache.hadoop.ozone.protocolPB.OzoneManagerRequestHandler.getOzoneFileStatus(OzoneManagerRequestHandler.java:973) ~[ozone-manager-1.4.0-SNAPSHOT.jar:?]
	at org.apache.hadoop.ozone.protocolPB.OzoneManagerRequestHandler.handleReadRequest(OzoneManagerRequestHandler.java:252) ~[ozone-manager-1.4.0-SNAPSHOT.jar:?]
	at org.apache.hadoop.ozone.protocolPB.OzoneManagerProtocolServerSideTranslatorPB.submitReadRequestToOM(OzoneManagerProtocolServerSideTranslatorPB.java:225) ~[ozone-manager-1.4.0-SNAPSHOT.jar:?]
	at org.apache.hadoop.ozone.protocolPB.OzoneManagerProtocolServerSideTranslatorPB.processRequest(OzoneManagerProtocolServerSideTranslatorPB.java:179) ~[ozone-manager-1.4.0-SNAPSHOT.jar:?]
	at org.apache.hadoop.hdds.server.OzoneProtocolMessageDispatcher.processRequest(OzoneProtocolMessageDispatcher.java:87) [hdds-server-framework-1.4.0-SNAPSHOT.jar:?]
	at org.apache.hadoop.ozone.protocolPB.OzoneManagerProtocolServerSideTranslatorPB.submitRequest(OzoneManagerProtocolServerSideTranslatorPB.java:148) [ozone-manager-1.4.0-SNAPSHOT.jar:?]
	at org.apache.hadoop.ozone.protocol.proto.OzoneManagerProtocolProtos$OzoneManagerService$2.callBlockingMethod(OzoneManagerProtocolProtos.java) [ozone-interface-client-1.4.0-SNAPSHOT.jar:?]
	at org.apache.hadoop.ipc.ProtobufRpcEngine$Server.processCall(ProtobufRpcEngine.java:484) [hadoop-common-3.3.6.jar:?]
	at org.apache.hadoop.ipc.ProtobufRpcEngine2$Server$ProtoBufRpcInvoker.call(ProtobufRpcEngine2.java:595) [hadoop-common-3.3.6.jar:?]
	at org.apache.hadoop.ipc.ProtobufRpcEngine2$Server$ProtoBufRpcInvoker.call(ProtobufRpcEngine2.java:573) [hadoop-common-3.3.6.jar:?]
	at org.apache.hadoop.ipc.RPC$Server.call(RPC.java:1227) [hadoop-common-3.3.6.jar:?]
	at org.apache.hadoop.ipc.Server$RpcCall.run(Server.java:1094) [hadoop-common-3.3.6.jar:?]
	at org.apache.hadoop.ipc.Server$RpcCall.run(Server.java:1017) [hadoop-common-3.3.6.jar:?]
	at java.security.AccessController.doPrivileged(Native Method) ~[?:1.8.0_382]
	at javax.security.auth.Subject.doAs(Subject.java:422) [?:1.8.0_382]
	at org.apache.hadoop.security.UserGroupInformation.doAs(UserGroupInformation.java:1899) [hadoop-common-3.3.6.jar:?]
	at org.apache.hadoop.ipc.Server$Handler.run(Server.java:3048) [hadoop-common-3.3.6.jar:?]
18:53:05.121 [IPC Server handler 13 on default port 15004] ERROR OMAudit - user=runner | ip=127.0.0.1 | op=GET_FILE_STATUS {volume=volume53060, bucket=bucket79480, key=gdir1/dir1, dataSize=0, replicationConfig=null} | ret=FAILURE
org.apache.hadoop.ozone.om.exceptions.OMException: Unable to get file status: volume: volume53060 bucket: bucket79480 key: gdir1/dir1
	at org.apache.hadoop.ozone.om.KeyManagerImpl.getOzoneFileStatus(KeyManagerImpl.java:1195) ~[ozone-manager-1.4.0-SNAPSHOT.jar:?]
	at org.apache.hadoop.ozone.om.KeyManagerImpl.getFileStatus(KeyManagerImpl.java:1113) ~[ozone-manager-1.4.0-SNAPSHOT.jar:?]
	at org.apache.hadoop.ozone.om.OmMetadataReader.getFileStatus(OmMetadataReader.java:262) ~[ozone-manager-1.4.0-SNAPSHOT.jar:?]
	at org.apache.hadoop.ozone.om.OzoneManager.getFileStatus(OzoneManager.java:3530) ~[ozone-manager-1.4.0-SNAPSHOT.jar:?]
	at org.apache.hadoop.ozone.protocolPB.OzoneManagerRequestHandler.getOzoneFileStatus(OzoneManagerRequestHandler.java:973) ~[ozone-manager-1.4.0-SNAPSHOT.jar:?]
	at org.apache.hadoop.ozone.protocolPB.OzoneManagerRequestHandler.handleReadRequest(OzoneManagerRequestHandler.java:252) ~[ozone-manager-1.4.0-SNAPSHOT.jar:?]
	at org.apache.hadoop.ozone.protocolPB.OzoneManagerProtocolServerSideTranslatorPB.submitReadRequestToOM(OzoneManagerProtocolServerSideTranslatorPB.java:225) ~[ozone-manager-1.4.0-SNAPSHOT.jar:?]
	at org.apache.hadoop.ozone.protocolPB.OzoneManagerProtocolServerSideTranslatorPB.processRequest(OzoneManagerProtocolServerSideTranslatorPB.java:179) ~[ozone-manager-1.4.0-SNAPSHOT.jar:?]
	at org.apache.hadoop.hdds.server.OzoneProtocolMessageDispatcher.processRequest(OzoneProtocolMessageDispatcher.java:87) [hdds-server-framework-1.4.0-SNAPSHOT.jar:?]
	at org.apache.hadoop.ozone.protocolPB.OzoneManagerProtocolServerSideTranslatorPB.submitRequest(OzoneManagerProtocolServerSideTranslatorPB.java:148) [ozone-manager-1.4.0-SNAPSHOT.jar:?]
	at org.apache.hadoop.ozone.protocol.proto.OzoneManagerProtocolProtos$OzoneManagerService$2.callBlockingMethod(OzoneManagerProtocolProtos.java) [ozone-interface-client-1.4.0-SNAPSHOT.jar:?]
	at org.apache.hadoop.ipc.ProtobufRpcEngine$Server.processCall(ProtobufRpcEngine.java:484) [hadoop-common-3.3.6.jar:?]
	at org.apache.hadoop.ipc.ProtobufRpcEngine2$Server$ProtoBufRpcInvoker.call(ProtobufRpcEngine2.java:595) [hadoop-common-3.3.6.jar:?]
	at org.apache.hadoop.ipc.ProtobufRpcEngine2$Server$ProtoBufRpcInvoker.call(ProtobufRpcEngine2.java:573) [hadoop-common-3.3.6.jar:?]
	at org.apache.hadoop.ipc.RPC$Server.call(RPC.java:1227) [hadoop-common-3.3.6.jar:?]
	at org.apache.hadoop.ipc.Server$RpcCall.run(Server.java:1094) [hadoop-common-3.3.6.jar:?]
	at org.apache.hadoop.ipc.Server$RpcCall.run(Server.java:1017) [hadoop-common-3.3.6.jar:?]
	at java.security.AccessController.doPrivileged(Native Method) ~[?:1.8.0_382]
	at javax.security.auth.Subject.doAs(Subject.java:422) [?:1.8.0_382]
	at org.apache.hadoop.security.UserGroupInformation.doAs(UserGroupInformation.java:1899) [hadoop-common-3.3.6.jar:?]
	at org.apache.hadoop.ipc.Server$Handler.run(Server.java:3048) [hadoop-common-3.3.6.jar:?]
18:53:05.124 [IPC Server handler 7 on default port 15004] ERROR OMAudit - user=runner | ip=127.0.0.1 | op=GET_FILE_STATUS {volume=volume53060, bucket=bucket79480, key=gdir1/dir1/child, dataSize=0, replicationConfig=null} | ret=FAILURE
org.apache.hadoop.ozone.om.exceptions.OMException: Unable to get file status: volume: volume53060 bucket: bucket79480 key: gdir1/dir1/child
	at org.apache.hadoop.ozone.om.KeyManagerImpl.getOzoneFileStatus(KeyManagerImpl.java:1195) ~[ozone-manager-1.4.0-SNAPSHOT.jar:?]
	at org.apache.hadoop.ozone.om.KeyManagerImpl.getFileStatus(KeyManagerImpl.java:1113) ~[ozone-manager-1.4.0-SNAPSHOT.jar:?]
	at org.apache.hadoop.ozone.om.OmMetadataReader.getFileStatus(OmMetadataReader.java:262) ~[ozone-manager-1.4.0-SNAPSHOT.jar:?]
	at org.apache.hadoop.ozone.om.OzoneManager.getFileStatus(OzoneManager.java:3530) ~[ozone-manager-1.4.0-SNAPSHOT.jar:?]
	at org.apache.hadoop.ozone.protocolPB.OzoneManagerRequestHandler.getOzoneFileStatus(OzoneManagerRequestHandler.java:973) ~[ozone-manager-1.4.0-SNAPSHOT.jar:?]
	at org.apache.hadoop.ozone.protocolPB.OzoneManagerRequestHandler.handleReadRequest(OzoneManagerRequestHandler.java:252) ~[ozone-manager-1.4.0-SNAPSHOT.jar:?]
	at org.apache.hadoop.ozone.protocolPB.OzoneManagerProtocolServerSideTranslatorPB.submitReadRequestToOM(OzoneManagerProtocolServerSideTranslatorPB.java:225) ~[ozone-manager-1.4.0-SNAPSHOT.jar:?]
	at org.apache.hadoop.ozone.protocolPB.OzoneManagerProtocolServerSideTranslatorPB.processRequest(OzoneManagerProtocolServerSideTranslatorPB.java:179) ~[ozone-manager-1.4.0-SNAPSHOT.jar:?]
	at org.apache.hadoop.hdds.server.OzoneProtocolMessageDispatcher.processRequest(OzoneProtocolMessageDispatcher.java:87) [hdds-server-framework-1.4.0-SNAPSHOT.jar:?]
	at org.apache.hadoop.ozone.protocolPB.OzoneManagerProtocolServerSideTranslatorPB.submitRequest(OzoneManagerProtocolServerSideTranslatorPB.java:148) [ozone-manager-1.4.0-SNAPSHOT.jar:?]
	at org.apache.hadoop.ozone.protocol.proto.OzoneManagerProtocolProtos$OzoneManagerService$2.callBlockingMethod(OzoneManagerProtocolProtos.java) [ozone-interface-client-1.4.0-SNAPSHOT.jar:?]
	at org.apache.hadoop.ipc.ProtobufRpcEngine$Server.processCall(ProtobufRpcEngine.java:484) [hadoop-common-3.3.6.jar:?]
	at org.apache.hadoop.ipc.ProtobufRpcEngine2$Server$ProtoBufRpcInvoker.call(ProtobufRpcEngine2.java:595) [hadoop-common-3.3.6.jar:?]
	at org.apache.hadoop.ipc.ProtobufRpcEngine2$Server$ProtoBufRpcInvoker.call(ProtobufRpcEngine2.java:573) [hadoop-common-3.3.6.jar:?]
	at org.apache.hadoop.ipc.RPC$Server.call(RPC.java:1227) [hadoop-common-3.3.6.jar:?]
	at org.apache.hadoop.ipc.Server$RpcCall.run(Server.java:1094) [hadoop-common-3.3.6.jar:?]
	at org.apache.hadoop.ipc.Server$RpcCall.run(Server.java:1017) [hadoop-common-3.3.6.jar:?]
	at java.security.AccessController.doPrivileged(Native Method) ~[?:1.8.0_382]
	at javax.security.auth.Subject.doAs(Subject.java:422) [?:1.8.0_382]
	at org.apache.hadoop.security.UserGroupInformation.doAs(UserGroupInformation.java:1899) [hadoop-common-3.3.6.jar:?]
	at org.apache.hadoop.ipc.Server$Handler.run(Server.java:3048) [hadoop-common-3.3.6.jar:?]
18:53:05.126 [IPC Server handler 8 on default port 15004] ERROR OMAudit - user=runner | ip=127.0.0.1 | op=GET_FILE_STATUS {volume=volume53060, bucket=bucket79480, key=gdir1/dir2, dataSize=0, replicationConfig=null} | ret=FAILURE
org.apache.hadoop.ozone.om.exceptions.OMException: Unable to get file status: volume: volume53060 bucket: bucket79480 key: gdir1/dir2
	at org.apache.hadoop.ozone.om.KeyManagerImpl.getOzoneFileStatus(KeyManagerImpl.java:1195) ~[ozone-manager-1.4.0-SNAPSHOT.jar:?]
	at org.apache.hadoop.ozone.om.KeyManagerImpl.getFileStatus(KeyManagerImpl.java:1113) ~[ozone-manager-1.4.0-SNAPSHOT.jar:?]
	at org.apache.hadoop.ozone.om.OmMetadataReader.getFileStatus(OmMetadataReader.java:262) ~[ozone-manager-1.4.0-SNAPSHOT.jar:?]
	at org.apache.hadoop.ozone.om.OzoneManager.getFileStatus(OzoneManager.java:3530) ~[ozone-manager-1.4.0-SNAPSHOT.jar:?]
	at org.apache.hadoop.ozone.protocolPB.OzoneManagerRequestHandler.getOzoneFileStatus(OzoneManagerRequestHandler.java:973) ~[ozone-manager-1.4.0-SNAPSHOT.jar:?]
	at org.apache.hadoop.ozone.protocolPB.OzoneManagerRequestHandler.handleReadRequest(OzoneManagerRequestHandler.java:252) ~[ozone-manager-1.4.0-SNAPSHOT.jar:?]
	at org.apache.hadoop.ozone.protocolPB.OzoneManagerProtocolServerSideTranslatorPB.submitReadRequestToOM(OzoneManagerProtocolServerSideTranslatorPB.java:225) ~[ozone-manager-1.4.0-SNAPSHOT.jar:?]
	at org.apache.hadoop.ozone.protocolPB.OzoneManagerProtocolServerSideTranslatorPB.processRequest(OzoneManagerProtocolServerSideTranslatorPB.java:179) ~[ozone-manager-1.4.0-SNAPSHOT.jar:?]
	at org.apache.hadoop.hdds.server.OzoneProtocolMessageDispatcher.processRequest(OzoneProtocolMessageDispatcher.java:87) [hdds-server-framework-1.4.0-SNAPSHOT.jar:?]
	at org.apache.hadoop.ozone.protocolPB.OzoneManagerProtocolServerSideTranslatorPB.submitRequest(OzoneManagerProtocolServerSideTranslatorPB.java:148) [ozone-manager-1.4.0-SNAPSHOT.jar:?]
	at org.apache.hadoop.ozone.protocol.proto.OzoneManagerProtocolProtos$OzoneManagerService$2.callBlockingMethod(OzoneManagerProtocolProtos.java) [ozone-interface-client-1.4.0-SNAPSHOT.jar:?]
	at org.apache.hadoop.ipc.ProtobufRpcEngine$Server.processCall(ProtobufRpcEngine.java:484) [hadoop-common-3.3.6.jar:?]
	at org.apache.hadoop.ipc.ProtobufRpcEngine2$Server$ProtoBufRpcInvoker.call(ProtobufRpcEngine2.java:595) [hadoop-common-3.3.6.jar:?]
	at org.apache.hadoop.ipc.ProtobufRpcEngine2$Server$ProtoBufRpcInvoker.call(ProtobufRpcEngine2.java:573) [hadoop-common-3.3.6.jar:?]
	at org.apache.hadoop.ipc.RPC$Server.call(RPC.java:1227) [hadoop-common-3.3.6.jar:?]
	at org.apache.hadoop.ipc.Server$RpcCall.run(Server.java:1094) [hadoop-common-3.3.6.jar:?]
	at org.apache.hadoop.ipc.Server$RpcCall.run(Server.java:1017) [hadoop-common-3.3.6.jar:?]
	at java.security.AccessController.doPrivileged(Native Method) ~[?:1.8.0_382]
	at javax.security.auth.Subject.doAs(Subject.java:422) [?:1.8.0_382]
	at org.apache.hadoop.security.UserGroupInformation.doAs(UserGroupInformation.java:1899) [hadoop-common-3.3.6.jar:?]
	at org.apache.hadoop.ipc.Server$Handler.run(Server.java:3048) [hadoop-common-3.3.6.jar:?]
18:53:05.128 [IPC Server handler 19 on default port 15004] ERROR OMAudit - user=runner | ip=127.0.0.1 | op=GET_FILE_STATUS {volume=volume53060, bucket=bucket79480, key=gdir1/dir2/child, dataSize=0, replicationConfig=null} | ret=FAILURE
org.apache.hadoop.ozone.om.exceptions.OMException: Unable to get file status: volume: volume53060 bucket: bucket79480 key: gdir1/dir2/child
	at org.apache.hadoop.ozone.om.KeyManagerImpl.getOzoneFileStatus(KeyManagerImpl.java:1195) ~[ozone-manager-1.4.0-SNAPSHOT.jar:?]
	at org.apache.hadoop.ozone.om.KeyManagerImpl.getFileStatus(KeyManagerImpl.java:1113) ~[ozone-manager-1.4.0-SNAPSHOT.jar:?]
	at org.apache.hadoop.ozone.om.OmMetadataReader.getFileStatus(OmMetadataReader.java:262) ~[ozone-manager-1.4.0-SNAPSHOT.jar:?]
	at org.apache.hadoop.ozone.om.OzoneManager.getFileStatus(OzoneManager.java:3530) ~[ozone-manager-1.4.0-SNAPSHOT.jar:?]
	at org.apache.hadoop.ozone.protocolPB.OzoneManagerRequestHandler.getOzoneFileStatus(OzoneManagerRequestHandler.java:973) ~[ozone-manager-1.4.0-SNAPSHOT.jar:?]
	at org.apache.hadoop.ozone.protocolPB.OzoneManagerRequestHandler.handleReadRequest(OzoneManagerRequestHandler.java:252) ~[ozone-manager-1.4.0-SNAPSHOT.jar:?]
	at org.apache.hadoop.ozone.protocolPB.OzoneManagerProtocolServerSideTranslatorPB.submitReadRequestToOM(OzoneManagerProtocolServerSideTranslatorPB.java:225) ~[ozone-manager-1.4.0-SNAPSHOT.jar:?]
	at org.apache.hadoop.ozone.protocolPB.OzoneManagerProtocolServerSideTranslatorPB.processRequest(OzoneManagerProtocolServerSideTranslatorPB.java:179) ~[ozone-manager-1.4.0-SNAPSHOT.jar:?]
	at org.apache.hadoop.hdds.server.OzoneProtocolMessageDispatcher.processRequest(OzoneProtocolMessageDispatcher.java:87) [hdds-server-framework-1.4.0-SNAPSHOT.jar:?]
	at org.apache.hadoop.ozone.protocolPB.OzoneManagerProtocolServerSideTranslatorPB.submitRequest(OzoneManagerProtocolServerSideTranslatorPB.java:148) [ozone-manager-1.4.0-SNAPSHOT.jar:?]
	at org.apache.hadoop.ozone.protocol.proto.OzoneManagerProtocolProtos$OzoneManagerService$2.callBlockingMethod(OzoneManagerProtocolProtos.java) [ozone-interface-client-1.4.0-SNAPSHOT.jar:?]
	at org.apache.hadoop.ipc.ProtobufRpcEngine$Server.processCall(ProtobufRpcEngine.java:484) [hadoop-common-3.3.6.jar:?]
	at org.apache.hadoop.ipc.ProtobufRpcEngine2$Server$ProtoBufRpcInvoker.call(ProtobufRpcEngine2.java:595) [hadoop-common-3.3.6.jar:?]
	at org.apache.hadoop.ipc.ProtobufRpcEngine2$Server$ProtoBufRpcInvoker.call(ProtobufRpcEngine2.java:573) [hadoop-common-3.3.6.jar:?]
	at org.apache.hadoop.ipc.RPC$Server.call(RPC.java:1227) [hadoop-common-3.3.6.jar:?]
	at org.apache.hadoop.ipc.Server$RpcCall.run(Server.java:1094) [hadoop-common-3.3.6.jar:?]
	at org.apache.hadoop.ipc.Server$RpcCall.run(Server.java:1017) [hadoop-common-3.3.6.jar:?]
	at java.security.AccessController.doPrivileged(Native Method) ~[?:1.8.0_382]
	at javax.security.auth.Subject.doAs(Subject.java:422) [?:1.8.0_382]
	at org.apache.hadoop.security.UserGroupInformation.doAs(UserGroupInformation.java:1899) [hadoop-common-3.3.6.jar:?]
	at org.apache.hadoop.ipc.Server$Handler.run(Server.java:3048) [hadoop-common-3.3.6.jar:?]
18:53:05.130 [IPC Server handler 0 on default port 15004] ERROR OMAudit - user=runner | ip=127.0.0.1 | op=GET_FILE_STATUS {volume=volume53060, bucket=bucket79480, key=gdir1/dir3, dataSize=0, replicationConfig=null} | ret=FAILURE
org.apache.hadoop.ozone.om.exceptions.OMException: Unable to get file status: volume: volume53060 bucket: bucket79480 key: gdir1/dir3
	at org.apache.hadoop.ozone.om.KeyManagerImpl.getOzoneFileStatus(KeyManagerImpl.java:1195) ~[ozone-manager-1.4.0-SNAPSHOT.jar:?]
	at org.apache.hadoop.ozone.om.KeyManagerImpl.getFileStatus(KeyManagerImpl.java:1113) ~[ozone-manager-1.4.0-SNAPSHOT.jar:?]
	at org.apache.hadoop.ozone.om.OmMetadataReader.getFileStatus(OmMetadataReader.java:262) ~[ozone-manager-1.4.0-SNAPSHOT.jar:?]
	at org.apache.hadoop.ozone.om.OzoneManager.getFileStatus(OzoneManager.java:3530) ~[ozone-manager-1.4.0-SNAPSHOT.jar:?]
	at org.apache.hadoop.ozone.protocolPB.OzoneManagerRequestHandler.getOzoneFileStatus(OzoneManagerRequestHandler.java:973) ~[ozone-manager-1.4.0-SNAPSHOT.jar:?]
	at org.apache.hadoop.ozone.protocolPB.OzoneManagerRequestHandler.handleReadRequest(OzoneManagerRequestHandler.java:252) ~[ozone-manager-1.4.0-SNAPSHOT.jar:?]
	at org.apache.hadoop.ozone.protocolPB.OzoneManagerProtocolServerSideTranslatorPB.submitReadRequestToOM(OzoneManagerProtocolServerSideTranslatorPB.java:225) ~[ozone-manager-1.4.0-SNAPSHOT.jar:?]
	at org.apache.hadoop.ozone.protocolPB.OzoneManagerProtocolServerSideTranslatorPB.processRequest(OzoneManagerProtocolServerSideTranslatorPB.java:179) ~[ozone-manager-1.4.0-SNAPSHOT.jar:?]
	at org.apache.hadoop.hdds.server.OzoneProtocolMessageDispatcher.processRequest(OzoneProtocolMessageDispatcher.java:87) [hdds-server-framework-1.4.0-SNAPSHOT.jar:?]
	at org.apache.hadoop.ozone.protocolPB.OzoneManagerProtocolServerSideTranslatorPB.submitRequest(OzoneManagerProtocolServerSideTranslatorPB.java:148) [ozone-manager-1.4.0-SNAPSHOT.jar:?]
	at org.apache.hadoop.ozone.protocol.proto.OzoneManagerProtocolProtos$OzoneManagerService$2.callBlockingMethod(OzoneManagerProtocolProtos.java) [ozone-interface-client-1.4.0-SNAPSHOT.jar:?]
	at org.apache.hadoop.ipc.ProtobufRpcEngine$Server.processCall(ProtobufRpcEngine.java:484) [hadoop-common-3.3.6.jar:?]
	at org.apache.hadoop.ipc.ProtobufRpcEngine2$Server$ProtoBufRpcInvoker.call(ProtobufRpcEngine2.java:595) [hadoop-common-3.3.6.jar:?]
	at org.apache.hadoop.ipc.ProtobufRpcEngine2$Server$ProtoBufRpcInvoker.call(ProtobufRpcEngine2.java:573) [hadoop-common-3.3.6.jar:?]
	at org.apache.hadoop.ipc.RPC$Server.call(RPC.java:1227) [hadoop-common-3.3.6.jar:?]
	at org.apache.hadoop.ipc.Server$RpcCall.run(Server.java:1094) [hadoop-common-3.3.6.jar:?]
	at org.apache.hadoop.ipc.Server$RpcCall.run(Server.java:1017) [hadoop-common-3.3.6.jar:?]
	at java.security.AccessController.doPrivileged(Native Method) ~[?:1.8.0_382]
	at javax.security.auth.Subject.doAs(Subject.java:422) [?:1.8.0_382]
	at org.apache.hadoop.security.UserGroupInformation.doAs(UserGroupInformation.java:1899) [hadoop-common-3.3.6.jar:?]
	at org.apache.hadoop.ipc.Server$Handler.run(Server.java:3048) [hadoop-common-3.3.6.jar:?]
18:53:05.131 [IPC Server handler 3 on default port 15004] ERROR OMAudit - user=runner | ip=127.0.0.1 | op=GET_FILE_STATUS {volume=volume53060, bucket=bucket79480, key=gdir1/dir3/child, dataSize=0, replicationConfig=null} | ret=FAILURE
org.apache.hadoop.ozone.om.exceptions.OMException: Unable to get file status: volume: volume53060 bucket: bucket79480 key: gdir1/dir3/child
	at org.apache.hadoop.ozone.om.KeyManagerImpl.getOzoneFileStatus(KeyManagerImpl.java:1195) ~[ozone-manager-1.4.0-SNAPSHOT.jar:?]
	at org.apache.hadoop.ozone.om.KeyManagerImpl.getFileStatus(KeyManagerImpl.java:1113) ~[ozone-manager-1.4.0-SNAPSHOT.jar:?]
	at org.apache.hadoop.ozone.om.OmMetadataReader.getFileStatus(OmMetadataReader.java:262) ~[ozone-manager-1.4.0-SNAPSHOT.jar:?]
	at org.apache.hadoop.ozone.om.OzoneManager.getFileStatus(OzoneManager.java:3530) ~[ozone-manager-1.4.0-SNAPSHOT.jar:?]
	at org.apache.hadoop.ozone.protocolPB.OzoneManagerRequestHandler.getOzoneFileStatus(OzoneManagerRequestHandler.java:973) ~[ozone-manager-1.4.0-SNAPSHOT.jar:?]
	at org.apache.hadoop.ozone.protocolPB.OzoneManagerRequestHandler.handleReadRequest(OzoneManagerRequestHandler.java:252) ~[ozone-manager-1.4.0-SNAPSHOT.jar:?]
	at org.apache.hadoop.ozone.protocolPB.OzoneManagerProtocolServerSideTranslatorPB.submitReadRequestToOM(OzoneManagerProtocolServerSideTranslatorPB.java:225) ~[ozone-manager-1.4.0-SNAPSHOT.jar:?]
	at org.apache.hadoop.ozone.protocolPB.OzoneManagerProtocolServerSideTranslatorPB.processRequest(OzoneManagerProtocolServerSideTranslatorPB.java:179) ~[ozone-manager-1.4.0-SNAPSHOT.jar:?]
	at org.apache.hadoop.hdds.server.OzoneProtocolMessageDispatcher.processRequest(OzoneProtocolMessageDispatcher.java:87) [hdds-server-framework-1.4.0-SNAPSHOT.jar:?]
	at org.apache.hadoop.ozone.protocolPB.OzoneManagerProtocolServerSideTranslatorPB.submitRequest(OzoneManagerProtocolServerSideTranslatorPB.java:148) [ozone-manager-1.4.0-SNAPSHOT.jar:?]
	at org.apache.hadoop.ozone.protocol.proto.OzoneManagerProtocolProtos$OzoneManagerService$2.callBlockingMethod(OzoneManagerProtocolProtos.java) [ozone-interface-client-1.4.0-SNAPSHOT.jar:?]
	at org.apache.hadoop.ipc.ProtobufRpcEngine$Server.processCall(ProtobufRpcEngine.java:484) [hadoop-common-3.3.6.jar:?]
	at org.apache.hadoop.ipc.ProtobufRpcEngine2$Server$ProtoBufRpcInvoker.call(ProtobufRpcEngine2.java:595) [hadoop-common-3.3.6.jar:?]
	at org.apache.hadoop.ipc.ProtobufRpcEngine2$Server$ProtoBufRpcInvoker.call(ProtobufRpcEngine2.java:573) [hadoop-common-3.3.6.jar:?]
	at org.apache.hadoop.ipc.RPC$Server.call(RPC.java:1227) [hadoop-common-3.3.6.jar:?]
	at org.apache.hadoop.ipc.Server$RpcCall.run(Server.java:1094) [hadoop-common-3.3.6.jar:?]
	at org.apache.hadoop.ipc.Server$RpcCall.run(Server.java:1017) [hadoop-common-3.3.6.jar:?]
	at java.security.AccessController.doPrivileged(Native Method) ~[?:1.8.0_382]
	at javax.security.auth.Subject.doAs(Subject.java:422) [?:1.8.0_382]
	at org.apache.hadoop.security.UserGroupInformation.doAs(UserGroupInformation.java:1899) [hadoop-common-3.3.6.jar:?]
	at org.apache.hadoop.ipc.Server$Handler.run(Server.java:3048) [hadoop-common-3.3.6.jar:?]
18:53:05.133 [IPC Server handler 4 on default port 15004] ERROR OMAudit - user=runner | ip=127.0.0.1 | op=GET_FILE_STATUS {volume=volume53060, bucket=bucket79480, key=gdir1/dir4, dataSize=0, replicationConfig=null} | ret=FAILURE
org.apache.hadoop.ozone.om.exceptions.OMException: Unable to get file status: volume: volume53060 bucket: bucket79480 key: gdir1/dir4
	at org.apache.hadoop.ozone.om.KeyManagerImpl.getOzoneFileStatus(KeyManagerImpl.java:1195) ~[ozone-manager-1.4.0-SNAPSHOT.jar:?]
	at org.apache.hadoop.ozone.om.KeyManagerImpl.getFileStatus(KeyManagerImpl.java:1113) ~[ozone-manager-1.4.0-SNAPSHOT.jar:?]
	at org.apache.hadoop.ozone.om.OmMetadataReader.getFileStatus(OmMetadataReader.java:262) ~[ozone-manager-1.4.0-SNAPSHOT.jar:?]
	at org.apache.hadoop.ozone.om.OzoneManager.getFileStatus(OzoneManager.java:3530) ~[ozone-manager-1.4.0-SNAPSHOT.jar:?]
	at org.apache.hadoop.ozone.protocolPB.OzoneManagerRequestHandler.getOzoneFileStatus(OzoneManagerRequestHandler.java:973) ~[ozone-manager-1.4.0-SNAPSHOT.jar:?]
	at org.apache.hadoop.ozone.protocolPB.OzoneManagerRequestHandler.handleReadRequest(OzoneManagerRequestHandler.java:252) ~[ozone-manager-1.4.0-SNAPSHOT.jar:?]
	at org.apache.hadoop.ozone.protocolPB.OzoneManagerProtocolServerSideTranslatorPB.submitReadRequestToOM(OzoneManagerProtocolServerSideTranslatorPB.java:225) ~[ozone-manager-1.4.0-SNAPSHOT.jar:?]
	at org.apache.hadoop.ozone.protocolPB.OzoneManagerProtocolServerSideTranslatorPB.processRequest(OzoneManagerProtocolServerSideTranslatorPB.java:179) ~[ozone-manager-1.4.0-SNAPSHOT.jar:?]
	at org.apache.hadoop.hdds.server.OzoneProtocolMessageDispatcher.processRequest(OzoneProtocolMessageDispatcher.java:87) [hdds-server-framework-1.4.0-SNAPSHOT.jar:?]
	at org.apache.hadoop.ozone.protocolPB.OzoneManagerProtocolServerSideTranslatorPB.submitRequest(OzoneManagerProtocolServerSideTranslatorPB.java:148) [ozone-manager-1.4.0-SNAPSHOT.jar:?]
	at org.apache.hadoop.ozone.protocol.proto.OzoneManagerProtocolProtos$OzoneManagerService$2.callBlockingMethod(OzoneManagerProtocolProtos.java) [ozone-interface-client-1.4.0-SNAPSHOT.jar:?]
	at org.apache.hadoop.ipc.ProtobufRpcEngine$Server.processCall(ProtobufRpcEngine.java:484) [hadoop-common-3.3.6.jar:?]
	at org.apache.hadoop.ipc.ProtobufRpcEngine2$Server$ProtoBufRpcInvoker.call(ProtobufRpcEngine2.java:595) [hadoop-common-3.3.6.jar:?]
	at org.apache.hadoop.ipc.ProtobufRpcEngine2$Server$ProtoBufRpcInvoker.call(ProtobufRpcEngine2.java:573) [hadoop-common-3.3.6.jar:?]
	at org.apache.hadoop.ipc.RPC$Server.call(RPC.java:1227) [hadoop-common-3.3.6.jar:?]
	at org.apache.hadoop.ipc.Server$RpcCall.run(Server.java:1094) [hadoop-common-3.3.6.jar:?]
	at org.apache.hadoop.ipc.Server$RpcCall.run(Server.java:1017) [hadoop-common-3.3.6.jar:?]
	at java.security.AccessController.doPrivileged(Native Method) ~[?:1.8.0_382]
	at javax.security.auth.Subject.doAs(Subject.java:422) [?:1.8.0_382]
	at org.apache.hadoop.security.UserGroupInformation.doAs(UserGroupInformation.java:1899) [hadoop-common-3.3.6.jar:?]
	at org.apache.hadoop.ipc.Server$Handler.run(Server.java:3048) [hadoop-common-3.3.6.jar:?]
18:53:05.135 [IPC Server handler 1 on default port 15004] ERROR OMAudit - user=runner | ip=127.0.0.1 | op=GET_FILE_STATUS {volume=volume53060, bucket=bucket79480, key=gdir1/dir4/child, dataSize=0, replicationConfig=null} | ret=FAILURE
org.apache.hadoop.ozone.om.exceptions.OMException: Unable to get file status: volume: volume53060 bucket: bucket79480 key: gdir1/dir4/child
	at org.apache.hadoop.ozone.om.KeyManagerImpl.getOzoneFileStatus(KeyManagerImpl.java:1195) ~[ozone-manager-1.4.0-SNAPSHOT.jar:?]
	at org.apache.hadoop.ozone.om.KeyManagerImpl.getFileStatus(KeyManagerImpl.java:1113) ~[ozone-manager-1.4.0-SNAPSHOT.jar:?]
	at org.apache.hadoop.ozone.om.OmMetadataReader.getFileStatus(OmMetadataReader.java:262) ~[ozone-manager-1.4.0-SNAPSHOT.jar:?]
	at org.apache.hadoop.ozone.om.OzoneManager.getFileStatus(OzoneManager.java:3530) ~[ozone-manager-1.4.0-SNAPSHOT.jar:?]
	at org.apache.hadoop.ozone.protocolPB.OzoneManagerRequestHandler.getOzoneFileStatus(OzoneManagerRequestHandler.java:973) ~[ozone-manager-1.4.0-SNAPSHOT.jar:?]
	at org.apache.hadoop.ozone.protocolPB.OzoneManagerRequestHandler.handleReadRequest(OzoneManagerRequestHandler.java:252) ~[ozone-manager-1.4.0-SNAPSHOT.jar:?]
	at org.apache.hadoop.ozone.protocolPB.OzoneManagerProtocolServerSideTranslatorPB.submitReadRequestToOM(OzoneManagerProtocolServerSideTranslatorPB.java:225) ~[ozone-manager-1.4.0-SNAPSHOT.jar:?]
	at org.apache.hadoop.ozone.protocolPB.OzoneManagerProtocolServerSideTranslatorPB.processRequest(OzoneManagerProtocolServerSideTranslatorPB.java:179) ~[ozone-manager-1.4.0-SNAPSHOT.jar:?]
	at org.apache.hadoop.hdds.server.OzoneProtocolMessageDispatcher.processRequest(OzoneProtocolMessageDispatcher.java:87) [hdds-server-framework-1.4.0-SNAPSHOT.jar:?]
	at org.apache.hadoop.ozone.protocolPB.OzoneManagerProtocolServerSideTranslatorPB.submitRequest(OzoneManagerProtocolServerSideTranslatorPB.java:148) [ozone-manager-1.4.0-SNAPSHOT.jar:?]
	at org.apache.hadoop.ozone.protocol.proto.OzoneManagerProtocolProtos$OzoneManagerService$2.callBlockingMethod(OzoneManagerProtocolProtos.java) [ozone-interface-client-1.4.0-SNAPSHOT.jar:?]
	at org.apache.hadoop.ipc.ProtobufRpcEngine$Server.processCall(ProtobufRpcEngine.java:484) [hadoop-common-3.3.6.jar:?]
	at org.apache.hadoop.ipc.ProtobufRpcEngine2$Server$ProtoBufRpcInvoker.call(ProtobufRpcEngine2.java:595) [hadoop-common-3.3.6.jar:?]
	at org.apache.hadoop.ipc.ProtobufRpcEngine2$Server$ProtoBufRpcInvoker.call(ProtobufRpcEngine2.java:573) [hadoop-common-3.3.6.jar:?]
	at org.apache.hadoop.ipc.RPC$Server.call(RPC.java:1227) [hadoop-common-3.3.6.jar:?]
	at org.apache.hadoop.ipc.Server$RpcCall.run(Server.java:1094) [hadoop-common-3.3.6.jar:?]
	at org.apache.hadoop.ipc.Server$RpcCall.run(Server.java:1017) [hadoop-common-3.3.6.jar:?]
	at java.security.AccessController.doPrivileged(Native Method) ~[?:1.8.0_382]
	at javax.security.auth.Subject.doAs(Subject.java:422) [?:1.8.0_382]
	at org.apache.hadoop.security.UserGroupInformation.doAs(UserGroupInformation.java:1899) [hadoop-common-3.3.6.jar:?]
	at org.apache.hadoop.ipc.Server$Handler.run(Server.java:3048) [hadoop-common-3.3.6.jar:?]
18:53:05.136 [IPC Server handler 2 on default port 15004] ERROR OMAudit - user=runner | ip=127.0.0.1 | op=GET_FILE_STATUS {volume=volume53060, bucket=bucket79480, key=gdir1/dir5, dataSize=0, replicationConfig=null} | ret=FAILURE
org.apache.hadoop.ozone.om.exceptions.OMException: Unable to get file status: volume: volume53060 bucket: bucket79480 key: gdir1/dir5
	at org.apache.hadoop.ozone.om.KeyManagerImpl.getOzoneFileStatus(KeyManagerImpl.java:1195) ~[ozone-manager-1.4.0-SNAPSHOT.jar:?]
	at org.apache.hadoop.ozone.om.KeyManagerImpl.getFileStatus(KeyManagerImpl.java:1113) ~[ozone-manager-1.4.0-SNAPSHOT.jar:?]
	at org.apache.hadoop.ozone.om.OmMetadataReader.getFileStatus(OmMetadataReader.java:262) ~[ozone-manager-1.4.0-SNAPSHOT.jar:?]
	at org.apache.hadoop.ozone.om.OzoneManager.getFileStatus(OzoneManager.java:3530) ~[ozone-manager-1.4.0-SNAPSHOT.jar:?]
	at org.apache.hadoop.ozone.protocolPB.OzoneManagerRequestHandler.getOzoneFileStatus(OzoneManagerRequestHandler.java:973) ~[ozone-manager-1.4.0-SNAPSHOT.jar:?]
	at org.apache.hadoop.ozone.protocolPB.OzoneManagerRequestHandler.handleReadRequest(OzoneManagerRequestHandler.java:252) ~[ozone-manager-1.4.0-SNAPSHOT.jar:?]
	at org.apache.hadoop.ozone.protocolPB.OzoneManagerProtocolServerSideTranslatorPB.submitReadRequestToOM(OzoneManagerProtocolServerSideTranslatorPB.java:225) ~[ozone-manager-1.4.0-SNAPSHOT.jar:?]
	at org.apache.hadoop.ozone.protocolPB.OzoneManagerProtocolServerSideTranslatorPB.processRequest(OzoneManagerProtocolServerSideTranslatorPB.java:179) ~[ozone-manager-1.4.0-SNAPSHOT.jar:?]
	at org.apache.hadoop.hdds.server.OzoneProtocolMessageDispatcher.processRequest(OzoneProtocolMessageDispatcher.java:87) [hdds-server-framework-1.4.0-SNAPSHOT.jar:?]
	at org.apache.hadoop.ozone.protocolPB.OzoneManagerProtocolServerSideTranslatorPB.submitRequest(OzoneManagerProtocolServerSideTranslatorPB.java:148) [ozone-manager-1.4.0-SNAPSHOT.jar:?]
	at org.apache.hadoop.ozone.protocol.proto.OzoneManagerProtocolProtos$OzoneManagerService$2.callBlockingMethod(OzoneManagerProtocolProtos.java) [ozone-interface-client-1.4.0-SNAPSHOT.jar:?]
	at org.apache.hadoop.ipc.ProtobufRpcEngine$Server.processCall(ProtobufRpcEngine.java:484) [hadoop-common-3.3.6.jar:?]
	at org.apache.hadoop.ipc.ProtobufRpcEngine2$Server$ProtoBufRpcInvoker.call(ProtobufRpcEngine2.java:595) [hadoop-common-3.3.6.jar:?]
	at org.apache.hadoop.ipc.ProtobufRpcEngine2$Server$ProtoBufRpcInvoker.call(ProtobufRpcEngine2.java:573) [hadoop-common-3.3.6.jar:?]
	at org.apache.hadoop.ipc.RPC$Server.call(RPC.java:1227) [hadoop-common-3.3.6.jar:?]
	at org.apache.hadoop.ipc.Server$RpcCall.run(Server.java:1094) [hadoop-common-3.3.6.jar:?]
	at org.apache.hadoop.ipc.Server$RpcCall.run(Server.java:1017) [hadoop-common-3.3.6.jar:?]
	at java.security.AccessController.doPrivileged(Native Method) ~[?:1.8.0_382]
	at javax.security.auth.Subject.doAs(Subject.java:422) [?:1.8.0_382]
	at org.apache.hadoop.security.UserGroupInformation.doAs(UserGroupInformation.java:1899) [hadoop-common-3.3.6.jar:?]
	at org.apache.hadoop.ipc.Server$Handler.run(Server.java:3048) [hadoop-common-3.3.6.jar:?]
18:53:05.138 [IPC Server handler 15 on default port 15004] ERROR OMAudit - user=runner | ip=127.0.0.1 | op=GET_FILE_STATUS {volume=volume53060, bucket=bucket79480, key=gdir1/dir5/child, dataSize=0, replicationConfig=null} | ret=FAILURE
org.apache.hadoop.ozone.om.exceptions.OMException: Unable to get file status: volume: volume53060 bucket: bucket79480 key: gdir1/dir5/child
	at org.apache.hadoop.ozone.om.KeyManagerImpl.getOzoneFileStatus(KeyManagerImpl.java:1195) ~[ozone-manager-1.4.0-SNAPSHOT.jar:?]
	at org.apache.hadoop.ozone.om.KeyManagerImpl.getFileStatus(KeyManagerImpl.java:1113) ~[ozone-manager-1.4.0-SNAPSHOT.jar:?]
	at org.apache.hadoop.ozone.om.OmMetadataReader.getFileStatus(OmMetadataReader.java:262) ~[ozone-manager-1.4.0-SNAPSHOT.jar:?]
	at org.apache.hadoop.ozone.om.OzoneManager.getFileStatus(OzoneManager.java:3530) ~[ozone-manager-1.4.0-SNAPSHOT.jar:?]
	at org.apache.hadoop.ozone.protocolPB.OzoneManagerRequestHandler.getOzoneFileStatus(OzoneManagerRequestHandler.java:973) ~[ozone-manager-1.4.0-SNAPSHOT.jar:?]
	at org.apache.hadoop.ozone.protocolPB.OzoneManagerRequestHandler.handleReadRequest(OzoneManagerRequestHandler.java:252) ~[ozone-manager-1.4.0-SNAPSHOT.jar:?]
	at org.apache.hadoop.ozone.protocolPB.OzoneManagerProtocolServerSideTranslatorPB.submitReadRequestToOM(OzoneManagerProtocolServerSideTranslatorPB.java:225) ~[ozone-manager-1.4.0-SNAPSHOT.jar:?]
	at org.apache.hadoop.ozone.protocolPB.OzoneManagerProtocolServerSideTranslatorPB.processRequest(OzoneManagerProtocolServerSideTranslatorPB.java:179) ~[ozone-manager-1.4.0-SNAPSHOT.jar:?]
	at org.apache.hadoop.hdds.server.OzoneProtocolMessageDispatcher.processRequest(OzoneProtocolMessageDispatcher.java:87) [hdds-server-framework-1.4.0-SNAPSHOT.jar:?]
	at org.apache.hadoop.ozone.protocolPB.OzoneManagerProtocolServerSideTranslatorPB.submitRequest(OzoneManagerProtocolServerSideTranslatorPB.java:148) [ozone-manager-1.4.0-SNAPSHOT.jar:?]
	at org.apache.hadoop.ozone.protocol.proto.OzoneManagerProtocolProtos$OzoneManagerService$2.callBlockingMethod(OzoneManagerProtocolProtos.java) [ozone-interface-client-1.4.0-SNAPSHOT.jar:?]
	at org.apache.hadoop.ipc.ProtobufRpcEngine$Server.processCall(ProtobufRpcEngine.java:484) [hadoop-common-3.3.6.jar:?]
	at org.apache.hadoop.ipc.ProtobufRpcEngine2$Server$ProtoBufRpcInvoker.call(ProtobufRpcEngine2.java:595) [hadoop-common-3.3.6.jar:?]
	at org.apache.hadoop.ipc.ProtobufRpcEngine2$Server$ProtoBufRpcInvoker.call(ProtobufRpcEngine2.java:573) [hadoop-common-3.3.6.jar:?]
	at org.apache.hadoop.ipc.RPC$Server.call(RPC.java:1227) [hadoop-common-3.3.6.jar:?]
	at org.apache.hadoop.ipc.Server$RpcCall.run(Server.java:1094) [hadoop-common-3.3.6.jar:?]
	at org.apache.hadoop.ipc.Server$RpcCall.run(Server.java:1017) [hadoop-common-3.3.6.jar:?]
	at java.security.AccessController.doPrivileged(Native Method) ~[?:1.8.0_382]
	at javax.security.auth.Subject.doAs(Subject.java:422) [?:1.8.0_382]
	at org.apache.hadoop.security.UserGroupInformation.doAs(UserGroupInformation.java:1899) [hadoop-common-3.3.6.jar:?]
	at org.apache.hadoop.ipc.Server$Handler.run(Server.java:3048) [hadoop-common-3.3.6.jar:?]
18:53:05.140 [IPC Server handler 17 on default port 15004] ERROR OMAudit - user=runner | ip=127.0.0.1 | op=GET_FILE_STATUS {volume=volume53060, bucket=bucket79480, key=gdir1/dir6, dataSize=0, replicationConfig=null} | ret=FAILURE
org.apache.hadoop.ozone.om.exceptions.OMException: Unable to get file status: volume: volume53060 bucket: bucket79480 key: gdir1/dir6
	at org.apache.hadoop.ozone.om.KeyManagerImpl.getOzoneFileStatus(KeyManagerImpl.java:1195) ~[ozone-manager-1.4.0-SNAPSHOT.jar:?]
	at org.apache.hadoop.ozone.om.KeyManagerImpl.getFileStatus(KeyManagerImpl.java:1113) ~[ozone-manager-1.4.0-SNAPSHOT.jar:?]
	at org.apache.hadoop.ozone.om.OmMetadataReader.getFileStatus(OmMetadataReader.java:262) ~[ozone-manager-1.4.0-SNAPSHOT.jar:?]
	at org.apache.hadoop.ozone.om.OzoneManager.getFileStatus(OzoneManager.java:3530) ~[ozone-manager-1.4.0-SNAPSHOT.jar:?]
	at org.apache.hadoop.ozone.protocolPB.OzoneManagerRequestHandler.getOzoneFileStatus(OzoneManagerRequestHandler.java:973) ~[ozone-manager-1.4.0-SNAPSHOT.jar:?]
	at org.apache.hadoop.ozone.protocolPB.OzoneManagerRequestHandler.handleReadRequest(OzoneManagerRequestHandler.java:252) ~[ozone-manager-1.4.0-SNAPSHOT.jar:?]
	at org.apache.hadoop.ozone.protocolPB.OzoneManagerProtocolServerSideTranslatorPB.submitReadRequestToOM(OzoneManagerProtocolServerSideTranslatorPB.java:225) ~[ozone-manager-1.4.0-SNAPSHOT.jar:?]
	at org.apache.hadoop.ozone.protocolPB.OzoneManagerProtocolServerSideTranslatorPB.processRequest(OzoneManagerProtocolServerSideTranslatorPB.java:179) ~[ozone-manager-1.4.0-SNAPSHOT.jar:?]
	at org.apache.hadoop.hdds.server.OzoneProtocolMessageDispatcher.processRequest(OzoneProtocolMessageDispatcher.java:87) [hdds-server-framework-1.4.0-SNAPSHOT.jar:?]
	at org.apache.hadoop.ozone.protocolPB.OzoneManagerProtocolServerSideTranslatorPB.submitRequest(OzoneManagerProtocolServerSideTranslatorPB.java:148) [ozone-manager-1.4.0-SNAPSHOT.jar:?]
	at org.apache.hadoop.ozone.protocol.proto.OzoneManagerProtocolProtos$OzoneManagerService$2.callBlockingMethod(OzoneManagerProtocolProtos.java) [ozone-interface-client-1.4.0-SNAPSHOT.jar:?]
	at org.apache.hadoop.ipc.ProtobufRpcEngine$Server.processCall(ProtobufRpcEngine.java:484) [hadoop-common-3.3.6.jar:?]
	at org.apache.hadoop.ipc.ProtobufRpcEngine2$Server$ProtoBufRpcInvoker.call(ProtobufRpcEngine2.java:595) [hadoop-common-3.3.6.jar:?]
	at org.apache.hadoop.ipc.ProtobufRpcEngine2$Server$ProtoBufRpcInvoker.call(ProtobufRpcEngine2.java:573) [hadoop-common-3.3.6.jar:?]
	at org.apache.hadoop.ipc.RPC$Server.call(RPC.java:1227) [hadoop-common-3.3.6.jar:?]
	at org.apache.hadoop.ipc.Server$RpcCall.run(Server.java:1094) [hadoop-common-3.3.6.jar:?]
	at org.apache.hadoop.ipc.Server$RpcCall.run(Server.java:1017) [hadoop-common-3.3.6.jar:?]
	at java.security.AccessController.doPrivileged(Native Method) ~[?:1.8.0_382]
	at javax.security.auth.Subject.doAs(Subject.java:422) [?:1.8.0_382]
	at org.apache.hadoop.security.UserGroupInformation.doAs(UserGroupInformation.java:1899) [hadoop-common-3.3.6.jar:?]
	at org.apache.hadoop.ipc.Server$Handler.run(Server.java:3048) [hadoop-common-3.3.6.jar:?]
18:53:05.141 [IPC Server handler 12 on default port 15004] ERROR OMAudit - user=runner | ip=127.0.0.1 | op=GET_FILE_STATUS {volume=volume53060, bucket=bucket79480, key=gdir1/dir6/child, dataSize=0, replicationConfig=null} | ret=FAILURE
org.apache.hadoop.ozone.om.exceptions.OMException: Unable to get file status: volume: volume53060 bucket: bucket79480 key: gdir1/dir6/child
	at org.apache.hadoop.ozone.om.KeyManagerImpl.getOzoneFileStatus(KeyManagerImpl.java:1195) ~[ozone-manager-1.4.0-SNAPSHOT.jar:?]
	at org.apache.hadoop.ozone.om.KeyManagerImpl.getFileStatus(KeyManagerImpl.java:1113) ~[ozone-manager-1.4.0-SNAPSHOT.jar:?]
	at org.apache.hadoop.ozone.om.OmMetadataReader.getFileStatus(OmMetadataReader.java:262) ~[ozone-manager-1.4.0-SNAPSHOT.jar:?]
	at org.apache.hadoop.ozone.om.OzoneManager.getFileStatus(OzoneManager.java:3530) ~[ozone-manager-1.4.0-SNAPSHOT.jar:?]
	at org.apache.hadoop.ozone.protocolPB.OzoneManagerRequestHandler.getOzoneFileStatus(OzoneManagerRequestHandler.java:973) ~[ozone-manager-1.4.0-SNAPSHOT.jar:?]
	at org.apache.hadoop.ozone.protocolPB.OzoneManagerRequestHandler.handleReadRequest(OzoneManagerRequestHandler.java:252) ~[ozone-manager-1.4.0-SNAPSHOT.jar:?]
	at org.apache.hadoop.ozone.protocolPB.OzoneManagerProtocolServerSideTranslatorPB.submitReadRequestToOM(OzoneManagerProtocolServerSideTranslatorPB.java:225) ~[ozone-manager-1.4.0-SNAPSHOT.jar:?]
	at org.apache.hadoop.ozone.protocolPB.OzoneManagerProtocolServerSideTranslatorPB.processRequest(OzoneManagerProtocolServerSideTranslatorPB.java:179) ~[ozone-manager-1.4.0-SNAPSHOT.jar:?]
	at org.apache.hadoop.hdds.server.OzoneProtocolMessageDispatcher.processRequest(OzoneProtocolMessageDispatcher.java:87) [hdds-server-framework-1.4.0-SNAPSHOT.jar:?]
	at org.apache.hadoop.ozone.protocolPB.OzoneManagerProtocolServerSideTranslatorPB.submitRequest(OzoneManagerProtocolServerSideTranslatorPB.java:148) [ozone-manager-1.4.0-SNAPSHOT.jar:?]
	at org.apache.hadoop.ozone.protocol.proto.OzoneManagerProtocolProtos$OzoneManagerService$2.callBlockingMethod(OzoneManagerProtocolProtos.java) [ozone-interface-client-1.4.0-SNAPSHOT.jar:?]
	at org.apache.hadoop.ipc.ProtobufRpcEngine$Server.processCall(ProtobufRpcEngine.java:484) [hadoop-common-3.3.6.jar:?]
	at org.apache.hadoop.ipc.ProtobufRpcEngine2$Server$ProtoBufRpcInvoker.call(ProtobufRpcEngine2.java:595) [hadoop-common-3.3.6.jar:?]
	at org.apache.hadoop.ipc.ProtobufRpcEngine2$Server$ProtoBufRpcInvoker.call(ProtobufRpcEngine2.java:573) [hadoop-common-3.3.6.jar:?]
	at org.apache.hadoop.ipc.RPC$Server.call(RPC.java:1227) [hadoop-common-3.3.6.jar:?]
	at org.apache.hadoop.ipc.Server$RpcCall.run(Server.java:1094) [hadoop-common-3.3.6.jar:?]
	at org.apache.hadoop.ipc.Server$RpcCall.run(Server.java:1017) [hadoop-common-3.3.6.jar:?]
	at java.security.AccessController.doPrivileged(Native Method) ~[?:1.8.0_382]
	at javax.security.auth.Subject.doAs(Subject.java:422) [?:1.8.0_382]
	at org.apache.hadoop.security.UserGroupInformation.doAs(UserGroupInformation.java:1899) [hadoop-common-3.3.6.jar:?]
	at org.apache.hadoop.ipc.Server$Handler.run(Server.java:3048) [hadoop-common-3.3.6.jar:?]
18:53:05.143 [IPC Server handler 11 on default port 15004] ERROR OMAudit - user=runner | ip=127.0.0.1 | op=GET_FILE_STATUS {volume=volume53060, bucket=bucket79480, key=gdir1/dir7, dataSize=0, replicationConfig=null} | ret=FAILURE
org.apache.hadoop.ozone.om.exceptions.OMException: Unable to get file status: volume: volume53060 bucket: bucket79480 key: gdir1/dir7
	at org.apache.hadoop.ozone.om.KeyManagerImpl.getOzoneFileStatus(KeyManagerImpl.java:1195) ~[ozone-manager-1.4.0-SNAPSHOT.jar:?]
	at org.apache.hadoop.ozone.om.KeyManagerImpl.getFileStatus(KeyManagerImpl.java:1113) ~[ozone-manager-1.4.0-SNAPSHOT.jar:?]
	at org.apache.hadoop.ozone.om.OmMetadataReader.getFileStatus(OmMetadataReader.java:262) ~[ozone-manager-1.4.0-SNAPSHOT.jar:?]
	at org.apache.hadoop.ozone.om.OzoneManager.getFileStatus(OzoneManager.java:3530) ~[ozone-manager-1.4.0-SNAPSHOT.jar:?]
	at org.apache.hadoop.ozone.protocolPB.OzoneManagerRequestHandler.getOzoneFileStatus(OzoneManagerRequestHandler.java:973) ~[ozone-manager-1.4.0-SNAPSHOT.jar:?]
	at org.apache.hadoop.ozone.protocolPB.OzoneManagerRequestHandler.handleReadRequest(OzoneManagerRequestHandler.java:252) ~[ozone-manager-1.4.0-SNAPSHOT.jar:?]
	at org.apache.hadoop.ozone.protocolPB.OzoneManagerProtocolServerSideTranslatorPB.submitReadRequestToOM(OzoneManagerProtocolServerSideTranslatorPB.java:225) ~[ozone-manager-1.4.0-SNAPSHOT.jar:?]
	at org.apache.hadoop.ozone.protocolPB.OzoneManagerProtocolServerSideTranslatorPB.processRequest(OzoneManagerProtocolServerSideTranslatorPB.java:179) ~[ozone-manager-1.4.0-SNAPSHOT.jar:?]
	at org.apache.hadoop.hdds.server.OzoneProtocolMessageDispatcher.processRequest(OzoneProtocolMessageDispatcher.java:87) [hdds-server-framework-1.4.0-SNAPSHOT.jar:?]
	at org.apache.hadoop.ozone.protocolPB.OzoneManagerProtocolServerSideTranslatorPB.submitRequest(OzoneManagerProtocolServerSideTranslatorPB.java:148) [ozone-manager-1.4.0-SNAPSHOT.jar:?]
	at org.apache.hadoop.ozone.protocol.proto.OzoneManagerProtocolProtos$OzoneManagerService$2.callBlockingMethod(OzoneManagerProtocolProtos.java) [ozone-interface-client-1.4.0-SNAPSHOT.jar:?]
	at org.apache.hadoop.ipc.ProtobufRpcEngine$Server.processCall(ProtobufRpcEngine.java:484) [hadoop-common-3.3.6.jar:?]
	at org.apache.hadoop.ipc.ProtobufRpcEngine2$Server$ProtoBufRpcInvoker.call(ProtobufRpcEngine2.java:595) [hadoop-common-3.3.6.jar:?]
	at org.apache.hadoop.ipc.ProtobufRpcEngine2$Server$ProtoBufRpcInvoker.call(ProtobufRpcEngine2.java:573) [hadoop-common-3.3.6.jar:?]
	at org.apache.hadoop.ipc.RPC$Server.call(RPC.java:1227) [hadoop-common-3.3.6.jar:?]
	at org.apache.hadoop.ipc.Server$RpcCall.run(Server.java:1094) [hadoop-common-3.3.6.jar:?]
	at org.apache.hadoop.ipc.Server$RpcCall.run(Server.java:1017) [hadoop-common-3.3.6.jar:?]
	at java.security.AccessController.doPrivileged(Native Method) ~[?:1.8.0_382]
	at javax.security.auth.Subject.doAs(Subject.java:422) [?:1.8.0_382]
	at org.apache.hadoop.security.UserGroupInformation.doAs(UserGroupInformation.java:1899) [hadoop-common-3.3.6.jar:?]
	at org.apache.hadoop.ipc.Server$Handler.run(Server.java:3048) [hadoop-common-3.3.6.jar:?]
18:53:05.146 [IPC Server handler 10 on default port 15004] ERROR OMAudit - user=runner | ip=127.0.0.1 | op=GET_FILE_STATUS {volume=volume53060, bucket=bucket79480, key=gdir1/dir7/child, dataSize=0, replicationConfig=null} | ret=FAILURE
org.apache.hadoop.ozone.om.exceptions.OMException: Unable to get file status: volume: volume53060 bucket: bucket79480 key: gdir1/dir7/child
	at org.apache.hadoop.ozone.om.KeyManagerImpl.getOzoneFileStatus(KeyManagerImpl.java:1195) ~[ozone-manager-1.4.0-SNAPSHOT.jar:?]
	at org.apache.hadoop.ozone.om.KeyManagerImpl.getFileStatus(KeyManagerImpl.java:1113) ~[ozone-manager-1.4.0-SNAPSHOT.jar:?]
	at org.apache.hadoop.ozone.om.OmMetadataReader.getFileStatus(OmMetadataReader.java:262) ~[ozone-manager-1.4.0-SNAPSHOT.jar:?]
	at org.apache.hadoop.ozone.om.OzoneManager.getFileStatus(OzoneManager.java:3530) ~[ozone-manager-1.4.0-SNAPSHOT.jar:?]
	at org.apache.hadoop.ozone.protocolPB.OzoneManagerRequestHandler.getOzoneFileStatus(OzoneManagerRequestHandler.java:973) ~[ozone-manager-1.4.0-SNAPSHOT.jar:?]
	at org.apache.hadoop.ozone.protocolPB.OzoneManagerRequestHandler.handleReadRequest(OzoneManagerRequestHandler.java:252) ~[ozone-manager-1.4.0-SNAPSHOT.jar:?]
	at org.apache.hadoop.ozone.protocolPB.OzoneManagerProtocolServerSideTranslatorPB.submitReadRequestToOM(OzoneManagerProtocolServerSideTranslatorPB.java:225) ~[ozone-manager-1.4.0-SNAPSHOT.jar:?]
	at org.apache.hadoop.ozone.protocolPB.OzoneManagerProtocolServerSideTranslatorPB.processRequest(OzoneManagerProtocolServerSideTranslatorPB.java:179) ~[ozone-manager-1.4.0-SNAPSHOT.jar:?]
	at org.apache.hadoop.hdds.server.OzoneProtocolMessageDispatcher.processRequest(OzoneProtocolMessageDispatcher.java:87) [hdds-server-framework-1.4.0-SNAPSHOT.jar:?]
	at org.apache.hadoop.ozone.protocolPB.OzoneManagerProtocolServerSideTranslatorPB.submitRequest(OzoneManagerProtocolServerSideTranslatorPB.java:148) [ozone-manager-1.4.0-SNAPSHOT.jar:?]
	at org.apache.hadoop.ozone.protocol.proto.OzoneManagerProtocolProtos$OzoneManagerService$2.callBlockingMethod(OzoneManagerProtocolProtos.java) [ozone-interface-client-1.4.0-SNAPSHOT.jar:?]
	at org.apache.hadoop.ipc.ProtobufRpcEngine$Server.processCall(ProtobufRpcEngine.java:484) [hadoop-common-3.3.6.jar:?]
	at org.apache.hadoop.ipc.ProtobufRpcEngine2$Server$ProtoBufRpcInvoker.call(ProtobufRpcEngine2.java:595) [hadoop-common-3.3.6.jar:?]
	at org.apache.hadoop.ipc.ProtobufRpcEngine2$Server$ProtoBufRpcInvoker.call(ProtobufRpcEngine2.java:573) [hadoop-common-3.3.6.jar:?]
	at org.apache.hadoop.ipc.RPC$Server.call(RPC.java:1227) [hadoop-common-3.3.6.jar:?]
	at org.apache.hadoop.ipc.Server$RpcCall.run(Server.java:1094) [hadoop-common-3.3.6.jar:?]
	at org.apache.hadoop.ipc.Server$RpcCall.run(Server.java:1017) [hadoop-common-3.3.6.jar:?]
	at java.security.AccessController.doPrivileged(Native Method) ~[?:1.8.0_382]
	at javax.security.auth.Subject.doAs(Subject.java:422) [?:1.8.0_382]
	at org.apache.hadoop.security.UserGroupInformation.doAs(UserGroupInformation.java:1899) [hadoop-common-3.3.6.jar:?]
	at org.apache.hadoop.ipc.Server$Handler.run(Server.java:3048) [hadoop-common-3.3.6.jar:?]
18:53:05.148 [IPC Server handler 18 on default port 15004] ERROR OMAudit - user=runner | ip=127.0.0.1 | op=GET_FILE_STATUS {volume=volume53060, bucket=bucket79480, key=gdir1/dir8, dataSize=0, replicationConfig=null} | ret=FAILURE
org.apache.hadoop.ozone.om.exceptions.OMException: Unable to get file status: volume: volume53060 bucket: bucket79480 key: gdir1/dir8
	at org.apache.hadoop.ozone.om.KeyManagerImpl.getOzoneFileStatus(KeyManagerImpl.java:1195) ~[ozone-manager-1.4.0-SNAPSHOT.jar:?]
	at org.apache.hadoop.ozone.om.KeyManagerImpl.getFileStatus(KeyManagerImpl.java:1113) ~[ozone-manager-1.4.0-SNAPSHOT.jar:?]
	at org.apache.hadoop.ozone.om.OmMetadataReader.getFileStatus(OmMetadataReader.java:262) ~[ozone-manager-1.4.0-SNAPSHOT.jar:?]
	at org.apache.hadoop.ozone.om.OzoneManager.getFileStatus(OzoneManager.java:3530) ~[ozone-manager-1.4.0-SNAPSHOT.jar:?]
	at org.apache.hadoop.ozone.protocolPB.OzoneManagerRequestHandler.getOzoneFileStatus(OzoneManagerRequestHandler.java:973) ~[ozone-manager-1.4.0-SNAPSHOT.jar:?]
	at org.apache.hadoop.ozone.protocolPB.OzoneManagerRequestHandler.handleReadRequest(OzoneManagerRequestHandler.java:252) ~[ozone-manager-1.4.0-SNAPSHOT.jar:?]
	at org.apache.hadoop.ozone.protocolPB.OzoneManagerProtocolServerSideTranslatorPB.submitReadRequestToOM(OzoneManagerProtocolServerSideTranslatorPB.java:225) ~[ozone-manager-1.4.0-SNAPSHOT.jar:?]
	at org.apache.hadoop.ozone.protocolPB.OzoneManagerProtocolServerSideTranslatorPB.processRequest(OzoneManagerProtocolServerSideTranslatorPB.java:179) ~[ozone-manager-1.4.0-SNAPSHOT.jar:?]
	at org.apache.hadoop.hdds.server.OzoneProtocolMessageDispatcher.processRequest(OzoneProtocolMessageDispatcher.java:87) [hdds-server-framework-1.4.0-SNAPSHOT.jar:?]
	at org.apache.hadoop.ozone.protocolPB.OzoneManagerProtocolServerSideTranslatorPB.submitRequest(OzoneManagerProtocolServerSideTranslatorPB.java:148) [ozone-manager-1.4.0-SNAPSHOT.jar:?]
	at org.apache.hadoop.ozone.protocol.proto.OzoneManagerProtocolProtos$OzoneManagerService$2.callBlockingMethod(OzoneManagerProtocolProtos.java) [ozone-interface-client-1.4.0-SNAPSHOT.jar:?]
	at org.apache.hadoop.ipc.ProtobufRpcEngine$Server.processCall(ProtobufRpcEngine.java:484) [hadoop-common-3.3.6.jar:?]
	at org.apache.hadoop.ipc.ProtobufRpcEngine2$Server$ProtoBufRpcInvoker.call(ProtobufRpcEngine2.java:595) [hadoop-common-3.3.6.jar:?]
	at org.apache.hadoop.ipc.ProtobufRpcEngine2$Server$ProtoBufRpcInvoker.call(ProtobufRpcEngine2.java:573) [hadoop-common-3.3.6.jar:?]
	at org.apache.hadoop.ipc.RPC$Server.call(RPC.java:1227) [hadoop-common-3.3.6.jar:?]
	at org.apache.hadoop.ipc.Server$RpcCall.run(Server.java:1094) [hadoop-common-3.3.6.jar:?]
	at org.apache.hadoop.ipc.Server$RpcCall.run(Server.java:1017) [hadoop-common-3.3.6.jar:?]
	at java.security.AccessController.doPrivileged(Native Method) ~[?:1.8.0_382]
	at javax.security.auth.Subject.doAs(Subject.java:422) [?:1.8.0_382]
	at org.apache.hadoop.security.UserGroupInformation.doAs(UserGroupInformation.java:1899) [hadoop-common-3.3.6.jar:?]
	at org.apache.hadoop.ipc.Server$Handler.run(Server.java:3048) [hadoop-common-3.3.6.jar:?]
18:53:05.155 [IPC Server handler 9 on default port 15004] ERROR OMAudit - user=runner | ip=127.0.0.1 | op=GET_FILE_STATUS {volume=volume53060, bucket=bucket79480, key=gdir1/dir8/child, dataSize=0, replicationConfig=null} | ret=FAILURE
org.apache.hadoop.ozone.om.exceptions.OMException: Unable to get file status: volume: volume53060 bucket: bucket79480 key: gdir1/dir8/child
	at org.apache.hadoop.ozone.om.KeyManagerImpl.getOzoneFileStatus(KeyManagerImpl.java:1195) ~[ozone-manager-1.4.0-SNAPSHOT.jar:?]
	at org.apache.hadoop.ozone.om.KeyManagerImpl.getFileStatus(KeyManagerImpl.java:1113) ~[ozone-manager-1.4.0-SNAPSHOT.jar:?]
	at org.apache.hadoop.ozone.om.OmMetadataReader.getFileStatus(OmMetadataReader.java:262) ~[ozone-manager-1.4.0-SNAPSHOT.jar:?]
	at org.apache.hadoop.ozone.om.OzoneManager.getFileStatus(OzoneManager.java:3530) ~[ozone-manager-1.4.0-SNAPSHOT.jar:?]
	at org.apache.hadoop.ozone.protocolPB.OzoneManagerRequestHandler.getOzoneFileStatus(OzoneManagerRequestHandler.java:973) ~[ozone-manager-1.4.0-SNAPSHOT.jar:?]
	at org.apache.hadoop.ozone.protocolPB.OzoneManagerRequestHandler.handleReadRequest(OzoneManagerRequestHandler.java:252) ~[ozone-manager-1.4.0-SNAPSHOT.jar:?]
	at org.apache.hadoop.ozone.protocolPB.OzoneManagerProtocolServerSideTranslatorPB.submitReadRequestToOM(OzoneManagerProtocolServerSideTranslatorPB.java:225) ~[ozone-manager-1.4.0-SNAPSHOT.jar:?]
	at org.apache.hadoop.ozone.protocolPB.OzoneManagerProtocolServerSideTranslatorPB.processRequest(OzoneManagerProtocolServerSideTranslatorPB.java:179) ~[ozone-manager-1.4.0-SNAPSHOT.jar:?]
	at org.apache.hadoop.hdds.server.OzoneProtocolMessageDispatcher.processRequest(OzoneProtocolMessageDispatcher.java:87) [hdds-server-framework-1.4.0-SNAPSHOT.jar:?]
	at org.apache.hadoop.ozone.protocolPB.OzoneManagerProtocolServerSideTranslatorPB.submitRequest(OzoneManagerProtocolServerSideTranslatorPB.java:148) [ozone-manager-1.4.0-SNAPSHOT.jar:?]
	at org.apache.hadoop.ozone.protocol.proto.OzoneManagerProtocolProtos$OzoneManagerService$2.callBlockingMethod(OzoneManagerProtocolProtos.java) [ozone-interface-client-1.4.0-SNAPSHOT.jar:?]
	at org.apache.hadoop.ipc.ProtobufRpcEngine$Server.processCall(ProtobufRpcEngine.java:484) [hadoop-common-3.3.6.jar:?]
	at org.apache.hadoop.ipc.ProtobufRpcEngine2$Server$ProtoBufRpcInvoker.call(ProtobufRpcEngine2.java:595) [hadoop-common-3.3.6.jar:?]
	at org.apache.hadoop.ipc.ProtobufRpcEngine2$Server$ProtoBufRpcInvoker.call(ProtobufRpcEngine2.java:573) [hadoop-common-3.3.6.jar:?]
	at org.apache.hadoop.ipc.RPC$Server.call(RPC.java:1227) [hadoop-common-3.3.6.jar:?]
	at org.apache.hadoop.ipc.Server$RpcCall.run(Server.java:1094) [hadoop-common-3.3.6.jar:?]
	at org.apache.hadoop.ipc.Server$RpcCall.run(Server.java:1017) [hadoop-common-3.3.6.jar:?]
	at java.security.AccessController.doPrivileged(Native Method) ~[?:1.8.0_382]
	at javax.security.auth.Subject.doAs(Subject.java:422) [?:1.8.0_382]
	at org.apache.hadoop.security.UserGroupInformation.doAs(UserGroupInformation.java:1899) [hadoop-common-3.3.6.jar:?]
	at org.apache.hadoop.ipc.Server$Handler.run(Server.java:3048) [hadoop-common-3.3.6.jar:?]
18:53:05.157 [IPC Server handler 16 on default port 15004] ERROR OMAudit - user=runner | ip=127.0.0.1 | op=GET_FILE_STATUS {volume=volume53060, bucket=bucket79480, key=gdir1/dir9, dataSize=0, replicationConfig=null} | ret=FAILURE
org.apache.hadoop.ozone.om.exceptions.OMException: Unable to get file status: volume: volume53060 bucket: bucket79480 key: gdir1/dir9
	at org.apache.hadoop.ozone.om.KeyManagerImpl.getOzoneFileStatus(KeyManagerImpl.java:1195) ~[ozone-manager-1.4.0-SNAPSHOT.jar:?]
	at org.apache.hadoop.ozone.om.KeyManagerImpl.getFileStatus(KeyManagerImpl.java:1113) ~[ozone-manager-1.4.0-SNAPSHOT.jar:?]
	at org.apache.hadoop.ozone.om.OmMetadataReader.getFileStatus(OmMetadataReader.java:262) ~[ozone-manager-1.4.0-SNAPSHOT.jar:?]
	at org.apache.hadoop.ozone.om.OzoneManager.getFileStatus(OzoneManager.java:3530) ~[ozone-manager-1.4.0-SNAPSHOT.jar:?]
	at org.apache.hadoop.ozone.protocolPB.OzoneManagerRequestHandler.getOzoneFileStatus(OzoneManagerRequestHandler.java:973) ~[ozone-manager-1.4.0-SNAPSHOT.jar:?]
	at org.apache.hadoop.ozone.protocolPB.OzoneManagerRequestHandler.handleReadRequest(OzoneManagerRequestHandler.java:252) ~[ozone-manager-1.4.0-SNAPSHOT.jar:?]
	at org.apache.hadoop.ozone.protocolPB.OzoneManagerProtocolServerSideTranslatorPB.submitReadRequestToOM(OzoneManagerProtocolServerSideTranslatorPB.java:225) ~[ozone-manager-1.4.0-SNAPSHOT.jar:?]
	at org.apache.hadoop.ozone.protocolPB.OzoneManagerProtocolServerSideTranslatorPB.processRequest(OzoneManagerProtocolServerSideTranslatorPB.java:179) ~[ozone-manager-1.4.0-SNAPSHOT.jar:?]
	at org.apache.hadoop.hdds.server.OzoneProtocolMessageDispatcher.processRequest(OzoneProtocolMessageDispatcher.java:87) [hdds-server-framework-1.4.0-SNAPSHOT.jar:?]
	at org.apache.hadoop.ozone.protocolPB.OzoneManagerProtocolServerSideTranslatorPB.submitRequest(OzoneManagerProtocolServerSideTranslatorPB.java:148) [ozone-manager-1.4.0-SNAPSHOT.jar:?]
	at org.apache.hadoop.ozone.protocol.proto.OzoneManagerProtocolProtos$OzoneManagerService$2.callBlockingMethod(OzoneManagerProtocolProtos.java) [ozone-interface-client-1.4.0-SNAPSHOT.jar:?]
	at org.apache.hadoop.ipc.ProtobufRpcEngine$Server.processCall(ProtobufRpcEngine.java:484) [hadoop-common-3.3.6.jar:?]
	at org.apache.hadoop.ipc.ProtobufRpcEngine2$Server$ProtoBufRpcInvoker.call(ProtobufRpcEngine2.java:595) [hadoop-common-3.3.6.jar:?]
	at org.apache.hadoop.ipc.ProtobufRpcEngine2$Server$ProtoBufRpcInvoker.call(ProtobufRpcEngine2.java:573) [hadoop-common-3.3.6.jar:?]
	at org.apache.hadoop.ipc.RPC$Server.call(RPC.java:1227) [hadoop-common-3.3.6.jar:?]
	at org.apache.hadoop.ipc.Server$RpcCall.run(Server.java:1094) [hadoop-common-3.3.6.jar:?]
	at org.apache.hadoop.ipc.Server$RpcCall.run(Server.java:1017) [hadoop-common-3.3.6.jar:?]
	at java.security.AccessController.doPrivileged(Native Method) ~[?:1.8.0_382]
	at javax.security.auth.Subject.doAs(Subject.java:422) [?:1.8.0_382]
	at org.apache.hadoop.security.UserGroupInformation.doAs(UserGroupInformation.java:1899) [hadoop-common-3.3.6.jar:?]
	at org.apache.hadoop.ipc.Server$Handler.run(Server.java:3048) [hadoop-common-3.3.6.jar:?]
18:53:05.159 [IPC Server handler 14 on default port 15004] ERROR OMAudit - user=runner | ip=127.0.0.1 | op=GET_FILE_STATUS {volume=volume53060, bucket=bucket79480, key=gdir1/dir9/child, dataSize=0, replicationConfig=null} | ret=FAILURE
org.apache.hadoop.ozone.om.exceptions.OMException: Unable to get file status: volume: volume53060 bucket: bucket79480 key: gdir1/dir9/child
	at org.apache.hadoop.ozone.om.KeyManagerImpl.getOzoneFileStatus(KeyManagerImpl.java:1195) ~[ozone-manager-1.4.0-SNAPSHOT.jar:?]
	at org.apache.hadoop.ozone.om.KeyManagerImpl.getFileStatus(KeyManagerImpl.java:1113) ~[ozone-manager-1.4.0-SNAPSHOT.jar:?]
	at org.apache.hadoop.ozone.om.OmMetadataReader.getFileStatus(OmMetadataReader.java:262) ~[ozone-manager-1.4.0-SNAPSHOT.jar:?]
	at org.apache.hadoop.ozone.om.OzoneManager.getFileStatus(OzoneManager.java:3530) ~[ozone-manager-1.4.0-SNAPSHOT.jar:?]
	at org.apache.hadoop.ozone.protocolPB.OzoneManagerRequestHandler.getOzoneFileStatus(OzoneManagerRequestHandler.java:973) ~[ozone-manager-1.4.0-SNAPSHOT.jar:?]
	at org.apache.hadoop.ozone.protocolPB.OzoneManagerRequestHandler.handleReadRequest(OzoneManagerRequestHandler.java:252) ~[ozone-manager-1.4.0-SNAPSHOT.jar:?]
	at org.apache.hadoop.ozone.protocolPB.OzoneManagerProtocolServerSideTranslatorPB.submitReadRequestToOM(OzoneManagerProtocolServerSideTranslatorPB.java:225) ~[ozone-manager-1.4.0-SNAPSHOT.jar:?]
	at org.apache.hadoop.ozone.protocolPB.OzoneManagerProtocolServerSideTranslatorPB.processRequest(OzoneManagerProtocolServerSideTranslatorPB.java:179) ~[ozone-manager-1.4.0-SNAPSHOT.jar:?]
	at org.apache.hadoop.hdds.server.OzoneProtocolMessageDispatcher.processRequest(OzoneProtocolMessageDispatcher.java:87) [hdds-server-framework-1.4.0-SNAPSHOT.jar:?]
	at org.apache.hadoop.ozone.protocolPB.OzoneManagerProtocolServerSideTranslatorPB.submitRequest(OzoneManagerProtocolServerSideTranslatorPB.java:148) [ozone-manager-1.4.0-SNAPSHOT.jar:?]
	at org.apache.hadoop.ozone.protocol.proto.OzoneManagerProtocolProtos$OzoneManagerService$2.callBlockingMethod(OzoneManagerProtocolProtos.java) [ozone-interface-client-1.4.0-SNAPSHOT.jar:?]
	at org.apache.hadoop.ipc.ProtobufRpcEngine$Server.processCall(ProtobufRpcEngine.java:484) [hadoop-common-3.3.6.jar:?]
	at org.apache.hadoop.ipc.ProtobufRpcEngine2$Server$ProtoBufRpcInvoker.call(ProtobufRpcEngine2.java:595) [hadoop-common-3.3.6.jar:?]
	at org.apache.hadoop.ipc.ProtobufRpcEngine2$Server$ProtoBufRpcInvoker.call(ProtobufRpcEngine2.java:573) [hadoop-common-3.3.6.jar:?]
	at org.apache.hadoop.ipc.RPC$Server.call(RPC.java:1227) [hadoop-common-3.3.6.jar:?]
	at org.apache.hadoop.ipc.Server$RpcCall.run(Server.java:1094) [hadoop-common-3.3.6.jar:?]
	at org.apache.hadoop.ipc.Server$RpcCall.run(Server.java:1017) [hadoop-common-3.3.6.jar:?]
	at java.security.AccessController.doPrivileged(Native Method) ~[?:1.8.0_382]
	at javax.security.auth.Subject.doAs(Subject.java:422) [?:1.8.0_382]
	at org.apache.hadoop.security.UserGroupInformation.doAs(UserGroupInformation.java:1899) [hadoop-common-3.3.6.jar:?]
	at org.apache.hadoop.ipc.Server$Handler.run(Server.java:3048) [hadoop-common-3.3.6.jar:?]
18:53:05.161 [IPC Server handler 5 on default port 15004] ERROR OMAudit - user=runner | ip=127.0.0.1 | op=GET_FILE_STATUS {volume=volume53060, bucket=bucket79480, key=gdir1/dir10, dataSize=0, replicationConfig=null} | ret=FAILURE
org.apache.hadoop.ozone.om.exceptions.OMException: Unable to get file status: volume: volume53060 bucket: bucket79480 key: gdir1/dir10
	at org.apache.hadoop.ozone.om.KeyManagerImpl.getOzoneFileStatus(KeyManagerImpl.java:1195) ~[ozone-manager-1.4.0-SNAPSHOT.jar:?]
	at org.apache.hadoop.ozone.om.KeyManagerImpl.getFileStatus(KeyManagerImpl.java:1113) ~[ozone-manager-1.4.0-SNAPSHOT.jar:?]
	at org.apache.hadoop.ozone.om.OmMetadataReader.getFileStatus(OmMetadataReader.java:262) ~[ozone-manager-1.4.0-SNAPSHOT.jar:?]
	at org.apache.hadoop.ozone.om.OzoneManager.getFileStatus(OzoneManager.java:3530) ~[ozone-manager-1.4.0-SNAPSHOT.jar:?]
	at org.apache.hadoop.ozone.protocolPB.OzoneManagerRequestHandler.getOzoneFileStatus(OzoneManagerRequestHandler.java:973) ~[ozone-manager-1.4.0-SNAPSHOT.jar:?]
	at org.apache.hadoop.ozone.protocolPB.OzoneManagerRequestHandler.handleReadRequest(OzoneManagerRequestHandler.java:252) ~[ozone-manager-1.4.0-SNAPSHOT.jar:?]
	at org.apache.hadoop.ozone.protocolPB.OzoneManagerProtocolServerSideTranslatorPB.submitReadRequestToOM(OzoneManagerProtocolServerSideTranslatorPB.java:225) ~[ozone-manager-1.4.0-SNAPSHOT.jar:?]
	at org.apache.hadoop.ozone.protocolPB.OzoneManagerProtocolServerSideTranslatorPB.processRequest(OzoneManagerProtocolServerSideTranslatorPB.java:179) ~[ozone-manager-1.4.0-SNAPSHOT.jar:?]
	at org.apache.hadoop.hdds.server.OzoneProtocolMessageDispatcher.processRequest(OzoneProtocolMessageDispatcher.java:87) [hdds-server-framework-1.4.0-SNAPSHOT.jar:?]
	at org.apache.hadoop.ozone.protocolPB.OzoneManagerProtocolServerSideTranslatorPB.submitRequest(OzoneManagerProtocolServerSideTranslatorPB.java:148) [ozone-manager-1.4.0-SNAPSHOT.jar:?]
	at org.apache.hadoop.ozone.protocol.proto.OzoneManagerProtocolProtos$OzoneManagerService$2.callBlockingMethod(OzoneManagerProtocolProtos.java) [ozone-interface-client-1.4.0-SNAPSHOT.jar:?]
	at org.apache.hadoop.ipc.ProtobufRpcEngine$Server.processCall(ProtobufRpcEngine.java:484) [hadoop-common-3.3.6.jar:?]
	at org.apache.hadoop.ipc.ProtobufRpcEngine2$Server$ProtoBufRpcInvoker.call(ProtobufRpcEngine2.java:595) [hadoop-common-3.3.6.jar:?]
	at org.apache.hadoop.ipc.ProtobufRpcEngine2$Server$ProtoBufRpcInvoker.call(ProtobufRpcEngine2.java:573) [hadoop-common-3.3.6.jar:?]
	at org.apache.hadoop.ipc.RPC$Server.call(RPC.java:1227) [hadoop-common-3.3.6.jar:?]
	at org.apache.hadoop.ipc.Server$RpcCall.run(Server.java:1094) [hadoop-common-3.3.6.jar:?]
	at org.apache.hadoop.ipc.Server$RpcCall.run(Server.java:1017) [hadoop-common-3.3.6.jar:?]
	at java.security.AccessController.doPrivileged(Native Method) ~[?:1.8.0_382]
	at javax.security.auth.Subject.doAs(Subject.java:422) [?:1.8.0_382]
	at org.apache.hadoop.security.UserGroupInformation.doAs(UserGroupInformation.java:1899) [hadoop-common-3.3.6.jar:?]
	at org.apache.hadoop.ipc.Server$Handler.run(Server.java:3048) [hadoop-common-3.3.6.jar:?]
18:53:05.163 [IPC Server handler 6 on default port 15004] ERROR OMAudit - user=runner | ip=127.0.0.1 | op=GET_FILE_STATUS {volume=volume53060, bucket=bucket79480, key=gdir1/dir10/child, dataSize=0, replicationConfig=null} | ret=FAILURE
org.apache.hadoop.ozone.om.exceptions.OMException: Unable to get file status: volume: volume53060 bucket: bucket79480 key: gdir1/dir10/child
	at org.apache.hadoop.ozone.om.KeyManagerImpl.getOzoneFileStatus(KeyManagerImpl.java:1195) ~[ozone-manager-1.4.0-SNAPSHOT.jar:?]
	at org.apache.hadoop.ozone.om.KeyManagerImpl.getFileStatus(KeyManagerImpl.java:1113) ~[ozone-manager-1.4.0-SNAPSHOT.jar:?]
	at org.apache.hadoop.ozone.om.OmMetadataReader.getFileStatus(OmMetadataReader.java:262) ~[ozone-manager-1.4.0-SNAPSHOT.jar:?]
	at org.apache.hadoop.ozone.om.OzoneManager.getFileStatus(OzoneManager.java:3530) ~[ozone-manager-1.4.0-SNAPSHOT.jar:?]
	at org.apache.hadoop.ozone.protocolPB.OzoneManagerRequestHandler.getOzoneFileStatus(OzoneManagerRequestHandler.java:973) ~[ozone-manager-1.4.0-SNAPSHOT.jar:?]
	at org.apache.hadoop.ozone.protocolPB.OzoneManagerRequestHandler.handleReadRequest(OzoneManagerRequestHandler.java:252) ~[ozone-manager-1.4.0-SNAPSHOT.jar:?]
	at org.apache.hadoop.ozone.protocolPB.OzoneManagerProtocolServerSideTranslatorPB.submitReadRequestToOM(OzoneManagerProtocolServerSideTranslatorPB.java:225) ~[ozone-manager-1.4.0-SNAPSHOT.jar:?]
	at org.apache.hadoop.ozone.protocolPB.OzoneManagerProtocolServerSideTranslatorPB.processRequest(OzoneManagerProtocolServerSideTranslatorPB.java:179) ~[ozone-manager-1.4.0-SNAPSHOT.jar:?]
	at org.apache.hadoop.hdds.server.OzoneProtocolMessageDispatcher.processRequest(OzoneProtocolMessageDispatcher.java:87) [hdds-server-framework-1.4.0-SNAPSHOT.jar:?]
	at org.apache.hadoop.ozone.protocolPB.OzoneManagerProtocolServerSideTranslatorPB.submitRequest(OzoneManagerProtocolServerSideTranslatorPB.java:148) [ozone-manager-1.4.0-SNAPSHOT.jar:?]
	at org.apache.hadoop.ozone.protocol.proto.OzoneManagerProtocolProtos$OzoneManagerService$2.callBlockingMethod(OzoneManagerProtocolProtos.java) [ozone-interface-client-1.4.0-SNAPSHOT.jar:?]
	at org.apache.hadoop.ipc.ProtobufRpcEngine$Server.processCall(ProtobufRpcEngine.java:484) [hadoop-common-3.3.6.jar:?]
	at org.apache.hadoop.ipc.ProtobufRpcEngine2$Server$ProtoBufRpcInvoker.call(ProtobufRpcEngine2.java:595) [hadoop-common-3.3.6.jar:?]
	at org.apache.hadoop.ipc.ProtobufRpcEngine2$Server$ProtoBufRpcInvoker.call(ProtobufRpcEngine2.java:573) [hadoop-common-3.3.6.jar:?]
	at org.apache.hadoop.ipc.RPC$Server.call(RPC.java:1227) [hadoop-common-3.3.6.jar:?]
	at org.apache.hadoop.ipc.Server$RpcCall.run(Server.java:1094) [hadoop-common-3.3.6.jar:?]
	at org.apache.hadoop.ipc.Server$RpcCall.run(Server.java:1017) [hadoop-common-3.3.6.jar:?]
	at java.security.AccessController.doPrivileged(Native Method) ~[?:1.8.0_382]
	at javax.security.auth.Subject.doAs(Subject.java:422) [?:1.8.0_382]
	at org.apache.hadoop.security.UserGroupInformation.doAs(UserGroupInformation.java:1899) [hadoop-common-3.3.6.jar:?]
	at org.apache.hadoop.ipc.Server$Handler.run(Server.java:3048) [hadoop-common-3.3.6.jar:?]
18:53:05.308 [IPC Server handler 10 on default port 15004] ERROR OMAudit - user=runner | ip=127.0.0.1 | op=GET_FILE_STATUS {volume=volume53060, bucket=bucket79480, key=level0, dataSize=0, replicationConfig=null} | ret=FAILURE
org.apache.hadoop.ozone.om.exceptions.OMException: Unable to get file status: volume: volume53060 bucket: bucket79480 key: level0
	at org.apache.hadoop.ozone.om.KeyManagerImpl.getOzoneFileStatus(KeyManagerImpl.java:1195) ~[ozone-manager-1.4.0-SNAPSHOT.jar:?]
	at org.apache.hadoop.ozone.om.KeyManagerImpl.getFileStatus(KeyManagerImpl.java:1113) ~[ozone-manager-1.4.0-SNAPSHOT.jar:?]
	at org.apache.hadoop.ozone.om.OmMetadataReader.getFileStatus(OmMetadataReader.java:262) ~[ozone-manager-1.4.0-SNAPSHOT.jar:?]
	at org.apache.hadoop.ozone.om.OzoneManager.getFileStatus(OzoneManager.java:3530) ~[ozone-manager-1.4.0-SNAPSHOT.jar:?]
	at org.apache.hadoop.ozone.protocolPB.OzoneManagerRequestHandler.getOzoneFileStatus(OzoneManagerRequestHandler.java:973) ~[ozone-manager-1.4.0-SNAPSHOT.jar:?]
	at org.apache.hadoop.ozone.protocolPB.OzoneManagerRequestHandler.handleReadRequest(OzoneManagerRequestHandler.java:252) ~[ozone-manager-1.4.0-SNAPSHOT.jar:?]
	at org.apache.hadoop.ozone.protocolPB.OzoneManagerProtocolServerSideTranslatorPB.submitReadRequestToOM(OzoneManagerProtocolServerSideTranslatorPB.java:225) ~[ozone-manager-1.4.0-SNAPSHOT.jar:?]
	at org.apache.hadoop.ozone.protocolPB.OzoneManagerProtocolServerSideTranslatorPB.processRequest(OzoneManagerProtocolServerSideTranslatorPB.java:179) ~[ozone-manager-1.4.0-SNAPSHOT.jar:?]
	at org.apache.hadoop.hdds.server.OzoneProtocolMessageDispatcher.processRequest(OzoneProtocolMessageDispatcher.java:87) [hdds-server-framework-1.4.0-SNAPSHOT.jar:?]
	at org.apache.hadoop.ozone.protocolPB.OzoneManagerProtocolServerSideTranslatorPB.submitRequest(OzoneManagerProtocolServerSideTranslatorPB.java:148) [ozone-manager-1.4.0-SNAPSHOT.jar:?]
	at org.apache.hadoop.ozone.protocol.proto.OzoneManagerProtocolProtos$OzoneManagerService$2.callBlockingMethod(OzoneManagerProtocolProtos.java) [ozone-interface-client-1.4.0-SNAPSHOT.jar:?]
	at org.apache.hadoop.ipc.ProtobufRpcEngine$Server.processCall(ProtobufRpcEngine.java:484) [hadoop-common-3.3.6.jar:?]
	at org.apache.hadoop.ipc.ProtobufRpcEngine2$Server$ProtoBufRpcInvoker.call(ProtobufRpcEngine2.java:595) [hadoop-common-3.3.6.jar:?]
	at org.apache.hadoop.ipc.ProtobufRpcEngine2$Server$ProtoBufRpcInvoker.call(ProtobufRpcEngine2.java:573) [hadoop-common-3.3.6.jar:?]
	at org.apache.hadoop.ipc.RPC$Server.call(RPC.java:1227) [hadoop-common-3.3.6.jar:?]
	at org.apache.hadoop.ipc.Server$RpcCall.run(Server.java:1094) [hadoop-common-3.3.6.jar:?]
	at org.apache.hadoop.ipc.Server$RpcCall.run(Server.java:1017) [hadoop-common-3.3.6.jar:?]
	at java.security.AccessController.doPrivileged(Native Method) ~[?:1.8.0_382]
	at javax.security.auth.Subject.doAs(Subject.java:422) [?:1.8.0_382]
	at org.apache.hadoop.security.UserGroupInformation.doAs(UserGroupInformation.java:1899) [hadoop-common-3.3.6.jar:?]
	at org.apache.hadoop.ipc.Server$Handler.run(Server.java:3048) [hadoop-common-3.3.6.jar:?]
18:53:05.310 [IPC Server handler 18 on default port 15004] ERROR OMAudit - user=runner | ip=127.0.0.1 | op=GET_FILE_STATUS {volume=volume53060, bucket=bucket79480, key=level0/level1, dataSize=0, replicationConfig=null} | ret=FAILURE
org.apache.hadoop.ozone.om.exceptions.OMException: Unable to get file status: volume: volume53060 bucket: bucket79480 key: level0/level1
	at org.apache.hadoop.ozone.om.KeyManagerImpl.getOzoneFileStatus(KeyManagerImpl.java:1195) ~[ozone-manager-1.4.0-SNAPSHOT.jar:?]
	at org.apache.hadoop.ozone.om.KeyManagerImpl.getFileStatus(KeyManagerImpl.java:1113) ~[ozone-manager-1.4.0-SNAPSHOT.jar:?]
	at org.apache.hadoop.ozone.om.OmMetadataReader.getFileStatus(OmMetadataReader.java:262) ~[ozone-manager-1.4.0-SNAPSHOT.jar:?]
	at org.apache.hadoop.ozone.om.OzoneManager.getFileStatus(OzoneManager.java:3530) ~[ozone-manager-1.4.0-SNAPSHOT.jar:?]
	at org.apache.hadoop.ozone.protocolPB.OzoneManagerRequestHandler.getOzoneFileStatus(OzoneManagerRequestHandler.java:973) ~[ozone-manager-1.4.0-SNAPSHOT.jar:?]
	at org.apache.hadoop.ozone.protocolPB.OzoneManagerRequestHandler.handleReadRequest(OzoneManagerRequestHandler.java:252) ~[ozone-manager-1.4.0-SNAPSHOT.jar:?]
	at org.apache.hadoop.ozone.protocolPB.OzoneManagerProtocolServerSideTranslatorPB.submitReadRequestToOM(OzoneManagerProtocolServerSideTranslatorPB.java:225) ~[ozone-manager-1.4.0-SNAPSHOT.jar:?]
	at org.apache.hadoop.ozone.protocolPB.OzoneManagerProtocolServerSideTranslatorPB.processRequest(OzoneManagerProtocolServerSideTranslatorPB.java:179) ~[ozone-manager-1.4.0-SNAPSHOT.jar:?]
	at org.apache.hadoop.hdds.server.OzoneProtocolMessageDispatcher.processRequest(OzoneProtocolMessageDispatcher.java:87) [hdds-server-framework-1.4.0-SNAPSHOT.jar:?]
	at org.apache.hadoop.ozone.protocolPB.OzoneManagerProtocolServerSideTranslatorPB.submitRequest(OzoneManagerProtocolServerSideTranslatorPB.java:148) [ozone-manager-1.4.0-SNAPSHOT.jar:?]
	at org.apache.hadoop.ozone.protocol.proto.OzoneManagerProtocolProtos$OzoneManagerService$2.callBlockingMethod(OzoneManagerProtocolProtos.java) [ozone-interface-client-1.4.0-SNAPSHOT.jar:?]
	at org.apache.hadoop.ipc.ProtobufRpcEngine$Server.processCall(ProtobufRpcEngine.java:484) [hadoop-common-3.3.6.jar:?]
	at org.apache.hadoop.ipc.ProtobufRpcEngine2$Server$ProtoBufRpcInvoker.call(ProtobufRpcEngine2.java:595) [hadoop-common-3.3.6.jar:?]
	at org.apache.hadoop.ipc.ProtobufRpcEngine2$Server$ProtoBufRpcInvoker.call(ProtobufRpcEngine2.java:573) [hadoop-common-3.3.6.jar:?]
	at org.apache.hadoop.ipc.RPC$Server.call(RPC.java:1227) [hadoop-common-3.3.6.jar:?]
	at org.apache.hadoop.ipc.Server$RpcCall.run(Server.java:1094) [hadoop-common-3.3.6.jar:?]
	at org.apache.hadoop.ipc.Server$RpcCall.run(Server.java:1017) [hadoop-common-3.3.6.jar:?]
	at java.security.AccessController.doPrivileged(Native Method) ~[?:1.8.0_382]
	at javax.security.auth.Subject.doAs(Subject.java:422) [?:1.8.0_382]
	at org.apache.hadoop.security.UserGroupInformation.doAs(UserGroupInformation.java:1899) [hadoop-common-3.3.6.jar:?]
	at org.apache.hadoop.ipc.Server$Handler.run(Server.java:3048) [hadoop-common-3.3.6.jar:?]
18:53:05.312 [IPC Server handler 9 on default port 15004] ERROR OMAudit - user=runner | ip=127.0.0.1 | op=GET_FILE_STATUS {volume=volume53060, bucket=bucket79480, key=level0/level1/level1, dataSize=0, replicationConfig=null} | ret=FAILURE
org.apache.hadoop.ozone.om.exceptions.OMException: Unable to get file status: volume: volume53060 bucket: bucket79480 key: level0/level1/level1
	at org.apache.hadoop.ozone.om.KeyManagerImpl.getOzoneFileStatus(KeyManagerImpl.java:1195) ~[ozone-manager-1.4.0-SNAPSHOT.jar:?]
	at org.apache.hadoop.ozone.om.KeyManagerImpl.getFileStatus(KeyManagerImpl.java:1113) ~[ozone-manager-1.4.0-SNAPSHOT.jar:?]
	at org.apache.hadoop.ozone.om.OmMetadataReader.getFileStatus(OmMetadataReader.java:262) ~[ozone-manager-1.4.0-SNAPSHOT.jar:?]
	at org.apache.hadoop.ozone.om.OzoneManager.getFileStatus(OzoneManager.java:3530) ~[ozone-manager-1.4.0-SNAPSHOT.jar:?]
	at org.apache.hadoop.ozone.protocolPB.OzoneManagerRequestHandler.getOzoneFileStatus(OzoneManagerRequestHandler.java:973) ~[ozone-manager-1.4.0-SNAPSHOT.jar:?]
	at org.apache.hadoop.ozone.protocolPB.OzoneManagerRequestHandler.handleReadRequest(OzoneManagerRequestHandler.java:252) ~[ozone-manager-1.4.0-SNAPSHOT.jar:?]
	at org.apache.hadoop.ozone.protocolPB.OzoneManagerProtocolServerSideTranslatorPB.submitReadRequestToOM(OzoneManagerProtocolServerSideTranslatorPB.java:225) ~[ozone-manager-1.4.0-SNAPSHOT.jar:?]
	at org.apache.hadoop.ozone.protocolPB.OzoneManagerProtocolServerSideTranslatorPB.processRequest(OzoneManagerProtocolServerSideTranslatorPB.java:179) ~[ozone-manager-1.4.0-SNAPSHOT.jar:?]
	at org.apache.hadoop.hdds.server.OzoneProtocolMessageDispatcher.processRequest(OzoneProtocolMessageDispatcher.java:87) [hdds-server-framework-1.4.0-SNAPSHOT.jar:?]
	at org.apache.hadoop.ozone.protocolPB.OzoneManagerProtocolServerSideTranslatorPB.submitRequest(OzoneManagerProtocolServerSideTranslatorPB.java:148) [ozone-manager-1.4.0-SNAPSHOT.jar:?]
	at org.apache.hadoop.ozone.protocol.proto.OzoneManagerProtocolProtos$OzoneManagerService$2.callBlockingMethod(OzoneManagerProtocolProtos.java) [ozone-interface-client-1.4.0-SNAPSHOT.jar:?]
	at org.apache.hadoop.ipc.ProtobufRpcEngine$Server.processCall(ProtobufRpcEngine.java:484) [hadoop-common-3.3.6.jar:?]
	at org.apache.hadoop.ipc.ProtobufRpcEngine2$Server$ProtoBufRpcInvoker.call(ProtobufRpcEngine2.java:595) [hadoop-common-3.3.6.jar:?]
	at org.apache.hadoop.ipc.ProtobufRpcEngine2$Server$ProtoBufRpcInvoker.call(ProtobufRpcEngine2.java:573) [hadoop-common-3.3.6.jar:?]
	at org.apache.hadoop.ipc.RPC$Server.call(RPC.java:1227) [hadoop-common-3.3.6.jar:?]
	at org.apache.hadoop.ipc.Server$RpcCall.run(Server.java:1094) [hadoop-common-3.3.6.jar:?]
	at org.apache.hadoop.ipc.Server$RpcCall.run(Server.java:1017) [hadoop-common-3.3.6.jar:?]
	at java.security.AccessController.doPrivileged(Native Method) ~[?:1.8.0_382]
	at javax.security.auth.Subject.doAs(Subject.java:422) [?:1.8.0_382]
	at org.apache.hadoop.security.UserGroupInformation.doAs(UserGroupInformation.java:1899) [hadoop-common-3.3.6.jar:?]
	at org.apache.hadoop.ipc.Server$Handler.run(Server.java:3048) [hadoop-common-3.3.6.jar:?]
18:53:05.314 [IPC Server handler 16 on default port 15004] ERROR OMAudit - user=runner | ip=127.0.0.1 | op=GET_FILE_STATUS {volume=volume53060, bucket=bucket79480, key=level0/level1/file1, dataSize=0, replicationConfig=null} | ret=FAILURE
org.apache.hadoop.ozone.om.exceptions.OMException: Unable to get file status: volume: volume53060 bucket: bucket79480 key: level0/level1/file1
	at org.apache.hadoop.ozone.om.KeyManagerImpl.getOzoneFileStatus(KeyManagerImpl.java:1195) ~[ozone-manager-1.4.0-SNAPSHOT.jar:?]
	at org.apache.hadoop.ozone.om.KeyManagerImpl.getFileStatus(KeyManagerImpl.java:1113) ~[ozone-manager-1.4.0-SNAPSHOT.jar:?]
	at org.apache.hadoop.ozone.om.OmMetadataReader.getFileStatus(OmMetadataReader.java:262) ~[ozone-manager-1.4.0-SNAPSHOT.jar:?]
	at org.apache.hadoop.ozone.om.OzoneManager.getFileStatus(OzoneManager.java:3530) ~[ozone-manager-1.4.0-SNAPSHOT.jar:?]
	at org.apache.hadoop.ozone.protocolPB.OzoneManagerRequestHandler.getOzoneFileStatus(OzoneManagerRequestHandler.java:973) ~[ozone-manager-1.4.0-SNAPSHOT.jar:?]
	at org.apache.hadoop.ozone.protocolPB.OzoneManagerRequestHandler.handleReadRequest(OzoneManagerRequestHandler.java:252) ~[ozone-manager-1.4.0-SNAPSHOT.jar:?]
	at org.apache.hadoop.ozone.protocolPB.OzoneManagerProtocolServerSideTranslatorPB.submitReadRequestToOM(OzoneManagerProtocolServerSideTranslatorPB.java:225) ~[ozone-manager-1.4.0-SNAPSHOT.jar:?]
	at org.apache.hadoop.ozone.protocolPB.OzoneManagerProtocolServerSideTranslatorPB.processRequest(OzoneManagerProtocolServerSideTranslatorPB.java:179) ~[ozone-manager-1.4.0-SNAPSHOT.jar:?]
	at org.apache.hadoop.hdds.server.OzoneProtocolMessageDispatcher.processRequest(OzoneProtocolMessageDispatcher.java:87) [hdds-server-framework-1.4.0-SNAPSHOT.jar:?]
	at org.apache.hadoop.ozone.protocolPB.OzoneManagerProtocolServerSideTranslatorPB.submitRequest(OzoneManagerProtocolServerSideTranslatorPB.java:148) [ozone-manager-1.4.0-SNAPSHOT.jar:?]
	at org.apache.hadoop.ozone.protocol.proto.OzoneManagerProtocolProtos$OzoneManagerService$2.callBlockingMethod(OzoneManagerProtocolProtos.java) [ozone-interface-client-1.4.0-SNAPSHOT.jar:?]
	at org.apache.hadoop.ipc.ProtobufRpcEngine$Server.processCall(ProtobufRpcEngine.java:484) [hadoop-common-3.3.6.jar:?]
	at org.apache.hadoop.ipc.ProtobufRpcEngine2$Server$ProtoBufRpcInvoker.call(ProtobufRpcEngine2.java:595) [hadoop-common-3.3.6.jar:?]
	at org.apache.hadoop.ipc.ProtobufRpcEngine2$Server$ProtoBufRpcInvoker.call(ProtobufRpcEngine2.java:573) [hadoop-common-3.3.6.jar:?]
	at org.apache.hadoop.ipc.RPC$Server.call(RPC.java:1227) [hadoop-common-3.3.6.jar:?]
	at org.apache.hadoop.ipc.Server$RpcCall.run(Server.java:1094) [hadoop-common-3.3.6.jar:?]
	at org.apache.hadoop.ipc.Server$RpcCall.run(Server.java:1017) [hadoop-common-3.3.6.jar:?]
	at java.security.AccessController.doPrivileged(Native Method) ~[?:1.8.0_382]
	at javax.security.auth.Subject.doAs(Subject.java:422) [?:1.8.0_382]
	at org.apache.hadoop.security.UserGroupInformation.doAs(UserGroupInformation.java:1899) [hadoop-common-3.3.6.jar:?]
	at org.apache.hadoop.ipc.Server$Handler.run(Server.java:3048) [hadoop-common-3.3.6.jar:?]
18:53:05.315 [IPC Server handler 14 on default port 15004] ERROR OMAudit - user=runner | ip=127.0.0.1 | op=GET_FILE_STATUS {volume=volume53060, bucket=bucket79480, key=level0/level1/level1/file1, dataSize=0, replicationConfig=null} | ret=FAILURE
org.apache.hadoop.ozone.om.exceptions.OMException: Unable to get file status: volume: volume53060 bucket: bucket79480 key: level0/level1/level1/file1
	at org.apache.hadoop.ozone.om.KeyManagerImpl.getOzoneFileStatus(KeyManagerImpl.java:1195) ~[ozone-manager-1.4.0-SNAPSHOT.jar:?]
	at org.apache.hadoop.ozone.om.KeyManagerImpl.getFileStatus(KeyManagerImpl.java:1113) ~[ozone-manager-1.4.0-SNAPSHOT.jar:?]
	at org.apache.hadoop.ozone.om.OmMetadataReader.getFileStatus(OmMetadataReader.java:262) ~[ozone-manager-1.4.0-SNAPSHOT.jar:?]
	at org.apache.hadoop.ozone.om.OzoneManager.getFileStatus(OzoneManager.java:3530) ~[ozone-manager-1.4.0-SNAPSHOT.jar:?]
	at org.apache.hadoop.ozone.protocolPB.OzoneManagerRequestHandler.getOzoneFileStatus(OzoneManagerRequestHandler.java:973) ~[ozone-manager-1.4.0-SNAPSHOT.jar:?]
	at org.apache.hadoop.ozone.protocolPB.OzoneManagerRequestHandler.handleReadRequest(OzoneManagerRequestHandler.java:252) ~[ozone-manager-1.4.0-SNAPSHOT.jar:?]
	at org.apache.hadoop.ozone.protocolPB.OzoneManagerProtocolServerSideTranslatorPB.submitReadRequestToOM(OzoneManagerProtocolServerSideTranslatorPB.java:225) ~[ozone-manager-1.4.0-SNAPSHOT.jar:?]
	at org.apache.hadoop.ozone.protocolPB.OzoneManagerProtocolServerSideTranslatorPB.processRequest(OzoneManagerProtocolServerSideTranslatorPB.java:179) ~[ozone-manager-1.4.0-SNAPSHOT.jar:?]
	at org.apache.hadoop.hdds.server.OzoneProtocolMessageDispatcher.processRequest(OzoneProtocolMessageDispatcher.java:87) [hdds-server-framework-1.4.0-SNAPSHOT.jar:?]
	at org.apache.hadoop.ozone.protocolPB.OzoneManagerProtocolServerSideTranslatorPB.submitRequest(OzoneManagerProtocolServerSideTranslatorPB.java:148) [ozone-manager-1.4.0-SNAPSHOT.jar:?]
	at org.apache.hadoop.ozone.protocol.proto.OzoneManagerProtocolProtos$OzoneManagerService$2.callBlockingMethod(OzoneManagerProtocolProtos.java) [ozone-interface-client-1.4.0-SNAPSHOT.jar:?]
	at org.apache.hadoop.ipc.ProtobufRpcEngine$Server.processCall(ProtobufRpcEngine.java:484) [hadoop-common-3.3.6.jar:?]
	at org.apache.hadoop.ipc.ProtobufRpcEngine2$Server$ProtoBufRpcInvoker.call(ProtobufRpcEngine2.java:595) [hadoop-common-3.3.6.jar:?]
	at org.apache.hadoop.ipc.ProtobufRpcEngine2$Server$ProtoBufRpcInvoker.call(ProtobufRpcEngine2.java:573) [hadoop-common-3.3.6.jar:?]
	at org.apache.hadoop.ipc.RPC$Server.call(RPC.java:1227) [hadoop-common-3.3.6.jar:?]
	at org.apache.hadoop.ipc.Server$RpcCall.run(Server.java:1094) [hadoop-common-3.3.6.jar:?]
	at org.apache.hadoop.ipc.Server$RpcCall.run(Server.java:1017) [hadoop-common-3.3.6.jar:?]
	at java.security.AccessController.doPrivileged(Native Method) ~[?:1.8.0_382]
	at javax.security.auth.Subject.doAs(Subject.java:422) [?:1.8.0_382]
	at org.apache.hadoop.security.UserGroupInformation.doAs(UserGroupInformation.java:1899) [hadoop-common-3.3.6.jar:?]
	at org.apache.hadoop.ipc.Server$Handler.run(Server.java:3048) [hadoop-common-3.3.6.jar:?]
18:53:05.317 [IPC Server handler 5 on default port 15004] ERROR OMAudit - user=runner | ip=127.0.0.1 | op=GET_FILE_STATUS {volume=volume53060, bucket=bucket79480, key=level0/level2, dataSize=0, replicationConfig=null} | ret=FAILURE
org.apache.hadoop.ozone.om.exceptions.OMException: Unable to get file status: volume: volume53060 bucket: bucket79480 key: level0/level2
	at org.apache.hadoop.ozone.om.KeyManagerImpl.getOzoneFileStatus(KeyManagerImpl.java:1195) ~[ozone-manager-1.4.0-SNAPSHOT.jar:?]
	at org.apache.hadoop.ozone.om.KeyManagerImpl.getFileStatus(KeyManagerImpl.java:1113) ~[ozone-manager-1.4.0-SNAPSHOT.jar:?]
	at org.apache.hadoop.ozone.om.OmMetadataReader.getFileStatus(OmMetadataReader.java:262) ~[ozone-manager-1.4.0-SNAPSHOT.jar:?]
	at org.apache.hadoop.ozone.om.OzoneManager.getFileStatus(OzoneManager.java:3530) ~[ozone-manager-1.4.0-SNAPSHOT.jar:?]
	at org.apache.hadoop.ozone.protocolPB.OzoneManagerRequestHandler.getOzoneFileStatus(OzoneManagerRequestHandler.java:973) ~[ozone-manager-1.4.0-SNAPSHOT.jar:?]
	at org.apache.hadoop.ozone.protocolPB.OzoneManagerRequestHandler.handleReadRequest(OzoneManagerRequestHandler.java:252) ~[ozone-manager-1.4.0-SNAPSHOT.jar:?]
	at org.apache.hadoop.ozone.protocolPB.OzoneManagerProtocolServerSideTranslatorPB.submitReadRequestToOM(OzoneManagerProtocolServerSideTranslatorPB.java:225) ~[ozone-manager-1.4.0-SNAPSHOT.jar:?]
	at org.apache.hadoop.ozone.protocolPB.OzoneManagerProtocolServerSideTranslatorPB.processRequest(OzoneManagerProtocolServerSideTranslatorPB.java:179) ~[ozone-manager-1.4.0-SNAPSHOT.jar:?]
	at org.apache.hadoop.hdds.server.OzoneProtocolMessageDispatcher.processRequest(OzoneProtocolMessageDispatcher.java:87) [hdds-server-framework-1.4.0-SNAPSHOT.jar:?]
	at org.apache.hadoop.ozone.protocolPB.OzoneManagerProtocolServerSideTranslatorPB.submitRequest(OzoneManagerProtocolServerSideTranslatorPB.java:148) [ozone-manager-1.4.0-SNAPSHOT.jar:?]
	at org.apache.hadoop.ozone.protocol.proto.OzoneManagerProtocolProtos$OzoneManagerService$2.callBlockingMethod(OzoneManagerProtocolProtos.java) [ozone-interface-client-1.4.0-SNAPSHOT.jar:?]
	at org.apache.hadoop.ipc.ProtobufRpcEngine$Server.processCall(ProtobufRpcEngine.java:484) [hadoop-common-3.3.6.jar:?]
	at org.apache.hadoop.ipc.ProtobufRpcEngine2$Server$ProtoBufRpcInvoker.call(ProtobufRpcEngine2.java:595) [hadoop-common-3.3.6.jar:?]
	at org.apache.hadoop.ipc.ProtobufRpcEngine2$Server$ProtoBufRpcInvoker.call(ProtobufRpcEngine2.java:573) [hadoop-common-3.3.6.jar:?]
	at org.apache.hadoop.ipc.RPC$Server.call(RPC.java:1227) [hadoop-common-3.3.6.jar:?]
	at org.apache.hadoop.ipc.Server$RpcCall.run(Server.java:1094) [hadoop-common-3.3.6.jar:?]
	at org.apache.hadoop.ipc.Server$RpcCall.run(Server.java:1017) [hadoop-common-3.3.6.jar:?]
	at java.security.AccessController.doPrivileged(Native Method) ~[?:1.8.0_382]
	at javax.security.auth.Subject.doAs(Subject.java:422) [?:1.8.0_382]
	at org.apache.hadoop.security.UserGroupInformation.doAs(UserGroupInformation.java:1899) [hadoop-common-3.3.6.jar:?]
	at org.apache.hadoop.ipc.Server$Handler.run(Server.java:3048) [hadoop-common-3.3.6.jar:?]
18:53:05.318 [IPC Server handler 6 on default port 15004] ERROR OMAudit - user=runner | ip=127.0.0.1 | op=GET_FILE_STATUS {volume=volume53060, bucket=bucket79480, key=level0/level2/level2, dataSize=0, replicationConfig=null} | ret=FAILURE
org.apache.hadoop.ozone.om.exceptions.OMException: Unable to get file status: volume: volume53060 bucket: bucket79480 key: level0/level2/level2
	at org.apache.hadoop.ozone.om.KeyManagerImpl.getOzoneFileStatus(KeyManagerImpl.java:1195) ~[ozone-manager-1.4.0-SNAPSHOT.jar:?]
	at org.apache.hadoop.ozone.om.KeyManagerImpl.getFileStatus(KeyManagerImpl.java:1113) ~[ozone-manager-1.4.0-SNAPSHOT.jar:?]
	at org.apache.hadoop.ozone.om.OmMetadataReader.getFileStatus(OmMetadataReader.java:262) ~[ozone-manager-1.4.0-SNAPSHOT.jar:?]
	at org.apache.hadoop.ozone.om.OzoneManager.getFileStatus(OzoneManager.java:3530) ~[ozone-manager-1.4.0-SNAPSHOT.jar:?]
	at org.apache.hadoop.ozone.protocolPB.OzoneManagerRequestHandler.getOzoneFileStatus(OzoneManagerRequestHandler.java:973) ~[ozone-manager-1.4.0-SNAPSHOT.jar:?]
	at org.apache.hadoop.ozone.protocolPB.OzoneManagerRequestHandler.handleReadRequest(OzoneManagerRequestHandler.java:252) ~[ozone-manager-1.4.0-SNAPSHOT.jar:?]
	at org.apache.hadoop.ozone.protocolPB.OzoneManagerProtocolServerSideTranslatorPB.submitReadRequestToOM(OzoneManagerProtocolServerSideTranslatorPB.java:225) ~[ozone-manager-1.4.0-SNAPSHOT.jar:?]
	at org.apache.hadoop.ozone.protocolPB.OzoneManagerProtocolServerSideTranslatorPB.processRequest(OzoneManagerProtocolServerSideTranslatorPB.java:179) ~[ozone-manager-1.4.0-SNAPSHOT.jar:?]
	at org.apache.hadoop.hdds.server.OzoneProtocolMessageDispatcher.processRequest(OzoneProtocolMessageDispatcher.java:87) [hdds-server-framework-1.4.0-SNAPSHOT.jar:?]
	at org.apache.hadoop.ozone.protocolPB.OzoneManagerProtocolServerSideTranslatorPB.submitRequest(OzoneManagerProtocolServerSideTranslatorPB.java:148) [ozone-manager-1.4.0-SNAPSHOT.jar:?]
	at org.apache.hadoop.ozone.protocol.proto.OzoneManagerProtocolProtos$OzoneManagerService$2.callBlockingMethod(OzoneManagerProtocolProtos.java) [ozone-interface-client-1.4.0-SNAPSHOT.jar:?]
	at org.apache.hadoop.ipc.ProtobufRpcEngine$Server.processCall(ProtobufRpcEngine.java:484) [hadoop-common-3.3.6.jar:?]
	at org.apache.hadoop.ipc.ProtobufRpcEngine2$Server$ProtoBufRpcInvoker.call(ProtobufRpcEngine2.java:595) [hadoop-common-3.3.6.jar:?]
	at org.apache.hadoop.ipc.ProtobufRpcEngine2$Server$ProtoBufRpcInvoker.call(ProtobufRpcEngine2.java:573) [hadoop-common-3.3.6.jar:?]
	at org.apache.hadoop.ipc.RPC$Server.call(RPC.java:1227) [hadoop-common-3.3.6.jar:?]
	at org.apache.hadoop.ipc.Server$RpcCall.run(Server.java:1094) [hadoop-common-3.3.6.jar:?]
	at org.apache.hadoop.ipc.Server$RpcCall.run(Server.java:1017) [hadoop-common-3.3.6.jar:?]
	at java.security.AccessController.doPrivileged(Native Method) ~[?:1.8.0_382]
	at javax.security.auth.Subject.doAs(Subject.java:422) [?:1.8.0_382]
	at org.apache.hadoop.security.UserGroupInformation.doAs(UserGroupInformation.java:1899) [hadoop-common-3.3.6.jar:?]
	at org.apache.hadoop.ipc.Server$Handler.run(Server.java:3048) [hadoop-common-3.3.6.jar:?]
18:53:05.320 [IPC Server handler 13 on default port 15004] ERROR OMAudit - user=runner | ip=127.0.0.1 | op=GET_FILE_STATUS {volume=volume53060, bucket=bucket79480, key=level0/level2/file1, dataSize=0, replicationConfig=null} | ret=FAILURE
org.apache.hadoop.ozone.om.exceptions.OMException: Unable to get file status: volume: volume53060 bucket: bucket79480 key: level0/level2/file1
	at org.apache.hadoop.ozone.om.KeyManagerImpl.getOzoneFileStatus(KeyManagerImpl.java:1195) ~[ozone-manager-1.4.0-SNAPSHOT.jar:?]
	at org.apache.hadoop.ozone.om.KeyManagerImpl.getFileStatus(KeyManagerImpl.java:1113) ~[ozone-manager-1.4.0-SNAPSHOT.jar:?]
	at org.apache.hadoop.ozone.om.OmMetadataReader.getFileStatus(OmMetadataReader.java:262) ~[ozone-manager-1.4.0-SNAPSHOT.jar:?]
	at org.apache.hadoop.ozone.om.OzoneManager.getFileStatus(OzoneManager.java:3530) ~[ozone-manager-1.4.0-SNAPSHOT.jar:?]
	at org.apache.hadoop.ozone.protocolPB.OzoneManagerRequestHandler.getOzoneFileStatus(OzoneManagerRequestHandler.java:973) ~[ozone-manager-1.4.0-SNAPSHOT.jar:?]
	at org.apache.hadoop.ozone.protocolPB.OzoneManagerRequestHandler.handleReadRequest(OzoneManagerRequestHandler.java:252) ~[ozone-manager-1.4.0-SNAPSHOT.jar:?]
	at org.apache.hadoop.ozone.protocolPB.OzoneManagerProtocolServerSideTranslatorPB.submitReadRequestToOM(OzoneManagerProtocolServerSideTranslatorPB.java:225) ~[ozone-manager-1.4.0-SNAPSHOT.jar:?]
	at org.apache.hadoop.ozone.protocolPB.OzoneManagerProtocolServerSideTranslatorPB.processRequest(OzoneManagerProtocolServerSideTranslatorPB.java:179) ~[ozone-manager-1.4.0-SNAPSHOT.jar:?]
	at org.apache.hadoop.hdds.server.OzoneProtocolMessageDispatcher.processRequest(OzoneProtocolMessageDispatcher.java:87) [hdds-server-framework-1.4.0-SNAPSHOT.jar:?]
	at org.apache.hadoop.ozone.protocolPB.OzoneManagerProtocolServerSideTranslatorPB.submitRequest(OzoneManagerProtocolServerSideTranslatorPB.java:148) [ozone-manager-1.4.0-SNAPSHOT.jar:?]
	at org.apache.hadoop.ozone.protocol.proto.OzoneManagerProtocolProtos$OzoneManagerService$2.callBlockingMethod(OzoneManagerProtocolProtos.java) [ozone-interface-client-1.4.0-SNAPSHOT.jar:?]
	at org.apache.hadoop.ipc.ProtobufRpcEngine$Server.processCall(ProtobufRpcEngine.java:484) [hadoop-common-3.3.6.jar:?]
	at org.apache.hadoop.ipc.ProtobufRpcEngine2$Server$ProtoBufRpcInvoker.call(ProtobufRpcEngine2.java:595) [hadoop-common-3.3.6.jar:?]
	at org.apache.hadoop.ipc.ProtobufRpcEngine2$Server$ProtoBufRpcInvoker.call(ProtobufRpcEngine2.java:573) [hadoop-common-3.3.6.jar:?]
	at org.apache.hadoop.ipc.RPC$Server.call(RPC.java:1227) [hadoop-common-3.3.6.jar:?]
	at org.apache.hadoop.ipc.Server$RpcCall.run(Server.java:1094) [hadoop-common-3.3.6.jar:?]
	at org.apache.hadoop.ipc.Server$RpcCall.run(Server.java:1017) [hadoop-common-3.3.6.jar:?]
	at java.security.AccessController.doPrivileged(Native Method) ~[?:1.8.0_382]
	at javax.security.auth.Subject.doAs(Subject.java:422) [?:1.8.0_382]
	at org.apache.hadoop.security.UserGroupInformation.doAs(UserGroupInformation.java:1899) [hadoop-common-3.3.6.jar:?]
	at org.apache.hadoop.ipc.Server$Handler.run(Server.java:3048) [hadoop-common-3.3.6.jar:?]
18:53:05.321 [IPC Server handler 7 on default port 15004] ERROR OMAudit - user=runner | ip=127.0.0.1 | op=GET_FILE_STATUS {volume=volume53060, bucket=bucket79480, key=level0/level2/level2/file1, dataSize=0, replicationConfig=null} | ret=FAILURE
org.apache.hadoop.ozone.om.exceptions.OMException: Unable to get file status: volume: volume53060 bucket: bucket79480 key: level0/level2/level2/file1
	at org.apache.hadoop.ozone.om.KeyManagerImpl.getOzoneFileStatus(KeyManagerImpl.java:1195) ~[ozone-manager-1.4.0-SNAPSHOT.jar:?]
	at org.apache.hadoop.ozone.om.KeyManagerImpl.getFileStatus(KeyManagerImpl.java:1113) ~[ozone-manager-1.4.0-SNAPSHOT.jar:?]
	at org.apache.hadoop.ozone.om.OmMetadataReader.getFileStatus(OmMetadataReader.java:262) ~[ozone-manager-1.4.0-SNAPSHOT.jar:?]
	at org.apache.hadoop.ozone.om.OzoneManager.getFileStatus(OzoneManager.java:3530) ~[ozone-manager-1.4.0-SNAPSHOT.jar:?]
	at org.apache.hadoop.ozone.protocolPB.OzoneManagerRequestHandler.getOzoneFileStatus(OzoneManagerRequestHandler.java:973) ~[ozone-manager-1.4.0-SNAPSHOT.jar:?]
	at org.apache.hadoop.ozone.protocolPB.OzoneManagerRequestHandler.handleReadRequest(OzoneManagerRequestHandler.java:252) ~[ozone-manager-1.4.0-SNAPSHOT.jar:?]
	at org.apache.hadoop.ozone.protocolPB.OzoneManagerProtocolServerSideTranslatorPB.submitReadRequestToOM(OzoneManagerProtocolServerSideTranslatorPB.java:225) ~[ozone-manager-1.4.0-SNAPSHOT.jar:?]
	at org.apache.hadoop.ozone.protocolPB.OzoneManagerProtocolServerSideTranslatorPB.processRequest(OzoneManagerProtocolServerSideTranslatorPB.java:179) ~[ozone-manager-1.4.0-SNAPSHOT.jar:?]
	at org.apache.hadoop.hdds.server.OzoneProtocolMessageDispatcher.processRequest(OzoneProtocolMessageDispatcher.java:87) [hdds-server-framework-1.4.0-SNAPSHOT.jar:?]
	at org.apache.hadoop.ozone.protocolPB.OzoneManagerProtocolServerSideTranslatorPB.submitRequest(OzoneManagerProtocolServerSideTranslatorPB.java:148) [ozone-manager-1.4.0-SNAPSHOT.jar:?]
	at org.apache.hadoop.ozone.protocol.proto.OzoneManagerProtocolProtos$OzoneManagerService$2.callBlockingMethod(OzoneManagerProtocolProtos.java) [ozone-interface-client-1.4.0-SNAPSHOT.jar:?]
	at org.apache.hadoop.ipc.ProtobufRpcEngine$Server.processCall(ProtobufRpcEngine.java:484) [hadoop-common-3.3.6.jar:?]
	at org.apache.hadoop.ipc.ProtobufRpcEngine2$Server$ProtoBufRpcInvoker.call(ProtobufRpcEngine2.java:595) [hadoop-common-3.3.6.jar:?]
	at org.apache.hadoop.ipc.ProtobufRpcEngine2$Server$ProtoBufRpcInvoker.call(ProtobufRpcEngine2.java:573) [hadoop-common-3.3.6.jar:?]
	at org.apache.hadoop.ipc.RPC$Server.call(RPC.java:1227) [hadoop-common-3.3.6.jar:?]
	at org.apache.hadoop.ipc.Server$RpcCall.run(Server.java:1094) [hadoop-common-3.3.6.jar:?]
	at org.apache.hadoop.ipc.Server$RpcCall.run(Server.java:1017) [hadoop-common-3.3.6.jar:?]
	at java.security.AccessController.doPrivileged(Native Method) ~[?:1.8.0_382]
	at javax.security.auth.Subject.doAs(Subject.java:422) [?:1.8.0_382]
	at org.apache.hadoop.security.UserGroupInformation.doAs(UserGroupInformation.java:1899) [hadoop-common-3.3.6.jar:?]
	at org.apache.hadoop.ipc.Server$Handler.run(Server.java:3048) [hadoop-common-3.3.6.jar:?]
18:53:05.323 [IPC Server handler 8 on default port 15004] ERROR OMAudit - user=runner | ip=127.0.0.1 | op=GET_FILE_STATUS {volume=volume53060, bucket=bucket79480, key=level0/level3, dataSize=0, replicationConfig=null} | ret=FAILURE
org.apache.hadoop.ozone.om.exceptions.OMException: Unable to get file status: volume: volume53060 bucket: bucket79480 key: level0/level3
	at org.apache.hadoop.ozone.om.KeyManagerImpl.getOzoneFileStatus(KeyManagerImpl.java:1195) ~[ozone-manager-1.4.0-SNAPSHOT.jar:?]
	at org.apache.hadoop.ozone.om.KeyManagerImpl.getFileStatus(KeyManagerImpl.java:1113) ~[ozone-manager-1.4.0-SNAPSHOT.jar:?]
	at org.apache.hadoop.ozone.om.OmMetadataReader.getFileStatus(OmMetadataReader.java:262) ~[ozone-manager-1.4.0-SNAPSHOT.jar:?]
	at org.apache.hadoop.ozone.om.OzoneManager.getFileStatus(OzoneManager.java:3530) ~[ozone-manager-1.4.0-SNAPSHOT.jar:?]
	at org.apache.hadoop.ozone.protocolPB.OzoneManagerRequestHandler.getOzoneFileStatus(OzoneManagerRequestHandler.java:973) ~[ozone-manager-1.4.0-SNAPSHOT.jar:?]
	at org.apache.hadoop.ozone.protocolPB.OzoneManagerRequestHandler.handleReadRequest(OzoneManagerRequestHandler.java:252) ~[ozone-manager-1.4.0-SNAPSHOT.jar:?]
	at org.apache.hadoop.ozone.protocolPB.OzoneManagerProtocolServerSideTranslatorPB.submitReadRequestToOM(OzoneManagerProtocolServerSideTranslatorPB.java:225) ~[ozone-manager-1.4.0-SNAPSHOT.jar:?]
	at org.apache.hadoop.ozone.protocolPB.OzoneManagerProtocolServerSideTranslatorPB.processRequest(OzoneManagerProtocolServerSideTranslatorPB.java:179) ~[ozone-manager-1.4.0-SNAPSHOT.jar:?]
	at org.apache.hadoop.hdds.server.OzoneProtocolMessageDispatcher.processRequest(OzoneProtocolMessageDispatcher.java:87) [hdds-server-framework-1.4.0-SNAPSHOT.jar:?]
	at org.apache.hadoop.ozone.protocolPB.OzoneManagerProtocolServerSideTranslatorPB.submitRequest(OzoneManagerProtocolServerSideTranslatorPB.java:148) [ozone-manager-1.4.0-SNAPSHOT.jar:?]
	at org.apache.hadoop.ozone.protocol.proto.OzoneManagerProtocolProtos$OzoneManagerService$2.callBlockingMethod(OzoneManagerProtocolProtos.java) [ozone-interface-client-1.4.0-SNAPSHOT.jar:?]
	at org.apache.hadoop.ipc.ProtobufRpcEngine$Server.processCall(ProtobufRpcEngine.java:484) [hadoop-common-3.3.6.jar:?]
	at org.apache.hadoop.ipc.ProtobufRpcEngine2$Server$ProtoBufRpcInvoker.call(ProtobufRpcEngine2.java:595) [hadoop-common-3.3.6.jar:?]
	at org.apache.hadoop.ipc.ProtobufRpcEngine2$Server$ProtoBufRpcInvoker.call(ProtobufRpcEngine2.java:573) [hadoop-common-3.3.6.jar:?]
	at org.apache.hadoop.ipc.RPC$Server.call(RPC.java:1227) [hadoop-common-3.3.6.jar:?]
	at org.apache.hadoop.ipc.Server$RpcCall.run(Server.java:1094) [hadoop-common-3.3.6.jar:?]
	at org.apache.hadoop.ipc.Server$RpcCall.run(Server.java:1017) [hadoop-common-3.3.6.jar:?]
	at java.security.AccessController.doPrivileged(Native Method) ~[?:1.8.0_382]
	at javax.security.auth.Subject.doAs(Subject.java:422) [?:1.8.0_382]
	at org.apache.hadoop.security.UserGroupInformation.doAs(UserGroupInformation.java:1899) [hadoop-common-3.3.6.jar:?]
	at org.apache.hadoop.ipc.Server$Handler.run(Server.java:3048) [hadoop-common-3.3.6.jar:?]
18:53:05.326 [IPC Server handler 19 on default port 15004] ERROR OMAudit - user=runner | ip=127.0.0.1 | op=GET_FILE_STATUS {volume=volume53060, bucket=bucket79480, key=level0/level3/level3, dataSize=0, replicationConfig=null} | ret=FAILURE
org.apache.hadoop.ozone.om.exceptions.OMException: Unable to get file status: volume: volume53060 bucket: bucket79480 key: level0/level3/level3
	at org.apache.hadoop.ozone.om.KeyManagerImpl.getOzoneFileStatus(KeyManagerImpl.java:1195) ~[ozone-manager-1.4.0-SNAPSHOT.jar:?]
	at org.apache.hadoop.ozone.om.KeyManagerImpl.getFileStatus(KeyManagerImpl.java:1113) ~[ozone-manager-1.4.0-SNAPSHOT.jar:?]
	at org.apache.hadoop.ozone.om.OmMetadataReader.getFileStatus(OmMetadataReader.java:262) ~[ozone-manager-1.4.0-SNAPSHOT.jar:?]
	at org.apache.hadoop.ozone.om.OzoneManager.getFileStatus(OzoneManager.java:3530) ~[ozone-manager-1.4.0-SNAPSHOT.jar:?]
	at org.apache.hadoop.ozone.protocolPB.OzoneManagerRequestHandler.getOzoneFileStatus(OzoneManagerRequestHandler.java:973) ~[ozone-manager-1.4.0-SNAPSHOT.jar:?]
	at org.apache.hadoop.ozone.protocolPB.OzoneManagerRequestHandler.handleReadRequest(OzoneManagerRequestHandler.java:252) ~[ozone-manager-1.4.0-SNAPSHOT.jar:?]
	at org.apache.hadoop.ozone.protocolPB.OzoneManagerProtocolServerSideTranslatorPB.submitReadRequestToOM(OzoneManagerProtocolServerSideTranslatorPB.java:225) ~[ozone-manager-1.4.0-SNAPSHOT.jar:?]
	at org.apache.hadoop.ozone.protocolPB.OzoneManagerProtocolServerSideTranslatorPB.processRequest(OzoneManagerProtocolServerSideTranslatorPB.java:179) ~[ozone-manager-1.4.0-SNAPSHOT.jar:?]
	at org.apache.hadoop.hdds.server.OzoneProtocolMessageDispatcher.processRequest(OzoneProtocolMessageDispatcher.java:87) [hdds-server-framework-1.4.0-SNAPSHOT.jar:?]
	at org.apache.hadoop.ozone.protocolPB.OzoneManagerProtocolServerSideTranslatorPB.submitRequest(OzoneManagerProtocolServerSideTranslatorPB.java:148) [ozone-manager-1.4.0-SNAPSHOT.jar:?]
	at org.apache.hadoop.ozone.protocol.proto.OzoneManagerProtocolProtos$OzoneManagerService$2.callBlockingMethod(OzoneManagerProtocolProtos.java) [ozone-interface-client-1.4.0-SNAPSHOT.jar:?]
	at org.apache.hadoop.ipc.ProtobufRpcEngine$Server.processCall(ProtobufRpcEngine.java:484) [hadoop-common-3.3.6.jar:?]
	at org.apache.hadoop.ipc.ProtobufRpcEngine2$Server$ProtoBufRpcInvoker.call(ProtobufRpcEngine2.java:595) [hadoop-common-3.3.6.jar:?]
	at org.apache.hadoop.ipc.ProtobufRpcEngine2$Server$ProtoBufRpcInvoker.call(ProtobufRpcEngine2.java:573) [hadoop-common-3.3.6.jar:?]
	at org.apache.hadoop.ipc.RPC$Server.call(RPC.java:1227) [hadoop-common-3.3.6.jar:?]
	at org.apache.hadoop.ipc.Server$RpcCall.run(Server.java:1094) [hadoop-common-3.3.6.jar:?]
	at org.apache.hadoop.ipc.Server$RpcCall.run(Server.java:1017) [hadoop-common-3.3.6.jar:?]
	at java.security.AccessController.doPrivileged(Native Method) ~[?:1.8.0_382]
	at javax.security.auth.Subject.doAs(Subject.java:422) [?:1.8.0_382]
	at org.apache.hadoop.security.UserGroupInformation.doAs(UserGroupInformation.java:1899) [hadoop-common-3.3.6.jar:?]
	at org.apache.hadoop.ipc.Server$Handler.run(Server.java:3048) [hadoop-common-3.3.6.jar:?]
18:53:05.327 [IPC Server handler 0 on default port 15004] ERROR OMAudit - user=runner | ip=127.0.0.1 | op=GET_FILE_STATUS {volume=volume53060, bucket=bucket79480, key=level0/level3/file1, dataSize=0, replicationConfig=null} | ret=FAILURE
org.apache.hadoop.ozone.om.exceptions.OMException: Unable to get file status: volume: volume53060 bucket: bucket79480 key: level0/level3/file1
	at org.apache.hadoop.ozone.om.KeyManagerImpl.getOzoneFileStatus(KeyManagerImpl.java:1195) ~[ozone-manager-1.4.0-SNAPSHOT.jar:?]
	at org.apache.hadoop.ozone.om.KeyManagerImpl.getFileStatus(KeyManagerImpl.java:1113) ~[ozone-manager-1.4.0-SNAPSHOT.jar:?]
	at org.apache.hadoop.ozone.om.OmMetadataReader.getFileStatus(OmMetadataReader.java:262) ~[ozone-manager-1.4.0-SNAPSHOT.jar:?]
	at org.apache.hadoop.ozone.om.OzoneManager.getFileStatus(OzoneManager.java:3530) ~[ozone-manager-1.4.0-SNAPSHOT.jar:?]
	at org.apache.hadoop.ozone.protocolPB.OzoneManagerRequestHandler.getOzoneFileStatus(OzoneManagerRequestHandler.java:973) ~[ozone-manager-1.4.0-SNAPSHOT.jar:?]
	at org.apache.hadoop.ozone.protocolPB.OzoneManagerRequestHandler.handleReadRequest(OzoneManagerRequestHandler.java:252) ~[ozone-manager-1.4.0-SNAPSHOT.jar:?]
	at org.apache.hadoop.ozone.protocolPB.OzoneManagerProtocolServerSideTranslatorPB.submitReadRequestToOM(OzoneManagerProtocolServerSideTranslatorPB.java:225) ~[ozone-manager-1.4.0-SNAPSHOT.jar:?]
	at org.apache.hadoop.ozone.protocolPB.OzoneManagerProtocolServerSideTranslatorPB.processRequest(OzoneManagerProtocolServerSideTranslatorPB.java:179) ~[ozone-manager-1.4.0-SNAPSHOT.jar:?]
	at org.apache.hadoop.hdds.server.OzoneProtocolMessageDispatcher.processRequest(OzoneProtocolMessageDispatcher.java:87) [hdds-server-framework-1.4.0-SNAPSHOT.jar:?]
	at org.apache.hadoop.ozone.protocolPB.OzoneManagerProtocolServerSideTranslatorPB.submitRequest(OzoneManagerProtocolServerSideTranslatorPB.java:148) [ozone-manager-1.4.0-SNAPSHOT.jar:?]
	at org.apache.hadoop.ozone.protocol.proto.OzoneManagerProtocolProtos$OzoneManagerService$2.callBlockingMethod(OzoneManagerProtocolProtos.java) [ozone-interface-client-1.4.0-SNAPSHOT.jar:?]
	at org.apache.hadoop.ipc.ProtobufRpcEngine$Server.processCall(ProtobufRpcEngine.java:484) [hadoop-common-3.3.6.jar:?]
	at org.apache.hadoop.ipc.ProtobufRpcEngine2$Server$ProtoBufRpcInvoker.call(ProtobufRpcEngine2.java:595) [hadoop-common-3.3.6.jar:?]
	at org.apache.hadoop.ipc.ProtobufRpcEngine2$Server$ProtoBufRpcInvoker.call(ProtobufRpcEngine2.java:573) [hadoop-common-3.3.6.jar:?]
	at org.apache.hadoop.ipc.RPC$Server.call(RPC.java:1227) [hadoop-common-3.3.6.jar:?]
	at org.apache.hadoop.ipc.Server$RpcCall.run(Server.java:1094) [hadoop-common-3.3.6.jar:?]
	at org.apache.hadoop.ipc.Server$RpcCall.run(Server.java:1017) [hadoop-common-3.3.6.jar:?]
	at java.security.AccessController.doPrivileged(Native Method) ~[?:1.8.0_382]
	at javax.security.auth.Subject.doAs(Subject.java:422) [?:1.8.0_382]
	at org.apache.hadoop.security.UserGroupInformation.doAs(UserGroupInformation.java:1899) [hadoop-common-3.3.6.jar:?]
	at org.apache.hadoop.ipc.Server$Handler.run(Server.java:3048) [hadoop-common-3.3.6.jar:?]
18:53:05.329 [IPC Server handler 3 on default port 15004] ERROR OMAudit - user=runner | ip=127.0.0.1 | op=GET_FILE_STATUS {volume=volume53060, bucket=bucket79480, key=level0/level3/level3/file1, dataSize=0, replicationConfig=null} | ret=FAILURE
org.apache.hadoop.ozone.om.exceptions.OMException: Unable to get file status: volume: volume53060 bucket: bucket79480 key: level0/level3/level3/file1
	at org.apache.hadoop.ozone.om.KeyManagerImpl.getOzoneFileStatus(KeyManagerImpl.java:1195) ~[ozone-manager-1.4.0-SNAPSHOT.jar:?]
	at org.apache.hadoop.ozone.om.KeyManagerImpl.getFileStatus(KeyManagerImpl.java:1113) ~[ozone-manager-1.4.0-SNAPSHOT.jar:?]
	at org.apache.hadoop.ozone.om.OmMetadataReader.getFileStatus(OmMetadataReader.java:262) ~[ozone-manager-1.4.0-SNAPSHOT.jar:?]
	at org.apache.hadoop.ozone.om.OzoneManager.getFileStatus(OzoneManager.java:3530) ~[ozone-manager-1.4.0-SNAPSHOT.jar:?]
	at org.apache.hadoop.ozone.protocolPB.OzoneManagerRequestHandler.getOzoneFileStatus(OzoneManagerRequestHandler.java:973) ~[ozone-manager-1.4.0-SNAPSHOT.jar:?]
	at org.apache.hadoop.ozone.protocolPB.OzoneManagerRequestHandler.handleReadRequest(OzoneManagerRequestHandler.java:252) ~[ozone-manager-1.4.0-SNAPSHOT.jar:?]
	at org.apache.hadoop.ozone.protocolPB.OzoneManagerProtocolServerSideTranslatorPB.submitReadRequestToOM(OzoneManagerProtocolServerSideTranslatorPB.java:225) ~[ozone-manager-1.4.0-SNAPSHOT.jar:?]
	at org.apache.hadoop.ozone.protocolPB.OzoneManagerProtocolServerSideTranslatorPB.processRequest(OzoneManagerProtocolServerSideTranslatorPB.java:179) ~[ozone-manager-1.4.0-SNAPSHOT.jar:?]
	at org.apache.hadoop.hdds.server.OzoneProtocolMessageDispatcher.processRequest(OzoneProtocolMessageDispatcher.java:87) [hdds-server-framework-1.4.0-SNAPSHOT.jar:?]
	at org.apache.hadoop.ozone.protocolPB.OzoneManagerProtocolServerSideTranslatorPB.submitRequest(OzoneManagerProtocolServerSideTranslatorPB.java:148) [ozone-manager-1.4.0-SNAPSHOT.jar:?]
	at org.apache.hadoop.ozone.protocol.proto.OzoneManagerProtocolProtos$OzoneManagerService$2.callBlockingMethod(OzoneManagerProtocolProtos.java) [ozone-interface-client-1.4.0-SNAPSHOT.jar:?]
	at org.apache.hadoop.ipc.ProtobufRpcEngine$Server.processCall(ProtobufRpcEngine.java:484) [hadoop-common-3.3.6.jar:?]
	at org.apache.hadoop.ipc.ProtobufRpcEngine2$Server$ProtoBufRpcInvoker.call(ProtobufRpcEngine2.java:595) [hadoop-common-3.3.6.jar:?]
	at org.apache.hadoop.ipc.ProtobufRpcEngine2$Server$ProtoBufRpcInvoker.call(ProtobufRpcEngine2.java:573) [hadoop-common-3.3.6.jar:?]
	at org.apache.hadoop.ipc.RPC$Server.call(RPC.java:1227) [hadoop-common-3.3.6.jar:?]
	at org.apache.hadoop.ipc.Server$RpcCall.run(Server.java:1094) [hadoop-common-3.3.6.jar:?]
	at org.apache.hadoop.ipc.Server$RpcCall.run(Server.java:1017) [hadoop-common-3.3.6.jar:?]
	at java.security.AccessController.doPrivileged(Native Method) ~[?:1.8.0_382]
	at javax.security.auth.Subject.doAs(Subject.java:422) [?:1.8.0_382]
	at org.apache.hadoop.security.UserGroupInformation.doAs(UserGroupInformation.java:1899) [hadoop-common-3.3.6.jar:?]
	at org.apache.hadoop.ipc.Server$Handler.run(Server.java:3048) [hadoop-common-3.3.6.jar:?]
]]></system-out>
  </testcase>
  <testcase name="testRecursiveDelete" classname="TestOzoneFileSystem" time="0.18">
    <system-out><![CDATA[18:54:24.756 [IPC Server handler 3 on default port 15057] ERROR OMAudit - user=runner | ip=127.0.0.1 | op=GET_FILE_STATUS {volume=volume92422, bucket=bucket94858, key=gdir1, dataSize=0, replicationConfig=null} | ret=FAILURE
org.apache.hadoop.ozone.om.exceptions.OMException: Unable to get file status: volume: volume92422 bucket: bucket94858 key: gdir1
	at org.apache.hadoop.ozone.om.KeyManagerImpl.getOzoneFileStatus(KeyManagerImpl.java:1195) ~[ozone-manager-1.4.0-SNAPSHOT.jar:?]
	at org.apache.hadoop.ozone.om.KeyManagerImpl.getFileStatus(KeyManagerImpl.java:1113) ~[ozone-manager-1.4.0-SNAPSHOT.jar:?]
	at org.apache.hadoop.ozone.om.OmMetadataReader.getFileStatus(OmMetadataReader.java:262) ~[ozone-manager-1.4.0-SNAPSHOT.jar:?]
	at org.apache.hadoop.ozone.om.OzoneManager.getFileStatus(OzoneManager.java:3530) ~[ozone-manager-1.4.0-SNAPSHOT.jar:?]
	at org.apache.hadoop.ozone.protocolPB.OzoneManagerRequestHandler.getOzoneFileStatus(OzoneManagerRequestHandler.java:973) ~[ozone-manager-1.4.0-SNAPSHOT.jar:?]
	at org.apache.hadoop.ozone.protocolPB.OzoneManagerRequestHandler.handleReadRequest(OzoneManagerRequestHandler.java:252) ~[ozone-manager-1.4.0-SNAPSHOT.jar:?]
	at org.apache.hadoop.ozone.protocolPB.OzoneManagerProtocolServerSideTranslatorPB.submitRequestDirectlyToOM(OzoneManagerProtocolServerSideTranslatorPB.java:274) ~[ozone-manager-1.4.0-SNAPSHOT.jar:?]
	at org.apache.hadoop.ozone.protocolPB.OzoneManagerProtocolServerSideTranslatorPB.processRequest(OzoneManagerProtocolServerSideTranslatorPB.java:175) ~[ozone-manager-1.4.0-SNAPSHOT.jar:?]
	at org.apache.hadoop.hdds.server.OzoneProtocolMessageDispatcher.processRequest(OzoneProtocolMessageDispatcher.java:87) [hdds-server-framework-1.4.0-SNAPSHOT.jar:?]
	at org.apache.hadoop.ozone.protocolPB.OzoneManagerProtocolServerSideTranslatorPB.submitRequest(OzoneManagerProtocolServerSideTranslatorPB.java:148) [ozone-manager-1.4.0-SNAPSHOT.jar:?]
	at org.apache.hadoop.ozone.protocol.proto.OzoneManagerProtocolProtos$OzoneManagerService$2.callBlockingMethod(OzoneManagerProtocolProtos.java) [ozone-interface-client-1.4.0-SNAPSHOT.jar:?]
	at org.apache.hadoop.ipc.ProtobufRpcEngine$Server.processCall(ProtobufRpcEngine.java:484) [hadoop-common-3.3.6.jar:?]
	at org.apache.hadoop.ipc.ProtobufRpcEngine2$Server$ProtoBufRpcInvoker.call(ProtobufRpcEngine2.java:595) [hadoop-common-3.3.6.jar:?]
	at org.apache.hadoop.ipc.ProtobufRpcEngine2$Server$ProtoBufRpcInvoker.call(ProtobufRpcEngine2.java:573) [hadoop-common-3.3.6.jar:?]
	at org.apache.hadoop.ipc.RPC$Server.call(RPC.java:1227) [hadoop-common-3.3.6.jar:?]
	at org.apache.hadoop.ipc.Server$RpcCall.run(Server.java:1094) [hadoop-common-3.3.6.jar:?]
	at org.apache.hadoop.ipc.Server$RpcCall.run(Server.java:1017) [hadoop-common-3.3.6.jar:?]
	at java.security.AccessController.doPrivileged(Native Method) ~[?:1.8.0_382]
	at javax.security.auth.Subject.doAs(Subject.java:422) [?:1.8.0_382]
	at org.apache.hadoop.security.UserGroupInformation.doAs(UserGroupInformation.java:1899) [hadoop-common-3.3.6.jar:?]
	at org.apache.hadoop.ipc.Server$Handler.run(Server.java:3048) [hadoop-common-3.3.6.jar:?]
18:54:24.757 [IPC Server handler 2 on default port 15057] ERROR OMAudit - user=runner | ip=127.0.0.1 | op=GET_FILE_STATUS {volume=volume92422, bucket=bucket94858, key=gdir1/dir1, dataSize=0, replicationConfig=null} | ret=FAILURE
org.apache.hadoop.ozone.om.exceptions.OMException: Unable to get file status: volume: volume92422 bucket: bucket94858 key: gdir1/dir1
	at org.apache.hadoop.ozone.om.KeyManagerImpl.getOzoneFileStatus(KeyManagerImpl.java:1195) ~[ozone-manager-1.4.0-SNAPSHOT.jar:?]
	at org.apache.hadoop.ozone.om.KeyManagerImpl.getFileStatus(KeyManagerImpl.java:1113) ~[ozone-manager-1.4.0-SNAPSHOT.jar:?]
	at org.apache.hadoop.ozone.om.OmMetadataReader.getFileStatus(OmMetadataReader.java:262) ~[ozone-manager-1.4.0-SNAPSHOT.jar:?]
	at org.apache.hadoop.ozone.om.OzoneManager.getFileStatus(OzoneManager.java:3530) ~[ozone-manager-1.4.0-SNAPSHOT.jar:?]
	at org.apache.hadoop.ozone.protocolPB.OzoneManagerRequestHandler.getOzoneFileStatus(OzoneManagerRequestHandler.java:973) ~[ozone-manager-1.4.0-SNAPSHOT.jar:?]
	at org.apache.hadoop.ozone.protocolPB.OzoneManagerRequestHandler.handleReadRequest(OzoneManagerRequestHandler.java:252) ~[ozone-manager-1.4.0-SNAPSHOT.jar:?]
	at org.apache.hadoop.ozone.protocolPB.OzoneManagerProtocolServerSideTranslatorPB.submitRequestDirectlyToOM(OzoneManagerProtocolServerSideTranslatorPB.java:274) ~[ozone-manager-1.4.0-SNAPSHOT.jar:?]
	at org.apache.hadoop.ozone.protocolPB.OzoneManagerProtocolServerSideTranslatorPB.processRequest(OzoneManagerProtocolServerSideTranslatorPB.java:175) ~[ozone-manager-1.4.0-SNAPSHOT.jar:?]
	at org.apache.hadoop.hdds.server.OzoneProtocolMessageDispatcher.processRequest(OzoneProtocolMessageDispatcher.java:87) [hdds-server-framework-1.4.0-SNAPSHOT.jar:?]
	at org.apache.hadoop.ozone.protocolPB.OzoneManagerProtocolServerSideTranslatorPB.submitRequest(OzoneManagerProtocolServerSideTranslatorPB.java:148) [ozone-manager-1.4.0-SNAPSHOT.jar:?]
	at org.apache.hadoop.ozone.protocol.proto.OzoneManagerProtocolProtos$OzoneManagerService$2.callBlockingMethod(OzoneManagerProtocolProtos.java) [ozone-interface-client-1.4.0-SNAPSHOT.jar:?]
	at org.apache.hadoop.ipc.ProtobufRpcEngine$Server.processCall(ProtobufRpcEngine.java:484) [hadoop-common-3.3.6.jar:?]
	at org.apache.hadoop.ipc.ProtobufRpcEngine2$Server$ProtoBufRpcInvoker.call(ProtobufRpcEngine2.java:595) [hadoop-common-3.3.6.jar:?]
	at org.apache.hadoop.ipc.ProtobufRpcEngine2$Server$ProtoBufRpcInvoker.call(ProtobufRpcEngine2.java:573) [hadoop-common-3.3.6.jar:?]
	at org.apache.hadoop.ipc.RPC$Server.call(RPC.java:1227) [hadoop-common-3.3.6.jar:?]
	at org.apache.hadoop.ipc.Server$RpcCall.run(Server.java:1094) [hadoop-common-3.3.6.jar:?]
	at org.apache.hadoop.ipc.Server$RpcCall.run(Server.java:1017) [hadoop-common-3.3.6.jar:?]
	at java.security.AccessController.doPrivileged(Native Method) ~[?:1.8.0_382]
	at javax.security.auth.Subject.doAs(Subject.java:422) [?:1.8.0_382]
	at org.apache.hadoop.security.UserGroupInformation.doAs(UserGroupInformation.java:1899) [hadoop-common-3.3.6.jar:?]
	at org.apache.hadoop.ipc.Server$Handler.run(Server.java:3048) [hadoop-common-3.3.6.jar:?]
18:54:24.758 [IPC Server handler 1 on default port 15057] ERROR OMAudit - user=runner | ip=127.0.0.1 | op=GET_FILE_STATUS {volume=volume92422, bucket=bucket94858, key=gdir1/dir1/child, dataSize=0, replicationConfig=null} | ret=FAILURE
org.apache.hadoop.ozone.om.exceptions.OMException: Unable to get file status: volume: volume92422 bucket: bucket94858 key: gdir1/dir1/child
	at org.apache.hadoop.ozone.om.KeyManagerImpl.getOzoneFileStatus(KeyManagerImpl.java:1195) ~[ozone-manager-1.4.0-SNAPSHOT.jar:?]
	at org.apache.hadoop.ozone.om.KeyManagerImpl.getFileStatus(KeyManagerImpl.java:1113) ~[ozone-manager-1.4.0-SNAPSHOT.jar:?]
	at org.apache.hadoop.ozone.om.OmMetadataReader.getFileStatus(OmMetadataReader.java:262) ~[ozone-manager-1.4.0-SNAPSHOT.jar:?]
	at org.apache.hadoop.ozone.om.OzoneManager.getFileStatus(OzoneManager.java:3530) ~[ozone-manager-1.4.0-SNAPSHOT.jar:?]
	at org.apache.hadoop.ozone.protocolPB.OzoneManagerRequestHandler.getOzoneFileStatus(OzoneManagerRequestHandler.java:973) ~[ozone-manager-1.4.0-SNAPSHOT.jar:?]
	at org.apache.hadoop.ozone.protocolPB.OzoneManagerRequestHandler.handleReadRequest(OzoneManagerRequestHandler.java:252) ~[ozone-manager-1.4.0-SNAPSHOT.jar:?]
	at org.apache.hadoop.ozone.protocolPB.OzoneManagerProtocolServerSideTranslatorPB.submitRequestDirectlyToOM(OzoneManagerProtocolServerSideTranslatorPB.java:274) ~[ozone-manager-1.4.0-SNAPSHOT.jar:?]
	at org.apache.hadoop.ozone.protocolPB.OzoneManagerProtocolServerSideTranslatorPB.processRequest(OzoneManagerProtocolServerSideTranslatorPB.java:175) ~[ozone-manager-1.4.0-SNAPSHOT.jar:?]
	at org.apache.hadoop.hdds.server.OzoneProtocolMessageDispatcher.processRequest(OzoneProtocolMessageDispatcher.java:87) [hdds-server-framework-1.4.0-SNAPSHOT.jar:?]
	at org.apache.hadoop.ozone.protocolPB.OzoneManagerProtocolServerSideTranslatorPB.submitRequest(OzoneManagerProtocolServerSideTranslatorPB.java:148) [ozone-manager-1.4.0-SNAPSHOT.jar:?]
	at org.apache.hadoop.ozone.protocol.proto.OzoneManagerProtocolProtos$OzoneManagerService$2.callBlockingMethod(OzoneManagerProtocolProtos.java) [ozone-interface-client-1.4.0-SNAPSHOT.jar:?]
	at org.apache.hadoop.ipc.ProtobufRpcEngine$Server.processCall(ProtobufRpcEngine.java:484) [hadoop-common-3.3.6.jar:?]
	at org.apache.hadoop.ipc.ProtobufRpcEngine2$Server$ProtoBufRpcInvoker.call(ProtobufRpcEngine2.java:595) [hadoop-common-3.3.6.jar:?]
	at org.apache.hadoop.ipc.ProtobufRpcEngine2$Server$ProtoBufRpcInvoker.call(ProtobufRpcEngine2.java:573) [hadoop-common-3.3.6.jar:?]
	at org.apache.hadoop.ipc.RPC$Server.call(RPC.java:1227) [hadoop-common-3.3.6.jar:?]
	at org.apache.hadoop.ipc.Server$RpcCall.run(Server.java:1094) [hadoop-common-3.3.6.jar:?]
	at org.apache.hadoop.ipc.Server$RpcCall.run(Server.java:1017) [hadoop-common-3.3.6.jar:?]
	at java.security.AccessController.doPrivileged(Native Method) ~[?:1.8.0_382]
	at javax.security.auth.Subject.doAs(Subject.java:422) [?:1.8.0_382]
	at org.apache.hadoop.security.UserGroupInformation.doAs(UserGroupInformation.java:1899) [hadoop-common-3.3.6.jar:?]
	at org.apache.hadoop.ipc.Server$Handler.run(Server.java:3048) [hadoop-common-3.3.6.jar:?]
18:54:24.759 [IPC Server handler 6 on default port 15057] ERROR OMAudit - user=runner | ip=127.0.0.1 | op=GET_FILE_STATUS {volume=volume92422, bucket=bucket94858, key=gdir1/dir2, dataSize=0, replicationConfig=null} | ret=FAILURE
org.apache.hadoop.ozone.om.exceptions.OMException: Unable to get file status: volume: volume92422 bucket: bucket94858 key: gdir1/dir2
	at org.apache.hadoop.ozone.om.KeyManagerImpl.getOzoneFileStatus(KeyManagerImpl.java:1195) ~[ozone-manager-1.4.0-SNAPSHOT.jar:?]
	at org.apache.hadoop.ozone.om.KeyManagerImpl.getFileStatus(KeyManagerImpl.java:1113) ~[ozone-manager-1.4.0-SNAPSHOT.jar:?]
	at org.apache.hadoop.ozone.om.OmMetadataReader.getFileStatus(OmMetadataReader.java:262) ~[ozone-manager-1.4.0-SNAPSHOT.jar:?]
	at org.apache.hadoop.ozone.om.OzoneManager.getFileStatus(OzoneManager.java:3530) ~[ozone-manager-1.4.0-SNAPSHOT.jar:?]
	at org.apache.hadoop.ozone.protocolPB.OzoneManagerRequestHandler.getOzoneFileStatus(OzoneManagerRequestHandler.java:973) ~[ozone-manager-1.4.0-SNAPSHOT.jar:?]
	at org.apache.hadoop.ozone.protocolPB.OzoneManagerRequestHandler.handleReadRequest(OzoneManagerRequestHandler.java:252) ~[ozone-manager-1.4.0-SNAPSHOT.jar:?]
	at org.apache.hadoop.ozone.protocolPB.OzoneManagerProtocolServerSideTranslatorPB.submitRequestDirectlyToOM(OzoneManagerProtocolServerSideTranslatorPB.java:274) ~[ozone-manager-1.4.0-SNAPSHOT.jar:?]
	at org.apache.hadoop.ozone.protocolPB.OzoneManagerProtocolServerSideTranslatorPB.processRequest(OzoneManagerProtocolServerSideTranslatorPB.java:175) ~[ozone-manager-1.4.0-SNAPSHOT.jar:?]
	at org.apache.hadoop.hdds.server.OzoneProtocolMessageDispatcher.processRequest(OzoneProtocolMessageDispatcher.java:87) [hdds-server-framework-1.4.0-SNAPSHOT.jar:?]
	at org.apache.hadoop.ozone.protocolPB.OzoneManagerProtocolServerSideTranslatorPB.submitRequest(OzoneManagerProtocolServerSideTranslatorPB.java:148) [ozone-manager-1.4.0-SNAPSHOT.jar:?]
	at org.apache.hadoop.ozone.protocol.proto.OzoneManagerProtocolProtos$OzoneManagerService$2.callBlockingMethod(OzoneManagerProtocolProtos.java) [ozone-interface-client-1.4.0-SNAPSHOT.jar:?]
	at org.apache.hadoop.ipc.ProtobufRpcEngine$Server.processCall(ProtobufRpcEngine.java:484) [hadoop-common-3.3.6.jar:?]
	at org.apache.hadoop.ipc.ProtobufRpcEngine2$Server$ProtoBufRpcInvoker.call(ProtobufRpcEngine2.java:595) [hadoop-common-3.3.6.jar:?]
	at org.apache.hadoop.ipc.ProtobufRpcEngine2$Server$ProtoBufRpcInvoker.call(ProtobufRpcEngine2.java:573) [hadoop-common-3.3.6.jar:?]
	at org.apache.hadoop.ipc.RPC$Server.call(RPC.java:1227) [hadoop-common-3.3.6.jar:?]
	at org.apache.hadoop.ipc.Server$RpcCall.run(Server.java:1094) [hadoop-common-3.3.6.jar:?]
	at org.apache.hadoop.ipc.Server$RpcCall.run(Server.java:1017) [hadoop-common-3.3.6.jar:?]
	at java.security.AccessController.doPrivileged(Native Method) ~[?:1.8.0_382]
	at javax.security.auth.Subject.doAs(Subject.java:422) [?:1.8.0_382]
	at org.apache.hadoop.security.UserGroupInformation.doAs(UserGroupInformation.java:1899) [hadoop-common-3.3.6.jar:?]
	at org.apache.hadoop.ipc.Server$Handler.run(Server.java:3048) [hadoop-common-3.3.6.jar:?]
18:54:24.760 [IPC Server handler 5 on default port 15057] ERROR OMAudit - user=runner | ip=127.0.0.1 | op=GET_FILE_STATUS {volume=volume92422, bucket=bucket94858, key=gdir1/dir2/child, dataSize=0, replicationConfig=null} | ret=FAILURE
org.apache.hadoop.ozone.om.exceptions.OMException: Unable to get file status: volume: volume92422 bucket: bucket94858 key: gdir1/dir2/child
	at org.apache.hadoop.ozone.om.KeyManagerImpl.getOzoneFileStatus(KeyManagerImpl.java:1195) ~[ozone-manager-1.4.0-SNAPSHOT.jar:?]
	at org.apache.hadoop.ozone.om.KeyManagerImpl.getFileStatus(KeyManagerImpl.java:1113) ~[ozone-manager-1.4.0-SNAPSHOT.jar:?]
	at org.apache.hadoop.ozone.om.OmMetadataReader.getFileStatus(OmMetadataReader.java:262) ~[ozone-manager-1.4.0-SNAPSHOT.jar:?]
	at org.apache.hadoop.ozone.om.OzoneManager.getFileStatus(OzoneManager.java:3530) ~[ozone-manager-1.4.0-SNAPSHOT.jar:?]
	at org.apache.hadoop.ozone.protocolPB.OzoneManagerRequestHandler.getOzoneFileStatus(OzoneManagerRequestHandler.java:973) ~[ozone-manager-1.4.0-SNAPSHOT.jar:?]
	at org.apache.hadoop.ozone.protocolPB.OzoneManagerRequestHandler.handleReadRequest(OzoneManagerRequestHandler.java:252) ~[ozone-manager-1.4.0-SNAPSHOT.jar:?]
	at org.apache.hadoop.ozone.protocolPB.OzoneManagerProtocolServerSideTranslatorPB.submitRequestDirectlyToOM(OzoneManagerProtocolServerSideTranslatorPB.java:274) ~[ozone-manager-1.4.0-SNAPSHOT.jar:?]
	at org.apache.hadoop.ozone.protocolPB.OzoneManagerProtocolServerSideTranslatorPB.processRequest(OzoneManagerProtocolServerSideTranslatorPB.java:175) ~[ozone-manager-1.4.0-SNAPSHOT.jar:?]
	at org.apache.hadoop.hdds.server.OzoneProtocolMessageDispatcher.processRequest(OzoneProtocolMessageDispatcher.java:87) [hdds-server-framework-1.4.0-SNAPSHOT.jar:?]
	at org.apache.hadoop.ozone.protocolPB.OzoneManagerProtocolServerSideTranslatorPB.submitRequest(OzoneManagerProtocolServerSideTranslatorPB.java:148) [ozone-manager-1.4.0-SNAPSHOT.jar:?]
	at org.apache.hadoop.ozone.protocol.proto.OzoneManagerProtocolProtos$OzoneManagerService$2.callBlockingMethod(OzoneManagerProtocolProtos.java) [ozone-interface-client-1.4.0-SNAPSHOT.jar:?]
	at org.apache.hadoop.ipc.ProtobufRpcEngine$Server.processCall(ProtobufRpcEngine.java:484) [hadoop-common-3.3.6.jar:?]
	at org.apache.hadoop.ipc.ProtobufRpcEngine2$Server$ProtoBufRpcInvoker.call(ProtobufRpcEngine2.java:595) [hadoop-common-3.3.6.jar:?]
	at org.apache.hadoop.ipc.ProtobufRpcEngine2$Server$ProtoBufRpcInvoker.call(ProtobufRpcEngine2.java:573) [hadoop-common-3.3.6.jar:?]
	at org.apache.hadoop.ipc.RPC$Server.call(RPC.java:1227) [hadoop-common-3.3.6.jar:?]
	at org.apache.hadoop.ipc.Server$RpcCall.run(Server.java:1094) [hadoop-common-3.3.6.jar:?]
	at org.apache.hadoop.ipc.Server$RpcCall.run(Server.java:1017) [hadoop-common-3.3.6.jar:?]
	at java.security.AccessController.doPrivileged(Native Method) ~[?:1.8.0_382]
	at javax.security.auth.Subject.doAs(Subject.java:422) [?:1.8.0_382]
	at org.apache.hadoop.security.UserGroupInformation.doAs(UserGroupInformation.java:1899) [hadoop-common-3.3.6.jar:?]
	at org.apache.hadoop.ipc.Server$Handler.run(Server.java:3048) [hadoop-common-3.3.6.jar:?]
18:54:24.761 [IPC Server handler 0 on default port 15057] ERROR OMAudit - user=runner | ip=127.0.0.1 | op=GET_FILE_STATUS {volume=volume92422, bucket=bucket94858, key=gdir1/dir3, dataSize=0, replicationConfig=null} | ret=FAILURE
org.apache.hadoop.ozone.om.exceptions.OMException: Unable to get file status: volume: volume92422 bucket: bucket94858 key: gdir1/dir3
	at org.apache.hadoop.ozone.om.KeyManagerImpl.getOzoneFileStatus(KeyManagerImpl.java:1195) ~[ozone-manager-1.4.0-SNAPSHOT.jar:?]
	at org.apache.hadoop.ozone.om.KeyManagerImpl.getFileStatus(KeyManagerImpl.java:1113) ~[ozone-manager-1.4.0-SNAPSHOT.jar:?]
	at org.apache.hadoop.ozone.om.OmMetadataReader.getFileStatus(OmMetadataReader.java:262) ~[ozone-manager-1.4.0-SNAPSHOT.jar:?]
	at org.apache.hadoop.ozone.om.OzoneManager.getFileStatus(OzoneManager.java:3530) ~[ozone-manager-1.4.0-SNAPSHOT.jar:?]
	at org.apache.hadoop.ozone.protocolPB.OzoneManagerRequestHandler.getOzoneFileStatus(OzoneManagerRequestHandler.java:973) ~[ozone-manager-1.4.0-SNAPSHOT.jar:?]
	at org.apache.hadoop.ozone.protocolPB.OzoneManagerRequestHandler.handleReadRequest(OzoneManagerRequestHandler.java:252) ~[ozone-manager-1.4.0-SNAPSHOT.jar:?]
	at org.apache.hadoop.ozone.protocolPB.OzoneManagerProtocolServerSideTranslatorPB.submitRequestDirectlyToOM(OzoneManagerProtocolServerSideTranslatorPB.java:274) ~[ozone-manager-1.4.0-SNAPSHOT.jar:?]
	at org.apache.hadoop.ozone.protocolPB.OzoneManagerProtocolServerSideTranslatorPB.processRequest(OzoneManagerProtocolServerSideTranslatorPB.java:175) ~[ozone-manager-1.4.0-SNAPSHOT.jar:?]
	at org.apache.hadoop.hdds.server.OzoneProtocolMessageDispatcher.processRequest(OzoneProtocolMessageDispatcher.java:87) [hdds-server-framework-1.4.0-SNAPSHOT.jar:?]
	at org.apache.hadoop.ozone.protocolPB.OzoneManagerProtocolServerSideTranslatorPB.submitRequest(OzoneManagerProtocolServerSideTranslatorPB.java:148) [ozone-manager-1.4.0-SNAPSHOT.jar:?]
	at org.apache.hadoop.ozone.protocol.proto.OzoneManagerProtocolProtos$OzoneManagerService$2.callBlockingMethod(OzoneManagerProtocolProtos.java) [ozone-interface-client-1.4.0-SNAPSHOT.jar:?]
	at org.apache.hadoop.ipc.ProtobufRpcEngine$Server.processCall(ProtobufRpcEngine.java:484) [hadoop-common-3.3.6.jar:?]
	at org.apache.hadoop.ipc.ProtobufRpcEngine2$Server$ProtoBufRpcInvoker.call(ProtobufRpcEngine2.java:595) [hadoop-common-3.3.6.jar:?]
	at org.apache.hadoop.ipc.ProtobufRpcEngine2$Server$ProtoBufRpcInvoker.call(ProtobufRpcEngine2.java:573) [hadoop-common-3.3.6.jar:?]
	at org.apache.hadoop.ipc.RPC$Server.call(RPC.java:1227) [hadoop-common-3.3.6.jar:?]
	at org.apache.hadoop.ipc.Server$RpcCall.run(Server.java:1094) [hadoop-common-3.3.6.jar:?]
	at org.apache.hadoop.ipc.Server$RpcCall.run(Server.java:1017) [hadoop-common-3.3.6.jar:?]
	at java.security.AccessController.doPrivileged(Native Method) ~[?:1.8.0_382]
	at javax.security.auth.Subject.doAs(Subject.java:422) [?:1.8.0_382]
	at org.apache.hadoop.security.UserGroupInformation.doAs(UserGroupInformation.java:1899) [hadoop-common-3.3.6.jar:?]
	at org.apache.hadoop.ipc.Server$Handler.run(Server.java:3048) [hadoop-common-3.3.6.jar:?]
18:54:24.762 [IPC Server handler 11 on default port 15057] ERROR OMAudit - user=runner | ip=127.0.0.1 | op=GET_FILE_STATUS {volume=volume92422, bucket=bucket94858, key=gdir1/dir3/child, dataSize=0, replicationConfig=null} | ret=FAILURE
org.apache.hadoop.ozone.om.exceptions.OMException: Unable to get file status: volume: volume92422 bucket: bucket94858 key: gdir1/dir3/child
	at org.apache.hadoop.ozone.om.KeyManagerImpl.getOzoneFileStatus(KeyManagerImpl.java:1195) ~[ozone-manager-1.4.0-SNAPSHOT.jar:?]
	at org.apache.hadoop.ozone.om.KeyManagerImpl.getFileStatus(KeyManagerImpl.java:1113) ~[ozone-manager-1.4.0-SNAPSHOT.jar:?]
	at org.apache.hadoop.ozone.om.OmMetadataReader.getFileStatus(OmMetadataReader.java:262) ~[ozone-manager-1.4.0-SNAPSHOT.jar:?]
	at org.apache.hadoop.ozone.om.OzoneManager.getFileStatus(OzoneManager.java:3530) ~[ozone-manager-1.4.0-SNAPSHOT.jar:?]
	at org.apache.hadoop.ozone.protocolPB.OzoneManagerRequestHandler.getOzoneFileStatus(OzoneManagerRequestHandler.java:973) ~[ozone-manager-1.4.0-SNAPSHOT.jar:?]
	at org.apache.hadoop.ozone.protocolPB.OzoneManagerRequestHandler.handleReadRequest(OzoneManagerRequestHandler.java:252) ~[ozone-manager-1.4.0-SNAPSHOT.jar:?]
	at org.apache.hadoop.ozone.protocolPB.OzoneManagerProtocolServerSideTranslatorPB.submitRequestDirectlyToOM(OzoneManagerProtocolServerSideTranslatorPB.java:274) ~[ozone-manager-1.4.0-SNAPSHOT.jar:?]
	at org.apache.hadoop.ozone.protocolPB.OzoneManagerProtocolServerSideTranslatorPB.processRequest(OzoneManagerProtocolServerSideTranslatorPB.java:175) ~[ozone-manager-1.4.0-SNAPSHOT.jar:?]
	at org.apache.hadoop.hdds.server.OzoneProtocolMessageDispatcher.processRequest(OzoneProtocolMessageDispatcher.java:87) [hdds-server-framework-1.4.0-SNAPSHOT.jar:?]
	at org.apache.hadoop.ozone.protocolPB.OzoneManagerProtocolServerSideTranslatorPB.submitRequest(OzoneManagerProtocolServerSideTranslatorPB.java:148) [ozone-manager-1.4.0-SNAPSHOT.jar:?]
	at org.apache.hadoop.ozone.protocol.proto.OzoneManagerProtocolProtos$OzoneManagerService$2.callBlockingMethod(OzoneManagerProtocolProtos.java) [ozone-interface-client-1.4.0-SNAPSHOT.jar:?]
	at org.apache.hadoop.ipc.ProtobufRpcEngine$Server.processCall(ProtobufRpcEngine.java:484) [hadoop-common-3.3.6.jar:?]
	at org.apache.hadoop.ipc.ProtobufRpcEngine2$Server$ProtoBufRpcInvoker.call(ProtobufRpcEngine2.java:595) [hadoop-common-3.3.6.jar:?]
	at org.apache.hadoop.ipc.ProtobufRpcEngine2$Server$ProtoBufRpcInvoker.call(ProtobufRpcEngine2.java:573) [hadoop-common-3.3.6.jar:?]
	at org.apache.hadoop.ipc.RPC$Server.call(RPC.java:1227) [hadoop-common-3.3.6.jar:?]
	at org.apache.hadoop.ipc.Server$RpcCall.run(Server.java:1094) [hadoop-common-3.3.6.jar:?]
	at org.apache.hadoop.ipc.Server$RpcCall.run(Server.java:1017) [hadoop-common-3.3.6.jar:?]
	at java.security.AccessController.doPrivileged(Native Method) ~[?:1.8.0_382]
	at javax.security.auth.Subject.doAs(Subject.java:422) [?:1.8.0_382]
	at org.apache.hadoop.security.UserGroupInformation.doAs(UserGroupInformation.java:1899) [hadoop-common-3.3.6.jar:?]
	at org.apache.hadoop.ipc.Server$Handler.run(Server.java:3048) [hadoop-common-3.3.6.jar:?]
18:54:24.763 [IPC Server handler 8 on default port 15057] ERROR OMAudit - user=runner | ip=127.0.0.1 | op=GET_FILE_STATUS {volume=volume92422, bucket=bucket94858, key=gdir1/dir4, dataSize=0, replicationConfig=null} | ret=FAILURE
org.apache.hadoop.ozone.om.exceptions.OMException: Unable to get file status: volume: volume92422 bucket: bucket94858 key: gdir1/dir4
	at org.apache.hadoop.ozone.om.KeyManagerImpl.getOzoneFileStatus(KeyManagerImpl.java:1195) ~[ozone-manager-1.4.0-SNAPSHOT.jar:?]
	at org.apache.hadoop.ozone.om.KeyManagerImpl.getFileStatus(KeyManagerImpl.java:1113) ~[ozone-manager-1.4.0-SNAPSHOT.jar:?]
	at org.apache.hadoop.ozone.om.OmMetadataReader.getFileStatus(OmMetadataReader.java:262) ~[ozone-manager-1.4.0-SNAPSHOT.jar:?]
	at org.apache.hadoop.ozone.om.OzoneManager.getFileStatus(OzoneManager.java:3530) ~[ozone-manager-1.4.0-SNAPSHOT.jar:?]
	at org.apache.hadoop.ozone.protocolPB.OzoneManagerRequestHandler.getOzoneFileStatus(OzoneManagerRequestHandler.java:973) ~[ozone-manager-1.4.0-SNAPSHOT.jar:?]
	at org.apache.hadoop.ozone.protocolPB.OzoneManagerRequestHandler.handleReadRequest(OzoneManagerRequestHandler.java:252) ~[ozone-manager-1.4.0-SNAPSHOT.jar:?]
	at org.apache.hadoop.ozone.protocolPB.OzoneManagerProtocolServerSideTranslatorPB.submitRequestDirectlyToOM(OzoneManagerProtocolServerSideTranslatorPB.java:274) ~[ozone-manager-1.4.0-SNAPSHOT.jar:?]
	at org.apache.hadoop.ozone.protocolPB.OzoneManagerProtocolServerSideTranslatorPB.processRequest(OzoneManagerProtocolServerSideTranslatorPB.java:175) ~[ozone-manager-1.4.0-SNAPSHOT.jar:?]
	at org.apache.hadoop.hdds.server.OzoneProtocolMessageDispatcher.processRequest(OzoneProtocolMessageDispatcher.java:87) [hdds-server-framework-1.4.0-SNAPSHOT.jar:?]
	at org.apache.hadoop.ozone.protocolPB.OzoneManagerProtocolServerSideTranslatorPB.submitRequest(OzoneManagerProtocolServerSideTranslatorPB.java:148) [ozone-manager-1.4.0-SNAPSHOT.jar:?]
	at org.apache.hadoop.ozone.protocol.proto.OzoneManagerProtocolProtos$OzoneManagerService$2.callBlockingMethod(OzoneManagerProtocolProtos.java) [ozone-interface-client-1.4.0-SNAPSHOT.jar:?]
	at org.apache.hadoop.ipc.ProtobufRpcEngine$Server.processCall(ProtobufRpcEngine.java:484) [hadoop-common-3.3.6.jar:?]
	at org.apache.hadoop.ipc.ProtobufRpcEngine2$Server$ProtoBufRpcInvoker.call(ProtobufRpcEngine2.java:595) [hadoop-common-3.3.6.jar:?]
	at org.apache.hadoop.ipc.ProtobufRpcEngine2$Server$ProtoBufRpcInvoker.call(ProtobufRpcEngine2.java:573) [hadoop-common-3.3.6.jar:?]
	at org.apache.hadoop.ipc.RPC$Server.call(RPC.java:1227) [hadoop-common-3.3.6.jar:?]
	at org.apache.hadoop.ipc.Server$RpcCall.run(Server.java:1094) [hadoop-common-3.3.6.jar:?]
	at org.apache.hadoop.ipc.Server$RpcCall.run(Server.java:1017) [hadoop-common-3.3.6.jar:?]
	at java.security.AccessController.doPrivileged(Native Method) ~[?:1.8.0_382]
	at javax.security.auth.Subject.doAs(Subject.java:422) [?:1.8.0_382]
	at org.apache.hadoop.security.UserGroupInformation.doAs(UserGroupInformation.java:1899) [hadoop-common-3.3.6.jar:?]
	at org.apache.hadoop.ipc.Server$Handler.run(Server.java:3048) [hadoop-common-3.3.6.jar:?]
18:54:24.764 [IPC Server handler 15 on default port 15057] ERROR OMAudit - user=runner | ip=127.0.0.1 | op=GET_FILE_STATUS {volume=volume92422, bucket=bucket94858, key=gdir1/dir4/child, dataSize=0, replicationConfig=null} | ret=FAILURE
org.apache.hadoop.ozone.om.exceptions.OMException: Unable to get file status: volume: volume92422 bucket: bucket94858 key: gdir1/dir4/child
	at org.apache.hadoop.ozone.om.KeyManagerImpl.getOzoneFileStatus(KeyManagerImpl.java:1195) ~[ozone-manager-1.4.0-SNAPSHOT.jar:?]
	at org.apache.hadoop.ozone.om.KeyManagerImpl.getFileStatus(KeyManagerImpl.java:1113) ~[ozone-manager-1.4.0-SNAPSHOT.jar:?]
	at org.apache.hadoop.ozone.om.OmMetadataReader.getFileStatus(OmMetadataReader.java:262) ~[ozone-manager-1.4.0-SNAPSHOT.jar:?]
	at org.apache.hadoop.ozone.om.OzoneManager.getFileStatus(OzoneManager.java:3530) ~[ozone-manager-1.4.0-SNAPSHOT.jar:?]
	at org.apache.hadoop.ozone.protocolPB.OzoneManagerRequestHandler.getOzoneFileStatus(OzoneManagerRequestHandler.java:973) ~[ozone-manager-1.4.0-SNAPSHOT.jar:?]
	at org.apache.hadoop.ozone.protocolPB.OzoneManagerRequestHandler.handleReadRequest(OzoneManagerRequestHandler.java:252) ~[ozone-manager-1.4.0-SNAPSHOT.jar:?]
	at org.apache.hadoop.ozone.protocolPB.OzoneManagerProtocolServerSideTranslatorPB.submitRequestDirectlyToOM(OzoneManagerProtocolServerSideTranslatorPB.java:274) ~[ozone-manager-1.4.0-SNAPSHOT.jar:?]
	at org.apache.hadoop.ozone.protocolPB.OzoneManagerProtocolServerSideTranslatorPB.processRequest(OzoneManagerProtocolServerSideTranslatorPB.java:175) ~[ozone-manager-1.4.0-SNAPSHOT.jar:?]
	at org.apache.hadoop.hdds.server.OzoneProtocolMessageDispatcher.processRequest(OzoneProtocolMessageDispatcher.java:87) [hdds-server-framework-1.4.0-SNAPSHOT.jar:?]
	at org.apache.hadoop.ozone.protocolPB.OzoneManagerProtocolServerSideTranslatorPB.submitRequest(OzoneManagerProtocolServerSideTranslatorPB.java:148) [ozone-manager-1.4.0-SNAPSHOT.jar:?]
	at org.apache.hadoop.ozone.protocol.proto.OzoneManagerProtocolProtos$OzoneManagerService$2.callBlockingMethod(OzoneManagerProtocolProtos.java) [ozone-interface-client-1.4.0-SNAPSHOT.jar:?]
	at org.apache.hadoop.ipc.ProtobufRpcEngine$Server.processCall(ProtobufRpcEngine.java:484) [hadoop-common-3.3.6.jar:?]
	at org.apache.hadoop.ipc.ProtobufRpcEngine2$Server$ProtoBufRpcInvoker.call(ProtobufRpcEngine2.java:595) [hadoop-common-3.3.6.jar:?]
	at org.apache.hadoop.ipc.ProtobufRpcEngine2$Server$ProtoBufRpcInvoker.call(ProtobufRpcEngine2.java:573) [hadoop-common-3.3.6.jar:?]
	at org.apache.hadoop.ipc.RPC$Server.call(RPC.java:1227) [hadoop-common-3.3.6.jar:?]
	at org.apache.hadoop.ipc.Server$RpcCall.run(Server.java:1094) [hadoop-common-3.3.6.jar:?]
	at org.apache.hadoop.ipc.Server$RpcCall.run(Server.java:1017) [hadoop-common-3.3.6.jar:?]
	at java.security.AccessController.doPrivileged(Native Method) ~[?:1.8.0_382]
	at javax.security.auth.Subject.doAs(Subject.java:422) [?:1.8.0_382]
	at org.apache.hadoop.security.UserGroupInformation.doAs(UserGroupInformation.java:1899) [hadoop-common-3.3.6.jar:?]
	at org.apache.hadoop.ipc.Server$Handler.run(Server.java:3048) [hadoop-common-3.3.6.jar:?]
18:54:24.765 [IPC Server handler 7 on default port 15057] ERROR OMAudit - user=runner | ip=127.0.0.1 | op=GET_FILE_STATUS {volume=volume92422, bucket=bucket94858, key=gdir1/dir5, dataSize=0, replicationConfig=null} | ret=FAILURE
org.apache.hadoop.ozone.om.exceptions.OMException: Unable to get file status: volume: volume92422 bucket: bucket94858 key: gdir1/dir5
	at org.apache.hadoop.ozone.om.KeyManagerImpl.getOzoneFileStatus(KeyManagerImpl.java:1195) ~[ozone-manager-1.4.0-SNAPSHOT.jar:?]
	at org.apache.hadoop.ozone.om.KeyManagerImpl.getFileStatus(KeyManagerImpl.java:1113) ~[ozone-manager-1.4.0-SNAPSHOT.jar:?]
	at org.apache.hadoop.ozone.om.OmMetadataReader.getFileStatus(OmMetadataReader.java:262) ~[ozone-manager-1.4.0-SNAPSHOT.jar:?]
	at org.apache.hadoop.ozone.om.OzoneManager.getFileStatus(OzoneManager.java:3530) ~[ozone-manager-1.4.0-SNAPSHOT.jar:?]
	at org.apache.hadoop.ozone.protocolPB.OzoneManagerRequestHandler.getOzoneFileStatus(OzoneManagerRequestHandler.java:973) ~[ozone-manager-1.4.0-SNAPSHOT.jar:?]
	at org.apache.hadoop.ozone.protocolPB.OzoneManagerRequestHandler.handleReadRequest(OzoneManagerRequestHandler.java:252) ~[ozone-manager-1.4.0-SNAPSHOT.jar:?]
	at org.apache.hadoop.ozone.protocolPB.OzoneManagerProtocolServerSideTranslatorPB.submitRequestDirectlyToOM(OzoneManagerProtocolServerSideTranslatorPB.java:274) ~[ozone-manager-1.4.0-SNAPSHOT.jar:?]
	at org.apache.hadoop.ozone.protocolPB.OzoneManagerProtocolServerSideTranslatorPB.processRequest(OzoneManagerProtocolServerSideTranslatorPB.java:175) ~[ozone-manager-1.4.0-SNAPSHOT.jar:?]
	at org.apache.hadoop.hdds.server.OzoneProtocolMessageDispatcher.processRequest(OzoneProtocolMessageDispatcher.java:87) [hdds-server-framework-1.4.0-SNAPSHOT.jar:?]
	at org.apache.hadoop.ozone.protocolPB.OzoneManagerProtocolServerSideTranslatorPB.submitRequest(OzoneManagerProtocolServerSideTranslatorPB.java:148) [ozone-manager-1.4.0-SNAPSHOT.jar:?]
	at org.apache.hadoop.ozone.protocol.proto.OzoneManagerProtocolProtos$OzoneManagerService$2.callBlockingMethod(OzoneManagerProtocolProtos.java) [ozone-interface-client-1.4.0-SNAPSHOT.jar:?]
	at org.apache.hadoop.ipc.ProtobufRpcEngine$Server.processCall(ProtobufRpcEngine.java:484) [hadoop-common-3.3.6.jar:?]
	at org.apache.hadoop.ipc.ProtobufRpcEngine2$Server$ProtoBufRpcInvoker.call(ProtobufRpcEngine2.java:595) [hadoop-common-3.3.6.jar:?]
	at org.apache.hadoop.ipc.ProtobufRpcEngine2$Server$ProtoBufRpcInvoker.call(ProtobufRpcEngine2.java:573) [hadoop-common-3.3.6.jar:?]
	at org.apache.hadoop.ipc.RPC$Server.call(RPC.java:1227) [hadoop-common-3.3.6.jar:?]
	at org.apache.hadoop.ipc.Server$RpcCall.run(Server.java:1094) [hadoop-common-3.3.6.jar:?]
	at org.apache.hadoop.ipc.Server$RpcCall.run(Server.java:1017) [hadoop-common-3.3.6.jar:?]
	at java.security.AccessController.doPrivileged(Native Method) ~[?:1.8.0_382]
	at javax.security.auth.Subject.doAs(Subject.java:422) [?:1.8.0_382]
	at org.apache.hadoop.security.UserGroupInformation.doAs(UserGroupInformation.java:1899) [hadoop-common-3.3.6.jar:?]
	at org.apache.hadoop.ipc.Server$Handler.run(Server.java:3048) [hadoop-common-3.3.6.jar:?]
18:54:24.766 [IPC Server handler 9 on default port 15057] ERROR OMAudit - user=runner | ip=127.0.0.1 | op=GET_FILE_STATUS {volume=volume92422, bucket=bucket94858, key=gdir1/dir5/child, dataSize=0, replicationConfig=null} | ret=FAILURE
org.apache.hadoop.ozone.om.exceptions.OMException: Unable to get file status: volume: volume92422 bucket: bucket94858 key: gdir1/dir5/child
	at org.apache.hadoop.ozone.om.KeyManagerImpl.getOzoneFileStatus(KeyManagerImpl.java:1195) ~[ozone-manager-1.4.0-SNAPSHOT.jar:?]
	at org.apache.hadoop.ozone.om.KeyManagerImpl.getFileStatus(KeyManagerImpl.java:1113) ~[ozone-manager-1.4.0-SNAPSHOT.jar:?]
	at org.apache.hadoop.ozone.om.OmMetadataReader.getFileStatus(OmMetadataReader.java:262) ~[ozone-manager-1.4.0-SNAPSHOT.jar:?]
	at org.apache.hadoop.ozone.om.OzoneManager.getFileStatus(OzoneManager.java:3530) ~[ozone-manager-1.4.0-SNAPSHOT.jar:?]
	at org.apache.hadoop.ozone.protocolPB.OzoneManagerRequestHandler.getOzoneFileStatus(OzoneManagerRequestHandler.java:973) ~[ozone-manager-1.4.0-SNAPSHOT.jar:?]
	at org.apache.hadoop.ozone.protocolPB.OzoneManagerRequestHandler.handleReadRequest(OzoneManagerRequestHandler.java:252) ~[ozone-manager-1.4.0-SNAPSHOT.jar:?]
	at org.apache.hadoop.ozone.protocolPB.OzoneManagerProtocolServerSideTranslatorPB.submitRequestDirectlyToOM(OzoneManagerProtocolServerSideTranslatorPB.java:274) ~[ozone-manager-1.4.0-SNAPSHOT.jar:?]
	at org.apache.hadoop.ozone.protocolPB.OzoneManagerProtocolServerSideTranslatorPB.processRequest(OzoneManagerProtocolServerSideTranslatorPB.java:175) ~[ozone-manager-1.4.0-SNAPSHOT.jar:?]
	at org.apache.hadoop.hdds.server.OzoneProtocolMessageDispatcher.processRequest(OzoneProtocolMessageDispatcher.java:87) [hdds-server-framework-1.4.0-SNAPSHOT.jar:?]
	at org.apache.hadoop.ozone.protocolPB.OzoneManagerProtocolServerSideTranslatorPB.submitRequest(OzoneManagerProtocolServerSideTranslatorPB.java:148) [ozone-manager-1.4.0-SNAPSHOT.jar:?]
	at org.apache.hadoop.ozone.protocol.proto.OzoneManagerProtocolProtos$OzoneManagerService$2.callBlockingMethod(OzoneManagerProtocolProtos.java) [ozone-interface-client-1.4.0-SNAPSHOT.jar:?]
	at org.apache.hadoop.ipc.ProtobufRpcEngine$Server.processCall(ProtobufRpcEngine.java:484) [hadoop-common-3.3.6.jar:?]
	at org.apache.hadoop.ipc.ProtobufRpcEngine2$Server$ProtoBufRpcInvoker.call(ProtobufRpcEngine2.java:595) [hadoop-common-3.3.6.jar:?]
	at org.apache.hadoop.ipc.ProtobufRpcEngine2$Server$ProtoBufRpcInvoker.call(ProtobufRpcEngine2.java:573) [hadoop-common-3.3.6.jar:?]
	at org.apache.hadoop.ipc.RPC$Server.call(RPC.java:1227) [hadoop-common-3.3.6.jar:?]
	at org.apache.hadoop.ipc.Server$RpcCall.run(Server.java:1094) [hadoop-common-3.3.6.jar:?]
	at org.apache.hadoop.ipc.Server$RpcCall.run(Server.java:1017) [hadoop-common-3.3.6.jar:?]
	at java.security.AccessController.doPrivileged(Native Method) ~[?:1.8.0_382]
	at javax.security.auth.Subject.doAs(Subject.java:422) [?:1.8.0_382]
	at org.apache.hadoop.security.UserGroupInformation.doAs(UserGroupInformation.java:1899) [hadoop-common-3.3.6.jar:?]
	at org.apache.hadoop.ipc.Server$Handler.run(Server.java:3048) [hadoop-common-3.3.6.jar:?]
18:54:24.767 [IPC Server handler 10 on default port 15057] ERROR OMAudit - user=runner | ip=127.0.0.1 | op=GET_FILE_STATUS {volume=volume92422, bucket=bucket94858, key=gdir1/dir6, dataSize=0, replicationConfig=null} | ret=FAILURE
org.apache.hadoop.ozone.om.exceptions.OMException: Unable to get file status: volume: volume92422 bucket: bucket94858 key: gdir1/dir6
	at org.apache.hadoop.ozone.om.KeyManagerImpl.getOzoneFileStatus(KeyManagerImpl.java:1195) ~[ozone-manager-1.4.0-SNAPSHOT.jar:?]
	at org.apache.hadoop.ozone.om.KeyManagerImpl.getFileStatus(KeyManagerImpl.java:1113) ~[ozone-manager-1.4.0-SNAPSHOT.jar:?]
	at org.apache.hadoop.ozone.om.OmMetadataReader.getFileStatus(OmMetadataReader.java:262) ~[ozone-manager-1.4.0-SNAPSHOT.jar:?]
	at org.apache.hadoop.ozone.om.OzoneManager.getFileStatus(OzoneManager.java:3530) ~[ozone-manager-1.4.0-SNAPSHOT.jar:?]
	at org.apache.hadoop.ozone.protocolPB.OzoneManagerRequestHandler.getOzoneFileStatus(OzoneManagerRequestHandler.java:973) ~[ozone-manager-1.4.0-SNAPSHOT.jar:?]
	at org.apache.hadoop.ozone.protocolPB.OzoneManagerRequestHandler.handleReadRequest(OzoneManagerRequestHandler.java:252) ~[ozone-manager-1.4.0-SNAPSHOT.jar:?]
	at org.apache.hadoop.ozone.protocolPB.OzoneManagerProtocolServerSideTranslatorPB.submitRequestDirectlyToOM(OzoneManagerProtocolServerSideTranslatorPB.java:274) ~[ozone-manager-1.4.0-SNAPSHOT.jar:?]
	at org.apache.hadoop.ozone.protocolPB.OzoneManagerProtocolServerSideTranslatorPB.processRequest(OzoneManagerProtocolServerSideTranslatorPB.java:175) ~[ozone-manager-1.4.0-SNAPSHOT.jar:?]
	at org.apache.hadoop.hdds.server.OzoneProtocolMessageDispatcher.processRequest(OzoneProtocolMessageDispatcher.java:87) [hdds-server-framework-1.4.0-SNAPSHOT.jar:?]
	at org.apache.hadoop.ozone.protocolPB.OzoneManagerProtocolServerSideTranslatorPB.submitRequest(OzoneManagerProtocolServerSideTranslatorPB.java:148) [ozone-manager-1.4.0-SNAPSHOT.jar:?]
	at org.apache.hadoop.ozone.protocol.proto.OzoneManagerProtocolProtos$OzoneManagerService$2.callBlockingMethod(OzoneManagerProtocolProtos.java) [ozone-interface-client-1.4.0-SNAPSHOT.jar:?]
	at org.apache.hadoop.ipc.ProtobufRpcEngine$Server.processCall(ProtobufRpcEngine.java:484) [hadoop-common-3.3.6.jar:?]
	at org.apache.hadoop.ipc.ProtobufRpcEngine2$Server$ProtoBufRpcInvoker.call(ProtobufRpcEngine2.java:595) [hadoop-common-3.3.6.jar:?]
	at org.apache.hadoop.ipc.ProtobufRpcEngine2$Server$ProtoBufRpcInvoker.call(ProtobufRpcEngine2.java:573) [hadoop-common-3.3.6.jar:?]
	at org.apache.hadoop.ipc.RPC$Server.call(RPC.java:1227) [hadoop-common-3.3.6.jar:?]
	at org.apache.hadoop.ipc.Server$RpcCall.run(Server.java:1094) [hadoop-common-3.3.6.jar:?]
	at org.apache.hadoop.ipc.Server$RpcCall.run(Server.java:1017) [hadoop-common-3.3.6.jar:?]
	at java.security.AccessController.doPrivileged(Native Method) ~[?:1.8.0_382]
	at javax.security.auth.Subject.doAs(Subject.java:422) [?:1.8.0_382]
	at org.apache.hadoop.security.UserGroupInformation.doAs(UserGroupInformation.java:1899) [hadoop-common-3.3.6.jar:?]
	at org.apache.hadoop.ipc.Server$Handler.run(Server.java:3048) [hadoop-common-3.3.6.jar:?]
18:54:24.768 [IPC Server handler 12 on default port 15057] ERROR OMAudit - user=runner | ip=127.0.0.1 | op=GET_FILE_STATUS {volume=volume92422, bucket=bucket94858, key=gdir1/dir6/child, dataSize=0, replicationConfig=null} | ret=FAILURE
org.apache.hadoop.ozone.om.exceptions.OMException: Unable to get file status: volume: volume92422 bucket: bucket94858 key: gdir1/dir6/child
	at org.apache.hadoop.ozone.om.KeyManagerImpl.getOzoneFileStatus(KeyManagerImpl.java:1195) ~[ozone-manager-1.4.0-SNAPSHOT.jar:?]
	at org.apache.hadoop.ozone.om.KeyManagerImpl.getFileStatus(KeyManagerImpl.java:1113) ~[ozone-manager-1.4.0-SNAPSHOT.jar:?]
	at org.apache.hadoop.ozone.om.OmMetadataReader.getFileStatus(OmMetadataReader.java:262) ~[ozone-manager-1.4.0-SNAPSHOT.jar:?]
	at org.apache.hadoop.ozone.om.OzoneManager.getFileStatus(OzoneManager.java:3530) ~[ozone-manager-1.4.0-SNAPSHOT.jar:?]
	at org.apache.hadoop.ozone.protocolPB.OzoneManagerRequestHandler.getOzoneFileStatus(OzoneManagerRequestHandler.java:973) ~[ozone-manager-1.4.0-SNAPSHOT.jar:?]
	at org.apache.hadoop.ozone.protocolPB.OzoneManagerRequestHandler.handleReadRequest(OzoneManagerRequestHandler.java:252) ~[ozone-manager-1.4.0-SNAPSHOT.jar:?]
	at org.apache.hadoop.ozone.protocolPB.OzoneManagerProtocolServerSideTranslatorPB.submitRequestDirectlyToOM(OzoneManagerProtocolServerSideTranslatorPB.java:274) ~[ozone-manager-1.4.0-SNAPSHOT.jar:?]
	at org.apache.hadoop.ozone.protocolPB.OzoneManagerProtocolServerSideTranslatorPB.processRequest(OzoneManagerProtocolServerSideTranslatorPB.java:175) ~[ozone-manager-1.4.0-SNAPSHOT.jar:?]
	at org.apache.hadoop.hdds.server.OzoneProtocolMessageDispatcher.processRequest(OzoneProtocolMessageDispatcher.java:87) [hdds-server-framework-1.4.0-SNAPSHOT.jar:?]
	at org.apache.hadoop.ozone.protocolPB.OzoneManagerProtocolServerSideTranslatorPB.submitRequest(OzoneManagerProtocolServerSideTranslatorPB.java:148) [ozone-manager-1.4.0-SNAPSHOT.jar:?]
	at org.apache.hadoop.ozone.protocol.proto.OzoneManagerProtocolProtos$OzoneManagerService$2.callBlockingMethod(OzoneManagerProtocolProtos.java) [ozone-interface-client-1.4.0-SNAPSHOT.jar:?]
	at org.apache.hadoop.ipc.ProtobufRpcEngine$Server.processCall(ProtobufRpcEngine.java:484) [hadoop-common-3.3.6.jar:?]
	at org.apache.hadoop.ipc.ProtobufRpcEngine2$Server$ProtoBufRpcInvoker.call(ProtobufRpcEngine2.java:595) [hadoop-common-3.3.6.jar:?]
	at org.apache.hadoop.ipc.ProtobufRpcEngine2$Server$ProtoBufRpcInvoker.call(ProtobufRpcEngine2.java:573) [hadoop-common-3.3.6.jar:?]
	at org.apache.hadoop.ipc.RPC$Server.call(RPC.java:1227) [hadoop-common-3.3.6.jar:?]
	at org.apache.hadoop.ipc.Server$RpcCall.run(Server.java:1094) [hadoop-common-3.3.6.jar:?]
	at org.apache.hadoop.ipc.Server$RpcCall.run(Server.java:1017) [hadoop-common-3.3.6.jar:?]
	at java.security.AccessController.doPrivileged(Native Method) ~[?:1.8.0_382]
	at javax.security.auth.Subject.doAs(Subject.java:422) [?:1.8.0_382]
	at org.apache.hadoop.security.UserGroupInformation.doAs(UserGroupInformation.java:1899) [hadoop-common-3.3.6.jar:?]
	at org.apache.hadoop.ipc.Server$Handler.run(Server.java:3048) [hadoop-common-3.3.6.jar:?]
18:54:24.769 [IPC Server handler 19 on default port 15057] ERROR OMAudit - user=runner | ip=127.0.0.1 | op=GET_FILE_STATUS {volume=volume92422, bucket=bucket94858, key=gdir1/dir7, dataSize=0, replicationConfig=null} | ret=FAILURE
org.apache.hadoop.ozone.om.exceptions.OMException: Unable to get file status: volume: volume92422 bucket: bucket94858 key: gdir1/dir7
	at org.apache.hadoop.ozone.om.KeyManagerImpl.getOzoneFileStatus(KeyManagerImpl.java:1195) ~[ozone-manager-1.4.0-SNAPSHOT.jar:?]
	at org.apache.hadoop.ozone.om.KeyManagerImpl.getFileStatus(KeyManagerImpl.java:1113) ~[ozone-manager-1.4.0-SNAPSHOT.jar:?]
	at org.apache.hadoop.ozone.om.OmMetadataReader.getFileStatus(OmMetadataReader.java:262) ~[ozone-manager-1.4.0-SNAPSHOT.jar:?]
	at org.apache.hadoop.ozone.om.OzoneManager.getFileStatus(OzoneManager.java:3530) ~[ozone-manager-1.4.0-SNAPSHOT.jar:?]
	at org.apache.hadoop.ozone.protocolPB.OzoneManagerRequestHandler.getOzoneFileStatus(OzoneManagerRequestHandler.java:973) ~[ozone-manager-1.4.0-SNAPSHOT.jar:?]
	at org.apache.hadoop.ozone.protocolPB.OzoneManagerRequestHandler.handleReadRequest(OzoneManagerRequestHandler.java:252) ~[ozone-manager-1.4.0-SNAPSHOT.jar:?]
	at org.apache.hadoop.ozone.protocolPB.OzoneManagerProtocolServerSideTranslatorPB.submitRequestDirectlyToOM(OzoneManagerProtocolServerSideTranslatorPB.java:274) ~[ozone-manager-1.4.0-SNAPSHOT.jar:?]
	at org.apache.hadoop.ozone.protocolPB.OzoneManagerProtocolServerSideTranslatorPB.processRequest(OzoneManagerProtocolServerSideTranslatorPB.java:175) ~[ozone-manager-1.4.0-SNAPSHOT.jar:?]
	at org.apache.hadoop.hdds.server.OzoneProtocolMessageDispatcher.processRequest(OzoneProtocolMessageDispatcher.java:87) [hdds-server-framework-1.4.0-SNAPSHOT.jar:?]
	at org.apache.hadoop.ozone.protocolPB.OzoneManagerProtocolServerSideTranslatorPB.submitRequest(OzoneManagerProtocolServerSideTranslatorPB.java:148) [ozone-manager-1.4.0-SNAPSHOT.jar:?]
	at org.apache.hadoop.ozone.protocol.proto.OzoneManagerProtocolProtos$OzoneManagerService$2.callBlockingMethod(OzoneManagerProtocolProtos.java) [ozone-interface-client-1.4.0-SNAPSHOT.jar:?]
	at org.apache.hadoop.ipc.ProtobufRpcEngine$Server.processCall(ProtobufRpcEngine.java:484) [hadoop-common-3.3.6.jar:?]
	at org.apache.hadoop.ipc.ProtobufRpcEngine2$Server$ProtoBufRpcInvoker.call(ProtobufRpcEngine2.java:595) [hadoop-common-3.3.6.jar:?]
	at org.apache.hadoop.ipc.ProtobufRpcEngine2$Server$ProtoBufRpcInvoker.call(ProtobufRpcEngine2.java:573) [hadoop-common-3.3.6.jar:?]
	at org.apache.hadoop.ipc.RPC$Server.call(RPC.java:1227) [hadoop-common-3.3.6.jar:?]
	at org.apache.hadoop.ipc.Server$RpcCall.run(Server.java:1094) [hadoop-common-3.3.6.jar:?]
	at org.apache.hadoop.ipc.Server$RpcCall.run(Server.java:1017) [hadoop-common-3.3.6.jar:?]
	at java.security.AccessController.doPrivileged(Native Method) ~[?:1.8.0_382]
	at javax.security.auth.Subject.doAs(Subject.java:422) [?:1.8.0_382]
	at org.apache.hadoop.security.UserGroupInformation.doAs(UserGroupInformation.java:1899) [hadoop-common-3.3.6.jar:?]
	at org.apache.hadoop.ipc.Server$Handler.run(Server.java:3048) [hadoop-common-3.3.6.jar:?]
18:54:24.770 [IPC Server handler 13 on default port 15057] ERROR OMAudit - user=runner | ip=127.0.0.1 | op=GET_FILE_STATUS {volume=volume92422, bucket=bucket94858, key=gdir1/dir7/child, dataSize=0, replicationConfig=null} | ret=FAILURE
org.apache.hadoop.ozone.om.exceptions.OMException: Unable to get file status: volume: volume92422 bucket: bucket94858 key: gdir1/dir7/child
	at org.apache.hadoop.ozone.om.KeyManagerImpl.getOzoneFileStatus(KeyManagerImpl.java:1195) ~[ozone-manager-1.4.0-SNAPSHOT.jar:?]
	at org.apache.hadoop.ozone.om.KeyManagerImpl.getFileStatus(KeyManagerImpl.java:1113) ~[ozone-manager-1.4.0-SNAPSHOT.jar:?]
	at org.apache.hadoop.ozone.om.OmMetadataReader.getFileStatus(OmMetadataReader.java:262) ~[ozone-manager-1.4.0-SNAPSHOT.jar:?]
	at org.apache.hadoop.ozone.om.OzoneManager.getFileStatus(OzoneManager.java:3530) ~[ozone-manager-1.4.0-SNAPSHOT.jar:?]
	at org.apache.hadoop.ozone.protocolPB.OzoneManagerRequestHandler.getOzoneFileStatus(OzoneManagerRequestHandler.java:973) ~[ozone-manager-1.4.0-SNAPSHOT.jar:?]
	at org.apache.hadoop.ozone.protocolPB.OzoneManagerRequestHandler.handleReadRequest(OzoneManagerRequestHandler.java:252) ~[ozone-manager-1.4.0-SNAPSHOT.jar:?]
	at org.apache.hadoop.ozone.protocolPB.OzoneManagerProtocolServerSideTranslatorPB.submitRequestDirectlyToOM(OzoneManagerProtocolServerSideTranslatorPB.java:274) ~[ozone-manager-1.4.0-SNAPSHOT.jar:?]
	at org.apache.hadoop.ozone.protocolPB.OzoneManagerProtocolServerSideTranslatorPB.processRequest(OzoneManagerProtocolServerSideTranslatorPB.java:175) ~[ozone-manager-1.4.0-SNAPSHOT.jar:?]
	at org.apache.hadoop.hdds.server.OzoneProtocolMessageDispatcher.processRequest(OzoneProtocolMessageDispatcher.java:87) [hdds-server-framework-1.4.0-SNAPSHOT.jar:?]
	at org.apache.hadoop.ozone.protocolPB.OzoneManagerProtocolServerSideTranslatorPB.submitRequest(OzoneManagerProtocolServerSideTranslatorPB.java:148) [ozone-manager-1.4.0-SNAPSHOT.jar:?]
	at org.apache.hadoop.ozone.protocol.proto.OzoneManagerProtocolProtos$OzoneManagerService$2.callBlockingMethod(OzoneManagerProtocolProtos.java) [ozone-interface-client-1.4.0-SNAPSHOT.jar:?]
	at org.apache.hadoop.ipc.ProtobufRpcEngine$Server.processCall(ProtobufRpcEngine.java:484) [hadoop-common-3.3.6.jar:?]
	at org.apache.hadoop.ipc.ProtobufRpcEngine2$Server$ProtoBufRpcInvoker.call(ProtobufRpcEngine2.java:595) [hadoop-common-3.3.6.jar:?]
	at org.apache.hadoop.ipc.ProtobufRpcEngine2$Server$ProtoBufRpcInvoker.call(ProtobufRpcEngine2.java:573) [hadoop-common-3.3.6.jar:?]
	at org.apache.hadoop.ipc.RPC$Server.call(RPC.java:1227) [hadoop-common-3.3.6.jar:?]
	at org.apache.hadoop.ipc.Server$RpcCall.run(Server.java:1094) [hadoop-common-3.3.6.jar:?]
	at org.apache.hadoop.ipc.Server$RpcCall.run(Server.java:1017) [hadoop-common-3.3.6.jar:?]
	at java.security.AccessController.doPrivileged(Native Method) ~[?:1.8.0_382]
	at javax.security.auth.Subject.doAs(Subject.java:422) [?:1.8.0_382]
	at org.apache.hadoop.security.UserGroupInformation.doAs(UserGroupInformation.java:1899) [hadoop-common-3.3.6.jar:?]
	at org.apache.hadoop.ipc.Server$Handler.run(Server.java:3048) [hadoop-common-3.3.6.jar:?]
18:54:24.771 [IPC Server handler 14 on default port 15057] ERROR OMAudit - user=runner | ip=127.0.0.1 | op=GET_FILE_STATUS {volume=volume92422, bucket=bucket94858, key=gdir1/dir8, dataSize=0, replicationConfig=null} | ret=FAILURE
org.apache.hadoop.ozone.om.exceptions.OMException: Unable to get file status: volume: volume92422 bucket: bucket94858 key: gdir1/dir8
	at org.apache.hadoop.ozone.om.KeyManagerImpl.getOzoneFileStatus(KeyManagerImpl.java:1195) ~[ozone-manager-1.4.0-SNAPSHOT.jar:?]
	at org.apache.hadoop.ozone.om.KeyManagerImpl.getFileStatus(KeyManagerImpl.java:1113) ~[ozone-manager-1.4.0-SNAPSHOT.jar:?]
	at org.apache.hadoop.ozone.om.OmMetadataReader.getFileStatus(OmMetadataReader.java:262) ~[ozone-manager-1.4.0-SNAPSHOT.jar:?]
	at org.apache.hadoop.ozone.om.OzoneManager.getFileStatus(OzoneManager.java:3530) ~[ozone-manager-1.4.0-SNAPSHOT.jar:?]
	at org.apache.hadoop.ozone.protocolPB.OzoneManagerRequestHandler.getOzoneFileStatus(OzoneManagerRequestHandler.java:973) ~[ozone-manager-1.4.0-SNAPSHOT.jar:?]
	at org.apache.hadoop.ozone.protocolPB.OzoneManagerRequestHandler.handleReadRequest(OzoneManagerRequestHandler.java:252) ~[ozone-manager-1.4.0-SNAPSHOT.jar:?]
	at org.apache.hadoop.ozone.protocolPB.OzoneManagerProtocolServerSideTranslatorPB.submitRequestDirectlyToOM(OzoneManagerProtocolServerSideTranslatorPB.java:274) ~[ozone-manager-1.4.0-SNAPSHOT.jar:?]
	at org.apache.hadoop.ozone.protocolPB.OzoneManagerProtocolServerSideTranslatorPB.processRequest(OzoneManagerProtocolServerSideTranslatorPB.java:175) ~[ozone-manager-1.4.0-SNAPSHOT.jar:?]
	at org.apache.hadoop.hdds.server.OzoneProtocolMessageDispatcher.processRequest(OzoneProtocolMessageDispatcher.java:87) [hdds-server-framework-1.4.0-SNAPSHOT.jar:?]
	at org.apache.hadoop.ozone.protocolPB.OzoneManagerProtocolServerSideTranslatorPB.submitRequest(OzoneManagerProtocolServerSideTranslatorPB.java:148) [ozone-manager-1.4.0-SNAPSHOT.jar:?]
	at org.apache.hadoop.ozone.protocol.proto.OzoneManagerProtocolProtos$OzoneManagerService$2.callBlockingMethod(OzoneManagerProtocolProtos.java) [ozone-interface-client-1.4.0-SNAPSHOT.jar:?]
	at org.apache.hadoop.ipc.ProtobufRpcEngine$Server.processCall(ProtobufRpcEngine.java:484) [hadoop-common-3.3.6.jar:?]
	at org.apache.hadoop.ipc.ProtobufRpcEngine2$Server$ProtoBufRpcInvoker.call(ProtobufRpcEngine2.java:595) [hadoop-common-3.3.6.jar:?]
	at org.apache.hadoop.ipc.ProtobufRpcEngine2$Server$ProtoBufRpcInvoker.call(ProtobufRpcEngine2.java:573) [hadoop-common-3.3.6.jar:?]
	at org.apache.hadoop.ipc.RPC$Server.call(RPC.java:1227) [hadoop-common-3.3.6.jar:?]
	at org.apache.hadoop.ipc.Server$RpcCall.run(Server.java:1094) [hadoop-common-3.3.6.jar:?]
	at org.apache.hadoop.ipc.Server$RpcCall.run(Server.java:1017) [hadoop-common-3.3.6.jar:?]
	at java.security.AccessController.doPrivileged(Native Method) ~[?:1.8.0_382]
	at javax.security.auth.Subject.doAs(Subject.java:422) [?:1.8.0_382]
	at org.apache.hadoop.security.UserGroupInformation.doAs(UserGroupInformation.java:1899) [hadoop-common-3.3.6.jar:?]
	at org.apache.hadoop.ipc.Server$Handler.run(Server.java:3048) [hadoop-common-3.3.6.jar:?]
18:54:24.773 [IPC Server handler 18 on default port 15057] ERROR OMAudit - user=runner | ip=127.0.0.1 | op=GET_FILE_STATUS {volume=volume92422, bucket=bucket94858, key=gdir1/dir8/child, dataSize=0, replicationConfig=null} | ret=FAILURE
org.apache.hadoop.ozone.om.exceptions.OMException: Unable to get file status: volume: volume92422 bucket: bucket94858 key: gdir1/dir8/child
	at org.apache.hadoop.ozone.om.KeyManagerImpl.getOzoneFileStatus(KeyManagerImpl.java:1195) ~[ozone-manager-1.4.0-SNAPSHOT.jar:?]
	at org.apache.hadoop.ozone.om.KeyManagerImpl.getFileStatus(KeyManagerImpl.java:1113) ~[ozone-manager-1.4.0-SNAPSHOT.jar:?]
	at org.apache.hadoop.ozone.om.OmMetadataReader.getFileStatus(OmMetadataReader.java:262) ~[ozone-manager-1.4.0-SNAPSHOT.jar:?]
	at org.apache.hadoop.ozone.om.OzoneManager.getFileStatus(OzoneManager.java:3530) ~[ozone-manager-1.4.0-SNAPSHOT.jar:?]
	at org.apache.hadoop.ozone.protocolPB.OzoneManagerRequestHandler.getOzoneFileStatus(OzoneManagerRequestHandler.java:973) ~[ozone-manager-1.4.0-SNAPSHOT.jar:?]
	at org.apache.hadoop.ozone.protocolPB.OzoneManagerRequestHandler.handleReadRequest(OzoneManagerRequestHandler.java:252) ~[ozone-manager-1.4.0-SNAPSHOT.jar:?]
	at org.apache.hadoop.ozone.protocolPB.OzoneManagerProtocolServerSideTranslatorPB.submitRequestDirectlyToOM(OzoneManagerProtocolServerSideTranslatorPB.java:274) ~[ozone-manager-1.4.0-SNAPSHOT.jar:?]
	at org.apache.hadoop.ozone.protocolPB.OzoneManagerProtocolServerSideTranslatorPB.processRequest(OzoneManagerProtocolServerSideTranslatorPB.java:175) ~[ozone-manager-1.4.0-SNAPSHOT.jar:?]
	at org.apache.hadoop.hdds.server.OzoneProtocolMessageDispatcher.processRequest(OzoneProtocolMessageDispatcher.java:87) [hdds-server-framework-1.4.0-SNAPSHOT.jar:?]
	at org.apache.hadoop.ozone.protocolPB.OzoneManagerProtocolServerSideTranslatorPB.submitRequest(OzoneManagerProtocolServerSideTranslatorPB.java:148) [ozone-manager-1.4.0-SNAPSHOT.jar:?]
	at org.apache.hadoop.ozone.protocol.proto.OzoneManagerProtocolProtos$OzoneManagerService$2.callBlockingMethod(OzoneManagerProtocolProtos.java) [ozone-interface-client-1.4.0-SNAPSHOT.jar:?]
	at org.apache.hadoop.ipc.ProtobufRpcEngine$Server.processCall(ProtobufRpcEngine.java:484) [hadoop-common-3.3.6.jar:?]
	at org.apache.hadoop.ipc.ProtobufRpcEngine2$Server$ProtoBufRpcInvoker.call(ProtobufRpcEngine2.java:595) [hadoop-common-3.3.6.jar:?]
	at org.apache.hadoop.ipc.ProtobufRpcEngine2$Server$ProtoBufRpcInvoker.call(ProtobufRpcEngine2.java:573) [hadoop-common-3.3.6.jar:?]
	at org.apache.hadoop.ipc.RPC$Server.call(RPC.java:1227) [hadoop-common-3.3.6.jar:?]
	at org.apache.hadoop.ipc.Server$RpcCall.run(Server.java:1094) [hadoop-common-3.3.6.jar:?]
	at org.apache.hadoop.ipc.Server$RpcCall.run(Server.java:1017) [hadoop-common-3.3.6.jar:?]
	at java.security.AccessController.doPrivileged(Native Method) ~[?:1.8.0_382]
	at javax.security.auth.Subject.doAs(Subject.java:422) [?:1.8.0_382]
	at org.apache.hadoop.security.UserGroupInformation.doAs(UserGroupInformation.java:1899) [hadoop-common-3.3.6.jar:?]
	at org.apache.hadoop.ipc.Server$Handler.run(Server.java:3048) [hadoop-common-3.3.6.jar:?]
18:54:24.775 [IPC Server handler 16 on default port 15057] ERROR OMAudit - user=runner | ip=127.0.0.1 | op=GET_FILE_STATUS {volume=volume92422, bucket=bucket94858, key=gdir1/dir9, dataSize=0, replicationConfig=null} | ret=FAILURE
org.apache.hadoop.ozone.om.exceptions.OMException: Unable to get file status: volume: volume92422 bucket: bucket94858 key: gdir1/dir9
	at org.apache.hadoop.ozone.om.KeyManagerImpl.getOzoneFileStatus(KeyManagerImpl.java:1195) ~[ozone-manager-1.4.0-SNAPSHOT.jar:?]
	at org.apache.hadoop.ozone.om.KeyManagerImpl.getFileStatus(KeyManagerImpl.java:1113) ~[ozone-manager-1.4.0-SNAPSHOT.jar:?]
	at org.apache.hadoop.ozone.om.OmMetadataReader.getFileStatus(OmMetadataReader.java:262) ~[ozone-manager-1.4.0-SNAPSHOT.jar:?]
	at org.apache.hadoop.ozone.om.OzoneManager.getFileStatus(OzoneManager.java:3530) ~[ozone-manager-1.4.0-SNAPSHOT.jar:?]
	at org.apache.hadoop.ozone.protocolPB.OzoneManagerRequestHandler.getOzoneFileStatus(OzoneManagerRequestHandler.java:973) ~[ozone-manager-1.4.0-SNAPSHOT.jar:?]
	at org.apache.hadoop.ozone.protocolPB.OzoneManagerRequestHandler.handleReadRequest(OzoneManagerRequestHandler.java:252) ~[ozone-manager-1.4.0-SNAPSHOT.jar:?]
	at org.apache.hadoop.ozone.protocolPB.OzoneManagerProtocolServerSideTranslatorPB.submitRequestDirectlyToOM(OzoneManagerProtocolServerSideTranslatorPB.java:274) ~[ozone-manager-1.4.0-SNAPSHOT.jar:?]
	at org.apache.hadoop.ozone.protocolPB.OzoneManagerProtocolServerSideTranslatorPB.processRequest(OzoneManagerProtocolServerSideTranslatorPB.java:175) ~[ozone-manager-1.4.0-SNAPSHOT.jar:?]
	at org.apache.hadoop.hdds.server.OzoneProtocolMessageDispatcher.processRequest(OzoneProtocolMessageDispatcher.java:87) [hdds-server-framework-1.4.0-SNAPSHOT.jar:?]
	at org.apache.hadoop.ozone.protocolPB.OzoneManagerProtocolServerSideTranslatorPB.submitRequest(OzoneManagerProtocolServerSideTranslatorPB.java:148) [ozone-manager-1.4.0-SNAPSHOT.jar:?]
	at org.apache.hadoop.ozone.protocol.proto.OzoneManagerProtocolProtos$OzoneManagerService$2.callBlockingMethod(OzoneManagerProtocolProtos.java) [ozone-interface-client-1.4.0-SNAPSHOT.jar:?]
	at org.apache.hadoop.ipc.ProtobufRpcEngine$Server.processCall(ProtobufRpcEngine.java:484) [hadoop-common-3.3.6.jar:?]
	at org.apache.hadoop.ipc.ProtobufRpcEngine2$Server$ProtoBufRpcInvoker.call(ProtobufRpcEngine2.java:595) [hadoop-common-3.3.6.jar:?]
	at org.apache.hadoop.ipc.ProtobufRpcEngine2$Server$ProtoBufRpcInvoker.call(ProtobufRpcEngine2.java:573) [hadoop-common-3.3.6.jar:?]
	at org.apache.hadoop.ipc.RPC$Server.call(RPC.java:1227) [hadoop-common-3.3.6.jar:?]
	at org.apache.hadoop.ipc.Server$RpcCall.run(Server.java:1094) [hadoop-common-3.3.6.jar:?]
	at org.apache.hadoop.ipc.Server$RpcCall.run(Server.java:1017) [hadoop-common-3.3.6.jar:?]
	at java.security.AccessController.doPrivileged(Native Method) ~[?:1.8.0_382]
	at javax.security.auth.Subject.doAs(Subject.java:422) [?:1.8.0_382]
	at org.apache.hadoop.security.UserGroupInformation.doAs(UserGroupInformation.java:1899) [hadoop-common-3.3.6.jar:?]
	at org.apache.hadoop.ipc.Server$Handler.run(Server.java:3048) [hadoop-common-3.3.6.jar:?]
18:54:24.776 [IPC Server handler 17 on default port 15057] ERROR OMAudit - user=runner | ip=127.0.0.1 | op=GET_FILE_STATUS {volume=volume92422, bucket=bucket94858, key=gdir1/dir9/child, dataSize=0, replicationConfig=null} | ret=FAILURE
org.apache.hadoop.ozone.om.exceptions.OMException: Unable to get file status: volume: volume92422 bucket: bucket94858 key: gdir1/dir9/child
	at org.apache.hadoop.ozone.om.KeyManagerImpl.getOzoneFileStatus(KeyManagerImpl.java:1195) ~[ozone-manager-1.4.0-SNAPSHOT.jar:?]
	at org.apache.hadoop.ozone.om.KeyManagerImpl.getFileStatus(KeyManagerImpl.java:1113) ~[ozone-manager-1.4.0-SNAPSHOT.jar:?]
	at org.apache.hadoop.ozone.om.OmMetadataReader.getFileStatus(OmMetadataReader.java:262) ~[ozone-manager-1.4.0-SNAPSHOT.jar:?]
	at org.apache.hadoop.ozone.om.OzoneManager.getFileStatus(OzoneManager.java:3530) ~[ozone-manager-1.4.0-SNAPSHOT.jar:?]
	at org.apache.hadoop.ozone.protocolPB.OzoneManagerRequestHandler.getOzoneFileStatus(OzoneManagerRequestHandler.java:973) ~[ozone-manager-1.4.0-SNAPSHOT.jar:?]
	at org.apache.hadoop.ozone.protocolPB.OzoneManagerRequestHandler.handleReadRequest(OzoneManagerRequestHandler.java:252) ~[ozone-manager-1.4.0-SNAPSHOT.jar:?]
	at org.apache.hadoop.ozone.protocolPB.OzoneManagerProtocolServerSideTranslatorPB.submitRequestDirectlyToOM(OzoneManagerProtocolServerSideTranslatorPB.java:274) ~[ozone-manager-1.4.0-SNAPSHOT.jar:?]
	at org.apache.hadoop.ozone.protocolPB.OzoneManagerProtocolServerSideTranslatorPB.processRequest(OzoneManagerProtocolServerSideTranslatorPB.java:175) ~[ozone-manager-1.4.0-SNAPSHOT.jar:?]
	at org.apache.hadoop.hdds.server.OzoneProtocolMessageDispatcher.processRequest(OzoneProtocolMessageDispatcher.java:87) [hdds-server-framework-1.4.0-SNAPSHOT.jar:?]
	at org.apache.hadoop.ozone.protocolPB.OzoneManagerProtocolServerSideTranslatorPB.submitRequest(OzoneManagerProtocolServerSideTranslatorPB.java:148) [ozone-manager-1.4.0-SNAPSHOT.jar:?]
	at org.apache.hadoop.ozone.protocol.proto.OzoneManagerProtocolProtos$OzoneManagerService$2.callBlockingMethod(OzoneManagerProtocolProtos.java) [ozone-interface-client-1.4.0-SNAPSHOT.jar:?]
	at org.apache.hadoop.ipc.ProtobufRpcEngine$Server.processCall(ProtobufRpcEngine.java:484) [hadoop-common-3.3.6.jar:?]
	at org.apache.hadoop.ipc.ProtobufRpcEngine2$Server$ProtoBufRpcInvoker.call(ProtobufRpcEngine2.java:595) [hadoop-common-3.3.6.jar:?]
	at org.apache.hadoop.ipc.ProtobufRpcEngine2$Server$ProtoBufRpcInvoker.call(ProtobufRpcEngine2.java:573) [hadoop-common-3.3.6.jar:?]
	at org.apache.hadoop.ipc.RPC$Server.call(RPC.java:1227) [hadoop-common-3.3.6.jar:?]
	at org.apache.hadoop.ipc.Server$RpcCall.run(Server.java:1094) [hadoop-common-3.3.6.jar:?]
	at org.apache.hadoop.ipc.Server$RpcCall.run(Server.java:1017) [hadoop-common-3.3.6.jar:?]
	at java.security.AccessController.doPrivileged(Native Method) ~[?:1.8.0_382]
	at javax.security.auth.Subject.doAs(Subject.java:422) [?:1.8.0_382]
	at org.apache.hadoop.security.UserGroupInformation.doAs(UserGroupInformation.java:1899) [hadoop-common-3.3.6.jar:?]
	at org.apache.hadoop.ipc.Server$Handler.run(Server.java:3048) [hadoop-common-3.3.6.jar:?]
18:54:24.777 [IPC Server handler 4 on default port 15057] ERROR OMAudit - user=runner | ip=127.0.0.1 | op=GET_FILE_STATUS {volume=volume92422, bucket=bucket94858, key=gdir1/dir10, dataSize=0, replicationConfig=null} | ret=FAILURE
org.apache.hadoop.ozone.om.exceptions.OMException: Unable to get file status: volume: volume92422 bucket: bucket94858 key: gdir1/dir10
	at org.apache.hadoop.ozone.om.KeyManagerImpl.getOzoneFileStatus(KeyManagerImpl.java:1195) ~[ozone-manager-1.4.0-SNAPSHOT.jar:?]
	at org.apache.hadoop.ozone.om.KeyManagerImpl.getFileStatus(KeyManagerImpl.java:1113) ~[ozone-manager-1.4.0-SNAPSHOT.jar:?]
	at org.apache.hadoop.ozone.om.OmMetadataReader.getFileStatus(OmMetadataReader.java:262) ~[ozone-manager-1.4.0-SNAPSHOT.jar:?]
	at org.apache.hadoop.ozone.om.OzoneManager.getFileStatus(OzoneManager.java:3530) ~[ozone-manager-1.4.0-SNAPSHOT.jar:?]
	at org.apache.hadoop.ozone.protocolPB.OzoneManagerRequestHandler.getOzoneFileStatus(OzoneManagerRequestHandler.java:973) ~[ozone-manager-1.4.0-SNAPSHOT.jar:?]
	at org.apache.hadoop.ozone.protocolPB.OzoneManagerRequestHandler.handleReadRequest(OzoneManagerRequestHandler.java:252) ~[ozone-manager-1.4.0-SNAPSHOT.jar:?]
	at org.apache.hadoop.ozone.protocolPB.OzoneManagerProtocolServerSideTranslatorPB.submitRequestDirectlyToOM(OzoneManagerProtocolServerSideTranslatorPB.java:274) ~[ozone-manager-1.4.0-SNAPSHOT.jar:?]
	at org.apache.hadoop.ozone.protocolPB.OzoneManagerProtocolServerSideTranslatorPB.processRequest(OzoneManagerProtocolServerSideTranslatorPB.java:175) ~[ozone-manager-1.4.0-SNAPSHOT.jar:?]
	at org.apache.hadoop.hdds.server.OzoneProtocolMessageDispatcher.processRequest(OzoneProtocolMessageDispatcher.java:87) [hdds-server-framework-1.4.0-SNAPSHOT.jar:?]
	at org.apache.hadoop.ozone.protocolPB.OzoneManagerProtocolServerSideTranslatorPB.submitRequest(OzoneManagerProtocolServerSideTranslatorPB.java:148) [ozone-manager-1.4.0-SNAPSHOT.jar:?]
	at org.apache.hadoop.ozone.protocol.proto.OzoneManagerProtocolProtos$OzoneManagerService$2.callBlockingMethod(OzoneManagerProtocolProtos.java) [ozone-interface-client-1.4.0-SNAPSHOT.jar:?]
	at org.apache.hadoop.ipc.ProtobufRpcEngine$Server.processCall(ProtobufRpcEngine.java:484) [hadoop-common-3.3.6.jar:?]
	at org.apache.hadoop.ipc.ProtobufRpcEngine2$Server$ProtoBufRpcInvoker.call(ProtobufRpcEngine2.java:595) [hadoop-common-3.3.6.jar:?]
	at org.apache.hadoop.ipc.ProtobufRpcEngine2$Server$ProtoBufRpcInvoker.call(ProtobufRpcEngine2.java:573) [hadoop-common-3.3.6.jar:?]
	at org.apache.hadoop.ipc.RPC$Server.call(RPC.java:1227) [hadoop-common-3.3.6.jar:?]
	at org.apache.hadoop.ipc.Server$RpcCall.run(Server.java:1094) [hadoop-common-3.3.6.jar:?]
	at org.apache.hadoop.ipc.Server$RpcCall.run(Server.java:1017) [hadoop-common-3.3.6.jar:?]
	at java.security.AccessController.doPrivileged(Native Method) ~[?:1.8.0_382]
	at javax.security.auth.Subject.doAs(Subject.java:422) [?:1.8.0_382]
	at org.apache.hadoop.security.UserGroupInformation.doAs(UserGroupInformation.java:1899) [hadoop-common-3.3.6.jar:?]
	at org.apache.hadoop.ipc.Server$Handler.run(Server.java:3048) [hadoop-common-3.3.6.jar:?]
18:54:24.778 [IPC Server handler 3 on default port 15057] ERROR OMAudit - user=runner | ip=127.0.0.1 | op=GET_FILE_STATUS {volume=volume92422, bucket=bucket94858, key=gdir1/dir10/child, dataSize=0, replicationConfig=null} | ret=FAILURE
org.apache.hadoop.ozone.om.exceptions.OMException: Unable to get file status: volume: volume92422 bucket: bucket94858 key: gdir1/dir10/child
	at org.apache.hadoop.ozone.om.KeyManagerImpl.getOzoneFileStatus(KeyManagerImpl.java:1195) ~[ozone-manager-1.4.0-SNAPSHOT.jar:?]
	at org.apache.hadoop.ozone.om.KeyManagerImpl.getFileStatus(KeyManagerImpl.java:1113) ~[ozone-manager-1.4.0-SNAPSHOT.jar:?]
	at org.apache.hadoop.ozone.om.OmMetadataReader.getFileStatus(OmMetadataReader.java:262) ~[ozone-manager-1.4.0-SNAPSHOT.jar:?]
	at org.apache.hadoop.ozone.om.OzoneManager.getFileStatus(OzoneManager.java:3530) ~[ozone-manager-1.4.0-SNAPSHOT.jar:?]
	at org.apache.hadoop.ozone.protocolPB.OzoneManagerRequestHandler.getOzoneFileStatus(OzoneManagerRequestHandler.java:973) ~[ozone-manager-1.4.0-SNAPSHOT.jar:?]
	at org.apache.hadoop.ozone.protocolPB.OzoneManagerRequestHandler.handleReadRequest(OzoneManagerRequestHandler.java:252) ~[ozone-manager-1.4.0-SNAPSHOT.jar:?]
	at org.apache.hadoop.ozone.protocolPB.OzoneManagerProtocolServerSideTranslatorPB.submitRequestDirectlyToOM(OzoneManagerProtocolServerSideTranslatorPB.java:274) ~[ozone-manager-1.4.0-SNAPSHOT.jar:?]
	at org.apache.hadoop.ozone.protocolPB.OzoneManagerProtocolServerSideTranslatorPB.processRequest(OzoneManagerProtocolServerSideTranslatorPB.java:175) ~[ozone-manager-1.4.0-SNAPSHOT.jar:?]
	at org.apache.hadoop.hdds.server.OzoneProtocolMessageDispatcher.processRequest(OzoneProtocolMessageDispatcher.java:87) [hdds-server-framework-1.4.0-SNAPSHOT.jar:?]
	at org.apache.hadoop.ozone.protocolPB.OzoneManagerProtocolServerSideTranslatorPB.submitRequest(OzoneManagerProtocolServerSideTranslatorPB.java:148) [ozone-manager-1.4.0-SNAPSHOT.jar:?]
	at org.apache.hadoop.ozone.protocol.proto.OzoneManagerProtocolProtos$OzoneManagerService$2.callBlockingMethod(OzoneManagerProtocolProtos.java) [ozone-interface-client-1.4.0-SNAPSHOT.jar:?]
	at org.apache.hadoop.ipc.ProtobufRpcEngine$Server.processCall(ProtobufRpcEngine.java:484) [hadoop-common-3.3.6.jar:?]
	at org.apache.hadoop.ipc.ProtobufRpcEngine2$Server$ProtoBufRpcInvoker.call(ProtobufRpcEngine2.java:595) [hadoop-common-3.3.6.jar:?]
	at org.apache.hadoop.ipc.ProtobufRpcEngine2$Server$ProtoBufRpcInvoker.call(ProtobufRpcEngine2.java:573) [hadoop-common-3.3.6.jar:?]
	at org.apache.hadoop.ipc.RPC$Server.call(RPC.java:1227) [hadoop-common-3.3.6.jar:?]
	at org.apache.hadoop.ipc.Server$RpcCall.run(Server.java:1094) [hadoop-common-3.3.6.jar:?]
	at org.apache.hadoop.ipc.Server$RpcCall.run(Server.java:1017) [hadoop-common-3.3.6.jar:?]
	at java.security.AccessController.doPrivileged(Native Method) ~[?:1.8.0_382]
	at javax.security.auth.Subject.doAs(Subject.java:422) [?:1.8.0_382]
	at org.apache.hadoop.security.UserGroupInformation.doAs(UserGroupInformation.java:1899) [hadoop-common-3.3.6.jar:?]
	at org.apache.hadoop.ipc.Server$Handler.run(Server.java:3048) [hadoop-common-3.3.6.jar:?]
18:54:24.847 [IPC Server handler 13 on default port 15057] ERROR OMAudit - user=runner | ip=127.0.0.1 | op=GET_FILE_STATUS {volume=volume92422, bucket=bucket94858, key=level0, dataSize=0, replicationConfig=null} | ret=FAILURE
org.apache.hadoop.ozone.om.exceptions.OMException: Unable to get file status: volume: volume92422 bucket: bucket94858 key: level0
	at org.apache.hadoop.ozone.om.KeyManagerImpl.getOzoneFileStatus(KeyManagerImpl.java:1195) ~[ozone-manager-1.4.0-SNAPSHOT.jar:?]
	at org.apache.hadoop.ozone.om.KeyManagerImpl.getFileStatus(KeyManagerImpl.java:1113) ~[ozone-manager-1.4.0-SNAPSHOT.jar:?]
	at org.apache.hadoop.ozone.om.OmMetadataReader.getFileStatus(OmMetadataReader.java:262) ~[ozone-manager-1.4.0-SNAPSHOT.jar:?]
	at org.apache.hadoop.ozone.om.OzoneManager.getFileStatus(OzoneManager.java:3530) ~[ozone-manager-1.4.0-SNAPSHOT.jar:?]
	at org.apache.hadoop.ozone.protocolPB.OzoneManagerRequestHandler.getOzoneFileStatus(OzoneManagerRequestHandler.java:973) ~[ozone-manager-1.4.0-SNAPSHOT.jar:?]
	at org.apache.hadoop.ozone.protocolPB.OzoneManagerRequestHandler.handleReadRequest(OzoneManagerRequestHandler.java:252) ~[ozone-manager-1.4.0-SNAPSHOT.jar:?]
	at org.apache.hadoop.ozone.protocolPB.OzoneManagerProtocolServerSideTranslatorPB.submitRequestDirectlyToOM(OzoneManagerProtocolServerSideTranslatorPB.java:274) ~[ozone-manager-1.4.0-SNAPSHOT.jar:?]
	at org.apache.hadoop.ozone.protocolPB.OzoneManagerProtocolServerSideTranslatorPB.processRequest(OzoneManagerProtocolServerSideTranslatorPB.java:175) ~[ozone-manager-1.4.0-SNAPSHOT.jar:?]
	at org.apache.hadoop.hdds.server.OzoneProtocolMessageDispatcher.processRequest(OzoneProtocolMessageDispatcher.java:87) [hdds-server-framework-1.4.0-SNAPSHOT.jar:?]
	at org.apache.hadoop.ozone.protocolPB.OzoneManagerProtocolServerSideTranslatorPB.submitRequest(OzoneManagerProtocolServerSideTranslatorPB.java:148) [ozone-manager-1.4.0-SNAPSHOT.jar:?]
	at org.apache.hadoop.ozone.protocol.proto.OzoneManagerProtocolProtos$OzoneManagerService$2.callBlockingMethod(OzoneManagerProtocolProtos.java) [ozone-interface-client-1.4.0-SNAPSHOT.jar:?]
	at org.apache.hadoop.ipc.ProtobufRpcEngine$Server.processCall(ProtobufRpcEngine.java:484) [hadoop-common-3.3.6.jar:?]
	at org.apache.hadoop.ipc.ProtobufRpcEngine2$Server$ProtoBufRpcInvoker.call(ProtobufRpcEngine2.java:595) [hadoop-common-3.3.6.jar:?]
	at org.apache.hadoop.ipc.ProtobufRpcEngine2$Server$ProtoBufRpcInvoker.call(ProtobufRpcEngine2.java:573) [hadoop-common-3.3.6.jar:?]
	at org.apache.hadoop.ipc.RPC$Server.call(RPC.java:1227) [hadoop-common-3.3.6.jar:?]
	at org.apache.hadoop.ipc.Server$RpcCall.run(Server.java:1094) [hadoop-common-3.3.6.jar:?]
	at org.apache.hadoop.ipc.Server$RpcCall.run(Server.java:1017) [hadoop-common-3.3.6.jar:?]
	at java.security.AccessController.doPrivileged(Native Method) ~[?:1.8.0_382]
	at javax.security.auth.Subject.doAs(Subject.java:422) [?:1.8.0_382]
	at org.apache.hadoop.security.UserGroupInformation.doAs(UserGroupInformation.java:1899) [hadoop-common-3.3.6.jar:?]
	at org.apache.hadoop.ipc.Server$Handler.run(Server.java:3048) [hadoop-common-3.3.6.jar:?]
18:54:24.848 [IPC Server handler 14 on default port 15057] ERROR OMAudit - user=runner | ip=127.0.0.1 | op=GET_FILE_STATUS {volume=volume92422, bucket=bucket94858, key=level0/level1, dataSize=0, replicationConfig=null} | ret=FAILURE
org.apache.hadoop.ozone.om.exceptions.OMException: Unable to get file status: volume: volume92422 bucket: bucket94858 key: level0/level1
	at org.apache.hadoop.ozone.om.KeyManagerImpl.getOzoneFileStatus(KeyManagerImpl.java:1195) ~[ozone-manager-1.4.0-SNAPSHOT.jar:?]
	at org.apache.hadoop.ozone.om.KeyManagerImpl.getFileStatus(KeyManagerImpl.java:1113) ~[ozone-manager-1.4.0-SNAPSHOT.jar:?]
	at org.apache.hadoop.ozone.om.OmMetadataReader.getFileStatus(OmMetadataReader.java:262) ~[ozone-manager-1.4.0-SNAPSHOT.jar:?]
	at org.apache.hadoop.ozone.om.OzoneManager.getFileStatus(OzoneManager.java:3530) ~[ozone-manager-1.4.0-SNAPSHOT.jar:?]
	at org.apache.hadoop.ozone.protocolPB.OzoneManagerRequestHandler.getOzoneFileStatus(OzoneManagerRequestHandler.java:973) ~[ozone-manager-1.4.0-SNAPSHOT.jar:?]
	at org.apache.hadoop.ozone.protocolPB.OzoneManagerRequestHandler.handleReadRequest(OzoneManagerRequestHandler.java:252) ~[ozone-manager-1.4.0-SNAPSHOT.jar:?]
	at org.apache.hadoop.ozone.protocolPB.OzoneManagerProtocolServerSideTranslatorPB.submitRequestDirectlyToOM(OzoneManagerProtocolServerSideTranslatorPB.java:274) ~[ozone-manager-1.4.0-SNAPSHOT.jar:?]
	at org.apache.hadoop.ozone.protocolPB.OzoneManagerProtocolServerSideTranslatorPB.processRequest(OzoneManagerProtocolServerSideTranslatorPB.java:175) ~[ozone-manager-1.4.0-SNAPSHOT.jar:?]
	at org.apache.hadoop.hdds.server.OzoneProtocolMessageDispatcher.processRequest(OzoneProtocolMessageDispatcher.java:87) [hdds-server-framework-1.4.0-SNAPSHOT.jar:?]
	at org.apache.hadoop.ozone.protocolPB.OzoneManagerProtocolServerSideTranslatorPB.submitRequest(OzoneManagerProtocolServerSideTranslatorPB.java:148) [ozone-manager-1.4.0-SNAPSHOT.jar:?]
	at org.apache.hadoop.ozone.protocol.proto.OzoneManagerProtocolProtos$OzoneManagerService$2.callBlockingMethod(OzoneManagerProtocolProtos.java) [ozone-interface-client-1.4.0-SNAPSHOT.jar:?]
	at org.apache.hadoop.ipc.ProtobufRpcEngine$Server.processCall(ProtobufRpcEngine.java:484) [hadoop-common-3.3.6.jar:?]
	at org.apache.hadoop.ipc.ProtobufRpcEngine2$Server$ProtoBufRpcInvoker.call(ProtobufRpcEngine2.java:595) [hadoop-common-3.3.6.jar:?]
	at org.apache.hadoop.ipc.ProtobufRpcEngine2$Server$ProtoBufRpcInvoker.call(ProtobufRpcEngine2.java:573) [hadoop-common-3.3.6.jar:?]
	at org.apache.hadoop.ipc.RPC$Server.call(RPC.java:1227) [hadoop-common-3.3.6.jar:?]
	at org.apache.hadoop.ipc.Server$RpcCall.run(Server.java:1094) [hadoop-common-3.3.6.jar:?]
	at org.apache.hadoop.ipc.Server$RpcCall.run(Server.java:1017) [hadoop-common-3.3.6.jar:?]
	at java.security.AccessController.doPrivileged(Native Method) ~[?:1.8.0_382]
	at javax.security.auth.Subject.doAs(Subject.java:422) [?:1.8.0_382]
	at org.apache.hadoop.security.UserGroupInformation.doAs(UserGroupInformation.java:1899) [hadoop-common-3.3.6.jar:?]
	at org.apache.hadoop.ipc.Server$Handler.run(Server.java:3048) [hadoop-common-3.3.6.jar:?]
18:54:24.849 [IPC Server handler 18 on default port 15057] ERROR OMAudit - user=runner | ip=127.0.0.1 | op=GET_FILE_STATUS {volume=volume92422, bucket=bucket94858, key=level0/level1/level1, dataSize=0, replicationConfig=null} | ret=FAILURE
org.apache.hadoop.ozone.om.exceptions.OMException: Unable to get file status: volume: volume92422 bucket: bucket94858 key: level0/level1/level1
	at org.apache.hadoop.ozone.om.KeyManagerImpl.getOzoneFileStatus(KeyManagerImpl.java:1195) ~[ozone-manager-1.4.0-SNAPSHOT.jar:?]
	at org.apache.hadoop.ozone.om.KeyManagerImpl.getFileStatus(KeyManagerImpl.java:1113) ~[ozone-manager-1.4.0-SNAPSHOT.jar:?]
	at org.apache.hadoop.ozone.om.OmMetadataReader.getFileStatus(OmMetadataReader.java:262) ~[ozone-manager-1.4.0-SNAPSHOT.jar:?]
	at org.apache.hadoop.ozone.om.OzoneManager.getFileStatus(OzoneManager.java:3530) ~[ozone-manager-1.4.0-SNAPSHOT.jar:?]
	at org.apache.hadoop.ozone.protocolPB.OzoneManagerRequestHandler.getOzoneFileStatus(OzoneManagerRequestHandler.java:973) ~[ozone-manager-1.4.0-SNAPSHOT.jar:?]
	at org.apache.hadoop.ozone.protocolPB.OzoneManagerRequestHandler.handleReadRequest(OzoneManagerRequestHandler.java:252) ~[ozone-manager-1.4.0-SNAPSHOT.jar:?]
	at org.apache.hadoop.ozone.protocolPB.OzoneManagerProtocolServerSideTranslatorPB.submitRequestDirectlyToOM(OzoneManagerProtocolServerSideTranslatorPB.java:274) ~[ozone-manager-1.4.0-SNAPSHOT.jar:?]
	at org.apache.hadoop.ozone.protocolPB.OzoneManagerProtocolServerSideTranslatorPB.processRequest(OzoneManagerProtocolServerSideTranslatorPB.java:175) ~[ozone-manager-1.4.0-SNAPSHOT.jar:?]
	at org.apache.hadoop.hdds.server.OzoneProtocolMessageDispatcher.processRequest(OzoneProtocolMessageDispatcher.java:87) [hdds-server-framework-1.4.0-SNAPSHOT.jar:?]
	at org.apache.hadoop.ozone.protocolPB.OzoneManagerProtocolServerSideTranslatorPB.submitRequest(OzoneManagerProtocolServerSideTranslatorPB.java:148) [ozone-manager-1.4.0-SNAPSHOT.jar:?]
	at org.apache.hadoop.ozone.protocol.proto.OzoneManagerProtocolProtos$OzoneManagerService$2.callBlockingMethod(OzoneManagerProtocolProtos.java) [ozone-interface-client-1.4.0-SNAPSHOT.jar:?]
	at org.apache.hadoop.ipc.ProtobufRpcEngine$Server.processCall(ProtobufRpcEngine.java:484) [hadoop-common-3.3.6.jar:?]
	at org.apache.hadoop.ipc.ProtobufRpcEngine2$Server$ProtoBufRpcInvoker.call(ProtobufRpcEngine2.java:595) [hadoop-common-3.3.6.jar:?]
	at org.apache.hadoop.ipc.ProtobufRpcEngine2$Server$ProtoBufRpcInvoker.call(ProtobufRpcEngine2.java:573) [hadoop-common-3.3.6.jar:?]
	at org.apache.hadoop.ipc.RPC$Server.call(RPC.java:1227) [hadoop-common-3.3.6.jar:?]
	at org.apache.hadoop.ipc.Server$RpcCall.run(Server.java:1094) [hadoop-common-3.3.6.jar:?]
	at org.apache.hadoop.ipc.Server$RpcCall.run(Server.java:1017) [hadoop-common-3.3.6.jar:?]
	at java.security.AccessController.doPrivileged(Native Method) ~[?:1.8.0_382]
	at javax.security.auth.Subject.doAs(Subject.java:422) [?:1.8.0_382]
	at org.apache.hadoop.security.UserGroupInformation.doAs(UserGroupInformation.java:1899) [hadoop-common-3.3.6.jar:?]
	at org.apache.hadoop.ipc.Server$Handler.run(Server.java:3048) [hadoop-common-3.3.6.jar:?]
18:54:24.850 [IPC Server handler 16 on default port 15057] ERROR OMAudit - user=runner | ip=127.0.0.1 | op=GET_FILE_STATUS {volume=volume92422, bucket=bucket94858, key=level0/level1/file1, dataSize=0, replicationConfig=null} | ret=FAILURE
org.apache.hadoop.ozone.om.exceptions.OMException: Unable to get file status: volume: volume92422 bucket: bucket94858 key: level0/level1/file1
	at org.apache.hadoop.ozone.om.KeyManagerImpl.getOzoneFileStatus(KeyManagerImpl.java:1195) ~[ozone-manager-1.4.0-SNAPSHOT.jar:?]
	at org.apache.hadoop.ozone.om.KeyManagerImpl.getFileStatus(KeyManagerImpl.java:1113) ~[ozone-manager-1.4.0-SNAPSHOT.jar:?]
	at org.apache.hadoop.ozone.om.OmMetadataReader.getFileStatus(OmMetadataReader.java:262) ~[ozone-manager-1.4.0-SNAPSHOT.jar:?]
	at org.apache.hadoop.ozone.om.OzoneManager.getFileStatus(OzoneManager.java:3530) ~[ozone-manager-1.4.0-SNAPSHOT.jar:?]
	at org.apache.hadoop.ozone.protocolPB.OzoneManagerRequestHandler.getOzoneFileStatus(OzoneManagerRequestHandler.java:973) ~[ozone-manager-1.4.0-SNAPSHOT.jar:?]
	at org.apache.hadoop.ozone.protocolPB.OzoneManagerRequestHandler.handleReadRequest(OzoneManagerRequestHandler.java:252) ~[ozone-manager-1.4.0-SNAPSHOT.jar:?]
	at org.apache.hadoop.ozone.protocolPB.OzoneManagerProtocolServerSideTranslatorPB.submitRequestDirectlyToOM(OzoneManagerProtocolServerSideTranslatorPB.java:274) ~[ozone-manager-1.4.0-SNAPSHOT.jar:?]
	at org.apache.hadoop.ozone.protocolPB.OzoneManagerProtocolServerSideTranslatorPB.processRequest(OzoneManagerProtocolServerSideTranslatorPB.java:175) ~[ozone-manager-1.4.0-SNAPSHOT.jar:?]
	at org.apache.hadoop.hdds.server.OzoneProtocolMessageDispatcher.processRequest(OzoneProtocolMessageDispatcher.java:87) [hdds-server-framework-1.4.0-SNAPSHOT.jar:?]
	at org.apache.hadoop.ozone.protocolPB.OzoneManagerProtocolServerSideTranslatorPB.submitRequest(OzoneManagerProtocolServerSideTranslatorPB.java:148) [ozone-manager-1.4.0-SNAPSHOT.jar:?]
	at org.apache.hadoop.ozone.protocol.proto.OzoneManagerProtocolProtos$OzoneManagerService$2.callBlockingMethod(OzoneManagerProtocolProtos.java) [ozone-interface-client-1.4.0-SNAPSHOT.jar:?]
	at org.apache.hadoop.ipc.ProtobufRpcEngine$Server.processCall(ProtobufRpcEngine.java:484) [hadoop-common-3.3.6.jar:?]
	at org.apache.hadoop.ipc.ProtobufRpcEngine2$Server$ProtoBufRpcInvoker.call(ProtobufRpcEngine2.java:595) [hadoop-common-3.3.6.jar:?]
	at org.apache.hadoop.ipc.ProtobufRpcEngine2$Server$ProtoBufRpcInvoker.call(ProtobufRpcEngine2.java:573) [hadoop-common-3.3.6.jar:?]
	at org.apache.hadoop.ipc.RPC$Server.call(RPC.java:1227) [hadoop-common-3.3.6.jar:?]
	at org.apache.hadoop.ipc.Server$RpcCall.run(Server.java:1094) [hadoop-common-3.3.6.jar:?]
	at org.apache.hadoop.ipc.Server$RpcCall.run(Server.java:1017) [hadoop-common-3.3.6.jar:?]
	at java.security.AccessController.doPrivileged(Native Method) ~[?:1.8.0_382]
	at javax.security.auth.Subject.doAs(Subject.java:422) [?:1.8.0_382]
	at org.apache.hadoop.security.UserGroupInformation.doAs(UserGroupInformation.java:1899) [hadoop-common-3.3.6.jar:?]
	at org.apache.hadoop.ipc.Server$Handler.run(Server.java:3048) [hadoop-common-3.3.6.jar:?]
18:54:24.851 [IPC Server handler 17 on default port 15057] ERROR OMAudit - user=runner | ip=127.0.0.1 | op=GET_FILE_STATUS {volume=volume92422, bucket=bucket94858, key=level0/level1/level1/file1, dataSize=0, replicationConfig=null} | ret=FAILURE
org.apache.hadoop.ozone.om.exceptions.OMException: Unable to get file status: volume: volume92422 bucket: bucket94858 key: level0/level1/level1/file1
	at org.apache.hadoop.ozone.om.KeyManagerImpl.getOzoneFileStatus(KeyManagerImpl.java:1195) ~[ozone-manager-1.4.0-SNAPSHOT.jar:?]
	at org.apache.hadoop.ozone.om.KeyManagerImpl.getFileStatus(KeyManagerImpl.java:1113) ~[ozone-manager-1.4.0-SNAPSHOT.jar:?]
	at org.apache.hadoop.ozone.om.OmMetadataReader.getFileStatus(OmMetadataReader.java:262) ~[ozone-manager-1.4.0-SNAPSHOT.jar:?]
	at org.apache.hadoop.ozone.om.OzoneManager.getFileStatus(OzoneManager.java:3530) ~[ozone-manager-1.4.0-SNAPSHOT.jar:?]
	at org.apache.hadoop.ozone.protocolPB.OzoneManagerRequestHandler.getOzoneFileStatus(OzoneManagerRequestHandler.java:973) ~[ozone-manager-1.4.0-SNAPSHOT.jar:?]
	at org.apache.hadoop.ozone.protocolPB.OzoneManagerRequestHandler.handleReadRequest(OzoneManagerRequestHandler.java:252) ~[ozone-manager-1.4.0-SNAPSHOT.jar:?]
	at org.apache.hadoop.ozone.protocolPB.OzoneManagerProtocolServerSideTranslatorPB.submitRequestDirectlyToOM(OzoneManagerProtocolServerSideTranslatorPB.java:274) ~[ozone-manager-1.4.0-SNAPSHOT.jar:?]
	at org.apache.hadoop.ozone.protocolPB.OzoneManagerProtocolServerSideTranslatorPB.processRequest(OzoneManagerProtocolServerSideTranslatorPB.java:175) ~[ozone-manager-1.4.0-SNAPSHOT.jar:?]
	at org.apache.hadoop.hdds.server.OzoneProtocolMessageDispatcher.processRequest(OzoneProtocolMessageDispatcher.java:87) [hdds-server-framework-1.4.0-SNAPSHOT.jar:?]
	at org.apache.hadoop.ozone.protocolPB.OzoneManagerProtocolServerSideTranslatorPB.submitRequest(OzoneManagerProtocolServerSideTranslatorPB.java:148) [ozone-manager-1.4.0-SNAPSHOT.jar:?]
	at org.apache.hadoop.ozone.protocol.proto.OzoneManagerProtocolProtos$OzoneManagerService$2.callBlockingMethod(OzoneManagerProtocolProtos.java) [ozone-interface-client-1.4.0-SNAPSHOT.jar:?]
	at org.apache.hadoop.ipc.ProtobufRpcEngine$Server.processCall(ProtobufRpcEngine.java:484) [hadoop-common-3.3.6.jar:?]
	at org.apache.hadoop.ipc.ProtobufRpcEngine2$Server$ProtoBufRpcInvoker.call(ProtobufRpcEngine2.java:595) [hadoop-common-3.3.6.jar:?]
	at org.apache.hadoop.ipc.ProtobufRpcEngine2$Server$ProtoBufRpcInvoker.call(ProtobufRpcEngine2.java:573) [hadoop-common-3.3.6.jar:?]
	at org.apache.hadoop.ipc.RPC$Server.call(RPC.java:1227) [hadoop-common-3.3.6.jar:?]
	at org.apache.hadoop.ipc.Server$RpcCall.run(Server.java:1094) [hadoop-common-3.3.6.jar:?]
	at org.apache.hadoop.ipc.Server$RpcCall.run(Server.java:1017) [hadoop-common-3.3.6.jar:?]
	at java.security.AccessController.doPrivileged(Native Method) ~[?:1.8.0_382]
	at javax.security.auth.Subject.doAs(Subject.java:422) [?:1.8.0_382]
	at org.apache.hadoop.security.UserGroupInformation.doAs(UserGroupInformation.java:1899) [hadoop-common-3.3.6.jar:?]
	at org.apache.hadoop.ipc.Server$Handler.run(Server.java:3048) [hadoop-common-3.3.6.jar:?]
18:54:24.852 [IPC Server handler 4 on default port 15057] ERROR OMAudit - user=runner | ip=127.0.0.1 | op=GET_FILE_STATUS {volume=volume92422, bucket=bucket94858, key=level0/level2, dataSize=0, replicationConfig=null} | ret=FAILURE
org.apache.hadoop.ozone.om.exceptions.OMException: Unable to get file status: volume: volume92422 bucket: bucket94858 key: level0/level2
	at org.apache.hadoop.ozone.om.KeyManagerImpl.getOzoneFileStatus(KeyManagerImpl.java:1195) ~[ozone-manager-1.4.0-SNAPSHOT.jar:?]
	at org.apache.hadoop.ozone.om.KeyManagerImpl.getFileStatus(KeyManagerImpl.java:1113) ~[ozone-manager-1.4.0-SNAPSHOT.jar:?]
	at org.apache.hadoop.ozone.om.OmMetadataReader.getFileStatus(OmMetadataReader.java:262) ~[ozone-manager-1.4.0-SNAPSHOT.jar:?]
	at org.apache.hadoop.ozone.om.OzoneManager.getFileStatus(OzoneManager.java:3530) ~[ozone-manager-1.4.0-SNAPSHOT.jar:?]
	at org.apache.hadoop.ozone.protocolPB.OzoneManagerRequestHandler.getOzoneFileStatus(OzoneManagerRequestHandler.java:973) ~[ozone-manager-1.4.0-SNAPSHOT.jar:?]
	at org.apache.hadoop.ozone.protocolPB.OzoneManagerRequestHandler.handleReadRequest(OzoneManagerRequestHandler.java:252) ~[ozone-manager-1.4.0-SNAPSHOT.jar:?]
	at org.apache.hadoop.ozone.protocolPB.OzoneManagerProtocolServerSideTranslatorPB.submitRequestDirectlyToOM(OzoneManagerProtocolServerSideTranslatorPB.java:274) ~[ozone-manager-1.4.0-SNAPSHOT.jar:?]
	at org.apache.hadoop.ozone.protocolPB.OzoneManagerProtocolServerSideTranslatorPB.processRequest(OzoneManagerProtocolServerSideTranslatorPB.java:175) ~[ozone-manager-1.4.0-SNAPSHOT.jar:?]
	at org.apache.hadoop.hdds.server.OzoneProtocolMessageDispatcher.processRequest(OzoneProtocolMessageDispatcher.java:87) [hdds-server-framework-1.4.0-SNAPSHOT.jar:?]
	at org.apache.hadoop.ozone.protocolPB.OzoneManagerProtocolServerSideTranslatorPB.submitRequest(OzoneManagerProtocolServerSideTranslatorPB.java:148) [ozone-manager-1.4.0-SNAPSHOT.jar:?]
	at org.apache.hadoop.ozone.protocol.proto.OzoneManagerProtocolProtos$OzoneManagerService$2.callBlockingMethod(OzoneManagerProtocolProtos.java) [ozone-interface-client-1.4.0-SNAPSHOT.jar:?]
	at org.apache.hadoop.ipc.ProtobufRpcEngine$Server.processCall(ProtobufRpcEngine.java:484) [hadoop-common-3.3.6.jar:?]
	at org.apache.hadoop.ipc.ProtobufRpcEngine2$Server$ProtoBufRpcInvoker.call(ProtobufRpcEngine2.java:595) [hadoop-common-3.3.6.jar:?]
	at org.apache.hadoop.ipc.ProtobufRpcEngine2$Server$ProtoBufRpcInvoker.call(ProtobufRpcEngine2.java:573) [hadoop-common-3.3.6.jar:?]
	at org.apache.hadoop.ipc.RPC$Server.call(RPC.java:1227) [hadoop-common-3.3.6.jar:?]
	at org.apache.hadoop.ipc.Server$RpcCall.run(Server.java:1094) [hadoop-common-3.3.6.jar:?]
	at org.apache.hadoop.ipc.Server$RpcCall.run(Server.java:1017) [hadoop-common-3.3.6.jar:?]
	at java.security.AccessController.doPrivileged(Native Method) ~[?:1.8.0_382]
	at javax.security.auth.Subject.doAs(Subject.java:422) [?:1.8.0_382]
	at org.apache.hadoop.security.UserGroupInformation.doAs(UserGroupInformation.java:1899) [hadoop-common-3.3.6.jar:?]
	at org.apache.hadoop.ipc.Server$Handler.run(Server.java:3048) [hadoop-common-3.3.6.jar:?]
18:54:24.853 [IPC Server handler 3 on default port 15057] ERROR OMAudit - user=runner | ip=127.0.0.1 | op=GET_FILE_STATUS {volume=volume92422, bucket=bucket94858, key=level0/level2/level2, dataSize=0, replicationConfig=null} | ret=FAILURE
org.apache.hadoop.ozone.om.exceptions.OMException: Unable to get file status: volume: volume92422 bucket: bucket94858 key: level0/level2/level2
	at org.apache.hadoop.ozone.om.KeyManagerImpl.getOzoneFileStatus(KeyManagerImpl.java:1195) ~[ozone-manager-1.4.0-SNAPSHOT.jar:?]
	at org.apache.hadoop.ozone.om.KeyManagerImpl.getFileStatus(KeyManagerImpl.java:1113) ~[ozone-manager-1.4.0-SNAPSHOT.jar:?]
	at org.apache.hadoop.ozone.om.OmMetadataReader.getFileStatus(OmMetadataReader.java:262) ~[ozone-manager-1.4.0-SNAPSHOT.jar:?]
	at org.apache.hadoop.ozone.om.OzoneManager.getFileStatus(OzoneManager.java:3530) ~[ozone-manager-1.4.0-SNAPSHOT.jar:?]
	at org.apache.hadoop.ozone.protocolPB.OzoneManagerRequestHandler.getOzoneFileStatus(OzoneManagerRequestHandler.java:973) ~[ozone-manager-1.4.0-SNAPSHOT.jar:?]
	at org.apache.hadoop.ozone.protocolPB.OzoneManagerRequestHandler.handleReadRequest(OzoneManagerRequestHandler.java:252) ~[ozone-manager-1.4.0-SNAPSHOT.jar:?]
	at org.apache.hadoop.ozone.protocolPB.OzoneManagerProtocolServerSideTranslatorPB.submitRequestDirectlyToOM(OzoneManagerProtocolServerSideTranslatorPB.java:274) ~[ozone-manager-1.4.0-SNAPSHOT.jar:?]
	at org.apache.hadoop.ozone.protocolPB.OzoneManagerProtocolServerSideTranslatorPB.processRequest(OzoneManagerProtocolServerSideTranslatorPB.java:175) ~[ozone-manager-1.4.0-SNAPSHOT.jar:?]
	at org.apache.hadoop.hdds.server.OzoneProtocolMessageDispatcher.processRequest(OzoneProtocolMessageDispatcher.java:87) [hdds-server-framework-1.4.0-SNAPSHOT.jar:?]
	at org.apache.hadoop.ozone.protocolPB.OzoneManagerProtocolServerSideTranslatorPB.submitRequest(OzoneManagerProtocolServerSideTranslatorPB.java:148) [ozone-manager-1.4.0-SNAPSHOT.jar:?]
	at org.apache.hadoop.ozone.protocol.proto.OzoneManagerProtocolProtos$OzoneManagerService$2.callBlockingMethod(OzoneManagerProtocolProtos.java) [ozone-interface-client-1.4.0-SNAPSHOT.jar:?]
	at org.apache.hadoop.ipc.ProtobufRpcEngine$Server.processCall(ProtobufRpcEngine.java:484) [hadoop-common-3.3.6.jar:?]
	at org.apache.hadoop.ipc.ProtobufRpcEngine2$Server$ProtoBufRpcInvoker.call(ProtobufRpcEngine2.java:595) [hadoop-common-3.3.6.jar:?]
	at org.apache.hadoop.ipc.ProtobufRpcEngine2$Server$ProtoBufRpcInvoker.call(ProtobufRpcEngine2.java:573) [hadoop-common-3.3.6.jar:?]
	at org.apache.hadoop.ipc.RPC$Server.call(RPC.java:1227) [hadoop-common-3.3.6.jar:?]
	at org.apache.hadoop.ipc.Server$RpcCall.run(Server.java:1094) [hadoop-common-3.3.6.jar:?]
	at org.apache.hadoop.ipc.Server$RpcCall.run(Server.java:1017) [hadoop-common-3.3.6.jar:?]
	at java.security.AccessController.doPrivileged(Native Method) ~[?:1.8.0_382]
	at javax.security.auth.Subject.doAs(Subject.java:422) [?:1.8.0_382]
	at org.apache.hadoop.security.UserGroupInformation.doAs(UserGroupInformation.java:1899) [hadoop-common-3.3.6.jar:?]
	at org.apache.hadoop.ipc.Server$Handler.run(Server.java:3048) [hadoop-common-3.3.6.jar:?]
18:54:24.854 [IPC Server handler 2 on default port 15057] ERROR OMAudit - user=runner | ip=127.0.0.1 | op=GET_FILE_STATUS {volume=volume92422, bucket=bucket94858, key=level0/level2/file1, dataSize=0, replicationConfig=null} | ret=FAILURE
org.apache.hadoop.ozone.om.exceptions.OMException: Unable to get file status: volume: volume92422 bucket: bucket94858 key: level0/level2/file1
	at org.apache.hadoop.ozone.om.KeyManagerImpl.getOzoneFileStatus(KeyManagerImpl.java:1195) ~[ozone-manager-1.4.0-SNAPSHOT.jar:?]
	at org.apache.hadoop.ozone.om.KeyManagerImpl.getFileStatus(KeyManagerImpl.java:1113) ~[ozone-manager-1.4.0-SNAPSHOT.jar:?]
	at org.apache.hadoop.ozone.om.OmMetadataReader.getFileStatus(OmMetadataReader.java:262) ~[ozone-manager-1.4.0-SNAPSHOT.jar:?]
	at org.apache.hadoop.ozone.om.OzoneManager.getFileStatus(OzoneManager.java:3530) ~[ozone-manager-1.4.0-SNAPSHOT.jar:?]
	at org.apache.hadoop.ozone.protocolPB.OzoneManagerRequestHandler.getOzoneFileStatus(OzoneManagerRequestHandler.java:973) ~[ozone-manager-1.4.0-SNAPSHOT.jar:?]
	at org.apache.hadoop.ozone.protocolPB.OzoneManagerRequestHandler.handleReadRequest(OzoneManagerRequestHandler.java:252) ~[ozone-manager-1.4.0-SNAPSHOT.jar:?]
	at org.apache.hadoop.ozone.protocolPB.OzoneManagerProtocolServerSideTranslatorPB.submitRequestDirectlyToOM(OzoneManagerProtocolServerSideTranslatorPB.java:274) ~[ozone-manager-1.4.0-SNAPSHOT.jar:?]
	at org.apache.hadoop.ozone.protocolPB.OzoneManagerProtocolServerSideTranslatorPB.processRequest(OzoneManagerProtocolServerSideTranslatorPB.java:175) ~[ozone-manager-1.4.0-SNAPSHOT.jar:?]
	at org.apache.hadoop.hdds.server.OzoneProtocolMessageDispatcher.processRequest(OzoneProtocolMessageDispatcher.java:87) [hdds-server-framework-1.4.0-SNAPSHOT.jar:?]
	at org.apache.hadoop.ozone.protocolPB.OzoneManagerProtocolServerSideTranslatorPB.submitRequest(OzoneManagerProtocolServerSideTranslatorPB.java:148) [ozone-manager-1.4.0-SNAPSHOT.jar:?]
	at org.apache.hadoop.ozone.protocol.proto.OzoneManagerProtocolProtos$OzoneManagerService$2.callBlockingMethod(OzoneManagerProtocolProtos.java) [ozone-interface-client-1.4.0-SNAPSHOT.jar:?]
	at org.apache.hadoop.ipc.ProtobufRpcEngine$Server.processCall(ProtobufRpcEngine.java:484) [hadoop-common-3.3.6.jar:?]
	at org.apache.hadoop.ipc.ProtobufRpcEngine2$Server$ProtoBufRpcInvoker.call(ProtobufRpcEngine2.java:595) [hadoop-common-3.3.6.jar:?]
	at org.apache.hadoop.ipc.ProtobufRpcEngine2$Server$ProtoBufRpcInvoker.call(ProtobufRpcEngine2.java:573) [hadoop-common-3.3.6.jar:?]
	at org.apache.hadoop.ipc.RPC$Server.call(RPC.java:1227) [hadoop-common-3.3.6.jar:?]
	at org.apache.hadoop.ipc.Server$RpcCall.run(Server.java:1094) [hadoop-common-3.3.6.jar:?]
	at org.apache.hadoop.ipc.Server$RpcCall.run(Server.java:1017) [hadoop-common-3.3.6.jar:?]
	at java.security.AccessController.doPrivileged(Native Method) ~[?:1.8.0_382]
	at javax.security.auth.Subject.doAs(Subject.java:422) [?:1.8.0_382]
	at org.apache.hadoop.security.UserGroupInformation.doAs(UserGroupInformation.java:1899) [hadoop-common-3.3.6.jar:?]
	at org.apache.hadoop.ipc.Server$Handler.run(Server.java:3048) [hadoop-common-3.3.6.jar:?]
18:54:24.855 [IPC Server handler 1 on default port 15057] ERROR OMAudit - user=runner | ip=127.0.0.1 | op=GET_FILE_STATUS {volume=volume92422, bucket=bucket94858, key=level0/level2/level2/file1, dataSize=0, replicationConfig=null} | ret=FAILURE
org.apache.hadoop.ozone.om.exceptions.OMException: Unable to get file status: volume: volume92422 bucket: bucket94858 key: level0/level2/level2/file1
	at org.apache.hadoop.ozone.om.KeyManagerImpl.getOzoneFileStatus(KeyManagerImpl.java:1195) ~[ozone-manager-1.4.0-SNAPSHOT.jar:?]
	at org.apache.hadoop.ozone.om.KeyManagerImpl.getFileStatus(KeyManagerImpl.java:1113) ~[ozone-manager-1.4.0-SNAPSHOT.jar:?]
	at org.apache.hadoop.ozone.om.OmMetadataReader.getFileStatus(OmMetadataReader.java:262) ~[ozone-manager-1.4.0-SNAPSHOT.jar:?]
	at org.apache.hadoop.ozone.om.OzoneManager.getFileStatus(OzoneManager.java:3530) ~[ozone-manager-1.4.0-SNAPSHOT.jar:?]
	at org.apache.hadoop.ozone.protocolPB.OzoneManagerRequestHandler.getOzoneFileStatus(OzoneManagerRequestHandler.java:973) ~[ozone-manager-1.4.0-SNAPSHOT.jar:?]
	at org.apache.hadoop.ozone.protocolPB.OzoneManagerRequestHandler.handleReadRequest(OzoneManagerRequestHandler.java:252) ~[ozone-manager-1.4.0-SNAPSHOT.jar:?]
	at org.apache.hadoop.ozone.protocolPB.OzoneManagerProtocolServerSideTranslatorPB.submitRequestDirectlyToOM(OzoneManagerProtocolServerSideTranslatorPB.java:274) ~[ozone-manager-1.4.0-SNAPSHOT.jar:?]
	at org.apache.hadoop.ozone.protocolPB.OzoneManagerProtocolServerSideTranslatorPB.processRequest(OzoneManagerProtocolServerSideTranslatorPB.java:175) ~[ozone-manager-1.4.0-SNAPSHOT.jar:?]
	at org.apache.hadoop.hdds.server.OzoneProtocolMessageDispatcher.processRequest(OzoneProtocolMessageDispatcher.java:87) [hdds-server-framework-1.4.0-SNAPSHOT.jar:?]
	at org.apache.hadoop.ozone.protocolPB.OzoneManagerProtocolServerSideTranslatorPB.submitRequest(OzoneManagerProtocolServerSideTranslatorPB.java:148) [ozone-manager-1.4.0-SNAPSHOT.jar:?]
	at org.apache.hadoop.ozone.protocol.proto.OzoneManagerProtocolProtos$OzoneManagerService$2.callBlockingMethod(OzoneManagerProtocolProtos.java) [ozone-interface-client-1.4.0-SNAPSHOT.jar:?]
	at org.apache.hadoop.ipc.ProtobufRpcEngine$Server.processCall(ProtobufRpcEngine.java:484) [hadoop-common-3.3.6.jar:?]
	at org.apache.hadoop.ipc.ProtobufRpcEngine2$Server$ProtoBufRpcInvoker.call(ProtobufRpcEngine2.java:595) [hadoop-common-3.3.6.jar:?]
	at org.apache.hadoop.ipc.ProtobufRpcEngine2$Server$ProtoBufRpcInvoker.call(ProtobufRpcEngine2.java:573) [hadoop-common-3.3.6.jar:?]
	at org.apache.hadoop.ipc.RPC$Server.call(RPC.java:1227) [hadoop-common-3.3.6.jar:?]
	at org.apache.hadoop.ipc.Server$RpcCall.run(Server.java:1094) [hadoop-common-3.3.6.jar:?]
	at org.apache.hadoop.ipc.Server$RpcCall.run(Server.java:1017) [hadoop-common-3.3.6.jar:?]
	at java.security.AccessController.doPrivileged(Native Method) ~[?:1.8.0_382]
	at javax.security.auth.Subject.doAs(Subject.java:422) [?:1.8.0_382]
	at org.apache.hadoop.security.UserGroupInformation.doAs(UserGroupInformation.java:1899) [hadoop-common-3.3.6.jar:?]
	at org.apache.hadoop.ipc.Server$Handler.run(Server.java:3048) [hadoop-common-3.3.6.jar:?]
18:54:24.856 [IPC Server handler 6 on default port 15057] ERROR OMAudit - user=runner | ip=127.0.0.1 | op=GET_FILE_STATUS {volume=volume92422, bucket=bucket94858, key=level0/level3, dataSize=0, replicationConfig=null} | ret=FAILURE
org.apache.hadoop.ozone.om.exceptions.OMException: Unable to get file status: volume: volume92422 bucket: bucket94858 key: level0/level3
	at org.apache.hadoop.ozone.om.KeyManagerImpl.getOzoneFileStatus(KeyManagerImpl.java:1195) ~[ozone-manager-1.4.0-SNAPSHOT.jar:?]
	at org.apache.hadoop.ozone.om.KeyManagerImpl.getFileStatus(KeyManagerImpl.java:1113) ~[ozone-manager-1.4.0-SNAPSHOT.jar:?]
	at org.apache.hadoop.ozone.om.OmMetadataReader.getFileStatus(OmMetadataReader.java:262) ~[ozone-manager-1.4.0-SNAPSHOT.jar:?]
	at org.apache.hadoop.ozone.om.OzoneManager.getFileStatus(OzoneManager.java:3530) ~[ozone-manager-1.4.0-SNAPSHOT.jar:?]
	at org.apache.hadoop.ozone.protocolPB.OzoneManagerRequestHandler.getOzoneFileStatus(OzoneManagerRequestHandler.java:973) ~[ozone-manager-1.4.0-SNAPSHOT.jar:?]
	at org.apache.hadoop.ozone.protocolPB.OzoneManagerRequestHandler.handleReadRequest(OzoneManagerRequestHandler.java:252) ~[ozone-manager-1.4.0-SNAPSHOT.jar:?]
	at org.apache.hadoop.ozone.protocolPB.OzoneManagerProtocolServerSideTranslatorPB.submitRequestDirectlyToOM(OzoneManagerProtocolServerSideTranslatorPB.java:274) ~[ozone-manager-1.4.0-SNAPSHOT.jar:?]
	at org.apache.hadoop.ozone.protocolPB.OzoneManagerProtocolServerSideTranslatorPB.processRequest(OzoneManagerProtocolServerSideTranslatorPB.java:175) ~[ozone-manager-1.4.0-SNAPSHOT.jar:?]
	at org.apache.hadoop.hdds.server.OzoneProtocolMessageDispatcher.processRequest(OzoneProtocolMessageDispatcher.java:87) [hdds-server-framework-1.4.0-SNAPSHOT.jar:?]
	at org.apache.hadoop.ozone.protocolPB.OzoneManagerProtocolServerSideTranslatorPB.submitRequest(OzoneManagerProtocolServerSideTranslatorPB.java:148) [ozone-manager-1.4.0-SNAPSHOT.jar:?]
	at org.apache.hadoop.ozone.protocol.proto.OzoneManagerProtocolProtos$OzoneManagerService$2.callBlockingMethod(OzoneManagerProtocolProtos.java) [ozone-interface-client-1.4.0-SNAPSHOT.jar:?]
	at org.apache.hadoop.ipc.ProtobufRpcEngine$Server.processCall(ProtobufRpcEngine.java:484) [hadoop-common-3.3.6.jar:?]
	at org.apache.hadoop.ipc.ProtobufRpcEngine2$Server$ProtoBufRpcInvoker.call(ProtobufRpcEngine2.java:595) [hadoop-common-3.3.6.jar:?]
	at org.apache.hadoop.ipc.ProtobufRpcEngine2$Server$ProtoBufRpcInvoker.call(ProtobufRpcEngine2.java:573) [hadoop-common-3.3.6.jar:?]
	at org.apache.hadoop.ipc.RPC$Server.call(RPC.java:1227) [hadoop-common-3.3.6.jar:?]
	at org.apache.hadoop.ipc.Server$RpcCall.run(Server.java:1094) [hadoop-common-3.3.6.jar:?]
	at org.apache.hadoop.ipc.Server$RpcCall.run(Server.java:1017) [hadoop-common-3.3.6.jar:?]
	at java.security.AccessController.doPrivileged(Native Method) ~[?:1.8.0_382]
	at javax.security.auth.Subject.doAs(Subject.java:422) [?:1.8.0_382]
	at org.apache.hadoop.security.UserGroupInformation.doAs(UserGroupInformation.java:1899) [hadoop-common-3.3.6.jar:?]
	at org.apache.hadoop.ipc.Server$Handler.run(Server.java:3048) [hadoop-common-3.3.6.jar:?]
18:54:24.857 [IPC Server handler 5 on default port 15057] ERROR OMAudit - user=runner | ip=127.0.0.1 | op=GET_FILE_STATUS {volume=volume92422, bucket=bucket94858, key=level0/level3/level3, dataSize=0, replicationConfig=null} | ret=FAILURE
org.apache.hadoop.ozone.om.exceptions.OMException: Unable to get file status: volume: volume92422 bucket: bucket94858 key: level0/level3/level3
	at org.apache.hadoop.ozone.om.KeyManagerImpl.getOzoneFileStatus(KeyManagerImpl.java:1195) ~[ozone-manager-1.4.0-SNAPSHOT.jar:?]
	at org.apache.hadoop.ozone.om.KeyManagerImpl.getFileStatus(KeyManagerImpl.java:1113) ~[ozone-manager-1.4.0-SNAPSHOT.jar:?]
	at org.apache.hadoop.ozone.om.OmMetadataReader.getFileStatus(OmMetadataReader.java:262) ~[ozone-manager-1.4.0-SNAPSHOT.jar:?]
	at org.apache.hadoop.ozone.om.OzoneManager.getFileStatus(OzoneManager.java:3530) ~[ozone-manager-1.4.0-SNAPSHOT.jar:?]
	at org.apache.hadoop.ozone.protocolPB.OzoneManagerRequestHandler.getOzoneFileStatus(OzoneManagerRequestHandler.java:973) ~[ozone-manager-1.4.0-SNAPSHOT.jar:?]
	at org.apache.hadoop.ozone.protocolPB.OzoneManagerRequestHandler.handleReadRequest(OzoneManagerRequestHandler.java:252) ~[ozone-manager-1.4.0-SNAPSHOT.jar:?]
	at org.apache.hadoop.ozone.protocolPB.OzoneManagerProtocolServerSideTranslatorPB.submitRequestDirectlyToOM(OzoneManagerProtocolServerSideTranslatorPB.java:274) ~[ozone-manager-1.4.0-SNAPSHOT.jar:?]
	at org.apache.hadoop.ozone.protocolPB.OzoneManagerProtocolServerSideTranslatorPB.processRequest(OzoneManagerProtocolServerSideTranslatorPB.java:175) ~[ozone-manager-1.4.0-SNAPSHOT.jar:?]
	at org.apache.hadoop.hdds.server.OzoneProtocolMessageDispatcher.processRequest(OzoneProtocolMessageDispatcher.java:87) [hdds-server-framework-1.4.0-SNAPSHOT.jar:?]
	at org.apache.hadoop.ozone.protocolPB.OzoneManagerProtocolServerSideTranslatorPB.submitRequest(OzoneManagerProtocolServerSideTranslatorPB.java:148) [ozone-manager-1.4.0-SNAPSHOT.jar:?]
	at org.apache.hadoop.ozone.protocol.proto.OzoneManagerProtocolProtos$OzoneManagerService$2.callBlockingMethod(OzoneManagerProtocolProtos.java) [ozone-interface-client-1.4.0-SNAPSHOT.jar:?]
	at org.apache.hadoop.ipc.ProtobufRpcEngine$Server.processCall(ProtobufRpcEngine.java:484) [hadoop-common-3.3.6.jar:?]
	at org.apache.hadoop.ipc.ProtobufRpcEngine2$Server$ProtoBufRpcInvoker.call(ProtobufRpcEngine2.java:595) [hadoop-common-3.3.6.jar:?]
	at org.apache.hadoop.ipc.ProtobufRpcEngine2$Server$ProtoBufRpcInvoker.call(ProtobufRpcEngine2.java:573) [hadoop-common-3.3.6.jar:?]
	at org.apache.hadoop.ipc.RPC$Server.call(RPC.java:1227) [hadoop-common-3.3.6.jar:?]
	at org.apache.hadoop.ipc.Server$RpcCall.run(Server.java:1094) [hadoop-common-3.3.6.jar:?]
	at org.apache.hadoop.ipc.Server$RpcCall.run(Server.java:1017) [hadoop-common-3.3.6.jar:?]
	at java.security.AccessController.doPrivileged(Native Method) ~[?:1.8.0_382]
	at javax.security.auth.Subject.doAs(Subject.java:422) [?:1.8.0_382]
	at org.apache.hadoop.security.UserGroupInformation.doAs(UserGroupInformation.java:1899) [hadoop-common-3.3.6.jar:?]
	at org.apache.hadoop.ipc.Server$Handler.run(Server.java:3048) [hadoop-common-3.3.6.jar:?]
18:54:24.858 [IPC Server handler 0 on default port 15057] ERROR OMAudit - user=runner | ip=127.0.0.1 | op=GET_FILE_STATUS {volume=volume92422, bucket=bucket94858, key=level0/level3/file1, dataSize=0, replicationConfig=null} | ret=FAILURE
org.apache.hadoop.ozone.om.exceptions.OMException: Unable to get file status: volume: volume92422 bucket: bucket94858 key: level0/level3/file1
	at org.apache.hadoop.ozone.om.KeyManagerImpl.getOzoneFileStatus(KeyManagerImpl.java:1195) ~[ozone-manager-1.4.0-SNAPSHOT.jar:?]
	at org.apache.hadoop.ozone.om.KeyManagerImpl.getFileStatus(KeyManagerImpl.java:1113) ~[ozone-manager-1.4.0-SNAPSHOT.jar:?]
	at org.apache.hadoop.ozone.om.OmMetadataReader.getFileStatus(OmMetadataReader.java:262) ~[ozone-manager-1.4.0-SNAPSHOT.jar:?]
	at org.apache.hadoop.ozone.om.OzoneManager.getFileStatus(OzoneManager.java:3530) ~[ozone-manager-1.4.0-SNAPSHOT.jar:?]
	at org.apache.hadoop.ozone.protocolPB.OzoneManagerRequestHandler.getOzoneFileStatus(OzoneManagerRequestHandler.java:973) ~[ozone-manager-1.4.0-SNAPSHOT.jar:?]
	at org.apache.hadoop.ozone.protocolPB.OzoneManagerRequestHandler.handleReadRequest(OzoneManagerRequestHandler.java:252) ~[ozone-manager-1.4.0-SNAPSHOT.jar:?]
	at org.apache.hadoop.ozone.protocolPB.OzoneManagerProtocolServerSideTranslatorPB.submitRequestDirectlyToOM(OzoneManagerProtocolServerSideTranslatorPB.java:274) ~[ozone-manager-1.4.0-SNAPSHOT.jar:?]
	at org.apache.hadoop.ozone.protocolPB.OzoneManagerProtocolServerSideTranslatorPB.processRequest(OzoneManagerProtocolServerSideTranslatorPB.java:175) ~[ozone-manager-1.4.0-SNAPSHOT.jar:?]
	at org.apache.hadoop.hdds.server.OzoneProtocolMessageDispatcher.processRequest(OzoneProtocolMessageDispatcher.java:87) [hdds-server-framework-1.4.0-SNAPSHOT.jar:?]
	at org.apache.hadoop.ozone.protocolPB.OzoneManagerProtocolServerSideTranslatorPB.submitRequest(OzoneManagerProtocolServerSideTranslatorPB.java:148) [ozone-manager-1.4.0-SNAPSHOT.jar:?]
	at org.apache.hadoop.ozone.protocol.proto.OzoneManagerProtocolProtos$OzoneManagerService$2.callBlockingMethod(OzoneManagerProtocolProtos.java) [ozone-interface-client-1.4.0-SNAPSHOT.jar:?]
	at org.apache.hadoop.ipc.ProtobufRpcEngine$Server.processCall(ProtobufRpcEngine.java:484) [hadoop-common-3.3.6.jar:?]
	at org.apache.hadoop.ipc.ProtobufRpcEngine2$Server$ProtoBufRpcInvoker.call(ProtobufRpcEngine2.java:595) [hadoop-common-3.3.6.jar:?]
	at org.apache.hadoop.ipc.ProtobufRpcEngine2$Server$ProtoBufRpcInvoker.call(ProtobufRpcEngine2.java:573) [hadoop-common-3.3.6.jar:?]
	at org.apache.hadoop.ipc.RPC$Server.call(RPC.java:1227) [hadoop-common-3.3.6.jar:?]
	at org.apache.hadoop.ipc.Server$RpcCall.run(Server.java:1094) [hadoop-common-3.3.6.jar:?]
	at org.apache.hadoop.ipc.Server$RpcCall.run(Server.java:1017) [hadoop-common-3.3.6.jar:?]
	at java.security.AccessController.doPrivileged(Native Method) ~[?:1.8.0_382]
	at javax.security.auth.Subject.doAs(Subject.java:422) [?:1.8.0_382]
	at org.apache.hadoop.security.UserGroupInformation.doAs(UserGroupInformation.java:1899) [hadoop-common-3.3.6.jar:?]
	at org.apache.hadoop.ipc.Server$Handler.run(Server.java:3048) [hadoop-common-3.3.6.jar:?]
18:54:24.859 [IPC Server handler 11 on default port 15057] ERROR OMAudit - user=runner | ip=127.0.0.1 | op=GET_FILE_STATUS {volume=volume92422, bucket=bucket94858, key=level0/level3/level3/file1, dataSize=0, replicationConfig=null} | ret=FAILURE
org.apache.hadoop.ozone.om.exceptions.OMException: Unable to get file status: volume: volume92422 bucket: bucket94858 key: level0/level3/level3/file1
	at org.apache.hadoop.ozone.om.KeyManagerImpl.getOzoneFileStatus(KeyManagerImpl.java:1195) ~[ozone-manager-1.4.0-SNAPSHOT.jar:?]
	at org.apache.hadoop.ozone.om.KeyManagerImpl.getFileStatus(KeyManagerImpl.java:1113) ~[ozone-manager-1.4.0-SNAPSHOT.jar:?]
	at org.apache.hadoop.ozone.om.OmMetadataReader.getFileStatus(OmMetadataReader.java:262) ~[ozone-manager-1.4.0-SNAPSHOT.jar:?]
	at org.apache.hadoop.ozone.om.OzoneManager.getFileStatus(OzoneManager.java:3530) ~[ozone-manager-1.4.0-SNAPSHOT.jar:?]
	at org.apache.hadoop.ozone.protocolPB.OzoneManagerRequestHandler.getOzoneFileStatus(OzoneManagerRequestHandler.java:973) ~[ozone-manager-1.4.0-SNAPSHOT.jar:?]
	at org.apache.hadoop.ozone.protocolPB.OzoneManagerRequestHandler.handleReadRequest(OzoneManagerRequestHandler.java:252) ~[ozone-manager-1.4.0-SNAPSHOT.jar:?]
	at org.apache.hadoop.ozone.protocolPB.OzoneManagerProtocolServerSideTranslatorPB.submitRequestDirectlyToOM(OzoneManagerProtocolServerSideTranslatorPB.java:274) ~[ozone-manager-1.4.0-SNAPSHOT.jar:?]
	at org.apache.hadoop.ozone.protocolPB.OzoneManagerProtocolServerSideTranslatorPB.processRequest(OzoneManagerProtocolServerSideTranslatorPB.java:175) ~[ozone-manager-1.4.0-SNAPSHOT.jar:?]
	at org.apache.hadoop.hdds.server.OzoneProtocolMessageDispatcher.processRequest(OzoneProtocolMessageDispatcher.java:87) [hdds-server-framework-1.4.0-SNAPSHOT.jar:?]
	at org.apache.hadoop.ozone.protocolPB.OzoneManagerProtocolServerSideTranslatorPB.submitRequest(OzoneManagerProtocolServerSideTranslatorPB.java:148) [ozone-manager-1.4.0-SNAPSHOT.jar:?]
	at org.apache.hadoop.ozone.protocol.proto.OzoneManagerProtocolProtos$OzoneManagerService$2.callBlockingMethod(OzoneManagerProtocolProtos.java) [ozone-interface-client-1.4.0-SNAPSHOT.jar:?]
	at org.apache.hadoop.ipc.ProtobufRpcEngine$Server.processCall(ProtobufRpcEngine.java:484) [hadoop-common-3.3.6.jar:?]
	at org.apache.hadoop.ipc.ProtobufRpcEngine2$Server$ProtoBufRpcInvoker.call(ProtobufRpcEngine2.java:595) [hadoop-common-3.3.6.jar:?]
	at org.apache.hadoop.ipc.ProtobufRpcEngine2$Server$ProtoBufRpcInvoker.call(ProtobufRpcEngine2.java:573) [hadoop-common-3.3.6.jar:?]
	at org.apache.hadoop.ipc.RPC$Server.call(RPC.java:1227) [hadoop-common-3.3.6.jar:?]
	at org.apache.hadoop.ipc.Server$RpcCall.run(Server.java:1094) [hadoop-common-3.3.6.jar:?]
	at org.apache.hadoop.ipc.Server$RpcCall.run(Server.java:1017) [hadoop-common-3.3.6.jar:?]
	at java.security.AccessController.doPrivileged(Native Method) ~[?:1.8.0_382]
	at javax.security.auth.Subject.doAs(Subject.java:422) [?:1.8.0_382]
	at org.apache.hadoop.security.UserGroupInformation.doAs(UserGroupInformation.java:1899) [hadoop-common-3.3.6.jar:?]
	at org.apache.hadoop.ipc.Server$Handler.run(Server.java:3048) [hadoop-common-3.3.6.jar:?]
]]></system-out>
  </testcase>
  <testcase name="testRecursiveDelete" classname="TestOzoneFileSystem" time="0.171">
    <system-out><![CDATA[18:55:25.735 [IPC Server handler 13 on default port 15110] ERROR OMAudit - user=runner | ip=127.0.0.1 | op=GET_FILE_STATUS {volume=volume95024, bucket=bucket37863, key=gdir1, dataSize=0, replicationConfig=null} | ret=FAILURE
org.apache.hadoop.ozone.om.exceptions.OMException: Unable to get file status: volume: volume95024 bucket: bucket37863 key: gdir1
	at org.apache.hadoop.ozone.om.KeyManagerImpl.getOzoneFileStatus(KeyManagerImpl.java:1195) ~[ozone-manager-1.4.0-SNAPSHOT.jar:?]
	at org.apache.hadoop.ozone.om.KeyManagerImpl.getFileStatus(KeyManagerImpl.java:1113) ~[ozone-manager-1.4.0-SNAPSHOT.jar:?]
	at org.apache.hadoop.ozone.om.OmMetadataReader.getFileStatus(OmMetadataReader.java:262) ~[ozone-manager-1.4.0-SNAPSHOT.jar:?]
	at org.apache.hadoop.ozone.om.OzoneManager.getFileStatus(OzoneManager.java:3530) ~[ozone-manager-1.4.0-SNAPSHOT.jar:?]
	at org.apache.hadoop.ozone.protocolPB.OzoneManagerRequestHandler.getOzoneFileStatus(OzoneManagerRequestHandler.java:973) ~[ozone-manager-1.4.0-SNAPSHOT.jar:?]
	at org.apache.hadoop.ozone.protocolPB.OzoneManagerRequestHandler.handleReadRequest(OzoneManagerRequestHandler.java:252) ~[ozone-manager-1.4.0-SNAPSHOT.jar:?]
	at org.apache.hadoop.ozone.protocolPB.OzoneManagerProtocolServerSideTranslatorPB.submitReadRequestToOM(OzoneManagerProtocolServerSideTranslatorPB.java:225) ~[ozone-manager-1.4.0-SNAPSHOT.jar:?]
	at org.apache.hadoop.ozone.protocolPB.OzoneManagerProtocolServerSideTranslatorPB.processRequest(OzoneManagerProtocolServerSideTranslatorPB.java:179) ~[ozone-manager-1.4.0-SNAPSHOT.jar:?]
	at org.apache.hadoop.hdds.server.OzoneProtocolMessageDispatcher.processRequest(OzoneProtocolMessageDispatcher.java:87) [hdds-server-framework-1.4.0-SNAPSHOT.jar:?]
	at org.apache.hadoop.ozone.protocolPB.OzoneManagerProtocolServerSideTranslatorPB.submitRequest(OzoneManagerProtocolServerSideTranslatorPB.java:148) [ozone-manager-1.4.0-SNAPSHOT.jar:?]
	at org.apache.hadoop.ozone.protocol.proto.OzoneManagerProtocolProtos$OzoneManagerService$2.callBlockingMethod(OzoneManagerProtocolProtos.java) [ozone-interface-client-1.4.0-SNAPSHOT.jar:?]
	at org.apache.hadoop.ipc.ProtobufRpcEngine$Server.processCall(ProtobufRpcEngine.java:484) [hadoop-common-3.3.6.jar:?]
	at org.apache.hadoop.ipc.ProtobufRpcEngine2$Server$ProtoBufRpcInvoker.call(ProtobufRpcEngine2.java:595) [hadoop-common-3.3.6.jar:?]
	at org.apache.hadoop.ipc.ProtobufRpcEngine2$Server$ProtoBufRpcInvoker.call(ProtobufRpcEngine2.java:573) [hadoop-common-3.3.6.jar:?]
	at org.apache.hadoop.ipc.RPC$Server.call(RPC.java:1227) [hadoop-common-3.3.6.jar:?]
	at org.apache.hadoop.ipc.Server$RpcCall.run(Server.java:1094) [hadoop-common-3.3.6.jar:?]
	at org.apache.hadoop.ipc.Server$RpcCall.run(Server.java:1017) [hadoop-common-3.3.6.jar:?]
	at java.security.AccessController.doPrivileged(Native Method) ~[?:1.8.0_382]
	at javax.security.auth.Subject.doAs(Subject.java:422) [?:1.8.0_382]
	at org.apache.hadoop.security.UserGroupInformation.doAs(UserGroupInformation.java:1899) [hadoop-common-3.3.6.jar:?]
	at org.apache.hadoop.ipc.Server$Handler.run(Server.java:3048) [hadoop-common-3.3.6.jar:?]
18:55:25.736 [IPC Server handler 14 on default port 15110] ERROR OMAudit - user=runner | ip=127.0.0.1 | op=GET_FILE_STATUS {volume=volume95024, bucket=bucket37863, key=gdir1/dir1, dataSize=0, replicationConfig=null} | ret=FAILURE
org.apache.hadoop.ozone.om.exceptions.OMException: Unable to get file status: volume: volume95024 bucket: bucket37863 key: gdir1/dir1
	at org.apache.hadoop.ozone.om.KeyManagerImpl.getOzoneFileStatus(KeyManagerImpl.java:1195) ~[ozone-manager-1.4.0-SNAPSHOT.jar:?]
	at org.apache.hadoop.ozone.om.KeyManagerImpl.getFileStatus(KeyManagerImpl.java:1113) ~[ozone-manager-1.4.0-SNAPSHOT.jar:?]
	at org.apache.hadoop.ozone.om.OmMetadataReader.getFileStatus(OmMetadataReader.java:262) ~[ozone-manager-1.4.0-SNAPSHOT.jar:?]
	at org.apache.hadoop.ozone.om.OzoneManager.getFileStatus(OzoneManager.java:3530) ~[ozone-manager-1.4.0-SNAPSHOT.jar:?]
	at org.apache.hadoop.ozone.protocolPB.OzoneManagerRequestHandler.getOzoneFileStatus(OzoneManagerRequestHandler.java:973) ~[ozone-manager-1.4.0-SNAPSHOT.jar:?]
	at org.apache.hadoop.ozone.protocolPB.OzoneManagerRequestHandler.handleReadRequest(OzoneManagerRequestHandler.java:252) ~[ozone-manager-1.4.0-SNAPSHOT.jar:?]
	at org.apache.hadoop.ozone.protocolPB.OzoneManagerProtocolServerSideTranslatorPB.submitReadRequestToOM(OzoneManagerProtocolServerSideTranslatorPB.java:225) ~[ozone-manager-1.4.0-SNAPSHOT.jar:?]
	at org.apache.hadoop.ozone.protocolPB.OzoneManagerProtocolServerSideTranslatorPB.processRequest(OzoneManagerProtocolServerSideTranslatorPB.java:179) ~[ozone-manager-1.4.0-SNAPSHOT.jar:?]
	at org.apache.hadoop.hdds.server.OzoneProtocolMessageDispatcher.processRequest(OzoneProtocolMessageDispatcher.java:87) [hdds-server-framework-1.4.0-SNAPSHOT.jar:?]
	at org.apache.hadoop.ozone.protocolPB.OzoneManagerProtocolServerSideTranslatorPB.submitRequest(OzoneManagerProtocolServerSideTranslatorPB.java:148) [ozone-manager-1.4.0-SNAPSHOT.jar:?]
	at org.apache.hadoop.ozone.protocol.proto.OzoneManagerProtocolProtos$OzoneManagerService$2.callBlockingMethod(OzoneManagerProtocolProtos.java) [ozone-interface-client-1.4.0-SNAPSHOT.jar:?]
	at org.apache.hadoop.ipc.ProtobufRpcEngine$Server.processCall(ProtobufRpcEngine.java:484) [hadoop-common-3.3.6.jar:?]
	at org.apache.hadoop.ipc.ProtobufRpcEngine2$Server$ProtoBufRpcInvoker.call(ProtobufRpcEngine2.java:595) [hadoop-common-3.3.6.jar:?]
	at org.apache.hadoop.ipc.ProtobufRpcEngine2$Server$ProtoBufRpcInvoker.call(ProtobufRpcEngine2.java:573) [hadoop-common-3.3.6.jar:?]
	at org.apache.hadoop.ipc.RPC$Server.call(RPC.java:1227) [hadoop-common-3.3.6.jar:?]
	at org.apache.hadoop.ipc.Server$RpcCall.run(Server.java:1094) [hadoop-common-3.3.6.jar:?]
	at org.apache.hadoop.ipc.Server$RpcCall.run(Server.java:1017) [hadoop-common-3.3.6.jar:?]
	at java.security.AccessController.doPrivileged(Native Method) ~[?:1.8.0_382]
	at javax.security.auth.Subject.doAs(Subject.java:422) [?:1.8.0_382]
	at org.apache.hadoop.security.UserGroupInformation.doAs(UserGroupInformation.java:1899) [hadoop-common-3.3.6.jar:?]
	at org.apache.hadoop.ipc.Server$Handler.run(Server.java:3048) [hadoop-common-3.3.6.jar:?]
18:55:25.737 [IPC Server handler 16 on default port 15110] ERROR OMAudit - user=runner | ip=127.0.0.1 | op=GET_FILE_STATUS {volume=volume95024, bucket=bucket37863, key=gdir1/dir1/child, dataSize=0, replicationConfig=null} | ret=FAILURE
org.apache.hadoop.ozone.om.exceptions.OMException: Unable to get file status: volume: volume95024 bucket: bucket37863 key: gdir1/dir1/child
	at org.apache.hadoop.ozone.om.KeyManagerImpl.getOzoneFileStatus(KeyManagerImpl.java:1195) ~[ozone-manager-1.4.0-SNAPSHOT.jar:?]
	at org.apache.hadoop.ozone.om.KeyManagerImpl.getFileStatus(KeyManagerImpl.java:1113) ~[ozone-manager-1.4.0-SNAPSHOT.jar:?]
	at org.apache.hadoop.ozone.om.OmMetadataReader.getFileStatus(OmMetadataReader.java:262) ~[ozone-manager-1.4.0-SNAPSHOT.jar:?]
	at org.apache.hadoop.ozone.om.OzoneManager.getFileStatus(OzoneManager.java:3530) ~[ozone-manager-1.4.0-SNAPSHOT.jar:?]
	at org.apache.hadoop.ozone.protocolPB.OzoneManagerRequestHandler.getOzoneFileStatus(OzoneManagerRequestHandler.java:973) ~[ozone-manager-1.4.0-SNAPSHOT.jar:?]
	at org.apache.hadoop.ozone.protocolPB.OzoneManagerRequestHandler.handleReadRequest(OzoneManagerRequestHandler.java:252) ~[ozone-manager-1.4.0-SNAPSHOT.jar:?]
	at org.apache.hadoop.ozone.protocolPB.OzoneManagerProtocolServerSideTranslatorPB.submitReadRequestToOM(OzoneManagerProtocolServerSideTranslatorPB.java:225) ~[ozone-manager-1.4.0-SNAPSHOT.jar:?]
	at org.apache.hadoop.ozone.protocolPB.OzoneManagerProtocolServerSideTranslatorPB.processRequest(OzoneManagerProtocolServerSideTranslatorPB.java:179) ~[ozone-manager-1.4.0-SNAPSHOT.jar:?]
	at org.apache.hadoop.hdds.server.OzoneProtocolMessageDispatcher.processRequest(OzoneProtocolMessageDispatcher.java:87) [hdds-server-framework-1.4.0-SNAPSHOT.jar:?]
	at org.apache.hadoop.ozone.protocolPB.OzoneManagerProtocolServerSideTranslatorPB.submitRequest(OzoneManagerProtocolServerSideTranslatorPB.java:148) [ozone-manager-1.4.0-SNAPSHOT.jar:?]
	at org.apache.hadoop.ozone.protocol.proto.OzoneManagerProtocolProtos$OzoneManagerService$2.callBlockingMethod(OzoneManagerProtocolProtos.java) [ozone-interface-client-1.4.0-SNAPSHOT.jar:?]
	at org.apache.hadoop.ipc.ProtobufRpcEngine$Server.processCall(ProtobufRpcEngine.java:484) [hadoop-common-3.3.6.jar:?]
	at org.apache.hadoop.ipc.ProtobufRpcEngine2$Server$ProtoBufRpcInvoker.call(ProtobufRpcEngine2.java:595) [hadoop-common-3.3.6.jar:?]
	at org.apache.hadoop.ipc.ProtobufRpcEngine2$Server$ProtoBufRpcInvoker.call(ProtobufRpcEngine2.java:573) [hadoop-common-3.3.6.jar:?]
	at org.apache.hadoop.ipc.RPC$Server.call(RPC.java:1227) [hadoop-common-3.3.6.jar:?]
	at org.apache.hadoop.ipc.Server$RpcCall.run(Server.java:1094) [hadoop-common-3.3.6.jar:?]
	at org.apache.hadoop.ipc.Server$RpcCall.run(Server.java:1017) [hadoop-common-3.3.6.jar:?]
	at java.security.AccessController.doPrivileged(Native Method) ~[?:1.8.0_382]
	at javax.security.auth.Subject.doAs(Subject.java:422) [?:1.8.0_382]
	at org.apache.hadoop.security.UserGroupInformation.doAs(UserGroupInformation.java:1899) [hadoop-common-3.3.6.jar:?]
	at org.apache.hadoop.ipc.Server$Handler.run(Server.java:3048) [hadoop-common-3.3.6.jar:?]
18:55:25.738 [IPC Server handler 15 on default port 15110] ERROR OMAudit - user=runner | ip=127.0.0.1 | op=GET_FILE_STATUS {volume=volume95024, bucket=bucket37863, key=gdir1/dir2, dataSize=0, replicationConfig=null} | ret=FAILURE
org.apache.hadoop.ozone.om.exceptions.OMException: Unable to get file status: volume: volume95024 bucket: bucket37863 key: gdir1/dir2
	at org.apache.hadoop.ozone.om.KeyManagerImpl.getOzoneFileStatus(KeyManagerImpl.java:1195) ~[ozone-manager-1.4.0-SNAPSHOT.jar:?]
	at org.apache.hadoop.ozone.om.KeyManagerImpl.getFileStatus(KeyManagerImpl.java:1113) ~[ozone-manager-1.4.0-SNAPSHOT.jar:?]
	at org.apache.hadoop.ozone.om.OmMetadataReader.getFileStatus(OmMetadataReader.java:262) ~[ozone-manager-1.4.0-SNAPSHOT.jar:?]
	at org.apache.hadoop.ozone.om.OzoneManager.getFileStatus(OzoneManager.java:3530) ~[ozone-manager-1.4.0-SNAPSHOT.jar:?]
	at org.apache.hadoop.ozone.protocolPB.OzoneManagerRequestHandler.getOzoneFileStatus(OzoneManagerRequestHandler.java:973) ~[ozone-manager-1.4.0-SNAPSHOT.jar:?]
	at org.apache.hadoop.ozone.protocolPB.OzoneManagerRequestHandler.handleReadRequest(OzoneManagerRequestHandler.java:252) ~[ozone-manager-1.4.0-SNAPSHOT.jar:?]
	at org.apache.hadoop.ozone.protocolPB.OzoneManagerProtocolServerSideTranslatorPB.submitReadRequestToOM(OzoneManagerProtocolServerSideTranslatorPB.java:225) ~[ozone-manager-1.4.0-SNAPSHOT.jar:?]
	at org.apache.hadoop.ozone.protocolPB.OzoneManagerProtocolServerSideTranslatorPB.processRequest(OzoneManagerProtocolServerSideTranslatorPB.java:179) ~[ozone-manager-1.4.0-SNAPSHOT.jar:?]
	at org.apache.hadoop.hdds.server.OzoneProtocolMessageDispatcher.processRequest(OzoneProtocolMessageDispatcher.java:87) [hdds-server-framework-1.4.0-SNAPSHOT.jar:?]
	at org.apache.hadoop.ozone.protocolPB.OzoneManagerProtocolServerSideTranslatorPB.submitRequest(OzoneManagerProtocolServerSideTranslatorPB.java:148) [ozone-manager-1.4.0-SNAPSHOT.jar:?]
	at org.apache.hadoop.ozone.protocol.proto.OzoneManagerProtocolProtos$OzoneManagerService$2.callBlockingMethod(OzoneManagerProtocolProtos.java) [ozone-interface-client-1.4.0-SNAPSHOT.jar:?]
	at org.apache.hadoop.ipc.ProtobufRpcEngine$Server.processCall(ProtobufRpcEngine.java:484) [hadoop-common-3.3.6.jar:?]
	at org.apache.hadoop.ipc.ProtobufRpcEngine2$Server$ProtoBufRpcInvoker.call(ProtobufRpcEngine2.java:595) [hadoop-common-3.3.6.jar:?]
	at org.apache.hadoop.ipc.ProtobufRpcEngine2$Server$ProtoBufRpcInvoker.call(ProtobufRpcEngine2.java:573) [hadoop-common-3.3.6.jar:?]
	at org.apache.hadoop.ipc.RPC$Server.call(RPC.java:1227) [hadoop-common-3.3.6.jar:?]
	at org.apache.hadoop.ipc.Server$RpcCall.run(Server.java:1094) [hadoop-common-3.3.6.jar:?]
	at org.apache.hadoop.ipc.Server$RpcCall.run(Server.java:1017) [hadoop-common-3.3.6.jar:?]
	at java.security.AccessController.doPrivileged(Native Method) ~[?:1.8.0_382]
	at javax.security.auth.Subject.doAs(Subject.java:422) [?:1.8.0_382]
	at org.apache.hadoop.security.UserGroupInformation.doAs(UserGroupInformation.java:1899) [hadoop-common-3.3.6.jar:?]
	at org.apache.hadoop.ipc.Server$Handler.run(Server.java:3048) [hadoop-common-3.3.6.jar:?]
18:55:25.739 [IPC Server handler 17 on default port 15110] ERROR OMAudit - user=runner | ip=127.0.0.1 | op=GET_FILE_STATUS {volume=volume95024, bucket=bucket37863, key=gdir1/dir2/child, dataSize=0, replicationConfig=null} | ret=FAILURE
org.apache.hadoop.ozone.om.exceptions.OMException: Unable to get file status: volume: volume95024 bucket: bucket37863 key: gdir1/dir2/child
	at org.apache.hadoop.ozone.om.KeyManagerImpl.getOzoneFileStatus(KeyManagerImpl.java:1195) ~[ozone-manager-1.4.0-SNAPSHOT.jar:?]
	at org.apache.hadoop.ozone.om.KeyManagerImpl.getFileStatus(KeyManagerImpl.java:1113) ~[ozone-manager-1.4.0-SNAPSHOT.jar:?]
	at org.apache.hadoop.ozone.om.OmMetadataReader.getFileStatus(OmMetadataReader.java:262) ~[ozone-manager-1.4.0-SNAPSHOT.jar:?]
	at org.apache.hadoop.ozone.om.OzoneManager.getFileStatus(OzoneManager.java:3530) ~[ozone-manager-1.4.0-SNAPSHOT.jar:?]
	at org.apache.hadoop.ozone.protocolPB.OzoneManagerRequestHandler.getOzoneFileStatus(OzoneManagerRequestHandler.java:973) ~[ozone-manager-1.4.0-SNAPSHOT.jar:?]
	at org.apache.hadoop.ozone.protocolPB.OzoneManagerRequestHandler.handleReadRequest(OzoneManagerRequestHandler.java:252) ~[ozone-manager-1.4.0-SNAPSHOT.jar:?]
	at org.apache.hadoop.ozone.protocolPB.OzoneManagerProtocolServerSideTranslatorPB.submitReadRequestToOM(OzoneManagerProtocolServerSideTranslatorPB.java:225) ~[ozone-manager-1.4.0-SNAPSHOT.jar:?]
	at org.apache.hadoop.ozone.protocolPB.OzoneManagerProtocolServerSideTranslatorPB.processRequest(OzoneManagerProtocolServerSideTranslatorPB.java:179) ~[ozone-manager-1.4.0-SNAPSHOT.jar:?]
	at org.apache.hadoop.hdds.server.OzoneProtocolMessageDispatcher.processRequest(OzoneProtocolMessageDispatcher.java:87) [hdds-server-framework-1.4.0-SNAPSHOT.jar:?]
	at org.apache.hadoop.ozone.protocolPB.OzoneManagerProtocolServerSideTranslatorPB.submitRequest(OzoneManagerProtocolServerSideTranslatorPB.java:148) [ozone-manager-1.4.0-SNAPSHOT.jar:?]
	at org.apache.hadoop.ozone.protocol.proto.OzoneManagerProtocolProtos$OzoneManagerService$2.callBlockingMethod(OzoneManagerProtocolProtos.java) [ozone-interface-client-1.4.0-SNAPSHOT.jar:?]
	at org.apache.hadoop.ipc.ProtobufRpcEngine$Server.processCall(ProtobufRpcEngine.java:484) [hadoop-common-3.3.6.jar:?]
	at org.apache.hadoop.ipc.ProtobufRpcEngine2$Server$ProtoBufRpcInvoker.call(ProtobufRpcEngine2.java:595) [hadoop-common-3.3.6.jar:?]
	at org.apache.hadoop.ipc.ProtobufRpcEngine2$Server$ProtoBufRpcInvoker.call(ProtobufRpcEngine2.java:573) [hadoop-common-3.3.6.jar:?]
	at org.apache.hadoop.ipc.RPC$Server.call(RPC.java:1227) [hadoop-common-3.3.6.jar:?]
	at org.apache.hadoop.ipc.Server$RpcCall.run(Server.java:1094) [hadoop-common-3.3.6.jar:?]
	at org.apache.hadoop.ipc.Server$RpcCall.run(Server.java:1017) [hadoop-common-3.3.6.jar:?]
	at java.security.AccessController.doPrivileged(Native Method) ~[?:1.8.0_382]
	at javax.security.auth.Subject.doAs(Subject.java:422) [?:1.8.0_382]
	at org.apache.hadoop.security.UserGroupInformation.doAs(UserGroupInformation.java:1899) [hadoop-common-3.3.6.jar:?]
	at org.apache.hadoop.ipc.Server$Handler.run(Server.java:3048) [hadoop-common-3.3.6.jar:?]
18:55:25.740 [IPC Server handler 18 on default port 15110] ERROR OMAudit - user=runner | ip=127.0.0.1 | op=GET_FILE_STATUS {volume=volume95024, bucket=bucket37863, key=gdir1/dir3, dataSize=0, replicationConfig=null} | ret=FAILURE
org.apache.hadoop.ozone.om.exceptions.OMException: Unable to get file status: volume: volume95024 bucket: bucket37863 key: gdir1/dir3
	at org.apache.hadoop.ozone.om.KeyManagerImpl.getOzoneFileStatus(KeyManagerImpl.java:1195) ~[ozone-manager-1.4.0-SNAPSHOT.jar:?]
	at org.apache.hadoop.ozone.om.KeyManagerImpl.getFileStatus(KeyManagerImpl.java:1113) ~[ozone-manager-1.4.0-SNAPSHOT.jar:?]
	at org.apache.hadoop.ozone.om.OmMetadataReader.getFileStatus(OmMetadataReader.java:262) ~[ozone-manager-1.4.0-SNAPSHOT.jar:?]
	at org.apache.hadoop.ozone.om.OzoneManager.getFileStatus(OzoneManager.java:3530) ~[ozone-manager-1.4.0-SNAPSHOT.jar:?]
	at org.apache.hadoop.ozone.protocolPB.OzoneManagerRequestHandler.getOzoneFileStatus(OzoneManagerRequestHandler.java:973) ~[ozone-manager-1.4.0-SNAPSHOT.jar:?]
	at org.apache.hadoop.ozone.protocolPB.OzoneManagerRequestHandler.handleReadRequest(OzoneManagerRequestHandler.java:252) ~[ozone-manager-1.4.0-SNAPSHOT.jar:?]
	at org.apache.hadoop.ozone.protocolPB.OzoneManagerProtocolServerSideTranslatorPB.submitReadRequestToOM(OzoneManagerProtocolServerSideTranslatorPB.java:225) ~[ozone-manager-1.4.0-SNAPSHOT.jar:?]
	at org.apache.hadoop.ozone.protocolPB.OzoneManagerProtocolServerSideTranslatorPB.processRequest(OzoneManagerProtocolServerSideTranslatorPB.java:179) ~[ozone-manager-1.4.0-SNAPSHOT.jar:?]
	at org.apache.hadoop.hdds.server.OzoneProtocolMessageDispatcher.processRequest(OzoneProtocolMessageDispatcher.java:87) [hdds-server-framework-1.4.0-SNAPSHOT.jar:?]
	at org.apache.hadoop.ozone.protocolPB.OzoneManagerProtocolServerSideTranslatorPB.submitRequest(OzoneManagerProtocolServerSideTranslatorPB.java:148) [ozone-manager-1.4.0-SNAPSHOT.jar:?]
	at org.apache.hadoop.ozone.protocol.proto.OzoneManagerProtocolProtos$OzoneManagerService$2.callBlockingMethod(OzoneManagerProtocolProtos.java) [ozone-interface-client-1.4.0-SNAPSHOT.jar:?]
	at org.apache.hadoop.ipc.ProtobufRpcEngine$Server.processCall(ProtobufRpcEngine.java:484) [hadoop-common-3.3.6.jar:?]
	at org.apache.hadoop.ipc.ProtobufRpcEngine2$Server$ProtoBufRpcInvoker.call(ProtobufRpcEngine2.java:595) [hadoop-common-3.3.6.jar:?]
	at org.apache.hadoop.ipc.ProtobufRpcEngine2$Server$ProtoBufRpcInvoker.call(ProtobufRpcEngine2.java:573) [hadoop-common-3.3.6.jar:?]
	at org.apache.hadoop.ipc.RPC$Server.call(RPC.java:1227) [hadoop-common-3.3.6.jar:?]
	at org.apache.hadoop.ipc.Server$RpcCall.run(Server.java:1094) [hadoop-common-3.3.6.jar:?]
	at org.apache.hadoop.ipc.Server$RpcCall.run(Server.java:1017) [hadoop-common-3.3.6.jar:?]
	at java.security.AccessController.doPrivileged(Native Method) ~[?:1.8.0_382]
	at javax.security.auth.Subject.doAs(Subject.java:422) [?:1.8.0_382]
	at org.apache.hadoop.security.UserGroupInformation.doAs(UserGroupInformation.java:1899) [hadoop-common-3.3.6.jar:?]
	at org.apache.hadoop.ipc.Server$Handler.run(Server.java:3048) [hadoop-common-3.3.6.jar:?]
18:55:25.741 [IPC Server handler 19 on default port 15110] ERROR OMAudit - user=runner | ip=127.0.0.1 | op=GET_FILE_STATUS {volume=volume95024, bucket=bucket37863, key=gdir1/dir3/child, dataSize=0, replicationConfig=null} | ret=FAILURE
org.apache.hadoop.ozone.om.exceptions.OMException: Unable to get file status: volume: volume95024 bucket: bucket37863 key: gdir1/dir3/child
	at org.apache.hadoop.ozone.om.KeyManagerImpl.getOzoneFileStatus(KeyManagerImpl.java:1195) ~[ozone-manager-1.4.0-SNAPSHOT.jar:?]
	at org.apache.hadoop.ozone.om.KeyManagerImpl.getFileStatus(KeyManagerImpl.java:1113) ~[ozone-manager-1.4.0-SNAPSHOT.jar:?]
	at org.apache.hadoop.ozone.om.OmMetadataReader.getFileStatus(OmMetadataReader.java:262) ~[ozone-manager-1.4.0-SNAPSHOT.jar:?]
	at org.apache.hadoop.ozone.om.OzoneManager.getFileStatus(OzoneManager.java:3530) ~[ozone-manager-1.4.0-SNAPSHOT.jar:?]
	at org.apache.hadoop.ozone.protocolPB.OzoneManagerRequestHandler.getOzoneFileStatus(OzoneManagerRequestHandler.java:973) ~[ozone-manager-1.4.0-SNAPSHOT.jar:?]
	at org.apache.hadoop.ozone.protocolPB.OzoneManagerRequestHandler.handleReadRequest(OzoneManagerRequestHandler.java:252) ~[ozone-manager-1.4.0-SNAPSHOT.jar:?]
	at org.apache.hadoop.ozone.protocolPB.OzoneManagerProtocolServerSideTranslatorPB.submitReadRequestToOM(OzoneManagerProtocolServerSideTranslatorPB.java:225) ~[ozone-manager-1.4.0-SNAPSHOT.jar:?]
	at org.apache.hadoop.ozone.protocolPB.OzoneManagerProtocolServerSideTranslatorPB.processRequest(OzoneManagerProtocolServerSideTranslatorPB.java:179) ~[ozone-manager-1.4.0-SNAPSHOT.jar:?]
	at org.apache.hadoop.hdds.server.OzoneProtocolMessageDispatcher.processRequest(OzoneProtocolMessageDispatcher.java:87) [hdds-server-framework-1.4.0-SNAPSHOT.jar:?]
	at org.apache.hadoop.ozone.protocolPB.OzoneManagerProtocolServerSideTranslatorPB.submitRequest(OzoneManagerProtocolServerSideTranslatorPB.java:148) [ozone-manager-1.4.0-SNAPSHOT.jar:?]
	at org.apache.hadoop.ozone.protocol.proto.OzoneManagerProtocolProtos$OzoneManagerService$2.callBlockingMethod(OzoneManagerProtocolProtos.java) [ozone-interface-client-1.4.0-SNAPSHOT.jar:?]
	at org.apache.hadoop.ipc.ProtobufRpcEngine$Server.processCall(ProtobufRpcEngine.java:484) [hadoop-common-3.3.6.jar:?]
	at org.apache.hadoop.ipc.ProtobufRpcEngine2$Server$ProtoBufRpcInvoker.call(ProtobufRpcEngine2.java:595) [hadoop-common-3.3.6.jar:?]
	at org.apache.hadoop.ipc.ProtobufRpcEngine2$Server$ProtoBufRpcInvoker.call(ProtobufRpcEngine2.java:573) [hadoop-common-3.3.6.jar:?]
	at org.apache.hadoop.ipc.RPC$Server.call(RPC.java:1227) [hadoop-common-3.3.6.jar:?]
	at org.apache.hadoop.ipc.Server$RpcCall.run(Server.java:1094) [hadoop-common-3.3.6.jar:?]
	at org.apache.hadoop.ipc.Server$RpcCall.run(Server.java:1017) [hadoop-common-3.3.6.jar:?]
	at java.security.AccessController.doPrivileged(Native Method) ~[?:1.8.0_382]
	at javax.security.auth.Subject.doAs(Subject.java:422) [?:1.8.0_382]
	at org.apache.hadoop.security.UserGroupInformation.doAs(UserGroupInformation.java:1899) [hadoop-common-3.3.6.jar:?]
	at org.apache.hadoop.ipc.Server$Handler.run(Server.java:3048) [hadoop-common-3.3.6.jar:?]
18:55:25.742 [IPC Server handler 0 on default port 15110] ERROR OMAudit - user=runner | ip=127.0.0.1 | op=GET_FILE_STATUS {volume=volume95024, bucket=bucket37863, key=gdir1/dir4, dataSize=0, replicationConfig=null} | ret=FAILURE
org.apache.hadoop.ozone.om.exceptions.OMException: Unable to get file status: volume: volume95024 bucket: bucket37863 key: gdir1/dir4
	at org.apache.hadoop.ozone.om.KeyManagerImpl.getOzoneFileStatus(KeyManagerImpl.java:1195) ~[ozone-manager-1.4.0-SNAPSHOT.jar:?]
	at org.apache.hadoop.ozone.om.KeyManagerImpl.getFileStatus(KeyManagerImpl.java:1113) ~[ozone-manager-1.4.0-SNAPSHOT.jar:?]
	at org.apache.hadoop.ozone.om.OmMetadataReader.getFileStatus(OmMetadataReader.java:262) ~[ozone-manager-1.4.0-SNAPSHOT.jar:?]
	at org.apache.hadoop.ozone.om.OzoneManager.getFileStatus(OzoneManager.java:3530) ~[ozone-manager-1.4.0-SNAPSHOT.jar:?]
	at org.apache.hadoop.ozone.protocolPB.OzoneManagerRequestHandler.getOzoneFileStatus(OzoneManagerRequestHandler.java:973) ~[ozone-manager-1.4.0-SNAPSHOT.jar:?]
	at org.apache.hadoop.ozone.protocolPB.OzoneManagerRequestHandler.handleReadRequest(OzoneManagerRequestHandler.java:252) ~[ozone-manager-1.4.0-SNAPSHOT.jar:?]
	at org.apache.hadoop.ozone.protocolPB.OzoneManagerProtocolServerSideTranslatorPB.submitReadRequestToOM(OzoneManagerProtocolServerSideTranslatorPB.java:225) ~[ozone-manager-1.4.0-SNAPSHOT.jar:?]
	at org.apache.hadoop.ozone.protocolPB.OzoneManagerProtocolServerSideTranslatorPB.processRequest(OzoneManagerProtocolServerSideTranslatorPB.java:179) ~[ozone-manager-1.4.0-SNAPSHOT.jar:?]
	at org.apache.hadoop.hdds.server.OzoneProtocolMessageDispatcher.processRequest(OzoneProtocolMessageDispatcher.java:87) [hdds-server-framework-1.4.0-SNAPSHOT.jar:?]
	at org.apache.hadoop.ozone.protocolPB.OzoneManagerProtocolServerSideTranslatorPB.submitRequest(OzoneManagerProtocolServerSideTranslatorPB.java:148) [ozone-manager-1.4.0-SNAPSHOT.jar:?]
	at org.apache.hadoop.ozone.protocol.proto.OzoneManagerProtocolProtos$OzoneManagerService$2.callBlockingMethod(OzoneManagerProtocolProtos.java) [ozone-interface-client-1.4.0-SNAPSHOT.jar:?]
	at org.apache.hadoop.ipc.ProtobufRpcEngine$Server.processCall(ProtobufRpcEngine.java:484) [hadoop-common-3.3.6.jar:?]
	at org.apache.hadoop.ipc.ProtobufRpcEngine2$Server$ProtoBufRpcInvoker.call(ProtobufRpcEngine2.java:595) [hadoop-common-3.3.6.jar:?]
	at org.apache.hadoop.ipc.ProtobufRpcEngine2$Server$ProtoBufRpcInvoker.call(ProtobufRpcEngine2.java:573) [hadoop-common-3.3.6.jar:?]
	at org.apache.hadoop.ipc.RPC$Server.call(RPC.java:1227) [hadoop-common-3.3.6.jar:?]
	at org.apache.hadoop.ipc.Server$RpcCall.run(Server.java:1094) [hadoop-common-3.3.6.jar:?]
	at org.apache.hadoop.ipc.Server$RpcCall.run(Server.java:1017) [hadoop-common-3.3.6.jar:?]
	at java.security.AccessController.doPrivileged(Native Method) ~[?:1.8.0_382]
	at javax.security.auth.Subject.doAs(Subject.java:422) [?:1.8.0_382]
	at org.apache.hadoop.security.UserGroupInformation.doAs(UserGroupInformation.java:1899) [hadoop-common-3.3.6.jar:?]
	at org.apache.hadoop.ipc.Server$Handler.run(Server.java:3048) [hadoop-common-3.3.6.jar:?]
18:55:25.743 [IPC Server handler 2 on default port 15110] ERROR OMAudit - user=runner | ip=127.0.0.1 | op=GET_FILE_STATUS {volume=volume95024, bucket=bucket37863, key=gdir1/dir4/child, dataSize=0, replicationConfig=null} | ret=FAILURE
org.apache.hadoop.ozone.om.exceptions.OMException: Unable to get file status: volume: volume95024 bucket: bucket37863 key: gdir1/dir4/child
	at org.apache.hadoop.ozone.om.KeyManagerImpl.getOzoneFileStatus(KeyManagerImpl.java:1195) ~[ozone-manager-1.4.0-SNAPSHOT.jar:?]
	at org.apache.hadoop.ozone.om.KeyManagerImpl.getFileStatus(KeyManagerImpl.java:1113) ~[ozone-manager-1.4.0-SNAPSHOT.jar:?]
	at org.apache.hadoop.ozone.om.OmMetadataReader.getFileStatus(OmMetadataReader.java:262) ~[ozone-manager-1.4.0-SNAPSHOT.jar:?]
	at org.apache.hadoop.ozone.om.OzoneManager.getFileStatus(OzoneManager.java:3530) ~[ozone-manager-1.4.0-SNAPSHOT.jar:?]
	at org.apache.hadoop.ozone.protocolPB.OzoneManagerRequestHandler.getOzoneFileStatus(OzoneManagerRequestHandler.java:973) ~[ozone-manager-1.4.0-SNAPSHOT.jar:?]
	at org.apache.hadoop.ozone.protocolPB.OzoneManagerRequestHandler.handleReadRequest(OzoneManagerRequestHandler.java:252) ~[ozone-manager-1.4.0-SNAPSHOT.jar:?]
	at org.apache.hadoop.ozone.protocolPB.OzoneManagerProtocolServerSideTranslatorPB.submitReadRequestToOM(OzoneManagerProtocolServerSideTranslatorPB.java:225) ~[ozone-manager-1.4.0-SNAPSHOT.jar:?]
	at org.apache.hadoop.ozone.protocolPB.OzoneManagerProtocolServerSideTranslatorPB.processRequest(OzoneManagerProtocolServerSideTranslatorPB.java:179) ~[ozone-manager-1.4.0-SNAPSHOT.jar:?]
	at org.apache.hadoop.hdds.server.OzoneProtocolMessageDispatcher.processRequest(OzoneProtocolMessageDispatcher.java:87) [hdds-server-framework-1.4.0-SNAPSHOT.jar:?]
	at org.apache.hadoop.ozone.protocolPB.OzoneManagerProtocolServerSideTranslatorPB.submitRequest(OzoneManagerProtocolServerSideTranslatorPB.java:148) [ozone-manager-1.4.0-SNAPSHOT.jar:?]
	at org.apache.hadoop.ozone.protocol.proto.OzoneManagerProtocolProtos$OzoneManagerService$2.callBlockingMethod(OzoneManagerProtocolProtos.java) [ozone-interface-client-1.4.0-SNAPSHOT.jar:?]
	at org.apache.hadoop.ipc.ProtobufRpcEngine$Server.processCall(ProtobufRpcEngine.java:484) [hadoop-common-3.3.6.jar:?]
	at org.apache.hadoop.ipc.ProtobufRpcEngine2$Server$ProtoBufRpcInvoker.call(ProtobufRpcEngine2.java:595) [hadoop-common-3.3.6.jar:?]
	at org.apache.hadoop.ipc.ProtobufRpcEngine2$Server$ProtoBufRpcInvoker.call(ProtobufRpcEngine2.java:573) [hadoop-common-3.3.6.jar:?]
	at org.apache.hadoop.ipc.RPC$Server.call(RPC.java:1227) [hadoop-common-3.3.6.jar:?]
	at org.apache.hadoop.ipc.Server$RpcCall.run(Server.java:1094) [hadoop-common-3.3.6.jar:?]
	at org.apache.hadoop.ipc.Server$RpcCall.run(Server.java:1017) [hadoop-common-3.3.6.jar:?]
	at java.security.AccessController.doPrivileged(Native Method) ~[?:1.8.0_382]
	at javax.security.auth.Subject.doAs(Subject.java:422) [?:1.8.0_382]
	at org.apache.hadoop.security.UserGroupInformation.doAs(UserGroupInformation.java:1899) [hadoop-common-3.3.6.jar:?]
	at org.apache.hadoop.ipc.Server$Handler.run(Server.java:3048) [hadoop-common-3.3.6.jar:?]
18:55:25.743 [IPC Server handler 1 on default port 15110] ERROR OMAudit - user=runner | ip=127.0.0.1 | op=GET_FILE_STATUS {volume=volume95024, bucket=bucket37863, key=gdir1/dir5, dataSize=0, replicationConfig=null} | ret=FAILURE
org.apache.hadoop.ozone.om.exceptions.OMException: Unable to get file status: volume: volume95024 bucket: bucket37863 key: gdir1/dir5
	at org.apache.hadoop.ozone.om.KeyManagerImpl.getOzoneFileStatus(KeyManagerImpl.java:1195) ~[ozone-manager-1.4.0-SNAPSHOT.jar:?]
	at org.apache.hadoop.ozone.om.KeyManagerImpl.getFileStatus(KeyManagerImpl.java:1113) ~[ozone-manager-1.4.0-SNAPSHOT.jar:?]
	at org.apache.hadoop.ozone.om.OmMetadataReader.getFileStatus(OmMetadataReader.java:262) ~[ozone-manager-1.4.0-SNAPSHOT.jar:?]
	at org.apache.hadoop.ozone.om.OzoneManager.getFileStatus(OzoneManager.java:3530) ~[ozone-manager-1.4.0-SNAPSHOT.jar:?]
	at org.apache.hadoop.ozone.protocolPB.OzoneManagerRequestHandler.getOzoneFileStatus(OzoneManagerRequestHandler.java:973) ~[ozone-manager-1.4.0-SNAPSHOT.jar:?]
	at org.apache.hadoop.ozone.protocolPB.OzoneManagerRequestHandler.handleReadRequest(OzoneManagerRequestHandler.java:252) ~[ozone-manager-1.4.0-SNAPSHOT.jar:?]
	at org.apache.hadoop.ozone.protocolPB.OzoneManagerProtocolServerSideTranslatorPB.submitReadRequestToOM(OzoneManagerProtocolServerSideTranslatorPB.java:225) ~[ozone-manager-1.4.0-SNAPSHOT.jar:?]
	at org.apache.hadoop.ozone.protocolPB.OzoneManagerProtocolServerSideTranslatorPB.processRequest(OzoneManagerProtocolServerSideTranslatorPB.java:179) ~[ozone-manager-1.4.0-SNAPSHOT.jar:?]
	at org.apache.hadoop.hdds.server.OzoneProtocolMessageDispatcher.processRequest(OzoneProtocolMessageDispatcher.java:87) [hdds-server-framework-1.4.0-SNAPSHOT.jar:?]
	at org.apache.hadoop.ozone.protocolPB.OzoneManagerProtocolServerSideTranslatorPB.submitRequest(OzoneManagerProtocolServerSideTranslatorPB.java:148) [ozone-manager-1.4.0-SNAPSHOT.jar:?]
	at org.apache.hadoop.ozone.protocol.proto.OzoneManagerProtocolProtos$OzoneManagerService$2.callBlockingMethod(OzoneManagerProtocolProtos.java) [ozone-interface-client-1.4.0-SNAPSHOT.jar:?]
	at org.apache.hadoop.ipc.ProtobufRpcEngine$Server.processCall(ProtobufRpcEngine.java:484) [hadoop-common-3.3.6.jar:?]
	at org.apache.hadoop.ipc.ProtobufRpcEngine2$Server$ProtoBufRpcInvoker.call(ProtobufRpcEngine2.java:595) [hadoop-common-3.3.6.jar:?]
	at org.apache.hadoop.ipc.ProtobufRpcEngine2$Server$ProtoBufRpcInvoker.call(ProtobufRpcEngine2.java:573) [hadoop-common-3.3.6.jar:?]
	at org.apache.hadoop.ipc.RPC$Server.call(RPC.java:1227) [hadoop-common-3.3.6.jar:?]
	at org.apache.hadoop.ipc.Server$RpcCall.run(Server.java:1094) [hadoop-common-3.3.6.jar:?]
	at org.apache.hadoop.ipc.Server$RpcCall.run(Server.java:1017) [hadoop-common-3.3.6.jar:?]
	at java.security.AccessController.doPrivileged(Native Method) ~[?:1.8.0_382]
	at javax.security.auth.Subject.doAs(Subject.java:422) [?:1.8.0_382]
	at org.apache.hadoop.security.UserGroupInformation.doAs(UserGroupInformation.java:1899) [hadoop-common-3.3.6.jar:?]
	at org.apache.hadoop.ipc.Server$Handler.run(Server.java:3048) [hadoop-common-3.3.6.jar:?]
18:55:25.744 [IPC Server handler 3 on default port 15110] ERROR OMAudit - user=runner | ip=127.0.0.1 | op=GET_FILE_STATUS {volume=volume95024, bucket=bucket37863, key=gdir1/dir5/child, dataSize=0, replicationConfig=null} | ret=FAILURE
org.apache.hadoop.ozone.om.exceptions.OMException: Unable to get file status: volume: volume95024 bucket: bucket37863 key: gdir1/dir5/child
	at org.apache.hadoop.ozone.om.KeyManagerImpl.getOzoneFileStatus(KeyManagerImpl.java:1195) ~[ozone-manager-1.4.0-SNAPSHOT.jar:?]
	at org.apache.hadoop.ozone.om.KeyManagerImpl.getFileStatus(KeyManagerImpl.java:1113) ~[ozone-manager-1.4.0-SNAPSHOT.jar:?]
	at org.apache.hadoop.ozone.om.OmMetadataReader.getFileStatus(OmMetadataReader.java:262) ~[ozone-manager-1.4.0-SNAPSHOT.jar:?]
	at org.apache.hadoop.ozone.om.OzoneManager.getFileStatus(OzoneManager.java:3530) ~[ozone-manager-1.4.0-SNAPSHOT.jar:?]
	at org.apache.hadoop.ozone.protocolPB.OzoneManagerRequestHandler.getOzoneFileStatus(OzoneManagerRequestHandler.java:973) ~[ozone-manager-1.4.0-SNAPSHOT.jar:?]
	at org.apache.hadoop.ozone.protocolPB.OzoneManagerRequestHandler.handleReadRequest(OzoneManagerRequestHandler.java:252) ~[ozone-manager-1.4.0-SNAPSHOT.jar:?]
	at org.apache.hadoop.ozone.protocolPB.OzoneManagerProtocolServerSideTranslatorPB.submitReadRequestToOM(OzoneManagerProtocolServerSideTranslatorPB.java:225) ~[ozone-manager-1.4.0-SNAPSHOT.jar:?]
	at org.apache.hadoop.ozone.protocolPB.OzoneManagerProtocolServerSideTranslatorPB.processRequest(OzoneManagerProtocolServerSideTranslatorPB.java:179) ~[ozone-manager-1.4.0-SNAPSHOT.jar:?]
	at org.apache.hadoop.hdds.server.OzoneProtocolMessageDispatcher.processRequest(OzoneProtocolMessageDispatcher.java:87) [hdds-server-framework-1.4.0-SNAPSHOT.jar:?]
	at org.apache.hadoop.ozone.protocolPB.OzoneManagerProtocolServerSideTranslatorPB.submitRequest(OzoneManagerProtocolServerSideTranslatorPB.java:148) [ozone-manager-1.4.0-SNAPSHOT.jar:?]
	at org.apache.hadoop.ozone.protocol.proto.OzoneManagerProtocolProtos$OzoneManagerService$2.callBlockingMethod(OzoneManagerProtocolProtos.java) [ozone-interface-client-1.4.0-SNAPSHOT.jar:?]
	at org.apache.hadoop.ipc.ProtobufRpcEngine$Server.processCall(ProtobufRpcEngine.java:484) [hadoop-common-3.3.6.jar:?]
	at org.apache.hadoop.ipc.ProtobufRpcEngine2$Server$ProtoBufRpcInvoker.call(ProtobufRpcEngine2.java:595) [hadoop-common-3.3.6.jar:?]
	at org.apache.hadoop.ipc.ProtobufRpcEngine2$Server$ProtoBufRpcInvoker.call(ProtobufRpcEngine2.java:573) [hadoop-common-3.3.6.jar:?]
	at org.apache.hadoop.ipc.RPC$Server.call(RPC.java:1227) [hadoop-common-3.3.6.jar:?]
	at org.apache.hadoop.ipc.Server$RpcCall.run(Server.java:1094) [hadoop-common-3.3.6.jar:?]
	at org.apache.hadoop.ipc.Server$RpcCall.run(Server.java:1017) [hadoop-common-3.3.6.jar:?]
	at java.security.AccessController.doPrivileged(Native Method) ~[?:1.8.0_382]
	at javax.security.auth.Subject.doAs(Subject.java:422) [?:1.8.0_382]
	at org.apache.hadoop.security.UserGroupInformation.doAs(UserGroupInformation.java:1899) [hadoop-common-3.3.6.jar:?]
	at org.apache.hadoop.ipc.Server$Handler.run(Server.java:3048) [hadoop-common-3.3.6.jar:?]
18:55:25.745 [IPC Server handler 4 on default port 15110] ERROR OMAudit - user=runner | ip=127.0.0.1 | op=GET_FILE_STATUS {volume=volume95024, bucket=bucket37863, key=gdir1/dir6, dataSize=0, replicationConfig=null} | ret=FAILURE
org.apache.hadoop.ozone.om.exceptions.OMException: Unable to get file status: volume: volume95024 bucket: bucket37863 key: gdir1/dir6
	at org.apache.hadoop.ozone.om.KeyManagerImpl.getOzoneFileStatus(KeyManagerImpl.java:1195) ~[ozone-manager-1.4.0-SNAPSHOT.jar:?]
	at org.apache.hadoop.ozone.om.KeyManagerImpl.getFileStatus(KeyManagerImpl.java:1113) ~[ozone-manager-1.4.0-SNAPSHOT.jar:?]
	at org.apache.hadoop.ozone.om.OmMetadataReader.getFileStatus(OmMetadataReader.java:262) ~[ozone-manager-1.4.0-SNAPSHOT.jar:?]
	at org.apache.hadoop.ozone.om.OzoneManager.getFileStatus(OzoneManager.java:3530) ~[ozone-manager-1.4.0-SNAPSHOT.jar:?]
	at org.apache.hadoop.ozone.protocolPB.OzoneManagerRequestHandler.getOzoneFileStatus(OzoneManagerRequestHandler.java:973) ~[ozone-manager-1.4.0-SNAPSHOT.jar:?]
	at org.apache.hadoop.ozone.protocolPB.OzoneManagerRequestHandler.handleReadRequest(OzoneManagerRequestHandler.java:252) ~[ozone-manager-1.4.0-SNAPSHOT.jar:?]
	at org.apache.hadoop.ozone.protocolPB.OzoneManagerProtocolServerSideTranslatorPB.submitReadRequestToOM(OzoneManagerProtocolServerSideTranslatorPB.java:225) ~[ozone-manager-1.4.0-SNAPSHOT.jar:?]
	at org.apache.hadoop.ozone.protocolPB.OzoneManagerProtocolServerSideTranslatorPB.processRequest(OzoneManagerProtocolServerSideTranslatorPB.java:179) ~[ozone-manager-1.4.0-SNAPSHOT.jar:?]
	at org.apache.hadoop.hdds.server.OzoneProtocolMessageDispatcher.processRequest(OzoneProtocolMessageDispatcher.java:87) [hdds-server-framework-1.4.0-SNAPSHOT.jar:?]
	at org.apache.hadoop.ozone.protocolPB.OzoneManagerProtocolServerSideTranslatorPB.submitRequest(OzoneManagerProtocolServerSideTranslatorPB.java:148) [ozone-manager-1.4.0-SNAPSHOT.jar:?]
	at org.apache.hadoop.ozone.protocol.proto.OzoneManagerProtocolProtos$OzoneManagerService$2.callBlockingMethod(OzoneManagerProtocolProtos.java) [ozone-interface-client-1.4.0-SNAPSHOT.jar:?]
	at org.apache.hadoop.ipc.ProtobufRpcEngine$Server.processCall(ProtobufRpcEngine.java:484) [hadoop-common-3.3.6.jar:?]
	at org.apache.hadoop.ipc.ProtobufRpcEngine2$Server$ProtoBufRpcInvoker.call(ProtobufRpcEngine2.java:595) [hadoop-common-3.3.6.jar:?]
	at org.apache.hadoop.ipc.ProtobufRpcEngine2$Server$ProtoBufRpcInvoker.call(ProtobufRpcEngine2.java:573) [hadoop-common-3.3.6.jar:?]
	at org.apache.hadoop.ipc.RPC$Server.call(RPC.java:1227) [hadoop-common-3.3.6.jar:?]
	at org.apache.hadoop.ipc.Server$RpcCall.run(Server.java:1094) [hadoop-common-3.3.6.jar:?]
	at org.apache.hadoop.ipc.Server$RpcCall.run(Server.java:1017) [hadoop-common-3.3.6.jar:?]
	at java.security.AccessController.doPrivileged(Native Method) ~[?:1.8.0_382]
	at javax.security.auth.Subject.doAs(Subject.java:422) [?:1.8.0_382]
	at org.apache.hadoop.security.UserGroupInformation.doAs(UserGroupInformation.java:1899) [hadoop-common-3.3.6.jar:?]
	at org.apache.hadoop.ipc.Server$Handler.run(Server.java:3048) [hadoop-common-3.3.6.jar:?]
18:55:25.746 [IPC Server handler 5 on default port 15110] ERROR OMAudit - user=runner | ip=127.0.0.1 | op=GET_FILE_STATUS {volume=volume95024, bucket=bucket37863, key=gdir1/dir6/child, dataSize=0, replicationConfig=null} | ret=FAILURE
org.apache.hadoop.ozone.om.exceptions.OMException: Unable to get file status: volume: volume95024 bucket: bucket37863 key: gdir1/dir6/child
	at org.apache.hadoop.ozone.om.KeyManagerImpl.getOzoneFileStatus(KeyManagerImpl.java:1195) ~[ozone-manager-1.4.0-SNAPSHOT.jar:?]
	at org.apache.hadoop.ozone.om.KeyManagerImpl.getFileStatus(KeyManagerImpl.java:1113) ~[ozone-manager-1.4.0-SNAPSHOT.jar:?]
	at org.apache.hadoop.ozone.om.OmMetadataReader.getFileStatus(OmMetadataReader.java:262) ~[ozone-manager-1.4.0-SNAPSHOT.jar:?]
	at org.apache.hadoop.ozone.om.OzoneManager.getFileStatus(OzoneManager.java:3530) ~[ozone-manager-1.4.0-SNAPSHOT.jar:?]
	at org.apache.hadoop.ozone.protocolPB.OzoneManagerRequestHandler.getOzoneFileStatus(OzoneManagerRequestHandler.java:973) ~[ozone-manager-1.4.0-SNAPSHOT.jar:?]
	at org.apache.hadoop.ozone.protocolPB.OzoneManagerRequestHandler.handleReadRequest(OzoneManagerRequestHandler.java:252) ~[ozone-manager-1.4.0-SNAPSHOT.jar:?]
	at org.apache.hadoop.ozone.protocolPB.OzoneManagerProtocolServerSideTranslatorPB.submitReadRequestToOM(OzoneManagerProtocolServerSideTranslatorPB.java:225) ~[ozone-manager-1.4.0-SNAPSHOT.jar:?]
	at org.apache.hadoop.ozone.protocolPB.OzoneManagerProtocolServerSideTranslatorPB.processRequest(OzoneManagerProtocolServerSideTranslatorPB.java:179) ~[ozone-manager-1.4.0-SNAPSHOT.jar:?]
	at org.apache.hadoop.hdds.server.OzoneProtocolMessageDispatcher.processRequest(OzoneProtocolMessageDispatcher.java:87) [hdds-server-framework-1.4.0-SNAPSHOT.jar:?]
	at org.apache.hadoop.ozone.protocolPB.OzoneManagerProtocolServerSideTranslatorPB.submitRequest(OzoneManagerProtocolServerSideTranslatorPB.java:148) [ozone-manager-1.4.0-SNAPSHOT.jar:?]
	at org.apache.hadoop.ozone.protocol.proto.OzoneManagerProtocolProtos$OzoneManagerService$2.callBlockingMethod(OzoneManagerProtocolProtos.java) [ozone-interface-client-1.4.0-SNAPSHOT.jar:?]
	at org.apache.hadoop.ipc.ProtobufRpcEngine$Server.processCall(ProtobufRpcEngine.java:484) [hadoop-common-3.3.6.jar:?]
	at org.apache.hadoop.ipc.ProtobufRpcEngine2$Server$ProtoBufRpcInvoker.call(ProtobufRpcEngine2.java:595) [hadoop-common-3.3.6.jar:?]
	at org.apache.hadoop.ipc.ProtobufRpcEngine2$Server$ProtoBufRpcInvoker.call(ProtobufRpcEngine2.java:573) [hadoop-common-3.3.6.jar:?]
	at org.apache.hadoop.ipc.RPC$Server.call(RPC.java:1227) [hadoop-common-3.3.6.jar:?]
	at org.apache.hadoop.ipc.Server$RpcCall.run(Server.java:1094) [hadoop-common-3.3.6.jar:?]
	at org.apache.hadoop.ipc.Server$RpcCall.run(Server.java:1017) [hadoop-common-3.3.6.jar:?]
	at java.security.AccessController.doPrivileged(Native Method) ~[?:1.8.0_382]
	at javax.security.auth.Subject.doAs(Subject.java:422) [?:1.8.0_382]
	at org.apache.hadoop.security.UserGroupInformation.doAs(UserGroupInformation.java:1899) [hadoop-common-3.3.6.jar:?]
	at org.apache.hadoop.ipc.Server$Handler.run(Server.java:3048) [hadoop-common-3.3.6.jar:?]
18:55:25.747 [IPC Server handler 6 on default port 15110] ERROR OMAudit - user=runner | ip=127.0.0.1 | op=GET_FILE_STATUS {volume=volume95024, bucket=bucket37863, key=gdir1/dir7, dataSize=0, replicationConfig=null} | ret=FAILURE
org.apache.hadoop.ozone.om.exceptions.OMException: Unable to get file status: volume: volume95024 bucket: bucket37863 key: gdir1/dir7
	at org.apache.hadoop.ozone.om.KeyManagerImpl.getOzoneFileStatus(KeyManagerImpl.java:1195) ~[ozone-manager-1.4.0-SNAPSHOT.jar:?]
	at org.apache.hadoop.ozone.om.KeyManagerImpl.getFileStatus(KeyManagerImpl.java:1113) ~[ozone-manager-1.4.0-SNAPSHOT.jar:?]
	at org.apache.hadoop.ozone.om.OmMetadataReader.getFileStatus(OmMetadataReader.java:262) ~[ozone-manager-1.4.0-SNAPSHOT.jar:?]
	at org.apache.hadoop.ozone.om.OzoneManager.getFileStatus(OzoneManager.java:3530) ~[ozone-manager-1.4.0-SNAPSHOT.jar:?]
	at org.apache.hadoop.ozone.protocolPB.OzoneManagerRequestHandler.getOzoneFileStatus(OzoneManagerRequestHandler.java:973) ~[ozone-manager-1.4.0-SNAPSHOT.jar:?]
	at org.apache.hadoop.ozone.protocolPB.OzoneManagerRequestHandler.handleReadRequest(OzoneManagerRequestHandler.java:252) ~[ozone-manager-1.4.0-SNAPSHOT.jar:?]
	at org.apache.hadoop.ozone.protocolPB.OzoneManagerProtocolServerSideTranslatorPB.submitReadRequestToOM(OzoneManagerProtocolServerSideTranslatorPB.java:225) ~[ozone-manager-1.4.0-SNAPSHOT.jar:?]
	at org.apache.hadoop.ozone.protocolPB.OzoneManagerProtocolServerSideTranslatorPB.processRequest(OzoneManagerProtocolServerSideTranslatorPB.java:179) ~[ozone-manager-1.4.0-SNAPSHOT.jar:?]
	at org.apache.hadoop.hdds.server.OzoneProtocolMessageDispatcher.processRequest(OzoneProtocolMessageDispatcher.java:87) [hdds-server-framework-1.4.0-SNAPSHOT.jar:?]
	at org.apache.hadoop.ozone.protocolPB.OzoneManagerProtocolServerSideTranslatorPB.submitRequest(OzoneManagerProtocolServerSideTranslatorPB.java:148) [ozone-manager-1.4.0-SNAPSHOT.jar:?]
	at org.apache.hadoop.ozone.protocol.proto.OzoneManagerProtocolProtos$OzoneManagerService$2.callBlockingMethod(OzoneManagerProtocolProtos.java) [ozone-interface-client-1.4.0-SNAPSHOT.jar:?]
	at org.apache.hadoop.ipc.ProtobufRpcEngine$Server.processCall(ProtobufRpcEngine.java:484) [hadoop-common-3.3.6.jar:?]
	at org.apache.hadoop.ipc.ProtobufRpcEngine2$Server$ProtoBufRpcInvoker.call(ProtobufRpcEngine2.java:595) [hadoop-common-3.3.6.jar:?]
	at org.apache.hadoop.ipc.ProtobufRpcEngine2$Server$ProtoBufRpcInvoker.call(ProtobufRpcEngine2.java:573) [hadoop-common-3.3.6.jar:?]
	at org.apache.hadoop.ipc.RPC$Server.call(RPC.java:1227) [hadoop-common-3.3.6.jar:?]
	at org.apache.hadoop.ipc.Server$RpcCall.run(Server.java:1094) [hadoop-common-3.3.6.jar:?]
	at org.apache.hadoop.ipc.Server$RpcCall.run(Server.java:1017) [hadoop-common-3.3.6.jar:?]
	at java.security.AccessController.doPrivileged(Native Method) ~[?:1.8.0_382]
	at javax.security.auth.Subject.doAs(Subject.java:422) [?:1.8.0_382]
	at org.apache.hadoop.security.UserGroupInformation.doAs(UserGroupInformation.java:1899) [hadoop-common-3.3.6.jar:?]
	at org.apache.hadoop.ipc.Server$Handler.run(Server.java:3048) [hadoop-common-3.3.6.jar:?]
18:55:25.747 [IPC Server handler 7 on default port 15110] ERROR OMAudit - user=runner | ip=127.0.0.1 | op=GET_FILE_STATUS {volume=volume95024, bucket=bucket37863, key=gdir1/dir7/child, dataSize=0, replicationConfig=null} | ret=FAILURE
org.apache.hadoop.ozone.om.exceptions.OMException: Unable to get file status: volume: volume95024 bucket: bucket37863 key: gdir1/dir7/child
	at org.apache.hadoop.ozone.om.KeyManagerImpl.getOzoneFileStatus(KeyManagerImpl.java:1195) ~[ozone-manager-1.4.0-SNAPSHOT.jar:?]
	at org.apache.hadoop.ozone.om.KeyManagerImpl.getFileStatus(KeyManagerImpl.java:1113) ~[ozone-manager-1.4.0-SNAPSHOT.jar:?]
	at org.apache.hadoop.ozone.om.OmMetadataReader.getFileStatus(OmMetadataReader.java:262) ~[ozone-manager-1.4.0-SNAPSHOT.jar:?]
	at org.apache.hadoop.ozone.om.OzoneManager.getFileStatus(OzoneManager.java:3530) ~[ozone-manager-1.4.0-SNAPSHOT.jar:?]
	at org.apache.hadoop.ozone.protocolPB.OzoneManagerRequestHandler.getOzoneFileStatus(OzoneManagerRequestHandler.java:973) ~[ozone-manager-1.4.0-SNAPSHOT.jar:?]
	at org.apache.hadoop.ozone.protocolPB.OzoneManagerRequestHandler.handleReadRequest(OzoneManagerRequestHandler.java:252) ~[ozone-manager-1.4.0-SNAPSHOT.jar:?]
	at org.apache.hadoop.ozone.protocolPB.OzoneManagerProtocolServerSideTranslatorPB.submitReadRequestToOM(OzoneManagerProtocolServerSideTranslatorPB.java:225) ~[ozone-manager-1.4.0-SNAPSHOT.jar:?]
	at org.apache.hadoop.ozone.protocolPB.OzoneManagerProtocolServerSideTranslatorPB.processRequest(OzoneManagerProtocolServerSideTranslatorPB.java:179) ~[ozone-manager-1.4.0-SNAPSHOT.jar:?]
	at org.apache.hadoop.hdds.server.OzoneProtocolMessageDispatcher.processRequest(OzoneProtocolMessageDispatcher.java:87) [hdds-server-framework-1.4.0-SNAPSHOT.jar:?]
	at org.apache.hadoop.ozone.protocolPB.OzoneManagerProtocolServerSideTranslatorPB.submitRequest(OzoneManagerProtocolServerSideTranslatorPB.java:148) [ozone-manager-1.4.0-SNAPSHOT.jar:?]
	at org.apache.hadoop.ozone.protocol.proto.OzoneManagerProtocolProtos$OzoneManagerService$2.callBlockingMethod(OzoneManagerProtocolProtos.java) [ozone-interface-client-1.4.0-SNAPSHOT.jar:?]
	at org.apache.hadoop.ipc.ProtobufRpcEngine$Server.processCall(ProtobufRpcEngine.java:484) [hadoop-common-3.3.6.jar:?]
	at org.apache.hadoop.ipc.ProtobufRpcEngine2$Server$ProtoBufRpcInvoker.call(ProtobufRpcEngine2.java:595) [hadoop-common-3.3.6.jar:?]
	at org.apache.hadoop.ipc.ProtobufRpcEngine2$Server$ProtoBufRpcInvoker.call(ProtobufRpcEngine2.java:573) [hadoop-common-3.3.6.jar:?]
	at org.apache.hadoop.ipc.RPC$Server.call(RPC.java:1227) [hadoop-common-3.3.6.jar:?]
	at org.apache.hadoop.ipc.Server$RpcCall.run(Server.java:1094) [hadoop-common-3.3.6.jar:?]
	at org.apache.hadoop.ipc.Server$RpcCall.run(Server.java:1017) [hadoop-common-3.3.6.jar:?]
	at java.security.AccessController.doPrivileged(Native Method) ~[?:1.8.0_382]
	at javax.security.auth.Subject.doAs(Subject.java:422) [?:1.8.0_382]
	at org.apache.hadoop.security.UserGroupInformation.doAs(UserGroupInformation.java:1899) [hadoop-common-3.3.6.jar:?]
	at org.apache.hadoop.ipc.Server$Handler.run(Server.java:3048) [hadoop-common-3.3.6.jar:?]
18:55:25.748 [IPC Server handler 8 on default port 15110] ERROR OMAudit - user=runner | ip=127.0.0.1 | op=GET_FILE_STATUS {volume=volume95024, bucket=bucket37863, key=gdir1/dir8, dataSize=0, replicationConfig=null} | ret=FAILURE
org.apache.hadoop.ozone.om.exceptions.OMException: Unable to get file status: volume: volume95024 bucket: bucket37863 key: gdir1/dir8
	at org.apache.hadoop.ozone.om.KeyManagerImpl.getOzoneFileStatus(KeyManagerImpl.java:1195) ~[ozone-manager-1.4.0-SNAPSHOT.jar:?]
	at org.apache.hadoop.ozone.om.KeyManagerImpl.getFileStatus(KeyManagerImpl.java:1113) ~[ozone-manager-1.4.0-SNAPSHOT.jar:?]
	at org.apache.hadoop.ozone.om.OmMetadataReader.getFileStatus(OmMetadataReader.java:262) ~[ozone-manager-1.4.0-SNAPSHOT.jar:?]
	at org.apache.hadoop.ozone.om.OzoneManager.getFileStatus(OzoneManager.java:3530) ~[ozone-manager-1.4.0-SNAPSHOT.jar:?]
	at org.apache.hadoop.ozone.protocolPB.OzoneManagerRequestHandler.getOzoneFileStatus(OzoneManagerRequestHandler.java:973) ~[ozone-manager-1.4.0-SNAPSHOT.jar:?]
	at org.apache.hadoop.ozone.protocolPB.OzoneManagerRequestHandler.handleReadRequest(OzoneManagerRequestHandler.java:252) ~[ozone-manager-1.4.0-SNAPSHOT.jar:?]
	at org.apache.hadoop.ozone.protocolPB.OzoneManagerProtocolServerSideTranslatorPB.submitReadRequestToOM(OzoneManagerProtocolServerSideTranslatorPB.java:225) ~[ozone-manager-1.4.0-SNAPSHOT.jar:?]
	at org.apache.hadoop.ozone.protocolPB.OzoneManagerProtocolServerSideTranslatorPB.processRequest(OzoneManagerProtocolServerSideTranslatorPB.java:179) ~[ozone-manager-1.4.0-SNAPSHOT.jar:?]
	at org.apache.hadoop.hdds.server.OzoneProtocolMessageDispatcher.processRequest(OzoneProtocolMessageDispatcher.java:87) [hdds-server-framework-1.4.0-SNAPSHOT.jar:?]
	at org.apache.hadoop.ozone.protocolPB.OzoneManagerProtocolServerSideTranslatorPB.submitRequest(OzoneManagerProtocolServerSideTranslatorPB.java:148) [ozone-manager-1.4.0-SNAPSHOT.jar:?]
	at org.apache.hadoop.ozone.protocol.proto.OzoneManagerProtocolProtos$OzoneManagerService$2.callBlockingMethod(OzoneManagerProtocolProtos.java) [ozone-interface-client-1.4.0-SNAPSHOT.jar:?]
	at org.apache.hadoop.ipc.ProtobufRpcEngine$Server.processCall(ProtobufRpcEngine.java:484) [hadoop-common-3.3.6.jar:?]
	at org.apache.hadoop.ipc.ProtobufRpcEngine2$Server$ProtoBufRpcInvoker.call(ProtobufRpcEngine2.java:595) [hadoop-common-3.3.6.jar:?]
	at org.apache.hadoop.ipc.ProtobufRpcEngine2$Server$ProtoBufRpcInvoker.call(ProtobufRpcEngine2.java:573) [hadoop-common-3.3.6.jar:?]
	at org.apache.hadoop.ipc.RPC$Server.call(RPC.java:1227) [hadoop-common-3.3.6.jar:?]
	at org.apache.hadoop.ipc.Server$RpcCall.run(Server.java:1094) [hadoop-common-3.3.6.jar:?]
	at org.apache.hadoop.ipc.Server$RpcCall.run(Server.java:1017) [hadoop-common-3.3.6.jar:?]
	at java.security.AccessController.doPrivileged(Native Method) ~[?:1.8.0_382]
	at javax.security.auth.Subject.doAs(Subject.java:422) [?:1.8.0_382]
	at org.apache.hadoop.security.UserGroupInformation.doAs(UserGroupInformation.java:1899) [hadoop-common-3.3.6.jar:?]
	at org.apache.hadoop.ipc.Server$Handler.run(Server.java:3048) [hadoop-common-3.3.6.jar:?]
18:55:25.750 [IPC Server handler 10 on default port 15110] ERROR OMAudit - user=runner | ip=127.0.0.1 | op=GET_FILE_STATUS {volume=volume95024, bucket=bucket37863, key=gdir1/dir8/child, dataSize=0, replicationConfig=null} | ret=FAILURE
org.apache.hadoop.ozone.om.exceptions.OMException: Unable to get file status: volume: volume95024 bucket: bucket37863 key: gdir1/dir8/child
	at org.apache.hadoop.ozone.om.KeyManagerImpl.getOzoneFileStatus(KeyManagerImpl.java:1195) ~[ozone-manager-1.4.0-SNAPSHOT.jar:?]
	at org.apache.hadoop.ozone.om.KeyManagerImpl.getFileStatus(KeyManagerImpl.java:1113) ~[ozone-manager-1.4.0-SNAPSHOT.jar:?]
	at org.apache.hadoop.ozone.om.OmMetadataReader.getFileStatus(OmMetadataReader.java:262) ~[ozone-manager-1.4.0-SNAPSHOT.jar:?]
	at org.apache.hadoop.ozone.om.OzoneManager.getFileStatus(OzoneManager.java:3530) ~[ozone-manager-1.4.0-SNAPSHOT.jar:?]
	at org.apache.hadoop.ozone.protocolPB.OzoneManagerRequestHandler.getOzoneFileStatus(OzoneManagerRequestHandler.java:973) ~[ozone-manager-1.4.0-SNAPSHOT.jar:?]
	at org.apache.hadoop.ozone.protocolPB.OzoneManagerRequestHandler.handleReadRequest(OzoneManagerRequestHandler.java:252) ~[ozone-manager-1.4.0-SNAPSHOT.jar:?]
	at org.apache.hadoop.ozone.protocolPB.OzoneManagerProtocolServerSideTranslatorPB.submitReadRequestToOM(OzoneManagerProtocolServerSideTranslatorPB.java:225) ~[ozone-manager-1.4.0-SNAPSHOT.jar:?]
	at org.apache.hadoop.ozone.protocolPB.OzoneManagerProtocolServerSideTranslatorPB.processRequest(OzoneManagerProtocolServerSideTranslatorPB.java:179) ~[ozone-manager-1.4.0-SNAPSHOT.jar:?]
	at org.apache.hadoop.hdds.server.OzoneProtocolMessageDispatcher.processRequest(OzoneProtocolMessageDispatcher.java:87) [hdds-server-framework-1.4.0-SNAPSHOT.jar:?]
	at org.apache.hadoop.ozone.protocolPB.OzoneManagerProtocolServerSideTranslatorPB.submitRequest(OzoneManagerProtocolServerSideTranslatorPB.java:148) [ozone-manager-1.4.0-SNAPSHOT.jar:?]
	at org.apache.hadoop.ozone.protocol.proto.OzoneManagerProtocolProtos$OzoneManagerService$2.callBlockingMethod(OzoneManagerProtocolProtos.java) [ozone-interface-client-1.4.0-SNAPSHOT.jar:?]
	at org.apache.hadoop.ipc.ProtobufRpcEngine$Server.processCall(ProtobufRpcEngine.java:484) [hadoop-common-3.3.6.jar:?]
	at org.apache.hadoop.ipc.ProtobufRpcEngine2$Server$ProtoBufRpcInvoker.call(ProtobufRpcEngine2.java:595) [hadoop-common-3.3.6.jar:?]
	at org.apache.hadoop.ipc.ProtobufRpcEngine2$Server$ProtoBufRpcInvoker.call(ProtobufRpcEngine2.java:573) [hadoop-common-3.3.6.jar:?]
	at org.apache.hadoop.ipc.RPC$Server.call(RPC.java:1227) [hadoop-common-3.3.6.jar:?]
	at org.apache.hadoop.ipc.Server$RpcCall.run(Server.java:1094) [hadoop-common-3.3.6.jar:?]
	at org.apache.hadoop.ipc.Server$RpcCall.run(Server.java:1017) [hadoop-common-3.3.6.jar:?]
	at java.security.AccessController.doPrivileged(Native Method) ~[?:1.8.0_382]
	at javax.security.auth.Subject.doAs(Subject.java:422) [?:1.8.0_382]
	at org.apache.hadoop.security.UserGroupInformation.doAs(UserGroupInformation.java:1899) [hadoop-common-3.3.6.jar:?]
	at org.apache.hadoop.ipc.Server$Handler.run(Server.java:3048) [hadoop-common-3.3.6.jar:?]
18:55:25.751 [IPC Server handler 9 on default port 15110] ERROR OMAudit - user=runner | ip=127.0.0.1 | op=GET_FILE_STATUS {volume=volume95024, bucket=bucket37863, key=gdir1/dir9, dataSize=0, replicationConfig=null} | ret=FAILURE
org.apache.hadoop.ozone.om.exceptions.OMException: Unable to get file status: volume: volume95024 bucket: bucket37863 key: gdir1/dir9
	at org.apache.hadoop.ozone.om.KeyManagerImpl.getOzoneFileStatus(KeyManagerImpl.java:1195) ~[ozone-manager-1.4.0-SNAPSHOT.jar:?]
	at org.apache.hadoop.ozone.om.KeyManagerImpl.getFileStatus(KeyManagerImpl.java:1113) ~[ozone-manager-1.4.0-SNAPSHOT.jar:?]
	at org.apache.hadoop.ozone.om.OmMetadataReader.getFileStatus(OmMetadataReader.java:262) ~[ozone-manager-1.4.0-SNAPSHOT.jar:?]
	at org.apache.hadoop.ozone.om.OzoneManager.getFileStatus(OzoneManager.java:3530) ~[ozone-manager-1.4.0-SNAPSHOT.jar:?]
	at org.apache.hadoop.ozone.protocolPB.OzoneManagerRequestHandler.getOzoneFileStatus(OzoneManagerRequestHandler.java:973) ~[ozone-manager-1.4.0-SNAPSHOT.jar:?]
	at org.apache.hadoop.ozone.protocolPB.OzoneManagerRequestHandler.handleReadRequest(OzoneManagerRequestHandler.java:252) ~[ozone-manager-1.4.0-SNAPSHOT.jar:?]
	at org.apache.hadoop.ozone.protocolPB.OzoneManagerProtocolServerSideTranslatorPB.submitReadRequestToOM(OzoneManagerProtocolServerSideTranslatorPB.java:225) ~[ozone-manager-1.4.0-SNAPSHOT.jar:?]
	at org.apache.hadoop.ozone.protocolPB.OzoneManagerProtocolServerSideTranslatorPB.processRequest(OzoneManagerProtocolServerSideTranslatorPB.java:179) ~[ozone-manager-1.4.0-SNAPSHOT.jar:?]
	at org.apache.hadoop.hdds.server.OzoneProtocolMessageDispatcher.processRequest(OzoneProtocolMessageDispatcher.java:87) [hdds-server-framework-1.4.0-SNAPSHOT.jar:?]
	at org.apache.hadoop.ozone.protocolPB.OzoneManagerProtocolServerSideTranslatorPB.submitRequest(OzoneManagerProtocolServerSideTranslatorPB.java:148) [ozone-manager-1.4.0-SNAPSHOT.jar:?]
	at org.apache.hadoop.ozone.protocol.proto.OzoneManagerProtocolProtos$OzoneManagerService$2.callBlockingMethod(OzoneManagerProtocolProtos.java) [ozone-interface-client-1.4.0-SNAPSHOT.jar:?]
	at org.apache.hadoop.ipc.ProtobufRpcEngine$Server.processCall(ProtobufRpcEngine.java:484) [hadoop-common-3.3.6.jar:?]
	at org.apache.hadoop.ipc.ProtobufRpcEngine2$Server$ProtoBufRpcInvoker.call(ProtobufRpcEngine2.java:595) [hadoop-common-3.3.6.jar:?]
	at org.apache.hadoop.ipc.ProtobufRpcEngine2$Server$ProtoBufRpcInvoker.call(ProtobufRpcEngine2.java:573) [hadoop-common-3.3.6.jar:?]
	at org.apache.hadoop.ipc.RPC$Server.call(RPC.java:1227) [hadoop-common-3.3.6.jar:?]
	at org.apache.hadoop.ipc.Server$RpcCall.run(Server.java:1094) [hadoop-common-3.3.6.jar:?]
	at org.apache.hadoop.ipc.Server$RpcCall.run(Server.java:1017) [hadoop-common-3.3.6.jar:?]
	at java.security.AccessController.doPrivileged(Native Method) ~[?:1.8.0_382]
	at javax.security.auth.Subject.doAs(Subject.java:422) [?:1.8.0_382]
	at org.apache.hadoop.security.UserGroupInformation.doAs(UserGroupInformation.java:1899) [hadoop-common-3.3.6.jar:?]
	at org.apache.hadoop.ipc.Server$Handler.run(Server.java:3048) [hadoop-common-3.3.6.jar:?]
18:55:25.752 [IPC Server handler 11 on default port 15110] ERROR OMAudit - user=runner | ip=127.0.0.1 | op=GET_FILE_STATUS {volume=volume95024, bucket=bucket37863, key=gdir1/dir9/child, dataSize=0, replicationConfig=null} | ret=FAILURE
org.apache.hadoop.ozone.om.exceptions.OMException: Unable to get file status: volume: volume95024 bucket: bucket37863 key: gdir1/dir9/child
	at org.apache.hadoop.ozone.om.KeyManagerImpl.getOzoneFileStatus(KeyManagerImpl.java:1195) ~[ozone-manager-1.4.0-SNAPSHOT.jar:?]
	at org.apache.hadoop.ozone.om.KeyManagerImpl.getFileStatus(KeyManagerImpl.java:1113) ~[ozone-manager-1.4.0-SNAPSHOT.jar:?]
	at org.apache.hadoop.ozone.om.OmMetadataReader.getFileStatus(OmMetadataReader.java:262) ~[ozone-manager-1.4.0-SNAPSHOT.jar:?]
	at org.apache.hadoop.ozone.om.OzoneManager.getFileStatus(OzoneManager.java:3530) ~[ozone-manager-1.4.0-SNAPSHOT.jar:?]
	at org.apache.hadoop.ozone.protocolPB.OzoneManagerRequestHandler.getOzoneFileStatus(OzoneManagerRequestHandler.java:973) ~[ozone-manager-1.4.0-SNAPSHOT.jar:?]
	at org.apache.hadoop.ozone.protocolPB.OzoneManagerRequestHandler.handleReadRequest(OzoneManagerRequestHandler.java:252) ~[ozone-manager-1.4.0-SNAPSHOT.jar:?]
	at org.apache.hadoop.ozone.protocolPB.OzoneManagerProtocolServerSideTranslatorPB.submitReadRequestToOM(OzoneManagerProtocolServerSideTranslatorPB.java:225) ~[ozone-manager-1.4.0-SNAPSHOT.jar:?]
	at org.apache.hadoop.ozone.protocolPB.OzoneManagerProtocolServerSideTranslatorPB.processRequest(OzoneManagerProtocolServerSideTranslatorPB.java:179) ~[ozone-manager-1.4.0-SNAPSHOT.jar:?]
	at org.apache.hadoop.hdds.server.OzoneProtocolMessageDispatcher.processRequest(OzoneProtocolMessageDispatcher.java:87) [hdds-server-framework-1.4.0-SNAPSHOT.jar:?]
	at org.apache.hadoop.ozone.protocolPB.OzoneManagerProtocolServerSideTranslatorPB.submitRequest(OzoneManagerProtocolServerSideTranslatorPB.java:148) [ozone-manager-1.4.0-SNAPSHOT.jar:?]
	at org.apache.hadoop.ozone.protocol.proto.OzoneManagerProtocolProtos$OzoneManagerService$2.callBlockingMethod(OzoneManagerProtocolProtos.java) [ozone-interface-client-1.4.0-SNAPSHOT.jar:?]
	at org.apache.hadoop.ipc.ProtobufRpcEngine$Server.processCall(ProtobufRpcEngine.java:484) [hadoop-common-3.3.6.jar:?]
	at org.apache.hadoop.ipc.ProtobufRpcEngine2$Server$ProtoBufRpcInvoker.call(ProtobufRpcEngine2.java:595) [hadoop-common-3.3.6.jar:?]
	at org.apache.hadoop.ipc.ProtobufRpcEngine2$Server$ProtoBufRpcInvoker.call(ProtobufRpcEngine2.java:573) [hadoop-common-3.3.6.jar:?]
	at org.apache.hadoop.ipc.RPC$Server.call(RPC.java:1227) [hadoop-common-3.3.6.jar:?]
	at org.apache.hadoop.ipc.Server$RpcCall.run(Server.java:1094) [hadoop-common-3.3.6.jar:?]
	at org.apache.hadoop.ipc.Server$RpcCall.run(Server.java:1017) [hadoop-common-3.3.6.jar:?]
	at java.security.AccessController.doPrivileged(Native Method) ~[?:1.8.0_382]
	at javax.security.auth.Subject.doAs(Subject.java:422) [?:1.8.0_382]
	at org.apache.hadoop.security.UserGroupInformation.doAs(UserGroupInformation.java:1899) [hadoop-common-3.3.6.jar:?]
	at org.apache.hadoop.ipc.Server$Handler.run(Server.java:3048) [hadoop-common-3.3.6.jar:?]
18:55:25.753 [IPC Server handler 12 on default port 15110] ERROR OMAudit - user=runner | ip=127.0.0.1 | op=GET_FILE_STATUS {volume=volume95024, bucket=bucket37863, key=gdir1/dir10, dataSize=0, replicationConfig=null} | ret=FAILURE
org.apache.hadoop.ozone.om.exceptions.OMException: Unable to get file status: volume: volume95024 bucket: bucket37863 key: gdir1/dir10
	at org.apache.hadoop.ozone.om.KeyManagerImpl.getOzoneFileStatus(KeyManagerImpl.java:1195) ~[ozone-manager-1.4.0-SNAPSHOT.jar:?]
	at org.apache.hadoop.ozone.om.KeyManagerImpl.getFileStatus(KeyManagerImpl.java:1113) ~[ozone-manager-1.4.0-SNAPSHOT.jar:?]
	at org.apache.hadoop.ozone.om.OmMetadataReader.getFileStatus(OmMetadataReader.java:262) ~[ozone-manager-1.4.0-SNAPSHOT.jar:?]
	at org.apache.hadoop.ozone.om.OzoneManager.getFileStatus(OzoneManager.java:3530) ~[ozone-manager-1.4.0-SNAPSHOT.jar:?]
	at org.apache.hadoop.ozone.protocolPB.OzoneManagerRequestHandler.getOzoneFileStatus(OzoneManagerRequestHandler.java:973) ~[ozone-manager-1.4.0-SNAPSHOT.jar:?]
	at org.apache.hadoop.ozone.protocolPB.OzoneManagerRequestHandler.handleReadRequest(OzoneManagerRequestHandler.java:252) ~[ozone-manager-1.4.0-SNAPSHOT.jar:?]
	at org.apache.hadoop.ozone.protocolPB.OzoneManagerProtocolServerSideTranslatorPB.submitReadRequestToOM(OzoneManagerProtocolServerSideTranslatorPB.java:225) ~[ozone-manager-1.4.0-SNAPSHOT.jar:?]
	at org.apache.hadoop.ozone.protocolPB.OzoneManagerProtocolServerSideTranslatorPB.processRequest(OzoneManagerProtocolServerSideTranslatorPB.java:179) ~[ozone-manager-1.4.0-SNAPSHOT.jar:?]
	at org.apache.hadoop.hdds.server.OzoneProtocolMessageDispatcher.processRequest(OzoneProtocolMessageDispatcher.java:87) [hdds-server-framework-1.4.0-SNAPSHOT.jar:?]
	at org.apache.hadoop.ozone.protocolPB.OzoneManagerProtocolServerSideTranslatorPB.submitRequest(OzoneManagerProtocolServerSideTranslatorPB.java:148) [ozone-manager-1.4.0-SNAPSHOT.jar:?]
	at org.apache.hadoop.ozone.protocol.proto.OzoneManagerProtocolProtos$OzoneManagerService$2.callBlockingMethod(OzoneManagerProtocolProtos.java) [ozone-interface-client-1.4.0-SNAPSHOT.jar:?]
	at org.apache.hadoop.ipc.ProtobufRpcEngine$Server.processCall(ProtobufRpcEngine.java:484) [hadoop-common-3.3.6.jar:?]
	at org.apache.hadoop.ipc.ProtobufRpcEngine2$Server$ProtoBufRpcInvoker.call(ProtobufRpcEngine2.java:595) [hadoop-common-3.3.6.jar:?]
	at org.apache.hadoop.ipc.ProtobufRpcEngine2$Server$ProtoBufRpcInvoker.call(ProtobufRpcEngine2.java:573) [hadoop-common-3.3.6.jar:?]
	at org.apache.hadoop.ipc.RPC$Server.call(RPC.java:1227) [hadoop-common-3.3.6.jar:?]
	at org.apache.hadoop.ipc.Server$RpcCall.run(Server.java:1094) [hadoop-common-3.3.6.jar:?]
	at org.apache.hadoop.ipc.Server$RpcCall.run(Server.java:1017) [hadoop-common-3.3.6.jar:?]
	at java.security.AccessController.doPrivileged(Native Method) ~[?:1.8.0_382]
	at javax.security.auth.Subject.doAs(Subject.java:422) [?:1.8.0_382]
	at org.apache.hadoop.security.UserGroupInformation.doAs(UserGroupInformation.java:1899) [hadoop-common-3.3.6.jar:?]
	at org.apache.hadoop.ipc.Server$Handler.run(Server.java:3048) [hadoop-common-3.3.6.jar:?]
18:55:25.754 [IPC Server handler 13 on default port 15110] ERROR OMAudit - user=runner | ip=127.0.0.1 | op=GET_FILE_STATUS {volume=volume95024, bucket=bucket37863, key=gdir1/dir10/child, dataSize=0, replicationConfig=null} | ret=FAILURE
org.apache.hadoop.ozone.om.exceptions.OMException: Unable to get file status: volume: volume95024 bucket: bucket37863 key: gdir1/dir10/child
	at org.apache.hadoop.ozone.om.KeyManagerImpl.getOzoneFileStatus(KeyManagerImpl.java:1195) ~[ozone-manager-1.4.0-SNAPSHOT.jar:?]
	at org.apache.hadoop.ozone.om.KeyManagerImpl.getFileStatus(KeyManagerImpl.java:1113) ~[ozone-manager-1.4.0-SNAPSHOT.jar:?]
	at org.apache.hadoop.ozone.om.OmMetadataReader.getFileStatus(OmMetadataReader.java:262) ~[ozone-manager-1.4.0-SNAPSHOT.jar:?]
	at org.apache.hadoop.ozone.om.OzoneManager.getFileStatus(OzoneManager.java:3530) ~[ozone-manager-1.4.0-SNAPSHOT.jar:?]
	at org.apache.hadoop.ozone.protocolPB.OzoneManagerRequestHandler.getOzoneFileStatus(OzoneManagerRequestHandler.java:973) ~[ozone-manager-1.4.0-SNAPSHOT.jar:?]
	at org.apache.hadoop.ozone.protocolPB.OzoneManagerRequestHandler.handleReadRequest(OzoneManagerRequestHandler.java:252) ~[ozone-manager-1.4.0-SNAPSHOT.jar:?]
	at org.apache.hadoop.ozone.protocolPB.OzoneManagerProtocolServerSideTranslatorPB.submitReadRequestToOM(OzoneManagerProtocolServerSideTranslatorPB.java:225) ~[ozone-manager-1.4.0-SNAPSHOT.jar:?]
	at org.apache.hadoop.ozone.protocolPB.OzoneManagerProtocolServerSideTranslatorPB.processRequest(OzoneManagerProtocolServerSideTranslatorPB.java:179) ~[ozone-manager-1.4.0-SNAPSHOT.jar:?]
	at org.apache.hadoop.hdds.server.OzoneProtocolMessageDispatcher.processRequest(OzoneProtocolMessageDispatcher.java:87) [hdds-server-framework-1.4.0-SNAPSHOT.jar:?]
	at org.apache.hadoop.ozone.protocolPB.OzoneManagerProtocolServerSideTranslatorPB.submitRequest(OzoneManagerProtocolServerSideTranslatorPB.java:148) [ozone-manager-1.4.0-SNAPSHOT.jar:?]
	at org.apache.hadoop.ozone.protocol.proto.OzoneManagerProtocolProtos$OzoneManagerService$2.callBlockingMethod(OzoneManagerProtocolProtos.java) [ozone-interface-client-1.4.0-SNAPSHOT.jar:?]
	at org.apache.hadoop.ipc.ProtobufRpcEngine$Server.processCall(ProtobufRpcEngine.java:484) [hadoop-common-3.3.6.jar:?]
	at org.apache.hadoop.ipc.ProtobufRpcEngine2$Server$ProtoBufRpcInvoker.call(ProtobufRpcEngine2.java:595) [hadoop-common-3.3.6.jar:?]
	at org.apache.hadoop.ipc.ProtobufRpcEngine2$Server$ProtoBufRpcInvoker.call(ProtobufRpcEngine2.java:573) [hadoop-common-3.3.6.jar:?]
	at org.apache.hadoop.ipc.RPC$Server.call(RPC.java:1227) [hadoop-common-3.3.6.jar:?]
	at org.apache.hadoop.ipc.Server$RpcCall.run(Server.java:1094) [hadoop-common-3.3.6.jar:?]
	at org.apache.hadoop.ipc.Server$RpcCall.run(Server.java:1017) [hadoop-common-3.3.6.jar:?]
	at java.security.AccessController.doPrivileged(Native Method) ~[?:1.8.0_382]
	at javax.security.auth.Subject.doAs(Subject.java:422) [?:1.8.0_382]
	at org.apache.hadoop.security.UserGroupInformation.doAs(UserGroupInformation.java:1899) [hadoop-common-3.3.6.jar:?]
	at org.apache.hadoop.ipc.Server$Handler.run(Server.java:3048) [hadoop-common-3.3.6.jar:?]
18:55:25.819 [IPC Server handler 7 on default port 15110] ERROR OMAudit - user=runner | ip=127.0.0.1 | op=GET_FILE_STATUS {volume=volume95024, bucket=bucket37863, key=level0, dataSize=0, replicationConfig=null} | ret=FAILURE
org.apache.hadoop.ozone.om.exceptions.OMException: Unable to get file status: volume: volume95024 bucket: bucket37863 key: level0
	at org.apache.hadoop.ozone.om.KeyManagerImpl.getOzoneFileStatus(KeyManagerImpl.java:1195) ~[ozone-manager-1.4.0-SNAPSHOT.jar:?]
	at org.apache.hadoop.ozone.om.KeyManagerImpl.getFileStatus(KeyManagerImpl.java:1113) ~[ozone-manager-1.4.0-SNAPSHOT.jar:?]
	at org.apache.hadoop.ozone.om.OmMetadataReader.getFileStatus(OmMetadataReader.java:262) ~[ozone-manager-1.4.0-SNAPSHOT.jar:?]
	at org.apache.hadoop.ozone.om.OzoneManager.getFileStatus(OzoneManager.java:3530) ~[ozone-manager-1.4.0-SNAPSHOT.jar:?]
	at org.apache.hadoop.ozone.protocolPB.OzoneManagerRequestHandler.getOzoneFileStatus(OzoneManagerRequestHandler.java:973) ~[ozone-manager-1.4.0-SNAPSHOT.jar:?]
	at org.apache.hadoop.ozone.protocolPB.OzoneManagerRequestHandler.handleReadRequest(OzoneManagerRequestHandler.java:252) ~[ozone-manager-1.4.0-SNAPSHOT.jar:?]
	at org.apache.hadoop.ozone.protocolPB.OzoneManagerProtocolServerSideTranslatorPB.submitReadRequestToOM(OzoneManagerProtocolServerSideTranslatorPB.java:225) ~[ozone-manager-1.4.0-SNAPSHOT.jar:?]
	at org.apache.hadoop.ozone.protocolPB.OzoneManagerProtocolServerSideTranslatorPB.processRequest(OzoneManagerProtocolServerSideTranslatorPB.java:179) ~[ozone-manager-1.4.0-SNAPSHOT.jar:?]
	at org.apache.hadoop.hdds.server.OzoneProtocolMessageDispatcher.processRequest(OzoneProtocolMessageDispatcher.java:87) [hdds-server-framework-1.4.0-SNAPSHOT.jar:?]
	at org.apache.hadoop.ozone.protocolPB.OzoneManagerProtocolServerSideTranslatorPB.submitRequest(OzoneManagerProtocolServerSideTranslatorPB.java:148) [ozone-manager-1.4.0-SNAPSHOT.jar:?]
	at org.apache.hadoop.ozone.protocol.proto.OzoneManagerProtocolProtos$OzoneManagerService$2.callBlockingMethod(OzoneManagerProtocolProtos.java) [ozone-interface-client-1.4.0-SNAPSHOT.jar:?]
	at org.apache.hadoop.ipc.ProtobufRpcEngine$Server.processCall(ProtobufRpcEngine.java:484) [hadoop-common-3.3.6.jar:?]
	at org.apache.hadoop.ipc.ProtobufRpcEngine2$Server$ProtoBufRpcInvoker.call(ProtobufRpcEngine2.java:595) [hadoop-common-3.3.6.jar:?]
	at org.apache.hadoop.ipc.ProtobufRpcEngine2$Server$ProtoBufRpcInvoker.call(ProtobufRpcEngine2.java:573) [hadoop-common-3.3.6.jar:?]
	at org.apache.hadoop.ipc.RPC$Server.call(RPC.java:1227) [hadoop-common-3.3.6.jar:?]
	at org.apache.hadoop.ipc.Server$RpcCall.run(Server.java:1094) [hadoop-common-3.3.6.jar:?]
	at org.apache.hadoop.ipc.Server$RpcCall.run(Server.java:1017) [hadoop-common-3.3.6.jar:?]
	at java.security.AccessController.doPrivileged(Native Method) ~[?:1.8.0_382]
	at javax.security.auth.Subject.doAs(Subject.java:422) [?:1.8.0_382]
	at org.apache.hadoop.security.UserGroupInformation.doAs(UserGroupInformation.java:1899) [hadoop-common-3.3.6.jar:?]
	at org.apache.hadoop.ipc.Server$Handler.run(Server.java:3048) [hadoop-common-3.3.6.jar:?]
18:55:25.820 [IPC Server handler 8 on default port 15110] ERROR OMAudit - user=runner | ip=127.0.0.1 | op=GET_FILE_STATUS {volume=volume95024, bucket=bucket37863, key=level0/level1, dataSize=0, replicationConfig=null} | ret=FAILURE
org.apache.hadoop.ozone.om.exceptions.OMException: Unable to get file status: volume: volume95024 bucket: bucket37863 key: level0/level1
	at org.apache.hadoop.ozone.om.KeyManagerImpl.getOzoneFileStatus(KeyManagerImpl.java:1195) ~[ozone-manager-1.4.0-SNAPSHOT.jar:?]
	at org.apache.hadoop.ozone.om.KeyManagerImpl.getFileStatus(KeyManagerImpl.java:1113) ~[ozone-manager-1.4.0-SNAPSHOT.jar:?]
	at org.apache.hadoop.ozone.om.OmMetadataReader.getFileStatus(OmMetadataReader.java:262) ~[ozone-manager-1.4.0-SNAPSHOT.jar:?]
	at org.apache.hadoop.ozone.om.OzoneManager.getFileStatus(OzoneManager.java:3530) ~[ozone-manager-1.4.0-SNAPSHOT.jar:?]
	at org.apache.hadoop.ozone.protocolPB.OzoneManagerRequestHandler.getOzoneFileStatus(OzoneManagerRequestHandler.java:973) ~[ozone-manager-1.4.0-SNAPSHOT.jar:?]
	at org.apache.hadoop.ozone.protocolPB.OzoneManagerRequestHandler.handleReadRequest(OzoneManagerRequestHandler.java:252) ~[ozone-manager-1.4.0-SNAPSHOT.jar:?]
	at org.apache.hadoop.ozone.protocolPB.OzoneManagerProtocolServerSideTranslatorPB.submitReadRequestToOM(OzoneManagerProtocolServerSideTranslatorPB.java:225) ~[ozone-manager-1.4.0-SNAPSHOT.jar:?]
	at org.apache.hadoop.ozone.protocolPB.OzoneManagerProtocolServerSideTranslatorPB.processRequest(OzoneManagerProtocolServerSideTranslatorPB.java:179) ~[ozone-manager-1.4.0-SNAPSHOT.jar:?]
	at org.apache.hadoop.hdds.server.OzoneProtocolMessageDispatcher.processRequest(OzoneProtocolMessageDispatcher.java:87) [hdds-server-framework-1.4.0-SNAPSHOT.jar:?]
	at org.apache.hadoop.ozone.protocolPB.OzoneManagerProtocolServerSideTranslatorPB.submitRequest(OzoneManagerProtocolServerSideTranslatorPB.java:148) [ozone-manager-1.4.0-SNAPSHOT.jar:?]
	at org.apache.hadoop.ozone.protocol.proto.OzoneManagerProtocolProtos$OzoneManagerService$2.callBlockingMethod(OzoneManagerProtocolProtos.java) [ozone-interface-client-1.4.0-SNAPSHOT.jar:?]
	at org.apache.hadoop.ipc.ProtobufRpcEngine$Server.processCall(ProtobufRpcEngine.java:484) [hadoop-common-3.3.6.jar:?]
	at org.apache.hadoop.ipc.ProtobufRpcEngine2$Server$ProtoBufRpcInvoker.call(ProtobufRpcEngine2.java:595) [hadoop-common-3.3.6.jar:?]
	at org.apache.hadoop.ipc.ProtobufRpcEngine2$Server$ProtoBufRpcInvoker.call(ProtobufRpcEngine2.java:573) [hadoop-common-3.3.6.jar:?]
	at org.apache.hadoop.ipc.RPC$Server.call(RPC.java:1227) [hadoop-common-3.3.6.jar:?]
	at org.apache.hadoop.ipc.Server$RpcCall.run(Server.java:1094) [hadoop-common-3.3.6.jar:?]
	at org.apache.hadoop.ipc.Server$RpcCall.run(Server.java:1017) [hadoop-common-3.3.6.jar:?]
	at java.security.AccessController.doPrivileged(Native Method) ~[?:1.8.0_382]
	at javax.security.auth.Subject.doAs(Subject.java:422) [?:1.8.0_382]
	at org.apache.hadoop.security.UserGroupInformation.doAs(UserGroupInformation.java:1899) [hadoop-common-3.3.6.jar:?]
	at org.apache.hadoop.ipc.Server$Handler.run(Server.java:3048) [hadoop-common-3.3.6.jar:?]
18:55:25.821 [IPC Server handler 10 on default port 15110] ERROR OMAudit - user=runner | ip=127.0.0.1 | op=GET_FILE_STATUS {volume=volume95024, bucket=bucket37863, key=level0/level1/level1, dataSize=0, replicationConfig=null} | ret=FAILURE
org.apache.hadoop.ozone.om.exceptions.OMException: Unable to get file status: volume: volume95024 bucket: bucket37863 key: level0/level1/level1
	at org.apache.hadoop.ozone.om.KeyManagerImpl.getOzoneFileStatus(KeyManagerImpl.java:1195) ~[ozone-manager-1.4.0-SNAPSHOT.jar:?]
	at org.apache.hadoop.ozone.om.KeyManagerImpl.getFileStatus(KeyManagerImpl.java:1113) ~[ozone-manager-1.4.0-SNAPSHOT.jar:?]
	at org.apache.hadoop.ozone.om.OmMetadataReader.getFileStatus(OmMetadataReader.java:262) ~[ozone-manager-1.4.0-SNAPSHOT.jar:?]
	at org.apache.hadoop.ozone.om.OzoneManager.getFileStatus(OzoneManager.java:3530) ~[ozone-manager-1.4.0-SNAPSHOT.jar:?]
	at org.apache.hadoop.ozone.protocolPB.OzoneManagerRequestHandler.getOzoneFileStatus(OzoneManagerRequestHandler.java:973) ~[ozone-manager-1.4.0-SNAPSHOT.jar:?]
	at org.apache.hadoop.ozone.protocolPB.OzoneManagerRequestHandler.handleReadRequest(OzoneManagerRequestHandler.java:252) ~[ozone-manager-1.4.0-SNAPSHOT.jar:?]
	at org.apache.hadoop.ozone.protocolPB.OzoneManagerProtocolServerSideTranslatorPB.submitReadRequestToOM(OzoneManagerProtocolServerSideTranslatorPB.java:225) ~[ozone-manager-1.4.0-SNAPSHOT.jar:?]
	at org.apache.hadoop.ozone.protocolPB.OzoneManagerProtocolServerSideTranslatorPB.processRequest(OzoneManagerProtocolServerSideTranslatorPB.java:179) ~[ozone-manager-1.4.0-SNAPSHOT.jar:?]
	at org.apache.hadoop.hdds.server.OzoneProtocolMessageDispatcher.processRequest(OzoneProtocolMessageDispatcher.java:87) [hdds-server-framework-1.4.0-SNAPSHOT.jar:?]
	at org.apache.hadoop.ozone.protocolPB.OzoneManagerProtocolServerSideTranslatorPB.submitRequest(OzoneManagerProtocolServerSideTranslatorPB.java:148) [ozone-manager-1.4.0-SNAPSHOT.jar:?]
	at org.apache.hadoop.ozone.protocol.proto.OzoneManagerProtocolProtos$OzoneManagerService$2.callBlockingMethod(OzoneManagerProtocolProtos.java) [ozone-interface-client-1.4.0-SNAPSHOT.jar:?]
	at org.apache.hadoop.ipc.ProtobufRpcEngine$Server.processCall(ProtobufRpcEngine.java:484) [hadoop-common-3.3.6.jar:?]
	at org.apache.hadoop.ipc.ProtobufRpcEngine2$Server$ProtoBufRpcInvoker.call(ProtobufRpcEngine2.java:595) [hadoop-common-3.3.6.jar:?]
	at org.apache.hadoop.ipc.ProtobufRpcEngine2$Server$ProtoBufRpcInvoker.call(ProtobufRpcEngine2.java:573) [hadoop-common-3.3.6.jar:?]
	at org.apache.hadoop.ipc.RPC$Server.call(RPC.java:1227) [hadoop-common-3.3.6.jar:?]
	at org.apache.hadoop.ipc.Server$RpcCall.run(Server.java:1094) [hadoop-common-3.3.6.jar:?]
	at org.apache.hadoop.ipc.Server$RpcCall.run(Server.java:1017) [hadoop-common-3.3.6.jar:?]
	at java.security.AccessController.doPrivileged(Native Method) ~[?:1.8.0_382]
	at javax.security.auth.Subject.doAs(Subject.java:422) [?:1.8.0_382]
	at org.apache.hadoop.security.UserGroupInformation.doAs(UserGroupInformation.java:1899) [hadoop-common-3.3.6.jar:?]
	at org.apache.hadoop.ipc.Server$Handler.run(Server.java:3048) [hadoop-common-3.3.6.jar:?]
18:55:25.822 [IPC Server handler 9 on default port 15110] ERROR OMAudit - user=runner | ip=127.0.0.1 | op=GET_FILE_STATUS {volume=volume95024, bucket=bucket37863, key=level0/level1/file1, dataSize=0, replicationConfig=null} | ret=FAILURE
org.apache.hadoop.ozone.om.exceptions.OMException: Unable to get file status: volume: volume95024 bucket: bucket37863 key: level0/level1/file1
	at org.apache.hadoop.ozone.om.KeyManagerImpl.getOzoneFileStatus(KeyManagerImpl.java:1195) ~[ozone-manager-1.4.0-SNAPSHOT.jar:?]
	at org.apache.hadoop.ozone.om.KeyManagerImpl.getFileStatus(KeyManagerImpl.java:1113) ~[ozone-manager-1.4.0-SNAPSHOT.jar:?]
	at org.apache.hadoop.ozone.om.OmMetadataReader.getFileStatus(OmMetadataReader.java:262) ~[ozone-manager-1.4.0-SNAPSHOT.jar:?]
	at org.apache.hadoop.ozone.om.OzoneManager.getFileStatus(OzoneManager.java:3530) ~[ozone-manager-1.4.0-SNAPSHOT.jar:?]
	at org.apache.hadoop.ozone.protocolPB.OzoneManagerRequestHandler.getOzoneFileStatus(OzoneManagerRequestHandler.java:973) ~[ozone-manager-1.4.0-SNAPSHOT.jar:?]
	at org.apache.hadoop.ozone.protocolPB.OzoneManagerRequestHandler.handleReadRequest(OzoneManagerRequestHandler.java:252) ~[ozone-manager-1.4.0-SNAPSHOT.jar:?]
	at org.apache.hadoop.ozone.protocolPB.OzoneManagerProtocolServerSideTranslatorPB.submitReadRequestToOM(OzoneManagerProtocolServerSideTranslatorPB.java:225) ~[ozone-manager-1.4.0-SNAPSHOT.jar:?]
	at org.apache.hadoop.ozone.protocolPB.OzoneManagerProtocolServerSideTranslatorPB.processRequest(OzoneManagerProtocolServerSideTranslatorPB.java:179) ~[ozone-manager-1.4.0-SNAPSHOT.jar:?]
	at org.apache.hadoop.hdds.server.OzoneProtocolMessageDispatcher.processRequest(OzoneProtocolMessageDispatcher.java:87) [hdds-server-framework-1.4.0-SNAPSHOT.jar:?]
	at org.apache.hadoop.ozone.protocolPB.OzoneManagerProtocolServerSideTranslatorPB.submitRequest(OzoneManagerProtocolServerSideTranslatorPB.java:148) [ozone-manager-1.4.0-SNAPSHOT.jar:?]
	at org.apache.hadoop.ozone.protocol.proto.OzoneManagerProtocolProtos$OzoneManagerService$2.callBlockingMethod(OzoneManagerProtocolProtos.java) [ozone-interface-client-1.4.0-SNAPSHOT.jar:?]
	at org.apache.hadoop.ipc.ProtobufRpcEngine$Server.processCall(ProtobufRpcEngine.java:484) [hadoop-common-3.3.6.jar:?]
	at org.apache.hadoop.ipc.ProtobufRpcEngine2$Server$ProtoBufRpcInvoker.call(ProtobufRpcEngine2.java:595) [hadoop-common-3.3.6.jar:?]
	at org.apache.hadoop.ipc.ProtobufRpcEngine2$Server$ProtoBufRpcInvoker.call(ProtobufRpcEngine2.java:573) [hadoop-common-3.3.6.jar:?]
	at org.apache.hadoop.ipc.RPC$Server.call(RPC.java:1227) [hadoop-common-3.3.6.jar:?]
	at org.apache.hadoop.ipc.Server$RpcCall.run(Server.java:1094) [hadoop-common-3.3.6.jar:?]
	at org.apache.hadoop.ipc.Server$RpcCall.run(Server.java:1017) [hadoop-common-3.3.6.jar:?]
	at java.security.AccessController.doPrivileged(Native Method) ~[?:1.8.0_382]
	at javax.security.auth.Subject.doAs(Subject.java:422) [?:1.8.0_382]
	at org.apache.hadoop.security.UserGroupInformation.doAs(UserGroupInformation.java:1899) [hadoop-common-3.3.6.jar:?]
	at org.apache.hadoop.ipc.Server$Handler.run(Server.java:3048) [hadoop-common-3.3.6.jar:?]
18:55:25.822 [IPC Server handler 11 on default port 15110] ERROR OMAudit - user=runner | ip=127.0.0.1 | op=GET_FILE_STATUS {volume=volume95024, bucket=bucket37863, key=level0/level1/level1/file1, dataSize=0, replicationConfig=null} | ret=FAILURE
org.apache.hadoop.ozone.om.exceptions.OMException: Unable to get file status: volume: volume95024 bucket: bucket37863 key: level0/level1/level1/file1
	at org.apache.hadoop.ozone.om.KeyManagerImpl.getOzoneFileStatus(KeyManagerImpl.java:1195) ~[ozone-manager-1.4.0-SNAPSHOT.jar:?]
	at org.apache.hadoop.ozone.om.KeyManagerImpl.getFileStatus(KeyManagerImpl.java:1113) ~[ozone-manager-1.4.0-SNAPSHOT.jar:?]
	at org.apache.hadoop.ozone.om.OmMetadataReader.getFileStatus(OmMetadataReader.java:262) ~[ozone-manager-1.4.0-SNAPSHOT.jar:?]
	at org.apache.hadoop.ozone.om.OzoneManager.getFileStatus(OzoneManager.java:3530) ~[ozone-manager-1.4.0-SNAPSHOT.jar:?]
	at org.apache.hadoop.ozone.protocolPB.OzoneManagerRequestHandler.getOzoneFileStatus(OzoneManagerRequestHandler.java:973) ~[ozone-manager-1.4.0-SNAPSHOT.jar:?]
	at org.apache.hadoop.ozone.protocolPB.OzoneManagerRequestHandler.handleReadRequest(OzoneManagerRequestHandler.java:252) ~[ozone-manager-1.4.0-SNAPSHOT.jar:?]
	at org.apache.hadoop.ozone.protocolPB.OzoneManagerProtocolServerSideTranslatorPB.submitReadRequestToOM(OzoneManagerProtocolServerSideTranslatorPB.java:225) ~[ozone-manager-1.4.0-SNAPSHOT.jar:?]
	at org.apache.hadoop.ozone.protocolPB.OzoneManagerProtocolServerSideTranslatorPB.processRequest(OzoneManagerProtocolServerSideTranslatorPB.java:179) ~[ozone-manager-1.4.0-SNAPSHOT.jar:?]
	at org.apache.hadoop.hdds.server.OzoneProtocolMessageDispatcher.processRequest(OzoneProtocolMessageDispatcher.java:87) [hdds-server-framework-1.4.0-SNAPSHOT.jar:?]
	at org.apache.hadoop.ozone.protocolPB.OzoneManagerProtocolServerSideTranslatorPB.submitRequest(OzoneManagerProtocolServerSideTranslatorPB.java:148) [ozone-manager-1.4.0-SNAPSHOT.jar:?]
	at org.apache.hadoop.ozone.protocol.proto.OzoneManagerProtocolProtos$OzoneManagerService$2.callBlockingMethod(OzoneManagerProtocolProtos.java) [ozone-interface-client-1.4.0-SNAPSHOT.jar:?]
	at org.apache.hadoop.ipc.ProtobufRpcEngine$Server.processCall(ProtobufRpcEngine.java:484) [hadoop-common-3.3.6.jar:?]
	at org.apache.hadoop.ipc.ProtobufRpcEngine2$Server$ProtoBufRpcInvoker.call(ProtobufRpcEngine2.java:595) [hadoop-common-3.3.6.jar:?]
	at org.apache.hadoop.ipc.ProtobufRpcEngine2$Server$ProtoBufRpcInvoker.call(ProtobufRpcEngine2.java:573) [hadoop-common-3.3.6.jar:?]
	at org.apache.hadoop.ipc.RPC$Server.call(RPC.java:1227) [hadoop-common-3.3.6.jar:?]
	at org.apache.hadoop.ipc.Server$RpcCall.run(Server.java:1094) [hadoop-common-3.3.6.jar:?]
	at org.apache.hadoop.ipc.Server$RpcCall.run(Server.java:1017) [hadoop-common-3.3.6.jar:?]
	at java.security.AccessController.doPrivileged(Native Method) ~[?:1.8.0_382]
	at javax.security.auth.Subject.doAs(Subject.java:422) [?:1.8.0_382]
	at org.apache.hadoop.security.UserGroupInformation.doAs(UserGroupInformation.java:1899) [hadoop-common-3.3.6.jar:?]
	at org.apache.hadoop.ipc.Server$Handler.run(Server.java:3048) [hadoop-common-3.3.6.jar:?]
18:55:25.823 [IPC Server handler 12 on default port 15110] ERROR OMAudit - user=runner | ip=127.0.0.1 | op=GET_FILE_STATUS {volume=volume95024, bucket=bucket37863, key=level0/level2, dataSize=0, replicationConfig=null} | ret=FAILURE
org.apache.hadoop.ozone.om.exceptions.OMException: Unable to get file status: volume: volume95024 bucket: bucket37863 key: level0/level2
	at org.apache.hadoop.ozone.om.KeyManagerImpl.getOzoneFileStatus(KeyManagerImpl.java:1195) ~[ozone-manager-1.4.0-SNAPSHOT.jar:?]
	at org.apache.hadoop.ozone.om.KeyManagerImpl.getFileStatus(KeyManagerImpl.java:1113) ~[ozone-manager-1.4.0-SNAPSHOT.jar:?]
	at org.apache.hadoop.ozone.om.OmMetadataReader.getFileStatus(OmMetadataReader.java:262) ~[ozone-manager-1.4.0-SNAPSHOT.jar:?]
	at org.apache.hadoop.ozone.om.OzoneManager.getFileStatus(OzoneManager.java:3530) ~[ozone-manager-1.4.0-SNAPSHOT.jar:?]
	at org.apache.hadoop.ozone.protocolPB.OzoneManagerRequestHandler.getOzoneFileStatus(OzoneManagerRequestHandler.java:973) ~[ozone-manager-1.4.0-SNAPSHOT.jar:?]
	at org.apache.hadoop.ozone.protocolPB.OzoneManagerRequestHandler.handleReadRequest(OzoneManagerRequestHandler.java:252) ~[ozone-manager-1.4.0-SNAPSHOT.jar:?]
	at org.apache.hadoop.ozone.protocolPB.OzoneManagerProtocolServerSideTranslatorPB.submitReadRequestToOM(OzoneManagerProtocolServerSideTranslatorPB.java:225) ~[ozone-manager-1.4.0-SNAPSHOT.jar:?]
	at org.apache.hadoop.ozone.protocolPB.OzoneManagerProtocolServerSideTranslatorPB.processRequest(OzoneManagerProtocolServerSideTranslatorPB.java:179) ~[ozone-manager-1.4.0-SNAPSHOT.jar:?]
	at org.apache.hadoop.hdds.server.OzoneProtocolMessageDispatcher.processRequest(OzoneProtocolMessageDispatcher.java:87) [hdds-server-framework-1.4.0-SNAPSHOT.jar:?]
	at org.apache.hadoop.ozone.protocolPB.OzoneManagerProtocolServerSideTranslatorPB.submitRequest(OzoneManagerProtocolServerSideTranslatorPB.java:148) [ozone-manager-1.4.0-SNAPSHOT.jar:?]
	at org.apache.hadoop.ozone.protocol.proto.OzoneManagerProtocolProtos$OzoneManagerService$2.callBlockingMethod(OzoneManagerProtocolProtos.java) [ozone-interface-client-1.4.0-SNAPSHOT.jar:?]
	at org.apache.hadoop.ipc.ProtobufRpcEngine$Server.processCall(ProtobufRpcEngine.java:484) [hadoop-common-3.3.6.jar:?]
	at org.apache.hadoop.ipc.ProtobufRpcEngine2$Server$ProtoBufRpcInvoker.call(ProtobufRpcEngine2.java:595) [hadoop-common-3.3.6.jar:?]
	at org.apache.hadoop.ipc.ProtobufRpcEngine2$Server$ProtoBufRpcInvoker.call(ProtobufRpcEngine2.java:573) [hadoop-common-3.3.6.jar:?]
	at org.apache.hadoop.ipc.RPC$Server.call(RPC.java:1227) [hadoop-common-3.3.6.jar:?]
	at org.apache.hadoop.ipc.Server$RpcCall.run(Server.java:1094) [hadoop-common-3.3.6.jar:?]
	at org.apache.hadoop.ipc.Server$RpcCall.run(Server.java:1017) [hadoop-common-3.3.6.jar:?]
	at java.security.AccessController.doPrivileged(Native Method) ~[?:1.8.0_382]
	at javax.security.auth.Subject.doAs(Subject.java:422) [?:1.8.0_382]
	at org.apache.hadoop.security.UserGroupInformation.doAs(UserGroupInformation.java:1899) [hadoop-common-3.3.6.jar:?]
	at org.apache.hadoop.ipc.Server$Handler.run(Server.java:3048) [hadoop-common-3.3.6.jar:?]
18:55:25.824 [IPC Server handler 13 on default port 15110] ERROR OMAudit - user=runner | ip=127.0.0.1 | op=GET_FILE_STATUS {volume=volume95024, bucket=bucket37863, key=level0/level2/level2, dataSize=0, replicationConfig=null} | ret=FAILURE
org.apache.hadoop.ozone.om.exceptions.OMException: Unable to get file status: volume: volume95024 bucket: bucket37863 key: level0/level2/level2
	at org.apache.hadoop.ozone.om.KeyManagerImpl.getOzoneFileStatus(KeyManagerImpl.java:1195) ~[ozone-manager-1.4.0-SNAPSHOT.jar:?]
	at org.apache.hadoop.ozone.om.KeyManagerImpl.getFileStatus(KeyManagerImpl.java:1113) ~[ozone-manager-1.4.0-SNAPSHOT.jar:?]
	at org.apache.hadoop.ozone.om.OmMetadataReader.getFileStatus(OmMetadataReader.java:262) ~[ozone-manager-1.4.0-SNAPSHOT.jar:?]
	at org.apache.hadoop.ozone.om.OzoneManager.getFileStatus(OzoneManager.java:3530) ~[ozone-manager-1.4.0-SNAPSHOT.jar:?]
	at org.apache.hadoop.ozone.protocolPB.OzoneManagerRequestHandler.getOzoneFileStatus(OzoneManagerRequestHandler.java:973) ~[ozone-manager-1.4.0-SNAPSHOT.jar:?]
	at org.apache.hadoop.ozone.protocolPB.OzoneManagerRequestHandler.handleReadRequest(OzoneManagerRequestHandler.java:252) ~[ozone-manager-1.4.0-SNAPSHOT.jar:?]
	at org.apache.hadoop.ozone.protocolPB.OzoneManagerProtocolServerSideTranslatorPB.submitReadRequestToOM(OzoneManagerProtocolServerSideTranslatorPB.java:225) ~[ozone-manager-1.4.0-SNAPSHOT.jar:?]
	at org.apache.hadoop.ozone.protocolPB.OzoneManagerProtocolServerSideTranslatorPB.processRequest(OzoneManagerProtocolServerSideTranslatorPB.java:179) ~[ozone-manager-1.4.0-SNAPSHOT.jar:?]
	at org.apache.hadoop.hdds.server.OzoneProtocolMessageDispatcher.processRequest(OzoneProtocolMessageDispatcher.java:87) [hdds-server-framework-1.4.0-SNAPSHOT.jar:?]
	at org.apache.hadoop.ozone.protocolPB.OzoneManagerProtocolServerSideTranslatorPB.submitRequest(OzoneManagerProtocolServerSideTranslatorPB.java:148) [ozone-manager-1.4.0-SNAPSHOT.jar:?]
	at org.apache.hadoop.ozone.protocol.proto.OzoneManagerProtocolProtos$OzoneManagerService$2.callBlockingMethod(OzoneManagerProtocolProtos.java) [ozone-interface-client-1.4.0-SNAPSHOT.jar:?]
	at org.apache.hadoop.ipc.ProtobufRpcEngine$Server.processCall(ProtobufRpcEngine.java:484) [hadoop-common-3.3.6.jar:?]
	at org.apache.hadoop.ipc.ProtobufRpcEngine2$Server$ProtoBufRpcInvoker.call(ProtobufRpcEngine2.java:595) [hadoop-common-3.3.6.jar:?]
	at org.apache.hadoop.ipc.ProtobufRpcEngine2$Server$ProtoBufRpcInvoker.call(ProtobufRpcEngine2.java:573) [hadoop-common-3.3.6.jar:?]
	at org.apache.hadoop.ipc.RPC$Server.call(RPC.java:1227) [hadoop-common-3.3.6.jar:?]
	at org.apache.hadoop.ipc.Server$RpcCall.run(Server.java:1094) [hadoop-common-3.3.6.jar:?]
	at org.apache.hadoop.ipc.Server$RpcCall.run(Server.java:1017) [hadoop-common-3.3.6.jar:?]
	at java.security.AccessController.doPrivileged(Native Method) ~[?:1.8.0_382]
	at javax.security.auth.Subject.doAs(Subject.java:422) [?:1.8.0_382]
	at org.apache.hadoop.security.UserGroupInformation.doAs(UserGroupInformation.java:1899) [hadoop-common-3.3.6.jar:?]
	at org.apache.hadoop.ipc.Server$Handler.run(Server.java:3048) [hadoop-common-3.3.6.jar:?]
18:55:25.825 [IPC Server handler 14 on default port 15110] ERROR OMAudit - user=runner | ip=127.0.0.1 | op=GET_FILE_STATUS {volume=volume95024, bucket=bucket37863, key=level0/level2/file1, dataSize=0, replicationConfig=null} | ret=FAILURE
org.apache.hadoop.ozone.om.exceptions.OMException: Unable to get file status: volume: volume95024 bucket: bucket37863 key: level0/level2/file1
	at org.apache.hadoop.ozone.om.KeyManagerImpl.getOzoneFileStatus(KeyManagerImpl.java:1195) ~[ozone-manager-1.4.0-SNAPSHOT.jar:?]
	at org.apache.hadoop.ozone.om.KeyManagerImpl.getFileStatus(KeyManagerImpl.java:1113) ~[ozone-manager-1.4.0-SNAPSHOT.jar:?]
	at org.apache.hadoop.ozone.om.OmMetadataReader.getFileStatus(OmMetadataReader.java:262) ~[ozone-manager-1.4.0-SNAPSHOT.jar:?]
	at org.apache.hadoop.ozone.om.OzoneManager.getFileStatus(OzoneManager.java:3530) ~[ozone-manager-1.4.0-SNAPSHOT.jar:?]
	at org.apache.hadoop.ozone.protocolPB.OzoneManagerRequestHandler.getOzoneFileStatus(OzoneManagerRequestHandler.java:973) ~[ozone-manager-1.4.0-SNAPSHOT.jar:?]
	at org.apache.hadoop.ozone.protocolPB.OzoneManagerRequestHandler.handleReadRequest(OzoneManagerRequestHandler.java:252) ~[ozone-manager-1.4.0-SNAPSHOT.jar:?]
	at org.apache.hadoop.ozone.protocolPB.OzoneManagerProtocolServerSideTranslatorPB.submitReadRequestToOM(OzoneManagerProtocolServerSideTranslatorPB.java:225) ~[ozone-manager-1.4.0-SNAPSHOT.jar:?]
	at org.apache.hadoop.ozone.protocolPB.OzoneManagerProtocolServerSideTranslatorPB.processRequest(OzoneManagerProtocolServerSideTranslatorPB.java:179) ~[ozone-manager-1.4.0-SNAPSHOT.jar:?]
	at org.apache.hadoop.hdds.server.OzoneProtocolMessageDispatcher.processRequest(OzoneProtocolMessageDispatcher.java:87) [hdds-server-framework-1.4.0-SNAPSHOT.jar:?]
	at org.apache.hadoop.ozone.protocolPB.OzoneManagerProtocolServerSideTranslatorPB.submitRequest(OzoneManagerProtocolServerSideTranslatorPB.java:148) [ozone-manager-1.4.0-SNAPSHOT.jar:?]
	at org.apache.hadoop.ozone.protocol.proto.OzoneManagerProtocolProtos$OzoneManagerService$2.callBlockingMethod(OzoneManagerProtocolProtos.java) [ozone-interface-client-1.4.0-SNAPSHOT.jar:?]
	at org.apache.hadoop.ipc.ProtobufRpcEngine$Server.processCall(ProtobufRpcEngine.java:484) [hadoop-common-3.3.6.jar:?]
	at org.apache.hadoop.ipc.ProtobufRpcEngine2$Server$ProtoBufRpcInvoker.call(ProtobufRpcEngine2.java:595) [hadoop-common-3.3.6.jar:?]
	at org.apache.hadoop.ipc.ProtobufRpcEngine2$Server$ProtoBufRpcInvoker.call(ProtobufRpcEngine2.java:573) [hadoop-common-3.3.6.jar:?]
	at org.apache.hadoop.ipc.RPC$Server.call(RPC.java:1227) [hadoop-common-3.3.6.jar:?]
	at org.apache.hadoop.ipc.Server$RpcCall.run(Server.java:1094) [hadoop-common-3.3.6.jar:?]
	at org.apache.hadoop.ipc.Server$RpcCall.run(Server.java:1017) [hadoop-common-3.3.6.jar:?]
	at java.security.AccessController.doPrivileged(Native Method) ~[?:1.8.0_382]
	at javax.security.auth.Subject.doAs(Subject.java:422) [?:1.8.0_382]
	at org.apache.hadoop.security.UserGroupInformation.doAs(UserGroupInformation.java:1899) [hadoop-common-3.3.6.jar:?]
	at org.apache.hadoop.ipc.Server$Handler.run(Server.java:3048) [hadoop-common-3.3.6.jar:?]
18:55:25.826 [IPC Server handler 16 on default port 15110] ERROR OMAudit - user=runner | ip=127.0.0.1 | op=GET_FILE_STATUS {volume=volume95024, bucket=bucket37863, key=level0/level2/level2/file1, dataSize=0, replicationConfig=null} | ret=FAILURE
org.apache.hadoop.ozone.om.exceptions.OMException: Unable to get file status: volume: volume95024 bucket: bucket37863 key: level0/level2/level2/file1
	at org.apache.hadoop.ozone.om.KeyManagerImpl.getOzoneFileStatus(KeyManagerImpl.java:1195) ~[ozone-manager-1.4.0-SNAPSHOT.jar:?]
	at org.apache.hadoop.ozone.om.KeyManagerImpl.getFileStatus(KeyManagerImpl.java:1113) ~[ozone-manager-1.4.0-SNAPSHOT.jar:?]
	at org.apache.hadoop.ozone.om.OmMetadataReader.getFileStatus(OmMetadataReader.java:262) ~[ozone-manager-1.4.0-SNAPSHOT.jar:?]
	at org.apache.hadoop.ozone.om.OzoneManager.getFileStatus(OzoneManager.java:3530) ~[ozone-manager-1.4.0-SNAPSHOT.jar:?]
	at org.apache.hadoop.ozone.protocolPB.OzoneManagerRequestHandler.getOzoneFileStatus(OzoneManagerRequestHandler.java:973) ~[ozone-manager-1.4.0-SNAPSHOT.jar:?]
	at org.apache.hadoop.ozone.protocolPB.OzoneManagerRequestHandler.handleReadRequest(OzoneManagerRequestHandler.java:252) ~[ozone-manager-1.4.0-SNAPSHOT.jar:?]
	at org.apache.hadoop.ozone.protocolPB.OzoneManagerProtocolServerSideTranslatorPB.submitReadRequestToOM(OzoneManagerProtocolServerSideTranslatorPB.java:225) ~[ozone-manager-1.4.0-SNAPSHOT.jar:?]
	at org.apache.hadoop.ozone.protocolPB.OzoneManagerProtocolServerSideTranslatorPB.processRequest(OzoneManagerProtocolServerSideTranslatorPB.java:179) ~[ozone-manager-1.4.0-SNAPSHOT.jar:?]
	at org.apache.hadoop.hdds.server.OzoneProtocolMessageDispatcher.processRequest(OzoneProtocolMessageDispatcher.java:87) [hdds-server-framework-1.4.0-SNAPSHOT.jar:?]
	at org.apache.hadoop.ozone.protocolPB.OzoneManagerProtocolServerSideTranslatorPB.submitRequest(OzoneManagerProtocolServerSideTranslatorPB.java:148) [ozone-manager-1.4.0-SNAPSHOT.jar:?]
	at org.apache.hadoop.ozone.protocol.proto.OzoneManagerProtocolProtos$OzoneManagerService$2.callBlockingMethod(OzoneManagerProtocolProtos.java) [ozone-interface-client-1.4.0-SNAPSHOT.jar:?]
	at org.apache.hadoop.ipc.ProtobufRpcEngine$Server.processCall(ProtobufRpcEngine.java:484) [hadoop-common-3.3.6.jar:?]
	at org.apache.hadoop.ipc.ProtobufRpcEngine2$Server$ProtoBufRpcInvoker.call(ProtobufRpcEngine2.java:595) [hadoop-common-3.3.6.jar:?]
	at org.apache.hadoop.ipc.ProtobufRpcEngine2$Server$ProtoBufRpcInvoker.call(ProtobufRpcEngine2.java:573) [hadoop-common-3.3.6.jar:?]
	at org.apache.hadoop.ipc.RPC$Server.call(RPC.java:1227) [hadoop-common-3.3.6.jar:?]
	at org.apache.hadoop.ipc.Server$RpcCall.run(Server.java:1094) [hadoop-common-3.3.6.jar:?]
	at org.apache.hadoop.ipc.Server$RpcCall.run(Server.java:1017) [hadoop-common-3.3.6.jar:?]
	at java.security.AccessController.doPrivileged(Native Method) ~[?:1.8.0_382]
	at javax.security.auth.Subject.doAs(Subject.java:422) [?:1.8.0_382]
	at org.apache.hadoop.security.UserGroupInformation.doAs(UserGroupInformation.java:1899) [hadoop-common-3.3.6.jar:?]
	at org.apache.hadoop.ipc.Server$Handler.run(Server.java:3048) [hadoop-common-3.3.6.jar:?]
18:55:25.828 [IPC Server handler 15 on default port 15110] ERROR OMAudit - user=runner | ip=127.0.0.1 | op=GET_FILE_STATUS {volume=volume95024, bucket=bucket37863, key=level0/level3, dataSize=0, replicationConfig=null} | ret=FAILURE
org.apache.hadoop.ozone.om.exceptions.OMException: Unable to get file status: volume: volume95024 bucket: bucket37863 key: level0/level3
	at org.apache.hadoop.ozone.om.KeyManagerImpl.getOzoneFileStatus(KeyManagerImpl.java:1195) ~[ozone-manager-1.4.0-SNAPSHOT.jar:?]
	at org.apache.hadoop.ozone.om.KeyManagerImpl.getFileStatus(KeyManagerImpl.java:1113) ~[ozone-manager-1.4.0-SNAPSHOT.jar:?]
	at org.apache.hadoop.ozone.om.OmMetadataReader.getFileStatus(OmMetadataReader.java:262) ~[ozone-manager-1.4.0-SNAPSHOT.jar:?]
	at org.apache.hadoop.ozone.om.OzoneManager.getFileStatus(OzoneManager.java:3530) ~[ozone-manager-1.4.0-SNAPSHOT.jar:?]
	at org.apache.hadoop.ozone.protocolPB.OzoneManagerRequestHandler.getOzoneFileStatus(OzoneManagerRequestHandler.java:973) ~[ozone-manager-1.4.0-SNAPSHOT.jar:?]
	at org.apache.hadoop.ozone.protocolPB.OzoneManagerRequestHandler.handleReadRequest(OzoneManagerRequestHandler.java:252) ~[ozone-manager-1.4.0-SNAPSHOT.jar:?]
	at org.apache.hadoop.ozone.protocolPB.OzoneManagerProtocolServerSideTranslatorPB.submitReadRequestToOM(OzoneManagerProtocolServerSideTranslatorPB.java:225) ~[ozone-manager-1.4.0-SNAPSHOT.jar:?]
	at org.apache.hadoop.ozone.protocolPB.OzoneManagerProtocolServerSideTranslatorPB.processRequest(OzoneManagerProtocolServerSideTranslatorPB.java:179) ~[ozone-manager-1.4.0-SNAPSHOT.jar:?]
	at org.apache.hadoop.hdds.server.OzoneProtocolMessageDispatcher.processRequest(OzoneProtocolMessageDispatcher.java:87) [hdds-server-framework-1.4.0-SNAPSHOT.jar:?]
	at org.apache.hadoop.ozone.protocolPB.OzoneManagerProtocolServerSideTranslatorPB.submitRequest(OzoneManagerProtocolServerSideTranslatorPB.java:148) [ozone-manager-1.4.0-SNAPSHOT.jar:?]
	at org.apache.hadoop.ozone.protocol.proto.OzoneManagerProtocolProtos$OzoneManagerService$2.callBlockingMethod(OzoneManagerProtocolProtos.java) [ozone-interface-client-1.4.0-SNAPSHOT.jar:?]
	at org.apache.hadoop.ipc.ProtobufRpcEngine$Server.processCall(ProtobufRpcEngine.java:484) [hadoop-common-3.3.6.jar:?]
	at org.apache.hadoop.ipc.ProtobufRpcEngine2$Server$ProtoBufRpcInvoker.call(ProtobufRpcEngine2.java:595) [hadoop-common-3.3.6.jar:?]
	at org.apache.hadoop.ipc.ProtobufRpcEngine2$Server$ProtoBufRpcInvoker.call(ProtobufRpcEngine2.java:573) [hadoop-common-3.3.6.jar:?]
	at org.apache.hadoop.ipc.RPC$Server.call(RPC.java:1227) [hadoop-common-3.3.6.jar:?]
	at org.apache.hadoop.ipc.Server$RpcCall.run(Server.java:1094) [hadoop-common-3.3.6.jar:?]
	at org.apache.hadoop.ipc.Server$RpcCall.run(Server.java:1017) [hadoop-common-3.3.6.jar:?]
	at java.security.AccessController.doPrivileged(Native Method) ~[?:1.8.0_382]
	at javax.security.auth.Subject.doAs(Subject.java:422) [?:1.8.0_382]
	at org.apache.hadoop.security.UserGroupInformation.doAs(UserGroupInformation.java:1899) [hadoop-common-3.3.6.jar:?]
	at org.apache.hadoop.ipc.Server$Handler.run(Server.java:3048) [hadoop-common-3.3.6.jar:?]
18:55:25.830 [IPC Server handler 17 on default port 15110] ERROR OMAudit - user=runner | ip=127.0.0.1 | op=GET_FILE_STATUS {volume=volume95024, bucket=bucket37863, key=level0/level3/level3, dataSize=0, replicationConfig=null} | ret=FAILURE
org.apache.hadoop.ozone.om.exceptions.OMException: Unable to get file status: volume: volume95024 bucket: bucket37863 key: level0/level3/level3
	at org.apache.hadoop.ozone.om.KeyManagerImpl.getOzoneFileStatus(KeyManagerImpl.java:1195) ~[ozone-manager-1.4.0-SNAPSHOT.jar:?]
	at org.apache.hadoop.ozone.om.KeyManagerImpl.getFileStatus(KeyManagerImpl.java:1113) ~[ozone-manager-1.4.0-SNAPSHOT.jar:?]
	at org.apache.hadoop.ozone.om.OmMetadataReader.getFileStatus(OmMetadataReader.java:262) ~[ozone-manager-1.4.0-SNAPSHOT.jar:?]
	at org.apache.hadoop.ozone.om.OzoneManager.getFileStatus(OzoneManager.java:3530) ~[ozone-manager-1.4.0-SNAPSHOT.jar:?]
	at org.apache.hadoop.ozone.protocolPB.OzoneManagerRequestHandler.getOzoneFileStatus(OzoneManagerRequestHandler.java:973) ~[ozone-manager-1.4.0-SNAPSHOT.jar:?]
	at org.apache.hadoop.ozone.protocolPB.OzoneManagerRequestHandler.handleReadRequest(OzoneManagerRequestHandler.java:252) ~[ozone-manager-1.4.0-SNAPSHOT.jar:?]
	at org.apache.hadoop.ozone.protocolPB.OzoneManagerProtocolServerSideTranslatorPB.submitReadRequestToOM(OzoneManagerProtocolServerSideTranslatorPB.java:225) ~[ozone-manager-1.4.0-SNAPSHOT.jar:?]
	at org.apache.hadoop.ozone.protocolPB.OzoneManagerProtocolServerSideTranslatorPB.processRequest(OzoneManagerProtocolServerSideTranslatorPB.java:179) ~[ozone-manager-1.4.0-SNAPSHOT.jar:?]
	at org.apache.hadoop.hdds.server.OzoneProtocolMessageDispatcher.processRequest(OzoneProtocolMessageDispatcher.java:87) [hdds-server-framework-1.4.0-SNAPSHOT.jar:?]
	at org.apache.hadoop.ozone.protocolPB.OzoneManagerProtocolServerSideTranslatorPB.submitRequest(OzoneManagerProtocolServerSideTranslatorPB.java:148) [ozone-manager-1.4.0-SNAPSHOT.jar:?]
	at org.apache.hadoop.ozone.protocol.proto.OzoneManagerProtocolProtos$OzoneManagerService$2.callBlockingMethod(OzoneManagerProtocolProtos.java) [ozone-interface-client-1.4.0-SNAPSHOT.jar:?]
	at org.apache.hadoop.ipc.ProtobufRpcEngine$Server.processCall(ProtobufRpcEngine.java:484) [hadoop-common-3.3.6.jar:?]
	at org.apache.hadoop.ipc.ProtobufRpcEngine2$Server$ProtoBufRpcInvoker.call(ProtobufRpcEngine2.java:595) [hadoop-common-3.3.6.jar:?]
	at org.apache.hadoop.ipc.ProtobufRpcEngine2$Server$ProtoBufRpcInvoker.call(ProtobufRpcEngine2.java:573) [hadoop-common-3.3.6.jar:?]
	at org.apache.hadoop.ipc.RPC$Server.call(RPC.java:1227) [hadoop-common-3.3.6.jar:?]
	at org.apache.hadoop.ipc.Server$RpcCall.run(Server.java:1094) [hadoop-common-3.3.6.jar:?]
	at org.apache.hadoop.ipc.Server$RpcCall.run(Server.java:1017) [hadoop-common-3.3.6.jar:?]
	at java.security.AccessController.doPrivileged(Native Method) ~[?:1.8.0_382]
	at javax.security.auth.Subject.doAs(Subject.java:422) [?:1.8.0_382]
	at org.apache.hadoop.security.UserGroupInformation.doAs(UserGroupInformation.java:1899) [hadoop-common-3.3.6.jar:?]
	at org.apache.hadoop.ipc.Server$Handler.run(Server.java:3048) [hadoop-common-3.3.6.jar:?]
18:55:25.831 [IPC Server handler 18 on default port 15110] ERROR OMAudit - user=runner | ip=127.0.0.1 | op=GET_FILE_STATUS {volume=volume95024, bucket=bucket37863, key=level0/level3/file1, dataSize=0, replicationConfig=null} | ret=FAILURE
org.apache.hadoop.ozone.om.exceptions.OMException: Unable to get file status: volume: volume95024 bucket: bucket37863 key: level0/level3/file1
	at org.apache.hadoop.ozone.om.KeyManagerImpl.getOzoneFileStatus(KeyManagerImpl.java:1195) ~[ozone-manager-1.4.0-SNAPSHOT.jar:?]
	at org.apache.hadoop.ozone.om.KeyManagerImpl.getFileStatus(KeyManagerImpl.java:1113) ~[ozone-manager-1.4.0-SNAPSHOT.jar:?]
	at org.apache.hadoop.ozone.om.OmMetadataReader.getFileStatus(OmMetadataReader.java:262) ~[ozone-manager-1.4.0-SNAPSHOT.jar:?]
	at org.apache.hadoop.ozone.om.OzoneManager.getFileStatus(OzoneManager.java:3530) ~[ozone-manager-1.4.0-SNAPSHOT.jar:?]
	at org.apache.hadoop.ozone.protocolPB.OzoneManagerRequestHandler.getOzoneFileStatus(OzoneManagerRequestHandler.java:973) ~[ozone-manager-1.4.0-SNAPSHOT.jar:?]
	at org.apache.hadoop.ozone.protocolPB.OzoneManagerRequestHandler.handleReadRequest(OzoneManagerRequestHandler.java:252) ~[ozone-manager-1.4.0-SNAPSHOT.jar:?]
	at org.apache.hadoop.ozone.protocolPB.OzoneManagerProtocolServerSideTranslatorPB.submitReadRequestToOM(OzoneManagerProtocolServerSideTranslatorPB.java:225) ~[ozone-manager-1.4.0-SNAPSHOT.jar:?]
	at org.apache.hadoop.ozone.protocolPB.OzoneManagerProtocolServerSideTranslatorPB.processRequest(OzoneManagerProtocolServerSideTranslatorPB.java:179) ~[ozone-manager-1.4.0-SNAPSHOT.jar:?]
	at org.apache.hadoop.hdds.server.OzoneProtocolMessageDispatcher.processRequest(OzoneProtocolMessageDispatcher.java:87) [hdds-server-framework-1.4.0-SNAPSHOT.jar:?]
	at org.apache.hadoop.ozone.protocolPB.OzoneManagerProtocolServerSideTranslatorPB.submitRequest(OzoneManagerProtocolServerSideTranslatorPB.java:148) [ozone-manager-1.4.0-SNAPSHOT.jar:?]
	at org.apache.hadoop.ozone.protocol.proto.OzoneManagerProtocolProtos$OzoneManagerService$2.callBlockingMethod(OzoneManagerProtocolProtos.java) [ozone-interface-client-1.4.0-SNAPSHOT.jar:?]
	at org.apache.hadoop.ipc.ProtobufRpcEngine$Server.processCall(ProtobufRpcEngine.java:484) [hadoop-common-3.3.6.jar:?]
	at org.apache.hadoop.ipc.ProtobufRpcEngine2$Server$ProtoBufRpcInvoker.call(ProtobufRpcEngine2.java:595) [hadoop-common-3.3.6.jar:?]
	at org.apache.hadoop.ipc.ProtobufRpcEngine2$Server$ProtoBufRpcInvoker.call(ProtobufRpcEngine2.java:573) [hadoop-common-3.3.6.jar:?]
	at org.apache.hadoop.ipc.RPC$Server.call(RPC.java:1227) [hadoop-common-3.3.6.jar:?]
	at org.apache.hadoop.ipc.Server$RpcCall.run(Server.java:1094) [hadoop-common-3.3.6.jar:?]
	at org.apache.hadoop.ipc.Server$RpcCall.run(Server.java:1017) [hadoop-common-3.3.6.jar:?]
	at java.security.AccessController.doPrivileged(Native Method) ~[?:1.8.0_382]
	at javax.security.auth.Subject.doAs(Subject.java:422) [?:1.8.0_382]
	at org.apache.hadoop.security.UserGroupInformation.doAs(UserGroupInformation.java:1899) [hadoop-common-3.3.6.jar:?]
	at org.apache.hadoop.ipc.Server$Handler.run(Server.java:3048) [hadoop-common-3.3.6.jar:?]
18:55:25.832 [IPC Server handler 19 on default port 15110] ERROR OMAudit - user=runner | ip=127.0.0.1 | op=GET_FILE_STATUS {volume=volume95024, bucket=bucket37863, key=level0/level3/level3/file1, dataSize=0, replicationConfig=null} | ret=FAILURE
org.apache.hadoop.ozone.om.exceptions.OMException: Unable to get file status: volume: volume95024 bucket: bucket37863 key: level0/level3/level3/file1
	at org.apache.hadoop.ozone.om.KeyManagerImpl.getOzoneFileStatus(KeyManagerImpl.java:1195) ~[ozone-manager-1.4.0-SNAPSHOT.jar:?]
	at org.apache.hadoop.ozone.om.KeyManagerImpl.getFileStatus(KeyManagerImpl.java:1113) ~[ozone-manager-1.4.0-SNAPSHOT.jar:?]
	at org.apache.hadoop.ozone.om.OmMetadataReader.getFileStatus(OmMetadataReader.java:262) ~[ozone-manager-1.4.0-SNAPSHOT.jar:?]
	at org.apache.hadoop.ozone.om.OzoneManager.getFileStatus(OzoneManager.java:3530) ~[ozone-manager-1.4.0-SNAPSHOT.jar:?]
	at org.apache.hadoop.ozone.protocolPB.OzoneManagerRequestHandler.getOzoneFileStatus(OzoneManagerRequestHandler.java:973) ~[ozone-manager-1.4.0-SNAPSHOT.jar:?]
	at org.apache.hadoop.ozone.protocolPB.OzoneManagerRequestHandler.handleReadRequest(OzoneManagerRequestHandler.java:252) ~[ozone-manager-1.4.0-SNAPSHOT.jar:?]
	at org.apache.hadoop.ozone.protocolPB.OzoneManagerProtocolServerSideTranslatorPB.submitReadRequestToOM(OzoneManagerProtocolServerSideTranslatorPB.java:225) ~[ozone-manager-1.4.0-SNAPSHOT.jar:?]
	at org.apache.hadoop.ozone.protocolPB.OzoneManagerProtocolServerSideTranslatorPB.processRequest(OzoneManagerProtocolServerSideTranslatorPB.java:179) ~[ozone-manager-1.4.0-SNAPSHOT.jar:?]
	at org.apache.hadoop.hdds.server.OzoneProtocolMessageDispatcher.processRequest(OzoneProtocolMessageDispatcher.java:87) [hdds-server-framework-1.4.0-SNAPSHOT.jar:?]
	at org.apache.hadoop.ozone.protocolPB.OzoneManagerProtocolServerSideTranslatorPB.submitRequest(OzoneManagerProtocolServerSideTranslatorPB.java:148) [ozone-manager-1.4.0-SNAPSHOT.jar:?]
	at org.apache.hadoop.ozone.protocol.proto.OzoneManagerProtocolProtos$OzoneManagerService$2.callBlockingMethod(OzoneManagerProtocolProtos.java) [ozone-interface-client-1.4.0-SNAPSHOT.jar:?]
	at org.apache.hadoop.ipc.ProtobufRpcEngine$Server.processCall(ProtobufRpcEngine.java:484) [hadoop-common-3.3.6.jar:?]
	at org.apache.hadoop.ipc.ProtobufRpcEngine2$Server$ProtoBufRpcInvoker.call(ProtobufRpcEngine2.java:595) [hadoop-common-3.3.6.jar:?]
	at org.apache.hadoop.ipc.ProtobufRpcEngine2$Server$ProtoBufRpcInvoker.call(ProtobufRpcEngine2.java:573) [hadoop-common-3.3.6.jar:?]
	at org.apache.hadoop.ipc.RPC$Server.call(RPC.java:1227) [hadoop-common-3.3.6.jar:?]
	at org.apache.hadoop.ipc.Server$RpcCall.run(Server.java:1094) [hadoop-common-3.3.6.jar:?]
	at org.apache.hadoop.ipc.Server$RpcCall.run(Server.java:1017) [hadoop-common-3.3.6.jar:?]
	at java.security.AccessController.doPrivileged(Native Method) ~[?:1.8.0_382]
	at javax.security.auth.Subject.doAs(Subject.java:422) [?:1.8.0_382]
	at org.apache.hadoop.security.UserGroupInformation.doAs(UserGroupInformation.java:1899) [hadoop-common-3.3.6.jar:?]
	at org.apache.hadoop.ipc.Server$Handler.run(Server.java:3048) [hadoop-common-3.3.6.jar:?]
]]></system-out>
  </testcase>
  <testcase name="testRecursiveDelete" classname="TestOzoneFileSystem" time="0.134">
    <system-out><![CDATA[18:56:33.197 [IPC Server handler 13 on default port 15163] ERROR OMAudit - user=runner | ip=127.0.0.1 | op=GET_FILE_STATUS {volume=volume50878, bucket=bucket78448, key=gdir1, dataSize=0, replicationConfig=null} | ret=FAILURE
org.apache.hadoop.ozone.om.exceptions.OMException: Unable to get file status: volume: volume50878 bucket: bucket78448 key: gdir1
	at org.apache.hadoop.ozone.om.KeyManagerImpl.getOzoneFileStatus(KeyManagerImpl.java:1195) ~[ozone-manager-1.4.0-SNAPSHOT.jar:?]
	at org.apache.hadoop.ozone.om.KeyManagerImpl.getFileStatus(KeyManagerImpl.java:1113) ~[ozone-manager-1.4.0-SNAPSHOT.jar:?]
	at org.apache.hadoop.ozone.om.OmMetadataReader.getFileStatus(OmMetadataReader.java:262) ~[ozone-manager-1.4.0-SNAPSHOT.jar:?]
	at org.apache.hadoop.ozone.om.OzoneManager.getFileStatus(OzoneManager.java:3530) ~[ozone-manager-1.4.0-SNAPSHOT.jar:?]
	at org.apache.hadoop.ozone.protocolPB.OzoneManagerRequestHandler.getOzoneFileStatus(OzoneManagerRequestHandler.java:973) ~[ozone-manager-1.4.0-SNAPSHOT.jar:?]
	at org.apache.hadoop.ozone.protocolPB.OzoneManagerRequestHandler.handleReadRequest(OzoneManagerRequestHandler.java:252) ~[ozone-manager-1.4.0-SNAPSHOT.jar:?]
	at org.apache.hadoop.ozone.protocolPB.OzoneManagerProtocolServerSideTranslatorPB.submitRequestDirectlyToOM(OzoneManagerProtocolServerSideTranslatorPB.java:274) ~[ozone-manager-1.4.0-SNAPSHOT.jar:?]
	at org.apache.hadoop.ozone.protocolPB.OzoneManagerProtocolServerSideTranslatorPB.processRequest(OzoneManagerProtocolServerSideTranslatorPB.java:175) ~[ozone-manager-1.4.0-SNAPSHOT.jar:?]
	at org.apache.hadoop.hdds.server.OzoneProtocolMessageDispatcher.processRequest(OzoneProtocolMessageDispatcher.java:87) [hdds-server-framework-1.4.0-SNAPSHOT.jar:?]
	at org.apache.hadoop.ozone.protocolPB.OzoneManagerProtocolServerSideTranslatorPB.submitRequest(OzoneManagerProtocolServerSideTranslatorPB.java:148) [ozone-manager-1.4.0-SNAPSHOT.jar:?]
	at org.apache.hadoop.ozone.protocol.proto.OzoneManagerProtocolProtos$OzoneManagerService$2.callBlockingMethod(OzoneManagerProtocolProtos.java) [ozone-interface-client-1.4.0-SNAPSHOT.jar:?]
	at org.apache.hadoop.ipc.ProtobufRpcEngine$Server.processCall(ProtobufRpcEngine.java:484) [hadoop-common-3.3.6.jar:?]
	at org.apache.hadoop.ipc.ProtobufRpcEngine2$Server$ProtoBufRpcInvoker.call(ProtobufRpcEngine2.java:595) [hadoop-common-3.3.6.jar:?]
	at org.apache.hadoop.ipc.ProtobufRpcEngine2$Server$ProtoBufRpcInvoker.call(ProtobufRpcEngine2.java:573) [hadoop-common-3.3.6.jar:?]
	at org.apache.hadoop.ipc.RPC$Server.call(RPC.java:1227) [hadoop-common-3.3.6.jar:?]
	at org.apache.hadoop.ipc.Server$RpcCall.run(Server.java:1094) [hadoop-common-3.3.6.jar:?]
	at org.apache.hadoop.ipc.Server$RpcCall.run(Server.java:1017) [hadoop-common-3.3.6.jar:?]
	at java.security.AccessController.doPrivileged(Native Method) ~[?:1.8.0_382]
	at javax.security.auth.Subject.doAs(Subject.java:422) [?:1.8.0_382]
	at org.apache.hadoop.security.UserGroupInformation.doAs(UserGroupInformation.java:1899) [hadoop-common-3.3.6.jar:?]
	at org.apache.hadoop.ipc.Server$Handler.run(Server.java:3048) [hadoop-common-3.3.6.jar:?]
18:56:33.198 [IPC Server handler 17 on default port 15163] ERROR OMAudit - user=runner | ip=127.0.0.1 | op=GET_FILE_STATUS {volume=volume50878, bucket=bucket78448, key=gdir1/dir1, dataSize=0, replicationConfig=null} | ret=FAILURE
org.apache.hadoop.ozone.om.exceptions.OMException: Unable to get file status: volume: volume50878 bucket: bucket78448 key: gdir1/dir1
	at org.apache.hadoop.ozone.om.KeyManagerImpl.getOzoneFileStatus(KeyManagerImpl.java:1195) ~[ozone-manager-1.4.0-SNAPSHOT.jar:?]
	at org.apache.hadoop.ozone.om.KeyManagerImpl.getFileStatus(KeyManagerImpl.java:1113) ~[ozone-manager-1.4.0-SNAPSHOT.jar:?]
	at org.apache.hadoop.ozone.om.OmMetadataReader.getFileStatus(OmMetadataReader.java:262) ~[ozone-manager-1.4.0-SNAPSHOT.jar:?]
	at org.apache.hadoop.ozone.om.OzoneManager.getFileStatus(OzoneManager.java:3530) ~[ozone-manager-1.4.0-SNAPSHOT.jar:?]
	at org.apache.hadoop.ozone.protocolPB.OzoneManagerRequestHandler.getOzoneFileStatus(OzoneManagerRequestHandler.java:973) ~[ozone-manager-1.4.0-SNAPSHOT.jar:?]
	at org.apache.hadoop.ozone.protocolPB.OzoneManagerRequestHandler.handleReadRequest(OzoneManagerRequestHandler.java:252) ~[ozone-manager-1.4.0-SNAPSHOT.jar:?]
	at org.apache.hadoop.ozone.protocolPB.OzoneManagerProtocolServerSideTranslatorPB.submitRequestDirectlyToOM(OzoneManagerProtocolServerSideTranslatorPB.java:274) ~[ozone-manager-1.4.0-SNAPSHOT.jar:?]
	at org.apache.hadoop.ozone.protocolPB.OzoneManagerProtocolServerSideTranslatorPB.processRequest(OzoneManagerProtocolServerSideTranslatorPB.java:175) ~[ozone-manager-1.4.0-SNAPSHOT.jar:?]
	at org.apache.hadoop.hdds.server.OzoneProtocolMessageDispatcher.processRequest(OzoneProtocolMessageDispatcher.java:87) [hdds-server-framework-1.4.0-SNAPSHOT.jar:?]
	at org.apache.hadoop.ozone.protocolPB.OzoneManagerProtocolServerSideTranslatorPB.submitRequest(OzoneManagerProtocolServerSideTranslatorPB.java:148) [ozone-manager-1.4.0-SNAPSHOT.jar:?]
	at org.apache.hadoop.ozone.protocol.proto.OzoneManagerProtocolProtos$OzoneManagerService$2.callBlockingMethod(OzoneManagerProtocolProtos.java) [ozone-interface-client-1.4.0-SNAPSHOT.jar:?]
	at org.apache.hadoop.ipc.ProtobufRpcEngine$Server.processCall(ProtobufRpcEngine.java:484) [hadoop-common-3.3.6.jar:?]
	at org.apache.hadoop.ipc.ProtobufRpcEngine2$Server$ProtoBufRpcInvoker.call(ProtobufRpcEngine2.java:595) [hadoop-common-3.3.6.jar:?]
	at org.apache.hadoop.ipc.ProtobufRpcEngine2$Server$ProtoBufRpcInvoker.call(ProtobufRpcEngine2.java:573) [hadoop-common-3.3.6.jar:?]
	at org.apache.hadoop.ipc.RPC$Server.call(RPC.java:1227) [hadoop-common-3.3.6.jar:?]
	at org.apache.hadoop.ipc.Server$RpcCall.run(Server.java:1094) [hadoop-common-3.3.6.jar:?]
	at org.apache.hadoop.ipc.Server$RpcCall.run(Server.java:1017) [hadoop-common-3.3.6.jar:?]
	at java.security.AccessController.doPrivileged(Native Method) ~[?:1.8.0_382]
	at javax.security.auth.Subject.doAs(Subject.java:422) [?:1.8.0_382]
	at org.apache.hadoop.security.UserGroupInformation.doAs(UserGroupInformation.java:1899) [hadoop-common-3.3.6.jar:?]
	at org.apache.hadoop.ipc.Server$Handler.run(Server.java:3048) [hadoop-common-3.3.6.jar:?]
18:56:33.199 [IPC Server handler 19 on default port 15163] ERROR OMAudit - user=runner | ip=127.0.0.1 | op=GET_FILE_STATUS {volume=volume50878, bucket=bucket78448, key=gdir1/dir1/child, dataSize=0, replicationConfig=null} | ret=FAILURE
org.apache.hadoop.ozone.om.exceptions.OMException: Unable to get file status: volume: volume50878 bucket: bucket78448 key: gdir1/dir1/child
	at org.apache.hadoop.ozone.om.KeyManagerImpl.getOzoneFileStatus(KeyManagerImpl.java:1195) ~[ozone-manager-1.4.0-SNAPSHOT.jar:?]
	at org.apache.hadoop.ozone.om.KeyManagerImpl.getFileStatus(KeyManagerImpl.java:1113) ~[ozone-manager-1.4.0-SNAPSHOT.jar:?]
	at org.apache.hadoop.ozone.om.OmMetadataReader.getFileStatus(OmMetadataReader.java:262) ~[ozone-manager-1.4.0-SNAPSHOT.jar:?]
	at org.apache.hadoop.ozone.om.OzoneManager.getFileStatus(OzoneManager.java:3530) ~[ozone-manager-1.4.0-SNAPSHOT.jar:?]
	at org.apache.hadoop.ozone.protocolPB.OzoneManagerRequestHandler.getOzoneFileStatus(OzoneManagerRequestHandler.java:973) ~[ozone-manager-1.4.0-SNAPSHOT.jar:?]
	at org.apache.hadoop.ozone.protocolPB.OzoneManagerRequestHandler.handleReadRequest(OzoneManagerRequestHandler.java:252) ~[ozone-manager-1.4.0-SNAPSHOT.jar:?]
	at org.apache.hadoop.ozone.protocolPB.OzoneManagerProtocolServerSideTranslatorPB.submitRequestDirectlyToOM(OzoneManagerProtocolServerSideTranslatorPB.java:274) ~[ozone-manager-1.4.0-SNAPSHOT.jar:?]
	at org.apache.hadoop.ozone.protocolPB.OzoneManagerProtocolServerSideTranslatorPB.processRequest(OzoneManagerProtocolServerSideTranslatorPB.java:175) ~[ozone-manager-1.4.0-SNAPSHOT.jar:?]
	at org.apache.hadoop.hdds.server.OzoneProtocolMessageDispatcher.processRequest(OzoneProtocolMessageDispatcher.java:87) [hdds-server-framework-1.4.0-SNAPSHOT.jar:?]
	at org.apache.hadoop.ozone.protocolPB.OzoneManagerProtocolServerSideTranslatorPB.submitRequest(OzoneManagerProtocolServerSideTranslatorPB.java:148) [ozone-manager-1.4.0-SNAPSHOT.jar:?]
	at org.apache.hadoop.ozone.protocol.proto.OzoneManagerProtocolProtos$OzoneManagerService$2.callBlockingMethod(OzoneManagerProtocolProtos.java) [ozone-interface-client-1.4.0-SNAPSHOT.jar:?]
	at org.apache.hadoop.ipc.ProtobufRpcEngine$Server.processCall(ProtobufRpcEngine.java:484) [hadoop-common-3.3.6.jar:?]
	at org.apache.hadoop.ipc.ProtobufRpcEngine2$Server$ProtoBufRpcInvoker.call(ProtobufRpcEngine2.java:595) [hadoop-common-3.3.6.jar:?]
	at org.apache.hadoop.ipc.ProtobufRpcEngine2$Server$ProtoBufRpcInvoker.call(ProtobufRpcEngine2.java:573) [hadoop-common-3.3.6.jar:?]
	at org.apache.hadoop.ipc.RPC$Server.call(RPC.java:1227) [hadoop-common-3.3.6.jar:?]
	at org.apache.hadoop.ipc.Server$RpcCall.run(Server.java:1094) [hadoop-common-3.3.6.jar:?]
	at org.apache.hadoop.ipc.Server$RpcCall.run(Server.java:1017) [hadoop-common-3.3.6.jar:?]
	at java.security.AccessController.doPrivileged(Native Method) ~[?:1.8.0_382]
	at javax.security.auth.Subject.doAs(Subject.java:422) [?:1.8.0_382]
	at org.apache.hadoop.security.UserGroupInformation.doAs(UserGroupInformation.java:1899) [hadoop-common-3.3.6.jar:?]
	at org.apache.hadoop.ipc.Server$Handler.run(Server.java:3048) [hadoop-common-3.3.6.jar:?]
18:56:33.200 [IPC Server handler 18 on default port 15163] ERROR OMAudit - user=runner | ip=127.0.0.1 | op=GET_FILE_STATUS {volume=volume50878, bucket=bucket78448, key=gdir1/dir2, dataSize=0, replicationConfig=null} | ret=FAILURE
org.apache.hadoop.ozone.om.exceptions.OMException: Unable to get file status: volume: volume50878 bucket: bucket78448 key: gdir1/dir2
	at org.apache.hadoop.ozone.om.KeyManagerImpl.getOzoneFileStatus(KeyManagerImpl.java:1195) ~[ozone-manager-1.4.0-SNAPSHOT.jar:?]
	at org.apache.hadoop.ozone.om.KeyManagerImpl.getFileStatus(KeyManagerImpl.java:1113) ~[ozone-manager-1.4.0-SNAPSHOT.jar:?]
	at org.apache.hadoop.ozone.om.OmMetadataReader.getFileStatus(OmMetadataReader.java:262) ~[ozone-manager-1.4.0-SNAPSHOT.jar:?]
	at org.apache.hadoop.ozone.om.OzoneManager.getFileStatus(OzoneManager.java:3530) ~[ozone-manager-1.4.0-SNAPSHOT.jar:?]
	at org.apache.hadoop.ozone.protocolPB.OzoneManagerRequestHandler.getOzoneFileStatus(OzoneManagerRequestHandler.java:973) ~[ozone-manager-1.4.0-SNAPSHOT.jar:?]
	at org.apache.hadoop.ozone.protocolPB.OzoneManagerRequestHandler.handleReadRequest(OzoneManagerRequestHandler.java:252) ~[ozone-manager-1.4.0-SNAPSHOT.jar:?]
	at org.apache.hadoop.ozone.protocolPB.OzoneManagerProtocolServerSideTranslatorPB.submitRequestDirectlyToOM(OzoneManagerProtocolServerSideTranslatorPB.java:274) ~[ozone-manager-1.4.0-SNAPSHOT.jar:?]
	at org.apache.hadoop.ozone.protocolPB.OzoneManagerProtocolServerSideTranslatorPB.processRequest(OzoneManagerProtocolServerSideTranslatorPB.java:175) ~[ozone-manager-1.4.0-SNAPSHOT.jar:?]
	at org.apache.hadoop.hdds.server.OzoneProtocolMessageDispatcher.processRequest(OzoneProtocolMessageDispatcher.java:87) [hdds-server-framework-1.4.0-SNAPSHOT.jar:?]
	at org.apache.hadoop.ozone.protocolPB.OzoneManagerProtocolServerSideTranslatorPB.submitRequest(OzoneManagerProtocolServerSideTranslatorPB.java:148) [ozone-manager-1.4.0-SNAPSHOT.jar:?]
	at org.apache.hadoop.ozone.protocol.proto.OzoneManagerProtocolProtos$OzoneManagerService$2.callBlockingMethod(OzoneManagerProtocolProtos.java) [ozone-interface-client-1.4.0-SNAPSHOT.jar:?]
	at org.apache.hadoop.ipc.ProtobufRpcEngine$Server.processCall(ProtobufRpcEngine.java:484) [hadoop-common-3.3.6.jar:?]
	at org.apache.hadoop.ipc.ProtobufRpcEngine2$Server$ProtoBufRpcInvoker.call(ProtobufRpcEngine2.java:595) [hadoop-common-3.3.6.jar:?]
	at org.apache.hadoop.ipc.ProtobufRpcEngine2$Server$ProtoBufRpcInvoker.call(ProtobufRpcEngine2.java:573) [hadoop-common-3.3.6.jar:?]
	at org.apache.hadoop.ipc.RPC$Server.call(RPC.java:1227) [hadoop-common-3.3.6.jar:?]
	at org.apache.hadoop.ipc.Server$RpcCall.run(Server.java:1094) [hadoop-common-3.3.6.jar:?]
	at org.apache.hadoop.ipc.Server$RpcCall.run(Server.java:1017) [hadoop-common-3.3.6.jar:?]
	at java.security.AccessController.doPrivileged(Native Method) ~[?:1.8.0_382]
	at javax.security.auth.Subject.doAs(Subject.java:422) [?:1.8.0_382]
	at org.apache.hadoop.security.UserGroupInformation.doAs(UserGroupInformation.java:1899) [hadoop-common-3.3.6.jar:?]
	at org.apache.hadoop.ipc.Server$Handler.run(Server.java:3048) [hadoop-common-3.3.6.jar:?]
18:56:33.200 [IPC Server handler 0 on default port 15163] ERROR OMAudit - user=runner | ip=127.0.0.1 | op=GET_FILE_STATUS {volume=volume50878, bucket=bucket78448, key=gdir1/dir2/child, dataSize=0, replicationConfig=null} | ret=FAILURE
org.apache.hadoop.ozone.om.exceptions.OMException: Unable to get file status: volume: volume50878 bucket: bucket78448 key: gdir1/dir2/child
	at org.apache.hadoop.ozone.om.KeyManagerImpl.getOzoneFileStatus(KeyManagerImpl.java:1195) ~[ozone-manager-1.4.0-SNAPSHOT.jar:?]
	at org.apache.hadoop.ozone.om.KeyManagerImpl.getFileStatus(KeyManagerImpl.java:1113) ~[ozone-manager-1.4.0-SNAPSHOT.jar:?]
	at org.apache.hadoop.ozone.om.OmMetadataReader.getFileStatus(OmMetadataReader.java:262) ~[ozone-manager-1.4.0-SNAPSHOT.jar:?]
	at org.apache.hadoop.ozone.om.OzoneManager.getFileStatus(OzoneManager.java:3530) ~[ozone-manager-1.4.0-SNAPSHOT.jar:?]
	at org.apache.hadoop.ozone.protocolPB.OzoneManagerRequestHandler.getOzoneFileStatus(OzoneManagerRequestHandler.java:973) ~[ozone-manager-1.4.0-SNAPSHOT.jar:?]
	at org.apache.hadoop.ozone.protocolPB.OzoneManagerRequestHandler.handleReadRequest(OzoneManagerRequestHandler.java:252) ~[ozone-manager-1.4.0-SNAPSHOT.jar:?]
	at org.apache.hadoop.ozone.protocolPB.OzoneManagerProtocolServerSideTranslatorPB.submitRequestDirectlyToOM(OzoneManagerProtocolServerSideTranslatorPB.java:274) ~[ozone-manager-1.4.0-SNAPSHOT.jar:?]
	at org.apache.hadoop.ozone.protocolPB.OzoneManagerProtocolServerSideTranslatorPB.processRequest(OzoneManagerProtocolServerSideTranslatorPB.java:175) ~[ozone-manager-1.4.0-SNAPSHOT.jar:?]
	at org.apache.hadoop.hdds.server.OzoneProtocolMessageDispatcher.processRequest(OzoneProtocolMessageDispatcher.java:87) [hdds-server-framework-1.4.0-SNAPSHOT.jar:?]
	at org.apache.hadoop.ozone.protocolPB.OzoneManagerProtocolServerSideTranslatorPB.submitRequest(OzoneManagerProtocolServerSideTranslatorPB.java:148) [ozone-manager-1.4.0-SNAPSHOT.jar:?]
	at org.apache.hadoop.ozone.protocol.proto.OzoneManagerProtocolProtos$OzoneManagerService$2.callBlockingMethod(OzoneManagerProtocolProtos.java) [ozone-interface-client-1.4.0-SNAPSHOT.jar:?]
	at org.apache.hadoop.ipc.ProtobufRpcEngine$Server.processCall(ProtobufRpcEngine.java:484) [hadoop-common-3.3.6.jar:?]
	at org.apache.hadoop.ipc.ProtobufRpcEngine2$Server$ProtoBufRpcInvoker.call(ProtobufRpcEngine2.java:595) [hadoop-common-3.3.6.jar:?]
	at org.apache.hadoop.ipc.ProtobufRpcEngine2$Server$ProtoBufRpcInvoker.call(ProtobufRpcEngine2.java:573) [hadoop-common-3.3.6.jar:?]
	at org.apache.hadoop.ipc.RPC$Server.call(RPC.java:1227) [hadoop-common-3.3.6.jar:?]
	at org.apache.hadoop.ipc.Server$RpcCall.run(Server.java:1094) [hadoop-common-3.3.6.jar:?]
	at org.apache.hadoop.ipc.Server$RpcCall.run(Server.java:1017) [hadoop-common-3.3.6.jar:?]
	at java.security.AccessController.doPrivileged(Native Method) ~[?:1.8.0_382]
	at javax.security.auth.Subject.doAs(Subject.java:422) [?:1.8.0_382]
	at org.apache.hadoop.security.UserGroupInformation.doAs(UserGroupInformation.java:1899) [hadoop-common-3.3.6.jar:?]
	at org.apache.hadoop.ipc.Server$Handler.run(Server.java:3048) [hadoop-common-3.3.6.jar:?]
18:56:33.201 [IPC Server handler 16 on default port 15163] ERROR OMAudit - user=runner | ip=127.0.0.1 | op=GET_FILE_STATUS {volume=volume50878, bucket=bucket78448, key=gdir1/dir3, dataSize=0, replicationConfig=null} | ret=FAILURE
org.apache.hadoop.ozone.om.exceptions.OMException: Unable to get file status: volume: volume50878 bucket: bucket78448 key: gdir1/dir3
	at org.apache.hadoop.ozone.om.KeyManagerImpl.getOzoneFileStatus(KeyManagerImpl.java:1195) ~[ozone-manager-1.4.0-SNAPSHOT.jar:?]
	at org.apache.hadoop.ozone.om.KeyManagerImpl.getFileStatus(KeyManagerImpl.java:1113) ~[ozone-manager-1.4.0-SNAPSHOT.jar:?]
	at org.apache.hadoop.ozone.om.OmMetadataReader.getFileStatus(OmMetadataReader.java:262) ~[ozone-manager-1.4.0-SNAPSHOT.jar:?]
	at org.apache.hadoop.ozone.om.OzoneManager.getFileStatus(OzoneManager.java:3530) ~[ozone-manager-1.4.0-SNAPSHOT.jar:?]
	at org.apache.hadoop.ozone.protocolPB.OzoneManagerRequestHandler.getOzoneFileStatus(OzoneManagerRequestHandler.java:973) ~[ozone-manager-1.4.0-SNAPSHOT.jar:?]
	at org.apache.hadoop.ozone.protocolPB.OzoneManagerRequestHandler.handleReadRequest(OzoneManagerRequestHandler.java:252) ~[ozone-manager-1.4.0-SNAPSHOT.jar:?]
	at org.apache.hadoop.ozone.protocolPB.OzoneManagerProtocolServerSideTranslatorPB.submitRequestDirectlyToOM(OzoneManagerProtocolServerSideTranslatorPB.java:274) ~[ozone-manager-1.4.0-SNAPSHOT.jar:?]
	at org.apache.hadoop.ozone.protocolPB.OzoneManagerProtocolServerSideTranslatorPB.processRequest(OzoneManagerProtocolServerSideTranslatorPB.java:175) ~[ozone-manager-1.4.0-SNAPSHOT.jar:?]
	at org.apache.hadoop.hdds.server.OzoneProtocolMessageDispatcher.processRequest(OzoneProtocolMessageDispatcher.java:87) [hdds-server-framework-1.4.0-SNAPSHOT.jar:?]
	at org.apache.hadoop.ozone.protocolPB.OzoneManagerProtocolServerSideTranslatorPB.submitRequest(OzoneManagerProtocolServerSideTranslatorPB.java:148) [ozone-manager-1.4.0-SNAPSHOT.jar:?]
	at org.apache.hadoop.ozone.protocol.proto.OzoneManagerProtocolProtos$OzoneManagerService$2.callBlockingMethod(OzoneManagerProtocolProtos.java) [ozone-interface-client-1.4.0-SNAPSHOT.jar:?]
	at org.apache.hadoop.ipc.ProtobufRpcEngine$Server.processCall(ProtobufRpcEngine.java:484) [hadoop-common-3.3.6.jar:?]
	at org.apache.hadoop.ipc.ProtobufRpcEngine2$Server$ProtoBufRpcInvoker.call(ProtobufRpcEngine2.java:595) [hadoop-common-3.3.6.jar:?]
	at org.apache.hadoop.ipc.ProtobufRpcEngine2$Server$ProtoBufRpcInvoker.call(ProtobufRpcEngine2.java:573) [hadoop-common-3.3.6.jar:?]
	at org.apache.hadoop.ipc.RPC$Server.call(RPC.java:1227) [hadoop-common-3.3.6.jar:?]
	at org.apache.hadoop.ipc.Server$RpcCall.run(Server.java:1094) [hadoop-common-3.3.6.jar:?]
	at org.apache.hadoop.ipc.Server$RpcCall.run(Server.java:1017) [hadoop-common-3.3.6.jar:?]
	at java.security.AccessController.doPrivileged(Native Method) ~[?:1.8.0_382]
	at javax.security.auth.Subject.doAs(Subject.java:422) [?:1.8.0_382]
	at org.apache.hadoop.security.UserGroupInformation.doAs(UserGroupInformation.java:1899) [hadoop-common-3.3.6.jar:?]
	at org.apache.hadoop.ipc.Server$Handler.run(Server.java:3048) [hadoop-common-3.3.6.jar:?]
18:56:33.202 [IPC Server handler 1 on default port 15163] ERROR OMAudit - user=runner | ip=127.0.0.1 | op=GET_FILE_STATUS {volume=volume50878, bucket=bucket78448, key=gdir1/dir3/child, dataSize=0, replicationConfig=null} | ret=FAILURE
org.apache.hadoop.ozone.om.exceptions.OMException: Unable to get file status: volume: volume50878 bucket: bucket78448 key: gdir1/dir3/child
	at org.apache.hadoop.ozone.om.KeyManagerImpl.getOzoneFileStatus(KeyManagerImpl.java:1195) ~[ozone-manager-1.4.0-SNAPSHOT.jar:?]
	at org.apache.hadoop.ozone.om.KeyManagerImpl.getFileStatus(KeyManagerImpl.java:1113) ~[ozone-manager-1.4.0-SNAPSHOT.jar:?]
	at org.apache.hadoop.ozone.om.OmMetadataReader.getFileStatus(OmMetadataReader.java:262) ~[ozone-manager-1.4.0-SNAPSHOT.jar:?]
	at org.apache.hadoop.ozone.om.OzoneManager.getFileStatus(OzoneManager.java:3530) ~[ozone-manager-1.4.0-SNAPSHOT.jar:?]
	at org.apache.hadoop.ozone.protocolPB.OzoneManagerRequestHandler.getOzoneFileStatus(OzoneManagerRequestHandler.java:973) ~[ozone-manager-1.4.0-SNAPSHOT.jar:?]
	at org.apache.hadoop.ozone.protocolPB.OzoneManagerRequestHandler.handleReadRequest(OzoneManagerRequestHandler.java:252) ~[ozone-manager-1.4.0-SNAPSHOT.jar:?]
	at org.apache.hadoop.ozone.protocolPB.OzoneManagerProtocolServerSideTranslatorPB.submitRequestDirectlyToOM(OzoneManagerProtocolServerSideTranslatorPB.java:274) ~[ozone-manager-1.4.0-SNAPSHOT.jar:?]
	at org.apache.hadoop.ozone.protocolPB.OzoneManagerProtocolServerSideTranslatorPB.processRequest(OzoneManagerProtocolServerSideTranslatorPB.java:175) ~[ozone-manager-1.4.0-SNAPSHOT.jar:?]
	at org.apache.hadoop.hdds.server.OzoneProtocolMessageDispatcher.processRequest(OzoneProtocolMessageDispatcher.java:87) [hdds-server-framework-1.4.0-SNAPSHOT.jar:?]
	at org.apache.hadoop.ozone.protocolPB.OzoneManagerProtocolServerSideTranslatorPB.submitRequest(OzoneManagerProtocolServerSideTranslatorPB.java:148) [ozone-manager-1.4.0-SNAPSHOT.jar:?]
	at org.apache.hadoop.ozone.protocol.proto.OzoneManagerProtocolProtos$OzoneManagerService$2.callBlockingMethod(OzoneManagerProtocolProtos.java) [ozone-interface-client-1.4.0-SNAPSHOT.jar:?]
	at org.apache.hadoop.ipc.ProtobufRpcEngine$Server.processCall(ProtobufRpcEngine.java:484) [hadoop-common-3.3.6.jar:?]
	at org.apache.hadoop.ipc.ProtobufRpcEngine2$Server$ProtoBufRpcInvoker.call(ProtobufRpcEngine2.java:595) [hadoop-common-3.3.6.jar:?]
	at org.apache.hadoop.ipc.ProtobufRpcEngine2$Server$ProtoBufRpcInvoker.call(ProtobufRpcEngine2.java:573) [hadoop-common-3.3.6.jar:?]
	at org.apache.hadoop.ipc.RPC$Server.call(RPC.java:1227) [hadoop-common-3.3.6.jar:?]
	at org.apache.hadoop.ipc.Server$RpcCall.run(Server.java:1094) [hadoop-common-3.3.6.jar:?]
	at org.apache.hadoop.ipc.Server$RpcCall.run(Server.java:1017) [hadoop-common-3.3.6.jar:?]
	at java.security.AccessController.doPrivileged(Native Method) ~[?:1.8.0_382]
	at javax.security.auth.Subject.doAs(Subject.java:422) [?:1.8.0_382]
	at org.apache.hadoop.security.UserGroupInformation.doAs(UserGroupInformation.java:1899) [hadoop-common-3.3.6.jar:?]
	at org.apache.hadoop.ipc.Server$Handler.run(Server.java:3048) [hadoop-common-3.3.6.jar:?]
18:56:33.203 [IPC Server handler 2 on default port 15163] ERROR OMAudit - user=runner | ip=127.0.0.1 | op=GET_FILE_STATUS {volume=volume50878, bucket=bucket78448, key=gdir1/dir4, dataSize=0, replicationConfig=null} | ret=FAILURE
org.apache.hadoop.ozone.om.exceptions.OMException: Unable to get file status: volume: volume50878 bucket: bucket78448 key: gdir1/dir4
	at org.apache.hadoop.ozone.om.KeyManagerImpl.getOzoneFileStatus(KeyManagerImpl.java:1195) ~[ozone-manager-1.4.0-SNAPSHOT.jar:?]
	at org.apache.hadoop.ozone.om.KeyManagerImpl.getFileStatus(KeyManagerImpl.java:1113) ~[ozone-manager-1.4.0-SNAPSHOT.jar:?]
	at org.apache.hadoop.ozone.om.OmMetadataReader.getFileStatus(OmMetadataReader.java:262) ~[ozone-manager-1.4.0-SNAPSHOT.jar:?]
	at org.apache.hadoop.ozone.om.OzoneManager.getFileStatus(OzoneManager.java:3530) ~[ozone-manager-1.4.0-SNAPSHOT.jar:?]
	at org.apache.hadoop.ozone.protocolPB.OzoneManagerRequestHandler.getOzoneFileStatus(OzoneManagerRequestHandler.java:973) ~[ozone-manager-1.4.0-SNAPSHOT.jar:?]
	at org.apache.hadoop.ozone.protocolPB.OzoneManagerRequestHandler.handleReadRequest(OzoneManagerRequestHandler.java:252) ~[ozone-manager-1.4.0-SNAPSHOT.jar:?]
	at org.apache.hadoop.ozone.protocolPB.OzoneManagerProtocolServerSideTranslatorPB.submitRequestDirectlyToOM(OzoneManagerProtocolServerSideTranslatorPB.java:274) ~[ozone-manager-1.4.0-SNAPSHOT.jar:?]
	at org.apache.hadoop.ozone.protocolPB.OzoneManagerProtocolServerSideTranslatorPB.processRequest(OzoneManagerProtocolServerSideTranslatorPB.java:175) ~[ozone-manager-1.4.0-SNAPSHOT.jar:?]
	at org.apache.hadoop.hdds.server.OzoneProtocolMessageDispatcher.processRequest(OzoneProtocolMessageDispatcher.java:87) [hdds-server-framework-1.4.0-SNAPSHOT.jar:?]
	at org.apache.hadoop.ozone.protocolPB.OzoneManagerProtocolServerSideTranslatorPB.submitRequest(OzoneManagerProtocolServerSideTranslatorPB.java:148) [ozone-manager-1.4.0-SNAPSHOT.jar:?]
	at org.apache.hadoop.ozone.protocol.proto.OzoneManagerProtocolProtos$OzoneManagerService$2.callBlockingMethod(OzoneManagerProtocolProtos.java) [ozone-interface-client-1.4.0-SNAPSHOT.jar:?]
	at org.apache.hadoop.ipc.ProtobufRpcEngine$Server.processCall(ProtobufRpcEngine.java:484) [hadoop-common-3.3.6.jar:?]
	at org.apache.hadoop.ipc.ProtobufRpcEngine2$Server$ProtoBufRpcInvoker.call(ProtobufRpcEngine2.java:595) [hadoop-common-3.3.6.jar:?]
	at org.apache.hadoop.ipc.ProtobufRpcEngine2$Server$ProtoBufRpcInvoker.call(ProtobufRpcEngine2.java:573) [hadoop-common-3.3.6.jar:?]
	at org.apache.hadoop.ipc.RPC$Server.call(RPC.java:1227) [hadoop-common-3.3.6.jar:?]
	at org.apache.hadoop.ipc.Server$RpcCall.run(Server.java:1094) [hadoop-common-3.3.6.jar:?]
	at org.apache.hadoop.ipc.Server$RpcCall.run(Server.java:1017) [hadoop-common-3.3.6.jar:?]
	at java.security.AccessController.doPrivileged(Native Method) ~[?:1.8.0_382]
	at javax.security.auth.Subject.doAs(Subject.java:422) [?:1.8.0_382]
	at org.apache.hadoop.security.UserGroupInformation.doAs(UserGroupInformation.java:1899) [hadoop-common-3.3.6.jar:?]
	at org.apache.hadoop.ipc.Server$Handler.run(Server.java:3048) [hadoop-common-3.3.6.jar:?]
18:56:33.204 [IPC Server handler 3 on default port 15163] ERROR OMAudit - user=runner | ip=127.0.0.1 | op=GET_FILE_STATUS {volume=volume50878, bucket=bucket78448, key=gdir1/dir4/child, dataSize=0, replicationConfig=null} | ret=FAILURE
org.apache.hadoop.ozone.om.exceptions.OMException: Unable to get file status: volume: volume50878 bucket: bucket78448 key: gdir1/dir4/child
	at org.apache.hadoop.ozone.om.KeyManagerImpl.getOzoneFileStatus(KeyManagerImpl.java:1195) ~[ozone-manager-1.4.0-SNAPSHOT.jar:?]
	at org.apache.hadoop.ozone.om.KeyManagerImpl.getFileStatus(KeyManagerImpl.java:1113) ~[ozone-manager-1.4.0-SNAPSHOT.jar:?]
	at org.apache.hadoop.ozone.om.OmMetadataReader.getFileStatus(OmMetadataReader.java:262) ~[ozone-manager-1.4.0-SNAPSHOT.jar:?]
	at org.apache.hadoop.ozone.om.OzoneManager.getFileStatus(OzoneManager.java:3530) ~[ozone-manager-1.4.0-SNAPSHOT.jar:?]
	at org.apache.hadoop.ozone.protocolPB.OzoneManagerRequestHandler.getOzoneFileStatus(OzoneManagerRequestHandler.java:973) ~[ozone-manager-1.4.0-SNAPSHOT.jar:?]
	at org.apache.hadoop.ozone.protocolPB.OzoneManagerRequestHandler.handleReadRequest(OzoneManagerRequestHandler.java:252) ~[ozone-manager-1.4.0-SNAPSHOT.jar:?]
	at org.apache.hadoop.ozone.protocolPB.OzoneManagerProtocolServerSideTranslatorPB.submitRequestDirectlyToOM(OzoneManagerProtocolServerSideTranslatorPB.java:274) ~[ozone-manager-1.4.0-SNAPSHOT.jar:?]
	at org.apache.hadoop.ozone.protocolPB.OzoneManagerProtocolServerSideTranslatorPB.processRequest(OzoneManagerProtocolServerSideTranslatorPB.java:175) ~[ozone-manager-1.4.0-SNAPSHOT.jar:?]
	at org.apache.hadoop.hdds.server.OzoneProtocolMessageDispatcher.processRequest(OzoneProtocolMessageDispatcher.java:87) [hdds-server-framework-1.4.0-SNAPSHOT.jar:?]
	at org.apache.hadoop.ozone.protocolPB.OzoneManagerProtocolServerSideTranslatorPB.submitRequest(OzoneManagerProtocolServerSideTranslatorPB.java:148) [ozone-manager-1.4.0-SNAPSHOT.jar:?]
	at org.apache.hadoop.ozone.protocol.proto.OzoneManagerProtocolProtos$OzoneManagerService$2.callBlockingMethod(OzoneManagerProtocolProtos.java) [ozone-interface-client-1.4.0-SNAPSHOT.jar:?]
	at org.apache.hadoop.ipc.ProtobufRpcEngine$Server.processCall(ProtobufRpcEngine.java:484) [hadoop-common-3.3.6.jar:?]
	at org.apache.hadoop.ipc.ProtobufRpcEngine2$Server$ProtoBufRpcInvoker.call(ProtobufRpcEngine2.java:595) [hadoop-common-3.3.6.jar:?]
	at org.apache.hadoop.ipc.ProtobufRpcEngine2$Server$ProtoBufRpcInvoker.call(ProtobufRpcEngine2.java:573) [hadoop-common-3.3.6.jar:?]
	at org.apache.hadoop.ipc.RPC$Server.call(RPC.java:1227) [hadoop-common-3.3.6.jar:?]
	at org.apache.hadoop.ipc.Server$RpcCall.run(Server.java:1094) [hadoop-common-3.3.6.jar:?]
	at org.apache.hadoop.ipc.Server$RpcCall.run(Server.java:1017) [hadoop-common-3.3.6.jar:?]
	at java.security.AccessController.doPrivileged(Native Method) ~[?:1.8.0_382]
	at javax.security.auth.Subject.doAs(Subject.java:422) [?:1.8.0_382]
	at org.apache.hadoop.security.UserGroupInformation.doAs(UserGroupInformation.java:1899) [hadoop-common-3.3.6.jar:?]
	at org.apache.hadoop.ipc.Server$Handler.run(Server.java:3048) [hadoop-common-3.3.6.jar:?]
18:56:33.205 [IPC Server handler 4 on default port 15163] ERROR OMAudit - user=runner | ip=127.0.0.1 | op=GET_FILE_STATUS {volume=volume50878, bucket=bucket78448, key=gdir1/dir5, dataSize=0, replicationConfig=null} | ret=FAILURE
org.apache.hadoop.ozone.om.exceptions.OMException: Unable to get file status: volume: volume50878 bucket: bucket78448 key: gdir1/dir5
	at org.apache.hadoop.ozone.om.KeyManagerImpl.getOzoneFileStatus(KeyManagerImpl.java:1195) ~[ozone-manager-1.4.0-SNAPSHOT.jar:?]
	at org.apache.hadoop.ozone.om.KeyManagerImpl.getFileStatus(KeyManagerImpl.java:1113) ~[ozone-manager-1.4.0-SNAPSHOT.jar:?]
	at org.apache.hadoop.ozone.om.OmMetadataReader.getFileStatus(OmMetadataReader.java:262) ~[ozone-manager-1.4.0-SNAPSHOT.jar:?]
	at org.apache.hadoop.ozone.om.OzoneManager.getFileStatus(OzoneManager.java:3530) ~[ozone-manager-1.4.0-SNAPSHOT.jar:?]
	at org.apache.hadoop.ozone.protocolPB.OzoneManagerRequestHandler.getOzoneFileStatus(OzoneManagerRequestHandler.java:973) ~[ozone-manager-1.4.0-SNAPSHOT.jar:?]
	at org.apache.hadoop.ozone.protocolPB.OzoneManagerRequestHandler.handleReadRequest(OzoneManagerRequestHandler.java:252) ~[ozone-manager-1.4.0-SNAPSHOT.jar:?]
	at org.apache.hadoop.ozone.protocolPB.OzoneManagerProtocolServerSideTranslatorPB.submitRequestDirectlyToOM(OzoneManagerProtocolServerSideTranslatorPB.java:274) ~[ozone-manager-1.4.0-SNAPSHOT.jar:?]
	at org.apache.hadoop.ozone.protocolPB.OzoneManagerProtocolServerSideTranslatorPB.processRequest(OzoneManagerProtocolServerSideTranslatorPB.java:175) ~[ozone-manager-1.4.0-SNAPSHOT.jar:?]
	at org.apache.hadoop.hdds.server.OzoneProtocolMessageDispatcher.processRequest(OzoneProtocolMessageDispatcher.java:87) [hdds-server-framework-1.4.0-SNAPSHOT.jar:?]
	at org.apache.hadoop.ozone.protocolPB.OzoneManagerProtocolServerSideTranslatorPB.submitRequest(OzoneManagerProtocolServerSideTranslatorPB.java:148) [ozone-manager-1.4.0-SNAPSHOT.jar:?]
	at org.apache.hadoop.ozone.protocol.proto.OzoneManagerProtocolProtos$OzoneManagerService$2.callBlockingMethod(OzoneManagerProtocolProtos.java) [ozone-interface-client-1.4.0-SNAPSHOT.jar:?]
	at org.apache.hadoop.ipc.ProtobufRpcEngine$Server.processCall(ProtobufRpcEngine.java:484) [hadoop-common-3.3.6.jar:?]
	at org.apache.hadoop.ipc.ProtobufRpcEngine2$Server$ProtoBufRpcInvoker.call(ProtobufRpcEngine2.java:595) [hadoop-common-3.3.6.jar:?]
	at org.apache.hadoop.ipc.ProtobufRpcEngine2$Server$ProtoBufRpcInvoker.call(ProtobufRpcEngine2.java:573) [hadoop-common-3.3.6.jar:?]
	at org.apache.hadoop.ipc.RPC$Server.call(RPC.java:1227) [hadoop-common-3.3.6.jar:?]
	at org.apache.hadoop.ipc.Server$RpcCall.run(Server.java:1094) [hadoop-common-3.3.6.jar:?]
	at org.apache.hadoop.ipc.Server$RpcCall.run(Server.java:1017) [hadoop-common-3.3.6.jar:?]
	at java.security.AccessController.doPrivileged(Native Method) ~[?:1.8.0_382]
	at javax.security.auth.Subject.doAs(Subject.java:422) [?:1.8.0_382]
	at org.apache.hadoop.security.UserGroupInformation.doAs(UserGroupInformation.java:1899) [hadoop-common-3.3.6.jar:?]
	at org.apache.hadoop.ipc.Server$Handler.run(Server.java:3048) [hadoop-common-3.3.6.jar:?]
18:56:33.205 [IPC Server handler 5 on default port 15163] ERROR OMAudit - user=runner | ip=127.0.0.1 | op=GET_FILE_STATUS {volume=volume50878, bucket=bucket78448, key=gdir1/dir5/child, dataSize=0, replicationConfig=null} | ret=FAILURE
org.apache.hadoop.ozone.om.exceptions.OMException: Unable to get file status: volume: volume50878 bucket: bucket78448 key: gdir1/dir5/child
	at org.apache.hadoop.ozone.om.KeyManagerImpl.getOzoneFileStatus(KeyManagerImpl.java:1195) ~[ozone-manager-1.4.0-SNAPSHOT.jar:?]
	at org.apache.hadoop.ozone.om.KeyManagerImpl.getFileStatus(KeyManagerImpl.java:1113) ~[ozone-manager-1.4.0-SNAPSHOT.jar:?]
	at org.apache.hadoop.ozone.om.OmMetadataReader.getFileStatus(OmMetadataReader.java:262) ~[ozone-manager-1.4.0-SNAPSHOT.jar:?]
	at org.apache.hadoop.ozone.om.OzoneManager.getFileStatus(OzoneManager.java:3530) ~[ozone-manager-1.4.0-SNAPSHOT.jar:?]
	at org.apache.hadoop.ozone.protocolPB.OzoneManagerRequestHandler.getOzoneFileStatus(OzoneManagerRequestHandler.java:973) ~[ozone-manager-1.4.0-SNAPSHOT.jar:?]
	at org.apache.hadoop.ozone.protocolPB.OzoneManagerRequestHandler.handleReadRequest(OzoneManagerRequestHandler.java:252) ~[ozone-manager-1.4.0-SNAPSHOT.jar:?]
	at org.apache.hadoop.ozone.protocolPB.OzoneManagerProtocolServerSideTranslatorPB.submitRequestDirectlyToOM(OzoneManagerProtocolServerSideTranslatorPB.java:274) ~[ozone-manager-1.4.0-SNAPSHOT.jar:?]
	at org.apache.hadoop.ozone.protocolPB.OzoneManagerProtocolServerSideTranslatorPB.processRequest(OzoneManagerProtocolServerSideTranslatorPB.java:175) ~[ozone-manager-1.4.0-SNAPSHOT.jar:?]
	at org.apache.hadoop.hdds.server.OzoneProtocolMessageDispatcher.processRequest(OzoneProtocolMessageDispatcher.java:87) [hdds-server-framework-1.4.0-SNAPSHOT.jar:?]
	at org.apache.hadoop.ozone.protocolPB.OzoneManagerProtocolServerSideTranslatorPB.submitRequest(OzoneManagerProtocolServerSideTranslatorPB.java:148) [ozone-manager-1.4.0-SNAPSHOT.jar:?]
	at org.apache.hadoop.ozone.protocol.proto.OzoneManagerProtocolProtos$OzoneManagerService$2.callBlockingMethod(OzoneManagerProtocolProtos.java) [ozone-interface-client-1.4.0-SNAPSHOT.jar:?]
	at org.apache.hadoop.ipc.ProtobufRpcEngine$Server.processCall(ProtobufRpcEngine.java:484) [hadoop-common-3.3.6.jar:?]
	at org.apache.hadoop.ipc.ProtobufRpcEngine2$Server$ProtoBufRpcInvoker.call(ProtobufRpcEngine2.java:595) [hadoop-common-3.3.6.jar:?]
	at org.apache.hadoop.ipc.ProtobufRpcEngine2$Server$ProtoBufRpcInvoker.call(ProtobufRpcEngine2.java:573) [hadoop-common-3.3.6.jar:?]
	at org.apache.hadoop.ipc.RPC$Server.call(RPC.java:1227) [hadoop-common-3.3.6.jar:?]
	at org.apache.hadoop.ipc.Server$RpcCall.run(Server.java:1094) [hadoop-common-3.3.6.jar:?]
	at org.apache.hadoop.ipc.Server$RpcCall.run(Server.java:1017) [hadoop-common-3.3.6.jar:?]
	at java.security.AccessController.doPrivileged(Native Method) ~[?:1.8.0_382]
	at javax.security.auth.Subject.doAs(Subject.java:422) [?:1.8.0_382]
	at org.apache.hadoop.security.UserGroupInformation.doAs(UserGroupInformation.java:1899) [hadoop-common-3.3.6.jar:?]
	at org.apache.hadoop.ipc.Server$Handler.run(Server.java:3048) [hadoop-common-3.3.6.jar:?]
18:56:33.206 [IPC Server handler 7 on default port 15163] ERROR OMAudit - user=runner | ip=127.0.0.1 | op=GET_FILE_STATUS {volume=volume50878, bucket=bucket78448, key=gdir1/dir6, dataSize=0, replicationConfig=null} | ret=FAILURE
org.apache.hadoop.ozone.om.exceptions.OMException: Unable to get file status: volume: volume50878 bucket: bucket78448 key: gdir1/dir6
	at org.apache.hadoop.ozone.om.KeyManagerImpl.getOzoneFileStatus(KeyManagerImpl.java:1195) ~[ozone-manager-1.4.0-SNAPSHOT.jar:?]
	at org.apache.hadoop.ozone.om.KeyManagerImpl.getFileStatus(KeyManagerImpl.java:1113) ~[ozone-manager-1.4.0-SNAPSHOT.jar:?]
	at org.apache.hadoop.ozone.om.OmMetadataReader.getFileStatus(OmMetadataReader.java:262) ~[ozone-manager-1.4.0-SNAPSHOT.jar:?]
	at org.apache.hadoop.ozone.om.OzoneManager.getFileStatus(OzoneManager.java:3530) ~[ozone-manager-1.4.0-SNAPSHOT.jar:?]
	at org.apache.hadoop.ozone.protocolPB.OzoneManagerRequestHandler.getOzoneFileStatus(OzoneManagerRequestHandler.java:973) ~[ozone-manager-1.4.0-SNAPSHOT.jar:?]
	at org.apache.hadoop.ozone.protocolPB.OzoneManagerRequestHandler.handleReadRequest(OzoneManagerRequestHandler.java:252) ~[ozone-manager-1.4.0-SNAPSHOT.jar:?]
	at org.apache.hadoop.ozone.protocolPB.OzoneManagerProtocolServerSideTranslatorPB.submitRequestDirectlyToOM(OzoneManagerProtocolServerSideTranslatorPB.java:274) ~[ozone-manager-1.4.0-SNAPSHOT.jar:?]
	at org.apache.hadoop.ozone.protocolPB.OzoneManagerProtocolServerSideTranslatorPB.processRequest(OzoneManagerProtocolServerSideTranslatorPB.java:175) ~[ozone-manager-1.4.0-SNAPSHOT.jar:?]
	at org.apache.hadoop.hdds.server.OzoneProtocolMessageDispatcher.processRequest(OzoneProtocolMessageDispatcher.java:87) [hdds-server-framework-1.4.0-SNAPSHOT.jar:?]
	at org.apache.hadoop.ozone.protocolPB.OzoneManagerProtocolServerSideTranslatorPB.submitRequest(OzoneManagerProtocolServerSideTranslatorPB.java:148) [ozone-manager-1.4.0-SNAPSHOT.jar:?]
	at org.apache.hadoop.ozone.protocol.proto.OzoneManagerProtocolProtos$OzoneManagerService$2.callBlockingMethod(OzoneManagerProtocolProtos.java) [ozone-interface-client-1.4.0-SNAPSHOT.jar:?]
	at org.apache.hadoop.ipc.ProtobufRpcEngine$Server.processCall(ProtobufRpcEngine.java:484) [hadoop-common-3.3.6.jar:?]
	at org.apache.hadoop.ipc.ProtobufRpcEngine2$Server$ProtoBufRpcInvoker.call(ProtobufRpcEngine2.java:595) [hadoop-common-3.3.6.jar:?]
	at org.apache.hadoop.ipc.ProtobufRpcEngine2$Server$ProtoBufRpcInvoker.call(ProtobufRpcEngine2.java:573) [hadoop-common-3.3.6.jar:?]
	at org.apache.hadoop.ipc.RPC$Server.call(RPC.java:1227) [hadoop-common-3.3.6.jar:?]
	at org.apache.hadoop.ipc.Server$RpcCall.run(Server.java:1094) [hadoop-common-3.3.6.jar:?]
	at org.apache.hadoop.ipc.Server$RpcCall.run(Server.java:1017) [hadoop-common-3.3.6.jar:?]
	at java.security.AccessController.doPrivileged(Native Method) ~[?:1.8.0_382]
	at javax.security.auth.Subject.doAs(Subject.java:422) [?:1.8.0_382]
	at org.apache.hadoop.security.UserGroupInformation.doAs(UserGroupInformation.java:1899) [hadoop-common-3.3.6.jar:?]
	at org.apache.hadoop.ipc.Server$Handler.run(Server.java:3048) [hadoop-common-3.3.6.jar:?]
18:56:33.207 [IPC Server handler 6 on default port 15163] ERROR OMAudit - user=runner | ip=127.0.0.1 | op=GET_FILE_STATUS {volume=volume50878, bucket=bucket78448, key=gdir1/dir6/child, dataSize=0, replicationConfig=null} | ret=FAILURE
org.apache.hadoop.ozone.om.exceptions.OMException: Unable to get file status: volume: volume50878 bucket: bucket78448 key: gdir1/dir6/child
	at org.apache.hadoop.ozone.om.KeyManagerImpl.getOzoneFileStatus(KeyManagerImpl.java:1195) ~[ozone-manager-1.4.0-SNAPSHOT.jar:?]
	at org.apache.hadoop.ozone.om.KeyManagerImpl.getFileStatus(KeyManagerImpl.java:1113) ~[ozone-manager-1.4.0-SNAPSHOT.jar:?]
	at org.apache.hadoop.ozone.om.OmMetadataReader.getFileStatus(OmMetadataReader.java:262) ~[ozone-manager-1.4.0-SNAPSHOT.jar:?]
	at org.apache.hadoop.ozone.om.OzoneManager.getFileStatus(OzoneManager.java:3530) ~[ozone-manager-1.4.0-SNAPSHOT.jar:?]
	at org.apache.hadoop.ozone.protocolPB.OzoneManagerRequestHandler.getOzoneFileStatus(OzoneManagerRequestHandler.java:973) ~[ozone-manager-1.4.0-SNAPSHOT.jar:?]
	at org.apache.hadoop.ozone.protocolPB.OzoneManagerRequestHandler.handleReadRequest(OzoneManagerRequestHandler.java:252) ~[ozone-manager-1.4.0-SNAPSHOT.jar:?]
	at org.apache.hadoop.ozone.protocolPB.OzoneManagerProtocolServerSideTranslatorPB.submitRequestDirectlyToOM(OzoneManagerProtocolServerSideTranslatorPB.java:274) ~[ozone-manager-1.4.0-SNAPSHOT.jar:?]
	at org.apache.hadoop.ozone.protocolPB.OzoneManagerProtocolServerSideTranslatorPB.processRequest(OzoneManagerProtocolServerSideTranslatorPB.java:175) ~[ozone-manager-1.4.0-SNAPSHOT.jar:?]
	at org.apache.hadoop.hdds.server.OzoneProtocolMessageDispatcher.processRequest(OzoneProtocolMessageDispatcher.java:87) [hdds-server-framework-1.4.0-SNAPSHOT.jar:?]
	at org.apache.hadoop.ozone.protocolPB.OzoneManagerProtocolServerSideTranslatorPB.submitRequest(OzoneManagerProtocolServerSideTranslatorPB.java:148) [ozone-manager-1.4.0-SNAPSHOT.jar:?]
	at org.apache.hadoop.ozone.protocol.proto.OzoneManagerProtocolProtos$OzoneManagerService$2.callBlockingMethod(OzoneManagerProtocolProtos.java) [ozone-interface-client-1.4.0-SNAPSHOT.jar:?]
	at org.apache.hadoop.ipc.ProtobufRpcEngine$Server.processCall(ProtobufRpcEngine.java:484) [hadoop-common-3.3.6.jar:?]
	at org.apache.hadoop.ipc.ProtobufRpcEngine2$Server$ProtoBufRpcInvoker.call(ProtobufRpcEngine2.java:595) [hadoop-common-3.3.6.jar:?]
	at org.apache.hadoop.ipc.ProtobufRpcEngine2$Server$ProtoBufRpcInvoker.call(ProtobufRpcEngine2.java:573) [hadoop-common-3.3.6.jar:?]
	at org.apache.hadoop.ipc.RPC$Server.call(RPC.java:1227) [hadoop-common-3.3.6.jar:?]
	at org.apache.hadoop.ipc.Server$RpcCall.run(Server.java:1094) [hadoop-common-3.3.6.jar:?]
	at org.apache.hadoop.ipc.Server$RpcCall.run(Server.java:1017) [hadoop-common-3.3.6.jar:?]
	at java.security.AccessController.doPrivileged(Native Method) ~[?:1.8.0_382]
	at javax.security.auth.Subject.doAs(Subject.java:422) [?:1.8.0_382]
	at org.apache.hadoop.security.UserGroupInformation.doAs(UserGroupInformation.java:1899) [hadoop-common-3.3.6.jar:?]
	at org.apache.hadoop.ipc.Server$Handler.run(Server.java:3048) [hadoop-common-3.3.6.jar:?]
18:56:33.208 [IPC Server handler 8 on default port 15163] ERROR OMAudit - user=runner | ip=127.0.0.1 | op=GET_FILE_STATUS {volume=volume50878, bucket=bucket78448, key=gdir1/dir7, dataSize=0, replicationConfig=null} | ret=FAILURE
org.apache.hadoop.ozone.om.exceptions.OMException: Unable to get file status: volume: volume50878 bucket: bucket78448 key: gdir1/dir7
	at org.apache.hadoop.ozone.om.KeyManagerImpl.getOzoneFileStatus(KeyManagerImpl.java:1195) ~[ozone-manager-1.4.0-SNAPSHOT.jar:?]
	at org.apache.hadoop.ozone.om.KeyManagerImpl.getFileStatus(KeyManagerImpl.java:1113) ~[ozone-manager-1.4.0-SNAPSHOT.jar:?]
	at org.apache.hadoop.ozone.om.OmMetadataReader.getFileStatus(OmMetadataReader.java:262) ~[ozone-manager-1.4.0-SNAPSHOT.jar:?]
	at org.apache.hadoop.ozone.om.OzoneManager.getFileStatus(OzoneManager.java:3530) ~[ozone-manager-1.4.0-SNAPSHOT.jar:?]
	at org.apache.hadoop.ozone.protocolPB.OzoneManagerRequestHandler.getOzoneFileStatus(OzoneManagerRequestHandler.java:973) ~[ozone-manager-1.4.0-SNAPSHOT.jar:?]
	at org.apache.hadoop.ozone.protocolPB.OzoneManagerRequestHandler.handleReadRequest(OzoneManagerRequestHandler.java:252) ~[ozone-manager-1.4.0-SNAPSHOT.jar:?]
	at org.apache.hadoop.ozone.protocolPB.OzoneManagerProtocolServerSideTranslatorPB.submitRequestDirectlyToOM(OzoneManagerProtocolServerSideTranslatorPB.java:274) ~[ozone-manager-1.4.0-SNAPSHOT.jar:?]
	at org.apache.hadoop.ozone.protocolPB.OzoneManagerProtocolServerSideTranslatorPB.processRequest(OzoneManagerProtocolServerSideTranslatorPB.java:175) ~[ozone-manager-1.4.0-SNAPSHOT.jar:?]
	at org.apache.hadoop.hdds.server.OzoneProtocolMessageDispatcher.processRequest(OzoneProtocolMessageDispatcher.java:87) [hdds-server-framework-1.4.0-SNAPSHOT.jar:?]
	at org.apache.hadoop.ozone.protocolPB.OzoneManagerProtocolServerSideTranslatorPB.submitRequest(OzoneManagerProtocolServerSideTranslatorPB.java:148) [ozone-manager-1.4.0-SNAPSHOT.jar:?]
	at org.apache.hadoop.ozone.protocol.proto.OzoneManagerProtocolProtos$OzoneManagerService$2.callBlockingMethod(OzoneManagerProtocolProtos.java) [ozone-interface-client-1.4.0-SNAPSHOT.jar:?]
	at org.apache.hadoop.ipc.ProtobufRpcEngine$Server.processCall(ProtobufRpcEngine.java:484) [hadoop-common-3.3.6.jar:?]
	at org.apache.hadoop.ipc.ProtobufRpcEngine2$Server$ProtoBufRpcInvoker.call(ProtobufRpcEngine2.java:595) [hadoop-common-3.3.6.jar:?]
	at org.apache.hadoop.ipc.ProtobufRpcEngine2$Server$ProtoBufRpcInvoker.call(ProtobufRpcEngine2.java:573) [hadoop-common-3.3.6.jar:?]
	at org.apache.hadoop.ipc.RPC$Server.call(RPC.java:1227) [hadoop-common-3.3.6.jar:?]
	at org.apache.hadoop.ipc.Server$RpcCall.run(Server.java:1094) [hadoop-common-3.3.6.jar:?]
	at org.apache.hadoop.ipc.Server$RpcCall.run(Server.java:1017) [hadoop-common-3.3.6.jar:?]
	at java.security.AccessController.doPrivileged(Native Method) ~[?:1.8.0_382]
	at javax.security.auth.Subject.doAs(Subject.java:422) [?:1.8.0_382]
	at org.apache.hadoop.security.UserGroupInformation.doAs(UserGroupInformation.java:1899) [hadoop-common-3.3.6.jar:?]
	at org.apache.hadoop.ipc.Server$Handler.run(Server.java:3048) [hadoop-common-3.3.6.jar:?]
18:56:33.213 [IPC Server handler 9 on default port 15163] ERROR OMAudit - user=runner | ip=127.0.0.1 | op=GET_FILE_STATUS {volume=volume50878, bucket=bucket78448, key=gdir1/dir7/child, dataSize=0, replicationConfig=null} | ret=FAILURE
org.apache.hadoop.ozone.om.exceptions.OMException: Unable to get file status: volume: volume50878 bucket: bucket78448 key: gdir1/dir7/child
	at org.apache.hadoop.ozone.om.KeyManagerImpl.getOzoneFileStatus(KeyManagerImpl.java:1195) ~[ozone-manager-1.4.0-SNAPSHOT.jar:?]
	at org.apache.hadoop.ozone.om.KeyManagerImpl.getFileStatus(KeyManagerImpl.java:1113) ~[ozone-manager-1.4.0-SNAPSHOT.jar:?]
	at org.apache.hadoop.ozone.om.OmMetadataReader.getFileStatus(OmMetadataReader.java:262) ~[ozone-manager-1.4.0-SNAPSHOT.jar:?]
	at org.apache.hadoop.ozone.om.OzoneManager.getFileStatus(OzoneManager.java:3530) ~[ozone-manager-1.4.0-SNAPSHOT.jar:?]
	at org.apache.hadoop.ozone.protocolPB.OzoneManagerRequestHandler.getOzoneFileStatus(OzoneManagerRequestHandler.java:973) ~[ozone-manager-1.4.0-SNAPSHOT.jar:?]
	at org.apache.hadoop.ozone.protocolPB.OzoneManagerRequestHandler.handleReadRequest(OzoneManagerRequestHandler.java:252) ~[ozone-manager-1.4.0-SNAPSHOT.jar:?]
	at org.apache.hadoop.ozone.protocolPB.OzoneManagerProtocolServerSideTranslatorPB.submitRequestDirectlyToOM(OzoneManagerProtocolServerSideTranslatorPB.java:274) ~[ozone-manager-1.4.0-SNAPSHOT.jar:?]
	at org.apache.hadoop.ozone.protocolPB.OzoneManagerProtocolServerSideTranslatorPB.processRequest(OzoneManagerProtocolServerSideTranslatorPB.java:175) ~[ozone-manager-1.4.0-SNAPSHOT.jar:?]
	at org.apache.hadoop.hdds.server.OzoneProtocolMessageDispatcher.processRequest(OzoneProtocolMessageDispatcher.java:87) [hdds-server-framework-1.4.0-SNAPSHOT.jar:?]
	at org.apache.hadoop.ozone.protocolPB.OzoneManagerProtocolServerSideTranslatorPB.submitRequest(OzoneManagerProtocolServerSideTranslatorPB.java:148) [ozone-manager-1.4.0-SNAPSHOT.jar:?]
	at org.apache.hadoop.ozone.protocol.proto.OzoneManagerProtocolProtos$OzoneManagerService$2.callBlockingMethod(OzoneManagerProtocolProtos.java) [ozone-interface-client-1.4.0-SNAPSHOT.jar:?]
	at org.apache.hadoop.ipc.ProtobufRpcEngine$Server.processCall(ProtobufRpcEngine.java:484) [hadoop-common-3.3.6.jar:?]
	at org.apache.hadoop.ipc.ProtobufRpcEngine2$Server$ProtoBufRpcInvoker.call(ProtobufRpcEngine2.java:595) [hadoop-common-3.3.6.jar:?]
	at org.apache.hadoop.ipc.ProtobufRpcEngine2$Server$ProtoBufRpcInvoker.call(ProtobufRpcEngine2.java:573) [hadoop-common-3.3.6.jar:?]
	at org.apache.hadoop.ipc.RPC$Server.call(RPC.java:1227) [hadoop-common-3.3.6.jar:?]
	at org.apache.hadoop.ipc.Server$RpcCall.run(Server.java:1094) [hadoop-common-3.3.6.jar:?]
	at org.apache.hadoop.ipc.Server$RpcCall.run(Server.java:1017) [hadoop-common-3.3.6.jar:?]
	at java.security.AccessController.doPrivileged(Native Method) ~[?:1.8.0_382]
	at javax.security.auth.Subject.doAs(Subject.java:422) [?:1.8.0_382]
	at org.apache.hadoop.security.UserGroupInformation.doAs(UserGroupInformation.java:1899) [hadoop-common-3.3.6.jar:?]
	at org.apache.hadoop.ipc.Server$Handler.run(Server.java:3048) [hadoop-common-3.3.6.jar:?]
18:56:33.213 [IPC Server handler 11 on default port 15163] ERROR OMAudit - user=runner | ip=127.0.0.1 | op=GET_FILE_STATUS {volume=volume50878, bucket=bucket78448, key=gdir1/dir8, dataSize=0, replicationConfig=null} | ret=FAILURE
org.apache.hadoop.ozone.om.exceptions.OMException: Unable to get file status: volume: volume50878 bucket: bucket78448 key: gdir1/dir8
	at org.apache.hadoop.ozone.om.KeyManagerImpl.getOzoneFileStatus(KeyManagerImpl.java:1195) ~[ozone-manager-1.4.0-SNAPSHOT.jar:?]
	at org.apache.hadoop.ozone.om.KeyManagerImpl.getFileStatus(KeyManagerImpl.java:1113) ~[ozone-manager-1.4.0-SNAPSHOT.jar:?]
	at org.apache.hadoop.ozone.om.OmMetadataReader.getFileStatus(OmMetadataReader.java:262) ~[ozone-manager-1.4.0-SNAPSHOT.jar:?]
	at org.apache.hadoop.ozone.om.OzoneManager.getFileStatus(OzoneManager.java:3530) ~[ozone-manager-1.4.0-SNAPSHOT.jar:?]
	at org.apache.hadoop.ozone.protocolPB.OzoneManagerRequestHandler.getOzoneFileStatus(OzoneManagerRequestHandler.java:973) ~[ozone-manager-1.4.0-SNAPSHOT.jar:?]
	at org.apache.hadoop.ozone.protocolPB.OzoneManagerRequestHandler.handleReadRequest(OzoneManagerRequestHandler.java:252) ~[ozone-manager-1.4.0-SNAPSHOT.jar:?]
	at org.apache.hadoop.ozone.protocolPB.OzoneManagerProtocolServerSideTranslatorPB.submitRequestDirectlyToOM(OzoneManagerProtocolServerSideTranslatorPB.java:274) ~[ozone-manager-1.4.0-SNAPSHOT.jar:?]
	at org.apache.hadoop.ozone.protocolPB.OzoneManagerProtocolServerSideTranslatorPB.processRequest(OzoneManagerProtocolServerSideTranslatorPB.java:175) ~[ozone-manager-1.4.0-SNAPSHOT.jar:?]
	at org.apache.hadoop.hdds.server.OzoneProtocolMessageDispatcher.processRequest(OzoneProtocolMessageDispatcher.java:87) [hdds-server-framework-1.4.0-SNAPSHOT.jar:?]
	at org.apache.hadoop.ozone.protocolPB.OzoneManagerProtocolServerSideTranslatorPB.submitRequest(OzoneManagerProtocolServerSideTranslatorPB.java:148) [ozone-manager-1.4.0-SNAPSHOT.jar:?]
	at org.apache.hadoop.ozone.protocol.proto.OzoneManagerProtocolProtos$OzoneManagerService$2.callBlockingMethod(OzoneManagerProtocolProtos.java) [ozone-interface-client-1.4.0-SNAPSHOT.jar:?]
	at org.apache.hadoop.ipc.ProtobufRpcEngine$Server.processCall(ProtobufRpcEngine.java:484) [hadoop-common-3.3.6.jar:?]
	at org.apache.hadoop.ipc.ProtobufRpcEngine2$Server$ProtoBufRpcInvoker.call(ProtobufRpcEngine2.java:595) [hadoop-common-3.3.6.jar:?]
	at org.apache.hadoop.ipc.ProtobufRpcEngine2$Server$ProtoBufRpcInvoker.call(ProtobufRpcEngine2.java:573) [hadoop-common-3.3.6.jar:?]
	at org.apache.hadoop.ipc.RPC$Server.call(RPC.java:1227) [hadoop-common-3.3.6.jar:?]
	at org.apache.hadoop.ipc.Server$RpcCall.run(Server.java:1094) [hadoop-common-3.3.6.jar:?]
	at org.apache.hadoop.ipc.Server$RpcCall.run(Server.java:1017) [hadoop-common-3.3.6.jar:?]
	at java.security.AccessController.doPrivileged(Native Method) ~[?:1.8.0_382]
	at javax.security.auth.Subject.doAs(Subject.java:422) [?:1.8.0_382]
	at org.apache.hadoop.security.UserGroupInformation.doAs(UserGroupInformation.java:1899) [hadoop-common-3.3.6.jar:?]
	at org.apache.hadoop.ipc.Server$Handler.run(Server.java:3048) [hadoop-common-3.3.6.jar:?]
18:56:33.215 [IPC Server handler 12 on default port 15163] ERROR OMAudit - user=runner | ip=127.0.0.1 | op=GET_FILE_STATUS {volume=volume50878, bucket=bucket78448, key=gdir1/dir8/child, dataSize=0, replicationConfig=null} | ret=FAILURE
org.apache.hadoop.ozone.om.exceptions.OMException: Unable to get file status: volume: volume50878 bucket: bucket78448 key: gdir1/dir8/child
	at org.apache.hadoop.ozone.om.KeyManagerImpl.getOzoneFileStatus(KeyManagerImpl.java:1195) ~[ozone-manager-1.4.0-SNAPSHOT.jar:?]
	at org.apache.hadoop.ozone.om.KeyManagerImpl.getFileStatus(KeyManagerImpl.java:1113) ~[ozone-manager-1.4.0-SNAPSHOT.jar:?]
	at org.apache.hadoop.ozone.om.OmMetadataReader.getFileStatus(OmMetadataReader.java:262) ~[ozone-manager-1.4.0-SNAPSHOT.jar:?]
	at org.apache.hadoop.ozone.om.OzoneManager.getFileStatus(OzoneManager.java:3530) ~[ozone-manager-1.4.0-SNAPSHOT.jar:?]
	at org.apache.hadoop.ozone.protocolPB.OzoneManagerRequestHandler.getOzoneFileStatus(OzoneManagerRequestHandler.java:973) ~[ozone-manager-1.4.0-SNAPSHOT.jar:?]
	at org.apache.hadoop.ozone.protocolPB.OzoneManagerRequestHandler.handleReadRequest(OzoneManagerRequestHandler.java:252) ~[ozone-manager-1.4.0-SNAPSHOT.jar:?]
	at org.apache.hadoop.ozone.protocolPB.OzoneManagerProtocolServerSideTranslatorPB.submitRequestDirectlyToOM(OzoneManagerProtocolServerSideTranslatorPB.java:274) ~[ozone-manager-1.4.0-SNAPSHOT.jar:?]
	at org.apache.hadoop.ozone.protocolPB.OzoneManagerProtocolServerSideTranslatorPB.processRequest(OzoneManagerProtocolServerSideTranslatorPB.java:175) ~[ozone-manager-1.4.0-SNAPSHOT.jar:?]
	at org.apache.hadoop.hdds.server.OzoneProtocolMessageDispatcher.processRequest(OzoneProtocolMessageDispatcher.java:87) [hdds-server-framework-1.4.0-SNAPSHOT.jar:?]
	at org.apache.hadoop.ozone.protocolPB.OzoneManagerProtocolServerSideTranslatorPB.submitRequest(OzoneManagerProtocolServerSideTranslatorPB.java:148) [ozone-manager-1.4.0-SNAPSHOT.jar:?]
	at org.apache.hadoop.ozone.protocol.proto.OzoneManagerProtocolProtos$OzoneManagerService$2.callBlockingMethod(OzoneManagerProtocolProtos.java) [ozone-interface-client-1.4.0-SNAPSHOT.jar:?]
	at org.apache.hadoop.ipc.ProtobufRpcEngine$Server.processCall(ProtobufRpcEngine.java:484) [hadoop-common-3.3.6.jar:?]
	at org.apache.hadoop.ipc.ProtobufRpcEngine2$Server$ProtoBufRpcInvoker.call(ProtobufRpcEngine2.java:595) [hadoop-common-3.3.6.jar:?]
	at org.apache.hadoop.ipc.ProtobufRpcEngine2$Server$ProtoBufRpcInvoker.call(ProtobufRpcEngine2.java:573) [hadoop-common-3.3.6.jar:?]
	at org.apache.hadoop.ipc.RPC$Server.call(RPC.java:1227) [hadoop-common-3.3.6.jar:?]
	at org.apache.hadoop.ipc.Server$RpcCall.run(Server.java:1094) [hadoop-common-3.3.6.jar:?]
	at org.apache.hadoop.ipc.Server$RpcCall.run(Server.java:1017) [hadoop-common-3.3.6.jar:?]
	at java.security.AccessController.doPrivileged(Native Method) ~[?:1.8.0_382]
	at javax.security.auth.Subject.doAs(Subject.java:422) [?:1.8.0_382]
	at org.apache.hadoop.security.UserGroupInformation.doAs(UserGroupInformation.java:1899) [hadoop-common-3.3.6.jar:?]
	at org.apache.hadoop.ipc.Server$Handler.run(Server.java:3048) [hadoop-common-3.3.6.jar:?]
18:56:33.216 [IPC Server handler 10 on default port 15163] ERROR OMAudit - user=runner | ip=127.0.0.1 | op=GET_FILE_STATUS {volume=volume50878, bucket=bucket78448, key=gdir1/dir9, dataSize=0, replicationConfig=null} | ret=FAILURE
org.apache.hadoop.ozone.om.exceptions.OMException: Unable to get file status: volume: volume50878 bucket: bucket78448 key: gdir1/dir9
	at org.apache.hadoop.ozone.om.KeyManagerImpl.getOzoneFileStatus(KeyManagerImpl.java:1195) ~[ozone-manager-1.4.0-SNAPSHOT.jar:?]
	at org.apache.hadoop.ozone.om.KeyManagerImpl.getFileStatus(KeyManagerImpl.java:1113) ~[ozone-manager-1.4.0-SNAPSHOT.jar:?]
	at org.apache.hadoop.ozone.om.OmMetadataReader.getFileStatus(OmMetadataReader.java:262) ~[ozone-manager-1.4.0-SNAPSHOT.jar:?]
	at org.apache.hadoop.ozone.om.OzoneManager.getFileStatus(OzoneManager.java:3530) ~[ozone-manager-1.4.0-SNAPSHOT.jar:?]
	at org.apache.hadoop.ozone.protocolPB.OzoneManagerRequestHandler.getOzoneFileStatus(OzoneManagerRequestHandler.java:973) ~[ozone-manager-1.4.0-SNAPSHOT.jar:?]
	at org.apache.hadoop.ozone.protocolPB.OzoneManagerRequestHandler.handleReadRequest(OzoneManagerRequestHandler.java:252) ~[ozone-manager-1.4.0-SNAPSHOT.jar:?]
	at org.apache.hadoop.ozone.protocolPB.OzoneManagerProtocolServerSideTranslatorPB.submitRequestDirectlyToOM(OzoneManagerProtocolServerSideTranslatorPB.java:274) ~[ozone-manager-1.4.0-SNAPSHOT.jar:?]
	at org.apache.hadoop.ozone.protocolPB.OzoneManagerProtocolServerSideTranslatorPB.processRequest(OzoneManagerProtocolServerSideTranslatorPB.java:175) ~[ozone-manager-1.4.0-SNAPSHOT.jar:?]
	at org.apache.hadoop.hdds.server.OzoneProtocolMessageDispatcher.processRequest(OzoneProtocolMessageDispatcher.java:87) [hdds-server-framework-1.4.0-SNAPSHOT.jar:?]
	at org.apache.hadoop.ozone.protocolPB.OzoneManagerProtocolServerSideTranslatorPB.submitRequest(OzoneManagerProtocolServerSideTranslatorPB.java:148) [ozone-manager-1.4.0-SNAPSHOT.jar:?]
	at org.apache.hadoop.ozone.protocol.proto.OzoneManagerProtocolProtos$OzoneManagerService$2.callBlockingMethod(OzoneManagerProtocolProtos.java) [ozone-interface-client-1.4.0-SNAPSHOT.jar:?]
	at org.apache.hadoop.ipc.ProtobufRpcEngine$Server.processCall(ProtobufRpcEngine.java:484) [hadoop-common-3.3.6.jar:?]
	at org.apache.hadoop.ipc.ProtobufRpcEngine2$Server$ProtoBufRpcInvoker.call(ProtobufRpcEngine2.java:595) [hadoop-common-3.3.6.jar:?]
	at org.apache.hadoop.ipc.ProtobufRpcEngine2$Server$ProtoBufRpcInvoker.call(ProtobufRpcEngine2.java:573) [hadoop-common-3.3.6.jar:?]
	at org.apache.hadoop.ipc.RPC$Server.call(RPC.java:1227) [hadoop-common-3.3.6.jar:?]
	at org.apache.hadoop.ipc.Server$RpcCall.run(Server.java:1094) [hadoop-common-3.3.6.jar:?]
	at org.apache.hadoop.ipc.Server$RpcCall.run(Server.java:1017) [hadoop-common-3.3.6.jar:?]
	at java.security.AccessController.doPrivileged(Native Method) ~[?:1.8.0_382]
	at javax.security.auth.Subject.doAs(Subject.java:422) [?:1.8.0_382]
	at org.apache.hadoop.security.UserGroupInformation.doAs(UserGroupInformation.java:1899) [hadoop-common-3.3.6.jar:?]
	at org.apache.hadoop.ipc.Server$Handler.run(Server.java:3048) [hadoop-common-3.3.6.jar:?]
18:56:33.217 [IPC Server handler 14 on default port 15163] ERROR OMAudit - user=runner | ip=127.0.0.1 | op=GET_FILE_STATUS {volume=volume50878, bucket=bucket78448, key=gdir1/dir9/child, dataSize=0, replicationConfig=null} | ret=FAILURE
org.apache.hadoop.ozone.om.exceptions.OMException: Unable to get file status: volume: volume50878 bucket: bucket78448 key: gdir1/dir9/child
	at org.apache.hadoop.ozone.om.KeyManagerImpl.getOzoneFileStatus(KeyManagerImpl.java:1195) ~[ozone-manager-1.4.0-SNAPSHOT.jar:?]
	at org.apache.hadoop.ozone.om.KeyManagerImpl.getFileStatus(KeyManagerImpl.java:1113) ~[ozone-manager-1.4.0-SNAPSHOT.jar:?]
	at org.apache.hadoop.ozone.om.OmMetadataReader.getFileStatus(OmMetadataReader.java:262) ~[ozone-manager-1.4.0-SNAPSHOT.jar:?]
	at org.apache.hadoop.ozone.om.OzoneManager.getFileStatus(OzoneManager.java:3530) ~[ozone-manager-1.4.0-SNAPSHOT.jar:?]
	at org.apache.hadoop.ozone.protocolPB.OzoneManagerRequestHandler.getOzoneFileStatus(OzoneManagerRequestHandler.java:973) ~[ozone-manager-1.4.0-SNAPSHOT.jar:?]
	at org.apache.hadoop.ozone.protocolPB.OzoneManagerRequestHandler.handleReadRequest(OzoneManagerRequestHandler.java:252) ~[ozone-manager-1.4.0-SNAPSHOT.jar:?]
	at org.apache.hadoop.ozone.protocolPB.OzoneManagerProtocolServerSideTranslatorPB.submitRequestDirectlyToOM(OzoneManagerProtocolServerSideTranslatorPB.java:274) ~[ozone-manager-1.4.0-SNAPSHOT.jar:?]
	at org.apache.hadoop.ozone.protocolPB.OzoneManagerProtocolServerSideTranslatorPB.processRequest(OzoneManagerProtocolServerSideTranslatorPB.java:175) ~[ozone-manager-1.4.0-SNAPSHOT.jar:?]
	at org.apache.hadoop.hdds.server.OzoneProtocolMessageDispatcher.processRequest(OzoneProtocolMessageDispatcher.java:87) [hdds-server-framework-1.4.0-SNAPSHOT.jar:?]
	at org.apache.hadoop.ozone.protocolPB.OzoneManagerProtocolServerSideTranslatorPB.submitRequest(OzoneManagerProtocolServerSideTranslatorPB.java:148) [ozone-manager-1.4.0-SNAPSHOT.jar:?]
	at org.apache.hadoop.ozone.protocol.proto.OzoneManagerProtocolProtos$OzoneManagerService$2.callBlockingMethod(OzoneManagerProtocolProtos.java) [ozone-interface-client-1.4.0-SNAPSHOT.jar:?]
	at org.apache.hadoop.ipc.ProtobufRpcEngine$Server.processCall(ProtobufRpcEngine.java:484) [hadoop-common-3.3.6.jar:?]
	at org.apache.hadoop.ipc.ProtobufRpcEngine2$Server$ProtoBufRpcInvoker.call(ProtobufRpcEngine2.java:595) [hadoop-common-3.3.6.jar:?]
	at org.apache.hadoop.ipc.ProtobufRpcEngine2$Server$ProtoBufRpcInvoker.call(ProtobufRpcEngine2.java:573) [hadoop-common-3.3.6.jar:?]
	at org.apache.hadoop.ipc.RPC$Server.call(RPC.java:1227) [hadoop-common-3.3.6.jar:?]
	at org.apache.hadoop.ipc.Server$RpcCall.run(Server.java:1094) [hadoop-common-3.3.6.jar:?]
	at org.apache.hadoop.ipc.Server$RpcCall.run(Server.java:1017) [hadoop-common-3.3.6.jar:?]
	at java.security.AccessController.doPrivileged(Native Method) ~[?:1.8.0_382]
	at javax.security.auth.Subject.doAs(Subject.java:422) [?:1.8.0_382]
	at org.apache.hadoop.security.UserGroupInformation.doAs(UserGroupInformation.java:1899) [hadoop-common-3.3.6.jar:?]
	at org.apache.hadoop.ipc.Server$Handler.run(Server.java:3048) [hadoop-common-3.3.6.jar:?]
18:56:33.218 [IPC Server handler 15 on default port 15163] ERROR OMAudit - user=runner | ip=127.0.0.1 | op=GET_FILE_STATUS {volume=volume50878, bucket=bucket78448, key=gdir1/dir10, dataSize=0, replicationConfig=null} | ret=FAILURE
org.apache.hadoop.ozone.om.exceptions.OMException: Unable to get file status: volume: volume50878 bucket: bucket78448 key: gdir1/dir10
	at org.apache.hadoop.ozone.om.KeyManagerImpl.getOzoneFileStatus(KeyManagerImpl.java:1195) ~[ozone-manager-1.4.0-SNAPSHOT.jar:?]
	at org.apache.hadoop.ozone.om.KeyManagerImpl.getFileStatus(KeyManagerImpl.java:1113) ~[ozone-manager-1.4.0-SNAPSHOT.jar:?]
	at org.apache.hadoop.ozone.om.OmMetadataReader.getFileStatus(OmMetadataReader.java:262) ~[ozone-manager-1.4.0-SNAPSHOT.jar:?]
	at org.apache.hadoop.ozone.om.OzoneManager.getFileStatus(OzoneManager.java:3530) ~[ozone-manager-1.4.0-SNAPSHOT.jar:?]
	at org.apache.hadoop.ozone.protocolPB.OzoneManagerRequestHandler.getOzoneFileStatus(OzoneManagerRequestHandler.java:973) ~[ozone-manager-1.4.0-SNAPSHOT.jar:?]
	at org.apache.hadoop.ozone.protocolPB.OzoneManagerRequestHandler.handleReadRequest(OzoneManagerRequestHandler.java:252) ~[ozone-manager-1.4.0-SNAPSHOT.jar:?]
	at org.apache.hadoop.ozone.protocolPB.OzoneManagerProtocolServerSideTranslatorPB.submitRequestDirectlyToOM(OzoneManagerProtocolServerSideTranslatorPB.java:274) ~[ozone-manager-1.4.0-SNAPSHOT.jar:?]
	at org.apache.hadoop.ozone.protocolPB.OzoneManagerProtocolServerSideTranslatorPB.processRequest(OzoneManagerProtocolServerSideTranslatorPB.java:175) ~[ozone-manager-1.4.0-SNAPSHOT.jar:?]
	at org.apache.hadoop.hdds.server.OzoneProtocolMessageDispatcher.processRequest(OzoneProtocolMessageDispatcher.java:87) [hdds-server-framework-1.4.0-SNAPSHOT.jar:?]
	at org.apache.hadoop.ozone.protocolPB.OzoneManagerProtocolServerSideTranslatorPB.submitRequest(OzoneManagerProtocolServerSideTranslatorPB.java:148) [ozone-manager-1.4.0-SNAPSHOT.jar:?]
	at org.apache.hadoop.ozone.protocol.proto.OzoneManagerProtocolProtos$OzoneManagerService$2.callBlockingMethod(OzoneManagerProtocolProtos.java) [ozone-interface-client-1.4.0-SNAPSHOT.jar:?]
	at org.apache.hadoop.ipc.ProtobufRpcEngine$Server.processCall(ProtobufRpcEngine.java:484) [hadoop-common-3.3.6.jar:?]
	at org.apache.hadoop.ipc.ProtobufRpcEngine2$Server$ProtoBufRpcInvoker.call(ProtobufRpcEngine2.java:595) [hadoop-common-3.3.6.jar:?]
	at org.apache.hadoop.ipc.ProtobufRpcEngine2$Server$ProtoBufRpcInvoker.call(ProtobufRpcEngine2.java:573) [hadoop-common-3.3.6.jar:?]
	at org.apache.hadoop.ipc.RPC$Server.call(RPC.java:1227) [hadoop-common-3.3.6.jar:?]
	at org.apache.hadoop.ipc.Server$RpcCall.run(Server.java:1094) [hadoop-common-3.3.6.jar:?]
	at org.apache.hadoop.ipc.Server$RpcCall.run(Server.java:1017) [hadoop-common-3.3.6.jar:?]
	at java.security.AccessController.doPrivileged(Native Method) ~[?:1.8.0_382]
	at javax.security.auth.Subject.doAs(Subject.java:422) [?:1.8.0_382]
	at org.apache.hadoop.security.UserGroupInformation.doAs(UserGroupInformation.java:1899) [hadoop-common-3.3.6.jar:?]
	at org.apache.hadoop.ipc.Server$Handler.run(Server.java:3048) [hadoop-common-3.3.6.jar:?]
18:56:33.219 [IPC Server handler 13 on default port 15163] ERROR OMAudit - user=runner | ip=127.0.0.1 | op=GET_FILE_STATUS {volume=volume50878, bucket=bucket78448, key=gdir1/dir10/child, dataSize=0, replicationConfig=null} | ret=FAILURE
org.apache.hadoop.ozone.om.exceptions.OMException: Unable to get file status: volume: volume50878 bucket: bucket78448 key: gdir1/dir10/child
	at org.apache.hadoop.ozone.om.KeyManagerImpl.getOzoneFileStatus(KeyManagerImpl.java:1195) ~[ozone-manager-1.4.0-SNAPSHOT.jar:?]
	at org.apache.hadoop.ozone.om.KeyManagerImpl.getFileStatus(KeyManagerImpl.java:1113) ~[ozone-manager-1.4.0-SNAPSHOT.jar:?]
	at org.apache.hadoop.ozone.om.OmMetadataReader.getFileStatus(OmMetadataReader.java:262) ~[ozone-manager-1.4.0-SNAPSHOT.jar:?]
	at org.apache.hadoop.ozone.om.OzoneManager.getFileStatus(OzoneManager.java:3530) ~[ozone-manager-1.4.0-SNAPSHOT.jar:?]
	at org.apache.hadoop.ozone.protocolPB.OzoneManagerRequestHandler.getOzoneFileStatus(OzoneManagerRequestHandler.java:973) ~[ozone-manager-1.4.0-SNAPSHOT.jar:?]
	at org.apache.hadoop.ozone.protocolPB.OzoneManagerRequestHandler.handleReadRequest(OzoneManagerRequestHandler.java:252) ~[ozone-manager-1.4.0-SNAPSHOT.jar:?]
	at org.apache.hadoop.ozone.protocolPB.OzoneManagerProtocolServerSideTranslatorPB.submitRequestDirectlyToOM(OzoneManagerProtocolServerSideTranslatorPB.java:274) ~[ozone-manager-1.4.0-SNAPSHOT.jar:?]
	at org.apache.hadoop.ozone.protocolPB.OzoneManagerProtocolServerSideTranslatorPB.processRequest(OzoneManagerProtocolServerSideTranslatorPB.java:175) ~[ozone-manager-1.4.0-SNAPSHOT.jar:?]
	at org.apache.hadoop.hdds.server.OzoneProtocolMessageDispatcher.processRequest(OzoneProtocolMessageDispatcher.java:87) [hdds-server-framework-1.4.0-SNAPSHOT.jar:?]
	at org.apache.hadoop.ozone.protocolPB.OzoneManagerProtocolServerSideTranslatorPB.submitRequest(OzoneManagerProtocolServerSideTranslatorPB.java:148) [ozone-manager-1.4.0-SNAPSHOT.jar:?]
	at org.apache.hadoop.ozone.protocol.proto.OzoneManagerProtocolProtos$OzoneManagerService$2.callBlockingMethod(OzoneManagerProtocolProtos.java) [ozone-interface-client-1.4.0-SNAPSHOT.jar:?]
	at org.apache.hadoop.ipc.ProtobufRpcEngine$Server.processCall(ProtobufRpcEngine.java:484) [hadoop-common-3.3.6.jar:?]
	at org.apache.hadoop.ipc.ProtobufRpcEngine2$Server$ProtoBufRpcInvoker.call(ProtobufRpcEngine2.java:595) [hadoop-common-3.3.6.jar:?]
	at org.apache.hadoop.ipc.ProtobufRpcEngine2$Server$ProtoBufRpcInvoker.call(ProtobufRpcEngine2.java:573) [hadoop-common-3.3.6.jar:?]
	at org.apache.hadoop.ipc.RPC$Server.call(RPC.java:1227) [hadoop-common-3.3.6.jar:?]
	at org.apache.hadoop.ipc.Server$RpcCall.run(Server.java:1094) [hadoop-common-3.3.6.jar:?]
	at org.apache.hadoop.ipc.Server$RpcCall.run(Server.java:1017) [hadoop-common-3.3.6.jar:?]
	at java.security.AccessController.doPrivileged(Native Method) ~[?:1.8.0_382]
	at javax.security.auth.Subject.doAs(Subject.java:422) [?:1.8.0_382]
	at org.apache.hadoop.security.UserGroupInformation.doAs(UserGroupInformation.java:1899) [hadoop-common-3.3.6.jar:?]
	at org.apache.hadoop.ipc.Server$Handler.run(Server.java:3048) [hadoop-common-3.3.6.jar:?]
18:56:33.262 [IPC Server handler 9 on default port 15163] ERROR OMAudit - user=runner | ip=127.0.0.1 | op=GET_FILE_STATUS {volume=volume50878, bucket=bucket78448, key=level0, dataSize=0, replicationConfig=null} | ret=FAILURE
org.apache.hadoop.ozone.om.exceptions.OMException: Unable to get file status: volume: volume50878 bucket: bucket78448 key: level0
	at org.apache.hadoop.ozone.om.KeyManagerImpl.getOzoneFileStatus(KeyManagerImpl.java:1195) ~[ozone-manager-1.4.0-SNAPSHOT.jar:?]
	at org.apache.hadoop.ozone.om.KeyManagerImpl.getFileStatus(KeyManagerImpl.java:1113) ~[ozone-manager-1.4.0-SNAPSHOT.jar:?]
	at org.apache.hadoop.ozone.om.OmMetadataReader.getFileStatus(OmMetadataReader.java:262) ~[ozone-manager-1.4.0-SNAPSHOT.jar:?]
	at org.apache.hadoop.ozone.om.OzoneManager.getFileStatus(OzoneManager.java:3530) ~[ozone-manager-1.4.0-SNAPSHOT.jar:?]
	at org.apache.hadoop.ozone.protocolPB.OzoneManagerRequestHandler.getOzoneFileStatus(OzoneManagerRequestHandler.java:973) ~[ozone-manager-1.4.0-SNAPSHOT.jar:?]
	at org.apache.hadoop.ozone.protocolPB.OzoneManagerRequestHandler.handleReadRequest(OzoneManagerRequestHandler.java:252) ~[ozone-manager-1.4.0-SNAPSHOT.jar:?]
	at org.apache.hadoop.ozone.protocolPB.OzoneManagerProtocolServerSideTranslatorPB.submitRequestDirectlyToOM(OzoneManagerProtocolServerSideTranslatorPB.java:274) ~[ozone-manager-1.4.0-SNAPSHOT.jar:?]
	at org.apache.hadoop.ozone.protocolPB.OzoneManagerProtocolServerSideTranslatorPB.processRequest(OzoneManagerProtocolServerSideTranslatorPB.java:175) ~[ozone-manager-1.4.0-SNAPSHOT.jar:?]
	at org.apache.hadoop.hdds.server.OzoneProtocolMessageDispatcher.processRequest(OzoneProtocolMessageDispatcher.java:87) [hdds-server-framework-1.4.0-SNAPSHOT.jar:?]
	at org.apache.hadoop.ozone.protocolPB.OzoneManagerProtocolServerSideTranslatorPB.submitRequest(OzoneManagerProtocolServerSideTranslatorPB.java:148) [ozone-manager-1.4.0-SNAPSHOT.jar:?]
	at org.apache.hadoop.ozone.protocol.proto.OzoneManagerProtocolProtos$OzoneManagerService$2.callBlockingMethod(OzoneManagerProtocolProtos.java) [ozone-interface-client-1.4.0-SNAPSHOT.jar:?]
	at org.apache.hadoop.ipc.ProtobufRpcEngine$Server.processCall(ProtobufRpcEngine.java:484) [hadoop-common-3.3.6.jar:?]
	at org.apache.hadoop.ipc.ProtobufRpcEngine2$Server$ProtoBufRpcInvoker.call(ProtobufRpcEngine2.java:595) [hadoop-common-3.3.6.jar:?]
	at org.apache.hadoop.ipc.ProtobufRpcEngine2$Server$ProtoBufRpcInvoker.call(ProtobufRpcEngine2.java:573) [hadoop-common-3.3.6.jar:?]
	at org.apache.hadoop.ipc.RPC$Server.call(RPC.java:1227) [hadoop-common-3.3.6.jar:?]
	at org.apache.hadoop.ipc.Server$RpcCall.run(Server.java:1094) [hadoop-common-3.3.6.jar:?]
	at org.apache.hadoop.ipc.Server$RpcCall.run(Server.java:1017) [hadoop-common-3.3.6.jar:?]
	at java.security.AccessController.doPrivileged(Native Method) ~[?:1.8.0_382]
	at javax.security.auth.Subject.doAs(Subject.java:422) [?:1.8.0_382]
	at org.apache.hadoop.security.UserGroupInformation.doAs(UserGroupInformation.java:1899) [hadoop-common-3.3.6.jar:?]
	at org.apache.hadoop.ipc.Server$Handler.run(Server.java:3048) [hadoop-common-3.3.6.jar:?]
18:56:33.263 [IPC Server handler 11 on default port 15163] ERROR OMAudit - user=runner | ip=127.0.0.1 | op=GET_FILE_STATUS {volume=volume50878, bucket=bucket78448, key=level0/level1, dataSize=0, replicationConfig=null} | ret=FAILURE
org.apache.hadoop.ozone.om.exceptions.OMException: Unable to get file status: volume: volume50878 bucket: bucket78448 key: level0/level1
	at org.apache.hadoop.ozone.om.KeyManagerImpl.getOzoneFileStatus(KeyManagerImpl.java:1195) ~[ozone-manager-1.4.0-SNAPSHOT.jar:?]
	at org.apache.hadoop.ozone.om.KeyManagerImpl.getFileStatus(KeyManagerImpl.java:1113) ~[ozone-manager-1.4.0-SNAPSHOT.jar:?]
	at org.apache.hadoop.ozone.om.OmMetadataReader.getFileStatus(OmMetadataReader.java:262) ~[ozone-manager-1.4.0-SNAPSHOT.jar:?]
	at org.apache.hadoop.ozone.om.OzoneManager.getFileStatus(OzoneManager.java:3530) ~[ozone-manager-1.4.0-SNAPSHOT.jar:?]
	at org.apache.hadoop.ozone.protocolPB.OzoneManagerRequestHandler.getOzoneFileStatus(OzoneManagerRequestHandler.java:973) ~[ozone-manager-1.4.0-SNAPSHOT.jar:?]
	at org.apache.hadoop.ozone.protocolPB.OzoneManagerRequestHandler.handleReadRequest(OzoneManagerRequestHandler.java:252) ~[ozone-manager-1.4.0-SNAPSHOT.jar:?]
	at org.apache.hadoop.ozone.protocolPB.OzoneManagerProtocolServerSideTranslatorPB.submitRequestDirectlyToOM(OzoneManagerProtocolServerSideTranslatorPB.java:274) ~[ozone-manager-1.4.0-SNAPSHOT.jar:?]
	at org.apache.hadoop.ozone.protocolPB.OzoneManagerProtocolServerSideTranslatorPB.processRequest(OzoneManagerProtocolServerSideTranslatorPB.java:175) ~[ozone-manager-1.4.0-SNAPSHOT.jar:?]
	at org.apache.hadoop.hdds.server.OzoneProtocolMessageDispatcher.processRequest(OzoneProtocolMessageDispatcher.java:87) [hdds-server-framework-1.4.0-SNAPSHOT.jar:?]
	at org.apache.hadoop.ozone.protocolPB.OzoneManagerProtocolServerSideTranslatorPB.submitRequest(OzoneManagerProtocolServerSideTranslatorPB.java:148) [ozone-manager-1.4.0-SNAPSHOT.jar:?]
	at org.apache.hadoop.ozone.protocol.proto.OzoneManagerProtocolProtos$OzoneManagerService$2.callBlockingMethod(OzoneManagerProtocolProtos.java) [ozone-interface-client-1.4.0-SNAPSHOT.jar:?]
	at org.apache.hadoop.ipc.ProtobufRpcEngine$Server.processCall(ProtobufRpcEngine.java:484) [hadoop-common-3.3.6.jar:?]
	at org.apache.hadoop.ipc.ProtobufRpcEngine2$Server$ProtoBufRpcInvoker.call(ProtobufRpcEngine2.java:595) [hadoop-common-3.3.6.jar:?]
	at org.apache.hadoop.ipc.ProtobufRpcEngine2$Server$ProtoBufRpcInvoker.call(ProtobufRpcEngine2.java:573) [hadoop-common-3.3.6.jar:?]
	at org.apache.hadoop.ipc.RPC$Server.call(RPC.java:1227) [hadoop-common-3.3.6.jar:?]
	at org.apache.hadoop.ipc.Server$RpcCall.run(Server.java:1094) [hadoop-common-3.3.6.jar:?]
	at org.apache.hadoop.ipc.Server$RpcCall.run(Server.java:1017) [hadoop-common-3.3.6.jar:?]
	at java.security.AccessController.doPrivileged(Native Method) ~[?:1.8.0_382]
	at javax.security.auth.Subject.doAs(Subject.java:422) [?:1.8.0_382]
	at org.apache.hadoop.security.UserGroupInformation.doAs(UserGroupInformation.java:1899) [hadoop-common-3.3.6.jar:?]
	at org.apache.hadoop.ipc.Server$Handler.run(Server.java:3048) [hadoop-common-3.3.6.jar:?]
18:56:33.264 [IPC Server handler 12 on default port 15163] ERROR OMAudit - user=runner | ip=127.0.0.1 | op=GET_FILE_STATUS {volume=volume50878, bucket=bucket78448, key=level0/level1/level1, dataSize=0, replicationConfig=null} | ret=FAILURE
org.apache.hadoop.ozone.om.exceptions.OMException: Unable to get file status: volume: volume50878 bucket: bucket78448 key: level0/level1/level1
	at org.apache.hadoop.ozone.om.KeyManagerImpl.getOzoneFileStatus(KeyManagerImpl.java:1195) ~[ozone-manager-1.4.0-SNAPSHOT.jar:?]
	at org.apache.hadoop.ozone.om.KeyManagerImpl.getFileStatus(KeyManagerImpl.java:1113) ~[ozone-manager-1.4.0-SNAPSHOT.jar:?]
	at org.apache.hadoop.ozone.om.OmMetadataReader.getFileStatus(OmMetadataReader.java:262) ~[ozone-manager-1.4.0-SNAPSHOT.jar:?]
	at org.apache.hadoop.ozone.om.OzoneManager.getFileStatus(OzoneManager.java:3530) ~[ozone-manager-1.4.0-SNAPSHOT.jar:?]
	at org.apache.hadoop.ozone.protocolPB.OzoneManagerRequestHandler.getOzoneFileStatus(OzoneManagerRequestHandler.java:973) ~[ozone-manager-1.4.0-SNAPSHOT.jar:?]
	at org.apache.hadoop.ozone.protocolPB.OzoneManagerRequestHandler.handleReadRequest(OzoneManagerRequestHandler.java:252) ~[ozone-manager-1.4.0-SNAPSHOT.jar:?]
	at org.apache.hadoop.ozone.protocolPB.OzoneManagerProtocolServerSideTranslatorPB.submitRequestDirectlyToOM(OzoneManagerProtocolServerSideTranslatorPB.java:274) ~[ozone-manager-1.4.0-SNAPSHOT.jar:?]
	at org.apache.hadoop.ozone.protocolPB.OzoneManagerProtocolServerSideTranslatorPB.processRequest(OzoneManagerProtocolServerSideTranslatorPB.java:175) ~[ozone-manager-1.4.0-SNAPSHOT.jar:?]
	at org.apache.hadoop.hdds.server.OzoneProtocolMessageDispatcher.processRequest(OzoneProtocolMessageDispatcher.java:87) [hdds-server-framework-1.4.0-SNAPSHOT.jar:?]
	at org.apache.hadoop.ozone.protocolPB.OzoneManagerProtocolServerSideTranslatorPB.submitRequest(OzoneManagerProtocolServerSideTranslatorPB.java:148) [ozone-manager-1.4.0-SNAPSHOT.jar:?]
	at org.apache.hadoop.ozone.protocol.proto.OzoneManagerProtocolProtos$OzoneManagerService$2.callBlockingMethod(OzoneManagerProtocolProtos.java) [ozone-interface-client-1.4.0-SNAPSHOT.jar:?]
	at org.apache.hadoop.ipc.ProtobufRpcEngine$Server.processCall(ProtobufRpcEngine.java:484) [hadoop-common-3.3.6.jar:?]
	at org.apache.hadoop.ipc.ProtobufRpcEngine2$Server$ProtoBufRpcInvoker.call(ProtobufRpcEngine2.java:595) [hadoop-common-3.3.6.jar:?]
	at org.apache.hadoop.ipc.ProtobufRpcEngine2$Server$ProtoBufRpcInvoker.call(ProtobufRpcEngine2.java:573) [hadoop-common-3.3.6.jar:?]
	at org.apache.hadoop.ipc.RPC$Server.call(RPC.java:1227) [hadoop-common-3.3.6.jar:?]
	at org.apache.hadoop.ipc.Server$RpcCall.run(Server.java:1094) [hadoop-common-3.3.6.jar:?]
	at org.apache.hadoop.ipc.Server$RpcCall.run(Server.java:1017) [hadoop-common-3.3.6.jar:?]
	at java.security.AccessController.doPrivileged(Native Method) ~[?:1.8.0_382]
	at javax.security.auth.Subject.doAs(Subject.java:422) [?:1.8.0_382]
	at org.apache.hadoop.security.UserGroupInformation.doAs(UserGroupInformation.java:1899) [hadoop-common-3.3.6.jar:?]
	at org.apache.hadoop.ipc.Server$Handler.run(Server.java:3048) [hadoop-common-3.3.6.jar:?]
18:56:33.265 [IPC Server handler 10 on default port 15163] ERROR OMAudit - user=runner | ip=127.0.0.1 | op=GET_FILE_STATUS {volume=volume50878, bucket=bucket78448, key=level0/level1/file1, dataSize=0, replicationConfig=null} | ret=FAILURE
org.apache.hadoop.ozone.om.exceptions.OMException: Unable to get file status: volume: volume50878 bucket: bucket78448 key: level0/level1/file1
	at org.apache.hadoop.ozone.om.KeyManagerImpl.getOzoneFileStatus(KeyManagerImpl.java:1195) ~[ozone-manager-1.4.0-SNAPSHOT.jar:?]
	at org.apache.hadoop.ozone.om.KeyManagerImpl.getFileStatus(KeyManagerImpl.java:1113) ~[ozone-manager-1.4.0-SNAPSHOT.jar:?]
	at org.apache.hadoop.ozone.om.OmMetadataReader.getFileStatus(OmMetadataReader.java:262) ~[ozone-manager-1.4.0-SNAPSHOT.jar:?]
	at org.apache.hadoop.ozone.om.OzoneManager.getFileStatus(OzoneManager.java:3530) ~[ozone-manager-1.4.0-SNAPSHOT.jar:?]
	at org.apache.hadoop.ozone.protocolPB.OzoneManagerRequestHandler.getOzoneFileStatus(OzoneManagerRequestHandler.java:973) ~[ozone-manager-1.4.0-SNAPSHOT.jar:?]
	at org.apache.hadoop.ozone.protocolPB.OzoneManagerRequestHandler.handleReadRequest(OzoneManagerRequestHandler.java:252) ~[ozone-manager-1.4.0-SNAPSHOT.jar:?]
	at org.apache.hadoop.ozone.protocolPB.OzoneManagerProtocolServerSideTranslatorPB.submitRequestDirectlyToOM(OzoneManagerProtocolServerSideTranslatorPB.java:274) ~[ozone-manager-1.4.0-SNAPSHOT.jar:?]
	at org.apache.hadoop.ozone.protocolPB.OzoneManagerProtocolServerSideTranslatorPB.processRequest(OzoneManagerProtocolServerSideTranslatorPB.java:175) ~[ozone-manager-1.4.0-SNAPSHOT.jar:?]
	at org.apache.hadoop.hdds.server.OzoneProtocolMessageDispatcher.processRequest(OzoneProtocolMessageDispatcher.java:87) [hdds-server-framework-1.4.0-SNAPSHOT.jar:?]
	at org.apache.hadoop.ozone.protocolPB.OzoneManagerProtocolServerSideTranslatorPB.submitRequest(OzoneManagerProtocolServerSideTranslatorPB.java:148) [ozone-manager-1.4.0-SNAPSHOT.jar:?]
	at org.apache.hadoop.ozone.protocol.proto.OzoneManagerProtocolProtos$OzoneManagerService$2.callBlockingMethod(OzoneManagerProtocolProtos.java) [ozone-interface-client-1.4.0-SNAPSHOT.jar:?]
	at org.apache.hadoop.ipc.ProtobufRpcEngine$Server.processCall(ProtobufRpcEngine.java:484) [hadoop-common-3.3.6.jar:?]
	at org.apache.hadoop.ipc.ProtobufRpcEngine2$Server$ProtoBufRpcInvoker.call(ProtobufRpcEngine2.java:595) [hadoop-common-3.3.6.jar:?]
	at org.apache.hadoop.ipc.ProtobufRpcEngine2$Server$ProtoBufRpcInvoker.call(ProtobufRpcEngine2.java:573) [hadoop-common-3.3.6.jar:?]
	at org.apache.hadoop.ipc.RPC$Server.call(RPC.java:1227) [hadoop-common-3.3.6.jar:?]
	at org.apache.hadoop.ipc.Server$RpcCall.run(Server.java:1094) [hadoop-common-3.3.6.jar:?]
	at org.apache.hadoop.ipc.Server$RpcCall.run(Server.java:1017) [hadoop-common-3.3.6.jar:?]
	at java.security.AccessController.doPrivileged(Native Method) ~[?:1.8.0_382]
	at javax.security.auth.Subject.doAs(Subject.java:422) [?:1.8.0_382]
	at org.apache.hadoop.security.UserGroupInformation.doAs(UserGroupInformation.java:1899) [hadoop-common-3.3.6.jar:?]
	at org.apache.hadoop.ipc.Server$Handler.run(Server.java:3048) [hadoop-common-3.3.6.jar:?]
18:56:33.266 [IPC Server handler 14 on default port 15163] ERROR OMAudit - user=runner | ip=127.0.0.1 | op=GET_FILE_STATUS {volume=volume50878, bucket=bucket78448, key=level0/level1/level1/file1, dataSize=0, replicationConfig=null} | ret=FAILURE
org.apache.hadoop.ozone.om.exceptions.OMException: Unable to get file status: volume: volume50878 bucket: bucket78448 key: level0/level1/level1/file1
	at org.apache.hadoop.ozone.om.KeyManagerImpl.getOzoneFileStatus(KeyManagerImpl.java:1195) ~[ozone-manager-1.4.0-SNAPSHOT.jar:?]
	at org.apache.hadoop.ozone.om.KeyManagerImpl.getFileStatus(KeyManagerImpl.java:1113) ~[ozone-manager-1.4.0-SNAPSHOT.jar:?]
	at org.apache.hadoop.ozone.om.OmMetadataReader.getFileStatus(OmMetadataReader.java:262) ~[ozone-manager-1.4.0-SNAPSHOT.jar:?]
	at org.apache.hadoop.ozone.om.OzoneManager.getFileStatus(OzoneManager.java:3530) ~[ozone-manager-1.4.0-SNAPSHOT.jar:?]
	at org.apache.hadoop.ozone.protocolPB.OzoneManagerRequestHandler.getOzoneFileStatus(OzoneManagerRequestHandler.java:973) ~[ozone-manager-1.4.0-SNAPSHOT.jar:?]
	at org.apache.hadoop.ozone.protocolPB.OzoneManagerRequestHandler.handleReadRequest(OzoneManagerRequestHandler.java:252) ~[ozone-manager-1.4.0-SNAPSHOT.jar:?]
	at org.apache.hadoop.ozone.protocolPB.OzoneManagerProtocolServerSideTranslatorPB.submitRequestDirectlyToOM(OzoneManagerProtocolServerSideTranslatorPB.java:274) ~[ozone-manager-1.4.0-SNAPSHOT.jar:?]
	at org.apache.hadoop.ozone.protocolPB.OzoneManagerProtocolServerSideTranslatorPB.processRequest(OzoneManagerProtocolServerSideTranslatorPB.java:175) ~[ozone-manager-1.4.0-SNAPSHOT.jar:?]
	at org.apache.hadoop.hdds.server.OzoneProtocolMessageDispatcher.processRequest(OzoneProtocolMessageDispatcher.java:87) [hdds-server-framework-1.4.0-SNAPSHOT.jar:?]
	at org.apache.hadoop.ozone.protocolPB.OzoneManagerProtocolServerSideTranslatorPB.submitRequest(OzoneManagerProtocolServerSideTranslatorPB.java:148) [ozone-manager-1.4.0-SNAPSHOT.jar:?]
	at org.apache.hadoop.ozone.protocol.proto.OzoneManagerProtocolProtos$OzoneManagerService$2.callBlockingMethod(OzoneManagerProtocolProtos.java) [ozone-interface-client-1.4.0-SNAPSHOT.jar:?]
	at org.apache.hadoop.ipc.ProtobufRpcEngine$Server.processCall(ProtobufRpcEngine.java:484) [hadoop-common-3.3.6.jar:?]
	at org.apache.hadoop.ipc.ProtobufRpcEngine2$Server$ProtoBufRpcInvoker.call(ProtobufRpcEngine2.java:595) [hadoop-common-3.3.6.jar:?]
	at org.apache.hadoop.ipc.ProtobufRpcEngine2$Server$ProtoBufRpcInvoker.call(ProtobufRpcEngine2.java:573) [hadoop-common-3.3.6.jar:?]
	at org.apache.hadoop.ipc.RPC$Server.call(RPC.java:1227) [hadoop-common-3.3.6.jar:?]
	at org.apache.hadoop.ipc.Server$RpcCall.run(Server.java:1094) [hadoop-common-3.3.6.jar:?]
	at org.apache.hadoop.ipc.Server$RpcCall.run(Server.java:1017) [hadoop-common-3.3.6.jar:?]
	at java.security.AccessController.doPrivileged(Native Method) ~[?:1.8.0_382]
	at javax.security.auth.Subject.doAs(Subject.java:422) [?:1.8.0_382]
	at org.apache.hadoop.security.UserGroupInformation.doAs(UserGroupInformation.java:1899) [hadoop-common-3.3.6.jar:?]
	at org.apache.hadoop.ipc.Server$Handler.run(Server.java:3048) [hadoop-common-3.3.6.jar:?]
18:56:33.266 [IPC Server handler 15 on default port 15163] ERROR OMAudit - user=runner | ip=127.0.0.1 | op=GET_FILE_STATUS {volume=volume50878, bucket=bucket78448, key=level0/level2, dataSize=0, replicationConfig=null} | ret=FAILURE
org.apache.hadoop.ozone.om.exceptions.OMException: Unable to get file status: volume: volume50878 bucket: bucket78448 key: level0/level2
	at org.apache.hadoop.ozone.om.KeyManagerImpl.getOzoneFileStatus(KeyManagerImpl.java:1195) ~[ozone-manager-1.4.0-SNAPSHOT.jar:?]
	at org.apache.hadoop.ozone.om.KeyManagerImpl.getFileStatus(KeyManagerImpl.java:1113) ~[ozone-manager-1.4.0-SNAPSHOT.jar:?]
	at org.apache.hadoop.ozone.om.OmMetadataReader.getFileStatus(OmMetadataReader.java:262) ~[ozone-manager-1.4.0-SNAPSHOT.jar:?]
	at org.apache.hadoop.ozone.om.OzoneManager.getFileStatus(OzoneManager.java:3530) ~[ozone-manager-1.4.0-SNAPSHOT.jar:?]
	at org.apache.hadoop.ozone.protocolPB.OzoneManagerRequestHandler.getOzoneFileStatus(OzoneManagerRequestHandler.java:973) ~[ozone-manager-1.4.0-SNAPSHOT.jar:?]
	at org.apache.hadoop.ozone.protocolPB.OzoneManagerRequestHandler.handleReadRequest(OzoneManagerRequestHandler.java:252) ~[ozone-manager-1.4.0-SNAPSHOT.jar:?]
	at org.apache.hadoop.ozone.protocolPB.OzoneManagerProtocolServerSideTranslatorPB.submitRequestDirectlyToOM(OzoneManagerProtocolServerSideTranslatorPB.java:274) ~[ozone-manager-1.4.0-SNAPSHOT.jar:?]
	at org.apache.hadoop.ozone.protocolPB.OzoneManagerProtocolServerSideTranslatorPB.processRequest(OzoneManagerProtocolServerSideTranslatorPB.java:175) ~[ozone-manager-1.4.0-SNAPSHOT.jar:?]
	at org.apache.hadoop.hdds.server.OzoneProtocolMessageDispatcher.processRequest(OzoneProtocolMessageDispatcher.java:87) [hdds-server-framework-1.4.0-SNAPSHOT.jar:?]
	at org.apache.hadoop.ozone.protocolPB.OzoneManagerProtocolServerSideTranslatorPB.submitRequest(OzoneManagerProtocolServerSideTranslatorPB.java:148) [ozone-manager-1.4.0-SNAPSHOT.jar:?]
	at org.apache.hadoop.ozone.protocol.proto.OzoneManagerProtocolProtos$OzoneManagerService$2.callBlockingMethod(OzoneManagerProtocolProtos.java) [ozone-interface-client-1.4.0-SNAPSHOT.jar:?]
	at org.apache.hadoop.ipc.ProtobufRpcEngine$Server.processCall(ProtobufRpcEngine.java:484) [hadoop-common-3.3.6.jar:?]
	at org.apache.hadoop.ipc.ProtobufRpcEngine2$Server$ProtoBufRpcInvoker.call(ProtobufRpcEngine2.java:595) [hadoop-common-3.3.6.jar:?]
	at org.apache.hadoop.ipc.ProtobufRpcEngine2$Server$ProtoBufRpcInvoker.call(ProtobufRpcEngine2.java:573) [hadoop-common-3.3.6.jar:?]
	at org.apache.hadoop.ipc.RPC$Server.call(RPC.java:1227) [hadoop-common-3.3.6.jar:?]
	at org.apache.hadoop.ipc.Server$RpcCall.run(Server.java:1094) [hadoop-common-3.3.6.jar:?]
	at org.apache.hadoop.ipc.Server$RpcCall.run(Server.java:1017) [hadoop-common-3.3.6.jar:?]
	at java.security.AccessController.doPrivileged(Native Method) ~[?:1.8.0_382]
	at javax.security.auth.Subject.doAs(Subject.java:422) [?:1.8.0_382]
	at org.apache.hadoop.security.UserGroupInformation.doAs(UserGroupInformation.java:1899) [hadoop-common-3.3.6.jar:?]
	at org.apache.hadoop.ipc.Server$Handler.run(Server.java:3048) [hadoop-common-3.3.6.jar:?]
18:56:33.267 [IPC Server handler 13 on default port 15163] ERROR OMAudit - user=runner | ip=127.0.0.1 | op=GET_FILE_STATUS {volume=volume50878, bucket=bucket78448, key=level0/level2/level2, dataSize=0, replicationConfig=null} | ret=FAILURE
org.apache.hadoop.ozone.om.exceptions.OMException: Unable to get file status: volume: volume50878 bucket: bucket78448 key: level0/level2/level2
	at org.apache.hadoop.ozone.om.KeyManagerImpl.getOzoneFileStatus(KeyManagerImpl.java:1195) ~[ozone-manager-1.4.0-SNAPSHOT.jar:?]
	at org.apache.hadoop.ozone.om.KeyManagerImpl.getFileStatus(KeyManagerImpl.java:1113) ~[ozone-manager-1.4.0-SNAPSHOT.jar:?]
	at org.apache.hadoop.ozone.om.OmMetadataReader.getFileStatus(OmMetadataReader.java:262) ~[ozone-manager-1.4.0-SNAPSHOT.jar:?]
	at org.apache.hadoop.ozone.om.OzoneManager.getFileStatus(OzoneManager.java:3530) ~[ozone-manager-1.4.0-SNAPSHOT.jar:?]
	at org.apache.hadoop.ozone.protocolPB.OzoneManagerRequestHandler.getOzoneFileStatus(OzoneManagerRequestHandler.java:973) ~[ozone-manager-1.4.0-SNAPSHOT.jar:?]
	at org.apache.hadoop.ozone.protocolPB.OzoneManagerRequestHandler.handleReadRequest(OzoneManagerRequestHandler.java:252) ~[ozone-manager-1.4.0-SNAPSHOT.jar:?]
	at org.apache.hadoop.ozone.protocolPB.OzoneManagerProtocolServerSideTranslatorPB.submitRequestDirectlyToOM(OzoneManagerProtocolServerSideTranslatorPB.java:274) ~[ozone-manager-1.4.0-SNAPSHOT.jar:?]
	at org.apache.hadoop.ozone.protocolPB.OzoneManagerProtocolServerSideTranslatorPB.processRequest(OzoneManagerProtocolServerSideTranslatorPB.java:175) ~[ozone-manager-1.4.0-SNAPSHOT.jar:?]
	at org.apache.hadoop.hdds.server.OzoneProtocolMessageDispatcher.processRequest(OzoneProtocolMessageDispatcher.java:87) [hdds-server-framework-1.4.0-SNAPSHOT.jar:?]
	at org.apache.hadoop.ozone.protocolPB.OzoneManagerProtocolServerSideTranslatorPB.submitRequest(OzoneManagerProtocolServerSideTranslatorPB.java:148) [ozone-manager-1.4.0-SNAPSHOT.jar:?]
	at org.apache.hadoop.ozone.protocol.proto.OzoneManagerProtocolProtos$OzoneManagerService$2.callBlockingMethod(OzoneManagerProtocolProtos.java) [ozone-interface-client-1.4.0-SNAPSHOT.jar:?]
	at org.apache.hadoop.ipc.ProtobufRpcEngine$Server.processCall(ProtobufRpcEngine.java:484) [hadoop-common-3.3.6.jar:?]
	at org.apache.hadoop.ipc.ProtobufRpcEngine2$Server$ProtoBufRpcInvoker.call(ProtobufRpcEngine2.java:595) [hadoop-common-3.3.6.jar:?]
	at org.apache.hadoop.ipc.ProtobufRpcEngine2$Server$ProtoBufRpcInvoker.call(ProtobufRpcEngine2.java:573) [hadoop-common-3.3.6.jar:?]
	at org.apache.hadoop.ipc.RPC$Server.call(RPC.java:1227) [hadoop-common-3.3.6.jar:?]
	at org.apache.hadoop.ipc.Server$RpcCall.run(Server.java:1094) [hadoop-common-3.3.6.jar:?]
	at org.apache.hadoop.ipc.Server$RpcCall.run(Server.java:1017) [hadoop-common-3.3.6.jar:?]
	at java.security.AccessController.doPrivileged(Native Method) ~[?:1.8.0_382]
	at javax.security.auth.Subject.doAs(Subject.java:422) [?:1.8.0_382]
	at org.apache.hadoop.security.UserGroupInformation.doAs(UserGroupInformation.java:1899) [hadoop-common-3.3.6.jar:?]
	at org.apache.hadoop.ipc.Server$Handler.run(Server.java:3048) [hadoop-common-3.3.6.jar:?]
18:56:33.268 [IPC Server handler 17 on default port 15163] ERROR OMAudit - user=runner | ip=127.0.0.1 | op=GET_FILE_STATUS {volume=volume50878, bucket=bucket78448, key=level0/level2/file1, dataSize=0, replicationConfig=null} | ret=FAILURE
org.apache.hadoop.ozone.om.exceptions.OMException: Unable to get file status: volume: volume50878 bucket: bucket78448 key: level0/level2/file1
	at org.apache.hadoop.ozone.om.KeyManagerImpl.getOzoneFileStatus(KeyManagerImpl.java:1195) ~[ozone-manager-1.4.0-SNAPSHOT.jar:?]
	at org.apache.hadoop.ozone.om.KeyManagerImpl.getFileStatus(KeyManagerImpl.java:1113) ~[ozone-manager-1.4.0-SNAPSHOT.jar:?]
	at org.apache.hadoop.ozone.om.OmMetadataReader.getFileStatus(OmMetadataReader.java:262) ~[ozone-manager-1.4.0-SNAPSHOT.jar:?]
	at org.apache.hadoop.ozone.om.OzoneManager.getFileStatus(OzoneManager.java:3530) ~[ozone-manager-1.4.0-SNAPSHOT.jar:?]
	at org.apache.hadoop.ozone.protocolPB.OzoneManagerRequestHandler.getOzoneFileStatus(OzoneManagerRequestHandler.java:973) ~[ozone-manager-1.4.0-SNAPSHOT.jar:?]
	at org.apache.hadoop.ozone.protocolPB.OzoneManagerRequestHandler.handleReadRequest(OzoneManagerRequestHandler.java:252) ~[ozone-manager-1.4.0-SNAPSHOT.jar:?]
	at org.apache.hadoop.ozone.protocolPB.OzoneManagerProtocolServerSideTranslatorPB.submitRequestDirectlyToOM(OzoneManagerProtocolServerSideTranslatorPB.java:274) ~[ozone-manager-1.4.0-SNAPSHOT.jar:?]
	at org.apache.hadoop.ozone.protocolPB.OzoneManagerProtocolServerSideTranslatorPB.processRequest(OzoneManagerProtocolServerSideTranslatorPB.java:175) ~[ozone-manager-1.4.0-SNAPSHOT.jar:?]
	at org.apache.hadoop.hdds.server.OzoneProtocolMessageDispatcher.processRequest(OzoneProtocolMessageDispatcher.java:87) [hdds-server-framework-1.4.0-SNAPSHOT.jar:?]
	at org.apache.hadoop.ozone.protocolPB.OzoneManagerProtocolServerSideTranslatorPB.submitRequest(OzoneManagerProtocolServerSideTranslatorPB.java:148) [ozone-manager-1.4.0-SNAPSHOT.jar:?]
	at org.apache.hadoop.ozone.protocol.proto.OzoneManagerProtocolProtos$OzoneManagerService$2.callBlockingMethod(OzoneManagerProtocolProtos.java) [ozone-interface-client-1.4.0-SNAPSHOT.jar:?]
	at org.apache.hadoop.ipc.ProtobufRpcEngine$Server.processCall(ProtobufRpcEngine.java:484) [hadoop-common-3.3.6.jar:?]
	at org.apache.hadoop.ipc.ProtobufRpcEngine2$Server$ProtoBufRpcInvoker.call(ProtobufRpcEngine2.java:595) [hadoop-common-3.3.6.jar:?]
	at org.apache.hadoop.ipc.ProtobufRpcEngine2$Server$ProtoBufRpcInvoker.call(ProtobufRpcEngine2.java:573) [hadoop-common-3.3.6.jar:?]
	at org.apache.hadoop.ipc.RPC$Server.call(RPC.java:1227) [hadoop-common-3.3.6.jar:?]
	at org.apache.hadoop.ipc.Server$RpcCall.run(Server.java:1094) [hadoop-common-3.3.6.jar:?]
	at org.apache.hadoop.ipc.Server$RpcCall.run(Server.java:1017) [hadoop-common-3.3.6.jar:?]
	at java.security.AccessController.doPrivileged(Native Method) ~[?:1.8.0_382]
	at javax.security.auth.Subject.doAs(Subject.java:422) [?:1.8.0_382]
	at org.apache.hadoop.security.UserGroupInformation.doAs(UserGroupInformation.java:1899) [hadoop-common-3.3.6.jar:?]
	at org.apache.hadoop.ipc.Server$Handler.run(Server.java:3048) [hadoop-common-3.3.6.jar:?]
18:56:33.269 [IPC Server handler 19 on default port 15163] ERROR OMAudit - user=runner | ip=127.0.0.1 | op=GET_FILE_STATUS {volume=volume50878, bucket=bucket78448, key=level0/level2/level2/file1, dataSize=0, replicationConfig=null} | ret=FAILURE
org.apache.hadoop.ozone.om.exceptions.OMException: Unable to get file status: volume: volume50878 bucket: bucket78448 key: level0/level2/level2/file1
	at org.apache.hadoop.ozone.om.KeyManagerImpl.getOzoneFileStatus(KeyManagerImpl.java:1195) ~[ozone-manager-1.4.0-SNAPSHOT.jar:?]
	at org.apache.hadoop.ozone.om.KeyManagerImpl.getFileStatus(KeyManagerImpl.java:1113) ~[ozone-manager-1.4.0-SNAPSHOT.jar:?]
	at org.apache.hadoop.ozone.om.OmMetadataReader.getFileStatus(OmMetadataReader.java:262) ~[ozone-manager-1.4.0-SNAPSHOT.jar:?]
	at org.apache.hadoop.ozone.om.OzoneManager.getFileStatus(OzoneManager.java:3530) ~[ozone-manager-1.4.0-SNAPSHOT.jar:?]
	at org.apache.hadoop.ozone.protocolPB.OzoneManagerRequestHandler.getOzoneFileStatus(OzoneManagerRequestHandler.java:973) ~[ozone-manager-1.4.0-SNAPSHOT.jar:?]
	at org.apache.hadoop.ozone.protocolPB.OzoneManagerRequestHandler.handleReadRequest(OzoneManagerRequestHandler.java:252) ~[ozone-manager-1.4.0-SNAPSHOT.jar:?]
	at org.apache.hadoop.ozone.protocolPB.OzoneManagerProtocolServerSideTranslatorPB.submitRequestDirectlyToOM(OzoneManagerProtocolServerSideTranslatorPB.java:274) ~[ozone-manager-1.4.0-SNAPSHOT.jar:?]
	at org.apache.hadoop.ozone.protocolPB.OzoneManagerProtocolServerSideTranslatorPB.processRequest(OzoneManagerProtocolServerSideTranslatorPB.java:175) ~[ozone-manager-1.4.0-SNAPSHOT.jar:?]
	at org.apache.hadoop.hdds.server.OzoneProtocolMessageDispatcher.processRequest(OzoneProtocolMessageDispatcher.java:87) [hdds-server-framework-1.4.0-SNAPSHOT.jar:?]
	at org.apache.hadoop.ozone.protocolPB.OzoneManagerProtocolServerSideTranslatorPB.submitRequest(OzoneManagerProtocolServerSideTranslatorPB.java:148) [ozone-manager-1.4.0-SNAPSHOT.jar:?]
	at org.apache.hadoop.ozone.protocol.proto.OzoneManagerProtocolProtos$OzoneManagerService$2.callBlockingMethod(OzoneManagerProtocolProtos.java) [ozone-interface-client-1.4.0-SNAPSHOT.jar:?]
	at org.apache.hadoop.ipc.ProtobufRpcEngine$Server.processCall(ProtobufRpcEngine.java:484) [hadoop-common-3.3.6.jar:?]
	at org.apache.hadoop.ipc.ProtobufRpcEngine2$Server$ProtoBufRpcInvoker.call(ProtobufRpcEngine2.java:595) [hadoop-common-3.3.6.jar:?]
	at org.apache.hadoop.ipc.ProtobufRpcEngine2$Server$ProtoBufRpcInvoker.call(ProtobufRpcEngine2.java:573) [hadoop-common-3.3.6.jar:?]
	at org.apache.hadoop.ipc.RPC$Server.call(RPC.java:1227) [hadoop-common-3.3.6.jar:?]
	at org.apache.hadoop.ipc.Server$RpcCall.run(Server.java:1094) [hadoop-common-3.3.6.jar:?]
	at org.apache.hadoop.ipc.Server$RpcCall.run(Server.java:1017) [hadoop-common-3.3.6.jar:?]
	at java.security.AccessController.doPrivileged(Native Method) ~[?:1.8.0_382]
	at javax.security.auth.Subject.doAs(Subject.java:422) [?:1.8.0_382]
	at org.apache.hadoop.security.UserGroupInformation.doAs(UserGroupInformation.java:1899) [hadoop-common-3.3.6.jar:?]
	at org.apache.hadoop.ipc.Server$Handler.run(Server.java:3048) [hadoop-common-3.3.6.jar:?]
18:56:33.269 [IPC Server handler 18 on default port 15163] ERROR OMAudit - user=runner | ip=127.0.0.1 | op=GET_FILE_STATUS {volume=volume50878, bucket=bucket78448, key=level0/level3, dataSize=0, replicationConfig=null} | ret=FAILURE
org.apache.hadoop.ozone.om.exceptions.OMException: Unable to get file status: volume: volume50878 bucket: bucket78448 key: level0/level3
	at org.apache.hadoop.ozone.om.KeyManagerImpl.getOzoneFileStatus(KeyManagerImpl.java:1195) ~[ozone-manager-1.4.0-SNAPSHOT.jar:?]
	at org.apache.hadoop.ozone.om.KeyManagerImpl.getFileStatus(KeyManagerImpl.java:1113) ~[ozone-manager-1.4.0-SNAPSHOT.jar:?]
	at org.apache.hadoop.ozone.om.OmMetadataReader.getFileStatus(OmMetadataReader.java:262) ~[ozone-manager-1.4.0-SNAPSHOT.jar:?]
	at org.apache.hadoop.ozone.om.OzoneManager.getFileStatus(OzoneManager.java:3530) ~[ozone-manager-1.4.0-SNAPSHOT.jar:?]
	at org.apache.hadoop.ozone.protocolPB.OzoneManagerRequestHandler.getOzoneFileStatus(OzoneManagerRequestHandler.java:973) ~[ozone-manager-1.4.0-SNAPSHOT.jar:?]
	at org.apache.hadoop.ozone.protocolPB.OzoneManagerRequestHandler.handleReadRequest(OzoneManagerRequestHandler.java:252) ~[ozone-manager-1.4.0-SNAPSHOT.jar:?]
	at org.apache.hadoop.ozone.protocolPB.OzoneManagerProtocolServerSideTranslatorPB.submitRequestDirectlyToOM(OzoneManagerProtocolServerSideTranslatorPB.java:274) ~[ozone-manager-1.4.0-SNAPSHOT.jar:?]
	at org.apache.hadoop.ozone.protocolPB.OzoneManagerProtocolServerSideTranslatorPB.processRequest(OzoneManagerProtocolServerSideTranslatorPB.java:175) ~[ozone-manager-1.4.0-SNAPSHOT.jar:?]
	at org.apache.hadoop.hdds.server.OzoneProtocolMessageDispatcher.processRequest(OzoneProtocolMessageDispatcher.java:87) [hdds-server-framework-1.4.0-SNAPSHOT.jar:?]
	at org.apache.hadoop.ozone.protocolPB.OzoneManagerProtocolServerSideTranslatorPB.submitRequest(OzoneManagerProtocolServerSideTranslatorPB.java:148) [ozone-manager-1.4.0-SNAPSHOT.jar:?]
	at org.apache.hadoop.ozone.protocol.proto.OzoneManagerProtocolProtos$OzoneManagerService$2.callBlockingMethod(OzoneManagerProtocolProtos.java) [ozone-interface-client-1.4.0-SNAPSHOT.jar:?]
	at org.apache.hadoop.ipc.ProtobufRpcEngine$Server.processCall(ProtobufRpcEngine.java:484) [hadoop-common-3.3.6.jar:?]
	at org.apache.hadoop.ipc.ProtobufRpcEngine2$Server$ProtoBufRpcInvoker.call(ProtobufRpcEngine2.java:595) [hadoop-common-3.3.6.jar:?]
	at org.apache.hadoop.ipc.ProtobufRpcEngine2$Server$ProtoBufRpcInvoker.call(ProtobufRpcEngine2.java:573) [hadoop-common-3.3.6.jar:?]
	at org.apache.hadoop.ipc.RPC$Server.call(RPC.java:1227) [hadoop-common-3.3.6.jar:?]
	at org.apache.hadoop.ipc.Server$RpcCall.run(Server.java:1094) [hadoop-common-3.3.6.jar:?]
	at org.apache.hadoop.ipc.Server$RpcCall.run(Server.java:1017) [hadoop-common-3.3.6.jar:?]
	at java.security.AccessController.doPrivileged(Native Method) ~[?:1.8.0_382]
	at javax.security.auth.Subject.doAs(Subject.java:422) [?:1.8.0_382]
	at org.apache.hadoop.security.UserGroupInformation.doAs(UserGroupInformation.java:1899) [hadoop-common-3.3.6.jar:?]
	at org.apache.hadoop.ipc.Server$Handler.run(Server.java:3048) [hadoop-common-3.3.6.jar:?]
18:56:33.272 [IPC Server handler 0 on default port 15163] ERROR OMAudit - user=runner | ip=127.0.0.1 | op=GET_FILE_STATUS {volume=volume50878, bucket=bucket78448, key=level0/level3/level3, dataSize=0, replicationConfig=null} | ret=FAILURE
org.apache.hadoop.ozone.om.exceptions.OMException: Unable to get file status: volume: volume50878 bucket: bucket78448 key: level0/level3/level3
	at org.apache.hadoop.ozone.om.KeyManagerImpl.getOzoneFileStatus(KeyManagerImpl.java:1195) ~[ozone-manager-1.4.0-SNAPSHOT.jar:?]
	at org.apache.hadoop.ozone.om.KeyManagerImpl.getFileStatus(KeyManagerImpl.java:1113) ~[ozone-manager-1.4.0-SNAPSHOT.jar:?]
	at org.apache.hadoop.ozone.om.OmMetadataReader.getFileStatus(OmMetadataReader.java:262) ~[ozone-manager-1.4.0-SNAPSHOT.jar:?]
	at org.apache.hadoop.ozone.om.OzoneManager.getFileStatus(OzoneManager.java:3530) ~[ozone-manager-1.4.0-SNAPSHOT.jar:?]
	at org.apache.hadoop.ozone.protocolPB.OzoneManagerRequestHandler.getOzoneFileStatus(OzoneManagerRequestHandler.java:973) ~[ozone-manager-1.4.0-SNAPSHOT.jar:?]
	at org.apache.hadoop.ozone.protocolPB.OzoneManagerRequestHandler.handleReadRequest(OzoneManagerRequestHandler.java:252) ~[ozone-manager-1.4.0-SNAPSHOT.jar:?]
	at org.apache.hadoop.ozone.protocolPB.OzoneManagerProtocolServerSideTranslatorPB.submitRequestDirectlyToOM(OzoneManagerProtocolServerSideTranslatorPB.java:274) ~[ozone-manager-1.4.0-SNAPSHOT.jar:?]
	at org.apache.hadoop.ozone.protocolPB.OzoneManagerProtocolServerSideTranslatorPB.processRequest(OzoneManagerProtocolServerSideTranslatorPB.java:175) ~[ozone-manager-1.4.0-SNAPSHOT.jar:?]
	at org.apache.hadoop.hdds.server.OzoneProtocolMessageDispatcher.processRequest(OzoneProtocolMessageDispatcher.java:87) [hdds-server-framework-1.4.0-SNAPSHOT.jar:?]
	at org.apache.hadoop.ozone.protocolPB.OzoneManagerProtocolServerSideTranslatorPB.submitRequest(OzoneManagerProtocolServerSideTranslatorPB.java:148) [ozone-manager-1.4.0-SNAPSHOT.jar:?]
	at org.apache.hadoop.ozone.protocol.proto.OzoneManagerProtocolProtos$OzoneManagerService$2.callBlockingMethod(OzoneManagerProtocolProtos.java) [ozone-interface-client-1.4.0-SNAPSHOT.jar:?]
	at org.apache.hadoop.ipc.ProtobufRpcEngine$Server.processCall(ProtobufRpcEngine.java:484) [hadoop-common-3.3.6.jar:?]
	at org.apache.hadoop.ipc.ProtobufRpcEngine2$Server$ProtoBufRpcInvoker.call(ProtobufRpcEngine2.java:595) [hadoop-common-3.3.6.jar:?]
	at org.apache.hadoop.ipc.ProtobufRpcEngine2$Server$ProtoBufRpcInvoker.call(ProtobufRpcEngine2.java:573) [hadoop-common-3.3.6.jar:?]
	at org.apache.hadoop.ipc.RPC$Server.call(RPC.java:1227) [hadoop-common-3.3.6.jar:?]
	at org.apache.hadoop.ipc.Server$RpcCall.run(Server.java:1094) [hadoop-common-3.3.6.jar:?]
	at org.apache.hadoop.ipc.Server$RpcCall.run(Server.java:1017) [hadoop-common-3.3.6.jar:?]
	at java.security.AccessController.doPrivileged(Native Method) ~[?:1.8.0_382]
	at javax.security.auth.Subject.doAs(Subject.java:422) [?:1.8.0_382]
	at org.apache.hadoop.security.UserGroupInformation.doAs(UserGroupInformation.java:1899) [hadoop-common-3.3.6.jar:?]
	at org.apache.hadoop.ipc.Server$Handler.run(Server.java:3048) [hadoop-common-3.3.6.jar:?]
18:56:33.272 [IPC Server handler 16 on default port 15163] ERROR OMAudit - user=runner | ip=127.0.0.1 | op=GET_FILE_STATUS {volume=volume50878, bucket=bucket78448, key=level0/level3/file1, dataSize=0, replicationConfig=null} | ret=FAILURE
org.apache.hadoop.ozone.om.exceptions.OMException: Unable to get file status: volume: volume50878 bucket: bucket78448 key: level0/level3/file1
	at org.apache.hadoop.ozone.om.KeyManagerImpl.getOzoneFileStatus(KeyManagerImpl.java:1195) ~[ozone-manager-1.4.0-SNAPSHOT.jar:?]
	at org.apache.hadoop.ozone.om.KeyManagerImpl.getFileStatus(KeyManagerImpl.java:1113) ~[ozone-manager-1.4.0-SNAPSHOT.jar:?]
	at org.apache.hadoop.ozone.om.OmMetadataReader.getFileStatus(OmMetadataReader.java:262) ~[ozone-manager-1.4.0-SNAPSHOT.jar:?]
	at org.apache.hadoop.ozone.om.OzoneManager.getFileStatus(OzoneManager.java:3530) ~[ozone-manager-1.4.0-SNAPSHOT.jar:?]
	at org.apache.hadoop.ozone.protocolPB.OzoneManagerRequestHandler.getOzoneFileStatus(OzoneManagerRequestHandler.java:973) ~[ozone-manager-1.4.0-SNAPSHOT.jar:?]
	at org.apache.hadoop.ozone.protocolPB.OzoneManagerRequestHandler.handleReadRequest(OzoneManagerRequestHandler.java:252) ~[ozone-manager-1.4.0-SNAPSHOT.jar:?]
	at org.apache.hadoop.ozone.protocolPB.OzoneManagerProtocolServerSideTranslatorPB.submitRequestDirectlyToOM(OzoneManagerProtocolServerSideTranslatorPB.java:274) ~[ozone-manager-1.4.0-SNAPSHOT.jar:?]
	at org.apache.hadoop.ozone.protocolPB.OzoneManagerProtocolServerSideTranslatorPB.processRequest(OzoneManagerProtocolServerSideTranslatorPB.java:175) ~[ozone-manager-1.4.0-SNAPSHOT.jar:?]
	at org.apache.hadoop.hdds.server.OzoneProtocolMessageDispatcher.processRequest(OzoneProtocolMessageDispatcher.java:87) [hdds-server-framework-1.4.0-SNAPSHOT.jar:?]
	at org.apache.hadoop.ozone.protocolPB.OzoneManagerProtocolServerSideTranslatorPB.submitRequest(OzoneManagerProtocolServerSideTranslatorPB.java:148) [ozone-manager-1.4.0-SNAPSHOT.jar:?]
	at org.apache.hadoop.ozone.protocol.proto.OzoneManagerProtocolProtos$OzoneManagerService$2.callBlockingMethod(OzoneManagerProtocolProtos.java) [ozone-interface-client-1.4.0-SNAPSHOT.jar:?]
	at org.apache.hadoop.ipc.ProtobufRpcEngine$Server.processCall(ProtobufRpcEngine.java:484) [hadoop-common-3.3.6.jar:?]
	at org.apache.hadoop.ipc.ProtobufRpcEngine2$Server$ProtoBufRpcInvoker.call(ProtobufRpcEngine2.java:595) [hadoop-common-3.3.6.jar:?]
	at org.apache.hadoop.ipc.ProtobufRpcEngine2$Server$ProtoBufRpcInvoker.call(ProtobufRpcEngine2.java:573) [hadoop-common-3.3.6.jar:?]
	at org.apache.hadoop.ipc.RPC$Server.call(RPC.java:1227) [hadoop-common-3.3.6.jar:?]
	at org.apache.hadoop.ipc.Server$RpcCall.run(Server.java:1094) [hadoop-common-3.3.6.jar:?]
	at org.apache.hadoop.ipc.Server$RpcCall.run(Server.java:1017) [hadoop-common-3.3.6.jar:?]
	at java.security.AccessController.doPrivileged(Native Method) ~[?:1.8.0_382]
	at javax.security.auth.Subject.doAs(Subject.java:422) [?:1.8.0_382]
	at org.apache.hadoop.security.UserGroupInformation.doAs(UserGroupInformation.java:1899) [hadoop-common-3.3.6.jar:?]
	at org.apache.hadoop.ipc.Server$Handler.run(Server.java:3048) [hadoop-common-3.3.6.jar:?]
18:56:33.273 [IPC Server handler 1 on default port 15163] ERROR OMAudit - user=runner | ip=127.0.0.1 | op=GET_FILE_STATUS {volume=volume50878, bucket=bucket78448, key=level0/level3/level3/file1, dataSize=0, replicationConfig=null} | ret=FAILURE
org.apache.hadoop.ozone.om.exceptions.OMException: Unable to get file status: volume: volume50878 bucket: bucket78448 key: level0/level3/level3/file1
	at org.apache.hadoop.ozone.om.KeyManagerImpl.getOzoneFileStatus(KeyManagerImpl.java:1195) ~[ozone-manager-1.4.0-SNAPSHOT.jar:?]
	at org.apache.hadoop.ozone.om.KeyManagerImpl.getFileStatus(KeyManagerImpl.java:1113) ~[ozone-manager-1.4.0-SNAPSHOT.jar:?]
	at org.apache.hadoop.ozone.om.OmMetadataReader.getFileStatus(OmMetadataReader.java:262) ~[ozone-manager-1.4.0-SNAPSHOT.jar:?]
	at org.apache.hadoop.ozone.om.OzoneManager.getFileStatus(OzoneManager.java:3530) ~[ozone-manager-1.4.0-SNAPSHOT.jar:?]
	at org.apache.hadoop.ozone.protocolPB.OzoneManagerRequestHandler.getOzoneFileStatus(OzoneManagerRequestHandler.java:973) ~[ozone-manager-1.4.0-SNAPSHOT.jar:?]
	at org.apache.hadoop.ozone.protocolPB.OzoneManagerRequestHandler.handleReadRequest(OzoneManagerRequestHandler.java:252) ~[ozone-manager-1.4.0-SNAPSHOT.jar:?]
	at org.apache.hadoop.ozone.protocolPB.OzoneManagerProtocolServerSideTranslatorPB.submitRequestDirectlyToOM(OzoneManagerProtocolServerSideTranslatorPB.java:274) ~[ozone-manager-1.4.0-SNAPSHOT.jar:?]
	at org.apache.hadoop.ozone.protocolPB.OzoneManagerProtocolServerSideTranslatorPB.processRequest(OzoneManagerProtocolServerSideTranslatorPB.java:175) ~[ozone-manager-1.4.0-SNAPSHOT.jar:?]
	at org.apache.hadoop.hdds.server.OzoneProtocolMessageDispatcher.processRequest(OzoneProtocolMessageDispatcher.java:87) [hdds-server-framework-1.4.0-SNAPSHOT.jar:?]
	at org.apache.hadoop.ozone.protocolPB.OzoneManagerProtocolServerSideTranslatorPB.submitRequest(OzoneManagerProtocolServerSideTranslatorPB.java:148) [ozone-manager-1.4.0-SNAPSHOT.jar:?]
	at org.apache.hadoop.ozone.protocol.proto.OzoneManagerProtocolProtos$OzoneManagerService$2.callBlockingMethod(OzoneManagerProtocolProtos.java) [ozone-interface-client-1.4.0-SNAPSHOT.jar:?]
	at org.apache.hadoop.ipc.ProtobufRpcEngine$Server.processCall(ProtobufRpcEngine.java:484) [hadoop-common-3.3.6.jar:?]
	at org.apache.hadoop.ipc.ProtobufRpcEngine2$Server$ProtoBufRpcInvoker.call(ProtobufRpcEngine2.java:595) [hadoop-common-3.3.6.jar:?]
	at org.apache.hadoop.ipc.ProtobufRpcEngine2$Server$ProtoBufRpcInvoker.call(ProtobufRpcEngine2.java:573) [hadoop-common-3.3.6.jar:?]
	at org.apache.hadoop.ipc.RPC$Server.call(RPC.java:1227) [hadoop-common-3.3.6.jar:?]
	at org.apache.hadoop.ipc.Server$RpcCall.run(Server.java:1094) [hadoop-common-3.3.6.jar:?]
	at org.apache.hadoop.ipc.Server$RpcCall.run(Server.java:1017) [hadoop-common-3.3.6.jar:?]
	at java.security.AccessController.doPrivileged(Native Method) ~[?:1.8.0_382]
	at javax.security.auth.Subject.doAs(Subject.java:422) [?:1.8.0_382]
	at org.apache.hadoop.security.UserGroupInformation.doAs(UserGroupInformation.java:1899) [hadoop-common-3.3.6.jar:?]
	at org.apache.hadoop.ipc.Server$Handler.run(Server.java:3048) [hadoop-common-3.3.6.jar:?]
]]></system-out>
  </testcase>
  <testcase name="testGetTrashRoots" classname="TestOzoneFileSystem" time="0.064">
    <system-out><![CDATA[18:53:05.335 [IPC Server handler 2 on default port 15004] ERROR OMAudit - user=runner | ip=127.0.0.1 | op=GET_FILE_STATUS {volume=volume53060, bucket=bucket79480, key=.Trash/runner, dataSize=0, replicationConfig=null} | ret=FAILURE
org.apache.hadoop.ozone.om.exceptions.OMException: Unable to get file status: volume: volume53060 bucket: bucket79480 key: .Trash/runner
	at org.apache.hadoop.ozone.om.KeyManagerImpl.getOzoneFileStatus(KeyManagerImpl.java:1195) ~[ozone-manager-1.4.0-SNAPSHOT.jar:?]
	at org.apache.hadoop.ozone.om.KeyManagerImpl.getFileStatus(KeyManagerImpl.java:1113) ~[ozone-manager-1.4.0-SNAPSHOT.jar:?]
	at org.apache.hadoop.ozone.om.OmMetadataReader.getFileStatus(OmMetadataReader.java:262) ~[ozone-manager-1.4.0-SNAPSHOT.jar:?]
	at org.apache.hadoop.ozone.om.OzoneManager.getFileStatus(OzoneManager.java:3530) ~[ozone-manager-1.4.0-SNAPSHOT.jar:?]
	at org.apache.hadoop.ozone.protocolPB.OzoneManagerRequestHandler.getOzoneFileStatus(OzoneManagerRequestHandler.java:973) ~[ozone-manager-1.4.0-SNAPSHOT.jar:?]
	at org.apache.hadoop.ozone.protocolPB.OzoneManagerRequestHandler.handleReadRequest(OzoneManagerRequestHandler.java:252) ~[ozone-manager-1.4.0-SNAPSHOT.jar:?]
	at org.apache.hadoop.ozone.protocolPB.OzoneManagerProtocolServerSideTranslatorPB.submitReadRequestToOM(OzoneManagerProtocolServerSideTranslatorPB.java:225) ~[ozone-manager-1.4.0-SNAPSHOT.jar:?]
	at org.apache.hadoop.ozone.protocolPB.OzoneManagerProtocolServerSideTranslatorPB.processRequest(OzoneManagerProtocolServerSideTranslatorPB.java:179) ~[ozone-manager-1.4.0-SNAPSHOT.jar:?]
	at org.apache.hadoop.hdds.server.OzoneProtocolMessageDispatcher.processRequest(OzoneProtocolMessageDispatcher.java:87) [hdds-server-framework-1.4.0-SNAPSHOT.jar:?]
	at org.apache.hadoop.ozone.protocolPB.OzoneManagerProtocolServerSideTranslatorPB.submitRequest(OzoneManagerProtocolServerSideTranslatorPB.java:148) [ozone-manager-1.4.0-SNAPSHOT.jar:?]
	at org.apache.hadoop.ozone.protocol.proto.OzoneManagerProtocolProtos$OzoneManagerService$2.callBlockingMethod(OzoneManagerProtocolProtos.java) [ozone-interface-client-1.4.0-SNAPSHOT.jar:?]
	at org.apache.hadoop.ipc.ProtobufRpcEngine$Server.processCall(ProtobufRpcEngine.java:484) [hadoop-common-3.3.6.jar:?]
	at org.apache.hadoop.ipc.ProtobufRpcEngine2$Server$ProtoBufRpcInvoker.call(ProtobufRpcEngine2.java:595) [hadoop-common-3.3.6.jar:?]
	at org.apache.hadoop.ipc.ProtobufRpcEngine2$Server$ProtoBufRpcInvoker.call(ProtobufRpcEngine2.java:573) [hadoop-common-3.3.6.jar:?]
	at org.apache.hadoop.ipc.RPC$Server.call(RPC.java:1227) [hadoop-common-3.3.6.jar:?]
	at org.apache.hadoop.ipc.Server$RpcCall.run(Server.java:1094) [hadoop-common-3.3.6.jar:?]
	at org.apache.hadoop.ipc.Server$RpcCall.run(Server.java:1017) [hadoop-common-3.3.6.jar:?]
	at java.security.AccessController.doPrivileged(Native Method) ~[?:1.8.0_382]
	at javax.security.auth.Subject.doAs(Subject.java:422) [?:1.8.0_382]
	at org.apache.hadoop.security.UserGroupInformation.doAs(UserGroupInformation.java:1899) [hadoop-common-3.3.6.jar:?]
	at org.apache.hadoop.ipc.Server$Handler.run(Server.java:3048) [hadoop-common-3.3.6.jar:?]
]]></system-out>
  </testcase>
  <testcase name="testGetTrashRoots" classname="TestOzoneFileSystem" time="0.03">
    <system-out><![CDATA[18:54:24.863 [IPC Server handler 7 on default port 15057] ERROR OMAudit - user=runner | ip=127.0.0.1 | op=GET_FILE_STATUS {volume=volume92422, bucket=bucket94858, key=.Trash/runner, dataSize=0, replicationConfig=null} | ret=FAILURE
org.apache.hadoop.ozone.om.exceptions.OMException: Unable to get file status: volume: volume92422 bucket: bucket94858 key: .Trash/runner
	at org.apache.hadoop.ozone.om.KeyManagerImpl.getOzoneFileStatus(KeyManagerImpl.java:1195) ~[ozone-manager-1.4.0-SNAPSHOT.jar:?]
	at org.apache.hadoop.ozone.om.KeyManagerImpl.getFileStatus(KeyManagerImpl.java:1113) ~[ozone-manager-1.4.0-SNAPSHOT.jar:?]
	at org.apache.hadoop.ozone.om.OmMetadataReader.getFileStatus(OmMetadataReader.java:262) ~[ozone-manager-1.4.0-SNAPSHOT.jar:?]
	at org.apache.hadoop.ozone.om.OzoneManager.getFileStatus(OzoneManager.java:3530) ~[ozone-manager-1.4.0-SNAPSHOT.jar:?]
	at org.apache.hadoop.ozone.protocolPB.OzoneManagerRequestHandler.getOzoneFileStatus(OzoneManagerRequestHandler.java:973) ~[ozone-manager-1.4.0-SNAPSHOT.jar:?]
	at org.apache.hadoop.ozone.protocolPB.OzoneManagerRequestHandler.handleReadRequest(OzoneManagerRequestHandler.java:252) ~[ozone-manager-1.4.0-SNAPSHOT.jar:?]
	at org.apache.hadoop.ozone.protocolPB.OzoneManagerProtocolServerSideTranslatorPB.submitRequestDirectlyToOM(OzoneManagerProtocolServerSideTranslatorPB.java:274) ~[ozone-manager-1.4.0-SNAPSHOT.jar:?]
	at org.apache.hadoop.ozone.protocolPB.OzoneManagerProtocolServerSideTranslatorPB.processRequest(OzoneManagerProtocolServerSideTranslatorPB.java:175) ~[ozone-manager-1.4.0-SNAPSHOT.jar:?]
	at org.apache.hadoop.hdds.server.OzoneProtocolMessageDispatcher.processRequest(OzoneProtocolMessageDispatcher.java:87) [hdds-server-framework-1.4.0-SNAPSHOT.jar:?]
	at org.apache.hadoop.ozone.protocolPB.OzoneManagerProtocolServerSideTranslatorPB.submitRequest(OzoneManagerProtocolServerSideTranslatorPB.java:148) [ozone-manager-1.4.0-SNAPSHOT.jar:?]
	at org.apache.hadoop.ozone.protocol.proto.OzoneManagerProtocolProtos$OzoneManagerService$2.callBlockingMethod(OzoneManagerProtocolProtos.java) [ozone-interface-client-1.4.0-SNAPSHOT.jar:?]
	at org.apache.hadoop.ipc.ProtobufRpcEngine$Server.processCall(ProtobufRpcEngine.java:484) [hadoop-common-3.3.6.jar:?]
	at org.apache.hadoop.ipc.ProtobufRpcEngine2$Server$ProtoBufRpcInvoker.call(ProtobufRpcEngine2.java:595) [hadoop-common-3.3.6.jar:?]
	at org.apache.hadoop.ipc.ProtobufRpcEngine2$Server$ProtoBufRpcInvoker.call(ProtobufRpcEngine2.java:573) [hadoop-common-3.3.6.jar:?]
	at org.apache.hadoop.ipc.RPC$Server.call(RPC.java:1227) [hadoop-common-3.3.6.jar:?]
	at org.apache.hadoop.ipc.Server$RpcCall.run(Server.java:1094) [hadoop-common-3.3.6.jar:?]
	at org.apache.hadoop.ipc.Server$RpcCall.run(Server.java:1017) [hadoop-common-3.3.6.jar:?]
	at java.security.AccessController.doPrivileged(Native Method) ~[?:1.8.0_382]
	at javax.security.auth.Subject.doAs(Subject.java:422) [?:1.8.0_382]
	at org.apache.hadoop.security.UserGroupInformation.doAs(UserGroupInformation.java:1899) [hadoop-common-3.3.6.jar:?]
	at org.apache.hadoop.ipc.Server$Handler.run(Server.java:3048) [hadoop-common-3.3.6.jar:?]
]]></system-out>
  </testcase>
  <testcase name="testGetTrashRoots" classname="TestOzoneFileSystem" time="0.025">
    <system-out><![CDATA[18:55:25.835 [IPC Server handler 1 on default port 15110] ERROR OMAudit - user=runner | ip=127.0.0.1 | op=GET_FILE_STATUS {volume=volume95024, bucket=bucket37863, key=.Trash/runner, dataSize=0, replicationConfig=null} | ret=FAILURE
org.apache.hadoop.ozone.om.exceptions.OMException: Unable to get file status: volume: volume95024 bucket: bucket37863 key: .Trash/runner
	at org.apache.hadoop.ozone.om.KeyManagerImpl.getOzoneFileStatus(KeyManagerImpl.java:1195) ~[ozone-manager-1.4.0-SNAPSHOT.jar:?]
	at org.apache.hadoop.ozone.om.KeyManagerImpl.getFileStatus(KeyManagerImpl.java:1113) ~[ozone-manager-1.4.0-SNAPSHOT.jar:?]
	at org.apache.hadoop.ozone.om.OmMetadataReader.getFileStatus(OmMetadataReader.java:262) ~[ozone-manager-1.4.0-SNAPSHOT.jar:?]
	at org.apache.hadoop.ozone.om.OzoneManager.getFileStatus(OzoneManager.java:3530) ~[ozone-manager-1.4.0-SNAPSHOT.jar:?]
	at org.apache.hadoop.ozone.protocolPB.OzoneManagerRequestHandler.getOzoneFileStatus(OzoneManagerRequestHandler.java:973) ~[ozone-manager-1.4.0-SNAPSHOT.jar:?]
	at org.apache.hadoop.ozone.protocolPB.OzoneManagerRequestHandler.handleReadRequest(OzoneManagerRequestHandler.java:252) ~[ozone-manager-1.4.0-SNAPSHOT.jar:?]
	at org.apache.hadoop.ozone.protocolPB.OzoneManagerProtocolServerSideTranslatorPB.submitReadRequestToOM(OzoneManagerProtocolServerSideTranslatorPB.java:225) ~[ozone-manager-1.4.0-SNAPSHOT.jar:?]
	at org.apache.hadoop.ozone.protocolPB.OzoneManagerProtocolServerSideTranslatorPB.processRequest(OzoneManagerProtocolServerSideTranslatorPB.java:179) ~[ozone-manager-1.4.0-SNAPSHOT.jar:?]
	at org.apache.hadoop.hdds.server.OzoneProtocolMessageDispatcher.processRequest(OzoneProtocolMessageDispatcher.java:87) [hdds-server-framework-1.4.0-SNAPSHOT.jar:?]
	at org.apache.hadoop.ozone.protocolPB.OzoneManagerProtocolServerSideTranslatorPB.submitRequest(OzoneManagerProtocolServerSideTranslatorPB.java:148) [ozone-manager-1.4.0-SNAPSHOT.jar:?]
	at org.apache.hadoop.ozone.protocol.proto.OzoneManagerProtocolProtos$OzoneManagerService$2.callBlockingMethod(OzoneManagerProtocolProtos.java) [ozone-interface-client-1.4.0-SNAPSHOT.jar:?]
	at org.apache.hadoop.ipc.ProtobufRpcEngine$Server.processCall(ProtobufRpcEngine.java:484) [hadoop-common-3.3.6.jar:?]
	at org.apache.hadoop.ipc.ProtobufRpcEngine2$Server$ProtoBufRpcInvoker.call(ProtobufRpcEngine2.java:595) [hadoop-common-3.3.6.jar:?]
	at org.apache.hadoop.ipc.ProtobufRpcEngine2$Server$ProtoBufRpcInvoker.call(ProtobufRpcEngine2.java:573) [hadoop-common-3.3.6.jar:?]
	at org.apache.hadoop.ipc.RPC$Server.call(RPC.java:1227) [hadoop-common-3.3.6.jar:?]
	at org.apache.hadoop.ipc.Server$RpcCall.run(Server.java:1094) [hadoop-common-3.3.6.jar:?]
	at org.apache.hadoop.ipc.Server$RpcCall.run(Server.java:1017) [hadoop-common-3.3.6.jar:?]
	at java.security.AccessController.doPrivileged(Native Method) ~[?:1.8.0_382]
	at javax.security.auth.Subject.doAs(Subject.java:422) [?:1.8.0_382]
	at org.apache.hadoop.security.UserGroupInformation.doAs(UserGroupInformation.java:1899) [hadoop-common-3.3.6.jar:?]
	at org.apache.hadoop.ipc.Server$Handler.run(Server.java:3048) [hadoop-common-3.3.6.jar:?]
]]></system-out>
  </testcase>
  <testcase name="testGetTrashRoots" classname="TestOzoneFileSystem" time="0.022">
    <system-out><![CDATA[18:56:33.276 [IPC Server handler 4 on default port 15163] ERROR OMAudit - user=runner | ip=127.0.0.1 | op=GET_FILE_STATUS {volume=volume50878, bucket=bucket78448, key=.Trash/runner, dataSize=0, replicationConfig=null} | ret=FAILURE
org.apache.hadoop.ozone.om.exceptions.OMException: Unable to get file status: volume: volume50878 bucket: bucket78448 key: .Trash/runner
	at org.apache.hadoop.ozone.om.KeyManagerImpl.getOzoneFileStatus(KeyManagerImpl.java:1195) ~[ozone-manager-1.4.0-SNAPSHOT.jar:?]
	at org.apache.hadoop.ozone.om.KeyManagerImpl.getFileStatus(KeyManagerImpl.java:1113) ~[ozone-manager-1.4.0-SNAPSHOT.jar:?]
	at org.apache.hadoop.ozone.om.OmMetadataReader.getFileStatus(OmMetadataReader.java:262) ~[ozone-manager-1.4.0-SNAPSHOT.jar:?]
	at org.apache.hadoop.ozone.om.OzoneManager.getFileStatus(OzoneManager.java:3530) ~[ozone-manager-1.4.0-SNAPSHOT.jar:?]
	at org.apache.hadoop.ozone.protocolPB.OzoneManagerRequestHandler.getOzoneFileStatus(OzoneManagerRequestHandler.java:973) ~[ozone-manager-1.4.0-SNAPSHOT.jar:?]
	at org.apache.hadoop.ozone.protocolPB.OzoneManagerRequestHandler.handleReadRequest(OzoneManagerRequestHandler.java:252) ~[ozone-manager-1.4.0-SNAPSHOT.jar:?]
	at org.apache.hadoop.ozone.protocolPB.OzoneManagerProtocolServerSideTranslatorPB.submitRequestDirectlyToOM(OzoneManagerProtocolServerSideTranslatorPB.java:274) ~[ozone-manager-1.4.0-SNAPSHOT.jar:?]
	at org.apache.hadoop.ozone.protocolPB.OzoneManagerProtocolServerSideTranslatorPB.processRequest(OzoneManagerProtocolServerSideTranslatorPB.java:175) ~[ozone-manager-1.4.0-SNAPSHOT.jar:?]
	at org.apache.hadoop.hdds.server.OzoneProtocolMessageDispatcher.processRequest(OzoneProtocolMessageDispatcher.java:87) [hdds-server-framework-1.4.0-SNAPSHOT.jar:?]
	at org.apache.hadoop.ozone.protocolPB.OzoneManagerProtocolServerSideTranslatorPB.submitRequest(OzoneManagerProtocolServerSideTranslatorPB.java:148) [ozone-manager-1.4.0-SNAPSHOT.jar:?]
	at org.apache.hadoop.ozone.protocol.proto.OzoneManagerProtocolProtos$OzoneManagerService$2.callBlockingMethod(OzoneManagerProtocolProtos.java) [ozone-interface-client-1.4.0-SNAPSHOT.jar:?]
	at org.apache.hadoop.ipc.ProtobufRpcEngine$Server.processCall(ProtobufRpcEngine.java:484) [hadoop-common-3.3.6.jar:?]
	at org.apache.hadoop.ipc.ProtobufRpcEngine2$Server$ProtoBufRpcInvoker.call(ProtobufRpcEngine2.java:595) [hadoop-common-3.3.6.jar:?]
	at org.apache.hadoop.ipc.ProtobufRpcEngine2$Server$ProtoBufRpcInvoker.call(ProtobufRpcEngine2.java:573) [hadoop-common-3.3.6.jar:?]
	at org.apache.hadoop.ipc.RPC$Server.call(RPC.java:1227) [hadoop-common-3.3.6.jar:?]
	at org.apache.hadoop.ipc.Server$RpcCall.run(Server.java:1094) [hadoop-common-3.3.6.jar:?]
	at org.apache.hadoop.ipc.Server$RpcCall.run(Server.java:1017) [hadoop-common-3.3.6.jar:?]
	at java.security.AccessController.doPrivileged(Native Method) ~[?:1.8.0_382]
	at javax.security.auth.Subject.doAs(Subject.java:422) [?:1.8.0_382]
	at org.apache.hadoop.security.UserGroupInformation.doAs(UserGroupInformation.java:1899) [hadoop-common-3.3.6.jar:?]
	at org.apache.hadoop.ipc.Server$Handler.run(Server.java:3048) [hadoop-common-3.3.6.jar:?]
]]></system-out>
  </testcase>
  <testcase name="testCreateDoesNotAddParentDirKeys" classname="TestOzoneFileSystem" time="0.038">
    <system-out><![CDATA[18:53:05.416 [IPC Server handler 7 on default port 15004] ERROR OMAudit - user=runner | ip=127.0.0.1 | op=READ_KEY {volume=volume53060, bucket=bucket79480, key=testCreateDoesNotAddParentDirKeys/parent/, dataSize=0, replicationConfig=null} | ret=FAILURE
org.apache.hadoop.ozone.om.exceptions.OMException: Key:testCreateDoesNotAddParentDirKeys/parent not found
	at org.apache.hadoop.ozone.om.KeyManagerImpl.readKeyInfo(KeyManagerImpl.java:427) ~[ozone-manager-1.4.0-SNAPSHOT.jar:?]
	at org.apache.hadoop.ozone.om.KeyManagerImpl.lambda$9(KeyManagerImpl.java:1931) ~[ozone-manager-1.4.0-SNAPSHOT.jar:?]
	at org.apache.hadoop.util.MetricUtil.captureLatencyNs(MetricUtil.java:39) ~[hdds-common-1.4.0-SNAPSHOT.jar:?]
	at org.apache.hadoop.ozone.om.KeyManagerImpl.getKeyInfo(KeyManagerImpl.java:1929) ~[ozone-manager-1.4.0-SNAPSHOT.jar:?]
	at org.apache.hadoop.ozone.om.OmMetadataReader.getKeyInfo(OmMetadataReader.java:185) ~[ozone-manager-1.4.0-SNAPSHOT.jar:?]
	at org.apache.hadoop.ozone.om.OzoneManager.getKeyInfo(OzoneManager.java:2827) ~[ozone-manager-1.4.0-SNAPSHOT.jar:?]
	at org.apache.hadoop.ozone.protocolPB.OzoneManagerRequestHandler.getKeyInfo(OzoneManagerRequestHandler.java:587) ~[ozone-manager-1.4.0-SNAPSHOT.jar:?]
	at org.apache.hadoop.ozone.protocolPB.OzoneManagerRequestHandler.handleReadRequest(OzoneManagerRequestHandler.java:306) ~[ozone-manager-1.4.0-SNAPSHOT.jar:?]
	at org.apache.hadoop.ozone.protocolPB.OzoneManagerProtocolServerSideTranslatorPB.submitReadRequestToOM(OzoneManagerProtocolServerSideTranslatorPB.java:225) ~[ozone-manager-1.4.0-SNAPSHOT.jar:?]
	at org.apache.hadoop.ozone.protocolPB.OzoneManagerProtocolServerSideTranslatorPB.processRequest(OzoneManagerProtocolServerSideTranslatorPB.java:179) ~[ozone-manager-1.4.0-SNAPSHOT.jar:?]
	at org.apache.hadoop.hdds.server.OzoneProtocolMessageDispatcher.processRequest(OzoneProtocolMessageDispatcher.java:87) [hdds-server-framework-1.4.0-SNAPSHOT.jar:?]
	at org.apache.hadoop.ozone.protocolPB.OzoneManagerProtocolServerSideTranslatorPB.submitRequest(OzoneManagerProtocolServerSideTranslatorPB.java:148) [ozone-manager-1.4.0-SNAPSHOT.jar:?]
	at org.apache.hadoop.ozone.protocol.proto.OzoneManagerProtocolProtos$OzoneManagerService$2.callBlockingMethod(OzoneManagerProtocolProtos.java) [ozone-interface-client-1.4.0-SNAPSHOT.jar:?]
	at org.apache.hadoop.ipc.ProtobufRpcEngine$Server.processCall(ProtobufRpcEngine.java:484) [hadoop-common-3.3.6.jar:?]
	at org.apache.hadoop.ipc.ProtobufRpcEngine2$Server$ProtoBufRpcInvoker.call(ProtobufRpcEngine2.java:595) [hadoop-common-3.3.6.jar:?]
	at org.apache.hadoop.ipc.ProtobufRpcEngine2$Server$ProtoBufRpcInvoker.call(ProtobufRpcEngine2.java:573) [hadoop-common-3.3.6.jar:?]
	at org.apache.hadoop.ipc.RPC$Server.call(RPC.java:1227) [hadoop-common-3.3.6.jar:?]
	at org.apache.hadoop.ipc.Server$RpcCall.run(Server.java:1094) [hadoop-common-3.3.6.jar:?]
	at org.apache.hadoop.ipc.Server$RpcCall.run(Server.java:1017) [hadoop-common-3.3.6.jar:?]
	at java.security.AccessController.doPrivileged(Native Method) ~[?:1.8.0_382]
	at javax.security.auth.Subject.doAs(Subject.java:422) [?:1.8.0_382]
	at org.apache.hadoop.security.UserGroupInformation.doAs(UserGroupInformation.java:1899) [hadoop-common-3.3.6.jar:?]
	at org.apache.hadoop.ipc.Server$Handler.run(Server.java:3048) [hadoop-common-3.3.6.jar:?]
]]></system-out>
  </testcase>
  <testcase name="testCreateDoesNotAddParentDirKeys" classname="TestOzoneFileSystem" time="0.024">
    <system-out><![CDATA[18:54:24.906 [IPC Server handler 1 on default port 15057] ERROR OMAudit - user=runner | ip=127.0.0.1 | op=READ_KEY {volume=volume92422, bucket=bucket94858, key=testCreateDoesNotAddParentDirKeys/parent/, dataSize=0, replicationConfig=null} | ret=FAILURE
org.apache.hadoop.ozone.om.exceptions.OMException: Key:testCreateDoesNotAddParentDirKeys/parent not found
	at org.apache.hadoop.ozone.om.KeyManagerImpl.readKeyInfo(KeyManagerImpl.java:427) ~[ozone-manager-1.4.0-SNAPSHOT.jar:?]
	at org.apache.hadoop.ozone.om.KeyManagerImpl.lambda$9(KeyManagerImpl.java:1931) ~[ozone-manager-1.4.0-SNAPSHOT.jar:?]
	at org.apache.hadoop.util.MetricUtil.captureLatencyNs(MetricUtil.java:39) ~[hdds-common-1.4.0-SNAPSHOT.jar:?]
	at org.apache.hadoop.ozone.om.KeyManagerImpl.getKeyInfo(KeyManagerImpl.java:1929) ~[ozone-manager-1.4.0-SNAPSHOT.jar:?]
	at org.apache.hadoop.ozone.om.OmMetadataReader.getKeyInfo(OmMetadataReader.java:185) ~[ozone-manager-1.4.0-SNAPSHOT.jar:?]
	at org.apache.hadoop.ozone.om.OzoneManager.getKeyInfo(OzoneManager.java:2827) ~[ozone-manager-1.4.0-SNAPSHOT.jar:?]
	at org.apache.hadoop.ozone.protocolPB.OzoneManagerRequestHandler.getKeyInfo(OzoneManagerRequestHandler.java:587) ~[ozone-manager-1.4.0-SNAPSHOT.jar:?]
	at org.apache.hadoop.ozone.protocolPB.OzoneManagerRequestHandler.handleReadRequest(OzoneManagerRequestHandler.java:306) ~[ozone-manager-1.4.0-SNAPSHOT.jar:?]
	at org.apache.hadoop.ozone.protocolPB.OzoneManagerProtocolServerSideTranslatorPB.submitRequestDirectlyToOM(OzoneManagerProtocolServerSideTranslatorPB.java:274) ~[ozone-manager-1.4.0-SNAPSHOT.jar:?]
	at org.apache.hadoop.ozone.protocolPB.OzoneManagerProtocolServerSideTranslatorPB.processRequest(OzoneManagerProtocolServerSideTranslatorPB.java:175) ~[ozone-manager-1.4.0-SNAPSHOT.jar:?]
	at org.apache.hadoop.hdds.server.OzoneProtocolMessageDispatcher.processRequest(OzoneProtocolMessageDispatcher.java:87) [hdds-server-framework-1.4.0-SNAPSHOT.jar:?]
	at org.apache.hadoop.ozone.protocolPB.OzoneManagerProtocolServerSideTranslatorPB.submitRequest(OzoneManagerProtocolServerSideTranslatorPB.java:148) [ozone-manager-1.4.0-SNAPSHOT.jar:?]
	at org.apache.hadoop.ozone.protocol.proto.OzoneManagerProtocolProtos$OzoneManagerService$2.callBlockingMethod(OzoneManagerProtocolProtos.java) [ozone-interface-client-1.4.0-SNAPSHOT.jar:?]
	at org.apache.hadoop.ipc.ProtobufRpcEngine$Server.processCall(ProtobufRpcEngine.java:484) [hadoop-common-3.3.6.jar:?]
	at org.apache.hadoop.ipc.ProtobufRpcEngine2$Server$ProtoBufRpcInvoker.call(ProtobufRpcEngine2.java:595) [hadoop-common-3.3.6.jar:?]
	at org.apache.hadoop.ipc.ProtobufRpcEngine2$Server$ProtoBufRpcInvoker.call(ProtobufRpcEngine2.java:573) [hadoop-common-3.3.6.jar:?]
	at org.apache.hadoop.ipc.RPC$Server.call(RPC.java:1227) [hadoop-common-3.3.6.jar:?]
	at org.apache.hadoop.ipc.Server$RpcCall.run(Server.java:1094) [hadoop-common-3.3.6.jar:?]
	at org.apache.hadoop.ipc.Server$RpcCall.run(Server.java:1017) [hadoop-common-3.3.6.jar:?]
	at java.security.AccessController.doPrivileged(Native Method) ~[?:1.8.0_382]
	at javax.security.auth.Subject.doAs(Subject.java:422) [?:1.8.0_382]
	at org.apache.hadoop.security.UserGroupInformation.doAs(UserGroupInformation.java:1899) [hadoop-common-3.3.6.jar:?]
	at org.apache.hadoop.ipc.Server$Handler.run(Server.java:3048) [hadoop-common-3.3.6.jar:?]
]]></system-out>
  </testcase>
  <testcase name="testCreateDoesNotAddParentDirKeys" classname="TestOzoneFileSystem" time="0.016"/>
  <testcase name="testCreateDoesNotAddParentDirKeys" classname="TestOzoneFileSystem" time="0.016"/>
  <testcase name="testDeleteCreatesFakeParentDir" classname="TestOzoneFileSystem" time="0.034">
    <system-out><![CDATA[18:53:05.449 [IPC Server handler 9 on default port 15004] ERROR OMAudit - user=runner | ip=127.0.0.1 | op=READ_KEY {volume=volume53060, bucket=bucket79480, key=testDeleteCreatesFakeParentDir/parent/, dataSize=0, replicationConfig=null} | ret=FAILURE
org.apache.hadoop.ozone.om.exceptions.OMException: Key:testDeleteCreatesFakeParentDir/parent not found
	at org.apache.hadoop.ozone.om.KeyManagerImpl.readKeyInfo(KeyManagerImpl.java:427) ~[ozone-manager-1.4.0-SNAPSHOT.jar:?]
	at org.apache.hadoop.ozone.om.KeyManagerImpl.lambda$9(KeyManagerImpl.java:1931) ~[ozone-manager-1.4.0-SNAPSHOT.jar:?]
	at org.apache.hadoop.util.MetricUtil.captureLatencyNs(MetricUtil.java:39) ~[hdds-common-1.4.0-SNAPSHOT.jar:?]
	at org.apache.hadoop.ozone.om.KeyManagerImpl.getKeyInfo(KeyManagerImpl.java:1929) ~[ozone-manager-1.4.0-SNAPSHOT.jar:?]
	at org.apache.hadoop.ozone.om.OmMetadataReader.getKeyInfo(OmMetadataReader.java:185) ~[ozone-manager-1.4.0-SNAPSHOT.jar:?]
	at org.apache.hadoop.ozone.om.OzoneManager.getKeyInfo(OzoneManager.java:2827) ~[ozone-manager-1.4.0-SNAPSHOT.jar:?]
	at org.apache.hadoop.ozone.protocolPB.OzoneManagerRequestHandler.getKeyInfo(OzoneManagerRequestHandler.java:587) ~[ozone-manager-1.4.0-SNAPSHOT.jar:?]
	at org.apache.hadoop.ozone.protocolPB.OzoneManagerRequestHandler.handleReadRequest(OzoneManagerRequestHandler.java:306) ~[ozone-manager-1.4.0-SNAPSHOT.jar:?]
	at org.apache.hadoop.ozone.protocolPB.OzoneManagerProtocolServerSideTranslatorPB.submitReadRequestToOM(OzoneManagerProtocolServerSideTranslatorPB.java:225) ~[ozone-manager-1.4.0-SNAPSHOT.jar:?]
	at org.apache.hadoop.ozone.protocolPB.OzoneManagerProtocolServerSideTranslatorPB.processRequest(OzoneManagerProtocolServerSideTranslatorPB.java:179) ~[ozone-manager-1.4.0-SNAPSHOT.jar:?]
	at org.apache.hadoop.hdds.server.OzoneProtocolMessageDispatcher.processRequest(OzoneProtocolMessageDispatcher.java:87) [hdds-server-framework-1.4.0-SNAPSHOT.jar:?]
	at org.apache.hadoop.ozone.protocolPB.OzoneManagerProtocolServerSideTranslatorPB.submitRequest(OzoneManagerProtocolServerSideTranslatorPB.java:148) [ozone-manager-1.4.0-SNAPSHOT.jar:?]
	at org.apache.hadoop.ozone.protocol.proto.OzoneManagerProtocolProtos$OzoneManagerService$2.callBlockingMethod(OzoneManagerProtocolProtos.java) [ozone-interface-client-1.4.0-SNAPSHOT.jar:?]
	at org.apache.hadoop.ipc.ProtobufRpcEngine$Server.processCall(ProtobufRpcEngine.java:484) [hadoop-common-3.3.6.jar:?]
	at org.apache.hadoop.ipc.ProtobufRpcEngine2$Server$ProtoBufRpcInvoker.call(ProtobufRpcEngine2.java:595) [hadoop-common-3.3.6.jar:?]
	at org.apache.hadoop.ipc.ProtobufRpcEngine2$Server$ProtoBufRpcInvoker.call(ProtobufRpcEngine2.java:573) [hadoop-common-3.3.6.jar:?]
	at org.apache.hadoop.ipc.RPC$Server.call(RPC.java:1227) [hadoop-common-3.3.6.jar:?]
	at org.apache.hadoop.ipc.Server$RpcCall.run(Server.java:1094) [hadoop-common-3.3.6.jar:?]
	at org.apache.hadoop.ipc.Server$RpcCall.run(Server.java:1017) [hadoop-common-3.3.6.jar:?]
	at java.security.AccessController.doPrivileged(Native Method) ~[?:1.8.0_382]
	at javax.security.auth.Subject.doAs(Subject.java:422) [?:1.8.0_382]
	at org.apache.hadoop.security.UserGroupInformation.doAs(UserGroupInformation.java:1899) [hadoop-common-3.3.6.jar:?]
	at org.apache.hadoop.ipc.Server$Handler.run(Server.java:3048) [hadoop-common-3.3.6.jar:?]
]]></system-out>
  </testcase>
  <testcase name="testDeleteCreatesFakeParentDir" classname="TestOzoneFileSystem" time="0.018">
    <system-out><![CDATA[18:54:24.924 [IPC Server handler 18 on default port 15057] ERROR OMAudit - user=runner | ip=127.0.0.1 | op=READ_KEY {volume=volume92422, bucket=bucket94858, key=testDeleteCreatesFakeParentDir/parent/, dataSize=0, replicationConfig=null} | ret=FAILURE
org.apache.hadoop.ozone.om.exceptions.OMException: Key:testDeleteCreatesFakeParentDir/parent not found
	at org.apache.hadoop.ozone.om.KeyManagerImpl.readKeyInfo(KeyManagerImpl.java:427) ~[ozone-manager-1.4.0-SNAPSHOT.jar:?]
	at org.apache.hadoop.ozone.om.KeyManagerImpl.lambda$9(KeyManagerImpl.java:1931) ~[ozone-manager-1.4.0-SNAPSHOT.jar:?]
	at org.apache.hadoop.util.MetricUtil.captureLatencyNs(MetricUtil.java:39) ~[hdds-common-1.4.0-SNAPSHOT.jar:?]
	at org.apache.hadoop.ozone.om.KeyManagerImpl.getKeyInfo(KeyManagerImpl.java:1929) ~[ozone-manager-1.4.0-SNAPSHOT.jar:?]
	at org.apache.hadoop.ozone.om.OmMetadataReader.getKeyInfo(OmMetadataReader.java:185) ~[ozone-manager-1.4.0-SNAPSHOT.jar:?]
	at org.apache.hadoop.ozone.om.OzoneManager.getKeyInfo(OzoneManager.java:2827) ~[ozone-manager-1.4.0-SNAPSHOT.jar:?]
	at org.apache.hadoop.ozone.protocolPB.OzoneManagerRequestHandler.getKeyInfo(OzoneManagerRequestHandler.java:587) ~[ozone-manager-1.4.0-SNAPSHOT.jar:?]
	at org.apache.hadoop.ozone.protocolPB.OzoneManagerRequestHandler.handleReadRequest(OzoneManagerRequestHandler.java:306) ~[ozone-manager-1.4.0-SNAPSHOT.jar:?]
	at org.apache.hadoop.ozone.protocolPB.OzoneManagerProtocolServerSideTranslatorPB.submitRequestDirectlyToOM(OzoneManagerProtocolServerSideTranslatorPB.java:274) ~[ozone-manager-1.4.0-SNAPSHOT.jar:?]
	at org.apache.hadoop.ozone.protocolPB.OzoneManagerProtocolServerSideTranslatorPB.processRequest(OzoneManagerProtocolServerSideTranslatorPB.java:175) ~[ozone-manager-1.4.0-SNAPSHOT.jar:?]
	at org.apache.hadoop.hdds.server.OzoneProtocolMessageDispatcher.processRequest(OzoneProtocolMessageDispatcher.java:87) [hdds-server-framework-1.4.0-SNAPSHOT.jar:?]
	at org.apache.hadoop.ozone.protocolPB.OzoneManagerProtocolServerSideTranslatorPB.submitRequest(OzoneManagerProtocolServerSideTranslatorPB.java:148) [ozone-manager-1.4.0-SNAPSHOT.jar:?]
	at org.apache.hadoop.ozone.protocol.proto.OzoneManagerProtocolProtos$OzoneManagerService$2.callBlockingMethod(OzoneManagerProtocolProtos.java) [ozone-interface-client-1.4.0-SNAPSHOT.jar:?]
	at org.apache.hadoop.ipc.ProtobufRpcEngine$Server.processCall(ProtobufRpcEngine.java:484) [hadoop-common-3.3.6.jar:?]
	at org.apache.hadoop.ipc.ProtobufRpcEngine2$Server$ProtoBufRpcInvoker.call(ProtobufRpcEngine2.java:595) [hadoop-common-3.3.6.jar:?]
	at org.apache.hadoop.ipc.ProtobufRpcEngine2$Server$ProtoBufRpcInvoker.call(ProtobufRpcEngine2.java:573) [hadoop-common-3.3.6.jar:?]
	at org.apache.hadoop.ipc.RPC$Server.call(RPC.java:1227) [hadoop-common-3.3.6.jar:?]
	at org.apache.hadoop.ipc.Server$RpcCall.run(Server.java:1094) [hadoop-common-3.3.6.jar:?]
	at org.apache.hadoop.ipc.Server$RpcCall.run(Server.java:1017) [hadoop-common-3.3.6.jar:?]
	at java.security.AccessController.doPrivileged(Native Method) ~[?:1.8.0_382]
	at javax.security.auth.Subject.doAs(Subject.java:422) [?:1.8.0_382]
	at org.apache.hadoop.security.UserGroupInformation.doAs(UserGroupInformation.java:1899) [hadoop-common-3.3.6.jar:?]
	at org.apache.hadoop.ipc.Server$Handler.run(Server.java:3048) [hadoop-common-3.3.6.jar:?]
]]></system-out>
  </testcase>
  <testcase name="testDeleteCreatesFakeParentDir" classname="TestOzoneFileSystem" time="0.015"/>
  <testcase name="testDeleteCreatesFakeParentDir" classname="TestOzoneFileSystem" time="0.014"/>
  <testcase name="testListStatusOnKeyNameContainDelimiter" classname="TestOzoneFileSystem" time="0.052"/>
  <testcase name="testListStatusOnKeyNameContainDelimiter" classname="TestOzoneFileSystem" time="0.013"/>
  <testcase name="testListStatusOnKeyNameContainDelimiter" classname="TestOzoneFileSystem" time="0.017"/>
  <testcase name="testListStatusOnKeyNameContainDelimiter" classname="TestOzoneFileSystem" time="0.015"/>
  <testcase name="testNonExplicitlyCreatedPathExistsAfterItsLeafsWereRemoved" classname="TestOzoneFileSystem" time="0.05">
    <system-out><![CDATA[18:53:05.537 [IPC Server handler 19 on default port 15004] ERROR OMAudit - user=runner | ip=127.0.0.1 | op=GET_FILE_STATUS {volume=volume53060, bucket=bucket79480, key=target/leaf, dataSize=0, replicationConfig=null} | ret=FAILURE
org.apache.hadoop.ozone.om.exceptions.OMException: Unable to get file status: volume: volume53060 bucket: bucket79480 key: target/leaf
	at org.apache.hadoop.ozone.om.KeyManagerImpl.getOzoneFileStatus(KeyManagerImpl.java:1195) ~[ozone-manager-1.4.0-SNAPSHOT.jar:?]
	at org.apache.hadoop.ozone.om.KeyManagerImpl.getFileStatus(KeyManagerImpl.java:1113) ~[ozone-manager-1.4.0-SNAPSHOT.jar:?]
	at org.apache.hadoop.ozone.om.OmMetadataReader.getFileStatus(OmMetadataReader.java:262) ~[ozone-manager-1.4.0-SNAPSHOT.jar:?]
	at org.apache.hadoop.ozone.om.OzoneManager.getFileStatus(OzoneManager.java:3530) ~[ozone-manager-1.4.0-SNAPSHOT.jar:?]
	at org.apache.hadoop.ozone.protocolPB.OzoneManagerRequestHandler.getOzoneFileStatus(OzoneManagerRequestHandler.java:973) ~[ozone-manager-1.4.0-SNAPSHOT.jar:?]
	at org.apache.hadoop.ozone.protocolPB.OzoneManagerRequestHandler.handleReadRequest(OzoneManagerRequestHandler.java:252) ~[ozone-manager-1.4.0-SNAPSHOT.jar:?]
	at org.apache.hadoop.ozone.protocolPB.OzoneManagerProtocolServerSideTranslatorPB.submitReadRequestToOM(OzoneManagerProtocolServerSideTranslatorPB.java:225) ~[ozone-manager-1.4.0-SNAPSHOT.jar:?]
	at org.apache.hadoop.ozone.protocolPB.OzoneManagerProtocolServerSideTranslatorPB.processRequest(OzoneManagerProtocolServerSideTranslatorPB.java:179) ~[ozone-manager-1.4.0-SNAPSHOT.jar:?]
	at org.apache.hadoop.hdds.server.OzoneProtocolMessageDispatcher.processRequest(OzoneProtocolMessageDispatcher.java:87) [hdds-server-framework-1.4.0-SNAPSHOT.jar:?]
	at org.apache.hadoop.ozone.protocolPB.OzoneManagerProtocolServerSideTranslatorPB.submitRequest(OzoneManagerProtocolServerSideTranslatorPB.java:148) [ozone-manager-1.4.0-SNAPSHOT.jar:?]
	at org.apache.hadoop.ozone.protocol.proto.OzoneManagerProtocolProtos$OzoneManagerService$2.callBlockingMethod(OzoneManagerProtocolProtos.java) [ozone-interface-client-1.4.0-SNAPSHOT.jar:?]
	at org.apache.hadoop.ipc.ProtobufRpcEngine$Server.processCall(ProtobufRpcEngine.java:484) [hadoop-common-3.3.6.jar:?]
	at org.apache.hadoop.ipc.ProtobufRpcEngine2$Server$ProtoBufRpcInvoker.call(ProtobufRpcEngine2.java:595) [hadoop-common-3.3.6.jar:?]
	at org.apache.hadoop.ipc.ProtobufRpcEngine2$Server$ProtoBufRpcInvoker.call(ProtobufRpcEngine2.java:573) [hadoop-common-3.3.6.jar:?]
	at org.apache.hadoop.ipc.RPC$Server.call(RPC.java:1227) [hadoop-common-3.3.6.jar:?]
	at org.apache.hadoop.ipc.Server$RpcCall.run(Server.java:1094) [hadoop-common-3.3.6.jar:?]
	at org.apache.hadoop.ipc.Server$RpcCall.run(Server.java:1017) [hadoop-common-3.3.6.jar:?]
	at java.security.AccessController.doPrivileged(Native Method) ~[?:1.8.0_382]
	at javax.security.auth.Subject.doAs(Subject.java:422) [?:1.8.0_382]
	at org.apache.hadoop.security.UserGroupInformation.doAs(UserGroupInformation.java:1899) [hadoop-common-3.3.6.jar:?]
	at org.apache.hadoop.ipc.Server$Handler.run(Server.java:3048) [hadoop-common-3.3.6.jar:?]
]]></system-out>
  </testcase>
  <testcase name="testNonExplicitlyCreatedPathExistsAfterItsLeafsWereRemoved" classname="TestOzoneFileSystem" time="0.018">
    <system-out><![CDATA[18:54:24.951 [IPC Server handler 5 on default port 15057] ERROR OMAudit - user=runner | ip=127.0.0.1 | op=GET_FILE_STATUS {volume=volume92422, bucket=bucket94858, key=target/leaf, dataSize=0, replicationConfig=null} | ret=FAILURE
org.apache.hadoop.ozone.om.exceptions.OMException: Unable to get file status: volume: volume92422 bucket: bucket94858 key: target/leaf
	at org.apache.hadoop.ozone.om.KeyManagerImpl.getOzoneFileStatus(KeyManagerImpl.java:1195) ~[ozone-manager-1.4.0-SNAPSHOT.jar:?]
	at org.apache.hadoop.ozone.om.KeyManagerImpl.getFileStatus(KeyManagerImpl.java:1113) ~[ozone-manager-1.4.0-SNAPSHOT.jar:?]
	at org.apache.hadoop.ozone.om.OmMetadataReader.getFileStatus(OmMetadataReader.java:262) ~[ozone-manager-1.4.0-SNAPSHOT.jar:?]
	at org.apache.hadoop.ozone.om.OzoneManager.getFileStatus(OzoneManager.java:3530) ~[ozone-manager-1.4.0-SNAPSHOT.jar:?]
	at org.apache.hadoop.ozone.protocolPB.OzoneManagerRequestHandler.getOzoneFileStatus(OzoneManagerRequestHandler.java:973) ~[ozone-manager-1.4.0-SNAPSHOT.jar:?]
	at org.apache.hadoop.ozone.protocolPB.OzoneManagerRequestHandler.handleReadRequest(OzoneManagerRequestHandler.java:252) ~[ozone-manager-1.4.0-SNAPSHOT.jar:?]
	at org.apache.hadoop.ozone.protocolPB.OzoneManagerProtocolServerSideTranslatorPB.submitRequestDirectlyToOM(OzoneManagerProtocolServerSideTranslatorPB.java:274) ~[ozone-manager-1.4.0-SNAPSHOT.jar:?]
	at org.apache.hadoop.ozone.protocolPB.OzoneManagerProtocolServerSideTranslatorPB.processRequest(OzoneManagerProtocolServerSideTranslatorPB.java:175) ~[ozone-manager-1.4.0-SNAPSHOT.jar:?]
	at org.apache.hadoop.hdds.server.OzoneProtocolMessageDispatcher.processRequest(OzoneProtocolMessageDispatcher.java:87) [hdds-server-framework-1.4.0-SNAPSHOT.jar:?]
	at org.apache.hadoop.ozone.protocolPB.OzoneManagerProtocolServerSideTranslatorPB.submitRequest(OzoneManagerProtocolServerSideTranslatorPB.java:148) [ozone-manager-1.4.0-SNAPSHOT.jar:?]
	at org.apache.hadoop.ozone.protocol.proto.OzoneManagerProtocolProtos$OzoneManagerService$2.callBlockingMethod(OzoneManagerProtocolProtos.java) [ozone-interface-client-1.4.0-SNAPSHOT.jar:?]
	at org.apache.hadoop.ipc.ProtobufRpcEngine$Server.processCall(ProtobufRpcEngine.java:484) [hadoop-common-3.3.6.jar:?]
	at org.apache.hadoop.ipc.ProtobufRpcEngine2$Server$ProtoBufRpcInvoker.call(ProtobufRpcEngine2.java:595) [hadoop-common-3.3.6.jar:?]
	at org.apache.hadoop.ipc.ProtobufRpcEngine2$Server$ProtoBufRpcInvoker.call(ProtobufRpcEngine2.java:573) [hadoop-common-3.3.6.jar:?]
	at org.apache.hadoop.ipc.RPC$Server.call(RPC.java:1227) [hadoop-common-3.3.6.jar:?]
	at org.apache.hadoop.ipc.Server$RpcCall.run(Server.java:1094) [hadoop-common-3.3.6.jar:?]
	at org.apache.hadoop.ipc.Server$RpcCall.run(Server.java:1017) [hadoop-common-3.3.6.jar:?]
	at java.security.AccessController.doPrivileged(Native Method) ~[?:1.8.0_382]
	at javax.security.auth.Subject.doAs(Subject.java:422) [?:1.8.0_382]
	at org.apache.hadoop.security.UserGroupInformation.doAs(UserGroupInformation.java:1899) [hadoop-common-3.3.6.jar:?]
	at org.apache.hadoop.ipc.Server$Handler.run(Server.java:3048) [hadoop-common-3.3.6.jar:?]
]]></system-out>
  </testcase>
  <testcase name="testNonExplicitlyCreatedPathExistsAfterItsLeafsWereRemoved" classname="TestOzoneFileSystem" time="0.02">
    <system-out><![CDATA[18:55:25.913 [IPC Server handler 17 on default port 15110] ERROR OMAudit - user=runner | ip=127.0.0.1 | op=GET_FILE_STATUS {volume=volume95024, bucket=bucket37863, key=target/leaf, dataSize=0, replicationConfig=null} | ret=FAILURE
org.apache.hadoop.ozone.om.exceptions.OMException: Unable to get file status: volume: volume95024 bucket: bucket37863 key: target/leaf
	at org.apache.hadoop.ozone.om.KeyManagerImpl.getOzoneFileStatus(KeyManagerImpl.java:1195) ~[ozone-manager-1.4.0-SNAPSHOT.jar:?]
	at org.apache.hadoop.ozone.om.KeyManagerImpl.getFileStatus(KeyManagerImpl.java:1113) ~[ozone-manager-1.4.0-SNAPSHOT.jar:?]
	at org.apache.hadoop.ozone.om.OmMetadataReader.getFileStatus(OmMetadataReader.java:262) ~[ozone-manager-1.4.0-SNAPSHOT.jar:?]
	at org.apache.hadoop.ozone.om.OzoneManager.getFileStatus(OzoneManager.java:3530) ~[ozone-manager-1.4.0-SNAPSHOT.jar:?]
	at org.apache.hadoop.ozone.protocolPB.OzoneManagerRequestHandler.getOzoneFileStatus(OzoneManagerRequestHandler.java:973) ~[ozone-manager-1.4.0-SNAPSHOT.jar:?]
	at org.apache.hadoop.ozone.protocolPB.OzoneManagerRequestHandler.handleReadRequest(OzoneManagerRequestHandler.java:252) ~[ozone-manager-1.4.0-SNAPSHOT.jar:?]
	at org.apache.hadoop.ozone.protocolPB.OzoneManagerProtocolServerSideTranslatorPB.submitReadRequestToOM(OzoneManagerProtocolServerSideTranslatorPB.java:225) ~[ozone-manager-1.4.0-SNAPSHOT.jar:?]
	at org.apache.hadoop.ozone.protocolPB.OzoneManagerProtocolServerSideTranslatorPB.processRequest(OzoneManagerProtocolServerSideTranslatorPB.java:179) ~[ozone-manager-1.4.0-SNAPSHOT.jar:?]
	at org.apache.hadoop.hdds.server.OzoneProtocolMessageDispatcher.processRequest(OzoneProtocolMessageDispatcher.java:87) [hdds-server-framework-1.4.0-SNAPSHOT.jar:?]
	at org.apache.hadoop.ozone.protocolPB.OzoneManagerProtocolServerSideTranslatorPB.submitRequest(OzoneManagerProtocolServerSideTranslatorPB.java:148) [ozone-manager-1.4.0-SNAPSHOT.jar:?]
	at org.apache.hadoop.ozone.protocol.proto.OzoneManagerProtocolProtos$OzoneManagerService$2.callBlockingMethod(OzoneManagerProtocolProtos.java) [ozone-interface-client-1.4.0-SNAPSHOT.jar:?]
	at org.apache.hadoop.ipc.ProtobufRpcEngine$Server.processCall(ProtobufRpcEngine.java:484) [hadoop-common-3.3.6.jar:?]
	at org.apache.hadoop.ipc.ProtobufRpcEngine2$Server$ProtoBufRpcInvoker.call(ProtobufRpcEngine2.java:595) [hadoop-common-3.3.6.jar:?]
	at org.apache.hadoop.ipc.ProtobufRpcEngine2$Server$ProtoBufRpcInvoker.call(ProtobufRpcEngine2.java:573) [hadoop-common-3.3.6.jar:?]
	at org.apache.hadoop.ipc.RPC$Server.call(RPC.java:1227) [hadoop-common-3.3.6.jar:?]
	at org.apache.hadoop.ipc.Server$RpcCall.run(Server.java:1094) [hadoop-common-3.3.6.jar:?]
	at org.apache.hadoop.ipc.Server$RpcCall.run(Server.java:1017) [hadoop-common-3.3.6.jar:?]
	at java.security.AccessController.doPrivileged(Native Method) ~[?:1.8.0_382]
	at javax.security.auth.Subject.doAs(Subject.java:422) [?:1.8.0_382]
	at org.apache.hadoop.security.UserGroupInformation.doAs(UserGroupInformation.java:1899) [hadoop-common-3.3.6.jar:?]
	at org.apache.hadoop.ipc.Server$Handler.run(Server.java:3048) [hadoop-common-3.3.6.jar:?]
]]></system-out>
  </testcase>
  <testcase name="testNonExplicitlyCreatedPathExistsAfterItsLeafsWereRemoved" classname="TestOzoneFileSystem" time="0.016">
    <system-out><![CDATA[18:56:33.348 [IPC Server handler 0 on default port 15163] ERROR OMAudit - user=runner | ip=127.0.0.1 | op=GET_FILE_STATUS {volume=volume50878, bucket=bucket78448, key=target/leaf, dataSize=0, replicationConfig=null} | ret=FAILURE
org.apache.hadoop.ozone.om.exceptions.OMException: Unable to get file status: volume: volume50878 bucket: bucket78448 key: target/leaf
	at org.apache.hadoop.ozone.om.KeyManagerImpl.getOzoneFileStatus(KeyManagerImpl.java:1195) ~[ozone-manager-1.4.0-SNAPSHOT.jar:?]
	at org.apache.hadoop.ozone.om.KeyManagerImpl.getFileStatus(KeyManagerImpl.java:1113) ~[ozone-manager-1.4.0-SNAPSHOT.jar:?]
	at org.apache.hadoop.ozone.om.OmMetadataReader.getFileStatus(OmMetadataReader.java:262) ~[ozone-manager-1.4.0-SNAPSHOT.jar:?]
	at org.apache.hadoop.ozone.om.OzoneManager.getFileStatus(OzoneManager.java:3530) ~[ozone-manager-1.4.0-SNAPSHOT.jar:?]
	at org.apache.hadoop.ozone.protocolPB.OzoneManagerRequestHandler.getOzoneFileStatus(OzoneManagerRequestHandler.java:973) ~[ozone-manager-1.4.0-SNAPSHOT.jar:?]
	at org.apache.hadoop.ozone.protocolPB.OzoneManagerRequestHandler.handleReadRequest(OzoneManagerRequestHandler.java:252) ~[ozone-manager-1.4.0-SNAPSHOT.jar:?]
	at org.apache.hadoop.ozone.protocolPB.OzoneManagerProtocolServerSideTranslatorPB.submitRequestDirectlyToOM(OzoneManagerProtocolServerSideTranslatorPB.java:274) ~[ozone-manager-1.4.0-SNAPSHOT.jar:?]
	at org.apache.hadoop.ozone.protocolPB.OzoneManagerProtocolServerSideTranslatorPB.processRequest(OzoneManagerProtocolServerSideTranslatorPB.java:175) ~[ozone-manager-1.4.0-SNAPSHOT.jar:?]
	at org.apache.hadoop.hdds.server.OzoneProtocolMessageDispatcher.processRequest(OzoneProtocolMessageDispatcher.java:87) [hdds-server-framework-1.4.0-SNAPSHOT.jar:?]
	at org.apache.hadoop.ozone.protocolPB.OzoneManagerProtocolServerSideTranslatorPB.submitRequest(OzoneManagerProtocolServerSideTranslatorPB.java:148) [ozone-manager-1.4.0-SNAPSHOT.jar:?]
	at org.apache.hadoop.ozone.protocol.proto.OzoneManagerProtocolProtos$OzoneManagerService$2.callBlockingMethod(OzoneManagerProtocolProtos.java) [ozone-interface-client-1.4.0-SNAPSHOT.jar:?]
	at org.apache.hadoop.ipc.ProtobufRpcEngine$Server.processCall(ProtobufRpcEngine.java:484) [hadoop-common-3.3.6.jar:?]
	at org.apache.hadoop.ipc.ProtobufRpcEngine2$Server$ProtoBufRpcInvoker.call(ProtobufRpcEngine2.java:595) [hadoop-common-3.3.6.jar:?]
	at org.apache.hadoop.ipc.ProtobufRpcEngine2$Server$ProtoBufRpcInvoker.call(ProtobufRpcEngine2.java:573) [hadoop-common-3.3.6.jar:?]
	at org.apache.hadoop.ipc.RPC$Server.call(RPC.java:1227) [hadoop-common-3.3.6.jar:?]
	at org.apache.hadoop.ipc.Server$RpcCall.run(Server.java:1094) [hadoop-common-3.3.6.jar:?]
	at org.apache.hadoop.ipc.Server$RpcCall.run(Server.java:1017) [hadoop-common-3.3.6.jar:?]
	at java.security.AccessController.doPrivileged(Native Method) ~[?:1.8.0_382]
	at javax.security.auth.Subject.doAs(Subject.java:422) [?:1.8.0_382]
	at org.apache.hadoop.security.UserGroupInformation.doAs(UserGroupInformation.java:1899) [hadoop-common-3.3.6.jar:?]
	at org.apache.hadoop.ipc.Server$Handler.run(Server.java:3048) [hadoop-common-3.3.6.jar:?]
]]></system-out>
  </testcase>
  <testcase name="testCreateFileShouldCheckExistenceOfDirWithSameName" classname="TestOzoneFileSystem" time="0.064">
    <system-out><![CDATA[18:53:05.593 [OM StateMachine ApplyTransaction Thread - 0] ERROR OMAudit - user=runner | ip=127.0.0.1 | op=CREATE_FILE {volume=volume53060, bucket=bucket79480, key=d1/d2/d3/d4/key2, dataSize=4194304, replicationType=RATIS, replicationFactor=THREE} | ret=FAILURE
org.apache.hadoop.ozone.om.exceptions.OMException: Can not write to directory: d1/d2/d3/d4/key2
	at org.apache.hadoop.ozone.om.request.file.OMFileCreateRequest.checkDirectoryResult(OMFileCreateRequest.java:363) ~[ozone-manager-1.4.0-SNAPSHOT.jar:?]
	at org.apache.hadoop.ozone.om.request.file.OMFileCreateRequest.validateAndUpdateCache(OMFileCreateRequest.java:237) ~[ozone-manager-1.4.0-SNAPSHOT.jar:?]
	at org.apache.hadoop.ozone.protocolPB.OzoneManagerRequestHandler.handleWriteRequest(OzoneManagerRequestHandler.java:375) ~[ozone-manager-1.4.0-SNAPSHOT.jar:?]
	at org.apache.hadoop.ozone.om.ratis.OzoneManagerStateMachine.runCommand(OzoneManagerStateMachine.java:568) ~[ozone-manager-1.4.0-SNAPSHOT.jar:?]
	at org.apache.hadoop.ozone.om.ratis.OzoneManagerStateMachine.lambda$1(OzoneManagerStateMachine.java:359) ~[ozone-manager-1.4.0-SNAPSHOT.jar:?]
	at java.util.concurrent.CompletableFuture$AsyncSupply.run(CompletableFuture.java:1604) [?:1.8.0_382]
	at java.util.concurrent.ThreadPoolExecutor.runWorker(ThreadPoolExecutor.java:1149) [?:1.8.0_382]
	at java.util.concurrent.ThreadPoolExecutor$Worker.run(ThreadPoolExecutor.java:624) [?:1.8.0_382]
	at java.lang.Thread.run(Thread.java:750) [?:1.8.0_382]
2023-08-29 18:53:05,595 [OM StateMachine ApplyTransaction Thread - 0] ERROR file.OMFileCreateRequest (OMFileCreateRequest.java:validateAndUpdateCache(336)) - File create failed. Volume:volume53060, Bucket:bucket79480, Keyd1/d2/d3/d4/key2.
NOT_A_FILE org.apache.hadoop.ozone.om.exceptions.OMException: Can not write to directory: d1/d2/d3/d4/key2
	at org.apache.hadoop.ozone.om.request.file.OMFileCreateRequest.checkDirectoryResult(OMFileCreateRequest.java:363)
	at org.apache.hadoop.ozone.om.request.file.OMFileCreateRequest.validateAndUpdateCache(OMFileCreateRequest.java:237)
	at org.apache.hadoop.ozone.protocolPB.OzoneManagerRequestHandler.handleWriteRequest(OzoneManagerRequestHandler.java:375)
	at org.apache.hadoop.ozone.om.ratis.OzoneManagerStateMachine.runCommand(OzoneManagerStateMachine.java:568)
	at org.apache.hadoop.ozone.om.ratis.OzoneManagerStateMachine.lambda$1(OzoneManagerStateMachine.java:359)
	at java.util.concurrent.CompletableFuture$AsyncSupply.run(CompletableFuture.java:1604)
	at java.util.concurrent.ThreadPoolExecutor.runWorker(ThreadPoolExecutor.java:1149)
	at java.util.concurrent.ThreadPoolExecutor$Worker.run(ThreadPoolExecutor.java:624)
	at java.lang.Thread.run(Thread.java:750)
18:53:05.609 [OM StateMachine ApplyTransaction Thread - 0] ERROR OMAudit - user=runner | ip=127.0.0.1 | op=CREATE_DIRECTORY {volume=volume53060, bucket=bucket79480, key=d1/d2/d3/d4/key3, dataSize=0, replicationType=NONE, replicationFactor=ZERO} | ret=FAILURE
org.apache.hadoop.ozone.om.exceptions.OMException: Unable to create directory: d1/d2/d3/d4/key3 in volume/bucket: volume53060/bucket79480
	at org.apache.hadoop.ozone.om.request.file.OMDirectoryCreateRequest.validateAndUpdateCache(OMDirectoryCreateRequest.java:194) ~[ozone-manager-1.4.0-SNAPSHOT.jar:?]
	at org.apache.hadoop.ozone.protocolPB.OzoneManagerRequestHandler.handleWriteRequest(OzoneManagerRequestHandler.java:375) ~[ozone-manager-1.4.0-SNAPSHOT.jar:?]
	at org.apache.hadoop.ozone.om.ratis.OzoneManagerStateMachine.runCommand(OzoneManagerStateMachine.java:568) ~[ozone-manager-1.4.0-SNAPSHOT.jar:?]
	at org.apache.hadoop.ozone.om.ratis.OzoneManagerStateMachine.lambda$1(OzoneManagerStateMachine.java:359) ~[ozone-manager-1.4.0-SNAPSHOT.jar:?]
	at java.util.concurrent.CompletableFuture$AsyncSupply.run(CompletableFuture.java:1604) [?:1.8.0_382]
	at java.util.concurrent.ThreadPoolExecutor.runWorker(ThreadPoolExecutor.java:1149) [?:1.8.0_382]
	at java.util.concurrent.ThreadPoolExecutor$Worker.run(ThreadPoolExecutor.java:624) [?:1.8.0_382]
	at java.lang.Thread.run(Thread.java:750) [?:1.8.0_382]
2023-08-29 18:53:05,609 [OM StateMachine ApplyTransaction Thread - 0] ERROR file.OMDirectoryCreateRequest (OMDirectoryCreateRequest.java:logResult(334)) - Directory creation failed. Volume:volume53060, Bucket:bucket79480, Keyd1/d2/d3/d4/key3. Exception:{}
FILE_ALREADY_EXISTS org.apache.hadoop.ozone.om.exceptions.OMException: Unable to create directory: d1/d2/d3/d4/key3 in volume/bucket: volume53060/bucket79480
	at org.apache.hadoop.ozone.om.request.file.OMDirectoryCreateRequest.validateAndUpdateCache(OMDirectoryCreateRequest.java:194)
	at org.apache.hadoop.ozone.protocolPB.OzoneManagerRequestHandler.handleWriteRequest(OzoneManagerRequestHandler.java:375)
	at org.apache.hadoop.ozone.om.ratis.OzoneManagerStateMachine.runCommand(OzoneManagerStateMachine.java:568)
	at org.apache.hadoop.ozone.om.ratis.OzoneManagerStateMachine.lambda$1(OzoneManagerStateMachine.java:359)
	at java.util.concurrent.CompletableFuture$AsyncSupply.run(CompletableFuture.java:1604)
	at java.util.concurrent.ThreadPoolExecutor.runWorker(ThreadPoolExecutor.java:1149)
	at java.util.concurrent.ThreadPoolExecutor$Worker.run(ThreadPoolExecutor.java:624)
	at java.lang.Thread.run(Thread.java:750)
18:53:05.613 [OM StateMachine ApplyTransaction Thread - 0] ERROR OMAudit - user=runner | ip=127.0.0.1 | op=CREATE_FILE {volume=volume53060, bucket=bucket79480, key=d1/d2/d3, dataSize=4194304, replicationType=RATIS, replicationFactor=THREE} | ret=FAILURE
org.apache.hadoop.ozone.om.exceptions.OMException: Can not write to directory: d1/d2/d3
	at org.apache.hadoop.ozone.om.request.file.OMFileCreateRequest.checkDirectoryResult(OMFileCreateRequest.java:363) ~[ozone-manager-1.4.0-SNAPSHOT.jar:?]
	at org.apache.hadoop.ozone.om.request.file.OMFileCreateRequest.validateAndUpdateCache(OMFileCreateRequest.java:237) ~[ozone-manager-1.4.0-SNAPSHOT.jar:?]
	at org.apache.hadoop.ozone.protocolPB.OzoneManagerRequestHandler.handleWriteRequest(OzoneManagerRequestHandler.java:375) ~[ozone-manager-1.4.0-SNAPSHOT.jar:?]
	at org.apache.hadoop.ozone.om.ratis.OzoneManagerStateMachine.runCommand(OzoneManagerStateMachine.java:568) ~[ozone-manager-1.4.0-SNAPSHOT.jar:?]
	at org.apache.hadoop.ozone.om.ratis.OzoneManagerStateMachine.lambda$1(OzoneManagerStateMachine.java:359) ~[ozone-manager-1.4.0-SNAPSHOT.jar:?]
	at java.util.concurrent.CompletableFuture$AsyncSupply.run(CompletableFuture.java:1604) [?:1.8.0_382]
	at java.util.concurrent.ThreadPoolExecutor.runWorker(ThreadPoolExecutor.java:1149) [?:1.8.0_382]
	at java.util.concurrent.ThreadPoolExecutor$Worker.run(ThreadPoolExecutor.java:624) [?:1.8.0_382]
	at java.lang.Thread.run(Thread.java:750) [?:1.8.0_382]
2023-08-29 18:53:05,613 [OM StateMachine ApplyTransaction Thread - 0] ERROR file.OMFileCreateRequest (OMFileCreateRequest.java:validateAndUpdateCache(336)) - File create failed. Volume:volume53060, Bucket:bucket79480, Keyd1/d2/d3.
NOT_A_FILE org.apache.hadoop.ozone.om.exceptions.OMException: Can not write to directory: d1/d2/d3
	at org.apache.hadoop.ozone.om.request.file.OMFileCreateRequest.checkDirectoryResult(OMFileCreateRequest.java:363)
	at org.apache.hadoop.ozone.om.request.file.OMFileCreateRequest.validateAndUpdateCache(OMFileCreateRequest.java:237)
	at org.apache.hadoop.ozone.protocolPB.OzoneManagerRequestHandler.handleWriteRequest(OzoneManagerRequestHandler.java:375)
	at org.apache.hadoop.ozone.om.ratis.OzoneManagerStateMachine.runCommand(OzoneManagerStateMachine.java:568)
	at org.apache.hadoop.ozone.om.ratis.OzoneManagerStateMachine.lambda$1(OzoneManagerStateMachine.java:359)
	at java.util.concurrent.CompletableFuture$AsyncSupply.run(CompletableFuture.java:1604)
	at java.util.concurrent.ThreadPoolExecutor.runWorker(ThreadPoolExecutor.java:1149)
	at java.util.concurrent.ThreadPoolExecutor$Worker.run(ThreadPoolExecutor.java:624)
	at java.lang.Thread.run(Thread.java:750)
18:53:05.616 [IPC Server handler 10 on default port 15004] ERROR OMAudit - user=runner | ip=127.0.0.1 | op=GET_FILE_STATUS {volume=volume53060, bucket=bucket79480, key=d1/d2/d3/d4/key3/invalid, dataSize=0, replicationConfig=null} | ret=FAILURE
org.apache.hadoop.ozone.om.exceptions.OMException: Unable to get file status: volume: volume53060 bucket: bucket79480 key: d1/d2/d3/d4/key3/invalid
	at org.apache.hadoop.ozone.om.KeyManagerImpl.getOzoneFileStatus(KeyManagerImpl.java:1195) ~[ozone-manager-1.4.0-SNAPSHOT.jar:?]
	at org.apache.hadoop.ozone.om.KeyManagerImpl.getFileStatus(KeyManagerImpl.java:1113) ~[ozone-manager-1.4.0-SNAPSHOT.jar:?]
	at org.apache.hadoop.ozone.om.OmMetadataReader.getFileStatus(OmMetadataReader.java:262) ~[ozone-manager-1.4.0-SNAPSHOT.jar:?]
	at org.apache.hadoop.ozone.om.OzoneManager.getFileStatus(OzoneManager.java:3530) ~[ozone-manager-1.4.0-SNAPSHOT.jar:?]
	at org.apache.hadoop.ozone.protocolPB.OzoneManagerRequestHandler.getOzoneFileStatus(OzoneManagerRequestHandler.java:973) ~[ozone-manager-1.4.0-SNAPSHOT.jar:?]
	at org.apache.hadoop.ozone.protocolPB.OzoneManagerRequestHandler.handleReadRequest(OzoneManagerRequestHandler.java:252) ~[ozone-manager-1.4.0-SNAPSHOT.jar:?]
	at org.apache.hadoop.ozone.protocolPB.OzoneManagerProtocolServerSideTranslatorPB.submitReadRequestToOM(OzoneManagerProtocolServerSideTranslatorPB.java:225) ~[ozone-manager-1.4.0-SNAPSHOT.jar:?]
	at org.apache.hadoop.ozone.protocolPB.OzoneManagerProtocolServerSideTranslatorPB.processRequest(OzoneManagerProtocolServerSideTranslatorPB.java:179) ~[ozone-manager-1.4.0-SNAPSHOT.jar:?]
	at org.apache.hadoop.hdds.server.OzoneProtocolMessageDispatcher.processRequest(OzoneProtocolMessageDispatcher.java:87) [hdds-server-framework-1.4.0-SNAPSHOT.jar:?]
	at org.apache.hadoop.ozone.protocolPB.OzoneManagerProtocolServerSideTranslatorPB.submitRequest(OzoneManagerProtocolServerSideTranslatorPB.java:148) [ozone-manager-1.4.0-SNAPSHOT.jar:?]
	at org.apache.hadoop.ozone.protocol.proto.OzoneManagerProtocolProtos$OzoneManagerService$2.callBlockingMethod(OzoneManagerProtocolProtos.java) [ozone-interface-client-1.4.0-SNAPSHOT.jar:?]
	at org.apache.hadoop.ipc.ProtobufRpcEngine$Server.processCall(ProtobufRpcEngine.java:484) [hadoop-common-3.3.6.jar:?]
	at org.apache.hadoop.ipc.ProtobufRpcEngine2$Server$ProtoBufRpcInvoker.call(ProtobufRpcEngine2.java:595) [hadoop-common-3.3.6.jar:?]
	at org.apache.hadoop.ipc.ProtobufRpcEngine2$Server$ProtoBufRpcInvoker.call(ProtobufRpcEngine2.java:573) [hadoop-common-3.3.6.jar:?]
	at org.apache.hadoop.ipc.RPC$Server.call(RPC.java:1227) [hadoop-common-3.3.6.jar:?]
	at org.apache.hadoop.ipc.Server$RpcCall.run(Server.java:1094) [hadoop-common-3.3.6.jar:?]
	at org.apache.hadoop.ipc.Server$RpcCall.run(Server.java:1017) [hadoop-common-3.3.6.jar:?]
	at java.security.AccessController.doPrivileged(Native Method) ~[?:1.8.0_382]
	at javax.security.auth.Subject.doAs(Subject.java:422) [?:1.8.0_382]
	at org.apache.hadoop.security.UserGroupInformation.doAs(UserGroupInformation.java:1899) [hadoop-common-3.3.6.jar:?]
	at org.apache.hadoop.ipc.Server$Handler.run(Server.java:3048) [hadoop-common-3.3.6.jar:?]
18:53:05.618 [IPC Server handler 18 on default port 15004] ERROR OMAudit - user=runner | ip=127.0.0.1 | op=GET_FILE_STATUS {volume=volume53060, bucket=bucket79480, key=d1/d2/d3/d4/invalidkey, dataSize=0, replicationConfig=null} | ret=FAILURE
org.apache.hadoop.ozone.om.exceptions.OMException: Unable to get file status: volume: volume53060 bucket: bucket79480 key: d1/d2/d3/d4/invalidkey
	at org.apache.hadoop.ozone.om.KeyManagerImpl.getOzoneFileStatus(KeyManagerImpl.java:1195) ~[ozone-manager-1.4.0-SNAPSHOT.jar:?]
	at org.apache.hadoop.ozone.om.KeyManagerImpl.getFileStatus(KeyManagerImpl.java:1113) ~[ozone-manager-1.4.0-SNAPSHOT.jar:?]
	at org.apache.hadoop.ozone.om.OmMetadataReader.getFileStatus(OmMetadataReader.java:262) ~[ozone-manager-1.4.0-SNAPSHOT.jar:?]
	at org.apache.hadoop.ozone.om.OzoneManager.getFileStatus(OzoneManager.java:3530) ~[ozone-manager-1.4.0-SNAPSHOT.jar:?]
	at org.apache.hadoop.ozone.protocolPB.OzoneManagerRequestHandler.getOzoneFileStatus(OzoneManagerRequestHandler.java:973) ~[ozone-manager-1.4.0-SNAPSHOT.jar:?]
	at org.apache.hadoop.ozone.protocolPB.OzoneManagerRequestHandler.handleReadRequest(OzoneManagerRequestHandler.java:252) ~[ozone-manager-1.4.0-SNAPSHOT.jar:?]
	at org.apache.hadoop.ozone.protocolPB.OzoneManagerProtocolServerSideTranslatorPB.submitReadRequestToOM(OzoneManagerProtocolServerSideTranslatorPB.java:225) ~[ozone-manager-1.4.0-SNAPSHOT.jar:?]
	at org.apache.hadoop.ozone.protocolPB.OzoneManagerProtocolServerSideTranslatorPB.processRequest(OzoneManagerProtocolServerSideTranslatorPB.java:179) ~[ozone-manager-1.4.0-SNAPSHOT.jar:?]
	at org.apache.hadoop.hdds.server.OzoneProtocolMessageDispatcher.processRequest(OzoneProtocolMessageDispatcher.java:87) [hdds-server-framework-1.4.0-SNAPSHOT.jar:?]
	at org.apache.hadoop.ozone.protocolPB.OzoneManagerProtocolServerSideTranslatorPB.submitRequest(OzoneManagerProtocolServerSideTranslatorPB.java:148) [ozone-manager-1.4.0-SNAPSHOT.jar:?]
	at org.apache.hadoop.ozone.protocol.proto.OzoneManagerProtocolProtos$OzoneManagerService$2.callBlockingMethod(OzoneManagerProtocolProtos.java) [ozone-interface-client-1.4.0-SNAPSHOT.jar:?]
	at org.apache.hadoop.ipc.ProtobufRpcEngine$Server.processCall(ProtobufRpcEngine.java:484) [hadoop-common-3.3.6.jar:?]
	at org.apache.hadoop.ipc.ProtobufRpcEngine2$Server$ProtoBufRpcInvoker.call(ProtobufRpcEngine2.java:595) [hadoop-common-3.3.6.jar:?]
	at org.apache.hadoop.ipc.ProtobufRpcEngine2$Server$ProtoBufRpcInvoker.call(ProtobufRpcEngine2.java:573) [hadoop-common-3.3.6.jar:?]
	at org.apache.hadoop.ipc.RPC$Server.call(RPC.java:1227) [hadoop-common-3.3.6.jar:?]
	at org.apache.hadoop.ipc.Server$RpcCall.run(Server.java:1094) [hadoop-common-3.3.6.jar:?]
	at org.apache.hadoop.ipc.Server$RpcCall.run(Server.java:1017) [hadoop-common-3.3.6.jar:?]
	at java.security.AccessController.doPrivileged(Native Method) ~[?:1.8.0_382]
	at javax.security.auth.Subject.doAs(Subject.java:422) [?:1.8.0_382]
	at org.apache.hadoop.security.UserGroupInformation.doAs(UserGroupInformation.java:1899) [hadoop-common-3.3.6.jar:?]
	at org.apache.hadoop.ipc.Server$Handler.run(Server.java:3048) [hadoop-common-3.3.6.jar:?]
]]></system-out>
  </testcase>
  <testcase name="testCreateFileShouldCheckExistenceOfDirWithSameName" classname="TestOzoneFileSystem" time="0.031">
    <system-out><![CDATA[18:54:24.973 [IPC Server handler 15 on default port 15057] ERROR OMAudit - user=runner | ip=127.0.0.1 | op=CREATE_FILE {volume=volume92422, bucket=bucket94858, key=d1/d2/d3/d4/key2, dataSize=4194304, replicationType=RATIS, replicationFactor=THREE} | ret=FAILURE
org.apache.hadoop.ozone.om.exceptions.OMException: Can not write to directory: d1/d2/d3/d4/key2
	at org.apache.hadoop.ozone.om.request.file.OMFileCreateRequest.checkDirectoryResult(OMFileCreateRequest.java:363) ~[ozone-manager-1.4.0-SNAPSHOT.jar:?]
	at org.apache.hadoop.ozone.om.request.file.OMFileCreateRequest.validateAndUpdateCache(OMFileCreateRequest.java:237) ~[ozone-manager-1.4.0-SNAPSHOT.jar:?]
	at org.apache.hadoop.ozone.protocolPB.OzoneManagerRequestHandler.handleWriteRequest(OzoneManagerRequestHandler.java:375) ~[ozone-manager-1.4.0-SNAPSHOT.jar:?]
	at org.apache.hadoop.ozone.protocolPB.OzoneManagerProtocolServerSideTranslatorPB.submitRequestDirectlyToOM(OzoneManagerProtocolServerSideTranslatorPB.java:280) ~[ozone-manager-1.4.0-SNAPSHOT.jar:?]
	at org.apache.hadoop.ozone.protocolPB.OzoneManagerProtocolServerSideTranslatorPB.processRequest(OzoneManagerProtocolServerSideTranslatorPB.java:175) ~[ozone-manager-1.4.0-SNAPSHOT.jar:?]
	at org.apache.hadoop.hdds.server.OzoneProtocolMessageDispatcher.processRequest(OzoneProtocolMessageDispatcher.java:87) [hdds-server-framework-1.4.0-SNAPSHOT.jar:?]
	at org.apache.hadoop.ozone.protocolPB.OzoneManagerProtocolServerSideTranslatorPB.submitRequest(OzoneManagerProtocolServerSideTranslatorPB.java:148) [ozone-manager-1.4.0-SNAPSHOT.jar:?]
	at org.apache.hadoop.ozone.protocol.proto.OzoneManagerProtocolProtos$OzoneManagerService$2.callBlockingMethod(OzoneManagerProtocolProtos.java) [ozone-interface-client-1.4.0-SNAPSHOT.jar:?]
	at org.apache.hadoop.ipc.ProtobufRpcEngine$Server.processCall(ProtobufRpcEngine.java:484) [hadoop-common-3.3.6.jar:?]
	at org.apache.hadoop.ipc.ProtobufRpcEngine2$Server$ProtoBufRpcInvoker.call(ProtobufRpcEngine2.java:595) [hadoop-common-3.3.6.jar:?]
	at org.apache.hadoop.ipc.ProtobufRpcEngine2$Server$ProtoBufRpcInvoker.call(ProtobufRpcEngine2.java:573) [hadoop-common-3.3.6.jar:?]
	at org.apache.hadoop.ipc.RPC$Server.call(RPC.java:1227) [hadoop-common-3.3.6.jar:?]
	at org.apache.hadoop.ipc.Server$RpcCall.run(Server.java:1094) [hadoop-common-3.3.6.jar:?]
	at org.apache.hadoop.ipc.Server$RpcCall.run(Server.java:1017) [hadoop-common-3.3.6.jar:?]
	at java.security.AccessController.doPrivileged(Native Method) ~[?:1.8.0_382]
	at javax.security.auth.Subject.doAs(Subject.java:422) [?:1.8.0_382]
	at org.apache.hadoop.security.UserGroupInformation.doAs(UserGroupInformation.java:1899) [hadoop-common-3.3.6.jar:?]
	at org.apache.hadoop.ipc.Server$Handler.run(Server.java:3048) [hadoop-common-3.3.6.jar:?]
2023-08-29 18:54:24,973 [IPC Server handler 15 on default port 15057] ERROR file.OMFileCreateRequest (OMFileCreateRequest.java:validateAndUpdateCache(336)) - File create failed. Volume:volume92422, Bucket:bucket94858, Keyd1/d2/d3/d4/key2.
NOT_A_FILE org.apache.hadoop.ozone.om.exceptions.OMException: Can not write to directory: d1/d2/d3/d4/key2
	at org.apache.hadoop.ozone.om.request.file.OMFileCreateRequest.checkDirectoryResult(OMFileCreateRequest.java:363)
	at org.apache.hadoop.ozone.om.request.file.OMFileCreateRequest.validateAndUpdateCache(OMFileCreateRequest.java:237)
	at org.apache.hadoop.ozone.protocolPB.OzoneManagerRequestHandler.handleWriteRequest(OzoneManagerRequestHandler.java:375)
	at org.apache.hadoop.ozone.protocolPB.OzoneManagerProtocolServerSideTranslatorPB.submitRequestDirectlyToOM(OzoneManagerProtocolServerSideTranslatorPB.java:280)
	at org.apache.hadoop.ozone.protocolPB.OzoneManagerProtocolServerSideTranslatorPB.processRequest(OzoneManagerProtocolServerSideTranslatorPB.java:175)
	at org.apache.hadoop.hdds.server.OzoneProtocolMessageDispatcher.processRequest(OzoneProtocolMessageDispatcher.java:87)
	at org.apache.hadoop.ozone.protocolPB.OzoneManagerProtocolServerSideTranslatorPB.submitRequest(OzoneManagerProtocolServerSideTranslatorPB.java:148)
	at org.apache.hadoop.ozone.protocol.proto.OzoneManagerProtocolProtos$OzoneManagerService$2.callBlockingMethod(OzoneManagerProtocolProtos.java)
	at org.apache.hadoop.ipc.ProtobufRpcEngine$Server.processCall(ProtobufRpcEngine.java:484)
	at org.apache.hadoop.ipc.ProtobufRpcEngine2$Server$ProtoBufRpcInvoker.call(ProtobufRpcEngine2.java:595)
	at org.apache.hadoop.ipc.ProtobufRpcEngine2$Server$ProtoBufRpcInvoker.call(ProtobufRpcEngine2.java:573)
	at org.apache.hadoop.ipc.RPC$Server.call(RPC.java:1227)
	at org.apache.hadoop.ipc.Server$RpcCall.run(Server.java:1094)
	at org.apache.hadoop.ipc.Server$RpcCall.run(Server.java:1017)
	at java.security.AccessController.doPrivileged(Native Method)
	at javax.security.auth.Subject.doAs(Subject.java:422)
	at org.apache.hadoop.security.UserGroupInformation.doAs(UserGroupInformation.java:1899)
	at org.apache.hadoop.ipc.Server$Handler.run(Server.java:3048)
18:54:24.979 [IPC Server handler 10 on default port 15057] ERROR OMAudit - user=runner | ip=127.0.0.1 | op=CREATE_DIRECTORY {volume=volume92422, bucket=bucket94858, key=d1/d2/d3/d4/key3, dataSize=0, replicationType=NONE, replicationFactor=ZERO} | ret=FAILURE
org.apache.hadoop.ozone.om.exceptions.OMException: Unable to create directory: d1/d2/d3/d4/key3 in volume/bucket: volume92422/bucket94858
	at org.apache.hadoop.ozone.om.request.file.OMDirectoryCreateRequest.validateAndUpdateCache(OMDirectoryCreateRequest.java:194) ~[ozone-manager-1.4.0-SNAPSHOT.jar:?]
	at org.apache.hadoop.ozone.protocolPB.OzoneManagerRequestHandler.handleWriteRequest(OzoneManagerRequestHandler.java:375) ~[ozone-manager-1.4.0-SNAPSHOT.jar:?]
	at org.apache.hadoop.ozone.protocolPB.OzoneManagerProtocolServerSideTranslatorPB.submitRequestDirectlyToOM(OzoneManagerProtocolServerSideTranslatorPB.java:280) ~[ozone-manager-1.4.0-SNAPSHOT.jar:?]
	at org.apache.hadoop.ozone.protocolPB.OzoneManagerProtocolServerSideTranslatorPB.processRequest(OzoneManagerProtocolServerSideTranslatorPB.java:175) ~[ozone-manager-1.4.0-SNAPSHOT.jar:?]
	at org.apache.hadoop.hdds.server.OzoneProtocolMessageDispatcher.processRequest(OzoneProtocolMessageDispatcher.java:87) [hdds-server-framework-1.4.0-SNAPSHOT.jar:?]
	at org.apache.hadoop.ozone.protocolPB.OzoneManagerProtocolServerSideTranslatorPB.submitRequest(OzoneManagerProtocolServerSideTranslatorPB.java:148) [ozone-manager-1.4.0-SNAPSHOT.jar:?]
	at org.apache.hadoop.ozone.protocol.proto.OzoneManagerProtocolProtos$OzoneManagerService$2.callBlockingMethod(OzoneManagerProtocolProtos.java) [ozone-interface-client-1.4.0-SNAPSHOT.jar:?]
	at org.apache.hadoop.ipc.ProtobufRpcEngine$Server.processCall(ProtobufRpcEngine.java:484) [hadoop-common-3.3.6.jar:?]
	at org.apache.hadoop.ipc.ProtobufRpcEngine2$Server$ProtoBufRpcInvoker.call(ProtobufRpcEngine2.java:595) [hadoop-common-3.3.6.jar:?]
	at org.apache.hadoop.ipc.ProtobufRpcEngine2$Server$ProtoBufRpcInvoker.call(ProtobufRpcEngine2.java:573) [hadoop-common-3.3.6.jar:?]
	at org.apache.hadoop.ipc.RPC$Server.call(RPC.java:1227) [hadoop-common-3.3.6.jar:?]
	at org.apache.hadoop.ipc.Server$RpcCall.run(Server.java:1094) [hadoop-common-3.3.6.jar:?]
	at org.apache.hadoop.ipc.Server$RpcCall.run(Server.java:1017) [hadoop-common-3.3.6.jar:?]
	at java.security.AccessController.doPrivileged(Native Method) ~[?:1.8.0_382]
	at javax.security.auth.Subject.doAs(Subject.java:422) [?:1.8.0_382]
	at org.apache.hadoop.security.UserGroupInformation.doAs(UserGroupInformation.java:1899) [hadoop-common-3.3.6.jar:?]
	at org.apache.hadoop.ipc.Server$Handler.run(Server.java:3048) [hadoop-common-3.3.6.jar:?]
2023-08-29 18:54:24,979 [IPC Server handler 10 on default port 15057] ERROR file.OMDirectoryCreateRequest (OMDirectoryCreateRequest.java:logResult(334)) - Directory creation failed. Volume:volume92422, Bucket:bucket94858, Keyd1/d2/d3/d4/key3. Exception:{}
FILE_ALREADY_EXISTS org.apache.hadoop.ozone.om.exceptions.OMException: Unable to create directory: d1/d2/d3/d4/key3 in volume/bucket: volume92422/bucket94858
	at org.apache.hadoop.ozone.om.request.file.OMDirectoryCreateRequest.validateAndUpdateCache(OMDirectoryCreateRequest.java:194)
	at org.apache.hadoop.ozone.protocolPB.OzoneManagerRequestHandler.handleWriteRequest(OzoneManagerRequestHandler.java:375)
	at org.apache.hadoop.ozone.protocolPB.OzoneManagerProtocolServerSideTranslatorPB.submitRequestDirectlyToOM(OzoneManagerProtocolServerSideTranslatorPB.java:280)
	at org.apache.hadoop.ozone.protocolPB.OzoneManagerProtocolServerSideTranslatorPB.processRequest(OzoneManagerProtocolServerSideTranslatorPB.java:175)
	at org.apache.hadoop.hdds.server.OzoneProtocolMessageDispatcher.processRequest(OzoneProtocolMessageDispatcher.java:87)
	at org.apache.hadoop.ozone.protocolPB.OzoneManagerProtocolServerSideTranslatorPB.submitRequest(OzoneManagerProtocolServerSideTranslatorPB.java:148)
	at org.apache.hadoop.ozone.protocol.proto.OzoneManagerProtocolProtos$OzoneManagerService$2.callBlockingMethod(OzoneManagerProtocolProtos.java)
	at org.apache.hadoop.ipc.ProtobufRpcEngine$Server.processCall(ProtobufRpcEngine.java:484)
	at org.apache.hadoop.ipc.ProtobufRpcEngine2$Server$ProtoBufRpcInvoker.call(ProtobufRpcEngine2.java:595)
	at org.apache.hadoop.ipc.ProtobufRpcEngine2$Server$ProtoBufRpcInvoker.call(ProtobufRpcEngine2.java:573)
	at org.apache.hadoop.ipc.RPC$Server.call(RPC.java:1227)
	at org.apache.hadoop.ipc.Server$RpcCall.run(Server.java:1094)
	at org.apache.hadoop.ipc.Server$RpcCall.run(Server.java:1017)
	at java.security.AccessController.doPrivileged(Native Method)
	at javax.security.auth.Subject.doAs(Subject.java:422)
	at org.apache.hadoop.security.UserGroupInformation.doAs(UserGroupInformation.java:1899)
	at org.apache.hadoop.ipc.Server$Handler.run(Server.java:3048)
18:54:24.986 [IPC Server handler 12 on default port 15057] ERROR OMAudit - user=runner | ip=127.0.0.1 | op=CREATE_FILE {volume=volume92422, bucket=bucket94858, key=d1/d2/d3, dataSize=4194304, replicationType=RATIS, replicationFactor=THREE} | ret=FAILURE
org.apache.hadoop.ozone.om.exceptions.OMException: Can not write to directory: d1/d2/d3
	at org.apache.hadoop.ozone.om.request.file.OMFileCreateRequest.checkDirectoryResult(OMFileCreateRequest.java:363) ~[ozone-manager-1.4.0-SNAPSHOT.jar:?]
	at org.apache.hadoop.ozone.om.request.file.OMFileCreateRequest.validateAndUpdateCache(OMFileCreateRequest.java:237) ~[ozone-manager-1.4.0-SNAPSHOT.jar:?]
	at org.apache.hadoop.ozone.protocolPB.OzoneManagerRequestHandler.handleWriteRequest(OzoneManagerRequestHandler.java:375) ~[ozone-manager-1.4.0-SNAPSHOT.jar:?]
	at org.apache.hadoop.ozone.protocolPB.OzoneManagerProtocolServerSideTranslatorPB.submitRequestDirectlyToOM(OzoneManagerProtocolServerSideTranslatorPB.java:280) ~[ozone-manager-1.4.0-SNAPSHOT.jar:?]
	at org.apache.hadoop.ozone.protocolPB.OzoneManagerProtocolServerSideTranslatorPB.processRequest(OzoneManagerProtocolServerSideTranslatorPB.java:175) ~[ozone-manager-1.4.0-SNAPSHOT.jar:?]
	at org.apache.hadoop.hdds.server.OzoneProtocolMessageDispatcher.processRequest(OzoneProtocolMessageDispatcher.java:87) [hdds-server-framework-1.4.0-SNAPSHOT.jar:?]
	at org.apache.hadoop.ozone.protocolPB.OzoneManagerProtocolServerSideTranslatorPB.submitRequest(OzoneManagerProtocolServerSideTranslatorPB.java:148) [ozone-manager-1.4.0-SNAPSHOT.jar:?]
	at org.apache.hadoop.ozone.protocol.proto.OzoneManagerProtocolProtos$OzoneManagerService$2.callBlockingMethod(OzoneManagerProtocolProtos.java) [ozone-interface-client-1.4.0-SNAPSHOT.jar:?]
	at org.apache.hadoop.ipc.ProtobufRpcEngine$Server.processCall(ProtobufRpcEngine.java:484) [hadoop-common-3.3.6.jar:?]
	at org.apache.hadoop.ipc.ProtobufRpcEngine2$Server$ProtoBufRpcInvoker.call(ProtobufRpcEngine2.java:595) [hadoop-common-3.3.6.jar:?]
	at org.apache.hadoop.ipc.ProtobufRpcEngine2$Server$ProtoBufRpcInvoker.call(ProtobufRpcEngine2.java:573) [hadoop-common-3.3.6.jar:?]
	at org.apache.hadoop.ipc.RPC$Server.call(RPC.java:1227) [hadoop-common-3.3.6.jar:?]
	at org.apache.hadoop.ipc.Server$RpcCall.run(Server.java:1094) [hadoop-common-3.3.6.jar:?]
	at org.apache.hadoop.ipc.Server$RpcCall.run(Server.java:1017) [hadoop-common-3.3.6.jar:?]
	at java.security.AccessController.doPrivileged(Native Method) ~[?:1.8.0_382]
	at javax.security.auth.Subject.doAs(Subject.java:422) [?:1.8.0_382]
	at org.apache.hadoop.security.UserGroupInformation.doAs(UserGroupInformation.java:1899) [hadoop-common-3.3.6.jar:?]
	at org.apache.hadoop.ipc.Server$Handler.run(Server.java:3048) [hadoop-common-3.3.6.jar:?]
2023-08-29 18:54:24,986 [IPC Server handler 12 on default port 15057] ERROR file.OMFileCreateRequest (OMFileCreateRequest.java:validateAndUpdateCache(336)) - File create failed. Volume:volume92422, Bucket:bucket94858, Keyd1/d2/d3.
NOT_A_FILE org.apache.hadoop.ozone.om.exceptions.OMException: Can not write to directory: d1/d2/d3
	at org.apache.hadoop.ozone.om.request.file.OMFileCreateRequest.checkDirectoryResult(OMFileCreateRequest.java:363)
	at org.apache.hadoop.ozone.om.request.file.OMFileCreateRequest.validateAndUpdateCache(OMFileCreateRequest.java:237)
	at org.apache.hadoop.ozone.protocolPB.OzoneManagerRequestHandler.handleWriteRequest(OzoneManagerRequestHandler.java:375)
	at org.apache.hadoop.ozone.protocolPB.OzoneManagerProtocolServerSideTranslatorPB.submitRequestDirectlyToOM(OzoneManagerProtocolServerSideTranslatorPB.java:280)
	at org.apache.hadoop.ozone.protocolPB.OzoneManagerProtocolServerSideTranslatorPB.processRequest(OzoneManagerProtocolServerSideTranslatorPB.java:175)
	at org.apache.hadoop.hdds.server.OzoneProtocolMessageDispatcher.processRequest(OzoneProtocolMessageDispatcher.java:87)
	at org.apache.hadoop.ozone.protocolPB.OzoneManagerProtocolServerSideTranslatorPB.submitRequest(OzoneManagerProtocolServerSideTranslatorPB.java:148)
	at org.apache.hadoop.ozone.protocol.proto.OzoneManagerProtocolProtos$OzoneManagerService$2.callBlockingMethod(OzoneManagerProtocolProtos.java)
	at org.apache.hadoop.ipc.ProtobufRpcEngine$Server.processCall(ProtobufRpcEngine.java:484)
	at org.apache.hadoop.ipc.ProtobufRpcEngine2$Server$ProtoBufRpcInvoker.call(ProtobufRpcEngine2.java:595)
	at org.apache.hadoop.ipc.ProtobufRpcEngine2$Server$ProtoBufRpcInvoker.call(ProtobufRpcEngine2.java:573)
	at org.apache.hadoop.ipc.RPC$Server.call(RPC.java:1227)
	at org.apache.hadoop.ipc.Server$RpcCall.run(Server.java:1094)
	at org.apache.hadoop.ipc.Server$RpcCall.run(Server.java:1017)
	at java.security.AccessController.doPrivileged(Native Method)
	at javax.security.auth.Subject.doAs(Subject.java:422)
	at org.apache.hadoop.security.UserGroupInformation.doAs(UserGroupInformation.java:1899)
	at org.apache.hadoop.ipc.Server$Handler.run(Server.java:3048)
18:54:24.988 [IPC Server handler 13 on default port 15057] ERROR OMAudit - user=runner | ip=127.0.0.1 | op=GET_FILE_STATUS {volume=volume92422, bucket=bucket94858, key=d1/d2/d3/d4/key3/invalid, dataSize=0, replicationConfig=null} | ret=FAILURE
org.apache.hadoop.ozone.om.exceptions.OMException: Unable to get file status: volume: volume92422 bucket: bucket94858 key: d1/d2/d3/d4/key3/invalid
	at org.apache.hadoop.ozone.om.KeyManagerImpl.getOzoneFileStatus(KeyManagerImpl.java:1195) ~[ozone-manager-1.4.0-SNAPSHOT.jar:?]
	at org.apache.hadoop.ozone.om.KeyManagerImpl.getFileStatus(KeyManagerImpl.java:1113) ~[ozone-manager-1.4.0-SNAPSHOT.jar:?]
	at org.apache.hadoop.ozone.om.OmMetadataReader.getFileStatus(OmMetadataReader.java:262) ~[ozone-manager-1.4.0-SNAPSHOT.jar:?]
	at org.apache.hadoop.ozone.om.OzoneManager.getFileStatus(OzoneManager.java:3530) ~[ozone-manager-1.4.0-SNAPSHOT.jar:?]
	at org.apache.hadoop.ozone.protocolPB.OzoneManagerRequestHandler.getOzoneFileStatus(OzoneManagerRequestHandler.java:973) ~[ozone-manager-1.4.0-SNAPSHOT.jar:?]
	at org.apache.hadoop.ozone.protocolPB.OzoneManagerRequestHandler.handleReadRequest(OzoneManagerRequestHandler.java:252) ~[ozone-manager-1.4.0-SNAPSHOT.jar:?]
	at org.apache.hadoop.ozone.protocolPB.OzoneManagerProtocolServerSideTranslatorPB.submitRequestDirectlyToOM(OzoneManagerProtocolServerSideTranslatorPB.java:274) ~[ozone-manager-1.4.0-SNAPSHOT.jar:?]
	at org.apache.hadoop.ozone.protocolPB.OzoneManagerProtocolServerSideTranslatorPB.processRequest(OzoneManagerProtocolServerSideTranslatorPB.java:175) ~[ozone-manager-1.4.0-SNAPSHOT.jar:?]
	at org.apache.hadoop.hdds.server.OzoneProtocolMessageDispatcher.processRequest(OzoneProtocolMessageDispatcher.java:87) [hdds-server-framework-1.4.0-SNAPSHOT.jar:?]
	at org.apache.hadoop.ozone.protocolPB.OzoneManagerProtocolServerSideTranslatorPB.submitRequest(OzoneManagerProtocolServerSideTranslatorPB.java:148) [ozone-manager-1.4.0-SNAPSHOT.jar:?]
	at org.apache.hadoop.ozone.protocol.proto.OzoneManagerProtocolProtos$OzoneManagerService$2.callBlockingMethod(OzoneManagerProtocolProtos.java) [ozone-interface-client-1.4.0-SNAPSHOT.jar:?]
	at org.apache.hadoop.ipc.ProtobufRpcEngine$Server.processCall(ProtobufRpcEngine.java:484) [hadoop-common-3.3.6.jar:?]
	at org.apache.hadoop.ipc.ProtobufRpcEngine2$Server$ProtoBufRpcInvoker.call(ProtobufRpcEngine2.java:595) [hadoop-common-3.3.6.jar:?]
	at org.apache.hadoop.ipc.ProtobufRpcEngine2$Server$ProtoBufRpcInvoker.call(ProtobufRpcEngine2.java:573) [hadoop-common-3.3.6.jar:?]
	at org.apache.hadoop.ipc.RPC$Server.call(RPC.java:1227) [hadoop-common-3.3.6.jar:?]
	at org.apache.hadoop.ipc.Server$RpcCall.run(Server.java:1094) [hadoop-common-3.3.6.jar:?]
	at org.apache.hadoop.ipc.Server$RpcCall.run(Server.java:1017) [hadoop-common-3.3.6.jar:?]
	at java.security.AccessController.doPrivileged(Native Method) ~[?:1.8.0_382]
	at javax.security.auth.Subject.doAs(Subject.java:422) [?:1.8.0_382]
	at org.apache.hadoop.security.UserGroupInformation.doAs(UserGroupInformation.java:1899) [hadoop-common-3.3.6.jar:?]
	at org.apache.hadoop.ipc.Server$Handler.run(Server.java:3048) [hadoop-common-3.3.6.jar:?]
18:54:24.989 [IPC Server handler 14 on default port 15057] ERROR OMAudit - user=runner | ip=127.0.0.1 | op=GET_FILE_STATUS {volume=volume92422, bucket=bucket94858, key=d1/d2/d3/d4/invalidkey, dataSize=0, replicationConfig=null} | ret=FAILURE
org.apache.hadoop.ozone.om.exceptions.OMException: Unable to get file status: volume: volume92422 bucket: bucket94858 key: d1/d2/d3/d4/invalidkey
	at org.apache.hadoop.ozone.om.KeyManagerImpl.getOzoneFileStatus(KeyManagerImpl.java:1195) ~[ozone-manager-1.4.0-SNAPSHOT.jar:?]
	at org.apache.hadoop.ozone.om.KeyManagerImpl.getFileStatus(KeyManagerImpl.java:1113) ~[ozone-manager-1.4.0-SNAPSHOT.jar:?]
	at org.apache.hadoop.ozone.om.OmMetadataReader.getFileStatus(OmMetadataReader.java:262) ~[ozone-manager-1.4.0-SNAPSHOT.jar:?]
	at org.apache.hadoop.ozone.om.OzoneManager.getFileStatus(OzoneManager.java:3530) ~[ozone-manager-1.4.0-SNAPSHOT.jar:?]
	at org.apache.hadoop.ozone.protocolPB.OzoneManagerRequestHandler.getOzoneFileStatus(OzoneManagerRequestHandler.java:973) ~[ozone-manager-1.4.0-SNAPSHOT.jar:?]
	at org.apache.hadoop.ozone.protocolPB.OzoneManagerRequestHandler.handleReadRequest(OzoneManagerRequestHandler.java:252) ~[ozone-manager-1.4.0-SNAPSHOT.jar:?]
	at org.apache.hadoop.ozone.protocolPB.OzoneManagerProtocolServerSideTranslatorPB.submitRequestDirectlyToOM(OzoneManagerProtocolServerSideTranslatorPB.java:274) ~[ozone-manager-1.4.0-SNAPSHOT.jar:?]
	at org.apache.hadoop.ozone.protocolPB.OzoneManagerProtocolServerSideTranslatorPB.processRequest(OzoneManagerProtocolServerSideTranslatorPB.java:175) ~[ozone-manager-1.4.0-SNAPSHOT.jar:?]
	at org.apache.hadoop.hdds.server.OzoneProtocolMessageDispatcher.processRequest(OzoneProtocolMessageDispatcher.java:87) [hdds-server-framework-1.4.0-SNAPSHOT.jar:?]
	at org.apache.hadoop.ozone.protocolPB.OzoneManagerProtocolServerSideTranslatorPB.submitRequest(OzoneManagerProtocolServerSideTranslatorPB.java:148) [ozone-manager-1.4.0-SNAPSHOT.jar:?]
	at org.apache.hadoop.ozone.protocol.proto.OzoneManagerProtocolProtos$OzoneManagerService$2.callBlockingMethod(OzoneManagerProtocolProtos.java) [ozone-interface-client-1.4.0-SNAPSHOT.jar:?]
	at org.apache.hadoop.ipc.ProtobufRpcEngine$Server.processCall(ProtobufRpcEngine.java:484) [hadoop-common-3.3.6.jar:?]
	at org.apache.hadoop.ipc.ProtobufRpcEngine2$Server$ProtoBufRpcInvoker.call(ProtobufRpcEngine2.java:595) [hadoop-common-3.3.6.jar:?]
	at org.apache.hadoop.ipc.ProtobufRpcEngine2$Server$ProtoBufRpcInvoker.call(ProtobufRpcEngine2.java:573) [hadoop-common-3.3.6.jar:?]
	at org.apache.hadoop.ipc.RPC$Server.call(RPC.java:1227) [hadoop-common-3.3.6.jar:?]
	at org.apache.hadoop.ipc.Server$RpcCall.run(Server.java:1094) [hadoop-common-3.3.6.jar:?]
	at org.apache.hadoop.ipc.Server$RpcCall.run(Server.java:1017) [hadoop-common-3.3.6.jar:?]
	at java.security.AccessController.doPrivileged(Native Method) ~[?:1.8.0_382]
	at javax.security.auth.Subject.doAs(Subject.java:422) [?:1.8.0_382]
	at org.apache.hadoop.security.UserGroupInformation.doAs(UserGroupInformation.java:1899) [hadoop-common-3.3.6.jar:?]
	at org.apache.hadoop.ipc.Server$Handler.run(Server.java:3048) [hadoop-common-3.3.6.jar:?]
]]></system-out>
  </testcase>
  <testcase name="testCreateFileShouldCheckExistenceOfDirWithSameName" classname="TestOzoneFileSystem" time="0.037">
    <system-out><![CDATA[18:55:25.943 [OM StateMachine ApplyTransaction Thread - 0] ERROR OMAudit - user=runner | ip=127.0.0.1 | op=CREATE_FILE {volume=volume95024, bucket=bucket37863, key=d1/d2/d3/d4/key2, dataSize=4194304, replicationType=RATIS, replicationFactor=THREE} | ret=FAILURE
org.apache.hadoop.ozone.om.exceptions.OMException: Can not write to directory: d1/d2/d3/d4/key2
	at org.apache.hadoop.ozone.om.request.file.OMFileCreateRequest.checkDirectoryResult(OMFileCreateRequest.java:363) ~[ozone-manager-1.4.0-SNAPSHOT.jar:?]
	at org.apache.hadoop.ozone.om.request.file.OMFileCreateRequest.validateAndUpdateCache(OMFileCreateRequest.java:237) ~[ozone-manager-1.4.0-SNAPSHOT.jar:?]
	at org.apache.hadoop.ozone.protocolPB.OzoneManagerRequestHandler.handleWriteRequest(OzoneManagerRequestHandler.java:375) ~[ozone-manager-1.4.0-SNAPSHOT.jar:?]
	at org.apache.hadoop.ozone.om.ratis.OzoneManagerStateMachine.runCommand(OzoneManagerStateMachine.java:568) ~[ozone-manager-1.4.0-SNAPSHOT.jar:?]
	at org.apache.hadoop.ozone.om.ratis.OzoneManagerStateMachine.lambda$1(OzoneManagerStateMachine.java:359) ~[ozone-manager-1.4.0-SNAPSHOT.jar:?]
	at java.util.concurrent.CompletableFuture$AsyncSupply.run(CompletableFuture.java:1604) [?:1.8.0_382]
	at java.util.concurrent.ThreadPoolExecutor.runWorker(ThreadPoolExecutor.java:1149) [?:1.8.0_382]
	at java.util.concurrent.ThreadPoolExecutor$Worker.run(ThreadPoolExecutor.java:624) [?:1.8.0_382]
	at java.lang.Thread.run(Thread.java:750) [?:1.8.0_382]
2023-08-29 18:55:25,943 [OM StateMachine ApplyTransaction Thread - 0] ERROR file.OMFileCreateRequest (OMFileCreateRequest.java:validateAndUpdateCache(336)) - File create failed. Volume:volume95024, Bucket:bucket37863, Keyd1/d2/d3/d4/key2.
NOT_A_FILE org.apache.hadoop.ozone.om.exceptions.OMException: Can not write to directory: d1/d2/d3/d4/key2
	at org.apache.hadoop.ozone.om.request.file.OMFileCreateRequest.checkDirectoryResult(OMFileCreateRequest.java:363)
	at org.apache.hadoop.ozone.om.request.file.OMFileCreateRequest.validateAndUpdateCache(OMFileCreateRequest.java:237)
	at org.apache.hadoop.ozone.protocolPB.OzoneManagerRequestHandler.handleWriteRequest(OzoneManagerRequestHandler.java:375)
	at org.apache.hadoop.ozone.om.ratis.OzoneManagerStateMachine.runCommand(OzoneManagerStateMachine.java:568)
	at org.apache.hadoop.ozone.om.ratis.OzoneManagerStateMachine.lambda$1(OzoneManagerStateMachine.java:359)
	at java.util.concurrent.CompletableFuture$AsyncSupply.run(CompletableFuture.java:1604)
	at java.util.concurrent.ThreadPoolExecutor.runWorker(ThreadPoolExecutor.java:1149)
	at java.util.concurrent.ThreadPoolExecutor$Worker.run(ThreadPoolExecutor.java:624)
	at java.lang.Thread.run(Thread.java:750)
18:55:25.949 [OM StateMachine ApplyTransaction Thread - 0] ERROR OMAudit - user=runner | ip=127.0.0.1 | op=CREATE_DIRECTORY {volume=volume95024, bucket=bucket37863, key=d1/d2/d3/d4/key3, dataSize=0, replicationType=NONE, replicationFactor=ZERO} | ret=FAILURE
org.apache.hadoop.ozone.om.exceptions.OMException: Unable to create directory: d1/d2/d3/d4/key3 in volume/bucket: volume95024/bucket37863
	at org.apache.hadoop.ozone.om.request.file.OMDirectoryCreateRequest.validateAndUpdateCache(OMDirectoryCreateRequest.java:194) ~[ozone-manager-1.4.0-SNAPSHOT.jar:?]
	at org.apache.hadoop.ozone.protocolPB.OzoneManagerRequestHandler.handleWriteRequest(OzoneManagerRequestHandler.java:375) ~[ozone-manager-1.4.0-SNAPSHOT.jar:?]
	at org.apache.hadoop.ozone.om.ratis.OzoneManagerStateMachine.runCommand(OzoneManagerStateMachine.java:568) ~[ozone-manager-1.4.0-SNAPSHOT.jar:?]
	at org.apache.hadoop.ozone.om.ratis.OzoneManagerStateMachine.lambda$1(OzoneManagerStateMachine.java:359) ~[ozone-manager-1.4.0-SNAPSHOT.jar:?]
	at java.util.concurrent.CompletableFuture$AsyncSupply.run(CompletableFuture.java:1604) [?:1.8.0_382]
	at java.util.concurrent.ThreadPoolExecutor.runWorker(ThreadPoolExecutor.java:1149) [?:1.8.0_382]
	at java.util.concurrent.ThreadPoolExecutor$Worker.run(ThreadPoolExecutor.java:624) [?:1.8.0_382]
	at java.lang.Thread.run(Thread.java:750) [?:1.8.0_382]
2023-08-29 18:55:25,949 [OM StateMachine ApplyTransaction Thread - 0] ERROR file.OMDirectoryCreateRequest (OMDirectoryCreateRequest.java:logResult(334)) - Directory creation failed. Volume:volume95024, Bucket:bucket37863, Keyd1/d2/d3/d4/key3. Exception:{}
FILE_ALREADY_EXISTS org.apache.hadoop.ozone.om.exceptions.OMException: Unable to create directory: d1/d2/d3/d4/key3 in volume/bucket: volume95024/bucket37863
	at org.apache.hadoop.ozone.om.request.file.OMDirectoryCreateRequest.validateAndUpdateCache(OMDirectoryCreateRequest.java:194)
	at org.apache.hadoop.ozone.protocolPB.OzoneManagerRequestHandler.handleWriteRequest(OzoneManagerRequestHandler.java:375)
	at org.apache.hadoop.ozone.om.ratis.OzoneManagerStateMachine.runCommand(OzoneManagerStateMachine.java:568)
	at org.apache.hadoop.ozone.om.ratis.OzoneManagerStateMachine.lambda$1(OzoneManagerStateMachine.java:359)
	at java.util.concurrent.CompletableFuture$AsyncSupply.run(CompletableFuture.java:1604)
	at java.util.concurrent.ThreadPoolExecutor.runWorker(ThreadPoolExecutor.java:1149)
	at java.util.concurrent.ThreadPoolExecutor$Worker.run(ThreadPoolExecutor.java:624)
	at java.lang.Thread.run(Thread.java:750)
18:55:25.953 [OM StateMachine ApplyTransaction Thread - 0] ERROR OMAudit - user=runner | ip=127.0.0.1 | op=CREATE_FILE {volume=volume95024, bucket=bucket37863, key=d1/d2/d3, dataSize=4194304, replicationType=RATIS, replicationFactor=THREE} | ret=FAILURE
org.apache.hadoop.ozone.om.exceptions.OMException: Can not write to directory: d1/d2/d3
	at org.apache.hadoop.ozone.om.request.file.OMFileCreateRequest.checkDirectoryResult(OMFileCreateRequest.java:363) ~[ozone-manager-1.4.0-SNAPSHOT.jar:?]
	at org.apache.hadoop.ozone.om.request.file.OMFileCreateRequest.validateAndUpdateCache(OMFileCreateRequest.java:237) ~[ozone-manager-1.4.0-SNAPSHOT.jar:?]
	at org.apache.hadoop.ozone.protocolPB.OzoneManagerRequestHandler.handleWriteRequest(OzoneManagerRequestHandler.java:375) ~[ozone-manager-1.4.0-SNAPSHOT.jar:?]
	at org.apache.hadoop.ozone.om.ratis.OzoneManagerStateMachine.runCommand(OzoneManagerStateMachine.java:568) ~[ozone-manager-1.4.0-SNAPSHOT.jar:?]
	at org.apache.hadoop.ozone.om.ratis.OzoneManagerStateMachine.lambda$1(OzoneManagerStateMachine.java:359) ~[ozone-manager-1.4.0-SNAPSHOT.jar:?]
	at java.util.concurrent.CompletableFuture$AsyncSupply.run(CompletableFuture.java:1604) [?:1.8.0_382]
	at java.util.concurrent.ThreadPoolExecutor.runWorker(ThreadPoolExecutor.java:1149) [?:1.8.0_382]
	at java.util.concurrent.ThreadPoolExecutor$Worker.run(ThreadPoolExecutor.java:624) [?:1.8.0_382]
	at java.lang.Thread.run(Thread.java:750) [?:1.8.0_382]
2023-08-29 18:55:25,954 [OM StateMachine ApplyTransaction Thread - 0] ERROR file.OMFileCreateRequest (OMFileCreateRequest.java:validateAndUpdateCache(336)) - File create failed. Volume:volume95024, Bucket:bucket37863, Keyd1/d2/d3.
NOT_A_FILE org.apache.hadoop.ozone.om.exceptions.OMException: Can not write to directory: d1/d2/d3
	at org.apache.hadoop.ozone.om.request.file.OMFileCreateRequest.checkDirectoryResult(OMFileCreateRequest.java:363)
	at org.apache.hadoop.ozone.om.request.file.OMFileCreateRequest.validateAndUpdateCache(OMFileCreateRequest.java:237)
	at org.apache.hadoop.ozone.protocolPB.OzoneManagerRequestHandler.handleWriteRequest(OzoneManagerRequestHandler.java:375)
	at org.apache.hadoop.ozone.om.ratis.OzoneManagerStateMachine.runCommand(OzoneManagerStateMachine.java:568)
	at org.apache.hadoop.ozone.om.ratis.OzoneManagerStateMachine.lambda$1(OzoneManagerStateMachine.java:359)
	at java.util.concurrent.CompletableFuture$AsyncSupply.run(CompletableFuture.java:1604)
	at java.util.concurrent.ThreadPoolExecutor.runWorker(ThreadPoolExecutor.java:1149)
	at java.util.concurrent.ThreadPoolExecutor$Worker.run(ThreadPoolExecutor.java:624)
	at java.lang.Thread.run(Thread.java:750)
18:55:25.956 [IPC Server handler 7 on default port 15110] ERROR OMAudit - user=runner | ip=127.0.0.1 | op=GET_FILE_STATUS {volume=volume95024, bucket=bucket37863, key=d1/d2/d3/d4/key3/invalid, dataSize=0, replicationConfig=null} | ret=FAILURE
org.apache.hadoop.ozone.om.exceptions.OMException: Unable to get file status: volume: volume95024 bucket: bucket37863 key: d1/d2/d3/d4/key3/invalid
	at org.apache.hadoop.ozone.om.KeyManagerImpl.getOzoneFileStatus(KeyManagerImpl.java:1195) ~[ozone-manager-1.4.0-SNAPSHOT.jar:?]
	at org.apache.hadoop.ozone.om.KeyManagerImpl.getFileStatus(KeyManagerImpl.java:1113) ~[ozone-manager-1.4.0-SNAPSHOT.jar:?]
	at org.apache.hadoop.ozone.om.OmMetadataReader.getFileStatus(OmMetadataReader.java:262) ~[ozone-manager-1.4.0-SNAPSHOT.jar:?]
	at org.apache.hadoop.ozone.om.OzoneManager.getFileStatus(OzoneManager.java:3530) ~[ozone-manager-1.4.0-SNAPSHOT.jar:?]
	at org.apache.hadoop.ozone.protocolPB.OzoneManagerRequestHandler.getOzoneFileStatus(OzoneManagerRequestHandler.java:973) ~[ozone-manager-1.4.0-SNAPSHOT.jar:?]
	at org.apache.hadoop.ozone.protocolPB.OzoneManagerRequestHandler.handleReadRequest(OzoneManagerRequestHandler.java:252) ~[ozone-manager-1.4.0-SNAPSHOT.jar:?]
	at org.apache.hadoop.ozone.protocolPB.OzoneManagerProtocolServerSideTranslatorPB.submitReadRequestToOM(OzoneManagerProtocolServerSideTranslatorPB.java:225) ~[ozone-manager-1.4.0-SNAPSHOT.jar:?]
	at org.apache.hadoop.ozone.protocolPB.OzoneManagerProtocolServerSideTranslatorPB.processRequest(OzoneManagerProtocolServerSideTranslatorPB.java:179) ~[ozone-manager-1.4.0-SNAPSHOT.jar:?]
	at org.apache.hadoop.hdds.server.OzoneProtocolMessageDispatcher.processRequest(OzoneProtocolMessageDispatcher.java:87) [hdds-server-framework-1.4.0-SNAPSHOT.jar:?]
	at org.apache.hadoop.ozone.protocolPB.OzoneManagerProtocolServerSideTranslatorPB.submitRequest(OzoneManagerProtocolServerSideTranslatorPB.java:148) [ozone-manager-1.4.0-SNAPSHOT.jar:?]
	at org.apache.hadoop.ozone.protocol.proto.OzoneManagerProtocolProtos$OzoneManagerService$2.callBlockingMethod(OzoneManagerProtocolProtos.java) [ozone-interface-client-1.4.0-SNAPSHOT.jar:?]
	at org.apache.hadoop.ipc.ProtobufRpcEngine$Server.processCall(ProtobufRpcEngine.java:484) [hadoop-common-3.3.6.jar:?]
	at org.apache.hadoop.ipc.ProtobufRpcEngine2$Server$ProtoBufRpcInvoker.call(ProtobufRpcEngine2.java:595) [hadoop-common-3.3.6.jar:?]
	at org.apache.hadoop.ipc.ProtobufRpcEngine2$Server$ProtoBufRpcInvoker.call(ProtobufRpcEngine2.java:573) [hadoop-common-3.3.6.jar:?]
	at org.apache.hadoop.ipc.RPC$Server.call(RPC.java:1227) [hadoop-common-3.3.6.jar:?]
	at org.apache.hadoop.ipc.Server$RpcCall.run(Server.java:1094) [hadoop-common-3.3.6.jar:?]
	at org.apache.hadoop.ipc.Server$RpcCall.run(Server.java:1017) [hadoop-common-3.3.6.jar:?]
	at java.security.AccessController.doPrivileged(Native Method) ~[?:1.8.0_382]
	at javax.security.auth.Subject.doAs(Subject.java:422) [?:1.8.0_382]
	at org.apache.hadoop.security.UserGroupInformation.doAs(UserGroupInformation.java:1899) [hadoop-common-3.3.6.jar:?]
	at org.apache.hadoop.ipc.Server$Handler.run(Server.java:3048) [hadoop-common-3.3.6.jar:?]
18:55:25.957 [IPC Server handler 8 on default port 15110] ERROR OMAudit - user=runner | ip=127.0.0.1 | op=GET_FILE_STATUS {volume=volume95024, bucket=bucket37863, key=d1/d2/d3/d4/invalidkey, dataSize=0, replicationConfig=null} | ret=FAILURE
org.apache.hadoop.ozone.om.exceptions.OMException: Unable to get file status: volume: volume95024 bucket: bucket37863 key: d1/d2/d3/d4/invalidkey
	at org.apache.hadoop.ozone.om.KeyManagerImpl.getOzoneFileStatus(KeyManagerImpl.java:1195) ~[ozone-manager-1.4.0-SNAPSHOT.jar:?]
	at org.apache.hadoop.ozone.om.KeyManagerImpl.getFileStatus(KeyManagerImpl.java:1113) ~[ozone-manager-1.4.0-SNAPSHOT.jar:?]
	at org.apache.hadoop.ozone.om.OmMetadataReader.getFileStatus(OmMetadataReader.java:262) ~[ozone-manager-1.4.0-SNAPSHOT.jar:?]
	at org.apache.hadoop.ozone.om.OzoneManager.getFileStatus(OzoneManager.java:3530) ~[ozone-manager-1.4.0-SNAPSHOT.jar:?]
	at org.apache.hadoop.ozone.protocolPB.OzoneManagerRequestHandler.getOzoneFileStatus(OzoneManagerRequestHandler.java:973) ~[ozone-manager-1.4.0-SNAPSHOT.jar:?]
	at org.apache.hadoop.ozone.protocolPB.OzoneManagerRequestHandler.handleReadRequest(OzoneManagerRequestHandler.java:252) ~[ozone-manager-1.4.0-SNAPSHOT.jar:?]
	at org.apache.hadoop.ozone.protocolPB.OzoneManagerProtocolServerSideTranslatorPB.submitReadRequestToOM(OzoneManagerProtocolServerSideTranslatorPB.java:225) ~[ozone-manager-1.4.0-SNAPSHOT.jar:?]
	at org.apache.hadoop.ozone.protocolPB.OzoneManagerProtocolServerSideTranslatorPB.processRequest(OzoneManagerProtocolServerSideTranslatorPB.java:179) ~[ozone-manager-1.4.0-SNAPSHOT.jar:?]
	at org.apache.hadoop.hdds.server.OzoneProtocolMessageDispatcher.processRequest(OzoneProtocolMessageDispatcher.java:87) [hdds-server-framework-1.4.0-SNAPSHOT.jar:?]
	at org.apache.hadoop.ozone.protocolPB.OzoneManagerProtocolServerSideTranslatorPB.submitRequest(OzoneManagerProtocolServerSideTranslatorPB.java:148) [ozone-manager-1.4.0-SNAPSHOT.jar:?]
	at org.apache.hadoop.ozone.protocol.proto.OzoneManagerProtocolProtos$OzoneManagerService$2.callBlockingMethod(OzoneManagerProtocolProtos.java) [ozone-interface-client-1.4.0-SNAPSHOT.jar:?]
	at org.apache.hadoop.ipc.ProtobufRpcEngine$Server.processCall(ProtobufRpcEngine.java:484) [hadoop-common-3.3.6.jar:?]
	at org.apache.hadoop.ipc.ProtobufRpcEngine2$Server$ProtoBufRpcInvoker.call(ProtobufRpcEngine2.java:595) [hadoop-common-3.3.6.jar:?]
	at org.apache.hadoop.ipc.ProtobufRpcEngine2$Server$ProtoBufRpcInvoker.call(ProtobufRpcEngine2.java:573) [hadoop-common-3.3.6.jar:?]
	at org.apache.hadoop.ipc.RPC$Server.call(RPC.java:1227) [hadoop-common-3.3.6.jar:?]
	at org.apache.hadoop.ipc.Server$RpcCall.run(Server.java:1094) [hadoop-common-3.3.6.jar:?]
	at org.apache.hadoop.ipc.Server$RpcCall.run(Server.java:1017) [hadoop-common-3.3.6.jar:?]
	at java.security.AccessController.doPrivileged(Native Method) ~[?:1.8.0_382]
	at javax.security.auth.Subject.doAs(Subject.java:422) [?:1.8.0_382]
	at org.apache.hadoop.security.UserGroupInformation.doAs(UserGroupInformation.java:1899) [hadoop-common-3.3.6.jar:?]
	at org.apache.hadoop.ipc.Server$Handler.run(Server.java:3048) [hadoop-common-3.3.6.jar:?]
]]></system-out>
  </testcase>
  <testcase name="testCreateFileShouldCheckExistenceOfDirWithSameName" classname="TestOzoneFileSystem" time="0.022">
    <system-out><![CDATA[18:56:33.367 [IPC Server handler 3 on default port 15163] ERROR OMAudit - user=runner | ip=127.0.0.1 | op=CREATE_FILE {volume=volume50878, bucket=bucket78448, key=d1/d2/d3/d4/key2, dataSize=4194304, replicationType=RATIS, replicationFactor=THREE} | ret=FAILURE
org.apache.hadoop.ozone.om.exceptions.OMException: Can not write to directory: d1/d2/d3/d4/key2
	at org.apache.hadoop.ozone.om.request.file.OMFileCreateRequest.checkDirectoryResult(OMFileCreateRequest.java:363) ~[ozone-manager-1.4.0-SNAPSHOT.jar:?]
	at org.apache.hadoop.ozone.om.request.file.OMFileCreateRequest.validateAndUpdateCache(OMFileCreateRequest.java:237) ~[ozone-manager-1.4.0-SNAPSHOT.jar:?]
	at org.apache.hadoop.ozone.protocolPB.OzoneManagerRequestHandler.handleWriteRequest(OzoneManagerRequestHandler.java:375) ~[ozone-manager-1.4.0-SNAPSHOT.jar:?]
	at org.apache.hadoop.ozone.protocolPB.OzoneManagerProtocolServerSideTranslatorPB.submitRequestDirectlyToOM(OzoneManagerProtocolServerSideTranslatorPB.java:280) ~[ozone-manager-1.4.0-SNAPSHOT.jar:?]
	at org.apache.hadoop.ozone.protocolPB.OzoneManagerProtocolServerSideTranslatorPB.processRequest(OzoneManagerProtocolServerSideTranslatorPB.java:175) ~[ozone-manager-1.4.0-SNAPSHOT.jar:?]
	at org.apache.hadoop.hdds.server.OzoneProtocolMessageDispatcher.processRequest(OzoneProtocolMessageDispatcher.java:87) [hdds-server-framework-1.4.0-SNAPSHOT.jar:?]
	at org.apache.hadoop.ozone.protocolPB.OzoneManagerProtocolServerSideTranslatorPB.submitRequest(OzoneManagerProtocolServerSideTranslatorPB.java:148) [ozone-manager-1.4.0-SNAPSHOT.jar:?]
	at org.apache.hadoop.ozone.protocol.proto.OzoneManagerProtocolProtos$OzoneManagerService$2.callBlockingMethod(OzoneManagerProtocolProtos.java) [ozone-interface-client-1.4.0-SNAPSHOT.jar:?]
	at org.apache.hadoop.ipc.ProtobufRpcEngine$Server.processCall(ProtobufRpcEngine.java:484) [hadoop-common-3.3.6.jar:?]
	at org.apache.hadoop.ipc.ProtobufRpcEngine2$Server$ProtoBufRpcInvoker.call(ProtobufRpcEngine2.java:595) [hadoop-common-3.3.6.jar:?]
	at org.apache.hadoop.ipc.ProtobufRpcEngine2$Server$ProtoBufRpcInvoker.call(ProtobufRpcEngine2.java:573) [hadoop-common-3.3.6.jar:?]
	at org.apache.hadoop.ipc.RPC$Server.call(RPC.java:1227) [hadoop-common-3.3.6.jar:?]
	at org.apache.hadoop.ipc.Server$RpcCall.run(Server.java:1094) [hadoop-common-3.3.6.jar:?]
	at org.apache.hadoop.ipc.Server$RpcCall.run(Server.java:1017) [hadoop-common-3.3.6.jar:?]
	at java.security.AccessController.doPrivileged(Native Method) ~[?:1.8.0_382]
	at javax.security.auth.Subject.doAs(Subject.java:422) [?:1.8.0_382]
	at org.apache.hadoop.security.UserGroupInformation.doAs(UserGroupInformation.java:1899) [hadoop-common-3.3.6.jar:?]
	at org.apache.hadoop.ipc.Server$Handler.run(Server.java:3048) [hadoop-common-3.3.6.jar:?]
2023-08-29 18:56:33,367 [IPC Server handler 3 on default port 15163] ERROR file.OMFileCreateRequest (OMFileCreateRequest.java:validateAndUpdateCache(336)) - File create failed. Volume:volume50878, Bucket:bucket78448, Keyd1/d2/d3/d4/key2.
NOT_A_FILE org.apache.hadoop.ozone.om.exceptions.OMException: Can not write to directory: d1/d2/d3/d4/key2
	at org.apache.hadoop.ozone.om.request.file.OMFileCreateRequest.checkDirectoryResult(OMFileCreateRequest.java:363)
	at org.apache.hadoop.ozone.om.request.file.OMFileCreateRequest.validateAndUpdateCache(OMFileCreateRequest.java:237)
	at org.apache.hadoop.ozone.protocolPB.OzoneManagerRequestHandler.handleWriteRequest(OzoneManagerRequestHandler.java:375)
	at org.apache.hadoop.ozone.protocolPB.OzoneManagerProtocolServerSideTranslatorPB.submitRequestDirectlyToOM(OzoneManagerProtocolServerSideTranslatorPB.java:280)
	at org.apache.hadoop.ozone.protocolPB.OzoneManagerProtocolServerSideTranslatorPB.processRequest(OzoneManagerProtocolServerSideTranslatorPB.java:175)
	at org.apache.hadoop.hdds.server.OzoneProtocolMessageDispatcher.processRequest(OzoneProtocolMessageDispatcher.java:87)
	at org.apache.hadoop.ozone.protocolPB.OzoneManagerProtocolServerSideTranslatorPB.submitRequest(OzoneManagerProtocolServerSideTranslatorPB.java:148)
	at org.apache.hadoop.ozone.protocol.proto.OzoneManagerProtocolProtos$OzoneManagerService$2.callBlockingMethod(OzoneManagerProtocolProtos.java)
	at org.apache.hadoop.ipc.ProtobufRpcEngine$Server.processCall(ProtobufRpcEngine.java:484)
	at org.apache.hadoop.ipc.ProtobufRpcEngine2$Server$ProtoBufRpcInvoker.call(ProtobufRpcEngine2.java:595)
	at org.apache.hadoop.ipc.ProtobufRpcEngine2$Server$ProtoBufRpcInvoker.call(ProtobufRpcEngine2.java:573)
	at org.apache.hadoop.ipc.RPC$Server.call(RPC.java:1227)
	at org.apache.hadoop.ipc.Server$RpcCall.run(Server.java:1094)
	at org.apache.hadoop.ipc.Server$RpcCall.run(Server.java:1017)
	at java.security.AccessController.doPrivileged(Native Method)
	at javax.security.auth.Subject.doAs(Subject.java:422)
	at org.apache.hadoop.security.UserGroupInformation.doAs(UserGroupInformation.java:1899)
	at org.apache.hadoop.ipc.Server$Handler.run(Server.java:3048)
18:56:33.371 [IPC Server handler 7 on default port 15163] ERROR OMAudit - user=runner | ip=127.0.0.1 | op=CREATE_DIRECTORY {volume=volume50878, bucket=bucket78448, key=d1/d2/d3/d4/key3, dataSize=0, replicationType=NONE, replicationFactor=ZERO} | ret=FAILURE
org.apache.hadoop.ozone.om.exceptions.OMException: Unable to create directory: d1/d2/d3/d4/key3 in volume/bucket: volume50878/bucket78448
	at org.apache.hadoop.ozone.om.request.file.OMDirectoryCreateRequest.validateAndUpdateCache(OMDirectoryCreateRequest.java:194) ~[ozone-manager-1.4.0-SNAPSHOT.jar:?]
	at org.apache.hadoop.ozone.protocolPB.OzoneManagerRequestHandler.handleWriteRequest(OzoneManagerRequestHandler.java:375) ~[ozone-manager-1.4.0-SNAPSHOT.jar:?]
	at org.apache.hadoop.ozone.protocolPB.OzoneManagerProtocolServerSideTranslatorPB.submitRequestDirectlyToOM(OzoneManagerProtocolServerSideTranslatorPB.java:280) ~[ozone-manager-1.4.0-SNAPSHOT.jar:?]
	at org.apache.hadoop.ozone.protocolPB.OzoneManagerProtocolServerSideTranslatorPB.processRequest(OzoneManagerProtocolServerSideTranslatorPB.java:175) ~[ozone-manager-1.4.0-SNAPSHOT.jar:?]
	at org.apache.hadoop.hdds.server.OzoneProtocolMessageDispatcher.processRequest(OzoneProtocolMessageDispatcher.java:87) [hdds-server-framework-1.4.0-SNAPSHOT.jar:?]
	at org.apache.hadoop.ozone.protocolPB.OzoneManagerProtocolServerSideTranslatorPB.submitRequest(OzoneManagerProtocolServerSideTranslatorPB.java:148) [ozone-manager-1.4.0-SNAPSHOT.jar:?]
	at org.apache.hadoop.ozone.protocol.proto.OzoneManagerProtocolProtos$OzoneManagerService$2.callBlockingMethod(OzoneManagerProtocolProtos.java) [ozone-interface-client-1.4.0-SNAPSHOT.jar:?]
	at org.apache.hadoop.ipc.ProtobufRpcEngine$Server.processCall(ProtobufRpcEngine.java:484) [hadoop-common-3.3.6.jar:?]
	at org.apache.hadoop.ipc.ProtobufRpcEngine2$Server$ProtoBufRpcInvoker.call(ProtobufRpcEngine2.java:595) [hadoop-common-3.3.6.jar:?]
	at org.apache.hadoop.ipc.ProtobufRpcEngine2$Server$ProtoBufRpcInvoker.call(ProtobufRpcEngine2.java:573) [hadoop-common-3.3.6.jar:?]
	at org.apache.hadoop.ipc.RPC$Server.call(RPC.java:1227) [hadoop-common-3.3.6.jar:?]
	at org.apache.hadoop.ipc.Server$RpcCall.run(Server.java:1094) [hadoop-common-3.3.6.jar:?]
	at org.apache.hadoop.ipc.Server$RpcCall.run(Server.java:1017) [hadoop-common-3.3.6.jar:?]
	at java.security.AccessController.doPrivileged(Native Method) ~[?:1.8.0_382]
	at javax.security.auth.Subject.doAs(Subject.java:422) [?:1.8.0_382]
	at org.apache.hadoop.security.UserGroupInformation.doAs(UserGroupInformation.java:1899) [hadoop-common-3.3.6.jar:?]
	at org.apache.hadoop.ipc.Server$Handler.run(Server.java:3048) [hadoop-common-3.3.6.jar:?]
2023-08-29 18:56:33,372 [IPC Server handler 7 on default port 15163] ERROR file.OMDirectoryCreateRequest (OMDirectoryCreateRequest.java:logResult(334)) - Directory creation failed. Volume:volume50878, Bucket:bucket78448, Keyd1/d2/d3/d4/key3. Exception:{}
FILE_ALREADY_EXISTS org.apache.hadoop.ozone.om.exceptions.OMException: Unable to create directory: d1/d2/d3/d4/key3 in volume/bucket: volume50878/bucket78448
	at org.apache.hadoop.ozone.om.request.file.OMDirectoryCreateRequest.validateAndUpdateCache(OMDirectoryCreateRequest.java:194)
	at org.apache.hadoop.ozone.protocolPB.OzoneManagerRequestHandler.handleWriteRequest(OzoneManagerRequestHandler.java:375)
	at org.apache.hadoop.ozone.protocolPB.OzoneManagerProtocolServerSideTranslatorPB.submitRequestDirectlyToOM(OzoneManagerProtocolServerSideTranslatorPB.java:280)
	at org.apache.hadoop.ozone.protocolPB.OzoneManagerProtocolServerSideTranslatorPB.processRequest(OzoneManagerProtocolServerSideTranslatorPB.java:175)
	at org.apache.hadoop.hdds.server.OzoneProtocolMessageDispatcher.processRequest(OzoneProtocolMessageDispatcher.java:87)
	at org.apache.hadoop.ozone.protocolPB.OzoneManagerProtocolServerSideTranslatorPB.submitRequest(OzoneManagerProtocolServerSideTranslatorPB.java:148)
	at org.apache.hadoop.ozone.protocol.proto.OzoneManagerProtocolProtos$OzoneManagerService$2.callBlockingMethod(OzoneManagerProtocolProtos.java)
	at org.apache.hadoop.ipc.ProtobufRpcEngine$Server.processCall(ProtobufRpcEngine.java:484)
	at org.apache.hadoop.ipc.ProtobufRpcEngine2$Server$ProtoBufRpcInvoker.call(ProtobufRpcEngine2.java:595)
	at org.apache.hadoop.ipc.ProtobufRpcEngine2$Server$ProtoBufRpcInvoker.call(ProtobufRpcEngine2.java:573)
	at org.apache.hadoop.ipc.RPC$Server.call(RPC.java:1227)
	at org.apache.hadoop.ipc.Server$RpcCall.run(Server.java:1094)
	at org.apache.hadoop.ipc.Server$RpcCall.run(Server.java:1017)
	at java.security.AccessController.doPrivileged(Native Method)
	at javax.security.auth.Subject.doAs(Subject.java:422)
	at org.apache.hadoop.security.UserGroupInformation.doAs(UserGroupInformation.java:1899)
	at org.apache.hadoop.ipc.Server$Handler.run(Server.java:3048)
18:56:33.373 [IPC Server handler 6 on default port 15163] ERROR OMAudit - user=runner | ip=127.0.0.1 | op=CREATE_FILE {volume=volume50878, bucket=bucket78448, key=d1/d2/d3, dataSize=4194304, replicationType=RATIS, replicationFactor=THREE} | ret=FAILURE
org.apache.hadoop.ozone.om.exceptions.OMException: Can not write to directory: d1/d2/d3
	at org.apache.hadoop.ozone.om.request.file.OMFileCreateRequest.checkDirectoryResult(OMFileCreateRequest.java:363) ~[ozone-manager-1.4.0-SNAPSHOT.jar:?]
	at org.apache.hadoop.ozone.om.request.file.OMFileCreateRequest.validateAndUpdateCache(OMFileCreateRequest.java:237) ~[ozone-manager-1.4.0-SNAPSHOT.jar:?]
	at org.apache.hadoop.ozone.protocolPB.OzoneManagerRequestHandler.handleWriteRequest(OzoneManagerRequestHandler.java:375) ~[ozone-manager-1.4.0-SNAPSHOT.jar:?]
	at org.apache.hadoop.ozone.protocolPB.OzoneManagerProtocolServerSideTranslatorPB.submitRequestDirectlyToOM(OzoneManagerProtocolServerSideTranslatorPB.java:280) ~[ozone-manager-1.4.0-SNAPSHOT.jar:?]
	at org.apache.hadoop.ozone.protocolPB.OzoneManagerProtocolServerSideTranslatorPB.processRequest(OzoneManagerProtocolServerSideTranslatorPB.java:175) ~[ozone-manager-1.4.0-SNAPSHOT.jar:?]
	at org.apache.hadoop.hdds.server.OzoneProtocolMessageDispatcher.processRequest(OzoneProtocolMessageDispatcher.java:87) [hdds-server-framework-1.4.0-SNAPSHOT.jar:?]
	at org.apache.hadoop.ozone.protocolPB.OzoneManagerProtocolServerSideTranslatorPB.submitRequest(OzoneManagerProtocolServerSideTranslatorPB.java:148) [ozone-manager-1.4.0-SNAPSHOT.jar:?]
	at org.apache.hadoop.ozone.protocol.proto.OzoneManagerProtocolProtos$OzoneManagerService$2.callBlockingMethod(OzoneManagerProtocolProtos.java) [ozone-interface-client-1.4.0-SNAPSHOT.jar:?]
	at org.apache.hadoop.ipc.ProtobufRpcEngine$Server.processCall(ProtobufRpcEngine.java:484) [hadoop-common-3.3.6.jar:?]
	at org.apache.hadoop.ipc.ProtobufRpcEngine2$Server$ProtoBufRpcInvoker.call(ProtobufRpcEngine2.java:595) [hadoop-common-3.3.6.jar:?]
	at org.apache.hadoop.ipc.ProtobufRpcEngine2$Server$ProtoBufRpcInvoker.call(ProtobufRpcEngine2.java:573) [hadoop-common-3.3.6.jar:?]
	at org.apache.hadoop.ipc.RPC$Server.call(RPC.java:1227) [hadoop-common-3.3.6.jar:?]
	at org.apache.hadoop.ipc.Server$RpcCall.run(Server.java:1094) [hadoop-common-3.3.6.jar:?]
	at org.apache.hadoop.ipc.Server$RpcCall.run(Server.java:1017) [hadoop-common-3.3.6.jar:?]
	at java.security.AccessController.doPrivileged(Native Method) ~[?:1.8.0_382]
	at javax.security.auth.Subject.doAs(Subject.java:422) [?:1.8.0_382]
	at org.apache.hadoop.security.UserGroupInformation.doAs(UserGroupInformation.java:1899) [hadoop-common-3.3.6.jar:?]
	at org.apache.hadoop.ipc.Server$Handler.run(Server.java:3048) [hadoop-common-3.3.6.jar:?]
2023-08-29 18:56:33,373 [IPC Server handler 6 on default port 15163] ERROR file.OMFileCreateRequest (OMFileCreateRequest.java:validateAndUpdateCache(336)) - File create failed. Volume:volume50878, Bucket:bucket78448, Keyd1/d2/d3.
NOT_A_FILE org.apache.hadoop.ozone.om.exceptions.OMException: Can not write to directory: d1/d2/d3
	at org.apache.hadoop.ozone.om.request.file.OMFileCreateRequest.checkDirectoryResult(OMFileCreateRequest.java:363)
	at org.apache.hadoop.ozone.om.request.file.OMFileCreateRequest.validateAndUpdateCache(OMFileCreateRequest.java:237)
	at org.apache.hadoop.ozone.protocolPB.OzoneManagerRequestHandler.handleWriteRequest(OzoneManagerRequestHandler.java:375)
	at org.apache.hadoop.ozone.protocolPB.OzoneManagerProtocolServerSideTranslatorPB.submitRequestDirectlyToOM(OzoneManagerProtocolServerSideTranslatorPB.java:280)
	at org.apache.hadoop.ozone.protocolPB.OzoneManagerProtocolServerSideTranslatorPB.processRequest(OzoneManagerProtocolServerSideTranslatorPB.java:175)
	at org.apache.hadoop.hdds.server.OzoneProtocolMessageDispatcher.processRequest(OzoneProtocolMessageDispatcher.java:87)
	at org.apache.hadoop.ozone.protocolPB.OzoneManagerProtocolServerSideTranslatorPB.submitRequest(OzoneManagerProtocolServerSideTranslatorPB.java:148)
	at org.apache.hadoop.ozone.protocol.proto.OzoneManagerProtocolProtos$OzoneManagerService$2.callBlockingMethod(OzoneManagerProtocolProtos.java)
	at org.apache.hadoop.ipc.ProtobufRpcEngine$Server.processCall(ProtobufRpcEngine.java:484)
	at org.apache.hadoop.ipc.ProtobufRpcEngine2$Server$ProtoBufRpcInvoker.call(ProtobufRpcEngine2.java:595)
	at org.apache.hadoop.ipc.ProtobufRpcEngine2$Server$ProtoBufRpcInvoker.call(ProtobufRpcEngine2.java:573)
	at org.apache.hadoop.ipc.RPC$Server.call(RPC.java:1227)
	at org.apache.hadoop.ipc.Server$RpcCall.run(Server.java:1094)
	at org.apache.hadoop.ipc.Server$RpcCall.run(Server.java:1017)
	at java.security.AccessController.doPrivileged(Native Method)
	at javax.security.auth.Subject.doAs(Subject.java:422)
	at org.apache.hadoop.security.UserGroupInformation.doAs(UserGroupInformation.java:1899)
	at org.apache.hadoop.ipc.Server$Handler.run(Server.java:3048)
18:56:33.375 [IPC Server handler 9 on default port 15163] ERROR OMAudit - user=runner | ip=127.0.0.1 | op=GET_FILE_STATUS {volume=volume50878, bucket=bucket78448, key=d1/d2/d3/d4/key3/invalid, dataSize=0, replicationConfig=null} | ret=FAILURE
org.apache.hadoop.ozone.om.exceptions.OMException: Unable to get file status: volume: volume50878 bucket: bucket78448 key: d1/d2/d3/d4/key3/invalid
	at org.apache.hadoop.ozone.om.KeyManagerImpl.getOzoneFileStatus(KeyManagerImpl.java:1195) ~[ozone-manager-1.4.0-SNAPSHOT.jar:?]
	at org.apache.hadoop.ozone.om.KeyManagerImpl.getFileStatus(KeyManagerImpl.java:1113) ~[ozone-manager-1.4.0-SNAPSHOT.jar:?]
	at org.apache.hadoop.ozone.om.OmMetadataReader.getFileStatus(OmMetadataReader.java:262) ~[ozone-manager-1.4.0-SNAPSHOT.jar:?]
	at org.apache.hadoop.ozone.om.OzoneManager.getFileStatus(OzoneManager.java:3530) ~[ozone-manager-1.4.0-SNAPSHOT.jar:?]
	at org.apache.hadoop.ozone.protocolPB.OzoneManagerRequestHandler.getOzoneFileStatus(OzoneManagerRequestHandler.java:973) ~[ozone-manager-1.4.0-SNAPSHOT.jar:?]
	at org.apache.hadoop.ozone.protocolPB.OzoneManagerRequestHandler.handleReadRequest(OzoneManagerRequestHandler.java:252) ~[ozone-manager-1.4.0-SNAPSHOT.jar:?]
	at org.apache.hadoop.ozone.protocolPB.OzoneManagerProtocolServerSideTranslatorPB.submitRequestDirectlyToOM(OzoneManagerProtocolServerSideTranslatorPB.java:274) ~[ozone-manager-1.4.0-SNAPSHOT.jar:?]
	at org.apache.hadoop.ozone.protocolPB.OzoneManagerProtocolServerSideTranslatorPB.processRequest(OzoneManagerProtocolServerSideTranslatorPB.java:175) ~[ozone-manager-1.4.0-SNAPSHOT.jar:?]
	at org.apache.hadoop.hdds.server.OzoneProtocolMessageDispatcher.processRequest(OzoneProtocolMessageDispatcher.java:87) [hdds-server-framework-1.4.0-SNAPSHOT.jar:?]
	at org.apache.hadoop.ozone.protocolPB.OzoneManagerProtocolServerSideTranslatorPB.submitRequest(OzoneManagerProtocolServerSideTranslatorPB.java:148) [ozone-manager-1.4.0-SNAPSHOT.jar:?]
	at org.apache.hadoop.ozone.protocol.proto.OzoneManagerProtocolProtos$OzoneManagerService$2.callBlockingMethod(OzoneManagerProtocolProtos.java) [ozone-interface-client-1.4.0-SNAPSHOT.jar:?]
	at org.apache.hadoop.ipc.ProtobufRpcEngine$Server.processCall(ProtobufRpcEngine.java:484) [hadoop-common-3.3.6.jar:?]
	at org.apache.hadoop.ipc.ProtobufRpcEngine2$Server$ProtoBufRpcInvoker.call(ProtobufRpcEngine2.java:595) [hadoop-common-3.3.6.jar:?]
	at org.apache.hadoop.ipc.ProtobufRpcEngine2$Server$ProtoBufRpcInvoker.call(ProtobufRpcEngine2.java:573) [hadoop-common-3.3.6.jar:?]
	at org.apache.hadoop.ipc.RPC$Server.call(RPC.java:1227) [hadoop-common-3.3.6.jar:?]
	at org.apache.hadoop.ipc.Server$RpcCall.run(Server.java:1094) [hadoop-common-3.3.6.jar:?]
	at org.apache.hadoop.ipc.Server$RpcCall.run(Server.java:1017) [hadoop-common-3.3.6.jar:?]
	at java.security.AccessController.doPrivileged(Native Method) ~[?:1.8.0_382]
	at javax.security.auth.Subject.doAs(Subject.java:422) [?:1.8.0_382]
	at org.apache.hadoop.security.UserGroupInformation.doAs(UserGroupInformation.java:1899) [hadoop-common-3.3.6.jar:?]
	at org.apache.hadoop.ipc.Server$Handler.run(Server.java:3048) [hadoop-common-3.3.6.jar:?]
18:56:33.376 [IPC Server handler 11 on default port 15163] ERROR OMAudit - user=runner | ip=127.0.0.1 | op=GET_FILE_STATUS {volume=volume50878, bucket=bucket78448, key=d1/d2/d3/d4/invalidkey, dataSize=0, replicationConfig=null} | ret=FAILURE
org.apache.hadoop.ozone.om.exceptions.OMException: Unable to get file status: volume: volume50878 bucket: bucket78448 key: d1/d2/d3/d4/invalidkey
	at org.apache.hadoop.ozone.om.KeyManagerImpl.getOzoneFileStatus(KeyManagerImpl.java:1195) ~[ozone-manager-1.4.0-SNAPSHOT.jar:?]
	at org.apache.hadoop.ozone.om.KeyManagerImpl.getFileStatus(KeyManagerImpl.java:1113) ~[ozone-manager-1.4.0-SNAPSHOT.jar:?]
	at org.apache.hadoop.ozone.om.OmMetadataReader.getFileStatus(OmMetadataReader.java:262) ~[ozone-manager-1.4.0-SNAPSHOT.jar:?]
	at org.apache.hadoop.ozone.om.OzoneManager.getFileStatus(OzoneManager.java:3530) ~[ozone-manager-1.4.0-SNAPSHOT.jar:?]
	at org.apache.hadoop.ozone.protocolPB.OzoneManagerRequestHandler.getOzoneFileStatus(OzoneManagerRequestHandler.java:973) ~[ozone-manager-1.4.0-SNAPSHOT.jar:?]
	at org.apache.hadoop.ozone.protocolPB.OzoneManagerRequestHandler.handleReadRequest(OzoneManagerRequestHandler.java:252) ~[ozone-manager-1.4.0-SNAPSHOT.jar:?]
	at org.apache.hadoop.ozone.protocolPB.OzoneManagerProtocolServerSideTranslatorPB.submitRequestDirectlyToOM(OzoneManagerProtocolServerSideTranslatorPB.java:274) ~[ozone-manager-1.4.0-SNAPSHOT.jar:?]
	at org.apache.hadoop.ozone.protocolPB.OzoneManagerProtocolServerSideTranslatorPB.processRequest(OzoneManagerProtocolServerSideTranslatorPB.java:175) ~[ozone-manager-1.4.0-SNAPSHOT.jar:?]
	at org.apache.hadoop.hdds.server.OzoneProtocolMessageDispatcher.processRequest(OzoneProtocolMessageDispatcher.java:87) [hdds-server-framework-1.4.0-SNAPSHOT.jar:?]
	at org.apache.hadoop.ozone.protocolPB.OzoneManagerProtocolServerSideTranslatorPB.submitRequest(OzoneManagerProtocolServerSideTranslatorPB.java:148) [ozone-manager-1.4.0-SNAPSHOT.jar:?]
	at org.apache.hadoop.ozone.protocol.proto.OzoneManagerProtocolProtos$OzoneManagerService$2.callBlockingMethod(OzoneManagerProtocolProtos.java) [ozone-interface-client-1.4.0-SNAPSHOT.jar:?]
	at org.apache.hadoop.ipc.ProtobufRpcEngine$Server.processCall(ProtobufRpcEngine.java:484) [hadoop-common-3.3.6.jar:?]
	at org.apache.hadoop.ipc.ProtobufRpcEngine2$Server$ProtoBufRpcInvoker.call(ProtobufRpcEngine2.java:595) [hadoop-common-3.3.6.jar:?]
	at org.apache.hadoop.ipc.ProtobufRpcEngine2$Server$ProtoBufRpcInvoker.call(ProtobufRpcEngine2.java:573) [hadoop-common-3.3.6.jar:?]
	at org.apache.hadoop.ipc.RPC$Server.call(RPC.java:1227) [hadoop-common-3.3.6.jar:?]
	at org.apache.hadoop.ipc.Server$RpcCall.run(Server.java:1094) [hadoop-common-3.3.6.jar:?]
	at org.apache.hadoop.ipc.Server$RpcCall.run(Server.java:1017) [hadoop-common-3.3.6.jar:?]
	at java.security.AccessController.doPrivileged(Native Method) ~[?:1.8.0_382]
	at javax.security.auth.Subject.doAs(Subject.java:422) [?:1.8.0_382]
	at org.apache.hadoop.security.UserGroupInformation.doAs(UserGroupInformation.java:1899) [hadoop-common-3.3.6.jar:?]
	at org.apache.hadoop.ipc.Server$Handler.run(Server.java:3048) [hadoop-common-3.3.6.jar:?]
]]></system-out>
  </testcase>
  <testcase name="testRenameContainDelimiterFile" classname="TestOzoneFileSystem" time="0.041">
    <system-out><![CDATA[18:53:05.648 [IPC Server handler 4 on default port 15004] ERROR OMAudit - user=runner | ip=127.0.0.1 | op=GET_FILE_STATUS {volume=volume53060, bucket=bucket79480, key=dir1/dir2/key2, dataSize=0, replicationConfig=null} | ret=FAILURE
org.apache.hadoop.ozone.om.exceptions.OMException: Unable to get file status: volume: volume53060 bucket: bucket79480 key: dir1/dir2/key2
	at org.apache.hadoop.ozone.om.KeyManagerImpl.getOzoneFileStatus(KeyManagerImpl.java:1195) ~[ozone-manager-1.4.0-SNAPSHOT.jar:?]
	at org.apache.hadoop.ozone.om.KeyManagerImpl.getFileStatus(KeyManagerImpl.java:1113) ~[ozone-manager-1.4.0-SNAPSHOT.jar:?]
	at org.apache.hadoop.ozone.om.OmMetadataReader.getFileStatus(OmMetadataReader.java:262) ~[ozone-manager-1.4.0-SNAPSHOT.jar:?]
	at org.apache.hadoop.ozone.om.OzoneManager.getFileStatus(OzoneManager.java:3530) ~[ozone-manager-1.4.0-SNAPSHOT.jar:?]
	at org.apache.hadoop.ozone.protocolPB.OzoneManagerRequestHandler.getOzoneFileStatus(OzoneManagerRequestHandler.java:973) ~[ozone-manager-1.4.0-SNAPSHOT.jar:?]
	at org.apache.hadoop.ozone.protocolPB.OzoneManagerRequestHandler.handleReadRequest(OzoneManagerRequestHandler.java:252) ~[ozone-manager-1.4.0-SNAPSHOT.jar:?]
	at org.apache.hadoop.ozone.protocolPB.OzoneManagerProtocolServerSideTranslatorPB.submitReadRequestToOM(OzoneManagerProtocolServerSideTranslatorPB.java:225) ~[ozone-manager-1.4.0-SNAPSHOT.jar:?]
	at org.apache.hadoop.ozone.protocolPB.OzoneManagerProtocolServerSideTranslatorPB.processRequest(OzoneManagerProtocolServerSideTranslatorPB.java:179) ~[ozone-manager-1.4.0-SNAPSHOT.jar:?]
	at org.apache.hadoop.hdds.server.OzoneProtocolMessageDispatcher.processRequest(OzoneProtocolMessageDispatcher.java:87) [hdds-server-framework-1.4.0-SNAPSHOT.jar:?]
	at org.apache.hadoop.ozone.protocolPB.OzoneManagerProtocolServerSideTranslatorPB.submitRequest(OzoneManagerProtocolServerSideTranslatorPB.java:148) [ozone-manager-1.4.0-SNAPSHOT.jar:?]
	at org.apache.hadoop.ozone.protocol.proto.OzoneManagerProtocolProtos$OzoneManagerService$2.callBlockingMethod(OzoneManagerProtocolProtos.java) [ozone-interface-client-1.4.0-SNAPSHOT.jar:?]
	at org.apache.hadoop.ipc.ProtobufRpcEngine$Server.processCall(ProtobufRpcEngine.java:484) [hadoop-common-3.3.6.jar:?]
	at org.apache.hadoop.ipc.ProtobufRpcEngine2$Server$ProtoBufRpcInvoker.call(ProtobufRpcEngine2.java:595) [hadoop-common-3.3.6.jar:?]
	at org.apache.hadoop.ipc.ProtobufRpcEngine2$Server$ProtoBufRpcInvoker.call(ProtobufRpcEngine2.java:573) [hadoop-common-3.3.6.jar:?]
	at org.apache.hadoop.ipc.RPC$Server.call(RPC.java:1227) [hadoop-common-3.3.6.jar:?]
	at org.apache.hadoop.ipc.Server$RpcCall.run(Server.java:1094) [hadoop-common-3.3.6.jar:?]
	at org.apache.hadoop.ipc.Server$RpcCall.run(Server.java:1017) [hadoop-common-3.3.6.jar:?]
	at java.security.AccessController.doPrivileged(Native Method) ~[?:1.8.0_382]
	at javax.security.auth.Subject.doAs(Subject.java:422) [?:1.8.0_382]
	at org.apache.hadoop.security.UserGroupInformation.doAs(UserGroupInformation.java:1899) [hadoop-common-3.3.6.jar:?]
	at org.apache.hadoop.ipc.Server$Handler.run(Server.java:3048) [hadoop-common-3.3.6.jar:?]
18:53:05.660 [IPC Server handler 11 on default port 15004] ERROR OMAudit - user=runner | ip=127.0.0.1 | op=GET_FILE_STATUS {volume=volume53060, bucket=bucket79480, key=dir1/dir2/key1, dataSize=0, replicationConfig=null} | ret=FAILURE
org.apache.hadoop.ozone.om.exceptions.OMException: Unable to get file status: volume: volume53060 bucket: bucket79480 key: dir1/dir2/key1
	at org.apache.hadoop.ozone.om.KeyManagerImpl.getOzoneFileStatus(KeyManagerImpl.java:1195) ~[ozone-manager-1.4.0-SNAPSHOT.jar:?]
	at org.apache.hadoop.ozone.om.KeyManagerImpl.getFileStatus(KeyManagerImpl.java:1113) ~[ozone-manager-1.4.0-SNAPSHOT.jar:?]
	at org.apache.hadoop.ozone.om.OmMetadataReader.getFileStatus(OmMetadataReader.java:262) ~[ozone-manager-1.4.0-SNAPSHOT.jar:?]
	at org.apache.hadoop.ozone.om.OzoneManager.getFileStatus(OzoneManager.java:3530) ~[ozone-manager-1.4.0-SNAPSHOT.jar:?]
	at org.apache.hadoop.ozone.protocolPB.OzoneManagerRequestHandler.getOzoneFileStatus(OzoneManagerRequestHandler.java:973) ~[ozone-manager-1.4.0-SNAPSHOT.jar:?]
	at org.apache.hadoop.ozone.protocolPB.OzoneManagerRequestHandler.handleReadRequest(OzoneManagerRequestHandler.java:252) ~[ozone-manager-1.4.0-SNAPSHOT.jar:?]
	at org.apache.hadoop.ozone.protocolPB.OzoneManagerProtocolServerSideTranslatorPB.submitReadRequestToOM(OzoneManagerProtocolServerSideTranslatorPB.java:225) ~[ozone-manager-1.4.0-SNAPSHOT.jar:?]
	at org.apache.hadoop.ozone.protocolPB.OzoneManagerProtocolServerSideTranslatorPB.processRequest(OzoneManagerProtocolServerSideTranslatorPB.java:179) ~[ozone-manager-1.4.0-SNAPSHOT.jar:?]
	at org.apache.hadoop.hdds.server.OzoneProtocolMessageDispatcher.processRequest(OzoneProtocolMessageDispatcher.java:87) [hdds-server-framework-1.4.0-SNAPSHOT.jar:?]
	at org.apache.hadoop.ozone.protocolPB.OzoneManagerProtocolServerSideTranslatorPB.submitRequest(OzoneManagerProtocolServerSideTranslatorPB.java:148) [ozone-manager-1.4.0-SNAPSHOT.jar:?]
	at org.apache.hadoop.ozone.protocol.proto.OzoneManagerProtocolProtos$OzoneManagerService$2.callBlockingMethod(OzoneManagerProtocolProtos.java) [ozone-interface-client-1.4.0-SNAPSHOT.jar:?]
	at org.apache.hadoop.ipc.ProtobufRpcEngine$Server.processCall(ProtobufRpcEngine.java:484) [hadoop-common-3.3.6.jar:?]
	at org.apache.hadoop.ipc.ProtobufRpcEngine2$Server$ProtoBufRpcInvoker.call(ProtobufRpcEngine2.java:595) [hadoop-common-3.3.6.jar:?]
	at org.apache.hadoop.ipc.ProtobufRpcEngine2$Server$ProtoBufRpcInvoker.call(ProtobufRpcEngine2.java:573) [hadoop-common-3.3.6.jar:?]
	at org.apache.hadoop.ipc.RPC$Server.call(RPC.java:1227) [hadoop-common-3.3.6.jar:?]
	at org.apache.hadoop.ipc.Server$RpcCall.run(Server.java:1094) [hadoop-common-3.3.6.jar:?]
	at org.apache.hadoop.ipc.Server$RpcCall.run(Server.java:1017) [hadoop-common-3.3.6.jar:?]
	at java.security.AccessController.doPrivileged(Native Method) ~[?:1.8.0_382]
	at javax.security.auth.Subject.doAs(Subject.java:422) [?:1.8.0_382]
	at org.apache.hadoop.security.UserGroupInformation.doAs(UserGroupInformation.java:1899) [hadoop-common-3.3.6.jar:?]
	at org.apache.hadoop.ipc.Server$Handler.run(Server.java:3048) [hadoop-common-3.3.6.jar:?]
18:53:05.662 [IPC Server handler 18 on default port 15004] ERROR OMAudit - user=runner | ip=127.0.0.1 | op=GET_FILE_STATUS {volume=volume53060, bucket=bucket79480, key=user/runner/dir1, dataSize=0, replicationConfig=null} | ret=FAILURE
org.apache.hadoop.ozone.om.exceptions.OMException: Unable to get file status: volume: volume53060 bucket: bucket79480 key: user/runner/dir1
	at org.apache.hadoop.ozone.om.KeyManagerImpl.getOzoneFileStatus(KeyManagerImpl.java:1195) ~[ozone-manager-1.4.0-SNAPSHOT.jar:?]
	at org.apache.hadoop.ozone.om.KeyManagerImpl.getFileStatus(KeyManagerImpl.java:1113) ~[ozone-manager-1.4.0-SNAPSHOT.jar:?]
	at org.apache.hadoop.ozone.om.OmMetadataReader.getFileStatus(OmMetadataReader.java:262) ~[ozone-manager-1.4.0-SNAPSHOT.jar:?]
	at org.apache.hadoop.ozone.om.OzoneManager.getFileStatus(OzoneManager.java:3530) ~[ozone-manager-1.4.0-SNAPSHOT.jar:?]
	at org.apache.hadoop.ozone.protocolPB.OzoneManagerRequestHandler.getOzoneFileStatus(OzoneManagerRequestHandler.java:973) ~[ozone-manager-1.4.0-SNAPSHOT.jar:?]
	at org.apache.hadoop.ozone.protocolPB.OzoneManagerRequestHandler.handleReadRequest(OzoneManagerRequestHandler.java:252) ~[ozone-manager-1.4.0-SNAPSHOT.jar:?]
	at org.apache.hadoop.ozone.protocolPB.OzoneManagerProtocolServerSideTranslatorPB.submitReadRequestToOM(OzoneManagerProtocolServerSideTranslatorPB.java:225) ~[ozone-manager-1.4.0-SNAPSHOT.jar:?]
	at org.apache.hadoop.ozone.protocolPB.OzoneManagerProtocolServerSideTranslatorPB.processRequest(OzoneManagerProtocolServerSideTranslatorPB.java:179) ~[ozone-manager-1.4.0-SNAPSHOT.jar:?]
	at org.apache.hadoop.hdds.server.OzoneProtocolMessageDispatcher.processRequest(OzoneProtocolMessageDispatcher.java:87) [hdds-server-framework-1.4.0-SNAPSHOT.jar:?]
	at org.apache.hadoop.ozone.protocolPB.OzoneManagerProtocolServerSideTranslatorPB.submitRequest(OzoneManagerProtocolServerSideTranslatorPB.java:148) [ozone-manager-1.4.0-SNAPSHOT.jar:?]
	at org.apache.hadoop.ozone.protocol.proto.OzoneManagerProtocolProtos$OzoneManagerService$2.callBlockingMethod(OzoneManagerProtocolProtos.java) [ozone-interface-client-1.4.0-SNAPSHOT.jar:?]
	at org.apache.hadoop.ipc.ProtobufRpcEngine$Server.processCall(ProtobufRpcEngine.java:484) [hadoop-common-3.3.6.jar:?]
	at org.apache.hadoop.ipc.ProtobufRpcEngine2$Server$ProtoBufRpcInvoker.call(ProtobufRpcEngine2.java:595) [hadoop-common-3.3.6.jar:?]
	at org.apache.hadoop.ipc.ProtobufRpcEngine2$Server$ProtoBufRpcInvoker.call(ProtobufRpcEngine2.java:573) [hadoop-common-3.3.6.jar:?]
	at org.apache.hadoop.ipc.RPC$Server.call(RPC.java:1227) [hadoop-common-3.3.6.jar:?]
	at org.apache.hadoop.ipc.Server$RpcCall.run(Server.java:1094) [hadoop-common-3.3.6.jar:?]
	at org.apache.hadoop.ipc.Server$RpcCall.run(Server.java:1017) [hadoop-common-3.3.6.jar:?]
	at java.security.AccessController.doPrivileged(Native Method) ~[?:1.8.0_382]
	at javax.security.auth.Subject.doAs(Subject.java:422) [?:1.8.0_382]
	at org.apache.hadoop.security.UserGroupInformation.doAs(UserGroupInformation.java:1899) [hadoop-common-3.3.6.jar:?]
	at org.apache.hadoop.ipc.Server$Handler.run(Server.java:3048) [hadoop-common-3.3.6.jar:?]
18:53:05.664 [IPC Server handler 9 on default port 15004] ERROR OMAudit - user=runner | ip=127.0.0.1 | op=GET_FILE_STATUS {volume=volume53060, bucket=bucket79480, key=user/runner/dir1/dir2, dataSize=0, replicationConfig=null} | ret=FAILURE
org.apache.hadoop.ozone.om.exceptions.OMException: Unable to get file status: volume: volume53060 bucket: bucket79480 key: user/runner/dir1/dir2
	at org.apache.hadoop.ozone.om.KeyManagerImpl.getOzoneFileStatus(KeyManagerImpl.java:1195) ~[ozone-manager-1.4.0-SNAPSHOT.jar:?]
	at org.apache.hadoop.ozone.om.KeyManagerImpl.getFileStatus(KeyManagerImpl.java:1113) ~[ozone-manager-1.4.0-SNAPSHOT.jar:?]
	at org.apache.hadoop.ozone.om.OmMetadataReader.getFileStatus(OmMetadataReader.java:262) ~[ozone-manager-1.4.0-SNAPSHOT.jar:?]
	at org.apache.hadoop.ozone.om.OzoneManager.getFileStatus(OzoneManager.java:3530) ~[ozone-manager-1.4.0-SNAPSHOT.jar:?]
	at org.apache.hadoop.ozone.protocolPB.OzoneManagerRequestHandler.getOzoneFileStatus(OzoneManagerRequestHandler.java:973) ~[ozone-manager-1.4.0-SNAPSHOT.jar:?]
	at org.apache.hadoop.ozone.protocolPB.OzoneManagerRequestHandler.handleReadRequest(OzoneManagerRequestHandler.java:252) ~[ozone-manager-1.4.0-SNAPSHOT.jar:?]
	at org.apache.hadoop.ozone.protocolPB.OzoneManagerProtocolServerSideTranslatorPB.submitReadRequestToOM(OzoneManagerProtocolServerSideTranslatorPB.java:225) ~[ozone-manager-1.4.0-SNAPSHOT.jar:?]
	at org.apache.hadoop.ozone.protocolPB.OzoneManagerProtocolServerSideTranslatorPB.processRequest(OzoneManagerProtocolServerSideTranslatorPB.java:179) ~[ozone-manager-1.4.0-SNAPSHOT.jar:?]
	at org.apache.hadoop.hdds.server.OzoneProtocolMessageDispatcher.processRequest(OzoneProtocolMessageDispatcher.java:87) [hdds-server-framework-1.4.0-SNAPSHOT.jar:?]
	at org.apache.hadoop.ozone.protocolPB.OzoneManagerProtocolServerSideTranslatorPB.submitRequest(OzoneManagerProtocolServerSideTranslatorPB.java:148) [ozone-manager-1.4.0-SNAPSHOT.jar:?]
	at org.apache.hadoop.ozone.protocol.proto.OzoneManagerProtocolProtos$OzoneManagerService$2.callBlockingMethod(OzoneManagerProtocolProtos.java) [ozone-interface-client-1.4.0-SNAPSHOT.jar:?]
	at org.apache.hadoop.ipc.ProtobufRpcEngine$Server.processCall(ProtobufRpcEngine.java:484) [hadoop-common-3.3.6.jar:?]
	at org.apache.hadoop.ipc.ProtobufRpcEngine2$Server$ProtoBufRpcInvoker.call(ProtobufRpcEngine2.java:595) [hadoop-common-3.3.6.jar:?]
	at org.apache.hadoop.ipc.ProtobufRpcEngine2$Server$ProtoBufRpcInvoker.call(ProtobufRpcEngine2.java:573) [hadoop-common-3.3.6.jar:?]
	at org.apache.hadoop.ipc.RPC$Server.call(RPC.java:1227) [hadoop-common-3.3.6.jar:?]
	at org.apache.hadoop.ipc.Server$RpcCall.run(Server.java:1094) [hadoop-common-3.3.6.jar:?]
	at org.apache.hadoop.ipc.Server$RpcCall.run(Server.java:1017) [hadoop-common-3.3.6.jar:?]
	at java.security.AccessController.doPrivileged(Native Method) ~[?:1.8.0_382]
	at javax.security.auth.Subject.doAs(Subject.java:422) [?:1.8.0_382]
	at org.apache.hadoop.security.UserGroupInformation.doAs(UserGroupInformation.java:1899) [hadoop-common-3.3.6.jar:?]
	at org.apache.hadoop.ipc.Server$Handler.run(Server.java:3048) [hadoop-common-3.3.6.jar:?]
]]></system-out>
  </testcase>
  <testcase name="testRenameContainDelimiterFile" classname="TestOzoneFileSystem" time="0.025">
    <system-out><![CDATA[18:54:25.008 [IPC Server handler 8 on default port 15057] ERROR OMAudit - user=runner | ip=127.0.0.1 | op=GET_FILE_STATUS {volume=volume92422, bucket=bucket94858, key=dir1/dir2/key2, dataSize=0, replicationConfig=null} | ret=FAILURE
org.apache.hadoop.ozone.om.exceptions.OMException: Unable to get file status: volume: volume92422 bucket: bucket94858 key: dir1/dir2/key2
	at org.apache.hadoop.ozone.om.KeyManagerImpl.getOzoneFileStatus(KeyManagerImpl.java:1195) ~[ozone-manager-1.4.0-SNAPSHOT.jar:?]
	at org.apache.hadoop.ozone.om.KeyManagerImpl.getFileStatus(KeyManagerImpl.java:1113) ~[ozone-manager-1.4.0-SNAPSHOT.jar:?]
	at org.apache.hadoop.ozone.om.OmMetadataReader.getFileStatus(OmMetadataReader.java:262) ~[ozone-manager-1.4.0-SNAPSHOT.jar:?]
	at org.apache.hadoop.ozone.om.OzoneManager.getFileStatus(OzoneManager.java:3530) ~[ozone-manager-1.4.0-SNAPSHOT.jar:?]
	at org.apache.hadoop.ozone.protocolPB.OzoneManagerRequestHandler.getOzoneFileStatus(OzoneManagerRequestHandler.java:973) ~[ozone-manager-1.4.0-SNAPSHOT.jar:?]
	at org.apache.hadoop.ozone.protocolPB.OzoneManagerRequestHandler.handleReadRequest(OzoneManagerRequestHandler.java:252) ~[ozone-manager-1.4.0-SNAPSHOT.jar:?]
	at org.apache.hadoop.ozone.protocolPB.OzoneManagerProtocolServerSideTranslatorPB.submitRequestDirectlyToOM(OzoneManagerProtocolServerSideTranslatorPB.java:274) ~[ozone-manager-1.4.0-SNAPSHOT.jar:?]
	at org.apache.hadoop.ozone.protocolPB.OzoneManagerProtocolServerSideTranslatorPB.processRequest(OzoneManagerProtocolServerSideTranslatorPB.java:175) ~[ozone-manager-1.4.0-SNAPSHOT.jar:?]
	at org.apache.hadoop.hdds.server.OzoneProtocolMessageDispatcher.processRequest(OzoneProtocolMessageDispatcher.java:87) [hdds-server-framework-1.4.0-SNAPSHOT.jar:?]
	at org.apache.hadoop.ozone.protocolPB.OzoneManagerProtocolServerSideTranslatorPB.submitRequest(OzoneManagerProtocolServerSideTranslatorPB.java:148) [ozone-manager-1.4.0-SNAPSHOT.jar:?]
	at org.apache.hadoop.ozone.protocol.proto.OzoneManagerProtocolProtos$OzoneManagerService$2.callBlockingMethod(OzoneManagerProtocolProtos.java) [ozone-interface-client-1.4.0-SNAPSHOT.jar:?]
	at org.apache.hadoop.ipc.ProtobufRpcEngine$Server.processCall(ProtobufRpcEngine.java:484) [hadoop-common-3.3.6.jar:?]
	at org.apache.hadoop.ipc.ProtobufRpcEngine2$Server$ProtoBufRpcInvoker.call(ProtobufRpcEngine2.java:595) [hadoop-common-3.3.6.jar:?]
	at org.apache.hadoop.ipc.ProtobufRpcEngine2$Server$ProtoBufRpcInvoker.call(ProtobufRpcEngine2.java:573) [hadoop-common-3.3.6.jar:?]
	at org.apache.hadoop.ipc.RPC$Server.call(RPC.java:1227) [hadoop-common-3.3.6.jar:?]
	at org.apache.hadoop.ipc.Server$RpcCall.run(Server.java:1094) [hadoop-common-3.3.6.jar:?]
	at org.apache.hadoop.ipc.Server$RpcCall.run(Server.java:1017) [hadoop-common-3.3.6.jar:?]
	at java.security.AccessController.doPrivileged(Native Method) ~[?:1.8.0_382]
	at javax.security.auth.Subject.doAs(Subject.java:422) [?:1.8.0_382]
	at org.apache.hadoop.security.UserGroupInformation.doAs(UserGroupInformation.java:1899) [hadoop-common-3.3.6.jar:?]
	at org.apache.hadoop.ipc.Server$Handler.run(Server.java:3048) [hadoop-common-3.3.6.jar:?]
18:54:25.013 [IPC Server handler 19 on default port 15057] ERROR OMAudit - user=runner | ip=127.0.0.1 | op=GET_FILE_STATUS {volume=volume92422, bucket=bucket94858, key=dir1/dir2/key1, dataSize=0, replicationConfig=null} | ret=FAILURE
org.apache.hadoop.ozone.om.exceptions.OMException: Unable to get file status: volume: volume92422 bucket: bucket94858 key: dir1/dir2/key1
	at org.apache.hadoop.ozone.om.KeyManagerImpl.getOzoneFileStatus(KeyManagerImpl.java:1195) ~[ozone-manager-1.4.0-SNAPSHOT.jar:?]
	at org.apache.hadoop.ozone.om.KeyManagerImpl.getFileStatus(KeyManagerImpl.java:1113) ~[ozone-manager-1.4.0-SNAPSHOT.jar:?]
	at org.apache.hadoop.ozone.om.OmMetadataReader.getFileStatus(OmMetadataReader.java:262) ~[ozone-manager-1.4.0-SNAPSHOT.jar:?]
	at org.apache.hadoop.ozone.om.OzoneManager.getFileStatus(OzoneManager.java:3530) ~[ozone-manager-1.4.0-SNAPSHOT.jar:?]
	at org.apache.hadoop.ozone.protocolPB.OzoneManagerRequestHandler.getOzoneFileStatus(OzoneManagerRequestHandler.java:973) ~[ozone-manager-1.4.0-SNAPSHOT.jar:?]
	at org.apache.hadoop.ozone.protocolPB.OzoneManagerRequestHandler.handleReadRequest(OzoneManagerRequestHandler.java:252) ~[ozone-manager-1.4.0-SNAPSHOT.jar:?]
	at org.apache.hadoop.ozone.protocolPB.OzoneManagerProtocolServerSideTranslatorPB.submitRequestDirectlyToOM(OzoneManagerProtocolServerSideTranslatorPB.java:274) ~[ozone-manager-1.4.0-SNAPSHOT.jar:?]
	at org.apache.hadoop.ozone.protocolPB.OzoneManagerProtocolServerSideTranslatorPB.processRequest(OzoneManagerProtocolServerSideTranslatorPB.java:175) ~[ozone-manager-1.4.0-SNAPSHOT.jar:?]
	at org.apache.hadoop.hdds.server.OzoneProtocolMessageDispatcher.processRequest(OzoneProtocolMessageDispatcher.java:87) [hdds-server-framework-1.4.0-SNAPSHOT.jar:?]
	at org.apache.hadoop.ozone.protocolPB.OzoneManagerProtocolServerSideTranslatorPB.submitRequest(OzoneManagerProtocolServerSideTranslatorPB.java:148) [ozone-manager-1.4.0-SNAPSHOT.jar:?]
	at org.apache.hadoop.ozone.protocol.proto.OzoneManagerProtocolProtos$OzoneManagerService$2.callBlockingMethod(OzoneManagerProtocolProtos.java) [ozone-interface-client-1.4.0-SNAPSHOT.jar:?]
	at org.apache.hadoop.ipc.ProtobufRpcEngine$Server.processCall(ProtobufRpcEngine.java:484) [hadoop-common-3.3.6.jar:?]
	at org.apache.hadoop.ipc.ProtobufRpcEngine2$Server$ProtoBufRpcInvoker.call(ProtobufRpcEngine2.java:595) [hadoop-common-3.3.6.jar:?]
	at org.apache.hadoop.ipc.ProtobufRpcEngine2$Server$ProtoBufRpcInvoker.call(ProtobufRpcEngine2.java:573) [hadoop-common-3.3.6.jar:?]
	at org.apache.hadoop.ipc.RPC$Server.call(RPC.java:1227) [hadoop-common-3.3.6.jar:?]
	at org.apache.hadoop.ipc.Server$RpcCall.run(Server.java:1094) [hadoop-common-3.3.6.jar:?]
	at org.apache.hadoop.ipc.Server$RpcCall.run(Server.java:1017) [hadoop-common-3.3.6.jar:?]
	at java.security.AccessController.doPrivileged(Native Method) ~[?:1.8.0_382]
	at javax.security.auth.Subject.doAs(Subject.java:422) [?:1.8.0_382]
	at org.apache.hadoop.security.UserGroupInformation.doAs(UserGroupInformation.java:1899) [hadoop-common-3.3.6.jar:?]
	at org.apache.hadoop.ipc.Server$Handler.run(Server.java:3048) [hadoop-common-3.3.6.jar:?]
18:54:25.015 [IPC Server handler 14 on default port 15057] ERROR OMAudit - user=runner | ip=127.0.0.1 | op=GET_FILE_STATUS {volume=volume92422, bucket=bucket94858, key=user/runner/dir1, dataSize=0, replicationConfig=null} | ret=FAILURE
org.apache.hadoop.ozone.om.exceptions.OMException: Unable to get file status: volume: volume92422 bucket: bucket94858 key: user/runner/dir1
	at org.apache.hadoop.ozone.om.KeyManagerImpl.getOzoneFileStatus(KeyManagerImpl.java:1195) ~[ozone-manager-1.4.0-SNAPSHOT.jar:?]
	at org.apache.hadoop.ozone.om.KeyManagerImpl.getFileStatus(KeyManagerImpl.java:1113) ~[ozone-manager-1.4.0-SNAPSHOT.jar:?]
	at org.apache.hadoop.ozone.om.OmMetadataReader.getFileStatus(OmMetadataReader.java:262) ~[ozone-manager-1.4.0-SNAPSHOT.jar:?]
	at org.apache.hadoop.ozone.om.OzoneManager.getFileStatus(OzoneManager.java:3530) ~[ozone-manager-1.4.0-SNAPSHOT.jar:?]
	at org.apache.hadoop.ozone.protocolPB.OzoneManagerRequestHandler.getOzoneFileStatus(OzoneManagerRequestHandler.java:973) ~[ozone-manager-1.4.0-SNAPSHOT.jar:?]
	at org.apache.hadoop.ozone.protocolPB.OzoneManagerRequestHandler.handleReadRequest(OzoneManagerRequestHandler.java:252) ~[ozone-manager-1.4.0-SNAPSHOT.jar:?]
	at org.apache.hadoop.ozone.protocolPB.OzoneManagerProtocolServerSideTranslatorPB.submitRequestDirectlyToOM(OzoneManagerProtocolServerSideTranslatorPB.java:274) ~[ozone-manager-1.4.0-SNAPSHOT.jar:?]
	at org.apache.hadoop.ozone.protocolPB.OzoneManagerProtocolServerSideTranslatorPB.processRequest(OzoneManagerProtocolServerSideTranslatorPB.java:175) ~[ozone-manager-1.4.0-SNAPSHOT.jar:?]
	at org.apache.hadoop.hdds.server.OzoneProtocolMessageDispatcher.processRequest(OzoneProtocolMessageDispatcher.java:87) [hdds-server-framework-1.4.0-SNAPSHOT.jar:?]
	at org.apache.hadoop.ozone.protocolPB.OzoneManagerProtocolServerSideTranslatorPB.submitRequest(OzoneManagerProtocolServerSideTranslatorPB.java:148) [ozone-manager-1.4.0-SNAPSHOT.jar:?]
	at org.apache.hadoop.ozone.protocol.proto.OzoneManagerProtocolProtos$OzoneManagerService$2.callBlockingMethod(OzoneManagerProtocolProtos.java) [ozone-interface-client-1.4.0-SNAPSHOT.jar:?]
	at org.apache.hadoop.ipc.ProtobufRpcEngine$Server.processCall(ProtobufRpcEngine.java:484) [hadoop-common-3.3.6.jar:?]
	at org.apache.hadoop.ipc.ProtobufRpcEngine2$Server$ProtoBufRpcInvoker.call(ProtobufRpcEngine2.java:595) [hadoop-common-3.3.6.jar:?]
	at org.apache.hadoop.ipc.ProtobufRpcEngine2$Server$ProtoBufRpcInvoker.call(ProtobufRpcEngine2.java:573) [hadoop-common-3.3.6.jar:?]
	at org.apache.hadoop.ipc.RPC$Server.call(RPC.java:1227) [hadoop-common-3.3.6.jar:?]
	at org.apache.hadoop.ipc.Server$RpcCall.run(Server.java:1094) [hadoop-common-3.3.6.jar:?]
	at org.apache.hadoop.ipc.Server$RpcCall.run(Server.java:1017) [hadoop-common-3.3.6.jar:?]
	at java.security.AccessController.doPrivileged(Native Method) ~[?:1.8.0_382]
	at javax.security.auth.Subject.doAs(Subject.java:422) [?:1.8.0_382]
	at org.apache.hadoop.security.UserGroupInformation.doAs(UserGroupInformation.java:1899) [hadoop-common-3.3.6.jar:?]
	at org.apache.hadoop.ipc.Server$Handler.run(Server.java:3048) [hadoop-common-3.3.6.jar:?]
18:54:25.016 [IPC Server handler 18 on default port 15057] ERROR OMAudit - user=runner | ip=127.0.0.1 | op=GET_FILE_STATUS {volume=volume92422, bucket=bucket94858, key=user/runner/dir1/dir2, dataSize=0, replicationConfig=null} | ret=FAILURE
org.apache.hadoop.ozone.om.exceptions.OMException: Unable to get file status: volume: volume92422 bucket: bucket94858 key: user/runner/dir1/dir2
	at org.apache.hadoop.ozone.om.KeyManagerImpl.getOzoneFileStatus(KeyManagerImpl.java:1195) ~[ozone-manager-1.4.0-SNAPSHOT.jar:?]
	at org.apache.hadoop.ozone.om.KeyManagerImpl.getFileStatus(KeyManagerImpl.java:1113) ~[ozone-manager-1.4.0-SNAPSHOT.jar:?]
	at org.apache.hadoop.ozone.om.OmMetadataReader.getFileStatus(OmMetadataReader.java:262) ~[ozone-manager-1.4.0-SNAPSHOT.jar:?]
	at org.apache.hadoop.ozone.om.OzoneManager.getFileStatus(OzoneManager.java:3530) ~[ozone-manager-1.4.0-SNAPSHOT.jar:?]
	at org.apache.hadoop.ozone.protocolPB.OzoneManagerRequestHandler.getOzoneFileStatus(OzoneManagerRequestHandler.java:973) ~[ozone-manager-1.4.0-SNAPSHOT.jar:?]
	at org.apache.hadoop.ozone.protocolPB.OzoneManagerRequestHandler.handleReadRequest(OzoneManagerRequestHandler.java:252) ~[ozone-manager-1.4.0-SNAPSHOT.jar:?]
	at org.apache.hadoop.ozone.protocolPB.OzoneManagerProtocolServerSideTranslatorPB.submitRequestDirectlyToOM(OzoneManagerProtocolServerSideTranslatorPB.java:274) ~[ozone-manager-1.4.0-SNAPSHOT.jar:?]
	at org.apache.hadoop.ozone.protocolPB.OzoneManagerProtocolServerSideTranslatorPB.processRequest(OzoneManagerProtocolServerSideTranslatorPB.java:175) ~[ozone-manager-1.4.0-SNAPSHOT.jar:?]
	at org.apache.hadoop.hdds.server.OzoneProtocolMessageDispatcher.processRequest(OzoneProtocolMessageDispatcher.java:87) [hdds-server-framework-1.4.0-SNAPSHOT.jar:?]
	at org.apache.hadoop.ozone.protocolPB.OzoneManagerProtocolServerSideTranslatorPB.submitRequest(OzoneManagerProtocolServerSideTranslatorPB.java:148) [ozone-manager-1.4.0-SNAPSHOT.jar:?]
	at org.apache.hadoop.ozone.protocol.proto.OzoneManagerProtocolProtos$OzoneManagerService$2.callBlockingMethod(OzoneManagerProtocolProtos.java) [ozone-interface-client-1.4.0-SNAPSHOT.jar:?]
	at org.apache.hadoop.ipc.ProtobufRpcEngine$Server.processCall(ProtobufRpcEngine.java:484) [hadoop-common-3.3.6.jar:?]
	at org.apache.hadoop.ipc.ProtobufRpcEngine2$Server$ProtoBufRpcInvoker.call(ProtobufRpcEngine2.java:595) [hadoop-common-3.3.6.jar:?]
	at org.apache.hadoop.ipc.ProtobufRpcEngine2$Server$ProtoBufRpcInvoker.call(ProtobufRpcEngine2.java:573) [hadoop-common-3.3.6.jar:?]
	at org.apache.hadoop.ipc.RPC$Server.call(RPC.java:1227) [hadoop-common-3.3.6.jar:?]
	at org.apache.hadoop.ipc.Server$RpcCall.run(Server.java:1094) [hadoop-common-3.3.6.jar:?]
	at org.apache.hadoop.ipc.Server$RpcCall.run(Server.java:1017) [hadoop-common-3.3.6.jar:?]
	at java.security.AccessController.doPrivileged(Native Method) ~[?:1.8.0_382]
	at javax.security.auth.Subject.doAs(Subject.java:422) [?:1.8.0_382]
	at org.apache.hadoop.security.UserGroupInformation.doAs(UserGroupInformation.java:1899) [hadoop-common-3.3.6.jar:?]
	at org.apache.hadoop.ipc.Server$Handler.run(Server.java:3048) [hadoop-common-3.3.6.jar:?]
]]></system-out>
  </testcase>
  <testcase name="testRenameContainDelimiterFile" classname="TestOzoneFileSystem" time="0.024">
    <system-out><![CDATA[18:55:25.976 [IPC Server handler 0 on default port 15110] ERROR OMAudit - user=runner | ip=127.0.0.1 | op=GET_FILE_STATUS {volume=volume95024, bucket=bucket37863, key=dir1/dir2/key2, dataSize=0, replicationConfig=null} | ret=FAILURE
org.apache.hadoop.ozone.om.exceptions.OMException: Unable to get file status: volume: volume95024 bucket: bucket37863 key: dir1/dir2/key2
	at org.apache.hadoop.ozone.om.KeyManagerImpl.getOzoneFileStatus(KeyManagerImpl.java:1195) ~[ozone-manager-1.4.0-SNAPSHOT.jar:?]
	at org.apache.hadoop.ozone.om.KeyManagerImpl.getFileStatus(KeyManagerImpl.java:1113) ~[ozone-manager-1.4.0-SNAPSHOT.jar:?]
	at org.apache.hadoop.ozone.om.OmMetadataReader.getFileStatus(OmMetadataReader.java:262) ~[ozone-manager-1.4.0-SNAPSHOT.jar:?]
	at org.apache.hadoop.ozone.om.OzoneManager.getFileStatus(OzoneManager.java:3530) ~[ozone-manager-1.4.0-SNAPSHOT.jar:?]
	at org.apache.hadoop.ozone.protocolPB.OzoneManagerRequestHandler.getOzoneFileStatus(OzoneManagerRequestHandler.java:973) ~[ozone-manager-1.4.0-SNAPSHOT.jar:?]
	at org.apache.hadoop.ozone.protocolPB.OzoneManagerRequestHandler.handleReadRequest(OzoneManagerRequestHandler.java:252) ~[ozone-manager-1.4.0-SNAPSHOT.jar:?]
	at org.apache.hadoop.ozone.protocolPB.OzoneManagerProtocolServerSideTranslatorPB.submitReadRequestToOM(OzoneManagerProtocolServerSideTranslatorPB.java:225) ~[ozone-manager-1.4.0-SNAPSHOT.jar:?]
	at org.apache.hadoop.ozone.protocolPB.OzoneManagerProtocolServerSideTranslatorPB.processRequest(OzoneManagerProtocolServerSideTranslatorPB.java:179) ~[ozone-manager-1.4.0-SNAPSHOT.jar:?]
	at org.apache.hadoop.hdds.server.OzoneProtocolMessageDispatcher.processRequest(OzoneProtocolMessageDispatcher.java:87) [hdds-server-framework-1.4.0-SNAPSHOT.jar:?]
	at org.apache.hadoop.ozone.protocolPB.OzoneManagerProtocolServerSideTranslatorPB.submitRequest(OzoneManagerProtocolServerSideTranslatorPB.java:148) [ozone-manager-1.4.0-SNAPSHOT.jar:?]
	at org.apache.hadoop.ozone.protocol.proto.OzoneManagerProtocolProtos$OzoneManagerService$2.callBlockingMethod(OzoneManagerProtocolProtos.java) [ozone-interface-client-1.4.0-SNAPSHOT.jar:?]
	at org.apache.hadoop.ipc.ProtobufRpcEngine$Server.processCall(ProtobufRpcEngine.java:484) [hadoop-common-3.3.6.jar:?]
	at org.apache.hadoop.ipc.ProtobufRpcEngine2$Server$ProtoBufRpcInvoker.call(ProtobufRpcEngine2.java:595) [hadoop-common-3.3.6.jar:?]
	at org.apache.hadoop.ipc.ProtobufRpcEngine2$Server$ProtoBufRpcInvoker.call(ProtobufRpcEngine2.java:573) [hadoop-common-3.3.6.jar:?]
	at org.apache.hadoop.ipc.RPC$Server.call(RPC.java:1227) [hadoop-common-3.3.6.jar:?]
	at org.apache.hadoop.ipc.Server$RpcCall.run(Server.java:1094) [hadoop-common-3.3.6.jar:?]
	at org.apache.hadoop.ipc.Server$RpcCall.run(Server.java:1017) [hadoop-common-3.3.6.jar:?]
	at java.security.AccessController.doPrivileged(Native Method) ~[?:1.8.0_382]
	at javax.security.auth.Subject.doAs(Subject.java:422) [?:1.8.0_382]
	at org.apache.hadoop.security.UserGroupInformation.doAs(UserGroupInformation.java:1899) [hadoop-common-3.3.6.jar:?]
	at org.apache.hadoop.ipc.Server$Handler.run(Server.java:3048) [hadoop-common-3.3.6.jar:?]
18:55:25.981 [IPC Server handler 6 on default port 15110] ERROR OMAudit - user=runner | ip=127.0.0.1 | op=GET_FILE_STATUS {volume=volume95024, bucket=bucket37863, key=dir1/dir2/key1, dataSize=0, replicationConfig=null} | ret=FAILURE
org.apache.hadoop.ozone.om.exceptions.OMException: Unable to get file status: volume: volume95024 bucket: bucket37863 key: dir1/dir2/key1
	at org.apache.hadoop.ozone.om.KeyManagerImpl.getOzoneFileStatus(KeyManagerImpl.java:1195) ~[ozone-manager-1.4.0-SNAPSHOT.jar:?]
	at org.apache.hadoop.ozone.om.KeyManagerImpl.getFileStatus(KeyManagerImpl.java:1113) ~[ozone-manager-1.4.0-SNAPSHOT.jar:?]
	at org.apache.hadoop.ozone.om.OmMetadataReader.getFileStatus(OmMetadataReader.java:262) ~[ozone-manager-1.4.0-SNAPSHOT.jar:?]
	at org.apache.hadoop.ozone.om.OzoneManager.getFileStatus(OzoneManager.java:3530) ~[ozone-manager-1.4.0-SNAPSHOT.jar:?]
	at org.apache.hadoop.ozone.protocolPB.OzoneManagerRequestHandler.getOzoneFileStatus(OzoneManagerRequestHandler.java:973) ~[ozone-manager-1.4.0-SNAPSHOT.jar:?]
	at org.apache.hadoop.ozone.protocolPB.OzoneManagerRequestHandler.handleReadRequest(OzoneManagerRequestHandler.java:252) ~[ozone-manager-1.4.0-SNAPSHOT.jar:?]
	at org.apache.hadoop.ozone.protocolPB.OzoneManagerProtocolServerSideTranslatorPB.submitReadRequestToOM(OzoneManagerProtocolServerSideTranslatorPB.java:225) ~[ozone-manager-1.4.0-SNAPSHOT.jar:?]
	at org.apache.hadoop.ozone.protocolPB.OzoneManagerProtocolServerSideTranslatorPB.processRequest(OzoneManagerProtocolServerSideTranslatorPB.java:179) ~[ozone-manager-1.4.0-SNAPSHOT.jar:?]
	at org.apache.hadoop.hdds.server.OzoneProtocolMessageDispatcher.processRequest(OzoneProtocolMessageDispatcher.java:87) [hdds-server-framework-1.4.0-SNAPSHOT.jar:?]
	at org.apache.hadoop.ozone.protocolPB.OzoneManagerProtocolServerSideTranslatorPB.submitRequest(OzoneManagerProtocolServerSideTranslatorPB.java:148) [ozone-manager-1.4.0-SNAPSHOT.jar:?]
	at org.apache.hadoop.ozone.protocol.proto.OzoneManagerProtocolProtos$OzoneManagerService$2.callBlockingMethod(OzoneManagerProtocolProtos.java) [ozone-interface-client-1.4.0-SNAPSHOT.jar:?]
	at org.apache.hadoop.ipc.ProtobufRpcEngine$Server.processCall(ProtobufRpcEngine.java:484) [hadoop-common-3.3.6.jar:?]
	at org.apache.hadoop.ipc.ProtobufRpcEngine2$Server$ProtoBufRpcInvoker.call(ProtobufRpcEngine2.java:595) [hadoop-common-3.3.6.jar:?]
	at org.apache.hadoop.ipc.ProtobufRpcEngine2$Server$ProtoBufRpcInvoker.call(ProtobufRpcEngine2.java:573) [hadoop-common-3.3.6.jar:?]
	at org.apache.hadoop.ipc.RPC$Server.call(RPC.java:1227) [hadoop-common-3.3.6.jar:?]
	at org.apache.hadoop.ipc.Server$RpcCall.run(Server.java:1094) [hadoop-common-3.3.6.jar:?]
	at org.apache.hadoop.ipc.Server$RpcCall.run(Server.java:1017) [hadoop-common-3.3.6.jar:?]
	at java.security.AccessController.doPrivileged(Native Method) ~[?:1.8.0_382]
	at javax.security.auth.Subject.doAs(Subject.java:422) [?:1.8.0_382]
	at org.apache.hadoop.security.UserGroupInformation.doAs(UserGroupInformation.java:1899) [hadoop-common-3.3.6.jar:?]
	at org.apache.hadoop.ipc.Server$Handler.run(Server.java:3048) [hadoop-common-3.3.6.jar:?]
18:55:25.982 [IPC Server handler 8 on default port 15110] ERROR OMAudit - user=runner | ip=127.0.0.1 | op=GET_FILE_STATUS {volume=volume95024, bucket=bucket37863, key=user/runner/dir1, dataSize=0, replicationConfig=null} | ret=FAILURE
org.apache.hadoop.ozone.om.exceptions.OMException: Unable to get file status: volume: volume95024 bucket: bucket37863 key: user/runner/dir1
	at org.apache.hadoop.ozone.om.KeyManagerImpl.getOzoneFileStatus(KeyManagerImpl.java:1195) ~[ozone-manager-1.4.0-SNAPSHOT.jar:?]
	at org.apache.hadoop.ozone.om.KeyManagerImpl.getFileStatus(KeyManagerImpl.java:1113) ~[ozone-manager-1.4.0-SNAPSHOT.jar:?]
	at org.apache.hadoop.ozone.om.OmMetadataReader.getFileStatus(OmMetadataReader.java:262) ~[ozone-manager-1.4.0-SNAPSHOT.jar:?]
	at org.apache.hadoop.ozone.om.OzoneManager.getFileStatus(OzoneManager.java:3530) ~[ozone-manager-1.4.0-SNAPSHOT.jar:?]
	at org.apache.hadoop.ozone.protocolPB.OzoneManagerRequestHandler.getOzoneFileStatus(OzoneManagerRequestHandler.java:973) ~[ozone-manager-1.4.0-SNAPSHOT.jar:?]
	at org.apache.hadoop.ozone.protocolPB.OzoneManagerRequestHandler.handleReadRequest(OzoneManagerRequestHandler.java:252) ~[ozone-manager-1.4.0-SNAPSHOT.jar:?]
	at org.apache.hadoop.ozone.protocolPB.OzoneManagerProtocolServerSideTranslatorPB.submitReadRequestToOM(OzoneManagerProtocolServerSideTranslatorPB.java:225) ~[ozone-manager-1.4.0-SNAPSHOT.jar:?]
	at org.apache.hadoop.ozone.protocolPB.OzoneManagerProtocolServerSideTranslatorPB.processRequest(OzoneManagerProtocolServerSideTranslatorPB.java:179) ~[ozone-manager-1.4.0-SNAPSHOT.jar:?]
	at org.apache.hadoop.hdds.server.OzoneProtocolMessageDispatcher.processRequest(OzoneProtocolMessageDispatcher.java:87) [hdds-server-framework-1.4.0-SNAPSHOT.jar:?]
	at org.apache.hadoop.ozone.protocolPB.OzoneManagerProtocolServerSideTranslatorPB.submitRequest(OzoneManagerProtocolServerSideTranslatorPB.java:148) [ozone-manager-1.4.0-SNAPSHOT.jar:?]
	at org.apache.hadoop.ozone.protocol.proto.OzoneManagerProtocolProtos$OzoneManagerService$2.callBlockingMethod(OzoneManagerProtocolProtos.java) [ozone-interface-client-1.4.0-SNAPSHOT.jar:?]
	at org.apache.hadoop.ipc.ProtobufRpcEngine$Server.processCall(ProtobufRpcEngine.java:484) [hadoop-common-3.3.6.jar:?]
	at org.apache.hadoop.ipc.ProtobufRpcEngine2$Server$ProtoBufRpcInvoker.call(ProtobufRpcEngine2.java:595) [hadoop-common-3.3.6.jar:?]
	at org.apache.hadoop.ipc.ProtobufRpcEngine2$Server$ProtoBufRpcInvoker.call(ProtobufRpcEngine2.java:573) [hadoop-common-3.3.6.jar:?]
	at org.apache.hadoop.ipc.RPC$Server.call(RPC.java:1227) [hadoop-common-3.3.6.jar:?]
	at org.apache.hadoop.ipc.Server$RpcCall.run(Server.java:1094) [hadoop-common-3.3.6.jar:?]
	at org.apache.hadoop.ipc.Server$RpcCall.run(Server.java:1017) [hadoop-common-3.3.6.jar:?]
	at java.security.AccessController.doPrivileged(Native Method) ~[?:1.8.0_382]
	at javax.security.auth.Subject.doAs(Subject.java:422) [?:1.8.0_382]
	at org.apache.hadoop.security.UserGroupInformation.doAs(UserGroupInformation.java:1899) [hadoop-common-3.3.6.jar:?]
	at org.apache.hadoop.ipc.Server$Handler.run(Server.java:3048) [hadoop-common-3.3.6.jar:?]
18:55:25.983 [IPC Server handler 10 on default port 15110] ERROR OMAudit - user=runner | ip=127.0.0.1 | op=GET_FILE_STATUS {volume=volume95024, bucket=bucket37863, key=user/runner/dir1/dir2, dataSize=0, replicationConfig=null} | ret=FAILURE
org.apache.hadoop.ozone.om.exceptions.OMException: Unable to get file status: volume: volume95024 bucket: bucket37863 key: user/runner/dir1/dir2
	at org.apache.hadoop.ozone.om.KeyManagerImpl.getOzoneFileStatus(KeyManagerImpl.java:1195) ~[ozone-manager-1.4.0-SNAPSHOT.jar:?]
	at org.apache.hadoop.ozone.om.KeyManagerImpl.getFileStatus(KeyManagerImpl.java:1113) ~[ozone-manager-1.4.0-SNAPSHOT.jar:?]
	at org.apache.hadoop.ozone.om.OmMetadataReader.getFileStatus(OmMetadataReader.java:262) ~[ozone-manager-1.4.0-SNAPSHOT.jar:?]
	at org.apache.hadoop.ozone.om.OzoneManager.getFileStatus(OzoneManager.java:3530) ~[ozone-manager-1.4.0-SNAPSHOT.jar:?]
	at org.apache.hadoop.ozone.protocolPB.OzoneManagerRequestHandler.getOzoneFileStatus(OzoneManagerRequestHandler.java:973) ~[ozone-manager-1.4.0-SNAPSHOT.jar:?]
	at org.apache.hadoop.ozone.protocolPB.OzoneManagerRequestHandler.handleReadRequest(OzoneManagerRequestHandler.java:252) ~[ozone-manager-1.4.0-SNAPSHOT.jar:?]
	at org.apache.hadoop.ozone.protocolPB.OzoneManagerProtocolServerSideTranslatorPB.submitReadRequestToOM(OzoneManagerProtocolServerSideTranslatorPB.java:225) ~[ozone-manager-1.4.0-SNAPSHOT.jar:?]
	at org.apache.hadoop.ozone.protocolPB.OzoneManagerProtocolServerSideTranslatorPB.processRequest(OzoneManagerProtocolServerSideTranslatorPB.java:179) ~[ozone-manager-1.4.0-SNAPSHOT.jar:?]
	at org.apache.hadoop.hdds.server.OzoneProtocolMessageDispatcher.processRequest(OzoneProtocolMessageDispatcher.java:87) [hdds-server-framework-1.4.0-SNAPSHOT.jar:?]
	at org.apache.hadoop.ozone.protocolPB.OzoneManagerProtocolServerSideTranslatorPB.submitRequest(OzoneManagerProtocolServerSideTranslatorPB.java:148) [ozone-manager-1.4.0-SNAPSHOT.jar:?]
	at org.apache.hadoop.ozone.protocol.proto.OzoneManagerProtocolProtos$OzoneManagerService$2.callBlockingMethod(OzoneManagerProtocolProtos.java) [ozone-interface-client-1.4.0-SNAPSHOT.jar:?]
	at org.apache.hadoop.ipc.ProtobufRpcEngine$Server.processCall(ProtobufRpcEngine.java:484) [hadoop-common-3.3.6.jar:?]
	at org.apache.hadoop.ipc.ProtobufRpcEngine2$Server$ProtoBufRpcInvoker.call(ProtobufRpcEngine2.java:595) [hadoop-common-3.3.6.jar:?]
	at org.apache.hadoop.ipc.ProtobufRpcEngine2$Server$ProtoBufRpcInvoker.call(ProtobufRpcEngine2.java:573) [hadoop-common-3.3.6.jar:?]
	at org.apache.hadoop.ipc.RPC$Server.call(RPC.java:1227) [hadoop-common-3.3.6.jar:?]
	at org.apache.hadoop.ipc.Server$RpcCall.run(Server.java:1094) [hadoop-common-3.3.6.jar:?]
	at org.apache.hadoop.ipc.Server$RpcCall.run(Server.java:1017) [hadoop-common-3.3.6.jar:?]
	at java.security.AccessController.doPrivileged(Native Method) ~[?:1.8.0_382]
	at javax.security.auth.Subject.doAs(Subject.java:422) [?:1.8.0_382]
	at org.apache.hadoop.security.UserGroupInformation.doAs(UserGroupInformation.java:1899) [hadoop-common-3.3.6.jar:?]
	at org.apache.hadoop.ipc.Server$Handler.run(Server.java:3048) [hadoop-common-3.3.6.jar:?]
]]></system-out>
  </testcase>
  <testcase name="testRenameContainDelimiterFile" classname="TestOzoneFileSystem" time="0.021">
    <system-out><![CDATA[18:56:33.391 [IPC Server handler 2 on default port 15163] ERROR OMAudit - user=runner | ip=127.0.0.1 | op=GET_FILE_STATUS {volume=volume50878, bucket=bucket78448, key=dir1/dir2/key2, dataSize=0, replicationConfig=null} | ret=FAILURE
org.apache.hadoop.ozone.om.exceptions.OMException: Unable to get file status: volume: volume50878 bucket: bucket78448 key: dir1/dir2/key2
	at org.apache.hadoop.ozone.om.KeyManagerImpl.getOzoneFileStatus(KeyManagerImpl.java:1195) ~[ozone-manager-1.4.0-SNAPSHOT.jar:?]
	at org.apache.hadoop.ozone.om.KeyManagerImpl.getFileStatus(KeyManagerImpl.java:1113) ~[ozone-manager-1.4.0-SNAPSHOT.jar:?]
	at org.apache.hadoop.ozone.om.OmMetadataReader.getFileStatus(OmMetadataReader.java:262) ~[ozone-manager-1.4.0-SNAPSHOT.jar:?]
	at org.apache.hadoop.ozone.om.OzoneManager.getFileStatus(OzoneManager.java:3530) ~[ozone-manager-1.4.0-SNAPSHOT.jar:?]
	at org.apache.hadoop.ozone.protocolPB.OzoneManagerRequestHandler.getOzoneFileStatus(OzoneManagerRequestHandler.java:973) ~[ozone-manager-1.4.0-SNAPSHOT.jar:?]
	at org.apache.hadoop.ozone.protocolPB.OzoneManagerRequestHandler.handleReadRequest(OzoneManagerRequestHandler.java:252) ~[ozone-manager-1.4.0-SNAPSHOT.jar:?]
	at org.apache.hadoop.ozone.protocolPB.OzoneManagerProtocolServerSideTranslatorPB.submitRequestDirectlyToOM(OzoneManagerProtocolServerSideTranslatorPB.java:274) ~[ozone-manager-1.4.0-SNAPSHOT.jar:?]
	at org.apache.hadoop.ozone.protocolPB.OzoneManagerProtocolServerSideTranslatorPB.processRequest(OzoneManagerProtocolServerSideTranslatorPB.java:175) ~[ozone-manager-1.4.0-SNAPSHOT.jar:?]
	at org.apache.hadoop.hdds.server.OzoneProtocolMessageDispatcher.processRequest(OzoneProtocolMessageDispatcher.java:87) [hdds-server-framework-1.4.0-SNAPSHOT.jar:?]
	at org.apache.hadoop.ozone.protocolPB.OzoneManagerProtocolServerSideTranslatorPB.submitRequest(OzoneManagerProtocolServerSideTranslatorPB.java:148) [ozone-manager-1.4.0-SNAPSHOT.jar:?]
	at org.apache.hadoop.ozone.protocol.proto.OzoneManagerProtocolProtos$OzoneManagerService$2.callBlockingMethod(OzoneManagerProtocolProtos.java) [ozone-interface-client-1.4.0-SNAPSHOT.jar:?]
	at org.apache.hadoop.ipc.ProtobufRpcEngine$Server.processCall(ProtobufRpcEngine.java:484) [hadoop-common-3.3.6.jar:?]
	at org.apache.hadoop.ipc.ProtobufRpcEngine2$Server$ProtoBufRpcInvoker.call(ProtobufRpcEngine2.java:595) [hadoop-common-3.3.6.jar:?]
	at org.apache.hadoop.ipc.ProtobufRpcEngine2$Server$ProtoBufRpcInvoker.call(ProtobufRpcEngine2.java:573) [hadoop-common-3.3.6.jar:?]
	at org.apache.hadoop.ipc.RPC$Server.call(RPC.java:1227) [hadoop-common-3.3.6.jar:?]
	at org.apache.hadoop.ipc.Server$RpcCall.run(Server.java:1094) [hadoop-common-3.3.6.jar:?]
	at org.apache.hadoop.ipc.Server$RpcCall.run(Server.java:1017) [hadoop-common-3.3.6.jar:?]
	at java.security.AccessController.doPrivileged(Native Method) ~[?:1.8.0_382]
	at javax.security.auth.Subject.doAs(Subject.java:422) [?:1.8.0_382]
	at org.apache.hadoop.security.UserGroupInformation.doAs(UserGroupInformation.java:1899) [hadoop-common-3.3.6.jar:?]
	at org.apache.hadoop.ipc.Server$Handler.run(Server.java:3048) [hadoop-common-3.3.6.jar:?]
18:56:33.395 [IPC Server handler 8 on default port 15163] ERROR OMAudit - user=runner | ip=127.0.0.1 | op=GET_FILE_STATUS {volume=volume50878, bucket=bucket78448, key=dir1/dir2/key1, dataSize=0, replicationConfig=null} | ret=FAILURE
org.apache.hadoop.ozone.om.exceptions.OMException: Unable to get file status: volume: volume50878 bucket: bucket78448 key: dir1/dir2/key1
	at org.apache.hadoop.ozone.om.KeyManagerImpl.getOzoneFileStatus(KeyManagerImpl.java:1195) ~[ozone-manager-1.4.0-SNAPSHOT.jar:?]
	at org.apache.hadoop.ozone.om.KeyManagerImpl.getFileStatus(KeyManagerImpl.java:1113) ~[ozone-manager-1.4.0-SNAPSHOT.jar:?]
	at org.apache.hadoop.ozone.om.OmMetadataReader.getFileStatus(OmMetadataReader.java:262) ~[ozone-manager-1.4.0-SNAPSHOT.jar:?]
	at org.apache.hadoop.ozone.om.OzoneManager.getFileStatus(OzoneManager.java:3530) ~[ozone-manager-1.4.0-SNAPSHOT.jar:?]
	at org.apache.hadoop.ozone.protocolPB.OzoneManagerRequestHandler.getOzoneFileStatus(OzoneManagerRequestHandler.java:973) ~[ozone-manager-1.4.0-SNAPSHOT.jar:?]
	at org.apache.hadoop.ozone.protocolPB.OzoneManagerRequestHandler.handleReadRequest(OzoneManagerRequestHandler.java:252) ~[ozone-manager-1.4.0-SNAPSHOT.jar:?]
	at org.apache.hadoop.ozone.protocolPB.OzoneManagerProtocolServerSideTranslatorPB.submitRequestDirectlyToOM(OzoneManagerProtocolServerSideTranslatorPB.java:274) ~[ozone-manager-1.4.0-SNAPSHOT.jar:?]
	at org.apache.hadoop.ozone.protocolPB.OzoneManagerProtocolServerSideTranslatorPB.processRequest(OzoneManagerProtocolServerSideTranslatorPB.java:175) ~[ozone-manager-1.4.0-SNAPSHOT.jar:?]
	at org.apache.hadoop.hdds.server.OzoneProtocolMessageDispatcher.processRequest(OzoneProtocolMessageDispatcher.java:87) [hdds-server-framework-1.4.0-SNAPSHOT.jar:?]
	at org.apache.hadoop.ozone.protocolPB.OzoneManagerProtocolServerSideTranslatorPB.submitRequest(OzoneManagerProtocolServerSideTranslatorPB.java:148) [ozone-manager-1.4.0-SNAPSHOT.jar:?]
	at org.apache.hadoop.ozone.protocol.proto.OzoneManagerProtocolProtos$OzoneManagerService$2.callBlockingMethod(OzoneManagerProtocolProtos.java) [ozone-interface-client-1.4.0-SNAPSHOT.jar:?]
	at org.apache.hadoop.ipc.ProtobufRpcEngine$Server.processCall(ProtobufRpcEngine.java:484) [hadoop-common-3.3.6.jar:?]
	at org.apache.hadoop.ipc.ProtobufRpcEngine2$Server$ProtoBufRpcInvoker.call(ProtobufRpcEngine2.java:595) [hadoop-common-3.3.6.jar:?]
	at org.apache.hadoop.ipc.ProtobufRpcEngine2$Server$ProtoBufRpcInvoker.call(ProtobufRpcEngine2.java:573) [hadoop-common-3.3.6.jar:?]
	at org.apache.hadoop.ipc.RPC$Server.call(RPC.java:1227) [hadoop-common-3.3.6.jar:?]
	at org.apache.hadoop.ipc.Server$RpcCall.run(Server.java:1094) [hadoop-common-3.3.6.jar:?]
	at org.apache.hadoop.ipc.Server$RpcCall.run(Server.java:1017) [hadoop-common-3.3.6.jar:?]
	at java.security.AccessController.doPrivileged(Native Method) ~[?:1.8.0_382]
	at javax.security.auth.Subject.doAs(Subject.java:422) [?:1.8.0_382]
	at org.apache.hadoop.security.UserGroupInformation.doAs(UserGroupInformation.java:1899) [hadoop-common-3.3.6.jar:?]
	at org.apache.hadoop.ipc.Server$Handler.run(Server.java:3048) [hadoop-common-3.3.6.jar:?]
18:56:33.396 [IPC Server handler 11 on default port 15163] ERROR OMAudit - user=runner | ip=127.0.0.1 | op=GET_FILE_STATUS {volume=volume50878, bucket=bucket78448, key=user/runner/dir1, dataSize=0, replicationConfig=null} | ret=FAILURE
org.apache.hadoop.ozone.om.exceptions.OMException: Unable to get file status: volume: volume50878 bucket: bucket78448 key: user/runner/dir1
	at org.apache.hadoop.ozone.om.KeyManagerImpl.getOzoneFileStatus(KeyManagerImpl.java:1195) ~[ozone-manager-1.4.0-SNAPSHOT.jar:?]
	at org.apache.hadoop.ozone.om.KeyManagerImpl.getFileStatus(KeyManagerImpl.java:1113) ~[ozone-manager-1.4.0-SNAPSHOT.jar:?]
	at org.apache.hadoop.ozone.om.OmMetadataReader.getFileStatus(OmMetadataReader.java:262) ~[ozone-manager-1.4.0-SNAPSHOT.jar:?]
	at org.apache.hadoop.ozone.om.OzoneManager.getFileStatus(OzoneManager.java:3530) ~[ozone-manager-1.4.0-SNAPSHOT.jar:?]
	at org.apache.hadoop.ozone.protocolPB.OzoneManagerRequestHandler.getOzoneFileStatus(OzoneManagerRequestHandler.java:973) ~[ozone-manager-1.4.0-SNAPSHOT.jar:?]
	at org.apache.hadoop.ozone.protocolPB.OzoneManagerRequestHandler.handleReadRequest(OzoneManagerRequestHandler.java:252) ~[ozone-manager-1.4.0-SNAPSHOT.jar:?]
	at org.apache.hadoop.ozone.protocolPB.OzoneManagerProtocolServerSideTranslatorPB.submitRequestDirectlyToOM(OzoneManagerProtocolServerSideTranslatorPB.java:274) ~[ozone-manager-1.4.0-SNAPSHOT.jar:?]
	at org.apache.hadoop.ozone.protocolPB.OzoneManagerProtocolServerSideTranslatorPB.processRequest(OzoneManagerProtocolServerSideTranslatorPB.java:175) ~[ozone-manager-1.4.0-SNAPSHOT.jar:?]
	at org.apache.hadoop.hdds.server.OzoneProtocolMessageDispatcher.processRequest(OzoneProtocolMessageDispatcher.java:87) [hdds-server-framework-1.4.0-SNAPSHOT.jar:?]
	at org.apache.hadoop.ozone.protocolPB.OzoneManagerProtocolServerSideTranslatorPB.submitRequest(OzoneManagerProtocolServerSideTranslatorPB.java:148) [ozone-manager-1.4.0-SNAPSHOT.jar:?]
	at org.apache.hadoop.ozone.protocol.proto.OzoneManagerProtocolProtos$OzoneManagerService$2.callBlockingMethod(OzoneManagerProtocolProtos.java) [ozone-interface-client-1.4.0-SNAPSHOT.jar:?]
	at org.apache.hadoop.ipc.ProtobufRpcEngine$Server.processCall(ProtobufRpcEngine.java:484) [hadoop-common-3.3.6.jar:?]
	at org.apache.hadoop.ipc.ProtobufRpcEngine2$Server$ProtoBufRpcInvoker.call(ProtobufRpcEngine2.java:595) [hadoop-common-3.3.6.jar:?]
	at org.apache.hadoop.ipc.ProtobufRpcEngine2$Server$ProtoBufRpcInvoker.call(ProtobufRpcEngine2.java:573) [hadoop-common-3.3.6.jar:?]
	at org.apache.hadoop.ipc.RPC$Server.call(RPC.java:1227) [hadoop-common-3.3.6.jar:?]
	at org.apache.hadoop.ipc.Server$RpcCall.run(Server.java:1094) [hadoop-common-3.3.6.jar:?]
	at org.apache.hadoop.ipc.Server$RpcCall.run(Server.java:1017) [hadoop-common-3.3.6.jar:?]
	at java.security.AccessController.doPrivileged(Native Method) ~[?:1.8.0_382]
	at javax.security.auth.Subject.doAs(Subject.java:422) [?:1.8.0_382]
	at org.apache.hadoop.security.UserGroupInformation.doAs(UserGroupInformation.java:1899) [hadoop-common-3.3.6.jar:?]
	at org.apache.hadoop.ipc.Server$Handler.run(Server.java:3048) [hadoop-common-3.3.6.jar:?]
18:56:33.397 [IPC Server handler 12 on default port 15163] ERROR OMAudit - user=runner | ip=127.0.0.1 | op=GET_FILE_STATUS {volume=volume50878, bucket=bucket78448, key=user/runner/dir1/dir2, dataSize=0, replicationConfig=null} | ret=FAILURE
org.apache.hadoop.ozone.om.exceptions.OMException: Unable to get file status: volume: volume50878 bucket: bucket78448 key: user/runner/dir1/dir2
	at org.apache.hadoop.ozone.om.KeyManagerImpl.getOzoneFileStatus(KeyManagerImpl.java:1195) ~[ozone-manager-1.4.0-SNAPSHOT.jar:?]
	at org.apache.hadoop.ozone.om.KeyManagerImpl.getFileStatus(KeyManagerImpl.java:1113) ~[ozone-manager-1.4.0-SNAPSHOT.jar:?]
	at org.apache.hadoop.ozone.om.OmMetadataReader.getFileStatus(OmMetadataReader.java:262) ~[ozone-manager-1.4.0-SNAPSHOT.jar:?]
	at org.apache.hadoop.ozone.om.OzoneManager.getFileStatus(OzoneManager.java:3530) ~[ozone-manager-1.4.0-SNAPSHOT.jar:?]
	at org.apache.hadoop.ozone.protocolPB.OzoneManagerRequestHandler.getOzoneFileStatus(OzoneManagerRequestHandler.java:973) ~[ozone-manager-1.4.0-SNAPSHOT.jar:?]
	at org.apache.hadoop.ozone.protocolPB.OzoneManagerRequestHandler.handleReadRequest(OzoneManagerRequestHandler.java:252) ~[ozone-manager-1.4.0-SNAPSHOT.jar:?]
	at org.apache.hadoop.ozone.protocolPB.OzoneManagerProtocolServerSideTranslatorPB.submitRequestDirectlyToOM(OzoneManagerProtocolServerSideTranslatorPB.java:274) ~[ozone-manager-1.4.0-SNAPSHOT.jar:?]
	at org.apache.hadoop.ozone.protocolPB.OzoneManagerProtocolServerSideTranslatorPB.processRequest(OzoneManagerProtocolServerSideTranslatorPB.java:175) ~[ozone-manager-1.4.0-SNAPSHOT.jar:?]
	at org.apache.hadoop.hdds.server.OzoneProtocolMessageDispatcher.processRequest(OzoneProtocolMessageDispatcher.java:87) [hdds-server-framework-1.4.0-SNAPSHOT.jar:?]
	at org.apache.hadoop.ozone.protocolPB.OzoneManagerProtocolServerSideTranslatorPB.submitRequest(OzoneManagerProtocolServerSideTranslatorPB.java:148) [ozone-manager-1.4.0-SNAPSHOT.jar:?]
	at org.apache.hadoop.ozone.protocol.proto.OzoneManagerProtocolProtos$OzoneManagerService$2.callBlockingMethod(OzoneManagerProtocolProtos.java) [ozone-interface-client-1.4.0-SNAPSHOT.jar:?]
	at org.apache.hadoop.ipc.ProtobufRpcEngine$Server.processCall(ProtobufRpcEngine.java:484) [hadoop-common-3.3.6.jar:?]
	at org.apache.hadoop.ipc.ProtobufRpcEngine2$Server$ProtoBufRpcInvoker.call(ProtobufRpcEngine2.java:595) [hadoop-common-3.3.6.jar:?]
	at org.apache.hadoop.ipc.ProtobufRpcEngine2$Server$ProtoBufRpcInvoker.call(ProtobufRpcEngine2.java:573) [hadoop-common-3.3.6.jar:?]
	at org.apache.hadoop.ipc.RPC$Server.call(RPC.java:1227) [hadoop-common-3.3.6.jar:?]
	at org.apache.hadoop.ipc.Server$RpcCall.run(Server.java:1094) [hadoop-common-3.3.6.jar:?]
	at org.apache.hadoop.ipc.Server$RpcCall.run(Server.java:1017) [hadoop-common-3.3.6.jar:?]
	at java.security.AccessController.doPrivileged(Native Method) ~[?:1.8.0_382]
	at javax.security.auth.Subject.doAs(Subject.java:422) [?:1.8.0_382]
	at org.apache.hadoop.security.UserGroupInformation.doAs(UserGroupInformation.java:1899) [hadoop-common-3.3.6.jar:?]
	at org.apache.hadoop.ipc.Server$Handler.run(Server.java:3048) [hadoop-common-3.3.6.jar:?]
]]></system-out>
  </testcase>
  <testcase name="testMakeDirsWithAnFakeDirectory" classname="TestOzoneFileSystem" time="0.045">
    <system-out><![CDATA[18:53:05.692 [IPC Server handler 3 on default port 15004] ERROR OMAudit - user=runner | ip=127.0.0.1 | op=GET_FILE_STATUS {volume=volume53060, bucket=bucket79480, key=user/runner/dir1/dir2, dataSize=0, replicationConfig=null} | ret=FAILURE
org.apache.hadoop.ozone.om.exceptions.OMException: Unable to get file status: volume: volume53060 bucket: bucket79480 key: user/runner/dir1/dir2
	at org.apache.hadoop.ozone.om.KeyManagerImpl.getOzoneFileStatus(KeyManagerImpl.java:1195) ~[ozone-manager-1.4.0-SNAPSHOT.jar:?]
	at org.apache.hadoop.ozone.om.KeyManagerImpl.getFileStatus(KeyManagerImpl.java:1113) ~[ozone-manager-1.4.0-SNAPSHOT.jar:?]
	at org.apache.hadoop.ozone.om.OmMetadataReader.getFileStatus(OmMetadataReader.java:262) ~[ozone-manager-1.4.0-SNAPSHOT.jar:?]
	at org.apache.hadoop.ozone.om.OzoneManager.getFileStatus(OzoneManager.java:3530) ~[ozone-manager-1.4.0-SNAPSHOT.jar:?]
	at org.apache.hadoop.ozone.protocolPB.OzoneManagerRequestHandler.getOzoneFileStatus(OzoneManagerRequestHandler.java:973) ~[ozone-manager-1.4.0-SNAPSHOT.jar:?]
	at org.apache.hadoop.ozone.protocolPB.OzoneManagerRequestHandler.handleReadRequest(OzoneManagerRequestHandler.java:252) ~[ozone-manager-1.4.0-SNAPSHOT.jar:?]
	at org.apache.hadoop.ozone.protocolPB.OzoneManagerProtocolServerSideTranslatorPB.submitReadRequestToOM(OzoneManagerProtocolServerSideTranslatorPB.java:225) ~[ozone-manager-1.4.0-SNAPSHOT.jar:?]
	at org.apache.hadoop.ozone.protocolPB.OzoneManagerProtocolServerSideTranslatorPB.processRequest(OzoneManagerProtocolServerSideTranslatorPB.java:179) ~[ozone-manager-1.4.0-SNAPSHOT.jar:?]
	at org.apache.hadoop.hdds.server.OzoneProtocolMessageDispatcher.processRequest(OzoneProtocolMessageDispatcher.java:87) [hdds-server-framework-1.4.0-SNAPSHOT.jar:?]
	at org.apache.hadoop.ozone.protocolPB.OzoneManagerProtocolServerSideTranslatorPB.submitRequest(OzoneManagerProtocolServerSideTranslatorPB.java:148) [ozone-manager-1.4.0-SNAPSHOT.jar:?]
	at org.apache.hadoop.ozone.protocol.proto.OzoneManagerProtocolProtos$OzoneManagerService$2.callBlockingMethod(OzoneManagerProtocolProtos.java) [ozone-interface-client-1.4.0-SNAPSHOT.jar:?]
	at org.apache.hadoop.ipc.ProtobufRpcEngine$Server.processCall(ProtobufRpcEngine.java:484) [hadoop-common-3.3.6.jar:?]
	at org.apache.hadoop.ipc.ProtobufRpcEngine2$Server$ProtoBufRpcInvoker.call(ProtobufRpcEngine2.java:595) [hadoop-common-3.3.6.jar:?]
	at org.apache.hadoop.ipc.ProtobufRpcEngine2$Server$ProtoBufRpcInvoker.call(ProtobufRpcEngine2.java:573) [hadoop-common-3.3.6.jar:?]
	at org.apache.hadoop.ipc.RPC$Server.call(RPC.java:1227) [hadoop-common-3.3.6.jar:?]
	at org.apache.hadoop.ipc.Server$RpcCall.run(Server.java:1094) [hadoop-common-3.3.6.jar:?]
	at org.apache.hadoop.ipc.Server$RpcCall.run(Server.java:1017) [hadoop-common-3.3.6.jar:?]
	at java.security.AccessController.doPrivileged(Native Method) ~[?:1.8.0_382]
	at javax.security.auth.Subject.doAs(Subject.java:422) [?:1.8.0_382]
	at org.apache.hadoop.security.UserGroupInformation.doAs(UserGroupInformation.java:1899) [hadoop-common-3.3.6.jar:?]
	at org.apache.hadoop.ipc.Server$Handler.run(Server.java:3048) [hadoop-common-3.3.6.jar:?]
]]></system-out>
  </testcase>
  <testcase name="testMakeDirsWithAnFakeDirectory" classname="TestOzoneFileSystem" time="0.02">
    <system-out><![CDATA[18:54:25.031 [IPC Server handler 11 on default port 15057] ERROR OMAudit - user=runner | ip=127.0.0.1 | op=GET_FILE_STATUS {volume=volume92422, bucket=bucket94858, key=user/runner/dir1/dir2, dataSize=0, replicationConfig=null} | ret=FAILURE
org.apache.hadoop.ozone.om.exceptions.OMException: Unable to get file status: volume: volume92422 bucket: bucket94858 key: user/runner/dir1/dir2
	at org.apache.hadoop.ozone.om.KeyManagerImpl.getOzoneFileStatus(KeyManagerImpl.java:1195) ~[ozone-manager-1.4.0-SNAPSHOT.jar:?]
	at org.apache.hadoop.ozone.om.KeyManagerImpl.getFileStatus(KeyManagerImpl.java:1113) ~[ozone-manager-1.4.0-SNAPSHOT.jar:?]
	at org.apache.hadoop.ozone.om.OmMetadataReader.getFileStatus(OmMetadataReader.java:262) ~[ozone-manager-1.4.0-SNAPSHOT.jar:?]
	at org.apache.hadoop.ozone.om.OzoneManager.getFileStatus(OzoneManager.java:3530) ~[ozone-manager-1.4.0-SNAPSHOT.jar:?]
	at org.apache.hadoop.ozone.protocolPB.OzoneManagerRequestHandler.getOzoneFileStatus(OzoneManagerRequestHandler.java:973) ~[ozone-manager-1.4.0-SNAPSHOT.jar:?]
	at org.apache.hadoop.ozone.protocolPB.OzoneManagerRequestHandler.handleReadRequest(OzoneManagerRequestHandler.java:252) ~[ozone-manager-1.4.0-SNAPSHOT.jar:?]
	at org.apache.hadoop.ozone.protocolPB.OzoneManagerProtocolServerSideTranslatorPB.submitRequestDirectlyToOM(OzoneManagerProtocolServerSideTranslatorPB.java:274) ~[ozone-manager-1.4.0-SNAPSHOT.jar:?]
	at org.apache.hadoop.ozone.protocolPB.OzoneManagerProtocolServerSideTranslatorPB.processRequest(OzoneManagerProtocolServerSideTranslatorPB.java:175) ~[ozone-manager-1.4.0-SNAPSHOT.jar:?]
	at org.apache.hadoop.hdds.server.OzoneProtocolMessageDispatcher.processRequest(OzoneProtocolMessageDispatcher.java:87) [hdds-server-framework-1.4.0-SNAPSHOT.jar:?]
	at org.apache.hadoop.ozone.protocolPB.OzoneManagerProtocolServerSideTranslatorPB.submitRequest(OzoneManagerProtocolServerSideTranslatorPB.java:148) [ozone-manager-1.4.0-SNAPSHOT.jar:?]
	at org.apache.hadoop.ozone.protocol.proto.OzoneManagerProtocolProtos$OzoneManagerService$2.callBlockingMethod(OzoneManagerProtocolProtos.java) [ozone-interface-client-1.4.0-SNAPSHOT.jar:?]
	at org.apache.hadoop.ipc.ProtobufRpcEngine$Server.processCall(ProtobufRpcEngine.java:484) [hadoop-common-3.3.6.jar:?]
	at org.apache.hadoop.ipc.ProtobufRpcEngine2$Server$ProtoBufRpcInvoker.call(ProtobufRpcEngine2.java:595) [hadoop-common-3.3.6.jar:?]
	at org.apache.hadoop.ipc.ProtobufRpcEngine2$Server$ProtoBufRpcInvoker.call(ProtobufRpcEngine2.java:573) [hadoop-common-3.3.6.jar:?]
	at org.apache.hadoop.ipc.RPC$Server.call(RPC.java:1227) [hadoop-common-3.3.6.jar:?]
	at org.apache.hadoop.ipc.Server$RpcCall.run(Server.java:1094) [hadoop-common-3.3.6.jar:?]
	at org.apache.hadoop.ipc.Server$RpcCall.run(Server.java:1017) [hadoop-common-3.3.6.jar:?]
	at java.security.AccessController.doPrivileged(Native Method) ~[?:1.8.0_382]
	at javax.security.auth.Subject.doAs(Subject.java:422) [?:1.8.0_382]
	at org.apache.hadoop.security.UserGroupInformation.doAs(UserGroupInformation.java:1899) [hadoop-common-3.3.6.jar:?]
	at org.apache.hadoop.ipc.Server$Handler.run(Server.java:3048) [hadoop-common-3.3.6.jar:?]
]]></system-out>
  </testcase>
  <testcase name="testMakeDirsWithAnFakeDirectory" classname="TestOzoneFileSystem" time="0.026">
    <system-out><![CDATA[18:55:26.002 [IPC Server handler 19 on default port 15110] ERROR OMAudit - user=runner | ip=127.0.0.1 | op=GET_FILE_STATUS {volume=volume95024, bucket=bucket37863, key=user/runner/dir1/dir2, dataSize=0, replicationConfig=null} | ret=FAILURE
org.apache.hadoop.ozone.om.exceptions.OMException: Unable to get file status: volume: volume95024 bucket: bucket37863 key: user/runner/dir1/dir2
	at org.apache.hadoop.ozone.om.KeyManagerImpl.getOzoneFileStatus(KeyManagerImpl.java:1195) ~[ozone-manager-1.4.0-SNAPSHOT.jar:?]
	at org.apache.hadoop.ozone.om.KeyManagerImpl.getFileStatus(KeyManagerImpl.java:1113) ~[ozone-manager-1.4.0-SNAPSHOT.jar:?]
	at org.apache.hadoop.ozone.om.OmMetadataReader.getFileStatus(OmMetadataReader.java:262) ~[ozone-manager-1.4.0-SNAPSHOT.jar:?]
	at org.apache.hadoop.ozone.om.OzoneManager.getFileStatus(OzoneManager.java:3530) ~[ozone-manager-1.4.0-SNAPSHOT.jar:?]
	at org.apache.hadoop.ozone.protocolPB.OzoneManagerRequestHandler.getOzoneFileStatus(OzoneManagerRequestHandler.java:973) ~[ozone-manager-1.4.0-SNAPSHOT.jar:?]
	at org.apache.hadoop.ozone.protocolPB.OzoneManagerRequestHandler.handleReadRequest(OzoneManagerRequestHandler.java:252) ~[ozone-manager-1.4.0-SNAPSHOT.jar:?]
	at org.apache.hadoop.ozone.protocolPB.OzoneManagerProtocolServerSideTranslatorPB.submitReadRequestToOM(OzoneManagerProtocolServerSideTranslatorPB.java:225) ~[ozone-manager-1.4.0-SNAPSHOT.jar:?]
	at org.apache.hadoop.ozone.protocolPB.OzoneManagerProtocolServerSideTranslatorPB.processRequest(OzoneManagerProtocolServerSideTranslatorPB.java:179) ~[ozone-manager-1.4.0-SNAPSHOT.jar:?]
	at org.apache.hadoop.hdds.server.OzoneProtocolMessageDispatcher.processRequest(OzoneProtocolMessageDispatcher.java:87) [hdds-server-framework-1.4.0-SNAPSHOT.jar:?]
	at org.apache.hadoop.ozone.protocolPB.OzoneManagerProtocolServerSideTranslatorPB.submitRequest(OzoneManagerProtocolServerSideTranslatorPB.java:148) [ozone-manager-1.4.0-SNAPSHOT.jar:?]
	at org.apache.hadoop.ozone.protocol.proto.OzoneManagerProtocolProtos$OzoneManagerService$2.callBlockingMethod(OzoneManagerProtocolProtos.java) [ozone-interface-client-1.4.0-SNAPSHOT.jar:?]
	at org.apache.hadoop.ipc.ProtobufRpcEngine$Server.processCall(ProtobufRpcEngine.java:484) [hadoop-common-3.3.6.jar:?]
	at org.apache.hadoop.ipc.ProtobufRpcEngine2$Server$ProtoBufRpcInvoker.call(ProtobufRpcEngine2.java:595) [hadoop-common-3.3.6.jar:?]
	at org.apache.hadoop.ipc.ProtobufRpcEngine2$Server$ProtoBufRpcInvoker.call(ProtobufRpcEngine2.java:573) [hadoop-common-3.3.6.jar:?]
	at org.apache.hadoop.ipc.RPC$Server.call(RPC.java:1227) [hadoop-common-3.3.6.jar:?]
	at org.apache.hadoop.ipc.Server$RpcCall.run(Server.java:1094) [hadoop-common-3.3.6.jar:?]
	at org.apache.hadoop.ipc.Server$RpcCall.run(Server.java:1017) [hadoop-common-3.3.6.jar:?]
	at java.security.AccessController.doPrivileged(Native Method) ~[?:1.8.0_382]
	at javax.security.auth.Subject.doAs(Subject.java:422) [?:1.8.0_382]
	at org.apache.hadoop.security.UserGroupInformation.doAs(UserGroupInformation.java:1899) [hadoop-common-3.3.6.jar:?]
	at org.apache.hadoop.ipc.Server$Handler.run(Server.java:3048) [hadoop-common-3.3.6.jar:?]
]]></system-out>
  </testcase>
  <testcase name="testMakeDirsWithAnFakeDirectory" classname="TestOzoneFileSystem" time="0.017">
    <system-out><![CDATA[18:56:33.408 [IPC Server handler 1 on default port 15163] ERROR OMAudit - user=runner | ip=127.0.0.1 | op=GET_FILE_STATUS {volume=volume50878, bucket=bucket78448, key=user/runner/dir1/dir2, dataSize=0, replicationConfig=null} | ret=FAILURE
org.apache.hadoop.ozone.om.exceptions.OMException: Unable to get file status: volume: volume50878 bucket: bucket78448 key: user/runner/dir1/dir2
	at org.apache.hadoop.ozone.om.KeyManagerImpl.getOzoneFileStatus(KeyManagerImpl.java:1195) ~[ozone-manager-1.4.0-SNAPSHOT.jar:?]
	at org.apache.hadoop.ozone.om.KeyManagerImpl.getFileStatus(KeyManagerImpl.java:1113) ~[ozone-manager-1.4.0-SNAPSHOT.jar:?]
	at org.apache.hadoop.ozone.om.OmMetadataReader.getFileStatus(OmMetadataReader.java:262) ~[ozone-manager-1.4.0-SNAPSHOT.jar:?]
	at org.apache.hadoop.ozone.om.OzoneManager.getFileStatus(OzoneManager.java:3530) ~[ozone-manager-1.4.0-SNAPSHOT.jar:?]
	at org.apache.hadoop.ozone.protocolPB.OzoneManagerRequestHandler.getOzoneFileStatus(OzoneManagerRequestHandler.java:973) ~[ozone-manager-1.4.0-SNAPSHOT.jar:?]
	at org.apache.hadoop.ozone.protocolPB.OzoneManagerRequestHandler.handleReadRequest(OzoneManagerRequestHandler.java:252) ~[ozone-manager-1.4.0-SNAPSHOT.jar:?]
	at org.apache.hadoop.ozone.protocolPB.OzoneManagerProtocolServerSideTranslatorPB.submitRequestDirectlyToOM(OzoneManagerProtocolServerSideTranslatorPB.java:274) ~[ozone-manager-1.4.0-SNAPSHOT.jar:?]
	at org.apache.hadoop.ozone.protocolPB.OzoneManagerProtocolServerSideTranslatorPB.processRequest(OzoneManagerProtocolServerSideTranslatorPB.java:175) ~[ozone-manager-1.4.0-SNAPSHOT.jar:?]
	at org.apache.hadoop.hdds.server.OzoneProtocolMessageDispatcher.processRequest(OzoneProtocolMessageDispatcher.java:87) [hdds-server-framework-1.4.0-SNAPSHOT.jar:?]
	at org.apache.hadoop.ozone.protocolPB.OzoneManagerProtocolServerSideTranslatorPB.submitRequest(OzoneManagerProtocolServerSideTranslatorPB.java:148) [ozone-manager-1.4.0-SNAPSHOT.jar:?]
	at org.apache.hadoop.ozone.protocol.proto.OzoneManagerProtocolProtos$OzoneManagerService$2.callBlockingMethod(OzoneManagerProtocolProtos.java) [ozone-interface-client-1.4.0-SNAPSHOT.jar:?]
	at org.apache.hadoop.ipc.ProtobufRpcEngine$Server.processCall(ProtobufRpcEngine.java:484) [hadoop-common-3.3.6.jar:?]
	at org.apache.hadoop.ipc.ProtobufRpcEngine2$Server$ProtoBufRpcInvoker.call(ProtobufRpcEngine2.java:595) [hadoop-common-3.3.6.jar:?]
	at org.apache.hadoop.ipc.ProtobufRpcEngine2$Server$ProtoBufRpcInvoker.call(ProtobufRpcEngine2.java:573) [hadoop-common-3.3.6.jar:?]
	at org.apache.hadoop.ipc.RPC$Server.call(RPC.java:1227) [hadoop-common-3.3.6.jar:?]
	at org.apache.hadoop.ipc.Server$RpcCall.run(Server.java:1094) [hadoop-common-3.3.6.jar:?]
	at org.apache.hadoop.ipc.Server$RpcCall.run(Server.java:1017) [hadoop-common-3.3.6.jar:?]
	at java.security.AccessController.doPrivileged(Native Method) ~[?:1.8.0_382]
	at javax.security.auth.Subject.doAs(Subject.java:422) [?:1.8.0_382]
	at org.apache.hadoop.security.UserGroupInformation.doAs(UserGroupInformation.java:1899) [hadoop-common-3.3.6.jar:?]
	at org.apache.hadoop.ipc.Server$Handler.run(Server.java:3048) [hadoop-common-3.3.6.jar:?]
]]></system-out>
  </testcase>
  <testcase name="testFileDelete" classname="TestOzoneFileSystem" time="0.217">
    <system-out><![CDATA[18:53:05.911 [IPC Server handler 0 on default port 15004] ERROR OMAudit - user=runner | ip=127.0.0.1 | op=GET_FILE_STATUS {volume=volume53060, bucket=bucket79480, key=testBatchDelete, dataSize=0, replicationConfig=null} | ret=FAILURE
org.apache.hadoop.ozone.om.exceptions.OMException: Unable to get file status: volume: volume53060 bucket: bucket79480 key: testBatchDelete
	at org.apache.hadoop.ozone.om.KeyManagerImpl.getOzoneFileStatus(KeyManagerImpl.java:1195) ~[ozone-manager-1.4.0-SNAPSHOT.jar:?]
	at org.apache.hadoop.ozone.om.KeyManagerImpl.getFileStatus(KeyManagerImpl.java:1113) ~[ozone-manager-1.4.0-SNAPSHOT.jar:?]
	at org.apache.hadoop.ozone.om.OmMetadataReader.getFileStatus(OmMetadataReader.java:262) ~[ozone-manager-1.4.0-SNAPSHOT.jar:?]
	at org.apache.hadoop.ozone.om.OzoneManager.getFileStatus(OzoneManager.java:3530) ~[ozone-manager-1.4.0-SNAPSHOT.jar:?]
	at org.apache.hadoop.ozone.protocolPB.OzoneManagerRequestHandler.getOzoneFileStatus(OzoneManagerRequestHandler.java:973) ~[ozone-manager-1.4.0-SNAPSHOT.jar:?]
	at org.apache.hadoop.ozone.protocolPB.OzoneManagerRequestHandler.handleReadRequest(OzoneManagerRequestHandler.java:252) ~[ozone-manager-1.4.0-SNAPSHOT.jar:?]
	at org.apache.hadoop.ozone.protocolPB.OzoneManagerProtocolServerSideTranslatorPB.submitReadRequestToOM(OzoneManagerProtocolServerSideTranslatorPB.java:225) ~[ozone-manager-1.4.0-SNAPSHOT.jar:?]
	at org.apache.hadoop.ozone.protocolPB.OzoneManagerProtocolServerSideTranslatorPB.processRequest(OzoneManagerProtocolServerSideTranslatorPB.java:179) ~[ozone-manager-1.4.0-SNAPSHOT.jar:?]
	at org.apache.hadoop.hdds.server.OzoneProtocolMessageDispatcher.processRequest(OzoneProtocolMessageDispatcher.java:87) [hdds-server-framework-1.4.0-SNAPSHOT.jar:?]
	at org.apache.hadoop.ozone.protocolPB.OzoneManagerProtocolServerSideTranslatorPB.submitRequest(OzoneManagerProtocolServerSideTranslatorPB.java:148) [ozone-manager-1.4.0-SNAPSHOT.jar:?]
	at org.apache.hadoop.ozone.protocol.proto.OzoneManagerProtocolProtos$OzoneManagerService$2.callBlockingMethod(OzoneManagerProtocolProtos.java) [ozone-interface-client-1.4.0-SNAPSHOT.jar:?]
	at org.apache.hadoop.ipc.ProtobufRpcEngine$Server.processCall(ProtobufRpcEngine.java:484) [hadoop-common-3.3.6.jar:?]
	at org.apache.hadoop.ipc.ProtobufRpcEngine2$Server$ProtoBufRpcInvoker.call(ProtobufRpcEngine2.java:595) [hadoop-common-3.3.6.jar:?]
	at org.apache.hadoop.ipc.ProtobufRpcEngine2$Server$ProtoBufRpcInvoker.call(ProtobufRpcEngine2.java:573) [hadoop-common-3.3.6.jar:?]
	at org.apache.hadoop.ipc.RPC$Server.call(RPC.java:1227) [hadoop-common-3.3.6.jar:?]
	at org.apache.hadoop.ipc.Server$RpcCall.run(Server.java:1094) [hadoop-common-3.3.6.jar:?]
	at org.apache.hadoop.ipc.Server$RpcCall.run(Server.java:1017) [hadoop-common-3.3.6.jar:?]
	at java.security.AccessController.doPrivileged(Native Method) ~[?:1.8.0_382]
	at javax.security.auth.Subject.doAs(Subject.java:422) [?:1.8.0_382]
	at org.apache.hadoop.security.UserGroupInformation.doAs(UserGroupInformation.java:1899) [hadoop-common-3.3.6.jar:?]
	at org.apache.hadoop.ipc.Server$Handler.run(Server.java:3048) [hadoop-common-3.3.6.jar:?]
18:53:05.913 [IPC Server handler 3 on default port 15004] ERROR OMAudit - user=runner | ip=127.0.0.1 | op=GET_FILE_STATUS {volume=volume53060, bucket=bucket79480, key=testBatchDelete/parent/child0, dataSize=0, replicationConfig=null} | ret=FAILURE
org.apache.hadoop.ozone.om.exceptions.OMException: Unable to get file status: volume: volume53060 bucket: bucket79480 key: testBatchDelete/parent/child0
	at org.apache.hadoop.ozone.om.KeyManagerImpl.getOzoneFileStatus(KeyManagerImpl.java:1195) ~[ozone-manager-1.4.0-SNAPSHOT.jar:?]
	at org.apache.hadoop.ozone.om.KeyManagerImpl.getFileStatus(KeyManagerImpl.java:1113) ~[ozone-manager-1.4.0-SNAPSHOT.jar:?]
	at org.apache.hadoop.ozone.om.OmMetadataReader.getFileStatus(OmMetadataReader.java:262) ~[ozone-manager-1.4.0-SNAPSHOT.jar:?]
	at org.apache.hadoop.ozone.om.OzoneManager.getFileStatus(OzoneManager.java:3530) ~[ozone-manager-1.4.0-SNAPSHOT.jar:?]
	at org.apache.hadoop.ozone.protocolPB.OzoneManagerRequestHandler.getOzoneFileStatus(OzoneManagerRequestHandler.java:973) ~[ozone-manager-1.4.0-SNAPSHOT.jar:?]
	at org.apache.hadoop.ozone.protocolPB.OzoneManagerRequestHandler.handleReadRequest(OzoneManagerRequestHandler.java:252) ~[ozone-manager-1.4.0-SNAPSHOT.jar:?]
	at org.apache.hadoop.ozone.protocolPB.OzoneManagerProtocolServerSideTranslatorPB.submitReadRequestToOM(OzoneManagerProtocolServerSideTranslatorPB.java:225) ~[ozone-manager-1.4.0-SNAPSHOT.jar:?]
	at org.apache.hadoop.ozone.protocolPB.OzoneManagerProtocolServerSideTranslatorPB.processRequest(OzoneManagerProtocolServerSideTranslatorPB.java:179) ~[ozone-manager-1.4.0-SNAPSHOT.jar:?]
	at org.apache.hadoop.hdds.server.OzoneProtocolMessageDispatcher.processRequest(OzoneProtocolMessageDispatcher.java:87) [hdds-server-framework-1.4.0-SNAPSHOT.jar:?]
	at org.apache.hadoop.ozone.protocolPB.OzoneManagerProtocolServerSideTranslatorPB.submitRequest(OzoneManagerProtocolServerSideTranslatorPB.java:148) [ozone-manager-1.4.0-SNAPSHOT.jar:?]
	at org.apache.hadoop.ozone.protocol.proto.OzoneManagerProtocolProtos$OzoneManagerService$2.callBlockingMethod(OzoneManagerProtocolProtos.java) [ozone-interface-client-1.4.0-SNAPSHOT.jar:?]
	at org.apache.hadoop.ipc.ProtobufRpcEngine$Server.processCall(ProtobufRpcEngine.java:484) [hadoop-common-3.3.6.jar:?]
	at org.apache.hadoop.ipc.ProtobufRpcEngine2$Server$ProtoBufRpcInvoker.call(ProtobufRpcEngine2.java:595) [hadoop-common-3.3.6.jar:?]
	at org.apache.hadoop.ipc.ProtobufRpcEngine2$Server$ProtoBufRpcInvoker.call(ProtobufRpcEngine2.java:573) [hadoop-common-3.3.6.jar:?]
	at org.apache.hadoop.ipc.RPC$Server.call(RPC.java:1227) [hadoop-common-3.3.6.jar:?]
	at org.apache.hadoop.ipc.Server$RpcCall.run(Server.java:1094) [hadoop-common-3.3.6.jar:?]
	at org.apache.hadoop.ipc.Server$RpcCall.run(Server.java:1017) [hadoop-common-3.3.6.jar:?]
	at java.security.AccessController.doPrivileged(Native Method) ~[?:1.8.0_382]
	at javax.security.auth.Subject.doAs(Subject.java:422) [?:1.8.0_382]
	at org.apache.hadoop.security.UserGroupInformation.doAs(UserGroupInformation.java:1899) [hadoop-common-3.3.6.jar:?]
	at org.apache.hadoop.ipc.Server$Handler.run(Server.java:3048) [hadoop-common-3.3.6.jar:?]
18:53:05.914 [IPC Server handler 4 on default port 15004] ERROR OMAudit - user=runner | ip=127.0.0.1 | op=GET_FILE_STATUS {volume=volume53060, bucket=bucket79480, key=testBatchDelete/parent/childFolder/child0, dataSize=0, replicationConfig=null} | ret=FAILURE
org.apache.hadoop.ozone.om.exceptions.OMException: Unable to get file status: volume: volume53060 bucket: bucket79480 key: testBatchDelete/parent/childFolder/child0
	at org.apache.hadoop.ozone.om.KeyManagerImpl.getOzoneFileStatus(KeyManagerImpl.java:1195) ~[ozone-manager-1.4.0-SNAPSHOT.jar:?]
	at org.apache.hadoop.ozone.om.KeyManagerImpl.getFileStatus(KeyManagerImpl.java:1113) ~[ozone-manager-1.4.0-SNAPSHOT.jar:?]
	at org.apache.hadoop.ozone.om.OmMetadataReader.getFileStatus(OmMetadataReader.java:262) ~[ozone-manager-1.4.0-SNAPSHOT.jar:?]
	at org.apache.hadoop.ozone.om.OzoneManager.getFileStatus(OzoneManager.java:3530) ~[ozone-manager-1.4.0-SNAPSHOT.jar:?]
	at org.apache.hadoop.ozone.protocolPB.OzoneManagerRequestHandler.getOzoneFileStatus(OzoneManagerRequestHandler.java:973) ~[ozone-manager-1.4.0-SNAPSHOT.jar:?]
	at org.apache.hadoop.ozone.protocolPB.OzoneManagerRequestHandler.handleReadRequest(OzoneManagerRequestHandler.java:252) ~[ozone-manager-1.4.0-SNAPSHOT.jar:?]
	at org.apache.hadoop.ozone.protocolPB.OzoneManagerProtocolServerSideTranslatorPB.submitReadRequestToOM(OzoneManagerProtocolServerSideTranslatorPB.java:225) ~[ozone-manager-1.4.0-SNAPSHOT.jar:?]
	at org.apache.hadoop.ozone.protocolPB.OzoneManagerProtocolServerSideTranslatorPB.processRequest(OzoneManagerProtocolServerSideTranslatorPB.java:179) ~[ozone-manager-1.4.0-SNAPSHOT.jar:?]
	at org.apache.hadoop.hdds.server.OzoneProtocolMessageDispatcher.processRequest(OzoneProtocolMessageDispatcher.java:87) [hdds-server-framework-1.4.0-SNAPSHOT.jar:?]
	at org.apache.hadoop.ozone.protocolPB.OzoneManagerProtocolServerSideTranslatorPB.submitRequest(OzoneManagerProtocolServerSideTranslatorPB.java:148) [ozone-manager-1.4.0-SNAPSHOT.jar:?]
	at org.apache.hadoop.ozone.protocol.proto.OzoneManagerProtocolProtos$OzoneManagerService$2.callBlockingMethod(OzoneManagerProtocolProtos.java) [ozone-interface-client-1.4.0-SNAPSHOT.jar:?]
	at org.apache.hadoop.ipc.ProtobufRpcEngine$Server.processCall(ProtobufRpcEngine.java:484) [hadoop-common-3.3.6.jar:?]
	at org.apache.hadoop.ipc.ProtobufRpcEngine2$Server$ProtoBufRpcInvoker.call(ProtobufRpcEngine2.java:595) [hadoop-common-3.3.6.jar:?]
	at org.apache.hadoop.ipc.ProtobufRpcEngine2$Server$ProtoBufRpcInvoker.call(ProtobufRpcEngine2.java:573) [hadoop-common-3.3.6.jar:?]
	at org.apache.hadoop.ipc.RPC$Server.call(RPC.java:1227) [hadoop-common-3.3.6.jar:?]
	at org.apache.hadoop.ipc.Server$RpcCall.run(Server.java:1094) [hadoop-common-3.3.6.jar:?]
	at org.apache.hadoop.ipc.Server$RpcCall.run(Server.java:1017) [hadoop-common-3.3.6.jar:?]
	at java.security.AccessController.doPrivileged(Native Method) ~[?:1.8.0_382]
	at javax.security.auth.Subject.doAs(Subject.java:422) [?:1.8.0_382]
	at org.apache.hadoop.security.UserGroupInformation.doAs(UserGroupInformation.java:1899) [hadoop-common-3.3.6.jar:?]
	at org.apache.hadoop.ipc.Server$Handler.run(Server.java:3048) [hadoop-common-3.3.6.jar:?]
18:53:05.916 [IPC Server handler 1 on default port 15004] ERROR OMAudit - user=runner | ip=127.0.0.1 | op=GET_FILE_STATUS {volume=volume53060, bucket=bucket79480, key=testBatchDelete/parent/child1, dataSize=0, replicationConfig=null} | ret=FAILURE
org.apache.hadoop.ozone.om.exceptions.OMException: Unable to get file status: volume: volume53060 bucket: bucket79480 key: testBatchDelete/parent/child1
	at org.apache.hadoop.ozone.om.KeyManagerImpl.getOzoneFileStatus(KeyManagerImpl.java:1195) ~[ozone-manager-1.4.0-SNAPSHOT.jar:?]
	at org.apache.hadoop.ozone.om.KeyManagerImpl.getFileStatus(KeyManagerImpl.java:1113) ~[ozone-manager-1.4.0-SNAPSHOT.jar:?]
	at org.apache.hadoop.ozone.om.OmMetadataReader.getFileStatus(OmMetadataReader.java:262) ~[ozone-manager-1.4.0-SNAPSHOT.jar:?]
	at org.apache.hadoop.ozone.om.OzoneManager.getFileStatus(OzoneManager.java:3530) ~[ozone-manager-1.4.0-SNAPSHOT.jar:?]
	at org.apache.hadoop.ozone.protocolPB.OzoneManagerRequestHandler.getOzoneFileStatus(OzoneManagerRequestHandler.java:973) ~[ozone-manager-1.4.0-SNAPSHOT.jar:?]
	at org.apache.hadoop.ozone.protocolPB.OzoneManagerRequestHandler.handleReadRequest(OzoneManagerRequestHandler.java:252) ~[ozone-manager-1.4.0-SNAPSHOT.jar:?]
	at org.apache.hadoop.ozone.protocolPB.OzoneManagerProtocolServerSideTranslatorPB.submitReadRequestToOM(OzoneManagerProtocolServerSideTranslatorPB.java:225) ~[ozone-manager-1.4.0-SNAPSHOT.jar:?]
	at org.apache.hadoop.ozone.protocolPB.OzoneManagerProtocolServerSideTranslatorPB.processRequest(OzoneManagerProtocolServerSideTranslatorPB.java:179) ~[ozone-manager-1.4.0-SNAPSHOT.jar:?]
	at org.apache.hadoop.hdds.server.OzoneProtocolMessageDispatcher.processRequest(OzoneProtocolMessageDispatcher.java:87) [hdds-server-framework-1.4.0-SNAPSHOT.jar:?]
	at org.apache.hadoop.ozone.protocolPB.OzoneManagerProtocolServerSideTranslatorPB.submitRequest(OzoneManagerProtocolServerSideTranslatorPB.java:148) [ozone-manager-1.4.0-SNAPSHOT.jar:?]
	at org.apache.hadoop.ozone.protocol.proto.OzoneManagerProtocolProtos$OzoneManagerService$2.callBlockingMethod(OzoneManagerProtocolProtos.java) [ozone-interface-client-1.4.0-SNAPSHOT.jar:?]
	at org.apache.hadoop.ipc.ProtobufRpcEngine$Server.processCall(ProtobufRpcEngine.java:484) [hadoop-common-3.3.6.jar:?]
	at org.apache.hadoop.ipc.ProtobufRpcEngine2$Server$ProtoBufRpcInvoker.call(ProtobufRpcEngine2.java:595) [hadoop-common-3.3.6.jar:?]
	at org.apache.hadoop.ipc.ProtobufRpcEngine2$Server$ProtoBufRpcInvoker.call(ProtobufRpcEngine2.java:573) [hadoop-common-3.3.6.jar:?]
	at org.apache.hadoop.ipc.RPC$Server.call(RPC.java:1227) [hadoop-common-3.3.6.jar:?]
	at org.apache.hadoop.ipc.Server$RpcCall.run(Server.java:1094) [hadoop-common-3.3.6.jar:?]
	at org.apache.hadoop.ipc.Server$RpcCall.run(Server.java:1017) [hadoop-common-3.3.6.jar:?]
	at java.security.AccessController.doPrivileged(Native Method) ~[?:1.8.0_382]
	at javax.security.auth.Subject.doAs(Subject.java:422) [?:1.8.0_382]
	at org.apache.hadoop.security.UserGroupInformation.doAs(UserGroupInformation.java:1899) [hadoop-common-3.3.6.jar:?]
	at org.apache.hadoop.ipc.Server$Handler.run(Server.java:3048) [hadoop-common-3.3.6.jar:?]
18:53:05.917 [IPC Server handler 2 on default port 15004] ERROR OMAudit - user=runner | ip=127.0.0.1 | op=GET_FILE_STATUS {volume=volume53060, bucket=bucket79480, key=testBatchDelete/parent/childFolder/child1, dataSize=0, replicationConfig=null} | ret=FAILURE
org.apache.hadoop.ozone.om.exceptions.OMException: Unable to get file status: volume: volume53060 bucket: bucket79480 key: testBatchDelete/parent/childFolder/child1
	at org.apache.hadoop.ozone.om.KeyManagerImpl.getOzoneFileStatus(KeyManagerImpl.java:1195) ~[ozone-manager-1.4.0-SNAPSHOT.jar:?]
	at org.apache.hadoop.ozone.om.KeyManagerImpl.getFileStatus(KeyManagerImpl.java:1113) ~[ozone-manager-1.4.0-SNAPSHOT.jar:?]
	at org.apache.hadoop.ozone.om.OmMetadataReader.getFileStatus(OmMetadataReader.java:262) ~[ozone-manager-1.4.0-SNAPSHOT.jar:?]
	at org.apache.hadoop.ozone.om.OzoneManager.getFileStatus(OzoneManager.java:3530) ~[ozone-manager-1.4.0-SNAPSHOT.jar:?]
	at org.apache.hadoop.ozone.protocolPB.OzoneManagerRequestHandler.getOzoneFileStatus(OzoneManagerRequestHandler.java:973) ~[ozone-manager-1.4.0-SNAPSHOT.jar:?]
	at org.apache.hadoop.ozone.protocolPB.OzoneManagerRequestHandler.handleReadRequest(OzoneManagerRequestHandler.java:252) ~[ozone-manager-1.4.0-SNAPSHOT.jar:?]
	at org.apache.hadoop.ozone.protocolPB.OzoneManagerProtocolServerSideTranslatorPB.submitReadRequestToOM(OzoneManagerProtocolServerSideTranslatorPB.java:225) ~[ozone-manager-1.4.0-SNAPSHOT.jar:?]
	at org.apache.hadoop.ozone.protocolPB.OzoneManagerProtocolServerSideTranslatorPB.processRequest(OzoneManagerProtocolServerSideTranslatorPB.java:179) ~[ozone-manager-1.4.0-SNAPSHOT.jar:?]
	at org.apache.hadoop.hdds.server.OzoneProtocolMessageDispatcher.processRequest(OzoneProtocolMessageDispatcher.java:87) [hdds-server-framework-1.4.0-SNAPSHOT.jar:?]
	at org.apache.hadoop.ozone.protocolPB.OzoneManagerProtocolServerSideTranslatorPB.submitRequest(OzoneManagerProtocolServerSideTranslatorPB.java:148) [ozone-manager-1.4.0-SNAPSHOT.jar:?]
	at org.apache.hadoop.ozone.protocol.proto.OzoneManagerProtocolProtos$OzoneManagerService$2.callBlockingMethod(OzoneManagerProtocolProtos.java) [ozone-interface-client-1.4.0-SNAPSHOT.jar:?]
	at org.apache.hadoop.ipc.ProtobufRpcEngine$Server.processCall(ProtobufRpcEngine.java:484) [hadoop-common-3.3.6.jar:?]
	at org.apache.hadoop.ipc.ProtobufRpcEngine2$Server$ProtoBufRpcInvoker.call(ProtobufRpcEngine2.java:595) [hadoop-common-3.3.6.jar:?]
	at org.apache.hadoop.ipc.ProtobufRpcEngine2$Server$ProtoBufRpcInvoker.call(ProtobufRpcEngine2.java:573) [hadoop-common-3.3.6.jar:?]
	at org.apache.hadoop.ipc.RPC$Server.call(RPC.java:1227) [hadoop-common-3.3.6.jar:?]
	at org.apache.hadoop.ipc.Server$RpcCall.run(Server.java:1094) [hadoop-common-3.3.6.jar:?]
	at org.apache.hadoop.ipc.Server$RpcCall.run(Server.java:1017) [hadoop-common-3.3.6.jar:?]
	at java.security.AccessController.doPrivileged(Native Method) ~[?:1.8.0_382]
	at javax.security.auth.Subject.doAs(Subject.java:422) [?:1.8.0_382]
	at org.apache.hadoop.security.UserGroupInformation.doAs(UserGroupInformation.java:1899) [hadoop-common-3.3.6.jar:?]
	at org.apache.hadoop.ipc.Server$Handler.run(Server.java:3048) [hadoop-common-3.3.6.jar:?]
18:53:05.918 [IPC Server handler 15 on default port 15004] ERROR OMAudit - user=runner | ip=127.0.0.1 | op=GET_FILE_STATUS {volume=volume53060, bucket=bucket79480, key=testBatchDelete/parent/child2, dataSize=0, replicationConfig=null} | ret=FAILURE
org.apache.hadoop.ozone.om.exceptions.OMException: Unable to get file status: volume: volume53060 bucket: bucket79480 key: testBatchDelete/parent/child2
	at org.apache.hadoop.ozone.om.KeyManagerImpl.getOzoneFileStatus(KeyManagerImpl.java:1195) ~[ozone-manager-1.4.0-SNAPSHOT.jar:?]
	at org.apache.hadoop.ozone.om.KeyManagerImpl.getFileStatus(KeyManagerImpl.java:1113) ~[ozone-manager-1.4.0-SNAPSHOT.jar:?]
	at org.apache.hadoop.ozone.om.OmMetadataReader.getFileStatus(OmMetadataReader.java:262) ~[ozone-manager-1.4.0-SNAPSHOT.jar:?]
	at org.apache.hadoop.ozone.om.OzoneManager.getFileStatus(OzoneManager.java:3530) ~[ozone-manager-1.4.0-SNAPSHOT.jar:?]
	at org.apache.hadoop.ozone.protocolPB.OzoneManagerRequestHandler.getOzoneFileStatus(OzoneManagerRequestHandler.java:973) ~[ozone-manager-1.4.0-SNAPSHOT.jar:?]
	at org.apache.hadoop.ozone.protocolPB.OzoneManagerRequestHandler.handleReadRequest(OzoneManagerRequestHandler.java:252) ~[ozone-manager-1.4.0-SNAPSHOT.jar:?]
	at org.apache.hadoop.ozone.protocolPB.OzoneManagerProtocolServerSideTranslatorPB.submitReadRequestToOM(OzoneManagerProtocolServerSideTranslatorPB.java:225) ~[ozone-manager-1.4.0-SNAPSHOT.jar:?]
	at org.apache.hadoop.ozone.protocolPB.OzoneManagerProtocolServerSideTranslatorPB.processRequest(OzoneManagerProtocolServerSideTranslatorPB.java:179) ~[ozone-manager-1.4.0-SNAPSHOT.jar:?]
	at org.apache.hadoop.hdds.server.OzoneProtocolMessageDispatcher.processRequest(OzoneProtocolMessageDispatcher.java:87) [hdds-server-framework-1.4.0-SNAPSHOT.jar:?]
	at org.apache.hadoop.ozone.protocolPB.OzoneManagerProtocolServerSideTranslatorPB.submitRequest(OzoneManagerProtocolServerSideTranslatorPB.java:148) [ozone-manager-1.4.0-SNAPSHOT.jar:?]
	at org.apache.hadoop.ozone.protocol.proto.OzoneManagerProtocolProtos$OzoneManagerService$2.callBlockingMethod(OzoneManagerProtocolProtos.java) [ozone-interface-client-1.4.0-SNAPSHOT.jar:?]
	at org.apache.hadoop.ipc.ProtobufRpcEngine$Server.processCall(ProtobufRpcEngine.java:484) [hadoop-common-3.3.6.jar:?]
	at org.apache.hadoop.ipc.ProtobufRpcEngine2$Server$ProtoBufRpcInvoker.call(ProtobufRpcEngine2.java:595) [hadoop-common-3.3.6.jar:?]
	at org.apache.hadoop.ipc.ProtobufRpcEngine2$Server$ProtoBufRpcInvoker.call(ProtobufRpcEngine2.java:573) [hadoop-common-3.3.6.jar:?]
	at org.apache.hadoop.ipc.RPC$Server.call(RPC.java:1227) [hadoop-common-3.3.6.jar:?]
	at org.apache.hadoop.ipc.Server$RpcCall.run(Server.java:1094) [hadoop-common-3.3.6.jar:?]
	at org.apache.hadoop.ipc.Server$RpcCall.run(Server.java:1017) [hadoop-common-3.3.6.jar:?]
	at java.security.AccessController.doPrivileged(Native Method) ~[?:1.8.0_382]
	at javax.security.auth.Subject.doAs(Subject.java:422) [?:1.8.0_382]
	at org.apache.hadoop.security.UserGroupInformation.doAs(UserGroupInformation.java:1899) [hadoop-common-3.3.6.jar:?]
	at org.apache.hadoop.ipc.Server$Handler.run(Server.java:3048) [hadoop-common-3.3.6.jar:?]
18:53:05.920 [IPC Server handler 17 on default port 15004] ERROR OMAudit - user=runner | ip=127.0.0.1 | op=GET_FILE_STATUS {volume=volume53060, bucket=bucket79480, key=testBatchDelete/parent/childFolder/child2, dataSize=0, replicationConfig=null} | ret=FAILURE
org.apache.hadoop.ozone.om.exceptions.OMException: Unable to get file status: volume: volume53060 bucket: bucket79480 key: testBatchDelete/parent/childFolder/child2
	at org.apache.hadoop.ozone.om.KeyManagerImpl.getOzoneFileStatus(KeyManagerImpl.java:1195) ~[ozone-manager-1.4.0-SNAPSHOT.jar:?]
	at org.apache.hadoop.ozone.om.KeyManagerImpl.getFileStatus(KeyManagerImpl.java:1113) ~[ozone-manager-1.4.0-SNAPSHOT.jar:?]
	at org.apache.hadoop.ozone.om.OmMetadataReader.getFileStatus(OmMetadataReader.java:262) ~[ozone-manager-1.4.0-SNAPSHOT.jar:?]
	at org.apache.hadoop.ozone.om.OzoneManager.getFileStatus(OzoneManager.java:3530) ~[ozone-manager-1.4.0-SNAPSHOT.jar:?]
	at org.apache.hadoop.ozone.protocolPB.OzoneManagerRequestHandler.getOzoneFileStatus(OzoneManagerRequestHandler.java:973) ~[ozone-manager-1.4.0-SNAPSHOT.jar:?]
	at org.apache.hadoop.ozone.protocolPB.OzoneManagerRequestHandler.handleReadRequest(OzoneManagerRequestHandler.java:252) ~[ozone-manager-1.4.0-SNAPSHOT.jar:?]
	at org.apache.hadoop.ozone.protocolPB.OzoneManagerProtocolServerSideTranslatorPB.submitReadRequestToOM(OzoneManagerProtocolServerSideTranslatorPB.java:225) ~[ozone-manager-1.4.0-SNAPSHOT.jar:?]
	at org.apache.hadoop.ozone.protocolPB.OzoneManagerProtocolServerSideTranslatorPB.processRequest(OzoneManagerProtocolServerSideTranslatorPB.java:179) ~[ozone-manager-1.4.0-SNAPSHOT.jar:?]
	at org.apache.hadoop.hdds.server.OzoneProtocolMessageDispatcher.processRequest(OzoneProtocolMessageDispatcher.java:87) [hdds-server-framework-1.4.0-SNAPSHOT.jar:?]
	at org.apache.hadoop.ozone.protocolPB.OzoneManagerProtocolServerSideTranslatorPB.submitRequest(OzoneManagerProtocolServerSideTranslatorPB.java:148) [ozone-manager-1.4.0-SNAPSHOT.jar:?]
	at org.apache.hadoop.ozone.protocol.proto.OzoneManagerProtocolProtos$OzoneManagerService$2.callBlockingMethod(OzoneManagerProtocolProtos.java) [ozone-interface-client-1.4.0-SNAPSHOT.jar:?]
	at org.apache.hadoop.ipc.ProtobufRpcEngine$Server.processCall(ProtobufRpcEngine.java:484) [hadoop-common-3.3.6.jar:?]
	at org.apache.hadoop.ipc.ProtobufRpcEngine2$Server$ProtoBufRpcInvoker.call(ProtobufRpcEngine2.java:595) [hadoop-common-3.3.6.jar:?]
	at org.apache.hadoop.ipc.ProtobufRpcEngine2$Server$ProtoBufRpcInvoker.call(ProtobufRpcEngine2.java:573) [hadoop-common-3.3.6.jar:?]
	at org.apache.hadoop.ipc.RPC$Server.call(RPC.java:1227) [hadoop-common-3.3.6.jar:?]
	at org.apache.hadoop.ipc.Server$RpcCall.run(Server.java:1094) [hadoop-common-3.3.6.jar:?]
	at org.apache.hadoop.ipc.Server$RpcCall.run(Server.java:1017) [hadoop-common-3.3.6.jar:?]
	at java.security.AccessController.doPrivileged(Native Method) ~[?:1.8.0_382]
	at javax.security.auth.Subject.doAs(Subject.java:422) [?:1.8.0_382]
	at org.apache.hadoop.security.UserGroupInformation.doAs(UserGroupInformation.java:1899) [hadoop-common-3.3.6.jar:?]
	at org.apache.hadoop.ipc.Server$Handler.run(Server.java:3048) [hadoop-common-3.3.6.jar:?]
18:53:05.921 [IPC Server handler 12 on default port 15004] ERROR OMAudit - user=runner | ip=127.0.0.1 | op=GET_FILE_STATUS {volume=volume53060, bucket=bucket79480, key=testBatchDelete/parent/child3, dataSize=0, replicationConfig=null} | ret=FAILURE
org.apache.hadoop.ozone.om.exceptions.OMException: Unable to get file status: volume: volume53060 bucket: bucket79480 key: testBatchDelete/parent/child3
	at org.apache.hadoop.ozone.om.KeyManagerImpl.getOzoneFileStatus(KeyManagerImpl.java:1195) ~[ozone-manager-1.4.0-SNAPSHOT.jar:?]
	at org.apache.hadoop.ozone.om.KeyManagerImpl.getFileStatus(KeyManagerImpl.java:1113) ~[ozone-manager-1.4.0-SNAPSHOT.jar:?]
	at org.apache.hadoop.ozone.om.OmMetadataReader.getFileStatus(OmMetadataReader.java:262) ~[ozone-manager-1.4.0-SNAPSHOT.jar:?]
	at org.apache.hadoop.ozone.om.OzoneManager.getFileStatus(OzoneManager.java:3530) ~[ozone-manager-1.4.0-SNAPSHOT.jar:?]
	at org.apache.hadoop.ozone.protocolPB.OzoneManagerRequestHandler.getOzoneFileStatus(OzoneManagerRequestHandler.java:973) ~[ozone-manager-1.4.0-SNAPSHOT.jar:?]
	at org.apache.hadoop.ozone.protocolPB.OzoneManagerRequestHandler.handleReadRequest(OzoneManagerRequestHandler.java:252) ~[ozone-manager-1.4.0-SNAPSHOT.jar:?]
	at org.apache.hadoop.ozone.protocolPB.OzoneManagerProtocolServerSideTranslatorPB.submitReadRequestToOM(OzoneManagerProtocolServerSideTranslatorPB.java:225) ~[ozone-manager-1.4.0-SNAPSHOT.jar:?]
	at org.apache.hadoop.ozone.protocolPB.OzoneManagerProtocolServerSideTranslatorPB.processRequest(OzoneManagerProtocolServerSideTranslatorPB.java:179) ~[ozone-manager-1.4.0-SNAPSHOT.jar:?]
	at org.apache.hadoop.hdds.server.OzoneProtocolMessageDispatcher.processRequest(OzoneProtocolMessageDispatcher.java:87) [hdds-server-framework-1.4.0-SNAPSHOT.jar:?]
	at org.apache.hadoop.ozone.protocolPB.OzoneManagerProtocolServerSideTranslatorPB.submitRequest(OzoneManagerProtocolServerSideTranslatorPB.java:148) [ozone-manager-1.4.0-SNAPSHOT.jar:?]
	at org.apache.hadoop.ozone.protocol.proto.OzoneManagerProtocolProtos$OzoneManagerService$2.callBlockingMethod(OzoneManagerProtocolProtos.java) [ozone-interface-client-1.4.0-SNAPSHOT.jar:?]
	at org.apache.hadoop.ipc.ProtobufRpcEngine$Server.processCall(ProtobufRpcEngine.java:484) [hadoop-common-3.3.6.jar:?]
	at org.apache.hadoop.ipc.ProtobufRpcEngine2$Server$ProtoBufRpcInvoker.call(ProtobufRpcEngine2.java:595) [hadoop-common-3.3.6.jar:?]
	at org.apache.hadoop.ipc.ProtobufRpcEngine2$Server$ProtoBufRpcInvoker.call(ProtobufRpcEngine2.java:573) [hadoop-common-3.3.6.jar:?]
	at org.apache.hadoop.ipc.RPC$Server.call(RPC.java:1227) [hadoop-common-3.3.6.jar:?]
	at org.apache.hadoop.ipc.Server$RpcCall.run(Server.java:1094) [hadoop-common-3.3.6.jar:?]
	at org.apache.hadoop.ipc.Server$RpcCall.run(Server.java:1017) [hadoop-common-3.3.6.jar:?]
	at java.security.AccessController.doPrivileged(Native Method) ~[?:1.8.0_382]
	at javax.security.auth.Subject.doAs(Subject.java:422) [?:1.8.0_382]
	at org.apache.hadoop.security.UserGroupInformation.doAs(UserGroupInformation.java:1899) [hadoop-common-3.3.6.jar:?]
	at org.apache.hadoop.ipc.Server$Handler.run(Server.java:3048) [hadoop-common-3.3.6.jar:?]
18:53:05.922 [IPC Server handler 11 on default port 15004] ERROR OMAudit - user=runner | ip=127.0.0.1 | op=GET_FILE_STATUS {volume=volume53060, bucket=bucket79480, key=testBatchDelete/parent/childFolder/child3, dataSize=0, replicationConfig=null} | ret=FAILURE
org.apache.hadoop.ozone.om.exceptions.OMException: Unable to get file status: volume: volume53060 bucket: bucket79480 key: testBatchDelete/parent/childFolder/child3
	at org.apache.hadoop.ozone.om.KeyManagerImpl.getOzoneFileStatus(KeyManagerImpl.java:1195) ~[ozone-manager-1.4.0-SNAPSHOT.jar:?]
	at org.apache.hadoop.ozone.om.KeyManagerImpl.getFileStatus(KeyManagerImpl.java:1113) ~[ozone-manager-1.4.0-SNAPSHOT.jar:?]
	at org.apache.hadoop.ozone.om.OmMetadataReader.getFileStatus(OmMetadataReader.java:262) ~[ozone-manager-1.4.0-SNAPSHOT.jar:?]
	at org.apache.hadoop.ozone.om.OzoneManager.getFileStatus(OzoneManager.java:3530) ~[ozone-manager-1.4.0-SNAPSHOT.jar:?]
	at org.apache.hadoop.ozone.protocolPB.OzoneManagerRequestHandler.getOzoneFileStatus(OzoneManagerRequestHandler.java:973) ~[ozone-manager-1.4.0-SNAPSHOT.jar:?]
	at org.apache.hadoop.ozone.protocolPB.OzoneManagerRequestHandler.handleReadRequest(OzoneManagerRequestHandler.java:252) ~[ozone-manager-1.4.0-SNAPSHOT.jar:?]
	at org.apache.hadoop.ozone.protocolPB.OzoneManagerProtocolServerSideTranslatorPB.submitReadRequestToOM(OzoneManagerProtocolServerSideTranslatorPB.java:225) ~[ozone-manager-1.4.0-SNAPSHOT.jar:?]
	at org.apache.hadoop.ozone.protocolPB.OzoneManagerProtocolServerSideTranslatorPB.processRequest(OzoneManagerProtocolServerSideTranslatorPB.java:179) ~[ozone-manager-1.4.0-SNAPSHOT.jar:?]
	at org.apache.hadoop.hdds.server.OzoneProtocolMessageDispatcher.processRequest(OzoneProtocolMessageDispatcher.java:87) [hdds-server-framework-1.4.0-SNAPSHOT.jar:?]
	at org.apache.hadoop.ozone.protocolPB.OzoneManagerProtocolServerSideTranslatorPB.submitRequest(OzoneManagerProtocolServerSideTranslatorPB.java:148) [ozone-manager-1.4.0-SNAPSHOT.jar:?]
	at org.apache.hadoop.ozone.protocol.proto.OzoneManagerProtocolProtos$OzoneManagerService$2.callBlockingMethod(OzoneManagerProtocolProtos.java) [ozone-interface-client-1.4.0-SNAPSHOT.jar:?]
	at org.apache.hadoop.ipc.ProtobufRpcEngine$Server.processCall(ProtobufRpcEngine.java:484) [hadoop-common-3.3.6.jar:?]
	at org.apache.hadoop.ipc.ProtobufRpcEngine2$Server$ProtoBufRpcInvoker.call(ProtobufRpcEngine2.java:595) [hadoop-common-3.3.6.jar:?]
	at org.apache.hadoop.ipc.ProtobufRpcEngine2$Server$ProtoBufRpcInvoker.call(ProtobufRpcEngine2.java:573) [hadoop-common-3.3.6.jar:?]
	at org.apache.hadoop.ipc.RPC$Server.call(RPC.java:1227) [hadoop-common-3.3.6.jar:?]
	at org.apache.hadoop.ipc.Server$RpcCall.run(Server.java:1094) [hadoop-common-3.3.6.jar:?]
	at org.apache.hadoop.ipc.Server$RpcCall.run(Server.java:1017) [hadoop-common-3.3.6.jar:?]
	at java.security.AccessController.doPrivileged(Native Method) ~[?:1.8.0_382]
	at javax.security.auth.Subject.doAs(Subject.java:422) [?:1.8.0_382]
	at org.apache.hadoop.security.UserGroupInformation.doAs(UserGroupInformation.java:1899) [hadoop-common-3.3.6.jar:?]
	at org.apache.hadoop.ipc.Server$Handler.run(Server.java:3048) [hadoop-common-3.3.6.jar:?]
18:53:05.924 [IPC Server handler 10 on default port 15004] ERROR OMAudit - user=runner | ip=127.0.0.1 | op=GET_FILE_STATUS {volume=volume53060, bucket=bucket79480, key=testBatchDelete/parent/child4, dataSize=0, replicationConfig=null} | ret=FAILURE
org.apache.hadoop.ozone.om.exceptions.OMException: Unable to get file status: volume: volume53060 bucket: bucket79480 key: testBatchDelete/parent/child4
	at org.apache.hadoop.ozone.om.KeyManagerImpl.getOzoneFileStatus(KeyManagerImpl.java:1195) ~[ozone-manager-1.4.0-SNAPSHOT.jar:?]
	at org.apache.hadoop.ozone.om.KeyManagerImpl.getFileStatus(KeyManagerImpl.java:1113) ~[ozone-manager-1.4.0-SNAPSHOT.jar:?]
	at org.apache.hadoop.ozone.om.OmMetadataReader.getFileStatus(OmMetadataReader.java:262) ~[ozone-manager-1.4.0-SNAPSHOT.jar:?]
	at org.apache.hadoop.ozone.om.OzoneManager.getFileStatus(OzoneManager.java:3530) ~[ozone-manager-1.4.0-SNAPSHOT.jar:?]
	at org.apache.hadoop.ozone.protocolPB.OzoneManagerRequestHandler.getOzoneFileStatus(OzoneManagerRequestHandler.java:973) ~[ozone-manager-1.4.0-SNAPSHOT.jar:?]
	at org.apache.hadoop.ozone.protocolPB.OzoneManagerRequestHandler.handleReadRequest(OzoneManagerRequestHandler.java:252) ~[ozone-manager-1.4.0-SNAPSHOT.jar:?]
	at org.apache.hadoop.ozone.protocolPB.OzoneManagerProtocolServerSideTranslatorPB.submitReadRequestToOM(OzoneManagerProtocolServerSideTranslatorPB.java:225) ~[ozone-manager-1.4.0-SNAPSHOT.jar:?]
	at org.apache.hadoop.ozone.protocolPB.OzoneManagerProtocolServerSideTranslatorPB.processRequest(OzoneManagerProtocolServerSideTranslatorPB.java:179) ~[ozone-manager-1.4.0-SNAPSHOT.jar:?]
	at org.apache.hadoop.hdds.server.OzoneProtocolMessageDispatcher.processRequest(OzoneProtocolMessageDispatcher.java:87) [hdds-server-framework-1.4.0-SNAPSHOT.jar:?]
	at org.apache.hadoop.ozone.protocolPB.OzoneManagerProtocolServerSideTranslatorPB.submitRequest(OzoneManagerProtocolServerSideTranslatorPB.java:148) [ozone-manager-1.4.0-SNAPSHOT.jar:?]
	at org.apache.hadoop.ozone.protocol.proto.OzoneManagerProtocolProtos$OzoneManagerService$2.callBlockingMethod(OzoneManagerProtocolProtos.java) [ozone-interface-client-1.4.0-SNAPSHOT.jar:?]
	at org.apache.hadoop.ipc.ProtobufRpcEngine$Server.processCall(ProtobufRpcEngine.java:484) [hadoop-common-3.3.6.jar:?]
	at org.apache.hadoop.ipc.ProtobufRpcEngine2$Server$ProtoBufRpcInvoker.call(ProtobufRpcEngine2.java:595) [hadoop-common-3.3.6.jar:?]
	at org.apache.hadoop.ipc.ProtobufRpcEngine2$Server$ProtoBufRpcInvoker.call(ProtobufRpcEngine2.java:573) [hadoop-common-3.3.6.jar:?]
	at org.apache.hadoop.ipc.RPC$Server.call(RPC.java:1227) [hadoop-common-3.3.6.jar:?]
	at org.apache.hadoop.ipc.Server$RpcCall.run(Server.java:1094) [hadoop-common-3.3.6.jar:?]
	at org.apache.hadoop.ipc.Server$RpcCall.run(Server.java:1017) [hadoop-common-3.3.6.jar:?]
	at java.security.AccessController.doPrivileged(Native Method) ~[?:1.8.0_382]
	at javax.security.auth.Subject.doAs(Subject.java:422) [?:1.8.0_382]
	at org.apache.hadoop.security.UserGroupInformation.doAs(UserGroupInformation.java:1899) [hadoop-common-3.3.6.jar:?]
	at org.apache.hadoop.ipc.Server$Handler.run(Server.java:3048) [hadoop-common-3.3.6.jar:?]
18:53:05.925 [IPC Server handler 18 on default port 15004] ERROR OMAudit - user=runner | ip=127.0.0.1 | op=GET_FILE_STATUS {volume=volume53060, bucket=bucket79480, key=testBatchDelete/parent/childFolder/child4, dataSize=0, replicationConfig=null} | ret=FAILURE
org.apache.hadoop.ozone.om.exceptions.OMException: Unable to get file status: volume: volume53060 bucket: bucket79480 key: testBatchDelete/parent/childFolder/child4
	at org.apache.hadoop.ozone.om.KeyManagerImpl.getOzoneFileStatus(KeyManagerImpl.java:1195) ~[ozone-manager-1.4.0-SNAPSHOT.jar:?]
	at org.apache.hadoop.ozone.om.KeyManagerImpl.getFileStatus(KeyManagerImpl.java:1113) ~[ozone-manager-1.4.0-SNAPSHOT.jar:?]
	at org.apache.hadoop.ozone.om.OmMetadataReader.getFileStatus(OmMetadataReader.java:262) ~[ozone-manager-1.4.0-SNAPSHOT.jar:?]
	at org.apache.hadoop.ozone.om.OzoneManager.getFileStatus(OzoneManager.java:3530) ~[ozone-manager-1.4.0-SNAPSHOT.jar:?]
	at org.apache.hadoop.ozone.protocolPB.OzoneManagerRequestHandler.getOzoneFileStatus(OzoneManagerRequestHandler.java:973) ~[ozone-manager-1.4.0-SNAPSHOT.jar:?]
	at org.apache.hadoop.ozone.protocolPB.OzoneManagerRequestHandler.handleReadRequest(OzoneManagerRequestHandler.java:252) ~[ozone-manager-1.4.0-SNAPSHOT.jar:?]
	at org.apache.hadoop.ozone.protocolPB.OzoneManagerProtocolServerSideTranslatorPB.submitReadRequestToOM(OzoneManagerProtocolServerSideTranslatorPB.java:225) ~[ozone-manager-1.4.0-SNAPSHOT.jar:?]
	at org.apache.hadoop.ozone.protocolPB.OzoneManagerProtocolServerSideTranslatorPB.processRequest(OzoneManagerProtocolServerSideTranslatorPB.java:179) ~[ozone-manager-1.4.0-SNAPSHOT.jar:?]
	at org.apache.hadoop.hdds.server.OzoneProtocolMessageDispatcher.processRequest(OzoneProtocolMessageDispatcher.java:87) [hdds-server-framework-1.4.0-SNAPSHOT.jar:?]
	at org.apache.hadoop.ozone.protocolPB.OzoneManagerProtocolServerSideTranslatorPB.submitRequest(OzoneManagerProtocolServerSideTranslatorPB.java:148) [ozone-manager-1.4.0-SNAPSHOT.jar:?]
	at org.apache.hadoop.ozone.protocol.proto.OzoneManagerProtocolProtos$OzoneManagerService$2.callBlockingMethod(OzoneManagerProtocolProtos.java) [ozone-interface-client-1.4.0-SNAPSHOT.jar:?]
	at org.apache.hadoop.ipc.ProtobufRpcEngine$Server.processCall(ProtobufRpcEngine.java:484) [hadoop-common-3.3.6.jar:?]
	at org.apache.hadoop.ipc.ProtobufRpcEngine2$Server$ProtoBufRpcInvoker.call(ProtobufRpcEngine2.java:595) [hadoop-common-3.3.6.jar:?]
	at org.apache.hadoop.ipc.ProtobufRpcEngine2$Server$ProtoBufRpcInvoker.call(ProtobufRpcEngine2.java:573) [hadoop-common-3.3.6.jar:?]
	at org.apache.hadoop.ipc.RPC$Server.call(RPC.java:1227) [hadoop-common-3.3.6.jar:?]
	at org.apache.hadoop.ipc.Server$RpcCall.run(Server.java:1094) [hadoop-common-3.3.6.jar:?]
	at org.apache.hadoop.ipc.Server$RpcCall.run(Server.java:1017) [hadoop-common-3.3.6.jar:?]
	at java.security.AccessController.doPrivileged(Native Method) ~[?:1.8.0_382]
	at javax.security.auth.Subject.doAs(Subject.java:422) [?:1.8.0_382]
	at org.apache.hadoop.security.UserGroupInformation.doAs(UserGroupInformation.java:1899) [hadoop-common-3.3.6.jar:?]
	at org.apache.hadoop.ipc.Server$Handler.run(Server.java:3048) [hadoop-common-3.3.6.jar:?]
18:53:05.927 [IPC Server handler 9 on default port 15004] ERROR OMAudit - user=runner | ip=127.0.0.1 | op=GET_FILE_STATUS {volume=volume53060, bucket=bucket79480, key=testBatchDelete/parent/child5, dataSize=0, replicationConfig=null} | ret=FAILURE
org.apache.hadoop.ozone.om.exceptions.OMException: Unable to get file status: volume: volume53060 bucket: bucket79480 key: testBatchDelete/parent/child5
	at org.apache.hadoop.ozone.om.KeyManagerImpl.getOzoneFileStatus(KeyManagerImpl.java:1195) ~[ozone-manager-1.4.0-SNAPSHOT.jar:?]
	at org.apache.hadoop.ozone.om.KeyManagerImpl.getFileStatus(KeyManagerImpl.java:1113) ~[ozone-manager-1.4.0-SNAPSHOT.jar:?]
	at org.apache.hadoop.ozone.om.OmMetadataReader.getFileStatus(OmMetadataReader.java:262) ~[ozone-manager-1.4.0-SNAPSHOT.jar:?]
	at org.apache.hadoop.ozone.om.OzoneManager.getFileStatus(OzoneManager.java:3530) ~[ozone-manager-1.4.0-SNAPSHOT.jar:?]
	at org.apache.hadoop.ozone.protocolPB.OzoneManagerRequestHandler.getOzoneFileStatus(OzoneManagerRequestHandler.java:973) ~[ozone-manager-1.4.0-SNAPSHOT.jar:?]
	at org.apache.hadoop.ozone.protocolPB.OzoneManagerRequestHandler.handleReadRequest(OzoneManagerRequestHandler.java:252) ~[ozone-manager-1.4.0-SNAPSHOT.jar:?]
	at org.apache.hadoop.ozone.protocolPB.OzoneManagerProtocolServerSideTranslatorPB.submitReadRequestToOM(OzoneManagerProtocolServerSideTranslatorPB.java:225) ~[ozone-manager-1.4.0-SNAPSHOT.jar:?]
	at org.apache.hadoop.ozone.protocolPB.OzoneManagerProtocolServerSideTranslatorPB.processRequest(OzoneManagerProtocolServerSideTranslatorPB.java:179) ~[ozone-manager-1.4.0-SNAPSHOT.jar:?]
	at org.apache.hadoop.hdds.server.OzoneProtocolMessageDispatcher.processRequest(OzoneProtocolMessageDispatcher.java:87) [hdds-server-framework-1.4.0-SNAPSHOT.jar:?]
	at org.apache.hadoop.ozone.protocolPB.OzoneManagerProtocolServerSideTranslatorPB.submitRequest(OzoneManagerProtocolServerSideTranslatorPB.java:148) [ozone-manager-1.4.0-SNAPSHOT.jar:?]
	at org.apache.hadoop.ozone.protocol.proto.OzoneManagerProtocolProtos$OzoneManagerService$2.callBlockingMethod(OzoneManagerProtocolProtos.java) [ozone-interface-client-1.4.0-SNAPSHOT.jar:?]
	at org.apache.hadoop.ipc.ProtobufRpcEngine$Server.processCall(ProtobufRpcEngine.java:484) [hadoop-common-3.3.6.jar:?]
	at org.apache.hadoop.ipc.ProtobufRpcEngine2$Server$ProtoBufRpcInvoker.call(ProtobufRpcEngine2.java:595) [hadoop-common-3.3.6.jar:?]
	at org.apache.hadoop.ipc.ProtobufRpcEngine2$Server$ProtoBufRpcInvoker.call(ProtobufRpcEngine2.java:573) [hadoop-common-3.3.6.jar:?]
	at org.apache.hadoop.ipc.RPC$Server.call(RPC.java:1227) [hadoop-common-3.3.6.jar:?]
	at org.apache.hadoop.ipc.Server$RpcCall.run(Server.java:1094) [hadoop-common-3.3.6.jar:?]
	at org.apache.hadoop.ipc.Server$RpcCall.run(Server.java:1017) [hadoop-common-3.3.6.jar:?]
	at java.security.AccessController.doPrivileged(Native Method) ~[?:1.8.0_382]
	at javax.security.auth.Subject.doAs(Subject.java:422) [?:1.8.0_382]
	at org.apache.hadoop.security.UserGroupInformation.doAs(UserGroupInformation.java:1899) [hadoop-common-3.3.6.jar:?]
	at org.apache.hadoop.ipc.Server$Handler.run(Server.java:3048) [hadoop-common-3.3.6.jar:?]
18:53:05.928 [IPC Server handler 16 on default port 15004] ERROR OMAudit - user=runner | ip=127.0.0.1 | op=GET_FILE_STATUS {volume=volume53060, bucket=bucket79480, key=testBatchDelete/parent/childFolder/child5, dataSize=0, replicationConfig=null} | ret=FAILURE
org.apache.hadoop.ozone.om.exceptions.OMException: Unable to get file status: volume: volume53060 bucket: bucket79480 key: testBatchDelete/parent/childFolder/child5
	at org.apache.hadoop.ozone.om.KeyManagerImpl.getOzoneFileStatus(KeyManagerImpl.java:1195) ~[ozone-manager-1.4.0-SNAPSHOT.jar:?]
	at org.apache.hadoop.ozone.om.KeyManagerImpl.getFileStatus(KeyManagerImpl.java:1113) ~[ozone-manager-1.4.0-SNAPSHOT.jar:?]
	at org.apache.hadoop.ozone.om.OmMetadataReader.getFileStatus(OmMetadataReader.java:262) ~[ozone-manager-1.4.0-SNAPSHOT.jar:?]
	at org.apache.hadoop.ozone.om.OzoneManager.getFileStatus(OzoneManager.java:3530) ~[ozone-manager-1.4.0-SNAPSHOT.jar:?]
	at org.apache.hadoop.ozone.protocolPB.OzoneManagerRequestHandler.getOzoneFileStatus(OzoneManagerRequestHandler.java:973) ~[ozone-manager-1.4.0-SNAPSHOT.jar:?]
	at org.apache.hadoop.ozone.protocolPB.OzoneManagerRequestHandler.handleReadRequest(OzoneManagerRequestHandler.java:252) ~[ozone-manager-1.4.0-SNAPSHOT.jar:?]
	at org.apache.hadoop.ozone.protocolPB.OzoneManagerProtocolServerSideTranslatorPB.submitReadRequestToOM(OzoneManagerProtocolServerSideTranslatorPB.java:225) ~[ozone-manager-1.4.0-SNAPSHOT.jar:?]
	at org.apache.hadoop.ozone.protocolPB.OzoneManagerProtocolServerSideTranslatorPB.processRequest(OzoneManagerProtocolServerSideTranslatorPB.java:179) ~[ozone-manager-1.4.0-SNAPSHOT.jar:?]
	at org.apache.hadoop.hdds.server.OzoneProtocolMessageDispatcher.processRequest(OzoneProtocolMessageDispatcher.java:87) [hdds-server-framework-1.4.0-SNAPSHOT.jar:?]
	at org.apache.hadoop.ozone.protocolPB.OzoneManagerProtocolServerSideTranslatorPB.submitRequest(OzoneManagerProtocolServerSideTranslatorPB.java:148) [ozone-manager-1.4.0-SNAPSHOT.jar:?]
	at org.apache.hadoop.ozone.protocol.proto.OzoneManagerProtocolProtos$OzoneManagerService$2.callBlockingMethod(OzoneManagerProtocolProtos.java) [ozone-interface-client-1.4.0-SNAPSHOT.jar:?]
	at org.apache.hadoop.ipc.ProtobufRpcEngine$Server.processCall(ProtobufRpcEngine.java:484) [hadoop-common-3.3.6.jar:?]
	at org.apache.hadoop.ipc.ProtobufRpcEngine2$Server$ProtoBufRpcInvoker.call(ProtobufRpcEngine2.java:595) [hadoop-common-3.3.6.jar:?]
	at org.apache.hadoop.ipc.ProtobufRpcEngine2$Server$ProtoBufRpcInvoker.call(ProtobufRpcEngine2.java:573) [hadoop-common-3.3.6.jar:?]
	at org.apache.hadoop.ipc.RPC$Server.call(RPC.java:1227) [hadoop-common-3.3.6.jar:?]
	at org.apache.hadoop.ipc.Server$RpcCall.run(Server.java:1094) [hadoop-common-3.3.6.jar:?]
	at org.apache.hadoop.ipc.Server$RpcCall.run(Server.java:1017) [hadoop-common-3.3.6.jar:?]
	at java.security.AccessController.doPrivileged(Native Method) ~[?:1.8.0_382]
	at javax.security.auth.Subject.doAs(Subject.java:422) [?:1.8.0_382]
	at org.apache.hadoop.security.UserGroupInformation.doAs(UserGroupInformation.java:1899) [hadoop-common-3.3.6.jar:?]
	at org.apache.hadoop.ipc.Server$Handler.run(Server.java:3048) [hadoop-common-3.3.6.jar:?]
18:53:05.929 [IPC Server handler 14 on default port 15004] ERROR OMAudit - user=runner | ip=127.0.0.1 | op=GET_FILE_STATUS {volume=volume53060, bucket=bucket79480, key=testBatchDelete/parent/child6, dataSize=0, replicationConfig=null} | ret=FAILURE
org.apache.hadoop.ozone.om.exceptions.OMException: Unable to get file status: volume: volume53060 bucket: bucket79480 key: testBatchDelete/parent/child6
	at org.apache.hadoop.ozone.om.KeyManagerImpl.getOzoneFileStatus(KeyManagerImpl.java:1195) ~[ozone-manager-1.4.0-SNAPSHOT.jar:?]
	at org.apache.hadoop.ozone.om.KeyManagerImpl.getFileStatus(KeyManagerImpl.java:1113) ~[ozone-manager-1.4.0-SNAPSHOT.jar:?]
	at org.apache.hadoop.ozone.om.OmMetadataReader.getFileStatus(OmMetadataReader.java:262) ~[ozone-manager-1.4.0-SNAPSHOT.jar:?]
	at org.apache.hadoop.ozone.om.OzoneManager.getFileStatus(OzoneManager.java:3530) ~[ozone-manager-1.4.0-SNAPSHOT.jar:?]
	at org.apache.hadoop.ozone.protocolPB.OzoneManagerRequestHandler.getOzoneFileStatus(OzoneManagerRequestHandler.java:973) ~[ozone-manager-1.4.0-SNAPSHOT.jar:?]
	at org.apache.hadoop.ozone.protocolPB.OzoneManagerRequestHandler.handleReadRequest(OzoneManagerRequestHandler.java:252) ~[ozone-manager-1.4.0-SNAPSHOT.jar:?]
	at org.apache.hadoop.ozone.protocolPB.OzoneManagerProtocolServerSideTranslatorPB.submitReadRequestToOM(OzoneManagerProtocolServerSideTranslatorPB.java:225) ~[ozone-manager-1.4.0-SNAPSHOT.jar:?]
	at org.apache.hadoop.ozone.protocolPB.OzoneManagerProtocolServerSideTranslatorPB.processRequest(OzoneManagerProtocolServerSideTranslatorPB.java:179) ~[ozone-manager-1.4.0-SNAPSHOT.jar:?]
	at org.apache.hadoop.hdds.server.OzoneProtocolMessageDispatcher.processRequest(OzoneProtocolMessageDispatcher.java:87) [hdds-server-framework-1.4.0-SNAPSHOT.jar:?]
	at org.apache.hadoop.ozone.protocolPB.OzoneManagerProtocolServerSideTranslatorPB.submitRequest(OzoneManagerProtocolServerSideTranslatorPB.java:148) [ozone-manager-1.4.0-SNAPSHOT.jar:?]
	at org.apache.hadoop.ozone.protocol.proto.OzoneManagerProtocolProtos$OzoneManagerService$2.callBlockingMethod(OzoneManagerProtocolProtos.java) [ozone-interface-client-1.4.0-SNAPSHOT.jar:?]
	at org.apache.hadoop.ipc.ProtobufRpcEngine$Server.processCall(ProtobufRpcEngine.java:484) [hadoop-common-3.3.6.jar:?]
	at org.apache.hadoop.ipc.ProtobufRpcEngine2$Server$ProtoBufRpcInvoker.call(ProtobufRpcEngine2.java:595) [hadoop-common-3.3.6.jar:?]
	at org.apache.hadoop.ipc.ProtobufRpcEngine2$Server$ProtoBufRpcInvoker.call(ProtobufRpcEngine2.java:573) [hadoop-common-3.3.6.jar:?]
	at org.apache.hadoop.ipc.RPC$Server.call(RPC.java:1227) [hadoop-common-3.3.6.jar:?]
	at org.apache.hadoop.ipc.Server$RpcCall.run(Server.java:1094) [hadoop-common-3.3.6.jar:?]
	at org.apache.hadoop.ipc.Server$RpcCall.run(Server.java:1017) [hadoop-common-3.3.6.jar:?]
	at java.security.AccessController.doPrivileged(Native Method) ~[?:1.8.0_382]
	at javax.security.auth.Subject.doAs(Subject.java:422) [?:1.8.0_382]
	at org.apache.hadoop.security.UserGroupInformation.doAs(UserGroupInformation.java:1899) [hadoop-common-3.3.6.jar:?]
	at org.apache.hadoop.ipc.Server$Handler.run(Server.java:3048) [hadoop-common-3.3.6.jar:?]
18:53:05.931 [IPC Server handler 5 on default port 15004] ERROR OMAudit - user=runner | ip=127.0.0.1 | op=GET_FILE_STATUS {volume=volume53060, bucket=bucket79480, key=testBatchDelete/parent/childFolder/child6, dataSize=0, replicationConfig=null} | ret=FAILURE
org.apache.hadoop.ozone.om.exceptions.OMException: Unable to get file status: volume: volume53060 bucket: bucket79480 key: testBatchDelete/parent/childFolder/child6
	at org.apache.hadoop.ozone.om.KeyManagerImpl.getOzoneFileStatus(KeyManagerImpl.java:1195) ~[ozone-manager-1.4.0-SNAPSHOT.jar:?]
	at org.apache.hadoop.ozone.om.KeyManagerImpl.getFileStatus(KeyManagerImpl.java:1113) ~[ozone-manager-1.4.0-SNAPSHOT.jar:?]
	at org.apache.hadoop.ozone.om.OmMetadataReader.getFileStatus(OmMetadataReader.java:262) ~[ozone-manager-1.4.0-SNAPSHOT.jar:?]
	at org.apache.hadoop.ozone.om.OzoneManager.getFileStatus(OzoneManager.java:3530) ~[ozone-manager-1.4.0-SNAPSHOT.jar:?]
	at org.apache.hadoop.ozone.protocolPB.OzoneManagerRequestHandler.getOzoneFileStatus(OzoneManagerRequestHandler.java:973) ~[ozone-manager-1.4.0-SNAPSHOT.jar:?]
	at org.apache.hadoop.ozone.protocolPB.OzoneManagerRequestHandler.handleReadRequest(OzoneManagerRequestHandler.java:252) ~[ozone-manager-1.4.0-SNAPSHOT.jar:?]
	at org.apache.hadoop.ozone.protocolPB.OzoneManagerProtocolServerSideTranslatorPB.submitReadRequestToOM(OzoneManagerProtocolServerSideTranslatorPB.java:225) ~[ozone-manager-1.4.0-SNAPSHOT.jar:?]
	at org.apache.hadoop.ozone.protocolPB.OzoneManagerProtocolServerSideTranslatorPB.processRequest(OzoneManagerProtocolServerSideTranslatorPB.java:179) ~[ozone-manager-1.4.0-SNAPSHOT.jar:?]
	at org.apache.hadoop.hdds.server.OzoneProtocolMessageDispatcher.processRequest(OzoneProtocolMessageDispatcher.java:87) [hdds-server-framework-1.4.0-SNAPSHOT.jar:?]
	at org.apache.hadoop.ozone.protocolPB.OzoneManagerProtocolServerSideTranslatorPB.submitRequest(OzoneManagerProtocolServerSideTranslatorPB.java:148) [ozone-manager-1.4.0-SNAPSHOT.jar:?]
	at org.apache.hadoop.ozone.protocol.proto.OzoneManagerProtocolProtos$OzoneManagerService$2.callBlockingMethod(OzoneManagerProtocolProtos.java) [ozone-interface-client-1.4.0-SNAPSHOT.jar:?]
	at org.apache.hadoop.ipc.ProtobufRpcEngine$Server.processCall(ProtobufRpcEngine.java:484) [hadoop-common-3.3.6.jar:?]
	at org.apache.hadoop.ipc.ProtobufRpcEngine2$Server$ProtoBufRpcInvoker.call(ProtobufRpcEngine2.java:595) [hadoop-common-3.3.6.jar:?]
	at org.apache.hadoop.ipc.ProtobufRpcEngine2$Server$ProtoBufRpcInvoker.call(ProtobufRpcEngine2.java:573) [hadoop-common-3.3.6.jar:?]
	at org.apache.hadoop.ipc.RPC$Server.call(RPC.java:1227) [hadoop-common-3.3.6.jar:?]
	at org.apache.hadoop.ipc.Server$RpcCall.run(Server.java:1094) [hadoop-common-3.3.6.jar:?]
	at org.apache.hadoop.ipc.Server$RpcCall.run(Server.java:1017) [hadoop-common-3.3.6.jar:?]
	at java.security.AccessController.doPrivileged(Native Method) ~[?:1.8.0_382]
	at javax.security.auth.Subject.doAs(Subject.java:422) [?:1.8.0_382]
	at org.apache.hadoop.security.UserGroupInformation.doAs(UserGroupInformation.java:1899) [hadoop-common-3.3.6.jar:?]
	at org.apache.hadoop.ipc.Server$Handler.run(Server.java:3048) [hadoop-common-3.3.6.jar:?]
18:53:05.932 [IPC Server handler 6 on default port 15004] ERROR OMAudit - user=runner | ip=127.0.0.1 | op=GET_FILE_STATUS {volume=volume53060, bucket=bucket79480, key=testBatchDelete/parent/child7, dataSize=0, replicationConfig=null} | ret=FAILURE
org.apache.hadoop.ozone.om.exceptions.OMException: Unable to get file status: volume: volume53060 bucket: bucket79480 key: testBatchDelete/parent/child7
	at org.apache.hadoop.ozone.om.KeyManagerImpl.getOzoneFileStatus(KeyManagerImpl.java:1195) ~[ozone-manager-1.4.0-SNAPSHOT.jar:?]
	at org.apache.hadoop.ozone.om.KeyManagerImpl.getFileStatus(KeyManagerImpl.java:1113) ~[ozone-manager-1.4.0-SNAPSHOT.jar:?]
	at org.apache.hadoop.ozone.om.OmMetadataReader.getFileStatus(OmMetadataReader.java:262) ~[ozone-manager-1.4.0-SNAPSHOT.jar:?]
	at org.apache.hadoop.ozone.om.OzoneManager.getFileStatus(OzoneManager.java:3530) ~[ozone-manager-1.4.0-SNAPSHOT.jar:?]
	at org.apache.hadoop.ozone.protocolPB.OzoneManagerRequestHandler.getOzoneFileStatus(OzoneManagerRequestHandler.java:973) ~[ozone-manager-1.4.0-SNAPSHOT.jar:?]
	at org.apache.hadoop.ozone.protocolPB.OzoneManagerRequestHandler.handleReadRequest(OzoneManagerRequestHandler.java:252) ~[ozone-manager-1.4.0-SNAPSHOT.jar:?]
	at org.apache.hadoop.ozone.protocolPB.OzoneManagerProtocolServerSideTranslatorPB.submitReadRequestToOM(OzoneManagerProtocolServerSideTranslatorPB.java:225) ~[ozone-manager-1.4.0-SNAPSHOT.jar:?]
	at org.apache.hadoop.ozone.protocolPB.OzoneManagerProtocolServerSideTranslatorPB.processRequest(OzoneManagerProtocolServerSideTranslatorPB.java:179) ~[ozone-manager-1.4.0-SNAPSHOT.jar:?]
	at org.apache.hadoop.hdds.server.OzoneProtocolMessageDispatcher.processRequest(OzoneProtocolMessageDispatcher.java:87) [hdds-server-framework-1.4.0-SNAPSHOT.jar:?]
	at org.apache.hadoop.ozone.protocolPB.OzoneManagerProtocolServerSideTranslatorPB.submitRequest(OzoneManagerProtocolServerSideTranslatorPB.java:148) [ozone-manager-1.4.0-SNAPSHOT.jar:?]
	at org.apache.hadoop.ozone.protocol.proto.OzoneManagerProtocolProtos$OzoneManagerService$2.callBlockingMethod(OzoneManagerProtocolProtos.java) [ozone-interface-client-1.4.0-SNAPSHOT.jar:?]
	at org.apache.hadoop.ipc.ProtobufRpcEngine$Server.processCall(ProtobufRpcEngine.java:484) [hadoop-common-3.3.6.jar:?]
	at org.apache.hadoop.ipc.ProtobufRpcEngine2$Server$ProtoBufRpcInvoker.call(ProtobufRpcEngine2.java:595) [hadoop-common-3.3.6.jar:?]
	at org.apache.hadoop.ipc.ProtobufRpcEngine2$Server$ProtoBufRpcInvoker.call(ProtobufRpcEngine2.java:573) [hadoop-common-3.3.6.jar:?]
	at org.apache.hadoop.ipc.RPC$Server.call(RPC.java:1227) [hadoop-common-3.3.6.jar:?]
	at org.apache.hadoop.ipc.Server$RpcCall.run(Server.java:1094) [hadoop-common-3.3.6.jar:?]
	at org.apache.hadoop.ipc.Server$RpcCall.run(Server.java:1017) [hadoop-common-3.3.6.jar:?]
	at java.security.AccessController.doPrivileged(Native Method) ~[?:1.8.0_382]
	at javax.security.auth.Subject.doAs(Subject.java:422) [?:1.8.0_382]
	at org.apache.hadoop.security.UserGroupInformation.doAs(UserGroupInformation.java:1899) [hadoop-common-3.3.6.jar:?]
	at org.apache.hadoop.ipc.Server$Handler.run(Server.java:3048) [hadoop-common-3.3.6.jar:?]
18:53:05.935 [IPC Server handler 13 on default port 15004] ERROR OMAudit - user=runner | ip=127.0.0.1 | op=GET_FILE_STATUS {volume=volume53060, bucket=bucket79480, key=testBatchDelete/parent/childFolder/child7, dataSize=0, replicationConfig=null} | ret=FAILURE
org.apache.hadoop.ozone.om.exceptions.OMException: Unable to get file status: volume: volume53060 bucket: bucket79480 key: testBatchDelete/parent/childFolder/child7
	at org.apache.hadoop.ozone.om.KeyManagerImpl.getOzoneFileStatus(KeyManagerImpl.java:1195) ~[ozone-manager-1.4.0-SNAPSHOT.jar:?]
	at org.apache.hadoop.ozone.om.KeyManagerImpl.getFileStatus(KeyManagerImpl.java:1113) ~[ozone-manager-1.4.0-SNAPSHOT.jar:?]
	at org.apache.hadoop.ozone.om.OmMetadataReader.getFileStatus(OmMetadataReader.java:262) ~[ozone-manager-1.4.0-SNAPSHOT.jar:?]
	at org.apache.hadoop.ozone.om.OzoneManager.getFileStatus(OzoneManager.java:3530) ~[ozone-manager-1.4.0-SNAPSHOT.jar:?]
	at org.apache.hadoop.ozone.protocolPB.OzoneManagerRequestHandler.getOzoneFileStatus(OzoneManagerRequestHandler.java:973) ~[ozone-manager-1.4.0-SNAPSHOT.jar:?]
	at org.apache.hadoop.ozone.protocolPB.OzoneManagerRequestHandler.handleReadRequest(OzoneManagerRequestHandler.java:252) ~[ozone-manager-1.4.0-SNAPSHOT.jar:?]
	at org.apache.hadoop.ozone.protocolPB.OzoneManagerProtocolServerSideTranslatorPB.submitReadRequestToOM(OzoneManagerProtocolServerSideTranslatorPB.java:225) ~[ozone-manager-1.4.0-SNAPSHOT.jar:?]
	at org.apache.hadoop.ozone.protocolPB.OzoneManagerProtocolServerSideTranslatorPB.processRequest(OzoneManagerProtocolServerSideTranslatorPB.java:179) ~[ozone-manager-1.4.0-SNAPSHOT.jar:?]
	at org.apache.hadoop.hdds.server.OzoneProtocolMessageDispatcher.processRequest(OzoneProtocolMessageDispatcher.java:87) [hdds-server-framework-1.4.0-SNAPSHOT.jar:?]
	at org.apache.hadoop.ozone.protocolPB.OzoneManagerProtocolServerSideTranslatorPB.submitRequest(OzoneManagerProtocolServerSideTranslatorPB.java:148) [ozone-manager-1.4.0-SNAPSHOT.jar:?]
	at org.apache.hadoop.ozone.protocol.proto.OzoneManagerProtocolProtos$OzoneManagerService$2.callBlockingMethod(OzoneManagerProtocolProtos.java) [ozone-interface-client-1.4.0-SNAPSHOT.jar:?]
	at org.apache.hadoop.ipc.ProtobufRpcEngine$Server.processCall(ProtobufRpcEngine.java:484) [hadoop-common-3.3.6.jar:?]
	at org.apache.hadoop.ipc.ProtobufRpcEngine2$Server$ProtoBufRpcInvoker.call(ProtobufRpcEngine2.java:595) [hadoop-common-3.3.6.jar:?]
	at org.apache.hadoop.ipc.ProtobufRpcEngine2$Server$ProtoBufRpcInvoker.call(ProtobufRpcEngine2.java:573) [hadoop-common-3.3.6.jar:?]
	at org.apache.hadoop.ipc.RPC$Server.call(RPC.java:1227) [hadoop-common-3.3.6.jar:?]
	at org.apache.hadoop.ipc.Server$RpcCall.run(Server.java:1094) [hadoop-common-3.3.6.jar:?]
	at org.apache.hadoop.ipc.Server$RpcCall.run(Server.java:1017) [hadoop-common-3.3.6.jar:?]
	at java.security.AccessController.doPrivileged(Native Method) ~[?:1.8.0_382]
	at javax.security.auth.Subject.doAs(Subject.java:422) [?:1.8.0_382]
	at org.apache.hadoop.security.UserGroupInformation.doAs(UserGroupInformation.java:1899) [hadoop-common-3.3.6.jar:?]
	at org.apache.hadoop.ipc.Server$Handler.run(Server.java:3048) [hadoop-common-3.3.6.jar:?]
18:53:05.936 [IPC Server handler 7 on default port 15004] ERROR OMAudit - user=runner | ip=127.0.0.1 | op=GET_FILE_STATUS {volume=volume53060, bucket=bucket79480, key=testBatchDelete/parent, dataSize=0, replicationConfig=null} | ret=FAILURE
org.apache.hadoop.ozone.om.exceptions.OMException: Unable to get file status: volume: volume53060 bucket: bucket79480 key: testBatchDelete/parent
	at org.apache.hadoop.ozone.om.KeyManagerImpl.getOzoneFileStatus(KeyManagerImpl.java:1195) ~[ozone-manager-1.4.0-SNAPSHOT.jar:?]
	at org.apache.hadoop.ozone.om.KeyManagerImpl.getFileStatus(KeyManagerImpl.java:1113) ~[ozone-manager-1.4.0-SNAPSHOT.jar:?]
	at org.apache.hadoop.ozone.om.OmMetadataReader.getFileStatus(OmMetadataReader.java:262) ~[ozone-manager-1.4.0-SNAPSHOT.jar:?]
	at org.apache.hadoop.ozone.om.OzoneManager.getFileStatus(OzoneManager.java:3530) ~[ozone-manager-1.4.0-SNAPSHOT.jar:?]
	at org.apache.hadoop.ozone.protocolPB.OzoneManagerRequestHandler.getOzoneFileStatus(OzoneManagerRequestHandler.java:973) ~[ozone-manager-1.4.0-SNAPSHOT.jar:?]
	at org.apache.hadoop.ozone.protocolPB.OzoneManagerRequestHandler.handleReadRequest(OzoneManagerRequestHandler.java:252) ~[ozone-manager-1.4.0-SNAPSHOT.jar:?]
	at org.apache.hadoop.ozone.protocolPB.OzoneManagerProtocolServerSideTranslatorPB.submitReadRequestToOM(OzoneManagerProtocolServerSideTranslatorPB.java:225) ~[ozone-manager-1.4.0-SNAPSHOT.jar:?]
	at org.apache.hadoop.ozone.protocolPB.OzoneManagerProtocolServerSideTranslatorPB.processRequest(OzoneManagerProtocolServerSideTranslatorPB.java:179) ~[ozone-manager-1.4.0-SNAPSHOT.jar:?]
	at org.apache.hadoop.hdds.server.OzoneProtocolMessageDispatcher.processRequest(OzoneProtocolMessageDispatcher.java:87) [hdds-server-framework-1.4.0-SNAPSHOT.jar:?]
	at org.apache.hadoop.ozone.protocolPB.OzoneManagerProtocolServerSideTranslatorPB.submitRequest(OzoneManagerProtocolServerSideTranslatorPB.java:148) [ozone-manager-1.4.0-SNAPSHOT.jar:?]
	at org.apache.hadoop.ozone.protocol.proto.OzoneManagerProtocolProtos$OzoneManagerService$2.callBlockingMethod(OzoneManagerProtocolProtos.java) [ozone-interface-client-1.4.0-SNAPSHOT.jar:?]
	at org.apache.hadoop.ipc.ProtobufRpcEngine$Server.processCall(ProtobufRpcEngine.java:484) [hadoop-common-3.3.6.jar:?]
	at org.apache.hadoop.ipc.ProtobufRpcEngine2$Server$ProtoBufRpcInvoker.call(ProtobufRpcEngine2.java:595) [hadoop-common-3.3.6.jar:?]
	at org.apache.hadoop.ipc.ProtobufRpcEngine2$Server$ProtoBufRpcInvoker.call(ProtobufRpcEngine2.java:573) [hadoop-common-3.3.6.jar:?]
	at org.apache.hadoop.ipc.RPC$Server.call(RPC.java:1227) [hadoop-common-3.3.6.jar:?]
	at org.apache.hadoop.ipc.Server$RpcCall.run(Server.java:1094) [hadoop-common-3.3.6.jar:?]
	at org.apache.hadoop.ipc.Server$RpcCall.run(Server.java:1017) [hadoop-common-3.3.6.jar:?]
	at java.security.AccessController.doPrivileged(Native Method) ~[?:1.8.0_382]
	at javax.security.auth.Subject.doAs(Subject.java:422) [?:1.8.0_382]
	at org.apache.hadoop.security.UserGroupInformation.doAs(UserGroupInformation.java:1899) [hadoop-common-3.3.6.jar:?]
	at org.apache.hadoop.ipc.Server$Handler.run(Server.java:3048) [hadoop-common-3.3.6.jar:?]
2023-08-29 18:53:05,937 [Time-limited test] WARN  ozone.BasicOzoneFileSystem (BasicOzoneFileSystem.java:delete(595)) - delete: Path does not exist: /testBatchDelete/parent
]]></system-out>
  </testcase>
  <testcase name="testFileDelete" classname="TestOzoneFileSystem" time="0.116">
    <system-out><![CDATA[18:54:25.140 [IPC Server handler 0 on default port 15057] ERROR OMAudit - user=runner | ip=127.0.0.1 | op=GET_FILE_STATUS {volume=volume92422, bucket=bucket94858, key=testBatchDelete, dataSize=0, replicationConfig=null} | ret=FAILURE
org.apache.hadoop.ozone.om.exceptions.OMException: Unable to get file status: volume: volume92422 bucket: bucket94858 key: testBatchDelete
	at org.apache.hadoop.ozone.om.KeyManagerImpl.getOzoneFileStatus(KeyManagerImpl.java:1195) ~[ozone-manager-1.4.0-SNAPSHOT.jar:?]
	at org.apache.hadoop.ozone.om.KeyManagerImpl.getFileStatus(KeyManagerImpl.java:1113) ~[ozone-manager-1.4.0-SNAPSHOT.jar:?]
	at org.apache.hadoop.ozone.om.OmMetadataReader.getFileStatus(OmMetadataReader.java:262) ~[ozone-manager-1.4.0-SNAPSHOT.jar:?]
	at org.apache.hadoop.ozone.om.OzoneManager.getFileStatus(OzoneManager.java:3530) ~[ozone-manager-1.4.0-SNAPSHOT.jar:?]
	at org.apache.hadoop.ozone.protocolPB.OzoneManagerRequestHandler.getOzoneFileStatus(OzoneManagerRequestHandler.java:973) ~[ozone-manager-1.4.0-SNAPSHOT.jar:?]
	at org.apache.hadoop.ozone.protocolPB.OzoneManagerRequestHandler.handleReadRequest(OzoneManagerRequestHandler.java:252) ~[ozone-manager-1.4.0-SNAPSHOT.jar:?]
	at org.apache.hadoop.ozone.protocolPB.OzoneManagerProtocolServerSideTranslatorPB.submitRequestDirectlyToOM(OzoneManagerProtocolServerSideTranslatorPB.java:274) ~[ozone-manager-1.4.0-SNAPSHOT.jar:?]
	at org.apache.hadoop.ozone.protocolPB.OzoneManagerProtocolServerSideTranslatorPB.processRequest(OzoneManagerProtocolServerSideTranslatorPB.java:175) ~[ozone-manager-1.4.0-SNAPSHOT.jar:?]
	at org.apache.hadoop.hdds.server.OzoneProtocolMessageDispatcher.processRequest(OzoneProtocolMessageDispatcher.java:87) [hdds-server-framework-1.4.0-SNAPSHOT.jar:?]
	at org.apache.hadoop.ozone.protocolPB.OzoneManagerProtocolServerSideTranslatorPB.submitRequest(OzoneManagerProtocolServerSideTranslatorPB.java:148) [ozone-manager-1.4.0-SNAPSHOT.jar:?]
	at org.apache.hadoop.ozone.protocol.proto.OzoneManagerProtocolProtos$OzoneManagerService$2.callBlockingMethod(OzoneManagerProtocolProtos.java) [ozone-interface-client-1.4.0-SNAPSHOT.jar:?]
	at org.apache.hadoop.ipc.ProtobufRpcEngine$Server.processCall(ProtobufRpcEngine.java:484) [hadoop-common-3.3.6.jar:?]
	at org.apache.hadoop.ipc.ProtobufRpcEngine2$Server$ProtoBufRpcInvoker.call(ProtobufRpcEngine2.java:595) [hadoop-common-3.3.6.jar:?]
	at org.apache.hadoop.ipc.ProtobufRpcEngine2$Server$ProtoBufRpcInvoker.call(ProtobufRpcEngine2.java:573) [hadoop-common-3.3.6.jar:?]
	at org.apache.hadoop.ipc.RPC$Server.call(RPC.java:1227) [hadoop-common-3.3.6.jar:?]
	at org.apache.hadoop.ipc.Server$RpcCall.run(Server.java:1094) [hadoop-common-3.3.6.jar:?]
	at org.apache.hadoop.ipc.Server$RpcCall.run(Server.java:1017) [hadoop-common-3.3.6.jar:?]
	at java.security.AccessController.doPrivileged(Native Method) ~[?:1.8.0_382]
	at javax.security.auth.Subject.doAs(Subject.java:422) [?:1.8.0_382]
	at org.apache.hadoop.security.UserGroupInformation.doAs(UserGroupInformation.java:1899) [hadoop-common-3.3.6.jar:?]
	at org.apache.hadoop.ipc.Server$Handler.run(Server.java:3048) [hadoop-common-3.3.6.jar:?]
18:54:25.141 [IPC Server handler 11 on default port 15057] ERROR OMAudit - user=runner | ip=127.0.0.1 | op=GET_FILE_STATUS {volume=volume92422, bucket=bucket94858, key=testBatchDelete/parent/child0, dataSize=0, replicationConfig=null} | ret=FAILURE
org.apache.hadoop.ozone.om.exceptions.OMException: Unable to get file status: volume: volume92422 bucket: bucket94858 key: testBatchDelete/parent/child0
	at org.apache.hadoop.ozone.om.KeyManagerImpl.getOzoneFileStatus(KeyManagerImpl.java:1195) ~[ozone-manager-1.4.0-SNAPSHOT.jar:?]
	at org.apache.hadoop.ozone.om.KeyManagerImpl.getFileStatus(KeyManagerImpl.java:1113) ~[ozone-manager-1.4.0-SNAPSHOT.jar:?]
	at org.apache.hadoop.ozone.om.OmMetadataReader.getFileStatus(OmMetadataReader.java:262) ~[ozone-manager-1.4.0-SNAPSHOT.jar:?]
	at org.apache.hadoop.ozone.om.OzoneManager.getFileStatus(OzoneManager.java:3530) ~[ozone-manager-1.4.0-SNAPSHOT.jar:?]
	at org.apache.hadoop.ozone.protocolPB.OzoneManagerRequestHandler.getOzoneFileStatus(OzoneManagerRequestHandler.java:973) ~[ozone-manager-1.4.0-SNAPSHOT.jar:?]
	at org.apache.hadoop.ozone.protocolPB.OzoneManagerRequestHandler.handleReadRequest(OzoneManagerRequestHandler.java:252) ~[ozone-manager-1.4.0-SNAPSHOT.jar:?]
	at org.apache.hadoop.ozone.protocolPB.OzoneManagerProtocolServerSideTranslatorPB.submitRequestDirectlyToOM(OzoneManagerProtocolServerSideTranslatorPB.java:274) ~[ozone-manager-1.4.0-SNAPSHOT.jar:?]
	at org.apache.hadoop.ozone.protocolPB.OzoneManagerProtocolServerSideTranslatorPB.processRequest(OzoneManagerProtocolServerSideTranslatorPB.java:175) ~[ozone-manager-1.4.0-SNAPSHOT.jar:?]
	at org.apache.hadoop.hdds.server.OzoneProtocolMessageDispatcher.processRequest(OzoneProtocolMessageDispatcher.java:87) [hdds-server-framework-1.4.0-SNAPSHOT.jar:?]
	at org.apache.hadoop.ozone.protocolPB.OzoneManagerProtocolServerSideTranslatorPB.submitRequest(OzoneManagerProtocolServerSideTranslatorPB.java:148) [ozone-manager-1.4.0-SNAPSHOT.jar:?]
	at org.apache.hadoop.ozone.protocol.proto.OzoneManagerProtocolProtos$OzoneManagerService$2.callBlockingMethod(OzoneManagerProtocolProtos.java) [ozone-interface-client-1.4.0-SNAPSHOT.jar:?]
	at org.apache.hadoop.ipc.ProtobufRpcEngine$Server.processCall(ProtobufRpcEngine.java:484) [hadoop-common-3.3.6.jar:?]
	at org.apache.hadoop.ipc.ProtobufRpcEngine2$Server$ProtoBufRpcInvoker.call(ProtobufRpcEngine2.java:595) [hadoop-common-3.3.6.jar:?]
	at org.apache.hadoop.ipc.ProtobufRpcEngine2$Server$ProtoBufRpcInvoker.call(ProtobufRpcEngine2.java:573) [hadoop-common-3.3.6.jar:?]
	at org.apache.hadoop.ipc.RPC$Server.call(RPC.java:1227) [hadoop-common-3.3.6.jar:?]
	at org.apache.hadoop.ipc.Server$RpcCall.run(Server.java:1094) [hadoop-common-3.3.6.jar:?]
	at org.apache.hadoop.ipc.Server$RpcCall.run(Server.java:1017) [hadoop-common-3.3.6.jar:?]
	at java.security.AccessController.doPrivileged(Native Method) ~[?:1.8.0_382]
	at javax.security.auth.Subject.doAs(Subject.java:422) [?:1.8.0_382]
	at org.apache.hadoop.security.UserGroupInformation.doAs(UserGroupInformation.java:1899) [hadoop-common-3.3.6.jar:?]
	at org.apache.hadoop.ipc.Server$Handler.run(Server.java:3048) [hadoop-common-3.3.6.jar:?]
18:54:25.142 [IPC Server handler 8 on default port 15057] ERROR OMAudit - user=runner | ip=127.0.0.1 | op=GET_FILE_STATUS {volume=volume92422, bucket=bucket94858, key=testBatchDelete/parent/childFolder/child0, dataSize=0, replicationConfig=null} | ret=FAILURE
org.apache.hadoop.ozone.om.exceptions.OMException: Unable to get file status: volume: volume92422 bucket: bucket94858 key: testBatchDelete/parent/childFolder/child0
	at org.apache.hadoop.ozone.om.KeyManagerImpl.getOzoneFileStatus(KeyManagerImpl.java:1195) ~[ozone-manager-1.4.0-SNAPSHOT.jar:?]
	at org.apache.hadoop.ozone.om.KeyManagerImpl.getFileStatus(KeyManagerImpl.java:1113) ~[ozone-manager-1.4.0-SNAPSHOT.jar:?]
	at org.apache.hadoop.ozone.om.OmMetadataReader.getFileStatus(OmMetadataReader.java:262) ~[ozone-manager-1.4.0-SNAPSHOT.jar:?]
	at org.apache.hadoop.ozone.om.OzoneManager.getFileStatus(OzoneManager.java:3530) ~[ozone-manager-1.4.0-SNAPSHOT.jar:?]
	at org.apache.hadoop.ozone.protocolPB.OzoneManagerRequestHandler.getOzoneFileStatus(OzoneManagerRequestHandler.java:973) ~[ozone-manager-1.4.0-SNAPSHOT.jar:?]
	at org.apache.hadoop.ozone.protocolPB.OzoneManagerRequestHandler.handleReadRequest(OzoneManagerRequestHandler.java:252) ~[ozone-manager-1.4.0-SNAPSHOT.jar:?]
	at org.apache.hadoop.ozone.protocolPB.OzoneManagerProtocolServerSideTranslatorPB.submitRequestDirectlyToOM(OzoneManagerProtocolServerSideTranslatorPB.java:274) ~[ozone-manager-1.4.0-SNAPSHOT.jar:?]
	at org.apache.hadoop.ozone.protocolPB.OzoneManagerProtocolServerSideTranslatorPB.processRequest(OzoneManagerProtocolServerSideTranslatorPB.java:175) ~[ozone-manager-1.4.0-SNAPSHOT.jar:?]
	at org.apache.hadoop.hdds.server.OzoneProtocolMessageDispatcher.processRequest(OzoneProtocolMessageDispatcher.java:87) [hdds-server-framework-1.4.0-SNAPSHOT.jar:?]
	at org.apache.hadoop.ozone.protocolPB.OzoneManagerProtocolServerSideTranslatorPB.submitRequest(OzoneManagerProtocolServerSideTranslatorPB.java:148) [ozone-manager-1.4.0-SNAPSHOT.jar:?]
	at org.apache.hadoop.ozone.protocol.proto.OzoneManagerProtocolProtos$OzoneManagerService$2.callBlockingMethod(OzoneManagerProtocolProtos.java) [ozone-interface-client-1.4.0-SNAPSHOT.jar:?]
	at org.apache.hadoop.ipc.ProtobufRpcEngine$Server.processCall(ProtobufRpcEngine.java:484) [hadoop-common-3.3.6.jar:?]
	at org.apache.hadoop.ipc.ProtobufRpcEngine2$Server$ProtoBufRpcInvoker.call(ProtobufRpcEngine2.java:595) [hadoop-common-3.3.6.jar:?]
	at org.apache.hadoop.ipc.ProtobufRpcEngine2$Server$ProtoBufRpcInvoker.call(ProtobufRpcEngine2.java:573) [hadoop-common-3.3.6.jar:?]
	at org.apache.hadoop.ipc.RPC$Server.call(RPC.java:1227) [hadoop-common-3.3.6.jar:?]
	at org.apache.hadoop.ipc.Server$RpcCall.run(Server.java:1094) [hadoop-common-3.3.6.jar:?]
	at org.apache.hadoop.ipc.Server$RpcCall.run(Server.java:1017) [hadoop-common-3.3.6.jar:?]
	at java.security.AccessController.doPrivileged(Native Method) ~[?:1.8.0_382]
	at javax.security.auth.Subject.doAs(Subject.java:422) [?:1.8.0_382]
	at org.apache.hadoop.security.UserGroupInformation.doAs(UserGroupInformation.java:1899) [hadoop-common-3.3.6.jar:?]
	at org.apache.hadoop.ipc.Server$Handler.run(Server.java:3048) [hadoop-common-3.3.6.jar:?]
18:54:25.143 [IPC Server handler 15 on default port 15057] ERROR OMAudit - user=runner | ip=127.0.0.1 | op=GET_FILE_STATUS {volume=volume92422, bucket=bucket94858, key=testBatchDelete/parent/child1, dataSize=0, replicationConfig=null} | ret=FAILURE
org.apache.hadoop.ozone.om.exceptions.OMException: Unable to get file status: volume: volume92422 bucket: bucket94858 key: testBatchDelete/parent/child1
	at org.apache.hadoop.ozone.om.KeyManagerImpl.getOzoneFileStatus(KeyManagerImpl.java:1195) ~[ozone-manager-1.4.0-SNAPSHOT.jar:?]
	at org.apache.hadoop.ozone.om.KeyManagerImpl.getFileStatus(KeyManagerImpl.java:1113) ~[ozone-manager-1.4.0-SNAPSHOT.jar:?]
	at org.apache.hadoop.ozone.om.OmMetadataReader.getFileStatus(OmMetadataReader.java:262) ~[ozone-manager-1.4.0-SNAPSHOT.jar:?]
	at org.apache.hadoop.ozone.om.OzoneManager.getFileStatus(OzoneManager.java:3530) ~[ozone-manager-1.4.0-SNAPSHOT.jar:?]
	at org.apache.hadoop.ozone.protocolPB.OzoneManagerRequestHandler.getOzoneFileStatus(OzoneManagerRequestHandler.java:973) ~[ozone-manager-1.4.0-SNAPSHOT.jar:?]
	at org.apache.hadoop.ozone.protocolPB.OzoneManagerRequestHandler.handleReadRequest(OzoneManagerRequestHandler.java:252) ~[ozone-manager-1.4.0-SNAPSHOT.jar:?]
	at org.apache.hadoop.ozone.protocolPB.OzoneManagerProtocolServerSideTranslatorPB.submitRequestDirectlyToOM(OzoneManagerProtocolServerSideTranslatorPB.java:274) ~[ozone-manager-1.4.0-SNAPSHOT.jar:?]
	at org.apache.hadoop.ozone.protocolPB.OzoneManagerProtocolServerSideTranslatorPB.processRequest(OzoneManagerProtocolServerSideTranslatorPB.java:175) ~[ozone-manager-1.4.0-SNAPSHOT.jar:?]
	at org.apache.hadoop.hdds.server.OzoneProtocolMessageDispatcher.processRequest(OzoneProtocolMessageDispatcher.java:87) [hdds-server-framework-1.4.0-SNAPSHOT.jar:?]
	at org.apache.hadoop.ozone.protocolPB.OzoneManagerProtocolServerSideTranslatorPB.submitRequest(OzoneManagerProtocolServerSideTranslatorPB.java:148) [ozone-manager-1.4.0-SNAPSHOT.jar:?]
	at org.apache.hadoop.ozone.protocol.proto.OzoneManagerProtocolProtos$OzoneManagerService$2.callBlockingMethod(OzoneManagerProtocolProtos.java) [ozone-interface-client-1.4.0-SNAPSHOT.jar:?]
	at org.apache.hadoop.ipc.ProtobufRpcEngine$Server.processCall(ProtobufRpcEngine.java:484) [hadoop-common-3.3.6.jar:?]
	at org.apache.hadoop.ipc.ProtobufRpcEngine2$Server$ProtoBufRpcInvoker.call(ProtobufRpcEngine2.java:595) [hadoop-common-3.3.6.jar:?]
	at org.apache.hadoop.ipc.ProtobufRpcEngine2$Server$ProtoBufRpcInvoker.call(ProtobufRpcEngine2.java:573) [hadoop-common-3.3.6.jar:?]
	at org.apache.hadoop.ipc.RPC$Server.call(RPC.java:1227) [hadoop-common-3.3.6.jar:?]
	at org.apache.hadoop.ipc.Server$RpcCall.run(Server.java:1094) [hadoop-common-3.3.6.jar:?]
	at org.apache.hadoop.ipc.Server$RpcCall.run(Server.java:1017) [hadoop-common-3.3.6.jar:?]
	at java.security.AccessController.doPrivileged(Native Method) ~[?:1.8.0_382]
	at javax.security.auth.Subject.doAs(Subject.java:422) [?:1.8.0_382]
	at org.apache.hadoop.security.UserGroupInformation.doAs(UserGroupInformation.java:1899) [hadoop-common-3.3.6.jar:?]
	at org.apache.hadoop.ipc.Server$Handler.run(Server.java:3048) [hadoop-common-3.3.6.jar:?]
18:54:25.144 [IPC Server handler 7 on default port 15057] ERROR OMAudit - user=runner | ip=127.0.0.1 | op=GET_FILE_STATUS {volume=volume92422, bucket=bucket94858, key=testBatchDelete/parent/childFolder/child1, dataSize=0, replicationConfig=null} | ret=FAILURE
org.apache.hadoop.ozone.om.exceptions.OMException: Unable to get file status: volume: volume92422 bucket: bucket94858 key: testBatchDelete/parent/childFolder/child1
	at org.apache.hadoop.ozone.om.KeyManagerImpl.getOzoneFileStatus(KeyManagerImpl.java:1195) ~[ozone-manager-1.4.0-SNAPSHOT.jar:?]
	at org.apache.hadoop.ozone.om.KeyManagerImpl.getFileStatus(KeyManagerImpl.java:1113) ~[ozone-manager-1.4.0-SNAPSHOT.jar:?]
	at org.apache.hadoop.ozone.om.OmMetadataReader.getFileStatus(OmMetadataReader.java:262) ~[ozone-manager-1.4.0-SNAPSHOT.jar:?]
	at org.apache.hadoop.ozone.om.OzoneManager.getFileStatus(OzoneManager.java:3530) ~[ozone-manager-1.4.0-SNAPSHOT.jar:?]
	at org.apache.hadoop.ozone.protocolPB.OzoneManagerRequestHandler.getOzoneFileStatus(OzoneManagerRequestHandler.java:973) ~[ozone-manager-1.4.0-SNAPSHOT.jar:?]
	at org.apache.hadoop.ozone.protocolPB.OzoneManagerRequestHandler.handleReadRequest(OzoneManagerRequestHandler.java:252) ~[ozone-manager-1.4.0-SNAPSHOT.jar:?]
	at org.apache.hadoop.ozone.protocolPB.OzoneManagerProtocolServerSideTranslatorPB.submitRequestDirectlyToOM(OzoneManagerProtocolServerSideTranslatorPB.java:274) ~[ozone-manager-1.4.0-SNAPSHOT.jar:?]
	at org.apache.hadoop.ozone.protocolPB.OzoneManagerProtocolServerSideTranslatorPB.processRequest(OzoneManagerProtocolServerSideTranslatorPB.java:175) ~[ozone-manager-1.4.0-SNAPSHOT.jar:?]
	at org.apache.hadoop.hdds.server.OzoneProtocolMessageDispatcher.processRequest(OzoneProtocolMessageDispatcher.java:87) [hdds-server-framework-1.4.0-SNAPSHOT.jar:?]
	at org.apache.hadoop.ozone.protocolPB.OzoneManagerProtocolServerSideTranslatorPB.submitRequest(OzoneManagerProtocolServerSideTranslatorPB.java:148) [ozone-manager-1.4.0-SNAPSHOT.jar:?]
	at org.apache.hadoop.ozone.protocol.proto.OzoneManagerProtocolProtos$OzoneManagerService$2.callBlockingMethod(OzoneManagerProtocolProtos.java) [ozone-interface-client-1.4.0-SNAPSHOT.jar:?]
	at org.apache.hadoop.ipc.ProtobufRpcEngine$Server.processCall(ProtobufRpcEngine.java:484) [hadoop-common-3.3.6.jar:?]
	at org.apache.hadoop.ipc.ProtobufRpcEngine2$Server$ProtoBufRpcInvoker.call(ProtobufRpcEngine2.java:595) [hadoop-common-3.3.6.jar:?]
	at org.apache.hadoop.ipc.ProtobufRpcEngine2$Server$ProtoBufRpcInvoker.call(ProtobufRpcEngine2.java:573) [hadoop-common-3.3.6.jar:?]
	at org.apache.hadoop.ipc.RPC$Server.call(RPC.java:1227) [hadoop-common-3.3.6.jar:?]
	at org.apache.hadoop.ipc.Server$RpcCall.run(Server.java:1094) [hadoop-common-3.3.6.jar:?]
	at org.apache.hadoop.ipc.Server$RpcCall.run(Server.java:1017) [hadoop-common-3.3.6.jar:?]
	at java.security.AccessController.doPrivileged(Native Method) ~[?:1.8.0_382]
	at javax.security.auth.Subject.doAs(Subject.java:422) [?:1.8.0_382]
	at org.apache.hadoop.security.UserGroupInformation.doAs(UserGroupInformation.java:1899) [hadoop-common-3.3.6.jar:?]
	at org.apache.hadoop.ipc.Server$Handler.run(Server.java:3048) [hadoop-common-3.3.6.jar:?]
18:54:25.145 [IPC Server handler 9 on default port 15057] ERROR OMAudit - user=runner | ip=127.0.0.1 | op=GET_FILE_STATUS {volume=volume92422, bucket=bucket94858, key=testBatchDelete/parent/child2, dataSize=0, replicationConfig=null} | ret=FAILURE
org.apache.hadoop.ozone.om.exceptions.OMException: Unable to get file status: volume: volume92422 bucket: bucket94858 key: testBatchDelete/parent/child2
	at org.apache.hadoop.ozone.om.KeyManagerImpl.getOzoneFileStatus(KeyManagerImpl.java:1195) ~[ozone-manager-1.4.0-SNAPSHOT.jar:?]
	at org.apache.hadoop.ozone.om.KeyManagerImpl.getFileStatus(KeyManagerImpl.java:1113) ~[ozone-manager-1.4.0-SNAPSHOT.jar:?]
	at org.apache.hadoop.ozone.om.OmMetadataReader.getFileStatus(OmMetadataReader.java:262) ~[ozone-manager-1.4.0-SNAPSHOT.jar:?]
	at org.apache.hadoop.ozone.om.OzoneManager.getFileStatus(OzoneManager.java:3530) ~[ozone-manager-1.4.0-SNAPSHOT.jar:?]
	at org.apache.hadoop.ozone.protocolPB.OzoneManagerRequestHandler.getOzoneFileStatus(OzoneManagerRequestHandler.java:973) ~[ozone-manager-1.4.0-SNAPSHOT.jar:?]
	at org.apache.hadoop.ozone.protocolPB.OzoneManagerRequestHandler.handleReadRequest(OzoneManagerRequestHandler.java:252) ~[ozone-manager-1.4.0-SNAPSHOT.jar:?]
	at org.apache.hadoop.ozone.protocolPB.OzoneManagerProtocolServerSideTranslatorPB.submitRequestDirectlyToOM(OzoneManagerProtocolServerSideTranslatorPB.java:274) ~[ozone-manager-1.4.0-SNAPSHOT.jar:?]
	at org.apache.hadoop.ozone.protocolPB.OzoneManagerProtocolServerSideTranslatorPB.processRequest(OzoneManagerProtocolServerSideTranslatorPB.java:175) ~[ozone-manager-1.4.0-SNAPSHOT.jar:?]
	at org.apache.hadoop.hdds.server.OzoneProtocolMessageDispatcher.processRequest(OzoneProtocolMessageDispatcher.java:87) [hdds-server-framework-1.4.0-SNAPSHOT.jar:?]
	at org.apache.hadoop.ozone.protocolPB.OzoneManagerProtocolServerSideTranslatorPB.submitRequest(OzoneManagerProtocolServerSideTranslatorPB.java:148) [ozone-manager-1.4.0-SNAPSHOT.jar:?]
	at org.apache.hadoop.ozone.protocol.proto.OzoneManagerProtocolProtos$OzoneManagerService$2.callBlockingMethod(OzoneManagerProtocolProtos.java) [ozone-interface-client-1.4.0-SNAPSHOT.jar:?]
	at org.apache.hadoop.ipc.ProtobufRpcEngine$Server.processCall(ProtobufRpcEngine.java:484) [hadoop-common-3.3.6.jar:?]
	at org.apache.hadoop.ipc.ProtobufRpcEngine2$Server$ProtoBufRpcInvoker.call(ProtobufRpcEngine2.java:595) [hadoop-common-3.3.6.jar:?]
	at org.apache.hadoop.ipc.ProtobufRpcEngine2$Server$ProtoBufRpcInvoker.call(ProtobufRpcEngine2.java:573) [hadoop-common-3.3.6.jar:?]
	at org.apache.hadoop.ipc.RPC$Server.call(RPC.java:1227) [hadoop-common-3.3.6.jar:?]
	at org.apache.hadoop.ipc.Server$RpcCall.run(Server.java:1094) [hadoop-common-3.3.6.jar:?]
	at org.apache.hadoop.ipc.Server$RpcCall.run(Server.java:1017) [hadoop-common-3.3.6.jar:?]
	at java.security.AccessController.doPrivileged(Native Method) ~[?:1.8.0_382]
	at javax.security.auth.Subject.doAs(Subject.java:422) [?:1.8.0_382]
	at org.apache.hadoop.security.UserGroupInformation.doAs(UserGroupInformation.java:1899) [hadoop-common-3.3.6.jar:?]
	at org.apache.hadoop.ipc.Server$Handler.run(Server.java:3048) [hadoop-common-3.3.6.jar:?]
18:54:25.146 [IPC Server handler 10 on default port 15057] ERROR OMAudit - user=runner | ip=127.0.0.1 | op=GET_FILE_STATUS {volume=volume92422, bucket=bucket94858, key=testBatchDelete/parent/childFolder/child2, dataSize=0, replicationConfig=null} | ret=FAILURE
org.apache.hadoop.ozone.om.exceptions.OMException: Unable to get file status: volume: volume92422 bucket: bucket94858 key: testBatchDelete/parent/childFolder/child2
	at org.apache.hadoop.ozone.om.KeyManagerImpl.getOzoneFileStatus(KeyManagerImpl.java:1195) ~[ozone-manager-1.4.0-SNAPSHOT.jar:?]
	at org.apache.hadoop.ozone.om.KeyManagerImpl.getFileStatus(KeyManagerImpl.java:1113) ~[ozone-manager-1.4.0-SNAPSHOT.jar:?]
	at org.apache.hadoop.ozone.om.OmMetadataReader.getFileStatus(OmMetadataReader.java:262) ~[ozone-manager-1.4.0-SNAPSHOT.jar:?]
	at org.apache.hadoop.ozone.om.OzoneManager.getFileStatus(OzoneManager.java:3530) ~[ozone-manager-1.4.0-SNAPSHOT.jar:?]
	at org.apache.hadoop.ozone.protocolPB.OzoneManagerRequestHandler.getOzoneFileStatus(OzoneManagerRequestHandler.java:973) ~[ozone-manager-1.4.0-SNAPSHOT.jar:?]
	at org.apache.hadoop.ozone.protocolPB.OzoneManagerRequestHandler.handleReadRequest(OzoneManagerRequestHandler.java:252) ~[ozone-manager-1.4.0-SNAPSHOT.jar:?]
	at org.apache.hadoop.ozone.protocolPB.OzoneManagerProtocolServerSideTranslatorPB.submitRequestDirectlyToOM(OzoneManagerProtocolServerSideTranslatorPB.java:274) ~[ozone-manager-1.4.0-SNAPSHOT.jar:?]
	at org.apache.hadoop.ozone.protocolPB.OzoneManagerProtocolServerSideTranslatorPB.processRequest(OzoneManagerProtocolServerSideTranslatorPB.java:175) ~[ozone-manager-1.4.0-SNAPSHOT.jar:?]
	at org.apache.hadoop.hdds.server.OzoneProtocolMessageDispatcher.processRequest(OzoneProtocolMessageDispatcher.java:87) [hdds-server-framework-1.4.0-SNAPSHOT.jar:?]
	at org.apache.hadoop.ozone.protocolPB.OzoneManagerProtocolServerSideTranslatorPB.submitRequest(OzoneManagerProtocolServerSideTranslatorPB.java:148) [ozone-manager-1.4.0-SNAPSHOT.jar:?]
	at org.apache.hadoop.ozone.protocol.proto.OzoneManagerProtocolProtos$OzoneManagerService$2.callBlockingMethod(OzoneManagerProtocolProtos.java) [ozone-interface-client-1.4.0-SNAPSHOT.jar:?]
	at org.apache.hadoop.ipc.ProtobufRpcEngine$Server.processCall(ProtobufRpcEngine.java:484) [hadoop-common-3.3.6.jar:?]
	at org.apache.hadoop.ipc.ProtobufRpcEngine2$Server$ProtoBufRpcInvoker.call(ProtobufRpcEngine2.java:595) [hadoop-common-3.3.6.jar:?]
	at org.apache.hadoop.ipc.ProtobufRpcEngine2$Server$ProtoBufRpcInvoker.call(ProtobufRpcEngine2.java:573) [hadoop-common-3.3.6.jar:?]
	at org.apache.hadoop.ipc.RPC$Server.call(RPC.java:1227) [hadoop-common-3.3.6.jar:?]
	at org.apache.hadoop.ipc.Server$RpcCall.run(Server.java:1094) [hadoop-common-3.3.6.jar:?]
	at org.apache.hadoop.ipc.Server$RpcCall.run(Server.java:1017) [hadoop-common-3.3.6.jar:?]
	at java.security.AccessController.doPrivileged(Native Method) ~[?:1.8.0_382]
	at javax.security.auth.Subject.doAs(Subject.java:422) [?:1.8.0_382]
	at org.apache.hadoop.security.UserGroupInformation.doAs(UserGroupInformation.java:1899) [hadoop-common-3.3.6.jar:?]
	at org.apache.hadoop.ipc.Server$Handler.run(Server.java:3048) [hadoop-common-3.3.6.jar:?]
18:54:25.147 [IPC Server handler 12 on default port 15057] ERROR OMAudit - user=runner | ip=127.0.0.1 | op=GET_FILE_STATUS {volume=volume92422, bucket=bucket94858, key=testBatchDelete/parent/child3, dataSize=0, replicationConfig=null} | ret=FAILURE
org.apache.hadoop.ozone.om.exceptions.OMException: Unable to get file status: volume: volume92422 bucket: bucket94858 key: testBatchDelete/parent/child3
	at org.apache.hadoop.ozone.om.KeyManagerImpl.getOzoneFileStatus(KeyManagerImpl.java:1195) ~[ozone-manager-1.4.0-SNAPSHOT.jar:?]
	at org.apache.hadoop.ozone.om.KeyManagerImpl.getFileStatus(KeyManagerImpl.java:1113) ~[ozone-manager-1.4.0-SNAPSHOT.jar:?]
	at org.apache.hadoop.ozone.om.OmMetadataReader.getFileStatus(OmMetadataReader.java:262) ~[ozone-manager-1.4.0-SNAPSHOT.jar:?]
	at org.apache.hadoop.ozone.om.OzoneManager.getFileStatus(OzoneManager.java:3530) ~[ozone-manager-1.4.0-SNAPSHOT.jar:?]
	at org.apache.hadoop.ozone.protocolPB.OzoneManagerRequestHandler.getOzoneFileStatus(OzoneManagerRequestHandler.java:973) ~[ozone-manager-1.4.0-SNAPSHOT.jar:?]
	at org.apache.hadoop.ozone.protocolPB.OzoneManagerRequestHandler.handleReadRequest(OzoneManagerRequestHandler.java:252) ~[ozone-manager-1.4.0-SNAPSHOT.jar:?]
	at org.apache.hadoop.ozone.protocolPB.OzoneManagerProtocolServerSideTranslatorPB.submitRequestDirectlyToOM(OzoneManagerProtocolServerSideTranslatorPB.java:274) ~[ozone-manager-1.4.0-SNAPSHOT.jar:?]
	at org.apache.hadoop.ozone.protocolPB.OzoneManagerProtocolServerSideTranslatorPB.processRequest(OzoneManagerProtocolServerSideTranslatorPB.java:175) ~[ozone-manager-1.4.0-SNAPSHOT.jar:?]
	at org.apache.hadoop.hdds.server.OzoneProtocolMessageDispatcher.processRequest(OzoneProtocolMessageDispatcher.java:87) [hdds-server-framework-1.4.0-SNAPSHOT.jar:?]
	at org.apache.hadoop.ozone.protocolPB.OzoneManagerProtocolServerSideTranslatorPB.submitRequest(OzoneManagerProtocolServerSideTranslatorPB.java:148) [ozone-manager-1.4.0-SNAPSHOT.jar:?]
	at org.apache.hadoop.ozone.protocol.proto.OzoneManagerProtocolProtos$OzoneManagerService$2.callBlockingMethod(OzoneManagerProtocolProtos.java) [ozone-interface-client-1.4.0-SNAPSHOT.jar:?]
	at org.apache.hadoop.ipc.ProtobufRpcEngine$Server.processCall(ProtobufRpcEngine.java:484) [hadoop-common-3.3.6.jar:?]
	at org.apache.hadoop.ipc.ProtobufRpcEngine2$Server$ProtoBufRpcInvoker.call(ProtobufRpcEngine2.java:595) [hadoop-common-3.3.6.jar:?]
	at org.apache.hadoop.ipc.ProtobufRpcEngine2$Server$ProtoBufRpcInvoker.call(ProtobufRpcEngine2.java:573) [hadoop-common-3.3.6.jar:?]
	at org.apache.hadoop.ipc.RPC$Server.call(RPC.java:1227) [hadoop-common-3.3.6.jar:?]
	at org.apache.hadoop.ipc.Server$RpcCall.run(Server.java:1094) [hadoop-common-3.3.6.jar:?]
	at org.apache.hadoop.ipc.Server$RpcCall.run(Server.java:1017) [hadoop-common-3.3.6.jar:?]
	at java.security.AccessController.doPrivileged(Native Method) ~[?:1.8.0_382]
	at javax.security.auth.Subject.doAs(Subject.java:422) [?:1.8.0_382]
	at org.apache.hadoop.security.UserGroupInformation.doAs(UserGroupInformation.java:1899) [hadoop-common-3.3.6.jar:?]
	at org.apache.hadoop.ipc.Server$Handler.run(Server.java:3048) [hadoop-common-3.3.6.jar:?]
18:54:25.148 [IPC Server handler 19 on default port 15057] ERROR OMAudit - user=runner | ip=127.0.0.1 | op=GET_FILE_STATUS {volume=volume92422, bucket=bucket94858, key=testBatchDelete/parent/childFolder/child3, dataSize=0, replicationConfig=null} | ret=FAILURE
org.apache.hadoop.ozone.om.exceptions.OMException: Unable to get file status: volume: volume92422 bucket: bucket94858 key: testBatchDelete/parent/childFolder/child3
	at org.apache.hadoop.ozone.om.KeyManagerImpl.getOzoneFileStatus(KeyManagerImpl.java:1195) ~[ozone-manager-1.4.0-SNAPSHOT.jar:?]
	at org.apache.hadoop.ozone.om.KeyManagerImpl.getFileStatus(KeyManagerImpl.java:1113) ~[ozone-manager-1.4.0-SNAPSHOT.jar:?]
	at org.apache.hadoop.ozone.om.OmMetadataReader.getFileStatus(OmMetadataReader.java:262) ~[ozone-manager-1.4.0-SNAPSHOT.jar:?]
	at org.apache.hadoop.ozone.om.OzoneManager.getFileStatus(OzoneManager.java:3530) ~[ozone-manager-1.4.0-SNAPSHOT.jar:?]
	at org.apache.hadoop.ozone.protocolPB.OzoneManagerRequestHandler.getOzoneFileStatus(OzoneManagerRequestHandler.java:973) ~[ozone-manager-1.4.0-SNAPSHOT.jar:?]
	at org.apache.hadoop.ozone.protocolPB.OzoneManagerRequestHandler.handleReadRequest(OzoneManagerRequestHandler.java:252) ~[ozone-manager-1.4.0-SNAPSHOT.jar:?]
	at org.apache.hadoop.ozone.protocolPB.OzoneManagerProtocolServerSideTranslatorPB.submitRequestDirectlyToOM(OzoneManagerProtocolServerSideTranslatorPB.java:274) ~[ozone-manager-1.4.0-SNAPSHOT.jar:?]
	at org.apache.hadoop.ozone.protocolPB.OzoneManagerProtocolServerSideTranslatorPB.processRequest(OzoneManagerProtocolServerSideTranslatorPB.java:175) ~[ozone-manager-1.4.0-SNAPSHOT.jar:?]
	at org.apache.hadoop.hdds.server.OzoneProtocolMessageDispatcher.processRequest(OzoneProtocolMessageDispatcher.java:87) [hdds-server-framework-1.4.0-SNAPSHOT.jar:?]
	at org.apache.hadoop.ozone.protocolPB.OzoneManagerProtocolServerSideTranslatorPB.submitRequest(OzoneManagerProtocolServerSideTranslatorPB.java:148) [ozone-manager-1.4.0-SNAPSHOT.jar:?]
	at org.apache.hadoop.ozone.protocol.proto.OzoneManagerProtocolProtos$OzoneManagerService$2.callBlockingMethod(OzoneManagerProtocolProtos.java) [ozone-interface-client-1.4.0-SNAPSHOT.jar:?]
	at org.apache.hadoop.ipc.ProtobufRpcEngine$Server.processCall(ProtobufRpcEngine.java:484) [hadoop-common-3.3.6.jar:?]
	at org.apache.hadoop.ipc.ProtobufRpcEngine2$Server$ProtoBufRpcInvoker.call(ProtobufRpcEngine2.java:595) [hadoop-common-3.3.6.jar:?]
	at org.apache.hadoop.ipc.ProtobufRpcEngine2$Server$ProtoBufRpcInvoker.call(ProtobufRpcEngine2.java:573) [hadoop-common-3.3.6.jar:?]
	at org.apache.hadoop.ipc.RPC$Server.call(RPC.java:1227) [hadoop-common-3.3.6.jar:?]
	at org.apache.hadoop.ipc.Server$RpcCall.run(Server.java:1094) [hadoop-common-3.3.6.jar:?]
	at org.apache.hadoop.ipc.Server$RpcCall.run(Server.java:1017) [hadoop-common-3.3.6.jar:?]
	at java.security.AccessController.doPrivileged(Native Method) ~[?:1.8.0_382]
	at javax.security.auth.Subject.doAs(Subject.java:422) [?:1.8.0_382]
	at org.apache.hadoop.security.UserGroupInformation.doAs(UserGroupInformation.java:1899) [hadoop-common-3.3.6.jar:?]
	at org.apache.hadoop.ipc.Server$Handler.run(Server.java:3048) [hadoop-common-3.3.6.jar:?]
18:54:25.149 [IPC Server handler 13 on default port 15057] ERROR OMAudit - user=runner | ip=127.0.0.1 | op=GET_FILE_STATUS {volume=volume92422, bucket=bucket94858, key=testBatchDelete/parent/child4, dataSize=0, replicationConfig=null} | ret=FAILURE
org.apache.hadoop.ozone.om.exceptions.OMException: Unable to get file status: volume: volume92422 bucket: bucket94858 key: testBatchDelete/parent/child4
	at org.apache.hadoop.ozone.om.KeyManagerImpl.getOzoneFileStatus(KeyManagerImpl.java:1195) ~[ozone-manager-1.4.0-SNAPSHOT.jar:?]
	at org.apache.hadoop.ozone.om.KeyManagerImpl.getFileStatus(KeyManagerImpl.java:1113) ~[ozone-manager-1.4.0-SNAPSHOT.jar:?]
	at org.apache.hadoop.ozone.om.OmMetadataReader.getFileStatus(OmMetadataReader.java:262) ~[ozone-manager-1.4.0-SNAPSHOT.jar:?]
	at org.apache.hadoop.ozone.om.OzoneManager.getFileStatus(OzoneManager.java:3530) ~[ozone-manager-1.4.0-SNAPSHOT.jar:?]
	at org.apache.hadoop.ozone.protocolPB.OzoneManagerRequestHandler.getOzoneFileStatus(OzoneManagerRequestHandler.java:973) ~[ozone-manager-1.4.0-SNAPSHOT.jar:?]
	at org.apache.hadoop.ozone.protocolPB.OzoneManagerRequestHandler.handleReadRequest(OzoneManagerRequestHandler.java:252) ~[ozone-manager-1.4.0-SNAPSHOT.jar:?]
	at org.apache.hadoop.ozone.protocolPB.OzoneManagerProtocolServerSideTranslatorPB.submitRequestDirectlyToOM(OzoneManagerProtocolServerSideTranslatorPB.java:274) ~[ozone-manager-1.4.0-SNAPSHOT.jar:?]
	at org.apache.hadoop.ozone.protocolPB.OzoneManagerProtocolServerSideTranslatorPB.processRequest(OzoneManagerProtocolServerSideTranslatorPB.java:175) ~[ozone-manager-1.4.0-SNAPSHOT.jar:?]
	at org.apache.hadoop.hdds.server.OzoneProtocolMessageDispatcher.processRequest(OzoneProtocolMessageDispatcher.java:87) [hdds-server-framework-1.4.0-SNAPSHOT.jar:?]
	at org.apache.hadoop.ozone.protocolPB.OzoneManagerProtocolServerSideTranslatorPB.submitRequest(OzoneManagerProtocolServerSideTranslatorPB.java:148) [ozone-manager-1.4.0-SNAPSHOT.jar:?]
	at org.apache.hadoop.ozone.protocol.proto.OzoneManagerProtocolProtos$OzoneManagerService$2.callBlockingMethod(OzoneManagerProtocolProtos.java) [ozone-interface-client-1.4.0-SNAPSHOT.jar:?]
	at org.apache.hadoop.ipc.ProtobufRpcEngine$Server.processCall(ProtobufRpcEngine.java:484) [hadoop-common-3.3.6.jar:?]
	at org.apache.hadoop.ipc.ProtobufRpcEngine2$Server$ProtoBufRpcInvoker.call(ProtobufRpcEngine2.java:595) [hadoop-common-3.3.6.jar:?]
	at org.apache.hadoop.ipc.ProtobufRpcEngine2$Server$ProtoBufRpcInvoker.call(ProtobufRpcEngine2.java:573) [hadoop-common-3.3.6.jar:?]
	at org.apache.hadoop.ipc.RPC$Server.call(RPC.java:1227) [hadoop-common-3.3.6.jar:?]
	at org.apache.hadoop.ipc.Server$RpcCall.run(Server.java:1094) [hadoop-common-3.3.6.jar:?]
	at org.apache.hadoop.ipc.Server$RpcCall.run(Server.java:1017) [hadoop-common-3.3.6.jar:?]
	at java.security.AccessController.doPrivileged(Native Method) ~[?:1.8.0_382]
	at javax.security.auth.Subject.doAs(Subject.java:422) [?:1.8.0_382]
	at org.apache.hadoop.security.UserGroupInformation.doAs(UserGroupInformation.java:1899) [hadoop-common-3.3.6.jar:?]
	at org.apache.hadoop.ipc.Server$Handler.run(Server.java:3048) [hadoop-common-3.3.6.jar:?]
18:54:25.150 [IPC Server handler 14 on default port 15057] ERROR OMAudit - user=runner | ip=127.0.0.1 | op=GET_FILE_STATUS {volume=volume92422, bucket=bucket94858, key=testBatchDelete/parent/childFolder/child4, dataSize=0, replicationConfig=null} | ret=FAILURE
org.apache.hadoop.ozone.om.exceptions.OMException: Unable to get file status: volume: volume92422 bucket: bucket94858 key: testBatchDelete/parent/childFolder/child4
	at org.apache.hadoop.ozone.om.KeyManagerImpl.getOzoneFileStatus(KeyManagerImpl.java:1195) ~[ozone-manager-1.4.0-SNAPSHOT.jar:?]
	at org.apache.hadoop.ozone.om.KeyManagerImpl.getFileStatus(KeyManagerImpl.java:1113) ~[ozone-manager-1.4.0-SNAPSHOT.jar:?]
	at org.apache.hadoop.ozone.om.OmMetadataReader.getFileStatus(OmMetadataReader.java:262) ~[ozone-manager-1.4.0-SNAPSHOT.jar:?]
	at org.apache.hadoop.ozone.om.OzoneManager.getFileStatus(OzoneManager.java:3530) ~[ozone-manager-1.4.0-SNAPSHOT.jar:?]
	at org.apache.hadoop.ozone.protocolPB.OzoneManagerRequestHandler.getOzoneFileStatus(OzoneManagerRequestHandler.java:973) ~[ozone-manager-1.4.0-SNAPSHOT.jar:?]
	at org.apache.hadoop.ozone.protocolPB.OzoneManagerRequestHandler.handleReadRequest(OzoneManagerRequestHandler.java:252) ~[ozone-manager-1.4.0-SNAPSHOT.jar:?]
	at org.apache.hadoop.ozone.protocolPB.OzoneManagerProtocolServerSideTranslatorPB.submitRequestDirectlyToOM(OzoneManagerProtocolServerSideTranslatorPB.java:274) ~[ozone-manager-1.4.0-SNAPSHOT.jar:?]
	at org.apache.hadoop.ozone.protocolPB.OzoneManagerProtocolServerSideTranslatorPB.processRequest(OzoneManagerProtocolServerSideTranslatorPB.java:175) ~[ozone-manager-1.4.0-SNAPSHOT.jar:?]
	at org.apache.hadoop.hdds.server.OzoneProtocolMessageDispatcher.processRequest(OzoneProtocolMessageDispatcher.java:87) [hdds-server-framework-1.4.0-SNAPSHOT.jar:?]
	at org.apache.hadoop.ozone.protocolPB.OzoneManagerProtocolServerSideTranslatorPB.submitRequest(OzoneManagerProtocolServerSideTranslatorPB.java:148) [ozone-manager-1.4.0-SNAPSHOT.jar:?]
	at org.apache.hadoop.ozone.protocol.proto.OzoneManagerProtocolProtos$OzoneManagerService$2.callBlockingMethod(OzoneManagerProtocolProtos.java) [ozone-interface-client-1.4.0-SNAPSHOT.jar:?]
	at org.apache.hadoop.ipc.ProtobufRpcEngine$Server.processCall(ProtobufRpcEngine.java:484) [hadoop-common-3.3.6.jar:?]
	at org.apache.hadoop.ipc.ProtobufRpcEngine2$Server$ProtoBufRpcInvoker.call(ProtobufRpcEngine2.java:595) [hadoop-common-3.3.6.jar:?]
	at org.apache.hadoop.ipc.ProtobufRpcEngine2$Server$ProtoBufRpcInvoker.call(ProtobufRpcEngine2.java:573) [hadoop-common-3.3.6.jar:?]
	at org.apache.hadoop.ipc.RPC$Server.call(RPC.java:1227) [hadoop-common-3.3.6.jar:?]
	at org.apache.hadoop.ipc.Server$RpcCall.run(Server.java:1094) [hadoop-common-3.3.6.jar:?]
	at org.apache.hadoop.ipc.Server$RpcCall.run(Server.java:1017) [hadoop-common-3.3.6.jar:?]
	at java.security.AccessController.doPrivileged(Native Method) ~[?:1.8.0_382]
	at javax.security.auth.Subject.doAs(Subject.java:422) [?:1.8.0_382]
	at org.apache.hadoop.security.UserGroupInformation.doAs(UserGroupInformation.java:1899) [hadoop-common-3.3.6.jar:?]
	at org.apache.hadoop.ipc.Server$Handler.run(Server.java:3048) [hadoop-common-3.3.6.jar:?]
18:54:25.151 [IPC Server handler 18 on default port 15057] ERROR OMAudit - user=runner | ip=127.0.0.1 | op=GET_FILE_STATUS {volume=volume92422, bucket=bucket94858, key=testBatchDelete/parent/child5, dataSize=0, replicationConfig=null} | ret=FAILURE
org.apache.hadoop.ozone.om.exceptions.OMException: Unable to get file status: volume: volume92422 bucket: bucket94858 key: testBatchDelete/parent/child5
	at org.apache.hadoop.ozone.om.KeyManagerImpl.getOzoneFileStatus(KeyManagerImpl.java:1195) ~[ozone-manager-1.4.0-SNAPSHOT.jar:?]
	at org.apache.hadoop.ozone.om.KeyManagerImpl.getFileStatus(KeyManagerImpl.java:1113) ~[ozone-manager-1.4.0-SNAPSHOT.jar:?]
	at org.apache.hadoop.ozone.om.OmMetadataReader.getFileStatus(OmMetadataReader.java:262) ~[ozone-manager-1.4.0-SNAPSHOT.jar:?]
	at org.apache.hadoop.ozone.om.OzoneManager.getFileStatus(OzoneManager.java:3530) ~[ozone-manager-1.4.0-SNAPSHOT.jar:?]
	at org.apache.hadoop.ozone.protocolPB.OzoneManagerRequestHandler.getOzoneFileStatus(OzoneManagerRequestHandler.java:973) ~[ozone-manager-1.4.0-SNAPSHOT.jar:?]
	at org.apache.hadoop.ozone.protocolPB.OzoneManagerRequestHandler.handleReadRequest(OzoneManagerRequestHandler.java:252) ~[ozone-manager-1.4.0-SNAPSHOT.jar:?]
	at org.apache.hadoop.ozone.protocolPB.OzoneManagerProtocolServerSideTranslatorPB.submitRequestDirectlyToOM(OzoneManagerProtocolServerSideTranslatorPB.java:274) ~[ozone-manager-1.4.0-SNAPSHOT.jar:?]
	at org.apache.hadoop.ozone.protocolPB.OzoneManagerProtocolServerSideTranslatorPB.processRequest(OzoneManagerProtocolServerSideTranslatorPB.java:175) ~[ozone-manager-1.4.0-SNAPSHOT.jar:?]
	at org.apache.hadoop.hdds.server.OzoneProtocolMessageDispatcher.processRequest(OzoneProtocolMessageDispatcher.java:87) [hdds-server-framework-1.4.0-SNAPSHOT.jar:?]
	at org.apache.hadoop.ozone.protocolPB.OzoneManagerProtocolServerSideTranslatorPB.submitRequest(OzoneManagerProtocolServerSideTranslatorPB.java:148) [ozone-manager-1.4.0-SNAPSHOT.jar:?]
	at org.apache.hadoop.ozone.protocol.proto.OzoneManagerProtocolProtos$OzoneManagerService$2.callBlockingMethod(OzoneManagerProtocolProtos.java) [ozone-interface-client-1.4.0-SNAPSHOT.jar:?]
	at org.apache.hadoop.ipc.ProtobufRpcEngine$Server.processCall(ProtobufRpcEngine.java:484) [hadoop-common-3.3.6.jar:?]
	at org.apache.hadoop.ipc.ProtobufRpcEngine2$Server$ProtoBufRpcInvoker.call(ProtobufRpcEngine2.java:595) [hadoop-common-3.3.6.jar:?]
	at org.apache.hadoop.ipc.ProtobufRpcEngine2$Server$ProtoBufRpcInvoker.call(ProtobufRpcEngine2.java:573) [hadoop-common-3.3.6.jar:?]
	at org.apache.hadoop.ipc.RPC$Server.call(RPC.java:1227) [hadoop-common-3.3.6.jar:?]
	at org.apache.hadoop.ipc.Server$RpcCall.run(Server.java:1094) [hadoop-common-3.3.6.jar:?]
	at org.apache.hadoop.ipc.Server$RpcCall.run(Server.java:1017) [hadoop-common-3.3.6.jar:?]
	at java.security.AccessController.doPrivileged(Native Method) ~[?:1.8.0_382]
	at javax.security.auth.Subject.doAs(Subject.java:422) [?:1.8.0_382]
	at org.apache.hadoop.security.UserGroupInformation.doAs(UserGroupInformation.java:1899) [hadoop-common-3.3.6.jar:?]
	at org.apache.hadoop.ipc.Server$Handler.run(Server.java:3048) [hadoop-common-3.3.6.jar:?]
18:54:25.152 [IPC Server handler 16 on default port 15057] ERROR OMAudit - user=runner | ip=127.0.0.1 | op=GET_FILE_STATUS {volume=volume92422, bucket=bucket94858, key=testBatchDelete/parent/childFolder/child5, dataSize=0, replicationConfig=null} | ret=FAILURE
org.apache.hadoop.ozone.om.exceptions.OMException: Unable to get file status: volume: volume92422 bucket: bucket94858 key: testBatchDelete/parent/childFolder/child5
	at org.apache.hadoop.ozone.om.KeyManagerImpl.getOzoneFileStatus(KeyManagerImpl.java:1195) ~[ozone-manager-1.4.0-SNAPSHOT.jar:?]
	at org.apache.hadoop.ozone.om.KeyManagerImpl.getFileStatus(KeyManagerImpl.java:1113) ~[ozone-manager-1.4.0-SNAPSHOT.jar:?]
	at org.apache.hadoop.ozone.om.OmMetadataReader.getFileStatus(OmMetadataReader.java:262) ~[ozone-manager-1.4.0-SNAPSHOT.jar:?]
	at org.apache.hadoop.ozone.om.OzoneManager.getFileStatus(OzoneManager.java:3530) ~[ozone-manager-1.4.0-SNAPSHOT.jar:?]
	at org.apache.hadoop.ozone.protocolPB.OzoneManagerRequestHandler.getOzoneFileStatus(OzoneManagerRequestHandler.java:973) ~[ozone-manager-1.4.0-SNAPSHOT.jar:?]
	at org.apache.hadoop.ozone.protocolPB.OzoneManagerRequestHandler.handleReadRequest(OzoneManagerRequestHandler.java:252) ~[ozone-manager-1.4.0-SNAPSHOT.jar:?]
	at org.apache.hadoop.ozone.protocolPB.OzoneManagerProtocolServerSideTranslatorPB.submitRequestDirectlyToOM(OzoneManagerProtocolServerSideTranslatorPB.java:274) ~[ozone-manager-1.4.0-SNAPSHOT.jar:?]
	at org.apache.hadoop.ozone.protocolPB.OzoneManagerProtocolServerSideTranslatorPB.processRequest(OzoneManagerProtocolServerSideTranslatorPB.java:175) ~[ozone-manager-1.4.0-SNAPSHOT.jar:?]
	at org.apache.hadoop.hdds.server.OzoneProtocolMessageDispatcher.processRequest(OzoneProtocolMessageDispatcher.java:87) [hdds-server-framework-1.4.0-SNAPSHOT.jar:?]
	at org.apache.hadoop.ozone.protocolPB.OzoneManagerProtocolServerSideTranslatorPB.submitRequest(OzoneManagerProtocolServerSideTranslatorPB.java:148) [ozone-manager-1.4.0-SNAPSHOT.jar:?]
	at org.apache.hadoop.ozone.protocol.proto.OzoneManagerProtocolProtos$OzoneManagerService$2.callBlockingMethod(OzoneManagerProtocolProtos.java) [ozone-interface-client-1.4.0-SNAPSHOT.jar:?]
	at org.apache.hadoop.ipc.ProtobufRpcEngine$Server.processCall(ProtobufRpcEngine.java:484) [hadoop-common-3.3.6.jar:?]
	at org.apache.hadoop.ipc.ProtobufRpcEngine2$Server$ProtoBufRpcInvoker.call(ProtobufRpcEngine2.java:595) [hadoop-common-3.3.6.jar:?]
	at org.apache.hadoop.ipc.ProtobufRpcEngine2$Server$ProtoBufRpcInvoker.call(ProtobufRpcEngine2.java:573) [hadoop-common-3.3.6.jar:?]
	at org.apache.hadoop.ipc.RPC$Server.call(RPC.java:1227) [hadoop-common-3.3.6.jar:?]
	at org.apache.hadoop.ipc.Server$RpcCall.run(Server.java:1094) [hadoop-common-3.3.6.jar:?]
	at org.apache.hadoop.ipc.Server$RpcCall.run(Server.java:1017) [hadoop-common-3.3.6.jar:?]
	at java.security.AccessController.doPrivileged(Native Method) ~[?:1.8.0_382]
	at javax.security.auth.Subject.doAs(Subject.java:422) [?:1.8.0_382]
	at org.apache.hadoop.security.UserGroupInformation.doAs(UserGroupInformation.java:1899) [hadoop-common-3.3.6.jar:?]
	at org.apache.hadoop.ipc.Server$Handler.run(Server.java:3048) [hadoop-common-3.3.6.jar:?]
18:54:25.153 [IPC Server handler 17 on default port 15057] ERROR OMAudit - user=runner | ip=127.0.0.1 | op=GET_FILE_STATUS {volume=volume92422, bucket=bucket94858, key=testBatchDelete/parent/child6, dataSize=0, replicationConfig=null} | ret=FAILURE
org.apache.hadoop.ozone.om.exceptions.OMException: Unable to get file status: volume: volume92422 bucket: bucket94858 key: testBatchDelete/parent/child6
	at org.apache.hadoop.ozone.om.KeyManagerImpl.getOzoneFileStatus(KeyManagerImpl.java:1195) ~[ozone-manager-1.4.0-SNAPSHOT.jar:?]
	at org.apache.hadoop.ozone.om.KeyManagerImpl.getFileStatus(KeyManagerImpl.java:1113) ~[ozone-manager-1.4.0-SNAPSHOT.jar:?]
	at org.apache.hadoop.ozone.om.OmMetadataReader.getFileStatus(OmMetadataReader.java:262) ~[ozone-manager-1.4.0-SNAPSHOT.jar:?]
	at org.apache.hadoop.ozone.om.OzoneManager.getFileStatus(OzoneManager.java:3530) ~[ozone-manager-1.4.0-SNAPSHOT.jar:?]
	at org.apache.hadoop.ozone.protocolPB.OzoneManagerRequestHandler.getOzoneFileStatus(OzoneManagerRequestHandler.java:973) ~[ozone-manager-1.4.0-SNAPSHOT.jar:?]
	at org.apache.hadoop.ozone.protocolPB.OzoneManagerRequestHandler.handleReadRequest(OzoneManagerRequestHandler.java:252) ~[ozone-manager-1.4.0-SNAPSHOT.jar:?]
	at org.apache.hadoop.ozone.protocolPB.OzoneManagerProtocolServerSideTranslatorPB.submitRequestDirectlyToOM(OzoneManagerProtocolServerSideTranslatorPB.java:274) ~[ozone-manager-1.4.0-SNAPSHOT.jar:?]
	at org.apache.hadoop.ozone.protocolPB.OzoneManagerProtocolServerSideTranslatorPB.processRequest(OzoneManagerProtocolServerSideTranslatorPB.java:175) ~[ozone-manager-1.4.0-SNAPSHOT.jar:?]
	at org.apache.hadoop.hdds.server.OzoneProtocolMessageDispatcher.processRequest(OzoneProtocolMessageDispatcher.java:87) [hdds-server-framework-1.4.0-SNAPSHOT.jar:?]
	at org.apache.hadoop.ozone.protocolPB.OzoneManagerProtocolServerSideTranslatorPB.submitRequest(OzoneManagerProtocolServerSideTranslatorPB.java:148) [ozone-manager-1.4.0-SNAPSHOT.jar:?]
	at org.apache.hadoop.ozone.protocol.proto.OzoneManagerProtocolProtos$OzoneManagerService$2.callBlockingMethod(OzoneManagerProtocolProtos.java) [ozone-interface-client-1.4.0-SNAPSHOT.jar:?]
	at org.apache.hadoop.ipc.ProtobufRpcEngine$Server.processCall(ProtobufRpcEngine.java:484) [hadoop-common-3.3.6.jar:?]
	at org.apache.hadoop.ipc.ProtobufRpcEngine2$Server$ProtoBufRpcInvoker.call(ProtobufRpcEngine2.java:595) [hadoop-common-3.3.6.jar:?]
	at org.apache.hadoop.ipc.ProtobufRpcEngine2$Server$ProtoBufRpcInvoker.call(ProtobufRpcEngine2.java:573) [hadoop-common-3.3.6.jar:?]
	at org.apache.hadoop.ipc.RPC$Server.call(RPC.java:1227) [hadoop-common-3.3.6.jar:?]
	at org.apache.hadoop.ipc.Server$RpcCall.run(Server.java:1094) [hadoop-common-3.3.6.jar:?]
	at org.apache.hadoop.ipc.Server$RpcCall.run(Server.java:1017) [hadoop-common-3.3.6.jar:?]
	at java.security.AccessController.doPrivileged(Native Method) ~[?:1.8.0_382]
	at javax.security.auth.Subject.doAs(Subject.java:422) [?:1.8.0_382]
	at org.apache.hadoop.security.UserGroupInformation.doAs(UserGroupInformation.java:1899) [hadoop-common-3.3.6.jar:?]
	at org.apache.hadoop.ipc.Server$Handler.run(Server.java:3048) [hadoop-common-3.3.6.jar:?]
18:54:25.154 [IPC Server handler 4 on default port 15057] ERROR OMAudit - user=runner | ip=127.0.0.1 | op=GET_FILE_STATUS {volume=volume92422, bucket=bucket94858, key=testBatchDelete/parent/childFolder/child6, dataSize=0, replicationConfig=null} | ret=FAILURE
org.apache.hadoop.ozone.om.exceptions.OMException: Unable to get file status: volume: volume92422 bucket: bucket94858 key: testBatchDelete/parent/childFolder/child6
	at org.apache.hadoop.ozone.om.KeyManagerImpl.getOzoneFileStatus(KeyManagerImpl.java:1195) ~[ozone-manager-1.4.0-SNAPSHOT.jar:?]
	at org.apache.hadoop.ozone.om.KeyManagerImpl.getFileStatus(KeyManagerImpl.java:1113) ~[ozone-manager-1.4.0-SNAPSHOT.jar:?]
	at org.apache.hadoop.ozone.om.OmMetadataReader.getFileStatus(OmMetadataReader.java:262) ~[ozone-manager-1.4.0-SNAPSHOT.jar:?]
	at org.apache.hadoop.ozone.om.OzoneManager.getFileStatus(OzoneManager.java:3530) ~[ozone-manager-1.4.0-SNAPSHOT.jar:?]
	at org.apache.hadoop.ozone.protocolPB.OzoneManagerRequestHandler.getOzoneFileStatus(OzoneManagerRequestHandler.java:973) ~[ozone-manager-1.4.0-SNAPSHOT.jar:?]
	at org.apache.hadoop.ozone.protocolPB.OzoneManagerRequestHandler.handleReadRequest(OzoneManagerRequestHandler.java:252) ~[ozone-manager-1.4.0-SNAPSHOT.jar:?]
	at org.apache.hadoop.ozone.protocolPB.OzoneManagerProtocolServerSideTranslatorPB.submitRequestDirectlyToOM(OzoneManagerProtocolServerSideTranslatorPB.java:274) ~[ozone-manager-1.4.0-SNAPSHOT.jar:?]
	at org.apache.hadoop.ozone.protocolPB.OzoneManagerProtocolServerSideTranslatorPB.processRequest(OzoneManagerProtocolServerSideTranslatorPB.java:175) ~[ozone-manager-1.4.0-SNAPSHOT.jar:?]
	at org.apache.hadoop.hdds.server.OzoneProtocolMessageDispatcher.processRequest(OzoneProtocolMessageDispatcher.java:87) [hdds-server-framework-1.4.0-SNAPSHOT.jar:?]
	at org.apache.hadoop.ozone.protocolPB.OzoneManagerProtocolServerSideTranslatorPB.submitRequest(OzoneManagerProtocolServerSideTranslatorPB.java:148) [ozone-manager-1.4.0-SNAPSHOT.jar:?]
	at org.apache.hadoop.ozone.protocol.proto.OzoneManagerProtocolProtos$OzoneManagerService$2.callBlockingMethod(OzoneManagerProtocolProtos.java) [ozone-interface-client-1.4.0-SNAPSHOT.jar:?]
	at org.apache.hadoop.ipc.ProtobufRpcEngine$Server.processCall(ProtobufRpcEngine.java:484) [hadoop-common-3.3.6.jar:?]
	at org.apache.hadoop.ipc.ProtobufRpcEngine2$Server$ProtoBufRpcInvoker.call(ProtobufRpcEngine2.java:595) [hadoop-common-3.3.6.jar:?]
	at org.apache.hadoop.ipc.ProtobufRpcEngine2$Server$ProtoBufRpcInvoker.call(ProtobufRpcEngine2.java:573) [hadoop-common-3.3.6.jar:?]
	at org.apache.hadoop.ipc.RPC$Server.call(RPC.java:1227) [hadoop-common-3.3.6.jar:?]
	at org.apache.hadoop.ipc.Server$RpcCall.run(Server.java:1094) [hadoop-common-3.3.6.jar:?]
	at org.apache.hadoop.ipc.Server$RpcCall.run(Server.java:1017) [hadoop-common-3.3.6.jar:?]
	at java.security.AccessController.doPrivileged(Native Method) ~[?:1.8.0_382]
	at javax.security.auth.Subject.doAs(Subject.java:422) [?:1.8.0_382]
	at org.apache.hadoop.security.UserGroupInformation.doAs(UserGroupInformation.java:1899) [hadoop-common-3.3.6.jar:?]
	at org.apache.hadoop.ipc.Server$Handler.run(Server.java:3048) [hadoop-common-3.3.6.jar:?]
18:54:25.154 [IPC Server handler 3 on default port 15057] ERROR OMAudit - user=runner | ip=127.0.0.1 | op=GET_FILE_STATUS {volume=volume92422, bucket=bucket94858, key=testBatchDelete/parent/child7, dataSize=0, replicationConfig=null} | ret=FAILURE
org.apache.hadoop.ozone.om.exceptions.OMException: Unable to get file status: volume: volume92422 bucket: bucket94858 key: testBatchDelete/parent/child7
	at org.apache.hadoop.ozone.om.KeyManagerImpl.getOzoneFileStatus(KeyManagerImpl.java:1195) ~[ozone-manager-1.4.0-SNAPSHOT.jar:?]
	at org.apache.hadoop.ozone.om.KeyManagerImpl.getFileStatus(KeyManagerImpl.java:1113) ~[ozone-manager-1.4.0-SNAPSHOT.jar:?]
	at org.apache.hadoop.ozone.om.OmMetadataReader.getFileStatus(OmMetadataReader.java:262) ~[ozone-manager-1.4.0-SNAPSHOT.jar:?]
	at org.apache.hadoop.ozone.om.OzoneManager.getFileStatus(OzoneManager.java:3530) ~[ozone-manager-1.4.0-SNAPSHOT.jar:?]
	at org.apache.hadoop.ozone.protocolPB.OzoneManagerRequestHandler.getOzoneFileStatus(OzoneManagerRequestHandler.java:973) ~[ozone-manager-1.4.0-SNAPSHOT.jar:?]
	at org.apache.hadoop.ozone.protocolPB.OzoneManagerRequestHandler.handleReadRequest(OzoneManagerRequestHandler.java:252) ~[ozone-manager-1.4.0-SNAPSHOT.jar:?]
	at org.apache.hadoop.ozone.protocolPB.OzoneManagerProtocolServerSideTranslatorPB.submitRequestDirectlyToOM(OzoneManagerProtocolServerSideTranslatorPB.java:274) ~[ozone-manager-1.4.0-SNAPSHOT.jar:?]
	at org.apache.hadoop.ozone.protocolPB.OzoneManagerProtocolServerSideTranslatorPB.processRequest(OzoneManagerProtocolServerSideTranslatorPB.java:175) ~[ozone-manager-1.4.0-SNAPSHOT.jar:?]
	at org.apache.hadoop.hdds.server.OzoneProtocolMessageDispatcher.processRequest(OzoneProtocolMessageDispatcher.java:87) [hdds-server-framework-1.4.0-SNAPSHOT.jar:?]
	at org.apache.hadoop.ozone.protocolPB.OzoneManagerProtocolServerSideTranslatorPB.submitRequest(OzoneManagerProtocolServerSideTranslatorPB.java:148) [ozone-manager-1.4.0-SNAPSHOT.jar:?]
	at org.apache.hadoop.ozone.protocol.proto.OzoneManagerProtocolProtos$OzoneManagerService$2.callBlockingMethod(OzoneManagerProtocolProtos.java) [ozone-interface-client-1.4.0-SNAPSHOT.jar:?]
	at org.apache.hadoop.ipc.ProtobufRpcEngine$Server.processCall(ProtobufRpcEngine.java:484) [hadoop-common-3.3.6.jar:?]
	at org.apache.hadoop.ipc.ProtobufRpcEngine2$Server$ProtoBufRpcInvoker.call(ProtobufRpcEngine2.java:595) [hadoop-common-3.3.6.jar:?]
	at org.apache.hadoop.ipc.ProtobufRpcEngine2$Server$ProtoBufRpcInvoker.call(ProtobufRpcEngine2.java:573) [hadoop-common-3.3.6.jar:?]
	at org.apache.hadoop.ipc.RPC$Server.call(RPC.java:1227) [hadoop-common-3.3.6.jar:?]
	at org.apache.hadoop.ipc.Server$RpcCall.run(Server.java:1094) [hadoop-common-3.3.6.jar:?]
	at org.apache.hadoop.ipc.Server$RpcCall.run(Server.java:1017) [hadoop-common-3.3.6.jar:?]
	at java.security.AccessController.doPrivileged(Native Method) ~[?:1.8.0_382]
	at javax.security.auth.Subject.doAs(Subject.java:422) [?:1.8.0_382]
	at org.apache.hadoop.security.UserGroupInformation.doAs(UserGroupInformation.java:1899) [hadoop-common-3.3.6.jar:?]
	at org.apache.hadoop.ipc.Server$Handler.run(Server.java:3048) [hadoop-common-3.3.6.jar:?]
18:54:25.157 [IPC Server handler 2 on default port 15057] ERROR OMAudit - user=runner | ip=127.0.0.1 | op=GET_FILE_STATUS {volume=volume92422, bucket=bucket94858, key=testBatchDelete/parent/childFolder/child7, dataSize=0, replicationConfig=null} | ret=FAILURE
org.apache.hadoop.ozone.om.exceptions.OMException: Unable to get file status: volume: volume92422 bucket: bucket94858 key: testBatchDelete/parent/childFolder/child7
	at org.apache.hadoop.ozone.om.KeyManagerImpl.getOzoneFileStatus(KeyManagerImpl.java:1195) ~[ozone-manager-1.4.0-SNAPSHOT.jar:?]
	at org.apache.hadoop.ozone.om.KeyManagerImpl.getFileStatus(KeyManagerImpl.java:1113) ~[ozone-manager-1.4.0-SNAPSHOT.jar:?]
	at org.apache.hadoop.ozone.om.OmMetadataReader.getFileStatus(OmMetadataReader.java:262) ~[ozone-manager-1.4.0-SNAPSHOT.jar:?]
	at org.apache.hadoop.ozone.om.OzoneManager.getFileStatus(OzoneManager.java:3530) ~[ozone-manager-1.4.0-SNAPSHOT.jar:?]
	at org.apache.hadoop.ozone.protocolPB.OzoneManagerRequestHandler.getOzoneFileStatus(OzoneManagerRequestHandler.java:973) ~[ozone-manager-1.4.0-SNAPSHOT.jar:?]
	at org.apache.hadoop.ozone.protocolPB.OzoneManagerRequestHandler.handleReadRequest(OzoneManagerRequestHandler.java:252) ~[ozone-manager-1.4.0-SNAPSHOT.jar:?]
	at org.apache.hadoop.ozone.protocolPB.OzoneManagerProtocolServerSideTranslatorPB.submitRequestDirectlyToOM(OzoneManagerProtocolServerSideTranslatorPB.java:274) ~[ozone-manager-1.4.0-SNAPSHOT.jar:?]
	at org.apache.hadoop.ozone.protocolPB.OzoneManagerProtocolServerSideTranslatorPB.processRequest(OzoneManagerProtocolServerSideTranslatorPB.java:175) ~[ozone-manager-1.4.0-SNAPSHOT.jar:?]
	at org.apache.hadoop.hdds.server.OzoneProtocolMessageDispatcher.processRequest(OzoneProtocolMessageDispatcher.java:87) [hdds-server-framework-1.4.0-SNAPSHOT.jar:?]
	at org.apache.hadoop.ozone.protocolPB.OzoneManagerProtocolServerSideTranslatorPB.submitRequest(OzoneManagerProtocolServerSideTranslatorPB.java:148) [ozone-manager-1.4.0-SNAPSHOT.jar:?]
	at org.apache.hadoop.ozone.protocol.proto.OzoneManagerProtocolProtos$OzoneManagerService$2.callBlockingMethod(OzoneManagerProtocolProtos.java) [ozone-interface-client-1.4.0-SNAPSHOT.jar:?]
	at org.apache.hadoop.ipc.ProtobufRpcEngine$Server.processCall(ProtobufRpcEngine.java:484) [hadoop-common-3.3.6.jar:?]
	at org.apache.hadoop.ipc.ProtobufRpcEngine2$Server$ProtoBufRpcInvoker.call(ProtobufRpcEngine2.java:595) [hadoop-common-3.3.6.jar:?]
	at org.apache.hadoop.ipc.ProtobufRpcEngine2$Server$ProtoBufRpcInvoker.call(ProtobufRpcEngine2.java:573) [hadoop-common-3.3.6.jar:?]
	at org.apache.hadoop.ipc.RPC$Server.call(RPC.java:1227) [hadoop-common-3.3.6.jar:?]
	at org.apache.hadoop.ipc.Server$RpcCall.run(Server.java:1094) [hadoop-common-3.3.6.jar:?]
	at org.apache.hadoop.ipc.Server$RpcCall.run(Server.java:1017) [hadoop-common-3.3.6.jar:?]
	at java.security.AccessController.doPrivileged(Native Method) ~[?:1.8.0_382]
	at javax.security.auth.Subject.doAs(Subject.java:422) [?:1.8.0_382]
	at org.apache.hadoop.security.UserGroupInformation.doAs(UserGroupInformation.java:1899) [hadoop-common-3.3.6.jar:?]
	at org.apache.hadoop.ipc.Server$Handler.run(Server.java:3048) [hadoop-common-3.3.6.jar:?]
18:54:25.157 [IPC Server handler 1 on default port 15057] ERROR OMAudit - user=runner | ip=127.0.0.1 | op=GET_FILE_STATUS {volume=volume92422, bucket=bucket94858, key=testBatchDelete/parent, dataSize=0, replicationConfig=null} | ret=FAILURE
org.apache.hadoop.ozone.om.exceptions.OMException: Unable to get file status: volume: volume92422 bucket: bucket94858 key: testBatchDelete/parent
	at org.apache.hadoop.ozone.om.KeyManagerImpl.getOzoneFileStatus(KeyManagerImpl.java:1195) ~[ozone-manager-1.4.0-SNAPSHOT.jar:?]
	at org.apache.hadoop.ozone.om.KeyManagerImpl.getFileStatus(KeyManagerImpl.java:1113) ~[ozone-manager-1.4.0-SNAPSHOT.jar:?]
	at org.apache.hadoop.ozone.om.OmMetadataReader.getFileStatus(OmMetadataReader.java:262) ~[ozone-manager-1.4.0-SNAPSHOT.jar:?]
	at org.apache.hadoop.ozone.om.OzoneManager.getFileStatus(OzoneManager.java:3530) ~[ozone-manager-1.4.0-SNAPSHOT.jar:?]
	at org.apache.hadoop.ozone.protocolPB.OzoneManagerRequestHandler.getOzoneFileStatus(OzoneManagerRequestHandler.java:973) ~[ozone-manager-1.4.0-SNAPSHOT.jar:?]
	at org.apache.hadoop.ozone.protocolPB.OzoneManagerRequestHandler.handleReadRequest(OzoneManagerRequestHandler.java:252) ~[ozone-manager-1.4.0-SNAPSHOT.jar:?]
	at org.apache.hadoop.ozone.protocolPB.OzoneManagerProtocolServerSideTranslatorPB.submitRequestDirectlyToOM(OzoneManagerProtocolServerSideTranslatorPB.java:274) ~[ozone-manager-1.4.0-SNAPSHOT.jar:?]
	at org.apache.hadoop.ozone.protocolPB.OzoneManagerProtocolServerSideTranslatorPB.processRequest(OzoneManagerProtocolServerSideTranslatorPB.java:175) ~[ozone-manager-1.4.0-SNAPSHOT.jar:?]
	at org.apache.hadoop.hdds.server.OzoneProtocolMessageDispatcher.processRequest(OzoneProtocolMessageDispatcher.java:87) [hdds-server-framework-1.4.0-SNAPSHOT.jar:?]
	at org.apache.hadoop.ozone.protocolPB.OzoneManagerProtocolServerSideTranslatorPB.submitRequest(OzoneManagerProtocolServerSideTranslatorPB.java:148) [ozone-manager-1.4.0-SNAPSHOT.jar:?]
	at org.apache.hadoop.ozone.protocol.proto.OzoneManagerProtocolProtos$OzoneManagerService$2.callBlockingMethod(OzoneManagerProtocolProtos.java) [ozone-interface-client-1.4.0-SNAPSHOT.jar:?]
	at org.apache.hadoop.ipc.ProtobufRpcEngine$Server.processCall(ProtobufRpcEngine.java:484) [hadoop-common-3.3.6.jar:?]
	at org.apache.hadoop.ipc.ProtobufRpcEngine2$Server$ProtoBufRpcInvoker.call(ProtobufRpcEngine2.java:595) [hadoop-common-3.3.6.jar:?]
	at org.apache.hadoop.ipc.ProtobufRpcEngine2$Server$ProtoBufRpcInvoker.call(ProtobufRpcEngine2.java:573) [hadoop-common-3.3.6.jar:?]
	at org.apache.hadoop.ipc.RPC$Server.call(RPC.java:1227) [hadoop-common-3.3.6.jar:?]
	at org.apache.hadoop.ipc.Server$RpcCall.run(Server.java:1094) [hadoop-common-3.3.6.jar:?]
	at org.apache.hadoop.ipc.Server$RpcCall.run(Server.java:1017) [hadoop-common-3.3.6.jar:?]
	at java.security.AccessController.doPrivileged(Native Method) ~[?:1.8.0_382]
	at javax.security.auth.Subject.doAs(Subject.java:422) [?:1.8.0_382]
	at org.apache.hadoop.security.UserGroupInformation.doAs(UserGroupInformation.java:1899) [hadoop-common-3.3.6.jar:?]
	at org.apache.hadoop.ipc.Server$Handler.run(Server.java:3048) [hadoop-common-3.3.6.jar:?]
2023-08-29 18:54:25,158 [Time-limited test] WARN  ozone.BasicOzoneFileSystem (BasicOzoneFileSystem.java:delete(595)) - delete: Path does not exist: /testBatchDelete/parent
]]></system-out>
  </testcase>
  <testcase name="testFileDelete" classname="TestOzoneFileSystem" time="0.111">
    <system-out><![CDATA[18:55:26.108 [IPC Server handler 18 on default port 15110] ERROR OMAudit - user=runner | ip=127.0.0.1 | op=GET_FILE_STATUS {volume=volume95024, bucket=bucket37863, key=testBatchDelete, dataSize=0, replicationConfig=null} | ret=FAILURE
org.apache.hadoop.ozone.om.exceptions.OMException: Unable to get file status: volume: volume95024 bucket: bucket37863 key: testBatchDelete
	at org.apache.hadoop.ozone.om.KeyManagerImpl.getOzoneFileStatus(KeyManagerImpl.java:1195) ~[ozone-manager-1.4.0-SNAPSHOT.jar:?]
	at org.apache.hadoop.ozone.om.KeyManagerImpl.getFileStatus(KeyManagerImpl.java:1113) ~[ozone-manager-1.4.0-SNAPSHOT.jar:?]
	at org.apache.hadoop.ozone.om.OmMetadataReader.getFileStatus(OmMetadataReader.java:262) ~[ozone-manager-1.4.0-SNAPSHOT.jar:?]
	at org.apache.hadoop.ozone.om.OzoneManager.getFileStatus(OzoneManager.java:3530) ~[ozone-manager-1.4.0-SNAPSHOT.jar:?]
	at org.apache.hadoop.ozone.protocolPB.OzoneManagerRequestHandler.getOzoneFileStatus(OzoneManagerRequestHandler.java:973) ~[ozone-manager-1.4.0-SNAPSHOT.jar:?]
	at org.apache.hadoop.ozone.protocolPB.OzoneManagerRequestHandler.handleReadRequest(OzoneManagerRequestHandler.java:252) ~[ozone-manager-1.4.0-SNAPSHOT.jar:?]
	at org.apache.hadoop.ozone.protocolPB.OzoneManagerProtocolServerSideTranslatorPB.submitReadRequestToOM(OzoneManagerProtocolServerSideTranslatorPB.java:225) ~[ozone-manager-1.4.0-SNAPSHOT.jar:?]
	at org.apache.hadoop.ozone.protocolPB.OzoneManagerProtocolServerSideTranslatorPB.processRequest(OzoneManagerProtocolServerSideTranslatorPB.java:179) ~[ozone-manager-1.4.0-SNAPSHOT.jar:?]
	at org.apache.hadoop.hdds.server.OzoneProtocolMessageDispatcher.processRequest(OzoneProtocolMessageDispatcher.java:87) [hdds-server-framework-1.4.0-SNAPSHOT.jar:?]
	at org.apache.hadoop.ozone.protocolPB.OzoneManagerProtocolServerSideTranslatorPB.submitRequest(OzoneManagerProtocolServerSideTranslatorPB.java:148) [ozone-manager-1.4.0-SNAPSHOT.jar:?]
	at org.apache.hadoop.ozone.protocol.proto.OzoneManagerProtocolProtos$OzoneManagerService$2.callBlockingMethod(OzoneManagerProtocolProtos.java) [ozone-interface-client-1.4.0-SNAPSHOT.jar:?]
	at org.apache.hadoop.ipc.ProtobufRpcEngine$Server.processCall(ProtobufRpcEngine.java:484) [hadoop-common-3.3.6.jar:?]
	at org.apache.hadoop.ipc.ProtobufRpcEngine2$Server$ProtoBufRpcInvoker.call(ProtobufRpcEngine2.java:595) [hadoop-common-3.3.6.jar:?]
	at org.apache.hadoop.ipc.ProtobufRpcEngine2$Server$ProtoBufRpcInvoker.call(ProtobufRpcEngine2.java:573) [hadoop-common-3.3.6.jar:?]
	at org.apache.hadoop.ipc.RPC$Server.call(RPC.java:1227) [hadoop-common-3.3.6.jar:?]
	at org.apache.hadoop.ipc.Server$RpcCall.run(Server.java:1094) [hadoop-common-3.3.6.jar:?]
	at org.apache.hadoop.ipc.Server$RpcCall.run(Server.java:1017) [hadoop-common-3.3.6.jar:?]
	at java.security.AccessController.doPrivileged(Native Method) ~[?:1.8.0_382]
	at javax.security.auth.Subject.doAs(Subject.java:422) [?:1.8.0_382]
	at org.apache.hadoop.security.UserGroupInformation.doAs(UserGroupInformation.java:1899) [hadoop-common-3.3.6.jar:?]
	at org.apache.hadoop.ipc.Server$Handler.run(Server.java:3048) [hadoop-common-3.3.6.jar:?]
18:55:26.109 [IPC Server handler 19 on default port 15110] ERROR OMAudit - user=runner | ip=127.0.0.1 | op=GET_FILE_STATUS {volume=volume95024, bucket=bucket37863, key=testBatchDelete/parent/child0, dataSize=0, replicationConfig=null} | ret=FAILURE
org.apache.hadoop.ozone.om.exceptions.OMException: Unable to get file status: volume: volume95024 bucket: bucket37863 key: testBatchDelete/parent/child0
	at org.apache.hadoop.ozone.om.KeyManagerImpl.getOzoneFileStatus(KeyManagerImpl.java:1195) ~[ozone-manager-1.4.0-SNAPSHOT.jar:?]
	at org.apache.hadoop.ozone.om.KeyManagerImpl.getFileStatus(KeyManagerImpl.java:1113) ~[ozone-manager-1.4.0-SNAPSHOT.jar:?]
	at org.apache.hadoop.ozone.om.OmMetadataReader.getFileStatus(OmMetadataReader.java:262) ~[ozone-manager-1.4.0-SNAPSHOT.jar:?]
	at org.apache.hadoop.ozone.om.OzoneManager.getFileStatus(OzoneManager.java:3530) ~[ozone-manager-1.4.0-SNAPSHOT.jar:?]
	at org.apache.hadoop.ozone.protocolPB.OzoneManagerRequestHandler.getOzoneFileStatus(OzoneManagerRequestHandler.java:973) ~[ozone-manager-1.4.0-SNAPSHOT.jar:?]
	at org.apache.hadoop.ozone.protocolPB.OzoneManagerRequestHandler.handleReadRequest(OzoneManagerRequestHandler.java:252) ~[ozone-manager-1.4.0-SNAPSHOT.jar:?]
	at org.apache.hadoop.ozone.protocolPB.OzoneManagerProtocolServerSideTranslatorPB.submitReadRequestToOM(OzoneManagerProtocolServerSideTranslatorPB.java:225) ~[ozone-manager-1.4.0-SNAPSHOT.jar:?]
	at org.apache.hadoop.ozone.protocolPB.OzoneManagerProtocolServerSideTranslatorPB.processRequest(OzoneManagerProtocolServerSideTranslatorPB.java:179) ~[ozone-manager-1.4.0-SNAPSHOT.jar:?]
	at org.apache.hadoop.hdds.server.OzoneProtocolMessageDispatcher.processRequest(OzoneProtocolMessageDispatcher.java:87) [hdds-server-framework-1.4.0-SNAPSHOT.jar:?]
	at org.apache.hadoop.ozone.protocolPB.OzoneManagerProtocolServerSideTranslatorPB.submitRequest(OzoneManagerProtocolServerSideTranslatorPB.java:148) [ozone-manager-1.4.0-SNAPSHOT.jar:?]
	at org.apache.hadoop.ozone.protocol.proto.OzoneManagerProtocolProtos$OzoneManagerService$2.callBlockingMethod(OzoneManagerProtocolProtos.java) [ozone-interface-client-1.4.0-SNAPSHOT.jar:?]
	at org.apache.hadoop.ipc.ProtobufRpcEngine$Server.processCall(ProtobufRpcEngine.java:484) [hadoop-common-3.3.6.jar:?]
	at org.apache.hadoop.ipc.ProtobufRpcEngine2$Server$ProtoBufRpcInvoker.call(ProtobufRpcEngine2.java:595) [hadoop-common-3.3.6.jar:?]
	at org.apache.hadoop.ipc.ProtobufRpcEngine2$Server$ProtoBufRpcInvoker.call(ProtobufRpcEngine2.java:573) [hadoop-common-3.3.6.jar:?]
	at org.apache.hadoop.ipc.RPC$Server.call(RPC.java:1227) [hadoop-common-3.3.6.jar:?]
	at org.apache.hadoop.ipc.Server$RpcCall.run(Server.java:1094) [hadoop-common-3.3.6.jar:?]
	at org.apache.hadoop.ipc.Server$RpcCall.run(Server.java:1017) [hadoop-common-3.3.6.jar:?]
	at java.security.AccessController.doPrivileged(Native Method) ~[?:1.8.0_382]
	at javax.security.auth.Subject.doAs(Subject.java:422) [?:1.8.0_382]
	at org.apache.hadoop.security.UserGroupInformation.doAs(UserGroupInformation.java:1899) [hadoop-common-3.3.6.jar:?]
	at org.apache.hadoop.ipc.Server$Handler.run(Server.java:3048) [hadoop-common-3.3.6.jar:?]
18:55:26.109 [IPC Server handler 0 on default port 15110] ERROR OMAudit - user=runner | ip=127.0.0.1 | op=GET_FILE_STATUS {volume=volume95024, bucket=bucket37863, key=testBatchDelete/parent/childFolder/child0, dataSize=0, replicationConfig=null} | ret=FAILURE
org.apache.hadoop.ozone.om.exceptions.OMException: Unable to get file status: volume: volume95024 bucket: bucket37863 key: testBatchDelete/parent/childFolder/child0
	at org.apache.hadoop.ozone.om.KeyManagerImpl.getOzoneFileStatus(KeyManagerImpl.java:1195) ~[ozone-manager-1.4.0-SNAPSHOT.jar:?]
	at org.apache.hadoop.ozone.om.KeyManagerImpl.getFileStatus(KeyManagerImpl.java:1113) ~[ozone-manager-1.4.0-SNAPSHOT.jar:?]
	at org.apache.hadoop.ozone.om.OmMetadataReader.getFileStatus(OmMetadataReader.java:262) ~[ozone-manager-1.4.0-SNAPSHOT.jar:?]
	at org.apache.hadoop.ozone.om.OzoneManager.getFileStatus(OzoneManager.java:3530) ~[ozone-manager-1.4.0-SNAPSHOT.jar:?]
	at org.apache.hadoop.ozone.protocolPB.OzoneManagerRequestHandler.getOzoneFileStatus(OzoneManagerRequestHandler.java:973) ~[ozone-manager-1.4.0-SNAPSHOT.jar:?]
	at org.apache.hadoop.ozone.protocolPB.OzoneManagerRequestHandler.handleReadRequest(OzoneManagerRequestHandler.java:252) ~[ozone-manager-1.4.0-SNAPSHOT.jar:?]
	at org.apache.hadoop.ozone.protocolPB.OzoneManagerProtocolServerSideTranslatorPB.submitReadRequestToOM(OzoneManagerProtocolServerSideTranslatorPB.java:225) ~[ozone-manager-1.4.0-SNAPSHOT.jar:?]
	at org.apache.hadoop.ozone.protocolPB.OzoneManagerProtocolServerSideTranslatorPB.processRequest(OzoneManagerProtocolServerSideTranslatorPB.java:179) ~[ozone-manager-1.4.0-SNAPSHOT.jar:?]
	at org.apache.hadoop.hdds.server.OzoneProtocolMessageDispatcher.processRequest(OzoneProtocolMessageDispatcher.java:87) [hdds-server-framework-1.4.0-SNAPSHOT.jar:?]
	at org.apache.hadoop.ozone.protocolPB.OzoneManagerProtocolServerSideTranslatorPB.submitRequest(OzoneManagerProtocolServerSideTranslatorPB.java:148) [ozone-manager-1.4.0-SNAPSHOT.jar:?]
	at org.apache.hadoop.ozone.protocol.proto.OzoneManagerProtocolProtos$OzoneManagerService$2.callBlockingMethod(OzoneManagerProtocolProtos.java) [ozone-interface-client-1.4.0-SNAPSHOT.jar:?]
	at org.apache.hadoop.ipc.ProtobufRpcEngine$Server.processCall(ProtobufRpcEngine.java:484) [hadoop-common-3.3.6.jar:?]
	at org.apache.hadoop.ipc.ProtobufRpcEngine2$Server$ProtoBufRpcInvoker.call(ProtobufRpcEngine2.java:595) [hadoop-common-3.3.6.jar:?]
	at org.apache.hadoop.ipc.ProtobufRpcEngine2$Server$ProtoBufRpcInvoker.call(ProtobufRpcEngine2.java:573) [hadoop-common-3.3.6.jar:?]
	at org.apache.hadoop.ipc.RPC$Server.call(RPC.java:1227) [hadoop-common-3.3.6.jar:?]
	at org.apache.hadoop.ipc.Server$RpcCall.run(Server.java:1094) [hadoop-common-3.3.6.jar:?]
	at org.apache.hadoop.ipc.Server$RpcCall.run(Server.java:1017) [hadoop-common-3.3.6.jar:?]
	at java.security.AccessController.doPrivileged(Native Method) ~[?:1.8.0_382]
	at javax.security.auth.Subject.doAs(Subject.java:422) [?:1.8.0_382]
	at org.apache.hadoop.security.UserGroupInformation.doAs(UserGroupInformation.java:1899) [hadoop-common-3.3.6.jar:?]
	at org.apache.hadoop.ipc.Server$Handler.run(Server.java:3048) [hadoop-common-3.3.6.jar:?]
18:55:26.110 [IPC Server handler 2 on default port 15110] ERROR OMAudit - user=runner | ip=127.0.0.1 | op=GET_FILE_STATUS {volume=volume95024, bucket=bucket37863, key=testBatchDelete/parent/child1, dataSize=0, replicationConfig=null} | ret=FAILURE
org.apache.hadoop.ozone.om.exceptions.OMException: Unable to get file status: volume: volume95024 bucket: bucket37863 key: testBatchDelete/parent/child1
	at org.apache.hadoop.ozone.om.KeyManagerImpl.getOzoneFileStatus(KeyManagerImpl.java:1195) ~[ozone-manager-1.4.0-SNAPSHOT.jar:?]
	at org.apache.hadoop.ozone.om.KeyManagerImpl.getFileStatus(KeyManagerImpl.java:1113) ~[ozone-manager-1.4.0-SNAPSHOT.jar:?]
	at org.apache.hadoop.ozone.om.OmMetadataReader.getFileStatus(OmMetadataReader.java:262) ~[ozone-manager-1.4.0-SNAPSHOT.jar:?]
	at org.apache.hadoop.ozone.om.OzoneManager.getFileStatus(OzoneManager.java:3530) ~[ozone-manager-1.4.0-SNAPSHOT.jar:?]
	at org.apache.hadoop.ozone.protocolPB.OzoneManagerRequestHandler.getOzoneFileStatus(OzoneManagerRequestHandler.java:973) ~[ozone-manager-1.4.0-SNAPSHOT.jar:?]
	at org.apache.hadoop.ozone.protocolPB.OzoneManagerRequestHandler.handleReadRequest(OzoneManagerRequestHandler.java:252) ~[ozone-manager-1.4.0-SNAPSHOT.jar:?]
	at org.apache.hadoop.ozone.protocolPB.OzoneManagerProtocolServerSideTranslatorPB.submitReadRequestToOM(OzoneManagerProtocolServerSideTranslatorPB.java:225) ~[ozone-manager-1.4.0-SNAPSHOT.jar:?]
	at org.apache.hadoop.ozone.protocolPB.OzoneManagerProtocolServerSideTranslatorPB.processRequest(OzoneManagerProtocolServerSideTranslatorPB.java:179) ~[ozone-manager-1.4.0-SNAPSHOT.jar:?]
	at org.apache.hadoop.hdds.server.OzoneProtocolMessageDispatcher.processRequest(OzoneProtocolMessageDispatcher.java:87) [hdds-server-framework-1.4.0-SNAPSHOT.jar:?]
	at org.apache.hadoop.ozone.protocolPB.OzoneManagerProtocolServerSideTranslatorPB.submitRequest(OzoneManagerProtocolServerSideTranslatorPB.java:148) [ozone-manager-1.4.0-SNAPSHOT.jar:?]
	at org.apache.hadoop.ozone.protocol.proto.OzoneManagerProtocolProtos$OzoneManagerService$2.callBlockingMethod(OzoneManagerProtocolProtos.java) [ozone-interface-client-1.4.0-SNAPSHOT.jar:?]
	at org.apache.hadoop.ipc.ProtobufRpcEngine$Server.processCall(ProtobufRpcEngine.java:484) [hadoop-common-3.3.6.jar:?]
	at org.apache.hadoop.ipc.ProtobufRpcEngine2$Server$ProtoBufRpcInvoker.call(ProtobufRpcEngine2.java:595) [hadoop-common-3.3.6.jar:?]
	at org.apache.hadoop.ipc.ProtobufRpcEngine2$Server$ProtoBufRpcInvoker.call(ProtobufRpcEngine2.java:573) [hadoop-common-3.3.6.jar:?]
	at org.apache.hadoop.ipc.RPC$Server.call(RPC.java:1227) [hadoop-common-3.3.6.jar:?]
	at org.apache.hadoop.ipc.Server$RpcCall.run(Server.java:1094) [hadoop-common-3.3.6.jar:?]
	at org.apache.hadoop.ipc.Server$RpcCall.run(Server.java:1017) [hadoop-common-3.3.6.jar:?]
	at java.security.AccessController.doPrivileged(Native Method) ~[?:1.8.0_382]
	at javax.security.auth.Subject.doAs(Subject.java:422) [?:1.8.0_382]
	at org.apache.hadoop.security.UserGroupInformation.doAs(UserGroupInformation.java:1899) [hadoop-common-3.3.6.jar:?]
	at org.apache.hadoop.ipc.Server$Handler.run(Server.java:3048) [hadoop-common-3.3.6.jar:?]
18:55:26.111 [IPC Server handler 1 on default port 15110] ERROR OMAudit - user=runner | ip=127.0.0.1 | op=GET_FILE_STATUS {volume=volume95024, bucket=bucket37863, key=testBatchDelete/parent/childFolder/child1, dataSize=0, replicationConfig=null} | ret=FAILURE
org.apache.hadoop.ozone.om.exceptions.OMException: Unable to get file status: volume: volume95024 bucket: bucket37863 key: testBatchDelete/parent/childFolder/child1
	at org.apache.hadoop.ozone.om.KeyManagerImpl.getOzoneFileStatus(KeyManagerImpl.java:1195) ~[ozone-manager-1.4.0-SNAPSHOT.jar:?]
	at org.apache.hadoop.ozone.om.KeyManagerImpl.getFileStatus(KeyManagerImpl.java:1113) ~[ozone-manager-1.4.0-SNAPSHOT.jar:?]
	at org.apache.hadoop.ozone.om.OmMetadataReader.getFileStatus(OmMetadataReader.java:262) ~[ozone-manager-1.4.0-SNAPSHOT.jar:?]
	at org.apache.hadoop.ozone.om.OzoneManager.getFileStatus(OzoneManager.java:3530) ~[ozone-manager-1.4.0-SNAPSHOT.jar:?]
	at org.apache.hadoop.ozone.protocolPB.OzoneManagerRequestHandler.getOzoneFileStatus(OzoneManagerRequestHandler.java:973) ~[ozone-manager-1.4.0-SNAPSHOT.jar:?]
	at org.apache.hadoop.ozone.protocolPB.OzoneManagerRequestHandler.handleReadRequest(OzoneManagerRequestHandler.java:252) ~[ozone-manager-1.4.0-SNAPSHOT.jar:?]
	at org.apache.hadoop.ozone.protocolPB.OzoneManagerProtocolServerSideTranslatorPB.submitReadRequestToOM(OzoneManagerProtocolServerSideTranslatorPB.java:225) ~[ozone-manager-1.4.0-SNAPSHOT.jar:?]
	at org.apache.hadoop.ozone.protocolPB.OzoneManagerProtocolServerSideTranslatorPB.processRequest(OzoneManagerProtocolServerSideTranslatorPB.java:179) ~[ozone-manager-1.4.0-SNAPSHOT.jar:?]
	at org.apache.hadoop.hdds.server.OzoneProtocolMessageDispatcher.processRequest(OzoneProtocolMessageDispatcher.java:87) [hdds-server-framework-1.4.0-SNAPSHOT.jar:?]
	at org.apache.hadoop.ozone.protocolPB.OzoneManagerProtocolServerSideTranslatorPB.submitRequest(OzoneManagerProtocolServerSideTranslatorPB.java:148) [ozone-manager-1.4.0-SNAPSHOT.jar:?]
	at org.apache.hadoop.ozone.protocol.proto.OzoneManagerProtocolProtos$OzoneManagerService$2.callBlockingMethod(OzoneManagerProtocolProtos.java) [ozone-interface-client-1.4.0-SNAPSHOT.jar:?]
	at org.apache.hadoop.ipc.ProtobufRpcEngine$Server.processCall(ProtobufRpcEngine.java:484) [hadoop-common-3.3.6.jar:?]
	at org.apache.hadoop.ipc.ProtobufRpcEngine2$Server$ProtoBufRpcInvoker.call(ProtobufRpcEngine2.java:595) [hadoop-common-3.3.6.jar:?]
	at org.apache.hadoop.ipc.ProtobufRpcEngine2$Server$ProtoBufRpcInvoker.call(ProtobufRpcEngine2.java:573) [hadoop-common-3.3.6.jar:?]
	at org.apache.hadoop.ipc.RPC$Server.call(RPC.java:1227) [hadoop-common-3.3.6.jar:?]
	at org.apache.hadoop.ipc.Server$RpcCall.run(Server.java:1094) [hadoop-common-3.3.6.jar:?]
	at org.apache.hadoop.ipc.Server$RpcCall.run(Server.java:1017) [hadoop-common-3.3.6.jar:?]
	at java.security.AccessController.doPrivileged(Native Method) ~[?:1.8.0_382]
	at javax.security.auth.Subject.doAs(Subject.java:422) [?:1.8.0_382]
	at org.apache.hadoop.security.UserGroupInformation.doAs(UserGroupInformation.java:1899) [hadoop-common-3.3.6.jar:?]
	at org.apache.hadoop.ipc.Server$Handler.run(Server.java:3048) [hadoop-common-3.3.6.jar:?]
18:55:26.112 [IPC Server handler 3 on default port 15110] ERROR OMAudit - user=runner | ip=127.0.0.1 | op=GET_FILE_STATUS {volume=volume95024, bucket=bucket37863, key=testBatchDelete/parent/child2, dataSize=0, replicationConfig=null} | ret=FAILURE
org.apache.hadoop.ozone.om.exceptions.OMException: Unable to get file status: volume: volume95024 bucket: bucket37863 key: testBatchDelete/parent/child2
	at org.apache.hadoop.ozone.om.KeyManagerImpl.getOzoneFileStatus(KeyManagerImpl.java:1195) ~[ozone-manager-1.4.0-SNAPSHOT.jar:?]
	at org.apache.hadoop.ozone.om.KeyManagerImpl.getFileStatus(KeyManagerImpl.java:1113) ~[ozone-manager-1.4.0-SNAPSHOT.jar:?]
	at org.apache.hadoop.ozone.om.OmMetadataReader.getFileStatus(OmMetadataReader.java:262) ~[ozone-manager-1.4.0-SNAPSHOT.jar:?]
	at org.apache.hadoop.ozone.om.OzoneManager.getFileStatus(OzoneManager.java:3530) ~[ozone-manager-1.4.0-SNAPSHOT.jar:?]
	at org.apache.hadoop.ozone.protocolPB.OzoneManagerRequestHandler.getOzoneFileStatus(OzoneManagerRequestHandler.java:973) ~[ozone-manager-1.4.0-SNAPSHOT.jar:?]
	at org.apache.hadoop.ozone.protocolPB.OzoneManagerRequestHandler.handleReadRequest(OzoneManagerRequestHandler.java:252) ~[ozone-manager-1.4.0-SNAPSHOT.jar:?]
	at org.apache.hadoop.ozone.protocolPB.OzoneManagerProtocolServerSideTranslatorPB.submitReadRequestToOM(OzoneManagerProtocolServerSideTranslatorPB.java:225) ~[ozone-manager-1.4.0-SNAPSHOT.jar:?]
	at org.apache.hadoop.ozone.protocolPB.OzoneManagerProtocolServerSideTranslatorPB.processRequest(OzoneManagerProtocolServerSideTranslatorPB.java:179) ~[ozone-manager-1.4.0-SNAPSHOT.jar:?]
	at org.apache.hadoop.hdds.server.OzoneProtocolMessageDispatcher.processRequest(OzoneProtocolMessageDispatcher.java:87) [hdds-server-framework-1.4.0-SNAPSHOT.jar:?]
	at org.apache.hadoop.ozone.protocolPB.OzoneManagerProtocolServerSideTranslatorPB.submitRequest(OzoneManagerProtocolServerSideTranslatorPB.java:148) [ozone-manager-1.4.0-SNAPSHOT.jar:?]
	at org.apache.hadoop.ozone.protocol.proto.OzoneManagerProtocolProtos$OzoneManagerService$2.callBlockingMethod(OzoneManagerProtocolProtos.java) [ozone-interface-client-1.4.0-SNAPSHOT.jar:?]
	at org.apache.hadoop.ipc.ProtobufRpcEngine$Server.processCall(ProtobufRpcEngine.java:484) [hadoop-common-3.3.6.jar:?]
	at org.apache.hadoop.ipc.ProtobufRpcEngine2$Server$ProtoBufRpcInvoker.call(ProtobufRpcEngine2.java:595) [hadoop-common-3.3.6.jar:?]
	at org.apache.hadoop.ipc.ProtobufRpcEngine2$Server$ProtoBufRpcInvoker.call(ProtobufRpcEngine2.java:573) [hadoop-common-3.3.6.jar:?]
	at org.apache.hadoop.ipc.RPC$Server.call(RPC.java:1227) [hadoop-common-3.3.6.jar:?]
	at org.apache.hadoop.ipc.Server$RpcCall.run(Server.java:1094) [hadoop-common-3.3.6.jar:?]
	at org.apache.hadoop.ipc.Server$RpcCall.run(Server.java:1017) [hadoop-common-3.3.6.jar:?]
	at java.security.AccessController.doPrivileged(Native Method) ~[?:1.8.0_382]
	at javax.security.auth.Subject.doAs(Subject.java:422) [?:1.8.0_382]
	at org.apache.hadoop.security.UserGroupInformation.doAs(UserGroupInformation.java:1899) [hadoop-common-3.3.6.jar:?]
	at org.apache.hadoop.ipc.Server$Handler.run(Server.java:3048) [hadoop-common-3.3.6.jar:?]
18:55:26.113 [IPC Server handler 4 on default port 15110] ERROR OMAudit - user=runner | ip=127.0.0.1 | op=GET_FILE_STATUS {volume=volume95024, bucket=bucket37863, key=testBatchDelete/parent/childFolder/child2, dataSize=0, replicationConfig=null} | ret=FAILURE
org.apache.hadoop.ozone.om.exceptions.OMException: Unable to get file status: volume: volume95024 bucket: bucket37863 key: testBatchDelete/parent/childFolder/child2
	at org.apache.hadoop.ozone.om.KeyManagerImpl.getOzoneFileStatus(KeyManagerImpl.java:1195) ~[ozone-manager-1.4.0-SNAPSHOT.jar:?]
	at org.apache.hadoop.ozone.om.KeyManagerImpl.getFileStatus(KeyManagerImpl.java:1113) ~[ozone-manager-1.4.0-SNAPSHOT.jar:?]
	at org.apache.hadoop.ozone.om.OmMetadataReader.getFileStatus(OmMetadataReader.java:262) ~[ozone-manager-1.4.0-SNAPSHOT.jar:?]
	at org.apache.hadoop.ozone.om.OzoneManager.getFileStatus(OzoneManager.java:3530) ~[ozone-manager-1.4.0-SNAPSHOT.jar:?]
	at org.apache.hadoop.ozone.protocolPB.OzoneManagerRequestHandler.getOzoneFileStatus(OzoneManagerRequestHandler.java:973) ~[ozone-manager-1.4.0-SNAPSHOT.jar:?]
	at org.apache.hadoop.ozone.protocolPB.OzoneManagerRequestHandler.handleReadRequest(OzoneManagerRequestHandler.java:252) ~[ozone-manager-1.4.0-SNAPSHOT.jar:?]
	at org.apache.hadoop.ozone.protocolPB.OzoneManagerProtocolServerSideTranslatorPB.submitReadRequestToOM(OzoneManagerProtocolServerSideTranslatorPB.java:225) ~[ozone-manager-1.4.0-SNAPSHOT.jar:?]
	at org.apache.hadoop.ozone.protocolPB.OzoneManagerProtocolServerSideTranslatorPB.processRequest(OzoneManagerProtocolServerSideTranslatorPB.java:179) ~[ozone-manager-1.4.0-SNAPSHOT.jar:?]
	at org.apache.hadoop.hdds.server.OzoneProtocolMessageDispatcher.processRequest(OzoneProtocolMessageDispatcher.java:87) [hdds-server-framework-1.4.0-SNAPSHOT.jar:?]
	at org.apache.hadoop.ozone.protocolPB.OzoneManagerProtocolServerSideTranslatorPB.submitRequest(OzoneManagerProtocolServerSideTranslatorPB.java:148) [ozone-manager-1.4.0-SNAPSHOT.jar:?]
	at org.apache.hadoop.ozone.protocol.proto.OzoneManagerProtocolProtos$OzoneManagerService$2.callBlockingMethod(OzoneManagerProtocolProtos.java) [ozone-interface-client-1.4.0-SNAPSHOT.jar:?]
	at org.apache.hadoop.ipc.ProtobufRpcEngine$Server.processCall(ProtobufRpcEngine.java:484) [hadoop-common-3.3.6.jar:?]
	at org.apache.hadoop.ipc.ProtobufRpcEngine2$Server$ProtoBufRpcInvoker.call(ProtobufRpcEngine2.java:595) [hadoop-common-3.3.6.jar:?]
	at org.apache.hadoop.ipc.ProtobufRpcEngine2$Server$ProtoBufRpcInvoker.call(ProtobufRpcEngine2.java:573) [hadoop-common-3.3.6.jar:?]
	at org.apache.hadoop.ipc.RPC$Server.call(RPC.java:1227) [hadoop-common-3.3.6.jar:?]
	at org.apache.hadoop.ipc.Server$RpcCall.run(Server.java:1094) [hadoop-common-3.3.6.jar:?]
	at org.apache.hadoop.ipc.Server$RpcCall.run(Server.java:1017) [hadoop-common-3.3.6.jar:?]
	at java.security.AccessController.doPrivileged(Native Method) ~[?:1.8.0_382]
	at javax.security.auth.Subject.doAs(Subject.java:422) [?:1.8.0_382]
	at org.apache.hadoop.security.UserGroupInformation.doAs(UserGroupInformation.java:1899) [hadoop-common-3.3.6.jar:?]
	at org.apache.hadoop.ipc.Server$Handler.run(Server.java:3048) [hadoop-common-3.3.6.jar:?]
18:55:26.113 [IPC Server handler 5 on default port 15110] ERROR OMAudit - user=runner | ip=127.0.0.1 | op=GET_FILE_STATUS {volume=volume95024, bucket=bucket37863, key=testBatchDelete/parent/child3, dataSize=0, replicationConfig=null} | ret=FAILURE
org.apache.hadoop.ozone.om.exceptions.OMException: Unable to get file status: volume: volume95024 bucket: bucket37863 key: testBatchDelete/parent/child3
	at org.apache.hadoop.ozone.om.KeyManagerImpl.getOzoneFileStatus(KeyManagerImpl.java:1195) ~[ozone-manager-1.4.0-SNAPSHOT.jar:?]
	at org.apache.hadoop.ozone.om.KeyManagerImpl.getFileStatus(KeyManagerImpl.java:1113) ~[ozone-manager-1.4.0-SNAPSHOT.jar:?]
	at org.apache.hadoop.ozone.om.OmMetadataReader.getFileStatus(OmMetadataReader.java:262) ~[ozone-manager-1.4.0-SNAPSHOT.jar:?]
	at org.apache.hadoop.ozone.om.OzoneManager.getFileStatus(OzoneManager.java:3530) ~[ozone-manager-1.4.0-SNAPSHOT.jar:?]
	at org.apache.hadoop.ozone.protocolPB.OzoneManagerRequestHandler.getOzoneFileStatus(OzoneManagerRequestHandler.java:973) ~[ozone-manager-1.4.0-SNAPSHOT.jar:?]
	at org.apache.hadoop.ozone.protocolPB.OzoneManagerRequestHandler.handleReadRequest(OzoneManagerRequestHandler.java:252) ~[ozone-manager-1.4.0-SNAPSHOT.jar:?]
	at org.apache.hadoop.ozone.protocolPB.OzoneManagerProtocolServerSideTranslatorPB.submitReadRequestToOM(OzoneManagerProtocolServerSideTranslatorPB.java:225) ~[ozone-manager-1.4.0-SNAPSHOT.jar:?]
	at org.apache.hadoop.ozone.protocolPB.OzoneManagerProtocolServerSideTranslatorPB.processRequest(OzoneManagerProtocolServerSideTranslatorPB.java:179) ~[ozone-manager-1.4.0-SNAPSHOT.jar:?]
	at org.apache.hadoop.hdds.server.OzoneProtocolMessageDispatcher.processRequest(OzoneProtocolMessageDispatcher.java:87) [hdds-server-framework-1.4.0-SNAPSHOT.jar:?]
	at org.apache.hadoop.ozone.protocolPB.OzoneManagerProtocolServerSideTranslatorPB.submitRequest(OzoneManagerProtocolServerSideTranslatorPB.java:148) [ozone-manager-1.4.0-SNAPSHOT.jar:?]
	at org.apache.hadoop.ozone.protocol.proto.OzoneManagerProtocolProtos$OzoneManagerService$2.callBlockingMethod(OzoneManagerProtocolProtos.java) [ozone-interface-client-1.4.0-SNAPSHOT.jar:?]
	at org.apache.hadoop.ipc.ProtobufRpcEngine$Server.processCall(ProtobufRpcEngine.java:484) [hadoop-common-3.3.6.jar:?]
	at org.apache.hadoop.ipc.ProtobufRpcEngine2$Server$ProtoBufRpcInvoker.call(ProtobufRpcEngine2.java:595) [hadoop-common-3.3.6.jar:?]
	at org.apache.hadoop.ipc.ProtobufRpcEngine2$Server$ProtoBufRpcInvoker.call(ProtobufRpcEngine2.java:573) [hadoop-common-3.3.6.jar:?]
	at org.apache.hadoop.ipc.RPC$Server.call(RPC.java:1227) [hadoop-common-3.3.6.jar:?]
	at org.apache.hadoop.ipc.Server$RpcCall.run(Server.java:1094) [hadoop-common-3.3.6.jar:?]
	at org.apache.hadoop.ipc.Server$RpcCall.run(Server.java:1017) [hadoop-common-3.3.6.jar:?]
	at java.security.AccessController.doPrivileged(Native Method) ~[?:1.8.0_382]
	at javax.security.auth.Subject.doAs(Subject.java:422) [?:1.8.0_382]
	at org.apache.hadoop.security.UserGroupInformation.doAs(UserGroupInformation.java:1899) [hadoop-common-3.3.6.jar:?]
	at org.apache.hadoop.ipc.Server$Handler.run(Server.java:3048) [hadoop-common-3.3.6.jar:?]
18:55:26.114 [IPC Server handler 6 on default port 15110] ERROR OMAudit - user=runner | ip=127.0.0.1 | op=GET_FILE_STATUS {volume=volume95024, bucket=bucket37863, key=testBatchDelete/parent/childFolder/child3, dataSize=0, replicationConfig=null} | ret=FAILURE
org.apache.hadoop.ozone.om.exceptions.OMException: Unable to get file status: volume: volume95024 bucket: bucket37863 key: testBatchDelete/parent/childFolder/child3
	at org.apache.hadoop.ozone.om.KeyManagerImpl.getOzoneFileStatus(KeyManagerImpl.java:1195) ~[ozone-manager-1.4.0-SNAPSHOT.jar:?]
	at org.apache.hadoop.ozone.om.KeyManagerImpl.getFileStatus(KeyManagerImpl.java:1113) ~[ozone-manager-1.4.0-SNAPSHOT.jar:?]
	at org.apache.hadoop.ozone.om.OmMetadataReader.getFileStatus(OmMetadataReader.java:262) ~[ozone-manager-1.4.0-SNAPSHOT.jar:?]
	at org.apache.hadoop.ozone.om.OzoneManager.getFileStatus(OzoneManager.java:3530) ~[ozone-manager-1.4.0-SNAPSHOT.jar:?]
	at org.apache.hadoop.ozone.protocolPB.OzoneManagerRequestHandler.getOzoneFileStatus(OzoneManagerRequestHandler.java:973) ~[ozone-manager-1.4.0-SNAPSHOT.jar:?]
	at org.apache.hadoop.ozone.protocolPB.OzoneManagerRequestHandler.handleReadRequest(OzoneManagerRequestHandler.java:252) ~[ozone-manager-1.4.0-SNAPSHOT.jar:?]
	at org.apache.hadoop.ozone.protocolPB.OzoneManagerProtocolServerSideTranslatorPB.submitReadRequestToOM(OzoneManagerProtocolServerSideTranslatorPB.java:225) ~[ozone-manager-1.4.0-SNAPSHOT.jar:?]
	at org.apache.hadoop.ozone.protocolPB.OzoneManagerProtocolServerSideTranslatorPB.processRequest(OzoneManagerProtocolServerSideTranslatorPB.java:179) ~[ozone-manager-1.4.0-SNAPSHOT.jar:?]
	at org.apache.hadoop.hdds.server.OzoneProtocolMessageDispatcher.processRequest(OzoneProtocolMessageDispatcher.java:87) [hdds-server-framework-1.4.0-SNAPSHOT.jar:?]
	at org.apache.hadoop.ozone.protocolPB.OzoneManagerProtocolServerSideTranslatorPB.submitRequest(OzoneManagerProtocolServerSideTranslatorPB.java:148) [ozone-manager-1.4.0-SNAPSHOT.jar:?]
	at org.apache.hadoop.ozone.protocol.proto.OzoneManagerProtocolProtos$OzoneManagerService$2.callBlockingMethod(OzoneManagerProtocolProtos.java) [ozone-interface-client-1.4.0-SNAPSHOT.jar:?]
	at org.apache.hadoop.ipc.ProtobufRpcEngine$Server.processCall(ProtobufRpcEngine.java:484) [hadoop-common-3.3.6.jar:?]
	at org.apache.hadoop.ipc.ProtobufRpcEngine2$Server$ProtoBufRpcInvoker.call(ProtobufRpcEngine2.java:595) [hadoop-common-3.3.6.jar:?]
	at org.apache.hadoop.ipc.ProtobufRpcEngine2$Server$ProtoBufRpcInvoker.call(ProtobufRpcEngine2.java:573) [hadoop-common-3.3.6.jar:?]
	at org.apache.hadoop.ipc.RPC$Server.call(RPC.java:1227) [hadoop-common-3.3.6.jar:?]
	at org.apache.hadoop.ipc.Server$RpcCall.run(Server.java:1094) [hadoop-common-3.3.6.jar:?]
	at org.apache.hadoop.ipc.Server$RpcCall.run(Server.java:1017) [hadoop-common-3.3.6.jar:?]
	at java.security.AccessController.doPrivileged(Native Method) ~[?:1.8.0_382]
	at javax.security.auth.Subject.doAs(Subject.java:422) [?:1.8.0_382]
	at org.apache.hadoop.security.UserGroupInformation.doAs(UserGroupInformation.java:1899) [hadoop-common-3.3.6.jar:?]
	at org.apache.hadoop.ipc.Server$Handler.run(Server.java:3048) [hadoop-common-3.3.6.jar:?]
18:55:26.115 [IPC Server handler 7 on default port 15110] ERROR OMAudit - user=runner | ip=127.0.0.1 | op=GET_FILE_STATUS {volume=volume95024, bucket=bucket37863, key=testBatchDelete/parent/child4, dataSize=0, replicationConfig=null} | ret=FAILURE
org.apache.hadoop.ozone.om.exceptions.OMException: Unable to get file status: volume: volume95024 bucket: bucket37863 key: testBatchDelete/parent/child4
	at org.apache.hadoop.ozone.om.KeyManagerImpl.getOzoneFileStatus(KeyManagerImpl.java:1195) ~[ozone-manager-1.4.0-SNAPSHOT.jar:?]
	at org.apache.hadoop.ozone.om.KeyManagerImpl.getFileStatus(KeyManagerImpl.java:1113) ~[ozone-manager-1.4.0-SNAPSHOT.jar:?]
	at org.apache.hadoop.ozone.om.OmMetadataReader.getFileStatus(OmMetadataReader.java:262) ~[ozone-manager-1.4.0-SNAPSHOT.jar:?]
	at org.apache.hadoop.ozone.om.OzoneManager.getFileStatus(OzoneManager.java:3530) ~[ozone-manager-1.4.0-SNAPSHOT.jar:?]
	at org.apache.hadoop.ozone.protocolPB.OzoneManagerRequestHandler.getOzoneFileStatus(OzoneManagerRequestHandler.java:973) ~[ozone-manager-1.4.0-SNAPSHOT.jar:?]
	at org.apache.hadoop.ozone.protocolPB.OzoneManagerRequestHandler.handleReadRequest(OzoneManagerRequestHandler.java:252) ~[ozone-manager-1.4.0-SNAPSHOT.jar:?]
	at org.apache.hadoop.ozone.protocolPB.OzoneManagerProtocolServerSideTranslatorPB.submitReadRequestToOM(OzoneManagerProtocolServerSideTranslatorPB.java:225) ~[ozone-manager-1.4.0-SNAPSHOT.jar:?]
	at org.apache.hadoop.ozone.protocolPB.OzoneManagerProtocolServerSideTranslatorPB.processRequest(OzoneManagerProtocolServerSideTranslatorPB.java:179) ~[ozone-manager-1.4.0-SNAPSHOT.jar:?]
	at org.apache.hadoop.hdds.server.OzoneProtocolMessageDispatcher.processRequest(OzoneProtocolMessageDispatcher.java:87) [hdds-server-framework-1.4.0-SNAPSHOT.jar:?]
	at org.apache.hadoop.ozone.protocolPB.OzoneManagerProtocolServerSideTranslatorPB.submitRequest(OzoneManagerProtocolServerSideTranslatorPB.java:148) [ozone-manager-1.4.0-SNAPSHOT.jar:?]
	at org.apache.hadoop.ozone.protocol.proto.OzoneManagerProtocolProtos$OzoneManagerService$2.callBlockingMethod(OzoneManagerProtocolProtos.java) [ozone-interface-client-1.4.0-SNAPSHOT.jar:?]
	at org.apache.hadoop.ipc.ProtobufRpcEngine$Server.processCall(ProtobufRpcEngine.java:484) [hadoop-common-3.3.6.jar:?]
	at org.apache.hadoop.ipc.ProtobufRpcEngine2$Server$ProtoBufRpcInvoker.call(ProtobufRpcEngine2.java:595) [hadoop-common-3.3.6.jar:?]
	at org.apache.hadoop.ipc.ProtobufRpcEngine2$Server$ProtoBufRpcInvoker.call(ProtobufRpcEngine2.java:573) [hadoop-common-3.3.6.jar:?]
	at org.apache.hadoop.ipc.RPC$Server.call(RPC.java:1227) [hadoop-common-3.3.6.jar:?]
	at org.apache.hadoop.ipc.Server$RpcCall.run(Server.java:1094) [hadoop-common-3.3.6.jar:?]
	at org.apache.hadoop.ipc.Server$RpcCall.run(Server.java:1017) [hadoop-common-3.3.6.jar:?]
	at java.security.AccessController.doPrivileged(Native Method) ~[?:1.8.0_382]
	at javax.security.auth.Subject.doAs(Subject.java:422) [?:1.8.0_382]
	at org.apache.hadoop.security.UserGroupInformation.doAs(UserGroupInformation.java:1899) [hadoop-common-3.3.6.jar:?]
	at org.apache.hadoop.ipc.Server$Handler.run(Server.java:3048) [hadoop-common-3.3.6.jar:?]
18:55:26.116 [IPC Server handler 8 on default port 15110] ERROR OMAudit - user=runner | ip=127.0.0.1 | op=GET_FILE_STATUS {volume=volume95024, bucket=bucket37863, key=testBatchDelete/parent/childFolder/child4, dataSize=0, replicationConfig=null} | ret=FAILURE
org.apache.hadoop.ozone.om.exceptions.OMException: Unable to get file status: volume: volume95024 bucket: bucket37863 key: testBatchDelete/parent/childFolder/child4
	at org.apache.hadoop.ozone.om.KeyManagerImpl.getOzoneFileStatus(KeyManagerImpl.java:1195) ~[ozone-manager-1.4.0-SNAPSHOT.jar:?]
	at org.apache.hadoop.ozone.om.KeyManagerImpl.getFileStatus(KeyManagerImpl.java:1113) ~[ozone-manager-1.4.0-SNAPSHOT.jar:?]
	at org.apache.hadoop.ozone.om.OmMetadataReader.getFileStatus(OmMetadataReader.java:262) ~[ozone-manager-1.4.0-SNAPSHOT.jar:?]
	at org.apache.hadoop.ozone.om.OzoneManager.getFileStatus(OzoneManager.java:3530) ~[ozone-manager-1.4.0-SNAPSHOT.jar:?]
	at org.apache.hadoop.ozone.protocolPB.OzoneManagerRequestHandler.getOzoneFileStatus(OzoneManagerRequestHandler.java:973) ~[ozone-manager-1.4.0-SNAPSHOT.jar:?]
	at org.apache.hadoop.ozone.protocolPB.OzoneManagerRequestHandler.handleReadRequest(OzoneManagerRequestHandler.java:252) ~[ozone-manager-1.4.0-SNAPSHOT.jar:?]
	at org.apache.hadoop.ozone.protocolPB.OzoneManagerProtocolServerSideTranslatorPB.submitReadRequestToOM(OzoneManagerProtocolServerSideTranslatorPB.java:225) ~[ozone-manager-1.4.0-SNAPSHOT.jar:?]
	at org.apache.hadoop.ozone.protocolPB.OzoneManagerProtocolServerSideTranslatorPB.processRequest(OzoneManagerProtocolServerSideTranslatorPB.java:179) ~[ozone-manager-1.4.0-SNAPSHOT.jar:?]
	at org.apache.hadoop.hdds.server.OzoneProtocolMessageDispatcher.processRequest(OzoneProtocolMessageDispatcher.java:87) [hdds-server-framework-1.4.0-SNAPSHOT.jar:?]
	at org.apache.hadoop.ozone.protocolPB.OzoneManagerProtocolServerSideTranslatorPB.submitRequest(OzoneManagerProtocolServerSideTranslatorPB.java:148) [ozone-manager-1.4.0-SNAPSHOT.jar:?]
	at org.apache.hadoop.ozone.protocol.proto.OzoneManagerProtocolProtos$OzoneManagerService$2.callBlockingMethod(OzoneManagerProtocolProtos.java) [ozone-interface-client-1.4.0-SNAPSHOT.jar:?]
	at org.apache.hadoop.ipc.ProtobufRpcEngine$Server.processCall(ProtobufRpcEngine.java:484) [hadoop-common-3.3.6.jar:?]
	at org.apache.hadoop.ipc.ProtobufRpcEngine2$Server$ProtoBufRpcInvoker.call(ProtobufRpcEngine2.java:595) [hadoop-common-3.3.6.jar:?]
	at org.apache.hadoop.ipc.ProtobufRpcEngine2$Server$ProtoBufRpcInvoker.call(ProtobufRpcEngine2.java:573) [hadoop-common-3.3.6.jar:?]
	at org.apache.hadoop.ipc.RPC$Server.call(RPC.java:1227) [hadoop-common-3.3.6.jar:?]
	at org.apache.hadoop.ipc.Server$RpcCall.run(Server.java:1094) [hadoop-common-3.3.6.jar:?]
	at org.apache.hadoop.ipc.Server$RpcCall.run(Server.java:1017) [hadoop-common-3.3.6.jar:?]
	at java.security.AccessController.doPrivileged(Native Method) ~[?:1.8.0_382]
	at javax.security.auth.Subject.doAs(Subject.java:422) [?:1.8.0_382]
	at org.apache.hadoop.security.UserGroupInformation.doAs(UserGroupInformation.java:1899) [hadoop-common-3.3.6.jar:?]
	at org.apache.hadoop.ipc.Server$Handler.run(Server.java:3048) [hadoop-common-3.3.6.jar:?]
18:55:26.117 [IPC Server handler 10 on default port 15110] ERROR OMAudit - user=runner | ip=127.0.0.1 | op=GET_FILE_STATUS {volume=volume95024, bucket=bucket37863, key=testBatchDelete/parent/child5, dataSize=0, replicationConfig=null} | ret=FAILURE
org.apache.hadoop.ozone.om.exceptions.OMException: Unable to get file status: volume: volume95024 bucket: bucket37863 key: testBatchDelete/parent/child5
	at org.apache.hadoop.ozone.om.KeyManagerImpl.getOzoneFileStatus(KeyManagerImpl.java:1195) ~[ozone-manager-1.4.0-SNAPSHOT.jar:?]
	at org.apache.hadoop.ozone.om.KeyManagerImpl.getFileStatus(KeyManagerImpl.java:1113) ~[ozone-manager-1.4.0-SNAPSHOT.jar:?]
	at org.apache.hadoop.ozone.om.OmMetadataReader.getFileStatus(OmMetadataReader.java:262) ~[ozone-manager-1.4.0-SNAPSHOT.jar:?]
	at org.apache.hadoop.ozone.om.OzoneManager.getFileStatus(OzoneManager.java:3530) ~[ozone-manager-1.4.0-SNAPSHOT.jar:?]
	at org.apache.hadoop.ozone.protocolPB.OzoneManagerRequestHandler.getOzoneFileStatus(OzoneManagerRequestHandler.java:973) ~[ozone-manager-1.4.0-SNAPSHOT.jar:?]
	at org.apache.hadoop.ozone.protocolPB.OzoneManagerRequestHandler.handleReadRequest(OzoneManagerRequestHandler.java:252) ~[ozone-manager-1.4.0-SNAPSHOT.jar:?]
	at org.apache.hadoop.ozone.protocolPB.OzoneManagerProtocolServerSideTranslatorPB.submitReadRequestToOM(OzoneManagerProtocolServerSideTranslatorPB.java:225) ~[ozone-manager-1.4.0-SNAPSHOT.jar:?]
	at org.apache.hadoop.ozone.protocolPB.OzoneManagerProtocolServerSideTranslatorPB.processRequest(OzoneManagerProtocolServerSideTranslatorPB.java:179) ~[ozone-manager-1.4.0-SNAPSHOT.jar:?]
	at org.apache.hadoop.hdds.server.OzoneProtocolMessageDispatcher.processRequest(OzoneProtocolMessageDispatcher.java:87) [hdds-server-framework-1.4.0-SNAPSHOT.jar:?]
	at org.apache.hadoop.ozone.protocolPB.OzoneManagerProtocolServerSideTranslatorPB.submitRequest(OzoneManagerProtocolServerSideTranslatorPB.java:148) [ozone-manager-1.4.0-SNAPSHOT.jar:?]
	at org.apache.hadoop.ozone.protocol.proto.OzoneManagerProtocolProtos$OzoneManagerService$2.callBlockingMethod(OzoneManagerProtocolProtos.java) [ozone-interface-client-1.4.0-SNAPSHOT.jar:?]
	at org.apache.hadoop.ipc.ProtobufRpcEngine$Server.processCall(ProtobufRpcEngine.java:484) [hadoop-common-3.3.6.jar:?]
	at org.apache.hadoop.ipc.ProtobufRpcEngine2$Server$ProtoBufRpcInvoker.call(ProtobufRpcEngine2.java:595) [hadoop-common-3.3.6.jar:?]
	at org.apache.hadoop.ipc.ProtobufRpcEngine2$Server$ProtoBufRpcInvoker.call(ProtobufRpcEngine2.java:573) [hadoop-common-3.3.6.jar:?]
	at org.apache.hadoop.ipc.RPC$Server.call(RPC.java:1227) [hadoop-common-3.3.6.jar:?]
	at org.apache.hadoop.ipc.Server$RpcCall.run(Server.java:1094) [hadoop-common-3.3.6.jar:?]
	at org.apache.hadoop.ipc.Server$RpcCall.run(Server.java:1017) [hadoop-common-3.3.6.jar:?]
	at java.security.AccessController.doPrivileged(Native Method) ~[?:1.8.0_382]
	at javax.security.auth.Subject.doAs(Subject.java:422) [?:1.8.0_382]
	at org.apache.hadoop.security.UserGroupInformation.doAs(UserGroupInformation.java:1899) [hadoop-common-3.3.6.jar:?]
	at org.apache.hadoop.ipc.Server$Handler.run(Server.java:3048) [hadoop-common-3.3.6.jar:?]
18:55:26.117 [IPC Server handler 9 on default port 15110] ERROR OMAudit - user=runner | ip=127.0.0.1 | op=GET_FILE_STATUS {volume=volume95024, bucket=bucket37863, key=testBatchDelete/parent/childFolder/child5, dataSize=0, replicationConfig=null} | ret=FAILURE
org.apache.hadoop.ozone.om.exceptions.OMException: Unable to get file status: volume: volume95024 bucket: bucket37863 key: testBatchDelete/parent/childFolder/child5
	at org.apache.hadoop.ozone.om.KeyManagerImpl.getOzoneFileStatus(KeyManagerImpl.java:1195) ~[ozone-manager-1.4.0-SNAPSHOT.jar:?]
	at org.apache.hadoop.ozone.om.KeyManagerImpl.getFileStatus(KeyManagerImpl.java:1113) ~[ozone-manager-1.4.0-SNAPSHOT.jar:?]
	at org.apache.hadoop.ozone.om.OmMetadataReader.getFileStatus(OmMetadataReader.java:262) ~[ozone-manager-1.4.0-SNAPSHOT.jar:?]
	at org.apache.hadoop.ozone.om.OzoneManager.getFileStatus(OzoneManager.java:3530) ~[ozone-manager-1.4.0-SNAPSHOT.jar:?]
	at org.apache.hadoop.ozone.protocolPB.OzoneManagerRequestHandler.getOzoneFileStatus(OzoneManagerRequestHandler.java:973) ~[ozone-manager-1.4.0-SNAPSHOT.jar:?]
	at org.apache.hadoop.ozone.protocolPB.OzoneManagerRequestHandler.handleReadRequest(OzoneManagerRequestHandler.java:252) ~[ozone-manager-1.4.0-SNAPSHOT.jar:?]
	at org.apache.hadoop.ozone.protocolPB.OzoneManagerProtocolServerSideTranslatorPB.submitReadRequestToOM(OzoneManagerProtocolServerSideTranslatorPB.java:225) ~[ozone-manager-1.4.0-SNAPSHOT.jar:?]
	at org.apache.hadoop.ozone.protocolPB.OzoneManagerProtocolServerSideTranslatorPB.processRequest(OzoneManagerProtocolServerSideTranslatorPB.java:179) ~[ozone-manager-1.4.0-SNAPSHOT.jar:?]
	at org.apache.hadoop.hdds.server.OzoneProtocolMessageDispatcher.processRequest(OzoneProtocolMessageDispatcher.java:87) [hdds-server-framework-1.4.0-SNAPSHOT.jar:?]
	at org.apache.hadoop.ozone.protocolPB.OzoneManagerProtocolServerSideTranslatorPB.submitRequest(OzoneManagerProtocolServerSideTranslatorPB.java:148) [ozone-manager-1.4.0-SNAPSHOT.jar:?]
	at org.apache.hadoop.ozone.protocol.proto.OzoneManagerProtocolProtos$OzoneManagerService$2.callBlockingMethod(OzoneManagerProtocolProtos.java) [ozone-interface-client-1.4.0-SNAPSHOT.jar:?]
	at org.apache.hadoop.ipc.ProtobufRpcEngine$Server.processCall(ProtobufRpcEngine.java:484) [hadoop-common-3.3.6.jar:?]
	at org.apache.hadoop.ipc.ProtobufRpcEngine2$Server$ProtoBufRpcInvoker.call(ProtobufRpcEngine2.java:595) [hadoop-common-3.3.6.jar:?]
	at org.apache.hadoop.ipc.ProtobufRpcEngine2$Server$ProtoBufRpcInvoker.call(ProtobufRpcEngine2.java:573) [hadoop-common-3.3.6.jar:?]
	at org.apache.hadoop.ipc.RPC$Server.call(RPC.java:1227) [hadoop-common-3.3.6.jar:?]
	at org.apache.hadoop.ipc.Server$RpcCall.run(Server.java:1094) [hadoop-common-3.3.6.jar:?]
	at org.apache.hadoop.ipc.Server$RpcCall.run(Server.java:1017) [hadoop-common-3.3.6.jar:?]
	at java.security.AccessController.doPrivileged(Native Method) ~[?:1.8.0_382]
	at javax.security.auth.Subject.doAs(Subject.java:422) [?:1.8.0_382]
	at org.apache.hadoop.security.UserGroupInformation.doAs(UserGroupInformation.java:1899) [hadoop-common-3.3.6.jar:?]
	at org.apache.hadoop.ipc.Server$Handler.run(Server.java:3048) [hadoop-common-3.3.6.jar:?]
18:55:26.118 [IPC Server handler 11 on default port 15110] ERROR OMAudit - user=runner | ip=127.0.0.1 | op=GET_FILE_STATUS {volume=volume95024, bucket=bucket37863, key=testBatchDelete/parent/child6, dataSize=0, replicationConfig=null} | ret=FAILURE
org.apache.hadoop.ozone.om.exceptions.OMException: Unable to get file status: volume: volume95024 bucket: bucket37863 key: testBatchDelete/parent/child6
	at org.apache.hadoop.ozone.om.KeyManagerImpl.getOzoneFileStatus(KeyManagerImpl.java:1195) ~[ozone-manager-1.4.0-SNAPSHOT.jar:?]
	at org.apache.hadoop.ozone.om.KeyManagerImpl.getFileStatus(KeyManagerImpl.java:1113) ~[ozone-manager-1.4.0-SNAPSHOT.jar:?]
	at org.apache.hadoop.ozone.om.OmMetadataReader.getFileStatus(OmMetadataReader.java:262) ~[ozone-manager-1.4.0-SNAPSHOT.jar:?]
	at org.apache.hadoop.ozone.om.OzoneManager.getFileStatus(OzoneManager.java:3530) ~[ozone-manager-1.4.0-SNAPSHOT.jar:?]
	at org.apache.hadoop.ozone.protocolPB.OzoneManagerRequestHandler.getOzoneFileStatus(OzoneManagerRequestHandler.java:973) ~[ozone-manager-1.4.0-SNAPSHOT.jar:?]
	at org.apache.hadoop.ozone.protocolPB.OzoneManagerRequestHandler.handleReadRequest(OzoneManagerRequestHandler.java:252) ~[ozone-manager-1.4.0-SNAPSHOT.jar:?]
	at org.apache.hadoop.ozone.protocolPB.OzoneManagerProtocolServerSideTranslatorPB.submitReadRequestToOM(OzoneManagerProtocolServerSideTranslatorPB.java:225) ~[ozone-manager-1.4.0-SNAPSHOT.jar:?]
	at org.apache.hadoop.ozone.protocolPB.OzoneManagerProtocolServerSideTranslatorPB.processRequest(OzoneManagerProtocolServerSideTranslatorPB.java:179) ~[ozone-manager-1.4.0-SNAPSHOT.jar:?]
	at org.apache.hadoop.hdds.server.OzoneProtocolMessageDispatcher.processRequest(OzoneProtocolMessageDispatcher.java:87) [hdds-server-framework-1.4.0-SNAPSHOT.jar:?]
	at org.apache.hadoop.ozone.protocolPB.OzoneManagerProtocolServerSideTranslatorPB.submitRequest(OzoneManagerProtocolServerSideTranslatorPB.java:148) [ozone-manager-1.4.0-SNAPSHOT.jar:?]
	at org.apache.hadoop.ozone.protocol.proto.OzoneManagerProtocolProtos$OzoneManagerService$2.callBlockingMethod(OzoneManagerProtocolProtos.java) [ozone-interface-client-1.4.0-SNAPSHOT.jar:?]
	at org.apache.hadoop.ipc.ProtobufRpcEngine$Server.processCall(ProtobufRpcEngine.java:484) [hadoop-common-3.3.6.jar:?]
	at org.apache.hadoop.ipc.ProtobufRpcEngine2$Server$ProtoBufRpcInvoker.call(ProtobufRpcEngine2.java:595) [hadoop-common-3.3.6.jar:?]
	at org.apache.hadoop.ipc.ProtobufRpcEngine2$Server$ProtoBufRpcInvoker.call(ProtobufRpcEngine2.java:573) [hadoop-common-3.3.6.jar:?]
	at org.apache.hadoop.ipc.RPC$Server.call(RPC.java:1227) [hadoop-common-3.3.6.jar:?]
	at org.apache.hadoop.ipc.Server$RpcCall.run(Server.java:1094) [hadoop-common-3.3.6.jar:?]
	at org.apache.hadoop.ipc.Server$RpcCall.run(Server.java:1017) [hadoop-common-3.3.6.jar:?]
	at java.security.AccessController.doPrivileged(Native Method) ~[?:1.8.0_382]
	at javax.security.auth.Subject.doAs(Subject.java:422) [?:1.8.0_382]
	at org.apache.hadoop.security.UserGroupInformation.doAs(UserGroupInformation.java:1899) [hadoop-common-3.3.6.jar:?]
	at org.apache.hadoop.ipc.Server$Handler.run(Server.java:3048) [hadoop-common-3.3.6.jar:?]
18:55:26.119 [IPC Server handler 12 on default port 15110] ERROR OMAudit - user=runner | ip=127.0.0.1 | op=GET_FILE_STATUS {volume=volume95024, bucket=bucket37863, key=testBatchDelete/parent/childFolder/child6, dataSize=0, replicationConfig=null} | ret=FAILURE
org.apache.hadoop.ozone.om.exceptions.OMException: Unable to get file status: volume: volume95024 bucket: bucket37863 key: testBatchDelete/parent/childFolder/child6
	at org.apache.hadoop.ozone.om.KeyManagerImpl.getOzoneFileStatus(KeyManagerImpl.java:1195) ~[ozone-manager-1.4.0-SNAPSHOT.jar:?]
	at org.apache.hadoop.ozone.om.KeyManagerImpl.getFileStatus(KeyManagerImpl.java:1113) ~[ozone-manager-1.4.0-SNAPSHOT.jar:?]
	at org.apache.hadoop.ozone.om.OmMetadataReader.getFileStatus(OmMetadataReader.java:262) ~[ozone-manager-1.4.0-SNAPSHOT.jar:?]
	at org.apache.hadoop.ozone.om.OzoneManager.getFileStatus(OzoneManager.java:3530) ~[ozone-manager-1.4.0-SNAPSHOT.jar:?]
	at org.apache.hadoop.ozone.protocolPB.OzoneManagerRequestHandler.getOzoneFileStatus(OzoneManagerRequestHandler.java:973) ~[ozone-manager-1.4.0-SNAPSHOT.jar:?]
	at org.apache.hadoop.ozone.protocolPB.OzoneManagerRequestHandler.handleReadRequest(OzoneManagerRequestHandler.java:252) ~[ozone-manager-1.4.0-SNAPSHOT.jar:?]
	at org.apache.hadoop.ozone.protocolPB.OzoneManagerProtocolServerSideTranslatorPB.submitReadRequestToOM(OzoneManagerProtocolServerSideTranslatorPB.java:225) ~[ozone-manager-1.4.0-SNAPSHOT.jar:?]
	at org.apache.hadoop.ozone.protocolPB.OzoneManagerProtocolServerSideTranslatorPB.processRequest(OzoneManagerProtocolServerSideTranslatorPB.java:179) ~[ozone-manager-1.4.0-SNAPSHOT.jar:?]
	at org.apache.hadoop.hdds.server.OzoneProtocolMessageDispatcher.processRequest(OzoneProtocolMessageDispatcher.java:87) [hdds-server-framework-1.4.0-SNAPSHOT.jar:?]
	at org.apache.hadoop.ozone.protocolPB.OzoneManagerProtocolServerSideTranslatorPB.submitRequest(OzoneManagerProtocolServerSideTranslatorPB.java:148) [ozone-manager-1.4.0-SNAPSHOT.jar:?]
	at org.apache.hadoop.ozone.protocol.proto.OzoneManagerProtocolProtos$OzoneManagerService$2.callBlockingMethod(OzoneManagerProtocolProtos.java) [ozone-interface-client-1.4.0-SNAPSHOT.jar:?]
	at org.apache.hadoop.ipc.ProtobufRpcEngine$Server.processCall(ProtobufRpcEngine.java:484) [hadoop-common-3.3.6.jar:?]
	at org.apache.hadoop.ipc.ProtobufRpcEngine2$Server$ProtoBufRpcInvoker.call(ProtobufRpcEngine2.java:595) [hadoop-common-3.3.6.jar:?]
	at org.apache.hadoop.ipc.ProtobufRpcEngine2$Server$ProtoBufRpcInvoker.call(ProtobufRpcEngine2.java:573) [hadoop-common-3.3.6.jar:?]
	at org.apache.hadoop.ipc.RPC$Server.call(RPC.java:1227) [hadoop-common-3.3.6.jar:?]
	at org.apache.hadoop.ipc.Server$RpcCall.run(Server.java:1094) [hadoop-common-3.3.6.jar:?]
	at org.apache.hadoop.ipc.Server$RpcCall.run(Server.java:1017) [hadoop-common-3.3.6.jar:?]
	at java.security.AccessController.doPrivileged(Native Method) ~[?:1.8.0_382]
	at javax.security.auth.Subject.doAs(Subject.java:422) [?:1.8.0_382]
	at org.apache.hadoop.security.UserGroupInformation.doAs(UserGroupInformation.java:1899) [hadoop-common-3.3.6.jar:?]
	at org.apache.hadoop.ipc.Server$Handler.run(Server.java:3048) [hadoop-common-3.3.6.jar:?]
18:55:26.120 [IPC Server handler 13 on default port 15110] ERROR OMAudit - user=runner | ip=127.0.0.1 | op=GET_FILE_STATUS {volume=volume95024, bucket=bucket37863, key=testBatchDelete/parent/child7, dataSize=0, replicationConfig=null} | ret=FAILURE
org.apache.hadoop.ozone.om.exceptions.OMException: Unable to get file status: volume: volume95024 bucket: bucket37863 key: testBatchDelete/parent/child7
	at org.apache.hadoop.ozone.om.KeyManagerImpl.getOzoneFileStatus(KeyManagerImpl.java:1195) ~[ozone-manager-1.4.0-SNAPSHOT.jar:?]
	at org.apache.hadoop.ozone.om.KeyManagerImpl.getFileStatus(KeyManagerImpl.java:1113) ~[ozone-manager-1.4.0-SNAPSHOT.jar:?]
	at org.apache.hadoop.ozone.om.OmMetadataReader.getFileStatus(OmMetadataReader.java:262) ~[ozone-manager-1.4.0-SNAPSHOT.jar:?]
	at org.apache.hadoop.ozone.om.OzoneManager.getFileStatus(OzoneManager.java:3530) ~[ozone-manager-1.4.0-SNAPSHOT.jar:?]
	at org.apache.hadoop.ozone.protocolPB.OzoneManagerRequestHandler.getOzoneFileStatus(OzoneManagerRequestHandler.java:973) ~[ozone-manager-1.4.0-SNAPSHOT.jar:?]
	at org.apache.hadoop.ozone.protocolPB.OzoneManagerRequestHandler.handleReadRequest(OzoneManagerRequestHandler.java:252) ~[ozone-manager-1.4.0-SNAPSHOT.jar:?]
	at org.apache.hadoop.ozone.protocolPB.OzoneManagerProtocolServerSideTranslatorPB.submitReadRequestToOM(OzoneManagerProtocolServerSideTranslatorPB.java:225) ~[ozone-manager-1.4.0-SNAPSHOT.jar:?]
	at org.apache.hadoop.ozone.protocolPB.OzoneManagerProtocolServerSideTranslatorPB.processRequest(OzoneManagerProtocolServerSideTranslatorPB.java:179) ~[ozone-manager-1.4.0-SNAPSHOT.jar:?]
	at org.apache.hadoop.hdds.server.OzoneProtocolMessageDispatcher.processRequest(OzoneProtocolMessageDispatcher.java:87) [hdds-server-framework-1.4.0-SNAPSHOT.jar:?]
	at org.apache.hadoop.ozone.protocolPB.OzoneManagerProtocolServerSideTranslatorPB.submitRequest(OzoneManagerProtocolServerSideTranslatorPB.java:148) [ozone-manager-1.4.0-SNAPSHOT.jar:?]
	at org.apache.hadoop.ozone.protocol.proto.OzoneManagerProtocolProtos$OzoneManagerService$2.callBlockingMethod(OzoneManagerProtocolProtos.java) [ozone-interface-client-1.4.0-SNAPSHOT.jar:?]
	at org.apache.hadoop.ipc.ProtobufRpcEngine$Server.processCall(ProtobufRpcEngine.java:484) [hadoop-common-3.3.6.jar:?]
	at org.apache.hadoop.ipc.ProtobufRpcEngine2$Server$ProtoBufRpcInvoker.call(ProtobufRpcEngine2.java:595) [hadoop-common-3.3.6.jar:?]
	at org.apache.hadoop.ipc.ProtobufRpcEngine2$Server$ProtoBufRpcInvoker.call(ProtobufRpcEngine2.java:573) [hadoop-common-3.3.6.jar:?]
	at org.apache.hadoop.ipc.RPC$Server.call(RPC.java:1227) [hadoop-common-3.3.6.jar:?]
	at org.apache.hadoop.ipc.Server$RpcCall.run(Server.java:1094) [hadoop-common-3.3.6.jar:?]
	at org.apache.hadoop.ipc.Server$RpcCall.run(Server.java:1017) [hadoop-common-3.3.6.jar:?]
	at java.security.AccessController.doPrivileged(Native Method) ~[?:1.8.0_382]
	at javax.security.auth.Subject.doAs(Subject.java:422) [?:1.8.0_382]
	at org.apache.hadoop.security.UserGroupInformation.doAs(UserGroupInformation.java:1899) [hadoop-common-3.3.6.jar:?]
	at org.apache.hadoop.ipc.Server$Handler.run(Server.java:3048) [hadoop-common-3.3.6.jar:?]
18:55:26.122 [IPC Server handler 14 on default port 15110] ERROR OMAudit - user=runner | ip=127.0.0.1 | op=GET_FILE_STATUS {volume=volume95024, bucket=bucket37863, key=testBatchDelete/parent/childFolder/child7, dataSize=0, replicationConfig=null} | ret=FAILURE
org.apache.hadoop.ozone.om.exceptions.OMException: Unable to get file status: volume: volume95024 bucket: bucket37863 key: testBatchDelete/parent/childFolder/child7
	at org.apache.hadoop.ozone.om.KeyManagerImpl.getOzoneFileStatus(KeyManagerImpl.java:1195) ~[ozone-manager-1.4.0-SNAPSHOT.jar:?]
	at org.apache.hadoop.ozone.om.KeyManagerImpl.getFileStatus(KeyManagerImpl.java:1113) ~[ozone-manager-1.4.0-SNAPSHOT.jar:?]
	at org.apache.hadoop.ozone.om.OmMetadataReader.getFileStatus(OmMetadataReader.java:262) ~[ozone-manager-1.4.0-SNAPSHOT.jar:?]
	at org.apache.hadoop.ozone.om.OzoneManager.getFileStatus(OzoneManager.java:3530) ~[ozone-manager-1.4.0-SNAPSHOT.jar:?]
	at org.apache.hadoop.ozone.protocolPB.OzoneManagerRequestHandler.getOzoneFileStatus(OzoneManagerRequestHandler.java:973) ~[ozone-manager-1.4.0-SNAPSHOT.jar:?]
	at org.apache.hadoop.ozone.protocolPB.OzoneManagerRequestHandler.handleReadRequest(OzoneManagerRequestHandler.java:252) ~[ozone-manager-1.4.0-SNAPSHOT.jar:?]
	at org.apache.hadoop.ozone.protocolPB.OzoneManagerProtocolServerSideTranslatorPB.submitReadRequestToOM(OzoneManagerProtocolServerSideTranslatorPB.java:225) ~[ozone-manager-1.4.0-SNAPSHOT.jar:?]
	at org.apache.hadoop.ozone.protocolPB.OzoneManagerProtocolServerSideTranslatorPB.processRequest(OzoneManagerProtocolServerSideTranslatorPB.java:179) ~[ozone-manager-1.4.0-SNAPSHOT.jar:?]
	at org.apache.hadoop.hdds.server.OzoneProtocolMessageDispatcher.processRequest(OzoneProtocolMessageDispatcher.java:87) [hdds-server-framework-1.4.0-SNAPSHOT.jar:?]
	at org.apache.hadoop.ozone.protocolPB.OzoneManagerProtocolServerSideTranslatorPB.submitRequest(OzoneManagerProtocolServerSideTranslatorPB.java:148) [ozone-manager-1.4.0-SNAPSHOT.jar:?]
	at org.apache.hadoop.ozone.protocol.proto.OzoneManagerProtocolProtos$OzoneManagerService$2.callBlockingMethod(OzoneManagerProtocolProtos.java) [ozone-interface-client-1.4.0-SNAPSHOT.jar:?]
	at org.apache.hadoop.ipc.ProtobufRpcEngine$Server.processCall(ProtobufRpcEngine.java:484) [hadoop-common-3.3.6.jar:?]
	at org.apache.hadoop.ipc.ProtobufRpcEngine2$Server$ProtoBufRpcInvoker.call(ProtobufRpcEngine2.java:595) [hadoop-common-3.3.6.jar:?]
	at org.apache.hadoop.ipc.ProtobufRpcEngine2$Server$ProtoBufRpcInvoker.call(ProtobufRpcEngine2.java:573) [hadoop-common-3.3.6.jar:?]
	at org.apache.hadoop.ipc.RPC$Server.call(RPC.java:1227) [hadoop-common-3.3.6.jar:?]
	at org.apache.hadoop.ipc.Server$RpcCall.run(Server.java:1094) [hadoop-common-3.3.6.jar:?]
	at org.apache.hadoop.ipc.Server$RpcCall.run(Server.java:1017) [hadoop-common-3.3.6.jar:?]
	at java.security.AccessController.doPrivileged(Native Method) ~[?:1.8.0_382]
	at javax.security.auth.Subject.doAs(Subject.java:422) [?:1.8.0_382]
	at org.apache.hadoop.security.UserGroupInformation.doAs(UserGroupInformation.java:1899) [hadoop-common-3.3.6.jar:?]
	at org.apache.hadoop.ipc.Server$Handler.run(Server.java:3048) [hadoop-common-3.3.6.jar:?]
18:55:26.123 [IPC Server handler 16 on default port 15110] ERROR OMAudit - user=runner | ip=127.0.0.1 | op=GET_FILE_STATUS {volume=volume95024, bucket=bucket37863, key=testBatchDelete/parent, dataSize=0, replicationConfig=null} | ret=FAILURE
org.apache.hadoop.ozone.om.exceptions.OMException: Unable to get file status: volume: volume95024 bucket: bucket37863 key: testBatchDelete/parent
	at org.apache.hadoop.ozone.om.KeyManagerImpl.getOzoneFileStatus(KeyManagerImpl.java:1195) ~[ozone-manager-1.4.0-SNAPSHOT.jar:?]
	at org.apache.hadoop.ozone.om.KeyManagerImpl.getFileStatus(KeyManagerImpl.java:1113) ~[ozone-manager-1.4.0-SNAPSHOT.jar:?]
	at org.apache.hadoop.ozone.om.OmMetadataReader.getFileStatus(OmMetadataReader.java:262) ~[ozone-manager-1.4.0-SNAPSHOT.jar:?]
	at org.apache.hadoop.ozone.om.OzoneManager.getFileStatus(OzoneManager.java:3530) ~[ozone-manager-1.4.0-SNAPSHOT.jar:?]
	at org.apache.hadoop.ozone.protocolPB.OzoneManagerRequestHandler.getOzoneFileStatus(OzoneManagerRequestHandler.java:973) ~[ozone-manager-1.4.0-SNAPSHOT.jar:?]
	at org.apache.hadoop.ozone.protocolPB.OzoneManagerRequestHandler.handleReadRequest(OzoneManagerRequestHandler.java:252) ~[ozone-manager-1.4.0-SNAPSHOT.jar:?]
	at org.apache.hadoop.ozone.protocolPB.OzoneManagerProtocolServerSideTranslatorPB.submitReadRequestToOM(OzoneManagerProtocolServerSideTranslatorPB.java:225) ~[ozone-manager-1.4.0-SNAPSHOT.jar:?]
	at org.apache.hadoop.ozone.protocolPB.OzoneManagerProtocolServerSideTranslatorPB.processRequest(OzoneManagerProtocolServerSideTranslatorPB.java:179) ~[ozone-manager-1.4.0-SNAPSHOT.jar:?]
	at org.apache.hadoop.hdds.server.OzoneProtocolMessageDispatcher.processRequest(OzoneProtocolMessageDispatcher.java:87) [hdds-server-framework-1.4.0-SNAPSHOT.jar:?]
	at org.apache.hadoop.ozone.protocolPB.OzoneManagerProtocolServerSideTranslatorPB.submitRequest(OzoneManagerProtocolServerSideTranslatorPB.java:148) [ozone-manager-1.4.0-SNAPSHOT.jar:?]
	at org.apache.hadoop.ozone.protocol.proto.OzoneManagerProtocolProtos$OzoneManagerService$2.callBlockingMethod(OzoneManagerProtocolProtos.java) [ozone-interface-client-1.4.0-SNAPSHOT.jar:?]
	at org.apache.hadoop.ipc.ProtobufRpcEngine$Server.processCall(ProtobufRpcEngine.java:484) [hadoop-common-3.3.6.jar:?]
	at org.apache.hadoop.ipc.ProtobufRpcEngine2$Server$ProtoBufRpcInvoker.call(ProtobufRpcEngine2.java:595) [hadoop-common-3.3.6.jar:?]
	at org.apache.hadoop.ipc.ProtobufRpcEngine2$Server$ProtoBufRpcInvoker.call(ProtobufRpcEngine2.java:573) [hadoop-common-3.3.6.jar:?]
	at org.apache.hadoop.ipc.RPC$Server.call(RPC.java:1227) [hadoop-common-3.3.6.jar:?]
	at org.apache.hadoop.ipc.Server$RpcCall.run(Server.java:1094) [hadoop-common-3.3.6.jar:?]
	at org.apache.hadoop.ipc.Server$RpcCall.run(Server.java:1017) [hadoop-common-3.3.6.jar:?]
	at java.security.AccessController.doPrivileged(Native Method) ~[?:1.8.0_382]
	at javax.security.auth.Subject.doAs(Subject.java:422) [?:1.8.0_382]
	at org.apache.hadoop.security.UserGroupInformation.doAs(UserGroupInformation.java:1899) [hadoop-common-3.3.6.jar:?]
	at org.apache.hadoop.ipc.Server$Handler.run(Server.java:3048) [hadoop-common-3.3.6.jar:?]
2023-08-29 18:55:26,123 [Time-limited test] WARN  ozone.BasicOzoneFileSystem (BasicOzoneFileSystem.java:delete(595)) - delete: Path does not exist: /testBatchDelete/parent
]]></system-out>
  </testcase>
  <testcase name="testFileDelete" classname="TestOzoneFileSystem" time="0.082">
    <system-out><![CDATA[18:56:33.485 [IPC Server handler 16 on default port 15163] ERROR OMAudit - user=runner | ip=127.0.0.1 | op=GET_FILE_STATUS {volume=volume50878, bucket=bucket78448, key=testBatchDelete, dataSize=0, replicationConfig=null} | ret=FAILURE
org.apache.hadoop.ozone.om.exceptions.OMException: Unable to get file status: volume: volume50878 bucket: bucket78448 key: testBatchDelete
	at org.apache.hadoop.ozone.om.KeyManagerImpl.getOzoneFileStatus(KeyManagerImpl.java:1195) ~[ozone-manager-1.4.0-SNAPSHOT.jar:?]
	at org.apache.hadoop.ozone.om.KeyManagerImpl.getFileStatus(KeyManagerImpl.java:1113) ~[ozone-manager-1.4.0-SNAPSHOT.jar:?]
	at org.apache.hadoop.ozone.om.OmMetadataReader.getFileStatus(OmMetadataReader.java:262) ~[ozone-manager-1.4.0-SNAPSHOT.jar:?]
	at org.apache.hadoop.ozone.om.OzoneManager.getFileStatus(OzoneManager.java:3530) ~[ozone-manager-1.4.0-SNAPSHOT.jar:?]
	at org.apache.hadoop.ozone.protocolPB.OzoneManagerRequestHandler.getOzoneFileStatus(OzoneManagerRequestHandler.java:973) ~[ozone-manager-1.4.0-SNAPSHOT.jar:?]
	at org.apache.hadoop.ozone.protocolPB.OzoneManagerRequestHandler.handleReadRequest(OzoneManagerRequestHandler.java:252) ~[ozone-manager-1.4.0-SNAPSHOT.jar:?]
	at org.apache.hadoop.ozone.protocolPB.OzoneManagerProtocolServerSideTranslatorPB.submitRequestDirectlyToOM(OzoneManagerProtocolServerSideTranslatorPB.java:274) ~[ozone-manager-1.4.0-SNAPSHOT.jar:?]
	at org.apache.hadoop.ozone.protocolPB.OzoneManagerProtocolServerSideTranslatorPB.processRequest(OzoneManagerProtocolServerSideTranslatorPB.java:175) ~[ozone-manager-1.4.0-SNAPSHOT.jar:?]
	at org.apache.hadoop.hdds.server.OzoneProtocolMessageDispatcher.processRequest(OzoneProtocolMessageDispatcher.java:87) [hdds-server-framework-1.4.0-SNAPSHOT.jar:?]
	at org.apache.hadoop.ozone.protocolPB.OzoneManagerProtocolServerSideTranslatorPB.submitRequest(OzoneManagerProtocolServerSideTranslatorPB.java:148) [ozone-manager-1.4.0-SNAPSHOT.jar:?]
	at org.apache.hadoop.ozone.protocol.proto.OzoneManagerProtocolProtos$OzoneManagerService$2.callBlockingMethod(OzoneManagerProtocolProtos.java) [ozone-interface-client-1.4.0-SNAPSHOT.jar:?]
	at org.apache.hadoop.ipc.ProtobufRpcEngine$Server.processCall(ProtobufRpcEngine.java:484) [hadoop-common-3.3.6.jar:?]
	at org.apache.hadoop.ipc.ProtobufRpcEngine2$Server$ProtoBufRpcInvoker.call(ProtobufRpcEngine2.java:595) [hadoop-common-3.3.6.jar:?]
	at org.apache.hadoop.ipc.ProtobufRpcEngine2$Server$ProtoBufRpcInvoker.call(ProtobufRpcEngine2.java:573) [hadoop-common-3.3.6.jar:?]
	at org.apache.hadoop.ipc.RPC$Server.call(RPC.java:1227) [hadoop-common-3.3.6.jar:?]
	at org.apache.hadoop.ipc.Server$RpcCall.run(Server.java:1094) [hadoop-common-3.3.6.jar:?]
	at org.apache.hadoop.ipc.Server$RpcCall.run(Server.java:1017) [hadoop-common-3.3.6.jar:?]
	at java.security.AccessController.doPrivileged(Native Method) ~[?:1.8.0_382]
	at javax.security.auth.Subject.doAs(Subject.java:422) [?:1.8.0_382]
	at org.apache.hadoop.security.UserGroupInformation.doAs(UserGroupInformation.java:1899) [hadoop-common-3.3.6.jar:?]
	at org.apache.hadoop.ipc.Server$Handler.run(Server.java:3048) [hadoop-common-3.3.6.jar:?]
18:56:33.486 [IPC Server handler 1 on default port 15163] ERROR OMAudit - user=runner | ip=127.0.0.1 | op=GET_FILE_STATUS {volume=volume50878, bucket=bucket78448, key=testBatchDelete/parent/child0, dataSize=0, replicationConfig=null} | ret=FAILURE
org.apache.hadoop.ozone.om.exceptions.OMException: Unable to get file status: volume: volume50878 bucket: bucket78448 key: testBatchDelete/parent/child0
	at org.apache.hadoop.ozone.om.KeyManagerImpl.getOzoneFileStatus(KeyManagerImpl.java:1195) ~[ozone-manager-1.4.0-SNAPSHOT.jar:?]
	at org.apache.hadoop.ozone.om.KeyManagerImpl.getFileStatus(KeyManagerImpl.java:1113) ~[ozone-manager-1.4.0-SNAPSHOT.jar:?]
	at org.apache.hadoop.ozone.om.OmMetadataReader.getFileStatus(OmMetadataReader.java:262) ~[ozone-manager-1.4.0-SNAPSHOT.jar:?]
	at org.apache.hadoop.ozone.om.OzoneManager.getFileStatus(OzoneManager.java:3530) ~[ozone-manager-1.4.0-SNAPSHOT.jar:?]
	at org.apache.hadoop.ozone.protocolPB.OzoneManagerRequestHandler.getOzoneFileStatus(OzoneManagerRequestHandler.java:973) ~[ozone-manager-1.4.0-SNAPSHOT.jar:?]
	at org.apache.hadoop.ozone.protocolPB.OzoneManagerRequestHandler.handleReadRequest(OzoneManagerRequestHandler.java:252) ~[ozone-manager-1.4.0-SNAPSHOT.jar:?]
	at org.apache.hadoop.ozone.protocolPB.OzoneManagerProtocolServerSideTranslatorPB.submitRequestDirectlyToOM(OzoneManagerProtocolServerSideTranslatorPB.java:274) ~[ozone-manager-1.4.0-SNAPSHOT.jar:?]
	at org.apache.hadoop.ozone.protocolPB.OzoneManagerProtocolServerSideTranslatorPB.processRequest(OzoneManagerProtocolServerSideTranslatorPB.java:175) ~[ozone-manager-1.4.0-SNAPSHOT.jar:?]
	at org.apache.hadoop.hdds.server.OzoneProtocolMessageDispatcher.processRequest(OzoneProtocolMessageDispatcher.java:87) [hdds-server-framework-1.4.0-SNAPSHOT.jar:?]
	at org.apache.hadoop.ozone.protocolPB.OzoneManagerProtocolServerSideTranslatorPB.submitRequest(OzoneManagerProtocolServerSideTranslatorPB.java:148) [ozone-manager-1.4.0-SNAPSHOT.jar:?]
	at org.apache.hadoop.ozone.protocol.proto.OzoneManagerProtocolProtos$OzoneManagerService$2.callBlockingMethod(OzoneManagerProtocolProtos.java) [ozone-interface-client-1.4.0-SNAPSHOT.jar:?]
	at org.apache.hadoop.ipc.ProtobufRpcEngine$Server.processCall(ProtobufRpcEngine.java:484) [hadoop-common-3.3.6.jar:?]
	at org.apache.hadoop.ipc.ProtobufRpcEngine2$Server$ProtoBufRpcInvoker.call(ProtobufRpcEngine2.java:595) [hadoop-common-3.3.6.jar:?]
	at org.apache.hadoop.ipc.ProtobufRpcEngine2$Server$ProtoBufRpcInvoker.call(ProtobufRpcEngine2.java:573) [hadoop-common-3.3.6.jar:?]
	at org.apache.hadoop.ipc.RPC$Server.call(RPC.java:1227) [hadoop-common-3.3.6.jar:?]
	at org.apache.hadoop.ipc.Server$RpcCall.run(Server.java:1094) [hadoop-common-3.3.6.jar:?]
	at org.apache.hadoop.ipc.Server$RpcCall.run(Server.java:1017) [hadoop-common-3.3.6.jar:?]
	at java.security.AccessController.doPrivileged(Native Method) ~[?:1.8.0_382]
	at javax.security.auth.Subject.doAs(Subject.java:422) [?:1.8.0_382]
	at org.apache.hadoop.security.UserGroupInformation.doAs(UserGroupInformation.java:1899) [hadoop-common-3.3.6.jar:?]
	at org.apache.hadoop.ipc.Server$Handler.run(Server.java:3048) [hadoop-common-3.3.6.jar:?]
18:56:33.487 [IPC Server handler 2 on default port 15163] ERROR OMAudit - user=runner | ip=127.0.0.1 | op=GET_FILE_STATUS {volume=volume50878, bucket=bucket78448, key=testBatchDelete/parent/childFolder/child0, dataSize=0, replicationConfig=null} | ret=FAILURE
org.apache.hadoop.ozone.om.exceptions.OMException: Unable to get file status: volume: volume50878 bucket: bucket78448 key: testBatchDelete/parent/childFolder/child0
	at org.apache.hadoop.ozone.om.KeyManagerImpl.getOzoneFileStatus(KeyManagerImpl.java:1195) ~[ozone-manager-1.4.0-SNAPSHOT.jar:?]
	at org.apache.hadoop.ozone.om.KeyManagerImpl.getFileStatus(KeyManagerImpl.java:1113) ~[ozone-manager-1.4.0-SNAPSHOT.jar:?]
	at org.apache.hadoop.ozone.om.OmMetadataReader.getFileStatus(OmMetadataReader.java:262) ~[ozone-manager-1.4.0-SNAPSHOT.jar:?]
	at org.apache.hadoop.ozone.om.OzoneManager.getFileStatus(OzoneManager.java:3530) ~[ozone-manager-1.4.0-SNAPSHOT.jar:?]
	at org.apache.hadoop.ozone.protocolPB.OzoneManagerRequestHandler.getOzoneFileStatus(OzoneManagerRequestHandler.java:973) ~[ozone-manager-1.4.0-SNAPSHOT.jar:?]
	at org.apache.hadoop.ozone.protocolPB.OzoneManagerRequestHandler.handleReadRequest(OzoneManagerRequestHandler.java:252) ~[ozone-manager-1.4.0-SNAPSHOT.jar:?]
	at org.apache.hadoop.ozone.protocolPB.OzoneManagerProtocolServerSideTranslatorPB.submitRequestDirectlyToOM(OzoneManagerProtocolServerSideTranslatorPB.java:274) ~[ozone-manager-1.4.0-SNAPSHOT.jar:?]
	at org.apache.hadoop.ozone.protocolPB.OzoneManagerProtocolServerSideTranslatorPB.processRequest(OzoneManagerProtocolServerSideTranslatorPB.java:175) ~[ozone-manager-1.4.0-SNAPSHOT.jar:?]
	at org.apache.hadoop.hdds.server.OzoneProtocolMessageDispatcher.processRequest(OzoneProtocolMessageDispatcher.java:87) [hdds-server-framework-1.4.0-SNAPSHOT.jar:?]
	at org.apache.hadoop.ozone.protocolPB.OzoneManagerProtocolServerSideTranslatorPB.submitRequest(OzoneManagerProtocolServerSideTranslatorPB.java:148) [ozone-manager-1.4.0-SNAPSHOT.jar:?]
	at org.apache.hadoop.ozone.protocol.proto.OzoneManagerProtocolProtos$OzoneManagerService$2.callBlockingMethod(OzoneManagerProtocolProtos.java) [ozone-interface-client-1.4.0-SNAPSHOT.jar:?]
	at org.apache.hadoop.ipc.ProtobufRpcEngine$Server.processCall(ProtobufRpcEngine.java:484) [hadoop-common-3.3.6.jar:?]
	at org.apache.hadoop.ipc.ProtobufRpcEngine2$Server$ProtoBufRpcInvoker.call(ProtobufRpcEngine2.java:595) [hadoop-common-3.3.6.jar:?]
	at org.apache.hadoop.ipc.ProtobufRpcEngine2$Server$ProtoBufRpcInvoker.call(ProtobufRpcEngine2.java:573) [hadoop-common-3.3.6.jar:?]
	at org.apache.hadoop.ipc.RPC$Server.call(RPC.java:1227) [hadoop-common-3.3.6.jar:?]
	at org.apache.hadoop.ipc.Server$RpcCall.run(Server.java:1094) [hadoop-common-3.3.6.jar:?]
	at org.apache.hadoop.ipc.Server$RpcCall.run(Server.java:1017) [hadoop-common-3.3.6.jar:?]
	at java.security.AccessController.doPrivileged(Native Method) ~[?:1.8.0_382]
	at javax.security.auth.Subject.doAs(Subject.java:422) [?:1.8.0_382]
	at org.apache.hadoop.security.UserGroupInformation.doAs(UserGroupInformation.java:1899) [hadoop-common-3.3.6.jar:?]
	at org.apache.hadoop.ipc.Server$Handler.run(Server.java:3048) [hadoop-common-3.3.6.jar:?]
18:56:33.487 [IPC Server handler 3 on default port 15163] ERROR OMAudit - user=runner | ip=127.0.0.1 | op=GET_FILE_STATUS {volume=volume50878, bucket=bucket78448, key=testBatchDelete/parent/child1, dataSize=0, replicationConfig=null} | ret=FAILURE
org.apache.hadoop.ozone.om.exceptions.OMException: Unable to get file status: volume: volume50878 bucket: bucket78448 key: testBatchDelete/parent/child1
	at org.apache.hadoop.ozone.om.KeyManagerImpl.getOzoneFileStatus(KeyManagerImpl.java:1195) ~[ozone-manager-1.4.0-SNAPSHOT.jar:?]
	at org.apache.hadoop.ozone.om.KeyManagerImpl.getFileStatus(KeyManagerImpl.java:1113) ~[ozone-manager-1.4.0-SNAPSHOT.jar:?]
	at org.apache.hadoop.ozone.om.OmMetadataReader.getFileStatus(OmMetadataReader.java:262) ~[ozone-manager-1.4.0-SNAPSHOT.jar:?]
	at org.apache.hadoop.ozone.om.OzoneManager.getFileStatus(OzoneManager.java:3530) ~[ozone-manager-1.4.0-SNAPSHOT.jar:?]
	at org.apache.hadoop.ozone.protocolPB.OzoneManagerRequestHandler.getOzoneFileStatus(OzoneManagerRequestHandler.java:973) ~[ozone-manager-1.4.0-SNAPSHOT.jar:?]
	at org.apache.hadoop.ozone.protocolPB.OzoneManagerRequestHandler.handleReadRequest(OzoneManagerRequestHandler.java:252) ~[ozone-manager-1.4.0-SNAPSHOT.jar:?]
	at org.apache.hadoop.ozone.protocolPB.OzoneManagerProtocolServerSideTranslatorPB.submitRequestDirectlyToOM(OzoneManagerProtocolServerSideTranslatorPB.java:274) ~[ozone-manager-1.4.0-SNAPSHOT.jar:?]
	at org.apache.hadoop.ozone.protocolPB.OzoneManagerProtocolServerSideTranslatorPB.processRequest(OzoneManagerProtocolServerSideTranslatorPB.java:175) ~[ozone-manager-1.4.0-SNAPSHOT.jar:?]
	at org.apache.hadoop.hdds.server.OzoneProtocolMessageDispatcher.processRequest(OzoneProtocolMessageDispatcher.java:87) [hdds-server-framework-1.4.0-SNAPSHOT.jar:?]
	at org.apache.hadoop.ozone.protocolPB.OzoneManagerProtocolServerSideTranslatorPB.submitRequest(OzoneManagerProtocolServerSideTranslatorPB.java:148) [ozone-manager-1.4.0-SNAPSHOT.jar:?]
	at org.apache.hadoop.ozone.protocol.proto.OzoneManagerProtocolProtos$OzoneManagerService$2.callBlockingMethod(OzoneManagerProtocolProtos.java) [ozone-interface-client-1.4.0-SNAPSHOT.jar:?]
	at org.apache.hadoop.ipc.ProtobufRpcEngine$Server.processCall(ProtobufRpcEngine.java:484) [hadoop-common-3.3.6.jar:?]
	at org.apache.hadoop.ipc.ProtobufRpcEngine2$Server$ProtoBufRpcInvoker.call(ProtobufRpcEngine2.java:595) [hadoop-common-3.3.6.jar:?]
	at org.apache.hadoop.ipc.ProtobufRpcEngine2$Server$ProtoBufRpcInvoker.call(ProtobufRpcEngine2.java:573) [hadoop-common-3.3.6.jar:?]
	at org.apache.hadoop.ipc.RPC$Server.call(RPC.java:1227) [hadoop-common-3.3.6.jar:?]
	at org.apache.hadoop.ipc.Server$RpcCall.run(Server.java:1094) [hadoop-common-3.3.6.jar:?]
	at org.apache.hadoop.ipc.Server$RpcCall.run(Server.java:1017) [hadoop-common-3.3.6.jar:?]
	at java.security.AccessController.doPrivileged(Native Method) ~[?:1.8.0_382]
	at javax.security.auth.Subject.doAs(Subject.java:422) [?:1.8.0_382]
	at org.apache.hadoop.security.UserGroupInformation.doAs(UserGroupInformation.java:1899) [hadoop-common-3.3.6.jar:?]
	at org.apache.hadoop.ipc.Server$Handler.run(Server.java:3048) [hadoop-common-3.3.6.jar:?]
18:56:33.488 [IPC Server handler 4 on default port 15163] ERROR OMAudit - user=runner | ip=127.0.0.1 | op=GET_FILE_STATUS {volume=volume50878, bucket=bucket78448, key=testBatchDelete/parent/childFolder/child1, dataSize=0, replicationConfig=null} | ret=FAILURE
org.apache.hadoop.ozone.om.exceptions.OMException: Unable to get file status: volume: volume50878 bucket: bucket78448 key: testBatchDelete/parent/childFolder/child1
	at org.apache.hadoop.ozone.om.KeyManagerImpl.getOzoneFileStatus(KeyManagerImpl.java:1195) ~[ozone-manager-1.4.0-SNAPSHOT.jar:?]
	at org.apache.hadoop.ozone.om.KeyManagerImpl.getFileStatus(KeyManagerImpl.java:1113) ~[ozone-manager-1.4.0-SNAPSHOT.jar:?]
	at org.apache.hadoop.ozone.om.OmMetadataReader.getFileStatus(OmMetadataReader.java:262) ~[ozone-manager-1.4.0-SNAPSHOT.jar:?]
	at org.apache.hadoop.ozone.om.OzoneManager.getFileStatus(OzoneManager.java:3530) ~[ozone-manager-1.4.0-SNAPSHOT.jar:?]
	at org.apache.hadoop.ozone.protocolPB.OzoneManagerRequestHandler.getOzoneFileStatus(OzoneManagerRequestHandler.java:973) ~[ozone-manager-1.4.0-SNAPSHOT.jar:?]
	at org.apache.hadoop.ozone.protocolPB.OzoneManagerRequestHandler.handleReadRequest(OzoneManagerRequestHandler.java:252) ~[ozone-manager-1.4.0-SNAPSHOT.jar:?]
	at org.apache.hadoop.ozone.protocolPB.OzoneManagerProtocolServerSideTranslatorPB.submitRequestDirectlyToOM(OzoneManagerProtocolServerSideTranslatorPB.java:274) ~[ozone-manager-1.4.0-SNAPSHOT.jar:?]
	at org.apache.hadoop.ozone.protocolPB.OzoneManagerProtocolServerSideTranslatorPB.processRequest(OzoneManagerProtocolServerSideTranslatorPB.java:175) ~[ozone-manager-1.4.0-SNAPSHOT.jar:?]
	at org.apache.hadoop.hdds.server.OzoneProtocolMessageDispatcher.processRequest(OzoneProtocolMessageDispatcher.java:87) [hdds-server-framework-1.4.0-SNAPSHOT.jar:?]
	at org.apache.hadoop.ozone.protocolPB.OzoneManagerProtocolServerSideTranslatorPB.submitRequest(OzoneManagerProtocolServerSideTranslatorPB.java:148) [ozone-manager-1.4.0-SNAPSHOT.jar:?]
	at org.apache.hadoop.ozone.protocol.proto.OzoneManagerProtocolProtos$OzoneManagerService$2.callBlockingMethod(OzoneManagerProtocolProtos.java) [ozone-interface-client-1.4.0-SNAPSHOT.jar:?]
	at org.apache.hadoop.ipc.ProtobufRpcEngine$Server.processCall(ProtobufRpcEngine.java:484) [hadoop-common-3.3.6.jar:?]
	at org.apache.hadoop.ipc.ProtobufRpcEngine2$Server$ProtoBufRpcInvoker.call(ProtobufRpcEngine2.java:595) [hadoop-common-3.3.6.jar:?]
	at org.apache.hadoop.ipc.ProtobufRpcEngine2$Server$ProtoBufRpcInvoker.call(ProtobufRpcEngine2.java:573) [hadoop-common-3.3.6.jar:?]
	at org.apache.hadoop.ipc.RPC$Server.call(RPC.java:1227) [hadoop-common-3.3.6.jar:?]
	at org.apache.hadoop.ipc.Server$RpcCall.run(Server.java:1094) [hadoop-common-3.3.6.jar:?]
	at org.apache.hadoop.ipc.Server$RpcCall.run(Server.java:1017) [hadoop-common-3.3.6.jar:?]
	at java.security.AccessController.doPrivileged(Native Method) ~[?:1.8.0_382]
	at javax.security.auth.Subject.doAs(Subject.java:422) [?:1.8.0_382]
	at org.apache.hadoop.security.UserGroupInformation.doAs(UserGroupInformation.java:1899) [hadoop-common-3.3.6.jar:?]
	at org.apache.hadoop.ipc.Server$Handler.run(Server.java:3048) [hadoop-common-3.3.6.jar:?]
18:56:33.489 [IPC Server handler 5 on default port 15163] ERROR OMAudit - user=runner | ip=127.0.0.1 | op=GET_FILE_STATUS {volume=volume50878, bucket=bucket78448, key=testBatchDelete/parent/child2, dataSize=0, replicationConfig=null} | ret=FAILURE
org.apache.hadoop.ozone.om.exceptions.OMException: Unable to get file status: volume: volume50878 bucket: bucket78448 key: testBatchDelete/parent/child2
	at org.apache.hadoop.ozone.om.KeyManagerImpl.getOzoneFileStatus(KeyManagerImpl.java:1195) ~[ozone-manager-1.4.0-SNAPSHOT.jar:?]
	at org.apache.hadoop.ozone.om.KeyManagerImpl.getFileStatus(KeyManagerImpl.java:1113) ~[ozone-manager-1.4.0-SNAPSHOT.jar:?]
	at org.apache.hadoop.ozone.om.OmMetadataReader.getFileStatus(OmMetadataReader.java:262) ~[ozone-manager-1.4.0-SNAPSHOT.jar:?]
	at org.apache.hadoop.ozone.om.OzoneManager.getFileStatus(OzoneManager.java:3530) ~[ozone-manager-1.4.0-SNAPSHOT.jar:?]
	at org.apache.hadoop.ozone.protocolPB.OzoneManagerRequestHandler.getOzoneFileStatus(OzoneManagerRequestHandler.java:973) ~[ozone-manager-1.4.0-SNAPSHOT.jar:?]
	at org.apache.hadoop.ozone.protocolPB.OzoneManagerRequestHandler.handleReadRequest(OzoneManagerRequestHandler.java:252) ~[ozone-manager-1.4.0-SNAPSHOT.jar:?]
	at org.apache.hadoop.ozone.protocolPB.OzoneManagerProtocolServerSideTranslatorPB.submitRequestDirectlyToOM(OzoneManagerProtocolServerSideTranslatorPB.java:274) ~[ozone-manager-1.4.0-SNAPSHOT.jar:?]
	at org.apache.hadoop.ozone.protocolPB.OzoneManagerProtocolServerSideTranslatorPB.processRequest(OzoneManagerProtocolServerSideTranslatorPB.java:175) ~[ozone-manager-1.4.0-SNAPSHOT.jar:?]
	at org.apache.hadoop.hdds.server.OzoneProtocolMessageDispatcher.processRequest(OzoneProtocolMessageDispatcher.java:87) [hdds-server-framework-1.4.0-SNAPSHOT.jar:?]
	at org.apache.hadoop.ozone.protocolPB.OzoneManagerProtocolServerSideTranslatorPB.submitRequest(OzoneManagerProtocolServerSideTranslatorPB.java:148) [ozone-manager-1.4.0-SNAPSHOT.jar:?]
	at org.apache.hadoop.ozone.protocol.proto.OzoneManagerProtocolProtos$OzoneManagerService$2.callBlockingMethod(OzoneManagerProtocolProtos.java) [ozone-interface-client-1.4.0-SNAPSHOT.jar:?]
	at org.apache.hadoop.ipc.ProtobufRpcEngine$Server.processCall(ProtobufRpcEngine.java:484) [hadoop-common-3.3.6.jar:?]
	at org.apache.hadoop.ipc.ProtobufRpcEngine2$Server$ProtoBufRpcInvoker.call(ProtobufRpcEngine2.java:595) [hadoop-common-3.3.6.jar:?]
	at org.apache.hadoop.ipc.ProtobufRpcEngine2$Server$ProtoBufRpcInvoker.call(ProtobufRpcEngine2.java:573) [hadoop-common-3.3.6.jar:?]
	at org.apache.hadoop.ipc.RPC$Server.call(RPC.java:1227) [hadoop-common-3.3.6.jar:?]
	at org.apache.hadoop.ipc.Server$RpcCall.run(Server.java:1094) [hadoop-common-3.3.6.jar:?]
	at org.apache.hadoop.ipc.Server$RpcCall.run(Server.java:1017) [hadoop-common-3.3.6.jar:?]
	at java.security.AccessController.doPrivileged(Native Method) ~[?:1.8.0_382]
	at javax.security.auth.Subject.doAs(Subject.java:422) [?:1.8.0_382]
	at org.apache.hadoop.security.UserGroupInformation.doAs(UserGroupInformation.java:1899) [hadoop-common-3.3.6.jar:?]
	at org.apache.hadoop.ipc.Server$Handler.run(Server.java:3048) [hadoop-common-3.3.6.jar:?]
18:56:33.490 [IPC Server handler 7 on default port 15163] ERROR OMAudit - user=runner | ip=127.0.0.1 | op=GET_FILE_STATUS {volume=volume50878, bucket=bucket78448, key=testBatchDelete/parent/childFolder/child2, dataSize=0, replicationConfig=null} | ret=FAILURE
org.apache.hadoop.ozone.om.exceptions.OMException: Unable to get file status: volume: volume50878 bucket: bucket78448 key: testBatchDelete/parent/childFolder/child2
	at org.apache.hadoop.ozone.om.KeyManagerImpl.getOzoneFileStatus(KeyManagerImpl.java:1195) ~[ozone-manager-1.4.0-SNAPSHOT.jar:?]
	at org.apache.hadoop.ozone.om.KeyManagerImpl.getFileStatus(KeyManagerImpl.java:1113) ~[ozone-manager-1.4.0-SNAPSHOT.jar:?]
	at org.apache.hadoop.ozone.om.OmMetadataReader.getFileStatus(OmMetadataReader.java:262) ~[ozone-manager-1.4.0-SNAPSHOT.jar:?]
	at org.apache.hadoop.ozone.om.OzoneManager.getFileStatus(OzoneManager.java:3530) ~[ozone-manager-1.4.0-SNAPSHOT.jar:?]
	at org.apache.hadoop.ozone.protocolPB.OzoneManagerRequestHandler.getOzoneFileStatus(OzoneManagerRequestHandler.java:973) ~[ozone-manager-1.4.0-SNAPSHOT.jar:?]
	at org.apache.hadoop.ozone.protocolPB.OzoneManagerRequestHandler.handleReadRequest(OzoneManagerRequestHandler.java:252) ~[ozone-manager-1.4.0-SNAPSHOT.jar:?]
	at org.apache.hadoop.ozone.protocolPB.OzoneManagerProtocolServerSideTranslatorPB.submitRequestDirectlyToOM(OzoneManagerProtocolServerSideTranslatorPB.java:274) ~[ozone-manager-1.4.0-SNAPSHOT.jar:?]
	at org.apache.hadoop.ozone.protocolPB.OzoneManagerProtocolServerSideTranslatorPB.processRequest(OzoneManagerProtocolServerSideTranslatorPB.java:175) ~[ozone-manager-1.4.0-SNAPSHOT.jar:?]
	at org.apache.hadoop.hdds.server.OzoneProtocolMessageDispatcher.processRequest(OzoneProtocolMessageDispatcher.java:87) [hdds-server-framework-1.4.0-SNAPSHOT.jar:?]
	at org.apache.hadoop.ozone.protocolPB.OzoneManagerProtocolServerSideTranslatorPB.submitRequest(OzoneManagerProtocolServerSideTranslatorPB.java:148) [ozone-manager-1.4.0-SNAPSHOT.jar:?]
	at org.apache.hadoop.ozone.protocol.proto.OzoneManagerProtocolProtos$OzoneManagerService$2.callBlockingMethod(OzoneManagerProtocolProtos.java) [ozone-interface-client-1.4.0-SNAPSHOT.jar:?]
	at org.apache.hadoop.ipc.ProtobufRpcEngine$Server.processCall(ProtobufRpcEngine.java:484) [hadoop-common-3.3.6.jar:?]
	at org.apache.hadoop.ipc.ProtobufRpcEngine2$Server$ProtoBufRpcInvoker.call(ProtobufRpcEngine2.java:595) [hadoop-common-3.3.6.jar:?]
	at org.apache.hadoop.ipc.ProtobufRpcEngine2$Server$ProtoBufRpcInvoker.call(ProtobufRpcEngine2.java:573) [hadoop-common-3.3.6.jar:?]
	at org.apache.hadoop.ipc.RPC$Server.call(RPC.java:1227) [hadoop-common-3.3.6.jar:?]
	at org.apache.hadoop.ipc.Server$RpcCall.run(Server.java:1094) [hadoop-common-3.3.6.jar:?]
	at org.apache.hadoop.ipc.Server$RpcCall.run(Server.java:1017) [hadoop-common-3.3.6.jar:?]
	at java.security.AccessController.doPrivileged(Native Method) ~[?:1.8.0_382]
	at javax.security.auth.Subject.doAs(Subject.java:422) [?:1.8.0_382]
	at org.apache.hadoop.security.UserGroupInformation.doAs(UserGroupInformation.java:1899) [hadoop-common-3.3.6.jar:?]
	at org.apache.hadoop.ipc.Server$Handler.run(Server.java:3048) [hadoop-common-3.3.6.jar:?]
18:56:33.491 [IPC Server handler 6 on default port 15163] ERROR OMAudit - user=runner | ip=127.0.0.1 | op=GET_FILE_STATUS {volume=volume50878, bucket=bucket78448, key=testBatchDelete/parent/child3, dataSize=0, replicationConfig=null} | ret=FAILURE
org.apache.hadoop.ozone.om.exceptions.OMException: Unable to get file status: volume: volume50878 bucket: bucket78448 key: testBatchDelete/parent/child3
	at org.apache.hadoop.ozone.om.KeyManagerImpl.getOzoneFileStatus(KeyManagerImpl.java:1195) ~[ozone-manager-1.4.0-SNAPSHOT.jar:?]
	at org.apache.hadoop.ozone.om.KeyManagerImpl.getFileStatus(KeyManagerImpl.java:1113) ~[ozone-manager-1.4.0-SNAPSHOT.jar:?]
	at org.apache.hadoop.ozone.om.OmMetadataReader.getFileStatus(OmMetadataReader.java:262) ~[ozone-manager-1.4.0-SNAPSHOT.jar:?]
	at org.apache.hadoop.ozone.om.OzoneManager.getFileStatus(OzoneManager.java:3530) ~[ozone-manager-1.4.0-SNAPSHOT.jar:?]
	at org.apache.hadoop.ozone.protocolPB.OzoneManagerRequestHandler.getOzoneFileStatus(OzoneManagerRequestHandler.java:973) ~[ozone-manager-1.4.0-SNAPSHOT.jar:?]
	at org.apache.hadoop.ozone.protocolPB.OzoneManagerRequestHandler.handleReadRequest(OzoneManagerRequestHandler.java:252) ~[ozone-manager-1.4.0-SNAPSHOT.jar:?]
	at org.apache.hadoop.ozone.protocolPB.OzoneManagerProtocolServerSideTranslatorPB.submitRequestDirectlyToOM(OzoneManagerProtocolServerSideTranslatorPB.java:274) ~[ozone-manager-1.4.0-SNAPSHOT.jar:?]
	at org.apache.hadoop.ozone.protocolPB.OzoneManagerProtocolServerSideTranslatorPB.processRequest(OzoneManagerProtocolServerSideTranslatorPB.java:175) ~[ozone-manager-1.4.0-SNAPSHOT.jar:?]
	at org.apache.hadoop.hdds.server.OzoneProtocolMessageDispatcher.processRequest(OzoneProtocolMessageDispatcher.java:87) [hdds-server-framework-1.4.0-SNAPSHOT.jar:?]
	at org.apache.hadoop.ozone.protocolPB.OzoneManagerProtocolServerSideTranslatorPB.submitRequest(OzoneManagerProtocolServerSideTranslatorPB.java:148) [ozone-manager-1.4.0-SNAPSHOT.jar:?]
	at org.apache.hadoop.ozone.protocol.proto.OzoneManagerProtocolProtos$OzoneManagerService$2.callBlockingMethod(OzoneManagerProtocolProtos.java) [ozone-interface-client-1.4.0-SNAPSHOT.jar:?]
	at org.apache.hadoop.ipc.ProtobufRpcEngine$Server.processCall(ProtobufRpcEngine.java:484) [hadoop-common-3.3.6.jar:?]
	at org.apache.hadoop.ipc.ProtobufRpcEngine2$Server$ProtoBufRpcInvoker.call(ProtobufRpcEngine2.java:595) [hadoop-common-3.3.6.jar:?]
	at org.apache.hadoop.ipc.ProtobufRpcEngine2$Server$ProtoBufRpcInvoker.call(ProtobufRpcEngine2.java:573) [hadoop-common-3.3.6.jar:?]
	at org.apache.hadoop.ipc.RPC$Server.call(RPC.java:1227) [hadoop-common-3.3.6.jar:?]
	at org.apache.hadoop.ipc.Server$RpcCall.run(Server.java:1094) [hadoop-common-3.3.6.jar:?]
	at org.apache.hadoop.ipc.Server$RpcCall.run(Server.java:1017) [hadoop-common-3.3.6.jar:?]
	at java.security.AccessController.doPrivileged(Native Method) ~[?:1.8.0_382]
	at javax.security.auth.Subject.doAs(Subject.java:422) [?:1.8.0_382]
	at org.apache.hadoop.security.UserGroupInformation.doAs(UserGroupInformation.java:1899) [hadoop-common-3.3.6.jar:?]
	at org.apache.hadoop.ipc.Server$Handler.run(Server.java:3048) [hadoop-common-3.3.6.jar:?]
18:56:33.492 [IPC Server handler 8 on default port 15163] ERROR OMAudit - user=runner | ip=127.0.0.1 | op=GET_FILE_STATUS {volume=volume50878, bucket=bucket78448, key=testBatchDelete/parent/childFolder/child3, dataSize=0, replicationConfig=null} | ret=FAILURE
org.apache.hadoop.ozone.om.exceptions.OMException: Unable to get file status: volume: volume50878 bucket: bucket78448 key: testBatchDelete/parent/childFolder/child3
	at org.apache.hadoop.ozone.om.KeyManagerImpl.getOzoneFileStatus(KeyManagerImpl.java:1195) ~[ozone-manager-1.4.0-SNAPSHOT.jar:?]
	at org.apache.hadoop.ozone.om.KeyManagerImpl.getFileStatus(KeyManagerImpl.java:1113) ~[ozone-manager-1.4.0-SNAPSHOT.jar:?]
	at org.apache.hadoop.ozone.om.OmMetadataReader.getFileStatus(OmMetadataReader.java:262) ~[ozone-manager-1.4.0-SNAPSHOT.jar:?]
	at org.apache.hadoop.ozone.om.OzoneManager.getFileStatus(OzoneManager.java:3530) ~[ozone-manager-1.4.0-SNAPSHOT.jar:?]
	at org.apache.hadoop.ozone.protocolPB.OzoneManagerRequestHandler.getOzoneFileStatus(OzoneManagerRequestHandler.java:973) ~[ozone-manager-1.4.0-SNAPSHOT.jar:?]
	at org.apache.hadoop.ozone.protocolPB.OzoneManagerRequestHandler.handleReadRequest(OzoneManagerRequestHandler.java:252) ~[ozone-manager-1.4.0-SNAPSHOT.jar:?]
	at org.apache.hadoop.ozone.protocolPB.OzoneManagerProtocolServerSideTranslatorPB.submitRequestDirectlyToOM(OzoneManagerProtocolServerSideTranslatorPB.java:274) ~[ozone-manager-1.4.0-SNAPSHOT.jar:?]
	at org.apache.hadoop.ozone.protocolPB.OzoneManagerProtocolServerSideTranslatorPB.processRequest(OzoneManagerProtocolServerSideTranslatorPB.java:175) ~[ozone-manager-1.4.0-SNAPSHOT.jar:?]
	at org.apache.hadoop.hdds.server.OzoneProtocolMessageDispatcher.processRequest(OzoneProtocolMessageDispatcher.java:87) [hdds-server-framework-1.4.0-SNAPSHOT.jar:?]
	at org.apache.hadoop.ozone.protocolPB.OzoneManagerProtocolServerSideTranslatorPB.submitRequest(OzoneManagerProtocolServerSideTranslatorPB.java:148) [ozone-manager-1.4.0-SNAPSHOT.jar:?]
	at org.apache.hadoop.ozone.protocol.proto.OzoneManagerProtocolProtos$OzoneManagerService$2.callBlockingMethod(OzoneManagerProtocolProtos.java) [ozone-interface-client-1.4.0-SNAPSHOT.jar:?]
	at org.apache.hadoop.ipc.ProtobufRpcEngine$Server.processCall(ProtobufRpcEngine.java:484) [hadoop-common-3.3.6.jar:?]
	at org.apache.hadoop.ipc.ProtobufRpcEngine2$Server$ProtoBufRpcInvoker.call(ProtobufRpcEngine2.java:595) [hadoop-common-3.3.6.jar:?]
	at org.apache.hadoop.ipc.ProtobufRpcEngine2$Server$ProtoBufRpcInvoker.call(ProtobufRpcEngine2.java:573) [hadoop-common-3.3.6.jar:?]
	at org.apache.hadoop.ipc.RPC$Server.call(RPC.java:1227) [hadoop-common-3.3.6.jar:?]
	at org.apache.hadoop.ipc.Server$RpcCall.run(Server.java:1094) [hadoop-common-3.3.6.jar:?]
	at org.apache.hadoop.ipc.Server$RpcCall.run(Server.java:1017) [hadoop-common-3.3.6.jar:?]
	at java.security.AccessController.doPrivileged(Native Method) ~[?:1.8.0_382]
	at javax.security.auth.Subject.doAs(Subject.java:422) [?:1.8.0_382]
	at org.apache.hadoop.security.UserGroupInformation.doAs(UserGroupInformation.java:1899) [hadoop-common-3.3.6.jar:?]
	at org.apache.hadoop.ipc.Server$Handler.run(Server.java:3048) [hadoop-common-3.3.6.jar:?]
18:56:33.492 [IPC Server handler 9 on default port 15163] ERROR OMAudit - user=runner | ip=127.0.0.1 | op=GET_FILE_STATUS {volume=volume50878, bucket=bucket78448, key=testBatchDelete/parent/child4, dataSize=0, replicationConfig=null} | ret=FAILURE
org.apache.hadoop.ozone.om.exceptions.OMException: Unable to get file status: volume: volume50878 bucket: bucket78448 key: testBatchDelete/parent/child4
	at org.apache.hadoop.ozone.om.KeyManagerImpl.getOzoneFileStatus(KeyManagerImpl.java:1195) ~[ozone-manager-1.4.0-SNAPSHOT.jar:?]
	at org.apache.hadoop.ozone.om.KeyManagerImpl.getFileStatus(KeyManagerImpl.java:1113) ~[ozone-manager-1.4.0-SNAPSHOT.jar:?]
	at org.apache.hadoop.ozone.om.OmMetadataReader.getFileStatus(OmMetadataReader.java:262) ~[ozone-manager-1.4.0-SNAPSHOT.jar:?]
	at org.apache.hadoop.ozone.om.OzoneManager.getFileStatus(OzoneManager.java:3530) ~[ozone-manager-1.4.0-SNAPSHOT.jar:?]
	at org.apache.hadoop.ozone.protocolPB.OzoneManagerRequestHandler.getOzoneFileStatus(OzoneManagerRequestHandler.java:973) ~[ozone-manager-1.4.0-SNAPSHOT.jar:?]
	at org.apache.hadoop.ozone.protocolPB.OzoneManagerRequestHandler.handleReadRequest(OzoneManagerRequestHandler.java:252) ~[ozone-manager-1.4.0-SNAPSHOT.jar:?]
	at org.apache.hadoop.ozone.protocolPB.OzoneManagerProtocolServerSideTranslatorPB.submitRequestDirectlyToOM(OzoneManagerProtocolServerSideTranslatorPB.java:274) ~[ozone-manager-1.4.0-SNAPSHOT.jar:?]
	at org.apache.hadoop.ozone.protocolPB.OzoneManagerProtocolServerSideTranslatorPB.processRequest(OzoneManagerProtocolServerSideTranslatorPB.java:175) ~[ozone-manager-1.4.0-SNAPSHOT.jar:?]
	at org.apache.hadoop.hdds.server.OzoneProtocolMessageDispatcher.processRequest(OzoneProtocolMessageDispatcher.java:87) [hdds-server-framework-1.4.0-SNAPSHOT.jar:?]
	at org.apache.hadoop.ozone.protocolPB.OzoneManagerProtocolServerSideTranslatorPB.submitRequest(OzoneManagerProtocolServerSideTranslatorPB.java:148) [ozone-manager-1.4.0-SNAPSHOT.jar:?]
	at org.apache.hadoop.ozone.protocol.proto.OzoneManagerProtocolProtos$OzoneManagerService$2.callBlockingMethod(OzoneManagerProtocolProtos.java) [ozone-interface-client-1.4.0-SNAPSHOT.jar:?]
	at org.apache.hadoop.ipc.ProtobufRpcEngine$Server.processCall(ProtobufRpcEngine.java:484) [hadoop-common-3.3.6.jar:?]
	at org.apache.hadoop.ipc.ProtobufRpcEngine2$Server$ProtoBufRpcInvoker.call(ProtobufRpcEngine2.java:595) [hadoop-common-3.3.6.jar:?]
	at org.apache.hadoop.ipc.ProtobufRpcEngine2$Server$ProtoBufRpcInvoker.call(ProtobufRpcEngine2.java:573) [hadoop-common-3.3.6.jar:?]
	at org.apache.hadoop.ipc.RPC$Server.call(RPC.java:1227) [hadoop-common-3.3.6.jar:?]
	at org.apache.hadoop.ipc.Server$RpcCall.run(Server.java:1094) [hadoop-common-3.3.6.jar:?]
	at org.apache.hadoop.ipc.Server$RpcCall.run(Server.java:1017) [hadoop-common-3.3.6.jar:?]
	at java.security.AccessController.doPrivileged(Native Method) ~[?:1.8.0_382]
	at javax.security.auth.Subject.doAs(Subject.java:422) [?:1.8.0_382]
	at org.apache.hadoop.security.UserGroupInformation.doAs(UserGroupInformation.java:1899) [hadoop-common-3.3.6.jar:?]
	at org.apache.hadoop.ipc.Server$Handler.run(Server.java:3048) [hadoop-common-3.3.6.jar:?]
18:56:33.493 [IPC Server handler 11 on default port 15163] ERROR OMAudit - user=runner | ip=127.0.0.1 | op=GET_FILE_STATUS {volume=volume50878, bucket=bucket78448, key=testBatchDelete/parent/childFolder/child4, dataSize=0, replicationConfig=null} | ret=FAILURE
org.apache.hadoop.ozone.om.exceptions.OMException: Unable to get file status: volume: volume50878 bucket: bucket78448 key: testBatchDelete/parent/childFolder/child4
	at org.apache.hadoop.ozone.om.KeyManagerImpl.getOzoneFileStatus(KeyManagerImpl.java:1195) ~[ozone-manager-1.4.0-SNAPSHOT.jar:?]
	at org.apache.hadoop.ozone.om.KeyManagerImpl.getFileStatus(KeyManagerImpl.java:1113) ~[ozone-manager-1.4.0-SNAPSHOT.jar:?]
	at org.apache.hadoop.ozone.om.OmMetadataReader.getFileStatus(OmMetadataReader.java:262) ~[ozone-manager-1.4.0-SNAPSHOT.jar:?]
	at org.apache.hadoop.ozone.om.OzoneManager.getFileStatus(OzoneManager.java:3530) ~[ozone-manager-1.4.0-SNAPSHOT.jar:?]
	at org.apache.hadoop.ozone.protocolPB.OzoneManagerRequestHandler.getOzoneFileStatus(OzoneManagerRequestHandler.java:973) ~[ozone-manager-1.4.0-SNAPSHOT.jar:?]
	at org.apache.hadoop.ozone.protocolPB.OzoneManagerRequestHandler.handleReadRequest(OzoneManagerRequestHandler.java:252) ~[ozone-manager-1.4.0-SNAPSHOT.jar:?]
	at org.apache.hadoop.ozone.protocolPB.OzoneManagerProtocolServerSideTranslatorPB.submitRequestDirectlyToOM(OzoneManagerProtocolServerSideTranslatorPB.java:274) ~[ozone-manager-1.4.0-SNAPSHOT.jar:?]
	at org.apache.hadoop.ozone.protocolPB.OzoneManagerProtocolServerSideTranslatorPB.processRequest(OzoneManagerProtocolServerSideTranslatorPB.java:175) ~[ozone-manager-1.4.0-SNAPSHOT.jar:?]
	at org.apache.hadoop.hdds.server.OzoneProtocolMessageDispatcher.processRequest(OzoneProtocolMessageDispatcher.java:87) [hdds-server-framework-1.4.0-SNAPSHOT.jar:?]
	at org.apache.hadoop.ozone.protocolPB.OzoneManagerProtocolServerSideTranslatorPB.submitRequest(OzoneManagerProtocolServerSideTranslatorPB.java:148) [ozone-manager-1.4.0-SNAPSHOT.jar:?]
	at org.apache.hadoop.ozone.protocol.proto.OzoneManagerProtocolProtos$OzoneManagerService$2.callBlockingMethod(OzoneManagerProtocolProtos.java) [ozone-interface-client-1.4.0-SNAPSHOT.jar:?]
	at org.apache.hadoop.ipc.ProtobufRpcEngine$Server.processCall(ProtobufRpcEngine.java:484) [hadoop-common-3.3.6.jar:?]
	at org.apache.hadoop.ipc.ProtobufRpcEngine2$Server$ProtoBufRpcInvoker.call(ProtobufRpcEngine2.java:595) [hadoop-common-3.3.6.jar:?]
	at org.apache.hadoop.ipc.ProtobufRpcEngine2$Server$ProtoBufRpcInvoker.call(ProtobufRpcEngine2.java:573) [hadoop-common-3.3.6.jar:?]
	at org.apache.hadoop.ipc.RPC$Server.call(RPC.java:1227) [hadoop-common-3.3.6.jar:?]
	at org.apache.hadoop.ipc.Server$RpcCall.run(Server.java:1094) [hadoop-common-3.3.6.jar:?]
	at org.apache.hadoop.ipc.Server$RpcCall.run(Server.java:1017) [hadoop-common-3.3.6.jar:?]
	at java.security.AccessController.doPrivileged(Native Method) ~[?:1.8.0_382]
	at javax.security.auth.Subject.doAs(Subject.java:422) [?:1.8.0_382]
	at org.apache.hadoop.security.UserGroupInformation.doAs(UserGroupInformation.java:1899) [hadoop-common-3.3.6.jar:?]
	at org.apache.hadoop.ipc.Server$Handler.run(Server.java:3048) [hadoop-common-3.3.6.jar:?]
18:56:33.494 [IPC Server handler 12 on default port 15163] ERROR OMAudit - user=runner | ip=127.0.0.1 | op=GET_FILE_STATUS {volume=volume50878, bucket=bucket78448, key=testBatchDelete/parent/child5, dataSize=0, replicationConfig=null} | ret=FAILURE
org.apache.hadoop.ozone.om.exceptions.OMException: Unable to get file status: volume: volume50878 bucket: bucket78448 key: testBatchDelete/parent/child5
	at org.apache.hadoop.ozone.om.KeyManagerImpl.getOzoneFileStatus(KeyManagerImpl.java:1195) ~[ozone-manager-1.4.0-SNAPSHOT.jar:?]
	at org.apache.hadoop.ozone.om.KeyManagerImpl.getFileStatus(KeyManagerImpl.java:1113) ~[ozone-manager-1.4.0-SNAPSHOT.jar:?]
	at org.apache.hadoop.ozone.om.OmMetadataReader.getFileStatus(OmMetadataReader.java:262) ~[ozone-manager-1.4.0-SNAPSHOT.jar:?]
	at org.apache.hadoop.ozone.om.OzoneManager.getFileStatus(OzoneManager.java:3530) ~[ozone-manager-1.4.0-SNAPSHOT.jar:?]
	at org.apache.hadoop.ozone.protocolPB.OzoneManagerRequestHandler.getOzoneFileStatus(OzoneManagerRequestHandler.java:973) ~[ozone-manager-1.4.0-SNAPSHOT.jar:?]
	at org.apache.hadoop.ozone.protocolPB.OzoneManagerRequestHandler.handleReadRequest(OzoneManagerRequestHandler.java:252) ~[ozone-manager-1.4.0-SNAPSHOT.jar:?]
	at org.apache.hadoop.ozone.protocolPB.OzoneManagerProtocolServerSideTranslatorPB.submitRequestDirectlyToOM(OzoneManagerProtocolServerSideTranslatorPB.java:274) ~[ozone-manager-1.4.0-SNAPSHOT.jar:?]
	at org.apache.hadoop.ozone.protocolPB.OzoneManagerProtocolServerSideTranslatorPB.processRequest(OzoneManagerProtocolServerSideTranslatorPB.java:175) ~[ozone-manager-1.4.0-SNAPSHOT.jar:?]
	at org.apache.hadoop.hdds.server.OzoneProtocolMessageDispatcher.processRequest(OzoneProtocolMessageDispatcher.java:87) [hdds-server-framework-1.4.0-SNAPSHOT.jar:?]
	at org.apache.hadoop.ozone.protocolPB.OzoneManagerProtocolServerSideTranslatorPB.submitRequest(OzoneManagerProtocolServerSideTranslatorPB.java:148) [ozone-manager-1.4.0-SNAPSHOT.jar:?]
	at org.apache.hadoop.ozone.protocol.proto.OzoneManagerProtocolProtos$OzoneManagerService$2.callBlockingMethod(OzoneManagerProtocolProtos.java) [ozone-interface-client-1.4.0-SNAPSHOT.jar:?]
	at org.apache.hadoop.ipc.ProtobufRpcEngine$Server.processCall(ProtobufRpcEngine.java:484) [hadoop-common-3.3.6.jar:?]
	at org.apache.hadoop.ipc.ProtobufRpcEngine2$Server$ProtoBufRpcInvoker.call(ProtobufRpcEngine2.java:595) [hadoop-common-3.3.6.jar:?]
	at org.apache.hadoop.ipc.ProtobufRpcEngine2$Server$ProtoBufRpcInvoker.call(ProtobufRpcEngine2.java:573) [hadoop-common-3.3.6.jar:?]
	at org.apache.hadoop.ipc.RPC$Server.call(RPC.java:1227) [hadoop-common-3.3.6.jar:?]
	at org.apache.hadoop.ipc.Server$RpcCall.run(Server.java:1094) [hadoop-common-3.3.6.jar:?]
	at org.apache.hadoop.ipc.Server$RpcCall.run(Server.java:1017) [hadoop-common-3.3.6.jar:?]
	at java.security.AccessController.doPrivileged(Native Method) ~[?:1.8.0_382]
	at javax.security.auth.Subject.doAs(Subject.java:422) [?:1.8.0_382]
	at org.apache.hadoop.security.UserGroupInformation.doAs(UserGroupInformation.java:1899) [hadoop-common-3.3.6.jar:?]
	at org.apache.hadoop.ipc.Server$Handler.run(Server.java:3048) [hadoop-common-3.3.6.jar:?]
18:56:33.495 [IPC Server handler 10 on default port 15163] ERROR OMAudit - user=runner | ip=127.0.0.1 | op=GET_FILE_STATUS {volume=volume50878, bucket=bucket78448, key=testBatchDelete/parent/childFolder/child5, dataSize=0, replicationConfig=null} | ret=FAILURE
org.apache.hadoop.ozone.om.exceptions.OMException: Unable to get file status: volume: volume50878 bucket: bucket78448 key: testBatchDelete/parent/childFolder/child5
	at org.apache.hadoop.ozone.om.KeyManagerImpl.getOzoneFileStatus(KeyManagerImpl.java:1195) ~[ozone-manager-1.4.0-SNAPSHOT.jar:?]
	at org.apache.hadoop.ozone.om.KeyManagerImpl.getFileStatus(KeyManagerImpl.java:1113) ~[ozone-manager-1.4.0-SNAPSHOT.jar:?]
	at org.apache.hadoop.ozone.om.OmMetadataReader.getFileStatus(OmMetadataReader.java:262) ~[ozone-manager-1.4.0-SNAPSHOT.jar:?]
	at org.apache.hadoop.ozone.om.OzoneManager.getFileStatus(OzoneManager.java:3530) ~[ozone-manager-1.4.0-SNAPSHOT.jar:?]
	at org.apache.hadoop.ozone.protocolPB.OzoneManagerRequestHandler.getOzoneFileStatus(OzoneManagerRequestHandler.java:973) ~[ozone-manager-1.4.0-SNAPSHOT.jar:?]
	at org.apache.hadoop.ozone.protocolPB.OzoneManagerRequestHandler.handleReadRequest(OzoneManagerRequestHandler.java:252) ~[ozone-manager-1.4.0-SNAPSHOT.jar:?]
	at org.apache.hadoop.ozone.protocolPB.OzoneManagerProtocolServerSideTranslatorPB.submitRequestDirectlyToOM(OzoneManagerProtocolServerSideTranslatorPB.java:274) ~[ozone-manager-1.4.0-SNAPSHOT.jar:?]
	at org.apache.hadoop.ozone.protocolPB.OzoneManagerProtocolServerSideTranslatorPB.processRequest(OzoneManagerProtocolServerSideTranslatorPB.java:175) ~[ozone-manager-1.4.0-SNAPSHOT.jar:?]
	at org.apache.hadoop.hdds.server.OzoneProtocolMessageDispatcher.processRequest(OzoneProtocolMessageDispatcher.java:87) [hdds-server-framework-1.4.0-SNAPSHOT.jar:?]
	at org.apache.hadoop.ozone.protocolPB.OzoneManagerProtocolServerSideTranslatorPB.submitRequest(OzoneManagerProtocolServerSideTranslatorPB.java:148) [ozone-manager-1.4.0-SNAPSHOT.jar:?]
	at org.apache.hadoop.ozone.protocol.proto.OzoneManagerProtocolProtos$OzoneManagerService$2.callBlockingMethod(OzoneManagerProtocolProtos.java) [ozone-interface-client-1.4.0-SNAPSHOT.jar:?]
	at org.apache.hadoop.ipc.ProtobufRpcEngine$Server.processCall(ProtobufRpcEngine.java:484) [hadoop-common-3.3.6.jar:?]
	at org.apache.hadoop.ipc.ProtobufRpcEngine2$Server$ProtoBufRpcInvoker.call(ProtobufRpcEngine2.java:595) [hadoop-common-3.3.6.jar:?]
	at org.apache.hadoop.ipc.ProtobufRpcEngine2$Server$ProtoBufRpcInvoker.call(ProtobufRpcEngine2.java:573) [hadoop-common-3.3.6.jar:?]
	at org.apache.hadoop.ipc.RPC$Server.call(RPC.java:1227) [hadoop-common-3.3.6.jar:?]
	at org.apache.hadoop.ipc.Server$RpcCall.run(Server.java:1094) [hadoop-common-3.3.6.jar:?]
	at org.apache.hadoop.ipc.Server$RpcCall.run(Server.java:1017) [hadoop-common-3.3.6.jar:?]
	at java.security.AccessController.doPrivileged(Native Method) ~[?:1.8.0_382]
	at javax.security.auth.Subject.doAs(Subject.java:422) [?:1.8.0_382]
	at org.apache.hadoop.security.UserGroupInformation.doAs(UserGroupInformation.java:1899) [hadoop-common-3.3.6.jar:?]
	at org.apache.hadoop.ipc.Server$Handler.run(Server.java:3048) [hadoop-common-3.3.6.jar:?]
18:56:33.495 [IPC Server handler 14 on default port 15163] ERROR OMAudit - user=runner | ip=127.0.0.1 | op=GET_FILE_STATUS {volume=volume50878, bucket=bucket78448, key=testBatchDelete/parent/child6, dataSize=0, replicationConfig=null} | ret=FAILURE
org.apache.hadoop.ozone.om.exceptions.OMException: Unable to get file status: volume: volume50878 bucket: bucket78448 key: testBatchDelete/parent/child6
	at org.apache.hadoop.ozone.om.KeyManagerImpl.getOzoneFileStatus(KeyManagerImpl.java:1195) ~[ozone-manager-1.4.0-SNAPSHOT.jar:?]
	at org.apache.hadoop.ozone.om.KeyManagerImpl.getFileStatus(KeyManagerImpl.java:1113) ~[ozone-manager-1.4.0-SNAPSHOT.jar:?]
	at org.apache.hadoop.ozone.om.OmMetadataReader.getFileStatus(OmMetadataReader.java:262) ~[ozone-manager-1.4.0-SNAPSHOT.jar:?]
	at org.apache.hadoop.ozone.om.OzoneManager.getFileStatus(OzoneManager.java:3530) ~[ozone-manager-1.4.0-SNAPSHOT.jar:?]
	at org.apache.hadoop.ozone.protocolPB.OzoneManagerRequestHandler.getOzoneFileStatus(OzoneManagerRequestHandler.java:973) ~[ozone-manager-1.4.0-SNAPSHOT.jar:?]
	at org.apache.hadoop.ozone.protocolPB.OzoneManagerRequestHandler.handleReadRequest(OzoneManagerRequestHandler.java:252) ~[ozone-manager-1.4.0-SNAPSHOT.jar:?]
	at org.apache.hadoop.ozone.protocolPB.OzoneManagerProtocolServerSideTranslatorPB.submitRequestDirectlyToOM(OzoneManagerProtocolServerSideTranslatorPB.java:274) ~[ozone-manager-1.4.0-SNAPSHOT.jar:?]
	at org.apache.hadoop.ozone.protocolPB.OzoneManagerProtocolServerSideTranslatorPB.processRequest(OzoneManagerProtocolServerSideTranslatorPB.java:175) ~[ozone-manager-1.4.0-SNAPSHOT.jar:?]
	at org.apache.hadoop.hdds.server.OzoneProtocolMessageDispatcher.processRequest(OzoneProtocolMessageDispatcher.java:87) [hdds-server-framework-1.4.0-SNAPSHOT.jar:?]
	at org.apache.hadoop.ozone.protocolPB.OzoneManagerProtocolServerSideTranslatorPB.submitRequest(OzoneManagerProtocolServerSideTranslatorPB.java:148) [ozone-manager-1.4.0-SNAPSHOT.jar:?]
	at org.apache.hadoop.ozone.protocol.proto.OzoneManagerProtocolProtos$OzoneManagerService$2.callBlockingMethod(OzoneManagerProtocolProtos.java) [ozone-interface-client-1.4.0-SNAPSHOT.jar:?]
	at org.apache.hadoop.ipc.ProtobufRpcEngine$Server.processCall(ProtobufRpcEngine.java:484) [hadoop-common-3.3.6.jar:?]
	at org.apache.hadoop.ipc.ProtobufRpcEngine2$Server$ProtoBufRpcInvoker.call(ProtobufRpcEngine2.java:595) [hadoop-common-3.3.6.jar:?]
	at org.apache.hadoop.ipc.ProtobufRpcEngine2$Server$ProtoBufRpcInvoker.call(ProtobufRpcEngine2.java:573) [hadoop-common-3.3.6.jar:?]
	at org.apache.hadoop.ipc.RPC$Server.call(RPC.java:1227) [hadoop-common-3.3.6.jar:?]
	at org.apache.hadoop.ipc.Server$RpcCall.run(Server.java:1094) [hadoop-common-3.3.6.jar:?]
	at org.apache.hadoop.ipc.Server$RpcCall.run(Server.java:1017) [hadoop-common-3.3.6.jar:?]
	at java.security.AccessController.doPrivileged(Native Method) ~[?:1.8.0_382]
	at javax.security.auth.Subject.doAs(Subject.java:422) [?:1.8.0_382]
	at org.apache.hadoop.security.UserGroupInformation.doAs(UserGroupInformation.java:1899) [hadoop-common-3.3.6.jar:?]
	at org.apache.hadoop.ipc.Server$Handler.run(Server.java:3048) [hadoop-common-3.3.6.jar:?]
18:56:33.496 [IPC Server handler 15 on default port 15163] ERROR OMAudit - user=runner | ip=127.0.0.1 | op=GET_FILE_STATUS {volume=volume50878, bucket=bucket78448, key=testBatchDelete/parent/childFolder/child6, dataSize=0, replicationConfig=null} | ret=FAILURE
org.apache.hadoop.ozone.om.exceptions.OMException: Unable to get file status: volume: volume50878 bucket: bucket78448 key: testBatchDelete/parent/childFolder/child6
	at org.apache.hadoop.ozone.om.KeyManagerImpl.getOzoneFileStatus(KeyManagerImpl.java:1195) ~[ozone-manager-1.4.0-SNAPSHOT.jar:?]
	at org.apache.hadoop.ozone.om.KeyManagerImpl.getFileStatus(KeyManagerImpl.java:1113) ~[ozone-manager-1.4.0-SNAPSHOT.jar:?]
	at org.apache.hadoop.ozone.om.OmMetadataReader.getFileStatus(OmMetadataReader.java:262) ~[ozone-manager-1.4.0-SNAPSHOT.jar:?]
	at org.apache.hadoop.ozone.om.OzoneManager.getFileStatus(OzoneManager.java:3530) ~[ozone-manager-1.4.0-SNAPSHOT.jar:?]
	at org.apache.hadoop.ozone.protocolPB.OzoneManagerRequestHandler.getOzoneFileStatus(OzoneManagerRequestHandler.java:973) ~[ozone-manager-1.4.0-SNAPSHOT.jar:?]
	at org.apache.hadoop.ozone.protocolPB.OzoneManagerRequestHandler.handleReadRequest(OzoneManagerRequestHandler.java:252) ~[ozone-manager-1.4.0-SNAPSHOT.jar:?]
	at org.apache.hadoop.ozone.protocolPB.OzoneManagerProtocolServerSideTranslatorPB.submitRequestDirectlyToOM(OzoneManagerProtocolServerSideTranslatorPB.java:274) ~[ozone-manager-1.4.0-SNAPSHOT.jar:?]
	at org.apache.hadoop.ozone.protocolPB.OzoneManagerProtocolServerSideTranslatorPB.processRequest(OzoneManagerProtocolServerSideTranslatorPB.java:175) ~[ozone-manager-1.4.0-SNAPSHOT.jar:?]
	at org.apache.hadoop.hdds.server.OzoneProtocolMessageDispatcher.processRequest(OzoneProtocolMessageDispatcher.java:87) [hdds-server-framework-1.4.0-SNAPSHOT.jar:?]
	at org.apache.hadoop.ozone.protocolPB.OzoneManagerProtocolServerSideTranslatorPB.submitRequest(OzoneManagerProtocolServerSideTranslatorPB.java:148) [ozone-manager-1.4.0-SNAPSHOT.jar:?]
	at org.apache.hadoop.ozone.protocol.proto.OzoneManagerProtocolProtos$OzoneManagerService$2.callBlockingMethod(OzoneManagerProtocolProtos.java) [ozone-interface-client-1.4.0-SNAPSHOT.jar:?]
	at org.apache.hadoop.ipc.ProtobufRpcEngine$Server.processCall(ProtobufRpcEngine.java:484) [hadoop-common-3.3.6.jar:?]
	at org.apache.hadoop.ipc.ProtobufRpcEngine2$Server$ProtoBufRpcInvoker.call(ProtobufRpcEngine2.java:595) [hadoop-common-3.3.6.jar:?]
	at org.apache.hadoop.ipc.ProtobufRpcEngine2$Server$ProtoBufRpcInvoker.call(ProtobufRpcEngine2.java:573) [hadoop-common-3.3.6.jar:?]
	at org.apache.hadoop.ipc.RPC$Server.call(RPC.java:1227) [hadoop-common-3.3.6.jar:?]
	at org.apache.hadoop.ipc.Server$RpcCall.run(Server.java:1094) [hadoop-common-3.3.6.jar:?]
	at org.apache.hadoop.ipc.Server$RpcCall.run(Server.java:1017) [hadoop-common-3.3.6.jar:?]
	at java.security.AccessController.doPrivileged(Native Method) ~[?:1.8.0_382]
	at javax.security.auth.Subject.doAs(Subject.java:422) [?:1.8.0_382]
	at org.apache.hadoop.security.UserGroupInformation.doAs(UserGroupInformation.java:1899) [hadoop-common-3.3.6.jar:?]
	at org.apache.hadoop.ipc.Server$Handler.run(Server.java:3048) [hadoop-common-3.3.6.jar:?]
18:56:33.497 [IPC Server handler 13 on default port 15163] ERROR OMAudit - user=runner | ip=127.0.0.1 | op=GET_FILE_STATUS {volume=volume50878, bucket=bucket78448, key=testBatchDelete/parent/child7, dataSize=0, replicationConfig=null} | ret=FAILURE
org.apache.hadoop.ozone.om.exceptions.OMException: Unable to get file status: volume: volume50878 bucket: bucket78448 key: testBatchDelete/parent/child7
	at org.apache.hadoop.ozone.om.KeyManagerImpl.getOzoneFileStatus(KeyManagerImpl.java:1195) ~[ozone-manager-1.4.0-SNAPSHOT.jar:?]
	at org.apache.hadoop.ozone.om.KeyManagerImpl.getFileStatus(KeyManagerImpl.java:1113) ~[ozone-manager-1.4.0-SNAPSHOT.jar:?]
	at org.apache.hadoop.ozone.om.OmMetadataReader.getFileStatus(OmMetadataReader.java:262) ~[ozone-manager-1.4.0-SNAPSHOT.jar:?]
	at org.apache.hadoop.ozone.om.OzoneManager.getFileStatus(OzoneManager.java:3530) ~[ozone-manager-1.4.0-SNAPSHOT.jar:?]
	at org.apache.hadoop.ozone.protocolPB.OzoneManagerRequestHandler.getOzoneFileStatus(OzoneManagerRequestHandler.java:973) ~[ozone-manager-1.4.0-SNAPSHOT.jar:?]
	at org.apache.hadoop.ozone.protocolPB.OzoneManagerRequestHandler.handleReadRequest(OzoneManagerRequestHandler.java:252) ~[ozone-manager-1.4.0-SNAPSHOT.jar:?]
	at org.apache.hadoop.ozone.protocolPB.OzoneManagerProtocolServerSideTranslatorPB.submitRequestDirectlyToOM(OzoneManagerProtocolServerSideTranslatorPB.java:274) ~[ozone-manager-1.4.0-SNAPSHOT.jar:?]
	at org.apache.hadoop.ozone.protocolPB.OzoneManagerProtocolServerSideTranslatorPB.processRequest(OzoneManagerProtocolServerSideTranslatorPB.java:175) ~[ozone-manager-1.4.0-SNAPSHOT.jar:?]
	at org.apache.hadoop.hdds.server.OzoneProtocolMessageDispatcher.processRequest(OzoneProtocolMessageDispatcher.java:87) [hdds-server-framework-1.4.0-SNAPSHOT.jar:?]
	at org.apache.hadoop.ozone.protocolPB.OzoneManagerProtocolServerSideTranslatorPB.submitRequest(OzoneManagerProtocolServerSideTranslatorPB.java:148) [ozone-manager-1.4.0-SNAPSHOT.jar:?]
	at org.apache.hadoop.ozone.protocol.proto.OzoneManagerProtocolProtos$OzoneManagerService$2.callBlockingMethod(OzoneManagerProtocolProtos.java) [ozone-interface-client-1.4.0-SNAPSHOT.jar:?]
	at org.apache.hadoop.ipc.ProtobufRpcEngine$Server.processCall(ProtobufRpcEngine.java:484) [hadoop-common-3.3.6.jar:?]
	at org.apache.hadoop.ipc.ProtobufRpcEngine2$Server$ProtoBufRpcInvoker.call(ProtobufRpcEngine2.java:595) [hadoop-common-3.3.6.jar:?]
	at org.apache.hadoop.ipc.ProtobufRpcEngine2$Server$ProtoBufRpcInvoker.call(ProtobufRpcEngine2.java:573) [hadoop-common-3.3.6.jar:?]
	at org.apache.hadoop.ipc.RPC$Server.call(RPC.java:1227) [hadoop-common-3.3.6.jar:?]
	at org.apache.hadoop.ipc.Server$RpcCall.run(Server.java:1094) [hadoop-common-3.3.6.jar:?]
	at org.apache.hadoop.ipc.Server$RpcCall.run(Server.java:1017) [hadoop-common-3.3.6.jar:?]
	at java.security.AccessController.doPrivileged(Native Method) ~[?:1.8.0_382]
	at javax.security.auth.Subject.doAs(Subject.java:422) [?:1.8.0_382]
	at org.apache.hadoop.security.UserGroupInformation.doAs(UserGroupInformation.java:1899) [hadoop-common-3.3.6.jar:?]
	at org.apache.hadoop.ipc.Server$Handler.run(Server.java:3048) [hadoop-common-3.3.6.jar:?]
18:56:33.499 [IPC Server handler 17 on default port 15163] ERROR OMAudit - user=runner | ip=127.0.0.1 | op=GET_FILE_STATUS {volume=volume50878, bucket=bucket78448, key=testBatchDelete/parent/childFolder/child7, dataSize=0, replicationConfig=null} | ret=FAILURE
org.apache.hadoop.ozone.om.exceptions.OMException: Unable to get file status: volume: volume50878 bucket: bucket78448 key: testBatchDelete/parent/childFolder/child7
	at org.apache.hadoop.ozone.om.KeyManagerImpl.getOzoneFileStatus(KeyManagerImpl.java:1195) ~[ozone-manager-1.4.0-SNAPSHOT.jar:?]
	at org.apache.hadoop.ozone.om.KeyManagerImpl.getFileStatus(KeyManagerImpl.java:1113) ~[ozone-manager-1.4.0-SNAPSHOT.jar:?]
	at org.apache.hadoop.ozone.om.OmMetadataReader.getFileStatus(OmMetadataReader.java:262) ~[ozone-manager-1.4.0-SNAPSHOT.jar:?]
	at org.apache.hadoop.ozone.om.OzoneManager.getFileStatus(OzoneManager.java:3530) ~[ozone-manager-1.4.0-SNAPSHOT.jar:?]
	at org.apache.hadoop.ozone.protocolPB.OzoneManagerRequestHandler.getOzoneFileStatus(OzoneManagerRequestHandler.java:973) ~[ozone-manager-1.4.0-SNAPSHOT.jar:?]
	at org.apache.hadoop.ozone.protocolPB.OzoneManagerRequestHandler.handleReadRequest(OzoneManagerRequestHandler.java:252) ~[ozone-manager-1.4.0-SNAPSHOT.jar:?]
	at org.apache.hadoop.ozone.protocolPB.OzoneManagerProtocolServerSideTranslatorPB.submitRequestDirectlyToOM(OzoneManagerProtocolServerSideTranslatorPB.java:274) ~[ozone-manager-1.4.0-SNAPSHOT.jar:?]
	at org.apache.hadoop.ozone.protocolPB.OzoneManagerProtocolServerSideTranslatorPB.processRequest(OzoneManagerProtocolServerSideTranslatorPB.java:175) ~[ozone-manager-1.4.0-SNAPSHOT.jar:?]
	at org.apache.hadoop.hdds.server.OzoneProtocolMessageDispatcher.processRequest(OzoneProtocolMessageDispatcher.java:87) [hdds-server-framework-1.4.0-SNAPSHOT.jar:?]
	at org.apache.hadoop.ozone.protocolPB.OzoneManagerProtocolServerSideTranslatorPB.submitRequest(OzoneManagerProtocolServerSideTranslatorPB.java:148) [ozone-manager-1.4.0-SNAPSHOT.jar:?]
	at org.apache.hadoop.ozone.protocol.proto.OzoneManagerProtocolProtos$OzoneManagerService$2.callBlockingMethod(OzoneManagerProtocolProtos.java) [ozone-interface-client-1.4.0-SNAPSHOT.jar:?]
	at org.apache.hadoop.ipc.ProtobufRpcEngine$Server.processCall(ProtobufRpcEngine.java:484) [hadoop-common-3.3.6.jar:?]
	at org.apache.hadoop.ipc.ProtobufRpcEngine2$Server$ProtoBufRpcInvoker.call(ProtobufRpcEngine2.java:595) [hadoop-common-3.3.6.jar:?]
	at org.apache.hadoop.ipc.ProtobufRpcEngine2$Server$ProtoBufRpcInvoker.call(ProtobufRpcEngine2.java:573) [hadoop-common-3.3.6.jar:?]
	at org.apache.hadoop.ipc.RPC$Server.call(RPC.java:1227) [hadoop-common-3.3.6.jar:?]
	at org.apache.hadoop.ipc.Server$RpcCall.run(Server.java:1094) [hadoop-common-3.3.6.jar:?]
	at org.apache.hadoop.ipc.Server$RpcCall.run(Server.java:1017) [hadoop-common-3.3.6.jar:?]
	at java.security.AccessController.doPrivileged(Native Method) ~[?:1.8.0_382]
	at javax.security.auth.Subject.doAs(Subject.java:422) [?:1.8.0_382]
	at org.apache.hadoop.security.UserGroupInformation.doAs(UserGroupInformation.java:1899) [hadoop-common-3.3.6.jar:?]
	at org.apache.hadoop.ipc.Server$Handler.run(Server.java:3048) [hadoop-common-3.3.6.jar:?]
18:56:33.500 [IPC Server handler 19 on default port 15163] ERROR OMAudit - user=runner | ip=127.0.0.1 | op=GET_FILE_STATUS {volume=volume50878, bucket=bucket78448, key=testBatchDelete/parent, dataSize=0, replicationConfig=null} | ret=FAILURE
org.apache.hadoop.ozone.om.exceptions.OMException: Unable to get file status: volume: volume50878 bucket: bucket78448 key: testBatchDelete/parent
	at org.apache.hadoop.ozone.om.KeyManagerImpl.getOzoneFileStatus(KeyManagerImpl.java:1195) ~[ozone-manager-1.4.0-SNAPSHOT.jar:?]
	at org.apache.hadoop.ozone.om.KeyManagerImpl.getFileStatus(KeyManagerImpl.java:1113) ~[ozone-manager-1.4.0-SNAPSHOT.jar:?]
	at org.apache.hadoop.ozone.om.OmMetadataReader.getFileStatus(OmMetadataReader.java:262) ~[ozone-manager-1.4.0-SNAPSHOT.jar:?]
	at org.apache.hadoop.ozone.om.OzoneManager.getFileStatus(OzoneManager.java:3530) ~[ozone-manager-1.4.0-SNAPSHOT.jar:?]
	at org.apache.hadoop.ozone.protocolPB.OzoneManagerRequestHandler.getOzoneFileStatus(OzoneManagerRequestHandler.java:973) ~[ozone-manager-1.4.0-SNAPSHOT.jar:?]
	at org.apache.hadoop.ozone.protocolPB.OzoneManagerRequestHandler.handleReadRequest(OzoneManagerRequestHandler.java:252) ~[ozone-manager-1.4.0-SNAPSHOT.jar:?]
	at org.apache.hadoop.ozone.protocolPB.OzoneManagerProtocolServerSideTranslatorPB.submitRequestDirectlyToOM(OzoneManagerProtocolServerSideTranslatorPB.java:274) ~[ozone-manager-1.4.0-SNAPSHOT.jar:?]
	at org.apache.hadoop.ozone.protocolPB.OzoneManagerProtocolServerSideTranslatorPB.processRequest(OzoneManagerProtocolServerSideTranslatorPB.java:175) ~[ozone-manager-1.4.0-SNAPSHOT.jar:?]
	at org.apache.hadoop.hdds.server.OzoneProtocolMessageDispatcher.processRequest(OzoneProtocolMessageDispatcher.java:87) [hdds-server-framework-1.4.0-SNAPSHOT.jar:?]
	at org.apache.hadoop.ozone.protocolPB.OzoneManagerProtocolServerSideTranslatorPB.submitRequest(OzoneManagerProtocolServerSideTranslatorPB.java:148) [ozone-manager-1.4.0-SNAPSHOT.jar:?]
	at org.apache.hadoop.ozone.protocol.proto.OzoneManagerProtocolProtos$OzoneManagerService$2.callBlockingMethod(OzoneManagerProtocolProtos.java) [ozone-interface-client-1.4.0-SNAPSHOT.jar:?]
	at org.apache.hadoop.ipc.ProtobufRpcEngine$Server.processCall(ProtobufRpcEngine.java:484) [hadoop-common-3.3.6.jar:?]
	at org.apache.hadoop.ipc.ProtobufRpcEngine2$Server$ProtoBufRpcInvoker.call(ProtobufRpcEngine2.java:595) [hadoop-common-3.3.6.jar:?]
	at org.apache.hadoop.ipc.ProtobufRpcEngine2$Server$ProtoBufRpcInvoker.call(ProtobufRpcEngine2.java:573) [hadoop-common-3.3.6.jar:?]
	at org.apache.hadoop.ipc.RPC$Server.call(RPC.java:1227) [hadoop-common-3.3.6.jar:?]
	at org.apache.hadoop.ipc.Server$RpcCall.run(Server.java:1094) [hadoop-common-3.3.6.jar:?]
	at org.apache.hadoop.ipc.Server$RpcCall.run(Server.java:1017) [hadoop-common-3.3.6.jar:?]
	at java.security.AccessController.doPrivileged(Native Method) ~[?:1.8.0_382]
	at javax.security.auth.Subject.doAs(Subject.java:422) [?:1.8.0_382]
	at org.apache.hadoop.security.UserGroupInformation.doAs(UserGroupInformation.java:1899) [hadoop-common-3.3.6.jar:?]
	at org.apache.hadoop.ipc.Server$Handler.run(Server.java:3048) [hadoop-common-3.3.6.jar:?]
2023-08-29 18:56:33,500 [Time-limited test] WARN  ozone.BasicOzoneFileSystem (BasicOzoneFileSystem.java:delete(595)) - delete: Path does not exist: /testBatchDelete/parent
]]></system-out>
  </testcase>
  <testcase name="testListStatusIteratorOnPageSize" classname="TestOzoneFileSystem" time="42.68">
    <system-out><![CDATA[2023-08-29 18:53:43,334 [IPC Server handler 4 on default port 15001] INFO  ha.SequenceIdGenerator (SequenceIdGenerator.java:getNextId(140)) - Allocate a batch for delTxnId, change lastId from 0 to 1000.
2023-08-29 18:53:46,316 [BlockDeletingService#0] INFO  interfaces.ContainerDeletionChoosingPolicyTemplate (ContainerDeletionChoosingPolicyTemplate.java:chooseContainerForBlockDeletion(85)) - Chosen 0/5000 blocks from 0 candidate containers.
2023-08-29 18:53:46,705 [BlockDeletingService#0] INFO  interfaces.ContainerDeletionChoosingPolicyTemplate (ContainerDeletionChoosingPolicyTemplate.java:chooseContainerForBlockDeletion(85)) - Chosen 0/5000 blocks from 0 candidate containers.
2023-08-29 18:53:46,973 [BlockDeletingService#0] INFO  interfaces.ContainerDeletionChoosingPolicyTemplate (ContainerDeletionChoosingPolicyTemplate.java:chooseContainerForBlockDeletion(85)) - Chosen 0/5000 blocks from 0 candidate containers.
2023-08-29 18:53:47,332 [BlockDeletingService#0] INFO  interfaces.ContainerDeletionChoosingPolicyTemplate (ContainerDeletionChoosingPolicyTemplate.java:chooseContainerForBlockDeletion(85)) - Chosen 0/5000 blocks from 0 candidate containers.
2023-08-29 18:53:47,618 [BlockDeletingService#0] INFO  interfaces.ContainerDeletionChoosingPolicyTemplate (ContainerDeletionChoosingPolicyTemplate.java:chooseContainerForBlockDeletion(85)) - Chosen 0/5000 blocks from 0 candidate containers.
]]></system-out>
  </testcase>
  <testcase name="testListStatusIteratorOnPageSize" classname="TestOzoneFileSystem" time="29.806">
    <system-out><![CDATA[2023-08-29 18:54:29,311 [JvmPauseMonitor8] WARN  util.JvmPauseMonitor (JvmPauseMonitor.java:detectPause(124)) - JvmPauseMonitor-81bad0e7-3961-47bf-93c9-20dd9d521bc4: Detected pause in JVM or host machine approximately 0.107s with 0.178s GC time.
GC pool 'PS Scavenge' had collection(s): count=1 time=178ms
2023-08-29 18:54:29,312 [JvmPauseMonitor13] WARN  util.JvmPauseMonitor (JvmPauseMonitor.java:detectPause(124)) - JvmPauseMonitor-6fd2df5d-7fa6-4dbe-8371-fb8b49d5e440: Detected pause in JVM or host machine approximately 0.113s with 0.178s GC time.
GC pool 'PS Scavenge' had collection(s): count=1 time=178ms
2023-08-29 18:54:29,312 [JvmPauseMonitor7] WARN  util.JvmPauseMonitor (JvmPauseMonitor.java:detectPause(124)) - JvmPauseMonitor-31a74210-bbf6-4af6-8234-2695b25dd456: Detected pause in JVM or host machine approximately 0.111s with 0.178s GC time.
GC pool 'PS Scavenge' had collection(s): count=1 time=178ms
2023-08-29 18:54:29,313 [JvmPauseMonitor12] WARN  util.JvmPauseMonitor (JvmPauseMonitor.java:detectPause(124)) - JvmPauseMonitor-56262cb9-d4bb-4e4d-aa87-5a4e1fe7f493: Detected pause in JVM or host machine approximately 0.140s with 0.178s GC time.
GC pool 'PS Scavenge' had collection(s): count=1 time=178ms
2023-08-29 18:54:29,313 [JvmPauseMonitor10] WARN  util.JvmPauseMonitor (JvmPauseMonitor.java:detectPause(124)) - JvmPauseMonitor-9b50acff-382e-4523-ab74-6f7baa2ae53c: Detected pause in JVM or host machine approximately 0.140s with 0.178s GC time.
GC pool 'PS Scavenge' had collection(s): count=1 time=178ms
2023-08-29 18:54:29,319 [JvmPauseMonitor9] WARN  util.JvmPauseMonitor (JvmPauseMonitor.java:detectPause(124)) - JvmPauseMonitor-01366e89-60c7-46c1-a96e-1a2337162bc6: Detected pause in JVM or host machine approximately 0.148s with 0.178s GC time.
GC pool 'PS Scavenge' had collection(s): count=1 time=178ms
2023-08-29 18:54:29,319 [JvmPauseMonitor11] WARN  util.JvmPauseMonitor (JvmPauseMonitor.java:detectPause(124)) - JvmPauseMonitor-35cfc858-a2b0-48ab-9c56-830891a3070f: Detected pause in JVM or host machine approximately 0.148s with 0.178s GC time.
GC pool 'PS Scavenge' had collection(s): count=1 time=178ms
]]></system-out>
  </testcase>
  <testcase name="testListStatusIteratorOnPageSize" classname="TestOzoneFileSystem" time="33.989">
    <system-out><![CDATA[2023-08-29 18:55:30,308 [JvmPauseMonitor16] WARN  util.JvmPauseMonitor (JvmPauseMonitor.java:detectPause(124)) - JvmPauseMonitor-0d210486-d547-40fe-b644-a4a516df2759: Detected pause in JVM or host machine approximately 0.133s with 0.187s GC time.
GC pool 'PS Scavenge' had collection(s): count=1 time=187ms
2023-08-29 18:55:37,162 [JvmPauseMonitor19] WARN  util.JvmPauseMonitor (JvmPauseMonitor.java:detectPause(124)) - JvmPauseMonitor-f550e702-abe2-49cd-8ff2-4b2ec6b34c67: Detected pause in JVM or host machine approximately 0.113s with 0.123s GC time.
GC pool 'PS Scavenge' had collection(s): count=1 time=123ms
2023-08-29 18:55:37,162 [JvmPauseMonitor14] WARN  util.JvmPauseMonitor (JvmPauseMonitor.java:detectPause(124)) - JvmPauseMonitor-052ab789-45b1-4a21-827b-216222ed7bd2: Detected pause in JVM or host machine approximately 0.113s with 0.123s GC time.
GC pool 'PS Scavenge' had collection(s): count=1 time=123ms
2023-08-29 18:55:46,487 [JvmPauseMonitor20] WARN  util.JvmPauseMonitor (JvmPauseMonitor.java:detectPause(124)) - JvmPauseMonitor-7e144599-01e3-4b85-852c-8ce44e41f20b: Detected pause in JVM or host machine approximately 0.112s with 0.122s GC time.
GC pool 'PS Scavenge' had collection(s): count=1 time=122ms
2023-08-29 18:55:46,487 [JvmPauseMonitor18] WARN  util.JvmPauseMonitor (JvmPauseMonitor.java:detectPause(124)) - JvmPauseMonitor-2eaf327d-c8aa-4b69-9e65-db94832273b8: Detected pause in JVM or host machine approximately 0.113s with 0.122s GC time.
GC pool 'PS Scavenge' had collection(s): count=1 time=122ms
2023-08-29 18:55:46,487 [JvmPauseMonitor15] WARN  util.JvmPauseMonitor (JvmPauseMonitor.java:detectPause(124)) - JvmPauseMonitor-om1: Detected pause in JVM or host machine approximately 0.113s with 0.122s GC time.
GC pool 'PS Scavenge' had collection(s): count=1 time=122ms
2023-08-29 18:55:46,488 [JvmPauseMonitor16] WARN  util.JvmPauseMonitor (JvmPauseMonitor.java:detectPause(124)) - JvmPauseMonitor-0d210486-d547-40fe-b644-a4a516df2759: Detected pause in JVM or host machine approximately 0.114s with 0.122s GC time.
GC pool 'PS Scavenge' had collection(s): count=1 time=122ms
2023-08-29 18:55:49,629 [JvmPauseMonitor17] WARN  util.JvmPauseMonitor (JvmPauseMonitor.java:detectPause(124)) - JvmPauseMonitor-fe29ea50-ce7d-4d67-99db-5363b98f75df: Detected pause in JVM or host machine approximately 0.113s with 0.120s GC time.
GC pool 'PS Scavenge' had collection(s): count=1 time=120ms
2023-08-29 18:55:52,773 [JvmPauseMonitor14] WARN  util.JvmPauseMonitor (JvmPauseMonitor.java:detectPause(124)) - JvmPauseMonitor-052ab789-45b1-4a21-827b-216222ed7bd2: Detected pause in JVM or host machine approximately 0.606s with 0.796s GC time.
GC pool 'PS MarkSweep' had collection(s): count=1 time=623ms
GC pool 'PS Scavenge' had collection(s): count=1 time=173ms
2023-08-29 18:55:52,773 [JvmPauseMonitor19] WARN  util.JvmPauseMonitor (JvmPauseMonitor.java:detectPause(124)) - JvmPauseMonitor-f550e702-abe2-49cd-8ff2-4b2ec6b34c67: Detected pause in JVM or host machine approximately 0.607s with 0.796s GC time.
GC pool 'PS MarkSweep' had collection(s): count=1 time=623ms
GC pool 'PS Scavenge' had collection(s): count=1 time=173ms
2023-08-29 18:55:52,774 [JvmPauseMonitor17] WARN  util.JvmPauseMonitor (JvmPauseMonitor.java:detectPause(124)) - JvmPauseMonitor-fe29ea50-ce7d-4d67-99db-5363b98f75df: Detected pause in JVM or host machine approximately 0.644s with 0.796s GC time.
GC pool 'PS MarkSweep' had collection(s): count=1 time=623ms
GC pool 'PS Scavenge' had collection(s): count=1 time=173ms
2023-08-29 18:55:52,777 [JvmPauseMonitor16] WARN  util.JvmPauseMonitor (JvmPauseMonitor.java:detectPause(124)) - JvmPauseMonitor-0d210486-d547-40fe-b644-a4a516df2759: Detected pause in JVM or host machine approximately 0.788s with 0.796s GC time.
GC pool 'PS MarkSweep' had collection(s): count=1 time=623ms
GC pool 'PS Scavenge' had collection(s): count=1 time=173ms
2023-08-29 18:55:52,777 [JvmPauseMonitor20] WARN  util.JvmPauseMonitor (JvmPauseMonitor.java:detectPause(124)) - JvmPauseMonitor-7e144599-01e3-4b85-852c-8ce44e41f20b: Detected pause in JVM or host machine approximately 0.788s with 0.796s GC time.
GC pool 'PS MarkSweep' had collection(s): count=1 time=623ms
GC pool 'PS Scavenge' had collection(s): count=1 time=173ms
2023-08-29 18:55:52,777 [JvmPauseMonitor15] WARN  util.JvmPauseMonitor (JvmPauseMonitor.java:detectPause(124)) - JvmPauseMonitor-om1: Detected pause in JVM or host machine approximately 0.789s with 0.796s GC time.
GC pool 'PS MarkSweep' had collection(s): count=1 time=623ms
GC pool 'PS Scavenge' had collection(s): count=1 time=173ms
2023-08-29 18:55:52,777 [JvmPauseMonitor18] WARN  util.JvmPauseMonitor (JvmPauseMonitor.java:detectPause(124)) - JvmPauseMonitor-2eaf327d-c8aa-4b69-9e65-db94832273b8: Detected pause in JVM or host machine approximately 0.789s with 0.796s GC time.
GC pool 'PS MarkSweep' had collection(s): count=1 time=623ms
GC pool 'PS Scavenge' had collection(s): count=1 time=173ms
]]></system-out>
  </testcase>
  <testcase name="testListStatusIteratorOnPageSize" classname="TestOzoneFileSystem" time="28.392">
    <system-out><![CDATA[2023-08-29 18:56:35,402 [JvmPauseMonitor21] WARN  util.JvmPauseMonitor (JvmPauseMonitor.java:detectPause(124)) - JvmPauseMonitor-75bf3acf-678b-4310-a280-691cae00fe3f: Detected pause in JVM or host machine approximately 0.196s with 0.622s GC time.
GC pool 'PS MarkSweep' had collection(s): count=1 time=475ms
GC pool 'PS Scavenge' had collection(s): count=1 time=147ms
2023-08-29 18:56:35,404 [JvmPauseMonitor26] WARN  util.JvmPauseMonitor (JvmPauseMonitor.java:detectPause(124)) - JvmPauseMonitor-9b9fb1d1-2285-4865-a677-77c8be404412: Detected pause in JVM or host machine approximately 0.258s with 0.622s GC time.
GC pool 'PS MarkSweep' had collection(s): count=1 time=475ms
GC pool 'PS Scavenge' had collection(s): count=1 time=147ms
2023-08-29 18:56:35,404 [JvmPauseMonitor24] WARN  util.JvmPauseMonitor (JvmPauseMonitor.java:detectPause(124)) - JvmPauseMonitor-f5d5de74-035f-4e7b-b7e8-455c492d4758: Detected pause in JVM or host machine approximately 0.346s with 0.622s GC time.
GC pool 'PS MarkSweep' had collection(s): count=1 time=475ms
GC pool 'PS Scavenge' had collection(s): count=1 time=147ms
2023-08-29 18:56:35,408 [JvmPauseMonitor22] WARN  util.JvmPauseMonitor (JvmPauseMonitor.java:detectPause(124)) - JvmPauseMonitor-08b8889e-67d1-44c3-822f-75265270ca5d: Detected pause in JVM or host machine approximately 0.426s with 0.622s GC time.
GC pool 'PS MarkSweep' had collection(s): count=1 time=475ms
GC pool 'PS Scavenge' had collection(s): count=1 time=147ms
2023-08-29 18:56:35,410 [JvmPauseMonitor27] WARN  util.JvmPauseMonitor (JvmPauseMonitor.java:detectPause(124)) - JvmPauseMonitor-b7d61230-484d-41a2-ab8b-b31889d091fe: Detected pause in JVM or host machine approximately 0.486s with 0.622s GC time.
GC pool 'PS MarkSweep' had collection(s): count=1 time=475ms
GC pool 'PS Scavenge' had collection(s): count=1 time=147ms
2023-08-29 18:56:35,410 [JvmPauseMonitor25] WARN  util.JvmPauseMonitor (JvmPauseMonitor.java:detectPause(124)) - JvmPauseMonitor-1088055f-b6dc-4993-819c-da5e568aeaf2: Detected pause in JVM or host machine approximately 0.491s with 0.622s GC time.
GC pool 'PS MarkSweep' had collection(s): count=1 time=475ms
GC pool 'PS Scavenge' had collection(s): count=1 time=147ms
2023-08-29 18:56:35,411 [JvmPauseMonitor23] WARN  util.JvmPauseMonitor (JvmPauseMonitor.java:detectPause(124)) - JvmPauseMonitor-fdf3821b-2737-47a5-9603-1a2dda162151: Detected pause in JVM or host machine approximately 0.589s with 0.622s GC time.
GC pool 'PS MarkSweep' had collection(s): count=1 time=475ms
GC pool 'PS Scavenge' had collection(s): count=1 time=147ms
]]></system-out>
  </testcase>
  <testcase name="testRenameToTrashEnabled" classname="TestOzoneFileSystem" time="0.139">
    <system-out><![CDATA[18:53:48.729 [IPC Server handler 1 on default port 15004] ERROR OMAudit - user=runner | ip=127.0.0.1 | op=GET_FILE_STATUS {volume=volume53060, bucket=bucket79480, key=.Trash/runner/Current/testKey1, dataSize=0, replicationConfig=null} | ret=FAILURE
org.apache.hadoop.ozone.om.exceptions.OMException: Unable to get file status: volume: volume53060 bucket: bucket79480 key: .Trash/runner/Current/testKey1
	at org.apache.hadoop.ozone.om.KeyManagerImpl.getOzoneFileStatus(KeyManagerImpl.java:1195) ~[ozone-manager-1.4.0-SNAPSHOT.jar:?]
	at org.apache.hadoop.ozone.om.KeyManagerImpl.getFileStatus(KeyManagerImpl.java:1113) ~[ozone-manager-1.4.0-SNAPSHOT.jar:?]
	at org.apache.hadoop.ozone.om.OmMetadataReader.getFileStatus(OmMetadataReader.java:262) ~[ozone-manager-1.4.0-SNAPSHOT.jar:?]
	at org.apache.hadoop.ozone.om.OzoneManager.getFileStatus(OzoneManager.java:3530) ~[ozone-manager-1.4.0-SNAPSHOT.jar:?]
	at org.apache.hadoop.ozone.protocolPB.OzoneManagerRequestHandler.getOzoneFileStatus(OzoneManagerRequestHandler.java:973) ~[ozone-manager-1.4.0-SNAPSHOT.jar:?]
	at org.apache.hadoop.ozone.protocolPB.OzoneManagerRequestHandler.handleReadRequest(OzoneManagerRequestHandler.java:252) ~[ozone-manager-1.4.0-SNAPSHOT.jar:?]
	at org.apache.hadoop.ozone.protocolPB.OzoneManagerProtocolServerSideTranslatorPB.submitReadRequestToOM(OzoneManagerProtocolServerSideTranslatorPB.java:225) ~[ozone-manager-1.4.0-SNAPSHOT.jar:?]
	at org.apache.hadoop.ozone.protocolPB.OzoneManagerProtocolServerSideTranslatorPB.processRequest(OzoneManagerProtocolServerSideTranslatorPB.java:179) ~[ozone-manager-1.4.0-SNAPSHOT.jar:?]
	at org.apache.hadoop.hdds.server.OzoneProtocolMessageDispatcher.processRequest(OzoneProtocolMessageDispatcher.java:87) [hdds-server-framework-1.4.0-SNAPSHOT.jar:?]
	at org.apache.hadoop.ozone.protocolPB.OzoneManagerProtocolServerSideTranslatorPB.submitRequest(OzoneManagerProtocolServerSideTranslatorPB.java:148) [ozone-manager-1.4.0-SNAPSHOT.jar:?]
	at org.apache.hadoop.ozone.protocol.proto.OzoneManagerProtocolProtos$OzoneManagerService$2.callBlockingMethod(OzoneManagerProtocolProtos.java) [ozone-interface-client-1.4.0-SNAPSHOT.jar:?]
	at org.apache.hadoop.ipc.ProtobufRpcEngine$Server.processCall(ProtobufRpcEngine.java:484) [hadoop-common-3.3.6.jar:?]
	at org.apache.hadoop.ipc.ProtobufRpcEngine2$Server$ProtoBufRpcInvoker.call(ProtobufRpcEngine2.java:595) [hadoop-common-3.3.6.jar:?]
	at org.apache.hadoop.ipc.ProtobufRpcEngine2$Server$ProtoBufRpcInvoker.call(ProtobufRpcEngine2.java:573) [hadoop-common-3.3.6.jar:?]
	at org.apache.hadoop.ipc.RPC$Server.call(RPC.java:1227) [hadoop-common-3.3.6.jar:?]
	at org.apache.hadoop.ipc.Server$RpcCall.run(Server.java:1094) [hadoop-common-3.3.6.jar:?]
	at org.apache.hadoop.ipc.Server$RpcCall.run(Server.java:1017) [hadoop-common-3.3.6.jar:?]
	at java.security.AccessController.doPrivileged(Native Method) ~[?:1.8.0_382]
	at javax.security.auth.Subject.doAs(Subject.java:422) [?:1.8.0_382]
	at org.apache.hadoop.security.UserGroupInformation.doAs(UserGroupInformation.java:1899) [hadoop-common-3.3.6.jar:?]
	at org.apache.hadoop.ipc.Server$Handler.run(Server.java:3048) [hadoop-common-3.3.6.jar:?]
18:53:48.732 [IPC Server handler 15 on default port 15004] ERROR OMAudit - user=runner | ip=127.0.0.1 | op=GET_FILE_STATUS {volume=volume53060, bucket=bucket79480, key=.Trash/runner/Current/testKey1, dataSize=0, replicationConfig=null} | ret=FAILURE
org.apache.hadoop.ozone.om.exceptions.OMException: Unable to get file status: volume: volume53060 bucket: bucket79480 key: .Trash/runner/Current/testKey1
	at org.apache.hadoop.ozone.om.KeyManagerImpl.getOzoneFileStatus(KeyManagerImpl.java:1195) ~[ozone-manager-1.4.0-SNAPSHOT.jar:?]
	at org.apache.hadoop.ozone.om.KeyManagerImpl.getFileStatus(KeyManagerImpl.java:1113) ~[ozone-manager-1.4.0-SNAPSHOT.jar:?]
	at org.apache.hadoop.ozone.om.OmMetadataReader.getFileStatus(OmMetadataReader.java:262) ~[ozone-manager-1.4.0-SNAPSHOT.jar:?]
	at org.apache.hadoop.ozone.om.OzoneManager.getFileStatus(OzoneManager.java:3530) ~[ozone-manager-1.4.0-SNAPSHOT.jar:?]
	at org.apache.hadoop.ozone.protocolPB.OzoneManagerRequestHandler.getOzoneFileStatus(OzoneManagerRequestHandler.java:973) ~[ozone-manager-1.4.0-SNAPSHOT.jar:?]
	at org.apache.hadoop.ozone.protocolPB.OzoneManagerRequestHandler.handleReadRequest(OzoneManagerRequestHandler.java:252) ~[ozone-manager-1.4.0-SNAPSHOT.jar:?]
	at org.apache.hadoop.ozone.protocolPB.OzoneManagerProtocolServerSideTranslatorPB.submitReadRequestToOM(OzoneManagerProtocolServerSideTranslatorPB.java:225) ~[ozone-manager-1.4.0-SNAPSHOT.jar:?]
	at org.apache.hadoop.ozone.protocolPB.OzoneManagerProtocolServerSideTranslatorPB.processRequest(OzoneManagerProtocolServerSideTranslatorPB.java:179) ~[ozone-manager-1.4.0-SNAPSHOT.jar:?]
	at org.apache.hadoop.hdds.server.OzoneProtocolMessageDispatcher.processRequest(OzoneProtocolMessageDispatcher.java:87) [hdds-server-framework-1.4.0-SNAPSHOT.jar:?]
	at org.apache.hadoop.ozone.protocolPB.OzoneManagerProtocolServerSideTranslatorPB.submitRequest(OzoneManagerProtocolServerSideTranslatorPB.java:148) [ozone-manager-1.4.0-SNAPSHOT.jar:?]
	at org.apache.hadoop.ozone.protocol.proto.OzoneManagerProtocolProtos$OzoneManagerService$2.callBlockingMethod(OzoneManagerProtocolProtos.java) [ozone-interface-client-1.4.0-SNAPSHOT.jar:?]
	at org.apache.hadoop.ipc.ProtobufRpcEngine$Server.processCall(ProtobufRpcEngine.java:484) [hadoop-common-3.3.6.jar:?]
	at org.apache.hadoop.ipc.ProtobufRpcEngine2$Server$ProtoBufRpcInvoker.call(ProtobufRpcEngine2.java:595) [hadoop-common-3.3.6.jar:?]
	at org.apache.hadoop.ipc.ProtobufRpcEngine2$Server$ProtoBufRpcInvoker.call(ProtobufRpcEngine2.java:573) [hadoop-common-3.3.6.jar:?]
	at org.apache.hadoop.ipc.RPC$Server.call(RPC.java:1227) [hadoop-common-3.3.6.jar:?]
	at org.apache.hadoop.ipc.Server$RpcCall.run(Server.java:1094) [hadoop-common-3.3.6.jar:?]
	at org.apache.hadoop.ipc.Server$RpcCall.run(Server.java:1017) [hadoop-common-3.3.6.jar:?]
	at java.security.AccessController.doPrivileged(Native Method) ~[?:1.8.0_382]
	at javax.security.auth.Subject.doAs(Subject.java:422) [?:1.8.0_382]
	at org.apache.hadoop.security.UserGroupInformation.doAs(UserGroupInformation.java:1899) [hadoop-common-3.3.6.jar:?]
	at org.apache.hadoop.ipc.Server$Handler.run(Server.java:3048) [hadoop-common-3.3.6.jar:?]
2023-08-29 18:53:48,740 [Time-limited test] INFO  om.TrashPolicyOzone (TrashPolicyOzone.java:moveToTrash(209)) - Moved: '/testKey1' to trash at: /.Trash/runner/Current/testKey1
]]></system-out>
  </testcase>
  <testcase name="testRenameToTrashEnabled" classname="TestOzoneFileSystem" time="0.17">
    <system-out><![CDATA[18:54:55.096 [IPC Server handler 15 on default port 15057] ERROR OMAudit - user=runner | ip=127.0.0.1 | op=GET_FILE_STATUS {volume=volume92422, bucket=bucket94858, key=.Trash/runner/Current/testKey1, dataSize=0, replicationConfig=null} | ret=FAILURE
org.apache.hadoop.ozone.om.exceptions.OMException: Unable to get file status: volume: volume92422 bucket: bucket94858 key: .Trash/runner/Current/testKey1
	at org.apache.hadoop.ozone.om.KeyManagerImpl.getOzoneFileStatus(KeyManagerImpl.java:1195) ~[ozone-manager-1.4.0-SNAPSHOT.jar:?]
	at org.apache.hadoop.ozone.om.KeyManagerImpl.getFileStatus(KeyManagerImpl.java:1113) ~[ozone-manager-1.4.0-SNAPSHOT.jar:?]
	at org.apache.hadoop.ozone.om.OmMetadataReader.getFileStatus(OmMetadataReader.java:262) ~[ozone-manager-1.4.0-SNAPSHOT.jar:?]
	at org.apache.hadoop.ozone.om.OzoneManager.getFileStatus(OzoneManager.java:3530) ~[ozone-manager-1.4.0-SNAPSHOT.jar:?]
	at org.apache.hadoop.ozone.protocolPB.OzoneManagerRequestHandler.getOzoneFileStatus(OzoneManagerRequestHandler.java:973) ~[ozone-manager-1.4.0-SNAPSHOT.jar:?]
	at org.apache.hadoop.ozone.protocolPB.OzoneManagerRequestHandler.handleReadRequest(OzoneManagerRequestHandler.java:252) ~[ozone-manager-1.4.0-SNAPSHOT.jar:?]
	at org.apache.hadoop.ozone.protocolPB.OzoneManagerProtocolServerSideTranslatorPB.submitRequestDirectlyToOM(OzoneManagerProtocolServerSideTranslatorPB.java:274) ~[ozone-manager-1.4.0-SNAPSHOT.jar:?]
	at org.apache.hadoop.ozone.protocolPB.OzoneManagerProtocolServerSideTranslatorPB.processRequest(OzoneManagerProtocolServerSideTranslatorPB.java:175) ~[ozone-manager-1.4.0-SNAPSHOT.jar:?]
	at org.apache.hadoop.hdds.server.OzoneProtocolMessageDispatcher.processRequest(OzoneProtocolMessageDispatcher.java:87) [hdds-server-framework-1.4.0-SNAPSHOT.jar:?]
	at org.apache.hadoop.ozone.protocolPB.OzoneManagerProtocolServerSideTranslatorPB.submitRequest(OzoneManagerProtocolServerSideTranslatorPB.java:148) [ozone-manager-1.4.0-SNAPSHOT.jar:?]
	at org.apache.hadoop.ozone.protocol.proto.OzoneManagerProtocolProtos$OzoneManagerService$2.callBlockingMethod(OzoneManagerProtocolProtos.java) [ozone-interface-client-1.4.0-SNAPSHOT.jar:?]
	at org.apache.hadoop.ipc.ProtobufRpcEngine$Server.processCall(ProtobufRpcEngine.java:484) [hadoop-common-3.3.6.jar:?]
	at org.apache.hadoop.ipc.ProtobufRpcEngine2$Server$ProtoBufRpcInvoker.call(ProtobufRpcEngine2.java:595) [hadoop-common-3.3.6.jar:?]
	at org.apache.hadoop.ipc.ProtobufRpcEngine2$Server$ProtoBufRpcInvoker.call(ProtobufRpcEngine2.java:573) [hadoop-common-3.3.6.jar:?]
	at org.apache.hadoop.ipc.RPC$Server.call(RPC.java:1227) [hadoop-common-3.3.6.jar:?]
	at org.apache.hadoop.ipc.Server$RpcCall.run(Server.java:1094) [hadoop-common-3.3.6.jar:?]
	at org.apache.hadoop.ipc.Server$RpcCall.run(Server.java:1017) [hadoop-common-3.3.6.jar:?]
	at java.security.AccessController.doPrivileged(Native Method) ~[?:1.8.0_382]
	at javax.security.auth.Subject.doAs(Subject.java:422) [?:1.8.0_382]
	at org.apache.hadoop.security.UserGroupInformation.doAs(UserGroupInformation.java:1899) [hadoop-common-3.3.6.jar:?]
	at org.apache.hadoop.ipc.Server$Handler.run(Server.java:3048) [hadoop-common-3.3.6.jar:?]
18:54:55.100 [IPC Server handler 9 on default port 15057] ERROR OMAudit - user=runner | ip=127.0.0.1 | op=GET_FILE_STATUS {volume=volume92422, bucket=bucket94858, key=.Trash/runner/Current/testKey1, dataSize=0, replicationConfig=null} | ret=FAILURE
org.apache.hadoop.ozone.om.exceptions.OMException: Unable to get file status: volume: volume92422 bucket: bucket94858 key: .Trash/runner/Current/testKey1
	at org.apache.hadoop.ozone.om.KeyManagerImpl.getOzoneFileStatus(KeyManagerImpl.java:1195) ~[ozone-manager-1.4.0-SNAPSHOT.jar:?]
	at org.apache.hadoop.ozone.om.KeyManagerImpl.getFileStatus(KeyManagerImpl.java:1113) ~[ozone-manager-1.4.0-SNAPSHOT.jar:?]
	at org.apache.hadoop.ozone.om.OmMetadataReader.getFileStatus(OmMetadataReader.java:262) ~[ozone-manager-1.4.0-SNAPSHOT.jar:?]
	at org.apache.hadoop.ozone.om.OzoneManager.getFileStatus(OzoneManager.java:3530) ~[ozone-manager-1.4.0-SNAPSHOT.jar:?]
	at org.apache.hadoop.ozone.protocolPB.OzoneManagerRequestHandler.getOzoneFileStatus(OzoneManagerRequestHandler.java:973) ~[ozone-manager-1.4.0-SNAPSHOT.jar:?]
	at org.apache.hadoop.ozone.protocolPB.OzoneManagerRequestHandler.handleReadRequest(OzoneManagerRequestHandler.java:252) ~[ozone-manager-1.4.0-SNAPSHOT.jar:?]
	at org.apache.hadoop.ozone.protocolPB.OzoneManagerProtocolServerSideTranslatorPB.submitRequestDirectlyToOM(OzoneManagerProtocolServerSideTranslatorPB.java:274) ~[ozone-manager-1.4.0-SNAPSHOT.jar:?]
	at org.apache.hadoop.ozone.protocolPB.OzoneManagerProtocolServerSideTranslatorPB.processRequest(OzoneManagerProtocolServerSideTranslatorPB.java:175) ~[ozone-manager-1.4.0-SNAPSHOT.jar:?]
	at org.apache.hadoop.hdds.server.OzoneProtocolMessageDispatcher.processRequest(OzoneProtocolMessageDispatcher.java:87) [hdds-server-framework-1.4.0-SNAPSHOT.jar:?]
	at org.apache.hadoop.ozone.protocolPB.OzoneManagerProtocolServerSideTranslatorPB.submitRequest(OzoneManagerProtocolServerSideTranslatorPB.java:148) [ozone-manager-1.4.0-SNAPSHOT.jar:?]
	at org.apache.hadoop.ozone.protocol.proto.OzoneManagerProtocolProtos$OzoneManagerService$2.callBlockingMethod(OzoneManagerProtocolProtos.java) [ozone-interface-client-1.4.0-SNAPSHOT.jar:?]
	at org.apache.hadoop.ipc.ProtobufRpcEngine$Server.processCall(ProtobufRpcEngine.java:484) [hadoop-common-3.3.6.jar:?]
	at org.apache.hadoop.ipc.ProtobufRpcEngine2$Server$ProtoBufRpcInvoker.call(ProtobufRpcEngine2.java:595) [hadoop-common-3.3.6.jar:?]
	at org.apache.hadoop.ipc.ProtobufRpcEngine2$Server$ProtoBufRpcInvoker.call(ProtobufRpcEngine2.java:573) [hadoop-common-3.3.6.jar:?]
	at org.apache.hadoop.ipc.RPC$Server.call(RPC.java:1227) [hadoop-common-3.3.6.jar:?]
	at org.apache.hadoop.ipc.Server$RpcCall.run(Server.java:1094) [hadoop-common-3.3.6.jar:?]
	at org.apache.hadoop.ipc.Server$RpcCall.run(Server.java:1017) [hadoop-common-3.3.6.jar:?]
	at java.security.AccessController.doPrivileged(Native Method) ~[?:1.8.0_382]
	at javax.security.auth.Subject.doAs(Subject.java:422) [?:1.8.0_382]
	at org.apache.hadoop.security.UserGroupInformation.doAs(UserGroupInformation.java:1899) [hadoop-common-3.3.6.jar:?]
	at org.apache.hadoop.ipc.Server$Handler.run(Server.java:3048) [hadoop-common-3.3.6.jar:?]
2023-08-29 18:54:55,106 [Time-limited test] INFO  om.TrashPolicyOzone (TrashPolicyOzone.java:moveToTrash(209)) - Moved: '/testKey1' to trash at: /.Trash/runner/Current/testKey1
]]></system-out>
  </testcase>
  <testcase name="testRenameToTrashEnabled" classname="TestOzoneFileSystem" time="0.112">
    <system-out><![CDATA[18:56:00.202 [IPC Server handler 2 on default port 15110] ERROR OMAudit - user=runner | ip=127.0.0.1 | op=GET_FILE_STATUS {volume=volume95024, bucket=bucket37863, key=.Trash/runner/Current/testKey1, dataSize=0, replicationConfig=null} | ret=FAILURE
org.apache.hadoop.ozone.om.exceptions.OMException: Unable to get file status: volume: volume95024 bucket: bucket37863 key: .Trash/runner/Current/testKey1
	at org.apache.hadoop.ozone.om.KeyManagerImpl.getOzoneFileStatus(KeyManagerImpl.java:1195) ~[ozone-manager-1.4.0-SNAPSHOT.jar:?]
	at org.apache.hadoop.ozone.om.KeyManagerImpl.getFileStatus(KeyManagerImpl.java:1113) ~[ozone-manager-1.4.0-SNAPSHOT.jar:?]
	at org.apache.hadoop.ozone.om.OmMetadataReader.getFileStatus(OmMetadataReader.java:262) ~[ozone-manager-1.4.0-SNAPSHOT.jar:?]
	at org.apache.hadoop.ozone.om.OzoneManager.getFileStatus(OzoneManager.java:3530) ~[ozone-manager-1.4.0-SNAPSHOT.jar:?]
	at org.apache.hadoop.ozone.protocolPB.OzoneManagerRequestHandler.getOzoneFileStatus(OzoneManagerRequestHandler.java:973) ~[ozone-manager-1.4.0-SNAPSHOT.jar:?]
	at org.apache.hadoop.ozone.protocolPB.OzoneManagerRequestHandler.handleReadRequest(OzoneManagerRequestHandler.java:252) ~[ozone-manager-1.4.0-SNAPSHOT.jar:?]
	at org.apache.hadoop.ozone.protocolPB.OzoneManagerProtocolServerSideTranslatorPB.submitReadRequestToOM(OzoneManagerProtocolServerSideTranslatorPB.java:225) ~[ozone-manager-1.4.0-SNAPSHOT.jar:?]
	at org.apache.hadoop.ozone.protocolPB.OzoneManagerProtocolServerSideTranslatorPB.processRequest(OzoneManagerProtocolServerSideTranslatorPB.java:179) ~[ozone-manager-1.4.0-SNAPSHOT.jar:?]
	at org.apache.hadoop.hdds.server.OzoneProtocolMessageDispatcher.processRequest(OzoneProtocolMessageDispatcher.java:87) [hdds-server-framework-1.4.0-SNAPSHOT.jar:?]
	at org.apache.hadoop.ozone.protocolPB.OzoneManagerProtocolServerSideTranslatorPB.submitRequest(OzoneManagerProtocolServerSideTranslatorPB.java:148) [ozone-manager-1.4.0-SNAPSHOT.jar:?]
	at org.apache.hadoop.ozone.protocol.proto.OzoneManagerProtocolProtos$OzoneManagerService$2.callBlockingMethod(OzoneManagerProtocolProtos.java) [ozone-interface-client-1.4.0-SNAPSHOT.jar:?]
	at org.apache.hadoop.ipc.ProtobufRpcEngine$Server.processCall(ProtobufRpcEngine.java:484) [hadoop-common-3.3.6.jar:?]
	at org.apache.hadoop.ipc.ProtobufRpcEngine2$Server$ProtoBufRpcInvoker.call(ProtobufRpcEngine2.java:595) [hadoop-common-3.3.6.jar:?]
	at org.apache.hadoop.ipc.ProtobufRpcEngine2$Server$ProtoBufRpcInvoker.call(ProtobufRpcEngine2.java:573) [hadoop-common-3.3.6.jar:?]
	at org.apache.hadoop.ipc.RPC$Server.call(RPC.java:1227) [hadoop-common-3.3.6.jar:?]
	at org.apache.hadoop.ipc.Server$RpcCall.run(Server.java:1094) [hadoop-common-3.3.6.jar:?]
	at org.apache.hadoop.ipc.Server$RpcCall.run(Server.java:1017) [hadoop-common-3.3.6.jar:?]
	at java.security.AccessController.doPrivileged(Native Method) ~[?:1.8.0_382]
	at javax.security.auth.Subject.doAs(Subject.java:422) [?:1.8.0_382]
	at org.apache.hadoop.security.UserGroupInformation.doAs(UserGroupInformation.java:1899) [hadoop-common-3.3.6.jar:?]
	at org.apache.hadoop.ipc.Server$Handler.run(Server.java:3048) [hadoop-common-3.3.6.jar:?]
18:56:00.205 [IPC Server handler 3 on default port 15110] ERROR OMAudit - user=runner | ip=127.0.0.1 | op=GET_FILE_STATUS {volume=volume95024, bucket=bucket37863, key=.Trash/runner/Current/testKey1, dataSize=0, replicationConfig=null} | ret=FAILURE
org.apache.hadoop.ozone.om.exceptions.OMException: Unable to get file status: volume: volume95024 bucket: bucket37863 key: .Trash/runner/Current/testKey1
	at org.apache.hadoop.ozone.om.KeyManagerImpl.getOzoneFileStatus(KeyManagerImpl.java:1195) ~[ozone-manager-1.4.0-SNAPSHOT.jar:?]
	at org.apache.hadoop.ozone.om.KeyManagerImpl.getFileStatus(KeyManagerImpl.java:1113) ~[ozone-manager-1.4.0-SNAPSHOT.jar:?]
	at org.apache.hadoop.ozone.om.OmMetadataReader.getFileStatus(OmMetadataReader.java:262) ~[ozone-manager-1.4.0-SNAPSHOT.jar:?]
	at org.apache.hadoop.ozone.om.OzoneManager.getFileStatus(OzoneManager.java:3530) ~[ozone-manager-1.4.0-SNAPSHOT.jar:?]
	at org.apache.hadoop.ozone.protocolPB.OzoneManagerRequestHandler.getOzoneFileStatus(OzoneManagerRequestHandler.java:973) ~[ozone-manager-1.4.0-SNAPSHOT.jar:?]
	at org.apache.hadoop.ozone.protocolPB.OzoneManagerRequestHandler.handleReadRequest(OzoneManagerRequestHandler.java:252) ~[ozone-manager-1.4.0-SNAPSHOT.jar:?]
	at org.apache.hadoop.ozone.protocolPB.OzoneManagerProtocolServerSideTranslatorPB.submitReadRequestToOM(OzoneManagerProtocolServerSideTranslatorPB.java:225) ~[ozone-manager-1.4.0-SNAPSHOT.jar:?]
	at org.apache.hadoop.ozone.protocolPB.OzoneManagerProtocolServerSideTranslatorPB.processRequest(OzoneManagerProtocolServerSideTranslatorPB.java:179) ~[ozone-manager-1.4.0-SNAPSHOT.jar:?]
	at org.apache.hadoop.hdds.server.OzoneProtocolMessageDispatcher.processRequest(OzoneProtocolMessageDispatcher.java:87) [hdds-server-framework-1.4.0-SNAPSHOT.jar:?]
	at org.apache.hadoop.ozone.protocolPB.OzoneManagerProtocolServerSideTranslatorPB.submitRequest(OzoneManagerProtocolServerSideTranslatorPB.java:148) [ozone-manager-1.4.0-SNAPSHOT.jar:?]
	at org.apache.hadoop.ozone.protocol.proto.OzoneManagerProtocolProtos$OzoneManagerService$2.callBlockingMethod(OzoneManagerProtocolProtos.java) [ozone-interface-client-1.4.0-SNAPSHOT.jar:?]
	at org.apache.hadoop.ipc.ProtobufRpcEngine$Server.processCall(ProtobufRpcEngine.java:484) [hadoop-common-3.3.6.jar:?]
	at org.apache.hadoop.ipc.ProtobufRpcEngine2$Server$ProtoBufRpcInvoker.call(ProtobufRpcEngine2.java:595) [hadoop-common-3.3.6.jar:?]
	at org.apache.hadoop.ipc.ProtobufRpcEngine2$Server$ProtoBufRpcInvoker.call(ProtobufRpcEngine2.java:573) [hadoop-common-3.3.6.jar:?]
	at org.apache.hadoop.ipc.RPC$Server.call(RPC.java:1227) [hadoop-common-3.3.6.jar:?]
	at org.apache.hadoop.ipc.Server$RpcCall.run(Server.java:1094) [hadoop-common-3.3.6.jar:?]
	at org.apache.hadoop.ipc.Server$RpcCall.run(Server.java:1017) [hadoop-common-3.3.6.jar:?]
	at java.security.AccessController.doPrivileged(Native Method) ~[?:1.8.0_382]
	at javax.security.auth.Subject.doAs(Subject.java:422) [?:1.8.0_382]
	at org.apache.hadoop.security.UserGroupInformation.doAs(UserGroupInformation.java:1899) [hadoop-common-3.3.6.jar:?]
	at org.apache.hadoop.ipc.Server$Handler.run(Server.java:3048) [hadoop-common-3.3.6.jar:?]
2023-08-29 18:56:00,211 [Time-limited test] INFO  om.TrashPolicyOzone (TrashPolicyOzone.java:moveToTrash(209)) - Moved: '/testKey1' to trash at: /.Trash/runner/Current/testKey1
]]></system-out>
  </testcase>
  <testcase name="testRenameToTrashEnabled" classname="TestOzoneFileSystem" time="0.15">
    <system-out><![CDATA[18:57:02.017 [IPC Server handler 3 on default port 15163] ERROR OMAudit - user=runner | ip=127.0.0.1 | op=GET_FILE_STATUS {volume=volume50878, bucket=bucket78448, key=.Trash/runner/Current/testKey1, dataSize=0, replicationConfig=null} | ret=FAILURE
org.apache.hadoop.ozone.om.exceptions.OMException: Unable to get file status: volume: volume50878 bucket: bucket78448 key: .Trash/runner/Current/testKey1
	at org.apache.hadoop.ozone.om.KeyManagerImpl.getOzoneFileStatus(KeyManagerImpl.java:1195) ~[ozone-manager-1.4.0-SNAPSHOT.jar:?]
	at org.apache.hadoop.ozone.om.KeyManagerImpl.getFileStatus(KeyManagerImpl.java:1113) ~[ozone-manager-1.4.0-SNAPSHOT.jar:?]
	at org.apache.hadoop.ozone.om.OmMetadataReader.getFileStatus(OmMetadataReader.java:262) ~[ozone-manager-1.4.0-SNAPSHOT.jar:?]
	at org.apache.hadoop.ozone.om.OzoneManager.getFileStatus(OzoneManager.java:3530) ~[ozone-manager-1.4.0-SNAPSHOT.jar:?]
	at org.apache.hadoop.ozone.protocolPB.OzoneManagerRequestHandler.getOzoneFileStatus(OzoneManagerRequestHandler.java:973) ~[ozone-manager-1.4.0-SNAPSHOT.jar:?]
	at org.apache.hadoop.ozone.protocolPB.OzoneManagerRequestHandler.handleReadRequest(OzoneManagerRequestHandler.java:252) ~[ozone-manager-1.4.0-SNAPSHOT.jar:?]
	at org.apache.hadoop.ozone.protocolPB.OzoneManagerProtocolServerSideTranslatorPB.submitRequestDirectlyToOM(OzoneManagerProtocolServerSideTranslatorPB.java:274) ~[ozone-manager-1.4.0-SNAPSHOT.jar:?]
	at org.apache.hadoop.ozone.protocolPB.OzoneManagerProtocolServerSideTranslatorPB.processRequest(OzoneManagerProtocolServerSideTranslatorPB.java:175) ~[ozone-manager-1.4.0-SNAPSHOT.jar:?]
	at org.apache.hadoop.hdds.server.OzoneProtocolMessageDispatcher.processRequest(OzoneProtocolMessageDispatcher.java:87) [hdds-server-framework-1.4.0-SNAPSHOT.jar:?]
	at org.apache.hadoop.ozone.protocolPB.OzoneManagerProtocolServerSideTranslatorPB.submitRequest(OzoneManagerProtocolServerSideTranslatorPB.java:148) [ozone-manager-1.4.0-SNAPSHOT.jar:?]
	at org.apache.hadoop.ozone.protocol.proto.OzoneManagerProtocolProtos$OzoneManagerService$2.callBlockingMethod(OzoneManagerProtocolProtos.java) [ozone-interface-client-1.4.0-SNAPSHOT.jar:?]
	at org.apache.hadoop.ipc.ProtobufRpcEngine$Server.processCall(ProtobufRpcEngine.java:484) [hadoop-common-3.3.6.jar:?]
	at org.apache.hadoop.ipc.ProtobufRpcEngine2$Server$ProtoBufRpcInvoker.call(ProtobufRpcEngine2.java:595) [hadoop-common-3.3.6.jar:?]
	at org.apache.hadoop.ipc.ProtobufRpcEngine2$Server$ProtoBufRpcInvoker.call(ProtobufRpcEngine2.java:573) [hadoop-common-3.3.6.jar:?]
	at org.apache.hadoop.ipc.RPC$Server.call(RPC.java:1227) [hadoop-common-3.3.6.jar:?]
	at org.apache.hadoop.ipc.Server$RpcCall.run(Server.java:1094) [hadoop-common-3.3.6.jar:?]
	at org.apache.hadoop.ipc.Server$RpcCall.run(Server.java:1017) [hadoop-common-3.3.6.jar:?]
	at java.security.AccessController.doPrivileged(Native Method) ~[?:1.8.0_382]
	at javax.security.auth.Subject.doAs(Subject.java:422) [?:1.8.0_382]
	at org.apache.hadoop.security.UserGroupInformation.doAs(UserGroupInformation.java:1899) [hadoop-common-3.3.6.jar:?]
	at org.apache.hadoop.ipc.Server$Handler.run(Server.java:3048) [hadoop-common-3.3.6.jar:?]
18:57:02.020 [IPC Server handler 5 on default port 15163] ERROR OMAudit - user=runner | ip=127.0.0.1 | op=GET_FILE_STATUS {volume=volume50878, bucket=bucket78448, key=.Trash/runner/Current/testKey1, dataSize=0, replicationConfig=null} | ret=FAILURE
org.apache.hadoop.ozone.om.exceptions.OMException: Unable to get file status: volume: volume50878 bucket: bucket78448 key: .Trash/runner/Current/testKey1
	at org.apache.hadoop.ozone.om.KeyManagerImpl.getOzoneFileStatus(KeyManagerImpl.java:1195) ~[ozone-manager-1.4.0-SNAPSHOT.jar:?]
	at org.apache.hadoop.ozone.om.KeyManagerImpl.getFileStatus(KeyManagerImpl.java:1113) ~[ozone-manager-1.4.0-SNAPSHOT.jar:?]
	at org.apache.hadoop.ozone.om.OmMetadataReader.getFileStatus(OmMetadataReader.java:262) ~[ozone-manager-1.4.0-SNAPSHOT.jar:?]
	at org.apache.hadoop.ozone.om.OzoneManager.getFileStatus(OzoneManager.java:3530) ~[ozone-manager-1.4.0-SNAPSHOT.jar:?]
	at org.apache.hadoop.ozone.protocolPB.OzoneManagerRequestHandler.getOzoneFileStatus(OzoneManagerRequestHandler.java:973) ~[ozone-manager-1.4.0-SNAPSHOT.jar:?]
	at org.apache.hadoop.ozone.protocolPB.OzoneManagerRequestHandler.handleReadRequest(OzoneManagerRequestHandler.java:252) ~[ozone-manager-1.4.0-SNAPSHOT.jar:?]
	at org.apache.hadoop.ozone.protocolPB.OzoneManagerProtocolServerSideTranslatorPB.submitRequestDirectlyToOM(OzoneManagerProtocolServerSideTranslatorPB.java:274) ~[ozone-manager-1.4.0-SNAPSHOT.jar:?]
	at org.apache.hadoop.ozone.protocolPB.OzoneManagerProtocolServerSideTranslatorPB.processRequest(OzoneManagerProtocolServerSideTranslatorPB.java:175) ~[ozone-manager-1.4.0-SNAPSHOT.jar:?]
	at org.apache.hadoop.hdds.server.OzoneProtocolMessageDispatcher.processRequest(OzoneProtocolMessageDispatcher.java:87) [hdds-server-framework-1.4.0-SNAPSHOT.jar:?]
	at org.apache.hadoop.ozone.protocolPB.OzoneManagerProtocolServerSideTranslatorPB.submitRequest(OzoneManagerProtocolServerSideTranslatorPB.java:148) [ozone-manager-1.4.0-SNAPSHOT.jar:?]
	at org.apache.hadoop.ozone.protocol.proto.OzoneManagerProtocolProtos$OzoneManagerService$2.callBlockingMethod(OzoneManagerProtocolProtos.java) [ozone-interface-client-1.4.0-SNAPSHOT.jar:?]
	at org.apache.hadoop.ipc.ProtobufRpcEngine$Server.processCall(ProtobufRpcEngine.java:484) [hadoop-common-3.3.6.jar:?]
	at org.apache.hadoop.ipc.ProtobufRpcEngine2$Server$ProtoBufRpcInvoker.call(ProtobufRpcEngine2.java:595) [hadoop-common-3.3.6.jar:?]
	at org.apache.hadoop.ipc.ProtobufRpcEngine2$Server$ProtoBufRpcInvoker.call(ProtobufRpcEngine2.java:573) [hadoop-common-3.3.6.jar:?]
	at org.apache.hadoop.ipc.RPC$Server.call(RPC.java:1227) [hadoop-common-3.3.6.jar:?]
	at org.apache.hadoop.ipc.Server$RpcCall.run(Server.java:1094) [hadoop-common-3.3.6.jar:?]
	at org.apache.hadoop.ipc.Server$RpcCall.run(Server.java:1017) [hadoop-common-3.3.6.jar:?]
	at java.security.AccessController.doPrivileged(Native Method) ~[?:1.8.0_382]
	at javax.security.auth.Subject.doAs(Subject.java:422) [?:1.8.0_382]
	at org.apache.hadoop.security.UserGroupInformation.doAs(UserGroupInformation.java:1899) [hadoop-common-3.3.6.jar:?]
	at org.apache.hadoop.ipc.Server$Handler.run(Server.java:3048) [hadoop-common-3.3.6.jar:?]
2023-08-29 18:57:02,027 [Time-limited test] INFO  om.TrashPolicyOzone (TrashPolicyOzone.java:moveToTrash(209)) - Moved: '/testKey1' to trash at: /.Trash/runner/Current/testKey1
]]></system-out>
  </testcase>
  <testcase name="testListStatusWithIntermediateDir" classname="TestOzoneFileSystem" time="0.054"/>
  <testcase name="testListStatusWithIntermediateDir" classname="TestOzoneFileSystem" time="0.176"/>
  <testcase name="testListStatusWithIntermediateDir" classname="TestOzoneFileSystem" time="0.035"/>
  <testcase name="testListStatusWithIntermediateDir" classname="TestOzoneFileSystem" time="0.039"/>
  <testcase name="testRenameSourceAndDestinAreSame" classname="TestOzoneFileSystem" time="0.03"/>
  <testcase name="testRenameSourceAndDestinAreSame" classname="TestOzoneFileSystem" time="0.025"/>
  <testcase name="testRenameSourceAndDestinAreSame" classname="TestOzoneFileSystem" time="0.026"/>
  <testcase name="testRenameSourceAndDestinAreSame" classname="TestOzoneFileSystem" time="0.023"/>
  <testcase name="testListStatusIteratorWithDir" classname="TestOzoneFileSystem" time="0.06"/>
  <testcase name="testListStatusIteratorWithDir" classname="TestOzoneFileSystem" time="0.059"/>
  <testcase name="testListStatusIteratorWithDir" classname="TestOzoneFileSystem" time="0.055"/>
  <testcase name="testListStatusIteratorWithDir" classname="TestOzoneFileSystem" time="0.05"/>
  <testcase name="testListStatusOnLargeDirectory" classname="TestOzoneFileSystem" time="7.393"/>
  <testcase name="testListStatusOnLargeDirectory" classname="TestOzoneFileSystem" time="5.863"/>
  <testcase name="testListStatusOnLargeDirectory" classname="TestOzoneFileSystem" time="6.591"/>
  <testcase name="testListStatusOnLargeDirectory" classname="TestOzoneFileSystem" time="5.842"/>
  <testcase name="testFileSystemDeclaresCapability" classname="TestOzoneFileSystem" time="0.015"/>
  <testcase name="testFileSystemDeclaresCapability" classname="TestOzoneFileSystem" time="0.01"/>
  <testcase name="testFileSystemDeclaresCapability" classname="TestOzoneFileSystem" time="0.011"/>
  <testcase name="testFileSystemDeclaresCapability" classname="TestOzoneFileSystem" time="0.01"/>
  <testcase name="testCreateKeyShouldUseRefreshedBucketReplicationConfig" classname="TestOzoneFileSystem" time="0.394">
    <system-out><![CDATA[2023-08-29 18:53:56,347 [Time-limited test] INFO  rpc.RpcClient (RpcClient.java:createVolume(461)) - Creating Volume: volume42294, with user30963 as owner and space quota set to -1 bytes, counts quota set to -1
2023-08-29 18:53:56,351 [OM StateMachine ApplyTransaction Thread - 0] INFO  volume.OMVolumeCreateRequest (OMVolumeCreateRequest.java:validateAndUpdateCache(196)) - created volume:volume42294 for user:user30963
2023-08-29 18:53:56,358 [Time-limited test] INFO  rpc.RpcClient (RpcClient.java:createBucket(688)) - Creating Bucket: volume42294/bucket57589, with bucket layout LEGACY, runner as owner, Versioning false, Storage Type set to DISK and Encryption set to false, Replication Type set to server-side default replication type, Namespace Quota set to -1, Space Quota set to -1 
2023-08-29 18:53:56,361 [OM StateMachine ApplyTransaction Thread - 0] INFO  bucket.OMBucketCreateRequest (OMBucketCreateRequest.java:validateAndUpdateCache(270)) - created bucket: bucket57589 of layout LEGACY in volume: volume42294
2023-08-29 18:53:56,430 [IPC Server handler 11 on default port 15001] INFO  algorithms.SCMContainerPlacementRackScatter (SCMContainerPlacementRackScatter.java:chooseDatanodesInternal(362)) - Chosen nodes: [97ee00cc-8878-42b3-8e3f-b8716daccca4(fv-az225-157.hxhba2eg53duheooqg2bzplbvd.bx.internal.cloudapp.net/10.1.0.239), 8e764df9-21b5-444f-852f-dd54d92b5fac(fv-az225-157.hxhba2eg53duheooqg2bzplbvd.bx.internal.cloudapp.net/10.1.0.239), d246a9b4-fb4e-4001-b7a9-7f69213ea7ae(fv-az225-157.hxhba2eg53duheooqg2bzplbvd.bx.internal.cloudapp.net/10.1.0.239), 5b9ef83d-dbe3-47c8-9c1e-3cffac3fa7d5(fv-az225-157.hxhba2eg53duheooqg2bzplbvd.bx.internal.cloudapp.net/10.1.0.239), 7f4449f5-5363-4e2a-a958-eb2e78800a81(fv-az225-157.hxhba2eg53duheooqg2bzplbvd.bx.internal.cloudapp.net/10.1.0.239)]. isPolicySatisfied: true.
2023-08-29 18:53:56,431 [IPC Server handler 11 on default port 15001] INFO  pipeline.WritableECContainerProvider (WritableECContainerProvider.java:allocateContainer(211)) - Created and opened new pipeline Pipeline[ Id: 15ed49f3-c883-4c63-98cb-11c1122f32f4, Nodes: 97ee00cc-8878-42b3-8e3f-b8716daccca4(fv-az225-157.hxhba2eg53duheooqg2bzplbvd.bx.internal.cloudapp.net/10.1.0.239)8e764df9-21b5-444f-852f-dd54d92b5fac(fv-az225-157.hxhba2eg53duheooqg2bzplbvd.bx.internal.cloudapp.net/10.1.0.239)d246a9b4-fb4e-4001-b7a9-7f69213ea7ae(fv-az225-157.hxhba2eg53duheooqg2bzplbvd.bx.internal.cloudapp.net/10.1.0.239)5b9ef83d-dbe3-47c8-9c1e-3cffac3fa7d5(fv-az225-157.hxhba2eg53duheooqg2bzplbvd.bx.internal.cloudapp.net/10.1.0.239)7f4449f5-5363-4e2a-a958-eb2e78800a81(fv-az225-157.hxhba2eg53duheooqg2bzplbvd.bx.internal.cloudapp.net/10.1.0.239), ReplicationConfig: EC{rs-3-2-1024k}, State:ALLOCATED, leaderId:, CreationTimestamp2023-08-29T18:53:56.430Z[Etc/UTC]]
2023-08-29 18:53:56,511 [Time-limited test] WARN  erasurecode.ErasureCodeNative (ErasureCodeNative.java:<clinit>(55)) - ISA-L support is not available in your platform... using builtin-java codec where applicable
2023-08-29 18:53:56,664 [IPC Server handler 0 on default port 15001] INFO  algorithms.SCMContainerPlacementRackScatter (SCMContainerPlacementRackScatter.java:chooseDatanodesInternal(362)) - Chosen nodes: [d246a9b4-fb4e-4001-b7a9-7f69213ea7ae(fv-az225-157.hxhba2eg53duheooqg2bzplbvd.bx.internal.cloudapp.net/10.1.0.239), 8e764df9-21b5-444f-852f-dd54d92b5fac(fv-az225-157.hxhba2eg53duheooqg2bzplbvd.bx.internal.cloudapp.net/10.1.0.239), 97ee00cc-8878-42b3-8e3f-b8716daccca4(fv-az225-157.hxhba2eg53duheooqg2bzplbvd.bx.internal.cloudapp.net/10.1.0.239), 7f4449f5-5363-4e2a-a958-eb2e78800a81(fv-az225-157.hxhba2eg53duheooqg2bzplbvd.bx.internal.cloudapp.net/10.1.0.239), 5b9ef83d-dbe3-47c8-9c1e-3cffac3fa7d5(fv-az225-157.hxhba2eg53duheooqg2bzplbvd.bx.internal.cloudapp.net/10.1.0.239)]. isPolicySatisfied: true.
2023-08-29 18:53:56,666 [IPC Server handler 0 on default port 15001] INFO  pipeline.WritableECContainerProvider (WritableECContainerProvider.java:allocateContainer(211)) - Created and opened new pipeline Pipeline[ Id: b75c816e-e20d-47c1-a1f5-8d76c85f5997, Nodes: d246a9b4-fb4e-4001-b7a9-7f69213ea7ae(fv-az225-157.hxhba2eg53duheooqg2bzplbvd.bx.internal.cloudapp.net/10.1.0.239)8e764df9-21b5-444f-852f-dd54d92b5fac(fv-az225-157.hxhba2eg53duheooqg2bzplbvd.bx.internal.cloudapp.net/10.1.0.239)97ee00cc-8878-42b3-8e3f-b8716daccca4(fv-az225-157.hxhba2eg53duheooqg2bzplbvd.bx.internal.cloudapp.net/10.1.0.239)7f4449f5-5363-4e2a-a958-eb2e78800a81(fv-az225-157.hxhba2eg53duheooqg2bzplbvd.bx.internal.cloudapp.net/10.1.0.239)5b9ef83d-dbe3-47c8-9c1e-3cffac3fa7d5(fv-az225-157.hxhba2eg53duheooqg2bzplbvd.bx.internal.cloudapp.net/10.1.0.239), ReplicationConfig: EC{rs-3-2-1024k}, State:ALLOCATED, leaderId:, CreationTimestamp2023-08-29T18:53:56.664Z[Etc/UTC]]
]]></system-out>
  </testcase>
  <testcase name="testCreateKeyShouldUseRefreshedBucketReplicationConfig" classname="TestOzoneFileSystem" time="0.097">
    <system-out><![CDATA[2023-08-29 18:55:01,280 [Time-limited test] INFO  rpc.RpcClient (RpcClient.java:createVolume(461)) - Creating Volume: volume66256, with user86321 as owner and space quota set to -1 bytes, counts quota set to -1
2023-08-29 18:55:01,282 [IPC Server handler 9 on default port 15057] INFO  volume.OMVolumeCreateRequest (OMVolumeCreateRequest.java:validateAndUpdateCache(196)) - created volume:volume66256 for user:user86321
2023-08-29 18:55:01,283 [Time-limited test] INFO  rpc.RpcClient (RpcClient.java:createBucket(688)) - Creating Bucket: volume66256/bucket89664, with bucket layout LEGACY, runner as owner, Versioning false, Storage Type set to DISK and Encryption set to false, Replication Type set to server-side default replication type, Namespace Quota set to -1, Space Quota set to -1 
2023-08-29 18:55:01,284 [IPC Server handler 12 on default port 15057] INFO  bucket.OMBucketCreateRequest (OMBucketCreateRequest.java:validateAndUpdateCache(270)) - created bucket: bucket89664 of layout LEGACY in volume: volume66256
2023-08-29 18:55:01,306 [IPC Server handler 16 on default port 15054] INFO  algorithms.SCMContainerPlacementRackScatter (SCMContainerPlacementRackScatter.java:chooseDatanodesInternal(362)) - Chosen nodes: [9b50acff-382e-4523-ab74-6f7baa2ae53c(fv-az225-157.hxhba2eg53duheooqg2bzplbvd.bx.internal.cloudapp.net/10.1.0.239), 35cfc858-a2b0-48ab-9c56-830891a3070f(fv-az225-157.hxhba2eg53duheooqg2bzplbvd.bx.internal.cloudapp.net/10.1.0.239), 56262cb9-d4bb-4e4d-aa87-5a4e1fe7f493(fv-az225-157.hxhba2eg53duheooqg2bzplbvd.bx.internal.cloudapp.net/10.1.0.239), 6fd2df5d-7fa6-4dbe-8371-fb8b49d5e440(fv-az225-157.hxhba2eg53duheooqg2bzplbvd.bx.internal.cloudapp.net/10.1.0.239), 01366e89-60c7-46c1-a96e-1a2337162bc6(fv-az225-157.hxhba2eg53duheooqg2bzplbvd.bx.internal.cloudapp.net/10.1.0.239)]. isPolicySatisfied: true.
2023-08-29 18:55:01,307 [IPC Server handler 16 on default port 15054] INFO  pipeline.WritableECContainerProvider (WritableECContainerProvider.java:allocateContainer(211)) - Created and opened new pipeline Pipeline[ Id: 527063b4-e4df-4fff-973f-560ed21fb6b5, Nodes: 9b50acff-382e-4523-ab74-6f7baa2ae53c(fv-az225-157.hxhba2eg53duheooqg2bzplbvd.bx.internal.cloudapp.net/10.1.0.239)35cfc858-a2b0-48ab-9c56-830891a3070f(fv-az225-157.hxhba2eg53duheooqg2bzplbvd.bx.internal.cloudapp.net/10.1.0.239)56262cb9-d4bb-4e4d-aa87-5a4e1fe7f493(fv-az225-157.hxhba2eg53duheooqg2bzplbvd.bx.internal.cloudapp.net/10.1.0.239)6fd2df5d-7fa6-4dbe-8371-fb8b49d5e440(fv-az225-157.hxhba2eg53duheooqg2bzplbvd.bx.internal.cloudapp.net/10.1.0.239)01366e89-60c7-46c1-a96e-1a2337162bc6(fv-az225-157.hxhba2eg53duheooqg2bzplbvd.bx.internal.cloudapp.net/10.1.0.239), ReplicationConfig: EC{rs-3-2-1024k}, State:ALLOCATED, leaderId:, CreationTimestamp2023-08-29T18:55:01.306Z[Etc/UTC]]
2023-08-29 18:55:01,332 [IPC Server handler 18 on default port 15054] INFO  algorithms.SCMContainerPlacementRackScatter (SCMContainerPlacementRackScatter.java:chooseDatanodesInternal(362)) - Chosen nodes: [6fd2df5d-7fa6-4dbe-8371-fb8b49d5e440(fv-az225-157.hxhba2eg53duheooqg2bzplbvd.bx.internal.cloudapp.net/10.1.0.239), 9b50acff-382e-4523-ab74-6f7baa2ae53c(fv-az225-157.hxhba2eg53duheooqg2bzplbvd.bx.internal.cloudapp.net/10.1.0.239), 56262cb9-d4bb-4e4d-aa87-5a4e1fe7f493(fv-az225-157.hxhba2eg53duheooqg2bzplbvd.bx.internal.cloudapp.net/10.1.0.239), 35cfc858-a2b0-48ab-9c56-830891a3070f(fv-az225-157.hxhba2eg53duheooqg2bzplbvd.bx.internal.cloudapp.net/10.1.0.239), 01366e89-60c7-46c1-a96e-1a2337162bc6(fv-az225-157.hxhba2eg53duheooqg2bzplbvd.bx.internal.cloudapp.net/10.1.0.239)]. isPolicySatisfied: true.
2023-08-29 18:55:01,333 [IPC Server handler 18 on default port 15054] INFO  pipeline.WritableECContainerProvider (WritableECContainerProvider.java:allocateContainer(211)) - Created and opened new pipeline Pipeline[ Id: de66107d-bef6-4473-8a38-b8ee65f9717e, Nodes: 6fd2df5d-7fa6-4dbe-8371-fb8b49d5e440(fv-az225-157.hxhba2eg53duheooqg2bzplbvd.bx.internal.cloudapp.net/10.1.0.239)9b50acff-382e-4523-ab74-6f7baa2ae53c(fv-az225-157.hxhba2eg53duheooqg2bzplbvd.bx.internal.cloudapp.net/10.1.0.239)56262cb9-d4bb-4e4d-aa87-5a4e1fe7f493(fv-az225-157.hxhba2eg53duheooqg2bzplbvd.bx.internal.cloudapp.net/10.1.0.239)35cfc858-a2b0-48ab-9c56-830891a3070f(fv-az225-157.hxhba2eg53duheooqg2bzplbvd.bx.internal.cloudapp.net/10.1.0.239)01366e89-60c7-46c1-a96e-1a2337162bc6(fv-az225-157.hxhba2eg53duheooqg2bzplbvd.bx.internal.cloudapp.net/10.1.0.239), ReplicationConfig: EC{rs-3-2-1024k}, State:ALLOCATED, leaderId:, CreationTimestamp2023-08-29T18:55:01.332Z[Etc/UTC]]
]]></system-out>
  </testcase>
  <testcase name="testCreateKeyShouldUseRefreshedBucketReplicationConfig" classname="TestOzoneFileSystem" time="0.106">
    <system-out><![CDATA[2023-08-29 18:56:06,961 [Time-limited test] INFO  rpc.RpcClient (RpcClient.java:createVolume(461)) - Creating Volume: volume41620, with user90092 as owner and space quota set to -1 bytes, counts quota set to -1
2023-08-29 18:56:06,963 [OM StateMachine ApplyTransaction Thread - 0] INFO  volume.OMVolumeCreateRequest (OMVolumeCreateRequest.java:validateAndUpdateCache(196)) - created volume:volume41620 for user:user90092
2023-08-29 18:56:06,963 [Time-limited test] INFO  rpc.RpcClient (RpcClient.java:createBucket(688)) - Creating Bucket: volume41620/bucket68818, with bucket layout LEGACY, runner as owner, Versioning false, Storage Type set to DISK and Encryption set to false, Replication Type set to server-side default replication type, Namespace Quota set to -1, Space Quota set to -1 
2023-08-29 18:56:06,964 [OM StateMachine ApplyTransaction Thread - 0] INFO  bucket.OMBucketCreateRequest (OMBucketCreateRequest.java:validateAndUpdateCache(270)) - created bucket: bucket68818 of layout LEGACY in volume: volume41620
2023-08-29 18:56:06,990 [IPC Server handler 1 on default port 15107] INFO  algorithms.SCMContainerPlacementRackScatter (SCMContainerPlacementRackScatter.java:chooseDatanodesInternal(362)) - Chosen nodes: [2eaf327d-c8aa-4b69-9e65-db94832273b8(fv-az225-157.hxhba2eg53duheooqg2bzplbvd.bx.internal.cloudapp.net/10.1.0.239), 7e144599-01e3-4b85-852c-8ce44e41f20b(fv-az225-157.hxhba2eg53duheooqg2bzplbvd.bx.internal.cloudapp.net/10.1.0.239), 0d210486-d547-40fe-b644-a4a516df2759(fv-az225-157.hxhba2eg53duheooqg2bzplbvd.bx.internal.cloudapp.net/10.1.0.239), f550e702-abe2-49cd-8ff2-4b2ec6b34c67(fv-az225-157.hxhba2eg53duheooqg2bzplbvd.bx.internal.cloudapp.net/10.1.0.239), fe29ea50-ce7d-4d67-99db-5363b98f75df(fv-az225-157.hxhba2eg53duheooqg2bzplbvd.bx.internal.cloudapp.net/10.1.0.239)]. isPolicySatisfied: true.
2023-08-29 18:56:06,991 [IPC Server handler 1 on default port 15107] INFO  pipeline.WritableECContainerProvider (WritableECContainerProvider.java:allocateContainer(211)) - Created and opened new pipeline Pipeline[ Id: cb8648d7-1461-4758-af1c-9ed6d92b6f6a, Nodes: 2eaf327d-c8aa-4b69-9e65-db94832273b8(fv-az225-157.hxhba2eg53duheooqg2bzplbvd.bx.internal.cloudapp.net/10.1.0.239)7e144599-01e3-4b85-852c-8ce44e41f20b(fv-az225-157.hxhba2eg53duheooqg2bzplbvd.bx.internal.cloudapp.net/10.1.0.239)0d210486-d547-40fe-b644-a4a516df2759(fv-az225-157.hxhba2eg53duheooqg2bzplbvd.bx.internal.cloudapp.net/10.1.0.239)f550e702-abe2-49cd-8ff2-4b2ec6b34c67(fv-az225-157.hxhba2eg53duheooqg2bzplbvd.bx.internal.cloudapp.net/10.1.0.239)fe29ea50-ce7d-4d67-99db-5363b98f75df(fv-az225-157.hxhba2eg53duheooqg2bzplbvd.bx.internal.cloudapp.net/10.1.0.239), ReplicationConfig: EC{rs-3-2-1024k}, State:ALLOCATED, leaderId:, CreationTimestamp2023-08-29T18:56:06.990Z[Etc/UTC]]
2023-08-29 18:56:07,018 [IPC Server handler 4 on default port 15107] INFO  algorithms.SCMContainerPlacementRackScatter (SCMContainerPlacementRackScatter.java:chooseDatanodesInternal(362)) - Chosen nodes: [7e144599-01e3-4b85-852c-8ce44e41f20b(fv-az225-157.hxhba2eg53duheooqg2bzplbvd.bx.internal.cloudapp.net/10.1.0.239), 0d210486-d547-40fe-b644-a4a516df2759(fv-az225-157.hxhba2eg53duheooqg2bzplbvd.bx.internal.cloudapp.net/10.1.0.239), f550e702-abe2-49cd-8ff2-4b2ec6b34c67(fv-az225-157.hxhba2eg53duheooqg2bzplbvd.bx.internal.cloudapp.net/10.1.0.239), fe29ea50-ce7d-4d67-99db-5363b98f75df(fv-az225-157.hxhba2eg53duheooqg2bzplbvd.bx.internal.cloudapp.net/10.1.0.239), 2eaf327d-c8aa-4b69-9e65-db94832273b8(fv-az225-157.hxhba2eg53duheooqg2bzplbvd.bx.internal.cloudapp.net/10.1.0.239)]. isPolicySatisfied: true.
2023-08-29 18:56:07,019 [IPC Server handler 4 on default port 15107] INFO  pipeline.WritableECContainerProvider (WritableECContainerProvider.java:allocateContainer(211)) - Created and opened new pipeline Pipeline[ Id: 7138931f-40e8-4bac-a2a4-1a05c00ae212, Nodes: 7e144599-01e3-4b85-852c-8ce44e41f20b(fv-az225-157.hxhba2eg53duheooqg2bzplbvd.bx.internal.cloudapp.net/10.1.0.239)0d210486-d547-40fe-b644-a4a516df2759(fv-az225-157.hxhba2eg53duheooqg2bzplbvd.bx.internal.cloudapp.net/10.1.0.239)f550e702-abe2-49cd-8ff2-4b2ec6b34c67(fv-az225-157.hxhba2eg53duheooqg2bzplbvd.bx.internal.cloudapp.net/10.1.0.239)fe29ea50-ce7d-4d67-99db-5363b98f75df(fv-az225-157.hxhba2eg53duheooqg2bzplbvd.bx.internal.cloudapp.net/10.1.0.239)2eaf327d-c8aa-4b69-9e65-db94832273b8(fv-az225-157.hxhba2eg53duheooqg2bzplbvd.bx.internal.cloudapp.net/10.1.0.239), ReplicationConfig: EC{rs-3-2-1024k}, State:ALLOCATED, leaderId:, CreationTimestamp2023-08-29T18:56:07.018Z[Etc/UTC]]
]]></system-out>
  </testcase>
  <testcase name="testCreateKeyShouldUseRefreshedBucketReplicationConfig" classname="TestOzoneFileSystem" time="0.108">
    <system-out><![CDATA[2023-08-29 18:57:08,023 [Time-limited test] INFO  rpc.RpcClient (RpcClient.java:createVolume(461)) - Creating Volume: volume17414, with user85727 as owner and space quota set to -1 bytes, counts quota set to -1
2023-08-29 18:57:08,024 [IPC Server handler 1 on default port 15163] INFO  volume.OMVolumeCreateRequest (OMVolumeCreateRequest.java:validateAndUpdateCache(196)) - created volume:volume17414 for user:user85727
2023-08-29 18:57:08,025 [Time-limited test] INFO  rpc.RpcClient (RpcClient.java:createBucket(688)) - Creating Bucket: volume17414/bucket59082, with bucket layout LEGACY, runner as owner, Versioning false, Storage Type set to DISK and Encryption set to false, Replication Type set to server-side default replication type, Namespace Quota set to -1, Space Quota set to -1 
2023-08-29 18:57:08,025 [IPC Server handler 3 on default port 15163] INFO  bucket.OMBucketCreateRequest (OMBucketCreateRequest.java:validateAndUpdateCache(270)) - created bucket: bucket59082 of layout LEGACY in volume: volume17414
2023-08-29 18:57:08,049 [IPC Server handler 18 on default port 15160] INFO  algorithms.SCMContainerPlacementRackScatter (SCMContainerPlacementRackScatter.java:chooseDatanodesInternal(362)) - Chosen nodes: [fdf3821b-2737-47a5-9603-1a2dda162151(fv-az225-157.hxhba2eg53duheooqg2bzplbvd.bx.internal.cloudapp.net/10.1.0.239), 9b9fb1d1-2285-4865-a677-77c8be404412(fv-az225-157.hxhba2eg53duheooqg2bzplbvd.bx.internal.cloudapp.net/10.1.0.239), 1088055f-b6dc-4993-819c-da5e568aeaf2(fv-az225-157.hxhba2eg53duheooqg2bzplbvd.bx.internal.cloudapp.net/10.1.0.239), f5d5de74-035f-4e7b-b7e8-455c492d4758(fv-az225-157.hxhba2eg53duheooqg2bzplbvd.bx.internal.cloudapp.net/10.1.0.239), b7d61230-484d-41a2-ab8b-b31889d091fe(fv-az225-157.hxhba2eg53duheooqg2bzplbvd.bx.internal.cloudapp.net/10.1.0.239)]. isPolicySatisfied: true.
2023-08-29 18:57:08,050 [IPC Server handler 18 on default port 15160] INFO  pipeline.WritableECContainerProvider (WritableECContainerProvider.java:allocateContainer(211)) - Created and opened new pipeline Pipeline[ Id: f2784d51-3b0c-49b0-b54d-49dae4168b88, Nodes: fdf3821b-2737-47a5-9603-1a2dda162151(fv-az225-157.hxhba2eg53duheooqg2bzplbvd.bx.internal.cloudapp.net/10.1.0.239)9b9fb1d1-2285-4865-a677-77c8be404412(fv-az225-157.hxhba2eg53duheooqg2bzplbvd.bx.internal.cloudapp.net/10.1.0.239)1088055f-b6dc-4993-819c-da5e568aeaf2(fv-az225-157.hxhba2eg53duheooqg2bzplbvd.bx.internal.cloudapp.net/10.1.0.239)f5d5de74-035f-4e7b-b7e8-455c492d4758(fv-az225-157.hxhba2eg53duheooqg2bzplbvd.bx.internal.cloudapp.net/10.1.0.239)b7d61230-484d-41a2-ab8b-b31889d091fe(fv-az225-157.hxhba2eg53duheooqg2bzplbvd.bx.internal.cloudapp.net/10.1.0.239), ReplicationConfig: EC{rs-3-2-1024k}, State:ALLOCATED, leaderId:, CreationTimestamp2023-08-29T18:57:08.049Z[Etc/UTC]]
2023-08-29 18:57:08,079 [IPC Server handler 15 on default port 15160] INFO  algorithms.SCMContainerPlacementRackScatter (SCMContainerPlacementRackScatter.java:chooseDatanodesInternal(362)) - Chosen nodes: [1088055f-b6dc-4993-819c-da5e568aeaf2(fv-az225-157.hxhba2eg53duheooqg2bzplbvd.bx.internal.cloudapp.net/10.1.0.239), b7d61230-484d-41a2-ab8b-b31889d091fe(fv-az225-157.hxhba2eg53duheooqg2bzplbvd.bx.internal.cloudapp.net/10.1.0.239), f5d5de74-035f-4e7b-b7e8-455c492d4758(fv-az225-157.hxhba2eg53duheooqg2bzplbvd.bx.internal.cloudapp.net/10.1.0.239), fdf3821b-2737-47a5-9603-1a2dda162151(fv-az225-157.hxhba2eg53duheooqg2bzplbvd.bx.internal.cloudapp.net/10.1.0.239), 9b9fb1d1-2285-4865-a677-77c8be404412(fv-az225-157.hxhba2eg53duheooqg2bzplbvd.bx.internal.cloudapp.net/10.1.0.239)]. isPolicySatisfied: true.
2023-08-29 18:57:08,080 [IPC Server handler 15 on default port 15160] INFO  pipeline.WritableECContainerProvider (WritableECContainerProvider.java:allocateContainer(211)) - Created and opened new pipeline Pipeline[ Id: 8afc61ad-3600-44e8-bdad-001520fedc29, Nodes: 1088055f-b6dc-4993-819c-da5e568aeaf2(fv-az225-157.hxhba2eg53duheooqg2bzplbvd.bx.internal.cloudapp.net/10.1.0.239)b7d61230-484d-41a2-ab8b-b31889d091fe(fv-az225-157.hxhba2eg53duheooqg2bzplbvd.bx.internal.cloudapp.net/10.1.0.239)f5d5de74-035f-4e7b-b7e8-455c492d4758(fv-az225-157.hxhba2eg53duheooqg2bzplbvd.bx.internal.cloudapp.net/10.1.0.239)fdf3821b-2737-47a5-9603-1a2dda162151(fv-az225-157.hxhba2eg53duheooqg2bzplbvd.bx.internal.cloudapp.net/10.1.0.239)9b9fb1d1-2285-4865-a677-77c8be404412(fv-az225-157.hxhba2eg53duheooqg2bzplbvd.bx.internal.cloudapp.net/10.1.0.239), ReplicationConfig: EC{rs-3-2-1024k}, State:ALLOCATED, leaderId:, CreationTimestamp2023-08-29T18:57:08.079Z[Etc/UTC]]
]]></system-out>
  </testcase>
  <testcase name="testListStatusIteratorOnRoot" classname="TestOzoneFileSystem" time="0.033"/>
  <testcase name="testListStatusIteratorOnRoot" classname="TestOzoneFileSystem" time="0.025"/>
  <testcase name="testListStatusIteratorOnRoot" classname="TestOzoneFileSystem" time="0.028"/>
  <testcase name="testListStatusIteratorOnRoot" classname="TestOzoneFileSystem" time="0.026"/>
  <testcase name="testRenameDirToFile" classname="TestOzoneFileSystem" time="0.038">
    <system-out><![CDATA[2023-08-29 18:53:56,758 [Time-limited test] WARN  ozone.BasicOzoneFileSystem (BasicOzoneFileSystem.java:rename(459)) - Failed to rename o3fs://bucket79480.volume53060/a/b/c to o3fs://bucket79480.volume53060/root/file1, file already exists!
]]></system-out>
  </testcase>
  <testcase name="testRenameDirToFile" classname="TestOzoneFileSystem" time="0.022">
    <system-out><![CDATA[2023-08-29 18:55:01,397 [Time-limited test] WARN  ozone.BasicOzoneFileSystem (BasicOzoneFileSystem.java:rename(459)) - Failed to rename o3fs://bucket94858.volume92422/a/b/c to o3fs://bucket94858.volume92422/root/file1, file already exists!
]]></system-out>
  </testcase>
  <testcase name="testRenameDirToFile" classname="TestOzoneFileSystem" time="0.031">
    <system-out><![CDATA[2023-08-29 18:56:07,095 [Time-limited test] WARN  ozone.BasicOzoneFileSystem (BasicOzoneFileSystem.java:rename(459)) - Failed to rename o3fs://bucket37863.volume95024/a/b/c to o3fs://bucket37863.volume95024/root/file1, file already exists!
]]></system-out>
  </testcase>
  <testcase name="testRenameDirToFile" classname="TestOzoneFileSystem" time="0.023">
    <system-out><![CDATA[2023-08-29 18:57:08,149 [Time-limited test] WARN  ozone.BasicOzoneFileSystem (BasicOzoneFileSystem.java:rename(459)) - Failed to rename o3fs://bucket78448.volume50878/a/b/c to o3fs://bucket78448.volume50878/root/file1, file already exists!
]]></system-out>
  </testcase>
  <testcase name="testRenameToNewSubDirShouldNotExist" classname="TestOzoneFileSystem" time="0.047">
    <system-out><![CDATA[2023-08-29 18:53:56,788 [Time-limited test] WARN  ozone.BasicOzoneFileSystem (BasicOzoneFileSystem.java:rename(453)) - Failed to rename o3fs://bucket79480.volume53060/a to o3fs://bucket79480.volume53060/b/a, file already exists or not empty!
2023-08-29 18:53:56,803 [Time-limited test] WARN  ozone.BasicOzoneFileSystem (BasicOzoneFileSystem.java:rename(453)) - Failed to rename o3fs://bucket79480.volume53060/file1 to o3fs://bucket79480.volume53060/a/file1, file already exists or not empty!
]]></system-out>
  </testcase>
  <testcase name="testRenameToNewSubDirShouldNotExist" classname="TestOzoneFileSystem" time="0.039">
    <system-out><![CDATA[2023-08-29 18:55:01,424 [Time-limited test] WARN  ozone.BasicOzoneFileSystem (BasicOzoneFileSystem.java:rename(453)) - Failed to rename o3fs://bucket94858.volume92422/a to o3fs://bucket94858.volume92422/b/a, file already exists or not empty!
2023-08-29 18:55:01,435 [Time-limited test] WARN  ozone.BasicOzoneFileSystem (BasicOzoneFileSystem.java:rename(453)) - Failed to rename o3fs://bucket94858.volume92422/file1 to o3fs://bucket94858.volume92422/a/file1, file already exists or not empty!
]]></system-out>
  </testcase>
  <testcase name="testRenameToNewSubDirShouldNotExist" classname="TestOzoneFileSystem" time="0.043">
    <system-out><![CDATA[2023-08-29 18:56:07,121 [Time-limited test] WARN  ozone.BasicOzoneFileSystem (BasicOzoneFileSystem.java:rename(453)) - Failed to rename o3fs://bucket37863.volume95024/a to o3fs://bucket37863.volume95024/b/a, file already exists or not empty!
2023-08-29 18:56:07,136 [Time-limited test] WARN  ozone.BasicOzoneFileSystem (BasicOzoneFileSystem.java:rename(453)) - Failed to rename o3fs://bucket37863.volume95024/file1 to o3fs://bucket37863.volume95024/a/file1, file already exists or not empty!
]]></system-out>
  </testcase>
  <testcase name="testRenameToNewSubDirShouldNotExist" classname="TestOzoneFileSystem" time="0.037">
    <system-out><![CDATA[2023-08-29 18:57:08,173 [Time-limited test] WARN  ozone.BasicOzoneFileSystem (BasicOzoneFileSystem.java:rename(453)) - Failed to rename o3fs://bucket78448.volume50878/a to o3fs://bucket78448.volume50878/b/a, file already exists or not empty!
2023-08-29 18:57:08,184 [Time-limited test] WARN  ozone.BasicOzoneFileSystem (BasicOzoneFileSystem.java:rename(453)) - Failed to rename o3fs://bucket78448.volume50878/file1 to o3fs://bucket78448.volume50878/a/file1, file already exists or not empty!
]]></system-out>
  </testcase>
  <testcase name="testListStatusOnLargeDirectoryForACLCheck" classname="TestOzoneFileSystem" time="3.62">
    <system-out><![CDATA[2023-08-29 18:54:00,335 [om1-client-thread1] INFO  segmented.SegmentedRaftLogWorker (SegmentedRaftLogWorker.java:rollLogSegment(452)) - om1@group-C5BA1605619E-SegmentedRaftLogWorker: Rolling segment log-0_36864 to index:36864
2023-08-29 18:54:00,337 [om1@group-C5BA1605619E-SegmentedRaftLogWorker] INFO  segmented.SegmentedRaftLogWorker (SegmentedRaftLogWorker.java:execute(608)) - om1@group-C5BA1605619E-SegmentedRaftLogWorker: Rolled log segment from /home/runner/work/ozone/ozone/hadoop-ozone/integration-test/target/test-dir/MiniOzoneClusterImpl-f4f7c4b3-a6e6-4e2b-8957-3aa4c0e420f5/ozone-meta/ratis/bf265839-605b-3f16-9796-c5ba1605619e/current/log_inprogress_0 to /home/runner/work/ozone/ozone/hadoop-ozone/integration-test/target/test-dir/MiniOzoneClusterImpl-f4f7c4b3-a6e6-4e2b-8957-3aa4c0e420f5/ozone-meta/ratis/bf265839-605b-3f16-9796-c5ba1605619e/current/log_0-36864
2023-08-29 18:54:00,347 [om1@group-C5BA1605619E-SegmentedRaftLogWorker] INFO  segmented.SegmentedRaftLogWorker (SegmentedRaftLogWorker.java:execute(651)) - om1@group-C5BA1605619E-SegmentedRaftLogWorker: created new log segment /home/runner/work/ozone/ozone/hadoop-ozone/integration-test/target/test-dir/MiniOzoneClusterImpl-f4f7c4b3-a6e6-4e2b-8957-3aa4c0e420f5/ozone-meta/ratis/bf265839-605b-3f16-9796-c5ba1605619e/current/log_inprogress_36865
]]></system-out>
  </testcase>
  <testcase name="testListStatusOnLargeDirectoryForACLCheck" classname="TestOzoneFileSystem" time="2.521"/>
  <testcase name="testListStatusOnLargeDirectoryForACLCheck" classname="TestOzoneFileSystem" time="2.595">
    <system-out><![CDATA[2023-08-29 18:56:08,308 [IPC Server handler 19 on default port 15107] INFO  ha.SequenceIdGenerator (SequenceIdGenerator.java:getNextId(140)) - Allocate a batch for delTxnId, change lastId from 0 to 1000.
2023-08-29 18:56:09,656 [om1-client-thread1] INFO  segmented.SegmentedRaftLogWorker (SegmentedRaftLogWorker.java:rollLogSegment(452)) - om1@group-C5BA1605619E-SegmentedRaftLogWorker: Rolling segment log-0_36836 to index:36836
2023-08-29 18:56:09,656 [om1@group-C5BA1605619E-SegmentedRaftLogWorker] INFO  segmented.SegmentedRaftLogWorker (SegmentedRaftLogWorker.java:execute(608)) - om1@group-C5BA1605619E-SegmentedRaftLogWorker: Rolled log segment from /home/runner/work/ozone/ozone/hadoop-ozone/integration-test/target/test-dir/MiniOzoneClusterImpl-e121caef-2a4e-4b75-96a0-c968b96a6505/ozone-meta/ratis/bf265839-605b-3f16-9796-c5ba1605619e/current/log_inprogress_0 to /home/runner/work/ozone/ozone/hadoop-ozone/integration-test/target/test-dir/MiniOzoneClusterImpl-e121caef-2a4e-4b75-96a0-c968b96a6505/ozone-meta/ratis/bf265839-605b-3f16-9796-c5ba1605619e/current/log_0-36836
2023-08-29 18:56:09,667 [om1@group-C5BA1605619E-SegmentedRaftLogWorker] INFO  segmented.SegmentedRaftLogWorker (SegmentedRaftLogWorker.java:execute(651)) - om1@group-C5BA1605619E-SegmentedRaftLogWorker: created new log segment /home/runner/work/ozone/ozone/hadoop-ozone/integration-test/target/test-dir/MiniOzoneClusterImpl-e121caef-2a4e-4b75-96a0-c968b96a6505/ozone-meta/ratis/bf265839-605b-3f16-9796-c5ba1605619e/current/log_inprogress_36837
]]></system-out>
  </testcase>
  <testcase name="testListStatusOnLargeDirectoryForACLCheck" classname="TestOzoneFileSystem" time="2.343"/>
  <testcase name="testRenameFileToDir" classname="TestOzoneFileSystem" time="0.049">
    <system-out><![CDATA[18:54:00.462 [IPC Server handler 18 on default port 15004] ERROR OMAudit - user=runner | ip=127.0.0.1 | op=LIST_STATUS {volume=volume53060, bucket=bucket79480, key=a/b/c/file1, dataSize=0, replicationConfig=null} | ret=FAILURE
org.apache.hadoop.ozone.om.exceptions.OMException: Unable to get file status: volume: volume53060 bucket: bucket79480 key: a/b/c/file1
	at org.apache.hadoop.ozone.om.KeyManagerImpl.getOzoneFileStatus(KeyManagerImpl.java:1195) ~[ozone-manager-1.4.0-SNAPSHOT.jar:?]
	at org.apache.hadoop.ozone.om.KeyManagerImpl.getFileStatus(KeyManagerImpl.java:1113) ~[ozone-manager-1.4.0-SNAPSHOT.jar:?]
	at org.apache.hadoop.ozone.om.KeyManagerImpl.listStatus(KeyManagerImpl.java:1505) ~[ozone-manager-1.4.0-SNAPSHOT.jar:?]
	at org.apache.hadoop.ozone.om.OmMetadataReader.listStatus(OmMetadataReader.java:235) ~[ozone-manager-1.4.0-SNAPSHOT.jar:?]
	at org.apache.hadoop.ozone.om.OzoneManager.listStatus(OzoneManager.java:3560) ~[ozone-manager-1.4.0-SNAPSHOT.jar:?]
	at org.apache.hadoop.ozone.protocolPB.OzoneManagerRequestHandler.listStatus(OzoneManagerRequestHandler.java:1145) ~[ozone-manager-1.4.0-SNAPSHOT.jar:?]
	at org.apache.hadoop.ozone.protocolPB.OzoneManagerRequestHandler.handleReadRequest(OzoneManagerRequestHandler.java:263) ~[ozone-manager-1.4.0-SNAPSHOT.jar:?]
	at org.apache.hadoop.ozone.protocolPB.OzoneManagerProtocolServerSideTranslatorPB.submitReadRequestToOM(OzoneManagerProtocolServerSideTranslatorPB.java:225) ~[ozone-manager-1.4.0-SNAPSHOT.jar:?]
	at org.apache.hadoop.ozone.protocolPB.OzoneManagerProtocolServerSideTranslatorPB.processRequest(OzoneManagerProtocolServerSideTranslatorPB.java:179) ~[ozone-manager-1.4.0-SNAPSHOT.jar:?]
	at org.apache.hadoop.hdds.server.OzoneProtocolMessageDispatcher.processRequest(OzoneProtocolMessageDispatcher.java:87) [hdds-server-framework-1.4.0-SNAPSHOT.jar:?]
	at org.apache.hadoop.ozone.protocolPB.OzoneManagerProtocolServerSideTranslatorPB.submitRequest(OzoneManagerProtocolServerSideTranslatorPB.java:148) [ozone-manager-1.4.0-SNAPSHOT.jar:?]
	at org.apache.hadoop.ozone.protocol.proto.OzoneManagerProtocolProtos$OzoneManagerService$2.callBlockingMethod(OzoneManagerProtocolProtos.java) [ozone-interface-client-1.4.0-SNAPSHOT.jar:?]
	at org.apache.hadoop.ipc.ProtobufRpcEngine$Server.processCall(ProtobufRpcEngine.java:484) [hadoop-common-3.3.6.jar:?]
	at org.apache.hadoop.ipc.ProtobufRpcEngine2$Server$ProtoBufRpcInvoker.call(ProtobufRpcEngine2.java:595) [hadoop-common-3.3.6.jar:?]
	at org.apache.hadoop.ipc.ProtobufRpcEngine2$Server$ProtoBufRpcInvoker.call(ProtobufRpcEngine2.java:573) [hadoop-common-3.3.6.jar:?]
	at org.apache.hadoop.ipc.RPC$Server.call(RPC.java:1227) [hadoop-common-3.3.6.jar:?]
	at org.apache.hadoop.ipc.Server$RpcCall.run(Server.java:1094) [hadoop-common-3.3.6.jar:?]
	at org.apache.hadoop.ipc.Server$RpcCall.run(Server.java:1017) [hadoop-common-3.3.6.jar:?]
	at java.security.AccessController.doPrivileged(Native Method) ~[?:1.8.0_382]
	at javax.security.auth.Subject.doAs(Subject.java:422) [?:1.8.0_382]
	at org.apache.hadoop.security.UserGroupInformation.doAs(UserGroupInformation.java:1899) [hadoop-common-3.3.6.jar:?]
	at org.apache.hadoop.ipc.Server$Handler.run(Server.java:3048) [hadoop-common-3.3.6.jar:?]
]]></system-out>
  </testcase>
  <testcase name="testRenameFileToDir" classname="TestOzoneFileSystem" time="0.04">
    <system-out><![CDATA[18:55:03.986 [IPC Server handler 18 on default port 15057] ERROR OMAudit - user=runner | ip=127.0.0.1 | op=LIST_STATUS {volume=volume92422, bucket=bucket94858, key=a/b/c/file1, dataSize=0, replicationConfig=null} | ret=FAILURE
org.apache.hadoop.ozone.om.exceptions.OMException: Unable to get file status: volume: volume92422 bucket: bucket94858 key: a/b/c/file1
	at org.apache.hadoop.ozone.om.KeyManagerImpl.getOzoneFileStatus(KeyManagerImpl.java:1195) ~[ozone-manager-1.4.0-SNAPSHOT.jar:?]
	at org.apache.hadoop.ozone.om.KeyManagerImpl.getFileStatus(KeyManagerImpl.java:1113) ~[ozone-manager-1.4.0-SNAPSHOT.jar:?]
	at org.apache.hadoop.ozone.om.KeyManagerImpl.listStatus(KeyManagerImpl.java:1505) ~[ozone-manager-1.4.0-SNAPSHOT.jar:?]
	at org.apache.hadoop.ozone.om.OmMetadataReader.listStatus(OmMetadataReader.java:235) ~[ozone-manager-1.4.0-SNAPSHOT.jar:?]
	at org.apache.hadoop.ozone.om.OzoneManager.listStatus(OzoneManager.java:3560) ~[ozone-manager-1.4.0-SNAPSHOT.jar:?]
	at org.apache.hadoop.ozone.protocolPB.OzoneManagerRequestHandler.listStatus(OzoneManagerRequestHandler.java:1145) ~[ozone-manager-1.4.0-SNAPSHOT.jar:?]
	at org.apache.hadoop.ozone.protocolPB.OzoneManagerRequestHandler.handleReadRequest(OzoneManagerRequestHandler.java:263) ~[ozone-manager-1.4.0-SNAPSHOT.jar:?]
	at org.apache.hadoop.ozone.protocolPB.OzoneManagerProtocolServerSideTranslatorPB.submitRequestDirectlyToOM(OzoneManagerProtocolServerSideTranslatorPB.java:274) ~[ozone-manager-1.4.0-SNAPSHOT.jar:?]
	at org.apache.hadoop.ozone.protocolPB.OzoneManagerProtocolServerSideTranslatorPB.processRequest(OzoneManagerProtocolServerSideTranslatorPB.java:175) ~[ozone-manager-1.4.0-SNAPSHOT.jar:?]
	at org.apache.hadoop.hdds.server.OzoneProtocolMessageDispatcher.processRequest(OzoneProtocolMessageDispatcher.java:87) [hdds-server-framework-1.4.0-SNAPSHOT.jar:?]
	at org.apache.hadoop.ozone.protocolPB.OzoneManagerProtocolServerSideTranslatorPB.submitRequest(OzoneManagerProtocolServerSideTranslatorPB.java:148) [ozone-manager-1.4.0-SNAPSHOT.jar:?]
	at org.apache.hadoop.ozone.protocol.proto.OzoneManagerProtocolProtos$OzoneManagerService$2.callBlockingMethod(OzoneManagerProtocolProtos.java) [ozone-interface-client-1.4.0-SNAPSHOT.jar:?]
	at org.apache.hadoop.ipc.ProtobufRpcEngine$Server.processCall(ProtobufRpcEngine.java:484) [hadoop-common-3.3.6.jar:?]
	at org.apache.hadoop.ipc.ProtobufRpcEngine2$Server$ProtoBufRpcInvoker.call(ProtobufRpcEngine2.java:595) [hadoop-common-3.3.6.jar:?]
	at org.apache.hadoop.ipc.ProtobufRpcEngine2$Server$ProtoBufRpcInvoker.call(ProtobufRpcEngine2.java:573) [hadoop-common-3.3.6.jar:?]
	at org.apache.hadoop.ipc.RPC$Server.call(RPC.java:1227) [hadoop-common-3.3.6.jar:?]
	at org.apache.hadoop.ipc.Server$RpcCall.run(Server.java:1094) [hadoop-common-3.3.6.jar:?]
	at org.apache.hadoop.ipc.Server$RpcCall.run(Server.java:1017) [hadoop-common-3.3.6.jar:?]
	at java.security.AccessController.doPrivileged(Native Method) ~[?:1.8.0_382]
	at javax.security.auth.Subject.doAs(Subject.java:422) [?:1.8.0_382]
	at org.apache.hadoop.security.UserGroupInformation.doAs(UserGroupInformation.java:1899) [hadoop-common-3.3.6.jar:?]
	at org.apache.hadoop.ipc.Server$Handler.run(Server.java:3048) [hadoop-common-3.3.6.jar:?]
]]></system-out>
  </testcase>
  <testcase name="testRenameFileToDir" classname="TestOzoneFileSystem" time="0.042">
    <system-out><![CDATA[18:56:09.758 [IPC Server handler 5 on default port 15110] ERROR OMAudit - user=runner | ip=127.0.0.1 | op=LIST_STATUS {volume=volume95024, bucket=bucket37863, key=a/b/c/file1, dataSize=0, replicationConfig=null} | ret=FAILURE
org.apache.hadoop.ozone.om.exceptions.OMException: Unable to get file status: volume: volume95024 bucket: bucket37863 key: a/b/c/file1
	at org.apache.hadoop.ozone.om.KeyManagerImpl.getOzoneFileStatus(KeyManagerImpl.java:1195) ~[ozone-manager-1.4.0-SNAPSHOT.jar:?]
	at org.apache.hadoop.ozone.om.KeyManagerImpl.getFileStatus(KeyManagerImpl.java:1113) ~[ozone-manager-1.4.0-SNAPSHOT.jar:?]
	at org.apache.hadoop.ozone.om.KeyManagerImpl.listStatus(KeyManagerImpl.java:1505) ~[ozone-manager-1.4.0-SNAPSHOT.jar:?]
	at org.apache.hadoop.ozone.om.OmMetadataReader.listStatus(OmMetadataReader.java:235) ~[ozone-manager-1.4.0-SNAPSHOT.jar:?]
	at org.apache.hadoop.ozone.om.OzoneManager.listStatus(OzoneManager.java:3560) ~[ozone-manager-1.4.0-SNAPSHOT.jar:?]
	at org.apache.hadoop.ozone.protocolPB.OzoneManagerRequestHandler.listStatus(OzoneManagerRequestHandler.java:1145) ~[ozone-manager-1.4.0-SNAPSHOT.jar:?]
	at org.apache.hadoop.ozone.protocolPB.OzoneManagerRequestHandler.handleReadRequest(OzoneManagerRequestHandler.java:263) ~[ozone-manager-1.4.0-SNAPSHOT.jar:?]
	at org.apache.hadoop.ozone.protocolPB.OzoneManagerProtocolServerSideTranslatorPB.submitReadRequestToOM(OzoneManagerProtocolServerSideTranslatorPB.java:225) ~[ozone-manager-1.4.0-SNAPSHOT.jar:?]
	at org.apache.hadoop.ozone.protocolPB.OzoneManagerProtocolServerSideTranslatorPB.processRequest(OzoneManagerProtocolServerSideTranslatorPB.java:179) ~[ozone-manager-1.4.0-SNAPSHOT.jar:?]
	at org.apache.hadoop.hdds.server.OzoneProtocolMessageDispatcher.processRequest(OzoneProtocolMessageDispatcher.java:87) [hdds-server-framework-1.4.0-SNAPSHOT.jar:?]
	at org.apache.hadoop.ozone.protocolPB.OzoneManagerProtocolServerSideTranslatorPB.submitRequest(OzoneManagerProtocolServerSideTranslatorPB.java:148) [ozone-manager-1.4.0-SNAPSHOT.jar:?]
	at org.apache.hadoop.ozone.protocol.proto.OzoneManagerProtocolProtos$OzoneManagerService$2.callBlockingMethod(OzoneManagerProtocolProtos.java) [ozone-interface-client-1.4.0-SNAPSHOT.jar:?]
	at org.apache.hadoop.ipc.ProtobufRpcEngine$Server.processCall(ProtobufRpcEngine.java:484) [hadoop-common-3.3.6.jar:?]
	at org.apache.hadoop.ipc.ProtobufRpcEngine2$Server$ProtoBufRpcInvoker.call(ProtobufRpcEngine2.java:595) [hadoop-common-3.3.6.jar:?]
	at org.apache.hadoop.ipc.ProtobufRpcEngine2$Server$ProtoBufRpcInvoker.call(ProtobufRpcEngine2.java:573) [hadoop-common-3.3.6.jar:?]
	at org.apache.hadoop.ipc.RPC$Server.call(RPC.java:1227) [hadoop-common-3.3.6.jar:?]
	at org.apache.hadoop.ipc.Server$RpcCall.run(Server.java:1094) [hadoop-common-3.3.6.jar:?]
	at org.apache.hadoop.ipc.Server$RpcCall.run(Server.java:1017) [hadoop-common-3.3.6.jar:?]
	at java.security.AccessController.doPrivileged(Native Method) ~[?:1.8.0_382]
	at javax.security.auth.Subject.doAs(Subject.java:422) [?:1.8.0_382]
	at org.apache.hadoop.security.UserGroupInformation.doAs(UserGroupInformation.java:1899) [hadoop-common-3.3.6.jar:?]
	at org.apache.hadoop.ipc.Server$Handler.run(Server.java:3048) [hadoop-common-3.3.6.jar:?]
]]></system-out>
  </testcase>
  <testcase name="testRenameFileToDir" classname="TestOzoneFileSystem" time="0.041">
    <system-out><![CDATA[18:57:10.553 [IPC Server handler 6 on default port 15163] ERROR OMAudit - user=runner | ip=127.0.0.1 | op=LIST_STATUS {volume=volume50878, bucket=bucket78448, key=a/b/c/file1, dataSize=0, replicationConfig=null} | ret=FAILURE
org.apache.hadoop.ozone.om.exceptions.OMException: Unable to get file status: volume: volume50878 bucket: bucket78448 key: a/b/c/file1
	at org.apache.hadoop.ozone.om.KeyManagerImpl.getOzoneFileStatus(KeyManagerImpl.java:1195) ~[ozone-manager-1.4.0-SNAPSHOT.jar:?]
	at org.apache.hadoop.ozone.om.KeyManagerImpl.getFileStatus(KeyManagerImpl.java:1113) ~[ozone-manager-1.4.0-SNAPSHOT.jar:?]
	at org.apache.hadoop.ozone.om.KeyManagerImpl.listStatus(KeyManagerImpl.java:1505) ~[ozone-manager-1.4.0-SNAPSHOT.jar:?]
	at org.apache.hadoop.ozone.om.OmMetadataReader.listStatus(OmMetadataReader.java:235) ~[ozone-manager-1.4.0-SNAPSHOT.jar:?]
	at org.apache.hadoop.ozone.om.OzoneManager.listStatus(OzoneManager.java:3560) ~[ozone-manager-1.4.0-SNAPSHOT.jar:?]
	at org.apache.hadoop.ozone.protocolPB.OzoneManagerRequestHandler.listStatus(OzoneManagerRequestHandler.java:1145) ~[ozone-manager-1.4.0-SNAPSHOT.jar:?]
	at org.apache.hadoop.ozone.protocolPB.OzoneManagerRequestHandler.handleReadRequest(OzoneManagerRequestHandler.java:263) ~[ozone-manager-1.4.0-SNAPSHOT.jar:?]
	at org.apache.hadoop.ozone.protocolPB.OzoneManagerProtocolServerSideTranslatorPB.submitRequestDirectlyToOM(OzoneManagerProtocolServerSideTranslatorPB.java:274) ~[ozone-manager-1.4.0-SNAPSHOT.jar:?]
	at org.apache.hadoop.ozone.protocolPB.OzoneManagerProtocolServerSideTranslatorPB.processRequest(OzoneManagerProtocolServerSideTranslatorPB.java:175) ~[ozone-manager-1.4.0-SNAPSHOT.jar:?]
	at org.apache.hadoop.hdds.server.OzoneProtocolMessageDispatcher.processRequest(OzoneProtocolMessageDispatcher.java:87) [hdds-server-framework-1.4.0-SNAPSHOT.jar:?]
	at org.apache.hadoop.ozone.protocolPB.OzoneManagerProtocolServerSideTranslatorPB.submitRequest(OzoneManagerProtocolServerSideTranslatorPB.java:148) [ozone-manager-1.4.0-SNAPSHOT.jar:?]
	at org.apache.hadoop.ozone.protocol.proto.OzoneManagerProtocolProtos$OzoneManagerService$2.callBlockingMethod(OzoneManagerProtocolProtos.java) [ozone-interface-client-1.4.0-SNAPSHOT.jar:?]
	at org.apache.hadoop.ipc.ProtobufRpcEngine$Server.processCall(ProtobufRpcEngine.java:484) [hadoop-common-3.3.6.jar:?]
	at org.apache.hadoop.ipc.ProtobufRpcEngine2$Server$ProtoBufRpcInvoker.call(ProtobufRpcEngine2.java:595) [hadoop-common-3.3.6.jar:?]
	at org.apache.hadoop.ipc.ProtobufRpcEngine2$Server$ProtoBufRpcInvoker.call(ProtobufRpcEngine2.java:573) [hadoop-common-3.3.6.jar:?]
	at org.apache.hadoop.ipc.RPC$Server.call(RPC.java:1227) [hadoop-common-3.3.6.jar:?]
	at org.apache.hadoop.ipc.Server$RpcCall.run(Server.java:1094) [hadoop-common-3.3.6.jar:?]
	at org.apache.hadoop.ipc.Server$RpcCall.run(Server.java:1017) [hadoop-common-3.3.6.jar:?]
	at java.security.AccessController.doPrivileged(Native Method) ~[?:1.8.0_382]
	at javax.security.auth.Subject.doAs(Subject.java:422) [?:1.8.0_382]
	at org.apache.hadoop.security.UserGroupInformation.doAs(UserGroupInformation.java:1899) [hadoop-common-3.3.6.jar:?]
	at org.apache.hadoop.ipc.Server$Handler.run(Server.java:3048) [hadoop-common-3.3.6.jar:?]
]]></system-out>
  </testcase>
  <testcase name="testListStatusWithIntermediateDirWithECEnabled" classname="TestOzoneFileSystem" time="0.038">
    <system-out><![CDATA[2023-08-29 18:54:00,496 [IPC Server handler 3 on default port 15001] INFO  algorithms.SCMContainerPlacementRackScatter (SCMContainerPlacementRackScatter.java:chooseDatanodesInternal(362)) - Chosen nodes: [8e764df9-21b5-444f-852f-dd54d92b5fac(fv-az225-157.hxhba2eg53duheooqg2bzplbvd.bx.internal.cloudapp.net/10.1.0.239), 7f4449f5-5363-4e2a-a958-eb2e78800a81(fv-az225-157.hxhba2eg53duheooqg2bzplbvd.bx.internal.cloudapp.net/10.1.0.239), 5b9ef83d-dbe3-47c8-9c1e-3cffac3fa7d5(fv-az225-157.hxhba2eg53duheooqg2bzplbvd.bx.internal.cloudapp.net/10.1.0.239), 97ee00cc-8878-42b3-8e3f-b8716daccca4(fv-az225-157.hxhba2eg53duheooqg2bzplbvd.bx.internal.cloudapp.net/10.1.0.239), d246a9b4-fb4e-4001-b7a9-7f69213ea7ae(fv-az225-157.hxhba2eg53duheooqg2bzplbvd.bx.internal.cloudapp.net/10.1.0.239)]. isPolicySatisfied: true.
2023-08-29 18:54:00,498 [IPC Server handler 3 on default port 15001] INFO  pipeline.WritableECContainerProvider (WritableECContainerProvider.java:allocateContainer(211)) - Created and opened new pipeline Pipeline[ Id: 8daa0c7a-da81-4c04-a34f-bf202dbf7ec5, Nodes: 8e764df9-21b5-444f-852f-dd54d92b5fac(fv-az225-157.hxhba2eg53duheooqg2bzplbvd.bx.internal.cloudapp.net/10.1.0.239)7f4449f5-5363-4e2a-a958-eb2e78800a81(fv-az225-157.hxhba2eg53duheooqg2bzplbvd.bx.internal.cloudapp.net/10.1.0.239)5b9ef83d-dbe3-47c8-9c1e-3cffac3fa7d5(fv-az225-157.hxhba2eg53duheooqg2bzplbvd.bx.internal.cloudapp.net/10.1.0.239)97ee00cc-8878-42b3-8e3f-b8716daccca4(fv-az225-157.hxhba2eg53duheooqg2bzplbvd.bx.internal.cloudapp.net/10.1.0.239)d246a9b4-fb4e-4001-b7a9-7f69213ea7ae(fv-az225-157.hxhba2eg53duheooqg2bzplbvd.bx.internal.cloudapp.net/10.1.0.239), ReplicationConfig: EC{rs-3-2-1024k}, State:ALLOCATED, leaderId:, CreationTimestamp2023-08-29T18:54:00.496Z[Etc/UTC]]
]]></system-out>
  </testcase>
  <testcase name="testListStatusWithIntermediateDirWithECEnabled" classname="TestOzoneFileSystem" time="0.027">
    <system-out><![CDATA[2023-08-29 18:55:04,014 [IPC Server handler 8 on default port 15054] INFO  algorithms.SCMContainerPlacementRackScatter (SCMContainerPlacementRackScatter.java:chooseDatanodesInternal(362)) - Chosen nodes: [9b50acff-382e-4523-ab74-6f7baa2ae53c(fv-az225-157.hxhba2eg53duheooqg2bzplbvd.bx.internal.cloudapp.net/10.1.0.239), 35cfc858-a2b0-48ab-9c56-830891a3070f(fv-az225-157.hxhba2eg53duheooqg2bzplbvd.bx.internal.cloudapp.net/10.1.0.239), 56262cb9-d4bb-4e4d-aa87-5a4e1fe7f493(fv-az225-157.hxhba2eg53duheooqg2bzplbvd.bx.internal.cloudapp.net/10.1.0.239), 6fd2df5d-7fa6-4dbe-8371-fb8b49d5e440(fv-az225-157.hxhba2eg53duheooqg2bzplbvd.bx.internal.cloudapp.net/10.1.0.239), 01366e89-60c7-46c1-a96e-1a2337162bc6(fv-az225-157.hxhba2eg53duheooqg2bzplbvd.bx.internal.cloudapp.net/10.1.0.239)]. isPolicySatisfied: true.
2023-08-29 18:55:04,016 [IPC Server handler 8 on default port 15054] INFO  pipeline.WritableECContainerProvider (WritableECContainerProvider.java:allocateContainer(211)) - Created and opened new pipeline Pipeline[ Id: fd9502b7-b759-4ba4-9175-2cebfa8bc11a, Nodes: 9b50acff-382e-4523-ab74-6f7baa2ae53c(fv-az225-157.hxhba2eg53duheooqg2bzplbvd.bx.internal.cloudapp.net/10.1.0.239)35cfc858-a2b0-48ab-9c56-830891a3070f(fv-az225-157.hxhba2eg53duheooqg2bzplbvd.bx.internal.cloudapp.net/10.1.0.239)56262cb9-d4bb-4e4d-aa87-5a4e1fe7f493(fv-az225-157.hxhba2eg53duheooqg2bzplbvd.bx.internal.cloudapp.net/10.1.0.239)6fd2df5d-7fa6-4dbe-8371-fb8b49d5e440(fv-az225-157.hxhba2eg53duheooqg2bzplbvd.bx.internal.cloudapp.net/10.1.0.239)01366e89-60c7-46c1-a96e-1a2337162bc6(fv-az225-157.hxhba2eg53duheooqg2bzplbvd.bx.internal.cloudapp.net/10.1.0.239), ReplicationConfig: EC{rs-3-2-1024k}, State:ALLOCATED, leaderId:, CreationTimestamp2023-08-29T18:55:04.014Z[Etc/UTC]]
]]></system-out>
  </testcase>
  <testcase name="testListStatusWithIntermediateDirWithECEnabled" classname="TestOzoneFileSystem" time="0.025">
    <system-out><![CDATA[2023-08-29 18:56:09,793 [IPC Server handler 17 on default port 15107] INFO  algorithms.SCMContainerPlacementRackScatter (SCMContainerPlacementRackScatter.java:chooseDatanodesInternal(362)) - Chosen nodes: [7e144599-01e3-4b85-852c-8ce44e41f20b(fv-az225-157.hxhba2eg53duheooqg2bzplbvd.bx.internal.cloudapp.net/10.1.0.239), 2eaf327d-c8aa-4b69-9e65-db94832273b8(fv-az225-157.hxhba2eg53duheooqg2bzplbvd.bx.internal.cloudapp.net/10.1.0.239), 0d210486-d547-40fe-b644-a4a516df2759(fv-az225-157.hxhba2eg53duheooqg2bzplbvd.bx.internal.cloudapp.net/10.1.0.239), fe29ea50-ce7d-4d67-99db-5363b98f75df(fv-az225-157.hxhba2eg53duheooqg2bzplbvd.bx.internal.cloudapp.net/10.1.0.239), f550e702-abe2-49cd-8ff2-4b2ec6b34c67(fv-az225-157.hxhba2eg53duheooqg2bzplbvd.bx.internal.cloudapp.net/10.1.0.239)]. isPolicySatisfied: true.
2023-08-29 18:56:09,794 [IPC Server handler 17 on default port 15107] INFO  pipeline.WritableECContainerProvider (WritableECContainerProvider.java:allocateContainer(211)) - Created and opened new pipeline Pipeline[ Id: 13bf2859-2ea9-4266-a035-3a32380dec6c, Nodes: 7e144599-01e3-4b85-852c-8ce44e41f20b(fv-az225-157.hxhba2eg53duheooqg2bzplbvd.bx.internal.cloudapp.net/10.1.0.239)2eaf327d-c8aa-4b69-9e65-db94832273b8(fv-az225-157.hxhba2eg53duheooqg2bzplbvd.bx.internal.cloudapp.net/10.1.0.239)0d210486-d547-40fe-b644-a4a516df2759(fv-az225-157.hxhba2eg53duheooqg2bzplbvd.bx.internal.cloudapp.net/10.1.0.239)fe29ea50-ce7d-4d67-99db-5363b98f75df(fv-az225-157.hxhba2eg53duheooqg2bzplbvd.bx.internal.cloudapp.net/10.1.0.239)f550e702-abe2-49cd-8ff2-4b2ec6b34c67(fv-az225-157.hxhba2eg53duheooqg2bzplbvd.bx.internal.cloudapp.net/10.1.0.239), ReplicationConfig: EC{rs-3-2-1024k}, State:ALLOCATED, leaderId:, CreationTimestamp2023-08-29T18:56:09.793Z[Etc/UTC]]
]]></system-out>
  </testcase>
  <testcase name="testListStatusWithIntermediateDirWithECEnabled" classname="TestOzoneFileSystem" time="0.022">
    <system-out><![CDATA[2023-08-29 18:57:10,587 [IPC Server handler 0 on default port 15160] INFO  algorithms.SCMContainerPlacementRackScatter (SCMContainerPlacementRackScatter.java:chooseDatanodesInternal(362)) - Chosen nodes: [f5d5de74-035f-4e7b-b7e8-455c492d4758(fv-az225-157.hxhba2eg53duheooqg2bzplbvd.bx.internal.cloudapp.net/10.1.0.239), fdf3821b-2737-47a5-9603-1a2dda162151(fv-az225-157.hxhba2eg53duheooqg2bzplbvd.bx.internal.cloudapp.net/10.1.0.239), b7d61230-484d-41a2-ab8b-b31889d091fe(fv-az225-157.hxhba2eg53duheooqg2bzplbvd.bx.internal.cloudapp.net/10.1.0.239), 1088055f-b6dc-4993-819c-da5e568aeaf2(fv-az225-157.hxhba2eg53duheooqg2bzplbvd.bx.internal.cloudapp.net/10.1.0.239), 9b9fb1d1-2285-4865-a677-77c8be404412(fv-az225-157.hxhba2eg53duheooqg2bzplbvd.bx.internal.cloudapp.net/10.1.0.239)]. isPolicySatisfied: true.
2023-08-29 18:57:10,588 [IPC Server handler 0 on default port 15160] INFO  pipeline.WritableECContainerProvider (WritableECContainerProvider.java:allocateContainer(211)) - Created and opened new pipeline Pipeline[ Id: 379addb3-33b4-4202-bb32-b50734675398, Nodes: f5d5de74-035f-4e7b-b7e8-455c492d4758(fv-az225-157.hxhba2eg53duheooqg2bzplbvd.bx.internal.cloudapp.net/10.1.0.239)fdf3821b-2737-47a5-9603-1a2dda162151(fv-az225-157.hxhba2eg53duheooqg2bzplbvd.bx.internal.cloudapp.net/10.1.0.239)b7d61230-484d-41a2-ab8b-b31889d091fe(fv-az225-157.hxhba2eg53duheooqg2bzplbvd.bx.internal.cloudapp.net/10.1.0.239)1088055f-b6dc-4993-819c-da5e568aeaf2(fv-az225-157.hxhba2eg53duheooqg2bzplbvd.bx.internal.cloudapp.net/10.1.0.239)9b9fb1d1-2285-4865-a677-77c8be404412(fv-az225-157.hxhba2eg53duheooqg2bzplbvd.bx.internal.cloudapp.net/10.1.0.239), ReplicationConfig: EC{rs-3-2-1024k}, State:ALLOCATED, leaderId:, CreationTimestamp2023-08-29T18:57:10.587Z[Etc/UTC]]
]]></system-out>
  </testcase>
  <testcase name="testMakeDirsWithAnExistingDirectoryPath" classname="TestOzoneFileSystem" time="0.025"/>
  <testcase name="testMakeDirsWithAnExistingDirectoryPath" classname="TestOzoneFileSystem" time="0.02"/>
  <testcase name="testMakeDirsWithAnExistingDirectoryPath" classname="TestOzoneFileSystem" time="0.023"/>
  <testcase name="testMakeDirsWithAnExistingDirectoryPath" classname="TestOzoneFileSystem" time="0.019"/>
  <testcase name="testSetTimes" classname="TestOzoneFileSystem" time="0.123"/>
  <testcase name="testSetTimes" classname="TestOzoneFileSystem" time="0.081"/>
  <testcase name="testSetTimes" classname="TestOzoneFileSystem" time="0.057"/>
  <testcase name="testSetTimes" classname="TestOzoneFileSystem" time="0.056"/>
</testsuite>