<?xml version="1.0" encoding="UTF-8"?>
<testsuite xmlns:xsi="http://www.w3.org/2001/XMLSchema-instance" xsi:noNamespaceSchemaLocation="https://maven.apache.org/surefire/maven-surefire-plugin/xsd/surefire-test-report.xsd" version="3.0.2" name="org.apache.hadoop.ozone.container.TestContainerReportHandling" time="54.906" tests="2" errors="1" skipped="0" failures="0">
  <properties>
    <property name="java.specification.version" value="21"/>
    <property name="sun.jnu.encoding" value="UTF-8"/>
    <property name="java.class.path" value="/home/runner/work/ozone/ozone/hadoop-ozone/integration-test/target/test-classes:/home/runner/work/ozone/ozone/hadoop-ozone/integration-test/target/classes:/home/runner/.m2/repository/ch/qos/reload4j/reload4j/1.2.26/reload4j-1.2.26.jar:/home/runner/.m2/repository/com/fasterxml/jackson/core/jackson-core/2.16.2/jackson-core-2.16.2.jar:/home/runner/.m2/repository/com/fasterxml/jackson/core/jackson-databind/2.16.2/jackson-databind-2.16.2.jar:/home/runner/.m2/repository/com/fasterxml/jackson/core/jackson-annotations/2.16.2/jackson-annotations-2.16.2.jar:/home/runner/.m2/repository/com/github/stephenc/jcip/jcip-annotations/1.0-1/jcip-annotations-1.0-1.jar:/home/runner/.m2/repository/com/google/guava/guava/33.5.0-jre/guava-33.5.0-jre.jar:/home/runner/.m2/repository/com/google/guava/failureaccess/1.0.3/failureaccess-1.0.3.jar:/home/runner/.m2/repository/com/google/guava/listenablefuture/9999.0-empty-to-avoid-conflict-with-guava/listenablefuture-9999.0-empty-to-avoid-conflict-with-guava.jar:/home/runner/.m2/repository/org/jspecify/jspecify/1.0.0/jspecify-1.0.0.jar:/home/runner/.m2/repository/com/google/errorprone/error_prone_annotations/2.29.2/error_prone_annotations-2.29.2.jar:/home/runner/.m2/repository/com/google/j2objc/j2objc-annotations/3.1/j2objc-annotations-3.1.jar:/home/runner/.m2/repository/com/google/protobuf/protobuf-java/2.5.0/protobuf-java-2.5.0.jar:/home/runner/.m2/repository/com/squareup/okhttp3/okhttp/4.12.0/okhttp-4.12.0.jar:/home/runner/.m2/repository/com/squareup/okio/okio/3.6.0/okio-3.6.0.jar:/home/runner/.m2/repository/com/squareup/okio/okio-jvm/3.6.0/okio-jvm-3.6.0.jar:/home/runner/.m2/repository/org/jetbrains/kotlin/kotlin-stdlib-common/1.9.25/kotlin-stdlib-common-1.9.25.jar:/home/runner/.m2/repository/org/jetbrains/kotlin/kotlin-stdlib-jdk8/1.9.25/kotlin-stdlib-jdk8-1.9.25.jar:/home/runner/.m2/repository/org/jetbrains/kotlin/kotlin-stdlib/1.9.25/kotlin-stdlib-1.9.25.jar:/home/runner/.m2/repository/org/jetbrains/annotations/13.0/annotations-13.0.jar:/home/runner/.m2/repository/org/jetbrains/kotlin/kotlin-stdlib-jdk7/1.9.25/kotlin-stdlib-jdk7-1.9.25.jar:/home/runner/.m2/repository/commons-codec/commons-codec/1.18.0/commons-codec-1.18.0.jar:/home/runner/.m2/repository/commons-io/commons-io/2.18.0/commons-io-2.18.0.jar:/home/runner/.m2/repository/commons-validator/commons-validator/1.10.0/commons-validator-1.10.0.jar:/home/runner/.m2/repository/commons-beanutils/commons-beanutils/1.11.0/commons-beanutils-1.11.0.jar:/home/runner/.m2/repository/commons-digester/commons-digester/2.1/commons-digester-2.1.jar:/home/runner/.m2/repository/commons-collections/commons-collections/3.2.2/commons-collections-3.2.2.jar:/home/runner/.m2/repository/info/picocli/picocli/4.7.7/picocli-4.7.7.jar:/home/runner/.m2/repository/jakarta/annotation/jakarta.annotation-api/2.1.1/jakarta.annotation-api-2.1.1.jar:/home/runner/.m2/repository/jakarta/xml/bind/jakarta.xml.bind-api/2.3.3/jakarta.xml.bind-api-2.3.3.jar:/home/runner/.m2/repository/jakarta/activation/jakarta.activation-api/1.2.2/jakarta.activation-api-1.2.2.jar:/home/runner/.m2/repository/javax/servlet/javax.servlet-api/3.1.0/javax.servlet-api-3.1.0.jar:/home/runner/.m2/repository/javax/ws/rs/jsr311-api/1.1.1/jsr311-api-1.1.1.jar:/home/runner/.m2/repository/org/apache/commons/commons-compress/1.27.1/commons-compress-1.27.1.jar:/home/runner/.m2/repository/org/apache/commons/commons-lang3/3.18.0/commons-lang3-3.18.0.jar:/home/runner/.m2/repository/org/apache/commons/commons-text/1.13.1/commons-text-1.13.1.jar:/home/runner/.m2/repository/org/apache/hadoop/hadoop-auth/3.4.1/hadoop-auth-3.4.1.jar:/home/runner/.m2/repository/com/nimbusds/nimbus-jose-jwt/10.4/nimbus-jose-jwt-10.4.jar:/home/runner/.m2/repository/io/dropwizard/metrics/metrics-core/3.2.6/metrics-core-3.2.6.jar:/home/runner/.m2/repository/org/apache/kerby/kerb-core/1.0.1/kerb-core-1.0.1.jar:/home/runner/.m2/repository/org/apache/kerby/kerby-pkix/1.0.1/kerby-pkix-1.0.1.jar:/home/runner/.m2/repository/org/apache/kerby/kerby-asn1/1.0.1/kerby-asn1-1.0.1.jar:/home/runner/.m2/repository/org/apache/kerby/kerb-util/1.0.1/kerb-util-1.0.1.jar:/home/runner/.m2/repository/org/apache/kerby/kerby-config/1.0.1/kerby-config-1.0.1.jar:/home/runner/.m2/repository/org/apache/kerby/kerb-crypto/1.0.1/kerb-crypto-1.0.1.jar:/home/runner/.m2/repository/org/apache/hadoop/thirdparty/hadoop-shaded-guava/1.3.0/hadoop-shaded-guava-1.3.0.jar:/home/runner/.m2/repository/org/apache/hadoop/hadoop-common/3.4.1/hadoop-common-3.4.1.jar:/home/runner/.m2/repository/org/apache/hadoop/thirdparty/hadoop-shaded-protobuf_3_25/1.4.0/hadoop-shaded-protobuf_3_25-1.4.0.jar:/home/runner/.m2/repository/org/apache/hadoop/hadoop-annotations/3.4.1/hadoop-annotations-3.4.1.jar:/home/runner/.m2/repository/commons-cli/commons-cli/1.8.0/commons-cli-1.8.0.jar:/home/runner/.m2/repository/commons-net/commons-net/3.11.1/commons-net-3.11.1.jar:/home/runner/.m2/repository/org/eclipse/jetty/jetty-server/9.4.58.v20250814/jetty-server-9.4.58.v20250814.jar:/home/runner/.m2/repository/org/eclipse/jetty/jetty-io/9.4.58.v20250814/jetty-io-9.4.58.v20250814.jar:/home/runner/.m2/repository/org/eclipse/jetty/jetty-util/9.4.58.v20250814/jetty-util-9.4.58.v20250814.jar:/home/runner/.m2/repository/org/eclipse/jetty/jetty-servlet/9.4.58.v20250814/jetty-servlet-9.4.58.v20250814.jar:/home/runner/.m2/repository/org/eclipse/jetty/jetty-security/9.4.58.v20250814/jetty-security-9.4.58.v20250814.jar:/home/runner/.m2/repository/org/eclipse/jetty/jetty-webapp/9.4.58.v20250814/jetty-webapp-9.4.58.v20250814.jar:/home/runner/.m2/repository/org/eclipse/jetty/jetty-xml/9.4.58.v20250814/jetty-xml-9.4.58.v20250814.jar:/home/runner/.m2/repository/javax/servlet/jsp/jsp-api/2.1/jsp-api-2.1.jar:/home/runner/.m2/repository/org/codehaus/jettison/jettison/1.5.4/jettison-1.5.4.jar:/home/runner/.m2/repository/org/apache/commons/commons-configuration2/2.12.0/commons-configuration2-2.12.0.jar:/home/runner/.m2/repository/com/google/re2j/re2j/1.7/re2j-1.7.jar:/home/runner/.m2/repository/com/google/code/gson/gson/2.13.1/gson-2.13.1.jar:/home/runner/.m2/repository/com/jcraft/jsch/0.1.55/jsch-0.1.55.jar:/home/runner/.m2/repository/io/netty/netty-handler/4.1.119.Final/netty-handler-4.1.119.Final.jar:/home/runner/.m2/repository/io/netty/netty-resolver/4.1.119.Final/netty-resolver-4.1.119.Final.jar:/home/runner/.m2/repository/io/netty/netty-transport-native-epoll/4.1.119.Final/netty-transport-native-epoll-4.1.119.Final.jar:/home/runner/.m2/repository/org/bouncycastle/bcprov-jdk18on/1.81/bcprov-jdk18on-1.81.jar:/home/runner/.m2/repository/org/codehaus/woodstox/stax2-api/4.2.1/stax2-api-4.2.1.jar:/home/runner/.m2/repository/com/fasterxml/woodstox/woodstox-core/5.4.0/woodstox-core-5.4.0.jar:/home/runner/.m2/repository/dnsjava/dnsjava/3.6.1/dnsjava-3.6.1.jar:/home/runner/.m2/repository/org/apache/hadoop/hadoop-common/3.4.1/hadoop-common-3.4.1-tests.jar:/home/runner/.m2/repository/org/apache/commons/commons-math3/3.6.1/commons-math3-3.6.1.jar:/home/runner/.m2/repository/com/sun/jersey/jersey-core/1.19.4/jersey-core-1.19.4.jar:/home/runner/.m2/repository/com/sun/jersey/jersey-servlet/1.19.4/jersey-servlet-1.19.4.jar:/home/runner/.m2/repository/com/github/pjfanning/jersey-json/1.22.0/jersey-json-1.22.0.jar:/home/runner/.m2/repository/com/sun/xml/bind/jaxb-impl/2.2.3-1/jaxb-impl-2.2.3-1.jar:/home/runner/.m2/repository/com/sun/jersey/jersey-server/1.19.4/jersey-server-1.19.4.jar:/home/runner/.m2/repository/org/slf4j/slf4j-reload4j/2.0.17/slf4j-reload4j-2.0.17.jar:/home/runner/.m2/repository/org/apache/avro/avro/1.9.2/avro-1.9.2.jar:/home/runner/.m2/repository/org/apache/curator/curator-client/4.2.0/curator-client-4.2.0.jar:/home/runner/.m2/repository/org/apache/curator/curator-recipes/5.2.0/curator-recipes-5.2.0.jar:/home/runner/.m2/repository/org/apache/curator/curator-framework/4.2.0/curator-framework-4.2.0.jar:/home/runner/.m2/repository/com/google/code/findbugs/jsr305/3.0.2/jsr305-3.0.2.jar:/home/runner/.m2/repository/org/apache/zookeeper/zookeeper/3.8.4/zookeeper-3.8.4.jar:/home/runner/.m2/repository/org/apache/zookeeper/zookeeper-jute/3.8.4/zookeeper-jute-3.8.4.jar:/home/runner/.m2/repository/org/apache/yetus/audience-annotations/0.12.0/audience-annotations-0.12.0.jar:/home/runner/.m2/repository/org/xerial/snappy/snappy-java/1.1.10.8/snappy-java-1.1.10.8.jar:/home/runner/.m2/repository/org/apache/hadoop/hadoop-distcp/3.4.1/hadoop-distcp-3.4.1.jar:/home/runner/.m2/repository/org/apache/hadoop/hadoop-distcp/3.4.1/hadoop-distcp-3.4.1-tests.jar:/home/runner/.m2/repository/org/apache/hadoop/hadoop-hdfs/3.4.1/hadoop-hdfs-3.4.1.jar:/home/runner/.m2/repository/org/eclipse/jetty/jetty-util-ajax/9.4.58.v20250814/jetty-util-ajax-9.4.58.v20250814.jar:/home/runner/.m2/repository/commons-daemon/commons-daemon/1.4.0/commons-daemon-1.4.0.jar:/home/runner/.m2/repository/org/apache/hadoop/hadoop-hdfs/3.4.1/hadoop-hdfs-3.4.1-tests.jar:/home/runner/.m2/repository/io/netty/netty-all/4.1.119.Final/netty-all-4.1.119.Final.jar:/home/runner/.m2/repository/io/netty/netty-codec-dns/4.1.119.Final/netty-codec-dns-4.1.119.Final.jar:/home/runner/.m2/repository/io/netty/netty-codec-haproxy/4.1.119.Final/netty-codec-haproxy-4.1.119.Final.jar:/home/runner/.m2/repository/io/netty/netty-codec-http/4.1.119.Final/netty-codec-http-4.1.119.Final.jar:/home/runner/.m2/repository/io/netty/netty-codec-memcache/4.1.119.Final/netty-codec-memcache-4.1.119.Final.jar:/home/runner/.m2/repository/io/netty/netty-codec-mqtt/4.1.119.Final/netty-codec-mqtt-4.1.119.Final.jar:/home/runner/.m2/repository/io/netty/netty-codec-redis/4.1.119.Final/netty-codec-redis-4.1.119.Final.jar:/home/runner/.m2/repository/io/netty/netty-codec-smtp/4.1.119.Final/netty-codec-smtp-4.1.119.Final.jar:/home/runner/.m2/repository/io/netty/netty-codec-socks/4.1.119.Final/netty-codec-socks-4.1.119.Final.jar:/home/runner/.m2/repository/io/netty/netty-codec-stomp/4.1.119.Final/netty-codec-stomp-4.1.119.Final.jar:/home/runner/.m2/repository/io/netty/netty-codec-xml/4.1.119.Final/netty-codec-xml-4.1.119.Final.jar:/home/runner/.m2/repository/io/netty/netty-handler-ssl-ocsp/4.1.119.Final/netty-handler-ssl-ocsp-4.1.119.Final.jar:/home/runner/.m2/repository/io/netty/netty-resolver-dns/4.1.119.Final/netty-resolver-dns-4.1.119.Final.jar:/home/runner/.m2/repository/io/netty/netty-transport-rxtx/4.1.119.Final/netty-transport-rxtx-4.1.119.Final.jar:/home/runner/.m2/repository/io/netty/netty-transport-sctp/4.1.119.Final/netty-transport-sctp-4.1.119.Final.jar:/home/runner/.m2/repository/io/netty/netty-transport-udt/4.1.119.Final/netty-transport-udt-4.1.119.Final.jar:/home/runner/.m2/repository/io/netty/netty-transport-classes-kqueue/4.1.119.Final/netty-transport-classes-kqueue-4.1.119.Final.jar:/home/runner/.m2/repository/io/netty/netty-resolver-dns-classes-macos/4.1.119.Final/netty-resolver-dns-classes-macos-4.1.119.Final.jar:/home/runner/.m2/repository/io/netty/netty-transport-native-epoll/4.1.119.Final/netty-transport-native-epoll-4.1.119.Final-linux-aarch_64.jar:/home/runner/.m2/repository/io/netty/netty-transport-native-epoll/4.1.119.Final/netty-transport-native-epoll-4.1.119.Final-linux-riscv64.jar:/home/runner/.m2/repository/io/netty/netty-transport-native-kqueue/4.1.119.Final/netty-transport-native-kqueue-4.1.119.Final-osx-x86_64.jar:/home/runner/.m2/repository/io/netty/netty-transport-native-kqueue/4.1.119.Final/netty-transport-native-kqueue-4.1.119.Final-osx-aarch_64.jar:/home/runner/.m2/repository/io/netty/netty-resolver-dns-native-macos/4.1.119.Final/netty-resolver-dns-native-macos-4.1.119.Final-osx-x86_64.jar:/home/runner/.m2/repository/io/netty/netty-resolver-dns-native-macos/4.1.119.Final/netty-resolver-dns-native-macos-4.1.119.Final-osx-aarch_64.jar:/home/runner/.m2/repository/org/fusesource/leveldbjni/leveldbjni-all/1.8/leveldbjni-all-1.8.jar:/home/runner/.m2/repository/org/apache/hadoop/hadoop-hdfs-client/3.4.1/hadoop-hdfs-client-3.4.1.jar:/home/runner/.m2/repository/org/apache/hadoop/hadoop-kms/3.4.1/hadoop-kms-3.4.1.jar:/home/runner/.m2/repository/org/apache/hadoop/hadoop-kms/3.4.1/hadoop-kms-3.4.1-tests.jar:/home/runner/.m2/repository/org/apache/hadoop/hadoop-mapreduce-client-core/3.4.1/hadoop-mapreduce-client-core-3.4.1.jar:/home/runner/.m2/repository/org/apache/hadoop/hadoop-yarn-client/3.4.1/hadoop-yarn-client-3.4.1.jar:/home/runner/.m2/repository/org/eclipse/jetty/websocket/websocket-client/9.4.53.v20231009/websocket-client-9.4.53.v20231009.jar:/home/runner/.m2/repository/org/eclipse/jetty/jetty-client/9.4.58.v20250814/jetty-client-9.4.58.v20250814.jar:/home/runner/.m2/repository/org/eclipse/jetty/websocket/websocket-common/9.4.53.v20231009/websocket-common-9.4.53.v20231009.jar:/home/runner/.m2/repository/org/eclipse/jetty/websocket/websocket-api/9.4.53.v20231009/websocket-api-9.4.53.v20231009.jar:/home/runner/.m2/repository/org/apache/hadoop/hadoop-yarn-api/3.4.1/hadoop-yarn-api-3.4.1.jar:/home/runner/.m2/repository/org/apache/hadoop/hadoop-yarn-common/3.4.1/hadoop-yarn-common-3.4.1.jar:/home/runner/.m2/repository/javax/xml/bind/jaxb-api/2.2.11/jaxb-api-2.2.11.jar:/home/runner/.m2/repository/com/sun/jersey/contribs/jersey-guice/1.19.4/jersey-guice-1.19.4.jar:/home/runner/.m2/repository/com/fasterxml/jackson/module/jackson-module-jaxb-annotations/2.16.2/jackson-module-jaxb-annotations-2.16.2.jar:/home/runner/.m2/repository/com/fasterxml/jackson/jaxrs/jackson-jaxrs-json-provider/2.16.2/jackson-jaxrs-json-provider-2.16.2.jar:/home/runner/.m2/repository/com/google/inject/extensions/guice-servlet/6.0.0/guice-servlet-6.0.0.jar:/home/runner/.m2/repository/org/apache/hadoop/hadoop-mapreduce-client-jobclient/3.4.1/hadoop-mapreduce-client-jobclient-3.4.1.jar:/home/runner/.m2/repository/org/apache/hadoop/hadoop-mapreduce-client-common/3.4.1/hadoop-mapreduce-client-common-3.4.1.jar:/home/runner/.m2/repository/org/apache/hadoop/hadoop-minikdc/3.4.1/hadoop-minikdc-3.4.1.jar:/home/runner/.m2/repository/org/apache/kerby/kerb-simplekdc/2.0.3/kerb-simplekdc-2.0.3.jar:/home/runner/.m2/repository/org/apache/kerby/kerb-client/2.0.3/kerb-client-2.0.3.jar:/home/runner/.m2/repository/org/apache/kerby/kerb-common/2.0.3/kerb-common-2.0.3.jar:/home/runner/.m2/repository/org/apache/kerby/token-provider/2.0.3/token-provider-2.0.3.jar:/home/runner/.m2/repository/org/apache/kerby/kerb-admin/2.0.3/kerb-admin-2.0.3.jar:/home/runner/.m2/repository/org/apache/kerby/kerb-server/2.0.3/kerb-server-2.0.3.jar:/home/runner/.m2/repository/org/apache/kerby/kerb-identity/2.0.3/kerb-identity-2.0.3.jar:/home/runner/.m2/repository/org/apache/kerby/kerby-xdr/2.0.3/kerby-xdr-2.0.3.jar:/home/runner/.m2/repository/junit/junit/4.13.2/junit-4.13.2.jar:/home/runner/.m2/repository/org/hamcrest/hamcrest-core/1.3/hamcrest-core-1.3.jar:/home/runner/.m2/repository/org/apache/httpcomponents/httpclient/4.5.14/httpclient-4.5.14.jar:/home/runner/.m2/repository/org/apache/httpcomponents/httpcore/4.4.16/httpcore-4.4.16.jar:/home/runner/.m2/repository/org/apache/kerby/kerby-util/1.0.1/kerby-util-1.0.1.jar:/home/runner/work/ozone/ozone/hadoop-hdds/client/target/hdds-client-2.1.0-SNAPSHOT.jar:/home/runner/work/ozone/ozone/hadoop-hdds/erasurecode/target/hdds-erasurecode-2.1.0-SNAPSHOT.jar:/home/runner/work/ozone/ozone/hadoop-hdds/common/target/hdds-common-2.1.0-SNAPSHOT.jar:/home/runner/.m2/repository/com/fasterxml/jackson/datatype/jackson-datatype-jsr310/2.16.2/jackson-datatype-jsr310-2.16.2.jar:/home/runner/.m2/repository/io/opentelemetry/opentelemetry-api/1.54.1/opentelemetry-api-1.54.1.jar:/home/runner/.m2/repository/io/opentelemetry/opentelemetry-context/1.54.1/opentelemetry-context-1.54.1.jar:/home/runner/.m2/repository/io/opentelemetry/opentelemetry-common/1.54.1/opentelemetry-common-1.54.1.jar:/home/runner/.m2/repository/io/opentelemetry/opentelemetry-exporter-otlp/1.54.1/opentelemetry-exporter-otlp-1.54.1.jar:/home/runner/.m2/repository/io/opentelemetry/opentelemetry-sdk-metrics/1.54.1/opentelemetry-sdk-metrics-1.54.1.jar:/home/runner/.m2/repository/io/opentelemetry/opentelemetry-sdk-logs/1.54.1/opentelemetry-sdk-logs-1.54.1.jar:/home/runner/.m2/repository/io/opentelemetry/opentelemetry-exporter-otlp-common/1.54.1/opentelemetry-exporter-otlp-common-1.54.1.jar:/home/runner/.m2/repository/io/opentelemetry/opentelemetry-exporter-common/1.54.1/opentelemetry-exporter-common-1.54.1.jar:/home/runner/.m2/repository/io/opentelemetry/opentelemetry-exporter-sender-okhttp/1.54.1/opentelemetry-exporter-sender-okhttp-1.54.1.jar:/home/runner/.m2/repository/com/squareup/okhttp3/okhttp-jvm/5.1.0/okhttp-jvm-5.1.0.jar:/home/runner/.m2/repository/io/opentelemetry/opentelemetry-sdk-extension-autoconfigure-spi/1.54.1/opentelemetry-sdk-extension-autoconfigure-spi-1.54.1.jar:/home/runner/.m2/repository/io/opentelemetry/opentelemetry-sdk/1.54.1/opentelemetry-sdk-1.54.1.jar:/home/runner/.m2/repository/io/opentelemetry/opentelemetry-sdk-common/1.54.1/opentelemetry-sdk-common-1.54.1.jar:/home/runner/.m2/repository/io/opentelemetry/opentelemetry-sdk-trace/1.54.1/opentelemetry-sdk-trace-1.54.1.jar:/home/runner/.m2/repository/org/apache/commons/commons-collections4/4.4/commons-collections4-4.4.jar:/home/runner/.m2/repository/org/apache/ratis/ratis-netty/3.2.0/ratis-netty-3.2.0.jar:/home/runner/.m2/repository/org/yaml/snakeyaml/2.0/snakeyaml-2.0.jar:/home/runner/.m2/repository/org/apache/ratis/ratis-metrics-dropwizard3/3.2.0/ratis-metrics-dropwizard3-3.2.0.jar:/home/runner/.m2/repository/org/slf4j/jcl-over-slf4j/2.0.17/jcl-over-slf4j-2.0.17.jar:/home/runner/work/ozone/ozone/hadoop-hdds/common/target/hdds-common-2.1.0-SNAPSHOT-tests.jar:/home/runner/work/ozone/ozone/hadoop-hdds/config/target/hdds-config-2.1.0-SNAPSHOT.jar:/home/runner/work/ozone/ozone/hadoop-hdds/container-service/target/hdds-container-service-2.1.0-SNAPSHOT.jar:/home/runner/.m2/repository/io/netty/netty-buffer/4.1.119.Final/netty-buffer-4.1.119.Final.jar:/home/runner/.m2/repository/io/netty/netty-codec/4.1.119.Final/netty-codec-4.1.119.Final.jar:/home/runner/.m2/repository/io/netty/netty-common/4.1.119.Final/netty-common-4.1.119.Final.jar:/home/runner/.m2/repository/io/netty/netty-transport/4.1.119.Final/netty-transport-4.1.119.Final.jar:/home/runner/.m2/repository/org/apache/logging/log4j/log4j-api/2.25.0/log4j-api-2.25.0.jar:/home/runner/.m2/repository/com/github/luben/zstd-jni/1.5.7-4/zstd-jni-1.5.7-4.jar:/home/runner/.m2/repository/log4j/apache-log4j-extras/1.2.17/apache-log4j-extras-1.2.17.jar:/home/runner/.m2/repository/org/glassfish/jaxb/jaxb-runtime/2.3.9/jaxb-runtime-2.3.9.jar:/home/runner/.m2/repository/org/glassfish/jaxb/txw2/2.3.9/txw2-2.3.9.jar:/home/runner/.m2/repository/com/sun/istack/istack-commons-runtime/3.0.12/istack-commons-runtime-3.0.12.jar:/home/runner/.m2/repository/com/sun/activation/jakarta.activation/1.2.2/jakarta.activation-1.2.2.jar:/home/runner/work/ozone/ozone/hadoop-hdds/container-service/target/hdds-container-service-2.1.0-SNAPSHOT-tests.jar:/home/runner/work/ozone/ozone/hadoop-hdds/interface-admin/target/hdds-interface-admin-2.1.0-SNAPSHOT.jar:/home/runner/work/ozone/ozone/hadoop-hdds/interface-client/target/hdds-interface-client-2.1.0-SNAPSHOT.jar:/home/runner/work/ozone/ozone/hadoop-hdds/interface-server/target/hdds-interface-server-2.1.0-SNAPSHOT.jar:/home/runner/work/ozone/ozone/hadoop-hdds/managed-rocksdb/target/hdds-managed-rocksdb-2.1.0-SNAPSHOT.jar:/home/runner/work/ozone/ozone/hadoop-hdds/rocks-native/target/hdds-rocks-native-2.1.0-SNAPSHOT.jar:/home/runner/work/ozone/ozone/hadoop-hdds/framework/target/hdds-server-framework-2.1.0-SNAPSHOT.jar:/home/runner/.m2/repository/com/github/jnr/jnr-constants/0.10.4/jnr-constants-0.10.4.jar:/home/runner/.m2/repository/com/github/jnr/jnr-posix/3.1.20/jnr-posix-3.1.20.jar:/home/runner/.m2/repository/com/github/jnr/jnr-ffi/2.2.17/jnr-ffi-2.2.17.jar:/home/runner/.m2/repository/com/github/jnr/jffi/1.3.13/jffi-1.3.13.jar:/home/runner/.m2/repository/com/github/jnr/jffi/1.3.13/jffi-1.3.13-native.jar:/home/runner/.m2/repository/org/ow2/asm/asm/9.7.1/asm-9.7.1.jar:/home/runner/.m2/repository/org/ow2/asm/asm-commons/9.7.1/asm-commons-9.7.1.jar:/home/runner/.m2/repository/org/ow2/asm/asm-analysis/9.7.1/asm-analysis-9.7.1.jar:/home/runner/.m2/repository/org/ow2/asm/asm-tree/9.7.1/asm-tree-9.7.1.jar:/home/runner/.m2/repository/org/ow2/asm/asm-util/9.7.1/asm-util-9.7.1.jar:/home/runner/.m2/repository/com/github/jnr/jnr-a64asm/1.0.0/jnr-a64asm-1.0.0.jar:/home/runner/.m2/repository/com/github/jnr/jnr-x86asm/1.0.2/jnr-x86asm-1.0.2.jar:/home/runner/.m2/repository/commons-fileupload/commons-fileupload/1.6.0/commons-fileupload-1.6.0.jar:/home/runner/.m2/repository/io/grpc/grpc-api/1.71.0/grpc-api-1.71.0.jar:/home/runner/.m2/repository/io/prometheus/simpleclient/0.16.0/simpleclient-0.16.0.jar:/home/runner/.m2/repository/io/prometheus/simpleclient_common/0.16.0/simpleclient_common-0.16.0.jar:/home/runner/.m2/repository/io/prometheus/simpleclient_dropwizard/0.16.0/simpleclient_dropwizard-0.16.0.jar:/home/runner/.m2/repository/jakarta/ws/rs/jakarta.ws.rs-api/2.1.6/jakarta.ws.rs-api-2.1.6.jar:/home/runner/.m2/repository/org/eclipse/jetty/jetty-http/9.4.58.v20250814/jetty-http-9.4.58.v20250814.jar:/home/runner/.m2/repository/org/glassfish/jersey/containers/jersey-container-servlet-core/2.47/jersey-container-servlet-core-2.47.jar:/home/runner/.m2/repository/org/glassfish/jersey/core/jersey-server/2.47/jersey-server-2.47.jar:/home/runner/.m2/repository/org/glassfish/jersey/core/jersey-client/2.47/jersey-client-2.47.jar:/home/runner/.m2/repository/com/lmax/disruptor/3.4.4/disruptor-3.4.4.jar:/home/runner/.m2/repository/org/apache/logging/log4j/log4j-core/2.25.0/log4j-core-2.25.0.jar:/home/runner/work/ozone/ozone/hadoop-hdds/framework/target/hdds-server-framework-2.1.0-SNAPSHOT-tests.jar:/home/runner/work/ozone/ozone/hadoop-hdds/server-scm/target/hdds-server-scm-2.1.0-SNAPSHOT.jar:/home/runner/work/ozone/ozone/hadoop-hdds/server-scm/target/hdds-server-scm-2.1.0-SNAPSHOT-tests.jar:/home/runner/work/ozone/ozone/hadoop-hdds/test-utils/target/hdds-test-utils-2.1.0-SNAPSHOT-tests.jar:/home/runner/work/ozone/ozone/hadoop-ozone/cli-admin/target/ozone-cli-admin-2.1.0-SNAPSHOT.jar:/home/runner/work/ozone/ozone/hadoop-ozone/cli-shell/target/ozone-cli-shell-2.1.0-SNAPSHOT.jar:/home/runner/.m2/repository/info/picocli/picocli-shell-jline3/4.7.7/picocli-shell-jline3-4.7.7.jar:/home/runner/.m2/repository/org/jline/jline/3.30.6/jline-3.30.6.jar:/home/runner/work/ozone/ozone/hadoop-ozone/client/target/ozone-client-2.1.0-SNAPSHOT.jar:/home/runner/work/ozone/ozone/hadoop-ozone/common/target/ozone-common-2.1.0-SNAPSHOT.jar:/home/runner/.m2/repository/io/grpc/grpc-netty/1.71.0/grpc-netty-1.71.0.jar:/home/runner/.m2/repository/org/codehaus/mojo/animal-sniffer-annotations/1.24/animal-sniffer-annotations-1.24.jar:/home/runner/.m2/repository/io/grpc/grpc-core/1.71.0/grpc-core-1.71.0.jar:/home/runner/.m2/repository/com/google/android/annotations/4.1.1.4/annotations-4.1.1.4.jar:/home/runner/.m2/repository/io/grpc/grpc-context/1.71.0/grpc-context-1.71.0.jar:/home/runner/.m2/repository/io/perfmark/perfmark-api/0.27.0/perfmark-api-0.27.0.jar:/home/runner/.m2/repository/io/grpc/grpc-util/1.71.0/grpc-util-1.71.0.jar:/home/runner/.m2/repository/io/netty/netty-codec-http2/4.1.119.Final/netty-codec-http2-4.1.119.Final.jar:/home/runner/.m2/repository/io/netty/netty-handler-proxy/4.1.119.Final/netty-handler-proxy-4.1.119.Final.jar:/home/runner/.m2/repository/io/netty/netty-tcnative-boringssl-static/2.0.70.Final/netty-tcnative-boringssl-static-2.0.70.Final.jar:/home/runner/.m2/repository/io/netty/netty-tcnative-classes/2.0.70.Final/netty-tcnative-classes-2.0.70.Final.jar:/home/runner/.m2/repository/io/netty/netty-tcnative-boringssl-static/2.0.70.Final/netty-tcnative-boringssl-static-2.0.70.Final-linux-x86_64.jar:/home/runner/.m2/repository/io/netty/netty-tcnative-boringssl-static/2.0.70.Final/netty-tcnative-boringssl-static-2.0.70.Final-linux-aarch_64.jar:/home/runner/.m2/repository/io/netty/netty-tcnative-boringssl-static/2.0.70.Final/netty-tcnative-boringssl-static-2.0.70.Final-osx-x86_64.jar:/home/runner/.m2/repository/io/netty/netty-tcnative-boringssl-static/2.0.70.Final/netty-tcnative-boringssl-static-2.0.70.Final-osx-aarch_64.jar:/home/runner/.m2/repository/io/netty/netty-tcnative-boringssl-static/2.0.70.Final/netty-tcnative-boringssl-static-2.0.70.Final-windows-x86_64.jar:/home/runner/work/ozone/ozone/hadoop-ozone/csi/target/ozone-csi-2.1.0-SNAPSHOT.jar:/home/runner/.m2/repository/io/grpc/grpc-protobuf/1.71.0/grpc-protobuf-1.71.0.jar:/home/runner/.m2/repository/com/google/api/grpc/proto-google-common-protos/2.51.0/proto-google-common-protos-2.51.0.jar:/home/runner/.m2/repository/io/grpc/grpc-protobuf-lite/1.71.0/grpc-protobuf-lite-1.71.0.jar:/home/runner/.m2/repository/io/grpc/grpc-stub/1.71.0/grpc-stub-1.71.0.jar:/home/runner/.m2/repository/io/netty/netty-transport-classes-epoll/4.1.119.Final/netty-transport-classes-epoll-4.1.119.Final.jar:/home/runner/.m2/repository/io/netty/netty-transport-native-unix-common/4.1.119.Final/netty-transport-native-unix-common-4.1.119.Final.jar:/home/runner/.m2/repository/io/netty/netty-transport-native-epoll/4.1.119.Final/netty-transport-native-epoll-4.1.119.Final-linux-x86_64.jar:/home/runner/work/ozone/ozone/hadoop-ozone/ozonefs/target/ozone-filesystem-2.1.0-SNAPSHOT.jar:/home/runner/work/ozone/ozone/hadoop-ozone/ozonefs-common/target/ozone-filesystem-common-2.1.0-SNAPSHOT.jar:/home/runner/work/ozone/ozone/hadoop-ozone/freon/target/ozone-freon-2.1.0-SNAPSHOT.jar:/home/runner/.m2/repository/com/amazonaws/aws-java-sdk-core/1.12.788/aws-java-sdk-core-1.12.788.jar:/home/runner/.m2/repository/com/fasterxml/jackson/dataformat/jackson-dataformat-cbor/2.16.2/jackson-dataformat-cbor-2.16.2.jar:/home/runner/.m2/repository/joda-time/joda-time/2.12.7/joda-time-2.12.7.jar:/home/runner/.m2/repository/com/amazonaws/aws-java-sdk-s3/1.12.788/aws-java-sdk-s3-1.12.788.jar:/home/runner/.m2/repository/com/amazonaws/aws-java-sdk-kms/1.12.788/aws-java-sdk-kms-1.12.788.jar:/home/runner/.m2/repository/com/amazonaws/jmespath-java/1.12.788/jmespath-java-1.12.788.jar:/home/runner/work/ozone/ozone/hadoop-ozone/interface-client/target/ozone-interface-client-2.1.0-SNAPSHOT.jar:/home/runner/work/ozone/ozone/hadoop-ozone/interface-storage/target/ozone-interface-storage-2.1.0-SNAPSHOT.jar:/home/runner/work/ozone/ozone/hadoop-ozone/ozone-manager/target/ozone-manager-2.1.0-SNAPSHOT.jar:/home/runner/.m2/repository/org/apache/commons/commons-pool2/2.12.1/commons-pool2-2.12.1.jar:/home/runner/.m2/repository/org/aspectj/aspectjrt/1.9.24/aspectjrt-1.9.24.jar:/home/runner/work/ozone/ozone/hadoop-ozone/ozone-manager/target/ozone-manager-2.1.0-SNAPSHOT-tests.jar:/home/runner/work/ozone/ozone/hadoop-ozone/mini-cluster/target/ozone-mini-cluster-2.1.0-SNAPSHOT.jar:/home/runner/work/ozone/ozone/hadoop-ozone/multitenancy-ranger/target/ozone-multitenancy-ranger-2.1.0-SNAPSHOT.jar:/home/runner/.m2/repository/com/sun/jersey/jersey-client/1.19.4/jersey-client-1.19.4.jar:/home/runner/.m2/repository/org/apache/ranger/ranger-plugins-common/2.6.0/ranger-plugins-common-2.6.0.jar:/home/runner/.m2/repository/com/fasterxml/jackson/jaxrs/jackson-jaxrs-base/2.16.2/jackson-jaxrs-base-2.16.2.jar:/home/runner/.m2/repository/com/kstruct/gethostname4j/1.0.0/gethostname4j-1.0.0.jar:/home/runner/.m2/repository/commons-lang/commons-lang/2.6/commons-lang-2.6.jar:/home/runner/.m2/repository/net/java/dev/jna/jna/5.2.0/jna-5.2.0.jar:/home/runner/.m2/repository/net/java/dev/jna/jna-platform/5.2.0/jna-platform-5.2.0.jar:/home/runner/.m2/repository/org/apache/ranger/ranger-plugin-classloader/2.6.0/ranger-plugin-classloader-2.6.0.jar:/home/runner/.m2/repository/org/apache/ranger/ranger-plugins-audit/2.6.0/ranger-plugins-audit-2.6.0.jar:/home/runner/.m2/repository/com/amazonaws/aws-java-sdk-logs/1.12.765/aws-java-sdk-logs-1.12.765.jar:/home/runner/.m2/repository/com/carrotsearch/hppc/0.8.0/hppc-0.8.0.jar:/home/runner/.m2/repository/io/airlift/aircompressor/0.27/aircompressor-0.27.jar:/home/runner/.m2/repository/org/apache/httpcomponents/httpasyncclient/4.1.4/httpasyncclient-4.1.4.jar:/home/runner/.m2/repository/org/apache/httpcomponents/httpcore-nio/4.4.16/httpcore-nio-4.4.16.jar:/home/runner/.m2/repository/org/apache/httpcomponents/httpmime/4.5.13/httpmime-4.5.13.jar:/home/runner/.m2/repository/org/apache/orc/orc-core/1.5.8/orc-core-1.5.8.jar:/home/runner/.m2/repository/org/apache/orc/orc-shims/1.5.8/orc-shims-1.5.8.jar:/home/runner/.m2/repository/org/apache/ranger/ranger-plugins-cred/2.6.0/ranger-plugins-cred-2.6.0.jar:/home/runner/work/ozone/ozone/hadoop-ozone/recon/target/ozone-recon-2.1.0-SNAPSHOT.jar:/home/runner/.m2/repository/aopalliance/aopalliance/1.0/aopalliance-1.0.jar:/home/runner/.m2/repository/com/google/inject/guice/6.0.0/guice-6.0.0.jar:/home/runner/.m2/repository/jakarta/inject/jakarta.inject-api/2.0.1/jakarta.inject-api-2.0.1.jar:/home/runner/.m2/repository/com/jolbox/bonecp/0.8.0.RELEASE/bonecp-0.8.0.RELEASE.jar:/home/runner/.m2/repository/jakarta/validation/jakarta.validation-api/2.0.2/jakarta.validation-api-2.0.2.jar:/home/runner/.m2/repository/javax/annotation/javax.annotation-api/1.3.2/javax.annotation-api-1.3.2.jar:/home/runner/.m2/repository/javax/inject/javax.inject/1/javax.inject-1.jar:/home/runner/.m2/repository/org/apache/derby/derby/10.14.2.0/derby-10.14.2.0.jar:/home/runner/.m2/repository/org/glassfish/hk2/guice-bridge/2.6.1/guice-bridge-2.6.1.jar:/home/runner/.m2/repository/org/glassfish/hk2/hk2-api/2.6.1/hk2-api-2.6.1.jar:/home/runner/.m2/repository/org/glassfish/hk2/hk2-utils/2.6.1/hk2-utils-2.6.1.jar:/home/runner/.m2/repository/org/glassfish/hk2/external/aopalliance-repackaged/2.6.1/aopalliance-repackaged-2.6.1.jar:/home/runner/.m2/repository/org/glassfish/jersey/core/jersey-common/2.47/jersey-common-2.47.jar:/home/runner/.m2/repository/org/glassfish/hk2/osgi-resource-locator/1.0.3/osgi-resource-locator-1.0.3.jar:/home/runner/.m2/repository/org/jooq/jooq/3.11.10/jooq-3.11.10.jar:/home/runner/.m2/repository/org/springframework/spring-core/5.3.39/spring-core-5.3.39.jar:/home/runner/.m2/repository/org/springframework/spring-jdbc/5.3.39/spring-jdbc-5.3.39.jar:/home/runner/.m2/repository/org/springframework/spring-beans/5.3.39/spring-beans-5.3.39.jar:/home/runner/.m2/repository/org/springframework/spring-tx/5.3.39/spring-tx-5.3.39.jar:/home/runner/.m2/repository/org/xerial/sqlite-jdbc/3.50.3.0/sqlite-jdbc-3.50.3.0.jar:/home/runner/.m2/repository/com/google/inject/extensions/guice-assistedinject/6.0.0/guice-assistedinject-6.0.0.jar:/home/runner/.m2/repository/org/glassfish/hk2/external/jakarta.inject/2.6.1/jakarta.inject-2.6.1.jar:/home/runner/.m2/repository/org/glassfish/jersey/inject/jersey-hk2/2.47/jersey-hk2-2.47.jar:/home/runner/.m2/repository/org/glassfish/hk2/hk2-locator/2.6.1/hk2-locator-2.6.1.jar:/home/runner/.m2/repository/org/glassfish/jersey/media/jersey-media-jaxb/2.47/jersey-media-jaxb-2.47.jar:/home/runner/.m2/repository/org/glassfish/jersey/media/jersey-media-json-jackson/2.47/jersey-media-json-jackson-2.47.jar:/home/runner/.m2/repository/org/glassfish/jersey/ext/jersey-entity-filtering/2.47/jersey-entity-filtering-2.47.jar:/home/runner/work/ozone/ozone/hadoop-ozone/recon-codegen/target/ozone-reconcodegen-2.1.0-SNAPSHOT.jar:/home/runner/.m2/repository/org/jooq/jooq-codegen/3.11.10/jooq-codegen-3.11.10.jar:/home/runner/.m2/repository/org/jooq/jooq-meta/3.11.10/jooq-meta-3.11.10.jar:/home/runner/work/ozone/ozone/hadoop-ozone/s3gateway/target/ozone-s3gateway-2.1.0-SNAPSHOT.jar:/home/runner/work/ozone/ozone/hadoop-ozone/tools/target/ozone-tools-2.1.0-SNAPSHOT.jar:/home/runner/.m2/repository/com/github/vlsi/mxgraph/jgraphx/3.9.12/jgraphx-3.9.12.jar:/home/runner/.m2/repository/org/apache/ratis/ratis-shell/3.2.0/ratis-shell-3.2.0.jar:/home/runner/.m2/repository/org/apache/ratis/ratis-tools/3.2.0/ratis-tools-3.2.0.jar:/home/runner/.m2/repository/org/jgrapht/jgrapht-core/1.4.0/jgrapht-core-1.4.0.jar:/home/runner/.m2/repository/org/jheaps/jheaps/0.11/jheaps-0.11.jar:/home/runner/.m2/repository/org/jgrapht/jgrapht-ext/1.4.0/jgrapht-ext-1.4.0.jar:/home/runner/work/ozone/ozone/hadoop-hdds/rocksdb-checkpoint-differ/target/rocksdb-checkpoint-differ-2.1.0-SNAPSHOT.jar:/home/runner/.m2/repository/org/apache/ranger/ranger-intg/2.6.0/ranger-intg-2.6.0.jar:/home/runner/.m2/repository/org/apache/ratis/ratis-client/3.2.0/ratis-client-3.2.0.jar:/home/runner/.m2/repository/org/apache/ratis/ratis-common/3.2.0/ratis-common-3.2.0.jar:/home/runner/.m2/repository/org/apache/ratis/ratis-grpc/3.2.0/ratis-grpc-3.2.0.jar:/home/runner/.m2/repository/org/apache/ratis/ratis-metrics-api/3.2.0/ratis-metrics-api-3.2.0.jar:/home/runner/.m2/repository/org/apache/ratis/ratis-proto/3.2.0/ratis-proto-3.2.0.jar:/home/runner/.m2/repository/org/apache/ratis/ratis-server/3.2.0/ratis-server-3.2.0.jar:/home/runner/.m2/repository/org/apache/ratis/ratis-server-api/3.2.0/ratis-server-api-3.2.0.jar:/home/runner/.m2/repository/org/apache/ratis/ratis-thirdparty-misc/1.0.9/ratis-thirdparty-misc-1.0.9.jar:/home/runner/.m2/repository/org/bouncycastle/bcpkix-jdk18on/1.81/bcpkix-jdk18on-1.81.jar:/home/runner/.m2/repository/org/bouncycastle/bcutil-jdk18on/1.81/bcutil-jdk18on-1.81.jar:/home/runner/.m2/repository/org/hamcrest/hamcrest/2.2/hamcrest-2.2.jar:/home/runner/.m2/repository/org/reflections/reflections/0.10.2/reflections-0.10.2.jar:/home/runner/.m2/repository/org/javassist/javassist/3.30.2-GA/javassist-3.30.2-GA.jar:/home/runner/.m2/repository/org/rocksdb/rocksdbjni/7.7.3/rocksdbjni-7.7.3.jar:/home/runner/.m2/repository/org/slf4j/jul-to-slf4j/2.0.17/jul-to-slf4j-2.0.17.jar:/home/runner/.m2/repository/org/slf4j/slf4j-api/2.0.17/slf4j-api-2.0.17.jar:/home/runner/.m2/repository/org/assertj/assertj-core/3.27.6/assertj-core-3.27.6.jar:/home/runner/.m2/repository/net/bytebuddy/byte-buddy/1.17.7/byte-buddy-1.17.7.jar:/home/runner/.m2/repository/org/junit/jupiter/junit-jupiter-api/5.13.4/junit-jupiter-api-5.13.4.jar:/home/runner/.m2/repository/org/opentest4j/opentest4j/1.3.0/opentest4j-1.3.0.jar:/home/runner/.m2/repository/org/junit/platform/junit-platform-commons/1.13.4/junit-platform-commons-1.13.4.jar:/home/runner/.m2/repository/org/apiguardian/apiguardian-api/1.1.2/apiguardian-api-1.1.2.jar:/home/runner/.m2/repository/org/junit/jupiter/junit-jupiter-params/5.13.4/junit-jupiter-params-5.13.4.jar:/home/runner/.m2/repository/org/mockito/mockito-core/4.11.0/mockito-core-4.11.0.jar:/home/runner/.m2/repository/net/bytebuddy/byte-buddy-agent/1.12.19/byte-buddy-agent-1.12.19.jar:/home/runner/.m2/repository/org/objenesis/objenesis/3.3/objenesis-3.3.jar:/home/runner/.m2/repository/org/mockito/mockito-inline/4.11.0/mockito-inline-4.11.0.jar:/home/runner/.m2/repository/org/mockito/mockito-junit-jupiter/4.11.0/mockito-junit-jupiter-4.11.0.jar:/home/runner/work/ozone/ozone/hadoop-ozone/integration-test/target/gradle-enterprise/test-listeners.jar:"/>
    <property name="java.vm.vendor" value="Eclipse Adoptium"/>
    <property name="sun.arch.data.model" value="64"/>
    <property name="test.build.dir" value="/home/runner/work/ozone/ozone/hadoop-ozone/integration-test/target/test-dir"/>
    <property name="test.cache.data" value=""/>
    <property name="java.vendor.url" value="https://adoptium.net/"/>
    <property name="user.timezone" value="Etc/UTC"/>
    <property name="maven-surefire-plugin.argLineAccessArgs" value=" --add-opens java.management/com.sun.jmx.mbeanserver=ALL-UNNAMED --add-exports java.management/com.sun.jmx.mbeanserver=ALL-UNNAMED --add-opens java.base/java.nio=ALL-UNNAMED --add-opens java.base/java.lang=ALL-UNNAMED --add-opens java.base/java.lang.reflect=ALL-UNNAMED"/>
    <property name="os.name" value="Linux"/>
    <property name="java.vm.specification.version" value="21"/>
    <property name="test.build.data" value="/home/runner/work/ozone/ozone/hadoop-ozone/integration-test/target/test-dir"/>
    <property name="sun.java.launcher" value="SUN_STANDARD"/>
    <property name="sun.boot.library.path" value="/usr/lib/jvm/temurin-21-jdk-amd64/lib"/>
    <property name="sun.java.command" value="/home/runner/work/ozone/ozone/hadoop-ozone/integration-test/target/surefire/surefirebooter-20250928083601477_2896.jar /home/runner/work/ozone/ozone/hadoop-ozone/integration-test/target/surefire 2025-09-28T08-12-16_965-jvmRun1 surefire-20250928083601477_2894tmp surefire_170-20250928083601477_2895tmp"/>
    <property name="jdk.debug" value="release"/>
    <property name="native.lib.tmp.dir" value="/tmp"/>
    <property name="surefire.test.class.path" value="/home/runner/work/ozone/ozone/hadoop-ozone/integration-test/target/test-classes:/home/runner/work/ozone/ozone/hadoop-ozone/integration-test/target/classes:/home/runner/.m2/repository/ch/qos/reload4j/reload4j/1.2.26/reload4j-1.2.26.jar:/home/runner/.m2/repository/com/fasterxml/jackson/core/jackson-core/2.16.2/jackson-core-2.16.2.jar:/home/runner/.m2/repository/com/fasterxml/jackson/core/jackson-databind/2.16.2/jackson-databind-2.16.2.jar:/home/runner/.m2/repository/com/fasterxml/jackson/core/jackson-annotations/2.16.2/jackson-annotations-2.16.2.jar:/home/runner/.m2/repository/com/github/stephenc/jcip/jcip-annotations/1.0-1/jcip-annotations-1.0-1.jar:/home/runner/.m2/repository/com/google/guava/guava/33.5.0-jre/guava-33.5.0-jre.jar:/home/runner/.m2/repository/com/google/guava/failureaccess/1.0.3/failureaccess-1.0.3.jar:/home/runner/.m2/repository/com/google/guava/listenablefuture/9999.0-empty-to-avoid-conflict-with-guava/listenablefuture-9999.0-empty-to-avoid-conflict-with-guava.jar:/home/runner/.m2/repository/org/jspecify/jspecify/1.0.0/jspecify-1.0.0.jar:/home/runner/.m2/repository/com/google/errorprone/error_prone_annotations/2.29.2/error_prone_annotations-2.29.2.jar:/home/runner/.m2/repository/com/google/j2objc/j2objc-annotations/3.1/j2objc-annotations-3.1.jar:/home/runner/.m2/repository/com/google/protobuf/protobuf-java/2.5.0/protobuf-java-2.5.0.jar:/home/runner/.m2/repository/com/squareup/okhttp3/okhttp/4.12.0/okhttp-4.12.0.jar:/home/runner/.m2/repository/com/squareup/okio/okio/3.6.0/okio-3.6.0.jar:/home/runner/.m2/repository/com/squareup/okio/okio-jvm/3.6.0/okio-jvm-3.6.0.jar:/home/runner/.m2/repository/org/jetbrains/kotlin/kotlin-stdlib-common/1.9.25/kotlin-stdlib-common-1.9.25.jar:/home/runner/.m2/repository/org/jetbrains/kotlin/kotlin-stdlib-jdk8/1.9.25/kotlin-stdlib-jdk8-1.9.25.jar:/home/runner/.m2/repository/org/jetbrains/kotlin/kotlin-stdlib/1.9.25/kotlin-stdlib-1.9.25.jar:/home/runner/.m2/repository/org/jetbrains/annotations/13.0/annotations-13.0.jar:/home/runner/.m2/repository/org/jetbrains/kotlin/kotlin-stdlib-jdk7/1.9.25/kotlin-stdlib-jdk7-1.9.25.jar:/home/runner/.m2/repository/commons-codec/commons-codec/1.18.0/commons-codec-1.18.0.jar:/home/runner/.m2/repository/commons-io/commons-io/2.18.0/commons-io-2.18.0.jar:/home/runner/.m2/repository/commons-validator/commons-validator/1.10.0/commons-validator-1.10.0.jar:/home/runner/.m2/repository/commons-beanutils/commons-beanutils/1.11.0/commons-beanutils-1.11.0.jar:/home/runner/.m2/repository/commons-digester/commons-digester/2.1/commons-digester-2.1.jar:/home/runner/.m2/repository/commons-collections/commons-collections/3.2.2/commons-collections-3.2.2.jar:/home/runner/.m2/repository/info/picocli/picocli/4.7.7/picocli-4.7.7.jar:/home/runner/.m2/repository/jakarta/annotation/jakarta.annotation-api/2.1.1/jakarta.annotation-api-2.1.1.jar:/home/runner/.m2/repository/jakarta/xml/bind/jakarta.xml.bind-api/2.3.3/jakarta.xml.bind-api-2.3.3.jar:/home/runner/.m2/repository/jakarta/activation/jakarta.activation-api/1.2.2/jakarta.activation-api-1.2.2.jar:/home/runner/.m2/repository/javax/servlet/javax.servlet-api/3.1.0/javax.servlet-api-3.1.0.jar:/home/runner/.m2/repository/javax/ws/rs/jsr311-api/1.1.1/jsr311-api-1.1.1.jar:/home/runner/.m2/repository/org/apache/commons/commons-compress/1.27.1/commons-compress-1.27.1.jar:/home/runner/.m2/repository/org/apache/commons/commons-lang3/3.18.0/commons-lang3-3.18.0.jar:/home/runner/.m2/repository/org/apache/commons/commons-text/1.13.1/commons-text-1.13.1.jar:/home/runner/.m2/repository/org/apache/hadoop/hadoop-auth/3.4.1/hadoop-auth-3.4.1.jar:/home/runner/.m2/repository/com/nimbusds/nimbus-jose-jwt/10.4/nimbus-jose-jwt-10.4.jar:/home/runner/.m2/repository/io/dropwizard/metrics/metrics-core/3.2.6/metrics-core-3.2.6.jar:/home/runner/.m2/repository/org/apache/kerby/kerb-core/1.0.1/kerb-core-1.0.1.jar:/home/runner/.m2/repository/org/apache/kerby/kerby-pkix/1.0.1/kerby-pkix-1.0.1.jar:/home/runner/.m2/repository/org/apache/kerby/kerby-asn1/1.0.1/kerby-asn1-1.0.1.jar:/home/runner/.m2/repository/org/apache/kerby/kerb-util/1.0.1/kerb-util-1.0.1.jar:/home/runner/.m2/repository/org/apache/kerby/kerby-config/1.0.1/kerby-config-1.0.1.jar:/home/runner/.m2/repository/org/apache/kerby/kerb-crypto/1.0.1/kerb-crypto-1.0.1.jar:/home/runner/.m2/repository/org/apache/hadoop/thirdparty/hadoop-shaded-guava/1.3.0/hadoop-shaded-guava-1.3.0.jar:/home/runner/.m2/repository/org/apache/hadoop/hadoop-common/3.4.1/hadoop-common-3.4.1.jar:/home/runner/.m2/repository/org/apache/hadoop/thirdparty/hadoop-shaded-protobuf_3_25/1.4.0/hadoop-shaded-protobuf_3_25-1.4.0.jar:/home/runner/.m2/repository/org/apache/hadoop/hadoop-annotations/3.4.1/hadoop-annotations-3.4.1.jar:/home/runner/.m2/repository/commons-cli/commons-cli/1.8.0/commons-cli-1.8.0.jar:/home/runner/.m2/repository/commons-net/commons-net/3.11.1/commons-net-3.11.1.jar:/home/runner/.m2/repository/org/eclipse/jetty/jetty-server/9.4.58.v20250814/jetty-server-9.4.58.v20250814.jar:/home/runner/.m2/repository/org/eclipse/jetty/jetty-io/9.4.58.v20250814/jetty-io-9.4.58.v20250814.jar:/home/runner/.m2/repository/org/eclipse/jetty/jetty-util/9.4.58.v20250814/jetty-util-9.4.58.v20250814.jar:/home/runner/.m2/repository/org/eclipse/jetty/jetty-servlet/9.4.58.v20250814/jetty-servlet-9.4.58.v20250814.jar:/home/runner/.m2/repository/org/eclipse/jetty/jetty-security/9.4.58.v20250814/jetty-security-9.4.58.v20250814.jar:/home/runner/.m2/repository/org/eclipse/jetty/jetty-webapp/9.4.58.v20250814/jetty-webapp-9.4.58.v20250814.jar:/home/runner/.m2/repository/org/eclipse/jetty/jetty-xml/9.4.58.v20250814/jetty-xml-9.4.58.v20250814.jar:/home/runner/.m2/repository/javax/servlet/jsp/jsp-api/2.1/jsp-api-2.1.jar:/home/runner/.m2/repository/org/codehaus/jettison/jettison/1.5.4/jettison-1.5.4.jar:/home/runner/.m2/repository/org/apache/commons/commons-configuration2/2.12.0/commons-configuration2-2.12.0.jar:/home/runner/.m2/repository/com/google/re2j/re2j/1.7/re2j-1.7.jar:/home/runner/.m2/repository/com/google/code/gson/gson/2.13.1/gson-2.13.1.jar:/home/runner/.m2/repository/com/jcraft/jsch/0.1.55/jsch-0.1.55.jar:/home/runner/.m2/repository/io/netty/netty-handler/4.1.119.Final/netty-handler-4.1.119.Final.jar:/home/runner/.m2/repository/io/netty/netty-resolver/4.1.119.Final/netty-resolver-4.1.119.Final.jar:/home/runner/.m2/repository/io/netty/netty-transport-native-epoll/4.1.119.Final/netty-transport-native-epoll-4.1.119.Final.jar:/home/runner/.m2/repository/org/bouncycastle/bcprov-jdk18on/1.81/bcprov-jdk18on-1.81.jar:/home/runner/.m2/repository/org/codehaus/woodstox/stax2-api/4.2.1/stax2-api-4.2.1.jar:/home/runner/.m2/repository/com/fasterxml/woodstox/woodstox-core/5.4.0/woodstox-core-5.4.0.jar:/home/runner/.m2/repository/dnsjava/dnsjava/3.6.1/dnsjava-3.6.1.jar:/home/runner/.m2/repository/org/apache/hadoop/hadoop-common/3.4.1/hadoop-common-3.4.1-tests.jar:/home/runner/.m2/repository/org/apache/commons/commons-math3/3.6.1/commons-math3-3.6.1.jar:/home/runner/.m2/repository/com/sun/jersey/jersey-core/1.19.4/jersey-core-1.19.4.jar:/home/runner/.m2/repository/com/sun/jersey/jersey-servlet/1.19.4/jersey-servlet-1.19.4.jar:/home/runner/.m2/repository/com/github/pjfanning/jersey-json/1.22.0/jersey-json-1.22.0.jar:/home/runner/.m2/repository/com/sun/xml/bind/jaxb-impl/2.2.3-1/jaxb-impl-2.2.3-1.jar:/home/runner/.m2/repository/com/sun/jersey/jersey-server/1.19.4/jersey-server-1.19.4.jar:/home/runner/.m2/repository/org/slf4j/slf4j-reload4j/2.0.17/slf4j-reload4j-2.0.17.jar:/home/runner/.m2/repository/org/apache/avro/avro/1.9.2/avro-1.9.2.jar:/home/runner/.m2/repository/org/apache/curator/curator-client/4.2.0/curator-client-4.2.0.jar:/home/runner/.m2/repository/org/apache/curator/curator-recipes/5.2.0/curator-recipes-5.2.0.jar:/home/runner/.m2/repository/org/apache/curator/curator-framework/4.2.0/curator-framework-4.2.0.jar:/home/runner/.m2/repository/com/google/code/findbugs/jsr305/3.0.2/jsr305-3.0.2.jar:/home/runner/.m2/repository/org/apache/zookeeper/zookeeper/3.8.4/zookeeper-3.8.4.jar:/home/runner/.m2/repository/org/apache/zookeeper/zookeeper-jute/3.8.4/zookeeper-jute-3.8.4.jar:/home/runner/.m2/repository/org/apache/yetus/audience-annotations/0.12.0/audience-annotations-0.12.0.jar:/home/runner/.m2/repository/org/xerial/snappy/snappy-java/1.1.10.8/snappy-java-1.1.10.8.jar:/home/runner/.m2/repository/org/apache/hadoop/hadoop-distcp/3.4.1/hadoop-distcp-3.4.1.jar:/home/runner/.m2/repository/org/apache/hadoop/hadoop-distcp/3.4.1/hadoop-distcp-3.4.1-tests.jar:/home/runner/.m2/repository/org/apache/hadoop/hadoop-hdfs/3.4.1/hadoop-hdfs-3.4.1.jar:/home/runner/.m2/repository/org/eclipse/jetty/jetty-util-ajax/9.4.58.v20250814/jetty-util-ajax-9.4.58.v20250814.jar:/home/runner/.m2/repository/commons-daemon/commons-daemon/1.4.0/commons-daemon-1.4.0.jar:/home/runner/.m2/repository/org/apache/hadoop/hadoop-hdfs/3.4.1/hadoop-hdfs-3.4.1-tests.jar:/home/runner/.m2/repository/io/netty/netty-all/4.1.119.Final/netty-all-4.1.119.Final.jar:/home/runner/.m2/repository/io/netty/netty-codec-dns/4.1.119.Final/netty-codec-dns-4.1.119.Final.jar:/home/runner/.m2/repository/io/netty/netty-codec-haproxy/4.1.119.Final/netty-codec-haproxy-4.1.119.Final.jar:/home/runner/.m2/repository/io/netty/netty-codec-http/4.1.119.Final/netty-codec-http-4.1.119.Final.jar:/home/runner/.m2/repository/io/netty/netty-codec-memcache/4.1.119.Final/netty-codec-memcache-4.1.119.Final.jar:/home/runner/.m2/repository/io/netty/netty-codec-mqtt/4.1.119.Final/netty-codec-mqtt-4.1.119.Final.jar:/home/runner/.m2/repository/io/netty/netty-codec-redis/4.1.119.Final/netty-codec-redis-4.1.119.Final.jar:/home/runner/.m2/repository/io/netty/netty-codec-smtp/4.1.119.Final/netty-codec-smtp-4.1.119.Final.jar:/home/runner/.m2/repository/io/netty/netty-codec-socks/4.1.119.Final/netty-codec-socks-4.1.119.Final.jar:/home/runner/.m2/repository/io/netty/netty-codec-stomp/4.1.119.Final/netty-codec-stomp-4.1.119.Final.jar:/home/runner/.m2/repository/io/netty/netty-codec-xml/4.1.119.Final/netty-codec-xml-4.1.119.Final.jar:/home/runner/.m2/repository/io/netty/netty-handler-ssl-ocsp/4.1.119.Final/netty-handler-ssl-ocsp-4.1.119.Final.jar:/home/runner/.m2/repository/io/netty/netty-resolver-dns/4.1.119.Final/netty-resolver-dns-4.1.119.Final.jar:/home/runner/.m2/repository/io/netty/netty-transport-rxtx/4.1.119.Final/netty-transport-rxtx-4.1.119.Final.jar:/home/runner/.m2/repository/io/netty/netty-transport-sctp/4.1.119.Final/netty-transport-sctp-4.1.119.Final.jar:/home/runner/.m2/repository/io/netty/netty-transport-udt/4.1.119.Final/netty-transport-udt-4.1.119.Final.jar:/home/runner/.m2/repository/io/netty/netty-transport-classes-kqueue/4.1.119.Final/netty-transport-classes-kqueue-4.1.119.Final.jar:/home/runner/.m2/repository/io/netty/netty-resolver-dns-classes-macos/4.1.119.Final/netty-resolver-dns-classes-macos-4.1.119.Final.jar:/home/runner/.m2/repository/io/netty/netty-transport-native-epoll/4.1.119.Final/netty-transport-native-epoll-4.1.119.Final-linux-aarch_64.jar:/home/runner/.m2/repository/io/netty/netty-transport-native-epoll/4.1.119.Final/netty-transport-native-epoll-4.1.119.Final-linux-riscv64.jar:/home/runner/.m2/repository/io/netty/netty-transport-native-kqueue/4.1.119.Final/netty-transport-native-kqueue-4.1.119.Final-osx-x86_64.jar:/home/runner/.m2/repository/io/netty/netty-transport-native-kqueue/4.1.119.Final/netty-transport-native-kqueue-4.1.119.Final-osx-aarch_64.jar:/home/runner/.m2/repository/io/netty/netty-resolver-dns-native-macos/4.1.119.Final/netty-resolver-dns-native-macos-4.1.119.Final-osx-x86_64.jar:/home/runner/.m2/repository/io/netty/netty-resolver-dns-native-macos/4.1.119.Final/netty-resolver-dns-native-macos-4.1.119.Final-osx-aarch_64.jar:/home/runner/.m2/repository/org/fusesource/leveldbjni/leveldbjni-all/1.8/leveldbjni-all-1.8.jar:/home/runner/.m2/repository/org/apache/hadoop/hadoop-hdfs-client/3.4.1/hadoop-hdfs-client-3.4.1.jar:/home/runner/.m2/repository/org/apache/hadoop/hadoop-kms/3.4.1/hadoop-kms-3.4.1.jar:/home/runner/.m2/repository/org/apache/hadoop/hadoop-kms/3.4.1/hadoop-kms-3.4.1-tests.jar:/home/runner/.m2/repository/org/apache/hadoop/hadoop-mapreduce-client-core/3.4.1/hadoop-mapreduce-client-core-3.4.1.jar:/home/runner/.m2/repository/org/apache/hadoop/hadoop-yarn-client/3.4.1/hadoop-yarn-client-3.4.1.jar:/home/runner/.m2/repository/org/eclipse/jetty/websocket/websocket-client/9.4.53.v20231009/websocket-client-9.4.53.v20231009.jar:/home/runner/.m2/repository/org/eclipse/jetty/jetty-client/9.4.58.v20250814/jetty-client-9.4.58.v20250814.jar:/home/runner/.m2/repository/org/eclipse/jetty/websocket/websocket-common/9.4.53.v20231009/websocket-common-9.4.53.v20231009.jar:/home/runner/.m2/repository/org/eclipse/jetty/websocket/websocket-api/9.4.53.v20231009/websocket-api-9.4.53.v20231009.jar:/home/runner/.m2/repository/org/apache/hadoop/hadoop-yarn-api/3.4.1/hadoop-yarn-api-3.4.1.jar:/home/runner/.m2/repository/org/apache/hadoop/hadoop-yarn-common/3.4.1/hadoop-yarn-common-3.4.1.jar:/home/runner/.m2/repository/javax/xml/bind/jaxb-api/2.2.11/jaxb-api-2.2.11.jar:/home/runner/.m2/repository/com/sun/jersey/contribs/jersey-guice/1.19.4/jersey-guice-1.19.4.jar:/home/runner/.m2/repository/com/fasterxml/jackson/module/jackson-module-jaxb-annotations/2.16.2/jackson-module-jaxb-annotations-2.16.2.jar:/home/runner/.m2/repository/com/fasterxml/jackson/jaxrs/jackson-jaxrs-json-provider/2.16.2/jackson-jaxrs-json-provider-2.16.2.jar:/home/runner/.m2/repository/com/google/inject/extensions/guice-servlet/6.0.0/guice-servlet-6.0.0.jar:/home/runner/.m2/repository/org/apache/hadoop/hadoop-mapreduce-client-jobclient/3.4.1/hadoop-mapreduce-client-jobclient-3.4.1.jar:/home/runner/.m2/repository/org/apache/hadoop/hadoop-mapreduce-client-common/3.4.1/hadoop-mapreduce-client-common-3.4.1.jar:/home/runner/.m2/repository/org/apache/hadoop/hadoop-minikdc/3.4.1/hadoop-minikdc-3.4.1.jar:/home/runner/.m2/repository/org/apache/kerby/kerb-simplekdc/2.0.3/kerb-simplekdc-2.0.3.jar:/home/runner/.m2/repository/org/apache/kerby/kerb-client/2.0.3/kerb-client-2.0.3.jar:/home/runner/.m2/repository/org/apache/kerby/kerb-common/2.0.3/kerb-common-2.0.3.jar:/home/runner/.m2/repository/org/apache/kerby/token-provider/2.0.3/token-provider-2.0.3.jar:/home/runner/.m2/repository/org/apache/kerby/kerb-admin/2.0.3/kerb-admin-2.0.3.jar:/home/runner/.m2/repository/org/apache/kerby/kerb-server/2.0.3/kerb-server-2.0.3.jar:/home/runner/.m2/repository/org/apache/kerby/kerb-identity/2.0.3/kerb-identity-2.0.3.jar:/home/runner/.m2/repository/org/apache/kerby/kerby-xdr/2.0.3/kerby-xdr-2.0.3.jar:/home/runner/.m2/repository/junit/junit/4.13.2/junit-4.13.2.jar:/home/runner/.m2/repository/org/hamcrest/hamcrest-core/1.3/hamcrest-core-1.3.jar:/home/runner/.m2/repository/org/apache/httpcomponents/httpclient/4.5.14/httpclient-4.5.14.jar:/home/runner/.m2/repository/org/apache/httpcomponents/httpcore/4.4.16/httpcore-4.4.16.jar:/home/runner/.m2/repository/org/apache/kerby/kerby-util/1.0.1/kerby-util-1.0.1.jar:/home/runner/work/ozone/ozone/hadoop-hdds/client/target/hdds-client-2.1.0-SNAPSHOT.jar:/home/runner/work/ozone/ozone/hadoop-hdds/erasurecode/target/hdds-erasurecode-2.1.0-SNAPSHOT.jar:/home/runner/work/ozone/ozone/hadoop-hdds/common/target/hdds-common-2.1.0-SNAPSHOT.jar:/home/runner/.m2/repository/com/fasterxml/jackson/datatype/jackson-datatype-jsr310/2.16.2/jackson-datatype-jsr310-2.16.2.jar:/home/runner/.m2/repository/io/opentelemetry/opentelemetry-api/1.54.1/opentelemetry-api-1.54.1.jar:/home/runner/.m2/repository/io/opentelemetry/opentelemetry-context/1.54.1/opentelemetry-context-1.54.1.jar:/home/runner/.m2/repository/io/opentelemetry/opentelemetry-common/1.54.1/opentelemetry-common-1.54.1.jar:/home/runner/.m2/repository/io/opentelemetry/opentelemetry-exporter-otlp/1.54.1/opentelemetry-exporter-otlp-1.54.1.jar:/home/runner/.m2/repository/io/opentelemetry/opentelemetry-sdk-metrics/1.54.1/opentelemetry-sdk-metrics-1.54.1.jar:/home/runner/.m2/repository/io/opentelemetry/opentelemetry-sdk-logs/1.54.1/opentelemetry-sdk-logs-1.54.1.jar:/home/runner/.m2/repository/io/opentelemetry/opentelemetry-exporter-otlp-common/1.54.1/opentelemetry-exporter-otlp-common-1.54.1.jar:/home/runner/.m2/repository/io/opentelemetry/opentelemetry-exporter-common/1.54.1/opentelemetry-exporter-common-1.54.1.jar:/home/runner/.m2/repository/io/opentelemetry/opentelemetry-exporter-sender-okhttp/1.54.1/opentelemetry-exporter-sender-okhttp-1.54.1.jar:/home/runner/.m2/repository/com/squareup/okhttp3/okhttp-jvm/5.1.0/okhttp-jvm-5.1.0.jar:/home/runner/.m2/repository/io/opentelemetry/opentelemetry-sdk-extension-autoconfigure-spi/1.54.1/opentelemetry-sdk-extension-autoconfigure-spi-1.54.1.jar:/home/runner/.m2/repository/io/opentelemetry/opentelemetry-sdk/1.54.1/opentelemetry-sdk-1.54.1.jar:/home/runner/.m2/repository/io/opentelemetry/opentelemetry-sdk-common/1.54.1/opentelemetry-sdk-common-1.54.1.jar:/home/runner/.m2/repository/io/opentelemetry/opentelemetry-sdk-trace/1.54.1/opentelemetry-sdk-trace-1.54.1.jar:/home/runner/.m2/repository/org/apache/commons/commons-collections4/4.4/commons-collections4-4.4.jar:/home/runner/.m2/repository/org/apache/ratis/ratis-netty/3.2.0/ratis-netty-3.2.0.jar:/home/runner/.m2/repository/org/yaml/snakeyaml/2.0/snakeyaml-2.0.jar:/home/runner/.m2/repository/org/apache/ratis/ratis-metrics-dropwizard3/3.2.0/ratis-metrics-dropwizard3-3.2.0.jar:/home/runner/.m2/repository/org/slf4j/jcl-over-slf4j/2.0.17/jcl-over-slf4j-2.0.17.jar:/home/runner/work/ozone/ozone/hadoop-hdds/common/target/hdds-common-2.1.0-SNAPSHOT-tests.jar:/home/runner/work/ozone/ozone/hadoop-hdds/config/target/hdds-config-2.1.0-SNAPSHOT.jar:/home/runner/work/ozone/ozone/hadoop-hdds/container-service/target/hdds-container-service-2.1.0-SNAPSHOT.jar:/home/runner/.m2/repository/io/netty/netty-buffer/4.1.119.Final/netty-buffer-4.1.119.Final.jar:/home/runner/.m2/repository/io/netty/netty-codec/4.1.119.Final/netty-codec-4.1.119.Final.jar:/home/runner/.m2/repository/io/netty/netty-common/4.1.119.Final/netty-common-4.1.119.Final.jar:/home/runner/.m2/repository/io/netty/netty-transport/4.1.119.Final/netty-transport-4.1.119.Final.jar:/home/runner/.m2/repository/org/apache/logging/log4j/log4j-api/2.25.0/log4j-api-2.25.0.jar:/home/runner/.m2/repository/com/github/luben/zstd-jni/1.5.7-4/zstd-jni-1.5.7-4.jar:/home/runner/.m2/repository/log4j/apache-log4j-extras/1.2.17/apache-log4j-extras-1.2.17.jar:/home/runner/.m2/repository/org/glassfish/jaxb/jaxb-runtime/2.3.9/jaxb-runtime-2.3.9.jar:/home/runner/.m2/repository/org/glassfish/jaxb/txw2/2.3.9/txw2-2.3.9.jar:/home/runner/.m2/repository/com/sun/istack/istack-commons-runtime/3.0.12/istack-commons-runtime-3.0.12.jar:/home/runner/.m2/repository/com/sun/activation/jakarta.activation/1.2.2/jakarta.activation-1.2.2.jar:/home/runner/work/ozone/ozone/hadoop-hdds/container-service/target/hdds-container-service-2.1.0-SNAPSHOT-tests.jar:/home/runner/work/ozone/ozone/hadoop-hdds/interface-admin/target/hdds-interface-admin-2.1.0-SNAPSHOT.jar:/home/runner/work/ozone/ozone/hadoop-hdds/interface-client/target/hdds-interface-client-2.1.0-SNAPSHOT.jar:/home/runner/work/ozone/ozone/hadoop-hdds/interface-server/target/hdds-interface-server-2.1.0-SNAPSHOT.jar:/home/runner/work/ozone/ozone/hadoop-hdds/managed-rocksdb/target/hdds-managed-rocksdb-2.1.0-SNAPSHOT.jar:/home/runner/work/ozone/ozone/hadoop-hdds/rocks-native/target/hdds-rocks-native-2.1.0-SNAPSHOT.jar:/home/runner/work/ozone/ozone/hadoop-hdds/framework/target/hdds-server-framework-2.1.0-SNAPSHOT.jar:/home/runner/.m2/repository/com/github/jnr/jnr-constants/0.10.4/jnr-constants-0.10.4.jar:/home/runner/.m2/repository/com/github/jnr/jnr-posix/3.1.20/jnr-posix-3.1.20.jar:/home/runner/.m2/repository/com/github/jnr/jnr-ffi/2.2.17/jnr-ffi-2.2.17.jar:/home/runner/.m2/repository/com/github/jnr/jffi/1.3.13/jffi-1.3.13.jar:/home/runner/.m2/repository/com/github/jnr/jffi/1.3.13/jffi-1.3.13-native.jar:/home/runner/.m2/repository/org/ow2/asm/asm/9.7.1/asm-9.7.1.jar:/home/runner/.m2/repository/org/ow2/asm/asm-commons/9.7.1/asm-commons-9.7.1.jar:/home/runner/.m2/repository/org/ow2/asm/asm-analysis/9.7.1/asm-analysis-9.7.1.jar:/home/runner/.m2/repository/org/ow2/asm/asm-tree/9.7.1/asm-tree-9.7.1.jar:/home/runner/.m2/repository/org/ow2/asm/asm-util/9.7.1/asm-util-9.7.1.jar:/home/runner/.m2/repository/com/github/jnr/jnr-a64asm/1.0.0/jnr-a64asm-1.0.0.jar:/home/runner/.m2/repository/com/github/jnr/jnr-x86asm/1.0.2/jnr-x86asm-1.0.2.jar:/home/runner/.m2/repository/commons-fileupload/commons-fileupload/1.6.0/commons-fileupload-1.6.0.jar:/home/runner/.m2/repository/io/grpc/grpc-api/1.71.0/grpc-api-1.71.0.jar:/home/runner/.m2/repository/io/prometheus/simpleclient/0.16.0/simpleclient-0.16.0.jar:/home/runner/.m2/repository/io/prometheus/simpleclient_common/0.16.0/simpleclient_common-0.16.0.jar:/home/runner/.m2/repository/io/prometheus/simpleclient_dropwizard/0.16.0/simpleclient_dropwizard-0.16.0.jar:/home/runner/.m2/repository/jakarta/ws/rs/jakarta.ws.rs-api/2.1.6/jakarta.ws.rs-api-2.1.6.jar:/home/runner/.m2/repository/org/eclipse/jetty/jetty-http/9.4.58.v20250814/jetty-http-9.4.58.v20250814.jar:/home/runner/.m2/repository/org/glassfish/jersey/containers/jersey-container-servlet-core/2.47/jersey-container-servlet-core-2.47.jar:/home/runner/.m2/repository/org/glassfish/jersey/core/jersey-server/2.47/jersey-server-2.47.jar:/home/runner/.m2/repository/org/glassfish/jersey/core/jersey-client/2.47/jersey-client-2.47.jar:/home/runner/.m2/repository/com/lmax/disruptor/3.4.4/disruptor-3.4.4.jar:/home/runner/.m2/repository/org/apache/logging/log4j/log4j-core/2.25.0/log4j-core-2.25.0.jar:/home/runner/work/ozone/ozone/hadoop-hdds/framework/target/hdds-server-framework-2.1.0-SNAPSHOT-tests.jar:/home/runner/work/ozone/ozone/hadoop-hdds/server-scm/target/hdds-server-scm-2.1.0-SNAPSHOT.jar:/home/runner/work/ozone/ozone/hadoop-hdds/server-scm/target/hdds-server-scm-2.1.0-SNAPSHOT-tests.jar:/home/runner/work/ozone/ozone/hadoop-hdds/test-utils/target/hdds-test-utils-2.1.0-SNAPSHOT-tests.jar:/home/runner/work/ozone/ozone/hadoop-ozone/cli-admin/target/ozone-cli-admin-2.1.0-SNAPSHOT.jar:/home/runner/work/ozone/ozone/hadoop-ozone/cli-shell/target/ozone-cli-shell-2.1.0-SNAPSHOT.jar:/home/runner/.m2/repository/info/picocli/picocli-shell-jline3/4.7.7/picocli-shell-jline3-4.7.7.jar:/home/runner/.m2/repository/org/jline/jline/3.30.6/jline-3.30.6.jar:/home/runner/work/ozone/ozone/hadoop-ozone/client/target/ozone-client-2.1.0-SNAPSHOT.jar:/home/runner/work/ozone/ozone/hadoop-ozone/common/target/ozone-common-2.1.0-SNAPSHOT.jar:/home/runner/.m2/repository/io/grpc/grpc-netty/1.71.0/grpc-netty-1.71.0.jar:/home/runner/.m2/repository/org/codehaus/mojo/animal-sniffer-annotations/1.24/animal-sniffer-annotations-1.24.jar:/home/runner/.m2/repository/io/grpc/grpc-core/1.71.0/grpc-core-1.71.0.jar:/home/runner/.m2/repository/com/google/android/annotations/4.1.1.4/annotations-4.1.1.4.jar:/home/runner/.m2/repository/io/grpc/grpc-context/1.71.0/grpc-context-1.71.0.jar:/home/runner/.m2/repository/io/perfmark/perfmark-api/0.27.0/perfmark-api-0.27.0.jar:/home/runner/.m2/repository/io/grpc/grpc-util/1.71.0/grpc-util-1.71.0.jar:/home/runner/.m2/repository/io/netty/netty-codec-http2/4.1.119.Final/netty-codec-http2-4.1.119.Final.jar:/home/runner/.m2/repository/io/netty/netty-handler-proxy/4.1.119.Final/netty-handler-proxy-4.1.119.Final.jar:/home/runner/.m2/repository/io/netty/netty-tcnative-boringssl-static/2.0.70.Final/netty-tcnative-boringssl-static-2.0.70.Final.jar:/home/runner/.m2/repository/io/netty/netty-tcnative-classes/2.0.70.Final/netty-tcnative-classes-2.0.70.Final.jar:/home/runner/.m2/repository/io/netty/netty-tcnative-boringssl-static/2.0.70.Final/netty-tcnative-boringssl-static-2.0.70.Final-linux-x86_64.jar:/home/runner/.m2/repository/io/netty/netty-tcnative-boringssl-static/2.0.70.Final/netty-tcnative-boringssl-static-2.0.70.Final-linux-aarch_64.jar:/home/runner/.m2/repository/io/netty/netty-tcnative-boringssl-static/2.0.70.Final/netty-tcnative-boringssl-static-2.0.70.Final-osx-x86_64.jar:/home/runner/.m2/repository/io/netty/netty-tcnative-boringssl-static/2.0.70.Final/netty-tcnative-boringssl-static-2.0.70.Final-osx-aarch_64.jar:/home/runner/.m2/repository/io/netty/netty-tcnative-boringssl-static/2.0.70.Final/netty-tcnative-boringssl-static-2.0.70.Final-windows-x86_64.jar:/home/runner/work/ozone/ozone/hadoop-ozone/csi/target/ozone-csi-2.1.0-SNAPSHOT.jar:/home/runner/.m2/repository/io/grpc/grpc-protobuf/1.71.0/grpc-protobuf-1.71.0.jar:/home/runner/.m2/repository/com/google/api/grpc/proto-google-common-protos/2.51.0/proto-google-common-protos-2.51.0.jar:/home/runner/.m2/repository/io/grpc/grpc-protobuf-lite/1.71.0/grpc-protobuf-lite-1.71.0.jar:/home/runner/.m2/repository/io/grpc/grpc-stub/1.71.0/grpc-stub-1.71.0.jar:/home/runner/.m2/repository/io/netty/netty-transport-classes-epoll/4.1.119.Final/netty-transport-classes-epoll-4.1.119.Final.jar:/home/runner/.m2/repository/io/netty/netty-transport-native-unix-common/4.1.119.Final/netty-transport-native-unix-common-4.1.119.Final.jar:/home/runner/.m2/repository/io/netty/netty-transport-native-epoll/4.1.119.Final/netty-transport-native-epoll-4.1.119.Final-linux-x86_64.jar:/home/runner/work/ozone/ozone/hadoop-ozone/ozonefs/target/ozone-filesystem-2.1.0-SNAPSHOT.jar:/home/runner/work/ozone/ozone/hadoop-ozone/ozonefs-common/target/ozone-filesystem-common-2.1.0-SNAPSHOT.jar:/home/runner/work/ozone/ozone/hadoop-ozone/freon/target/ozone-freon-2.1.0-SNAPSHOT.jar:/home/runner/.m2/repository/com/amazonaws/aws-java-sdk-core/1.12.788/aws-java-sdk-core-1.12.788.jar:/home/runner/.m2/repository/com/fasterxml/jackson/dataformat/jackson-dataformat-cbor/2.16.2/jackson-dataformat-cbor-2.16.2.jar:/home/runner/.m2/repository/joda-time/joda-time/2.12.7/joda-time-2.12.7.jar:/home/runner/.m2/repository/com/amazonaws/aws-java-sdk-s3/1.12.788/aws-java-sdk-s3-1.12.788.jar:/home/runner/.m2/repository/com/amazonaws/aws-java-sdk-kms/1.12.788/aws-java-sdk-kms-1.12.788.jar:/home/runner/.m2/repository/com/amazonaws/jmespath-java/1.12.788/jmespath-java-1.12.788.jar:/home/runner/work/ozone/ozone/hadoop-ozone/interface-client/target/ozone-interface-client-2.1.0-SNAPSHOT.jar:/home/runner/work/ozone/ozone/hadoop-ozone/interface-storage/target/ozone-interface-storage-2.1.0-SNAPSHOT.jar:/home/runner/work/ozone/ozone/hadoop-ozone/ozone-manager/target/ozone-manager-2.1.0-SNAPSHOT.jar:/home/runner/.m2/repository/org/apache/commons/commons-pool2/2.12.1/commons-pool2-2.12.1.jar:/home/runner/.m2/repository/org/aspectj/aspectjrt/1.9.24/aspectjrt-1.9.24.jar:/home/runner/work/ozone/ozone/hadoop-ozone/ozone-manager/target/ozone-manager-2.1.0-SNAPSHOT-tests.jar:/home/runner/work/ozone/ozone/hadoop-ozone/mini-cluster/target/ozone-mini-cluster-2.1.0-SNAPSHOT.jar:/home/runner/work/ozone/ozone/hadoop-ozone/multitenancy-ranger/target/ozone-multitenancy-ranger-2.1.0-SNAPSHOT.jar:/home/runner/.m2/repository/com/sun/jersey/jersey-client/1.19.4/jersey-client-1.19.4.jar:/home/runner/.m2/repository/org/apache/ranger/ranger-plugins-common/2.6.0/ranger-plugins-common-2.6.0.jar:/home/runner/.m2/repository/com/fasterxml/jackson/jaxrs/jackson-jaxrs-base/2.16.2/jackson-jaxrs-base-2.16.2.jar:/home/runner/.m2/repository/com/kstruct/gethostname4j/1.0.0/gethostname4j-1.0.0.jar:/home/runner/.m2/repository/commons-lang/commons-lang/2.6/commons-lang-2.6.jar:/home/runner/.m2/repository/net/java/dev/jna/jna/5.2.0/jna-5.2.0.jar:/home/runner/.m2/repository/net/java/dev/jna/jna-platform/5.2.0/jna-platform-5.2.0.jar:/home/runner/.m2/repository/org/apache/ranger/ranger-plugin-classloader/2.6.0/ranger-plugin-classloader-2.6.0.jar:/home/runner/.m2/repository/org/apache/ranger/ranger-plugins-audit/2.6.0/ranger-plugins-audit-2.6.0.jar:/home/runner/.m2/repository/com/amazonaws/aws-java-sdk-logs/1.12.765/aws-java-sdk-logs-1.12.765.jar:/home/runner/.m2/repository/com/carrotsearch/hppc/0.8.0/hppc-0.8.0.jar:/home/runner/.m2/repository/io/airlift/aircompressor/0.27/aircompressor-0.27.jar:/home/runner/.m2/repository/org/apache/httpcomponents/httpasyncclient/4.1.4/httpasyncclient-4.1.4.jar:/home/runner/.m2/repository/org/apache/httpcomponents/httpcore-nio/4.4.16/httpcore-nio-4.4.16.jar:/home/runner/.m2/repository/org/apache/httpcomponents/httpmime/4.5.13/httpmime-4.5.13.jar:/home/runner/.m2/repository/org/apache/orc/orc-core/1.5.8/orc-core-1.5.8.jar:/home/runner/.m2/repository/org/apache/orc/orc-shims/1.5.8/orc-shims-1.5.8.jar:/home/runner/.m2/repository/org/apache/ranger/ranger-plugins-cred/2.6.0/ranger-plugins-cred-2.6.0.jar:/home/runner/work/ozone/ozone/hadoop-ozone/recon/target/ozone-recon-2.1.0-SNAPSHOT.jar:/home/runner/.m2/repository/aopalliance/aopalliance/1.0/aopalliance-1.0.jar:/home/runner/.m2/repository/com/google/inject/guice/6.0.0/guice-6.0.0.jar:/home/runner/.m2/repository/jakarta/inject/jakarta.inject-api/2.0.1/jakarta.inject-api-2.0.1.jar:/home/runner/.m2/repository/com/jolbox/bonecp/0.8.0.RELEASE/bonecp-0.8.0.RELEASE.jar:/home/runner/.m2/repository/jakarta/validation/jakarta.validation-api/2.0.2/jakarta.validation-api-2.0.2.jar:/home/runner/.m2/repository/javax/annotation/javax.annotation-api/1.3.2/javax.annotation-api-1.3.2.jar:/home/runner/.m2/repository/javax/inject/javax.inject/1/javax.inject-1.jar:/home/runner/.m2/repository/org/apache/derby/derby/10.14.2.0/derby-10.14.2.0.jar:/home/runner/.m2/repository/org/glassfish/hk2/guice-bridge/2.6.1/guice-bridge-2.6.1.jar:/home/runner/.m2/repository/org/glassfish/hk2/hk2-api/2.6.1/hk2-api-2.6.1.jar:/home/runner/.m2/repository/org/glassfish/hk2/hk2-utils/2.6.1/hk2-utils-2.6.1.jar:/home/runner/.m2/repository/org/glassfish/hk2/external/aopalliance-repackaged/2.6.1/aopalliance-repackaged-2.6.1.jar:/home/runner/.m2/repository/org/glassfish/jersey/core/jersey-common/2.47/jersey-common-2.47.jar:/home/runner/.m2/repository/org/glassfish/hk2/osgi-resource-locator/1.0.3/osgi-resource-locator-1.0.3.jar:/home/runner/.m2/repository/org/jooq/jooq/3.11.10/jooq-3.11.10.jar:/home/runner/.m2/repository/org/springframework/spring-core/5.3.39/spring-core-5.3.39.jar:/home/runner/.m2/repository/org/springframework/spring-jdbc/5.3.39/spring-jdbc-5.3.39.jar:/home/runner/.m2/repository/org/springframework/spring-beans/5.3.39/spring-beans-5.3.39.jar:/home/runner/.m2/repository/org/springframework/spring-tx/5.3.39/spring-tx-5.3.39.jar:/home/runner/.m2/repository/org/xerial/sqlite-jdbc/3.50.3.0/sqlite-jdbc-3.50.3.0.jar:/home/runner/.m2/repository/com/google/inject/extensions/guice-assistedinject/6.0.0/guice-assistedinject-6.0.0.jar:/home/runner/.m2/repository/org/glassfish/hk2/external/jakarta.inject/2.6.1/jakarta.inject-2.6.1.jar:/home/runner/.m2/repository/org/glassfish/jersey/inject/jersey-hk2/2.47/jersey-hk2-2.47.jar:/home/runner/.m2/repository/org/glassfish/hk2/hk2-locator/2.6.1/hk2-locator-2.6.1.jar:/home/runner/.m2/repository/org/glassfish/jersey/media/jersey-media-jaxb/2.47/jersey-media-jaxb-2.47.jar:/home/runner/.m2/repository/org/glassfish/jersey/media/jersey-media-json-jackson/2.47/jersey-media-json-jackson-2.47.jar:/home/runner/.m2/repository/org/glassfish/jersey/ext/jersey-entity-filtering/2.47/jersey-entity-filtering-2.47.jar:/home/runner/work/ozone/ozone/hadoop-ozone/recon-codegen/target/ozone-reconcodegen-2.1.0-SNAPSHOT.jar:/home/runner/.m2/repository/org/jooq/jooq-codegen/3.11.10/jooq-codegen-3.11.10.jar:/home/runner/.m2/repository/org/jooq/jooq-meta/3.11.10/jooq-meta-3.11.10.jar:/home/runner/work/ozone/ozone/hadoop-ozone/s3gateway/target/ozone-s3gateway-2.1.0-SNAPSHOT.jar:/home/runner/work/ozone/ozone/hadoop-ozone/tools/target/ozone-tools-2.1.0-SNAPSHOT.jar:/home/runner/.m2/repository/com/github/vlsi/mxgraph/jgraphx/3.9.12/jgraphx-3.9.12.jar:/home/runner/.m2/repository/org/apache/ratis/ratis-shell/3.2.0/ratis-shell-3.2.0.jar:/home/runner/.m2/repository/org/apache/ratis/ratis-tools/3.2.0/ratis-tools-3.2.0.jar:/home/runner/.m2/repository/org/jgrapht/jgrapht-core/1.4.0/jgrapht-core-1.4.0.jar:/home/runner/.m2/repository/org/jheaps/jheaps/0.11/jheaps-0.11.jar:/home/runner/.m2/repository/org/jgrapht/jgrapht-ext/1.4.0/jgrapht-ext-1.4.0.jar:/home/runner/work/ozone/ozone/hadoop-hdds/rocksdb-checkpoint-differ/target/rocksdb-checkpoint-differ-2.1.0-SNAPSHOT.jar:/home/runner/.m2/repository/org/apache/ranger/ranger-intg/2.6.0/ranger-intg-2.6.0.jar:/home/runner/.m2/repository/org/apache/ratis/ratis-client/3.2.0/ratis-client-3.2.0.jar:/home/runner/.m2/repository/org/apache/ratis/ratis-common/3.2.0/ratis-common-3.2.0.jar:/home/runner/.m2/repository/org/apache/ratis/ratis-grpc/3.2.0/ratis-grpc-3.2.0.jar:/home/runner/.m2/repository/org/apache/ratis/ratis-metrics-api/3.2.0/ratis-metrics-api-3.2.0.jar:/home/runner/.m2/repository/org/apache/ratis/ratis-proto/3.2.0/ratis-proto-3.2.0.jar:/home/runner/.m2/repository/org/apache/ratis/ratis-server/3.2.0/ratis-server-3.2.0.jar:/home/runner/.m2/repository/org/apache/ratis/ratis-server-api/3.2.0/ratis-server-api-3.2.0.jar:/home/runner/.m2/repository/org/apache/ratis/ratis-thirdparty-misc/1.0.9/ratis-thirdparty-misc-1.0.9.jar:/home/runner/.m2/repository/org/bouncycastle/bcpkix-jdk18on/1.81/bcpkix-jdk18on-1.81.jar:/home/runner/.m2/repository/org/bouncycastle/bcutil-jdk18on/1.81/bcutil-jdk18on-1.81.jar:/home/runner/.m2/repository/org/hamcrest/hamcrest/2.2/hamcrest-2.2.jar:/home/runner/.m2/repository/org/reflections/reflections/0.10.2/reflections-0.10.2.jar:/home/runner/.m2/repository/org/javassist/javassist/3.30.2-GA/javassist-3.30.2-GA.jar:/home/runner/.m2/repository/org/rocksdb/rocksdbjni/7.7.3/rocksdbjni-7.7.3.jar:/home/runner/.m2/repository/org/slf4j/jul-to-slf4j/2.0.17/jul-to-slf4j-2.0.17.jar:/home/runner/.m2/repository/org/slf4j/slf4j-api/2.0.17/slf4j-api-2.0.17.jar:/home/runner/.m2/repository/org/assertj/assertj-core/3.27.6/assertj-core-3.27.6.jar:/home/runner/.m2/repository/net/bytebuddy/byte-buddy/1.17.7/byte-buddy-1.17.7.jar:/home/runner/.m2/repository/org/junit/jupiter/junit-jupiter-api/5.13.4/junit-jupiter-api-5.13.4.jar:/home/runner/.m2/repository/org/opentest4j/opentest4j/1.3.0/opentest4j-1.3.0.jar:/home/runner/.m2/repository/org/junit/platform/junit-platform-commons/1.13.4/junit-platform-commons-1.13.4.jar:/home/runner/.m2/repository/org/apiguardian/apiguardian-api/1.1.2/apiguardian-api-1.1.2.jar:/home/runner/.m2/repository/org/junit/jupiter/junit-jupiter-params/5.13.4/junit-jupiter-params-5.13.4.jar:/home/runner/.m2/repository/org/mockito/mockito-core/4.11.0/mockito-core-4.11.0.jar:/home/runner/.m2/repository/net/bytebuddy/byte-buddy-agent/1.12.19/byte-buddy-agent-1.12.19.jar:/home/runner/.m2/repository/org/objenesis/objenesis/3.3/objenesis-3.3.jar:/home/runner/.m2/repository/org/mockito/mockito-inline/4.11.0/mockito-inline-4.11.0.jar:/home/runner/.m2/repository/org/mockito/mockito-junit-jupiter/4.11.0/mockito-junit-jupiter-4.11.0.jar:/home/runner/work/ozone/ozone/hadoop-ozone/integration-test/target/gradle-enterprise/test-listeners.jar:"/>
    <property name="sun.cpu.endian" value="little"/>
    <property name="user.home" value="/home/runner"/>
    <property name="user.language" value="en"/>
    <property name="java.specification.vendor" value="Oracle Corporation"/>
    <property name="skipRecon" value="true"/>
    <property name="java.version.date" value="2025-07-15"/>
    <property name="java.home" value="/usr/lib/jvm/temurin-21-jdk-amd64"/>
    <property name="java.security.krb5.conf" value="/home/runner/work/ozone/ozone/hadoop-ozone/integration-test/target/test-classes/krb5.conf"/>
    <property name="file.separator" value="/"/>
    <property name="basedir" value="/home/runner/work/ozone/ozone/hadoop-ozone/integration-test"/>
    <property name="java.vm.compressedOopsMode" value="Zero based"/>
    <property name="line.separator" value="&#10;"/>
    <property name="java.vm.specification.vendor" value="Oracle Corporation"/>
    <property name="java.specification.name" value="Java Platform API Specification"/>
    <property name="surefire.real.class.path" value="/home/runner/work/ozone/ozone/hadoop-ozone/integration-test/target/surefire/surefirebooter-20250928083601477_2896.jar"/>
    <property name="hadoop.log.dir" value="/home/runner/work/ozone/ozone/hadoop-ozone/integration-test/target/log"/>
    <property name="sun.management.compiler" value="HotSpot 64-Bit Tiered Compilers"/>
    <property name="skipShade" value="true"/>
    <property name="java.runtime.version" value="21.0.8+9-LTS"/>
    <property name="user.name" value="runner"/>
    <property name="java.net.preferIPv4Stack" value="true"/>
    <property name="stdout.encoding" value="UTF-8"/>
    <property name="path.separator" value=":"/>
    <property name="java.security.egd" value="file:///dev/urandom"/>
    <property name="os.version" value="6.11.0-1018-azure"/>
    <property name="java.runtime.name" value="OpenJDK Runtime Environment"/>
    <property name="com.gradle.maven.scan.extension.test.listener.junitplatform.NestedExecutionSafeDelegatingTestExecutionListener" value="3e62d773"/>
    <property name="file.encoding" value="UTF-8"/>
    <property name="java.vm.name" value="OpenJDK 64-Bit Server VM"/>
    <property name="rocks_tools_native" value="true"/>
    <property name="java.vendor.version" value="Temurin-21.0.8+9"/>
    <property name="test.build.webapps" value=""/>
    <property name="develocity.listener.surefire.forkId" value="1"/>
    <property name="localRepository" value="/home/runner/.m2/repository"/>
    <property name="java.vendor.url.bug" value="https://github.com/adoptium/adoptium-support/issues"/>
    <property name="jetty.git.hash" value="8f1440587e9e4ae7db3d74cf205643f3d707148d"/>
    <property name="java.io.tmpdir" value="/tmp"/>
    <property name="require.test.libhadoop" value=""/>
    <property name="java.version" value="21.0.8"/>
    <property name="user.dir" value="/home/runner/work/ozone/ozone/hadoop-ozone/integration-test"/>
    <property name="os.arch" value="amd64"/>
    <property name="java.vm.specification.name" value="Java Virtual Machine Specification"/>
    <property name="test.build.classes" value="/home/runner/work/ozone/ozone/hadoop-ozone/integration-test/target/test-classes"/>
    <property name="org.apache.ratis.thirdparty.io.netty.allocator.useCacheForAllThreads" value="false"/>
    <property name="native.encoding" value="UTF-8"/>
    <property name="hadoop.tmp.dir" value="/home/runner/work/ozone/ozone/hadoop-ozone/integration-test/target/tmp"/>
    <property name="java.library.path" value="/usr/java/packages/lib:/usr/lib64:/lib64:/lib:/usr/lib"/>
    <property name="java.vm.info" value="mixed mode, sharing"/>
    <property name="stderr.encoding" value="UTF-8"/>
    <property name="java.vendor" value="Eclipse Adoptium"/>
    <property name="java.vm.version" value="21.0.8+9-LTS"/>
    <property name="sun.io.unicode.encoding" value="UnicodeLittle"/>
    <property name="develocity.listener.port" value="37835"/>
    <property name="java.class.version" value="65.0"/>
  </properties>
  <testcase name="testDeletingOrDeletedContainerTransitionsToClosedWhenNonEmptyReplicaIsReported(LifeCycleState)[1]" classname="org.apache.hadoop.ozone.container.TestContainerReportHandling" time="34.855">
    <system-out><![CDATA[2025-09-28 08:46:01,529 [ForkJoinPool-1-worker-1] INFO  reflections.Reflections (Reflections.java:scan(219)) - Reflections took 164 ms to scan 7 urls, producing 168 keys and 381 values
2025-09-28 08:46:01,657 [ForkJoinPool-1-worker-1] INFO  ha.SCMHANodeDetails (SCMHANodeDetails.java:loadSCMHAConfig(162)) - ServiceID for StorageContainerManager is null
2025-09-28 08:46:01,657 [ForkJoinPool-1-worker-1] INFO  ha.SCMHANodeDetails (SCMHANodeDetails.java:loadSCMHAConfig(166)) - ozone.scm.default.service.id is not defined, falling back to ozone.scm.service.ids to find serviceID for StorageContainerManager if it is HA enabled cluster
2025-09-28 08:46:01,813 [ForkJoinPool-1-worker-1] INFO  server.RaftServerConfigKeys (ConfUtils.java:logGet(62)) - raft.server.log.appender.buffer.byte-limit = 4194304 (custom)
2025-09-28 08:46:01,833 [ForkJoinPool-1-worker-1] INFO  server.RaftServer (ConfUtils.java:logGet(62)) - raft.rpc.type = GRPC (default)
2025-09-28 08:46:01,890 [ForkJoinPool-1-worker-1] INFO  grpc.GrpcConfigKeys (ConfUtils.java:logFallback(69)) - raft.grpc.admin.host = null (fallback to raft.grpc.server.host)
2025-09-28 08:46:01,890 [ForkJoinPool-1-worker-1] INFO  grpc.GrpcConfigKeys (ConfUtils.java:logFallback(69)) - raft.grpc.admin.port = 15004 (fallback to raft.grpc.server.port)
2025-09-28 08:46:01,891 [ForkJoinPool-1-worker-1] INFO  grpc.GrpcConfigKeys (ConfUtils.java:logFallback(69)) - raft.grpc.client.host = null (fallback to raft.grpc.server.host)
2025-09-28 08:46:01,892 [ForkJoinPool-1-worker-1] INFO  grpc.GrpcConfigKeys (ConfUtils.java:logFallback(69)) - raft.grpc.client.port = 15004 (fallback to raft.grpc.server.port)
2025-09-28 08:46:01,892 [ForkJoinPool-1-worker-1] INFO  grpc.GrpcConfigKeys (ConfUtils.java:logGet(62)) - raft.grpc.server.port = 15004 (custom)
2025-09-28 08:46:01,893 [ForkJoinPool-1-worker-1] INFO  server.GrpcServicesImpl (ConfUtils.java:logGet(62)) - raft.grpc.message.size.max = 5242880 (custom)
2025-09-28 08:46:01,893 [ForkJoinPool-1-worker-1] INFO  server.GrpcServicesImpl (ConfUtils.java:logGet(62)) - raft.grpc.flow.control.window = 1MB (=1048576) (default)
2025-09-28 08:46:01,894 [ForkJoinPool-1-worker-1] INFO  server.RaftServerConfigKeys (ConfUtils.java:logGet(62)) - raft.server.rpc.request.timeout = 30000ms (custom)
2025-09-28 08:46:01,909 [ForkJoinPool-1-worker-1] INFO  grpc.GrpcConfigKeys (ConfUtils.java:logGet(62)) - raft.grpc.server.heartbeat.channel = true (default)
2025-09-28 08:46:01,910 [ForkJoinPool-1-worker-1] INFO  server.RaftServerConfigKeys (ConfUtils.java:logGet(62)) - raft.server.log.appender.buffer.byte-limit = 4194304 (custom)
2025-09-28 08:46:01,920 [ForkJoinPool-1-worker-1] INFO  grpc.GrpcConfigKeys (ConfUtils.java:logGet(62)) - raft.grpc.server.async.request.thread.pool.cached = true (default)
2025-09-28 08:46:01,921 [ForkJoinPool-1-worker-1] INFO  grpc.GrpcConfigKeys (ConfUtils.java:logGet(62)) - raft.grpc.server.async.request.thread.pool.size = 32 (default)
2025-09-28 08:46:02,113 [ForkJoinPool-1-worker-1] INFO  impl.DataStreamServerImpl (ConfUtils.java:logGet(62)) - raft.datastream.type = DISABLED (default)
2025-09-28 08:46:02,115 [ForkJoinPool-1-worker-1] INFO  server.RaftServerConfigKeys (ConfUtils.java:logGet(62)) - raft.server.sleep.deviation.threshold = 300ms (default)
2025-09-28 08:46:02,115 [ForkJoinPool-1-worker-1] INFO  server.RaftServerConfigKeys (ConfUtils.java:logGet(62)) - raft.server.close.threshold = 60s (default)
2025-09-28 08:46:02,115 [ForkJoinPool-1-worker-1] INFO  server.RaftServerConfigKeys (ConfUtils.java:logGet(62)) - raft.server.leaderelection.leader.step-down.wait-time = 10s (default)
2025-09-28 08:46:02,119 [ForkJoinPool-1-worker-1] INFO  server.RaftServerConfigKeys (ConfUtils.java:logGet(62)) - raft.server.storage.dir = [/home/runner/work/ozone/ozone/hadoop-ozone/integration-test/target/test-dir/MiniOzoneClusterImpl-6c2de427-7485-43c3-b878-dcc0cf80ac7a/scm/ratis] (custom)
2025-09-28 08:46:02,120 [ForkJoinPool-1-worker-1] INFO  server.RaftServerConfigKeys (ConfUtils.java:logGet(62)) - raft.server.threadpool.proxy.cached = true (default)
2025-09-28 08:46:02,120 [ForkJoinPool-1-worker-1] INFO  server.RaftServerConfigKeys (ConfUtils.java:logGet(62)) - raft.server.threadpool.proxy.size = 0 (default)
2025-09-28 08:46:02,126 [ForkJoinPool-1-worker-1] INFO  server.RaftServer (RaftServerProxy.java:addNew(105)) - c2d163a0-0ec6-4601-8a26-ab579a1805eb: addNew group-DCC0CF80AC7A:[c2d163a0-0ec6-4601-8a26-ab579a1805eb|localhost:15004] returns group-DCC0CF80AC7A:java.util.concurrent.CompletableFuture@37391512[Not completed]
2025-09-28 08:46:02,141 [c2d163a0-0ec6-4601-8a26-ab579a1805eb-groupManagement] INFO  server.RaftServer$Division (RaftServerImpl.java:<init>(268)) - c2d163a0-0ec6-4601-8a26-ab579a1805eb: new RaftServerImpl for group-DCC0CF80AC7A:[c2d163a0-0ec6-4601-8a26-ab579a1805eb|localhost:15004] with SCMStateMachine:uninitialized
2025-09-28 08:46:02,142 [c2d163a0-0ec6-4601-8a26-ab579a1805eb-groupManagement] INFO  server.RaftServerConfigKeys (ConfUtils.java:logGet(62)) - raft.server.rpc.timeout.min = 5000ms (custom)
2025-09-28 08:46:02,143 [c2d163a0-0ec6-4601-8a26-ab579a1805eb-groupManagement] INFO  server.RaftServerConfigKeys (ConfUtils.java:logGet(62)) - raft.server.rpc.timeout.max = 5200ms (custom)
2025-09-28 08:46:02,143 [c2d163a0-0ec6-4601-8a26-ab579a1805eb-groupManagement] INFO  server.RaftServerConfigKeys (ConfUtils.java:logGet(62)) - raft.server.rpc.sleep.time = 25ms (default)
2025-09-28 08:46:02,143 [c2d163a0-0ec6-4601-8a26-ab579a1805eb-groupManagement] INFO  server.RaftServerConfigKeys (ConfUtils.java:logGet(62)) - raft.server.rpc.slowness.timeout = 120000ms (custom)
2025-09-28 08:46:02,143 [c2d163a0-0ec6-4601-8a26-ab579a1805eb-groupManagement] INFO  server.RaftServerConfigKeys (ConfUtils.java:logGet(62)) - raft.server.leaderelection.member.majority-add = false (default)
2025-09-28 08:46:02,149 [c2d163a0-0ec6-4601-8a26-ab579a1805eb-groupManagement] INFO  server.RaftServer$Division (ServerState.java:<init>(114)) - c2d163a0-0ec6-4601-8a26-ab579a1805eb@group-DCC0CF80AC7A: ConfigurationManager, init=conf: {index: -1, cur=peers:[c2d163a0-0ec6-4601-8a26-ab579a1805eb|localhost:15004]|listeners:[], old=null}, confs=<EMPTY_MAP>
2025-09-28 08:46:02,153 [c2d163a0-0ec6-4601-8a26-ab579a1805eb-groupManagement] INFO  server.RaftServerConfigKeys (ConfUtils.java:logGet(62)) - raft.server.notification.no-leader.timeout = 60s (default)
2025-09-28 08:46:02,155 [c2d163a0-0ec6-4601-8a26-ab579a1805eb-groupManagement] INFO  server.RaftServerConfigKeys (ConfUtils.java:logGet(62)) - raft.server.read.timeout = 10s (default)
2025-09-28 08:46:02,158 [c2d163a0-0ec6-4601-8a26-ab579a1805eb-groupManagement] INFO  server.RaftServerConfigKeys (ConfUtils.java:logGet(62)) - raft.server.retrycache.expirytime = 60000ms (default)
2025-09-28 08:46:02,158 [c2d163a0-0ec6-4601-8a26-ab579a1805eb-groupManagement] INFO  server.RaftServerConfigKeys (ConfUtils.java:logGet(62)) - raft.server.retrycache.statistics.expirytime = 100ms (default)
2025-09-28 08:46:02,172 [c2d163a0-0ec6-4601-8a26-ab579a1805eb-groupManagement] INFO  server.RaftServerConfigKeys (ConfUtils.java:logGet(62)) - raft.server.read.option = DEFAULT (default)
2025-09-28 08:46:02,173 [c2d163a0-0ec6-4601-8a26-ab579a1805eb-groupManagement] INFO  server.RaftServerConfigKeys (ConfUtils.java:logGet(62)) - raft.server.read.read-after-write-consistent.write-index-cache.expiry-time = 60s (default)
2025-09-28 08:46:02,287 [c2d163a0-0ec6-4601-8a26-ab579a1805eb-groupManagement] INFO  server.RaftServerConfigKeys (ConfUtils.java:logGet(62)) - raft.server.log.appender.install.snapshot.enabled = false (custom)
2025-09-28 08:46:02,287 [c2d163a0-0ec6-4601-8a26-ab579a1805eb-groupManagement] INFO  server.RaftServerConfigKeys (ConfUtils.java:logGet(62)) - raft.server.threadpool.server.cached = true (default)
2025-09-28 08:46:02,288 [c2d163a0-0ec6-4601-8a26-ab579a1805eb-groupManagement] INFO  server.RaftServerConfigKeys (ConfUtils.java:logGet(62)) - raft.server.threadpool.server.size = 0 (default)
2025-09-28 08:46:02,288 [c2d163a0-0ec6-4601-8a26-ab579a1805eb-groupManagement] INFO  server.RaftServerConfigKeys (ConfUtils.java:logGet(62)) - raft.server.threadpool.client.cached = true (default)
2025-09-28 08:46:02,288 [c2d163a0-0ec6-4601-8a26-ab579a1805eb-groupManagement] INFO  server.RaftServerConfigKeys (ConfUtils.java:logGet(62)) - raft.server.threadpool.client.size = 0 (default)
2025-09-28 08:46:02,290 [c2d163a0-0ec6-4601-8a26-ab579a1805eb-impl-thread1] INFO  server.RaftServerConfigKeys (ConfUtils.java:logGet(62)) - raft.server.storage.free-space.min = 0MB (=0) (default)
2025-09-28 08:46:02,291 [c2d163a0-0ec6-4601-8a26-ab579a1805eb-impl-thread1] INFO  server.RaftServerConfigKeys (ConfUtils.java:logGet(62)) - raft.server.log.corruption.policy = EXCEPTION (default)
2025-09-28 08:46:02,296 [c2d163a0-0ec6-4601-8a26-ab579a1805eb-impl-thread1] INFO  storage.RaftStorageDirectory (RaftStorageDirectoryImpl.java:analyzeStorage(138)) - The storage directory /home/runner/work/ozone/ozone/hadoop-ozone/integration-test/target/test-dir/MiniOzoneClusterImpl-6c2de427-7485-43c3-b878-dcc0cf80ac7a/scm/ratis/6c2de427-7485-43c3-b878-dcc0cf80ac7a does not exist. Creating ...
2025-09-28 08:46:02,298 [c2d163a0-0ec6-4601-8a26-ab579a1805eb-impl-thread1] INFO  storage.RaftStorageDirectory (RaftStorageDirectoryImpl.java:tryLock(229)) - Lock on /home/runner/work/ozone/ozone/hadoop-ozone/integration-test/target/test-dir/MiniOzoneClusterImpl-6c2de427-7485-43c3-b878-dcc0cf80ac7a/scm/ratis/6c2de427-7485-43c3-b878-dcc0cf80ac7a/in_use.lock acquired by nodename 129489@localhost
2025-09-28 08:46:02,301 [c2d163a0-0ec6-4601-8a26-ab579a1805eb-impl-thread1] INFO  storage.RaftStorage (RaftStorageImpl.java:format(98)) - Storage directory /home/runner/work/ozone/ozone/hadoop-ozone/integration-test/target/test-dir/MiniOzoneClusterImpl-6c2de427-7485-43c3-b878-dcc0cf80ac7a/scm/ratis/6c2de427-7485-43c3-b878-dcc0cf80ac7a has been successfully formatted.
2025-09-28 08:46:02,303 [c2d163a0-0ec6-4601-8a26-ab579a1805eb-impl-thread1] INFO  ha.SCMStateMachine (SCMStateMachine.java:lambda$initialize$0(135)) - c2d163a0-0ec6-4601-8a26-ab579a1805eb: initialize group-DCC0CF80AC7A
2025-09-28 08:46:02,304 [c2d163a0-0ec6-4601-8a26-ab579a1805eb-impl-thread1] INFO  server.RaftServerConfigKeys (ConfUtils.java:logGet(62)) - raft.server.log.use.memory = false (default)
2025-09-28 08:46:02,310 [c2d163a0-0ec6-4601-8a26-ab579a1805eb-impl-thread1] INFO  server.RaftServerConfigKeys (ConfUtils.java:logGet(62)) - raft.server.log.purge.gap = 1000000 (custom)
2025-09-28 08:46:02,310 [c2d163a0-0ec6-4601-8a26-ab579a1805eb-impl-thread1] INFO  server.RaftServerConfigKeys (ConfUtils.java:logGet(62)) - raft.server.log.appender.buffer.byte-limit = 4194304 (custom)
2025-09-28 08:46:02,312 [c2d163a0-0ec6-4601-8a26-ab579a1805eb-impl-thread1] INFO  server.RaftServerConfigKeys (ConfUtils.java:logGet(62)) - raft.server.log.statemachine.data.read.timeout = 1000ms (default)
2025-09-28 08:46:02,312 [c2d163a0-0ec6-4601-8a26-ab579a1805eb-impl-thread1] INFO  server.RaftServerConfigKeys (ConfUtils.java:logGet(62)) - raft.server.log.purge.preservation.log.num = 0 (default)
2025-09-28 08:46:02,315 [c2d163a0-0ec6-4601-8a26-ab579a1805eb-impl-thread1] INFO  server.RaftServerConfigKeys (ConfUtils.java:logGet(62)) - raft.server.log.segment.size.max = 67108864 (custom)
2025-09-28 08:46:02,318 [c2d163a0-0ec6-4601-8a26-ab579a1805eb-impl-thread1] INFO  server.RaftServerConfigKeys (ConfUtils.java:logGet(62)) - raft.server.log.segment.cache.num.max = 2 (custom)
2025-09-28 08:46:02,318 [c2d163a0-0ec6-4601-8a26-ab579a1805eb-impl-thread1] INFO  server.RaftServerConfigKeys (ConfUtils.java:logGet(62)) - raft.server.log.segment.cache.size.max = 200MB (=209715200) (default)
2025-09-28 08:46:02,319 [c2d163a0-0ec6-4601-8a26-ab579a1805eb-impl-thread1] INFO  server.RaftServerConfigKeys (ConfUtils.java:logGet(62)) - raft.server.log.appender.buffer.byte-limit = 4194304 (custom)
2025-09-28 08:46:02,321 [c2d163a0-0ec6-4601-8a26-ab579a1805eb-impl-thread1] INFO  util.AwaitToRun (AwaitToRun.java:start(81)) - Thread[#41,c2d163a0-0ec6-4601-8a26-ab579a1805eb@group-DCC0CF80AC7A-cacheEviction-AwaitToRun,5,main] started
2025-09-28 08:46:02,324 [c2d163a0-0ec6-4601-8a26-ab579a1805eb-impl-thread1] INFO  segmented.SegmentedRaftLogWorker (SegmentedRaftLogWorker.java:<init>(190)) - new c2d163a0-0ec6-4601-8a26-ab579a1805eb@group-DCC0CF80AC7A-SegmentedRaftLogWorker for RaftStorageImpl:Storage Directory /home/runner/work/ozone/ozone/hadoop-ozone/integration-test/target/test-dir/MiniOzoneClusterImpl-6c2de427-7485-43c3-b878-dcc0cf80ac7a/scm/ratis/6c2de427-7485-43c3-b878-dcc0cf80ac7a
2025-09-28 08:46:02,324 [c2d163a0-0ec6-4601-8a26-ab579a1805eb-impl-thread1] INFO  server.RaftServerConfigKeys (ConfUtils.java:logGet(62)) - raft.server.log.queue.byte-limit = 64MB (=67108864) (default)
2025-09-28 08:46:02,325 [c2d163a0-0ec6-4601-8a26-ab579a1805eb-impl-thread1] INFO  server.RaftServerConfigKeys (ConfUtils.java:logGet(62)) - raft.server.log.queue.element-limit = 4096 (default)
2025-09-28 08:46:02,327 [c2d163a0-0ec6-4601-8a26-ab579a1805eb-impl-thread1] INFO  server.RaftServerConfigKeys (ConfUtils.java:logGet(62)) - raft.server.log.segment.size.max = 67108864 (custom)
2025-09-28 08:46:02,328 [c2d163a0-0ec6-4601-8a26-ab579a1805eb-impl-thread1] INFO  server.RaftServerConfigKeys (ConfUtils.java:logGet(62)) - raft.server.log.preallocated.size = 4194304 (custom)
2025-09-28 08:46:02,328 [c2d163a0-0ec6-4601-8a26-ab579a1805eb-impl-thread1] INFO  server.RaftServerConfigKeys (ConfUtils.java:logGet(62)) - raft.server.log.force.sync.num = 128 (default)
2025-09-28 08:46:02,329 [c2d163a0-0ec6-4601-8a26-ab579a1805eb-impl-thread1] INFO  server.RaftServerConfigKeys (ConfUtils.java:logGet(62)) - raft.server.log.statemachine.data.sync = true (default)
2025-09-28 08:46:02,329 [c2d163a0-0ec6-4601-8a26-ab579a1805eb-impl-thread1] INFO  server.RaftServerConfigKeys (ConfUtils.java:logGet(62)) - raft.server.log.statemachine.data.sync.timeout = 10s (default)
2025-09-28 08:46:02,330 [c2d163a0-0ec6-4601-8a26-ab579a1805eb-impl-thread1] INFO  server.RaftServerConfigKeys (ConfUtils.java:logGet(62)) - raft.server.log.statemachine.data.sync.timeout.retry = -1 (default)
2025-09-28 08:46:02,331 [c2d163a0-0ec6-4601-8a26-ab579a1805eb-impl-thread1] INFO  server.RaftServerConfigKeys (ConfUtils.java:logGet(62)) - raft.server.log.write.buffer.size = 4194312 (custom)
2025-09-28 08:46:02,333 [c2d163a0-0ec6-4601-8a26-ab579a1805eb-impl-thread1] INFO  server.RaftServerConfigKeys (ConfUtils.java:logGet(62)) - raft.server.log.appender.buffer.byte-limit = 4194304 (custom)
2025-09-28 08:46:02,333 [c2d163a0-0ec6-4601-8a26-ab579a1805eb-impl-thread1] INFO  server.RaftServerConfigKeys (ConfUtils.java:logGet(62)) - raft.server.log.unsafe-flush.enabled = false (default)
2025-09-28 08:46:02,334 [c2d163a0-0ec6-4601-8a26-ab579a1805eb-impl-thread1] INFO  server.RaftServerConfigKeys (ConfUtils.java:logGet(62)) - raft.server.log.async-flush.enabled = false (default)
2025-09-28 08:46:02,334 [c2d163a0-0ec6-4601-8a26-ab579a1805eb-impl-thread1] INFO  server.RaftServerConfigKeys (ConfUtils.java:logGet(62)) - raft.server.log.statemachine.data.caching.enabled = false (default)
2025-09-28 08:46:02,338 [c2d163a0-0ec6-4601-8a26-ab579a1805eb-impl-thread1] INFO  segmented.SegmentedRaftLogWorker (SegmentedRaftLogWorker.java:lambda$new$0(141)) - c2d163a0-0ec6-4601-8a26-ab579a1805eb@group-DCC0CF80AC7A-SegmentedRaftLogWorker: flushIndex: setUnconditionally 0 -> -1
2025-09-28 08:46:02,339 [c2d163a0-0ec6-4601-8a26-ab579a1805eb-impl-thread1] INFO  segmented.SegmentedRaftLogWorker (SegmentedRaftLogWorker.java:lambda$new$0(141)) - c2d163a0-0ec6-4601-8a26-ab579a1805eb@group-DCC0CF80AC7A-SegmentedRaftLogWorker: safeCacheEvictIndex: setUnconditionally 0 -> -1
2025-09-28 08:46:02,340 [c2d163a0-0ec6-4601-8a26-ab579a1805eb-impl-thread1] INFO  server.RaftServer$Division (RaftServerImpl.java:start(405)) - c2d163a0-0ec6-4601-8a26-ab579a1805eb@group-DCC0CF80AC7A: start as a follower, conf=conf: {index: -1, cur=peers:[c2d163a0-0ec6-4601-8a26-ab579a1805eb|localhost:15004]|listeners:[], old=null}
2025-09-28 08:46:02,340 [c2d163a0-0ec6-4601-8a26-ab579a1805eb-impl-thread1] INFO  server.RaftServer$Division (RaftServerImpl.java:setRole(392)) - c2d163a0-0ec6-4601-8a26-ab579a1805eb@group-DCC0CF80AC7A: changes role from      null to FOLLOWER at term 0 for startAsFollower
2025-09-28 08:46:02,341 [c2d163a0-0ec6-4601-8a26-ab579a1805eb-impl-thread1] INFO  impl.RoleInfo (RoleInfo.java:updateAndGet(148)) - c2d163a0-0ec6-4601-8a26-ab579a1805eb: start c2d163a0-0ec6-4601-8a26-ab579a1805eb@group-DCC0CF80AC7A-FollowerState
2025-09-28 08:46:02,343 [c2d163a0-0ec6-4601-8a26-ab579a1805eb@group-DCC0CF80AC7A-FollowerState] INFO  server.RaftServerConfigKeys (ConfUtils.java:logGet(62)) - raft.server.rpc.first-election.timeout.min = 1000ms (custom)
2025-09-28 08:46:02,343 [c2d163a0-0ec6-4601-8a26-ab579a1805eb@group-DCC0CF80AC7A-FollowerState] INFO  server.RaftServerConfigKeys (ConfUtils.java:logGet(62)) - raft.server.rpc.first-election.timeout.max = 1200ms (custom)
2025-09-28 08:46:02,344 [c2d163a0-0ec6-4601-8a26-ab579a1805eb-impl-thread1] INFO  util.JmxRegister (JmxRegister.java:tryRegister(44)) - Successfully registered JMX Bean with object name Ratis:service=RaftServer,group=group-DCC0CF80AC7A,id=c2d163a0-0ec6-4601-8a26-ab579a1805eb
2025-09-28 08:46:02,344 [c2d163a0-0ec6-4601-8a26-ab579a1805eb-impl-thread1] INFO  util.JmxRegister (JmxRegister.java:register(58)) - register mxBean class org.apache.ratis.server.impl.RaftServerJmxAdapter as Ratis:service=RaftServer,group=group-DCC0CF80AC7A,id=c2d163a0-0ec6-4601-8a26-ab579a1805eb
2025-09-28 08:46:02,346 [c2d163a0-0ec6-4601-8a26-ab579a1805eb-impl-thread1] INFO  server.RaftServerConfigKeys (ConfUtils.java:logGet(62)) - raft.server.snapshot.trigger-when-stop.enabled = true (default)
2025-09-28 08:46:02,347 [c2d163a0-0ec6-4601-8a26-ab579a1805eb-impl-thread1] INFO  server.RaftServerConfigKeys (ConfUtils.java:logGet(62)) - raft.server.snapshot.trigger-when-remove.enabled = true (default)
2025-09-28 08:46:02,347 [c2d163a0-0ec6-4601-8a26-ab579a1805eb-impl-thread1] INFO  server.RaftServerConfigKeys (ConfUtils.java:logGet(62)) - raft.server.snapshot.auto.trigger.enabled = true (custom)
2025-09-28 08:46:02,347 [c2d163a0-0ec6-4601-8a26-ab579a1805eb-impl-thread1] INFO  server.RaftServerConfigKeys (ConfUtils.java:logGet(62)) - raft.server.snapshot.auto.trigger.threshold = 1000 (custom)
2025-09-28 08:46:02,348 [c2d163a0-0ec6-4601-8a26-ab579a1805eb-impl-thread1] INFO  server.RaftServerConfigKeys (ConfUtils.java:logGet(62)) - raft.server.snapshot.retention.file.num = -1 (default)
2025-09-28 08:46:02,348 [c2d163a0-0ec6-4601-8a26-ab579a1805eb-impl-thread1] INFO  server.RaftServerConfigKeys (ConfUtils.java:logGet(62)) - raft.server.log.purge.upto.snapshot.index = false (default)
2025-09-28 08:46:02,351 [c2d163a0-0ec6-4601-8a26-ab579a1805eb-impl-thread1] INFO  server.RaftServer$Division (RaftServerImpl.java:start(419)) - c2d163a0-0ec6-4601-8a26-ab579a1805eb@group-DCC0CF80AC7A: Successfully started.
2025-09-28 08:46:02,351 [ForkJoinPool-1-worker-1] INFO  server.RaftServer (RaftServerProxy.java:startImpl(412)) - c2d163a0-0ec6-4601-8a26-ab579a1805eb: start RPC server
2025-09-28 08:46:02,383 [ForkJoinPool-1-worker-1] INFO  server.GrpcServicesImpl (GrpcServicesImpl.java:startImpl(346)) - c2d163a0-0ec6-4601-8a26-ab579a1805eb: GrpcServicesImpl started, listening on 15004
2025-09-28 08:46:02,384 [JvmPauseMonitor0] INFO  util.JvmPauseMonitor (JvmPauseMonitor.java:run(146)) - JvmPauseMonitor-c2d163a0-0ec6-4601-8a26-ab579a1805eb: Started
2025-09-28 08:46:03,496 [c2d163a0-0ec6-4601-8a26-ab579a1805eb@group-DCC0CF80AC7A-FollowerState] INFO  impl.FollowerState (FollowerState.java:runImpl(161)) - c2d163a0-0ec6-4601-8a26-ab579a1805eb@group-DCC0CF80AC7A-FollowerState: change to CANDIDATE, lastRpcElapsedTime:1154381783ns, electionTimeout:1151ms
2025-09-28 08:46:03,496 [c2d163a0-0ec6-4601-8a26-ab579a1805eb@group-DCC0CF80AC7A-FollowerState] INFO  impl.RoleInfo (RoleInfo.java:shutdownFollowerState(121)) - c2d163a0-0ec6-4601-8a26-ab579a1805eb: shutdown c2d163a0-0ec6-4601-8a26-ab579a1805eb@group-DCC0CF80AC7A-FollowerState
2025-09-28 08:46:03,497 [c2d163a0-0ec6-4601-8a26-ab579a1805eb@group-DCC0CF80AC7A-FollowerState] INFO  server.RaftServer$Division (RaftServerImpl.java:setRole(392)) - c2d163a0-0ec6-4601-8a26-ab579a1805eb@group-DCC0CF80AC7A: changes role from  FOLLOWER to CANDIDATE at term 0 for changeToCandidate
2025-09-28 08:46:03,499 [c2d163a0-0ec6-4601-8a26-ab579a1805eb@group-DCC0CF80AC7A-FollowerState] INFO  server.RaftServerConfigKeys (ConfUtils.java:logGet(62)) - raft.server.leaderelection.pre-vote = true (default)
2025-09-28 08:46:03,500 [c2d163a0-0ec6-4601-8a26-ab579a1805eb@group-DCC0CF80AC7A-FollowerState] INFO  impl.RoleInfo (RoleInfo.java:updateAndGet(148)) - c2d163a0-0ec6-4601-8a26-ab579a1805eb: start c2d163a0-0ec6-4601-8a26-ab579a1805eb@group-DCC0CF80AC7A-LeaderElection1
2025-09-28 08:46:03,503 [c2d163a0-0ec6-4601-8a26-ab579a1805eb@group-DCC0CF80AC7A-LeaderElection1] INFO  impl.LeaderElection (LeaderElection.java:askForVotes(448)) - c2d163a0-0ec6-4601-8a26-ab579a1805eb@group-DCC0CF80AC7A-LeaderElection1 PRE_VOTE round 0: submit vote requests at term 0 for conf: {index: -1, cur=peers:[c2d163a0-0ec6-4601-8a26-ab579a1805eb|localhost:15004]|listeners:[], old=null}
2025-09-28 08:46:03,504 [c2d163a0-0ec6-4601-8a26-ab579a1805eb@group-DCC0CF80AC7A-LeaderElection1] INFO  impl.LeaderElection (LeaderElection.java:askForVotes(450)) - c2d163a0-0ec6-4601-8a26-ab579a1805eb@group-DCC0CF80AC7A-LeaderElection1 PRE_VOTE round 0: result PASSED (term=0)
2025-09-28 08:46:03,507 [c2d163a0-0ec6-4601-8a26-ab579a1805eb@group-DCC0CF80AC7A-LeaderElection1] INFO  impl.LeaderElection (LeaderElection.java:askForVotes(448)) - c2d163a0-0ec6-4601-8a26-ab579a1805eb@group-DCC0CF80AC7A-LeaderElection1 ELECTION round 0: submit vote requests at term 1 for conf: {index: -1, cur=peers:[c2d163a0-0ec6-4601-8a26-ab579a1805eb|localhost:15004]|listeners:[], old=null}
2025-09-28 08:46:03,507 [c2d163a0-0ec6-4601-8a26-ab579a1805eb@group-DCC0CF80AC7A-LeaderElection1] INFO  impl.LeaderElection (LeaderElection.java:askForVotes(450)) - c2d163a0-0ec6-4601-8a26-ab579a1805eb@group-DCC0CF80AC7A-LeaderElection1 ELECTION round 0: result PASSED (term=1)
2025-09-28 08:46:03,507 [c2d163a0-0ec6-4601-8a26-ab579a1805eb@group-DCC0CF80AC7A-LeaderElection1] INFO  impl.RoleInfo (RoleInfo.java:shutdownLeaderElection(141)) - c2d163a0-0ec6-4601-8a26-ab579a1805eb: shutdown c2d163a0-0ec6-4601-8a26-ab579a1805eb@group-DCC0CF80AC7A-LeaderElection1
2025-09-28 08:46:03,508 [c2d163a0-0ec6-4601-8a26-ab579a1805eb@group-DCC0CF80AC7A-LeaderElection1] INFO  server.RaftServer$Division (RaftServerImpl.java:setRole(392)) - c2d163a0-0ec6-4601-8a26-ab579a1805eb@group-DCC0CF80AC7A: changes role from CANDIDATE to LEADER at term 1 for changeToLeader
2025-09-28 08:46:03,511 [c2d163a0-0ec6-4601-8a26-ab579a1805eb@group-DCC0CF80AC7A-LeaderElection1] INFO  server.RaftServerConfigKeys (ConfUtils.java:logGet(62)) - raft.server.staging.catchup.gap = 1000 (default)
2025-09-28 08:46:03,512 [c2d163a0-0ec6-4601-8a26-ab579a1805eb@group-DCC0CF80AC7A-LeaderElection1] INFO  server.RaftServerConfigKeys (ConfUtils.java:logFallback(69)) - raft.server.staging.timeout = 15600ms (fallback to raft.server.rpc.timeout.max)
2025-09-28 08:46:03,514 [c2d163a0-0ec6-4601-8a26-ab579a1805eb@group-DCC0CF80AC7A-LeaderElection1] INFO  server.RaftServerConfigKeys (ConfUtils.java:logGet(62)) - raft.server.write.element-limit = 4096 (default)
2025-09-28 08:46:03,514 [c2d163a0-0ec6-4601-8a26-ab579a1805eb@group-DCC0CF80AC7A-LeaderElection1] INFO  server.RaftServerConfigKeys (ConfUtils.java:logGet(62)) - raft.server.write.byte-limit = 64MB (=67108864) (default)
2025-09-28 08:46:03,517 [c2d163a0-0ec6-4601-8a26-ab579a1805eb@group-DCC0CF80AC7A-LeaderElection1] INFO  server.RaftServerConfigKeys (ConfUtils.java:logGet(62)) - raft.server.watch.timeout = 10s (default)
2025-09-28 08:46:03,517 [c2d163a0-0ec6-4601-8a26-ab579a1805eb@group-DCC0CF80AC7A-LeaderElection1] INFO  server.RaftServerConfigKeys (ConfUtils.java:logGet(62)) - raft.server.watch.timeout.denomination = 1s (default)
2025-09-28 08:46:03,518 [c2d163a0-0ec6-4601-8a26-ab579a1805eb@group-DCC0CF80AC7A-LeaderElection1] INFO  server.RaftServerConfigKeys (ConfUtils.java:logGet(62)) - raft.server.watch.element-limit = 65536 (default)
2025-09-28 08:46:03,522 [c2d163a0-0ec6-4601-8a26-ab579a1805eb@group-DCC0CF80AC7A-LeaderElection1] INFO  server.RaftServerConfigKeys (ConfUtils.java:logGet(62)) - raft.server.read.leader.lease.enabled = false (default)
2025-09-28 08:46:03,524 [c2d163a0-0ec6-4601-8a26-ab579a1805eb@group-DCC0CF80AC7A-LeaderElection1] INFO  server.RaftServerConfigKeys (ConfUtils.java:logGet(62)) - raft.server.read.leader.lease.timeout.ratio = 0.9 (default)
2025-09-28 08:46:03,525 [c2d163a0-0ec6-4601-8a26-ab579a1805eb@group-DCC0CF80AC7A-LeaderElection1] INFO  server.RaftServerConfigKeys (ConfUtils.java:logGet(62)) - raft.server.log.log-metadata.enabled = false (custom)
2025-09-28 08:46:03,525 [c2d163a0-0ec6-4601-8a26-ab579a1805eb@group-DCC0CF80AC7A-LeaderElection1] INFO  server.RaftServerConfigKeys (ConfUtils.java:logGet(62)) - raft.server.write.follower.gap.ratio.max = -1.0 (default)
2025-09-28 08:46:03,527 [c2d163a0-0ec6-4601-8a26-ab579a1805eb@group-DCC0CF80AC7A-LeaderElection1] INFO  impl.RoleInfo (RoleInfo.java:updateAndGet(148)) - c2d163a0-0ec6-4601-8a26-ab579a1805eb: start c2d163a0-0ec6-4601-8a26-ab579a1805eb@group-DCC0CF80AC7A-LeaderStateImpl
2025-09-28 08:46:03,527 [c2d163a0-0ec6-4601-8a26-ab579a1805eb@group-DCC0CF80AC7A-LeaderElection1] INFO  server.RaftServer$Division (RaftServerImpl.java:setFirstElection(576)) - c2d163a0-0ec6-4601-8a26-ab579a1805eb@group-DCC0CF80AC7A: set firstElectionSinceStartup to false for becomeLeader
2025-09-28 08:46:03,527 [c2d163a0-0ec6-4601-8a26-ab579a1805eb@group-DCC0CF80AC7A-LeaderElection1] INFO  server.RaftServer$Division (ServerState.java:setLeader(272)) - c2d163a0-0ec6-4601-8a26-ab579a1805eb@group-DCC0CF80AC7A: change Leader from null to c2d163a0-0ec6-4601-8a26-ab579a1805eb at term 1 for becomeLeader, leader elected after 1373ms
2025-09-28 08:46:03,541 [c2d163a0-0ec6-4601-8a26-ab579a1805eb@group-DCC0CF80AC7A-LeaderElection1] INFO  segmented.SegmentedRaftLogWorker (SegmentedRaftLogWorker.java:startLogSegment(440)) - c2d163a0-0ec6-4601-8a26-ab579a1805eb@group-DCC0CF80AC7A-SegmentedRaftLogWorker: Starting segment from index:0
2025-09-28 08:46:03,556 [c2d163a0-0ec6-4601-8a26-ab579a1805eb@group-DCC0CF80AC7A-LeaderElection1] INFO  server.RaftServer$Division (ServerState.java:setRaftConf(386)) - c2d163a0-0ec6-4601-8a26-ab579a1805eb@group-DCC0CF80AC7A: set configuration conf: {index: 0, cur=peers:[c2d163a0-0ec6-4601-8a26-ab579a1805eb|localhost:15004]|listeners:[], old=null}
2025-09-28 08:46:03,557 [c2d163a0-0ec6-4601-8a26-ab579a1805eb@group-DCC0CF80AC7A-SegmentedRaftLogWorker] INFO  segmented.BufferedWriteChannel (BufferedWriteChannel.java:open(61)) - open log_inprogress_0 at position 0
2025-09-28 08:46:03,562 [c2d163a0-0ec6-4601-8a26-ab579a1805eb@group-DCC0CF80AC7A-SegmentedRaftLogWorker] INFO  segmented.SegmentedRaftLogWorker (SegmentedRaftLogWorker.java:execute(647)) - c2d163a0-0ec6-4601-8a26-ab579a1805eb@group-DCC0CF80AC7A-SegmentedRaftLogWorker: created new log segment /home/runner/work/ozone/ozone/hadoop-ozone/integration-test/target/test-dir/MiniOzoneClusterImpl-6c2de427-7485-43c3-b878-dcc0cf80ac7a/scm/ratis/6c2de427-7485-43c3-b878-dcc0cf80ac7a/current/log_inprogress_0
2025-09-28 08:46:03,570 [c2d163a0-0ec6-4601-8a26-ab579a1805eb@group-DCC0CF80AC7A-StateMachineUpdater] INFO  server.RaftServer$Division (LeaderStateImpl.java:checkStartIndex(309)) - Leader c2d163a0-0ec6-4601-8a26-ab579a1805eb@group-DCC0CF80AC7A-LeaderStateImpl is ready since appliedIndex == startIndex == 0
2025-09-28 08:46:04,385 [ForkJoinPool-1-worker-1] INFO  server.RaftServer (RaftServerProxy.java:lambda$close$9(422)) - c2d163a0-0ec6-4601-8a26-ab579a1805eb: close
2025-09-28 08:46:04,387 [c2d163a0-0ec6-4601-8a26-ab579a1805eb-impl-thread1] INFO  server.RaftServer$Division (RaftServerImpl.java:lambda$close$1(527)) - c2d163a0-0ec6-4601-8a26-ab579a1805eb@group-DCC0CF80AC7A: shutdown
2025-09-28 08:46:04,387 [ForkJoinPool-1-worker-1] INFO  server.GrpcServicesImpl (GrpcServicesImpl.java:closeImpl(355)) - c2d163a0-0ec6-4601-8a26-ab579a1805eb: shutdown server GrpcServerProtocolService now
2025-09-28 08:46:04,387 [c2d163a0-0ec6-4601-8a26-ab579a1805eb-impl-thread1] INFO  util.JmxRegister (JmxRegister.java:unregister(74)) - Successfully un-registered JMX Bean with object name Ratis:service=RaftServer,group=group-DCC0CF80AC7A,id=c2d163a0-0ec6-4601-8a26-ab579a1805eb
2025-09-28 08:46:04,388 [c2d163a0-0ec6-4601-8a26-ab579a1805eb-impl-thread1] INFO  impl.RoleInfo (RoleInfo.java:shutdownLeaderState(103)) - c2d163a0-0ec6-4601-8a26-ab579a1805eb: shutdown c2d163a0-0ec6-4601-8a26-ab579a1805eb@group-DCC0CF80AC7A-LeaderStateImpl
2025-09-28 08:46:04,392 [c2d163a0-0ec6-4601-8a26-ab579a1805eb-impl-thread1] INFO  impl.PendingRequests (PendingRequests.java:sendNotLeaderResponses(287)) - c2d163a0-0ec6-4601-8a26-ab579a1805eb@group-DCC0CF80AC7A-PendingRequests: sendNotLeaderResponses
2025-09-28 08:46:04,394 [c2d163a0-0ec6-4601-8a26-ab579a1805eb-impl-thread1] INFO  impl.StateMachineUpdater (StateMachineUpdater.java:stopAndJoin(163)) - c2d163a0-0ec6-4601-8a26-ab579a1805eb@group-DCC0CF80AC7A-StateMachineUpdater: set stopIndex = 0
2025-09-28 08:46:04,394 [ForkJoinPool-1-worker-1] INFO  server.GrpcServicesImpl (GrpcServicesImpl.java:closeImpl(364)) - c2d163a0-0ec6-4601-8a26-ab579a1805eb: shutdown server GrpcServerProtocolService successfully
2025-09-28 08:46:04,395 [c2d163a0-0ec6-4601-8a26-ab579a1805eb@group-DCC0CF80AC7A-StateMachineUpdater] INFO  impl.StateMachineUpdater (StateMachineUpdater.java:takeSnapshot(307)) - c2d163a0-0ec6-4601-8a26-ab579a1805eb@group-DCC0CF80AC7A-StateMachineUpdater: Took a snapshot at index 0
2025-09-28 08:46:04,395 [c2d163a0-0ec6-4601-8a26-ab579a1805eb@group-DCC0CF80AC7A-StateMachineUpdater] INFO  impl.StateMachineUpdater (StateMachineUpdater.java:lambda$new$0(101)) - c2d163a0-0ec6-4601-8a26-ab579a1805eb@group-DCC0CF80AC7A-StateMachineUpdater: snapshotIndex: updateIncreasingly -1 -> 0
2025-09-28 08:46:04,397 [c2d163a0-0ec6-4601-8a26-ab579a1805eb@group-DCC0CF80AC7A-StateMachineUpdater] INFO  impl.StateMachineUpdater (StateMachineUpdater.java:stop(140)) - c2d163a0-0ec6-4601-8a26-ab579a1805eb@group-DCC0CF80AC7A-StateMachineUpdater: closing SCMStateMachine, lastApplied=(t:1, i:0)
2025-09-28 08:46:04,397 [c2d163a0-0ec6-4601-8a26-ab579a1805eb@group-DCC0CF80AC7A-cacheEviction-AwaitToRun] INFO  util.AwaitToRun (AwaitToRun.java:run(49)) - c2d163a0-0ec6-4601-8a26-ab579a1805eb@group-DCC0CF80AC7A-cacheEviction-AwaitToRun-AwaitForSignal is interrupted
2025-09-28 08:46:04,567 [c2d163a0-0ec6-4601-8a26-ab579a1805eb-impl-thread1] INFO  segmented.SegmentedRaftLogWorker (SegmentedRaftLogWorker.java:close(254)) - c2d163a0-0ec6-4601-8a26-ab579a1805eb@group-DCC0CF80AC7A-SegmentedRaftLogWorker close()
2025-09-28 08:46:04,573 [JvmPauseMonitor0] INFO  util.JvmPauseMonitor (JvmPauseMonitor.java:run(152)) - JvmPauseMonitor-c2d163a0-0ec6-4601-8a26-ab579a1805eb: Stopped
2025-09-28 08:46:04,603 [ForkJoinPool-1-worker-1] INFO  ha.SCMHANodeDetails (SCMHANodeDetails.java:loadSCMHAConfig(162)) - ServiceID for StorageContainerManager is null
2025-09-28 08:46:04,603 [ForkJoinPool-1-worker-1] INFO  ha.SCMHANodeDetails (SCMHANodeDetails.java:loadSCMHAConfig(166)) - ozone.scm.default.service.id is not defined, falling back to ozone.scm.service.ids to find serviceID for StorageContainerManager if it is HA enabled cluster
2025-09-28 08:46:05,242 [ForkJoinPool-1-worker-1] INFO  net.NodeSchemaLoader (NodeSchemaLoader.java:loadSchemaFromFile(128)) - Loading schema from [jar:file:/home/runner/work/ozone/ozone/hadoop-hdds/common/target/hdds-common-2.1.0-SNAPSHOT.jar!/network-topology-default.xml]
2025-09-28 08:46:05,244 [ForkJoinPool-1-worker-1] INFO  net.NodeSchemaLoader (NodeSchemaLoader.java:loadSchema(175)) - Loading network topology layer schema file
2025-09-28 08:46:05,346 [ForkJoinPool-1-worker-1] INFO  ha.SCMRatisServerImpl (SCMRatisServerImpl.java:<init>(100)) - starting Raft server for scm:c2d163a0-0ec6-4601-8a26-ab579a1805eb
2025-09-28 08:46:05,349 [ForkJoinPool-1-worker-1] INFO  server.RaftServerConfigKeys (ConfUtils.java:logGet(62)) - raft.server.log.appender.buffer.byte-limit = 4194304 (custom)
2025-09-28 08:46:05,352 [ForkJoinPool-1-worker-1] INFO  grpc.GrpcConfigKeys (ConfUtils.java:logFallback(69)) - raft.grpc.admin.host = null (fallback to raft.grpc.server.host)
2025-09-28 08:46:05,352 [ForkJoinPool-1-worker-1] INFO  grpc.GrpcConfigKeys (ConfUtils.java:logFallback(69)) - raft.grpc.admin.port = 15004 (fallback to raft.grpc.server.port)
2025-09-28 08:46:05,352 [ForkJoinPool-1-worker-1] INFO  grpc.GrpcConfigKeys (ConfUtils.java:logFallback(69)) - raft.grpc.client.host = null (fallback to raft.grpc.server.host)
2025-09-28 08:46:05,353 [ForkJoinPool-1-worker-1] INFO  grpc.GrpcConfigKeys (ConfUtils.java:logFallback(69)) - raft.grpc.client.port = 15004 (fallback to raft.grpc.server.port)
2025-09-28 08:46:05,353 [ForkJoinPool-1-worker-1] INFO  server.GrpcServicesImpl (ConfUtils.java:logGet(62)) - raft.grpc.message.size.max = 5242880 (custom)
2025-09-28 08:46:05,353 [ForkJoinPool-1-worker-1] INFO  server.RaftServerConfigKeys (ConfUtils.java:logGet(62)) - raft.server.log.appender.buffer.byte-limit = 4194304 (custom)
2025-09-28 08:46:05,355 [c2d163a0-0ec6-4601-8a26-ab579a1805eb-impl-thread1] INFO  server.RaftServer (RaftServerProxy.java:initGroupDir(270)) - c2d163a0-0ec6-4601-8a26-ab579a1805eb: found a subdirectory /home/runner/work/ozone/ozone/hadoop-ozone/integration-test/target/test-dir/MiniOzoneClusterImpl-6c2de427-7485-43c3-b878-dcc0cf80ac7a/scm/ratis/6c2de427-7485-43c3-b878-dcc0cf80ac7a
2025-09-28 08:46:05,356 [ForkJoinPool-1-worker-1] INFO  server.RaftServer (RaftServerProxy.java:addNew(105)) - c2d163a0-0ec6-4601-8a26-ab579a1805eb: addNew group-DCC0CF80AC7A:[] returns group-DCC0CF80AC7A:java.util.concurrent.CompletableFuture@4d277c9d[Not completed]
2025-09-28 08:46:05,359 [c2d163a0-0ec6-4601-8a26-ab579a1805eb-groupManagement] INFO  server.RaftServer$Division (RaftServerImpl.java:<init>(268)) - c2d163a0-0ec6-4601-8a26-ab579a1805eb: new RaftServerImpl for group-DCC0CF80AC7A:[] with SCMStateMachine:uninitialized
2025-09-28 08:46:05,359 [c2d163a0-0ec6-4601-8a26-ab579a1805eb-groupManagement] INFO  server.RaftServer$Division (ServerState.java:<init>(114)) - c2d163a0-0ec6-4601-8a26-ab579a1805eb@group-DCC0CF80AC7A: ConfigurationManager, init=conf: {index: -1, cur=peers:[]|listeners:[], old=null}, confs=<EMPTY_MAP>
2025-09-28 08:46:05,368 [ForkJoinPool-1-worker-1] INFO  ha.SCMSnapshotProvider (SCMSnapshotProvider.java:<init>(61)) - Initializing SCM Snapshot Provider
2025-09-28 08:46:05,392 [ForkJoinPool-1-worker-1] INFO  upgrade.AbstractLayoutVersionManager (AbstractLayoutVersionManager.java:init(80)) - Initializing Layout version manager with metadata layout = WITNESSED_CONTAINER_DB_PROTO_VALUE (version = 9), software layout = WITNESSED_CONTAINER_DB_PROTO_VALUE (version = 9)
2025-09-28 08:46:05,423 [ForkJoinPool-1-worker-1] INFO  ha.SequenceIdGenerator (SequenceIdGenerator.java:upgradeToSequenceId(353)) - upgrade localId to 115816896921600000
2025-09-28 08:46:05,424 [ForkJoinPool-1-worker-1] INFO  ha.SequenceIdGenerator (SequenceIdGenerator.java:upgradeToSequenceId(363)) - upgrade delTxnId to 0
2025-09-28 08:46:05,435 [ForkJoinPool-1-worker-1] INFO  ha.SequenceIdGenerator (SequenceIdGenerator.java:upgradeToSequenceId(379)) - upgrade containerId to 0
2025-09-28 08:46:05,438 [ForkJoinPool-1-worker-1] INFO  ha.SequenceIdGenerator (SequenceIdGenerator.java:upgradeToCertificateSequenceId(414)) - upgrade CertificateId to 2
2025-09-28 08:46:05,440 [ForkJoinPool-1-worker-1] INFO  ha.SequenceIdGenerator (SequenceIdGenerator.java:<init>(231)) - Init the HA SequenceIdGenerator.
2025-09-28 08:46:05,494 [ForkJoinPool-1-worker-1] INFO  node.SCMNodeManager (SCMNodeManager.java:<init>(180)) - Entering startup safe mode.
2025-09-28 08:46:05,507 [ForkJoinPool-1-worker-1] INFO  algorithms.ContainerPlacementPolicyFactory (ContainerPlacementPolicyFactory.java:getPolicyInternal(83)) - Create container placement policy of type org.apache.hadoop.hdds.scm.container.placement.algorithms.SCMContainerPlacementRackAware
2025-09-28 08:46:05,512 [ForkJoinPool-1-worker-1] INFO  algorithms.ContainerPlacementPolicyFactory (ContainerPlacementPolicyFactory.java:getPolicyInternal(83)) - Create container placement policy of type org.apache.hadoop.hdds.scm.container.placement.algorithms.SCMContainerPlacementRackScatter
2025-09-28 08:46:05,520 [ForkJoinPool-1-worker-1] INFO  pipeline.PipelineStateManagerImpl (PipelineStateManagerImpl.java:initialize(75)) - No pipeline exists in current db
2025-09-28 08:46:05,534 [ForkJoinPool-1-worker-1] INFO  algorithms.LeaderChoosePolicyFactory (LeaderChoosePolicyFactory.java:getPolicy(55)) - Create leader choose policy of type org.apache.hadoop.hdds.scm.pipeline.leader.choose.algorithms.MinLeaderCountChoosePolicy
2025-09-28 08:46:05,535 [ForkJoinPool-1-worker-1] INFO  algorithms.ContainerPlacementPolicyFactory (ContainerPlacementPolicyFactory.java:getPolicyInternal(83)) - Create container placement policy of type org.apache.hadoop.hdds.scm.container.placement.algorithms.SCMContainerPlacementRackScatter
2025-09-28 08:46:05,542 [ForkJoinPool-1-worker-1] INFO  ha.SCMServiceManager (SCMServiceManager.java:register(42)) - Registering service BackgroundPipelineCreator.
2025-09-28 08:46:05,543 [ForkJoinPool-1-worker-1] INFO  pipeline.BackgroundPipelineCreator (BackgroundPipelineCreator.java:start(126)) - Starting RatisPipelineUtilsThread.
2025-09-28 08:46:05,545 [ForkJoinPool-1-worker-1] INFO  BackgroundPipelineScrubber (BackgroundSCMService.java:start(64)) - Starting BackgroundPipelineScrubber Service.
2025-09-28 08:46:05,546 [ForkJoinPool-1-worker-1] INFO  ha.SCMServiceManager (SCMServiceManager.java:register(42)) - Registering service BackgroundPipelineScrubber.
2025-09-28 08:46:05,554 [ForkJoinPool-1-worker-1] INFO  ExpiredContainerReplicaOpScrubber (BackgroundSCMService.java:start(64)) - Starting ExpiredContainerReplicaOpScrubber Service.
2025-09-28 08:46:05,555 [ForkJoinPool-1-worker-1] INFO  ha.SCMServiceManager (SCMServiceManager.java:register(42)) - Registering service ExpiredContainerReplicaOpScrubber.
2025-09-28 08:46:05,581 [ForkJoinPool-1-worker-1] INFO  algorithms.PipelineChoosePolicyFactory (PipelineChoosePolicyFactory.java:createPipelineChoosePolicyFromClass(78)) - Create pipeline choose policy of type org.apache.hadoop.hdds.scm.pipeline.choose.algorithms.RandomPipelineChoosePolicy
2025-09-28 08:46:05,582 [ForkJoinPool-1-worker-1] INFO  algorithms.PipelineChoosePolicyFactory (PipelineChoosePolicyFactory.java:createPipelineChoosePolicyFromClass(78)) - Create pipeline choose policy of type org.apache.hadoop.hdds.scm.pipeline.choose.algorithms.RandomPipelineChoosePolicy
2025-09-28 08:46:05,612 [ForkJoinPool-1-worker-1] INFO  ha.SCMServiceManager (SCMServiceManager.java:register(42)) - Registering service SCMBlockDeletingService.
2025-09-28 08:46:05,670 [ForkJoinPool-1-worker-1] INFO  replication.ReplicationManager (ReplicationManager.java:start(287)) - Starting Replication Monitor Thread.
2025-09-28 08:46:05,672 [ForkJoinPool-1-worker-1] INFO  ha.SCMServiceManager (SCMServiceManager.java:register(42)) - Registering service ReplicationManager.
2025-09-28 08:46:05,682 [ForkJoinPool-1-worker-1] INFO  safemode.RatisContainerSafeModeRule (RatisContainerSafeModeRule.java:initializeRule(160)) - Refreshed Containers with one replica threshold count 0.
2025-09-28 08:46:05,684 [ForkJoinPool-1-worker-1] INFO  safemode.ECContainerSafeModeRule (ECContainerSafeModeRule.java:initializeRule(204)) - Refreshed Containers with ec n replica threshold count 0.
2025-09-28 08:46:05,689 [ForkJoinPool-1-worker-1] INFO  safemode.HealthyPipelineSafeModeRule (HealthyPipelineSafeModeRule.java:initializeRule(232)) - Total pipeline count is 0, healthy pipeline threshold count is 1
2025-09-28 08:46:05,691 [ForkJoinPool-1-worker-1] INFO  safemode.OneReplicaPipelineSafeModeRule (OneReplicaPipelineSafeModeRule.java:initializeRule(190)) - Total pipeline count is 0, pipeline's with at least one datanode reported threshold count is 0
2025-09-28 08:46:05,747 [ForkJoinPool-1-worker-1] INFO  server.StorageContainerManager (StorageContainerManager.java:<init>(432)) - SCM start with adminUsers: [admin, runner]
2025-09-28 08:46:05,995 [ForkJoinPool-1-worker-1] INFO  audit.AuditLogger (AuditLogger.java:refreshDebugCmdSet(133)) - Refresh DebugCmdSet for SCMAudit to [].
2025-09-28 08:46:06,018 [ForkJoinPool-1-worker-1] INFO  ipc.CallQueueManager (CallQueueManager.java:<init>(93)) - Using callQueue: class java.util.concurrent.LinkedBlockingQueue, queueCapacity: 10000, scheduler: class org.apache.hadoop.ipc.DefaultRpcScheduler, ipcBackoff: false, ipcFailOver: false.
2025-09-28 08:46:06,045 [ForkJoinPool-1-worker-1] INFO  ipc.Server (Server.java:<init>(1438)) - Listener at 0.0.0.0:15002
2025-09-28 08:46:06,046 [Socket Reader #1 for port 15002] INFO  ipc.Server (Server.java:run(1474)) - Starting Socket Reader #1 for port 15002
2025-09-28 08:46:06,046 [Socket Reader #3 for port 15002] INFO  ipc.Server (Server.java:run(1474)) - Starting Socket Reader #3 for port 15002
2025-09-28 08:46:06,047 [Socket Reader #4 for port 15002] INFO  ipc.Server (Server.java:run(1474)) - Starting Socket Reader #4 for port 15002
2025-09-28 08:46:06,046 [Socket Reader #2 for port 15002] INFO  ipc.Server (Server.java:run(1474)) - Starting Socket Reader #2 for port 15002
2025-09-28 08:46:06,047 [Socket Reader #5 for port 15002] INFO  ipc.Server (Server.java:run(1474)) - Starting Socket Reader #5 for port 15002
2025-09-28 08:46:06,049 [Socket Reader #7 for port 15002] INFO  ipc.Server (Server.java:run(1474)) - Starting Socket Reader #7 for port 15002
2025-09-28 08:46:06,048 [Socket Reader #6 for port 15002] INFO  ipc.Server (Server.java:run(1474)) - Starting Socket Reader #6 for port 15002
2025-09-28 08:46:06,049 [Socket Reader #8 for port 15002] INFO  ipc.Server (Server.java:run(1474)) - Starting Socket Reader #8 for port 15002
2025-09-28 08:46:06,050 [Socket Reader #9 for port 15002] INFO  ipc.Server (Server.java:run(1474)) - Starting Socket Reader #9 for port 15002
2025-09-28 08:46:06,052 [Socket Reader #10 for port 15002] INFO  ipc.Server (Server.java:run(1474)) - Starting Socket Reader #10 for port 15002
2025-09-28 08:46:06,097 [ForkJoinPool-1-worker-1] INFO  audit.AuditLogger (AuditLogger.java:refreshDebugCmdSet(133)) - Refresh DebugCmdSet for SCMAudit to [].
2025-09-28 08:46:06,103 [ForkJoinPool-1-worker-1] INFO  ipc.CallQueueManager (CallQueueManager.java:<init>(93)) - Using callQueue: class java.util.concurrent.LinkedBlockingQueue, queueCapacity: 10000, scheduler: class org.apache.hadoop.ipc.DefaultRpcScheduler, ipcBackoff: false, ipcFailOver: false.
2025-09-28 08:46:06,104 [ForkJoinPool-1-worker-1] INFO  ipc.Server (Server.java:<init>(1438)) - Listener at 0.0.0.0:15001
2025-09-28 08:46:06,104 [Socket Reader #1 for port 15001] INFO  ipc.Server (Server.java:run(1474)) - Starting Socket Reader #1 for port 15001
2025-09-28 08:46:06,105 [Socket Reader #2 for port 15001] INFO  ipc.Server (Server.java:run(1474)) - Starting Socket Reader #2 for port 15001
2025-09-28 08:46:06,105 [Socket Reader #3 for port 15001] INFO  ipc.Server (Server.java:run(1474)) - Starting Socket Reader #3 for port 15001
2025-09-28 08:46:06,106 [Socket Reader #5 for port 15001] INFO  ipc.Server (Server.java:run(1474)) - Starting Socket Reader #5 for port 15001
2025-09-28 08:46:06,106 [Socket Reader #4 for port 15001] INFO  ipc.Server (Server.java:run(1474)) - Starting Socket Reader #4 for port 15001
2025-09-28 08:46:06,106 [Socket Reader #6 for port 15001] INFO  ipc.Server (Server.java:run(1474)) - Starting Socket Reader #6 for port 15001
2025-09-28 08:46:06,107 [Socket Reader #7 for port 15001] INFO  ipc.Server (Server.java:run(1474)) - Starting Socket Reader #7 for port 15001
2025-09-28 08:46:06,108 [Socket Reader #8 for port 15001] INFO  ipc.Server (Server.java:run(1474)) - Starting Socket Reader #8 for port 15001
2025-09-28 08:46:06,108 [Socket Reader #9 for port 15001] INFO  ipc.Server (Server.java:run(1474)) - Starting Socket Reader #9 for port 15001
2025-09-28 08:46:06,108 [Socket Reader #10 for port 15001] INFO  ipc.Server (Server.java:run(1474)) - Starting Socket Reader #10 for port 15001
2025-09-28 08:46:06,143 [ForkJoinPool-1-worker-1] INFO  audit.AuditLogger (AuditLogger.java:refreshDebugCmdSet(133)) - Refresh DebugCmdSet for SCMAudit to [].
2025-09-28 08:46:06,154 [ForkJoinPool-1-worker-1] INFO  ipc.CallQueueManager (CallQueueManager.java:<init>(93)) - Using callQueue: class java.util.concurrent.LinkedBlockingQueue, queueCapacity: 10000, scheduler: class org.apache.hadoop.ipc.DefaultRpcScheduler, ipcBackoff: false, ipcFailOver: false.
2025-09-28 08:46:06,154 [ForkJoinPool-1-worker-1] INFO  ipc.Server (Server.java:<init>(1438)) - Listener at 0.0.0.0:15000
2025-09-28 08:46:06,155 [Socket Reader #1 for port 15000] INFO  ipc.Server (Server.java:run(1474)) - Starting Socket Reader #1 for port 15000
2025-09-28 08:46:06,155 [Socket Reader #2 for port 15000] INFO  ipc.Server (Server.java:run(1474)) - Starting Socket Reader #2 for port 15000
2025-09-28 08:46:06,156 [Socket Reader #3 for port 15000] INFO  ipc.Server (Server.java:run(1474)) - Starting Socket Reader #3 for port 15000
2025-09-28 08:46:06,156 [Socket Reader #4 for port 15000] INFO  ipc.Server (Server.java:run(1474)) - Starting Socket Reader #4 for port 15000
2025-09-28 08:46:06,156 [Socket Reader #5 for port 15000] INFO  ipc.Server (Server.java:run(1474)) - Starting Socket Reader #5 for port 15000
2025-09-28 08:46:06,158 [Socket Reader #6 for port 15000] INFO  ipc.Server (Server.java:run(1474)) - Starting Socket Reader #6 for port 15000
2025-09-28 08:46:06,158 [Socket Reader #7 for port 15000] INFO  ipc.Server (Server.java:run(1474)) - Starting Socket Reader #7 for port 15000
2025-09-28 08:46:06,169 [Socket Reader #9 for port 15000] INFO  ipc.Server (Server.java:run(1474)) - Starting Socket Reader #9 for port 15000
2025-09-28 08:46:06,170 [Socket Reader #10 for port 15000] INFO  ipc.Server (Server.java:run(1474)) - Starting Socket Reader #10 for port 15000
2025-09-28 08:46:06,170 [Socket Reader #8 for port 15000] INFO  ipc.Server (Server.java:run(1474)) - Starting Socket Reader #8 for port 15000
2025-09-28 08:46:06,222 [ForkJoinPool-1-worker-1] INFO  ha.SCMServiceManager (SCMServiceManager.java:register(42)) - Registering service ContainerBalancer.
2025-09-28 08:46:06,222 [ForkJoinPool-1-worker-1] INFO  ha.SCMContext (SCMContext.java:updateSafeModeStatus(224)) - Update SafeModeStatus from SafeModeStatus{safeModeStatus=true, preCheckPassed=false} to SafeModeStatus{safeModeStatus=true, preCheckPassed=false}.
2025-09-28 08:46:06,232 [ForkJoinPool-1-worker-1] INFO  server.StorageContainerManager (StorageContainerManager.java:start(1515)) - StorageContainerLocationProtocol RPC server is listening at /0.0.0.0:15000
2025-09-28 08:46:06,233 [ForkJoinPool-1-worker-1] INFO  ha.SCMRatisServerImpl (SCMRatisServerImpl.java:start(203)) - starting ratis server 0.0.0.0:15004
2025-09-28 08:46:06,235 [c2d163a0-0ec6-4601-8a26-ab579a1805eb-impl-thread1] INFO  storage.RaftStorageDirectory (RaftStorageDirectoryImpl.java:tryLock(229)) - Lock on /home/runner/work/ozone/ozone/hadoop-ozone/integration-test/target/test-dir/MiniOzoneClusterImpl-6c2de427-7485-43c3-b878-dcc0cf80ac7a/scm/ratis/6c2de427-7485-43c3-b878-dcc0cf80ac7a/in_use.lock acquired by nodename 129489@localhost
2025-09-28 08:46:06,237 [c2d163a0-0ec6-4601-8a26-ab579a1805eb-impl-thread1] INFO  storage.RaftStorage (RaftStorageImpl.java:analyzeAndRecoverStorage(118)) - Read RaftStorageMetadata{term=1, votedFor=c2d163a0-0ec6-4601-8a26-ab579a1805eb} from /home/runner/work/ozone/ozone/hadoop-ozone/integration-test/target/test-dir/MiniOzoneClusterImpl-6c2de427-7485-43c3-b878-dcc0cf80ac7a/scm/ratis/6c2de427-7485-43c3-b878-dcc0cf80ac7a/current/raft-meta
2025-09-28 08:46:06,239 [c2d163a0-0ec6-4601-8a26-ab579a1805eb-impl-thread1] INFO  server.RaftServer$Division (ServerState.java:setRaftConf(386)) - c2d163a0-0ec6-4601-8a26-ab579a1805eb@group-DCC0CF80AC7A: set configuration conf: {index: 0, cur=peers:[c2d163a0-0ec6-4601-8a26-ab579a1805eb|localhost:15004]|listeners:[], old=null}
2025-09-28 08:46:06,240 [c2d163a0-0ec6-4601-8a26-ab579a1805eb-impl-thread1] INFO  ha.SCMStateMachine (SCMStateMachine.java:lambda$initialize$0(135)) - c2d163a0-0ec6-4601-8a26-ab579a1805eb: initialize group-DCC0CF80AC7A
2025-09-28 08:46:06,240 [c2d163a0-0ec6-4601-8a26-ab579a1805eb-impl-thread1] INFO  server.RaftServerConfigKeys (ConfUtils.java:logGet(62)) - raft.server.log.appender.buffer.byte-limit = 4194304 (custom)
2025-09-28 08:46:06,242 [c2d163a0-0ec6-4601-8a26-ab579a1805eb-impl-thread1] INFO  server.RaftServerConfigKeys (ConfUtils.java:logGet(62)) - raft.server.log.segment.size.max = 67108864 (custom)
2025-09-28 08:46:06,243 [c2d163a0-0ec6-4601-8a26-ab579a1805eb-impl-thread1] INFO  server.RaftServerConfigKeys (ConfUtils.java:logGet(62)) - raft.server.log.appender.buffer.byte-limit = 4194304 (custom)
2025-09-28 08:46:06,243 [c2d163a0-0ec6-4601-8a26-ab579a1805eb-impl-thread1] INFO  util.AwaitToRun (AwaitToRun.java:start(81)) - Thread[#114,c2d163a0-0ec6-4601-8a26-ab579a1805eb@group-DCC0CF80AC7A-cacheEviction-AwaitToRun,5,main] started
2025-09-28 08:46:06,243 [c2d163a0-0ec6-4601-8a26-ab579a1805eb-impl-thread1] INFO  segmented.SegmentedRaftLogWorker (SegmentedRaftLogWorker.java:<init>(190)) - new c2d163a0-0ec6-4601-8a26-ab579a1805eb@group-DCC0CF80AC7A-SegmentedRaftLogWorker for RaftStorageImpl:Storage Directory /home/runner/work/ozone/ozone/hadoop-ozone/integration-test/target/test-dir/MiniOzoneClusterImpl-6c2de427-7485-43c3-b878-dcc0cf80ac7a/scm/ratis/6c2de427-7485-43c3-b878-dcc0cf80ac7a
2025-09-28 08:46:06,244 [c2d163a0-0ec6-4601-8a26-ab579a1805eb-impl-thread1] INFO  server.RaftServerConfigKeys (ConfUtils.java:logGet(62)) - raft.server.log.segment.size.max = 67108864 (custom)
2025-09-28 08:46:06,244 [c2d163a0-0ec6-4601-8a26-ab579a1805eb-impl-thread1] INFO  server.RaftServerConfigKeys (ConfUtils.java:logGet(62)) - raft.server.log.preallocated.size = 4194304 (custom)
2025-09-28 08:46:06,244 [c2d163a0-0ec6-4601-8a26-ab579a1805eb-impl-thread1] INFO  server.RaftServerConfigKeys (ConfUtils.java:logGet(62)) - raft.server.log.write.buffer.size = 4194312 (custom)
2025-09-28 08:46:06,246 [c2d163a0-0ec6-4601-8a26-ab579a1805eb-impl-thread1] INFO  server.RaftServerConfigKeys (ConfUtils.java:logGet(62)) - raft.server.log.appender.buffer.byte-limit = 4194304 (custom)
2025-09-28 08:46:06,251 [c2d163a0-0ec6-4601-8a26-ab579a1805eb-impl-thread1] INFO  server.RaftServer$Division (ServerState.java:setRaftConf(386)) - c2d163a0-0ec6-4601-8a26-ab579a1805eb@group-DCC0CF80AC7A: set configuration conf: {index: 0, cur=peers:[c2d163a0-0ec6-4601-8a26-ab579a1805eb|localhost:15004]|listeners:[], old=null}
2025-09-28 08:46:06,252 [c2d163a0-0ec6-4601-8a26-ab579a1805eb-impl-thread1] INFO  segmented.LogSegment (LogSegment.java:loadSegment(171)) - Successfully read 1 entries from segment file /home/runner/work/ozone/ozone/hadoop-ozone/integration-test/target/test-dir/MiniOzoneClusterImpl-6c2de427-7485-43c3-b878-dcc0cf80ac7a/scm/ratis/6c2de427-7485-43c3-b878-dcc0cf80ac7a/current/log_inprogress_0
2025-09-28 08:46:06,253 [c2d163a0-0ec6-4601-8a26-ab579a1805eb-impl-thread1] INFO  segmented.SegmentedRaftLogWorker (SegmentedRaftLogWorker.java:lambda$new$0(141)) - c2d163a0-0ec6-4601-8a26-ab579a1805eb@group-DCC0CF80AC7A-SegmentedRaftLogWorker: safeCacheEvictIndex: setUnconditionally 0 -> -1
2025-09-28 08:46:06,253 [c2d163a0-0ec6-4601-8a26-ab579a1805eb-impl-thread1] INFO  segmented.BufferedWriteChannel (BufferedWriteChannel.java:open(61)) - open log_inprogress_0 (append) at position 76
2025-09-28 08:46:06,254 [c2d163a0-0ec6-4601-8a26-ab579a1805eb-impl-thread1] INFO  server.RaftServer$Division (RaftServerImpl.java:start(405)) - c2d163a0-0ec6-4601-8a26-ab579a1805eb@group-DCC0CF80AC7A: start as a follower, conf=conf: {index: 0, cur=peers:[c2d163a0-0ec6-4601-8a26-ab579a1805eb|localhost:15004]|listeners:[], old=null}
2025-09-28 08:46:06,254 [c2d163a0-0ec6-4601-8a26-ab579a1805eb-impl-thread1] INFO  server.RaftServer$Division (RaftServerImpl.java:setRole(392)) - c2d163a0-0ec6-4601-8a26-ab579a1805eb@group-DCC0CF80AC7A: changes role from      null to FOLLOWER at term 1 for startAsFollower
2025-09-28 08:46:06,254 [c2d163a0-0ec6-4601-8a26-ab579a1805eb-impl-thread1] INFO  impl.RoleInfo (RoleInfo.java:updateAndGet(148)) - c2d163a0-0ec6-4601-8a26-ab579a1805eb: start c2d163a0-0ec6-4601-8a26-ab579a1805eb@group-DCC0CF80AC7A-FollowerState
2025-09-28 08:46:06,256 [c2d163a0-0ec6-4601-8a26-ab579a1805eb-impl-thread1] INFO  util.JmxRegister (JmxRegister.java:tryRegister(44)) - Successfully registered JMX Bean with object name Ratis:service=RaftServer,group=group-DCC0CF80AC7A,id=c2d163a0-0ec6-4601-8a26-ab579a1805eb
2025-09-28 08:46:06,256 [c2d163a0-0ec6-4601-8a26-ab579a1805eb-impl-thread1] INFO  util.JmxRegister (JmxRegister.java:register(58)) - register mxBean class org.apache.ratis.server.impl.RaftServerJmxAdapter as Ratis:service=RaftServer,group=group-DCC0CF80AC7A,id=c2d163a0-0ec6-4601-8a26-ab579a1805eb
2025-09-28 08:46:06,258 [c2d163a0-0ec6-4601-8a26-ab579a1805eb-impl-thread1] INFO  server.RaftServer$Division (RaftServerImpl.java:start(419)) - c2d163a0-0ec6-4601-8a26-ab579a1805eb@group-DCC0CF80AC7A: Successfully started.
2025-09-28 08:46:06,258 [ForkJoinPool-1-worker-1] INFO  server.RaftServer (RaftServerProxy.java:startImpl(412)) - c2d163a0-0ec6-4601-8a26-ab579a1805eb: start RPC server
2025-09-28 08:46:06,259 [ForkJoinPool-1-worker-1] INFO  server.GrpcServicesImpl (GrpcServicesImpl.java:startImpl(346)) - c2d163a0-0ec6-4601-8a26-ab579a1805eb: GrpcServicesImpl started, listening on 15004
2025-09-28 08:46:06,261 [JvmPauseMonitor1] INFO  util.JvmPauseMonitor (JvmPauseMonitor.java:run(146)) - JvmPauseMonitor-c2d163a0-0ec6-4601-8a26-ab579a1805eb: Started
2025-09-28 08:46:06,268 [ForkJoinPool-1-worker-1] INFO  ha.SCMHAManagerImpl (SCMHAManagerImpl.java:start(131)) -  scm role is FOLLOWER peers [c2d163a0-0ec6-4601-8a26-ab579a1805eb|localhost:15004]
2025-09-28 08:46:06,268 [ForkJoinPool-1-worker-1] INFO  ha.InterSCMGrpcService (InterSCMGrpcProtocolService.java:start(98)) - Starting SCM Grpc Service at port 15005
2025-09-28 08:46:06,269 [ForkJoinPool-1-worker-1] INFO  SCMHATransactionMonitor (BackgroundSCMService.java:start(64)) - Starting SCMHATransactionMonitor Service.
2025-09-28 08:46:06,270 [ForkJoinPool-1-worker-1] INFO  ha.SCMServiceManager (SCMServiceManager.java:register(42)) - Registering service SCMHATransactionMonitor.
2025-09-28 08:46:06,270 [ForkJoinPool-1-worker-1] INFO  SCMHATransactionMonitor (BackgroundSCMService.java:start(61)) - SCMHATransactionMonitor Service is already running, skip start.
2025-09-28 08:46:06,312 [ForkJoinPool-1-worker-1] WARN  impl.MetricsConfig (MetricsConfig.java:loadFirst(138)) - Cannot locate configuration: tried hadoop-metrics2-storagecontainermanager.properties,hadoop-metrics2.properties
2025-09-28 08:46:06,321 [ForkJoinPool-1-worker-1] INFO  impl.MetricsSystemImpl (MetricsSystemImpl.java:startTimer(378)) - Scheduled Metric snapshot period at 10 second(s).
2025-09-28 08:46:06,321 [ForkJoinPool-1-worker-1] INFO  impl.MetricsSystemImpl (MetricsSystemImpl.java:start(191)) - StorageContainerManager metrics system started
2025-09-28 08:46:06,448 [ForkJoinPool-1-worker-1] INFO  server.SCMClientProtocolServer (SCMClientProtocolServer.java:start(208)) - RPC server for Client  is listening at /0.0.0.0:15000
2025-09-28 08:46:06,449 [IPC Server Responder] INFO  ipc.Server (Server.java:run(1713)) - IPC Server Responder: starting
2025-09-28 08:46:06,450 [IPC Server listener on 15000] INFO  ipc.Server (Server.java:run(1553)) - IPC Server listener on 15000: starting
2025-09-28 08:46:06,462 [ForkJoinPool-1-worker-1] INFO  server.StorageContainerManager (StorageContainerManager.java:start(1528)) - ScmBlockLocationProtocol RPC server is listening at /0.0.0.0:15001
2025-09-28 08:46:06,463 [ForkJoinPool-1-worker-1] INFO  server.SCMBlockProtocolServer (SCMBlockProtocolServer.java:start(166)) - RPC server for Block Protocol is listening at /0.0.0.0:15001
2025-09-28 08:46:06,463 [IPC Server Responder] INFO  ipc.Server (Server.java:run(1713)) - IPC Server Responder: starting
2025-09-28 08:46:06,463 [IPC Server listener on 15001] INFO  ipc.Server (Server.java:run(1553)) - IPC Server listener on 15001: starting
2025-09-28 08:46:06,475 [ForkJoinPool-1-worker-1] INFO  utils.BackgroundService (BackgroundService.java:start(119)) - Starting service SCMBlockDeletingService with interval 60000 milliseconds
2025-09-28 08:46:06,489 [ForkJoinPool-1-worker-1] INFO  http.BaseHttpServer (BaseHttpServer.java:newHttpServer2BuilderForOzone(227)) - Starting Web-server for scm at: http://0.0.0.0:15003
2025-09-28 08:46:06,489 [ForkJoinPool-1-worker-1] INFO  http.BaseHttpServer (BaseHttpServer.java:<init>(105)) - Hadoop Security Enabled: false Ozone Security Enabled: false Ozone HTTP Security Enabled: false 
2025-09-28 08:46:06,510 [ForkJoinPool-1-worker-1] INFO  util.log (Log.java:initialized(170)) - Logging initialized @6323ms to org.eclipse.jetty.util.log.Slf4jLog
2025-09-28 08:46:06,586 [ForkJoinPool-1-worker-1] WARN  server.AuthenticationFilter (AuthenticationFilter.java:constructSecretProvider(240)) - Unable to initialize FileSignerSecretProvider, falling back to use random secrets. Reason: Could not read signature secret file: /home/runner/hadoop-http-auth-signature-secret
2025-09-28 08:46:06,609 [ForkJoinPool-1-worker-1] INFO  http.HttpServer2 (HttpServer2.java:addGlobalFilter(1041)) - Added global filter 'safety' (class=org.apache.hadoop.hdds.server.http.HttpServer2$QuotingInputFilter)
2025-09-28 08:46:06,612 [ForkJoinPool-1-worker-1] INFO  http.HttpServer2 (HttpServer2.java:addFilter(1017)) - Added filter static_user_filter (class=org.apache.hadoop.http.lib.StaticUserWebFilter$StaticUserFilter) to context scm
2025-09-28 08:46:06,613 [ForkJoinPool-1-worker-1] INFO  http.HttpServer2 (HttpServer2.java:addFilter(1025)) - Added filter static_user_filter (class=org.apache.hadoop.http.lib.StaticUserWebFilter$StaticUserFilter) to context static
2025-09-28 08:46:06,613 [ForkJoinPool-1-worker-1] INFO  http.HttpServer2 (HttpServer2.java:addFilter(1025)) - Added filter static_user_filter (class=org.apache.hadoop.http.lib.StaticUserWebFilter$StaticUserFilter) to context logs
2025-09-28 08:46:06,635 [ForkJoinPool-1-worker-1] INFO  http.BaseHttpServer (BaseHttpServer.java:<init>(193)) - HTTP server of scm uses base directory /home/runner/work/ozone/ozone/hadoop-ozone/integration-test/target/test-dir/MiniOzoneClusterImpl-6c2de427-7485-43c3-b878-dcc0cf80ac7a/scm/ozone-metadata/webserver
2025-09-28 08:46:06,636 [ForkJoinPool-1-worker-1] INFO  http.HttpServer2 (HttpServer2.java:bindListener(1241)) - Jetty bound to port 15003
2025-09-28 08:46:06,637 [ForkJoinPool-1-worker-1] INFO  server.Server (Server.java:doStart(375)) - jetty-9.4.58.v20250814; built: 2025-08-14T02:28:49.637Z; git: 8f1440587e9e4ae7db3d74cf205643f3d707148d; jvm 21.0.8+9-LTS
2025-09-28 08:46:06,654 [ForkJoinPool-1-worker-1] INFO  server.session (DefaultSessionIdManager.java:doStart(334)) - DefaultSessionIdManager workerName=node0
2025-09-28 08:46:06,654 [ForkJoinPool-1-worker-1] INFO  server.session (DefaultSessionIdManager.java:doStart(339)) - No SessionScavenger set, using defaults
2025-09-28 08:46:06,655 [ForkJoinPool-1-worker-1] INFO  server.session (HouseKeeper.java:startScavenging(132)) - node0 Scavenging every 600000ms
2025-09-28 08:46:06,661 [ForkJoinPool-1-worker-1] INFO  handler.ContextHandler (ContextHandler.java:doStart(921)) - Started o.e.j.s.ServletContextHandler@25f529f1{logs,/logs,file:///home/runner/work/ozone/ozone/hadoop-ozone/integration-test/target/log,AVAILABLE}
2025-09-28 08:46:06,662 [ForkJoinPool-1-worker-1] INFO  handler.ContextHandler (ContextHandler.java:doStart(921)) - Started o.e.j.s.ServletContextHandler@4b837220{static,/static,file:///home/runner/work/ozone/ozone/hadoop-ozone/integration-test/target/test-classes/webapps/static,AVAILABLE}
2025-09-28 08:46:06,699 [ForkJoinPool-1-worker-1] INFO  handler.ContextHandler (ContextHandler.java:doStart(921)) - Started o.e.j.w.WebAppContext@383b9712{scm,/,file:///home/runner/work/ozone/ozone/hadoop-ozone/integration-test/target/test-classes/webapps/scm/,AVAILABLE}{file:/home/runner/work/ozone/ozone/hadoop-ozone/integration-test/target/test-classes/webapps/scm}
2025-09-28 08:46:06,704 [ForkJoinPool-1-worker-1] INFO  server.AbstractConnector (AbstractConnector.java:doStart(333)) - Started ServerConnector@5f9efcbc{HTTP/1.1, (http/1.1)}{0.0.0.0:15003}
2025-09-28 08:46:06,704 [ForkJoinPool-1-worker-1] INFO  server.Server (Server.java:doStart(415)) - Started @6517ms
2025-09-28 08:46:06,706 [ForkJoinPool-1-worker-1] INFO  impl.MetricsSinkAdapter (MetricsSinkAdapter.java:start(204)) - Sink prometheus started
2025-09-28 08:46:06,706 [ForkJoinPool-1-worker-1] INFO  impl.MetricsSystemImpl (MetricsSystemImpl.java:registerSink(305)) - Registered sink prometheus
2025-09-28 08:46:06,707 [ForkJoinPool-1-worker-1] INFO  http.BaseHttpServer (BaseHttpServer.java:updateConnectorAddress(357)) - HTTP server of scm listening at http://localhost:15003
2025-09-28 08:46:06,763 [ForkJoinPool-1-worker-1] INFO  audit.AuditLogger (AuditLogger.java:refreshDebugCmdSet(133)) - Refresh DebugCmdSet for OMAudit to [].
2025-09-28 08:46:06,779 [ForkJoinPool-1-worker-1] INFO  audit.AuditLogger (AuditLogger.java:refreshDebugCmdSet(133)) - Refresh DebugCmdSet for OMSystemAudit to [].
2025-09-28 08:46:06,815 [ForkJoinPool-1-worker-1] INFO  ha.OMHANodeDetails (OMHANodeDetails.java:loadOMHAConfig(114)) - ozone.om.internal.service.id is not defined, falling back to ozone.om.service.ids to find serviceID for OzoneManager if it is HA enabled cluster
2025-09-28 08:46:06,817 [ForkJoinPool-1-worker-1] INFO  ha.OMHANodeDetails (OMHANodeDetails.java:loadOMHAConfig(228)) - Configuration does not have ozone.om.address set. Falling back to the default OM address /127.0.0.1:15006
2025-09-28 08:46:06,818 [ForkJoinPool-1-worker-1] INFO  ha.OMHANodeDetails (OMHANodeDetails.java:getOMNodeDetailsForNonHA(262)) - OM Service ID is not set. Setting it to the default ID: omServiceIdDefault
2025-09-28 08:46:06,818 [ForkJoinPool-1-worker-1] INFO  ha.OMHANodeDetails (OMHANodeDetails.java:getOMNodeDetailsForNonHA(269)) - OM Node ID is not set. Setting it to the default ID: om1
2025-09-28 08:46:06,824 [ForkJoinPool-1-worker-1] INFO  upgrade.AbstractLayoutVersionManager (AbstractLayoutVersionManager.java:init(80)) - Initializing Layout version manager with metadata layout = DELEGATION_TOKEN_SYMMETRIC_SIGN (version = 8), software layout = DELEGATION_TOKEN_SYMMETRIC_SIGN (version = 8)
2025-09-28 08:46:06,918 [ForkJoinPool-1-worker-1] INFO  reflections.Reflections (Reflections.java:scan(219)) - Reflections took 92 ms to scan 2 urls, producing 217 keys and 636 values
2025-09-28 08:46:06,922 [ForkJoinPool-1-worker-1] INFO  upgrade.OMLayoutVersionManager (OMLayoutVersionManager.java:lambda$0(110)) - Skipping Upgrade Action QuotaRepairUpgradeAction since it has been finalized.
2025-09-28 08:46:06,923 [ForkJoinPool-1-worker-1] INFO  upgrade.OMLayoutVersionManager (OMLayoutVersionManager.java:lambda$0(110)) - Skipping Upgrade Action MockOmUpgradeAction since it has been finalized.
2025-09-28 08:46:06,929 [ForkJoinPool-1-worker-1] INFO  om.OzoneManager (OzoneManager.java:setReplicationFromConfig(4650)) - Set default replication in OM: RATIS/3 -> RATIS/THREE
2025-09-28 08:46:06,934 [ForkJoinPool-1-worker-1] INFO  proxy.SCMContainerLocationFailoverProxyProvider (SCMFailoverProxyProviderBase.java:<init>(120)) - Created fail-over proxy for protocol StorageContainerLocationProtocolPB with 1 nodes: [nodeId=scmNodeId,nodeAddress=/0.0.0.0:15000]
2025-09-28 08:46:06,977 [ForkJoinPool-1-worker-1] INFO  proxy.SCMBlockLocationFailoverProxyProvider (SCMFailoverProxyProviderBase.java:<init>(120)) - Created fail-over proxy for protocol ScmBlockLocationProtocolPB with 1 nodes: [nodeId=scmNodeId,nodeAddress=/0.0.0.0:15001]
2025-09-28 08:46:06,991 [ForkJoinPool-1-worker-1] INFO  proxy.SCMBlockLocationFailoverProxyProvider (SCMFailoverProxyProviderBase.java:<init>(120)) - Created fail-over proxy for protocol ScmBlockLocationProtocolPB with 1 nodes: [nodeId=scmNodeId,nodeAddress=/0.0.0.0:15001]
2025-09-28 08:46:07,293 [c2d163a0-0ec6-4601-8a26-ab579a1805eb@group-DCC0CF80AC7A-FollowerState] INFO  impl.FollowerState (FollowerState.java:runImpl(161)) - c2d163a0-0ec6-4601-8a26-ab579a1805eb@group-DCC0CF80AC7A-FollowerState: change to CANDIDATE, lastRpcElapsedTime:1039358174ns, electionTimeout:1038ms
2025-09-28 08:46:07,294 [c2d163a0-0ec6-4601-8a26-ab579a1805eb@group-DCC0CF80AC7A-FollowerState] INFO  impl.RoleInfo (RoleInfo.java:shutdownFollowerState(121)) - c2d163a0-0ec6-4601-8a26-ab579a1805eb: shutdown c2d163a0-0ec6-4601-8a26-ab579a1805eb@group-DCC0CF80AC7A-FollowerState
2025-09-28 08:46:07,294 [c2d163a0-0ec6-4601-8a26-ab579a1805eb@group-DCC0CF80AC7A-FollowerState] INFO  server.RaftServer$Division (RaftServerImpl.java:setRole(392)) - c2d163a0-0ec6-4601-8a26-ab579a1805eb@group-DCC0CF80AC7A: changes role from  FOLLOWER to CANDIDATE at term 1 for changeToCandidate
2025-09-28 08:46:07,295 [c2d163a0-0ec6-4601-8a26-ab579a1805eb@group-DCC0CF80AC7A-FollowerState] INFO  impl.RoleInfo (RoleInfo.java:updateAndGet(148)) - c2d163a0-0ec6-4601-8a26-ab579a1805eb: start c2d163a0-0ec6-4601-8a26-ab579a1805eb@group-DCC0CF80AC7A-LeaderElection2
2025-09-28 08:46:07,295 [c2d163a0-0ec6-4601-8a26-ab579a1805eb@group-DCC0CF80AC7A-LeaderElection2] INFO  impl.LeaderElection (LeaderElection.java:askForVotes(448)) - c2d163a0-0ec6-4601-8a26-ab579a1805eb@group-DCC0CF80AC7A-LeaderElection2 PRE_VOTE round 0: submit vote requests at term 1 for conf: {index: 0, cur=peers:[c2d163a0-0ec6-4601-8a26-ab579a1805eb|localhost:15004]|listeners:[], old=null}
2025-09-28 08:46:07,295 [c2d163a0-0ec6-4601-8a26-ab579a1805eb@group-DCC0CF80AC7A-LeaderElection2] INFO  impl.LeaderElection (LeaderElection.java:askForVotes(450)) - c2d163a0-0ec6-4601-8a26-ab579a1805eb@group-DCC0CF80AC7A-LeaderElection2 PRE_VOTE round 0: result PASSED (term=1)
2025-09-28 08:46:07,297 [c2d163a0-0ec6-4601-8a26-ab579a1805eb@group-DCC0CF80AC7A-LeaderElection2] INFO  impl.LeaderElection (LeaderElection.java:askForVotes(448)) - c2d163a0-0ec6-4601-8a26-ab579a1805eb@group-DCC0CF80AC7A-LeaderElection2 ELECTION round 0: submit vote requests at term 2 for conf: {index: 0, cur=peers:[c2d163a0-0ec6-4601-8a26-ab579a1805eb|localhost:15004]|listeners:[], old=null}
2025-09-28 08:46:07,297 [c2d163a0-0ec6-4601-8a26-ab579a1805eb@group-DCC0CF80AC7A-LeaderElection2] INFO  impl.LeaderElection (LeaderElection.java:askForVotes(450)) - c2d163a0-0ec6-4601-8a26-ab579a1805eb@group-DCC0CF80AC7A-LeaderElection2 ELECTION round 0: result PASSED (term=2)
2025-09-28 08:46:07,298 [c2d163a0-0ec6-4601-8a26-ab579a1805eb@group-DCC0CF80AC7A-LeaderElection2] INFO  impl.RoleInfo (RoleInfo.java:shutdownLeaderElection(141)) - c2d163a0-0ec6-4601-8a26-ab579a1805eb: shutdown c2d163a0-0ec6-4601-8a26-ab579a1805eb@group-DCC0CF80AC7A-LeaderElection2
2025-09-28 08:46:07,298 [c2d163a0-0ec6-4601-8a26-ab579a1805eb@group-DCC0CF80AC7A-LeaderElection2] INFO  server.RaftServer$Division (RaftServerImpl.java:setRole(392)) - c2d163a0-0ec6-4601-8a26-ab579a1805eb@group-DCC0CF80AC7A: changes role from CANDIDATE to LEADER at term 2 for changeToLeader
2025-09-28 08:46:07,298 [c2d163a0-0ec6-4601-8a26-ab579a1805eb@group-DCC0CF80AC7A-LeaderElection2] INFO  server.RaftServerConfigKeys (ConfUtils.java:logFallback(69)) - raft.server.staging.timeout = 15600ms (fallback to raft.server.rpc.timeout.max)
2025-09-28 08:46:07,299 [c2d163a0-0ec6-4601-8a26-ab579a1805eb@group-DCC0CF80AC7A-LeaderElection2] INFO  impl.RoleInfo (RoleInfo.java:updateAndGet(148)) - c2d163a0-0ec6-4601-8a26-ab579a1805eb: start c2d163a0-0ec6-4601-8a26-ab579a1805eb@group-DCC0CF80AC7A-LeaderStateImpl
2025-09-28 08:46:07,299 [c2d163a0-0ec6-4601-8a26-ab579a1805eb@group-DCC0CF80AC7A-LeaderElection2] INFO  server.RaftServer$Division (RaftServerImpl.java:setFirstElection(576)) - c2d163a0-0ec6-4601-8a26-ab579a1805eb@group-DCC0CF80AC7A: set firstElectionSinceStartup to false for becomeLeader
2025-09-28 08:46:07,299 [c2d163a0-0ec6-4601-8a26-ab579a1805eb@group-DCC0CF80AC7A-LeaderElection2] INFO  ha.SCMStateMachine (SCMStateMachine.java:notifyLeaderChanged(293)) - current SCM becomes leader of term 2.
2025-09-28 08:46:07,300 [c2d163a0-0ec6-4601-8a26-ab579a1805eb@group-DCC0CF80AC7A-LeaderElection2] INFO  ha.SCMContext (SCMContext.java:updateLeaderAndTerm(95)) - update <isLeader,term> from <false,0> to <true,2>
2025-09-28 08:46:07,302 [c2d163a0-0ec6-4601-8a26-ab579a1805eb@group-DCC0CF80AC7A-LeaderElection2] INFO  server.RaftServer$Division (ServerState.java:setLeader(272)) - c2d163a0-0ec6-4601-8a26-ab579a1805eb@group-DCC0CF80AC7A: change Leader from null to c2d163a0-0ec6-4601-8a26-ab579a1805eb at term 2 for becomeLeader, leader elected after 1940ms
2025-09-28 08:46:07,302 [c2d163a0-0ec6-4601-8a26-ab579a1805eb@group-DCC0CF80AC7A-LeaderElection2] INFO  segmented.SegmentedRaftLogWorker (SegmentedRaftLogWorker.java:rollLogSegment(445)) - c2d163a0-0ec6-4601-8a26-ab579a1805eb@group-DCC0CF80AC7A-SegmentedRaftLogWorker: Rolling segment log-0_0 to index:0
2025-09-28 08:46:07,303 [c2d163a0-0ec6-4601-8a26-ab579a1805eb@group-DCC0CF80AC7A-LeaderElection2] INFO  server.RaftServer$Division (ServerState.java:setRaftConf(386)) - c2d163a0-0ec6-4601-8a26-ab579a1805eb@group-DCC0CF80AC7A: set configuration conf: {index: 1, cur=peers:[c2d163a0-0ec6-4601-8a26-ab579a1805eb|localhost:15004]|listeners:[], old=null}
2025-09-28 08:46:07,303 [c2d163a0-0ec6-4601-8a26-ab579a1805eb@group-DCC0CF80AC7A-SegmentedRaftLogWorker] INFO  segmented.SegmentedRaftLogWorker (SegmentedRaftLogWorker.java:execute(604)) - c2d163a0-0ec6-4601-8a26-ab579a1805eb@group-DCC0CF80AC7A-SegmentedRaftLogWorker: Rolled log segment from /home/runner/work/ozone/ozone/hadoop-ozone/integration-test/target/test-dir/MiniOzoneClusterImpl-6c2de427-7485-43c3-b878-dcc0cf80ac7a/scm/ratis/6c2de427-7485-43c3-b878-dcc0cf80ac7a/current/log_inprogress_0 to /home/runner/work/ozone/ozone/hadoop-ozone/integration-test/target/test-dir/MiniOzoneClusterImpl-6c2de427-7485-43c3-b878-dcc0cf80ac7a/scm/ratis/6c2de427-7485-43c3-b878-dcc0cf80ac7a/current/log_0-0
2025-09-28 08:46:07,305 [c2d163a0-0ec6-4601-8a26-ab579a1805eb@group-DCC0CF80AC7A-SegmentedRaftLogWorker] INFO  segmented.BufferedWriteChannel (BufferedWriteChannel.java:open(61)) - open log_inprogress_1 at position 0
2025-09-28 08:46:07,309 [c2d163a0-0ec6-4601-8a26-ab579a1805eb@group-DCC0CF80AC7A-SegmentedRaftLogWorker] INFO  segmented.SegmentedRaftLogWorker (SegmentedRaftLogWorker.java:execute(647)) - c2d163a0-0ec6-4601-8a26-ab579a1805eb@group-DCC0CF80AC7A-SegmentedRaftLogWorker: created new log segment /home/runner/work/ozone/ozone/hadoop-ozone/integration-test/target/test-dir/MiniOzoneClusterImpl-6c2de427-7485-43c3-b878-dcc0cf80ac7a/scm/ratis/6c2de427-7485-43c3-b878-dcc0cf80ac7a/current/log_inprogress_1
2025-09-28 08:46:07,312 [c2d163a0-0ec6-4601-8a26-ab579a1805eb@group-DCC0CF80AC7A-StateMachineUpdater] INFO  server.RaftServer$Division (LeaderStateImpl.java:checkStartIndex(309)) - Leader c2d163a0-0ec6-4601-8a26-ab579a1805eb@group-DCC0CF80AC7A-LeaderStateImpl is ready since appliedIndex == startIndex == 1
2025-09-28 08:46:07,313 [c2d163a0-0ec6-4601-8a26-ab579a1805eb@group-DCC0CF80AC7A-StateMachineUpdater] INFO  ha.SCMContext (SCMContext.java:setLeaderReady(122)) - update <isLeaderReady> from <false> to <true>
2025-09-28 08:46:07,313 [c2d163a0-0ec6-4601-8a26-ab579a1805eb@group-DCC0CF80AC7A-StateMachineUpdater] INFO  pipeline.BackgroundPipelineCreator (BackgroundPipelineCreator.java:notifyStatusChanged(268)) - Service BackgroundPipelineCreator transitions to RUNNING.
2025-09-28 08:46:07,314 [c2d163a0-0ec6-4601-8a26-ab579a1805eb@group-DCC0CF80AC7A-StateMachineUpdater] INFO  safemode.RatisContainerSafeModeRule (RatisContainerSafeModeRule.java:initializeRule(160)) - Refreshed Containers with one replica threshold count 0.
2025-09-28 08:46:07,314 [c2d163a0-0ec6-4601-8a26-ab579a1805eb@group-DCC0CF80AC7A-StateMachineUpdater] INFO  safemode.HealthyPipelineSafeModeRule (HealthyPipelineSafeModeRule.java:initializeRule(228)) - Refreshed total pipeline count is 0, healthy pipeline threshold count is 1
2025-09-28 08:46:07,314 [c2d163a0-0ec6-4601-8a26-ab579a1805eb@group-DCC0CF80AC7A-StateMachineUpdater] INFO  safemode.ECContainerSafeModeRule (ECContainerSafeModeRule.java:initializeRule(204)) - Refreshed Containers with ec n replica threshold count 0.
2025-09-28 08:46:07,314 [c2d163a0-0ec6-4601-8a26-ab579a1805eb@group-DCC0CF80AC7A-StateMachineUpdater] INFO  safemode.OneReplicaPipelineSafeModeRule (OneReplicaPipelineSafeModeRule.java:initializeRule(186)) - Refreshed Total pipeline count is 0, pipeline's with at least one datanode reported threshold count is 0
2025-09-28 08:46:07,314 [c2d163a0-0ec6-4601-8a26-ab579a1805eb@group-DCC0CF80AC7A-StateMachineUpdater] INFO  server.SCMDatanodeProtocolServer (SCMDatanodeProtocolServer.java:start(195)) - ScmDatanodeProtocol RPC server for DataNodes is listening at /0.0.0.0:15002
2025-09-28 08:46:07,315 [IPC Server Responder] INFO  ipc.Server (Server.java:run(1713)) - IPC Server Responder: starting
2025-09-28 08:46:07,315 [IPC Server listener on 15002] INFO  ipc.Server (Server.java:run(1553)) - IPC Server listener on 15002: starting
2025-09-28 08:46:09,177 [ForkJoinPool-1-worker-1] INFO  om.OzoneManager (OzoneManager.java:<init>(683)) - OM start with adminUsers: [admin, runner]
2025-09-28 08:46:09,311 [ForkJoinPool-1-worker-1] INFO  utils.NativeLibraryLoader (NativeLibraryLoader.java:loadLibrary(120)) - Loading Library: ozone_rocksdb_tools
2025-09-28 08:46:09,607 [ForkJoinPool-1-worker-1] INFO  om.OzoneManager (OzoneManager.java:instantiateServices(927)) - S3 Multi-Tenancy is disabled
2025-09-28 08:46:09,622 [ForkJoinPool-1-worker-1] INFO  acl.OzoneAuthorizerFactory (OzoneAuthorizerFactory.java:create(69)) - om1: Authorizer for OM is class org.apache.hadoop.ozone.security.acl.OzoneAccessAuthorizer
2025-09-28 08:46:09,645 [ForkJoinPool-1-worker-1] INFO  om.OmSnapshotManager (OmSnapshotManager.java:<init>(203)) - Ozone filesystem snapshot feature is enabled.
2025-09-28 08:46:09,688 [ForkJoinPool-1-worker-1] INFO  utils.BackgroundService (BackgroundService.java:start(119)) - Starting service SnapshotDiffCleanupService with interval 60000 milliseconds
2025-09-28 08:46:09,729 [ForkJoinPool-1-worker-1] INFO  om.OzoneManager (OzoneManager.java:addS3GVolumeToDB(4708)) - Created Volume s3v With Owner runner required for S3Gateway operations.
2025-09-28 08:46:09,795 [ForkJoinPool-1-worker-1] WARN  dropwizard3.Dm3MetricRegistriesImpl (Dm3MetricRegistriesImpl.java:addReporterRegistration(114)) - New reporters are added after registries were created. Some metrics will be missing from the reporter. Please add reporter before adding any new registry.
2025-09-28 08:46:09,795 [ForkJoinPool-1-worker-1] WARN  dropwizard3.Dm3MetricRegistriesImpl (Dm3MetricRegistriesImpl.java:addReporterRegistration(114)) - New reporters are added after registries were created. Some metrics will be missing from the reporter. Please add reporter before adding any new registry.
2025-09-28 08:46:09,796 [ForkJoinPool-1-worker-1] INFO  server.RaftServerConfigKeys (ConfUtils.java:logGet(62)) - raft.server.log.appender.buffer.byte-limit = 4194304 (custom)
2025-09-28 08:46:09,798 [ForkJoinPool-1-worker-1] INFO  ratis.OzoneManagerRatisServer (OzoneManagerRatisServer.java:<init>(169)) - Instantiating OM Ratis server with groupID: omServiceIdDefault and peers: localhost:15009
2025-09-28 08:46:09,802 [ForkJoinPool-1-worker-1] INFO  ratis.OzoneManagerStateMachine (OzoneManagerStateMachine.java:loadSnapshotInfoFromDB(628)) - TransactionInfo not found in OM DB.
2025-09-28 08:46:09,847 [ForkJoinPool-1-worker-1] INFO  grpc.GrpcConfigKeys (ConfUtils.java:logFallback(69)) - raft.grpc.admin.host = null (fallback to raft.grpc.server.host)
2025-09-28 08:46:09,847 [ForkJoinPool-1-worker-1] INFO  grpc.GrpcConfigKeys (ConfUtils.java:logFallback(69)) - raft.grpc.admin.port = 15009 (fallback to raft.grpc.server.port)
2025-09-28 08:46:09,847 [ForkJoinPool-1-worker-1] INFO  grpc.GrpcConfigKeys (ConfUtils.java:logFallback(69)) - raft.grpc.client.host = null (fallback to raft.grpc.server.host)
2025-09-28 08:46:09,848 [ForkJoinPool-1-worker-1] INFO  grpc.GrpcConfigKeys (ConfUtils.java:logFallback(69)) - raft.grpc.client.port = 15009 (fallback to raft.grpc.server.port)
2025-09-28 08:46:09,848 [ForkJoinPool-1-worker-1] INFO  grpc.GrpcConfigKeys (ConfUtils.java:logGet(62)) - raft.grpc.server.port = 15009 (custom)
2025-09-28 08:46:09,848 [ForkJoinPool-1-worker-1] INFO  server.GrpcServicesImpl (ConfUtils.java:logGet(62)) - raft.grpc.message.size.max = 5242880 (custom)
2025-09-28 08:46:09,848 [ForkJoinPool-1-worker-1] INFO  server.RaftServerConfigKeys (ConfUtils.java:logGet(62)) - raft.server.rpc.request.timeout = 3000ms (default)
2025-09-28 08:46:09,849 [ForkJoinPool-1-worker-1] INFO  server.RaftServerConfigKeys (ConfUtils.java:logGet(62)) - raft.server.log.appender.buffer.byte-limit = 4194304 (custom)
2025-09-28 08:46:09,850 [ForkJoinPool-1-worker-1] INFO  server.RaftServerConfigKeys (ConfUtils.java:logGet(62)) - raft.server.storage.dir = [/home/runner/work/ozone/ozone/hadoop-ozone/integration-test/target/test-dir/MiniOzoneClusterImpl-6c2de427-7485-43c3-b878-dcc0cf80ac7a/om/ratis] (custom)
2025-09-28 08:46:09,851 [ForkJoinPool-1-worker-1] INFO  server.RaftServer (RaftServerProxy.java:addNew(105)) - om1: addNew group-C5BA1605619E:[om1|localhost:15009] returns group-C5BA1605619E:java.util.concurrent.CompletableFuture@77bce97c[Not completed]
2025-09-28 08:46:09,851 [om1-groupManagement] INFO  server.RaftServer$Division (RaftServerImpl.java:<init>(268)) - om1: new RaftServerImpl for group-C5BA1605619E:[om1|localhost:15009] with OzoneManagerStateMachine:uninitialized
2025-09-28 08:46:09,851 [ForkJoinPool-1-worker-1] INFO  om.OzoneManager (OzoneManager.java:initializeRatisServer(2338)) - OzoneManager Ratis server initialized at port 15009
2025-09-28 08:46:09,851 [om1-groupManagement] INFO  server.RaftServerConfigKeys (ConfUtils.java:logGet(62)) - raft.server.rpc.timeout.min = 1s (custom)
2025-09-28 08:46:09,852 [om1-groupManagement] INFO  server.RaftServerConfigKeys (ConfUtils.java:logGet(62)) - raft.server.rpc.timeout.max = 1200ms (custom)
2025-09-28 08:46:09,852 [om1-groupManagement] INFO  server.RaftServer$Division (ServerState.java:<init>(114)) - om1@group-C5BA1605619E: ConfigurationManager, init=conf: {index: -1, cur=peers:[om1|localhost:15009]|listeners:[], old=null}, confs=<EMPTY_MAP>
2025-09-28 08:46:09,853 [om1-groupManagement] INFO  server.RaftServerConfigKeys (ConfUtils.java:logGet(62)) - raft.server.notification.no-leader.timeout = 120s (custom)
2025-09-28 08:46:09,853 [om1-groupManagement] INFO  server.RaftServerConfigKeys (ConfUtils.java:logGet(62)) - raft.server.retrycache.expirytime = 300s (custom)
2025-09-28 08:46:09,856 [ForkJoinPool-1-worker-1] INFO  om.OzoneManager (OzoneManager.java:getRpcServer(1390)) - Creating RPC Server
2025-09-28 08:46:10,685 [ForkJoinPool-1-worker-1] INFO  reflections.Reflections (Reflections.java:scan(219)) - Reflections took 789 ms to scan 25 urls, producing 62 keys and 7936 values
2025-09-28 08:46:10,839 [ForkJoinPool-1-worker-1] INFO  ipc.CallQueueManager (CallQueueManager.java:<init>(93)) - Using callQueue: class java.util.concurrent.LinkedBlockingQueue, queueCapacity: 2000, scheduler: class org.apache.hadoop.ipc.DefaultRpcScheduler, ipcBackoff: false, ipcFailOver: false.
2025-09-28 08:46:10,839 [ForkJoinPool-1-worker-1] INFO  ipc.Server (Server.java:<init>(1438)) - Listener at 127.0.0.1:15006
2025-09-28 08:46:10,840 [Socket Reader #1 for port 15006] INFO  ipc.Server (Server.java:run(1474)) - Starting Socket Reader #1 for port 15006
2025-09-28 08:46:10,840 [Socket Reader #2 for port 15006] INFO  ipc.Server (Server.java:run(1474)) - Starting Socket Reader #2 for port 15006
2025-09-28 08:46:10,840 [Socket Reader #3 for port 15006] INFO  ipc.Server (Server.java:run(1474)) - Starting Socket Reader #3 for port 15006
2025-09-28 08:46:10,841 [Socket Reader #4 for port 15006] INFO  ipc.Server (Server.java:run(1474)) - Starting Socket Reader #4 for port 15006
2025-09-28 08:46:10,841 [Socket Reader #5 for port 15006] INFO  ipc.Server (Server.java:run(1474)) - Starting Socket Reader #5 for port 15006
2025-09-28 08:46:10,841 [Socket Reader #6 for port 15006] INFO  ipc.Server (Server.java:run(1474)) - Starting Socket Reader #6 for port 15006
2025-09-28 08:46:10,842 [Socket Reader #7 for port 15006] INFO  ipc.Server (Server.java:run(1474)) - Starting Socket Reader #7 for port 15006
2025-09-28 08:46:10,842 [Socket Reader #8 for port 15006] INFO  ipc.Server (Server.java:run(1474)) - Starting Socket Reader #8 for port 15006
2025-09-28 08:46:10,843 [Socket Reader #10 for port 15006] INFO  ipc.Server (Server.java:run(1474)) - Starting Socket Reader #10 for port 15006
2025-09-28 08:46:10,843 [Socket Reader #9 for port 15006] INFO  ipc.Server (Server.java:run(1474)) - Starting Socket Reader #9 for port 15006
2025-09-28 08:46:10,869 [ForkJoinPool-1-worker-1] INFO  impl.MetricsSystemImpl (MetricsSystemImpl.java:init(158)) - OzoneManager metrics system started (again)
2025-09-28 08:46:10,886 [ForkJoinPool-1-worker-1] INFO  om.OzoneManager (OzoneManager.java:start(1822)) - OzoneManager RPC server is listening at localhost/127.0.0.1:15006
2025-09-28 08:46:10,887 [ForkJoinPool-1-worker-1] INFO  ratis.OzoneManagerRatisServer (OzoneManagerRatisServer.java:start(673)) - Starting OzoneManagerRatisServer om1 at port 15009
2025-09-28 08:46:10,887 [om1-impl-thread1] INFO  storage.RaftStorageDirectory (RaftStorageDirectoryImpl.java:analyzeStorage(138)) - The storage directory /home/runner/work/ozone/ozone/hadoop-ozone/integration-test/target/test-dir/MiniOzoneClusterImpl-6c2de427-7485-43c3-b878-dcc0cf80ac7a/om/ratis/bf265839-605b-3f16-9796-c5ba1605619e does not exist. Creating ...
2025-09-28 08:46:10,889 [om1-impl-thread1] INFO  storage.RaftStorageDirectory (RaftStorageDirectoryImpl.java:tryLock(229)) - Lock on /home/runner/work/ozone/ozone/hadoop-ozone/integration-test/target/test-dir/MiniOzoneClusterImpl-6c2de427-7485-43c3-b878-dcc0cf80ac7a/om/ratis/bf265839-605b-3f16-9796-c5ba1605619e/in_use.lock acquired by nodename 129489@localhost
2025-09-28 08:46:10,890 [om1-impl-thread1] INFO  storage.RaftStorage (RaftStorageImpl.java:format(98)) - Storage directory /home/runner/work/ozone/ozone/hadoop-ozone/integration-test/target/test-dir/MiniOzoneClusterImpl-6c2de427-7485-43c3-b878-dcc0cf80ac7a/om/ratis/bf265839-605b-3f16-9796-c5ba1605619e has been successfully formatted.
2025-09-28 08:46:10,891 [om1-impl-thread1] INFO  ratis.OzoneManagerStateMachine (OzoneManagerStateMachine.java:lambda$0(138)) - om1: initialize group-C5BA1605619E with <INITIAL_VALUE>
2025-09-28 08:46:10,891 [om1-impl-thread1] INFO  server.RaftServerConfigKeys (ConfUtils.java:logGet(62)) - raft.server.log.appender.buffer.byte-limit = 4194304 (custom)
2025-09-28 08:46:10,894 [om1-impl-thread1] INFO  server.RaftServerConfigKeys (ConfUtils.java:logGet(62)) - raft.server.log.segment.size.max = 67108864 (custom)
2025-09-28 08:46:10,894 [om1-impl-thread1] INFO  server.RaftServerConfigKeys (ConfUtils.java:logGet(62)) - raft.server.log.appender.buffer.byte-limit = 4194304 (custom)
2025-09-28 08:46:10,895 [om1-impl-thread1] INFO  util.AwaitToRun (AwaitToRun.java:start(81)) - Thread[#464,om1@group-C5BA1605619E-cacheEviction-AwaitToRun,5,main] started
2025-09-28 08:46:10,895 [om1-impl-thread1] INFO  segmented.SegmentedRaftLogWorker (SegmentedRaftLogWorker.java:<init>(190)) - new om1@group-C5BA1605619E-SegmentedRaftLogWorker for RaftStorageImpl:Storage Directory /home/runner/work/ozone/ozone/hadoop-ozone/integration-test/target/test-dir/MiniOzoneClusterImpl-6c2de427-7485-43c3-b878-dcc0cf80ac7a/om/ratis/bf265839-605b-3f16-9796-c5ba1605619e
2025-09-28 08:46:10,895 [om1-impl-thread1] INFO  server.RaftServerConfigKeys (ConfUtils.java:logGet(62)) - raft.server.log.segment.size.max = 67108864 (custom)
2025-09-28 08:46:10,895 [om1-impl-thread1] INFO  server.RaftServerConfigKeys (ConfUtils.java:logGet(62)) - raft.server.log.preallocated.size = 4194304 (custom)
2025-09-28 08:46:10,895 [om1-impl-thread1] INFO  server.RaftServerConfigKeys (ConfUtils.java:logGet(62)) - raft.server.log.write.buffer.size = 4194312 (custom)
2025-09-28 08:46:10,896 [om1-impl-thread1] INFO  server.RaftServerConfigKeys (ConfUtils.java:logGet(62)) - raft.server.log.appender.buffer.byte-limit = 4194304 (custom)
2025-09-28 08:46:10,896 [om1-impl-thread1] INFO  segmented.SegmentedRaftLogWorker (SegmentedRaftLogWorker.java:lambda$new$0(141)) - om1@group-C5BA1605619E-SegmentedRaftLogWorker: flushIndex: setUnconditionally 0 -> -1
2025-09-28 08:46:10,896 [om1-impl-thread1] INFO  segmented.SegmentedRaftLogWorker (SegmentedRaftLogWorker.java:lambda$new$0(141)) - om1@group-C5BA1605619E-SegmentedRaftLogWorker: safeCacheEvictIndex: setUnconditionally 0 -> -1
2025-09-28 08:46:10,897 [om1-impl-thread1] INFO  server.RaftServer$Division (RaftServerImpl.java:start(405)) - om1@group-C5BA1605619E: start as a follower, conf=conf: {index: -1, cur=peers:[om1|localhost:15009]|listeners:[], old=null}
2025-09-28 08:46:10,897 [om1-impl-thread1] INFO  server.RaftServer$Division (RaftServerImpl.java:setRole(392)) - om1@group-C5BA1605619E: changes role from      null to FOLLOWER at term 0 for startAsFollower
2025-09-28 08:46:10,897 [om1-impl-thread1] INFO  impl.RoleInfo (RoleInfo.java:updateAndGet(148)) - om1: start om1@group-C5BA1605619E-FollowerState
2025-09-28 08:46:10,897 [om1@group-C5BA1605619E-FollowerState] INFO  server.RaftServerConfigKeys (ConfUtils.java:logFallback(69)) - raft.server.rpc.first-election.timeout.min = 1s (fallback to raft.server.rpc.timeout.min)
2025-09-28 08:46:10,898 [om1@group-C5BA1605619E-FollowerState] INFO  server.RaftServerConfigKeys (ConfUtils.java:logFallback(69)) - raft.server.rpc.first-election.timeout.max = 1200ms (fallback to raft.server.rpc.timeout.max)
2025-09-28 08:46:10,898 [om1-impl-thread1] INFO  util.JmxRegister (JmxRegister.java:tryRegister(44)) - Successfully registered JMX Bean with object name Ratis:service=RaftServer,group=group-C5BA1605619E,id=om1
2025-09-28 08:46:10,898 [om1-impl-thread1] INFO  util.JmxRegister (JmxRegister.java:register(58)) - register mxBean class org.apache.ratis.server.impl.RaftServerJmxAdapter as Ratis:service=RaftServer,group=group-C5BA1605619E,id=om1
2025-09-28 08:46:10,898 [om1-impl-thread1] INFO  server.RaftServerConfigKeys (ConfUtils.java:logGet(62)) - raft.server.snapshot.auto.trigger.threshold = 400000 (default)
2025-09-28 08:46:10,898 [om1-impl-thread1] INFO  server.RaftServerConfigKeys (ConfUtils.java:logGet(62)) - raft.server.log.purge.upto.snapshot.index = true (custom)
2025-09-28 08:46:10,899 [om1-impl-thread1] INFO  server.RaftServer$Division (RaftServerImpl.java:start(419)) - om1@group-C5BA1605619E: Successfully started.
2025-09-28 08:46:10,899 [ForkJoinPool-1-worker-1] INFO  server.RaftServer (RaftServerProxy.java:startImpl(412)) - om1: start RPC server
2025-09-28 08:46:10,900 [ForkJoinPool-1-worker-1] INFO  server.GrpcServicesImpl (GrpcServicesImpl.java:startImpl(346)) - om1: GrpcServicesImpl started, listening on 15009
2025-09-28 08:46:10,901 [JvmPauseMonitor2] INFO  util.JvmPauseMonitor (JvmPauseMonitor.java:run(146)) - JvmPauseMonitor-om1: Started
2025-09-28 08:46:10,902 [ForkJoinPool-1-worker-1] INFO  om.OzoneManager (OzoneManager.java:start(1837)) - Version File has different layout version (8) than OM DB (null). That is expected if this OM has never been finalized to a newer layout version.
2025-09-28 08:46:10,914 [ForkJoinPool-1-worker-1] INFO  client.ScmTopologyClient (ScmTopologyClient.java:start(70)) - Initial network topology fetched from SCM: /.
2025-09-28 08:46:10,915 [ForkJoinPool-1-worker-1] INFO  net.NodeSchemaLoader (NodeSchemaLoader.java:loadSchemaFromFile(128)) - Loading schema from [jar:file:/home/runner/work/ozone/ozone/hadoop-hdds/common/target/hdds-common-2.1.0-SNAPSHOT.jar!/network-topology-default.xml]
2025-09-28 08:46:10,915 [ForkJoinPool-1-worker-1] INFO  net.NodeSchemaLoader (NodeSchemaLoader.java:loadSchema(175)) - Loading network topology layer schema file
2025-09-28 08:46:10,923 [ForkJoinPool-1-worker-1] INFO  utils.BackgroundService (BackgroundService.java:start(119)) - Starting service KeyDeletingService with interval 60000 milliseconds
2025-09-28 08:46:10,927 [ForkJoinPool-1-worker-1] INFO  utils.BackgroundService (BackgroundService.java:start(119)) - Starting service DirectoryDeletingService with interval 120000 milliseconds
2025-09-28 08:46:10,928 [ForkJoinPool-1-worker-1] INFO  utils.BackgroundService (BackgroundService.java:start(119)) - Starting service OpenKeyCleanupService with interval 86400000 milliseconds
2025-09-28 08:46:10,930 [ForkJoinPool-1-worker-1] INFO  utils.BackgroundService (BackgroundService.java:start(119)) - Starting service SstFilteringService with interval 60000 milliseconds
2025-09-28 08:46:10,933 [ForkJoinPool-1-worker-1] INFO  utils.BackgroundService (BackgroundService.java:start(119)) - Starting service SnapshotDeletingService with interval 30000 milliseconds
2025-09-28 08:46:10,934 [ForkJoinPool-1-worker-1] INFO  utils.BackgroundService (BackgroundService.java:start(119)) - Starting service MultipartUploadCleanupService with interval 86400000 milliseconds
2025-09-28 08:46:10,937 [ForkJoinPool-1-worker-1] INFO  http.BaseHttpServer (BaseHttpServer.java:newHttpServer2BuilderForOzone(227)) - Starting Web-server for ozoneManager at: http://0.0.0.0:15007
2025-09-28 08:46:10,937 [ForkJoinPool-1-worker-1] INFO  http.BaseHttpServer (BaseHttpServer.java:<init>(105)) - Hadoop Security Enabled: false Ozone Security Enabled: false Ozone HTTP Security Enabled: false 
2025-09-28 08:46:10,939 [ForkJoinPool-1-worker-1] WARN  server.AuthenticationFilter (AuthenticationFilter.java:constructSecretProvider(240)) - Unable to initialize FileSignerSecretProvider, falling back to use random secrets. Reason: Could not read signature secret file: /home/runner/hadoop-http-auth-signature-secret
2025-09-28 08:46:10,946 [ForkJoinPool-1-worker-1] INFO  http.HttpServer2 (HttpServer2.java:addGlobalFilter(1041)) - Added global filter 'safety' (class=org.apache.hadoop.hdds.server.http.HttpServer2$QuotingInputFilter)
2025-09-28 08:46:10,948 [ForkJoinPool-1-worker-1] INFO  http.HttpServer2 (HttpServer2.java:addFilter(1017)) - Added filter static_user_filter (class=org.apache.hadoop.http.lib.StaticUserWebFilter$StaticUserFilter) to context ozoneManager
2025-09-28 08:46:10,948 [ForkJoinPool-1-worker-1] INFO  http.HttpServer2 (HttpServer2.java:addFilter(1025)) - Added filter static_user_filter (class=org.apache.hadoop.http.lib.StaticUserWebFilter$StaticUserFilter) to context logs
2025-09-28 08:46:10,948 [ForkJoinPool-1-worker-1] INFO  http.HttpServer2 (HttpServer2.java:addFilter(1025)) - Added filter static_user_filter (class=org.apache.hadoop.http.lib.StaticUserWebFilter$StaticUserFilter) to context static
2025-09-28 08:46:10,949 [ForkJoinPool-1-worker-1] INFO  http.BaseHttpServer (BaseHttpServer.java:<init>(193)) - HTTP server of ozoneManager uses base directory /home/runner/work/ozone/ozone/hadoop-ozone/integration-test/target/test-dir/MiniOzoneClusterImpl-6c2de427-7485-43c3-b878-dcc0cf80ac7a/scm/ozone-metadata/webserver
2025-09-28 08:46:10,953 [ForkJoinPool-1-worker-1] INFO  http.HttpServer2 (HttpServer2.java:bindListener(1241)) - Jetty bound to port 15007
2025-09-28 08:46:10,953 [ForkJoinPool-1-worker-1] INFO  server.Server (Server.java:doStart(375)) - jetty-9.4.58.v20250814; built: 2025-08-14T02:28:49.637Z; git: 8f1440587e9e4ae7db3d74cf205643f3d707148d; jvm 21.0.8+9-LTS
2025-09-28 08:46:10,955 [ForkJoinPool-1-worker-1] INFO  server.session (DefaultSessionIdManager.java:doStart(334)) - DefaultSessionIdManager workerName=node0
2025-09-28 08:46:10,955 [ForkJoinPool-1-worker-1] INFO  server.session (DefaultSessionIdManager.java:doStart(339)) - No SessionScavenger set, using defaults
2025-09-28 08:46:10,955 [ForkJoinPool-1-worker-1] INFO  server.session (HouseKeeper.java:startScavenging(132)) - node0 Scavenging every 600000ms
2025-09-28 08:46:10,956 [ForkJoinPool-1-worker-1] INFO  handler.ContextHandler (ContextHandler.java:doStart(921)) - Started o.e.j.s.ServletContextHandler@2a97cd66{logs,/logs,file:///home/runner/work/ozone/ozone/hadoop-ozone/integration-test/target/log,AVAILABLE}
2025-09-28 08:46:10,956 [ForkJoinPool-1-worker-1] INFO  handler.ContextHandler (ContextHandler.java:doStart(921)) - Started o.e.j.s.ServletContextHandler@5cd3e3bb{static,/static,file:///home/runner/work/ozone/ozone/hadoop-ozone/integration-test/target/test-classes/webapps/static,AVAILABLE}
2025-09-28 08:46:10,964 [ForkJoinPool-1-worker-1] INFO  handler.ContextHandler (ContextHandler.java:doStart(921)) - Started o.e.j.w.WebAppContext@75876ddf{ozoneManager,/,file:///home/runner/work/ozone/ozone/hadoop-ozone/integration-test/target/test-classes/webapps/ozoneManager/,AVAILABLE}{file:/home/runner/work/ozone/ozone/hadoop-ozone/integration-test/target/test-classes/webapps/ozoneManager}
2025-09-28 08:46:10,965 [ForkJoinPool-1-worker-1] INFO  server.AbstractConnector (AbstractConnector.java:doStart(333)) - Started ServerConnector@7112e6e8{HTTP/1.1, (http/1.1)}{0.0.0.0:15007}
2025-09-28 08:46:10,965 [ForkJoinPool-1-worker-1] INFO  server.Server (Server.java:doStart(415)) - Started @10778ms
2025-09-28 08:46:10,965 [ForkJoinPool-1-worker-1] WARN  impl.MetricsSystemImpl (MetricsSystemImpl.java:register(279)) - Sink prometheus already exists!
2025-09-28 08:46:10,965 [ForkJoinPool-1-worker-1] INFO  http.BaseHttpServer (BaseHttpServer.java:updateConnectorAddress(357)) - HTTP server of ozoneManager listening at http://localhost:15007
2025-09-28 08:46:10,966 [IPC Server Responder] INFO  ipc.Server (Server.java:run(1713)) - IPC Server Responder: starting
2025-09-28 08:46:10,966 [IPC Server listener on 15006] INFO  ipc.Server (Server.java:run(1553)) - IPC Server listener on 15006: starting
2025-09-28 08:46:10,968 [ForkJoinPool-1-worker-1] INFO  om.OzoneManager (OzoneManager.java:startTrashEmptier(2292)) - Trash Interval set to 0. Files deleted won't move to trash
2025-09-28 08:46:10,984 [ForkJoinPool-1-worker-1] INFO  db.CodecBuffer (CodecBuffer.java:set(85)) - Successfully set constructor to LeakDetector::newCodecBuffer: org.apache.hadoop.hdds.utils.db.CodecBuffer$$Lambda/0x00007f0c28816760@8002792
2025-09-28 08:46:11,049 [ForkJoinPool-1-worker-1] WARN  dropwizard3.Dm3MetricRegistriesImpl (Dm3MetricRegistriesImpl.java:addReporterRegistration(114)) - New reporters are added after registries were created. Some metrics will be missing from the reporter. Please add reporter before adding any new registry.
2025-09-28 08:46:11,049 [ForkJoinPool-1-worker-1] WARN  dropwizard3.Dm3MetricRegistriesImpl (Dm3MetricRegistriesImpl.java:addReporterRegistration(114)) - New reporters are added after registries were created. Some metrics will be missing from the reporter. Please add reporter before adding any new registry.
2025-09-28 08:46:11,050 [ForkJoinPool-1-worker-1] INFO  impl.MetricsSystemImpl (MetricsSystemImpl.java:init(158)) - HddsDatanode metrics system started (again)
2025-09-28 08:46:11,073 [ForkJoinPool-1-worker-1] INFO  protocol.DatanodeDetails (DatanodeDetails.java:validateDatanodeIpAddress(199)) - Updating IP address of datanode 9962ec60-824d-4b5c-b72c-a80d9f5353d3(localhost/null) to 127.0.0.1
2025-09-28 08:46:11,073 [ForkJoinPool-1-worker-1] INFO  ozone.HddsDatanodeService (HddsDatanodeService.java:start(236)) - HddsDatanodeService 9962ec60-824d-4b5c-b72c-a80d9f5353d3(localhost/127.0.0.1)
2025-09-28 08:46:11,079 [ForkJoinPool-1-worker-1] INFO  upgrade.AbstractLayoutVersionManager (AbstractLayoutVersionManager.java:init(80)) - Initializing Layout version manager with metadata layout = WITNESSED_CONTAINER_DB_PROTO_VALUE (version = 9), software layout = WITNESSED_CONTAINER_DB_PROTO_VALUE (version = 9)
2025-09-28 08:46:11,081 [ForkJoinPool-1-worker-1] INFO  statemachine.DatanodeStateMachine (DatanodeStateMachine.java:getEndPointTaskThreadPoolSize(321)) - Datanode State Machine Task Thread Pool size 2
2025-09-28 08:46:11,130 [ForkJoinPool-1-worker-1] INFO  volume.HddsVolume (HddsVolume.java:<init>(162)) - HddsVolume: { id=DS-3bcfc1ce-6b48-47d1-8e40-afa22e6f932f dir=/home/runner/work/ozone/ozone/hadoop-ozone/integration-test/target/test-dir/MiniOzoneClusterImpl-6c2de427-7485-43c3-b878-dcc0cf80ac7a/ozone-metadata/datanode-1/data-0/hdds type=DISK capacity=9222449699674390527 used=0 available=9222449699674390527 minFree=9222450130714624 committed=0 }
2025-09-28 08:46:11,130 [ForkJoinPool-1-worker-1] INFO  volume.MutableVolumeSet (MutableVolumeSet.java:initializeVolumeSet(175)) - Added Volume : /home/runner/work/ozone/ozone/hadoop-ozone/integration-test/target/test-dir/MiniOzoneClusterImpl-6c2de427-7485-43c3-b878-dcc0cf80ac7a/ozone-metadata/datanode-1/data-0/hdds to VolumeSet
2025-09-28 08:46:11,135 [ForkJoinPool-1-worker-1] INFO  volume.MutableVolumeSet (MutableVolumeSet.java:initializeVolumeSet(175)) - Added Volume : /home/runner/work/ozone/ozone/hadoop-ozone/integration-test/target/test-dir/MiniOzoneClusterImpl-6c2de427-7485-43c3-b878-dcc0cf80ac7a/ozone-metadata/datanode-1/ratis to VolumeSet
2025-09-28 08:46:11,140 [ForkJoinPool-1-worker-1] INFO  ozoneimpl.OzoneContainer (HddsVolumeUtil.java:loadAllHddsVolumeDbStore(102)) - Load 1 volumes DbStore cost: 1ms
2025-09-28 08:46:11,146 [ForkJoinPool-1-worker-1] WARN  db.DBStoreBuilder (DBStoreBuilder.java:getDBDirPath(158)) - ozone.scm.datanode.id.dir is not configured. We recommend adding this setting. Falling back to ozone.metadata.dirs instead.
2025-09-28 08:46:11,151 [ForkJoinPool-1-worker-1] WARN  db.DBStoreBuilder (DBStoreBuilder.java:getDBDirPath(158)) - ozone.scm.datanode.id.dir is not configured. We recommend adding this setting. Falling back to ozone.metadata.dirs instead.
2025-09-28 08:46:11,196 [ForkJoinPool-1-worker-1] INFO  impl.FilePerChunkStrategy (FilePerChunkStrategy.java:<init>(79)) - ozone.chunk.read.mapped.buffer.max.count is load with 0
2025-09-28 08:46:11,199 [ForkJoinPool-1-worker-1] INFO  impl.FilePerBlockStrategy (FilePerBlockStrategy.java:<init>(88)) - ozone.chunk.read.mapped.buffer.max.count is load with 0
2025-09-28 08:46:11,237 [ForkJoinPool-1-worker-1] INFO  audit.AuditLogger (AuditLogger.java:refreshDebugCmdSet(133)) - Refresh DebugCmdSet for DNAudit to [].
2025-09-28 08:46:11,250 [ForkJoinPool-1-worker-1] INFO  server.RaftServerConfigKeys (ConfUtils.java:logGet(62)) - raft.server.log.appender.buffer.byte-limit = 33554432 (custom)
2025-09-28 08:46:11,258 [ForkJoinPool-1-worker-1] INFO  grpc.GrpcConfigKeys (ConfUtils.java:logFallback(69)) - raft.grpc.admin.host = null (fallback to raft.grpc.server.host)
2025-09-28 08:46:11,258 [ForkJoinPool-1-worker-1] INFO  grpc.GrpcConfigKeys (ConfUtils.java:logGet(62)) - raft.grpc.admin.port = 15014 (custom)
2025-09-28 08:46:11,259 [ForkJoinPool-1-worker-1] INFO  grpc.GrpcConfigKeys (ConfUtils.java:logFallback(69)) - raft.grpc.client.host = null (fallback to raft.grpc.server.host)
2025-09-28 08:46:11,259 [ForkJoinPool-1-worker-1] INFO  grpc.GrpcConfigKeys (ConfUtils.java:logGet(62)) - raft.grpc.client.port = 15013 (custom)
2025-09-28 08:46:11,259 [ForkJoinPool-1-worker-1] INFO  grpc.GrpcConfigKeys (ConfUtils.java:logGet(62)) - raft.grpc.server.port = 15015 (custom)
2025-09-28 08:46:11,259 [ForkJoinPool-1-worker-1] INFO  server.GrpcServicesImpl (ConfUtils.java:logGet(62)) - raft.grpc.message.size.max = 34603008 (custom)
2025-09-28 08:46:11,259 [ForkJoinPool-1-worker-1] INFO  server.GrpcServicesImpl (ConfUtils.java:logGet(62)) - raft.grpc.flow.control.window = 5MB (=5242880) (custom)
2025-09-28 08:46:11,260 [ForkJoinPool-1-worker-1] INFO  server.RaftServerConfigKeys (ConfUtils.java:logGet(62)) - raft.server.rpc.request.timeout = 60s (custom)
2025-09-28 08:46:11,260 [ForkJoinPool-1-worker-1] INFO  server.RaftServerConfigKeys (ConfUtils.java:logGet(62)) - raft.server.log.appender.buffer.byte-limit = 33554432 (custom)
2025-09-28 08:46:11,261 [ForkJoinPool-1-worker-1] INFO  impl.DataStreamServerImpl (ConfUtils.java:logGet(62)) - raft.datastream.type = NETTY (custom)
2025-09-28 08:46:11,269 [ForkJoinPool-1-worker-1] INFO  server.RaftServerConfigKeys (ConfUtils.java:logGet(62)) - raft.server.data-stream.async.request.thread.pool.cached = false (default)
2025-09-28 08:46:11,269 [ForkJoinPool-1-worker-1] INFO  server.RaftServerConfigKeys (ConfUtils.java:logGet(62)) - raft.server.data-stream.async.request.thread.pool.size = 20 (custom)
2025-09-28 08:46:11,270 [ForkJoinPool-1-worker-1] INFO  server.RaftServerConfigKeys (ConfUtils.java:logGet(62)) - raft.server.data-stream.async.write.thread.pool.size = 16 (default)
2025-09-28 08:46:11,271 [ForkJoinPool-1-worker-1] INFO  netty.NettyConfigKeys$DataStream (ConfUtils.java:logGet(62)) - raft.netty.dataStream.server.channel.inactive.grace-period = 10min (default)
2025-09-28 08:46:11,272 [ForkJoinPool-1-worker-1] INFO  server.RaftServerConfigKeys (ConfUtils.java:logGet(62)) - raft.server.data-stream.client.pool.size = 10 (default)
2025-09-28 08:46:11,273 [ForkJoinPool-1-worker-1] INFO  netty.NettyConfigKeys$DataStream (ConfUtils.java:logGet(62)) - raft.netty.dataStream.server.use-epoll = true (default)
2025-09-28 08:46:11,273 [ForkJoinPool-1-worker-1] INFO  netty.NettyConfigKeys$DataStream (ConfUtils.java:logGet(62)) - raft.netty.dataStream.server.boss-group.size = 0 (default)
2025-09-28 08:46:11,274 [ForkJoinPool-1-worker-1] INFO  netty.NettyUtils (NettyUtils.java:newEventLoopGroup(74)) - Create EpollEventLoopGroup for 9962ec60-824d-4b5c-b72c-a80d9f5353d3-NettyServerStreamRpc-bossGroup; Thread size is 0.
2025-09-28 08:46:11,275 [ForkJoinPool-1-worker-1] INFO  netty.NettyConfigKeys$DataStream (ConfUtils.java:logGet(62)) - raft.netty.dataStream.server.worker-group.size = 0 (default)
2025-09-28 08:46:11,275 [ForkJoinPool-1-worker-1] INFO  netty.NettyUtils (NettyUtils.java:newEventLoopGroup(74)) - Create EpollEventLoopGroup for 9962ec60-824d-4b5c-b72c-a80d9f5353d3-NettyServerStreamRpc-workerGroup; Thread size is 0.
2025-09-28 08:46:11,276 [ForkJoinPool-1-worker-1] INFO  netty.NettyConfigKeys$DataStream (ConfUtils.java:logGet(62)) - raft.netty.dataStream.port = 15016 (custom)
2025-09-28 08:46:11,280 [ForkJoinPool-1-worker-1] INFO  server.RaftServerConfigKeys (ConfUtils.java:logGet(62)) - raft.server.storage.dir = [/home/runner/work/ozone/ozone/hadoop-ozone/integration-test/target/test-dir/MiniOzoneClusterImpl-6c2de427-7485-43c3-b878-dcc0cf80ac7a/ozone-metadata/datanode-1/ratis] (custom)
2025-09-28 08:46:11,281 [9962ec60-824d-4b5c-b72c-a80d9f5353d3-impl-thread1] INFO  server.RaftServer (RaftServerProxy.java:initGroupDir(270)) - 9962ec60-824d-4b5c-b72c-a80d9f5353d3: found a subdirectory /home/runner/work/ozone/ozone/hadoop-ozone/integration-test/target/test-dir/MiniOzoneClusterImpl-6c2de427-7485-43c3-b878-dcc0cf80ac7a/ozone-metadata/datanode-1/ratis/tmp
2025-09-28 08:46:11,281 [9962ec60-824d-4b5c-b72c-a80d9f5353d3-impl-thread1] INFO  server.RaftServer (RaftServerProxy.java:initGroupDir(275)) - 9962ec60-824d-4b5c-b72c-a80d9f5353d3: The directory /home/runner/work/ozone/ozone/hadoop-ozone/integration-test/target/test-dir/MiniOzoneClusterImpl-6c2de427-7485-43c3-b878-dcc0cf80ac7a/ozone-metadata/datanode-1/ratis/tmp is not a group directory; ignoring it. 
2025-09-28 08:46:11,284 [ForkJoinPool-1-worker-1] INFO  replication.ReplicationServer (ReplicationServer.java:<init>(84)) - Initializing replication server with thread count = 10 queue length = 4096
2025-09-28 08:46:11,288 [9962ec60-824d-4b5c-b72c-a80d9f5353d3-NettyServerStreamRpc-bossGroup--thread1] INFO  logging.LoggingHandler (AbstractInternalLogger.java:log(148)) - [id: 0x10a0fc4a] REGISTERED
2025-09-28 08:46:11,288 [9962ec60-824d-4b5c-b72c-a80d9f5353d3-NettyServerStreamRpc-bossGroup--thread1] INFO  logging.LoggingHandler (AbstractInternalLogger.java:log(148)) - [id: 0x10a0fc4a] BIND: 0.0.0.0/0.0.0.0:15016
2025-09-28 08:46:11,289 [9962ec60-824d-4b5c-b72c-a80d9f5353d3-NettyServerStreamRpc-bossGroup--thread1] INFO  logging.LoggingHandler (AbstractInternalLogger.java:log(148)) - [id: 0x10a0fc4a, L:/0.0.0.0:15016] ACTIVE
2025-09-28 08:46:11,302 [ForkJoinPool-1-worker-1] INFO  server.XceiverServerGrpc (XceiverServerGrpc.java:<init>(129)) - GrpcServer channel type EpollServerSocketChannel
2025-09-28 08:46:11,322 [ForkJoinPool-1-worker-1] INFO  lib.Interns (Interns.java:removeEldestEntry(50)) - Metrics intern cache overflow at 2011 for MetricsSystem={MetricsSystem=MetricsInfoImpl{name=MetricsSystem, description=MetricsSystem}, MetricsSystem record=MetricsInfoImpl{name=MetricsSystem, description=MetricsSystem record}}
2025-09-28 08:46:11,326 [ForkJoinPool-1-worker-1] INFO  replication.ReplicationSupervisor (ReplicationSupervisor.java:build(169)) - Initializing replication supervisor with thread count = 10
2025-09-28 08:46:11,327 [ForkJoinPool-1-worker-1] INFO  replication.ReplicationSupervisor (ReplicationSupervisor.java:nodeStateUpdated(358)) - Node state updated to IN_SERVICE, scaling executor pool size to 10
2025-09-28 08:46:11,369 [ForkJoinPool-1-worker-1] INFO  http.BaseHttpServer (BaseHttpServer.java:newHttpServer2BuilderForOzone(227)) - Starting Web-server for hddsDatanode at: http://0.0.0.0:15010
2025-09-28 08:46:11,370 [ForkJoinPool-1-worker-1] INFO  http.BaseHttpServer (BaseHttpServer.java:<init>(105)) - Hadoop Security Enabled: false Ozone Security Enabled: false Ozone HTTP Security Enabled: false 
2025-09-28 08:46:11,371 [ForkJoinPool-1-worker-1] WARN  server.AuthenticationFilter (AuthenticationFilter.java:constructSecretProvider(240)) - Unable to initialize FileSignerSecretProvider, falling back to use random secrets. Reason: Could not read signature secret file: /home/runner/hadoop-http-auth-signature-secret
2025-09-28 08:46:11,374 [ForkJoinPool-1-worker-1] INFO  http.HttpServer2 (HttpServer2.java:addGlobalFilter(1041)) - Added global filter 'safety' (class=org.apache.hadoop.hdds.server.http.HttpServer2$QuotingInputFilter)
2025-09-28 08:46:11,376 [ForkJoinPool-1-worker-1] INFO  http.HttpServer2 (HttpServer2.java:addFilter(1017)) - Added filter static_user_filter (class=org.apache.hadoop.http.lib.StaticUserWebFilter$StaticUserFilter) to context hddsDatanode
2025-09-28 08:46:11,376 [ForkJoinPool-1-worker-1] INFO  http.HttpServer2 (HttpServer2.java:addFilter(1025)) - Added filter static_user_filter (class=org.apache.hadoop.http.lib.StaticUserWebFilter$StaticUserFilter) to context static
2025-09-28 08:46:11,376 [ForkJoinPool-1-worker-1] INFO  http.HttpServer2 (HttpServer2.java:addFilter(1025)) - Added filter static_user_filter (class=org.apache.hadoop.http.lib.StaticUserWebFilter$StaticUserFilter) to context logs
2025-09-28 08:46:11,377 [ForkJoinPool-1-worker-1] INFO  http.BaseHttpServer (BaseHttpServer.java:<init>(193)) - HTTP server of hddsDatanode uses base directory /home/runner/work/ozone/ozone/hadoop-ozone/integration-test/target/test-dir/MiniOzoneClusterImpl-6c2de427-7485-43c3-b878-dcc0cf80ac7a/scm/ozone-metadata/webserver
2025-09-28 08:46:11,378 [ForkJoinPool-1-worker-1] INFO  http.HttpServer2 (HttpServer2.java:bindListener(1241)) - Jetty bound to port 15010
2025-09-28 08:46:11,378 [ForkJoinPool-1-worker-1] INFO  server.Server (Server.java:doStart(375)) - jetty-9.4.58.v20250814; built: 2025-08-14T02:28:49.637Z; git: 8f1440587e9e4ae7db3d74cf205643f3d707148d; jvm 21.0.8+9-LTS
2025-09-28 08:46:11,379 [ForkJoinPool-1-worker-1] INFO  server.session (DefaultSessionIdManager.java:doStart(334)) - DefaultSessionIdManager workerName=node0
2025-09-28 08:46:11,379 [ForkJoinPool-1-worker-1] INFO  server.session (DefaultSessionIdManager.java:doStart(339)) - No SessionScavenger set, using defaults
2025-09-28 08:46:11,379 [ForkJoinPool-1-worker-1] INFO  server.session (HouseKeeper.java:startScavenging(132)) - node0 Scavenging every 600000ms
2025-09-28 08:46:11,380 [ForkJoinPool-1-worker-1] INFO  handler.ContextHandler (ContextHandler.java:doStart(921)) - Started o.e.j.s.ServletContextHandler@6568c2d0{logs,/logs,file:///home/runner/work/ozone/ozone/hadoop-ozone/integration-test/target/log,AVAILABLE}
2025-09-28 08:46:11,380 [ForkJoinPool-1-worker-1] INFO  handler.ContextHandler (ContextHandler.java:doStart(921)) - Started o.e.j.s.ServletContextHandler@3b3eb70{static,/static,jar:file:/home/runner/work/ozone/ozone/hadoop-hdds/container-service/target/hdds-container-service-2.1.0-SNAPSHOT.jar!/webapps/static,AVAILABLE}
2025-09-28 08:46:11,523 [ForkJoinPool-1-worker-1] INFO  handler.ContextHandler (ContextHandler.java:doStart(921)) - Started o.e.j.w.WebAppContext@3f48c896{hddsDatanode,/,file:///home/runner/work/ozone/ozone/hadoop-ozone/integration-test/target/test-dir/MiniOzoneClusterImpl-6c2de427-7485-43c3-b878-dcc0cf80ac7a/scm/ozone-metadata/webserver/jetty-0_0_0_0-15010-hdds-container-service-2_1_0-SNAPSHOT_jar-_-any-1257759534690530946/webapp/,AVAILABLE}{jar:file:/home/runner/work/ozone/ozone/hadoop-hdds/container-service/target/hdds-container-service-2.1.0-SNAPSHOT.jar!/webapps/hddsDatanode}
2025-09-28 08:46:11,524 [ForkJoinPool-1-worker-1] INFO  server.AbstractConnector (AbstractConnector.java:doStart(333)) - Started ServerConnector@24377b15{HTTP/1.1, (http/1.1)}{0.0.0.0:15010}
2025-09-28 08:46:11,524 [ForkJoinPool-1-worker-1] INFO  server.Server (Server.java:doStart(415)) - Started @11337ms
2025-09-28 08:46:11,525 [ForkJoinPool-1-worker-1] WARN  impl.MetricsSystemImpl (MetricsSystemImpl.java:register(279)) - Sink prometheus already exists!
2025-09-28 08:46:11,525 [ForkJoinPool-1-worker-1] INFO  http.BaseHttpServer (BaseHttpServer.java:updateConnectorAddress(357)) - HTTP server of hddsDatanode listening at http://localhost:15010
2025-09-28 08:46:11,528 [ForkJoinPool-1-worker-1] INFO  ipc.CallQueueManager (CallQueueManager.java:<init>(93)) - Using callQueue: class java.util.concurrent.LinkedBlockingQueue, queueCapacity: 1000, scheduler: class org.apache.hadoop.ipc.DefaultRpcScheduler, ipcBackoff: false, ipcFailOver: false.
2025-09-28 08:46:11,528 [ForkJoinPool-1-worker-1] INFO  ipc.Server (Server.java:<init>(1438)) - Listener at 0.0.0.0:15011
2025-09-28 08:46:11,529 [Socket Reader #1 for port 15011] INFO  ipc.Server (Server.java:run(1474)) - Starting Socket Reader #1 for port 15011
2025-09-28 08:46:11,530 [Socket Reader #2 for port 15011] INFO  ipc.Server (Server.java:run(1474)) - Starting Socket Reader #2 for port 15011
2025-09-28 08:46:11,531 [Socket Reader #3 for port 15011] INFO  ipc.Server (Server.java:run(1474)) - Starting Socket Reader #3 for port 15011
2025-09-28 08:46:11,532 [Socket Reader #4 for port 15011] INFO  ipc.Server (Server.java:run(1474)) - Starting Socket Reader #4 for port 15011
2025-09-28 08:46:11,532 [Socket Reader #5 for port 15011] INFO  ipc.Server (Server.java:run(1474)) - Starting Socket Reader #5 for port 15011
2025-09-28 08:46:11,533 [Socket Reader #6 for port 15011] INFO  ipc.Server (Server.java:run(1474)) - Starting Socket Reader #6 for port 15011
2025-09-28 08:46:11,533 [Socket Reader #7 for port 15011] INFO  ipc.Server (Server.java:run(1474)) - Starting Socket Reader #7 for port 15011
2025-09-28 08:46:11,534 [Socket Reader #8 for port 15011] INFO  ipc.Server (Server.java:run(1474)) - Starting Socket Reader #8 for port 15011
2025-09-28 08:46:11,535 [Socket Reader #9 for port 15011] INFO  ipc.Server (Server.java:run(1474)) - Starting Socket Reader #9 for port 15011
2025-09-28 08:46:11,535 [Socket Reader #10 for port 15011] INFO  ipc.Server (Server.java:run(1474)) - Starting Socket Reader #10 for port 15011
2025-09-28 08:46:11,537 [ForkJoinPool-1-worker-1] INFO  ozone.HddsDatanodeService (HddsDatanodeService.java:start(333)) - Datanode start with admins: [admin, runner]
2025-09-28 08:46:11,537 [ForkJoinPool-1-worker-1] INFO  ozone.HddsDatanodeClientProtocolServer (HddsDatanodeClientProtocolServer.java:start(76)) - RPC server for Client /0.0.0.0:15011
2025-09-28 08:46:11,538 [IPC Server Responder] INFO  ipc.Server (Server.java:run(1713)) - IPC Server Responder: starting
2025-09-28 08:46:11,538 [IPC Server listener on 15011] INFO  ipc.Server (Server.java:run(1553)) - IPC Server listener on 15011: starting
2025-09-28 08:46:11,540 [ForkJoinPool-1-worker-1] WARN  dropwizard3.Dm3MetricRegistriesImpl (Dm3MetricRegistriesImpl.java:addReporterRegistration(114)) - New reporters are added after registries were created. Some metrics will be missing from the reporter. Please add reporter before adding any new registry.
2025-09-28 08:46:11,540 [ForkJoinPool-1-worker-1] WARN  dropwizard3.Dm3MetricRegistriesImpl (Dm3MetricRegistriesImpl.java:addReporterRegistration(114)) - New reporters are added after registries were created. Some metrics will be missing from the reporter. Please add reporter before adding any new registry.
2025-09-28 08:46:11,541 [ForkJoinPool-1-worker-1] INFO  impl.MetricsSystemImpl (MetricsSystemImpl.java:init(158)) - HddsDatanode metrics system started (again)
2025-09-28 08:46:11,544 [9962ec60-824d-4b5c-b72c-a80d9f5353d3-DatanodeStateMachineDaemonThread] INFO  statemachine.DatanodeStateMachine (DatanodeStateMachine.java:startStateMachineThread(363)) - Ozone container server started.
2025-09-28 08:46:11,564 [ForkJoinPool-1-worker-1] INFO  protocol.DatanodeDetails (DatanodeDetails.java:validateDatanodeIpAddress(199)) - Updating IP address of datanode b8386e11-96d4-4625-b991-c054db98adbd(localhost/null) to 127.0.0.1
2025-09-28 08:46:11,565 [ForkJoinPool-1-worker-1] INFO  ozone.HddsDatanodeService (HddsDatanodeService.java:start(236)) - HddsDatanodeService b8386e11-96d4-4625-b991-c054db98adbd(localhost/127.0.0.1)
2025-09-28 08:46:11,569 [ForkJoinPool-1-worker-1] INFO  upgrade.AbstractLayoutVersionManager (AbstractLayoutVersionManager.java:init(80)) - Initializing Layout version manager with metadata layout = WITNESSED_CONTAINER_DB_PROTO_VALUE (version = 9), software layout = WITNESSED_CONTAINER_DB_PROTO_VALUE (version = 9)
2025-09-28 08:46:11,570 [ForkJoinPool-1-worker-1] INFO  statemachine.DatanodeStateMachine (DatanodeStateMachine.java:getEndPointTaskThreadPoolSize(321)) - Datanode State Machine Task Thread Pool size 2
2025-09-28 08:46:11,576 [ForkJoinPool-1-worker-1] INFO  volume.HddsVolume (HddsVolume.java:<init>(162)) - HddsVolume: { id=DS-ad216ea3-851e-43da-93b0-500c5024f711 dir=/home/runner/work/ozone/ozone/hadoop-ozone/integration-test/target/test-dir/MiniOzoneClusterImpl-6c2de427-7485-43c3-b878-dcc0cf80ac7a/ozone-metadata/datanode-2/data-0/hdds type=DISK capacity=9222449699674390527 used=0 available=9222449699674390527 minFree=9222450130714624 committed=0 }
2025-09-28 08:46:11,576 [ForkJoinPool-1-worker-1] INFO  volume.MutableVolumeSet (MutableVolumeSet.java:initializeVolumeSet(175)) - Added Volume : /home/runner/work/ozone/ozone/hadoop-ozone/integration-test/target/test-dir/MiniOzoneClusterImpl-6c2de427-7485-43c3-b878-dcc0cf80ac7a/ozone-metadata/datanode-2/data-0/hdds to VolumeSet
2025-09-28 08:46:11,578 [ForkJoinPool-1-worker-1] INFO  volume.MutableVolumeSet (MutableVolumeSet.java:initializeVolumeSet(175)) - Added Volume : /home/runner/work/ozone/ozone/hadoop-ozone/integration-test/target/test-dir/MiniOzoneClusterImpl-6c2de427-7485-43c3-b878-dcc0cf80ac7a/ozone-metadata/datanode-2/ratis to VolumeSet
2025-09-28 08:46:11,580 [ForkJoinPool-1-worker-1] INFO  ozoneimpl.OzoneContainer (HddsVolumeUtil.java:loadAllHddsVolumeDbStore(102)) - Load 1 volumes DbStore cost: 0ms
2025-09-28 08:46:11,580 [ForkJoinPool-1-worker-1] WARN  db.DBStoreBuilder (DBStoreBuilder.java:getDBDirPath(158)) - ozone.scm.datanode.id.dir is not configured. We recommend adding this setting. Falling back to ozone.metadata.dirs instead.
2025-09-28 08:46:11,582 [ForkJoinPool-1-worker-1] WARN  db.DBStoreBuilder (DBStoreBuilder.java:getDBDirPath(158)) - ozone.scm.datanode.id.dir is not configured. We recommend adding this setting. Falling back to ozone.metadata.dirs instead.
2025-09-28 08:46:11,605 [ForkJoinPool-1-worker-1] INFO  impl.FilePerChunkStrategy (FilePerChunkStrategy.java:<init>(79)) - ozone.chunk.read.mapped.buffer.max.count is load with 0
2025-09-28 08:46:11,606 [ForkJoinPool-1-worker-1] INFO  impl.FilePerBlockStrategy (FilePerBlockStrategy.java:<init>(88)) - ozone.chunk.read.mapped.buffer.max.count is load with 0
2025-09-28 08:46:11,609 [ForkJoinPool-1-worker-1] INFO  server.RaftServerConfigKeys (ConfUtils.java:logGet(62)) - raft.server.log.appender.buffer.byte-limit = 33554432 (custom)
2025-09-28 08:46:11,611 [ForkJoinPool-1-worker-1] INFO  grpc.GrpcConfigKeys (ConfUtils.java:logFallback(69)) - raft.grpc.admin.host = null (fallback to raft.grpc.server.host)
2025-09-28 08:46:11,612 [ForkJoinPool-1-worker-1] INFO  grpc.GrpcConfigKeys (ConfUtils.java:logGet(62)) - raft.grpc.admin.port = 15022 (custom)
2025-09-28 08:46:11,612 [ForkJoinPool-1-worker-1] INFO  grpc.GrpcConfigKeys (ConfUtils.java:logFallback(69)) - raft.grpc.client.host = null (fallback to raft.grpc.server.host)
2025-09-28 08:46:11,612 [ForkJoinPool-1-worker-1] INFO  grpc.GrpcConfigKeys (ConfUtils.java:logGet(62)) - raft.grpc.client.port = 15021 (custom)
2025-09-28 08:46:11,612 [ForkJoinPool-1-worker-1] INFO  grpc.GrpcConfigKeys (ConfUtils.java:logGet(62)) - raft.grpc.server.port = 15023 (custom)
2025-09-28 08:46:11,612 [9962ec60-824d-4b5c-b72c-a80d9f5353d3-DatanodeStateMachineTaskThread-0] INFO  datanode.InitDatanodeState (InitDatanodeState.java:persistContainerDatanodeDetails(139)) - DatanodeDetails is persisted to /home/runner/work/ozone/ozone/hadoop-ozone/integration-test/target/test-dir/MiniOzoneClusterImpl-6c2de427-7485-43c3-b878-dcc0cf80ac7a/ozone-metadata/datanode-1/ozone-metadata/datanode.id
2025-09-28 08:46:11,612 [ForkJoinPool-1-worker-1] INFO  server.GrpcServicesImpl (ConfUtils.java:logGet(62)) - raft.grpc.message.size.max = 34603008 (custom)
2025-09-28 08:46:11,613 [ForkJoinPool-1-worker-1] INFO  server.GrpcServicesImpl (ConfUtils.java:logGet(62)) - raft.grpc.flow.control.window = 5MB (=5242880) (custom)
2025-09-28 08:46:11,613 [ForkJoinPool-1-worker-1] INFO  server.RaftServerConfigKeys (ConfUtils.java:logGet(62)) - raft.server.log.appender.buffer.byte-limit = 33554432 (custom)
2025-09-28 08:46:11,615 [ForkJoinPool-1-worker-1] INFO  netty.NettyUtils (NettyUtils.java:newEventLoopGroup(74)) - Create EpollEventLoopGroup for b8386e11-96d4-4625-b991-c054db98adbd-NettyServerStreamRpc-bossGroup; Thread size is 0.
2025-09-28 08:46:11,616 [ForkJoinPool-1-worker-1] INFO  netty.NettyUtils (NettyUtils.java:newEventLoopGroup(74)) - Create EpollEventLoopGroup for b8386e11-96d4-4625-b991-c054db98adbd-NettyServerStreamRpc-workerGroup; Thread size is 0.
2025-09-28 08:46:11,617 [ForkJoinPool-1-worker-1] INFO  netty.NettyConfigKeys$DataStream (ConfUtils.java:logGet(62)) - raft.netty.dataStream.port = 15024 (custom)
2025-09-28 08:46:11,618 [ForkJoinPool-1-worker-1] INFO  server.RaftServerConfigKeys (ConfUtils.java:logGet(62)) - raft.server.storage.dir = [/home/runner/work/ozone/ozone/hadoop-ozone/integration-test/target/test-dir/MiniOzoneClusterImpl-6c2de427-7485-43c3-b878-dcc0cf80ac7a/ozone-metadata/datanode-2/ratis] (custom)
2025-09-28 08:46:11,618 [b8386e11-96d4-4625-b991-c054db98adbd-NettyServerStreamRpc-bossGroup--thread1] INFO  logging.LoggingHandler (AbstractInternalLogger.java:log(148)) - [id: 0x6f66fc4b] REGISTERED
2025-09-28 08:46:11,618 [b8386e11-96d4-4625-b991-c054db98adbd-NettyServerStreamRpc-bossGroup--thread1] INFO  logging.LoggingHandler (AbstractInternalLogger.java:log(148)) - [id: 0x6f66fc4b] BIND: 0.0.0.0/0.0.0.0:15024
2025-09-28 08:46:11,618 [b8386e11-96d4-4625-b991-c054db98adbd-NettyServerStreamRpc-bossGroup--thread1] INFO  logging.LoggingHandler (AbstractInternalLogger.java:log(148)) - [id: 0x6f66fc4b, L:/0.0.0.0:15024] ACTIVE
2025-09-28 08:46:11,618 [b8386e11-96d4-4625-b991-c054db98adbd-impl-thread1] INFO  server.RaftServer (RaftServerProxy.java:initGroupDir(270)) - b8386e11-96d4-4625-b991-c054db98adbd: found a subdirectory /home/runner/work/ozone/ozone/hadoop-ozone/integration-test/target/test-dir/MiniOzoneClusterImpl-6c2de427-7485-43c3-b878-dcc0cf80ac7a/ozone-metadata/datanode-2/ratis/tmp
2025-09-28 08:46:11,618 [b8386e11-96d4-4625-b991-c054db98adbd-impl-thread1] INFO  server.RaftServer (RaftServerProxy.java:initGroupDir(275)) - b8386e11-96d4-4625-b991-c054db98adbd: The directory /home/runner/work/ozone/ozone/hadoop-ozone/integration-test/target/test-dir/MiniOzoneClusterImpl-6c2de427-7485-43c3-b878-dcc0cf80ac7a/ozone-metadata/datanode-2/ratis/tmp is not a group directory; ignoring it. 
2025-09-28 08:46:11,619 [ForkJoinPool-1-worker-1] INFO  replication.ReplicationServer (ReplicationServer.java:<init>(84)) - Initializing replication server with thread count = 10 queue length = 4096
2025-09-28 08:46:11,620 [ForkJoinPool-1-worker-1] INFO  server.XceiverServerGrpc (XceiverServerGrpc.java:<init>(129)) - GrpcServer channel type EpollServerSocketChannel
2025-09-28 08:46:11,622 [ForkJoinPool-1-worker-1] INFO  replication.ReplicationSupervisor (ReplicationSupervisor.java:build(169)) - Initializing replication supervisor with thread count = 10
2025-09-28 08:46:11,622 [ForkJoinPool-1-worker-1] INFO  replication.ReplicationSupervisor (ReplicationSupervisor.java:nodeStateUpdated(358)) - Node state updated to IN_SERVICE, scaling executor pool size to 10
2025-09-28 08:46:11,627 [ForkJoinPool-1-worker-1] INFO  http.BaseHttpServer (BaseHttpServer.java:newHttpServer2BuilderForOzone(227)) - Starting Web-server for hddsDatanode at: http://0.0.0.0:15018
2025-09-28 08:46:11,627 [ForkJoinPool-1-worker-1] INFO  http.BaseHttpServer (BaseHttpServer.java:<init>(105)) - Hadoop Security Enabled: false Ozone Security Enabled: false Ozone HTTP Security Enabled: false 
2025-09-28 08:46:11,629 [ForkJoinPool-1-worker-1] WARN  server.AuthenticationFilter (AuthenticationFilter.java:constructSecretProvider(240)) - Unable to initialize FileSignerSecretProvider, falling back to use random secrets. Reason: Could not read signature secret file: /home/runner/hadoop-http-auth-signature-secret
2025-09-28 08:46:11,631 [ForkJoinPool-1-worker-1] INFO  http.HttpServer2 (HttpServer2.java:addGlobalFilter(1041)) - Added global filter 'safety' (class=org.apache.hadoop.hdds.server.http.HttpServer2$QuotingInputFilter)
2025-09-28 08:46:11,633 [ForkJoinPool-1-worker-1] INFO  http.HttpServer2 (HttpServer2.java:addFilter(1017)) - Added filter static_user_filter (class=org.apache.hadoop.http.lib.StaticUserWebFilter$StaticUserFilter) to context hddsDatanode
2025-09-28 08:46:11,633 [ForkJoinPool-1-worker-1] INFO  http.HttpServer2 (HttpServer2.java:addFilter(1025)) - Added filter static_user_filter (class=org.apache.hadoop.http.lib.StaticUserWebFilter$StaticUserFilter) to context static
2025-09-28 08:46:11,633 [ForkJoinPool-1-worker-1] INFO  http.HttpServer2 (HttpServer2.java:addFilter(1025)) - Added filter static_user_filter (class=org.apache.hadoop.http.lib.StaticUserWebFilter$StaticUserFilter) to context logs
2025-09-28 08:46:11,634 [ForkJoinPool-1-worker-1] INFO  http.BaseHttpServer (BaseHttpServer.java:<init>(193)) - HTTP server of hddsDatanode uses base directory /home/runner/work/ozone/ozone/hadoop-ozone/integration-test/target/test-dir/MiniOzoneClusterImpl-6c2de427-7485-43c3-b878-dcc0cf80ac7a/scm/ozone-metadata/webserver
2025-09-28 08:46:11,634 [ForkJoinPool-1-worker-1] INFO  http.HttpServer2 (HttpServer2.java:bindListener(1241)) - Jetty bound to port 15018
2025-09-28 08:46:11,634 [ForkJoinPool-1-worker-1] INFO  server.Server (Server.java:doStart(375)) - jetty-9.4.58.v20250814; built: 2025-08-14T02:28:49.637Z; git: 8f1440587e9e4ae7db3d74cf205643f3d707148d; jvm 21.0.8+9-LTS
2025-09-28 08:46:11,636 [ForkJoinPool-1-worker-1] INFO  server.session (DefaultSessionIdManager.java:doStart(334)) - DefaultSessionIdManager workerName=node0
2025-09-28 08:46:11,636 [ForkJoinPool-1-worker-1] INFO  server.session (DefaultSessionIdManager.java:doStart(339)) - No SessionScavenger set, using defaults
2025-09-28 08:46:11,636 [ForkJoinPool-1-worker-1] INFO  server.session (HouseKeeper.java:startScavenging(132)) - node0 Scavenging every 660000ms
2025-09-28 08:46:11,637 [ForkJoinPool-1-worker-1] INFO  handler.ContextHandler (ContextHandler.java:doStart(921)) - Started o.e.j.s.ServletContextHandler@3dfb3426{logs,/logs,file:///home/runner/work/ozone/ozone/hadoop-ozone/integration-test/target/log,AVAILABLE}
2025-09-28 08:46:11,638 [ForkJoinPool-1-worker-1] INFO  handler.ContextHandler (ContextHandler.java:doStart(921)) - Started o.e.j.s.ServletContextHandler@35ee1c1c{static,/static,jar:file:/home/runner/work/ozone/ozone/hadoop-hdds/container-service/target/hdds-container-service-2.1.0-SNAPSHOT.jar!/webapps/static,AVAILABLE}
2025-09-28 08:46:11,783 [ForkJoinPool-1-worker-1] INFO  handler.ContextHandler (ContextHandler.java:doStart(921)) - Started o.e.j.w.WebAppContext@4134ddec{hddsDatanode,/,file:///home/runner/work/ozone/ozone/hadoop-ozone/integration-test/target/test-dir/MiniOzoneClusterImpl-6c2de427-7485-43c3-b878-dcc0cf80ac7a/scm/ozone-metadata/webserver/jetty-0_0_0_0-15018-hdds-container-service-2_1_0-SNAPSHOT_jar-_-any-15622262645494138927/webapp/,AVAILABLE}{jar:file:/home/runner/work/ozone/ozone/hadoop-hdds/container-service/target/hdds-container-service-2.1.0-SNAPSHOT.jar!/webapps/hddsDatanode}
2025-09-28 08:46:11,784 [ForkJoinPool-1-worker-1] INFO  server.AbstractConnector (AbstractConnector.java:doStart(333)) - Started ServerConnector@23c2a9f5{HTTP/1.1, (http/1.1)}{0.0.0.0:15018}
2025-09-28 08:46:11,785 [ForkJoinPool-1-worker-1] INFO  server.Server (Server.java:doStart(415)) - Started @11597ms
2025-09-28 08:46:11,785 [ForkJoinPool-1-worker-1] WARN  impl.MetricsSystemImpl (MetricsSystemImpl.java:register(279)) - Sink prometheus already exists!
2025-09-28 08:46:11,785 [ForkJoinPool-1-worker-1] INFO  http.BaseHttpServer (BaseHttpServer.java:updateConnectorAddress(357)) - HTTP server of hddsDatanode listening at http://localhost:15018
2025-09-28 08:46:11,785 [ForkJoinPool-1-worker-1] INFO  ipc.CallQueueManager (CallQueueManager.java:<init>(93)) - Using callQueue: class java.util.concurrent.LinkedBlockingQueue, queueCapacity: 1000, scheduler: class org.apache.hadoop.ipc.DefaultRpcScheduler, ipcBackoff: false, ipcFailOver: false.
2025-09-28 08:46:11,786 [ForkJoinPool-1-worker-1] INFO  ipc.Server (Server.java:<init>(1438)) - Listener at 0.0.0.0:15019
2025-09-28 08:46:11,786 [Socket Reader #1 for port 15019] INFO  ipc.Server (Server.java:run(1474)) - Starting Socket Reader #1 for port 15019
2025-09-28 08:46:11,786 [Socket Reader #2 for port 15019] INFO  ipc.Server (Server.java:run(1474)) - Starting Socket Reader #2 for port 15019
2025-09-28 08:46:11,787 [Socket Reader #3 for port 15019] INFO  ipc.Server (Server.java:run(1474)) - Starting Socket Reader #3 for port 15019
2025-09-28 08:46:11,787 [Socket Reader #4 for port 15019] INFO  ipc.Server (Server.java:run(1474)) - Starting Socket Reader #4 for port 15019
2025-09-28 08:46:11,787 [Socket Reader #5 for port 15019] INFO  ipc.Server (Server.java:run(1474)) - Starting Socket Reader #5 for port 15019
2025-09-28 08:46:11,787 [Socket Reader #6 for port 15019] INFO  ipc.Server (Server.java:run(1474)) - Starting Socket Reader #6 for port 15019
2025-09-28 08:46:11,788 [Socket Reader #7 for port 15019] INFO  ipc.Server (Server.java:run(1474)) - Starting Socket Reader #7 for port 15019
2025-09-28 08:46:11,788 [Socket Reader #8 for port 15019] INFO  ipc.Server (Server.java:run(1474)) - Starting Socket Reader #8 for port 15019
2025-09-28 08:46:11,788 [Socket Reader #9 for port 15019] INFO  ipc.Server (Server.java:run(1474)) - Starting Socket Reader #9 for port 15019
2025-09-28 08:46:11,789 [Socket Reader #10 for port 15019] INFO  ipc.Server (Server.java:run(1474)) - Starting Socket Reader #10 for port 15019
2025-09-28 08:46:11,791 [ForkJoinPool-1-worker-1] INFO  ozone.HddsDatanodeService (HddsDatanodeService.java:start(333)) - Datanode start with admins: [admin, runner]
2025-09-28 08:46:11,791 [ForkJoinPool-1-worker-1] INFO  ozone.HddsDatanodeClientProtocolServer (HddsDatanodeClientProtocolServer.java:start(76)) - RPC server for Client /0.0.0.0:15019
2025-09-28 08:46:11,792 [IPC Server Responder] INFO  ipc.Server (Server.java:run(1713)) - IPC Server Responder: starting
2025-09-28 08:46:11,792 [IPC Server listener on 15019] INFO  ipc.Server (Server.java:run(1553)) - IPC Server listener on 15019: starting
2025-09-28 08:46:11,794 [ForkJoinPool-1-worker-1] WARN  dropwizard3.Dm3MetricRegistriesImpl (Dm3MetricRegistriesImpl.java:addReporterRegistration(114)) - New reporters are added after registries were created. Some metrics will be missing from the reporter. Please add reporter before adding any new registry.
2025-09-28 08:46:11,794 [ForkJoinPool-1-worker-1] WARN  dropwizard3.Dm3MetricRegistriesImpl (Dm3MetricRegistriesImpl.java:addReporterRegistration(114)) - New reporters are added after registries were created. Some metrics will be missing from the reporter. Please add reporter before adding any new registry.
2025-09-28 08:46:11,794 [ForkJoinPool-1-worker-1] INFO  impl.MetricsSystemImpl (MetricsSystemImpl.java:init(158)) - HddsDatanode metrics system started (again)
2025-09-28 08:46:11,796 [b8386e11-96d4-4625-b991-c054db98adbd-DatanodeStateMachineDaemonThread] INFO  statemachine.DatanodeStateMachine (DatanodeStateMachine.java:startStateMachineThread(363)) - Ozone container server started.
2025-09-28 08:46:11,803 [b8386e11-96d4-4625-b991-c054db98adbd-DatanodeStateMachineTaskThread-0] INFO  datanode.InitDatanodeState (InitDatanodeState.java:persistContainerDatanodeDetails(139)) - DatanodeDetails is persisted to /home/runner/work/ozone/ozone/hadoop-ozone/integration-test/target/test-dir/MiniOzoneClusterImpl-6c2de427-7485-43c3-b878-dcc0cf80ac7a/ozone-metadata/datanode-2/ozone-metadata/datanode.id
2025-09-28 08:46:11,817 [ForkJoinPool-1-worker-1] INFO  protocol.DatanodeDetails (DatanodeDetails.java:validateDatanodeIpAddress(199)) - Updating IP address of datanode bb53dc84-9509-46ab-9745-0f1d93457633(localhost/null) to 127.0.0.1
2025-09-28 08:46:11,817 [ForkJoinPool-1-worker-1] INFO  ozone.HddsDatanodeService (HddsDatanodeService.java:start(236)) - HddsDatanodeService bb53dc84-9509-46ab-9745-0f1d93457633(localhost/127.0.0.1)
2025-09-28 08:46:11,820 [ForkJoinPool-1-worker-1] INFO  upgrade.AbstractLayoutVersionManager (AbstractLayoutVersionManager.java:init(80)) - Initializing Layout version manager with metadata layout = WITNESSED_CONTAINER_DB_PROTO_VALUE (version = 9), software layout = WITNESSED_CONTAINER_DB_PROTO_VALUE (version = 9)
2025-09-28 08:46:11,821 [ForkJoinPool-1-worker-1] INFO  statemachine.DatanodeStateMachine (DatanodeStateMachine.java:getEndPointTaskThreadPoolSize(321)) - Datanode State Machine Task Thread Pool size 2
2025-09-28 08:46:11,825 [ForkJoinPool-1-worker-1] INFO  volume.HddsVolume (HddsVolume.java:<init>(162)) - HddsVolume: { id=DS-6c5685e3-659d-4b0e-bd13-81383926cf77 dir=/home/runner/work/ozone/ozone/hadoop-ozone/integration-test/target/test-dir/MiniOzoneClusterImpl-6c2de427-7485-43c3-b878-dcc0cf80ac7a/ozone-metadata/datanode-3/data-0/hdds type=DISK capacity=9222449699674390527 used=0 available=9222449699674390527 minFree=9222450130714624 committed=0 }
2025-09-28 08:46:11,825 [ForkJoinPool-1-worker-1] INFO  volume.MutableVolumeSet (MutableVolumeSet.java:initializeVolumeSet(175)) - Added Volume : /home/runner/work/ozone/ozone/hadoop-ozone/integration-test/target/test-dir/MiniOzoneClusterImpl-6c2de427-7485-43c3-b878-dcc0cf80ac7a/ozone-metadata/datanode-3/data-0/hdds to VolumeSet
2025-09-28 08:46:11,827 [ForkJoinPool-1-worker-1] INFO  volume.MutableVolumeSet (MutableVolumeSet.java:initializeVolumeSet(175)) - Added Volume : /home/runner/work/ozone/ozone/hadoop-ozone/integration-test/target/test-dir/MiniOzoneClusterImpl-6c2de427-7485-43c3-b878-dcc0cf80ac7a/ozone-metadata/datanode-3/ratis to VolumeSet
2025-09-28 08:46:11,828 [ForkJoinPool-1-worker-1] INFO  ozoneimpl.OzoneContainer (HddsVolumeUtil.java:loadAllHddsVolumeDbStore(102)) - Load 1 volumes DbStore cost: 0ms
2025-09-28 08:46:11,830 [ForkJoinPool-1-worker-1] WARN  db.DBStoreBuilder (DBStoreBuilder.java:getDBDirPath(158)) - ozone.scm.datanode.id.dir is not configured. We recommend adding this setting. Falling back to ozone.metadata.dirs instead.
2025-09-28 08:46:11,832 [ForkJoinPool-1-worker-1] WARN  db.DBStoreBuilder (DBStoreBuilder.java:getDBDirPath(158)) - ozone.scm.datanode.id.dir is not configured. We recommend adding this setting. Falling back to ozone.metadata.dirs instead.
2025-09-28 08:46:11,848 [ForkJoinPool-1-worker-1] INFO  impl.FilePerChunkStrategy (FilePerChunkStrategy.java:<init>(79)) - ozone.chunk.read.mapped.buffer.max.count is load with 0
2025-09-28 08:46:11,849 [ForkJoinPool-1-worker-1] INFO  impl.FilePerBlockStrategy (FilePerBlockStrategy.java:<init>(88)) - ozone.chunk.read.mapped.buffer.max.count is load with 0
2025-09-28 08:46:11,851 [ForkJoinPool-1-worker-1] INFO  server.RaftServerConfigKeys (ConfUtils.java:logGet(62)) - raft.server.log.appender.buffer.byte-limit = 33554432 (custom)
2025-09-28 08:46:11,853 [ForkJoinPool-1-worker-1] INFO  grpc.GrpcConfigKeys (ConfUtils.java:logFallback(69)) - raft.grpc.admin.host = null (fallback to raft.grpc.server.host)
2025-09-28 08:46:11,854 [ForkJoinPool-1-worker-1] INFO  grpc.GrpcConfigKeys (ConfUtils.java:logGet(62)) - raft.grpc.admin.port = 15030 (custom)
2025-09-28 08:46:11,854 [ForkJoinPool-1-worker-1] INFO  grpc.GrpcConfigKeys (ConfUtils.java:logFallback(69)) - raft.grpc.client.host = null (fallback to raft.grpc.server.host)
2025-09-28 08:46:11,854 [ForkJoinPool-1-worker-1] INFO  grpc.GrpcConfigKeys (ConfUtils.java:logGet(62)) - raft.grpc.client.port = 15029 (custom)
2025-09-28 08:46:11,854 [ForkJoinPool-1-worker-1] INFO  grpc.GrpcConfigKeys (ConfUtils.java:logGet(62)) - raft.grpc.server.port = 15031 (custom)
2025-09-28 08:46:11,854 [ForkJoinPool-1-worker-1] INFO  server.GrpcServicesImpl (ConfUtils.java:logGet(62)) - raft.grpc.message.size.max = 34603008 (custom)
2025-09-28 08:46:11,855 [ForkJoinPool-1-worker-1] INFO  server.GrpcServicesImpl (ConfUtils.java:logGet(62)) - raft.grpc.flow.control.window = 5MB (=5242880) (custom)
2025-09-28 08:46:11,855 [ForkJoinPool-1-worker-1] INFO  server.RaftServerConfigKeys (ConfUtils.java:logGet(62)) - raft.server.log.appender.buffer.byte-limit = 33554432 (custom)
2025-09-28 08:46:11,857 [ForkJoinPool-1-worker-1] INFO  netty.NettyUtils (NettyUtils.java:newEventLoopGroup(74)) - Create EpollEventLoopGroup for bb53dc84-9509-46ab-9745-0f1d93457633-NettyServerStreamRpc-bossGroup; Thread size is 0.
2025-09-28 08:46:11,858 [ForkJoinPool-1-worker-1] INFO  netty.NettyUtils (NettyUtils.java:newEventLoopGroup(74)) - Create EpollEventLoopGroup for bb53dc84-9509-46ab-9745-0f1d93457633-NettyServerStreamRpc-workerGroup; Thread size is 0.
2025-09-28 08:46:11,859 [ForkJoinPool-1-worker-1] INFO  netty.NettyConfigKeys$DataStream (ConfUtils.java:logGet(62)) - raft.netty.dataStream.port = 15032 (custom)
2025-09-28 08:46:11,860 [ForkJoinPool-1-worker-1] INFO  server.RaftServerConfigKeys (ConfUtils.java:logGet(62)) - raft.server.storage.dir = [/home/runner/work/ozone/ozone/hadoop-ozone/integration-test/target/test-dir/MiniOzoneClusterImpl-6c2de427-7485-43c3-b878-dcc0cf80ac7a/ozone-metadata/datanode-3/ratis] (custom)
2025-09-28 08:46:11,860 [bb53dc84-9509-46ab-9745-0f1d93457633-NettyServerStreamRpc-bossGroup--thread1] INFO  logging.LoggingHandler (AbstractInternalLogger.java:log(148)) - [id: 0x49c4c112] REGISTERED
2025-09-28 08:46:11,861 [bb53dc84-9509-46ab-9745-0f1d93457633-NettyServerStreamRpc-bossGroup--thread1] INFO  logging.LoggingHandler (AbstractInternalLogger.java:log(148)) - [id: 0x49c4c112] BIND: 0.0.0.0/0.0.0.0:15032
2025-09-28 08:46:11,861 [bb53dc84-9509-46ab-9745-0f1d93457633-impl-thread1] INFO  server.RaftServer (RaftServerProxy.java:initGroupDir(270)) - bb53dc84-9509-46ab-9745-0f1d93457633: found a subdirectory /home/runner/work/ozone/ozone/hadoop-ozone/integration-test/target/test-dir/MiniOzoneClusterImpl-6c2de427-7485-43c3-b878-dcc0cf80ac7a/ozone-metadata/datanode-3/ratis/tmp
2025-09-28 08:46:11,862 [bb53dc84-9509-46ab-9745-0f1d93457633-impl-thread1] INFO  server.RaftServer (RaftServerProxy.java:initGroupDir(275)) - bb53dc84-9509-46ab-9745-0f1d93457633: The directory /home/runner/work/ozone/ozone/hadoop-ozone/integration-test/target/test-dir/MiniOzoneClusterImpl-6c2de427-7485-43c3-b878-dcc0cf80ac7a/ozone-metadata/datanode-3/ratis/tmp is not a group directory; ignoring it. 
2025-09-28 08:46:11,862 [bb53dc84-9509-46ab-9745-0f1d93457633-NettyServerStreamRpc-bossGroup--thread1] INFO  logging.LoggingHandler (AbstractInternalLogger.java:log(148)) - [id: 0x49c4c112, L:/0.0.0.0:15032] ACTIVE
2025-09-28 08:46:11,862 [ForkJoinPool-1-worker-1] INFO  replication.ReplicationServer (ReplicationServer.java:<init>(84)) - Initializing replication server with thread count = 10 queue length = 4096
2025-09-28 08:46:11,864 [ForkJoinPool-1-worker-1] INFO  server.XceiverServerGrpc (XceiverServerGrpc.java:<init>(129)) - GrpcServer channel type EpollServerSocketChannel
2025-09-28 08:46:11,866 [ForkJoinPool-1-worker-1] INFO  replication.ReplicationSupervisor (ReplicationSupervisor.java:build(169)) - Initializing replication supervisor with thread count = 10
2025-09-28 08:46:11,866 [ForkJoinPool-1-worker-1] INFO  replication.ReplicationSupervisor (ReplicationSupervisor.java:nodeStateUpdated(358)) - Node state updated to IN_SERVICE, scaling executor pool size to 10
2025-09-28 08:46:11,870 [ForkJoinPool-1-worker-1] INFO  http.BaseHttpServer (BaseHttpServer.java:newHttpServer2BuilderForOzone(227)) - Starting Web-server for hddsDatanode at: http://0.0.0.0:15026
2025-09-28 08:46:11,870 [ForkJoinPool-1-worker-1] INFO  http.BaseHttpServer (BaseHttpServer.java:<init>(105)) - Hadoop Security Enabled: false Ozone Security Enabled: false Ozone HTTP Security Enabled: false 
2025-09-28 08:46:11,872 [ForkJoinPool-1-worker-1] WARN  server.AuthenticationFilter (AuthenticationFilter.java:constructSecretProvider(240)) - Unable to initialize FileSignerSecretProvider, falling back to use random secrets. Reason: Could not read signature secret file: /home/runner/hadoop-http-auth-signature-secret
2025-09-28 08:46:11,874 [ForkJoinPool-1-worker-1] INFO  http.HttpServer2 (HttpServer2.java:addGlobalFilter(1041)) - Added global filter 'safety' (class=org.apache.hadoop.hdds.server.http.HttpServer2$QuotingInputFilter)
2025-09-28 08:46:11,876 [ForkJoinPool-1-worker-1] INFO  http.HttpServer2 (HttpServer2.java:addFilter(1017)) - Added filter static_user_filter (class=org.apache.hadoop.http.lib.StaticUserWebFilter$StaticUserFilter) to context hddsDatanode
2025-09-28 08:46:11,877 [ForkJoinPool-1-worker-1] INFO  http.HttpServer2 (HttpServer2.java:addFilter(1025)) - Added filter static_user_filter (class=org.apache.hadoop.http.lib.StaticUserWebFilter$StaticUserFilter) to context logs
2025-09-28 08:46:11,877 [ForkJoinPool-1-worker-1] INFO  http.HttpServer2 (HttpServer2.java:addFilter(1025)) - Added filter static_user_filter (class=org.apache.hadoop.http.lib.StaticUserWebFilter$StaticUserFilter) to context static
2025-09-28 08:46:11,877 [ForkJoinPool-1-worker-1] INFO  http.BaseHttpServer (BaseHttpServer.java:<init>(193)) - HTTP server of hddsDatanode uses base directory /home/runner/work/ozone/ozone/hadoop-ozone/integration-test/target/test-dir/MiniOzoneClusterImpl-6c2de427-7485-43c3-b878-dcc0cf80ac7a/scm/ozone-metadata/webserver
2025-09-28 08:46:11,878 [ForkJoinPool-1-worker-1] INFO  http.HttpServer2 (HttpServer2.java:bindListener(1241)) - Jetty bound to port 15026
2025-09-28 08:46:11,878 [ForkJoinPool-1-worker-1] INFO  server.Server (Server.java:doStart(375)) - jetty-9.4.58.v20250814; built: 2025-08-14T02:28:49.637Z; git: 8f1440587e9e4ae7db3d74cf205643f3d707148d; jvm 21.0.8+9-LTS
2025-09-28 08:46:11,879 [ForkJoinPool-1-worker-1] INFO  server.session (DefaultSessionIdManager.java:doStart(334)) - DefaultSessionIdManager workerName=node0
2025-09-28 08:46:11,880 [ForkJoinPool-1-worker-1] INFO  server.session (DefaultSessionIdManager.java:doStart(339)) - No SessionScavenger set, using defaults
2025-09-28 08:46:11,880 [ForkJoinPool-1-worker-1] INFO  server.session (HouseKeeper.java:startScavenging(132)) - node0 Scavenging every 660000ms
2025-09-28 08:46:11,881 [ForkJoinPool-1-worker-1] INFO  handler.ContextHandler (ContextHandler.java:doStart(921)) - Started o.e.j.s.ServletContextHandler@4caefa5f{logs,/logs,file:///home/runner/work/ozone/ozone/hadoop-ozone/integration-test/target/log,AVAILABLE}
2025-09-28 08:46:11,882 [ForkJoinPool-1-worker-1] INFO  handler.ContextHandler (ContextHandler.java:doStart(921)) - Started o.e.j.s.ServletContextHandler@319233ac{static,/static,jar:file:/home/runner/work/ozone/ozone/hadoop-hdds/container-service/target/hdds-container-service-2.1.0-SNAPSHOT.jar!/webapps/static,AVAILABLE}
2025-09-28 08:46:11,988 [om1@group-C5BA1605619E-FollowerState] INFO  impl.FollowerState (FollowerState.java:runImpl(161)) - om1@group-C5BA1605619E-FollowerState: change to CANDIDATE, lastRpcElapsedTime:1090651812ns, electionTimeout:1090ms
2025-09-28 08:46:11,988 [om1@group-C5BA1605619E-FollowerState] INFO  impl.RoleInfo (RoleInfo.java:shutdownFollowerState(121)) - om1: shutdown om1@group-C5BA1605619E-FollowerState
2025-09-28 08:46:11,988 [om1@group-C5BA1605619E-FollowerState] INFO  server.RaftServer$Division (RaftServerImpl.java:setRole(392)) - om1@group-C5BA1605619E: changes role from  FOLLOWER to CANDIDATE at term 0 for changeToCandidate
2025-09-28 08:46:11,989 [om1@group-C5BA1605619E-FollowerState] INFO  impl.RoleInfo (RoleInfo.java:updateAndGet(148)) - om1: start om1@group-C5BA1605619E-LeaderElection3
2025-09-28 08:46:11,989 [om1@group-C5BA1605619E-LeaderElection3] INFO  impl.LeaderElection (LeaderElection.java:askForVotes(448)) - om1@group-C5BA1605619E-LeaderElection3 PRE_VOTE round 0: submit vote requests at term 0 for conf: {index: -1, cur=peers:[om1|localhost:15009]|listeners:[], old=null}
2025-09-28 08:46:11,989 [om1@group-C5BA1605619E-LeaderElection3] INFO  impl.LeaderElection (LeaderElection.java:askForVotes(450)) - om1@group-C5BA1605619E-LeaderElection3 PRE_VOTE round 0: result PASSED (term=0)
2025-09-28 08:46:11,991 [om1@group-C5BA1605619E-LeaderElection3] INFO  impl.LeaderElection (LeaderElection.java:askForVotes(448)) - om1@group-C5BA1605619E-LeaderElection3 ELECTION round 0: submit vote requests at term 1 for conf: {index: -1, cur=peers:[om1|localhost:15009]|listeners:[], old=null}
2025-09-28 08:46:11,991 [om1@group-C5BA1605619E-LeaderElection3] INFO  impl.LeaderElection (LeaderElection.java:askForVotes(450)) - om1@group-C5BA1605619E-LeaderElection3 ELECTION round 0: result PASSED (term=1)
2025-09-28 08:46:11,991 [om1@group-C5BA1605619E-LeaderElection3] INFO  impl.RoleInfo (RoleInfo.java:shutdownLeaderElection(141)) - om1: shutdown om1@group-C5BA1605619E-LeaderElection3
2025-09-28 08:46:11,991 [om1@group-C5BA1605619E-LeaderElection3] INFO  server.RaftServer$Division (RaftServerImpl.java:setRole(392)) - om1@group-C5BA1605619E: changes role from CANDIDATE to LEADER at term 1 for changeToLeader
2025-09-28 08:46:11,991 [om1@group-C5BA1605619E-LeaderElection3] INFO  server.RaftServerConfigKeys (ConfUtils.java:logFallback(69)) - raft.server.staging.timeout = 3600ms (fallback to raft.server.rpc.timeout.max)
2025-09-28 08:46:11,992 [om1@group-C5BA1605619E-LeaderElection3] INFO  server.RaftServerConfigKeys (ConfUtils.java:logGet(62)) - raft.server.write.byte-limit = 67108864 (custom)
2025-09-28 08:46:11,993 [om1@group-C5BA1605619E-LeaderElection3] INFO  impl.RoleInfo (RoleInfo.java:updateAndGet(148)) - om1: start om1@group-C5BA1605619E-LeaderStateImpl
2025-09-28 08:46:11,993 [om1@group-C5BA1605619E-LeaderElection3] INFO  server.RaftServer$Division (RaftServerImpl.java:setFirstElection(576)) - om1@group-C5BA1605619E: set firstElectionSinceStartup to false for becomeLeader
2025-09-28 08:46:11,996 [om1@group-C5BA1605619E-LeaderElection3] INFO  ratis.OzoneManagerStateMachine (OzoneManagerStateMachine.java:notifyLeaderChanged(174)) - om1@group-C5BA1605619E: leader changed to om1
2025-09-28 08:46:11,996 [om1@group-C5BA1605619E-LeaderElection3] INFO  server.RaftServer$Division (ServerState.java:setLeader(272)) - om1@group-C5BA1605619E: change Leader from null to om1 at term 1 for becomeLeader, leader elected after 2140ms
2025-09-28 08:46:11,996 [om1@group-C5BA1605619E-LeaderElection3] INFO  segmented.SegmentedRaftLogWorker (SegmentedRaftLogWorker.java:startLogSegment(440)) - om1@group-C5BA1605619E-SegmentedRaftLogWorker: Starting segment from index:0
2025-09-28 08:46:11,996 [om1@group-C5BA1605619E-LeaderElection3] INFO  server.RaftServer$Division (ServerState.java:setRaftConf(386)) - om1@group-C5BA1605619E: set configuration conf: {index: 0, cur=peers:[om1|localhost:15009]|listeners:[], old=null}
2025-09-28 08:46:11,997 [om1@group-C5BA1605619E-SegmentedRaftLogWorker] INFO  segmented.BufferedWriteChannel (BufferedWriteChannel.java:open(61)) - open log_inprogress_0 at position 0
2025-09-28 08:46:12,003 [om1@group-C5BA1605619E-SegmentedRaftLogWorker] INFO  segmented.SegmentedRaftLogWorker (SegmentedRaftLogWorker.java:execute(647)) - om1@group-C5BA1605619E-SegmentedRaftLogWorker: created new log segment /home/runner/work/ozone/ozone/hadoop-ozone/integration-test/target/test-dir/MiniOzoneClusterImpl-6c2de427-7485-43c3-b878-dcc0cf80ac7a/om/ratis/bf265839-605b-3f16-9796-c5ba1605619e/current/log_inprogress_0
2025-09-28 08:46:12,007 [om1@group-C5BA1605619E-StateMachineUpdater] INFO  ratis.OzoneManagerStateMachine (OzoneManagerStateMachine.java:notifyConfigurationChanged(243)) - notifyConfigurationChanged from Ratis: term=1, index=0, New Peer list: om1(localhost:15009), New Listener list
2025-09-28 08:46:12,007 [om1@group-C5BA1605619E-StateMachineUpdater] INFO  server.RaftServer$Division (LeaderStateImpl.java:checkStartIndex(309)) - Leader om1@group-C5BA1605619E-LeaderStateImpl is ready since appliedIndex == startIndex == 0
2025-09-28 08:46:12,029 [ForkJoinPool-1-worker-1] INFO  handler.ContextHandler (ContextHandler.java:doStart(921)) - Started o.e.j.w.WebAppContext@6e3a84ea{hddsDatanode,/,file:///home/runner/work/ozone/ozone/hadoop-ozone/integration-test/target/test-dir/MiniOzoneClusterImpl-6c2de427-7485-43c3-b878-dcc0cf80ac7a/scm/ozone-metadata/webserver/jetty-0_0_0_0-15026-hdds-container-service-2_1_0-SNAPSHOT_jar-_-any-13610639563969261177/webapp/,AVAILABLE}{jar:file:/home/runner/work/ozone/ozone/hadoop-hdds/container-service/target/hdds-container-service-2.1.0-SNAPSHOT.jar!/webapps/hddsDatanode}
2025-09-28 08:46:12,030 [ForkJoinPool-1-worker-1] INFO  server.AbstractConnector (AbstractConnector.java:doStart(333)) - Started ServerConnector@1888b6e6{HTTP/1.1, (http/1.1)}{0.0.0.0:15026}
2025-09-28 08:46:12,031 [ForkJoinPool-1-worker-1] INFO  server.Server (Server.java:doStart(415)) - Started @11843ms
2025-09-28 08:46:12,031 [ForkJoinPool-1-worker-1] WARN  impl.MetricsSystemImpl (MetricsSystemImpl.java:register(279)) - Sink prometheus already exists!
2025-09-28 08:46:12,031 [ForkJoinPool-1-worker-1] INFO  http.BaseHttpServer (BaseHttpServer.java:updateConnectorAddress(357)) - HTTP server of hddsDatanode listening at http://localhost:15026
2025-09-28 08:46:12,032 [ForkJoinPool-1-worker-1] INFO  ipc.CallQueueManager (CallQueueManager.java:<init>(93)) - Using callQueue: class java.util.concurrent.LinkedBlockingQueue, queueCapacity: 1000, scheduler: class org.apache.hadoop.ipc.DefaultRpcScheduler, ipcBackoff: false, ipcFailOver: false.
2025-09-28 08:46:12,032 [ForkJoinPool-1-worker-1] INFO  ipc.Server (Server.java:<init>(1438)) - Listener at 0.0.0.0:15027
2025-09-28 08:46:12,032 [Socket Reader #1 for port 15027] INFO  ipc.Server (Server.java:run(1474)) - Starting Socket Reader #1 for port 15027
2025-09-28 08:46:12,033 [Socket Reader #2 for port 15027] INFO  ipc.Server (Server.java:run(1474)) - Starting Socket Reader #2 for port 15027
2025-09-28 08:46:12,033 [Socket Reader #3 for port 15027] INFO  ipc.Server (Server.java:run(1474)) - Starting Socket Reader #3 for port 15027
2025-09-28 08:46:12,033 [Socket Reader #4 for port 15027] INFO  ipc.Server (Server.java:run(1474)) - Starting Socket Reader #4 for port 15027
2025-09-28 08:46:12,033 [Socket Reader #5 for port 15027] INFO  ipc.Server (Server.java:run(1474)) - Starting Socket Reader #5 for port 15027
2025-09-28 08:46:12,033 [Socket Reader #6 for port 15027] INFO  ipc.Server (Server.java:run(1474)) - Starting Socket Reader #6 for port 15027
2025-09-28 08:46:12,034 [Socket Reader #7 for port 15027] INFO  ipc.Server (Server.java:run(1474)) - Starting Socket Reader #7 for port 15027
2025-09-28 08:46:12,034 [Socket Reader #8 for port 15027] INFO  ipc.Server (Server.java:run(1474)) - Starting Socket Reader #8 for port 15027
2025-09-28 08:46:12,035 [Socket Reader #9 for port 15027] INFO  ipc.Server (Server.java:run(1474)) - Starting Socket Reader #9 for port 15027
2025-09-28 08:46:12,035 [Socket Reader #10 for port 15027] INFO  ipc.Server (Server.java:run(1474)) - Starting Socket Reader #10 for port 15027
2025-09-28 08:46:12,037 [ForkJoinPool-1-worker-1] INFO  ozone.HddsDatanodeService (HddsDatanodeService.java:start(333)) - Datanode start with admins: [admin, runner]
2025-09-28 08:46:12,037 [ForkJoinPool-1-worker-1] INFO  ozone.HddsDatanodeClientProtocolServer (HddsDatanodeClientProtocolServer.java:start(76)) - RPC server for Client /0.0.0.0:15027
2025-09-28 08:46:12,037 [IPC Server Responder] INFO  ipc.Server (Server.java:run(1713)) - IPC Server Responder: starting
2025-09-28 08:46:12,037 [IPC Server listener on 15027] INFO  ipc.Server (Server.java:run(1553)) - IPC Server listener on 15027: starting
2025-09-28 08:46:12,042 [bb53dc84-9509-46ab-9745-0f1d93457633-DatanodeStateMachineDaemonThread] INFO  statemachine.DatanodeStateMachine (DatanodeStateMachine.java:startStateMachineThread(363)) - Ozone container server started.
2025-09-28 08:46:12,044 [ForkJoinPool-1-worker-1] INFO  ozone.MiniOzoneClusterImpl (MiniOzoneClusterImpl.java:lambda$waitForClusterToBeReady$0(181)) - Waiting for nodes to be ready. Got 0 of 3 DN Heartbeats.
2025-09-28 08:46:12,044 [ForkJoinPool-1-worker-1] INFO  ozone.MiniOzoneClusterImpl (MiniOzoneClusterImpl.java:lambda$waitForClusterToBeReady$0(184)) - Waiting for cluster to exit safe mode
2025-09-28 08:46:12,045 [ForkJoinPool-1-worker-1] INFO  ozone.MiniOzoneClusterImpl (MiniOzoneClusterImpl.java:lambda$waitForClusterToBeReady$0(186)) - SCM became leader
2025-09-28 08:46:12,048 [bb53dc84-9509-46ab-9745-0f1d93457633-DatanodeStateMachineTaskThread-0] INFO  datanode.InitDatanodeState (InitDatanodeState.java:persistContainerDatanodeDetails(139)) - DatanodeDetails is persisted to /home/runner/work/ozone/ozone/hadoop-ozone/integration-test/target/test-dir/MiniOzoneClusterImpl-6c2de427-7485-43c3-b878-dcc0cf80ac7a/ozone-metadata/datanode-3/ozone-metadata/datanode.id
2025-09-28 08:46:12,144 [9962ec60-824d-4b5c-b72c-a80d9f5353d3-EndpointStateMachineTaskThread-/0.0.0.0:15002-0 ] INFO  utils.DatanodeStoreCache (DatanodeStoreCache.java:addDB(70)) - Added db /home/runner/work/ozone/ozone/hadoop-ozone/integration-test/target/test-dir/MiniOzoneClusterImpl-6c2de427-7485-43c3-b878-dcc0cf80ac7a/ozone-metadata/datanode-1/data-0/hdds/6c2de427-7485-43c3-b878-dcc0cf80ac7a/DS-2bd9a162-4bd4-4dbd-ada1-e21e22f6f8b2/container.db to cache
2025-09-28 08:46:12,144 [9962ec60-824d-4b5c-b72c-a80d9f5353d3-EndpointStateMachineTaskThread-/0.0.0.0:15002-0 ] INFO  volume.HddsVolume (HddsVolume.java:createDbStore(576)) - SchemaV3 db is created and loaded at /home/runner/work/ozone/ozone/hadoop-ozone/integration-test/target/test-dir/MiniOzoneClusterImpl-6c2de427-7485-43c3-b878-dcc0cf80ac7a/ozone-metadata/datanode-1/data-0/hdds/6c2de427-7485-43c3-b878-dcc0cf80ac7a/DS-2bd9a162-4bd4-4dbd-ada1-e21e22f6f8b2/container.db for volume DS-2bd9a162-4bd4-4dbd-ada1-e21e22f6f8b2
2025-09-28 08:46:12,155 [9962ec60-824d-4b5c-b72c-a80d9f5353d3-ContainerReader-0] INFO  ozoneimpl.ContainerReader (ContainerReader.java:readVolume(147)) - Start to verify containers on volume /home/runner/work/ozone/ozone/hadoop-ozone/integration-test/target/test-dir/MiniOzoneClusterImpl-6c2de427-7485-43c3-b878-dcc0cf80ac7a/ozone-metadata/datanode-1/data-0/hdds
2025-09-28 08:46:12,155 [9962ec60-824d-4b5c-b72c-a80d9f5353d3-ContainerReader-0] INFO  ozoneimpl.ContainerReader (ContainerReader.java:readVolume(177)) - Finish verifying containers on volume /home/runner/work/ozone/ozone/hadoop-ozone/integration-test/target/test-dir/MiniOzoneClusterImpl-6c2de427-7485-43c3-b878-dcc0cf80ac7a/ozone-metadata/datanode-1/data-0/hdds
2025-09-28 08:46:12,156 [9962ec60-824d-4b5c-b72c-a80d9f5353d3-EndpointStateMachineTaskThread-/0.0.0.0:15002-0 ] INFO  ozoneimpl.OzoneContainer (OzoneContainer.java:buildContainerSet(370)) - Build ContainerSet costs 0s
2025-09-28 08:46:12,157 [9962ec60-824d-4b5c-b72c-a80d9f5353d3-EndpointStateMachineTaskThread-/0.0.0.0:15002-0 ] INFO  volume.ThrottledAsyncChecker (ThrottledAsyncChecker.java:schedule(138)) - Scheduling a check for /home/runner/work/ozone/ozone/hadoop-ozone/integration-test/target/test-dir/MiniOzoneClusterImpl-6c2de427-7485-43c3-b878-dcc0cf80ac7a/ozone-metadata/datanode-1/data-0/hdds
2025-09-28 08:46:12,163 [9962ec60-824d-4b5c-b72c-a80d9f5353d3-EndpointStateMachineTaskThread-/0.0.0.0:15002-0 ] INFO  volume.StorageVolumeChecker (StorageVolumeChecker.java:checkAllVolumes(231)) - Scheduled health check for volume /home/runner/work/ozone/ozone/hadoop-ozone/integration-test/target/test-dir/MiniOzoneClusterImpl-6c2de427-7485-43c3-b878-dcc0cf80ac7a/ozone-metadata/datanode-1/data-0/hdds
2025-09-28 08:46:12,172 [9962ec60-824d-4b5c-b72c-a80d9f5353d3-EndpointStateMachineTaskThread-/0.0.0.0:15002-0 ] INFO  volume.ThrottledAsyncChecker (ThrottledAsyncChecker.java:schedule(138)) - Scheduling a check for /home/runner/work/ozone/ozone/hadoop-ozone/integration-test/target/test-dir/MiniOzoneClusterImpl-6c2de427-7485-43c3-b878-dcc0cf80ac7a/ozone-metadata/datanode-1/ratis
2025-09-28 08:46:12,172 [9962ec60-824d-4b5c-b72c-a80d9f5353d3-EndpointStateMachineTaskThread-/0.0.0.0:15002-0 ] INFO  volume.StorageVolumeChecker (StorageVolumeChecker.java:checkAllVolumes(231)) - Scheduled health check for volume /home/runner/work/ozone/ozone/hadoop-ozone/integration-test/target/test-dir/MiniOzoneClusterImpl-6c2de427-7485-43c3-b878-dcc0cf80ac7a/ozone-metadata/datanode-1/ratis
2025-09-28 08:46:12,173 [9962ec60-824d-4b5c-b72c-a80d9f5353d3-EndpointStateMachineTaskThread-/0.0.0.0:15002-0 ] INFO  ozoneimpl.OzoneContainer (OzoneContainer.java:start(525)) - Attempting to start container services.
2025-09-28 08:46:12,179 [ContainerMetadataScanner] INFO  ozoneimpl.AbstractBackgroundContainerScanner (AbstractBackgroundContainerScanner.java:runIteration(89)) - Completed an iteration in 0 minutes. Number of iterations (since the data-node restart) : 1, Number of containers scanned in this iteration : 0, Number of unhealthy containers found in this iteration : 0
2025-09-28 08:46:12,183 [ContainerDataScanner(/home/runner/work/ozone/ozone/hadoop-ozone/integration-test/target/test-dir/MiniOzoneClusterImpl-6c2de427-7485-43c3-b878-dcc0cf80ac7a/ozone-metadata/datanode-1/data-0/hdds)] INFO  ozoneimpl.AbstractBackgroundContainerScanner (AbstractBackgroundContainerScanner.java:runIteration(89)) - Completed an iteration in 0 minutes. Number of iterations (since the data-node restart) : 1, Number of containers scanned in this iteration : 0, Number of unhealthy containers found in this iteration : 0
2025-09-28 08:46:12,184 [9962ec60-824d-4b5c-b72c-a80d9f5353d3-EndpointStateMachineTaskThread-/0.0.0.0:15002-0 ] INFO  replication.ReplicationServer (ReplicationServer.java:start(137)) - ReplicationServer is started using port 15017
2025-09-28 08:46:12,185 [9962ec60-824d-4b5c-b72c-a80d9f5353d3-EndpointStateMachineTaskThread-/0.0.0.0:15002-0 ] INFO  ratis.XceiverServerRatis (XceiverServerRatis.java:start(559)) - Starting XceiverServerRatis(9962ec60-824d-4b5c-b72c-a80d9f5353d3)
2025-09-28 08:46:12,186 [9962ec60-824d-4b5c-b72c-a80d9f5353d3-EndpointStateMachineTaskThread-/0.0.0.0:15002-0 ] INFO  server.RaftServer (RaftServerProxy.java:startImpl(412)) - 9962ec60-824d-4b5c-b72c-a80d9f5353d3: start RPC server
2025-09-28 08:46:12,186 [9962ec60-824d-4b5c-b72c-a80d9f5353d3-EndpointStateMachineTaskThread-/0.0.0.0:15002-0 ] INFO  server.GrpcServicesImpl (GrpcServicesImpl.java:startImpl(346)) - 9962ec60-824d-4b5c-b72c-a80d9f5353d3: GrpcServicesImpl started, listening on 15013
2025-09-28 08:46:12,187 [9962ec60-824d-4b5c-b72c-a80d9f5353d3-EndpointStateMachineTaskThread-/0.0.0.0:15002-0 ] INFO  server.GrpcServicesImpl (GrpcServicesImpl.java:startImpl(346)) - 9962ec60-824d-4b5c-b72c-a80d9f5353d3: GrpcServicesImpl started, listening on 15015
2025-09-28 08:46:12,187 [9962ec60-824d-4b5c-b72c-a80d9f5353d3-EndpointStateMachineTaskThread-/0.0.0.0:15002-0 ] INFO  server.GrpcServicesImpl (GrpcServicesImpl.java:startImpl(346)) - 9962ec60-824d-4b5c-b72c-a80d9f5353d3: GrpcServicesImpl started, listening on 15014
2025-09-28 08:46:12,188 [9962ec60-824d-4b5c-b72c-a80d9f5353d3-EndpointStateMachineTaskThread-/0.0.0.0:15002-0 ] INFO  ratis.XceiverServerRatis (XceiverServerRatis.java:getRealPort(586)) - XceiverServerRatis(9962ec60-824d-4b5c-b72c-a80d9f5353d3) is started using port RATIS=15013
2025-09-28 08:46:12,188 [9962ec60-824d-4b5c-b72c-a80d9f5353d3-EndpointStateMachineTaskThread-/0.0.0.0:15002-0 ] INFO  ratis.XceiverServerRatis (XceiverServerRatis.java:getRealPort(586)) - XceiverServerRatis(9962ec60-824d-4b5c-b72c-a80d9f5353d3) is started using port RATIS_ADMIN=15014
2025-09-28 08:46:12,188 [9962ec60-824d-4b5c-b72c-a80d9f5353d3-EndpointStateMachineTaskThread-/0.0.0.0:15002-0 ] INFO  ratis.XceiverServerRatis (XceiverServerRatis.java:getRealPort(586)) - XceiverServerRatis(9962ec60-824d-4b5c-b72c-a80d9f5353d3) is started using port RATIS_SERVER=15015
2025-09-28 08:46:12,188 [9962ec60-824d-4b5c-b72c-a80d9f5353d3-EndpointStateMachineTaskThread-/0.0.0.0:15002-0 ] INFO  ratis.XceiverServerRatis (XceiverServerRatis.java:getRealPort(586)) - XceiverServerRatis(9962ec60-824d-4b5c-b72c-a80d9f5353d3) is started using port RATIS_DATASTREAM=15016
2025-09-28 08:46:12,189 [JvmPauseMonitor3] INFO  util.JvmPauseMonitor (JvmPauseMonitor.java:run(146)) - JvmPauseMonitor-9962ec60-824d-4b5c-b72c-a80d9f5353d3: Started
2025-09-28 08:46:12,189 [9962ec60-824d-4b5c-b72c-a80d9f5353d3-EndpointStateMachineTaskThread-/0.0.0.0:15002-0 ] INFO  utils.BackgroundService (BackgroundService.java:start(119)) - Starting service BlockDeletingService with interval 60000 milliseconds
2025-09-28 08:46:12,190 [9962ec60-824d-4b5c-b72c-a80d9f5353d3-EndpointStateMachineTaskThread-/0.0.0.0:15002-0 ] INFO  utils.BackgroundService (BackgroundService.java:start(119)) - Starting service StaleRecoveringContainerScrubbingService with interval 60000 milliseconds
2025-09-28 08:46:12,328 [b8386e11-96d4-4625-b991-c054db98adbd-EndpointStateMachineTaskThread-/0.0.0.0:15002-0 ] INFO  utils.DatanodeStoreCache (DatanodeStoreCache.java:addDB(70)) - Added db /home/runner/work/ozone/ozone/hadoop-ozone/integration-test/target/test-dir/MiniOzoneClusterImpl-6c2de427-7485-43c3-b878-dcc0cf80ac7a/ozone-metadata/datanode-2/data-0/hdds/6c2de427-7485-43c3-b878-dcc0cf80ac7a/DS-f41f83e1-12cd-4baa-b9f3-fb95eeb4a82c/container.db to cache
2025-09-28 08:46:12,328 [b8386e11-96d4-4625-b991-c054db98adbd-EndpointStateMachineTaskThread-/0.0.0.0:15002-0 ] INFO  volume.HddsVolume (HddsVolume.java:createDbStore(576)) - SchemaV3 db is created and loaded at /home/runner/work/ozone/ozone/hadoop-ozone/integration-test/target/test-dir/MiniOzoneClusterImpl-6c2de427-7485-43c3-b878-dcc0cf80ac7a/ozone-metadata/datanode-2/data-0/hdds/6c2de427-7485-43c3-b878-dcc0cf80ac7a/DS-f41f83e1-12cd-4baa-b9f3-fb95eeb4a82c/container.db for volume DS-f41f83e1-12cd-4baa-b9f3-fb95eeb4a82c
2025-09-28 08:46:12,330 [b8386e11-96d4-4625-b991-c054db98adbd-ContainerReader-0] INFO  ozoneimpl.ContainerReader (ContainerReader.java:readVolume(147)) - Start to verify containers on volume /home/runner/work/ozone/ozone/hadoop-ozone/integration-test/target/test-dir/MiniOzoneClusterImpl-6c2de427-7485-43c3-b878-dcc0cf80ac7a/ozone-metadata/datanode-2/data-0/hdds
2025-09-28 08:46:12,330 [b8386e11-96d4-4625-b991-c054db98adbd-ContainerReader-0] INFO  ozoneimpl.ContainerReader (ContainerReader.java:readVolume(177)) - Finish verifying containers on volume /home/runner/work/ozone/ozone/hadoop-ozone/integration-test/target/test-dir/MiniOzoneClusterImpl-6c2de427-7485-43c3-b878-dcc0cf80ac7a/ozone-metadata/datanode-2/data-0/hdds
2025-09-28 08:46:12,330 [b8386e11-96d4-4625-b991-c054db98adbd-EndpointStateMachineTaskThread-/0.0.0.0:15002-0 ] INFO  ozoneimpl.OzoneContainer (OzoneContainer.java:buildContainerSet(370)) - Build ContainerSet costs 0s
2025-09-28 08:46:12,331 [b8386e11-96d4-4625-b991-c054db98adbd-EndpointStateMachineTaskThread-/0.0.0.0:15002-0 ] INFO  volume.ThrottledAsyncChecker (ThrottledAsyncChecker.java:schedule(138)) - Scheduling a check for /home/runner/work/ozone/ozone/hadoop-ozone/integration-test/target/test-dir/MiniOzoneClusterImpl-6c2de427-7485-43c3-b878-dcc0cf80ac7a/ozone-metadata/datanode-2/data-0/hdds
2025-09-28 08:46:12,331 [b8386e11-96d4-4625-b991-c054db98adbd-EndpointStateMachineTaskThread-/0.0.0.0:15002-0 ] INFO  volume.StorageVolumeChecker (StorageVolumeChecker.java:checkAllVolumes(231)) - Scheduled health check for volume /home/runner/work/ozone/ozone/hadoop-ozone/integration-test/target/test-dir/MiniOzoneClusterImpl-6c2de427-7485-43c3-b878-dcc0cf80ac7a/ozone-metadata/datanode-2/data-0/hdds
2025-09-28 08:46:12,334 [b8386e11-96d4-4625-b991-c054db98adbd-EndpointStateMachineTaskThread-/0.0.0.0:15002-0 ] INFO  volume.ThrottledAsyncChecker (ThrottledAsyncChecker.java:schedule(138)) - Scheduling a check for /home/runner/work/ozone/ozone/hadoop-ozone/integration-test/target/test-dir/MiniOzoneClusterImpl-6c2de427-7485-43c3-b878-dcc0cf80ac7a/ozone-metadata/datanode-2/ratis
2025-09-28 08:46:12,334 [b8386e11-96d4-4625-b991-c054db98adbd-EndpointStateMachineTaskThread-/0.0.0.0:15002-0 ] INFO  volume.StorageVolumeChecker (StorageVolumeChecker.java:checkAllVolumes(231)) - Scheduled health check for volume /home/runner/work/ozone/ozone/hadoop-ozone/integration-test/target/test-dir/MiniOzoneClusterImpl-6c2de427-7485-43c3-b878-dcc0cf80ac7a/ozone-metadata/datanode-2/ratis
2025-09-28 08:46:12,336 [b8386e11-96d4-4625-b991-c054db98adbd-EndpointStateMachineTaskThread-/0.0.0.0:15002-0 ] INFO  ozoneimpl.OzoneContainer (OzoneContainer.java:start(525)) - Attempting to start container services.
2025-09-28 08:46:12,337 [ContainerMetadataScanner] INFO  ozoneimpl.AbstractBackgroundContainerScanner (AbstractBackgroundContainerScanner.java:runIteration(89)) - Completed an iteration in 0 minutes. Number of iterations (since the data-node restart) : 1, Number of containers scanned in this iteration : 0, Number of unhealthy containers found in this iteration : 0
2025-09-28 08:46:12,338 [ContainerDataScanner(/home/runner/work/ozone/ozone/hadoop-ozone/integration-test/target/test-dir/MiniOzoneClusterImpl-6c2de427-7485-43c3-b878-dcc0cf80ac7a/ozone-metadata/datanode-2/data-0/hdds)] INFO  ozoneimpl.AbstractBackgroundContainerScanner (AbstractBackgroundContainerScanner.java:runIteration(89)) - Completed an iteration in 0 minutes. Number of iterations (since the data-node restart) : 1, Number of containers scanned in this iteration : 0, Number of unhealthy containers found in this iteration : 0
2025-09-28 08:46:12,338 [b8386e11-96d4-4625-b991-c054db98adbd-EndpointStateMachineTaskThread-/0.0.0.0:15002-0 ] INFO  replication.ReplicationServer (ReplicationServer.java:start(137)) - ReplicationServer is started using port 15025
2025-09-28 08:46:12,338 [b8386e11-96d4-4625-b991-c054db98adbd-EndpointStateMachineTaskThread-/0.0.0.0:15002-0 ] INFO  ratis.XceiverServerRatis (XceiverServerRatis.java:start(559)) - Starting XceiverServerRatis(b8386e11-96d4-4625-b991-c054db98adbd)
2025-09-28 08:46:12,339 [b8386e11-96d4-4625-b991-c054db98adbd-EndpointStateMachineTaskThread-/0.0.0.0:15002-0 ] INFO  server.RaftServer (RaftServerProxy.java:startImpl(412)) - b8386e11-96d4-4625-b991-c054db98adbd: start RPC server
2025-09-28 08:46:12,339 [b8386e11-96d4-4625-b991-c054db98adbd-EndpointStateMachineTaskThread-/0.0.0.0:15002-0 ] INFO  server.GrpcServicesImpl (GrpcServicesImpl.java:startImpl(346)) - b8386e11-96d4-4625-b991-c054db98adbd: GrpcServicesImpl started, listening on 15021
2025-09-28 08:46:12,340 [b8386e11-96d4-4625-b991-c054db98adbd-EndpointStateMachineTaskThread-/0.0.0.0:15002-0 ] INFO  server.GrpcServicesImpl (GrpcServicesImpl.java:startImpl(346)) - b8386e11-96d4-4625-b991-c054db98adbd: GrpcServicesImpl started, listening on 15023
2025-09-28 08:46:12,340 [b8386e11-96d4-4625-b991-c054db98adbd-EndpointStateMachineTaskThread-/0.0.0.0:15002-0 ] INFO  server.GrpcServicesImpl (GrpcServicesImpl.java:startImpl(346)) - b8386e11-96d4-4625-b991-c054db98adbd: GrpcServicesImpl started, listening on 15022
2025-09-28 08:46:12,341 [b8386e11-96d4-4625-b991-c054db98adbd-EndpointStateMachineTaskThread-/0.0.0.0:15002-0 ] INFO  ratis.XceiverServerRatis (XceiverServerRatis.java:getRealPort(586)) - XceiverServerRatis(b8386e11-96d4-4625-b991-c054db98adbd) is started using port RATIS=15021
2025-09-28 08:46:12,341 [JvmPauseMonitor4] INFO  util.JvmPauseMonitor (JvmPauseMonitor.java:run(146)) - JvmPauseMonitor-b8386e11-96d4-4625-b991-c054db98adbd: Started
2025-09-28 08:46:12,341 [b8386e11-96d4-4625-b991-c054db98adbd-EndpointStateMachineTaskThread-/0.0.0.0:15002-0 ] INFO  ratis.XceiverServerRatis (XceiverServerRatis.java:getRealPort(586)) - XceiverServerRatis(b8386e11-96d4-4625-b991-c054db98adbd) is started using port RATIS_ADMIN=15022
2025-09-28 08:46:12,341 [b8386e11-96d4-4625-b991-c054db98adbd-EndpointStateMachineTaskThread-/0.0.0.0:15002-0 ] INFO  ratis.XceiverServerRatis (XceiverServerRatis.java:getRealPort(586)) - XceiverServerRatis(b8386e11-96d4-4625-b991-c054db98adbd) is started using port RATIS_SERVER=15023
2025-09-28 08:46:12,341 [b8386e11-96d4-4625-b991-c054db98adbd-EndpointStateMachineTaskThread-/0.0.0.0:15002-0 ] INFO  ratis.XceiverServerRatis (XceiverServerRatis.java:getRealPort(586)) - XceiverServerRatis(b8386e11-96d4-4625-b991-c054db98adbd) is started using port RATIS_DATASTREAM=15024
2025-09-28 08:46:12,342 [b8386e11-96d4-4625-b991-c054db98adbd-EndpointStateMachineTaskThread-/0.0.0.0:15002-0 ] INFO  utils.BackgroundService (BackgroundService.java:start(119)) - Starting service BlockDeletingService with interval 60000 milliseconds
2025-09-28 08:46:12,342 [b8386e11-96d4-4625-b991-c054db98adbd-EndpointStateMachineTaskThread-/0.0.0.0:15002-0 ] INFO  utils.BackgroundService (BackgroundService.java:start(119)) - Starting service StaleRecoveringContainerScrubbingService with interval 60000 milliseconds
2025-09-28 08:46:12,583 [IPC Server handler 6 on default port 15002] INFO  net.NetworkTopologyImpl (NetworkTopologyImpl.java:add(133)) - Added a new node: /default-rack/9962ec60-824d-4b5c-b72c-a80d9f5353d3
2025-09-28 08:46:12,584 [bb53dc84-9509-46ab-9745-0f1d93457633-EndpointStateMachineTaskThread-/0.0.0.0:15002-0 ] INFO  utils.DatanodeStoreCache (DatanodeStoreCache.java:addDB(70)) - Added db /home/runner/work/ozone/ozone/hadoop-ozone/integration-test/target/test-dir/MiniOzoneClusterImpl-6c2de427-7485-43c3-b878-dcc0cf80ac7a/ozone-metadata/datanode-3/data-0/hdds/6c2de427-7485-43c3-b878-dcc0cf80ac7a/DS-c97308f0-1143-4fa4-ae2a-0b1d4b75f11c/container.db to cache
2025-09-28 08:46:12,584 [bb53dc84-9509-46ab-9745-0f1d93457633-EndpointStateMachineTaskThread-/0.0.0.0:15002-0 ] INFO  volume.HddsVolume (HddsVolume.java:createDbStore(576)) - SchemaV3 db is created and loaded at /home/runner/work/ozone/ozone/hadoop-ozone/integration-test/target/test-dir/MiniOzoneClusterImpl-6c2de427-7485-43c3-b878-dcc0cf80ac7a/ozone-metadata/datanode-3/data-0/hdds/6c2de427-7485-43c3-b878-dcc0cf80ac7a/DS-c97308f0-1143-4fa4-ae2a-0b1d4b75f11c/container.db for volume DS-c97308f0-1143-4fa4-ae2a-0b1d4b75f11c
2025-09-28 08:46:12,586 [IPC Server handler 6 on default port 15002] INFO  node.SCMNodeManager (SCMNodeManager.java:register(423)) - Registered datanode: 9962ec60-824d-4b5c-b72c-a80d9f5353d3{ip: 127.0.0.1, host: localhost, ports: [HTTP=15010, CLIENT_RPC=15011, REPLICATION=15017, RATIS=15013, RATIS_ADMIN=15014, RATIS_SERVER=15015, RATIS_DATASTREAM=15016, STANDALONE=15012], networkLocation: /default-rack, certSerialId: null, persistedOpState: null, persistedOpStateExpiryEpochSec: 0}
2025-09-28 08:46:12,587 [bb53dc84-9509-46ab-9745-0f1d93457633-ContainerReader-0] INFO  ozoneimpl.ContainerReader (ContainerReader.java:readVolume(147)) - Start to verify containers on volume /home/runner/work/ozone/ozone/hadoop-ozone/integration-test/target/test-dir/MiniOzoneClusterImpl-6c2de427-7485-43c3-b878-dcc0cf80ac7a/ozone-metadata/datanode-3/data-0/hdds
2025-09-28 08:46:12,587 [bb53dc84-9509-46ab-9745-0f1d93457633-ContainerReader-0] INFO  ozoneimpl.ContainerReader (ContainerReader.java:readVolume(177)) - Finish verifying containers on volume /home/runner/work/ozone/ozone/hadoop-ozone/integration-test/target/test-dir/MiniOzoneClusterImpl-6c2de427-7485-43c3-b878-dcc0cf80ac7a/ozone-metadata/datanode-3/data-0/hdds
2025-09-28 08:46:12,588 [bb53dc84-9509-46ab-9745-0f1d93457633-EndpointStateMachineTaskThread-/0.0.0.0:15002-0 ] INFO  ozoneimpl.OzoneContainer (OzoneContainer.java:buildContainerSet(370)) - Build ContainerSet costs 0s
2025-09-28 08:46:12,588 [EventQueue-NewNodeForNewNodeHandler] INFO  pipeline.BackgroundPipelineCreator (BackgroundPipelineCreator.java:notifyEventTriggered(290)) - trigger a one-shot run on RatisPipelineUtilsThread.
2025-09-28 08:46:12,588 [bb53dc84-9509-46ab-9745-0f1d93457633-EndpointStateMachineTaskThread-/0.0.0.0:15002-0 ] INFO  volume.ThrottledAsyncChecker (ThrottledAsyncChecker.java:schedule(138)) - Scheduling a check for /home/runner/work/ozone/ozone/hadoop-ozone/integration-test/target/test-dir/MiniOzoneClusterImpl-6c2de427-7485-43c3-b878-dcc0cf80ac7a/ozone-metadata/datanode-3/data-0/hdds
2025-09-28 08:46:12,588 [bb53dc84-9509-46ab-9745-0f1d93457633-EndpointStateMachineTaskThread-/0.0.0.0:15002-0 ] INFO  volume.StorageVolumeChecker (StorageVolumeChecker.java:checkAllVolumes(231)) - Scheduled health check for volume /home/runner/work/ozone/ozone/hadoop-ozone/integration-test/target/test-dir/MiniOzoneClusterImpl-6c2de427-7485-43c3-b878-dcc0cf80ac7a/ozone-metadata/datanode-3/data-0/hdds
2025-09-28 08:46:12,589 [EventQueue-NodeRegistrationContainerReportForDataNodeSafeModeRule] INFO  safemode.SCMSafeModeManager (DataNodeSafeModeRule.java:process(80)) - SCM in safe mode. 1 DataNodes registered, 3 required.
2025-09-28 08:46:12,589 [EventQueue-ContainerRegistrationReportForECContainerSafeModeRule] INFO  safemode.SCMSafeModeManager (SCMSafeModeManager.java:validateSafeModeExitRules(138)) - ECContainerSafeModeRule rule is successfully validated
2025-09-28 08:46:12,589 [EventQueue-ContainerRegistrationReportForRatisContainerSafeModeRule] INFO  safemode.SCMSafeModeManager (SCMSafeModeManager.java:validateSafeModeExitRules(138)) - RatisContainerSafeModeRule rule is successfully validated
2025-09-28 08:46:12,590 [EventQueue-PipelineReportForOneReplicaPipelineSafeModeRule] INFO  safemode.SCMSafeModeManager (SCMSafeModeManager.java:validateSafeModeExitRules(138)) - AtleastOneDatanodeReportedRule rule is successfully validated
2025-09-28 08:46:12,593 [bb53dc84-9509-46ab-9745-0f1d93457633-EndpointStateMachineTaskThread-/0.0.0.0:15002-0 ] INFO  volume.ThrottledAsyncChecker (ThrottledAsyncChecker.java:schedule(138)) - Scheduling a check for /home/runner/work/ozone/ozone/hadoop-ozone/integration-test/target/test-dir/MiniOzoneClusterImpl-6c2de427-7485-43c3-b878-dcc0cf80ac7a/ozone-metadata/datanode-3/ratis
2025-09-28 08:46:12,593 [bb53dc84-9509-46ab-9745-0f1d93457633-EndpointStateMachineTaskThread-/0.0.0.0:15002-0 ] INFO  volume.StorageVolumeChecker (StorageVolumeChecker.java:checkAllVolumes(231)) - Scheduled health check for volume /home/runner/work/ozone/ozone/hadoop-ozone/integration-test/target/test-dir/MiniOzoneClusterImpl-6c2de427-7485-43c3-b878-dcc0cf80ac7a/ozone-metadata/datanode-3/ratis
2025-09-28 08:46:12,594 [RatisPipelineUtilsThread-0] INFO  pipeline.RatisPipelineProvider (RatisPipelineProvider.java:lambda$create$0(208)) - Sending CreatePipelineCommand for pipeline:Pipeline-e6dd397e-dea0-4554-85a2-71444778a42c to datanode:9962ec60-824d-4b5c-b72c-a80d9f5353d3(localhost/127.0.0.1)
2025-09-28 08:46:12,595 [bb53dc84-9509-46ab-9745-0f1d93457633-EndpointStateMachineTaskThread-/0.0.0.0:15002-0 ] INFO  ozoneimpl.OzoneContainer (OzoneContainer.java:start(525)) - Attempting to start container services.
2025-09-28 08:46:12,596 [ContainerMetadataScanner] INFO  ozoneimpl.AbstractBackgroundContainerScanner (AbstractBackgroundContainerScanner.java:runIteration(89)) - Completed an iteration in 0 minutes. Number of iterations (since the data-node restart) : 1, Number of containers scanned in this iteration : 0, Number of unhealthy containers found in this iteration : 0
2025-09-28 08:46:12,597 [ContainerDataScanner(/home/runner/work/ozone/ozone/hadoop-ozone/integration-test/target/test-dir/MiniOzoneClusterImpl-6c2de427-7485-43c3-b878-dcc0cf80ac7a/ozone-metadata/datanode-3/data-0/hdds)] INFO  ozoneimpl.AbstractBackgroundContainerScanner (AbstractBackgroundContainerScanner.java:runIteration(89)) - Completed an iteration in 0 minutes. Number of iterations (since the data-node restart) : 1, Number of containers scanned in this iteration : 0, Number of unhealthy containers found in this iteration : 0
2025-09-28 08:46:12,598 [bb53dc84-9509-46ab-9745-0f1d93457633-EndpointStateMachineTaskThread-/0.0.0.0:15002-0 ] INFO  replication.ReplicationServer (ReplicationServer.java:start(137)) - ReplicationServer is started using port 15033
2025-09-28 08:46:12,599 [bb53dc84-9509-46ab-9745-0f1d93457633-EndpointStateMachineTaskThread-/0.0.0.0:15002-0 ] INFO  ratis.XceiverServerRatis (XceiverServerRatis.java:start(559)) - Starting XceiverServerRatis(bb53dc84-9509-46ab-9745-0f1d93457633)
2025-09-28 08:46:12,599 [bb53dc84-9509-46ab-9745-0f1d93457633-EndpointStateMachineTaskThread-/0.0.0.0:15002-0 ] INFO  server.RaftServer (RaftServerProxy.java:startImpl(412)) - bb53dc84-9509-46ab-9745-0f1d93457633: start RPC server
2025-09-28 08:46:12,600 [bb53dc84-9509-46ab-9745-0f1d93457633-EndpointStateMachineTaskThread-/0.0.0.0:15002-0 ] INFO  server.GrpcServicesImpl (GrpcServicesImpl.java:startImpl(346)) - bb53dc84-9509-46ab-9745-0f1d93457633: GrpcServicesImpl started, listening on 15029
2025-09-28 08:46:12,600 [bb53dc84-9509-46ab-9745-0f1d93457633-EndpointStateMachineTaskThread-/0.0.0.0:15002-0 ] INFO  server.GrpcServicesImpl (GrpcServicesImpl.java:startImpl(346)) - bb53dc84-9509-46ab-9745-0f1d93457633: GrpcServicesImpl started, listening on 15031
2025-09-28 08:46:12,601 [bb53dc84-9509-46ab-9745-0f1d93457633-EndpointStateMachineTaskThread-/0.0.0.0:15002-0 ] INFO  server.GrpcServicesImpl (GrpcServicesImpl.java:startImpl(346)) - bb53dc84-9509-46ab-9745-0f1d93457633: GrpcServicesImpl started, listening on 15030
2025-09-28 08:46:12,601 [bb53dc84-9509-46ab-9745-0f1d93457633-EndpointStateMachineTaskThread-/0.0.0.0:15002-0 ] INFO  ratis.XceiverServerRatis (XceiverServerRatis.java:getRealPort(586)) - XceiverServerRatis(bb53dc84-9509-46ab-9745-0f1d93457633) is started using port RATIS=15029
2025-09-28 08:46:12,601 [bb53dc84-9509-46ab-9745-0f1d93457633-EndpointStateMachineTaskThread-/0.0.0.0:15002-0 ] INFO  ratis.XceiverServerRatis (XceiverServerRatis.java:getRealPort(586)) - XceiverServerRatis(bb53dc84-9509-46ab-9745-0f1d93457633) is started using port RATIS_ADMIN=15030
2025-09-28 08:46:12,601 [bb53dc84-9509-46ab-9745-0f1d93457633-EndpointStateMachineTaskThread-/0.0.0.0:15002-0 ] INFO  ratis.XceiverServerRatis (XceiverServerRatis.java:getRealPort(586)) - XceiverServerRatis(bb53dc84-9509-46ab-9745-0f1d93457633) is started using port RATIS_SERVER=15031
2025-09-28 08:46:12,601 [bb53dc84-9509-46ab-9745-0f1d93457633-EndpointStateMachineTaskThread-/0.0.0.0:15002-0 ] INFO  ratis.XceiverServerRatis (XceiverServerRatis.java:getRealPort(586)) - XceiverServerRatis(bb53dc84-9509-46ab-9745-0f1d93457633) is started using port RATIS_DATASTREAM=15032
2025-09-28 08:46:12,602 [JvmPauseMonitor5] INFO  util.JvmPauseMonitor (JvmPauseMonitor.java:run(146)) - JvmPauseMonitor-bb53dc84-9509-46ab-9745-0f1d93457633: Started
2025-09-28 08:46:12,602 [bb53dc84-9509-46ab-9745-0f1d93457633-EndpointStateMachineTaskThread-/0.0.0.0:15002-0 ] INFO  utils.BackgroundService (BackgroundService.java:start(119)) - Starting service BlockDeletingService with interval 60000 milliseconds
2025-09-28 08:46:12,604 [bb53dc84-9509-46ab-9745-0f1d93457633-EndpointStateMachineTaskThread-/0.0.0.0:15002-0 ] INFO  utils.BackgroundService (BackgroundService.java:start(119)) - Starting service StaleRecoveringContainerScrubbingService with interval 60000 milliseconds
2025-09-28 08:46:12,656 [c2d163a0-0ec6-4601-8a26-ab579a1805eb@group-DCC0CF80AC7A-StateMachineUpdater] INFO  safemode.SCMSafeModeManager (SCMSafeModeManager.java:validateSafeModeExitRules(138)) - RatisContainerSafeModeRule rule is successfully validated
2025-09-28 08:46:12,656 [c2d163a0-0ec6-4601-8a26-ab579a1805eb@group-DCC0CF80AC7A-StateMachineUpdater] INFO  safemode.HealthyPipelineSafeModeRule (HealthyPipelineSafeModeRule.java:initializeRule(228)) - Refreshed total pipeline count is 0, healthy pipeline threshold count is 1
2025-09-28 08:46:12,656 [c2d163a0-0ec6-4601-8a26-ab579a1805eb@group-DCC0CF80AC7A-StateMachineUpdater] INFO  safemode.SCMSafeModeManager (SCMSafeModeManager.java:validateSafeModeExitRules(138)) - ECContainerSafeModeRule rule is successfully validated
2025-09-28 08:46:12,656 [c2d163a0-0ec6-4601-8a26-ab579a1805eb@group-DCC0CF80AC7A-StateMachineUpdater] INFO  safemode.SCMSafeModeManager (SCMSafeModeManager.java:validateSafeModeExitRules(138)) - AtleastOneDatanodeReportedRule rule is successfully validated
2025-09-28 08:46:12,659 [RatisPipelineUtilsThread-0] INFO  pipeline.BackgroundPipelineCreator (BackgroundPipelineCreator.java:createPipelines(246)) - Created new pipeline Pipeline{ Id: e6dd397e-dea0-4554-85a2-71444778a42c, Nodes: [ {9962ec60-824d-4b5c-b72c-a80d9f5353d3(localhost/127.0.0.1), ReplicaIndex: 0},], ReplicationConfig: RATIS/ONE, State:ALLOCATED, leaderId:, CreationTimestamp2025-09-28T08:46:12.593500444Z[Etc/UTC]}
2025-09-28 08:46:12,798 [IPC Server handler 2 on default port 15002] INFO  net.NetworkTopologyImpl (NetworkTopologyImpl.java:add(133)) - Added a new node: /default-rack/b8386e11-96d4-4625-b991-c054db98adbd
2025-09-28 08:46:12,798 [IPC Server handler 2 on default port 15002] INFO  node.SCMNodeManager (SCMNodeManager.java:register(423)) - Registered datanode: b8386e11-96d4-4625-b991-c054db98adbd{ip: 127.0.0.1, host: localhost, ports: [HTTP=15018, CLIENT_RPC=15019, REPLICATION=15025, RATIS=15021, RATIS_ADMIN=15022, RATIS_SERVER=15023, RATIS_DATASTREAM=15024, STANDALONE=15020], networkLocation: /default-rack, certSerialId: null, persistedOpState: null, persistedOpStateExpiryEpochSec: 0}
2025-09-28 08:46:12,799 [EventQueue-NodeRegistrationContainerReportForDataNodeSafeModeRule] INFO  safemode.SCMSafeModeManager (DataNodeSafeModeRule.java:process(80)) - SCM in safe mode. 2 DataNodes registered, 3 required.
2025-09-28 08:46:12,799 [EventQueue-PipelineReportForOneReplicaPipelineSafeModeRule] INFO  safemode.SCMSafeModeManager (SCMSafeModeManager.java:validateSafeModeExitRules(138)) - AtleastOneDatanodeReportedRule rule is successfully validated
2025-09-28 08:46:12,799 [EventQueue-ContainerRegistrationReportForECContainerSafeModeRule] INFO  safemode.SCMSafeModeManager (SCMSafeModeManager.java:validateSafeModeExitRules(138)) - ECContainerSafeModeRule rule is successfully validated
2025-09-28 08:46:12,799 [EventQueue-ContainerRegistrationReportForRatisContainerSafeModeRule] INFO  safemode.SCMSafeModeManager (SCMSafeModeManager.java:validateSafeModeExitRules(138)) - RatisContainerSafeModeRule rule is successfully validated
2025-09-28 08:46:12,799 [EventQueue-NewNodeForNewNodeHandler] INFO  pipeline.BackgroundPipelineCreator (BackgroundPipelineCreator.java:notifyEventTriggered(290)) - trigger a one-shot run on RatisPipelineUtilsThread.
2025-09-28 08:46:12,800 [RatisPipelineUtilsThread-0] INFO  pipeline.RatisPipelineProvider (RatisPipelineProvider.java:lambda$create$0(208)) - Sending CreatePipelineCommand for pipeline:Pipeline-ef0f5bb4-1fba-4131-8533-2a77e6fe4889 to datanode:b8386e11-96d4-4625-b991-c054db98adbd(localhost/127.0.0.1)
2025-09-28 08:46:12,802 [c2d163a0-0ec6-4601-8a26-ab579a1805eb@group-DCC0CF80AC7A-StateMachineUpdater] INFO  safemode.SCMSafeModeManager (SCMSafeModeManager.java:validateSafeModeExitRules(138)) - RatisContainerSafeModeRule rule is successfully validated
2025-09-28 08:46:12,802 [c2d163a0-0ec6-4601-8a26-ab579a1805eb@group-DCC0CF80AC7A-StateMachineUpdater] INFO  safemode.HealthyPipelineSafeModeRule (HealthyPipelineSafeModeRule.java:initializeRule(228)) - Refreshed total pipeline count is 0, healthy pipeline threshold count is 1
2025-09-28 08:46:12,802 [c2d163a0-0ec6-4601-8a26-ab579a1805eb@group-DCC0CF80AC7A-StateMachineUpdater] INFO  safemode.SCMSafeModeManager (SCMSafeModeManager.java:validateSafeModeExitRules(138)) - ECContainerSafeModeRule rule is successfully validated
2025-09-28 08:46:12,802 [c2d163a0-0ec6-4601-8a26-ab579a1805eb@group-DCC0CF80AC7A-StateMachineUpdater] INFO  safemode.SCMSafeModeManager (SCMSafeModeManager.java:validateSafeModeExitRules(138)) - AtleastOneDatanodeReportedRule rule is successfully validated
2025-09-28 08:46:12,803 [RatisPipelineUtilsThread-0] INFO  pipeline.BackgroundPipelineCreator (BackgroundPipelineCreator.java:createPipelines(246)) - Created new pipeline Pipeline{ Id: ef0f5bb4-1fba-4131-8533-2a77e6fe4889, Nodes: [ {b8386e11-96d4-4625-b991-c054db98adbd(localhost/127.0.0.1), ReplicaIndex: 0},], ReplicationConfig: RATIS/ONE, State:ALLOCATED, leaderId:, CreationTimestamp2025-09-28T08:46:12.800083547Z[Etc/UTC]}
2025-09-28 08:46:13,044 [IPC Server handler 4 on default port 15002] INFO  net.NetworkTopologyImpl (NetworkTopologyImpl.java:add(133)) - Added a new node: /default-rack/bb53dc84-9509-46ab-9745-0f1d93457633
2025-09-28 08:46:13,044 [IPC Server handler 4 on default port 15002] INFO  node.SCMNodeManager (SCMNodeManager.java:register(423)) - Registered datanode: bb53dc84-9509-46ab-9745-0f1d93457633{ip: 127.0.0.1, host: localhost, ports: [HTTP=15026, CLIENT_RPC=15027, REPLICATION=15033, RATIS=15029, RATIS_ADMIN=15030, RATIS_SERVER=15031, RATIS_DATASTREAM=15032, STANDALONE=15028], networkLocation: /default-rack, certSerialId: null, persistedOpState: null, persistedOpStateExpiryEpochSec: 0}
2025-09-28 08:46:13,045 [EventQueue-NewNodeForNewNodeHandler] INFO  pipeline.BackgroundPipelineCreator (BackgroundPipelineCreator.java:notifyEventTriggered(290)) - trigger a one-shot run on RatisPipelineUtilsThread.
2025-09-28 08:46:13,045 [EventQueue-ContainerRegistrationReportForRatisContainerSafeModeRule] INFO  safemode.SCMSafeModeManager (SCMSafeModeManager.java:validateSafeModeExitRules(138)) - RatisContainerSafeModeRule rule is successfully validated
2025-09-28 08:46:13,045 [EventQueue-PipelineReportForOneReplicaPipelineSafeModeRule] INFO  safemode.SCMSafeModeManager (SCMSafeModeManager.java:validateSafeModeExitRules(138)) - AtleastOneDatanodeReportedRule rule is successfully validated
2025-09-28 08:46:13,045 [EventQueue-NodeRegistrationContainerReportForDataNodeSafeModeRule] INFO  safemode.SCMSafeModeManager (DataNodeSafeModeRule.java:process(80)) - SCM in safe mode. 3 DataNodes registered, 3 required.
2025-09-28 08:46:13,045 [EventQueue-NodeRegistrationContainerReportForDataNodeSafeModeRule] INFO  safemode.SCMSafeModeManager (SCMSafeModeManager.java:validateSafeModeExitRules(138)) - DataNodeSafeModeRule rule is successfully validated
2025-09-28 08:46:13,045 [EventQueue-NodeRegistrationContainerReportForDataNodeSafeModeRule] INFO  safemode.SCMSafeModeManager (SCMSafeModeManager.java:validateSafeModeExitRules(151)) - All SCM safe mode pre check rules have passed
2025-09-28 08:46:13,045 [EventQueue-NodeRegistrationContainerReportForDataNodeSafeModeRule] INFO  ha.SCMContext (SCMContext.java:updateSafeModeStatus(224)) - Update SafeModeStatus from SafeModeStatus{safeModeStatus=true, preCheckPassed=false} to SafeModeStatus{safeModeStatus=true, preCheckPassed=true}.
2025-09-28 08:46:13,045 [ForkJoinPool-1-worker-1] INFO  ozone.MiniOzoneClusterImpl (MiniOzoneClusterImpl.java:lambda$waitForClusterToBeReady$0(181)) - Nodes are ready. Got 3 of 3 DN Heartbeats.
2025-09-28 08:46:13,046 [ForkJoinPool-1-worker-1] INFO  ozone.MiniOzoneClusterImpl (MiniOzoneClusterImpl.java:lambda$waitForClusterToBeReady$0(184)) - Waiting for cluster to exit safe mode
2025-09-28 08:46:13,046 [ForkJoinPool-1-worker-1] INFO  ozone.MiniOzoneClusterImpl (MiniOzoneClusterImpl.java:lambda$waitForClusterToBeReady$0(186)) - SCM became leader
2025-09-28 08:46:13,045 [RatisPipelineUtilsThread-0] INFO  pipeline.RatisPipelineProvider (RatisPipelineProvider.java:lambda$create$0(208)) - Sending CreatePipelineCommand for pipeline:Pipeline-aac24483-5546-4731-a22b-4c3414b1e6ec to datanode:bb53dc84-9509-46ab-9745-0f1d93457633(localhost/127.0.0.1)
2025-09-28 08:46:13,045 [EventQueue-NodeRegistrationContainerReportForDataNodeSafeModeRule] INFO  pipeline.BackgroundPipelineCreator (BackgroundPipelineCreator.java:notifyEventTriggered(290)) - trigger a one-shot run on RatisPipelineUtilsThread.
2025-09-28 08:46:13,046 [EventQueue-ContainerRegistrationReportForECContainerSafeModeRule] INFO  safemode.SCMSafeModeManager (SCMSafeModeManager.java:validateSafeModeExitRules(138)) - ECContainerSafeModeRule rule is successfully validated
2025-09-28 08:46:13,049 [c2d163a0-0ec6-4601-8a26-ab579a1805eb@group-DCC0CF80AC7A-StateMachineUpdater] INFO  safemode.SCMSafeModeManager (SCMSafeModeManager.java:validateSafeModeExitRules(138)) - DataNodeSafeModeRule rule is successfully validated
2025-09-28 08:46:13,049 [c2d163a0-0ec6-4601-8a26-ab579a1805eb@group-DCC0CF80AC7A-StateMachineUpdater] INFO  safemode.SCMSafeModeManager (SCMSafeModeManager.java:validateSafeModeExitRules(138)) - RatisContainerSafeModeRule rule is successfully validated
2025-09-28 08:46:13,049 [c2d163a0-0ec6-4601-8a26-ab579a1805eb@group-DCC0CF80AC7A-StateMachineUpdater] INFO  safemode.HealthyPipelineSafeModeRule (HealthyPipelineSafeModeRule.java:initializeRule(228)) - Refreshed total pipeline count is 0, healthy pipeline threshold count is 1
2025-09-28 08:46:13,049 [c2d163a0-0ec6-4601-8a26-ab579a1805eb@group-DCC0CF80AC7A-StateMachineUpdater] INFO  safemode.SCMSafeModeManager (SCMSafeModeManager.java:validateSafeModeExitRules(138)) - ECContainerSafeModeRule rule is successfully validated
2025-09-28 08:46:13,049 [c2d163a0-0ec6-4601-8a26-ab579a1805eb@group-DCC0CF80AC7A-StateMachineUpdater] INFO  safemode.SCMSafeModeManager (SCMSafeModeManager.java:validateSafeModeExitRules(138)) - AtleastOneDatanodeReportedRule rule is successfully validated
2025-09-28 08:46:13,049 [RatisPipelineUtilsThread-0] INFO  pipeline.BackgroundPipelineCreator (BackgroundPipelineCreator.java:createPipelines(246)) - Created new pipeline Pipeline{ Id: aac24483-5546-4731-a22b-4c3414b1e6ec, Nodes: [ {bb53dc84-9509-46ab-9745-0f1d93457633(localhost/127.0.0.1), ReplicaIndex: 0},], ReplicationConfig: RATIS/ONE, State:ALLOCATED, leaderId:, CreationTimestamp2025-09-28T08:46:13.045931425Z[Etc/UTC]}
2025-09-28 08:46:13,052 [RatisPipelineUtilsThread-0] INFO  pipeline.RatisPipelineProvider (RatisPipelineProvider.java:lambda$create$0(208)) - Sending CreatePipelineCommand for pipeline:Pipeline-53d4c00e-e1b0-426e-9c26-c51117d219b2 to datanode:b8386e11-96d4-4625-b991-c054db98adbd(localhost/127.0.0.1)
2025-09-28 08:46:13,052 [RatisPipelineUtilsThread-0] INFO  pipeline.RatisPipelineProvider (RatisPipelineProvider.java:lambda$create$0(208)) - Sending CreatePipelineCommand for pipeline:Pipeline-53d4c00e-e1b0-426e-9c26-c51117d219b2 to datanode:9962ec60-824d-4b5c-b72c-a80d9f5353d3(localhost/127.0.0.1)
2025-09-28 08:46:13,052 [RatisPipelineUtilsThread-0] INFO  pipeline.RatisPipelineProvider (RatisPipelineProvider.java:lambda$create$0(208)) - Sending CreatePipelineCommand for pipeline:Pipeline-53d4c00e-e1b0-426e-9c26-c51117d219b2 to datanode:bb53dc84-9509-46ab-9745-0f1d93457633(localhost/127.0.0.1)
2025-09-28 08:46:13,056 [c2d163a0-0ec6-4601-8a26-ab579a1805eb@group-DCC0CF80AC7A-StateMachineUpdater] INFO  safemode.SCMSafeModeManager (SCMSafeModeManager.java:validateSafeModeExitRules(138)) - DataNodeSafeModeRule rule is successfully validated
2025-09-28 08:46:13,056 [c2d163a0-0ec6-4601-8a26-ab579a1805eb@group-DCC0CF80AC7A-StateMachineUpdater] INFO  safemode.SCMSafeModeManager (SCMSafeModeManager.java:validateSafeModeExitRules(138)) - RatisContainerSafeModeRule rule is successfully validated
2025-09-28 08:46:13,056 [c2d163a0-0ec6-4601-8a26-ab579a1805eb@group-DCC0CF80AC7A-StateMachineUpdater] INFO  safemode.HealthyPipelineSafeModeRule (HealthyPipelineSafeModeRule.java:initializeRule(228)) - Refreshed total pipeline count is 0, healthy pipeline threshold count is 1
2025-09-28 08:46:13,056 [c2d163a0-0ec6-4601-8a26-ab579a1805eb@group-DCC0CF80AC7A-StateMachineUpdater] INFO  safemode.SCMSafeModeManager (SCMSafeModeManager.java:validateSafeModeExitRules(138)) - ECContainerSafeModeRule rule is successfully validated
2025-09-28 08:46:13,056 [c2d163a0-0ec6-4601-8a26-ab579a1805eb@group-DCC0CF80AC7A-StateMachineUpdater] INFO  safemode.SCMSafeModeManager (SCMSafeModeManager.java:validateSafeModeExitRules(138)) - AtleastOneDatanodeReportedRule rule is successfully validated
2025-09-28 08:46:13,057 [RatisPipelineUtilsThread-0] INFO  pipeline.BackgroundPipelineCreator (BackgroundPipelineCreator.java:createPipelines(246)) - Created new pipeline Pipeline{ Id: 53d4c00e-e1b0-426e-9c26-c51117d219b2, Nodes: [ {b8386e11-96d4-4625-b991-c054db98adbd(localhost/127.0.0.1), ReplicaIndex: 0}, {9962ec60-824d-4b5c-b72c-a80d9f5353d3(localhost/127.0.0.1), ReplicaIndex: 0}, {bb53dc84-9509-46ab-9745-0f1d93457633(localhost/127.0.0.1), ReplicaIndex: 0},], ReplicationConfig: RATIS/THREE, State:ALLOCATED, leaderId:, CreationTimestamp2025-09-28T08:46:13.052701901Z[Etc/UTC]}
2025-09-28 08:46:13,057 [RatisPipelineUtilsThread-0] INFO  pipeline.RatisPipelineProvider (RatisPipelineProvider.java:lambda$create$0(208)) - Sending CreatePipelineCommand for pipeline:Pipeline-df70ece9-6c5f-4732-bdaa-f8bbe9ffe6d0 to datanode:9962ec60-824d-4b5c-b72c-a80d9f5353d3(localhost/127.0.0.1)
2025-09-28 08:46:13,057 [RatisPipelineUtilsThread-0] INFO  pipeline.RatisPipelineProvider (RatisPipelineProvider.java:lambda$create$0(208)) - Sending CreatePipelineCommand for pipeline:Pipeline-df70ece9-6c5f-4732-bdaa-f8bbe9ffe6d0 to datanode:b8386e11-96d4-4625-b991-c054db98adbd(localhost/127.0.0.1)
2025-09-28 08:46:13,057 [RatisPipelineUtilsThread-0] INFO  pipeline.RatisPipelineProvider (RatisPipelineProvider.java:lambda$create$0(208)) - Sending CreatePipelineCommand for pipeline:Pipeline-df70ece9-6c5f-4732-bdaa-f8bbe9ffe6d0 to datanode:bb53dc84-9509-46ab-9745-0f1d93457633(localhost/127.0.0.1)
2025-09-28 08:46:13,061 [c2d163a0-0ec6-4601-8a26-ab579a1805eb@group-DCC0CF80AC7A-StateMachineUpdater] INFO  safemode.SCMSafeModeManager (SCMSafeModeManager.java:validateSafeModeExitRules(138)) - DataNodeSafeModeRule rule is successfully validated
2025-09-28 08:46:13,061 [c2d163a0-0ec6-4601-8a26-ab579a1805eb@group-DCC0CF80AC7A-StateMachineUpdater] INFO  safemode.SCMSafeModeManager (SCMSafeModeManager.java:validateSafeModeExitRules(138)) - RatisContainerSafeModeRule rule is successfully validated
2025-09-28 08:46:13,062 [c2d163a0-0ec6-4601-8a26-ab579a1805eb@group-DCC0CF80AC7A-StateMachineUpdater] INFO  safemode.HealthyPipelineSafeModeRule (HealthyPipelineSafeModeRule.java:initializeRule(228)) - Refreshed total pipeline count is 0, healthy pipeline threshold count is 1
2025-09-28 08:46:13,062 [c2d163a0-0ec6-4601-8a26-ab579a1805eb@group-DCC0CF80AC7A-StateMachineUpdater] INFO  safemode.SCMSafeModeManager (SCMSafeModeManager.java:validateSafeModeExitRules(138)) - ECContainerSafeModeRule rule is successfully validated
2025-09-28 08:46:13,062 [c2d163a0-0ec6-4601-8a26-ab579a1805eb@group-DCC0CF80AC7A-StateMachineUpdater] INFO  safemode.SCMSafeModeManager (SCMSafeModeManager.java:validateSafeModeExitRules(138)) - AtleastOneDatanodeReportedRule rule is successfully validated
2025-09-28 08:46:13,063 [RatisPipelineUtilsThread-0] INFO  pipeline.PipelineManagerImpl (PipelineManagerImpl.java:recordMetricsForPipeline(922)) - Pipeline-df70ece9-6c5f-4732-bdaa-f8bbe9ffe6d0 and Pipeline-53d4c00e-e1b0-426e-9c26-c51117d219b2 have exactly the same set of datanodes: [9962ec60-824d-4b5c-b72c-a80d9f5353d3(localhost/127.0.0.1), b8386e11-96d4-4625-b991-c054db98adbd(localhost/127.0.0.1), bb53dc84-9509-46ab-9745-0f1d93457633(localhost/127.0.0.1)]
2025-09-28 08:46:13,063 [RatisPipelineUtilsThread-0] INFO  pipeline.BackgroundPipelineCreator (BackgroundPipelineCreator.java:createPipelines(246)) - Created new pipeline Pipeline{ Id: df70ece9-6c5f-4732-bdaa-f8bbe9ffe6d0, Nodes: [ {9962ec60-824d-4b5c-b72c-a80d9f5353d3(localhost/127.0.0.1), ReplicaIndex: 0}, {b8386e11-96d4-4625-b991-c054db98adbd(localhost/127.0.0.1), ReplicaIndex: 0}, {bb53dc84-9509-46ab-9745-0f1d93457633(localhost/127.0.0.1), ReplicaIndex: 0},], ReplicationConfig: RATIS/THREE, State:ALLOCATED, leaderId:, CreationTimestamp2025-09-28T08:46:13.057729239Z[Etc/UTC]}
2025-09-28 08:46:14,046 [ForkJoinPool-1-worker-1] INFO  ozone.MiniOzoneClusterImpl (MiniOzoneClusterImpl.java:lambda$waitForClusterToBeReady$0(181)) - Nodes are ready. Got 3 of 3 DN Heartbeats.
2025-09-28 08:46:14,046 [ForkJoinPool-1-worker-1] INFO  ozone.MiniOzoneClusterImpl (MiniOzoneClusterImpl.java:lambda$waitForClusterToBeReady$0(184)) - Waiting for cluster to exit safe mode
2025-09-28 08:46:14,046 [ForkJoinPool-1-worker-1] INFO  ozone.MiniOzoneClusterImpl (MiniOzoneClusterImpl.java:lambda$waitForClusterToBeReady$0(186)) - SCM became leader
2025-09-28 08:46:15,047 [ForkJoinPool-1-worker-1] INFO  ozone.MiniOzoneClusterImpl (MiniOzoneClusterImpl.java:lambda$waitForClusterToBeReady$0(181)) - Nodes are ready. Got 3 of 3 DN Heartbeats.
2025-09-28 08:46:15,047 [ForkJoinPool-1-worker-1] INFO  ozone.MiniOzoneClusterImpl (MiniOzoneClusterImpl.java:lambda$waitForClusterToBeReady$0(184)) - Waiting for cluster to exit safe mode
2025-09-28 08:46:15,047 [ForkJoinPool-1-worker-1] INFO  ozone.MiniOzoneClusterImpl (MiniOzoneClusterImpl.java:lambda$waitForClusterToBeReady$0(186)) - SCM became leader
2025-09-28 08:46:15,064 [9962ec60-824d-4b5c-b72c-a80d9f5353d3-CreatePipelineCommandHandlerThread-0] INFO  server.RaftServer (RaftServerProxy.java:addNew(105)) - 9962ec60-824d-4b5c-b72c-a80d9f5353d3: addNew group-71444778A42C:[9962ec60-824d-4b5c-b72c-a80d9f5353d3|127.0.0.1:15015] returns group-71444778A42C:java.util.concurrent.CompletableFuture@6b133336[Not completed]
2025-09-28 08:46:15,071 [9962ec60-824d-4b5c-b72c-a80d9f5353d3-groupManagement] INFO  server.RaftServer$Division (RaftServerImpl.java:<init>(268)) - 9962ec60-824d-4b5c-b72c-a80d9f5353d3: new RaftServerImpl for group-71444778A42C:[9962ec60-824d-4b5c-b72c-a80d9f5353d3|127.0.0.1:15015] with ContainerStateMachine:uninitialized
2025-09-28 08:46:15,071 [9962ec60-824d-4b5c-b72c-a80d9f5353d3-groupManagement] INFO  server.RaftServerConfigKeys (ConfUtils.java:logGet(62)) - raft.server.rpc.timeout.min = 5s (custom)
2025-09-28 08:46:15,071 [9962ec60-824d-4b5c-b72c-a80d9f5353d3-groupManagement] INFO  server.RaftServerConfigKeys (ConfUtils.java:logGet(62)) - raft.server.rpc.timeout.max = 5200ms (custom)
2025-09-28 08:46:15,072 [9962ec60-824d-4b5c-b72c-a80d9f5353d3-groupManagement] INFO  server.RaftServerConfigKeys (ConfUtils.java:logGet(62)) - raft.server.rpc.slowness.timeout = 300s (custom)
2025-09-28 08:46:15,072 [9962ec60-824d-4b5c-b72c-a80d9f5353d3-groupManagement] INFO  server.RaftServer$Division (ServerState.java:<init>(114)) - 9962ec60-824d-4b5c-b72c-a80d9f5353d3@group-71444778A42C: ConfigurationManager, init=conf: {index: -1, cur=peers:[9962ec60-824d-4b5c-b72c-a80d9f5353d3|127.0.0.1:15015]|listeners:[], old=null}, confs=<EMPTY_MAP>
2025-09-28 08:46:15,072 [9962ec60-824d-4b5c-b72c-a80d9f5353d3-groupManagement] INFO  server.RaftServerConfigKeys (ConfUtils.java:logGet(62)) - raft.server.notification.no-leader.timeout = 300s (custom)
2025-09-28 08:46:15,072 [9962ec60-824d-4b5c-b72c-a80d9f5353d3-groupManagement] INFO  server.RaftServerConfigKeys (ConfUtils.java:logGet(62)) - raft.server.retrycache.expirytime = 600000ms (custom)
2025-09-28 08:46:15,076 [9962ec60-824d-4b5c-b72c-a80d9f5353d3-groupManagement] INFO  server.RaftServerConfigKeys (ConfUtils.java:logGet(62)) - raft.server.storage.dir = [/home/runner/work/ozone/ozone/hadoop-ozone/integration-test/target/test-dir/MiniOzoneClusterImpl-6c2de427-7485-43c3-b878-dcc0cf80ac7a/ozone-metadata/datanode-1/ratis] (custom)
2025-09-28 08:46:15,077 [9962ec60-824d-4b5c-b72c-a80d9f5353d3-groupManagement] INFO  storage.RaftStorageDirectory (RaftStorageDirectoryImpl.java:analyzeStorage(138)) - The storage directory /home/runner/work/ozone/ozone/hadoop-ozone/integration-test/target/test-dir/MiniOzoneClusterImpl-6c2de427-7485-43c3-b878-dcc0cf80ac7a/ozone-metadata/datanode-1/ratis/e6dd397e-dea0-4554-85a2-71444778a42c does not exist. Creating ...
2025-09-28 08:46:15,078 [9962ec60-824d-4b5c-b72c-a80d9f5353d3-groupManagement] INFO  storage.RaftStorageDirectory (RaftStorageDirectoryImpl.java:tryLock(229)) - Lock on /home/runner/work/ozone/ozone/hadoop-ozone/integration-test/target/test-dir/MiniOzoneClusterImpl-6c2de427-7485-43c3-b878-dcc0cf80ac7a/ozone-metadata/datanode-1/ratis/e6dd397e-dea0-4554-85a2-71444778a42c/in_use.lock acquired by nodename 129489@localhost
2025-09-28 08:46:15,079 [9962ec60-824d-4b5c-b72c-a80d9f5353d3-groupManagement] INFO  storage.RaftStorage (RaftStorageImpl.java:format(98)) - Storage directory /home/runner/work/ozone/ozone/hadoop-ozone/integration-test/target/test-dir/MiniOzoneClusterImpl-6c2de427-7485-43c3-b878-dcc0cf80ac7a/ozone-metadata/datanode-1/ratis/e6dd397e-dea0-4554-85a2-71444778a42c has been successfully formatted.
2025-09-28 08:46:15,083 [9962ec60-824d-4b5c-b72c-a80d9f5353d3-groupManagement] INFO  ratis.ContainerStateMachine (ContainerStateMachine.java:initialize(339)) - 9962ec60-824d-4b5c-b72c-a80d9f5353d3: initialize group-71444778A42C
2025-09-28 08:46:15,083 [9962ec60-824d-4b5c-b72c-a80d9f5353d3-groupManagement] INFO  ratis.ContainerStateMachine (ContainerStateMachine.java:loadSnapshot(347)) - group-71444778A42C: The snapshot info is null. Setting the last applied index to:<INITIAL_VALUE>
2025-09-28 08:46:15,083 [9962ec60-824d-4b5c-b72c-a80d9f5353d3-groupManagement] INFO  server.RaftServerConfigKeys (ConfUtils.java:logGet(62)) - raft.server.log.appender.buffer.byte-limit = 33554432 (custom)
2025-09-28 08:46:15,085 [9962ec60-824d-4b5c-b72c-a80d9f5353d3-groupManagement] INFO  server.RaftServerConfigKeys (ConfUtils.java:logGet(62)) - raft.server.log.segment.size.max = 67108864 (custom)
2025-09-28 08:46:15,086 [9962ec60-824d-4b5c-b72c-a80d9f5353d3-groupManagement] INFO  server.RaftServerConfigKeys (ConfUtils.java:logGet(62)) - raft.server.log.appender.buffer.byte-limit = 33554432 (custom)
2025-09-28 08:46:15,086 [9962ec60-824d-4b5c-b72c-a80d9f5353d3-groupManagement] INFO  util.AwaitToRun (AwaitToRun.java:start(81)) - Thread[#722,9962ec60-824d-4b5c-b72c-a80d9f5353d3@group-71444778A42C-cacheEviction-AwaitToRun,5,main] started
2025-09-28 08:46:15,086 [9962ec60-824d-4b5c-b72c-a80d9f5353d3-groupManagement] INFO  segmented.SegmentedRaftLogWorker (SegmentedRaftLogWorker.java:<init>(190)) - new 9962ec60-824d-4b5c-b72c-a80d9f5353d3@group-71444778A42C-SegmentedRaftLogWorker for RaftStorageImpl:Storage Directory /home/runner/work/ozone/ozone/hadoop-ozone/integration-test/target/test-dir/MiniOzoneClusterImpl-6c2de427-7485-43c3-b878-dcc0cf80ac7a/ozone-metadata/datanode-1/ratis/e6dd397e-dea0-4554-85a2-71444778a42c
2025-09-28 08:46:15,086 [9962ec60-824d-4b5c-b72c-a80d9f5353d3-groupManagement] INFO  server.RaftServerConfigKeys (ConfUtils.java:logGet(62)) - raft.server.log.queue.byte-limit = 4294967296 (custom)
2025-09-28 08:46:15,086 [9962ec60-824d-4b5c-b72c-a80d9f5353d3-groupManagement] INFO  server.RaftServerConfigKeys (ConfUtils.java:logGet(62)) - raft.server.log.queue.element-limit = 1024 (custom)
2025-09-28 08:46:15,086 [9962ec60-824d-4b5c-b72c-a80d9f5353d3-groupManagement] INFO  server.RaftServerConfigKeys (ConfUtils.java:logGet(62)) - raft.server.log.segment.size.max = 67108864 (custom)
2025-09-28 08:46:15,086 [9962ec60-824d-4b5c-b72c-a80d9f5353d3-groupManagement] INFO  server.RaftServerConfigKeys (ConfUtils.java:logGet(62)) - raft.server.log.preallocated.size = 4194304 (custom)
2025-09-28 08:46:15,086 [9962ec60-824d-4b5c-b72c-a80d9f5353d3-groupManagement] INFO  server.RaftServerConfigKeys (ConfUtils.java:logGet(62)) - raft.server.log.statemachine.data.sync.timeout.retry = 30 (custom)
2025-09-28 08:46:15,087 [9962ec60-824d-4b5c-b72c-a80d9f5353d3-groupManagement] INFO  server.RaftServerConfigKeys (ConfUtils.java:logGet(62)) - raft.server.log.write.buffer.size = 33554440 (custom)
2025-09-28 08:46:15,096 [EventQueue-PipelineReportForOneReplicaPipelineSafeModeRule] INFO  safemode.SCMSafeModeManager (SCMSafeModeManager.java:validateSafeModeExitRules(138)) - AtleastOneDatanodeReportedRule rule is successfully validated
2025-09-28 08:46:15,097 [9962ec60-824d-4b5c-b72c-a80d9f5353d3-groupManagement] INFO  server.RaftServerConfigKeys (ConfUtils.java:logGet(62)) - raft.server.log.appender.buffer.byte-limit = 33554432 (custom)
2025-09-28 08:46:15,097 [9962ec60-824d-4b5c-b72c-a80d9f5353d3-groupManagement] INFO  server.RaftServerConfigKeys (ConfUtils.java:logGet(62)) - raft.server.log.statemachine.data.caching.enabled = true (custom)
2025-09-28 08:46:15,097 [9962ec60-824d-4b5c-b72c-a80d9f5353d3-groupManagement] INFO  segmented.SegmentedRaftLogWorker (SegmentedRaftLogWorker.java:lambda$new$0(141)) - 9962ec60-824d-4b5c-b72c-a80d9f5353d3@group-71444778A42C-SegmentedRaftLogWorker: flushIndex: setUnconditionally 0 -> -1
2025-09-28 08:46:15,097 [9962ec60-824d-4b5c-b72c-a80d9f5353d3-groupManagement] INFO  segmented.SegmentedRaftLogWorker (SegmentedRaftLogWorker.java:lambda$new$0(141)) - 9962ec60-824d-4b5c-b72c-a80d9f5353d3@group-71444778A42C-SegmentedRaftLogWorker: safeCacheEvictIndex: setUnconditionally 0 -> -1
2025-09-28 08:46:15,098 [9962ec60-824d-4b5c-b72c-a80d9f5353d3-groupManagement] INFO  server.RaftServer$Division (RaftServerImpl.java:start(405)) - 9962ec60-824d-4b5c-b72c-a80d9f5353d3@group-71444778A42C: start as a follower, conf=conf: {index: -1, cur=peers:[9962ec60-824d-4b5c-b72c-a80d9f5353d3|127.0.0.1:15015]|listeners:[], old=null}
2025-09-28 08:46:15,098 [9962ec60-824d-4b5c-b72c-a80d9f5353d3-groupManagement] INFO  server.RaftServer$Division (RaftServerImpl.java:setRole(392)) - 9962ec60-824d-4b5c-b72c-a80d9f5353d3@group-71444778A42C: changes role from      null to FOLLOWER at term 0 for startAsFollower
2025-09-28 08:46:15,098 [9962ec60-824d-4b5c-b72c-a80d9f5353d3-groupManagement] INFO  impl.RoleInfo (RoleInfo.java:updateAndGet(148)) - 9962ec60-824d-4b5c-b72c-a80d9f5353d3: start 9962ec60-824d-4b5c-b72c-a80d9f5353d3@group-71444778A42C-FollowerState
2025-09-28 08:46:15,099 [9962ec60-824d-4b5c-b72c-a80d9f5353d3-groupManagement] INFO  util.JmxRegister (JmxRegister.java:tryRegister(44)) - Successfully registered JMX Bean with object name Ratis:service=RaftServer,group=group-71444778A42C,id=9962ec60-824d-4b5c-b72c-a80d9f5353d3
2025-09-28 08:46:15,099 [9962ec60-824d-4b5c-b72c-a80d9f5353d3-groupManagement] INFO  util.JmxRegister (JmxRegister.java:register(58)) - register mxBean class org.apache.ratis.server.impl.RaftServerJmxAdapter as Ratis:service=RaftServer,group=group-71444778A42C,id=9962ec60-824d-4b5c-b72c-a80d9f5353d3
2025-09-28 08:46:15,099 [9962ec60-824d-4b5c-b72c-a80d9f5353d3-groupManagement] INFO  server.RaftServerConfigKeys (ConfUtils.java:logGet(62)) - raft.server.snapshot.auto.trigger.threshold = 100000 (custom)
2025-09-28 08:46:15,099 [9962ec60-824d-4b5c-b72c-a80d9f5353d3-groupManagement] INFO  server.RaftServerConfigKeys (ConfUtils.java:logGet(62)) - raft.server.snapshot.retention.file.num = 5 (custom)
2025-09-28 08:46:15,099 [9962ec60-824d-4b5c-b72c-a80d9f5353d3-groupManagement] INFO  server.RaftServerConfigKeys (ConfUtils.java:logGet(62)) - raft.server.log.purge.upto.snapshot.index = false (default)
2025-09-28 08:46:15,100 [9962ec60-824d-4b5c-b72c-a80d9f5353d3-groupManagement] INFO  server.RaftServer$Division (RaftServerImpl.java:start(419)) - 9962ec60-824d-4b5c-b72c-a80d9f5353d3@group-71444778A42C: Successfully started.
2025-09-28 08:46:15,101 [9962ec60-824d-4b5c-b72c-a80d9f5353d3-CreatePipelineCommandHandlerThread-0] INFO  ratis.XceiverServerRatis (XceiverServerRatis.java:addGroup(839)) - Created group Pipeline-e6dd397e-dea0-4554-85a2-71444778a42c
2025-09-28 08:46:15,102 [9962ec60-824d-4b5c-b72c-a80d9f5353d3-CreatePipelineCommandHandlerThread-0] INFO  commandhandler.CreatePipelineCommandHandler (CreatePipelineCommandHandler.java:lambda$handle$2(141)) - Created Pipeline RATIS ONE Pipeline-e6dd397e-dea0-4554-85a2-71444778a42c.
2025-09-28 08:46:15,102 [9962ec60-824d-4b5c-b72c-a80d9f5353d3-CreatePipelineCommandHandlerThread-0] INFO  server.RaftServer (RaftServerProxy.java:addNew(105)) - 9962ec60-824d-4b5c-b72c-a80d9f5353d3: addNew group-C51117D219B2:[b8386e11-96d4-4625-b991-c054db98adbd|127.0.0.1:15023, 9962ec60-824d-4b5c-b72c-a80d9f5353d3|127.0.0.1:15015, bb53dc84-9509-46ab-9745-0f1d93457633|127.0.0.1:15031] returns group-C51117D219B2:java.util.concurrent.CompletableFuture@3de374fe[Not completed]
2025-09-28 08:46:15,104 [c2d163a0-0ec6-4601-8a26-ab579a1805eb@group-DCC0CF80AC7A-StateMachineUpdater] INFO  safemode.SCMSafeModeManager (SCMSafeModeManager.java:validateSafeModeExitRules(138)) - DataNodeSafeModeRule rule is successfully validated
2025-09-28 08:46:15,104 [c2d163a0-0ec6-4601-8a26-ab579a1805eb@group-DCC0CF80AC7A-StateMachineUpdater] INFO  safemode.SCMSafeModeManager (SCMSafeModeManager.java:validateSafeModeExitRules(138)) - RatisContainerSafeModeRule rule is successfully validated
2025-09-28 08:46:15,104 [c2d163a0-0ec6-4601-8a26-ab579a1805eb@group-DCC0CF80AC7A-StateMachineUpdater] INFO  safemode.HealthyPipelineSafeModeRule (HealthyPipelineSafeModeRule.java:initializeRule(228)) - Refreshed total pipeline count is 0, healthy pipeline threshold count is 1
2025-09-28 08:46:15,104 [c2d163a0-0ec6-4601-8a26-ab579a1805eb@group-DCC0CF80AC7A-StateMachineUpdater] INFO  safemode.SCMSafeModeManager (SCMSafeModeManager.java:validateSafeModeExitRules(138)) - ECContainerSafeModeRule rule is successfully validated
2025-09-28 08:46:15,104 [c2d163a0-0ec6-4601-8a26-ab579a1805eb@group-DCC0CF80AC7A-StateMachineUpdater] INFO  safemode.SCMSafeModeManager (SCMSafeModeManager.java:validateSafeModeExitRules(138)) - AtleastOneDatanodeReportedRule rule is successfully validated
2025-09-28 08:46:15,105 [EventQueue-PipelineReportForPipelineReportHandler] INFO  pipeline.PipelineReportHandler (PipelineReportHandler.java:processPipelineReport(132)) - Opened pipeline Pipeline-e6dd397e-dea0-4554-85a2-71444778a42c
2025-09-28 08:46:15,106 [9962ec60-824d-4b5c-b72c-a80d9f5353d3-groupManagement] INFO  server.RaftServer$Division (RaftServerImpl.java:<init>(268)) - 9962ec60-824d-4b5c-b72c-a80d9f5353d3: new RaftServerImpl for group-C51117D219B2:[b8386e11-96d4-4625-b991-c054db98adbd|127.0.0.1:15023, 9962ec60-824d-4b5c-b72c-a80d9f5353d3|127.0.0.1:15015, bb53dc84-9509-46ab-9745-0f1d93457633|127.0.0.1:15031] with ContainerStateMachine:uninitialized
2025-09-28 08:46:15,106 [9962ec60-824d-4b5c-b72c-a80d9f5353d3-groupManagement] INFO  server.RaftServer$Division (ServerState.java:<init>(114)) - 9962ec60-824d-4b5c-b72c-a80d9f5353d3@group-C51117D219B2: ConfigurationManager, init=conf: {index: -1, cur=peers:[b8386e11-96d4-4625-b991-c054db98adbd|127.0.0.1:15023, 9962ec60-824d-4b5c-b72c-a80d9f5353d3|127.0.0.1:15015, bb53dc84-9509-46ab-9745-0f1d93457633|127.0.0.1:15031]|listeners:[], old=null}, confs=<EMPTY_MAP>
2025-09-28 08:46:15,111 [9962ec60-824d-4b5c-b72c-a80d9f5353d3-groupManagement] INFO  storage.RaftStorageDirectory (RaftStorageDirectoryImpl.java:analyzeStorage(138)) - The storage directory /home/runner/work/ozone/ozone/hadoop-ozone/integration-test/target/test-dir/MiniOzoneClusterImpl-6c2de427-7485-43c3-b878-dcc0cf80ac7a/ozone-metadata/datanode-1/ratis/53d4c00e-e1b0-426e-9c26-c51117d219b2 does not exist. Creating ...
2025-09-28 08:46:15,112 [9962ec60-824d-4b5c-b72c-a80d9f5353d3-groupManagement] INFO  storage.RaftStorageDirectory (RaftStorageDirectoryImpl.java:tryLock(229)) - Lock on /home/runner/work/ozone/ozone/hadoop-ozone/integration-test/target/test-dir/MiniOzoneClusterImpl-6c2de427-7485-43c3-b878-dcc0cf80ac7a/ozone-metadata/datanode-1/ratis/53d4c00e-e1b0-426e-9c26-c51117d219b2/in_use.lock acquired by nodename 129489@localhost
2025-09-28 08:46:15,113 [9962ec60-824d-4b5c-b72c-a80d9f5353d3-groupManagement] INFO  storage.RaftStorage (RaftStorageImpl.java:format(98)) - Storage directory /home/runner/work/ozone/ozone/hadoop-ozone/integration-test/target/test-dir/MiniOzoneClusterImpl-6c2de427-7485-43c3-b878-dcc0cf80ac7a/ozone-metadata/datanode-1/ratis/53d4c00e-e1b0-426e-9c26-c51117d219b2 has been successfully formatted.
2025-09-28 08:46:15,113 [9962ec60-824d-4b5c-b72c-a80d9f5353d3-groupManagement] INFO  ratis.ContainerStateMachine (ContainerStateMachine.java:initialize(339)) - 9962ec60-824d-4b5c-b72c-a80d9f5353d3: initialize group-C51117D219B2
2025-09-28 08:46:15,113 [9962ec60-824d-4b5c-b72c-a80d9f5353d3-groupManagement] INFO  ratis.ContainerStateMachine (ContainerStateMachine.java:loadSnapshot(347)) - group-C51117D219B2: The snapshot info is null. Setting the last applied index to:<INITIAL_VALUE>
2025-09-28 08:46:15,114 [9962ec60-824d-4b5c-b72c-a80d9f5353d3-groupManagement] INFO  server.RaftServerConfigKeys (ConfUtils.java:logGet(62)) - raft.server.log.appender.buffer.byte-limit = 33554432 (custom)
2025-09-28 08:46:15,115 [9962ec60-824d-4b5c-b72c-a80d9f5353d3-groupManagement] INFO  server.RaftServerConfigKeys (ConfUtils.java:logGet(62)) - raft.server.log.segment.size.max = 67108864 (custom)
2025-09-28 08:46:15,115 [EventQueue-PipelineReportForOneReplicaPipelineSafeModeRule] INFO  safemode.SCMSafeModeManager (SCMSafeModeManager.java:validateSafeModeExitRules(138)) - AtleastOneDatanodeReportedRule rule is successfully validated
2025-09-28 08:46:15,115 [9962ec60-824d-4b5c-b72c-a80d9f5353d3-groupManagement] INFO  server.RaftServerConfigKeys (ConfUtils.java:logGet(62)) - raft.server.log.appender.buffer.byte-limit = 33554432 (custom)
2025-09-28 08:46:15,116 [9962ec60-824d-4b5c-b72c-a80d9f5353d3-groupManagement] INFO  util.AwaitToRun (AwaitToRun.java:start(81)) - Thread[#727,9962ec60-824d-4b5c-b72c-a80d9f5353d3@group-C51117D219B2-cacheEviction-AwaitToRun,5,main] started
2025-09-28 08:46:15,116 [9962ec60-824d-4b5c-b72c-a80d9f5353d3-groupManagement] INFO  segmented.SegmentedRaftLogWorker (SegmentedRaftLogWorker.java:<init>(190)) - new 9962ec60-824d-4b5c-b72c-a80d9f5353d3@group-C51117D219B2-SegmentedRaftLogWorker for RaftStorageImpl:Storage Directory /home/runner/work/ozone/ozone/hadoop-ozone/integration-test/target/test-dir/MiniOzoneClusterImpl-6c2de427-7485-43c3-b878-dcc0cf80ac7a/ozone-metadata/datanode-1/ratis/53d4c00e-e1b0-426e-9c26-c51117d219b2
2025-09-28 08:46:15,116 [9962ec60-824d-4b5c-b72c-a80d9f5353d3-groupManagement] INFO  server.RaftServerConfigKeys (ConfUtils.java:logGet(62)) - raft.server.log.queue.byte-limit = 4294967296 (custom)
2025-09-28 08:46:15,116 [9962ec60-824d-4b5c-b72c-a80d9f5353d3-groupManagement] INFO  server.RaftServerConfigKeys (ConfUtils.java:logGet(62)) - raft.server.log.segment.size.max = 67108864 (custom)
2025-09-28 08:46:15,116 [9962ec60-824d-4b5c-b72c-a80d9f5353d3-groupManagement] INFO  server.RaftServerConfigKeys (ConfUtils.java:logGet(62)) - raft.server.log.preallocated.size = 4194304 (custom)
2025-09-28 08:46:15,116 [9962ec60-824d-4b5c-b72c-a80d9f5353d3-groupManagement] INFO  server.RaftServerConfigKeys (ConfUtils.java:logGet(62)) - raft.server.log.write.buffer.size = 33554440 (custom)
2025-09-28 08:46:15,125 [9962ec60-824d-4b5c-b72c-a80d9f5353d3-groupManagement] INFO  server.RaftServerConfigKeys (ConfUtils.java:logGet(62)) - raft.server.log.appender.buffer.byte-limit = 33554432 (custom)
2025-09-28 08:46:15,125 [9962ec60-824d-4b5c-b72c-a80d9f5353d3-groupManagement] INFO  segmented.SegmentedRaftLogWorker (SegmentedRaftLogWorker.java:lambda$new$0(141)) - 9962ec60-824d-4b5c-b72c-a80d9f5353d3@group-C51117D219B2-SegmentedRaftLogWorker: flushIndex: setUnconditionally 0 -> -1
2025-09-28 08:46:15,125 [9962ec60-824d-4b5c-b72c-a80d9f5353d3-groupManagement] INFO  segmented.SegmentedRaftLogWorker (SegmentedRaftLogWorker.java:lambda$new$0(141)) - 9962ec60-824d-4b5c-b72c-a80d9f5353d3@group-C51117D219B2-SegmentedRaftLogWorker: safeCacheEvictIndex: setUnconditionally 0 -> -1
2025-09-28 08:46:15,126 [9962ec60-824d-4b5c-b72c-a80d9f5353d3-groupManagement] INFO  server.RaftServer$Division (RaftServerImpl.java:start(405)) - 9962ec60-824d-4b5c-b72c-a80d9f5353d3@group-C51117D219B2: start as a follower, conf=conf: {index: -1, cur=peers:[b8386e11-96d4-4625-b991-c054db98adbd|127.0.0.1:15023, 9962ec60-824d-4b5c-b72c-a80d9f5353d3|127.0.0.1:15015, bb53dc84-9509-46ab-9745-0f1d93457633|127.0.0.1:15031]|listeners:[], old=null}
2025-09-28 08:46:15,126 [9962ec60-824d-4b5c-b72c-a80d9f5353d3-groupManagement] INFO  server.RaftServer$Division (RaftServerImpl.java:setRole(392)) - 9962ec60-824d-4b5c-b72c-a80d9f5353d3@group-C51117D219B2: changes role from      null to FOLLOWER at term 0 for startAsFollower
2025-09-28 08:46:15,126 [9962ec60-824d-4b5c-b72c-a80d9f5353d3-groupManagement] INFO  impl.RoleInfo (RoleInfo.java:updateAndGet(148)) - 9962ec60-824d-4b5c-b72c-a80d9f5353d3: start 9962ec60-824d-4b5c-b72c-a80d9f5353d3@group-C51117D219B2-FollowerState
2025-09-28 08:46:15,127 [9962ec60-824d-4b5c-b72c-a80d9f5353d3-groupManagement] INFO  util.JmxRegister (JmxRegister.java:tryRegister(44)) - Successfully registered JMX Bean with object name Ratis:service=RaftServer,group=group-C51117D219B2,id=9962ec60-824d-4b5c-b72c-a80d9f5353d3
2025-09-28 08:46:15,127 [9962ec60-824d-4b5c-b72c-a80d9f5353d3-groupManagement] INFO  util.JmxRegister (JmxRegister.java:register(58)) - register mxBean class org.apache.ratis.server.impl.RaftServerJmxAdapter as Ratis:service=RaftServer,group=group-C51117D219B2,id=9962ec60-824d-4b5c-b72c-a80d9f5353d3
2025-09-28 08:46:15,128 [9962ec60-824d-4b5c-b72c-a80d9f5353d3-groupManagement] INFO  server.RaftServer$Division (RaftServerImpl.java:start(419)) - 9962ec60-824d-4b5c-b72c-a80d9f5353d3@group-C51117D219B2: Successfully started.
2025-09-28 08:46:15,128 [9962ec60-824d-4b5c-b72c-a80d9f5353d3-CreatePipelineCommandHandlerThread-0] INFO  ratis.XceiverServerRatis (XceiverServerRatis.java:addGroup(839)) - Created group Pipeline-53d4c00e-e1b0-426e-9c26-c51117d219b2
2025-09-28 08:46:15,299 [b8386e11-96d4-4625-b991-c054db98adbd-CreatePipelineCommandHandlerThread-0] INFO  server.RaftServer (RaftServerProxy.java:addNew(105)) - b8386e11-96d4-4625-b991-c054db98adbd: addNew group-2A77E6FE4889:[b8386e11-96d4-4625-b991-c054db98adbd|127.0.0.1:15023] returns group-2A77E6FE4889:java.util.concurrent.CompletableFuture@16879623[Not completed]
2025-09-28 08:46:15,300 [b8386e11-96d4-4625-b991-c054db98adbd-groupManagement] INFO  server.RaftServer$Division (RaftServerImpl.java:<init>(268)) - b8386e11-96d4-4625-b991-c054db98adbd: new RaftServerImpl for group-2A77E6FE4889:[b8386e11-96d4-4625-b991-c054db98adbd|127.0.0.1:15023] with ContainerStateMachine:uninitialized
2025-09-28 08:46:15,300 [b8386e11-96d4-4625-b991-c054db98adbd-groupManagement] INFO  server.RaftServer$Division (ServerState.java:<init>(114)) - b8386e11-96d4-4625-b991-c054db98adbd@group-2A77E6FE4889: ConfigurationManager, init=conf: {index: -1, cur=peers:[b8386e11-96d4-4625-b991-c054db98adbd|127.0.0.1:15023]|listeners:[], old=null}, confs=<EMPTY_MAP>
2025-09-28 08:46:15,306 [b8386e11-96d4-4625-b991-c054db98adbd-groupManagement] INFO  server.RaftServerConfigKeys (ConfUtils.java:logGet(62)) - raft.server.storage.dir = [/home/runner/work/ozone/ozone/hadoop-ozone/integration-test/target/test-dir/MiniOzoneClusterImpl-6c2de427-7485-43c3-b878-dcc0cf80ac7a/ozone-metadata/datanode-2/ratis] (custom)
2025-09-28 08:46:15,306 [b8386e11-96d4-4625-b991-c054db98adbd-groupManagement] INFO  storage.RaftStorageDirectory (RaftStorageDirectoryImpl.java:analyzeStorage(138)) - The storage directory /home/runner/work/ozone/ozone/hadoop-ozone/integration-test/target/test-dir/MiniOzoneClusterImpl-6c2de427-7485-43c3-b878-dcc0cf80ac7a/ozone-metadata/datanode-2/ratis/ef0f5bb4-1fba-4131-8533-2a77e6fe4889 does not exist. Creating ...
2025-09-28 08:46:15,307 [b8386e11-96d4-4625-b991-c054db98adbd-groupManagement] INFO  storage.RaftStorageDirectory (RaftStorageDirectoryImpl.java:tryLock(229)) - Lock on /home/runner/work/ozone/ozone/hadoop-ozone/integration-test/target/test-dir/MiniOzoneClusterImpl-6c2de427-7485-43c3-b878-dcc0cf80ac7a/ozone-metadata/datanode-2/ratis/ef0f5bb4-1fba-4131-8533-2a77e6fe4889/in_use.lock acquired by nodename 129489@localhost
2025-09-28 08:46:15,308 [b8386e11-96d4-4625-b991-c054db98adbd-groupManagement] INFO  storage.RaftStorage (RaftStorageImpl.java:format(98)) - Storage directory /home/runner/work/ozone/ozone/hadoop-ozone/integration-test/target/test-dir/MiniOzoneClusterImpl-6c2de427-7485-43c3-b878-dcc0cf80ac7a/ozone-metadata/datanode-2/ratis/ef0f5bb4-1fba-4131-8533-2a77e6fe4889 has been successfully formatted.
2025-09-28 08:46:15,309 [b8386e11-96d4-4625-b991-c054db98adbd-groupManagement] INFO  ratis.ContainerStateMachine (ContainerStateMachine.java:initialize(339)) - b8386e11-96d4-4625-b991-c054db98adbd: initialize group-2A77E6FE4889
2025-09-28 08:46:15,309 [b8386e11-96d4-4625-b991-c054db98adbd-groupManagement] INFO  ratis.ContainerStateMachine (ContainerStateMachine.java:loadSnapshot(347)) - group-2A77E6FE4889: The snapshot info is null. Setting the last applied index to:<INITIAL_VALUE>
2025-09-28 08:46:15,309 [b8386e11-96d4-4625-b991-c054db98adbd-groupManagement] INFO  server.RaftServerConfigKeys (ConfUtils.java:logGet(62)) - raft.server.log.appender.buffer.byte-limit = 33554432 (custom)
2025-09-28 08:46:15,312 [EventQueue-PipelineReportForOneReplicaPipelineSafeModeRule] INFO  safemode.SCMSafeModeManager (SCMSafeModeManager.java:validateSafeModeExitRules(138)) - AtleastOneDatanodeReportedRule rule is successfully validated
2025-09-28 08:46:15,312 [b8386e11-96d4-4625-b991-c054db98adbd-groupManagement] INFO  server.RaftServerConfigKeys (ConfUtils.java:logGet(62)) - raft.server.log.segment.size.max = 67108864 (custom)
2025-09-28 08:46:15,313 [b8386e11-96d4-4625-b991-c054db98adbd-groupManagement] INFO  server.RaftServerConfigKeys (ConfUtils.java:logGet(62)) - raft.server.log.appender.buffer.byte-limit = 33554432 (custom)
2025-09-28 08:46:15,313 [b8386e11-96d4-4625-b991-c054db98adbd-groupManagement] INFO  util.AwaitToRun (AwaitToRun.java:start(81)) - Thread[#737,b8386e11-96d4-4625-b991-c054db98adbd@group-2A77E6FE4889-cacheEviction-AwaitToRun,5,main] started
2025-09-28 08:46:15,313 [b8386e11-96d4-4625-b991-c054db98adbd-groupManagement] INFO  segmented.SegmentedRaftLogWorker (SegmentedRaftLogWorker.java:<init>(190)) - new b8386e11-96d4-4625-b991-c054db98adbd@group-2A77E6FE4889-SegmentedRaftLogWorker for RaftStorageImpl:Storage Directory /home/runner/work/ozone/ozone/hadoop-ozone/integration-test/target/test-dir/MiniOzoneClusterImpl-6c2de427-7485-43c3-b878-dcc0cf80ac7a/ozone-metadata/datanode-2/ratis/ef0f5bb4-1fba-4131-8533-2a77e6fe4889
2025-09-28 08:46:15,313 [b8386e11-96d4-4625-b991-c054db98adbd-groupManagement] INFO  server.RaftServerConfigKeys (ConfUtils.java:logGet(62)) - raft.server.log.queue.byte-limit = 4294967296 (custom)
2025-09-28 08:46:15,313 [b8386e11-96d4-4625-b991-c054db98adbd-groupManagement] INFO  server.RaftServerConfigKeys (ConfUtils.java:logGet(62)) - raft.server.log.segment.size.max = 67108864 (custom)
2025-09-28 08:46:15,313 [b8386e11-96d4-4625-b991-c054db98adbd-groupManagement] INFO  server.RaftServerConfigKeys (ConfUtils.java:logGet(62)) - raft.server.log.preallocated.size = 4194304 (custom)
2025-09-28 08:46:15,314 [b8386e11-96d4-4625-b991-c054db98adbd-groupManagement] INFO  server.RaftServerConfigKeys (ConfUtils.java:logGet(62)) - raft.server.log.write.buffer.size = 33554440 (custom)
2025-09-28 08:46:15,316 [c2d163a0-0ec6-4601-8a26-ab579a1805eb@group-DCC0CF80AC7A-StateMachineUpdater] INFO  safemode.SCMSafeModeManager (SCMSafeModeManager.java:validateSafeModeExitRules(138)) - DataNodeSafeModeRule rule is successfully validated
2025-09-28 08:46:15,317 [c2d163a0-0ec6-4601-8a26-ab579a1805eb@group-DCC0CF80AC7A-StateMachineUpdater] INFO  safemode.SCMSafeModeManager (SCMSafeModeManager.java:validateSafeModeExitRules(138)) - RatisContainerSafeModeRule rule is successfully validated
2025-09-28 08:46:15,317 [c2d163a0-0ec6-4601-8a26-ab579a1805eb@group-DCC0CF80AC7A-StateMachineUpdater] INFO  safemode.HealthyPipelineSafeModeRule (HealthyPipelineSafeModeRule.java:initializeRule(228)) - Refreshed total pipeline count is 0, healthy pipeline threshold count is 1
2025-09-28 08:46:15,317 [c2d163a0-0ec6-4601-8a26-ab579a1805eb@group-DCC0CF80AC7A-StateMachineUpdater] INFO  safemode.SCMSafeModeManager (SCMSafeModeManager.java:validateSafeModeExitRules(138)) - ECContainerSafeModeRule rule is successfully validated
2025-09-28 08:46:15,317 [c2d163a0-0ec6-4601-8a26-ab579a1805eb@group-DCC0CF80AC7A-StateMachineUpdater] INFO  safemode.SCMSafeModeManager (SCMSafeModeManager.java:validateSafeModeExitRules(138)) - AtleastOneDatanodeReportedRule rule is successfully validated
2025-09-28 08:46:15,317 [EventQueue-PipelineReportForPipelineReportHandler] INFO  pipeline.PipelineReportHandler (PipelineReportHandler.java:processPipelineReport(132)) - Opened pipeline Pipeline-ef0f5bb4-1fba-4131-8533-2a77e6fe4889
2025-09-28 08:46:15,323 [b8386e11-96d4-4625-b991-c054db98adbd-groupManagement] INFO  server.RaftServerConfigKeys (ConfUtils.java:logGet(62)) - raft.server.log.appender.buffer.byte-limit = 33554432 (custom)
2025-09-28 08:46:15,323 [b8386e11-96d4-4625-b991-c054db98adbd-groupManagement] INFO  segmented.SegmentedRaftLogWorker (SegmentedRaftLogWorker.java:lambda$new$0(141)) - b8386e11-96d4-4625-b991-c054db98adbd@group-2A77E6FE4889-SegmentedRaftLogWorker: flushIndex: setUnconditionally 0 -> -1
2025-09-28 08:46:15,323 [b8386e11-96d4-4625-b991-c054db98adbd-groupManagement] INFO  segmented.SegmentedRaftLogWorker (SegmentedRaftLogWorker.java:lambda$new$0(141)) - b8386e11-96d4-4625-b991-c054db98adbd@group-2A77E6FE4889-SegmentedRaftLogWorker: safeCacheEvictIndex: setUnconditionally 0 -> -1
2025-09-28 08:46:15,324 [b8386e11-96d4-4625-b991-c054db98adbd-groupManagement] INFO  server.RaftServer$Division (RaftServerImpl.java:start(405)) - b8386e11-96d4-4625-b991-c054db98adbd@group-2A77E6FE4889: start as a follower, conf=conf: {index: -1, cur=peers:[b8386e11-96d4-4625-b991-c054db98adbd|127.0.0.1:15023]|listeners:[], old=null}
2025-09-28 08:46:15,324 [b8386e11-96d4-4625-b991-c054db98adbd-groupManagement] INFO  server.RaftServer$Division (RaftServerImpl.java:setRole(392)) - b8386e11-96d4-4625-b991-c054db98adbd@group-2A77E6FE4889: changes role from      null to FOLLOWER at term 0 for startAsFollower
2025-09-28 08:46:15,324 [b8386e11-96d4-4625-b991-c054db98adbd-groupManagement] INFO  impl.RoleInfo (RoleInfo.java:updateAndGet(148)) - b8386e11-96d4-4625-b991-c054db98adbd: start b8386e11-96d4-4625-b991-c054db98adbd@group-2A77E6FE4889-FollowerState
2025-09-28 08:46:15,324 [b8386e11-96d4-4625-b991-c054db98adbd-groupManagement] INFO  util.JmxRegister (JmxRegister.java:tryRegister(44)) - Successfully registered JMX Bean with object name Ratis:service=RaftServer,group=group-2A77E6FE4889,id=b8386e11-96d4-4625-b991-c054db98adbd
2025-09-28 08:46:15,324 [b8386e11-96d4-4625-b991-c054db98adbd-groupManagement] INFO  util.JmxRegister (JmxRegister.java:register(58)) - register mxBean class org.apache.ratis.server.impl.RaftServerJmxAdapter as Ratis:service=RaftServer,group=group-2A77E6FE4889,id=b8386e11-96d4-4625-b991-c054db98adbd
2025-09-28 08:46:15,325 [b8386e11-96d4-4625-b991-c054db98adbd-groupManagement] INFO  server.RaftServer$Division (RaftServerImpl.java:start(419)) - b8386e11-96d4-4625-b991-c054db98adbd@group-2A77E6FE4889: Successfully started.
2025-09-28 08:46:15,325 [b8386e11-96d4-4625-b991-c054db98adbd-CreatePipelineCommandHandlerThread-0] INFO  ratis.XceiverServerRatis (XceiverServerRatis.java:addGroup(839)) - Created group Pipeline-ef0f5bb4-1fba-4131-8533-2a77e6fe4889
2025-09-28 08:46:15,325 [b8386e11-96d4-4625-b991-c054db98adbd-CreatePipelineCommandHandlerThread-0] INFO  commandhandler.CreatePipelineCommandHandler (CreatePipelineCommandHandler.java:lambda$handle$2(141)) - Created Pipeline RATIS ONE Pipeline-ef0f5bb4-1fba-4131-8533-2a77e6fe4889.
2025-09-28 08:46:15,326 [b8386e11-96d4-4625-b991-c054db98adbd-CreatePipelineCommandHandlerThread-0] INFO  server.RaftServer (RaftServerProxy.java:addNew(105)) - b8386e11-96d4-4625-b991-c054db98adbd: addNew group-C51117D219B2:[b8386e11-96d4-4625-b991-c054db98adbd|127.0.0.1:15023, 9962ec60-824d-4b5c-b72c-a80d9f5353d3|127.0.0.1:15015, bb53dc84-9509-46ab-9745-0f1d93457633|127.0.0.1:15031] returns group-C51117D219B2:java.util.concurrent.CompletableFuture@240262f5[Not completed]
2025-09-28 08:46:15,328 [b8386e11-96d4-4625-b991-c054db98adbd-groupManagement] INFO  server.RaftServer$Division (RaftServerImpl.java:<init>(268)) - b8386e11-96d4-4625-b991-c054db98adbd: new RaftServerImpl for group-C51117D219B2:[b8386e11-96d4-4625-b991-c054db98adbd|127.0.0.1:15023, 9962ec60-824d-4b5c-b72c-a80d9f5353d3|127.0.0.1:15015, bb53dc84-9509-46ab-9745-0f1d93457633|127.0.0.1:15031] with ContainerStateMachine:uninitialized
2025-09-28 08:46:15,328 [b8386e11-96d4-4625-b991-c054db98adbd-groupManagement] INFO  server.RaftServer$Division (ServerState.java:<init>(114)) - b8386e11-96d4-4625-b991-c054db98adbd@group-C51117D219B2: ConfigurationManager, init=conf: {index: -1, cur=peers:[b8386e11-96d4-4625-b991-c054db98adbd|127.0.0.1:15023, 9962ec60-824d-4b5c-b72c-a80d9f5353d3|127.0.0.1:15015, bb53dc84-9509-46ab-9745-0f1d93457633|127.0.0.1:15031]|listeners:[], old=null}, confs=<EMPTY_MAP>
2025-09-28 08:46:15,333 [b8386e11-96d4-4625-b991-c054db98adbd-groupManagement] INFO  storage.RaftStorageDirectory (RaftStorageDirectoryImpl.java:analyzeStorage(138)) - The storage directory /home/runner/work/ozone/ozone/hadoop-ozone/integration-test/target/test-dir/MiniOzoneClusterImpl-6c2de427-7485-43c3-b878-dcc0cf80ac7a/ozone-metadata/datanode-2/ratis/53d4c00e-e1b0-426e-9c26-c51117d219b2 does not exist. Creating ...
2025-09-28 08:46:15,337 [b8386e11-96d4-4625-b991-c054db98adbd-groupManagement] INFO  storage.RaftStorageDirectory (RaftStorageDirectoryImpl.java:tryLock(229)) - Lock on /home/runner/work/ozone/ozone/hadoop-ozone/integration-test/target/test-dir/MiniOzoneClusterImpl-6c2de427-7485-43c3-b878-dcc0cf80ac7a/ozone-metadata/datanode-2/ratis/53d4c00e-e1b0-426e-9c26-c51117d219b2/in_use.lock acquired by nodename 129489@localhost
2025-09-28 08:46:15,338 [b8386e11-96d4-4625-b991-c054db98adbd-groupManagement] INFO  storage.RaftStorage (RaftStorageImpl.java:format(98)) - Storage directory /home/runner/work/ozone/ozone/hadoop-ozone/integration-test/target/test-dir/MiniOzoneClusterImpl-6c2de427-7485-43c3-b878-dcc0cf80ac7a/ozone-metadata/datanode-2/ratis/53d4c00e-e1b0-426e-9c26-c51117d219b2 has been successfully formatted.
2025-09-28 08:46:15,338 [b8386e11-96d4-4625-b991-c054db98adbd-groupManagement] INFO  ratis.ContainerStateMachine (ContainerStateMachine.java:initialize(339)) - b8386e11-96d4-4625-b991-c054db98adbd: initialize group-C51117D219B2
2025-09-28 08:46:15,338 [b8386e11-96d4-4625-b991-c054db98adbd-groupManagement] INFO  ratis.ContainerStateMachine (ContainerStateMachine.java:loadSnapshot(347)) - group-C51117D219B2: The snapshot info is null. Setting the last applied index to:<INITIAL_VALUE>
2025-09-28 08:46:15,339 [b8386e11-96d4-4625-b991-c054db98adbd-groupManagement] INFO  server.RaftServerConfigKeys (ConfUtils.java:logGet(62)) - raft.server.log.appender.buffer.byte-limit = 33554432 (custom)
2025-09-28 08:46:15,340 [b8386e11-96d4-4625-b991-c054db98adbd-groupManagement] INFO  server.RaftServerConfigKeys (ConfUtils.java:logGet(62)) - raft.server.log.segment.size.max = 67108864 (custom)
2025-09-28 08:46:15,341 [b8386e11-96d4-4625-b991-c054db98adbd-groupManagement] INFO  server.RaftServerConfigKeys (ConfUtils.java:logGet(62)) - raft.server.log.appender.buffer.byte-limit = 33554432 (custom)
2025-09-28 08:46:15,342 [EventQueue-PipelineReportForOneReplicaPipelineSafeModeRule] INFO  safemode.SCMSafeModeManager (SCMSafeModeManager.java:validateSafeModeExitRules(138)) - AtleastOneDatanodeReportedRule rule is successfully validated
2025-09-28 08:46:15,343 [b8386e11-96d4-4625-b991-c054db98adbd-groupManagement] INFO  util.AwaitToRun (AwaitToRun.java:start(81)) - Thread[#741,b8386e11-96d4-4625-b991-c054db98adbd@group-C51117D219B2-cacheEviction-AwaitToRun,5,main] started
2025-09-28 08:46:15,343 [b8386e11-96d4-4625-b991-c054db98adbd-groupManagement] INFO  segmented.SegmentedRaftLogWorker (SegmentedRaftLogWorker.java:<init>(190)) - new b8386e11-96d4-4625-b991-c054db98adbd@group-C51117D219B2-SegmentedRaftLogWorker for RaftStorageImpl:Storage Directory /home/runner/work/ozone/ozone/hadoop-ozone/integration-test/target/test-dir/MiniOzoneClusterImpl-6c2de427-7485-43c3-b878-dcc0cf80ac7a/ozone-metadata/datanode-2/ratis/53d4c00e-e1b0-426e-9c26-c51117d219b2
2025-09-28 08:46:15,343 [b8386e11-96d4-4625-b991-c054db98adbd-groupManagement] INFO  server.RaftServerConfigKeys (ConfUtils.java:logGet(62)) - raft.server.log.queue.byte-limit = 4294967296 (custom)
2025-09-28 08:46:15,343 [b8386e11-96d4-4625-b991-c054db98adbd-groupManagement] INFO  server.RaftServerConfigKeys (ConfUtils.java:logGet(62)) - raft.server.log.segment.size.max = 67108864 (custom)
2025-09-28 08:46:15,343 [b8386e11-96d4-4625-b991-c054db98adbd-groupManagement] INFO  server.RaftServerConfigKeys (ConfUtils.java:logGet(62)) - raft.server.log.preallocated.size = 4194304 (custom)
2025-09-28 08:46:15,344 [b8386e11-96d4-4625-b991-c054db98adbd-groupManagement] INFO  server.RaftServerConfigKeys (ConfUtils.java:logGet(62)) - raft.server.log.write.buffer.size = 33554440 (custom)
2025-09-28 08:46:15,353 [b8386e11-96d4-4625-b991-c054db98adbd-groupManagement] INFO  server.RaftServerConfigKeys (ConfUtils.java:logGet(62)) - raft.server.log.appender.buffer.byte-limit = 33554432 (custom)
2025-09-28 08:46:15,353 [b8386e11-96d4-4625-b991-c054db98adbd-groupManagement] INFO  segmented.SegmentedRaftLogWorker (SegmentedRaftLogWorker.java:lambda$new$0(141)) - b8386e11-96d4-4625-b991-c054db98adbd@group-C51117D219B2-SegmentedRaftLogWorker: flushIndex: setUnconditionally 0 -> -1
2025-09-28 08:46:15,354 [b8386e11-96d4-4625-b991-c054db98adbd-groupManagement] INFO  segmented.SegmentedRaftLogWorker (SegmentedRaftLogWorker.java:lambda$new$0(141)) - b8386e11-96d4-4625-b991-c054db98adbd@group-C51117D219B2-SegmentedRaftLogWorker: safeCacheEvictIndex: setUnconditionally 0 -> -1
2025-09-28 08:46:15,354 [b8386e11-96d4-4625-b991-c054db98adbd-groupManagement] INFO  server.RaftServer$Division (RaftServerImpl.java:start(405)) - b8386e11-96d4-4625-b991-c054db98adbd@group-C51117D219B2: start as a follower, conf=conf: {index: -1, cur=peers:[b8386e11-96d4-4625-b991-c054db98adbd|127.0.0.1:15023, 9962ec60-824d-4b5c-b72c-a80d9f5353d3|127.0.0.1:15015, bb53dc84-9509-46ab-9745-0f1d93457633|127.0.0.1:15031]|listeners:[], old=null}
2025-09-28 08:46:15,354 [b8386e11-96d4-4625-b991-c054db98adbd-groupManagement] INFO  server.RaftServer$Division (RaftServerImpl.java:setRole(392)) - b8386e11-96d4-4625-b991-c054db98adbd@group-C51117D219B2: changes role from      null to FOLLOWER at term 0 for startAsFollower
2025-09-28 08:46:15,354 [b8386e11-96d4-4625-b991-c054db98adbd-groupManagement] INFO  impl.RoleInfo (RoleInfo.java:updateAndGet(148)) - b8386e11-96d4-4625-b991-c054db98adbd: start b8386e11-96d4-4625-b991-c054db98adbd@group-C51117D219B2-FollowerState
2025-09-28 08:46:15,354 [b8386e11-96d4-4625-b991-c054db98adbd-groupManagement] INFO  util.JmxRegister (JmxRegister.java:tryRegister(44)) - Successfully registered JMX Bean with object name Ratis:service=RaftServer,group=group-C51117D219B2,id=b8386e11-96d4-4625-b991-c054db98adbd
2025-09-28 08:46:15,354 [b8386e11-96d4-4625-b991-c054db98adbd-groupManagement] INFO  util.JmxRegister (JmxRegister.java:register(58)) - register mxBean class org.apache.ratis.server.impl.RaftServerJmxAdapter as Ratis:service=RaftServer,group=group-C51117D219B2,id=b8386e11-96d4-4625-b991-c054db98adbd
2025-09-28 08:46:15,356 [b8386e11-96d4-4625-b991-c054db98adbd-groupManagement] INFO  server.RaftServer$Division (RaftServerImpl.java:start(419)) - b8386e11-96d4-4625-b991-c054db98adbd@group-C51117D219B2: Successfully started.
2025-09-28 08:46:15,356 [b8386e11-96d4-4625-b991-c054db98adbd-CreatePipelineCommandHandlerThread-0] INFO  ratis.XceiverServerRatis (XceiverServerRatis.java:addGroup(839)) - Created group Pipeline-53d4c00e-e1b0-426e-9c26-c51117d219b2
2025-09-28 08:46:15,432 [grpc-default-executor-0] WARN  server.GrpcAdminProtocolService (GrpcAdminProtocolService.java:lambda$groupManagement$1(53)) - Failed groupManagement: GROUPADD, GroupManagementRequest:client-F2071D581760->b8386e11-96d4-4625-b991-c054db98adbd@group-C51117D219B2, cid=1, seq=null, RW, null, Add:group-C51117D219B2:[b8386e11-96d4-4625-b991-c054db98adbd|127.0.0.1:15023, 9962ec60-824d-4b5c-b72c-a80d9f5353d3|127.0.0.1:15015, bb53dc84-9509-46ab-9745-0f1d93457633|127.0.0.1:15031]
java.util.concurrent.CompletionException: org.apache.ratis.protocol.exceptions.AlreadyExistsException: b8386e11-96d4-4625-b991-c054db98adbd: Failed to add group-C51117D219B2:[b8386e11-96d4-4625-b991-c054db98adbd|127.0.0.1:15023, 9962ec60-824d-4b5c-b72c-a80d9f5353d3|127.0.0.1:15015, bb53dc84-9509-46ab-9745-0f1d93457633|127.0.0.1:15031] since the group already exists in the map.
	at java.base/java.util.concurrent.CompletableFuture.encodeThrowable(CompletableFuture.java:332)
	at java.base/java.util.concurrent.CompletableFuture.uniApplyNow(CompletableFuture.java:674)
	at java.base/java.util.concurrent.CompletableFuture.uniApplyStage(CompletableFuture.java:662)
	at java.base/java.util.concurrent.CompletableFuture.thenApplyAsync(CompletableFuture.java:2210)
	at org.apache.ratis.server.impl.RaftServerProxy.groupAddAsync(RaftServerProxy.java:513)
	at org.apache.ratis.server.impl.RaftServerProxy.groupManagementAsync(RaftServerProxy.java:495)
	at org.apache.ratis.grpc.server.GrpcAdminProtocolService.lambda$groupManagement$0(GrpcAdminProtocolService.java:51)
	at org.apache.ratis.grpc.GrpcUtil.asyncCall(GrpcUtil.java:172)
	at org.apache.ratis.grpc.server.GrpcAdminProtocolService.groupManagement(GrpcAdminProtocolService.java:51)
	at org.apache.ratis.proto.grpc.AdminProtocolServiceGrpc$MethodHandlers.invoke(AdminProtocolServiceGrpc.java:701)
	at org.apache.ratis.thirdparty.io.grpc.stub.ServerCalls$UnaryServerCallHandler$UnaryServerCallListener.onHalfClose(ServerCalls.java:182)
	at org.apache.ratis.thirdparty.io.grpc.internal.ServerCallImpl$ServerStreamListenerImpl.halfClosed(ServerCallImpl.java:356)
	at org.apache.ratis.thirdparty.io.grpc.internal.ServerImpl$JumpToApplicationThreadServerStreamListener$1HalfClosed.runInContext(ServerImpl.java:861)
	at org.apache.ratis.thirdparty.io.grpc.internal.ContextRunnable.run(ContextRunnable.java:37)
	at org.apache.ratis.thirdparty.io.grpc.internal.SerializingExecutor.run(SerializingExecutor.java:133)
	at java.base/java.util.concurrent.ThreadPoolExecutor.runWorker(ThreadPoolExecutor.java:1144)
	at java.base/java.util.concurrent.ThreadPoolExecutor$Worker.run(ThreadPoolExecutor.java:642)
	at java.base/java.lang.Thread.run(Thread.java:1583)
Caused by: org.apache.ratis.protocol.exceptions.AlreadyExistsException: b8386e11-96d4-4625-b991-c054db98adbd: Failed to add group-C51117D219B2:[b8386e11-96d4-4625-b991-c054db98adbd|127.0.0.1:15023, 9962ec60-824d-4b5c-b72c-a80d9f5353d3|127.0.0.1:15015, bb53dc84-9509-46ab-9745-0f1d93457633|127.0.0.1:15031] since the group already exists in the map.
	at org.apache.ratis.server.impl.RaftServerProxy$ImplMap.addNew(RaftServerProxy.java:99)
	at org.apache.ratis.server.impl.RaftServerProxy.groupAddAsync(RaftServerProxy.java:512)
	... 13 more
2025-09-28 08:46:15,432 [grpc-default-executor-1] WARN  server.GrpcAdminProtocolService (GrpcAdminProtocolService.java:lambda$groupManagement$1(53)) - Failed groupManagement: GROUPADD, GroupManagementRequest:client-F93978CF9EA8->9962ec60-824d-4b5c-b72c-a80d9f5353d3@group-C51117D219B2, cid=2, seq=null, RW, null, Add:group-C51117D219B2:[b8386e11-96d4-4625-b991-c054db98adbd|127.0.0.1:15023, 9962ec60-824d-4b5c-b72c-a80d9f5353d3|127.0.0.1:15015, bb53dc84-9509-46ab-9745-0f1d93457633|127.0.0.1:15031]
java.util.concurrent.CompletionException: org.apache.ratis.protocol.exceptions.AlreadyExistsException: 9962ec60-824d-4b5c-b72c-a80d9f5353d3: Failed to add group-C51117D219B2:[b8386e11-96d4-4625-b991-c054db98adbd|127.0.0.1:15023, 9962ec60-824d-4b5c-b72c-a80d9f5353d3|127.0.0.1:15015, bb53dc84-9509-46ab-9745-0f1d93457633|127.0.0.1:15031] since the group already exists in the map.
	at java.base/java.util.concurrent.CompletableFuture.encodeThrowable(CompletableFuture.java:332)
	at java.base/java.util.concurrent.CompletableFuture.uniApplyNow(CompletableFuture.java:674)
	at java.base/java.util.concurrent.CompletableFuture.uniApplyStage(CompletableFuture.java:662)
	at java.base/java.util.concurrent.CompletableFuture.thenApplyAsync(CompletableFuture.java:2210)
	at org.apache.ratis.server.impl.RaftServerProxy.groupAddAsync(RaftServerProxy.java:513)
	at org.apache.ratis.server.impl.RaftServerProxy.groupManagementAsync(RaftServerProxy.java:495)
	at org.apache.ratis.grpc.server.GrpcAdminProtocolService.lambda$groupManagement$0(GrpcAdminProtocolService.java:51)
	at org.apache.ratis.grpc.GrpcUtil.asyncCall(GrpcUtil.java:172)
	at org.apache.ratis.grpc.server.GrpcAdminProtocolService.groupManagement(GrpcAdminProtocolService.java:51)
	at org.apache.ratis.proto.grpc.AdminProtocolServiceGrpc$MethodHandlers.invoke(AdminProtocolServiceGrpc.java:701)
	at org.apache.ratis.thirdparty.io.grpc.stub.ServerCalls$UnaryServerCallHandler$UnaryServerCallListener.onHalfClose(ServerCalls.java:182)
	at org.apache.ratis.thirdparty.io.grpc.internal.ServerCallImpl$ServerStreamListenerImpl.halfClosed(ServerCallImpl.java:356)
	at org.apache.ratis.thirdparty.io.grpc.internal.ServerImpl$JumpToApplicationThreadServerStreamListener$1HalfClosed.runInContext(ServerImpl.java:861)
	at org.apache.ratis.thirdparty.io.grpc.internal.ContextRunnable.run(ContextRunnable.java:37)
	at org.apache.ratis.thirdparty.io.grpc.internal.SerializingExecutor.run(SerializingExecutor.java:133)
	at java.base/java.util.concurrent.ThreadPoolExecutor.runWorker(ThreadPoolExecutor.java:1144)
	at java.base/java.util.concurrent.ThreadPoolExecutor$Worker.run(ThreadPoolExecutor.java:642)
	at java.base/java.lang.Thread.run(Thread.java:1583)
Caused by: org.apache.ratis.protocol.exceptions.AlreadyExistsException: 9962ec60-824d-4b5c-b72c-a80d9f5353d3: Failed to add group-C51117D219B2:[b8386e11-96d4-4625-b991-c054db98adbd|127.0.0.1:15023, 9962ec60-824d-4b5c-b72c-a80d9f5353d3|127.0.0.1:15015, bb53dc84-9509-46ab-9745-0f1d93457633|127.0.0.1:15031] since the group already exists in the map.
	at org.apache.ratis.server.impl.RaftServerProxy$ImplMap.addNew(RaftServerProxy.java:99)
	at org.apache.ratis.server.impl.RaftServerProxy.groupAddAsync(RaftServerProxy.java:512)
	... 13 more
2025-09-28 08:46:15,481 [grpc-default-executor-0] INFO  server.RaftServer (RaftServerProxy.java:addNew(105)) - bb53dc84-9509-46ab-9745-0f1d93457633: addNew group-C51117D219B2:[b8386e11-96d4-4625-b991-c054db98adbd|127.0.0.1:15023, 9962ec60-824d-4b5c-b72c-a80d9f5353d3|127.0.0.1:15015, bb53dc84-9509-46ab-9745-0f1d93457633|127.0.0.1:15031] returns group-C51117D219B2:java.util.concurrent.CompletableFuture@70712308[Not completed]
2025-09-28 08:46:15,482 [grpc-default-executor-1] WARN  server.GrpcAdminProtocolService (GrpcAdminProtocolService.java:lambda$groupManagement$1(53)) - Failed groupManagement: GROUPADD, GroupManagementRequest:client-3116A955AE56->bb53dc84-9509-46ab-9745-0f1d93457633@group-C51117D219B2, cid=3, seq=null, RW, null, Add:group-C51117D219B2:[b8386e11-96d4-4625-b991-c054db98adbd|127.0.0.1:15023, 9962ec60-824d-4b5c-b72c-a80d9f5353d3|127.0.0.1:15015, bb53dc84-9509-46ab-9745-0f1d93457633|127.0.0.1:15031]
java.util.concurrent.CompletionException: org.apache.ratis.protocol.exceptions.AlreadyExistsException: bb53dc84-9509-46ab-9745-0f1d93457633: Failed to add group-C51117D219B2:[b8386e11-96d4-4625-b991-c054db98adbd|127.0.0.1:15023, 9962ec60-824d-4b5c-b72c-a80d9f5353d3|127.0.0.1:15015, bb53dc84-9509-46ab-9745-0f1d93457633|127.0.0.1:15031] since the group already exists in the map.
	at java.base/java.util.concurrent.CompletableFuture.encodeThrowable(CompletableFuture.java:332)
	at java.base/java.util.concurrent.CompletableFuture.uniApplyNow(CompletableFuture.java:674)
	at java.base/java.util.concurrent.CompletableFuture.uniApplyStage(CompletableFuture.java:662)
	at java.base/java.util.concurrent.CompletableFuture.thenApplyAsync(CompletableFuture.java:2210)
	at org.apache.ratis.server.impl.RaftServerProxy.groupAddAsync(RaftServerProxy.java:513)
	at org.apache.ratis.server.impl.RaftServerProxy.groupManagementAsync(RaftServerProxy.java:495)
	at org.apache.ratis.grpc.server.GrpcAdminProtocolService.lambda$groupManagement$0(GrpcAdminProtocolService.java:51)
	at org.apache.ratis.grpc.GrpcUtil.asyncCall(GrpcUtil.java:172)
	at org.apache.ratis.grpc.server.GrpcAdminProtocolService.groupManagement(GrpcAdminProtocolService.java:51)
	at org.apache.ratis.proto.grpc.AdminProtocolServiceGrpc$MethodHandlers.invoke(AdminProtocolServiceGrpc.java:701)
	at org.apache.ratis.thirdparty.io.grpc.stub.ServerCalls$UnaryServerCallHandler$UnaryServerCallListener.onHalfClose(ServerCalls.java:182)
	at org.apache.ratis.thirdparty.io.grpc.internal.ServerCallImpl$ServerStreamListenerImpl.halfClosed(ServerCallImpl.java:356)
	at org.apache.ratis.thirdparty.io.grpc.internal.ServerImpl$JumpToApplicationThreadServerStreamListener$1HalfClosed.runInContext(ServerImpl.java:861)
	at org.apache.ratis.thirdparty.io.grpc.internal.ContextRunnable.run(ContextRunnable.java:37)
	at org.apache.ratis.thirdparty.io.grpc.internal.SerializingExecutor.run(SerializingExecutor.java:133)
	at java.base/java.util.concurrent.ThreadPoolExecutor.runWorker(ThreadPoolExecutor.java:1144)
	at java.base/java.util.concurrent.ThreadPoolExecutor$Worker.run(ThreadPoolExecutor.java:642)
	at java.base/java.lang.Thread.run(Thread.java:1583)
Caused by: org.apache.ratis.protocol.exceptions.AlreadyExistsException: bb53dc84-9509-46ab-9745-0f1d93457633: Failed to add group-C51117D219B2:[b8386e11-96d4-4625-b991-c054db98adbd|127.0.0.1:15023, 9962ec60-824d-4b5c-b72c-a80d9f5353d3|127.0.0.1:15015, bb53dc84-9509-46ab-9745-0f1d93457633|127.0.0.1:15031] since the group already exists in the map.
	at org.apache.ratis.server.impl.RaftServerProxy$ImplMap.addNew(RaftServerProxy.java:99)
	at org.apache.ratis.server.impl.RaftServerProxy.groupAddAsync(RaftServerProxy.java:512)
	... 13 more
2025-09-28 08:46:15,484 [bb53dc84-9509-46ab-9745-0f1d93457633-groupManagement] INFO  server.RaftServer$Division (RaftServerImpl.java:<init>(268)) - bb53dc84-9509-46ab-9745-0f1d93457633: new RaftServerImpl for group-C51117D219B2:[b8386e11-96d4-4625-b991-c054db98adbd|127.0.0.1:15023, 9962ec60-824d-4b5c-b72c-a80d9f5353d3|127.0.0.1:15015, bb53dc84-9509-46ab-9745-0f1d93457633|127.0.0.1:15031] with ContainerStateMachine:uninitialized
2025-09-28 08:46:15,485 [bb53dc84-9509-46ab-9745-0f1d93457633-groupManagement] INFO  server.RaftServer$Division (ServerState.java:<init>(114)) - bb53dc84-9509-46ab-9745-0f1d93457633@group-C51117D219B2: ConfigurationManager, init=conf: {index: -1, cur=peers:[b8386e11-96d4-4625-b991-c054db98adbd|127.0.0.1:15023, 9962ec60-824d-4b5c-b72c-a80d9f5353d3|127.0.0.1:15015, bb53dc84-9509-46ab-9745-0f1d93457633|127.0.0.1:15031]|listeners:[], old=null}, confs=<EMPTY_MAP>
2025-09-28 08:46:15,490 [bb53dc84-9509-46ab-9745-0f1d93457633-groupManagement] INFO  server.RaftServerConfigKeys (ConfUtils.java:logGet(62)) - raft.server.storage.dir = [/home/runner/work/ozone/ozone/hadoop-ozone/integration-test/target/test-dir/MiniOzoneClusterImpl-6c2de427-7485-43c3-b878-dcc0cf80ac7a/ozone-metadata/datanode-3/ratis] (custom)
2025-09-28 08:46:15,490 [bb53dc84-9509-46ab-9745-0f1d93457633-groupManagement] INFO  storage.RaftStorageDirectory (RaftStorageDirectoryImpl.java:analyzeStorage(138)) - The storage directory /home/runner/work/ozone/ozone/hadoop-ozone/integration-test/target/test-dir/MiniOzoneClusterImpl-6c2de427-7485-43c3-b878-dcc0cf80ac7a/ozone-metadata/datanode-3/ratis/53d4c00e-e1b0-426e-9c26-c51117d219b2 does not exist. Creating ...
2025-09-28 08:46:15,493 [bb53dc84-9509-46ab-9745-0f1d93457633-groupManagement] INFO  storage.RaftStorageDirectory (RaftStorageDirectoryImpl.java:tryLock(229)) - Lock on /home/runner/work/ozone/ozone/hadoop-ozone/integration-test/target/test-dir/MiniOzoneClusterImpl-6c2de427-7485-43c3-b878-dcc0cf80ac7a/ozone-metadata/datanode-3/ratis/53d4c00e-e1b0-426e-9c26-c51117d219b2/in_use.lock acquired by nodename 129489@localhost
2025-09-28 08:46:15,493 [9962ec60-824d-4b5c-b72c-a80d9f5353d3-CreatePipelineCommandHandlerThread-0] INFO  commandhandler.CreatePipelineCommandHandler (CreatePipelineCommandHandler.java:lambda$handle$2(141)) - Created Pipeline RATIS THREE Pipeline-53d4c00e-e1b0-426e-9c26-c51117d219b2.
2025-09-28 08:46:15,494 [bb53dc84-9509-46ab-9745-0f1d93457633-groupManagement] INFO  storage.RaftStorage (RaftStorageImpl.java:format(98)) - Storage directory /home/runner/work/ozone/ozone/hadoop-ozone/integration-test/target/test-dir/MiniOzoneClusterImpl-6c2de427-7485-43c3-b878-dcc0cf80ac7a/ozone-metadata/datanode-3/ratis/53d4c00e-e1b0-426e-9c26-c51117d219b2 has been successfully formatted.
2025-09-28 08:46:15,494 [bb53dc84-9509-46ab-9745-0f1d93457633-groupManagement] INFO  ratis.ContainerStateMachine (ContainerStateMachine.java:initialize(339)) - bb53dc84-9509-46ab-9745-0f1d93457633: initialize group-C51117D219B2
2025-09-28 08:46:15,494 [bb53dc84-9509-46ab-9745-0f1d93457633-groupManagement] INFO  ratis.ContainerStateMachine (ContainerStateMachine.java:loadSnapshot(347)) - group-C51117D219B2: The snapshot info is null. Setting the last applied index to:<INITIAL_VALUE>
2025-09-28 08:46:15,494 [bb53dc84-9509-46ab-9745-0f1d93457633-groupManagement] INFO  server.RaftServerConfigKeys (ConfUtils.java:logGet(62)) - raft.server.log.appender.buffer.byte-limit = 33554432 (custom)
2025-09-28 08:46:15,495 [9962ec60-824d-4b5c-b72c-a80d9f5353d3-CreatePipelineCommandHandlerThread-0] INFO  server.RaftServer (RaftServerProxy.java:addNew(105)) - 9962ec60-824d-4b5c-b72c-a80d9f5353d3: addNew group-F8BBE9FFE6D0:[b8386e11-96d4-4625-b991-c054db98adbd|127.0.0.1:15023, 9962ec60-824d-4b5c-b72c-a80d9f5353d3|127.0.0.1:15015, bb53dc84-9509-46ab-9745-0f1d93457633|127.0.0.1:15031] returns group-F8BBE9FFE6D0:java.util.concurrent.CompletableFuture@2c153593[Not completed]
2025-09-28 08:46:15,497 [bb53dc84-9509-46ab-9745-0f1d93457633-groupManagement] INFO  server.RaftServerConfigKeys (ConfUtils.java:logGet(62)) - raft.server.log.segment.size.max = 67108864 (custom)
2025-09-28 08:46:15,498 [bb53dc84-9509-46ab-9745-0f1d93457633-groupManagement] INFO  server.RaftServerConfigKeys (ConfUtils.java:logGet(62)) - raft.server.log.appender.buffer.byte-limit = 33554432 (custom)
2025-09-28 08:46:15,498 [bb53dc84-9509-46ab-9745-0f1d93457633-groupManagement] INFO  util.AwaitToRun (AwaitToRun.java:start(81)) - Thread[#757,bb53dc84-9509-46ab-9745-0f1d93457633@group-C51117D219B2-cacheEviction-AwaitToRun,5,main] started
2025-09-28 08:46:15,498 [bb53dc84-9509-46ab-9745-0f1d93457633-groupManagement] INFO  segmented.SegmentedRaftLogWorker (SegmentedRaftLogWorker.java:<init>(190)) - new bb53dc84-9509-46ab-9745-0f1d93457633@group-C51117D219B2-SegmentedRaftLogWorker for RaftStorageImpl:Storage Directory /home/runner/work/ozone/ozone/hadoop-ozone/integration-test/target/test-dir/MiniOzoneClusterImpl-6c2de427-7485-43c3-b878-dcc0cf80ac7a/ozone-metadata/datanode-3/ratis/53d4c00e-e1b0-426e-9c26-c51117d219b2
2025-09-28 08:46:15,498 [bb53dc84-9509-46ab-9745-0f1d93457633-groupManagement] INFO  server.RaftServerConfigKeys (ConfUtils.java:logGet(62)) - raft.server.log.queue.byte-limit = 4294967296 (custom)
2025-09-28 08:46:15,498 [bb53dc84-9509-46ab-9745-0f1d93457633-groupManagement] INFO  server.RaftServerConfigKeys (ConfUtils.java:logGet(62)) - raft.server.log.segment.size.max = 67108864 (custom)
2025-09-28 08:46:15,498 [bb53dc84-9509-46ab-9745-0f1d93457633-groupManagement] INFO  server.RaftServerConfigKeys (ConfUtils.java:logGet(62)) - raft.server.log.preallocated.size = 4194304 (custom)
2025-09-28 08:46:15,499 [bb53dc84-9509-46ab-9745-0f1d93457633-groupManagement] INFO  server.RaftServerConfigKeys (ConfUtils.java:logGet(62)) - raft.server.log.write.buffer.size = 33554440 (custom)
2025-09-28 08:46:15,499 [9962ec60-824d-4b5c-b72c-a80d9f5353d3-groupManagement] INFO  server.RaftServer$Division (RaftServerImpl.java:<init>(268)) - 9962ec60-824d-4b5c-b72c-a80d9f5353d3: new RaftServerImpl for group-F8BBE9FFE6D0:[b8386e11-96d4-4625-b991-c054db98adbd|127.0.0.1:15023, 9962ec60-824d-4b5c-b72c-a80d9f5353d3|127.0.0.1:15015, bb53dc84-9509-46ab-9745-0f1d93457633|127.0.0.1:15031] with ContainerStateMachine:uninitialized
2025-09-28 08:46:15,501 [9962ec60-824d-4b5c-b72c-a80d9f5353d3-groupManagement] INFO  server.RaftServer$Division (ServerState.java:<init>(114)) - 9962ec60-824d-4b5c-b72c-a80d9f5353d3@group-F8BBE9FFE6D0: ConfigurationManager, init=conf: {index: -1, cur=peers:[b8386e11-96d4-4625-b991-c054db98adbd|127.0.0.1:15023, 9962ec60-824d-4b5c-b72c-a80d9f5353d3|127.0.0.1:15015, bb53dc84-9509-46ab-9745-0f1d93457633|127.0.0.1:15031]|listeners:[], old=null}, confs=<EMPTY_MAP>
2025-09-28 08:46:15,501 [EventQueue-PipelineReportForOneReplicaPipelineSafeModeRule] INFO  safemode.SCMSafeModeManager (SCMSafeModeManager.java:validateSafeModeExitRules(138)) - AtleastOneDatanodeReportedRule rule is successfully validated
2025-09-28 08:46:15,509 [9962ec60-824d-4b5c-b72c-a80d9f5353d3-groupManagement] INFO  server.RaftServerConfigKeys (ConfUtils.java:logGet(62)) - raft.server.storage.dir = [/home/runner/work/ozone/ozone/hadoop-ozone/integration-test/target/test-dir/MiniOzoneClusterImpl-6c2de427-7485-43c3-b878-dcc0cf80ac7a/ozone-metadata/datanode-1/ratis] (custom)
2025-09-28 08:46:15,509 [bb53dc84-9509-46ab-9745-0f1d93457633-groupManagement] INFO  server.RaftServerConfigKeys (ConfUtils.java:logGet(62)) - raft.server.log.appender.buffer.byte-limit = 33554432 (custom)
2025-09-28 08:46:15,509 [9962ec60-824d-4b5c-b72c-a80d9f5353d3-groupManagement] INFO  storage.RaftStorageDirectory (RaftStorageDirectoryImpl.java:analyzeStorage(138)) - The storage directory /home/runner/work/ozone/ozone/hadoop-ozone/integration-test/target/test-dir/MiniOzoneClusterImpl-6c2de427-7485-43c3-b878-dcc0cf80ac7a/ozone-metadata/datanode-1/ratis/df70ece9-6c5f-4732-bdaa-f8bbe9ffe6d0 does not exist. Creating ...
2025-09-28 08:46:15,509 [bb53dc84-9509-46ab-9745-0f1d93457633-groupManagement] INFO  segmented.SegmentedRaftLogWorker (SegmentedRaftLogWorker.java:lambda$new$0(141)) - bb53dc84-9509-46ab-9745-0f1d93457633@group-C51117D219B2-SegmentedRaftLogWorker: flushIndex: setUnconditionally 0 -> -1
2025-09-28 08:46:15,509 [bb53dc84-9509-46ab-9745-0f1d93457633-groupManagement] INFO  segmented.SegmentedRaftLogWorker (SegmentedRaftLogWorker.java:lambda$new$0(141)) - bb53dc84-9509-46ab-9745-0f1d93457633@group-C51117D219B2-SegmentedRaftLogWorker: safeCacheEvictIndex: setUnconditionally 0 -> -1
2025-09-28 08:46:15,509 [bb53dc84-9509-46ab-9745-0f1d93457633-groupManagement] INFO  server.RaftServer$Division (RaftServerImpl.java:start(405)) - bb53dc84-9509-46ab-9745-0f1d93457633@group-C51117D219B2: start as a follower, conf=conf: {index: -1, cur=peers:[b8386e11-96d4-4625-b991-c054db98adbd|127.0.0.1:15023, 9962ec60-824d-4b5c-b72c-a80d9f5353d3|127.0.0.1:15015, bb53dc84-9509-46ab-9745-0f1d93457633|127.0.0.1:15031]|listeners:[], old=null}
2025-09-28 08:46:15,510 [bb53dc84-9509-46ab-9745-0f1d93457633-groupManagement] INFO  server.RaftServer$Division (RaftServerImpl.java:setRole(392)) - bb53dc84-9509-46ab-9745-0f1d93457633@group-C51117D219B2: changes role from      null to FOLLOWER at term 0 for startAsFollower
2025-09-28 08:46:15,510 [bb53dc84-9509-46ab-9745-0f1d93457633-groupManagement] INFO  impl.RoleInfo (RoleInfo.java:updateAndGet(148)) - bb53dc84-9509-46ab-9745-0f1d93457633: start bb53dc84-9509-46ab-9745-0f1d93457633@group-C51117D219B2-FollowerState
2025-09-28 08:46:15,510 [bb53dc84-9509-46ab-9745-0f1d93457633-groupManagement] INFO  util.JmxRegister (JmxRegister.java:tryRegister(44)) - Successfully registered JMX Bean with object name Ratis:service=RaftServer,group=group-C51117D219B2,id=bb53dc84-9509-46ab-9745-0f1d93457633
2025-09-28 08:46:15,510 [bb53dc84-9509-46ab-9745-0f1d93457633-groupManagement] INFO  util.JmxRegister (JmxRegister.java:register(58)) - register mxBean class org.apache.ratis.server.impl.RaftServerJmxAdapter as Ratis:service=RaftServer,group=group-C51117D219B2,id=bb53dc84-9509-46ab-9745-0f1d93457633
2025-09-28 08:46:15,511 [9962ec60-824d-4b5c-b72c-a80d9f5353d3-groupManagement] INFO  storage.RaftStorageDirectory (RaftStorageDirectoryImpl.java:tryLock(229)) - Lock on /home/runner/work/ozone/ozone/hadoop-ozone/integration-test/target/test-dir/MiniOzoneClusterImpl-6c2de427-7485-43c3-b878-dcc0cf80ac7a/ozone-metadata/datanode-1/ratis/df70ece9-6c5f-4732-bdaa-f8bbe9ffe6d0/in_use.lock acquired by nodename 129489@localhost
2025-09-28 08:46:15,511 [bb53dc84-9509-46ab-9745-0f1d93457633-groupManagement] INFO  server.RaftServer$Division (RaftServerImpl.java:start(419)) - bb53dc84-9509-46ab-9745-0f1d93457633@group-C51117D219B2: Successfully started.
2025-09-28 08:46:15,513 [9962ec60-824d-4b5c-b72c-a80d9f5353d3-groupManagement] INFO  storage.RaftStorage (RaftStorageImpl.java:format(98)) - Storage directory /home/runner/work/ozone/ozone/hadoop-ozone/integration-test/target/test-dir/MiniOzoneClusterImpl-6c2de427-7485-43c3-b878-dcc0cf80ac7a/ozone-metadata/datanode-1/ratis/df70ece9-6c5f-4732-bdaa-f8bbe9ffe6d0 has been successfully formatted.
2025-09-28 08:46:15,513 [9962ec60-824d-4b5c-b72c-a80d9f5353d3-groupManagement] INFO  ratis.ContainerStateMachine (ContainerStateMachine.java:initialize(339)) - 9962ec60-824d-4b5c-b72c-a80d9f5353d3: initialize group-F8BBE9FFE6D0
2025-09-28 08:46:15,513 [9962ec60-824d-4b5c-b72c-a80d9f5353d3-groupManagement] INFO  ratis.ContainerStateMachine (ContainerStateMachine.java:loadSnapshot(347)) - group-F8BBE9FFE6D0: The snapshot info is null. Setting the last applied index to:<INITIAL_VALUE>
2025-09-28 08:46:15,513 [9962ec60-824d-4b5c-b72c-a80d9f5353d3-groupManagement] INFO  server.RaftServerConfigKeys (ConfUtils.java:logGet(62)) - raft.server.log.appender.buffer.byte-limit = 33554432 (custom)
2025-09-28 08:46:15,515 [9962ec60-824d-4b5c-b72c-a80d9f5353d3-groupManagement] INFO  server.RaftServerConfigKeys (ConfUtils.java:logGet(62)) - raft.server.log.segment.size.max = 67108864 (custom)
2025-09-28 08:46:15,515 [9962ec60-824d-4b5c-b72c-a80d9f5353d3-groupManagement] INFO  server.RaftServerConfigKeys (ConfUtils.java:logGet(62)) - raft.server.log.appender.buffer.byte-limit = 33554432 (custom)
2025-09-28 08:46:15,517 [9962ec60-824d-4b5c-b72c-a80d9f5353d3-groupManagement] INFO  util.AwaitToRun (AwaitToRun.java:start(81)) - Thread[#761,9962ec60-824d-4b5c-b72c-a80d9f5353d3@group-F8BBE9FFE6D0-cacheEviction-AwaitToRun,5,main] started
2025-09-28 08:46:15,517 [9962ec60-824d-4b5c-b72c-a80d9f5353d3-groupManagement] INFO  segmented.SegmentedRaftLogWorker (SegmentedRaftLogWorker.java:<init>(190)) - new 9962ec60-824d-4b5c-b72c-a80d9f5353d3@group-F8BBE9FFE6D0-SegmentedRaftLogWorker for RaftStorageImpl:Storage Directory /home/runner/work/ozone/ozone/hadoop-ozone/integration-test/target/test-dir/MiniOzoneClusterImpl-6c2de427-7485-43c3-b878-dcc0cf80ac7a/ozone-metadata/datanode-1/ratis/df70ece9-6c5f-4732-bdaa-f8bbe9ffe6d0
2025-09-28 08:46:15,517 [9962ec60-824d-4b5c-b72c-a80d9f5353d3-groupManagement] INFO  server.RaftServerConfigKeys (ConfUtils.java:logGet(62)) - raft.server.log.queue.byte-limit = 4294967296 (custom)
2025-09-28 08:46:15,517 [9962ec60-824d-4b5c-b72c-a80d9f5353d3-groupManagement] INFO  server.RaftServerConfigKeys (ConfUtils.java:logGet(62)) - raft.server.log.segment.size.max = 67108864 (custom)
2025-09-28 08:46:15,518 [9962ec60-824d-4b5c-b72c-a80d9f5353d3-groupManagement] INFO  server.RaftServerConfigKeys (ConfUtils.java:logGet(62)) - raft.server.log.preallocated.size = 4194304 (custom)
2025-09-28 08:46:15,518 [9962ec60-824d-4b5c-b72c-a80d9f5353d3-groupManagement] INFO  server.RaftServerConfigKeys (ConfUtils.java:logGet(62)) - raft.server.log.write.buffer.size = 33554440 (custom)
2025-09-28 08:46:15,519 [EventQueue-PipelineReportForOneReplicaPipelineSafeModeRule] INFO  safemode.SCMSafeModeManager (SCMSafeModeManager.java:validateSafeModeExitRules(138)) - AtleastOneDatanodeReportedRule rule is successfully validated
2025-09-28 08:46:15,529 [9962ec60-824d-4b5c-b72c-a80d9f5353d3-groupManagement] INFO  server.RaftServerConfigKeys (ConfUtils.java:logGet(62)) - raft.server.log.appender.buffer.byte-limit = 33554432 (custom)
2025-09-28 08:46:15,530 [9962ec60-824d-4b5c-b72c-a80d9f5353d3-groupManagement] INFO  segmented.SegmentedRaftLogWorker (SegmentedRaftLogWorker.java:lambda$new$0(141)) - 9962ec60-824d-4b5c-b72c-a80d9f5353d3@group-F8BBE9FFE6D0-SegmentedRaftLogWorker: flushIndex: setUnconditionally 0 -> -1
2025-09-28 08:46:15,530 [9962ec60-824d-4b5c-b72c-a80d9f5353d3-groupManagement] INFO  segmented.SegmentedRaftLogWorker (SegmentedRaftLogWorker.java:lambda$new$0(141)) - 9962ec60-824d-4b5c-b72c-a80d9f5353d3@group-F8BBE9FFE6D0-SegmentedRaftLogWorker: safeCacheEvictIndex: setUnconditionally 0 -> -1
2025-09-28 08:46:15,531 [9962ec60-824d-4b5c-b72c-a80d9f5353d3-groupManagement] INFO  server.RaftServer$Division (RaftServerImpl.java:start(405)) - 9962ec60-824d-4b5c-b72c-a80d9f5353d3@group-F8BBE9FFE6D0: start as a follower, conf=conf: {index: -1, cur=peers:[b8386e11-96d4-4625-b991-c054db98adbd|127.0.0.1:15023, 9962ec60-824d-4b5c-b72c-a80d9f5353d3|127.0.0.1:15015, bb53dc84-9509-46ab-9745-0f1d93457633|127.0.0.1:15031]|listeners:[], old=null}
2025-09-28 08:46:15,531 [9962ec60-824d-4b5c-b72c-a80d9f5353d3-groupManagement] INFO  server.RaftServer$Division (RaftServerImpl.java:setRole(392)) - 9962ec60-824d-4b5c-b72c-a80d9f5353d3@group-F8BBE9FFE6D0: changes role from      null to FOLLOWER at term 0 for startAsFollower
2025-09-28 08:46:15,531 [9962ec60-824d-4b5c-b72c-a80d9f5353d3-groupManagement] INFO  impl.RoleInfo (RoleInfo.java:updateAndGet(148)) - 9962ec60-824d-4b5c-b72c-a80d9f5353d3: start 9962ec60-824d-4b5c-b72c-a80d9f5353d3@group-F8BBE9FFE6D0-FollowerState
2025-09-28 08:46:15,532 [9962ec60-824d-4b5c-b72c-a80d9f5353d3-groupManagement] INFO  util.JmxRegister (JmxRegister.java:tryRegister(44)) - Successfully registered JMX Bean with object name Ratis:service=RaftServer,group=group-F8BBE9FFE6D0,id=9962ec60-824d-4b5c-b72c-a80d9f5353d3
2025-09-28 08:46:15,532 [9962ec60-824d-4b5c-b72c-a80d9f5353d3-groupManagement] INFO  util.JmxRegister (JmxRegister.java:register(58)) - register mxBean class org.apache.ratis.server.impl.RaftServerJmxAdapter as Ratis:service=RaftServer,group=group-F8BBE9FFE6D0,id=9962ec60-824d-4b5c-b72c-a80d9f5353d3
2025-09-28 08:46:15,536 [9962ec60-824d-4b5c-b72c-a80d9f5353d3-groupManagement] INFO  server.RaftServer$Division (RaftServerImpl.java:start(419)) - 9962ec60-824d-4b5c-b72c-a80d9f5353d3@group-F8BBE9FFE6D0: Successfully started.
2025-09-28 08:46:15,536 [9962ec60-824d-4b5c-b72c-a80d9f5353d3-CreatePipelineCommandHandlerThread-0] INFO  ratis.XceiverServerRatis (XceiverServerRatis.java:addGroup(839)) - Created group Pipeline-df70ece9-6c5f-4732-bdaa-f8bbe9ffe6d0
2025-09-28 08:46:15,541 [b8386e11-96d4-4625-b991-c054db98adbd-CreatePipelineCommandHandlerThread-0] INFO  commandhandler.CreatePipelineCommandHandler (CreatePipelineCommandHandler.java:lambda$handle$2(141)) - Created Pipeline RATIS THREE Pipeline-53d4c00e-e1b0-426e-9c26-c51117d219b2.
2025-09-28 08:46:15,541 [b8386e11-96d4-4625-b991-c054db98adbd-CreatePipelineCommandHandlerThread-0] INFO  server.RaftServer (RaftServerProxy.java:addNew(105)) - b8386e11-96d4-4625-b991-c054db98adbd: addNew group-F8BBE9FFE6D0:[b8386e11-96d4-4625-b991-c054db98adbd|127.0.0.1:15023, 9962ec60-824d-4b5c-b72c-a80d9f5353d3|127.0.0.1:15015, bb53dc84-9509-46ab-9745-0f1d93457633|127.0.0.1:15031] returns group-F8BBE9FFE6D0:java.util.concurrent.CompletableFuture@56d9239a[Not completed]
2025-09-28 08:46:15,543 [b8386e11-96d4-4625-b991-c054db98adbd-groupManagement] INFO  server.RaftServer$Division (RaftServerImpl.java:<init>(268)) - b8386e11-96d4-4625-b991-c054db98adbd: new RaftServerImpl for group-F8BBE9FFE6D0:[b8386e11-96d4-4625-b991-c054db98adbd|127.0.0.1:15023, 9962ec60-824d-4b5c-b72c-a80d9f5353d3|127.0.0.1:15015, bb53dc84-9509-46ab-9745-0f1d93457633|127.0.0.1:15031] with ContainerStateMachine:uninitialized
2025-09-28 08:46:15,543 [b8386e11-96d4-4625-b991-c054db98adbd-groupManagement] INFO  server.RaftServer$Division (ServerState.java:<init>(114)) - b8386e11-96d4-4625-b991-c054db98adbd@group-F8BBE9FFE6D0: ConfigurationManager, init=conf: {index: -1, cur=peers:[b8386e11-96d4-4625-b991-c054db98adbd|127.0.0.1:15023, 9962ec60-824d-4b5c-b72c-a80d9f5353d3|127.0.0.1:15015, bb53dc84-9509-46ab-9745-0f1d93457633|127.0.0.1:15031]|listeners:[], old=null}, confs=<EMPTY_MAP>
2025-09-28 08:46:15,544 [bb53dc84-9509-46ab-9745-0f1d93457633-CreatePipelineCommandHandlerThread-0] INFO  server.RaftServer (RaftServerProxy.java:addNew(105)) - bb53dc84-9509-46ab-9745-0f1d93457633: addNew group-4C3414B1E6EC:[bb53dc84-9509-46ab-9745-0f1d93457633|127.0.0.1:15031] returns group-4C3414B1E6EC:java.util.concurrent.CompletableFuture@18f43123[Not completed]
2025-09-28 08:46:15,547 [bb53dc84-9509-46ab-9745-0f1d93457633-groupManagement] INFO  server.RaftServer$Division (RaftServerImpl.java:<init>(268)) - bb53dc84-9509-46ab-9745-0f1d93457633: new RaftServerImpl for group-4C3414B1E6EC:[bb53dc84-9509-46ab-9745-0f1d93457633|127.0.0.1:15031] with ContainerStateMachine:uninitialized
2025-09-28 08:46:15,548 [bb53dc84-9509-46ab-9745-0f1d93457633-groupManagement] INFO  server.RaftServer$Division (ServerState.java:<init>(114)) - bb53dc84-9509-46ab-9745-0f1d93457633@group-4C3414B1E6EC: ConfigurationManager, init=conf: {index: -1, cur=peers:[bb53dc84-9509-46ab-9745-0f1d93457633|127.0.0.1:15031]|listeners:[], old=null}, confs=<EMPTY_MAP>
2025-09-28 08:46:15,549 [b8386e11-96d4-4625-b991-c054db98adbd-groupManagement] INFO  server.RaftServerConfigKeys (ConfUtils.java:logGet(62)) - raft.server.storage.dir = [/home/runner/work/ozone/ozone/hadoop-ozone/integration-test/target/test-dir/MiniOzoneClusterImpl-6c2de427-7485-43c3-b878-dcc0cf80ac7a/ozone-metadata/datanode-2/ratis] (custom)
2025-09-28 08:46:15,550 [b8386e11-96d4-4625-b991-c054db98adbd-groupManagement] INFO  storage.RaftStorageDirectory (RaftStorageDirectoryImpl.java:analyzeStorage(138)) - The storage directory /home/runner/work/ozone/ozone/hadoop-ozone/integration-test/target/test-dir/MiniOzoneClusterImpl-6c2de427-7485-43c3-b878-dcc0cf80ac7a/ozone-metadata/datanode-2/ratis/df70ece9-6c5f-4732-bdaa-f8bbe9ffe6d0 does not exist. Creating ...
2025-09-28 08:46:15,551 [grpc-default-executor-1] WARN  server.GrpcAdminProtocolService (GrpcAdminProtocolService.java:lambda$groupManagement$1(53)) - Failed groupManagement: GROUPADD, GroupManagementRequest:client-F4AD38EBD3B8->b8386e11-96d4-4625-b991-c054db98adbd@group-F8BBE9FFE6D0, cid=5, seq=null, RW, null, Add:group-F8BBE9FFE6D0:[b8386e11-96d4-4625-b991-c054db98adbd|127.0.0.1:15023, 9962ec60-824d-4b5c-b72c-a80d9f5353d3|127.0.0.1:15015, bb53dc84-9509-46ab-9745-0f1d93457633|127.0.0.1:15031]
java.util.concurrent.CompletionException: org.apache.ratis.protocol.exceptions.AlreadyExistsException: b8386e11-96d4-4625-b991-c054db98adbd: Failed to add group-F8BBE9FFE6D0:[b8386e11-96d4-4625-b991-c054db98adbd|127.0.0.1:15023, 9962ec60-824d-4b5c-b72c-a80d9f5353d3|127.0.0.1:15015, bb53dc84-9509-46ab-9745-0f1d93457633|127.0.0.1:15031] since the group already exists in the map.
	at java.base/java.util.concurrent.CompletableFuture.encodeThrowable(CompletableFuture.java:332)
	at java.base/java.util.concurrent.CompletableFuture.uniApplyNow(CompletableFuture.java:674)
	at java.base/java.util.concurrent.CompletableFuture.uniApplyStage(CompletableFuture.java:662)
	at java.base/java.util.concurrent.CompletableFuture.thenApplyAsync(CompletableFuture.java:2210)
	at org.apache.ratis.server.impl.RaftServerProxy.groupAddAsync(RaftServerProxy.java:513)
	at org.apache.ratis.server.impl.RaftServerProxy.groupManagementAsync(RaftServerProxy.java:495)
	at org.apache.ratis.grpc.server.GrpcAdminProtocolService.lambda$groupManagement$0(GrpcAdminProtocolService.java:51)
	at org.apache.ratis.grpc.GrpcUtil.asyncCall(GrpcUtil.java:172)
	at org.apache.ratis.grpc.server.GrpcAdminProtocolService.groupManagement(GrpcAdminProtocolService.java:51)
	at org.apache.ratis.proto.grpc.AdminProtocolServiceGrpc$MethodHandlers.invoke(AdminProtocolServiceGrpc.java:701)
	at org.apache.ratis.thirdparty.io.grpc.stub.ServerCalls$UnaryServerCallHandler$UnaryServerCallListener.onHalfClose(ServerCalls.java:182)
	at org.apache.ratis.thirdparty.io.grpc.internal.ServerCallImpl$ServerStreamListenerImpl.halfClosed(ServerCallImpl.java:356)
	at org.apache.ratis.thirdparty.io.grpc.internal.ServerImpl$JumpToApplicationThreadServerStreamListener$1HalfClosed.runInContext(ServerImpl.java:861)
	at org.apache.ratis.thirdparty.io.grpc.internal.ContextRunnable.run(ContextRunnable.java:37)
	at org.apache.ratis.thirdparty.io.grpc.internal.SerializingExecutor.run(SerializingExecutor.java:133)
	at java.base/java.util.concurrent.ThreadPoolExecutor.runWorker(ThreadPoolExecutor.java:1144)
	at java.base/java.util.concurrent.ThreadPoolExecutor$Worker.run(ThreadPoolExecutor.java:642)
	at java.base/java.lang.Thread.run(Thread.java:1583)
Caused by: org.apache.ratis.protocol.exceptions.AlreadyExistsException: b8386e11-96d4-4625-b991-c054db98adbd: Failed to add group-F8BBE9FFE6D0:[b8386e11-96d4-4625-b991-c054db98adbd|127.0.0.1:15023, 9962ec60-824d-4b5c-b72c-a80d9f5353d3|127.0.0.1:15015, bb53dc84-9509-46ab-9745-0f1d93457633|127.0.0.1:15031] since the group already exists in the map.
	at org.apache.ratis.server.impl.RaftServerProxy$ImplMap.addNew(RaftServerProxy.java:99)
	at org.apache.ratis.server.impl.RaftServerProxy.groupAddAsync(RaftServerProxy.java:512)
	... 13 more
2025-09-28 08:46:15,553 [bb53dc84-9509-46ab-9745-0f1d93457633-groupManagement] INFO  server.RaftServerConfigKeys (ConfUtils.java:logGet(62)) - raft.server.storage.dir = [/home/runner/work/ozone/ozone/hadoop-ozone/integration-test/target/test-dir/MiniOzoneClusterImpl-6c2de427-7485-43c3-b878-dcc0cf80ac7a/ozone-metadata/datanode-3/ratis] (custom)
2025-09-28 08:46:15,553 [bb53dc84-9509-46ab-9745-0f1d93457633-groupManagement] INFO  storage.RaftStorageDirectory (RaftStorageDirectoryImpl.java:analyzeStorage(138)) - The storage directory /home/runner/work/ozone/ozone/hadoop-ozone/integration-test/target/test-dir/MiniOzoneClusterImpl-6c2de427-7485-43c3-b878-dcc0cf80ac7a/ozone-metadata/datanode-3/ratis/aac24483-5546-4731-a22b-4c3414b1e6ec does not exist. Creating ...
2025-09-28 08:46:15,553 [b8386e11-96d4-4625-b991-c054db98adbd-groupManagement] INFO  storage.RaftStorageDirectory (RaftStorageDirectoryImpl.java:tryLock(229)) - Lock on /home/runner/work/ozone/ozone/hadoop-ozone/integration-test/target/test-dir/MiniOzoneClusterImpl-6c2de427-7485-43c3-b878-dcc0cf80ac7a/ozone-metadata/datanode-2/ratis/df70ece9-6c5f-4732-bdaa-f8bbe9ffe6d0/in_use.lock acquired by nodename 129489@localhost
2025-09-28 08:46:15,555 [bb53dc84-9509-46ab-9745-0f1d93457633-groupManagement] INFO  storage.RaftStorageDirectory (RaftStorageDirectoryImpl.java:tryLock(229)) - Lock on /home/runner/work/ozone/ozone/hadoop-ozone/integration-test/target/test-dir/MiniOzoneClusterImpl-6c2de427-7485-43c3-b878-dcc0cf80ac7a/ozone-metadata/datanode-3/ratis/aac24483-5546-4731-a22b-4c3414b1e6ec/in_use.lock acquired by nodename 129489@localhost
2025-09-28 08:46:15,555 [b8386e11-96d4-4625-b991-c054db98adbd-groupManagement] INFO  storage.RaftStorage (RaftStorageImpl.java:format(98)) - Storage directory /home/runner/work/ozone/ozone/hadoop-ozone/integration-test/target/test-dir/MiniOzoneClusterImpl-6c2de427-7485-43c3-b878-dcc0cf80ac7a/ozone-metadata/datanode-2/ratis/df70ece9-6c5f-4732-bdaa-f8bbe9ffe6d0 has been successfully formatted.
2025-09-28 08:46:15,556 [bb53dc84-9509-46ab-9745-0f1d93457633-groupManagement] INFO  storage.RaftStorage (RaftStorageImpl.java:format(98)) - Storage directory /home/runner/work/ozone/ozone/hadoop-ozone/integration-test/target/test-dir/MiniOzoneClusterImpl-6c2de427-7485-43c3-b878-dcc0cf80ac7a/ozone-metadata/datanode-3/ratis/aac24483-5546-4731-a22b-4c3414b1e6ec has been successfully formatted.
2025-09-28 08:46:15,556 [b8386e11-96d4-4625-b991-c054db98adbd-groupManagement] INFO  ratis.ContainerStateMachine (ContainerStateMachine.java:initialize(339)) - b8386e11-96d4-4625-b991-c054db98adbd: initialize group-F8BBE9FFE6D0
2025-09-28 08:46:15,556 [b8386e11-96d4-4625-b991-c054db98adbd-groupManagement] INFO  ratis.ContainerStateMachine (ContainerStateMachine.java:loadSnapshot(347)) - group-F8BBE9FFE6D0: The snapshot info is null. Setting the last applied index to:<INITIAL_VALUE>
2025-09-28 08:46:15,556 [b8386e11-96d4-4625-b991-c054db98adbd-groupManagement] INFO  server.RaftServerConfigKeys (ConfUtils.java:logGet(62)) - raft.server.log.appender.buffer.byte-limit = 33554432 (custom)
2025-09-28 08:46:15,557 [bb53dc84-9509-46ab-9745-0f1d93457633-groupManagement] INFO  ratis.ContainerStateMachine (ContainerStateMachine.java:initialize(339)) - bb53dc84-9509-46ab-9745-0f1d93457633: initialize group-4C3414B1E6EC
2025-09-28 08:46:15,557 [bb53dc84-9509-46ab-9745-0f1d93457633-groupManagement] INFO  ratis.ContainerStateMachine (ContainerStateMachine.java:loadSnapshot(347)) - group-4C3414B1E6EC: The snapshot info is null. Setting the last applied index to:<INITIAL_VALUE>
2025-09-28 08:46:15,557 [bb53dc84-9509-46ab-9745-0f1d93457633-groupManagement] INFO  server.RaftServerConfigKeys (ConfUtils.java:logGet(62)) - raft.server.log.appender.buffer.byte-limit = 33554432 (custom)
2025-09-28 08:46:15,560 [EventQueue-PipelineReportForOneReplicaPipelineSafeModeRule] INFO  safemode.SCMSafeModeManager (SCMSafeModeManager.java:validateSafeModeExitRules(138)) - AtleastOneDatanodeReportedRule rule is successfully validated
2025-09-28 08:46:15,561 [EventQueue-PipelineReportForOneReplicaPipelineSafeModeRule] INFO  safemode.SCMSafeModeManager (SCMSafeModeManager.java:validateSafeModeExitRules(138)) - AtleastOneDatanodeReportedRule rule is successfully validated
2025-09-28 08:46:15,563 [bb53dc84-9509-46ab-9745-0f1d93457633-groupManagement] INFO  server.RaftServerConfigKeys (ConfUtils.java:logGet(62)) - raft.server.log.segment.size.max = 67108864 (custom)
2025-09-28 08:46:15,563 [bb53dc84-9509-46ab-9745-0f1d93457633-groupManagement] INFO  server.RaftServerConfigKeys (ConfUtils.java:logGet(62)) - raft.server.log.appender.buffer.byte-limit = 33554432 (custom)
2025-09-28 08:46:15,564 [b8386e11-96d4-4625-b991-c054db98adbd-groupManagement] INFO  server.RaftServerConfigKeys (ConfUtils.java:logGet(62)) - raft.server.log.segment.size.max = 67108864 (custom)
2025-09-28 08:46:15,565 [b8386e11-96d4-4625-b991-c054db98adbd-groupManagement] INFO  server.RaftServerConfigKeys (ConfUtils.java:logGet(62)) - raft.server.log.appender.buffer.byte-limit = 33554432 (custom)
2025-09-28 08:46:15,565 [c2d163a0-0ec6-4601-8a26-ab579a1805eb@group-DCC0CF80AC7A-StateMachineUpdater] INFO  safemode.SCMSafeModeManager (SCMSafeModeManager.java:validateSafeModeExitRules(138)) - DataNodeSafeModeRule rule is successfully validated
2025-09-28 08:46:15,566 [c2d163a0-0ec6-4601-8a26-ab579a1805eb@group-DCC0CF80AC7A-StateMachineUpdater] INFO  safemode.SCMSafeModeManager (SCMSafeModeManager.java:validateSafeModeExitRules(138)) - RatisContainerSafeModeRule rule is successfully validated
2025-09-28 08:46:15,566 [b8386e11-96d4-4625-b991-c054db98adbd-groupManagement] INFO  util.AwaitToRun (AwaitToRun.java:start(81)) - Thread[#770,b8386e11-96d4-4625-b991-c054db98adbd@group-F8BBE9FFE6D0-cacheEviction-AwaitToRun,5,main] started
2025-09-28 08:46:15,566 [bb53dc84-9509-46ab-9745-0f1d93457633-groupManagement] INFO  util.AwaitToRun (AwaitToRun.java:start(81)) - Thread[#769,bb53dc84-9509-46ab-9745-0f1d93457633@group-4C3414B1E6EC-cacheEviction-AwaitToRun,5,main] started
2025-09-28 08:46:15,566 [bb53dc84-9509-46ab-9745-0f1d93457633-groupManagement] INFO  segmented.SegmentedRaftLogWorker (SegmentedRaftLogWorker.java:<init>(190)) - new bb53dc84-9509-46ab-9745-0f1d93457633@group-4C3414B1E6EC-SegmentedRaftLogWorker for RaftStorageImpl:Storage Directory /home/runner/work/ozone/ozone/hadoop-ozone/integration-test/target/test-dir/MiniOzoneClusterImpl-6c2de427-7485-43c3-b878-dcc0cf80ac7a/ozone-metadata/datanode-3/ratis/aac24483-5546-4731-a22b-4c3414b1e6ec
2025-09-28 08:46:15,566 [bb53dc84-9509-46ab-9745-0f1d93457633-groupManagement] INFO  server.RaftServerConfigKeys (ConfUtils.java:logGet(62)) - raft.server.log.queue.byte-limit = 4294967296 (custom)
2025-09-28 08:46:15,566 [c2d163a0-0ec6-4601-8a26-ab579a1805eb@group-DCC0CF80AC7A-StateMachineUpdater] INFO  safemode.HealthyPipelineSafeModeRule (HealthyPipelineSafeModeRule.java:initializeRule(228)) - Refreshed total pipeline count is 0, healthy pipeline threshold count is 1
2025-09-28 08:46:15,566 [b8386e11-96d4-4625-b991-c054db98adbd-groupManagement] INFO  segmented.SegmentedRaftLogWorker (SegmentedRaftLogWorker.java:<init>(190)) - new b8386e11-96d4-4625-b991-c054db98adbd@group-F8BBE9FFE6D0-SegmentedRaftLogWorker for RaftStorageImpl:Storage Directory /home/runner/work/ozone/ozone/hadoop-ozone/integration-test/target/test-dir/MiniOzoneClusterImpl-6c2de427-7485-43c3-b878-dcc0cf80ac7a/ozone-metadata/datanode-2/ratis/df70ece9-6c5f-4732-bdaa-f8bbe9ffe6d0
2025-09-28 08:46:15,566 [bb53dc84-9509-46ab-9745-0f1d93457633-groupManagement] INFO  server.RaftServerConfigKeys (ConfUtils.java:logGet(62)) - raft.server.log.segment.size.max = 67108864 (custom)
2025-09-28 08:46:15,567 [bb53dc84-9509-46ab-9745-0f1d93457633-groupManagement] INFO  server.RaftServerConfigKeys (ConfUtils.java:logGet(62)) - raft.server.log.preallocated.size = 4194304 (custom)
2025-09-28 08:46:15,567 [bb53dc84-9509-46ab-9745-0f1d93457633-groupManagement] INFO  server.RaftServerConfigKeys (ConfUtils.java:logGet(62)) - raft.server.log.write.buffer.size = 33554440 (custom)
2025-09-28 08:46:15,566 [c2d163a0-0ec6-4601-8a26-ab579a1805eb@group-DCC0CF80AC7A-StateMachineUpdater] INFO  safemode.SCMSafeModeManager (SCMSafeModeManager.java:validateSafeModeExitRules(138)) - ECContainerSafeModeRule rule is successfully validated
2025-09-28 08:46:15,568 [c2d163a0-0ec6-4601-8a26-ab579a1805eb@group-DCC0CF80AC7A-StateMachineUpdater] INFO  safemode.SCMSafeModeManager (SCMSafeModeManager.java:validateSafeModeExitRules(138)) - AtleastOneDatanodeReportedRule rule is successfully validated
2025-09-28 08:46:15,568 [EventQueue-PipelineReportForPipelineReportHandler] INFO  pipeline.PipelineReportHandler (PipelineReportHandler.java:processPipelineReport(132)) - Opened pipeline Pipeline-aac24483-5546-4731-a22b-4c3414b1e6ec
2025-09-28 08:46:15,571 [b8386e11-96d4-4625-b991-c054db98adbd-groupManagement] INFO  server.RaftServerConfigKeys (ConfUtils.java:logGet(62)) - raft.server.log.queue.byte-limit = 4294967296 (custom)
2025-09-28 08:46:15,571 [b8386e11-96d4-4625-b991-c054db98adbd-groupManagement] INFO  server.RaftServerConfigKeys (ConfUtils.java:logGet(62)) - raft.server.log.segment.size.max = 67108864 (custom)
2025-09-28 08:46:15,571 [b8386e11-96d4-4625-b991-c054db98adbd-groupManagement] INFO  server.RaftServerConfigKeys (ConfUtils.java:logGet(62)) - raft.server.log.preallocated.size = 4194304 (custom)
2025-09-28 08:46:15,572 [b8386e11-96d4-4625-b991-c054db98adbd-groupManagement] INFO  server.RaftServerConfigKeys (ConfUtils.java:logGet(62)) - raft.server.log.write.buffer.size = 33554440 (custom)
2025-09-28 08:46:15,587 [grpc-default-executor-1] INFO  server.RaftServer (RaftServerProxy.java:addNew(105)) - bb53dc84-9509-46ab-9745-0f1d93457633: addNew group-F8BBE9FFE6D0:[b8386e11-96d4-4625-b991-c054db98adbd|127.0.0.1:15023, 9962ec60-824d-4b5c-b72c-a80d9f5353d3|127.0.0.1:15015, bb53dc84-9509-46ab-9745-0f1d93457633|127.0.0.1:15031] returns group-F8BBE9FFE6D0:java.util.concurrent.CompletableFuture@3b82fcfd[Not completed]
2025-09-28 08:46:15,587 [bb53dc84-9509-46ab-9745-0f1d93457633-groupManagement] INFO  server.RaftServerConfigKeys (ConfUtils.java:logGet(62)) - raft.server.log.appender.buffer.byte-limit = 33554432 (custom)
2025-09-28 08:46:15,588 [bb53dc84-9509-46ab-9745-0f1d93457633-groupManagement] INFO  segmented.SegmentedRaftLogWorker (SegmentedRaftLogWorker.java:lambda$new$0(141)) - bb53dc84-9509-46ab-9745-0f1d93457633@group-4C3414B1E6EC-SegmentedRaftLogWorker: flushIndex: setUnconditionally 0 -> -1
2025-09-28 08:46:15,588 [bb53dc84-9509-46ab-9745-0f1d93457633-groupManagement] INFO  segmented.SegmentedRaftLogWorker (SegmentedRaftLogWorker.java:lambda$new$0(141)) - bb53dc84-9509-46ab-9745-0f1d93457633@group-4C3414B1E6EC-SegmentedRaftLogWorker: safeCacheEvictIndex: setUnconditionally 0 -> -1
2025-09-28 08:46:15,588 [bb53dc84-9509-46ab-9745-0f1d93457633-groupManagement] INFO  server.RaftServer$Division (RaftServerImpl.java:start(405)) - bb53dc84-9509-46ab-9745-0f1d93457633@group-4C3414B1E6EC: start as a follower, conf=conf: {index: -1, cur=peers:[bb53dc84-9509-46ab-9745-0f1d93457633|127.0.0.1:15031]|listeners:[], old=null}
2025-09-28 08:46:15,588 [bb53dc84-9509-46ab-9745-0f1d93457633-groupManagement] INFO  server.RaftServer$Division (RaftServerImpl.java:setRole(392)) - bb53dc84-9509-46ab-9745-0f1d93457633@group-4C3414B1E6EC: changes role from      null to FOLLOWER at term 0 for startAsFollower
2025-09-28 08:46:15,588 [bb53dc84-9509-46ab-9745-0f1d93457633-groupManagement] INFO  impl.RoleInfo (RoleInfo.java:updateAndGet(148)) - bb53dc84-9509-46ab-9745-0f1d93457633: start bb53dc84-9509-46ab-9745-0f1d93457633@group-4C3414B1E6EC-FollowerState
2025-09-28 08:46:15,589 [b8386e11-96d4-4625-b991-c054db98adbd-groupManagement] INFO  server.RaftServerConfigKeys (ConfUtils.java:logGet(62)) - raft.server.log.appender.buffer.byte-limit = 33554432 (custom)
2025-09-28 08:46:15,589 [b8386e11-96d4-4625-b991-c054db98adbd-groupManagement] INFO  segmented.SegmentedRaftLogWorker (SegmentedRaftLogWorker.java:lambda$new$0(141)) - b8386e11-96d4-4625-b991-c054db98adbd@group-F8BBE9FFE6D0-SegmentedRaftLogWorker: flushIndex: setUnconditionally 0 -> -1
2025-09-28 08:46:15,589 [b8386e11-96d4-4625-b991-c054db98adbd-groupManagement] INFO  segmented.SegmentedRaftLogWorker (SegmentedRaftLogWorker.java:lambda$new$0(141)) - b8386e11-96d4-4625-b991-c054db98adbd@group-F8BBE9FFE6D0-SegmentedRaftLogWorker: safeCacheEvictIndex: setUnconditionally 0 -> -1
2025-09-28 08:46:15,589 [bb53dc84-9509-46ab-9745-0f1d93457633-groupManagement] INFO  util.JmxRegister (JmxRegister.java:tryRegister(44)) - Successfully registered JMX Bean with object name Ratis:service=RaftServer,group=group-4C3414B1E6EC,id=bb53dc84-9509-46ab-9745-0f1d93457633
2025-09-28 08:46:15,589 [bb53dc84-9509-46ab-9745-0f1d93457633-groupManagement] INFO  util.JmxRegister (JmxRegister.java:register(58)) - register mxBean class org.apache.ratis.server.impl.RaftServerJmxAdapter as Ratis:service=RaftServer,group=group-4C3414B1E6EC,id=bb53dc84-9509-46ab-9745-0f1d93457633
2025-09-28 08:46:15,604 [b8386e11-96d4-4625-b991-c054db98adbd-groupManagement] INFO  server.RaftServer$Division (RaftServerImpl.java:start(405)) - b8386e11-96d4-4625-b991-c054db98adbd@group-F8BBE9FFE6D0: start as a follower, conf=conf: {index: -1, cur=peers:[b8386e11-96d4-4625-b991-c054db98adbd|127.0.0.1:15023, 9962ec60-824d-4b5c-b72c-a80d9f5353d3|127.0.0.1:15015, bb53dc84-9509-46ab-9745-0f1d93457633|127.0.0.1:15031]|listeners:[], old=null}
2025-09-28 08:46:15,605 [b8386e11-96d4-4625-b991-c054db98adbd-groupManagement] INFO  server.RaftServer$Division (RaftServerImpl.java:setRole(392)) - b8386e11-96d4-4625-b991-c054db98adbd@group-F8BBE9FFE6D0: changes role from      null to FOLLOWER at term 0 for startAsFollower
2025-09-28 08:46:15,605 [bb53dc84-9509-46ab-9745-0f1d93457633-groupManagement] INFO  server.RaftServer$Division (RaftServerImpl.java:start(419)) - bb53dc84-9509-46ab-9745-0f1d93457633@group-4C3414B1E6EC: Successfully started.
2025-09-28 08:46:15,605 [b8386e11-96d4-4625-b991-c054db98adbd-groupManagement] INFO  impl.RoleInfo (RoleInfo.java:updateAndGet(148)) - b8386e11-96d4-4625-b991-c054db98adbd: start b8386e11-96d4-4625-b991-c054db98adbd@group-F8BBE9FFE6D0-FollowerState
2025-09-28 08:46:15,606 [b8386e11-96d4-4625-b991-c054db98adbd-groupManagement] INFO  util.JmxRegister (JmxRegister.java:tryRegister(44)) - Successfully registered JMX Bean with object name Ratis:service=RaftServer,group=group-F8BBE9FFE6D0,id=b8386e11-96d4-4625-b991-c054db98adbd
2025-09-28 08:46:15,606 [b8386e11-96d4-4625-b991-c054db98adbd-groupManagement] INFO  util.JmxRegister (JmxRegister.java:register(58)) - register mxBean class org.apache.ratis.server.impl.RaftServerJmxAdapter as Ratis:service=RaftServer,group=group-F8BBE9FFE6D0,id=b8386e11-96d4-4625-b991-c054db98adbd
2025-09-28 08:46:15,606 [bb53dc84-9509-46ab-9745-0f1d93457633-CreatePipelineCommandHandlerThread-0] INFO  ratis.XceiverServerRatis (XceiverServerRatis.java:addGroup(839)) - Created group Pipeline-aac24483-5546-4731-a22b-4c3414b1e6ec
2025-09-28 08:46:15,606 [bb53dc84-9509-46ab-9745-0f1d93457633-CreatePipelineCommandHandlerThread-0] INFO  commandhandler.CreatePipelineCommandHandler (CreatePipelineCommandHandler.java:lambda$handle$2(141)) - Created Pipeline RATIS ONE Pipeline-aac24483-5546-4731-a22b-4c3414b1e6ec.
2025-09-28 08:46:15,607 [bb53dc84-9509-46ab-9745-0f1d93457633-groupManagement] INFO  server.RaftServer$Division (RaftServerImpl.java:<init>(268)) - bb53dc84-9509-46ab-9745-0f1d93457633: new RaftServerImpl for group-F8BBE9FFE6D0:[b8386e11-96d4-4625-b991-c054db98adbd|127.0.0.1:15023, 9962ec60-824d-4b5c-b72c-a80d9f5353d3|127.0.0.1:15015, bb53dc84-9509-46ab-9745-0f1d93457633|127.0.0.1:15031] with ContainerStateMachine:uninitialized
2025-09-28 08:46:15,607 [bb53dc84-9509-46ab-9745-0f1d93457633-groupManagement] INFO  server.RaftServer$Division (ServerState.java:<init>(114)) - bb53dc84-9509-46ab-9745-0f1d93457633@group-F8BBE9FFE6D0: ConfigurationManager, init=conf: {index: -1, cur=peers:[b8386e11-96d4-4625-b991-c054db98adbd|127.0.0.1:15023, 9962ec60-824d-4b5c-b72c-a80d9f5353d3|127.0.0.1:15015, bb53dc84-9509-46ab-9745-0f1d93457633|127.0.0.1:15031]|listeners:[], old=null}, confs=<EMPTY_MAP>
2025-09-28 08:46:15,609 [b8386e11-96d4-4625-b991-c054db98adbd-groupManagement] INFO  server.RaftServer$Division (RaftServerImpl.java:start(419)) - b8386e11-96d4-4625-b991-c054db98adbd@group-F8BBE9FFE6D0: Successfully started.
2025-09-28 08:46:15,609 [b8386e11-96d4-4625-b991-c054db98adbd-CreatePipelineCommandHandlerThread-0] INFO  ratis.XceiverServerRatis (XceiverServerRatis.java:addGroup(839)) - Created group Pipeline-df70ece9-6c5f-4732-bdaa-f8bbe9ffe6d0
2025-09-28 08:46:15,611 [bb53dc84-9509-46ab-9745-0f1d93457633-groupManagement] INFO  storage.RaftStorageDirectory (RaftStorageDirectoryImpl.java:analyzeStorage(138)) - The storage directory /home/runner/work/ozone/ozone/hadoop-ozone/integration-test/target/test-dir/MiniOzoneClusterImpl-6c2de427-7485-43c3-b878-dcc0cf80ac7a/ozone-metadata/datanode-3/ratis/df70ece9-6c5f-4732-bdaa-f8bbe9ffe6d0 does not exist. Creating ...
2025-09-28 08:46:15,612 [bb53dc84-9509-46ab-9745-0f1d93457633-groupManagement] INFO  storage.RaftStorageDirectory (RaftStorageDirectoryImpl.java:tryLock(229)) - Lock on /home/runner/work/ozone/ozone/hadoop-ozone/integration-test/target/test-dir/MiniOzoneClusterImpl-6c2de427-7485-43c3-b878-dcc0cf80ac7a/ozone-metadata/datanode-3/ratis/df70ece9-6c5f-4732-bdaa-f8bbe9ffe6d0/in_use.lock acquired by nodename 129489@localhost
2025-09-28 08:46:15,613 [bb53dc84-9509-46ab-9745-0f1d93457633-groupManagement] INFO  storage.RaftStorage (RaftStorageImpl.java:format(98)) - Storage directory /home/runner/work/ozone/ozone/hadoop-ozone/integration-test/target/test-dir/MiniOzoneClusterImpl-6c2de427-7485-43c3-b878-dcc0cf80ac7a/ozone-metadata/datanode-3/ratis/df70ece9-6c5f-4732-bdaa-f8bbe9ffe6d0 has been successfully formatted.
2025-09-28 08:46:15,614 [bb53dc84-9509-46ab-9745-0f1d93457633-groupManagement] INFO  ratis.ContainerStateMachine (ContainerStateMachine.java:initialize(339)) - bb53dc84-9509-46ab-9745-0f1d93457633: initialize group-F8BBE9FFE6D0
2025-09-28 08:46:15,614 [bb53dc84-9509-46ab-9745-0f1d93457633-groupManagement] INFO  ratis.ContainerStateMachine (ContainerStateMachine.java:loadSnapshot(347)) - group-F8BBE9FFE6D0: The snapshot info is null. Setting the last applied index to:<INITIAL_VALUE>
2025-09-28 08:46:15,615 [bb53dc84-9509-46ab-9745-0f1d93457633-groupManagement] INFO  server.RaftServerConfigKeys (ConfUtils.java:logGet(62)) - raft.server.log.appender.buffer.byte-limit = 33554432 (custom)
2025-09-28 08:46:15,616 [bb53dc84-9509-46ab-9745-0f1d93457633-groupManagement] INFO  server.RaftServerConfigKeys (ConfUtils.java:logGet(62)) - raft.server.log.segment.size.max = 67108864 (custom)
2025-09-28 08:46:15,616 [EventQueue-PipelineReportForOneReplicaPipelineSafeModeRule] INFO  safemode.SCMSafeModeManager (SCMSafeModeManager.java:validateSafeModeExitRules(138)) - AtleastOneDatanodeReportedRule rule is successfully validated
2025-09-28 08:46:15,617 [bb53dc84-9509-46ab-9745-0f1d93457633-groupManagement] INFO  server.RaftServerConfigKeys (ConfUtils.java:logGet(62)) - raft.server.log.appender.buffer.byte-limit = 33554432 (custom)
2025-09-28 08:46:15,617 [bb53dc84-9509-46ab-9745-0f1d93457633-groupManagement] INFO  util.AwaitToRun (AwaitToRun.java:start(81)) - Thread[#780,bb53dc84-9509-46ab-9745-0f1d93457633@group-F8BBE9FFE6D0-cacheEviction-AwaitToRun,5,main] started
2025-09-28 08:46:15,617 [bb53dc84-9509-46ab-9745-0f1d93457633-groupManagement] INFO  segmented.SegmentedRaftLogWorker (SegmentedRaftLogWorker.java:<init>(190)) - new bb53dc84-9509-46ab-9745-0f1d93457633@group-F8BBE9FFE6D0-SegmentedRaftLogWorker for RaftStorageImpl:Storage Directory /home/runner/work/ozone/ozone/hadoop-ozone/integration-test/target/test-dir/MiniOzoneClusterImpl-6c2de427-7485-43c3-b878-dcc0cf80ac7a/ozone-metadata/datanode-3/ratis/df70ece9-6c5f-4732-bdaa-f8bbe9ffe6d0
2025-09-28 08:46:15,617 [bb53dc84-9509-46ab-9745-0f1d93457633-groupManagement] INFO  server.RaftServerConfigKeys (ConfUtils.java:logGet(62)) - raft.server.log.queue.byte-limit = 4294967296 (custom)
2025-09-28 08:46:15,617 [bb53dc84-9509-46ab-9745-0f1d93457633-groupManagement] INFO  server.RaftServerConfigKeys (ConfUtils.java:logGet(62)) - raft.server.log.segment.size.max = 67108864 (custom)
2025-09-28 08:46:15,617 [bb53dc84-9509-46ab-9745-0f1d93457633-groupManagement] INFO  server.RaftServerConfigKeys (ConfUtils.java:logGet(62)) - raft.server.log.preallocated.size = 4194304 (custom)
2025-09-28 08:46:15,618 [bb53dc84-9509-46ab-9745-0f1d93457633-groupManagement] INFO  server.RaftServerConfigKeys (ConfUtils.java:logGet(62)) - raft.server.log.write.buffer.size = 33554440 (custom)
2025-09-28 08:46:15,624 [grpc-default-executor-1] WARN  server.GrpcAdminProtocolService (GrpcAdminProtocolService.java:lambda$groupManagement$1(53)) - Failed groupManagement: GROUPADD, GroupManagementRequest:client-CCD08E9D916D->9962ec60-824d-4b5c-b72c-a80d9f5353d3@group-F8BBE9FFE6D0, cid=7, seq=null, RW, null, Add:group-F8BBE9FFE6D0:[b8386e11-96d4-4625-b991-c054db98adbd|127.0.0.1:15023, 9962ec60-824d-4b5c-b72c-a80d9f5353d3|127.0.0.1:15015, bb53dc84-9509-46ab-9745-0f1d93457633|127.0.0.1:15031]
java.util.concurrent.CompletionException: org.apache.ratis.protocol.exceptions.AlreadyExistsException: 9962ec60-824d-4b5c-b72c-a80d9f5353d3: Failed to add group-F8BBE9FFE6D0:[b8386e11-96d4-4625-b991-c054db98adbd|127.0.0.1:15023, 9962ec60-824d-4b5c-b72c-a80d9f5353d3|127.0.0.1:15015, bb53dc84-9509-46ab-9745-0f1d93457633|127.0.0.1:15031] since the group already exists in the map.
	at java.base/java.util.concurrent.CompletableFuture.encodeThrowable(CompletableFuture.java:332)
	at java.base/java.util.concurrent.CompletableFuture.uniApplyNow(CompletableFuture.java:674)
	at java.base/java.util.concurrent.CompletableFuture.uniApplyStage(CompletableFuture.java:662)
	at java.base/java.util.concurrent.CompletableFuture.thenApplyAsync(CompletableFuture.java:2210)
	at org.apache.ratis.server.impl.RaftServerProxy.groupAddAsync(RaftServerProxy.java:513)
	at org.apache.ratis.server.impl.RaftServerProxy.groupManagementAsync(RaftServerProxy.java:495)
	at org.apache.ratis.grpc.server.GrpcAdminProtocolService.lambda$groupManagement$0(GrpcAdminProtocolService.java:51)
	at org.apache.ratis.grpc.GrpcUtil.asyncCall(GrpcUtil.java:172)
	at org.apache.ratis.grpc.server.GrpcAdminProtocolService.groupManagement(GrpcAdminProtocolService.java:51)
	at org.apache.ratis.proto.grpc.AdminProtocolServiceGrpc$MethodHandlers.invoke(AdminProtocolServiceGrpc.java:701)
	at org.apache.ratis.thirdparty.io.grpc.stub.ServerCalls$UnaryServerCallHandler$UnaryServerCallListener.onHalfClose(ServerCalls.java:182)
	at org.apache.ratis.thirdparty.io.grpc.internal.ServerCallImpl$ServerStreamListenerImpl.halfClosed(ServerCallImpl.java:356)
	at org.apache.ratis.thirdparty.io.grpc.internal.ServerImpl$JumpToApplicationThreadServerStreamListener$1HalfClosed.runInContext(ServerImpl.java:861)
	at org.apache.ratis.thirdparty.io.grpc.internal.ContextRunnable.run(ContextRunnable.java:37)
	at org.apache.ratis.thirdparty.io.grpc.internal.SerializingExecutor.run(SerializingExecutor.java:133)
	at java.base/java.util.concurrent.ThreadPoolExecutor.runWorker(ThreadPoolExecutor.java:1144)
	at java.base/java.util.concurrent.ThreadPoolExecutor$Worker.run(ThreadPoolExecutor.java:642)
	at java.base/java.lang.Thread.run(Thread.java:1583)
Caused by: org.apache.ratis.protocol.exceptions.AlreadyExistsException: 9962ec60-824d-4b5c-b72c-a80d9f5353d3: Failed to add group-F8BBE9FFE6D0:[b8386e11-96d4-4625-b991-c054db98adbd|127.0.0.1:15023, 9962ec60-824d-4b5c-b72c-a80d9f5353d3|127.0.0.1:15015, bb53dc84-9509-46ab-9745-0f1d93457633|127.0.0.1:15031] since the group already exists in the map.
	at org.apache.ratis.server.impl.RaftServerProxy$ImplMap.addNew(RaftServerProxy.java:99)
	at org.apache.ratis.server.impl.RaftServerProxy.groupAddAsync(RaftServerProxy.java:512)
	... 13 more
2025-09-28 08:46:15,627 [bb53dc84-9509-46ab-9745-0f1d93457633-groupManagement] INFO  server.RaftServerConfigKeys (ConfUtils.java:logGet(62)) - raft.server.log.appender.buffer.byte-limit = 33554432 (custom)
2025-09-28 08:46:15,628 [bb53dc84-9509-46ab-9745-0f1d93457633-groupManagement] INFO  segmented.SegmentedRaftLogWorker (SegmentedRaftLogWorker.java:lambda$new$0(141)) - bb53dc84-9509-46ab-9745-0f1d93457633@group-F8BBE9FFE6D0-SegmentedRaftLogWorker: flushIndex: setUnconditionally 0 -> -1
2025-09-28 08:46:15,628 [bb53dc84-9509-46ab-9745-0f1d93457633-groupManagement] INFO  segmented.SegmentedRaftLogWorker (SegmentedRaftLogWorker.java:lambda$new$0(141)) - bb53dc84-9509-46ab-9745-0f1d93457633@group-F8BBE9FFE6D0-SegmentedRaftLogWorker: safeCacheEvictIndex: setUnconditionally 0 -> -1
2025-09-28 08:46:15,628 [bb53dc84-9509-46ab-9745-0f1d93457633-groupManagement] INFO  server.RaftServer$Division (RaftServerImpl.java:start(405)) - bb53dc84-9509-46ab-9745-0f1d93457633@group-F8BBE9FFE6D0: start as a follower, conf=conf: {index: -1, cur=peers:[b8386e11-96d4-4625-b991-c054db98adbd|127.0.0.1:15023, 9962ec60-824d-4b5c-b72c-a80d9f5353d3|127.0.0.1:15015, bb53dc84-9509-46ab-9745-0f1d93457633|127.0.0.1:15031]|listeners:[], old=null}
2025-09-28 08:46:15,628 [bb53dc84-9509-46ab-9745-0f1d93457633-groupManagement] INFO  server.RaftServer$Division (RaftServerImpl.java:setRole(392)) - bb53dc84-9509-46ab-9745-0f1d93457633@group-F8BBE9FFE6D0: changes role from      null to FOLLOWER at term 0 for startAsFollower
2025-09-28 08:46:15,628 [bb53dc84-9509-46ab-9745-0f1d93457633-groupManagement] INFO  impl.RoleInfo (RoleInfo.java:updateAndGet(148)) - bb53dc84-9509-46ab-9745-0f1d93457633: start bb53dc84-9509-46ab-9745-0f1d93457633@group-F8BBE9FFE6D0-FollowerState
2025-09-28 08:46:15,629 [bb53dc84-9509-46ab-9745-0f1d93457633-groupManagement] INFO  util.JmxRegister (JmxRegister.java:tryRegister(44)) - Successfully registered JMX Bean with object name Ratis:service=RaftServer,group=group-F8BBE9FFE6D0,id=bb53dc84-9509-46ab-9745-0f1d93457633
2025-09-28 08:46:15,629 [bb53dc84-9509-46ab-9745-0f1d93457633-groupManagement] INFO  util.JmxRegister (JmxRegister.java:register(58)) - register mxBean class org.apache.ratis.server.impl.RaftServerJmxAdapter as Ratis:service=RaftServer,group=group-F8BBE9FFE6D0,id=bb53dc84-9509-46ab-9745-0f1d93457633
2025-09-28 08:46:15,629 [bb53dc84-9509-46ab-9745-0f1d93457633-groupManagement] INFO  server.RaftServer$Division (RaftServerImpl.java:start(419)) - bb53dc84-9509-46ab-9745-0f1d93457633@group-F8BBE9FFE6D0: Successfully started.
2025-09-28 08:46:15,638 [9962ec60-824d-4b5c-b72c-a80d9f5353d3-CreatePipelineCommandHandlerThread-0] INFO  commandhandler.CreatePipelineCommandHandler (CreatePipelineCommandHandler.java:lambda$handle$2(141)) - Created Pipeline RATIS THREE Pipeline-df70ece9-6c5f-4732-bdaa-f8bbe9ffe6d0.
2025-09-28 08:46:15,643 [grpc-default-executor-1] WARN  server.GrpcAdminProtocolService (GrpcAdminProtocolService.java:lambda$groupManagement$1(53)) - Failed groupManagement: GROUPADD, GroupManagementRequest:client-8B395FEDC8A0->bb53dc84-9509-46ab-9745-0f1d93457633@group-F8BBE9FFE6D0, cid=8, seq=null, RW, null, Add:group-F8BBE9FFE6D0:[b8386e11-96d4-4625-b991-c054db98adbd|127.0.0.1:15023, 9962ec60-824d-4b5c-b72c-a80d9f5353d3|127.0.0.1:15015, bb53dc84-9509-46ab-9745-0f1d93457633|127.0.0.1:15031]
java.util.concurrent.CompletionException: org.apache.ratis.protocol.exceptions.AlreadyExistsException: bb53dc84-9509-46ab-9745-0f1d93457633: Failed to add group-F8BBE9FFE6D0:[b8386e11-96d4-4625-b991-c054db98adbd|127.0.0.1:15023, 9962ec60-824d-4b5c-b72c-a80d9f5353d3|127.0.0.1:15015, bb53dc84-9509-46ab-9745-0f1d93457633|127.0.0.1:15031] since the group already exists in the map.
	at java.base/java.util.concurrent.CompletableFuture.encodeThrowable(CompletableFuture.java:332)
	at java.base/java.util.concurrent.CompletableFuture.uniApplyNow(CompletableFuture.java:674)
	at java.base/java.util.concurrent.CompletableFuture.uniApplyStage(CompletableFuture.java:662)
	at java.base/java.util.concurrent.CompletableFuture.thenApplyAsync(CompletableFuture.java:2210)
	at org.apache.ratis.server.impl.RaftServerProxy.groupAddAsync(RaftServerProxy.java:513)
	at org.apache.ratis.server.impl.RaftServerProxy.groupManagementAsync(RaftServerProxy.java:495)
	at org.apache.ratis.grpc.server.GrpcAdminProtocolService.lambda$groupManagement$0(GrpcAdminProtocolService.java:51)
	at org.apache.ratis.grpc.GrpcUtil.asyncCall(GrpcUtil.java:172)
	at org.apache.ratis.grpc.server.GrpcAdminProtocolService.groupManagement(GrpcAdminProtocolService.java:51)
	at org.apache.ratis.proto.grpc.AdminProtocolServiceGrpc$MethodHandlers.invoke(AdminProtocolServiceGrpc.java:701)
	at org.apache.ratis.thirdparty.io.grpc.stub.ServerCalls$UnaryServerCallHandler$UnaryServerCallListener.onHalfClose(ServerCalls.java:182)
	at org.apache.ratis.thirdparty.io.grpc.internal.ServerCallImpl$ServerStreamListenerImpl.halfClosed(ServerCallImpl.java:356)
	at org.apache.ratis.thirdparty.io.grpc.internal.ServerImpl$JumpToApplicationThreadServerStreamListener$1HalfClosed.runInContext(ServerImpl.java:861)
	at org.apache.ratis.thirdparty.io.grpc.internal.ContextRunnable.run(ContextRunnable.java:37)
	at org.apache.ratis.thirdparty.io.grpc.internal.SerializingExecutor.run(SerializingExecutor.java:133)
	at java.base/java.util.concurrent.ThreadPoolExecutor.runWorker(ThreadPoolExecutor.java:1144)
	at java.base/java.util.concurrent.ThreadPoolExecutor$Worker.run(ThreadPoolExecutor.java:642)
	at java.base/java.lang.Thread.run(Thread.java:1583)
Caused by: org.apache.ratis.protocol.exceptions.AlreadyExistsException: bb53dc84-9509-46ab-9745-0f1d93457633: Failed to add group-F8BBE9FFE6D0:[b8386e11-96d4-4625-b991-c054db98adbd|127.0.0.1:15023, 9962ec60-824d-4b5c-b72c-a80d9f5353d3|127.0.0.1:15015, bb53dc84-9509-46ab-9745-0f1d93457633|127.0.0.1:15031] since the group already exists in the map.
	at org.apache.ratis.server.impl.RaftServerProxy$ImplMap.addNew(RaftServerProxy.java:99)
	at org.apache.ratis.server.impl.RaftServerProxy.groupAddAsync(RaftServerProxy.java:512)
	... 13 more
2025-09-28 08:46:15,650 [b8386e11-96d4-4625-b991-c054db98adbd-CreatePipelineCommandHandlerThread-0] INFO  commandhandler.CreatePipelineCommandHandler (CreatePipelineCommandHandler.java:lambda$handle$2(141)) - Created Pipeline RATIS THREE Pipeline-df70ece9-6c5f-4732-bdaa-f8bbe9ffe6d0.
2025-09-28 08:46:16,047 [ForkJoinPool-1-worker-1] INFO  ozone.MiniOzoneClusterImpl (MiniOzoneClusterImpl.java:lambda$waitForClusterToBeReady$0(181)) - Nodes are ready. Got 3 of 3 DN Heartbeats.
2025-09-28 08:46:16,048 [ForkJoinPool-1-worker-1] INFO  ozone.MiniOzoneClusterImpl (MiniOzoneClusterImpl.java:lambda$waitForClusterToBeReady$0(184)) - Waiting for cluster to exit safe mode
2025-09-28 08:46:16,048 [ForkJoinPool-1-worker-1] INFO  ozone.MiniOzoneClusterImpl (MiniOzoneClusterImpl.java:lambda$waitForClusterToBeReady$0(186)) - SCM became leader
2025-09-28 08:46:16,214 [9962ec60-824d-4b5c-b72c-a80d9f5353d3@group-71444778A42C-FollowerState] INFO  impl.FollowerState (FollowerState.java:runImpl(161)) - 9962ec60-824d-4b5c-b72c-a80d9f5353d3@group-71444778A42C-FollowerState: change to CANDIDATE, lastRpcElapsedTime:1115576931ns, electionTimeout:1115ms
2025-09-28 08:46:16,214 [9962ec60-824d-4b5c-b72c-a80d9f5353d3@group-71444778A42C-FollowerState] INFO  impl.RoleInfo (RoleInfo.java:shutdownFollowerState(121)) - 9962ec60-824d-4b5c-b72c-a80d9f5353d3: shutdown 9962ec60-824d-4b5c-b72c-a80d9f5353d3@group-71444778A42C-FollowerState
2025-09-28 08:46:16,214 [9962ec60-824d-4b5c-b72c-a80d9f5353d3@group-71444778A42C-FollowerState] INFO  server.RaftServer$Division (RaftServerImpl.java:setRole(392)) - 9962ec60-824d-4b5c-b72c-a80d9f5353d3@group-71444778A42C: changes role from  FOLLOWER to CANDIDATE at term 0 for changeToCandidate
2025-09-28 08:46:16,214 [9962ec60-824d-4b5c-b72c-a80d9f5353d3@group-71444778A42C-FollowerState] INFO  impl.RoleInfo (RoleInfo.java:updateAndGet(148)) - 9962ec60-824d-4b5c-b72c-a80d9f5353d3: start 9962ec60-824d-4b5c-b72c-a80d9f5353d3@group-71444778A42C-LeaderElection4
2025-09-28 08:46:16,215 [9962ec60-824d-4b5c-b72c-a80d9f5353d3@group-71444778A42C-LeaderElection4] INFO  impl.LeaderElection (LeaderElection.java:askForVotes(448)) - 9962ec60-824d-4b5c-b72c-a80d9f5353d3@group-71444778A42C-LeaderElection4 PRE_VOTE round 0: submit vote requests at term 0 for conf: {index: -1, cur=peers:[9962ec60-824d-4b5c-b72c-a80d9f5353d3|127.0.0.1:15015]|listeners:[], old=null}
2025-09-28 08:46:16,215 [9962ec60-824d-4b5c-b72c-a80d9f5353d3@group-71444778A42C-LeaderElection4] INFO  impl.LeaderElection (LeaderElection.java:askForVotes(450)) - 9962ec60-824d-4b5c-b72c-a80d9f5353d3@group-71444778A42C-LeaderElection4 PRE_VOTE round 0: result PASSED (term=0)
2025-09-28 08:46:16,216 [9962ec60-824d-4b5c-b72c-a80d9f5353d3@group-71444778A42C-LeaderElection4] INFO  impl.LeaderElection (LeaderElection.java:askForVotes(448)) - 9962ec60-824d-4b5c-b72c-a80d9f5353d3@group-71444778A42C-LeaderElection4 ELECTION round 0: submit vote requests at term 1 for conf: {index: -1, cur=peers:[9962ec60-824d-4b5c-b72c-a80d9f5353d3|127.0.0.1:15015]|listeners:[], old=null}
2025-09-28 08:46:16,216 [9962ec60-824d-4b5c-b72c-a80d9f5353d3@group-71444778A42C-LeaderElection4] INFO  impl.LeaderElection (LeaderElection.java:askForVotes(450)) - 9962ec60-824d-4b5c-b72c-a80d9f5353d3@group-71444778A42C-LeaderElection4 ELECTION round 0: result PASSED (term=1)
2025-09-28 08:46:16,216 [9962ec60-824d-4b5c-b72c-a80d9f5353d3@group-71444778A42C-LeaderElection4] INFO  impl.RoleInfo (RoleInfo.java:shutdownLeaderElection(141)) - 9962ec60-824d-4b5c-b72c-a80d9f5353d3: shutdown 9962ec60-824d-4b5c-b72c-a80d9f5353d3@group-71444778A42C-LeaderElection4
2025-09-28 08:46:16,216 [9962ec60-824d-4b5c-b72c-a80d9f5353d3@group-71444778A42C-LeaderElection4] INFO  server.RaftServer$Division (RaftServerImpl.java:setRole(392)) - 9962ec60-824d-4b5c-b72c-a80d9f5353d3@group-71444778A42C: changes role from CANDIDATE to LEADER at term 1 for changeToLeader
2025-09-28 08:46:16,216 [9962ec60-824d-4b5c-b72c-a80d9f5353d3@group-71444778A42C-LeaderElection4] INFO  server.RaftServerConfigKeys (ConfUtils.java:logFallback(69)) - raft.server.staging.timeout = 15600ms (fallback to raft.server.rpc.timeout.max)
2025-09-28 08:46:16,217 [9962ec60-824d-4b5c-b72c-a80d9f5353d3@group-71444778A42C-LeaderElection4] INFO  server.RaftServerConfigKeys (ConfUtils.java:logGet(62)) - raft.server.write.element-limit = 1024 (custom)
2025-09-28 08:46:16,217 [9962ec60-824d-4b5c-b72c-a80d9f5353d3@group-71444778A42C-LeaderElection4] INFO  server.RaftServerConfigKeys (ConfUtils.java:logGet(62)) - raft.server.write.byte-limit = 1024 M (=1073741824) (custom)
2025-09-28 08:46:16,217 [9962ec60-824d-4b5c-b72c-a80d9f5353d3@group-71444778A42C-LeaderElection4] INFO  server.RaftServerConfigKeys (ConfUtils.java:logGet(62)) - raft.server.watch.timeout = 30s (custom)
2025-09-28 08:46:16,218 [9962ec60-824d-4b5c-b72c-a80d9f5353d3@group-71444778A42C-LeaderElection4] INFO  server.RaftServerConfigKeys (ConfUtils.java:logGet(62)) - raft.server.log.log-metadata.enabled = true (default)
2025-09-28 08:46:16,218 [9962ec60-824d-4b5c-b72c-a80d9f5353d3@group-71444778A42C-LeaderElection4] INFO  impl.RoleInfo (RoleInfo.java:updateAndGet(148)) - 9962ec60-824d-4b5c-b72c-a80d9f5353d3: start 9962ec60-824d-4b5c-b72c-a80d9f5353d3@group-71444778A42C-LeaderStateImpl
2025-09-28 08:46:16,218 [9962ec60-824d-4b5c-b72c-a80d9f5353d3@group-71444778A42C-LeaderElection4] INFO  server.RaftServer$Division (RaftServerImpl.java:setFirstElection(576)) - 9962ec60-824d-4b5c-b72c-a80d9f5353d3@group-71444778A42C: set firstElectionSinceStartup to false for becomeLeader
2025-09-28 08:46:16,218 [9962ec60-824d-4b5c-b72c-a80d9f5353d3@group-71444778A42C-LeaderElection4] INFO  ratis.XceiverServerRatis (XceiverServerRatis.java:handleLeaderChangedNotification(940)) - Leader change notification received for group: group-71444778A42C with new leaderId: 9962ec60-824d-4b5c-b72c-a80d9f5353d3
2025-09-28 08:46:16,219 [9962ec60-824d-4b5c-b72c-a80d9f5353d3@group-71444778A42C-LeaderElection4] INFO  server.RaftServer$Division (ServerState.java:setLeader(272)) - 9962ec60-824d-4b5c-b72c-a80d9f5353d3@group-71444778A42C: change Leader from null to 9962ec60-824d-4b5c-b72c-a80d9f5353d3 at term 1 for becomeLeader, leader elected after 1146ms
2025-09-28 08:46:16,219 [9962ec60-824d-4b5c-b72c-a80d9f5353d3@group-71444778A42C-LeaderElection4] INFO  segmented.SegmentedRaftLogWorker (SegmentedRaftLogWorker.java:startLogSegment(440)) - 9962ec60-824d-4b5c-b72c-a80d9f5353d3@group-71444778A42C-SegmentedRaftLogWorker: Starting segment from index:0
2025-09-28 08:46:16,220 [9962ec60-824d-4b5c-b72c-a80d9f5353d3@group-71444778A42C-LeaderElection4] INFO  server.RaftServer$Division (ServerState.java:setRaftConf(386)) - 9962ec60-824d-4b5c-b72c-a80d9f5353d3@group-71444778A42C: set configuration conf: {index: 0, cur=peers:[9962ec60-824d-4b5c-b72c-a80d9f5353d3|127.0.0.1:15015]|listeners:[], old=null}
2025-09-28 08:46:16,221 [9962ec60-824d-4b5c-b72c-a80d9f5353d3@group-71444778A42C-SegmentedRaftLogWorker] INFO  segmented.BufferedWriteChannel (BufferedWriteChannel.java:open(61)) - open log_inprogress_0 at position 0
2025-09-28 08:46:16,221 [EventQueue-PipelineReportForOneReplicaPipelineSafeModeRule] INFO  safemode.SCMSafeModeManager (SCMSafeModeManager.java:validateSafeModeExitRules(138)) - AtleastOneDatanodeReportedRule rule is successfully validated
2025-09-28 08:46:16,225 [9962ec60-824d-4b5c-b72c-a80d9f5353d3@group-71444778A42C-SegmentedRaftLogWorker] INFO  segmented.SegmentedRaftLogWorker (SegmentedRaftLogWorker.java:execute(647)) - 9962ec60-824d-4b5c-b72c-a80d9f5353d3@group-71444778A42C-SegmentedRaftLogWorker: created new log segment /home/runner/work/ozone/ozone/hadoop-ozone/integration-test/target/test-dir/MiniOzoneClusterImpl-6c2de427-7485-43c3-b878-dcc0cf80ac7a/ozone-metadata/datanode-1/ratis/e6dd397e-dea0-4554-85a2-71444778a42c/current/log_inprogress_0
2025-09-28 08:46:16,228 [9962ec60-824d-4b5c-b72c-a80d9f5353d3@group-71444778A42C-StateMachineUpdater] INFO  server.RaftServer$Division (LeaderStateImpl.java:checkStartIndex(309)) - Leader 9962ec60-824d-4b5c-b72c-a80d9f5353d3@group-71444778A42C-LeaderStateImpl is ready since appliedIndex == startIndex == 0
2025-09-28 08:46:16,247 [9962ec60-824d-4b5c-b72c-a80d9f5353d3@group-C51117D219B2-FollowerState] INFO  impl.FollowerState (FollowerState.java:runImpl(161)) - 9962ec60-824d-4b5c-b72c-a80d9f5353d3@group-C51117D219B2-FollowerState: change to CANDIDATE, lastRpcElapsedTime:1120483610ns, electionTimeout:1120ms
2025-09-28 08:46:16,247 [9962ec60-824d-4b5c-b72c-a80d9f5353d3@group-C51117D219B2-FollowerState] INFO  impl.RoleInfo (RoleInfo.java:shutdownFollowerState(121)) - 9962ec60-824d-4b5c-b72c-a80d9f5353d3: shutdown 9962ec60-824d-4b5c-b72c-a80d9f5353d3@group-C51117D219B2-FollowerState
2025-09-28 08:46:16,247 [9962ec60-824d-4b5c-b72c-a80d9f5353d3@group-C51117D219B2-FollowerState] INFO  server.RaftServer$Division (RaftServerImpl.java:setRole(392)) - 9962ec60-824d-4b5c-b72c-a80d9f5353d3@group-C51117D219B2: changes role from  FOLLOWER to CANDIDATE at term 0 for changeToCandidate
2025-09-28 08:46:16,247 [9962ec60-824d-4b5c-b72c-a80d9f5353d3@group-C51117D219B2-FollowerState] INFO  impl.RoleInfo (RoleInfo.java:updateAndGet(148)) - 9962ec60-824d-4b5c-b72c-a80d9f5353d3: start 9962ec60-824d-4b5c-b72c-a80d9f5353d3@group-C51117D219B2-LeaderElection5
2025-09-28 08:46:16,247 [9962ec60-824d-4b5c-b72c-a80d9f5353d3@group-C51117D219B2-LeaderElection5] INFO  impl.LeaderElection (LeaderElection.java:askForVotes(448)) - 9962ec60-824d-4b5c-b72c-a80d9f5353d3@group-C51117D219B2-LeaderElection5 PRE_VOTE round 0: submit vote requests at term 0 for conf: {index: -1, cur=peers:[b8386e11-96d4-4625-b991-c054db98adbd|127.0.0.1:15023, 9962ec60-824d-4b5c-b72c-a80d9f5353d3|127.0.0.1:15015, bb53dc84-9509-46ab-9745-0f1d93457633|127.0.0.1:15031]|listeners:[], old=null}
2025-09-28 08:46:16,250 [9962ec60-824d-4b5c-b72c-a80d9f5353d3@group-C51117D219B2-LeaderElection5-1] INFO  server.GrpcServerProtocolClient (GrpcServerProtocolClient.java:<init>(65)) - Build channel for b8386e11-96d4-4625-b991-c054db98adbd|127.0.0.1:15023
2025-09-28 08:46:16,250 [9962ec60-824d-4b5c-b72c-a80d9f5353d3@group-C51117D219B2-LeaderElection5-2] INFO  server.GrpcServerProtocolClient (GrpcServerProtocolClient.java:<init>(65)) - Build channel for bb53dc84-9509-46ab-9745-0f1d93457633|127.0.0.1:15031
2025-09-28 08:46:16,258 [grpc-default-executor-1] INFO  server.RaftServer$Division (RaftServerImpl.java:requestVote(1421)) - b8386e11-96d4-4625-b991-c054db98adbd@group-C51117D219B2: receive requestVote(PRE_VOTE, 9962ec60-824d-4b5c-b72c-a80d9f5353d3, group-C51117D219B2, 0, <PROTO_DEFAULT>)
2025-09-28 08:46:16,258 [grpc-default-executor-0] INFO  server.RaftServer$Division (RaftServerImpl.java:requestVote(1421)) - bb53dc84-9509-46ab-9745-0f1d93457633@group-C51117D219B2: receive requestVote(PRE_VOTE, 9962ec60-824d-4b5c-b72c-a80d9f5353d3, group-C51117D219B2, 0, <PROTO_DEFAULT>)
2025-09-28 08:46:16,259 [grpc-default-executor-1] INFO  impl.VoteContext (VoteContext.java:log(49)) - b8386e11-96d4-4625-b991-c054db98adbd@group-C51117D219B2-FOLLOWER: accept PRE_VOTE from 9962ec60-824d-4b5c-b72c-a80d9f5353d3: our priority 0 <= candidate's priority 1
2025-09-28 08:46:16,259 [grpc-default-executor-0] INFO  impl.VoteContext (VoteContext.java:log(49)) - bb53dc84-9509-46ab-9745-0f1d93457633@group-C51117D219B2-FOLLOWER: accept PRE_VOTE from 9962ec60-824d-4b5c-b72c-a80d9f5353d3: our priority 0 <= candidate's priority 1
2025-09-28 08:46:16,262 [grpc-default-executor-0] INFO  server.RaftServer$Division (RaftServerImpl.java:requestVote(1455)) - bb53dc84-9509-46ab-9745-0f1d93457633@group-C51117D219B2 replies to PRE_VOTE vote request: 9962ec60-824d-4b5c-b72c-a80d9f5353d3<-bb53dc84-9509-46ab-9745-0f1d93457633#0:OK-t0-last:<INITIAL_VALUE>. Peer's state: bb53dc84-9509-46ab-9745-0f1d93457633@group-C51117D219B2:t0, leader=null, voted=, raftlog=Memoized:bb53dc84-9509-46ab-9745-0f1d93457633@group-C51117D219B2-SegmentedRaftLog:OPENED:c-1:lastnull, conf=conf: {index: -1, cur=peers:[b8386e11-96d4-4625-b991-c054db98adbd|127.0.0.1:15023, 9962ec60-824d-4b5c-b72c-a80d9f5353d3|127.0.0.1:15015, bb53dc84-9509-46ab-9745-0f1d93457633|127.0.0.1:15031]|listeners:[], old=null}
2025-09-28 08:46:16,262 [grpc-default-executor-1] INFO  server.RaftServer$Division (RaftServerImpl.java:requestVote(1455)) - b8386e11-96d4-4625-b991-c054db98adbd@group-C51117D219B2 replies to PRE_VOTE vote request: 9962ec60-824d-4b5c-b72c-a80d9f5353d3<-b8386e11-96d4-4625-b991-c054db98adbd#0:OK-t0-last:<INITIAL_VALUE>. Peer's state: b8386e11-96d4-4625-b991-c054db98adbd@group-C51117D219B2:t0, leader=null, voted=, raftlog=Memoized:b8386e11-96d4-4625-b991-c054db98adbd@group-C51117D219B2-SegmentedRaftLog:OPENED:c-1:lastnull, conf=conf: {index: -1, cur=peers:[b8386e11-96d4-4625-b991-c054db98adbd|127.0.0.1:15023, 9962ec60-824d-4b5c-b72c-a80d9f5353d3|127.0.0.1:15015, bb53dc84-9509-46ab-9745-0f1d93457633|127.0.0.1:15031]|listeners:[], old=null}
2025-09-28 08:46:16,264 [9962ec60-824d-4b5c-b72c-a80d9f5353d3@group-C51117D219B2-LeaderElection5] INFO  impl.LeaderElection (LeaderElection.java:logAndReturn(206)) - 9962ec60-824d-4b5c-b72c-a80d9f5353d3@group-C51117D219B2-LeaderElection5: PRE_VOTE PASSED received 1 response(s) and 0 exception(s):
2025-09-28 08:46:16,264 [9962ec60-824d-4b5c-b72c-a80d9f5353d3@group-C51117D219B2-LeaderElection5] INFO  impl.LeaderElection (LeaderElection.java:logAndReturn(210)) -   Response 0: 9962ec60-824d-4b5c-b72c-a80d9f5353d3<-b8386e11-96d4-4625-b991-c054db98adbd#0:OK-t0-last:<INITIAL_VALUE>
2025-09-28 08:46:16,264 [9962ec60-824d-4b5c-b72c-a80d9f5353d3@group-C51117D219B2-LeaderElection5] INFO  impl.LeaderElection (LeaderElection.java:askForVotes(450)) - 9962ec60-824d-4b5c-b72c-a80d9f5353d3@group-C51117D219B2-LeaderElection5 PRE_VOTE round 0: result PASSED
2025-09-28 08:46:16,265 [9962ec60-824d-4b5c-b72c-a80d9f5353d3@group-C51117D219B2-LeaderElection5] INFO  impl.LeaderElection (LeaderElection.java:askForVotes(448)) - 9962ec60-824d-4b5c-b72c-a80d9f5353d3@group-C51117D219B2-LeaderElection5 ELECTION round 0: submit vote requests at term 1 for conf: {index: -1, cur=peers:[b8386e11-96d4-4625-b991-c054db98adbd|127.0.0.1:15023, 9962ec60-824d-4b5c-b72c-a80d9f5353d3|127.0.0.1:15015, bb53dc84-9509-46ab-9745-0f1d93457633|127.0.0.1:15031]|listeners:[], old=null}
2025-09-28 08:46:16,268 [grpc-default-executor-1] INFO  server.RaftServer$Division (RaftServerImpl.java:requestVote(1421)) - bb53dc84-9509-46ab-9745-0f1d93457633@group-C51117D219B2: receive requestVote(ELECTION, 9962ec60-824d-4b5c-b72c-a80d9f5353d3, group-C51117D219B2, 1, <PROTO_DEFAULT>)
2025-09-28 08:46:16,268 [grpc-default-executor-1] INFO  impl.VoteContext (VoteContext.java:log(49)) - bb53dc84-9509-46ab-9745-0f1d93457633@group-C51117D219B2-FOLLOWER: accept ELECTION from 9962ec60-824d-4b5c-b72c-a80d9f5353d3: our priority 0 <= candidate's priority 1
2025-09-28 08:46:16,268 [grpc-default-executor-1] INFO  server.RaftServer$Division (RaftServerImpl.java:setRole(392)) - bb53dc84-9509-46ab-9745-0f1d93457633@group-C51117D219B2: changes role from  FOLLOWER to FOLLOWER at term 0 for candidate:9962ec60-824d-4b5c-b72c-a80d9f5353d3
2025-09-28 08:46:16,269 [grpc-default-executor-1] INFO  impl.RoleInfo (RoleInfo.java:shutdownFollowerState(121)) - bb53dc84-9509-46ab-9745-0f1d93457633: shutdown bb53dc84-9509-46ab-9745-0f1d93457633@group-C51117D219B2-FollowerState
2025-09-28 08:46:16,269 [bb53dc84-9509-46ab-9745-0f1d93457633@group-C51117D219B2-FollowerState] INFO  impl.FollowerState (FollowerState.java:runImpl(170)) - bb53dc84-9509-46ab-9745-0f1d93457633@group-C51117D219B2-FollowerState was interrupted
2025-09-28 08:46:16,269 [grpc-default-executor-0] INFO  server.RaftServer$Division (RaftServerImpl.java:requestVote(1421)) - b8386e11-96d4-4625-b991-c054db98adbd@group-C51117D219B2: receive requestVote(ELECTION, 9962ec60-824d-4b5c-b72c-a80d9f5353d3, group-C51117D219B2, 1, <PROTO_DEFAULT>)
2025-09-28 08:46:16,269 [grpc-default-executor-0] INFO  impl.VoteContext (VoteContext.java:log(49)) - b8386e11-96d4-4625-b991-c054db98adbd@group-C51117D219B2-FOLLOWER: accept ELECTION from 9962ec60-824d-4b5c-b72c-a80d9f5353d3: our priority 0 <= candidate's priority 1
2025-09-28 08:46:16,269 [grpc-default-executor-0] INFO  server.RaftServer$Division (RaftServerImpl.java:setRole(392)) - b8386e11-96d4-4625-b991-c054db98adbd@group-C51117D219B2: changes role from  FOLLOWER to FOLLOWER at term 0 for candidate:9962ec60-824d-4b5c-b72c-a80d9f5353d3
2025-09-28 08:46:16,269 [grpc-default-executor-0] INFO  impl.RoleInfo (RoleInfo.java:shutdownFollowerState(121)) - b8386e11-96d4-4625-b991-c054db98adbd: shutdown b8386e11-96d4-4625-b991-c054db98adbd@group-C51117D219B2-FollowerState
2025-09-28 08:46:16,269 [b8386e11-96d4-4625-b991-c054db98adbd@group-C51117D219B2-FollowerState] INFO  impl.FollowerState (FollowerState.java:runImpl(170)) - b8386e11-96d4-4625-b991-c054db98adbd@group-C51117D219B2-FollowerState was interrupted
2025-09-28 08:46:16,269 [grpc-default-executor-0] INFO  impl.RoleInfo (RoleInfo.java:updateAndGet(148)) - b8386e11-96d4-4625-b991-c054db98adbd: start b8386e11-96d4-4625-b991-c054db98adbd@group-C51117D219B2-FollowerState
2025-09-28 08:46:16,270 [grpc-default-executor-0] INFO  server.RaftServer$Division (RaftServerImpl.java:setFirstElection(576)) - b8386e11-96d4-4625-b991-c054db98adbd@group-C51117D219B2: set firstElectionSinceStartup to false for candidate:9962ec60-824d-4b5c-b72c-a80d9f5353d3
2025-09-28 08:46:16,270 [grpc-default-executor-1] INFO  impl.RoleInfo (RoleInfo.java:updateAndGet(148)) - bb53dc84-9509-46ab-9745-0f1d93457633: start bb53dc84-9509-46ab-9745-0f1d93457633@group-C51117D219B2-FollowerState
2025-09-28 08:46:16,270 [grpc-default-executor-1] INFO  server.RaftServer$Division (RaftServerImpl.java:setFirstElection(576)) - bb53dc84-9509-46ab-9745-0f1d93457633@group-C51117D219B2: set firstElectionSinceStartup to false for candidate:9962ec60-824d-4b5c-b72c-a80d9f5353d3
2025-09-28 08:46:16,272 [grpc-default-executor-0] INFO  server.RaftServer$Division (RaftServerImpl.java:requestVote(1455)) - b8386e11-96d4-4625-b991-c054db98adbd@group-C51117D219B2 replies to ELECTION vote request: 9962ec60-824d-4b5c-b72c-a80d9f5353d3<-b8386e11-96d4-4625-b991-c054db98adbd#0:OK-t1-last:<INITIAL_VALUE>. Peer's state: b8386e11-96d4-4625-b991-c054db98adbd@group-C51117D219B2:t1, leader=null, voted=9962ec60-824d-4b5c-b72c-a80d9f5353d3, raftlog=Memoized:b8386e11-96d4-4625-b991-c054db98adbd@group-C51117D219B2-SegmentedRaftLog:OPENED:c-1:lastnull, conf=conf: {index: -1, cur=peers:[b8386e11-96d4-4625-b991-c054db98adbd|127.0.0.1:15023, 9962ec60-824d-4b5c-b72c-a80d9f5353d3|127.0.0.1:15015, bb53dc84-9509-46ab-9745-0f1d93457633|127.0.0.1:15031]|listeners:[], old=null}
2025-09-28 08:46:16,272 [grpc-default-executor-1] INFO  server.RaftServer$Division (RaftServerImpl.java:requestVote(1455)) - bb53dc84-9509-46ab-9745-0f1d93457633@group-C51117D219B2 replies to ELECTION vote request: 9962ec60-824d-4b5c-b72c-a80d9f5353d3<-bb53dc84-9509-46ab-9745-0f1d93457633#0:OK-t1-last:<INITIAL_VALUE>. Peer's state: bb53dc84-9509-46ab-9745-0f1d93457633@group-C51117D219B2:t1, leader=null, voted=9962ec60-824d-4b5c-b72c-a80d9f5353d3, raftlog=Memoized:bb53dc84-9509-46ab-9745-0f1d93457633@group-C51117D219B2-SegmentedRaftLog:OPENED:c-1:lastnull, conf=conf: {index: -1, cur=peers:[b8386e11-96d4-4625-b991-c054db98adbd|127.0.0.1:15023, 9962ec60-824d-4b5c-b72c-a80d9f5353d3|127.0.0.1:15015, bb53dc84-9509-46ab-9745-0f1d93457633|127.0.0.1:15031]|listeners:[], old=null}
2025-09-28 08:46:16,274 [9962ec60-824d-4b5c-b72c-a80d9f5353d3@group-C51117D219B2-LeaderElection5] INFO  impl.LeaderElection (LeaderElection.java:logAndReturn(206)) - 9962ec60-824d-4b5c-b72c-a80d9f5353d3@group-C51117D219B2-LeaderElection5: ELECTION PASSED received 1 response(s) and 0 exception(s):
2025-09-28 08:46:16,274 [9962ec60-824d-4b5c-b72c-a80d9f5353d3@group-C51117D219B2-LeaderElection5] INFO  impl.LeaderElection (LeaderElection.java:logAndReturn(210)) -   Response 0: 9962ec60-824d-4b5c-b72c-a80d9f5353d3<-b8386e11-96d4-4625-b991-c054db98adbd#0:OK-t1-last:<INITIAL_VALUE>
2025-09-28 08:46:16,274 [9962ec60-824d-4b5c-b72c-a80d9f5353d3@group-C51117D219B2-LeaderElection5] INFO  impl.LeaderElection (LeaderElection.java:askForVotes(450)) - 9962ec60-824d-4b5c-b72c-a80d9f5353d3@group-C51117D219B2-LeaderElection5 ELECTION round 0: result PASSED
2025-09-28 08:46:16,274 [9962ec60-824d-4b5c-b72c-a80d9f5353d3@group-C51117D219B2-LeaderElection5] INFO  impl.RoleInfo (RoleInfo.java:shutdownLeaderElection(141)) - 9962ec60-824d-4b5c-b72c-a80d9f5353d3: shutdown 9962ec60-824d-4b5c-b72c-a80d9f5353d3@group-C51117D219B2-LeaderElection5
2025-09-28 08:46:16,274 [9962ec60-824d-4b5c-b72c-a80d9f5353d3@group-C51117D219B2-LeaderElection5] INFO  server.RaftServer$Division (RaftServerImpl.java:setRole(392)) - 9962ec60-824d-4b5c-b72c-a80d9f5353d3@group-C51117D219B2: changes role from CANDIDATE to LEADER at term 1 for changeToLeader
2025-09-28 08:46:16,274 [9962ec60-824d-4b5c-b72c-a80d9f5353d3@group-C51117D219B2-LeaderElection5] INFO  server.RaftServerConfigKeys (ConfUtils.java:logFallback(69)) - raft.server.staging.timeout = 15600ms (fallback to raft.server.rpc.timeout.max)
2025-09-28 08:46:16,275 [9962ec60-824d-4b5c-b72c-a80d9f5353d3@group-C51117D219B2-LeaderElection5] INFO  server.RaftServerConfigKeys (ConfUtils.java:logGet(62)) - raft.server.write.byte-limit = 1024 M (=1073741824) (custom)
2025-09-28 08:46:16,281 [9962ec60-824d-4b5c-b72c-a80d9f5353d3@group-C51117D219B2-LeaderElection5] INFO  server.RaftServerConfigKeys (ConfUtils.java:logGet(62)) - raft.server.log.appender.snapshot.chunk.size.max = 16MB (=16777216) (default)
2025-09-28 08:46:16,281 [9962ec60-824d-4b5c-b72c-a80d9f5353d3@group-C51117D219B2-LeaderElection5] INFO  server.RaftServerConfigKeys (ConfUtils.java:logGet(62)) - raft.server.log.appender.buffer.byte-limit = 33554432 (custom)
2025-09-28 08:46:16,281 [9962ec60-824d-4b5c-b72c-a80d9f5353d3@group-C51117D219B2-LeaderElection5] INFO  server.RaftServerConfigKeys (ConfUtils.java:logGet(62)) - raft.server.log.appender.buffer.element-limit = 1024 (custom)
2025-09-28 08:46:16,282 [9962ec60-824d-4b5c-b72c-a80d9f5353d3@group-C51117D219B2-LeaderElection5] INFO  server.RaftServerConfigKeys (ConfUtils.java:logGet(62)) - raft.server.log.appender.wait-time.min = 0μs (custom)
2025-09-28 08:46:16,283 [9962ec60-824d-4b5c-b72c-a80d9f5353d3@group-C51117D219B2-LeaderElection5] INFO  grpc.GrpcConfigKeys (ConfUtils.java:logGet(62)) - raft.grpc.server.leader.outstanding.appends.max = 8 (default)
2025-09-28 08:46:16,284 [9962ec60-824d-4b5c-b72c-a80d9f5353d3@group-C51117D219B2-LeaderElection5] INFO  grpc.GrpcConfigKeys (ConfUtils.java:logGet(62)) - raft.grpc.server.install_snapshot.request.element-limit = 8 (default)
2025-09-28 08:46:16,284 [9962ec60-824d-4b5c-b72c-a80d9f5353d3@group-C51117D219B2-LeaderElection5] INFO  grpc.GrpcConfigKeys (ConfUtils.java:logGet(62)) - raft.grpc.server.install_snapshot.request.timeout = 3000ms (default)
2025-09-28 08:46:16,284 [9962ec60-824d-4b5c-b72c-a80d9f5353d3@group-C51117D219B2-LeaderElection5] INFO  grpc.GrpcConfigKeys (ConfUtils.java:logGet(62)) - raft.grpc.server.log-message.batch.duration = 5s (default)
2025-09-28 08:46:16,286 [9962ec60-824d-4b5c-b72c-a80d9f5353d3@group-C51117D219B2-LeaderElection5] INFO  server.RaftServerConfigKeys (ConfUtils.java:logGet(62)) - raft.server.log.appender.buffer.byte-limit = 33554432 (custom)
2025-09-28 08:46:16,287 [9962ec60-824d-4b5c-b72c-a80d9f5353d3@group-C51117D219B2-LeaderElection5] INFO  impl.RoleInfo (RoleInfo.java:updateAndGet(148)) - 9962ec60-824d-4b5c-b72c-a80d9f5353d3: start 9962ec60-824d-4b5c-b72c-a80d9f5353d3@group-C51117D219B2-LeaderStateImpl
2025-09-28 08:46:16,287 [9962ec60-824d-4b5c-b72c-a80d9f5353d3@group-C51117D219B2-LeaderElection5] INFO  server.RaftServer$Division (RaftServerImpl.java:setFirstElection(576)) - 9962ec60-824d-4b5c-b72c-a80d9f5353d3@group-C51117D219B2: set firstElectionSinceStartup to false for becomeLeader
2025-09-28 08:46:16,287 [9962ec60-824d-4b5c-b72c-a80d9f5353d3@group-C51117D219B2-LeaderElection5] INFO  ratis.XceiverServerRatis (XceiverServerRatis.java:handleLeaderChangedNotification(940)) - Leader change notification received for group: group-C51117D219B2 with new leaderId: 9962ec60-824d-4b5c-b72c-a80d9f5353d3
2025-09-28 08:46:16,287 [9962ec60-824d-4b5c-b72c-a80d9f5353d3@group-C51117D219B2-LeaderElection5] INFO  server.RaftServer$Division (ServerState.java:setLeader(272)) - 9962ec60-824d-4b5c-b72c-a80d9f5353d3@group-C51117D219B2: change Leader from null to 9962ec60-824d-4b5c-b72c-a80d9f5353d3 at term 1 for becomeLeader, leader elected after 1180ms
2025-09-28 08:46:16,287 [9962ec60-824d-4b5c-b72c-a80d9f5353d3@group-C51117D219B2-LeaderElection5] INFO  segmented.SegmentedRaftLogWorker (SegmentedRaftLogWorker.java:startLogSegment(440)) - 9962ec60-824d-4b5c-b72c-a80d9f5353d3@group-C51117D219B2-SegmentedRaftLogWorker: Starting segment from index:0
2025-09-28 08:46:16,288 [9962ec60-824d-4b5c-b72c-a80d9f5353d3@group-C51117D219B2-LeaderElection5] INFO  server.RaftServer$Division (ServerState.java:setRaftConf(386)) - 9962ec60-824d-4b5c-b72c-a80d9f5353d3@group-C51117D219B2: set configuration conf: {index: 0, cur=peers:[b8386e11-96d4-4625-b991-c054db98adbd|127.0.0.1:15023, 9962ec60-824d-4b5c-b72c-a80d9f5353d3|127.0.0.1:15015, bb53dc84-9509-46ab-9745-0f1d93457633|127.0.0.1:15031]|listeners:[], old=null}
2025-09-28 08:46:16,288 [9962ec60-824d-4b5c-b72c-a80d9f5353d3@group-C51117D219B2-SegmentedRaftLogWorker] INFO  segmented.BufferedWriteChannel (BufferedWriteChannel.java:open(61)) - open log_inprogress_0 at position 0
2025-09-28 08:46:16,292 [EventQueue-PipelineReportForOneReplicaPipelineSafeModeRule] INFO  safemode.SCMSafeModeManager (SCMSafeModeManager.java:validateSafeModeExitRules(138)) - AtleastOneDatanodeReportedRule rule is successfully validated
2025-09-28 08:46:16,294 [9962ec60-824d-4b5c-b72c-a80d9f5353d3@group-C51117D219B2-SegmentedRaftLogWorker] INFO  segmented.SegmentedRaftLogWorker (SegmentedRaftLogWorker.java:execute(647)) - 9962ec60-824d-4b5c-b72c-a80d9f5353d3@group-C51117D219B2-SegmentedRaftLogWorker: created new log segment /home/runner/work/ozone/ozone/hadoop-ozone/integration-test/target/test-dir/MiniOzoneClusterImpl-6c2de427-7485-43c3-b878-dcc0cf80ac7a/ozone-metadata/datanode-1/ratis/53d4c00e-e1b0-426e-9c26-c51117d219b2/current/log_inprogress_0
2025-09-28 08:46:16,294 [c2d163a0-0ec6-4601-8a26-ab579a1805eb@group-DCC0CF80AC7A-StateMachineUpdater] INFO  safemode.SCMSafeModeManager (SCMSafeModeManager.java:validateSafeModeExitRules(138)) - DataNodeSafeModeRule rule is successfully validated
2025-09-28 08:46:16,294 [c2d163a0-0ec6-4601-8a26-ab579a1805eb@group-DCC0CF80AC7A-StateMachineUpdater] INFO  safemode.SCMSafeModeManager (SCMSafeModeManager.java:validateSafeModeExitRules(138)) - RatisContainerSafeModeRule rule is successfully validated
2025-09-28 08:46:16,294 [c2d163a0-0ec6-4601-8a26-ab579a1805eb@group-DCC0CF80AC7A-StateMachineUpdater] INFO  safemode.HealthyPipelineSafeModeRule (HealthyPipelineSafeModeRule.java:initializeRule(228)) - Refreshed total pipeline count is 1, healthy pipeline threshold count is 1
2025-09-28 08:46:16,295 [c2d163a0-0ec6-4601-8a26-ab579a1805eb@group-DCC0CF80AC7A-StateMachineUpdater] INFO  safemode.SCMSafeModeManager (SCMSafeModeManager.java:validateSafeModeExitRules(138)) - ECContainerSafeModeRule rule is successfully validated
2025-09-28 08:46:16,295 [c2d163a0-0ec6-4601-8a26-ab579a1805eb@group-DCC0CF80AC7A-StateMachineUpdater] INFO  safemode.SCMSafeModeManager (SCMSafeModeManager.java:validateSafeModeExitRules(138)) - AtleastOneDatanodeReportedRule rule is successfully validated
2025-09-28 08:46:16,295 [EventQueue-PipelineReportForPipelineReportHandler] INFO  pipeline.PipelineReportHandler (PipelineReportHandler.java:processPipelineReport(132)) - Opened pipeline Pipeline-53d4c00e-e1b0-426e-9c26-c51117d219b2
2025-09-28 08:46:16,295 [EventQueue-OpenPipelineForHealthyPipelineSafeModeRule] INFO  safemode.SCMSafeModeManager (HealthyPipelineSafeModeRule.java:process(196)) - SCM in safe mode. Healthy pipelines reported count is 1, required healthy pipeline reported count is 1
2025-09-28 08:46:16,295 [EventQueue-OpenPipelineForHealthyPipelineSafeModeRule] INFO  safemode.SCMSafeModeManager (SCMSafeModeManager.java:validateSafeModeExitRules(138)) - HealthyPipelineSafeModeRule rule is successfully validated
2025-09-28 08:46:16,295 [EventQueue-OpenPipelineForHealthyPipelineSafeModeRule] INFO  safemode.SCMSafeModeManager (SCMSafeModeManager.java:validateSafeModeExitRules(158)) - ScmSafeModeManager, all rules are successfully validated
2025-09-28 08:46:16,296 [EventQueue-OpenPipelineForHealthyPipelineSafeModeRule] INFO  safemode.SCMSafeModeManager (SCMSafeModeManager.java:validateSafeModeExitRules(159)) - SCM exiting safe mode.
2025-09-28 08:46:16,296 [EventQueue-OpenPipelineForHealthyPipelineSafeModeRule] INFO  ha.SCMContext (SCMContext.java:updateSafeModeStatus(224)) - Update SafeModeStatus from SafeModeStatus{safeModeStatus=true, preCheckPassed=true} to SafeModeStatus{safeModeStatus=false, preCheckPassed=true}.
2025-09-28 08:46:16,296 [EventQueue-OpenPipelineForHealthyPipelineSafeModeRule] INFO  BackgroundPipelineScrubber (BackgroundSCMService.java:notifyStatusChanged(78)) - Service BackgroundPipelineScrubber transitions to RUNNING.
2025-09-28 08:46:16,296 [EventQueue-OpenPipelineForHealthyPipelineSafeModeRule] INFO  ExpiredContainerReplicaOpScrubber (BackgroundSCMService.java:notifyStatusChanged(78)) - Service ExpiredContainerReplicaOpScrubber transitions to RUNNING.
2025-09-28 08:46:16,296 [EventQueue-OpenPipelineForHealthyPipelineSafeModeRule] INFO  block.SCMBlockDeletingService (SCMBlockDeletingService.java:notifyStatusChanged(265)) - notifyStatusChanged:RUNNING
2025-09-28 08:46:16,296 [EventQueue-OpenPipelineForHealthyPipelineSafeModeRule] INFO  replication.ReplicationManager (ReplicationManager.java:notifyStatusChanged(1389)) - Service ReplicationManager transitions to RUNNING.
2025-09-28 08:46:16,301 [EventQueue-OpenPipelineForHealthyPipelineSafeModeRule] WARN  balancer.ContainerBalancer (ContainerBalancer.java:shouldRun(136)) - Could not find persisted configuration for ContainerBalancer when checking if ContainerBalancer should run. ContainerBalancer should not run now.
2025-09-28 08:46:16,301 [EventQueue-OpenPipelineForHealthyPipelineSafeModeRule] INFO  SCMHATransactionMonitor (BackgroundSCMService.java:notifyStatusChanged(78)) - Service SCMHATransactionMonitor transitions to RUNNING.
2025-09-28 08:46:16,309 [grpc-default-executor-3] INFO  ratis.XceiverServerRatis (XceiverServerRatis.java:handleLeaderChangedNotification(940)) - Leader change notification received for group: group-C51117D219B2 with new leaderId: 9962ec60-824d-4b5c-b72c-a80d9f5353d3
2025-09-28 08:46:16,309 [grpc-default-executor-3] INFO  server.RaftServer$Division (ServerState.java:setLeader(272)) - bb53dc84-9509-46ab-9745-0f1d93457633@group-C51117D219B2: change Leader from null to 9962ec60-824d-4b5c-b72c-a80d9f5353d3 at term 1 for appendEntries, leader elected after 824ms
2025-09-28 08:46:16,312 [grpc-default-executor-5] INFO  ratis.XceiverServerRatis (XceiverServerRatis.java:handleLeaderChangedNotification(940)) - Leader change notification received for group: group-C51117D219B2 with new leaderId: 9962ec60-824d-4b5c-b72c-a80d9f5353d3
2025-09-28 08:46:16,312 [grpc-default-executor-5] INFO  server.RaftServer$Division (ServerState.java:setLeader(272)) - b8386e11-96d4-4625-b991-c054db98adbd@group-C51117D219B2: change Leader from null to 9962ec60-824d-4b5c-b72c-a80d9f5353d3 at term 1 for appendEntries, leader elected after 983ms
2025-09-28 08:46:16,320 [grpc-default-executor-4] INFO  server.RaftServer$Division (ServerState.java:setRaftConf(386)) - b8386e11-96d4-4625-b991-c054db98adbd@group-C51117D219B2: set configuration conf: {index: 0, cur=peers:[b8386e11-96d4-4625-b991-c054db98adbd|127.0.0.1:15023, 9962ec60-824d-4b5c-b72c-a80d9f5353d3|127.0.0.1:15015, bb53dc84-9509-46ab-9745-0f1d93457633|127.0.0.1:15031]|listeners:[], old=null}
2025-09-28 08:46:16,320 [grpc-default-executor-1] INFO  server.RaftServer$Division (ServerState.java:setRaftConf(386)) - bb53dc84-9509-46ab-9745-0f1d93457633@group-C51117D219B2: set configuration conf: {index: 0, cur=peers:[b8386e11-96d4-4625-b991-c054db98adbd|127.0.0.1:15023, 9962ec60-824d-4b5c-b72c-a80d9f5353d3|127.0.0.1:15015, bb53dc84-9509-46ab-9745-0f1d93457633|127.0.0.1:15031]|listeners:[], old=null}
2025-09-28 08:46:16,322 [grpc-default-executor-4] INFO  segmented.SegmentedRaftLogWorker (SegmentedRaftLogWorker.java:startLogSegment(440)) - b8386e11-96d4-4625-b991-c054db98adbd@group-C51117D219B2-SegmentedRaftLogWorker: Starting segment from index:0
2025-09-28 08:46:16,323 [b8386e11-96d4-4625-b991-c054db98adbd@group-C51117D219B2-SegmentedRaftLogWorker] INFO  segmented.BufferedWriteChannel (BufferedWriteChannel.java:open(61)) - open log_inprogress_0 at position 0
2025-09-28 08:46:16,324 [grpc-default-executor-1] INFO  segmented.SegmentedRaftLogWorker (SegmentedRaftLogWorker.java:startLogSegment(440)) - bb53dc84-9509-46ab-9745-0f1d93457633@group-C51117D219B2-SegmentedRaftLogWorker: Starting segment from index:0
2025-09-28 08:46:16,325 [bb53dc84-9509-46ab-9745-0f1d93457633@group-C51117D219B2-SegmentedRaftLogWorker] INFO  segmented.BufferedWriteChannel (BufferedWriteChannel.java:open(61)) - open log_inprogress_0 at position 0
2025-09-28 08:46:16,331 [b8386e11-96d4-4625-b991-c054db98adbd@group-C51117D219B2-SegmentedRaftLogWorker] INFO  segmented.SegmentedRaftLogWorker (SegmentedRaftLogWorker.java:execute(647)) - b8386e11-96d4-4625-b991-c054db98adbd@group-C51117D219B2-SegmentedRaftLogWorker: created new log segment /home/runner/work/ozone/ozone/hadoop-ozone/integration-test/target/test-dir/MiniOzoneClusterImpl-6c2de427-7485-43c3-b878-dcc0cf80ac7a/ozone-metadata/datanode-2/ratis/53d4c00e-e1b0-426e-9c26-c51117d219b2/current/log_inprogress_0
2025-09-28 08:46:16,331 [bb53dc84-9509-46ab-9745-0f1d93457633@group-C51117D219B2-SegmentedRaftLogWorker] INFO  segmented.SegmentedRaftLogWorker (SegmentedRaftLogWorker.java:execute(647)) - bb53dc84-9509-46ab-9745-0f1d93457633@group-C51117D219B2-SegmentedRaftLogWorker: created new log segment /home/runner/work/ozone/ozone/hadoop-ozone/integration-test/target/test-dir/MiniOzoneClusterImpl-6c2de427-7485-43c3-b878-dcc0cf80ac7a/ozone-metadata/datanode-3/ratis/53d4c00e-e1b0-426e-9c26-c51117d219b2/current/log_inprogress_0
2025-09-28 08:46:16,339 [9962ec60-824d-4b5c-b72c-a80d9f5353d3@group-C51117D219B2-StateMachineUpdater] INFO  server.RaftServer$Division (LeaderStateImpl.java:checkStartIndex(309)) - Leader 9962ec60-824d-4b5c-b72c-a80d9f5353d3@group-C51117D219B2-LeaderStateImpl is ready since appliedIndex == startIndex == 0
2025-09-28 08:46:16,457 [b8386e11-96d4-4625-b991-c054db98adbd@group-2A77E6FE4889-FollowerState] INFO  impl.FollowerState (FollowerState.java:runImpl(161)) - b8386e11-96d4-4625-b991-c054db98adbd@group-2A77E6FE4889-FollowerState: change to CANDIDATE, lastRpcElapsedTime:1133418549ns, electionTimeout:1133ms
2025-09-28 08:46:16,458 [b8386e11-96d4-4625-b991-c054db98adbd@group-2A77E6FE4889-FollowerState] INFO  impl.RoleInfo (RoleInfo.java:shutdownFollowerState(121)) - b8386e11-96d4-4625-b991-c054db98adbd: shutdown b8386e11-96d4-4625-b991-c054db98adbd@group-2A77E6FE4889-FollowerState
2025-09-28 08:46:16,458 [b8386e11-96d4-4625-b991-c054db98adbd@group-2A77E6FE4889-FollowerState] INFO  server.RaftServer$Division (RaftServerImpl.java:setRole(392)) - b8386e11-96d4-4625-b991-c054db98adbd@group-2A77E6FE4889: changes role from  FOLLOWER to CANDIDATE at term 0 for changeToCandidate
2025-09-28 08:46:16,458 [b8386e11-96d4-4625-b991-c054db98adbd@group-2A77E6FE4889-FollowerState] INFO  impl.RoleInfo (RoleInfo.java:updateAndGet(148)) - b8386e11-96d4-4625-b991-c054db98adbd: start b8386e11-96d4-4625-b991-c054db98adbd@group-2A77E6FE4889-LeaderElection6
2025-09-28 08:46:16,459 [b8386e11-96d4-4625-b991-c054db98adbd@group-2A77E6FE4889-LeaderElection6] INFO  impl.LeaderElection (LeaderElection.java:askForVotes(448)) - b8386e11-96d4-4625-b991-c054db98adbd@group-2A77E6FE4889-LeaderElection6 PRE_VOTE round 0: submit vote requests at term 0 for conf: {index: -1, cur=peers:[b8386e11-96d4-4625-b991-c054db98adbd|127.0.0.1:15023]|listeners:[], old=null}
2025-09-28 08:46:16,459 [b8386e11-96d4-4625-b991-c054db98adbd@group-2A77E6FE4889-LeaderElection6] INFO  impl.LeaderElection (LeaderElection.java:askForVotes(450)) - b8386e11-96d4-4625-b991-c054db98adbd@group-2A77E6FE4889-LeaderElection6 PRE_VOTE round 0: result PASSED (term=0)
2025-09-28 08:46:16,460 [b8386e11-96d4-4625-b991-c054db98adbd@group-2A77E6FE4889-LeaderElection6] INFO  impl.LeaderElection (LeaderElection.java:askForVotes(448)) - b8386e11-96d4-4625-b991-c054db98adbd@group-2A77E6FE4889-LeaderElection6 ELECTION round 0: submit vote requests at term 1 for conf: {index: -1, cur=peers:[b8386e11-96d4-4625-b991-c054db98adbd|127.0.0.1:15023]|listeners:[], old=null}
2025-09-28 08:46:16,460 [b8386e11-96d4-4625-b991-c054db98adbd@group-2A77E6FE4889-LeaderElection6] INFO  impl.LeaderElection (LeaderElection.java:askForVotes(450)) - b8386e11-96d4-4625-b991-c054db98adbd@group-2A77E6FE4889-LeaderElection6 ELECTION round 0: result PASSED (term=1)
2025-09-28 08:46:16,460 [b8386e11-96d4-4625-b991-c054db98adbd@group-2A77E6FE4889-LeaderElection6] INFO  impl.RoleInfo (RoleInfo.java:shutdownLeaderElection(141)) - b8386e11-96d4-4625-b991-c054db98adbd: shutdown b8386e11-96d4-4625-b991-c054db98adbd@group-2A77E6FE4889-LeaderElection6
2025-09-28 08:46:16,460 [b8386e11-96d4-4625-b991-c054db98adbd@group-2A77E6FE4889-LeaderElection6] INFO  server.RaftServer$Division (RaftServerImpl.java:setRole(392)) - b8386e11-96d4-4625-b991-c054db98adbd@group-2A77E6FE4889: changes role from CANDIDATE to LEADER at term 1 for changeToLeader
2025-09-28 08:46:16,461 [b8386e11-96d4-4625-b991-c054db98adbd@group-2A77E6FE4889-LeaderElection6] INFO  server.RaftServerConfigKeys (ConfUtils.java:logFallback(69)) - raft.server.staging.timeout = 15600ms (fallback to raft.server.rpc.timeout.max)
2025-09-28 08:46:16,461 [b8386e11-96d4-4625-b991-c054db98adbd@group-2A77E6FE4889-LeaderElection6] INFO  server.RaftServerConfigKeys (ConfUtils.java:logGet(62)) - raft.server.write.byte-limit = 1024 M (=1073741824) (custom)
2025-09-28 08:46:16,462 [b8386e11-96d4-4625-b991-c054db98adbd@group-2A77E6FE4889-LeaderElection6] INFO  impl.RoleInfo (RoleInfo.java:updateAndGet(148)) - b8386e11-96d4-4625-b991-c054db98adbd: start b8386e11-96d4-4625-b991-c054db98adbd@group-2A77E6FE4889-LeaderStateImpl
2025-09-28 08:46:16,462 [b8386e11-96d4-4625-b991-c054db98adbd@group-2A77E6FE4889-LeaderElection6] INFO  server.RaftServer$Division (RaftServerImpl.java:setFirstElection(576)) - b8386e11-96d4-4625-b991-c054db98adbd@group-2A77E6FE4889: set firstElectionSinceStartup to false for becomeLeader
2025-09-28 08:46:16,462 [b8386e11-96d4-4625-b991-c054db98adbd@group-2A77E6FE4889-LeaderElection6] INFO  ratis.XceiverServerRatis (XceiverServerRatis.java:handleLeaderChangedNotification(940)) - Leader change notification received for group: group-2A77E6FE4889 with new leaderId: b8386e11-96d4-4625-b991-c054db98adbd
2025-09-28 08:46:16,462 [b8386e11-96d4-4625-b991-c054db98adbd@group-2A77E6FE4889-LeaderElection6] INFO  server.RaftServer$Division (ServerState.java:setLeader(272)) - b8386e11-96d4-4625-b991-c054db98adbd@group-2A77E6FE4889: change Leader from null to b8386e11-96d4-4625-b991-c054db98adbd at term 1 for becomeLeader, leader elected after 1161ms
2025-09-28 08:46:16,463 [b8386e11-96d4-4625-b991-c054db98adbd@group-2A77E6FE4889-LeaderElection6] INFO  segmented.SegmentedRaftLogWorker (SegmentedRaftLogWorker.java:startLogSegment(440)) - b8386e11-96d4-4625-b991-c054db98adbd@group-2A77E6FE4889-SegmentedRaftLogWorker: Starting segment from index:0
2025-09-28 08:46:16,463 [b8386e11-96d4-4625-b991-c054db98adbd@group-2A77E6FE4889-LeaderElection6] INFO  server.RaftServer$Division (ServerState.java:setRaftConf(386)) - b8386e11-96d4-4625-b991-c054db98adbd@group-2A77E6FE4889: set configuration conf: {index: 0, cur=peers:[b8386e11-96d4-4625-b991-c054db98adbd|127.0.0.1:15023]|listeners:[], old=null}
2025-09-28 08:46:16,464 [b8386e11-96d4-4625-b991-c054db98adbd@group-2A77E6FE4889-SegmentedRaftLogWorker] INFO  segmented.BufferedWriteChannel (BufferedWriteChannel.java:open(61)) - open log_inprogress_0 at position 0
2025-09-28 08:46:16,469 [b8386e11-96d4-4625-b991-c054db98adbd@group-2A77E6FE4889-SegmentedRaftLogWorker] INFO  segmented.SegmentedRaftLogWorker (SegmentedRaftLogWorker.java:execute(647)) - b8386e11-96d4-4625-b991-c054db98adbd@group-2A77E6FE4889-SegmentedRaftLogWorker: created new log segment /home/runner/work/ozone/ozone/hadoop-ozone/integration-test/target/test-dir/MiniOzoneClusterImpl-6c2de427-7485-43c3-b878-dcc0cf80ac7a/ozone-metadata/datanode-2/ratis/ef0f5bb4-1fba-4131-8533-2a77e6fe4889/current/log_inprogress_0
2025-09-28 08:46:16,471 [b8386e11-96d4-4625-b991-c054db98adbd@group-2A77E6FE4889-StateMachineUpdater] INFO  server.RaftServer$Division (LeaderStateImpl.java:checkStartIndex(309)) - Leader b8386e11-96d4-4625-b991-c054db98adbd@group-2A77E6FE4889-LeaderStateImpl is ready since appliedIndex == startIndex == 0
2025-09-28 08:46:16,583 [9962ec60-824d-4b5c-b72c-a80d9f5353d3@group-F8BBE9FFE6D0-FollowerState] INFO  impl.FollowerState (FollowerState.java:runImpl(161)) - 9962ec60-824d-4b5c-b72c-a80d9f5353d3@group-F8BBE9FFE6D0-FollowerState: change to CANDIDATE, lastRpcElapsedTime:1051587537ns, electionTimeout:1050ms
2025-09-28 08:46:16,583 [9962ec60-824d-4b5c-b72c-a80d9f5353d3@group-F8BBE9FFE6D0-FollowerState] INFO  impl.RoleInfo (RoleInfo.java:shutdownFollowerState(121)) - 9962ec60-824d-4b5c-b72c-a80d9f5353d3: shutdown 9962ec60-824d-4b5c-b72c-a80d9f5353d3@group-F8BBE9FFE6D0-FollowerState
2025-09-28 08:46:16,583 [9962ec60-824d-4b5c-b72c-a80d9f5353d3@group-F8BBE9FFE6D0-FollowerState] INFO  server.RaftServer$Division (RaftServerImpl.java:setRole(392)) - 9962ec60-824d-4b5c-b72c-a80d9f5353d3@group-F8BBE9FFE6D0: changes role from  FOLLOWER to CANDIDATE at term 0 for changeToCandidate
2025-09-28 08:46:16,583 [9962ec60-824d-4b5c-b72c-a80d9f5353d3@group-F8BBE9FFE6D0-FollowerState] INFO  impl.RoleInfo (RoleInfo.java:updateAndGet(148)) - 9962ec60-824d-4b5c-b72c-a80d9f5353d3: start 9962ec60-824d-4b5c-b72c-a80d9f5353d3@group-F8BBE9FFE6D0-LeaderElection7
2025-09-28 08:46:16,584 [9962ec60-824d-4b5c-b72c-a80d9f5353d3@group-F8BBE9FFE6D0-LeaderElection7] INFO  impl.LeaderElection (LeaderElection.java:askForVotes(448)) - 9962ec60-824d-4b5c-b72c-a80d9f5353d3@group-F8BBE9FFE6D0-LeaderElection7 PRE_VOTE round 0: submit vote requests at term 0 for conf: {index: -1, cur=peers:[b8386e11-96d4-4625-b991-c054db98adbd|127.0.0.1:15023, 9962ec60-824d-4b5c-b72c-a80d9f5353d3|127.0.0.1:15015, bb53dc84-9509-46ab-9745-0f1d93457633|127.0.0.1:15031]|listeners:[], old=null}
2025-09-28 08:46:16,587 [grpc-default-executor-1] INFO  server.RaftServer$Division (RaftServerImpl.java:requestVote(1421)) - b8386e11-96d4-4625-b991-c054db98adbd@group-F8BBE9FFE6D0: receive requestVote(PRE_VOTE, 9962ec60-824d-4b5c-b72c-a80d9f5353d3, group-F8BBE9FFE6D0, 0, <PROTO_DEFAULT>)
2025-09-28 08:46:16,587 [grpc-default-executor-1] INFO  impl.VoteContext (VoteContext.java:log(49)) - b8386e11-96d4-4625-b991-c054db98adbd@group-F8BBE9FFE6D0-FOLLOWER: reject PRE_VOTE from 9962ec60-824d-4b5c-b72c-a80d9f5353d3: our priority 1 > candidate's priority 0
2025-09-28 08:46:16,588 [grpc-default-executor-1] INFO  server.RaftServer$Division (RaftServerImpl.java:requestVote(1455)) - b8386e11-96d4-4625-b991-c054db98adbd@group-F8BBE9FFE6D0 replies to PRE_VOTE vote request: 9962ec60-824d-4b5c-b72c-a80d9f5353d3<-b8386e11-96d4-4625-b991-c054db98adbd#0:FAIL-t0-last:<INITIAL_VALUE>. Peer's state: b8386e11-96d4-4625-b991-c054db98adbd@group-F8BBE9FFE6D0:t0, leader=null, voted=, raftlog=Memoized:b8386e11-96d4-4625-b991-c054db98adbd@group-F8BBE9FFE6D0-SegmentedRaftLog:OPENED:c-1:lastnull, conf=conf: {index: -1, cur=peers:[b8386e11-96d4-4625-b991-c054db98adbd|127.0.0.1:15023, 9962ec60-824d-4b5c-b72c-a80d9f5353d3|127.0.0.1:15015, bb53dc84-9509-46ab-9745-0f1d93457633|127.0.0.1:15031]|listeners:[], old=null}
2025-09-28 08:46:16,588 [grpc-default-executor-4] INFO  server.RaftServer$Division (RaftServerImpl.java:requestVote(1421)) - bb53dc84-9509-46ab-9745-0f1d93457633@group-F8BBE9FFE6D0: receive requestVote(PRE_VOTE, 9962ec60-824d-4b5c-b72c-a80d9f5353d3, group-F8BBE9FFE6D0, 0, <PROTO_DEFAULT>)
2025-09-28 08:46:16,588 [grpc-default-executor-4] INFO  impl.VoteContext (VoteContext.java:log(49)) - bb53dc84-9509-46ab-9745-0f1d93457633@group-F8BBE9FFE6D0-FOLLOWER: accept PRE_VOTE from 9962ec60-824d-4b5c-b72c-a80d9f5353d3: our priority 0 <= candidate's priority 0
2025-09-28 08:46:16,588 [grpc-default-executor-4] INFO  server.RaftServer$Division (RaftServerImpl.java:requestVote(1455)) - bb53dc84-9509-46ab-9745-0f1d93457633@group-F8BBE9FFE6D0 replies to PRE_VOTE vote request: 9962ec60-824d-4b5c-b72c-a80d9f5353d3<-bb53dc84-9509-46ab-9745-0f1d93457633#0:OK-t0-last:<INITIAL_VALUE>. Peer's state: bb53dc84-9509-46ab-9745-0f1d93457633@group-F8BBE9FFE6D0:t0, leader=null, voted=, raftlog=Memoized:bb53dc84-9509-46ab-9745-0f1d93457633@group-F8BBE9FFE6D0-SegmentedRaftLog:OPENED:c-1:lastnull, conf=conf: {index: -1, cur=peers:[b8386e11-96d4-4625-b991-c054db98adbd|127.0.0.1:15023, 9962ec60-824d-4b5c-b72c-a80d9f5353d3|127.0.0.1:15015, bb53dc84-9509-46ab-9745-0f1d93457633|127.0.0.1:15031]|listeners:[], old=null}
2025-09-28 08:46:16,589 [9962ec60-824d-4b5c-b72c-a80d9f5353d3@group-F8BBE9FFE6D0-LeaderElection7] INFO  impl.LeaderElection (LeaderElection.java:logAndReturn(206)) - 9962ec60-824d-4b5c-b72c-a80d9f5353d3@group-F8BBE9FFE6D0-LeaderElection7: PRE_VOTE REJECTED received 1 response(s) and 0 exception(s):
2025-09-28 08:46:16,589 [9962ec60-824d-4b5c-b72c-a80d9f5353d3@group-F8BBE9FFE6D0-LeaderElection7] INFO  impl.LeaderElection (LeaderElection.java:logAndReturn(210)) -   Response 0: 9962ec60-824d-4b5c-b72c-a80d9f5353d3<-b8386e11-96d4-4625-b991-c054db98adbd#0:FAIL-t0-last:<INITIAL_VALUE>
2025-09-28 08:46:16,589 [9962ec60-824d-4b5c-b72c-a80d9f5353d3@group-F8BBE9FFE6D0-LeaderElection7] INFO  impl.LeaderElection (LeaderElection.java:askForVotes(450)) - 9962ec60-824d-4b5c-b72c-a80d9f5353d3@group-F8BBE9FFE6D0-LeaderElection7 PRE_VOTE round 0: result REJECTED
2025-09-28 08:46:16,589 [9962ec60-824d-4b5c-b72c-a80d9f5353d3@group-F8BBE9FFE6D0-LeaderElection7] INFO  server.RaftServer$Division (RaftServerImpl.java:setRole(392)) - 9962ec60-824d-4b5c-b72c-a80d9f5353d3@group-F8BBE9FFE6D0: changes role from CANDIDATE to FOLLOWER at term 0 for REJECTED
2025-09-28 08:46:16,589 [9962ec60-824d-4b5c-b72c-a80d9f5353d3@group-F8BBE9FFE6D0-LeaderElection7] INFO  impl.RoleInfo (RoleInfo.java:shutdownLeaderElection(141)) - 9962ec60-824d-4b5c-b72c-a80d9f5353d3: shutdown 9962ec60-824d-4b5c-b72c-a80d9f5353d3@group-F8BBE9FFE6D0-LeaderElection7
2025-09-28 08:46:16,589 [9962ec60-824d-4b5c-b72c-a80d9f5353d3@group-F8BBE9FFE6D0-LeaderElection7] INFO  impl.RoleInfo (RoleInfo.java:updateAndGet(148)) - 9962ec60-824d-4b5c-b72c-a80d9f5353d3: start 9962ec60-824d-4b5c-b72c-a80d9f5353d3@group-F8BBE9FFE6D0-FollowerState
2025-09-28 08:46:16,590 [9962ec60-824d-4b5c-b72c-a80d9f5353d3@group-F8BBE9FFE6D0-LeaderElection7] INFO  server.RaftServer$Division (RaftServerImpl.java:setFirstElection(576)) - 9962ec60-824d-4b5c-b72c-a80d9f5353d3@group-F8BBE9FFE6D0: set firstElectionSinceStartup to false for REJECTED
2025-09-28 08:46:16,737 [bb53dc84-9509-46ab-9745-0f1d93457633@group-4C3414B1E6EC-FollowerState] INFO  impl.FollowerState (FollowerState.java:runImpl(161)) - bb53dc84-9509-46ab-9745-0f1d93457633@group-4C3414B1E6EC-FollowerState: change to CANDIDATE, lastRpcElapsedTime:1148195462ns, electionTimeout:1147ms
2025-09-28 08:46:16,737 [bb53dc84-9509-46ab-9745-0f1d93457633@group-4C3414B1E6EC-FollowerState] INFO  impl.RoleInfo (RoleInfo.java:shutdownFollowerState(121)) - bb53dc84-9509-46ab-9745-0f1d93457633: shutdown bb53dc84-9509-46ab-9745-0f1d93457633@group-4C3414B1E6EC-FollowerState
2025-09-28 08:46:16,737 [bb53dc84-9509-46ab-9745-0f1d93457633@group-4C3414B1E6EC-FollowerState] INFO  server.RaftServer$Division (RaftServerImpl.java:setRole(392)) - bb53dc84-9509-46ab-9745-0f1d93457633@group-4C3414B1E6EC: changes role from  FOLLOWER to CANDIDATE at term 0 for changeToCandidate
2025-09-28 08:46:16,737 [bb53dc84-9509-46ab-9745-0f1d93457633@group-4C3414B1E6EC-FollowerState] INFO  impl.RoleInfo (RoleInfo.java:updateAndGet(148)) - bb53dc84-9509-46ab-9745-0f1d93457633: start bb53dc84-9509-46ab-9745-0f1d93457633@group-4C3414B1E6EC-LeaderElection8
2025-09-28 08:46:16,738 [bb53dc84-9509-46ab-9745-0f1d93457633@group-4C3414B1E6EC-LeaderElection8] INFO  impl.LeaderElection (LeaderElection.java:askForVotes(448)) - bb53dc84-9509-46ab-9745-0f1d93457633@group-4C3414B1E6EC-LeaderElection8 PRE_VOTE round 0: submit vote requests at term 0 for conf: {index: -1, cur=peers:[bb53dc84-9509-46ab-9745-0f1d93457633|127.0.0.1:15031]|listeners:[], old=null}
2025-09-28 08:46:16,738 [bb53dc84-9509-46ab-9745-0f1d93457633@group-4C3414B1E6EC-LeaderElection8] INFO  impl.LeaderElection (LeaderElection.java:askForVotes(450)) - bb53dc84-9509-46ab-9745-0f1d93457633@group-4C3414B1E6EC-LeaderElection8 PRE_VOTE round 0: result PASSED (term=0)
2025-09-28 08:46:16,739 [bb53dc84-9509-46ab-9745-0f1d93457633@group-4C3414B1E6EC-LeaderElection8] INFO  impl.LeaderElection (LeaderElection.java:askForVotes(448)) - bb53dc84-9509-46ab-9745-0f1d93457633@group-4C3414B1E6EC-LeaderElection8 ELECTION round 0: submit vote requests at term 1 for conf: {index: -1, cur=peers:[bb53dc84-9509-46ab-9745-0f1d93457633|127.0.0.1:15031]|listeners:[], old=null}
2025-09-28 08:46:16,739 [bb53dc84-9509-46ab-9745-0f1d93457633@group-4C3414B1E6EC-LeaderElection8] INFO  impl.LeaderElection (LeaderElection.java:askForVotes(450)) - bb53dc84-9509-46ab-9745-0f1d93457633@group-4C3414B1E6EC-LeaderElection8 ELECTION round 0: result PASSED (term=1)
2025-09-28 08:46:16,739 [bb53dc84-9509-46ab-9745-0f1d93457633@group-4C3414B1E6EC-LeaderElection8] INFO  impl.RoleInfo (RoleInfo.java:shutdownLeaderElection(141)) - bb53dc84-9509-46ab-9745-0f1d93457633: shutdown bb53dc84-9509-46ab-9745-0f1d93457633@group-4C3414B1E6EC-LeaderElection8
2025-09-28 08:46:16,739 [bb53dc84-9509-46ab-9745-0f1d93457633@group-4C3414B1E6EC-LeaderElection8] INFO  server.RaftServer$Division (RaftServerImpl.java:setRole(392)) - bb53dc84-9509-46ab-9745-0f1d93457633@group-4C3414B1E6EC: changes role from CANDIDATE to LEADER at term 1 for changeToLeader
2025-09-28 08:46:16,739 [bb53dc84-9509-46ab-9745-0f1d93457633@group-4C3414B1E6EC-LeaderElection8] INFO  server.RaftServerConfigKeys (ConfUtils.java:logFallback(69)) - raft.server.staging.timeout = 15600ms (fallback to raft.server.rpc.timeout.max)
2025-09-28 08:46:16,740 [bb53dc84-9509-46ab-9745-0f1d93457633@group-4C3414B1E6EC-LeaderElection8] INFO  server.RaftServerConfigKeys (ConfUtils.java:logGet(62)) - raft.server.write.byte-limit = 1024 M (=1073741824) (custom)
2025-09-28 08:46:16,741 [bb53dc84-9509-46ab-9745-0f1d93457633@group-4C3414B1E6EC-LeaderElection8] INFO  impl.RoleInfo (RoleInfo.java:updateAndGet(148)) - bb53dc84-9509-46ab-9745-0f1d93457633: start bb53dc84-9509-46ab-9745-0f1d93457633@group-4C3414B1E6EC-LeaderStateImpl
2025-09-28 08:46:16,741 [bb53dc84-9509-46ab-9745-0f1d93457633@group-4C3414B1E6EC-LeaderElection8] INFO  server.RaftServer$Division (RaftServerImpl.java:setFirstElection(576)) - bb53dc84-9509-46ab-9745-0f1d93457633@group-4C3414B1E6EC: set firstElectionSinceStartup to false for becomeLeader
2025-09-28 08:46:16,741 [bb53dc84-9509-46ab-9745-0f1d93457633@group-4C3414B1E6EC-LeaderElection8] INFO  ratis.XceiverServerRatis (XceiverServerRatis.java:handleLeaderChangedNotification(940)) - Leader change notification received for group: group-4C3414B1E6EC with new leaderId: bb53dc84-9509-46ab-9745-0f1d93457633
2025-09-28 08:46:16,741 [bb53dc84-9509-46ab-9745-0f1d93457633@group-4C3414B1E6EC-LeaderElection8] INFO  server.RaftServer$Division (ServerState.java:setLeader(272)) - bb53dc84-9509-46ab-9745-0f1d93457633@group-4C3414B1E6EC: change Leader from null to bb53dc84-9509-46ab-9745-0f1d93457633 at term 1 for becomeLeader, leader elected after 1192ms
2025-09-28 08:46:16,741 [bb53dc84-9509-46ab-9745-0f1d93457633@group-4C3414B1E6EC-LeaderElection8] INFO  segmented.SegmentedRaftLogWorker (SegmentedRaftLogWorker.java:startLogSegment(440)) - bb53dc84-9509-46ab-9745-0f1d93457633@group-4C3414B1E6EC-SegmentedRaftLogWorker: Starting segment from index:0
2025-09-28 08:46:16,741 [bb53dc84-9509-46ab-9745-0f1d93457633@group-4C3414B1E6EC-LeaderElection8] INFO  server.RaftServer$Division (ServerState.java:setRaftConf(386)) - bb53dc84-9509-46ab-9745-0f1d93457633@group-4C3414B1E6EC: set configuration conf: {index: 0, cur=peers:[bb53dc84-9509-46ab-9745-0f1d93457633|127.0.0.1:15031]|listeners:[], old=null}
2025-09-28 08:46:16,741 [bb53dc84-9509-46ab-9745-0f1d93457633@group-4C3414B1E6EC-SegmentedRaftLogWorker] INFO  segmented.BufferedWriteChannel (BufferedWriteChannel.java:open(61)) - open log_inprogress_0 at position 0
2025-09-28 08:46:16,746 [bb53dc84-9509-46ab-9745-0f1d93457633@group-4C3414B1E6EC-SegmentedRaftLogWorker] INFO  segmented.SegmentedRaftLogWorker (SegmentedRaftLogWorker.java:execute(647)) - bb53dc84-9509-46ab-9745-0f1d93457633@group-4C3414B1E6EC-SegmentedRaftLogWorker: created new log segment /home/runner/work/ozone/ozone/hadoop-ozone/integration-test/target/test-dir/MiniOzoneClusterImpl-6c2de427-7485-43c3-b878-dcc0cf80ac7a/ozone-metadata/datanode-3/ratis/aac24483-5546-4731-a22b-4c3414b1e6ec/current/log_inprogress_0
2025-09-28 08:46:16,748 [bb53dc84-9509-46ab-9745-0f1d93457633@group-4C3414B1E6EC-StateMachineUpdater] INFO  server.RaftServer$Division (LeaderStateImpl.java:checkStartIndex(309)) - Leader bb53dc84-9509-46ab-9745-0f1d93457633@group-4C3414B1E6EC-LeaderStateImpl is ready since appliedIndex == startIndex == 0
2025-09-28 08:46:16,801 [b8386e11-96d4-4625-b991-c054db98adbd@group-F8BBE9FFE6D0-FollowerState] INFO  impl.FollowerState (FollowerState.java:runImpl(161)) - b8386e11-96d4-4625-b991-c054db98adbd@group-F8BBE9FFE6D0-FollowerState: change to CANDIDATE, lastRpcElapsedTime:1196045325ns, electionTimeout:1195ms
2025-09-28 08:46:16,802 [b8386e11-96d4-4625-b991-c054db98adbd@group-F8BBE9FFE6D0-FollowerState] INFO  impl.RoleInfo (RoleInfo.java:shutdownFollowerState(121)) - b8386e11-96d4-4625-b991-c054db98adbd: shutdown b8386e11-96d4-4625-b991-c054db98adbd@group-F8BBE9FFE6D0-FollowerState
2025-09-28 08:46:16,802 [b8386e11-96d4-4625-b991-c054db98adbd@group-F8BBE9FFE6D0-FollowerState] INFO  server.RaftServer$Division (RaftServerImpl.java:setRole(392)) - b8386e11-96d4-4625-b991-c054db98adbd@group-F8BBE9FFE6D0: changes role from  FOLLOWER to CANDIDATE at term 0 for changeToCandidate
2025-09-28 08:46:16,802 [b8386e11-96d4-4625-b991-c054db98adbd@group-F8BBE9FFE6D0-FollowerState] INFO  impl.RoleInfo (RoleInfo.java:updateAndGet(148)) - b8386e11-96d4-4625-b991-c054db98adbd: start b8386e11-96d4-4625-b991-c054db98adbd@group-F8BBE9FFE6D0-LeaderElection9
2025-09-28 08:46:16,802 [b8386e11-96d4-4625-b991-c054db98adbd@group-F8BBE9FFE6D0-LeaderElection9] INFO  impl.LeaderElection (LeaderElection.java:askForVotes(448)) - b8386e11-96d4-4625-b991-c054db98adbd@group-F8BBE9FFE6D0-LeaderElection9 PRE_VOTE round 0: submit vote requests at term 0 for conf: {index: -1, cur=peers:[b8386e11-96d4-4625-b991-c054db98adbd|127.0.0.1:15023, 9962ec60-824d-4b5c-b72c-a80d9f5353d3|127.0.0.1:15015, bb53dc84-9509-46ab-9745-0f1d93457633|127.0.0.1:15031]|listeners:[], old=null}
2025-09-28 08:46:16,803 [b8386e11-96d4-4625-b991-c054db98adbd@group-F8BBE9FFE6D0-LeaderElection9-1] INFO  server.GrpcServerProtocolClient (GrpcServerProtocolClient.java:<init>(65)) - Build channel for 9962ec60-824d-4b5c-b72c-a80d9f5353d3|127.0.0.1:15015
2025-09-28 08:46:16,803 [b8386e11-96d4-4625-b991-c054db98adbd@group-F8BBE9FFE6D0-LeaderElection9-2] INFO  server.GrpcServerProtocolClient (GrpcServerProtocolClient.java:<init>(65)) - Build channel for bb53dc84-9509-46ab-9745-0f1d93457633|127.0.0.1:15031
2025-09-28 08:46:16,808 [grpc-default-executor-4] INFO  server.RaftServer$Division (RaftServerImpl.java:requestVote(1421)) - 9962ec60-824d-4b5c-b72c-a80d9f5353d3@group-F8BBE9FFE6D0: receive requestVote(PRE_VOTE, b8386e11-96d4-4625-b991-c054db98adbd, group-F8BBE9FFE6D0, 0, <PROTO_DEFAULT>)
2025-09-28 08:46:16,808 [grpc-default-executor-1] INFO  server.RaftServer$Division (RaftServerImpl.java:requestVote(1421)) - bb53dc84-9509-46ab-9745-0f1d93457633@group-F8BBE9FFE6D0: receive requestVote(PRE_VOTE, b8386e11-96d4-4625-b991-c054db98adbd, group-F8BBE9FFE6D0, 0, <PROTO_DEFAULT>)
2025-09-28 08:46:16,808 [grpc-default-executor-4] INFO  impl.VoteContext (VoteContext.java:log(49)) - 9962ec60-824d-4b5c-b72c-a80d9f5353d3@group-F8BBE9FFE6D0-FOLLOWER: accept PRE_VOTE from b8386e11-96d4-4625-b991-c054db98adbd: our priority 0 <= candidate's priority 1
2025-09-28 08:46:16,808 [grpc-default-executor-1] INFO  impl.VoteContext (VoteContext.java:log(49)) - bb53dc84-9509-46ab-9745-0f1d93457633@group-F8BBE9FFE6D0-FOLLOWER: accept PRE_VOTE from b8386e11-96d4-4625-b991-c054db98adbd: our priority 0 <= candidate's priority 1
2025-09-28 08:46:16,808 [grpc-default-executor-4] INFO  server.RaftServer$Division (RaftServerImpl.java:requestVote(1455)) - 9962ec60-824d-4b5c-b72c-a80d9f5353d3@group-F8BBE9FFE6D0 replies to PRE_VOTE vote request: b8386e11-96d4-4625-b991-c054db98adbd<-9962ec60-824d-4b5c-b72c-a80d9f5353d3#0:OK-t0-last:<INITIAL_VALUE>. Peer's state: 9962ec60-824d-4b5c-b72c-a80d9f5353d3@group-F8BBE9FFE6D0:t0, leader=null, voted=, raftlog=Memoized:9962ec60-824d-4b5c-b72c-a80d9f5353d3@group-F8BBE9FFE6D0-SegmentedRaftLog:OPENED:c-1:lastnull, conf=conf: {index: -1, cur=peers:[b8386e11-96d4-4625-b991-c054db98adbd|127.0.0.1:15023, 9962ec60-824d-4b5c-b72c-a80d9f5353d3|127.0.0.1:15015, bb53dc84-9509-46ab-9745-0f1d93457633|127.0.0.1:15031]|listeners:[], old=null}
2025-09-28 08:46:16,809 [grpc-default-executor-1] INFO  server.RaftServer$Division (RaftServerImpl.java:requestVote(1455)) - bb53dc84-9509-46ab-9745-0f1d93457633@group-F8BBE9FFE6D0 replies to PRE_VOTE vote request: b8386e11-96d4-4625-b991-c054db98adbd<-bb53dc84-9509-46ab-9745-0f1d93457633#0:OK-t0-last:<INITIAL_VALUE>. Peer's state: bb53dc84-9509-46ab-9745-0f1d93457633@group-F8BBE9FFE6D0:t0, leader=null, voted=, raftlog=Memoized:bb53dc84-9509-46ab-9745-0f1d93457633@group-F8BBE9FFE6D0-SegmentedRaftLog:OPENED:c-1:lastnull, conf=conf: {index: -1, cur=peers:[b8386e11-96d4-4625-b991-c054db98adbd|127.0.0.1:15023, 9962ec60-824d-4b5c-b72c-a80d9f5353d3|127.0.0.1:15015, bb53dc84-9509-46ab-9745-0f1d93457633|127.0.0.1:15031]|listeners:[], old=null}
2025-09-28 08:46:16,810 [b8386e11-96d4-4625-b991-c054db98adbd@group-F8BBE9FFE6D0-LeaderElection9] INFO  impl.LeaderElection (LeaderElection.java:logAndReturn(206)) - b8386e11-96d4-4625-b991-c054db98adbd@group-F8BBE9FFE6D0-LeaderElection9: PRE_VOTE PASSED received 1 response(s) and 0 exception(s):
2025-09-28 08:46:16,810 [b8386e11-96d4-4625-b991-c054db98adbd@group-F8BBE9FFE6D0-LeaderElection9] INFO  impl.LeaderElection (LeaderElection.java:logAndReturn(210)) -   Response 0: b8386e11-96d4-4625-b991-c054db98adbd<-bb53dc84-9509-46ab-9745-0f1d93457633#0:OK-t0-last:<INITIAL_VALUE>
2025-09-28 08:46:16,810 [b8386e11-96d4-4625-b991-c054db98adbd@group-F8BBE9FFE6D0-LeaderElection9] INFO  impl.LeaderElection (LeaderElection.java:askForVotes(450)) - b8386e11-96d4-4625-b991-c054db98adbd@group-F8BBE9FFE6D0-LeaderElection9 PRE_VOTE round 0: result PASSED
2025-09-28 08:46:16,811 [b8386e11-96d4-4625-b991-c054db98adbd@group-F8BBE9FFE6D0-LeaderElection9] INFO  impl.LeaderElection (LeaderElection.java:askForVotes(448)) - b8386e11-96d4-4625-b991-c054db98adbd@group-F8BBE9FFE6D0-LeaderElection9 ELECTION round 0: submit vote requests at term 1 for conf: {index: -1, cur=peers:[b8386e11-96d4-4625-b991-c054db98adbd|127.0.0.1:15023, 9962ec60-824d-4b5c-b72c-a80d9f5353d3|127.0.0.1:15015, bb53dc84-9509-46ab-9745-0f1d93457633|127.0.0.1:15031]|listeners:[], old=null}
2025-09-28 08:46:16,813 [grpc-default-executor-1] INFO  server.RaftServer$Division (RaftServerImpl.java:requestVote(1421)) - 9962ec60-824d-4b5c-b72c-a80d9f5353d3@group-F8BBE9FFE6D0: receive requestVote(ELECTION, b8386e11-96d4-4625-b991-c054db98adbd, group-F8BBE9FFE6D0, 1, <PROTO_DEFAULT>)
2025-09-28 08:46:16,813 [grpc-default-executor-4] INFO  server.RaftServer$Division (RaftServerImpl.java:requestVote(1421)) - bb53dc84-9509-46ab-9745-0f1d93457633@group-F8BBE9FFE6D0: receive requestVote(ELECTION, b8386e11-96d4-4625-b991-c054db98adbd, group-F8BBE9FFE6D0, 1, <PROTO_DEFAULT>)
2025-09-28 08:46:16,813 [grpc-default-executor-1] INFO  impl.VoteContext (VoteContext.java:log(49)) - 9962ec60-824d-4b5c-b72c-a80d9f5353d3@group-F8BBE9FFE6D0-FOLLOWER: accept ELECTION from b8386e11-96d4-4625-b991-c054db98adbd: our priority 0 <= candidate's priority 1
2025-09-28 08:46:16,814 [grpc-default-executor-1] INFO  server.RaftServer$Division (RaftServerImpl.java:setRole(392)) - 9962ec60-824d-4b5c-b72c-a80d9f5353d3@group-F8BBE9FFE6D0: changes role from  FOLLOWER to FOLLOWER at term 0 for candidate:b8386e11-96d4-4625-b991-c054db98adbd
2025-09-28 08:46:16,814 [grpc-default-executor-1] INFO  impl.RoleInfo (RoleInfo.java:shutdownFollowerState(121)) - 9962ec60-824d-4b5c-b72c-a80d9f5353d3: shutdown 9962ec60-824d-4b5c-b72c-a80d9f5353d3@group-F8BBE9FFE6D0-FollowerState
2025-09-28 08:46:16,814 [grpc-default-executor-1] INFO  impl.RoleInfo (RoleInfo.java:updateAndGet(148)) - 9962ec60-824d-4b5c-b72c-a80d9f5353d3: start 9962ec60-824d-4b5c-b72c-a80d9f5353d3@group-F8BBE9FFE6D0-FollowerState
2025-09-28 08:46:16,813 [grpc-default-executor-4] INFO  impl.VoteContext (VoteContext.java:log(49)) - bb53dc84-9509-46ab-9745-0f1d93457633@group-F8BBE9FFE6D0-FOLLOWER: accept ELECTION from b8386e11-96d4-4625-b991-c054db98adbd: our priority 0 <= candidate's priority 1
2025-09-28 08:46:16,814 [9962ec60-824d-4b5c-b72c-a80d9f5353d3@group-F8BBE9FFE6D0-FollowerState] INFO  impl.FollowerState (FollowerState.java:runImpl(170)) - 9962ec60-824d-4b5c-b72c-a80d9f5353d3@group-F8BBE9FFE6D0-FollowerState was interrupted
2025-09-28 08:46:16,814 [grpc-default-executor-4] INFO  server.RaftServer$Division (RaftServerImpl.java:setRole(392)) - bb53dc84-9509-46ab-9745-0f1d93457633@group-F8BBE9FFE6D0: changes role from  FOLLOWER to FOLLOWER at term 0 for candidate:b8386e11-96d4-4625-b991-c054db98adbd
2025-09-28 08:46:16,814 [grpc-default-executor-4] INFO  impl.RoleInfo (RoleInfo.java:shutdownFollowerState(121)) - bb53dc84-9509-46ab-9745-0f1d93457633: shutdown bb53dc84-9509-46ab-9745-0f1d93457633@group-F8BBE9FFE6D0-FollowerState
2025-09-28 08:46:16,814 [grpc-default-executor-4] INFO  impl.RoleInfo (RoleInfo.java:updateAndGet(148)) - bb53dc84-9509-46ab-9745-0f1d93457633: start bb53dc84-9509-46ab-9745-0f1d93457633@group-F8BBE9FFE6D0-FollowerState
2025-09-28 08:46:16,814 [bb53dc84-9509-46ab-9745-0f1d93457633@group-F8BBE9FFE6D0-FollowerState] INFO  impl.FollowerState (FollowerState.java:runImpl(170)) - bb53dc84-9509-46ab-9745-0f1d93457633@group-F8BBE9FFE6D0-FollowerState was interrupted
2025-09-28 08:46:16,815 [grpc-default-executor-4] INFO  server.RaftServer$Division (RaftServerImpl.java:setFirstElection(576)) - bb53dc84-9509-46ab-9745-0f1d93457633@group-F8BBE9FFE6D0: set firstElectionSinceStartup to false for candidate:b8386e11-96d4-4625-b991-c054db98adbd
2025-09-28 08:46:16,815 [grpc-default-executor-1] INFO  server.RaftServer$Division (RaftServerImpl.java:requestVote(1455)) - 9962ec60-824d-4b5c-b72c-a80d9f5353d3@group-F8BBE9FFE6D0 replies to ELECTION vote request: b8386e11-96d4-4625-b991-c054db98adbd<-9962ec60-824d-4b5c-b72c-a80d9f5353d3#0:OK-t1-last:<INITIAL_VALUE>. Peer's state: 9962ec60-824d-4b5c-b72c-a80d9f5353d3@group-F8BBE9FFE6D0:t1, leader=null, voted=b8386e11-96d4-4625-b991-c054db98adbd, raftlog=Memoized:9962ec60-824d-4b5c-b72c-a80d9f5353d3@group-F8BBE9FFE6D0-SegmentedRaftLog:OPENED:c-1:lastnull, conf=conf: {index: -1, cur=peers:[b8386e11-96d4-4625-b991-c054db98adbd|127.0.0.1:15023, 9962ec60-824d-4b5c-b72c-a80d9f5353d3|127.0.0.1:15015, bb53dc84-9509-46ab-9745-0f1d93457633|127.0.0.1:15031]|listeners:[], old=null}
2025-09-28 08:46:16,816 [grpc-default-executor-4] INFO  server.RaftServer$Division (RaftServerImpl.java:requestVote(1455)) - bb53dc84-9509-46ab-9745-0f1d93457633@group-F8BBE9FFE6D0 replies to ELECTION vote request: b8386e11-96d4-4625-b991-c054db98adbd<-bb53dc84-9509-46ab-9745-0f1d93457633#0:OK-t1-last:<INITIAL_VALUE>. Peer's state: bb53dc84-9509-46ab-9745-0f1d93457633@group-F8BBE9FFE6D0:t1, leader=null, voted=b8386e11-96d4-4625-b991-c054db98adbd, raftlog=Memoized:bb53dc84-9509-46ab-9745-0f1d93457633@group-F8BBE9FFE6D0-SegmentedRaftLog:OPENED:c-1:lastnull, conf=conf: {index: -1, cur=peers:[b8386e11-96d4-4625-b991-c054db98adbd|127.0.0.1:15023, 9962ec60-824d-4b5c-b72c-a80d9f5353d3|127.0.0.1:15015, bb53dc84-9509-46ab-9745-0f1d93457633|127.0.0.1:15031]|listeners:[], old=null}
2025-09-28 08:46:16,817 [b8386e11-96d4-4625-b991-c054db98adbd@group-F8BBE9FFE6D0-LeaderElection9] INFO  impl.LeaderElection (LeaderElection.java:logAndReturn(206)) - b8386e11-96d4-4625-b991-c054db98adbd@group-F8BBE9FFE6D0-LeaderElection9: ELECTION PASSED received 1 response(s) and 0 exception(s):
2025-09-28 08:46:16,817 [b8386e11-96d4-4625-b991-c054db98adbd@group-F8BBE9FFE6D0-LeaderElection9] INFO  impl.LeaderElection (LeaderElection.java:logAndReturn(210)) -   Response 0: b8386e11-96d4-4625-b991-c054db98adbd<-9962ec60-824d-4b5c-b72c-a80d9f5353d3#0:OK-t1-last:<INITIAL_VALUE>
2025-09-28 08:46:16,817 [b8386e11-96d4-4625-b991-c054db98adbd@group-F8BBE9FFE6D0-LeaderElection9] INFO  impl.LeaderElection (LeaderElection.java:askForVotes(450)) - b8386e11-96d4-4625-b991-c054db98adbd@group-F8BBE9FFE6D0-LeaderElection9 ELECTION round 0: result PASSED
2025-09-28 08:46:16,817 [b8386e11-96d4-4625-b991-c054db98adbd@group-F8BBE9FFE6D0-LeaderElection9] INFO  impl.RoleInfo (RoleInfo.java:shutdownLeaderElection(141)) - b8386e11-96d4-4625-b991-c054db98adbd: shutdown b8386e11-96d4-4625-b991-c054db98adbd@group-F8BBE9FFE6D0-LeaderElection9
2025-09-28 08:46:16,817 [b8386e11-96d4-4625-b991-c054db98adbd@group-F8BBE9FFE6D0-LeaderElection9] INFO  server.RaftServer$Division (RaftServerImpl.java:setRole(392)) - b8386e11-96d4-4625-b991-c054db98adbd@group-F8BBE9FFE6D0: changes role from CANDIDATE to LEADER at term 1 for changeToLeader
2025-09-28 08:46:16,817 [b8386e11-96d4-4625-b991-c054db98adbd@group-F8BBE9FFE6D0-LeaderElection9] INFO  server.RaftServerConfigKeys (ConfUtils.java:logFallback(69)) - raft.server.staging.timeout = 15600ms (fallback to raft.server.rpc.timeout.max)
2025-09-28 08:46:16,817 [b8386e11-96d4-4625-b991-c054db98adbd@group-F8BBE9FFE6D0-LeaderElection9] INFO  server.RaftServerConfigKeys (ConfUtils.java:logGet(62)) - raft.server.write.byte-limit = 1024 M (=1073741824) (custom)
2025-09-28 08:46:16,819 [b8386e11-96d4-4625-b991-c054db98adbd@group-F8BBE9FFE6D0-LeaderElection9] INFO  server.RaftServerConfigKeys (ConfUtils.java:logGet(62)) - raft.server.log.appender.buffer.byte-limit = 33554432 (custom)
2025-09-28 08:46:16,820 [b8386e11-96d4-4625-b991-c054db98adbd@group-F8BBE9FFE6D0-LeaderElection9] INFO  server.RaftServerConfigKeys (ConfUtils.java:logGet(62)) - raft.server.log.appender.buffer.byte-limit = 33554432 (custom)
2025-09-28 08:46:16,820 [b8386e11-96d4-4625-b991-c054db98adbd@group-F8BBE9FFE6D0-LeaderElection9] INFO  impl.RoleInfo (RoleInfo.java:updateAndGet(148)) - b8386e11-96d4-4625-b991-c054db98adbd: start b8386e11-96d4-4625-b991-c054db98adbd@group-F8BBE9FFE6D0-LeaderStateImpl
2025-09-28 08:46:16,820 [b8386e11-96d4-4625-b991-c054db98adbd@group-F8BBE9FFE6D0-LeaderElection9] INFO  server.RaftServer$Division (RaftServerImpl.java:setFirstElection(576)) - b8386e11-96d4-4625-b991-c054db98adbd@group-F8BBE9FFE6D0: set firstElectionSinceStartup to false for becomeLeader
2025-09-28 08:46:16,820 [b8386e11-96d4-4625-b991-c054db98adbd@group-F8BBE9FFE6D0-LeaderElection9] INFO  ratis.XceiverServerRatis (XceiverServerRatis.java:handleLeaderChangedNotification(940)) - Leader change notification received for group: group-F8BBE9FFE6D0 with new leaderId: b8386e11-96d4-4625-b991-c054db98adbd
2025-09-28 08:46:16,820 [b8386e11-96d4-4625-b991-c054db98adbd@group-F8BBE9FFE6D0-LeaderElection9] INFO  server.RaftServer$Division (ServerState.java:setLeader(272)) - b8386e11-96d4-4625-b991-c054db98adbd@group-F8BBE9FFE6D0: change Leader from null to b8386e11-96d4-4625-b991-c054db98adbd at term 1 for becomeLeader, leader elected after 1277ms
2025-09-28 08:46:16,821 [b8386e11-96d4-4625-b991-c054db98adbd@group-F8BBE9FFE6D0-LeaderElection9] INFO  segmented.SegmentedRaftLogWorker (SegmentedRaftLogWorker.java:startLogSegment(440)) - b8386e11-96d4-4625-b991-c054db98adbd@group-F8BBE9FFE6D0-SegmentedRaftLogWorker: Starting segment from index:0
2025-09-28 08:46:16,821 [b8386e11-96d4-4625-b991-c054db98adbd@group-F8BBE9FFE6D0-LeaderElection9] INFO  server.RaftServer$Division (ServerState.java:setRaftConf(386)) - b8386e11-96d4-4625-b991-c054db98adbd@group-F8BBE9FFE6D0: set configuration conf: {index: 0, cur=peers:[b8386e11-96d4-4625-b991-c054db98adbd|127.0.0.1:15023, 9962ec60-824d-4b5c-b72c-a80d9f5353d3|127.0.0.1:15015, bb53dc84-9509-46ab-9745-0f1d93457633|127.0.0.1:15031]|listeners:[], old=null}
2025-09-28 08:46:16,821 [b8386e11-96d4-4625-b991-c054db98adbd@group-F8BBE9FFE6D0-SegmentedRaftLogWorker] INFO  segmented.BufferedWriteChannel (BufferedWriteChannel.java:open(61)) - open log_inprogress_0 at position 0
2025-09-28 08:46:16,826 [EventQueue-PipelineReportForPipelineReportHandler] INFO  pipeline.PipelineReportHandler (PipelineReportHandler.java:processPipelineReport(132)) - Opened pipeline Pipeline-df70ece9-6c5f-4732-bdaa-f8bbe9ffe6d0
2025-09-28 08:46:16,830 [b8386e11-96d4-4625-b991-c054db98adbd@group-F8BBE9FFE6D0-SegmentedRaftLogWorker] INFO  segmented.SegmentedRaftLogWorker (SegmentedRaftLogWorker.java:execute(647)) - b8386e11-96d4-4625-b991-c054db98adbd@group-F8BBE9FFE6D0-SegmentedRaftLogWorker: created new log segment /home/runner/work/ozone/ozone/hadoop-ozone/integration-test/target/test-dir/MiniOzoneClusterImpl-6c2de427-7485-43c3-b878-dcc0cf80ac7a/ozone-metadata/datanode-2/ratis/df70ece9-6c5f-4732-bdaa-f8bbe9ffe6d0/current/log_inprogress_0
2025-09-28 08:46:16,831 [grpc-default-executor-4] INFO  ratis.XceiverServerRatis (XceiverServerRatis.java:handleLeaderChangedNotification(940)) - Leader change notification received for group: group-F8BBE9FFE6D0 with new leaderId: b8386e11-96d4-4625-b991-c054db98adbd
2025-09-28 08:46:16,831 [grpc-default-executor-4] INFO  server.RaftServer$Division (ServerState.java:setLeader(272)) - bb53dc84-9509-46ab-9745-0f1d93457633@group-F8BBE9FFE6D0: change Leader from null to b8386e11-96d4-4625-b991-c054db98adbd at term 1 for appendEntries, leader elected after 1223ms
2025-09-28 08:46:16,831 [grpc-default-executor-1] INFO  ratis.XceiverServerRatis (XceiverServerRatis.java:handleLeaderChangedNotification(940)) - Leader change notification received for group: group-F8BBE9FFE6D0 with new leaderId: b8386e11-96d4-4625-b991-c054db98adbd
2025-09-28 08:46:16,831 [grpc-default-executor-1] INFO  server.RaftServer$Division (ServerState.java:setLeader(272)) - 9962ec60-824d-4b5c-b72c-a80d9f5353d3@group-F8BBE9FFE6D0: change Leader from null to b8386e11-96d4-4625-b991-c054db98adbd at term 1 for appendEntries, leader elected after 1330ms
2025-09-28 08:46:16,835 [grpc-default-executor-1] INFO  server.RaftServer$Division (ServerState.java:setRaftConf(386)) - 9962ec60-824d-4b5c-b72c-a80d9f5353d3@group-F8BBE9FFE6D0: set configuration conf: {index: 0, cur=peers:[b8386e11-96d4-4625-b991-c054db98adbd|127.0.0.1:15023, 9962ec60-824d-4b5c-b72c-a80d9f5353d3|127.0.0.1:15015, bb53dc84-9509-46ab-9745-0f1d93457633|127.0.0.1:15031]|listeners:[], old=null}
2025-09-28 08:46:16,835 [grpc-default-executor-1] INFO  segmented.SegmentedRaftLogWorker (SegmentedRaftLogWorker.java:startLogSegment(440)) - 9962ec60-824d-4b5c-b72c-a80d9f5353d3@group-F8BBE9FFE6D0-SegmentedRaftLogWorker: Starting segment from index:0
2025-09-28 08:46:16,835 [grpc-default-executor-4] INFO  server.RaftServer$Division (ServerState.java:setRaftConf(386)) - bb53dc84-9509-46ab-9745-0f1d93457633@group-F8BBE9FFE6D0: set configuration conf: {index: 0, cur=peers:[b8386e11-96d4-4625-b991-c054db98adbd|127.0.0.1:15023, 9962ec60-824d-4b5c-b72c-a80d9f5353d3|127.0.0.1:15015, bb53dc84-9509-46ab-9745-0f1d93457633|127.0.0.1:15031]|listeners:[], old=null}
2025-09-28 08:46:16,835 [grpc-default-executor-4] INFO  segmented.SegmentedRaftLogWorker (SegmentedRaftLogWorker.java:startLogSegment(440)) - bb53dc84-9509-46ab-9745-0f1d93457633@group-F8BBE9FFE6D0-SegmentedRaftLogWorker: Starting segment from index:0
2025-09-28 08:46:16,837 [bb53dc84-9509-46ab-9745-0f1d93457633@group-F8BBE9FFE6D0-SegmentedRaftLogWorker] INFO  segmented.BufferedWriteChannel (BufferedWriteChannel.java:open(61)) - open log_inprogress_0 at position 0
2025-09-28 08:46:16,837 [9962ec60-824d-4b5c-b72c-a80d9f5353d3@group-F8BBE9FFE6D0-SegmentedRaftLogWorker] INFO  segmented.BufferedWriteChannel (BufferedWriteChannel.java:open(61)) - open log_inprogress_0 at position 0
2025-09-28 08:46:16,842 [bb53dc84-9509-46ab-9745-0f1d93457633@group-F8BBE9FFE6D0-SegmentedRaftLogWorker] INFO  segmented.SegmentedRaftLogWorker (SegmentedRaftLogWorker.java:execute(647)) - bb53dc84-9509-46ab-9745-0f1d93457633@group-F8BBE9FFE6D0-SegmentedRaftLogWorker: created new log segment /home/runner/work/ozone/ozone/hadoop-ozone/integration-test/target/test-dir/MiniOzoneClusterImpl-6c2de427-7485-43c3-b878-dcc0cf80ac7a/ozone-metadata/datanode-3/ratis/df70ece9-6c5f-4732-bdaa-f8bbe9ffe6d0/current/log_inprogress_0
2025-09-28 08:46:16,842 [9962ec60-824d-4b5c-b72c-a80d9f5353d3@group-F8BBE9FFE6D0-SegmentedRaftLogWorker] INFO  segmented.SegmentedRaftLogWorker (SegmentedRaftLogWorker.java:execute(647)) - 9962ec60-824d-4b5c-b72c-a80d9f5353d3@group-F8BBE9FFE6D0-SegmentedRaftLogWorker: created new log segment /home/runner/work/ozone/ozone/hadoop-ozone/integration-test/target/test-dir/MiniOzoneClusterImpl-6c2de427-7485-43c3-b878-dcc0cf80ac7a/ozone-metadata/datanode-1/ratis/df70ece9-6c5f-4732-bdaa-f8bbe9ffe6d0/current/log_inprogress_0
2025-09-28 08:46:16,847 [b8386e11-96d4-4625-b991-c054db98adbd@group-F8BBE9FFE6D0-StateMachineUpdater] INFO  server.RaftServer$Division (LeaderStateImpl.java:checkStartIndex(309)) - Leader b8386e11-96d4-4625-b991-c054db98adbd@group-F8BBE9FFE6D0-LeaderStateImpl is ready since appliedIndex == startIndex == 0
2025-09-28 08:46:17,048 [ForkJoinPool-1-worker-1] INFO  ozone.MiniOzoneClusterImpl (MiniOzoneClusterImpl.java:lambda$waitForClusterToBeReady$0(181)) - Nodes are ready. Got 3 of 3 DN Heartbeats.
2025-09-28 08:46:17,048 [ForkJoinPool-1-worker-1] INFO  ozone.MiniOzoneClusterImpl (MiniOzoneClusterImpl.java:lambda$waitForClusterToBeReady$0(184)) - Cluster exits safe mode
2025-09-28 08:46:17,048 [ForkJoinPool-1-worker-1] INFO  ozone.MiniOzoneClusterImpl (MiniOzoneClusterImpl.java:lambda$waitForClusterToBeReady$0(186)) - SCM became leader
2025-09-28 08:46:17,466 [ForkJoinPool-1-worker-1] INFO  rpc.RpcClient (RpcClient.java:createVolume(461)) - Creating Volume: vol1, with runner as owner and space quota set to -1 bytes, counts quota set to -1
2025-09-28 08:46:17,482 [om1-OMStateMachineApplyTransactionThread - 0] INFO  volume.OMVolumeCreateRequest (OMVolumeCreateRequest.java:validateAndUpdateCache(203)) - created volume:vol1 for user:runner
2025-09-28 08:46:17,494 [ForkJoinPool-1-worker-1] INFO  rpc.RpcClient (RpcClient.java:createBucket(686)) - Creating Bucket: vol1/bucket1, with server-side default bucket layout, runner as owner, Versioning false, Storage Type set to DISK and Encryption set to false, Replication Type set to server-side default replication type, Namespace Quota set to -1, Space Quota set to -1 
2025-09-28 08:46:17,503 [om1-OMStateMachineApplyTransactionThread - 0] INFO  bucket.OMBucketCreateRequest (OMBucketCreateRequest.java:validateAndUpdateCache(292)) - created bucket: bucket1 of layout FILE_SYSTEM_OPTIMIZED in volume: vol1
2025-09-28 08:46:17,568 [IPC Server handler 0 on default port 15001] INFO  ha.SequenceIdGenerator (SequenceIdGenerator.java:getNextId(135)) - Allocate a batch for containerId, change lastId from 0 to 1000.
2025-09-28 08:46:17,578 [c2d163a0-0ec6-4601-8a26-ab579a1805eb@group-DCC0CF80AC7A-StateMachineUpdater] WARN  ha.SequenceIdGenerator (SequenceIdGenerator.java:allocateBatch(248)) - Failed to allocate a batch for localId, expected lastId is 0, actual lastId is 115816896921600000.
2025-09-28 08:46:17,579 [IPC Server handler 0 on default port 15001] INFO  ha.SequenceIdGenerator (SequenceIdGenerator.java:getNextId(135)) - Allocate a batch for localId, change lastId from 115816896921600000 to 115816896921601000.
2025-09-28 08:46:17,637 [ForkJoinPool-1-worker-1] INFO  impl.MetricsSystemImpl (MetricsSystemImpl.java:init(158)) - XceiverClientMetrics metrics system started (again)
2025-09-28 08:46:18,074 [EventQueue-CloseContainerForCloseContainerEventHandler] INFO  container.CloseContainerEventHandler (CloseContainerEventHandler.java:onMessage(88)) - Close container Event triggered for container : #1, current state: OPEN
2025-09-28 08:46:18,080 [EventQueue-CloseContainerForCloseContainerEventHandler] INFO  container.CloseContainerEventHandler (CloseContainerEventHandler.java:onMessage(88)) - Close container Event triggered for container : #1, current state: CLOSING
2025-09-28 08:46:18,081 [EventQueue-CloseContainerForCloseContainerEventHandler] INFO  container.CloseContainerEventHandler (CloseContainerEventHandler.java:onMessage(88)) - Close container Event triggered for container : #1, current state: CLOSING
2025-09-28 08:46:20,789 [b8386e11-96d4-4625-b991-c054db98adbd-ContainerOp-df70ece9-6c5f-4732-bdaa-f8bbe9ffe6d0-2] INFO  keyvalue.KeyValueContainer (KeyValueContainer.java:flushAndSyncDB(514)) - Synced container: KeyValueContainerData #1 (CLOSING, non-empty, ri=0, origin=[dn_b8386e11-96d4-4625-b991-c054db98adbd, pipeline_df70ece9-6c5f-4732-bdaa-f8bbe9ffe6d0])
2025-09-28 08:46:20,790 [b8386e11-96d4-4625-b991-c054db98adbd-ContainerOp-df70ece9-6c5f-4732-bdaa-f8bbe9ffe6d0-2] INFO  keyvalue.KeyValueContainer (KeyValueContainer.java:flushAndSyncDB(514)) - Synced container: KeyValueContainerData #1 (CLOSING, non-empty, ri=0, origin=[dn_b8386e11-96d4-4625-b991-c054db98adbd, pipeline_df70ece9-6c5f-4732-bdaa-f8bbe9ffe6d0])
2025-09-28 08:46:20,795 [b8386e11-96d4-4625-b991-c054db98adbd-ContainerOp-df70ece9-6c5f-4732-bdaa-f8bbe9ffe6d0-2] INFO  keyvalue.KeyValueContainer (KeyValueContainer.java:close(430)) - Closed container: KeyValueContainerData #1 (CLOSED, non-empty, ri=0, origin=[dn_b8386e11-96d4-4625-b991-c054db98adbd, pipeline_df70ece9-6c5f-4732-bdaa-f8bbe9ffe6d0])
2025-09-28 08:46:20,796 [9962ec60-824d-4b5c-b72c-a80d9f5353d3-ContainerOp-df70ece9-6c5f-4732-bdaa-f8bbe9ffe6d0-2] INFO  keyvalue.KeyValueContainer (KeyValueContainer.java:flushAndSyncDB(514)) - Synced container: KeyValueContainerData #1 (CLOSING, non-empty, ri=0, origin=[dn_9962ec60-824d-4b5c-b72c-a80d9f5353d3, pipeline_df70ece9-6c5f-4732-bdaa-f8bbe9ffe6d0])
2025-09-28 08:46:20,796 [9962ec60-824d-4b5c-b72c-a80d9f5353d3-ContainerOp-df70ece9-6c5f-4732-bdaa-f8bbe9ffe6d0-2] INFO  keyvalue.KeyValueContainer (KeyValueContainer.java:flushAndSyncDB(514)) - Synced container: KeyValueContainerData #1 (CLOSING, non-empty, ri=0, origin=[dn_9962ec60-824d-4b5c-b72c-a80d9f5353d3, pipeline_df70ece9-6c5f-4732-bdaa-f8bbe9ffe6d0])
2025-09-28 08:46:20,799 [bb53dc84-9509-46ab-9745-0f1d93457633-ContainerOp-df70ece9-6c5f-4732-bdaa-f8bbe9ffe6d0-2] INFO  keyvalue.KeyValueContainer (KeyValueContainer.java:flushAndSyncDB(514)) - Synced container: KeyValueContainerData #1 (CLOSING, non-empty, ri=0, origin=[dn_bb53dc84-9509-46ab-9745-0f1d93457633, pipeline_df70ece9-6c5f-4732-bdaa-f8bbe9ffe6d0])
2025-09-28 08:46:20,799 [bb53dc84-9509-46ab-9745-0f1d93457633-ContainerOp-df70ece9-6c5f-4732-bdaa-f8bbe9ffe6d0-2] INFO  keyvalue.KeyValueContainer (KeyValueContainer.java:flushAndSyncDB(514)) - Synced container: KeyValueContainerData #1 (CLOSING, non-empty, ri=0, origin=[dn_bb53dc84-9509-46ab-9745-0f1d93457633, pipeline_df70ece9-6c5f-4732-bdaa-f8bbe9ffe6d0])
2025-09-28 08:46:20,800 [9962ec60-824d-4b5c-b72c-a80d9f5353d3-ContainerOp-df70ece9-6c5f-4732-bdaa-f8bbe9ffe6d0-2] INFO  keyvalue.KeyValueContainer (KeyValueContainer.java:close(430)) - Closed container: KeyValueContainerData #1 (CLOSED, non-empty, ri=0, origin=[dn_9962ec60-824d-4b5c-b72c-a80d9f5353d3, pipeline_df70ece9-6c5f-4732-bdaa-f8bbe9ffe6d0])
2025-09-28 08:46:20,808 [bb53dc84-9509-46ab-9745-0f1d93457633-ContainerOp-df70ece9-6c5f-4732-bdaa-f8bbe9ffe6d0-2] INFO  keyvalue.KeyValueContainer (KeyValueContainer.java:close(430)) - Closed container: KeyValueContainerData #1 (CLOSED, non-empty, ri=0, origin=[dn_bb53dc84-9509-46ab-9745-0f1d93457633, pipeline_df70ece9-6c5f-4732-bdaa-f8bbe9ffe6d0])
2025-09-28 08:46:20,832 [FixedThreadPoolWithAffinityExecutor-1-0] INFO  container.IncrementalContainerReportHandler (AbstractContainerReportHandler.java:updateContainerState(289)) - CLOSE Container #1 (CLOSING, sid=2) r0 (CLOSED, bcsid=2, origin=bb53dc84-9509-46ab-9745-0f1d93457633, non-empty) from dn bb53dc84-9509-46ab-9745-0f1d93457633(localhost/127.0.0.1)
2025-09-28 08:46:21,080 [ForkJoinPool-1-worker-1] INFO  ozoneimpl.OzoneContainer (OzoneContainer.java:stop(549)) - Attempting to stop container services.
2025-09-28 08:46:21,081 [ContainerMetadataScanner] WARN  ozoneimpl.AbstractBackgroundContainerScanner (AbstractBackgroundContainerScanner.java:handleRemainingSleep(136)) - Background container scan was interrupted.
2025-09-28 08:46:21,081 [ContainerMetadataScanner] INFO  ozoneimpl.AbstractBackgroundContainerScanner (AbstractBackgroundContainerScanner.java:run(63)) - org.apache.hadoop.ozone.container.ozoneimpl.BackgroundContainerMetadataScanner@6b7d9902 exiting.
2025-09-28 08:46:21,081 [ForkJoinPool-1-worker-1] INFO  ozoneimpl.BackgroundContainerDataScanner (BackgroundContainerDataScanner.java:shutdown(87)) - ContainerDataScanner(/home/runner/work/ozone/ozone/hadoop-ozone/integration-test/target/test-dir/MiniOzoneClusterImpl-6c2de427-7485-43c3-b878-dcc0cf80ac7a/ozone-metadata/datanode-1/data-0/hdds) is shutting down. 
2025-09-28 08:46:21,081 [ContainerDataScanner(/home/runner/work/ozone/ozone/hadoop-ozone/integration-test/target/test-dir/MiniOzoneClusterImpl-6c2de427-7485-43c3-b878-dcc0cf80ac7a/ozone-metadata/datanode-1/data-0/hdds)] WARN  ozoneimpl.AbstractBackgroundContainerScanner (AbstractBackgroundContainerScanner.java:handleRemainingSleep(136)) - Background container scan was interrupted.
2025-09-28 08:46:21,082 [ContainerDataScanner(/home/runner/work/ozone/ozone/hadoop-ozone/integration-test/target/test-dir/MiniOzoneClusterImpl-6c2de427-7485-43c3-b878-dcc0cf80ac7a/ozone-metadata/datanode-1/data-0/hdds)] INFO  ozoneimpl.AbstractBackgroundContainerScanner (AbstractBackgroundContainerScanner.java:run(63)) - ContainerDataScanner(/home/runner/work/ozone/ozone/hadoop-ozone/integration-test/target/test-dir/MiniOzoneClusterImpl-6c2de427-7485-43c3-b878-dcc0cf80ac7a/ozone-metadata/datanode-1/data-0/hdds, DS-2bd9a162-4bd4-4dbd-ada1-e21e22f6f8b2) exiting.
2025-09-28 08:46:21,082 [ForkJoinPool-1-worker-1] INFO  ozoneimpl.OnDemandContainerScanner (OnDemandContainerScanner.java:shutdown(141)) - On-demand container scanner is shutting down.
2025-09-28 08:46:21,085 [ForkJoinPool-1-worker-1] INFO  ratis.XceiverServerRatis (XceiverServerRatis.java:stop(594)) - Closing XceiverServerRatis(9962ec60-824d-4b5c-b72c-a80d9f5353d3)
2025-09-28 08:46:21,085 [ForkJoinPool-1-worker-1] INFO  server.RaftServer (RaftServerProxy.java:lambda$close$9(422)) - 9962ec60-824d-4b5c-b72c-a80d9f5353d3: close
2025-09-28 08:46:21,086 [9962ec60-824d-4b5c-b72c-a80d9f5353d3-impl-thread1] INFO  server.RaftServer$Division (RaftServerImpl.java:lambda$close$1(527)) - 9962ec60-824d-4b5c-b72c-a80d9f5353d3@group-C51117D219B2: shutdown
2025-09-28 08:46:21,086 [9962ec60-824d-4b5c-b72c-a80d9f5353d3-impl-thread1] INFO  util.JmxRegister (JmxRegister.java:unregister(74)) - Successfully un-registered JMX Bean with object name Ratis:service=RaftServer,group=group-C51117D219B2,id=9962ec60-824d-4b5c-b72c-a80d9f5353d3
2025-09-28 08:46:21,086 [9962ec60-824d-4b5c-b72c-a80d9f5353d3-impl-thread1] INFO  impl.RoleInfo (RoleInfo.java:shutdownLeaderState(103)) - 9962ec60-824d-4b5c-b72c-a80d9f5353d3: shutdown 9962ec60-824d-4b5c-b72c-a80d9f5353d3@group-C51117D219B2-LeaderStateImpl
2025-09-28 08:46:21,086 [9962ec60-824d-4b5c-b72c-a80d9f5353d3-impl-thread2] INFO  server.RaftServer$Division (RaftServerImpl.java:lambda$close$1(527)) - 9962ec60-824d-4b5c-b72c-a80d9f5353d3@group-71444778A42C: shutdown
2025-09-28 08:46:21,086 [9962ec60-824d-4b5c-b72c-a80d9f5353d3-impl-thread2] INFO  util.JmxRegister (JmxRegister.java:unregister(74)) - Successfully un-registered JMX Bean with object name Ratis:service=RaftServer,group=group-71444778A42C,id=9962ec60-824d-4b5c-b72c-a80d9f5353d3
2025-09-28 08:46:21,086 [9962ec60-824d-4b5c-b72c-a80d9f5353d3-impl-thread2] INFO  impl.RoleInfo (RoleInfo.java:shutdownLeaderState(103)) - 9962ec60-824d-4b5c-b72c-a80d9f5353d3: shutdown 9962ec60-824d-4b5c-b72c-a80d9f5353d3@group-71444778A42C-LeaderStateImpl
2025-09-28 08:46:21,086 [9962ec60-824d-4b5c-b72c-a80d9f5353d3@group-C51117D219B2->bb53dc84-9509-46ab-9745-0f1d93457633-GrpcLogAppender-LogAppenderDaemon] WARN  server.GrpcLogAppender (GrpcLogAppender.java:mayWait(300)) - 9962ec60-824d-4b5c-b72c-a80d9f5353d3@group-C51117D219B2->bb53dc84-9509-46ab-9745-0f1d93457633-GrpcLogAppender: Wait interrupted by java.lang.InterruptedException
2025-09-28 08:46:21,086 [ForkJoinPool-1-worker-1] INFO  server.GrpcServicesImpl (GrpcServicesImpl.java:closeImpl(355)) - 9962ec60-824d-4b5c-b72c-a80d9f5353d3: shutdown server org.apache.ratis.grpc.server.GrpcClientProtocolService now
2025-09-28 08:46:21,086 [9962ec60-824d-4b5c-b72c-a80d9f5353d3-impl-thread1] INFO  impl.PendingRequests (PendingRequests.java:sendNotLeaderResponses(287)) - 9962ec60-824d-4b5c-b72c-a80d9f5353d3@group-C51117D219B2-PendingRequests: sendNotLeaderResponses
2025-09-28 08:46:21,086 [9962ec60-824d-4b5c-b72c-a80d9f5353d3-impl-thread2] INFO  impl.PendingRequests (PendingRequests.java:sendNotLeaderResponses(287)) - 9962ec60-824d-4b5c-b72c-a80d9f5353d3@group-71444778A42C-PendingRequests: sendNotLeaderResponses
2025-09-28 08:46:21,086 [9962ec60-824d-4b5c-b72c-a80d9f5353d3-impl-thread3] INFO  server.RaftServer$Division (RaftServerImpl.java:lambda$close$1(527)) - 9962ec60-824d-4b5c-b72c-a80d9f5353d3@group-F8BBE9FFE6D0: shutdown
2025-09-28 08:46:21,088 [9962ec60-824d-4b5c-b72c-a80d9f5353d3-impl-thread3] INFO  util.JmxRegister (JmxRegister.java:unregister(74)) - Successfully un-registered JMX Bean with object name Ratis:service=RaftServer,group=group-F8BBE9FFE6D0,id=9962ec60-824d-4b5c-b72c-a80d9f5353d3
2025-09-28 08:46:21,088 [9962ec60-824d-4b5c-b72c-a80d9f5353d3-impl-thread3] INFO  impl.RoleInfo (RoleInfo.java:shutdownFollowerState(121)) - 9962ec60-824d-4b5c-b72c-a80d9f5353d3: shutdown 9962ec60-824d-4b5c-b72c-a80d9f5353d3@group-F8BBE9FFE6D0-FollowerState
2025-09-28 08:46:21,089 [9962ec60-824d-4b5c-b72c-a80d9f5353d3-impl-thread3] INFO  impl.StateMachineUpdater (StateMachineUpdater.java:stopAndJoin(163)) - 9962ec60-824d-4b5c-b72c-a80d9f5353d3@group-F8BBE9FFE6D0-StateMachineUpdater: set stopIndex = 5
2025-09-28 08:46:21,089 [9962ec60-824d-4b5c-b72c-a80d9f5353d3@group-F8BBE9FFE6D0-FollowerState] INFO  impl.FollowerState (FollowerState.java:runImpl(170)) - 9962ec60-824d-4b5c-b72c-a80d9f5353d3@group-F8BBE9FFE6D0-FollowerState was interrupted
2025-09-28 08:46:21,089 [Thread-625] INFO  server.GrpcServerProtocolClient (GrpcServerProtocolClient.java:close(105)) - b8386e11-96d4-4625-b991-c054db98adbd Close channels
2025-09-28 08:46:21,089 [Thread-627] INFO  server.GrpcServerProtocolClient (GrpcServerProtocolClient.java:close(105)) - bb53dc84-9509-46ab-9745-0f1d93457633 Close channels
2025-09-28 08:46:21,090 [9962ec60-824d-4b5c-b72c-a80d9f5353d3@group-F8BBE9FFE6D0-StateMachineUpdater] INFO  ratis.ContainerStateMachine (ContainerStateMachine.java:takeSnapshot(427)) - group-F8BBE9FFE6D0: Taking a snapshot at:(t:1, i:5) file /home/runner/work/ozone/ozone/hadoop-ozone/integration-test/target/test-dir/MiniOzoneClusterImpl-6c2de427-7485-43c3-b878-dcc0cf80ac7a/ozone-metadata/datanode-1/ratis/df70ece9-6c5f-4732-bdaa-f8bbe9ffe6d0/sm/snapshot.1_5
2025-09-28 08:46:21,091 [9962ec60-824d-4b5c-b72c-a80d9f5353d3@group-71444778A42C-StateMachineUpdater] INFO  ratis.ContainerStateMachine (ContainerStateMachine.java:takeSnapshot(427)) - group-71444778A42C: Taking a snapshot at:(t:1, i:0) file /home/runner/work/ozone/ozone/hadoop-ozone/integration-test/target/test-dir/MiniOzoneClusterImpl-6c2de427-7485-43c3-b878-dcc0cf80ac7a/ozone-metadata/datanode-1/ratis/e6dd397e-dea0-4554-85a2-71444778a42c/sm/snapshot.1_0
2025-09-28 08:46:21,086 [9962ec60-824d-4b5c-b72c-a80d9f5353d3@group-C51117D219B2->b8386e11-96d4-4625-b991-c054db98adbd-GrpcLogAppender-LogAppenderDaemon] WARN  server.GrpcLogAppender (GrpcLogAppender.java:mayWait(300)) - 9962ec60-824d-4b5c-b72c-a80d9f5353d3@group-C51117D219B2->b8386e11-96d4-4625-b991-c054db98adbd-GrpcLogAppender: Wait interrupted by java.lang.InterruptedException
2025-09-28 08:46:21,089 [9962ec60-824d-4b5c-b72c-a80d9f5353d3-impl-thread2] INFO  impl.StateMachineUpdater (StateMachineUpdater.java:stopAndJoin(163)) - 9962ec60-824d-4b5c-b72c-a80d9f5353d3@group-71444778A42C-StateMachineUpdater: set stopIndex = 0
2025-09-28 08:46:21,092 [9962ec60-824d-4b5c-b72c-a80d9f5353d3-impl-thread1] INFO  impl.StateMachineUpdater (StateMachineUpdater.java:stopAndJoin(163)) - 9962ec60-824d-4b5c-b72c-a80d9f5353d3@group-C51117D219B2-StateMachineUpdater: set stopIndex = 0
2025-09-28 08:46:21,092 [9962ec60-824d-4b5c-b72c-a80d9f5353d3@group-C51117D219B2-StateMachineUpdater] INFO  ratis.ContainerStateMachine (ContainerStateMachine.java:takeSnapshot(427)) - group-C51117D219B2: Taking a snapshot at:(t:1, i:0) file /home/runner/work/ozone/ozone/hadoop-ozone/integration-test/target/test-dir/MiniOzoneClusterImpl-6c2de427-7485-43c3-b878-dcc0cf80ac7a/ozone-metadata/datanode-1/ratis/53d4c00e-e1b0-426e-9c26-c51117d219b2/sm/snapshot.1_0
2025-09-28 08:46:21,092 [grpc-default-executor-4] INFO  server.GrpcServerProtocolService (GrpcServerProtocolService.java:lambda$onCompleted$6(171)) - bb53dc84-9509-46ab-9745-0f1d93457633: Completed APPEND_ENTRIES, lastRequest: null 
2025-09-28 08:46:21,092 [grpc-default-executor-5] INFO  server.GrpcServerProtocolService (GrpcServerProtocolService.java:lambda$null$7(175)) - bb53dc84-9509-46ab-9745-0f1d93457633: Completed APPEND_ENTRIES, lastReply: null 
2025-09-28 08:46:21,094 [grpc-default-executor-0] INFO  server.GrpcLogAppender (GrpcLogAppender.java:onCompleted(558)) - 9962ec60-824d-4b5c-b72c-a80d9f5353d3@group-C51117D219B2->bb53dc84-9509-46ab-9745-0f1d93457633-AppendLogResponseHandler: follower responses appendEntries COMPLETED
2025-09-28 08:46:21,095 [grpc-default-executor-0] WARN  server.GrpcLogAppender (GrpcLogAppender.java:resetClient(237)) - 9962ec60-824d-4b5c-b72c-a80d9f5353d3@group-C51117D219B2->bb53dc84-9509-46ab-9745-0f1d93457633-GrpcLogAppender: Failed to getClient for bb53dc84-9509-46ab-9745-0f1d93457633
org.apache.ratis.protocol.exceptions.AlreadyClosedException: 9962ec60-824d-4b5c-b72c-a80d9f5353d3 is already CLOSED
	at org.apache.ratis.util.PeerProxyMap$PeerAndProxy.getProxy(PeerProxyMap.java:67)
	at org.apache.ratis.util.PeerProxyMap.getProxy(PeerProxyMap.java:124)
	at org.apache.ratis.grpc.server.GrpcLogAppender.getClient(GrpcLogAppender.java:207)
	at org.apache.ratis.grpc.server.GrpcLogAppender.resetClient(GrpcLogAppender.java:212)
	at org.apache.ratis.grpc.server.GrpcLogAppender.access$800(GrpcLogAppender.java:70)
	at org.apache.ratis.grpc.server.GrpcLogAppender$AppendLogResponseHandler.onCompleted(GrpcLogAppender.java:559)
	at org.apache.ratis.thirdparty.io.grpc.stub.ClientCalls$StreamObserverToCallListenerAdapter.onClose(ClientCalls.java:562)
	at org.apache.ratis.thirdparty.io.grpc.internal.DelayedClientCall$DelayedListener$3.run(DelayedClientCall.java:489)
	at org.apache.ratis.thirdparty.io.grpc.internal.DelayedClientCall$DelayedListener.delayOrExecute(DelayedClientCall.java:453)
	at org.apache.ratis.thirdparty.io.grpc.internal.DelayedClientCall$DelayedListener.onClose(DelayedClientCall.java:486)
	at org.apache.ratis.thirdparty.io.grpc.internal.ClientCallImpl.closeObserver(ClientCallImpl.java:565)
	at org.apache.ratis.thirdparty.io.grpc.internal.ClientCallImpl.access$100(ClientCallImpl.java:72)
	at org.apache.ratis.thirdparty.io.grpc.internal.ClientCallImpl$ClientStreamListenerImpl$1StreamClosed.runInternal(ClientCallImpl.java:733)
	at org.apache.ratis.thirdparty.io.grpc.internal.ClientCallImpl$ClientStreamListenerImpl$1StreamClosed.runInContext(ClientCallImpl.java:714)
	at org.apache.ratis.thirdparty.io.grpc.internal.ContextRunnable.run(ContextRunnable.java:37)
	at org.apache.ratis.thirdparty.io.grpc.internal.SerializingExecutor.run(SerializingExecutor.java:133)
	at java.base/java.util.concurrent.ThreadPoolExecutor.runWorker(ThreadPoolExecutor.java:1144)
	at java.base/java.util.concurrent.ThreadPoolExecutor$Worker.run(ThreadPoolExecutor.java:642)
	at java.base/java.lang.Thread.run(Thread.java:1583)
2025-09-28 08:46:21,095 [grpc-default-executor-5] INFO  server.GrpcLogAppender (GrpcLogAppender.java:onCompleted(558)) - 9962ec60-824d-4b5c-b72c-a80d9f5353d3@group-C51117D219B2->bb53dc84-9509-46ab-9745-0f1d93457633-AppendLogResponseHandler: follower responses appendEntries COMPLETED
2025-09-28 08:46:21,096 [grpc-default-executor-5] WARN  server.GrpcLogAppender (GrpcLogAppender.java:resetClient(237)) - 9962ec60-824d-4b5c-b72c-a80d9f5353d3@group-C51117D219B2->bb53dc84-9509-46ab-9745-0f1d93457633-GrpcLogAppender: Failed to getClient for bb53dc84-9509-46ab-9745-0f1d93457633
org.apache.ratis.protocol.exceptions.AlreadyClosedException: 9962ec60-824d-4b5c-b72c-a80d9f5353d3 is already CLOSED
	at org.apache.ratis.util.PeerProxyMap$PeerAndProxy.getProxy(PeerProxyMap.java:67)
	at org.apache.ratis.util.PeerProxyMap.getProxy(PeerProxyMap.java:124)
	at org.apache.ratis.grpc.server.GrpcLogAppender.getClient(GrpcLogAppender.java:207)
	at org.apache.ratis.grpc.server.GrpcLogAppender.resetClient(GrpcLogAppender.java:212)
	at org.apache.ratis.grpc.server.GrpcLogAppender.access$800(GrpcLogAppender.java:70)
	at org.apache.ratis.grpc.server.GrpcLogAppender$AppendLogResponseHandler.onCompleted(GrpcLogAppender.java:559)
	at org.apache.ratis.thirdparty.io.grpc.stub.ClientCalls$StreamObserverToCallListenerAdapter.onClose(ClientCalls.java:562)
	at org.apache.ratis.thirdparty.io.grpc.internal.ClientCallImpl.closeObserver(ClientCallImpl.java:565)
	at org.apache.ratis.thirdparty.io.grpc.internal.ClientCallImpl.access$100(ClientCallImpl.java:72)
	at org.apache.ratis.thirdparty.io.grpc.internal.ClientCallImpl$ClientStreamListenerImpl$1StreamClosed.runInternal(ClientCallImpl.java:733)
	at org.apache.ratis.thirdparty.io.grpc.internal.ClientCallImpl$ClientStreamListenerImpl$1StreamClosed.runInContext(ClientCallImpl.java:714)
	at org.apache.ratis.thirdparty.io.grpc.internal.ContextRunnable.run(ContextRunnable.java:37)
	at org.apache.ratis.thirdparty.io.grpc.internal.SerializingExecutor.run(SerializingExecutor.java:133)
	at java.base/java.util.concurrent.ThreadPoolExecutor.runWorker(ThreadPoolExecutor.java:1144)
	at java.base/java.util.concurrent.ThreadPoolExecutor$Worker.run(ThreadPoolExecutor.java:642)
	at java.base/java.lang.Thread.run(Thread.java:1583)
2025-09-28 08:46:21,157 [grpc-default-executor-1] INFO  server.GrpcServerProtocolService (GrpcServerProtocolService.java:lambda$null$7(175)) - b8386e11-96d4-4625-b991-c054db98adbd: Completed APPEND_ENTRIES, lastReply: serverReply {
  requestorId: "9962ec60-824d-4b5c-b72c-a80d9f5353d3"
  replyId: "b8386e11-96d4-4625-b991-c054db98adbd"
  raftGroupId {
    id: "S\324\300\016\341\260Bn\234&\305\021\027\322\031\262"
  }
  callId: 3
  success: true
}
term: 1
nextIndex: 1
matchIndex: 18446744073709551615
isHearbeat: true
 
2025-09-28 08:46:21,157 [grpc-default-executor-3] INFO  server.GrpcServerProtocolService (GrpcServerProtocolService.java:lambda$onCompleted$6(171)) - b8386e11-96d4-4625-b991-c054db98adbd: Completed APPEND_ENTRIES, lastRequest: 9962ec60-824d-4b5c-b72c-a80d9f5353d3->b8386e11-96d4-4625-b991-c054db98adbd#1-t1,previous=<PROTO_DEFAULT>,leaderCommit=-1,initializing? false,entries: size=1, first=(t:1, i:0), CONFIGURATIONENTRY(current:id:"b8386e11-96d4-4625-b991-c054db98adbd"address:"127.0.0.1:15023"dataStreamAddress:"127.0.0.1:15024"clientAddress:"127.0.0.1:15021"adminAddress:"127.0.0.1:15022"startupRole:FOLLOWER, id:"9962ec60-824d-4b5c-b72c-a80d9f5353d3"address:"127.0.0.1:15015"priority:1dataStreamAddress:"127.0.0.1:15016"clientAddress:"127.0.0.1:15013"adminAddress:"127.0.0.1:15014"startupRole:FOLLOWER, id:"bb53dc84-9509-46ab-9745-0f1d93457633"address:"127.0.0.1:15031"dataStreamAddress:"127.0.0.1:15032"clientAddress:"127.0.0.1:15029"adminAddress:"127.0.0.1:15030"startupRole:FOLLOWER, old:) 
2025-09-28 08:46:21,159 [9962ec60-824d-4b5c-b72c-a80d9f5353d3@group-C51117D219B2-StateMachineUpdater] INFO  ratis.ContainerStateMachine (ContainerStateMachine.java:takeSnapshot(436)) - group-C51117D219B2: Finished taking a snapshot at:(t:1, i:0) file:/home/runner/work/ozone/ozone/hadoop-ozone/integration-test/target/test-dir/MiniOzoneClusterImpl-6c2de427-7485-43c3-b878-dcc0cf80ac7a/ozone-metadata/datanode-1/ratis/53d4c00e-e1b0-426e-9c26-c51117d219b2/sm/snapshot.1_0 took: 67 ms
2025-09-28 08:46:21,159 [grpc-default-executor-3] INFO  server.GrpcLogAppender (GrpcLogAppender.java:onCompleted(558)) - 9962ec60-824d-4b5c-b72c-a80d9f5353d3@group-C51117D219B2->b8386e11-96d4-4625-b991-c054db98adbd-AppendLogResponseHandler: follower responses appendEntries COMPLETED
2025-09-28 08:46:21,159 [grpc-default-executor-3] WARN  server.GrpcLogAppender (GrpcLogAppender.java:resetClient(237)) - 9962ec60-824d-4b5c-b72c-a80d9f5353d3@group-C51117D219B2->b8386e11-96d4-4625-b991-c054db98adbd-GrpcLogAppender: Failed to getClient for b8386e11-96d4-4625-b991-c054db98adbd
org.apache.ratis.protocol.exceptions.AlreadyClosedException: 9962ec60-824d-4b5c-b72c-a80d9f5353d3 is already CLOSED
	at org.apache.ratis.util.PeerProxyMap$PeerAndProxy.getProxy(PeerProxyMap.java:67)
	at org.apache.ratis.util.PeerProxyMap.getProxy(PeerProxyMap.java:124)
	at org.apache.ratis.grpc.server.GrpcLogAppender.getClient(GrpcLogAppender.java:207)
	at org.apache.ratis.grpc.server.GrpcLogAppender.resetClient(GrpcLogAppender.java:212)
	at org.apache.ratis.grpc.server.GrpcLogAppender.access$800(GrpcLogAppender.java:70)
	at org.apache.ratis.grpc.server.GrpcLogAppender$AppendLogResponseHandler.onCompleted(GrpcLogAppender.java:559)
	at org.apache.ratis.thirdparty.io.grpc.stub.ClientCalls$StreamObserverToCallListenerAdapter.onClose(ClientCalls.java:562)
	at org.apache.ratis.thirdparty.io.grpc.internal.DelayedClientCall$DelayedListener$3.run(DelayedClientCall.java:489)
	at org.apache.ratis.thirdparty.io.grpc.internal.DelayedClientCall$DelayedListener.delayOrExecute(DelayedClientCall.java:453)
	at org.apache.ratis.thirdparty.io.grpc.internal.DelayedClientCall$DelayedListener.onClose(DelayedClientCall.java:486)
	at org.apache.ratis.thirdparty.io.grpc.internal.ClientCallImpl.closeObserver(ClientCallImpl.java:565)
	at org.apache.ratis.thirdparty.io.grpc.internal.ClientCallImpl.access$100(ClientCallImpl.java:72)
	at org.apache.ratis.thirdparty.io.grpc.internal.ClientCallImpl$ClientStreamListenerImpl$1StreamClosed.runInternal(ClientCallImpl.java:733)
	at org.apache.ratis.thirdparty.io.grpc.internal.ClientCallImpl$ClientStreamListenerImpl$1StreamClosed.runInContext(ClientCallImpl.java:714)
	at org.apache.ratis.thirdparty.io.grpc.internal.ContextRunnable.run(ContextRunnable.java:37)
	at org.apache.ratis.thirdparty.io.grpc.internal.SerializingExecutor.run(SerializingExecutor.java:133)
	at java.base/java.util.concurrent.ThreadPoolExecutor.runWorker(ThreadPoolExecutor.java:1144)
	at java.base/java.util.concurrent.ThreadPoolExecutor$Worker.run(ThreadPoolExecutor.java:642)
	at java.base/java.lang.Thread.run(Thread.java:1583)
2025-09-28 08:46:21,159 [9962ec60-824d-4b5c-b72c-a80d9f5353d3@group-71444778A42C-StateMachineUpdater] INFO  ratis.ContainerStateMachine (ContainerStateMachine.java:takeSnapshot(436)) - group-71444778A42C: Finished taking a snapshot at:(t:1, i:0) file:/home/runner/work/ozone/ozone/hadoop-ozone/integration-test/target/test-dir/MiniOzoneClusterImpl-6c2de427-7485-43c3-b878-dcc0cf80ac7a/ozone-metadata/datanode-1/ratis/e6dd397e-dea0-4554-85a2-71444778a42c/sm/snapshot.1_0 took: 67 ms
2025-09-28 08:46:21,160 [9962ec60-824d-4b5c-b72c-a80d9f5353d3@group-C51117D219B2-StateMachineUpdater] INFO  impl.StateMachineUpdater (StateMachineUpdater.java:takeSnapshot(307)) - 9962ec60-824d-4b5c-b72c-a80d9f5353d3@group-C51117D219B2-StateMachineUpdater: Took a snapshot at index 0
2025-09-28 08:46:21,160 [9962ec60-824d-4b5c-b72c-a80d9f5353d3@group-C51117D219B2-StateMachineUpdater] INFO  impl.StateMachineUpdater (StateMachineUpdater.java:lambda$new$0(101)) - 9962ec60-824d-4b5c-b72c-a80d9f5353d3@group-C51117D219B2-StateMachineUpdater: snapshotIndex: updateIncreasingly -1 -> 0
2025-09-28 08:46:21,160 [9962ec60-824d-4b5c-b72c-a80d9f5353d3@group-71444778A42C-StateMachineUpdater] INFO  impl.StateMachineUpdater (StateMachineUpdater.java:takeSnapshot(307)) - 9962ec60-824d-4b5c-b72c-a80d9f5353d3@group-71444778A42C-StateMachineUpdater: Took a snapshot at index 0
2025-09-28 08:46:21,160 [9962ec60-824d-4b5c-b72c-a80d9f5353d3@group-71444778A42C-StateMachineUpdater] INFO  impl.StateMachineUpdater (StateMachineUpdater.java:lambda$new$0(101)) - 9962ec60-824d-4b5c-b72c-a80d9f5353d3@group-71444778A42C-StateMachineUpdater: snapshotIndex: updateIncreasingly -1 -> 0
2025-09-28 08:46:21,160 [9962ec60-824d-4b5c-b72c-a80d9f5353d3@group-C51117D219B2-StateMachineUpdater] INFO  impl.StateMachineUpdater (StateMachineUpdater.java:stop(140)) - 9962ec60-824d-4b5c-b72c-a80d9f5353d3@group-C51117D219B2-StateMachineUpdater: closing ContainerStateMachine, lastApplied=(t:1, i:0)
2025-09-28 08:46:21,160 [9962ec60-824d-4b5c-b72c-a80d9f5353d3@group-71444778A42C-StateMachineUpdater] INFO  impl.StateMachineUpdater (StateMachineUpdater.java:stop(140)) - 9962ec60-824d-4b5c-b72c-a80d9f5353d3@group-71444778A42C-StateMachineUpdater: closing ContainerStateMachine, lastApplied=(t:1, i:0)
2025-09-28 08:46:21,160 [grpc-default-executor-3] INFO  server.GrpcLogAppender (GrpcLogAppender.java:onCompleted(558)) - 9962ec60-824d-4b5c-b72c-a80d9f5353d3@group-C51117D219B2->b8386e11-96d4-4625-b991-c054db98adbd-AppendLogResponseHandler: follower responses appendEntries COMPLETED
2025-09-28 08:46:21,160 [grpc-default-executor-3] WARN  server.GrpcLogAppender (GrpcLogAppender.java:resetClient(237)) - 9962ec60-824d-4b5c-b72c-a80d9f5353d3@group-C51117D219B2->b8386e11-96d4-4625-b991-c054db98adbd-GrpcLogAppender: Failed to getClient for b8386e11-96d4-4625-b991-c054db98adbd
org.apache.ratis.protocol.exceptions.AlreadyClosedException: 9962ec60-824d-4b5c-b72c-a80d9f5353d3 is already CLOSED
	at org.apache.ratis.util.PeerProxyMap$PeerAndProxy.getProxy(PeerProxyMap.java:67)
	at org.apache.ratis.util.PeerProxyMap.getProxy(PeerProxyMap.java:124)
	at org.apache.ratis.grpc.server.GrpcLogAppender.getClient(GrpcLogAppender.java:207)
	at org.apache.ratis.grpc.server.GrpcLogAppender.resetClient(GrpcLogAppender.java:212)
	at org.apache.ratis.grpc.server.GrpcLogAppender.access$800(GrpcLogAppender.java:70)
	at org.apache.ratis.grpc.server.GrpcLogAppender$AppendLogResponseHandler.onCompleted(GrpcLogAppender.java:559)
	at org.apache.ratis.thirdparty.io.grpc.stub.ClientCalls$StreamObserverToCallListenerAdapter.onClose(ClientCalls.java:562)
	at org.apache.ratis.thirdparty.io.grpc.internal.ClientCallImpl.closeObserver(ClientCallImpl.java:565)
	at org.apache.ratis.thirdparty.io.grpc.internal.ClientCallImpl.access$100(ClientCallImpl.java:72)
	at org.apache.ratis.thirdparty.io.grpc.internal.ClientCallImpl$ClientStreamListenerImpl$1StreamClosed.runInternal(ClientCallImpl.java:733)
	at org.apache.ratis.thirdparty.io.grpc.internal.ClientCallImpl$ClientStreamListenerImpl$1StreamClosed.runInContext(ClientCallImpl.java:714)
	at org.apache.ratis.thirdparty.io.grpc.internal.ContextRunnable.run(ContextRunnable.java:37)
	at org.apache.ratis.thirdparty.io.grpc.internal.SerializingExecutor.run(SerializingExecutor.java:133)
	at java.base/java.util.concurrent.ThreadPoolExecutor.runWorker(ThreadPoolExecutor.java:1144)
	at java.base/java.util.concurrent.ThreadPoolExecutor$Worker.run(ThreadPoolExecutor.java:642)
	at java.base/java.lang.Thread.run(Thread.java:1583)
2025-09-28 08:46:21,161 [9962ec60-824d-4b5c-b72c-a80d9f5353d3@group-C51117D219B2-cacheEviction-AwaitToRun] INFO  util.AwaitToRun (AwaitToRun.java:run(49)) - 9962ec60-824d-4b5c-b72c-a80d9f5353d3@group-C51117D219B2-cacheEviction-AwaitToRun-AwaitForSignal is interrupted
2025-09-28 08:46:21,161 [9962ec60-824d-4b5c-b72c-a80d9f5353d3@group-71444778A42C-cacheEviction-AwaitToRun] INFO  util.AwaitToRun (AwaitToRun.java:run(49)) - 9962ec60-824d-4b5c-b72c-a80d9f5353d3@group-71444778A42C-cacheEviction-AwaitToRun-AwaitForSignal is interrupted
2025-09-28 08:46:21,161 [ForkJoinPool-1-worker-1] INFO  server.GrpcServicesImpl (GrpcServicesImpl.java:closeImpl(364)) - 9962ec60-824d-4b5c-b72c-a80d9f5353d3: shutdown server org.apache.ratis.grpc.server.GrpcClientProtocolService successfully
2025-09-28 08:46:21,162 [ForkJoinPool-1-worker-1] INFO  server.GrpcServicesImpl (GrpcServicesImpl.java:closeImpl(355)) - 9962ec60-824d-4b5c-b72c-a80d9f5353d3: shutdown server GrpcServerProtocolService now
2025-09-28 08:46:21,162 [9962ec60-824d-4b5c-b72c-a80d9f5353d3@group-F8BBE9FFE6D0-StateMachineUpdater] INFO  ratis.ContainerStateMachine (ContainerStateMachine.java:takeSnapshot(436)) - group-F8BBE9FFE6D0: Finished taking a snapshot at:(t:1, i:5) file:/home/runner/work/ozone/ozone/hadoop-ozone/integration-test/target/test-dir/MiniOzoneClusterImpl-6c2de427-7485-43c3-b878-dcc0cf80ac7a/ozone-metadata/datanode-1/ratis/df70ece9-6c5f-4732-bdaa-f8bbe9ffe6d0/sm/snapshot.1_5 took: 73 ms
2025-09-28 08:46:21,163 [9962ec60-824d-4b5c-b72c-a80d9f5353d3@group-F8BBE9FFE6D0-StateMachineUpdater] INFO  impl.StateMachineUpdater (StateMachineUpdater.java:takeSnapshot(307)) - 9962ec60-824d-4b5c-b72c-a80d9f5353d3@group-F8BBE9FFE6D0-StateMachineUpdater: Took a snapshot at index 5
2025-09-28 08:46:21,163 [9962ec60-824d-4b5c-b72c-a80d9f5353d3@group-F8BBE9FFE6D0-StateMachineUpdater] INFO  impl.StateMachineUpdater (StateMachineUpdater.java:lambda$new$0(101)) - 9962ec60-824d-4b5c-b72c-a80d9f5353d3@group-F8BBE9FFE6D0-StateMachineUpdater: snapshotIndex: updateIncreasingly -1 -> 5
2025-09-28 08:46:21,163 [9962ec60-824d-4b5c-b72c-a80d9f5353d3@group-F8BBE9FFE6D0-StateMachineUpdater] INFO  impl.StateMachineUpdater (StateMachineUpdater.java:stop(140)) - 9962ec60-824d-4b5c-b72c-a80d9f5353d3@group-F8BBE9FFE6D0-StateMachineUpdater: closing ContainerStateMachine, lastApplied=(t:1, i:5)
2025-09-28 08:46:21,163 [9962ec60-824d-4b5c-b72c-a80d9f5353d3@group-F8BBE9FFE6D0-cacheEviction-AwaitToRun] INFO  util.AwaitToRun (AwaitToRun.java:run(49)) - 9962ec60-824d-4b5c-b72c-a80d9f5353d3@group-F8BBE9FFE6D0-cacheEviction-AwaitToRun-AwaitForSignal is interrupted
2025-09-28 08:46:21,165 [grpc-default-executor-1] WARN  server.GrpcServerProtocolService (LogUtils.java:warn(127)) - 9962ec60-824d-4b5c-b72c-a80d9f5353d3: APPEND_ENTRIES onError, lastRequest: null: org.apache.ratis.thirdparty.io.grpc.StatusRuntimeException: CANCELLED: client cancelled
2025-09-28 08:46:21,166 [grpc-default-executor-5] WARN  server.GrpcServerProtocolService (LogUtils.java:warn(127)) - 9962ec60-824d-4b5c-b72c-a80d9f5353d3: APPEND_ENTRIES onError, lastRequest: b8386e11-96d4-4625-b991-c054db98adbd->9962ec60-824d-4b5c-b72c-a80d9f5353d3#14-t1,previous=(t:1, i:5),leaderCommit=5,initializing? false,entries: size=1, first=(t:1, i:6), METADATAENTRY(c:5): org.apache.ratis.thirdparty.io.grpc.StatusRuntimeException: CANCELLED: client cancelled
2025-09-28 08:46:21,167 [ForkJoinPool-1-worker-1] INFO  server.GrpcServicesImpl (GrpcServicesImpl.java:closeImpl(364)) - 9962ec60-824d-4b5c-b72c-a80d9f5353d3: shutdown server GrpcServerProtocolService successfully
2025-09-28 08:46:21,167 [grpc-default-executor-1] WARN  server.GrpcLogAppender (LogUtils.java:warn(127)) - b8386e11-96d4-4625-b991-c054db98adbd@group-F8BBE9FFE6D0->9962ec60-824d-4b5c-b72c-a80d9f5353d3-AppendLogResponseHandler: Failed appendEntries: org.apache.ratis.thirdparty.io.grpc.StatusRuntimeException: CANCELLED: RST_STREAM closed stream. HTTP/2 error code: CANCEL
2025-09-28 08:46:21,167 [ForkJoinPool-1-worker-1] INFO  server.GrpcServicesImpl (GrpcServicesImpl.java:closeImpl(355)) - 9962ec60-824d-4b5c-b72c-a80d9f5353d3: shutdown server org.apache.ratis.grpc.server.GrpcAdminProtocolService now
2025-09-28 08:46:21,168 [ForkJoinPool-1-worker-1] INFO  server.GrpcServicesImpl (GrpcServicesImpl.java:closeImpl(364)) - 9962ec60-824d-4b5c-b72c-a80d9f5353d3: shutdown server org.apache.ratis.grpc.server.GrpcAdminProtocolService successfully
2025-09-28 08:46:21,170 [grpc-default-executor-5] WARN  server.GrpcLogAppender (GrpcLogAppender.java:lambda$resetClient$1(228)) - b8386e11-96d4-4625-b991-c054db98adbd@group-F8BBE9FFE6D0->9962ec60-824d-4b5c-b72c-a80d9f5353d3-GrpcLogAppender: Follower failed (request=null, errorCount=1); keep nextIndex (7) unchanged and retry.
2025-09-28 08:46:21,172 [9962ec60-824d-4b5c-b72c-a80d9f5353d3-NettyServerStreamRpc-bossGroup--thread1] INFO  logging.LoggingHandler (AbstractInternalLogger.java:log(148)) - [id: 0x10a0fc4a, L:/0.0.0.0:15016] CLOSE
2025-09-28 08:46:21,172 [9962ec60-824d-4b5c-b72c-a80d9f5353d3-NettyServerStreamRpc-bossGroup--thread1] INFO  logging.LoggingHandler (AbstractInternalLogger.java:log(148)) - [id: 0x10a0fc4a, L:/0.0.0.0:15016] INACTIVE
2025-09-28 08:46:21,172 [9962ec60-824d-4b5c-b72c-a80d9f5353d3-NettyServerStreamRpc-bossGroup--thread1] INFO  logging.LoggingHandler (AbstractInternalLogger.java:log(148)) - [id: 0x10a0fc4a, L:/0.0.0.0:15016] UNREGISTERED
2025-09-28 08:46:21,228 [9962ec60-824d-4b5c-b72c-a80d9f5353d3-impl-thread2] INFO  segmented.SegmentedRaftLogWorker (SegmentedRaftLogWorker.java:close(254)) - 9962ec60-824d-4b5c-b72c-a80d9f5353d3@group-71444778A42C-SegmentedRaftLogWorker close()
2025-09-28 08:46:21,228 [9962ec60-824d-4b5c-b72c-a80d9f5353d3-impl-thread2] INFO  ratis.ContainerStateMachine (ContainerStateMachine.java:notifyServerShutdown(1038)) - group-71444778A42C is closed by HddsDatanodeService
2025-09-28 08:46:21,298 [9962ec60-824d-4b5c-b72c-a80d9f5353d3-impl-thread1] INFO  segmented.SegmentedRaftLogWorker (SegmentedRaftLogWorker.java:close(254)) - 9962ec60-824d-4b5c-b72c-a80d9f5353d3@group-C51117D219B2-SegmentedRaftLogWorker close()
2025-09-28 08:46:21,298 [9962ec60-824d-4b5c-b72c-a80d9f5353d3-impl-thread1] INFO  ratis.ContainerStateMachine (ContainerStateMachine.java:notifyServerShutdown(1038)) - group-C51117D219B2 is closed by HddsDatanodeService
2025-09-28 08:46:21,790 [9962ec60-824d-4b5c-b72c-a80d9f5353d3-impl-thread3] INFO  segmented.SegmentedRaftLogWorker (SegmentedRaftLogWorker.java:close(254)) - 9962ec60-824d-4b5c-b72c-a80d9f5353d3@group-F8BBE9FFE6D0-SegmentedRaftLogWorker close()
2025-09-28 08:46:21,791 [9962ec60-824d-4b5c-b72c-a80d9f5353d3-impl-thread3] INFO  ratis.ContainerStateMachine (ContainerStateMachine.java:notifyServerShutdown(1038)) - group-F8BBE9FFE6D0 is closed by HddsDatanodeService
2025-09-28 08:46:21,792 [JvmPauseMonitor3] INFO  util.JvmPauseMonitor (JvmPauseMonitor.java:run(152)) - JvmPauseMonitor-9962ec60-824d-4b5c-b72c-a80d9f5353d3: Stopped
2025-09-28 08:46:23,803 [ForkJoinPool-1-worker-1] INFO  utils.DatanodeStoreCache (DatanodeStoreCache.java:shutdownCache(110)) - Skip clearing cache in mini cluster mode. Entries left: [/home/runner/work/ozone/ozone/hadoop-ozone/integration-test/target/test-dir/MiniOzoneClusterImpl-6c2de427-7485-43c3-b878-dcc0cf80ac7a/ozone-metadata/datanode-1/data-0/hdds/6c2de427-7485-43c3-b878-dcc0cf80ac7a/DS-2bd9a162-4bd4-4dbd-ada1-e21e22f6f8b2/container.db, /home/runner/work/ozone/ozone/hadoop-ozone/integration-test/target/test-dir/MiniOzoneClusterImpl-6c2de427-7485-43c3-b878-dcc0cf80ac7a/ozone-metadata/datanode-2/data-0/hdds/6c2de427-7485-43c3-b878-dcc0cf80ac7a/DS-f41f83e1-12cd-4baa-b9f3-fb95eeb4a82c/container.db, /home/runner/work/ozone/ozone/hadoop-ozone/integration-test/target/test-dir/MiniOzoneClusterImpl-6c2de427-7485-43c3-b878-dcc0cf80ac7a/ozone-metadata/datanode-3/data-0/hdds/6c2de427-7485-43c3-b878-dcc0cf80ac7a/DS-c97308f0-1143-4fa4-ae2a-0b1d4b75f11c/container.db]
2025-09-28 08:46:23,806 [ForkJoinPool-1-worker-1] INFO  utils.DatanodeStoreCache (DatanodeStoreCache.java:removeDB(104)) - Removed db /home/runner/work/ozone/ozone/hadoop-ozone/integration-test/target/test-dir/MiniOzoneClusterImpl-6c2de427-7485-43c3-b878-dcc0cf80ac7a/ozone-metadata/datanode-1/data-0/hdds/6c2de427-7485-43c3-b878-dcc0cf80ac7a/DS-2bd9a162-4bd4-4dbd-ada1-e21e22f6f8b2/container.db from cache
2025-09-28 08:46:23,806 [ForkJoinPool-1-worker-1] INFO  volume.HddsVolume (HddsVolume.java:closeDbStore(609)) - SchemaV3 db is stopped at /home/runner/work/ozone/ozone/hadoop-ozone/integration-test/target/test-dir/MiniOzoneClusterImpl-6c2de427-7485-43c3-b878-dcc0cf80ac7a/ozone-metadata/datanode-1/data-0/hdds/6c2de427-7485-43c3-b878-dcc0cf80ac7a/DS-2bd9a162-4bd4-4dbd-ada1-e21e22f6f8b2/container.db for volume DS-2bd9a162-4bd4-4dbd-ada1-e21e22f6f8b2
2025-09-28 08:46:23,807 [ForkJoinPool-1-worker-1] INFO  utils.BackgroundService (BackgroundService.java:shutdown(195)) - Shutting down service BlockDeletingService
2025-09-28 08:46:23,807 [ForkJoinPool-1-worker-1] INFO  utils.BackgroundService (BackgroundService.java:shutdown(195)) - Shutting down service StaleRecoveringContainerScrubbingService
2025-09-28 08:46:23,809 [ForkJoinPool-1-worker-1] INFO  statemachine.DatanodeStateMachine (DatanodeStateMachine.java:stopDaemon(654)) - Ozone container server stopped.
2025-09-28 08:46:23,821 [ForkJoinPool-1-worker-1] INFO  handler.ContextHandler (ContextHandler.java:doStop(1159)) - Stopped o.e.j.w.WebAppContext@3f48c896{hddsDatanode,/,null,STOPPED}{jar:file:/home/runner/work/ozone/ozone/hadoop-hdds/container-service/target/hdds-container-service-2.1.0-SNAPSHOT.jar!/webapps/hddsDatanode}
2025-09-28 08:46:23,824 [ForkJoinPool-1-worker-1] INFO  server.AbstractConnector (AbstractConnector.java:doStop(383)) - Stopped ServerConnector@24377b15{HTTP/1.1, (http/1.1)}{0.0.0.0:15010}
2025-09-28 08:46:23,824 [ForkJoinPool-1-worker-1] INFO  server.session (HouseKeeper.java:stopScavenging(149)) - node0 Stopped scavenging
2025-09-28 08:46:23,824 [ForkJoinPool-1-worker-1] INFO  handler.ContextHandler (ContextHandler.java:doStop(1159)) - Stopped o.e.j.s.ServletContextHandler@3b3eb70{static,/static,jar:file:/home/runner/work/ozone/ozone/hadoop-hdds/container-service/target/hdds-container-service-2.1.0-SNAPSHOT.jar!/webapps/static,STOPPED}
2025-09-28 08:46:23,825 [ForkJoinPool-1-worker-1] INFO  handler.ContextHandler (ContextHandler.java:doStop(1159)) - Stopped o.e.j.s.ServletContextHandler@6568c2d0{logs,/logs,file:///home/runner/work/ozone/ozone/hadoop-ozone/integration-test/target/log,STOPPED}
2025-09-28 08:46:23,827 [ForkJoinPool-1-worker-1] INFO  ozone.HddsDatanodeClientProtocolServer (HddsDatanodeClientProtocolServer.java:stop(82)) - Stopping the RPC server for Client Protocol
2025-09-28 08:46:23,827 [ForkJoinPool-1-worker-1] INFO  ipc.Server (Server.java:stop(3697)) - Stopping server on 15011
2025-09-28 08:46:23,828 [IPC Server listener on 15011] INFO  ipc.Server (Server.java:run(1585)) - Stopping IPC Server listener on 15011
2025-09-28 08:46:23,828 [IPC Server Responder] INFO  ipc.Server (Server.java:run(1718)) - Stopping IPC Server Responder
2025-09-28 08:46:23,831 [ForkJoinPool-1-worker-1] INFO  impl.MetricsSystemImpl (MetricsSystemImpl.java:init(158)) - HddsDatanode metrics system started (again)
2025-09-28 08:46:23,848 [EventQueue-StaleNodeForStaleNodeHandler] INFO  node.StaleNodeHandler (StaleNodeHandler.java:onMessage(51)) - Datanode 9962ec60-824d-4b5c-b72c-a80d9f5353d3(localhost/127.0.0.1) moved to stale state. Finalizing its pipelines [Pipeline-53d4c00e-e1b0-426e-9c26-c51117d219b2, Pipeline-e6dd397e-dea0-4554-85a2-71444778a42c, Pipeline-df70ece9-6c5f-4732-bdaa-f8bbe9ffe6d0]
2025-09-28 08:46:23,851 [EventQueue-StaleNodeForStaleNodeHandler] INFO  pipeline.PipelineManagerImpl (PipelineManagerImpl.java:closePipeline(511)) - Pipeline Pipeline-53d4c00e-e1b0-426e-9c26-c51117d219b2 moved to CLOSED state
2025-09-28 08:46:23,852 [EventQueue-StaleNodeForStaleNodeHandler] INFO  pipeline.PipelineManagerImpl (PipelineManagerImpl.java:closePipeline(511)) - Pipeline Pipeline-e6dd397e-dea0-4554-85a2-71444778a42c moved to CLOSED state
2025-09-28 08:46:23,855 [EventQueue-StaleNodeForStaleNodeHandler] INFO  pipeline.PipelineManagerImpl (PipelineManagerImpl.java:closePipeline(511)) - Pipeline Pipeline-df70ece9-6c5f-4732-bdaa-f8bbe9ffe6d0 moved to CLOSED state
2025-09-28 08:46:23,868 [ForkJoinPool-1-worker-1] INFO  ozone.HddsDatanodeService (HddsDatanodeService.java:start(236)) - HddsDatanodeService 9962ec60-824d-4b5c-b72c-a80d9f5353d3(localhost/127.0.0.1)
2025-09-28 08:46:23,869 [ForkJoinPool-1-worker-1] INFO  upgrade.AbstractLayoutVersionManager (AbstractLayoutVersionManager.java:init(80)) - Initializing Layout version manager with metadata layout = WITNESSED_CONTAINER_DB_PROTO_VALUE (version = 9), software layout = WITNESSED_CONTAINER_DB_PROTO_VALUE (version = 9)
2025-09-28 08:46:23,870 [ForkJoinPool-1-worker-1] INFO  statemachine.DatanodeStateMachine (DatanodeStateMachine.java:getEndPointTaskThreadPoolSize(321)) - Datanode State Machine Task Thread Pool size 2
2025-09-28 08:46:23,873 [ForkJoinPool-1-worker-1] INFO  volume.HddsVolume (HddsVolume.java:<init>(162)) - HddsVolume: { id=DS-2bd9a162-4bd4-4dbd-ada1-e21e22f6f8b2 dir=/home/runner/work/ozone/ozone/hadoop-ozone/integration-test/target/test-dir/MiniOzoneClusterImpl-6c2de427-7485-43c3-b878-dcc0cf80ac7a/ozone-metadata/datanode-1/data-0/hdds type=DISK capacity=9222449699674390527 used=0 available=9222449699674390527 minFree=9222450130714624 committed=0 }
2025-09-28 08:46:23,873 [ForkJoinPool-1-worker-1] INFO  volume.MutableVolumeSet (MutableVolumeSet.java:initializeVolumeSet(175)) - Added Volume : /home/runner/work/ozone/ozone/hadoop-ozone/integration-test/target/test-dir/MiniOzoneClusterImpl-6c2de427-7485-43c3-b878-dcc0cf80ac7a/ozone-metadata/datanode-1/data-0/hdds to VolumeSet
2025-09-28 08:46:23,874 [ForkJoinPool-1-worker-1] INFO  volume.MutableVolumeSet (MutableVolumeSet.java:initializeVolumeSet(175)) - Added Volume : /home/runner/work/ozone/ozone/hadoop-ozone/integration-test/target/test-dir/MiniOzoneClusterImpl-6c2de427-7485-43c3-b878-dcc0cf80ac7a/ozone-metadata/datanode-1/ratis to VolumeSet
2025-09-28 08:46:23,891 [ForkJoinPool.commonPool-worker-1] INFO  utils.DatanodeStoreCache (DatanodeStoreCache.java:addDB(70)) - Added db /home/runner/work/ozone/ozone/hadoop-ozone/integration-test/target/test-dir/MiniOzoneClusterImpl-6c2de427-7485-43c3-b878-dcc0cf80ac7a/ozone-metadata/datanode-1/data-0/hdds/6c2de427-7485-43c3-b878-dcc0cf80ac7a/DS-2bd9a162-4bd4-4dbd-ada1-e21e22f6f8b2/container.db to cache
2025-09-28 08:46:23,891 [ForkJoinPool.commonPool-worker-1] INFO  volume.HddsVolume (HddsVolume.java:loadDbStore(517)) - SchemaV3 db is loaded at /home/runner/work/ozone/ozone/hadoop-ozone/integration-test/target/test-dir/MiniOzoneClusterImpl-6c2de427-7485-43c3-b878-dcc0cf80ac7a/ozone-metadata/datanode-1/data-0/hdds/6c2de427-7485-43c3-b878-dcc0cf80ac7a/DS-2bd9a162-4bd4-4dbd-ada1-e21e22f6f8b2/container.db for volume DS-2bd9a162-4bd4-4dbd-ada1-e21e22f6f8b2
2025-09-28 08:46:23,891 [ForkJoinPool-1-worker-1] INFO  ozoneimpl.OzoneContainer (HddsVolumeUtil.java:loadAllHddsVolumeDbStore(102)) - Load 1 volumes DbStore cost: 16ms
2025-09-28 08:46:23,892 [ForkJoinPool-1-worker-1] WARN  db.DBStoreBuilder (DBStoreBuilder.java:getDBDirPath(158)) - ozone.scm.datanode.id.dir is not configured. We recommend adding this setting. Falling back to ozone.metadata.dirs instead.
2025-09-28 08:46:23,893 [ForkJoinPool-1-worker-1] WARN  db.DBStoreBuilder (DBStoreBuilder.java:getDBDirPath(158)) - ozone.scm.datanode.id.dir is not configured. We recommend adding this setting. Falling back to ozone.metadata.dirs instead.
2025-09-28 08:46:23,903 [ForkJoinPool-1-worker-1] INFO  impl.FilePerChunkStrategy (FilePerChunkStrategy.java:<init>(79)) - ozone.chunk.read.mapped.buffer.max.count is load with 0
2025-09-28 08:46:23,903 [ForkJoinPool-1-worker-1] INFO  impl.FilePerBlockStrategy (FilePerBlockStrategy.java:<init>(88)) - ozone.chunk.read.mapped.buffer.max.count is load with 0
2025-09-28 08:46:23,904 [ForkJoinPool-1-worker-1] INFO  server.RaftServerConfigKeys (ConfUtils.java:logGet(62)) - raft.server.log.appender.buffer.byte-limit = 33554432 (custom)
2025-09-28 08:46:23,906 [ForkJoinPool-1-worker-1] INFO  grpc.GrpcConfigKeys (ConfUtils.java:logFallback(69)) - raft.grpc.admin.host = null (fallback to raft.grpc.server.host)
2025-09-28 08:46:23,907 [ForkJoinPool-1-worker-1] INFO  grpc.GrpcConfigKeys (ConfUtils.java:logGet(62)) - raft.grpc.admin.port = 15014 (custom)
2025-09-28 08:46:23,907 [ForkJoinPool-1-worker-1] INFO  grpc.GrpcConfigKeys (ConfUtils.java:logFallback(69)) - raft.grpc.client.host = null (fallback to raft.grpc.server.host)
2025-09-28 08:46:23,907 [ForkJoinPool-1-worker-1] INFO  grpc.GrpcConfigKeys (ConfUtils.java:logGet(62)) - raft.grpc.client.port = 15013 (custom)
2025-09-28 08:46:23,907 [ForkJoinPool-1-worker-1] INFO  grpc.GrpcConfigKeys (ConfUtils.java:logGet(62)) - raft.grpc.server.port = 15015 (custom)
2025-09-28 08:46:23,907 [ForkJoinPool-1-worker-1] INFO  server.GrpcServicesImpl (ConfUtils.java:logGet(62)) - raft.grpc.message.size.max = 34603008 (custom)
2025-09-28 08:46:23,907 [ForkJoinPool-1-worker-1] INFO  server.GrpcServicesImpl (ConfUtils.java:logGet(62)) - raft.grpc.flow.control.window = 5MB (=5242880) (custom)
2025-09-28 08:46:23,908 [ForkJoinPool-1-worker-1] INFO  server.RaftServerConfigKeys (ConfUtils.java:logGet(62)) - raft.server.log.appender.buffer.byte-limit = 33554432 (custom)
2025-09-28 08:46:23,910 [ForkJoinPool-1-worker-1] INFO  netty.NettyUtils (NettyUtils.java:newEventLoopGroup(74)) - Create EpollEventLoopGroup for 9962ec60-824d-4b5c-b72c-a80d9f5353d3-NettyServerStreamRpc-bossGroup; Thread size is 0.
2025-09-28 08:46:23,910 [ForkJoinPool-1-worker-1] INFO  netty.NettyUtils (NettyUtils.java:newEventLoopGroup(74)) - Create EpollEventLoopGroup for 9962ec60-824d-4b5c-b72c-a80d9f5353d3-NettyServerStreamRpc-workerGroup; Thread size is 0.
2025-09-28 08:46:23,911 [ForkJoinPool-1-worker-1] INFO  netty.NettyConfigKeys$DataStream (ConfUtils.java:logGet(62)) - raft.netty.dataStream.port = 15016 (custom)
2025-09-28 08:46:23,912 [9962ec60-824d-4b5c-b72c-a80d9f5353d3-NettyServerStreamRpc-bossGroup--thread1] INFO  logging.LoggingHandler (AbstractInternalLogger.java:log(148)) - [id: 0x80402204] REGISTERED
2025-09-28 08:46:23,912 [ForkJoinPool-1-worker-1] INFO  server.RaftServerConfigKeys (ConfUtils.java:logGet(62)) - raft.server.storage.dir = [/home/runner/work/ozone/ozone/hadoop-ozone/integration-test/target/test-dir/MiniOzoneClusterImpl-6c2de427-7485-43c3-b878-dcc0cf80ac7a/ozone-metadata/datanode-1/ratis] (custom)
2025-09-28 08:46:23,913 [9962ec60-824d-4b5c-b72c-a80d9f5353d3-NettyServerStreamRpc-bossGroup--thread1] INFO  logging.LoggingHandler (AbstractInternalLogger.java:log(148)) - [id: 0x80402204] BIND: 0.0.0.0/0.0.0.0:15016
2025-09-28 08:46:23,913 [9962ec60-824d-4b5c-b72c-a80d9f5353d3-NettyServerStreamRpc-bossGroup--thread1] INFO  logging.LoggingHandler (AbstractInternalLogger.java:log(148)) - [id: 0x80402204, L:/0.0.0.0:15016] ACTIVE
2025-09-28 08:46:23,913 [9962ec60-824d-4b5c-b72c-a80d9f5353d3-impl-thread1] INFO  server.RaftServer (RaftServerProxy.java:initGroupDir(270)) - 9962ec60-824d-4b5c-b72c-a80d9f5353d3: found a subdirectory /home/runner/work/ozone/ozone/hadoop-ozone/integration-test/target/test-dir/MiniOzoneClusterImpl-6c2de427-7485-43c3-b878-dcc0cf80ac7a/ozone-metadata/datanode-1/ratis/e6dd397e-dea0-4554-85a2-71444778a42c
2025-09-28 08:46:23,913 [9962ec60-824d-4b5c-b72c-a80d9f5353d3-impl-thread1] INFO  server.RaftServer (RaftServerProxy.java:addNew(105)) - 9962ec60-824d-4b5c-b72c-a80d9f5353d3: addNew group-71444778A42C:[] returns group-71444778A42C:java.util.concurrent.CompletableFuture@2ccd11b9[Not completed]
2025-09-28 08:46:23,914 [9962ec60-824d-4b5c-b72c-a80d9f5353d3-impl-thread1] INFO  server.RaftServer (RaftServerProxy.java:initGroupDir(270)) - 9962ec60-824d-4b5c-b72c-a80d9f5353d3: found a subdirectory /home/runner/work/ozone/ozone/hadoop-ozone/integration-test/target/test-dir/MiniOzoneClusterImpl-6c2de427-7485-43c3-b878-dcc0cf80ac7a/ozone-metadata/datanode-1/ratis/tmp
2025-09-28 08:46:23,914 [9962ec60-824d-4b5c-b72c-a80d9f5353d3-impl-thread1] INFO  server.RaftServer (RaftServerProxy.java:initGroupDir(275)) - 9962ec60-824d-4b5c-b72c-a80d9f5353d3: The directory /home/runner/work/ozone/ozone/hadoop-ozone/integration-test/target/test-dir/MiniOzoneClusterImpl-6c2de427-7485-43c3-b878-dcc0cf80ac7a/ozone-metadata/datanode-1/ratis/tmp is not a group directory; ignoring it. 
2025-09-28 08:46:23,914 [9962ec60-824d-4b5c-b72c-a80d9f5353d3-impl-thread1] INFO  server.RaftServer (RaftServerProxy.java:initGroupDir(270)) - 9962ec60-824d-4b5c-b72c-a80d9f5353d3: found a subdirectory /home/runner/work/ozone/ozone/hadoop-ozone/integration-test/target/test-dir/MiniOzoneClusterImpl-6c2de427-7485-43c3-b878-dcc0cf80ac7a/ozone-metadata/datanode-1/ratis/df70ece9-6c5f-4732-bdaa-f8bbe9ffe6d0
2025-09-28 08:46:23,914 [9962ec60-824d-4b5c-b72c-a80d9f5353d3-impl-thread1] INFO  server.RaftServer (RaftServerProxy.java:addNew(105)) - 9962ec60-824d-4b5c-b72c-a80d9f5353d3: addNew group-F8BBE9FFE6D0:[] returns group-F8BBE9FFE6D0:java.util.concurrent.CompletableFuture@706a36fd[Not completed]
2025-09-28 08:46:23,914 [9962ec60-824d-4b5c-b72c-a80d9f5353d3-impl-thread1] INFO  server.RaftServer (RaftServerProxy.java:initGroupDir(270)) - 9962ec60-824d-4b5c-b72c-a80d9f5353d3: found a subdirectory /home/runner/work/ozone/ozone/hadoop-ozone/integration-test/target/test-dir/MiniOzoneClusterImpl-6c2de427-7485-43c3-b878-dcc0cf80ac7a/ozone-metadata/datanode-1/ratis/53d4c00e-e1b0-426e-9c26-c51117d219b2
2025-09-28 08:46:23,914 [9962ec60-824d-4b5c-b72c-a80d9f5353d3-impl-thread1] INFO  server.RaftServer (RaftServerProxy.java:addNew(105)) - 9962ec60-824d-4b5c-b72c-a80d9f5353d3: addNew group-C51117D219B2:[] returns group-C51117D219B2:java.util.concurrent.CompletableFuture@1d2b1f79[Not completed]
2025-09-28 08:46:23,914 [ForkJoinPool-1-worker-1] INFO  replication.ReplicationServer (ReplicationServer.java:<init>(84)) - Initializing replication server with thread count = 10 queue length = 4096
2025-09-28 08:46:23,915 [ForkJoinPool-1-worker-1] INFO  server.XceiverServerGrpc (XceiverServerGrpc.java:<init>(129)) - GrpcServer channel type EpollServerSocketChannel
2025-09-28 08:46:23,915 [9962ec60-824d-4b5c-b72c-a80d9f5353d3-groupManagement] INFO  server.RaftServer$Division (RaftServerImpl.java:<init>(268)) - 9962ec60-824d-4b5c-b72c-a80d9f5353d3: new RaftServerImpl for group-71444778A42C:[] with ContainerStateMachine:uninitialized
2025-09-28 08:46:23,917 [9962ec60-824d-4b5c-b72c-a80d9f5353d3-groupManagement] INFO  server.RaftServer$Division (ServerState.java:<init>(114)) - 9962ec60-824d-4b5c-b72c-a80d9f5353d3@group-71444778A42C: ConfigurationManager, init=conf: {index: -1, cur=peers:[]|listeners:[], old=null}, confs=<EMPTY_MAP>
2025-09-28 08:46:23,917 [ForkJoinPool-1-worker-1] INFO  replication.ReplicationSupervisor (ReplicationSupervisor.java:build(169)) - Initializing replication supervisor with thread count = 10
2025-09-28 08:46:23,917 [ForkJoinPool-1-worker-1] INFO  replication.ReplicationSupervisor (ReplicationSupervisor.java:nodeStateUpdated(358)) - Node state updated to IN_SERVICE, scaling executor pool size to 10
2025-09-28 08:46:23,923 [9962ec60-824d-4b5c-b72c-a80d9f5353d3-groupManagement] INFO  server.RaftServer$Division (RaftServerImpl.java:<init>(268)) - 9962ec60-824d-4b5c-b72c-a80d9f5353d3: new RaftServerImpl for group-F8BBE9FFE6D0:[] with ContainerStateMachine:uninitialized
2025-09-28 08:46:23,923 [9962ec60-824d-4b5c-b72c-a80d9f5353d3-groupManagement] INFO  server.RaftServer$Division (ServerState.java:<init>(114)) - 9962ec60-824d-4b5c-b72c-a80d9f5353d3@group-F8BBE9FFE6D0: ConfigurationManager, init=conf: {index: -1, cur=peers:[]|listeners:[], old=null}, confs=<EMPTY_MAP>
2025-09-28 08:46:23,924 [ForkJoinPool-1-worker-1] INFO  http.BaseHttpServer (BaseHttpServer.java:newHttpServer2BuilderForOzone(227)) - Starting Web-server for hddsDatanode at: http://0.0.0.0:15010
2025-09-28 08:46:23,924 [ForkJoinPool-1-worker-1] INFO  http.BaseHttpServer (BaseHttpServer.java:<init>(105)) - Hadoop Security Enabled: false Ozone Security Enabled: false Ozone HTTP Security Enabled: false 
2025-09-28 08:46:23,926 [ForkJoinPool-1-worker-1] WARN  server.AuthenticationFilter (AuthenticationFilter.java:constructSecretProvider(240)) - Unable to initialize FileSignerSecretProvider, falling back to use random secrets. Reason: Could not read signature secret file: /home/runner/hadoop-http-auth-signature-secret
2025-09-28 08:46:23,929 [ForkJoinPool-1-worker-1] INFO  http.HttpServer2 (HttpServer2.java:addGlobalFilter(1041)) - Added global filter 'safety' (class=org.apache.hadoop.hdds.server.http.HttpServer2$QuotingInputFilter)
2025-09-28 08:46:23,931 [ForkJoinPool-1-worker-1] INFO  http.HttpServer2 (HttpServer2.java:addFilter(1017)) - Added filter static_user_filter (class=org.apache.hadoop.http.lib.StaticUserWebFilter$StaticUserFilter) to context hddsDatanode
2025-09-28 08:46:23,931 [ForkJoinPool-1-worker-1] INFO  http.HttpServer2 (HttpServer2.java:addFilter(1025)) - Added filter static_user_filter (class=org.apache.hadoop.http.lib.StaticUserWebFilter$StaticUserFilter) to context static
2025-09-28 08:46:23,931 [ForkJoinPool-1-worker-1] INFO  http.HttpServer2 (HttpServer2.java:addFilter(1025)) - Added filter static_user_filter (class=org.apache.hadoop.http.lib.StaticUserWebFilter$StaticUserFilter) to context logs
2025-09-28 08:46:23,932 [ForkJoinPool-1-worker-1] INFO  http.BaseHttpServer (BaseHttpServer.java:<init>(193)) - HTTP server of hddsDatanode uses base directory /home/runner/work/ozone/ozone/hadoop-ozone/integration-test/target/test-dir/MiniOzoneClusterImpl-6c2de427-7485-43c3-b878-dcc0cf80ac7a/scm/ozone-metadata/webserver
2025-09-28 08:46:23,932 [ForkJoinPool-1-worker-1] INFO  http.HttpServer2 (HttpServer2.java:bindListener(1241)) - Jetty bound to port 15010
2025-09-28 08:46:23,932 [ForkJoinPool-1-worker-1] INFO  server.Server (Server.java:doStart(375)) - jetty-9.4.58.v20250814; built: 2025-08-14T02:28:49.637Z; git: 8f1440587e9e4ae7db3d74cf205643f3d707148d; jvm 21.0.8+9-LTS
2025-09-28 08:46:23,934 [9962ec60-824d-4b5c-b72c-a80d9f5353d3-groupManagement] INFO  server.RaftServer$Division (RaftServerImpl.java:<init>(268)) - 9962ec60-824d-4b5c-b72c-a80d9f5353d3: new RaftServerImpl for group-C51117D219B2:[] with ContainerStateMachine:uninitialized
2025-09-28 08:46:23,934 [9962ec60-824d-4b5c-b72c-a80d9f5353d3-groupManagement] INFO  server.RaftServer$Division (ServerState.java:<init>(114)) - 9962ec60-824d-4b5c-b72c-a80d9f5353d3@group-C51117D219B2: ConfigurationManager, init=conf: {index: -1, cur=peers:[]|listeners:[], old=null}, confs=<EMPTY_MAP>
2025-09-28 08:46:23,936 [ForkJoinPool-1-worker-1] INFO  server.session (DefaultSessionIdManager.java:doStart(334)) - DefaultSessionIdManager workerName=node0
2025-09-28 08:46:23,936 [ForkJoinPool-1-worker-1] INFO  server.session (DefaultSessionIdManager.java:doStart(339)) - No SessionScavenger set, using defaults
2025-09-28 08:46:23,937 [ForkJoinPool-1-worker-1] INFO  server.session (HouseKeeper.java:startScavenging(132)) - node0 Scavenging every 600000ms
2025-09-28 08:46:23,938 [ForkJoinPool-1-worker-1] INFO  handler.ContextHandler (ContextHandler.java:doStart(921)) - Started o.e.j.s.ServletContextHandler@129a79a7{logs,/logs,file:///home/runner/work/ozone/ozone/hadoop-ozone/integration-test/target/log,AVAILABLE}
2025-09-28 08:46:23,938 [ForkJoinPool-1-worker-1] INFO  handler.ContextHandler (ContextHandler.java:doStart(921)) - Started o.e.j.s.ServletContextHandler@2b3d0adf{static,/static,jar:file:/home/runner/work/ozone/ozone/hadoop-hdds/container-service/target/hdds-container-service-2.1.0-SNAPSHOT.jar!/webapps/static,AVAILABLE}
2025-09-28 08:46:24,079 [ForkJoinPool-1-worker-1] INFO  handler.ContextHandler (ContextHandler.java:doStart(921)) - Started o.e.j.w.WebAppContext@693c4fae{hddsDatanode,/,file:///home/runner/work/ozone/ozone/hadoop-ozone/integration-test/target/test-dir/MiniOzoneClusterImpl-6c2de427-7485-43c3-b878-dcc0cf80ac7a/scm/ozone-metadata/webserver/jetty-0_0_0_0-15010-hdds-container-service-2_1_0-SNAPSHOT_jar-_-any-773497183802151794/webapp/,AVAILABLE}{jar:file:/home/runner/work/ozone/ozone/hadoop-hdds/container-service/target/hdds-container-service-2.1.0-SNAPSHOT.jar!/webapps/hddsDatanode}
2025-09-28 08:46:24,079 [ForkJoinPool-1-worker-1] INFO  server.AbstractConnector (AbstractConnector.java:doStart(333)) - Started ServerConnector@8ec3273{HTTP/1.1, (http/1.1)}{0.0.0.0:15010}
2025-09-28 08:46:24,079 [ForkJoinPool-1-worker-1] INFO  server.Server (Server.java:doStart(415)) - Started @23892ms
2025-09-28 08:46:24,080 [ForkJoinPool-1-worker-1] WARN  impl.MetricsSystemImpl (MetricsSystemImpl.java:register(279)) - Sink prometheus already exists!
2025-09-28 08:46:24,080 [ForkJoinPool-1-worker-1] INFO  http.BaseHttpServer (BaseHttpServer.java:updateConnectorAddress(357)) - HTTP server of hddsDatanode listening at http://localhost:15010
2025-09-28 08:46:24,080 [ForkJoinPool-1-worker-1] INFO  ipc.CallQueueManager (CallQueueManager.java:<init>(93)) - Using callQueue: class java.util.concurrent.LinkedBlockingQueue, queueCapacity: 1000, scheduler: class org.apache.hadoop.ipc.DefaultRpcScheduler, ipcBackoff: false, ipcFailOver: false.
2025-09-28 08:46:24,081 [ForkJoinPool-1-worker-1] INFO  ipc.Server (Server.java:<init>(1438)) - Listener at 0.0.0.0:15011
2025-09-28 08:46:24,081 [Socket Reader #1 for port 15011] INFO  ipc.Server (Server.java:run(1474)) - Starting Socket Reader #1 for port 15011
2025-09-28 08:46:24,081 [Socket Reader #2 for port 15011] INFO  ipc.Server (Server.java:run(1474)) - Starting Socket Reader #2 for port 15011
2025-09-28 08:46:24,081 [Socket Reader #3 for port 15011] INFO  ipc.Server (Server.java:run(1474)) - Starting Socket Reader #3 for port 15011
2025-09-28 08:46:24,082 [Socket Reader #4 for port 15011] INFO  ipc.Server (Server.java:run(1474)) - Starting Socket Reader #4 for port 15011
2025-09-28 08:46:24,082 [Socket Reader #5 for port 15011] INFO  ipc.Server (Server.java:run(1474)) - Starting Socket Reader #5 for port 15011
2025-09-28 08:46:24,082 [Socket Reader #6 for port 15011] INFO  ipc.Server (Server.java:run(1474)) - Starting Socket Reader #6 for port 15011
2025-09-28 08:46:24,082 [Socket Reader #7 for port 15011] INFO  ipc.Server (Server.java:run(1474)) - Starting Socket Reader #7 for port 15011
2025-09-28 08:46:24,082 [Socket Reader #8 for port 15011] INFO  ipc.Server (Server.java:run(1474)) - Starting Socket Reader #8 for port 15011
2025-09-28 08:46:24,083 [Socket Reader #9 for port 15011] INFO  ipc.Server (Server.java:run(1474)) - Starting Socket Reader #9 for port 15011
2025-09-28 08:46:24,083 [Socket Reader #10 for port 15011] INFO  ipc.Server (Server.java:run(1474)) - Starting Socket Reader #10 for port 15011
2025-09-28 08:46:24,085 [ForkJoinPool-1-worker-1] INFO  ozone.HddsDatanodeService (HddsDatanodeService.java:start(333)) - Datanode start with admins: [admin, runner]
2025-09-28 08:46:24,085 [ForkJoinPool-1-worker-1] INFO  ozone.HddsDatanodeClientProtocolServer (HddsDatanodeClientProtocolServer.java:start(76)) - RPC server for Client /0.0.0.0:15011
2025-09-28 08:46:24,085 [IPC Server Responder] INFO  ipc.Server (Server.java:run(1713)) - IPC Server Responder: starting
2025-09-28 08:46:24,085 [IPC Server listener on 15011] INFO  ipc.Server (Server.java:run(1553)) - IPC Server listener on 15011: starting
2025-09-28 08:46:24,088 [9962ec60-824d-4b5c-b72c-a80d9f5353d3-DatanodeStateMachineDaemonThread] INFO  statemachine.DatanodeStateMachine (DatanodeStateMachine.java:startStateMachineThread(363)) - Ozone container server started.
2025-09-28 08:46:24,092 [9962ec60-824d-4b5c-b72c-a80d9f5353d3-DatanodeStateMachineTaskThread-0] INFO  datanode.InitDatanodeState (InitDatanodeState.java:persistContainerDatanodeDetails(139)) - DatanodeDetails is persisted to /home/runner/work/ozone/ozone/hadoop-ozone/integration-test/target/test-dir/MiniOzoneClusterImpl-6c2de427-7485-43c3-b878-dcc0cf80ac7a/ozone-metadata/datanode-1/ozone-metadata/datanode.id
2025-09-28 08:46:24,592 [9962ec60-824d-4b5c-b72c-a80d9f5353d3-ContainerReader-0] INFO  ozoneimpl.ContainerReader (ContainerReader.java:readVolume(147)) - Start to verify containers on volume /home/runner/work/ozone/ozone/hadoop-ozone/integration-test/target/test-dir/MiniOzoneClusterImpl-6c2de427-7485-43c3-b878-dcc0cf80ac7a/ozone-metadata/datanode-1/data-0/hdds
2025-09-28 08:46:24,597 [9962ec60-824d-4b5c-b72c-a80d9f5353d3-ContainerReader-0] WARN  helpers.KeyValueContainerUtil (KeyValueContainerUtil.java:populateContainerMetadata(330)) - Missing pendingDeleteBlockCount from metadata: recalculate them from block table
2025-09-28 08:46:24,600 [9962ec60-824d-4b5c-b72c-a80d9f5353d3-ContainerReader-0] INFO  ozoneimpl.ContainerReader (ContainerReader.java:readVolume(177)) - Finish verifying containers on volume /home/runner/work/ozone/ozone/hadoop-ozone/integration-test/target/test-dir/MiniOzoneClusterImpl-6c2de427-7485-43c3-b878-dcc0cf80ac7a/ozone-metadata/datanode-1/data-0/hdds
2025-09-28 08:46:24,600 [9962ec60-824d-4b5c-b72c-a80d9f5353d3-EndpointStateMachineTaskThread-/0.0.0.0:15002-0 ] INFO  ozoneimpl.OzoneContainer (OzoneContainer.java:buildContainerSet(370)) - Build ContainerSet costs 0s
2025-09-28 08:46:24,600 [9962ec60-824d-4b5c-b72c-a80d9f5353d3-EndpointStateMachineTaskThread-/0.0.0.0:15002-0 ] INFO  volume.ThrottledAsyncChecker (ThrottledAsyncChecker.java:schedule(138)) - Scheduling a check for /home/runner/work/ozone/ozone/hadoop-ozone/integration-test/target/test-dir/MiniOzoneClusterImpl-6c2de427-7485-43c3-b878-dcc0cf80ac7a/ozone-metadata/datanode-1/data-0/hdds
2025-09-28 08:46:24,601 [9962ec60-824d-4b5c-b72c-a80d9f5353d3-EndpointStateMachineTaskThread-/0.0.0.0:15002-0 ] INFO  volume.StorageVolumeChecker (StorageVolumeChecker.java:checkAllVolumes(231)) - Scheduled health check for volume /home/runner/work/ozone/ozone/hadoop-ozone/integration-test/target/test-dir/MiniOzoneClusterImpl-6c2de427-7485-43c3-b878-dcc0cf80ac7a/ozone-metadata/datanode-1/data-0/hdds
2025-09-28 08:46:24,604 [9962ec60-824d-4b5c-b72c-a80d9f5353d3-EndpointStateMachineTaskThread-/0.0.0.0:15002-0 ] INFO  volume.ThrottledAsyncChecker (ThrottledAsyncChecker.java:schedule(138)) - Scheduling a check for /home/runner/work/ozone/ozone/hadoop-ozone/integration-test/target/test-dir/MiniOzoneClusterImpl-6c2de427-7485-43c3-b878-dcc0cf80ac7a/ozone-metadata/datanode-1/ratis
2025-09-28 08:46:24,604 [9962ec60-824d-4b5c-b72c-a80d9f5353d3-EndpointStateMachineTaskThread-/0.0.0.0:15002-0 ] INFO  volume.StorageVolumeChecker (StorageVolumeChecker.java:checkAllVolumes(231)) - Scheduled health check for volume /home/runner/work/ozone/ozone/hadoop-ozone/integration-test/target/test-dir/MiniOzoneClusterImpl-6c2de427-7485-43c3-b878-dcc0cf80ac7a/ozone-metadata/datanode-1/ratis
2025-09-28 08:46:24,605 [9962ec60-824d-4b5c-b72c-a80d9f5353d3-EndpointStateMachineTaskThread-/0.0.0.0:15002-0 ] INFO  ozoneimpl.OzoneContainer (OzoneContainer.java:start(525)) - Attempting to start container services.
2025-09-28 08:46:24,607 [9962ec60-824d-4b5c-b72c-a80d9f5353d3-EndpointStateMachineTaskThread-/0.0.0.0:15002-0 ] INFO  replication.ReplicationServer (ReplicationServer.java:start(137)) - ReplicationServer is started using port 15017
2025-09-28 08:46:24,607 [9962ec60-824d-4b5c-b72c-a80d9f5353d3-EndpointStateMachineTaskThread-/0.0.0.0:15002-0 ] INFO  ratis.XceiverServerRatis (XceiverServerRatis.java:start(559)) - Starting XceiverServerRatis(9962ec60-824d-4b5c-b72c-a80d9f5353d3)
2025-09-28 08:46:24,609 [9962ec60-824d-4b5c-b72c-a80d9f5353d3-impl-thread2] INFO  storage.RaftStorageDirectory (RaftStorageDirectoryImpl.java:tryLock(229)) - Lock on /home/runner/work/ozone/ozone/hadoop-ozone/integration-test/target/test-dir/MiniOzoneClusterImpl-6c2de427-7485-43c3-b878-dcc0cf80ac7a/ozone-metadata/datanode-1/ratis/e6dd397e-dea0-4554-85a2-71444778a42c/in_use.lock acquired by nodename 129489@localhost
2025-09-28 08:46:24,609 [9962ec60-824d-4b5c-b72c-a80d9f5353d3-impl-thread2] INFO  storage.RaftStorage (RaftStorageImpl.java:analyzeAndRecoverStorage(118)) - Read RaftStorageMetadata{term=1, votedFor=9962ec60-824d-4b5c-b72c-a80d9f5353d3} from /home/runner/work/ozone/ozone/hadoop-ozone/integration-test/target/test-dir/MiniOzoneClusterImpl-6c2de427-7485-43c3-b878-dcc0cf80ac7a/ozone-metadata/datanode-1/ratis/e6dd397e-dea0-4554-85a2-71444778a42c/current/raft-meta
2025-09-28 08:46:24,610 [9962ec60-824d-4b5c-b72c-a80d9f5353d3-impl-thread2] INFO  server.RaftServer$Division (ServerState.java:setRaftConf(386)) - 9962ec60-824d-4b5c-b72c-a80d9f5353d3@group-71444778A42C: set configuration conf: {index: 0, cur=peers:[9962ec60-824d-4b5c-b72c-a80d9f5353d3|127.0.0.1:15015]|listeners:[], old=null}
2025-09-28 08:46:24,609 [9962ec60-824d-4b5c-b72c-a80d9f5353d3-impl-thread1] INFO  storage.RaftStorageDirectory (RaftStorageDirectoryImpl.java:tryLock(229)) - Lock on /home/runner/work/ozone/ozone/hadoop-ozone/integration-test/target/test-dir/MiniOzoneClusterImpl-6c2de427-7485-43c3-b878-dcc0cf80ac7a/ozone-metadata/datanode-1/ratis/53d4c00e-e1b0-426e-9c26-c51117d219b2/in_use.lock acquired by nodename 129489@localhost
2025-09-28 08:46:24,610 [9962ec60-824d-4b5c-b72c-a80d9f5353d3-impl-thread1] INFO  storage.RaftStorage (RaftStorageImpl.java:analyzeAndRecoverStorage(118)) - Read RaftStorageMetadata{term=1, votedFor=9962ec60-824d-4b5c-b72c-a80d9f5353d3} from /home/runner/work/ozone/ozone/hadoop-ozone/integration-test/target/test-dir/MiniOzoneClusterImpl-6c2de427-7485-43c3-b878-dcc0cf80ac7a/ozone-metadata/datanode-1/ratis/53d4c00e-e1b0-426e-9c26-c51117d219b2/current/raft-meta
2025-09-28 08:46:24,611 [9962ec60-824d-4b5c-b72c-a80d9f5353d3-impl-thread1] INFO  server.RaftServer$Division (ServerState.java:setRaftConf(386)) - 9962ec60-824d-4b5c-b72c-a80d9f5353d3@group-C51117D219B2: set configuration conf: {index: 0, cur=peers:[b8386e11-96d4-4625-b991-c054db98adbd|127.0.0.1:15023, 9962ec60-824d-4b5c-b72c-a80d9f5353d3|127.0.0.1:15015, bb53dc84-9509-46ab-9745-0f1d93457633|127.0.0.1:15031]|listeners:[], old=null}
2025-09-28 08:46:24,611 [9962ec60-824d-4b5c-b72c-a80d9f5353d3-impl-thread2] INFO  ratis.ContainerStateMachine (ContainerStateMachine.java:initialize(339)) - 9962ec60-824d-4b5c-b72c-a80d9f5353d3: initialize group-71444778A42C
2025-09-28 08:46:24,611 [9962ec60-824d-4b5c-b72c-a80d9f5353d3-impl-thread2] INFO  ratis.ContainerStateMachine (ContainerStateMachine.java:loadSnapshot(356)) - group-71444778A42C: Setting the last applied index to (t:1, i:0)
2025-09-28 08:46:24,609 [9962ec60-824d-4b5c-b72c-a80d9f5353d3-impl-thread3] INFO  storage.RaftStorageDirectory (RaftStorageDirectoryImpl.java:tryLock(229)) - Lock on /home/runner/work/ozone/ozone/hadoop-ozone/integration-test/target/test-dir/MiniOzoneClusterImpl-6c2de427-7485-43c3-b878-dcc0cf80ac7a/ozone-metadata/datanode-1/ratis/df70ece9-6c5f-4732-bdaa-f8bbe9ffe6d0/in_use.lock acquired by nodename 129489@localhost
2025-09-28 08:46:24,612 [9962ec60-824d-4b5c-b72c-a80d9f5353d3-impl-thread3] INFO  storage.RaftStorage (RaftStorageImpl.java:analyzeAndRecoverStorage(118)) - Read RaftStorageMetadata{term=1, votedFor=b8386e11-96d4-4625-b991-c054db98adbd} from /home/runner/work/ozone/ozone/hadoop-ozone/integration-test/target/test-dir/MiniOzoneClusterImpl-6c2de427-7485-43c3-b878-dcc0cf80ac7a/ozone-metadata/datanode-1/ratis/df70ece9-6c5f-4732-bdaa-f8bbe9ffe6d0/current/raft-meta
2025-09-28 08:46:24,612 [9962ec60-824d-4b5c-b72c-a80d9f5353d3-impl-thread2] INFO  server.RaftServerConfigKeys (ConfUtils.java:logGet(62)) - raft.server.log.appender.buffer.byte-limit = 33554432 (custom)
2025-09-28 08:46:24,612 [9962ec60-824d-4b5c-b72c-a80d9f5353d3-impl-thread3] INFO  server.RaftServer$Division (ServerState.java:setRaftConf(386)) - 9962ec60-824d-4b5c-b72c-a80d9f5353d3@group-F8BBE9FFE6D0: set configuration conf: {index: 0, cur=peers:[b8386e11-96d4-4625-b991-c054db98adbd|127.0.0.1:15023, 9962ec60-824d-4b5c-b72c-a80d9f5353d3|127.0.0.1:15015, bb53dc84-9509-46ab-9745-0f1d93457633|127.0.0.1:15031]|listeners:[], old=null}
2025-09-28 08:46:24,612 [9962ec60-824d-4b5c-b72c-a80d9f5353d3-impl-thread3] INFO  ratis.ContainerStateMachine (ContainerStateMachine.java:initialize(339)) - 9962ec60-824d-4b5c-b72c-a80d9f5353d3: initialize group-F8BBE9FFE6D0
2025-09-28 08:46:24,612 [9962ec60-824d-4b5c-b72c-a80d9f5353d3-impl-thread3] INFO  ratis.ContainerStateMachine (ContainerStateMachine.java:loadSnapshot(356)) - group-F8BBE9FFE6D0: Setting the last applied index to (t:1, i:5)
2025-09-28 08:46:24,613 [ContainerMetadataScanner] INFO  ozoneimpl.AbstractBackgroundContainerScanner (AbstractBackgroundContainerScanner.java:runIteration(89)) - Completed an iteration in 0 minutes. Number of iterations (since the data-node restart) : 1, Number of containers scanned in this iteration : 1, Number of unhealthy containers found in this iteration : 0
2025-09-28 08:46:24,613 [9962ec60-824d-4b5c-b72c-a80d9f5353d3-impl-thread2] INFO  server.RaftServerConfigKeys (ConfUtils.java:logGet(62)) - raft.server.log.segment.size.max = 67108864 (custom)
2025-09-28 08:46:24,614 [9962ec60-824d-4b5c-b72c-a80d9f5353d3-impl-thread2] INFO  server.RaftServerConfigKeys (ConfUtils.java:logGet(62)) - raft.server.log.appender.buffer.byte-limit = 33554432 (custom)
2025-09-28 08:46:24,614 [9962ec60-824d-4b5c-b72c-a80d9f5353d3-impl-thread2] INFO  util.AwaitToRun (AwaitToRun.java:start(81)) - Thread[#971,9962ec60-824d-4b5c-b72c-a80d9f5353d3@group-71444778A42C-cacheEviction-AwaitToRun,5,main] started
2025-09-28 08:46:24,614 [9962ec60-824d-4b5c-b72c-a80d9f5353d3-impl-thread2] INFO  segmented.SegmentedRaftLogWorker (SegmentedRaftLogWorker.java:<init>(190)) - new 9962ec60-824d-4b5c-b72c-a80d9f5353d3@group-71444778A42C-SegmentedRaftLogWorker for RaftStorageImpl:Storage Directory /home/runner/work/ozone/ozone/hadoop-ozone/integration-test/target/test-dir/MiniOzoneClusterImpl-6c2de427-7485-43c3-b878-dcc0cf80ac7a/ozone-metadata/datanode-1/ratis/e6dd397e-dea0-4554-85a2-71444778a42c
2025-09-28 08:46:24,614 [9962ec60-824d-4b5c-b72c-a80d9f5353d3-impl-thread2] INFO  server.RaftServerConfigKeys (ConfUtils.java:logGet(62)) - raft.server.log.queue.byte-limit = 4294967296 (custom)
2025-09-28 08:46:24,614 [9962ec60-824d-4b5c-b72c-a80d9f5353d3-impl-thread3] INFO  server.RaftServerConfigKeys (ConfUtils.java:logGet(62)) - raft.server.log.appender.buffer.byte-limit = 33554432 (custom)
2025-09-28 08:46:24,615 [9962ec60-824d-4b5c-b72c-a80d9f5353d3-impl-thread1] INFO  ratis.ContainerStateMachine (ContainerStateMachine.java:initialize(339)) - 9962ec60-824d-4b5c-b72c-a80d9f5353d3: initialize group-C51117D219B2
2025-09-28 08:46:24,615 [9962ec60-824d-4b5c-b72c-a80d9f5353d3-impl-thread1] INFO  ratis.ContainerStateMachine (ContainerStateMachine.java:loadSnapshot(356)) - group-C51117D219B2: Setting the last applied index to (t:1, i:0)
2025-09-28 08:46:24,615 [9962ec60-824d-4b5c-b72c-a80d9f5353d3-impl-thread1] INFO  server.RaftServerConfigKeys (ConfUtils.java:logGet(62)) - raft.server.log.appender.buffer.byte-limit = 33554432 (custom)
2025-09-28 08:46:24,614 [9962ec60-824d-4b5c-b72c-a80d9f5353d3-impl-thread2] INFO  server.RaftServerConfigKeys (ConfUtils.java:logGet(62)) - raft.server.log.segment.size.max = 67108864 (custom)
2025-09-28 08:46:24,615 [9962ec60-824d-4b5c-b72c-a80d9f5353d3-impl-thread2] INFO  server.RaftServerConfigKeys (ConfUtils.java:logGet(62)) - raft.server.log.preallocated.size = 4194304 (custom)
2025-09-28 08:46:24,616 [9962ec60-824d-4b5c-b72c-a80d9f5353d3-impl-thread2] INFO  server.RaftServerConfigKeys (ConfUtils.java:logGet(62)) - raft.server.log.write.buffer.size = 33554440 (custom)
2025-09-28 08:46:24,618 [9962ec60-824d-4b5c-b72c-a80d9f5353d3-impl-thread3] INFO  server.RaftServerConfigKeys (ConfUtils.java:logGet(62)) - raft.server.log.segment.size.max = 67108864 (custom)
2025-09-28 08:46:24,619 [9962ec60-824d-4b5c-b72c-a80d9f5353d3-impl-thread3] INFO  server.RaftServerConfigKeys (ConfUtils.java:logGet(62)) - raft.server.log.appender.buffer.byte-limit = 33554432 (custom)
2025-09-28 08:46:24,620 [9962ec60-824d-4b5c-b72c-a80d9f5353d3-impl-thread1] INFO  server.RaftServerConfigKeys (ConfUtils.java:logGet(62)) - raft.server.log.segment.size.max = 67108864 (custom)
2025-09-28 08:46:24,620 [9962ec60-824d-4b5c-b72c-a80d9f5353d3-impl-thread1] INFO  server.RaftServerConfigKeys (ConfUtils.java:logGet(62)) - raft.server.log.appender.buffer.byte-limit = 33554432 (custom)
2025-09-28 08:46:24,620 [ContainerDataScanner(/home/runner/work/ozone/ozone/hadoop-ozone/integration-test/target/test-dir/MiniOzoneClusterImpl-6c2de427-7485-43c3-b878-dcc0cf80ac7a/ozone-metadata/datanode-1/data-0/hdds)] INFO  ozoneimpl.AbstractBackgroundContainerScanner (AbstractBackgroundContainerScanner.java:runIteration(89)) - Completed an iteration in 0 minutes. Number of iterations (since the data-node restart) : 1, Number of containers scanned in this iteration : 1, Number of unhealthy containers found in this iteration : 0
2025-09-28 08:46:24,620 [9962ec60-824d-4b5c-b72c-a80d9f5353d3-impl-thread3] INFO  util.AwaitToRun (AwaitToRun.java:start(81)) - Thread[#972,9962ec60-824d-4b5c-b72c-a80d9f5353d3@group-F8BBE9FFE6D0-cacheEviction-AwaitToRun,5,main] started
2025-09-28 08:46:24,620 [9962ec60-824d-4b5c-b72c-a80d9f5353d3-impl-thread3] INFO  segmented.SegmentedRaftLogWorker (SegmentedRaftLogWorker.java:<init>(190)) - new 9962ec60-824d-4b5c-b72c-a80d9f5353d3@group-F8BBE9FFE6D0-SegmentedRaftLogWorker for RaftStorageImpl:Storage Directory /home/runner/work/ozone/ozone/hadoop-ozone/integration-test/target/test-dir/MiniOzoneClusterImpl-6c2de427-7485-43c3-b878-dcc0cf80ac7a/ozone-metadata/datanode-1/ratis/df70ece9-6c5f-4732-bdaa-f8bbe9ffe6d0
2025-09-28 08:46:24,620 [9962ec60-824d-4b5c-b72c-a80d9f5353d3-impl-thread3] INFO  server.RaftServerConfigKeys (ConfUtils.java:logGet(62)) - raft.server.log.queue.byte-limit = 4294967296 (custom)
2025-09-28 08:46:24,621 [9962ec60-824d-4b5c-b72c-a80d9f5353d3-impl-thread3] INFO  server.RaftServerConfigKeys (ConfUtils.java:logGet(62)) - raft.server.log.segment.size.max = 67108864 (custom)
2025-09-28 08:46:24,621 [9962ec60-824d-4b5c-b72c-a80d9f5353d3-impl-thread3] INFO  server.RaftServerConfigKeys (ConfUtils.java:logGet(62)) - raft.server.log.preallocated.size = 4194304 (custom)
2025-09-28 08:46:24,621 [9962ec60-824d-4b5c-b72c-a80d9f5353d3-impl-thread3] INFO  server.RaftServerConfigKeys (ConfUtils.java:logGet(62)) - raft.server.log.write.buffer.size = 33554440 (custom)
2025-09-28 08:46:24,622 [9962ec60-824d-4b5c-b72c-a80d9f5353d3-impl-thread1] INFO  util.AwaitToRun (AwaitToRun.java:start(81)) - Thread[#973,9962ec60-824d-4b5c-b72c-a80d9f5353d3@group-C51117D219B2-cacheEviction-AwaitToRun,5,main] started
2025-09-28 08:46:24,622 [9962ec60-824d-4b5c-b72c-a80d9f5353d3-impl-thread1] INFO  segmented.SegmentedRaftLogWorker (SegmentedRaftLogWorker.java:<init>(190)) - new 9962ec60-824d-4b5c-b72c-a80d9f5353d3@group-C51117D219B2-SegmentedRaftLogWorker for RaftStorageImpl:Storage Directory /home/runner/work/ozone/ozone/hadoop-ozone/integration-test/target/test-dir/MiniOzoneClusterImpl-6c2de427-7485-43c3-b878-dcc0cf80ac7a/ozone-metadata/datanode-1/ratis/53d4c00e-e1b0-426e-9c26-c51117d219b2
2025-09-28 08:46:24,623 [9962ec60-824d-4b5c-b72c-a80d9f5353d3-impl-thread1] INFO  server.RaftServerConfigKeys (ConfUtils.java:logGet(62)) - raft.server.log.queue.byte-limit = 4294967296 (custom)
2025-09-28 08:46:24,623 [9962ec60-824d-4b5c-b72c-a80d9f5353d3-impl-thread1] INFO  server.RaftServerConfigKeys (ConfUtils.java:logGet(62)) - raft.server.log.segment.size.max = 67108864 (custom)
2025-09-28 08:46:24,623 [9962ec60-824d-4b5c-b72c-a80d9f5353d3-impl-thread1] INFO  server.RaftServerConfigKeys (ConfUtils.java:logGet(62)) - raft.server.log.preallocated.size = 4194304 (custom)
2025-09-28 08:46:24,623 [9962ec60-824d-4b5c-b72c-a80d9f5353d3-impl-thread1] INFO  server.RaftServerConfigKeys (ConfUtils.java:logGet(62)) - raft.server.log.write.buffer.size = 33554440 (custom)
2025-09-28 08:46:24,626 [9962ec60-824d-4b5c-b72c-a80d9f5353d3-impl-thread2] INFO  server.RaftServerConfigKeys (ConfUtils.java:logGet(62)) - raft.server.log.appender.buffer.byte-limit = 33554432 (custom)
2025-09-28 08:46:24,627 [9962ec60-824d-4b5c-b72c-a80d9f5353d3-impl-thread2] INFO  server.RaftServer$Division (ServerState.java:setRaftConf(386)) - 9962ec60-824d-4b5c-b72c-a80d9f5353d3@group-71444778A42C: set configuration conf: {index: 0, cur=peers:[9962ec60-824d-4b5c-b72c-a80d9f5353d3|127.0.0.1:15015]|listeners:[], old=null}
2025-09-28 08:46:24,628 [9962ec60-824d-4b5c-b72c-a80d9f5353d3-impl-thread2] INFO  segmented.LogSegment (LogSegment.java:loadSegment(171)) - Successfully read 1 entries from segment file /home/runner/work/ozone/ozone/hadoop-ozone/integration-test/target/test-dir/MiniOzoneClusterImpl-6c2de427-7485-43c3-b878-dcc0cf80ac7a/ozone-metadata/datanode-1/ratis/e6dd397e-dea0-4554-85a2-71444778a42c/current/log_inprogress_0
2025-09-28 08:46:24,628 [9962ec60-824d-4b5c-b72c-a80d9f5353d3-impl-thread2] INFO  segmented.SegmentedRaftLogWorker (SegmentedRaftLogWorker.java:lambda$new$0(141)) - 9962ec60-824d-4b5c-b72c-a80d9f5353d3@group-71444778A42C-SegmentedRaftLogWorker: safeCacheEvictIndex: setUnconditionally 0 -> -1
2025-09-28 08:46:24,628 [9962ec60-824d-4b5c-b72c-a80d9f5353d3-impl-thread2] INFO  segmented.BufferedWriteChannel (BufferedWriteChannel.java:open(61)) - open log_inprogress_0 (append) at position 129
2025-09-28 08:46:24,629 [9962ec60-824d-4b5c-b72c-a80d9f5353d3-impl-thread2] INFO  server.RaftServer$Division (RaftServerImpl.java:start(405)) - 9962ec60-824d-4b5c-b72c-a80d9f5353d3@group-71444778A42C: start as a follower, conf=conf: {index: 0, cur=peers:[9962ec60-824d-4b5c-b72c-a80d9f5353d3|127.0.0.1:15015]|listeners:[], old=null}
2025-09-28 08:46:24,630 [9962ec60-824d-4b5c-b72c-a80d9f5353d3-impl-thread2] INFO  server.RaftServer$Division (RaftServerImpl.java:setRole(392)) - 9962ec60-824d-4b5c-b72c-a80d9f5353d3@group-71444778A42C: changes role from      null to FOLLOWER at term 1 for startAsFollower
2025-09-28 08:46:24,630 [9962ec60-824d-4b5c-b72c-a80d9f5353d3-impl-thread2] INFO  impl.RoleInfo (RoleInfo.java:updateAndGet(148)) - 9962ec60-824d-4b5c-b72c-a80d9f5353d3: start 9962ec60-824d-4b5c-b72c-a80d9f5353d3@group-71444778A42C-FollowerState
2025-09-28 08:46:24,632 [9962ec60-824d-4b5c-b72c-a80d9f5353d3-impl-thread2] INFO  util.JmxRegister (JmxRegister.java:tryRegister(44)) - Successfully registered JMX Bean with object name Ratis:service=RaftServer,group=group-71444778A42C,id=9962ec60-824d-4b5c-b72c-a80d9f5353d3
2025-09-28 08:46:24,632 [9962ec60-824d-4b5c-b72c-a80d9f5353d3-impl-thread2] INFO  util.JmxRegister (JmxRegister.java:register(58)) - register mxBean class org.apache.ratis.server.impl.RaftServerJmxAdapter as Ratis:service=RaftServer,group=group-71444778A42C,id=9962ec60-824d-4b5c-b72c-a80d9f5353d3
2025-09-28 08:46:24,634 [9962ec60-824d-4b5c-b72c-a80d9f5353d3-impl-thread2] INFO  server.RaftServer$Division (RaftServerImpl.java:start(419)) - 9962ec60-824d-4b5c-b72c-a80d9f5353d3@group-71444778A42C: Successfully started.
2025-09-28 08:46:24,635 [9962ec60-824d-4b5c-b72c-a80d9f5353d3-impl-thread3] INFO  server.RaftServerConfigKeys (ConfUtils.java:logGet(62)) - raft.server.log.appender.buffer.byte-limit = 33554432 (custom)
2025-09-28 08:46:24,635 [9962ec60-824d-4b5c-b72c-a80d9f5353d3-impl-thread3] INFO  server.RaftServer$Division (ServerState.java:setRaftConf(386)) - 9962ec60-824d-4b5c-b72c-a80d9f5353d3@group-F8BBE9FFE6D0: set configuration conf: {index: 0, cur=peers:[b8386e11-96d4-4625-b991-c054db98adbd|127.0.0.1:15023, 9962ec60-824d-4b5c-b72c-a80d9f5353d3|127.0.0.1:15015, bb53dc84-9509-46ab-9745-0f1d93457633|127.0.0.1:15031]|listeners:[], old=null}
2025-09-28 08:46:24,636 [9962ec60-824d-4b5c-b72c-a80d9f5353d3-impl-thread3] INFO  segmented.LogSegment (LogSegment.java:loadSegment(171)) - Successfully read 7 entries from segment file /home/runner/work/ozone/ozone/hadoop-ozone/integration-test/target/test-dir/MiniOzoneClusterImpl-6c2de427-7485-43c3-b878-dcc0cf80ac7a/ozone-metadata/datanode-1/ratis/df70ece9-6c5f-4732-bdaa-f8bbe9ffe6d0/current/log_inprogress_0
2025-09-28 08:46:24,636 [9962ec60-824d-4b5c-b72c-a80d9f5353d3-impl-thread3] INFO  segmented.SegmentedRaftLogWorker (SegmentedRaftLogWorker.java:lambda$new$0(141)) - 9962ec60-824d-4b5c-b72c-a80d9f5353d3@group-F8BBE9FFE6D0-SegmentedRaftLogWorker: flushIndex: setUnconditionally 0 -> 6
2025-09-28 08:46:24,636 [9962ec60-824d-4b5c-b72c-a80d9f5353d3-impl-thread3] INFO  segmented.SegmentedRaftLogWorker (SegmentedRaftLogWorker.java:lambda$new$0(141)) - 9962ec60-824d-4b5c-b72c-a80d9f5353d3@group-F8BBE9FFE6D0-SegmentedRaftLogWorker: safeCacheEvictIndex: setUnconditionally 0 -> -1
2025-09-28 08:46:24,636 [9962ec60-824d-4b5c-b72c-a80d9f5353d3-impl-thread3] INFO  segmented.BufferedWriteChannel (BufferedWriteChannel.java:open(61)) - open log_inprogress_0 (append) at position 909
2025-09-28 08:46:24,638 [9962ec60-824d-4b5c-b72c-a80d9f5353d3-impl-thread3] INFO  server.RaftServer$Division (RaftServerImpl.java:start(405)) - 9962ec60-824d-4b5c-b72c-a80d9f5353d3@group-F8BBE9FFE6D0: start as a follower, conf=conf: {index: 0, cur=peers:[b8386e11-96d4-4625-b991-c054db98adbd|127.0.0.1:15023, 9962ec60-824d-4b5c-b72c-a80d9f5353d3|127.0.0.1:15015, bb53dc84-9509-46ab-9745-0f1d93457633|127.0.0.1:15031]|listeners:[], old=null}
2025-09-28 08:46:24,638 [9962ec60-824d-4b5c-b72c-a80d9f5353d3-impl-thread3] INFO  server.RaftServer$Division (RaftServerImpl.java:setRole(392)) - 9962ec60-824d-4b5c-b72c-a80d9f5353d3@group-F8BBE9FFE6D0: changes role from      null to FOLLOWER at term 1 for startAsFollower
2025-09-28 08:46:24,638 [9962ec60-824d-4b5c-b72c-a80d9f5353d3-impl-thread3] INFO  impl.RoleInfo (RoleInfo.java:updateAndGet(148)) - 9962ec60-824d-4b5c-b72c-a80d9f5353d3: start 9962ec60-824d-4b5c-b72c-a80d9f5353d3@group-F8BBE9FFE6D0-FollowerState
2025-09-28 08:46:24,638 [9962ec60-824d-4b5c-b72c-a80d9f5353d3-impl-thread1] INFO  server.RaftServerConfigKeys (ConfUtils.java:logGet(62)) - raft.server.log.appender.buffer.byte-limit = 33554432 (custom)
2025-09-28 08:46:24,638 [9962ec60-824d-4b5c-b72c-a80d9f5353d3-impl-thread3] INFO  util.JmxRegister (JmxRegister.java:tryRegister(44)) - Successfully registered JMX Bean with object name Ratis:service=RaftServer,group=group-F8BBE9FFE6D0,id=9962ec60-824d-4b5c-b72c-a80d9f5353d3
2025-09-28 08:46:24,638 [9962ec60-824d-4b5c-b72c-a80d9f5353d3-impl-thread3] INFO  util.JmxRegister (JmxRegister.java:register(58)) - register mxBean class org.apache.ratis.server.impl.RaftServerJmxAdapter as Ratis:service=RaftServer,group=group-F8BBE9FFE6D0,id=9962ec60-824d-4b5c-b72c-a80d9f5353d3
2025-09-28 08:46:24,639 [9962ec60-824d-4b5c-b72c-a80d9f5353d3-impl-thread1] INFO  server.RaftServer$Division (ServerState.java:setRaftConf(386)) - 9962ec60-824d-4b5c-b72c-a80d9f5353d3@group-C51117D219B2: set configuration conf: {index: 0, cur=peers:[b8386e11-96d4-4625-b991-c054db98adbd|127.0.0.1:15023, 9962ec60-824d-4b5c-b72c-a80d9f5353d3|127.0.0.1:15015, bb53dc84-9509-46ab-9745-0f1d93457633|127.0.0.1:15031]|listeners:[], old=null}
2025-09-28 08:46:24,639 [9962ec60-824d-4b5c-b72c-a80d9f5353d3-impl-thread1] INFO  segmented.LogSegment (LogSegment.java:loadSegment(171)) - Successfully read 1 entries from segment file /home/runner/work/ozone/ozone/hadoop-ozone/integration-test/target/test-dir/MiniOzoneClusterImpl-6c2de427-7485-43c3-b878-dcc0cf80ac7a/ozone-metadata/datanode-1/ratis/53d4c00e-e1b0-426e-9c26-c51117d219b2/current/log_inprogress_0
2025-09-28 08:46:24,639 [9962ec60-824d-4b5c-b72c-a80d9f5353d3-impl-thread1] INFO  segmented.SegmentedRaftLogWorker (SegmentedRaftLogWorker.java:lambda$new$0(141)) - 9962ec60-824d-4b5c-b72c-a80d9f5353d3@group-C51117D219B2-SegmentedRaftLogWorker: safeCacheEvictIndex: setUnconditionally 0 -> -1
2025-09-28 08:46:24,639 [9962ec60-824d-4b5c-b72c-a80d9f5353d3-impl-thread1] INFO  segmented.BufferedWriteChannel (BufferedWriteChannel.java:open(61)) - open log_inprogress_0 (append) at position 351
2025-09-28 08:46:24,640 [9962ec60-824d-4b5c-b72c-a80d9f5353d3-impl-thread3] INFO  server.RaftServer$Division (RaftServerImpl.java:start(419)) - 9962ec60-824d-4b5c-b72c-a80d9f5353d3@group-F8BBE9FFE6D0: Successfully started.
2025-09-28 08:46:24,640 [9962ec60-824d-4b5c-b72c-a80d9f5353d3-impl-thread1] INFO  server.RaftServer$Division (RaftServerImpl.java:start(405)) - 9962ec60-824d-4b5c-b72c-a80d9f5353d3@group-C51117D219B2: start as a follower, conf=conf: {index: 0, cur=peers:[b8386e11-96d4-4625-b991-c054db98adbd|127.0.0.1:15023, 9962ec60-824d-4b5c-b72c-a80d9f5353d3|127.0.0.1:15015, bb53dc84-9509-46ab-9745-0f1d93457633|127.0.0.1:15031]|listeners:[], old=null}
2025-09-28 08:46:24,640 [9962ec60-824d-4b5c-b72c-a80d9f5353d3-impl-thread1] INFO  server.RaftServer$Division (RaftServerImpl.java:setRole(392)) - 9962ec60-824d-4b5c-b72c-a80d9f5353d3@group-C51117D219B2: changes role from      null to FOLLOWER at term 1 for startAsFollower
2025-09-28 08:46:24,640 [9962ec60-824d-4b5c-b72c-a80d9f5353d3-impl-thread1] INFO  impl.RoleInfo (RoleInfo.java:updateAndGet(148)) - 9962ec60-824d-4b5c-b72c-a80d9f5353d3: start 9962ec60-824d-4b5c-b72c-a80d9f5353d3@group-C51117D219B2-FollowerState
2025-09-28 08:46:24,641 [9962ec60-824d-4b5c-b72c-a80d9f5353d3-impl-thread1] INFO  util.JmxRegister (JmxRegister.java:tryRegister(44)) - Successfully registered JMX Bean with object name Ratis:service=RaftServer,group=group-C51117D219B2,id=9962ec60-824d-4b5c-b72c-a80d9f5353d3
2025-09-28 08:46:24,641 [9962ec60-824d-4b5c-b72c-a80d9f5353d3-impl-thread1] INFO  util.JmxRegister (JmxRegister.java:register(58)) - register mxBean class org.apache.ratis.server.impl.RaftServerJmxAdapter as Ratis:service=RaftServer,group=group-C51117D219B2,id=9962ec60-824d-4b5c-b72c-a80d9f5353d3
2025-09-28 08:46:24,642 [9962ec60-824d-4b5c-b72c-a80d9f5353d3-impl-thread1] INFO  server.RaftServer$Division (RaftServerImpl.java:start(419)) - 9962ec60-824d-4b5c-b72c-a80d9f5353d3@group-C51117D219B2: Successfully started.
2025-09-28 08:46:24,643 [9962ec60-824d-4b5c-b72c-a80d9f5353d3-EndpointStateMachineTaskThread-/0.0.0.0:15002-0 ] INFO  server.RaftServer (RaftServerProxy.java:startImpl(412)) - 9962ec60-824d-4b5c-b72c-a80d9f5353d3: start RPC server
2025-09-28 08:46:24,644 [9962ec60-824d-4b5c-b72c-a80d9f5353d3-EndpointStateMachineTaskThread-/0.0.0.0:15002-0 ] INFO  server.GrpcServicesImpl (GrpcServicesImpl.java:startImpl(346)) - 9962ec60-824d-4b5c-b72c-a80d9f5353d3: GrpcServicesImpl started, listening on 15013
2025-09-28 08:46:24,644 [9962ec60-824d-4b5c-b72c-a80d9f5353d3-EndpointStateMachineTaskThread-/0.0.0.0:15002-0 ] INFO  server.GrpcServicesImpl (GrpcServicesImpl.java:startImpl(346)) - 9962ec60-824d-4b5c-b72c-a80d9f5353d3: GrpcServicesImpl started, listening on 15015
2025-09-28 08:46:24,644 [9962ec60-824d-4b5c-b72c-a80d9f5353d3-EndpointStateMachineTaskThread-/0.0.0.0:15002-0 ] INFO  server.GrpcServicesImpl (GrpcServicesImpl.java:startImpl(346)) - 9962ec60-824d-4b5c-b72c-a80d9f5353d3: GrpcServicesImpl started, listening on 15014
2025-09-28 08:46:24,645 [9962ec60-824d-4b5c-b72c-a80d9f5353d3-EndpointStateMachineTaskThread-/0.0.0.0:15002-0 ] INFO  ratis.XceiverServerRatis (XceiverServerRatis.java:getRealPort(586)) - XceiverServerRatis(9962ec60-824d-4b5c-b72c-a80d9f5353d3) is started using port RATIS=15013
2025-09-28 08:46:24,645 [JvmPauseMonitor6] INFO  util.JvmPauseMonitor (JvmPauseMonitor.java:run(146)) - JvmPauseMonitor-9962ec60-824d-4b5c-b72c-a80d9f5353d3: Started
2025-09-28 08:46:24,645 [9962ec60-824d-4b5c-b72c-a80d9f5353d3-EndpointStateMachineTaskThread-/0.0.0.0:15002-0 ] INFO  ratis.XceiverServerRatis (XceiverServerRatis.java:getRealPort(586)) - XceiverServerRatis(9962ec60-824d-4b5c-b72c-a80d9f5353d3) is started using port RATIS_ADMIN=15014
2025-09-28 08:46:24,645 [9962ec60-824d-4b5c-b72c-a80d9f5353d3-EndpointStateMachineTaskThread-/0.0.0.0:15002-0 ] INFO  ratis.XceiverServerRatis (XceiverServerRatis.java:getRealPort(586)) - XceiverServerRatis(9962ec60-824d-4b5c-b72c-a80d9f5353d3) is started using port RATIS_SERVER=15015
2025-09-28 08:46:24,645 [9962ec60-824d-4b5c-b72c-a80d9f5353d3-EndpointStateMachineTaskThread-/0.0.0.0:15002-0 ] INFO  ratis.XceiverServerRatis (XceiverServerRatis.java:getRealPort(586)) - XceiverServerRatis(9962ec60-824d-4b5c-b72c-a80d9f5353d3) is started using port RATIS_DATASTREAM=15016
2025-09-28 08:46:24,646 [9962ec60-824d-4b5c-b72c-a80d9f5353d3-EndpointStateMachineTaskThread-/0.0.0.0:15002-0 ] INFO  utils.BackgroundService (BackgroundService.java:start(119)) - Starting service BlockDeletingService with interval 60000 milliseconds
2025-09-28 08:46:24,647 [9962ec60-824d-4b5c-b72c-a80d9f5353d3-EndpointStateMachineTaskThread-/0.0.0.0:15002-0 ] INFO  utils.BackgroundService (BackgroundService.java:start(119)) - Starting service StaleRecoveringContainerScrubbingService with interval 60000 milliseconds
2025-09-28 08:46:25,117 [FixedThreadPoolWithAffinityExecutor-0-0] INFO  container.ContainerReportHandler (AbstractContainerReportHandler.java:updateContainerState(322)) - transitionDeletingToClosed due to non-empty CLOSED replica (keyCount=1) for Container #1 (DELETING, sid=2) r0 (CLOSED, bcsid=2, origin=9962ec60-824d-4b5c-b72c-a80d9f5353d3, non-empty) from dn 9962ec60-824d-4b5c-b72c-a80d9f5353d3(localhost/127.0.0.1)
2025-09-28 08:46:25,651 [EventQueue-HealthyReadonlyNodeForHealthyReadOnlyNodeHandler] INFO  node.HealthyReadOnlyNodeHandler (HealthyReadOnlyNodeHandler.java:onMessage(54)) - Datanode 9962ec60-824d-4b5c-b72c-a80d9f5353d3(localhost/127.0.0.1) moved to HEALTHY READONLY state.
2025-09-28 08:46:25,651 [EventQueue-HealthyReadonlyNodeForHealthyReadOnlyNodeHandler] INFO  node.HealthyReadOnlyNodeHandler (HealthyReadOnlyNodeHandler.java:onMessage(86)) - Sending close command for pipeline Pipeline-53d4c00e-e1b0-426e-9c26-c51117d219b2 in state CLOSED which uses HEALTHY_READONLY datanode 9962ec60-824d-4b5c-b72c-a80d9f5353d3(localhost/127.0.0.1). This will send close commands for its containers.
2025-09-28 08:46:25,651 [EventQueue-HealthyReadonlyNodeForHealthyReadOnlyNodeHandler] INFO  node.HealthyReadOnlyNodeHandler (HealthyReadOnlyNodeHandler.java:onMessage(86)) - Sending close command for pipeline Pipeline-e6dd397e-dea0-4554-85a2-71444778a42c in state CLOSED which uses HEALTHY_READONLY datanode 9962ec60-824d-4b5c-b72c-a80d9f5353d3(localhost/127.0.0.1). This will send close commands for its containers.
2025-09-28 08:46:25,651 [EventQueue-HealthyReadonlyNodeForHealthyReadOnlyNodeHandler] INFO  node.HealthyReadOnlyNodeHandler (HealthyReadOnlyNodeHandler.java:onMessage(86)) - Sending close command for pipeline Pipeline-df70ece9-6c5f-4732-bdaa-f8bbe9ffe6d0 in state CLOSED which uses HEALTHY_READONLY datanode 9962ec60-824d-4b5c-b72c-a80d9f5353d3(localhost/127.0.0.1). This will send close commands for its containers.
2025-09-28 08:46:25,652 [9962ec60-824d-4b5c-b72c-a80d9f5353d3@group-71444778A42C-FollowerState] INFO  impl.FollowerState (FollowerState.java:runImpl(161)) - 9962ec60-824d-4b5c-b72c-a80d9f5353d3@group-71444778A42C-FollowerState: change to CANDIDATE, lastRpcElapsedTime:1021908492ns, electionTimeout:1019ms
2025-09-28 08:46:25,652 [9962ec60-824d-4b5c-b72c-a80d9f5353d3@group-71444778A42C-FollowerState] INFO  impl.RoleInfo (RoleInfo.java:shutdownFollowerState(121)) - 9962ec60-824d-4b5c-b72c-a80d9f5353d3: shutdown 9962ec60-824d-4b5c-b72c-a80d9f5353d3@group-71444778A42C-FollowerState
2025-09-28 08:46:25,652 [9962ec60-824d-4b5c-b72c-a80d9f5353d3@group-71444778A42C-FollowerState] INFO  server.RaftServer$Division (RaftServerImpl.java:setRole(392)) - 9962ec60-824d-4b5c-b72c-a80d9f5353d3@group-71444778A42C: changes role from  FOLLOWER to CANDIDATE at term 1 for changeToCandidate
2025-09-28 08:46:25,652 [9962ec60-824d-4b5c-b72c-a80d9f5353d3@group-71444778A42C-FollowerState] INFO  impl.RoleInfo (RoleInfo.java:updateAndGet(148)) - 9962ec60-824d-4b5c-b72c-a80d9f5353d3: start 9962ec60-824d-4b5c-b72c-a80d9f5353d3@group-71444778A42C-LeaderElection10
2025-09-28 08:46:25,652 [9962ec60-824d-4b5c-b72c-a80d9f5353d3@group-71444778A42C-LeaderElection10] INFO  impl.LeaderElection (LeaderElection.java:askForVotes(448)) - 9962ec60-824d-4b5c-b72c-a80d9f5353d3@group-71444778A42C-LeaderElection10 PRE_VOTE round 0: submit vote requests at term 1 for conf: {index: 0, cur=peers:[9962ec60-824d-4b5c-b72c-a80d9f5353d3|127.0.0.1:15015]|listeners:[], old=null}
2025-09-28 08:46:25,653 [9962ec60-824d-4b5c-b72c-a80d9f5353d3@group-71444778A42C-LeaderElection10] INFO  impl.LeaderElection (LeaderElection.java:askForVotes(450)) - 9962ec60-824d-4b5c-b72c-a80d9f5353d3@group-71444778A42C-LeaderElection10 PRE_VOTE round 0: result PASSED (term=1)
2025-09-28 08:46:25,654 [9962ec60-824d-4b5c-b72c-a80d9f5353d3@group-71444778A42C-LeaderElection10] INFO  impl.LeaderElection (LeaderElection.java:askForVotes(448)) - 9962ec60-824d-4b5c-b72c-a80d9f5353d3@group-71444778A42C-LeaderElection10 ELECTION round 0: submit vote requests at term 2 for conf: {index: 0, cur=peers:[9962ec60-824d-4b5c-b72c-a80d9f5353d3|127.0.0.1:15015]|listeners:[], old=null}
2025-09-28 08:46:25,654 [9962ec60-824d-4b5c-b72c-a80d9f5353d3@group-71444778A42C-LeaderElection10] INFO  impl.LeaderElection (LeaderElection.java:askForVotes(450)) - 9962ec60-824d-4b5c-b72c-a80d9f5353d3@group-71444778A42C-LeaderElection10 ELECTION round 0: result PASSED (term=2)
2025-09-28 08:46:25,654 [9962ec60-824d-4b5c-b72c-a80d9f5353d3@group-71444778A42C-LeaderElection10] INFO  impl.RoleInfo (RoleInfo.java:shutdownLeaderElection(141)) - 9962ec60-824d-4b5c-b72c-a80d9f5353d3: shutdown 9962ec60-824d-4b5c-b72c-a80d9f5353d3@group-71444778A42C-LeaderElection10
2025-09-28 08:46:25,654 [9962ec60-824d-4b5c-b72c-a80d9f5353d3@group-71444778A42C-LeaderElection10] INFO  server.RaftServer$Division (RaftServerImpl.java:setRole(392)) - 9962ec60-824d-4b5c-b72c-a80d9f5353d3@group-71444778A42C: changes role from CANDIDATE to LEADER at term 2 for changeToLeader
2025-09-28 08:46:25,654 [9962ec60-824d-4b5c-b72c-a80d9f5353d3@group-71444778A42C-LeaderElection10] INFO  server.RaftServerConfigKeys (ConfUtils.java:logFallback(69)) - raft.server.staging.timeout = 15600ms (fallback to raft.server.rpc.timeout.max)
2025-09-28 08:46:25,655 [9962ec60-824d-4b5c-b72c-a80d9f5353d3@group-71444778A42C-LeaderElection10] INFO  server.RaftServerConfigKeys (ConfUtils.java:logGet(62)) - raft.server.write.byte-limit = 1024 M (=1073741824) (custom)
2025-09-28 08:46:25,656 [9962ec60-824d-4b5c-b72c-a80d9f5353d3@group-71444778A42C-LeaderElection10] INFO  impl.RoleInfo (RoleInfo.java:updateAndGet(148)) - 9962ec60-824d-4b5c-b72c-a80d9f5353d3: start 9962ec60-824d-4b5c-b72c-a80d9f5353d3@group-71444778A42C-LeaderStateImpl
2025-09-28 08:46:25,656 [9962ec60-824d-4b5c-b72c-a80d9f5353d3@group-71444778A42C-LeaderElection10] INFO  server.RaftServer$Division (RaftServerImpl.java:setFirstElection(576)) - 9962ec60-824d-4b5c-b72c-a80d9f5353d3@group-71444778A42C: set firstElectionSinceStartup to false for becomeLeader
2025-09-28 08:46:25,656 [9962ec60-824d-4b5c-b72c-a80d9f5353d3@group-71444778A42C-LeaderElection10] INFO  ratis.XceiverServerRatis (XceiverServerRatis.java:handleLeaderChangedNotification(940)) - Leader change notification received for group: group-71444778A42C with new leaderId: 9962ec60-824d-4b5c-b72c-a80d9f5353d3
2025-09-28 08:46:25,656 [9962ec60-824d-4b5c-b72c-a80d9f5353d3@group-71444778A42C-LeaderElection10] INFO  server.RaftServer$Division (ServerState.java:setLeader(272)) - 9962ec60-824d-4b5c-b72c-a80d9f5353d3@group-71444778A42C: change Leader from null to 9962ec60-824d-4b5c-b72c-a80d9f5353d3 at term 2 for becomeLeader, leader elected after 1738ms
2025-09-28 08:46:25,656 [9962ec60-824d-4b5c-b72c-a80d9f5353d3@group-71444778A42C-LeaderElection10] INFO  segmented.SegmentedRaftLogWorker (SegmentedRaftLogWorker.java:rollLogSegment(445)) - 9962ec60-824d-4b5c-b72c-a80d9f5353d3@group-71444778A42C-SegmentedRaftLogWorker: Rolling segment log-0_0 to index:0
2025-09-28 08:46:25,657 [9962ec60-824d-4b5c-b72c-a80d9f5353d3@group-71444778A42C-SegmentedRaftLogWorker] INFO  segmented.SegmentedRaftLogWorker (SegmentedRaftLogWorker.java:execute(604)) - 9962ec60-824d-4b5c-b72c-a80d9f5353d3@group-71444778A42C-SegmentedRaftLogWorker: Rolled log segment from /home/runner/work/ozone/ozone/hadoop-ozone/integration-test/target/test-dir/MiniOzoneClusterImpl-6c2de427-7485-43c3-b878-dcc0cf80ac7a/ozone-metadata/datanode-1/ratis/e6dd397e-dea0-4554-85a2-71444778a42c/current/log_inprogress_0 to /home/runner/work/ozone/ozone/hadoop-ozone/integration-test/target/test-dir/MiniOzoneClusterImpl-6c2de427-7485-43c3-b878-dcc0cf80ac7a/ozone-metadata/datanode-1/ratis/e6dd397e-dea0-4554-85a2-71444778a42c/current/log_0-0
2025-09-28 08:46:25,657 [9962ec60-824d-4b5c-b72c-a80d9f5353d3@group-71444778A42C-LeaderElection10] INFO  server.RaftServer$Division (ServerState.java:setRaftConf(386)) - 9962ec60-824d-4b5c-b72c-a80d9f5353d3@group-71444778A42C: set configuration conf: {index: 1, cur=peers:[9962ec60-824d-4b5c-b72c-a80d9f5353d3|127.0.0.1:15015]|listeners:[], old=null}
2025-09-28 08:46:25,658 [9962ec60-824d-4b5c-b72c-a80d9f5353d3@group-71444778A42C-SegmentedRaftLogWorker] INFO  segmented.BufferedWriteChannel (BufferedWriteChannel.java:open(61)) - open log_inprogress_1 at position 0
2025-09-28 08:46:25,662 [9962ec60-824d-4b5c-b72c-a80d9f5353d3@group-71444778A42C-SegmentedRaftLogWorker] INFO  segmented.SegmentedRaftLogWorker (SegmentedRaftLogWorker.java:execute(647)) - 9962ec60-824d-4b5c-b72c-a80d9f5353d3@group-71444778A42C-SegmentedRaftLogWorker: created new log segment /home/runner/work/ozone/ozone/hadoop-ozone/integration-test/target/test-dir/MiniOzoneClusterImpl-6c2de427-7485-43c3-b878-dcc0cf80ac7a/ozone-metadata/datanode-1/ratis/e6dd397e-dea0-4554-85a2-71444778a42c/current/log_inprogress_1
2025-09-28 08:46:25,664 [9962ec60-824d-4b5c-b72c-a80d9f5353d3@group-71444778A42C-StateMachineUpdater] INFO  server.RaftServer$Division (LeaderStateImpl.java:checkStartIndex(309)) - Leader 9962ec60-824d-4b5c-b72c-a80d9f5353d3@group-71444778A42C-LeaderStateImpl is ready since appliedIndex == startIndex == 1
2025-09-28 08:46:25,667 [9962ec60-824d-4b5c-b72c-a80d9f5353d3@group-C51117D219B2-FollowerState] INFO  impl.FollowerState (FollowerState.java:runImpl(161)) - 9962ec60-824d-4b5c-b72c-a80d9f5353d3@group-C51117D219B2-FollowerState: change to CANDIDATE, lastRpcElapsedTime:1026350968ns, electionTimeout:1026ms
2025-09-28 08:46:25,667 [9962ec60-824d-4b5c-b72c-a80d9f5353d3@group-C51117D219B2-FollowerState] INFO  impl.RoleInfo (RoleInfo.java:shutdownFollowerState(121)) - 9962ec60-824d-4b5c-b72c-a80d9f5353d3: shutdown 9962ec60-824d-4b5c-b72c-a80d9f5353d3@group-C51117D219B2-FollowerState
2025-09-28 08:46:25,667 [9962ec60-824d-4b5c-b72c-a80d9f5353d3@group-C51117D219B2-FollowerState] INFO  server.RaftServer$Division (RaftServerImpl.java:setRole(392)) - 9962ec60-824d-4b5c-b72c-a80d9f5353d3@group-C51117D219B2: changes role from  FOLLOWER to CANDIDATE at term 1 for changeToCandidate
2025-09-28 08:46:25,667 [9962ec60-824d-4b5c-b72c-a80d9f5353d3@group-C51117D219B2-FollowerState] INFO  impl.RoleInfo (RoleInfo.java:updateAndGet(148)) - 9962ec60-824d-4b5c-b72c-a80d9f5353d3: start 9962ec60-824d-4b5c-b72c-a80d9f5353d3@group-C51117D219B2-LeaderElection11
2025-09-28 08:46:25,667 [9962ec60-824d-4b5c-b72c-a80d9f5353d3@group-C51117D219B2-LeaderElection11] INFO  impl.LeaderElection (LeaderElection.java:askForVotes(448)) - 9962ec60-824d-4b5c-b72c-a80d9f5353d3@group-C51117D219B2-LeaderElection11 PRE_VOTE round 0: submit vote requests at term 1 for conf: {index: 0, cur=peers:[b8386e11-96d4-4625-b991-c054db98adbd|127.0.0.1:15023, 9962ec60-824d-4b5c-b72c-a80d9f5353d3|127.0.0.1:15015, bb53dc84-9509-46ab-9745-0f1d93457633|127.0.0.1:15031]|listeners:[], old=null}
2025-09-28 08:46:25,668 [9962ec60-824d-4b5c-b72c-a80d9f5353d3@group-C51117D219B2-LeaderElection11-1] INFO  server.GrpcServerProtocolClient (GrpcServerProtocolClient.java:<init>(65)) - Build channel for b8386e11-96d4-4625-b991-c054db98adbd|127.0.0.1:15023
2025-09-28 08:46:25,668 [9962ec60-824d-4b5c-b72c-a80d9f5353d3@group-C51117D219B2-LeaderElection11-2] INFO  server.GrpcServerProtocolClient (GrpcServerProtocolClient.java:<init>(65)) - Build channel for bb53dc84-9509-46ab-9745-0f1d93457633|127.0.0.1:15031
2025-09-28 08:46:25,673 [grpc-default-executor-3] INFO  server.RaftServer$Division (RaftServerImpl.java:requestVote(1421)) - b8386e11-96d4-4625-b991-c054db98adbd@group-C51117D219B2: receive requestVote(PRE_VOTE, 9962ec60-824d-4b5c-b72c-a80d9f5353d3, group-C51117D219B2, 1, (t:1, i:0))
2025-09-28 08:46:25,673 [grpc-default-executor-3] INFO  impl.VoteContext (VoteContext.java:log(49)) - b8386e11-96d4-4625-b991-c054db98adbd@group-C51117D219B2-FOLLOWER: accept PRE_VOTE from 9962ec60-824d-4b5c-b72c-a80d9f5353d3: our priority 0 <= candidate's priority 1
2025-09-28 08:46:25,674 [grpc-default-executor-3] INFO  server.RaftServer$Division (RaftServerImpl.java:requestVote(1455)) - b8386e11-96d4-4625-b991-c054db98adbd@group-C51117D219B2 replies to PRE_VOTE vote request: 9962ec60-824d-4b5c-b72c-a80d9f5353d3<-b8386e11-96d4-4625-b991-c054db98adbd#0:OK-t1-last:(t:1, i:0). Peer's state: b8386e11-96d4-4625-b991-c054db98adbd@group-C51117D219B2:t1, leader=9962ec60-824d-4b5c-b72c-a80d9f5353d3, voted=9962ec60-824d-4b5c-b72c-a80d9f5353d3, raftlog=Memoized:b8386e11-96d4-4625-b991-c054db98adbd@group-C51117D219B2-SegmentedRaftLog:OPENED:c0:last(t:1, i:0), conf=conf: {index: 0, cur=peers:[b8386e11-96d4-4625-b991-c054db98adbd|127.0.0.1:15023, 9962ec60-824d-4b5c-b72c-a80d9f5353d3|127.0.0.1:15015, bb53dc84-9509-46ab-9745-0f1d93457633|127.0.0.1:15031]|listeners:[], old=null}
2025-09-28 08:46:25,673 [grpc-default-executor-1] INFO  server.RaftServer$Division (RaftServerImpl.java:requestVote(1421)) - bb53dc84-9509-46ab-9745-0f1d93457633@group-C51117D219B2: receive requestVote(PRE_VOTE, 9962ec60-824d-4b5c-b72c-a80d9f5353d3, group-C51117D219B2, 1, (t:1, i:0))
2025-09-28 08:46:25,674 [grpc-default-executor-1] INFO  impl.VoteContext (VoteContext.java:log(49)) - bb53dc84-9509-46ab-9745-0f1d93457633@group-C51117D219B2-FOLLOWER: accept PRE_VOTE from 9962ec60-824d-4b5c-b72c-a80d9f5353d3: our priority 0 <= candidate's priority 1
2025-09-28 08:46:25,674 [grpc-default-executor-1] INFO  server.RaftServer$Division (RaftServerImpl.java:requestVote(1455)) - bb53dc84-9509-46ab-9745-0f1d93457633@group-C51117D219B2 replies to PRE_VOTE vote request: 9962ec60-824d-4b5c-b72c-a80d9f5353d3<-bb53dc84-9509-46ab-9745-0f1d93457633#0:OK-t1-last:(t:1, i:0). Peer's state: bb53dc84-9509-46ab-9745-0f1d93457633@group-C51117D219B2:t1, leader=9962ec60-824d-4b5c-b72c-a80d9f5353d3, voted=9962ec60-824d-4b5c-b72c-a80d9f5353d3, raftlog=Memoized:bb53dc84-9509-46ab-9745-0f1d93457633@group-C51117D219B2-SegmentedRaftLog:OPENED:c0:last(t:1, i:0), conf=conf: {index: 0, cur=peers:[b8386e11-96d4-4625-b991-c054db98adbd|127.0.0.1:15023, 9962ec60-824d-4b5c-b72c-a80d9f5353d3|127.0.0.1:15015, bb53dc84-9509-46ab-9745-0f1d93457633|127.0.0.1:15031]|listeners:[], old=null}
2025-09-28 08:46:25,676 [9962ec60-824d-4b5c-b72c-a80d9f5353d3@group-C51117D219B2-LeaderElection11] INFO  impl.LeaderElection (LeaderElection.java:logAndReturn(206)) - 9962ec60-824d-4b5c-b72c-a80d9f5353d3@group-C51117D219B2-LeaderElection11: PRE_VOTE PASSED received 1 response(s) and 0 exception(s):
2025-09-28 08:46:25,676 [9962ec60-824d-4b5c-b72c-a80d9f5353d3@group-C51117D219B2-LeaderElection11] INFO  impl.LeaderElection (LeaderElection.java:logAndReturn(210)) -   Response 0: 9962ec60-824d-4b5c-b72c-a80d9f5353d3<-b8386e11-96d4-4625-b991-c054db98adbd#0:OK-t1-last:(t:1, i:0)
2025-09-28 08:46:25,676 [9962ec60-824d-4b5c-b72c-a80d9f5353d3@group-C51117D219B2-LeaderElection11] INFO  impl.LeaderElection (LeaderElection.java:askForVotes(450)) - 9962ec60-824d-4b5c-b72c-a80d9f5353d3@group-C51117D219B2-LeaderElection11 PRE_VOTE round 0: result PASSED
2025-09-28 08:46:25,678 [9962ec60-824d-4b5c-b72c-a80d9f5353d3@group-C51117D219B2-LeaderElection11] INFO  impl.LeaderElection (LeaderElection.java:askForVotes(448)) - 9962ec60-824d-4b5c-b72c-a80d9f5353d3@group-C51117D219B2-LeaderElection11 ELECTION round 0: submit vote requests at term 2 for conf: {index: 0, cur=peers:[b8386e11-96d4-4625-b991-c054db98adbd|127.0.0.1:15023, 9962ec60-824d-4b5c-b72c-a80d9f5353d3|127.0.0.1:15015, bb53dc84-9509-46ab-9745-0f1d93457633|127.0.0.1:15031]|listeners:[], old=null}
2025-09-28 08:46:25,679 [grpc-default-executor-1] INFO  server.RaftServer$Division (RaftServerImpl.java:requestVote(1421)) - bb53dc84-9509-46ab-9745-0f1d93457633@group-C51117D219B2: receive requestVote(ELECTION, 9962ec60-824d-4b5c-b72c-a80d9f5353d3, group-C51117D219B2, 2, (t:1, i:0))
2025-09-28 08:46:25,680 [grpc-default-executor-1] INFO  impl.VoteContext (VoteContext.java:log(49)) - bb53dc84-9509-46ab-9745-0f1d93457633@group-C51117D219B2-FOLLOWER: accept ELECTION from 9962ec60-824d-4b5c-b72c-a80d9f5353d3: our priority 0 <= candidate's priority 1
2025-09-28 08:46:25,680 [grpc-default-executor-1] INFO  server.RaftServer$Division (RaftServerImpl.java:setRole(392)) - bb53dc84-9509-46ab-9745-0f1d93457633@group-C51117D219B2: changes role from  FOLLOWER to FOLLOWER at term 1 for candidate:9962ec60-824d-4b5c-b72c-a80d9f5353d3
2025-09-28 08:46:25,680 [grpc-default-executor-1] INFO  impl.RoleInfo (RoleInfo.java:shutdownFollowerState(121)) - bb53dc84-9509-46ab-9745-0f1d93457633: shutdown bb53dc84-9509-46ab-9745-0f1d93457633@group-C51117D219B2-FollowerState
2025-09-28 08:46:25,680 [grpc-default-executor-1] INFO  server.RaftServer$Division (ServerState.java:setLeader(272)) - bb53dc84-9509-46ab-9745-0f1d93457633@group-C51117D219B2: change Leader from 9962ec60-824d-4b5c-b72c-a80d9f5353d3 to null at term 2 for updateCurrentTerm
2025-09-28 08:46:25,679 [grpc-default-executor-3] INFO  server.RaftServer$Division (RaftServerImpl.java:requestVote(1421)) - b8386e11-96d4-4625-b991-c054db98adbd@group-C51117D219B2: receive requestVote(ELECTION, 9962ec60-824d-4b5c-b72c-a80d9f5353d3, group-C51117D219B2, 2, (t:1, i:0))
2025-09-28 08:46:25,680 [grpc-default-executor-3] INFO  impl.VoteContext (VoteContext.java:log(49)) - b8386e11-96d4-4625-b991-c054db98adbd@group-C51117D219B2-FOLLOWER: accept ELECTION from 9962ec60-824d-4b5c-b72c-a80d9f5353d3: our priority 0 <= candidate's priority 1
2025-09-28 08:46:25,680 [grpc-default-executor-3] INFO  server.RaftServer$Division (RaftServerImpl.java:setRole(392)) - b8386e11-96d4-4625-b991-c054db98adbd@group-C51117D219B2: changes role from  FOLLOWER to FOLLOWER at term 1 for candidate:9962ec60-824d-4b5c-b72c-a80d9f5353d3
2025-09-28 08:46:25,680 [grpc-default-executor-3] INFO  impl.RoleInfo (RoleInfo.java:shutdownFollowerState(121)) - b8386e11-96d4-4625-b991-c054db98adbd: shutdown b8386e11-96d4-4625-b991-c054db98adbd@group-C51117D219B2-FollowerState
2025-09-28 08:46:25,680 [grpc-default-executor-3] INFO  server.RaftServer$Division (ServerState.java:setLeader(272)) - b8386e11-96d4-4625-b991-c054db98adbd@group-C51117D219B2: change Leader from 9962ec60-824d-4b5c-b72c-a80d9f5353d3 to null at term 2 for updateCurrentTerm
2025-09-28 08:46:25,680 [grpc-default-executor-3] INFO  impl.RoleInfo (RoleInfo.java:updateAndGet(148)) - b8386e11-96d4-4625-b991-c054db98adbd: start b8386e11-96d4-4625-b991-c054db98adbd@group-C51117D219B2-FollowerState
2025-09-28 08:46:25,680 [grpc-default-executor-1] INFO  impl.RoleInfo (RoleInfo.java:updateAndGet(148)) - bb53dc84-9509-46ab-9745-0f1d93457633: start bb53dc84-9509-46ab-9745-0f1d93457633@group-C51117D219B2-FollowerState
2025-09-28 08:46:25,681 [bb53dc84-9509-46ab-9745-0f1d93457633@group-C51117D219B2-FollowerState] INFO  impl.FollowerState (FollowerState.java:runImpl(170)) - bb53dc84-9509-46ab-9745-0f1d93457633@group-C51117D219B2-FollowerState was interrupted
2025-09-28 08:46:25,681 [b8386e11-96d4-4625-b991-c054db98adbd@group-C51117D219B2-FollowerState] INFO  impl.FollowerState (FollowerState.java:runImpl(170)) - b8386e11-96d4-4625-b991-c054db98adbd@group-C51117D219B2-FollowerState was interrupted
2025-09-28 08:46:25,682 [grpc-default-executor-1] INFO  server.RaftServer$Division (RaftServerImpl.java:requestVote(1455)) - bb53dc84-9509-46ab-9745-0f1d93457633@group-C51117D219B2 replies to ELECTION vote request: 9962ec60-824d-4b5c-b72c-a80d9f5353d3<-bb53dc84-9509-46ab-9745-0f1d93457633#0:OK-t2-last:(t:1, i:0). Peer's state: bb53dc84-9509-46ab-9745-0f1d93457633@group-C51117D219B2:t2, leader=null, voted=9962ec60-824d-4b5c-b72c-a80d9f5353d3, raftlog=Memoized:bb53dc84-9509-46ab-9745-0f1d93457633@group-C51117D219B2-SegmentedRaftLog:OPENED:c0:last(t:1, i:0), conf=conf: {index: 0, cur=peers:[b8386e11-96d4-4625-b991-c054db98adbd|127.0.0.1:15023, 9962ec60-824d-4b5c-b72c-a80d9f5353d3|127.0.0.1:15015, bb53dc84-9509-46ab-9745-0f1d93457633|127.0.0.1:15031]|listeners:[], old=null}
2025-09-28 08:46:25,682 [grpc-default-executor-3] INFO  server.RaftServer$Division (RaftServerImpl.java:requestVote(1455)) - b8386e11-96d4-4625-b991-c054db98adbd@group-C51117D219B2 replies to ELECTION vote request: 9962ec60-824d-4b5c-b72c-a80d9f5353d3<-b8386e11-96d4-4625-b991-c054db98adbd#0:OK-t2-last:(t:1, i:0). Peer's state: b8386e11-96d4-4625-b991-c054db98adbd@group-C51117D219B2:t2, leader=null, voted=9962ec60-824d-4b5c-b72c-a80d9f5353d3, raftlog=Memoized:b8386e11-96d4-4625-b991-c054db98adbd@group-C51117D219B2-SegmentedRaftLog:OPENED:c0:last(t:1, i:0), conf=conf: {index: 0, cur=peers:[b8386e11-96d4-4625-b991-c054db98adbd|127.0.0.1:15023, 9962ec60-824d-4b5c-b72c-a80d9f5353d3|127.0.0.1:15015, bb53dc84-9509-46ab-9745-0f1d93457633|127.0.0.1:15031]|listeners:[], old=null}
2025-09-28 08:46:25,683 [9962ec60-824d-4b5c-b72c-a80d9f5353d3@group-C51117D219B2-LeaderElection11] INFO  impl.LeaderElection (LeaderElection.java:logAndReturn(206)) - 9962ec60-824d-4b5c-b72c-a80d9f5353d3@group-C51117D219B2-LeaderElection11: ELECTION PASSED received 1 response(s) and 0 exception(s):
2025-09-28 08:46:25,683 [9962ec60-824d-4b5c-b72c-a80d9f5353d3@group-C51117D219B2-LeaderElection11] INFO  impl.LeaderElection (LeaderElection.java:logAndReturn(210)) -   Response 0: 9962ec60-824d-4b5c-b72c-a80d9f5353d3<-b8386e11-96d4-4625-b991-c054db98adbd#0:OK-t2-last:(t:1, i:0)
2025-09-28 08:46:25,684 [9962ec60-824d-4b5c-b72c-a80d9f5353d3@group-C51117D219B2-LeaderElection11] INFO  impl.LeaderElection (LeaderElection.java:askForVotes(450)) - 9962ec60-824d-4b5c-b72c-a80d9f5353d3@group-C51117D219B2-LeaderElection11 ELECTION round 0: result PASSED
2025-09-28 08:46:25,684 [9962ec60-824d-4b5c-b72c-a80d9f5353d3@group-C51117D219B2-LeaderElection11] INFO  impl.RoleInfo (RoleInfo.java:shutdownLeaderElection(141)) - 9962ec60-824d-4b5c-b72c-a80d9f5353d3: shutdown 9962ec60-824d-4b5c-b72c-a80d9f5353d3@group-C51117D219B2-LeaderElection11
2025-09-28 08:46:25,684 [9962ec60-824d-4b5c-b72c-a80d9f5353d3@group-C51117D219B2-LeaderElection11] INFO  server.RaftServer$Division (RaftServerImpl.java:setRole(392)) - 9962ec60-824d-4b5c-b72c-a80d9f5353d3@group-C51117D219B2: changes role from CANDIDATE to LEADER at term 2 for changeToLeader
2025-09-28 08:46:25,684 [9962ec60-824d-4b5c-b72c-a80d9f5353d3@group-C51117D219B2-LeaderElection11] INFO  server.RaftServerConfigKeys (ConfUtils.java:logFallback(69)) - raft.server.staging.timeout = 15600ms (fallback to raft.server.rpc.timeout.max)
2025-09-28 08:46:25,684 [9962ec60-824d-4b5c-b72c-a80d9f5353d3@group-C51117D219B2-LeaderElection11] INFO  server.RaftServerConfigKeys (ConfUtils.java:logGet(62)) - raft.server.write.byte-limit = 1024 M (=1073741824) (custom)
2025-09-28 08:46:25,685 [9962ec60-824d-4b5c-b72c-a80d9f5353d3@group-C51117D219B2-LeaderElection11] INFO  server.RaftServerConfigKeys (ConfUtils.java:logGet(62)) - raft.server.log.appender.buffer.byte-limit = 33554432 (custom)
2025-09-28 08:46:25,686 [9962ec60-824d-4b5c-b72c-a80d9f5353d3@group-C51117D219B2-LeaderElection11] INFO  server.RaftServerConfigKeys (ConfUtils.java:logGet(62)) - raft.server.log.appender.buffer.byte-limit = 33554432 (custom)
2025-09-28 08:46:25,686 [9962ec60-824d-4b5c-b72c-a80d9f5353d3@group-C51117D219B2-LeaderElection11] INFO  impl.RoleInfo (RoleInfo.java:updateAndGet(148)) - 9962ec60-824d-4b5c-b72c-a80d9f5353d3: start 9962ec60-824d-4b5c-b72c-a80d9f5353d3@group-C51117D219B2-LeaderStateImpl
2025-09-28 08:46:25,686 [9962ec60-824d-4b5c-b72c-a80d9f5353d3@group-C51117D219B2-LeaderElection11] INFO  server.RaftServer$Division (RaftServerImpl.java:setFirstElection(576)) - 9962ec60-824d-4b5c-b72c-a80d9f5353d3@group-C51117D219B2: set firstElectionSinceStartup to false for becomeLeader
2025-09-28 08:46:25,686 [9962ec60-824d-4b5c-b72c-a80d9f5353d3@group-C51117D219B2-LeaderElection11] INFO  ratis.XceiverServerRatis (XceiverServerRatis.java:handleLeaderChangedNotification(940)) - Leader change notification received for group: group-C51117D219B2 with new leaderId: 9962ec60-824d-4b5c-b72c-a80d9f5353d3
2025-09-28 08:46:25,687 [9962ec60-824d-4b5c-b72c-a80d9f5353d3@group-C51117D219B2-LeaderElection11] INFO  server.RaftServer$Division (ServerState.java:setLeader(272)) - 9962ec60-824d-4b5c-b72c-a80d9f5353d3@group-C51117D219B2: change Leader from null to 9962ec60-824d-4b5c-b72c-a80d9f5353d3 at term 2 for becomeLeader, leader elected after 1752ms
2025-09-28 08:46:25,687 [9962ec60-824d-4b5c-b72c-a80d9f5353d3@group-C51117D219B2-LeaderElection11] INFO  segmented.SegmentedRaftLogWorker (SegmentedRaftLogWorker.java:rollLogSegment(445)) - 9962ec60-824d-4b5c-b72c-a80d9f5353d3@group-C51117D219B2-SegmentedRaftLogWorker: Rolling segment log-0_0 to index:0
2025-09-28 08:46:25,687 [9962ec60-824d-4b5c-b72c-a80d9f5353d3@group-C51117D219B2-LeaderElection11] INFO  server.RaftServer$Division (ServerState.java:setRaftConf(386)) - 9962ec60-824d-4b5c-b72c-a80d9f5353d3@group-C51117D219B2: set configuration conf: {index: 1, cur=peers:[b8386e11-96d4-4625-b991-c054db98adbd|127.0.0.1:15023, 9962ec60-824d-4b5c-b72c-a80d9f5353d3|127.0.0.1:15015, bb53dc84-9509-46ab-9745-0f1d93457633|127.0.0.1:15031]|listeners:[], old=null}
2025-09-28 08:46:25,687 [9962ec60-824d-4b5c-b72c-a80d9f5353d3@group-C51117D219B2-SegmentedRaftLogWorker] INFO  segmented.SegmentedRaftLogWorker (SegmentedRaftLogWorker.java:execute(604)) - 9962ec60-824d-4b5c-b72c-a80d9f5353d3@group-C51117D219B2-SegmentedRaftLogWorker: Rolled log segment from /home/runner/work/ozone/ozone/hadoop-ozone/integration-test/target/test-dir/MiniOzoneClusterImpl-6c2de427-7485-43c3-b878-dcc0cf80ac7a/ozone-metadata/datanode-1/ratis/53d4c00e-e1b0-426e-9c26-c51117d219b2/current/log_inprogress_0 to /home/runner/work/ozone/ozone/hadoop-ozone/integration-test/target/test-dir/MiniOzoneClusterImpl-6c2de427-7485-43c3-b878-dcc0cf80ac7a/ozone-metadata/datanode-1/ratis/53d4c00e-e1b0-426e-9c26-c51117d219b2/current/log_0-0
2025-09-28 08:46:25,688 [9962ec60-824d-4b5c-b72c-a80d9f5353d3@group-C51117D219B2-SegmentedRaftLogWorker] INFO  segmented.BufferedWriteChannel (BufferedWriteChannel.java:open(61)) - open log_inprogress_1 at position 0
2025-09-28 08:46:25,693 [grpc-default-executor-0] INFO  ratis.XceiverServerRatis (XceiverServerRatis.java:handleLeaderChangedNotification(940)) - Leader change notification received for group: group-C51117D219B2 with new leaderId: 9962ec60-824d-4b5c-b72c-a80d9f5353d3
2025-09-28 08:46:25,693 [grpc-default-executor-0] INFO  server.RaftServer$Division (ServerState.java:setLeader(272)) - b8386e11-96d4-4625-b991-c054db98adbd@group-C51117D219B2: change Leader from null to 9962ec60-824d-4b5c-b72c-a80d9f5353d3 at term 2 for appendEntries, leader elected after 12ms
2025-09-28 08:46:25,694 [grpc-default-executor-4] INFO  ratis.XceiverServerRatis (XceiverServerRatis.java:handleLeaderChangedNotification(940)) - Leader change notification received for group: group-C51117D219B2 with new leaderId: 9962ec60-824d-4b5c-b72c-a80d9f5353d3
2025-09-28 08:46:25,694 [grpc-default-executor-4] INFO  server.RaftServer$Division (ServerState.java:setLeader(272)) - bb53dc84-9509-46ab-9745-0f1d93457633@group-C51117D219B2: change Leader from null to 9962ec60-824d-4b5c-b72c-a80d9f5353d3 at term 2 for appendEntries, leader elected after 14ms
2025-09-28 08:46:25,694 [grpc-default-executor-1] INFO  server.RaftServer$Division (ServerState.java:setRaftConf(386)) - b8386e11-96d4-4625-b991-c054db98adbd@group-C51117D219B2: set configuration conf: {index: 1, cur=peers:[b8386e11-96d4-4625-b991-c054db98adbd|127.0.0.1:15023, 9962ec60-824d-4b5c-b72c-a80d9f5353d3|127.0.0.1:15015, bb53dc84-9509-46ab-9745-0f1d93457633|127.0.0.1:15031]|listeners:[], old=null}
2025-09-28 08:46:25,695 [grpc-default-executor-4] INFO  server.RaftServer$Division (ServerState.java:setRaftConf(386)) - bb53dc84-9509-46ab-9745-0f1d93457633@group-C51117D219B2: set configuration conf: {index: 1, cur=peers:[b8386e11-96d4-4625-b991-c054db98adbd|127.0.0.1:15023, 9962ec60-824d-4b5c-b72c-a80d9f5353d3|127.0.0.1:15015, bb53dc84-9509-46ab-9745-0f1d93457633|127.0.0.1:15031]|listeners:[], old=null}
2025-09-28 08:46:25,695 [grpc-default-executor-4] INFO  segmented.SegmentedRaftLogWorker (SegmentedRaftLogWorker.java:rollLogSegment(445)) - bb53dc84-9509-46ab-9745-0f1d93457633@group-C51117D219B2-SegmentedRaftLogWorker: Rolling segment log-0_0 to index:0
2025-09-28 08:46:25,696 [grpc-default-executor-1] INFO  segmented.SegmentedRaftLogWorker (SegmentedRaftLogWorker.java:rollLogSegment(445)) - b8386e11-96d4-4625-b991-c054db98adbd@group-C51117D219B2-SegmentedRaftLogWorker: Rolling segment log-0_0 to index:0
2025-09-28 08:46:25,697 [9962ec60-824d-4b5c-b72c-a80d9f5353d3@group-C51117D219B2-SegmentedRaftLogWorker] INFO  segmented.SegmentedRaftLogWorker (SegmentedRaftLogWorker.java:execute(647)) - 9962ec60-824d-4b5c-b72c-a80d9f5353d3@group-C51117D219B2-SegmentedRaftLogWorker: created new log segment /home/runner/work/ozone/ozone/hadoop-ozone/integration-test/target/test-dir/MiniOzoneClusterImpl-6c2de427-7485-43c3-b878-dcc0cf80ac7a/ozone-metadata/datanode-1/ratis/53d4c00e-e1b0-426e-9c26-c51117d219b2/current/log_inprogress_1
2025-09-28 08:46:25,697 [bb53dc84-9509-46ab-9745-0f1d93457633@group-C51117D219B2-SegmentedRaftLogWorker] INFO  segmented.SegmentedRaftLogWorker (SegmentedRaftLogWorker.java:execute(604)) - bb53dc84-9509-46ab-9745-0f1d93457633@group-C51117D219B2-SegmentedRaftLogWorker: Rolled log segment from /home/runner/work/ozone/ozone/hadoop-ozone/integration-test/target/test-dir/MiniOzoneClusterImpl-6c2de427-7485-43c3-b878-dcc0cf80ac7a/ozone-metadata/datanode-3/ratis/53d4c00e-e1b0-426e-9c26-c51117d219b2/current/log_inprogress_0 to /home/runner/work/ozone/ozone/hadoop-ozone/integration-test/target/test-dir/MiniOzoneClusterImpl-6c2de427-7485-43c3-b878-dcc0cf80ac7a/ozone-metadata/datanode-3/ratis/53d4c00e-e1b0-426e-9c26-c51117d219b2/current/log_0-0
2025-09-28 08:46:25,698 [bb53dc84-9509-46ab-9745-0f1d93457633@group-C51117D219B2-SegmentedRaftLogWorker] INFO  segmented.BufferedWriteChannel (BufferedWriteChannel.java:open(61)) - open log_inprogress_1 at position 0
2025-09-28 08:46:25,699 [b8386e11-96d4-4625-b991-c054db98adbd@group-C51117D219B2-SegmentedRaftLogWorker] INFO  segmented.SegmentedRaftLogWorker (SegmentedRaftLogWorker.java:execute(604)) - b8386e11-96d4-4625-b991-c054db98adbd@group-C51117D219B2-SegmentedRaftLogWorker: Rolled log segment from /home/runner/work/ozone/ozone/hadoop-ozone/integration-test/target/test-dir/MiniOzoneClusterImpl-6c2de427-7485-43c3-b878-dcc0cf80ac7a/ozone-metadata/datanode-2/ratis/53d4c00e-e1b0-426e-9c26-c51117d219b2/current/log_inprogress_0 to /home/runner/work/ozone/ozone/hadoop-ozone/integration-test/target/test-dir/MiniOzoneClusterImpl-6c2de427-7485-43c3-b878-dcc0cf80ac7a/ozone-metadata/datanode-2/ratis/53d4c00e-e1b0-426e-9c26-c51117d219b2/current/log_0-0
2025-09-28 08:46:25,700 [b8386e11-96d4-4625-b991-c054db98adbd@group-C51117D219B2-SegmentedRaftLogWorker] INFO  segmented.BufferedWriteChannel (BufferedWriteChannel.java:open(61)) - open log_inprogress_1 at position 0
2025-09-28 08:46:25,702 [bb53dc84-9509-46ab-9745-0f1d93457633@group-C51117D219B2-SegmentedRaftLogWorker] INFO  segmented.SegmentedRaftLogWorker (SegmentedRaftLogWorker.java:execute(647)) - bb53dc84-9509-46ab-9745-0f1d93457633@group-C51117D219B2-SegmentedRaftLogWorker: created new log segment /home/runner/work/ozone/ozone/hadoop-ozone/integration-test/target/test-dir/MiniOzoneClusterImpl-6c2de427-7485-43c3-b878-dcc0cf80ac7a/ozone-metadata/datanode-3/ratis/53d4c00e-e1b0-426e-9c26-c51117d219b2/current/log_inprogress_1
2025-09-28 08:46:25,704 [b8386e11-96d4-4625-b991-c054db98adbd@group-C51117D219B2-SegmentedRaftLogWorker] INFO  segmented.SegmentedRaftLogWorker (SegmentedRaftLogWorker.java:execute(647)) - b8386e11-96d4-4625-b991-c054db98adbd@group-C51117D219B2-SegmentedRaftLogWorker: created new log segment /home/runner/work/ozone/ozone/hadoop-ozone/integration-test/target/test-dir/MiniOzoneClusterImpl-6c2de427-7485-43c3-b878-dcc0cf80ac7a/ozone-metadata/datanode-2/ratis/53d4c00e-e1b0-426e-9c26-c51117d219b2/current/log_inprogress_1
2025-09-28 08:46:25,706 [9962ec60-824d-4b5c-b72c-a80d9f5353d3@group-C51117D219B2-StateMachineUpdater] INFO  server.RaftServer$Division (LeaderStateImpl.java:checkStartIndex(309)) - Leader 9962ec60-824d-4b5c-b72c-a80d9f5353d3@group-C51117D219B2-LeaderStateImpl is ready since appliedIndex == startIndex == 1
2025-09-28 08:46:25,751 [EventQueue-HealthyReadonlyToHealthyNodeForReadOnlyHealthyToHealthyNodeHandler] INFO  node.ReadOnlyHealthyToHealthyNodeHandler (ReadOnlyHealthyToHealthyNodeHandler.java:onMessage(46)) - Datanode 9962ec60-824d-4b5c-b72c-a80d9f5353d3(localhost/127.0.0.1) moved to HEALTHY state.
2025-09-28 08:46:25,751 [EventQueue-HealthyReadonlyToHealthyNodeForReadOnlyHealthyToHealthyNodeHandler] INFO  pipeline.BackgroundPipelineCreator (BackgroundPipelineCreator.java:notifyEventTriggered(290)) - trigger a one-shot run on RatisPipelineUtilsThread.
2025-09-28 08:46:25,752 [RatisPipelineUtilsThread-0] INFO  pipeline.RatisPipelineProvider (RatisPipelineProvider.java:lambda$create$0(208)) - Sending CreatePipelineCommand for pipeline:Pipeline-47dbef3c-7dbe-436c-b1c5-8640d4eac9b2 to datanode:9962ec60-824d-4b5c-b72c-a80d9f5353d3(localhost/127.0.0.1)
2025-09-28 08:46:25,754 [RatisPipelineUtilsThread-0] INFO  pipeline.BackgroundPipelineCreator (BackgroundPipelineCreator.java:createPipelines(246)) - Created new pipeline Pipeline{ Id: 47dbef3c-7dbe-436c-b1c5-8640d4eac9b2, Nodes: [ {9962ec60-824d-4b5c-b72c-a80d9f5353d3(localhost/127.0.0.1), ReplicaIndex: 0},], ReplicationConfig: RATIS/ONE, State:ALLOCATED, leaderId:, CreationTimestamp2025-09-28T08:46:25.752328337Z[Etc/UTC]}
2025-09-28 08:46:25,755 [RatisPipelineUtilsThread-0] INFO  pipeline.RatisPipelineProvider (RatisPipelineProvider.java:lambda$create$0(208)) - Sending CreatePipelineCommand for pipeline:Pipeline-d76492a8-86ed-49dc-9e9c-d9881dadd006 to datanode:bb53dc84-9509-46ab-9745-0f1d93457633(localhost/127.0.0.1)
2025-09-28 08:46:25,755 [RatisPipelineUtilsThread-0] INFO  pipeline.RatisPipelineProvider (RatisPipelineProvider.java:lambda$create$0(208)) - Sending CreatePipelineCommand for pipeline:Pipeline-d76492a8-86ed-49dc-9e9c-d9881dadd006 to datanode:9962ec60-824d-4b5c-b72c-a80d9f5353d3(localhost/127.0.0.1)
2025-09-28 08:46:25,755 [RatisPipelineUtilsThread-0] INFO  pipeline.RatisPipelineProvider (RatisPipelineProvider.java:lambda$create$0(208)) - Sending CreatePipelineCommand for pipeline:Pipeline-d76492a8-86ed-49dc-9e9c-d9881dadd006 to datanode:b8386e11-96d4-4625-b991-c054db98adbd(localhost/127.0.0.1)
2025-09-28 08:46:25,758 [RatisPipelineUtilsThread-0] INFO  pipeline.BackgroundPipelineCreator (BackgroundPipelineCreator.java:createPipelines(246)) - Created new pipeline Pipeline{ Id: d76492a8-86ed-49dc-9e9c-d9881dadd006, Nodes: [ {bb53dc84-9509-46ab-9745-0f1d93457633(localhost/127.0.0.1), ReplicaIndex: 0}, {9962ec60-824d-4b5c-b72c-a80d9f5353d3(localhost/127.0.0.1), ReplicaIndex: 0}, {b8386e11-96d4-4625-b991-c054db98adbd(localhost/127.0.0.1), ReplicaIndex: 0},], ReplicationConfig: RATIS/THREE, State:ALLOCATED, leaderId:, CreationTimestamp2025-09-28T08:46:25.755462564Z[Etc/UTC]}
2025-09-28 08:46:25,759 [RatisPipelineUtilsThread-0] INFO  pipeline.RatisPipelineProvider (RatisPipelineProvider.java:lambda$create$0(208)) - Sending CreatePipelineCommand for pipeline:Pipeline-4a65dc13-1cc3-4b8b-aa9e-f318e0b78f87 to datanode:bb53dc84-9509-46ab-9745-0f1d93457633(localhost/127.0.0.1)
2025-09-28 08:46:25,760 [RatisPipelineUtilsThread-0] INFO  pipeline.RatisPipelineProvider (RatisPipelineProvider.java:lambda$create$0(208)) - Sending CreatePipelineCommand for pipeline:Pipeline-4a65dc13-1cc3-4b8b-aa9e-f318e0b78f87 to datanode:b8386e11-96d4-4625-b991-c054db98adbd(localhost/127.0.0.1)
2025-09-28 08:46:25,760 [RatisPipelineUtilsThread-0] INFO  pipeline.RatisPipelineProvider (RatisPipelineProvider.java:lambda$create$0(208)) - Sending CreatePipelineCommand for pipeline:Pipeline-4a65dc13-1cc3-4b8b-aa9e-f318e0b78f87 to datanode:9962ec60-824d-4b5c-b72c-a80d9f5353d3(localhost/127.0.0.1)
2025-09-28 08:46:25,762 [RatisPipelineUtilsThread-0] INFO  pipeline.PipelineManagerImpl (PipelineManagerImpl.java:recordMetricsForPipeline(922)) - Pipeline-4a65dc13-1cc3-4b8b-aa9e-f318e0b78f87 and Pipeline-d76492a8-86ed-49dc-9e9c-d9881dadd006 have exactly the same set of datanodes: [bb53dc84-9509-46ab-9745-0f1d93457633(localhost/127.0.0.1), b8386e11-96d4-4625-b991-c054db98adbd(localhost/127.0.0.1), 9962ec60-824d-4b5c-b72c-a80d9f5353d3(localhost/127.0.0.1)]
2025-09-28 08:46:25,762 [RatisPipelineUtilsThread-0] INFO  pipeline.BackgroundPipelineCreator (BackgroundPipelineCreator.java:createPipelines(246)) - Created new pipeline Pipeline{ Id: 4a65dc13-1cc3-4b8b-aa9e-f318e0b78f87, Nodes: [ {bb53dc84-9509-46ab-9745-0f1d93457633(localhost/127.0.0.1), ReplicaIndex: 0}, {b8386e11-96d4-4625-b991-c054db98adbd(localhost/127.0.0.1), ReplicaIndex: 0}, {9962ec60-824d-4b5c-b72c-a80d9f5353d3(localhost/127.0.0.1), ReplicaIndex: 0},], ReplicationConfig: RATIS/THREE, State:ALLOCATED, leaderId:, CreationTimestamp2025-09-28T08:46:25.759893584Z[Etc/UTC]}
2025-09-28 08:46:25,803 [grpc-default-executor-1] INFO  server.RaftServer$Division (RaftServerImpl.java:setFirstElection(576)) - 9962ec60-824d-4b5c-b72c-a80d9f5353d3@group-F8BBE9FFE6D0: set firstElectionSinceStartup to false for appendEntries
2025-09-28 08:46:25,803 [grpc-default-executor-1] INFO  ratis.XceiverServerRatis (XceiverServerRatis.java:handleLeaderChangedNotification(940)) - Leader change notification received for group: group-F8BBE9FFE6D0 with new leaderId: b8386e11-96d4-4625-b991-c054db98adbd
2025-09-28 08:46:25,803 [grpc-default-executor-1] INFO  server.RaftServer$Division (ServerState.java:setLeader(272)) - 9962ec60-824d-4b5c-b72c-a80d9f5353d3@group-F8BBE9FFE6D0: change Leader from null to b8386e11-96d4-4625-b991-c054db98adbd at term 1 for appendEntries, leader elected after 1879ms
2025-09-28 08:46:26,089 [ForkJoinPool-1-worker-1] INFO  ozone.MiniOzoneClusterImpl (MiniOzoneClusterImpl.java:shutdown(373)) - Shutting down the Mini Ozone Cluster
2025-09-28 08:46:26,091 [ForkJoinPool-1-worker-1] INFO  db.CodecTestUtil (CodecTestUtil.java:gc(50)) - gc 0
2025-09-28 08:46:26,154 [timer4] INFO  server.GrpcServerProtocolService (GrpcServerProtocolService.java:lambda$null$7(175)) - bb53dc84-9509-46ab-9745-0f1d93457633: Completed APPEND_ENTRIES, lastReply: serverReply {
  requestorId: "9962ec60-824d-4b5c-b72c-a80d9f5353d3"
  replyId: "bb53dc84-9509-46ab-9745-0f1d93457633"
  raftGroupId {
    id: "S\324\300\016\341\260Bn\234&\305\021\027\322\031\262"
  }
  callId: 3
  success: true
}
term: 1
nextIndex: 1
matchIndex: 18446744073709551615
isHearbeat: true
  (Repeated 2 times in the last 5.061s)
2025-09-28 08:46:26,155 [timer3] INFO  server.GrpcServerProtocolService (GrpcServerProtocolService.java:lambda$onCompleted$6(171)) - bb53dc84-9509-46ab-9745-0f1d93457633: Completed APPEND_ENTRIES, lastRequest: 9962ec60-824d-4b5c-b72c-a80d9f5353d3->bb53dc84-9509-46ab-9745-0f1d93457633#1-t1,previous=<PROTO_DEFAULT>,leaderCommit=-1,initializing? false,entries: size=1, first=(t:1, i:0), CONFIGURATIONENTRY(current:id:"b8386e11-96d4-4625-b991-c054db98adbd"address:"127.0.0.1:15023"dataStreamAddress:"127.0.0.1:15024"clientAddress:"127.0.0.1:15021"adminAddress:"127.0.0.1:15022"startupRole:FOLLOWER, id:"9962ec60-824d-4b5c-b72c-a80d9f5353d3"address:"127.0.0.1:15015"priority:1dataStreamAddress:"127.0.0.1:15016"clientAddress:"127.0.0.1:15013"adminAddress:"127.0.0.1:15014"startupRole:FOLLOWER, id:"bb53dc84-9509-46ab-9745-0f1d93457633"address:"127.0.0.1:15031"dataStreamAddress:"127.0.0.1:15032"clientAddress:"127.0.0.1:15029"adminAddress:"127.0.0.1:15030"startupRole:FOLLOWER, old:)  (Repeated 2 times in the last 5.061s)
2025-09-28 08:46:26,158 [timer5] INFO  server.GrpcServerProtocolService (GrpcServerProtocolService.java:lambda$null$7(175)) - b8386e11-96d4-4625-b991-c054db98adbd: Completed APPEND_ENTRIES, lastReply: null  (Repeated 2 times in the last 5.065s)
2025-09-28 08:46:26,158 [timer6] INFO  server.GrpcServerProtocolService (GrpcServerProtocolService.java:lambda$onCompleted$6(171)) - b8386e11-96d4-4625-b991-c054db98adbd: Completed APPEND_ENTRIES, lastRequest: null  (Repeated 2 times in the last 5.065s)
2025-09-28 08:46:26,168 [timer7] WARN  server.GrpcLogAppender (LogUtils.java:warn(127)) - b8386e11-96d4-4625-b991-c054db98adbd@group-F8BBE9FFE6D0->9962ec60-824d-4b5c-b72c-a80d9f5353d3-AppendLogResponseHandler: Failed appendEntries (Repeated 6 times in the last 5.001s): org.apache.ratis.thirdparty.io.grpc.StatusRuntimeException: UNAVAILABLE: io exception
  Caused by: org.apache.ratis.thirdparty.io.netty.channel.AbstractChannel$AnnotatedConnectException: finishConnect(..) failed: Connection refused: /127.0.0.1:15015
  Caused by: java.net.ConnectException: finishConnect(..) failed: Connection refused
2025-09-28 08:46:26,170 [timer0] WARN  server.GrpcLogAppender (GrpcLogAppender.java:lambda$resetClient$1(228)) - b8386e11-96d4-4625-b991-c054db98adbd@group-F8BBE9FFE6D0->9962ec60-824d-4b5c-b72c-a80d9f5353d3-GrpcLogAppender: Follower failed (request=null, errorCount=6); keep nextIndex (7) unchanged and retry. (Repeated 6 times in the last 5.001s)
2025-09-28 08:46:26,253 [ForkJoinPool-1-worker-1] INFO  ozone.MiniOzoneClusterImpl (MiniOzoneClusterImpl.java:stop(389)) - Stopping the Mini Ozone Cluster
2025-09-28 08:46:26,253 [ForkJoinPool-1-worker-1] INFO  om.OzoneManager (OzoneManager.java:stop(2382)) - om1[localhost:15006]: Stopping Ozone Manager
2025-09-28 08:46:26,253 [ForkJoinPool-1-worker-1] INFO  ipc.Server (Server.java:stop(3697)) - Stopping server on 15006
2025-09-28 08:46:26,255 [IPC Server listener on 15006] INFO  ipc.Server (Server.java:run(1585)) - Stopping IPC Server listener on 15006
2025-09-28 08:46:26,255 [IPC Server Responder] INFO  ipc.Server (Server.java:run(1718)) - Stopping IPC Server Responder
2025-09-28 08:46:26,256 [ForkJoinPool-1-worker-1] INFO  ratis.OzoneManagerRatisServer (OzoneManagerRatisServer.java:stop(679)) - Stopping org.apache.hadoop.ozone.om.ratis.OzoneManagerRatisServer@6dc4d670 at port 15009
2025-09-28 08:46:26,256 [ForkJoinPool-1-worker-1] INFO  server.RaftServer (RaftServerProxy.java:lambda$close$9(422)) - om1: close
2025-09-28 08:46:26,256 [om1-impl-thread1] INFO  server.RaftServer$Division (RaftServerImpl.java:lambda$close$1(527)) - om1@group-C5BA1605619E: shutdown
2025-09-28 08:46:26,256 [ForkJoinPool-1-worker-1] INFO  server.GrpcServicesImpl (GrpcServicesImpl.java:closeImpl(355)) - om1: shutdown server GrpcServerProtocolService now
2025-09-28 08:46:26,256 [om1-impl-thread1] INFO  util.JmxRegister (JmxRegister.java:unregister(74)) - Successfully un-registered JMX Bean with object name Ratis:service=RaftServer,group=group-C5BA1605619E,id=om1
2025-09-28 08:46:26,257 [om1-impl-thread1] INFO  impl.RoleInfo (RoleInfo.java:shutdownLeaderState(103)) - om1: shutdown om1@group-C5BA1605619E-LeaderStateImpl
2025-09-28 08:46:26,257 [om1-impl-thread1] INFO  impl.PendingRequests (PendingRequests.java:sendNotLeaderResponses(287)) - om1@group-C5BA1605619E-PendingRequests: sendNotLeaderResponses
2025-09-28 08:46:26,257 [ForkJoinPool-1-worker-1] INFO  server.GrpcServicesImpl (GrpcServicesImpl.java:closeImpl(364)) - om1: shutdown server GrpcServerProtocolService successfully
2025-09-28 08:46:26,257 [om1-impl-thread1] INFO  impl.StateMachineUpdater (StateMachineUpdater.java:stopAndJoin(163)) - om1@group-C5BA1605619E-StateMachineUpdater: set stopIndex = 4
2025-09-28 08:46:26,281 [om1@group-C5BA1605619E-StateMachineUpdater] INFO  ratis.OzoneManagerStateMachine (OzoneManagerStateMachine.java:takeSnapshotImpl(525)) - om1: taking snapshot. applied = (t:1, i:4), skipped = -1, notified = (t:1, i:0), current snapshot index = (t:1, i:4), took 24 ms
2025-09-28 08:46:26,281 [om1@group-C5BA1605619E-StateMachineUpdater] INFO  impl.StateMachineUpdater (StateMachineUpdater.java:takeSnapshot(307)) - om1@group-C5BA1605619E-StateMachineUpdater: Took a snapshot at index 4
2025-09-28 08:46:26,282 [om1@group-C5BA1605619E-StateMachineUpdater] INFO  impl.StateMachineUpdater (StateMachineUpdater.java:lambda$new$0(101)) - om1@group-C5BA1605619E-StateMachineUpdater: snapshotIndex: updateIncreasingly -1 -> 4
2025-09-28 08:46:26,282 [om1@group-C5BA1605619E-StateMachineUpdater] INFO  impl.StateMachineUpdater (StateMachineUpdater.java:stop(140)) - om1@group-C5BA1605619E-StateMachineUpdater: closing OzoneManagerStateMachine, lastApplied=(t:1, i:4)
2025-09-28 08:46:26,282 [om1@group-C5BA1605619E-StateMachineUpdater] INFO  ratis.OzoneManagerStateMachine (OzoneManagerStateMachine.java:close(565)) - Stopping OzoneManagerStateMachine:om1:group-C5BA1605619E.
2025-09-28 08:46:26,282 [om1@group-C5BA1605619E-StateMachineUpdater] INFO  ratis.OzoneManagerDoubleBuffer (OzoneManagerDoubleBuffer.java:stopDaemon(499)) - Stopping OMDoubleBuffer flush thread
2025-09-28 08:46:26,282 [om1-OMDoubleBufferFlushThread] INFO  ratis.OzoneManagerDoubleBuffer (OzoneManagerDoubleBuffer.java:canFlush(558)) - OMDoubleBuffer flush thread om1-OMDoubleBufferFlushThread is interrupted and will exit.
2025-09-28 08:46:26,283 [om1@group-C5BA1605619E-cacheEviction-AwaitToRun] INFO  util.AwaitToRun (AwaitToRun.java:run(49)) - om1@group-C5BA1605619E-cacheEviction-AwaitToRun-AwaitForSignal is interrupted
2025-09-28 08:46:26,831 [bb53dc84-9509-46ab-9745-0f1d93457633-CreatePipelineCommandHandlerThread-0] INFO  server.RaftServer (RaftServerProxy.java:addNew(105)) - bb53dc84-9509-46ab-9745-0f1d93457633: addNew group-D9881DADD006:[b8386e11-96d4-4625-b991-c054db98adbd|127.0.0.1:15023, 9962ec60-824d-4b5c-b72c-a80d9f5353d3|127.0.0.1:15015, bb53dc84-9509-46ab-9745-0f1d93457633|127.0.0.1:15031] returns group-D9881DADD006:java.util.concurrent.CompletableFuture@1633dc4d[Not completed]
2025-09-28 08:46:26,833 [bb53dc84-9509-46ab-9745-0f1d93457633-groupManagement] INFO  server.RaftServer$Division (RaftServerImpl.java:<init>(268)) - bb53dc84-9509-46ab-9745-0f1d93457633: new RaftServerImpl for group-D9881DADD006:[b8386e11-96d4-4625-b991-c054db98adbd|127.0.0.1:15023, 9962ec60-824d-4b5c-b72c-a80d9f5353d3|127.0.0.1:15015, bb53dc84-9509-46ab-9745-0f1d93457633|127.0.0.1:15031] with ContainerStateMachine:uninitialized
2025-09-28 08:46:26,833 [bb53dc84-9509-46ab-9745-0f1d93457633-groupManagement] INFO  server.RaftServer$Division (ServerState.java:<init>(114)) - bb53dc84-9509-46ab-9745-0f1d93457633@group-D9881DADD006: ConfigurationManager, init=conf: {index: -1, cur=peers:[b8386e11-96d4-4625-b991-c054db98adbd|127.0.0.1:15023, 9962ec60-824d-4b5c-b72c-a80d9f5353d3|127.0.0.1:15015, bb53dc84-9509-46ab-9745-0f1d93457633|127.0.0.1:15031]|listeners:[], old=null}, confs=<EMPTY_MAP>
2025-09-28 08:46:26,835 [bb53dc84-9509-46ab-9745-0f1d93457633-groupManagement] INFO  server.RaftServerConfigKeys (ConfUtils.java:logGet(62)) - raft.server.storage.dir = [/home/runner/work/ozone/ozone/hadoop-ozone/integration-test/target/test-dir/MiniOzoneClusterImpl-6c2de427-7485-43c3-b878-dcc0cf80ac7a/ozone-metadata/datanode-3/ratis] (custom)
2025-09-28 08:46:26,836 [bb53dc84-9509-46ab-9745-0f1d93457633-groupManagement] INFO  storage.RaftStorageDirectory (RaftStorageDirectoryImpl.java:analyzeStorage(138)) - The storage directory /home/runner/work/ozone/ozone/hadoop-ozone/integration-test/target/test-dir/MiniOzoneClusterImpl-6c2de427-7485-43c3-b878-dcc0cf80ac7a/ozone-metadata/datanode-3/ratis/d76492a8-86ed-49dc-9e9c-d9881dadd006 does not exist. Creating ...
2025-09-28 08:46:26,837 [bb53dc84-9509-46ab-9745-0f1d93457633-groupManagement] INFO  storage.RaftStorageDirectory (RaftStorageDirectoryImpl.java:tryLock(229)) - Lock on /home/runner/work/ozone/ozone/hadoop-ozone/integration-test/target/test-dir/MiniOzoneClusterImpl-6c2de427-7485-43c3-b878-dcc0cf80ac7a/ozone-metadata/datanode-3/ratis/d76492a8-86ed-49dc-9e9c-d9881dadd006/in_use.lock acquired by nodename 129489@localhost
2025-09-28 08:46:26,838 [bb53dc84-9509-46ab-9745-0f1d93457633-groupManagement] INFO  storage.RaftStorage (RaftStorageImpl.java:format(98)) - Storage directory /home/runner/work/ozone/ozone/hadoop-ozone/integration-test/target/test-dir/MiniOzoneClusterImpl-6c2de427-7485-43c3-b878-dcc0cf80ac7a/ozone-metadata/datanode-3/ratis/d76492a8-86ed-49dc-9e9c-d9881dadd006 has been successfully formatted.
2025-09-28 08:46:26,839 [bb53dc84-9509-46ab-9745-0f1d93457633-groupManagement] INFO  ratis.ContainerStateMachine (ContainerStateMachine.java:initialize(339)) - bb53dc84-9509-46ab-9745-0f1d93457633: initialize group-D9881DADD006
2025-09-28 08:46:26,839 [bb53dc84-9509-46ab-9745-0f1d93457633-groupManagement] INFO  ratis.ContainerStateMachine (ContainerStateMachine.java:loadSnapshot(347)) - group-D9881DADD006: The snapshot info is null. Setting the last applied index to:<INITIAL_VALUE>
2025-09-28 08:46:26,839 [bb53dc84-9509-46ab-9745-0f1d93457633-groupManagement] INFO  server.RaftServerConfigKeys (ConfUtils.java:logGet(62)) - raft.server.log.appender.buffer.byte-limit = 33554432 (custom)
2025-09-28 08:46:26,840 [bb53dc84-9509-46ab-9745-0f1d93457633-groupManagement] INFO  server.RaftServerConfigKeys (ConfUtils.java:logGet(62)) - raft.server.log.segment.size.max = 67108864 (custom)
2025-09-28 08:46:26,840 [bb53dc84-9509-46ab-9745-0f1d93457633-groupManagement] INFO  server.RaftServerConfigKeys (ConfUtils.java:logGet(62)) - raft.server.log.appender.buffer.byte-limit = 33554432 (custom)
2025-09-28 08:46:26,841 [bb53dc84-9509-46ab-9745-0f1d93457633-groupManagement] INFO  util.AwaitToRun (AwaitToRun.java:start(81)) - Thread[#1081,bb53dc84-9509-46ab-9745-0f1d93457633@group-D9881DADD006-cacheEviction-AwaitToRun,5,main] started
2025-09-28 08:46:26,841 [bb53dc84-9509-46ab-9745-0f1d93457633-groupManagement] INFO  segmented.SegmentedRaftLogWorker (SegmentedRaftLogWorker.java:<init>(190)) - new bb53dc84-9509-46ab-9745-0f1d93457633@group-D9881DADD006-SegmentedRaftLogWorker for RaftStorageImpl:Storage Directory /home/runner/work/ozone/ozone/hadoop-ozone/integration-test/target/test-dir/MiniOzoneClusterImpl-6c2de427-7485-43c3-b878-dcc0cf80ac7a/ozone-metadata/datanode-3/ratis/d76492a8-86ed-49dc-9e9c-d9881dadd006
2025-09-28 08:46:26,841 [bb53dc84-9509-46ab-9745-0f1d93457633-groupManagement] INFO  server.RaftServerConfigKeys (ConfUtils.java:logGet(62)) - raft.server.log.queue.byte-limit = 4294967296 (custom)
2025-09-28 08:46:26,841 [bb53dc84-9509-46ab-9745-0f1d93457633-groupManagement] INFO  server.RaftServerConfigKeys (ConfUtils.java:logGet(62)) - raft.server.log.segment.size.max = 67108864 (custom)
2025-09-28 08:46:26,841 [bb53dc84-9509-46ab-9745-0f1d93457633-groupManagement] INFO  server.RaftServerConfigKeys (ConfUtils.java:logGet(62)) - raft.server.log.preallocated.size = 4194304 (custom)
2025-09-28 08:46:26,841 [bb53dc84-9509-46ab-9745-0f1d93457633-groupManagement] INFO  server.RaftServerConfigKeys (ConfUtils.java:logGet(62)) - raft.server.log.write.buffer.size = 33554440 (custom)
2025-09-28 08:46:26,846 [om1-impl-thread1] INFO  segmented.SegmentedRaftLogWorker (SegmentedRaftLogWorker.java:close(254)) - om1@group-C5BA1605619E-SegmentedRaftLogWorker close()
2025-09-28 08:46:26,846 [JvmPauseMonitor2] INFO  util.JvmPauseMonitor (JvmPauseMonitor.java:run(152)) - JvmPauseMonitor-om1: Stopped
2025-09-28 08:46:26,847 [ForkJoinPool-1-worker-1] INFO  utils.BackgroundService (BackgroundService.java:shutdown(195)) - Shutting down service KeyDeletingService
2025-09-28 08:46:26,847 [ForkJoinPool-1-worker-1] INFO  utils.BackgroundService (BackgroundService.java:shutdown(195)) - Shutting down service DirectoryDeletingService
2025-09-28 08:46:26,848 [ForkJoinPool-1-worker-1] INFO  utils.BackgroundService (BackgroundService.java:shutdown(195)) - Shutting down service OpenKeyCleanupService
2025-09-28 08:46:26,849 [ForkJoinPool-1-worker-1] INFO  utils.BackgroundService (BackgroundService.java:shutdown(195)) - Shutting down service SstFilteringService
2025-09-28 08:46:26,849 [ForkJoinPool-1-worker-1] INFO  utils.BackgroundService (BackgroundService.java:shutdown(195)) - Shutting down service SnapshotDeletingService
2025-09-28 08:46:26,850 [ForkJoinPool-1-worker-1] INFO  utils.BackgroundService (BackgroundService.java:shutdown(195)) - Shutting down service MultipartUploadCleanupService
2025-09-28 08:46:26,851 [ForkJoinPool-1-worker-1] INFO  handler.ContextHandler (ContextHandler.java:doStop(1159)) - Stopped o.e.j.w.WebAppContext@75876ddf{ozoneManager,/,null,STOPPED}{file:/home/runner/work/ozone/ozone/hadoop-ozone/integration-test/target/test-classes/webapps/ozoneManager}
2025-09-28 08:46:26,851 [bb53dc84-9509-46ab-9745-0f1d93457633-groupManagement] INFO  server.RaftServerConfigKeys (ConfUtils.java:logGet(62)) - raft.server.log.appender.buffer.byte-limit = 33554432 (custom)
2025-09-28 08:46:26,851 [ForkJoinPool-1-worker-1] INFO  server.AbstractConnector (AbstractConnector.java:doStop(383)) - Stopped ServerConnector@7112e6e8{HTTP/1.1, (http/1.1)}{0.0.0.0:15007}
2025-09-28 08:46:26,851 [bb53dc84-9509-46ab-9745-0f1d93457633-groupManagement] INFO  segmented.SegmentedRaftLogWorker (SegmentedRaftLogWorker.java:lambda$new$0(141)) - bb53dc84-9509-46ab-9745-0f1d93457633@group-D9881DADD006-SegmentedRaftLogWorker: flushIndex: setUnconditionally 0 -> -1
2025-09-28 08:46:26,851 [ForkJoinPool-1-worker-1] INFO  server.session (HouseKeeper.java:stopScavenging(149)) - node0 Stopped scavenging
2025-09-28 08:46:26,852 [bb53dc84-9509-46ab-9745-0f1d93457633-groupManagement] INFO  segmented.SegmentedRaftLogWorker (SegmentedRaftLogWorker.java:lambda$new$0(141)) - bb53dc84-9509-46ab-9745-0f1d93457633@group-D9881DADD006-SegmentedRaftLogWorker: safeCacheEvictIndex: setUnconditionally 0 -> -1
2025-09-28 08:46:26,852 [ForkJoinPool-1-worker-1] INFO  handler.ContextHandler (ContextHandler.java:doStop(1159)) - Stopped o.e.j.s.ServletContextHandler@5cd3e3bb{static,/static,file:///home/runner/work/ozone/ozone/hadoop-ozone/integration-test/target/test-classes/webapps/static,STOPPED}
2025-09-28 08:46:26,852 [bb53dc84-9509-46ab-9745-0f1d93457633-groupManagement] INFO  server.RaftServer$Division (RaftServerImpl.java:start(405)) - bb53dc84-9509-46ab-9745-0f1d93457633@group-D9881DADD006: start as a follower, conf=conf: {index: -1, cur=peers:[b8386e11-96d4-4625-b991-c054db98adbd|127.0.0.1:15023, 9962ec60-824d-4b5c-b72c-a80d9f5353d3|127.0.0.1:15015, bb53dc84-9509-46ab-9745-0f1d93457633|127.0.0.1:15031]|listeners:[], old=null}
2025-09-28 08:46:26,852 [bb53dc84-9509-46ab-9745-0f1d93457633-groupManagement] INFO  server.RaftServer$Division (RaftServerImpl.java:setRole(392)) - bb53dc84-9509-46ab-9745-0f1d93457633@group-D9881DADD006: changes role from      null to FOLLOWER at term 0 for startAsFollower
2025-09-28 08:46:26,852 [ForkJoinPool-1-worker-1] INFO  handler.ContextHandler (ContextHandler.java:doStop(1159)) - Stopped o.e.j.s.ServletContextHandler@2a97cd66{logs,/logs,file:///home/runner/work/ozone/ozone/hadoop-ozone/integration-test/target/log,STOPPED}
2025-09-28 08:46:26,852 [bb53dc84-9509-46ab-9745-0f1d93457633-groupManagement] INFO  impl.RoleInfo (RoleInfo.java:updateAndGet(148)) - bb53dc84-9509-46ab-9745-0f1d93457633: start bb53dc84-9509-46ab-9745-0f1d93457633@group-D9881DADD006-FollowerState
2025-09-28 08:46:26,853 [bb53dc84-9509-46ab-9745-0f1d93457633-groupManagement] INFO  util.JmxRegister (JmxRegister.java:tryRegister(44)) - Successfully registered JMX Bean with object name Ratis:service=RaftServer,group=group-D9881DADD006,id=bb53dc84-9509-46ab-9745-0f1d93457633
2025-09-28 08:46:26,853 [bb53dc84-9509-46ab-9745-0f1d93457633-groupManagement] INFO  util.JmxRegister (JmxRegister.java:register(58)) - register mxBean class org.apache.ratis.server.impl.RaftServerJmxAdapter as Ratis:service=RaftServer,group=group-D9881DADD006,id=bb53dc84-9509-46ab-9745-0f1d93457633
2025-09-28 08:46:26,853 [ForkJoinPool-1-worker-1] INFO  rocksdiff.RocksDBCheckpointDiffer (RocksDBCheckpointDiffer.java:close(340)) - Shutting down CompactionDagPruningService.
2025-09-28 08:46:26,854 [bb53dc84-9509-46ab-9745-0f1d93457633-groupManagement] INFO  server.RaftServer$Division (RaftServerImpl.java:start(419)) - bb53dc84-9509-46ab-9745-0f1d93457633@group-D9881DADD006: Successfully started.
2025-09-28 08:46:26,854 [bb53dc84-9509-46ab-9745-0f1d93457633-CreatePipelineCommandHandlerThread-0] INFO  ratis.XceiverServerRatis (XceiverServerRatis.java:addGroup(839)) - Created group Pipeline-d76492a8-86ed-49dc-9e9c-d9881dadd006
2025-09-28 08:46:26,856 [ForkJoinPool-1-worker-1] INFO  snapshot.SnapshotDiffManager (SnapshotDiffManager.java:closeExecutorService(1734)) - Shutting down executorService: 'SnapDiffExecutor'
2025-09-28 08:46:26,857 [ForkJoinPool-1-worker-1] INFO  utils.BackgroundService (BackgroundService.java:shutdown(195)) - Shutting down service SnapshotDiffCleanupService
2025-09-28 08:46:26,858 [ForkJoinPool-1-worker-1] INFO  ozone.MiniOzoneClusterImpl (MiniOzoneClusterImpl.java:stopDatanodes(443)) - Stopping the HddsDatanodes
2025-09-28 08:46:26,861 [ForkJoinPool-1-worker-1] INFO  ozoneimpl.OzoneContainer (OzoneContainer.java:stop(549)) - Attempting to stop container services.
2025-09-28 08:46:26,862 [ForkJoinPool-1-worker-2] INFO  ozoneimpl.OzoneContainer (OzoneContainer.java:stop(549)) - Attempting to stop container services.
2025-09-28 08:46:26,862 [ContainerMetadataScanner] WARN  ozoneimpl.AbstractBackgroundContainerScanner (AbstractBackgroundContainerScanner.java:handleRemainingSleep(136)) - Background container scan was interrupted.
2025-09-28 08:46:26,863 [ContainerMetadataScanner] INFO  ozoneimpl.AbstractBackgroundContainerScanner (AbstractBackgroundContainerScanner.java:run(63)) - org.apache.hadoop.ozone.container.ozoneimpl.BackgroundContainerMetadataScanner@7307e917 exiting.
2025-09-28 08:46:26,864 [ContainerMetadataScanner] WARN  ozoneimpl.AbstractBackgroundContainerScanner (AbstractBackgroundContainerScanner.java:handleRemainingSleep(136)) - Background container scan was interrupted.
2025-09-28 08:46:26,864 [ContainerMetadataScanner] INFO  ozoneimpl.AbstractBackgroundContainerScanner (AbstractBackgroundContainerScanner.java:run(63)) - org.apache.hadoop.ozone.container.ozoneimpl.BackgroundContainerMetadataScanner@2b5b2ced exiting.
2025-09-28 08:46:26,864 [ForkJoinPool-1-worker-2] INFO  ozoneimpl.BackgroundContainerDataScanner (BackgroundContainerDataScanner.java:shutdown(87)) - ContainerDataScanner(/home/runner/work/ozone/ozone/hadoop-ozone/integration-test/target/test-dir/MiniOzoneClusterImpl-6c2de427-7485-43c3-b878-dcc0cf80ac7a/ozone-metadata/datanode-1/data-0/hdds) is shutting down. 
2025-09-28 08:46:26,864 [ContainerDataScanner(/home/runner/work/ozone/ozone/hadoop-ozone/integration-test/target/test-dir/MiniOzoneClusterImpl-6c2de427-7485-43c3-b878-dcc0cf80ac7a/ozone-metadata/datanode-1/data-0/hdds)] WARN  ozoneimpl.AbstractBackgroundContainerScanner (AbstractBackgroundContainerScanner.java:handleRemainingSleep(136)) - Background container scan was interrupted.
2025-09-28 08:46:26,864 [ContainerDataScanner(/home/runner/work/ozone/ozone/hadoop-ozone/integration-test/target/test-dir/MiniOzoneClusterImpl-6c2de427-7485-43c3-b878-dcc0cf80ac7a/ozone-metadata/datanode-1/data-0/hdds)] INFO  ozoneimpl.AbstractBackgroundContainerScanner (AbstractBackgroundContainerScanner.java:run(63)) - ContainerDataScanner(/home/runner/work/ozone/ozone/hadoop-ozone/integration-test/target/test-dir/MiniOzoneClusterImpl-6c2de427-7485-43c3-b878-dcc0cf80ac7a/ozone-metadata/datanode-1/data-0/hdds, DS-2bd9a162-4bd4-4dbd-ada1-e21e22f6f8b2) exiting.
2025-09-28 08:46:26,864 [ForkJoinPool-1-worker-2] INFO  ozoneimpl.OnDemandContainerScanner (OnDemandContainerScanner.java:shutdown(141)) - On-demand container scanner is shutting down.
2025-09-28 08:46:26,865 [ForkJoinPool-1-worker-1] INFO  ozoneimpl.BackgroundContainerDataScanner (BackgroundContainerDataScanner.java:shutdown(87)) - ContainerDataScanner(/home/runner/work/ozone/ozone/hadoop-ozone/integration-test/target/test-dir/MiniOzoneClusterImpl-6c2de427-7485-43c3-b878-dcc0cf80ac7a/ozone-metadata/datanode-2/data-0/hdds) is shutting down. 
2025-09-28 08:46:26,865 [ContainerDataScanner(/home/runner/work/ozone/ozone/hadoop-ozone/integration-test/target/test-dir/MiniOzoneClusterImpl-6c2de427-7485-43c3-b878-dcc0cf80ac7a/ozone-metadata/datanode-2/data-0/hdds)] WARN  ozoneimpl.AbstractBackgroundContainerScanner (AbstractBackgroundContainerScanner.java:handleRemainingSleep(136)) - Background container scan was interrupted.
2025-09-28 08:46:26,865 [ContainerDataScanner(/home/runner/work/ozone/ozone/hadoop-ozone/integration-test/target/test-dir/MiniOzoneClusterImpl-6c2de427-7485-43c3-b878-dcc0cf80ac7a/ozone-metadata/datanode-2/data-0/hdds)] INFO  ozoneimpl.AbstractBackgroundContainerScanner (AbstractBackgroundContainerScanner.java:run(63)) - ContainerDataScanner(/home/runner/work/ozone/ozone/hadoop-ozone/integration-test/target/test-dir/MiniOzoneClusterImpl-6c2de427-7485-43c3-b878-dcc0cf80ac7a/ozone-metadata/datanode-2/data-0/hdds, DS-f41f83e1-12cd-4baa-b9f3-fb95eeb4a82c) exiting.
2025-09-28 08:46:26,865 [ForkJoinPool-1-worker-2] INFO  ratis.XceiverServerRatis (XceiverServerRatis.java:stop(594)) - Closing XceiverServerRatis(9962ec60-824d-4b5c-b72c-a80d9f5353d3)
2025-09-28 08:46:26,865 [ForkJoinPool-1-worker-1] INFO  ozoneimpl.OnDemandContainerScanner (OnDemandContainerScanner.java:shutdown(141)) - On-demand container scanner is shutting down.
2025-09-28 08:46:26,866 [ForkJoinPool-1-worker-2] INFO  server.RaftServer (RaftServerProxy.java:lambda$close$9(422)) - 9962ec60-824d-4b5c-b72c-a80d9f5353d3: close
2025-09-28 08:46:26,866 [ForkJoinPool-1-worker-1] INFO  ratis.XceiverServerRatis (XceiverServerRatis.java:stop(594)) - Closing XceiverServerRatis(b8386e11-96d4-4625-b991-c054db98adbd)
2025-09-28 08:46:26,866 [ForkJoinPool-1-worker-1] INFO  server.RaftServer (RaftServerProxy.java:lambda$close$9(422)) - b8386e11-96d4-4625-b991-c054db98adbd: close
2025-09-28 08:46:26,866 [ForkJoinPool-1-worker-2] INFO  server.GrpcServicesImpl (GrpcServicesImpl.java:closeImpl(355)) - 9962ec60-824d-4b5c-b72c-a80d9f5353d3: shutdown server org.apache.ratis.grpc.server.GrpcClientProtocolService now
2025-09-28 08:46:26,867 [9962ec60-824d-4b5c-b72c-a80d9f5353d3-impl-thread2] INFO  server.RaftServer$Division (RaftServerImpl.java:lambda$close$1(527)) - 9962ec60-824d-4b5c-b72c-a80d9f5353d3@group-F8BBE9FFE6D0: shutdown
2025-09-28 08:46:26,867 [9962ec60-824d-4b5c-b72c-a80d9f5353d3-impl-thread2] INFO  util.JmxRegister (JmxRegister.java:unregister(74)) - Successfully un-registered JMX Bean with object name Ratis:service=RaftServer,group=group-F8BBE9FFE6D0,id=9962ec60-824d-4b5c-b72c-a80d9f5353d3
2025-09-28 08:46:26,867 [9962ec60-824d-4b5c-b72c-a80d9f5353d3-impl-thread2] INFO  impl.RoleInfo (RoleInfo.java:shutdownFollowerState(121)) - 9962ec60-824d-4b5c-b72c-a80d9f5353d3: shutdown 9962ec60-824d-4b5c-b72c-a80d9f5353d3@group-F8BBE9FFE6D0-FollowerState
2025-09-28 08:46:26,867 [9962ec60-824d-4b5c-b72c-a80d9f5353d3-impl-thread2] INFO  impl.StateMachineUpdater (StateMachineUpdater.java:stopAndJoin(163)) - 9962ec60-824d-4b5c-b72c-a80d9f5353d3@group-F8BBE9FFE6D0-StateMachineUpdater: set stopIndex = 6
2025-09-28 08:46:26,867 [grpc-default-executor-4] WARN  server.RaftServer (RaftServerProxy.java:remove(111)) - 9962ec60-824d-4b5c-b72c-a80d9f5353d3: does not contain group: group-D9881DADD006
2025-09-28 08:46:26,867 [grpc-default-executor-4] WARN  server.RaftServer (RaftServerProxy.java:lambda$groupAddAsync$14(527)) - 9962ec60-824d-4b5c-b72c-a80d9f5353d3: Failed groupAdd* GroupManagementRequest:client-60A8CCA27D1B->9962ec60-824d-4b5c-b72c-a80d9f5353d3@group-D9881DADD006, cid=12, seq=null, RW, null, Add:group-D9881DADD006:[b8386e11-96d4-4625-b991-c054db98adbd|127.0.0.1:15023, 9962ec60-824d-4b5c-b72c-a80d9f5353d3|127.0.0.1:15015, bb53dc84-9509-46ab-9745-0f1d93457633|127.0.0.1:15031]
java.util.concurrent.CompletionException: org.apache.ratis.protocol.exceptions.AlreadyClosedException: 9962ec60-824d-4b5c-b72c-a80d9f5353d3: Failed to add group-D9881DADD006:[b8386e11-96d4-4625-b991-c054db98adbd|127.0.0.1:15023, 9962ec60-824d-4b5c-b72c-a80d9f5353d3|127.0.0.1:15015, bb53dc84-9509-46ab-9745-0f1d93457633|127.0.0.1:15031] since the server is already closed
	at java.base/java.util.concurrent.CompletableFuture.encodeThrowable(CompletableFuture.java:332)
	at java.base/java.util.concurrent.CompletableFuture.uniApplyNow(CompletableFuture.java:674)
	at java.base/java.util.concurrent.CompletableFuture.uniApplyStage(CompletableFuture.java:662)
	at java.base/java.util.concurrent.CompletableFuture.thenApplyAsync(CompletableFuture.java:2210)
	at org.apache.ratis.server.impl.RaftServerProxy.groupAddAsync(RaftServerProxy.java:513)
	at org.apache.ratis.server.impl.RaftServerProxy.groupManagementAsync(RaftServerProxy.java:495)
	at org.apache.ratis.grpc.server.GrpcAdminProtocolService.lambda$groupManagement$0(GrpcAdminProtocolService.java:51)
	at org.apache.ratis.grpc.GrpcUtil.asyncCall(GrpcUtil.java:172)
	at org.apache.ratis.grpc.server.GrpcAdminProtocolService.groupManagement(GrpcAdminProtocolService.java:51)
	at org.apache.ratis.proto.grpc.AdminProtocolServiceGrpc$MethodHandlers.invoke(AdminProtocolServiceGrpc.java:701)
	at org.apache.ratis.thirdparty.io.grpc.stub.ServerCalls$UnaryServerCallHandler$UnaryServerCallListener.onHalfClose(ServerCalls.java:182)
	at org.apache.ratis.thirdparty.io.grpc.internal.ServerCallImpl$ServerStreamListenerImpl.halfClosed(ServerCallImpl.java:356)
	at org.apache.ratis.thirdparty.io.grpc.internal.ServerImpl$JumpToApplicationThreadServerStreamListener$1HalfClosed.runInContext(ServerImpl.java:861)
	at org.apache.ratis.thirdparty.io.grpc.internal.ContextRunnable.run(ContextRunnable.java:37)
	at org.apache.ratis.thirdparty.io.grpc.internal.SerializingExecutor.run(SerializingExecutor.java:133)
	at java.base/java.util.concurrent.ThreadPoolExecutor.runWorker(ThreadPoolExecutor.java:1144)
	at java.base/java.util.concurrent.ThreadPoolExecutor$Worker.run(ThreadPoolExecutor.java:642)
	at java.base/java.lang.Thread.run(Thread.java:1583)
Caused by: org.apache.ratis.protocol.exceptions.AlreadyClosedException: 9962ec60-824d-4b5c-b72c-a80d9f5353d3: Failed to add group-D9881DADD006:[b8386e11-96d4-4625-b991-c054db98adbd|127.0.0.1:15023, 9962ec60-824d-4b5c-b72c-a80d9f5353d3|127.0.0.1:15015, bb53dc84-9509-46ab-9745-0f1d93457633|127.0.0.1:15031] since the server is already closed
	at org.apache.ratis.server.impl.RaftServerProxy$ImplMap.addNew(RaftServerProxy.java:95)
	at org.apache.ratis.server.impl.RaftServerProxy.groupAddAsync(RaftServerProxy.java:512)
	... 13 more
2025-09-28 08:46:26,868 [Thread-806] INFO  server.GrpcServerProtocolClient (GrpcServerProtocolClient.java:close(105)) - b8386e11-96d4-4625-b991-c054db98adbd Close channels
2025-09-28 08:46:26,868 [b8386e11-96d4-4625-b991-c054db98adbd-impl-thread3] INFO  server.RaftServer$Division (RaftServerImpl.java:lambda$close$1(527)) - b8386e11-96d4-4625-b991-c054db98adbd@group-F8BBE9FFE6D0: shutdown
2025-09-28 08:46:26,869 [b8386e11-96d4-4625-b991-c054db98adbd-impl-thread3] INFO  util.JmxRegister (JmxRegister.java:unregister(74)) - Successfully un-registered JMX Bean with object name Ratis:service=RaftServer,group=group-F8BBE9FFE6D0,id=b8386e11-96d4-4625-b991-c054db98adbd
2025-09-28 08:46:26,869 [b8386e11-96d4-4625-b991-c054db98adbd-impl-thread3] INFO  impl.RoleInfo (RoleInfo.java:shutdownLeaderState(103)) - b8386e11-96d4-4625-b991-c054db98adbd: shutdown b8386e11-96d4-4625-b991-c054db98adbd@group-F8BBE9FFE6D0-LeaderStateImpl
2025-09-28 08:46:26,869 [Thread-808] INFO  server.GrpcServerProtocolClient (GrpcServerProtocolClient.java:close(105)) - bb53dc84-9509-46ab-9745-0f1d93457633 Close channels
2025-09-28 08:46:26,867 [ForkJoinPool-1-worker-1] INFO  server.GrpcServicesImpl (GrpcServicesImpl.java:closeImpl(355)) - b8386e11-96d4-4625-b991-c054db98adbd: shutdown server org.apache.ratis.grpc.server.GrpcClientProtocolService now
2025-09-28 08:46:26,867 [b8386e11-96d4-4625-b991-c054db98adbd-impl-thread1] INFO  server.RaftServer$Division (RaftServerImpl.java:lambda$close$1(527)) - b8386e11-96d4-4625-b991-c054db98adbd@group-2A77E6FE4889: shutdown
2025-09-28 08:46:26,870 [b8386e11-96d4-4625-b991-c054db98adbd-impl-thread1] INFO  util.JmxRegister (JmxRegister.java:unregister(74)) - Successfully un-registered JMX Bean with object name Ratis:service=RaftServer,group=group-2A77E6FE4889,id=b8386e11-96d4-4625-b991-c054db98adbd
2025-09-28 08:46:26,870 [b8386e11-96d4-4625-b991-c054db98adbd-impl-thread1] INFO  impl.RoleInfo (RoleInfo.java:shutdownLeaderState(103)) - b8386e11-96d4-4625-b991-c054db98adbd: shutdown b8386e11-96d4-4625-b991-c054db98adbd@group-2A77E6FE4889-LeaderStateImpl
2025-09-28 08:46:26,870 [b8386e11-96d4-4625-b991-c054db98adbd-impl-thread1] INFO  impl.PendingRequests (PendingRequests.java:sendNotLeaderResponses(287)) - b8386e11-96d4-4625-b991-c054db98adbd@group-2A77E6FE4889-PendingRequests: sendNotLeaderResponses
2025-09-28 08:46:26,870 [b8386e11-96d4-4625-b991-c054db98adbd-impl-thread1] INFO  impl.StateMachineUpdater (StateMachineUpdater.java:stopAndJoin(163)) - b8386e11-96d4-4625-b991-c054db98adbd@group-2A77E6FE4889-StateMachineUpdater: set stopIndex = 0
2025-09-28 08:46:26,867 [9962ec60-824d-4b5c-b72c-a80d9f5353d3-impl-thread3] INFO  server.RaftServer$Division (RaftServerImpl.java:lambda$close$1(527)) - 9962ec60-824d-4b5c-b72c-a80d9f5353d3@group-71444778A42C: shutdown
2025-09-28 08:46:26,870 [9962ec60-824d-4b5c-b72c-a80d9f5353d3-impl-thread3] INFO  util.JmxRegister (JmxRegister.java:unregister(74)) - Successfully un-registered JMX Bean with object name Ratis:service=RaftServer,group=group-71444778A42C,id=9962ec60-824d-4b5c-b72c-a80d9f5353d3
2025-09-28 08:46:26,870 [9962ec60-824d-4b5c-b72c-a80d9f5353d3-impl-thread3] INFO  impl.RoleInfo (RoleInfo.java:shutdownLeaderState(103)) - 9962ec60-824d-4b5c-b72c-a80d9f5353d3: shutdown 9962ec60-824d-4b5c-b72c-a80d9f5353d3@group-71444778A42C-LeaderStateImpl
2025-09-28 08:46:26,871 [9962ec60-824d-4b5c-b72c-a80d9f5353d3-impl-thread3] INFO  impl.PendingRequests (PendingRequests.java:sendNotLeaderResponses(287)) - 9962ec60-824d-4b5c-b72c-a80d9f5353d3@group-71444778A42C-PendingRequests: sendNotLeaderResponses
2025-09-28 08:46:26,867 [b8386e11-96d4-4625-b991-c054db98adbd-impl-thread2] INFO  server.RaftServer$Division (RaftServerImpl.java:lambda$close$1(527)) - b8386e11-96d4-4625-b991-c054db98adbd@group-C51117D219B2: shutdown
2025-09-28 08:46:26,871 [b8386e11-96d4-4625-b991-c054db98adbd-impl-thread2] INFO  util.JmxRegister (JmxRegister.java:unregister(74)) - Successfully un-registered JMX Bean with object name Ratis:service=RaftServer,group=group-C51117D219B2,id=b8386e11-96d4-4625-b991-c054db98adbd
2025-09-28 08:46:26,871 [b8386e11-96d4-4625-b991-c054db98adbd-impl-thread2] INFO  impl.RoleInfo (RoleInfo.java:shutdownFollowerState(121)) - b8386e11-96d4-4625-b991-c054db98adbd: shutdown b8386e11-96d4-4625-b991-c054db98adbd@group-C51117D219B2-FollowerState
2025-09-28 08:46:26,871 [b8386e11-96d4-4625-b991-c054db98adbd-impl-thread2] INFO  impl.StateMachineUpdater (StateMachineUpdater.java:stopAndJoin(163)) - b8386e11-96d4-4625-b991-c054db98adbd@group-C51117D219B2-StateMachineUpdater: set stopIndex = 1
2025-09-28 08:46:26,867 [9962ec60-824d-4b5c-b72c-a80d9f5353d3@group-F8BBE9FFE6D0-StateMachineUpdater] INFO  ratis.ContainerStateMachine (ContainerStateMachine.java:takeSnapshot(427)) - group-F8BBE9FFE6D0: Taking a snapshot at:(t:1, i:6) file /home/runner/work/ozone/ozone/hadoop-ozone/integration-test/target/test-dir/MiniOzoneClusterImpl-6c2de427-7485-43c3-b878-dcc0cf80ac7a/ozone-metadata/datanode-1/ratis/df70ece9-6c5f-4732-bdaa-f8bbe9ffe6d0/sm/snapshot.1_6
2025-09-28 08:46:26,867 [9962ec60-824d-4b5c-b72c-a80d9f5353d3-impl-thread1] INFO  server.RaftServer$Division (RaftServerImpl.java:lambda$close$1(527)) - 9962ec60-824d-4b5c-b72c-a80d9f5353d3@group-C51117D219B2: shutdown
2025-09-28 08:46:26,871 [9962ec60-824d-4b5c-b72c-a80d9f5353d3-impl-thread1] INFO  util.JmxRegister (JmxRegister.java:unregister(74)) - Successfully un-registered JMX Bean with object name Ratis:service=RaftServer,group=group-C51117D219B2,id=9962ec60-824d-4b5c-b72c-a80d9f5353d3
2025-09-28 08:46:26,871 [9962ec60-824d-4b5c-b72c-a80d9f5353d3-impl-thread1] INFO  impl.RoleInfo (RoleInfo.java:shutdownLeaderState(103)) - 9962ec60-824d-4b5c-b72c-a80d9f5353d3: shutdown 9962ec60-824d-4b5c-b72c-a80d9f5353d3@group-C51117D219B2-LeaderStateImpl
2025-09-28 08:46:26,871 [9962ec60-824d-4b5c-b72c-a80d9f5353d3-impl-thread1] INFO  impl.PendingRequests (PendingRequests.java:sendNotLeaderResponses(287)) - 9962ec60-824d-4b5c-b72c-a80d9f5353d3@group-C51117D219B2-PendingRequests: sendNotLeaderResponses
2025-09-28 08:46:26,871 [9962ec60-824d-4b5c-b72c-a80d9f5353d3-impl-thread3] INFO  impl.StateMachineUpdater (StateMachineUpdater.java:stopAndJoin(163)) - 9962ec60-824d-4b5c-b72c-a80d9f5353d3@group-71444778A42C-StateMachineUpdater: set stopIndex = 2
2025-09-28 08:46:26,871 [9962ec60-824d-4b5c-b72c-a80d9f5353d3@group-71444778A42C-StateMachineUpdater] INFO  ratis.ContainerStateMachine (ContainerStateMachine.java:takeSnapshot(427)) - group-71444778A42C: Taking a snapshot at:(t:2, i:2) file /home/runner/work/ozone/ozone/hadoop-ozone/integration-test/target/test-dir/MiniOzoneClusterImpl-6c2de427-7485-43c3-b878-dcc0cf80ac7a/ozone-metadata/datanode-1/ratis/e6dd397e-dea0-4554-85a2-71444778a42c/sm/snapshot.2_2
2025-09-28 08:46:26,872 [b8386e11-96d4-4625-b991-c054db98adbd@group-C51117D219B2-StateMachineUpdater] INFO  ratis.ContainerStateMachine (ContainerStateMachine.java:takeSnapshot(427)) - group-C51117D219B2: Taking a snapshot at:(t:2, i:1) file /home/runner/work/ozone/ozone/hadoop-ozone/integration-test/target/test-dir/MiniOzoneClusterImpl-6c2de427-7485-43c3-b878-dcc0cf80ac7a/ozone-metadata/datanode-2/ratis/53d4c00e-e1b0-426e-9c26-c51117d219b2/sm/snapshot.2_1
2025-09-28 08:46:26,867 [9962ec60-824d-4b5c-b72c-a80d9f5353d3@group-F8BBE9FFE6D0-FollowerState] INFO  impl.FollowerState (FollowerState.java:runImpl(170)) - 9962ec60-824d-4b5c-b72c-a80d9f5353d3@group-F8BBE9FFE6D0-FollowerState was interrupted
2025-09-28 08:46:26,872 [9962ec60-824d-4b5c-b72c-a80d9f5353d3@group-C51117D219B2->b8386e11-96d4-4625-b991-c054db98adbd-GrpcLogAppender-LogAppenderDaemon] WARN  server.GrpcLogAppender (GrpcLogAppender.java:mayWait(300)) - 9962ec60-824d-4b5c-b72c-a80d9f5353d3@group-C51117D219B2->b8386e11-96d4-4625-b991-c054db98adbd-GrpcLogAppender: Wait interrupted by java.lang.InterruptedException
2025-09-28 08:46:26,870 [b8386e11-96d4-4625-b991-c054db98adbd@group-2A77E6FE4889-StateMachineUpdater] INFO  ratis.ContainerStateMachine (ContainerStateMachine.java:takeSnapshot(427)) - group-2A77E6FE4889: Taking a snapshot at:(t:1, i:0) file /home/runner/work/ozone/ozone/hadoop-ozone/integration-test/target/test-dir/MiniOzoneClusterImpl-6c2de427-7485-43c3-b878-dcc0cf80ac7a/ozone-metadata/datanode-2/ratis/ef0f5bb4-1fba-4131-8533-2a77e6fe4889/sm/snapshot.1_0
2025-09-28 08:46:26,873 [grpc-default-executor-1] INFO  server.GrpcServerProtocolService (GrpcServerProtocolService.java:lambda$onCompleted$6(171)) - b8386e11-96d4-4625-b991-c054db98adbd: Completed APPEND_ENTRIES, lastRequest: null 
2025-09-28 08:46:26,873 [grpc-default-executor-1] INFO  server.GrpcServerProtocolService (GrpcServerProtocolService.java:lambda$null$7(175)) - b8386e11-96d4-4625-b991-c054db98adbd: Completed APPEND_ENTRIES, lastReply: serverReply {
  requestorId: "9962ec60-824d-4b5c-b72c-a80d9f5353d3"
  replyId: "b8386e11-96d4-4625-b991-c054db98adbd"
  raftGroupId {
    id: "S\324\300\016\341\260Bn\234&\305\021\027\322\031\262"
  }
  callId: 2
  success: true
}
term: 2
nextIndex: 2
matchIndex: 18446744073709551615
isHearbeat: true
 
2025-09-28 08:46:26,874 [Thread-811] INFO  server.GrpcServerProtocolClient (GrpcServerProtocolClient.java:close(105)) - bb53dc84-9509-46ab-9745-0f1d93457633 Close channels
2025-09-28 08:46:26,874 [9962ec60-824d-4b5c-b72c-a80d9f5353d3@group-C51117D219B2->bb53dc84-9509-46ab-9745-0f1d93457633-GrpcLogAppender-LogAppenderDaemon] WARN  server.GrpcLogAppender (GrpcLogAppender.java:mayWait(300)) - 9962ec60-824d-4b5c-b72c-a80d9f5353d3@group-C51117D219B2->bb53dc84-9509-46ab-9745-0f1d93457633-GrpcLogAppender: Wait interrupted by java.lang.InterruptedException
2025-09-28 08:46:26,874 [9962ec60-824d-4b5c-b72c-a80d9f5353d3-impl-thread1] INFO  impl.StateMachineUpdater (StateMachineUpdater.java:stopAndJoin(163)) - 9962ec60-824d-4b5c-b72c-a80d9f5353d3@group-C51117D219B2-StateMachineUpdater: set stopIndex = 2
2025-09-28 08:46:26,869 [b8386e11-96d4-4625-b991-c054db98adbd@group-F8BBE9FFE6D0->9962ec60-824d-4b5c-b72c-a80d9f5353d3-GrpcLogAppender-LogAppenderDaemon] WARN  server.GrpcLogAppender (GrpcLogAppender.java:mayWait(300)) - b8386e11-96d4-4625-b991-c054db98adbd@group-F8BBE9FFE6D0->9962ec60-824d-4b5c-b72c-a80d9f5353d3-GrpcLogAppender: Wait interrupted by java.lang.InterruptedException
2025-09-28 08:46:26,869 [b8386e11-96d4-4625-b991-c054db98adbd@group-F8BBE9FFE6D0->bb53dc84-9509-46ab-9745-0f1d93457633-GrpcLogAppender-LogAppenderDaemon] WARN  server.GrpcLogAppender (GrpcLogAppender.java:mayWait(300)) - b8386e11-96d4-4625-b991-c054db98adbd@group-F8BBE9FFE6D0->bb53dc84-9509-46ab-9745-0f1d93457633-GrpcLogAppender: Wait interrupted by java.lang.InterruptedException
2025-09-28 08:46:26,869 [b8386e11-96d4-4625-b991-c054db98adbd-impl-thread3] INFO  impl.PendingRequests (PendingRequests.java:sendNotLeaderResponses(287)) - b8386e11-96d4-4625-b991-c054db98adbd@group-F8BBE9FFE6D0-PendingRequests: sendNotLeaderResponses
2025-09-28 08:46:26,875 [grpc-default-executor-5] INFO  server.GrpcServerProtocolService (GrpcServerProtocolService.java:lambda$onCompleted$6(171)) - 9962ec60-824d-4b5c-b72c-a80d9f5353d3: Completed APPEND_ENTRIES, lastRequest: null 
2025-09-28 08:46:26,875 [grpc-default-executor-5] INFO  server.GrpcServerProtocolService (GrpcServerProtocolService.java:lambda$null$7(175)) - 9962ec60-824d-4b5c-b72c-a80d9f5353d3: Completed APPEND_ENTRIES, lastReply: null 
2025-09-28 08:46:26,876 [grpc-default-executor-3] INFO  server.GrpcLogAppender (GrpcLogAppender.java:onCompleted(558)) - 9962ec60-824d-4b5c-b72c-a80d9f5353d3@group-C51117D219B2->b8386e11-96d4-4625-b991-c054db98adbd-AppendLogResponseHandler: follower responses appendEntries COMPLETED
2025-09-28 08:46:26,876 [grpc-default-executor-3] WARN  server.GrpcLogAppender (GrpcLogAppender.java:resetClient(237)) - 9962ec60-824d-4b5c-b72c-a80d9f5353d3@group-C51117D219B2->b8386e11-96d4-4625-b991-c054db98adbd-GrpcLogAppender: Failed to getClient for b8386e11-96d4-4625-b991-c054db98adbd
org.apache.ratis.protocol.exceptions.AlreadyClosedException: 9962ec60-824d-4b5c-b72c-a80d9f5353d3 is already CLOSED
	at org.apache.ratis.util.PeerProxyMap$PeerAndProxy.getProxy(PeerProxyMap.java:67)
	at org.apache.ratis.util.PeerProxyMap.getProxy(PeerProxyMap.java:124)
	at org.apache.ratis.grpc.server.GrpcLogAppender.getClient(GrpcLogAppender.java:207)
	at org.apache.ratis.grpc.server.GrpcLogAppender.resetClient(GrpcLogAppender.java:212)
	at org.apache.ratis.grpc.server.GrpcLogAppender.access$800(GrpcLogAppender.java:70)
	at org.apache.ratis.grpc.server.GrpcLogAppender$AppendLogResponseHandler.onCompleted(GrpcLogAppender.java:559)
	at org.apache.ratis.thirdparty.io.grpc.stub.ClientCalls$StreamObserverToCallListenerAdapter.onClose(ClientCalls.java:562)
	at org.apache.ratis.thirdparty.io.grpc.internal.DelayedClientCall$DelayedListener$3.run(DelayedClientCall.java:489)
	at org.apache.ratis.thirdparty.io.grpc.internal.DelayedClientCall$DelayedListener.delayOrExecute(DelayedClientCall.java:453)
	at org.apache.ratis.thirdparty.io.grpc.internal.DelayedClientCall$DelayedListener.onClose(DelayedClientCall.java:486)
	at org.apache.ratis.thirdparty.io.grpc.internal.ClientCallImpl.closeObserver(ClientCallImpl.java:565)
	at org.apache.ratis.thirdparty.io.grpc.internal.ClientCallImpl.access$100(ClientCallImpl.java:72)
	at org.apache.ratis.thirdparty.io.grpc.internal.ClientCallImpl$ClientStreamListenerImpl$1StreamClosed.runInternal(ClientCallImpl.java:733)
	at org.apache.ratis.thirdparty.io.grpc.internal.ClientCallImpl$ClientStreamListenerImpl$1StreamClosed.runInContext(ClientCallImpl.java:714)
	at org.apache.ratis.thirdparty.io.grpc.internal.ContextRunnable.run(ContextRunnable.java:37)
	at org.apache.ratis.thirdparty.io.grpc.internal.SerializingExecutor.run(SerializingExecutor.java:133)
	at java.base/java.util.concurrent.ThreadPoolExecutor.runWorker(ThreadPoolExecutor.java:1144)
	at java.base/java.util.concurrent.ThreadPoolExecutor$Worker.run(ThreadPoolExecutor.java:642)
	at java.base/java.lang.Thread.run(Thread.java:1583)
2025-09-28 08:46:26,877 [b8386e11-96d4-4625-b991-c054db98adbd-impl-thread3] INFO  impl.StateMachineUpdater (StateMachineUpdater.java:stopAndJoin(163)) - b8386e11-96d4-4625-b991-c054db98adbd@group-F8BBE9FFE6D0-StateMachineUpdater: set stopIndex = 6
2025-09-28 08:46:26,868 [grpc-default-executor-4] WARN  server.GrpcAdminProtocolService (GrpcAdminProtocolService.java:lambda$groupManagement$1(53)) - Failed groupManagement: GROUPADD, GroupManagementRequest:client-60A8CCA27D1B->9962ec60-824d-4b5c-b72c-a80d9f5353d3@group-D9881DADD006, cid=12, seq=null, RW, null, Add:group-D9881DADD006:[b8386e11-96d4-4625-b991-c054db98adbd|127.0.0.1:15023, 9962ec60-824d-4b5c-b72c-a80d9f5353d3|127.0.0.1:15015, bb53dc84-9509-46ab-9745-0f1d93457633|127.0.0.1:15031]
java.util.concurrent.CompletionException: org.apache.ratis.protocol.exceptions.AlreadyClosedException: 9962ec60-824d-4b5c-b72c-a80d9f5353d3: Failed to add group-D9881DADD006:[b8386e11-96d4-4625-b991-c054db98adbd|127.0.0.1:15023, 9962ec60-824d-4b5c-b72c-a80d9f5353d3|127.0.0.1:15015, bb53dc84-9509-46ab-9745-0f1d93457633|127.0.0.1:15031] since the server is already closed
	at java.base/java.util.concurrent.CompletableFuture.encodeThrowable(CompletableFuture.java:332)
	at java.base/java.util.concurrent.CompletableFuture.uniApplyNow(CompletableFuture.java:674)
	at java.base/java.util.concurrent.CompletableFuture.uniApplyStage(CompletableFuture.java:662)
	at java.base/java.util.concurrent.CompletableFuture.thenApplyAsync(CompletableFuture.java:2210)
	at org.apache.ratis.server.impl.RaftServerProxy.groupAddAsync(RaftServerProxy.java:513)
	at org.apache.ratis.server.impl.RaftServerProxy.groupManagementAsync(RaftServerProxy.java:495)
	at org.apache.ratis.grpc.server.GrpcAdminProtocolService.lambda$groupManagement$0(GrpcAdminProtocolService.java:51)
	at org.apache.ratis.grpc.GrpcUtil.asyncCall(GrpcUtil.java:172)
	at org.apache.ratis.grpc.server.GrpcAdminProtocolService.groupManagement(GrpcAdminProtocolService.java:51)
	at org.apache.ratis.proto.grpc.AdminProtocolServiceGrpc$MethodHandlers.invoke(AdminProtocolServiceGrpc.java:701)
	at org.apache.ratis.thirdparty.io.grpc.stub.ServerCalls$UnaryServerCallHandler$UnaryServerCallListener.onHalfClose(ServerCalls.java:182)
	at org.apache.ratis.thirdparty.io.grpc.internal.ServerCallImpl$ServerStreamListenerImpl.halfClosed(ServerCallImpl.java:356)
	at org.apache.ratis.thirdparty.io.grpc.internal.ServerImpl$JumpToApplicationThreadServerStreamListener$1HalfClosed.runInContext(ServerImpl.java:861)
	at org.apache.ratis.thirdparty.io.grpc.internal.ContextRunnable.run(ContextRunnable.java:37)
	at org.apache.ratis.thirdparty.io.grpc.internal.SerializingExecutor.run(SerializingExecutor.java:133)
	at java.base/java.util.concurrent.ThreadPoolExecutor.runWorker(ThreadPoolExecutor.java:1144)
	at java.base/java.util.concurrent.ThreadPoolExecutor$Worker.run(ThreadPoolExecutor.java:642)
	at java.base/java.lang.Thread.run(Thread.java:1583)
Caused by: org.apache.ratis.protocol.exceptions.AlreadyClosedException: 9962ec60-824d-4b5c-b72c-a80d9f5353d3: Failed to add group-D9881DADD006:[b8386e11-96d4-4625-b991-c054db98adbd|127.0.0.1:15023, 9962ec60-824d-4b5c-b72c-a80d9f5353d3|127.0.0.1:15015, bb53dc84-9509-46ab-9745-0f1d93457633|127.0.0.1:15031] since the server is already closed
	at org.apache.ratis.server.impl.RaftServerProxy$ImplMap.addNew(RaftServerProxy.java:95)
	at org.apache.ratis.server.impl.RaftServerProxy.groupAddAsync(RaftServerProxy.java:512)
	... 13 more
2025-09-28 08:46:26,878 [grpc-default-executor-5] INFO  server.GrpcServerProtocolService (GrpcServerProtocolService.java:lambda$null$7(175)) - bb53dc84-9509-46ab-9745-0f1d93457633: Completed APPEND_ENTRIES, lastReply: serverReply {
  requestorId: "b8386e11-96d4-4625-b991-c054db98adbd"
  replyId: "bb53dc84-9509-46ab-9745-0f1d93457633"
  raftGroupId {
    id: "\337p\354\351l_G2\275\252\370\273\351\377\346\320"
  }
  callId: 14
  success: true
}
term: 1
nextIndex: 7
followerCommit: 6
matchIndex: 18446744073709551615
isHearbeat: true
 
2025-09-28 08:46:26,877 [grpc-default-executor-0] INFO  server.GrpcLogAppender (GrpcLogAppender.java:onCompleted(558)) - b8386e11-96d4-4625-b991-c054db98adbd@group-F8BBE9FFE6D0->9962ec60-824d-4b5c-b72c-a80d9f5353d3-AppendLogResponseHandler: follower responses appendEntries COMPLETED
2025-09-28 08:46:26,879 [grpc-default-executor-5] INFO  server.GrpcLogAppender (GrpcLogAppender.java:onCompleted(558)) - 9962ec60-824d-4b5c-b72c-a80d9f5353d3@group-C51117D219B2->bb53dc84-9509-46ab-9745-0f1d93457633-AppendLogResponseHandler: follower responses appendEntries COMPLETED
2025-09-28 08:46:26,880 [grpc-default-executor-5] WARN  server.GrpcLogAppender (GrpcLogAppender.java:resetClient(237)) - 9962ec60-824d-4b5c-b72c-a80d9f5353d3@group-C51117D219B2->bb53dc84-9509-46ab-9745-0f1d93457633-GrpcLogAppender: Failed to getClient for bb53dc84-9509-46ab-9745-0f1d93457633
org.apache.ratis.protocol.exceptions.AlreadyClosedException: 9962ec60-824d-4b5c-b72c-a80d9f5353d3 is already CLOSED
	at org.apache.ratis.util.PeerProxyMap$PeerAndProxy.getProxy(PeerProxyMap.java:67)
	at org.apache.ratis.util.PeerProxyMap.getProxy(PeerProxyMap.java:124)
	at org.apache.ratis.grpc.server.GrpcLogAppender.getClient(GrpcLogAppender.java:207)
	at org.apache.ratis.grpc.server.GrpcLogAppender.resetClient(GrpcLogAppender.java:212)
	at org.apache.ratis.grpc.server.GrpcLogAppender.access$800(GrpcLogAppender.java:70)
	at org.apache.ratis.grpc.server.GrpcLogAppender$AppendLogResponseHandler.onCompleted(GrpcLogAppender.java:559)
	at org.apache.ratis.thirdparty.io.grpc.stub.ClientCalls$StreamObserverToCallListenerAdapter.onClose(ClientCalls.java:562)
	at org.apache.ratis.thirdparty.io.grpc.internal.DelayedClientCall$DelayedListener$3.run(DelayedClientCall.java:489)
	at org.apache.ratis.thirdparty.io.grpc.internal.DelayedClientCall$DelayedListener.delayOrExecute(DelayedClientCall.java:453)
	at org.apache.ratis.thirdparty.io.grpc.internal.DelayedClientCall$DelayedListener.onClose(DelayedClientCall.java:486)
	at org.apache.ratis.thirdparty.io.grpc.internal.ClientCallImpl.closeObserver(ClientCallImpl.java:565)
	at org.apache.ratis.thirdparty.io.grpc.internal.ClientCallImpl.access$100(ClientCallImpl.java:72)
	at org.apache.ratis.thirdparty.io.grpc.internal.ClientCallImpl$ClientStreamListenerImpl$1StreamClosed.runInternal(ClientCallImpl.java:733)
	at org.apache.ratis.thirdparty.io.grpc.internal.ClientCallImpl$ClientStreamListenerImpl$1StreamClosed.runInContext(ClientCallImpl.java:714)
	at org.apache.ratis.thirdparty.io.grpc.internal.ContextRunnable.run(ContextRunnable.java:37)
	at org.apache.ratis.thirdparty.io.grpc.internal.SerializingExecutor.run(SerializingExecutor.java:133)
	at java.base/java.util.concurrent.ThreadPoolExecutor.runWorker(ThreadPoolExecutor.java:1144)
	at java.base/java.util.concurrent.ThreadPoolExecutor$Worker.run(ThreadPoolExecutor.java:642)
	at java.base/java.lang.Thread.run(Thread.java:1583)
2025-09-28 08:46:26,877 [grpc-default-executor-6] INFO  server.GrpcLogAppender (GrpcLogAppender.java:onCompleted(558)) - 9962ec60-824d-4b5c-b72c-a80d9f5353d3@group-C51117D219B2->b8386e11-96d4-4625-b991-c054db98adbd-AppendLogResponseHandler: follower responses appendEntries COMPLETED
2025-09-28 08:46:26,880 [grpc-default-executor-6] WARN  server.GrpcLogAppender (GrpcLogAppender.java:resetClient(237)) - 9962ec60-824d-4b5c-b72c-a80d9f5353d3@group-C51117D219B2->b8386e11-96d4-4625-b991-c054db98adbd-GrpcLogAppender: Failed to getClient for b8386e11-96d4-4625-b991-c054db98adbd
org.apache.ratis.protocol.exceptions.AlreadyClosedException: 9962ec60-824d-4b5c-b72c-a80d9f5353d3 is already CLOSED
	at org.apache.ratis.util.PeerProxyMap$PeerAndProxy.getProxy(PeerProxyMap.java:67)
	at org.apache.ratis.util.PeerProxyMap.getProxy(PeerProxyMap.java:124)
	at org.apache.ratis.grpc.server.GrpcLogAppender.getClient(GrpcLogAppender.java:207)
	at org.apache.ratis.grpc.server.GrpcLogAppender.resetClient(GrpcLogAppender.java:212)
	at org.apache.ratis.grpc.server.GrpcLogAppender.access$800(GrpcLogAppender.java:70)
	at org.apache.ratis.grpc.server.GrpcLogAppender$AppendLogResponseHandler.onCompleted(GrpcLogAppender.java:559)
	at org.apache.ratis.thirdparty.io.grpc.stub.ClientCalls$StreamObserverToCallListenerAdapter.onClose(ClientCalls.java:562)
	at org.apache.ratis.thirdparty.io.grpc.internal.ClientCallImpl.closeObserver(ClientCallImpl.java:565)
	at org.apache.ratis.thirdparty.io.grpc.internal.ClientCallImpl.access$100(ClientCallImpl.java:72)
	at org.apache.ratis.thirdparty.io.grpc.internal.ClientCallImpl$ClientStreamListenerImpl$1StreamClosed.runInternal(ClientCallImpl.java:733)
	at org.apache.ratis.thirdparty.io.grpc.internal.ClientCallImpl$ClientStreamListenerImpl$1StreamClosed.runInContext(ClientCallImpl.java:714)
	at org.apache.ratis.thirdparty.io.grpc.internal.ContextRunnable.run(ContextRunnable.java:37)
	at org.apache.ratis.thirdparty.io.grpc.internal.SerializingExecutor.run(SerializingExecutor.java:133)
	at java.base/java.util.concurrent.ThreadPoolExecutor.runWorker(ThreadPoolExecutor.java:1144)
	at java.base/java.util.concurrent.ThreadPoolExecutor$Worker.run(ThreadPoolExecutor.java:642)
	at java.base/java.lang.Thread.run(Thread.java:1583)
2025-09-28 08:46:26,880 [Thread-810] INFO  server.GrpcServerProtocolClient (GrpcServerProtocolClient.java:close(105)) - 9962ec60-824d-4b5c-b72c-a80d9f5353d3 Close channels
2025-09-28 08:46:26,880 [grpc-default-executor-8] INFO  server.GrpcLogAppender (GrpcLogAppender.java:onCompleted(558)) - b8386e11-96d4-4625-b991-c054db98adbd@group-F8BBE9FFE6D0->9962ec60-824d-4b5c-b72c-a80d9f5353d3-AppendLogResponseHandler: follower responses appendEntries COMPLETED
2025-09-28 08:46:26,877 [b8386e11-96d4-4625-b991-c054db98adbd@group-F8BBE9FFE6D0-StateMachineUpdater] INFO  ratis.ContainerStateMachine (ContainerStateMachine.java:takeSnapshot(427)) - group-F8BBE9FFE6D0: Taking a snapshot at:(t:1, i:6) file /home/runner/work/ozone/ozone/hadoop-ozone/integration-test/target/test-dir/MiniOzoneClusterImpl-6c2de427-7485-43c3-b878-dcc0cf80ac7a/ozone-metadata/datanode-2/ratis/df70ece9-6c5f-4732-bdaa-f8bbe9ffe6d0/sm/snapshot.1_6
2025-09-28 08:46:26,875 [b8386e11-96d4-4625-b991-c054db98adbd@group-2A77E6FE4889-StateMachineUpdater] INFO  ratis.ContainerStateMachine (ContainerStateMachine.java:takeSnapshot(436)) - group-2A77E6FE4889: Finished taking a snapshot at:(t:1, i:0) file:/home/runner/work/ozone/ozone/hadoop-ozone/integration-test/target/test-dir/MiniOzoneClusterImpl-6c2de427-7485-43c3-b878-dcc0cf80ac7a/ozone-metadata/datanode-2/ratis/ef0f5bb4-1fba-4131-8533-2a77e6fe4889/sm/snapshot.1_0 took: 4 ms
2025-09-28 08:46:26,881 [b8386e11-96d4-4625-b991-c054db98adbd@group-2A77E6FE4889-StateMachineUpdater] INFO  impl.StateMachineUpdater (StateMachineUpdater.java:takeSnapshot(307)) - b8386e11-96d4-4625-b991-c054db98adbd@group-2A77E6FE4889-StateMachineUpdater: Took a snapshot at index 0
2025-09-28 08:46:26,881 [b8386e11-96d4-4625-b991-c054db98adbd@group-2A77E6FE4889-StateMachineUpdater] INFO  impl.StateMachineUpdater (StateMachineUpdater.java:lambda$new$0(101)) - b8386e11-96d4-4625-b991-c054db98adbd@group-2A77E6FE4889-StateMachineUpdater: snapshotIndex: updateIncreasingly -1 -> 0
2025-09-28 08:46:26,881 [b8386e11-96d4-4625-b991-c054db98adbd@group-2A77E6FE4889-StateMachineUpdater] INFO  impl.StateMachineUpdater (StateMachineUpdater.java:stop(140)) - b8386e11-96d4-4625-b991-c054db98adbd@group-2A77E6FE4889-StateMachineUpdater: closing ContainerStateMachine, lastApplied=(t:1, i:0)
2025-09-28 08:46:26,875 [grpc-default-executor-1] INFO  server.GrpcServerProtocolService (GrpcServerProtocolService.java:lambda$onCompleted$6(171)) - bb53dc84-9509-46ab-9745-0f1d93457633: Completed APPEND_ENTRIES, lastRequest: 9962ec60-824d-4b5c-b72c-a80d9f5353d3->bb53dc84-9509-46ab-9745-0f1d93457633#2-t2,previous=(t:2, i:1),leaderCommit=1,initializing? false,entries: size=1, first=(t:2, i:2), METADATAENTRY(c:1) 
2025-09-28 08:46:26,874 [b8386e11-96d4-4625-b991-c054db98adbd@group-C51117D219B2-StateMachineUpdater] INFO  ratis.ContainerStateMachine (ContainerStateMachine.java:takeSnapshot(436)) - group-C51117D219B2: Finished taking a snapshot at:(t:2, i:1) file:/home/runner/work/ozone/ozone/hadoop-ozone/integration-test/target/test-dir/MiniOzoneClusterImpl-6c2de427-7485-43c3-b878-dcc0cf80ac7a/ozone-metadata/datanode-2/ratis/53d4c00e-e1b0-426e-9c26-c51117d219b2/sm/snapshot.2_1 took: 3 ms
2025-09-28 08:46:26,882 [b8386e11-96d4-4625-b991-c054db98adbd@group-C51117D219B2-StateMachineUpdater] INFO  impl.StateMachineUpdater (StateMachineUpdater.java:takeSnapshot(307)) - b8386e11-96d4-4625-b991-c054db98adbd@group-C51117D219B2-StateMachineUpdater: Took a snapshot at index 1
2025-09-28 08:46:26,882 [b8386e11-96d4-4625-b991-c054db98adbd@group-C51117D219B2-StateMachineUpdater] INFO  impl.StateMachineUpdater (StateMachineUpdater.java:lambda$new$0(101)) - b8386e11-96d4-4625-b991-c054db98adbd@group-C51117D219B2-StateMachineUpdater: snapshotIndex: updateIncreasingly -1 -> 1
2025-09-28 08:46:26,882 [grpc-default-executor-1] INFO  server.GrpcLogAppender (GrpcLogAppender.java:onCompleted(558)) - b8386e11-96d4-4625-b991-c054db98adbd@group-F8BBE9FFE6D0->bb53dc84-9509-46ab-9745-0f1d93457633-AppendLogResponseHandler: follower responses appendEntries COMPLETED
2025-09-28 08:46:26,882 [b8386e11-96d4-4625-b991-c054db98adbd@group-C51117D219B2-StateMachineUpdater] INFO  impl.StateMachineUpdater (StateMachineUpdater.java:stop(140)) - b8386e11-96d4-4625-b991-c054db98adbd@group-C51117D219B2-StateMachineUpdater: closing ContainerStateMachine, lastApplied=(t:2, i:1)
2025-09-28 08:46:26,882 [grpc-default-executor-0] INFO  server.GrpcLogAppender (GrpcLogAppender.java:onCompleted(558)) - 9962ec60-824d-4b5c-b72c-a80d9f5353d3@group-C51117D219B2->bb53dc84-9509-46ab-9745-0f1d93457633-AppendLogResponseHandler: follower responses appendEntries COMPLETED
2025-09-28 08:46:26,882 [grpc-default-executor-0] WARN  server.GrpcLogAppender (GrpcLogAppender.java:resetClient(237)) - 9962ec60-824d-4b5c-b72c-a80d9f5353d3@group-C51117D219B2->bb53dc84-9509-46ab-9745-0f1d93457633-GrpcLogAppender: Failed to getClient for bb53dc84-9509-46ab-9745-0f1d93457633
org.apache.ratis.protocol.exceptions.AlreadyClosedException: 9962ec60-824d-4b5c-b72c-a80d9f5353d3 is already CLOSED
	at org.apache.ratis.util.PeerProxyMap$PeerAndProxy.getProxy(PeerProxyMap.java:67)
	at org.apache.ratis.util.PeerProxyMap.getProxy(PeerProxyMap.java:124)
	at org.apache.ratis.grpc.server.GrpcLogAppender.getClient(GrpcLogAppender.java:207)
	at org.apache.ratis.grpc.server.GrpcLogAppender.resetClient(GrpcLogAppender.java:212)
	at org.apache.ratis.grpc.server.GrpcLogAppender.access$800(GrpcLogAppender.java:70)
	at org.apache.ratis.grpc.server.GrpcLogAppender$AppendLogResponseHandler.onCompleted(GrpcLogAppender.java:559)
	at org.apache.ratis.thirdparty.io.grpc.stub.ClientCalls$StreamObserverToCallListenerAdapter.onClose(ClientCalls.java:562)
	at org.apache.ratis.thirdparty.io.grpc.internal.ClientCallImpl.closeObserver(ClientCallImpl.java:565)
	at org.apache.ratis.thirdparty.io.grpc.internal.ClientCallImpl.access$100(ClientCallImpl.java:72)
	at org.apache.ratis.thirdparty.io.grpc.internal.ClientCallImpl$ClientStreamListenerImpl$1StreamClosed.runInternal(ClientCallImpl.java:733)
	at org.apache.ratis.thirdparty.io.grpc.internal.ClientCallImpl$ClientStreamListenerImpl$1StreamClosed.runInContext(ClientCallImpl.java:714)
	at org.apache.ratis.thirdparty.io.grpc.internal.ContextRunnable.run(ContextRunnable.java:37)
	at org.apache.ratis.thirdparty.io.grpc.internal.SerializingExecutor.run(SerializingExecutor.java:133)
	at java.base/java.util.concurrent.ThreadPoolExecutor.runWorker(ThreadPoolExecutor.java:1144)
	at java.base/java.util.concurrent.ThreadPoolExecutor$Worker.run(ThreadPoolExecutor.java:642)
	at java.base/java.lang.Thread.run(Thread.java:1583)
2025-09-28 08:46:26,874 [9962ec60-824d-4b5c-b72c-a80d9f5353d3@group-71444778A42C-StateMachineUpdater] INFO  ratis.ContainerStateMachine (ContainerStateMachine.java:takeSnapshot(436)) - group-71444778A42C: Finished taking a snapshot at:(t:2, i:2) file:/home/runner/work/ozone/ozone/hadoop-ozone/integration-test/target/test-dir/MiniOzoneClusterImpl-6c2de427-7485-43c3-b878-dcc0cf80ac7a/ozone-metadata/datanode-1/ratis/e6dd397e-dea0-4554-85a2-71444778a42c/sm/snapshot.2_2 took: 3 ms
2025-09-28 08:46:26,874 [9962ec60-824d-4b5c-b72c-a80d9f5353d3@group-C51117D219B2-StateMachineUpdater] INFO  ratis.ContainerStateMachine (ContainerStateMachine.java:takeSnapshot(427)) - group-C51117D219B2: Taking a snapshot at:(t:2, i:2) file /home/runner/work/ozone/ozone/hadoop-ozone/integration-test/target/test-dir/MiniOzoneClusterImpl-6c2de427-7485-43c3-b878-dcc0cf80ac7a/ozone-metadata/datanode-1/ratis/53d4c00e-e1b0-426e-9c26-c51117d219b2/sm/snapshot.2_2
2025-09-28 08:46:26,883 [9962ec60-824d-4b5c-b72c-a80d9f5353d3@group-71444778A42C-StateMachineUpdater] INFO  impl.StateMachineUpdater (StateMachineUpdater.java:takeSnapshot(307)) - 9962ec60-824d-4b5c-b72c-a80d9f5353d3@group-71444778A42C-StateMachineUpdater: Took a snapshot at index 2
2025-09-28 08:46:26,883 [9962ec60-824d-4b5c-b72c-a80d9f5353d3@group-71444778A42C-StateMachineUpdater] INFO  impl.StateMachineUpdater (StateMachineUpdater.java:lambda$new$0(101)) - 9962ec60-824d-4b5c-b72c-a80d9f5353d3@group-71444778A42C-StateMachineUpdater: snapshotIndex: updateIncreasingly 0 -> 2
2025-09-28 08:46:26,874 [9962ec60-824d-4b5c-b72c-a80d9f5353d3@group-F8BBE9FFE6D0-StateMachineUpdater] INFO  ratis.ContainerStateMachine (ContainerStateMachine.java:takeSnapshot(436)) - group-F8BBE9FFE6D0: Finished taking a snapshot at:(t:1, i:6) file:/home/runner/work/ozone/ozone/hadoop-ozone/integration-test/target/test-dir/MiniOzoneClusterImpl-6c2de427-7485-43c3-b878-dcc0cf80ac7a/ozone-metadata/datanode-1/ratis/df70ece9-6c5f-4732-bdaa-f8bbe9ffe6d0/sm/snapshot.1_6 took: 7 ms
2025-09-28 08:46:26,874 [b8386e11-96d4-4625-b991-c054db98adbd@group-C51117D219B2-FollowerState] INFO  impl.FollowerState (FollowerState.java:runImpl(170)) - b8386e11-96d4-4625-b991-c054db98adbd@group-C51117D219B2-FollowerState was interrupted
2025-09-28 08:46:26,883 [9962ec60-824d-4b5c-b72c-a80d9f5353d3@group-C51117D219B2-StateMachineUpdater] INFO  ratis.ContainerStateMachine (ContainerStateMachine.java:takeSnapshot(436)) - group-C51117D219B2: Finished taking a snapshot at:(t:2, i:2) file:/home/runner/work/ozone/ozone/hadoop-ozone/integration-test/target/test-dir/MiniOzoneClusterImpl-6c2de427-7485-43c3-b878-dcc0cf80ac7a/ozone-metadata/datanode-1/ratis/53d4c00e-e1b0-426e-9c26-c51117d219b2/sm/snapshot.2_2 took: 9 ms
2025-09-28 08:46:26,884 [9962ec60-824d-4b5c-b72c-a80d9f5353d3@group-C51117D219B2-StateMachineUpdater] INFO  impl.StateMachineUpdater (StateMachineUpdater.java:takeSnapshot(307)) - 9962ec60-824d-4b5c-b72c-a80d9f5353d3@group-C51117D219B2-StateMachineUpdater: Took a snapshot at index 2
2025-09-28 08:46:26,884 [9962ec60-824d-4b5c-b72c-a80d9f5353d3@group-C51117D219B2-StateMachineUpdater] INFO  impl.StateMachineUpdater (StateMachineUpdater.java:lambda$new$0(101)) - 9962ec60-824d-4b5c-b72c-a80d9f5353d3@group-C51117D219B2-StateMachineUpdater: snapshotIndex: updateIncreasingly 0 -> 2
2025-09-28 08:46:26,884 [9962ec60-824d-4b5c-b72c-a80d9f5353d3@group-C51117D219B2-StateMachineUpdater] INFO  impl.StateMachineUpdater (StateMachineUpdater.java:stop(140)) - 9962ec60-824d-4b5c-b72c-a80d9f5353d3@group-C51117D219B2-StateMachineUpdater: closing ContainerStateMachine, lastApplied=(t:2, i:2)
2025-09-28 08:46:26,883 [9962ec60-824d-4b5c-b72c-a80d9f5353d3@group-F8BBE9FFE6D0-StateMachineUpdater] INFO  impl.StateMachineUpdater (StateMachineUpdater.java:takeSnapshot(307)) - 9962ec60-824d-4b5c-b72c-a80d9f5353d3@group-F8BBE9FFE6D0-StateMachineUpdater: Took a snapshot at index 6
2025-09-28 08:46:26,883 [9962ec60-824d-4b5c-b72c-a80d9f5353d3@group-71444778A42C-StateMachineUpdater] INFO  impl.StateMachineUpdater (StateMachineUpdater.java:stop(140)) - 9962ec60-824d-4b5c-b72c-a80d9f5353d3@group-71444778A42C-StateMachineUpdater: closing ContainerStateMachine, lastApplied=(t:2, i:2)
2025-09-28 08:46:26,883 [b8386e11-96d4-4625-b991-c054db98adbd@group-C51117D219B2-cacheEviction-AwaitToRun] INFO  util.AwaitToRun (AwaitToRun.java:run(49)) - b8386e11-96d4-4625-b991-c054db98adbd@group-C51117D219B2-cacheEviction-AwaitToRun-AwaitForSignal is interrupted
2025-09-28 08:46:26,883 [ForkJoinPool-1-worker-2] INFO  server.GrpcServicesImpl (GrpcServicesImpl.java:closeImpl(364)) - 9962ec60-824d-4b5c-b72c-a80d9f5353d3: shutdown server org.apache.ratis.grpc.server.GrpcClientProtocolService successfully
2025-09-28 08:46:26,883 [b8386e11-96d4-4625-b991-c054db98adbd@group-F8BBE9FFE6D0-StateMachineUpdater] INFO  ratis.ContainerStateMachine (ContainerStateMachine.java:takeSnapshot(436)) - group-F8BBE9FFE6D0: Finished taking a snapshot at:(t:1, i:6) file:/home/runner/work/ozone/ozone/hadoop-ozone/integration-test/target/test-dir/MiniOzoneClusterImpl-6c2de427-7485-43c3-b878-dcc0cf80ac7a/ozone-metadata/datanode-2/ratis/df70ece9-6c5f-4732-bdaa-f8bbe9ffe6d0/sm/snapshot.1_6 took: 6 ms
2025-09-28 08:46:26,885 [b8386e11-96d4-4625-b991-c054db98adbd@group-F8BBE9FFE6D0-StateMachineUpdater] INFO  impl.StateMachineUpdater (StateMachineUpdater.java:takeSnapshot(307)) - b8386e11-96d4-4625-b991-c054db98adbd@group-F8BBE9FFE6D0-StateMachineUpdater: Took a snapshot at index 6
2025-09-28 08:46:26,885 [b8386e11-96d4-4625-b991-c054db98adbd@group-F8BBE9FFE6D0-StateMachineUpdater] INFO  impl.StateMachineUpdater (StateMachineUpdater.java:lambda$new$0(101)) - b8386e11-96d4-4625-b991-c054db98adbd@group-F8BBE9FFE6D0-StateMachineUpdater: snapshotIndex: updateIncreasingly -1 -> 6
2025-09-28 08:46:26,885 [b8386e11-96d4-4625-b991-c054db98adbd@group-F8BBE9FFE6D0-StateMachineUpdater] INFO  impl.StateMachineUpdater (StateMachineUpdater.java:stop(140)) - b8386e11-96d4-4625-b991-c054db98adbd@group-F8BBE9FFE6D0-StateMachineUpdater: closing ContainerStateMachine, lastApplied=(t:1, i:6)
2025-09-28 08:46:26,885 [b8386e11-96d4-4625-b991-c054db98adbd@group-2A77E6FE4889-cacheEviction-AwaitToRun] INFO  util.AwaitToRun (AwaitToRun.java:run(49)) - b8386e11-96d4-4625-b991-c054db98adbd@group-2A77E6FE4889-cacheEviction-AwaitToRun-AwaitForSignal is interrupted
2025-09-28 08:46:26,886 [b8386e11-96d4-4625-b991-c054db98adbd@group-F8BBE9FFE6D0-cacheEviction-AwaitToRun] INFO  util.AwaitToRun (AwaitToRun.java:run(49)) - b8386e11-96d4-4625-b991-c054db98adbd@group-F8BBE9FFE6D0-cacheEviction-AwaitToRun-AwaitForSignal is interrupted
2025-09-28 08:46:26,886 [ForkJoinPool-1-worker-2] INFO  server.GrpcServicesImpl (GrpcServicesImpl.java:closeImpl(355)) - 9962ec60-824d-4b5c-b72c-a80d9f5353d3: shutdown server GrpcServerProtocolService now
2025-09-28 08:46:26,886 [9962ec60-824d-4b5c-b72c-a80d9f5353d3@group-F8BBE9FFE6D0-StateMachineUpdater] INFO  impl.StateMachineUpdater (StateMachineUpdater.java:lambda$new$0(101)) - 9962ec60-824d-4b5c-b72c-a80d9f5353d3@group-F8BBE9FFE6D0-StateMachineUpdater: snapshotIndex: updateIncreasingly 5 -> 6
2025-09-28 08:46:26,882 [grpc-default-executor-1] WARN  server.GrpcLogAppender (GrpcLogAppender.java:resetClient(237)) - b8386e11-96d4-4625-b991-c054db98adbd@group-F8BBE9FFE6D0->bb53dc84-9509-46ab-9745-0f1d93457633-GrpcLogAppender: Failed to getClient for bb53dc84-9509-46ab-9745-0f1d93457633
org.apache.ratis.protocol.exceptions.AlreadyClosedException: b8386e11-96d4-4625-b991-c054db98adbd is already CLOSED
	at org.apache.ratis.util.PeerProxyMap$PeerAndProxy.getProxy(PeerProxyMap.java:67)
	at org.apache.ratis.util.PeerProxyMap.getProxy(PeerProxyMap.java:124)
	at org.apache.ratis.grpc.server.GrpcLogAppender.getClient(GrpcLogAppender.java:207)
	at org.apache.ratis.grpc.server.GrpcLogAppender.resetClient(GrpcLogAppender.java:212)
	at org.apache.ratis.grpc.server.GrpcLogAppender.access$800(GrpcLogAppender.java:70)
	at org.apache.ratis.grpc.server.GrpcLogAppender$AppendLogResponseHandler.onCompleted(GrpcLogAppender.java:559)
	at org.apache.ratis.thirdparty.io.grpc.stub.ClientCalls$StreamObserverToCallListenerAdapter.onClose(ClientCalls.java:562)
	at org.apache.ratis.thirdparty.io.grpc.internal.ClientCallImpl.closeObserver(ClientCallImpl.java:565)
	at org.apache.ratis.thirdparty.io.grpc.internal.ClientCallImpl.access$100(ClientCallImpl.java:72)
	at org.apache.ratis.thirdparty.io.grpc.internal.ClientCallImpl$ClientStreamListenerImpl$1StreamClosed.runInternal(ClientCallImpl.java:733)
	at org.apache.ratis.thirdparty.io.grpc.internal.ClientCallImpl$ClientStreamListenerImpl$1StreamClosed.runInContext(ClientCallImpl.java:714)
	at org.apache.ratis.thirdparty.io.grpc.internal.ContextRunnable.run(ContextRunnable.java:37)
	at org.apache.ratis.thirdparty.io.grpc.internal.SerializingExecutor.run(SerializingExecutor.java:133)
	at java.base/java.util.concurrent.ThreadPoolExecutor.runWorker(ThreadPoolExecutor.java:1144)
	at java.base/java.util.concurrent.ThreadPoolExecutor$Worker.run(ThreadPoolExecutor.java:642)
	at java.base/java.lang.Thread.run(Thread.java:1583)
2025-09-28 08:46:26,888 [grpc-default-executor-0] INFO  server.GrpcLogAppender (GrpcLogAppender.java:onCompleted(558)) - b8386e11-96d4-4625-b991-c054db98adbd@group-F8BBE9FFE6D0->bb53dc84-9509-46ab-9745-0f1d93457633-AppendLogResponseHandler: follower responses appendEntries COMPLETED
2025-09-28 08:46:26,888 [grpc-default-executor-0] WARN  server.GrpcLogAppender (GrpcLogAppender.java:resetClient(237)) - b8386e11-96d4-4625-b991-c054db98adbd@group-F8BBE9FFE6D0->bb53dc84-9509-46ab-9745-0f1d93457633-GrpcLogAppender: Failed to getClient for bb53dc84-9509-46ab-9745-0f1d93457633
org.apache.ratis.protocol.exceptions.AlreadyClosedException: b8386e11-96d4-4625-b991-c054db98adbd is already CLOSED
	at org.apache.ratis.util.PeerProxyMap$PeerAndProxy.getProxy(PeerProxyMap.java:67)
	at org.apache.ratis.util.PeerProxyMap.getProxy(PeerProxyMap.java:124)
	at org.apache.ratis.grpc.server.GrpcLogAppender.getClient(GrpcLogAppender.java:207)
	at org.apache.ratis.grpc.server.GrpcLogAppender.resetClient(GrpcLogAppender.java:212)
	at org.apache.ratis.grpc.server.GrpcLogAppender.access$800(GrpcLogAppender.java:70)
	at org.apache.ratis.grpc.server.GrpcLogAppender$AppendLogResponseHandler.onCompleted(GrpcLogAppender.java:559)
	at org.apache.ratis.thirdparty.io.grpc.stub.ClientCalls$StreamObserverToCallListenerAdapter.onClose(ClientCalls.java:562)
	at org.apache.ratis.thirdparty.io.grpc.internal.ClientCallImpl.closeObserver(ClientCallImpl.java:565)
	at org.apache.ratis.thirdparty.io.grpc.internal.ClientCallImpl.access$100(ClientCallImpl.java:72)
	at org.apache.ratis.thirdparty.io.grpc.internal.ClientCallImpl$ClientStreamListenerImpl$1StreamClosed.runInternal(ClientCallImpl.java:733)
	at org.apache.ratis.thirdparty.io.grpc.internal.ClientCallImpl$ClientStreamListenerImpl$1StreamClosed.runInContext(ClientCallImpl.java:714)
	at org.apache.ratis.thirdparty.io.grpc.internal.ContextRunnable.run(ContextRunnable.java:37)
	at org.apache.ratis.thirdparty.io.grpc.internal.SerializingExecutor.run(SerializingExecutor.java:133)
	at java.base/java.util.concurrent.ThreadPoolExecutor.runWorker(ThreadPoolExecutor.java:1144)
	at java.base/java.util.concurrent.ThreadPoolExecutor$Worker.run(ThreadPoolExecutor.java:642)
	at java.base/java.lang.Thread.run(Thread.java:1583)
2025-09-28 08:46:26,889 [ForkJoinPool-1-worker-1] INFO  server.GrpcServicesImpl (GrpcServicesImpl.java:closeImpl(364)) - b8386e11-96d4-4625-b991-c054db98adbd: shutdown server org.apache.ratis.grpc.server.GrpcClientProtocolService successfully
2025-09-28 08:46:26,889 [ForkJoinPool-1-worker-1] INFO  server.GrpcServicesImpl (GrpcServicesImpl.java:closeImpl(355)) - b8386e11-96d4-4625-b991-c054db98adbd: shutdown server GrpcServerProtocolService now
2025-09-28 08:46:26,882 [grpc-default-executor-8] WARN  server.GrpcLogAppender (GrpcLogAppender.java:resetClient(237)) - b8386e11-96d4-4625-b991-c054db98adbd@group-F8BBE9FFE6D0->9962ec60-824d-4b5c-b72c-a80d9f5353d3-GrpcLogAppender: Failed to getClient for 9962ec60-824d-4b5c-b72c-a80d9f5353d3
org.apache.ratis.protocol.exceptions.AlreadyClosedException: b8386e11-96d4-4625-b991-c054db98adbd is already CLOSED
	at org.apache.ratis.util.PeerProxyMap$PeerAndProxy.getProxy(PeerProxyMap.java:67)
	at org.apache.ratis.util.PeerProxyMap.getProxy(PeerProxyMap.java:124)
	at org.apache.ratis.grpc.server.GrpcLogAppender.getClient(GrpcLogAppender.java:207)
	at org.apache.ratis.grpc.server.GrpcLogAppender.resetClient(GrpcLogAppender.java:212)
	at org.apache.ratis.grpc.server.GrpcLogAppender.access$800(GrpcLogAppender.java:70)
	at org.apache.ratis.grpc.server.GrpcLogAppender$AppendLogResponseHandler.onCompleted(GrpcLogAppender.java:559)
	at org.apache.ratis.thirdparty.io.grpc.stub.ClientCalls$StreamObserverToCallListenerAdapter.onClose(ClientCalls.java:562)
	at org.apache.ratis.thirdparty.io.grpc.internal.ClientCallImpl.closeObserver(ClientCallImpl.java:565)
	at org.apache.ratis.thirdparty.io.grpc.internal.ClientCallImpl.access$100(ClientCallImpl.java:72)
	at org.apache.ratis.thirdparty.io.grpc.internal.ClientCallImpl$ClientStreamListenerImpl$1StreamClosed.runInternal(ClientCallImpl.java:733)
	at org.apache.ratis.thirdparty.io.grpc.internal.ClientCallImpl$ClientStreamListenerImpl$1StreamClosed.runInContext(ClientCallImpl.java:714)
	at org.apache.ratis.thirdparty.io.grpc.internal.ContextRunnable.run(ContextRunnable.java:37)
	at org.apache.ratis.thirdparty.io.grpc.internal.SerializingExecutor.run(SerializingExecutor.java:133)
	at java.base/java.util.concurrent.ThreadPoolExecutor.runWorker(ThreadPoolExecutor.java:1144)
	at java.base/java.util.concurrent.ThreadPoolExecutor$Worker.run(ThreadPoolExecutor.java:642)
	at java.base/java.lang.Thread.run(Thread.java:1583)
2025-09-28 08:46:26,890 [ForkJoinPool-1-worker-1] INFO  server.GrpcServicesImpl (GrpcServicesImpl.java:closeImpl(364)) - b8386e11-96d4-4625-b991-c054db98adbd: shutdown server GrpcServerProtocolService successfully
2025-09-28 08:46:26,890 [ForkJoinPool-1-worker-1] INFO  server.GrpcServicesImpl (GrpcServicesImpl.java:closeImpl(355)) - b8386e11-96d4-4625-b991-c054db98adbd: shutdown server org.apache.ratis.grpc.server.GrpcAdminProtocolService now
2025-09-28 08:46:26,889 [9962ec60-824d-4b5c-b72c-a80d9f5353d3@group-C51117D219B2-cacheEviction-AwaitToRun] INFO  util.AwaitToRun (AwaitToRun.java:run(49)) - 9962ec60-824d-4b5c-b72c-a80d9f5353d3@group-C51117D219B2-cacheEviction-AwaitToRun-AwaitForSignal is interrupted
2025-09-28 08:46:26,890 [ForkJoinPool-1-worker-2] INFO  server.GrpcServicesImpl (GrpcServicesImpl.java:closeImpl(364)) - 9962ec60-824d-4b5c-b72c-a80d9f5353d3: shutdown server GrpcServerProtocolService successfully
2025-09-28 08:46:26,891 [ForkJoinPool-1-worker-2] INFO  server.GrpcServicesImpl (GrpcServicesImpl.java:closeImpl(355)) - 9962ec60-824d-4b5c-b72c-a80d9f5353d3: shutdown server org.apache.ratis.grpc.server.GrpcAdminProtocolService now
2025-09-28 08:46:26,893 [ForkJoinPool-1-worker-2] INFO  server.GrpcServicesImpl (GrpcServicesImpl.java:closeImpl(364)) - 9962ec60-824d-4b5c-b72c-a80d9f5353d3: shutdown server org.apache.ratis.grpc.server.GrpcAdminProtocolService successfully
2025-09-28 08:46:26,886 [9962ec60-824d-4b5c-b72c-a80d9f5353d3@group-F8BBE9FFE6D0-StateMachineUpdater] INFO  impl.StateMachineUpdater (StateMachineUpdater.java:stop(140)) - 9962ec60-824d-4b5c-b72c-a80d9f5353d3@group-F8BBE9FFE6D0-StateMachineUpdater: closing ContainerStateMachine, lastApplied=(t:1, i:6)
2025-09-28 08:46:26,886 [9962ec60-824d-4b5c-b72c-a80d9f5353d3@group-71444778A42C-cacheEviction-AwaitToRun] INFO  util.AwaitToRun (AwaitToRun.java:run(49)) - 9962ec60-824d-4b5c-b72c-a80d9f5353d3@group-71444778A42C-cacheEviction-AwaitToRun-AwaitForSignal is interrupted
2025-09-28 08:46:26,894 [9962ec60-824d-4b5c-b72c-a80d9f5353d3@group-F8BBE9FFE6D0-cacheEviction-AwaitToRun] INFO  util.AwaitToRun (AwaitToRun.java:run(49)) - 9962ec60-824d-4b5c-b72c-a80d9f5353d3@group-F8BBE9FFE6D0-cacheEviction-AwaitToRun-AwaitForSignal is interrupted
2025-09-28 08:46:26,893 [ForkJoinPool-1-worker-1] INFO  server.GrpcServicesImpl (GrpcServicesImpl.java:closeImpl(364)) - b8386e11-96d4-4625-b991-c054db98adbd: shutdown server org.apache.ratis.grpc.server.GrpcAdminProtocolService successfully
2025-09-28 08:46:26,895 [9962ec60-824d-4b5c-b72c-a80d9f5353d3-NettyServerStreamRpc-bossGroup--thread1] INFO  logging.LoggingHandler (AbstractInternalLogger.java:log(148)) - [id: 0x80402204, L:/0.0.0.0:15016] CLOSE
2025-09-28 08:46:26,895 [9962ec60-824d-4b5c-b72c-a80d9f5353d3-NettyServerStreamRpc-bossGroup--thread1] INFO  logging.LoggingHandler (AbstractInternalLogger.java:log(148)) - [id: 0x80402204, L:/0.0.0.0:15016] INACTIVE
2025-09-28 08:46:26,895 [9962ec60-824d-4b5c-b72c-a80d9f5353d3-NettyServerStreamRpc-bossGroup--thread1] INFO  logging.LoggingHandler (AbstractInternalLogger.java:log(148)) - [id: 0x80402204, L:/0.0.0.0:15016] UNREGISTERED
2025-09-28 08:46:26,896 [bb53dc84-9509-46ab-9745-0f1d93457633-CreatePipelineCommandHandlerThread-0] WARN  commandhandler.CreatePipelineCommandHandler (CreatePipelineCommandHandler.java:lambda$handle$1(138)) - Add group failed for 9962ec60-824d-4b5c-b72c-a80d9f5353d3(localhost/127.0.0.1)
org.apache.ratis.protocol.exceptions.AlreadyClosedException: 9962ec60-824d-4b5c-b72c-a80d9f5353d3: Failed to add group-D9881DADD006:[b8386e11-96d4-4625-b991-c054db98adbd|127.0.0.1:15023, 9962ec60-824d-4b5c-b72c-a80d9f5353d3|127.0.0.1:15015, bb53dc84-9509-46ab-9745-0f1d93457633|127.0.0.1:15031] since the server is already closed
	at org.apache.ratis.server.impl.RaftServerProxy$ImplMap.addNew(RaftServerProxy.java:95)
	at org.apache.ratis.server.impl.RaftServerProxy.groupAddAsync(RaftServerProxy.java:512)
	at org.apache.ratis.server.impl.RaftServerProxy.groupManagementAsync(RaftServerProxy.java:495)
	at org.apache.ratis.grpc.server.GrpcAdminProtocolService.lambda$groupManagement$0(GrpcAdminProtocolService.java:51)
	at org.apache.ratis.grpc.GrpcUtil.asyncCall(GrpcUtil.java:172)
	at org.apache.ratis.grpc.server.GrpcAdminProtocolService.groupManagement(GrpcAdminProtocolService.java:51)
	at org.apache.ratis.proto.grpc.AdminProtocolServiceGrpc$MethodHandlers.invoke(AdminProtocolServiceGrpc.java:701)
	at org.apache.ratis.thirdparty.io.grpc.stub.ServerCalls$UnaryServerCallHandler$UnaryServerCallListener.onHalfClose(ServerCalls.java:182)
	at org.apache.ratis.thirdparty.io.grpc.internal.ServerCallImpl$ServerStreamListenerImpl.halfClosed(ServerCallImpl.java:356)
	at org.apache.ratis.thirdparty.io.grpc.internal.ServerImpl$JumpToApplicationThreadServerStreamListener$1HalfClosed.runInContext(ServerImpl.java:861)
	at org.apache.ratis.thirdparty.io.grpc.internal.ContextRunnable.run(ContextRunnable.java:37)
	at org.apache.ratis.thirdparty.io.grpc.internal.SerializingExecutor.run(SerializingExecutor.java:133)
	at java.base/java.util.concurrent.ThreadPoolExecutor.runWorker(ThreadPoolExecutor.java:1144)
	at java.base/java.util.concurrent.ThreadPoolExecutor$Worker.run(ThreadPoolExecutor.java:642)
	at java.base/java.lang.Thread.run(Thread.java:1583)
2025-09-28 08:46:26,905 [b8386e11-96d4-4625-b991-c054db98adbd-NettyServerStreamRpc-bossGroup--thread1] INFO  logging.LoggingHandler (AbstractInternalLogger.java:log(148)) - [id: 0x6f66fc4b, L:/0.0.0.0:15024] CLOSE
2025-09-28 08:46:26,905 [b8386e11-96d4-4625-b991-c054db98adbd-NettyServerStreamRpc-bossGroup--thread1] INFO  logging.LoggingHandler (AbstractInternalLogger.java:log(148)) - [id: 0x6f66fc4b, L:/0.0.0.0:15024] INACTIVE
2025-09-28 08:46:26,905 [b8386e11-96d4-4625-b991-c054db98adbd-NettyServerStreamRpc-bossGroup--thread1] INFO  logging.LoggingHandler (AbstractInternalLogger.java:log(148)) - [id: 0x6f66fc4b, L:/0.0.0.0:15024] UNREGISTERED
2025-09-28 08:46:27,471 [b8386e11-96d4-4625-b991-c054db98adbd-impl-thread1] INFO  segmented.SegmentedRaftLogWorker (SegmentedRaftLogWorker.java:close(254)) - b8386e11-96d4-4625-b991-c054db98adbd@group-2A77E6FE4889-SegmentedRaftLogWorker close()
2025-09-28 08:46:27,471 [b8386e11-96d4-4625-b991-c054db98adbd-impl-thread1] INFO  ratis.ContainerStateMachine (ContainerStateMachine.java:notifyServerShutdown(1038)) - group-2A77E6FE4889 is closed by HddsDatanodeService
2025-09-28 08:46:27,638 [9962ec60-824d-4b5c-b72c-a80d9f5353d3-impl-thread2] INFO  segmented.SegmentedRaftLogWorker (SegmentedRaftLogWorker.java:close(254)) - 9962ec60-824d-4b5c-b72c-a80d9f5353d3@group-F8BBE9FFE6D0-SegmentedRaftLogWorker close()
2025-09-28 08:46:27,638 [9962ec60-824d-4b5c-b72c-a80d9f5353d3-impl-thread2] INFO  ratis.ContainerStateMachine (ContainerStateMachine.java:notifyServerShutdown(1038)) - group-F8BBE9FFE6D0 is closed by HddsDatanodeService
2025-09-28 08:46:27,665 [9962ec60-824d-4b5c-b72c-a80d9f5353d3-impl-thread3] INFO  segmented.SegmentedRaftLogWorker (SegmentedRaftLogWorker.java:close(254)) - 9962ec60-824d-4b5c-b72c-a80d9f5353d3@group-71444778A42C-SegmentedRaftLogWorker close()
2025-09-28 08:46:27,665 [9962ec60-824d-4b5c-b72c-a80d9f5353d3-impl-thread3] INFO  ratis.ContainerStateMachine (ContainerStateMachine.java:notifyServerShutdown(1038)) - group-71444778A42C is closed by HddsDatanodeService
2025-09-28 08:46:27,706 [9962ec60-824d-4b5c-b72c-a80d9f5353d3-impl-thread1] INFO  segmented.SegmentedRaftLogWorker (SegmentedRaftLogWorker.java:close(254)) - 9962ec60-824d-4b5c-b72c-a80d9f5353d3@group-C51117D219B2-SegmentedRaftLogWorker close()
2025-09-28 08:46:27,707 [9962ec60-824d-4b5c-b72c-a80d9f5353d3-impl-thread1] INFO  ratis.ContainerStateMachine (ContainerStateMachine.java:notifyServerShutdown(1038)) - group-C51117D219B2 is closed by HddsDatanodeService
2025-09-28 08:46:27,707 [JvmPauseMonitor6] INFO  util.JvmPauseMonitor (JvmPauseMonitor.java:run(152)) - JvmPauseMonitor-9962ec60-824d-4b5c-b72c-a80d9f5353d3: Stopped
2025-09-28 08:46:27,708 [b8386e11-96d4-4625-b991-c054db98adbd-impl-thread2] INFO  segmented.SegmentedRaftLogWorker (SegmentedRaftLogWorker.java:close(254)) - b8386e11-96d4-4625-b991-c054db98adbd@group-C51117D219B2-SegmentedRaftLogWorker close()
2025-09-28 08:46:27,709 [b8386e11-96d4-4625-b991-c054db98adbd-impl-thread2] INFO  ratis.ContainerStateMachine (ContainerStateMachine.java:notifyServerShutdown(1038)) - group-C51117D219B2 is closed by HddsDatanodeService
2025-09-28 08:46:27,789 [b8386e11-96d4-4625-b991-c054db98adbd-impl-thread3] INFO  segmented.SegmentedRaftLogWorker (SegmentedRaftLogWorker.java:close(254)) - b8386e11-96d4-4625-b991-c054db98adbd@group-F8BBE9FFE6D0-SegmentedRaftLogWorker close()
2025-09-28 08:46:27,789 [b8386e11-96d4-4625-b991-c054db98adbd-impl-thread3] INFO  ratis.ContainerStateMachine (ContainerStateMachine.java:notifyServerShutdown(1038)) - group-F8BBE9FFE6D0 is closed by HddsDatanodeService
2025-09-28 08:46:27,789 [JvmPauseMonitor4] INFO  util.JvmPauseMonitor (JvmPauseMonitor.java:run(152)) - JvmPauseMonitor-b8386e11-96d4-4625-b991-c054db98adbd: Stopped
2025-09-28 08:46:28,016 [bb53dc84-9509-46ab-9745-0f1d93457633@group-D9881DADD006-FollowerState] INFO  impl.FollowerState (FollowerState.java:runImpl(161)) - bb53dc84-9509-46ab-9745-0f1d93457633@group-D9881DADD006-FollowerState: change to CANDIDATE, lastRpcElapsedTime:1163616284ns, electionTimeout:1163ms
2025-09-28 08:46:28,016 [bb53dc84-9509-46ab-9745-0f1d93457633@group-D9881DADD006-FollowerState] INFO  impl.RoleInfo (RoleInfo.java:shutdownFollowerState(121)) - bb53dc84-9509-46ab-9745-0f1d93457633: shutdown bb53dc84-9509-46ab-9745-0f1d93457633@group-D9881DADD006-FollowerState
2025-09-28 08:46:28,016 [bb53dc84-9509-46ab-9745-0f1d93457633@group-D9881DADD006-FollowerState] INFO  server.RaftServer$Division (RaftServerImpl.java:setRole(392)) - bb53dc84-9509-46ab-9745-0f1d93457633@group-D9881DADD006: changes role from  FOLLOWER to CANDIDATE at term 0 for changeToCandidate
2025-09-28 08:46:28,016 [bb53dc84-9509-46ab-9745-0f1d93457633@group-D9881DADD006-FollowerState] INFO  impl.RoleInfo (RoleInfo.java:updateAndGet(148)) - bb53dc84-9509-46ab-9745-0f1d93457633: start bb53dc84-9509-46ab-9745-0f1d93457633@group-D9881DADD006-LeaderElection12
2025-09-28 08:46:28,017 [bb53dc84-9509-46ab-9745-0f1d93457633@group-D9881DADD006-LeaderElection12] INFO  impl.LeaderElection (LeaderElection.java:askForVotes(448)) - bb53dc84-9509-46ab-9745-0f1d93457633@group-D9881DADD006-LeaderElection12 PRE_VOTE round 0: submit vote requests at term 0 for conf: {index: -1, cur=peers:[b8386e11-96d4-4625-b991-c054db98adbd|127.0.0.1:15023, 9962ec60-824d-4b5c-b72c-a80d9f5353d3|127.0.0.1:15015, bb53dc84-9509-46ab-9745-0f1d93457633|127.0.0.1:15031]|listeners:[], old=null}
2025-09-28 08:46:28,017 [bb53dc84-9509-46ab-9745-0f1d93457633@group-D9881DADD006-LeaderElection12-1] INFO  server.GrpcServerProtocolClient (GrpcServerProtocolClient.java:<init>(65)) - Build channel for b8386e11-96d4-4625-b991-c054db98adbd|127.0.0.1:15023
2025-09-28 08:46:28,017 [bb53dc84-9509-46ab-9745-0f1d93457633@group-D9881DADD006-LeaderElection12-2] INFO  server.GrpcServerProtocolClient (GrpcServerProtocolClient.java:<init>(65)) - Build channel for 9962ec60-824d-4b5c-b72c-a80d9f5353d3|127.0.0.1:15015
2025-09-28 08:46:28,021 [bb53dc84-9509-46ab-9745-0f1d93457633@group-D9881DADD006-LeaderElection12] INFO  impl.LeaderElection (LogUtils.java:infoOrTrace(142)) - bb53dc84-9509-46ab-9745-0f1d93457633@group-D9881DADD006-LeaderElection12 got exception when requesting votes: java.util.concurrent.ExecutionException: org.apache.ratis.thirdparty.io.grpc.StatusRuntimeException: UNAVAILABLE: io exception
2025-09-28 08:46:28,021 [bb53dc84-9509-46ab-9745-0f1d93457633@group-D9881DADD006-LeaderElection12] INFO  impl.LeaderElection (LogUtils.java:infoOrTrace(142)) - bb53dc84-9509-46ab-9745-0f1d93457633@group-D9881DADD006-LeaderElection12 got exception when requesting votes: java.util.concurrent.ExecutionException: org.apache.ratis.thirdparty.io.grpc.StatusRuntimeException: UNAVAILABLE: io exception
2025-09-28 08:46:28,021 [bb53dc84-9509-46ab-9745-0f1d93457633@group-D9881DADD006-LeaderElection12] INFO  impl.LeaderElection (LeaderElection.java:logAndReturn(206)) - bb53dc84-9509-46ab-9745-0f1d93457633@group-D9881DADD006-LeaderElection12: PRE_VOTE REJECTED received 0 response(s) and 2 exception(s):
2025-09-28 08:46:28,021 [bb53dc84-9509-46ab-9745-0f1d93457633@group-D9881DADD006-LeaderElection12] INFO  impl.LeaderElection (LogUtils.java:infoOrTrace(142)) -   Exception 0: java.util.concurrent.ExecutionException: org.apache.ratis.thirdparty.io.grpc.StatusRuntimeException: UNAVAILABLE: io exception
2025-09-28 08:46:28,021 [bb53dc84-9509-46ab-9745-0f1d93457633@group-D9881DADD006-LeaderElection12] INFO  impl.LeaderElection (LogUtils.java:infoOrTrace(142)) -   Exception 1: java.util.concurrent.ExecutionException: org.apache.ratis.thirdparty.io.grpc.StatusRuntimeException: UNAVAILABLE: io exception
2025-09-28 08:46:28,021 [bb53dc84-9509-46ab-9745-0f1d93457633@group-D9881DADD006-LeaderElection12] INFO  impl.LeaderElection (LeaderElection.java:askForVotes(450)) - bb53dc84-9509-46ab-9745-0f1d93457633@group-D9881DADD006-LeaderElection12 PRE_VOTE round 0: result REJECTED
2025-09-28 08:46:28,021 [bb53dc84-9509-46ab-9745-0f1d93457633@group-D9881DADD006-LeaderElection12] INFO  server.RaftServer$Division (RaftServerImpl.java:setRole(392)) - bb53dc84-9509-46ab-9745-0f1d93457633@group-D9881DADD006: changes role from CANDIDATE to FOLLOWER at term 0 for REJECTED
2025-09-28 08:46:28,021 [bb53dc84-9509-46ab-9745-0f1d93457633@group-D9881DADD006-LeaderElection12] INFO  impl.RoleInfo (RoleInfo.java:shutdownLeaderElection(141)) - bb53dc84-9509-46ab-9745-0f1d93457633: shutdown bb53dc84-9509-46ab-9745-0f1d93457633@group-D9881DADD006-LeaderElection12
2025-09-28 08:46:28,022 [bb53dc84-9509-46ab-9745-0f1d93457633@group-D9881DADD006-LeaderElection12] INFO  impl.RoleInfo (RoleInfo.java:updateAndGet(148)) - bb53dc84-9509-46ab-9745-0f1d93457633: start bb53dc84-9509-46ab-9745-0f1d93457633@group-D9881DADD006-FollowerState
2025-09-28 08:46:28,022 [bb53dc84-9509-46ab-9745-0f1d93457633@group-D9881DADD006-LeaderElection12] INFO  server.RaftServer$Division (RaftServerImpl.java:setFirstElection(576)) - bb53dc84-9509-46ab-9745-0f1d93457633@group-D9881DADD006: set firstElectionSinceStartup to false for REJECTED
2025-09-28 08:46:29,161 [bb53dc84-9509-46ab-9745-0f1d93457633@group-D9881DADD006-FollowerState] INFO  impl.FollowerState (FollowerState.java:runImpl(161)) - bb53dc84-9509-46ab-9745-0f1d93457633@group-D9881DADD006-FollowerState: change to CANDIDATE, lastRpcElapsedTime:1139360297ns, electionTimeout:1139ms
2025-09-28 08:46:29,161 [bb53dc84-9509-46ab-9745-0f1d93457633@group-D9881DADD006-FollowerState] INFO  impl.RoleInfo (RoleInfo.java:shutdownFollowerState(121)) - bb53dc84-9509-46ab-9745-0f1d93457633: shutdown bb53dc84-9509-46ab-9745-0f1d93457633@group-D9881DADD006-FollowerState
2025-09-28 08:46:29,161 [bb53dc84-9509-46ab-9745-0f1d93457633@group-D9881DADD006-FollowerState] INFO  server.RaftServer$Division (RaftServerImpl.java:setRole(392)) - bb53dc84-9509-46ab-9745-0f1d93457633@group-D9881DADD006: changes role from  FOLLOWER to CANDIDATE at term 0 for changeToCandidate
2025-09-28 08:46:29,162 [bb53dc84-9509-46ab-9745-0f1d93457633@group-D9881DADD006-FollowerState] INFO  impl.RoleInfo (RoleInfo.java:updateAndGet(148)) - bb53dc84-9509-46ab-9745-0f1d93457633: start bb53dc84-9509-46ab-9745-0f1d93457633@group-D9881DADD006-LeaderElection13
2025-09-28 08:46:29,162 [bb53dc84-9509-46ab-9745-0f1d93457633@group-D9881DADD006-LeaderElection13] INFO  impl.LeaderElection (LeaderElection.java:askForVotes(448)) - bb53dc84-9509-46ab-9745-0f1d93457633@group-D9881DADD006-LeaderElection13 PRE_VOTE round 0: submit vote requests at term 0 for conf: {index: -1, cur=peers:[b8386e11-96d4-4625-b991-c054db98adbd|127.0.0.1:15023, 9962ec60-824d-4b5c-b72c-a80d9f5353d3|127.0.0.1:15015, bb53dc84-9509-46ab-9745-0f1d93457633|127.0.0.1:15031]|listeners:[], old=null}
2025-09-28 08:46:29,163 [bb53dc84-9509-46ab-9745-0f1d93457633@group-D9881DADD006-LeaderElection13] INFO  impl.LeaderElection (LogUtils.java:infoOrTrace(142)) - bb53dc84-9509-46ab-9745-0f1d93457633@group-D9881DADD006-LeaderElection13 got exception when requesting votes: java.util.concurrent.ExecutionException: org.apache.ratis.thirdparty.io.grpc.StatusRuntimeException: UNAVAILABLE: io exception
2025-09-28 08:46:29,163 [bb53dc84-9509-46ab-9745-0f1d93457633@group-D9881DADD006-LeaderElection13] INFO  impl.LeaderElection (LogUtils.java:infoOrTrace(142)) - bb53dc84-9509-46ab-9745-0f1d93457633@group-D9881DADD006-LeaderElection13 got exception when requesting votes: java.util.concurrent.ExecutionException: org.apache.ratis.thirdparty.io.grpc.StatusRuntimeException: UNAVAILABLE: io exception
2025-09-28 08:46:29,163 [bb53dc84-9509-46ab-9745-0f1d93457633@group-D9881DADD006-LeaderElection13] INFO  impl.LeaderElection (LeaderElection.java:logAndReturn(206)) - bb53dc84-9509-46ab-9745-0f1d93457633@group-D9881DADD006-LeaderElection13: PRE_VOTE REJECTED received 0 response(s) and 2 exception(s):
2025-09-28 08:46:29,163 [bb53dc84-9509-46ab-9745-0f1d93457633@group-D9881DADD006-LeaderElection13] INFO  impl.LeaderElection (LogUtils.java:infoOrTrace(142)) -   Exception 0: java.util.concurrent.ExecutionException: org.apache.ratis.thirdparty.io.grpc.StatusRuntimeException: UNAVAILABLE: io exception
2025-09-28 08:46:29,163 [bb53dc84-9509-46ab-9745-0f1d93457633@group-D9881DADD006-LeaderElection13] INFO  impl.LeaderElection (LogUtils.java:infoOrTrace(142)) -   Exception 1: java.util.concurrent.ExecutionException: org.apache.ratis.thirdparty.io.grpc.StatusRuntimeException: UNAVAILABLE: io exception
2025-09-28 08:46:29,163 [bb53dc84-9509-46ab-9745-0f1d93457633@group-D9881DADD006-LeaderElection13] INFO  impl.LeaderElection (LeaderElection.java:askForVotes(450)) - bb53dc84-9509-46ab-9745-0f1d93457633@group-D9881DADD006-LeaderElection13 PRE_VOTE round 0: result REJECTED
2025-09-28 08:46:29,163 [bb53dc84-9509-46ab-9745-0f1d93457633@group-D9881DADD006-LeaderElection13] INFO  server.RaftServer$Division (RaftServerImpl.java:setRole(392)) - bb53dc84-9509-46ab-9745-0f1d93457633@group-D9881DADD006: changes role from CANDIDATE to FOLLOWER at term 0 for REJECTED
2025-09-28 08:46:29,163 [bb53dc84-9509-46ab-9745-0f1d93457633@group-D9881DADD006-LeaderElection13] INFO  impl.RoleInfo (RoleInfo.java:shutdownLeaderElection(141)) - bb53dc84-9509-46ab-9745-0f1d93457633: shutdown bb53dc84-9509-46ab-9745-0f1d93457633@group-D9881DADD006-LeaderElection13
2025-09-28 08:46:29,163 [bb53dc84-9509-46ab-9745-0f1d93457633@group-D9881DADD006-LeaderElection13] INFO  impl.RoleInfo (RoleInfo.java:updateAndGet(148)) - bb53dc84-9509-46ab-9745-0f1d93457633: start bb53dc84-9509-46ab-9745-0f1d93457633@group-D9881DADD006-FollowerState
2025-09-28 08:46:29,710 [ForkJoinPool-1-worker-2] INFO  utils.DatanodeStoreCache (DatanodeStoreCache.java:shutdownCache(110)) - Skip clearing cache in mini cluster mode. Entries left: [/home/runner/work/ozone/ozone/hadoop-ozone/integration-test/target/test-dir/MiniOzoneClusterImpl-6c2de427-7485-43c3-b878-dcc0cf80ac7a/ozone-metadata/datanode-1/data-0/hdds/6c2de427-7485-43c3-b878-dcc0cf80ac7a/DS-2bd9a162-4bd4-4dbd-ada1-e21e22f6f8b2/container.db, /home/runner/work/ozone/ozone/hadoop-ozone/integration-test/target/test-dir/MiniOzoneClusterImpl-6c2de427-7485-43c3-b878-dcc0cf80ac7a/ozone-metadata/datanode-2/data-0/hdds/6c2de427-7485-43c3-b878-dcc0cf80ac7a/DS-f41f83e1-12cd-4baa-b9f3-fb95eeb4a82c/container.db, /home/runner/work/ozone/ozone/hadoop-ozone/integration-test/target/test-dir/MiniOzoneClusterImpl-6c2de427-7485-43c3-b878-dcc0cf80ac7a/ozone-metadata/datanode-3/data-0/hdds/6c2de427-7485-43c3-b878-dcc0cf80ac7a/DS-c97308f0-1143-4fa4-ae2a-0b1d4b75f11c/container.db]
2025-09-28 08:46:29,712 [ForkJoinPool-1-worker-2] INFO  utils.DatanodeStoreCache (DatanodeStoreCache.java:removeDB(104)) - Removed db /home/runner/work/ozone/ozone/hadoop-ozone/integration-test/target/test-dir/MiniOzoneClusterImpl-6c2de427-7485-43c3-b878-dcc0cf80ac7a/ozone-metadata/datanode-1/data-0/hdds/6c2de427-7485-43c3-b878-dcc0cf80ac7a/DS-2bd9a162-4bd4-4dbd-ada1-e21e22f6f8b2/container.db from cache
2025-09-28 08:46:29,712 [ForkJoinPool-1-worker-2] INFO  volume.HddsVolume (HddsVolume.java:closeDbStore(609)) - SchemaV3 db is stopped at /home/runner/work/ozone/ozone/hadoop-ozone/integration-test/target/test-dir/MiniOzoneClusterImpl-6c2de427-7485-43c3-b878-dcc0cf80ac7a/ozone-metadata/datanode-1/data-0/hdds/6c2de427-7485-43c3-b878-dcc0cf80ac7a/DS-2bd9a162-4bd4-4dbd-ada1-e21e22f6f8b2/container.db for volume DS-2bd9a162-4bd4-4dbd-ada1-e21e22f6f8b2
2025-09-28 08:46:29,712 [ForkJoinPool-1-worker-2] INFO  utils.BackgroundService (BackgroundService.java:shutdown(195)) - Shutting down service BlockDeletingService
2025-09-28 08:46:29,713 [ForkJoinPool-1-worker-2] INFO  utils.BackgroundService (BackgroundService.java:shutdown(195)) - Shutting down service StaleRecoveringContainerScrubbingService
2025-09-28 08:46:29,713 [ForkJoinPool-1-worker-2] INFO  statemachine.DatanodeStateMachine (DatanodeStateMachine.java:stopDaemon(654)) - Ozone container server stopped.
2025-09-28 08:46:29,720 [ForkJoinPool-1-worker-2] INFO  handler.ContextHandler (ContextHandler.java:doStop(1159)) - Stopped o.e.j.w.WebAppContext@693c4fae{hddsDatanode,/,null,STOPPED}{jar:file:/home/runner/work/ozone/ozone/hadoop-hdds/container-service/target/hdds-container-service-2.1.0-SNAPSHOT.jar!/webapps/hddsDatanode}
2025-09-28 08:46:29,721 [ForkJoinPool-1-worker-2] INFO  server.AbstractConnector (AbstractConnector.java:doStop(383)) - Stopped ServerConnector@8ec3273{HTTP/1.1, (http/1.1)}{0.0.0.0:15010}
2025-09-28 08:46:29,721 [ForkJoinPool-1-worker-2] INFO  server.session (HouseKeeper.java:stopScavenging(149)) - node0 Stopped scavenging
2025-09-28 08:46:29,721 [ForkJoinPool-1-worker-2] INFO  handler.ContextHandler (ContextHandler.java:doStop(1159)) - Stopped o.e.j.s.ServletContextHandler@2b3d0adf{static,/static,jar:file:/home/runner/work/ozone/ozone/hadoop-hdds/container-service/target/hdds-container-service-2.1.0-SNAPSHOT.jar!/webapps/static,STOPPED}
2025-09-28 08:46:29,721 [ForkJoinPool-1-worker-2] INFO  handler.ContextHandler (ContextHandler.java:doStop(1159)) - Stopped o.e.j.s.ServletContextHandler@129a79a7{logs,/logs,file:///home/runner/work/ozone/ozone/hadoop-ozone/integration-test/target/log,STOPPED}
2025-09-28 08:46:29,722 [ForkJoinPool-1-worker-2] INFO  ozone.HddsDatanodeClientProtocolServer (HddsDatanodeClientProtocolServer.java:stop(82)) - Stopping the RPC server for Client Protocol
2025-09-28 08:46:29,722 [ForkJoinPool-1-worker-2] INFO  ipc.Server (Server.java:stop(3697)) - Stopping server on 15011
2025-09-28 08:46:29,724 [IPC Server listener on 15011] INFO  ipc.Server (Server.java:run(1585)) - Stopping IPC Server listener on 15011
2025-09-28 08:46:29,724 [IPC Server Responder] INFO  ipc.Server (Server.java:run(1718)) - Stopping IPC Server Responder
2025-09-28 08:46:29,759 [EventQueue-StaleNodeForStaleNodeHandler] INFO  node.StaleNodeHandler (StaleNodeHandler.java:onMessage(51)) - Datanode 9962ec60-824d-4b5c-b72c-a80d9f5353d3(localhost/127.0.0.1) moved to stale state. Finalizing its pipelines [Pipeline-d76492a8-86ed-49dc-9e9c-d9881dadd006, Pipeline-53d4c00e-e1b0-426e-9c26-c51117d219b2, Pipeline-e6dd397e-dea0-4554-85a2-71444778a42c, Pipeline-47dbef3c-7dbe-436c-b1c5-8640d4eac9b2, Pipeline-4a65dc13-1cc3-4b8b-aa9e-f318e0b78f87, Pipeline-df70ece9-6c5f-4732-bdaa-f8bbe9ffe6d0]
2025-09-28 08:46:29,761 [EventQueue-StaleNodeForStaleNodeHandler] INFO  pipeline.PipelineManagerImpl (PipelineManagerImpl.java:closePipeline(511)) - Pipeline Pipeline-d76492a8-86ed-49dc-9e9c-d9881dadd006 moved to CLOSED state
2025-09-28 08:46:29,763 [EventQueue-StaleNodeForStaleNodeHandler] INFO  pipeline.PipelineManagerImpl (PipelineManagerImpl.java:closePipeline(511)) - Pipeline Pipeline-47dbef3c-7dbe-436c-b1c5-8640d4eac9b2 moved to CLOSED state
2025-09-28 08:46:29,764 [EventQueue-StaleNodeForStaleNodeHandler] INFO  pipeline.PipelineManagerImpl (PipelineManagerImpl.java:closePipeline(511)) - Pipeline Pipeline-4a65dc13-1cc3-4b8b-aa9e-f318e0b78f87 moved to CLOSED state
2025-09-28 08:46:29,793 [ForkJoinPool-1-worker-1] INFO  utils.DatanodeStoreCache (DatanodeStoreCache.java:shutdownCache(110)) - Skip clearing cache in mini cluster mode. Entries left: [/home/runner/work/ozone/ozone/hadoop-ozone/integration-test/target/test-dir/MiniOzoneClusterImpl-6c2de427-7485-43c3-b878-dcc0cf80ac7a/ozone-metadata/datanode-2/data-0/hdds/6c2de427-7485-43c3-b878-dcc0cf80ac7a/DS-f41f83e1-12cd-4baa-b9f3-fb95eeb4a82c/container.db, /home/runner/work/ozone/ozone/hadoop-ozone/integration-test/target/test-dir/MiniOzoneClusterImpl-6c2de427-7485-43c3-b878-dcc0cf80ac7a/ozone-metadata/datanode-3/data-0/hdds/6c2de427-7485-43c3-b878-dcc0cf80ac7a/DS-c97308f0-1143-4fa4-ae2a-0b1d4b75f11c/container.db]
2025-09-28 08:46:29,794 [ForkJoinPool-1-worker-1] INFO  utils.DatanodeStoreCache (DatanodeStoreCache.java:removeDB(104)) - Removed db /home/runner/work/ozone/ozone/hadoop-ozone/integration-test/target/test-dir/MiniOzoneClusterImpl-6c2de427-7485-43c3-b878-dcc0cf80ac7a/ozone-metadata/datanode-2/data-0/hdds/6c2de427-7485-43c3-b878-dcc0cf80ac7a/DS-f41f83e1-12cd-4baa-b9f3-fb95eeb4a82c/container.db from cache
2025-09-28 08:46:29,794 [ForkJoinPool-1-worker-1] INFO  volume.HddsVolume (HddsVolume.java:closeDbStore(609)) - SchemaV3 db is stopped at /home/runner/work/ozone/ozone/hadoop-ozone/integration-test/target/test-dir/MiniOzoneClusterImpl-6c2de427-7485-43c3-b878-dcc0cf80ac7a/ozone-metadata/datanode-2/data-0/hdds/6c2de427-7485-43c3-b878-dcc0cf80ac7a/DS-f41f83e1-12cd-4baa-b9f3-fb95eeb4a82c/container.db for volume DS-f41f83e1-12cd-4baa-b9f3-fb95eeb4a82c
2025-09-28 08:46:29,795 [ForkJoinPool-1-worker-1] INFO  utils.BackgroundService (BackgroundService.java:shutdown(195)) - Shutting down service BlockDeletingService
2025-09-28 08:46:29,795 [ForkJoinPool-1-worker-1] INFO  utils.BackgroundService (BackgroundService.java:shutdown(195)) - Shutting down service StaleRecoveringContainerScrubbingService
2025-09-28 08:46:29,796 [ForkJoinPool-1-worker-1] INFO  statemachine.DatanodeStateMachine (DatanodeStateMachine.java:stopDaemon(654)) - Ozone container server stopped.
2025-09-28 08:46:29,806 [ForkJoinPool-1-worker-1] INFO  handler.ContextHandler (ContextHandler.java:doStop(1159)) - Stopped o.e.j.w.WebAppContext@4134ddec{hddsDatanode,/,null,STOPPED}{jar:file:/home/runner/work/ozone/ozone/hadoop-hdds/container-service/target/hdds-container-service-2.1.0-SNAPSHOT.jar!/webapps/hddsDatanode}
2025-09-28 08:46:29,807 [ForkJoinPool-1-worker-1] INFO  server.AbstractConnector (AbstractConnector.java:doStop(383)) - Stopped ServerConnector@23c2a9f5{HTTP/1.1, (http/1.1)}{0.0.0.0:15018}
2025-09-28 08:46:29,807 [ForkJoinPool-1-worker-1] INFO  server.session (HouseKeeper.java:stopScavenging(149)) - node0 Stopped scavenging
2025-09-28 08:46:29,807 [ForkJoinPool-1-worker-1] INFO  handler.ContextHandler (ContextHandler.java:doStop(1159)) - Stopped o.e.j.s.ServletContextHandler@35ee1c1c{static,/static,jar:file:/home/runner/work/ozone/ozone/hadoop-hdds/container-service/target/hdds-container-service-2.1.0-SNAPSHOT.jar!/webapps/static,STOPPED}
2025-09-28 08:46:29,807 [ForkJoinPool-1-worker-1] INFO  handler.ContextHandler (ContextHandler.java:doStop(1159)) - Stopped o.e.j.s.ServletContextHandler@3dfb3426{logs,/logs,file:///home/runner/work/ozone/ozone/hadoop-ozone/integration-test/target/log,STOPPED}
2025-09-28 08:46:29,808 [ForkJoinPool-1-worker-1] INFO  ozone.HddsDatanodeClientProtocolServer (HddsDatanodeClientProtocolServer.java:stop(82)) - Stopping the RPC server for Client Protocol
2025-09-28 08:46:29,808 [ForkJoinPool-1-worker-1] INFO  ipc.Server (Server.java:stop(3697)) - Stopping server on 15019
2025-09-28 08:46:29,809 [IPC Server listener on 15019] INFO  ipc.Server (Server.java:run(1585)) - Stopping IPC Server listener on 15019
2025-09-28 08:46:29,810 [IPC Server Responder] INFO  ipc.Server (Server.java:run(1718)) - Stopping IPC Server Responder
2025-09-28 08:46:29,859 [EventQueue-StaleNodeForStaleNodeHandler] INFO  node.StaleNodeHandler (StaleNodeHandler.java:onMessage(51)) - Datanode b8386e11-96d4-4625-b991-c054db98adbd(localhost/127.0.0.1) moved to stale state. Finalizing its pipelines [Pipeline-d76492a8-86ed-49dc-9e9c-d9881dadd006, Pipeline-ef0f5bb4-1fba-4131-8533-2a77e6fe4889, Pipeline-53d4c00e-e1b0-426e-9c26-c51117d219b2, Pipeline-4a65dc13-1cc3-4b8b-aa9e-f318e0b78f87, Pipeline-df70ece9-6c5f-4732-bdaa-f8bbe9ffe6d0]
2025-09-28 08:46:29,861 [EventQueue-StaleNodeForStaleNodeHandler] INFO  pipeline.PipelineManagerImpl (PipelineManagerImpl.java:closePipeline(511)) - Pipeline Pipeline-ef0f5bb4-1fba-4131-8533-2a77e6fe4889 moved to CLOSED state
2025-09-28 08:46:29,861 [EventQueue-StaleNodeForStaleNodeHandler] INFO  node.StaleNodeHandler (StaleNodeHandler.java:onMessage(51)) - Datanode bb53dc84-9509-46ab-9745-0f1d93457633(localhost/127.0.0.1) moved to stale state. Finalizing its pipelines [Pipeline-d76492a8-86ed-49dc-9e9c-d9881dadd006, Pipeline-53d4c00e-e1b0-426e-9c26-c51117d219b2, Pipeline-aac24483-5546-4731-a22b-4c3414b1e6ec, Pipeline-4a65dc13-1cc3-4b8b-aa9e-f318e0b78f87, Pipeline-df70ece9-6c5f-4732-bdaa-f8bbe9ffe6d0]
2025-09-28 08:46:29,863 [EventQueue-StaleNodeForStaleNodeHandler] INFO  pipeline.PipelineManagerImpl (PipelineManagerImpl.java:closePipeline(511)) - Pipeline Pipeline-aac24483-5546-4731-a22b-4c3414b1e6ec moved to CLOSED state
2025-09-28 08:46:31,864 [bb53dc84-9509-46ab-9745-0f1d93457633-CreatePipelineCommandHandlerThread-0] WARN  commandhandler.CreatePipelineCommandHandler (CreatePipelineCommandHandler.java:lambda$handle$1(138)) - Add group failed for b8386e11-96d4-4625-b991-c054db98adbd(localhost/127.0.0.1)
java.io.InterruptedIOException: retry policy=RequestTypeDependentRetryPolicy{WRITE->ExceptionDependentRetry(maxAttempts=2147483647; defaultPolicy=MultipleLinearRandomRetry[5x5s, 5x10s, 5x15s, 5x20s, 5x25s, 10x60s]; map={org.apache.ratis.protocol.exceptions.GroupMismatchException->NoRetry, org.apache.ratis.protocol.exceptions.NotReplicatedException->NoRetry, org.apache.ratis.protocol.exceptions.ResourceUnavailableException->org.apache.ratis.retry.ExponentialBackoffRetry@49c52e17, org.apache.ratis.protocol.exceptions.StateMachineException->NoRetry, org.apache.ratis.protocol.exceptions.TimeoutIOException->org.apache.ratis.retry.ExponentialBackoffRetry@49c52e17}), WATCH->ExceptionDependentRetry(maxAttempts=2147483647; defaultPolicy=MultipleLinearRandomRetry[5x5s, 5x10s, 5x15s, 5x20s, 5x25s, 10x60s]; map={org.apache.ratis.protocol.exceptions.GroupMismatchException->NoRetry, org.apache.ratis.protocol.exceptions.NotReplicatedException->NoRetry, org.apache.ratis.protocol.exceptions.ResourceUnavailableException->org.apache.ratis.retry.ExponentialBackoffRetry@49c52e17, org.apache.ratis.protocol.exceptions.StateMachineException->NoRetry, org.apache.ratis.protocol.exceptions.TimeoutIOException->NoRetry})}
	at org.apache.ratis.client.impl.BlockingImpl.sendRequestWithRetry(BlockingImpl.java:138)
	at org.apache.ratis.client.impl.GroupManagementImpl.add(GroupManagementImpl.java:51)
	at org.apache.ratis.client.api.GroupManagementApi.add(GroupManagementApi.java:40)
	at org.apache.hadoop.ozone.container.common.statemachine.commandhandler.CreatePipelineCommandHandler.lambda$handle$1(CreatePipelineCommandHandler.java:134)
	at java.base/java.util.stream.ForEachOps$ForEachOp$OfRef.accept(ForEachOps.java:184)
	at java.base/java.util.stream.ReferencePipeline$2$1.accept(ReferencePipeline.java:179)
	at java.base/java.util.ArrayList$ArrayListSpliterator.forEachRemaining(ArrayList.java:1708)
	at java.base/java.util.stream.AbstractPipeline.copyInto(AbstractPipeline.java:509)
	at java.base/java.util.stream.AbstractPipeline.wrapAndCopyInto(AbstractPipeline.java:499)
	at java.base/java.util.stream.ForEachOps$ForEachOp.evaluateSequential(ForEachOps.java:151)
	at java.base/java.util.stream.ForEachOps$ForEachOp$OfRef.evaluateSequential(ForEachOps.java:174)
	at java.base/java.util.stream.AbstractPipeline.evaluate(AbstractPipeline.java:234)
	at java.base/java.util.stream.ReferencePipeline.forEach(ReferencePipeline.java:596)
	at org.apache.hadoop.ozone.container.common.statemachine.commandhandler.CreatePipelineCommandHandler.lambda$handle$2(CreatePipelineCommandHandler.java:130)
	at java.base/java.util.concurrent.CompletableFuture$AsyncRun.run(CompletableFuture.java:1804)
	at java.base/java.util.concurrent.ThreadPoolExecutor.runWorker(ThreadPoolExecutor.java:1144)
	at java.base/java.util.concurrent.ThreadPoolExecutor$Worker.run(ThreadPoolExecutor.java:642)
	at java.base/java.lang.Thread.run(Thread.java:1583)
2025-09-28 08:46:31,865 [bb53dc84-9509-46ab-9745-0f1d93457633-CreatePipelineCommandHandlerThread-0] INFO  commandhandler.CreatePipelineCommandHandler (CreatePipelineCommandHandler.java:lambda$handle$2(141)) - Created Pipeline RATIS THREE Pipeline-d76492a8-86ed-49dc-9e9c-d9881dadd006.
2025-09-28 08:46:31,865 [ForkJoinPool-1-worker-4] INFO  ozoneimpl.OzoneContainer (OzoneContainer.java:stop(549)) - Attempting to stop container services.
2025-09-28 08:46:31,865 [ContainerMetadataScanner] WARN  ozoneimpl.AbstractBackgroundContainerScanner (AbstractBackgroundContainerScanner.java:handleRemainingSleep(136)) - Background container scan was interrupted.
2025-09-28 08:46:31,865 [ContainerMetadataScanner] INFO  ozoneimpl.AbstractBackgroundContainerScanner (AbstractBackgroundContainerScanner.java:run(63)) - org.apache.hadoop.ozone.container.ozoneimpl.BackgroundContainerMetadataScanner@55f24fb0 exiting.
2025-09-28 08:46:31,865 [ForkJoinPool-1-worker-4] INFO  ozoneimpl.BackgroundContainerDataScanner (BackgroundContainerDataScanner.java:shutdown(87)) - ContainerDataScanner(/home/runner/work/ozone/ozone/hadoop-ozone/integration-test/target/test-dir/MiniOzoneClusterImpl-6c2de427-7485-43c3-b878-dcc0cf80ac7a/ozone-metadata/datanode-3/data-0/hdds) is shutting down. 
2025-09-28 08:46:31,865 [ContainerDataScanner(/home/runner/work/ozone/ozone/hadoop-ozone/integration-test/target/test-dir/MiniOzoneClusterImpl-6c2de427-7485-43c3-b878-dcc0cf80ac7a/ozone-metadata/datanode-3/data-0/hdds)] WARN  ozoneimpl.AbstractBackgroundContainerScanner (AbstractBackgroundContainerScanner.java:handleRemainingSleep(136)) - Background container scan was interrupted.
2025-09-28 08:46:31,866 [ContainerDataScanner(/home/runner/work/ozone/ozone/hadoop-ozone/integration-test/target/test-dir/MiniOzoneClusterImpl-6c2de427-7485-43c3-b878-dcc0cf80ac7a/ozone-metadata/datanode-3/data-0/hdds)] INFO  ozoneimpl.AbstractBackgroundContainerScanner (AbstractBackgroundContainerScanner.java:run(63)) - ContainerDataScanner(/home/runner/work/ozone/ozone/hadoop-ozone/integration-test/target/test-dir/MiniOzoneClusterImpl-6c2de427-7485-43c3-b878-dcc0cf80ac7a/ozone-metadata/datanode-3/data-0/hdds, DS-c97308f0-1143-4fa4-ae2a-0b1d4b75f11c) exiting.
2025-09-28 08:46:31,866 [ForkJoinPool-1-worker-4] INFO  ozoneimpl.OnDemandContainerScanner (OnDemandContainerScanner.java:shutdown(141)) - On-demand container scanner is shutting down.
2025-09-28 08:46:31,866 [ForkJoinPool-1-worker-4] INFO  ratis.XceiverServerRatis (XceiverServerRatis.java:stop(594)) - Closing XceiverServerRatis(bb53dc84-9509-46ab-9745-0f1d93457633)
2025-09-28 08:46:31,866 [ForkJoinPool-1-worker-4] INFO  server.RaftServer (RaftServerProxy.java:lambda$close$9(422)) - bb53dc84-9509-46ab-9745-0f1d93457633: close
2025-09-28 08:46:31,866 [bb53dc84-9509-46ab-9745-0f1d93457633-impl-thread1] INFO  server.RaftServer$Division (RaftServerImpl.java:lambda$close$1(527)) - bb53dc84-9509-46ab-9745-0f1d93457633@group-D9881DADD006: shutdown
2025-09-28 08:46:31,866 [bb53dc84-9509-46ab-9745-0f1d93457633-impl-thread1] INFO  util.JmxRegister (JmxRegister.java:unregister(74)) - Successfully un-registered JMX Bean with object name Ratis:service=RaftServer,group=group-D9881DADD006,id=bb53dc84-9509-46ab-9745-0f1d93457633
2025-09-28 08:46:31,867 [bb53dc84-9509-46ab-9745-0f1d93457633-impl-thread1] INFO  impl.RoleInfo (RoleInfo.java:shutdownFollowerState(121)) - bb53dc84-9509-46ab-9745-0f1d93457633: shutdown bb53dc84-9509-46ab-9745-0f1d93457633@group-D9881DADD006-FollowerState
2025-09-28 08:46:31,867 [bb53dc84-9509-46ab-9745-0f1d93457633-impl-thread2] INFO  server.RaftServer$Division (RaftServerImpl.java:lambda$close$1(527)) - bb53dc84-9509-46ab-9745-0f1d93457633@group-C51117D219B2: shutdown
2025-09-28 08:46:31,867 [bb53dc84-9509-46ab-9745-0f1d93457633-impl-thread2] INFO  util.JmxRegister (JmxRegister.java:unregister(74)) - Successfully un-registered JMX Bean with object name Ratis:service=RaftServer,group=group-C51117D219B2,id=bb53dc84-9509-46ab-9745-0f1d93457633
2025-09-28 08:46:31,867 [bb53dc84-9509-46ab-9745-0f1d93457633-impl-thread2] INFO  impl.RoleInfo (RoleInfo.java:shutdownFollowerState(121)) - bb53dc84-9509-46ab-9745-0f1d93457633: shutdown bb53dc84-9509-46ab-9745-0f1d93457633@group-C51117D219B2-FollowerState
2025-09-28 08:46:31,867 [bb53dc84-9509-46ab-9745-0f1d93457633-impl-thread2] INFO  impl.StateMachineUpdater (StateMachineUpdater.java:stopAndJoin(163)) - bb53dc84-9509-46ab-9745-0f1d93457633@group-C51117D219B2-StateMachineUpdater: set stopIndex = 1
2025-09-28 08:46:31,867 [bb53dc84-9509-46ab-9745-0f1d93457633@group-C51117D219B2-StateMachineUpdater] INFO  ratis.ContainerStateMachine (ContainerStateMachine.java:takeSnapshot(427)) - group-C51117D219B2: Taking a snapshot at:(t:2, i:1) file /home/runner/work/ozone/ozone/hadoop-ozone/integration-test/target/test-dir/MiniOzoneClusterImpl-6c2de427-7485-43c3-b878-dcc0cf80ac7a/ozone-metadata/datanode-3/ratis/53d4c00e-e1b0-426e-9c26-c51117d219b2/sm/snapshot.2_1
2025-09-28 08:46:31,867 [ForkJoinPool-1-worker-4] INFO  server.GrpcServicesImpl (GrpcServicesImpl.java:closeImpl(355)) - bb53dc84-9509-46ab-9745-0f1d93457633: shutdown server org.apache.ratis.grpc.server.GrpcClientProtocolService now
2025-09-28 08:46:31,867 [bb53dc84-9509-46ab-9745-0f1d93457633@group-D9881DADD006-StateMachineUpdater] INFO  impl.StateMachineUpdater (StateMachineUpdater.java:stop(140)) - bb53dc84-9509-46ab-9745-0f1d93457633@group-D9881DADD006-StateMachineUpdater: closing ContainerStateMachine, lastApplied=<INITIAL_VALUE>
2025-09-28 08:46:31,867 [bb53dc84-9509-46ab-9745-0f1d93457633@group-D9881DADD006-FollowerState] INFO  impl.FollowerState (FollowerState.java:runImpl(170)) - bb53dc84-9509-46ab-9745-0f1d93457633@group-D9881DADD006-FollowerState was interrupted
2025-09-28 08:46:31,867 [bb53dc84-9509-46ab-9745-0f1d93457633-impl-thread1] INFO  impl.StateMachineUpdater (StateMachineUpdater.java:stopAndJoin(163)) - bb53dc84-9509-46ab-9745-0f1d93457633@group-D9881DADD006-StateMachineUpdater: set stopIndex = -1
2025-09-28 08:46:31,867 [bb53dc84-9509-46ab-9745-0f1d93457633@group-C51117D219B2-FollowerState] INFO  impl.FollowerState (FollowerState.java:runImpl(170)) - bb53dc84-9509-46ab-9745-0f1d93457633@group-C51117D219B2-FollowerState was interrupted
2025-09-28 08:46:31,867 [bb53dc84-9509-46ab-9745-0f1d93457633-impl-thread4] INFO  server.RaftServer$Division (RaftServerImpl.java:lambda$close$1(527)) - bb53dc84-9509-46ab-9745-0f1d93457633@group-F8BBE9FFE6D0: shutdown
2025-09-28 08:46:31,868 [bb53dc84-9509-46ab-9745-0f1d93457633-impl-thread4] INFO  util.JmxRegister (JmxRegister.java:unregister(74)) - Successfully un-registered JMX Bean with object name Ratis:service=RaftServer,group=group-F8BBE9FFE6D0,id=bb53dc84-9509-46ab-9745-0f1d93457633
2025-09-28 08:46:31,868 [bb53dc84-9509-46ab-9745-0f1d93457633-impl-thread4] INFO  impl.RoleInfo (RoleInfo.java:shutdownFollowerState(121)) - bb53dc84-9509-46ab-9745-0f1d93457633: shutdown bb53dc84-9509-46ab-9745-0f1d93457633@group-F8BBE9FFE6D0-FollowerState
2025-09-28 08:46:31,868 [bb53dc84-9509-46ab-9745-0f1d93457633-impl-thread4] INFO  impl.StateMachineUpdater (StateMachineUpdater.java:stopAndJoin(163)) - bb53dc84-9509-46ab-9745-0f1d93457633@group-F8BBE9FFE6D0-StateMachineUpdater: set stopIndex = 6
2025-09-28 08:46:31,868 [bb53dc84-9509-46ab-9745-0f1d93457633@group-F8BBE9FFE6D0-StateMachineUpdater] INFO  ratis.ContainerStateMachine (ContainerStateMachine.java:takeSnapshot(427)) - group-F8BBE9FFE6D0: Taking a snapshot at:(t:1, i:6) file /home/runner/work/ozone/ozone/hadoop-ozone/integration-test/target/test-dir/MiniOzoneClusterImpl-6c2de427-7485-43c3-b878-dcc0cf80ac7a/ozone-metadata/datanode-3/ratis/df70ece9-6c5f-4732-bdaa-f8bbe9ffe6d0/sm/snapshot.1_6
2025-09-28 08:46:31,867 [bb53dc84-9509-46ab-9745-0f1d93457633-impl-thread3] INFO  server.RaftServer$Division (RaftServerImpl.java:lambda$close$1(527)) - bb53dc84-9509-46ab-9745-0f1d93457633@group-4C3414B1E6EC: shutdown
2025-09-28 08:46:31,868 [bb53dc84-9509-46ab-9745-0f1d93457633-impl-thread3] INFO  util.JmxRegister (JmxRegister.java:unregister(74)) - Successfully un-registered JMX Bean with object name Ratis:service=RaftServer,group=group-4C3414B1E6EC,id=bb53dc84-9509-46ab-9745-0f1d93457633
2025-09-28 08:46:31,868 [bb53dc84-9509-46ab-9745-0f1d93457633-impl-thread3] INFO  impl.RoleInfo (RoleInfo.java:shutdownLeaderState(103)) - bb53dc84-9509-46ab-9745-0f1d93457633: shutdown bb53dc84-9509-46ab-9745-0f1d93457633@group-4C3414B1E6EC-LeaderStateImpl
2025-09-28 08:46:31,868 [bb53dc84-9509-46ab-9745-0f1d93457633-impl-thread3] INFO  impl.PendingRequests (PendingRequests.java:sendNotLeaderResponses(287)) - bb53dc84-9509-46ab-9745-0f1d93457633@group-4C3414B1E6EC-PendingRequests: sendNotLeaderResponses
2025-09-28 08:46:31,868 [bb53dc84-9509-46ab-9745-0f1d93457633@group-F8BBE9FFE6D0-FollowerState] INFO  impl.FollowerState (FollowerState.java:runImpl(170)) - bb53dc84-9509-46ab-9745-0f1d93457633@group-F8BBE9FFE6D0-FollowerState was interrupted
2025-09-28 08:46:31,869 [Thread-880] INFO  server.GrpcServerProtocolClient (GrpcServerProtocolClient.java:close(105)) - 9962ec60-824d-4b5c-b72c-a80d9f5353d3 Close channels
2025-09-28 08:46:31,869 [bb53dc84-9509-46ab-9745-0f1d93457633-impl-thread3] INFO  impl.StateMachineUpdater (StateMachineUpdater.java:stopAndJoin(163)) - bb53dc84-9509-46ab-9745-0f1d93457633@group-4C3414B1E6EC-StateMachineUpdater: set stopIndex = 0
2025-09-28 08:46:31,868 [Thread-879] INFO  server.GrpcServerProtocolClient (GrpcServerProtocolClient.java:close(105)) - b8386e11-96d4-4625-b991-c054db98adbd Close channels
2025-09-28 08:46:31,868 [bb53dc84-9509-46ab-9745-0f1d93457633@group-D9881DADD006-cacheEviction-AwaitToRun] INFO  util.AwaitToRun (AwaitToRun.java:run(49)) - bb53dc84-9509-46ab-9745-0f1d93457633@group-D9881DADD006-cacheEviction-AwaitToRun-AwaitForSignal is interrupted
2025-09-28 08:46:31,868 [bb53dc84-9509-46ab-9745-0f1d93457633@group-C51117D219B2-StateMachineUpdater] INFO  ratis.ContainerStateMachine (ContainerStateMachine.java:takeSnapshot(436)) - group-C51117D219B2: Finished taking a snapshot at:(t:2, i:1) file:/home/runner/work/ozone/ozone/hadoop-ozone/integration-test/target/test-dir/MiniOzoneClusterImpl-6c2de427-7485-43c3-b878-dcc0cf80ac7a/ozone-metadata/datanode-3/ratis/53d4c00e-e1b0-426e-9c26-c51117d219b2/sm/snapshot.2_1 took: 2 ms
2025-09-28 08:46:31,870 [bb53dc84-9509-46ab-9745-0f1d93457633@group-4C3414B1E6EC-StateMachineUpdater] INFO  ratis.ContainerStateMachine (ContainerStateMachine.java:takeSnapshot(427)) - group-4C3414B1E6EC: Taking a snapshot at:(t:1, i:0) file /home/runner/work/ozone/ozone/hadoop-ozone/integration-test/target/test-dir/MiniOzoneClusterImpl-6c2de427-7485-43c3-b878-dcc0cf80ac7a/ozone-metadata/datanode-3/ratis/aac24483-5546-4731-a22b-4c3414b1e6ec/sm/snapshot.1_0
2025-09-28 08:46:31,870 [ForkJoinPool-1-worker-4] INFO  server.GrpcServicesImpl (GrpcServicesImpl.java:closeImpl(364)) - bb53dc84-9509-46ab-9745-0f1d93457633: shutdown server org.apache.ratis.grpc.server.GrpcClientProtocolService successfully
2025-09-28 08:46:31,870 [ForkJoinPool-1-worker-4] INFO  server.GrpcServicesImpl (GrpcServicesImpl.java:closeImpl(355)) - bb53dc84-9509-46ab-9745-0f1d93457633: shutdown server GrpcServerProtocolService now
2025-09-28 08:46:31,870 [bb53dc84-9509-46ab-9745-0f1d93457633@group-C51117D219B2-StateMachineUpdater] INFO  impl.StateMachineUpdater (StateMachineUpdater.java:takeSnapshot(307)) - bb53dc84-9509-46ab-9745-0f1d93457633@group-C51117D219B2-StateMachineUpdater: Took a snapshot at index 1
2025-09-28 08:46:31,870 [bb53dc84-9509-46ab-9745-0f1d93457633@group-F8BBE9FFE6D0-StateMachineUpdater] INFO  ratis.ContainerStateMachine (ContainerStateMachine.java:takeSnapshot(436)) - group-F8BBE9FFE6D0: Finished taking a snapshot at:(t:1, i:6) file:/home/runner/work/ozone/ozone/hadoop-ozone/integration-test/target/test-dir/MiniOzoneClusterImpl-6c2de427-7485-43c3-b878-dcc0cf80ac7a/ozone-metadata/datanode-3/ratis/df70ece9-6c5f-4732-bdaa-f8bbe9ffe6d0/sm/snapshot.1_6 took: 2 ms
2025-09-28 08:46:31,870 [bb53dc84-9509-46ab-9745-0f1d93457633@group-F8BBE9FFE6D0-StateMachineUpdater] INFO  impl.StateMachineUpdater (StateMachineUpdater.java:takeSnapshot(307)) - bb53dc84-9509-46ab-9745-0f1d93457633@group-F8BBE9FFE6D0-StateMachineUpdater: Took a snapshot at index 6
2025-09-28 08:46:31,871 [bb53dc84-9509-46ab-9745-0f1d93457633@group-C51117D219B2-StateMachineUpdater] INFO  impl.StateMachineUpdater (StateMachineUpdater.java:lambda$new$0(101)) - bb53dc84-9509-46ab-9745-0f1d93457633@group-C51117D219B2-StateMachineUpdater: snapshotIndex: updateIncreasingly -1 -> 1
2025-09-28 08:46:31,871 [bb53dc84-9509-46ab-9745-0f1d93457633@group-F8BBE9FFE6D0-StateMachineUpdater] INFO  impl.StateMachineUpdater (StateMachineUpdater.java:lambda$new$0(101)) - bb53dc84-9509-46ab-9745-0f1d93457633@group-F8BBE9FFE6D0-StateMachineUpdater: snapshotIndex: updateIncreasingly -1 -> 6
2025-09-28 08:46:31,871 [bb53dc84-9509-46ab-9745-0f1d93457633@group-C51117D219B2-StateMachineUpdater] INFO  impl.StateMachineUpdater (StateMachineUpdater.java:stop(140)) - bb53dc84-9509-46ab-9745-0f1d93457633@group-C51117D219B2-StateMachineUpdater: closing ContainerStateMachine, lastApplied=(t:2, i:1)
2025-09-28 08:46:31,871 [bb53dc84-9509-46ab-9745-0f1d93457633@group-F8BBE9FFE6D0-StateMachineUpdater] INFO  impl.StateMachineUpdater (StateMachineUpdater.java:stop(140)) - bb53dc84-9509-46ab-9745-0f1d93457633@group-F8BBE9FFE6D0-StateMachineUpdater: closing ContainerStateMachine, lastApplied=(t:1, i:6)
2025-09-28 08:46:31,871 [bb53dc84-9509-46ab-9745-0f1d93457633@group-4C3414B1E6EC-StateMachineUpdater] INFO  ratis.ContainerStateMachine (ContainerStateMachine.java:takeSnapshot(436)) - group-4C3414B1E6EC: Finished taking a snapshot at:(t:1, i:0) file:/home/runner/work/ozone/ozone/hadoop-ozone/integration-test/target/test-dir/MiniOzoneClusterImpl-6c2de427-7485-43c3-b878-dcc0cf80ac7a/ozone-metadata/datanode-3/ratis/aac24483-5546-4731-a22b-4c3414b1e6ec/sm/snapshot.1_0 took: 2 ms
2025-09-28 08:46:31,871 [ForkJoinPool-1-worker-4] INFO  server.GrpcServicesImpl (GrpcServicesImpl.java:closeImpl(364)) - bb53dc84-9509-46ab-9745-0f1d93457633: shutdown server GrpcServerProtocolService successfully
2025-09-28 08:46:31,871 [ForkJoinPool-1-worker-4] INFO  server.GrpcServicesImpl (GrpcServicesImpl.java:closeImpl(355)) - bb53dc84-9509-46ab-9745-0f1d93457633: shutdown server org.apache.ratis.grpc.server.GrpcAdminProtocolService now
2025-09-28 08:46:31,871 [bb53dc84-9509-46ab-9745-0f1d93457633@group-4C3414B1E6EC-StateMachineUpdater] INFO  impl.StateMachineUpdater (StateMachineUpdater.java:takeSnapshot(307)) - bb53dc84-9509-46ab-9745-0f1d93457633@group-4C3414B1E6EC-StateMachineUpdater: Took a snapshot at index 0
2025-09-28 08:46:31,872 [bb53dc84-9509-46ab-9745-0f1d93457633@group-4C3414B1E6EC-StateMachineUpdater] INFO  impl.StateMachineUpdater (StateMachineUpdater.java:lambda$new$0(101)) - bb53dc84-9509-46ab-9745-0f1d93457633@group-4C3414B1E6EC-StateMachineUpdater: snapshotIndex: updateIncreasingly -1 -> 0
2025-09-28 08:46:31,872 [bb53dc84-9509-46ab-9745-0f1d93457633@group-4C3414B1E6EC-StateMachineUpdater] INFO  impl.StateMachineUpdater (StateMachineUpdater.java:stop(140)) - bb53dc84-9509-46ab-9745-0f1d93457633@group-4C3414B1E6EC-StateMachineUpdater: closing ContainerStateMachine, lastApplied=(t:1, i:0)
2025-09-28 08:46:31,873 [bb53dc84-9509-46ab-9745-0f1d93457633@group-F8BBE9FFE6D0-cacheEviction-AwaitToRun] INFO  util.AwaitToRun (AwaitToRun.java:run(49)) - bb53dc84-9509-46ab-9745-0f1d93457633@group-F8BBE9FFE6D0-cacheEviction-AwaitToRun-AwaitForSignal is interrupted
2025-09-28 08:46:31,873 [bb53dc84-9509-46ab-9745-0f1d93457633@group-C51117D219B2-cacheEviction-AwaitToRun] INFO  util.AwaitToRun (AwaitToRun.java:run(49)) - bb53dc84-9509-46ab-9745-0f1d93457633@group-C51117D219B2-cacheEviction-AwaitToRun-AwaitForSignal is interrupted
2025-09-28 08:46:31,873 [timer0] INFO  server.GrpcServerProtocolService (GrpcServerProtocolService.java:lambda$null$7(175)) - b8386e11-96d4-4625-b991-c054db98adbd: Completed APPEND_ENTRIES, lastReply: null  (Repeated 2 times in the last 5.000s)
2025-09-28 08:46:31,873 [bb53dc84-9509-46ab-9745-0f1d93457633@group-4C3414B1E6EC-cacheEviction-AwaitToRun] INFO  util.AwaitToRun (AwaitToRun.java:run(49)) - bb53dc84-9509-46ab-9745-0f1d93457633@group-4C3414B1E6EC-cacheEviction-AwaitToRun-AwaitForSignal is interrupted
2025-09-28 08:46:31,873 [timer7] INFO  server.GrpcServerProtocolService (GrpcServerProtocolService.java:lambda$onCompleted$6(171)) - b8386e11-96d4-4625-b991-c054db98adbd: Completed APPEND_ENTRIES, lastRequest: 9962ec60-824d-4b5c-b72c-a80d9f5353d3->b8386e11-96d4-4625-b991-c054db98adbd#3-t2,previous=(t:2, i:1),leaderCommit=1,initializing? false,entries: size=1, first=(t:2, i:2), METADATAENTRY(c:1)  (Repeated 2 times in the last 5.000s)
2025-09-28 08:46:31,874 [ForkJoinPool-1-worker-4] INFO  server.GrpcServicesImpl (GrpcServicesImpl.java:closeImpl(364)) - bb53dc84-9509-46ab-9745-0f1d93457633: shutdown server org.apache.ratis.grpc.server.GrpcAdminProtocolService successfully
2025-09-28 08:46:31,875 [timer1] INFO  server.GrpcServerProtocolService (GrpcServerProtocolService.java:lambda$onCompleted$6(171)) - 9962ec60-824d-4b5c-b72c-a80d9f5353d3: Completed APPEND_ENTRIES, lastRequest: null  (Repeated 2 times in the last 5.000s)
2025-09-28 08:46:31,877 [timer2] INFO  server.GrpcServerProtocolService (GrpcServerProtocolService.java:lambda$null$7(175)) - 9962ec60-824d-4b5c-b72c-a80d9f5353d3: Completed APPEND_ENTRIES, lastReply: serverReply {
  requestorId: "b8386e11-96d4-4625-b991-c054db98adbd"
  replyId: "9962ec60-824d-4b5c-b72c-a80d9f5353d3"
  raftGroupId {
    id: "\337p\354\351l_G2\275\252\370\273\351\377\346\320"
  }
  callId: 4600
  success: true
}
term: 1
nextIndex: 7
followerCommit: 6
matchIndex: 18446744073709551615
isHearbeat: true
  (Repeated 2 times in the last 5.001s)
2025-09-28 08:46:31,877 [bb53dc84-9509-46ab-9745-0f1d93457633-NettyServerStreamRpc-bossGroup--thread1] INFO  logging.LoggingHandler (AbstractInternalLogger.java:log(148)) - [id: 0x49c4c112, L:/0.0.0.0:15032] CLOSE
2025-09-28 08:46:31,877 [bb53dc84-9509-46ab-9745-0f1d93457633-NettyServerStreamRpc-bossGroup--thread1] INFO  logging.LoggingHandler (AbstractInternalLogger.java:log(148)) - [id: 0x49c4c112, L:/0.0.0.0:15032] INACTIVE
2025-09-28 08:46:31,877 [bb53dc84-9509-46ab-9745-0f1d93457633-NettyServerStreamRpc-bossGroup--thread1] INFO  logging.LoggingHandler (AbstractInternalLogger.java:log(148)) - [id: 0x49c4c112, L:/0.0.0.0:15032] UNREGISTERED
2025-09-28 08:46:31,878 [timer3] INFO  server.GrpcServerProtocolService (GrpcServerProtocolService.java:lambda$null$7(175)) - bb53dc84-9509-46ab-9745-0f1d93457633: Completed APPEND_ENTRIES, lastReply: null  (Repeated 4 times in the last 5.001s)
2025-09-28 08:46:31,882 [timer4] INFO  server.GrpcServerProtocolService (GrpcServerProtocolService.java:lambda$onCompleted$6(171)) - bb53dc84-9509-46ab-9745-0f1d93457633: Completed APPEND_ENTRIES, lastRequest: b8386e11-96d4-4625-b991-c054db98adbd->bb53dc84-9509-46ab-9745-0f1d93457633#11-t1,previous=(t:1, i:5),leaderCommit=5,initializing? false,entries: size=1, first=(t:1, i:6), METADATAENTRY(c:5)  (Repeated 4 times in the last 5.007s)
2025-09-28 08:46:32,709 [bb53dc84-9509-46ab-9745-0f1d93457633-impl-thread2] INFO  segmented.SegmentedRaftLogWorker (SegmentedRaftLogWorker.java:close(254)) - bb53dc84-9509-46ab-9745-0f1d93457633@group-C51117D219B2-SegmentedRaftLogWorker close()
2025-09-28 08:46:32,710 [bb53dc84-9509-46ab-9745-0f1d93457633-impl-thread2] INFO  ratis.ContainerStateMachine (ContainerStateMachine.java:notifyServerShutdown(1038)) - group-C51117D219B2 is closed by HddsDatanodeService
2025-09-28 08:46:32,749 [bb53dc84-9509-46ab-9745-0f1d93457633-impl-thread3] INFO  segmented.SegmentedRaftLogWorker (SegmentedRaftLogWorker.java:close(254)) - bb53dc84-9509-46ab-9745-0f1d93457633@group-4C3414B1E6EC-SegmentedRaftLogWorker close()
2025-09-28 08:46:32,750 [bb53dc84-9509-46ab-9745-0f1d93457633-impl-thread3] INFO  ratis.ContainerStateMachine (ContainerStateMachine.java:notifyServerShutdown(1038)) - group-4C3414B1E6EC is closed by HddsDatanodeService
2025-09-28 08:46:32,763 [EventQueue-DeadNodeForDeadNodeHandler] INFO  node.DeadNodeHandler (DeadNodeHandler.java:onMessage(91)) - A dead datanode is detected. 9962ec60-824d-4b5c-b72c-a80d9f5353d3(localhost/127.0.0.1)
2025-09-28 08:46:32,766 [EventQueue-DeadNodeForDeadNodeHandler] INFO  pipeline.RatisPipelineProvider (RatisPipelineProvider.java:lambda$close$4(273)) - Send pipeline:Pipeline-d76492a8-86ed-49dc-9e9c-d9881dadd006 close command to datanode bb53dc84-9509-46ab-9745-0f1d93457633
2025-09-28 08:46:32,766 [EventQueue-DeadNodeForDeadNodeHandler] INFO  pipeline.RatisPipelineProvider (RatisPipelineProvider.java:lambda$close$4(273)) - Send pipeline:Pipeline-d76492a8-86ed-49dc-9e9c-d9881dadd006 close command to datanode 9962ec60-824d-4b5c-b72c-a80d9f5353d3
2025-09-28 08:46:32,767 [EventQueue-DeadNodeForDeadNodeHandler] INFO  pipeline.RatisPipelineProvider (RatisPipelineProvider.java:lambda$close$4(273)) - Send pipeline:Pipeline-d76492a8-86ed-49dc-9e9c-d9881dadd006 close command to datanode b8386e11-96d4-4625-b991-c054db98adbd
2025-09-28 08:46:32,767 [EventQueue-DeadNodeForDeadNodeHandler] INFO  pipeline.PipelineManagerImpl (PipelineManagerImpl.java:removePipeline(464)) - Pipeline Pipeline{ Id: d76492a8-86ed-49dc-9e9c-d9881dadd006, Nodes: [ {bb53dc84-9509-46ab-9745-0f1d93457633(localhost/127.0.0.1), ReplicaIndex: 0}, {9962ec60-824d-4b5c-b72c-a80d9f5353d3(localhost/127.0.0.1), ReplicaIndex: 0}, {b8386e11-96d4-4625-b991-c054db98adbd(localhost/127.0.0.1), ReplicaIndex: 0},], ReplicationConfig: RATIS/THREE, State:CLOSED, leaderId:, CreationTimestamp2025-09-28T08:46:25.755Z[Etc/UTC]} removed.
2025-09-28 08:46:32,768 [EventQueue-DeadNodeForDeadNodeHandler] INFO  pipeline.RatisPipelineProvider (RatisPipelineProvider.java:lambda$close$4(273)) - Send pipeline:Pipeline-53d4c00e-e1b0-426e-9c26-c51117d219b2 close command to datanode b8386e11-96d4-4625-b991-c054db98adbd
2025-09-28 08:46:32,768 [EventQueue-DeadNodeForDeadNodeHandler] INFO  pipeline.RatisPipelineProvider (RatisPipelineProvider.java:lambda$close$4(273)) - Send pipeline:Pipeline-53d4c00e-e1b0-426e-9c26-c51117d219b2 close command to datanode 9962ec60-824d-4b5c-b72c-a80d9f5353d3
2025-09-28 08:46:32,768 [EventQueue-DeadNodeForDeadNodeHandler] INFO  pipeline.RatisPipelineProvider (RatisPipelineProvider.java:lambda$close$4(273)) - Send pipeline:Pipeline-53d4c00e-e1b0-426e-9c26-c51117d219b2 close command to datanode bb53dc84-9509-46ab-9745-0f1d93457633
2025-09-28 08:46:32,768 [EventQueue-DeadNodeForDeadNodeHandler] INFO  pipeline.PipelineManagerImpl (PipelineManagerImpl.java:removePipeline(464)) - Pipeline Pipeline{ Id: 53d4c00e-e1b0-426e-9c26-c51117d219b2, Nodes: [ {b8386e11-96d4-4625-b991-c054db98adbd(localhost/127.0.0.1), ReplicaIndex: 0}, {9962ec60-824d-4b5c-b72c-a80d9f5353d3(localhost/127.0.0.1), ReplicaIndex: 0}, {bb53dc84-9509-46ab-9745-0f1d93457633(localhost/127.0.0.1), ReplicaIndex: 0},], ReplicationConfig: RATIS/THREE, State:CLOSED, leaderId:9962ec60-824d-4b5c-b72c-a80d9f5353d3, CreationTimestamp2025-09-28T08:46:13.052Z[Etc/UTC]} removed.
2025-09-28 08:46:32,770 [EventQueue-DeadNodeForDeadNodeHandler] INFO  pipeline.RatisPipelineProvider (RatisPipelineProvider.java:lambda$close$4(273)) - Send pipeline:Pipeline-e6dd397e-dea0-4554-85a2-71444778a42c close command to datanode 9962ec60-824d-4b5c-b72c-a80d9f5353d3
2025-09-28 08:46:32,770 [EventQueue-DeadNodeForDeadNodeHandler] INFO  pipeline.PipelineManagerImpl (PipelineManagerImpl.java:removePipeline(464)) - Pipeline Pipeline{ Id: e6dd397e-dea0-4554-85a2-71444778a42c, Nodes: [ {9962ec60-824d-4b5c-b72c-a80d9f5353d3(localhost/127.0.0.1), ReplicaIndex: 0},], ReplicationConfig: RATIS/ONE, State:CLOSED, leaderId:9962ec60-824d-4b5c-b72c-a80d9f5353d3, CreationTimestamp2025-09-28T08:46:12.593Z[Etc/UTC]} removed.
2025-09-28 08:46:32,771 [EventQueue-DeadNodeForDeadNodeHandler] INFO  pipeline.RatisPipelineProvider (RatisPipelineProvider.java:lambda$close$4(273)) - Send pipeline:Pipeline-47dbef3c-7dbe-436c-b1c5-8640d4eac9b2 close command to datanode 9962ec60-824d-4b5c-b72c-a80d9f5353d3
2025-09-28 08:46:32,771 [EventQueue-DeadNodeForDeadNodeHandler] INFO  pipeline.PipelineManagerImpl (PipelineManagerImpl.java:removePipeline(464)) - Pipeline Pipeline{ Id: 47dbef3c-7dbe-436c-b1c5-8640d4eac9b2, Nodes: [ {9962ec60-824d-4b5c-b72c-a80d9f5353d3(localhost/127.0.0.1), ReplicaIndex: 0},], ReplicationConfig: RATIS/ONE, State:CLOSED, leaderId:, CreationTimestamp2025-09-28T08:46:25.752Z[Etc/UTC]} removed.
2025-09-28 08:46:32,772 [EventQueue-DeadNodeForDeadNodeHandler] INFO  pipeline.RatisPipelineProvider (RatisPipelineProvider.java:lambda$close$4(273)) - Send pipeline:Pipeline-4a65dc13-1cc3-4b8b-aa9e-f318e0b78f87 close command to datanode bb53dc84-9509-46ab-9745-0f1d93457633
2025-09-28 08:46:32,773 [EventQueue-DeadNodeForDeadNodeHandler] INFO  pipeline.RatisPipelineProvider (RatisPipelineProvider.java:lambda$close$4(273)) - Send pipeline:Pipeline-4a65dc13-1cc3-4b8b-aa9e-f318e0b78f87 close command to datanode b8386e11-96d4-4625-b991-c054db98adbd
2025-09-28 08:46:32,773 [EventQueue-DeadNodeForDeadNodeHandler] INFO  pipeline.RatisPipelineProvider (RatisPipelineProvider.java:lambda$close$4(273)) - Send pipeline:Pipeline-4a65dc13-1cc3-4b8b-aa9e-f318e0b78f87 close command to datanode 9962ec60-824d-4b5c-b72c-a80d9f5353d3
2025-09-28 08:46:32,773 [EventQueue-DeadNodeForDeadNodeHandler] INFO  pipeline.PipelineManagerImpl (PipelineManagerImpl.java:removePipeline(464)) - Pipeline Pipeline{ Id: 4a65dc13-1cc3-4b8b-aa9e-f318e0b78f87, Nodes: [ {bb53dc84-9509-46ab-9745-0f1d93457633(localhost/127.0.0.1), ReplicaIndex: 0}, {b8386e11-96d4-4625-b991-c054db98adbd(localhost/127.0.0.1), ReplicaIndex: 0}, {9962ec60-824d-4b5c-b72c-a80d9f5353d3(localhost/127.0.0.1), ReplicaIndex: 0},], ReplicationConfig: RATIS/THREE, State:CLOSED, leaderId:, CreationTimestamp2025-09-28T08:46:25.759Z[Etc/UTC]} removed.
2025-09-28 08:46:32,774 [EventQueue-DeadNodeForDeadNodeHandler] INFO  pipeline.RatisPipelineProvider (RatisPipelineProvider.java:lambda$close$4(273)) - Send pipeline:Pipeline-df70ece9-6c5f-4732-bdaa-f8bbe9ffe6d0 close command to datanode 9962ec60-824d-4b5c-b72c-a80d9f5353d3
2025-09-28 08:46:32,774 [EventQueue-DeadNodeForDeadNodeHandler] INFO  pipeline.RatisPipelineProvider (RatisPipelineProvider.java:lambda$close$4(273)) - Send pipeline:Pipeline-df70ece9-6c5f-4732-bdaa-f8bbe9ffe6d0 close command to datanode b8386e11-96d4-4625-b991-c054db98adbd
2025-09-28 08:46:32,774 [EventQueue-DeadNodeForDeadNodeHandler] INFO  pipeline.RatisPipelineProvider (RatisPipelineProvider.java:lambda$close$4(273)) - Send pipeline:Pipeline-df70ece9-6c5f-4732-bdaa-f8bbe9ffe6d0 close command to datanode bb53dc84-9509-46ab-9745-0f1d93457633
2025-09-28 08:46:32,774 [EventQueue-DeadNodeForDeadNodeHandler] INFO  pipeline.PipelineManagerImpl (PipelineManagerImpl.java:removePipeline(464)) - Pipeline Pipeline{ Id: df70ece9-6c5f-4732-bdaa-f8bbe9ffe6d0, Nodes: [ {9962ec60-824d-4b5c-b72c-a80d9f5353d3(localhost/127.0.0.1), ReplicaIndex: 0}, {b8386e11-96d4-4625-b991-c054db98adbd(localhost/127.0.0.1), ReplicaIndex: 0}, {bb53dc84-9509-46ab-9745-0f1d93457633(localhost/127.0.0.1), ReplicaIndex: 0},], ReplicationConfig: RATIS/THREE, State:CLOSED, leaderId:b8386e11-96d4-4625-b991-c054db98adbd, CreationTimestamp2025-09-28T08:46:13.057Z[Etc/UTC]} removed.
2025-09-28 08:46:32,775 [EventQueue-DeadNodeForDeadNodeHandler] INFO  node.DeadNodeHandler (DeadNodeHandler.java:onMessage(113)) - Clearing command queue of size 6 for DN 9962ec60-824d-4b5c-b72c-a80d9f5353d3(localhost/127.0.0.1)
2025-09-28 08:46:32,775 [EventQueue-DeadNodeForDeadNodeHandler] INFO  net.NetworkTopologyImpl (NetworkTopologyImpl.java:remove(211)) - Removed a node: /default-rack/9962ec60-824d-4b5c-b72c-a80d9f5353d3
2025-09-28 08:46:32,781 [ReplicationMonitor] INFO  replication.ReplicationManager (ReplicationManager.java:processAll(384)) - Replication Monitor Thread took 6 milliseconds for processing 1 containers.
2025-09-28 08:46:32,790 [bb53dc84-9509-46ab-9745-0f1d93457633-impl-thread4] INFO  segmented.SegmentedRaftLogWorker (SegmentedRaftLogWorker.java:close(254)) - bb53dc84-9509-46ab-9745-0f1d93457633@group-F8BBE9FFE6D0-SegmentedRaftLogWorker close()
2025-09-28 08:46:32,791 [bb53dc84-9509-46ab-9745-0f1d93457633-impl-thread4] INFO  ratis.ContainerStateMachine (ContainerStateMachine.java:notifyServerShutdown(1038)) - group-F8BBE9FFE6D0 is closed by HddsDatanodeService
2025-09-28 08:46:32,853 [bb53dc84-9509-46ab-9745-0f1d93457633-impl-thread1] INFO  segmented.SegmentedRaftLogWorker (SegmentedRaftLogWorker.java:close(254)) - bb53dc84-9509-46ab-9745-0f1d93457633@group-D9881DADD006-SegmentedRaftLogWorker close()
2025-09-28 08:46:32,853 [bb53dc84-9509-46ab-9745-0f1d93457633-impl-thread1] INFO  ratis.ContainerStateMachine (ContainerStateMachine.java:notifyServerShutdown(1038)) - group-D9881DADD006 is closed by HddsDatanodeService
2025-09-28 08:46:32,854 [JvmPauseMonitor5] INFO  util.JvmPauseMonitor (JvmPauseMonitor.java:run(152)) - JvmPauseMonitor-bb53dc84-9509-46ab-9745-0f1d93457633: Stopped
2025-09-28 08:46:32,863 [EventQueue-DeadNodeForDeadNodeHandler] INFO  node.DeadNodeHandler (DeadNodeHandler.java:onMessage(91)) - A dead datanode is detected. b8386e11-96d4-4625-b991-c054db98adbd(localhost/127.0.0.1)
2025-09-28 08:46:32,865 [EventQueue-DeadNodeForDeadNodeHandler] INFO  pipeline.RatisPipelineProvider (RatisPipelineProvider.java:lambda$close$4(273)) - Send pipeline:Pipeline-ef0f5bb4-1fba-4131-8533-2a77e6fe4889 close command to datanode b8386e11-96d4-4625-b991-c054db98adbd
2025-09-28 08:46:32,865 [EventQueue-DeadNodeForDeadNodeHandler] INFO  pipeline.PipelineManagerImpl (PipelineManagerImpl.java:removePipeline(464)) - Pipeline Pipeline{ Id: ef0f5bb4-1fba-4131-8533-2a77e6fe4889, Nodes: [ {b8386e11-96d4-4625-b991-c054db98adbd(localhost/127.0.0.1), ReplicaIndex: 0},], ReplicationConfig: RATIS/ONE, State:CLOSED, leaderId:b8386e11-96d4-4625-b991-c054db98adbd, CreationTimestamp2025-09-28T08:46:12.800Z[Etc/UTC]} removed.
2025-09-28 08:46:32,866 [EventQueue-DeadNodeForDeadNodeHandler] INFO  node.DeadNodeHandler (DeadNodeHandler.java:onMessage(113)) - Clearing command queue of size 5 for DN b8386e11-96d4-4625-b991-c054db98adbd(localhost/127.0.0.1)
2025-09-28 08:46:32,866 [EventQueue-DeadNodeForDeadNodeHandler] INFO  net.NetworkTopologyImpl (NetworkTopologyImpl.java:remove(211)) - Removed a node: /default-rack/b8386e11-96d4-4625-b991-c054db98adbd
2025-09-28 08:46:32,866 [EventQueue-DeadNodeForDeadNodeHandler] INFO  node.DeadNodeHandler (DeadNodeHandler.java:onMessage(91)) - A dead datanode is detected. bb53dc84-9509-46ab-9745-0f1d93457633(localhost/127.0.0.1)
2025-09-28 08:46:32,867 [EventQueue-DeadNodeForDeadNodeHandler] INFO  pipeline.RatisPipelineProvider (RatisPipelineProvider.java:lambda$close$4(273)) - Send pipeline:Pipeline-aac24483-5546-4731-a22b-4c3414b1e6ec close command to datanode bb53dc84-9509-46ab-9745-0f1d93457633
2025-09-28 08:46:32,867 [EventQueue-DeadNodeForDeadNodeHandler] INFO  pipeline.PipelineManagerImpl (PipelineManagerImpl.java:removePipeline(464)) - Pipeline Pipeline{ Id: aac24483-5546-4731-a22b-4c3414b1e6ec, Nodes: [ {bb53dc84-9509-46ab-9745-0f1d93457633(localhost/127.0.0.1), ReplicaIndex: 0},], ReplicationConfig: RATIS/ONE, State:CLOSED, leaderId:bb53dc84-9509-46ab-9745-0f1d93457633, CreationTimestamp2025-09-28T08:46:13.045Z[Etc/UTC]} removed.
2025-09-28 08:46:32,867 [EventQueue-DeadNodeForDeadNodeHandler] INFO  node.DeadNodeHandler (DeadNodeHandler.java:onMessage(113)) - Clearing command queue of size 5 for DN bb53dc84-9509-46ab-9745-0f1d93457633(localhost/127.0.0.1)
2025-09-28 08:46:32,867 [EventQueue-DeadNodeForDeadNodeHandler] INFO  net.NetworkTopologyImpl (NetworkTopologyImpl.java:remove(211)) - Removed a node: /default-rack/bb53dc84-9509-46ab-9745-0f1d93457633
2025-09-28 08:46:34,857 [ForkJoinPool-1-worker-4] INFO  utils.DatanodeStoreCache (DatanodeStoreCache.java:shutdownCache(110)) - Skip clearing cache in mini cluster mode. Entries left: [/home/runner/work/ozone/ozone/hadoop-ozone/integration-test/target/test-dir/MiniOzoneClusterImpl-6c2de427-7485-43c3-b878-dcc0cf80ac7a/ozone-metadata/datanode-3/data-0/hdds/6c2de427-7485-43c3-b878-dcc0cf80ac7a/DS-c97308f0-1143-4fa4-ae2a-0b1d4b75f11c/container.db]
2025-09-28 08:46:34,858 [ForkJoinPool-1-worker-4] INFO  utils.DatanodeStoreCache (DatanodeStoreCache.java:removeDB(104)) - Removed db /home/runner/work/ozone/ozone/hadoop-ozone/integration-test/target/test-dir/MiniOzoneClusterImpl-6c2de427-7485-43c3-b878-dcc0cf80ac7a/ozone-metadata/datanode-3/data-0/hdds/6c2de427-7485-43c3-b878-dcc0cf80ac7a/DS-c97308f0-1143-4fa4-ae2a-0b1d4b75f11c/container.db from cache
2025-09-28 08:46:34,858 [ForkJoinPool-1-worker-4] INFO  volume.HddsVolume (HddsVolume.java:closeDbStore(609)) - SchemaV3 db is stopped at /home/runner/work/ozone/ozone/hadoop-ozone/integration-test/target/test-dir/MiniOzoneClusterImpl-6c2de427-7485-43c3-b878-dcc0cf80ac7a/ozone-metadata/datanode-3/data-0/hdds/6c2de427-7485-43c3-b878-dcc0cf80ac7a/DS-c97308f0-1143-4fa4-ae2a-0b1d4b75f11c/container.db for volume DS-c97308f0-1143-4fa4-ae2a-0b1d4b75f11c
2025-09-28 08:46:34,859 [ForkJoinPool-1-worker-4] INFO  utils.BackgroundService (BackgroundService.java:shutdown(195)) - Shutting down service BlockDeletingService
2025-09-28 08:46:34,859 [ForkJoinPool-1-worker-4] INFO  utils.BackgroundService (BackgroundService.java:shutdown(195)) - Shutting down service StaleRecoveringContainerScrubbingService
2025-09-28 08:46:34,861 [ForkJoinPool-1-worker-4] INFO  statemachine.DatanodeStateMachine (DatanodeStateMachine.java:stopDaemon(654)) - Ozone container server stopped.
2025-09-28 08:46:34,868 [ForkJoinPool-1-worker-4] INFO  handler.ContextHandler (ContextHandler.java:doStop(1159)) - Stopped o.e.j.w.WebAppContext@6e3a84ea{hddsDatanode,/,null,STOPPED}{jar:file:/home/runner/work/ozone/ozone/hadoop-hdds/container-service/target/hdds-container-service-2.1.0-SNAPSHOT.jar!/webapps/hddsDatanode}
2025-09-28 08:46:34,868 [ForkJoinPool-1-worker-4] INFO  server.AbstractConnector (AbstractConnector.java:doStop(383)) - Stopped ServerConnector@1888b6e6{HTTP/1.1, (http/1.1)}{0.0.0.0:15026}
2025-09-28 08:46:34,868 [ForkJoinPool-1-worker-4] INFO  server.session (HouseKeeper.java:stopScavenging(149)) - node0 Stopped scavenging
2025-09-28 08:46:34,868 [ForkJoinPool-1-worker-4] INFO  handler.ContextHandler (ContextHandler.java:doStop(1159)) - Stopped o.e.j.s.ServletContextHandler@319233ac{static,/static,jar:file:/home/runner/work/ozone/ozone/hadoop-hdds/container-service/target/hdds-container-service-2.1.0-SNAPSHOT.jar!/webapps/static,STOPPED}
2025-09-28 08:46:34,868 [ForkJoinPool-1-worker-4] INFO  handler.ContextHandler (ContextHandler.java:doStop(1159)) - Stopped o.e.j.s.ServletContextHandler@4caefa5f{logs,/logs,file:///home/runner/work/ozone/ozone/hadoop-ozone/integration-test/target/log,STOPPED}
2025-09-28 08:46:34,869 [ForkJoinPool-1-worker-4] INFO  ozone.HddsDatanodeClientProtocolServer (HddsDatanodeClientProtocolServer.java:stop(82)) - Stopping the RPC server for Client Protocol
2025-09-28 08:46:34,869 [ForkJoinPool-1-worker-4] INFO  ipc.Server (Server.java:stop(3697)) - Stopping server on 15027
2025-09-28 08:46:34,871 [IPC Server listener on 15027] INFO  ipc.Server (Server.java:run(1585)) - Stopping IPC Server listener on 15027
2025-09-28 08:46:34,871 [IPC Server Responder] INFO  ipc.Server (Server.java:run(1718)) - Stopping IPC Server Responder
2025-09-28 08:46:34,871 [ForkJoinPool-1-worker-1] INFO  ozone.MiniOzoneClusterImpl (MiniOzoneClusterImpl.java:stopSCM(458)) - Stopping the StorageContainerManager
2025-09-28 08:46:34,871 [ForkJoinPool-1-worker-1] INFO  server.StorageContainerManager (StorageContainerManager.java:stop(1616)) - Container Balancer is not running.
2025-09-28 08:46:34,871 [ForkJoinPool-1-worker-1] INFO  server.StorageContainerManager (StorageContainerManager.java:stopReplicationManager(1749)) - Stopping Replication Manager Service.
2025-09-28 08:46:34,871 [ForkJoinPool-1-worker-1] INFO  replication.ReplicationManager (ReplicationManager.java:stop(318)) - Stopping Replication Monitor Thread.
2025-09-28 08:46:34,872 [ForkJoinPool-1-worker-1] INFO  server.StorageContainerManager (StorageContainerManager.java:stop(1625)) - Stopping the Datanode Admin Monitor.
2025-09-28 08:46:34,872 [ReplicationMonitor] INFO  replication.ReplicationManager (ReplicationManager.java:run(938)) - Replication Monitor Thread is stopped
2025-09-28 08:46:34,872 [ForkJoinPool-1-worker-1] INFO  server.StorageContainerManager (StorageContainerManager.java:stop(1632)) - Stopping datanode service RPC server
2025-09-28 08:46:34,872 [ForkJoinPool-1-worker-1] INFO  server.SCMDatanodeProtocolServer (SCMDatanodeProtocolServer.java:stop(455)) - Stopping the RPC server for DataNodes
2025-09-28 08:46:34,872 [ForkJoinPool-1-worker-1] INFO  ipc.Server (Server.java:stop(3697)) - Stopping server on 15002
2025-09-28 08:46:34,872 [OverReplicatedProcessor] WARN  replication.UnhealthyReplicationProcessor (UnhealthyReplicationProcessor.java:run(178)) - OverReplicatedProcessor interrupted. Exiting...
2025-09-28 08:46:34,872 [UnderReplicatedProcessor] WARN  replication.UnhealthyReplicationProcessor (UnhealthyReplicationProcessor.java:run(178)) - UnderReplicatedProcessor interrupted. Exiting...
2025-09-28 08:46:34,876 [IPC Server listener on 15002] INFO  ipc.Server (Server.java:run(1585)) - Stopping IPC Server listener on 15002
2025-09-28 08:46:34,877 [IPC Server Responder] INFO  ipc.Server (Server.java:run(1718)) - Stopping IPC Server Responder
2025-09-28 08:46:34,966 [SCMHeartbeatProcessor-0] WARN  node.NodeStateManager (NodeStateManager.java:scheduleNextHealthCheck(913)) - Current Thread is interrupted, shutting down HB processing thread for Node Manager.
2025-09-28 08:46:34,966 [ForkJoinPool-1-worker-1] INFO  server.StorageContainerManager (StorageContainerManager.java:stop(1640)) - Stopping block service RPC server
2025-09-28 08:46:34,966 [ForkJoinPool-1-worker-1] INFO  server.SCMBlockProtocolServer (SCMBlockProtocolServer.java:stop(175)) - Stopping the RPC server for Block Protocol
2025-09-28 08:46:34,966 [ForkJoinPool-1-worker-1] INFO  ipc.Server (Server.java:stop(3697)) - Stopping server on 15001
2025-09-28 08:46:34,969 [IPC Server listener on 15001] INFO  ipc.Server (Server.java:run(1585)) - Stopping IPC Server listener on 15001
2025-09-28 08:46:34,969 [ForkJoinPool-1-worker-1] INFO  server.StorageContainerManager (StorageContainerManager.java:stop(1647)) - Stopping the StorageContainerLocationProtocol RPC server
2025-09-28 08:46:34,969 [IPC Server Responder] INFO  ipc.Server (Server.java:run(1718)) - Stopping IPC Server Responder
2025-09-28 08:46:34,970 [ForkJoinPool-1-worker-1] INFO  server.SCMClientProtocolServer (SCMClientProtocolServer.java:stop(217)) - Stopping the RPC server for Client Protocol
2025-09-28 08:46:34,970 [ForkJoinPool-1-worker-1] INFO  ipc.Server (Server.java:stop(3697)) - Stopping server on 15000
2025-09-28 08:46:34,973 [IPC Server listener on 15000] INFO  ipc.Server (Server.java:run(1585)) - Stopping IPC Server listener on 15000
2025-09-28 08:46:34,974 [IPC Server Responder] INFO  ipc.Server (Server.java:run(1718)) - Stopping IPC Server Responder
2025-09-28 08:46:34,974 [ForkJoinPool-1-worker-1] INFO  server.StorageContainerManager (StorageContainerManager.java:stop(1654)) - Stopping Storage Container Manager HTTP server.
2025-09-28 08:46:34,975 [ForkJoinPool-1-worker-1] INFO  handler.ContextHandler (ContextHandler.java:doStop(1159)) - Stopped o.e.j.w.WebAppContext@383b9712{scm,/,null,STOPPED}{file:/home/runner/work/ozone/ozone/hadoop-ozone/integration-test/target/test-classes/webapps/scm}
2025-09-28 08:46:34,976 [ForkJoinPool-1-worker-1] INFO  server.AbstractConnector (AbstractConnector.java:doStop(383)) - Stopped ServerConnector@5f9efcbc{HTTP/1.1, (http/1.1)}{0.0.0.0:15003}
2025-09-28 08:46:34,976 [ForkJoinPool-1-worker-1] INFO  server.session (HouseKeeper.java:stopScavenging(149)) - node0 Stopped scavenging
2025-09-28 08:46:34,976 [ForkJoinPool-1-worker-1] INFO  handler.ContextHandler (ContextHandler.java:doStop(1159)) - Stopped o.e.j.s.ServletContextHandler@4b837220{static,/static,file:///home/runner/work/ozone/ozone/hadoop-ozone/integration-test/target/test-classes/webapps/static,STOPPED}
2025-09-28 08:46:34,977 [ForkJoinPool-1-worker-1] INFO  handler.ContextHandler (ContextHandler.java:doStop(1159)) - Stopped o.e.j.s.ServletContextHandler@25f529f1{logs,/logs,file:///home/runner/work/ozone/ozone/hadoop-ozone/integration-test/target/log,STOPPED}
2025-09-28 08:46:34,978 [ForkJoinPool-1-worker-1] INFO  server.StorageContainerManager (StorageContainerManager.java:stop(1662)) - Stopping SCM LayoutVersionManager Service.
2025-09-28 08:46:34,978 [ForkJoinPool-1-worker-1] INFO  server.StorageContainerManager (StorageContainerManager.java:stop(1674)) - Stopping Block Manager Service.
2025-09-28 08:46:34,978 [ForkJoinPool-1-worker-1] INFO  utils.BackgroundService (BackgroundService.java:shutdown(195)) - Shutting down service SCMBlockDeletingService
2025-09-28 08:46:34,979 [ForkJoinPool-1-worker-1] INFO  utils.BackgroundService (BackgroundService.java:shutdown(195)) - Shutting down service SCMBlockDeletingService
2025-09-28 08:46:34,979 [ForkJoinPool-1-worker-1] INFO  server.StorageContainerManager (StorageContainerManager.java:stop(1699)) - Stopping SCM Event Queue.
2025-09-28 08:46:34,981 [ForkJoinPool-1-worker-1] INFO  server.StorageContainerManager (StorageContainerManager.java:stop(1706)) - Stopping SCM HA services.
2025-09-28 08:46:34,981 [ForkJoinPool-1-worker-1] INFO  ha.SCMRatisServerImpl (SCMRatisServerImpl.java:stop(266)) - stopping ratis server 0.0.0.0:15004
2025-09-28 08:46:34,982 [ForkJoinPool-1-worker-1] INFO  server.RaftServer (RaftServerProxy.java:lambda$close$9(422)) - c2d163a0-0ec6-4601-8a26-ab579a1805eb: close
2025-09-28 08:46:34,982 [c2d163a0-0ec6-4601-8a26-ab579a1805eb-impl-thread1] INFO  server.RaftServer$Division (RaftServerImpl.java:lambda$close$1(527)) - c2d163a0-0ec6-4601-8a26-ab579a1805eb@group-DCC0CF80AC7A: shutdown
2025-09-28 08:46:34,982 [ForkJoinPool-1-worker-1] INFO  server.GrpcServicesImpl (GrpcServicesImpl.java:closeImpl(355)) - c2d163a0-0ec6-4601-8a26-ab579a1805eb: shutdown server GrpcServerProtocolService now
2025-09-28 08:46:34,983 [c2d163a0-0ec6-4601-8a26-ab579a1805eb-impl-thread1] INFO  util.JmxRegister (JmxRegister.java:unregister(74)) - Successfully un-registered JMX Bean with object name Ratis:service=RaftServer,group=group-DCC0CF80AC7A,id=c2d163a0-0ec6-4601-8a26-ab579a1805eb
2025-09-28 08:46:34,983 [c2d163a0-0ec6-4601-8a26-ab579a1805eb-impl-thread1] INFO  impl.RoleInfo (RoleInfo.java:shutdownLeaderState(103)) - c2d163a0-0ec6-4601-8a26-ab579a1805eb: shutdown c2d163a0-0ec6-4601-8a26-ab579a1805eb@group-DCC0CF80AC7A-LeaderStateImpl
2025-09-28 08:46:34,983 [c2d163a0-0ec6-4601-8a26-ab579a1805eb-impl-thread1] INFO  impl.PendingRequests (PendingRequests.java:sendNotLeaderResponses(287)) - c2d163a0-0ec6-4601-8a26-ab579a1805eb@group-DCC0CF80AC7A-PendingRequests: sendNotLeaderResponses
2025-09-28 08:46:34,983 [c2d163a0-0ec6-4601-8a26-ab579a1805eb-impl-thread1] INFO  ha.SCMStateMachine (SCMStateMachine.java:notifyNotLeader(213)) - current leader SCM steps down.
2025-09-28 08:46:34,984 [c2d163a0-0ec6-4601-8a26-ab579a1805eb-impl-thread1] INFO  ha.SCMContext (SCMContext.java:updateLeaderAndTerm(95)) - update <isLeader,term> from <true,2> to <false,0>
2025-09-28 08:46:34,984 [c2d163a0-0ec6-4601-8a26-ab579a1805eb-impl-thread1] INFO  ha.SCMContext (SCMContext.java:updateLeaderAndTerm(101)) - update <isLeaderReady> from <true> to <false>
2025-09-28 08:46:34,984 [c2d163a0-0ec6-4601-8a26-ab579a1805eb-impl-thread1] INFO  BackgroundPipelineScrubber (BackgroundSCMService.java:notifyStatusChanged(84)) - Service BackgroundPipelineScrubber transitions to PAUSING.
2025-09-28 08:46:34,984 [c2d163a0-0ec6-4601-8a26-ab579a1805eb-impl-thread1] INFO  ExpiredContainerReplicaOpScrubber (BackgroundSCMService.java:notifyStatusChanged(84)) - Service ExpiredContainerReplicaOpScrubber transitions to PAUSING.
2025-09-28 08:46:34,984 [c2d163a0-0ec6-4601-8a26-ab579a1805eb-impl-thread1] INFO  SCMHATransactionMonitor (BackgroundSCMService.java:notifyStatusChanged(84)) - Service SCMHATransactionMonitor transitions to PAUSING.
2025-09-28 08:46:34,984 [ForkJoinPool-1-worker-1] INFO  server.GrpcServicesImpl (GrpcServicesImpl.java:closeImpl(364)) - c2d163a0-0ec6-4601-8a26-ab579a1805eb: shutdown server GrpcServerProtocolService successfully
2025-09-28 08:46:34,984 [c2d163a0-0ec6-4601-8a26-ab579a1805eb-impl-thread1] INFO  impl.StateMachineUpdater (StateMachineUpdater.java:stopAndJoin(163)) - c2d163a0-0ec6-4601-8a26-ab579a1805eb@group-DCC0CF80AC7A-StateMachineUpdater: set stopIndex = 38
2025-09-28 08:46:34,985 [c2d163a0-0ec6-4601-8a26-ab579a1805eb@group-DCC0CF80AC7A-StateMachineUpdater] INFO  ha.SCMStateMachine (SCMStateMachine.java:takeSnapshot(332)) - Current Snapshot Index 38, takeSnapshot took 1 ms
2025-09-28 08:46:34,986 [c2d163a0-0ec6-4601-8a26-ab579a1805eb@group-DCC0CF80AC7A-StateMachineUpdater] INFO  impl.StateMachineUpdater (StateMachineUpdater.java:takeSnapshot(307)) - c2d163a0-0ec6-4601-8a26-ab579a1805eb@group-DCC0CF80AC7A-StateMachineUpdater: Took a snapshot at index 38
2025-09-28 08:46:34,986 [c2d163a0-0ec6-4601-8a26-ab579a1805eb@group-DCC0CF80AC7A-StateMachineUpdater] INFO  impl.StateMachineUpdater (StateMachineUpdater.java:lambda$new$0(101)) - c2d163a0-0ec6-4601-8a26-ab579a1805eb@group-DCC0CF80AC7A-StateMachineUpdater: snapshotIndex: updateIncreasingly -1 -> 38
2025-09-28 08:46:34,986 [c2d163a0-0ec6-4601-8a26-ab579a1805eb@group-DCC0CF80AC7A-StateMachineUpdater] INFO  impl.StateMachineUpdater (StateMachineUpdater.java:stop(140)) - c2d163a0-0ec6-4601-8a26-ab579a1805eb@group-DCC0CF80AC7A-StateMachineUpdater: closing SCMStateMachine, lastApplied=(t:2, i:38)
2025-09-28 08:46:34,986 [c2d163a0-0ec6-4601-8a26-ab579a1805eb@group-DCC0CF80AC7A-cacheEviction-AwaitToRun] INFO  util.AwaitToRun (AwaitToRun.java:run(49)) - c2d163a0-0ec6-4601-8a26-ab579a1805eb@group-DCC0CF80AC7A-cacheEviction-AwaitToRun-AwaitForSignal is interrupted
2025-09-28 08:46:35,868 [c2d163a0-0ec6-4601-8a26-ab579a1805eb-impl-thread1] INFO  segmented.SegmentedRaftLogWorker (SegmentedRaftLogWorker.java:close(254)) - c2d163a0-0ec6-4601-8a26-ab579a1805eb@group-DCC0CF80AC7A-SegmentedRaftLogWorker close()
2025-09-28 08:46:35,868 [JvmPauseMonitor1] INFO  util.JvmPauseMonitor (JvmPauseMonitor.java:run(152)) - JvmPauseMonitor-c2d163a0-0ec6-4601-8a26-ab579a1805eb: Stopped
2025-09-28 08:46:35,869 [ForkJoinPool-1-worker-1] INFO  SCMHATransactionMonitor (BackgroundSCMService.java:stop(127)) - Stopping SCMHATransactionMonitor Service.
2025-09-28 08:46:35,869 [SCMHATransactionMonitor] WARN  SCMHATransactionMonitor (BackgroundSCMService.java:run(111)) - SCMHATransactionMonitor is interrupted, exit
2025-09-28 08:46:35,869 [ForkJoinPool-1-worker-1] INFO  pipeline.BackgroundPipelineCreator (BackgroundPipelineCreator.java:stop(154)) - Stopping RatisPipelineUtilsThread.
2025-09-28 08:46:35,870 [RatisPipelineUtilsThread-0] WARN  pipeline.BackgroundPipelineCreator (BackgroundPipelineCreator.java:run(185)) - RatisPipelineUtilsThread is interrupted.
2025-09-28 08:46:35,870 [ForkJoinPool-1-worker-1] INFO  BackgroundPipelineScrubber (BackgroundSCMService.java:stop(127)) - Stopping BackgroundPipelineScrubber Service.
2025-09-28 08:46:35,870 [BackgroundPipelineScrubber] WARN  BackgroundPipelineScrubber (BackgroundSCMService.java:run(111)) - BackgroundPipelineScrubber is interrupted, exit
2025-09-28 08:46:35,871 [ForkJoinPool-1-worker-1] INFO  impl.MetricsSystemImpl (MetricsSystemImpl.java:stop(210)) - Stopping HddsDatanode metrics system...
2025-09-28 08:46:35,871 [prometheus] INFO  impl.MetricsSinkAdapter (MetricsSinkAdapter.java:publishMetricsFromQueue(141)) - prometheus thread interrupted.
2025-09-28 08:46:35,872 [ForkJoinPool-1-worker-1] INFO  impl.MetricsSystemImpl (MetricsSystemImpl.java:stop(216)) - HddsDatanode metrics system stopped.
2025-09-28 08:46:35,872 [ForkJoinPool-1-worker-1] WARN  pipeline.BackgroundPipelineCreator (BackgroundPipelineCreator.java:stop(150)) - RatisPipelineUtilsThread is not running, just ignore.
2025-09-28 08:46:35,872 [ForkJoinPool-1-worker-1] INFO  BackgroundPipelineScrubber (BackgroundSCMService.java:stop(122)) - BackgroundPipelineScrubber Service is not running, skip stop.
2025-09-28 08:46:35,872 [ForkJoinPool-1-worker-1] INFO  ExpiredContainerReplicaOpScrubber (BackgroundSCMService.java:stop(127)) - Stopping ExpiredContainerReplicaOpScrubber Service.
2025-09-28 08:46:35,872 [ForkJoinPool-1-worker-1] INFO  utils.BackgroundService (BackgroundService.java:shutdown(195)) - Shutting down service SCMBlockDeletingService
2025-09-28 08:46:35,872 [ForkJoinPool-1-worker-1] INFO  replication.ReplicationManager (ReplicationManager.java:stop(325)) - Replication Monitor Thread is not running.
2025-09-28 08:46:35,873 [ForkJoinPool-1-worker-1] WARN  balancer.ContainerBalancer (ContainerBalancer.java:stop(362)) - Cannot stop Container Balancer because it's not running or stopping
2025-09-28 08:46:35,873 [ForkJoinPool-1-worker-1] INFO  SCMHATransactionMonitor (BackgroundSCMService.java:stop(122)) - SCMHATransactionMonitor Service is not running, skip stop.
2025-09-28 08:46:35,873 [ForkJoinPool-1-worker-1] INFO  server.StorageContainerManager (StorageContainerManager.java:stop(1740)) - Stopping SCM MetadataStore.
2025-09-28 08:46:35,873 [LeaseManager#LeaseMonitor] WARN  lease.LeaseManager (LeaseManager.java:run(285)) - Lease manager is interrupted. Shutting down...
java.lang.InterruptedException
	at java.base/java.util.concurrent.locks.AbstractQueuedSynchronizer.tryAcquireSharedNanos(AbstractQueuedSynchronizer.java:1133)
	at java.base/java.util.concurrent.Semaphore.tryAcquire(Semaphore.java:415)
	at org.apache.hadoop.ozone.lease.LeaseManager$LeaseMonitor.run(LeaseManager.java:283)
	at java.base/java.lang.Thread.run(Thread.java:1583)
2025-09-28 08:46:35,873 [ExpiredContainerReplicaOpScrubber] WARN  ExpiredContainerReplicaOpScrubber (BackgroundSCMService.java:run(111)) - ExpiredContainerReplicaOpScrubber is interrupted, exit
Deleting path /home/runner/work/ozone/ozone/hadoop-ozone/integration-test/target/test-dir/MiniOzoneClusterImpl-6c2de427-7485-43c3-b878-dcc0cf80ac7a
]]></system-out>
  </testcase>
  <testcase name="testDeletingOrDeletedContainerTransitionsToClosedWhenNonEmptyReplicaIsReported(LifeCycleState)[2]" classname="org.apache.hadoop.ozone.container.TestContainerReportHandling" time="19.987">
    <error message="org.apache.ratis.protocol.exceptions.NotLeaderException: Server a4a824a0-2283-4935-bdba-9632c468a4b2@group-86ADD17B79F3 is not the leader" type="org.apache.hadoop.hdds.scm.exceptions.SCMException"><![CDATA[org.apache.hadoop.hdds.scm.exceptions.SCMException: org.apache.ratis.protocol.exceptions.NotLeaderException: Server a4a824a0-2283-4935-bdba-9632c468a4b2@group-86ADD17B79F3 is not the leader
	at org.apache.hadoop.hdds.scm.ha.SCMHAInvocationHandler.translateException(SCMHAInvocationHandler.java:163)
	at org.apache.hadoop.hdds.scm.ha.SCMHAInvocationHandler.invokeRatis(SCMHAInvocationHandler.java:113)
	at org.apache.hadoop.hdds.scm.ha.SCMHAInvocationHandler.invoke(SCMHAInvocationHandler.java:72)
	at jdk.proxy2/jdk.proxy2.$Proxy42.updateContainerState(Unknown Source)
	at org.apache.hadoop.hdds.scm.container.ContainerManagerImpl.updateContainerState(ContainerManagerImpl.java:284)
	at org.apache.hadoop.ozone.container.TestContainerReportHandling.testDeletingOrDeletedContainerTransitionsToClosedWhenNonEmptyReplicaIsReported(TestContainerReportHandling.java:105)
	at java.base/java.lang.reflect.Method.invoke(Method.java:580)
	at java.base/java.util.Optional.ifPresent(Optional.java:178)
	at java.base/java.util.stream.ForEachOps$ForEachOp$OfRef.accept(ForEachOps.java:184)
	at java.base/java.util.stream.ReferencePipeline$3$1.accept(ReferencePipeline.java:197)
	at java.base/java.util.stream.ForEachOps$ForEachOp$OfRef.accept(ForEachOps.java:184)
	at java.base/java.util.stream.ForEachOps$ForEachOp$OfRef.accept(ForEachOps.java:184)
	at java.base/java.util.stream.ReferencePipeline$3$1.accept(ReferencePipeline.java:197)
	at java.base/java.util.Iterator.forEachRemaining(Iterator.java:133)
	at java.base/java.util.Spliterators$IteratorSpliterator.forEachRemaining(Spliterators.java:1939)
	at java.base/java.util.stream.AbstractPipeline.copyInto(AbstractPipeline.java:509)
	at java.base/java.util.stream.AbstractPipeline.wrapAndCopyInto(AbstractPipeline.java:499)
	at java.base/java.util.stream.ForEachOps$ForEachOp.evaluateSequential(ForEachOps.java:151)
	at java.base/java.util.stream.ForEachOps$ForEachOp$OfRef.evaluateSequential(ForEachOps.java:174)
	at java.base/java.util.stream.AbstractPipeline.evaluate(AbstractPipeline.java:234)
	at java.base/java.util.stream.ReferencePipeline.forEach(ReferencePipeline.java:596)
	at java.base/java.util.stream.ReferencePipeline$7$1.accept(ReferencePipeline.java:276)
	at java.base/java.util.ArrayList$ArrayListSpliterator.forEachRemaining(ArrayList.java:1708)
	at java.base/java.util.stream.AbstractPipeline.copyInto(AbstractPipeline.java:509)
	at java.base/java.util.stream.AbstractPipeline.wrapAndCopyInto(AbstractPipeline.java:499)
	at java.base/java.util.stream.ForEachOps$ForEachOp.evaluateSequential(ForEachOps.java:151)
	at java.base/java.util.stream.ForEachOps$ForEachOp$OfRef.evaluateSequential(ForEachOps.java:174)
	at java.base/java.util.stream.AbstractPipeline.evaluate(AbstractPipeline.java:234)
	at java.base/java.util.stream.ReferencePipeline.forEach(ReferencePipeline.java:596)
	at java.base/java.util.stream.ReferencePipeline$7$1.accept(ReferencePipeline.java:276)
	at java.base/java.util.stream.ReferencePipeline$3$1.accept(ReferencePipeline.java:197)
	at java.base/java.util.stream.ReferencePipeline$3$1.accept(ReferencePipeline.java:197)
	at java.base/java.util.stream.ReferencePipeline$3$1.accept(ReferencePipeline.java:197)
	at java.base/java.util.ArrayList$ArrayListSpliterator.forEachRemaining(ArrayList.java:1708)
	at java.base/java.util.stream.AbstractPipeline.copyInto(AbstractPipeline.java:509)
	at java.base/java.util.stream.AbstractPipeline.wrapAndCopyInto(AbstractPipeline.java:499)
	at java.base/java.util.stream.ForEachOps$ForEachOp.evaluateSequential(ForEachOps.java:151)
	at java.base/java.util.stream.ForEachOps$ForEachOp$OfRef.evaluateSequential(ForEachOps.java:174)
	at java.base/java.util.stream.AbstractPipeline.evaluate(AbstractPipeline.java:234)
	at java.base/java.util.stream.ReferencePipeline.forEach(ReferencePipeline.java:596)
	at java.base/java.util.concurrent.ForkJoinTask.doExec(ForkJoinTask.java:387)
	at java.base/java.util.concurrent.ForkJoinPool$WorkQueue.topLevelExec(ForkJoinPool.java:1312)
	at java.base/java.util.concurrent.ForkJoinPool.scan(ForkJoinPool.java:1843)
	at java.base/java.util.concurrent.ForkJoinPool.runWorker(ForkJoinPool.java:1808)
	at java.base/java.util.concurrent.ForkJoinWorkerThread.run(ForkJoinWorkerThread.java:188)
Caused by: org.apache.ratis.protocol.exceptions.NotLeaderException: Server a4a824a0-2283-4935-bdba-9632c468a4b2@group-86ADD17B79F3 is not the leader
	at org.apache.ratis.server.impl.RaftServerImpl.generateNotLeaderException(RaftServerImpl.java:794)
	at org.apache.ratis.server.impl.LeaderStateImpl.stop(LeaderStateImpl.java:435)
	at org.apache.ratis.server.impl.RoleInfo.shutdownLeaderState(RoleInfo.java:104)
	at org.apache.ratis.server.impl.RaftServerImpl.lambda$close$1(RaftServerImpl.java:544)
	at org.apache.ratis.util.LifeCycle.lambda$checkStateAndClose$7(LifeCycle.java:306)
	at org.apache.ratis.util.LifeCycle.checkStateAndClose(LifeCycle.java:326)
	at org.apache.ratis.util.LifeCycle.checkStateAndClose(LifeCycle.java:304)
	at org.apache.ratis.server.impl.RaftServerImpl.close(RaftServerImpl.java:526)
	at org.apache.ratis.server.impl.StateMachineUpdater.run(StateMachineUpdater.java:207)
	at java.base/java.lang.Thread.run(Thread.java:1583)
]]></error>
    <system-out><![CDATA[2025-09-28 08:46:35,966 [ForkJoinPool-1-worker-1] INFO  ha.SCMHANodeDetails (SCMHANodeDetails.java:loadSCMHAConfig(162)) - ServiceID for StorageContainerManager is null
2025-09-28 08:46:35,966 [ForkJoinPool-1-worker-1] INFO  ha.SCMHANodeDetails (SCMHANodeDetails.java:loadSCMHAConfig(166)) - ozone.scm.default.service.id is not defined, falling back to ozone.scm.service.ids to find serviceID for StorageContainerManager if it is HA enabled cluster
2025-09-28 08:46:35,967 [ForkJoinPool-1-worker-1] INFO  server.RaftServerConfigKeys (ConfUtils.java:logGet(62)) - raft.server.log.appender.buffer.byte-limit = 4194304 (custom)
2025-09-28 08:46:35,968 [ForkJoinPool-1-worker-1] INFO  grpc.GrpcConfigKeys (ConfUtils.java:logFallback(69)) - raft.grpc.admin.host = null (fallback to raft.grpc.server.host)
2025-09-28 08:46:35,968 [ForkJoinPool-1-worker-1] INFO  grpc.GrpcConfigKeys (ConfUtils.java:logFallback(69)) - raft.grpc.admin.port = 15038 (fallback to raft.grpc.server.port)
2025-09-28 08:46:35,968 [ForkJoinPool-1-worker-1] INFO  grpc.GrpcConfigKeys (ConfUtils.java:logFallback(69)) - raft.grpc.client.host = null (fallback to raft.grpc.server.host)
2025-09-28 08:46:35,969 [ForkJoinPool-1-worker-1] INFO  grpc.GrpcConfigKeys (ConfUtils.java:logFallback(69)) - raft.grpc.client.port = 15038 (fallback to raft.grpc.server.port)
2025-09-28 08:46:35,969 [ForkJoinPool-1-worker-1] INFO  grpc.GrpcConfigKeys (ConfUtils.java:logGet(62)) - raft.grpc.server.port = 15038 (custom)
2025-09-28 08:46:35,969 [ForkJoinPool-1-worker-1] INFO  server.GrpcServicesImpl (ConfUtils.java:logGet(62)) - raft.grpc.message.size.max = 5242880 (custom)
2025-09-28 08:46:35,969 [ForkJoinPool-1-worker-1] INFO  server.GrpcServicesImpl (ConfUtils.java:logGet(62)) - raft.grpc.flow.control.window = 1MB (=1048576) (default)
2025-09-28 08:46:35,969 [ForkJoinPool-1-worker-1] INFO  server.RaftServerConfigKeys (ConfUtils.java:logGet(62)) - raft.server.rpc.request.timeout = 30000ms (custom)
2025-09-28 08:46:35,969 [ForkJoinPool-1-worker-1] INFO  server.RaftServerConfigKeys (ConfUtils.java:logGet(62)) - raft.server.log.appender.buffer.byte-limit = 4194304 (custom)
2025-09-28 08:46:35,970 [ForkJoinPool-1-worker-1] INFO  impl.DataStreamServerImpl (ConfUtils.java:logGet(62)) - raft.datastream.type = DISABLED (default)
2025-09-28 08:46:35,971 [ForkJoinPool-1-worker-1] INFO  server.RaftServerConfigKeys (ConfUtils.java:logGet(62)) - raft.server.storage.dir = [/home/runner/work/ozone/ozone/hadoop-ozone/integration-test/target/test-dir/MiniOzoneClusterImpl-ffd4f26c-0daa-4d09-bef2-86add17b79f3/scm/ratis] (custom)
2025-09-28 08:46:35,971 [ForkJoinPool-1-worker-1] INFO  server.RaftServer (RaftServerProxy.java:addNew(105)) - a4a824a0-2283-4935-bdba-9632c468a4b2: addNew group-86ADD17B79F3:[a4a824a0-2283-4935-bdba-9632c468a4b2|localhost:15038] returns group-86ADD17B79F3:java.util.concurrent.CompletableFuture@49544f23[Not completed]
2025-09-28 08:46:35,972 [a4a824a0-2283-4935-bdba-9632c468a4b2-groupManagement] INFO  server.RaftServer$Division (RaftServerImpl.java:<init>(268)) - a4a824a0-2283-4935-bdba-9632c468a4b2: new RaftServerImpl for group-86ADD17B79F3:[a4a824a0-2283-4935-bdba-9632c468a4b2|localhost:15038] with SCMStateMachine:uninitialized
2025-09-28 08:46:35,972 [a4a824a0-2283-4935-bdba-9632c468a4b2-groupManagement] INFO  server.RaftServerConfigKeys (ConfUtils.java:logGet(62)) - raft.server.rpc.slowness.timeout = 120000ms (custom)
2025-09-28 08:46:35,972 [a4a824a0-2283-4935-bdba-9632c468a4b2-groupManagement] INFO  server.RaftServer$Division (ServerState.java:<init>(114)) - a4a824a0-2283-4935-bdba-9632c468a4b2@group-86ADD17B79F3: ConfigurationManager, init=conf: {index: -1, cur=peers:[a4a824a0-2283-4935-bdba-9632c468a4b2|localhost:15038]|listeners:[], old=null}, confs=<EMPTY_MAP>
2025-09-28 08:46:35,972 [a4a824a0-2283-4935-bdba-9632c468a4b2-groupManagement] INFO  server.RaftServerConfigKeys (ConfUtils.java:logGet(62)) - raft.server.notification.no-leader.timeout = 60s (default)
2025-09-28 08:46:35,972 [a4a824a0-2283-4935-bdba-9632c468a4b2-groupManagement] INFO  server.RaftServerConfigKeys (ConfUtils.java:logGet(62)) - raft.server.retrycache.expirytime = 60000ms (default)
2025-09-28 08:46:35,973 [a4a824a0-2283-4935-bdba-9632c468a4b2-impl-thread1] INFO  storage.RaftStorageDirectory (RaftStorageDirectoryImpl.java:analyzeStorage(138)) - The storage directory /home/runner/work/ozone/ozone/hadoop-ozone/integration-test/target/test-dir/MiniOzoneClusterImpl-ffd4f26c-0daa-4d09-bef2-86add17b79f3/scm/ratis/ffd4f26c-0daa-4d09-bef2-86add17b79f3 does not exist. Creating ...
2025-09-28 08:46:35,974 [a4a824a0-2283-4935-bdba-9632c468a4b2-impl-thread1] INFO  storage.RaftStorageDirectory (RaftStorageDirectoryImpl.java:tryLock(229)) - Lock on /home/runner/work/ozone/ozone/hadoop-ozone/integration-test/target/test-dir/MiniOzoneClusterImpl-ffd4f26c-0daa-4d09-bef2-86add17b79f3/scm/ratis/ffd4f26c-0daa-4d09-bef2-86add17b79f3/in_use.lock acquired by nodename 129489@localhost
2025-09-28 08:46:35,975 [a4a824a0-2283-4935-bdba-9632c468a4b2-impl-thread1] INFO  storage.RaftStorage (RaftStorageImpl.java:format(98)) - Storage directory /home/runner/work/ozone/ozone/hadoop-ozone/integration-test/target/test-dir/MiniOzoneClusterImpl-ffd4f26c-0daa-4d09-bef2-86add17b79f3/scm/ratis/ffd4f26c-0daa-4d09-bef2-86add17b79f3 has been successfully formatted.
2025-09-28 08:46:35,975 [a4a824a0-2283-4935-bdba-9632c468a4b2-impl-thread1] INFO  ha.SCMStateMachine (SCMStateMachine.java:lambda$initialize$0(135)) - a4a824a0-2283-4935-bdba-9632c468a4b2: initialize group-86ADD17B79F3
2025-09-28 08:46:35,975 [a4a824a0-2283-4935-bdba-9632c468a4b2-impl-thread1] INFO  server.RaftServerConfigKeys (ConfUtils.java:logGet(62)) - raft.server.log.appender.buffer.byte-limit = 4194304 (custom)
2025-09-28 08:46:35,976 [a4a824a0-2283-4935-bdba-9632c468a4b2-impl-thread1] INFO  server.RaftServerConfigKeys (ConfUtils.java:logGet(62)) - raft.server.log.segment.size.max = 67108864 (custom)
2025-09-28 08:46:35,976 [a4a824a0-2283-4935-bdba-9632c468a4b2-impl-thread1] INFO  server.RaftServerConfigKeys (ConfUtils.java:logGet(62)) - raft.server.log.appender.buffer.byte-limit = 4194304 (custom)
2025-09-28 08:46:35,976 [a4a824a0-2283-4935-bdba-9632c468a4b2-impl-thread1] INFO  util.AwaitToRun (AwaitToRun.java:start(81)) - Thread[#1213,a4a824a0-2283-4935-bdba-9632c468a4b2@group-86ADD17B79F3-cacheEviction-AwaitToRun,5,main] started
2025-09-28 08:46:35,976 [a4a824a0-2283-4935-bdba-9632c468a4b2-impl-thread1] INFO  segmented.SegmentedRaftLogWorker (SegmentedRaftLogWorker.java:<init>(190)) - new a4a824a0-2283-4935-bdba-9632c468a4b2@group-86ADD17B79F3-SegmentedRaftLogWorker for RaftStorageImpl:Storage Directory /home/runner/work/ozone/ozone/hadoop-ozone/integration-test/target/test-dir/MiniOzoneClusterImpl-ffd4f26c-0daa-4d09-bef2-86add17b79f3/scm/ratis/ffd4f26c-0daa-4d09-bef2-86add17b79f3
2025-09-28 08:46:35,976 [a4a824a0-2283-4935-bdba-9632c468a4b2-impl-thread1] INFO  server.RaftServerConfigKeys (ConfUtils.java:logGet(62)) - raft.server.log.queue.byte-limit = 64MB (=67108864) (default)
2025-09-28 08:46:35,976 [a4a824a0-2283-4935-bdba-9632c468a4b2-impl-thread1] INFO  server.RaftServerConfigKeys (ConfUtils.java:logGet(62)) - raft.server.log.queue.element-limit = 4096 (default)
2025-09-28 08:46:35,976 [a4a824a0-2283-4935-bdba-9632c468a4b2-impl-thread1] INFO  server.RaftServerConfigKeys (ConfUtils.java:logGet(62)) - raft.server.log.segment.size.max = 67108864 (custom)
2025-09-28 08:46:35,976 [a4a824a0-2283-4935-bdba-9632c468a4b2-impl-thread1] INFO  server.RaftServerConfigKeys (ConfUtils.java:logGet(62)) - raft.server.log.preallocated.size = 4194304 (custom)
2025-09-28 08:46:35,976 [a4a824a0-2283-4935-bdba-9632c468a4b2-impl-thread1] INFO  server.RaftServerConfigKeys (ConfUtils.java:logGet(62)) - raft.server.log.statemachine.data.sync.timeout.retry = -1 (default)
2025-09-28 08:46:35,976 [a4a824a0-2283-4935-bdba-9632c468a4b2-impl-thread1] INFO  server.RaftServerConfigKeys (ConfUtils.java:logGet(62)) - raft.server.log.write.buffer.size = 4194312 (custom)
2025-09-28 08:46:35,978 [a4a824a0-2283-4935-bdba-9632c468a4b2-impl-thread1] INFO  server.RaftServerConfigKeys (ConfUtils.java:logGet(62)) - raft.server.log.appender.buffer.byte-limit = 4194304 (custom)
2025-09-28 08:46:35,978 [a4a824a0-2283-4935-bdba-9632c468a4b2-impl-thread1] INFO  server.RaftServerConfigKeys (ConfUtils.java:logGet(62)) - raft.server.log.statemachine.data.caching.enabled = false (default)
2025-09-28 08:46:35,978 [a4a824a0-2283-4935-bdba-9632c468a4b2-impl-thread1] INFO  segmented.SegmentedRaftLogWorker (SegmentedRaftLogWorker.java:lambda$new$0(141)) - a4a824a0-2283-4935-bdba-9632c468a4b2@group-86ADD17B79F3-SegmentedRaftLogWorker: flushIndex: setUnconditionally 0 -> -1
2025-09-28 08:46:35,978 [a4a824a0-2283-4935-bdba-9632c468a4b2-impl-thread1] INFO  segmented.SegmentedRaftLogWorker (SegmentedRaftLogWorker.java:lambda$new$0(141)) - a4a824a0-2283-4935-bdba-9632c468a4b2@group-86ADD17B79F3-SegmentedRaftLogWorker: safeCacheEvictIndex: setUnconditionally 0 -> -1
2025-09-28 08:46:35,978 [a4a824a0-2283-4935-bdba-9632c468a4b2-impl-thread1] INFO  server.RaftServer$Division (RaftServerImpl.java:start(405)) - a4a824a0-2283-4935-bdba-9632c468a4b2@group-86ADD17B79F3: start as a follower, conf=conf: {index: -1, cur=peers:[a4a824a0-2283-4935-bdba-9632c468a4b2|localhost:15038]|listeners:[], old=null}
2025-09-28 08:46:35,978 [a4a824a0-2283-4935-bdba-9632c468a4b2-impl-thread1] INFO  server.RaftServer$Division (RaftServerImpl.java:setRole(392)) - a4a824a0-2283-4935-bdba-9632c468a4b2@group-86ADD17B79F3: changes role from      null to FOLLOWER at term 0 for startAsFollower
2025-09-28 08:46:35,978 [a4a824a0-2283-4935-bdba-9632c468a4b2-impl-thread1] INFO  impl.RoleInfo (RoleInfo.java:updateAndGet(148)) - a4a824a0-2283-4935-bdba-9632c468a4b2: start a4a824a0-2283-4935-bdba-9632c468a4b2@group-86ADD17B79F3-FollowerState
2025-09-28 08:46:35,978 [a4a824a0-2283-4935-bdba-9632c468a4b2-impl-thread1] INFO  util.JmxRegister (JmxRegister.java:tryRegister(44)) - Successfully registered JMX Bean with object name Ratis:service=RaftServer,group=group-86ADD17B79F3,id=a4a824a0-2283-4935-bdba-9632c468a4b2
2025-09-28 08:46:35,978 [a4a824a0-2283-4935-bdba-9632c468a4b2-impl-thread1] INFO  util.JmxRegister (JmxRegister.java:register(58)) - register mxBean class org.apache.ratis.server.impl.RaftServerJmxAdapter as Ratis:service=RaftServer,group=group-86ADD17B79F3,id=a4a824a0-2283-4935-bdba-9632c468a4b2
2025-09-28 08:46:35,978 [a4a824a0-2283-4935-bdba-9632c468a4b2-impl-thread1] INFO  server.RaftServerConfigKeys (ConfUtils.java:logGet(62)) - raft.server.snapshot.auto.trigger.threshold = 1000 (custom)
2025-09-28 08:46:35,979 [a4a824a0-2283-4935-bdba-9632c468a4b2-impl-thread1] INFO  server.RaftServerConfigKeys (ConfUtils.java:logGet(62)) - raft.server.snapshot.retention.file.num = -1 (default)
2025-09-28 08:46:35,979 [a4a824a0-2283-4935-bdba-9632c468a4b2-impl-thread1] INFO  server.RaftServer$Division (RaftServerImpl.java:start(419)) - a4a824a0-2283-4935-bdba-9632c468a4b2@group-86ADD17B79F3: Successfully started.
2025-09-28 08:46:35,979 [ForkJoinPool-1-worker-1] INFO  server.RaftServer (RaftServerProxy.java:startImpl(412)) - a4a824a0-2283-4935-bdba-9632c468a4b2: start RPC server
2025-09-28 08:46:35,980 [ForkJoinPool-1-worker-1] INFO  server.GrpcServicesImpl (GrpcServicesImpl.java:startImpl(346)) - a4a824a0-2283-4935-bdba-9632c468a4b2: GrpcServicesImpl started, listening on 15038
2025-09-28 08:46:35,980 [JvmPauseMonitor7] INFO  util.JvmPauseMonitor (JvmPauseMonitor.java:run(146)) - JvmPauseMonitor-a4a824a0-2283-4935-bdba-9632c468a4b2: Started
2025-09-28 08:46:37,101 [a4a824a0-2283-4935-bdba-9632c468a4b2@group-86ADD17B79F3-FollowerState] INFO  impl.FollowerState (FollowerState.java:runImpl(161)) - a4a824a0-2283-4935-bdba-9632c468a4b2@group-86ADD17B79F3-FollowerState: change to CANDIDATE, lastRpcElapsedTime:1122283313ns, electionTimeout:1122ms
2025-09-28 08:46:37,101 [a4a824a0-2283-4935-bdba-9632c468a4b2@group-86ADD17B79F3-FollowerState] INFO  impl.RoleInfo (RoleInfo.java:shutdownFollowerState(121)) - a4a824a0-2283-4935-bdba-9632c468a4b2: shutdown a4a824a0-2283-4935-bdba-9632c468a4b2@group-86ADD17B79F3-FollowerState
2025-09-28 08:46:37,101 [a4a824a0-2283-4935-bdba-9632c468a4b2@group-86ADD17B79F3-FollowerState] INFO  server.RaftServer$Division (RaftServerImpl.java:setRole(392)) - a4a824a0-2283-4935-bdba-9632c468a4b2@group-86ADD17B79F3: changes role from  FOLLOWER to CANDIDATE at term 0 for changeToCandidate
2025-09-28 08:46:37,101 [a4a824a0-2283-4935-bdba-9632c468a4b2@group-86ADD17B79F3-FollowerState] INFO  impl.RoleInfo (RoleInfo.java:updateAndGet(148)) - a4a824a0-2283-4935-bdba-9632c468a4b2: start a4a824a0-2283-4935-bdba-9632c468a4b2@group-86ADD17B79F3-LeaderElection14
2025-09-28 08:46:37,101 [a4a824a0-2283-4935-bdba-9632c468a4b2@group-86ADD17B79F3-LeaderElection14] INFO  impl.LeaderElection (LeaderElection.java:askForVotes(448)) - a4a824a0-2283-4935-bdba-9632c468a4b2@group-86ADD17B79F3-LeaderElection14 PRE_VOTE round 0: submit vote requests at term 0 for conf: {index: -1, cur=peers:[a4a824a0-2283-4935-bdba-9632c468a4b2|localhost:15038]|listeners:[], old=null}
2025-09-28 08:46:37,101 [a4a824a0-2283-4935-bdba-9632c468a4b2@group-86ADD17B79F3-LeaderElection14] INFO  impl.LeaderElection (LeaderElection.java:askForVotes(450)) - a4a824a0-2283-4935-bdba-9632c468a4b2@group-86ADD17B79F3-LeaderElection14 PRE_VOTE round 0: result PASSED (term=0)
2025-09-28 08:46:37,103 [a4a824a0-2283-4935-bdba-9632c468a4b2@group-86ADD17B79F3-LeaderElection14] INFO  impl.LeaderElection (LeaderElection.java:askForVotes(448)) - a4a824a0-2283-4935-bdba-9632c468a4b2@group-86ADD17B79F3-LeaderElection14 ELECTION round 0: submit vote requests at term 1 for conf: {index: -1, cur=peers:[a4a824a0-2283-4935-bdba-9632c468a4b2|localhost:15038]|listeners:[], old=null}
2025-09-28 08:46:37,103 [a4a824a0-2283-4935-bdba-9632c468a4b2@group-86ADD17B79F3-LeaderElection14] INFO  impl.LeaderElection (LeaderElection.java:askForVotes(450)) - a4a824a0-2283-4935-bdba-9632c468a4b2@group-86ADD17B79F3-LeaderElection14 ELECTION round 0: result PASSED (term=1)
2025-09-28 08:46:37,103 [a4a824a0-2283-4935-bdba-9632c468a4b2@group-86ADD17B79F3-LeaderElection14] INFO  impl.RoleInfo (RoleInfo.java:shutdownLeaderElection(141)) - a4a824a0-2283-4935-bdba-9632c468a4b2: shutdown a4a824a0-2283-4935-bdba-9632c468a4b2@group-86ADD17B79F3-LeaderElection14
2025-09-28 08:46:37,103 [a4a824a0-2283-4935-bdba-9632c468a4b2@group-86ADD17B79F3-LeaderElection14] INFO  server.RaftServer$Division (RaftServerImpl.java:setRole(392)) - a4a824a0-2283-4935-bdba-9632c468a4b2@group-86ADD17B79F3: changes role from CANDIDATE to LEADER at term 1 for changeToLeader
2025-09-28 08:46:37,103 [a4a824a0-2283-4935-bdba-9632c468a4b2@group-86ADD17B79F3-LeaderElection14] INFO  server.RaftServerConfigKeys (ConfUtils.java:logFallback(69)) - raft.server.staging.timeout = 15600ms (fallback to raft.server.rpc.timeout.max)
2025-09-28 08:46:37,103 [a4a824a0-2283-4935-bdba-9632c468a4b2@group-86ADD17B79F3-LeaderElection14] INFO  server.RaftServerConfigKeys (ConfUtils.java:logGet(62)) - raft.server.write.element-limit = 4096 (default)
2025-09-28 08:46:37,103 [a4a824a0-2283-4935-bdba-9632c468a4b2@group-86ADD17B79F3-LeaderElection14] INFO  server.RaftServerConfigKeys (ConfUtils.java:logGet(62)) - raft.server.write.byte-limit = 64MB (=67108864) (default)
2025-09-28 08:46:37,103 [a4a824a0-2283-4935-bdba-9632c468a4b2@group-86ADD17B79F3-LeaderElection14] INFO  server.RaftServerConfigKeys (ConfUtils.java:logGet(62)) - raft.server.watch.timeout = 10s (default)
2025-09-28 08:46:37,104 [a4a824a0-2283-4935-bdba-9632c468a4b2@group-86ADD17B79F3-LeaderElection14] INFO  server.RaftServerConfigKeys (ConfUtils.java:logGet(62)) - raft.server.log.log-metadata.enabled = false (custom)
2025-09-28 08:46:37,104 [a4a824a0-2283-4935-bdba-9632c468a4b2@group-86ADD17B79F3-LeaderElection14] INFO  impl.RoleInfo (RoleInfo.java:updateAndGet(148)) - a4a824a0-2283-4935-bdba-9632c468a4b2: start a4a824a0-2283-4935-bdba-9632c468a4b2@group-86ADD17B79F3-LeaderStateImpl
2025-09-28 08:46:37,104 [a4a824a0-2283-4935-bdba-9632c468a4b2@group-86ADD17B79F3-LeaderElection14] INFO  server.RaftServer$Division (RaftServerImpl.java:setFirstElection(576)) - a4a824a0-2283-4935-bdba-9632c468a4b2@group-86ADD17B79F3: set firstElectionSinceStartup to false for becomeLeader
2025-09-28 08:46:37,104 [a4a824a0-2283-4935-bdba-9632c468a4b2@group-86ADD17B79F3-LeaderElection14] INFO  server.RaftServer$Division (ServerState.java:setLeader(272)) - a4a824a0-2283-4935-bdba-9632c468a4b2@group-86ADD17B79F3: change Leader from null to a4a824a0-2283-4935-bdba-9632c468a4b2 at term 1 for becomeLeader, leader elected after 1131ms
2025-09-28 08:46:37,104 [a4a824a0-2283-4935-bdba-9632c468a4b2@group-86ADD17B79F3-LeaderElection14] INFO  segmented.SegmentedRaftLogWorker (SegmentedRaftLogWorker.java:startLogSegment(440)) - a4a824a0-2283-4935-bdba-9632c468a4b2@group-86ADD17B79F3-SegmentedRaftLogWorker: Starting segment from index:0
2025-09-28 08:46:37,104 [a4a824a0-2283-4935-bdba-9632c468a4b2@group-86ADD17B79F3-LeaderElection14] INFO  server.RaftServer$Division (ServerState.java:setRaftConf(386)) - a4a824a0-2283-4935-bdba-9632c468a4b2@group-86ADD17B79F3: set configuration conf: {index: 0, cur=peers:[a4a824a0-2283-4935-bdba-9632c468a4b2|localhost:15038]|listeners:[], old=null}
2025-09-28 08:46:37,105 [a4a824a0-2283-4935-bdba-9632c468a4b2@group-86ADD17B79F3-SegmentedRaftLogWorker] INFO  segmented.BufferedWriteChannel (BufferedWriteChannel.java:open(61)) - open log_inprogress_0 at position 0
2025-09-28 08:46:37,109 [a4a824a0-2283-4935-bdba-9632c468a4b2@group-86ADD17B79F3-SegmentedRaftLogWorker] INFO  segmented.SegmentedRaftLogWorker (SegmentedRaftLogWorker.java:execute(647)) - a4a824a0-2283-4935-bdba-9632c468a4b2@group-86ADD17B79F3-SegmentedRaftLogWorker: created new log segment /home/runner/work/ozone/ozone/hadoop-ozone/integration-test/target/test-dir/MiniOzoneClusterImpl-ffd4f26c-0daa-4d09-bef2-86add17b79f3/scm/ratis/ffd4f26c-0daa-4d09-bef2-86add17b79f3/current/log_inprogress_0
2025-09-28 08:46:37,110 [a4a824a0-2283-4935-bdba-9632c468a4b2@group-86ADD17B79F3-StateMachineUpdater] INFO  server.RaftServer$Division (LeaderStateImpl.java:checkStartIndex(309)) - Leader a4a824a0-2283-4935-bdba-9632c468a4b2@group-86ADD17B79F3-LeaderStateImpl is ready since appliedIndex == startIndex == 0
2025-09-28 08:46:37,981 [ForkJoinPool-1-worker-1] INFO  server.RaftServer (RaftServerProxy.java:lambda$close$9(422)) - a4a824a0-2283-4935-bdba-9632c468a4b2: close
2025-09-28 08:46:37,981 [ForkJoinPool-1-worker-1] INFO  server.GrpcServicesImpl (GrpcServicesImpl.java:closeImpl(355)) - a4a824a0-2283-4935-bdba-9632c468a4b2: shutdown server GrpcServerProtocolService now
2025-09-28 08:46:37,981 [a4a824a0-2283-4935-bdba-9632c468a4b2-impl-thread1] INFO  server.RaftServer$Division (RaftServerImpl.java:lambda$close$1(527)) - a4a824a0-2283-4935-bdba-9632c468a4b2@group-86ADD17B79F3: shutdown
2025-09-28 08:46:37,981 [a4a824a0-2283-4935-bdba-9632c468a4b2-impl-thread1] INFO  util.JmxRegister (JmxRegister.java:unregister(74)) - Successfully un-registered JMX Bean with object name Ratis:service=RaftServer,group=group-86ADD17B79F3,id=a4a824a0-2283-4935-bdba-9632c468a4b2
2025-09-28 08:46:37,982 [a4a824a0-2283-4935-bdba-9632c468a4b2-impl-thread1] INFO  impl.RoleInfo (RoleInfo.java:shutdownLeaderState(103)) - a4a824a0-2283-4935-bdba-9632c468a4b2: shutdown a4a824a0-2283-4935-bdba-9632c468a4b2@group-86ADD17B79F3-LeaderStateImpl
2025-09-28 08:46:37,982 [a4a824a0-2283-4935-bdba-9632c468a4b2-impl-thread1] INFO  impl.PendingRequests (PendingRequests.java:sendNotLeaderResponses(287)) - a4a824a0-2283-4935-bdba-9632c468a4b2@group-86ADD17B79F3-PendingRequests: sendNotLeaderResponses
2025-09-28 08:46:37,982 [ForkJoinPool-1-worker-1] INFO  server.GrpcServicesImpl (GrpcServicesImpl.java:closeImpl(364)) - a4a824a0-2283-4935-bdba-9632c468a4b2: shutdown server GrpcServerProtocolService successfully
2025-09-28 08:46:37,982 [a4a824a0-2283-4935-bdba-9632c468a4b2-impl-thread1] INFO  impl.StateMachineUpdater (StateMachineUpdater.java:stopAndJoin(163)) - a4a824a0-2283-4935-bdba-9632c468a4b2@group-86ADD17B79F3-StateMachineUpdater: set stopIndex = 0
2025-09-28 08:46:37,982 [a4a824a0-2283-4935-bdba-9632c468a4b2@group-86ADD17B79F3-StateMachineUpdater] INFO  impl.StateMachineUpdater (StateMachineUpdater.java:takeSnapshot(307)) - a4a824a0-2283-4935-bdba-9632c468a4b2@group-86ADD17B79F3-StateMachineUpdater: Took a snapshot at index 0
2025-09-28 08:46:37,982 [a4a824a0-2283-4935-bdba-9632c468a4b2@group-86ADD17B79F3-StateMachineUpdater] INFO  impl.StateMachineUpdater (StateMachineUpdater.java:lambda$new$0(101)) - a4a824a0-2283-4935-bdba-9632c468a4b2@group-86ADD17B79F3-StateMachineUpdater: snapshotIndex: updateIncreasingly -1 -> 0
2025-09-28 08:46:37,982 [a4a824a0-2283-4935-bdba-9632c468a4b2@group-86ADD17B79F3-StateMachineUpdater] INFO  impl.StateMachineUpdater (StateMachineUpdater.java:stop(140)) - a4a824a0-2283-4935-bdba-9632c468a4b2@group-86ADD17B79F3-StateMachineUpdater: closing SCMStateMachine, lastApplied=(t:1, i:0)
2025-09-28 08:46:37,983 [a4a824a0-2283-4935-bdba-9632c468a4b2@group-86ADD17B79F3-cacheEviction-AwaitToRun] INFO  util.AwaitToRun (AwaitToRun.java:run(49)) - a4a824a0-2283-4935-bdba-9632c468a4b2@group-86ADD17B79F3-cacheEviction-AwaitToRun-AwaitForSignal is interrupted
2025-09-28 08:46:38,110 [a4a824a0-2283-4935-bdba-9632c468a4b2-impl-thread1] INFO  segmented.SegmentedRaftLogWorker (SegmentedRaftLogWorker.java:close(254)) - a4a824a0-2283-4935-bdba-9632c468a4b2@group-86ADD17B79F3-SegmentedRaftLogWorker close()
2025-09-28 08:46:38,111 [JvmPauseMonitor7] INFO  util.JvmPauseMonitor (JvmPauseMonitor.java:run(152)) - JvmPauseMonitor-a4a824a0-2283-4935-bdba-9632c468a4b2: Stopped
2025-09-28 08:46:38,111 [ForkJoinPool-1-worker-1] INFO  ha.SCMHANodeDetails (SCMHANodeDetails.java:loadSCMHAConfig(162)) - ServiceID for StorageContainerManager is null
2025-09-28 08:46:38,111 [ForkJoinPool-1-worker-1] INFO  ha.SCMHANodeDetails (SCMHANodeDetails.java:loadSCMHAConfig(166)) - ozone.scm.default.service.id is not defined, falling back to ozone.scm.service.ids to find serviceID for StorageContainerManager if it is HA enabled cluster
2025-09-28 08:46:38,166 [ForkJoinPool-1-worker-1] INFO  net.NodeSchemaLoader (NodeSchemaLoader.java:loadSchemaFromFile(128)) - Loading schema from [jar:file:/home/runner/work/ozone/ozone/hadoop-hdds/common/target/hdds-common-2.1.0-SNAPSHOT.jar!/network-topology-default.xml]
2025-09-28 08:46:38,167 [ForkJoinPool-1-worker-1] INFO  net.NodeSchemaLoader (NodeSchemaLoader.java:loadSchema(175)) - Loading network topology layer schema file
2025-09-28 08:46:38,183 [ForkJoinPool-1-worker-1] INFO  ha.SCMRatisServerImpl (SCMRatisServerImpl.java:<init>(100)) - starting Raft server for scm:a4a824a0-2283-4935-bdba-9632c468a4b2
2025-09-28 08:46:38,184 [ForkJoinPool-1-worker-1] INFO  server.RaftServerConfigKeys (ConfUtils.java:logGet(62)) - raft.server.log.appender.buffer.byte-limit = 4194304 (custom)
2025-09-28 08:46:38,185 [ForkJoinPool-1-worker-1] INFO  grpc.GrpcConfigKeys (ConfUtils.java:logFallback(69)) - raft.grpc.admin.host = null (fallback to raft.grpc.server.host)
2025-09-28 08:46:38,185 [ForkJoinPool-1-worker-1] INFO  grpc.GrpcConfigKeys (ConfUtils.java:logFallback(69)) - raft.grpc.admin.port = 15038 (fallback to raft.grpc.server.port)
2025-09-28 08:46:38,185 [ForkJoinPool-1-worker-1] INFO  grpc.GrpcConfigKeys (ConfUtils.java:logFallback(69)) - raft.grpc.client.host = null (fallback to raft.grpc.server.host)
2025-09-28 08:46:38,185 [ForkJoinPool-1-worker-1] INFO  grpc.GrpcConfigKeys (ConfUtils.java:logFallback(69)) - raft.grpc.client.port = 15038 (fallback to raft.grpc.server.port)
2025-09-28 08:46:38,185 [ForkJoinPool-1-worker-1] INFO  server.GrpcServicesImpl (ConfUtils.java:logGet(62)) - raft.grpc.message.size.max = 5242880 (custom)
2025-09-28 08:46:38,185 [ForkJoinPool-1-worker-1] INFO  server.RaftServerConfigKeys (ConfUtils.java:logGet(62)) - raft.server.log.appender.buffer.byte-limit = 4194304 (custom)
2025-09-28 08:46:38,186 [a4a824a0-2283-4935-bdba-9632c468a4b2-impl-thread1] INFO  server.RaftServer (RaftServerProxy.java:initGroupDir(270)) - a4a824a0-2283-4935-bdba-9632c468a4b2: found a subdirectory /home/runner/work/ozone/ozone/hadoop-ozone/integration-test/target/test-dir/MiniOzoneClusterImpl-ffd4f26c-0daa-4d09-bef2-86add17b79f3/scm/ratis/ffd4f26c-0daa-4d09-bef2-86add17b79f3
2025-09-28 08:46:38,187 [ForkJoinPool-1-worker-1] INFO  server.RaftServer (RaftServerProxy.java:addNew(105)) - a4a824a0-2283-4935-bdba-9632c468a4b2: addNew group-86ADD17B79F3:[] returns group-86ADD17B79F3:java.util.concurrent.CompletableFuture@51db7b3b[Not completed]
2025-09-28 08:46:38,187 [a4a824a0-2283-4935-bdba-9632c468a4b2-groupManagement] INFO  server.RaftServer$Division (RaftServerImpl.java:<init>(268)) - a4a824a0-2283-4935-bdba-9632c468a4b2: new RaftServerImpl for group-86ADD17B79F3:[] with SCMStateMachine:uninitialized
2025-09-28 08:46:38,187 [a4a824a0-2283-4935-bdba-9632c468a4b2-groupManagement] INFO  server.RaftServer$Division (ServerState.java:<init>(114)) - a4a824a0-2283-4935-bdba-9632c468a4b2@group-86ADD17B79F3: ConfigurationManager, init=conf: {index: -1, cur=peers:[]|listeners:[], old=null}, confs=<EMPTY_MAP>
2025-09-28 08:46:38,188 [ForkJoinPool-1-worker-1] INFO  ha.SCMSnapshotProvider (SCMSnapshotProvider.java:<init>(61)) - Initializing SCM Snapshot Provider
2025-09-28 08:46:38,189 [ForkJoinPool-1-worker-1] INFO  upgrade.AbstractLayoutVersionManager (AbstractLayoutVersionManager.java:init(80)) - Initializing Layout version manager with metadata layout = WITNESSED_CONTAINER_DB_PROTO_VALUE (version = 9), software layout = WITNESSED_CONTAINER_DB_PROTO_VALUE (version = 9)
2025-09-28 08:46:38,190 [ForkJoinPool-1-worker-1] INFO  ha.SequenceIdGenerator (SequenceIdGenerator.java:upgradeToSequenceId(353)) - upgrade localId to 115816896921600000
2025-09-28 08:46:38,191 [ForkJoinPool-1-worker-1] INFO  ha.SequenceIdGenerator (SequenceIdGenerator.java:upgradeToSequenceId(363)) - upgrade delTxnId to 0
2025-09-28 08:46:38,192 [ForkJoinPool-1-worker-1] INFO  ha.SequenceIdGenerator (SequenceIdGenerator.java:upgradeToSequenceId(379)) - upgrade containerId to 0
2025-09-28 08:46:38,193 [ForkJoinPool-1-worker-1] INFO  ha.SequenceIdGenerator (SequenceIdGenerator.java:upgradeToCertificateSequenceId(414)) - upgrade CertificateId to 2
2025-09-28 08:46:38,193 [ForkJoinPool-1-worker-1] INFO  ha.SequenceIdGenerator (SequenceIdGenerator.java:<init>(231)) - Init the HA SequenceIdGenerator.
2025-09-28 08:46:38,193 [ForkJoinPool-1-worker-1] INFO  node.SCMNodeManager (SCMNodeManager.java:<init>(180)) - Entering startup safe mode.
2025-09-28 08:46:38,194 [ForkJoinPool-1-worker-1] INFO  algorithms.ContainerPlacementPolicyFactory (ContainerPlacementPolicyFactory.java:getPolicyInternal(83)) - Create container placement policy of type org.apache.hadoop.hdds.scm.container.placement.algorithms.SCMContainerPlacementRackAware
2025-09-28 08:46:38,194 [ForkJoinPool-1-worker-1] INFO  algorithms.ContainerPlacementPolicyFactory (ContainerPlacementPolicyFactory.java:getPolicyInternal(83)) - Create container placement policy of type org.apache.hadoop.hdds.scm.container.placement.algorithms.SCMContainerPlacementRackScatter
2025-09-28 08:46:38,195 [ForkJoinPool-1-worker-1] INFO  pipeline.PipelineStateManagerImpl (PipelineStateManagerImpl.java:initialize(75)) - No pipeline exists in current db
2025-09-28 08:46:38,195 [ForkJoinPool-1-worker-1] INFO  algorithms.LeaderChoosePolicyFactory (LeaderChoosePolicyFactory.java:getPolicy(55)) - Create leader choose policy of type org.apache.hadoop.hdds.scm.pipeline.leader.choose.algorithms.MinLeaderCountChoosePolicy
2025-09-28 08:46:38,195 [ForkJoinPool-1-worker-1] INFO  algorithms.ContainerPlacementPolicyFactory (ContainerPlacementPolicyFactory.java:getPolicyInternal(83)) - Create container placement policy of type org.apache.hadoop.hdds.scm.container.placement.algorithms.SCMContainerPlacementRackScatter
2025-09-28 08:46:38,195 [ForkJoinPool-1-worker-1] INFO  ha.SCMServiceManager (SCMServiceManager.java:register(42)) - Registering service BackgroundPipelineCreator.
2025-09-28 08:46:38,195 [ForkJoinPool-1-worker-1] INFO  pipeline.BackgroundPipelineCreator (BackgroundPipelineCreator.java:start(126)) - Starting RatisPipelineUtilsThread.
2025-09-28 08:46:38,196 [ForkJoinPool-1-worker-1] INFO  BackgroundPipelineScrubber (BackgroundSCMService.java:start(64)) - Starting BackgroundPipelineScrubber Service.
2025-09-28 08:46:38,196 [ForkJoinPool-1-worker-1] INFO  ha.SCMServiceManager (SCMServiceManager.java:register(42)) - Registering service BackgroundPipelineScrubber.
2025-09-28 08:46:38,196 [ForkJoinPool-1-worker-1] INFO  ExpiredContainerReplicaOpScrubber (BackgroundSCMService.java:start(64)) - Starting ExpiredContainerReplicaOpScrubber Service.
2025-09-28 08:46:38,197 [ForkJoinPool-1-worker-1] INFO  ha.SCMServiceManager (SCMServiceManager.java:register(42)) - Registering service ExpiredContainerReplicaOpScrubber.
2025-09-28 08:46:38,197 [ForkJoinPool-1-worker-1] INFO  algorithms.PipelineChoosePolicyFactory (PipelineChoosePolicyFactory.java:createPipelineChoosePolicyFromClass(78)) - Create pipeline choose policy of type org.apache.hadoop.hdds.scm.pipeline.choose.algorithms.RandomPipelineChoosePolicy
2025-09-28 08:46:38,198 [ForkJoinPool-1-worker-1] INFO  algorithms.PipelineChoosePolicyFactory (PipelineChoosePolicyFactory.java:createPipelineChoosePolicyFromClass(78)) - Create pipeline choose policy of type org.apache.hadoop.hdds.scm.pipeline.choose.algorithms.RandomPipelineChoosePolicy
2025-09-28 08:46:38,198 [ForkJoinPool-1-worker-1] INFO  ha.SCMServiceManager (SCMServiceManager.java:register(42)) - Registering service SCMBlockDeletingService.
2025-09-28 08:46:38,199 [ForkJoinPool-1-worker-1] INFO  replication.ReplicationManager (ReplicationManager.java:start(287)) - Starting Replication Monitor Thread.
2025-09-28 08:46:38,199 [ForkJoinPool-1-worker-1] INFO  ha.SCMServiceManager (SCMServiceManager.java:register(42)) - Registering service ReplicationManager.
2025-09-28 08:46:38,200 [ForkJoinPool-1-worker-1] INFO  safemode.RatisContainerSafeModeRule (RatisContainerSafeModeRule.java:initializeRule(160)) - Refreshed Containers with one replica threshold count 0.
2025-09-28 08:46:38,200 [ForkJoinPool-1-worker-1] INFO  safemode.ECContainerSafeModeRule (ECContainerSafeModeRule.java:initializeRule(204)) - Refreshed Containers with ec n replica threshold count 0.
2025-09-28 08:46:38,200 [ForkJoinPool-1-worker-1] INFO  safemode.HealthyPipelineSafeModeRule (HealthyPipelineSafeModeRule.java:initializeRule(232)) - Total pipeline count is 0, healthy pipeline threshold count is 1
2025-09-28 08:46:38,200 [ForkJoinPool-1-worker-1] INFO  safemode.OneReplicaPipelineSafeModeRule (OneReplicaPipelineSafeModeRule.java:initializeRule(190)) - Total pipeline count is 0, pipeline's with at least one datanode reported threshold count is 0
2025-09-28 08:46:38,201 [ForkJoinPool-1-worker-1] INFO  server.StorageContainerManager (StorageContainerManager.java:<init>(432)) - SCM start with adminUsers: [admin, runner]
2025-09-28 08:46:38,201 [ForkJoinPool-1-worker-1] INFO  ipc.CallQueueManager (CallQueueManager.java:<init>(93)) - Using callQueue: class java.util.concurrent.LinkedBlockingQueue, queueCapacity: 10000, scheduler: class org.apache.hadoop.ipc.DefaultRpcScheduler, ipcBackoff: false, ipcFailOver: false.
2025-09-28 08:46:38,202 [ForkJoinPool-1-worker-1] INFO  ipc.Server (Server.java:<init>(1438)) - Listener at 0.0.0.0:15036
2025-09-28 08:46:38,202 [Socket Reader #1 for port 15036] INFO  ipc.Server (Server.java:run(1474)) - Starting Socket Reader #1 for port 15036
2025-09-28 08:46:38,202 [Socket Reader #2 for port 15036] INFO  ipc.Server (Server.java:run(1474)) - Starting Socket Reader #2 for port 15036
2025-09-28 08:46:38,202 [Socket Reader #3 for port 15036] INFO  ipc.Server (Server.java:run(1474)) - Starting Socket Reader #3 for port 15036
2025-09-28 08:46:38,202 [Socket Reader #4 for port 15036] INFO  ipc.Server (Server.java:run(1474)) - Starting Socket Reader #4 for port 15036
2025-09-28 08:46:38,203 [Socket Reader #5 for port 15036] INFO  ipc.Server (Server.java:run(1474)) - Starting Socket Reader #5 for port 15036
2025-09-28 08:46:38,203 [Socket Reader #7 for port 15036] INFO  ipc.Server (Server.java:run(1474)) - Starting Socket Reader #7 for port 15036
2025-09-28 08:46:38,203 [Socket Reader #8 for port 15036] INFO  ipc.Server (Server.java:run(1474)) - Starting Socket Reader #8 for port 15036
2025-09-28 08:46:38,203 [Socket Reader #9 for port 15036] INFO  ipc.Server (Server.java:run(1474)) - Starting Socket Reader #9 for port 15036
2025-09-28 08:46:38,203 [Socket Reader #6 for port 15036] INFO  ipc.Server (Server.java:run(1474)) - Starting Socket Reader #6 for port 15036
2025-09-28 08:46:38,203 [Socket Reader #10 for port 15036] INFO  ipc.Server (Server.java:run(1474)) - Starting Socket Reader #10 for port 15036
2025-09-28 08:46:38,204 [ForkJoinPool-1-worker-1] INFO  ipc.CallQueueManager (CallQueueManager.java:<init>(93)) - Using callQueue: class java.util.concurrent.LinkedBlockingQueue, queueCapacity: 10000, scheduler: class org.apache.hadoop.ipc.DefaultRpcScheduler, ipcBackoff: false, ipcFailOver: false.
2025-09-28 08:46:38,204 [ForkJoinPool-1-worker-1] INFO  ipc.Server (Server.java:<init>(1438)) - Listener at 0.0.0.0:15035
2025-09-28 08:46:38,205 [Socket Reader #1 for port 15035] INFO  ipc.Server (Server.java:run(1474)) - Starting Socket Reader #1 for port 15035
2025-09-28 08:46:38,205 [Socket Reader #2 for port 15035] INFO  ipc.Server (Server.java:run(1474)) - Starting Socket Reader #2 for port 15035
2025-09-28 08:46:38,205 [Socket Reader #3 for port 15035] INFO  ipc.Server (Server.java:run(1474)) - Starting Socket Reader #3 for port 15035
2025-09-28 08:46:38,205 [Socket Reader #4 for port 15035] INFO  ipc.Server (Server.java:run(1474)) - Starting Socket Reader #4 for port 15035
2025-09-28 08:46:38,205 [Socket Reader #5 for port 15035] INFO  ipc.Server (Server.java:run(1474)) - Starting Socket Reader #5 for port 15035
2025-09-28 08:46:38,205 [Socket Reader #6 for port 15035] INFO  ipc.Server (Server.java:run(1474)) - Starting Socket Reader #6 for port 15035
2025-09-28 08:46:38,206 [Socket Reader #7 for port 15035] INFO  ipc.Server (Server.java:run(1474)) - Starting Socket Reader #7 for port 15035
2025-09-28 08:46:38,206 [Socket Reader #8 for port 15035] INFO  ipc.Server (Server.java:run(1474)) - Starting Socket Reader #8 for port 15035
2025-09-28 08:46:38,206 [Socket Reader #9 for port 15035] INFO  ipc.Server (Server.java:run(1474)) - Starting Socket Reader #9 for port 15035
2025-09-28 08:46:38,206 [Socket Reader #10 for port 15035] INFO  ipc.Server (Server.java:run(1474)) - Starting Socket Reader #10 for port 15035
2025-09-28 08:46:38,207 [ForkJoinPool-1-worker-1] INFO  ipc.CallQueueManager (CallQueueManager.java:<init>(93)) - Using callQueue: class java.util.concurrent.LinkedBlockingQueue, queueCapacity: 10000, scheduler: class org.apache.hadoop.ipc.DefaultRpcScheduler, ipcBackoff: false, ipcFailOver: false.
2025-09-28 08:46:38,208 [ForkJoinPool-1-worker-1] INFO  ipc.Server (Server.java:<init>(1438)) - Listener at 0.0.0.0:15034
2025-09-28 08:46:38,208 [Socket Reader #1 for port 15034] INFO  ipc.Server (Server.java:run(1474)) - Starting Socket Reader #1 for port 15034
2025-09-28 08:46:38,208 [Socket Reader #2 for port 15034] INFO  ipc.Server (Server.java:run(1474)) - Starting Socket Reader #2 for port 15034
2025-09-28 08:46:38,208 [Socket Reader #3 for port 15034] INFO  ipc.Server (Server.java:run(1474)) - Starting Socket Reader #3 for port 15034
2025-09-28 08:46:38,208 [Socket Reader #4 for port 15034] INFO  ipc.Server (Server.java:run(1474)) - Starting Socket Reader #4 for port 15034
2025-09-28 08:46:38,209 [Socket Reader #5 for port 15034] INFO  ipc.Server (Server.java:run(1474)) - Starting Socket Reader #5 for port 15034
2025-09-28 08:46:38,209 [Socket Reader #6 for port 15034] INFO  ipc.Server (Server.java:run(1474)) - Starting Socket Reader #6 for port 15034
2025-09-28 08:46:38,209 [Socket Reader #7 for port 15034] INFO  ipc.Server (Server.java:run(1474)) - Starting Socket Reader #7 for port 15034
2025-09-28 08:46:38,209 [Socket Reader #8 for port 15034] INFO  ipc.Server (Server.java:run(1474)) - Starting Socket Reader #8 for port 15034
2025-09-28 08:46:38,209 [Socket Reader #9 for port 15034] INFO  ipc.Server (Server.java:run(1474)) - Starting Socket Reader #9 for port 15034
2025-09-28 08:46:38,209 [Socket Reader #10 for port 15034] INFO  ipc.Server (Server.java:run(1474)) - Starting Socket Reader #10 for port 15034
2025-09-28 08:46:38,213 [ForkJoinPool-1-worker-1] INFO  ha.SCMServiceManager (SCMServiceManager.java:register(42)) - Registering service ContainerBalancer.
2025-09-28 08:46:38,214 [ForkJoinPool-1-worker-1] INFO  ha.SCMContext (SCMContext.java:updateSafeModeStatus(224)) - Update SafeModeStatus from SafeModeStatus{safeModeStatus=true, preCheckPassed=false} to SafeModeStatus{safeModeStatus=true, preCheckPassed=false}.
2025-09-28 08:46:38,214 [ForkJoinPool-1-worker-1] INFO  server.StorageContainerManager (StorageContainerManager.java:start(1515)) - StorageContainerLocationProtocol RPC server is listening at /0.0.0.0:15034
2025-09-28 08:46:38,214 [ForkJoinPool-1-worker-1] INFO  ha.SCMRatisServerImpl (SCMRatisServerImpl.java:start(203)) - starting ratis server 0.0.0.0:15038
2025-09-28 08:46:38,215 [a4a824a0-2283-4935-bdba-9632c468a4b2-impl-thread1] INFO  storage.RaftStorageDirectory (RaftStorageDirectoryImpl.java:tryLock(229)) - Lock on /home/runner/work/ozone/ozone/hadoop-ozone/integration-test/target/test-dir/MiniOzoneClusterImpl-ffd4f26c-0daa-4d09-bef2-86add17b79f3/scm/ratis/ffd4f26c-0daa-4d09-bef2-86add17b79f3/in_use.lock acquired by nodename 129489@localhost
2025-09-28 08:46:38,215 [a4a824a0-2283-4935-bdba-9632c468a4b2-impl-thread1] INFO  storage.RaftStorage (RaftStorageImpl.java:analyzeAndRecoverStorage(118)) - Read RaftStorageMetadata{term=1, votedFor=a4a824a0-2283-4935-bdba-9632c468a4b2} from /home/runner/work/ozone/ozone/hadoop-ozone/integration-test/target/test-dir/MiniOzoneClusterImpl-ffd4f26c-0daa-4d09-bef2-86add17b79f3/scm/ratis/ffd4f26c-0daa-4d09-bef2-86add17b79f3/current/raft-meta
2025-09-28 08:46:38,216 [a4a824a0-2283-4935-bdba-9632c468a4b2-impl-thread1] INFO  server.RaftServer$Division (ServerState.java:setRaftConf(386)) - a4a824a0-2283-4935-bdba-9632c468a4b2@group-86ADD17B79F3: set configuration conf: {index: 0, cur=peers:[a4a824a0-2283-4935-bdba-9632c468a4b2|localhost:15038]|listeners:[], old=null}
2025-09-28 08:46:38,216 [a4a824a0-2283-4935-bdba-9632c468a4b2-impl-thread1] INFO  ha.SCMStateMachine (SCMStateMachine.java:lambda$initialize$0(135)) - a4a824a0-2283-4935-bdba-9632c468a4b2: initialize group-86ADD17B79F3
2025-09-28 08:46:38,216 [a4a824a0-2283-4935-bdba-9632c468a4b2-impl-thread1] INFO  server.RaftServerConfigKeys (ConfUtils.java:logGet(62)) - raft.server.log.appender.buffer.byte-limit = 4194304 (custom)
2025-09-28 08:46:38,217 [a4a824a0-2283-4935-bdba-9632c468a4b2-impl-thread1] INFO  server.RaftServerConfigKeys (ConfUtils.java:logGet(62)) - raft.server.log.segment.size.max = 67108864 (custom)
2025-09-28 08:46:38,217 [a4a824a0-2283-4935-bdba-9632c468a4b2-impl-thread1] INFO  server.RaftServerConfigKeys (ConfUtils.java:logGet(62)) - raft.server.log.appender.buffer.byte-limit = 4194304 (custom)
2025-09-28 08:46:38,217 [a4a824a0-2283-4935-bdba-9632c468a4b2-impl-thread1] INFO  util.AwaitToRun (AwaitToRun.java:start(81)) - Thread[#1283,a4a824a0-2283-4935-bdba-9632c468a4b2@group-86ADD17B79F3-cacheEviction-AwaitToRun,5,main] started
2025-09-28 08:46:38,217 [a4a824a0-2283-4935-bdba-9632c468a4b2-impl-thread1] INFO  segmented.SegmentedRaftLogWorker (SegmentedRaftLogWorker.java:<init>(190)) - new a4a824a0-2283-4935-bdba-9632c468a4b2@group-86ADD17B79F3-SegmentedRaftLogWorker for RaftStorageImpl:Storage Directory /home/runner/work/ozone/ozone/hadoop-ozone/integration-test/target/test-dir/MiniOzoneClusterImpl-ffd4f26c-0daa-4d09-bef2-86add17b79f3/scm/ratis/ffd4f26c-0daa-4d09-bef2-86add17b79f3
2025-09-28 08:46:38,217 [a4a824a0-2283-4935-bdba-9632c468a4b2-impl-thread1] INFO  server.RaftServerConfigKeys (ConfUtils.java:logGet(62)) - raft.server.log.segment.size.max = 67108864 (custom)
2025-09-28 08:46:38,217 [a4a824a0-2283-4935-bdba-9632c468a4b2-impl-thread1] INFO  server.RaftServerConfigKeys (ConfUtils.java:logGet(62)) - raft.server.log.preallocated.size = 4194304 (custom)
2025-09-28 08:46:38,217 [a4a824a0-2283-4935-bdba-9632c468a4b2-impl-thread1] INFO  server.RaftServerConfigKeys (ConfUtils.java:logGet(62)) - raft.server.log.write.buffer.size = 4194312 (custom)
2025-09-28 08:46:38,219 [a4a824a0-2283-4935-bdba-9632c468a4b2-impl-thread1] INFO  server.RaftServerConfigKeys (ConfUtils.java:logGet(62)) - raft.server.log.appender.buffer.byte-limit = 4194304 (custom)
2025-09-28 08:46:38,219 [a4a824a0-2283-4935-bdba-9632c468a4b2-impl-thread1] INFO  server.RaftServer$Division (ServerState.java:setRaftConf(386)) - a4a824a0-2283-4935-bdba-9632c468a4b2@group-86ADD17B79F3: set configuration conf: {index: 0, cur=peers:[a4a824a0-2283-4935-bdba-9632c468a4b2|localhost:15038]|listeners:[], old=null}
2025-09-28 08:46:38,219 [a4a824a0-2283-4935-bdba-9632c468a4b2-impl-thread1] INFO  segmented.LogSegment (LogSegment.java:loadSegment(171)) - Successfully read 1 entries from segment file /home/runner/work/ozone/ozone/hadoop-ozone/integration-test/target/test-dir/MiniOzoneClusterImpl-ffd4f26c-0daa-4d09-bef2-86add17b79f3/scm/ratis/ffd4f26c-0daa-4d09-bef2-86add17b79f3/current/log_inprogress_0
2025-09-28 08:46:38,219 [a4a824a0-2283-4935-bdba-9632c468a4b2-impl-thread1] INFO  segmented.SegmentedRaftLogWorker (SegmentedRaftLogWorker.java:lambda$new$0(141)) - a4a824a0-2283-4935-bdba-9632c468a4b2@group-86ADD17B79F3-SegmentedRaftLogWorker: safeCacheEvictIndex: setUnconditionally 0 -> -1
2025-09-28 08:46:38,220 [a4a824a0-2283-4935-bdba-9632c468a4b2-impl-thread1] INFO  segmented.BufferedWriteChannel (BufferedWriteChannel.java:open(61)) - open log_inprogress_0 (append) at position 76
2025-09-28 08:46:38,220 [a4a824a0-2283-4935-bdba-9632c468a4b2-impl-thread1] INFO  server.RaftServer$Division (RaftServerImpl.java:start(405)) - a4a824a0-2283-4935-bdba-9632c468a4b2@group-86ADD17B79F3: start as a follower, conf=conf: {index: 0, cur=peers:[a4a824a0-2283-4935-bdba-9632c468a4b2|localhost:15038]|listeners:[], old=null}
2025-09-28 08:46:38,220 [a4a824a0-2283-4935-bdba-9632c468a4b2-impl-thread1] INFO  server.RaftServer$Division (RaftServerImpl.java:setRole(392)) - a4a824a0-2283-4935-bdba-9632c468a4b2@group-86ADD17B79F3: changes role from      null to FOLLOWER at term 1 for startAsFollower
2025-09-28 08:46:38,220 [a4a824a0-2283-4935-bdba-9632c468a4b2-impl-thread1] INFO  impl.RoleInfo (RoleInfo.java:updateAndGet(148)) - a4a824a0-2283-4935-bdba-9632c468a4b2: start a4a824a0-2283-4935-bdba-9632c468a4b2@group-86ADD17B79F3-FollowerState
2025-09-28 08:46:38,220 [a4a824a0-2283-4935-bdba-9632c468a4b2-impl-thread1] INFO  util.JmxRegister (JmxRegister.java:tryRegister(44)) - Successfully registered JMX Bean with object name Ratis:service=RaftServer,group=group-86ADD17B79F3,id=a4a824a0-2283-4935-bdba-9632c468a4b2
2025-09-28 08:46:38,220 [a4a824a0-2283-4935-bdba-9632c468a4b2-impl-thread1] INFO  util.JmxRegister (JmxRegister.java:register(58)) - register mxBean class org.apache.ratis.server.impl.RaftServerJmxAdapter as Ratis:service=RaftServer,group=group-86ADD17B79F3,id=a4a824a0-2283-4935-bdba-9632c468a4b2
2025-09-28 08:46:38,221 [a4a824a0-2283-4935-bdba-9632c468a4b2-impl-thread1] INFO  server.RaftServer$Division (RaftServerImpl.java:start(419)) - a4a824a0-2283-4935-bdba-9632c468a4b2@group-86ADD17B79F3: Successfully started.
2025-09-28 08:46:38,221 [ForkJoinPool-1-worker-1] INFO  server.RaftServer (RaftServerProxy.java:startImpl(412)) - a4a824a0-2283-4935-bdba-9632c468a4b2: start RPC server
2025-09-28 08:46:38,221 [ForkJoinPool-1-worker-1] INFO  server.GrpcServicesImpl (GrpcServicesImpl.java:startImpl(346)) - a4a824a0-2283-4935-bdba-9632c468a4b2: GrpcServicesImpl started, listening on 15038
2025-09-28 08:46:38,222 [JvmPauseMonitor8] INFO  util.JvmPauseMonitor (JvmPauseMonitor.java:run(146)) - JvmPauseMonitor-a4a824a0-2283-4935-bdba-9632c468a4b2: Started
2025-09-28 08:46:38,222 [ForkJoinPool-1-worker-1] INFO  ha.SCMHAManagerImpl (SCMHAManagerImpl.java:start(131)) -  scm role is FOLLOWER peers [a4a824a0-2283-4935-bdba-9632c468a4b2|localhost:15038]
2025-09-28 08:46:38,222 [ForkJoinPool-1-worker-1] INFO  ha.InterSCMGrpcService (InterSCMGrpcProtocolService.java:start(98)) - Starting SCM Grpc Service at port 15039
2025-09-28 08:46:38,222 [ForkJoinPool-1-worker-1] INFO  SCMHATransactionMonitor (BackgroundSCMService.java:start(64)) - Starting SCMHATransactionMonitor Service.
2025-09-28 08:46:38,223 [ForkJoinPool-1-worker-1] INFO  ha.SCMServiceManager (SCMServiceManager.java:register(42)) - Registering service SCMHATransactionMonitor.
2025-09-28 08:46:38,223 [ForkJoinPool-1-worker-1] INFO  SCMHATransactionMonitor (BackgroundSCMService.java:start(61)) - SCMHATransactionMonitor Service is already running, skip start.
2025-09-28 08:46:38,224 [ForkJoinPool-1-worker-1] WARN  impl.MetricsConfig (MetricsConfig.java:loadFirst(138)) - Cannot locate configuration: tried hadoop-metrics2-storagecontainermanager.properties,hadoop-metrics2.properties
2025-09-28 08:46:38,225 [ForkJoinPool-1-worker-1] INFO  impl.MetricsSystemImpl (MetricsSystemImpl.java:startTimer(378)) - Scheduled Metric snapshot period at 10 second(s).
2025-09-28 08:46:38,225 [ForkJoinPool-1-worker-1] INFO  impl.MetricsSystemImpl (MetricsSystemImpl.java:start(191)) - StorageContainerManager metrics system started
2025-09-28 08:46:38,235 [ForkJoinPool-1-worker-1] INFO  impl.MetricsSinkAdapter (MetricsSinkAdapter.java:start(204)) - Sink prometheus started
2025-09-28 08:46:38,235 [ForkJoinPool-1-worker-1] INFO  impl.MetricsSystemImpl (MetricsSystemImpl.java:registerSink(305)) - Registered sink prometheus
2025-09-28 08:46:38,254 [ForkJoinPool-1-worker-1] INFO  server.SCMClientProtocolServer (SCMClientProtocolServer.java:start(208)) - RPC server for Client  is listening at /0.0.0.0:15034
2025-09-28 08:46:38,255 [IPC Server Responder] INFO  ipc.Server (Server.java:run(1713)) - IPC Server Responder: starting
2025-09-28 08:46:38,255 [IPC Server listener on 15034] INFO  ipc.Server (Server.java:run(1553)) - IPC Server listener on 15034: starting
2025-09-28 08:46:38,268 [ForkJoinPool-1-worker-1] INFO  server.StorageContainerManager (StorageContainerManager.java:start(1528)) - ScmBlockLocationProtocol RPC server is listening at /0.0.0.0:15035
2025-09-28 08:46:38,269 [ForkJoinPool-1-worker-1] INFO  server.SCMBlockProtocolServer (SCMBlockProtocolServer.java:start(166)) - RPC server for Block Protocol is listening at /0.0.0.0:15035
2025-09-28 08:46:38,269 [IPC Server Responder] INFO  ipc.Server (Server.java:run(1713)) - IPC Server Responder: starting
2025-09-28 08:46:38,269 [IPC Server listener on 15035] INFO  ipc.Server (Server.java:run(1553)) - IPC Server listener on 15035: starting
2025-09-28 08:46:38,277 [ForkJoinPool-1-worker-1] INFO  utils.BackgroundService (BackgroundService.java:start(119)) - Starting service SCMBlockDeletingService with interval 60000 milliseconds
2025-09-28 08:46:38,278 [ForkJoinPool-1-worker-1] INFO  http.BaseHttpServer (BaseHttpServer.java:newHttpServer2BuilderForOzone(227)) - Starting Web-server for scm at: http://0.0.0.0:15037
2025-09-28 08:46:38,278 [ForkJoinPool-1-worker-1] INFO  http.BaseHttpServer (BaseHttpServer.java:<init>(105)) - Hadoop Security Enabled: false Ozone Security Enabled: false Ozone HTTP Security Enabled: false 
2025-09-28 08:46:38,279 [ForkJoinPool-1-worker-1] WARN  server.AuthenticationFilter (AuthenticationFilter.java:constructSecretProvider(240)) - Unable to initialize FileSignerSecretProvider, falling back to use random secrets. Reason: Could not read signature secret file: /home/runner/hadoop-http-auth-signature-secret
2025-09-28 08:46:38,282 [ForkJoinPool-1-worker-1] INFO  http.HttpServer2 (HttpServer2.java:addGlobalFilter(1041)) - Added global filter 'safety' (class=org.apache.hadoop.hdds.server.http.HttpServer2$QuotingInputFilter)
2025-09-28 08:46:38,284 [ForkJoinPool-1-worker-1] INFO  http.HttpServer2 (HttpServer2.java:addFilter(1017)) - Added filter static_user_filter (class=org.apache.hadoop.http.lib.StaticUserWebFilter$StaticUserFilter) to context scm
2025-09-28 08:46:38,284 [ForkJoinPool-1-worker-1] INFO  http.HttpServer2 (HttpServer2.java:addFilter(1025)) - Added filter static_user_filter (class=org.apache.hadoop.http.lib.StaticUserWebFilter$StaticUserFilter) to context logs
2025-09-28 08:46:38,284 [ForkJoinPool-1-worker-1] INFO  http.HttpServer2 (HttpServer2.java:addFilter(1025)) - Added filter static_user_filter (class=org.apache.hadoop.http.lib.StaticUserWebFilter$StaticUserFilter) to context static
2025-09-28 08:46:38,284 [ForkJoinPool-1-worker-1] INFO  http.BaseHttpServer (BaseHttpServer.java:<init>(193)) - HTTP server of scm uses base directory /home/runner/work/ozone/ozone/hadoop-ozone/integration-test/target/test-dir/MiniOzoneClusterImpl-ffd4f26c-0daa-4d09-bef2-86add17b79f3/scm/ozone-metadata/webserver
2025-09-28 08:46:38,285 [ForkJoinPool-1-worker-1] INFO  http.HttpServer2 (HttpServer2.java:bindListener(1241)) - Jetty bound to port 15037
2025-09-28 08:46:38,285 [ForkJoinPool-1-worker-1] INFO  server.Server (Server.java:doStart(375)) - jetty-9.4.58.v20250814; built: 2025-08-14T02:28:49.637Z; git: 8f1440587e9e4ae7db3d74cf205643f3d707148d; jvm 21.0.8+9-LTS
2025-09-28 08:46:38,286 [ForkJoinPool-1-worker-1] INFO  server.session (DefaultSessionIdManager.java:doStart(334)) - DefaultSessionIdManager workerName=node0
2025-09-28 08:46:38,286 [ForkJoinPool-1-worker-1] INFO  server.session (DefaultSessionIdManager.java:doStart(339)) - No SessionScavenger set, using defaults
2025-09-28 08:46:38,286 [ForkJoinPool-1-worker-1] INFO  server.session (HouseKeeper.java:startScavenging(132)) - node0 Scavenging every 660000ms
2025-09-28 08:46:38,287 [ForkJoinPool-1-worker-1] INFO  handler.ContextHandler (ContextHandler.java:doStart(921)) - Started o.e.j.s.ServletContextHandler@7b8e591b{logs,/logs,file:///home/runner/work/ozone/ozone/hadoop-ozone/integration-test/target/log,AVAILABLE}
2025-09-28 08:46:38,287 [ForkJoinPool-1-worker-1] INFO  handler.ContextHandler (ContextHandler.java:doStart(921)) - Started o.e.j.s.ServletContextHandler@3de682fc{static,/static,file:///home/runner/work/ozone/ozone/hadoop-ozone/integration-test/target/test-classes/webapps/static,AVAILABLE}
2025-09-28 08:46:38,290 [ForkJoinPool-1-worker-1] INFO  handler.ContextHandler (ContextHandler.java:doStart(921)) - Started o.e.j.w.WebAppContext@22cfa03a{scm,/,file:///home/runner/work/ozone/ozone/hadoop-ozone/integration-test/target/test-classes/webapps/scm/,AVAILABLE}{file:/home/runner/work/ozone/ozone/hadoop-ozone/integration-test/target/test-classes/webapps/scm}
2025-09-28 08:46:38,291 [ForkJoinPool-1-worker-1] INFO  server.AbstractConnector (AbstractConnector.java:doStart(333)) - Started ServerConnector@41633691{HTTP/1.1, (http/1.1)}{0.0.0.0:15037}
2025-09-28 08:46:38,291 [ForkJoinPool-1-worker-1] INFO  server.Server (Server.java:doStart(415)) - Started @38104ms
2025-09-28 08:46:38,291 [ForkJoinPool-1-worker-1] WARN  impl.MetricsSystemImpl (MetricsSystemImpl.java:register(279)) - Sink prometheus already exists!
2025-09-28 08:46:38,291 [ForkJoinPool-1-worker-1] INFO  http.BaseHttpServer (BaseHttpServer.java:updateConnectorAddress(357)) - HTTP server of scm listening at http://localhost:15037
2025-09-28 08:46:38,293 [ForkJoinPool-1-worker-1] INFO  ha.OMHANodeDetails (OMHANodeDetails.java:loadOMHAConfig(114)) - ozone.om.internal.service.id is not defined, falling back to ozone.om.service.ids to find serviceID for OzoneManager if it is HA enabled cluster
2025-09-28 08:46:38,294 [ForkJoinPool-1-worker-1] INFO  ha.OMHANodeDetails (OMHANodeDetails.java:loadOMHAConfig(228)) - Configuration does not have ozone.om.address set. Falling back to the default OM address /127.0.0.1:15040
2025-09-28 08:46:38,294 [ForkJoinPool-1-worker-1] INFO  ha.OMHANodeDetails (OMHANodeDetails.java:getOMNodeDetailsForNonHA(262)) - OM Service ID is not set. Setting it to the default ID: omServiceIdDefault
2025-09-28 08:46:38,294 [ForkJoinPool-1-worker-1] INFO  ha.OMHANodeDetails (OMHANodeDetails.java:getOMNodeDetailsForNonHA(269)) - OM Node ID is not set. Setting it to the default ID: om1
2025-09-28 08:46:38,296 [ForkJoinPool-1-worker-1] INFO  upgrade.AbstractLayoutVersionManager (AbstractLayoutVersionManager.java:init(80)) - Initializing Layout version manager with metadata layout = DELEGATION_TOKEN_SYMMETRIC_SIGN (version = 8), software layout = DELEGATION_TOKEN_SYMMETRIC_SIGN (version = 8)
2025-09-28 08:46:38,397 [ForkJoinPool-1-worker-1] INFO  reflections.Reflections (Reflections.java:scan(219)) - Reflections took 100 ms to scan 2 urls, producing 217 keys and 636 values
2025-09-28 08:46:38,398 [ForkJoinPool-1-worker-1] INFO  upgrade.OMLayoutVersionManager (OMLayoutVersionManager.java:lambda$0(110)) - Skipping Upgrade Action QuotaRepairUpgradeAction since it has been finalized.
2025-09-28 08:46:38,398 [ForkJoinPool-1-worker-1] INFO  upgrade.OMLayoutVersionManager (OMLayoutVersionManager.java:lambda$0(110)) - Skipping Upgrade Action MockOmUpgradeAction since it has been finalized.
2025-09-28 08:46:38,398 [ForkJoinPool-1-worker-1] INFO  om.OzoneManager (OzoneManager.java:setReplicationFromConfig(4650)) - Set default replication in OM: RATIS/3 -> RATIS/THREE
2025-09-28 08:46:38,399 [ForkJoinPool-1-worker-1] INFO  proxy.SCMContainerLocationFailoverProxyProvider (SCMFailoverProxyProviderBase.java:<init>(120)) - Created fail-over proxy for protocol StorageContainerLocationProtocolPB with 1 nodes: [nodeId=scmNodeId,nodeAddress=/0.0.0.0:15034]
2025-09-28 08:46:38,399 [ForkJoinPool-1-worker-1] INFO  proxy.SCMBlockLocationFailoverProxyProvider (SCMFailoverProxyProviderBase.java:<init>(120)) - Created fail-over proxy for protocol ScmBlockLocationProtocolPB with 1 nodes: [nodeId=scmNodeId,nodeAddress=/0.0.0.0:15035]
2025-09-28 08:46:38,401 [ForkJoinPool-1-worker-1] INFO  proxy.SCMBlockLocationFailoverProxyProvider (SCMFailoverProxyProviderBase.java:<init>(120)) - Created fail-over proxy for protocol ScmBlockLocationProtocolPB with 1 nodes: [nodeId=scmNodeId,nodeAddress=/0.0.0.0:15035]
2025-09-28 08:46:39,249 [a4a824a0-2283-4935-bdba-9632c468a4b2@group-86ADD17B79F3-FollowerState] INFO  impl.FollowerState (FollowerState.java:runImpl(161)) - a4a824a0-2283-4935-bdba-9632c468a4b2@group-86ADD17B79F3-FollowerState: change to CANDIDATE, lastRpcElapsedTime:1029342625ns, electionTimeout:1029ms
2025-09-28 08:46:39,249 [a4a824a0-2283-4935-bdba-9632c468a4b2@group-86ADD17B79F3-FollowerState] INFO  impl.RoleInfo (RoleInfo.java:shutdownFollowerState(121)) - a4a824a0-2283-4935-bdba-9632c468a4b2: shutdown a4a824a0-2283-4935-bdba-9632c468a4b2@group-86ADD17B79F3-FollowerState
2025-09-28 08:46:39,250 [a4a824a0-2283-4935-bdba-9632c468a4b2@group-86ADD17B79F3-FollowerState] INFO  server.RaftServer$Division (RaftServerImpl.java:setRole(392)) - a4a824a0-2283-4935-bdba-9632c468a4b2@group-86ADD17B79F3: changes role from  FOLLOWER to CANDIDATE at term 1 for changeToCandidate
2025-09-28 08:46:39,250 [a4a824a0-2283-4935-bdba-9632c468a4b2@group-86ADD17B79F3-FollowerState] INFO  impl.RoleInfo (RoleInfo.java:updateAndGet(148)) - a4a824a0-2283-4935-bdba-9632c468a4b2: start a4a824a0-2283-4935-bdba-9632c468a4b2@group-86ADD17B79F3-LeaderElection15
2025-09-28 08:46:39,250 [a4a824a0-2283-4935-bdba-9632c468a4b2@group-86ADD17B79F3-LeaderElection15] INFO  impl.LeaderElection (LeaderElection.java:askForVotes(448)) - a4a824a0-2283-4935-bdba-9632c468a4b2@group-86ADD17B79F3-LeaderElection15 PRE_VOTE round 0: submit vote requests at term 1 for conf: {index: 0, cur=peers:[a4a824a0-2283-4935-bdba-9632c468a4b2|localhost:15038]|listeners:[], old=null}
2025-09-28 08:46:39,250 [a4a824a0-2283-4935-bdba-9632c468a4b2@group-86ADD17B79F3-LeaderElection15] INFO  impl.LeaderElection (LeaderElection.java:askForVotes(450)) - a4a824a0-2283-4935-bdba-9632c468a4b2@group-86ADD17B79F3-LeaderElection15 PRE_VOTE round 0: result PASSED (term=1)
2025-09-28 08:46:39,251 [a4a824a0-2283-4935-bdba-9632c468a4b2@group-86ADD17B79F3-LeaderElection15] INFO  impl.LeaderElection (LeaderElection.java:askForVotes(448)) - a4a824a0-2283-4935-bdba-9632c468a4b2@group-86ADD17B79F3-LeaderElection15 ELECTION round 0: submit vote requests at term 2 for conf: {index: 0, cur=peers:[a4a824a0-2283-4935-bdba-9632c468a4b2|localhost:15038]|listeners:[], old=null}
2025-09-28 08:46:39,251 [a4a824a0-2283-4935-bdba-9632c468a4b2@group-86ADD17B79F3-LeaderElection15] INFO  impl.LeaderElection (LeaderElection.java:askForVotes(450)) - a4a824a0-2283-4935-bdba-9632c468a4b2@group-86ADD17B79F3-LeaderElection15 ELECTION round 0: result PASSED (term=2)
2025-09-28 08:46:39,252 [a4a824a0-2283-4935-bdba-9632c468a4b2@group-86ADD17B79F3-LeaderElection15] INFO  impl.RoleInfo (RoleInfo.java:shutdownLeaderElection(141)) - a4a824a0-2283-4935-bdba-9632c468a4b2: shutdown a4a824a0-2283-4935-bdba-9632c468a4b2@group-86ADD17B79F3-LeaderElection15
2025-09-28 08:46:39,252 [a4a824a0-2283-4935-bdba-9632c468a4b2@group-86ADD17B79F3-LeaderElection15] INFO  server.RaftServer$Division (RaftServerImpl.java:setRole(392)) - a4a824a0-2283-4935-bdba-9632c468a4b2@group-86ADD17B79F3: changes role from CANDIDATE to LEADER at term 2 for changeToLeader
2025-09-28 08:46:39,252 [a4a824a0-2283-4935-bdba-9632c468a4b2@group-86ADD17B79F3-LeaderElection15] INFO  server.RaftServerConfigKeys (ConfUtils.java:logFallback(69)) - raft.server.staging.timeout = 15600ms (fallback to raft.server.rpc.timeout.max)
2025-09-28 08:46:39,252 [a4a824a0-2283-4935-bdba-9632c468a4b2@group-86ADD17B79F3-LeaderElection15] INFO  impl.RoleInfo (RoleInfo.java:updateAndGet(148)) - a4a824a0-2283-4935-bdba-9632c468a4b2: start a4a824a0-2283-4935-bdba-9632c468a4b2@group-86ADD17B79F3-LeaderStateImpl
2025-09-28 08:46:39,252 [a4a824a0-2283-4935-bdba-9632c468a4b2@group-86ADD17B79F3-LeaderElection15] INFO  server.RaftServer$Division (RaftServerImpl.java:setFirstElection(576)) - a4a824a0-2283-4935-bdba-9632c468a4b2@group-86ADD17B79F3: set firstElectionSinceStartup to false for becomeLeader
2025-09-28 08:46:39,252 [a4a824a0-2283-4935-bdba-9632c468a4b2@group-86ADD17B79F3-LeaderElection15] INFO  ha.SCMStateMachine (SCMStateMachine.java:notifyLeaderChanged(293)) - current SCM becomes leader of term 2.
2025-09-28 08:46:39,253 [a4a824a0-2283-4935-bdba-9632c468a4b2@group-86ADD17B79F3-LeaderElection15] INFO  ha.SCMContext (SCMContext.java:updateLeaderAndTerm(95)) - update <isLeader,term> from <false,0> to <true,2>
2025-09-28 08:46:39,253 [a4a824a0-2283-4935-bdba-9632c468a4b2@group-86ADD17B79F3-LeaderElection15] INFO  server.RaftServer$Division (ServerState.java:setLeader(272)) - a4a824a0-2283-4935-bdba-9632c468a4b2@group-86ADD17B79F3: change Leader from null to a4a824a0-2283-4935-bdba-9632c468a4b2 at term 2 for becomeLeader, leader elected after 1065ms
2025-09-28 08:46:39,253 [a4a824a0-2283-4935-bdba-9632c468a4b2@group-86ADD17B79F3-LeaderElection15] INFO  segmented.SegmentedRaftLogWorker (SegmentedRaftLogWorker.java:rollLogSegment(445)) - a4a824a0-2283-4935-bdba-9632c468a4b2@group-86ADD17B79F3-SegmentedRaftLogWorker: Rolling segment log-0_0 to index:0
2025-09-28 08:46:39,254 [a4a824a0-2283-4935-bdba-9632c468a4b2@group-86ADD17B79F3-LeaderElection15] INFO  server.RaftServer$Division (ServerState.java:setRaftConf(386)) - a4a824a0-2283-4935-bdba-9632c468a4b2@group-86ADD17B79F3: set configuration conf: {index: 1, cur=peers:[a4a824a0-2283-4935-bdba-9632c468a4b2|localhost:15038]|listeners:[], old=null}
2025-09-28 08:46:39,254 [a4a824a0-2283-4935-bdba-9632c468a4b2@group-86ADD17B79F3-SegmentedRaftLogWorker] INFO  segmented.SegmentedRaftLogWorker (SegmentedRaftLogWorker.java:execute(604)) - a4a824a0-2283-4935-bdba-9632c468a4b2@group-86ADD17B79F3-SegmentedRaftLogWorker: Rolled log segment from /home/runner/work/ozone/ozone/hadoop-ozone/integration-test/target/test-dir/MiniOzoneClusterImpl-ffd4f26c-0daa-4d09-bef2-86add17b79f3/scm/ratis/ffd4f26c-0daa-4d09-bef2-86add17b79f3/current/log_inprogress_0 to /home/runner/work/ozone/ozone/hadoop-ozone/integration-test/target/test-dir/MiniOzoneClusterImpl-ffd4f26c-0daa-4d09-bef2-86add17b79f3/scm/ratis/ffd4f26c-0daa-4d09-bef2-86add17b79f3/current/log_0-0
2025-09-28 08:46:39,254 [a4a824a0-2283-4935-bdba-9632c468a4b2@group-86ADD17B79F3-SegmentedRaftLogWorker] INFO  segmented.BufferedWriteChannel (BufferedWriteChannel.java:open(61)) - open log_inprogress_1 at position 0
2025-09-28 08:46:39,258 [a4a824a0-2283-4935-bdba-9632c468a4b2@group-86ADD17B79F3-SegmentedRaftLogWorker] INFO  segmented.SegmentedRaftLogWorker (SegmentedRaftLogWorker.java:execute(647)) - a4a824a0-2283-4935-bdba-9632c468a4b2@group-86ADD17B79F3-SegmentedRaftLogWorker: created new log segment /home/runner/work/ozone/ozone/hadoop-ozone/integration-test/target/test-dir/MiniOzoneClusterImpl-ffd4f26c-0daa-4d09-bef2-86add17b79f3/scm/ratis/ffd4f26c-0daa-4d09-bef2-86add17b79f3/current/log_inprogress_1
2025-09-28 08:46:39,261 [a4a824a0-2283-4935-bdba-9632c468a4b2@group-86ADD17B79F3-StateMachineUpdater] INFO  server.RaftServer$Division (LeaderStateImpl.java:checkStartIndex(309)) - Leader a4a824a0-2283-4935-bdba-9632c468a4b2@group-86ADD17B79F3-LeaderStateImpl is ready since appliedIndex == startIndex == 1
2025-09-28 08:46:39,261 [a4a824a0-2283-4935-bdba-9632c468a4b2@group-86ADD17B79F3-StateMachineUpdater] INFO  ha.SCMContext (SCMContext.java:setLeaderReady(122)) - update <isLeaderReady> from <false> to <true>
2025-09-28 08:46:39,261 [a4a824a0-2283-4935-bdba-9632c468a4b2@group-86ADD17B79F3-StateMachineUpdater] INFO  pipeline.BackgroundPipelineCreator (BackgroundPipelineCreator.java:notifyStatusChanged(268)) - Service BackgroundPipelineCreator transitions to RUNNING.
2025-09-28 08:46:39,261 [a4a824a0-2283-4935-bdba-9632c468a4b2@group-86ADD17B79F3-StateMachineUpdater] INFO  safemode.RatisContainerSafeModeRule (RatisContainerSafeModeRule.java:initializeRule(160)) - Refreshed Containers with one replica threshold count 0.
2025-09-28 08:46:39,261 [a4a824a0-2283-4935-bdba-9632c468a4b2@group-86ADD17B79F3-StateMachineUpdater] INFO  safemode.HealthyPipelineSafeModeRule (HealthyPipelineSafeModeRule.java:initializeRule(228)) - Refreshed total pipeline count is 0, healthy pipeline threshold count is 1
2025-09-28 08:46:39,261 [a4a824a0-2283-4935-bdba-9632c468a4b2@group-86ADD17B79F3-StateMachineUpdater] INFO  safemode.ECContainerSafeModeRule (ECContainerSafeModeRule.java:initializeRule(204)) - Refreshed Containers with ec n replica threshold count 0.
2025-09-28 08:46:39,261 [a4a824a0-2283-4935-bdba-9632c468a4b2@group-86ADD17B79F3-StateMachineUpdater] INFO  safemode.OneReplicaPipelineSafeModeRule (OneReplicaPipelineSafeModeRule.java:initializeRule(186)) - Refreshed Total pipeline count is 0, pipeline's with at least one datanode reported threshold count is 0
2025-09-28 08:46:39,261 [a4a824a0-2283-4935-bdba-9632c468a4b2@group-86ADD17B79F3-StateMachineUpdater] INFO  server.SCMDatanodeProtocolServer (SCMDatanodeProtocolServer.java:start(195)) - ScmDatanodeProtocol RPC server for DataNodes is listening at /0.0.0.0:15036
2025-09-28 08:46:39,262 [IPC Server Responder] INFO  ipc.Server (Server.java:run(1713)) - IPC Server Responder: starting
2025-09-28 08:46:39,262 [IPC Server listener on 15036] INFO  ipc.Server (Server.java:run(1553)) - IPC Server listener on 15036: starting
2025-09-28 08:46:40,410 [ForkJoinPool-1-worker-1] INFO  om.OzoneManager (OzoneManager.java:<init>(683)) - OM start with adminUsers: [admin, runner]
2025-09-28 08:46:40,554 [ForkJoinPool-1-worker-1] INFO  om.OzoneManager (OzoneManager.java:instantiateServices(927)) - S3 Multi-Tenancy is disabled
2025-09-28 08:46:40,555 [ForkJoinPool-1-worker-1] INFO  acl.OzoneAuthorizerFactory (OzoneAuthorizerFactory.java:create(69)) - om1: Authorizer for OM is class org.apache.hadoop.ozone.security.acl.OzoneAccessAuthorizer
2025-09-28 08:46:40,555 [ForkJoinPool-1-worker-1] INFO  om.OmSnapshotManager (OmSnapshotManager.java:<init>(203)) - Ozone filesystem snapshot feature is enabled.
2025-09-28 08:46:40,572 [ForkJoinPool-1-worker-1] INFO  utils.BackgroundService (BackgroundService.java:start(119)) - Starting service SnapshotDiffCleanupService with interval 60000 milliseconds
2025-09-28 08:46:40,574 [ForkJoinPool-1-worker-1] INFO  om.OzoneManager (OzoneManager.java:addS3GVolumeToDB(4708)) - Created Volume s3v With Owner runner required for S3Gateway operations.
2025-09-28 08:46:40,574 [ForkJoinPool-1-worker-1] WARN  dropwizard3.Dm3MetricRegistriesImpl (Dm3MetricRegistriesImpl.java:addReporterRegistration(114)) - New reporters are added after registries were created. Some metrics will be missing from the reporter. Please add reporter before adding any new registry.
2025-09-28 08:46:40,574 [ForkJoinPool-1-worker-1] WARN  dropwizard3.Dm3MetricRegistriesImpl (Dm3MetricRegistriesImpl.java:addReporterRegistration(114)) - New reporters are added after registries were created. Some metrics will be missing from the reporter. Please add reporter before adding any new registry.
2025-09-28 08:46:40,575 [ForkJoinPool-1-worker-1] INFO  server.RaftServerConfigKeys (ConfUtils.java:logGet(62)) - raft.server.log.appender.buffer.byte-limit = 4194304 (custom)
2025-09-28 08:46:40,576 [ForkJoinPool-1-worker-1] INFO  ratis.OzoneManagerRatisServer (OzoneManagerRatisServer.java:<init>(169)) - Instantiating OM Ratis server with groupID: omServiceIdDefault and peers: localhost:15043
2025-09-28 08:46:40,576 [ForkJoinPool-1-worker-1] INFO  ratis.OzoneManagerStateMachine (OzoneManagerStateMachine.java:loadSnapshotInfoFromDB(628)) - TransactionInfo not found in OM DB.
2025-09-28 08:46:40,577 [ForkJoinPool-1-worker-1] INFO  grpc.GrpcConfigKeys (ConfUtils.java:logFallback(69)) - raft.grpc.admin.host = null (fallback to raft.grpc.server.host)
2025-09-28 08:46:40,577 [ForkJoinPool-1-worker-1] INFO  grpc.GrpcConfigKeys (ConfUtils.java:logFallback(69)) - raft.grpc.admin.port = 15043 (fallback to raft.grpc.server.port)
2025-09-28 08:46:40,577 [ForkJoinPool-1-worker-1] INFO  grpc.GrpcConfigKeys (ConfUtils.java:logFallback(69)) - raft.grpc.client.host = null (fallback to raft.grpc.server.host)
2025-09-28 08:46:40,577 [ForkJoinPool-1-worker-1] INFO  grpc.GrpcConfigKeys (ConfUtils.java:logFallback(69)) - raft.grpc.client.port = 15043 (fallback to raft.grpc.server.port)
2025-09-28 08:46:40,577 [ForkJoinPool-1-worker-1] INFO  grpc.GrpcConfigKeys (ConfUtils.java:logGet(62)) - raft.grpc.server.port = 15043 (custom)
2025-09-28 08:46:40,577 [ForkJoinPool-1-worker-1] INFO  server.GrpcServicesImpl (ConfUtils.java:logGet(62)) - raft.grpc.message.size.max = 5242880 (custom)
2025-09-28 08:46:40,577 [ForkJoinPool-1-worker-1] INFO  server.RaftServerConfigKeys (ConfUtils.java:logGet(62)) - raft.server.rpc.request.timeout = 3000ms (default)
2025-09-28 08:46:40,577 [ForkJoinPool-1-worker-1] INFO  server.RaftServerConfigKeys (ConfUtils.java:logGet(62)) - raft.server.log.appender.buffer.byte-limit = 4194304 (custom)
2025-09-28 08:46:40,578 [ForkJoinPool-1-worker-1] INFO  server.RaftServerConfigKeys (ConfUtils.java:logGet(62)) - raft.server.storage.dir = [/home/runner/work/ozone/ozone/hadoop-ozone/integration-test/target/test-dir/MiniOzoneClusterImpl-ffd4f26c-0daa-4d09-bef2-86add17b79f3/om/ratis] (custom)
2025-09-28 08:46:40,579 [ForkJoinPool-1-worker-1] INFO  server.RaftServer (RaftServerProxy.java:addNew(105)) - om1: addNew group-C5BA1605619E:[om1|localhost:15043] returns group-C5BA1605619E:java.util.concurrent.CompletableFuture@4e7ea2d[Not completed]
2025-09-28 08:46:40,579 [ForkJoinPool-1-worker-1] INFO  om.OzoneManager (OzoneManager.java:initializeRatisServer(2338)) - OzoneManager Ratis server initialized at port 15043
2025-09-28 08:46:40,579 [om1-groupManagement] INFO  server.RaftServer$Division (RaftServerImpl.java:<init>(268)) - om1: new RaftServerImpl for group-C5BA1605619E:[om1|localhost:15043] with OzoneManagerStateMachine:uninitialized
2025-09-28 08:46:40,579 [ForkJoinPool-1-worker-1] INFO  om.OzoneManager (OzoneManager.java:getRpcServer(1390)) - Creating RPC Server
2025-09-28 08:46:40,579 [om1-groupManagement] INFO  server.RaftServerConfigKeys (ConfUtils.java:logGet(62)) - raft.server.rpc.timeout.min = 1s (custom)
2025-09-28 08:46:40,579 [om1-groupManagement] INFO  server.RaftServerConfigKeys (ConfUtils.java:logGet(62)) - raft.server.rpc.timeout.max = 1200ms (custom)
2025-09-28 08:46:40,579 [om1-groupManagement] INFO  server.RaftServer$Division (ServerState.java:<init>(114)) - om1@group-C5BA1605619E: ConfigurationManager, init=conf: {index: -1, cur=peers:[om1|localhost:15043]|listeners:[], old=null}, confs=<EMPTY_MAP>
2025-09-28 08:46:40,579 [om1-groupManagement] INFO  server.RaftServerConfigKeys (ConfUtils.java:logGet(62)) - raft.server.notification.no-leader.timeout = 120s (custom)
2025-09-28 08:46:40,579 [om1-groupManagement] INFO  server.RaftServerConfigKeys (ConfUtils.java:logGet(62)) - raft.server.retrycache.expirytime = 300s (custom)
2025-09-28 08:46:41,062 [ForkJoinPool-1-worker-1] INFO  reflections.Reflections (Reflections.java:scan(219)) - Reflections took 482 ms to scan 25 urls, producing 62 keys and 7936 values
2025-09-28 08:46:41,064 [ForkJoinPool-1-worker-1] INFO  ipc.CallQueueManager (CallQueueManager.java:<init>(93)) - Using callQueue: class java.util.concurrent.LinkedBlockingQueue, queueCapacity: 2000, scheduler: class org.apache.hadoop.ipc.DefaultRpcScheduler, ipcBackoff: false, ipcFailOver: false.
2025-09-28 08:46:41,065 [ForkJoinPool-1-worker-1] INFO  ipc.Server (Server.java:<init>(1438)) - Listener at 127.0.0.1:15040
2025-09-28 08:46:41,065 [Socket Reader #1 for port 15040] INFO  ipc.Server (Server.java:run(1474)) - Starting Socket Reader #1 for port 15040
2025-09-28 08:46:41,065 [Socket Reader #2 for port 15040] INFO  ipc.Server (Server.java:run(1474)) - Starting Socket Reader #2 for port 15040
2025-09-28 08:46:41,065 [Socket Reader #3 for port 15040] INFO  ipc.Server (Server.java:run(1474)) - Starting Socket Reader #3 for port 15040
2025-09-28 08:46:41,066 [Socket Reader #4 for port 15040] INFO  ipc.Server (Server.java:run(1474)) - Starting Socket Reader #4 for port 15040
2025-09-28 08:46:41,066 [Socket Reader #5 for port 15040] INFO  ipc.Server (Server.java:run(1474)) - Starting Socket Reader #5 for port 15040
2025-09-28 08:46:41,066 [Socket Reader #6 for port 15040] INFO  ipc.Server (Server.java:run(1474)) - Starting Socket Reader #6 for port 15040
2025-09-28 08:46:41,066 [Socket Reader #7 for port 15040] INFO  ipc.Server (Server.java:run(1474)) - Starting Socket Reader #7 for port 15040
2025-09-28 08:46:41,066 [Socket Reader #8 for port 15040] INFO  ipc.Server (Server.java:run(1474)) - Starting Socket Reader #8 for port 15040
2025-09-28 08:46:41,066 [Socket Reader #9 for port 15040] INFO  ipc.Server (Server.java:run(1474)) - Starting Socket Reader #9 for port 15040
2025-09-28 08:46:41,067 [Socket Reader #10 for port 15040] INFO  ipc.Server (Server.java:run(1474)) - Starting Socket Reader #10 for port 15040
2025-09-28 08:46:41,092 [ForkJoinPool-1-worker-1] INFO  impl.MetricsSystemImpl (MetricsSystemImpl.java:init(158)) - OzoneManager metrics system started (again)
2025-09-28 08:46:41,108 [ForkJoinPool-1-worker-1] INFO  om.OzoneManager (OzoneManager.java:start(1822)) - OzoneManager RPC server is listening at localhost/127.0.0.1:15040
2025-09-28 08:46:41,108 [ForkJoinPool-1-worker-1] INFO  ratis.OzoneManagerRatisServer (OzoneManagerRatisServer.java:start(673)) - Starting OzoneManagerRatisServer om1 at port 15043
2025-09-28 08:46:41,109 [om1-impl-thread1] INFO  storage.RaftStorageDirectory (RaftStorageDirectoryImpl.java:analyzeStorage(138)) - The storage directory /home/runner/work/ozone/ozone/hadoop-ozone/integration-test/target/test-dir/MiniOzoneClusterImpl-ffd4f26c-0daa-4d09-bef2-86add17b79f3/om/ratis/bf265839-605b-3f16-9796-c5ba1605619e does not exist. Creating ...
2025-09-28 08:46:41,110 [om1-impl-thread1] INFO  storage.RaftStorageDirectory (RaftStorageDirectoryImpl.java:tryLock(229)) - Lock on /home/runner/work/ozone/ozone/hadoop-ozone/integration-test/target/test-dir/MiniOzoneClusterImpl-ffd4f26c-0daa-4d09-bef2-86add17b79f3/om/ratis/bf265839-605b-3f16-9796-c5ba1605619e/in_use.lock acquired by nodename 129489@localhost
2025-09-28 08:46:41,111 [om1-impl-thread1] INFO  storage.RaftStorage (RaftStorageImpl.java:format(98)) - Storage directory /home/runner/work/ozone/ozone/hadoop-ozone/integration-test/target/test-dir/MiniOzoneClusterImpl-ffd4f26c-0daa-4d09-bef2-86add17b79f3/om/ratis/bf265839-605b-3f16-9796-c5ba1605619e has been successfully formatted.
2025-09-28 08:46:41,111 [om1-impl-thread1] INFO  ratis.OzoneManagerStateMachine (OzoneManagerStateMachine.java:lambda$0(138)) - om1: initialize group-C5BA1605619E with <INITIAL_VALUE>
2025-09-28 08:46:41,112 [om1-impl-thread1] INFO  server.RaftServerConfigKeys (ConfUtils.java:logGet(62)) - raft.server.log.appender.buffer.byte-limit = 4194304 (custom)
2025-09-28 08:46:41,112 [om1-impl-thread1] INFO  server.RaftServerConfigKeys (ConfUtils.java:logGet(62)) - raft.server.log.segment.size.max = 67108864 (custom)
2025-09-28 08:46:41,113 [om1-impl-thread1] INFO  server.RaftServerConfigKeys (ConfUtils.java:logGet(62)) - raft.server.log.appender.buffer.byte-limit = 4194304 (custom)
2025-09-28 08:46:41,113 [om1-impl-thread1] INFO  util.AwaitToRun (AwaitToRun.java:start(81)) - Thread[#1630,om1@group-C5BA1605619E-cacheEviction-AwaitToRun,5,main] started
2025-09-28 08:46:41,113 [om1-impl-thread1] INFO  segmented.SegmentedRaftLogWorker (SegmentedRaftLogWorker.java:<init>(190)) - new om1@group-C5BA1605619E-SegmentedRaftLogWorker for RaftStorageImpl:Storage Directory /home/runner/work/ozone/ozone/hadoop-ozone/integration-test/target/test-dir/MiniOzoneClusterImpl-ffd4f26c-0daa-4d09-bef2-86add17b79f3/om/ratis/bf265839-605b-3f16-9796-c5ba1605619e
2025-09-28 08:46:41,113 [om1-impl-thread1] INFO  server.RaftServerConfigKeys (ConfUtils.java:logGet(62)) - raft.server.log.segment.size.max = 67108864 (custom)
2025-09-28 08:46:41,113 [om1-impl-thread1] INFO  server.RaftServerConfigKeys (ConfUtils.java:logGet(62)) - raft.server.log.preallocated.size = 4194304 (custom)
2025-09-28 08:46:41,113 [om1-impl-thread1] INFO  server.RaftServerConfigKeys (ConfUtils.java:logGet(62)) - raft.server.log.write.buffer.size = 4194312 (custom)
2025-09-28 08:46:41,114 [om1-impl-thread1] INFO  server.RaftServerConfigKeys (ConfUtils.java:logGet(62)) - raft.server.log.appender.buffer.byte-limit = 4194304 (custom)
2025-09-28 08:46:41,114 [om1-impl-thread1] INFO  segmented.SegmentedRaftLogWorker (SegmentedRaftLogWorker.java:lambda$new$0(141)) - om1@group-C5BA1605619E-SegmentedRaftLogWorker: flushIndex: setUnconditionally 0 -> -1
2025-09-28 08:46:41,114 [om1-impl-thread1] INFO  segmented.SegmentedRaftLogWorker (SegmentedRaftLogWorker.java:lambda$new$0(141)) - om1@group-C5BA1605619E-SegmentedRaftLogWorker: safeCacheEvictIndex: setUnconditionally 0 -> -1
2025-09-28 08:46:41,115 [om1-impl-thread1] INFO  server.RaftServer$Division (RaftServerImpl.java:start(405)) - om1@group-C5BA1605619E: start as a follower, conf=conf: {index: -1, cur=peers:[om1|localhost:15043]|listeners:[], old=null}
2025-09-28 08:46:41,115 [om1-impl-thread1] INFO  server.RaftServer$Division (RaftServerImpl.java:setRole(392)) - om1@group-C5BA1605619E: changes role from      null to FOLLOWER at term 0 for startAsFollower
2025-09-28 08:46:41,115 [om1-impl-thread1] INFO  impl.RoleInfo (RoleInfo.java:updateAndGet(148)) - om1: start om1@group-C5BA1605619E-FollowerState
2025-09-28 08:46:41,115 [om1-impl-thread1] INFO  util.JmxRegister (JmxRegister.java:tryRegister(44)) - Successfully registered JMX Bean with object name Ratis:service=RaftServer,group=group-C5BA1605619E,id=om1
2025-09-28 08:46:41,115 [om1-impl-thread1] INFO  util.JmxRegister (JmxRegister.java:register(58)) - register mxBean class org.apache.ratis.server.impl.RaftServerJmxAdapter as Ratis:service=RaftServer,group=group-C5BA1605619E,id=om1
2025-09-28 08:46:41,115 [om1-impl-thread1] INFO  server.RaftServerConfigKeys (ConfUtils.java:logGet(62)) - raft.server.snapshot.auto.trigger.threshold = 400000 (default)
2025-09-28 08:46:41,115 [om1-impl-thread1] INFO  server.RaftServerConfigKeys (ConfUtils.java:logGet(62)) - raft.server.log.purge.upto.snapshot.index = true (custom)
2025-09-28 08:46:41,116 [om1@group-C5BA1605619E-FollowerState] INFO  server.RaftServerConfigKeys (ConfUtils.java:logFallback(69)) - raft.server.rpc.first-election.timeout.min = 1s (fallback to raft.server.rpc.timeout.min)
2025-09-28 08:46:41,116 [om1@group-C5BA1605619E-FollowerState] INFO  server.RaftServerConfigKeys (ConfUtils.java:logFallback(69)) - raft.server.rpc.first-election.timeout.max = 1200ms (fallback to raft.server.rpc.timeout.max)
2025-09-28 08:46:41,116 [om1-impl-thread1] INFO  server.RaftServer$Division (RaftServerImpl.java:start(419)) - om1@group-C5BA1605619E: Successfully started.
2025-09-28 08:46:41,116 [ForkJoinPool-1-worker-1] INFO  server.RaftServer (RaftServerProxy.java:startImpl(412)) - om1: start RPC server
2025-09-28 08:46:41,117 [ForkJoinPool-1-worker-1] INFO  server.GrpcServicesImpl (GrpcServicesImpl.java:startImpl(346)) - om1: GrpcServicesImpl started, listening on 15043
2025-09-28 08:46:41,120 [ForkJoinPool-1-worker-1] INFO  om.OzoneManager (OzoneManager.java:start(1837)) - Version File has different layout version (8) than OM DB (null). That is expected if this OM has never been finalized to a newer layout version.
2025-09-28 08:46:41,120 [JvmPauseMonitor9] INFO  util.JvmPauseMonitor (JvmPauseMonitor.java:run(146)) - JvmPauseMonitor-om1: Started
2025-09-28 08:46:41,125 [ForkJoinPool-1-worker-1] INFO  client.ScmTopologyClient (ScmTopologyClient.java:start(70)) - Initial network topology fetched from SCM: /.
2025-09-28 08:46:41,126 [ForkJoinPool-1-worker-1] INFO  net.NodeSchemaLoader (NodeSchemaLoader.java:loadSchemaFromFile(128)) - Loading schema from [jar:file:/home/runner/work/ozone/ozone/hadoop-hdds/common/target/hdds-common-2.1.0-SNAPSHOT.jar!/network-topology-default.xml]
2025-09-28 08:46:41,126 [ForkJoinPool-1-worker-1] INFO  net.NodeSchemaLoader (NodeSchemaLoader.java:loadSchema(175)) - Loading network topology layer schema file
2025-09-28 08:46:41,129 [ForkJoinPool-1-worker-1] INFO  utils.BackgroundService (BackgroundService.java:start(119)) - Starting service KeyDeletingService with interval 60000 milliseconds
2025-09-28 08:46:41,130 [ForkJoinPool-1-worker-1] INFO  utils.BackgroundService (BackgroundService.java:start(119)) - Starting service DirectoryDeletingService with interval 120000 milliseconds
2025-09-28 08:46:41,131 [ForkJoinPool-1-worker-1] INFO  utils.BackgroundService (BackgroundService.java:start(119)) - Starting service OpenKeyCleanupService with interval 86400000 milliseconds
2025-09-28 08:46:41,132 [ForkJoinPool-1-worker-1] INFO  utils.BackgroundService (BackgroundService.java:start(119)) - Starting service SstFilteringService with interval 60000 milliseconds
2025-09-28 08:46:41,133 [ForkJoinPool-1-worker-1] INFO  utils.BackgroundService (BackgroundService.java:start(119)) - Starting service SnapshotDeletingService with interval 30000 milliseconds
2025-09-28 08:46:41,133 [ForkJoinPool-1-worker-1] INFO  utils.BackgroundService (BackgroundService.java:start(119)) - Starting service MultipartUploadCleanupService with interval 86400000 milliseconds
2025-09-28 08:46:41,135 [ForkJoinPool-1-worker-1] INFO  http.BaseHttpServer (BaseHttpServer.java:newHttpServer2BuilderForOzone(227)) - Starting Web-server for ozoneManager at: http://0.0.0.0:15041
2025-09-28 08:46:41,135 [ForkJoinPool-1-worker-1] INFO  http.BaseHttpServer (BaseHttpServer.java:<init>(105)) - Hadoop Security Enabled: false Ozone Security Enabled: false Ozone HTTP Security Enabled: false 
2025-09-28 08:46:41,136 [ForkJoinPool-1-worker-1] WARN  server.AuthenticationFilter (AuthenticationFilter.java:constructSecretProvider(240)) - Unable to initialize FileSignerSecretProvider, falling back to use random secrets. Reason: Could not read signature secret file: /home/runner/hadoop-http-auth-signature-secret
2025-09-28 08:46:41,140 [ForkJoinPool-1-worker-1] INFO  http.HttpServer2 (HttpServer2.java:addGlobalFilter(1041)) - Added global filter 'safety' (class=org.apache.hadoop.hdds.server.http.HttpServer2$QuotingInputFilter)
2025-09-28 08:46:41,142 [ForkJoinPool-1-worker-1] INFO  http.HttpServer2 (HttpServer2.java:addFilter(1017)) - Added filter static_user_filter (class=org.apache.hadoop.http.lib.StaticUserWebFilter$StaticUserFilter) to context ozoneManager
2025-09-28 08:46:41,142 [ForkJoinPool-1-worker-1] INFO  http.HttpServer2 (HttpServer2.java:addFilter(1025)) - Added filter static_user_filter (class=org.apache.hadoop.http.lib.StaticUserWebFilter$StaticUserFilter) to context static
2025-09-28 08:46:41,142 [ForkJoinPool-1-worker-1] INFO  http.HttpServer2 (HttpServer2.java:addFilter(1025)) - Added filter static_user_filter (class=org.apache.hadoop.http.lib.StaticUserWebFilter$StaticUserFilter) to context logs
2025-09-28 08:46:41,143 [ForkJoinPool-1-worker-1] INFO  http.BaseHttpServer (BaseHttpServer.java:<init>(193)) - HTTP server of ozoneManager uses base directory /home/runner/work/ozone/ozone/hadoop-ozone/integration-test/target/test-dir/MiniOzoneClusterImpl-ffd4f26c-0daa-4d09-bef2-86add17b79f3/scm/ozone-metadata/webserver
2025-09-28 08:46:41,143 [ForkJoinPool-1-worker-1] INFO  http.HttpServer2 (HttpServer2.java:bindListener(1241)) - Jetty bound to port 15041
2025-09-28 08:46:41,143 [ForkJoinPool-1-worker-1] INFO  server.Server (Server.java:doStart(375)) - jetty-9.4.58.v20250814; built: 2025-08-14T02:28:49.637Z; git: 8f1440587e9e4ae7db3d74cf205643f3d707148d; jvm 21.0.8+9-LTS
2025-09-28 08:46:41,145 [ForkJoinPool-1-worker-1] INFO  server.session (DefaultSessionIdManager.java:doStart(334)) - DefaultSessionIdManager workerName=node0
2025-09-28 08:46:41,145 [ForkJoinPool-1-worker-1] INFO  server.session (DefaultSessionIdManager.java:doStart(339)) - No SessionScavenger set, using defaults
2025-09-28 08:46:41,145 [ForkJoinPool-1-worker-1] INFO  server.session (HouseKeeper.java:startScavenging(132)) - node0 Scavenging every 600000ms
2025-09-28 08:46:41,146 [ForkJoinPool-1-worker-1] INFO  handler.ContextHandler (ContextHandler.java:doStart(921)) - Started o.e.j.s.ServletContextHandler@4503ca9f{logs,/logs,file:///home/runner/work/ozone/ozone/hadoop-ozone/integration-test/target/log,AVAILABLE}
2025-09-28 08:46:41,147 [ForkJoinPool-1-worker-1] INFO  handler.ContextHandler (ContextHandler.java:doStart(921)) - Started o.e.j.s.ServletContextHandler@45708726{static,/static,file:///home/runner/work/ozone/ozone/hadoop-ozone/integration-test/target/test-classes/webapps/static,AVAILABLE}
2025-09-28 08:46:41,152 [ForkJoinPool-1-worker-1] INFO  handler.ContextHandler (ContextHandler.java:doStart(921)) - Started o.e.j.w.WebAppContext@59abf26b{ozoneManager,/,file:///home/runner/work/ozone/ozone/hadoop-ozone/integration-test/target/test-classes/webapps/ozoneManager/,AVAILABLE}{file:/home/runner/work/ozone/ozone/hadoop-ozone/integration-test/target/test-classes/webapps/ozoneManager}
2025-09-28 08:46:41,153 [ForkJoinPool-1-worker-1] INFO  server.AbstractConnector (AbstractConnector.java:doStart(333)) - Started ServerConnector@588654d9{HTTP/1.1, (http/1.1)}{0.0.0.0:15041}
2025-09-28 08:46:41,153 [ForkJoinPool-1-worker-1] INFO  server.Server (Server.java:doStart(415)) - Started @40966ms
2025-09-28 08:46:41,153 [ForkJoinPool-1-worker-1] WARN  impl.MetricsSystemImpl (MetricsSystemImpl.java:register(279)) - Sink prometheus already exists!
2025-09-28 08:46:41,153 [ForkJoinPool-1-worker-1] INFO  http.BaseHttpServer (BaseHttpServer.java:updateConnectorAddress(357)) - HTTP server of ozoneManager listening at http://localhost:15041
2025-09-28 08:46:41,154 [IPC Server Responder] INFO  ipc.Server (Server.java:run(1713)) - IPC Server Responder: starting
2025-09-28 08:46:41,154 [IPC Server listener on 15040] INFO  ipc.Server (Server.java:run(1553)) - IPC Server listener on 15040: starting
2025-09-28 08:46:41,157 [ForkJoinPool-1-worker-1] INFO  om.OzoneManager (OzoneManager.java:startTrashEmptier(2292)) - Trash Interval set to 0. Files deleted won't move to trash
2025-09-28 08:46:41,167 [ForkJoinPool-1-worker-1] WARN  dropwizard3.Dm3MetricRegistriesImpl (Dm3MetricRegistriesImpl.java:addReporterRegistration(114)) - New reporters are added after registries were created. Some metrics will be missing from the reporter. Please add reporter before adding any new registry.
2025-09-28 08:46:41,168 [ForkJoinPool-1-worker-1] WARN  dropwizard3.Dm3MetricRegistriesImpl (Dm3MetricRegistriesImpl.java:addReporterRegistration(114)) - New reporters are added after registries were created. Some metrics will be missing from the reporter. Please add reporter before adding any new registry.
2025-09-28 08:46:41,168 [ForkJoinPool-1-worker-1] INFO  impl.MetricsSystemImpl (MetricsSystemImpl.java:init(158)) - HddsDatanode metrics system started (again)
2025-09-28 08:46:41,191 [ForkJoinPool-1-worker-1] INFO  protocol.DatanodeDetails (DatanodeDetails.java:validateDatanodeIpAddress(199)) - Updating IP address of datanode ad6ddb9b-2ec3-4db0-9749-54a59d16dcc8(localhost/null) to 127.0.0.1
2025-09-28 08:46:41,192 [ForkJoinPool-1-worker-1] INFO  ozone.HddsDatanodeService (HddsDatanodeService.java:start(236)) - HddsDatanodeService ad6ddb9b-2ec3-4db0-9749-54a59d16dcc8(localhost/127.0.0.1)
2025-09-28 08:46:41,195 [ForkJoinPool-1-worker-1] INFO  upgrade.AbstractLayoutVersionManager (AbstractLayoutVersionManager.java:init(80)) - Initializing Layout version manager with metadata layout = WITNESSED_CONTAINER_DB_PROTO_VALUE (version = 9), software layout = WITNESSED_CONTAINER_DB_PROTO_VALUE (version = 9)
2025-09-28 08:46:41,196 [ForkJoinPool-1-worker-1] INFO  statemachine.DatanodeStateMachine (DatanodeStateMachine.java:getEndPointTaskThreadPoolSize(321)) - Datanode State Machine Task Thread Pool size 2
2025-09-28 08:46:41,200 [ForkJoinPool-1-worker-1] INFO  volume.HddsVolume (HddsVolume.java:<init>(162)) - HddsVolume: { id=DS-13b10302-ef89-4c67-a5e6-0711114dd213 dir=/home/runner/work/ozone/ozone/hadoop-ozone/integration-test/target/test-dir/MiniOzoneClusterImpl-ffd4f26c-0daa-4d09-bef2-86add17b79f3/ozone-metadata/datanode-1/data-0/hdds type=DISK capacity=9222449699674390527 used=0 available=9222449699674390527 minFree=9222450130714624 committed=0 }
2025-09-28 08:46:41,200 [ForkJoinPool-1-worker-1] INFO  volume.MutableVolumeSet (MutableVolumeSet.java:initializeVolumeSet(175)) - Added Volume : /home/runner/work/ozone/ozone/hadoop-ozone/integration-test/target/test-dir/MiniOzoneClusterImpl-ffd4f26c-0daa-4d09-bef2-86add17b79f3/ozone-metadata/datanode-1/data-0/hdds to VolumeSet
2025-09-28 08:46:41,202 [ForkJoinPool-1-worker-1] INFO  volume.MutableVolumeSet (MutableVolumeSet.java:initializeVolumeSet(175)) - Added Volume : /home/runner/work/ozone/ozone/hadoop-ozone/integration-test/target/test-dir/MiniOzoneClusterImpl-ffd4f26c-0daa-4d09-bef2-86add17b79f3/ozone-metadata/datanode-1/ratis to VolumeSet
2025-09-28 08:46:41,202 [ForkJoinPool-1-worker-1] INFO  ozoneimpl.OzoneContainer (HddsVolumeUtil.java:loadAllHddsVolumeDbStore(102)) - Load 1 volumes DbStore cost: 0ms
2025-09-28 08:46:41,203 [ForkJoinPool-1-worker-1] WARN  db.DBStoreBuilder (DBStoreBuilder.java:getDBDirPath(158)) - ozone.scm.datanode.id.dir is not configured. We recommend adding this setting. Falling back to ozone.metadata.dirs instead.
2025-09-28 08:46:41,204 [ForkJoinPool-1-worker-1] WARN  db.DBStoreBuilder (DBStoreBuilder.java:getDBDirPath(158)) - ozone.scm.datanode.id.dir is not configured. We recommend adding this setting. Falling back to ozone.metadata.dirs instead.
2025-09-28 08:46:41,223 [ForkJoinPool-1-worker-1] INFO  impl.FilePerChunkStrategy (FilePerChunkStrategy.java:<init>(79)) - ozone.chunk.read.mapped.buffer.max.count is load with 0
2025-09-28 08:46:41,223 [ForkJoinPool-1-worker-1] INFO  impl.FilePerBlockStrategy (FilePerBlockStrategy.java:<init>(88)) - ozone.chunk.read.mapped.buffer.max.count is load with 0
2025-09-28 08:46:41,224 [ForkJoinPool-1-worker-1] INFO  server.RaftServerConfigKeys (ConfUtils.java:logGet(62)) - raft.server.log.appender.buffer.byte-limit = 33554432 (custom)
2025-09-28 08:46:41,226 [ForkJoinPool-1-worker-1] INFO  grpc.GrpcConfigKeys (ConfUtils.java:logFallback(69)) - raft.grpc.admin.host = null (fallback to raft.grpc.server.host)
2025-09-28 08:46:41,226 [ForkJoinPool-1-worker-1] INFO  grpc.GrpcConfigKeys (ConfUtils.java:logGet(62)) - raft.grpc.admin.port = 15048 (custom)
2025-09-28 08:46:41,226 [ForkJoinPool-1-worker-1] INFO  grpc.GrpcConfigKeys (ConfUtils.java:logFallback(69)) - raft.grpc.client.host = null (fallback to raft.grpc.server.host)
2025-09-28 08:46:41,226 [ForkJoinPool-1-worker-1] INFO  grpc.GrpcConfigKeys (ConfUtils.java:logGet(62)) - raft.grpc.client.port = 15047 (custom)
2025-09-28 08:46:41,226 [ForkJoinPool-1-worker-1] INFO  grpc.GrpcConfigKeys (ConfUtils.java:logGet(62)) - raft.grpc.server.port = 15049 (custom)
2025-09-28 08:46:41,226 [ForkJoinPool-1-worker-1] INFO  server.GrpcServicesImpl (ConfUtils.java:logGet(62)) - raft.grpc.message.size.max = 34603008 (custom)
2025-09-28 08:46:41,227 [ForkJoinPool-1-worker-1] INFO  server.GrpcServicesImpl (ConfUtils.java:logGet(62)) - raft.grpc.flow.control.window = 5MB (=5242880) (custom)
2025-09-28 08:46:41,227 [ForkJoinPool-1-worker-1] INFO  server.RaftServerConfigKeys (ConfUtils.java:logGet(62)) - raft.server.rpc.request.timeout = 60s (custom)
2025-09-28 08:46:41,227 [ForkJoinPool-1-worker-1] INFO  server.RaftServerConfigKeys (ConfUtils.java:logGet(62)) - raft.server.log.appender.buffer.byte-limit = 33554432 (custom)
2025-09-28 08:46:41,229 [ForkJoinPool-1-worker-1] INFO  impl.DataStreamServerImpl (ConfUtils.java:logGet(62)) - raft.datastream.type = NETTY (custom)
2025-09-28 08:46:41,229 [ForkJoinPool-1-worker-1] INFO  netty.NettyUtils (NettyUtils.java:newEventLoopGroup(74)) - Create EpollEventLoopGroup for ad6ddb9b-2ec3-4db0-9749-54a59d16dcc8-NettyServerStreamRpc-bossGroup; Thread size is 0.
2025-09-28 08:46:41,230 [ForkJoinPool-1-worker-1] INFO  netty.NettyUtils (NettyUtils.java:newEventLoopGroup(74)) - Create EpollEventLoopGroup for ad6ddb9b-2ec3-4db0-9749-54a59d16dcc8-NettyServerStreamRpc-workerGroup; Thread size is 0.
2025-09-28 08:46:41,230 [ForkJoinPool-1-worker-1] INFO  netty.NettyConfigKeys$DataStream (ConfUtils.java:logGet(62)) - raft.netty.dataStream.port = 15050 (custom)
2025-09-28 08:46:41,231 [ForkJoinPool-1-worker-1] INFO  server.RaftServerConfigKeys (ConfUtils.java:logGet(62)) - raft.server.storage.dir = [/home/runner/work/ozone/ozone/hadoop-ozone/integration-test/target/test-dir/MiniOzoneClusterImpl-ffd4f26c-0daa-4d09-bef2-86add17b79f3/ozone-metadata/datanode-1/ratis] (custom)
2025-09-28 08:46:41,232 [ad6ddb9b-2ec3-4db0-9749-54a59d16dcc8-NettyServerStreamRpc-bossGroup--thread1] INFO  logging.LoggingHandler (AbstractInternalLogger.java:log(148)) - [id: 0xf9926c76] REGISTERED
2025-09-28 08:46:41,232 [ad6ddb9b-2ec3-4db0-9749-54a59d16dcc8-NettyServerStreamRpc-bossGroup--thread1] INFO  logging.LoggingHandler (AbstractInternalLogger.java:log(148)) - [id: 0xf9926c76] BIND: 0.0.0.0/0.0.0.0:15050
2025-09-28 08:46:41,232 [ad6ddb9b-2ec3-4db0-9749-54a59d16dcc8-NettyServerStreamRpc-bossGroup--thread1] INFO  logging.LoggingHandler (AbstractInternalLogger.java:log(148)) - [id: 0xf9926c76, L:/0.0.0.0:15050] ACTIVE
2025-09-28 08:46:41,232 [ad6ddb9b-2ec3-4db0-9749-54a59d16dcc8-impl-thread1] INFO  server.RaftServer (RaftServerProxy.java:initGroupDir(270)) - ad6ddb9b-2ec3-4db0-9749-54a59d16dcc8: found a subdirectory /home/runner/work/ozone/ozone/hadoop-ozone/integration-test/target/test-dir/MiniOzoneClusterImpl-ffd4f26c-0daa-4d09-bef2-86add17b79f3/ozone-metadata/datanode-1/ratis/tmp
2025-09-28 08:46:41,232 [ad6ddb9b-2ec3-4db0-9749-54a59d16dcc8-impl-thread1] INFO  server.RaftServer (RaftServerProxy.java:initGroupDir(275)) - ad6ddb9b-2ec3-4db0-9749-54a59d16dcc8: The directory /home/runner/work/ozone/ozone/hadoop-ozone/integration-test/target/test-dir/MiniOzoneClusterImpl-ffd4f26c-0daa-4d09-bef2-86add17b79f3/ozone-metadata/datanode-1/ratis/tmp is not a group directory; ignoring it. 
2025-09-28 08:46:41,233 [ForkJoinPool-1-worker-1] INFO  replication.ReplicationServer (ReplicationServer.java:<init>(84)) - Initializing replication server with thread count = 10 queue length = 4096
2025-09-28 08:46:41,234 [ForkJoinPool-1-worker-1] INFO  server.XceiverServerGrpc (XceiverServerGrpc.java:<init>(129)) - GrpcServer channel type EpollServerSocketChannel
2025-09-28 08:46:41,235 [ForkJoinPool-1-worker-1] INFO  replication.ReplicationSupervisor (ReplicationSupervisor.java:build(169)) - Initializing replication supervisor with thread count = 10
2025-09-28 08:46:41,235 [ForkJoinPool-1-worker-1] INFO  replication.ReplicationSupervisor (ReplicationSupervisor.java:nodeStateUpdated(358)) - Node state updated to IN_SERVICE, scaling executor pool size to 10
2025-09-28 08:46:41,239 [ForkJoinPool-1-worker-1] INFO  http.BaseHttpServer (BaseHttpServer.java:newHttpServer2BuilderForOzone(227)) - Starting Web-server for hddsDatanode at: http://0.0.0.0:15044
2025-09-28 08:46:41,239 [ForkJoinPool-1-worker-1] INFO  http.BaseHttpServer (BaseHttpServer.java:<init>(105)) - Hadoop Security Enabled: false Ozone Security Enabled: false Ozone HTTP Security Enabled: false 
2025-09-28 08:46:41,240 [ForkJoinPool-1-worker-1] WARN  server.AuthenticationFilter (AuthenticationFilter.java:constructSecretProvider(240)) - Unable to initialize FileSignerSecretProvider, falling back to use random secrets. Reason: Could not read signature secret file: /home/runner/hadoop-http-auth-signature-secret
2025-09-28 08:46:41,243 [ForkJoinPool-1-worker-1] INFO  http.HttpServer2 (HttpServer2.java:addGlobalFilter(1041)) - Added global filter 'safety' (class=org.apache.hadoop.hdds.server.http.HttpServer2$QuotingInputFilter)
2025-09-28 08:46:41,245 [ForkJoinPool-1-worker-1] INFO  http.HttpServer2 (HttpServer2.java:addFilter(1017)) - Added filter static_user_filter (class=org.apache.hadoop.http.lib.StaticUserWebFilter$StaticUserFilter) to context hddsDatanode
2025-09-28 08:46:41,245 [ForkJoinPool-1-worker-1] INFO  http.HttpServer2 (HttpServer2.java:addFilter(1025)) - Added filter static_user_filter (class=org.apache.hadoop.http.lib.StaticUserWebFilter$StaticUserFilter) to context static
2025-09-28 08:46:41,245 [ForkJoinPool-1-worker-1] INFO  http.HttpServer2 (HttpServer2.java:addFilter(1025)) - Added filter static_user_filter (class=org.apache.hadoop.http.lib.StaticUserWebFilter$StaticUserFilter) to context logs
2025-09-28 08:46:41,245 [ForkJoinPool-1-worker-1] INFO  http.BaseHttpServer (BaseHttpServer.java:<init>(193)) - HTTP server of hddsDatanode uses base directory /home/runner/work/ozone/ozone/hadoop-ozone/integration-test/target/test-dir/MiniOzoneClusterImpl-ffd4f26c-0daa-4d09-bef2-86add17b79f3/scm/ozone-metadata/webserver
2025-09-28 08:46:41,246 [ForkJoinPool-1-worker-1] INFO  http.HttpServer2 (HttpServer2.java:bindListener(1241)) - Jetty bound to port 15044
2025-09-28 08:46:41,246 [ForkJoinPool-1-worker-1] INFO  server.Server (Server.java:doStart(375)) - jetty-9.4.58.v20250814; built: 2025-08-14T02:28:49.637Z; git: 8f1440587e9e4ae7db3d74cf205643f3d707148d; jvm 21.0.8+9-LTS
2025-09-28 08:46:41,247 [ForkJoinPool-1-worker-1] INFO  server.session (DefaultSessionIdManager.java:doStart(334)) - DefaultSessionIdManager workerName=node0
2025-09-28 08:46:41,247 [ForkJoinPool-1-worker-1] INFO  server.session (DefaultSessionIdManager.java:doStart(339)) - No SessionScavenger set, using defaults
2025-09-28 08:46:41,248 [ForkJoinPool-1-worker-1] INFO  server.session (HouseKeeper.java:startScavenging(132)) - node0 Scavenging every 660000ms
2025-09-28 08:46:41,248 [ForkJoinPool-1-worker-1] INFO  handler.ContextHandler (ContextHandler.java:doStart(921)) - Started o.e.j.s.ServletContextHandler@2cbcebbd{logs,/logs,file:///home/runner/work/ozone/ozone/hadoop-ozone/integration-test/target/log,AVAILABLE}
2025-09-28 08:46:41,249 [ForkJoinPool-1-worker-1] INFO  handler.ContextHandler (ContextHandler.java:doStart(921)) - Started o.e.j.s.ServletContextHandler@46715a11{static,/static,jar:file:/home/runner/work/ozone/ozone/hadoop-hdds/container-service/target/hdds-container-service-2.1.0-SNAPSHOT.jar!/webapps/static,AVAILABLE}
2025-09-28 08:46:41,380 [ForkJoinPool-1-worker-1] INFO  handler.ContextHandler (ContextHandler.java:doStart(921)) - Started o.e.j.w.WebAppContext@67e903f5{hddsDatanode,/,file:///home/runner/work/ozone/ozone/hadoop-ozone/integration-test/target/test-dir/MiniOzoneClusterImpl-ffd4f26c-0daa-4d09-bef2-86add17b79f3/scm/ozone-metadata/webserver/jetty-0_0_0_0-15044-hdds-container-service-2_1_0-SNAPSHOT_jar-_-any-4138645384877197630/webapp/,AVAILABLE}{jar:file:/home/runner/work/ozone/ozone/hadoop-hdds/container-service/target/hdds-container-service-2.1.0-SNAPSHOT.jar!/webapps/hddsDatanode}
2025-09-28 08:46:41,380 [ForkJoinPool-1-worker-1] INFO  server.AbstractConnector (AbstractConnector.java:doStart(333)) - Started ServerConnector@24c3868{HTTP/1.1, (http/1.1)}{0.0.0.0:15044}
2025-09-28 08:46:41,381 [ForkJoinPool-1-worker-1] INFO  server.Server (Server.java:doStart(415)) - Started @41193ms
2025-09-28 08:46:41,381 [ForkJoinPool-1-worker-1] WARN  impl.MetricsSystemImpl (MetricsSystemImpl.java:register(279)) - Sink prometheus already exists!
2025-09-28 08:46:41,381 [ForkJoinPool-1-worker-1] INFO  http.BaseHttpServer (BaseHttpServer.java:updateConnectorAddress(357)) - HTTP server of hddsDatanode listening at http://localhost:15044
2025-09-28 08:46:41,381 [ForkJoinPool-1-worker-1] INFO  ipc.CallQueueManager (CallQueueManager.java:<init>(93)) - Using callQueue: class java.util.concurrent.LinkedBlockingQueue, queueCapacity: 1000, scheduler: class org.apache.hadoop.ipc.DefaultRpcScheduler, ipcBackoff: false, ipcFailOver: false.
2025-09-28 08:46:41,382 [ForkJoinPool-1-worker-1] INFO  ipc.Server (Server.java:<init>(1438)) - Listener at 0.0.0.0:15045
2025-09-28 08:46:41,382 [Socket Reader #1 for port 15045] INFO  ipc.Server (Server.java:run(1474)) - Starting Socket Reader #1 for port 15045
2025-09-28 08:46:41,382 [Socket Reader #2 for port 15045] INFO  ipc.Server (Server.java:run(1474)) - Starting Socket Reader #2 for port 15045
2025-09-28 08:46:41,383 [Socket Reader #3 for port 15045] INFO  ipc.Server (Server.java:run(1474)) - Starting Socket Reader #3 for port 15045
2025-09-28 08:46:41,383 [Socket Reader #4 for port 15045] INFO  ipc.Server (Server.java:run(1474)) - Starting Socket Reader #4 for port 15045
2025-09-28 08:46:41,384 [Socket Reader #5 for port 15045] INFO  ipc.Server (Server.java:run(1474)) - Starting Socket Reader #5 for port 15045
2025-09-28 08:46:41,384 [Socket Reader #6 for port 15045] INFO  ipc.Server (Server.java:run(1474)) - Starting Socket Reader #6 for port 15045
2025-09-28 08:46:41,385 [Socket Reader #7 for port 15045] INFO  ipc.Server (Server.java:run(1474)) - Starting Socket Reader #7 for port 15045
2025-09-28 08:46:41,385 [Socket Reader #8 for port 15045] INFO  ipc.Server (Server.java:run(1474)) - Starting Socket Reader #8 for port 15045
2025-09-28 08:46:41,385 [Socket Reader #9 for port 15045] INFO  ipc.Server (Server.java:run(1474)) - Starting Socket Reader #9 for port 15045
2025-09-28 08:46:41,386 [Socket Reader #10 for port 15045] INFO  ipc.Server (Server.java:run(1474)) - Starting Socket Reader #10 for port 15045
2025-09-28 08:46:41,388 [ForkJoinPool-1-worker-1] INFO  ozone.HddsDatanodeService (HddsDatanodeService.java:start(333)) - Datanode start with admins: [admin, runner]
2025-09-28 08:46:41,388 [ForkJoinPool-1-worker-1] INFO  ozone.HddsDatanodeClientProtocolServer (HddsDatanodeClientProtocolServer.java:start(76)) - RPC server for Client /0.0.0.0:15045
2025-09-28 08:46:41,389 [IPC Server Responder] INFO  ipc.Server (Server.java:run(1713)) - IPC Server Responder: starting
2025-09-28 08:46:41,390 [IPC Server listener on 15045] INFO  ipc.Server (Server.java:run(1553)) - IPC Server listener on 15045: starting
2025-09-28 08:46:41,392 [ForkJoinPool-1-worker-1] WARN  dropwizard3.Dm3MetricRegistriesImpl (Dm3MetricRegistriesImpl.java:addReporterRegistration(114)) - New reporters are added after registries were created. Some metrics will be missing from the reporter. Please add reporter before adding any new registry.
2025-09-28 08:46:41,393 [ForkJoinPool-1-worker-1] WARN  dropwizard3.Dm3MetricRegistriesImpl (Dm3MetricRegistriesImpl.java:addReporterRegistration(114)) - New reporters are added after registries were created. Some metrics will be missing from the reporter. Please add reporter before adding any new registry.
2025-09-28 08:46:41,393 [ForkJoinPool-1-worker-1] INFO  impl.MetricsSystemImpl (MetricsSystemImpl.java:init(158)) - HddsDatanode metrics system started (again)
2025-09-28 08:46:41,395 [ad6ddb9b-2ec3-4db0-9749-54a59d16dcc8-DatanodeStateMachineDaemonThread] INFO  statemachine.DatanodeStateMachine (DatanodeStateMachine.java:startStateMachineThread(363)) - Ozone container server started.
2025-09-28 08:46:41,401 [ad6ddb9b-2ec3-4db0-9749-54a59d16dcc8-DatanodeStateMachineTaskThread-0] INFO  datanode.InitDatanodeState (InitDatanodeState.java:persistContainerDatanodeDetails(139)) - DatanodeDetails is persisted to /home/runner/work/ozone/ozone/hadoop-ozone/integration-test/target/test-dir/MiniOzoneClusterImpl-ffd4f26c-0daa-4d09-bef2-86add17b79f3/ozone-metadata/datanode-1/ozone-metadata/datanode.id
2025-09-28 08:46:41,416 [ForkJoinPool-1-worker-1] INFO  protocol.DatanodeDetails (DatanodeDetails.java:validateDatanodeIpAddress(199)) - Updating IP address of datanode 128ca0df-c3af-4349-97d3-3b5d7a5e16d4(localhost/null) to 127.0.0.1
2025-09-28 08:46:41,416 [ForkJoinPool-1-worker-1] INFO  ozone.HddsDatanodeService (HddsDatanodeService.java:start(236)) - HddsDatanodeService 128ca0df-c3af-4349-97d3-3b5d7a5e16d4(localhost/127.0.0.1)
2025-09-28 08:46:41,418 [ForkJoinPool-1-worker-1] INFO  upgrade.AbstractLayoutVersionManager (AbstractLayoutVersionManager.java:init(80)) - Initializing Layout version manager with metadata layout = WITNESSED_CONTAINER_DB_PROTO_VALUE (version = 9), software layout = WITNESSED_CONTAINER_DB_PROTO_VALUE (version = 9)
2025-09-28 08:46:41,419 [ForkJoinPool-1-worker-1] INFO  statemachine.DatanodeStateMachine (DatanodeStateMachine.java:getEndPointTaskThreadPoolSize(321)) - Datanode State Machine Task Thread Pool size 2
2025-09-28 08:46:41,422 [ForkJoinPool-1-worker-1] INFO  volume.HddsVolume (HddsVolume.java:<init>(162)) - HddsVolume: { id=DS-2d2a0889-48e4-41d7-9295-5b2f2e34c38d dir=/home/runner/work/ozone/ozone/hadoop-ozone/integration-test/target/test-dir/MiniOzoneClusterImpl-ffd4f26c-0daa-4d09-bef2-86add17b79f3/ozone-metadata/datanode-2/data-0/hdds type=DISK capacity=9222449699674390527 used=0 available=9222449699674390527 minFree=9222450130714624 committed=0 }
2025-09-28 08:46:41,422 [ForkJoinPool-1-worker-1] INFO  volume.MutableVolumeSet (MutableVolumeSet.java:initializeVolumeSet(175)) - Added Volume : /home/runner/work/ozone/ozone/hadoop-ozone/integration-test/target/test-dir/MiniOzoneClusterImpl-ffd4f26c-0daa-4d09-bef2-86add17b79f3/ozone-metadata/datanode-2/data-0/hdds to VolumeSet
2025-09-28 08:46:41,423 [ForkJoinPool-1-worker-1] INFO  volume.MutableVolumeSet (MutableVolumeSet.java:initializeVolumeSet(175)) - Added Volume : /home/runner/work/ozone/ozone/hadoop-ozone/integration-test/target/test-dir/MiniOzoneClusterImpl-ffd4f26c-0daa-4d09-bef2-86add17b79f3/ozone-metadata/datanode-2/ratis to VolumeSet
2025-09-28 08:46:41,424 [ForkJoinPool-1-worker-1] INFO  ozoneimpl.OzoneContainer (HddsVolumeUtil.java:loadAllHddsVolumeDbStore(102)) - Load 1 volumes DbStore cost: 1ms
2025-09-28 08:46:41,426 [ForkJoinPool-1-worker-1] WARN  db.DBStoreBuilder (DBStoreBuilder.java:getDBDirPath(158)) - ozone.scm.datanode.id.dir is not configured. We recommend adding this setting. Falling back to ozone.metadata.dirs instead.
2025-09-28 08:46:41,430 [ForkJoinPool-1-worker-1] WARN  db.DBStoreBuilder (DBStoreBuilder.java:getDBDirPath(158)) - ozone.scm.datanode.id.dir is not configured. We recommend adding this setting. Falling back to ozone.metadata.dirs instead.
2025-09-28 08:46:41,447 [ForkJoinPool-1-worker-1] INFO  impl.FilePerChunkStrategy (FilePerChunkStrategy.java:<init>(79)) - ozone.chunk.read.mapped.buffer.max.count is load with 0
2025-09-28 08:46:41,447 [ForkJoinPool-1-worker-1] INFO  impl.FilePerBlockStrategy (FilePerBlockStrategy.java:<init>(88)) - ozone.chunk.read.mapped.buffer.max.count is load with 0
2025-09-28 08:46:41,448 [ForkJoinPool-1-worker-1] INFO  server.RaftServerConfigKeys (ConfUtils.java:logGet(62)) - raft.server.log.appender.buffer.byte-limit = 33554432 (custom)
2025-09-28 08:46:41,450 [ForkJoinPool-1-worker-1] INFO  grpc.GrpcConfigKeys (ConfUtils.java:logFallback(69)) - raft.grpc.admin.host = null (fallback to raft.grpc.server.host)
2025-09-28 08:46:41,450 [ForkJoinPool-1-worker-1] INFO  grpc.GrpcConfigKeys (ConfUtils.java:logGet(62)) - raft.grpc.admin.port = 15056 (custom)
2025-09-28 08:46:41,450 [ForkJoinPool-1-worker-1] INFO  grpc.GrpcConfigKeys (ConfUtils.java:logFallback(69)) - raft.grpc.client.host = null (fallback to raft.grpc.server.host)
2025-09-28 08:46:41,450 [ForkJoinPool-1-worker-1] INFO  grpc.GrpcConfigKeys (ConfUtils.java:logGet(62)) - raft.grpc.client.port = 15055 (custom)
2025-09-28 08:46:41,450 [ForkJoinPool-1-worker-1] INFO  grpc.GrpcConfigKeys (ConfUtils.java:logGet(62)) - raft.grpc.server.port = 15057 (custom)
2025-09-28 08:46:41,450 [ForkJoinPool-1-worker-1] INFO  server.GrpcServicesImpl (ConfUtils.java:logGet(62)) - raft.grpc.message.size.max = 34603008 (custom)
2025-09-28 08:46:41,451 [ForkJoinPool-1-worker-1] INFO  server.GrpcServicesImpl (ConfUtils.java:logGet(62)) - raft.grpc.flow.control.window = 5MB (=5242880) (custom)
2025-09-28 08:46:41,451 [ForkJoinPool-1-worker-1] INFO  server.RaftServerConfigKeys (ConfUtils.java:logGet(62)) - raft.server.log.appender.buffer.byte-limit = 33554432 (custom)
2025-09-28 08:46:41,453 [ForkJoinPool-1-worker-1] INFO  netty.NettyUtils (NettyUtils.java:newEventLoopGroup(74)) - Create EpollEventLoopGroup for 128ca0df-c3af-4349-97d3-3b5d7a5e16d4-NettyServerStreamRpc-bossGroup; Thread size is 0.
2025-09-28 08:46:41,453 [ForkJoinPool-1-worker-1] INFO  netty.NettyUtils (NettyUtils.java:newEventLoopGroup(74)) - Create EpollEventLoopGroup for 128ca0df-c3af-4349-97d3-3b5d7a5e16d4-NettyServerStreamRpc-workerGroup; Thread size is 0.
2025-09-28 08:46:41,454 [ForkJoinPool-1-worker-1] INFO  netty.NettyConfigKeys$DataStream (ConfUtils.java:logGet(62)) - raft.netty.dataStream.port = 15058 (custom)
2025-09-28 08:46:41,454 [128ca0df-c3af-4349-97d3-3b5d7a5e16d4-NettyServerStreamRpc-bossGroup--thread1] INFO  logging.LoggingHandler (AbstractInternalLogger.java:log(148)) - [id: 0xd35f1d59] REGISTERED
2025-09-28 08:46:41,455 [ForkJoinPool-1-worker-1] INFO  server.RaftServerConfigKeys (ConfUtils.java:logGet(62)) - raft.server.storage.dir = [/home/runner/work/ozone/ozone/hadoop-ozone/integration-test/target/test-dir/MiniOzoneClusterImpl-ffd4f26c-0daa-4d09-bef2-86add17b79f3/ozone-metadata/datanode-2/ratis] (custom)
2025-09-28 08:46:41,455 [128ca0df-c3af-4349-97d3-3b5d7a5e16d4-NettyServerStreamRpc-bossGroup--thread1] INFO  logging.LoggingHandler (AbstractInternalLogger.java:log(148)) - [id: 0xd35f1d59] BIND: 0.0.0.0/0.0.0.0:15058
2025-09-28 08:46:41,455 [128ca0df-c3af-4349-97d3-3b5d7a5e16d4-NettyServerStreamRpc-bossGroup--thread1] INFO  logging.LoggingHandler (AbstractInternalLogger.java:log(148)) - [id: 0xd35f1d59, L:/0.0.0.0:15058] ACTIVE
2025-09-28 08:46:41,455 [128ca0df-c3af-4349-97d3-3b5d7a5e16d4-impl-thread1] INFO  server.RaftServer (RaftServerProxy.java:initGroupDir(270)) - 128ca0df-c3af-4349-97d3-3b5d7a5e16d4: found a subdirectory /home/runner/work/ozone/ozone/hadoop-ozone/integration-test/target/test-dir/MiniOzoneClusterImpl-ffd4f26c-0daa-4d09-bef2-86add17b79f3/ozone-metadata/datanode-2/ratis/tmp
2025-09-28 08:46:41,456 [128ca0df-c3af-4349-97d3-3b5d7a5e16d4-impl-thread1] INFO  server.RaftServer (RaftServerProxy.java:initGroupDir(275)) - 128ca0df-c3af-4349-97d3-3b5d7a5e16d4: The directory /home/runner/work/ozone/ozone/hadoop-ozone/integration-test/target/test-dir/MiniOzoneClusterImpl-ffd4f26c-0daa-4d09-bef2-86add17b79f3/ozone-metadata/datanode-2/ratis/tmp is not a group directory; ignoring it. 
2025-09-28 08:46:41,456 [ForkJoinPool-1-worker-1] INFO  replication.ReplicationServer (ReplicationServer.java:<init>(84)) - Initializing replication server with thread count = 10 queue length = 4096
2025-09-28 08:46:41,457 [ForkJoinPool-1-worker-1] INFO  server.XceiverServerGrpc (XceiverServerGrpc.java:<init>(129)) - GrpcServer channel type EpollServerSocketChannel
2025-09-28 08:46:41,458 [ForkJoinPool-1-worker-1] INFO  replication.ReplicationSupervisor (ReplicationSupervisor.java:build(169)) - Initializing replication supervisor with thread count = 10
2025-09-28 08:46:41,459 [ForkJoinPool-1-worker-1] INFO  replication.ReplicationSupervisor (ReplicationSupervisor.java:nodeStateUpdated(358)) - Node state updated to IN_SERVICE, scaling executor pool size to 10
2025-09-28 08:46:41,461 [ForkJoinPool-1-worker-1] INFO  http.BaseHttpServer (BaseHttpServer.java:newHttpServer2BuilderForOzone(227)) - Starting Web-server for hddsDatanode at: http://0.0.0.0:15052
2025-09-28 08:46:41,461 [ForkJoinPool-1-worker-1] INFO  http.BaseHttpServer (BaseHttpServer.java:<init>(105)) - Hadoop Security Enabled: false Ozone Security Enabled: false Ozone HTTP Security Enabled: false 
2025-09-28 08:46:41,463 [ForkJoinPool-1-worker-1] WARN  server.AuthenticationFilter (AuthenticationFilter.java:constructSecretProvider(240)) - Unable to initialize FileSignerSecretProvider, falling back to use random secrets. Reason: Could not read signature secret file: /home/runner/hadoop-http-auth-signature-secret
2025-09-28 08:46:41,465 [ForkJoinPool-1-worker-1] INFO  http.HttpServer2 (HttpServer2.java:addGlobalFilter(1041)) - Added global filter 'safety' (class=org.apache.hadoop.hdds.server.http.HttpServer2$QuotingInputFilter)
2025-09-28 08:46:41,467 [ForkJoinPool-1-worker-1] INFO  http.HttpServer2 (HttpServer2.java:addFilter(1017)) - Added filter static_user_filter (class=org.apache.hadoop.http.lib.StaticUserWebFilter$StaticUserFilter) to context hddsDatanode
2025-09-28 08:46:41,467 [ForkJoinPool-1-worker-1] INFO  http.HttpServer2 (HttpServer2.java:addFilter(1025)) - Added filter static_user_filter (class=org.apache.hadoop.http.lib.StaticUserWebFilter$StaticUserFilter) to context static
2025-09-28 08:46:41,467 [ForkJoinPool-1-worker-1] INFO  http.HttpServer2 (HttpServer2.java:addFilter(1025)) - Added filter static_user_filter (class=org.apache.hadoop.http.lib.StaticUserWebFilter$StaticUserFilter) to context logs
2025-09-28 08:46:41,468 [ForkJoinPool-1-worker-1] INFO  http.BaseHttpServer (BaseHttpServer.java:<init>(193)) - HTTP server of hddsDatanode uses base directory /home/runner/work/ozone/ozone/hadoop-ozone/integration-test/target/test-dir/MiniOzoneClusterImpl-ffd4f26c-0daa-4d09-bef2-86add17b79f3/scm/ozone-metadata/webserver
2025-09-28 08:46:41,468 [ForkJoinPool-1-worker-1] INFO  http.HttpServer2 (HttpServer2.java:bindListener(1241)) - Jetty bound to port 15052
2025-09-28 08:46:41,468 [ForkJoinPool-1-worker-1] INFO  server.Server (Server.java:doStart(375)) - jetty-9.4.58.v20250814; built: 2025-08-14T02:28:49.637Z; git: 8f1440587e9e4ae7db3d74cf205643f3d707148d; jvm 21.0.8+9-LTS
2025-09-28 08:46:41,469 [ForkJoinPool-1-worker-1] INFO  server.session (DefaultSessionIdManager.java:doStart(334)) - DefaultSessionIdManager workerName=node0
2025-09-28 08:46:41,470 [ForkJoinPool-1-worker-1] INFO  server.session (DefaultSessionIdManager.java:doStart(339)) - No SessionScavenger set, using defaults
2025-09-28 08:46:41,470 [ForkJoinPool-1-worker-1] INFO  server.session (HouseKeeper.java:startScavenging(132)) - node0 Scavenging every 660000ms
2025-09-28 08:46:41,471 [ForkJoinPool-1-worker-1] INFO  handler.ContextHandler (ContextHandler.java:doStart(921)) - Started o.e.j.s.ServletContextHandler@3e182596{logs,/logs,file:///home/runner/work/ozone/ozone/hadoop-ozone/integration-test/target/log,AVAILABLE}
2025-09-28 08:46:41,471 [ForkJoinPool-1-worker-1] INFO  handler.ContextHandler (ContextHandler.java:doStart(921)) - Started o.e.j.s.ServletContextHandler@1c538c90{static,/static,jar:file:/home/runner/work/ozone/ozone/hadoop-hdds/container-service/target/hdds-container-service-2.1.0-SNAPSHOT.jar!/webapps/static,AVAILABLE}
2025-09-28 08:46:41,612 [ForkJoinPool-1-worker-1] INFO  handler.ContextHandler (ContextHandler.java:doStart(921)) - Started o.e.j.w.WebAppContext@60d1cf52{hddsDatanode,/,file:///home/runner/work/ozone/ozone/hadoop-ozone/integration-test/target/test-dir/MiniOzoneClusterImpl-ffd4f26c-0daa-4d09-bef2-86add17b79f3/scm/ozone-metadata/webserver/jetty-0_0_0_0-15052-hdds-container-service-2_1_0-SNAPSHOT_jar-_-any-7120730493720579497/webapp/,AVAILABLE}{jar:file:/home/runner/work/ozone/ozone/hadoop-hdds/container-service/target/hdds-container-service-2.1.0-SNAPSHOT.jar!/webapps/hddsDatanode}
2025-09-28 08:46:41,613 [ForkJoinPool-1-worker-1] INFO  server.AbstractConnector (AbstractConnector.java:doStart(333)) - Started ServerConnector@5e94d0c3{HTTP/1.1, (http/1.1)}{0.0.0.0:15052}
2025-09-28 08:46:41,613 [ForkJoinPool-1-worker-1] INFO  server.Server (Server.java:doStart(415)) - Started @41426ms
2025-09-28 08:46:41,614 [ForkJoinPool-1-worker-1] WARN  impl.MetricsSystemImpl (MetricsSystemImpl.java:register(279)) - Sink prometheus already exists!
2025-09-28 08:46:41,614 [ForkJoinPool-1-worker-1] INFO  http.BaseHttpServer (BaseHttpServer.java:updateConnectorAddress(357)) - HTTP server of hddsDatanode listening at http://localhost:15052
2025-09-28 08:46:41,615 [ForkJoinPool-1-worker-1] INFO  ipc.CallQueueManager (CallQueueManager.java:<init>(93)) - Using callQueue: class java.util.concurrent.LinkedBlockingQueue, queueCapacity: 1000, scheduler: class org.apache.hadoop.ipc.DefaultRpcScheduler, ipcBackoff: false, ipcFailOver: false.
2025-09-28 08:46:41,615 [ForkJoinPool-1-worker-1] INFO  ipc.Server (Server.java:<init>(1438)) - Listener at 0.0.0.0:15053
2025-09-28 08:46:41,616 [Socket Reader #1 for port 15053] INFO  ipc.Server (Server.java:run(1474)) - Starting Socket Reader #1 for port 15053
2025-09-28 08:46:41,616 [Socket Reader #2 for port 15053] INFO  ipc.Server (Server.java:run(1474)) - Starting Socket Reader #2 for port 15053
2025-09-28 08:46:41,616 [Socket Reader #3 for port 15053] INFO  ipc.Server (Server.java:run(1474)) - Starting Socket Reader #3 for port 15053
2025-09-28 08:46:41,616 [Socket Reader #4 for port 15053] INFO  ipc.Server (Server.java:run(1474)) - Starting Socket Reader #4 for port 15053
2025-09-28 08:46:41,616 [Socket Reader #5 for port 15053] INFO  ipc.Server (Server.java:run(1474)) - Starting Socket Reader #5 for port 15053
2025-09-28 08:46:41,617 [Socket Reader #6 for port 15053] INFO  ipc.Server (Server.java:run(1474)) - Starting Socket Reader #6 for port 15053
2025-09-28 08:46:41,617 [Socket Reader #7 for port 15053] INFO  ipc.Server (Server.java:run(1474)) - Starting Socket Reader #7 for port 15053
2025-09-28 08:46:41,617 [Socket Reader #8 for port 15053] INFO  ipc.Server (Server.java:run(1474)) - Starting Socket Reader #8 for port 15053
2025-09-28 08:46:41,617 [Socket Reader #9 for port 15053] INFO  ipc.Server (Server.java:run(1474)) - Starting Socket Reader #9 for port 15053
2025-09-28 08:46:41,617 [Socket Reader #10 for port 15053] INFO  ipc.Server (Server.java:run(1474)) - Starting Socket Reader #10 for port 15053
2025-09-28 08:46:41,620 [ForkJoinPool-1-worker-1] INFO  ozone.HddsDatanodeService (HddsDatanodeService.java:start(333)) - Datanode start with admins: [admin, runner]
2025-09-28 08:46:41,620 [ForkJoinPool-1-worker-1] INFO  ozone.HddsDatanodeClientProtocolServer (HddsDatanodeClientProtocolServer.java:start(76)) - RPC server for Client /0.0.0.0:15053
2025-09-28 08:46:41,620 [IPC Server Responder] INFO  ipc.Server (Server.java:run(1713)) - IPC Server Responder: starting
2025-09-28 08:46:41,620 [IPC Server listener on 15053] INFO  ipc.Server (Server.java:run(1553)) - IPC Server listener on 15053: starting
2025-09-28 08:46:41,622 [ForkJoinPool-1-worker-1] WARN  dropwizard3.Dm3MetricRegistriesImpl (Dm3MetricRegistriesImpl.java:addReporterRegistration(114)) - New reporters are added after registries were created. Some metrics will be missing from the reporter. Please add reporter before adding any new registry.
2025-09-28 08:46:41,622 [ForkJoinPool-1-worker-1] WARN  dropwizard3.Dm3MetricRegistriesImpl (Dm3MetricRegistriesImpl.java:addReporterRegistration(114)) - New reporters are added after registries were created. Some metrics will be missing from the reporter. Please add reporter before adding any new registry.
2025-09-28 08:46:41,622 [ForkJoinPool-1-worker-1] INFO  impl.MetricsSystemImpl (MetricsSystemImpl.java:init(158)) - HddsDatanode metrics system started (again)
2025-09-28 08:46:41,625 [128ca0df-c3af-4349-97d3-3b5d7a5e16d4-DatanodeStateMachineDaemonThread] INFO  statemachine.DatanodeStateMachine (DatanodeStateMachine.java:startStateMachineThread(363)) - Ozone container server started.
2025-09-28 08:46:41,629 [128ca0df-c3af-4349-97d3-3b5d7a5e16d4-DatanodeStateMachineTaskThread-0] INFO  datanode.InitDatanodeState (InitDatanodeState.java:persistContainerDatanodeDetails(139)) - DatanodeDetails is persisted to /home/runner/work/ozone/ozone/hadoop-ozone/integration-test/target/test-dir/MiniOzoneClusterImpl-ffd4f26c-0daa-4d09-bef2-86add17b79f3/ozone-metadata/datanode-2/ozone-metadata/datanode.id
2025-09-28 08:46:41,639 [ForkJoinPool-1-worker-1] INFO  protocol.DatanodeDetails (DatanodeDetails.java:validateDatanodeIpAddress(199)) - Updating IP address of datanode 7493dade-fd93-43aa-a8ed-41de39203fc7(localhost/null) to 127.0.0.1
2025-09-28 08:46:41,640 [ForkJoinPool-1-worker-1] INFO  ozone.HddsDatanodeService (HddsDatanodeService.java:start(236)) - HddsDatanodeService 7493dade-fd93-43aa-a8ed-41de39203fc7(localhost/127.0.0.1)
2025-09-28 08:46:41,642 [ForkJoinPool-1-worker-1] INFO  upgrade.AbstractLayoutVersionManager (AbstractLayoutVersionManager.java:init(80)) - Initializing Layout version manager with metadata layout = WITNESSED_CONTAINER_DB_PROTO_VALUE (version = 9), software layout = WITNESSED_CONTAINER_DB_PROTO_VALUE (version = 9)
2025-09-28 08:46:41,642 [ForkJoinPool-1-worker-1] INFO  statemachine.DatanodeStateMachine (DatanodeStateMachine.java:getEndPointTaskThreadPoolSize(321)) - Datanode State Machine Task Thread Pool size 2
2025-09-28 08:46:41,645 [ForkJoinPool-1-worker-1] INFO  volume.HddsVolume (HddsVolume.java:<init>(162)) - HddsVolume: { id=DS-0d836cae-4e00-415d-a49f-1b5044705b3d dir=/home/runner/work/ozone/ozone/hadoop-ozone/integration-test/target/test-dir/MiniOzoneClusterImpl-ffd4f26c-0daa-4d09-bef2-86add17b79f3/ozone-metadata/datanode-3/data-0/hdds type=DISK capacity=9222449699674390527 used=0 available=9222449699674390527 minFree=9222450130714624 committed=0 }
2025-09-28 08:46:41,645 [ForkJoinPool-1-worker-1] INFO  volume.MutableVolumeSet (MutableVolumeSet.java:initializeVolumeSet(175)) - Added Volume : /home/runner/work/ozone/ozone/hadoop-ozone/integration-test/target/test-dir/MiniOzoneClusterImpl-ffd4f26c-0daa-4d09-bef2-86add17b79f3/ozone-metadata/datanode-3/data-0/hdds to VolumeSet
2025-09-28 08:46:41,646 [ForkJoinPool-1-worker-1] INFO  volume.MutableVolumeSet (MutableVolumeSet.java:initializeVolumeSet(175)) - Added Volume : /home/runner/work/ozone/ozone/hadoop-ozone/integration-test/target/test-dir/MiniOzoneClusterImpl-ffd4f26c-0daa-4d09-bef2-86add17b79f3/ozone-metadata/datanode-3/ratis to VolumeSet
2025-09-28 08:46:41,647 [ForkJoinPool-1-worker-1] INFO  ozoneimpl.OzoneContainer (HddsVolumeUtil.java:loadAllHddsVolumeDbStore(102)) - Load 1 volumes DbStore cost: 1ms
2025-09-28 08:46:41,648 [ForkJoinPool-1-worker-1] WARN  db.DBStoreBuilder (DBStoreBuilder.java:getDBDirPath(158)) - ozone.scm.datanode.id.dir is not configured. We recommend adding this setting. Falling back to ozone.metadata.dirs instead.
2025-09-28 08:46:41,649 [ForkJoinPool-1-worker-1] WARN  db.DBStoreBuilder (DBStoreBuilder.java:getDBDirPath(158)) - ozone.scm.datanode.id.dir is not configured. We recommend adding this setting. Falling back to ozone.metadata.dirs instead.
2025-09-28 08:46:41,663 [ForkJoinPool-1-worker-1] INFO  impl.FilePerChunkStrategy (FilePerChunkStrategy.java:<init>(79)) - ozone.chunk.read.mapped.buffer.max.count is load with 0
2025-09-28 08:46:41,664 [ForkJoinPool-1-worker-1] INFO  impl.FilePerBlockStrategy (FilePerBlockStrategy.java:<init>(88)) - ozone.chunk.read.mapped.buffer.max.count is load with 0
2025-09-28 08:46:41,665 [ForkJoinPool-1-worker-1] INFO  server.RaftServerConfigKeys (ConfUtils.java:logGet(62)) - raft.server.log.appender.buffer.byte-limit = 33554432 (custom)
2025-09-28 08:46:41,666 [ForkJoinPool-1-worker-1] INFO  grpc.GrpcConfigKeys (ConfUtils.java:logFallback(69)) - raft.grpc.admin.host = null (fallback to raft.grpc.server.host)
2025-09-28 08:46:41,666 [ForkJoinPool-1-worker-1] INFO  grpc.GrpcConfigKeys (ConfUtils.java:logGet(62)) - raft.grpc.admin.port = 15064 (custom)
2025-09-28 08:46:41,666 [ForkJoinPool-1-worker-1] INFO  grpc.GrpcConfigKeys (ConfUtils.java:logFallback(69)) - raft.grpc.client.host = null (fallback to raft.grpc.server.host)
2025-09-28 08:46:41,667 [ForkJoinPool-1-worker-1] INFO  grpc.GrpcConfigKeys (ConfUtils.java:logGet(62)) - raft.grpc.client.port = 15063 (custom)
2025-09-28 08:46:41,667 [ForkJoinPool-1-worker-1] INFO  grpc.GrpcConfigKeys (ConfUtils.java:logGet(62)) - raft.grpc.server.port = 15065 (custom)
2025-09-28 08:46:41,667 [ForkJoinPool-1-worker-1] INFO  server.GrpcServicesImpl (ConfUtils.java:logGet(62)) - raft.grpc.message.size.max = 34603008 (custom)
2025-09-28 08:46:41,667 [ForkJoinPool-1-worker-1] INFO  server.GrpcServicesImpl (ConfUtils.java:logGet(62)) - raft.grpc.flow.control.window = 5MB (=5242880) (custom)
2025-09-28 08:46:41,667 [ForkJoinPool-1-worker-1] INFO  server.RaftServerConfigKeys (ConfUtils.java:logGet(62)) - raft.server.log.appender.buffer.byte-limit = 33554432 (custom)
2025-09-28 08:46:41,669 [ForkJoinPool-1-worker-1] INFO  netty.NettyUtils (NettyUtils.java:newEventLoopGroup(74)) - Create EpollEventLoopGroup for 7493dade-fd93-43aa-a8ed-41de39203fc7-NettyServerStreamRpc-bossGroup; Thread size is 0.
2025-09-28 08:46:41,669 [ForkJoinPool-1-worker-1] INFO  netty.NettyUtils (NettyUtils.java:newEventLoopGroup(74)) - Create EpollEventLoopGroup for 7493dade-fd93-43aa-a8ed-41de39203fc7-NettyServerStreamRpc-workerGroup; Thread size is 0.
2025-09-28 08:46:41,670 [ForkJoinPool-1-worker-1] INFO  netty.NettyConfigKeys$DataStream (ConfUtils.java:logGet(62)) - raft.netty.dataStream.port = 15066 (custom)
2025-09-28 08:46:41,670 [ForkJoinPool-1-worker-1] INFO  server.RaftServerConfigKeys (ConfUtils.java:logGet(62)) - raft.server.storage.dir = [/home/runner/work/ozone/ozone/hadoop-ozone/integration-test/target/test-dir/MiniOzoneClusterImpl-ffd4f26c-0daa-4d09-bef2-86add17b79f3/ozone-metadata/datanode-3/ratis] (custom)
2025-09-28 08:46:41,670 [7493dade-fd93-43aa-a8ed-41de39203fc7-NettyServerStreamRpc-bossGroup--thread1] INFO  logging.LoggingHandler (AbstractInternalLogger.java:log(148)) - [id: 0x9578cf42] REGISTERED
2025-09-28 08:46:41,671 [7493dade-fd93-43aa-a8ed-41de39203fc7-NettyServerStreamRpc-bossGroup--thread1] INFO  logging.LoggingHandler (AbstractInternalLogger.java:log(148)) - [id: 0x9578cf42] BIND: 0.0.0.0/0.0.0.0:15066
2025-09-28 08:46:41,671 [7493dade-fd93-43aa-a8ed-41de39203fc7-NettyServerStreamRpc-bossGroup--thread1] INFO  logging.LoggingHandler (AbstractInternalLogger.java:log(148)) - [id: 0x9578cf42, L:/0.0.0.0:15066] ACTIVE
2025-09-28 08:46:41,671 [7493dade-fd93-43aa-a8ed-41de39203fc7-impl-thread1] INFO  server.RaftServer (RaftServerProxy.java:initGroupDir(270)) - 7493dade-fd93-43aa-a8ed-41de39203fc7: found a subdirectory /home/runner/work/ozone/ozone/hadoop-ozone/integration-test/target/test-dir/MiniOzoneClusterImpl-ffd4f26c-0daa-4d09-bef2-86add17b79f3/ozone-metadata/datanode-3/ratis/tmp
2025-09-28 08:46:41,671 [7493dade-fd93-43aa-a8ed-41de39203fc7-impl-thread1] INFO  server.RaftServer (RaftServerProxy.java:initGroupDir(275)) - 7493dade-fd93-43aa-a8ed-41de39203fc7: The directory /home/runner/work/ozone/ozone/hadoop-ozone/integration-test/target/test-dir/MiniOzoneClusterImpl-ffd4f26c-0daa-4d09-bef2-86add17b79f3/ozone-metadata/datanode-3/ratis/tmp is not a group directory; ignoring it. 
2025-09-28 08:46:41,671 [ForkJoinPool-1-worker-1] INFO  replication.ReplicationServer (ReplicationServer.java:<init>(84)) - Initializing replication server with thread count = 10 queue length = 4096
2025-09-28 08:46:41,672 [ForkJoinPool-1-worker-1] INFO  server.XceiverServerGrpc (XceiverServerGrpc.java:<init>(129)) - GrpcServer channel type EpollServerSocketChannel
2025-09-28 08:46:41,673 [ForkJoinPool-1-worker-1] INFO  replication.ReplicationSupervisor (ReplicationSupervisor.java:build(169)) - Initializing replication supervisor with thread count = 10
2025-09-28 08:46:41,673 [ForkJoinPool-1-worker-1] INFO  replication.ReplicationSupervisor (ReplicationSupervisor.java:nodeStateUpdated(358)) - Node state updated to IN_SERVICE, scaling executor pool size to 10
2025-09-28 08:46:41,675 [ForkJoinPool-1-worker-1] INFO  http.BaseHttpServer (BaseHttpServer.java:newHttpServer2BuilderForOzone(227)) - Starting Web-server for hddsDatanode at: http://0.0.0.0:15060
2025-09-28 08:46:41,675 [ForkJoinPool-1-worker-1] INFO  http.BaseHttpServer (BaseHttpServer.java:<init>(105)) - Hadoop Security Enabled: false Ozone Security Enabled: false Ozone HTTP Security Enabled: false 
2025-09-28 08:46:41,676 [ForkJoinPool-1-worker-1] WARN  server.AuthenticationFilter (AuthenticationFilter.java:constructSecretProvider(240)) - Unable to initialize FileSignerSecretProvider, falling back to use random secrets. Reason: Could not read signature secret file: /home/runner/hadoop-http-auth-signature-secret
2025-09-28 08:46:41,679 [ForkJoinPool-1-worker-1] INFO  http.HttpServer2 (HttpServer2.java:addGlobalFilter(1041)) - Added global filter 'safety' (class=org.apache.hadoop.hdds.server.http.HttpServer2$QuotingInputFilter)
2025-09-28 08:46:41,680 [ForkJoinPool-1-worker-1] INFO  http.HttpServer2 (HttpServer2.java:addFilter(1017)) - Added filter static_user_filter (class=org.apache.hadoop.http.lib.StaticUserWebFilter$StaticUserFilter) to context hddsDatanode
2025-09-28 08:46:41,680 [ForkJoinPool-1-worker-1] INFO  http.HttpServer2 (HttpServer2.java:addFilter(1025)) - Added filter static_user_filter (class=org.apache.hadoop.http.lib.StaticUserWebFilter$StaticUserFilter) to context static
2025-09-28 08:46:41,680 [ForkJoinPool-1-worker-1] INFO  http.HttpServer2 (HttpServer2.java:addFilter(1025)) - Added filter static_user_filter (class=org.apache.hadoop.http.lib.StaticUserWebFilter$StaticUserFilter) to context logs
2025-09-28 08:46:41,680 [ForkJoinPool-1-worker-1] INFO  http.BaseHttpServer (BaseHttpServer.java:<init>(193)) - HTTP server of hddsDatanode uses base directory /home/runner/work/ozone/ozone/hadoop-ozone/integration-test/target/test-dir/MiniOzoneClusterImpl-ffd4f26c-0daa-4d09-bef2-86add17b79f3/scm/ozone-metadata/webserver
2025-09-28 08:46:41,681 [ForkJoinPool-1-worker-1] INFO  http.HttpServer2 (HttpServer2.java:bindListener(1241)) - Jetty bound to port 15060
2025-09-28 08:46:41,681 [ForkJoinPool-1-worker-1] INFO  server.Server (Server.java:doStart(375)) - jetty-9.4.58.v20250814; built: 2025-08-14T02:28:49.637Z; git: 8f1440587e9e4ae7db3d74cf205643f3d707148d; jvm 21.0.8+9-LTS
2025-09-28 08:46:41,683 [ForkJoinPool-1-worker-1] INFO  server.session (DefaultSessionIdManager.java:doStart(334)) - DefaultSessionIdManager workerName=node0
2025-09-28 08:46:41,683 [ForkJoinPool-1-worker-1] INFO  server.session (DefaultSessionIdManager.java:doStart(339)) - No SessionScavenger set, using defaults
2025-09-28 08:46:41,683 [ForkJoinPool-1-worker-1] INFO  server.session (HouseKeeper.java:startScavenging(132)) - node0 Scavenging every 600000ms
2025-09-28 08:46:41,684 [ForkJoinPool-1-worker-1] INFO  handler.ContextHandler (ContextHandler.java:doStart(921)) - Started o.e.j.s.ServletContextHandler@dd4614a{logs,/logs,file:///home/runner/work/ozone/ozone/hadoop-ozone/integration-test/target/log,AVAILABLE}
2025-09-28 08:46:41,685 [ForkJoinPool-1-worker-1] INFO  handler.ContextHandler (ContextHandler.java:doStart(921)) - Started o.e.j.s.ServletContextHandler@335c8847{static,/static,jar:file:/home/runner/work/ozone/ozone/hadoop-hdds/container-service/target/hdds-container-service-2.1.0-SNAPSHOT.jar!/webapps/static,AVAILABLE}
2025-09-28 08:46:41,820 [ForkJoinPool-1-worker-1] INFO  handler.ContextHandler (ContextHandler.java:doStart(921)) - Started o.e.j.w.WebAppContext@1a05046e{hddsDatanode,/,file:///home/runner/work/ozone/ozone/hadoop-ozone/integration-test/target/test-dir/MiniOzoneClusterImpl-ffd4f26c-0daa-4d09-bef2-86add17b79f3/scm/ozone-metadata/webserver/jetty-0_0_0_0-15060-hdds-container-service-2_1_0-SNAPSHOT_jar-_-any-12818116198003266682/webapp/,AVAILABLE}{jar:file:/home/runner/work/ozone/ozone/hadoop-hdds/container-service/target/hdds-container-service-2.1.0-SNAPSHOT.jar!/webapps/hddsDatanode}
2025-09-28 08:46:41,820 [ForkJoinPool-1-worker-1] INFO  server.AbstractConnector (AbstractConnector.java:doStart(333)) - Started ServerConnector@787b6834{HTTP/1.1, (http/1.1)}{0.0.0.0:15060}
2025-09-28 08:46:41,820 [ForkJoinPool-1-worker-1] INFO  server.Server (Server.java:doStart(415)) - Started @41633ms
2025-09-28 08:46:41,820 [ForkJoinPool-1-worker-1] WARN  impl.MetricsSystemImpl (MetricsSystemImpl.java:register(279)) - Sink prometheus already exists!
2025-09-28 08:46:41,821 [ForkJoinPool-1-worker-1] INFO  http.BaseHttpServer (BaseHttpServer.java:updateConnectorAddress(357)) - HTTP server of hddsDatanode listening at http://localhost:15060
2025-09-28 08:46:41,821 [ForkJoinPool-1-worker-1] INFO  ipc.CallQueueManager (CallQueueManager.java:<init>(93)) - Using callQueue: class java.util.concurrent.LinkedBlockingQueue, queueCapacity: 1000, scheduler: class org.apache.hadoop.ipc.DefaultRpcScheduler, ipcBackoff: false, ipcFailOver: false.
2025-09-28 08:46:41,821 [ForkJoinPool-1-worker-1] INFO  ipc.Server (Server.java:<init>(1438)) - Listener at 0.0.0.0:15061
2025-09-28 08:46:41,822 [Socket Reader #1 for port 15061] INFO  ipc.Server (Server.java:run(1474)) - Starting Socket Reader #1 for port 15061
2025-09-28 08:46:41,822 [Socket Reader #2 for port 15061] INFO  ipc.Server (Server.java:run(1474)) - Starting Socket Reader #2 for port 15061
2025-09-28 08:46:41,822 [Socket Reader #3 for port 15061] INFO  ipc.Server (Server.java:run(1474)) - Starting Socket Reader #3 for port 15061
2025-09-28 08:46:41,822 [Socket Reader #4 for port 15061] INFO  ipc.Server (Server.java:run(1474)) - Starting Socket Reader #4 for port 15061
2025-09-28 08:46:41,822 [Socket Reader #5 for port 15061] INFO  ipc.Server (Server.java:run(1474)) - Starting Socket Reader #5 for port 15061
2025-09-28 08:46:41,822 [Socket Reader #6 for port 15061] INFO  ipc.Server (Server.java:run(1474)) - Starting Socket Reader #6 for port 15061
2025-09-28 08:46:41,823 [Socket Reader #7 for port 15061] INFO  ipc.Server (Server.java:run(1474)) - Starting Socket Reader #7 for port 15061
2025-09-28 08:46:41,823 [Socket Reader #8 for port 15061] INFO  ipc.Server (Server.java:run(1474)) - Starting Socket Reader #8 for port 15061
2025-09-28 08:46:41,823 [Socket Reader #9 for port 15061] INFO  ipc.Server (Server.java:run(1474)) - Starting Socket Reader #9 for port 15061
2025-09-28 08:46:41,823 [Socket Reader #10 for port 15061] INFO  ipc.Server (Server.java:run(1474)) - Starting Socket Reader #10 for port 15061
2025-09-28 08:46:41,824 [ForkJoinPool-1-worker-1] INFO  ozone.HddsDatanodeService (HddsDatanodeService.java:start(333)) - Datanode start with admins: [admin, runner]
2025-09-28 08:46:41,825 [ForkJoinPool-1-worker-1] INFO  ozone.HddsDatanodeClientProtocolServer (HddsDatanodeClientProtocolServer.java:start(76)) - RPC server for Client /0.0.0.0:15061
2025-09-28 08:46:41,825 [IPC Server Responder] INFO  ipc.Server (Server.java:run(1713)) - IPC Server Responder: starting
2025-09-28 08:46:41,825 [IPC Server listener on 15061] INFO  ipc.Server (Server.java:run(1553)) - IPC Server listener on 15061: starting
2025-09-28 08:46:41,827 [ForkJoinPool-1-worker-1] INFO  ozone.MiniOzoneClusterImpl (MiniOzoneClusterImpl.java:lambda$waitForClusterToBeReady$0(181)) - Waiting for nodes to be ready. Got 0 of 3 DN Heartbeats.
2025-09-28 08:46:41,828 [ForkJoinPool-1-worker-1] INFO  ozone.MiniOzoneClusterImpl (MiniOzoneClusterImpl.java:lambda$waitForClusterToBeReady$0(184)) - Waiting for cluster to exit safe mode
2025-09-28 08:46:41,828 [ForkJoinPool-1-worker-1] INFO  ozone.MiniOzoneClusterImpl (MiniOzoneClusterImpl.java:lambda$waitForClusterToBeReady$0(186)) - SCM became leader
2025-09-28 08:46:41,827 [7493dade-fd93-43aa-a8ed-41de39203fc7-DatanodeStateMachineDaemonThread] INFO  statemachine.DatanodeStateMachine (DatanodeStateMachine.java:startStateMachineThread(363)) - Ozone container server started.
2025-09-28 08:46:41,831 [7493dade-fd93-43aa-a8ed-41de39203fc7-DatanodeStateMachineTaskThread-0] INFO  datanode.InitDatanodeState (InitDatanodeState.java:persistContainerDatanodeDetails(139)) - DatanodeDetails is persisted to /home/runner/work/ozone/ozone/hadoop-ozone/integration-test/target/test-dir/MiniOzoneClusterImpl-ffd4f26c-0daa-4d09-bef2-86add17b79f3/ozone-metadata/datanode-3/ozone-metadata/datanode.id
2025-09-28 08:46:41,930 [ad6ddb9b-2ec3-4db0-9749-54a59d16dcc8-EndpointStateMachineTaskThread-/0.0.0.0:15036-0 ] INFO  utils.DatanodeStoreCache (DatanodeStoreCache.java:addDB(70)) - Added db /home/runner/work/ozone/ozone/hadoop-ozone/integration-test/target/test-dir/MiniOzoneClusterImpl-ffd4f26c-0daa-4d09-bef2-86add17b79f3/ozone-metadata/datanode-1/data-0/hdds/ffd4f26c-0daa-4d09-bef2-86add17b79f3/DS-1d243f30-e379-4563-8ca2-0381dbd392d8/container.db to cache
2025-09-28 08:46:41,930 [ad6ddb9b-2ec3-4db0-9749-54a59d16dcc8-EndpointStateMachineTaskThread-/0.0.0.0:15036-0 ] INFO  volume.HddsVolume (HddsVolume.java:createDbStore(576)) - SchemaV3 db is created and loaded at /home/runner/work/ozone/ozone/hadoop-ozone/integration-test/target/test-dir/MiniOzoneClusterImpl-ffd4f26c-0daa-4d09-bef2-86add17b79f3/ozone-metadata/datanode-1/data-0/hdds/ffd4f26c-0daa-4d09-bef2-86add17b79f3/DS-1d243f30-e379-4563-8ca2-0381dbd392d8/container.db for volume DS-1d243f30-e379-4563-8ca2-0381dbd392d8
2025-09-28 08:46:41,933 [ad6ddb9b-2ec3-4db0-9749-54a59d16dcc8-ContainerReader-0] INFO  ozoneimpl.ContainerReader (ContainerReader.java:readVolume(147)) - Start to verify containers on volume /home/runner/work/ozone/ozone/hadoop-ozone/integration-test/target/test-dir/MiniOzoneClusterImpl-ffd4f26c-0daa-4d09-bef2-86add17b79f3/ozone-metadata/datanode-1/data-0/hdds
2025-09-28 08:46:41,933 [ad6ddb9b-2ec3-4db0-9749-54a59d16dcc8-ContainerReader-0] INFO  ozoneimpl.ContainerReader (ContainerReader.java:readVolume(177)) - Finish verifying containers on volume /home/runner/work/ozone/ozone/hadoop-ozone/integration-test/target/test-dir/MiniOzoneClusterImpl-ffd4f26c-0daa-4d09-bef2-86add17b79f3/ozone-metadata/datanode-1/data-0/hdds
2025-09-28 08:46:41,933 [ad6ddb9b-2ec3-4db0-9749-54a59d16dcc8-EndpointStateMachineTaskThread-/0.0.0.0:15036-0 ] INFO  ozoneimpl.OzoneContainer (OzoneContainer.java:buildContainerSet(370)) - Build ContainerSet costs 0s
2025-09-28 08:46:41,934 [ad6ddb9b-2ec3-4db0-9749-54a59d16dcc8-EndpointStateMachineTaskThread-/0.0.0.0:15036-0 ] INFO  volume.ThrottledAsyncChecker (ThrottledAsyncChecker.java:schedule(138)) - Scheduling a check for /home/runner/work/ozone/ozone/hadoop-ozone/integration-test/target/test-dir/MiniOzoneClusterImpl-ffd4f26c-0daa-4d09-bef2-86add17b79f3/ozone-metadata/datanode-1/data-0/hdds
2025-09-28 08:46:41,934 [ad6ddb9b-2ec3-4db0-9749-54a59d16dcc8-EndpointStateMachineTaskThread-/0.0.0.0:15036-0 ] INFO  volume.StorageVolumeChecker (StorageVolumeChecker.java:checkAllVolumes(231)) - Scheduled health check for volume /home/runner/work/ozone/ozone/hadoop-ozone/integration-test/target/test-dir/MiniOzoneClusterImpl-ffd4f26c-0daa-4d09-bef2-86add17b79f3/ozone-metadata/datanode-1/data-0/hdds
2025-09-28 08:46:41,937 [ad6ddb9b-2ec3-4db0-9749-54a59d16dcc8-EndpointStateMachineTaskThread-/0.0.0.0:15036-0 ] INFO  volume.ThrottledAsyncChecker (ThrottledAsyncChecker.java:schedule(138)) - Scheduling a check for /home/runner/work/ozone/ozone/hadoop-ozone/integration-test/target/test-dir/MiniOzoneClusterImpl-ffd4f26c-0daa-4d09-bef2-86add17b79f3/ozone-metadata/datanode-1/ratis
2025-09-28 08:46:41,937 [ad6ddb9b-2ec3-4db0-9749-54a59d16dcc8-EndpointStateMachineTaskThread-/0.0.0.0:15036-0 ] INFO  volume.StorageVolumeChecker (StorageVolumeChecker.java:checkAllVolumes(231)) - Scheduled health check for volume /home/runner/work/ozone/ozone/hadoop-ozone/integration-test/target/test-dir/MiniOzoneClusterImpl-ffd4f26c-0daa-4d09-bef2-86add17b79f3/ozone-metadata/datanode-1/ratis
2025-09-28 08:46:41,938 [ad6ddb9b-2ec3-4db0-9749-54a59d16dcc8-EndpointStateMachineTaskThread-/0.0.0.0:15036-0 ] INFO  ozoneimpl.OzoneContainer (OzoneContainer.java:start(525)) - Attempting to start container services.
2025-09-28 08:46:41,938 [ContainerMetadataScanner] INFO  ozoneimpl.AbstractBackgroundContainerScanner (AbstractBackgroundContainerScanner.java:runIteration(89)) - Completed an iteration in 0 minutes. Number of iterations (since the data-node restart) : 1, Number of containers scanned in this iteration : 0, Number of unhealthy containers found in this iteration : 0
2025-09-28 08:46:41,939 [ContainerDataScanner(/home/runner/work/ozone/ozone/hadoop-ozone/integration-test/target/test-dir/MiniOzoneClusterImpl-ffd4f26c-0daa-4d09-bef2-86add17b79f3/ozone-metadata/datanode-1/data-0/hdds)] INFO  ozoneimpl.AbstractBackgroundContainerScanner (AbstractBackgroundContainerScanner.java:runIteration(89)) - Completed an iteration in 0 minutes. Number of iterations (since the data-node restart) : 1, Number of containers scanned in this iteration : 0, Number of unhealthy containers found in this iteration : 0
2025-09-28 08:46:41,939 [ad6ddb9b-2ec3-4db0-9749-54a59d16dcc8-EndpointStateMachineTaskThread-/0.0.0.0:15036-0 ] INFO  replication.ReplicationServer (ReplicationServer.java:start(137)) - ReplicationServer is started using port 15051
2025-09-28 08:46:41,939 [ad6ddb9b-2ec3-4db0-9749-54a59d16dcc8-EndpointStateMachineTaskThread-/0.0.0.0:15036-0 ] INFO  ratis.XceiverServerRatis (XceiverServerRatis.java:start(559)) - Starting XceiverServerRatis(ad6ddb9b-2ec3-4db0-9749-54a59d16dcc8)
2025-09-28 08:46:41,940 [ad6ddb9b-2ec3-4db0-9749-54a59d16dcc8-EndpointStateMachineTaskThread-/0.0.0.0:15036-0 ] INFO  server.RaftServer (RaftServerProxy.java:startImpl(412)) - ad6ddb9b-2ec3-4db0-9749-54a59d16dcc8: start RPC server
2025-09-28 08:46:41,941 [ad6ddb9b-2ec3-4db0-9749-54a59d16dcc8-EndpointStateMachineTaskThread-/0.0.0.0:15036-0 ] INFO  server.GrpcServicesImpl (GrpcServicesImpl.java:startImpl(346)) - ad6ddb9b-2ec3-4db0-9749-54a59d16dcc8: GrpcServicesImpl started, listening on 15047
2025-09-28 08:46:41,941 [ad6ddb9b-2ec3-4db0-9749-54a59d16dcc8-EndpointStateMachineTaskThread-/0.0.0.0:15036-0 ] INFO  server.GrpcServicesImpl (GrpcServicesImpl.java:startImpl(346)) - ad6ddb9b-2ec3-4db0-9749-54a59d16dcc8: GrpcServicesImpl started, listening on 15049
2025-09-28 08:46:41,941 [ad6ddb9b-2ec3-4db0-9749-54a59d16dcc8-EndpointStateMachineTaskThread-/0.0.0.0:15036-0 ] INFO  server.GrpcServicesImpl (GrpcServicesImpl.java:startImpl(346)) - ad6ddb9b-2ec3-4db0-9749-54a59d16dcc8: GrpcServicesImpl started, listening on 15048
2025-09-28 08:46:41,941 [ad6ddb9b-2ec3-4db0-9749-54a59d16dcc8-EndpointStateMachineTaskThread-/0.0.0.0:15036-0 ] INFO  ratis.XceiverServerRatis (XceiverServerRatis.java:getRealPort(586)) - XceiverServerRatis(ad6ddb9b-2ec3-4db0-9749-54a59d16dcc8) is started using port RATIS=15047
2025-09-28 08:46:41,942 [JvmPauseMonitor10] INFO  util.JvmPauseMonitor (JvmPauseMonitor.java:run(146)) - JvmPauseMonitor-ad6ddb9b-2ec3-4db0-9749-54a59d16dcc8: Started
2025-09-28 08:46:41,942 [ad6ddb9b-2ec3-4db0-9749-54a59d16dcc8-EndpointStateMachineTaskThread-/0.0.0.0:15036-0 ] INFO  ratis.XceiverServerRatis (XceiverServerRatis.java:getRealPort(586)) - XceiverServerRatis(ad6ddb9b-2ec3-4db0-9749-54a59d16dcc8) is started using port RATIS_ADMIN=15048
2025-09-28 08:46:41,942 [ad6ddb9b-2ec3-4db0-9749-54a59d16dcc8-EndpointStateMachineTaskThread-/0.0.0.0:15036-0 ] INFO  ratis.XceiverServerRatis (XceiverServerRatis.java:getRealPort(586)) - XceiverServerRatis(ad6ddb9b-2ec3-4db0-9749-54a59d16dcc8) is started using port RATIS_SERVER=15049
2025-09-28 08:46:41,942 [ad6ddb9b-2ec3-4db0-9749-54a59d16dcc8-EndpointStateMachineTaskThread-/0.0.0.0:15036-0 ] INFO  ratis.XceiverServerRatis (XceiverServerRatis.java:getRealPort(586)) - XceiverServerRatis(ad6ddb9b-2ec3-4db0-9749-54a59d16dcc8) is started using port RATIS_DATASTREAM=15050
2025-09-28 08:46:41,942 [ad6ddb9b-2ec3-4db0-9749-54a59d16dcc8-EndpointStateMachineTaskThread-/0.0.0.0:15036-0 ] INFO  utils.BackgroundService (BackgroundService.java:start(119)) - Starting service BlockDeletingService with interval 60000 milliseconds
2025-09-28 08:46:41,943 [ad6ddb9b-2ec3-4db0-9749-54a59d16dcc8-EndpointStateMachineTaskThread-/0.0.0.0:15036-0 ] INFO  utils.BackgroundService (BackgroundService.java:start(119)) - Starting service StaleRecoveringContainerScrubbingService with interval 60000 milliseconds
2025-09-28 08:46:42,156 [128ca0df-c3af-4349-97d3-3b5d7a5e16d4-EndpointStateMachineTaskThread-/0.0.0.0:15036-0 ] INFO  utils.DatanodeStoreCache (DatanodeStoreCache.java:addDB(70)) - Added db /home/runner/work/ozone/ozone/hadoop-ozone/integration-test/target/test-dir/MiniOzoneClusterImpl-ffd4f26c-0daa-4d09-bef2-86add17b79f3/ozone-metadata/datanode-2/data-0/hdds/ffd4f26c-0daa-4d09-bef2-86add17b79f3/DS-db935f62-19b9-43fc-9fa3-0b772942cc39/container.db to cache
2025-09-28 08:46:42,156 [128ca0df-c3af-4349-97d3-3b5d7a5e16d4-EndpointStateMachineTaskThread-/0.0.0.0:15036-0 ] INFO  volume.HddsVolume (HddsVolume.java:createDbStore(576)) - SchemaV3 db is created and loaded at /home/runner/work/ozone/ozone/hadoop-ozone/integration-test/target/test-dir/MiniOzoneClusterImpl-ffd4f26c-0daa-4d09-bef2-86add17b79f3/ozone-metadata/datanode-2/data-0/hdds/ffd4f26c-0daa-4d09-bef2-86add17b79f3/DS-db935f62-19b9-43fc-9fa3-0b772942cc39/container.db for volume DS-db935f62-19b9-43fc-9fa3-0b772942cc39
2025-09-28 08:46:42,159 [128ca0df-c3af-4349-97d3-3b5d7a5e16d4-ContainerReader-0] INFO  ozoneimpl.ContainerReader (ContainerReader.java:readVolume(147)) - Start to verify containers on volume /home/runner/work/ozone/ozone/hadoop-ozone/integration-test/target/test-dir/MiniOzoneClusterImpl-ffd4f26c-0daa-4d09-bef2-86add17b79f3/ozone-metadata/datanode-2/data-0/hdds
2025-09-28 08:46:42,159 [128ca0df-c3af-4349-97d3-3b5d7a5e16d4-ContainerReader-0] INFO  ozoneimpl.ContainerReader (ContainerReader.java:readVolume(177)) - Finish verifying containers on volume /home/runner/work/ozone/ozone/hadoop-ozone/integration-test/target/test-dir/MiniOzoneClusterImpl-ffd4f26c-0daa-4d09-bef2-86add17b79f3/ozone-metadata/datanode-2/data-0/hdds
2025-09-28 08:46:42,159 [128ca0df-c3af-4349-97d3-3b5d7a5e16d4-EndpointStateMachineTaskThread-/0.0.0.0:15036-0 ] INFO  ozoneimpl.OzoneContainer (OzoneContainer.java:buildContainerSet(370)) - Build ContainerSet costs 0s
2025-09-28 08:46:42,159 [128ca0df-c3af-4349-97d3-3b5d7a5e16d4-EndpointStateMachineTaskThread-/0.0.0.0:15036-0 ] INFO  volume.ThrottledAsyncChecker (ThrottledAsyncChecker.java:schedule(138)) - Scheduling a check for /home/runner/work/ozone/ozone/hadoop-ozone/integration-test/target/test-dir/MiniOzoneClusterImpl-ffd4f26c-0daa-4d09-bef2-86add17b79f3/ozone-metadata/datanode-2/data-0/hdds
2025-09-28 08:46:42,159 [128ca0df-c3af-4349-97d3-3b5d7a5e16d4-EndpointStateMachineTaskThread-/0.0.0.0:15036-0 ] INFO  volume.StorageVolumeChecker (StorageVolumeChecker.java:checkAllVolumes(231)) - Scheduled health check for volume /home/runner/work/ozone/ozone/hadoop-ozone/integration-test/target/test-dir/MiniOzoneClusterImpl-ffd4f26c-0daa-4d09-bef2-86add17b79f3/ozone-metadata/datanode-2/data-0/hdds
2025-09-28 08:46:42,162 [128ca0df-c3af-4349-97d3-3b5d7a5e16d4-EndpointStateMachineTaskThread-/0.0.0.0:15036-0 ] INFO  volume.ThrottledAsyncChecker (ThrottledAsyncChecker.java:schedule(138)) - Scheduling a check for /home/runner/work/ozone/ozone/hadoop-ozone/integration-test/target/test-dir/MiniOzoneClusterImpl-ffd4f26c-0daa-4d09-bef2-86add17b79f3/ozone-metadata/datanode-2/ratis
2025-09-28 08:46:42,162 [128ca0df-c3af-4349-97d3-3b5d7a5e16d4-EndpointStateMachineTaskThread-/0.0.0.0:15036-0 ] INFO  volume.StorageVolumeChecker (StorageVolumeChecker.java:checkAllVolumes(231)) - Scheduled health check for volume /home/runner/work/ozone/ozone/hadoop-ozone/integration-test/target/test-dir/MiniOzoneClusterImpl-ffd4f26c-0daa-4d09-bef2-86add17b79f3/ozone-metadata/datanode-2/ratis
2025-09-28 08:46:42,163 [128ca0df-c3af-4349-97d3-3b5d7a5e16d4-EndpointStateMachineTaskThread-/0.0.0.0:15036-0 ] INFO  ozoneimpl.OzoneContainer (OzoneContainer.java:start(525)) - Attempting to start container services.
2025-09-28 08:46:42,163 [ContainerMetadataScanner] INFO  ozoneimpl.AbstractBackgroundContainerScanner (AbstractBackgroundContainerScanner.java:runIteration(89)) - Completed an iteration in 0 minutes. Number of iterations (since the data-node restart) : 1, Number of containers scanned in this iteration : 0, Number of unhealthy containers found in this iteration : 0
2025-09-28 08:46:42,164 [ContainerDataScanner(/home/runner/work/ozone/ozone/hadoop-ozone/integration-test/target/test-dir/MiniOzoneClusterImpl-ffd4f26c-0daa-4d09-bef2-86add17b79f3/ozone-metadata/datanode-2/data-0/hdds)] INFO  ozoneimpl.AbstractBackgroundContainerScanner (AbstractBackgroundContainerScanner.java:runIteration(89)) - Completed an iteration in 0 minutes. Number of iterations (since the data-node restart) : 1, Number of containers scanned in this iteration : 0, Number of unhealthy containers found in this iteration : 0
2025-09-28 08:46:42,164 [128ca0df-c3af-4349-97d3-3b5d7a5e16d4-EndpointStateMachineTaskThread-/0.0.0.0:15036-0 ] INFO  replication.ReplicationServer (ReplicationServer.java:start(137)) - ReplicationServer is started using port 15059
2025-09-28 08:46:42,165 [128ca0df-c3af-4349-97d3-3b5d7a5e16d4-EndpointStateMachineTaskThread-/0.0.0.0:15036-0 ] INFO  ratis.XceiverServerRatis (XceiverServerRatis.java:start(559)) - Starting XceiverServerRatis(128ca0df-c3af-4349-97d3-3b5d7a5e16d4)
2025-09-28 08:46:42,165 [128ca0df-c3af-4349-97d3-3b5d7a5e16d4-EndpointStateMachineTaskThread-/0.0.0.0:15036-0 ] INFO  server.RaftServer (RaftServerProxy.java:startImpl(412)) - 128ca0df-c3af-4349-97d3-3b5d7a5e16d4: start RPC server
2025-09-28 08:46:42,166 [128ca0df-c3af-4349-97d3-3b5d7a5e16d4-EndpointStateMachineTaskThread-/0.0.0.0:15036-0 ] INFO  server.GrpcServicesImpl (GrpcServicesImpl.java:startImpl(346)) - 128ca0df-c3af-4349-97d3-3b5d7a5e16d4: GrpcServicesImpl started, listening on 15055
2025-09-28 08:46:42,167 [128ca0df-c3af-4349-97d3-3b5d7a5e16d4-EndpointStateMachineTaskThread-/0.0.0.0:15036-0 ] INFO  server.GrpcServicesImpl (GrpcServicesImpl.java:startImpl(346)) - 128ca0df-c3af-4349-97d3-3b5d7a5e16d4: GrpcServicesImpl started, listening on 15057
2025-09-28 08:46:42,167 [128ca0df-c3af-4349-97d3-3b5d7a5e16d4-EndpointStateMachineTaskThread-/0.0.0.0:15036-0 ] INFO  server.GrpcServicesImpl (GrpcServicesImpl.java:startImpl(346)) - 128ca0df-c3af-4349-97d3-3b5d7a5e16d4: GrpcServicesImpl started, listening on 15056
2025-09-28 08:46:42,167 [JvmPauseMonitor11] INFO  util.JvmPauseMonitor (JvmPauseMonitor.java:run(146)) - JvmPauseMonitor-128ca0df-c3af-4349-97d3-3b5d7a5e16d4: Started
2025-09-28 08:46:42,167 [128ca0df-c3af-4349-97d3-3b5d7a5e16d4-EndpointStateMachineTaskThread-/0.0.0.0:15036-0 ] INFO  ratis.XceiverServerRatis (XceiverServerRatis.java:getRealPort(586)) - XceiverServerRatis(128ca0df-c3af-4349-97d3-3b5d7a5e16d4) is started using port RATIS=15055
2025-09-28 08:46:42,168 [128ca0df-c3af-4349-97d3-3b5d7a5e16d4-EndpointStateMachineTaskThread-/0.0.0.0:15036-0 ] INFO  ratis.XceiverServerRatis (XceiverServerRatis.java:getRealPort(586)) - XceiverServerRatis(128ca0df-c3af-4349-97d3-3b5d7a5e16d4) is started using port RATIS_ADMIN=15056
2025-09-28 08:46:42,168 [128ca0df-c3af-4349-97d3-3b5d7a5e16d4-EndpointStateMachineTaskThread-/0.0.0.0:15036-0 ] INFO  ratis.XceiverServerRatis (XceiverServerRatis.java:getRealPort(586)) - XceiverServerRatis(128ca0df-c3af-4349-97d3-3b5d7a5e16d4) is started using port RATIS_SERVER=15057
2025-09-28 08:46:42,168 [128ca0df-c3af-4349-97d3-3b5d7a5e16d4-EndpointStateMachineTaskThread-/0.0.0.0:15036-0 ] INFO  ratis.XceiverServerRatis (XceiverServerRatis.java:getRealPort(586)) - XceiverServerRatis(128ca0df-c3af-4349-97d3-3b5d7a5e16d4) is started using port RATIS_DATASTREAM=15058
2025-09-28 08:46:42,168 [128ca0df-c3af-4349-97d3-3b5d7a5e16d4-EndpointStateMachineTaskThread-/0.0.0.0:15036-0 ] INFO  utils.BackgroundService (BackgroundService.java:start(119)) - Starting service BlockDeletingService with interval 60000 milliseconds
2025-09-28 08:46:42,168 [128ca0df-c3af-4349-97d3-3b5d7a5e16d4-EndpointStateMachineTaskThread-/0.0.0.0:15036-0 ] INFO  utils.BackgroundService (BackgroundService.java:start(119)) - Starting service StaleRecoveringContainerScrubbingService with interval 60000 milliseconds
2025-09-28 08:46:42,222 [om1@group-C5BA1605619E-FollowerState] INFO  impl.FollowerState (FollowerState.java:runImpl(161)) - om1@group-C5BA1605619E-FollowerState: change to CANDIDATE, lastRpcElapsedTime:1107238053ns, electionTimeout:1106ms
2025-09-28 08:46:42,222 [om1@group-C5BA1605619E-FollowerState] INFO  impl.RoleInfo (RoleInfo.java:shutdownFollowerState(121)) - om1: shutdown om1@group-C5BA1605619E-FollowerState
2025-09-28 08:46:42,222 [om1@group-C5BA1605619E-FollowerState] INFO  server.RaftServer$Division (RaftServerImpl.java:setRole(392)) - om1@group-C5BA1605619E: changes role from  FOLLOWER to CANDIDATE at term 0 for changeToCandidate
2025-09-28 08:46:42,222 [om1@group-C5BA1605619E-FollowerState] INFO  impl.RoleInfo (RoleInfo.java:updateAndGet(148)) - om1: start om1@group-C5BA1605619E-LeaderElection16
2025-09-28 08:46:42,223 [om1@group-C5BA1605619E-LeaderElection16] INFO  impl.LeaderElection (LeaderElection.java:askForVotes(448)) - om1@group-C5BA1605619E-LeaderElection16 PRE_VOTE round 0: submit vote requests at term 0 for conf: {index: -1, cur=peers:[om1|localhost:15043]|listeners:[], old=null}
2025-09-28 08:46:42,223 [om1@group-C5BA1605619E-LeaderElection16] INFO  impl.LeaderElection (LeaderElection.java:askForVotes(450)) - om1@group-C5BA1605619E-LeaderElection16 PRE_VOTE round 0: result PASSED (term=0)
2025-09-28 08:46:42,225 [om1@group-C5BA1605619E-LeaderElection16] INFO  impl.LeaderElection (LeaderElection.java:askForVotes(448)) - om1@group-C5BA1605619E-LeaderElection16 ELECTION round 0: submit vote requests at term 1 for conf: {index: -1, cur=peers:[om1|localhost:15043]|listeners:[], old=null}
2025-09-28 08:46:42,225 [om1@group-C5BA1605619E-LeaderElection16] INFO  impl.LeaderElection (LeaderElection.java:askForVotes(450)) - om1@group-C5BA1605619E-LeaderElection16 ELECTION round 0: result PASSED (term=1)
2025-09-28 08:46:42,225 [om1@group-C5BA1605619E-LeaderElection16] INFO  impl.RoleInfo (RoleInfo.java:shutdownLeaderElection(141)) - om1: shutdown om1@group-C5BA1605619E-LeaderElection16
2025-09-28 08:46:42,225 [om1@group-C5BA1605619E-LeaderElection16] INFO  server.RaftServer$Division (RaftServerImpl.java:setRole(392)) - om1@group-C5BA1605619E: changes role from CANDIDATE to LEADER at term 1 for changeToLeader
2025-09-28 08:46:42,225 [om1@group-C5BA1605619E-LeaderElection16] INFO  server.RaftServerConfigKeys (ConfUtils.java:logFallback(69)) - raft.server.staging.timeout = 3600ms (fallback to raft.server.rpc.timeout.max)
2025-09-28 08:46:42,226 [om1@group-C5BA1605619E-LeaderElection16] INFO  server.RaftServerConfigKeys (ConfUtils.java:logGet(62)) - raft.server.write.byte-limit = 67108864 (custom)
2025-09-28 08:46:42,226 [om1@group-C5BA1605619E-LeaderElection16] INFO  impl.RoleInfo (RoleInfo.java:updateAndGet(148)) - om1: start om1@group-C5BA1605619E-LeaderStateImpl
2025-09-28 08:46:42,226 [om1@group-C5BA1605619E-LeaderElection16] INFO  server.RaftServer$Division (RaftServerImpl.java:setFirstElection(576)) - om1@group-C5BA1605619E: set firstElectionSinceStartup to false for becomeLeader
2025-09-28 08:46:42,227 [om1@group-C5BA1605619E-LeaderElection16] INFO  ratis.OzoneManagerStateMachine (OzoneManagerStateMachine.java:notifyLeaderChanged(174)) - om1@group-C5BA1605619E: leader changed to om1
2025-09-28 08:46:42,227 [om1@group-C5BA1605619E-LeaderElection16] INFO  server.RaftServer$Division (ServerState.java:setLeader(272)) - om1@group-C5BA1605619E: change Leader from null to om1 at term 1 for becomeLeader, leader elected after 1647ms
2025-09-28 08:46:42,227 [om1@group-C5BA1605619E-LeaderElection16] INFO  segmented.SegmentedRaftLogWorker (SegmentedRaftLogWorker.java:startLogSegment(440)) - om1@group-C5BA1605619E-SegmentedRaftLogWorker: Starting segment from index:0
2025-09-28 08:46:42,227 [om1@group-C5BA1605619E-LeaderElection16] INFO  server.RaftServer$Division (ServerState.java:setRaftConf(386)) - om1@group-C5BA1605619E: set configuration conf: {index: 0, cur=peers:[om1|localhost:15043]|listeners:[], old=null}
2025-09-28 08:46:42,227 [om1@group-C5BA1605619E-SegmentedRaftLogWorker] INFO  segmented.BufferedWriteChannel (BufferedWriteChannel.java:open(61)) - open log_inprogress_0 at position 0
2025-09-28 08:46:42,232 [om1@group-C5BA1605619E-SegmentedRaftLogWorker] INFO  segmented.SegmentedRaftLogWorker (SegmentedRaftLogWorker.java:execute(647)) - om1@group-C5BA1605619E-SegmentedRaftLogWorker: created new log segment /home/runner/work/ozone/ozone/hadoop-ozone/integration-test/target/test-dir/MiniOzoneClusterImpl-ffd4f26c-0daa-4d09-bef2-86add17b79f3/om/ratis/bf265839-605b-3f16-9796-c5ba1605619e/current/log_inprogress_0
2025-09-28 08:46:42,234 [om1@group-C5BA1605619E-StateMachineUpdater] INFO  ratis.OzoneManagerStateMachine (OzoneManagerStateMachine.java:notifyConfigurationChanged(243)) - notifyConfigurationChanged from Ratis: term=1, index=0, New Peer list: om1(localhost:15043), New Listener list
2025-09-28 08:46:42,234 [om1@group-C5BA1605619E-StateMachineUpdater] INFO  server.RaftServer$Division (LeaderStateImpl.java:checkStartIndex(309)) - Leader om1@group-C5BA1605619E-LeaderStateImpl is ready since appliedIndex == startIndex == 0
2025-09-28 08:46:42,357 [7493dade-fd93-43aa-a8ed-41de39203fc7-EndpointStateMachineTaskThread-/0.0.0.0:15036-0 ] INFO  utils.DatanodeStoreCache (DatanodeStoreCache.java:addDB(70)) - Added db /home/runner/work/ozone/ozone/hadoop-ozone/integration-test/target/test-dir/MiniOzoneClusterImpl-ffd4f26c-0daa-4d09-bef2-86add17b79f3/ozone-metadata/datanode-3/data-0/hdds/ffd4f26c-0daa-4d09-bef2-86add17b79f3/DS-abc44180-895f-4b84-a40f-6986a9621aa5/container.db to cache
2025-09-28 08:46:42,357 [7493dade-fd93-43aa-a8ed-41de39203fc7-EndpointStateMachineTaskThread-/0.0.0.0:15036-0 ] INFO  volume.HddsVolume (HddsVolume.java:createDbStore(576)) - SchemaV3 db is created and loaded at /home/runner/work/ozone/ozone/hadoop-ozone/integration-test/target/test-dir/MiniOzoneClusterImpl-ffd4f26c-0daa-4d09-bef2-86add17b79f3/ozone-metadata/datanode-3/data-0/hdds/ffd4f26c-0daa-4d09-bef2-86add17b79f3/DS-abc44180-895f-4b84-a40f-6986a9621aa5/container.db for volume DS-abc44180-895f-4b84-a40f-6986a9621aa5
2025-09-28 08:46:42,360 [7493dade-fd93-43aa-a8ed-41de39203fc7-ContainerReader-0] INFO  ozoneimpl.ContainerReader (ContainerReader.java:readVolume(147)) - Start to verify containers on volume /home/runner/work/ozone/ozone/hadoop-ozone/integration-test/target/test-dir/MiniOzoneClusterImpl-ffd4f26c-0daa-4d09-bef2-86add17b79f3/ozone-metadata/datanode-3/data-0/hdds
2025-09-28 08:46:42,360 [7493dade-fd93-43aa-a8ed-41de39203fc7-ContainerReader-0] INFO  ozoneimpl.ContainerReader (ContainerReader.java:readVolume(177)) - Finish verifying containers on volume /home/runner/work/ozone/ozone/hadoop-ozone/integration-test/target/test-dir/MiniOzoneClusterImpl-ffd4f26c-0daa-4d09-bef2-86add17b79f3/ozone-metadata/datanode-3/data-0/hdds
2025-09-28 08:46:42,360 [7493dade-fd93-43aa-a8ed-41de39203fc7-EndpointStateMachineTaskThread-/0.0.0.0:15036-0 ] INFO  ozoneimpl.OzoneContainer (OzoneContainer.java:buildContainerSet(370)) - Build ContainerSet costs 0s
2025-09-28 08:46:42,360 [7493dade-fd93-43aa-a8ed-41de39203fc7-EndpointStateMachineTaskThread-/0.0.0.0:15036-0 ] INFO  volume.ThrottledAsyncChecker (ThrottledAsyncChecker.java:schedule(138)) - Scheduling a check for /home/runner/work/ozone/ozone/hadoop-ozone/integration-test/target/test-dir/MiniOzoneClusterImpl-ffd4f26c-0daa-4d09-bef2-86add17b79f3/ozone-metadata/datanode-3/data-0/hdds
2025-09-28 08:46:42,361 [7493dade-fd93-43aa-a8ed-41de39203fc7-EndpointStateMachineTaskThread-/0.0.0.0:15036-0 ] INFO  volume.StorageVolumeChecker (StorageVolumeChecker.java:checkAllVolumes(231)) - Scheduled health check for volume /home/runner/work/ozone/ozone/hadoop-ozone/integration-test/target/test-dir/MiniOzoneClusterImpl-ffd4f26c-0daa-4d09-bef2-86add17b79f3/ozone-metadata/datanode-3/data-0/hdds
2025-09-28 08:46:42,363 [7493dade-fd93-43aa-a8ed-41de39203fc7-EndpointStateMachineTaskThread-/0.0.0.0:15036-0 ] INFO  volume.ThrottledAsyncChecker (ThrottledAsyncChecker.java:schedule(138)) - Scheduling a check for /home/runner/work/ozone/ozone/hadoop-ozone/integration-test/target/test-dir/MiniOzoneClusterImpl-ffd4f26c-0daa-4d09-bef2-86add17b79f3/ozone-metadata/datanode-3/ratis
2025-09-28 08:46:42,363 [7493dade-fd93-43aa-a8ed-41de39203fc7-EndpointStateMachineTaskThread-/0.0.0.0:15036-0 ] INFO  volume.StorageVolumeChecker (StorageVolumeChecker.java:checkAllVolumes(231)) - Scheduled health check for volume /home/runner/work/ozone/ozone/hadoop-ozone/integration-test/target/test-dir/MiniOzoneClusterImpl-ffd4f26c-0daa-4d09-bef2-86add17b79f3/ozone-metadata/datanode-3/ratis
2025-09-28 08:46:42,364 [7493dade-fd93-43aa-a8ed-41de39203fc7-EndpointStateMachineTaskThread-/0.0.0.0:15036-0 ] INFO  ozoneimpl.OzoneContainer (OzoneContainer.java:start(525)) - Attempting to start container services.
2025-09-28 08:46:42,365 [ContainerMetadataScanner] INFO  ozoneimpl.AbstractBackgroundContainerScanner (AbstractBackgroundContainerScanner.java:runIteration(89)) - Completed an iteration in 0 minutes. Number of iterations (since the data-node restart) : 1, Number of containers scanned in this iteration : 0, Number of unhealthy containers found in this iteration : 0
2025-09-28 08:46:42,365 [ContainerDataScanner(/home/runner/work/ozone/ozone/hadoop-ozone/integration-test/target/test-dir/MiniOzoneClusterImpl-ffd4f26c-0daa-4d09-bef2-86add17b79f3/ozone-metadata/datanode-3/data-0/hdds)] INFO  ozoneimpl.AbstractBackgroundContainerScanner (AbstractBackgroundContainerScanner.java:runIteration(89)) - Completed an iteration in 0 minutes. Number of iterations (since the data-node restart) : 1, Number of containers scanned in this iteration : 0, Number of unhealthy containers found in this iteration : 0
2025-09-28 08:46:42,366 [7493dade-fd93-43aa-a8ed-41de39203fc7-EndpointStateMachineTaskThread-/0.0.0.0:15036-0 ] INFO  replication.ReplicationServer (ReplicationServer.java:start(137)) - ReplicationServer is started using port 15067
2025-09-28 08:46:42,366 [7493dade-fd93-43aa-a8ed-41de39203fc7-EndpointStateMachineTaskThread-/0.0.0.0:15036-0 ] INFO  ratis.XceiverServerRatis (XceiverServerRatis.java:start(559)) - Starting XceiverServerRatis(7493dade-fd93-43aa-a8ed-41de39203fc7)
2025-09-28 08:46:42,367 [7493dade-fd93-43aa-a8ed-41de39203fc7-EndpointStateMachineTaskThread-/0.0.0.0:15036-0 ] INFO  server.RaftServer (RaftServerProxy.java:startImpl(412)) - 7493dade-fd93-43aa-a8ed-41de39203fc7: start RPC server
2025-09-28 08:46:42,367 [7493dade-fd93-43aa-a8ed-41de39203fc7-EndpointStateMachineTaskThread-/0.0.0.0:15036-0 ] INFO  server.GrpcServicesImpl (GrpcServicesImpl.java:startImpl(346)) - 7493dade-fd93-43aa-a8ed-41de39203fc7: GrpcServicesImpl started, listening on 15063
2025-09-28 08:46:42,368 [7493dade-fd93-43aa-a8ed-41de39203fc7-EndpointStateMachineTaskThread-/0.0.0.0:15036-0 ] INFO  server.GrpcServicesImpl (GrpcServicesImpl.java:startImpl(346)) - 7493dade-fd93-43aa-a8ed-41de39203fc7: GrpcServicesImpl started, listening on 15065
2025-09-28 08:46:42,368 [7493dade-fd93-43aa-a8ed-41de39203fc7-EndpointStateMachineTaskThread-/0.0.0.0:15036-0 ] INFO  server.GrpcServicesImpl (GrpcServicesImpl.java:startImpl(346)) - 7493dade-fd93-43aa-a8ed-41de39203fc7: GrpcServicesImpl started, listening on 15064
2025-09-28 08:46:42,368 [7493dade-fd93-43aa-a8ed-41de39203fc7-EndpointStateMachineTaskThread-/0.0.0.0:15036-0 ] INFO  ratis.XceiverServerRatis (XceiverServerRatis.java:getRealPort(586)) - XceiverServerRatis(7493dade-fd93-43aa-a8ed-41de39203fc7) is started using port RATIS=15063
2025-09-28 08:46:42,368 [7493dade-fd93-43aa-a8ed-41de39203fc7-EndpointStateMachineTaskThread-/0.0.0.0:15036-0 ] INFO  ratis.XceiverServerRatis (XceiverServerRatis.java:getRealPort(586)) - XceiverServerRatis(7493dade-fd93-43aa-a8ed-41de39203fc7) is started using port RATIS_ADMIN=15064
2025-09-28 08:46:42,369 [7493dade-fd93-43aa-a8ed-41de39203fc7-EndpointStateMachineTaskThread-/0.0.0.0:15036-0 ] INFO  ratis.XceiverServerRatis (XceiverServerRatis.java:getRealPort(586)) - XceiverServerRatis(7493dade-fd93-43aa-a8ed-41de39203fc7) is started using port RATIS_SERVER=15065
2025-09-28 08:46:42,369 [7493dade-fd93-43aa-a8ed-41de39203fc7-EndpointStateMachineTaskThread-/0.0.0.0:15036-0 ] INFO  ratis.XceiverServerRatis (XceiverServerRatis.java:getRealPort(586)) - XceiverServerRatis(7493dade-fd93-43aa-a8ed-41de39203fc7) is started using port RATIS_DATASTREAM=15066
2025-09-28 08:46:42,369 [JvmPauseMonitor12] INFO  util.JvmPauseMonitor (JvmPauseMonitor.java:run(146)) - JvmPauseMonitor-7493dade-fd93-43aa-a8ed-41de39203fc7: Started
2025-09-28 08:46:42,369 [7493dade-fd93-43aa-a8ed-41de39203fc7-EndpointStateMachineTaskThread-/0.0.0.0:15036-0 ] INFO  utils.BackgroundService (BackgroundService.java:start(119)) - Starting service BlockDeletingService with interval 60000 milliseconds
2025-09-28 08:46:42,369 [7493dade-fd93-43aa-a8ed-41de39203fc7-EndpointStateMachineTaskThread-/0.0.0.0:15036-0 ] INFO  utils.BackgroundService (BackgroundService.java:start(119)) - Starting service StaleRecoveringContainerScrubbingService with interval 60000 milliseconds
2025-09-28 08:46:42,397 [IPC Server handler 1 on default port 15036] INFO  net.NetworkTopologyImpl (NetworkTopologyImpl.java:add(133)) - Added a new node: /default-rack/ad6ddb9b-2ec3-4db0-9749-54a59d16dcc8
2025-09-28 08:46:42,397 [IPC Server handler 1 on default port 15036] INFO  node.SCMNodeManager (SCMNodeManager.java:register(423)) - Registered datanode: ad6ddb9b-2ec3-4db0-9749-54a59d16dcc8{ip: 127.0.0.1, host: localhost, ports: [HTTP=15044, CLIENT_RPC=15045, REPLICATION=15051, RATIS=15047, RATIS_ADMIN=15048, RATIS_SERVER=15049, RATIS_DATASTREAM=15050, STANDALONE=15046], networkLocation: /default-rack, certSerialId: null, persistedOpState: null, persistedOpStateExpiryEpochSec: 0}
2025-09-28 08:46:42,398 [EventQueue-NewNodeForNewNodeHandler] INFO  pipeline.BackgroundPipelineCreator (BackgroundPipelineCreator.java:notifyEventTriggered(290)) - trigger a one-shot run on RatisPipelineUtilsThread.
2025-09-28 08:46:42,398 [EventQueue-ContainerRegistrationReportForECContainerSafeModeRule] INFO  safemode.SCMSafeModeManager (SCMSafeModeManager.java:validateSafeModeExitRules(138)) - ECContainerSafeModeRule rule is successfully validated
2025-09-28 08:46:42,398 [RatisPipelineUtilsThread-0] INFO  pipeline.RatisPipelineProvider (RatisPipelineProvider.java:lambda$create$0(208)) - Sending CreatePipelineCommand for pipeline:Pipeline-4f494820-e9af-46db-adfc-82d83097cc3e to datanode:ad6ddb9b-2ec3-4db0-9749-54a59d16dcc8(localhost/127.0.0.1)
2025-09-28 08:46:42,398 [EventQueue-NodeRegistrationContainerReportForDataNodeSafeModeRule] INFO  safemode.SCMSafeModeManager (DataNodeSafeModeRule.java:process(80)) - SCM in safe mode. 1 DataNodes registered, 3 required.
2025-09-28 08:46:42,398 [EventQueue-ContainerRegistrationReportForRatisContainerSafeModeRule] INFO  safemode.SCMSafeModeManager (SCMSafeModeManager.java:validateSafeModeExitRules(138)) - RatisContainerSafeModeRule rule is successfully validated
2025-09-28 08:46:42,399 [EventQueue-PipelineReportForOneReplicaPipelineSafeModeRule] INFO  safemode.SCMSafeModeManager (SCMSafeModeManager.java:validateSafeModeExitRules(138)) - AtleastOneDatanodeReportedRule rule is successfully validated
2025-09-28 08:46:42,402 [a4a824a0-2283-4935-bdba-9632c468a4b2@group-86ADD17B79F3-StateMachineUpdater] INFO  safemode.SCMSafeModeManager (SCMSafeModeManager.java:validateSafeModeExitRules(138)) - RatisContainerSafeModeRule rule is successfully validated
2025-09-28 08:46:42,402 [a4a824a0-2283-4935-bdba-9632c468a4b2@group-86ADD17B79F3-StateMachineUpdater] INFO  safemode.HealthyPipelineSafeModeRule (HealthyPipelineSafeModeRule.java:initializeRule(228)) - Refreshed total pipeline count is 0, healthy pipeline threshold count is 1
2025-09-28 08:46:42,402 [a4a824a0-2283-4935-bdba-9632c468a4b2@group-86ADD17B79F3-StateMachineUpdater] INFO  safemode.SCMSafeModeManager (SCMSafeModeManager.java:validateSafeModeExitRules(138)) - ECContainerSafeModeRule rule is successfully validated
2025-09-28 08:46:42,402 [a4a824a0-2283-4935-bdba-9632c468a4b2@group-86ADD17B79F3-StateMachineUpdater] INFO  safemode.SCMSafeModeManager (SCMSafeModeManager.java:validateSafeModeExitRules(138)) - AtleastOneDatanodeReportedRule rule is successfully validated
2025-09-28 08:46:42,402 [RatisPipelineUtilsThread-0] INFO  pipeline.BackgroundPipelineCreator (BackgroundPipelineCreator.java:createPipelines(246)) - Created new pipeline Pipeline{ Id: 4f494820-e9af-46db-adfc-82d83097cc3e, Nodes: [ {ad6ddb9b-2ec3-4db0-9749-54a59d16dcc8(localhost/127.0.0.1), ReplicaIndex: 0},], ReplicationConfig: RATIS/ONE, State:ALLOCATED, leaderId:, CreationTimestamp2025-09-28T08:46:42.398731702Z[Etc/UTC]}
2025-09-28 08:46:42,627 [IPC Server handler 2 on default port 15036] INFO  net.NetworkTopologyImpl (NetworkTopologyImpl.java:add(133)) - Added a new node: /default-rack/128ca0df-c3af-4349-97d3-3b5d7a5e16d4
2025-09-28 08:46:42,628 [IPC Server handler 2 on default port 15036] INFO  node.SCMNodeManager (SCMNodeManager.java:register(423)) - Registered datanode: 128ca0df-c3af-4349-97d3-3b5d7a5e16d4{ip: 127.0.0.1, host: localhost, ports: [HTTP=15052, CLIENT_RPC=15053, REPLICATION=15059, RATIS=15055, RATIS_ADMIN=15056, RATIS_SERVER=15057, RATIS_DATASTREAM=15058, STANDALONE=15054], networkLocation: /default-rack, certSerialId: null, persistedOpState: null, persistedOpStateExpiryEpochSec: 0}
2025-09-28 08:46:42,628 [EventQueue-NewNodeForNewNodeHandler] INFO  pipeline.BackgroundPipelineCreator (BackgroundPipelineCreator.java:notifyEventTriggered(290)) - trigger a one-shot run on RatisPipelineUtilsThread.
2025-09-28 08:46:42,628 [EventQueue-NodeRegistrationContainerReportForDataNodeSafeModeRule] INFO  safemode.SCMSafeModeManager (DataNodeSafeModeRule.java:process(80)) - SCM in safe mode. 2 DataNodes registered, 3 required.
2025-09-28 08:46:42,628 [EventQueue-PipelineReportForOneReplicaPipelineSafeModeRule] INFO  safemode.SCMSafeModeManager (SCMSafeModeManager.java:validateSafeModeExitRules(138)) - AtleastOneDatanodeReportedRule rule is successfully validated
2025-09-28 08:46:42,629 [EventQueue-ContainerRegistrationReportForRatisContainerSafeModeRule] INFO  safemode.SCMSafeModeManager (SCMSafeModeManager.java:validateSafeModeExitRules(138)) - RatisContainerSafeModeRule rule is successfully validated
2025-09-28 08:46:42,629 [EventQueue-ContainerRegistrationReportForECContainerSafeModeRule] INFO  safemode.SCMSafeModeManager (SCMSafeModeManager.java:validateSafeModeExitRules(138)) - ECContainerSafeModeRule rule is successfully validated
2025-09-28 08:46:42,629 [RatisPipelineUtilsThread-0] INFO  pipeline.RatisPipelineProvider (RatisPipelineProvider.java:lambda$create$0(208)) - Sending CreatePipelineCommand for pipeline:Pipeline-1ffc27f5-362d-47ee-9789-00a2aa5e9e6c to datanode:128ca0df-c3af-4349-97d3-3b5d7a5e16d4(localhost/127.0.0.1)
2025-09-28 08:46:42,631 [a4a824a0-2283-4935-bdba-9632c468a4b2@group-86ADD17B79F3-StateMachineUpdater] INFO  safemode.SCMSafeModeManager (SCMSafeModeManager.java:validateSafeModeExitRules(138)) - RatisContainerSafeModeRule rule is successfully validated
2025-09-28 08:46:42,631 [a4a824a0-2283-4935-bdba-9632c468a4b2@group-86ADD17B79F3-StateMachineUpdater] INFO  safemode.HealthyPipelineSafeModeRule (HealthyPipelineSafeModeRule.java:initializeRule(228)) - Refreshed total pipeline count is 0, healthy pipeline threshold count is 1
2025-09-28 08:46:42,631 [a4a824a0-2283-4935-bdba-9632c468a4b2@group-86ADD17B79F3-StateMachineUpdater] INFO  safemode.SCMSafeModeManager (SCMSafeModeManager.java:validateSafeModeExitRules(138)) - ECContainerSafeModeRule rule is successfully validated
2025-09-28 08:46:42,631 [a4a824a0-2283-4935-bdba-9632c468a4b2@group-86ADD17B79F3-StateMachineUpdater] INFO  safemode.SCMSafeModeManager (SCMSafeModeManager.java:validateSafeModeExitRules(138)) - AtleastOneDatanodeReportedRule rule is successfully validated
2025-09-28 08:46:42,632 [RatisPipelineUtilsThread-0] INFO  pipeline.BackgroundPipelineCreator (BackgroundPipelineCreator.java:createPipelines(246)) - Created new pipeline Pipeline{ Id: 1ffc27f5-362d-47ee-9789-00a2aa5e9e6c, Nodes: [ {128ca0df-c3af-4349-97d3-3b5d7a5e16d4(localhost/127.0.0.1), ReplicaIndex: 0},], ReplicationConfig: RATIS/ONE, State:ALLOCATED, leaderId:, CreationTimestamp2025-09-28T08:46:42.629097033Z[Etc/UTC]}
2025-09-28 08:46:42,828 [ForkJoinPool-1-worker-1] INFO  ozone.MiniOzoneClusterImpl (MiniOzoneClusterImpl.java:lambda$waitForClusterToBeReady$0(181)) - Waiting for nodes to be ready. Got 2 of 3 DN Heartbeats.
2025-09-28 08:46:42,828 [ForkJoinPool-1-worker-1] INFO  ozone.MiniOzoneClusterImpl (MiniOzoneClusterImpl.java:lambda$waitForClusterToBeReady$0(184)) - Waiting for cluster to exit safe mode
2025-09-28 08:46:42,828 [ForkJoinPool-1-worker-1] INFO  ozone.MiniOzoneClusterImpl (MiniOzoneClusterImpl.java:lambda$waitForClusterToBeReady$0(186)) - SCM became leader
2025-09-28 08:46:42,830 [IPC Server handler 3 on default port 15036] INFO  net.NetworkTopologyImpl (NetworkTopologyImpl.java:add(133)) - Added a new node: /default-rack/7493dade-fd93-43aa-a8ed-41de39203fc7
2025-09-28 08:46:42,830 [IPC Server handler 3 on default port 15036] INFO  node.SCMNodeManager (SCMNodeManager.java:register(423)) - Registered datanode: 7493dade-fd93-43aa-a8ed-41de39203fc7{ip: 127.0.0.1, host: localhost, ports: [HTTP=15060, CLIENT_RPC=15061, REPLICATION=15067, RATIS=15063, RATIS_ADMIN=15064, RATIS_SERVER=15065, RATIS_DATASTREAM=15066, STANDALONE=15062], networkLocation: /default-rack, certSerialId: null, persistedOpState: null, persistedOpStateExpiryEpochSec: 0}
2025-09-28 08:46:42,830 [EventQueue-NewNodeForNewNodeHandler] INFO  pipeline.BackgroundPipelineCreator (BackgroundPipelineCreator.java:notifyEventTriggered(290)) - trigger a one-shot run on RatisPipelineUtilsThread.
2025-09-28 08:46:42,830 [EventQueue-NodeRegistrationContainerReportForDataNodeSafeModeRule] INFO  safemode.SCMSafeModeManager (DataNodeSafeModeRule.java:process(80)) - SCM in safe mode. 3 DataNodes registered, 3 required.
2025-09-28 08:46:42,830 [EventQueue-PipelineReportForOneReplicaPipelineSafeModeRule] INFO  safemode.SCMSafeModeManager (SCMSafeModeManager.java:validateSafeModeExitRules(138)) - AtleastOneDatanodeReportedRule rule is successfully validated
2025-09-28 08:46:42,830 [EventQueue-NodeRegistrationContainerReportForDataNodeSafeModeRule] INFO  safemode.SCMSafeModeManager (SCMSafeModeManager.java:validateSafeModeExitRules(138)) - DataNodeSafeModeRule rule is successfully validated
2025-09-28 08:46:42,830 [EventQueue-NodeRegistrationContainerReportForDataNodeSafeModeRule] INFO  safemode.SCMSafeModeManager (SCMSafeModeManager.java:validateSafeModeExitRules(151)) - All SCM safe mode pre check rules have passed
2025-09-28 08:46:42,830 [EventQueue-NodeRegistrationContainerReportForDataNodeSafeModeRule] INFO  ha.SCMContext (SCMContext.java:updateSafeModeStatus(224)) - Update SafeModeStatus from SafeModeStatus{safeModeStatus=true, preCheckPassed=false} to SafeModeStatus{safeModeStatus=true, preCheckPassed=true}.
2025-09-28 08:46:42,830 [EventQueue-NodeRegistrationContainerReportForDataNodeSafeModeRule] INFO  pipeline.BackgroundPipelineCreator (BackgroundPipelineCreator.java:notifyEventTriggered(290)) - trigger a one-shot run on RatisPipelineUtilsThread.
2025-09-28 08:46:42,831 [RatisPipelineUtilsThread-0] INFO  pipeline.RatisPipelineProvider (RatisPipelineProvider.java:lambda$create$0(208)) - Sending CreatePipelineCommand for pipeline:Pipeline-194d921c-336e-4e7a-bd05-078fd725fd92 to datanode:7493dade-fd93-43aa-a8ed-41de39203fc7(localhost/127.0.0.1)
2025-09-28 08:46:42,831 [EventQueue-ContainerRegistrationReportForECContainerSafeModeRule] INFO  safemode.SCMSafeModeManager (SCMSafeModeManager.java:validateSafeModeExitRules(138)) - ECContainerSafeModeRule rule is successfully validated
2025-09-28 08:46:42,831 [EventQueue-ContainerRegistrationReportForRatisContainerSafeModeRule] INFO  safemode.SCMSafeModeManager (SCMSafeModeManager.java:validateSafeModeExitRules(138)) - RatisContainerSafeModeRule rule is successfully validated
2025-09-28 08:46:42,833 [a4a824a0-2283-4935-bdba-9632c468a4b2@group-86ADD17B79F3-StateMachineUpdater] INFO  safemode.SCMSafeModeManager (SCMSafeModeManager.java:validateSafeModeExitRules(138)) - DataNodeSafeModeRule rule is successfully validated
2025-09-28 08:46:42,833 [a4a824a0-2283-4935-bdba-9632c468a4b2@group-86ADD17B79F3-StateMachineUpdater] INFO  safemode.SCMSafeModeManager (SCMSafeModeManager.java:validateSafeModeExitRules(138)) - RatisContainerSafeModeRule rule is successfully validated
2025-09-28 08:46:42,833 [a4a824a0-2283-4935-bdba-9632c468a4b2@group-86ADD17B79F3-StateMachineUpdater] INFO  safemode.HealthyPipelineSafeModeRule (HealthyPipelineSafeModeRule.java:initializeRule(228)) - Refreshed total pipeline count is 0, healthy pipeline threshold count is 1
2025-09-28 08:46:42,833 [a4a824a0-2283-4935-bdba-9632c468a4b2@group-86ADD17B79F3-StateMachineUpdater] INFO  safemode.SCMSafeModeManager (SCMSafeModeManager.java:validateSafeModeExitRules(138)) - ECContainerSafeModeRule rule is successfully validated
2025-09-28 08:46:42,833 [a4a824a0-2283-4935-bdba-9632c468a4b2@group-86ADD17B79F3-StateMachineUpdater] INFO  safemode.SCMSafeModeManager (SCMSafeModeManager.java:validateSafeModeExitRules(138)) - AtleastOneDatanodeReportedRule rule is successfully validated
2025-09-28 08:46:42,834 [RatisPipelineUtilsThread-0] INFO  pipeline.BackgroundPipelineCreator (BackgroundPipelineCreator.java:createPipelines(246)) - Created new pipeline Pipeline{ Id: 194d921c-336e-4e7a-bd05-078fd725fd92, Nodes: [ {7493dade-fd93-43aa-a8ed-41de39203fc7(localhost/127.0.0.1), ReplicaIndex: 0},], ReplicationConfig: RATIS/ONE, State:ALLOCATED, leaderId:, CreationTimestamp2025-09-28T08:46:42.831058629Z[Etc/UTC]}
2025-09-28 08:46:42,834 [RatisPipelineUtilsThread-0] INFO  pipeline.RatisPipelineProvider (RatisPipelineProvider.java:lambda$create$0(208)) - Sending CreatePipelineCommand for pipeline:Pipeline-ead6980e-d25d-4ed2-9943-466440d82061 to datanode:ad6ddb9b-2ec3-4db0-9749-54a59d16dcc8(localhost/127.0.0.1)
2025-09-28 08:46:42,834 [RatisPipelineUtilsThread-0] INFO  pipeline.RatisPipelineProvider (RatisPipelineProvider.java:lambda$create$0(208)) - Sending CreatePipelineCommand for pipeline:Pipeline-ead6980e-d25d-4ed2-9943-466440d82061 to datanode:7493dade-fd93-43aa-a8ed-41de39203fc7(localhost/127.0.0.1)
2025-09-28 08:46:42,834 [RatisPipelineUtilsThread-0] INFO  pipeline.RatisPipelineProvider (RatisPipelineProvider.java:lambda$create$0(208)) - Sending CreatePipelineCommand for pipeline:Pipeline-ead6980e-d25d-4ed2-9943-466440d82061 to datanode:128ca0df-c3af-4349-97d3-3b5d7a5e16d4(localhost/127.0.0.1)
2025-09-28 08:46:42,836 [a4a824a0-2283-4935-bdba-9632c468a4b2@group-86ADD17B79F3-StateMachineUpdater] INFO  safemode.SCMSafeModeManager (SCMSafeModeManager.java:validateSafeModeExitRules(138)) - DataNodeSafeModeRule rule is successfully validated
2025-09-28 08:46:42,836 [a4a824a0-2283-4935-bdba-9632c468a4b2@group-86ADD17B79F3-StateMachineUpdater] INFO  safemode.SCMSafeModeManager (SCMSafeModeManager.java:validateSafeModeExitRules(138)) - RatisContainerSafeModeRule rule is successfully validated
2025-09-28 08:46:42,836 [a4a824a0-2283-4935-bdba-9632c468a4b2@group-86ADD17B79F3-StateMachineUpdater] INFO  safemode.HealthyPipelineSafeModeRule (HealthyPipelineSafeModeRule.java:initializeRule(228)) - Refreshed total pipeline count is 0, healthy pipeline threshold count is 1
2025-09-28 08:46:42,836 [a4a824a0-2283-4935-bdba-9632c468a4b2@group-86ADD17B79F3-StateMachineUpdater] INFO  safemode.SCMSafeModeManager (SCMSafeModeManager.java:validateSafeModeExitRules(138)) - ECContainerSafeModeRule rule is successfully validated
2025-09-28 08:46:42,836 [a4a824a0-2283-4935-bdba-9632c468a4b2@group-86ADD17B79F3-StateMachineUpdater] INFO  safemode.SCMSafeModeManager (SCMSafeModeManager.java:validateSafeModeExitRules(138)) - AtleastOneDatanodeReportedRule rule is successfully validated
2025-09-28 08:46:42,837 [RatisPipelineUtilsThread-0] INFO  pipeline.BackgroundPipelineCreator (BackgroundPipelineCreator.java:createPipelines(246)) - Created new pipeline Pipeline{ Id: ead6980e-d25d-4ed2-9943-466440d82061, Nodes: [ {ad6ddb9b-2ec3-4db0-9749-54a59d16dcc8(localhost/127.0.0.1), ReplicaIndex: 0}, {7493dade-fd93-43aa-a8ed-41de39203fc7(localhost/127.0.0.1), ReplicaIndex: 0}, {128ca0df-c3af-4349-97d3-3b5d7a5e16d4(localhost/127.0.0.1), ReplicaIndex: 0},], ReplicationConfig: RATIS/THREE, State:ALLOCATED, leaderId:, CreationTimestamp2025-09-28T08:46:42.834473800Z[Etc/UTC]}
2025-09-28 08:46:42,837 [RatisPipelineUtilsThread-0] INFO  pipeline.RatisPipelineProvider (RatisPipelineProvider.java:lambda$create$0(208)) - Sending CreatePipelineCommand for pipeline:Pipeline-55426d7a-d87b-4f7b-a817-3e4befd7941b to datanode:7493dade-fd93-43aa-a8ed-41de39203fc7(localhost/127.0.0.1)
2025-09-28 08:46:42,838 [RatisPipelineUtilsThread-0] INFO  pipeline.RatisPipelineProvider (RatisPipelineProvider.java:lambda$create$0(208)) - Sending CreatePipelineCommand for pipeline:Pipeline-55426d7a-d87b-4f7b-a817-3e4befd7941b to datanode:ad6ddb9b-2ec3-4db0-9749-54a59d16dcc8(localhost/127.0.0.1)
2025-09-28 08:46:42,838 [RatisPipelineUtilsThread-0] INFO  pipeline.RatisPipelineProvider (RatisPipelineProvider.java:lambda$create$0(208)) - Sending CreatePipelineCommand for pipeline:Pipeline-55426d7a-d87b-4f7b-a817-3e4befd7941b to datanode:128ca0df-c3af-4349-97d3-3b5d7a5e16d4(localhost/127.0.0.1)
2025-09-28 08:46:42,840 [a4a824a0-2283-4935-bdba-9632c468a4b2@group-86ADD17B79F3-StateMachineUpdater] INFO  safemode.SCMSafeModeManager (SCMSafeModeManager.java:validateSafeModeExitRules(138)) - DataNodeSafeModeRule rule is successfully validated
2025-09-28 08:46:42,840 [a4a824a0-2283-4935-bdba-9632c468a4b2@group-86ADD17B79F3-StateMachineUpdater] INFO  safemode.SCMSafeModeManager (SCMSafeModeManager.java:validateSafeModeExitRules(138)) - RatisContainerSafeModeRule rule is successfully validated
2025-09-28 08:46:42,840 [a4a824a0-2283-4935-bdba-9632c468a4b2@group-86ADD17B79F3-StateMachineUpdater] INFO  safemode.HealthyPipelineSafeModeRule (HealthyPipelineSafeModeRule.java:initializeRule(228)) - Refreshed total pipeline count is 0, healthy pipeline threshold count is 1
2025-09-28 08:46:42,840 [a4a824a0-2283-4935-bdba-9632c468a4b2@group-86ADD17B79F3-StateMachineUpdater] INFO  safemode.SCMSafeModeManager (SCMSafeModeManager.java:validateSafeModeExitRules(138)) - ECContainerSafeModeRule rule is successfully validated
2025-09-28 08:46:42,840 [a4a824a0-2283-4935-bdba-9632c468a4b2@group-86ADD17B79F3-StateMachineUpdater] INFO  safemode.SCMSafeModeManager (SCMSafeModeManager.java:validateSafeModeExitRules(138)) - AtleastOneDatanodeReportedRule rule is successfully validated
2025-09-28 08:46:42,840 [RatisPipelineUtilsThread-0] INFO  pipeline.PipelineManagerImpl (PipelineManagerImpl.java:recordMetricsForPipeline(922)) - Pipeline-55426d7a-d87b-4f7b-a817-3e4befd7941b and Pipeline-ead6980e-d25d-4ed2-9943-466440d82061 have exactly the same set of datanodes: [7493dade-fd93-43aa-a8ed-41de39203fc7(localhost/127.0.0.1), ad6ddb9b-2ec3-4db0-9749-54a59d16dcc8(localhost/127.0.0.1), 128ca0df-c3af-4349-97d3-3b5d7a5e16d4(localhost/127.0.0.1)]
2025-09-28 08:46:42,840 [RatisPipelineUtilsThread-0] INFO  pipeline.BackgroundPipelineCreator (BackgroundPipelineCreator.java:createPipelines(246)) - Created new pipeline Pipeline{ Id: 55426d7a-d87b-4f7b-a817-3e4befd7941b, Nodes: [ {7493dade-fd93-43aa-a8ed-41de39203fc7(localhost/127.0.0.1), ReplicaIndex: 0}, {ad6ddb9b-2ec3-4db0-9749-54a59d16dcc8(localhost/127.0.0.1), ReplicaIndex: 0}, {128ca0df-c3af-4349-97d3-3b5d7a5e16d4(localhost/127.0.0.1), ReplicaIndex: 0},], ReplicationConfig: RATIS/THREE, State:ALLOCATED, leaderId:, CreationTimestamp2025-09-28T08:46:42.837968693Z[Etc/UTC]}
2025-09-28 08:46:43,829 [ForkJoinPool-1-worker-1] INFO  ozone.MiniOzoneClusterImpl (MiniOzoneClusterImpl.java:lambda$waitForClusterToBeReady$0(181)) - Nodes are ready. Got 3 of 3 DN Heartbeats.
2025-09-28 08:46:43,829 [ForkJoinPool-1-worker-1] INFO  ozone.MiniOzoneClusterImpl (MiniOzoneClusterImpl.java:lambda$waitForClusterToBeReady$0(184)) - Waiting for cluster to exit safe mode
2025-09-28 08:46:43,829 [ForkJoinPool-1-worker-1] INFO  ozone.MiniOzoneClusterImpl (MiniOzoneClusterImpl.java:lambda$waitForClusterToBeReady$0(186)) - SCM became leader
2025-09-28 08:46:44,829 [ForkJoinPool-1-worker-1] INFO  ozone.MiniOzoneClusterImpl (MiniOzoneClusterImpl.java:lambda$waitForClusterToBeReady$0(181)) - Nodes are ready. Got 3 of 3 DN Heartbeats.
2025-09-28 08:46:44,829 [ForkJoinPool-1-worker-1] INFO  ozone.MiniOzoneClusterImpl (MiniOzoneClusterImpl.java:lambda$waitForClusterToBeReady$0(184)) - Waiting for cluster to exit safe mode
2025-09-28 08:46:44,829 [ForkJoinPool-1-worker-1] INFO  ozone.MiniOzoneClusterImpl (MiniOzoneClusterImpl.java:lambda$waitForClusterToBeReady$0(186)) - SCM became leader
2025-09-28 08:46:44,895 [ad6ddb9b-2ec3-4db0-9749-54a59d16dcc8-CreatePipelineCommandHandlerThread-0] INFO  server.RaftServer (RaftServerProxy.java:addNew(105)) - ad6ddb9b-2ec3-4db0-9749-54a59d16dcc8: addNew group-82D83097CC3E:[ad6ddb9b-2ec3-4db0-9749-54a59d16dcc8|127.0.0.1:15049] returns group-82D83097CC3E:java.util.concurrent.CompletableFuture@14e6cce5[Not completed]
2025-09-28 08:46:44,897 [ad6ddb9b-2ec3-4db0-9749-54a59d16dcc8-groupManagement] INFO  server.RaftServer$Division (RaftServerImpl.java:<init>(268)) - ad6ddb9b-2ec3-4db0-9749-54a59d16dcc8: new RaftServerImpl for group-82D83097CC3E:[ad6ddb9b-2ec3-4db0-9749-54a59d16dcc8|127.0.0.1:15049] with ContainerStateMachine:uninitialized
2025-09-28 08:46:44,897 [ad6ddb9b-2ec3-4db0-9749-54a59d16dcc8-groupManagement] INFO  server.RaftServerConfigKeys (ConfUtils.java:logGet(62)) - raft.server.rpc.timeout.min = 5s (custom)
2025-09-28 08:46:44,897 [ad6ddb9b-2ec3-4db0-9749-54a59d16dcc8-groupManagement] INFO  server.RaftServerConfigKeys (ConfUtils.java:logGet(62)) - raft.server.rpc.timeout.max = 5200ms (custom)
2025-09-28 08:46:44,897 [ad6ddb9b-2ec3-4db0-9749-54a59d16dcc8-groupManagement] INFO  server.RaftServerConfigKeys (ConfUtils.java:logGet(62)) - raft.server.rpc.slowness.timeout = 300s (custom)
2025-09-28 08:46:44,898 [ad6ddb9b-2ec3-4db0-9749-54a59d16dcc8-groupManagement] INFO  server.RaftServer$Division (ServerState.java:<init>(114)) - ad6ddb9b-2ec3-4db0-9749-54a59d16dcc8@group-82D83097CC3E: ConfigurationManager, init=conf: {index: -1, cur=peers:[ad6ddb9b-2ec3-4db0-9749-54a59d16dcc8|127.0.0.1:15049]|listeners:[], old=null}, confs=<EMPTY_MAP>
2025-09-28 08:46:44,898 [ad6ddb9b-2ec3-4db0-9749-54a59d16dcc8-groupManagement] INFO  server.RaftServerConfigKeys (ConfUtils.java:logGet(62)) - raft.server.notification.no-leader.timeout = 300s (custom)
2025-09-28 08:46:44,898 [ad6ddb9b-2ec3-4db0-9749-54a59d16dcc8-groupManagement] INFO  server.RaftServerConfigKeys (ConfUtils.java:logGet(62)) - raft.server.retrycache.expirytime = 600000ms (custom)
2025-09-28 08:46:44,900 [ad6ddb9b-2ec3-4db0-9749-54a59d16dcc8-groupManagement] INFO  server.RaftServerConfigKeys (ConfUtils.java:logGet(62)) - raft.server.storage.dir = [/home/runner/work/ozone/ozone/hadoop-ozone/integration-test/target/test-dir/MiniOzoneClusterImpl-ffd4f26c-0daa-4d09-bef2-86add17b79f3/ozone-metadata/datanode-1/ratis] (custom)
2025-09-28 08:46:44,900 [ad6ddb9b-2ec3-4db0-9749-54a59d16dcc8-groupManagement] INFO  storage.RaftStorageDirectory (RaftStorageDirectoryImpl.java:analyzeStorage(138)) - The storage directory /home/runner/work/ozone/ozone/hadoop-ozone/integration-test/target/test-dir/MiniOzoneClusterImpl-ffd4f26c-0daa-4d09-bef2-86add17b79f3/ozone-metadata/datanode-1/ratis/4f494820-e9af-46db-adfc-82d83097cc3e does not exist. Creating ...
2025-09-28 08:46:44,901 [ad6ddb9b-2ec3-4db0-9749-54a59d16dcc8-groupManagement] INFO  storage.RaftStorageDirectory (RaftStorageDirectoryImpl.java:tryLock(229)) - Lock on /home/runner/work/ozone/ozone/hadoop-ozone/integration-test/target/test-dir/MiniOzoneClusterImpl-ffd4f26c-0daa-4d09-bef2-86add17b79f3/ozone-metadata/datanode-1/ratis/4f494820-e9af-46db-adfc-82d83097cc3e/in_use.lock acquired by nodename 129489@localhost
2025-09-28 08:46:44,902 [ad6ddb9b-2ec3-4db0-9749-54a59d16dcc8-groupManagement] INFO  storage.RaftStorage (RaftStorageImpl.java:format(98)) - Storage directory /home/runner/work/ozone/ozone/hadoop-ozone/integration-test/target/test-dir/MiniOzoneClusterImpl-ffd4f26c-0daa-4d09-bef2-86add17b79f3/ozone-metadata/datanode-1/ratis/4f494820-e9af-46db-adfc-82d83097cc3e has been successfully formatted.
2025-09-28 08:46:44,902 [ad6ddb9b-2ec3-4db0-9749-54a59d16dcc8-groupManagement] INFO  ratis.ContainerStateMachine (ContainerStateMachine.java:initialize(339)) - ad6ddb9b-2ec3-4db0-9749-54a59d16dcc8: initialize group-82D83097CC3E
2025-09-28 08:46:44,902 [ad6ddb9b-2ec3-4db0-9749-54a59d16dcc8-groupManagement] INFO  ratis.ContainerStateMachine (ContainerStateMachine.java:loadSnapshot(347)) - group-82D83097CC3E: The snapshot info is null. Setting the last applied index to:<INITIAL_VALUE>
2025-09-28 08:46:44,903 [ad6ddb9b-2ec3-4db0-9749-54a59d16dcc8-groupManagement] INFO  server.RaftServerConfigKeys (ConfUtils.java:logGet(62)) - raft.server.log.appender.buffer.byte-limit = 33554432 (custom)
2025-09-28 08:46:44,904 [ad6ddb9b-2ec3-4db0-9749-54a59d16dcc8-groupManagement] INFO  server.RaftServerConfigKeys (ConfUtils.java:logGet(62)) - raft.server.log.segment.size.max = 67108864 (custom)
2025-09-28 08:46:44,904 [ad6ddb9b-2ec3-4db0-9749-54a59d16dcc8-groupManagement] INFO  server.RaftServerConfigKeys (ConfUtils.java:logGet(62)) - raft.server.log.appender.buffer.byte-limit = 33554432 (custom)
2025-09-28 08:46:44,904 [ad6ddb9b-2ec3-4db0-9749-54a59d16dcc8-groupManagement] INFO  util.AwaitToRun (AwaitToRun.java:start(81)) - Thread[#1886,ad6ddb9b-2ec3-4db0-9749-54a59d16dcc8@group-82D83097CC3E-cacheEviction-AwaitToRun,5,main] started
2025-09-28 08:46:44,904 [ad6ddb9b-2ec3-4db0-9749-54a59d16dcc8-groupManagement] INFO  segmented.SegmentedRaftLogWorker (SegmentedRaftLogWorker.java:<init>(190)) - new ad6ddb9b-2ec3-4db0-9749-54a59d16dcc8@group-82D83097CC3E-SegmentedRaftLogWorker for RaftStorageImpl:Storage Directory /home/runner/work/ozone/ozone/hadoop-ozone/integration-test/target/test-dir/MiniOzoneClusterImpl-ffd4f26c-0daa-4d09-bef2-86add17b79f3/ozone-metadata/datanode-1/ratis/4f494820-e9af-46db-adfc-82d83097cc3e
2025-09-28 08:46:44,904 [ad6ddb9b-2ec3-4db0-9749-54a59d16dcc8-groupManagement] INFO  server.RaftServerConfigKeys (ConfUtils.java:logGet(62)) - raft.server.log.queue.byte-limit = 4294967296 (custom)
2025-09-28 08:46:44,904 [ad6ddb9b-2ec3-4db0-9749-54a59d16dcc8-groupManagement] INFO  server.RaftServerConfigKeys (ConfUtils.java:logGet(62)) - raft.server.log.queue.element-limit = 1024 (custom)
2025-09-28 08:46:44,904 [ad6ddb9b-2ec3-4db0-9749-54a59d16dcc8-groupManagement] INFO  server.RaftServerConfigKeys (ConfUtils.java:logGet(62)) - raft.server.log.segment.size.max = 67108864 (custom)
2025-09-28 08:46:44,904 [ad6ddb9b-2ec3-4db0-9749-54a59d16dcc8-groupManagement] INFO  server.RaftServerConfigKeys (ConfUtils.java:logGet(62)) - raft.server.log.preallocated.size = 4194304 (custom)
2025-09-28 08:46:44,904 [ad6ddb9b-2ec3-4db0-9749-54a59d16dcc8-groupManagement] INFO  server.RaftServerConfigKeys (ConfUtils.java:logGet(62)) - raft.server.log.statemachine.data.sync.timeout.retry = 30 (custom)
2025-09-28 08:46:44,905 [ad6ddb9b-2ec3-4db0-9749-54a59d16dcc8-groupManagement] INFO  server.RaftServerConfigKeys (ConfUtils.java:logGet(62)) - raft.server.log.write.buffer.size = 33554440 (custom)
2025-09-28 08:46:44,904 [EventQueue-PipelineReportForOneReplicaPipelineSafeModeRule] INFO  safemode.SCMSafeModeManager (SCMSafeModeManager.java:validateSafeModeExitRules(138)) - AtleastOneDatanodeReportedRule rule is successfully validated
2025-09-28 08:46:44,908 [a4a824a0-2283-4935-bdba-9632c468a4b2@group-86ADD17B79F3-StateMachineUpdater] INFO  safemode.SCMSafeModeManager (SCMSafeModeManager.java:validateSafeModeExitRules(138)) - DataNodeSafeModeRule rule is successfully validated
2025-09-28 08:46:44,908 [a4a824a0-2283-4935-bdba-9632c468a4b2@group-86ADD17B79F3-StateMachineUpdater] INFO  safemode.SCMSafeModeManager (SCMSafeModeManager.java:validateSafeModeExitRules(138)) - RatisContainerSafeModeRule rule is successfully validated
2025-09-28 08:46:44,908 [a4a824a0-2283-4935-bdba-9632c468a4b2@group-86ADD17B79F3-StateMachineUpdater] INFO  safemode.HealthyPipelineSafeModeRule (HealthyPipelineSafeModeRule.java:initializeRule(228)) - Refreshed total pipeline count is 0, healthy pipeline threshold count is 1
2025-09-28 08:46:44,908 [a4a824a0-2283-4935-bdba-9632c468a4b2@group-86ADD17B79F3-StateMachineUpdater] INFO  safemode.SCMSafeModeManager (SCMSafeModeManager.java:validateSafeModeExitRules(138)) - ECContainerSafeModeRule rule is successfully validated
2025-09-28 08:46:44,908 [a4a824a0-2283-4935-bdba-9632c468a4b2@group-86ADD17B79F3-StateMachineUpdater] INFO  safemode.SCMSafeModeManager (SCMSafeModeManager.java:validateSafeModeExitRules(138)) - AtleastOneDatanodeReportedRule rule is successfully validated
2025-09-28 08:46:44,908 [EventQueue-PipelineReportForPipelineReportHandler] INFO  pipeline.PipelineReportHandler (PipelineReportHandler.java:processPipelineReport(132)) - Opened pipeline Pipeline-4f494820-e9af-46db-adfc-82d83097cc3e
2025-09-28 08:46:44,913 [ad6ddb9b-2ec3-4db0-9749-54a59d16dcc8-groupManagement] INFO  server.RaftServerConfigKeys (ConfUtils.java:logGet(62)) - raft.server.log.appender.buffer.byte-limit = 33554432 (custom)
2025-09-28 08:46:44,914 [ad6ddb9b-2ec3-4db0-9749-54a59d16dcc8-groupManagement] INFO  server.RaftServerConfigKeys (ConfUtils.java:logGet(62)) - raft.server.log.statemachine.data.caching.enabled = true (custom)
2025-09-28 08:46:44,914 [ad6ddb9b-2ec3-4db0-9749-54a59d16dcc8-groupManagement] INFO  segmented.SegmentedRaftLogWorker (SegmentedRaftLogWorker.java:lambda$new$0(141)) - ad6ddb9b-2ec3-4db0-9749-54a59d16dcc8@group-82D83097CC3E-SegmentedRaftLogWorker: flushIndex: setUnconditionally 0 -> -1
2025-09-28 08:46:44,914 [ad6ddb9b-2ec3-4db0-9749-54a59d16dcc8-groupManagement] INFO  segmented.SegmentedRaftLogWorker (SegmentedRaftLogWorker.java:lambda$new$0(141)) - ad6ddb9b-2ec3-4db0-9749-54a59d16dcc8@group-82D83097CC3E-SegmentedRaftLogWorker: safeCacheEvictIndex: setUnconditionally 0 -> -1
2025-09-28 08:46:44,914 [ad6ddb9b-2ec3-4db0-9749-54a59d16dcc8-groupManagement] INFO  server.RaftServer$Division (RaftServerImpl.java:start(405)) - ad6ddb9b-2ec3-4db0-9749-54a59d16dcc8@group-82D83097CC3E: start as a follower, conf=conf: {index: -1, cur=peers:[ad6ddb9b-2ec3-4db0-9749-54a59d16dcc8|127.0.0.1:15049]|listeners:[], old=null}
2025-09-28 08:46:44,914 [ad6ddb9b-2ec3-4db0-9749-54a59d16dcc8-groupManagement] INFO  server.RaftServer$Division (RaftServerImpl.java:setRole(392)) - ad6ddb9b-2ec3-4db0-9749-54a59d16dcc8@group-82D83097CC3E: changes role from      null to FOLLOWER at term 0 for startAsFollower
2025-09-28 08:46:44,914 [ad6ddb9b-2ec3-4db0-9749-54a59d16dcc8-groupManagement] INFO  impl.RoleInfo (RoleInfo.java:updateAndGet(148)) - ad6ddb9b-2ec3-4db0-9749-54a59d16dcc8: start ad6ddb9b-2ec3-4db0-9749-54a59d16dcc8@group-82D83097CC3E-FollowerState
2025-09-28 08:46:44,915 [ad6ddb9b-2ec3-4db0-9749-54a59d16dcc8-groupManagement] INFO  util.JmxRegister (JmxRegister.java:tryRegister(44)) - Successfully registered JMX Bean with object name Ratis:service=RaftServer,group=group-82D83097CC3E,id=ad6ddb9b-2ec3-4db0-9749-54a59d16dcc8
2025-09-28 08:46:44,915 [ad6ddb9b-2ec3-4db0-9749-54a59d16dcc8-groupManagement] INFO  util.JmxRegister (JmxRegister.java:register(58)) - register mxBean class org.apache.ratis.server.impl.RaftServerJmxAdapter as Ratis:service=RaftServer,group=group-82D83097CC3E,id=ad6ddb9b-2ec3-4db0-9749-54a59d16dcc8
2025-09-28 08:46:44,915 [ad6ddb9b-2ec3-4db0-9749-54a59d16dcc8-groupManagement] INFO  server.RaftServerConfigKeys (ConfUtils.java:logGet(62)) - raft.server.snapshot.auto.trigger.threshold = 100000 (custom)
2025-09-28 08:46:44,915 [ad6ddb9b-2ec3-4db0-9749-54a59d16dcc8-groupManagement] INFO  server.RaftServerConfigKeys (ConfUtils.java:logGet(62)) - raft.server.snapshot.retention.file.num = 5 (custom)
2025-09-28 08:46:44,915 [ad6ddb9b-2ec3-4db0-9749-54a59d16dcc8-groupManagement] INFO  server.RaftServerConfigKeys (ConfUtils.java:logGet(62)) - raft.server.log.purge.upto.snapshot.index = false (default)
2025-09-28 08:46:44,915 [ad6ddb9b-2ec3-4db0-9749-54a59d16dcc8-groupManagement] INFO  server.RaftServer$Division (RaftServerImpl.java:start(419)) - ad6ddb9b-2ec3-4db0-9749-54a59d16dcc8@group-82D83097CC3E: Successfully started.
2025-09-28 08:46:44,916 [ad6ddb9b-2ec3-4db0-9749-54a59d16dcc8-CreatePipelineCommandHandlerThread-0] INFO  ratis.XceiverServerRatis (XceiverServerRatis.java:addGroup(839)) - Created group Pipeline-4f494820-e9af-46db-adfc-82d83097cc3e
2025-09-28 08:46:44,916 [ad6ddb9b-2ec3-4db0-9749-54a59d16dcc8-CreatePipelineCommandHandlerThread-0] INFO  commandhandler.CreatePipelineCommandHandler (CreatePipelineCommandHandler.java:lambda$handle$2(141)) - Created Pipeline RATIS ONE Pipeline-4f494820-e9af-46db-adfc-82d83097cc3e.
2025-09-28 08:46:44,916 [ad6ddb9b-2ec3-4db0-9749-54a59d16dcc8-CreatePipelineCommandHandlerThread-0] INFO  server.RaftServer (RaftServerProxy.java:addNew(105)) - ad6ddb9b-2ec3-4db0-9749-54a59d16dcc8: addNew group-466440D82061:[ad6ddb9b-2ec3-4db0-9749-54a59d16dcc8|127.0.0.1:15049, 128ca0df-c3af-4349-97d3-3b5d7a5e16d4|127.0.0.1:15057, 7493dade-fd93-43aa-a8ed-41de39203fc7|127.0.0.1:15065] returns group-466440D82061:java.util.concurrent.CompletableFuture@2ede87ff[Not completed]
2025-09-28 08:46:44,917 [ad6ddb9b-2ec3-4db0-9749-54a59d16dcc8-groupManagement] INFO  server.RaftServer$Division (RaftServerImpl.java:<init>(268)) - ad6ddb9b-2ec3-4db0-9749-54a59d16dcc8: new RaftServerImpl for group-466440D82061:[ad6ddb9b-2ec3-4db0-9749-54a59d16dcc8|127.0.0.1:15049, 128ca0df-c3af-4349-97d3-3b5d7a5e16d4|127.0.0.1:15057, 7493dade-fd93-43aa-a8ed-41de39203fc7|127.0.0.1:15065] with ContainerStateMachine:uninitialized
2025-09-28 08:46:44,918 [ad6ddb9b-2ec3-4db0-9749-54a59d16dcc8-groupManagement] INFO  server.RaftServer$Division (ServerState.java:<init>(114)) - ad6ddb9b-2ec3-4db0-9749-54a59d16dcc8@group-466440D82061: ConfigurationManager, init=conf: {index: -1, cur=peers:[ad6ddb9b-2ec3-4db0-9749-54a59d16dcc8|127.0.0.1:15049, 128ca0df-c3af-4349-97d3-3b5d7a5e16d4|127.0.0.1:15057, 7493dade-fd93-43aa-a8ed-41de39203fc7|127.0.0.1:15065]|listeners:[], old=null}, confs=<EMPTY_MAP>
2025-09-28 08:46:44,920 [ad6ddb9b-2ec3-4db0-9749-54a59d16dcc8-groupManagement] INFO  storage.RaftStorageDirectory (RaftStorageDirectoryImpl.java:analyzeStorage(138)) - The storage directory /home/runner/work/ozone/ozone/hadoop-ozone/integration-test/target/test-dir/MiniOzoneClusterImpl-ffd4f26c-0daa-4d09-bef2-86add17b79f3/ozone-metadata/datanode-1/ratis/ead6980e-d25d-4ed2-9943-466440d82061 does not exist. Creating ...
2025-09-28 08:46:44,921 [ad6ddb9b-2ec3-4db0-9749-54a59d16dcc8-groupManagement] INFO  storage.RaftStorageDirectory (RaftStorageDirectoryImpl.java:tryLock(229)) - Lock on /home/runner/work/ozone/ozone/hadoop-ozone/integration-test/target/test-dir/MiniOzoneClusterImpl-ffd4f26c-0daa-4d09-bef2-86add17b79f3/ozone-metadata/datanode-1/ratis/ead6980e-d25d-4ed2-9943-466440d82061/in_use.lock acquired by nodename 129489@localhost
2025-09-28 08:46:44,922 [ad6ddb9b-2ec3-4db0-9749-54a59d16dcc8-groupManagement] INFO  storage.RaftStorage (RaftStorageImpl.java:format(98)) - Storage directory /home/runner/work/ozone/ozone/hadoop-ozone/integration-test/target/test-dir/MiniOzoneClusterImpl-ffd4f26c-0daa-4d09-bef2-86add17b79f3/ozone-metadata/datanode-1/ratis/ead6980e-d25d-4ed2-9943-466440d82061 has been successfully formatted.
2025-09-28 08:46:44,922 [ad6ddb9b-2ec3-4db0-9749-54a59d16dcc8-groupManagement] INFO  ratis.ContainerStateMachine (ContainerStateMachine.java:initialize(339)) - ad6ddb9b-2ec3-4db0-9749-54a59d16dcc8: initialize group-466440D82061
2025-09-28 08:46:44,922 [ad6ddb9b-2ec3-4db0-9749-54a59d16dcc8-groupManagement] INFO  ratis.ContainerStateMachine (ContainerStateMachine.java:loadSnapshot(347)) - group-466440D82061: The snapshot info is null. Setting the last applied index to:<INITIAL_VALUE>
2025-09-28 08:46:44,922 [ad6ddb9b-2ec3-4db0-9749-54a59d16dcc8-groupManagement] INFO  server.RaftServerConfigKeys (ConfUtils.java:logGet(62)) - raft.server.log.appender.buffer.byte-limit = 33554432 (custom)
2025-09-28 08:46:44,923 [ad6ddb9b-2ec3-4db0-9749-54a59d16dcc8-groupManagement] INFO  server.RaftServerConfigKeys (ConfUtils.java:logGet(62)) - raft.server.log.segment.size.max = 67108864 (custom)
2025-09-28 08:46:44,923 [ad6ddb9b-2ec3-4db0-9749-54a59d16dcc8-groupManagement] INFO  server.RaftServerConfigKeys (ConfUtils.java:logGet(62)) - raft.server.log.appender.buffer.byte-limit = 33554432 (custom)
2025-09-28 08:46:44,923 [EventQueue-PipelineReportForOneReplicaPipelineSafeModeRule] INFO  safemode.SCMSafeModeManager (SCMSafeModeManager.java:validateSafeModeExitRules(138)) - AtleastOneDatanodeReportedRule rule is successfully validated
2025-09-28 08:46:44,924 [ad6ddb9b-2ec3-4db0-9749-54a59d16dcc8-groupManagement] INFO  util.AwaitToRun (AwaitToRun.java:start(81)) - Thread[#1891,ad6ddb9b-2ec3-4db0-9749-54a59d16dcc8@group-466440D82061-cacheEviction-AwaitToRun,5,main] started
2025-09-28 08:46:44,924 [ad6ddb9b-2ec3-4db0-9749-54a59d16dcc8-groupManagement] INFO  segmented.SegmentedRaftLogWorker (SegmentedRaftLogWorker.java:<init>(190)) - new ad6ddb9b-2ec3-4db0-9749-54a59d16dcc8@group-466440D82061-SegmentedRaftLogWorker for RaftStorageImpl:Storage Directory /home/runner/work/ozone/ozone/hadoop-ozone/integration-test/target/test-dir/MiniOzoneClusterImpl-ffd4f26c-0daa-4d09-bef2-86add17b79f3/ozone-metadata/datanode-1/ratis/ead6980e-d25d-4ed2-9943-466440d82061
2025-09-28 08:46:44,924 [ad6ddb9b-2ec3-4db0-9749-54a59d16dcc8-groupManagement] INFO  server.RaftServerConfigKeys (ConfUtils.java:logGet(62)) - raft.server.log.queue.byte-limit = 4294967296 (custom)
2025-09-28 08:46:44,924 [ad6ddb9b-2ec3-4db0-9749-54a59d16dcc8-groupManagement] INFO  server.RaftServerConfigKeys (ConfUtils.java:logGet(62)) - raft.server.log.segment.size.max = 67108864 (custom)
2025-09-28 08:46:44,924 [ad6ddb9b-2ec3-4db0-9749-54a59d16dcc8-groupManagement] INFO  server.RaftServerConfigKeys (ConfUtils.java:logGet(62)) - raft.server.log.preallocated.size = 4194304 (custom)
2025-09-28 08:46:44,924 [ad6ddb9b-2ec3-4db0-9749-54a59d16dcc8-groupManagement] INFO  server.RaftServerConfigKeys (ConfUtils.java:logGet(62)) - raft.server.log.write.buffer.size = 33554440 (custom)
2025-09-28 08:46:44,933 [ad6ddb9b-2ec3-4db0-9749-54a59d16dcc8-groupManagement] INFO  server.RaftServerConfigKeys (ConfUtils.java:logGet(62)) - raft.server.log.appender.buffer.byte-limit = 33554432 (custom)
2025-09-28 08:46:44,933 [ad6ddb9b-2ec3-4db0-9749-54a59d16dcc8-groupManagement] INFO  segmented.SegmentedRaftLogWorker (SegmentedRaftLogWorker.java:lambda$new$0(141)) - ad6ddb9b-2ec3-4db0-9749-54a59d16dcc8@group-466440D82061-SegmentedRaftLogWorker: flushIndex: setUnconditionally 0 -> -1
2025-09-28 08:46:44,933 [ad6ddb9b-2ec3-4db0-9749-54a59d16dcc8-groupManagement] INFO  segmented.SegmentedRaftLogWorker (SegmentedRaftLogWorker.java:lambda$new$0(141)) - ad6ddb9b-2ec3-4db0-9749-54a59d16dcc8@group-466440D82061-SegmentedRaftLogWorker: safeCacheEvictIndex: setUnconditionally 0 -> -1
2025-09-28 08:46:44,934 [ad6ddb9b-2ec3-4db0-9749-54a59d16dcc8-groupManagement] INFO  server.RaftServer$Division (RaftServerImpl.java:start(405)) - ad6ddb9b-2ec3-4db0-9749-54a59d16dcc8@group-466440D82061: start as a follower, conf=conf: {index: -1, cur=peers:[ad6ddb9b-2ec3-4db0-9749-54a59d16dcc8|127.0.0.1:15049, 128ca0df-c3af-4349-97d3-3b5d7a5e16d4|127.0.0.1:15057, 7493dade-fd93-43aa-a8ed-41de39203fc7|127.0.0.1:15065]|listeners:[], old=null}
2025-09-28 08:46:44,934 [ad6ddb9b-2ec3-4db0-9749-54a59d16dcc8-groupManagement] INFO  server.RaftServer$Division (RaftServerImpl.java:setRole(392)) - ad6ddb9b-2ec3-4db0-9749-54a59d16dcc8@group-466440D82061: changes role from      null to FOLLOWER at term 0 for startAsFollower
2025-09-28 08:46:44,934 [ad6ddb9b-2ec3-4db0-9749-54a59d16dcc8-groupManagement] INFO  impl.RoleInfo (RoleInfo.java:updateAndGet(148)) - ad6ddb9b-2ec3-4db0-9749-54a59d16dcc8: start ad6ddb9b-2ec3-4db0-9749-54a59d16dcc8@group-466440D82061-FollowerState
2025-09-28 08:46:44,934 [ad6ddb9b-2ec3-4db0-9749-54a59d16dcc8-groupManagement] INFO  util.JmxRegister (JmxRegister.java:tryRegister(44)) - Successfully registered JMX Bean with object name Ratis:service=RaftServer,group=group-466440D82061,id=ad6ddb9b-2ec3-4db0-9749-54a59d16dcc8
2025-09-28 08:46:44,934 [ad6ddb9b-2ec3-4db0-9749-54a59d16dcc8-groupManagement] INFO  util.JmxRegister (JmxRegister.java:register(58)) - register mxBean class org.apache.ratis.server.impl.RaftServerJmxAdapter as Ratis:service=RaftServer,group=group-466440D82061,id=ad6ddb9b-2ec3-4db0-9749-54a59d16dcc8
2025-09-28 08:46:44,935 [ad6ddb9b-2ec3-4db0-9749-54a59d16dcc8-groupManagement] INFO  server.RaftServer$Division (RaftServerImpl.java:start(419)) - ad6ddb9b-2ec3-4db0-9749-54a59d16dcc8@group-466440D82061: Successfully started.
2025-09-28 08:46:44,935 [ad6ddb9b-2ec3-4db0-9749-54a59d16dcc8-CreatePipelineCommandHandlerThread-0] INFO  ratis.XceiverServerRatis (XceiverServerRatis.java:addGroup(839)) - Created group Pipeline-ead6980e-d25d-4ed2-9943-466440d82061
2025-09-28 08:46:44,943 [grpc-default-executor-8] INFO  server.RaftServer (RaftServerProxy.java:addNew(105)) - 7493dade-fd93-43aa-a8ed-41de39203fc7: addNew group-466440D82061:[ad6ddb9b-2ec3-4db0-9749-54a59d16dcc8|127.0.0.1:15049, 128ca0df-c3af-4349-97d3-3b5d7a5e16d4|127.0.0.1:15057, 7493dade-fd93-43aa-a8ed-41de39203fc7|127.0.0.1:15065] returns group-466440D82061:java.util.concurrent.CompletableFuture@7a8992f[Not completed]
2025-09-28 08:46:44,944 [7493dade-fd93-43aa-a8ed-41de39203fc7-groupManagement] INFO  server.RaftServer$Division (RaftServerImpl.java:<init>(268)) - 7493dade-fd93-43aa-a8ed-41de39203fc7: new RaftServerImpl for group-466440D82061:[ad6ddb9b-2ec3-4db0-9749-54a59d16dcc8|127.0.0.1:15049, 128ca0df-c3af-4349-97d3-3b5d7a5e16d4|127.0.0.1:15057, 7493dade-fd93-43aa-a8ed-41de39203fc7|127.0.0.1:15065] with ContainerStateMachine:uninitialized
2025-09-28 08:46:44,944 [7493dade-fd93-43aa-a8ed-41de39203fc7-groupManagement] INFO  server.RaftServer$Division (ServerState.java:<init>(114)) - 7493dade-fd93-43aa-a8ed-41de39203fc7@group-466440D82061: ConfigurationManager, init=conf: {index: -1, cur=peers:[ad6ddb9b-2ec3-4db0-9749-54a59d16dcc8|127.0.0.1:15049, 128ca0df-c3af-4349-97d3-3b5d7a5e16d4|127.0.0.1:15057, 7493dade-fd93-43aa-a8ed-41de39203fc7|127.0.0.1:15065]|listeners:[], old=null}, confs=<EMPTY_MAP>
2025-09-28 08:46:44,947 [7493dade-fd93-43aa-a8ed-41de39203fc7-groupManagement] INFO  server.RaftServerConfigKeys (ConfUtils.java:logGet(62)) - raft.server.storage.dir = [/home/runner/work/ozone/ozone/hadoop-ozone/integration-test/target/test-dir/MiniOzoneClusterImpl-ffd4f26c-0daa-4d09-bef2-86add17b79f3/ozone-metadata/datanode-3/ratis] (custom)
2025-09-28 08:46:44,947 [7493dade-fd93-43aa-a8ed-41de39203fc7-groupManagement] INFO  storage.RaftStorageDirectory (RaftStorageDirectoryImpl.java:analyzeStorage(138)) - The storage directory /home/runner/work/ozone/ozone/hadoop-ozone/integration-test/target/test-dir/MiniOzoneClusterImpl-ffd4f26c-0daa-4d09-bef2-86add17b79f3/ozone-metadata/datanode-3/ratis/ead6980e-d25d-4ed2-9943-466440d82061 does not exist. Creating ...
2025-09-28 08:46:44,950 [7493dade-fd93-43aa-a8ed-41de39203fc7-groupManagement] INFO  storage.RaftStorageDirectory (RaftStorageDirectoryImpl.java:tryLock(229)) - Lock on /home/runner/work/ozone/ozone/hadoop-ozone/integration-test/target/test-dir/MiniOzoneClusterImpl-ffd4f26c-0daa-4d09-bef2-86add17b79f3/ozone-metadata/datanode-3/ratis/ead6980e-d25d-4ed2-9943-466440d82061/in_use.lock acquired by nodename 129489@localhost
2025-09-28 08:46:44,951 [7493dade-fd93-43aa-a8ed-41de39203fc7-groupManagement] INFO  storage.RaftStorage (RaftStorageImpl.java:format(98)) - Storage directory /home/runner/work/ozone/ozone/hadoop-ozone/integration-test/target/test-dir/MiniOzoneClusterImpl-ffd4f26c-0daa-4d09-bef2-86add17b79f3/ozone-metadata/datanode-3/ratis/ead6980e-d25d-4ed2-9943-466440d82061 has been successfully formatted.
2025-09-28 08:46:44,952 [7493dade-fd93-43aa-a8ed-41de39203fc7-groupManagement] INFO  ratis.ContainerStateMachine (ContainerStateMachine.java:initialize(339)) - 7493dade-fd93-43aa-a8ed-41de39203fc7: initialize group-466440D82061
2025-09-28 08:46:44,952 [7493dade-fd93-43aa-a8ed-41de39203fc7-groupManagement] INFO  ratis.ContainerStateMachine (ContainerStateMachine.java:loadSnapshot(347)) - group-466440D82061: The snapshot info is null. Setting the last applied index to:<INITIAL_VALUE>
2025-09-28 08:46:44,952 [7493dade-fd93-43aa-a8ed-41de39203fc7-groupManagement] INFO  server.RaftServerConfigKeys (ConfUtils.java:logGet(62)) - raft.server.log.appender.buffer.byte-limit = 33554432 (custom)
2025-09-28 08:46:44,953 [7493dade-fd93-43aa-a8ed-41de39203fc7-groupManagement] INFO  server.RaftServerConfigKeys (ConfUtils.java:logGet(62)) - raft.server.log.segment.size.max = 67108864 (custom)
2025-09-28 08:46:44,954 [7493dade-fd93-43aa-a8ed-41de39203fc7-groupManagement] INFO  server.RaftServerConfigKeys (ConfUtils.java:logGet(62)) - raft.server.log.appender.buffer.byte-limit = 33554432 (custom)
2025-09-28 08:46:44,956 [7493dade-fd93-43aa-a8ed-41de39203fc7-groupManagement] INFO  util.AwaitToRun (AwaitToRun.java:start(81)) - Thread[#1896,7493dade-fd93-43aa-a8ed-41de39203fc7@group-466440D82061-cacheEviction-AwaitToRun,5,main] started
2025-09-28 08:46:44,956 [7493dade-fd93-43aa-a8ed-41de39203fc7-groupManagement] INFO  segmented.SegmentedRaftLogWorker (SegmentedRaftLogWorker.java:<init>(190)) - new 7493dade-fd93-43aa-a8ed-41de39203fc7@group-466440D82061-SegmentedRaftLogWorker for RaftStorageImpl:Storage Directory /home/runner/work/ozone/ozone/hadoop-ozone/integration-test/target/test-dir/MiniOzoneClusterImpl-ffd4f26c-0daa-4d09-bef2-86add17b79f3/ozone-metadata/datanode-3/ratis/ead6980e-d25d-4ed2-9943-466440d82061
2025-09-28 08:46:44,956 [7493dade-fd93-43aa-a8ed-41de39203fc7-groupManagement] INFO  server.RaftServerConfigKeys (ConfUtils.java:logGet(62)) - raft.server.log.queue.byte-limit = 4294967296 (custom)
2025-09-28 08:46:44,956 [7493dade-fd93-43aa-a8ed-41de39203fc7-groupManagement] INFO  server.RaftServerConfigKeys (ConfUtils.java:logGet(62)) - raft.server.log.segment.size.max = 67108864 (custom)
2025-09-28 08:46:44,956 [7493dade-fd93-43aa-a8ed-41de39203fc7-groupManagement] INFO  server.RaftServerConfigKeys (ConfUtils.java:logGet(62)) - raft.server.log.preallocated.size = 4194304 (custom)
2025-09-28 08:46:44,956 [7493dade-fd93-43aa-a8ed-41de39203fc7-groupManagement] INFO  server.RaftServerConfigKeys (ConfUtils.java:logGet(62)) - raft.server.log.write.buffer.size = 33554440 (custom)
2025-09-28 08:46:44,959 [EventQueue-PipelineReportForOneReplicaPipelineSafeModeRule] INFO  safemode.SCMSafeModeManager (SCMSafeModeManager.java:validateSafeModeExitRules(138)) - AtleastOneDatanodeReportedRule rule is successfully validated
2025-09-28 08:46:44,967 [7493dade-fd93-43aa-a8ed-41de39203fc7-groupManagement] INFO  server.RaftServerConfigKeys (ConfUtils.java:logGet(62)) - raft.server.log.appender.buffer.byte-limit = 33554432 (custom)
2025-09-28 08:46:44,967 [7493dade-fd93-43aa-a8ed-41de39203fc7-groupManagement] INFO  segmented.SegmentedRaftLogWorker (SegmentedRaftLogWorker.java:lambda$new$0(141)) - 7493dade-fd93-43aa-a8ed-41de39203fc7@group-466440D82061-SegmentedRaftLogWorker: flushIndex: setUnconditionally 0 -> -1
2025-09-28 08:46:44,967 [7493dade-fd93-43aa-a8ed-41de39203fc7-groupManagement] INFO  segmented.SegmentedRaftLogWorker (SegmentedRaftLogWorker.java:lambda$new$0(141)) - 7493dade-fd93-43aa-a8ed-41de39203fc7@group-466440D82061-SegmentedRaftLogWorker: safeCacheEvictIndex: setUnconditionally 0 -> -1
2025-09-28 08:46:44,968 [7493dade-fd93-43aa-a8ed-41de39203fc7-groupManagement] INFO  server.RaftServer$Division (RaftServerImpl.java:start(405)) - 7493dade-fd93-43aa-a8ed-41de39203fc7@group-466440D82061: start as a follower, conf=conf: {index: -1, cur=peers:[ad6ddb9b-2ec3-4db0-9749-54a59d16dcc8|127.0.0.1:15049, 128ca0df-c3af-4349-97d3-3b5d7a5e16d4|127.0.0.1:15057, 7493dade-fd93-43aa-a8ed-41de39203fc7|127.0.0.1:15065]|listeners:[], old=null}
2025-09-28 08:46:44,968 [7493dade-fd93-43aa-a8ed-41de39203fc7-groupManagement] INFO  server.RaftServer$Division (RaftServerImpl.java:setRole(392)) - 7493dade-fd93-43aa-a8ed-41de39203fc7@group-466440D82061: changes role from      null to FOLLOWER at term 0 for startAsFollower
2025-09-28 08:46:44,968 [7493dade-fd93-43aa-a8ed-41de39203fc7-groupManagement] INFO  impl.RoleInfo (RoleInfo.java:updateAndGet(148)) - 7493dade-fd93-43aa-a8ed-41de39203fc7: start 7493dade-fd93-43aa-a8ed-41de39203fc7@group-466440D82061-FollowerState
2025-09-28 08:46:44,969 [7493dade-fd93-43aa-a8ed-41de39203fc7-groupManagement] INFO  util.JmxRegister (JmxRegister.java:tryRegister(44)) - Successfully registered JMX Bean with object name Ratis:service=RaftServer,group=group-466440D82061,id=7493dade-fd93-43aa-a8ed-41de39203fc7
2025-09-28 08:46:44,969 [7493dade-fd93-43aa-a8ed-41de39203fc7-groupManagement] INFO  util.JmxRegister (JmxRegister.java:register(58)) - register mxBean class org.apache.ratis.server.impl.RaftServerJmxAdapter as Ratis:service=RaftServer,group=group-466440D82061,id=7493dade-fd93-43aa-a8ed-41de39203fc7
2025-09-28 08:46:44,971 [7493dade-fd93-43aa-a8ed-41de39203fc7-groupManagement] INFO  server.RaftServer$Division (RaftServerImpl.java:start(419)) - 7493dade-fd93-43aa-a8ed-41de39203fc7@group-466440D82061: Successfully started.
2025-09-28 08:46:44,985 [grpc-default-executor-8] INFO  server.RaftServer (RaftServerProxy.java:addNew(105)) - 128ca0df-c3af-4349-97d3-3b5d7a5e16d4: addNew group-466440D82061:[ad6ddb9b-2ec3-4db0-9749-54a59d16dcc8|127.0.0.1:15049, 128ca0df-c3af-4349-97d3-3b5d7a5e16d4|127.0.0.1:15057, 7493dade-fd93-43aa-a8ed-41de39203fc7|127.0.0.1:15065] returns group-466440D82061:java.util.concurrent.CompletableFuture@282fea72[Not completed]
2025-09-28 08:46:44,987 [128ca0df-c3af-4349-97d3-3b5d7a5e16d4-groupManagement] INFO  server.RaftServer$Division (RaftServerImpl.java:<init>(268)) - 128ca0df-c3af-4349-97d3-3b5d7a5e16d4: new RaftServerImpl for group-466440D82061:[ad6ddb9b-2ec3-4db0-9749-54a59d16dcc8|127.0.0.1:15049, 128ca0df-c3af-4349-97d3-3b5d7a5e16d4|127.0.0.1:15057, 7493dade-fd93-43aa-a8ed-41de39203fc7|127.0.0.1:15065] with ContainerStateMachine:uninitialized
2025-09-28 08:46:44,987 [128ca0df-c3af-4349-97d3-3b5d7a5e16d4-groupManagement] INFO  server.RaftServer$Division (ServerState.java:<init>(114)) - 128ca0df-c3af-4349-97d3-3b5d7a5e16d4@group-466440D82061: ConfigurationManager, init=conf: {index: -1, cur=peers:[ad6ddb9b-2ec3-4db0-9749-54a59d16dcc8|127.0.0.1:15049, 128ca0df-c3af-4349-97d3-3b5d7a5e16d4|127.0.0.1:15057, 7493dade-fd93-43aa-a8ed-41de39203fc7|127.0.0.1:15065]|listeners:[], old=null}, confs=<EMPTY_MAP>
2025-09-28 08:46:44,990 [128ca0df-c3af-4349-97d3-3b5d7a5e16d4-groupManagement] INFO  server.RaftServerConfigKeys (ConfUtils.java:logGet(62)) - raft.server.storage.dir = [/home/runner/work/ozone/ozone/hadoop-ozone/integration-test/target/test-dir/MiniOzoneClusterImpl-ffd4f26c-0daa-4d09-bef2-86add17b79f3/ozone-metadata/datanode-2/ratis] (custom)
2025-09-28 08:46:44,990 [128ca0df-c3af-4349-97d3-3b5d7a5e16d4-groupManagement] INFO  storage.RaftStorageDirectory (RaftStorageDirectoryImpl.java:analyzeStorage(138)) - The storage directory /home/runner/work/ozone/ozone/hadoop-ozone/integration-test/target/test-dir/MiniOzoneClusterImpl-ffd4f26c-0daa-4d09-bef2-86add17b79f3/ozone-metadata/datanode-2/ratis/ead6980e-d25d-4ed2-9943-466440d82061 does not exist. Creating ...
2025-09-28 08:46:44,991 [128ca0df-c3af-4349-97d3-3b5d7a5e16d4-groupManagement] INFO  storage.RaftStorageDirectory (RaftStorageDirectoryImpl.java:tryLock(229)) - Lock on /home/runner/work/ozone/ozone/hadoop-ozone/integration-test/target/test-dir/MiniOzoneClusterImpl-ffd4f26c-0daa-4d09-bef2-86add17b79f3/ozone-metadata/datanode-2/ratis/ead6980e-d25d-4ed2-9943-466440d82061/in_use.lock acquired by nodename 129489@localhost
2025-09-28 08:46:44,993 [128ca0df-c3af-4349-97d3-3b5d7a5e16d4-groupManagement] INFO  storage.RaftStorage (RaftStorageImpl.java:format(98)) - Storage directory /home/runner/work/ozone/ozone/hadoop-ozone/integration-test/target/test-dir/MiniOzoneClusterImpl-ffd4f26c-0daa-4d09-bef2-86add17b79f3/ozone-metadata/datanode-2/ratis/ead6980e-d25d-4ed2-9943-466440d82061 has been successfully formatted.
2025-09-28 08:46:44,993 [128ca0df-c3af-4349-97d3-3b5d7a5e16d4-groupManagement] INFO  ratis.ContainerStateMachine (ContainerStateMachine.java:initialize(339)) - 128ca0df-c3af-4349-97d3-3b5d7a5e16d4: initialize group-466440D82061
2025-09-28 08:46:44,993 [128ca0df-c3af-4349-97d3-3b5d7a5e16d4-groupManagement] INFO  ratis.ContainerStateMachine (ContainerStateMachine.java:loadSnapshot(347)) - group-466440D82061: The snapshot info is null. Setting the last applied index to:<INITIAL_VALUE>
2025-09-28 08:46:44,993 [128ca0df-c3af-4349-97d3-3b5d7a5e16d4-groupManagement] INFO  server.RaftServerConfigKeys (ConfUtils.java:logGet(62)) - raft.server.log.appender.buffer.byte-limit = 33554432 (custom)
2025-09-28 08:46:44,994 [128ca0df-c3af-4349-97d3-3b5d7a5e16d4-groupManagement] INFO  server.RaftServerConfigKeys (ConfUtils.java:logGet(62)) - raft.server.log.segment.size.max = 67108864 (custom)
2025-09-28 08:46:44,994 [128ca0df-c3af-4349-97d3-3b5d7a5e16d4-groupManagement] INFO  server.RaftServerConfigKeys (ConfUtils.java:logGet(62)) - raft.server.log.appender.buffer.byte-limit = 33554432 (custom)
2025-09-28 08:46:44,995 [128ca0df-c3af-4349-97d3-3b5d7a5e16d4-groupManagement] INFO  util.AwaitToRun (AwaitToRun.java:start(81)) - Thread[#1904,128ca0df-c3af-4349-97d3-3b5d7a5e16d4@group-466440D82061-cacheEviction-AwaitToRun,5,main] started
2025-09-28 08:46:44,995 [128ca0df-c3af-4349-97d3-3b5d7a5e16d4-groupManagement] INFO  segmented.SegmentedRaftLogWorker (SegmentedRaftLogWorker.java:<init>(190)) - new 128ca0df-c3af-4349-97d3-3b5d7a5e16d4@group-466440D82061-SegmentedRaftLogWorker for RaftStorageImpl:Storage Directory /home/runner/work/ozone/ozone/hadoop-ozone/integration-test/target/test-dir/MiniOzoneClusterImpl-ffd4f26c-0daa-4d09-bef2-86add17b79f3/ozone-metadata/datanode-2/ratis/ead6980e-d25d-4ed2-9943-466440d82061
2025-09-28 08:46:44,995 [128ca0df-c3af-4349-97d3-3b5d7a5e16d4-groupManagement] INFO  server.RaftServerConfigKeys (ConfUtils.java:logGet(62)) - raft.server.log.queue.byte-limit = 4294967296 (custom)
2025-09-28 08:46:44,995 [128ca0df-c3af-4349-97d3-3b5d7a5e16d4-groupManagement] INFO  server.RaftServerConfigKeys (ConfUtils.java:logGet(62)) - raft.server.log.segment.size.max = 67108864 (custom)
2025-09-28 08:46:44,995 [128ca0df-c3af-4349-97d3-3b5d7a5e16d4-groupManagement] INFO  server.RaftServerConfigKeys (ConfUtils.java:logGet(62)) - raft.server.log.preallocated.size = 4194304 (custom)
2025-09-28 08:46:44,995 [128ca0df-c3af-4349-97d3-3b5d7a5e16d4-groupManagement] INFO  server.RaftServerConfigKeys (ConfUtils.java:logGet(62)) - raft.server.log.write.buffer.size = 33554440 (custom)
2025-09-28 08:46:44,996 [EventQueue-PipelineReportForOneReplicaPipelineSafeModeRule] INFO  safemode.SCMSafeModeManager (SCMSafeModeManager.java:validateSafeModeExitRules(138)) - AtleastOneDatanodeReportedRule rule is successfully validated
2025-09-28 08:46:45,008 [128ca0df-c3af-4349-97d3-3b5d7a5e16d4-groupManagement] INFO  server.RaftServerConfigKeys (ConfUtils.java:logGet(62)) - raft.server.log.appender.buffer.byte-limit = 33554432 (custom)
2025-09-28 08:46:45,009 [128ca0df-c3af-4349-97d3-3b5d7a5e16d4-groupManagement] INFO  segmented.SegmentedRaftLogWorker (SegmentedRaftLogWorker.java:lambda$new$0(141)) - 128ca0df-c3af-4349-97d3-3b5d7a5e16d4@group-466440D82061-SegmentedRaftLogWorker: flushIndex: setUnconditionally 0 -> -1
2025-09-28 08:46:45,009 [128ca0df-c3af-4349-97d3-3b5d7a5e16d4-groupManagement] INFO  segmented.SegmentedRaftLogWorker (SegmentedRaftLogWorker.java:lambda$new$0(141)) - 128ca0df-c3af-4349-97d3-3b5d7a5e16d4@group-466440D82061-SegmentedRaftLogWorker: safeCacheEvictIndex: setUnconditionally 0 -> -1
2025-09-28 08:46:45,009 [128ca0df-c3af-4349-97d3-3b5d7a5e16d4-groupManagement] INFO  server.RaftServer$Division (RaftServerImpl.java:start(405)) - 128ca0df-c3af-4349-97d3-3b5d7a5e16d4@group-466440D82061: start as a follower, conf=conf: {index: -1, cur=peers:[ad6ddb9b-2ec3-4db0-9749-54a59d16dcc8|127.0.0.1:15049, 128ca0df-c3af-4349-97d3-3b5d7a5e16d4|127.0.0.1:15057, 7493dade-fd93-43aa-a8ed-41de39203fc7|127.0.0.1:15065]|listeners:[], old=null}
2025-09-28 08:46:45,010 [128ca0df-c3af-4349-97d3-3b5d7a5e16d4-groupManagement] INFO  server.RaftServer$Division (RaftServerImpl.java:setRole(392)) - 128ca0df-c3af-4349-97d3-3b5d7a5e16d4@group-466440D82061: changes role from      null to FOLLOWER at term 0 for startAsFollower
2025-09-28 08:46:45,010 [128ca0df-c3af-4349-97d3-3b5d7a5e16d4-groupManagement] INFO  impl.RoleInfo (RoleInfo.java:updateAndGet(148)) - 128ca0df-c3af-4349-97d3-3b5d7a5e16d4: start 128ca0df-c3af-4349-97d3-3b5d7a5e16d4@group-466440D82061-FollowerState
2025-09-28 08:46:45,010 [128ca0df-c3af-4349-97d3-3b5d7a5e16d4-groupManagement] INFO  util.JmxRegister (JmxRegister.java:tryRegister(44)) - Successfully registered JMX Bean with object name Ratis:service=RaftServer,group=group-466440D82061,id=128ca0df-c3af-4349-97d3-3b5d7a5e16d4
2025-09-28 08:46:45,010 [128ca0df-c3af-4349-97d3-3b5d7a5e16d4-groupManagement] INFO  util.JmxRegister (JmxRegister.java:register(58)) - register mxBean class org.apache.ratis.server.impl.RaftServerJmxAdapter as Ratis:service=RaftServer,group=group-466440D82061,id=128ca0df-c3af-4349-97d3-3b5d7a5e16d4
2025-09-28 08:46:45,011 [128ca0df-c3af-4349-97d3-3b5d7a5e16d4-groupManagement] INFO  server.RaftServer$Division (RaftServerImpl.java:start(419)) - 128ca0df-c3af-4349-97d3-3b5d7a5e16d4@group-466440D82061: Successfully started.
2025-09-28 08:46:45,017 [ad6ddb9b-2ec3-4db0-9749-54a59d16dcc8-CreatePipelineCommandHandlerThread-0] INFO  commandhandler.CreatePipelineCommandHandler (CreatePipelineCommandHandler.java:lambda$handle$2(141)) - Created Pipeline RATIS THREE Pipeline-ead6980e-d25d-4ed2-9943-466440d82061.
2025-09-28 08:46:45,017 [ad6ddb9b-2ec3-4db0-9749-54a59d16dcc8-CreatePipelineCommandHandlerThread-0] INFO  server.RaftServer (RaftServerProxy.java:addNew(105)) - ad6ddb9b-2ec3-4db0-9749-54a59d16dcc8: addNew group-3E4BEFD7941B:[ad6ddb9b-2ec3-4db0-9749-54a59d16dcc8|127.0.0.1:15049, 128ca0df-c3af-4349-97d3-3b5d7a5e16d4|127.0.0.1:15057, 7493dade-fd93-43aa-a8ed-41de39203fc7|127.0.0.1:15065] returns group-3E4BEFD7941B:java.util.concurrent.CompletableFuture@246458b5[Not completed]
2025-09-28 08:46:45,019 [ad6ddb9b-2ec3-4db0-9749-54a59d16dcc8-groupManagement] INFO  server.RaftServer$Division (RaftServerImpl.java:<init>(268)) - ad6ddb9b-2ec3-4db0-9749-54a59d16dcc8: new RaftServerImpl for group-3E4BEFD7941B:[ad6ddb9b-2ec3-4db0-9749-54a59d16dcc8|127.0.0.1:15049, 128ca0df-c3af-4349-97d3-3b5d7a5e16d4|127.0.0.1:15057, 7493dade-fd93-43aa-a8ed-41de39203fc7|127.0.0.1:15065] with ContainerStateMachine:uninitialized
2025-09-28 08:46:45,019 [ad6ddb9b-2ec3-4db0-9749-54a59d16dcc8-groupManagement] INFO  server.RaftServer$Division (ServerState.java:<init>(114)) - ad6ddb9b-2ec3-4db0-9749-54a59d16dcc8@group-3E4BEFD7941B: ConfigurationManager, init=conf: {index: -1, cur=peers:[ad6ddb9b-2ec3-4db0-9749-54a59d16dcc8|127.0.0.1:15049, 128ca0df-c3af-4349-97d3-3b5d7a5e16d4|127.0.0.1:15057, 7493dade-fd93-43aa-a8ed-41de39203fc7|127.0.0.1:15065]|listeners:[], old=null}, confs=<EMPTY_MAP>
2025-09-28 08:46:45,021 [ad6ddb9b-2ec3-4db0-9749-54a59d16dcc8-groupManagement] INFO  server.RaftServerConfigKeys (ConfUtils.java:logGet(62)) - raft.server.storage.dir = [/home/runner/work/ozone/ozone/hadoop-ozone/integration-test/target/test-dir/MiniOzoneClusterImpl-ffd4f26c-0daa-4d09-bef2-86add17b79f3/ozone-metadata/datanode-1/ratis] (custom)
2025-09-28 08:46:45,021 [ad6ddb9b-2ec3-4db0-9749-54a59d16dcc8-groupManagement] INFO  storage.RaftStorageDirectory (RaftStorageDirectoryImpl.java:analyzeStorage(138)) - The storage directory /home/runner/work/ozone/ozone/hadoop-ozone/integration-test/target/test-dir/MiniOzoneClusterImpl-ffd4f26c-0daa-4d09-bef2-86add17b79f3/ozone-metadata/datanode-1/ratis/55426d7a-d87b-4f7b-a817-3e4befd7941b does not exist. Creating ...
2025-09-28 08:46:45,022 [ad6ddb9b-2ec3-4db0-9749-54a59d16dcc8-groupManagement] INFO  storage.RaftStorageDirectory (RaftStorageDirectoryImpl.java:tryLock(229)) - Lock on /home/runner/work/ozone/ozone/hadoop-ozone/integration-test/target/test-dir/MiniOzoneClusterImpl-ffd4f26c-0daa-4d09-bef2-86add17b79f3/ozone-metadata/datanode-1/ratis/55426d7a-d87b-4f7b-a817-3e4befd7941b/in_use.lock acquired by nodename 129489@localhost
2025-09-28 08:46:45,023 [ad6ddb9b-2ec3-4db0-9749-54a59d16dcc8-groupManagement] INFO  storage.RaftStorage (RaftStorageImpl.java:format(98)) - Storage directory /home/runner/work/ozone/ozone/hadoop-ozone/integration-test/target/test-dir/MiniOzoneClusterImpl-ffd4f26c-0daa-4d09-bef2-86add17b79f3/ozone-metadata/datanode-1/ratis/55426d7a-d87b-4f7b-a817-3e4befd7941b has been successfully formatted.
2025-09-28 08:46:45,024 [ad6ddb9b-2ec3-4db0-9749-54a59d16dcc8-groupManagement] INFO  ratis.ContainerStateMachine (ContainerStateMachine.java:initialize(339)) - ad6ddb9b-2ec3-4db0-9749-54a59d16dcc8: initialize group-3E4BEFD7941B
2025-09-28 08:46:45,024 [ad6ddb9b-2ec3-4db0-9749-54a59d16dcc8-groupManagement] INFO  ratis.ContainerStateMachine (ContainerStateMachine.java:loadSnapshot(347)) - group-3E4BEFD7941B: The snapshot info is null. Setting the last applied index to:<INITIAL_VALUE>
2025-09-28 08:46:45,025 [ad6ddb9b-2ec3-4db0-9749-54a59d16dcc8-groupManagement] INFO  server.RaftServerConfigKeys (ConfUtils.java:logGet(62)) - raft.server.log.appender.buffer.byte-limit = 33554432 (custom)
2025-09-28 08:46:45,026 [ad6ddb9b-2ec3-4db0-9749-54a59d16dcc8-groupManagement] INFO  server.RaftServerConfigKeys (ConfUtils.java:logGet(62)) - raft.server.log.segment.size.max = 67108864 (custom)
2025-09-28 08:46:45,026 [ad6ddb9b-2ec3-4db0-9749-54a59d16dcc8-groupManagement] INFO  server.RaftServerConfigKeys (ConfUtils.java:logGet(62)) - raft.server.log.appender.buffer.byte-limit = 33554432 (custom)
2025-09-28 08:46:45,027 [EventQueue-PipelineReportForOneReplicaPipelineSafeModeRule] INFO  safemode.SCMSafeModeManager (SCMSafeModeManager.java:validateSafeModeExitRules(138)) - AtleastOneDatanodeReportedRule rule is successfully validated
2025-09-28 08:46:45,027 [ad6ddb9b-2ec3-4db0-9749-54a59d16dcc8-groupManagement] INFO  util.AwaitToRun (AwaitToRun.java:start(81)) - Thread[#1911,ad6ddb9b-2ec3-4db0-9749-54a59d16dcc8@group-3E4BEFD7941B-cacheEviction-AwaitToRun,5,main] started
2025-09-28 08:46:45,027 [ad6ddb9b-2ec3-4db0-9749-54a59d16dcc8-groupManagement] INFO  segmented.SegmentedRaftLogWorker (SegmentedRaftLogWorker.java:<init>(190)) - new ad6ddb9b-2ec3-4db0-9749-54a59d16dcc8@group-3E4BEFD7941B-SegmentedRaftLogWorker for RaftStorageImpl:Storage Directory /home/runner/work/ozone/ozone/hadoop-ozone/integration-test/target/test-dir/MiniOzoneClusterImpl-ffd4f26c-0daa-4d09-bef2-86add17b79f3/ozone-metadata/datanode-1/ratis/55426d7a-d87b-4f7b-a817-3e4befd7941b
2025-09-28 08:46:45,027 [ad6ddb9b-2ec3-4db0-9749-54a59d16dcc8-groupManagement] INFO  server.RaftServerConfigKeys (ConfUtils.java:logGet(62)) - raft.server.log.queue.byte-limit = 4294967296 (custom)
2025-09-28 08:46:45,028 [ad6ddb9b-2ec3-4db0-9749-54a59d16dcc8-groupManagement] INFO  server.RaftServerConfigKeys (ConfUtils.java:logGet(62)) - raft.server.log.segment.size.max = 67108864 (custom)
2025-09-28 08:46:45,028 [ad6ddb9b-2ec3-4db0-9749-54a59d16dcc8-groupManagement] INFO  server.RaftServerConfigKeys (ConfUtils.java:logGet(62)) - raft.server.log.preallocated.size = 4194304 (custom)
2025-09-28 08:46:45,028 [ad6ddb9b-2ec3-4db0-9749-54a59d16dcc8-groupManagement] INFO  server.RaftServerConfigKeys (ConfUtils.java:logGet(62)) - raft.server.log.write.buffer.size = 33554440 (custom)
2025-09-28 08:46:45,039 [ad6ddb9b-2ec3-4db0-9749-54a59d16dcc8-groupManagement] INFO  server.RaftServerConfigKeys (ConfUtils.java:logGet(62)) - raft.server.log.appender.buffer.byte-limit = 33554432 (custom)
2025-09-28 08:46:45,039 [ad6ddb9b-2ec3-4db0-9749-54a59d16dcc8-groupManagement] INFO  segmented.SegmentedRaftLogWorker (SegmentedRaftLogWorker.java:lambda$new$0(141)) - ad6ddb9b-2ec3-4db0-9749-54a59d16dcc8@group-3E4BEFD7941B-SegmentedRaftLogWorker: flushIndex: setUnconditionally 0 -> -1
2025-09-28 08:46:45,039 [ad6ddb9b-2ec3-4db0-9749-54a59d16dcc8-groupManagement] INFO  segmented.SegmentedRaftLogWorker (SegmentedRaftLogWorker.java:lambda$new$0(141)) - ad6ddb9b-2ec3-4db0-9749-54a59d16dcc8@group-3E4BEFD7941B-SegmentedRaftLogWorker: safeCacheEvictIndex: setUnconditionally 0 -> -1
2025-09-28 08:46:45,040 [ad6ddb9b-2ec3-4db0-9749-54a59d16dcc8-groupManagement] INFO  server.RaftServer$Division (RaftServerImpl.java:start(405)) - ad6ddb9b-2ec3-4db0-9749-54a59d16dcc8@group-3E4BEFD7941B: start as a follower, conf=conf: {index: -1, cur=peers:[ad6ddb9b-2ec3-4db0-9749-54a59d16dcc8|127.0.0.1:15049, 128ca0df-c3af-4349-97d3-3b5d7a5e16d4|127.0.0.1:15057, 7493dade-fd93-43aa-a8ed-41de39203fc7|127.0.0.1:15065]|listeners:[], old=null}
2025-09-28 08:46:45,041 [ad6ddb9b-2ec3-4db0-9749-54a59d16dcc8-groupManagement] INFO  server.RaftServer$Division (RaftServerImpl.java:setRole(392)) - ad6ddb9b-2ec3-4db0-9749-54a59d16dcc8@group-3E4BEFD7941B: changes role from      null to FOLLOWER at term 0 for startAsFollower
2025-09-28 08:46:45,041 [ad6ddb9b-2ec3-4db0-9749-54a59d16dcc8-groupManagement] INFO  impl.RoleInfo (RoleInfo.java:updateAndGet(148)) - ad6ddb9b-2ec3-4db0-9749-54a59d16dcc8: start ad6ddb9b-2ec3-4db0-9749-54a59d16dcc8@group-3E4BEFD7941B-FollowerState
2025-09-28 08:46:45,041 [ad6ddb9b-2ec3-4db0-9749-54a59d16dcc8-groupManagement] INFO  util.JmxRegister (JmxRegister.java:tryRegister(44)) - Successfully registered JMX Bean with object name Ratis:service=RaftServer,group=group-3E4BEFD7941B,id=ad6ddb9b-2ec3-4db0-9749-54a59d16dcc8
2025-09-28 08:46:45,042 [ad6ddb9b-2ec3-4db0-9749-54a59d16dcc8-groupManagement] INFO  util.JmxRegister (JmxRegister.java:register(58)) - register mxBean class org.apache.ratis.server.impl.RaftServerJmxAdapter as Ratis:service=RaftServer,group=group-3E4BEFD7941B,id=ad6ddb9b-2ec3-4db0-9749-54a59d16dcc8
2025-09-28 08:46:45,043 [ad6ddb9b-2ec3-4db0-9749-54a59d16dcc8-groupManagement] INFO  server.RaftServer$Division (RaftServerImpl.java:start(419)) - ad6ddb9b-2ec3-4db0-9749-54a59d16dcc8@group-3E4BEFD7941B: Successfully started.
2025-09-28 08:46:45,043 [ad6ddb9b-2ec3-4db0-9749-54a59d16dcc8-CreatePipelineCommandHandlerThread-0] INFO  ratis.XceiverServerRatis (XceiverServerRatis.java:addGroup(839)) - Created group Pipeline-55426d7a-d87b-4f7b-a817-3e4befd7941b
2025-09-28 08:46:45,051 [grpc-default-executor-8] INFO  server.RaftServer (RaftServerProxy.java:addNew(105)) - 7493dade-fd93-43aa-a8ed-41de39203fc7: addNew group-3E4BEFD7941B:[ad6ddb9b-2ec3-4db0-9749-54a59d16dcc8|127.0.0.1:15049, 128ca0df-c3af-4349-97d3-3b5d7a5e16d4|127.0.0.1:15057, 7493dade-fd93-43aa-a8ed-41de39203fc7|127.0.0.1:15065] returns group-3E4BEFD7941B:java.util.concurrent.CompletableFuture@33279bdb[Not completed]
2025-09-28 08:46:45,053 [7493dade-fd93-43aa-a8ed-41de39203fc7-groupManagement] INFO  server.RaftServer$Division (RaftServerImpl.java:<init>(268)) - 7493dade-fd93-43aa-a8ed-41de39203fc7: new RaftServerImpl for group-3E4BEFD7941B:[ad6ddb9b-2ec3-4db0-9749-54a59d16dcc8|127.0.0.1:15049, 128ca0df-c3af-4349-97d3-3b5d7a5e16d4|127.0.0.1:15057, 7493dade-fd93-43aa-a8ed-41de39203fc7|127.0.0.1:15065] with ContainerStateMachine:uninitialized
2025-09-28 08:46:45,053 [7493dade-fd93-43aa-a8ed-41de39203fc7-groupManagement] INFO  server.RaftServer$Division (ServerState.java:<init>(114)) - 7493dade-fd93-43aa-a8ed-41de39203fc7@group-3E4BEFD7941B: ConfigurationManager, init=conf: {index: -1, cur=peers:[ad6ddb9b-2ec3-4db0-9749-54a59d16dcc8|127.0.0.1:15049, 128ca0df-c3af-4349-97d3-3b5d7a5e16d4|127.0.0.1:15057, 7493dade-fd93-43aa-a8ed-41de39203fc7|127.0.0.1:15065]|listeners:[], old=null}, confs=<EMPTY_MAP>
2025-09-28 08:46:45,055 [7493dade-fd93-43aa-a8ed-41de39203fc7-groupManagement] INFO  server.RaftServerConfigKeys (ConfUtils.java:logGet(62)) - raft.server.storage.dir = [/home/runner/work/ozone/ozone/hadoop-ozone/integration-test/target/test-dir/MiniOzoneClusterImpl-ffd4f26c-0daa-4d09-bef2-86add17b79f3/ozone-metadata/datanode-3/ratis] (custom)
2025-09-28 08:46:45,055 [7493dade-fd93-43aa-a8ed-41de39203fc7-groupManagement] INFO  storage.RaftStorageDirectory (RaftStorageDirectoryImpl.java:analyzeStorage(138)) - The storage directory /home/runner/work/ozone/ozone/hadoop-ozone/integration-test/target/test-dir/MiniOzoneClusterImpl-ffd4f26c-0daa-4d09-bef2-86add17b79f3/ozone-metadata/datanode-3/ratis/55426d7a-d87b-4f7b-a817-3e4befd7941b does not exist. Creating ...
2025-09-28 08:46:45,056 [7493dade-fd93-43aa-a8ed-41de39203fc7-groupManagement] INFO  storage.RaftStorageDirectory (RaftStorageDirectoryImpl.java:tryLock(229)) - Lock on /home/runner/work/ozone/ozone/hadoop-ozone/integration-test/target/test-dir/MiniOzoneClusterImpl-ffd4f26c-0daa-4d09-bef2-86add17b79f3/ozone-metadata/datanode-3/ratis/55426d7a-d87b-4f7b-a817-3e4befd7941b/in_use.lock acquired by nodename 129489@localhost
2025-09-28 08:46:45,058 [7493dade-fd93-43aa-a8ed-41de39203fc7-groupManagement] INFO  storage.RaftStorage (RaftStorageImpl.java:format(98)) - Storage directory /home/runner/work/ozone/ozone/hadoop-ozone/integration-test/target/test-dir/MiniOzoneClusterImpl-ffd4f26c-0daa-4d09-bef2-86add17b79f3/ozone-metadata/datanode-3/ratis/55426d7a-d87b-4f7b-a817-3e4befd7941b has been successfully formatted.
2025-09-28 08:46:45,058 [7493dade-fd93-43aa-a8ed-41de39203fc7-groupManagement] INFO  ratis.ContainerStateMachine (ContainerStateMachine.java:initialize(339)) - 7493dade-fd93-43aa-a8ed-41de39203fc7: initialize group-3E4BEFD7941B
2025-09-28 08:46:45,058 [7493dade-fd93-43aa-a8ed-41de39203fc7-groupManagement] INFO  ratis.ContainerStateMachine (ContainerStateMachine.java:loadSnapshot(347)) - group-3E4BEFD7941B: The snapshot info is null. Setting the last applied index to:<INITIAL_VALUE>
2025-09-28 08:46:45,058 [7493dade-fd93-43aa-a8ed-41de39203fc7-groupManagement] INFO  server.RaftServerConfigKeys (ConfUtils.java:logGet(62)) - raft.server.log.appender.buffer.byte-limit = 33554432 (custom)
2025-09-28 08:46:45,059 [7493dade-fd93-43aa-a8ed-41de39203fc7-groupManagement] INFO  server.RaftServerConfigKeys (ConfUtils.java:logGet(62)) - raft.server.log.segment.size.max = 67108864 (custom)
2025-09-28 08:46:45,059 [7493dade-fd93-43aa-a8ed-41de39203fc7-groupManagement] INFO  server.RaftServerConfigKeys (ConfUtils.java:logGet(62)) - raft.server.log.appender.buffer.byte-limit = 33554432 (custom)
2025-09-28 08:46:45,059 [7493dade-fd93-43aa-a8ed-41de39203fc7-groupManagement] INFO  util.AwaitToRun (AwaitToRun.java:start(81)) - Thread[#1915,7493dade-fd93-43aa-a8ed-41de39203fc7@group-3E4BEFD7941B-cacheEviction-AwaitToRun,5,main] started
2025-09-28 08:46:45,059 [7493dade-fd93-43aa-a8ed-41de39203fc7-groupManagement] INFO  segmented.SegmentedRaftLogWorker (SegmentedRaftLogWorker.java:<init>(190)) - new 7493dade-fd93-43aa-a8ed-41de39203fc7@group-3E4BEFD7941B-SegmentedRaftLogWorker for RaftStorageImpl:Storage Directory /home/runner/work/ozone/ozone/hadoop-ozone/integration-test/target/test-dir/MiniOzoneClusterImpl-ffd4f26c-0daa-4d09-bef2-86add17b79f3/ozone-metadata/datanode-3/ratis/55426d7a-d87b-4f7b-a817-3e4befd7941b
2025-09-28 08:46:45,059 [7493dade-fd93-43aa-a8ed-41de39203fc7-groupManagement] INFO  server.RaftServerConfigKeys (ConfUtils.java:logGet(62)) - raft.server.log.queue.byte-limit = 4294967296 (custom)
2025-09-28 08:46:45,059 [EventQueue-PipelineReportForOneReplicaPipelineSafeModeRule] INFO  safemode.SCMSafeModeManager (SCMSafeModeManager.java:validateSafeModeExitRules(138)) - AtleastOneDatanodeReportedRule rule is successfully validated
2025-09-28 08:46:45,060 [7493dade-fd93-43aa-a8ed-41de39203fc7-groupManagement] INFO  server.RaftServerConfigKeys (ConfUtils.java:logGet(62)) - raft.server.log.segment.size.max = 67108864 (custom)
2025-09-28 08:46:45,060 [7493dade-fd93-43aa-a8ed-41de39203fc7-groupManagement] INFO  server.RaftServerConfigKeys (ConfUtils.java:logGet(62)) - raft.server.log.preallocated.size = 4194304 (custom)
2025-09-28 08:46:45,060 [7493dade-fd93-43aa-a8ed-41de39203fc7-groupManagement] INFO  server.RaftServerConfigKeys (ConfUtils.java:logGet(62)) - raft.server.log.write.buffer.size = 33554440 (custom)
2025-09-28 08:46:45,068 [7493dade-fd93-43aa-a8ed-41de39203fc7-groupManagement] INFO  server.RaftServerConfigKeys (ConfUtils.java:logGet(62)) - raft.server.log.appender.buffer.byte-limit = 33554432 (custom)
2025-09-28 08:46:45,069 [7493dade-fd93-43aa-a8ed-41de39203fc7-groupManagement] INFO  segmented.SegmentedRaftLogWorker (SegmentedRaftLogWorker.java:lambda$new$0(141)) - 7493dade-fd93-43aa-a8ed-41de39203fc7@group-3E4BEFD7941B-SegmentedRaftLogWorker: flushIndex: setUnconditionally 0 -> -1
2025-09-28 08:46:45,069 [7493dade-fd93-43aa-a8ed-41de39203fc7-groupManagement] INFO  segmented.SegmentedRaftLogWorker (SegmentedRaftLogWorker.java:lambda$new$0(141)) - 7493dade-fd93-43aa-a8ed-41de39203fc7@group-3E4BEFD7941B-SegmentedRaftLogWorker: safeCacheEvictIndex: setUnconditionally 0 -> -1
2025-09-28 08:46:45,069 [7493dade-fd93-43aa-a8ed-41de39203fc7-groupManagement] INFO  server.RaftServer$Division (RaftServerImpl.java:start(405)) - 7493dade-fd93-43aa-a8ed-41de39203fc7@group-3E4BEFD7941B: start as a follower, conf=conf: {index: -1, cur=peers:[ad6ddb9b-2ec3-4db0-9749-54a59d16dcc8|127.0.0.1:15049, 128ca0df-c3af-4349-97d3-3b5d7a5e16d4|127.0.0.1:15057, 7493dade-fd93-43aa-a8ed-41de39203fc7|127.0.0.1:15065]|listeners:[], old=null}
2025-09-28 08:46:45,069 [7493dade-fd93-43aa-a8ed-41de39203fc7-groupManagement] INFO  server.RaftServer$Division (RaftServerImpl.java:setRole(392)) - 7493dade-fd93-43aa-a8ed-41de39203fc7@group-3E4BEFD7941B: changes role from      null to FOLLOWER at term 0 for startAsFollower
2025-09-28 08:46:45,069 [7493dade-fd93-43aa-a8ed-41de39203fc7-groupManagement] INFO  impl.RoleInfo (RoleInfo.java:updateAndGet(148)) - 7493dade-fd93-43aa-a8ed-41de39203fc7: start 7493dade-fd93-43aa-a8ed-41de39203fc7@group-3E4BEFD7941B-FollowerState
2025-09-28 08:46:45,069 [7493dade-fd93-43aa-a8ed-41de39203fc7-groupManagement] INFO  util.JmxRegister (JmxRegister.java:tryRegister(44)) - Successfully registered JMX Bean with object name Ratis:service=RaftServer,group=group-3E4BEFD7941B,id=7493dade-fd93-43aa-a8ed-41de39203fc7
2025-09-28 08:46:45,069 [7493dade-fd93-43aa-a8ed-41de39203fc7-groupManagement] INFO  util.JmxRegister (JmxRegister.java:register(58)) - register mxBean class org.apache.ratis.server.impl.RaftServerJmxAdapter as Ratis:service=RaftServer,group=group-3E4BEFD7941B,id=7493dade-fd93-43aa-a8ed-41de39203fc7
2025-09-28 08:46:45,070 [7493dade-fd93-43aa-a8ed-41de39203fc7-groupManagement] INFO  server.RaftServer$Division (RaftServerImpl.java:start(419)) - 7493dade-fd93-43aa-a8ed-41de39203fc7@group-3E4BEFD7941B: Successfully started.
2025-09-28 08:46:45,078 [grpc-default-executor-8] INFO  server.RaftServer (RaftServerProxy.java:addNew(105)) - 128ca0df-c3af-4349-97d3-3b5d7a5e16d4: addNew group-3E4BEFD7941B:[ad6ddb9b-2ec3-4db0-9749-54a59d16dcc8|127.0.0.1:15049, 128ca0df-c3af-4349-97d3-3b5d7a5e16d4|127.0.0.1:15057, 7493dade-fd93-43aa-a8ed-41de39203fc7|127.0.0.1:15065] returns group-3E4BEFD7941B:java.util.concurrent.CompletableFuture@3d0dd64f[Not completed]
2025-09-28 08:46:45,080 [128ca0df-c3af-4349-97d3-3b5d7a5e16d4-groupManagement] INFO  server.RaftServer$Division (RaftServerImpl.java:<init>(268)) - 128ca0df-c3af-4349-97d3-3b5d7a5e16d4: new RaftServerImpl for group-3E4BEFD7941B:[ad6ddb9b-2ec3-4db0-9749-54a59d16dcc8|127.0.0.1:15049, 128ca0df-c3af-4349-97d3-3b5d7a5e16d4|127.0.0.1:15057, 7493dade-fd93-43aa-a8ed-41de39203fc7|127.0.0.1:15065] with ContainerStateMachine:uninitialized
2025-09-28 08:46:45,080 [128ca0df-c3af-4349-97d3-3b5d7a5e16d4-groupManagement] INFO  server.RaftServer$Division (ServerState.java:<init>(114)) - 128ca0df-c3af-4349-97d3-3b5d7a5e16d4@group-3E4BEFD7941B: ConfigurationManager, init=conf: {index: -1, cur=peers:[ad6ddb9b-2ec3-4db0-9749-54a59d16dcc8|127.0.0.1:15049, 128ca0df-c3af-4349-97d3-3b5d7a5e16d4|127.0.0.1:15057, 7493dade-fd93-43aa-a8ed-41de39203fc7|127.0.0.1:15065]|listeners:[], old=null}, confs=<EMPTY_MAP>
2025-09-28 08:46:45,081 [128ca0df-c3af-4349-97d3-3b5d7a5e16d4-groupManagement] INFO  server.RaftServerConfigKeys (ConfUtils.java:logGet(62)) - raft.server.storage.dir = [/home/runner/work/ozone/ozone/hadoop-ozone/integration-test/target/test-dir/MiniOzoneClusterImpl-ffd4f26c-0daa-4d09-bef2-86add17b79f3/ozone-metadata/datanode-2/ratis] (custom)
2025-09-28 08:46:45,082 [128ca0df-c3af-4349-97d3-3b5d7a5e16d4-groupManagement] INFO  storage.RaftStorageDirectory (RaftStorageDirectoryImpl.java:analyzeStorage(138)) - The storage directory /home/runner/work/ozone/ozone/hadoop-ozone/integration-test/target/test-dir/MiniOzoneClusterImpl-ffd4f26c-0daa-4d09-bef2-86add17b79f3/ozone-metadata/datanode-2/ratis/55426d7a-d87b-4f7b-a817-3e4befd7941b does not exist. Creating ...
2025-09-28 08:46:45,082 [128ca0df-c3af-4349-97d3-3b5d7a5e16d4-groupManagement] INFO  storage.RaftStorageDirectory (RaftStorageDirectoryImpl.java:tryLock(229)) - Lock on /home/runner/work/ozone/ozone/hadoop-ozone/integration-test/target/test-dir/MiniOzoneClusterImpl-ffd4f26c-0daa-4d09-bef2-86add17b79f3/ozone-metadata/datanode-2/ratis/55426d7a-d87b-4f7b-a817-3e4befd7941b/in_use.lock acquired by nodename 129489@localhost
2025-09-28 08:46:45,083 [128ca0df-c3af-4349-97d3-3b5d7a5e16d4-groupManagement] INFO  storage.RaftStorage (RaftStorageImpl.java:format(98)) - Storage directory /home/runner/work/ozone/ozone/hadoop-ozone/integration-test/target/test-dir/MiniOzoneClusterImpl-ffd4f26c-0daa-4d09-bef2-86add17b79f3/ozone-metadata/datanode-2/ratis/55426d7a-d87b-4f7b-a817-3e4befd7941b has been successfully formatted.
2025-09-28 08:46:45,084 [128ca0df-c3af-4349-97d3-3b5d7a5e16d4-groupManagement] INFO  ratis.ContainerStateMachine (ContainerStateMachine.java:initialize(339)) - 128ca0df-c3af-4349-97d3-3b5d7a5e16d4: initialize group-3E4BEFD7941B
2025-09-28 08:46:45,084 [128ca0df-c3af-4349-97d3-3b5d7a5e16d4-groupManagement] INFO  ratis.ContainerStateMachine (ContainerStateMachine.java:loadSnapshot(347)) - group-3E4BEFD7941B: The snapshot info is null. Setting the last applied index to:<INITIAL_VALUE>
2025-09-28 08:46:45,084 [128ca0df-c3af-4349-97d3-3b5d7a5e16d4-groupManagement] INFO  server.RaftServerConfigKeys (ConfUtils.java:logGet(62)) - raft.server.log.appender.buffer.byte-limit = 33554432 (custom)
2025-09-28 08:46:45,085 [128ca0df-c3af-4349-97d3-3b5d7a5e16d4-groupManagement] INFO  server.RaftServerConfigKeys (ConfUtils.java:logGet(62)) - raft.server.log.segment.size.max = 67108864 (custom)
2025-09-28 08:46:45,085 [128ca0df-c3af-4349-97d3-3b5d7a5e16d4-groupManagement] INFO  server.RaftServerConfigKeys (ConfUtils.java:logGet(62)) - raft.server.log.appender.buffer.byte-limit = 33554432 (custom)
2025-09-28 08:46:45,085 [128ca0df-c3af-4349-97d3-3b5d7a5e16d4-groupManagement] INFO  util.AwaitToRun (AwaitToRun.java:start(81)) - Thread[#1922,128ca0df-c3af-4349-97d3-3b5d7a5e16d4@group-3E4BEFD7941B-cacheEviction-AwaitToRun,5,main] started
2025-09-28 08:46:45,085 [128ca0df-c3af-4349-97d3-3b5d7a5e16d4-groupManagement] INFO  segmented.SegmentedRaftLogWorker (SegmentedRaftLogWorker.java:<init>(190)) - new 128ca0df-c3af-4349-97d3-3b5d7a5e16d4@group-3E4BEFD7941B-SegmentedRaftLogWorker for RaftStorageImpl:Storage Directory /home/runner/work/ozone/ozone/hadoop-ozone/integration-test/target/test-dir/MiniOzoneClusterImpl-ffd4f26c-0daa-4d09-bef2-86add17b79f3/ozone-metadata/datanode-2/ratis/55426d7a-d87b-4f7b-a817-3e4befd7941b
2025-09-28 08:46:45,085 [128ca0df-c3af-4349-97d3-3b5d7a5e16d4-groupManagement] INFO  server.RaftServerConfigKeys (ConfUtils.java:logGet(62)) - raft.server.log.queue.byte-limit = 4294967296 (custom)
2025-09-28 08:46:45,085 [128ca0df-c3af-4349-97d3-3b5d7a5e16d4-groupManagement] INFO  server.RaftServerConfigKeys (ConfUtils.java:logGet(62)) - raft.server.log.segment.size.max = 67108864 (custom)
2025-09-28 08:46:45,085 [128ca0df-c3af-4349-97d3-3b5d7a5e16d4-groupManagement] INFO  server.RaftServerConfigKeys (ConfUtils.java:logGet(62)) - raft.server.log.preallocated.size = 4194304 (custom)
2025-09-28 08:46:45,086 [128ca0df-c3af-4349-97d3-3b5d7a5e16d4-groupManagement] INFO  server.RaftServerConfigKeys (ConfUtils.java:logGet(62)) - raft.server.log.write.buffer.size = 33554440 (custom)
2025-09-28 08:46:45,086 [EventQueue-PipelineReportForOneReplicaPipelineSafeModeRule] INFO  safemode.SCMSafeModeManager (SCMSafeModeManager.java:validateSafeModeExitRules(138)) - AtleastOneDatanodeReportedRule rule is successfully validated
2025-09-28 08:46:45,094 [128ca0df-c3af-4349-97d3-3b5d7a5e16d4-groupManagement] INFO  server.RaftServerConfigKeys (ConfUtils.java:logGet(62)) - raft.server.log.appender.buffer.byte-limit = 33554432 (custom)
2025-09-28 08:46:45,094 [128ca0df-c3af-4349-97d3-3b5d7a5e16d4-groupManagement] INFO  segmented.SegmentedRaftLogWorker (SegmentedRaftLogWorker.java:lambda$new$0(141)) - 128ca0df-c3af-4349-97d3-3b5d7a5e16d4@group-3E4BEFD7941B-SegmentedRaftLogWorker: flushIndex: setUnconditionally 0 -> -1
2025-09-28 08:46:45,095 [128ca0df-c3af-4349-97d3-3b5d7a5e16d4-groupManagement] INFO  segmented.SegmentedRaftLogWorker (SegmentedRaftLogWorker.java:lambda$new$0(141)) - 128ca0df-c3af-4349-97d3-3b5d7a5e16d4@group-3E4BEFD7941B-SegmentedRaftLogWorker: safeCacheEvictIndex: setUnconditionally 0 -> -1
2025-09-28 08:46:45,095 [128ca0df-c3af-4349-97d3-3b5d7a5e16d4-groupManagement] INFO  server.RaftServer$Division (RaftServerImpl.java:start(405)) - 128ca0df-c3af-4349-97d3-3b5d7a5e16d4@group-3E4BEFD7941B: start as a follower, conf=conf: {index: -1, cur=peers:[ad6ddb9b-2ec3-4db0-9749-54a59d16dcc8|127.0.0.1:15049, 128ca0df-c3af-4349-97d3-3b5d7a5e16d4|127.0.0.1:15057, 7493dade-fd93-43aa-a8ed-41de39203fc7|127.0.0.1:15065]|listeners:[], old=null}
2025-09-28 08:46:45,095 [128ca0df-c3af-4349-97d3-3b5d7a5e16d4-groupManagement] INFO  server.RaftServer$Division (RaftServerImpl.java:setRole(392)) - 128ca0df-c3af-4349-97d3-3b5d7a5e16d4@group-3E4BEFD7941B: changes role from      null to FOLLOWER at term 0 for startAsFollower
2025-09-28 08:46:45,095 [128ca0df-c3af-4349-97d3-3b5d7a5e16d4-groupManagement] INFO  impl.RoleInfo (RoleInfo.java:updateAndGet(148)) - 128ca0df-c3af-4349-97d3-3b5d7a5e16d4: start 128ca0df-c3af-4349-97d3-3b5d7a5e16d4@group-3E4BEFD7941B-FollowerState
2025-09-28 08:46:45,095 [128ca0df-c3af-4349-97d3-3b5d7a5e16d4-groupManagement] INFO  util.JmxRegister (JmxRegister.java:tryRegister(44)) - Successfully registered JMX Bean with object name Ratis:service=RaftServer,group=group-3E4BEFD7941B,id=128ca0df-c3af-4349-97d3-3b5d7a5e16d4
2025-09-28 08:46:45,095 [128ca0df-c3af-4349-97d3-3b5d7a5e16d4-groupManagement] INFO  util.JmxRegister (JmxRegister.java:register(58)) - register mxBean class org.apache.ratis.server.impl.RaftServerJmxAdapter as Ratis:service=RaftServer,group=group-3E4BEFD7941B,id=128ca0df-c3af-4349-97d3-3b5d7a5e16d4
2025-09-28 08:46:45,097 [128ca0df-c3af-4349-97d3-3b5d7a5e16d4-groupManagement] INFO  server.RaftServer$Division (RaftServerImpl.java:start(419)) - 128ca0df-c3af-4349-97d3-3b5d7a5e16d4@group-3E4BEFD7941B: Successfully started.
2025-09-28 08:46:45,103 [ad6ddb9b-2ec3-4db0-9749-54a59d16dcc8-CreatePipelineCommandHandlerThread-0] INFO  commandhandler.CreatePipelineCommandHandler (CreatePipelineCommandHandler.java:lambda$handle$2(141)) - Created Pipeline RATIS THREE Pipeline-55426d7a-d87b-4f7b-a817-3e4befd7941b.
2025-09-28 08:46:45,126 [128ca0df-c3af-4349-97d3-3b5d7a5e16d4-CreatePipelineCommandHandlerThread-0] INFO  server.RaftServer (RaftServerProxy.java:addNew(105)) - 128ca0df-c3af-4349-97d3-3b5d7a5e16d4: addNew group-00A2AA5E9E6C:[128ca0df-c3af-4349-97d3-3b5d7a5e16d4|127.0.0.1:15057] returns group-00A2AA5E9E6C:java.util.concurrent.CompletableFuture@1af8179e[Not completed]
2025-09-28 08:46:45,128 [128ca0df-c3af-4349-97d3-3b5d7a5e16d4-groupManagement] INFO  server.RaftServer$Division (RaftServerImpl.java:<init>(268)) - 128ca0df-c3af-4349-97d3-3b5d7a5e16d4: new RaftServerImpl for group-00A2AA5E9E6C:[128ca0df-c3af-4349-97d3-3b5d7a5e16d4|127.0.0.1:15057] with ContainerStateMachine:uninitialized
2025-09-28 08:46:45,128 [128ca0df-c3af-4349-97d3-3b5d7a5e16d4-groupManagement] INFO  server.RaftServer$Division (ServerState.java:<init>(114)) - 128ca0df-c3af-4349-97d3-3b5d7a5e16d4@group-00A2AA5E9E6C: ConfigurationManager, init=conf: {index: -1, cur=peers:[128ca0df-c3af-4349-97d3-3b5d7a5e16d4|127.0.0.1:15057]|listeners:[], old=null}, confs=<EMPTY_MAP>
2025-09-28 08:46:45,130 [128ca0df-c3af-4349-97d3-3b5d7a5e16d4-groupManagement] INFO  storage.RaftStorageDirectory (RaftStorageDirectoryImpl.java:analyzeStorage(138)) - The storage directory /home/runner/work/ozone/ozone/hadoop-ozone/integration-test/target/test-dir/MiniOzoneClusterImpl-ffd4f26c-0daa-4d09-bef2-86add17b79f3/ozone-metadata/datanode-2/ratis/1ffc27f5-362d-47ee-9789-00a2aa5e9e6c does not exist. Creating ...
2025-09-28 08:46:45,131 [128ca0df-c3af-4349-97d3-3b5d7a5e16d4-groupManagement] INFO  storage.RaftStorageDirectory (RaftStorageDirectoryImpl.java:tryLock(229)) - Lock on /home/runner/work/ozone/ozone/hadoop-ozone/integration-test/target/test-dir/MiniOzoneClusterImpl-ffd4f26c-0daa-4d09-bef2-86add17b79f3/ozone-metadata/datanode-2/ratis/1ffc27f5-362d-47ee-9789-00a2aa5e9e6c/in_use.lock acquired by nodename 129489@localhost
2025-09-28 08:46:45,132 [128ca0df-c3af-4349-97d3-3b5d7a5e16d4-groupManagement] INFO  storage.RaftStorage (RaftStorageImpl.java:format(98)) - Storage directory /home/runner/work/ozone/ozone/hadoop-ozone/integration-test/target/test-dir/MiniOzoneClusterImpl-ffd4f26c-0daa-4d09-bef2-86add17b79f3/ozone-metadata/datanode-2/ratis/1ffc27f5-362d-47ee-9789-00a2aa5e9e6c has been successfully formatted.
2025-09-28 08:46:45,132 [128ca0df-c3af-4349-97d3-3b5d7a5e16d4-groupManagement] INFO  ratis.ContainerStateMachine (ContainerStateMachine.java:initialize(339)) - 128ca0df-c3af-4349-97d3-3b5d7a5e16d4: initialize group-00A2AA5E9E6C
2025-09-28 08:46:45,133 [128ca0df-c3af-4349-97d3-3b5d7a5e16d4-groupManagement] INFO  ratis.ContainerStateMachine (ContainerStateMachine.java:loadSnapshot(347)) - group-00A2AA5E9E6C: The snapshot info is null. Setting the last applied index to:<INITIAL_VALUE>
2025-09-28 08:46:45,133 [128ca0df-c3af-4349-97d3-3b5d7a5e16d4-groupManagement] INFO  server.RaftServerConfigKeys (ConfUtils.java:logGet(62)) - raft.server.log.appender.buffer.byte-limit = 33554432 (custom)
2025-09-28 08:46:45,134 [128ca0df-c3af-4349-97d3-3b5d7a5e16d4-groupManagement] INFO  server.RaftServerConfigKeys (ConfUtils.java:logGet(62)) - raft.server.log.segment.size.max = 67108864 (custom)
2025-09-28 08:46:45,134 [128ca0df-c3af-4349-97d3-3b5d7a5e16d4-groupManagement] INFO  server.RaftServerConfigKeys (ConfUtils.java:logGet(62)) - raft.server.log.appender.buffer.byte-limit = 33554432 (custom)
2025-09-28 08:46:45,134 [EventQueue-PipelineReportForOneReplicaPipelineSafeModeRule] INFO  safemode.SCMSafeModeManager (SCMSafeModeManager.java:validateSafeModeExitRules(138)) - AtleastOneDatanodeReportedRule rule is successfully validated
2025-09-28 08:46:45,135 [128ca0df-c3af-4349-97d3-3b5d7a5e16d4-groupManagement] INFO  util.AwaitToRun (AwaitToRun.java:start(81)) - Thread[#1930,128ca0df-c3af-4349-97d3-3b5d7a5e16d4@group-00A2AA5E9E6C-cacheEviction-AwaitToRun,5,main] started
2025-09-28 08:46:45,135 [128ca0df-c3af-4349-97d3-3b5d7a5e16d4-groupManagement] INFO  segmented.SegmentedRaftLogWorker (SegmentedRaftLogWorker.java:<init>(190)) - new 128ca0df-c3af-4349-97d3-3b5d7a5e16d4@group-00A2AA5E9E6C-SegmentedRaftLogWorker for RaftStorageImpl:Storage Directory /home/runner/work/ozone/ozone/hadoop-ozone/integration-test/target/test-dir/MiniOzoneClusterImpl-ffd4f26c-0daa-4d09-bef2-86add17b79f3/ozone-metadata/datanode-2/ratis/1ffc27f5-362d-47ee-9789-00a2aa5e9e6c
2025-09-28 08:46:45,135 [128ca0df-c3af-4349-97d3-3b5d7a5e16d4-groupManagement] INFO  server.RaftServerConfigKeys (ConfUtils.java:logGet(62)) - raft.server.log.queue.byte-limit = 4294967296 (custom)
2025-09-28 08:46:45,135 [128ca0df-c3af-4349-97d3-3b5d7a5e16d4-groupManagement] INFO  server.RaftServerConfigKeys (ConfUtils.java:logGet(62)) - raft.server.log.segment.size.max = 67108864 (custom)
2025-09-28 08:46:45,135 [128ca0df-c3af-4349-97d3-3b5d7a5e16d4-groupManagement] INFO  server.RaftServerConfigKeys (ConfUtils.java:logGet(62)) - raft.server.log.preallocated.size = 4194304 (custom)
2025-09-28 08:46:45,135 [128ca0df-c3af-4349-97d3-3b5d7a5e16d4-groupManagement] INFO  server.RaftServerConfigKeys (ConfUtils.java:logGet(62)) - raft.server.log.write.buffer.size = 33554440 (custom)
2025-09-28 08:46:45,139 [a4a824a0-2283-4935-bdba-9632c468a4b2@group-86ADD17B79F3-StateMachineUpdater] INFO  safemode.SCMSafeModeManager (SCMSafeModeManager.java:validateSafeModeExitRules(138)) - DataNodeSafeModeRule rule is successfully validated
2025-09-28 08:46:45,139 [a4a824a0-2283-4935-bdba-9632c468a4b2@group-86ADD17B79F3-StateMachineUpdater] INFO  safemode.SCMSafeModeManager (SCMSafeModeManager.java:validateSafeModeExitRules(138)) - RatisContainerSafeModeRule rule is successfully validated
2025-09-28 08:46:45,139 [a4a824a0-2283-4935-bdba-9632c468a4b2@group-86ADD17B79F3-StateMachineUpdater] INFO  safemode.HealthyPipelineSafeModeRule (HealthyPipelineSafeModeRule.java:initializeRule(228)) - Refreshed total pipeline count is 0, healthy pipeline threshold count is 1
2025-09-28 08:46:45,140 [a4a824a0-2283-4935-bdba-9632c468a4b2@group-86ADD17B79F3-StateMachineUpdater] INFO  safemode.SCMSafeModeManager (SCMSafeModeManager.java:validateSafeModeExitRules(138)) - ECContainerSafeModeRule rule is successfully validated
2025-09-28 08:46:45,140 [a4a824a0-2283-4935-bdba-9632c468a4b2@group-86ADD17B79F3-StateMachineUpdater] INFO  safemode.SCMSafeModeManager (SCMSafeModeManager.java:validateSafeModeExitRules(138)) - AtleastOneDatanodeReportedRule rule is successfully validated
2025-09-28 08:46:45,140 [EventQueue-PipelineReportForPipelineReportHandler] INFO  pipeline.PipelineReportHandler (PipelineReportHandler.java:processPipelineReport(132)) - Opened pipeline Pipeline-1ffc27f5-362d-47ee-9789-00a2aa5e9e6c
2025-09-28 08:46:45,144 [128ca0df-c3af-4349-97d3-3b5d7a5e16d4-groupManagement] INFO  server.RaftServerConfigKeys (ConfUtils.java:logGet(62)) - raft.server.log.appender.buffer.byte-limit = 33554432 (custom)
2025-09-28 08:46:45,144 [128ca0df-c3af-4349-97d3-3b5d7a5e16d4-groupManagement] INFO  segmented.SegmentedRaftLogWorker (SegmentedRaftLogWorker.java:lambda$new$0(141)) - 128ca0df-c3af-4349-97d3-3b5d7a5e16d4@group-00A2AA5E9E6C-SegmentedRaftLogWorker: flushIndex: setUnconditionally 0 -> -1
2025-09-28 08:46:45,144 [128ca0df-c3af-4349-97d3-3b5d7a5e16d4-groupManagement] INFO  segmented.SegmentedRaftLogWorker (SegmentedRaftLogWorker.java:lambda$new$0(141)) - 128ca0df-c3af-4349-97d3-3b5d7a5e16d4@group-00A2AA5E9E6C-SegmentedRaftLogWorker: safeCacheEvictIndex: setUnconditionally 0 -> -1
2025-09-28 08:46:45,145 [128ca0df-c3af-4349-97d3-3b5d7a5e16d4-groupManagement] INFO  server.RaftServer$Division (RaftServerImpl.java:start(405)) - 128ca0df-c3af-4349-97d3-3b5d7a5e16d4@group-00A2AA5E9E6C: start as a follower, conf=conf: {index: -1, cur=peers:[128ca0df-c3af-4349-97d3-3b5d7a5e16d4|127.0.0.1:15057]|listeners:[], old=null}
2025-09-28 08:46:45,145 [128ca0df-c3af-4349-97d3-3b5d7a5e16d4-groupManagement] INFO  server.RaftServer$Division (RaftServerImpl.java:setRole(392)) - 128ca0df-c3af-4349-97d3-3b5d7a5e16d4@group-00A2AA5E9E6C: changes role from      null to FOLLOWER at term 0 for startAsFollower
2025-09-28 08:46:45,145 [128ca0df-c3af-4349-97d3-3b5d7a5e16d4-groupManagement] INFO  impl.RoleInfo (RoleInfo.java:updateAndGet(148)) - 128ca0df-c3af-4349-97d3-3b5d7a5e16d4: start 128ca0df-c3af-4349-97d3-3b5d7a5e16d4@group-00A2AA5E9E6C-FollowerState
2025-09-28 08:46:45,145 [128ca0df-c3af-4349-97d3-3b5d7a5e16d4-groupManagement] INFO  util.JmxRegister (JmxRegister.java:tryRegister(44)) - Successfully registered JMX Bean with object name Ratis:service=RaftServer,group=group-00A2AA5E9E6C,id=128ca0df-c3af-4349-97d3-3b5d7a5e16d4
2025-09-28 08:46:45,145 [128ca0df-c3af-4349-97d3-3b5d7a5e16d4-groupManagement] INFO  util.JmxRegister (JmxRegister.java:register(58)) - register mxBean class org.apache.ratis.server.impl.RaftServerJmxAdapter as Ratis:service=RaftServer,group=group-00A2AA5E9E6C,id=128ca0df-c3af-4349-97d3-3b5d7a5e16d4
2025-09-28 08:46:45,145 [128ca0df-c3af-4349-97d3-3b5d7a5e16d4-groupManagement] INFO  server.RaftServer$Division (RaftServerImpl.java:start(419)) - 128ca0df-c3af-4349-97d3-3b5d7a5e16d4@group-00A2AA5E9E6C: Successfully started.
2025-09-28 08:46:45,146 [128ca0df-c3af-4349-97d3-3b5d7a5e16d4-CreatePipelineCommandHandlerThread-0] INFO  ratis.XceiverServerRatis (XceiverServerRatis.java:addGroup(839)) - Created group Pipeline-1ffc27f5-362d-47ee-9789-00a2aa5e9e6c
2025-09-28 08:46:45,146 [128ca0df-c3af-4349-97d3-3b5d7a5e16d4-CreatePipelineCommandHandlerThread-0] INFO  commandhandler.CreatePipelineCommandHandler (CreatePipelineCommandHandler.java:lambda$handle$2(141)) - Created Pipeline RATIS ONE Pipeline-1ffc27f5-362d-47ee-9789-00a2aa5e9e6c.
2025-09-28 08:46:45,329 [7493dade-fd93-43aa-a8ed-41de39203fc7-CreatePipelineCommandHandlerThread-0] INFO  server.RaftServer (RaftServerProxy.java:addNew(105)) - 7493dade-fd93-43aa-a8ed-41de39203fc7: addNew group-078FD725FD92:[7493dade-fd93-43aa-a8ed-41de39203fc7|127.0.0.1:15065] returns group-078FD725FD92:java.util.concurrent.CompletableFuture@52c57e3e[Not completed]
2025-09-28 08:46:45,330 [7493dade-fd93-43aa-a8ed-41de39203fc7-groupManagement] INFO  server.RaftServer$Division (RaftServerImpl.java:<init>(268)) - 7493dade-fd93-43aa-a8ed-41de39203fc7: new RaftServerImpl for group-078FD725FD92:[7493dade-fd93-43aa-a8ed-41de39203fc7|127.0.0.1:15065] with ContainerStateMachine:uninitialized
2025-09-28 08:46:45,330 [7493dade-fd93-43aa-a8ed-41de39203fc7-groupManagement] INFO  server.RaftServer$Division (ServerState.java:<init>(114)) - 7493dade-fd93-43aa-a8ed-41de39203fc7@group-078FD725FD92: ConfigurationManager, init=conf: {index: -1, cur=peers:[7493dade-fd93-43aa-a8ed-41de39203fc7|127.0.0.1:15065]|listeners:[], old=null}, confs=<EMPTY_MAP>
2025-09-28 08:46:45,331 [7493dade-fd93-43aa-a8ed-41de39203fc7-groupManagement] INFO  server.RaftServerConfigKeys (ConfUtils.java:logGet(62)) - raft.server.storage.dir = [/home/runner/work/ozone/ozone/hadoop-ozone/integration-test/target/test-dir/MiniOzoneClusterImpl-ffd4f26c-0daa-4d09-bef2-86add17b79f3/ozone-metadata/datanode-3/ratis] (custom)
2025-09-28 08:46:45,332 [7493dade-fd93-43aa-a8ed-41de39203fc7-groupManagement] INFO  storage.RaftStorageDirectory (RaftStorageDirectoryImpl.java:analyzeStorage(138)) - The storage directory /home/runner/work/ozone/ozone/hadoop-ozone/integration-test/target/test-dir/MiniOzoneClusterImpl-ffd4f26c-0daa-4d09-bef2-86add17b79f3/ozone-metadata/datanode-3/ratis/194d921c-336e-4e7a-bd05-078fd725fd92 does not exist. Creating ...
2025-09-28 08:46:45,332 [7493dade-fd93-43aa-a8ed-41de39203fc7-groupManagement] INFO  storage.RaftStorageDirectory (RaftStorageDirectoryImpl.java:tryLock(229)) - Lock on /home/runner/work/ozone/ozone/hadoop-ozone/integration-test/target/test-dir/MiniOzoneClusterImpl-ffd4f26c-0daa-4d09-bef2-86add17b79f3/ozone-metadata/datanode-3/ratis/194d921c-336e-4e7a-bd05-078fd725fd92/in_use.lock acquired by nodename 129489@localhost
2025-09-28 08:46:45,333 [7493dade-fd93-43aa-a8ed-41de39203fc7-groupManagement] INFO  storage.RaftStorage (RaftStorageImpl.java:format(98)) - Storage directory /home/runner/work/ozone/ozone/hadoop-ozone/integration-test/target/test-dir/MiniOzoneClusterImpl-ffd4f26c-0daa-4d09-bef2-86add17b79f3/ozone-metadata/datanode-3/ratis/194d921c-336e-4e7a-bd05-078fd725fd92 has been successfully formatted.
2025-09-28 08:46:45,333 [7493dade-fd93-43aa-a8ed-41de39203fc7-groupManagement] INFO  ratis.ContainerStateMachine (ContainerStateMachine.java:initialize(339)) - 7493dade-fd93-43aa-a8ed-41de39203fc7: initialize group-078FD725FD92
2025-09-28 08:46:45,334 [7493dade-fd93-43aa-a8ed-41de39203fc7-groupManagement] INFO  ratis.ContainerStateMachine (ContainerStateMachine.java:loadSnapshot(347)) - group-078FD725FD92: The snapshot info is null. Setting the last applied index to:<INITIAL_VALUE>
2025-09-28 08:46:45,334 [7493dade-fd93-43aa-a8ed-41de39203fc7-groupManagement] INFO  server.RaftServerConfigKeys (ConfUtils.java:logGet(62)) - raft.server.log.appender.buffer.byte-limit = 33554432 (custom)
2025-09-28 08:46:45,334 [7493dade-fd93-43aa-a8ed-41de39203fc7-groupManagement] INFO  server.RaftServerConfigKeys (ConfUtils.java:logGet(62)) - raft.server.log.segment.size.max = 67108864 (custom)
2025-09-28 08:46:45,335 [7493dade-fd93-43aa-a8ed-41de39203fc7-groupManagement] INFO  server.RaftServerConfigKeys (ConfUtils.java:logGet(62)) - raft.server.log.appender.buffer.byte-limit = 33554432 (custom)
2025-09-28 08:46:45,335 [7493dade-fd93-43aa-a8ed-41de39203fc7-groupManagement] INFO  util.AwaitToRun (AwaitToRun.java:start(81)) - Thread[#1935,7493dade-fd93-43aa-a8ed-41de39203fc7@group-078FD725FD92-cacheEviction-AwaitToRun,5,main] started
2025-09-28 08:46:45,335 [7493dade-fd93-43aa-a8ed-41de39203fc7-groupManagement] INFO  segmented.SegmentedRaftLogWorker (SegmentedRaftLogWorker.java:<init>(190)) - new 7493dade-fd93-43aa-a8ed-41de39203fc7@group-078FD725FD92-SegmentedRaftLogWorker for RaftStorageImpl:Storage Directory /home/runner/work/ozone/ozone/hadoop-ozone/integration-test/target/test-dir/MiniOzoneClusterImpl-ffd4f26c-0daa-4d09-bef2-86add17b79f3/ozone-metadata/datanode-3/ratis/194d921c-336e-4e7a-bd05-078fd725fd92
2025-09-28 08:46:45,335 [7493dade-fd93-43aa-a8ed-41de39203fc7-groupManagement] INFO  server.RaftServerConfigKeys (ConfUtils.java:logGet(62)) - raft.server.log.queue.byte-limit = 4294967296 (custom)
2025-09-28 08:46:45,335 [7493dade-fd93-43aa-a8ed-41de39203fc7-groupManagement] INFO  server.RaftServerConfigKeys (ConfUtils.java:logGet(62)) - raft.server.log.segment.size.max = 67108864 (custom)
2025-09-28 08:46:45,335 [7493dade-fd93-43aa-a8ed-41de39203fc7-groupManagement] INFO  server.RaftServerConfigKeys (ConfUtils.java:logGet(62)) - raft.server.log.preallocated.size = 4194304 (custom)
2025-09-28 08:46:45,335 [7493dade-fd93-43aa-a8ed-41de39203fc7-groupManagement] INFO  server.RaftServerConfigKeys (ConfUtils.java:logGet(62)) - raft.server.log.write.buffer.size = 33554440 (custom)
2025-09-28 08:46:45,335 [EventQueue-PipelineReportForOneReplicaPipelineSafeModeRule] INFO  safemode.SCMSafeModeManager (SCMSafeModeManager.java:validateSafeModeExitRules(138)) - AtleastOneDatanodeReportedRule rule is successfully validated
2025-09-28 08:46:45,338 [a4a824a0-2283-4935-bdba-9632c468a4b2@group-86ADD17B79F3-StateMachineUpdater] INFO  safemode.SCMSafeModeManager (SCMSafeModeManager.java:validateSafeModeExitRules(138)) - DataNodeSafeModeRule rule is successfully validated
2025-09-28 08:46:45,338 [a4a824a0-2283-4935-bdba-9632c468a4b2@group-86ADD17B79F3-StateMachineUpdater] INFO  safemode.SCMSafeModeManager (SCMSafeModeManager.java:validateSafeModeExitRules(138)) - RatisContainerSafeModeRule rule is successfully validated
2025-09-28 08:46:45,338 [a4a824a0-2283-4935-bdba-9632c468a4b2@group-86ADD17B79F3-StateMachineUpdater] INFO  safemode.HealthyPipelineSafeModeRule (HealthyPipelineSafeModeRule.java:initializeRule(228)) - Refreshed total pipeline count is 0, healthy pipeline threshold count is 1
2025-09-28 08:46:45,338 [a4a824a0-2283-4935-bdba-9632c468a4b2@group-86ADD17B79F3-StateMachineUpdater] INFO  safemode.SCMSafeModeManager (SCMSafeModeManager.java:validateSafeModeExitRules(138)) - ECContainerSafeModeRule rule is successfully validated
2025-09-28 08:46:45,338 [a4a824a0-2283-4935-bdba-9632c468a4b2@group-86ADD17B79F3-StateMachineUpdater] INFO  safemode.SCMSafeModeManager (SCMSafeModeManager.java:validateSafeModeExitRules(138)) - AtleastOneDatanodeReportedRule rule is successfully validated
2025-09-28 08:46:45,338 [EventQueue-PipelineReportForPipelineReportHandler] INFO  pipeline.PipelineReportHandler (PipelineReportHandler.java:processPipelineReport(132)) - Opened pipeline Pipeline-194d921c-336e-4e7a-bd05-078fd725fd92
2025-09-28 08:46:45,345 [7493dade-fd93-43aa-a8ed-41de39203fc7-groupManagement] INFO  server.RaftServerConfigKeys (ConfUtils.java:logGet(62)) - raft.server.log.appender.buffer.byte-limit = 33554432 (custom)
2025-09-28 08:46:45,345 [7493dade-fd93-43aa-a8ed-41de39203fc7-groupManagement] INFO  segmented.SegmentedRaftLogWorker (SegmentedRaftLogWorker.java:lambda$new$0(141)) - 7493dade-fd93-43aa-a8ed-41de39203fc7@group-078FD725FD92-SegmentedRaftLogWorker: flushIndex: setUnconditionally 0 -> -1
2025-09-28 08:46:45,345 [7493dade-fd93-43aa-a8ed-41de39203fc7-groupManagement] INFO  segmented.SegmentedRaftLogWorker (SegmentedRaftLogWorker.java:lambda$new$0(141)) - 7493dade-fd93-43aa-a8ed-41de39203fc7@group-078FD725FD92-SegmentedRaftLogWorker: safeCacheEvictIndex: setUnconditionally 0 -> -1
2025-09-28 08:46:45,346 [7493dade-fd93-43aa-a8ed-41de39203fc7-groupManagement] INFO  server.RaftServer$Division (RaftServerImpl.java:start(405)) - 7493dade-fd93-43aa-a8ed-41de39203fc7@group-078FD725FD92: start as a follower, conf=conf: {index: -1, cur=peers:[7493dade-fd93-43aa-a8ed-41de39203fc7|127.0.0.1:15065]|listeners:[], old=null}
2025-09-28 08:46:45,346 [7493dade-fd93-43aa-a8ed-41de39203fc7-groupManagement] INFO  server.RaftServer$Division (RaftServerImpl.java:setRole(392)) - 7493dade-fd93-43aa-a8ed-41de39203fc7@group-078FD725FD92: changes role from      null to FOLLOWER at term 0 for startAsFollower
2025-09-28 08:46:45,346 [7493dade-fd93-43aa-a8ed-41de39203fc7-groupManagement] INFO  impl.RoleInfo (RoleInfo.java:updateAndGet(148)) - 7493dade-fd93-43aa-a8ed-41de39203fc7: start 7493dade-fd93-43aa-a8ed-41de39203fc7@group-078FD725FD92-FollowerState
2025-09-28 08:46:45,346 [7493dade-fd93-43aa-a8ed-41de39203fc7-groupManagement] INFO  util.JmxRegister (JmxRegister.java:tryRegister(44)) - Successfully registered JMX Bean with object name Ratis:service=RaftServer,group=group-078FD725FD92,id=7493dade-fd93-43aa-a8ed-41de39203fc7
2025-09-28 08:46:45,346 [7493dade-fd93-43aa-a8ed-41de39203fc7-groupManagement] INFO  util.JmxRegister (JmxRegister.java:register(58)) - register mxBean class org.apache.ratis.server.impl.RaftServerJmxAdapter as Ratis:service=RaftServer,group=group-078FD725FD92,id=7493dade-fd93-43aa-a8ed-41de39203fc7
2025-09-28 08:46:45,347 [7493dade-fd93-43aa-a8ed-41de39203fc7-groupManagement] INFO  server.RaftServer$Division (RaftServerImpl.java:start(419)) - 7493dade-fd93-43aa-a8ed-41de39203fc7@group-078FD725FD92: Successfully started.
2025-09-28 08:46:45,347 [7493dade-fd93-43aa-a8ed-41de39203fc7-CreatePipelineCommandHandlerThread-0] INFO  ratis.XceiverServerRatis (XceiverServerRatis.java:addGroup(839)) - Created group Pipeline-194d921c-336e-4e7a-bd05-078fd725fd92
2025-09-28 08:46:45,347 [7493dade-fd93-43aa-a8ed-41de39203fc7-CreatePipelineCommandHandlerThread-0] INFO  commandhandler.CreatePipelineCommandHandler (CreatePipelineCommandHandler.java:lambda$handle$2(141)) - Created Pipeline RATIS ONE Pipeline-194d921c-336e-4e7a-bd05-078fd725fd92.
2025-09-28 08:46:45,830 [ForkJoinPool-1-worker-1] INFO  ozone.MiniOzoneClusterImpl (MiniOzoneClusterImpl.java:lambda$waitForClusterToBeReady$0(181)) - Nodes are ready. Got 3 of 3 DN Heartbeats.
2025-09-28 08:46:45,830 [ForkJoinPool-1-worker-1] INFO  ozone.MiniOzoneClusterImpl (MiniOzoneClusterImpl.java:lambda$waitForClusterToBeReady$0(184)) - Waiting for cluster to exit safe mode
2025-09-28 08:46:45,830 [ForkJoinPool-1-worker-1] INFO  ozone.MiniOzoneClusterImpl (MiniOzoneClusterImpl.java:lambda$waitForClusterToBeReady$0(186)) - SCM became leader
2025-09-28 08:46:45,963 [ad6ddb9b-2ec3-4db0-9749-54a59d16dcc8@group-82D83097CC3E-FollowerState] INFO  impl.FollowerState (FollowerState.java:runImpl(161)) - ad6ddb9b-2ec3-4db0-9749-54a59d16dcc8@group-82D83097CC3E-FollowerState: change to CANDIDATE, lastRpcElapsedTime:1048364899ns, electionTimeout:1048ms
2025-09-28 08:46:45,963 [ad6ddb9b-2ec3-4db0-9749-54a59d16dcc8@group-82D83097CC3E-FollowerState] INFO  impl.RoleInfo (RoleInfo.java:shutdownFollowerState(121)) - ad6ddb9b-2ec3-4db0-9749-54a59d16dcc8: shutdown ad6ddb9b-2ec3-4db0-9749-54a59d16dcc8@group-82D83097CC3E-FollowerState
2025-09-28 08:46:45,963 [ad6ddb9b-2ec3-4db0-9749-54a59d16dcc8@group-82D83097CC3E-FollowerState] INFO  server.RaftServer$Division (RaftServerImpl.java:setRole(392)) - ad6ddb9b-2ec3-4db0-9749-54a59d16dcc8@group-82D83097CC3E: changes role from  FOLLOWER to CANDIDATE at term 0 for changeToCandidate
2025-09-28 08:46:45,963 [ad6ddb9b-2ec3-4db0-9749-54a59d16dcc8@group-82D83097CC3E-FollowerState] INFO  impl.RoleInfo (RoleInfo.java:updateAndGet(148)) - ad6ddb9b-2ec3-4db0-9749-54a59d16dcc8: start ad6ddb9b-2ec3-4db0-9749-54a59d16dcc8@group-82D83097CC3E-LeaderElection17
2025-09-28 08:46:45,963 [ad6ddb9b-2ec3-4db0-9749-54a59d16dcc8@group-82D83097CC3E-LeaderElection17] INFO  impl.LeaderElection (LeaderElection.java:askForVotes(448)) - ad6ddb9b-2ec3-4db0-9749-54a59d16dcc8@group-82D83097CC3E-LeaderElection17 PRE_VOTE round 0: submit vote requests at term 0 for conf: {index: -1, cur=peers:[ad6ddb9b-2ec3-4db0-9749-54a59d16dcc8|127.0.0.1:15049]|listeners:[], old=null}
2025-09-28 08:46:45,964 [ad6ddb9b-2ec3-4db0-9749-54a59d16dcc8@group-82D83097CC3E-LeaderElection17] INFO  impl.LeaderElection (LeaderElection.java:askForVotes(450)) - ad6ddb9b-2ec3-4db0-9749-54a59d16dcc8@group-82D83097CC3E-LeaderElection17 PRE_VOTE round 0: result PASSED (term=0)
2025-09-28 08:46:45,965 [ad6ddb9b-2ec3-4db0-9749-54a59d16dcc8@group-82D83097CC3E-LeaderElection17] INFO  impl.LeaderElection (LeaderElection.java:askForVotes(448)) - ad6ddb9b-2ec3-4db0-9749-54a59d16dcc8@group-82D83097CC3E-LeaderElection17 ELECTION round 0: submit vote requests at term 1 for conf: {index: -1, cur=peers:[ad6ddb9b-2ec3-4db0-9749-54a59d16dcc8|127.0.0.1:15049]|listeners:[], old=null}
2025-09-28 08:46:45,965 [ad6ddb9b-2ec3-4db0-9749-54a59d16dcc8@group-82D83097CC3E-LeaderElection17] INFO  impl.LeaderElection (LeaderElection.java:askForVotes(450)) - ad6ddb9b-2ec3-4db0-9749-54a59d16dcc8@group-82D83097CC3E-LeaderElection17 ELECTION round 0: result PASSED (term=1)
2025-09-28 08:46:45,965 [ad6ddb9b-2ec3-4db0-9749-54a59d16dcc8@group-82D83097CC3E-LeaderElection17] INFO  impl.RoleInfo (RoleInfo.java:shutdownLeaderElection(141)) - ad6ddb9b-2ec3-4db0-9749-54a59d16dcc8: shutdown ad6ddb9b-2ec3-4db0-9749-54a59d16dcc8@group-82D83097CC3E-LeaderElection17
2025-09-28 08:46:45,965 [ad6ddb9b-2ec3-4db0-9749-54a59d16dcc8@group-82D83097CC3E-LeaderElection17] INFO  server.RaftServer$Division (RaftServerImpl.java:setRole(392)) - ad6ddb9b-2ec3-4db0-9749-54a59d16dcc8@group-82D83097CC3E: changes role from CANDIDATE to LEADER at term 1 for changeToLeader
2025-09-28 08:46:45,965 [ad6ddb9b-2ec3-4db0-9749-54a59d16dcc8@group-82D83097CC3E-LeaderElection17] INFO  server.RaftServerConfigKeys (ConfUtils.java:logFallback(69)) - raft.server.staging.timeout = 15600ms (fallback to raft.server.rpc.timeout.max)
2025-09-28 08:46:45,966 [ad6ddb9b-2ec3-4db0-9749-54a59d16dcc8@group-82D83097CC3E-LeaderElection17] INFO  server.RaftServerConfigKeys (ConfUtils.java:logGet(62)) - raft.server.write.element-limit = 1024 (custom)
2025-09-28 08:46:45,966 [ad6ddb9b-2ec3-4db0-9749-54a59d16dcc8@group-82D83097CC3E-LeaderElection17] INFO  server.RaftServerConfigKeys (ConfUtils.java:logGet(62)) - raft.server.write.byte-limit = 1024 M (=1073741824) (custom)
2025-09-28 08:46:45,966 [ad6ddb9b-2ec3-4db0-9749-54a59d16dcc8@group-82D83097CC3E-LeaderElection17] INFO  server.RaftServerConfigKeys (ConfUtils.java:logGet(62)) - raft.server.watch.timeout = 30s (custom)
2025-09-28 08:46:45,966 [ad6ddb9b-2ec3-4db0-9749-54a59d16dcc8@group-82D83097CC3E-LeaderElection17] INFO  server.RaftServerConfigKeys (ConfUtils.java:logGet(62)) - raft.server.log.log-metadata.enabled = true (default)
2025-09-28 08:46:45,966 [ad6ddb9b-2ec3-4db0-9749-54a59d16dcc8@group-82D83097CC3E-LeaderElection17] INFO  impl.RoleInfo (RoleInfo.java:updateAndGet(148)) - ad6ddb9b-2ec3-4db0-9749-54a59d16dcc8: start ad6ddb9b-2ec3-4db0-9749-54a59d16dcc8@group-82D83097CC3E-LeaderStateImpl
2025-09-28 08:46:45,966 [ad6ddb9b-2ec3-4db0-9749-54a59d16dcc8@group-82D83097CC3E-LeaderElection17] INFO  server.RaftServer$Division (RaftServerImpl.java:setFirstElection(576)) - ad6ddb9b-2ec3-4db0-9749-54a59d16dcc8@group-82D83097CC3E: set firstElectionSinceStartup to false for becomeLeader
2025-09-28 08:46:45,966 [ad6ddb9b-2ec3-4db0-9749-54a59d16dcc8@group-82D83097CC3E-LeaderElection17] INFO  ratis.XceiverServerRatis (XceiverServerRatis.java:handleLeaderChangedNotification(940)) - Leader change notification received for group: group-82D83097CC3E with new leaderId: ad6ddb9b-2ec3-4db0-9749-54a59d16dcc8
2025-09-28 08:46:45,966 [ad6ddb9b-2ec3-4db0-9749-54a59d16dcc8@group-82D83097CC3E-LeaderElection17] INFO  server.RaftServer$Division (ServerState.java:setLeader(272)) - ad6ddb9b-2ec3-4db0-9749-54a59d16dcc8@group-82D83097CC3E: change Leader from null to ad6ddb9b-2ec3-4db0-9749-54a59d16dcc8 at term 1 for becomeLeader, leader elected after 1068ms
2025-09-28 08:46:45,967 [ad6ddb9b-2ec3-4db0-9749-54a59d16dcc8@group-82D83097CC3E-LeaderElection17] INFO  segmented.SegmentedRaftLogWorker (SegmentedRaftLogWorker.java:startLogSegment(440)) - ad6ddb9b-2ec3-4db0-9749-54a59d16dcc8@group-82D83097CC3E-SegmentedRaftLogWorker: Starting segment from index:0
2025-09-28 08:46:45,967 [ad6ddb9b-2ec3-4db0-9749-54a59d16dcc8@group-82D83097CC3E-LeaderElection17] INFO  server.RaftServer$Division (ServerState.java:setRaftConf(386)) - ad6ddb9b-2ec3-4db0-9749-54a59d16dcc8@group-82D83097CC3E: set configuration conf: {index: 0, cur=peers:[ad6ddb9b-2ec3-4db0-9749-54a59d16dcc8|127.0.0.1:15049]|listeners:[], old=null}
2025-09-28 08:46:45,967 [ad6ddb9b-2ec3-4db0-9749-54a59d16dcc8@group-82D83097CC3E-SegmentedRaftLogWorker] INFO  segmented.BufferedWriteChannel (BufferedWriteChannel.java:open(61)) - open log_inprogress_0 at position 0
2025-09-28 08:46:45,968 [EventQueue-PipelineReportForOneReplicaPipelineSafeModeRule] INFO  safemode.SCMSafeModeManager (SCMSafeModeManager.java:validateSafeModeExitRules(138)) - AtleastOneDatanodeReportedRule rule is successfully validated
2025-09-28 08:46:45,971 [ad6ddb9b-2ec3-4db0-9749-54a59d16dcc8@group-82D83097CC3E-SegmentedRaftLogWorker] INFO  segmented.SegmentedRaftLogWorker (SegmentedRaftLogWorker.java:execute(647)) - ad6ddb9b-2ec3-4db0-9749-54a59d16dcc8@group-82D83097CC3E-SegmentedRaftLogWorker: created new log segment /home/runner/work/ozone/ozone/hadoop-ozone/integration-test/target/test-dir/MiniOzoneClusterImpl-ffd4f26c-0daa-4d09-bef2-86add17b79f3/ozone-metadata/datanode-1/ratis/4f494820-e9af-46db-adfc-82d83097cc3e/current/log_inprogress_0
2025-09-28 08:46:45,973 [ad6ddb9b-2ec3-4db0-9749-54a59d16dcc8@group-82D83097CC3E-StateMachineUpdater] INFO  server.RaftServer$Division (LeaderStateImpl.java:checkStartIndex(309)) - Leader ad6ddb9b-2ec3-4db0-9749-54a59d16dcc8@group-82D83097CC3E-LeaderStateImpl is ready since appliedIndex == startIndex == 0
2025-09-28 08:46:46,065 [7493dade-fd93-43aa-a8ed-41de39203fc7@group-466440D82061-FollowerState] INFO  impl.FollowerState (FollowerState.java:runImpl(161)) - 7493dade-fd93-43aa-a8ed-41de39203fc7@group-466440D82061-FollowerState: change to CANDIDATE, lastRpcElapsedTime:1096661265ns, electionTimeout:1096ms
2025-09-28 08:46:46,065 [7493dade-fd93-43aa-a8ed-41de39203fc7@group-466440D82061-FollowerState] INFO  impl.RoleInfo (RoleInfo.java:shutdownFollowerState(121)) - 7493dade-fd93-43aa-a8ed-41de39203fc7: shutdown 7493dade-fd93-43aa-a8ed-41de39203fc7@group-466440D82061-FollowerState
2025-09-28 08:46:46,065 [7493dade-fd93-43aa-a8ed-41de39203fc7@group-466440D82061-FollowerState] INFO  server.RaftServer$Division (RaftServerImpl.java:setRole(392)) - 7493dade-fd93-43aa-a8ed-41de39203fc7@group-466440D82061: changes role from  FOLLOWER to CANDIDATE at term 0 for changeToCandidate
2025-09-28 08:46:46,066 [7493dade-fd93-43aa-a8ed-41de39203fc7@group-466440D82061-FollowerState] INFO  impl.RoleInfo (RoleInfo.java:updateAndGet(148)) - 7493dade-fd93-43aa-a8ed-41de39203fc7: start 7493dade-fd93-43aa-a8ed-41de39203fc7@group-466440D82061-LeaderElection18
2025-09-28 08:46:46,066 [7493dade-fd93-43aa-a8ed-41de39203fc7@group-466440D82061-LeaderElection18] INFO  impl.LeaderElection (LeaderElection.java:askForVotes(448)) - 7493dade-fd93-43aa-a8ed-41de39203fc7@group-466440D82061-LeaderElection18 PRE_VOTE round 0: submit vote requests at term 0 for conf: {index: -1, cur=peers:[ad6ddb9b-2ec3-4db0-9749-54a59d16dcc8|127.0.0.1:15049, 128ca0df-c3af-4349-97d3-3b5d7a5e16d4|127.0.0.1:15057, 7493dade-fd93-43aa-a8ed-41de39203fc7|127.0.0.1:15065]|listeners:[], old=null}
2025-09-28 08:46:46,066 [7493dade-fd93-43aa-a8ed-41de39203fc7@group-466440D82061-LeaderElection18-1] INFO  server.GrpcServerProtocolClient (GrpcServerProtocolClient.java:<init>(65)) - Build channel for ad6ddb9b-2ec3-4db0-9749-54a59d16dcc8|127.0.0.1:15049
2025-09-28 08:46:46,067 [7493dade-fd93-43aa-a8ed-41de39203fc7@group-466440D82061-LeaderElection18-2] INFO  server.GrpcServerProtocolClient (GrpcServerProtocolClient.java:<init>(65)) - Build channel for 128ca0df-c3af-4349-97d3-3b5d7a5e16d4|127.0.0.1:15057
2025-09-28 08:46:46,071 [grpc-default-executor-8] INFO  server.RaftServer$Division (RaftServerImpl.java:requestVote(1421)) - 128ca0df-c3af-4349-97d3-3b5d7a5e16d4@group-466440D82061: receive requestVote(PRE_VOTE, 7493dade-fd93-43aa-a8ed-41de39203fc7, group-466440D82061, 0, <PROTO_DEFAULT>)
2025-09-28 08:46:46,071 [grpc-default-executor-0] INFO  server.RaftServer$Division (RaftServerImpl.java:requestVote(1421)) - ad6ddb9b-2ec3-4db0-9749-54a59d16dcc8@group-466440D82061: receive requestVote(PRE_VOTE, 7493dade-fd93-43aa-a8ed-41de39203fc7, group-466440D82061, 0, <PROTO_DEFAULT>)
2025-09-28 08:46:46,071 [grpc-default-executor-8] INFO  impl.VoteContext (VoteContext.java:log(49)) - 128ca0df-c3af-4349-97d3-3b5d7a5e16d4@group-466440D82061-FOLLOWER: accept PRE_VOTE from 7493dade-fd93-43aa-a8ed-41de39203fc7: our priority 0 <= candidate's priority 1
2025-09-28 08:46:46,071 [grpc-default-executor-0] INFO  impl.VoteContext (VoteContext.java:log(49)) - ad6ddb9b-2ec3-4db0-9749-54a59d16dcc8@group-466440D82061-FOLLOWER: accept PRE_VOTE from 7493dade-fd93-43aa-a8ed-41de39203fc7: our priority 0 <= candidate's priority 1
2025-09-28 08:46:46,072 [grpc-default-executor-8] INFO  server.RaftServer$Division (RaftServerImpl.java:requestVote(1455)) - 128ca0df-c3af-4349-97d3-3b5d7a5e16d4@group-466440D82061 replies to PRE_VOTE vote request: 7493dade-fd93-43aa-a8ed-41de39203fc7<-128ca0df-c3af-4349-97d3-3b5d7a5e16d4#0:OK-t0-last:<INITIAL_VALUE>. Peer's state: 128ca0df-c3af-4349-97d3-3b5d7a5e16d4@group-466440D82061:t0, leader=null, voted=, raftlog=Memoized:128ca0df-c3af-4349-97d3-3b5d7a5e16d4@group-466440D82061-SegmentedRaftLog:OPENED:c-1:lastnull, conf=conf: {index: -1, cur=peers:[ad6ddb9b-2ec3-4db0-9749-54a59d16dcc8|127.0.0.1:15049, 128ca0df-c3af-4349-97d3-3b5d7a5e16d4|127.0.0.1:15057, 7493dade-fd93-43aa-a8ed-41de39203fc7|127.0.0.1:15065]|listeners:[], old=null}
2025-09-28 08:46:46,072 [grpc-default-executor-0] INFO  server.RaftServer$Division (RaftServerImpl.java:requestVote(1455)) - ad6ddb9b-2ec3-4db0-9749-54a59d16dcc8@group-466440D82061 replies to PRE_VOTE vote request: 7493dade-fd93-43aa-a8ed-41de39203fc7<-ad6ddb9b-2ec3-4db0-9749-54a59d16dcc8#0:OK-t0-last:<INITIAL_VALUE>. Peer's state: ad6ddb9b-2ec3-4db0-9749-54a59d16dcc8@group-466440D82061:t0, leader=null, voted=, raftlog=Memoized:ad6ddb9b-2ec3-4db0-9749-54a59d16dcc8@group-466440D82061-SegmentedRaftLog:OPENED:c-1:lastnull, conf=conf: {index: -1, cur=peers:[ad6ddb9b-2ec3-4db0-9749-54a59d16dcc8|127.0.0.1:15049, 128ca0df-c3af-4349-97d3-3b5d7a5e16d4|127.0.0.1:15057, 7493dade-fd93-43aa-a8ed-41de39203fc7|127.0.0.1:15065]|listeners:[], old=null}
2025-09-28 08:46:46,073 [7493dade-fd93-43aa-a8ed-41de39203fc7@group-466440D82061-LeaderElection18] INFO  impl.LeaderElection (LeaderElection.java:logAndReturn(206)) - 7493dade-fd93-43aa-a8ed-41de39203fc7@group-466440D82061-LeaderElection18: PRE_VOTE PASSED received 1 response(s) and 0 exception(s):
2025-09-28 08:46:46,073 [7493dade-fd93-43aa-a8ed-41de39203fc7@group-466440D82061-LeaderElection18] INFO  impl.LeaderElection (LeaderElection.java:logAndReturn(210)) -   Response 0: 7493dade-fd93-43aa-a8ed-41de39203fc7<-128ca0df-c3af-4349-97d3-3b5d7a5e16d4#0:OK-t0-last:<INITIAL_VALUE>
2025-09-28 08:46:46,073 [7493dade-fd93-43aa-a8ed-41de39203fc7@group-466440D82061-LeaderElection18] INFO  impl.LeaderElection (LeaderElection.java:askForVotes(450)) - 7493dade-fd93-43aa-a8ed-41de39203fc7@group-466440D82061-LeaderElection18 PRE_VOTE round 0: result PASSED
2025-09-28 08:46:46,075 [7493dade-fd93-43aa-a8ed-41de39203fc7@group-466440D82061-LeaderElection18] INFO  impl.LeaderElection (LeaderElection.java:askForVotes(448)) - 7493dade-fd93-43aa-a8ed-41de39203fc7@group-466440D82061-LeaderElection18 ELECTION round 0: submit vote requests at term 1 for conf: {index: -1, cur=peers:[ad6ddb9b-2ec3-4db0-9749-54a59d16dcc8|127.0.0.1:15049, 128ca0df-c3af-4349-97d3-3b5d7a5e16d4|127.0.0.1:15057, 7493dade-fd93-43aa-a8ed-41de39203fc7|127.0.0.1:15065]|listeners:[], old=null}
2025-09-28 08:46:46,076 [grpc-default-executor-8] INFO  server.RaftServer$Division (RaftServerImpl.java:requestVote(1421)) - ad6ddb9b-2ec3-4db0-9749-54a59d16dcc8@group-466440D82061: receive requestVote(ELECTION, 7493dade-fd93-43aa-a8ed-41de39203fc7, group-466440D82061, 1, <PROTO_DEFAULT>)
2025-09-28 08:46:46,076 [grpc-default-executor-8] INFO  impl.VoteContext (VoteContext.java:log(49)) - ad6ddb9b-2ec3-4db0-9749-54a59d16dcc8@group-466440D82061-FOLLOWER: accept ELECTION from 7493dade-fd93-43aa-a8ed-41de39203fc7: our priority 0 <= candidate's priority 1
2025-09-28 08:46:46,076 [grpc-default-executor-8] INFO  server.RaftServer$Division (RaftServerImpl.java:setRole(392)) - ad6ddb9b-2ec3-4db0-9749-54a59d16dcc8@group-466440D82061: changes role from  FOLLOWER to FOLLOWER at term 0 for candidate:7493dade-fd93-43aa-a8ed-41de39203fc7
2025-09-28 08:46:46,077 [grpc-default-executor-8] INFO  impl.RoleInfo (RoleInfo.java:shutdownFollowerState(121)) - ad6ddb9b-2ec3-4db0-9749-54a59d16dcc8: shutdown ad6ddb9b-2ec3-4db0-9749-54a59d16dcc8@group-466440D82061-FollowerState
2025-09-28 08:46:46,076 [grpc-default-executor-0] INFO  server.RaftServer$Division (RaftServerImpl.java:requestVote(1421)) - 128ca0df-c3af-4349-97d3-3b5d7a5e16d4@group-466440D82061: receive requestVote(ELECTION, 7493dade-fd93-43aa-a8ed-41de39203fc7, group-466440D82061, 1, <PROTO_DEFAULT>)
2025-09-28 08:46:46,077 [grpc-default-executor-8] INFO  impl.RoleInfo (RoleInfo.java:updateAndGet(148)) - ad6ddb9b-2ec3-4db0-9749-54a59d16dcc8: start ad6ddb9b-2ec3-4db0-9749-54a59d16dcc8@group-466440D82061-FollowerState
2025-09-28 08:46:46,077 [grpc-default-executor-0] INFO  impl.VoteContext (VoteContext.java:log(49)) - 128ca0df-c3af-4349-97d3-3b5d7a5e16d4@group-466440D82061-FOLLOWER: accept ELECTION from 7493dade-fd93-43aa-a8ed-41de39203fc7: our priority 0 <= candidate's priority 1
2025-09-28 08:46:46,077 [grpc-default-executor-0] INFO  server.RaftServer$Division (RaftServerImpl.java:setRole(392)) - 128ca0df-c3af-4349-97d3-3b5d7a5e16d4@group-466440D82061: changes role from  FOLLOWER to FOLLOWER at term 0 for candidate:7493dade-fd93-43aa-a8ed-41de39203fc7
2025-09-28 08:46:46,077 [grpc-default-executor-0] INFO  impl.RoleInfo (RoleInfo.java:shutdownFollowerState(121)) - 128ca0df-c3af-4349-97d3-3b5d7a5e16d4: shutdown 128ca0df-c3af-4349-97d3-3b5d7a5e16d4@group-466440D82061-FollowerState
2025-09-28 08:46:46,077 [grpc-default-executor-8] INFO  server.RaftServer$Division (RaftServerImpl.java:setFirstElection(576)) - ad6ddb9b-2ec3-4db0-9749-54a59d16dcc8@group-466440D82061: set firstElectionSinceStartup to false for candidate:7493dade-fd93-43aa-a8ed-41de39203fc7
2025-09-28 08:46:46,077 [128ca0df-c3af-4349-97d3-3b5d7a5e16d4@group-466440D82061-FollowerState] INFO  impl.FollowerState (FollowerState.java:runImpl(170)) - 128ca0df-c3af-4349-97d3-3b5d7a5e16d4@group-466440D82061-FollowerState was interrupted
2025-09-28 08:46:46,077 [grpc-default-executor-0] INFO  impl.RoleInfo (RoleInfo.java:updateAndGet(148)) - 128ca0df-c3af-4349-97d3-3b5d7a5e16d4: start 128ca0df-c3af-4349-97d3-3b5d7a5e16d4@group-466440D82061-FollowerState
2025-09-28 08:46:46,078 [grpc-default-executor-0] INFO  server.RaftServer$Division (RaftServerImpl.java:setFirstElection(576)) - 128ca0df-c3af-4349-97d3-3b5d7a5e16d4@group-466440D82061: set firstElectionSinceStartup to false for candidate:7493dade-fd93-43aa-a8ed-41de39203fc7
2025-09-28 08:46:46,078 [ad6ddb9b-2ec3-4db0-9749-54a59d16dcc8@group-466440D82061-FollowerState] INFO  impl.FollowerState (FollowerState.java:runImpl(170)) - ad6ddb9b-2ec3-4db0-9749-54a59d16dcc8@group-466440D82061-FollowerState was interrupted
2025-09-28 08:46:46,079 [grpc-default-executor-0] INFO  server.RaftServer$Division (RaftServerImpl.java:requestVote(1455)) - 128ca0df-c3af-4349-97d3-3b5d7a5e16d4@group-466440D82061 replies to ELECTION vote request: 7493dade-fd93-43aa-a8ed-41de39203fc7<-128ca0df-c3af-4349-97d3-3b5d7a5e16d4#0:OK-t1-last:<INITIAL_VALUE>. Peer's state: 128ca0df-c3af-4349-97d3-3b5d7a5e16d4@group-466440D82061:t1, leader=null, voted=7493dade-fd93-43aa-a8ed-41de39203fc7, raftlog=Memoized:128ca0df-c3af-4349-97d3-3b5d7a5e16d4@group-466440D82061-SegmentedRaftLog:OPENED:c-1:lastnull, conf=conf: {index: -1, cur=peers:[ad6ddb9b-2ec3-4db0-9749-54a59d16dcc8|127.0.0.1:15049, 128ca0df-c3af-4349-97d3-3b5d7a5e16d4|127.0.0.1:15057, 7493dade-fd93-43aa-a8ed-41de39203fc7|127.0.0.1:15065]|listeners:[], old=null}
2025-09-28 08:46:46,079 [grpc-default-executor-8] INFO  server.RaftServer$Division (RaftServerImpl.java:requestVote(1455)) - ad6ddb9b-2ec3-4db0-9749-54a59d16dcc8@group-466440D82061 replies to ELECTION vote request: 7493dade-fd93-43aa-a8ed-41de39203fc7<-ad6ddb9b-2ec3-4db0-9749-54a59d16dcc8#0:OK-t1-last:<INITIAL_VALUE>. Peer's state: ad6ddb9b-2ec3-4db0-9749-54a59d16dcc8@group-466440D82061:t1, leader=null, voted=7493dade-fd93-43aa-a8ed-41de39203fc7, raftlog=Memoized:ad6ddb9b-2ec3-4db0-9749-54a59d16dcc8@group-466440D82061-SegmentedRaftLog:OPENED:c-1:lastnull, conf=conf: {index: -1, cur=peers:[ad6ddb9b-2ec3-4db0-9749-54a59d16dcc8|127.0.0.1:15049, 128ca0df-c3af-4349-97d3-3b5d7a5e16d4|127.0.0.1:15057, 7493dade-fd93-43aa-a8ed-41de39203fc7|127.0.0.1:15065]|listeners:[], old=null}
2025-09-28 08:46:46,079 [7493dade-fd93-43aa-a8ed-41de39203fc7@group-466440D82061-LeaderElection18] INFO  impl.LeaderElection (LeaderElection.java:logAndReturn(206)) - 7493dade-fd93-43aa-a8ed-41de39203fc7@group-466440D82061-LeaderElection18: ELECTION PASSED received 1 response(s) and 0 exception(s):
2025-09-28 08:46:46,080 [7493dade-fd93-43aa-a8ed-41de39203fc7@group-466440D82061-LeaderElection18] INFO  impl.LeaderElection (LeaderElection.java:logAndReturn(210)) -   Response 0: 7493dade-fd93-43aa-a8ed-41de39203fc7<-ad6ddb9b-2ec3-4db0-9749-54a59d16dcc8#0:OK-t1-last:<INITIAL_VALUE>
2025-09-28 08:46:46,080 [7493dade-fd93-43aa-a8ed-41de39203fc7@group-466440D82061-LeaderElection18] INFO  impl.LeaderElection (LeaderElection.java:askForVotes(450)) - 7493dade-fd93-43aa-a8ed-41de39203fc7@group-466440D82061-LeaderElection18 ELECTION round 0: result PASSED
2025-09-28 08:46:46,080 [7493dade-fd93-43aa-a8ed-41de39203fc7@group-466440D82061-LeaderElection18] INFO  impl.RoleInfo (RoleInfo.java:shutdownLeaderElection(141)) - 7493dade-fd93-43aa-a8ed-41de39203fc7: shutdown 7493dade-fd93-43aa-a8ed-41de39203fc7@group-466440D82061-LeaderElection18
2025-09-28 08:46:46,080 [7493dade-fd93-43aa-a8ed-41de39203fc7@group-466440D82061-LeaderElection18] INFO  server.RaftServer$Division (RaftServerImpl.java:setRole(392)) - 7493dade-fd93-43aa-a8ed-41de39203fc7@group-466440D82061: changes role from CANDIDATE to LEADER at term 1 for changeToLeader
2025-09-28 08:46:46,080 [7493dade-fd93-43aa-a8ed-41de39203fc7@group-466440D82061-LeaderElection18] INFO  server.RaftServerConfigKeys (ConfUtils.java:logFallback(69)) - raft.server.staging.timeout = 15600ms (fallback to raft.server.rpc.timeout.max)
2025-09-28 08:46:46,080 [7493dade-fd93-43aa-a8ed-41de39203fc7@group-466440D82061-LeaderElection18] INFO  server.RaftServerConfigKeys (ConfUtils.java:logGet(62)) - raft.server.write.byte-limit = 1024 M (=1073741824) (custom)
2025-09-28 08:46:46,081 [7493dade-fd93-43aa-a8ed-41de39203fc7@group-466440D82061-LeaderElection18] INFO  server.RaftServerConfigKeys (ConfUtils.java:logGet(62)) - raft.server.log.appender.buffer.byte-limit = 33554432 (custom)
2025-09-28 08:46:46,081 [7493dade-fd93-43aa-a8ed-41de39203fc7@group-466440D82061-LeaderElection18] INFO  server.RaftServerConfigKeys (ConfUtils.java:logGet(62)) - raft.server.log.appender.buffer.byte-limit = 33554432 (custom)
2025-09-28 08:46:46,081 [7493dade-fd93-43aa-a8ed-41de39203fc7@group-466440D82061-LeaderElection18] INFO  impl.RoleInfo (RoleInfo.java:updateAndGet(148)) - 7493dade-fd93-43aa-a8ed-41de39203fc7: start 7493dade-fd93-43aa-a8ed-41de39203fc7@group-466440D82061-LeaderStateImpl
2025-09-28 08:46:46,081 [7493dade-fd93-43aa-a8ed-41de39203fc7@group-466440D82061-LeaderElection18] INFO  server.RaftServer$Division (RaftServerImpl.java:setFirstElection(576)) - 7493dade-fd93-43aa-a8ed-41de39203fc7@group-466440D82061: set firstElectionSinceStartup to false for becomeLeader
2025-09-28 08:46:46,081 [7493dade-fd93-43aa-a8ed-41de39203fc7@group-466440D82061-LeaderElection18] INFO  ratis.XceiverServerRatis (XceiverServerRatis.java:handleLeaderChangedNotification(940)) - Leader change notification received for group: group-466440D82061 with new leaderId: 7493dade-fd93-43aa-a8ed-41de39203fc7
2025-09-28 08:46:46,082 [7493dade-fd93-43aa-a8ed-41de39203fc7@group-466440D82061-LeaderElection18] INFO  server.RaftServer$Division (ServerState.java:setLeader(272)) - 7493dade-fd93-43aa-a8ed-41de39203fc7@group-466440D82061: change Leader from null to 7493dade-fd93-43aa-a8ed-41de39203fc7 at term 1 for becomeLeader, leader elected after 1137ms
2025-09-28 08:46:46,082 [7493dade-fd93-43aa-a8ed-41de39203fc7@group-466440D82061-LeaderElection18] INFO  segmented.SegmentedRaftLogWorker (SegmentedRaftLogWorker.java:startLogSegment(440)) - 7493dade-fd93-43aa-a8ed-41de39203fc7@group-466440D82061-SegmentedRaftLogWorker: Starting segment from index:0
2025-09-28 08:46:46,082 [7493dade-fd93-43aa-a8ed-41de39203fc7@group-466440D82061-LeaderElection18] INFO  server.RaftServer$Division (ServerState.java:setRaftConf(386)) - 7493dade-fd93-43aa-a8ed-41de39203fc7@group-466440D82061: set configuration conf: {index: 0, cur=peers:[ad6ddb9b-2ec3-4db0-9749-54a59d16dcc8|127.0.0.1:15049, 128ca0df-c3af-4349-97d3-3b5d7a5e16d4|127.0.0.1:15057, 7493dade-fd93-43aa-a8ed-41de39203fc7|127.0.0.1:15065]|listeners:[], old=null}
2025-09-28 08:46:46,082 [7493dade-fd93-43aa-a8ed-41de39203fc7@group-466440D82061-SegmentedRaftLogWorker] INFO  segmented.BufferedWriteChannel (BufferedWriteChannel.java:open(61)) - open log_inprogress_0 at position 0
2025-09-28 08:46:46,084 [EventQueue-PipelineReportForOneReplicaPipelineSafeModeRule] INFO  safemode.SCMSafeModeManager (SCMSafeModeManager.java:validateSafeModeExitRules(138)) - AtleastOneDatanodeReportedRule rule is successfully validated
2025-09-28 08:46:46,088 [grpc-default-executor-8] INFO  ratis.XceiverServerRatis (XceiverServerRatis.java:handleLeaderChangedNotification(940)) - Leader change notification received for group: group-466440D82061 with new leaderId: 7493dade-fd93-43aa-a8ed-41de39203fc7
2025-09-28 08:46:46,089 [7493dade-fd93-43aa-a8ed-41de39203fc7@group-466440D82061-SegmentedRaftLogWorker] INFO  segmented.SegmentedRaftLogWorker (SegmentedRaftLogWorker.java:execute(647)) - 7493dade-fd93-43aa-a8ed-41de39203fc7@group-466440D82061-SegmentedRaftLogWorker: created new log segment /home/runner/work/ozone/ozone/hadoop-ozone/integration-test/target/test-dir/MiniOzoneClusterImpl-ffd4f26c-0daa-4d09-bef2-86add17b79f3/ozone-metadata/datanode-3/ratis/ead6980e-d25d-4ed2-9943-466440d82061/current/log_inprogress_0
2025-09-28 08:46:46,088 [a4a824a0-2283-4935-bdba-9632c468a4b2@group-86ADD17B79F3-StateMachineUpdater] INFO  safemode.SCMSafeModeManager (SCMSafeModeManager.java:validateSafeModeExitRules(138)) - DataNodeSafeModeRule rule is successfully validated
2025-09-28 08:46:46,089 [a4a824a0-2283-4935-bdba-9632c468a4b2@group-86ADD17B79F3-StateMachineUpdater] INFO  safemode.SCMSafeModeManager (SCMSafeModeManager.java:validateSafeModeExitRules(138)) - RatisContainerSafeModeRule rule is successfully validated
2025-09-28 08:46:46,089 [grpc-default-executor-4] INFO  ratis.XceiverServerRatis (XceiverServerRatis.java:handleLeaderChangedNotification(940)) - Leader change notification received for group: group-466440D82061 with new leaderId: 7493dade-fd93-43aa-a8ed-41de39203fc7
2025-09-28 08:46:46,089 [grpc-default-executor-4] INFO  server.RaftServer$Division (ServerState.java:setLeader(272)) - ad6ddb9b-2ec3-4db0-9749-54a59d16dcc8@group-466440D82061: change Leader from null to 7493dade-fd93-43aa-a8ed-41de39203fc7 at term 1 for appendEntries, leader elected after 1171ms
2025-09-28 08:46:46,089 [a4a824a0-2283-4935-bdba-9632c468a4b2@group-86ADD17B79F3-StateMachineUpdater] INFO  safemode.HealthyPipelineSafeModeRule (HealthyPipelineSafeModeRule.java:initializeRule(228)) - Refreshed total pipeline count is 1, healthy pipeline threshold count is 1
2025-09-28 08:46:46,090 [a4a824a0-2283-4935-bdba-9632c468a4b2@group-86ADD17B79F3-StateMachineUpdater] INFO  safemode.SCMSafeModeManager (SCMSafeModeManager.java:validateSafeModeExitRules(138)) - ECContainerSafeModeRule rule is successfully validated
2025-09-28 08:46:46,090 [a4a824a0-2283-4935-bdba-9632c468a4b2@group-86ADD17B79F3-StateMachineUpdater] INFO  safemode.SCMSafeModeManager (SCMSafeModeManager.java:validateSafeModeExitRules(138)) - AtleastOneDatanodeReportedRule rule is successfully validated
2025-09-28 08:46:46,090 [grpc-default-executor-8] INFO  server.RaftServer$Division (ServerState.java:setLeader(272)) - 128ca0df-c3af-4349-97d3-3b5d7a5e16d4@group-466440D82061: change Leader from null to 7493dade-fd93-43aa-a8ed-41de39203fc7 at term 1 for appendEntries, leader elected after 1101ms
2025-09-28 08:46:46,090 [EventQueue-PipelineReportForPipelineReportHandler] INFO  pipeline.PipelineReportHandler (PipelineReportHandler.java:processPipelineReport(132)) - Opened pipeline Pipeline-ead6980e-d25d-4ed2-9943-466440d82061
2025-09-28 08:46:46,090 [EventQueue-OpenPipelineForHealthyPipelineSafeModeRule] INFO  safemode.SCMSafeModeManager (HealthyPipelineSafeModeRule.java:process(196)) - SCM in safe mode. Healthy pipelines reported count is 1, required healthy pipeline reported count is 1
2025-09-28 08:46:46,090 [EventQueue-OpenPipelineForHealthyPipelineSafeModeRule] INFO  safemode.SCMSafeModeManager (SCMSafeModeManager.java:validateSafeModeExitRules(138)) - HealthyPipelineSafeModeRule rule is successfully validated
2025-09-28 08:46:46,090 [EventQueue-OpenPipelineForHealthyPipelineSafeModeRule] INFO  safemode.SCMSafeModeManager (SCMSafeModeManager.java:validateSafeModeExitRules(158)) - ScmSafeModeManager, all rules are successfully validated
2025-09-28 08:46:46,090 [EventQueue-OpenPipelineForHealthyPipelineSafeModeRule] INFO  safemode.SCMSafeModeManager (SCMSafeModeManager.java:validateSafeModeExitRules(159)) - SCM exiting safe mode.
2025-09-28 08:46:46,090 [EventQueue-OpenPipelineForHealthyPipelineSafeModeRule] INFO  ha.SCMContext (SCMContext.java:updateSafeModeStatus(224)) - Update SafeModeStatus from SafeModeStatus{safeModeStatus=true, preCheckPassed=true} to SafeModeStatus{safeModeStatus=false, preCheckPassed=true}.
2025-09-28 08:46:46,090 [EventQueue-OpenPipelineForHealthyPipelineSafeModeRule] INFO  BackgroundPipelineScrubber (BackgroundSCMService.java:notifyStatusChanged(78)) - Service BackgroundPipelineScrubber transitions to RUNNING.
2025-09-28 08:46:46,090 [EventQueue-OpenPipelineForHealthyPipelineSafeModeRule] INFO  ExpiredContainerReplicaOpScrubber (BackgroundSCMService.java:notifyStatusChanged(78)) - Service ExpiredContainerReplicaOpScrubber transitions to RUNNING.
2025-09-28 08:46:46,090 [EventQueue-OpenPipelineForHealthyPipelineSafeModeRule] INFO  block.SCMBlockDeletingService (SCMBlockDeletingService.java:notifyStatusChanged(265)) - notifyStatusChanged:RUNNING
2025-09-28 08:46:46,090 [EventQueue-OpenPipelineForHealthyPipelineSafeModeRule] INFO  replication.ReplicationManager (ReplicationManager.java:notifyStatusChanged(1389)) - Service ReplicationManager transitions to RUNNING.
2025-09-28 08:46:46,091 [EventQueue-OpenPipelineForHealthyPipelineSafeModeRule] WARN  balancer.ContainerBalancer (ContainerBalancer.java:shouldRun(136)) - Could not find persisted configuration for ContainerBalancer when checking if ContainerBalancer should run. ContainerBalancer should not run now.
2025-09-28 08:46:46,091 [EventQueue-OpenPipelineForHealthyPipelineSafeModeRule] INFO  SCMHATransactionMonitor (BackgroundSCMService.java:notifyStatusChanged(78)) - Service SCMHATransactionMonitor transitions to RUNNING.
2025-09-28 08:46:46,091 [grpc-default-executor-1] INFO  server.RaftServer$Division (ServerState.java:setRaftConf(386)) - 128ca0df-c3af-4349-97d3-3b5d7a5e16d4@group-466440D82061: set configuration conf: {index: 0, cur=peers:[ad6ddb9b-2ec3-4db0-9749-54a59d16dcc8|127.0.0.1:15049, 128ca0df-c3af-4349-97d3-3b5d7a5e16d4|127.0.0.1:15057, 7493dade-fd93-43aa-a8ed-41de39203fc7|127.0.0.1:15065]|listeners:[], old=null}
2025-09-28 08:46:46,091 [grpc-default-executor-1] INFO  segmented.SegmentedRaftLogWorker (SegmentedRaftLogWorker.java:startLogSegment(440)) - 128ca0df-c3af-4349-97d3-3b5d7a5e16d4@group-466440D82061-SegmentedRaftLogWorker: Starting segment from index:0
2025-09-28 08:46:46,092 [128ca0df-c3af-4349-97d3-3b5d7a5e16d4@group-466440D82061-SegmentedRaftLogWorker] INFO  segmented.BufferedWriteChannel (BufferedWriteChannel.java:open(61)) - open log_inprogress_0 at position 0
2025-09-28 08:46:46,092 [grpc-default-executor-1] INFO  server.RaftServer$Division (ServerState.java:setRaftConf(386)) - ad6ddb9b-2ec3-4db0-9749-54a59d16dcc8@group-466440D82061: set configuration conf: {index: 0, cur=peers:[ad6ddb9b-2ec3-4db0-9749-54a59d16dcc8|127.0.0.1:15049, 128ca0df-c3af-4349-97d3-3b5d7a5e16d4|127.0.0.1:15057, 7493dade-fd93-43aa-a8ed-41de39203fc7|127.0.0.1:15065]|listeners:[], old=null}
2025-09-28 08:46:46,093 [grpc-default-executor-1] INFO  segmented.SegmentedRaftLogWorker (SegmentedRaftLogWorker.java:startLogSegment(440)) - ad6ddb9b-2ec3-4db0-9749-54a59d16dcc8@group-466440D82061-SegmentedRaftLogWorker: Starting segment from index:0
2025-09-28 08:46:46,093 [ad6ddb9b-2ec3-4db0-9749-54a59d16dcc8@group-466440D82061-SegmentedRaftLogWorker] INFO  segmented.BufferedWriteChannel (BufferedWriteChannel.java:open(61)) - open log_inprogress_0 at position 0
2025-09-28 08:46:46,097 [128ca0df-c3af-4349-97d3-3b5d7a5e16d4@group-466440D82061-SegmentedRaftLogWorker] INFO  segmented.SegmentedRaftLogWorker (SegmentedRaftLogWorker.java:execute(647)) - 128ca0df-c3af-4349-97d3-3b5d7a5e16d4@group-466440D82061-SegmentedRaftLogWorker: created new log segment /home/runner/work/ozone/ozone/hadoop-ozone/integration-test/target/test-dir/MiniOzoneClusterImpl-ffd4f26c-0daa-4d09-bef2-86add17b79f3/ozone-metadata/datanode-2/ratis/ead6980e-d25d-4ed2-9943-466440d82061/current/log_inprogress_0
2025-09-28 08:46:46,097 [ad6ddb9b-2ec3-4db0-9749-54a59d16dcc8@group-466440D82061-SegmentedRaftLogWorker] INFO  segmented.SegmentedRaftLogWorker (SegmentedRaftLogWorker.java:execute(647)) - ad6ddb9b-2ec3-4db0-9749-54a59d16dcc8@group-466440D82061-SegmentedRaftLogWorker: created new log segment /home/runner/work/ozone/ozone/hadoop-ozone/integration-test/target/test-dir/MiniOzoneClusterImpl-ffd4f26c-0daa-4d09-bef2-86add17b79f3/ozone-metadata/datanode-1/ratis/ead6980e-d25d-4ed2-9943-466440d82061/current/log_inprogress_0
2025-09-28 08:46:46,099 [7493dade-fd93-43aa-a8ed-41de39203fc7@group-466440D82061-StateMachineUpdater] INFO  server.RaftServer$Division (LeaderStateImpl.java:checkStartIndex(309)) - Leader 7493dade-fd93-43aa-a8ed-41de39203fc7@group-466440D82061-LeaderStateImpl is ready since appliedIndex == startIndex == 0
2025-09-28 08:46:46,120 [7493dade-fd93-43aa-a8ed-41de39203fc7@group-3E4BEFD7941B-FollowerState] INFO  impl.FollowerState (FollowerState.java:runImpl(161)) - 7493dade-fd93-43aa-a8ed-41de39203fc7@group-3E4BEFD7941B-FollowerState: change to CANDIDATE, lastRpcElapsedTime:1051322493ns, electionTimeout:1051ms
2025-09-28 08:46:46,120 [ad6ddb9b-2ec3-4db0-9749-54a59d16dcc8@group-3E4BEFD7941B-FollowerState] INFO  impl.FollowerState (FollowerState.java:runImpl(161)) - ad6ddb9b-2ec3-4db0-9749-54a59d16dcc8@group-3E4BEFD7941B-FollowerState: change to CANDIDATE, lastRpcElapsedTime:1079695326ns, electionTimeout:1079ms
2025-09-28 08:46:46,121 [ad6ddb9b-2ec3-4db0-9749-54a59d16dcc8@group-3E4BEFD7941B-FollowerState] INFO  impl.RoleInfo (RoleInfo.java:shutdownFollowerState(121)) - ad6ddb9b-2ec3-4db0-9749-54a59d16dcc8: shutdown ad6ddb9b-2ec3-4db0-9749-54a59d16dcc8@group-3E4BEFD7941B-FollowerState
2025-09-28 08:46:46,121 [7493dade-fd93-43aa-a8ed-41de39203fc7@group-3E4BEFD7941B-FollowerState] INFO  impl.RoleInfo (RoleInfo.java:shutdownFollowerState(121)) - 7493dade-fd93-43aa-a8ed-41de39203fc7: shutdown 7493dade-fd93-43aa-a8ed-41de39203fc7@group-3E4BEFD7941B-FollowerState
2025-09-28 08:46:46,121 [7493dade-fd93-43aa-a8ed-41de39203fc7@group-3E4BEFD7941B-FollowerState] INFO  server.RaftServer$Division (RaftServerImpl.java:setRole(392)) - 7493dade-fd93-43aa-a8ed-41de39203fc7@group-3E4BEFD7941B: changes role from  FOLLOWER to CANDIDATE at term 0 for changeToCandidate
2025-09-28 08:46:46,121 [ad6ddb9b-2ec3-4db0-9749-54a59d16dcc8@group-3E4BEFD7941B-FollowerState] INFO  server.RaftServer$Division (RaftServerImpl.java:setRole(392)) - ad6ddb9b-2ec3-4db0-9749-54a59d16dcc8@group-3E4BEFD7941B: changes role from  FOLLOWER to CANDIDATE at term 0 for changeToCandidate
2025-09-28 08:46:46,121 [7493dade-fd93-43aa-a8ed-41de39203fc7@group-3E4BEFD7941B-FollowerState] INFO  impl.RoleInfo (RoleInfo.java:updateAndGet(148)) - 7493dade-fd93-43aa-a8ed-41de39203fc7: start 7493dade-fd93-43aa-a8ed-41de39203fc7@group-3E4BEFD7941B-LeaderElection19
2025-09-28 08:46:46,121 [ad6ddb9b-2ec3-4db0-9749-54a59d16dcc8@group-3E4BEFD7941B-FollowerState] INFO  impl.RoleInfo (RoleInfo.java:updateAndGet(148)) - ad6ddb9b-2ec3-4db0-9749-54a59d16dcc8: start ad6ddb9b-2ec3-4db0-9749-54a59d16dcc8@group-3E4BEFD7941B-LeaderElection20
2025-09-28 08:46:46,121 [7493dade-fd93-43aa-a8ed-41de39203fc7@group-3E4BEFD7941B-LeaderElection19] INFO  impl.LeaderElection (LeaderElection.java:askForVotes(448)) - 7493dade-fd93-43aa-a8ed-41de39203fc7@group-3E4BEFD7941B-LeaderElection19 PRE_VOTE round 0: submit vote requests at term 0 for conf: {index: -1, cur=peers:[ad6ddb9b-2ec3-4db0-9749-54a59d16dcc8|127.0.0.1:15049, 128ca0df-c3af-4349-97d3-3b5d7a5e16d4|127.0.0.1:15057, 7493dade-fd93-43aa-a8ed-41de39203fc7|127.0.0.1:15065]|listeners:[], old=null}
2025-09-28 08:46:46,122 [ad6ddb9b-2ec3-4db0-9749-54a59d16dcc8@group-3E4BEFD7941B-LeaderElection20] INFO  impl.LeaderElection (LeaderElection.java:askForVotes(448)) - ad6ddb9b-2ec3-4db0-9749-54a59d16dcc8@group-3E4BEFD7941B-LeaderElection20 PRE_VOTE round 0: submit vote requests at term 0 for conf: {index: -1, cur=peers:[ad6ddb9b-2ec3-4db0-9749-54a59d16dcc8|127.0.0.1:15049, 128ca0df-c3af-4349-97d3-3b5d7a5e16d4|127.0.0.1:15057, 7493dade-fd93-43aa-a8ed-41de39203fc7|127.0.0.1:15065]|listeners:[], old=null}
2025-09-28 08:46:46,122 [ad6ddb9b-2ec3-4db0-9749-54a59d16dcc8@group-3E4BEFD7941B-LeaderElection20-1] INFO  server.GrpcServerProtocolClient (GrpcServerProtocolClient.java:<init>(65)) - Build channel for 128ca0df-c3af-4349-97d3-3b5d7a5e16d4|127.0.0.1:15057
2025-09-28 08:46:46,123 [ad6ddb9b-2ec3-4db0-9749-54a59d16dcc8@group-3E4BEFD7941B-LeaderElection20-2] INFO  server.GrpcServerProtocolClient (GrpcServerProtocolClient.java:<init>(65)) - Build channel for 7493dade-fd93-43aa-a8ed-41de39203fc7|127.0.0.1:15065
2025-09-28 08:46:46,124 [grpc-default-executor-1] INFO  server.RaftServer$Division (RaftServerImpl.java:requestVote(1421)) - ad6ddb9b-2ec3-4db0-9749-54a59d16dcc8@group-3E4BEFD7941B: receive requestVote(PRE_VOTE, 7493dade-fd93-43aa-a8ed-41de39203fc7, group-3E4BEFD7941B, 0, <PROTO_DEFAULT>)
2025-09-28 08:46:46,124 [grpc-default-executor-1] INFO  impl.VoteContext (VoteContext.java:log(49)) - ad6ddb9b-2ec3-4db0-9749-54a59d16dcc8@group-3E4BEFD7941B-CANDIDATE: accept PRE_VOTE from 7493dade-fd93-43aa-a8ed-41de39203fc7: our priority 0 <= candidate's priority 0
2025-09-28 08:46:46,124 [grpc-default-executor-1] INFO  server.RaftServer$Division (RaftServerImpl.java:requestVote(1455)) - ad6ddb9b-2ec3-4db0-9749-54a59d16dcc8@group-3E4BEFD7941B replies to PRE_VOTE vote request: 7493dade-fd93-43aa-a8ed-41de39203fc7<-ad6ddb9b-2ec3-4db0-9749-54a59d16dcc8#0:OK-t0-last:<INITIAL_VALUE>. Peer's state: ad6ddb9b-2ec3-4db0-9749-54a59d16dcc8@group-3E4BEFD7941B:t0, leader=null, voted=, raftlog=Memoized:ad6ddb9b-2ec3-4db0-9749-54a59d16dcc8@group-3E4BEFD7941B-SegmentedRaftLog:OPENED:c-1:lastnull, conf=conf: {index: -1, cur=peers:[ad6ddb9b-2ec3-4db0-9749-54a59d16dcc8|127.0.0.1:15049, 128ca0df-c3af-4349-97d3-3b5d7a5e16d4|127.0.0.1:15057, 7493dade-fd93-43aa-a8ed-41de39203fc7|127.0.0.1:15065]|listeners:[], old=null}
2025-09-28 08:46:46,125 [grpc-default-executor-4] INFO  server.RaftServer$Division (RaftServerImpl.java:requestVote(1421)) - 128ca0df-c3af-4349-97d3-3b5d7a5e16d4@group-3E4BEFD7941B: receive requestVote(PRE_VOTE, 7493dade-fd93-43aa-a8ed-41de39203fc7, group-3E4BEFD7941B, 0, <PROTO_DEFAULT>)
2025-09-28 08:46:46,125 [grpc-default-executor-4] INFO  impl.VoteContext (VoteContext.java:log(49)) - 128ca0df-c3af-4349-97d3-3b5d7a5e16d4@group-3E4BEFD7941B-FOLLOWER: reject PRE_VOTE from 7493dade-fd93-43aa-a8ed-41de39203fc7: our priority 1 > candidate's priority 0
2025-09-28 08:46:46,125 [grpc-default-executor-4] INFO  server.RaftServer$Division (RaftServerImpl.java:requestVote(1455)) - 128ca0df-c3af-4349-97d3-3b5d7a5e16d4@group-3E4BEFD7941B replies to PRE_VOTE vote request: 7493dade-fd93-43aa-a8ed-41de39203fc7<-128ca0df-c3af-4349-97d3-3b5d7a5e16d4#0:FAIL-t0-last:<INITIAL_VALUE>. Peer's state: 128ca0df-c3af-4349-97d3-3b5d7a5e16d4@group-3E4BEFD7941B:t0, leader=null, voted=, raftlog=Memoized:128ca0df-c3af-4349-97d3-3b5d7a5e16d4@group-3E4BEFD7941B-SegmentedRaftLog:OPENED:c-1:lastnull, conf=conf: {index: -1, cur=peers:[ad6ddb9b-2ec3-4db0-9749-54a59d16dcc8|127.0.0.1:15049, 128ca0df-c3af-4349-97d3-3b5d7a5e16d4|127.0.0.1:15057, 7493dade-fd93-43aa-a8ed-41de39203fc7|127.0.0.1:15065]|listeners:[], old=null}
2025-09-28 08:46:46,126 [7493dade-fd93-43aa-a8ed-41de39203fc7@group-3E4BEFD7941B-LeaderElection19] INFO  impl.LeaderElection (LeaderElection.java:logAndReturn(206)) - 7493dade-fd93-43aa-a8ed-41de39203fc7@group-3E4BEFD7941B-LeaderElection19: PRE_VOTE REJECTED received 2 response(s) and 0 exception(s):
2025-09-28 08:46:46,127 [7493dade-fd93-43aa-a8ed-41de39203fc7@group-3E4BEFD7941B-LeaderElection19] INFO  impl.LeaderElection (LeaderElection.java:logAndReturn(210)) -   Response 0: 7493dade-fd93-43aa-a8ed-41de39203fc7<-ad6ddb9b-2ec3-4db0-9749-54a59d16dcc8#0:OK-t0-last:<INITIAL_VALUE>
2025-09-28 08:46:46,127 [7493dade-fd93-43aa-a8ed-41de39203fc7@group-3E4BEFD7941B-LeaderElection19] INFO  impl.LeaderElection (LeaderElection.java:logAndReturn(210)) -   Response 1: 7493dade-fd93-43aa-a8ed-41de39203fc7<-128ca0df-c3af-4349-97d3-3b5d7a5e16d4#0:FAIL-t0-last:<INITIAL_VALUE>
2025-09-28 08:46:46,127 [7493dade-fd93-43aa-a8ed-41de39203fc7@group-3E4BEFD7941B-LeaderElection19] INFO  impl.LeaderElection (LeaderElection.java:askForVotes(450)) - 7493dade-fd93-43aa-a8ed-41de39203fc7@group-3E4BEFD7941B-LeaderElection19 PRE_VOTE round 0: result REJECTED
2025-09-28 08:46:46,127 [7493dade-fd93-43aa-a8ed-41de39203fc7@group-3E4BEFD7941B-LeaderElection19] INFO  server.RaftServer$Division (RaftServerImpl.java:setRole(392)) - 7493dade-fd93-43aa-a8ed-41de39203fc7@group-3E4BEFD7941B: changes role from CANDIDATE to FOLLOWER at term 0 for REJECTED
2025-09-28 08:46:46,127 [7493dade-fd93-43aa-a8ed-41de39203fc7@group-3E4BEFD7941B-LeaderElection19] INFO  impl.RoleInfo (RoleInfo.java:shutdownLeaderElection(141)) - 7493dade-fd93-43aa-a8ed-41de39203fc7: shutdown 7493dade-fd93-43aa-a8ed-41de39203fc7@group-3E4BEFD7941B-LeaderElection19
2025-09-28 08:46:46,127 [7493dade-fd93-43aa-a8ed-41de39203fc7@group-3E4BEFD7941B-LeaderElection19] INFO  impl.RoleInfo (RoleInfo.java:updateAndGet(148)) - 7493dade-fd93-43aa-a8ed-41de39203fc7: start 7493dade-fd93-43aa-a8ed-41de39203fc7@group-3E4BEFD7941B-FollowerState
2025-09-28 08:46:46,128 [7493dade-fd93-43aa-a8ed-41de39203fc7@group-3E4BEFD7941B-LeaderElection19] INFO  server.RaftServer$Division (RaftServerImpl.java:setFirstElection(576)) - 7493dade-fd93-43aa-a8ed-41de39203fc7@group-3E4BEFD7941B: set firstElectionSinceStartup to false for REJECTED
2025-09-28 08:46:46,128 [grpc-default-executor-4] INFO  server.RaftServer$Division (RaftServerImpl.java:requestVote(1421)) - 128ca0df-c3af-4349-97d3-3b5d7a5e16d4@group-3E4BEFD7941B: receive requestVote(PRE_VOTE, ad6ddb9b-2ec3-4db0-9749-54a59d16dcc8, group-3E4BEFD7941B, 0, <PROTO_DEFAULT>)
2025-09-28 08:46:46,128 [grpc-default-executor-4] INFO  impl.VoteContext (VoteContext.java:log(49)) - 128ca0df-c3af-4349-97d3-3b5d7a5e16d4@group-3E4BEFD7941B-FOLLOWER: reject PRE_VOTE from ad6ddb9b-2ec3-4db0-9749-54a59d16dcc8: our priority 1 > candidate's priority 0
2025-09-28 08:46:46,128 [grpc-default-executor-4] INFO  server.RaftServer$Division (RaftServerImpl.java:requestVote(1455)) - 128ca0df-c3af-4349-97d3-3b5d7a5e16d4@group-3E4BEFD7941B replies to PRE_VOTE vote request: ad6ddb9b-2ec3-4db0-9749-54a59d16dcc8<-128ca0df-c3af-4349-97d3-3b5d7a5e16d4#0:FAIL-t0-last:<INITIAL_VALUE>. Peer's state: 128ca0df-c3af-4349-97d3-3b5d7a5e16d4@group-3E4BEFD7941B:t0, leader=null, voted=, raftlog=Memoized:128ca0df-c3af-4349-97d3-3b5d7a5e16d4@group-3E4BEFD7941B-SegmentedRaftLog:OPENED:c-1:lastnull, conf=conf: {index: -1, cur=peers:[ad6ddb9b-2ec3-4db0-9749-54a59d16dcc8|127.0.0.1:15049, 128ca0df-c3af-4349-97d3-3b5d7a5e16d4|127.0.0.1:15057, 7493dade-fd93-43aa-a8ed-41de39203fc7|127.0.0.1:15065]|listeners:[], old=null}
2025-09-28 08:46:46,128 [grpc-default-executor-8] INFO  server.RaftServer$Division (RaftServerImpl.java:requestVote(1421)) - 7493dade-fd93-43aa-a8ed-41de39203fc7@group-3E4BEFD7941B: receive requestVote(PRE_VOTE, ad6ddb9b-2ec3-4db0-9749-54a59d16dcc8, group-3E4BEFD7941B, 0, <PROTO_DEFAULT>)
2025-09-28 08:46:46,129 [grpc-default-executor-8] INFO  impl.VoteContext (VoteContext.java:log(49)) - 7493dade-fd93-43aa-a8ed-41de39203fc7@group-3E4BEFD7941B-FOLLOWER: accept PRE_VOTE from ad6ddb9b-2ec3-4db0-9749-54a59d16dcc8: our priority 0 <= candidate's priority 0
2025-09-28 08:46:46,129 [grpc-default-executor-8] INFO  server.RaftServer$Division (RaftServerImpl.java:requestVote(1455)) - 7493dade-fd93-43aa-a8ed-41de39203fc7@group-3E4BEFD7941B replies to PRE_VOTE vote request: ad6ddb9b-2ec3-4db0-9749-54a59d16dcc8<-7493dade-fd93-43aa-a8ed-41de39203fc7#0:OK-t0-last:<INITIAL_VALUE>. Peer's state: 7493dade-fd93-43aa-a8ed-41de39203fc7@group-3E4BEFD7941B:t0, leader=null, voted=, raftlog=Memoized:7493dade-fd93-43aa-a8ed-41de39203fc7@group-3E4BEFD7941B-SegmentedRaftLog:OPENED:c-1:lastnull, conf=conf: {index: -1, cur=peers:[ad6ddb9b-2ec3-4db0-9749-54a59d16dcc8|127.0.0.1:15049, 128ca0df-c3af-4349-97d3-3b5d7a5e16d4|127.0.0.1:15057, 7493dade-fd93-43aa-a8ed-41de39203fc7|127.0.0.1:15065]|listeners:[], old=null}
2025-09-28 08:46:46,130 [ad6ddb9b-2ec3-4db0-9749-54a59d16dcc8@group-3E4BEFD7941B-LeaderElection20] INFO  impl.LeaderElection (LeaderElection.java:logAndReturn(206)) - ad6ddb9b-2ec3-4db0-9749-54a59d16dcc8@group-3E4BEFD7941B-LeaderElection20: PRE_VOTE REJECTED received 1 response(s) and 0 exception(s):
2025-09-28 08:46:46,130 [ad6ddb9b-2ec3-4db0-9749-54a59d16dcc8@group-3E4BEFD7941B-LeaderElection20] INFO  impl.LeaderElection (LeaderElection.java:logAndReturn(210)) -   Response 0: ad6ddb9b-2ec3-4db0-9749-54a59d16dcc8<-128ca0df-c3af-4349-97d3-3b5d7a5e16d4#0:FAIL-t0-last:<INITIAL_VALUE>
2025-09-28 08:46:46,130 [ad6ddb9b-2ec3-4db0-9749-54a59d16dcc8@group-3E4BEFD7941B-LeaderElection20] INFO  impl.LeaderElection (LeaderElection.java:askForVotes(450)) - ad6ddb9b-2ec3-4db0-9749-54a59d16dcc8@group-3E4BEFD7941B-LeaderElection20 PRE_VOTE round 0: result REJECTED
2025-09-28 08:46:46,130 [ad6ddb9b-2ec3-4db0-9749-54a59d16dcc8@group-3E4BEFD7941B-LeaderElection20] INFO  server.RaftServer$Division (RaftServerImpl.java:setRole(392)) - ad6ddb9b-2ec3-4db0-9749-54a59d16dcc8@group-3E4BEFD7941B: changes role from CANDIDATE to FOLLOWER at term 0 for REJECTED
2025-09-28 08:46:46,130 [ad6ddb9b-2ec3-4db0-9749-54a59d16dcc8@group-3E4BEFD7941B-LeaderElection20] INFO  impl.RoleInfo (RoleInfo.java:shutdownLeaderElection(141)) - ad6ddb9b-2ec3-4db0-9749-54a59d16dcc8: shutdown ad6ddb9b-2ec3-4db0-9749-54a59d16dcc8@group-3E4BEFD7941B-LeaderElection20
2025-09-28 08:46:46,130 [ad6ddb9b-2ec3-4db0-9749-54a59d16dcc8@group-3E4BEFD7941B-LeaderElection20] INFO  impl.RoleInfo (RoleInfo.java:updateAndGet(148)) - ad6ddb9b-2ec3-4db0-9749-54a59d16dcc8: start ad6ddb9b-2ec3-4db0-9749-54a59d16dcc8@group-3E4BEFD7941B-FollowerState
2025-09-28 08:46:46,130 [ad6ddb9b-2ec3-4db0-9749-54a59d16dcc8@group-3E4BEFD7941B-LeaderElection20] INFO  server.RaftServer$Division (RaftServerImpl.java:setFirstElection(576)) - ad6ddb9b-2ec3-4db0-9749-54a59d16dcc8@group-3E4BEFD7941B: set firstElectionSinceStartup to false for REJECTED
2025-09-28 08:46:46,211 [128ca0df-c3af-4349-97d3-3b5d7a5e16d4@group-3E4BEFD7941B-FollowerState] INFO  impl.FollowerState (FollowerState.java:runImpl(161)) - 128ca0df-c3af-4349-97d3-3b5d7a5e16d4@group-3E4BEFD7941B-FollowerState: change to CANDIDATE, lastRpcElapsedTime:1116337807ns, electionTimeout:1116ms
2025-09-28 08:46:46,211 [128ca0df-c3af-4349-97d3-3b5d7a5e16d4@group-3E4BEFD7941B-FollowerState] INFO  impl.RoleInfo (RoleInfo.java:shutdownFollowerState(121)) - 128ca0df-c3af-4349-97d3-3b5d7a5e16d4: shutdown 128ca0df-c3af-4349-97d3-3b5d7a5e16d4@group-3E4BEFD7941B-FollowerState
2025-09-28 08:46:46,212 [128ca0df-c3af-4349-97d3-3b5d7a5e16d4@group-3E4BEFD7941B-FollowerState] INFO  server.RaftServer$Division (RaftServerImpl.java:setRole(392)) - 128ca0df-c3af-4349-97d3-3b5d7a5e16d4@group-3E4BEFD7941B: changes role from  FOLLOWER to CANDIDATE at term 0 for changeToCandidate
2025-09-28 08:46:46,212 [128ca0df-c3af-4349-97d3-3b5d7a5e16d4@group-3E4BEFD7941B-FollowerState] INFO  impl.RoleInfo (RoleInfo.java:updateAndGet(148)) - 128ca0df-c3af-4349-97d3-3b5d7a5e16d4: start 128ca0df-c3af-4349-97d3-3b5d7a5e16d4@group-3E4BEFD7941B-LeaderElection21
2025-09-28 08:46:46,212 [128ca0df-c3af-4349-97d3-3b5d7a5e16d4@group-3E4BEFD7941B-LeaderElection21] INFO  impl.LeaderElection (LeaderElection.java:askForVotes(448)) - 128ca0df-c3af-4349-97d3-3b5d7a5e16d4@group-3E4BEFD7941B-LeaderElection21 PRE_VOTE round 0: submit vote requests at term 0 for conf: {index: -1, cur=peers:[ad6ddb9b-2ec3-4db0-9749-54a59d16dcc8|127.0.0.1:15049, 128ca0df-c3af-4349-97d3-3b5d7a5e16d4|127.0.0.1:15057, 7493dade-fd93-43aa-a8ed-41de39203fc7|127.0.0.1:15065]|listeners:[], old=null}
2025-09-28 08:46:46,213 [128ca0df-c3af-4349-97d3-3b5d7a5e16d4@group-3E4BEFD7941B-LeaderElection21-1] INFO  server.GrpcServerProtocolClient (GrpcServerProtocolClient.java:<init>(65)) - Build channel for ad6ddb9b-2ec3-4db0-9749-54a59d16dcc8|127.0.0.1:15049
2025-09-28 08:46:46,213 [128ca0df-c3af-4349-97d3-3b5d7a5e16d4@group-3E4BEFD7941B-LeaderElection21-2] INFO  server.GrpcServerProtocolClient (GrpcServerProtocolClient.java:<init>(65)) - Build channel for 7493dade-fd93-43aa-a8ed-41de39203fc7|127.0.0.1:15065
2025-09-28 08:46:46,217 [grpc-default-executor-4] INFO  server.RaftServer$Division (RaftServerImpl.java:requestVote(1421)) - 7493dade-fd93-43aa-a8ed-41de39203fc7@group-3E4BEFD7941B: receive requestVote(PRE_VOTE, 128ca0df-c3af-4349-97d3-3b5d7a5e16d4, group-3E4BEFD7941B, 0, <PROTO_DEFAULT>)
2025-09-28 08:46:46,217 [grpc-default-executor-8] INFO  server.RaftServer$Division (RaftServerImpl.java:requestVote(1421)) - ad6ddb9b-2ec3-4db0-9749-54a59d16dcc8@group-3E4BEFD7941B: receive requestVote(PRE_VOTE, 128ca0df-c3af-4349-97d3-3b5d7a5e16d4, group-3E4BEFD7941B, 0, <PROTO_DEFAULT>)
2025-09-28 08:46:46,217 [grpc-default-executor-4] INFO  impl.VoteContext (VoteContext.java:log(49)) - 7493dade-fd93-43aa-a8ed-41de39203fc7@group-3E4BEFD7941B-FOLLOWER: accept PRE_VOTE from 128ca0df-c3af-4349-97d3-3b5d7a5e16d4: our priority 0 <= candidate's priority 1
2025-09-28 08:46:46,217 [grpc-default-executor-8] INFO  impl.VoteContext (VoteContext.java:log(49)) - ad6ddb9b-2ec3-4db0-9749-54a59d16dcc8@group-3E4BEFD7941B-FOLLOWER: accept PRE_VOTE from 128ca0df-c3af-4349-97d3-3b5d7a5e16d4: our priority 0 <= candidate's priority 1
2025-09-28 08:46:46,217 [grpc-default-executor-4] INFO  server.RaftServer$Division (RaftServerImpl.java:requestVote(1455)) - 7493dade-fd93-43aa-a8ed-41de39203fc7@group-3E4BEFD7941B replies to PRE_VOTE vote request: 128ca0df-c3af-4349-97d3-3b5d7a5e16d4<-7493dade-fd93-43aa-a8ed-41de39203fc7#0:OK-t0-last:<INITIAL_VALUE>. Peer's state: 7493dade-fd93-43aa-a8ed-41de39203fc7@group-3E4BEFD7941B:t0, leader=null, voted=, raftlog=Memoized:7493dade-fd93-43aa-a8ed-41de39203fc7@group-3E4BEFD7941B-SegmentedRaftLog:OPENED:c-1:lastnull, conf=conf: {index: -1, cur=peers:[ad6ddb9b-2ec3-4db0-9749-54a59d16dcc8|127.0.0.1:15049, 128ca0df-c3af-4349-97d3-3b5d7a5e16d4|127.0.0.1:15057, 7493dade-fd93-43aa-a8ed-41de39203fc7|127.0.0.1:15065]|listeners:[], old=null}
2025-09-28 08:46:46,217 [grpc-default-executor-8] INFO  server.RaftServer$Division (RaftServerImpl.java:requestVote(1455)) - ad6ddb9b-2ec3-4db0-9749-54a59d16dcc8@group-3E4BEFD7941B replies to PRE_VOTE vote request: 128ca0df-c3af-4349-97d3-3b5d7a5e16d4<-ad6ddb9b-2ec3-4db0-9749-54a59d16dcc8#0:OK-t0-last:<INITIAL_VALUE>. Peer's state: ad6ddb9b-2ec3-4db0-9749-54a59d16dcc8@group-3E4BEFD7941B:t0, leader=null, voted=, raftlog=Memoized:ad6ddb9b-2ec3-4db0-9749-54a59d16dcc8@group-3E4BEFD7941B-SegmentedRaftLog:OPENED:c-1:lastnull, conf=conf: {index: -1, cur=peers:[ad6ddb9b-2ec3-4db0-9749-54a59d16dcc8|127.0.0.1:15049, 128ca0df-c3af-4349-97d3-3b5d7a5e16d4|127.0.0.1:15057, 7493dade-fd93-43aa-a8ed-41de39203fc7|127.0.0.1:15065]|listeners:[], old=null}
2025-09-28 08:46:46,218 [128ca0df-c3af-4349-97d3-3b5d7a5e16d4@group-3E4BEFD7941B-LeaderElection21] INFO  impl.LeaderElection (LeaderElection.java:logAndReturn(206)) - 128ca0df-c3af-4349-97d3-3b5d7a5e16d4@group-3E4BEFD7941B-LeaderElection21: PRE_VOTE PASSED received 1 response(s) and 0 exception(s):
2025-09-28 08:46:46,218 [128ca0df-c3af-4349-97d3-3b5d7a5e16d4@group-3E4BEFD7941B-LeaderElection21] INFO  impl.LeaderElection (LeaderElection.java:logAndReturn(210)) -   Response 0: 128ca0df-c3af-4349-97d3-3b5d7a5e16d4<-7493dade-fd93-43aa-a8ed-41de39203fc7#0:OK-t0-last:<INITIAL_VALUE>
2025-09-28 08:46:46,218 [128ca0df-c3af-4349-97d3-3b5d7a5e16d4@group-3E4BEFD7941B-LeaderElection21] INFO  impl.LeaderElection (LeaderElection.java:askForVotes(450)) - 128ca0df-c3af-4349-97d3-3b5d7a5e16d4@group-3E4BEFD7941B-LeaderElection21 PRE_VOTE round 0: result PASSED
2025-09-28 08:46:46,220 [128ca0df-c3af-4349-97d3-3b5d7a5e16d4@group-3E4BEFD7941B-LeaderElection21] INFO  impl.LeaderElection (LeaderElection.java:askForVotes(448)) - 128ca0df-c3af-4349-97d3-3b5d7a5e16d4@group-3E4BEFD7941B-LeaderElection21 ELECTION round 0: submit vote requests at term 1 for conf: {index: -1, cur=peers:[ad6ddb9b-2ec3-4db0-9749-54a59d16dcc8|127.0.0.1:15049, 128ca0df-c3af-4349-97d3-3b5d7a5e16d4|127.0.0.1:15057, 7493dade-fd93-43aa-a8ed-41de39203fc7|127.0.0.1:15065]|listeners:[], old=null}
2025-09-28 08:46:46,221 [grpc-default-executor-4] INFO  server.RaftServer$Division (RaftServerImpl.java:requestVote(1421)) - 7493dade-fd93-43aa-a8ed-41de39203fc7@group-3E4BEFD7941B: receive requestVote(ELECTION, 128ca0df-c3af-4349-97d3-3b5d7a5e16d4, group-3E4BEFD7941B, 1, <PROTO_DEFAULT>)
2025-09-28 08:46:46,221 [grpc-default-executor-4] INFO  impl.VoteContext (VoteContext.java:log(49)) - 7493dade-fd93-43aa-a8ed-41de39203fc7@group-3E4BEFD7941B-FOLLOWER: accept ELECTION from 128ca0df-c3af-4349-97d3-3b5d7a5e16d4: our priority 0 <= candidate's priority 1
2025-09-28 08:46:46,221 [grpc-default-executor-4] INFO  server.RaftServer$Division (RaftServerImpl.java:setRole(392)) - 7493dade-fd93-43aa-a8ed-41de39203fc7@group-3E4BEFD7941B: changes role from  FOLLOWER to FOLLOWER at term 0 for candidate:128ca0df-c3af-4349-97d3-3b5d7a5e16d4
2025-09-28 08:46:46,221 [grpc-default-executor-4] INFO  impl.RoleInfo (RoleInfo.java:shutdownFollowerState(121)) - 7493dade-fd93-43aa-a8ed-41de39203fc7: shutdown 7493dade-fd93-43aa-a8ed-41de39203fc7@group-3E4BEFD7941B-FollowerState
2025-09-28 08:46:46,221 [grpc-default-executor-8] INFO  server.RaftServer$Division (RaftServerImpl.java:requestVote(1421)) - ad6ddb9b-2ec3-4db0-9749-54a59d16dcc8@group-3E4BEFD7941B: receive requestVote(ELECTION, 128ca0df-c3af-4349-97d3-3b5d7a5e16d4, group-3E4BEFD7941B, 1, <PROTO_DEFAULT>)
2025-09-28 08:46:46,222 [grpc-default-executor-8] INFO  impl.VoteContext (VoteContext.java:log(49)) - ad6ddb9b-2ec3-4db0-9749-54a59d16dcc8@group-3E4BEFD7941B-FOLLOWER: accept ELECTION from 128ca0df-c3af-4349-97d3-3b5d7a5e16d4: our priority 0 <= candidate's priority 1
2025-09-28 08:46:46,222 [7493dade-fd93-43aa-a8ed-41de39203fc7@group-3E4BEFD7941B-FollowerState] INFO  impl.FollowerState (FollowerState.java:runImpl(170)) - 7493dade-fd93-43aa-a8ed-41de39203fc7@group-3E4BEFD7941B-FollowerState was interrupted
2025-09-28 08:46:46,221 [grpc-default-executor-4] INFO  impl.RoleInfo (RoleInfo.java:updateAndGet(148)) - 7493dade-fd93-43aa-a8ed-41de39203fc7: start 7493dade-fd93-43aa-a8ed-41de39203fc7@group-3E4BEFD7941B-FollowerState
2025-09-28 08:46:46,222 [grpc-default-executor-8] INFO  server.RaftServer$Division (RaftServerImpl.java:setRole(392)) - ad6ddb9b-2ec3-4db0-9749-54a59d16dcc8@group-3E4BEFD7941B: changes role from  FOLLOWER to FOLLOWER at term 0 for candidate:128ca0df-c3af-4349-97d3-3b5d7a5e16d4
2025-09-28 08:46:46,222 [grpc-default-executor-8] INFO  impl.RoleInfo (RoleInfo.java:shutdownFollowerState(121)) - ad6ddb9b-2ec3-4db0-9749-54a59d16dcc8: shutdown ad6ddb9b-2ec3-4db0-9749-54a59d16dcc8@group-3E4BEFD7941B-FollowerState
2025-09-28 08:46:46,222 [grpc-default-executor-8] INFO  impl.RoleInfo (RoleInfo.java:updateAndGet(148)) - ad6ddb9b-2ec3-4db0-9749-54a59d16dcc8: start ad6ddb9b-2ec3-4db0-9749-54a59d16dcc8@group-3E4BEFD7941B-FollowerState
2025-09-28 08:46:46,222 [ad6ddb9b-2ec3-4db0-9749-54a59d16dcc8@group-3E4BEFD7941B-FollowerState] INFO  impl.FollowerState (FollowerState.java:runImpl(170)) - ad6ddb9b-2ec3-4db0-9749-54a59d16dcc8@group-3E4BEFD7941B-FollowerState was interrupted
2025-09-28 08:46:46,223 [grpc-default-executor-4] INFO  server.RaftServer$Division (RaftServerImpl.java:requestVote(1455)) - 7493dade-fd93-43aa-a8ed-41de39203fc7@group-3E4BEFD7941B replies to ELECTION vote request: 128ca0df-c3af-4349-97d3-3b5d7a5e16d4<-7493dade-fd93-43aa-a8ed-41de39203fc7#0:OK-t1-last:<INITIAL_VALUE>. Peer's state: 7493dade-fd93-43aa-a8ed-41de39203fc7@group-3E4BEFD7941B:t1, leader=null, voted=128ca0df-c3af-4349-97d3-3b5d7a5e16d4, raftlog=Memoized:7493dade-fd93-43aa-a8ed-41de39203fc7@group-3E4BEFD7941B-SegmentedRaftLog:OPENED:c-1:lastnull, conf=conf: {index: -1, cur=peers:[ad6ddb9b-2ec3-4db0-9749-54a59d16dcc8|127.0.0.1:15049, 128ca0df-c3af-4349-97d3-3b5d7a5e16d4|127.0.0.1:15057, 7493dade-fd93-43aa-a8ed-41de39203fc7|127.0.0.1:15065]|listeners:[], old=null}
2025-09-28 08:46:46,223 [grpc-default-executor-8] INFO  server.RaftServer$Division (RaftServerImpl.java:requestVote(1455)) - ad6ddb9b-2ec3-4db0-9749-54a59d16dcc8@group-3E4BEFD7941B replies to ELECTION vote request: 128ca0df-c3af-4349-97d3-3b5d7a5e16d4<-ad6ddb9b-2ec3-4db0-9749-54a59d16dcc8#0:OK-t1-last:<INITIAL_VALUE>. Peer's state: ad6ddb9b-2ec3-4db0-9749-54a59d16dcc8@group-3E4BEFD7941B:t1, leader=null, voted=128ca0df-c3af-4349-97d3-3b5d7a5e16d4, raftlog=Memoized:ad6ddb9b-2ec3-4db0-9749-54a59d16dcc8@group-3E4BEFD7941B-SegmentedRaftLog:OPENED:c-1:lastnull, conf=conf: {index: -1, cur=peers:[ad6ddb9b-2ec3-4db0-9749-54a59d16dcc8|127.0.0.1:15049, 128ca0df-c3af-4349-97d3-3b5d7a5e16d4|127.0.0.1:15057, 7493dade-fd93-43aa-a8ed-41de39203fc7|127.0.0.1:15065]|listeners:[], old=null}
2025-09-28 08:46:46,224 [128ca0df-c3af-4349-97d3-3b5d7a5e16d4@group-3E4BEFD7941B-LeaderElection21] INFO  impl.LeaderElection (LeaderElection.java:logAndReturn(206)) - 128ca0df-c3af-4349-97d3-3b5d7a5e16d4@group-3E4BEFD7941B-LeaderElection21: ELECTION PASSED received 1 response(s) and 0 exception(s):
2025-09-28 08:46:46,224 [128ca0df-c3af-4349-97d3-3b5d7a5e16d4@group-3E4BEFD7941B-LeaderElection21] INFO  impl.LeaderElection (LeaderElection.java:logAndReturn(210)) -   Response 0: 128ca0df-c3af-4349-97d3-3b5d7a5e16d4<-7493dade-fd93-43aa-a8ed-41de39203fc7#0:OK-t1-last:<INITIAL_VALUE>
2025-09-28 08:46:46,224 [128ca0df-c3af-4349-97d3-3b5d7a5e16d4@group-3E4BEFD7941B-LeaderElection21] INFO  impl.LeaderElection (LeaderElection.java:askForVotes(450)) - 128ca0df-c3af-4349-97d3-3b5d7a5e16d4@group-3E4BEFD7941B-LeaderElection21 ELECTION round 0: result PASSED
2025-09-28 08:46:46,224 [128ca0df-c3af-4349-97d3-3b5d7a5e16d4@group-3E4BEFD7941B-LeaderElection21] INFO  impl.RoleInfo (RoleInfo.java:shutdownLeaderElection(141)) - 128ca0df-c3af-4349-97d3-3b5d7a5e16d4: shutdown 128ca0df-c3af-4349-97d3-3b5d7a5e16d4@group-3E4BEFD7941B-LeaderElection21
2025-09-28 08:46:46,224 [128ca0df-c3af-4349-97d3-3b5d7a5e16d4@group-3E4BEFD7941B-LeaderElection21] INFO  server.RaftServer$Division (RaftServerImpl.java:setRole(392)) - 128ca0df-c3af-4349-97d3-3b5d7a5e16d4@group-3E4BEFD7941B: changes role from CANDIDATE to LEADER at term 1 for changeToLeader
2025-09-28 08:46:46,224 [128ca0df-c3af-4349-97d3-3b5d7a5e16d4@group-3E4BEFD7941B-LeaderElection21] INFO  server.RaftServerConfigKeys (ConfUtils.java:logFallback(69)) - raft.server.staging.timeout = 15600ms (fallback to raft.server.rpc.timeout.max)
2025-09-28 08:46:46,225 [128ca0df-c3af-4349-97d3-3b5d7a5e16d4@group-3E4BEFD7941B-LeaderElection21] INFO  server.RaftServerConfigKeys (ConfUtils.java:logGet(62)) - raft.server.write.byte-limit = 1024 M (=1073741824) (custom)
2025-09-28 08:46:46,225 [128ca0df-c3af-4349-97d3-3b5d7a5e16d4@group-3E4BEFD7941B-LeaderElection21] INFO  server.RaftServerConfigKeys (ConfUtils.java:logGet(62)) - raft.server.log.appender.buffer.byte-limit = 33554432 (custom)
2025-09-28 08:46:46,226 [128ca0df-c3af-4349-97d3-3b5d7a5e16d4@group-3E4BEFD7941B-LeaderElection21] INFO  server.RaftServerConfigKeys (ConfUtils.java:logGet(62)) - raft.server.log.appender.buffer.byte-limit = 33554432 (custom)
2025-09-28 08:46:46,226 [128ca0df-c3af-4349-97d3-3b5d7a5e16d4@group-3E4BEFD7941B-LeaderElection21] INFO  impl.RoleInfo (RoleInfo.java:updateAndGet(148)) - 128ca0df-c3af-4349-97d3-3b5d7a5e16d4: start 128ca0df-c3af-4349-97d3-3b5d7a5e16d4@group-3E4BEFD7941B-LeaderStateImpl
2025-09-28 08:46:46,226 [128ca0df-c3af-4349-97d3-3b5d7a5e16d4@group-3E4BEFD7941B-LeaderElection21] INFO  server.RaftServer$Division (RaftServerImpl.java:setFirstElection(576)) - 128ca0df-c3af-4349-97d3-3b5d7a5e16d4@group-3E4BEFD7941B: set firstElectionSinceStartup to false for becomeLeader
2025-09-28 08:46:46,226 [128ca0df-c3af-4349-97d3-3b5d7a5e16d4@group-3E4BEFD7941B-LeaderElection21] INFO  ratis.XceiverServerRatis (XceiverServerRatis.java:handleLeaderChangedNotification(940)) - Leader change notification received for group: group-3E4BEFD7941B with new leaderId: 128ca0df-c3af-4349-97d3-3b5d7a5e16d4
2025-09-28 08:46:46,226 [128ca0df-c3af-4349-97d3-3b5d7a5e16d4@group-3E4BEFD7941B-LeaderElection21] INFO  server.RaftServer$Division (ServerState.java:setLeader(272)) - 128ca0df-c3af-4349-97d3-3b5d7a5e16d4@group-3E4BEFD7941B: change Leader from null to 128ca0df-c3af-4349-97d3-3b5d7a5e16d4 at term 1 for becomeLeader, leader elected after 1146ms
2025-09-28 08:46:46,227 [128ca0df-c3af-4349-97d3-3b5d7a5e16d4@group-3E4BEFD7941B-LeaderElection21] INFO  segmented.SegmentedRaftLogWorker (SegmentedRaftLogWorker.java:startLogSegment(440)) - 128ca0df-c3af-4349-97d3-3b5d7a5e16d4@group-3E4BEFD7941B-SegmentedRaftLogWorker: Starting segment from index:0
2025-09-28 08:46:46,227 [128ca0df-c3af-4349-97d3-3b5d7a5e16d4@group-3E4BEFD7941B-LeaderElection21] INFO  server.RaftServer$Division (ServerState.java:setRaftConf(386)) - 128ca0df-c3af-4349-97d3-3b5d7a5e16d4@group-3E4BEFD7941B: set configuration conf: {index: 0, cur=peers:[ad6ddb9b-2ec3-4db0-9749-54a59d16dcc8|127.0.0.1:15049, 128ca0df-c3af-4349-97d3-3b5d7a5e16d4|127.0.0.1:15057, 7493dade-fd93-43aa-a8ed-41de39203fc7|127.0.0.1:15065]|listeners:[], old=null}
2025-09-28 08:46:46,228 [128ca0df-c3af-4349-97d3-3b5d7a5e16d4@group-3E4BEFD7941B-SegmentedRaftLogWorker] INFO  segmented.BufferedWriteChannel (BufferedWriteChannel.java:open(61)) - open log_inprogress_0 at position 0
2025-09-28 08:46:46,233 [grpc-default-executor-2] INFO  ratis.XceiverServerRatis (XceiverServerRatis.java:handleLeaderChangedNotification(940)) - Leader change notification received for group: group-3E4BEFD7941B with new leaderId: 128ca0df-c3af-4349-97d3-3b5d7a5e16d4
2025-09-28 08:46:46,233 [grpc-default-executor-2] INFO  server.RaftServer$Division (ServerState.java:setLeader(272)) - ad6ddb9b-2ec3-4db0-9749-54a59d16dcc8@group-3E4BEFD7941B: change Leader from null to 128ca0df-c3af-4349-97d3-3b5d7a5e16d4 at term 1 for appendEntries, leader elected after 1214ms
2025-09-28 08:46:46,233 [grpc-default-executor-4] INFO  ratis.XceiverServerRatis (XceiverServerRatis.java:handleLeaderChangedNotification(940)) - Leader change notification received for group: group-3E4BEFD7941B with new leaderId: 128ca0df-c3af-4349-97d3-3b5d7a5e16d4
2025-09-28 08:46:46,234 [128ca0df-c3af-4349-97d3-3b5d7a5e16d4@group-3E4BEFD7941B-SegmentedRaftLogWorker] INFO  segmented.SegmentedRaftLogWorker (SegmentedRaftLogWorker.java:execute(647)) - 128ca0df-c3af-4349-97d3-3b5d7a5e16d4@group-3E4BEFD7941B-SegmentedRaftLogWorker: created new log segment /home/runner/work/ozone/ozone/hadoop-ozone/integration-test/target/test-dir/MiniOzoneClusterImpl-ffd4f26c-0daa-4d09-bef2-86add17b79f3/ozone-metadata/datanode-2/ratis/55426d7a-d87b-4f7b-a817-3e4befd7941b/current/log_inprogress_0
2025-09-28 08:46:46,234 [grpc-default-executor-4] INFO  server.RaftServer$Division (ServerState.java:setLeader(272)) - 7493dade-fd93-43aa-a8ed-41de39203fc7@group-3E4BEFD7941B: change Leader from null to 128ca0df-c3af-4349-97d3-3b5d7a5e16d4 at term 1 for appendEntries, leader elected after 1180ms
2025-09-28 08:46:46,235 [grpc-default-executor-1] INFO  server.RaftServer$Division (ServerState.java:setRaftConf(386)) - 7493dade-fd93-43aa-a8ed-41de39203fc7@group-3E4BEFD7941B: set configuration conf: {index: 0, cur=peers:[ad6ddb9b-2ec3-4db0-9749-54a59d16dcc8|127.0.0.1:15049, 128ca0df-c3af-4349-97d3-3b5d7a5e16d4|127.0.0.1:15057, 7493dade-fd93-43aa-a8ed-41de39203fc7|127.0.0.1:15065]|listeners:[], old=null}
2025-09-28 08:46:46,235 [grpc-default-executor-1] INFO  segmented.SegmentedRaftLogWorker (SegmentedRaftLogWorker.java:startLogSegment(440)) - 7493dade-fd93-43aa-a8ed-41de39203fc7@group-3E4BEFD7941B-SegmentedRaftLogWorker: Starting segment from index:0
2025-09-28 08:46:46,235 [7493dade-fd93-43aa-a8ed-41de39203fc7@group-3E4BEFD7941B-SegmentedRaftLogWorker] INFO  segmented.BufferedWriteChannel (BufferedWriteChannel.java:open(61)) - open log_inprogress_0 at position 0
2025-09-28 08:46:46,237 [EventQueue-PipelineReportForPipelineReportHandler] INFO  pipeline.PipelineReportHandler (PipelineReportHandler.java:processPipelineReport(132)) - Opened pipeline Pipeline-55426d7a-d87b-4f7b-a817-3e4befd7941b
2025-09-28 08:46:46,237 [grpc-default-executor-4] INFO  server.RaftServer$Division (ServerState.java:setRaftConf(386)) - ad6ddb9b-2ec3-4db0-9749-54a59d16dcc8@group-3E4BEFD7941B: set configuration conf: {index: 0, cur=peers:[ad6ddb9b-2ec3-4db0-9749-54a59d16dcc8|127.0.0.1:15049, 128ca0df-c3af-4349-97d3-3b5d7a5e16d4|127.0.0.1:15057, 7493dade-fd93-43aa-a8ed-41de39203fc7|127.0.0.1:15065]|listeners:[], old=null}
2025-09-28 08:46:46,237 [grpc-default-executor-4] INFO  segmented.SegmentedRaftLogWorker (SegmentedRaftLogWorker.java:startLogSegment(440)) - ad6ddb9b-2ec3-4db0-9749-54a59d16dcc8@group-3E4BEFD7941B-SegmentedRaftLogWorker: Starting segment from index:0
2025-09-28 08:46:46,238 [ad6ddb9b-2ec3-4db0-9749-54a59d16dcc8@group-3E4BEFD7941B-SegmentedRaftLogWorker] INFO  segmented.BufferedWriteChannel (BufferedWriteChannel.java:open(61)) - open log_inprogress_0 at position 0
2025-09-28 08:46:46,241 [7493dade-fd93-43aa-a8ed-41de39203fc7@group-3E4BEFD7941B-SegmentedRaftLogWorker] INFO  segmented.SegmentedRaftLogWorker (SegmentedRaftLogWorker.java:execute(647)) - 7493dade-fd93-43aa-a8ed-41de39203fc7@group-3E4BEFD7941B-SegmentedRaftLogWorker: created new log segment /home/runner/work/ozone/ozone/hadoop-ozone/integration-test/target/test-dir/MiniOzoneClusterImpl-ffd4f26c-0daa-4d09-bef2-86add17b79f3/ozone-metadata/datanode-3/ratis/55426d7a-d87b-4f7b-a817-3e4befd7941b/current/log_inprogress_0
2025-09-28 08:46:46,243 [ad6ddb9b-2ec3-4db0-9749-54a59d16dcc8@group-3E4BEFD7941B-SegmentedRaftLogWorker] INFO  segmented.SegmentedRaftLogWorker (SegmentedRaftLogWorker.java:execute(647)) - ad6ddb9b-2ec3-4db0-9749-54a59d16dcc8@group-3E4BEFD7941B-SegmentedRaftLogWorker: created new log segment /home/runner/work/ozone/ozone/hadoop-ozone/integration-test/target/test-dir/MiniOzoneClusterImpl-ffd4f26c-0daa-4d09-bef2-86add17b79f3/ozone-metadata/datanode-1/ratis/55426d7a-d87b-4f7b-a817-3e4befd7941b/current/log_inprogress_0
2025-09-28 08:46:46,244 [128ca0df-c3af-4349-97d3-3b5d7a5e16d4@group-3E4BEFD7941B-StateMachineUpdater] INFO  server.RaftServer$Division (LeaderStateImpl.java:checkStartIndex(309)) - Leader 128ca0df-c3af-4349-97d3-3b5d7a5e16d4@group-3E4BEFD7941B-LeaderStateImpl is ready since appliedIndex == startIndex == 0
2025-09-28 08:46:46,301 [128ca0df-c3af-4349-97d3-3b5d7a5e16d4@group-00A2AA5E9E6C-FollowerState] INFO  impl.FollowerState (FollowerState.java:runImpl(161)) - 128ca0df-c3af-4349-97d3-3b5d7a5e16d4@group-00A2AA5E9E6C-FollowerState: change to CANDIDATE, lastRpcElapsedTime:1156389578ns, electionTimeout:1156ms
2025-09-28 08:46:46,301 [128ca0df-c3af-4349-97d3-3b5d7a5e16d4@group-00A2AA5E9E6C-FollowerState] INFO  impl.RoleInfo (RoleInfo.java:shutdownFollowerState(121)) - 128ca0df-c3af-4349-97d3-3b5d7a5e16d4: shutdown 128ca0df-c3af-4349-97d3-3b5d7a5e16d4@group-00A2AA5E9E6C-FollowerState
2025-09-28 08:46:46,301 [128ca0df-c3af-4349-97d3-3b5d7a5e16d4@group-00A2AA5E9E6C-FollowerState] INFO  server.RaftServer$Division (RaftServerImpl.java:setRole(392)) - 128ca0df-c3af-4349-97d3-3b5d7a5e16d4@group-00A2AA5E9E6C: changes role from  FOLLOWER to CANDIDATE at term 0 for changeToCandidate
2025-09-28 08:46:46,301 [128ca0df-c3af-4349-97d3-3b5d7a5e16d4@group-00A2AA5E9E6C-FollowerState] INFO  impl.RoleInfo (RoleInfo.java:updateAndGet(148)) - 128ca0df-c3af-4349-97d3-3b5d7a5e16d4: start 128ca0df-c3af-4349-97d3-3b5d7a5e16d4@group-00A2AA5E9E6C-LeaderElection22
2025-09-28 08:46:46,302 [128ca0df-c3af-4349-97d3-3b5d7a5e16d4@group-00A2AA5E9E6C-LeaderElection22] INFO  impl.LeaderElection (LeaderElection.java:askForVotes(448)) - 128ca0df-c3af-4349-97d3-3b5d7a5e16d4@group-00A2AA5E9E6C-LeaderElection22 PRE_VOTE round 0: submit vote requests at term 0 for conf: {index: -1, cur=peers:[128ca0df-c3af-4349-97d3-3b5d7a5e16d4|127.0.0.1:15057]|listeners:[], old=null}
2025-09-28 08:46:46,302 [128ca0df-c3af-4349-97d3-3b5d7a5e16d4@group-00A2AA5E9E6C-LeaderElection22] INFO  impl.LeaderElection (LeaderElection.java:askForVotes(450)) - 128ca0df-c3af-4349-97d3-3b5d7a5e16d4@group-00A2AA5E9E6C-LeaderElection22 PRE_VOTE round 0: result PASSED (term=0)
2025-09-28 08:46:46,303 [128ca0df-c3af-4349-97d3-3b5d7a5e16d4@group-00A2AA5E9E6C-LeaderElection22] INFO  impl.LeaderElection (LeaderElection.java:askForVotes(448)) - 128ca0df-c3af-4349-97d3-3b5d7a5e16d4@group-00A2AA5E9E6C-LeaderElection22 ELECTION round 0: submit vote requests at term 1 for conf: {index: -1, cur=peers:[128ca0df-c3af-4349-97d3-3b5d7a5e16d4|127.0.0.1:15057]|listeners:[], old=null}
2025-09-28 08:46:46,303 [128ca0df-c3af-4349-97d3-3b5d7a5e16d4@group-00A2AA5E9E6C-LeaderElection22] INFO  impl.LeaderElection (LeaderElection.java:askForVotes(450)) - 128ca0df-c3af-4349-97d3-3b5d7a5e16d4@group-00A2AA5E9E6C-LeaderElection22 ELECTION round 0: result PASSED (term=1)
2025-09-28 08:46:46,303 [128ca0df-c3af-4349-97d3-3b5d7a5e16d4@group-00A2AA5E9E6C-LeaderElection22] INFO  impl.RoleInfo (RoleInfo.java:shutdownLeaderElection(141)) - 128ca0df-c3af-4349-97d3-3b5d7a5e16d4: shutdown 128ca0df-c3af-4349-97d3-3b5d7a5e16d4@group-00A2AA5E9E6C-LeaderElection22
2025-09-28 08:46:46,304 [128ca0df-c3af-4349-97d3-3b5d7a5e16d4@group-00A2AA5E9E6C-LeaderElection22] INFO  server.RaftServer$Division (RaftServerImpl.java:setRole(392)) - 128ca0df-c3af-4349-97d3-3b5d7a5e16d4@group-00A2AA5E9E6C: changes role from CANDIDATE to LEADER at term 1 for changeToLeader
2025-09-28 08:46:46,304 [128ca0df-c3af-4349-97d3-3b5d7a5e16d4@group-00A2AA5E9E6C-LeaderElection22] INFO  server.RaftServerConfigKeys (ConfUtils.java:logFallback(69)) - raft.server.staging.timeout = 15600ms (fallback to raft.server.rpc.timeout.max)
2025-09-28 08:46:46,304 [128ca0df-c3af-4349-97d3-3b5d7a5e16d4@group-00A2AA5E9E6C-LeaderElection22] INFO  server.RaftServerConfigKeys (ConfUtils.java:logGet(62)) - raft.server.write.byte-limit = 1024 M (=1073741824) (custom)
2025-09-28 08:46:46,304 [128ca0df-c3af-4349-97d3-3b5d7a5e16d4@group-00A2AA5E9E6C-LeaderElection22] INFO  impl.RoleInfo (RoleInfo.java:updateAndGet(148)) - 128ca0df-c3af-4349-97d3-3b5d7a5e16d4: start 128ca0df-c3af-4349-97d3-3b5d7a5e16d4@group-00A2AA5E9E6C-LeaderStateImpl
2025-09-28 08:46:46,304 [128ca0df-c3af-4349-97d3-3b5d7a5e16d4@group-00A2AA5E9E6C-LeaderElection22] INFO  server.RaftServer$Division (RaftServerImpl.java:setFirstElection(576)) - 128ca0df-c3af-4349-97d3-3b5d7a5e16d4@group-00A2AA5E9E6C: set firstElectionSinceStartup to false for becomeLeader
2025-09-28 08:46:46,304 [128ca0df-c3af-4349-97d3-3b5d7a5e16d4@group-00A2AA5E9E6C-LeaderElection22] INFO  ratis.XceiverServerRatis (XceiverServerRatis.java:handleLeaderChangedNotification(940)) - Leader change notification received for group: group-00A2AA5E9E6C with new leaderId: 128ca0df-c3af-4349-97d3-3b5d7a5e16d4
2025-09-28 08:46:46,305 [128ca0df-c3af-4349-97d3-3b5d7a5e16d4@group-00A2AA5E9E6C-LeaderElection22] INFO  server.RaftServer$Division (ServerState.java:setLeader(272)) - 128ca0df-c3af-4349-97d3-3b5d7a5e16d4@group-00A2AA5E9E6C: change Leader from null to 128ca0df-c3af-4349-97d3-3b5d7a5e16d4 at term 1 for becomeLeader, leader elected after 1176ms
2025-09-28 08:46:46,305 [128ca0df-c3af-4349-97d3-3b5d7a5e16d4@group-00A2AA5E9E6C-LeaderElection22] INFO  segmented.SegmentedRaftLogWorker (SegmentedRaftLogWorker.java:startLogSegment(440)) - 128ca0df-c3af-4349-97d3-3b5d7a5e16d4@group-00A2AA5E9E6C-SegmentedRaftLogWorker: Starting segment from index:0
2025-09-28 08:46:46,305 [128ca0df-c3af-4349-97d3-3b5d7a5e16d4@group-00A2AA5E9E6C-LeaderElection22] INFO  server.RaftServer$Division (ServerState.java:setRaftConf(386)) - 128ca0df-c3af-4349-97d3-3b5d7a5e16d4@group-00A2AA5E9E6C: set configuration conf: {index: 0, cur=peers:[128ca0df-c3af-4349-97d3-3b5d7a5e16d4|127.0.0.1:15057]|listeners:[], old=null}
2025-09-28 08:46:46,305 [128ca0df-c3af-4349-97d3-3b5d7a5e16d4@group-00A2AA5E9E6C-SegmentedRaftLogWorker] INFO  segmented.BufferedWriteChannel (BufferedWriteChannel.java:open(61)) - open log_inprogress_0 at position 0
2025-09-28 08:46:46,309 [128ca0df-c3af-4349-97d3-3b5d7a5e16d4@group-00A2AA5E9E6C-SegmentedRaftLogWorker] INFO  segmented.SegmentedRaftLogWorker (SegmentedRaftLogWorker.java:execute(647)) - 128ca0df-c3af-4349-97d3-3b5d7a5e16d4@group-00A2AA5E9E6C-SegmentedRaftLogWorker: created new log segment /home/runner/work/ozone/ozone/hadoop-ozone/integration-test/target/test-dir/MiniOzoneClusterImpl-ffd4f26c-0daa-4d09-bef2-86add17b79f3/ozone-metadata/datanode-2/ratis/1ffc27f5-362d-47ee-9789-00a2aa5e9e6c/current/log_inprogress_0
2025-09-28 08:46:46,311 [128ca0df-c3af-4349-97d3-3b5d7a5e16d4@group-00A2AA5E9E6C-StateMachineUpdater] INFO  server.RaftServer$Division (LeaderStateImpl.java:checkStartIndex(309)) - Leader 128ca0df-c3af-4349-97d3-3b5d7a5e16d4@group-00A2AA5E9E6C-LeaderStateImpl is ready since appliedIndex == startIndex == 0
2025-09-28 08:46:46,381 [7493dade-fd93-43aa-a8ed-41de39203fc7@group-078FD725FD92-FollowerState] INFO  impl.FollowerState (FollowerState.java:runImpl(161)) - 7493dade-fd93-43aa-a8ed-41de39203fc7@group-078FD725FD92-FollowerState: change to CANDIDATE, lastRpcElapsedTime:1035408998ns, electionTimeout:1035ms
2025-09-28 08:46:46,381 [7493dade-fd93-43aa-a8ed-41de39203fc7@group-078FD725FD92-FollowerState] INFO  impl.RoleInfo (RoleInfo.java:shutdownFollowerState(121)) - 7493dade-fd93-43aa-a8ed-41de39203fc7: shutdown 7493dade-fd93-43aa-a8ed-41de39203fc7@group-078FD725FD92-FollowerState
2025-09-28 08:46:46,382 [7493dade-fd93-43aa-a8ed-41de39203fc7@group-078FD725FD92-FollowerState] INFO  server.RaftServer$Division (RaftServerImpl.java:setRole(392)) - 7493dade-fd93-43aa-a8ed-41de39203fc7@group-078FD725FD92: changes role from  FOLLOWER to CANDIDATE at term 0 for changeToCandidate
2025-09-28 08:46:46,382 [7493dade-fd93-43aa-a8ed-41de39203fc7@group-078FD725FD92-FollowerState] INFO  impl.RoleInfo (RoleInfo.java:updateAndGet(148)) - 7493dade-fd93-43aa-a8ed-41de39203fc7: start 7493dade-fd93-43aa-a8ed-41de39203fc7@group-078FD725FD92-LeaderElection23
2025-09-28 08:46:46,382 [7493dade-fd93-43aa-a8ed-41de39203fc7@group-078FD725FD92-LeaderElection23] INFO  impl.LeaderElection (LeaderElection.java:askForVotes(448)) - 7493dade-fd93-43aa-a8ed-41de39203fc7@group-078FD725FD92-LeaderElection23 PRE_VOTE round 0: submit vote requests at term 0 for conf: {index: -1, cur=peers:[7493dade-fd93-43aa-a8ed-41de39203fc7|127.0.0.1:15065]|listeners:[], old=null}
2025-09-28 08:46:46,382 [7493dade-fd93-43aa-a8ed-41de39203fc7@group-078FD725FD92-LeaderElection23] INFO  impl.LeaderElection (LeaderElection.java:askForVotes(450)) - 7493dade-fd93-43aa-a8ed-41de39203fc7@group-078FD725FD92-LeaderElection23 PRE_VOTE round 0: result PASSED (term=0)
2025-09-28 08:46:46,384 [7493dade-fd93-43aa-a8ed-41de39203fc7@group-078FD725FD92-LeaderElection23] INFO  impl.LeaderElection (LeaderElection.java:askForVotes(448)) - 7493dade-fd93-43aa-a8ed-41de39203fc7@group-078FD725FD92-LeaderElection23 ELECTION round 0: submit vote requests at term 1 for conf: {index: -1, cur=peers:[7493dade-fd93-43aa-a8ed-41de39203fc7|127.0.0.1:15065]|listeners:[], old=null}
2025-09-28 08:46:46,384 [7493dade-fd93-43aa-a8ed-41de39203fc7@group-078FD725FD92-LeaderElection23] INFO  impl.LeaderElection (LeaderElection.java:askForVotes(450)) - 7493dade-fd93-43aa-a8ed-41de39203fc7@group-078FD725FD92-LeaderElection23 ELECTION round 0: result PASSED (term=1)
2025-09-28 08:46:46,384 [7493dade-fd93-43aa-a8ed-41de39203fc7@group-078FD725FD92-LeaderElection23] INFO  impl.RoleInfo (RoleInfo.java:shutdownLeaderElection(141)) - 7493dade-fd93-43aa-a8ed-41de39203fc7: shutdown 7493dade-fd93-43aa-a8ed-41de39203fc7@group-078FD725FD92-LeaderElection23
2025-09-28 08:46:46,384 [7493dade-fd93-43aa-a8ed-41de39203fc7@group-078FD725FD92-LeaderElection23] INFO  server.RaftServer$Division (RaftServerImpl.java:setRole(392)) - 7493dade-fd93-43aa-a8ed-41de39203fc7@group-078FD725FD92: changes role from CANDIDATE to LEADER at term 1 for changeToLeader
2025-09-28 08:46:46,384 [7493dade-fd93-43aa-a8ed-41de39203fc7@group-078FD725FD92-LeaderElection23] INFO  server.RaftServerConfigKeys (ConfUtils.java:logFallback(69)) - raft.server.staging.timeout = 15600ms (fallback to raft.server.rpc.timeout.max)
2025-09-28 08:46:46,384 [7493dade-fd93-43aa-a8ed-41de39203fc7@group-078FD725FD92-LeaderElection23] INFO  server.RaftServerConfigKeys (ConfUtils.java:logGet(62)) - raft.server.write.byte-limit = 1024 M (=1073741824) (custom)
2025-09-28 08:46:46,385 [7493dade-fd93-43aa-a8ed-41de39203fc7@group-078FD725FD92-LeaderElection23] INFO  impl.RoleInfo (RoleInfo.java:updateAndGet(148)) - 7493dade-fd93-43aa-a8ed-41de39203fc7: start 7493dade-fd93-43aa-a8ed-41de39203fc7@group-078FD725FD92-LeaderStateImpl
2025-09-28 08:46:46,385 [7493dade-fd93-43aa-a8ed-41de39203fc7@group-078FD725FD92-LeaderElection23] INFO  server.RaftServer$Division (RaftServerImpl.java:setFirstElection(576)) - 7493dade-fd93-43aa-a8ed-41de39203fc7@group-078FD725FD92: set firstElectionSinceStartup to false for becomeLeader
2025-09-28 08:46:46,385 [7493dade-fd93-43aa-a8ed-41de39203fc7@group-078FD725FD92-LeaderElection23] INFO  ratis.XceiverServerRatis (XceiverServerRatis.java:handleLeaderChangedNotification(940)) - Leader change notification received for group: group-078FD725FD92 with new leaderId: 7493dade-fd93-43aa-a8ed-41de39203fc7
2025-09-28 08:46:46,385 [7493dade-fd93-43aa-a8ed-41de39203fc7@group-078FD725FD92-LeaderElection23] INFO  server.RaftServer$Division (ServerState.java:setLeader(272)) - 7493dade-fd93-43aa-a8ed-41de39203fc7@group-078FD725FD92: change Leader from null to 7493dade-fd93-43aa-a8ed-41de39203fc7 at term 1 for becomeLeader, leader elected after 1054ms
2025-09-28 08:46:46,385 [7493dade-fd93-43aa-a8ed-41de39203fc7@group-078FD725FD92-LeaderElection23] INFO  segmented.SegmentedRaftLogWorker (SegmentedRaftLogWorker.java:startLogSegment(440)) - 7493dade-fd93-43aa-a8ed-41de39203fc7@group-078FD725FD92-SegmentedRaftLogWorker: Starting segment from index:0
2025-09-28 08:46:46,385 [7493dade-fd93-43aa-a8ed-41de39203fc7@group-078FD725FD92-LeaderElection23] INFO  server.RaftServer$Division (ServerState.java:setRaftConf(386)) - 7493dade-fd93-43aa-a8ed-41de39203fc7@group-078FD725FD92: set configuration conf: {index: 0, cur=peers:[7493dade-fd93-43aa-a8ed-41de39203fc7|127.0.0.1:15065]|listeners:[], old=null}
2025-09-28 08:46:46,386 [7493dade-fd93-43aa-a8ed-41de39203fc7@group-078FD725FD92-SegmentedRaftLogWorker] INFO  segmented.BufferedWriteChannel (BufferedWriteChannel.java:open(61)) - open log_inprogress_0 at position 0
2025-09-28 08:46:46,390 [7493dade-fd93-43aa-a8ed-41de39203fc7@group-078FD725FD92-SegmentedRaftLogWorker] INFO  segmented.SegmentedRaftLogWorker (SegmentedRaftLogWorker.java:execute(647)) - 7493dade-fd93-43aa-a8ed-41de39203fc7@group-078FD725FD92-SegmentedRaftLogWorker: created new log segment /home/runner/work/ozone/ozone/hadoop-ozone/integration-test/target/test-dir/MiniOzoneClusterImpl-ffd4f26c-0daa-4d09-bef2-86add17b79f3/ozone-metadata/datanode-3/ratis/194d921c-336e-4e7a-bd05-078fd725fd92/current/log_inprogress_0
2025-09-28 08:46:46,392 [7493dade-fd93-43aa-a8ed-41de39203fc7@group-078FD725FD92-StateMachineUpdater] INFO  server.RaftServer$Division (LeaderStateImpl.java:checkStartIndex(309)) - Leader 7493dade-fd93-43aa-a8ed-41de39203fc7@group-078FD725FD92-LeaderStateImpl is ready since appliedIndex == startIndex == 0
2025-09-28 08:46:46,830 [ForkJoinPool-1-worker-1] INFO  ozone.MiniOzoneClusterImpl (MiniOzoneClusterImpl.java:lambda$waitForClusterToBeReady$0(181)) - Nodes are ready. Got 3 of 3 DN Heartbeats.
2025-09-28 08:46:46,831 [ForkJoinPool-1-worker-1] INFO  ozone.MiniOzoneClusterImpl (MiniOzoneClusterImpl.java:lambda$waitForClusterToBeReady$0(184)) - Cluster exits safe mode
2025-09-28 08:46:46,831 [ForkJoinPool-1-worker-1] INFO  ozone.MiniOzoneClusterImpl (MiniOzoneClusterImpl.java:lambda$waitForClusterToBeReady$0(186)) - SCM became leader
2025-09-28 08:46:46,836 [ForkJoinPool-1-worker-1] INFO  rpc.RpcClient (RpcClient.java:createVolume(461)) - Creating Volume: vol1, with runner as owner and space quota set to -1 bytes, counts quota set to -1
2025-09-28 08:46:46,839 [om1-OMStateMachineApplyTransactionThread - 0] INFO  volume.OMVolumeCreateRequest (OMVolumeCreateRequest.java:validateAndUpdateCache(203)) - created volume:vol1 for user:runner
2025-09-28 08:46:46,842 [ForkJoinPool-1-worker-1] INFO  rpc.RpcClient (RpcClient.java:createBucket(686)) - Creating Bucket: vol1/bucket1, with server-side default bucket layout, runner as owner, Versioning false, Storage Type set to DISK and Encryption set to false, Replication Type set to server-side default replication type, Namespace Quota set to -1, Space Quota set to -1 
2025-09-28 08:46:46,844 [om1-OMStateMachineApplyTransactionThread - 0] INFO  bucket.OMBucketCreateRequest (OMBucketCreateRequest.java:validateAndUpdateCache(292)) - created bucket: bucket1 of layout FILE_SYSTEM_OPTIMIZED in volume: vol1
2025-09-28 08:46:46,849 [IPC Server handler 2 on default port 15035] INFO  ha.SequenceIdGenerator (SequenceIdGenerator.java:getNextId(135)) - Allocate a batch for containerId, change lastId from 0 to 1000.
2025-09-28 08:46:46,852 [a4a824a0-2283-4935-bdba-9632c468a4b2@group-86ADD17B79F3-StateMachineUpdater] WARN  ha.SequenceIdGenerator (SequenceIdGenerator.java:allocateBatch(248)) - Failed to allocate a batch for localId, expected lastId is 0, actual lastId is 115816896921600000.
2025-09-28 08:46:46,853 [IPC Server handler 2 on default port 15035] INFO  ha.SequenceIdGenerator (SequenceIdGenerator.java:getNextId(135)) - Allocate a batch for localId, change lastId from 115816896921600000 to 115816896921601000.
2025-09-28 08:46:46,904 [EventQueue-CloseContainerForCloseContainerEventHandler] INFO  container.CloseContainerEventHandler (CloseContainerEventHandler.java:onMessage(88)) - Close container Event triggered for container : #1, current state: OPEN
2025-09-28 08:46:46,906 [EventQueue-CloseContainerForCloseContainerEventHandler] INFO  container.CloseContainerEventHandler (CloseContainerEventHandler.java:onMessage(88)) - Close container Event triggered for container : #1, current state: CLOSING
2025-09-28 08:46:46,906 [EventQueue-CloseContainerForCloseContainerEventHandler] INFO  container.CloseContainerEventHandler (CloseContainerEventHandler.java:onMessage(88)) - Close container Event triggered for container : #1, current state: CLOSING
2025-09-28 08:46:50,884 [ad6ddb9b-2ec3-4db0-9749-54a59d16dcc8-CloseContainerThread-0] INFO  commandhandler.CloseContainerCommandHandler (CloseContainerCommandHandler.java:lambda$handle$0(154)) - Follower cannot close container #1.
2025-09-28 08:46:50,884 [128ca0df-c3af-4349-97d3-3b5d7a5e16d4-CloseContainerThread-0] INFO  commandhandler.CloseContainerCommandHandler (CloseContainerCommandHandler.java:lambda$handle$0(154)) - Follower cannot close container #1.
2025-09-28 08:46:50,895 [7493dade-fd93-43aa-a8ed-41de39203fc7-ContainerOp-ead6980e-d25d-4ed2-9943-466440d82061-2] INFO  keyvalue.KeyValueContainer (KeyValueContainer.java:flushAndSyncDB(514)) - Synced container: KeyValueContainerData #1 (CLOSING, non-empty, ri=0, origin=[dn_7493dade-fd93-43aa-a8ed-41de39203fc7, pipeline_ead6980e-d25d-4ed2-9943-466440d82061])
2025-09-28 08:46:50,895 [7493dade-fd93-43aa-a8ed-41de39203fc7-ContainerOp-ead6980e-d25d-4ed2-9943-466440d82061-2] INFO  keyvalue.KeyValueContainer (KeyValueContainer.java:flushAndSyncDB(514)) - Synced container: KeyValueContainerData #1 (CLOSING, non-empty, ri=0, origin=[dn_7493dade-fd93-43aa-a8ed-41de39203fc7, pipeline_ead6980e-d25d-4ed2-9943-466440d82061])
2025-09-28 08:46:50,895 [ad6ddb9b-2ec3-4db0-9749-54a59d16dcc8-ContainerOp-ead6980e-d25d-4ed2-9943-466440d82061-2] INFO  keyvalue.KeyValueContainer (KeyValueContainer.java:flushAndSyncDB(514)) - Synced container: KeyValueContainerData #1 (CLOSING, non-empty, ri=0, origin=[dn_ad6ddb9b-2ec3-4db0-9749-54a59d16dcc8, pipeline_ead6980e-d25d-4ed2-9943-466440d82061])
2025-09-28 08:46:50,895 [ad6ddb9b-2ec3-4db0-9749-54a59d16dcc8-ContainerOp-ead6980e-d25d-4ed2-9943-466440d82061-2] INFO  keyvalue.KeyValueContainer (KeyValueContainer.java:flushAndSyncDB(514)) - Synced container: KeyValueContainerData #1 (CLOSING, non-empty, ri=0, origin=[dn_ad6ddb9b-2ec3-4db0-9749-54a59d16dcc8, pipeline_ead6980e-d25d-4ed2-9943-466440d82061])
2025-09-28 08:46:50,899 [ad6ddb9b-2ec3-4db0-9749-54a59d16dcc8-ContainerOp-ead6980e-d25d-4ed2-9943-466440d82061-2] INFO  keyvalue.KeyValueContainer (KeyValueContainer.java:close(430)) - Closed container: KeyValueContainerData #1 (CLOSED, non-empty, ri=0, origin=[dn_ad6ddb9b-2ec3-4db0-9749-54a59d16dcc8, pipeline_ead6980e-d25d-4ed2-9943-466440d82061])
2025-09-28 08:46:50,901 [128ca0df-c3af-4349-97d3-3b5d7a5e16d4-ContainerOp-ead6980e-d25d-4ed2-9943-466440d82061-2] INFO  keyvalue.KeyValueContainer (KeyValueContainer.java:flushAndSyncDB(514)) - Synced container: KeyValueContainerData #1 (CLOSING, non-empty, ri=0, origin=[dn_128ca0df-c3af-4349-97d3-3b5d7a5e16d4, pipeline_ead6980e-d25d-4ed2-9943-466440d82061])
2025-09-28 08:46:50,901 [128ca0df-c3af-4349-97d3-3b5d7a5e16d4-ContainerOp-ead6980e-d25d-4ed2-9943-466440d82061-2] INFO  keyvalue.KeyValueContainer (KeyValueContainer.java:flushAndSyncDB(514)) - Synced container: KeyValueContainerData #1 (CLOSING, non-empty, ri=0, origin=[dn_128ca0df-c3af-4349-97d3-3b5d7a5e16d4, pipeline_ead6980e-d25d-4ed2-9943-466440d82061])
2025-09-28 08:46:50,902 [FixedThreadPoolWithAffinityExecutor-0-0] INFO  container.IncrementalContainerReportHandler (AbstractContainerReportHandler.java:updateContainerState(289)) - CLOSE Container #1 (CLOSING, sid=2) r0 (CLOSED, bcsid=2, origin=ad6ddb9b-2ec3-4db0-9749-54a59d16dcc8, non-empty) from dn ad6ddb9b-2ec3-4db0-9749-54a59d16dcc8(localhost/127.0.0.1)
2025-09-28 08:46:50,904 [7493dade-fd93-43aa-a8ed-41de39203fc7-ContainerOp-ead6980e-d25d-4ed2-9943-466440d82061-2] INFO  keyvalue.KeyValueContainer (KeyValueContainer.java:close(430)) - Closed container: KeyValueContainerData #1 (CLOSED, non-empty, ri=0, origin=[dn_7493dade-fd93-43aa-a8ed-41de39203fc7, pipeline_ead6980e-d25d-4ed2-9943-466440d82061])
2025-09-28 08:46:50,907 [FixedThreadPoolWithAffinityExecutor-9-0] INFO  container.IncrementalContainerReportHandler (AbstractContainerReportHandler.java:updateContainerState(322)) - transitionDeletingToClosed due to non-empty CLOSED replica (keyCount=1) for Container #1 (DELETING, sid=2) r0 (CLOSED, bcsid=2, origin=7493dade-fd93-43aa-a8ed-41de39203fc7, non-empty) from dn 7493dade-fd93-43aa-a8ed-41de39203fc7(localhost/127.0.0.1)
2025-09-28 08:46:50,908 [128ca0df-c3af-4349-97d3-3b5d7a5e16d4-ContainerOp-ead6980e-d25d-4ed2-9943-466440d82061-2] INFO  keyvalue.KeyValueContainer (KeyValueContainer.java:close(430)) - Closed container: KeyValueContainerData #1 (CLOSED, non-empty, ri=0, origin=[dn_128ca0df-c3af-4349-97d3-3b5d7a5e16d4, pipeline_ead6980e-d25d-4ed2-9943-466440d82061])
2025-09-28 08:46:50,911 [a4a824a0-2283-4935-bdba-9632c468a4b2@group-86ADD17B79F3-StateMachineUpdater] ERROR statemachine.StateMachine (ExitUtils.java:terminate(133)) - Terminating with exit status 1: Invalid event: CLEANUP at CLOSED state.
org.apache.hadoop.ozone.common.statemachine.InvalidStateTransitionException: Invalid event: CLEANUP at CLOSED state.
	at org.apache.hadoop.ozone.common.statemachine.StateMachine.getNextState(StateMachine.java:58)
	at org.apache.hadoop.hdds.scm.container.ContainerStateManagerImpl.updateContainerState(ContainerStateManagerImpl.java:366)
	at java.base/jdk.internal.reflect.DirectMethodHandleAccessor.invoke(DirectMethodHandleAccessor.java:103)
	at java.base/java.lang.reflect.Method.invoke(Method.java:580)
	at org.apache.hadoop.hdds.scm.ha.SCMStateMachine.process(SCMStateMachine.java:191)
	at org.apache.hadoop.hdds.scm.ha.SCMStateMachine.applyTransaction(SCMStateMachine.java:152)
	at org.apache.ratis.server.impl.RaftServerImpl.applyLogToStateMachine(RaftServerImpl.java:1858)
	at org.apache.ratis.server.impl.StateMachineUpdater.applyLog(StateMachineUpdater.java:254)
	at org.apache.ratis.server.impl.StateMachineUpdater.run(StateMachineUpdater.java:193)
	at java.base/java.lang.Thread.run(Thread.java:1583)
2025-09-28 08:46:50,912 [a4a824a0-2283-4935-bdba-9632c468a4b2@group-86ADD17B79F3-StateMachineUpdater] ERROR impl.StateMachineUpdater (StateMachineUpdater.java:run(206)) - a4a824a0-2283-4935-bdba-9632c468a4b2@group-86ADD17B79F3-StateMachineUpdater caught a Throwable.
org.apache.ratis.server.raftlog.RaftLogIOException: org.apache.ratis.util.ExitUtils$ExitException: Invalid event: CLEANUP at CLOSED state.
	at org.apache.ratis.server.impl.RaftServerImpl.applyLogToStateMachine(RaftServerImpl.java:1861)
	at org.apache.ratis.server.impl.StateMachineUpdater.applyLog(StateMachineUpdater.java:254)
	at org.apache.ratis.server.impl.StateMachineUpdater.run(StateMachineUpdater.java:193)
	at java.base/java.lang.Thread.run(Thread.java:1583)
Caused by: org.apache.ratis.util.ExitUtils$ExitException: Invalid event: CLEANUP at CLOSED state.
	at org.apache.ratis.util.ExitUtils.terminate(ExitUtils.java:141)
	at org.apache.ratis.util.ExitUtils.terminate(ExitUtils.java:151)
	at org.apache.hadoop.hdds.scm.ha.SCMStateMachine.applyTransaction(SCMStateMachine.java:175)
	at org.apache.ratis.server.impl.RaftServerImpl.applyLogToStateMachine(RaftServerImpl.java:1858)
	... 3 more
Caused by: org.apache.hadoop.ozone.common.statemachine.InvalidStateTransitionException: Invalid event: CLEANUP at CLOSED state.
	at org.apache.hadoop.ozone.common.statemachine.StateMachine.getNextState(StateMachine.java:58)
	at org.apache.hadoop.hdds.scm.container.ContainerStateManagerImpl.updateContainerState(ContainerStateManagerImpl.java:366)
	at java.base/jdk.internal.reflect.DirectMethodHandleAccessor.invoke(DirectMethodHandleAccessor.java:103)
	at java.base/java.lang.reflect.Method.invoke(Method.java:580)
	at org.apache.hadoop.hdds.scm.ha.SCMStateMachine.process(SCMStateMachine.java:191)
	at org.apache.hadoop.hdds.scm.ha.SCMStateMachine.applyTransaction(SCMStateMachine.java:152)
	... 4 more
2025-09-28 08:46:50,912 [a4a824a0-2283-4935-bdba-9632c468a4b2@group-86ADD17B79F3-StateMachineUpdater] INFO  server.RaftServer$Division (RaftServerImpl.java:lambda$close$1(527)) - a4a824a0-2283-4935-bdba-9632c468a4b2@group-86ADD17B79F3: shutdown
2025-09-28 08:46:50,913 [a4a824a0-2283-4935-bdba-9632c468a4b2@group-86ADD17B79F3-StateMachineUpdater] INFO  util.JmxRegister (JmxRegister.java:unregister(74)) - Successfully un-registered JMX Bean with object name Ratis:service=RaftServer,group=group-86ADD17B79F3,id=a4a824a0-2283-4935-bdba-9632c468a4b2
2025-09-28 08:46:50,913 [a4a824a0-2283-4935-bdba-9632c468a4b2@group-86ADD17B79F3-StateMachineUpdater] INFO  impl.RoleInfo (RoleInfo.java:shutdownLeaderState(103)) - a4a824a0-2283-4935-bdba-9632c468a4b2: shutdown a4a824a0-2283-4935-bdba-9632c468a4b2@group-86ADD17B79F3-LeaderStateImpl
2025-09-28 08:46:50,913 [a4a824a0-2283-4935-bdba-9632c468a4b2@group-86ADD17B79F3-StateMachineUpdater] INFO  impl.PendingRequests (PendingRequests.java:sendNotLeaderResponses(287)) - a4a824a0-2283-4935-bdba-9632c468a4b2@group-86ADD17B79F3-PendingRequests: sendNotLeaderResponses
2025-09-28 08:46:50,913 [a4a824a0-2283-4935-bdba-9632c468a4b2@group-86ADD17B79F3-StateMachineUpdater] INFO  ha.SCMStateMachine (SCMStateMachine.java:notifyNotLeader(213)) - current leader SCM steps down.
2025-09-28 08:46:50,913 [a4a824a0-2283-4935-bdba-9632c468a4b2@group-86ADD17B79F3-StateMachineUpdater] INFO  ha.SCMContext (SCMContext.java:updateLeaderAndTerm(95)) - update <isLeader,term> from <true,2> to <false,0>
2025-09-28 08:46:50,913 [a4a824a0-2283-4935-bdba-9632c468a4b2@group-86ADD17B79F3-StateMachineUpdater] INFO  ha.SCMContext (SCMContext.java:updateLeaderAndTerm(101)) - update <isLeaderReady> from <true> to <false>
2025-09-28 08:46:50,913 [a4a824a0-2283-4935-bdba-9632c468a4b2@group-86ADD17B79F3-StateMachineUpdater] INFO  BackgroundPipelineScrubber (BackgroundSCMService.java:notifyStatusChanged(84)) - Service BackgroundPipelineScrubber transitions to PAUSING.
2025-09-28 08:46:50,913 [a4a824a0-2283-4935-bdba-9632c468a4b2@group-86ADD17B79F3-StateMachineUpdater] INFO  ExpiredContainerReplicaOpScrubber (BackgroundSCMService.java:notifyStatusChanged(84)) - Service ExpiredContainerReplicaOpScrubber transitions to PAUSING.
2025-09-28 08:46:50,913 [a4a824a0-2283-4935-bdba-9632c468a4b2@group-86ADD17B79F3-StateMachineUpdater] INFO  SCMHATransactionMonitor (BackgroundSCMService.java:notifyStatusChanged(84)) - Service SCMHATransactionMonitor transitions to PAUSING.
2025-09-28 08:46:50,914 [a4a824a0-2283-4935-bdba-9632c468a4b2@group-86ADD17B79F3-StateMachineUpdater] INFO  impl.StateMachineUpdater (StateMachineUpdater.java:stop(140)) - a4a824a0-2283-4935-bdba-9632c468a4b2@group-86ADD17B79F3-StateMachineUpdater: closing SCMStateMachine, lastApplied=(t:2, i:19)
2025-09-28 08:46:50,914 [a4a824a0-2283-4935-bdba-9632c468a4b2@group-86ADD17B79F3-StateMachineUpdater] INFO  server.StorageContainerManager (StorageContainerManager.java:stop(1616)) - Container Balancer is not running.
2025-09-28 08:46:50,915 [a4a824a0-2283-4935-bdba-9632c468a4b2@group-86ADD17B79F3-StateMachineUpdater] INFO  server.StorageContainerManager (StorageContainerManager.java:stopReplicationManager(1749)) - Stopping Replication Manager Service.
2025-09-28 08:46:50,915 [a4a824a0-2283-4935-bdba-9632c468a4b2@group-86ADD17B79F3-StateMachineUpdater] INFO  replication.ReplicationManager (ReplicationManager.java:stop(318)) - Stopping Replication Monitor Thread.
2025-09-28 08:46:50,915 [a4a824a0-2283-4935-bdba-9632c468a4b2@group-86ADD17B79F3-StateMachineUpdater] INFO  server.StorageContainerManager (StorageContainerManager.java:stop(1625)) - Stopping the Datanode Admin Monitor.
2025-09-28 08:46:50,915 [a4a824a0-2283-4935-bdba-9632c468a4b2@group-86ADD17B79F3-StateMachineUpdater] INFO  server.StorageContainerManager (StorageContainerManager.java:stop(1632)) - Stopping datanode service RPC server
2025-09-28 08:46:50,915 [a4a824a0-2283-4935-bdba-9632c468a4b2@group-86ADD17B79F3-StateMachineUpdater] INFO  server.SCMDatanodeProtocolServer (SCMDatanodeProtocolServer.java:stop(455)) - Stopping the RPC server for DataNodes
2025-09-28 08:46:50,915 [a4a824a0-2283-4935-bdba-9632c468a4b2@group-86ADD17B79F3-StateMachineUpdater] INFO  ipc.Server (Server.java:stop(3697)) - Stopping server on 15036
2025-09-28 08:46:50,916 [UnderReplicatedProcessor] WARN  replication.UnhealthyReplicationProcessor (UnhealthyReplicationProcessor.java:run(178)) - UnderReplicatedProcessor interrupted. Exiting...
2025-09-28 08:46:50,916 [ReplicationMonitor] INFO  replication.ReplicationManager (ReplicationManager.java:run(938)) - Replication Monitor Thread is stopped
2025-09-28 08:46:50,917 [OverReplicatedProcessor] WARN  replication.UnhealthyReplicationProcessor (UnhealthyReplicationProcessor.java:run(178)) - OverReplicatedProcessor interrupted. Exiting...
2025-09-28 08:46:50,922 [ForkJoinPool-1-worker-1] INFO  ozone.MiniOzoneClusterImpl (MiniOzoneClusterImpl.java:shutdown(373)) - Shutting down the Mini Ozone Cluster
2025-09-28 08:46:50,922 [ForkJoinPool-1-worker-1] INFO  db.CodecTestUtil (CodecTestUtil.java:gc(50)) - gc 0
2025-09-28 08:46:50,995 [IPC Server listener on 15036] INFO  ipc.Server (Server.java:run(1585)) - Stopping IPC Server listener on 15036
2025-09-28 08:46:50,996 [IPC Server Responder] INFO  ipc.Server (Server.java:run(1718)) - Stopping IPC Server Responder
2025-09-28 08:46:51,014 [SCMHeartbeatProcessor-0] WARN  node.NodeStateManager (NodeStateManager.java:scheduleNextHealthCheck(913)) - Current Thread is interrupted, shutting down HB processing thread for Node Manager.
2025-09-28 08:46:51,014 [a4a824a0-2283-4935-bdba-9632c468a4b2@group-86ADD17B79F3-StateMachineUpdater] INFO  server.StorageContainerManager (StorageContainerManager.java:stop(1640)) - Stopping block service RPC server
2025-09-28 08:46:51,015 [a4a824a0-2283-4935-bdba-9632c468a4b2@group-86ADD17B79F3-StateMachineUpdater] INFO  server.SCMBlockProtocolServer (SCMBlockProtocolServer.java:stop(175)) - Stopping the RPC server for Block Protocol
2025-09-28 08:46:51,015 [a4a824a0-2283-4935-bdba-9632c468a4b2@group-86ADD17B79F3-StateMachineUpdater] INFO  ipc.Server (Server.java:stop(3697)) - Stopping server on 15035
2025-09-28 08:46:51,018 [IPC Server Responder] INFO  ipc.Server (Server.java:run(1718)) - Stopping IPC Server Responder
2025-09-28 08:46:51,018 [IPC Server listener on 15035] INFO  ipc.Server (Server.java:run(1585)) - Stopping IPC Server listener on 15035
2025-09-28 08:46:51,018 [a4a824a0-2283-4935-bdba-9632c468a4b2@group-86ADD17B79F3-StateMachineUpdater] INFO  server.StorageContainerManager (StorageContainerManager.java:stop(1647)) - Stopping the StorageContainerLocationProtocol RPC server
2025-09-28 08:46:51,018 [a4a824a0-2283-4935-bdba-9632c468a4b2@group-86ADD17B79F3-StateMachineUpdater] INFO  server.SCMClientProtocolServer (SCMClientProtocolServer.java:stop(217)) - Stopping the RPC server for Client Protocol
2025-09-28 08:46:51,019 [a4a824a0-2283-4935-bdba-9632c468a4b2@group-86ADD17B79F3-StateMachineUpdater] INFO  ipc.Server (Server.java:stop(3697)) - Stopping server on 15034
2025-09-28 08:46:51,021 [IPC Server Responder] INFO  ipc.Server (Server.java:run(1718)) - Stopping IPC Server Responder
2025-09-28 08:46:51,021 [IPC Server listener on 15034] INFO  ipc.Server (Server.java:run(1585)) - Stopping IPC Server listener on 15034
2025-09-28 08:46:51,021 [a4a824a0-2283-4935-bdba-9632c468a4b2@group-86ADD17B79F3-StateMachineUpdater] INFO  server.StorageContainerManager (StorageContainerManager.java:stop(1654)) - Stopping Storage Container Manager HTTP server.
2025-09-28 08:46:51,022 [a4a824a0-2283-4935-bdba-9632c468a4b2@group-86ADD17B79F3-StateMachineUpdater] INFO  handler.ContextHandler (ContextHandler.java:doStop(1159)) - Stopped o.e.j.w.WebAppContext@22cfa03a{scm,/,null,STOPPED}{file:/home/runner/work/ozone/ozone/hadoop-ozone/integration-test/target/test-classes/webapps/scm}
2025-09-28 08:46:51,024 [a4a824a0-2283-4935-bdba-9632c468a4b2@group-86ADD17B79F3-StateMachineUpdater] INFO  server.AbstractConnector (AbstractConnector.java:doStop(383)) - Stopped ServerConnector@41633691{HTTP/1.1, (http/1.1)}{0.0.0.0:15037}
2025-09-28 08:46:51,024 [a4a824a0-2283-4935-bdba-9632c468a4b2@group-86ADD17B79F3-StateMachineUpdater] INFO  server.session (HouseKeeper.java:stopScavenging(149)) - node0 Stopped scavenging
2025-09-28 08:46:51,024 [a4a824a0-2283-4935-bdba-9632c468a4b2@group-86ADD17B79F3-StateMachineUpdater] INFO  handler.ContextHandler (ContextHandler.java:doStop(1159)) - Stopped o.e.j.s.ServletContextHandler@3de682fc{static,/static,file:///home/runner/work/ozone/ozone/hadoop-ozone/integration-test/target/test-classes/webapps/static,STOPPED}
2025-09-28 08:46:51,024 [a4a824a0-2283-4935-bdba-9632c468a4b2@group-86ADD17B79F3-StateMachineUpdater] INFO  handler.ContextHandler (ContextHandler.java:doStop(1159)) - Stopped o.e.j.s.ServletContextHandler@7b8e591b{logs,/logs,file:///home/runner/work/ozone/ozone/hadoop-ozone/integration-test/target/log,STOPPED}
2025-09-28 08:46:51,025 [a4a824a0-2283-4935-bdba-9632c468a4b2@group-86ADD17B79F3-StateMachineUpdater] INFO  server.StorageContainerManager (StorageContainerManager.java:stop(1662)) - Stopping SCM LayoutVersionManager Service.
2025-09-28 08:46:51,026 [a4a824a0-2283-4935-bdba-9632c468a4b2@group-86ADD17B79F3-StateMachineUpdater] INFO  server.StorageContainerManager (StorageContainerManager.java:stop(1674)) - Stopping Block Manager Service.
2025-09-28 08:46:51,026 [a4a824a0-2283-4935-bdba-9632c468a4b2@group-86ADD17B79F3-StateMachineUpdater] INFO  utils.BackgroundService (BackgroundService.java:shutdown(195)) - Shutting down service SCMBlockDeletingService
2025-09-28 08:46:51,026 [a4a824a0-2283-4935-bdba-9632c468a4b2@group-86ADD17B79F3-StateMachineUpdater] INFO  utils.BackgroundService (BackgroundService.java:shutdown(195)) - Shutting down service SCMBlockDeletingService
2025-09-28 08:46:51,026 [a4a824a0-2283-4935-bdba-9632c468a4b2@group-86ADD17B79F3-StateMachineUpdater] INFO  server.StorageContainerManager (StorageContainerManager.java:stop(1699)) - Stopping SCM Event Queue.
2025-09-28 08:46:51,027 [a4a824a0-2283-4935-bdba-9632c468a4b2@group-86ADD17B79F3-StateMachineUpdater] INFO  server.StorageContainerManager (StorageContainerManager.java:stop(1706)) - Stopping SCM HA services.
2025-09-28 08:46:51,027 [a4a824a0-2283-4935-bdba-9632c468a4b2@group-86ADD17B79F3-StateMachineUpdater] INFO  ha.SCMRatisServerImpl (SCMRatisServerImpl.java:stop(266)) - stopping ratis server 0.0.0.0:15038
2025-09-28 08:46:51,027 [a4a824a0-2283-4935-bdba-9632c468a4b2@group-86ADD17B79F3-StateMachineUpdater] INFO  server.RaftServer (RaftServerProxy.java:lambda$close$9(422)) - a4a824a0-2283-4935-bdba-9632c468a4b2: close
2025-09-28 08:46:51,028 [a4a824a0-2283-4935-bdba-9632c468a4b2@group-86ADD17B79F3-StateMachineUpdater] INFO  server.GrpcServicesImpl (GrpcServicesImpl.java:closeImpl(355)) - a4a824a0-2283-4935-bdba-9632c468a4b2: shutdown server GrpcServerProtocolService now
2025-09-28 08:46:51,030 [a4a824a0-2283-4935-bdba-9632c468a4b2@group-86ADD17B79F3-StateMachineUpdater] INFO  server.GrpcServicesImpl (GrpcServicesImpl.java:closeImpl(364)) - a4a824a0-2283-4935-bdba-9632c468a4b2: shutdown server GrpcServerProtocolService successfully
2025-09-28 08:46:51,031 [JvmPauseMonitor8] INFO  util.JvmPauseMonitor (JvmPauseMonitor.java:run(152)) - JvmPauseMonitor-a4a824a0-2283-4935-bdba-9632c468a4b2: Stopped
2025-09-28 08:46:51,031 [a4a824a0-2283-4935-bdba-9632c468a4b2@group-86ADD17B79F3-StateMachineUpdater] WARN  db.RDBBatchOperation (RDBBatchOperation.java:clear(490)) - discarding changes   Batch-10: pipelines batchSize=6.99 KB, discarded: 5 (3.34 KB), #put=10, #del=0
2025-09-28 08:46:51,031 [a4a824a0-2283-4935-bdba-9632c468a4b2@group-86ADD17B79F3-StateMachineUpdater] WARN  db.RDBBatchOperation (RDBBatchOperation.java:clear(490)) - discarding changes   Batch-10: containers batchSize=580 B, discarded: 4 (464 B), #put=5, #del=0
2025-09-28 08:46:51,031 [a4a824a0-2283-4935-bdba-9632c468a4b2@group-86ADD17B79F3-StateMachineUpdater] WARN  db.RDBBatchOperation (RDBBatchOperation.java:clear(490)) - discarding changes   Batch-10: sequenceId batchSize=34 B, discarded: 0 (0 B), #put=2, #del=0
2025-09-28 08:46:51,032 [a4a824a0-2283-4935-bdba-9632c468a4b2@group-86ADD17B79F3-StateMachineUpdater] INFO  SCMHATransactionMonitor (BackgroundSCMService.java:stop(127)) - Stopping SCMHATransactionMonitor Service.
2025-09-28 08:46:51,032 [a4a824a0-2283-4935-bdba-9632c468a4b2@group-86ADD17B79F3-StateMachineUpdater] INFO  pipeline.BackgroundPipelineCreator (BackgroundPipelineCreator.java:stop(154)) - Stopping RatisPipelineUtilsThread.
2025-09-28 08:46:51,032 [SCMHATransactionMonitor] WARN  SCMHATransactionMonitor (BackgroundSCMService.java:run(111)) - SCMHATransactionMonitor is interrupted, exit
2025-09-28 08:46:51,032 [RatisPipelineUtilsThread-0] WARN  pipeline.BackgroundPipelineCreator (BackgroundPipelineCreator.java:run(185)) - RatisPipelineUtilsThread is interrupted.
2025-09-28 08:46:51,033 [a4a824a0-2283-4935-bdba-9632c468a4b2@group-86ADD17B79F3-StateMachineUpdater] INFO  BackgroundPipelineScrubber (BackgroundSCMService.java:stop(127)) - Stopping BackgroundPipelineScrubber Service.
2025-09-28 08:46:51,033 [BackgroundPipelineScrubber] WARN  BackgroundPipelineScrubber (BackgroundSCMService.java:run(111)) - BackgroundPipelineScrubber is interrupted, exit
2025-09-28 08:46:51,034 [a4a824a0-2283-4935-bdba-9632c468a4b2@group-86ADD17B79F3-StateMachineUpdater] INFO  impl.MetricsSystemImpl (MetricsSystemImpl.java:stop(210)) - Stopping HddsDatanode metrics system...
2025-09-28 08:46:51,036 [prometheus] INFO  impl.MetricsSinkAdapter (MetricsSinkAdapter.java:publishMetricsFromQueue(141)) - prometheus thread interrupted.
2025-09-28 08:46:51,036 [a4a824a0-2283-4935-bdba-9632c468a4b2@group-86ADD17B79F3-StateMachineUpdater] INFO  impl.MetricsSystemImpl (MetricsSystemImpl.java:stop(216)) - HddsDatanode metrics system stopped.
2025-09-28 08:46:51,036 [a4a824a0-2283-4935-bdba-9632c468a4b2@group-86ADD17B79F3-StateMachineUpdater] WARN  pipeline.BackgroundPipelineCreator (BackgroundPipelineCreator.java:stop(150)) - RatisPipelineUtilsThread is not running, just ignore.
2025-09-28 08:46:51,036 [a4a824a0-2283-4935-bdba-9632c468a4b2@group-86ADD17B79F3-StateMachineUpdater] INFO  BackgroundPipelineScrubber (BackgroundSCMService.java:stop(122)) - BackgroundPipelineScrubber Service is not running, skip stop.
2025-09-28 08:46:51,037 [a4a824a0-2283-4935-bdba-9632c468a4b2@group-86ADD17B79F3-StateMachineUpdater] INFO  ExpiredContainerReplicaOpScrubber (BackgroundSCMService.java:stop(127)) - Stopping ExpiredContainerReplicaOpScrubber Service.
2025-09-28 08:46:51,037 [ExpiredContainerReplicaOpScrubber] WARN  ExpiredContainerReplicaOpScrubber (BackgroundSCMService.java:run(111)) - ExpiredContainerReplicaOpScrubber is interrupted, exit
2025-09-28 08:46:51,037 [a4a824a0-2283-4935-bdba-9632c468a4b2@group-86ADD17B79F3-StateMachineUpdater] INFO  utils.BackgroundService (BackgroundService.java:shutdown(195)) - Shutting down service SCMBlockDeletingService
2025-09-28 08:46:51,037 [a4a824a0-2283-4935-bdba-9632c468a4b2@group-86ADD17B79F3-StateMachineUpdater] INFO  replication.ReplicationManager (ReplicationManager.java:stop(325)) - Replication Monitor Thread is not running.
2025-09-28 08:46:51,037 [a4a824a0-2283-4935-bdba-9632c468a4b2@group-86ADD17B79F3-StateMachineUpdater] WARN  balancer.ContainerBalancer (ContainerBalancer.java:stop(362)) - Cannot stop Container Balancer because it's not running or stopping
2025-09-28 08:46:51,037 [a4a824a0-2283-4935-bdba-9632c468a4b2@group-86ADD17B79F3-StateMachineUpdater] INFO  SCMHATransactionMonitor (BackgroundSCMService.java:stop(122)) - SCMHATransactionMonitor Service is not running, skip stop.
2025-09-28 08:46:51,038 [a4a824a0-2283-4935-bdba-9632c468a4b2@group-86ADD17B79F3-StateMachineUpdater] INFO  server.StorageContainerManager (StorageContainerManager.java:stop(1740)) - Stopping SCM MetadataStore.
2025-09-28 08:46:51,038 [LeaseManager#LeaseMonitor] WARN  lease.LeaseManager (LeaseManager.java:run(285)) - Lease manager is interrupted. Shutting down...
java.lang.InterruptedException
	at java.base/java.util.concurrent.locks.AbstractQueuedSynchronizer.tryAcquireSharedNanos(AbstractQueuedSynchronizer.java:1133)
	at java.base/java.util.concurrent.Semaphore.tryAcquire(Semaphore.java:415)
	at org.apache.hadoop.ozone.lease.LeaseManager$LeaseMonitor.run(LeaseManager.java:283)
	at java.base/java.lang.Thread.run(Thread.java:1583)
2025-09-28 08:46:51,039 [a4a824a0-2283-4935-bdba-9632c468a4b2@group-86ADD17B79F3-StateMachineUpdater] INFO  server.StorageContainerManager (ExitUtils.java:terminate(131)) - Terminating with exit status 0: scm statemachine is closed by ratis, terminate SCM
2025-09-28 08:46:51,039 [a4a824a0-2283-4935-bdba-9632c468a4b2@group-86ADD17B79F3-StateMachineUpdater] WARN  impl.StateMachineUpdater (StateMachineUpdater.java:stop(147)) - a4a824a0-2283-4935-bdba-9632c468a4b2@group-86ADD17B79F3-StateMachineUpdater: Failed to close SCMStateMachine SCMStateMachine:a4a824a0-2283-4935-bdba-9632c468a4b2:group-86ADD17B79F3
org.apache.ratis.util.ExitUtils$ExitException: scm statemachine is closed by ratis, terminate SCM
	at org.apache.ratis.util.ExitUtils.terminate(ExitUtils.java:141)
	at org.apache.ratis.util.ExitUtils.terminate(ExitUtils.java:151)
	at org.apache.ratis.util.ExitUtils.terminate(ExitUtils.java:155)
	at org.apache.hadoop.hdds.scm.server.StorageContainerManager.shutDown(StorageContainerManager.java:1759)
	at org.apache.hadoop.hdds.scm.ha.SCMStateMachine.close(SCMStateMachine.java:451)
	at org.apache.ratis.server.impl.StateMachineUpdater.stop(StateMachineUpdater.java:142)
	at org.apache.ratis.server.impl.StateMachineUpdater.stopAndJoin(StateMachineUpdater.java:158)
	at org.apache.ratis.server.impl.ServerState.close(ServerState.java:423)
	at org.apache.ratis.server.impl.RaftServerImpl.lambda$close$1(RaftServerImpl.java:549)
	at org.apache.ratis.util.LifeCycle.lambda$checkStateAndClose$7(LifeCycle.java:306)
	at org.apache.ratis.util.LifeCycle.checkStateAndClose(LifeCycle.java:326)
	at org.apache.ratis.util.LifeCycle.checkStateAndClose(LifeCycle.java:304)
	at org.apache.ratis.server.impl.RaftServerImpl.close(RaftServerImpl.java:526)
	at org.apache.ratis.server.impl.StateMachineUpdater.run(StateMachineUpdater.java:207)
	at java.base/java.lang.Thread.run(Thread.java:1583)
2025-09-28 08:46:51,040 [a4a824a0-2283-4935-bdba-9632c468a4b2@group-86ADD17B79F3-cacheEviction-AwaitToRun] INFO  util.AwaitToRun (AwaitToRun.java:run(49)) - a4a824a0-2283-4935-bdba-9632c468a4b2@group-86ADD17B79F3-cacheEviction-AwaitToRun-AwaitForSignal is interrupted
2025-09-28 08:46:51,094 [ForkJoinPool-1-worker-1] INFO  ozone.MiniOzoneClusterImpl (MiniOzoneClusterImpl.java:stop(389)) - Stopping the Mini Ozone Cluster
2025-09-28 08:46:51,095 [ForkJoinPool-1-worker-1] INFO  om.OzoneManager (OzoneManager.java:stop(2382)) - om1[localhost:15040]: Stopping Ozone Manager
2025-09-28 08:46:51,095 [ForkJoinPool-1-worker-1] INFO  ipc.Server (Server.java:stop(3697)) - Stopping server on 15040
2025-09-28 08:46:51,097 [IPC Server listener on 15040] INFO  ipc.Server (Server.java:run(1585)) - Stopping IPC Server listener on 15040
2025-09-28 08:46:51,097 [ForkJoinPool-1-worker-1] INFO  ratis.OzoneManagerRatisServer (OzoneManagerRatisServer.java:stop(679)) - Stopping org.apache.hadoop.ozone.om.ratis.OzoneManagerRatisServer@69bb9d66 at port 15043
2025-09-28 08:46:51,097 [ForkJoinPool-1-worker-1] INFO  server.RaftServer (RaftServerProxy.java:lambda$close$9(422)) - om1: close
2025-09-28 08:46:51,097 [IPC Server Responder] INFO  ipc.Server (Server.java:run(1718)) - Stopping IPC Server Responder
2025-09-28 08:46:51,097 [ForkJoinPool-1-worker-1] INFO  server.GrpcServicesImpl (GrpcServicesImpl.java:closeImpl(355)) - om1: shutdown server GrpcServerProtocolService now
2025-09-28 08:46:51,098 [om1-impl-thread1] INFO  server.RaftServer$Division (RaftServerImpl.java:lambda$close$1(527)) - om1@group-C5BA1605619E: shutdown
2025-09-28 08:46:51,098 [om1-impl-thread1] INFO  util.JmxRegister (JmxRegister.java:unregister(74)) - Successfully un-registered JMX Bean with object name Ratis:service=RaftServer,group=group-C5BA1605619E,id=om1
2025-09-28 08:46:51,098 [om1-impl-thread1] INFO  impl.RoleInfo (RoleInfo.java:shutdownLeaderState(103)) - om1: shutdown om1@group-C5BA1605619E-LeaderStateImpl
2025-09-28 08:46:51,098 [om1-impl-thread1] INFO  impl.PendingRequests (PendingRequests.java:sendNotLeaderResponses(287)) - om1@group-C5BA1605619E-PendingRequests: sendNotLeaderResponses
2025-09-28 08:46:51,098 [om1-impl-thread1] INFO  impl.StateMachineUpdater (StateMachineUpdater.java:stopAndJoin(163)) - om1@group-C5BA1605619E-StateMachineUpdater: set stopIndex = 4
2025-09-28 08:46:51,099 [ForkJoinPool-1-worker-1] INFO  server.GrpcServicesImpl (GrpcServicesImpl.java:closeImpl(364)) - om1: shutdown server GrpcServerProtocolService successfully
2025-09-28 08:46:51,117 [om1@group-C5BA1605619E-StateMachineUpdater] INFO  ratis.OzoneManagerStateMachine (OzoneManagerStateMachine.java:takeSnapshotImpl(525)) - om1: taking snapshot. applied = (t:1, i:4), skipped = -1, notified = (t:1, i:0), current snapshot index = (t:1, i:4), took 18 ms
2025-09-28 08:46:51,117 [om1@group-C5BA1605619E-StateMachineUpdater] INFO  impl.StateMachineUpdater (StateMachineUpdater.java:takeSnapshot(307)) - om1@group-C5BA1605619E-StateMachineUpdater: Took a snapshot at index 4
2025-09-28 08:46:51,117 [om1@group-C5BA1605619E-StateMachineUpdater] INFO  impl.StateMachineUpdater (StateMachineUpdater.java:lambda$new$0(101)) - om1@group-C5BA1605619E-StateMachineUpdater: snapshotIndex: updateIncreasingly -1 -> 4
2025-09-28 08:46:51,117 [om1@group-C5BA1605619E-StateMachineUpdater] INFO  impl.StateMachineUpdater (StateMachineUpdater.java:stop(140)) - om1@group-C5BA1605619E-StateMachineUpdater: closing OzoneManagerStateMachine, lastApplied=(t:1, i:4)
2025-09-28 08:46:51,117 [om1@group-C5BA1605619E-StateMachineUpdater] INFO  ratis.OzoneManagerStateMachine (OzoneManagerStateMachine.java:close(565)) - Stopping OzoneManagerStateMachine:om1:group-C5BA1605619E.
2025-09-28 08:46:51,117 [om1@group-C5BA1605619E-StateMachineUpdater] INFO  ratis.OzoneManagerDoubleBuffer (OzoneManagerDoubleBuffer.java:stopDaemon(499)) - Stopping OMDoubleBuffer flush thread
2025-09-28 08:46:51,117 [om1-OMDoubleBufferFlushThread] INFO  ratis.OzoneManagerDoubleBuffer (OzoneManagerDoubleBuffer.java:canFlush(558)) - OMDoubleBuffer flush thread om1-OMDoubleBufferFlushThread is interrupted and will exit.
2025-09-28 08:46:51,117 [om1@group-C5BA1605619E-cacheEviction-AwaitToRun] INFO  util.AwaitToRun (AwaitToRun.java:run(49)) - om1@group-C5BA1605619E-cacheEviction-AwaitToRun-AwaitForSignal is interrupted
2025-09-28 08:46:51,899 [om1-impl-thread1] INFO  segmented.SegmentedRaftLogWorker (SegmentedRaftLogWorker.java:close(254)) - om1@group-C5BA1605619E-SegmentedRaftLogWorker close()
2025-09-28 08:46:51,899 [JvmPauseMonitor9] INFO  util.JvmPauseMonitor (JvmPauseMonitor.java:run(152)) - JvmPauseMonitor-om1: Stopped
2025-09-28 08:46:51,899 [ForkJoinPool-1-worker-1] INFO  utils.BackgroundService (BackgroundService.java:shutdown(195)) - Shutting down service KeyDeletingService
2025-09-28 08:46:51,900 [ForkJoinPool-1-worker-1] INFO  utils.BackgroundService (BackgroundService.java:shutdown(195)) - Shutting down service DirectoryDeletingService
2025-09-28 08:46:51,901 [ForkJoinPool-1-worker-1] INFO  utils.BackgroundService (BackgroundService.java:shutdown(195)) - Shutting down service OpenKeyCleanupService
2025-09-28 08:46:51,901 [ForkJoinPool-1-worker-1] INFO  utils.BackgroundService (BackgroundService.java:shutdown(195)) - Shutting down service SstFilteringService
2025-09-28 08:46:51,901 [ForkJoinPool-1-worker-1] INFO  utils.BackgroundService (BackgroundService.java:shutdown(195)) - Shutting down service SnapshotDeletingService
2025-09-28 08:46:51,901 [ForkJoinPool-1-worker-1] INFO  utils.BackgroundService (BackgroundService.java:shutdown(195)) - Shutting down service MultipartUploadCleanupService
2025-09-28 08:46:51,902 [ForkJoinPool-1-worker-1] INFO  handler.ContextHandler (ContextHandler.java:doStop(1159)) - Stopped o.e.j.w.WebAppContext@59abf26b{ozoneManager,/,null,STOPPED}{file:/home/runner/work/ozone/ozone/hadoop-ozone/integration-test/target/test-classes/webapps/ozoneManager}
2025-09-28 08:46:51,903 [ForkJoinPool-1-worker-1] INFO  server.AbstractConnector (AbstractConnector.java:doStop(383)) - Stopped ServerConnector@588654d9{HTTP/1.1, (http/1.1)}{0.0.0.0:15041}
2025-09-28 08:46:51,903 [ForkJoinPool-1-worker-1] INFO  server.session (HouseKeeper.java:stopScavenging(149)) - node0 Stopped scavenging
2025-09-28 08:46:51,903 [ForkJoinPool-1-worker-1] INFO  handler.ContextHandler (ContextHandler.java:doStop(1159)) - Stopped o.e.j.s.ServletContextHandler@45708726{static,/static,file:///home/runner/work/ozone/ozone/hadoop-ozone/integration-test/target/test-classes/webapps/static,STOPPED}
2025-09-28 08:46:51,903 [ForkJoinPool-1-worker-1] INFO  handler.ContextHandler (ContextHandler.java:doStop(1159)) - Stopped o.e.j.s.ServletContextHandler@4503ca9f{logs,/logs,file:///home/runner/work/ozone/ozone/hadoop-ozone/integration-test/target/log,STOPPED}
2025-09-28 08:46:51,904 [ForkJoinPool-1-worker-1] INFO  rocksdiff.RocksDBCheckpointDiffer (RocksDBCheckpointDiffer.java:close(340)) - Shutting down CompactionDagPruningService.
2025-09-28 08:46:51,904 [ad6ddb9b-2ec3-4db0-9749-54a59d16dcc8-EndpointStateMachineTaskThread-/0.0.0.0:15036-0 ] WARN  statemachine.EndpointStateMachine (EndpointStateMachine.java:logIfNeeded(239)) - Unable to communicate to SCM server at 0.0.0.0/0.0.0.0:15036 for past 0 seconds.
java.io.EOFException: End of File Exception between local host is: "localhost/127.0.0.1"; destination host is: "0.0.0.0":15036; : java.io.EOFException; For more details see:  http://wiki.apache.org/hadoop/EOFException
	at java.base/jdk.internal.reflect.DirectConstructorHandleAccessor.newInstance(DirectConstructorHandleAccessor.java:62)
	at java.base/java.lang.reflect.Constructor.newInstanceWithCaller(Constructor.java:502)
	at java.base/java.lang.reflect.Constructor.newInstance(Constructor.java:486)
	at org.apache.hadoop.net.NetUtils.wrapWithMessage(NetUtils.java:961)
	at org.apache.hadoop.net.NetUtils.wrapException(NetUtils.java:910)
	at org.apache.hadoop.ipc.Client.getRpcResponse(Client.java:1588)
	at org.apache.hadoop.ipc.Client.call(Client.java:1529)
	at org.apache.hadoop.ipc.Client.call(Client.java:1426)
	at org.apache.hadoop.ipc.ProtobufRpcEngine$Invoker.invoke(ProtobufRpcEngine.java:250)
	at org.apache.hadoop.ipc.ProtobufRpcEngine$Invoker.invoke(ProtobufRpcEngine.java:132)
	at jdk.proxy2/jdk.proxy2.$Proxy57.submitRequest(Unknown Source)
	at org.apache.hadoop.ozone.protocolPB.StorageContainerDatanodeProtocolClientSideTranslatorPB.submitRequest(StorageContainerDatanodeProtocolClientSideTranslatorPB.java:105)
	at org.apache.hadoop.ozone.protocolPB.StorageContainerDatanodeProtocolClientSideTranslatorPB.sendHeartbeat(StorageContainerDatanodeProtocolClientSideTranslatorPB.java:136)
	at org.apache.hadoop.ozone.container.common.states.endpoint.HeartbeatEndpointTask.call(HeartbeatEndpointTask.java:150)
	at org.apache.hadoop.ozone.container.common.states.endpoint.HeartbeatEndpointTask.call(HeartbeatEndpointTask.java:70)
	at java.base/java.util.concurrent.FutureTask.run(FutureTask.java:317)
	at java.base/java.util.concurrent.ThreadPoolExecutor.runWorker(ThreadPoolExecutor.java:1144)
	at java.base/java.util.concurrent.ThreadPoolExecutor$Worker.run(ThreadPoolExecutor.java:642)
	at java.base/java.lang.Thread.run(Thread.java:1583)
Caused by: java.io.EOFException
	at java.base/java.io.DataInputStream.readFully(DataInputStream.java:210)
	at java.base/java.io.DataInputStream.readInt(DataInputStream.java:385)
	at org.apache.hadoop.ipc.Client$IpcStreams.readResponse(Client.java:1923)
	at org.apache.hadoop.ipc.Client$Connection.receiveRpcResponse(Client.java:1203)
	at org.apache.hadoop.ipc.Client$Connection.run(Client.java:1094)
2025-09-28 08:46:51,905 [ForkJoinPool-1-worker-1] INFO  snapshot.SnapshotDiffManager (SnapshotDiffManager.java:closeExecutorService(1734)) - Shutting down executorService: 'SnapDiffExecutor'
2025-09-28 08:46:51,906 [ForkJoinPool-1-worker-1] INFO  utils.BackgroundService (BackgroundService.java:shutdown(195)) - Shutting down service SnapshotDiffCleanupService
2025-09-28 08:46:51,907 [ForkJoinPool-1-worker-1] INFO  ozone.MiniOzoneClusterImpl (MiniOzoneClusterImpl.java:stopDatanodes(443)) - Stopping the HddsDatanodes
2025-09-28 08:46:51,908 [ForkJoinPool-1-worker-4] INFO  ozoneimpl.OzoneContainer (OzoneContainer.java:stop(549)) - Attempting to stop container services.
2025-09-28 08:46:51,908 [ContainerMetadataScanner] WARN  ozoneimpl.AbstractBackgroundContainerScanner (AbstractBackgroundContainerScanner.java:handleRemainingSleep(136)) - Background container scan was interrupted.
2025-09-28 08:46:51,908 [ContainerMetadataScanner] INFO  ozoneimpl.AbstractBackgroundContainerScanner (AbstractBackgroundContainerScanner.java:run(63)) - org.apache.hadoop.ozone.container.ozoneimpl.BackgroundContainerMetadataScanner@c77f5b3 exiting.
2025-09-28 08:46:51,909 [ForkJoinPool-1-worker-4] INFO  ozoneimpl.BackgroundContainerDataScanner (BackgroundContainerDataScanner.java:shutdown(87)) - ContainerDataScanner(/home/runner/work/ozone/ozone/hadoop-ozone/integration-test/target/test-dir/MiniOzoneClusterImpl-ffd4f26c-0daa-4d09-bef2-86add17b79f3/ozone-metadata/datanode-1/data-0/hdds) is shutting down. 
2025-09-28 08:46:51,909 [ContainerDataScanner(/home/runner/work/ozone/ozone/hadoop-ozone/integration-test/target/test-dir/MiniOzoneClusterImpl-ffd4f26c-0daa-4d09-bef2-86add17b79f3/ozone-metadata/datanode-1/data-0/hdds)] WARN  ozoneimpl.AbstractBackgroundContainerScanner (AbstractBackgroundContainerScanner.java:handleRemainingSleep(136)) - Background container scan was interrupted.
2025-09-28 08:46:51,909 [ContainerDataScanner(/home/runner/work/ozone/ozone/hadoop-ozone/integration-test/target/test-dir/MiniOzoneClusterImpl-ffd4f26c-0daa-4d09-bef2-86add17b79f3/ozone-metadata/datanode-1/data-0/hdds)] INFO  ozoneimpl.AbstractBackgroundContainerScanner (AbstractBackgroundContainerScanner.java:run(63)) - ContainerDataScanner(/home/runner/work/ozone/ozone/hadoop-ozone/integration-test/target/test-dir/MiniOzoneClusterImpl-ffd4f26c-0daa-4d09-bef2-86add17b79f3/ozone-metadata/datanode-1/data-0/hdds, DS-1d243f30-e379-4563-8ca2-0381dbd392d8) exiting.
2025-09-28 08:46:51,909 [ForkJoinPool-1-worker-4] INFO  ozoneimpl.OnDemandContainerScanner (OnDemandContainerScanner.java:shutdown(141)) - On-demand container scanner is shutting down.
2025-09-28 08:46:51,908 [ForkJoinPool-1-worker-1] INFO  ozoneimpl.OzoneContainer (OzoneContainer.java:stop(549)) - Attempting to stop container services.
2025-09-28 08:46:51,909 [ForkJoinPool-1-worker-4] INFO  ratis.XceiverServerRatis (XceiverServerRatis.java:stop(594)) - Closing XceiverServerRatis(ad6ddb9b-2ec3-4db0-9749-54a59d16dcc8)
2025-09-28 08:46:51,910 [ForkJoinPool-1-worker-4] INFO  server.RaftServer (RaftServerProxy.java:lambda$close$9(422)) - ad6ddb9b-2ec3-4db0-9749-54a59d16dcc8: close
2025-09-28 08:46:51,910 [ContainerMetadataScanner] WARN  ozoneimpl.AbstractBackgroundContainerScanner (AbstractBackgroundContainerScanner.java:handleRemainingSleep(136)) - Background container scan was interrupted.
2025-09-28 08:46:51,910 [ContainerMetadataScanner] INFO  ozoneimpl.AbstractBackgroundContainerScanner (AbstractBackgroundContainerScanner.java:run(63)) - org.apache.hadoop.ozone.container.ozoneimpl.BackgroundContainerMetadataScanner@606151c6 exiting.
2025-09-28 08:46:51,910 [ForkJoinPool-1-worker-1] INFO  ozoneimpl.BackgroundContainerDataScanner (BackgroundContainerDataScanner.java:shutdown(87)) - ContainerDataScanner(/home/runner/work/ozone/ozone/hadoop-ozone/integration-test/target/test-dir/MiniOzoneClusterImpl-ffd4f26c-0daa-4d09-bef2-86add17b79f3/ozone-metadata/datanode-2/data-0/hdds) is shutting down. 
2025-09-28 08:46:51,910 [ContainerDataScanner(/home/runner/work/ozone/ozone/hadoop-ozone/integration-test/target/test-dir/MiniOzoneClusterImpl-ffd4f26c-0daa-4d09-bef2-86add17b79f3/ozone-metadata/datanode-2/data-0/hdds)] WARN  ozoneimpl.AbstractBackgroundContainerScanner (AbstractBackgroundContainerScanner.java:handleRemainingSleep(136)) - Background container scan was interrupted.
2025-09-28 08:46:51,910 [ContainerDataScanner(/home/runner/work/ozone/ozone/hadoop-ozone/integration-test/target/test-dir/MiniOzoneClusterImpl-ffd4f26c-0daa-4d09-bef2-86add17b79f3/ozone-metadata/datanode-2/data-0/hdds)] INFO  ozoneimpl.AbstractBackgroundContainerScanner (AbstractBackgroundContainerScanner.java:run(63)) - ContainerDataScanner(/home/runner/work/ozone/ozone/hadoop-ozone/integration-test/target/test-dir/MiniOzoneClusterImpl-ffd4f26c-0daa-4d09-bef2-86add17b79f3/ozone-metadata/datanode-2/data-0/hdds, DS-db935f62-19b9-43fc-9fa3-0b772942cc39) exiting.
2025-09-28 08:46:51,910 [ad6ddb9b-2ec3-4db0-9749-54a59d16dcc8-impl-thread1] INFO  server.RaftServer$Division (RaftServerImpl.java:lambda$close$1(527)) - ad6ddb9b-2ec3-4db0-9749-54a59d16dcc8@group-82D83097CC3E: shutdown
2025-09-28 08:46:51,910 [ForkJoinPool-1-worker-1] INFO  ozoneimpl.OnDemandContainerScanner (OnDemandContainerScanner.java:shutdown(141)) - On-demand container scanner is shutting down.
2025-09-28 08:46:51,910 [ad6ddb9b-2ec3-4db0-9749-54a59d16dcc8-impl-thread1] INFO  util.JmxRegister (JmxRegister.java:unregister(74)) - Successfully un-registered JMX Bean with object name Ratis:service=RaftServer,group=group-82D83097CC3E,id=ad6ddb9b-2ec3-4db0-9749-54a59d16dcc8
2025-09-28 08:46:51,910 [ad6ddb9b-2ec3-4db0-9749-54a59d16dcc8-impl-thread1] INFO  impl.RoleInfo (RoleInfo.java:shutdownLeaderState(103)) - ad6ddb9b-2ec3-4db0-9749-54a59d16dcc8: shutdown ad6ddb9b-2ec3-4db0-9749-54a59d16dcc8@group-82D83097CC3E-LeaderStateImpl
2025-09-28 08:46:51,910 [ad6ddb9b-2ec3-4db0-9749-54a59d16dcc8-impl-thread1] INFO  impl.PendingRequests (PendingRequests.java:sendNotLeaderResponses(287)) - ad6ddb9b-2ec3-4db0-9749-54a59d16dcc8@group-82D83097CC3E-PendingRequests: sendNotLeaderResponses
2025-09-28 08:46:51,911 [ad6ddb9b-2ec3-4db0-9749-54a59d16dcc8-impl-thread2] INFO  server.RaftServer$Division (RaftServerImpl.java:lambda$close$1(527)) - ad6ddb9b-2ec3-4db0-9749-54a59d16dcc8@group-3E4BEFD7941B: shutdown
2025-09-28 08:46:51,911 [ad6ddb9b-2ec3-4db0-9749-54a59d16dcc8-impl-thread2] INFO  util.JmxRegister (JmxRegister.java:unregister(74)) - Successfully un-registered JMX Bean with object name Ratis:service=RaftServer,group=group-3E4BEFD7941B,id=ad6ddb9b-2ec3-4db0-9749-54a59d16dcc8
2025-09-28 08:46:51,911 [ad6ddb9b-2ec3-4db0-9749-54a59d16dcc8-impl-thread2] INFO  impl.RoleInfo (RoleInfo.java:shutdownFollowerState(121)) - ad6ddb9b-2ec3-4db0-9749-54a59d16dcc8: shutdown ad6ddb9b-2ec3-4db0-9749-54a59d16dcc8@group-3E4BEFD7941B-FollowerState
2025-09-28 08:46:51,911 [ForkJoinPool-1-worker-1] INFO  ratis.XceiverServerRatis (XceiverServerRatis.java:stop(594)) - Closing XceiverServerRatis(128ca0df-c3af-4349-97d3-3b5d7a5e16d4)
2025-09-28 08:46:51,911 [ad6ddb9b-2ec3-4db0-9749-54a59d16dcc8@group-3E4BEFD7941B-FollowerState] INFO  impl.FollowerState (FollowerState.java:runImpl(170)) - ad6ddb9b-2ec3-4db0-9749-54a59d16dcc8@group-3E4BEFD7941B-FollowerState was interrupted
2025-09-28 08:46:51,911 [ad6ddb9b-2ec3-4db0-9749-54a59d16dcc8-impl-thread2] INFO  impl.StateMachineUpdater (StateMachineUpdater.java:stopAndJoin(163)) - ad6ddb9b-2ec3-4db0-9749-54a59d16dcc8@group-3E4BEFD7941B-StateMachineUpdater: set stopIndex = 0
2025-09-28 08:46:51,912 [ad6ddb9b-2ec3-4db0-9749-54a59d16dcc8-impl-thread3] INFO  server.RaftServer$Division (RaftServerImpl.java:lambda$close$1(527)) - ad6ddb9b-2ec3-4db0-9749-54a59d16dcc8@group-466440D82061: shutdown
2025-09-28 08:46:51,912 [ForkJoinPool-1-worker-1] INFO  server.RaftServer (RaftServerProxy.java:lambda$close$9(422)) - 128ca0df-c3af-4349-97d3-3b5d7a5e16d4: close
2025-09-28 08:46:51,911 [ad6ddb9b-2ec3-4db0-9749-54a59d16dcc8@group-3E4BEFD7941B-StateMachineUpdater] INFO  ratis.ContainerStateMachine (ContainerStateMachine.java:takeSnapshot(427)) - group-3E4BEFD7941B: Taking a snapshot at:(t:1, i:0) file /home/runner/work/ozone/ozone/hadoop-ozone/integration-test/target/test-dir/MiniOzoneClusterImpl-ffd4f26c-0daa-4d09-bef2-86add17b79f3/ozone-metadata/datanode-1/ratis/55426d7a-d87b-4f7b-a817-3e4befd7941b/sm/snapshot.1_0
2025-09-28 08:46:51,912 [ad6ddb9b-2ec3-4db0-9749-54a59d16dcc8@group-82D83097CC3E-StateMachineUpdater] INFO  ratis.ContainerStateMachine (ContainerStateMachine.java:takeSnapshot(427)) - group-82D83097CC3E: Taking a snapshot at:(t:1, i:0) file /home/runner/work/ozone/ozone/hadoop-ozone/integration-test/target/test-dir/MiniOzoneClusterImpl-ffd4f26c-0daa-4d09-bef2-86add17b79f3/ozone-metadata/datanode-1/ratis/4f494820-e9af-46db-adfc-82d83097cc3e/sm/snapshot.1_0
2025-09-28 08:46:51,913 [ad6ddb9b-2ec3-4db0-9749-54a59d16dcc8-impl-thread3] INFO  util.JmxRegister (JmxRegister.java:unregister(74)) - Successfully un-registered JMX Bean with object name Ratis:service=RaftServer,group=group-466440D82061,id=ad6ddb9b-2ec3-4db0-9749-54a59d16dcc8
2025-09-28 08:46:51,913 [ad6ddb9b-2ec3-4db0-9749-54a59d16dcc8-impl-thread3] INFO  impl.RoleInfo (RoleInfo.java:shutdownFollowerState(121)) - ad6ddb9b-2ec3-4db0-9749-54a59d16dcc8: shutdown ad6ddb9b-2ec3-4db0-9749-54a59d16dcc8@group-466440D82061-FollowerState
2025-09-28 08:46:51,913 [ad6ddb9b-2ec3-4db0-9749-54a59d16dcc8-impl-thread3] INFO  impl.StateMachineUpdater (StateMachineUpdater.java:stopAndJoin(163)) - ad6ddb9b-2ec3-4db0-9749-54a59d16dcc8@group-466440D82061-StateMachineUpdater: set stopIndex = 5
2025-09-28 08:46:51,913 [ad6ddb9b-2ec3-4db0-9749-54a59d16dcc8@group-466440D82061-StateMachineUpdater] INFO  ratis.ContainerStateMachine (ContainerStateMachine.java:takeSnapshot(427)) - group-466440D82061: Taking a snapshot at:(t:1, i:5) file /home/runner/work/ozone/ozone/hadoop-ozone/integration-test/target/test-dir/MiniOzoneClusterImpl-ffd4f26c-0daa-4d09-bef2-86add17b79f3/ozone-metadata/datanode-1/ratis/ead6980e-d25d-4ed2-9943-466440d82061/sm/snapshot.1_5
2025-09-28 08:46:51,911 [ForkJoinPool-1-worker-4] INFO  server.GrpcServicesImpl (GrpcServicesImpl.java:closeImpl(355)) - ad6ddb9b-2ec3-4db0-9749-54a59d16dcc8: shutdown server org.apache.ratis.grpc.server.GrpcClientProtocolService now
2025-09-28 08:46:51,913 [ad6ddb9b-2ec3-4db0-9749-54a59d16dcc8@group-466440D82061-FollowerState] INFO  impl.FollowerState (FollowerState.java:runImpl(170)) - ad6ddb9b-2ec3-4db0-9749-54a59d16dcc8@group-466440D82061-FollowerState was interrupted
2025-09-28 08:46:51,912 [ad6ddb9b-2ec3-4db0-9749-54a59d16dcc8-impl-thread1] INFO  impl.StateMachineUpdater (StateMachineUpdater.java:stopAndJoin(163)) - ad6ddb9b-2ec3-4db0-9749-54a59d16dcc8@group-82D83097CC3E-StateMachineUpdater: set stopIndex = 0
2025-09-28 08:46:51,913 [ad6ddb9b-2ec3-4db0-9749-54a59d16dcc8@group-3E4BEFD7941B-StateMachineUpdater] INFO  ratis.ContainerStateMachine (ContainerStateMachine.java:takeSnapshot(436)) - group-3E4BEFD7941B: Finished taking a snapshot at:(t:1, i:0) file:/home/runner/work/ozone/ozone/hadoop-ozone/integration-test/target/test-dir/MiniOzoneClusterImpl-ffd4f26c-0daa-4d09-bef2-86add17b79f3/ozone-metadata/datanode-1/ratis/55426d7a-d87b-4f7b-a817-3e4befd7941b/sm/snapshot.1_0 took: 2 ms
2025-09-28 08:46:51,914 [ad6ddb9b-2ec3-4db0-9749-54a59d16dcc8@group-82D83097CC3E-StateMachineUpdater] INFO  ratis.ContainerStateMachine (ContainerStateMachine.java:takeSnapshot(436)) - group-82D83097CC3E: Finished taking a snapshot at:(t:1, i:0) file:/home/runner/work/ozone/ozone/hadoop-ozone/integration-test/target/test-dir/MiniOzoneClusterImpl-ffd4f26c-0daa-4d09-bef2-86add17b79f3/ozone-metadata/datanode-1/ratis/4f494820-e9af-46db-adfc-82d83097cc3e/sm/snapshot.1_0 took: 1 ms
2025-09-28 08:46:51,914 [ad6ddb9b-2ec3-4db0-9749-54a59d16dcc8@group-3E4BEFD7941B-StateMachineUpdater] INFO  impl.StateMachineUpdater (StateMachineUpdater.java:takeSnapshot(307)) - ad6ddb9b-2ec3-4db0-9749-54a59d16dcc8@group-3E4BEFD7941B-StateMachineUpdater: Took a snapshot at index 0
2025-09-28 08:46:51,914 [ad6ddb9b-2ec3-4db0-9749-54a59d16dcc8@group-3E4BEFD7941B-StateMachineUpdater] INFO  impl.StateMachineUpdater (StateMachineUpdater.java:lambda$new$0(101)) - ad6ddb9b-2ec3-4db0-9749-54a59d16dcc8@group-3E4BEFD7941B-StateMachineUpdater: snapshotIndex: updateIncreasingly -1 -> 0
2025-09-28 08:46:51,914 [ad6ddb9b-2ec3-4db0-9749-54a59d16dcc8@group-3E4BEFD7941B-StateMachineUpdater] INFO  impl.StateMachineUpdater (StateMachineUpdater.java:stop(140)) - ad6ddb9b-2ec3-4db0-9749-54a59d16dcc8@group-3E4BEFD7941B-StateMachineUpdater: closing ContainerStateMachine, lastApplied=(t:1, i:0)
2025-09-28 08:46:51,912 [a4a824a0-2283-4935-bdba-9632c468a4b2@group-86ADD17B79F3-StateMachineUpdater] INFO  segmented.SegmentedRaftLogWorker (SegmentedRaftLogWorker.java:close(254)) - a4a824a0-2283-4935-bdba-9632c468a4b2@group-86ADD17B79F3-SegmentedRaftLogWorker close()
2025-09-28 08:46:51,914 [128ca0df-c3af-4349-97d3-3b5d7a5e16d4-impl-thread1] INFO  server.RaftServer$Division (RaftServerImpl.java:lambda$close$1(527)) - 128ca0df-c3af-4349-97d3-3b5d7a5e16d4@group-00A2AA5E9E6C: shutdown
2025-09-28 08:46:51,914 [128ca0df-c3af-4349-97d3-3b5d7a5e16d4-impl-thread1] INFO  util.JmxRegister (JmxRegister.java:unregister(74)) - Successfully un-registered JMX Bean with object name Ratis:service=RaftServer,group=group-00A2AA5E9E6C,id=128ca0df-c3af-4349-97d3-3b5d7a5e16d4
2025-09-28 08:46:51,914 [128ca0df-c3af-4349-97d3-3b5d7a5e16d4-impl-thread1] INFO  impl.RoleInfo (RoleInfo.java:shutdownLeaderState(103)) - 128ca0df-c3af-4349-97d3-3b5d7a5e16d4: shutdown 128ca0df-c3af-4349-97d3-3b5d7a5e16d4@group-00A2AA5E9E6C-LeaderStateImpl
2025-09-28 08:46:51,914 [128ca0df-c3af-4349-97d3-3b5d7a5e16d4-impl-thread1] INFO  impl.PendingRequests (PendingRequests.java:sendNotLeaderResponses(287)) - 128ca0df-c3af-4349-97d3-3b5d7a5e16d4@group-00A2AA5E9E6C-PendingRequests: sendNotLeaderResponses
2025-09-28 08:46:51,915 [ad6ddb9b-2ec3-4db0-9749-54a59d16dcc8@group-3E4BEFD7941B-cacheEviction-AwaitToRun] INFO  util.AwaitToRun (AwaitToRun.java:run(49)) - ad6ddb9b-2ec3-4db0-9749-54a59d16dcc8@group-3E4BEFD7941B-cacheEviction-AwaitToRun-AwaitForSignal is interrupted
2025-09-28 08:46:51,915 [Thread-1605] INFO  server.GrpcServerProtocolClient (GrpcServerProtocolClient.java:close(105)) - 7493dade-fd93-43aa-a8ed-41de39203fc7 Close channels
2025-09-28 08:46:51,914 [ad6ddb9b-2ec3-4db0-9749-54a59d16dcc8@group-82D83097CC3E-StateMachineUpdater] INFO  impl.StateMachineUpdater (StateMachineUpdater.java:takeSnapshot(307)) - ad6ddb9b-2ec3-4db0-9749-54a59d16dcc8@group-82D83097CC3E-StateMachineUpdater: Took a snapshot at index 0
2025-09-28 08:46:51,915 [ad6ddb9b-2ec3-4db0-9749-54a59d16dcc8@group-82D83097CC3E-StateMachineUpdater] INFO  impl.StateMachineUpdater (StateMachineUpdater.java:lambda$new$0(101)) - ad6ddb9b-2ec3-4db0-9749-54a59d16dcc8@group-82D83097CC3E-StateMachineUpdater: snapshotIndex: updateIncreasingly -1 -> 0
2025-09-28 08:46:51,915 [ad6ddb9b-2ec3-4db0-9749-54a59d16dcc8@group-82D83097CC3E-StateMachineUpdater] INFO  impl.StateMachineUpdater (StateMachineUpdater.java:stop(140)) - ad6ddb9b-2ec3-4db0-9749-54a59d16dcc8@group-82D83097CC3E-StateMachineUpdater: closing ContainerStateMachine, lastApplied=(t:1, i:0)
2025-09-28 08:46:51,916 [128ca0df-c3af-4349-97d3-3b5d7a5e16d4-impl-thread2] INFO  server.RaftServer$Division (RaftServerImpl.java:lambda$close$1(527)) - 128ca0df-c3af-4349-97d3-3b5d7a5e16d4@group-3E4BEFD7941B: shutdown
2025-09-28 08:46:51,916 [128ca0df-c3af-4349-97d3-3b5d7a5e16d4-impl-thread2] INFO  util.JmxRegister (JmxRegister.java:unregister(74)) - Successfully un-registered JMX Bean with object name Ratis:service=RaftServer,group=group-3E4BEFD7941B,id=128ca0df-c3af-4349-97d3-3b5d7a5e16d4
2025-09-28 08:46:51,916 [128ca0df-c3af-4349-97d3-3b5d7a5e16d4-impl-thread2] INFO  impl.RoleInfo (RoleInfo.java:shutdownLeaderState(103)) - 128ca0df-c3af-4349-97d3-3b5d7a5e16d4: shutdown 128ca0df-c3af-4349-97d3-3b5d7a5e16d4@group-3E4BEFD7941B-LeaderStateImpl
2025-09-28 08:46:51,916 [128ca0df-c3af-4349-97d3-3b5d7a5e16d4-impl-thread2] INFO  impl.PendingRequests (PendingRequests.java:sendNotLeaderResponses(287)) - 128ca0df-c3af-4349-97d3-3b5d7a5e16d4@group-3E4BEFD7941B-PendingRequests: sendNotLeaderResponses
2025-09-28 08:46:51,916 [Thread-1604] INFO  server.GrpcServerProtocolClient (GrpcServerProtocolClient.java:close(105)) - 128ca0df-c3af-4349-97d3-3b5d7a5e16d4 Close channels
2025-09-28 08:46:51,916 [128ca0df-c3af-4349-97d3-3b5d7a5e16d4-impl-thread1] INFO  impl.StateMachineUpdater (StateMachineUpdater.java:stopAndJoin(163)) - 128ca0df-c3af-4349-97d3-3b5d7a5e16d4@group-00A2AA5E9E6C-StateMachineUpdater: set stopIndex = 0
2025-09-28 08:46:51,915 [ad6ddb9b-2ec3-4db0-9749-54a59d16dcc8@group-466440D82061-StateMachineUpdater] INFO  ratis.ContainerStateMachine (ContainerStateMachine.java:takeSnapshot(436)) - group-466440D82061: Finished taking a snapshot at:(t:1, i:5) file:/home/runner/work/ozone/ozone/hadoop-ozone/integration-test/target/test-dir/MiniOzoneClusterImpl-ffd4f26c-0daa-4d09-bef2-86add17b79f3/ozone-metadata/datanode-1/ratis/ead6980e-d25d-4ed2-9943-466440d82061/sm/snapshot.1_5 took: 2 ms
2025-09-28 08:46:51,917 [ForkJoinPool-1-worker-4] INFO  server.GrpcServicesImpl (GrpcServicesImpl.java:closeImpl(364)) - ad6ddb9b-2ec3-4db0-9749-54a59d16dcc8: shutdown server org.apache.ratis.grpc.server.GrpcClientProtocolService successfully
2025-09-28 08:46:51,917 [ad6ddb9b-2ec3-4db0-9749-54a59d16dcc8@group-82D83097CC3E-cacheEviction-AwaitToRun] INFO  util.AwaitToRun (AwaitToRun.java:run(49)) - ad6ddb9b-2ec3-4db0-9749-54a59d16dcc8@group-82D83097CC3E-cacheEviction-AwaitToRun-AwaitForSignal is interrupted
2025-09-28 08:46:51,917 [128ca0df-c3af-4349-97d3-3b5d7a5e16d4-impl-thread3] INFO  server.RaftServer$Division (RaftServerImpl.java:lambda$close$1(527)) - 128ca0df-c3af-4349-97d3-3b5d7a5e16d4@group-466440D82061: shutdown
2025-09-28 08:46:51,917 [128ca0df-c3af-4349-97d3-3b5d7a5e16d4@group-00A2AA5E9E6C-StateMachineUpdater] INFO  ratis.ContainerStateMachine (ContainerStateMachine.java:takeSnapshot(427)) - group-00A2AA5E9E6C: Taking a snapshot at:(t:1, i:0) file /home/runner/work/ozone/ozone/hadoop-ozone/integration-test/target/test-dir/MiniOzoneClusterImpl-ffd4f26c-0daa-4d09-bef2-86add17b79f3/ozone-metadata/datanode-2/ratis/1ffc27f5-362d-47ee-9789-00a2aa5e9e6c/sm/snapshot.1_0
2025-09-28 08:46:51,916 [128ca0df-c3af-4349-97d3-3b5d7a5e16d4@group-3E4BEFD7941B->7493dade-fd93-43aa-a8ed-41de39203fc7-GrpcLogAppender-LogAppenderDaemon] WARN  server.GrpcLogAppender (GrpcLogAppender.java:mayWait(300)) - 128ca0df-c3af-4349-97d3-3b5d7a5e16d4@group-3E4BEFD7941B->7493dade-fd93-43aa-a8ed-41de39203fc7-GrpcLogAppender: Wait interrupted by java.lang.InterruptedException
2025-09-28 08:46:51,916 [128ca0df-c3af-4349-97d3-3b5d7a5e16d4@group-3E4BEFD7941B->ad6ddb9b-2ec3-4db0-9749-54a59d16dcc8-GrpcLogAppender-LogAppenderDaemon] WARN  server.GrpcLogAppender (GrpcLogAppender.java:mayWait(300)) - 128ca0df-c3af-4349-97d3-3b5d7a5e16d4@group-3E4BEFD7941B->ad6ddb9b-2ec3-4db0-9749-54a59d16dcc8-GrpcLogAppender: Wait interrupted by java.lang.InterruptedException
2025-09-28 08:46:51,916 [ForkJoinPool-1-worker-1] INFO  server.GrpcServicesImpl (GrpcServicesImpl.java:closeImpl(355)) - 128ca0df-c3af-4349-97d3-3b5d7a5e16d4: shutdown server org.apache.ratis.grpc.server.GrpcClientProtocolService now
2025-09-28 08:46:51,918 [128ca0df-c3af-4349-97d3-3b5d7a5e16d4@group-00A2AA5E9E6C-StateMachineUpdater] INFO  ratis.ContainerStateMachine (ContainerStateMachine.java:takeSnapshot(436)) - group-00A2AA5E9E6C: Finished taking a snapshot at:(t:1, i:0) file:/home/runner/work/ozone/ozone/hadoop-ozone/integration-test/target/test-dir/MiniOzoneClusterImpl-ffd4f26c-0daa-4d09-bef2-86add17b79f3/ozone-metadata/datanode-2/ratis/1ffc27f5-362d-47ee-9789-00a2aa5e9e6c/sm/snapshot.1_0 took: 2 ms
2025-09-28 08:46:51,918 [ad6ddb9b-2ec3-4db0-9749-54a59d16dcc8@group-466440D82061-StateMachineUpdater] INFO  impl.StateMachineUpdater (StateMachineUpdater.java:takeSnapshot(307)) - ad6ddb9b-2ec3-4db0-9749-54a59d16dcc8@group-466440D82061-StateMachineUpdater: Took a snapshot at index 5
2025-09-28 08:46:51,918 [ad6ddb9b-2ec3-4db0-9749-54a59d16dcc8@group-466440D82061-StateMachineUpdater] INFO  impl.StateMachineUpdater (StateMachineUpdater.java:lambda$new$0(101)) - ad6ddb9b-2ec3-4db0-9749-54a59d16dcc8@group-466440D82061-StateMachineUpdater: snapshotIndex: updateIncreasingly -1 -> 5
2025-09-28 08:46:51,918 [ForkJoinPool-1-worker-4] INFO  server.GrpcServicesImpl (GrpcServicesImpl.java:closeImpl(355)) - ad6ddb9b-2ec3-4db0-9749-54a59d16dcc8: shutdown server GrpcServerProtocolService now
2025-09-28 08:46:51,919 [128ca0df-c3af-4349-97d3-3b5d7a5e16d4@group-00A2AA5E9E6C-StateMachineUpdater] INFO  impl.StateMachineUpdater (StateMachineUpdater.java:takeSnapshot(307)) - 128ca0df-c3af-4349-97d3-3b5d7a5e16d4@group-00A2AA5E9E6C-StateMachineUpdater: Took a snapshot at index 0
2025-09-28 08:46:51,919 [128ca0df-c3af-4349-97d3-3b5d7a5e16d4@group-00A2AA5E9E6C-StateMachineUpdater] INFO  impl.StateMachineUpdater (StateMachineUpdater.java:lambda$new$0(101)) - 128ca0df-c3af-4349-97d3-3b5d7a5e16d4@group-00A2AA5E9E6C-StateMachineUpdater: snapshotIndex: updateIncreasingly -1 -> 0
2025-09-28 08:46:51,919 [128ca0df-c3af-4349-97d3-3b5d7a5e16d4@group-00A2AA5E9E6C-StateMachineUpdater] INFO  impl.StateMachineUpdater (StateMachineUpdater.java:stop(140)) - 128ca0df-c3af-4349-97d3-3b5d7a5e16d4@group-00A2AA5E9E6C-StateMachineUpdater: closing ContainerStateMachine, lastApplied=(t:1, i:0)
2025-09-28 08:46:51,919 [ad6ddb9b-2ec3-4db0-9749-54a59d16dcc8@group-466440D82061-StateMachineUpdater] INFO  impl.StateMachineUpdater (StateMachineUpdater.java:stop(140)) - ad6ddb9b-2ec3-4db0-9749-54a59d16dcc8@group-466440D82061-StateMachineUpdater: closing ContainerStateMachine, lastApplied=(t:1, i:5)
2025-09-28 08:46:51,919 [128ca0df-c3af-4349-97d3-3b5d7a5e16d4@group-00A2AA5E9E6C-cacheEviction-AwaitToRun] INFO  util.AwaitToRun (AwaitToRun.java:run(49)) - 128ca0df-c3af-4349-97d3-3b5d7a5e16d4@group-00A2AA5E9E6C-cacheEviction-AwaitToRun-AwaitForSignal is interrupted
2025-09-28 08:46:51,919 [128ca0df-c3af-4349-97d3-3b5d7a5e16d4-impl-thread2] INFO  impl.StateMachineUpdater (StateMachineUpdater.java:stopAndJoin(163)) - 128ca0df-c3af-4349-97d3-3b5d7a5e16d4@group-3E4BEFD7941B-StateMachineUpdater: set stopIndex = 0
2025-09-28 08:46:51,919 [128ca0df-c3af-4349-97d3-3b5d7a5e16d4@group-3E4BEFD7941B-StateMachineUpdater] INFO  ratis.ContainerStateMachine (ContainerStateMachine.java:takeSnapshot(427)) - group-3E4BEFD7941B: Taking a snapshot at:(t:1, i:0) file /home/runner/work/ozone/ozone/hadoop-ozone/integration-test/target/test-dir/MiniOzoneClusterImpl-ffd4f26c-0daa-4d09-bef2-86add17b79f3/ozone-metadata/datanode-2/ratis/55426d7a-d87b-4f7b-a817-3e4befd7941b/sm/snapshot.1_0
2025-09-28 08:46:51,920 [grpc-default-executor-1] INFO  server.GrpcServerProtocolService (GrpcServerProtocolService.java:lambda$null$7(175)) - ad6ddb9b-2ec3-4db0-9749-54a59d16dcc8: Completed APPEND_ENTRIES, lastReply: serverReply {
  requestorId: "128ca0df-c3af-4349-97d3-3b5d7a5e16d4"
  replyId: "ad6ddb9b-2ec3-4db0-9749-54a59d16dcc8"
  raftGroupId {
    id: "UBmz\330{O{\250\027>K\357\327\224\033"
  }
  callId: 6
  success: true
}
term: 1
nextIndex: 1
matchIndex: 18446744073709551615
isHearbeat: true
 
2025-09-28 08:46:51,921 [grpc-default-executor-1] INFO  server.GrpcServerProtocolService (GrpcServerProtocolService.java:lambda$onCompleted$6(171)) - 7493dade-fd93-43aa-a8ed-41de39203fc7: Completed APPEND_ENTRIES, lastRequest: null 
2025-09-28 08:46:51,921 [grpc-default-executor-1] INFO  server.GrpcServerProtocolService (GrpcServerProtocolService.java:lambda$null$7(175)) - 7493dade-fd93-43aa-a8ed-41de39203fc7: Completed APPEND_ENTRIES, lastReply: serverReply {
  requestorId: "128ca0df-c3af-4349-97d3-3b5d7a5e16d4"
  replyId: "7493dade-fd93-43aa-a8ed-41de39203fc7"
  raftGroupId {
    id: "UBmz\330{O{\250\027>K\357\327\224\033"
  }
  callId: 4
  success: true
}
term: 1
nextIndex: 1
matchIndex: 18446744073709551615
isHearbeat: true
 
2025-09-28 08:46:51,921 [128ca0df-c3af-4349-97d3-3b5d7a5e16d4-impl-thread3] INFO  util.JmxRegister (JmxRegister.java:unregister(74)) - Successfully un-registered JMX Bean with object name Ratis:service=RaftServer,group=group-466440D82061,id=128ca0df-c3af-4349-97d3-3b5d7a5e16d4
2025-09-28 08:46:51,921 [128ca0df-c3af-4349-97d3-3b5d7a5e16d4-impl-thread3] INFO  impl.RoleInfo (RoleInfo.java:shutdownFollowerState(121)) - 128ca0df-c3af-4349-97d3-3b5d7a5e16d4: shutdown 128ca0df-c3af-4349-97d3-3b5d7a5e16d4@group-466440D82061-FollowerState
2025-09-28 08:46:51,921 [128ca0df-c3af-4349-97d3-3b5d7a5e16d4-impl-thread3] INFO  impl.StateMachineUpdater (StateMachineUpdater.java:stopAndJoin(163)) - 128ca0df-c3af-4349-97d3-3b5d7a5e16d4@group-466440D82061-StateMachineUpdater: set stopIndex = 5
2025-09-28 08:46:51,921 [ad6ddb9b-2ec3-4db0-9749-54a59d16dcc8@group-466440D82061-cacheEviction-AwaitToRun] INFO  util.AwaitToRun (AwaitToRun.java:run(49)) - ad6ddb9b-2ec3-4db0-9749-54a59d16dcc8@group-466440D82061-cacheEviction-AwaitToRun-AwaitForSignal is interrupted
2025-09-28 08:46:51,921 [128ca0df-c3af-4349-97d3-3b5d7a5e16d4@group-466440D82061-FollowerState] INFO  impl.FollowerState (FollowerState.java:runImpl(170)) - 128ca0df-c3af-4349-97d3-3b5d7a5e16d4@group-466440D82061-FollowerState was interrupted
2025-09-28 08:46:51,922 [grpc-default-executor-0] INFO  server.GrpcLogAppender (GrpcLogAppender.java:onCompleted(558)) - 128ca0df-c3af-4349-97d3-3b5d7a5e16d4@group-3E4BEFD7941B->ad6ddb9b-2ec3-4db0-9749-54a59d16dcc8-AppendLogResponseHandler: follower responses appendEntries COMPLETED
2025-09-28 08:46:51,922 [128ca0df-c3af-4349-97d3-3b5d7a5e16d4@group-3E4BEFD7941B-StateMachineUpdater] INFO  ratis.ContainerStateMachine (ContainerStateMachine.java:takeSnapshot(436)) - group-3E4BEFD7941B: Finished taking a snapshot at:(t:1, i:0) file:/home/runner/work/ozone/ozone/hadoop-ozone/integration-test/target/test-dir/MiniOzoneClusterImpl-ffd4f26c-0daa-4d09-bef2-86add17b79f3/ozone-metadata/datanode-2/ratis/55426d7a-d87b-4f7b-a817-3e4befd7941b/sm/snapshot.1_0 took: 3 ms
2025-09-28 08:46:51,922 [grpc-default-executor-4] INFO  server.GrpcLogAppender (GrpcLogAppender.java:onCompleted(558)) - 128ca0df-c3af-4349-97d3-3b5d7a5e16d4@group-3E4BEFD7941B->7493dade-fd93-43aa-a8ed-41de39203fc7-AppendLogResponseHandler: follower responses appendEntries COMPLETED
2025-09-28 08:46:51,922 [128ca0df-c3af-4349-97d3-3b5d7a5e16d4@group-3E4BEFD7941B-StateMachineUpdater] INFO  impl.StateMachineUpdater (StateMachineUpdater.java:takeSnapshot(307)) - 128ca0df-c3af-4349-97d3-3b5d7a5e16d4@group-3E4BEFD7941B-StateMachineUpdater: Took a snapshot at index 0
2025-09-28 08:46:51,923 [128ca0df-c3af-4349-97d3-3b5d7a5e16d4@group-3E4BEFD7941B-StateMachineUpdater] INFO  impl.StateMachineUpdater (StateMachineUpdater.java:lambda$new$0(101)) - 128ca0df-c3af-4349-97d3-3b5d7a5e16d4@group-3E4BEFD7941B-StateMachineUpdater: snapshotIndex: updateIncreasingly -1 -> 0
2025-09-28 08:46:51,923 [128ca0df-c3af-4349-97d3-3b5d7a5e16d4@group-466440D82061-StateMachineUpdater] INFO  ratis.ContainerStateMachine (ContainerStateMachine.java:takeSnapshot(427)) - group-466440D82061: Taking a snapshot at:(t:1, i:5) file /home/runner/work/ozone/ozone/hadoop-ozone/integration-test/target/test-dir/MiniOzoneClusterImpl-ffd4f26c-0daa-4d09-bef2-86add17b79f3/ozone-metadata/datanode-2/ratis/ead6980e-d25d-4ed2-9943-466440d82061/sm/snapshot.1_5
2025-09-28 08:46:51,923 [grpc-default-executor-2] INFO  server.GrpcServerProtocolService (GrpcServerProtocolService.java:lambda$onCompleted$6(171)) - ad6ddb9b-2ec3-4db0-9749-54a59d16dcc8: Completed APPEND_ENTRIES, lastRequest: 128ca0df-c3af-4349-97d3-3b5d7a5e16d4->ad6ddb9b-2ec3-4db0-9749-54a59d16dcc8#1-t1,previous=<PROTO_DEFAULT>,leaderCommit=-1,initializing? false,entries: size=1, first=(t:1, i:0), CONFIGURATIONENTRY(current:id:"ad6ddb9b-2ec3-4db0-9749-54a59d16dcc8"address:"127.0.0.1:15049"dataStreamAddress:"127.0.0.1:15050"clientAddress:"127.0.0.1:15047"adminAddress:"127.0.0.1:15048"startupRole:FOLLOWER, id:"128ca0df-c3af-4349-97d3-3b5d7a5e16d4"address:"127.0.0.1:15057"priority:1dataStreamAddress:"127.0.0.1:15058"clientAddress:"127.0.0.1:15055"adminAddress:"127.0.0.1:15056"startupRole:FOLLOWER, id:"7493dade-fd93-43aa-a8ed-41de39203fc7"address:"127.0.0.1:15065"dataStreamAddress:"127.0.0.1:15066"clientAddress:"127.0.0.1:15063"adminAddress:"127.0.0.1:15064"startupRole:FOLLOWER, old:) 
2025-09-28 08:46:51,923 [Thread-1607] INFO  server.GrpcServerProtocolClient (GrpcServerProtocolClient.java:close(105)) - ad6ddb9b-2ec3-4db0-9749-54a59d16dcc8 Close channels
2025-09-28 08:46:51,923 [128ca0df-c3af-4349-97d3-3b5d7a5e16d4@group-3E4BEFD7941B-StateMachineUpdater] INFO  impl.StateMachineUpdater (StateMachineUpdater.java:stop(140)) - 128ca0df-c3af-4349-97d3-3b5d7a5e16d4@group-3E4BEFD7941B-StateMachineUpdater: closing ContainerStateMachine, lastApplied=(t:1, i:0)
2025-09-28 08:46:51,924 [grpc-default-executor-4] INFO  server.GrpcLogAppender (GrpcLogAppender.java:onCompleted(558)) - 128ca0df-c3af-4349-97d3-3b5d7a5e16d4@group-3E4BEFD7941B->7493dade-fd93-43aa-a8ed-41de39203fc7-AppendLogResponseHandler: follower responses appendEntries COMPLETED
2025-09-28 08:46:51,924 [128ca0df-c3af-4349-97d3-3b5d7a5e16d4@group-3E4BEFD7941B-cacheEviction-AwaitToRun] INFO  util.AwaitToRun (AwaitToRun.java:run(49)) - 128ca0df-c3af-4349-97d3-3b5d7a5e16d4@group-3E4BEFD7941B-cacheEviction-AwaitToRun-AwaitForSignal is interrupted
2025-09-28 08:46:51,924 [Thread-1609] INFO  server.GrpcServerProtocolClient (GrpcServerProtocolClient.java:close(105)) - 7493dade-fd93-43aa-a8ed-41de39203fc7 Close channels
2025-09-28 08:46:51,924 [grpc-default-executor-2] INFO  server.GrpcLogAppender (GrpcLogAppender.java:onCompleted(558)) - 128ca0df-c3af-4349-97d3-3b5d7a5e16d4@group-3E4BEFD7941B->ad6ddb9b-2ec3-4db0-9749-54a59d16dcc8-AppendLogResponseHandler: follower responses appendEntries COMPLETED
2025-09-28 08:46:51,924 [grpc-default-executor-4] WARN  server.GrpcServerProtocolService (LogUtils.java:warn(127)) - ad6ddb9b-2ec3-4db0-9749-54a59d16dcc8: APPEND_ENTRIES onError, lastRequest: 7493dade-fd93-43aa-a8ed-41de39203fc7->ad6ddb9b-2ec3-4db0-9749-54a59d16dcc8#16-t1,previous=(t:1, i:5),leaderCommit=5,initializing? false,entries: size=1, first=(t:1, i:6), METADATAENTRY(c:5): org.apache.ratis.thirdparty.io.grpc.StatusRuntimeException: CANCELLED: client cancelled
2025-09-28 08:46:51,925 [grpc-default-executor-2] WARN  server.GrpcLogAppender (GrpcLogAppender.java:resetClient(237)) - 128ca0df-c3af-4349-97d3-3b5d7a5e16d4@group-3E4BEFD7941B->ad6ddb9b-2ec3-4db0-9749-54a59d16dcc8-GrpcLogAppender: Failed to getClient for ad6ddb9b-2ec3-4db0-9749-54a59d16dcc8
org.apache.ratis.protocol.exceptions.AlreadyClosedException: 128ca0df-c3af-4349-97d3-3b5d7a5e16d4 is already CLOSED
	at org.apache.ratis.util.PeerProxyMap$PeerAndProxy.getProxy(PeerProxyMap.java:67)
	at org.apache.ratis.util.PeerProxyMap.getProxy(PeerProxyMap.java:124)
	at org.apache.ratis.grpc.server.GrpcLogAppender.getClient(GrpcLogAppender.java:207)
	at org.apache.ratis.grpc.server.GrpcLogAppender.resetClient(GrpcLogAppender.java:212)
	at org.apache.ratis.grpc.server.GrpcLogAppender.access$800(GrpcLogAppender.java:70)
	at org.apache.ratis.grpc.server.GrpcLogAppender$AppendLogResponseHandler.onCompleted(GrpcLogAppender.java:559)
	at org.apache.ratis.thirdparty.io.grpc.stub.ClientCalls$StreamObserverToCallListenerAdapter.onClose(ClientCalls.java:562)
	at org.apache.ratis.thirdparty.io.grpc.internal.ClientCallImpl.closeObserver(ClientCallImpl.java:565)
	at org.apache.ratis.thirdparty.io.grpc.internal.ClientCallImpl.access$100(ClientCallImpl.java:72)
	at org.apache.ratis.thirdparty.io.grpc.internal.ClientCallImpl$ClientStreamListenerImpl$1StreamClosed.runInternal(ClientCallImpl.java:733)
	at org.apache.ratis.thirdparty.io.grpc.internal.ClientCallImpl$ClientStreamListenerImpl$1StreamClosed.runInContext(ClientCallImpl.java:714)
	at org.apache.ratis.thirdparty.io.grpc.internal.ContextRunnable.run(ContextRunnable.java:37)
	at org.apache.ratis.thirdparty.io.grpc.internal.SerializingExecutor.run(SerializingExecutor.java:133)
	at java.base/java.util.concurrent.ThreadPoolExecutor.runWorker(ThreadPoolExecutor.java:1144)
	at java.base/java.util.concurrent.ThreadPoolExecutor$Worker.run(ThreadPoolExecutor.java:642)
	at java.base/java.lang.Thread.run(Thread.java:1583)
2025-09-28 08:46:51,926 [128ca0df-c3af-4349-97d3-3b5d7a5e16d4@group-466440D82061-StateMachineUpdater] INFO  ratis.ContainerStateMachine (ContainerStateMachine.java:takeSnapshot(436)) - group-466440D82061: Finished taking a snapshot at:(t:1, i:5) file:/home/runner/work/ozone/ozone/hadoop-ozone/integration-test/target/test-dir/MiniOzoneClusterImpl-ffd4f26c-0daa-4d09-bef2-86add17b79f3/ozone-metadata/datanode-2/ratis/ead6980e-d25d-4ed2-9943-466440d82061/sm/snapshot.1_5 took: 3 ms
2025-09-28 08:46:51,926 [128ca0df-c3af-4349-97d3-3b5d7a5e16d4@group-466440D82061-StateMachineUpdater] INFO  impl.StateMachineUpdater (StateMachineUpdater.java:takeSnapshot(307)) - 128ca0df-c3af-4349-97d3-3b5d7a5e16d4@group-466440D82061-StateMachineUpdater: Took a snapshot at index 5
2025-09-28 08:46:51,926 [128ca0df-c3af-4349-97d3-3b5d7a5e16d4@group-466440D82061-StateMachineUpdater] INFO  impl.StateMachineUpdater (StateMachineUpdater.java:lambda$new$0(101)) - 128ca0df-c3af-4349-97d3-3b5d7a5e16d4@group-466440D82061-StateMachineUpdater: snapshotIndex: updateIncreasingly -1 -> 5
2025-09-28 08:46:51,927 [128ca0df-c3af-4349-97d3-3b5d7a5e16d4@group-466440D82061-StateMachineUpdater] INFO  impl.StateMachineUpdater (StateMachineUpdater.java:stop(140)) - 128ca0df-c3af-4349-97d3-3b5d7a5e16d4@group-466440D82061-StateMachineUpdater: closing ContainerStateMachine, lastApplied=(t:1, i:5)
2025-09-28 08:46:51,927 [grpc-default-executor-4] WARN  server.GrpcServerProtocolService (LogUtils.java:warn(127)) - ad6ddb9b-2ec3-4db0-9749-54a59d16dcc8: APPEND_ENTRIES onError, lastRequest: null: org.apache.ratis.thirdparty.io.grpc.StatusRuntimeException: CANCELLED: client cancelled
2025-09-28 08:46:51,927 [ForkJoinPool-1-worker-4] INFO  server.GrpcServicesImpl (GrpcServicesImpl.java:closeImpl(364)) - ad6ddb9b-2ec3-4db0-9749-54a59d16dcc8: shutdown server GrpcServerProtocolService successfully
2025-09-28 08:46:51,927 [128ca0df-c3af-4349-97d3-3b5d7a5e16d4@group-466440D82061-cacheEviction-AwaitToRun] INFO  util.AwaitToRun (AwaitToRun.java:run(49)) - 128ca0df-c3af-4349-97d3-3b5d7a5e16d4@group-466440D82061-cacheEviction-AwaitToRun-AwaitForSignal is interrupted
2025-09-28 08:46:51,927 [grpc-default-executor-2] WARN  server.GrpcLogAppender (LogUtils.java:warn(127)) - 7493dade-fd93-43aa-a8ed-41de39203fc7@group-466440D82061->ad6ddb9b-2ec3-4db0-9749-54a59d16dcc8-AppendLogResponseHandler: Failed appendEntries: org.apache.ratis.thirdparty.io.grpc.StatusRuntimeException: CANCELLED: RST_STREAM closed stream. HTTP/2 error code: CANCEL
2025-09-28 08:46:51,927 [grpc-default-executor-2] WARN  server.GrpcLogAppender (GrpcLogAppender.java:lambda$resetClient$1(228)) - 7493dade-fd93-43aa-a8ed-41de39203fc7@group-466440D82061->ad6ddb9b-2ec3-4db0-9749-54a59d16dcc8-GrpcLogAppender: Follower failed (request=null, errorCount=1); keep nextIndex (7) unchanged and retry.
2025-09-28 08:46:51,927 [ForkJoinPool-1-worker-4] INFO  server.GrpcServicesImpl (GrpcServicesImpl.java:closeImpl(355)) - ad6ddb9b-2ec3-4db0-9749-54a59d16dcc8: shutdown server org.apache.ratis.grpc.server.GrpcAdminProtocolService now
2025-09-28 08:46:51,929 [ForkJoinPool-1-worker-4] INFO  server.GrpcServicesImpl (GrpcServicesImpl.java:closeImpl(364)) - ad6ddb9b-2ec3-4db0-9749-54a59d16dcc8: shutdown server org.apache.ratis.grpc.server.GrpcAdminProtocolService successfully
2025-09-28 08:46:51,929 [ForkJoinPool-1-worker-1] INFO  server.GrpcServicesImpl (GrpcServicesImpl.java:closeImpl(364)) - 128ca0df-c3af-4349-97d3-3b5d7a5e16d4: shutdown server org.apache.ratis.grpc.server.GrpcClientProtocolService successfully
2025-09-28 08:46:51,929 [ForkJoinPool-1-worker-1] INFO  server.GrpcServicesImpl (GrpcServicesImpl.java:closeImpl(355)) - 128ca0df-c3af-4349-97d3-3b5d7a5e16d4: shutdown server GrpcServerProtocolService now
2025-09-28 08:46:51,930 [grpc-default-executor-4] WARN  server.GrpcServerProtocolService (LogUtils.java:warn(127)) - 128ca0df-c3af-4349-97d3-3b5d7a5e16d4: APPEND_ENTRIES onError, lastRequest: null: org.apache.ratis.thirdparty.io.grpc.StatusRuntimeException: CANCELLED: client cancelled
2025-09-28 08:46:51,930 [ForkJoinPool-1-worker-1] INFO  server.GrpcServicesImpl (GrpcServicesImpl.java:closeImpl(364)) - 128ca0df-c3af-4349-97d3-3b5d7a5e16d4: shutdown server GrpcServerProtocolService successfully
2025-09-28 08:46:51,931 [ForkJoinPool-1-worker-1] INFO  server.GrpcServicesImpl (GrpcServicesImpl.java:closeImpl(355)) - 128ca0df-c3af-4349-97d3-3b5d7a5e16d4: shutdown server org.apache.ratis.grpc.server.GrpcAdminProtocolService now
2025-09-28 08:46:51,931 [grpc-default-executor-4] WARN  server.GrpcLogAppender (LogUtils.java:warn(127)) - 7493dade-fd93-43aa-a8ed-41de39203fc7@group-466440D82061->128ca0df-c3af-4349-97d3-3b5d7a5e16d4-AppendLogResponseHandler: Failed appendEntries: org.apache.ratis.thirdparty.io.grpc.StatusRuntimeException: CANCELLED: RST_STREAM closed stream. HTTP/2 error code: CANCEL
2025-09-28 08:46:51,931 [grpc-default-executor-2] WARN  server.GrpcServerProtocolService (LogUtils.java:warn(127)) - 128ca0df-c3af-4349-97d3-3b5d7a5e16d4: APPEND_ENTRIES onError, lastRequest: 7493dade-fd93-43aa-a8ed-41de39203fc7->128ca0df-c3af-4349-97d3-3b5d7a5e16d4#15-t1,previous=(t:1, i:5),leaderCommit=5,initializing? false,entries: size=1, first=(t:1, i:6), METADATAENTRY(c:5): org.apache.ratis.thirdparty.io.grpc.StatusRuntimeException: CANCELLED: client cancelled
2025-09-28 08:46:51,931 [grpc-default-executor-4] WARN  server.GrpcLogAppender (GrpcLogAppender.java:lambda$resetClient$1(228)) - 7493dade-fd93-43aa-a8ed-41de39203fc7@group-466440D82061->128ca0df-c3af-4349-97d3-3b5d7a5e16d4-GrpcLogAppender: Follower failed (request=null, errorCount=1); keep nextIndex (7) unchanged and retry.
2025-09-28 08:46:51,931 [ForkJoinPool-1-worker-1] INFO  server.GrpcServicesImpl (GrpcServicesImpl.java:closeImpl(364)) - 128ca0df-c3af-4349-97d3-3b5d7a5e16d4: shutdown server org.apache.ratis.grpc.server.GrpcAdminProtocolService successfully
2025-09-28 08:46:51,937 [128ca0df-c3af-4349-97d3-3b5d7a5e16d4-NettyServerStreamRpc-bossGroup--thread1] INFO  logging.LoggingHandler (AbstractInternalLogger.java:log(148)) - [id: 0xd35f1d59, L:/0.0.0.0:15058] CLOSE
2025-09-28 08:46:51,937 [ad6ddb9b-2ec3-4db0-9749-54a59d16dcc8-NettyServerStreamRpc-bossGroup--thread1] INFO  logging.LoggingHandler (AbstractInternalLogger.java:log(148)) - [id: 0xf9926c76, L:/0.0.0.0:15050] CLOSE
2025-09-28 08:46:51,938 [128ca0df-c3af-4349-97d3-3b5d7a5e16d4-NettyServerStreamRpc-bossGroup--thread1] INFO  logging.LoggingHandler (AbstractInternalLogger.java:log(148)) - [id: 0xd35f1d59, L:/0.0.0.0:15058] INACTIVE
2025-09-28 08:46:51,938 [128ca0df-c3af-4349-97d3-3b5d7a5e16d4-NettyServerStreamRpc-bossGroup--thread1] INFO  logging.LoggingHandler (AbstractInternalLogger.java:log(148)) - [id: 0xd35f1d59, L:/0.0.0.0:15058] UNREGISTERED
2025-09-28 08:46:51,938 [ad6ddb9b-2ec3-4db0-9749-54a59d16dcc8-NettyServerStreamRpc-bossGroup--thread1] INFO  logging.LoggingHandler (AbstractInternalLogger.java:log(148)) - [id: 0xf9926c76, L:/0.0.0.0:15050] INACTIVE
2025-09-28 08:46:51,938 [ad6ddb9b-2ec3-4db0-9749-54a59d16dcc8-NettyServerStreamRpc-bossGroup--thread1] INFO  logging.LoggingHandler (AbstractInternalLogger.java:log(148)) - [id: 0xf9926c76, L:/0.0.0.0:15050] UNREGISTERED
2025-09-28 08:46:51,995 [ad6ddb9b-2ec3-4db0-9749-54a59d16dcc8-impl-thread1] INFO  segmented.SegmentedRaftLogWorker (SegmentedRaftLogWorker.java:close(254)) - ad6ddb9b-2ec3-4db0-9749-54a59d16dcc8@group-82D83097CC3E-SegmentedRaftLogWorker close()
2025-09-28 08:46:51,995 [ad6ddb9b-2ec3-4db0-9749-54a59d16dcc8-impl-thread1] INFO  ratis.ContainerStateMachine (ContainerStateMachine.java:notifyServerShutdown(1038)) - group-82D83097CC3E is closed by HddsDatanodeService
2025-09-28 08:46:52,239 [128ca0df-c3af-4349-97d3-3b5d7a5e16d4-impl-thread2] INFO  segmented.SegmentedRaftLogWorker (SegmentedRaftLogWorker.java:close(254)) - 128ca0df-c3af-4349-97d3-3b5d7a5e16d4@group-3E4BEFD7941B-SegmentedRaftLogWorker close()
2025-09-28 08:46:52,239 [128ca0df-c3af-4349-97d3-3b5d7a5e16d4-impl-thread2] INFO  ratis.ContainerStateMachine (ContainerStateMachine.java:notifyServerShutdown(1038)) - group-3E4BEFD7941B is closed by HddsDatanodeService
2025-09-28 08:46:52,247 [ad6ddb9b-2ec3-4db0-9749-54a59d16dcc8-impl-thread2] INFO  segmented.SegmentedRaftLogWorker (SegmentedRaftLogWorker.java:close(254)) - ad6ddb9b-2ec3-4db0-9749-54a59d16dcc8@group-3E4BEFD7941B-SegmentedRaftLogWorker close()
2025-09-28 08:46:52,247 [ad6ddb9b-2ec3-4db0-9749-54a59d16dcc8-impl-thread2] INFO  ratis.ContainerStateMachine (ContainerStateMachine.java:notifyServerShutdown(1038)) - group-3E4BEFD7941B is closed by HddsDatanodeService
2025-09-28 08:46:52,311 [128ca0df-c3af-4349-97d3-3b5d7a5e16d4-impl-thread1] INFO  segmented.SegmentedRaftLogWorker (SegmentedRaftLogWorker.java:close(254)) - 128ca0df-c3af-4349-97d3-3b5d7a5e16d4@group-00A2AA5E9E6C-SegmentedRaftLogWorker close()
2025-09-28 08:46:52,312 [128ca0df-c3af-4349-97d3-3b5d7a5e16d4-impl-thread1] INFO  ratis.ContainerStateMachine (ContainerStateMachine.java:notifyServerShutdown(1038)) - group-00A2AA5E9E6C is closed by HddsDatanodeService
2025-09-28 08:46:52,892 [128ca0df-c3af-4349-97d3-3b5d7a5e16d4-impl-thread3] INFO  segmented.SegmentedRaftLogWorker (SegmentedRaftLogWorker.java:close(254)) - 128ca0df-c3af-4349-97d3-3b5d7a5e16d4@group-466440D82061-SegmentedRaftLogWorker close()
2025-09-28 08:46:52,893 [128ca0df-c3af-4349-97d3-3b5d7a5e16d4-impl-thread3] INFO  ratis.ContainerStateMachine (ContainerStateMachine.java:notifyServerShutdown(1038)) - group-466440D82061 is closed by HddsDatanodeService
2025-09-28 08:46:52,893 [JvmPauseMonitor11] INFO  util.JvmPauseMonitor (JvmPauseMonitor.java:run(152)) - JvmPauseMonitor-128ca0df-c3af-4349-97d3-3b5d7a5e16d4: Stopped
2025-09-28 08:46:52,894 [ad6ddb9b-2ec3-4db0-9749-54a59d16dcc8-impl-thread3] INFO  segmented.SegmentedRaftLogWorker (SegmentedRaftLogWorker.java:close(254)) - ad6ddb9b-2ec3-4db0-9749-54a59d16dcc8@group-466440D82061-SegmentedRaftLogWorker close()
2025-09-28 08:46:52,894 [ad6ddb9b-2ec3-4db0-9749-54a59d16dcc8-impl-thread3] INFO  ratis.ContainerStateMachine (ContainerStateMachine.java:notifyServerShutdown(1038)) - group-466440D82061 is closed by HddsDatanodeService
2025-09-28 08:46:52,894 [JvmPauseMonitor10] INFO  util.JvmPauseMonitor (JvmPauseMonitor.java:run(152)) - JvmPauseMonitor-ad6ddb9b-2ec3-4db0-9749-54a59d16dcc8: Stopped
2025-09-28 08:46:52,907 [ForkJoinPool-1-worker-3] INFO  ozoneimpl.OzoneContainer (OzoneContainer.java:stop(549)) - Attempting to stop container services.
2025-09-28 08:46:52,907 [ContainerMetadataScanner] WARN  ozoneimpl.AbstractBackgroundContainerScanner (AbstractBackgroundContainerScanner.java:handleRemainingSleep(136)) - Background container scan was interrupted.
2025-09-28 08:46:52,907 [ContainerMetadataScanner] INFO  ozoneimpl.AbstractBackgroundContainerScanner (AbstractBackgroundContainerScanner.java:run(63)) - org.apache.hadoop.ozone.container.ozoneimpl.BackgroundContainerMetadataScanner@ad262c8 exiting.
2025-09-28 08:46:52,907 [ForkJoinPool-1-worker-3] INFO  ozoneimpl.BackgroundContainerDataScanner (BackgroundContainerDataScanner.java:shutdown(87)) - ContainerDataScanner(/home/runner/work/ozone/ozone/hadoop-ozone/integration-test/target/test-dir/MiniOzoneClusterImpl-ffd4f26c-0daa-4d09-bef2-86add17b79f3/ozone-metadata/datanode-3/data-0/hdds) is shutting down. 
2025-09-28 08:46:52,907 [ContainerDataScanner(/home/runner/work/ozone/ozone/hadoop-ozone/integration-test/target/test-dir/MiniOzoneClusterImpl-ffd4f26c-0daa-4d09-bef2-86add17b79f3/ozone-metadata/datanode-3/data-0/hdds)] WARN  ozoneimpl.AbstractBackgroundContainerScanner (AbstractBackgroundContainerScanner.java:handleRemainingSleep(136)) - Background container scan was interrupted.
2025-09-28 08:46:52,907 [ContainerDataScanner(/home/runner/work/ozone/ozone/hadoop-ozone/integration-test/target/test-dir/MiniOzoneClusterImpl-ffd4f26c-0daa-4d09-bef2-86add17b79f3/ozone-metadata/datanode-3/data-0/hdds)] INFO  ozoneimpl.AbstractBackgroundContainerScanner (AbstractBackgroundContainerScanner.java:run(63)) - ContainerDataScanner(/home/runner/work/ozone/ozone/hadoop-ozone/integration-test/target/test-dir/MiniOzoneClusterImpl-ffd4f26c-0daa-4d09-bef2-86add17b79f3/ozone-metadata/datanode-3/data-0/hdds, DS-abc44180-895f-4b84-a40f-6986a9621aa5) exiting.
2025-09-28 08:46:52,907 [ForkJoinPool-1-worker-3] INFO  ozoneimpl.OnDemandContainerScanner (OnDemandContainerScanner.java:shutdown(141)) - On-demand container scanner is shutting down.
2025-09-28 08:46:52,907 [ForkJoinPool-1-worker-3] INFO  ratis.XceiverServerRatis (XceiverServerRatis.java:stop(594)) - Closing XceiverServerRatis(7493dade-fd93-43aa-a8ed-41de39203fc7)
2025-09-28 08:46:52,907 [ForkJoinPool-1-worker-3] INFO  server.RaftServer (RaftServerProxy.java:lambda$close$9(422)) - 7493dade-fd93-43aa-a8ed-41de39203fc7: close
2025-09-28 08:46:52,908 [7493dade-fd93-43aa-a8ed-41de39203fc7-impl-thread1] INFO  server.RaftServer$Division (RaftServerImpl.java:lambda$close$1(527)) - 7493dade-fd93-43aa-a8ed-41de39203fc7@group-3E4BEFD7941B: shutdown
2025-09-28 08:46:52,908 [7493dade-fd93-43aa-a8ed-41de39203fc7-impl-thread1] INFO  util.JmxRegister (JmxRegister.java:unregister(74)) - Successfully un-registered JMX Bean with object name Ratis:service=RaftServer,group=group-3E4BEFD7941B,id=7493dade-fd93-43aa-a8ed-41de39203fc7
2025-09-28 08:46:52,908 [7493dade-fd93-43aa-a8ed-41de39203fc7-impl-thread1] INFO  impl.RoleInfo (RoleInfo.java:shutdownFollowerState(121)) - 7493dade-fd93-43aa-a8ed-41de39203fc7: shutdown 7493dade-fd93-43aa-a8ed-41de39203fc7@group-3E4BEFD7941B-FollowerState
2025-09-28 08:46:52,908 [7493dade-fd93-43aa-a8ed-41de39203fc7-impl-thread1] INFO  impl.StateMachineUpdater (StateMachineUpdater.java:stopAndJoin(163)) - 7493dade-fd93-43aa-a8ed-41de39203fc7@group-3E4BEFD7941B-StateMachineUpdater: set stopIndex = 0
2025-09-28 08:46:52,908 [7493dade-fd93-43aa-a8ed-41de39203fc7-impl-thread2] INFO  server.RaftServer$Division (RaftServerImpl.java:lambda$close$1(527)) - 7493dade-fd93-43aa-a8ed-41de39203fc7@group-078FD725FD92: shutdown
2025-09-28 08:46:52,908 [7493dade-fd93-43aa-a8ed-41de39203fc7-impl-thread2] INFO  util.JmxRegister (JmxRegister.java:unregister(74)) - Successfully un-registered JMX Bean with object name Ratis:service=RaftServer,group=group-078FD725FD92,id=7493dade-fd93-43aa-a8ed-41de39203fc7
2025-09-28 08:46:52,908 [7493dade-fd93-43aa-a8ed-41de39203fc7-impl-thread2] INFO  impl.RoleInfo (RoleInfo.java:shutdownLeaderState(103)) - 7493dade-fd93-43aa-a8ed-41de39203fc7: shutdown 7493dade-fd93-43aa-a8ed-41de39203fc7@group-078FD725FD92-LeaderStateImpl
2025-09-28 08:46:52,908 [7493dade-fd93-43aa-a8ed-41de39203fc7@group-3E4BEFD7941B-FollowerState] INFO  impl.FollowerState (FollowerState.java:runImpl(170)) - 7493dade-fd93-43aa-a8ed-41de39203fc7@group-3E4BEFD7941B-FollowerState was interrupted
2025-09-28 08:46:52,908 [7493dade-fd93-43aa-a8ed-41de39203fc7-impl-thread2] INFO  impl.PendingRequests (PendingRequests.java:sendNotLeaderResponses(287)) - 7493dade-fd93-43aa-a8ed-41de39203fc7@group-078FD725FD92-PendingRequests: sendNotLeaderResponses
2025-09-28 08:46:52,908 [7493dade-fd93-43aa-a8ed-41de39203fc7@group-3E4BEFD7941B-StateMachineUpdater] INFO  ratis.ContainerStateMachine (ContainerStateMachine.java:takeSnapshot(427)) - group-3E4BEFD7941B: Taking a snapshot at:(t:1, i:0) file /home/runner/work/ozone/ozone/hadoop-ozone/integration-test/target/test-dir/MiniOzoneClusterImpl-ffd4f26c-0daa-4d09-bef2-86add17b79f3/ozone-metadata/datanode-3/ratis/55426d7a-d87b-4f7b-a817-3e4befd7941b/sm/snapshot.1_0
2025-09-28 08:46:52,908 [7493dade-fd93-43aa-a8ed-41de39203fc7-EndpointStateMachineTaskThread-/0.0.0.0:15036-0 ] INFO  ipc.Client (Client.java:handleConnectionFailure(966)) - Retrying connect to server: 0.0.0.0/0.0.0.0:15036. Already tried 0 time(s); retry policy is RetryUpToMaximumCountWithFixedSleep(maxRetries=15, sleepTime=1000 MILLISECONDS)
2025-09-28 08:46:52,909 [7493dade-fd93-43aa-a8ed-41de39203fc7-impl-thread2] INFO  impl.StateMachineUpdater (StateMachineUpdater.java:stopAndJoin(163)) - 7493dade-fd93-43aa-a8ed-41de39203fc7@group-078FD725FD92-StateMachineUpdater: set stopIndex = 0
2025-09-28 08:46:52,908 [7493dade-fd93-43aa-a8ed-41de39203fc7-impl-thread3] INFO  server.RaftServer$Division (RaftServerImpl.java:lambda$close$1(527)) - 7493dade-fd93-43aa-a8ed-41de39203fc7@group-466440D82061: shutdown
2025-09-28 08:46:52,909 [7493dade-fd93-43aa-a8ed-41de39203fc7-impl-thread3] INFO  util.JmxRegister (JmxRegister.java:unregister(74)) - Successfully un-registered JMX Bean with object name Ratis:service=RaftServer,group=group-466440D82061,id=7493dade-fd93-43aa-a8ed-41de39203fc7
2025-09-28 08:46:52,909 [7493dade-fd93-43aa-a8ed-41de39203fc7-impl-thread3] INFO  impl.RoleInfo (RoleInfo.java:shutdownLeaderState(103)) - 7493dade-fd93-43aa-a8ed-41de39203fc7: shutdown 7493dade-fd93-43aa-a8ed-41de39203fc7@group-466440D82061-LeaderStateImpl
2025-09-28 08:46:52,908 [ForkJoinPool-1-worker-3] INFO  server.GrpcServicesImpl (GrpcServicesImpl.java:closeImpl(355)) - 7493dade-fd93-43aa-a8ed-41de39203fc7: shutdown server org.apache.ratis.grpc.server.GrpcClientProtocolService now
2025-09-28 08:46:52,909 [7493dade-fd93-43aa-a8ed-41de39203fc7@group-466440D82061->ad6ddb9b-2ec3-4db0-9749-54a59d16dcc8-GrpcLogAppender-LogAppenderDaemon] WARN  server.GrpcLogAppender (GrpcLogAppender.java:mayWait(300)) - 7493dade-fd93-43aa-a8ed-41de39203fc7@group-466440D82061->ad6ddb9b-2ec3-4db0-9749-54a59d16dcc8-GrpcLogAppender: Wait interrupted by java.lang.InterruptedException
2025-09-28 08:46:52,909 [7493dade-fd93-43aa-a8ed-41de39203fc7-impl-thread3] INFO  impl.PendingRequests (PendingRequests.java:sendNotLeaderResponses(287)) - 7493dade-fd93-43aa-a8ed-41de39203fc7@group-466440D82061-PendingRequests: sendNotLeaderResponses
2025-09-28 08:46:52,909 [7493dade-fd93-43aa-a8ed-41de39203fc7@group-466440D82061->128ca0df-c3af-4349-97d3-3b5d7a5e16d4-GrpcLogAppender-LogAppenderDaemon] WARN  server.GrpcLogAppender (GrpcLogAppender.java:mayWait(300)) - 7493dade-fd93-43aa-a8ed-41de39203fc7@group-466440D82061->128ca0df-c3af-4349-97d3-3b5d7a5e16d4-GrpcLogAppender: Wait interrupted by java.lang.InterruptedException
2025-09-28 08:46:52,909 [7493dade-fd93-43aa-a8ed-41de39203fc7@group-078FD725FD92-StateMachineUpdater] INFO  ratis.ContainerStateMachine (ContainerStateMachine.java:takeSnapshot(427)) - group-078FD725FD92: Taking a snapshot at:(t:1, i:0) file /home/runner/work/ozone/ozone/hadoop-ozone/integration-test/target/test-dir/MiniOzoneClusterImpl-ffd4f26c-0daa-4d09-bef2-86add17b79f3/ozone-metadata/datanode-3/ratis/194d921c-336e-4e7a-bd05-078fd725fd92/sm/snapshot.1_0
2025-09-28 08:46:52,910 [Thread-1682] INFO  server.GrpcServerProtocolClient (GrpcServerProtocolClient.java:close(105)) - ad6ddb9b-2ec3-4db0-9749-54a59d16dcc8 Close channels
2025-09-28 08:46:52,910 [7493dade-fd93-43aa-a8ed-41de39203fc7-impl-thread3] INFO  impl.StateMachineUpdater (StateMachineUpdater.java:stopAndJoin(163)) - 7493dade-fd93-43aa-a8ed-41de39203fc7@group-466440D82061-StateMachineUpdater: set stopIndex = 6
2025-09-28 08:46:52,910 [7493dade-fd93-43aa-a8ed-41de39203fc7@group-466440D82061-StateMachineUpdater] INFO  ratis.ContainerStateMachine (ContainerStateMachine.java:takeSnapshot(427)) - group-466440D82061: Taking a snapshot at:(t:1, i:6) file /home/runner/work/ozone/ozone/hadoop-ozone/integration-test/target/test-dir/MiniOzoneClusterImpl-ffd4f26c-0daa-4d09-bef2-86add17b79f3/ozone-metadata/datanode-3/ratis/ead6980e-d25d-4ed2-9943-466440d82061/sm/snapshot.1_6
2025-09-28 08:46:52,910 [7493dade-fd93-43aa-a8ed-41de39203fc7@group-3E4BEFD7941B-StateMachineUpdater] INFO  ratis.ContainerStateMachine (ContainerStateMachine.java:takeSnapshot(436)) - group-3E4BEFD7941B: Finished taking a snapshot at:(t:1, i:0) file:/home/runner/work/ozone/ozone/hadoop-ozone/integration-test/target/test-dir/MiniOzoneClusterImpl-ffd4f26c-0daa-4d09-bef2-86add17b79f3/ozone-metadata/datanode-3/ratis/55426d7a-d87b-4f7b-a817-3e4befd7941b/sm/snapshot.1_0 took: 1 ms
2025-09-28 08:46:52,910 [Thread-1683] INFO  server.GrpcServerProtocolClient (GrpcServerProtocolClient.java:close(105)) - 128ca0df-c3af-4349-97d3-3b5d7a5e16d4 Close channels
2025-09-28 08:46:52,910 [7493dade-fd93-43aa-a8ed-41de39203fc7@group-078FD725FD92-StateMachineUpdater] INFO  ratis.ContainerStateMachine (ContainerStateMachine.java:takeSnapshot(436)) - group-078FD725FD92: Finished taking a snapshot at:(t:1, i:0) file:/home/runner/work/ozone/ozone/hadoop-ozone/integration-test/target/test-dir/MiniOzoneClusterImpl-ffd4f26c-0daa-4d09-bef2-86add17b79f3/ozone-metadata/datanode-3/ratis/194d921c-336e-4e7a-bd05-078fd725fd92/sm/snapshot.1_0 took: 2 ms
2025-09-28 08:46:52,910 [7493dade-fd93-43aa-a8ed-41de39203fc7@group-078FD725FD92-StateMachineUpdater] INFO  impl.StateMachineUpdater (StateMachineUpdater.java:takeSnapshot(307)) - 7493dade-fd93-43aa-a8ed-41de39203fc7@group-078FD725FD92-StateMachineUpdater: Took a snapshot at index 0
2025-09-28 08:46:52,910 [7493dade-fd93-43aa-a8ed-41de39203fc7@group-078FD725FD92-StateMachineUpdater] INFO  impl.StateMachineUpdater (StateMachineUpdater.java:lambda$new$0(101)) - 7493dade-fd93-43aa-a8ed-41de39203fc7@group-078FD725FD92-StateMachineUpdater: snapshotIndex: updateIncreasingly -1 -> 0
2025-09-28 08:46:52,911 [7493dade-fd93-43aa-a8ed-41de39203fc7@group-078FD725FD92-StateMachineUpdater] INFO  impl.StateMachineUpdater (StateMachineUpdater.java:stop(140)) - 7493dade-fd93-43aa-a8ed-41de39203fc7@group-078FD725FD92-StateMachineUpdater: closing ContainerStateMachine, lastApplied=(t:1, i:0)
2025-09-28 08:46:52,910 [7493dade-fd93-43aa-a8ed-41de39203fc7@group-3E4BEFD7941B-StateMachineUpdater] INFO  impl.StateMachineUpdater (StateMachineUpdater.java:takeSnapshot(307)) - 7493dade-fd93-43aa-a8ed-41de39203fc7@group-3E4BEFD7941B-StateMachineUpdater: Took a snapshot at index 0
2025-09-28 08:46:52,911 [ForkJoinPool-1-worker-3] INFO  server.GrpcServicesImpl (GrpcServicesImpl.java:closeImpl(364)) - 7493dade-fd93-43aa-a8ed-41de39203fc7: shutdown server org.apache.ratis.grpc.server.GrpcClientProtocolService successfully
2025-09-28 08:46:52,911 [7493dade-fd93-43aa-a8ed-41de39203fc7@group-466440D82061-StateMachineUpdater] INFO  ratis.ContainerStateMachine (ContainerStateMachine.java:takeSnapshot(436)) - group-466440D82061: Finished taking a snapshot at:(t:1, i:6) file:/home/runner/work/ozone/ozone/hadoop-ozone/integration-test/target/test-dir/MiniOzoneClusterImpl-ffd4f26c-0daa-4d09-bef2-86add17b79f3/ozone-metadata/datanode-3/ratis/ead6980e-d25d-4ed2-9943-466440d82061/sm/snapshot.1_6 took: 1 ms
2025-09-28 08:46:52,911 [7493dade-fd93-43aa-a8ed-41de39203fc7@group-078FD725FD92-cacheEviction-AwaitToRun] INFO  util.AwaitToRun (AwaitToRun.java:run(49)) - 7493dade-fd93-43aa-a8ed-41de39203fc7@group-078FD725FD92-cacheEviction-AwaitToRun-AwaitForSignal is interrupted
2025-09-28 08:46:52,911 [ForkJoinPool-1-worker-3] INFO  server.GrpcServicesImpl (GrpcServicesImpl.java:closeImpl(355)) - 7493dade-fd93-43aa-a8ed-41de39203fc7: shutdown server GrpcServerProtocolService now
2025-09-28 08:46:52,911 [7493dade-fd93-43aa-a8ed-41de39203fc7@group-3E4BEFD7941B-StateMachineUpdater] INFO  impl.StateMachineUpdater (StateMachineUpdater.java:lambda$new$0(101)) - 7493dade-fd93-43aa-a8ed-41de39203fc7@group-3E4BEFD7941B-StateMachineUpdater: snapshotIndex: updateIncreasingly -1 -> 0
2025-09-28 08:46:52,911 [7493dade-fd93-43aa-a8ed-41de39203fc7@group-466440D82061-StateMachineUpdater] INFO  impl.StateMachineUpdater (StateMachineUpdater.java:takeSnapshot(307)) - 7493dade-fd93-43aa-a8ed-41de39203fc7@group-466440D82061-StateMachineUpdater: Took a snapshot at index 6
2025-09-28 08:46:52,911 [7493dade-fd93-43aa-a8ed-41de39203fc7@group-3E4BEFD7941B-StateMachineUpdater] INFO  impl.StateMachineUpdater (StateMachineUpdater.java:stop(140)) - 7493dade-fd93-43aa-a8ed-41de39203fc7@group-3E4BEFD7941B-StateMachineUpdater: closing ContainerStateMachine, lastApplied=(t:1, i:0)
2025-09-28 08:46:52,911 [7493dade-fd93-43aa-a8ed-41de39203fc7@group-3E4BEFD7941B-cacheEviction-AwaitToRun] INFO  util.AwaitToRun (AwaitToRun.java:run(49)) - 7493dade-fd93-43aa-a8ed-41de39203fc7@group-3E4BEFD7941B-cacheEviction-AwaitToRun-AwaitForSignal is interrupted
2025-09-28 08:46:52,911 [ForkJoinPool-1-worker-3] INFO  server.GrpcServicesImpl (GrpcServicesImpl.java:closeImpl(364)) - 7493dade-fd93-43aa-a8ed-41de39203fc7: shutdown server GrpcServerProtocolService successfully
2025-09-28 08:46:52,912 [ForkJoinPool-1-worker-3] INFO  server.GrpcServicesImpl (GrpcServicesImpl.java:closeImpl(355)) - 7493dade-fd93-43aa-a8ed-41de39203fc7: shutdown server org.apache.ratis.grpc.server.GrpcAdminProtocolService now
2025-09-28 08:46:52,911 [7493dade-fd93-43aa-a8ed-41de39203fc7@group-466440D82061-StateMachineUpdater] INFO  impl.StateMachineUpdater (StateMachineUpdater.java:lambda$new$0(101)) - 7493dade-fd93-43aa-a8ed-41de39203fc7@group-466440D82061-StateMachineUpdater: snapshotIndex: updateIncreasingly -1 -> 6
2025-09-28 08:46:52,912 [7493dade-fd93-43aa-a8ed-41de39203fc7@group-466440D82061-StateMachineUpdater] INFO  impl.StateMachineUpdater (StateMachineUpdater.java:stop(140)) - 7493dade-fd93-43aa-a8ed-41de39203fc7@group-466440D82061-StateMachineUpdater: closing ContainerStateMachine, lastApplied=(t:1, i:6)
2025-09-28 08:46:52,912 [7493dade-fd93-43aa-a8ed-41de39203fc7@group-466440D82061-cacheEviction-AwaitToRun] INFO  util.AwaitToRun (AwaitToRun.java:run(49)) - 7493dade-fd93-43aa-a8ed-41de39203fc7@group-466440D82061-cacheEviction-AwaitToRun-AwaitForSignal is interrupted
2025-09-28 08:46:52,912 [ForkJoinPool-1-worker-3] INFO  server.GrpcServicesImpl (GrpcServicesImpl.java:closeImpl(364)) - 7493dade-fd93-43aa-a8ed-41de39203fc7: shutdown server org.apache.ratis.grpc.server.GrpcAdminProtocolService successfully
2025-09-28 08:46:52,915 [7493dade-fd93-43aa-a8ed-41de39203fc7-NettyServerStreamRpc-bossGroup--thread1] INFO  logging.LoggingHandler (AbstractInternalLogger.java:log(148)) - [id: 0x9578cf42, L:/0.0.0.0:15066] CLOSE
2025-09-28 08:46:52,915 [7493dade-fd93-43aa-a8ed-41de39203fc7-NettyServerStreamRpc-bossGroup--thread1] INFO  logging.LoggingHandler (AbstractInternalLogger.java:log(148)) - [id: 0x9578cf42, L:/0.0.0.0:15066] INACTIVE
2025-09-28 08:46:52,915 [7493dade-fd93-43aa-a8ed-41de39203fc7-NettyServerStreamRpc-bossGroup--thread1] INFO  logging.LoggingHandler (AbstractInternalLogger.java:log(148)) - [id: 0x9578cf42, L:/0.0.0.0:15066] UNREGISTERED
2025-09-28 08:46:53,243 [7493dade-fd93-43aa-a8ed-41de39203fc7-impl-thread1] INFO  segmented.SegmentedRaftLogWorker (SegmentedRaftLogWorker.java:close(254)) - 7493dade-fd93-43aa-a8ed-41de39203fc7@group-3E4BEFD7941B-SegmentedRaftLogWorker close()
2025-09-28 08:46:53,243 [7493dade-fd93-43aa-a8ed-41de39203fc7-impl-thread1] INFO  ratis.ContainerStateMachine (ContainerStateMachine.java:notifyServerShutdown(1038)) - group-3E4BEFD7941B is closed by HddsDatanodeService
2025-09-28 08:46:53,392 [7493dade-fd93-43aa-a8ed-41de39203fc7-impl-thread2] INFO  segmented.SegmentedRaftLogWorker (SegmentedRaftLogWorker.java:close(254)) - 7493dade-fd93-43aa-a8ed-41de39203fc7@group-078FD725FD92-SegmentedRaftLogWorker close()
2025-09-28 08:46:53,392 [7493dade-fd93-43aa-a8ed-41de39203fc7-impl-thread2] INFO  ratis.ContainerStateMachine (ContainerStateMachine.java:notifyServerShutdown(1038)) - group-078FD725FD92 is closed by HddsDatanodeService
2025-09-28 08:46:53,891 [7493dade-fd93-43aa-a8ed-41de39203fc7-impl-thread3] INFO  segmented.SegmentedRaftLogWorker (SegmentedRaftLogWorker.java:close(254)) - 7493dade-fd93-43aa-a8ed-41de39203fc7@group-466440D82061-SegmentedRaftLogWorker close()
2025-09-28 08:46:53,892 [7493dade-fd93-43aa-a8ed-41de39203fc7-impl-thread3] INFO  ratis.ContainerStateMachine (ContainerStateMachine.java:notifyServerShutdown(1038)) - group-466440D82061 is closed by HddsDatanodeService
2025-09-28 08:46:53,892 [JvmPauseMonitor12] INFO  util.JvmPauseMonitor (JvmPauseMonitor.java:run(152)) - JvmPauseMonitor-7493dade-fd93-43aa-a8ed-41de39203fc7: Stopped
2025-09-28 08:46:53,909 [7493dade-fd93-43aa-a8ed-41de39203fc7-EndpointStateMachineTaskThread-/0.0.0.0:15036-0 ] INFO  ipc.Client (Client.java:handleConnectionFailure(966)) - Retrying connect to server: 0.0.0.0/0.0.0.0:15036. Already tried 1 time(s); retry policy is RetryUpToMaximumCountWithFixedSleep(maxRetries=15, sleepTime=1000 MILLISECONDS)
2025-09-28 08:46:54,897 [ForkJoinPool-1-worker-1] INFO  utils.DatanodeStoreCache (DatanodeStoreCache.java:shutdownCache(110)) - Skip clearing cache in mini cluster mode. Entries left: [/home/runner/work/ozone/ozone/hadoop-ozone/integration-test/target/test-dir/MiniOzoneClusterImpl-ffd4f26c-0daa-4d09-bef2-86add17b79f3/ozone-metadata/datanode-1/data-0/hdds/ffd4f26c-0daa-4d09-bef2-86add17b79f3/DS-1d243f30-e379-4563-8ca2-0381dbd392d8/container.db, /home/runner/work/ozone/ozone/hadoop-ozone/integration-test/target/test-dir/MiniOzoneClusterImpl-ffd4f26c-0daa-4d09-bef2-86add17b79f3/ozone-metadata/datanode-2/data-0/hdds/ffd4f26c-0daa-4d09-bef2-86add17b79f3/DS-db935f62-19b9-43fc-9fa3-0b772942cc39/container.db, /home/runner/work/ozone/ozone/hadoop-ozone/integration-test/target/test-dir/MiniOzoneClusterImpl-ffd4f26c-0daa-4d09-bef2-86add17b79f3/ozone-metadata/datanode-3/data-0/hdds/ffd4f26c-0daa-4d09-bef2-86add17b79f3/DS-abc44180-895f-4b84-a40f-6986a9621aa5/container.db]
2025-09-28 08:46:54,897 [ForkJoinPool-1-worker-4] INFO  utils.DatanodeStoreCache (DatanodeStoreCache.java:shutdownCache(110)) - Skip clearing cache in mini cluster mode. Entries left: [/home/runner/work/ozone/ozone/hadoop-ozone/integration-test/target/test-dir/MiniOzoneClusterImpl-ffd4f26c-0daa-4d09-bef2-86add17b79f3/ozone-metadata/datanode-1/data-0/hdds/ffd4f26c-0daa-4d09-bef2-86add17b79f3/DS-1d243f30-e379-4563-8ca2-0381dbd392d8/container.db, /home/runner/work/ozone/ozone/hadoop-ozone/integration-test/target/test-dir/MiniOzoneClusterImpl-ffd4f26c-0daa-4d09-bef2-86add17b79f3/ozone-metadata/datanode-2/data-0/hdds/ffd4f26c-0daa-4d09-bef2-86add17b79f3/DS-db935f62-19b9-43fc-9fa3-0b772942cc39/container.db, /home/runner/work/ozone/ozone/hadoop-ozone/integration-test/target/test-dir/MiniOzoneClusterImpl-ffd4f26c-0daa-4d09-bef2-86add17b79f3/ozone-metadata/datanode-3/data-0/hdds/ffd4f26c-0daa-4d09-bef2-86add17b79f3/DS-abc44180-895f-4b84-a40f-6986a9621aa5/container.db]
2025-09-28 08:46:54,898 [ForkJoinPool-1-worker-4] INFO  utils.DatanodeStoreCache (DatanodeStoreCache.java:removeDB(104)) - Removed db /home/runner/work/ozone/ozone/hadoop-ozone/integration-test/target/test-dir/MiniOzoneClusterImpl-ffd4f26c-0daa-4d09-bef2-86add17b79f3/ozone-metadata/datanode-1/data-0/hdds/ffd4f26c-0daa-4d09-bef2-86add17b79f3/DS-1d243f30-e379-4563-8ca2-0381dbd392d8/container.db from cache
2025-09-28 08:46:54,898 [ForkJoinPool-1-worker-4] INFO  volume.HddsVolume (HddsVolume.java:closeDbStore(609)) - SchemaV3 db is stopped at /home/runner/work/ozone/ozone/hadoop-ozone/integration-test/target/test-dir/MiniOzoneClusterImpl-ffd4f26c-0daa-4d09-bef2-86add17b79f3/ozone-metadata/datanode-1/data-0/hdds/ffd4f26c-0daa-4d09-bef2-86add17b79f3/DS-1d243f30-e379-4563-8ca2-0381dbd392d8/container.db for volume DS-1d243f30-e379-4563-8ca2-0381dbd392d8
2025-09-28 08:46:54,899 [ForkJoinPool-1-worker-4] INFO  utils.BackgroundService (BackgroundService.java:shutdown(195)) - Shutting down service BlockDeletingService
2025-09-28 08:46:54,898 [ForkJoinPool-1-worker-1] INFO  utils.DatanodeStoreCache (DatanodeStoreCache.java:removeDB(104)) - Removed db /home/runner/work/ozone/ozone/hadoop-ozone/integration-test/target/test-dir/MiniOzoneClusterImpl-ffd4f26c-0daa-4d09-bef2-86add17b79f3/ozone-metadata/datanode-2/data-0/hdds/ffd4f26c-0daa-4d09-bef2-86add17b79f3/DS-db935f62-19b9-43fc-9fa3-0b772942cc39/container.db from cache
2025-09-28 08:46:54,899 [ForkJoinPool-1-worker-1] INFO  volume.HddsVolume (HddsVolume.java:closeDbStore(609)) - SchemaV3 db is stopped at /home/runner/work/ozone/ozone/hadoop-ozone/integration-test/target/test-dir/MiniOzoneClusterImpl-ffd4f26c-0daa-4d09-bef2-86add17b79f3/ozone-metadata/datanode-2/data-0/hdds/ffd4f26c-0daa-4d09-bef2-86add17b79f3/DS-db935f62-19b9-43fc-9fa3-0b772942cc39/container.db for volume DS-db935f62-19b9-43fc-9fa3-0b772942cc39
2025-09-28 08:46:54,899 [ForkJoinPool-1-worker-1] INFO  utils.BackgroundService (BackgroundService.java:shutdown(195)) - Shutting down service BlockDeletingService
2025-09-28 08:46:54,899 [ForkJoinPool-1-worker-4] INFO  utils.BackgroundService (BackgroundService.java:shutdown(195)) - Shutting down service StaleRecoveringContainerScrubbingService
2025-09-28 08:46:54,900 [ForkJoinPool-1-worker-1] INFO  utils.BackgroundService (BackgroundService.java:shutdown(195)) - Shutting down service StaleRecoveringContainerScrubbingService
2025-09-28 08:46:54,900 [ForkJoinPool-1-worker-4] INFO  statemachine.DatanodeStateMachine (DatanodeStateMachine.java:stopDaemon(654)) - Ozone container server stopped.
2025-09-28 08:46:54,901 [ForkJoinPool-1-worker-1] INFO  statemachine.DatanodeStateMachine (DatanodeStateMachine.java:stopDaemon(654)) - Ozone container server stopped.
2025-09-28 08:46:54,910 [7493dade-fd93-43aa-a8ed-41de39203fc7-EndpointStateMachineTaskThread-/0.0.0.0:15036-0 ] INFO  ipc.Client (Client.java:handleConnectionFailure(966)) - Retrying connect to server: 0.0.0.0/0.0.0.0:15036. Already tried 2 time(s); retry policy is RetryUpToMaximumCountWithFixedSleep(maxRetries=15, sleepTime=1000 MILLISECONDS)
2025-09-28 08:46:54,911 [ForkJoinPool-1-worker-4] INFO  handler.ContextHandler (ContextHandler.java:doStop(1159)) - Stopped o.e.j.w.WebAppContext@67e903f5{hddsDatanode,/,null,STOPPED}{jar:file:/home/runner/work/ozone/ozone/hadoop-hdds/container-service/target/hdds-container-service-2.1.0-SNAPSHOT.jar!/webapps/hddsDatanode}
2025-09-28 08:46:54,911 [ForkJoinPool-1-worker-4] INFO  server.AbstractConnector (AbstractConnector.java:doStop(383)) - Stopped ServerConnector@24c3868{HTTP/1.1, (http/1.1)}{0.0.0.0:15044}
2025-09-28 08:46:54,911 [ForkJoinPool-1-worker-4] INFO  server.session (HouseKeeper.java:stopScavenging(149)) - node0 Stopped scavenging
2025-09-28 08:46:54,912 [ForkJoinPool-1-worker-4] INFO  handler.ContextHandler (ContextHandler.java:doStop(1159)) - Stopped o.e.j.s.ServletContextHandler@46715a11{static,/static,jar:file:/home/runner/work/ozone/ozone/hadoop-hdds/container-service/target/hdds-container-service-2.1.0-SNAPSHOT.jar!/webapps/static,STOPPED}
2025-09-28 08:46:54,912 [ForkJoinPool-1-worker-4] INFO  handler.ContextHandler (ContextHandler.java:doStop(1159)) - Stopped o.e.j.s.ServletContextHandler@2cbcebbd{logs,/logs,file:///home/runner/work/ozone/ozone/hadoop-ozone/integration-test/target/log,STOPPED}
2025-09-28 08:46:54,912 [ForkJoinPool-1-worker-1] INFO  handler.ContextHandler (ContextHandler.java:doStop(1159)) - Stopped o.e.j.w.WebAppContext@60d1cf52{hddsDatanode,/,null,STOPPED}{jar:file:/home/runner/work/ozone/ozone/hadoop-hdds/container-service/target/hdds-container-service-2.1.0-SNAPSHOT.jar!/webapps/hddsDatanode}
2025-09-28 08:46:54,912 [ForkJoinPool-1-worker-4] INFO  ozone.HddsDatanodeClientProtocolServer (HddsDatanodeClientProtocolServer.java:stop(82)) - Stopping the RPC server for Client Protocol
2025-09-28 08:46:54,912 [ForkJoinPool-1-worker-4] INFO  ipc.Server (Server.java:stop(3697)) - Stopping server on 15045
2025-09-28 08:46:54,913 [ForkJoinPool-1-worker-1] INFO  server.AbstractConnector (AbstractConnector.java:doStop(383)) - Stopped ServerConnector@5e94d0c3{HTTP/1.1, (http/1.1)}{0.0.0.0:15052}
2025-09-28 08:46:54,913 [ForkJoinPool-1-worker-1] INFO  server.session (HouseKeeper.java:stopScavenging(149)) - node0 Stopped scavenging
2025-09-28 08:46:54,913 [ForkJoinPool-1-worker-1] INFO  handler.ContextHandler (ContextHandler.java:doStop(1159)) - Stopped o.e.j.s.ServletContextHandler@1c538c90{static,/static,jar:file:/home/runner/work/ozone/ozone/hadoop-hdds/container-service/target/hdds-container-service-2.1.0-SNAPSHOT.jar!/webapps/static,STOPPED}
2025-09-28 08:46:54,914 [ForkJoinPool-1-worker-1] INFO  handler.ContextHandler (ContextHandler.java:doStop(1159)) - Stopped o.e.j.s.ServletContextHandler@3e182596{logs,/logs,file:///home/runner/work/ozone/ozone/hadoop-ozone/integration-test/target/log,STOPPED}
2025-09-28 08:46:54,914 [IPC Server listener on 15045] INFO  ipc.Server (Server.java:run(1585)) - Stopping IPC Server listener on 15045
2025-09-28 08:46:54,915 [ForkJoinPool-1-worker-1] INFO  ozone.HddsDatanodeClientProtocolServer (HddsDatanodeClientProtocolServer.java:stop(82)) - Stopping the RPC server for Client Protocol
2025-09-28 08:46:54,915 [ForkJoinPool-1-worker-1] INFO  ipc.Server (Server.java:stop(3697)) - Stopping server on 15053
2025-09-28 08:46:54,915 [IPC Server Responder] INFO  ipc.Server (Server.java:run(1718)) - Stopping IPC Server Responder
2025-09-28 08:46:54,916 [IPC Server listener on 15053] INFO  ipc.Server (Server.java:run(1585)) - Stopping IPC Server listener on 15053
2025-09-28 08:46:54,916 [IPC Server Responder] INFO  ipc.Server (Server.java:run(1718)) - Stopping IPC Server Responder
2025-09-28 08:46:55,895 [ForkJoinPool-1-worker-3] INFO  utils.DatanodeStoreCache (DatanodeStoreCache.java:shutdownCache(110)) - Skip clearing cache in mini cluster mode. Entries left: [/home/runner/work/ozone/ozone/hadoop-ozone/integration-test/target/test-dir/MiniOzoneClusterImpl-ffd4f26c-0daa-4d09-bef2-86add17b79f3/ozone-metadata/datanode-3/data-0/hdds/ffd4f26c-0daa-4d09-bef2-86add17b79f3/DS-abc44180-895f-4b84-a40f-6986a9621aa5/container.db]
2025-09-28 08:46:55,896 [ForkJoinPool-1-worker-3] INFO  utils.DatanodeStoreCache (DatanodeStoreCache.java:removeDB(104)) - Removed db /home/runner/work/ozone/ozone/hadoop-ozone/integration-test/target/test-dir/MiniOzoneClusterImpl-ffd4f26c-0daa-4d09-bef2-86add17b79f3/ozone-metadata/datanode-3/data-0/hdds/ffd4f26c-0daa-4d09-bef2-86add17b79f3/DS-abc44180-895f-4b84-a40f-6986a9621aa5/container.db from cache
2025-09-28 08:46:55,896 [ForkJoinPool-1-worker-3] INFO  volume.HddsVolume (HddsVolume.java:closeDbStore(609)) - SchemaV3 db is stopped at /home/runner/work/ozone/ozone/hadoop-ozone/integration-test/target/test-dir/MiniOzoneClusterImpl-ffd4f26c-0daa-4d09-bef2-86add17b79f3/ozone-metadata/datanode-3/data-0/hdds/ffd4f26c-0daa-4d09-bef2-86add17b79f3/DS-abc44180-895f-4b84-a40f-6986a9621aa5/container.db for volume DS-abc44180-895f-4b84-a40f-6986a9621aa5
2025-09-28 08:46:55,897 [ForkJoinPool-1-worker-3] INFO  utils.BackgroundService (BackgroundService.java:shutdown(195)) - Shutting down service BlockDeletingService
2025-09-28 08:46:55,897 [ForkJoinPool-1-worker-3] INFO  utils.BackgroundService (BackgroundService.java:shutdown(195)) - Shutting down service StaleRecoveringContainerScrubbingService
2025-09-28 08:46:55,898 [ForkJoinPool-1-worker-3] INFO  statemachine.DatanodeStateMachine (DatanodeStateMachine.java:stopDaemon(654)) - Ozone container server stopped.
2025-09-28 08:46:55,904 [ForkJoinPool-1-worker-3] INFO  handler.ContextHandler (ContextHandler.java:doStop(1159)) - Stopped o.e.j.w.WebAppContext@1a05046e{hddsDatanode,/,null,STOPPED}{jar:file:/home/runner/work/ozone/ozone/hadoop-hdds/container-service/target/hdds-container-service-2.1.0-SNAPSHOT.jar!/webapps/hddsDatanode}
2025-09-28 08:46:55,905 [ForkJoinPool-1-worker-3] INFO  server.AbstractConnector (AbstractConnector.java:doStop(383)) - Stopped ServerConnector@787b6834{HTTP/1.1, (http/1.1)}{0.0.0.0:15060}
2025-09-28 08:46:55,905 [ForkJoinPool-1-worker-3] INFO  server.session (HouseKeeper.java:stopScavenging(149)) - node0 Stopped scavenging
2025-09-28 08:46:55,905 [ForkJoinPool-1-worker-3] INFO  handler.ContextHandler (ContextHandler.java:doStop(1159)) - Stopped o.e.j.s.ServletContextHandler@335c8847{static,/static,jar:file:/home/runner/work/ozone/ozone/hadoop-hdds/container-service/target/hdds-container-service-2.1.0-SNAPSHOT.jar!/webapps/static,STOPPED}
2025-09-28 08:46:55,905 [ForkJoinPool-1-worker-3] INFO  handler.ContextHandler (ContextHandler.java:doStop(1159)) - Stopped o.e.j.s.ServletContextHandler@dd4614a{logs,/logs,file:///home/runner/work/ozone/ozone/hadoop-ozone/integration-test/target/log,STOPPED}
2025-09-28 08:46:55,906 [ForkJoinPool-1-worker-3] INFO  ozone.HddsDatanodeClientProtocolServer (HddsDatanodeClientProtocolServer.java:stop(82)) - Stopping the RPC server for Client Protocol
2025-09-28 08:46:55,906 [ForkJoinPool-1-worker-3] INFO  ipc.Server (Server.java:stop(3697)) - Stopping server on 15061
2025-09-28 08:46:55,907 [IPC Server listener on 15061] INFO  ipc.Server (Server.java:run(1585)) - Stopping IPC Server listener on 15061
2025-09-28 08:46:55,907 [IPC Server Responder] INFO  ipc.Server (Server.java:run(1718)) - Stopping IPC Server Responder
2025-09-28 08:46:55,907 [ForkJoinPool-1-worker-1] INFO  ozone.MiniOzoneClusterImpl (MiniOzoneClusterImpl.java:stopSCM(458)) - Stopping the StorageContainerManager
2025-09-28 08:46:55,907 [ForkJoinPool-1-worker-1] INFO  server.StorageContainerManager (StorageContainerManager.java:stop(1605)) - Storage Container Manager is not running.
2025-09-28 08:46:55,907 [ForkJoinPool-1-worker-1] INFO  server.StorageContainerManager (StorageContainerManager.java:stopReplicationManager(1749)) - Stopping Replication Manager Service.
2025-09-28 08:46:55,907 [ForkJoinPool-1-worker-1] INFO  replication.ReplicationManager (ReplicationManager.java:stop(325)) - Replication Monitor Thread is not running.
2025-09-28 08:46:55,910 [7493dade-fd93-43aa-a8ed-41de39203fc7-EndpointStateMachineTaskThread-/0.0.0.0:15036-0 ] INFO  ipc.Client (Client.java:handleConnectionFailure(966)) - Retrying connect to server: 0.0.0.0/0.0.0.0:15036. Already tried 3 time(s); retry policy is RetryUpToMaximumCountWithFixedSleep(maxRetries=15, sleepTime=1000 MILLISECONDS)
Deleting path /home/runner/work/ozone/ozone/hadoop-ozone/integration-test/target/test-dir/MiniOzoneClusterImpl-ffd4f26c-0daa-4d09-bef2-86add17b79f3
]]></system-out>
  </testcase>
</testsuite>