<?xml version="1.0" encoding="UTF-8"?>
<testsuite xmlns:xsi="http://www.w3.org/2001/XMLSchema-instance" xsi:noNamespaceSchemaLocation="https://maven.apache.org/surefire/maven-surefire-plugin/xsd/surefire-test-report.xsd" name="org.apache.hadoop.ozone.client.rpc.TestOzoneClientRetriesOnException" time="79.991" tests="2" errors="0" skipped="0" failures="1">
  <properties>
    <property name="awt.toolkit" value="sun.awt.X11.XToolkit"/>
    <property name="file.encoding.pkg" value="sun.io"/>
    <property name="java.specification.version" value="1.8"/>
    <property name="sun.cpu.isalist" value=""/>
    <property name="sun.jnu.encoding" value="ANSI_X3.4-1968"/>
    <property name="java.class.path" value="/github/workspace/mnt/ozone/hadoop-ozone/integration-test/target/test-classes:/github/workspace/mnt/ozone/hadoop-ozone/integration-test/target/classes:/home/user/.m2/repository/org/apache/hadoop/hadoop-ozone-common/1.1.0-SNAPSHOT/hadoop-ozone-common-1.1.0-SNAPSHOT.jar:/home/user/.m2/repository/org/apache/commons/commons-compress/1.4.1/commons-compress-1.4.1.jar:/home/user/.m2/repository/org/tukaani/xz/1.0/xz-1.0.jar:/home/user/.m2/repository/org/apache/hadoop/hadoop-hdds-common/1.1.0-SNAPSHOT/hadoop-hdds-common-1.1.0-SNAPSHOT.jar:/home/user/.m2/repository/org/apache/hadoop/hadoop-hdds-hadoop-dependency-client/1.1.0-SNAPSHOT/hadoop-hdds-hadoop-dependency-client-1.1.0-SNAPSHOT.jar:/home/user/.m2/repository/info/picocli/picocli/4.4.0/picocli-4.4.0.jar:/home/user/.m2/repository/com/fasterxml/jackson/core/jackson-annotations/2.10.3/jackson-annotations-2.10.3.jar:/home/user/.m2/repository/javax/annotation/javax.annotation-api/1.2/javax.annotation-api-1.2.jar:/home/user/.m2/repository/org/apache/ratis/ratis-server/1.1.0-11689cd-SNAPSHOT/ratis-server-1.1.0-11689cd-SNAPSHOT.jar:/home/user/.m2/repository/org/apache/ratis/ratis-client/1.1.0-11689cd-SNAPSHOT/ratis-client-1.1.0-11689cd-SNAPSHOT.jar:/home/user/.m2/repository/org/apache/ratis/ratis-metrics/1.1.0-11689cd-SNAPSHOT/ratis-metrics-1.1.0-11689cd-SNAPSHOT.jar:/home/user/.m2/repository/org/apache/ratis/ratis-netty/1.1.0-11689cd-SNAPSHOT/ratis-netty-1.1.0-11689cd-SNAPSHOT.jar:/home/user/.m2/repository/org/apache/ratis/ratis-grpc/1.1.0-11689cd-SNAPSHOT/ratis-grpc-1.1.0-11689cd-SNAPSHOT.jar:/home/user/.m2/repository/org/apache/logging/log4j/log4j-api/2.13.3/log4j-api-2.13.3.jar:/home/user/.m2/repository/org/apache/logging/log4j/log4j-core/2.13.3/log4j-core-2.13.3.jar:/home/user/.m2/repository/com/lmax/disruptor/3.4.2/disruptor-3.4.2.jar:/home/user/.m2/repository/org/apache/commons/commons-pool2/2.6.0/commons-pool2-2.6.0.jar:/home/user/.m2/repository/org/bouncycastle/bcpkix-jdk15on/1.60/bcpkix-jdk15on-1.60.jar:/home/user/.m2/repository/commons-validator/commons-validator/1.6/commons-validator-1.6.jar:/home/user/.m2/repository/commons-digester/commons-digester/1.8.1/commons-digester-1.8.1.jar:/home/user/.m2/repository/io/jaegertracing/jaeger-client/1.2.0/jaeger-client-1.2.0.jar:/home/user/.m2/repository/io/jaegertracing/jaeger-thrift/1.2.0/jaeger-thrift-1.2.0.jar:/home/user/.m2/repository/org/apache/thrift/libthrift/0.13.0/libthrift-0.13.0.jar:/home/user/.m2/repository/com/squareup/okhttp3/okhttp/4.2.2/okhttp-4.2.2.jar:/home/user/.m2/repository/com/squareup/okio/okio/2.2.2/okio-2.2.2.jar:/home/user/.m2/repository/org/jetbrains/kotlin/kotlin-stdlib/1.3.50/kotlin-stdlib-1.3.50.jar:/home/user/.m2/repository/org/jetbrains/kotlin/kotlin-stdlib-common/1.3.50/kotlin-stdlib-common-1.3.50.jar:/home/user/.m2/repository/org/jetbrains/annotations/13.0/annotations-13.0.jar:/home/user/.m2/repository/io/jaegertracing/jaeger-core/1.2.0/jaeger-core-1.2.0.jar:/home/user/.m2/repository/io/jaegertracing/jaeger-tracerresolver/1.2.0/jaeger-tracerresolver-1.2.0.jar:/home/user/.m2/repository/io/opentracing/contrib/opentracing-tracerresolver/0.1.8/opentracing-tracerresolver-0.1.8.jar:/home/user/.m2/repository/io/opentracing/opentracing-util/0.33.0/opentracing-util-0.33.0.jar:/home/user/.m2/repository/io/opentracing/opentracing-api/0.33.0/opentracing-api-0.33.0.jar:/home/user/.m2/repository/io/opentracing/opentracing-noop/0.33.0/opentracing-noop-0.33.0.jar:/home/user/.m2/repository/org/apache/hadoop/hadoop-hdds-client/1.1.0-SNAPSHOT/hadoop-hdds-client-1.1.0-SNAPSHOT.jar:/home/user/.m2/repository/org/apache/hadoop/hadoop-ozone-interface-client/1.1.0-SNAPSHOT/hadoop-ozone-interface-client-1.1.0-SNAPSHOT.jar:/home/user/.m2/repository/org/apache/hadoop/hadoop-hdds-test-utils/1.1.0-SNAPSHOT/hadoop-hdds-test-utils-1.1.0-SNAPSHOT.jar:/home/user/.m2/repository/com/google/guava/guava/28.2-jre/guava-28.2-jre.jar:/home/user/.m2/repository/com/google/guava/failureaccess/1.0.1/failureaccess-1.0.1.jar:/home/user/.m2/repository/com/google/guava/listenablefuture/9999.0-empty-to-avoid-conflict-with-guava/listenablefuture-9999.0-empty-to-avoid-conflict-with-guava.jar:/home/user/.m2/repository/com/google/code/findbugs/jsr305/3.0.0/jsr305-3.0.0.jar:/home/user/.m2/repository/org/checkerframework/checker-qual/2.10.0/checker-qual-2.10.0.jar:/home/user/.m2/repository/com/google/errorprone/error_prone_annotations/2.2.0/error_prone_annotations-2.2.0.jar:/home/user/.m2/repository/com/google/j2objc/j2objc-annotations/1.3/j2objc-annotations-1.3.jar:/home/user/.m2/repository/commons-io/commons-io/2.5/commons-io-2.5.jar:/home/user/.m2/repository/commons-logging/commons-logging/1.2/commons-logging-1.2.jar:/home/user/.m2/repository/log4j/log4j/1.2.17/log4j-1.2.17.jar:/home/user/.m2/repository/org/slf4j/slf4j-api/1.7.25/slf4j-api-1.7.25.jar:/home/user/.m2/repository/org/apache/hadoop/hadoop-hdds-server-scm/1.1.0-SNAPSHOT/hadoop-hdds-server-scm-1.1.0-SNAPSHOT.jar:/home/user/.m2/repository/org/apache/hadoop/hadoop-hdds-container-service/1.1.0-SNAPSHOT/hadoop-hdds-container-service-1.1.0-SNAPSHOT.jar:/home/user/.m2/repository/org/apache/hadoop/hadoop-hdds-hadoop-dependency-server/1.1.0-SNAPSHOT/hadoop-hdds-hadoop-dependency-server-1.1.0-SNAPSHOT.jar:/home/user/.m2/repository/org/apache/hadoop/hadoop-hdds-server-framework/1.1.0-SNAPSHOT/hadoop-hdds-server-framework-1.1.0-SNAPSHOT.jar:/home/user/.m2/repository/org/apache/hadoop/hadoop-hdds-interface-server/1.1.0-SNAPSHOT/hadoop-hdds-interface-server-1.1.0-SNAPSHOT.jar:/home/user/.m2/repository/org/apache/hadoop/hadoop-hdds-interface-admin/1.1.0-SNAPSHOT/hadoop-hdds-interface-admin-1.1.0-SNAPSHOT.jar:/home/user/.m2/repository/org/rocksdb/rocksdbjni/6.8.1/rocksdbjni-6.8.1.jar:/home/user/.m2/repository/io/prometheus/simpleclient_dropwizard/0.7.0/simpleclient_dropwizard-0.7.0.jar:/home/user/.m2/repository/io/prometheus/simpleclient/0.7.0/simpleclient-0.7.0.jar:/home/user/.m2/repository/io/prometheus/simpleclient_common/0.7.0/simpleclient_common-0.7.0.jar:/home/user/.m2/repository/com/fasterxml/jackson/datatype/jackson-datatype-jsr310/2.10.3/jackson-datatype-jsr310-2.10.3.jar:/home/user/.m2/repository/io/dropwizard/metrics/metrics-core/3.2.4/metrics-core-3.2.4.jar:/home/user/.m2/repository/org/apache/hadoop/hadoop-hdfs-client/3.2.1/hadoop-hdfs-client-3.2.1.jar:/home/user/.m2/repository/org/bouncycastle/bcprov-jdk15on/1.60/bcprov-jdk15on-1.60.jar:/home/user/.m2/repository/org/apache/hadoop/hadoop-ozone-ozone-manager/1.1.0-SNAPSHOT/hadoop-ozone-ozone-manager-1.1.0-SNAPSHOT.jar:/home/user/.m2/repository/org/apache/hadoop/hadoop-hdds-interface-client/1.1.0-SNAPSHOT/hadoop-hdds-interface-client-1.1.0-SNAPSHOT.jar:/home/user/.m2/repository/org/apache/ratis/ratis-thirdparty-misc/0.6.0-SNAPSHOT/ratis-thirdparty-misc-0.6.0-SNAPSHOT.jar:/home/user/.m2/repository/org/apache/hadoop/hadoop-ozone-interface-storage/1.1.0-SNAPSHOT/hadoop-ozone-interface-storage-1.1.0-SNAPSHOT.jar:/home/user/.m2/repository/org/apache/hadoop/hadoop-minikdc/3.2.1/hadoop-minikdc-3.2.1.jar:/home/user/.m2/repository/org/apache/kerby/kerb-simplekdc/1.0.1/kerb-simplekdc-1.0.1.jar:/home/user/.m2/repository/org/apache/kerby/kerb-client/1.0.1/kerb-client-1.0.1.jar:/home/user/.m2/repository/org/apache/kerby/kerby-config/1.0.1/kerby-config-1.0.1.jar:/home/user/.m2/repository/org/apache/kerby/kerb-core/1.0.1/kerb-core-1.0.1.jar:/home/user/.m2/repository/org/apache/kerby/kerby-pkix/1.0.1/kerby-pkix-1.0.1.jar:/home/user/.m2/repository/org/apache/kerby/kerby-asn1/1.0.1/kerby-asn1-1.0.1.jar:/home/user/.m2/repository/org/apache/kerby/kerby-util/1.0.1/kerby-util-1.0.1.jar:/home/user/.m2/repository/org/apache/kerby/kerb-common/1.0.1/kerb-common-1.0.1.jar:/home/user/.m2/repository/org/apache/kerby/kerb-crypto/1.0.1/kerb-crypto-1.0.1.jar:/home/user/.m2/repository/org/apache/kerby/kerb-util/1.0.1/kerb-util-1.0.1.jar:/home/user/.m2/repository/org/apache/kerby/token-provider/1.0.1/token-provider-1.0.1.jar:/home/user/.m2/repository/org/apache/kerby/kerb-admin/1.0.1/kerb-admin-1.0.1.jar:/home/user/.m2/repository/org/apache/kerby/kerb-server/1.0.1/kerb-server-1.0.1.jar:/home/user/.m2/repository/org/apache/kerby/kerb-identity/1.0.1/kerb-identity-1.0.1.jar:/home/user/.m2/repository/org/apache/kerby/kerby-xdr/1.0.1/kerby-xdr-1.0.1.jar:/home/user/.m2/repository/org/slf4j/slf4j-log4j12/1.7.25/slf4j-log4j12-1.7.25.jar:/home/user/.m2/repository/org/apache/hadoop/hadoop-ozone-s3gateway/1.1.0-SNAPSHOT/hadoop-ozone-s3gateway-1.1.0-SNAPSHOT.jar:/home/user/.m2/repository/org/jboss/weld/servlet/weld-servlet/2.4.7.Final/weld-servlet-2.4.7.Final.jar:/home/user/.m2/repository/org/glassfish/jersey/containers/jersey-container-servlet-core/2.27/jersey-container-servlet-core-2.27.jar:/home/user/.m2/repository/org/glassfish/hk2/external/javax.inject/2.5.0-b42/javax.inject-2.5.0-b42.jar:/home/user/.m2/repository/org/glassfish/jersey/core/jersey-common/2.27/jersey-common-2.27.jar:/home/user/.m2/repository/org/glassfish/hk2/osgi-resource-locator/1.0.1/osgi-resource-locator-1.0.1.jar:/home/user/.m2/repository/javax/ws/rs/javax.ws.rs-api/2.1/javax.ws.rs-api-2.1.jar:/home/user/.m2/repository/org/glassfish/jersey/ext/cdi/jersey-cdi1x/2.27/jersey-cdi1x-2.27.jar:/home/user/.m2/repository/org/glassfish/jersey/inject/jersey-hk2/2.27/jersey-hk2-2.27.jar:/home/user/.m2/repository/org/glassfish/hk2/hk2-locator/2.5.0-b42/hk2-locator-2.5.0-b42.jar:/home/user/.m2/repository/org/javassist/javassist/3.22.0-CR2/javassist-3.22.0-CR2.jar:/home/user/.m2/repository/org/glassfish/hk2/hk2-api/2.5.0/hk2-api-2.5.0.jar:/home/user/.m2/repository/org/glassfish/hk2/external/jakarta.inject/2.5.0/jakarta.inject-2.5.0.jar:/home/user/.m2/repository/org/glassfish/hk2/hk2-utils/2.5.0/hk2-utils-2.5.0.jar:/home/user/.m2/repository/jakarta/annotation/jakarta.annotation-api/1.3.4/jakarta.annotation-api-1.3.4.jar:/home/user/.m2/repository/org/glassfish/hk2/external/aopalliance-repackaged/2.5.0/aopalliance-repackaged-2.5.0.jar:/home/user/.m2/repository/com/fasterxml/jackson/dataformat/jackson-dataformat-xml/2.10.3/jackson-dataformat-xml-2.10.3.jar:/home/user/.m2/repository/com/fasterxml/jackson/core/jackson-core/2.10.3/jackson-core-2.10.3.jar:/home/user/.m2/repository/com/fasterxml/jackson/module/jackson-module-jaxb-annotations/2.10.3/jackson-module-jaxb-annotations-2.10.3.jar:/home/user/.m2/repository/jakarta/xml/bind/jakarta.xml.bind-api/2.3.2/jakarta.xml.bind-api-2.3.2.jar:/home/user/.m2/repository/jakarta/activation/jakarta.activation-api/1.2.1/jakarta.activation-api-1.2.1.jar:/home/user/.m2/repository/org/codehaus/woodstox/stax2-api/3.1.4/stax2-api-3.1.4.jar:/home/user/.m2/repository/com/fasterxml/woodstox/woodstox-core/5.0.3/woodstox-core-5.0.3.jar:/home/user/.m2/repository/javax/enterprise/cdi-api/1.2/cdi-api-1.2.jar:/home/user/.m2/repository/javax/el/javax.el-api/3.0.0/javax.el-api-3.0.0.jar:/home/user/.m2/repository/javax/interceptor/javax.interceptor-api/1.2/javax.interceptor-api-1.2.jar:/home/user/.m2/repository/javax/inject/javax.inject/1/javax.inject-1.jar:/home/user/.m2/repository/com/sun/xml/bind/jaxb-impl/2.3.0.1/jaxb-impl-2.3.0.1.jar:/home/user/.m2/repository/com/sun/xml/bind/jaxb-core/2.3.0.1/jaxb-core-2.3.0.1.jar:/home/user/.m2/repository/javax/xml/bind/jaxb-api/2.3.0/jaxb-api-2.3.0.jar:/home/user/.m2/repository/javax/activation/activation/1.1.1/activation-1.1.1.jar:/home/user/.m2/repository/org/apache/hadoop/hadoop-ozone-csi/1.1.0-SNAPSHOT/hadoop-ozone-csi-1.1.0-SNAPSHOT.jar:/home/user/.m2/repository/com/google/protobuf/protobuf-java-util/3.11.0/protobuf-java-util-3.11.0.jar:/home/user/.m2/repository/com/google/code/gson/gson/2.2.4/gson-2.2.4.jar:/home/user/.m2/repository/org/apache/hadoop/hadoop-hdds-config/1.1.0-SNAPSHOT/hadoop-hdds-config-1.1.0-SNAPSHOT.jar:/home/user/.m2/repository/com/google/protobuf/protobuf-java/2.5.0/protobuf-java-2.5.0.jar:/home/user/.m2/repository/io/grpc/grpc-netty/1.29.0/grpc-netty-1.29.0.jar:/home/user/.m2/repository/io/grpc/grpc-core/1.29.0/grpc-core-1.29.0.jar:/home/user/.m2/repository/com/google/android/annotations/4.1.1.4/annotations-4.1.1.4.jar:/home/user/.m2/repository/io/perfmark/perfmark-api/0.19.0/perfmark-api-0.19.0.jar:/home/user/.m2/repository/io/netty/netty-codec-http2/4.1.48.Final/netty-codec-http2-4.1.48.Final.jar:/home/user/.m2/repository/io/netty/netty-codec/4.1.48.Final/netty-codec-4.1.48.Final.jar:/home/user/.m2/repository/io/netty/netty-handler/4.1.48.Final/netty-handler-4.1.48.Final.jar:/home/user/.m2/repository/io/netty/netty-codec-http/4.1.48.Final/netty-codec-http-4.1.48.Final.jar:/home/user/.m2/repository/io/netty/netty-handler-proxy/4.1.48.Final/netty-handler-proxy-4.1.48.Final.jar:/home/user/.m2/repository/io/netty/netty-codec-socks/4.1.48.Final/netty-codec-socks-4.1.48.Final.jar:/home/user/.m2/repository/io/netty/netty-transport-native-epoll/4.1.48.Final/netty-transport-native-epoll-4.1.48.Final.jar:/home/user/.m2/repository/io/netty/netty-common/4.1.48.Final/netty-common-4.1.48.Final.jar:/home/user/.m2/repository/io/netty/netty-buffer/4.1.48.Final/netty-buffer-4.1.48.Final.jar:/home/user/.m2/repository/io/netty/netty-transport/4.1.48.Final/netty-transport-4.1.48.Final.jar:/home/user/.m2/repository/io/netty/netty-resolver/4.1.48.Final/netty-resolver-4.1.48.Final.jar:/home/user/.m2/repository/io/netty/netty-transport-native-unix-common/4.1.48.Final/netty-transport-native-unix-common-4.1.48.Final.jar:/home/user/.m2/repository/io/grpc/grpc-protobuf/1.29.0/grpc-protobuf-1.29.0.jar:/home/user/.m2/repository/io/grpc/grpc-api/1.29.0/grpc-api-1.29.0.jar:/home/user/.m2/repository/io/grpc/grpc-context/1.29.0/grpc-context-1.29.0.jar:/home/user/.m2/repository/org/codehaus/mojo/animal-sniffer-annotations/1.18/animal-sniffer-annotations-1.18.jar:/home/user/.m2/repository/com/google/api/grpc/proto-google-common-protos/1.17.0/proto-google-common-protos-1.17.0.jar:/home/user/.m2/repository/io/grpc/grpc-protobuf-lite/1.29.0/grpc-protobuf-lite-1.29.0.jar:/home/user/.m2/repository/io/grpc/grpc-stub/1.29.0/grpc-stub-1.29.0.jar:/home/user/.m2/repository/org/apache/hadoop/hadoop-ozone-recon/1.1.0-SNAPSHOT/hadoop-ozone-recon-1.1.0-SNAPSHOT.jar:/home/user/.m2/repository/org/apache/hadoop/hadoop-ozone-reconcodegen/1.1.0-SNAPSHOT/hadoop-ozone-reconcodegen-1.1.0-SNAPSHOT.jar:/home/user/.m2/repository/com/google/inject/extensions/guice-multibindings/4.0/guice-multibindings-4.0.jar:/home/user/.m2/repository/com/google/inject/guice/4.0/guice-4.0.jar:/home/user/.m2/repository/aopalliance/aopalliance/1.0/aopalliance-1.0.jar:/home/user/.m2/repository/com/google/inject/extensions/guice-assistedinject/4.0/guice-assistedinject-4.0.jar:/home/user/.m2/repository/com/google/inject/extensions/guice-servlet/4.0/guice-servlet-4.0.jar:/home/user/.m2/repository/org/glassfish/jersey/containers/jersey-container-servlet/2.27/jersey-container-servlet-2.27.jar:/home/user/.m2/repository/org/glassfish/hk2/guice-bridge/2.5.0/guice-bridge-2.5.0.jar:/home/user/.m2/repository/org/glassfish/jersey/core/jersey-server/2.27/jersey-server-2.27.jar:/home/user/.m2/repository/org/glassfish/jersey/core/jersey-client/2.27/jersey-client-2.27.jar:/home/user/.m2/repository/org/glassfish/jersey/media/jersey-media-jaxb/2.27/jersey-media-jaxb-2.27.jar:/home/user/.m2/repository/javax/validation/validation-api/1.1.0.Final/validation-api-1.1.0.Final.jar:/home/user/.m2/repository/org/glassfish/jersey/media/jersey-media-json-jackson/2.27/jersey-media-json-jackson-2.27.jar:/home/user/.m2/repository/org/glassfish/jersey/ext/jersey-entity-filtering/2.27/jersey-entity-filtering-2.27.jar:/home/user/.m2/repository/org/jooq/jooq/3.11.10/jooq-3.11.10.jar:/home/user/.m2/repository/org/jooq/jooq-meta/3.11.10/jooq-meta-3.11.10.jar:/home/user/.m2/repository/org/jooq/jooq-codegen/3.11.10/jooq-codegen-3.11.10.jar:/home/user/.m2/repository/com/jolbox/bonecp/0.8.0.RELEASE/bonecp-0.8.0.RELEASE.jar:/home/user/.m2/repository/org/apache/derby/derby/10.14.2.0/derby-10.14.2.0.jar:/home/user/.m2/repository/org/xerial/sqlite-jdbc/3.25.2/sqlite-jdbc-3.25.2.jar:/home/user/.m2/repository/org/springframework/spring-jdbc/5.2.5.RELEASE/spring-jdbc-5.2.5.RELEASE.jar:/home/user/.m2/repository/org/springframework/spring-beans/5.2.5.RELEASE/spring-beans-5.2.5.RELEASE.jar:/home/user/.m2/repository/org/springframework/spring-core/5.2.5.RELEASE/spring-core-5.2.5.RELEASE.jar:/home/user/.m2/repository/org/springframework/spring-jcl/5.2.5.RELEASE/spring-jcl-5.2.5.RELEASE.jar:/home/user/.m2/repository/org/springframework/spring-tx/5.2.5.RELEASE/spring-tx-5.2.5.RELEASE.jar:/home/user/.m2/repository/org/apache/hadoop/hadoop-ozone-client/1.1.0-SNAPSHOT/hadoop-ozone-client-1.1.0-SNAPSHOT.jar:/home/user/.m2/repository/org/apache/hadoop/hadoop-ozone-filesystem/1.1.0-SNAPSHOT/hadoop-ozone-filesystem-1.1.0-SNAPSHOT.jar:/home/user/.m2/repository/org/apache/hadoop/hadoop-ozone-filesystem-common/1.1.0-SNAPSHOT/hadoop-ozone-filesystem-common-1.1.0-SNAPSHOT.jar:/home/user/.m2/repository/org/apache/hadoop/hadoop-ozone-tools/1.1.0-SNAPSHOT/hadoop-ozone-tools-1.1.0-SNAPSHOT.jar:/home/user/.m2/repository/org/apache/hadoop/hadoop-hdfs/3.2.1/hadoop-hdfs-3.2.1.jar:/home/user/.m2/repository/org/apache/ratis/ratis-tools/1.1.0-11689cd-SNAPSHOT/ratis-tools-1.1.0-11689cd-SNAPSHOT.jar:/home/user/.m2/repository/org/apache/ratis/ratis-proto/1.1.0-11689cd-SNAPSHOT/ratis-proto-1.1.0-11689cd-SNAPSHOT.jar:/home/user/.m2/repository/org/apache/ratis/ratis-common/1.1.0-11689cd-SNAPSHOT/ratis-common-1.1.0-11689cd-SNAPSHOT.jar:/home/user/.m2/repository/com/amazonaws/aws-java-sdk-core/1.11.615/aws-java-sdk-core-1.11.615.jar:/home/user/.m2/repository/org/apache/httpcomponents/httpclient/4.5.2/httpclient-4.5.2.jar:/home/user/.m2/repository/org/apache/httpcomponents/httpcore/4.4.4/httpcore-4.4.4.jar:/home/user/.m2/repository/software/amazon/ion/ion-java/1.0.2/ion-java-1.0.2.jar:/home/user/.m2/repository/com/fasterxml/jackson/dataformat/jackson-dataformat-cbor/2.10.3/jackson-dataformat-cbor-2.10.3.jar:/home/user/.m2/repository/joda-time/joda-time/2.8.1/joda-time-2.8.1.jar:/home/user/.m2/repository/com/amazonaws/aws-java-sdk-s3/1.11.615/aws-java-sdk-s3-1.11.615.jar:/home/user/.m2/repository/com/amazonaws/aws-java-sdk-kms/1.11.615/aws-java-sdk-kms-1.11.615.jar:/home/user/.m2/repository/com/amazonaws/jmespath-java/1.11.615/jmespath-java-1.11.615.jar:/home/user/.m2/repository/org/kohsuke/metainf-services/metainf-services/1.8/metainf-services-1.8.jar:/home/user/.m2/repository/org/apache/hadoop/hadoop-hdds-tools/1.1.0-SNAPSHOT/hadoop-hdds-tools-1.1.0-SNAPSHOT.jar:/home/user/.m2/repository/commons-cli/commons-cli/1.2/commons-cli-1.2.jar:/home/user/.m2/repository/org/apache/commons/commons-lang3/3.7/commons-lang3-3.7.jar:/home/user/.m2/repository/org/apache/hadoop/hadoop-ozone-ozone-manager/1.1.0-SNAPSHOT/hadoop-ozone-ozone-manager-1.1.0-SNAPSHOT-tests.jar:/home/user/.m2/repository/junit/junit/4.11/junit-4.11.jar:/home/user/.m2/repository/org/hamcrest/hamcrest-core/1.3/hamcrest-core-1.3.jar:/home/user/.m2/repository/org/openjdk/jmh/jmh-core/1.19/jmh-core-1.19.jar:/home/user/.m2/repository/net/sf/jopt-simple/jopt-simple/4.6/jopt-simple-4.6.jar:/home/user/.m2/repository/org/apache/commons/commons-math3/3.1.1/commons-math3-3.1.1.jar:/home/user/.m2/repository/org/openjdk/jmh/jmh-generator-annprocess/1.19/jmh-generator-annprocess-1.19.jar:/home/user/.m2/repository/org/mockito/mockito-all/1.8.5/mockito-all-1.8.5.jar:/home/user/.m2/repository/org/apache/hadoop/hadoop-kms/3.2.1/hadoop-kms-3.2.1.jar:/home/user/.m2/repository/org/apache/hadoop/hadoop-auth/3.2.1/hadoop-auth-3.2.1.jar:/home/user/.m2/repository/com/nimbusds/nimbus-jose-jwt/7.9/nimbus-jose-jwt-7.9.jar:/home/user/.m2/repository/com/github/stephenc/jcip/jcip-annotations/1.0-1/jcip-annotations-1.0-1.jar:/home/user/.m2/repository/net/minidev/json-smart/2.3/json-smart-2.3.jar:/home/user/.m2/repository/net/minidev/accessors-smart/1.2/accessors-smart-1.2.jar:/home/user/.m2/repository/org/ow2/asm/asm/5.0.4/asm-5.0.4.jar:/home/user/.m2/repository/org/apache/zookeeper/zookeeper/3.4.13/zookeeper-3.4.13.jar:/home/user/.m2/repository/org/apache/yetus/audience-annotations/0.5.0/audience-annotations-0.5.0.jar:/home/user/.m2/repository/org/apache/curator/curator-framework/2.13.0/curator-framework-2.13.0.jar:/home/user/.m2/repository/com/sun/jersey/jersey-core/1.19/jersey-core-1.19.jar:/home/user/.m2/repository/javax/ws/rs/jsr311-api/1.1.1/jsr311-api-1.1.1.jar:/home/user/.m2/repository/com/sun/jersey/jersey-server/1.19/jersey-server-1.19.jar:/home/user/.m2/repository/javax/servlet/javax.servlet-api/3.1.0/javax.servlet-api-3.1.0.jar:/home/user/.m2/repository/org/eclipse/jetty/jetty-server/9.4.26.v20200117/jetty-server-9.4.26.v20200117.jar:/home/user/.m2/repository/org/eclipse/jetty/jetty-http/9.4.26.v20200117/jetty-http-9.4.26.v20200117.jar:/home/user/.m2/repository/org/eclipse/jetty/jetty-io/9.4.26.v20200117/jetty-io-9.4.26.v20200117.jar:/home/user/.m2/repository/org/eclipse/jetty/jetty-webapp/9.4.26.v20200117/jetty-webapp-9.4.26.v20200117.jar:/home/user/.m2/repository/org/eclipse/jetty/jetty-xml/9.4.26.v20200117/jetty-xml-9.4.26.v20200117.jar:/home/user/.m2/repository/org/eclipse/jetty/jetty-servlet/9.4.26.v20200117/jetty-servlet-9.4.26.v20200117.jar:/home/user/.m2/repository/org/eclipse/jetty/jetty-security/9.4.26.v20200117/jetty-security-9.4.26.v20200117.jar:/home/user/.m2/repository/org/apache/hadoop/hadoop-common/3.2.1/hadoop-common-3.2.1.jar:/home/user/.m2/repository/commons-net/commons-net/3.6/commons-net-3.6.jar:/home/user/.m2/repository/commons-collections/commons-collections/3.2.2/commons-collections-3.2.2.jar:/home/user/.m2/repository/com/sun/jersey/jersey-servlet/1.19/jersey-servlet-1.19.jar:/home/user/.m2/repository/com/sun/jersey/jersey-json/1.19/jersey-json-1.19.jar:/home/user/.m2/repository/org/codehaus/jettison/jettison/1.1/jettison-1.1.jar:/home/user/.m2/repository/org/codehaus/jackson/jackson-jaxrs/1.9.2/jackson-jaxrs-1.9.2.jar:/home/user/.m2/repository/org/codehaus/jackson/jackson-xc/1.9.2/jackson-xc-1.9.2.jar:/home/user/.m2/repository/commons-beanutils/commons-beanutils/1.9.4/commons-beanutils-1.9.4.jar:/home/user/.m2/repository/org/apache/commons/commons-configuration2/2.1.1/commons-configuration2-2.1.1.jar:/home/user/.m2/repository/org/apache/commons/commons-text/1.4/commons-text-1.4.jar:/home/user/.m2/repository/com/google/re2j/re2j/1.1/re2j-1.1.jar:/home/user/.m2/repository/com/jcraft/jsch/0.1.54/jsch-0.1.54.jar:/home/user/.m2/repository/org/apache/curator/curator-client/2.13.0/curator-client-2.13.0.jar:/home/user/.m2/repository/org/apache/curator/curator-recipes/2.13.0/curator-recipes-2.13.0.jar:/home/user/.m2/repository/dnsjava/dnsjava/2.1.7/dnsjava-2.1.7.jar:/home/user/.m2/repository/org/slf4j/jul-to-slf4j/1.7.25/jul-to-slf4j-1.7.25.jar:/home/user/.m2/repository/org/eclipse/jetty/jetty-util/9.4.26.v20200117/jetty-util-9.4.26.v20200117.jar:/home/user/.m2/repository/com/fasterxml/jackson/core/jackson-databind/2.10.3/jackson-databind-2.10.3.jar:/home/user/.m2/repository/org/apache/hadoop/hadoop-kms/3.2.1/hadoop-kms-3.2.1-tests.jar:/home/user/.m2/repository/org/apache/hadoop/hadoop-hdds-server-scm/1.1.0-SNAPSHOT/hadoop-hdds-server-scm-1.1.0-SNAPSHOT-tests.jar:/home/user/.m2/repository/org/apache/hadoop/hadoop-hdds-container-service/1.1.0-SNAPSHOT/hadoop-hdds-container-service-1.1.0-SNAPSHOT-tests.jar:/home/user/.m2/repository/org/apache/hadoop/hadoop-hdds-common/1.1.0-SNAPSHOT/hadoop-hdds-common-1.1.0-SNAPSHOT-tests.jar:/home/user/.m2/repository/org/yaml/snakeyaml/1.16/snakeyaml-1.16.jar:/home/user/.m2/repository/org/apache/hadoop/hadoop-hdds-hadoop-dependency-test/1.1.0-SNAPSHOT/hadoop-hdds-hadoop-dependency-test-1.1.0-SNAPSHOT.jar:/home/user/.m2/repository/org/apache/hadoop/hadoop-common/3.2.1/hadoop-common-3.2.1-tests.jar:/home/user/.m2/repository/javax/servlet/jsp/jsp-api/2.1/jsp-api-2.1.jar:/home/user/.m2/repository/org/apache/hadoop/hadoop-hdfs/3.2.1/hadoop-hdfs-3.2.1-tests.jar:/home/user/.m2/repository/org/eclipse/jetty/jetty-util-ajax/9.4.26.v20200117/jetty-util-ajax-9.4.26.v20200117.jar:/home/user/.m2/repository/commons-codec/commons-codec/1.11/commons-codec-1.11.jar:/home/user/.m2/repository/commons-daemon/commons-daemon/1.0.13/commons-daemon-1.0.13.jar:/home/user/.m2/repository/io/netty/netty/3.10.5.Final/netty-3.10.5.Final.jar:/home/user/.m2/repository/io/netty/netty-all/4.1.48.Final/netty-all-4.1.48.Final.jar:/home/user/.m2/repository/org/apache/htrace/htrace-core4/4.1.0-incubating/htrace-core4-4.1.0-incubating.jar:/home/user/.m2/repository/org/fusesource/leveldbjni/leveldbjni-all/1.8/leveldbjni-all-1.8.jar:/home/user/.m2/repository/org/apache/hadoop/hadoop-distcp/3.2.1/hadoop-distcp-3.2.1.jar:/home/user/.m2/repository/org/apache/hadoop/hadoop-mapreduce-client-jobclient/3.2.1/hadoop-mapreduce-client-jobclient-3.2.1.jar:/home/user/.m2/repository/org/apache/hadoop/hadoop-mapreduce-client-common/3.2.1/hadoop-mapreduce-client-common-3.2.1.jar:/home/user/.m2/repository/org/apache/hadoop/hadoop-yarn-common/3.2.1/hadoop-yarn-common-3.2.1.jar:/home/user/.m2/repository/org/apache/hadoop/hadoop-yarn-api/3.2.1/hadoop-yarn-api-3.2.1.jar:/home/user/.m2/repository/com/sun/jersey/jersey-client/1.19/jersey-client-1.19.jar:/home/user/.m2/repository/com/sun/jersey/contribs/jersey-guice/1.19/jersey-guice-1.19.jar:/home/user/.m2/repository/com/fasterxml/jackson/jaxrs/jackson-jaxrs-json-provider/2.10.3/jackson-jaxrs-json-provider-2.10.3.jar:/home/user/.m2/repository/com/fasterxml/jackson/jaxrs/jackson-jaxrs-base/2.10.3/jackson-jaxrs-base-2.10.3.jar:/home/user/.m2/repository/org/apache/hadoop/hadoop-yarn-client/3.2.1/hadoop-yarn-client-3.2.1.jar:/home/user/.m2/repository/org/apache/hadoop/hadoop-mapreduce-client-core/3.2.1/hadoop-mapreduce-client-core-3.2.1.jar:/home/user/.m2/repository/org/apache/avro/avro/1.7.7/avro-1.7.7.jar:/home/user/.m2/repository/org/codehaus/jackson/jackson-core-asl/1.9.13/jackson-core-asl-1.9.13.jar:/home/user/.m2/repository/org/codehaus/jackson/jackson-mapper-asl/1.9.13/jackson-mapper-asl-1.9.13.jar:/home/user/.m2/repository/com/thoughtworks/paranamer/paranamer/2.3/paranamer-2.3.jar:/home/user/.m2/repository/org/xerial/snappy/snappy-java/1.0.5/snappy-java-1.0.5.jar:/home/user/.m2/repository/org/apache/hadoop/hadoop-annotations/3.2.1/hadoop-annotations-3.2.1.jar:/usr/lib/jvm/java-1.8.0-openjdk-1.8.0.232.b09-0.el7_7.x86_64/jre/../lib/tools.jar:/home/user/.m2/repository/org/apache/hadoop/hadoop-distcp/3.2.1/hadoop-distcp-3.2.1-tests.jar:"/>
    <property name="java.vm.vendor" value="Oracle Corporation"/>
    <property name="sun.arch.data.model" value="64"/>
    <property name="test.build.dir" value="/github/workspace/mnt/ozone/hadoop-ozone/integration-test/target/test-dir"/>
    <property name="test.cache.data" value=""/>
    <property name="java.vendor.url" value="http://java.oracle.com/"/>
    <property name="user.timezone" value=""/>
    <property name="java.vm.specification.version" value="1.8"/>
    <property name="os.name" value="Linux"/>
    <property name="test.build.data" value="/github/workspace/mnt/ozone/hadoop-ozone/integration-test/target/test-dir"/>
    <property name="user.country" value="US"/>
    <property name="sun.java.launcher" value="SUN_STANDARD"/>
    <property name="sun.boot.library.path" value="/usr/lib/jvm/java-1.8.0-openjdk-1.8.0.232.b09-0.el7_7.x86_64/jre/lib/amd64"/>
    <property name="sun.java.command" value="/github/workspace/mnt/ozone/hadoop-ozone/integration-test/target/surefire/surefirebooter1372059793664884482.jar /github/workspace/mnt/ozone/hadoop-ozone/integration-test/target/surefire 2020-10-13T01-25-48_112-jvmRun1 surefire5711210259476038020tmp surefire_38420867529447039100tmp"/>
    <property name="surefire.test.class.path" value="/github/workspace/mnt/ozone/hadoop-ozone/integration-test/target/test-classes:/github/workspace/mnt/ozone/hadoop-ozone/integration-test/target/classes:/home/user/.m2/repository/org/apache/hadoop/hadoop-ozone-common/1.1.0-SNAPSHOT/hadoop-ozone-common-1.1.0-SNAPSHOT.jar:/home/user/.m2/repository/org/apache/commons/commons-compress/1.4.1/commons-compress-1.4.1.jar:/home/user/.m2/repository/org/tukaani/xz/1.0/xz-1.0.jar:/home/user/.m2/repository/org/apache/hadoop/hadoop-hdds-common/1.1.0-SNAPSHOT/hadoop-hdds-common-1.1.0-SNAPSHOT.jar:/home/user/.m2/repository/org/apache/hadoop/hadoop-hdds-hadoop-dependency-client/1.1.0-SNAPSHOT/hadoop-hdds-hadoop-dependency-client-1.1.0-SNAPSHOT.jar:/home/user/.m2/repository/info/picocli/picocli/4.4.0/picocli-4.4.0.jar:/home/user/.m2/repository/com/fasterxml/jackson/core/jackson-annotations/2.10.3/jackson-annotations-2.10.3.jar:/home/user/.m2/repository/javax/annotation/javax.annotation-api/1.2/javax.annotation-api-1.2.jar:/home/user/.m2/repository/org/apache/ratis/ratis-server/1.1.0-11689cd-SNAPSHOT/ratis-server-1.1.0-11689cd-SNAPSHOT.jar:/home/user/.m2/repository/org/apache/ratis/ratis-client/1.1.0-11689cd-SNAPSHOT/ratis-client-1.1.0-11689cd-SNAPSHOT.jar:/home/user/.m2/repository/org/apache/ratis/ratis-metrics/1.1.0-11689cd-SNAPSHOT/ratis-metrics-1.1.0-11689cd-SNAPSHOT.jar:/home/user/.m2/repository/org/apache/ratis/ratis-netty/1.1.0-11689cd-SNAPSHOT/ratis-netty-1.1.0-11689cd-SNAPSHOT.jar:/home/user/.m2/repository/org/apache/ratis/ratis-grpc/1.1.0-11689cd-SNAPSHOT/ratis-grpc-1.1.0-11689cd-SNAPSHOT.jar:/home/user/.m2/repository/org/apache/logging/log4j/log4j-api/2.13.3/log4j-api-2.13.3.jar:/home/user/.m2/repository/org/apache/logging/log4j/log4j-core/2.13.3/log4j-core-2.13.3.jar:/home/user/.m2/repository/com/lmax/disruptor/3.4.2/disruptor-3.4.2.jar:/home/user/.m2/repository/org/apache/commons/commons-pool2/2.6.0/commons-pool2-2.6.0.jar:/home/user/.m2/repository/org/bouncycastle/bcpkix-jdk15on/1.60/bcpkix-jdk15on-1.60.jar:/home/user/.m2/repository/commons-validator/commons-validator/1.6/commons-validator-1.6.jar:/home/user/.m2/repository/commons-digester/commons-digester/1.8.1/commons-digester-1.8.1.jar:/home/user/.m2/repository/io/jaegertracing/jaeger-client/1.2.0/jaeger-client-1.2.0.jar:/home/user/.m2/repository/io/jaegertracing/jaeger-thrift/1.2.0/jaeger-thrift-1.2.0.jar:/home/user/.m2/repository/org/apache/thrift/libthrift/0.13.0/libthrift-0.13.0.jar:/home/user/.m2/repository/com/squareup/okhttp3/okhttp/4.2.2/okhttp-4.2.2.jar:/home/user/.m2/repository/com/squareup/okio/okio/2.2.2/okio-2.2.2.jar:/home/user/.m2/repository/org/jetbrains/kotlin/kotlin-stdlib/1.3.50/kotlin-stdlib-1.3.50.jar:/home/user/.m2/repository/org/jetbrains/kotlin/kotlin-stdlib-common/1.3.50/kotlin-stdlib-common-1.3.50.jar:/home/user/.m2/repository/org/jetbrains/annotations/13.0/annotations-13.0.jar:/home/user/.m2/repository/io/jaegertracing/jaeger-core/1.2.0/jaeger-core-1.2.0.jar:/home/user/.m2/repository/io/jaegertracing/jaeger-tracerresolver/1.2.0/jaeger-tracerresolver-1.2.0.jar:/home/user/.m2/repository/io/opentracing/contrib/opentracing-tracerresolver/0.1.8/opentracing-tracerresolver-0.1.8.jar:/home/user/.m2/repository/io/opentracing/opentracing-util/0.33.0/opentracing-util-0.33.0.jar:/home/user/.m2/repository/io/opentracing/opentracing-api/0.33.0/opentracing-api-0.33.0.jar:/home/user/.m2/repository/io/opentracing/opentracing-noop/0.33.0/opentracing-noop-0.33.0.jar:/home/user/.m2/repository/org/apache/hadoop/hadoop-hdds-client/1.1.0-SNAPSHOT/hadoop-hdds-client-1.1.0-SNAPSHOT.jar:/home/user/.m2/repository/org/apache/hadoop/hadoop-ozone-interface-client/1.1.0-SNAPSHOT/hadoop-ozone-interface-client-1.1.0-SNAPSHOT.jar:/home/user/.m2/repository/org/apache/hadoop/hadoop-hdds-test-utils/1.1.0-SNAPSHOT/hadoop-hdds-test-utils-1.1.0-SNAPSHOT.jar:/home/user/.m2/repository/com/google/guava/guava/28.2-jre/guava-28.2-jre.jar:/home/user/.m2/repository/com/google/guava/failureaccess/1.0.1/failureaccess-1.0.1.jar:/home/user/.m2/repository/com/google/guava/listenablefuture/9999.0-empty-to-avoid-conflict-with-guava/listenablefuture-9999.0-empty-to-avoid-conflict-with-guava.jar:/home/user/.m2/repository/com/google/code/findbugs/jsr305/3.0.0/jsr305-3.0.0.jar:/home/user/.m2/repository/org/checkerframework/checker-qual/2.10.0/checker-qual-2.10.0.jar:/home/user/.m2/repository/com/google/errorprone/error_prone_annotations/2.2.0/error_prone_annotations-2.2.0.jar:/home/user/.m2/repository/com/google/j2objc/j2objc-annotations/1.3/j2objc-annotations-1.3.jar:/home/user/.m2/repository/commons-io/commons-io/2.5/commons-io-2.5.jar:/home/user/.m2/repository/commons-logging/commons-logging/1.2/commons-logging-1.2.jar:/home/user/.m2/repository/log4j/log4j/1.2.17/log4j-1.2.17.jar:/home/user/.m2/repository/org/slf4j/slf4j-api/1.7.25/slf4j-api-1.7.25.jar:/home/user/.m2/repository/org/apache/hadoop/hadoop-hdds-server-scm/1.1.0-SNAPSHOT/hadoop-hdds-server-scm-1.1.0-SNAPSHOT.jar:/home/user/.m2/repository/org/apache/hadoop/hadoop-hdds-container-service/1.1.0-SNAPSHOT/hadoop-hdds-container-service-1.1.0-SNAPSHOT.jar:/home/user/.m2/repository/org/apache/hadoop/hadoop-hdds-hadoop-dependency-server/1.1.0-SNAPSHOT/hadoop-hdds-hadoop-dependency-server-1.1.0-SNAPSHOT.jar:/home/user/.m2/repository/org/apache/hadoop/hadoop-hdds-server-framework/1.1.0-SNAPSHOT/hadoop-hdds-server-framework-1.1.0-SNAPSHOT.jar:/home/user/.m2/repository/org/apache/hadoop/hadoop-hdds-interface-server/1.1.0-SNAPSHOT/hadoop-hdds-interface-server-1.1.0-SNAPSHOT.jar:/home/user/.m2/repository/org/apache/hadoop/hadoop-hdds-interface-admin/1.1.0-SNAPSHOT/hadoop-hdds-interface-admin-1.1.0-SNAPSHOT.jar:/home/user/.m2/repository/org/rocksdb/rocksdbjni/6.8.1/rocksdbjni-6.8.1.jar:/home/user/.m2/repository/io/prometheus/simpleclient_dropwizard/0.7.0/simpleclient_dropwizard-0.7.0.jar:/home/user/.m2/repository/io/prometheus/simpleclient/0.7.0/simpleclient-0.7.0.jar:/home/user/.m2/repository/io/prometheus/simpleclient_common/0.7.0/simpleclient_common-0.7.0.jar:/home/user/.m2/repository/com/fasterxml/jackson/datatype/jackson-datatype-jsr310/2.10.3/jackson-datatype-jsr310-2.10.3.jar:/home/user/.m2/repository/io/dropwizard/metrics/metrics-core/3.2.4/metrics-core-3.2.4.jar:/home/user/.m2/repository/org/apache/hadoop/hadoop-hdfs-client/3.2.1/hadoop-hdfs-client-3.2.1.jar:/home/user/.m2/repository/org/bouncycastle/bcprov-jdk15on/1.60/bcprov-jdk15on-1.60.jar:/home/user/.m2/repository/org/apache/hadoop/hadoop-ozone-ozone-manager/1.1.0-SNAPSHOT/hadoop-ozone-ozone-manager-1.1.0-SNAPSHOT.jar:/home/user/.m2/repository/org/apache/hadoop/hadoop-hdds-interface-client/1.1.0-SNAPSHOT/hadoop-hdds-interface-client-1.1.0-SNAPSHOT.jar:/home/user/.m2/repository/org/apache/ratis/ratis-thirdparty-misc/0.6.0-SNAPSHOT/ratis-thirdparty-misc-0.6.0-SNAPSHOT.jar:/home/user/.m2/repository/org/apache/hadoop/hadoop-ozone-interface-storage/1.1.0-SNAPSHOT/hadoop-ozone-interface-storage-1.1.0-SNAPSHOT.jar:/home/user/.m2/repository/org/apache/hadoop/hadoop-minikdc/3.2.1/hadoop-minikdc-3.2.1.jar:/home/user/.m2/repository/org/apache/kerby/kerb-simplekdc/1.0.1/kerb-simplekdc-1.0.1.jar:/home/user/.m2/repository/org/apache/kerby/kerb-client/1.0.1/kerb-client-1.0.1.jar:/home/user/.m2/repository/org/apache/kerby/kerby-config/1.0.1/kerby-config-1.0.1.jar:/home/user/.m2/repository/org/apache/kerby/kerb-core/1.0.1/kerb-core-1.0.1.jar:/home/user/.m2/repository/org/apache/kerby/kerby-pkix/1.0.1/kerby-pkix-1.0.1.jar:/home/user/.m2/repository/org/apache/kerby/kerby-asn1/1.0.1/kerby-asn1-1.0.1.jar:/home/user/.m2/repository/org/apache/kerby/kerby-util/1.0.1/kerby-util-1.0.1.jar:/home/user/.m2/repository/org/apache/kerby/kerb-common/1.0.1/kerb-common-1.0.1.jar:/home/user/.m2/repository/org/apache/kerby/kerb-crypto/1.0.1/kerb-crypto-1.0.1.jar:/home/user/.m2/repository/org/apache/kerby/kerb-util/1.0.1/kerb-util-1.0.1.jar:/home/user/.m2/repository/org/apache/kerby/token-provider/1.0.1/token-provider-1.0.1.jar:/home/user/.m2/repository/org/apache/kerby/kerb-admin/1.0.1/kerb-admin-1.0.1.jar:/home/user/.m2/repository/org/apache/kerby/kerb-server/1.0.1/kerb-server-1.0.1.jar:/home/user/.m2/repository/org/apache/kerby/kerb-identity/1.0.1/kerb-identity-1.0.1.jar:/home/user/.m2/repository/org/apache/kerby/kerby-xdr/1.0.1/kerby-xdr-1.0.1.jar:/home/user/.m2/repository/org/slf4j/slf4j-log4j12/1.7.25/slf4j-log4j12-1.7.25.jar:/home/user/.m2/repository/org/apache/hadoop/hadoop-ozone-s3gateway/1.1.0-SNAPSHOT/hadoop-ozone-s3gateway-1.1.0-SNAPSHOT.jar:/home/user/.m2/repository/org/jboss/weld/servlet/weld-servlet/2.4.7.Final/weld-servlet-2.4.7.Final.jar:/home/user/.m2/repository/org/glassfish/jersey/containers/jersey-container-servlet-core/2.27/jersey-container-servlet-core-2.27.jar:/home/user/.m2/repository/org/glassfish/hk2/external/javax.inject/2.5.0-b42/javax.inject-2.5.0-b42.jar:/home/user/.m2/repository/org/glassfish/jersey/core/jersey-common/2.27/jersey-common-2.27.jar:/home/user/.m2/repository/org/glassfish/hk2/osgi-resource-locator/1.0.1/osgi-resource-locator-1.0.1.jar:/home/user/.m2/repository/javax/ws/rs/javax.ws.rs-api/2.1/javax.ws.rs-api-2.1.jar:/home/user/.m2/repository/org/glassfish/jersey/ext/cdi/jersey-cdi1x/2.27/jersey-cdi1x-2.27.jar:/home/user/.m2/repository/org/glassfish/jersey/inject/jersey-hk2/2.27/jersey-hk2-2.27.jar:/home/user/.m2/repository/org/glassfish/hk2/hk2-locator/2.5.0-b42/hk2-locator-2.5.0-b42.jar:/home/user/.m2/repository/org/javassist/javassist/3.22.0-CR2/javassist-3.22.0-CR2.jar:/home/user/.m2/repository/org/glassfish/hk2/hk2-api/2.5.0/hk2-api-2.5.0.jar:/home/user/.m2/repository/org/glassfish/hk2/external/jakarta.inject/2.5.0/jakarta.inject-2.5.0.jar:/home/user/.m2/repository/org/glassfish/hk2/hk2-utils/2.5.0/hk2-utils-2.5.0.jar:/home/user/.m2/repository/jakarta/annotation/jakarta.annotation-api/1.3.4/jakarta.annotation-api-1.3.4.jar:/home/user/.m2/repository/org/glassfish/hk2/external/aopalliance-repackaged/2.5.0/aopalliance-repackaged-2.5.0.jar:/home/user/.m2/repository/com/fasterxml/jackson/dataformat/jackson-dataformat-xml/2.10.3/jackson-dataformat-xml-2.10.3.jar:/home/user/.m2/repository/com/fasterxml/jackson/core/jackson-core/2.10.3/jackson-core-2.10.3.jar:/home/user/.m2/repository/com/fasterxml/jackson/module/jackson-module-jaxb-annotations/2.10.3/jackson-module-jaxb-annotations-2.10.3.jar:/home/user/.m2/repository/jakarta/xml/bind/jakarta.xml.bind-api/2.3.2/jakarta.xml.bind-api-2.3.2.jar:/home/user/.m2/repository/jakarta/activation/jakarta.activation-api/1.2.1/jakarta.activation-api-1.2.1.jar:/home/user/.m2/repository/org/codehaus/woodstox/stax2-api/3.1.4/stax2-api-3.1.4.jar:/home/user/.m2/repository/com/fasterxml/woodstox/woodstox-core/5.0.3/woodstox-core-5.0.3.jar:/home/user/.m2/repository/javax/enterprise/cdi-api/1.2/cdi-api-1.2.jar:/home/user/.m2/repository/javax/el/javax.el-api/3.0.0/javax.el-api-3.0.0.jar:/home/user/.m2/repository/javax/interceptor/javax.interceptor-api/1.2/javax.interceptor-api-1.2.jar:/home/user/.m2/repository/javax/inject/javax.inject/1/javax.inject-1.jar:/home/user/.m2/repository/com/sun/xml/bind/jaxb-impl/2.3.0.1/jaxb-impl-2.3.0.1.jar:/home/user/.m2/repository/com/sun/xml/bind/jaxb-core/2.3.0.1/jaxb-core-2.3.0.1.jar:/home/user/.m2/repository/javax/xml/bind/jaxb-api/2.3.0/jaxb-api-2.3.0.jar:/home/user/.m2/repository/javax/activation/activation/1.1.1/activation-1.1.1.jar:/home/user/.m2/repository/org/apache/hadoop/hadoop-ozone-csi/1.1.0-SNAPSHOT/hadoop-ozone-csi-1.1.0-SNAPSHOT.jar:/home/user/.m2/repository/com/google/protobuf/protobuf-java-util/3.11.0/protobuf-java-util-3.11.0.jar:/home/user/.m2/repository/com/google/code/gson/gson/2.2.4/gson-2.2.4.jar:/home/user/.m2/repository/org/apache/hadoop/hadoop-hdds-config/1.1.0-SNAPSHOT/hadoop-hdds-config-1.1.0-SNAPSHOT.jar:/home/user/.m2/repository/com/google/protobuf/protobuf-java/2.5.0/protobuf-java-2.5.0.jar:/home/user/.m2/repository/io/grpc/grpc-netty/1.29.0/grpc-netty-1.29.0.jar:/home/user/.m2/repository/io/grpc/grpc-core/1.29.0/grpc-core-1.29.0.jar:/home/user/.m2/repository/com/google/android/annotations/4.1.1.4/annotations-4.1.1.4.jar:/home/user/.m2/repository/io/perfmark/perfmark-api/0.19.0/perfmark-api-0.19.0.jar:/home/user/.m2/repository/io/netty/netty-codec-http2/4.1.48.Final/netty-codec-http2-4.1.48.Final.jar:/home/user/.m2/repository/io/netty/netty-codec/4.1.48.Final/netty-codec-4.1.48.Final.jar:/home/user/.m2/repository/io/netty/netty-handler/4.1.48.Final/netty-handler-4.1.48.Final.jar:/home/user/.m2/repository/io/netty/netty-codec-http/4.1.48.Final/netty-codec-http-4.1.48.Final.jar:/home/user/.m2/repository/io/netty/netty-handler-proxy/4.1.48.Final/netty-handler-proxy-4.1.48.Final.jar:/home/user/.m2/repository/io/netty/netty-codec-socks/4.1.48.Final/netty-codec-socks-4.1.48.Final.jar:/home/user/.m2/repository/io/netty/netty-transport-native-epoll/4.1.48.Final/netty-transport-native-epoll-4.1.48.Final.jar:/home/user/.m2/repository/io/netty/netty-common/4.1.48.Final/netty-common-4.1.48.Final.jar:/home/user/.m2/repository/io/netty/netty-buffer/4.1.48.Final/netty-buffer-4.1.48.Final.jar:/home/user/.m2/repository/io/netty/netty-transport/4.1.48.Final/netty-transport-4.1.48.Final.jar:/home/user/.m2/repository/io/netty/netty-resolver/4.1.48.Final/netty-resolver-4.1.48.Final.jar:/home/user/.m2/repository/io/netty/netty-transport-native-unix-common/4.1.48.Final/netty-transport-native-unix-common-4.1.48.Final.jar:/home/user/.m2/repository/io/grpc/grpc-protobuf/1.29.0/grpc-protobuf-1.29.0.jar:/home/user/.m2/repository/io/grpc/grpc-api/1.29.0/grpc-api-1.29.0.jar:/home/user/.m2/repository/io/grpc/grpc-context/1.29.0/grpc-context-1.29.0.jar:/home/user/.m2/repository/org/codehaus/mojo/animal-sniffer-annotations/1.18/animal-sniffer-annotations-1.18.jar:/home/user/.m2/repository/com/google/api/grpc/proto-google-common-protos/1.17.0/proto-google-common-protos-1.17.0.jar:/home/user/.m2/repository/io/grpc/grpc-protobuf-lite/1.29.0/grpc-protobuf-lite-1.29.0.jar:/home/user/.m2/repository/io/grpc/grpc-stub/1.29.0/grpc-stub-1.29.0.jar:/home/user/.m2/repository/org/apache/hadoop/hadoop-ozone-recon/1.1.0-SNAPSHOT/hadoop-ozone-recon-1.1.0-SNAPSHOT.jar:/home/user/.m2/repository/org/apache/hadoop/hadoop-ozone-reconcodegen/1.1.0-SNAPSHOT/hadoop-ozone-reconcodegen-1.1.0-SNAPSHOT.jar:/home/user/.m2/repository/com/google/inject/extensions/guice-multibindings/4.0/guice-multibindings-4.0.jar:/home/user/.m2/repository/com/google/inject/guice/4.0/guice-4.0.jar:/home/user/.m2/repository/aopalliance/aopalliance/1.0/aopalliance-1.0.jar:/home/user/.m2/repository/com/google/inject/extensions/guice-assistedinject/4.0/guice-assistedinject-4.0.jar:/home/user/.m2/repository/com/google/inject/extensions/guice-servlet/4.0/guice-servlet-4.0.jar:/home/user/.m2/repository/org/glassfish/jersey/containers/jersey-container-servlet/2.27/jersey-container-servlet-2.27.jar:/home/user/.m2/repository/org/glassfish/hk2/guice-bridge/2.5.0/guice-bridge-2.5.0.jar:/home/user/.m2/repository/org/glassfish/jersey/core/jersey-server/2.27/jersey-server-2.27.jar:/home/user/.m2/repository/org/glassfish/jersey/core/jersey-client/2.27/jersey-client-2.27.jar:/home/user/.m2/repository/org/glassfish/jersey/media/jersey-media-jaxb/2.27/jersey-media-jaxb-2.27.jar:/home/user/.m2/repository/javax/validation/validation-api/1.1.0.Final/validation-api-1.1.0.Final.jar:/home/user/.m2/repository/org/glassfish/jersey/media/jersey-media-json-jackson/2.27/jersey-media-json-jackson-2.27.jar:/home/user/.m2/repository/org/glassfish/jersey/ext/jersey-entity-filtering/2.27/jersey-entity-filtering-2.27.jar:/home/user/.m2/repository/org/jooq/jooq/3.11.10/jooq-3.11.10.jar:/home/user/.m2/repository/org/jooq/jooq-meta/3.11.10/jooq-meta-3.11.10.jar:/home/user/.m2/repository/org/jooq/jooq-codegen/3.11.10/jooq-codegen-3.11.10.jar:/home/user/.m2/repository/com/jolbox/bonecp/0.8.0.RELEASE/bonecp-0.8.0.RELEASE.jar:/home/user/.m2/repository/org/apache/derby/derby/10.14.2.0/derby-10.14.2.0.jar:/home/user/.m2/repository/org/xerial/sqlite-jdbc/3.25.2/sqlite-jdbc-3.25.2.jar:/home/user/.m2/repository/org/springframework/spring-jdbc/5.2.5.RELEASE/spring-jdbc-5.2.5.RELEASE.jar:/home/user/.m2/repository/org/springframework/spring-beans/5.2.5.RELEASE/spring-beans-5.2.5.RELEASE.jar:/home/user/.m2/repository/org/springframework/spring-core/5.2.5.RELEASE/spring-core-5.2.5.RELEASE.jar:/home/user/.m2/repository/org/springframework/spring-jcl/5.2.5.RELEASE/spring-jcl-5.2.5.RELEASE.jar:/home/user/.m2/repository/org/springframework/spring-tx/5.2.5.RELEASE/spring-tx-5.2.5.RELEASE.jar:/home/user/.m2/repository/org/apache/hadoop/hadoop-ozone-client/1.1.0-SNAPSHOT/hadoop-ozone-client-1.1.0-SNAPSHOT.jar:/home/user/.m2/repository/org/apache/hadoop/hadoop-ozone-filesystem/1.1.0-SNAPSHOT/hadoop-ozone-filesystem-1.1.0-SNAPSHOT.jar:/home/user/.m2/repository/org/apache/hadoop/hadoop-ozone-filesystem-common/1.1.0-SNAPSHOT/hadoop-ozone-filesystem-common-1.1.0-SNAPSHOT.jar:/home/user/.m2/repository/org/apache/hadoop/hadoop-ozone-tools/1.1.0-SNAPSHOT/hadoop-ozone-tools-1.1.0-SNAPSHOT.jar:/home/user/.m2/repository/org/apache/hadoop/hadoop-hdfs/3.2.1/hadoop-hdfs-3.2.1.jar:/home/user/.m2/repository/org/apache/ratis/ratis-tools/1.1.0-11689cd-SNAPSHOT/ratis-tools-1.1.0-11689cd-SNAPSHOT.jar:/home/user/.m2/repository/org/apache/ratis/ratis-proto/1.1.0-11689cd-SNAPSHOT/ratis-proto-1.1.0-11689cd-SNAPSHOT.jar:/home/user/.m2/repository/org/apache/ratis/ratis-common/1.1.0-11689cd-SNAPSHOT/ratis-common-1.1.0-11689cd-SNAPSHOT.jar:/home/user/.m2/repository/com/amazonaws/aws-java-sdk-core/1.11.615/aws-java-sdk-core-1.11.615.jar:/home/user/.m2/repository/org/apache/httpcomponents/httpclient/4.5.2/httpclient-4.5.2.jar:/home/user/.m2/repository/org/apache/httpcomponents/httpcore/4.4.4/httpcore-4.4.4.jar:/home/user/.m2/repository/software/amazon/ion/ion-java/1.0.2/ion-java-1.0.2.jar:/home/user/.m2/repository/com/fasterxml/jackson/dataformat/jackson-dataformat-cbor/2.10.3/jackson-dataformat-cbor-2.10.3.jar:/home/user/.m2/repository/joda-time/joda-time/2.8.1/joda-time-2.8.1.jar:/home/user/.m2/repository/com/amazonaws/aws-java-sdk-s3/1.11.615/aws-java-sdk-s3-1.11.615.jar:/home/user/.m2/repository/com/amazonaws/aws-java-sdk-kms/1.11.615/aws-java-sdk-kms-1.11.615.jar:/home/user/.m2/repository/com/amazonaws/jmespath-java/1.11.615/jmespath-java-1.11.615.jar:/home/user/.m2/repository/org/kohsuke/metainf-services/metainf-services/1.8/metainf-services-1.8.jar:/home/user/.m2/repository/org/apache/hadoop/hadoop-hdds-tools/1.1.0-SNAPSHOT/hadoop-hdds-tools-1.1.0-SNAPSHOT.jar:/home/user/.m2/repository/commons-cli/commons-cli/1.2/commons-cli-1.2.jar:/home/user/.m2/repository/org/apache/commons/commons-lang3/3.7/commons-lang3-3.7.jar:/home/user/.m2/repository/org/apache/hadoop/hadoop-ozone-ozone-manager/1.1.0-SNAPSHOT/hadoop-ozone-ozone-manager-1.1.0-SNAPSHOT-tests.jar:/home/user/.m2/repository/junit/junit/4.11/junit-4.11.jar:/home/user/.m2/repository/org/hamcrest/hamcrest-core/1.3/hamcrest-core-1.3.jar:/home/user/.m2/repository/org/openjdk/jmh/jmh-core/1.19/jmh-core-1.19.jar:/home/user/.m2/repository/net/sf/jopt-simple/jopt-simple/4.6/jopt-simple-4.6.jar:/home/user/.m2/repository/org/apache/commons/commons-math3/3.1.1/commons-math3-3.1.1.jar:/home/user/.m2/repository/org/openjdk/jmh/jmh-generator-annprocess/1.19/jmh-generator-annprocess-1.19.jar:/home/user/.m2/repository/org/mockito/mockito-all/1.8.5/mockito-all-1.8.5.jar:/home/user/.m2/repository/org/apache/hadoop/hadoop-kms/3.2.1/hadoop-kms-3.2.1.jar:/home/user/.m2/repository/org/apache/hadoop/hadoop-auth/3.2.1/hadoop-auth-3.2.1.jar:/home/user/.m2/repository/com/nimbusds/nimbus-jose-jwt/7.9/nimbus-jose-jwt-7.9.jar:/home/user/.m2/repository/com/github/stephenc/jcip/jcip-annotations/1.0-1/jcip-annotations-1.0-1.jar:/home/user/.m2/repository/net/minidev/json-smart/2.3/json-smart-2.3.jar:/home/user/.m2/repository/net/minidev/accessors-smart/1.2/accessors-smart-1.2.jar:/home/user/.m2/repository/org/ow2/asm/asm/5.0.4/asm-5.0.4.jar:/home/user/.m2/repository/org/apache/zookeeper/zookeeper/3.4.13/zookeeper-3.4.13.jar:/home/user/.m2/repository/org/apache/yetus/audience-annotations/0.5.0/audience-annotations-0.5.0.jar:/home/user/.m2/repository/org/apache/curator/curator-framework/2.13.0/curator-framework-2.13.0.jar:/home/user/.m2/repository/com/sun/jersey/jersey-core/1.19/jersey-core-1.19.jar:/home/user/.m2/repository/javax/ws/rs/jsr311-api/1.1.1/jsr311-api-1.1.1.jar:/home/user/.m2/repository/com/sun/jersey/jersey-server/1.19/jersey-server-1.19.jar:/home/user/.m2/repository/javax/servlet/javax.servlet-api/3.1.0/javax.servlet-api-3.1.0.jar:/home/user/.m2/repository/org/eclipse/jetty/jetty-server/9.4.26.v20200117/jetty-server-9.4.26.v20200117.jar:/home/user/.m2/repository/org/eclipse/jetty/jetty-http/9.4.26.v20200117/jetty-http-9.4.26.v20200117.jar:/home/user/.m2/repository/org/eclipse/jetty/jetty-io/9.4.26.v20200117/jetty-io-9.4.26.v20200117.jar:/home/user/.m2/repository/org/eclipse/jetty/jetty-webapp/9.4.26.v20200117/jetty-webapp-9.4.26.v20200117.jar:/home/user/.m2/repository/org/eclipse/jetty/jetty-xml/9.4.26.v20200117/jetty-xml-9.4.26.v20200117.jar:/home/user/.m2/repository/org/eclipse/jetty/jetty-servlet/9.4.26.v20200117/jetty-servlet-9.4.26.v20200117.jar:/home/user/.m2/repository/org/eclipse/jetty/jetty-security/9.4.26.v20200117/jetty-security-9.4.26.v20200117.jar:/home/user/.m2/repository/org/apache/hadoop/hadoop-common/3.2.1/hadoop-common-3.2.1.jar:/home/user/.m2/repository/commons-net/commons-net/3.6/commons-net-3.6.jar:/home/user/.m2/repository/commons-collections/commons-collections/3.2.2/commons-collections-3.2.2.jar:/home/user/.m2/repository/com/sun/jersey/jersey-servlet/1.19/jersey-servlet-1.19.jar:/home/user/.m2/repository/com/sun/jersey/jersey-json/1.19/jersey-json-1.19.jar:/home/user/.m2/repository/org/codehaus/jettison/jettison/1.1/jettison-1.1.jar:/home/user/.m2/repository/org/codehaus/jackson/jackson-jaxrs/1.9.2/jackson-jaxrs-1.9.2.jar:/home/user/.m2/repository/org/codehaus/jackson/jackson-xc/1.9.2/jackson-xc-1.9.2.jar:/home/user/.m2/repository/commons-beanutils/commons-beanutils/1.9.4/commons-beanutils-1.9.4.jar:/home/user/.m2/repository/org/apache/commons/commons-configuration2/2.1.1/commons-configuration2-2.1.1.jar:/home/user/.m2/repository/org/apache/commons/commons-text/1.4/commons-text-1.4.jar:/home/user/.m2/repository/com/google/re2j/re2j/1.1/re2j-1.1.jar:/home/user/.m2/repository/com/jcraft/jsch/0.1.54/jsch-0.1.54.jar:/home/user/.m2/repository/org/apache/curator/curator-client/2.13.0/curator-client-2.13.0.jar:/home/user/.m2/repository/org/apache/curator/curator-recipes/2.13.0/curator-recipes-2.13.0.jar:/home/user/.m2/repository/dnsjava/dnsjava/2.1.7/dnsjava-2.1.7.jar:/home/user/.m2/repository/org/slf4j/jul-to-slf4j/1.7.25/jul-to-slf4j-1.7.25.jar:/home/user/.m2/repository/org/eclipse/jetty/jetty-util/9.4.26.v20200117/jetty-util-9.4.26.v20200117.jar:/home/user/.m2/repository/com/fasterxml/jackson/core/jackson-databind/2.10.3/jackson-databind-2.10.3.jar:/home/user/.m2/repository/org/apache/hadoop/hadoop-kms/3.2.1/hadoop-kms-3.2.1-tests.jar:/home/user/.m2/repository/org/apache/hadoop/hadoop-hdds-server-scm/1.1.0-SNAPSHOT/hadoop-hdds-server-scm-1.1.0-SNAPSHOT-tests.jar:/home/user/.m2/repository/org/apache/hadoop/hadoop-hdds-container-service/1.1.0-SNAPSHOT/hadoop-hdds-container-service-1.1.0-SNAPSHOT-tests.jar:/home/user/.m2/repository/org/apache/hadoop/hadoop-hdds-common/1.1.0-SNAPSHOT/hadoop-hdds-common-1.1.0-SNAPSHOT-tests.jar:/home/user/.m2/repository/org/yaml/snakeyaml/1.16/snakeyaml-1.16.jar:/home/user/.m2/repository/org/apache/hadoop/hadoop-hdds-hadoop-dependency-test/1.1.0-SNAPSHOT/hadoop-hdds-hadoop-dependency-test-1.1.0-SNAPSHOT.jar:/home/user/.m2/repository/org/apache/hadoop/hadoop-common/3.2.1/hadoop-common-3.2.1-tests.jar:/home/user/.m2/repository/javax/servlet/jsp/jsp-api/2.1/jsp-api-2.1.jar:/home/user/.m2/repository/org/apache/hadoop/hadoop-hdfs/3.2.1/hadoop-hdfs-3.2.1-tests.jar:/home/user/.m2/repository/org/eclipse/jetty/jetty-util-ajax/9.4.26.v20200117/jetty-util-ajax-9.4.26.v20200117.jar:/home/user/.m2/repository/commons-codec/commons-codec/1.11/commons-codec-1.11.jar:/home/user/.m2/repository/commons-daemon/commons-daemon/1.0.13/commons-daemon-1.0.13.jar:/home/user/.m2/repository/io/netty/netty/3.10.5.Final/netty-3.10.5.Final.jar:/home/user/.m2/repository/io/netty/netty-all/4.1.48.Final/netty-all-4.1.48.Final.jar:/home/user/.m2/repository/org/apache/htrace/htrace-core4/4.1.0-incubating/htrace-core4-4.1.0-incubating.jar:/home/user/.m2/repository/org/fusesource/leveldbjni/leveldbjni-all/1.8/leveldbjni-all-1.8.jar:/home/user/.m2/repository/org/apache/hadoop/hadoop-distcp/3.2.1/hadoop-distcp-3.2.1.jar:/home/user/.m2/repository/org/apache/hadoop/hadoop-mapreduce-client-jobclient/3.2.1/hadoop-mapreduce-client-jobclient-3.2.1.jar:/home/user/.m2/repository/org/apache/hadoop/hadoop-mapreduce-client-common/3.2.1/hadoop-mapreduce-client-common-3.2.1.jar:/home/user/.m2/repository/org/apache/hadoop/hadoop-yarn-common/3.2.1/hadoop-yarn-common-3.2.1.jar:/home/user/.m2/repository/org/apache/hadoop/hadoop-yarn-api/3.2.1/hadoop-yarn-api-3.2.1.jar:/home/user/.m2/repository/com/sun/jersey/jersey-client/1.19/jersey-client-1.19.jar:/home/user/.m2/repository/com/sun/jersey/contribs/jersey-guice/1.19/jersey-guice-1.19.jar:/home/user/.m2/repository/com/fasterxml/jackson/jaxrs/jackson-jaxrs-json-provider/2.10.3/jackson-jaxrs-json-provider-2.10.3.jar:/home/user/.m2/repository/com/fasterxml/jackson/jaxrs/jackson-jaxrs-base/2.10.3/jackson-jaxrs-base-2.10.3.jar:/home/user/.m2/repository/org/apache/hadoop/hadoop-yarn-client/3.2.1/hadoop-yarn-client-3.2.1.jar:/home/user/.m2/repository/org/apache/hadoop/hadoop-mapreduce-client-core/3.2.1/hadoop-mapreduce-client-core-3.2.1.jar:/home/user/.m2/repository/org/apache/avro/avro/1.7.7/avro-1.7.7.jar:/home/user/.m2/repository/org/codehaus/jackson/jackson-core-asl/1.9.13/jackson-core-asl-1.9.13.jar:/home/user/.m2/repository/org/codehaus/jackson/jackson-mapper-asl/1.9.13/jackson-mapper-asl-1.9.13.jar:/home/user/.m2/repository/com/thoughtworks/paranamer/paranamer/2.3/paranamer-2.3.jar:/home/user/.m2/repository/org/xerial/snappy/snappy-java/1.0.5/snappy-java-1.0.5.jar:/home/user/.m2/repository/org/apache/hadoop/hadoop-annotations/3.2.1/hadoop-annotations-3.2.1.jar:/usr/lib/jvm/java-1.8.0-openjdk-1.8.0.232.b09-0.el7_7.x86_64/jre/../lib/tools.jar:/home/user/.m2/repository/org/apache/hadoop/hadoop-distcp/3.2.1/hadoop-distcp-3.2.1-tests.jar:"/>
    <property name="sun.cpu.endian" value="little"/>
    <property name="user.home" value="/home/user"/>
    <property name="user.language" value="en"/>
    <property name="java.specification.vendor" value="Oracle Corporation"/>
    <property name="java.home" value="/usr/lib/jvm/java-1.8.0-openjdk-1.8.0.232.b09-0.el7_7.x86_64/jre"/>
    <property name="java.security.krb5.conf" value="/github/workspace/mnt/ozone/hadoop-ozone/integration-test/target/test-classes/krb5.conf"/>
    <property name="basedir" value="/github/workspace/mnt/ozone/hadoop-ozone/integration-test"/>
    <property name="file.separator" value="/"/>
    <property name="line.separator" value="&#10;"/>
    <property name="java.vm.specification.vendor" value="Oracle Corporation"/>
    <property name="java.specification.name" value="Java Platform API Specification"/>
    <property name="java.awt.graphicsenv" value="sun.awt.X11GraphicsEnvironment"/>
    <property name="skip.installnpx" value="true"/>
    <property name="surefire.real.class.path" value="/github/workspace/mnt/ozone/hadoop-ozone/integration-test/target/surefire/surefirebooter1372059793664884482.jar:/home/user/.m2/repository/org/jacoco/org.jacoco.agent/0.8.5/org.jacoco.agent-0.8.5-runtime.jar"/>
    <property name="hadoop.log.dir" value="/github/workspace/mnt/ozone/hadoop-ozone/integration-test/target/log"/>
    <property name="sun.boot.class.path" value="/usr/lib/jvm/java-1.8.0-openjdk-1.8.0.232.b09-0.el7_7.x86_64/jre/lib/resources.jar:/usr/lib/jvm/java-1.8.0-openjdk-1.8.0.232.b09-0.el7_7.x86_64/jre/lib/rt.jar:/usr/lib/jvm/java-1.8.0-openjdk-1.8.0.232.b09-0.el7_7.x86_64/jre/lib/sunrsasign.jar:/usr/lib/jvm/java-1.8.0-openjdk-1.8.0.232.b09-0.el7_7.x86_64/jre/lib/jsse.jar:/usr/lib/jvm/java-1.8.0-openjdk-1.8.0.232.b09-0.el7_7.x86_64/jre/lib/jce.jar:/usr/lib/jvm/java-1.8.0-openjdk-1.8.0.232.b09-0.el7_7.x86_64/jre/lib/charsets.jar:/usr/lib/jvm/java-1.8.0-openjdk-1.8.0.232.b09-0.el7_7.x86_64/jre/lib/jfr.jar:/usr/lib/jvm/java-1.8.0-openjdk-1.8.0.232.b09-0.el7_7.x86_64/jre/classes"/>
    <property name="sun.management.compiler" value="HotSpot 64-Bit Tiered Compilers"/>
    <property name="skip.npx" value="true"/>
    <property name="java.runtime.version" value="1.8.0_232-b09"/>
    <property name="java.net.preferIPv4Stack" value="true"/>
    <property name="user.name" value="jenkins1001"/>
    <property name="path.separator" value=":"/>
    <property name="java.security.egd" value="file:///dev/urandom"/>
    <property name="os.version" value="5.4.0-1026-azure"/>
    <property name="java.endorsed.dirs" value="/usr/lib/jvm/java-1.8.0-openjdk-1.8.0.232.b09-0.el7_7.x86_64/jre/lib/endorsed"/>
    <property name="java.runtime.name" value="OpenJDK Runtime Environment"/>
    <property name="file.encoding" value="ANSI_X3.4-1968"/>
    <property name="java.vm.name" value="OpenJDK 64-Bit Server VM"/>
    <property name="test.build.webapps" value=""/>
    <property name="localRepository" value="/home/user/.m2/repository"/>
    <property name="java.vendor.url.bug" value="http://bugreport.sun.com/bugreport/"/>
    <property name="java.io.tmpdir" value="/tmp"/>
    <property name="require.test.libhadoop" value=""/>
    <property name="java.version" value="1.8.0_232"/>
    <property name="user.dir" value="/github/workspace/mnt/ozone/hadoop-ozone/integration-test"/>
    <property name="os.arch" value="amd64"/>
    <property name="java.vm.specification.name" value="Java Virtual Machine Specification"/>
    <property name="test.build.classes" value="/github/workspace/mnt/ozone/hadoop-ozone/integration-test/target/test-classes"/>
    <property name="java.awt.printerjob" value="sun.print.PSPrinterJob"/>
    <property name="sun.os.patch.level" value="unknown"/>
    <property name="hadoop.tmp.dir" value="/github/workspace/mnt/ozone/hadoop-ozone/integration-test/target/tmp"/>
    <property name="java.library.path" value="/usr/lib:/usr/java/packages/lib/amd64:/usr/lib64:/lib64:/lib:/usr/lib"/>
    <property name="java.vm.info" value="mixed mode"/>
    <property name="java.vendor" value="Oracle Corporation"/>
    <property name="java.vm.version" value="25.232-b09"/>
    <property name="java.ext.dirs" value="/usr/lib/jvm/java-1.8.0-openjdk-1.8.0.232.b09-0.el7_7.x86_64/jre/lib/ext:/usr/java/packages/lib/ext"/>
    <property name="sun.io.unicode.encoding" value="UnicodeLittle"/>
    <property name="java.class.version" value="52.0"/>
  </properties>
  <testcase name="testGroupMismatchExceptionHandling" classname="org.apache.hadoop.ozone.client.rpc.TestOzoneClientRetriesOnException" time="43.266"/>
  <testcase name="testMaxRetriesByOzoneClient" classname="org.apache.hadoop.ozone.client.rpc.TestOzoneClientRetriesOnException" time="36.479">
    <failure message="Expected exception not thrown" type="java.lang.AssertionError">java.lang.AssertionError: Expected exception not thrown
	at org.junit.Assert.fail(Assert.java:88)
	at org.apache.hadoop.ozone.client.rpc.TestOzoneClientRetriesOnException.testMaxRetriesByOzoneClient(TestOzoneClientRetriesOnException.java:231)
	at sun.reflect.NativeMethodAccessorImpl.invoke0(Native Method)
	at sun.reflect.NativeMethodAccessorImpl.invoke(NativeMethodAccessorImpl.java:62)
	at sun.reflect.DelegatingMethodAccessorImpl.invoke(DelegatingMethodAccessorImpl.java:43)
	at java.lang.reflect.Method.invoke(Method.java:498)
	at org.junit.runners.model.FrameworkMethod$1.runReflectiveCall(FrameworkMethod.java:47)
	at org.junit.internal.runners.model.ReflectiveCallable.run(ReflectiveCallable.java:12)
	at org.junit.runners.model.FrameworkMethod.invokeExplosively(FrameworkMethod.java:44)
	at org.junit.internal.runners.statements.InvokeMethod.evaluate(InvokeMethod.java:17)
	at org.junit.internal.runners.statements.RunBefores.evaluate(RunBefores.java:26)
	at org.junit.internal.runners.statements.RunAfters.evaluate(RunAfters.java:27)
	at org.junit.internal.runners.statements.FailOnTimeout$StatementThread.run(FailOnTimeout.java:74)
</failure>
    <system-out><![CDATA[2020-10-13 01:28:56,907 [Thread-365] WARN  server.ServerUtils (ServerUtils.java:getScmDbDir(148)) - ozone.scm.db.dirs is not configured. We recommend adding this setting. Falling back to ozone.metadata.dirs instead.
2020-10-13 01:28:56,909 [Thread-365] WARN  server.ServerUtils (ServerUtils.java:getScmDbDir(148)) - ozone.scm.db.dirs is not configured. We recommend adding this setting. Falling back to ozone.metadata.dirs instead.
2020-10-13 01:28:56,909 [Thread-365] WARN  db.DBStoreBuilder (DBStoreBuilder.java:createDBStoreBuilder(283)) - ozone.scm.db.dirs is not configured. We recommend adding this setting. Falling back to ozone.metadata.dirs instead.
2020-10-13 01:28:56,938 [Thread-365] INFO  net.NodeSchemaLoader (NodeSchemaLoader.java:loadSchemaFromFile(126)) - Loading file from sun.misc.CompoundEnumeration@2f32756
2020-10-13 01:28:56,938 [Thread-365] INFO  net.NodeSchemaLoader (NodeSchemaLoader.java:loadSchema(172)) - Loading network topology layer schema file
2020-10-13 01:28:56,941 [Thread-365] WARN  server.ServerUtils (ServerUtils.java:sanitizeUserArgs(73)) - ozone.scm.stale.node.interval value = 300000 is larger than max = 100000 based on the key value of ozone.scm.heartbeat.thread.interval, reset to the max value 100000.
2020-10-13 01:28:56,941 [Thread-365] WARN  server.ServerUtils (ServerUtils.java:sanitizeUserArgs(73)) - ozone.scm.stale.node.interval value = 300000 is larger than max = 100000 based on the key value of ozone.scm.heartbeat.thread.interval, reset to the max value 100000.
2020-10-13 01:28:56,942 [Thread-365] INFO  node.SCMNodeManager (SCMNodeManager.java:<init>(120)) - Entering startup safe mode.
2020-10-13 01:28:56,942 [Thread-365] INFO  algorithms.ContainerPlacementPolicyFactory (ContainerPlacementPolicyFactory.java:getPolicy(60)) - Create container placement policy of type org.apache.hadoop.hdds.scm.container.placement.algorithms.SCMContainerPlacementRandom
2020-10-13 01:28:56,943 [Thread-365] INFO  pipeline.SCMPipelineManager (SCMPipelineManager.java:initializePipelineState(161)) - No pipeline exists in current db
2020-10-13 01:28:56,943 [Thread-365] INFO  algorithms.PipelineChoosePolicyFactory (PipelineChoosePolicyFactory.java:createPipelineChoosePolicyFromClass(75)) - Create pipeline choose policy of type org.apache.hadoop.hdds.scm.pipeline.choose.algorithms.RandomPipelineChoosePolicy
2020-10-13 01:28:56,945 [Thread-365] INFO  safemode.HealthyPipelineSafeModeRule (HealthyPipelineSafeModeRule.java:<init>(89)) - Total pipeline count is 0, healthy pipeline threshold count is 0
2020-10-13 01:28:56,945 [Thread-365] INFO  safemode.OneReplicaPipelineSafeModeRule (OneReplicaPipelineSafeModeRule.java:<init>(79)) - Total pipeline count is 0, pipeline's with at least one datanode reported threshold count is 0
2020-10-13 01:28:56,950 [Thread-365] INFO  ipc.CallQueueManager (CallQueueManager.java:<init>(84)) - Using callQueue: class java.util.concurrent.LinkedBlockingQueue, queueCapacity: 2000, scheduler: class org.apache.hadoop.ipc.DefaultRpcScheduler, ipcBackoff: false.
2020-10-13 01:28:56,952 [Listener at 0.0.0.0/43001] INFO  ipc.CallQueueManager (CallQueueManager.java:<init>(84)) - Using callQueue: class java.util.concurrent.LinkedBlockingQueue, queueCapacity: 2000, scheduler: class org.apache.hadoop.ipc.DefaultRpcScheduler, ipcBackoff: false.
2020-10-13 01:28:56,957 [Socket Reader #1 for port 0] INFO  ipc.Server (Server.java:run(1219)) - Starting Socket Reader #1 for port 0
2020-10-13 01:28:56,958 [Listener at 0.0.0.0/45289] INFO  ipc.CallQueueManager (CallQueueManager.java:<init>(84)) - Using callQueue: class java.util.concurrent.LinkedBlockingQueue, queueCapacity: 2000, scheduler: class org.apache.hadoop.ipc.DefaultRpcScheduler, ipcBackoff: false.
2020-10-13 01:28:56,959 [Socket Reader #1 for port 0] INFO  ipc.Server (Server.java:run(1219)) - Starting Socket Reader #1 for port 0
2020-10-13 01:28:56,961 [Socket Reader #1 for port 0] INFO  ipc.Server (Server.java:run(1219)) - Starting Socket Reader #1 for port 0
2020-10-13 01:28:56,964 [Listener at 0.0.0.0/39461] INFO  http.BaseHttpServer (BaseHttpServer.java:newHttpServer2BuilderForOzone(207)) - Starting Web-server for scm at: http://0.0.0.0:0
2020-10-13 01:28:56,964 [Listener at 0.0.0.0/39461] INFO  http.BaseHttpServer (BaseHttpServer.java:<init>(106)) - Hadoop Security Enabled: false Ozone Security Enabled: false Ozone HTTP Security Enabled: false 
2020-10-13 01:28:56,965 [Listener at 0.0.0.0/39461] INFO  server.AuthenticationFilter (AuthenticationFilter.java:constructSecretProvider(240)) - Unable to initialize FileSignerSecretProvider, falling back to use random secrets.
2020-10-13 01:28:56,966 [Listener at 0.0.0.0/39461] WARN  http.HttpRequestLog (HttpRequestLog.java:getRequestLog(103)) - Jetty request log can only be enabled using Log4j
2020-10-13 01:28:56,967 [Listener at 0.0.0.0/39461] INFO  http.HttpServer2 (HttpServer2.java:addGlobalFilter(1019)) - Added global filter 'safety' (class=org.apache.hadoop.hdds.server.http.HttpServer2$QuotingInputFilter)
2020-10-13 01:28:56,968 [Listener at 0.0.0.0/39461] INFO  http.HttpServer2 (HttpServer2.java:addFilter(995)) - Added filter static_user_filter (class=org.apache.hadoop.http.lib.StaticUserWebFilter$StaticUserFilter) to context scm
2020-10-13 01:28:56,968 [Listener at 0.0.0.0/39461] INFO  http.HttpServer2 (HttpServer2.java:addFilter(1003)) - Added filter static_user_filter (class=org.apache.hadoop.http.lib.StaticUserWebFilter$StaticUserFilter) to context logs
2020-10-13 01:28:56,968 [Listener at 0.0.0.0/39461] INFO  http.HttpServer2 (HttpServer2.java:addFilter(1003)) - Added filter static_user_filter (class=org.apache.hadoop.http.lib.StaticUserWebFilter$StaticUserFilter) to context static
2020-10-13 01:28:56,970 [Listener at 0.0.0.0/39461] INFO  server.StorageContainerManager (StorageContainerManager.java:start(789)) - StorageContainerLocationProtocol RPC server is listening at /0.0.0.0:39461
2020-10-13 01:28:56,972 [Listener at 0.0.0.0/39461] WARN  impl.MetricsConfig (MetricsConfig.java:loadFirst(134)) - Cannot locate configuration: tried hadoop-metrics2-storagecontainermanager.properties,hadoop-metrics2.properties
2020-10-13 01:28:56,972 [Listener at 0.0.0.0/39461] INFO  impl.MetricsSystemImpl (MetricsSystemImpl.java:startTimer(374)) - Scheduled Metric snapshot period at 10 second(s).
2020-10-13 01:28:56,973 [Listener at 0.0.0.0/39461] INFO  impl.MetricsSystemImpl (MetricsSystemImpl.java:start(191)) - StorageContainerManager metrics system started
2020-10-13 01:28:56,979 [Listener at 0.0.0.0/39461] WARN  impl.MetricsSystemImpl (MetricsSystemImpl.java:register(276)) - Sink prometheus already exists!
2020-10-13 01:28:56,987 [Listener at 0.0.0.0/39461] INFO  server.SCMClientProtocolServer (SCMClientProtocolServer.java:start(156)) - RPC server for Client  is listening at /0.0.0.0:39461
2020-10-13 01:28:56,988 [IPC Server Responder] INFO  ipc.Server (Server.java:run(1460)) - IPC Server Responder: starting
2020-10-13 01:28:56,988 [IPC Server listener on 0] INFO  ipc.Server (Server.java:run(1298)) - IPC Server listener on 0: starting
2020-10-13 01:28:56,997 [Listener at 0.0.0.0/39461] INFO  server.StorageContainerManager (StorageContainerManager.java:start(801)) - ScmBlockLocationProtocol RPC server is listening at /0.0.0.0:45289
2020-10-13 01:28:56,998 [Listener at 0.0.0.0/39461] INFO  server.SCMBlockProtocolServer (SCMBlockProtocolServer.java:start(149)) - RPC server for Block Protocol is listening at /0.0.0.0:45289
2020-10-13 01:28:56,999 [IPC Server Responder] INFO  ipc.Server (Server.java:run(1460)) - IPC Server Responder: starting
2020-10-13 01:28:56,999 [IPC Server listener on 0] INFO  ipc.Server (Server.java:run(1298)) - IPC Server listener on 0: starting
2020-10-13 01:28:57,002 [Listener at 0.0.0.0/39461] INFO  server.StorageContainerManager (StorageContainerManager.java:start(807)) - ScmDatanodeProtocl RPC server is listening at /0.0.0.0:43001
2020-10-13 01:28:57,002 [Listener at 0.0.0.0/39461] INFO  server.SCMDatanodeProtocolServer (SCMDatanodeProtocolServer.java:start(172)) - RPC server for DataNodes is listening at /0.0.0.0:43001
2020-10-13 01:28:57,002 [IPC Server Responder] INFO  ipc.Server (Server.java:run(1460)) - IPC Server Responder: starting
2020-10-13 01:28:57,003 [IPC Server listener on 0] INFO  ipc.Server (Server.java:run(1298)) - IPC Server listener on 0: starting
2020-10-13 01:28:57,005 [Listener at 0.0.0.0/39461] INFO  http.HttpServer2 (HttpServer2.java:bindListener(1237)) - Jetty bound to port 43681
2020-10-13 01:28:57,006 [Listener at 0.0.0.0/39461] INFO  server.Server (Server.java:doStart(359)) - jetty-9.4.26.v20200117; built: 2020-01-17T12:35:33.676Z; git: 7b38981d25d14afb4a12ff1f2596756144edf695; jvm 1.8.0_232-b09
2020-10-13 01:28:57,007 [Listener at 0.0.0.0/39461] INFO  server.session (DefaultSessionIdManager.java:doStart(333)) - DefaultSessionIdManager workerName=node0
2020-10-13 01:28:57,008 [Listener at 0.0.0.0/39461] INFO  server.session (DefaultSessionIdManager.java:doStart(338)) - No SessionScavenger set, using defaults
2020-10-13 01:28:57,008 [Listener at 0.0.0.0/39461] INFO  server.session (HouseKeeper.java:startScavenging(140)) - node0 Scavenging every 660000ms
2020-10-13 01:28:57,009 [Listener at 0.0.0.0/39461] INFO  handler.ContextHandler (ContextHandler.java:doStart(825)) - Started o.e.j.s.ServletContextHandler@29f82e7b{logs,/logs,file:///github/workspace/mnt/ozone/hadoop-ozone/integration-test/target/log,AVAILABLE}
2020-10-13 01:28:57,009 [Listener at 0.0.0.0/39461] INFO  handler.ContextHandler (ContextHandler.java:doStart(825)) - Started o.e.j.s.ServletContextHandler@34186574{static,/static,file:///github/workspace/mnt/ozone/hadoop-ozone/integration-test/target/test-classes/webapps/static,AVAILABLE}
2020-10-13 01:28:57,017 [Listener at 0.0.0.0/39461] INFO  handler.ContextHandler (ContextHandler.java:doStart(825)) - Started o.e.j.w.WebAppContext@6e53e200{scm,/,file:///github/workspace/mnt/ozone/hadoop-ozone/integration-test/target/test-classes/webapps/scm/,AVAILABLE}{file:/github/workspace/mnt/ozone/hadoop-ozone/integration-test/target/test-classes/webapps/scm}
2020-10-13 01:28:57,018 [Listener at 0.0.0.0/39461] INFO  server.AbstractConnector (AbstractConnector.java:doStart(330)) - Started ServerConnector@5900ef6a{HTTP/1.1,[http/1.1]}{0.0.0.0:43681}
2020-10-13 01:28:57,018 [Listener at 0.0.0.0/39461] INFO  server.Server (Server.java:doStart(399)) - Started @44240ms
2020-10-13 01:28:57,018 [Listener at 0.0.0.0/39461] WARN  impl.MetricsSystemImpl (MetricsSystemImpl.java:register(276)) - Sink prometheus already exists!
2020-10-13 01:28:57,022 [Listener at 0.0.0.0/39461] INFO  http.BaseHttpServer (BaseHttpServer.java:updateConnectorAddress(327)) - HTTP server of scm listening at http://0.0.0.0:43681
2020-10-13 01:28:57,022 [Listener at 0.0.0.0/39461] WARN  server.ServerUtils (ServerUtils.java:getDBPath(225)) - ozone.om.db.dirs is not configured. We recommend adding this setting. Falling back to ozone.metadata.dirs instead.
2020-10-13 01:28:57,023 [org.apache.hadoop.util.JvmPauseMonitor$Monitor@37d65056] INFO  util.JvmPauseMonitor (JvmPauseMonitor.java:run(188)) - Starting JVM pause monitor
2020-10-13 01:28:57,024 [Listener at 0.0.0.0/39461] INFO  ha.OMHANodeDetails (OMHANodeDetails.java:loadOMHAConfig(104)) - ozone.om.internal.service.id is not defined, falling back to ozone.om.service.ids to find serviceID for OzoneManager if it is HA enabled cluster
2020-10-13 01:28:57,024 [Listener at 0.0.0.0/39461] INFO  ha.OMHANodeDetails (OMHANodeDetails.java:loadOMHAConfig(213)) - Configuration either no ozone.om.address set. Falling back to the default OM address /127.0.0.1:0
2020-10-13 01:28:57,024 [Listener at 0.0.0.0/39461] INFO  ha.OMHANodeDetails (OMHANodeDetails.java:getOMNodeDetails(241)) - OM Service ID is not set. Setting it to the default ID: omServiceIdDefault
2020-10-13 01:28:57,024 [Listener at 0.0.0.0/39461] WARN  server.ServerUtils (ServerUtils.java:getDBPath(225)) - ozone.om.db.dirs is not configured. We recommend adding this setting. Falling back to ozone.metadata.dirs instead.
2020-10-13 01:28:57,025 [Listener at 0.0.0.0/39461] WARN  server.ServerUtils (ServerUtils.java:getDBPath(225)) - ozone.om.db.dirs is not configured. We recommend adding this setting. Falling back to ozone.metadata.dirs instead.
2020-10-13 01:28:57,034 [Listener at 0.0.0.0/39461] WARN  server.ServerUtils (ServerUtils.java:getDBPath(225)) - ozone.om.db.dirs is not configured. We recommend adding this setting. Falling back to ozone.metadata.dirs instead.
2020-10-13 01:28:57,034 [Listener at 0.0.0.0/39461] INFO  codec.OmKeyInfoCodec (OmKeyInfoCodec.java:<init>(41)) - OmKeyInfoCodec ignorePipeline = true
2020-10-13 01:28:57,034 [Listener at 0.0.0.0/39461] INFO  codec.RepeatedOmKeyInfoCodec (RepeatedOmKeyInfoCodec.java:<init>(40)) - RepeatedOmKeyInfoCodec ignorePipeline = true
2020-10-13 01:28:57,101 [Listener at 0.0.0.0/39461] INFO  om.OzoneManager (OzoneManager.java:addS3GVolumeToDB(3621)) - Created Volume s3v With Owner jenkins1001 required for S3Gateway operations.
2020-10-13 01:28:57,106 [Listener at 0.0.0.0/39461] INFO  ipc.CallQueueManager (CallQueueManager.java:<init>(84)) - Using callQueue: class java.util.concurrent.LinkedBlockingQueue, queueCapacity: 2000, scheduler: class org.apache.hadoop.ipc.DefaultRpcScheduler, ipcBackoff: false.
2020-10-13 01:28:57,107 [Socket Reader #1 for port 0] INFO  ipc.Server (Server.java:run(1219)) - Starting Socket Reader #1 for port 0
2020-10-13 01:28:57,124 [Listener at 127.0.0.1/32995] INFO  impl.MetricsSystemImpl (MetricsSystemImpl.java:init(158)) - OzoneManager metrics system started (again)
2020-10-13 01:28:57,125 [Listener at 127.0.0.1/32995] INFO  om.OzoneManager (OzoneManager.java:start(1133)) - OzoneManager RPC server is listening at localhost/127.0.0.1:32995
2020-10-13 01:28:57,130 [Listener at 127.0.0.1/32995] INFO  http.BaseHttpServer (BaseHttpServer.java:newHttpServer2BuilderForOzone(207)) - Starting Web-server for ozoneManager at: http://0.0.0.0:0
2020-10-13 01:28:57,130 [Listener at 127.0.0.1/32995] INFO  http.BaseHttpServer (BaseHttpServer.java:<init>(106)) - Hadoop Security Enabled: false Ozone Security Enabled: false Ozone HTTP Security Enabled: false 
2020-10-13 01:28:57,131 [Listener at 127.0.0.1/32995] INFO  server.AuthenticationFilter (AuthenticationFilter.java:constructSecretProvider(240)) - Unable to initialize FileSignerSecretProvider, falling back to use random secrets.
2020-10-13 01:28:57,132 [Listener at 127.0.0.1/32995] WARN  http.HttpRequestLog (HttpRequestLog.java:getRequestLog(103)) - Jetty request log can only be enabled using Log4j
2020-10-13 01:28:57,133 [Listener at 127.0.0.1/32995] INFO  http.HttpServer2 (HttpServer2.java:addGlobalFilter(1019)) - Added global filter 'safety' (class=org.apache.hadoop.hdds.server.http.HttpServer2$QuotingInputFilter)
2020-10-13 01:28:57,134 [Listener at 127.0.0.1/32995] INFO  http.HttpServer2 (HttpServer2.java:addFilter(995)) - Added filter static_user_filter (class=org.apache.hadoop.http.lib.StaticUserWebFilter$StaticUserFilter) to context ozoneManager
2020-10-13 01:28:57,134 [Listener at 127.0.0.1/32995] INFO  http.HttpServer2 (HttpServer2.java:addFilter(1003)) - Added filter static_user_filter (class=org.apache.hadoop.http.lib.StaticUserWebFilter$StaticUserFilter) to context static
2020-10-13 01:28:57,134 [Listener at 127.0.0.1/32995] INFO  http.HttpServer2 (HttpServer2.java:addFilter(1003)) - Added filter static_user_filter (class=org.apache.hadoop.http.lib.StaticUserWebFilter$StaticUserFilter) to context logs
2020-10-13 01:28:57,134 [Listener at 127.0.0.1/32995] INFO  http.HttpServer2 (HttpServer2.java:bindListener(1237)) - Jetty bound to port 40935
2020-10-13 01:28:57,134 [Listener at 127.0.0.1/32995] INFO  server.Server (Server.java:doStart(359)) - jetty-9.4.26.v20200117; built: 2020-01-17T12:35:33.676Z; git: 7b38981d25d14afb4a12ff1f2596756144edf695; jvm 1.8.0_232-b09
2020-10-13 01:28:57,138 [Listener at 127.0.0.1/32995] INFO  server.session (DefaultSessionIdManager.java:doStart(333)) - DefaultSessionIdManager workerName=node0
2020-10-13 01:28:57,138 [Listener at 127.0.0.1/32995] INFO  server.session (DefaultSessionIdManager.java:doStart(338)) - No SessionScavenger set, using defaults
2020-10-13 01:28:57,138 [Listener at 127.0.0.1/32995] INFO  server.session (HouseKeeper.java:startScavenging(140)) - node0 Scavenging every 660000ms
2020-10-13 01:28:57,139 [Listener at 127.0.0.1/32995] INFO  handler.ContextHandler (ContextHandler.java:doStart(825)) - Started o.e.j.s.ServletContextHandler@61aaffd4{logs,/logs,file:///github/workspace/mnt/ozone/hadoop-ozone/integration-test/target/log,AVAILABLE}
2020-10-13 01:28:57,139 [Listener at 127.0.0.1/32995] INFO  handler.ContextHandler (ContextHandler.java:doStart(825)) - Started o.e.j.s.ServletContextHandler@62cd00c7{static,/static,file:///github/workspace/mnt/ozone/hadoop-ozone/integration-test/target/test-classes/webapps/static,AVAILABLE}
2020-10-13 01:28:57,142 [Listener at 127.0.0.1/32995] INFO  handler.ContextHandler (ContextHandler.java:doStart(825)) - Started o.e.j.w.WebAppContext@72eae30d{ozoneManager,/,file:///github/workspace/mnt/ozone/hadoop-ozone/integration-test/target/test-classes/webapps/ozoneManager/,AVAILABLE}{file:/github/workspace/mnt/ozone/hadoop-ozone/integration-test/target/test-classes/webapps/ozoneManager}
2020-10-13 01:28:57,143 [Listener at 127.0.0.1/32995] INFO  server.AbstractConnector (AbstractConnector.java:doStart(330)) - Started ServerConnector@535f93b7{HTTP/1.1,[http/1.1]}{0.0.0.0:40935}
2020-10-13 01:28:57,143 [Listener at 127.0.0.1/32995] INFO  server.Server (Server.java:doStart(399)) - Started @44365ms
2020-10-13 01:28:57,143 [Listener at 127.0.0.1/32995] WARN  impl.MetricsSystemImpl (MetricsSystemImpl.java:register(276)) - Sink prometheus already exists!
2020-10-13 01:28:57,147 [Listener at 127.0.0.1/32995] INFO  http.BaseHttpServer (BaseHttpServer.java:updateConnectorAddress(327)) - HTTP server of ozoneManager listening at http://0.0.0.0:40935
2020-10-13 01:28:57,147 [IPC Server Responder] INFO  ipc.Server (Server.java:run(1460)) - IPC Server Responder: starting
2020-10-13 01:28:57,154 [IPC Server listener on 0] INFO  ipc.Server (Server.java:run(1298)) - IPC Server listener on 0: starting
2020-10-13 01:28:57,165 [org.apache.hadoop.util.JvmPauseMonitor$Monitor@2a41d9df] INFO  util.JvmPauseMonitor (JvmPauseMonitor.java:run(188)) - Starting JVM pause monitor
2020-10-13 01:28:57,181 [Listener at 127.0.0.1/32995] INFO  impl.MetricsSystemImpl (MetricsSystemImpl.java:init(158)) - HddsDatanode metrics system started (again)
2020-10-13 01:28:57,182 [Listener at 127.0.0.1/32995] INFO  ozone.HddsDatanodeService (HddsDatanodeService.java:start(217)) - HddsDatanodeService host:4c549b8e0644 ip:172.17.0.2
2020-10-13 01:28:57,188 [Listener at 127.0.0.1/32995] INFO  volume.HddsVolume (HddsVolume.java:<init>(176)) - Creating Volume: /github/workspace/mnt/ozone/hadoop-ozone/integration-test/target/test-dir/MiniOzoneClusterImpl-4b926bf3-aee9-4ef9-a274-c573270b78ea/datanode-0/data-0/containers/hdds of storage type : DISK and capacity : 9223372036854775807
2020-10-13 01:28:57,188 [Listener at 127.0.0.1/32995] INFO  volume.MutableVolumeSet (MutableVolumeSet.java:initializeVolumeSet(179)) - Added Volume : /github/workspace/mnt/ozone/hadoop-ozone/integration-test/target/test-dir/MiniOzoneClusterImpl-4b926bf3-aee9-4ef9-a274-c573270b78ea/datanode-0/data-0/containers/hdds to VolumeSet
2020-10-13 01:28:57,188 [Listener at 127.0.0.1/32995] INFO  volume.ThrottledAsyncChecker (ThrottledAsyncChecker.java:schedule(141)) - Scheduling a check for /github/workspace/mnt/ozone/hadoop-ozone/integration-test/target/test-dir/MiniOzoneClusterImpl-4b926bf3-aee9-4ef9-a274-c573270b78ea/datanode-0/data-0/containers/hdds
2020-10-13 01:28:57,191 [Listener at 127.0.0.1/32995] INFO  volume.HddsVolumeChecker (HddsVolumeChecker.java:checkAllVolumes(200)) - Scheduled health check for volume /github/workspace/mnt/ozone/hadoop-ozone/integration-test/target/test-dir/MiniOzoneClusterImpl-4b926bf3-aee9-4ef9-a274-c573270b78ea/datanode-0/data-0/containers/hdds
2020-10-13 01:28:57,205 [Thread-489] INFO  ozoneimpl.ContainerReader (ContainerReader.java:readVolume(123)) - Start to verify containers on volume /github/workspace/mnt/ozone/hadoop-ozone/integration-test/target/test-dir/MiniOzoneClusterImpl-4b926bf3-aee9-4ef9-a274-c573270b78ea/datanode-0/data-0/containers/hdds
2020-10-13 01:28:57,205 [Thread-489] INFO  ozoneimpl.ContainerReader (ContainerReader.java:readVolume(148)) - Finish verifying containers on volume /github/workspace/mnt/ozone/hadoop-ozone/integration-test/target/test-dir/MiniOzoneClusterImpl-4b926bf3-aee9-4ef9-a274-c573270b78ea/datanode-0/data-0/containers/hdds
2020-10-13 01:28:57,205 [Listener at 127.0.0.1/32995] INFO  ozoneimpl.OzoneContainer (OzoneContainer.java:buildContainerSet(196)) - Build ContainerSet costs 0s
2020-10-13 01:28:57,207 [Listener at 127.0.0.1/32995] INFO  impl.RaftServerProxy (ConfUtils.java:logGet(44)) - raft.rpc.type = GRPC (default)
2020-10-13 01:28:57,207 [Listener at 127.0.0.1/32995] INFO  grpc.GrpcFactory (GrpcFactory.java:checkPooledByteBufAllocatorUseCacheForAllThreads(45)) - PERFORMANCE WARNING: useCacheForAllThreads is true that may cause Netty to create a lot garbage objects and, as a result, trigger GC.
	It is recommended to disable useCacheForAllThreads by setting -Dorg.apache.ratis.thirdparty.io.netty.allocator.useCacheForAllThreads=false in command line.
2020-10-13 01:28:57,207 [Listener at 127.0.0.1/32995] INFO  grpc.GrpcConfigKeys (ConfUtils.java:logGet(44)) - raft.grpc.server.port = 0 (default)
2020-10-13 01:28:57,207 [Listener at 127.0.0.1/32995] INFO  server.GrpcService (ConfUtils.java:logGet(44)) - raft.grpc.message.size.max = 32MB (=33554432) (custom)
2020-10-13 01:28:57,208 [Listener at 127.0.0.1/32995] INFO  server.RaftServerConfigKeys (ConfUtils.java:logGet(44)) - raft.server.log.appender.buffer.byte-limit = 33554432 (custom)
2020-10-13 01:28:57,208 [Listener at 127.0.0.1/32995] INFO  server.GrpcService (ConfUtils.java:logGet(44)) - raft.grpc.flow.control.window = 5MB (=5242880) (custom)
2020-10-13 01:28:57,208 [Listener at 127.0.0.1/32995] INFO  server.RaftServerConfigKeys (ConfUtils.java:logGet(44)) - raft.server.rpc.request.timeout = 60s (custom)
2020-10-13 01:28:57,209 [Listener at 127.0.0.1/32995] INFO  server.RaftServerConfigKeys (ConfUtils.java:logGet(44)) - raft.server.storage.dir = [/github/workspace/mnt/ozone/hadoop-ozone/integration-test/target/test-dir/MiniOzoneClusterImpl-4b926bf3-aee9-4ef9-a274-c573270b78ea/datanode-0/data/ratis] (custom)
2020-10-13 01:28:57,213 [Listener at 127.0.0.1/32995] INFO  http.BaseHttpServer (BaseHttpServer.java:newHttpServer2BuilderForOzone(207)) - Starting Web-server for hddsDatanode at: http://0.0.0.0:0
2020-10-13 01:28:57,213 [Listener at 127.0.0.1/32995] INFO  http.BaseHttpServer (BaseHttpServer.java:<init>(106)) - Hadoop Security Enabled: false Ozone Security Enabled: false Ozone HTTP Security Enabled: false 
2020-10-13 01:28:57,214 [Listener at 127.0.0.1/32995] INFO  server.AuthenticationFilter (AuthenticationFilter.java:constructSecretProvider(240)) - Unable to initialize FileSignerSecretProvider, falling back to use random secrets.
2020-10-13 01:28:57,218 [Listener at 127.0.0.1/32995] WARN  http.HttpRequestLog (HttpRequestLog.java:getRequestLog(103)) - Jetty request log can only be enabled using Log4j
2020-10-13 01:28:57,219 [Listener at 127.0.0.1/32995] INFO  http.HttpServer2 (HttpServer2.java:addGlobalFilter(1019)) - Added global filter 'safety' (class=org.apache.hadoop.hdds.server.http.HttpServer2$QuotingInputFilter)
2020-10-13 01:28:57,220 [Listener at 127.0.0.1/32995] INFO  http.HttpServer2 (HttpServer2.java:addFilter(995)) - Added filter static_user_filter (class=org.apache.hadoop.http.lib.StaticUserWebFilter$StaticUserFilter) to context hddsDatanode
2020-10-13 01:28:57,220 [Listener at 127.0.0.1/32995] INFO  http.HttpServer2 (HttpServer2.java:addFilter(1003)) - Added filter static_user_filter (class=org.apache.hadoop.http.lib.StaticUserWebFilter$StaticUserFilter) to context logs
2020-10-13 01:28:57,220 [Listener at 127.0.0.1/32995] INFO  http.HttpServer2 (HttpServer2.java:addFilter(1003)) - Added filter static_user_filter (class=org.apache.hadoop.http.lib.StaticUserWebFilter$StaticUserFilter) to context static
2020-10-13 01:28:57,220 [Listener at 127.0.0.1/32995] INFO  http.HttpServer2 (HttpServer2.java:bindListener(1237)) - Jetty bound to port 37639
2020-10-13 01:28:57,220 [Listener at 127.0.0.1/32995] INFO  server.Server (Server.java:doStart(359)) - jetty-9.4.26.v20200117; built: 2020-01-17T12:35:33.676Z; git: 7b38981d25d14afb4a12ff1f2596756144edf695; jvm 1.8.0_232-b09
2020-10-13 01:28:57,223 [Listener at 127.0.0.1/32995] INFO  server.session (DefaultSessionIdManager.java:doStart(333)) - DefaultSessionIdManager workerName=node0
2020-10-13 01:28:57,223 [Listener at 127.0.0.1/32995] INFO  server.session (DefaultSessionIdManager.java:doStart(338)) - No SessionScavenger set, using defaults
2020-10-13 01:28:57,223 [Listener at 127.0.0.1/32995] INFO  server.session (HouseKeeper.java:startScavenging(140)) - node0 Scavenging every 600000ms
2020-10-13 01:28:57,224 [Listener at 127.0.0.1/32995] INFO  handler.ContextHandler (ContextHandler.java:doStart(825)) - Started o.e.j.s.ServletContextHandler@103a41b9{logs,/logs,file:///github/workspace/mnt/ozone/hadoop-ozone/integration-test/target/log,AVAILABLE}
2020-10-13 01:28:57,225 [Listener at 127.0.0.1/32995] INFO  handler.ContextHandler (ContextHandler.java:doStart(825)) - Started o.e.j.s.ServletContextHandler@7ed439e0{static,/static,jar:file:/home/user/.m2/repository/org/apache/hadoop/hadoop-hdds-container-service/1.1.0-SNAPSHOT/hadoop-hdds-container-service-1.1.0-SNAPSHOT.jar!/webapps/static,AVAILABLE}
2020-10-13 01:28:57,362 [Listener at 127.0.0.1/32995] INFO  handler.ContextHandler (ContextHandler.java:doStart(825)) - Started o.e.j.w.WebAppContext@388f7322{hddsDatanode,/,file:///tmp/jetty-0_0_0_0-37639-hadoop-hdds-container-service-1_1_0-SNAPSHOT_jar-_-any-7735742339661706835.dir/webapp/,AVAILABLE}{jar:file:/home/user/.m2/repository/org/apache/hadoop/hadoop-hdds-container-service/1.1.0-SNAPSHOT/hadoop-hdds-container-service-1.1.0-SNAPSHOT.jar!/webapps/hddsDatanode}
2020-10-13 01:28:57,363 [Listener at 127.0.0.1/32995] INFO  server.AbstractConnector (AbstractConnector.java:doStart(330)) - Started ServerConnector@1b5c6a6{HTTP/1.1,[http/1.1]}{0.0.0.0:37639}
2020-10-13 01:28:57,364 [Listener at 127.0.0.1/32995] INFO  server.Server (Server.java:doStart(399)) - Started @44585ms
2020-10-13 01:28:57,364 [Listener at 127.0.0.1/32995] WARN  impl.MetricsSystemImpl (MetricsSystemImpl.java:register(276)) - Sink prometheus already exists!
2020-10-13 01:28:57,367 [Listener at 127.0.0.1/32995] INFO  http.BaseHttpServer (BaseHttpServer.java:updateConnectorAddress(327)) - HTTP server of hddsDatanode listening at http://0.0.0.0:37639
2020-10-13 01:28:57,371 [Listener at 127.0.0.1/32995] INFO  impl.MetricsSystemImpl (MetricsSystemImpl.java:init(158)) - HddsDatanode metrics system started (again)
2020-10-13 01:28:57,372 [Listener at 127.0.0.1/32995] INFO  ozone.HddsDatanodeService (HddsDatanodeService.java:start(217)) - HddsDatanodeService host:4c549b8e0644 ip:172.17.0.2
2020-10-13 01:28:57,377 [Listener at 127.0.0.1/32995] INFO  volume.HddsVolume (HddsVolume.java:<init>(176)) - Creating Volume: /github/workspace/mnt/ozone/hadoop-ozone/integration-test/target/test-dir/MiniOzoneClusterImpl-4b926bf3-aee9-4ef9-a274-c573270b78ea/datanode-1/data-0/containers/hdds of storage type : DISK and capacity : 9223372036854775807
2020-10-13 01:28:57,377 [Listener at 127.0.0.1/32995] INFO  volume.MutableVolumeSet (MutableVolumeSet.java:initializeVolumeSet(179)) - Added Volume : /github/workspace/mnt/ozone/hadoop-ozone/integration-test/target/test-dir/MiniOzoneClusterImpl-4b926bf3-aee9-4ef9-a274-c573270b78ea/datanode-1/data-0/containers/hdds to VolumeSet
2020-10-13 01:28:57,378 [Listener at 127.0.0.1/32995] INFO  volume.ThrottledAsyncChecker (ThrottledAsyncChecker.java:schedule(141)) - Scheduling a check for /github/workspace/mnt/ozone/hadoop-ozone/integration-test/target/test-dir/MiniOzoneClusterImpl-4b926bf3-aee9-4ef9-a274-c573270b78ea/datanode-1/data-0/containers/hdds
2020-10-13 01:28:57,390 [Listener at 127.0.0.1/32995] INFO  volume.HddsVolumeChecker (HddsVolumeChecker.java:checkAllVolumes(200)) - Scheduled health check for volume /github/workspace/mnt/ozone/hadoop-ozone/integration-test/target/test-dir/MiniOzoneClusterImpl-4b926bf3-aee9-4ef9-a274-c573270b78ea/datanode-1/data-0/containers/hdds
2020-10-13 01:28:57,394 [org.apache.hadoop.util.JvmPauseMonitor$Monitor@36a75ee2] INFO  util.JvmPauseMonitor (JvmPauseMonitor.java:run(188)) - Starting JVM pause monitor
2020-10-13 01:28:57,403 [Datanode State Machine Task Thread - 0] INFO  datanode.InitDatanodeState (InitDatanodeState.java:persistContainerDatanodeDetails(145)) - DatanodeDetails is persisted to /github/workspace/mnt/ozone/hadoop-ozone/integration-test/target/test-dir/MiniOzoneClusterImpl-4b926bf3-aee9-4ef9-a274-c573270b78ea/datanode-0/meta/datanode.id
2020-10-13 01:28:57,404 [Thread-500] INFO  ozoneimpl.ContainerReader (ContainerReader.java:readVolume(123)) - Start to verify containers on volume /github/workspace/mnt/ozone/hadoop-ozone/integration-test/target/test-dir/MiniOzoneClusterImpl-4b926bf3-aee9-4ef9-a274-c573270b78ea/datanode-1/data-0/containers/hdds
2020-10-13 01:28:57,404 [Thread-500] INFO  ozoneimpl.ContainerReader (ContainerReader.java:readVolume(148)) - Finish verifying containers on volume /github/workspace/mnt/ozone/hadoop-ozone/integration-test/target/test-dir/MiniOzoneClusterImpl-4b926bf3-aee9-4ef9-a274-c573270b78ea/datanode-1/data-0/containers/hdds
2020-10-13 01:28:57,404 [Listener at 127.0.0.1/32995] INFO  ozoneimpl.OzoneContainer (OzoneContainer.java:buildContainerSet(196)) - Build ContainerSet costs 0s
2020-10-13 01:28:57,406 [Listener at 127.0.0.1/32995] INFO  impl.RaftServerProxy (ConfUtils.java:logGet(44)) - raft.rpc.type = GRPC (default)
2020-10-13 01:28:57,406 [Listener at 127.0.0.1/32995] INFO  grpc.GrpcFactory (GrpcFactory.java:checkPooledByteBufAllocatorUseCacheForAllThreads(45)) - PERFORMANCE WARNING: useCacheForAllThreads is true that may cause Netty to create a lot garbage objects and, as a result, trigger GC.
	It is recommended to disable useCacheForAllThreads by setting -Dorg.apache.ratis.thirdparty.io.netty.allocator.useCacheForAllThreads=false in command line.
2020-10-13 01:28:57,406 [Listener at 127.0.0.1/32995] INFO  grpc.GrpcConfigKeys (ConfUtils.java:logGet(44)) - raft.grpc.server.port = 0 (default)
2020-10-13 01:28:57,406 [Listener at 127.0.0.1/32995] INFO  server.GrpcService (ConfUtils.java:logGet(44)) - raft.grpc.message.size.max = 32MB (=33554432) (custom)
2020-10-13 01:28:57,406 [Listener at 127.0.0.1/32995] INFO  server.RaftServerConfigKeys (ConfUtils.java:logGet(44)) - raft.server.log.appender.buffer.byte-limit = 33554432 (custom)
2020-10-13 01:28:57,406 [Listener at 127.0.0.1/32995] INFO  server.GrpcService (ConfUtils.java:logGet(44)) - raft.grpc.flow.control.window = 5MB (=5242880) (custom)
2020-10-13 01:28:57,406 [Listener at 127.0.0.1/32995] INFO  server.RaftServerConfigKeys (ConfUtils.java:logGet(44)) - raft.server.rpc.request.timeout = 60s (custom)
2020-10-13 01:28:57,407 [Listener at 127.0.0.1/32995] INFO  server.RaftServerConfigKeys (ConfUtils.java:logGet(44)) - raft.server.storage.dir = [/github/workspace/mnt/ozone/hadoop-ozone/integration-test/target/test-dir/MiniOzoneClusterImpl-4b926bf3-aee9-4ef9-a274-c573270b78ea/datanode-1/data/ratis] (custom)
2020-10-13 01:28:57,412 [Listener at 127.0.0.1/32995] INFO  http.BaseHttpServer (BaseHttpServer.java:newHttpServer2BuilderForOzone(207)) - Starting Web-server for hddsDatanode at: http://0.0.0.0:0
2020-10-13 01:28:57,412 [Listener at 127.0.0.1/32995] INFO  http.BaseHttpServer (BaseHttpServer.java:<init>(106)) - Hadoop Security Enabled: false Ozone Security Enabled: false Ozone HTTP Security Enabled: false 
2020-10-13 01:28:57,413 [Listener at 127.0.0.1/32995] INFO  server.AuthenticationFilter (AuthenticationFilter.java:constructSecretProvider(240)) - Unable to initialize FileSignerSecretProvider, falling back to use random secrets.
2020-10-13 01:28:57,413 [Listener at 127.0.0.1/32995] WARN  http.HttpRequestLog (HttpRequestLog.java:getRequestLog(103)) - Jetty request log can only be enabled using Log4j
2020-10-13 01:28:57,414 [Listener at 127.0.0.1/32995] INFO  http.HttpServer2 (HttpServer2.java:addGlobalFilter(1019)) - Added global filter 'safety' (class=org.apache.hadoop.hdds.server.http.HttpServer2$QuotingInputFilter)
2020-10-13 01:28:57,415 [Listener at 127.0.0.1/32995] INFO  http.HttpServer2 (HttpServer2.java:addFilter(995)) - Added filter static_user_filter (class=org.apache.hadoop.http.lib.StaticUserWebFilter$StaticUserFilter) to context hddsDatanode
2020-10-13 01:28:57,415 [Listener at 127.0.0.1/32995] INFO  http.HttpServer2 (HttpServer2.java:addFilter(1003)) - Added filter static_user_filter (class=org.apache.hadoop.http.lib.StaticUserWebFilter$StaticUserFilter) to context logs
2020-10-13 01:28:57,415 [Listener at 127.0.0.1/32995] INFO  http.HttpServer2 (HttpServer2.java:addFilter(1003)) - Added filter static_user_filter (class=org.apache.hadoop.http.lib.StaticUserWebFilter$StaticUserFilter) to context static
2020-10-13 01:28:57,415 [Listener at 127.0.0.1/32995] INFO  http.HttpServer2 (HttpServer2.java:bindListener(1237)) - Jetty bound to port 42701
2020-10-13 01:28:57,416 [Listener at 127.0.0.1/32995] INFO  server.Server (Server.java:doStart(359)) - jetty-9.4.26.v20200117; built: 2020-01-17T12:35:33.676Z; git: 7b38981d25d14afb4a12ff1f2596756144edf695; jvm 1.8.0_232-b09
2020-10-13 01:28:57,417 [Listener at 127.0.0.1/32995] INFO  server.session (DefaultSessionIdManager.java:doStart(333)) - DefaultSessionIdManager workerName=node0
2020-10-13 01:28:57,417 [Listener at 127.0.0.1/32995] INFO  server.session (DefaultSessionIdManager.java:doStart(338)) - No SessionScavenger set, using defaults
2020-10-13 01:28:57,417 [Listener at 127.0.0.1/32995] INFO  server.session (HouseKeeper.java:startScavenging(140)) - node0 Scavenging every 600000ms
2020-10-13 01:28:57,418 [Listener at 127.0.0.1/32995] INFO  handler.ContextHandler (ContextHandler.java:doStart(825)) - Started o.e.j.s.ServletContextHandler@7124b491{logs,/logs,file:///github/workspace/mnt/ozone/hadoop-ozone/integration-test/target/log,AVAILABLE}
2020-10-13 01:28:57,418 [Listener at 127.0.0.1/32995] INFO  handler.ContextHandler (ContextHandler.java:doStart(825)) - Started o.e.j.s.ServletContextHandler@9c035c9{static,/static,jar:file:/home/user/.m2/repository/org/apache/hadoop/hadoop-hdds-container-service/1.1.0-SNAPSHOT/hadoop-hdds-container-service-1.1.0-SNAPSHOT.jar!/webapps/static,AVAILABLE}
2020-10-13 01:28:57,553 [Listener at 127.0.0.1/32995] INFO  handler.ContextHandler (ContextHandler.java:doStart(825)) - Started o.e.j.w.WebAppContext@a3f851a{hddsDatanode,/,file:///tmp/jetty-0_0_0_0-42701-hadoop-hdds-container-service-1_1_0-SNAPSHOT_jar-_-any-6673041978079056563.dir/webapp/,AVAILABLE}{jar:file:/home/user/.m2/repository/org/apache/hadoop/hadoop-hdds-container-service/1.1.0-SNAPSHOT/hadoop-hdds-container-service-1.1.0-SNAPSHOT.jar!/webapps/hddsDatanode}
2020-10-13 01:28:57,554 [Listener at 127.0.0.1/32995] INFO  server.AbstractConnector (AbstractConnector.java:doStart(330)) - Started ServerConnector@e91cca4{HTTP/1.1,[http/1.1]}{0.0.0.0:42701}
2020-10-13 01:28:57,554 [Listener at 127.0.0.1/32995] INFO  server.Server (Server.java:doStart(399)) - Started @44776ms
2020-10-13 01:28:57,554 [Listener at 127.0.0.1/32995] WARN  impl.MetricsSystemImpl (MetricsSystemImpl.java:register(276)) - Sink prometheus already exists!
2020-10-13 01:28:57,557 [Listener at 127.0.0.1/32995] INFO  http.BaseHttpServer (BaseHttpServer.java:updateConnectorAddress(327)) - HTTP server of hddsDatanode listening at http://0.0.0.0:42701
2020-10-13 01:28:57,563 [Listener at 127.0.0.1/32995] INFO  impl.MetricsSystemImpl (MetricsSystemImpl.java:init(158)) - HddsDatanode metrics system started (again)
2020-10-13 01:28:57,564 [Listener at 127.0.0.1/32995] INFO  ozone.HddsDatanodeService (HddsDatanodeService.java:start(217)) - HddsDatanodeService host:4c549b8e0644 ip:172.17.0.2
2020-10-13 01:28:57,570 [org.apache.hadoop.util.JvmPauseMonitor$Monitor@5ab728d0] INFO  util.JvmPauseMonitor (JvmPauseMonitor.java:run(188)) - Starting JVM pause monitor
2020-10-13 01:28:57,572 [Datanode State Machine Task Thread - 0] INFO  datanode.InitDatanodeState (InitDatanodeState.java:persistContainerDatanodeDetails(145)) - DatanodeDetails is persisted to /github/workspace/mnt/ozone/hadoop-ozone/integration-test/target/test-dir/MiniOzoneClusterImpl-4b926bf3-aee9-4ef9-a274-c573270b78ea/datanode-1/meta/datanode.id
2020-10-13 01:28:57,572 [Listener at 127.0.0.1/32995] INFO  volume.HddsVolume (HddsVolume.java:<init>(176)) - Creating Volume: /github/workspace/mnt/ozone/hadoop-ozone/integration-test/target/test-dir/MiniOzoneClusterImpl-4b926bf3-aee9-4ef9-a274-c573270b78ea/datanode-2/data-0/containers/hdds of storage type : DISK and capacity : 9223372036854775807
2020-10-13 01:28:57,572 [Listener at 127.0.0.1/32995] INFO  volume.MutableVolumeSet (MutableVolumeSet.java:initializeVolumeSet(179)) - Added Volume : /github/workspace/mnt/ozone/hadoop-ozone/integration-test/target/test-dir/MiniOzoneClusterImpl-4b926bf3-aee9-4ef9-a274-c573270b78ea/datanode-2/data-0/containers/hdds to VolumeSet
2020-10-13 01:28:57,572 [Listener at 127.0.0.1/32995] INFO  volume.ThrottledAsyncChecker (ThrottledAsyncChecker.java:schedule(141)) - Scheduling a check for /github/workspace/mnt/ozone/hadoop-ozone/integration-test/target/test-dir/MiniOzoneClusterImpl-4b926bf3-aee9-4ef9-a274-c573270b78ea/datanode-2/data-0/containers/hdds
2020-10-13 01:28:57,573 [Listener at 127.0.0.1/32995] INFO  volume.HddsVolumeChecker (HddsVolumeChecker.java:checkAllVolumes(200)) - Scheduled health check for volume /github/workspace/mnt/ozone/hadoop-ozone/integration-test/target/test-dir/MiniOzoneClusterImpl-4b926bf3-aee9-4ef9-a274-c573270b78ea/datanode-2/data-0/containers/hdds
2020-10-13 01:28:57,587 [Thread-511] INFO  ozoneimpl.ContainerReader (ContainerReader.java:readVolume(123)) - Start to verify containers on volume /github/workspace/mnt/ozone/hadoop-ozone/integration-test/target/test-dir/MiniOzoneClusterImpl-4b926bf3-aee9-4ef9-a274-c573270b78ea/datanode-2/data-0/containers/hdds
2020-10-13 01:28:57,587 [Thread-511] INFO  ozoneimpl.ContainerReader (ContainerReader.java:readVolume(148)) - Finish verifying containers on volume /github/workspace/mnt/ozone/hadoop-ozone/integration-test/target/test-dir/MiniOzoneClusterImpl-4b926bf3-aee9-4ef9-a274-c573270b78ea/datanode-2/data-0/containers/hdds
2020-10-13 01:28:57,587 [Listener at 127.0.0.1/32995] INFO  ozoneimpl.OzoneContainer (OzoneContainer.java:buildContainerSet(196)) - Build ContainerSet costs 0s
2020-10-13 01:28:57,589 [Listener at 127.0.0.1/32995] INFO  impl.RaftServerProxy (ConfUtils.java:logGet(44)) - raft.rpc.type = GRPC (default)
2020-10-13 01:28:57,589 [Listener at 127.0.0.1/32995] INFO  grpc.GrpcFactory (GrpcFactory.java:checkPooledByteBufAllocatorUseCacheForAllThreads(45)) - PERFORMANCE WARNING: useCacheForAllThreads is true that may cause Netty to create a lot garbage objects and, as a result, trigger GC.
	It is recommended to disable useCacheForAllThreads by setting -Dorg.apache.ratis.thirdparty.io.netty.allocator.useCacheForAllThreads=false in command line.
2020-10-13 01:28:57,589 [Listener at 127.0.0.1/32995] INFO  grpc.GrpcConfigKeys (ConfUtils.java:logGet(44)) - raft.grpc.server.port = 0 (default)
2020-10-13 01:28:57,589 [Listener at 127.0.0.1/32995] INFO  server.GrpcService (ConfUtils.java:logGet(44)) - raft.grpc.message.size.max = 32MB (=33554432) (custom)
2020-10-13 01:28:57,589 [Listener at 127.0.0.1/32995] INFO  server.RaftServerConfigKeys (ConfUtils.java:logGet(44)) - raft.server.log.appender.buffer.byte-limit = 33554432 (custom)
2020-10-13 01:28:57,589 [Listener at 127.0.0.1/32995] INFO  server.GrpcService (ConfUtils.java:logGet(44)) - raft.grpc.flow.control.window = 5MB (=5242880) (custom)
2020-10-13 01:28:57,589 [Listener at 127.0.0.1/32995] INFO  server.RaftServerConfigKeys (ConfUtils.java:logGet(44)) - raft.server.rpc.request.timeout = 60s (custom)
2020-10-13 01:28:57,591 [Listener at 127.0.0.1/32995] INFO  server.RaftServerConfigKeys (ConfUtils.java:logGet(44)) - raft.server.storage.dir = [/github/workspace/mnt/ozone/hadoop-ozone/integration-test/target/test-dir/MiniOzoneClusterImpl-4b926bf3-aee9-4ef9-a274-c573270b78ea/datanode-2/data/ratis] (custom)
2020-10-13 01:28:57,595 [Listener at 127.0.0.1/32995] INFO  http.BaseHttpServer (BaseHttpServer.java:newHttpServer2BuilderForOzone(207)) - Starting Web-server for hddsDatanode at: http://0.0.0.0:0
2020-10-13 01:28:57,595 [Listener at 127.0.0.1/32995] INFO  http.BaseHttpServer (BaseHttpServer.java:<init>(106)) - Hadoop Security Enabled: false Ozone Security Enabled: false Ozone HTTP Security Enabled: false 
2020-10-13 01:28:57,596 [Listener at 127.0.0.1/32995] INFO  server.AuthenticationFilter (AuthenticationFilter.java:constructSecretProvider(240)) - Unable to initialize FileSignerSecretProvider, falling back to use random secrets.
2020-10-13 01:28:57,597 [Listener at 127.0.0.1/32995] WARN  http.HttpRequestLog (HttpRequestLog.java:getRequestLog(103)) - Jetty request log can only be enabled using Log4j
2020-10-13 01:28:57,598 [Listener at 127.0.0.1/32995] INFO  http.HttpServer2 (HttpServer2.java:addGlobalFilter(1019)) - Added global filter 'safety' (class=org.apache.hadoop.hdds.server.http.HttpServer2$QuotingInputFilter)
2020-10-13 01:28:57,598 [Listener at 127.0.0.1/32995] INFO  http.HttpServer2 (HttpServer2.java:addFilter(995)) - Added filter static_user_filter (class=org.apache.hadoop.http.lib.StaticUserWebFilter$StaticUserFilter) to context hddsDatanode
2020-10-13 01:28:57,598 [Listener at 127.0.0.1/32995] INFO  http.HttpServer2 (HttpServer2.java:addFilter(1003)) - Added filter static_user_filter (class=org.apache.hadoop.http.lib.StaticUserWebFilter$StaticUserFilter) to context static
2020-10-13 01:28:57,598 [Listener at 127.0.0.1/32995] INFO  http.HttpServer2 (HttpServer2.java:addFilter(1003)) - Added filter static_user_filter (class=org.apache.hadoop.http.lib.StaticUserWebFilter$StaticUserFilter) to context logs
2020-10-13 01:28:57,599 [Listener at 127.0.0.1/32995] INFO  http.HttpServer2 (HttpServer2.java:bindListener(1237)) - Jetty bound to port 36263
2020-10-13 01:28:57,599 [Listener at 127.0.0.1/32995] INFO  server.Server (Server.java:doStart(359)) - jetty-9.4.26.v20200117; built: 2020-01-17T12:35:33.676Z; git: 7b38981d25d14afb4a12ff1f2596756144edf695; jvm 1.8.0_232-b09
2020-10-13 01:28:57,600 [Listener at 127.0.0.1/32995] INFO  server.session (DefaultSessionIdManager.java:doStart(333)) - DefaultSessionIdManager workerName=node0
2020-10-13 01:28:57,600 [Listener at 127.0.0.1/32995] INFO  server.session (DefaultSessionIdManager.java:doStart(338)) - No SessionScavenger set, using defaults
2020-10-13 01:28:57,600 [Listener at 127.0.0.1/32995] INFO  server.session (HouseKeeper.java:startScavenging(140)) - node0 Scavenging every 660000ms
2020-10-13 01:28:57,601 [Listener at 127.0.0.1/32995] INFO  handler.ContextHandler (ContextHandler.java:doStart(825)) - Started o.e.j.s.ServletContextHandler@6883dbbd{logs,/logs,file:///github/workspace/mnt/ozone/hadoop-ozone/integration-test/target/log,AVAILABLE}
2020-10-13 01:28:57,601 [Listener at 127.0.0.1/32995] INFO  handler.ContextHandler (ContextHandler.java:doStart(825)) - Started o.e.j.s.ServletContextHandler@63d30482{static,/static,jar:file:/home/user/.m2/repository/org/apache/hadoop/hadoop-hdds-container-service/1.1.0-SNAPSHOT/hadoop-hdds-container-service-1.1.0-SNAPSHOT.jar!/webapps/static,AVAILABLE}
2020-10-13 01:28:57,737 [Listener at 127.0.0.1/32995] INFO  handler.ContextHandler (ContextHandler.java:doStart(825)) - Started o.e.j.w.WebAppContext@1d225c7e{hddsDatanode,/,file:///tmp/jetty-0_0_0_0-36263-hadoop-hdds-container-service-1_1_0-SNAPSHOT_jar-_-any-6908638644162711198.dir/webapp/,AVAILABLE}{jar:file:/home/user/.m2/repository/org/apache/hadoop/hadoop-hdds-container-service/1.1.0-SNAPSHOT/hadoop-hdds-container-service-1.1.0-SNAPSHOT.jar!/webapps/hddsDatanode}
2020-10-13 01:28:57,738 [Listener at 127.0.0.1/32995] INFO  server.AbstractConnector (AbstractConnector.java:doStart(330)) - Started ServerConnector@67560f64{HTTP/1.1,[http/1.1]}{0.0.0.0:36263}
2020-10-13 01:28:57,738 [Listener at 127.0.0.1/32995] INFO  server.Server (Server.java:doStart(399)) - Started @44959ms
2020-10-13 01:28:57,738 [Listener at 127.0.0.1/32995] WARN  impl.MetricsSystemImpl (MetricsSystemImpl.java:register(276)) - Sink prometheus already exists!
2020-10-13 01:28:57,742 [Listener at 127.0.0.1/32995] INFO  http.BaseHttpServer (BaseHttpServer.java:updateConnectorAddress(327)) - HTTP server of hddsDatanode listening at http://0.0.0.0:36263
2020-10-13 01:28:57,746 [Listener at 127.0.0.1/32995] INFO  impl.MetricsSystemImpl (MetricsSystemImpl.java:init(158)) - HddsDatanode metrics system started (again)
2020-10-13 01:28:57,751 [Listener at 127.0.0.1/32995] INFO  ozone.HddsDatanodeService (HddsDatanodeService.java:start(217)) - HddsDatanodeService host:4c549b8e0644 ip:172.17.0.2
2020-10-13 01:28:57,753 [org.apache.hadoop.util.JvmPauseMonitor$Monitor@3bd6e9ec] INFO  util.JvmPauseMonitor (JvmPauseMonitor.java:run(188)) - Starting JVM pause monitor
2020-10-13 01:28:57,753 [Datanode State Machine Task Thread - 0] INFO  datanode.InitDatanodeState (InitDatanodeState.java:persistContainerDatanodeDetails(145)) - DatanodeDetails is persisted to /github/workspace/mnt/ozone/hadoop-ozone/integration-test/target/test-dir/MiniOzoneClusterImpl-4b926bf3-aee9-4ef9-a274-c573270b78ea/datanode-2/meta/datanode.id
2020-10-13 01:28:57,754 [Listener at 127.0.0.1/32995] INFO  volume.HddsVolume (HddsVolume.java:<init>(176)) - Creating Volume: /github/workspace/mnt/ozone/hadoop-ozone/integration-test/target/test-dir/MiniOzoneClusterImpl-4b926bf3-aee9-4ef9-a274-c573270b78ea/datanode-3/data-0/containers/hdds of storage type : DISK and capacity : 9223372036854775807
2020-10-13 01:28:57,754 [Listener at 127.0.0.1/32995] INFO  volume.MutableVolumeSet (MutableVolumeSet.java:initializeVolumeSet(179)) - Added Volume : /github/workspace/mnt/ozone/hadoop-ozone/integration-test/target/test-dir/MiniOzoneClusterImpl-4b926bf3-aee9-4ef9-a274-c573270b78ea/datanode-3/data-0/containers/hdds to VolumeSet
2020-10-13 01:28:57,754 [Listener at 127.0.0.1/32995] INFO  volume.ThrottledAsyncChecker (ThrottledAsyncChecker.java:schedule(141)) - Scheduling a check for /github/workspace/mnt/ozone/hadoop-ozone/integration-test/target/test-dir/MiniOzoneClusterImpl-4b926bf3-aee9-4ef9-a274-c573270b78ea/datanode-3/data-0/containers/hdds
2020-10-13 01:28:57,754 [Listener at 127.0.0.1/32995] INFO  volume.HddsVolumeChecker (HddsVolumeChecker.java:checkAllVolumes(200)) - Scheduled health check for volume /github/workspace/mnt/ozone/hadoop-ozone/integration-test/target/test-dir/MiniOzoneClusterImpl-4b926bf3-aee9-4ef9-a274-c573270b78ea/datanode-3/data-0/containers/hdds
2020-10-13 01:28:57,769 [Thread-522] INFO  ozoneimpl.ContainerReader (ContainerReader.java:readVolume(123)) - Start to verify containers on volume /github/workspace/mnt/ozone/hadoop-ozone/integration-test/target/test-dir/MiniOzoneClusterImpl-4b926bf3-aee9-4ef9-a274-c573270b78ea/datanode-3/data-0/containers/hdds
2020-10-13 01:28:57,769 [Thread-522] INFO  ozoneimpl.ContainerReader (ContainerReader.java:readVolume(148)) - Finish verifying containers on volume /github/workspace/mnt/ozone/hadoop-ozone/integration-test/target/test-dir/MiniOzoneClusterImpl-4b926bf3-aee9-4ef9-a274-c573270b78ea/datanode-3/data-0/containers/hdds
2020-10-13 01:28:57,769 [Listener at 127.0.0.1/32995] INFO  ozoneimpl.OzoneContainer (OzoneContainer.java:buildContainerSet(196)) - Build ContainerSet costs 0s
2020-10-13 01:28:57,771 [Listener at 127.0.0.1/32995] INFO  impl.RaftServerProxy (ConfUtils.java:logGet(44)) - raft.rpc.type = GRPC (default)
2020-10-13 01:28:57,772 [Listener at 127.0.0.1/32995] INFO  grpc.GrpcFactory (GrpcFactory.java:checkPooledByteBufAllocatorUseCacheForAllThreads(45)) - PERFORMANCE WARNING: useCacheForAllThreads is true that may cause Netty to create a lot garbage objects and, as a result, trigger GC.
	It is recommended to disable useCacheForAllThreads by setting -Dorg.apache.ratis.thirdparty.io.netty.allocator.useCacheForAllThreads=false in command line.
2020-10-13 01:28:57,772 [Listener at 127.0.0.1/32995] INFO  grpc.GrpcConfigKeys (ConfUtils.java:logGet(44)) - raft.grpc.server.port = 0 (default)
2020-10-13 01:28:57,773 [Listener at 127.0.0.1/32995] INFO  server.GrpcService (ConfUtils.java:logGet(44)) - raft.grpc.message.size.max = 32MB (=33554432) (custom)
2020-10-13 01:28:57,773 [Listener at 127.0.0.1/32995] INFO  server.RaftServerConfigKeys (ConfUtils.java:logGet(44)) - raft.server.log.appender.buffer.byte-limit = 33554432 (custom)
2020-10-13 01:28:57,773 [Listener at 127.0.0.1/32995] INFO  server.GrpcService (ConfUtils.java:logGet(44)) - raft.grpc.flow.control.window = 5MB (=5242880) (custom)
2020-10-13 01:28:57,773 [Listener at 127.0.0.1/32995] INFO  server.RaftServerConfigKeys (ConfUtils.java:logGet(44)) - raft.server.rpc.request.timeout = 60s (custom)
2020-10-13 01:28:57,775 [Listener at 127.0.0.1/32995] INFO  server.RaftServerConfigKeys (ConfUtils.java:logGet(44)) - raft.server.storage.dir = [/github/workspace/mnt/ozone/hadoop-ozone/integration-test/target/test-dir/MiniOzoneClusterImpl-4b926bf3-aee9-4ef9-a274-c573270b78ea/datanode-3/data/ratis] (custom)
2020-10-13 01:28:57,779 [Listener at 127.0.0.1/32995] INFO  http.BaseHttpServer (BaseHttpServer.java:newHttpServer2BuilderForOzone(207)) - Starting Web-server for hddsDatanode at: http://0.0.0.0:0
2020-10-13 01:28:57,779 [Listener at 127.0.0.1/32995] INFO  http.BaseHttpServer (BaseHttpServer.java:<init>(106)) - Hadoop Security Enabled: false Ozone Security Enabled: false Ozone HTTP Security Enabled: false 
2020-10-13 01:28:57,780 [Listener at 127.0.0.1/32995] INFO  server.AuthenticationFilter (AuthenticationFilter.java:constructSecretProvider(240)) - Unable to initialize FileSignerSecretProvider, falling back to use random secrets.
2020-10-13 01:28:57,780 [Listener at 127.0.0.1/32995] WARN  http.HttpRequestLog (HttpRequestLog.java:getRequestLog(103)) - Jetty request log can only be enabled using Log4j
2020-10-13 01:28:57,781 [Listener at 127.0.0.1/32995] INFO  http.HttpServer2 (HttpServer2.java:addGlobalFilter(1019)) - Added global filter 'safety' (class=org.apache.hadoop.hdds.server.http.HttpServer2$QuotingInputFilter)
2020-10-13 01:28:57,782 [Listener at 127.0.0.1/32995] INFO  http.HttpServer2 (HttpServer2.java:addFilter(995)) - Added filter static_user_filter (class=org.apache.hadoop.http.lib.StaticUserWebFilter$StaticUserFilter) to context hddsDatanode
2020-10-13 01:28:57,782 [Listener at 127.0.0.1/32995] INFO  http.HttpServer2 (HttpServer2.java:addFilter(1003)) - Added filter static_user_filter (class=org.apache.hadoop.http.lib.StaticUserWebFilter$StaticUserFilter) to context logs
2020-10-13 01:28:57,782 [Listener at 127.0.0.1/32995] INFO  http.HttpServer2 (HttpServer2.java:addFilter(1003)) - Added filter static_user_filter (class=org.apache.hadoop.http.lib.StaticUserWebFilter$StaticUserFilter) to context static
2020-10-13 01:28:57,783 [Listener at 127.0.0.1/32995] INFO  http.HttpServer2 (HttpServer2.java:bindListener(1237)) - Jetty bound to port 43043
2020-10-13 01:28:57,783 [Listener at 127.0.0.1/32995] INFO  server.Server (Server.java:doStart(359)) - jetty-9.4.26.v20200117; built: 2020-01-17T12:35:33.676Z; git: 7b38981d25d14afb4a12ff1f2596756144edf695; jvm 1.8.0_232-b09
2020-10-13 01:28:57,784 [Listener at 127.0.0.1/32995] INFO  server.session (DefaultSessionIdManager.java:doStart(333)) - DefaultSessionIdManager workerName=node0
2020-10-13 01:28:57,784 [Listener at 127.0.0.1/32995] INFO  server.session (DefaultSessionIdManager.java:doStart(338)) - No SessionScavenger set, using defaults
2020-10-13 01:28:57,784 [Listener at 127.0.0.1/32995] INFO  server.session (HouseKeeper.java:startScavenging(140)) - node0 Scavenging every 660000ms
2020-10-13 01:28:57,785 [Listener at 127.0.0.1/32995] INFO  handler.ContextHandler (ContextHandler.java:doStart(825)) - Started o.e.j.s.ServletContextHandler@295cc629{logs,/logs,file:///github/workspace/mnt/ozone/hadoop-ozone/integration-test/target/log,AVAILABLE}
2020-10-13 01:28:57,785 [Listener at 127.0.0.1/32995] INFO  handler.ContextHandler (ContextHandler.java:doStart(825)) - Started o.e.j.s.ServletContextHandler@87cb586{static,/static,jar:file:/home/user/.m2/repository/org/apache/hadoop/hadoop-hdds-container-service/1.1.0-SNAPSHOT/hadoop-hdds-container-service-1.1.0-SNAPSHOT.jar!/webapps/static,AVAILABLE}
2020-10-13 01:28:57,919 [Listener at 127.0.0.1/32995] INFO  handler.ContextHandler (ContextHandler.java:doStart(825)) - Started o.e.j.w.WebAppContext@1f50e24c{hddsDatanode,/,file:///tmp/jetty-0_0_0_0-43043-hadoop-hdds-container-service-1_1_0-SNAPSHOT_jar-_-any-2835155991958859459.dir/webapp/,AVAILABLE}{jar:file:/home/user/.m2/repository/org/apache/hadoop/hadoop-hdds-container-service/1.1.0-SNAPSHOT/hadoop-hdds-container-service-1.1.0-SNAPSHOT.jar!/webapps/hddsDatanode}
2020-10-13 01:28:57,921 [Listener at 127.0.0.1/32995] INFO  server.AbstractConnector (AbstractConnector.java:doStart(330)) - Started ServerConnector@7cf7489d{HTTP/1.1,[http/1.1]}{0.0.0.0:43043}
2020-10-13 01:28:57,921 [Listener at 127.0.0.1/32995] INFO  server.Server (Server.java:doStart(399)) - Started @45143ms
2020-10-13 01:28:57,922 [Listener at 127.0.0.1/32995] WARN  impl.MetricsSystemImpl (MetricsSystemImpl.java:register(276)) - Sink prometheus already exists!
2020-10-13 01:28:57,926 [Listener at 127.0.0.1/32995] INFO  http.BaseHttpServer (BaseHttpServer.java:updateConnectorAddress(327)) - HTTP server of hddsDatanode listening at http://0.0.0.0:43043
2020-10-13 01:28:57,928 [Listener at 127.0.0.1/32995] INFO  impl.MetricsSystemImpl (MetricsSystemImpl.java:init(158)) - HddsDatanode metrics system started (again)
2020-10-13 01:28:57,930 [Listener at 127.0.0.1/32995] INFO  ozone.HddsDatanodeService (HddsDatanodeService.java:start(217)) - HddsDatanodeService host:4c549b8e0644 ip:172.17.0.2
2020-10-13 01:28:57,934 [Listener at 127.0.0.1/32995] INFO  volume.HddsVolume (HddsVolume.java:<init>(176)) - Creating Volume: /github/workspace/mnt/ozone/hadoop-ozone/integration-test/target/test-dir/MiniOzoneClusterImpl-4b926bf3-aee9-4ef9-a274-c573270b78ea/datanode-4/data-0/containers/hdds of storage type : DISK and capacity : 9223372036854775807
2020-10-13 01:28:57,935 [Listener at 127.0.0.1/32995] INFO  volume.MutableVolumeSet (MutableVolumeSet.java:initializeVolumeSet(179)) - Added Volume : /github/workspace/mnt/ozone/hadoop-ozone/integration-test/target/test-dir/MiniOzoneClusterImpl-4b926bf3-aee9-4ef9-a274-c573270b78ea/datanode-4/data-0/containers/hdds to VolumeSet
2020-10-13 01:28:57,935 [Listener at 127.0.0.1/32995] INFO  volume.ThrottledAsyncChecker (ThrottledAsyncChecker.java:schedule(141)) - Scheduling a check for /github/workspace/mnt/ozone/hadoop-ozone/integration-test/target/test-dir/MiniOzoneClusterImpl-4b926bf3-aee9-4ef9-a274-c573270b78ea/datanode-4/data-0/containers/hdds
2020-10-13 01:28:57,938 [org.apache.hadoop.util.JvmPauseMonitor$Monitor@3379639e] INFO  util.JvmPauseMonitor (JvmPauseMonitor.java:run(188)) - Starting JVM pause monitor
2020-10-13 01:28:57,939 [Listener at 127.0.0.1/32995] INFO  volume.HddsVolumeChecker (HddsVolumeChecker.java:checkAllVolumes(200)) - Scheduled health check for volume /github/workspace/mnt/ozone/hadoop-ozone/integration-test/target/test-dir/MiniOzoneClusterImpl-4b926bf3-aee9-4ef9-a274-c573270b78ea/datanode-4/data-0/containers/hdds
2020-10-13 01:28:57,947 [Datanode State Machine Task Thread - 0] INFO  datanode.InitDatanodeState (InitDatanodeState.java:persistContainerDatanodeDetails(145)) - DatanodeDetails is persisted to /github/workspace/mnt/ozone/hadoop-ozone/integration-test/target/test-dir/MiniOzoneClusterImpl-4b926bf3-aee9-4ef9-a274-c573270b78ea/datanode-3/meta/datanode.id
2020-10-13 01:28:57,952 [Thread-533] INFO  ozoneimpl.ContainerReader (ContainerReader.java:readVolume(123)) - Start to verify containers on volume /github/workspace/mnt/ozone/hadoop-ozone/integration-test/target/test-dir/MiniOzoneClusterImpl-4b926bf3-aee9-4ef9-a274-c573270b78ea/datanode-4/data-0/containers/hdds
2020-10-13 01:28:57,952 [Thread-533] INFO  ozoneimpl.ContainerReader (ContainerReader.java:readVolume(148)) - Finish verifying containers on volume /github/workspace/mnt/ozone/hadoop-ozone/integration-test/target/test-dir/MiniOzoneClusterImpl-4b926bf3-aee9-4ef9-a274-c573270b78ea/datanode-4/data-0/containers/hdds
2020-10-13 01:28:57,952 [Listener at 127.0.0.1/32995] INFO  ozoneimpl.OzoneContainer (OzoneContainer.java:buildContainerSet(196)) - Build ContainerSet costs 0s
2020-10-13 01:28:57,954 [Listener at 127.0.0.1/32995] INFO  impl.RaftServerProxy (ConfUtils.java:logGet(44)) - raft.rpc.type = GRPC (default)
2020-10-13 01:28:57,954 [Listener at 127.0.0.1/32995] INFO  grpc.GrpcFactory (GrpcFactory.java:checkPooledByteBufAllocatorUseCacheForAllThreads(45)) - PERFORMANCE WARNING: useCacheForAllThreads is true that may cause Netty to create a lot garbage objects and, as a result, trigger GC.
	It is recommended to disable useCacheForAllThreads by setting -Dorg.apache.ratis.thirdparty.io.netty.allocator.useCacheForAllThreads=false in command line.
2020-10-13 01:28:57,954 [Listener at 127.0.0.1/32995] INFO  grpc.GrpcConfigKeys (ConfUtils.java:logGet(44)) - raft.grpc.server.port = 0 (default)
2020-10-13 01:28:57,955 [Listener at 127.0.0.1/32995] INFO  server.GrpcService (ConfUtils.java:logGet(44)) - raft.grpc.message.size.max = 32MB (=33554432) (custom)
2020-10-13 01:28:57,955 [Listener at 127.0.0.1/32995] INFO  server.RaftServerConfigKeys (ConfUtils.java:logGet(44)) - raft.server.log.appender.buffer.byte-limit = 33554432 (custom)
2020-10-13 01:28:57,955 [Listener at 127.0.0.1/32995] INFO  server.GrpcService (ConfUtils.java:logGet(44)) - raft.grpc.flow.control.window = 5MB (=5242880) (custom)
2020-10-13 01:28:57,955 [Listener at 127.0.0.1/32995] INFO  server.RaftServerConfigKeys (ConfUtils.java:logGet(44)) - raft.server.rpc.request.timeout = 60s (custom)
2020-10-13 01:28:57,956 [Listener at 127.0.0.1/32995] INFO  server.RaftServerConfigKeys (ConfUtils.java:logGet(44)) - raft.server.storage.dir = [/github/workspace/mnt/ozone/hadoop-ozone/integration-test/target/test-dir/MiniOzoneClusterImpl-4b926bf3-aee9-4ef9-a274-c573270b78ea/datanode-4/data/ratis] (custom)
2020-10-13 01:28:57,961 [Listener at 127.0.0.1/32995] INFO  http.BaseHttpServer (BaseHttpServer.java:newHttpServer2BuilderForOzone(207)) - Starting Web-server for hddsDatanode at: http://0.0.0.0:0
2020-10-13 01:28:57,961 [Listener at 127.0.0.1/32995] INFO  http.BaseHttpServer (BaseHttpServer.java:<init>(106)) - Hadoop Security Enabled: false Ozone Security Enabled: false Ozone HTTP Security Enabled: false 
2020-10-13 01:28:57,962 [Listener at 127.0.0.1/32995] INFO  server.AuthenticationFilter (AuthenticationFilter.java:constructSecretProvider(240)) - Unable to initialize FileSignerSecretProvider, falling back to use random secrets.
2020-10-13 01:28:57,963 [Listener at 127.0.0.1/32995] WARN  http.HttpRequestLog (HttpRequestLog.java:getRequestLog(103)) - Jetty request log can only be enabled using Log4j
2020-10-13 01:28:57,963 [Listener at 127.0.0.1/32995] INFO  http.HttpServer2 (HttpServer2.java:addGlobalFilter(1019)) - Added global filter 'safety' (class=org.apache.hadoop.hdds.server.http.HttpServer2$QuotingInputFilter)
2020-10-13 01:28:57,964 [Listener at 127.0.0.1/32995] INFO  http.HttpServer2 (HttpServer2.java:addFilter(995)) - Added filter static_user_filter (class=org.apache.hadoop.http.lib.StaticUserWebFilter$StaticUserFilter) to context hddsDatanode
2020-10-13 01:28:57,964 [Listener at 127.0.0.1/32995] INFO  http.HttpServer2 (HttpServer2.java:addFilter(1003)) - Added filter static_user_filter (class=org.apache.hadoop.http.lib.StaticUserWebFilter$StaticUserFilter) to context static
2020-10-13 01:28:57,965 [Listener at 127.0.0.1/32995] INFO  http.HttpServer2 (HttpServer2.java:addFilter(1003)) - Added filter static_user_filter (class=org.apache.hadoop.http.lib.StaticUserWebFilter$StaticUserFilter) to context logs
2020-10-13 01:28:57,965 [Listener at 127.0.0.1/32995] INFO  http.HttpServer2 (HttpServer2.java:bindListener(1237)) - Jetty bound to port 41017
2020-10-13 01:28:57,965 [Listener at 127.0.0.1/32995] INFO  server.Server (Server.java:doStart(359)) - jetty-9.4.26.v20200117; built: 2020-01-17T12:35:33.676Z; git: 7b38981d25d14afb4a12ff1f2596756144edf695; jvm 1.8.0_232-b09
2020-10-13 01:28:57,967 [Listener at 127.0.0.1/32995] INFO  server.session (DefaultSessionIdManager.java:doStart(333)) - DefaultSessionIdManager workerName=node0
2020-10-13 01:28:57,967 [Listener at 127.0.0.1/32995] INFO  server.session (DefaultSessionIdManager.java:doStart(338)) - No SessionScavenger set, using defaults
2020-10-13 01:28:57,967 [Listener at 127.0.0.1/32995] INFO  server.session (HouseKeeper.java:startScavenging(140)) - node0 Scavenging every 600000ms
2020-10-13 01:28:57,968 [Listener at 127.0.0.1/32995] INFO  handler.ContextHandler (ContextHandler.java:doStart(825)) - Started o.e.j.s.ServletContextHandler@68f790b8{logs,/logs,file:///github/workspace/mnt/ozone/hadoop-ozone/integration-test/target/log,AVAILABLE}
2020-10-13 01:28:57,968 [Listener at 127.0.0.1/32995] INFO  handler.ContextHandler (ContextHandler.java:doStart(825)) - Started o.e.j.s.ServletContextHandler@3c21021a{static,/static,jar:file:/home/user/.m2/repository/org/apache/hadoop/hadoop-hdds-container-service/1.1.0-SNAPSHOT/hadoop-hdds-container-service-1.1.0-SNAPSHOT.jar!/webapps/static,AVAILABLE}
2020-10-13 01:28:58,112 [Listener at 127.0.0.1/32995] INFO  handler.ContextHandler (ContextHandler.java:doStart(825)) - Started o.e.j.w.WebAppContext@3fcc4092{hddsDatanode,/,file:///tmp/jetty-0_0_0_0-41017-hadoop-hdds-container-service-1_1_0-SNAPSHOT_jar-_-any-4755505568275995953.dir/webapp/,AVAILABLE}{jar:file:/home/user/.m2/repository/org/apache/hadoop/hadoop-hdds-container-service/1.1.0-SNAPSHOT/hadoop-hdds-container-service-1.1.0-SNAPSHOT.jar!/webapps/hddsDatanode}
2020-10-13 01:28:58,116 [Listener at 127.0.0.1/32995] INFO  server.AbstractConnector (AbstractConnector.java:doStart(330)) - Started ServerConnector@43983e13{HTTP/1.1,[http/1.1]}{0.0.0.0:41017}
2020-10-13 01:28:58,116 [Listener at 127.0.0.1/32995] INFO  server.Server (Server.java:doStart(399)) - Started @45337ms
2020-10-13 01:28:58,116 [Listener at 127.0.0.1/32995] WARN  impl.MetricsSystemImpl (MetricsSystemImpl.java:register(276)) - Sink prometheus already exists!
2020-10-13 01:28:58,120 [Listener at 127.0.0.1/32995] INFO  http.BaseHttpServer (BaseHttpServer.java:updateConnectorAddress(327)) - HTTP server of hddsDatanode listening at http://0.0.0.0:41017
2020-10-13 01:28:58,122 [Listener at 127.0.0.1/32995] INFO  impl.MetricsSystemImpl (MetricsSystemImpl.java:init(158)) - HddsDatanode metrics system started (again)
2020-10-13 01:28:58,124 [Listener at 127.0.0.1/32995] INFO  ozone.HddsDatanodeService (HddsDatanodeService.java:start(217)) - HddsDatanodeService host:4c549b8e0644 ip:172.17.0.2
2020-10-13 01:28:58,137 [Listener at 127.0.0.1/32995] INFO  volume.HddsVolume (HddsVolume.java:<init>(176)) - Creating Volume: /github/workspace/mnt/ozone/hadoop-ozone/integration-test/target/test-dir/MiniOzoneClusterImpl-4b926bf3-aee9-4ef9-a274-c573270b78ea/datanode-5/data-0/containers/hdds of storage type : DISK and capacity : 9223372036854775807
2020-10-13 01:28:58,138 [Listener at 127.0.0.1/32995] INFO  volume.MutableVolumeSet (MutableVolumeSet.java:initializeVolumeSet(179)) - Added Volume : /github/workspace/mnt/ozone/hadoop-ozone/integration-test/target/test-dir/MiniOzoneClusterImpl-4b926bf3-aee9-4ef9-a274-c573270b78ea/datanode-5/data-0/containers/hdds to VolumeSet
2020-10-13 01:28:58,138 [Listener at 127.0.0.1/32995] INFO  volume.ThrottledAsyncChecker (ThrottledAsyncChecker.java:schedule(141)) - Scheduling a check for /github/workspace/mnt/ozone/hadoop-ozone/integration-test/target/test-dir/MiniOzoneClusterImpl-4b926bf3-aee9-4ef9-a274-c573270b78ea/datanode-5/data-0/containers/hdds
2020-10-13 01:28:58,139 [Listener at 127.0.0.1/32995] INFO  volume.HddsVolumeChecker (HddsVolumeChecker.java:checkAllVolumes(200)) - Scheduled health check for volume /github/workspace/mnt/ozone/hadoop-ozone/integration-test/target/test-dir/MiniOzoneClusterImpl-4b926bf3-aee9-4ef9-a274-c573270b78ea/datanode-5/data-0/containers/hdds
2020-10-13 01:28:58,165 [org.apache.hadoop.util.JvmPauseMonitor$Monitor@7f581d1f] INFO  util.JvmPauseMonitor (JvmPauseMonitor.java:run(188)) - Starting JVM pause monitor
2020-10-13 01:28:58,165 [Thread-542] INFO  ozoneimpl.ContainerReader (ContainerReader.java:readVolume(123)) - Start to verify containers on volume /github/workspace/mnt/ozone/hadoop-ozone/integration-test/target/test-dir/MiniOzoneClusterImpl-4b926bf3-aee9-4ef9-a274-c573270b78ea/datanode-5/data-0/containers/hdds
2020-10-13 01:28:58,165 [Thread-542] INFO  ozoneimpl.ContainerReader (ContainerReader.java:readVolume(148)) - Finish verifying containers on volume /github/workspace/mnt/ozone/hadoop-ozone/integration-test/target/test-dir/MiniOzoneClusterImpl-4b926bf3-aee9-4ef9-a274-c573270b78ea/datanode-5/data-0/containers/hdds
2020-10-13 01:28:58,165 [Listener at 127.0.0.1/32995] INFO  ozoneimpl.OzoneContainer (OzoneContainer.java:buildContainerSet(196)) - Build ContainerSet costs 0s
2020-10-13 01:28:58,167 [Listener at 127.0.0.1/32995] INFO  impl.RaftServerProxy (ConfUtils.java:logGet(44)) - raft.rpc.type = GRPC (default)
2020-10-13 01:28:58,167 [Listener at 127.0.0.1/32995] INFO  grpc.GrpcFactory (GrpcFactory.java:checkPooledByteBufAllocatorUseCacheForAllThreads(45)) - PERFORMANCE WARNING: useCacheForAllThreads is true that may cause Netty to create a lot garbage objects and, as a result, trigger GC.
	It is recommended to disable useCacheForAllThreads by setting -Dorg.apache.ratis.thirdparty.io.netty.allocator.useCacheForAllThreads=false in command line.
2020-10-13 01:28:58,168 [Listener at 127.0.0.1/32995] INFO  grpc.GrpcConfigKeys (ConfUtils.java:logGet(44)) - raft.grpc.server.port = 0 (default)
2020-10-13 01:28:58,168 [Listener at 127.0.0.1/32995] INFO  server.GrpcService (ConfUtils.java:logGet(44)) - raft.grpc.message.size.max = 32MB (=33554432) (custom)
2020-10-13 01:28:58,168 [Listener at 127.0.0.1/32995] INFO  server.RaftServerConfigKeys (ConfUtils.java:logGet(44)) - raft.server.log.appender.buffer.byte-limit = 33554432 (custom)
2020-10-13 01:28:58,168 [Listener at 127.0.0.1/32995] INFO  server.GrpcService (ConfUtils.java:logGet(44)) - raft.grpc.flow.control.window = 5MB (=5242880) (custom)
2020-10-13 01:28:58,168 [Listener at 127.0.0.1/32995] INFO  server.RaftServerConfigKeys (ConfUtils.java:logGet(44)) - raft.server.rpc.request.timeout = 60s (custom)
2020-10-13 01:28:58,169 [Listener at 127.0.0.1/32995] INFO  server.RaftServerConfigKeys (ConfUtils.java:logGet(44)) - raft.server.storage.dir = [/github/workspace/mnt/ozone/hadoop-ozone/integration-test/target/test-dir/MiniOzoneClusterImpl-4b926bf3-aee9-4ef9-a274-c573270b78ea/datanode-5/data/ratis] (custom)
2020-10-13 01:28:58,171 [Datanode State Machine Task Thread - 0] INFO  datanode.InitDatanodeState (InitDatanodeState.java:persistContainerDatanodeDetails(145)) - DatanodeDetails is persisted to /github/workspace/mnt/ozone/hadoop-ozone/integration-test/target/test-dir/MiniOzoneClusterImpl-4b926bf3-aee9-4ef9-a274-c573270b78ea/datanode-4/meta/datanode.id
2020-10-13 01:28:58,174 [Listener at 127.0.0.1/32995] INFO  http.BaseHttpServer (BaseHttpServer.java:newHttpServer2BuilderForOzone(207)) - Starting Web-server for hddsDatanode at: http://0.0.0.0:0
2020-10-13 01:28:58,174 [Listener at 127.0.0.1/32995] INFO  http.BaseHttpServer (BaseHttpServer.java:<init>(106)) - Hadoop Security Enabled: false Ozone Security Enabled: false Ozone HTTP Security Enabled: false 
2020-10-13 01:28:58,175 [Listener at 127.0.0.1/32995] INFO  server.AuthenticationFilter (AuthenticationFilter.java:constructSecretProvider(240)) - Unable to initialize FileSignerSecretProvider, falling back to use random secrets.
2020-10-13 01:28:58,176 [Listener at 127.0.0.1/32995] WARN  http.HttpRequestLog (HttpRequestLog.java:getRequestLog(103)) - Jetty request log can only be enabled using Log4j
2020-10-13 01:28:58,177 [Listener at 127.0.0.1/32995] INFO  http.HttpServer2 (HttpServer2.java:addGlobalFilter(1019)) - Added global filter 'safety' (class=org.apache.hadoop.hdds.server.http.HttpServer2$QuotingInputFilter)
2020-10-13 01:28:58,177 [Listener at 127.0.0.1/32995] INFO  http.HttpServer2 (HttpServer2.java:addFilter(995)) - Added filter static_user_filter (class=org.apache.hadoop.http.lib.StaticUserWebFilter$StaticUserFilter) to context hddsDatanode
2020-10-13 01:28:58,177 [Listener at 127.0.0.1/32995] INFO  http.HttpServer2 (HttpServer2.java:addFilter(1003)) - Added filter static_user_filter (class=org.apache.hadoop.http.lib.StaticUserWebFilter$StaticUserFilter) to context static
2020-10-13 01:28:58,177 [Listener at 127.0.0.1/32995] INFO  http.HttpServer2 (HttpServer2.java:addFilter(1003)) - Added filter static_user_filter (class=org.apache.hadoop.http.lib.StaticUserWebFilter$StaticUserFilter) to context logs
2020-10-13 01:28:58,178 [Listener at 127.0.0.1/32995] INFO  http.HttpServer2 (HttpServer2.java:bindListener(1237)) - Jetty bound to port 39475
2020-10-13 01:28:58,178 [Listener at 127.0.0.1/32995] INFO  server.Server (Server.java:doStart(359)) - jetty-9.4.26.v20200117; built: 2020-01-17T12:35:33.676Z; git: 7b38981d25d14afb4a12ff1f2596756144edf695; jvm 1.8.0_232-b09
2020-10-13 01:28:58,180 [Listener at 127.0.0.1/32995] INFO  server.session (DefaultSessionIdManager.java:doStart(333)) - DefaultSessionIdManager workerName=node0
2020-10-13 01:28:58,180 [Listener at 127.0.0.1/32995] INFO  server.session (DefaultSessionIdManager.java:doStart(338)) - No SessionScavenger set, using defaults
2020-10-13 01:28:58,180 [Listener at 127.0.0.1/32995] INFO  server.session (HouseKeeper.java:startScavenging(140)) - node0 Scavenging every 660000ms
2020-10-13 01:28:58,181 [Listener at 127.0.0.1/32995] INFO  handler.ContextHandler (ContextHandler.java:doStart(825)) - Started o.e.j.s.ServletContextHandler@4e17758{logs,/logs,file:///github/workspace/mnt/ozone/hadoop-ozone/integration-test/target/log,AVAILABLE}
2020-10-13 01:28:58,181 [Listener at 127.0.0.1/32995] INFO  handler.ContextHandler (ContextHandler.java:doStart(825)) - Started o.e.j.s.ServletContextHandler@2337fd44{static,/static,jar:file:/home/user/.m2/repository/org/apache/hadoop/hadoop-hdds-container-service/1.1.0-SNAPSHOT/hadoop-hdds-container-service-1.1.0-SNAPSHOT.jar!/webapps/static,AVAILABLE}
2020-10-13 01:28:58,320 [Listener at 127.0.0.1/32995] INFO  handler.ContextHandler (ContextHandler.java:doStart(825)) - Started o.e.j.w.WebAppContext@f0a5b20{hddsDatanode,/,file:///tmp/jetty-0_0_0_0-39475-hadoop-hdds-container-service-1_1_0-SNAPSHOT_jar-_-any-6853548254709304500.dir/webapp/,AVAILABLE}{jar:file:/home/user/.m2/repository/org/apache/hadoop/hadoop-hdds-container-service/1.1.0-SNAPSHOT/hadoop-hdds-container-service-1.1.0-SNAPSHOT.jar!/webapps/hddsDatanode}
2020-10-13 01:28:58,321 [Listener at 127.0.0.1/32995] INFO  server.AbstractConnector (AbstractConnector.java:doStart(330)) - Started ServerConnector@7976eae7{HTTP/1.1,[http/1.1]}{0.0.0.0:39475}
2020-10-13 01:28:58,321 [Listener at 127.0.0.1/32995] INFO  server.Server (Server.java:doStart(399)) - Started @45543ms
2020-10-13 01:28:58,321 [Listener at 127.0.0.1/32995] WARN  impl.MetricsSystemImpl (MetricsSystemImpl.java:register(276)) - Sink prometheus already exists!
2020-10-13 01:28:58,324 [Listener at 127.0.0.1/32995] INFO  http.BaseHttpServer (BaseHttpServer.java:updateConnectorAddress(327)) - HTTP server of hddsDatanode listening at http://0.0.0.0:39475
2020-10-13 01:28:58,326 [Listener at 127.0.0.1/32995] INFO  impl.MetricsSystemImpl (MetricsSystemImpl.java:init(158)) - HddsDatanode metrics system started (again)
2020-10-13 01:28:58,328 [Listener at 127.0.0.1/32995] INFO  ozone.HddsDatanodeService (HddsDatanodeService.java:start(217)) - HddsDatanodeService host:4c549b8e0644 ip:172.17.0.2
2020-10-13 01:28:58,330 [org.apache.hadoop.util.JvmPauseMonitor$Monitor@6a5fbbe0] INFO  util.JvmPauseMonitor (JvmPauseMonitor.java:run(188)) - Starting JVM pause monitor
2020-10-13 01:28:58,331 [Listener at 127.0.0.1/32995] INFO  volume.HddsVolume (HddsVolume.java:<init>(176)) - Creating Volume: /github/workspace/mnt/ozone/hadoop-ozone/integration-test/target/test-dir/MiniOzoneClusterImpl-4b926bf3-aee9-4ef9-a274-c573270b78ea/datanode-6/data-0/containers/hdds of storage type : DISK and capacity : 9223372036854775807
2020-10-13 01:28:58,331 [Listener at 127.0.0.1/32995] INFO  volume.MutableVolumeSet (MutableVolumeSet.java:initializeVolumeSet(179)) - Added Volume : /github/workspace/mnt/ozone/hadoop-ozone/integration-test/target/test-dir/MiniOzoneClusterImpl-4b926bf3-aee9-4ef9-a274-c573270b78ea/datanode-6/data-0/containers/hdds to VolumeSet
2020-10-13 01:28:58,331 [Listener at 127.0.0.1/32995] INFO  volume.ThrottledAsyncChecker (ThrottledAsyncChecker.java:schedule(141)) - Scheduling a check for /github/workspace/mnt/ozone/hadoop-ozone/integration-test/target/test-dir/MiniOzoneClusterImpl-4b926bf3-aee9-4ef9-a274-c573270b78ea/datanode-6/data-0/containers/hdds
2020-10-13 01:28:58,332 [Datanode State Machine Task Thread - 0] INFO  datanode.InitDatanodeState (InitDatanodeState.java:persistContainerDatanodeDetails(145)) - DatanodeDetails is persisted to /github/workspace/mnt/ozone/hadoop-ozone/integration-test/target/test-dir/MiniOzoneClusterImpl-4b926bf3-aee9-4ef9-a274-c573270b78ea/datanode-5/meta/datanode.id
2020-10-13 01:28:58,333 [Listener at 127.0.0.1/32995] INFO  volume.HddsVolumeChecker (HddsVolumeChecker.java:checkAllVolumes(200)) - Scheduled health check for volume /github/workspace/mnt/ozone/hadoop-ozone/integration-test/target/test-dir/MiniOzoneClusterImpl-4b926bf3-aee9-4ef9-a274-c573270b78ea/datanode-6/data-0/containers/hdds
2020-10-13 01:28:58,348 [Thread-555] INFO  ozoneimpl.ContainerReader (ContainerReader.java:readVolume(123)) - Start to verify containers on volume /github/workspace/mnt/ozone/hadoop-ozone/integration-test/target/test-dir/MiniOzoneClusterImpl-4b926bf3-aee9-4ef9-a274-c573270b78ea/datanode-6/data-0/containers/hdds
2020-10-13 01:28:58,348 [Thread-555] INFO  ozoneimpl.ContainerReader (ContainerReader.java:readVolume(148)) - Finish verifying containers on volume /github/workspace/mnt/ozone/hadoop-ozone/integration-test/target/test-dir/MiniOzoneClusterImpl-4b926bf3-aee9-4ef9-a274-c573270b78ea/datanode-6/data-0/containers/hdds
2020-10-13 01:28:58,348 [Listener at 127.0.0.1/32995] INFO  ozoneimpl.OzoneContainer (OzoneContainer.java:buildContainerSet(196)) - Build ContainerSet costs 0s
2020-10-13 01:28:58,350 [Listener at 127.0.0.1/32995] INFO  impl.RaftServerProxy (ConfUtils.java:logGet(44)) - raft.rpc.type = GRPC (default)
2020-10-13 01:28:58,350 [Listener at 127.0.0.1/32995] INFO  grpc.GrpcFactory (GrpcFactory.java:checkPooledByteBufAllocatorUseCacheForAllThreads(45)) - PERFORMANCE WARNING: useCacheForAllThreads is true that may cause Netty to create a lot garbage objects and, as a result, trigger GC.
	It is recommended to disable useCacheForAllThreads by setting -Dorg.apache.ratis.thirdparty.io.netty.allocator.useCacheForAllThreads=false in command line.
2020-10-13 01:28:58,351 [Listener at 127.0.0.1/32995] INFO  grpc.GrpcConfigKeys (ConfUtils.java:logGet(44)) - raft.grpc.server.port = 0 (default)
2020-10-13 01:28:58,351 [Listener at 127.0.0.1/32995] INFO  server.GrpcService (ConfUtils.java:logGet(44)) - raft.grpc.message.size.max = 32MB (=33554432) (custom)
2020-10-13 01:28:58,351 [Listener at 127.0.0.1/32995] INFO  server.RaftServerConfigKeys (ConfUtils.java:logGet(44)) - raft.server.log.appender.buffer.byte-limit = 33554432 (custom)
2020-10-13 01:28:58,351 [Listener at 127.0.0.1/32995] INFO  server.GrpcService (ConfUtils.java:logGet(44)) - raft.grpc.flow.control.window = 5MB (=5242880) (custom)
2020-10-13 01:28:58,351 [Listener at 127.0.0.1/32995] INFO  server.RaftServerConfigKeys (ConfUtils.java:logGet(44)) - raft.server.rpc.request.timeout = 60s (custom)
2020-10-13 01:28:58,352 [Listener at 127.0.0.1/32995] INFO  server.RaftServerConfigKeys (ConfUtils.java:logGet(44)) - raft.server.storage.dir = [/github/workspace/mnt/ozone/hadoop-ozone/integration-test/target/test-dir/MiniOzoneClusterImpl-4b926bf3-aee9-4ef9-a274-c573270b78ea/datanode-6/data/ratis] (custom)
2020-10-13 01:28:58,356 [Listener at 127.0.0.1/32995] INFO  http.BaseHttpServer (BaseHttpServer.java:newHttpServer2BuilderForOzone(207)) - Starting Web-server for hddsDatanode at: http://0.0.0.0:0
2020-10-13 01:28:58,357 [Listener at 127.0.0.1/32995] INFO  http.BaseHttpServer (BaseHttpServer.java:<init>(106)) - Hadoop Security Enabled: false Ozone Security Enabled: false Ozone HTTP Security Enabled: false 
2020-10-13 01:28:58,358 [Listener at 127.0.0.1/32995] INFO  server.AuthenticationFilter (AuthenticationFilter.java:constructSecretProvider(240)) - Unable to initialize FileSignerSecretProvider, falling back to use random secrets.
2020-10-13 01:28:58,358 [Listener at 127.0.0.1/32995] WARN  http.HttpRequestLog (HttpRequestLog.java:getRequestLog(103)) - Jetty request log can only be enabled using Log4j
2020-10-13 01:28:58,359 [Listener at 127.0.0.1/32995] INFO  http.HttpServer2 (HttpServer2.java:addGlobalFilter(1019)) - Added global filter 'safety' (class=org.apache.hadoop.hdds.server.http.HttpServer2$QuotingInputFilter)
2020-10-13 01:28:58,359 [Listener at 127.0.0.1/32995] INFO  http.HttpServer2 (HttpServer2.java:addFilter(995)) - Added filter static_user_filter (class=org.apache.hadoop.http.lib.StaticUserWebFilter$StaticUserFilter) to context hddsDatanode
2020-10-13 01:28:58,360 [Listener at 127.0.0.1/32995] INFO  http.HttpServer2 (HttpServer2.java:addFilter(1003)) - Added filter static_user_filter (class=org.apache.hadoop.http.lib.StaticUserWebFilter$StaticUserFilter) to context static
2020-10-13 01:28:58,360 [Listener at 127.0.0.1/32995] INFO  http.HttpServer2 (HttpServer2.java:addFilter(1003)) - Added filter static_user_filter (class=org.apache.hadoop.http.lib.StaticUserWebFilter$StaticUserFilter) to context logs
2020-10-13 01:28:58,360 [Listener at 127.0.0.1/32995] INFO  http.HttpServer2 (HttpServer2.java:bindListener(1237)) - Jetty bound to port 46111
2020-10-13 01:28:58,360 [Listener at 127.0.0.1/32995] INFO  server.Server (Server.java:doStart(359)) - jetty-9.4.26.v20200117; built: 2020-01-17T12:35:33.676Z; git: 7b38981d25d14afb4a12ff1f2596756144edf695; jvm 1.8.0_232-b09
2020-10-13 01:28:58,374 [Listener at 127.0.0.1/32995] INFO  server.session (DefaultSessionIdManager.java:doStart(333)) - DefaultSessionIdManager workerName=node0
2020-10-13 01:28:58,374 [Listener at 127.0.0.1/32995] INFO  server.session (DefaultSessionIdManager.java:doStart(338)) - No SessionScavenger set, using defaults
2020-10-13 01:28:58,374 [Listener at 127.0.0.1/32995] INFO  server.session (HouseKeeper.java:startScavenging(140)) - node0 Scavenging every 660000ms
2020-10-13 01:28:58,375 [Listener at 127.0.0.1/32995] INFO  handler.ContextHandler (ContextHandler.java:doStart(825)) - Started o.e.j.s.ServletContextHandler@6fdb5799{logs,/logs,file:///github/workspace/mnt/ozone/hadoop-ozone/integration-test/target/log,AVAILABLE}
2020-10-13 01:28:58,376 [Listener at 127.0.0.1/32995] INFO  handler.ContextHandler (ContextHandler.java:doStart(825)) - Started o.e.j.s.ServletContextHandler@734532{static,/static,jar:file:/home/user/.m2/repository/org/apache/hadoop/hadoop-hdds-container-service/1.1.0-SNAPSHOT/hadoop-hdds-container-service-1.1.0-SNAPSHOT.jar!/webapps/static,AVAILABLE}
2020-10-13 01:28:58,512 [Listener at 127.0.0.1/32995] INFO  handler.ContextHandler (ContextHandler.java:doStart(825)) - Started o.e.j.w.WebAppContext@7cc861a8{hddsDatanode,/,file:///tmp/jetty-0_0_0_0-46111-hadoop-hdds-container-service-1_1_0-SNAPSHOT_jar-_-any-72603411948478419.dir/webapp/,AVAILABLE}{jar:file:/home/user/.m2/repository/org/apache/hadoop/hadoop-hdds-container-service/1.1.0-SNAPSHOT/hadoop-hdds-container-service-1.1.0-SNAPSHOT.jar!/webapps/hddsDatanode}
2020-10-13 01:28:58,513 [Listener at 127.0.0.1/32995] INFO  server.AbstractConnector (AbstractConnector.java:doStart(330)) - Started ServerConnector@6a2d00ef{HTTP/1.1,[http/1.1]}{0.0.0.0:46111}
2020-10-13 01:28:58,513 [Listener at 127.0.0.1/32995] INFO  server.Server (Server.java:doStart(399)) - Started @45735ms
2020-10-13 01:28:58,513 [Listener at 127.0.0.1/32995] WARN  impl.MetricsSystemImpl (MetricsSystemImpl.java:register(276)) - Sink prometheus already exists!
2020-10-13 01:28:58,519 [Listener at 127.0.0.1/32995] INFO  http.BaseHttpServer (BaseHttpServer.java:updateConnectorAddress(327)) - HTTP server of hddsDatanode listening at http://0.0.0.0:46111
2020-10-13 01:28:58,520 [Listener at 127.0.0.1/32995] INFO  ozone.MiniOzoneClusterImpl (MiniOzoneClusterImpl.java:lambda$waitForClusterToBeReady$0(177)) - Waiting for nodes to be ready. Got 0 of 7 DN Heartbeats.
2020-10-13 01:28:58,520 [Listener at 127.0.0.1/32995] INFO  ozone.MiniOzoneClusterImpl (MiniOzoneClusterImpl.java:lambda$waitForClusterToBeReady$0(180)) - Waiting for cluster to exit safe mode
2020-10-13 01:28:58,530 [org.apache.hadoop.util.JvmPauseMonitor$Monitor@22687ae3] INFO  util.JvmPauseMonitor (JvmPauseMonitor.java:run(188)) - Starting JVM pause monitor
2020-10-13 01:28:58,531 [Datanode State Machine Task Thread - 0] INFO  datanode.InitDatanodeState (InitDatanodeState.java:persistContainerDatanodeDetails(145)) - DatanodeDetails is persisted to /github/workspace/mnt/ozone/hadoop-ozone/integration-test/target/test-dir/MiniOzoneClusterImpl-4b926bf3-aee9-4ef9-a274-c573270b78ea/datanode-6/meta/datanode.id
2020-10-13 01:28:59,410 [Datanode State Machine Task Thread - 1] INFO  ozoneimpl.OzoneContainer (OzoneContainer.java:start(245)) - Attempting to start container services.
2020-10-13 01:28:59,410 [Datanode State Machine Task Thread - 1] INFO  ozoneimpl.OzoneContainer (OzoneContainer.java:startContainerScrub(209)) - Background container scanner has been disabled.
2020-10-13 01:28:59,410 [Datanode State Machine Task Thread - 1] INFO  ratis.XceiverServerRatis (XceiverServerRatis.java:start(440)) - Starting XceiverServerRatis dacc0b49-37d4-4467-a9c0-6b3478b804ce at port 0
2020-10-13 01:28:59,416 [Datanode State Machine Task Thread - 1] INFO  impl.RaftServerProxy (RaftServerProxy.java:lambda$start$3(307)) - dacc0b49-37d4-4467-a9c0-6b3478b804ce: start RPC server
2020-10-13 01:28:59,417 [Datanode State Machine Task Thread - 1] INFO  server.GrpcService (GrpcService.java:startImpl(177)) - dacc0b49-37d4-4467-a9c0-6b3478b804ce: GrpcService started, listening on 0.0.0.0/0.0.0.0:36251
2020-10-13 01:28:59,417 [Datanode State Machine Task Thread - 1] INFO  ratis.XceiverServerRatis (XceiverServerRatis.java:start(452)) - XceiverServerRatis dacc0b49-37d4-4467-a9c0-6b3478b804ce is started using port 36251
2020-10-13 01:28:59,417 [Datanode State Machine Task Thread - 1] INFO  server.XceiverServerGrpc (XceiverServerGrpc.java:start(145)) - XceiverServerGrpc dacc0b49-37d4-4467-a9c0-6b3478b804ce is started using port 33653
2020-10-13 01:28:59,527 [Listener at 127.0.0.1/32995] INFO  ozone.MiniOzoneClusterImpl (MiniOzoneClusterImpl.java:lambda$waitForClusterToBeReady$0(177)) - Waiting for nodes to be ready. Got 0 of 7 DN Heartbeats.
2020-10-13 01:28:59,527 [Listener at 127.0.0.1/32995] INFO  ozone.MiniOzoneClusterImpl (MiniOzoneClusterImpl.java:lambda$waitForClusterToBeReady$0(180)) - Waiting for cluster to exit safe mode
2020-10-13 01:28:59,574 [Datanode State Machine Task Thread - 1] INFO  ozoneimpl.OzoneContainer (OzoneContainer.java:start(245)) - Attempting to start container services.
2020-10-13 01:28:59,574 [Datanode State Machine Task Thread - 1] INFO  ozoneimpl.OzoneContainer (OzoneContainer.java:startContainerScrub(209)) - Background container scanner has been disabled.
2020-10-13 01:28:59,574 [Datanode State Machine Task Thread - 1] INFO  ratis.XceiverServerRatis (XceiverServerRatis.java:start(440)) - Starting XceiverServerRatis 8bba907c-2e93-4fda-916b-59f0297d61f4 at port 0
2020-10-13 01:28:59,577 [Datanode State Machine Task Thread - 1] INFO  impl.RaftServerProxy (RaftServerProxy.java:lambda$start$3(307)) - 8bba907c-2e93-4fda-916b-59f0297d61f4: start RPC server
2020-10-13 01:28:59,578 [Datanode State Machine Task Thread - 1] INFO  server.GrpcService (GrpcService.java:startImpl(177)) - 8bba907c-2e93-4fda-916b-59f0297d61f4: GrpcService started, listening on 0.0.0.0/0.0.0.0:40303
2020-10-13 01:28:59,578 [Datanode State Machine Task Thread - 1] INFO  ratis.XceiverServerRatis (XceiverServerRatis.java:start(452)) - XceiverServerRatis 8bba907c-2e93-4fda-916b-59f0297d61f4 is started using port 40303
2020-10-13 01:28:59,578 [Datanode State Machine Task Thread - 1] INFO  server.XceiverServerGrpc (XceiverServerGrpc.java:start(145)) - XceiverServerGrpc 8bba907c-2e93-4fda-916b-59f0297d61f4 is started using port 45073
2020-10-13 01:28:59,754 [Datanode State Machine Task Thread - 1] INFO  ozoneimpl.OzoneContainer (OzoneContainer.java:start(245)) - Attempting to start container services.
2020-10-13 01:28:59,754 [Datanode State Machine Task Thread - 1] INFO  ozoneimpl.OzoneContainer (OzoneContainer.java:startContainerScrub(209)) - Background container scanner has been disabled.
2020-10-13 01:28:59,755 [Datanode State Machine Task Thread - 1] INFO  ratis.XceiverServerRatis (XceiverServerRatis.java:start(440)) - Starting XceiverServerRatis a12b145a-ffb8-402d-9bd1-7a149c253a62 at port 0
2020-10-13 01:28:59,756 [Datanode State Machine Task Thread - 1] INFO  impl.RaftServerProxy (RaftServerProxy.java:lambda$start$3(307)) - a12b145a-ffb8-402d-9bd1-7a149c253a62: start RPC server
2020-10-13 01:28:59,757 [Datanode State Machine Task Thread - 1] INFO  server.GrpcService (GrpcService.java:startImpl(177)) - a12b145a-ffb8-402d-9bd1-7a149c253a62: GrpcService started, listening on 0.0.0.0/0.0.0.0:38553
2020-10-13 01:28:59,757 [Datanode State Machine Task Thread - 1] INFO  ratis.XceiverServerRatis (XceiverServerRatis.java:start(452)) - XceiverServerRatis a12b145a-ffb8-402d-9bd1-7a149c253a62 is started using port 38553
2020-10-13 01:28:59,760 [Datanode State Machine Task Thread - 1] INFO  server.XceiverServerGrpc (XceiverServerGrpc.java:start(145)) - XceiverServerGrpc a12b145a-ffb8-402d-9bd1-7a149c253a62 is started using port 39787
2020-10-13 01:28:59,937 [Datanode State Machine Task Thread - 1] INFO  ozoneimpl.OzoneContainer (OzoneContainer.java:start(245)) - Attempting to start container services.
2020-10-13 01:28:59,937 [Datanode State Machine Task Thread - 1] INFO  ozoneimpl.OzoneContainer (OzoneContainer.java:startContainerScrub(209)) - Background container scanner has been disabled.
2020-10-13 01:28:59,937 [Datanode State Machine Task Thread - 1] INFO  ratis.XceiverServerRatis (XceiverServerRatis.java:start(440)) - Starting XceiverServerRatis 8da8ca2d-f214-46c6-bb1d-19300cf99b91 at port 0
2020-10-13 01:28:59,938 [Datanode State Machine Task Thread - 1] INFO  impl.RaftServerProxy (RaftServerProxy.java:lambda$start$3(307)) - 8da8ca2d-f214-46c6-bb1d-19300cf99b91: start RPC server
2020-10-13 01:28:59,939 [Datanode State Machine Task Thread - 1] INFO  server.GrpcService (GrpcService.java:startImpl(177)) - 8da8ca2d-f214-46c6-bb1d-19300cf99b91: GrpcService started, listening on 0.0.0.0/0.0.0.0:37947
2020-10-13 01:28:59,939 [Datanode State Machine Task Thread - 1] INFO  ratis.XceiverServerRatis (XceiverServerRatis.java:start(452)) - XceiverServerRatis 8da8ca2d-f214-46c6-bb1d-19300cf99b91 is started using port 37947
2020-10-13 01:28:59,939 [Datanode State Machine Task Thread - 1] INFO  server.XceiverServerGrpc (XceiverServerGrpc.java:start(145)) - XceiverServerGrpc 8da8ca2d-f214-46c6-bb1d-19300cf99b91 is started using port 41143
2020-10-13 01:29:00,170 [Datanode State Machine Task Thread - 1] INFO  ozoneimpl.OzoneContainer (OzoneContainer.java:start(245)) - Attempting to start container services.
2020-10-13 01:29:00,170 [Datanode State Machine Task Thread - 1] INFO  ozoneimpl.OzoneContainer (OzoneContainer.java:startContainerScrub(209)) - Background container scanner has been disabled.
2020-10-13 01:29:00,170 [Datanode State Machine Task Thread - 1] INFO  ratis.XceiverServerRatis (XceiverServerRatis.java:start(440)) - Starting XceiverServerRatis 557e4ca5-6b8d-4b4c-bd98-c7916be59d80 at port 0
2020-10-13 01:29:00,171 [Datanode State Machine Task Thread - 1] INFO  impl.RaftServerProxy (RaftServerProxy.java:lambda$start$3(307)) - 557e4ca5-6b8d-4b4c-bd98-c7916be59d80: start RPC server
2020-10-13 01:29:00,172 [Datanode State Machine Task Thread - 1] INFO  server.GrpcService (GrpcService.java:startImpl(177)) - 557e4ca5-6b8d-4b4c-bd98-c7916be59d80: GrpcService started, listening on 0.0.0.0/0.0.0.0:34559
2020-10-13 01:29:00,172 [Datanode State Machine Task Thread - 1] INFO  ratis.XceiverServerRatis (XceiverServerRatis.java:start(452)) - XceiverServerRatis 557e4ca5-6b8d-4b4c-bd98-c7916be59d80 is started using port 34559
2020-10-13 01:29:00,172 [Datanode State Machine Task Thread - 1] INFO  server.XceiverServerGrpc (XceiverServerGrpc.java:start(145)) - XceiverServerGrpc 557e4ca5-6b8d-4b4c-bd98-c7916be59d80 is started using port 36233
2020-10-13 01:29:00,334 [Datanode State Machine Task Thread - 1] INFO  ozoneimpl.OzoneContainer (OzoneContainer.java:start(245)) - Attempting to start container services.
2020-10-13 01:29:00,334 [Datanode State Machine Task Thread - 1] INFO  ozoneimpl.OzoneContainer (OzoneContainer.java:startContainerScrub(209)) - Background container scanner has been disabled.
2020-10-13 01:29:00,334 [Datanode State Machine Task Thread - 1] INFO  ratis.XceiverServerRatis (XceiverServerRatis.java:start(440)) - Starting XceiverServerRatis 38f6e796-8c18-4c71-95ad-19caff00ba17 at port 0
2020-10-13 01:29:00,335 [Datanode State Machine Task Thread - 1] INFO  impl.RaftServerProxy (RaftServerProxy.java:lambda$start$3(307)) - 38f6e796-8c18-4c71-95ad-19caff00ba17: start RPC server
2020-10-13 01:29:00,336 [Datanode State Machine Task Thread - 1] INFO  server.GrpcService (GrpcService.java:startImpl(177)) - 38f6e796-8c18-4c71-95ad-19caff00ba17: GrpcService started, listening on 0.0.0.0/0.0.0.0:38399
2020-10-13 01:29:00,336 [Datanode State Machine Task Thread - 1] INFO  ratis.XceiverServerRatis (XceiverServerRatis.java:start(452)) - XceiverServerRatis 38f6e796-8c18-4c71-95ad-19caff00ba17 is started using port 38399
2020-10-13 01:29:00,337 [Datanode State Machine Task Thread - 1] INFO  server.XceiverServerGrpc (XceiverServerGrpc.java:start(145)) - XceiverServerGrpc 38f6e796-8c18-4c71-95ad-19caff00ba17 is started using port 40439
2020-10-13 01:29:00,528 [Listener at 127.0.0.1/32995] INFO  ozone.MiniOzoneClusterImpl (MiniOzoneClusterImpl.java:lambda$waitForClusterToBeReady$0(177)) - Waiting for nodes to be ready. Got 0 of 7 DN Heartbeats.
2020-10-13 01:29:00,528 [Listener at 127.0.0.1/32995] INFO  ozone.MiniOzoneClusterImpl (MiniOzoneClusterImpl.java:lambda$waitForClusterToBeReady$0(180)) - Waiting for cluster to exit safe mode
2020-10-13 01:29:00,533 [Datanode State Machine Task Thread - 1] INFO  ozoneimpl.OzoneContainer (OzoneContainer.java:start(245)) - Attempting to start container services.
2020-10-13 01:29:00,534 [Datanode State Machine Task Thread - 1] INFO  ozoneimpl.OzoneContainer (OzoneContainer.java:startContainerScrub(209)) - Background container scanner has been disabled.
2020-10-13 01:29:00,534 [Datanode State Machine Task Thread - 1] INFO  ratis.XceiverServerRatis (XceiverServerRatis.java:start(440)) - Starting XceiverServerRatis 15e97f69-99d4-48de-9335-a5bc72d66d58 at port 0
2020-10-13 01:29:00,534 [Datanode State Machine Task Thread - 1] INFO  impl.RaftServerProxy (RaftServerProxy.java:lambda$start$3(307)) - 15e97f69-99d4-48de-9335-a5bc72d66d58: start RPC server
2020-10-13 01:29:00,536 [Datanode State Machine Task Thread - 1] INFO  server.GrpcService (GrpcService.java:startImpl(177)) - 15e97f69-99d4-48de-9335-a5bc72d66d58: GrpcService started, listening on 0.0.0.0/0.0.0.0:35409
2020-10-13 01:29:00,536 [Datanode State Machine Task Thread - 1] INFO  ratis.XceiverServerRatis (XceiverServerRatis.java:start(452)) - XceiverServerRatis 15e97f69-99d4-48de-9335-a5bc72d66d58 is started using port 35409
2020-10-13 01:29:00,536 [Datanode State Machine Task Thread - 1] INFO  server.XceiverServerGrpc (XceiverServerGrpc.java:start(145)) - XceiverServerGrpc 15e97f69-99d4-48de-9335-a5bc72d66d58 is started using port 45003
2020-10-13 01:29:01,393 [IPC Server handler 2 on default port 43001] INFO  net.NetworkTopologyImpl (NetworkTopologyImpl.java:add(111)) - Added a new node: /default-rack/dacc0b49-37d4-4467-a9c0-6b3478b804ce
2020-10-13 01:29:01,395 [IPC Server handler 2 on default port 43001] INFO  node.SCMNodeManager (SCMNodeManager.java:register(282)) - Registered Data node : dacc0b49-37d4-4467-a9c0-6b3478b804ce{ip: 172.17.0.2, host: 4c549b8e0644, networkLocation: /default-rack, certSerialId: null}
2020-10-13 01:29:01,396 [EventQueue-NodeRegistrationContainerReportForContainerSafeModeRule] INFO  safemode.SCMSafeModeManager (SCMSafeModeManager.java:validateSafeModeExitRules(214)) - ContainerSafeModeRule rule is successfully validated
2020-10-13 01:29:01,396 [RatisPipelineUtilsThread] INFO  pipeline.RatisPipelineProvider (RatisPipelineProvider.java:lambda$create$0(138)) - Sending CreatePipelineCommand for pipeline:PipelineID=7fea3d92-e93c-4775-afb3-ccbda1cc1b1c to datanode:dacc0b49-37d4-4467-a9c0-6b3478b804ce
2020-10-13 01:29:01,396 [EventQueue-NodeRegistrationContainerReportForDataNodeSafeModeRule] INFO  safemode.SCMSafeModeManager (DataNodeSafeModeRule.java:process(71)) - SCM in safe mode. 1 DataNodes registered, 1 required.
2020-10-13 01:29:01,397 [EventQueue-NodeRegistrationContainerReportForDataNodeSafeModeRule] INFO  safemode.SCMSafeModeManager (SCMSafeModeManager.java:validateSafeModeExitRules(214)) - DataNodeSafeModeRule rule is successfully validated
2020-10-13 01:29:01,397 [EventQueue-NodeRegistrationContainerReportForDataNodeSafeModeRule] INFO  safemode.SCMSafeModeManager (SCMSafeModeManager.java:completePreCheck(242)) - All SCM safe mode pre check rules have passed
2020-10-13 01:29:01,398 [RatisPipelineUtilsThread] INFO  pipeline.PipelineStateManager (PipelineStateManager.java:addPipeline(54)) - Created pipeline Pipeline[ Id: 7fea3d92-e93c-4775-afb3-ccbda1cc1b1c, Nodes: dacc0b49-37d4-4467-a9c0-6b3478b804ce{ip: 172.17.0.2, host: 4c549b8e0644, networkLocation: /default-rack, certSerialId: null}, Type:RATIS, Factor:ONE, State:ALLOCATED, leaderId:, CreationTimestamp2020-10-13T01:29:01.396Z]
2020-10-13 01:29:01,398 [RatisPipelineUtilsThread] WARN  pipeline.PipelinePlacementPolicy (PipelinePlacementPolicy.java:filterViableNodes(138)) - Pipeline creation failed due to no sufficient healthy datanodes. Required 3. Found 1.
2020-10-13 01:29:01,528 [Listener at 127.0.0.1/32995] INFO  ozone.MiniOzoneClusterImpl (MiniOzoneClusterImpl.java:lambda$waitForClusterToBeReady$0(177)) - Waiting for nodes to be ready. Got 1 of 7 DN Heartbeats.
2020-10-13 01:29:01,528 [Listener at 127.0.0.1/32995] INFO  ozone.MiniOzoneClusterImpl (MiniOzoneClusterImpl.java:lambda$waitForClusterToBeReady$0(180)) - Waiting for cluster to exit safe mode
2020-10-13 01:29:01,573 [IPC Server handler 3 on default port 43001] INFO  net.NetworkTopologyImpl (NetworkTopologyImpl.java:add(111)) - Added a new node: /default-rack/8bba907c-2e93-4fda-916b-59f0297d61f4
2020-10-13 01:29:01,574 [IPC Server handler 3 on default port 43001] INFO  node.SCMNodeManager (SCMNodeManager.java:register(282)) - Registered Data node : 8bba907c-2e93-4fda-916b-59f0297d61f4{ip: 172.17.0.2, host: 4c549b8e0644, networkLocation: /default-rack, certSerialId: null}
2020-10-13 01:29:01,574 [EventQueue-NodeRegistrationContainerReportForContainerSafeModeRule] INFO  safemode.SCMSafeModeManager (SCMSafeModeManager.java:validateSafeModeExitRules(214)) - ContainerSafeModeRule rule is successfully validated
2020-10-13 01:29:01,575 [EventQueue-NodeRegistrationContainerReportForDataNodeSafeModeRule] INFO  safemode.SCMSafeModeManager (SCMSafeModeManager.java:validateSafeModeExitRules(214)) - DataNodeSafeModeRule rule is successfully validated
2020-10-13 01:29:01,575 [RatisPipelineUtilsThread] INFO  pipeline.RatisPipelineProvider (RatisPipelineProvider.java:lambda$create$0(138)) - Sending CreatePipelineCommand for pipeline:PipelineID=db8f4dc3-8021-44a0-80d4-cb3a39b265b7 to datanode:8bba907c-2e93-4fda-916b-59f0297d61f4
2020-10-13 01:29:01,576 [RatisPipelineUtilsThread] INFO  pipeline.PipelineStateManager (PipelineStateManager.java:addPipeline(54)) - Created pipeline Pipeline[ Id: db8f4dc3-8021-44a0-80d4-cb3a39b265b7, Nodes: 8bba907c-2e93-4fda-916b-59f0297d61f4{ip: 172.17.0.2, host: 4c549b8e0644, networkLocation: /default-rack, certSerialId: null}, Type:RATIS, Factor:ONE, State:ALLOCATED, leaderId:, CreationTimestamp2020-10-13T01:29:01.575Z]
2020-10-13 01:29:01,576 [RatisPipelineUtilsThread] WARN  pipeline.PipelinePlacementPolicy (PipelinePlacementPolicy.java:filterViableNodes(138)) - Pipeline creation failed due to no sufficient healthy datanodes. Required 3. Found 2.
2020-10-13 01:29:01,753 [IPC Server handler 4 on default port 43001] INFO  net.NetworkTopologyImpl (NetworkTopologyImpl.java:add(111)) - Added a new node: /default-rack/a12b145a-ffb8-402d-9bd1-7a149c253a62
2020-10-13 01:29:01,753 [IPC Server handler 4 on default port 43001] INFO  node.SCMNodeManager (SCMNodeManager.java:register(282)) - Registered Data node : a12b145a-ffb8-402d-9bd1-7a149c253a62{ip: 172.17.0.2, host: 4c549b8e0644, networkLocation: /default-rack, certSerialId: null}
2020-10-13 01:29:01,754 [RatisPipelineUtilsThread] INFO  pipeline.RatisPipelineProvider (RatisPipelineProvider.java:lambda$create$0(138)) - Sending CreatePipelineCommand for pipeline:PipelineID=fa73069b-6985-46d3-bf7c-18beba55fb2f to datanode:a12b145a-ffb8-402d-9bd1-7a149c253a62
2020-10-13 01:29:01,754 [EventQueue-NodeRegistrationContainerReportForDataNodeSafeModeRule] INFO  safemode.SCMSafeModeManager (SCMSafeModeManager.java:validateSafeModeExitRules(214)) - DataNodeSafeModeRule rule is successfully validated
2020-10-13 01:29:01,754 [EventQueue-NodeRegistrationContainerReportForContainerSafeModeRule] INFO  safemode.SCMSafeModeManager (SCMSafeModeManager.java:validateSafeModeExitRules(214)) - ContainerSafeModeRule rule is successfully validated
2020-10-13 01:29:01,754 [RatisPipelineUtilsThread] INFO  pipeline.PipelineStateManager (PipelineStateManager.java:addPipeline(54)) - Created pipeline Pipeline[ Id: fa73069b-6985-46d3-bf7c-18beba55fb2f, Nodes: a12b145a-ffb8-402d-9bd1-7a149c253a62{ip: 172.17.0.2, host: 4c549b8e0644, networkLocation: /default-rack, certSerialId: null}, Type:RATIS, Factor:ONE, State:ALLOCATED, leaderId:, CreationTimestamp2020-10-13T01:29:01.754Z]
2020-10-13 01:29:01,755 [RatisPipelineUtilsThread] INFO  pipeline.RatisPipelineProvider (RatisPipelineProvider.java:lambda$create$0(138)) - Sending CreatePipelineCommand for pipeline:PipelineID=5d7ca41b-101c-4b68-9eab-456545edc826 to datanode:dacc0b49-37d4-4467-a9c0-6b3478b804ce
2020-10-13 01:29:01,755 [RatisPipelineUtilsThread] INFO  pipeline.RatisPipelineProvider (RatisPipelineProvider.java:lambda$create$0(138)) - Sending CreatePipelineCommand for pipeline:PipelineID=5d7ca41b-101c-4b68-9eab-456545edc826 to datanode:a12b145a-ffb8-402d-9bd1-7a149c253a62
2020-10-13 01:29:01,755 [RatisPipelineUtilsThread] INFO  pipeline.RatisPipelineProvider (RatisPipelineProvider.java:lambda$create$0(138)) - Sending CreatePipelineCommand for pipeline:PipelineID=5d7ca41b-101c-4b68-9eab-456545edc826 to datanode:8bba907c-2e93-4fda-916b-59f0297d61f4
2020-10-13 01:29:01,755 [RatisPipelineUtilsThread] INFO  pipeline.PipelineStateManager (PipelineStateManager.java:addPipeline(54)) - Created pipeline Pipeline[ Id: 5d7ca41b-101c-4b68-9eab-456545edc826, Nodes: dacc0b49-37d4-4467-a9c0-6b3478b804ce{ip: 172.17.0.2, host: 4c549b8e0644, networkLocation: /default-rack, certSerialId: null}a12b145a-ffb8-402d-9bd1-7a149c253a62{ip: 172.17.0.2, host: 4c549b8e0644, networkLocation: /default-rack, certSerialId: null}8bba907c-2e93-4fda-916b-59f0297d61f4{ip: 172.17.0.2, host: 4c549b8e0644, networkLocation: /default-rack, certSerialId: null}, Type:RATIS, Factor:THREE, State:ALLOCATED, leaderId:, CreationTimestamp2020-10-13T01:29:01.755Z]
2020-10-13 01:29:01,936 [IPC Server handler 5 on default port 43001] INFO  net.NetworkTopologyImpl (NetworkTopologyImpl.java:add(111)) - Added a new node: /default-rack/8da8ca2d-f214-46c6-bb1d-19300cf99b91
2020-10-13 01:29:01,937 [IPC Server handler 5 on default port 43001] INFO  node.SCMNodeManager (SCMNodeManager.java:register(282)) - Registered Data node : 8da8ca2d-f214-46c6-bb1d-19300cf99b91{ip: 172.17.0.2, host: 4c549b8e0644, networkLocation: /default-rack, certSerialId: null}
2020-10-13 01:29:01,937 [EventQueue-NodeRegistrationContainerReportForContainerSafeModeRule] INFO  safemode.SCMSafeModeManager (SCMSafeModeManager.java:validateSafeModeExitRules(214)) - ContainerSafeModeRule rule is successfully validated
2020-10-13 01:29:01,937 [RatisPipelineUtilsThread] INFO  pipeline.RatisPipelineProvider (RatisPipelineProvider.java:lambda$create$0(138)) - Sending CreatePipelineCommand for pipeline:PipelineID=1962f348-5d4b-4e43-8e53-36fc0918866c to datanode:8da8ca2d-f214-46c6-bb1d-19300cf99b91
2020-10-13 01:29:01,939 [RatisPipelineUtilsThread] INFO  pipeline.PipelineStateManager (PipelineStateManager.java:addPipeline(54)) - Created pipeline Pipeline[ Id: 1962f348-5d4b-4e43-8e53-36fc0918866c, Nodes: 8da8ca2d-f214-46c6-bb1d-19300cf99b91{ip: 172.17.0.2, host: 4c549b8e0644, networkLocation: /default-rack, certSerialId: null}, Type:RATIS, Factor:ONE, State:ALLOCATED, leaderId:, CreationTimestamp2020-10-13T01:29:01.937Z]
2020-10-13 01:29:01,940 [EventQueue-NodeRegistrationContainerReportForDataNodeSafeModeRule] INFO  safemode.SCMSafeModeManager (SCMSafeModeManager.java:validateSafeModeExitRules(214)) - DataNodeSafeModeRule rule is successfully validated
2020-10-13 01:29:02,166 [IPC Server handler 0 on default port 43001] INFO  net.NetworkTopologyImpl (NetworkTopologyImpl.java:add(111)) - Added a new node: /default-rack/557e4ca5-6b8d-4b4c-bd98-c7916be59d80
2020-10-13 01:29:02,166 [IPC Server handler 0 on default port 43001] INFO  node.SCMNodeManager (SCMNodeManager.java:register(282)) - Registered Data node : 557e4ca5-6b8d-4b4c-bd98-c7916be59d80{ip: 172.17.0.2, host: 4c549b8e0644, networkLocation: /default-rack, certSerialId: null}
2020-10-13 01:29:02,166 [RatisPipelineUtilsThread] INFO  pipeline.RatisPipelineProvider (RatisPipelineProvider.java:lambda$create$0(138)) - Sending CreatePipelineCommand for pipeline:PipelineID=7d044e20-3de5-4034-a102-fcbdf8b71d47 to datanode:557e4ca5-6b8d-4b4c-bd98-c7916be59d80
2020-10-13 01:29:02,167 [RatisPipelineUtilsThread] INFO  pipeline.PipelineStateManager (PipelineStateManager.java:addPipeline(54)) - Created pipeline Pipeline[ Id: 7d044e20-3de5-4034-a102-fcbdf8b71d47, Nodes: 557e4ca5-6b8d-4b4c-bd98-c7916be59d80{ip: 172.17.0.2, host: 4c549b8e0644, networkLocation: /default-rack, certSerialId: null}, Type:RATIS, Factor:ONE, State:ALLOCATED, leaderId:, CreationTimestamp2020-10-13T01:29:02.166Z]
2020-10-13 01:29:02,168 [EventQueue-NodeRegistrationContainerReportForContainerSafeModeRule] INFO  safemode.SCMSafeModeManager (SCMSafeModeManager.java:validateSafeModeExitRules(214)) - ContainerSafeModeRule rule is successfully validated
2020-10-13 01:29:02,168 [EventQueue-NodeRegistrationContainerReportForDataNodeSafeModeRule] INFO  safemode.SCMSafeModeManager (SCMSafeModeManager.java:validateSafeModeExitRules(214)) - DataNodeSafeModeRule rule is successfully validated
2020-10-13 01:29:02,332 [IPC Server handler 1 on default port 43001] INFO  net.NetworkTopologyImpl (NetworkTopologyImpl.java:add(111)) - Added a new node: /default-rack/38f6e796-8c18-4c71-95ad-19caff00ba17
2020-10-13 01:29:02,332 [IPC Server handler 1 on default port 43001] INFO  node.SCMNodeManager (SCMNodeManager.java:register(282)) - Registered Data node : 38f6e796-8c18-4c71-95ad-19caff00ba17{ip: 172.17.0.2, host: 4c549b8e0644, networkLocation: /default-rack, certSerialId: null}
2020-10-13 01:29:02,333 [EventQueue-NodeRegistrationContainerReportForContainerSafeModeRule] INFO  safemode.SCMSafeModeManager (SCMSafeModeManager.java:validateSafeModeExitRules(214)) - ContainerSafeModeRule rule is successfully validated
2020-10-13 01:29:02,333 [EventQueue-NodeRegistrationContainerReportForDataNodeSafeModeRule] INFO  safemode.SCMSafeModeManager (SCMSafeModeManager.java:validateSafeModeExitRules(214)) - DataNodeSafeModeRule rule is successfully validated
2020-10-13 01:29:02,333 [RatisPipelineUtilsThread] INFO  pipeline.RatisPipelineProvider (RatisPipelineProvider.java:lambda$create$0(138)) - Sending CreatePipelineCommand for pipeline:PipelineID=f8f99d1a-8ba3-4467-8598-5ea73ef34191 to datanode:38f6e796-8c18-4c71-95ad-19caff00ba17
2020-10-13 01:29:02,334 [RatisPipelineUtilsThread] INFO  pipeline.PipelineStateManager (PipelineStateManager.java:addPipeline(54)) - Created pipeline Pipeline[ Id: f8f99d1a-8ba3-4467-8598-5ea73ef34191, Nodes: 38f6e796-8c18-4c71-95ad-19caff00ba17{ip: 172.17.0.2, host: 4c549b8e0644, networkLocation: /default-rack, certSerialId: null}, Type:RATIS, Factor:ONE, State:ALLOCATED, leaderId:, CreationTimestamp2020-10-13T01:29:02.333Z]
2020-10-13 01:29:02,334 [RatisPipelineUtilsThread] INFO  pipeline.RatisPipelineProvider (RatisPipelineProvider.java:lambda$create$0(138)) - Sending CreatePipelineCommand for pipeline:PipelineID=a9303f12-9bb1-4dba-9bf4-41b73ab5c21e to datanode:8da8ca2d-f214-46c6-bb1d-19300cf99b91
2020-10-13 01:29:02,334 [RatisPipelineUtilsThread] INFO  pipeline.RatisPipelineProvider (RatisPipelineProvider.java:lambda$create$0(138)) - Sending CreatePipelineCommand for pipeline:PipelineID=a9303f12-9bb1-4dba-9bf4-41b73ab5c21e to datanode:557e4ca5-6b8d-4b4c-bd98-c7916be59d80
2020-10-13 01:29:02,335 [RatisPipelineUtilsThread] INFO  pipeline.RatisPipelineProvider (RatisPipelineProvider.java:lambda$create$0(138)) - Sending CreatePipelineCommand for pipeline:PipelineID=a9303f12-9bb1-4dba-9bf4-41b73ab5c21e to datanode:38f6e796-8c18-4c71-95ad-19caff00ba17
2020-10-13 01:29:02,335 [RatisPipelineUtilsThread] INFO  pipeline.PipelineStateManager (PipelineStateManager.java:addPipeline(54)) - Created pipeline Pipeline[ Id: a9303f12-9bb1-4dba-9bf4-41b73ab5c21e, Nodes: 8da8ca2d-f214-46c6-bb1d-19300cf99b91{ip: 172.17.0.2, host: 4c549b8e0644, networkLocation: /default-rack, certSerialId: null}557e4ca5-6b8d-4b4c-bd98-c7916be59d80{ip: 172.17.0.2, host: 4c549b8e0644, networkLocation: /default-rack, certSerialId: null}38f6e796-8c18-4c71-95ad-19caff00ba17{ip: 172.17.0.2, host: 4c549b8e0644, networkLocation: /default-rack, certSerialId: null}, Type:RATIS, Factor:THREE, State:ALLOCATED, leaderId:, CreationTimestamp2020-10-13T01:29:02.334Z]
2020-10-13 01:29:02,529 [Listener at 127.0.0.1/32995] INFO  ozone.MiniOzoneClusterImpl (MiniOzoneClusterImpl.java:lambda$waitForClusterToBeReady$0(177)) - Waiting for nodes to be ready. Got 6 of 7 DN Heartbeats.
2020-10-13 01:29:02,529 [Listener at 127.0.0.1/32995] INFO  ozone.MiniOzoneClusterImpl (MiniOzoneClusterImpl.java:lambda$waitForClusterToBeReady$0(180)) - Waiting for cluster to exit safe mode
2020-10-13 01:29:02,532 [IPC Server handler 3 on default port 43001] INFO  net.NetworkTopologyImpl (NetworkTopologyImpl.java:add(111)) - Added a new node: /default-rack/15e97f69-99d4-48de-9335-a5bc72d66d58
2020-10-13 01:29:02,533 [IPC Server handler 3 on default port 43001] INFO  node.SCMNodeManager (SCMNodeManager.java:register(282)) - Registered Data node : 15e97f69-99d4-48de-9335-a5bc72d66d58{ip: 172.17.0.2, host: 4c549b8e0644, networkLocation: /default-rack, certSerialId: null}
2020-10-13 01:29:02,534 [EventQueue-NodeRegistrationContainerReportForContainerSafeModeRule] INFO  safemode.SCMSafeModeManager (SCMSafeModeManager.java:validateSafeModeExitRules(214)) - ContainerSafeModeRule rule is successfully validated
2020-10-13 01:29:02,534 [EventQueue-NodeRegistrationContainerReportForDataNodeSafeModeRule] INFO  safemode.SCMSafeModeManager (SCMSafeModeManager.java:validateSafeModeExitRules(214)) - DataNodeSafeModeRule rule is successfully validated
2020-10-13 01:29:02,535 [RatisPipelineUtilsThread] INFO  pipeline.RatisPipelineProvider (RatisPipelineProvider.java:lambda$create$0(138)) - Sending CreatePipelineCommand for pipeline:PipelineID=0640ae2d-37c0-4317-b51a-0f84a8c3469f to datanode:15e97f69-99d4-48de-9335-a5bc72d66d58
2020-10-13 01:29:02,535 [RatisPipelineUtilsThread] INFO  pipeline.PipelineStateManager (PipelineStateManager.java:addPipeline(54)) - Created pipeline Pipeline[ Id: 0640ae2d-37c0-4317-b51a-0f84a8c3469f, Nodes: 15e97f69-99d4-48de-9335-a5bc72d66d58{ip: 172.17.0.2, host: 4c549b8e0644, networkLocation: /default-rack, certSerialId: null}, Type:RATIS, Factor:ONE, State:ALLOCATED, leaderId:, CreationTimestamp2020-10-13T01:29:02.535Z]
2020-10-13 01:29:03,529 [Listener at 127.0.0.1/32995] INFO  ozone.MiniOzoneClusterImpl (MiniOzoneClusterImpl.java:lambda$waitForClusterToBeReady$0(177)) - Nodes are ready. Got 7 of 7 DN Heartbeats.
2020-10-13 01:29:03,529 [Listener at 127.0.0.1/32995] INFO  ozone.MiniOzoneClusterImpl (MiniOzoneClusterImpl.java:lambda$waitForClusterToBeReady$0(180)) - Waiting for cluster to exit safe mode
2020-10-13 01:29:04,390 [Command processor thread] INFO  impl.RaftServerProxy (RaftServerProxy.java:addNew(92)) - dacc0b49-37d4-4467-a9c0-6b3478b804ce: addNew group-CCBDA1CC1B1C:[dacc0b49-37d4-4467-a9c0-6b3478b804ce:172.17.0.2:36251:0] returns group-CCBDA1CC1B1C:java.util.concurrent.CompletableFuture@2be45499[Not completed]
2020-10-13 01:29:04,403 [pool-168-thread-1] INFO  impl.RaftServerImpl (RaftServerImpl.java:<init>(120)) - dacc0b49-37d4-4467-a9c0-6b3478b804ce: new RaftServerImpl for group-CCBDA1CC1B1C:[dacc0b49-37d4-4467-a9c0-6b3478b804ce:172.17.0.2:36251:0] with ContainerStateMachine:uninitialized
2020-10-13 01:29:04,403 [pool-168-thread-1] INFO  server.RaftServerConfigKeys (ConfUtils.java:logGet(44)) - raft.server.rpc.timeout.min = 5s (custom)
2020-10-13 01:29:04,403 [pool-168-thread-1] INFO  server.RaftServerConfigKeys (ConfUtils.java:logGet(44)) - raft.server.rpc.timeout.max = 5200ms (custom)
2020-10-13 01:29:04,403 [pool-168-thread-1] INFO  server.RaftServerConfigKeys (ConfUtils.java:logGet(44)) - raft.server.rpcslowness.timeout = 300s (custom)
2020-10-13 01:29:04,403 [pool-168-thread-1] INFO  server.RaftServerConfigKeys (ConfUtils.java:logGet(44)) - raft.server.sleep.deviation.threshold = 300 (default)
2020-10-13 01:29:04,403 [pool-168-thread-1] INFO  server.RaftServerConfigKeys (ConfUtils.java:logGet(44)) - raft.server.log.appender.install.snapshot.enabled = false (custom)
2020-10-13 01:29:04,403 [pool-168-thread-1] INFO  impl.RaftServerImpl (ServerState.java:<init>(104)) - dacc0b49-37d4-4467-a9c0-6b3478b804ce@group-CCBDA1CC1B1C: ConfigurationManager, init=-1: [dacc0b49-37d4-4467-a9c0-6b3478b804ce:172.17.0.2:36251:0], old=null, confs=<EMPTY_MAP>
2020-10-13 01:29:04,404 [pool-168-thread-1] INFO  server.RaftServerConfigKeys (ConfUtils.java:logGet(44)) - raft.server.storage.dir = [/github/workspace/mnt/ozone/hadoop-ozone/integration-test/target/test-dir/MiniOzoneClusterImpl-4b926bf3-aee9-4ef9-a274-c573270b78ea/datanode-0/data/ratis] (custom)
2020-10-13 01:29:04,404 [pool-168-thread-1] INFO  server.RaftServerConfigKeys (ConfUtils.java:logGet(44)) - raft.server.log.corruption.policy = EXCEPTION (default)
2020-10-13 01:29:04,404 [pool-168-thread-1] INFO  storage.RaftStorageDirectory (RaftStorageDirectory.java:analyzeStorage(261)) - The storage directory /github/workspace/mnt/ozone/hadoop-ozone/integration-test/target/test-dir/MiniOzoneClusterImpl-4b926bf3-aee9-4ef9-a274-c573270b78ea/datanode-0/data/ratis/7fea3d92-e93c-4775-afb3-ccbda1cc1b1c does not exist. Creating ...
2020-10-13 01:29:04,405 [pool-168-thread-1] INFO  storage.RaftStorageDirectory (RaftStorageDirectory.java:tryLock(343)) - Lock on /github/workspace/mnt/ozone/hadoop-ozone/integration-test/target/test-dir/MiniOzoneClusterImpl-4b926bf3-aee9-4ef9-a274-c573270b78ea/datanode-0/data/ratis/7fea3d92-e93c-4775-afb3-ccbda1cc1b1c/in_use.lock acquired by nodename 3115@4c549b8e0644
2020-10-13 01:29:04,414 [pool-168-thread-1] INFO  storage.RaftStorage (RaftStorage.java:format(84)) - Storage directory /github/workspace/mnt/ozone/hadoop-ozone/integration-test/target/test-dir/MiniOzoneClusterImpl-4b926bf3-aee9-4ef9-a274-c573270b78ea/datanode-0/data/ratis/7fea3d92-e93c-4775-afb3-ccbda1cc1b1c has been successfully formatted.
2020-10-13 01:29:04,414 [pool-168-thread-1] INFO  ratis.ContainerStateMachine (ContainerStateMachine.java:loadSnapshot(225)) - group-CCBDA1CC1B1C: The snapshot info is null. Setting the last applied indexto:(t:0, i:~)
2020-10-13 01:29:04,414 [pool-168-thread-1] INFO  server.RaftServerConfigKeys (ConfUtils.java:logGet(44)) - raft.server.notification.no-leader.timeout = 300s (custom)
2020-10-13 01:29:04,414 [pool-168-thread-1] INFO  server.RaftServerConfigKeys (ConfUtils.java:logGet(44)) - raft.server.log.use.memory = false (default)
2020-10-13 01:29:04,414 [pool-168-thread-1] INFO  server.RaftServerConfigKeys (ConfUtils.java:logGet(44)) - raft.server.log.purge.gap = 1000000 (custom)
2020-10-13 01:29:04,416 [pool-168-thread-1] INFO  metrics.RatisMetrics (RatisMetrics.java:lambda$create$0(36)) - Creating Metrics Registry : ratis.log_worker.dacc0b49-37d4-4467-a9c0-6b3478b804ce@group-CCBDA1CC1B1C
2020-10-13 01:29:04,416 [pool-168-thread-1] INFO  server.RaftServerConfigKeys (ConfUtils.java:logGet(44)) - raft.server.log.appender.buffer.byte-limit = 33554432 (custom)
2020-10-13 01:29:04,417 [pool-168-thread-1] INFO  server.RaftServerConfigKeys (ConfUtils.java:logGet(44)) - raft.server.log.segment.size.max = 1048576 (custom)
2020-10-13 01:29:04,417 [EventQueue-PipelineReportForPipelineReportHandler] INFO  pipeline.PipelineStateManager (PipelineStateManager.java:openPipeline(131)) - Pipeline Pipeline[ Id: 7fea3d92-e93c-4775-afb3-ccbda1cc1b1c, Nodes: dacc0b49-37d4-4467-a9c0-6b3478b804ce{ip: 172.17.0.2, host: 4c549b8e0644, networkLocation: /default-rack, certSerialId: null}, Type:RATIS, Factor:ONE, State:ALLOCATED, leaderId:dacc0b49-37d4-4467-a9c0-6b3478b804ce, CreationTimestamp2020-10-13T01:29:01.396Z] moved to OPEN state
2020-10-13 01:29:04,417 [pool-168-thread-1] INFO  server.RaftServerConfigKeys (ConfUtils.java:logGet(44)) - raft.server.log.segment.cache.num.max = 2 (custom)
2020-10-13 01:29:04,418 [pool-168-thread-1] INFO  segmented.SegmentedRaftLogWorker (SegmentedRaftLogWorker.java:<init>(180)) - new dacc0b49-37d4-4467-a9c0-6b3478b804ce@group-CCBDA1CC1B1C-SegmentedRaftLogWorker for RaftStorage:Storage Directory /github/workspace/mnt/ozone/hadoop-ozone/integration-test/target/test-dir/MiniOzoneClusterImpl-4b926bf3-aee9-4ef9-a274-c573270b78ea/datanode-0/data/ratis/7fea3d92-e93c-4775-afb3-ccbda1cc1b1c
2020-10-13 01:29:04,418 [pool-168-thread-1] INFO  server.RaftServerConfigKeys (ConfUtils.java:logGet(44)) - raft.server.log.queue.byte-limit = 2147483647 (custom)
2020-10-13 01:29:04,418 [pool-168-thread-1] INFO  server.RaftServerConfigKeys (ConfUtils.java:logGet(44)) - raft.server.log.queue.element-limit = 1024 (custom)
2020-10-13 01:29:04,418 [pool-168-thread-1] INFO  server.RaftServerConfigKeys (ConfUtils.java:logGet(44)) - raft.server.log.segment.size.max = 1048576 (custom)
2020-10-13 01:29:04,418 [pool-168-thread-1] INFO  server.RaftServerConfigKeys (ConfUtils.java:logGet(44)) - raft.server.log.preallocated.size = 16384 (custom)
2020-10-13 01:29:04,418 [pool-168-thread-1] INFO  server.RaftServerConfigKeys (ConfUtils.java:logGet(44)) - raft.server.log.write.buffer.size = 1048576 (custom)
2020-10-13 01:29:04,418 [pool-168-thread-1] INFO  server.RaftServerConfigKeys (ConfUtils.java:logGet(44)) - raft.server.log.force.sync.num = 128 (default)
2020-10-13 01:29:04,418 [pool-168-thread-1] INFO  server.RaftServerConfigKeys (ConfUtils.java:logGet(44)) - raft.server.log.statemachine.data.sync = true (default)
2020-10-13 01:29:04,418 [pool-168-thread-1] INFO  server.RaftServerConfigKeys (ConfUtils.java:logGet(44)) - raft.server.log.statemachine.data.sync.timeout = 10s (default)
2020-10-13 01:29:04,418 [pool-168-thread-1] INFO  server.RaftServerConfigKeys (ConfUtils.java:logGet(44)) - raft.server.log.statemachine.data.sync.timeout.retry = -1 (default)
2020-10-13 01:29:04,418 [EventQueue-OpenPipelineForHealthyPipelineSafeModeRule] INFO  safemode.SCMSafeModeManager (HealthyPipelineSafeModeRule.java:process(129)) - SCM in safe mode. Healthy pipelines reported count is 0, required healthy pipeline reported count is 1
2020-10-13 01:29:04,419 [EventQueue-OpenPipelineForOneReplicaPipelineSafeModeRule] INFO  safemode.SCMSafeModeManager (SCMSafeModeManager.java:validateSafeModeExitRules(214)) - AtleastOneDatanodeReportedRule rule is successfully validated
2020-10-13 01:29:04,421 [pool-168-thread-1] INFO  server.RaftServerConfigKeys (ConfUtils.java:logGet(44)) - raft.server.log.statemachine.data.caching.enabled = true (custom)
2020-10-13 01:29:04,421 [pool-168-thread-1] INFO  segmented.SegmentedRaftLogWorker (SegmentedRaftLogWorker.java:lambda$new$0(129)) - dacc0b49-37d4-4467-a9c0-6b3478b804ce@group-CCBDA1CC1B1C-SegmentedRaftLogWorker: flushIndex: setUnconditionally 0 -> -1
2020-10-13 01:29:04,421 [pool-168-thread-1] INFO  segmented.SegmentedRaftLogWorker (SegmentedRaftLogWorker.java:lambda$new$0(129)) - dacc0b49-37d4-4467-a9c0-6b3478b804ce@group-CCBDA1CC1B1C-SegmentedRaftLogWorker: safeCacheEvictIndex: setUnconditionally 0 -> -1
2020-10-13 01:29:04,421 [pool-168-thread-1] INFO  server.RaftServerConfigKeys (ConfUtils.java:logGet(44)) - raft.server.snapshot.auto.trigger.enabled = true (custom)
2020-10-13 01:29:04,421 [pool-168-thread-1] INFO  server.RaftServerConfigKeys (ConfUtils.java:logGet(44)) - raft.server.snapshot.auto.trigger.threshold = 10000 (custom)
2020-10-13 01:29:04,421 [pool-168-thread-1] INFO  server.RaftServerConfigKeys (ConfUtils.java:logGet(44)) - raft.server.snapshot.retention.file.num = 5 (custom)
2020-10-13 01:29:04,422 [pool-168-thread-1] INFO  server.RaftServerConfigKeys (ConfUtils.java:logGet(44)) - raft.server.log.purge.upto.snapshot.index = false (default)
2020-10-13 01:29:04,422 [pool-168-thread-1] INFO  server.RaftServerConfigKeys (ConfUtils.java:logGet(44)) - raft.server.retrycache.expirytime = 600000ms (custom)
2020-10-13 01:29:04,422 [pool-168-thread-1] INFO  metrics.RatisMetrics (RatisMetrics.java:lambda$create$0(36)) - Creating Metrics Registry : ratis.leader_election.dacc0b49-37d4-4467-a9c0-6b3478b804ce@group-CCBDA1CC1B1C
2020-10-13 01:29:04,422 [pool-168-thread-1] INFO  metrics.RatisMetrics (RatisMetrics.java:lambda$create$0(36)) - Creating Metrics Registry : ratis.server.dacc0b49-37d4-4467-a9c0-6b3478b804ce@group-CCBDA1CC1B1C
2020-10-13 01:29:04,423 [pool-168-thread-1] INFO  impl.RaftServerImpl (RaftServerImpl.java:start(209)) - dacc0b49-37d4-4467-a9c0-6b3478b804ce@group-CCBDA1CC1B1C: start as a follower, conf=-1: [dacc0b49-37d4-4467-a9c0-6b3478b804ce:172.17.0.2:36251:0], old=null
2020-10-13 01:29:04,423 [pool-168-thread-1] INFO  impl.RaftServerImpl (RaftServerImpl.java:setRole(198)) - dacc0b49-37d4-4467-a9c0-6b3478b804ce@group-CCBDA1CC1B1C: changes role from      null to FOLLOWER at term 0 for startAsFollower
2020-10-13 01:29:04,423 [pool-168-thread-1] INFO  impl.RoleInfo (RoleInfo.java:updateAndGet(143)) - dacc0b49-37d4-4467-a9c0-6b3478b804ce: start FollowerState
2020-10-13 01:29:04,424 [pool-168-thread-1] INFO  util.JmxRegister (JmxRegister.java:tryRegister(44)) - Successfully registered JMX Bean with object name Ratis:service=RaftServer,group=group-CCBDA1CC1B1C,id=dacc0b49-37d4-4467-a9c0-6b3478b804ce
2020-10-13 01:29:04,424 [pool-168-thread-1] INFO  metrics.RatisMetrics (RatisMetrics.java:lambda$create$0(36)) - Creating Metrics Registry : ratis.state_machine.dacc0b49-37d4-4467-a9c0-6b3478b804ce@group-CCBDA1CC1B1C
2020-10-13 01:29:04,425 [Command processor thread] INFO  commandhandler.CreatePipelineCommandHandler (CreatePipelineCommandHandler.java:handle(110)) - Created Pipeline RATIS ONE #id: "7fea3d92-e93c-4775-afb3-ccbda1cc1b1c"
uuid128 {
  mostSigBits: 9217247288554702709
  leastSigBits: -5786055981405562084
}
.
2020-10-13 01:29:04,425 [Command processor thread] INFO  impl.RaftServerProxy (RaftServerProxy.java:addNew(92)) - dacc0b49-37d4-4467-a9c0-6b3478b804ce: addNew group-456545EDC826:[a12b145a-ffb8-402d-9bd1-7a149c253a62:172.17.0.2:38553:0, dacc0b49-37d4-4467-a9c0-6b3478b804ce:172.17.0.2:36251:0, 8bba907c-2e93-4fda-916b-59f0297d61f4:172.17.0.2:40303:0] returns group-456545EDC826:java.util.concurrent.CompletableFuture@2fdbd53d[Not completed]
2020-10-13 01:29:04,426 [pool-168-thread-1] INFO  impl.RaftServerImpl (RaftServerImpl.java:<init>(120)) - dacc0b49-37d4-4467-a9c0-6b3478b804ce: new RaftServerImpl for group-456545EDC826:[a12b145a-ffb8-402d-9bd1-7a149c253a62:172.17.0.2:38553:0, dacc0b49-37d4-4467-a9c0-6b3478b804ce:172.17.0.2:36251:0, 8bba907c-2e93-4fda-916b-59f0297d61f4:172.17.0.2:40303:0] with ContainerStateMachine:uninitialized
2020-10-13 01:29:04,427 [pool-168-thread-1] INFO  server.RaftServerConfigKeys (ConfUtils.java:logGet(44)) - raft.server.rpc.timeout.min = 5s (custom)
2020-10-13 01:29:04,427 [pool-168-thread-1] INFO  server.RaftServerConfigKeys (ConfUtils.java:logGet(44)) - raft.server.rpc.timeout.max = 5200ms (custom)
2020-10-13 01:29:04,427 [pool-168-thread-1] INFO  server.RaftServerConfigKeys (ConfUtils.java:logGet(44)) - raft.server.rpcslowness.timeout = 300s (custom)
2020-10-13 01:29:04,427 [pool-168-thread-1] INFO  server.RaftServerConfigKeys (ConfUtils.java:logGet(44)) - raft.server.sleep.deviation.threshold = 300 (default)
2020-10-13 01:29:04,427 [pool-168-thread-1] INFO  server.RaftServerConfigKeys (ConfUtils.java:logGet(44)) - raft.server.log.appender.install.snapshot.enabled = false (custom)
2020-10-13 01:29:04,427 [pool-168-thread-1] INFO  impl.RaftServerImpl (ServerState.java:<init>(104)) - dacc0b49-37d4-4467-a9c0-6b3478b804ce@group-456545EDC826: ConfigurationManager, init=-1: [a12b145a-ffb8-402d-9bd1-7a149c253a62:172.17.0.2:38553:0, dacc0b49-37d4-4467-a9c0-6b3478b804ce:172.17.0.2:36251:0, 8bba907c-2e93-4fda-916b-59f0297d61f4:172.17.0.2:40303:0], old=null, confs=<EMPTY_MAP>
2020-10-13 01:29:04,427 [pool-168-thread-1] INFO  server.RaftServerConfigKeys (ConfUtils.java:logGet(44)) - raft.server.storage.dir = [/github/workspace/mnt/ozone/hadoop-ozone/integration-test/target/test-dir/MiniOzoneClusterImpl-4b926bf3-aee9-4ef9-a274-c573270b78ea/datanode-0/data/ratis] (custom)
2020-10-13 01:29:04,427 [pool-168-thread-1] INFO  server.RaftServerConfigKeys (ConfUtils.java:logGet(44)) - raft.server.log.corruption.policy = EXCEPTION (default)
2020-10-13 01:29:04,427 [pool-168-thread-1] INFO  storage.RaftStorageDirectory (RaftStorageDirectory.java:analyzeStorage(261)) - The storage directory /github/workspace/mnt/ozone/hadoop-ozone/integration-test/target/test-dir/MiniOzoneClusterImpl-4b926bf3-aee9-4ef9-a274-c573270b78ea/datanode-0/data/ratis/5d7ca41b-101c-4b68-9eab-456545edc826 does not exist. Creating ...
2020-10-13 01:29:04,430 [pool-168-thread-1] INFO  storage.RaftStorageDirectory (RaftStorageDirectory.java:tryLock(343)) - Lock on /github/workspace/mnt/ozone/hadoop-ozone/integration-test/target/test-dir/MiniOzoneClusterImpl-4b926bf3-aee9-4ef9-a274-c573270b78ea/datanode-0/data/ratis/5d7ca41b-101c-4b68-9eab-456545edc826/in_use.lock acquired by nodename 3115@4c549b8e0644
2020-10-13 01:29:04,431 [pool-168-thread-1] INFO  storage.RaftStorage (RaftStorage.java:format(84)) - Storage directory /github/workspace/mnt/ozone/hadoop-ozone/integration-test/target/test-dir/MiniOzoneClusterImpl-4b926bf3-aee9-4ef9-a274-c573270b78ea/datanode-0/data/ratis/5d7ca41b-101c-4b68-9eab-456545edc826 has been successfully formatted.
2020-10-13 01:29:04,431 [pool-168-thread-1] INFO  ratis.ContainerStateMachine (ContainerStateMachine.java:loadSnapshot(225)) - group-456545EDC826: The snapshot info is null. Setting the last applied indexto:(t:0, i:~)
2020-10-13 01:29:04,431 [pool-168-thread-1] INFO  server.RaftServerConfigKeys (ConfUtils.java:logGet(44)) - raft.server.notification.no-leader.timeout = 300s (custom)
2020-10-13 01:29:04,432 [pool-168-thread-1] INFO  server.RaftServerConfigKeys (ConfUtils.java:logGet(44)) - raft.server.log.use.memory = false (default)
2020-10-13 01:29:04,432 [pool-168-thread-1] INFO  server.RaftServerConfigKeys (ConfUtils.java:logGet(44)) - raft.server.log.purge.gap = 1000000 (custom)
2020-10-13 01:29:04,432 [pool-168-thread-1] INFO  metrics.RatisMetrics (RatisMetrics.java:lambda$create$0(36)) - Creating Metrics Registry : ratis.log_worker.dacc0b49-37d4-4467-a9c0-6b3478b804ce@group-456545EDC826
2020-10-13 01:29:04,433 [pool-168-thread-1] INFO  server.RaftServerConfigKeys (ConfUtils.java:logGet(44)) - raft.server.log.appender.buffer.byte-limit = 33554432 (custom)
2020-10-13 01:29:04,433 [pool-168-thread-1] INFO  server.RaftServerConfigKeys (ConfUtils.java:logGet(44)) - raft.server.log.segment.size.max = 1048576 (custom)
2020-10-13 01:29:04,433 [pool-168-thread-1] INFO  server.RaftServerConfigKeys (ConfUtils.java:logGet(44)) - raft.server.log.segment.cache.num.max = 2 (custom)
2020-10-13 01:29:04,434 [pool-168-thread-1] INFO  segmented.SegmentedRaftLogWorker (SegmentedRaftLogWorker.java:<init>(180)) - new dacc0b49-37d4-4467-a9c0-6b3478b804ce@group-456545EDC826-SegmentedRaftLogWorker for RaftStorage:Storage Directory /github/workspace/mnt/ozone/hadoop-ozone/integration-test/target/test-dir/MiniOzoneClusterImpl-4b926bf3-aee9-4ef9-a274-c573270b78ea/datanode-0/data/ratis/5d7ca41b-101c-4b68-9eab-456545edc826
2020-10-13 01:29:04,434 [pool-168-thread-1] INFO  server.RaftServerConfigKeys (ConfUtils.java:logGet(44)) - raft.server.log.queue.byte-limit = 2147483647 (custom)
2020-10-13 01:29:04,434 [pool-168-thread-1] INFO  server.RaftServerConfigKeys (ConfUtils.java:logGet(44)) - raft.server.log.queue.element-limit = 1024 (custom)
2020-10-13 01:29:04,434 [pool-168-thread-1] INFO  server.RaftServerConfigKeys (ConfUtils.java:logGet(44)) - raft.server.log.segment.size.max = 1048576 (custom)
2020-10-13 01:29:04,434 [pool-168-thread-1] INFO  server.RaftServerConfigKeys (ConfUtils.java:logGet(44)) - raft.server.log.preallocated.size = 16384 (custom)
2020-10-13 01:29:04,434 [pool-168-thread-1] INFO  server.RaftServerConfigKeys (ConfUtils.java:logGet(44)) - raft.server.log.write.buffer.size = 1048576 (custom)
2020-10-13 01:29:04,434 [pool-168-thread-1] INFO  server.RaftServerConfigKeys (ConfUtils.java:logGet(44)) - raft.server.log.force.sync.num = 128 (default)
2020-10-13 01:29:04,434 [pool-168-thread-1] INFO  server.RaftServerConfigKeys (ConfUtils.java:logGet(44)) - raft.server.log.statemachine.data.sync = true (default)
2020-10-13 01:29:04,434 [pool-168-thread-1] INFO  server.RaftServerConfigKeys (ConfUtils.java:logGet(44)) - raft.server.log.statemachine.data.sync.timeout = 10s (default)
2020-10-13 01:29:04,434 [pool-168-thread-1] INFO  server.RaftServerConfigKeys (ConfUtils.java:logGet(44)) - raft.server.log.statemachine.data.sync.timeout.retry = -1 (default)
2020-10-13 01:29:04,436 [pool-168-thread-1] INFO  server.RaftServerConfigKeys (ConfUtils.java:logGet(44)) - raft.server.log.statemachine.data.caching.enabled = true (custom)
2020-10-13 01:29:04,436 [pool-168-thread-1] INFO  segmented.SegmentedRaftLogWorker (SegmentedRaftLogWorker.java:lambda$new$0(129)) - dacc0b49-37d4-4467-a9c0-6b3478b804ce@group-456545EDC826-SegmentedRaftLogWorker: flushIndex: setUnconditionally 0 -> -1
2020-10-13 01:29:04,436 [pool-168-thread-1] INFO  segmented.SegmentedRaftLogWorker (SegmentedRaftLogWorker.java:lambda$new$0(129)) - dacc0b49-37d4-4467-a9c0-6b3478b804ce@group-456545EDC826-SegmentedRaftLogWorker: safeCacheEvictIndex: setUnconditionally 0 -> -1
2020-10-13 01:29:04,437 [pool-168-thread-1] INFO  server.RaftServerConfigKeys (ConfUtils.java:logGet(44)) - raft.server.snapshot.auto.trigger.enabled = true (custom)
2020-10-13 01:29:04,437 [pool-168-thread-1] INFO  server.RaftServerConfigKeys (ConfUtils.java:logGet(44)) - raft.server.snapshot.auto.trigger.threshold = 10000 (custom)
2020-10-13 01:29:04,437 [pool-168-thread-1] INFO  server.RaftServerConfigKeys (ConfUtils.java:logGet(44)) - raft.server.snapshot.retention.file.num = 5 (custom)
2020-10-13 01:29:04,438 [pool-168-thread-1] INFO  server.RaftServerConfigKeys (ConfUtils.java:logGet(44)) - raft.server.log.purge.upto.snapshot.index = false (default)
2020-10-13 01:29:04,438 [pool-168-thread-1] INFO  server.RaftServerConfigKeys (ConfUtils.java:logGet(44)) - raft.server.retrycache.expirytime = 600000ms (custom)
2020-10-13 01:29:04,438 [pool-168-thread-1] INFO  metrics.RatisMetrics (RatisMetrics.java:lambda$create$0(36)) - Creating Metrics Registry : ratis.leader_election.dacc0b49-37d4-4467-a9c0-6b3478b804ce@group-456545EDC826
2020-10-13 01:29:04,440 [pool-168-thread-1] INFO  metrics.RatisMetrics (RatisMetrics.java:lambda$create$0(36)) - Creating Metrics Registry : ratis.server.dacc0b49-37d4-4467-a9c0-6b3478b804ce@group-456545EDC826
2020-10-13 01:29:04,441 [pool-168-thread-1] INFO  impl.RaftServerImpl (RaftServerImpl.java:start(209)) - dacc0b49-37d4-4467-a9c0-6b3478b804ce@group-456545EDC826: start as a follower, conf=-1: [a12b145a-ffb8-402d-9bd1-7a149c253a62:172.17.0.2:38553:0, dacc0b49-37d4-4467-a9c0-6b3478b804ce:172.17.0.2:36251:0, 8bba907c-2e93-4fda-916b-59f0297d61f4:172.17.0.2:40303:0], old=null
2020-10-13 01:29:04,441 [pool-168-thread-1] INFO  impl.RaftServerImpl (RaftServerImpl.java:setRole(198)) - dacc0b49-37d4-4467-a9c0-6b3478b804ce@group-456545EDC826: changes role from      null to FOLLOWER at term 0 for startAsFollower
2020-10-13 01:29:04,442 [pool-168-thread-1] INFO  impl.RoleInfo (RoleInfo.java:updateAndGet(143)) - dacc0b49-37d4-4467-a9c0-6b3478b804ce: start FollowerState
2020-10-13 01:29:04,442 [pool-168-thread-1] INFO  util.JmxRegister (JmxRegister.java:tryRegister(44)) - Successfully registered JMX Bean with object name Ratis:service=RaftServer,group=group-456545EDC826,id=dacc0b49-37d4-4467-a9c0-6b3478b804ce
2020-10-13 01:29:04,442 [pool-168-thread-1] INFO  metrics.RatisMetrics (RatisMetrics.java:lambda$create$0(36)) - Creating Metrics Registry : ratis.state_machine.dacc0b49-37d4-4467-a9c0-6b3478b804ce@group-456545EDC826
2020-10-13 01:29:04,444 [Command processor thread] INFO  metrics.RatisMetrics (RatisMetrics.java:lambda$create$0(36)) - Creating Metrics Registry : ratis.client_message_metrics.client-3E18A4F61852->a12b145a-ffb8-402d-9bd1-7a149c253a62
2020-10-13 01:29:04,451 [grpc-default-executor-3] INFO  metrics.RatisMetrics (RatisMetrics.java:lambda$create$0(36)) - Creating Metrics Registry : ratis.server_message_metrics.a12b145a-ffb8-402d-9bd1-7a149c253a62
2020-10-13 01:29:04,455 [grpc-default-executor-3] INFO  impl.RaftServerProxy (RaftServerProxy.java:addNew(92)) - a12b145a-ffb8-402d-9bd1-7a149c253a62: addNew group-456545EDC826:[a12b145a-ffb8-402d-9bd1-7a149c253a62:172.17.0.2:38553:0, dacc0b49-37d4-4467-a9c0-6b3478b804ce:172.17.0.2:36251:0, 8bba907c-2e93-4fda-916b-59f0297d61f4:172.17.0.2:40303:0] returns group-456545EDC826:java.util.concurrent.CompletableFuture@751e11cb[Not completed]
2020-10-13 01:29:04,457 [pool-198-thread-1] INFO  impl.RaftServerImpl (RaftServerImpl.java:<init>(120)) - a12b145a-ffb8-402d-9bd1-7a149c253a62: new RaftServerImpl for group-456545EDC826:[a12b145a-ffb8-402d-9bd1-7a149c253a62:172.17.0.2:38553:0, dacc0b49-37d4-4467-a9c0-6b3478b804ce:172.17.0.2:36251:0, 8bba907c-2e93-4fda-916b-59f0297d61f4:172.17.0.2:40303:0] with ContainerStateMachine:uninitialized
2020-10-13 01:29:04,457 [pool-198-thread-1] INFO  server.RaftServerConfigKeys (ConfUtils.java:logGet(44)) - raft.server.rpc.timeout.min = 5s (custom)
2020-10-13 01:29:04,457 [pool-198-thread-1] INFO  server.RaftServerConfigKeys (ConfUtils.java:logGet(44)) - raft.server.rpc.timeout.max = 5200ms (custom)
2020-10-13 01:29:04,457 [pool-198-thread-1] INFO  server.RaftServerConfigKeys (ConfUtils.java:logGet(44)) - raft.server.rpcslowness.timeout = 300s (custom)
2020-10-13 01:29:04,457 [pool-198-thread-1] INFO  server.RaftServerConfigKeys (ConfUtils.java:logGet(44)) - raft.server.sleep.deviation.threshold = 300 (default)
2020-10-13 01:29:04,458 [pool-198-thread-1] INFO  server.RaftServerConfigKeys (ConfUtils.java:logGet(44)) - raft.server.log.appender.install.snapshot.enabled = false (custom)
2020-10-13 01:29:04,458 [pool-198-thread-1] INFO  impl.RaftServerImpl (ServerState.java:<init>(104)) - a12b145a-ffb8-402d-9bd1-7a149c253a62@group-456545EDC826: ConfigurationManager, init=-1: [a12b145a-ffb8-402d-9bd1-7a149c253a62:172.17.0.2:38553:0, dacc0b49-37d4-4467-a9c0-6b3478b804ce:172.17.0.2:36251:0, 8bba907c-2e93-4fda-916b-59f0297d61f4:172.17.0.2:40303:0], old=null, confs=<EMPTY_MAP>
2020-10-13 01:29:04,458 [pool-198-thread-1] INFO  server.RaftServerConfigKeys (ConfUtils.java:logGet(44)) - raft.server.storage.dir = [/github/workspace/mnt/ozone/hadoop-ozone/integration-test/target/test-dir/MiniOzoneClusterImpl-4b926bf3-aee9-4ef9-a274-c573270b78ea/datanode-2/data/ratis] (custom)
2020-10-13 01:29:04,459 [pool-198-thread-1] INFO  server.RaftServerConfigKeys (ConfUtils.java:logGet(44)) - raft.server.log.corruption.policy = EXCEPTION (default)
2020-10-13 01:29:04,459 [pool-198-thread-1] INFO  storage.RaftStorageDirectory (RaftStorageDirectory.java:analyzeStorage(261)) - The storage directory /github/workspace/mnt/ozone/hadoop-ozone/integration-test/target/test-dir/MiniOzoneClusterImpl-4b926bf3-aee9-4ef9-a274-c573270b78ea/datanode-2/data/ratis/5d7ca41b-101c-4b68-9eab-456545edc826 does not exist. Creating ...
2020-10-13 01:29:04,460 [pool-198-thread-1] INFO  storage.RaftStorageDirectory (RaftStorageDirectory.java:tryLock(343)) - Lock on /github/workspace/mnt/ozone/hadoop-ozone/integration-test/target/test-dir/MiniOzoneClusterImpl-4b926bf3-aee9-4ef9-a274-c573270b78ea/datanode-2/data/ratis/5d7ca41b-101c-4b68-9eab-456545edc826/in_use.lock acquired by nodename 3115@4c549b8e0644
2020-10-13 01:29:04,461 [pool-198-thread-1] INFO  storage.RaftStorage (RaftStorage.java:format(84)) - Storage directory /github/workspace/mnt/ozone/hadoop-ozone/integration-test/target/test-dir/MiniOzoneClusterImpl-4b926bf3-aee9-4ef9-a274-c573270b78ea/datanode-2/data/ratis/5d7ca41b-101c-4b68-9eab-456545edc826 has been successfully formatted.
2020-10-13 01:29:04,461 [pool-198-thread-1] INFO  ratis.ContainerStateMachine (ContainerStateMachine.java:loadSnapshot(225)) - group-456545EDC826: The snapshot info is null. Setting the last applied indexto:(t:0, i:~)
2020-10-13 01:29:04,461 [pool-198-thread-1] INFO  server.RaftServerConfigKeys (ConfUtils.java:logGet(44)) - raft.server.notification.no-leader.timeout = 300s (custom)
2020-10-13 01:29:04,464 [pool-198-thread-1] INFO  server.RaftServerConfigKeys (ConfUtils.java:logGet(44)) - raft.server.log.use.memory = false (default)
2020-10-13 01:29:04,464 [pool-198-thread-1] INFO  server.RaftServerConfigKeys (ConfUtils.java:logGet(44)) - raft.server.log.purge.gap = 1000000 (custom)
2020-10-13 01:29:04,464 [pool-198-thread-1] INFO  metrics.RatisMetrics (RatisMetrics.java:lambda$create$0(36)) - Creating Metrics Registry : ratis.log_worker.a12b145a-ffb8-402d-9bd1-7a149c253a62@group-456545EDC826
2020-10-13 01:29:04,464 [pool-198-thread-1] INFO  server.RaftServerConfigKeys (ConfUtils.java:logGet(44)) - raft.server.log.appender.buffer.byte-limit = 33554432 (custom)
2020-10-13 01:29:04,464 [pool-198-thread-1] INFO  server.RaftServerConfigKeys (ConfUtils.java:logGet(44)) - raft.server.log.segment.size.max = 1048576 (custom)
2020-10-13 01:29:04,465 [pool-198-thread-1] INFO  server.RaftServerConfigKeys (ConfUtils.java:logGet(44)) - raft.server.log.segment.cache.num.max = 2 (custom)
2020-10-13 01:29:04,465 [pool-198-thread-1] INFO  segmented.SegmentedRaftLogWorker (SegmentedRaftLogWorker.java:<init>(180)) - new a12b145a-ffb8-402d-9bd1-7a149c253a62@group-456545EDC826-SegmentedRaftLogWorker for RaftStorage:Storage Directory /github/workspace/mnt/ozone/hadoop-ozone/integration-test/target/test-dir/MiniOzoneClusterImpl-4b926bf3-aee9-4ef9-a274-c573270b78ea/datanode-2/data/ratis/5d7ca41b-101c-4b68-9eab-456545edc826
2020-10-13 01:29:04,465 [pool-198-thread-1] INFO  server.RaftServerConfigKeys (ConfUtils.java:logGet(44)) - raft.server.log.queue.byte-limit = 2147483647 (custom)
2020-10-13 01:29:04,465 [pool-198-thread-1] INFO  server.RaftServerConfigKeys (ConfUtils.java:logGet(44)) - raft.server.log.queue.element-limit = 1024 (custom)
2020-10-13 01:29:04,465 [pool-198-thread-1] INFO  server.RaftServerConfigKeys (ConfUtils.java:logGet(44)) - raft.server.log.segment.size.max = 1048576 (custom)
2020-10-13 01:29:04,465 [pool-198-thread-1] INFO  server.RaftServerConfigKeys (ConfUtils.java:logGet(44)) - raft.server.log.preallocated.size = 16384 (custom)
2020-10-13 01:29:04,465 [pool-198-thread-1] INFO  server.RaftServerConfigKeys (ConfUtils.java:logGet(44)) - raft.server.log.write.buffer.size = 1048576 (custom)
2020-10-13 01:29:04,465 [pool-198-thread-1] INFO  server.RaftServerConfigKeys (ConfUtils.java:logGet(44)) - raft.server.log.force.sync.num = 128 (default)
2020-10-13 01:29:04,465 [pool-198-thread-1] INFO  server.RaftServerConfigKeys (ConfUtils.java:logGet(44)) - raft.server.log.statemachine.data.sync = true (default)
2020-10-13 01:29:04,465 [pool-198-thread-1] INFO  server.RaftServerConfigKeys (ConfUtils.java:logGet(44)) - raft.server.log.statemachine.data.sync.timeout = 10s (default)
2020-10-13 01:29:04,465 [pool-198-thread-1] INFO  server.RaftServerConfigKeys (ConfUtils.java:logGet(44)) - raft.server.log.statemachine.data.sync.timeout.retry = -1 (default)
2020-10-13 01:29:04,467 [pool-198-thread-1] INFO  server.RaftServerConfigKeys (ConfUtils.java:logGet(44)) - raft.server.log.statemachine.data.caching.enabled = true (custom)
2020-10-13 01:29:04,467 [pool-198-thread-1] INFO  segmented.SegmentedRaftLogWorker (SegmentedRaftLogWorker.java:lambda$new$0(129)) - a12b145a-ffb8-402d-9bd1-7a149c253a62@group-456545EDC826-SegmentedRaftLogWorker: flushIndex: setUnconditionally 0 -> -1
2020-10-13 01:29:04,468 [pool-198-thread-1] INFO  segmented.SegmentedRaftLogWorker (SegmentedRaftLogWorker.java:lambda$new$0(129)) - a12b145a-ffb8-402d-9bd1-7a149c253a62@group-456545EDC826-SegmentedRaftLogWorker: safeCacheEvictIndex: setUnconditionally 0 -> -1
2020-10-13 01:29:04,470 [pool-198-thread-1] INFO  server.RaftServerConfigKeys (ConfUtils.java:logGet(44)) - raft.server.snapshot.auto.trigger.enabled = true (custom)
2020-10-13 01:29:04,470 [pool-198-thread-1] INFO  server.RaftServerConfigKeys (ConfUtils.java:logGet(44)) - raft.server.snapshot.auto.trigger.threshold = 10000 (custom)
2020-10-13 01:29:04,470 [pool-198-thread-1] INFO  server.RaftServerConfigKeys (ConfUtils.java:logGet(44)) - raft.server.snapshot.retention.file.num = 5 (custom)
2020-10-13 01:29:04,470 [pool-198-thread-1] INFO  server.RaftServerConfigKeys (ConfUtils.java:logGet(44)) - raft.server.log.purge.upto.snapshot.index = false (default)
2020-10-13 01:29:04,470 [pool-198-thread-1] INFO  server.RaftServerConfigKeys (ConfUtils.java:logGet(44)) - raft.server.retrycache.expirytime = 600000ms (custom)
2020-10-13 01:29:04,470 [pool-198-thread-1] INFO  metrics.RatisMetrics (RatisMetrics.java:lambda$create$0(36)) - Creating Metrics Registry : ratis.leader_election.a12b145a-ffb8-402d-9bd1-7a149c253a62@group-456545EDC826
2020-10-13 01:29:04,474 [pool-198-thread-1] INFO  metrics.RatisMetrics (RatisMetrics.java:lambda$create$0(36)) - Creating Metrics Registry : ratis.server.a12b145a-ffb8-402d-9bd1-7a149c253a62@group-456545EDC826
2020-10-13 01:29:04,476 [pool-198-thread-1] INFO  impl.RaftServerImpl (RaftServerImpl.java:start(209)) - a12b145a-ffb8-402d-9bd1-7a149c253a62@group-456545EDC826: start as a follower, conf=-1: [a12b145a-ffb8-402d-9bd1-7a149c253a62:172.17.0.2:38553:0, dacc0b49-37d4-4467-a9c0-6b3478b804ce:172.17.0.2:36251:0, 8bba907c-2e93-4fda-916b-59f0297d61f4:172.17.0.2:40303:0], old=null
2020-10-13 01:29:04,476 [pool-198-thread-1] INFO  impl.RaftServerImpl (RaftServerImpl.java:setRole(198)) - a12b145a-ffb8-402d-9bd1-7a149c253a62@group-456545EDC826: changes role from      null to FOLLOWER at term 0 for startAsFollower
2020-10-13 01:29:04,476 [pool-198-thread-1] INFO  impl.RoleInfo (RoleInfo.java:updateAndGet(143)) - a12b145a-ffb8-402d-9bd1-7a149c253a62: start FollowerState
2020-10-13 01:29:04,477 [pool-198-thread-1] INFO  util.JmxRegister (JmxRegister.java:tryRegister(44)) - Successfully registered JMX Bean with object name Ratis:service=RaftServer,group=group-456545EDC826,id=a12b145a-ffb8-402d-9bd1-7a149c253a62
2020-10-13 01:29:04,477 [pool-198-thread-1] INFO  metrics.RatisMetrics (RatisMetrics.java:lambda$create$0(36)) - Creating Metrics Registry : ratis.state_machine.a12b145a-ffb8-402d-9bd1-7a149c253a62@group-456545EDC826
2020-10-13 01:29:04,494 [Command processor thread] INFO  metrics.RatisMetrics (RatisMetrics.java:lambda$create$0(36)) - Creating Metrics Registry : ratis.client_message_metrics.client-D6977671DB86->8bba907c-2e93-4fda-916b-59f0297d61f4
2020-10-13 01:29:04,499 [grpc-default-executor-3] INFO  metrics.RatisMetrics (RatisMetrics.java:lambda$create$0(36)) - Creating Metrics Registry : ratis.server_message_metrics.8bba907c-2e93-4fda-916b-59f0297d61f4
2020-10-13 01:29:04,505 [grpc-default-executor-3] INFO  impl.RaftServerProxy (RaftServerProxy.java:addNew(92)) - 8bba907c-2e93-4fda-916b-59f0297d61f4: addNew group-456545EDC826:[a12b145a-ffb8-402d-9bd1-7a149c253a62:172.17.0.2:38553:0, dacc0b49-37d4-4467-a9c0-6b3478b804ce:172.17.0.2:36251:0, 8bba907c-2e93-4fda-916b-59f0297d61f4:172.17.0.2:40303:0] returns group-456545EDC826:java.util.concurrent.CompletableFuture@56839633[Not completed]
2020-10-13 01:29:04,507 [pool-183-thread-1] INFO  impl.RaftServerImpl (RaftServerImpl.java:<init>(120)) - 8bba907c-2e93-4fda-916b-59f0297d61f4: new RaftServerImpl for group-456545EDC826:[a12b145a-ffb8-402d-9bd1-7a149c253a62:172.17.0.2:38553:0, dacc0b49-37d4-4467-a9c0-6b3478b804ce:172.17.0.2:36251:0, 8bba907c-2e93-4fda-916b-59f0297d61f4:172.17.0.2:40303:0] with ContainerStateMachine:uninitialized
2020-10-13 01:29:04,507 [pool-183-thread-1] INFO  server.RaftServerConfigKeys (ConfUtils.java:logGet(44)) - raft.server.rpc.timeout.min = 5s (custom)
2020-10-13 01:29:04,508 [pool-183-thread-1] INFO  server.RaftServerConfigKeys (ConfUtils.java:logGet(44)) - raft.server.rpc.timeout.max = 5200ms (custom)
2020-10-13 01:29:04,508 [pool-183-thread-1] INFO  server.RaftServerConfigKeys (ConfUtils.java:logGet(44)) - raft.server.rpcslowness.timeout = 300s (custom)
2020-10-13 01:29:04,508 [pool-183-thread-1] INFO  server.RaftServerConfigKeys (ConfUtils.java:logGet(44)) - raft.server.sleep.deviation.threshold = 300 (default)
2020-10-13 01:29:04,508 [pool-183-thread-1] INFO  server.RaftServerConfigKeys (ConfUtils.java:logGet(44)) - raft.server.log.appender.install.snapshot.enabled = false (custom)
2020-10-13 01:29:04,508 [pool-183-thread-1] INFO  impl.RaftServerImpl (ServerState.java:<init>(104)) - 8bba907c-2e93-4fda-916b-59f0297d61f4@group-456545EDC826: ConfigurationManager, init=-1: [a12b145a-ffb8-402d-9bd1-7a149c253a62:172.17.0.2:38553:0, dacc0b49-37d4-4467-a9c0-6b3478b804ce:172.17.0.2:36251:0, 8bba907c-2e93-4fda-916b-59f0297d61f4:172.17.0.2:40303:0], old=null, confs=<EMPTY_MAP>
2020-10-13 01:29:04,508 [pool-183-thread-1] INFO  server.RaftServerConfigKeys (ConfUtils.java:logGet(44)) - raft.server.storage.dir = [/github/workspace/mnt/ozone/hadoop-ozone/integration-test/target/test-dir/MiniOzoneClusterImpl-4b926bf3-aee9-4ef9-a274-c573270b78ea/datanode-1/data/ratis] (custom)
2020-10-13 01:29:04,509 [pool-183-thread-1] INFO  server.RaftServerConfigKeys (ConfUtils.java:logGet(44)) - raft.server.log.corruption.policy = EXCEPTION (default)
2020-10-13 01:29:04,509 [pool-183-thread-1] INFO  storage.RaftStorageDirectory (RaftStorageDirectory.java:analyzeStorage(261)) - The storage directory /github/workspace/mnt/ozone/hadoop-ozone/integration-test/target/test-dir/MiniOzoneClusterImpl-4b926bf3-aee9-4ef9-a274-c573270b78ea/datanode-1/data/ratis/5d7ca41b-101c-4b68-9eab-456545edc826 does not exist. Creating ...
2020-10-13 01:29:04,510 [pool-183-thread-1] INFO  storage.RaftStorageDirectory (RaftStorageDirectory.java:tryLock(343)) - Lock on /github/workspace/mnt/ozone/hadoop-ozone/integration-test/target/test-dir/MiniOzoneClusterImpl-4b926bf3-aee9-4ef9-a274-c573270b78ea/datanode-1/data/ratis/5d7ca41b-101c-4b68-9eab-456545edc826/in_use.lock acquired by nodename 3115@4c549b8e0644
2020-10-13 01:29:04,511 [pool-183-thread-1] INFO  storage.RaftStorage (RaftStorage.java:format(84)) - Storage directory /github/workspace/mnt/ozone/hadoop-ozone/integration-test/target/test-dir/MiniOzoneClusterImpl-4b926bf3-aee9-4ef9-a274-c573270b78ea/datanode-1/data/ratis/5d7ca41b-101c-4b68-9eab-456545edc826 has been successfully formatted.
2020-10-13 01:29:04,513 [pool-183-thread-1] INFO  ratis.ContainerStateMachine (ContainerStateMachine.java:loadSnapshot(225)) - group-456545EDC826: The snapshot info is null. Setting the last applied indexto:(t:0, i:~)
2020-10-13 01:29:04,513 [pool-183-thread-1] INFO  server.RaftServerConfigKeys (ConfUtils.java:logGet(44)) - raft.server.notification.no-leader.timeout = 300s (custom)
2020-10-13 01:29:04,515 [pool-183-thread-1] INFO  server.RaftServerConfigKeys (ConfUtils.java:logGet(44)) - raft.server.log.use.memory = false (default)
2020-10-13 01:29:04,515 [pool-183-thread-1] INFO  server.RaftServerConfigKeys (ConfUtils.java:logGet(44)) - raft.server.log.purge.gap = 1000000 (custom)
2020-10-13 01:29:04,516 [pool-183-thread-1] INFO  metrics.RatisMetrics (RatisMetrics.java:lambda$create$0(36)) - Creating Metrics Registry : ratis.log_worker.8bba907c-2e93-4fda-916b-59f0297d61f4@group-456545EDC826
2020-10-13 01:29:04,516 [pool-183-thread-1] INFO  server.RaftServerConfigKeys (ConfUtils.java:logGet(44)) - raft.server.log.appender.buffer.byte-limit = 33554432 (custom)
2020-10-13 01:29:04,516 [pool-183-thread-1] INFO  server.RaftServerConfigKeys (ConfUtils.java:logGet(44)) - raft.server.log.segment.size.max = 1048576 (custom)
2020-10-13 01:29:04,517 [pool-183-thread-1] INFO  server.RaftServerConfigKeys (ConfUtils.java:logGet(44)) - raft.server.log.segment.cache.num.max = 2 (custom)
2020-10-13 01:29:04,517 [pool-183-thread-1] INFO  segmented.SegmentedRaftLogWorker (SegmentedRaftLogWorker.java:<init>(180)) - new 8bba907c-2e93-4fda-916b-59f0297d61f4@group-456545EDC826-SegmentedRaftLogWorker for RaftStorage:Storage Directory /github/workspace/mnt/ozone/hadoop-ozone/integration-test/target/test-dir/MiniOzoneClusterImpl-4b926bf3-aee9-4ef9-a274-c573270b78ea/datanode-1/data/ratis/5d7ca41b-101c-4b68-9eab-456545edc826
2020-10-13 01:29:04,517 [pool-183-thread-1] INFO  server.RaftServerConfigKeys (ConfUtils.java:logGet(44)) - raft.server.log.queue.byte-limit = 2147483647 (custom)
2020-10-13 01:29:04,517 [pool-183-thread-1] INFO  server.RaftServerConfigKeys (ConfUtils.java:logGet(44)) - raft.server.log.queue.element-limit = 1024 (custom)
2020-10-13 01:29:04,517 [pool-183-thread-1] INFO  server.RaftServerConfigKeys (ConfUtils.java:logGet(44)) - raft.server.log.segment.size.max = 1048576 (custom)
2020-10-13 01:29:04,517 [pool-183-thread-1] INFO  server.RaftServerConfigKeys (ConfUtils.java:logGet(44)) - raft.server.log.preallocated.size = 16384 (custom)
2020-10-13 01:29:04,517 [pool-183-thread-1] INFO  server.RaftServerConfigKeys (ConfUtils.java:logGet(44)) - raft.server.log.write.buffer.size = 1048576 (custom)
2020-10-13 01:29:04,517 [pool-183-thread-1] INFO  server.RaftServerConfigKeys (ConfUtils.java:logGet(44)) - raft.server.log.force.sync.num = 128 (default)
2020-10-13 01:29:04,517 [pool-183-thread-1] INFO  server.RaftServerConfigKeys (ConfUtils.java:logGet(44)) - raft.server.log.statemachine.data.sync = true (default)
2020-10-13 01:29:04,517 [pool-183-thread-1] INFO  server.RaftServerConfigKeys (ConfUtils.java:logGet(44)) - raft.server.log.statemachine.data.sync.timeout = 10s (default)
2020-10-13 01:29:04,517 [pool-183-thread-1] INFO  server.RaftServerConfigKeys (ConfUtils.java:logGet(44)) - raft.server.log.statemachine.data.sync.timeout.retry = -1 (default)
2020-10-13 01:29:04,519 [pool-183-thread-1] INFO  server.RaftServerConfigKeys (ConfUtils.java:logGet(44)) - raft.server.log.statemachine.data.caching.enabled = true (custom)
2020-10-13 01:29:04,519 [pool-183-thread-1] INFO  segmented.SegmentedRaftLogWorker (SegmentedRaftLogWorker.java:lambda$new$0(129)) - 8bba907c-2e93-4fda-916b-59f0297d61f4@group-456545EDC826-SegmentedRaftLogWorker: flushIndex: setUnconditionally 0 -> -1
2020-10-13 01:29:04,519 [pool-183-thread-1] INFO  segmented.SegmentedRaftLogWorker (SegmentedRaftLogWorker.java:lambda$new$0(129)) - 8bba907c-2e93-4fda-916b-59f0297d61f4@group-456545EDC826-SegmentedRaftLogWorker: safeCacheEvictIndex: setUnconditionally 0 -> -1
2020-10-13 01:29:04,520 [pool-183-thread-1] INFO  server.RaftServerConfigKeys (ConfUtils.java:logGet(44)) - raft.server.snapshot.auto.trigger.enabled = true (custom)
2020-10-13 01:29:04,520 [pool-183-thread-1] INFO  server.RaftServerConfigKeys (ConfUtils.java:logGet(44)) - raft.server.snapshot.auto.trigger.threshold = 10000 (custom)
2020-10-13 01:29:04,520 [pool-183-thread-1] INFO  server.RaftServerConfigKeys (ConfUtils.java:logGet(44)) - raft.server.snapshot.retention.file.num = 5 (custom)
2020-10-13 01:29:04,520 [pool-183-thread-1] INFO  server.RaftServerConfigKeys (ConfUtils.java:logGet(44)) - raft.server.log.purge.upto.snapshot.index = false (default)
2020-10-13 01:29:04,520 [pool-183-thread-1] INFO  server.RaftServerConfigKeys (ConfUtils.java:logGet(44)) - raft.server.retrycache.expirytime = 600000ms (custom)
2020-10-13 01:29:04,520 [pool-183-thread-1] INFO  metrics.RatisMetrics (RatisMetrics.java:lambda$create$0(36)) - Creating Metrics Registry : ratis.leader_election.8bba907c-2e93-4fda-916b-59f0297d61f4@group-456545EDC826
2020-10-13 01:29:04,521 [pool-183-thread-1] INFO  metrics.RatisMetrics (RatisMetrics.java:lambda$create$0(36)) - Creating Metrics Registry : ratis.server.8bba907c-2e93-4fda-916b-59f0297d61f4@group-456545EDC826
2020-10-13 01:29:04,522 [pool-183-thread-1] INFO  impl.RaftServerImpl (RaftServerImpl.java:start(209)) - 8bba907c-2e93-4fda-916b-59f0297d61f4@group-456545EDC826: start as a follower, conf=-1: [a12b145a-ffb8-402d-9bd1-7a149c253a62:172.17.0.2:38553:0, dacc0b49-37d4-4467-a9c0-6b3478b804ce:172.17.0.2:36251:0, 8bba907c-2e93-4fda-916b-59f0297d61f4:172.17.0.2:40303:0], old=null
2020-10-13 01:29:04,522 [pool-183-thread-1] INFO  impl.RaftServerImpl (RaftServerImpl.java:setRole(198)) - 8bba907c-2e93-4fda-916b-59f0297d61f4@group-456545EDC826: changes role from      null to FOLLOWER at term 0 for startAsFollower
2020-10-13 01:29:04,522 [pool-183-thread-1] INFO  impl.RoleInfo (RoleInfo.java:updateAndGet(143)) - 8bba907c-2e93-4fda-916b-59f0297d61f4: start FollowerState
2020-10-13 01:29:04,523 [pool-183-thread-1] INFO  util.JmxRegister (JmxRegister.java:tryRegister(44)) - Successfully registered JMX Bean with object name Ratis:service=RaftServer,group=group-456545EDC826,id=8bba907c-2e93-4fda-916b-59f0297d61f4
2020-10-13 01:29:04,523 [pool-183-thread-1] INFO  metrics.RatisMetrics (RatisMetrics.java:lambda$create$0(36)) - Creating Metrics Registry : ratis.state_machine.8bba907c-2e93-4fda-916b-59f0297d61f4@group-456545EDC826
2020-10-13 01:29:04,529 [Listener at 127.0.0.1/32995] INFO  ozone.MiniOzoneClusterImpl (MiniOzoneClusterImpl.java:lambda$waitForClusterToBeReady$0(177)) - Nodes are ready. Got 7 of 7 DN Heartbeats.
2020-10-13 01:29:04,529 [Listener at 127.0.0.1/32995] INFO  ozone.MiniOzoneClusterImpl (MiniOzoneClusterImpl.java:lambda$waitForClusterToBeReady$0(180)) - Waiting for cluster to exit safe mode
2020-10-13 01:29:04,529 [Command processor thread] INFO  commandhandler.CreatePipelineCommandHandler (CreatePipelineCommandHandler.java:handle(110)) - Created Pipeline RATIS THREE #id: "5d7ca41b-101c-4b68-9eab-456545edc826"
uuid128 {
  mostSigBits: 6736439578780781416
  leastSigBits: -7013435693432190938
}
.
2020-10-13 01:29:04,571 [Command processor thread] INFO  impl.RaftServerProxy (RaftServerProxy.java:addNew(92)) - 8bba907c-2e93-4fda-916b-59f0297d61f4: addNew group-CB3A39B265B7:[8bba907c-2e93-4fda-916b-59f0297d61f4:172.17.0.2:40303:0] returns group-CB3A39B265B7:java.util.concurrent.CompletableFuture@422e043c[Not completed]
2020-10-13 01:29:04,572 [pool-183-thread-1] INFO  impl.RaftServerImpl (RaftServerImpl.java:<init>(120)) - 8bba907c-2e93-4fda-916b-59f0297d61f4: new RaftServerImpl for group-CB3A39B265B7:[8bba907c-2e93-4fda-916b-59f0297d61f4:172.17.0.2:40303:0] with ContainerStateMachine:uninitialized
2020-10-13 01:29:04,572 [pool-183-thread-1] INFO  server.RaftServerConfigKeys (ConfUtils.java:logGet(44)) - raft.server.rpc.timeout.min = 5s (custom)
2020-10-13 01:29:04,573 [pool-183-thread-1] INFO  server.RaftServerConfigKeys (ConfUtils.java:logGet(44)) - raft.server.rpc.timeout.max = 5200ms (custom)
2020-10-13 01:29:04,573 [pool-183-thread-1] INFO  server.RaftServerConfigKeys (ConfUtils.java:logGet(44)) - raft.server.rpcslowness.timeout = 300s (custom)
2020-10-13 01:29:04,573 [pool-183-thread-1] INFO  server.RaftServerConfigKeys (ConfUtils.java:logGet(44)) - raft.server.sleep.deviation.threshold = 300 (default)
2020-10-13 01:29:04,573 [pool-183-thread-1] INFO  server.RaftServerConfigKeys (ConfUtils.java:logGet(44)) - raft.server.log.appender.install.snapshot.enabled = false (custom)
2020-10-13 01:29:04,573 [pool-183-thread-1] INFO  impl.RaftServerImpl (ServerState.java:<init>(104)) - 8bba907c-2e93-4fda-916b-59f0297d61f4@group-CB3A39B265B7: ConfigurationManager, init=-1: [8bba907c-2e93-4fda-916b-59f0297d61f4:172.17.0.2:40303:0], old=null, confs=<EMPTY_MAP>
2020-10-13 01:29:04,573 [pool-183-thread-1] INFO  server.RaftServerConfigKeys (ConfUtils.java:logGet(44)) - raft.server.storage.dir = [/github/workspace/mnt/ozone/hadoop-ozone/integration-test/target/test-dir/MiniOzoneClusterImpl-4b926bf3-aee9-4ef9-a274-c573270b78ea/datanode-1/data/ratis] (custom)
2020-10-13 01:29:04,573 [pool-183-thread-1] INFO  server.RaftServerConfigKeys (ConfUtils.java:logGet(44)) - raft.server.log.corruption.policy = EXCEPTION (default)
2020-10-13 01:29:04,574 [pool-183-thread-1] INFO  storage.RaftStorageDirectory (RaftStorageDirectory.java:analyzeStorage(261)) - The storage directory /github/workspace/mnt/ozone/hadoop-ozone/integration-test/target/test-dir/MiniOzoneClusterImpl-4b926bf3-aee9-4ef9-a274-c573270b78ea/datanode-1/data/ratis/db8f4dc3-8021-44a0-80d4-cb3a39b265b7 does not exist. Creating ...
2020-10-13 01:29:04,575 [pool-183-thread-1] INFO  storage.RaftStorageDirectory (RaftStorageDirectory.java:tryLock(343)) - Lock on /github/workspace/mnt/ozone/hadoop-ozone/integration-test/target/test-dir/MiniOzoneClusterImpl-4b926bf3-aee9-4ef9-a274-c573270b78ea/datanode-1/data/ratis/db8f4dc3-8021-44a0-80d4-cb3a39b265b7/in_use.lock acquired by nodename 3115@4c549b8e0644
2020-10-13 01:29:04,576 [pool-183-thread-1] INFO  storage.RaftStorage (RaftStorage.java:format(84)) - Storage directory /github/workspace/mnt/ozone/hadoop-ozone/integration-test/target/test-dir/MiniOzoneClusterImpl-4b926bf3-aee9-4ef9-a274-c573270b78ea/datanode-1/data/ratis/db8f4dc3-8021-44a0-80d4-cb3a39b265b7 has been successfully formatted.
2020-10-13 01:29:04,577 [pool-183-thread-1] INFO  ratis.ContainerStateMachine (ContainerStateMachine.java:loadSnapshot(225)) - group-CB3A39B265B7: The snapshot info is null. Setting the last applied indexto:(t:0, i:~)
2020-10-13 01:29:04,578 [pool-183-thread-1] INFO  server.RaftServerConfigKeys (ConfUtils.java:logGet(44)) - raft.server.notification.no-leader.timeout = 300s (custom)
2020-10-13 01:29:04,579 [pool-183-thread-1] INFO  server.RaftServerConfigKeys (ConfUtils.java:logGet(44)) - raft.server.log.use.memory = false (default)
2020-10-13 01:29:04,579 [pool-183-thread-1] INFO  server.RaftServerConfigKeys (ConfUtils.java:logGet(44)) - raft.server.log.purge.gap = 1000000 (custom)
2020-10-13 01:29:04,579 [pool-183-thread-1] INFO  metrics.RatisMetrics (RatisMetrics.java:lambda$create$0(36)) - Creating Metrics Registry : ratis.log_worker.8bba907c-2e93-4fda-916b-59f0297d61f4@group-CB3A39B265B7
2020-10-13 01:29:04,579 [pool-183-thread-1] INFO  server.RaftServerConfigKeys (ConfUtils.java:logGet(44)) - raft.server.log.appender.buffer.byte-limit = 33554432 (custom)
2020-10-13 01:29:04,579 [EventQueue-PipelineReportForPipelineReportHandler] INFO  pipeline.PipelineStateManager (PipelineStateManager.java:openPipeline(131)) - Pipeline Pipeline[ Id: db8f4dc3-8021-44a0-80d4-cb3a39b265b7, Nodes: 8bba907c-2e93-4fda-916b-59f0297d61f4{ip: 172.17.0.2, host: 4c549b8e0644, networkLocation: /default-rack, certSerialId: null}, Type:RATIS, Factor:ONE, State:ALLOCATED, leaderId:8bba907c-2e93-4fda-916b-59f0297d61f4, CreationTimestamp2020-10-13T01:29:01.575Z] moved to OPEN state
2020-10-13 01:29:04,579 [EventQueue-OpenPipelineForHealthyPipelineSafeModeRule] INFO  safemode.SCMSafeModeManager (HealthyPipelineSafeModeRule.java:process(129)) - SCM in safe mode. Healthy pipelines reported count is 0, required healthy pipeline reported count is 1
2020-10-13 01:29:04,580 [EventQueue-OpenPipelineForOneReplicaPipelineSafeModeRule] INFO  safemode.SCMSafeModeManager (SCMSafeModeManager.java:validateSafeModeExitRules(214)) - AtleastOneDatanodeReportedRule rule is successfully validated
2020-10-13 01:29:04,579 [pool-183-thread-1] INFO  server.RaftServerConfigKeys (ConfUtils.java:logGet(44)) - raft.server.log.segment.size.max = 1048576 (custom)
2020-10-13 01:29:04,580 [pool-183-thread-1] INFO  server.RaftServerConfigKeys (ConfUtils.java:logGet(44)) - raft.server.log.segment.cache.num.max = 2 (custom)
2020-10-13 01:29:04,580 [pool-183-thread-1] INFO  segmented.SegmentedRaftLogWorker (SegmentedRaftLogWorker.java:<init>(180)) - new 8bba907c-2e93-4fda-916b-59f0297d61f4@group-CB3A39B265B7-SegmentedRaftLogWorker for RaftStorage:Storage Directory /github/workspace/mnt/ozone/hadoop-ozone/integration-test/target/test-dir/MiniOzoneClusterImpl-4b926bf3-aee9-4ef9-a274-c573270b78ea/datanode-1/data/ratis/db8f4dc3-8021-44a0-80d4-cb3a39b265b7
2020-10-13 01:29:04,580 [pool-183-thread-1] INFO  server.RaftServerConfigKeys (ConfUtils.java:logGet(44)) - raft.server.log.queue.byte-limit = 2147483647 (custom)
2020-10-13 01:29:04,580 [pool-183-thread-1] INFO  server.RaftServerConfigKeys (ConfUtils.java:logGet(44)) - raft.server.log.queue.element-limit = 1024 (custom)
2020-10-13 01:29:04,580 [pool-183-thread-1] INFO  server.RaftServerConfigKeys (ConfUtils.java:logGet(44)) - raft.server.log.segment.size.max = 1048576 (custom)
2020-10-13 01:29:04,580 [pool-183-thread-1] INFO  server.RaftServerConfigKeys (ConfUtils.java:logGet(44)) - raft.server.log.preallocated.size = 16384 (custom)
2020-10-13 01:29:04,581 [pool-183-thread-1] INFO  server.RaftServerConfigKeys (ConfUtils.java:logGet(44)) - raft.server.log.write.buffer.size = 1048576 (custom)
2020-10-13 01:29:04,581 [pool-183-thread-1] INFO  server.RaftServerConfigKeys (ConfUtils.java:logGet(44)) - raft.server.log.force.sync.num = 128 (default)
2020-10-13 01:29:04,581 [pool-183-thread-1] INFO  server.RaftServerConfigKeys (ConfUtils.java:logGet(44)) - raft.server.log.statemachine.data.sync = true (default)
2020-10-13 01:29:04,581 [pool-183-thread-1] INFO  server.RaftServerConfigKeys (ConfUtils.java:logGet(44)) - raft.server.log.statemachine.data.sync.timeout = 10s (default)
2020-10-13 01:29:04,581 [pool-183-thread-1] INFO  server.RaftServerConfigKeys (ConfUtils.java:logGet(44)) - raft.server.log.statemachine.data.sync.timeout.retry = -1 (default)
2020-10-13 01:29:04,583 [pool-183-thread-1] INFO  server.RaftServerConfigKeys (ConfUtils.java:logGet(44)) - raft.server.log.statemachine.data.caching.enabled = true (custom)
2020-10-13 01:29:04,583 [pool-183-thread-1] INFO  segmented.SegmentedRaftLogWorker (SegmentedRaftLogWorker.java:lambda$new$0(129)) - 8bba907c-2e93-4fda-916b-59f0297d61f4@group-CB3A39B265B7-SegmentedRaftLogWorker: flushIndex: setUnconditionally 0 -> -1
2020-10-13 01:29:04,583 [pool-183-thread-1] INFO  segmented.SegmentedRaftLogWorker (SegmentedRaftLogWorker.java:lambda$new$0(129)) - 8bba907c-2e93-4fda-916b-59f0297d61f4@group-CB3A39B265B7-SegmentedRaftLogWorker: safeCacheEvictIndex: setUnconditionally 0 -> -1
2020-10-13 01:29:04,584 [pool-183-thread-1] INFO  server.RaftServerConfigKeys (ConfUtils.java:logGet(44)) - raft.server.snapshot.auto.trigger.enabled = true (custom)
2020-10-13 01:29:04,584 [pool-183-thread-1] INFO  server.RaftServerConfigKeys (ConfUtils.java:logGet(44)) - raft.server.snapshot.auto.trigger.threshold = 10000 (custom)
2020-10-13 01:29:04,584 [pool-183-thread-1] INFO  server.RaftServerConfigKeys (ConfUtils.java:logGet(44)) - raft.server.snapshot.retention.file.num = 5 (custom)
2020-10-13 01:29:04,584 [pool-183-thread-1] INFO  server.RaftServerConfigKeys (ConfUtils.java:logGet(44)) - raft.server.log.purge.upto.snapshot.index = false (default)
2020-10-13 01:29:04,584 [pool-183-thread-1] INFO  server.RaftServerConfigKeys (ConfUtils.java:logGet(44)) - raft.server.retrycache.expirytime = 600000ms (custom)
2020-10-13 01:29:04,584 [pool-183-thread-1] INFO  metrics.RatisMetrics (RatisMetrics.java:lambda$create$0(36)) - Creating Metrics Registry : ratis.leader_election.8bba907c-2e93-4fda-916b-59f0297d61f4@group-CB3A39B265B7
2020-10-13 01:29:04,585 [pool-183-thread-1] INFO  metrics.RatisMetrics (RatisMetrics.java:lambda$create$0(36)) - Creating Metrics Registry : ratis.server.8bba907c-2e93-4fda-916b-59f0297d61f4@group-CB3A39B265B7
2020-10-13 01:29:04,586 [pool-183-thread-1] INFO  impl.RaftServerImpl (RaftServerImpl.java:start(209)) - 8bba907c-2e93-4fda-916b-59f0297d61f4@group-CB3A39B265B7: start as a follower, conf=-1: [8bba907c-2e93-4fda-916b-59f0297d61f4:172.17.0.2:40303:0], old=null
2020-10-13 01:29:04,586 [pool-183-thread-1] INFO  impl.RaftServerImpl (RaftServerImpl.java:setRole(198)) - 8bba907c-2e93-4fda-916b-59f0297d61f4@group-CB3A39B265B7: changes role from      null to FOLLOWER at term 0 for startAsFollower
2020-10-13 01:29:04,586 [pool-183-thread-1] INFO  impl.RoleInfo (RoleInfo.java:updateAndGet(143)) - 8bba907c-2e93-4fda-916b-59f0297d61f4: start FollowerState
2020-10-13 01:29:04,586 [pool-183-thread-1] INFO  util.JmxRegister (JmxRegister.java:tryRegister(44)) - Successfully registered JMX Bean with object name Ratis:service=RaftServer,group=group-CB3A39B265B7,id=8bba907c-2e93-4fda-916b-59f0297d61f4
2020-10-13 01:29:04,586 [pool-183-thread-1] INFO  metrics.RatisMetrics (RatisMetrics.java:lambda$create$0(36)) - Creating Metrics Registry : ratis.state_machine.8bba907c-2e93-4fda-916b-59f0297d61f4@group-CB3A39B265B7
2020-10-13 01:29:04,591 [Command processor thread] INFO  commandhandler.CreatePipelineCommandHandler (CreatePipelineCommandHandler.java:handle(110)) - Created Pipeline RATIS ONE #id: "db8f4dc3-8021-44a0-80d4-cb3a39b265b7"
uuid128 {
  mostSigBits: -2625794555670084448
  leastSigBits: -9163475890855582281
}
.
2020-10-13 01:29:04,751 [Command processor thread] INFO  impl.RaftServerProxy (RaftServerProxy.java:addNew(92)) - a12b145a-ffb8-402d-9bd1-7a149c253a62: addNew group-18BEBA55FB2F:[a12b145a-ffb8-402d-9bd1-7a149c253a62:172.17.0.2:38553:0] returns group-18BEBA55FB2F:java.util.concurrent.CompletableFuture@7eb0f25f[Not completed]
2020-10-13 01:29:04,753 [pool-198-thread-1] INFO  impl.RaftServerImpl (RaftServerImpl.java:<init>(120)) - a12b145a-ffb8-402d-9bd1-7a149c253a62: new RaftServerImpl for group-18BEBA55FB2F:[a12b145a-ffb8-402d-9bd1-7a149c253a62:172.17.0.2:38553:0] with ContainerStateMachine:uninitialized
2020-10-13 01:29:04,753 [pool-198-thread-1] INFO  server.RaftServerConfigKeys (ConfUtils.java:logGet(44)) - raft.server.rpc.timeout.min = 5s (custom)
2020-10-13 01:29:04,753 [pool-198-thread-1] INFO  server.RaftServerConfigKeys (ConfUtils.java:logGet(44)) - raft.server.rpc.timeout.max = 5200ms (custom)
2020-10-13 01:29:04,753 [pool-198-thread-1] INFO  server.RaftServerConfigKeys (ConfUtils.java:logGet(44)) - raft.server.rpcslowness.timeout = 300s (custom)
2020-10-13 01:29:04,753 [pool-198-thread-1] INFO  server.RaftServerConfigKeys (ConfUtils.java:logGet(44)) - raft.server.sleep.deviation.threshold = 300 (default)
2020-10-13 01:29:04,753 [pool-198-thread-1] INFO  server.RaftServerConfigKeys (ConfUtils.java:logGet(44)) - raft.server.log.appender.install.snapshot.enabled = false (custom)
2020-10-13 01:29:04,753 [pool-198-thread-1] INFO  impl.RaftServerImpl (ServerState.java:<init>(104)) - a12b145a-ffb8-402d-9bd1-7a149c253a62@group-18BEBA55FB2F: ConfigurationManager, init=-1: [a12b145a-ffb8-402d-9bd1-7a149c253a62:172.17.0.2:38553:0], old=null, confs=<EMPTY_MAP>
2020-10-13 01:29:04,753 [pool-198-thread-1] INFO  server.RaftServerConfigKeys (ConfUtils.java:logGet(44)) - raft.server.storage.dir = [/github/workspace/mnt/ozone/hadoop-ozone/integration-test/target/test-dir/MiniOzoneClusterImpl-4b926bf3-aee9-4ef9-a274-c573270b78ea/datanode-2/data/ratis] (custom)
2020-10-13 01:29:04,754 [pool-198-thread-1] INFO  server.RaftServerConfigKeys (ConfUtils.java:logGet(44)) - raft.server.log.corruption.policy = EXCEPTION (default)
2020-10-13 01:29:04,754 [pool-198-thread-1] INFO  storage.RaftStorageDirectory (RaftStorageDirectory.java:analyzeStorage(261)) - The storage directory /github/workspace/mnt/ozone/hadoop-ozone/integration-test/target/test-dir/MiniOzoneClusterImpl-4b926bf3-aee9-4ef9-a274-c573270b78ea/datanode-2/data/ratis/fa73069b-6985-46d3-bf7c-18beba55fb2f does not exist. Creating ...
2020-10-13 01:29:04,755 [pool-198-thread-1] INFO  storage.RaftStorageDirectory (RaftStorageDirectory.java:tryLock(343)) - Lock on /github/workspace/mnt/ozone/hadoop-ozone/integration-test/target/test-dir/MiniOzoneClusterImpl-4b926bf3-aee9-4ef9-a274-c573270b78ea/datanode-2/data/ratis/fa73069b-6985-46d3-bf7c-18beba55fb2f/in_use.lock acquired by nodename 3115@4c549b8e0644
2020-10-13 01:29:04,756 [pool-198-thread-1] INFO  storage.RaftStorage (RaftStorage.java:format(84)) - Storage directory /github/workspace/mnt/ozone/hadoop-ozone/integration-test/target/test-dir/MiniOzoneClusterImpl-4b926bf3-aee9-4ef9-a274-c573270b78ea/datanode-2/data/ratis/fa73069b-6985-46d3-bf7c-18beba55fb2f has been successfully formatted.
2020-10-13 01:29:04,757 [pool-198-thread-1] INFO  ratis.ContainerStateMachine (ContainerStateMachine.java:loadSnapshot(225)) - group-18BEBA55FB2F: The snapshot info is null. Setting the last applied indexto:(t:0, i:~)
2020-10-13 01:29:04,757 [pool-198-thread-1] INFO  server.RaftServerConfigKeys (ConfUtils.java:logGet(44)) - raft.server.notification.no-leader.timeout = 300s (custom)
2020-10-13 01:29:04,758 [pool-198-thread-1] INFO  server.RaftServerConfigKeys (ConfUtils.java:logGet(44)) - raft.server.log.use.memory = false (default)
2020-10-13 01:29:04,758 [pool-198-thread-1] INFO  server.RaftServerConfigKeys (ConfUtils.java:logGet(44)) - raft.server.log.purge.gap = 1000000 (custom)
2020-10-13 01:29:04,759 [pool-198-thread-1] INFO  metrics.RatisMetrics (RatisMetrics.java:lambda$create$0(36)) - Creating Metrics Registry : ratis.log_worker.a12b145a-ffb8-402d-9bd1-7a149c253a62@group-18BEBA55FB2F
2020-10-13 01:29:04,759 [pool-198-thread-1] INFO  server.RaftServerConfigKeys (ConfUtils.java:logGet(44)) - raft.server.log.appender.buffer.byte-limit = 33554432 (custom)
2020-10-13 01:29:04,759 [EventQueue-PipelineReportForPipelineReportHandler] INFO  pipeline.PipelineStateManager (PipelineStateManager.java:openPipeline(131)) - Pipeline Pipeline[ Id: fa73069b-6985-46d3-bf7c-18beba55fb2f, Nodes: a12b145a-ffb8-402d-9bd1-7a149c253a62{ip: 172.17.0.2, host: 4c549b8e0644, networkLocation: /default-rack, certSerialId: null}, Type:RATIS, Factor:ONE, State:ALLOCATED, leaderId:a12b145a-ffb8-402d-9bd1-7a149c253a62, CreationTimestamp2020-10-13T01:29:01.754Z] moved to OPEN state
2020-10-13 01:29:04,760 [EventQueue-OpenPipelineForHealthyPipelineSafeModeRule] INFO  safemode.SCMSafeModeManager (HealthyPipelineSafeModeRule.java:process(129)) - SCM in safe mode. Healthy pipelines reported count is 0, required healthy pipeline reported count is 1
2020-10-13 01:29:04,760 [EventQueue-OpenPipelineForOneReplicaPipelineSafeModeRule] INFO  safemode.SCMSafeModeManager (SCMSafeModeManager.java:validateSafeModeExitRules(214)) - AtleastOneDatanodeReportedRule rule is successfully validated
2020-10-13 01:29:04,759 [pool-198-thread-1] INFO  server.RaftServerConfigKeys (ConfUtils.java:logGet(44)) - raft.server.log.segment.size.max = 1048576 (custom)
2020-10-13 01:29:04,762 [pool-198-thread-1] INFO  server.RaftServerConfigKeys (ConfUtils.java:logGet(44)) - raft.server.log.segment.cache.num.max = 2 (custom)
2020-10-13 01:29:04,762 [pool-198-thread-1] INFO  segmented.SegmentedRaftLogWorker (SegmentedRaftLogWorker.java:<init>(180)) - new a12b145a-ffb8-402d-9bd1-7a149c253a62@group-18BEBA55FB2F-SegmentedRaftLogWorker for RaftStorage:Storage Directory /github/workspace/mnt/ozone/hadoop-ozone/integration-test/target/test-dir/MiniOzoneClusterImpl-4b926bf3-aee9-4ef9-a274-c573270b78ea/datanode-2/data/ratis/fa73069b-6985-46d3-bf7c-18beba55fb2f
2020-10-13 01:29:04,762 [pool-198-thread-1] INFO  server.RaftServerConfigKeys (ConfUtils.java:logGet(44)) - raft.server.log.queue.byte-limit = 2147483647 (custom)
2020-10-13 01:29:04,762 [pool-198-thread-1] INFO  server.RaftServerConfigKeys (ConfUtils.java:logGet(44)) - raft.server.log.queue.element-limit = 1024 (custom)
2020-10-13 01:29:04,762 [pool-198-thread-1] INFO  server.RaftServerConfigKeys (ConfUtils.java:logGet(44)) - raft.server.log.segment.size.max = 1048576 (custom)
2020-10-13 01:29:04,762 [pool-198-thread-1] INFO  server.RaftServerConfigKeys (ConfUtils.java:logGet(44)) - raft.server.log.preallocated.size = 16384 (custom)
2020-10-13 01:29:04,762 [pool-198-thread-1] INFO  server.RaftServerConfigKeys (ConfUtils.java:logGet(44)) - raft.server.log.write.buffer.size = 1048576 (custom)
2020-10-13 01:29:04,763 [pool-198-thread-1] INFO  server.RaftServerConfigKeys (ConfUtils.java:logGet(44)) - raft.server.log.force.sync.num = 128 (default)
2020-10-13 01:29:04,763 [pool-198-thread-1] INFO  server.RaftServerConfigKeys (ConfUtils.java:logGet(44)) - raft.server.log.statemachine.data.sync = true (default)
2020-10-13 01:29:04,763 [pool-198-thread-1] INFO  server.RaftServerConfigKeys (ConfUtils.java:logGet(44)) - raft.server.log.statemachine.data.sync.timeout = 10s (default)
2020-10-13 01:29:04,763 [pool-198-thread-1] INFO  server.RaftServerConfigKeys (ConfUtils.java:logGet(44)) - raft.server.log.statemachine.data.sync.timeout.retry = -1 (default)
2020-10-13 01:29:04,765 [pool-198-thread-1] INFO  server.RaftServerConfigKeys (ConfUtils.java:logGet(44)) - raft.server.log.statemachine.data.caching.enabled = true (custom)
2020-10-13 01:29:04,765 [pool-198-thread-1] INFO  segmented.SegmentedRaftLogWorker (SegmentedRaftLogWorker.java:lambda$new$0(129)) - a12b145a-ffb8-402d-9bd1-7a149c253a62@group-18BEBA55FB2F-SegmentedRaftLogWorker: flushIndex: setUnconditionally 0 -> -1
2020-10-13 01:29:04,765 [pool-198-thread-1] INFO  segmented.SegmentedRaftLogWorker (SegmentedRaftLogWorker.java:lambda$new$0(129)) - a12b145a-ffb8-402d-9bd1-7a149c253a62@group-18BEBA55FB2F-SegmentedRaftLogWorker: safeCacheEvictIndex: setUnconditionally 0 -> -1
2020-10-13 01:29:04,766 [pool-198-thread-1] INFO  server.RaftServerConfigKeys (ConfUtils.java:logGet(44)) - raft.server.snapshot.auto.trigger.enabled = true (custom)
2020-10-13 01:29:04,766 [pool-198-thread-1] INFO  server.RaftServerConfigKeys (ConfUtils.java:logGet(44)) - raft.server.snapshot.auto.trigger.threshold = 10000 (custom)
2020-10-13 01:29:04,766 [pool-198-thread-1] INFO  server.RaftServerConfigKeys (ConfUtils.java:logGet(44)) - raft.server.snapshot.retention.file.num = 5 (custom)
2020-10-13 01:29:04,766 [pool-198-thread-1] INFO  server.RaftServerConfigKeys (ConfUtils.java:logGet(44)) - raft.server.log.purge.upto.snapshot.index = false (default)
2020-10-13 01:29:04,766 [pool-198-thread-1] INFO  server.RaftServerConfigKeys (ConfUtils.java:logGet(44)) - raft.server.retrycache.expirytime = 600000ms (custom)
2020-10-13 01:29:04,766 [pool-198-thread-1] INFO  metrics.RatisMetrics (RatisMetrics.java:lambda$create$0(36)) - Creating Metrics Registry : ratis.leader_election.a12b145a-ffb8-402d-9bd1-7a149c253a62@group-18BEBA55FB2F
2020-10-13 01:29:04,767 [pool-198-thread-1] INFO  metrics.RatisMetrics (RatisMetrics.java:lambda$create$0(36)) - Creating Metrics Registry : ratis.server.a12b145a-ffb8-402d-9bd1-7a149c253a62@group-18BEBA55FB2F
2020-10-13 01:29:04,767 [pool-198-thread-1] INFO  impl.RaftServerImpl (RaftServerImpl.java:start(209)) - a12b145a-ffb8-402d-9bd1-7a149c253a62@group-18BEBA55FB2F: start as a follower, conf=-1: [a12b145a-ffb8-402d-9bd1-7a149c253a62:172.17.0.2:38553:0], old=null
2020-10-13 01:29:04,768 [pool-198-thread-1] INFO  impl.RaftServerImpl (RaftServerImpl.java:setRole(198)) - a12b145a-ffb8-402d-9bd1-7a149c253a62@group-18BEBA55FB2F: changes role from      null to FOLLOWER at term 0 for startAsFollower
2020-10-13 01:29:04,768 [pool-198-thread-1] INFO  impl.RoleInfo (RoleInfo.java:updateAndGet(143)) - a12b145a-ffb8-402d-9bd1-7a149c253a62: start FollowerState
2020-10-13 01:29:04,770 [pool-198-thread-1] INFO  util.JmxRegister (JmxRegister.java:tryRegister(44)) - Successfully registered JMX Bean with object name Ratis:service=RaftServer,group=group-18BEBA55FB2F,id=a12b145a-ffb8-402d-9bd1-7a149c253a62
2020-10-13 01:29:04,770 [pool-198-thread-1] INFO  metrics.RatisMetrics (RatisMetrics.java:lambda$create$0(36)) - Creating Metrics Registry : ratis.state_machine.a12b145a-ffb8-402d-9bd1-7a149c253a62@group-18BEBA55FB2F
2020-10-13 01:29:04,778 [Command processor thread] INFO  commandhandler.CreatePipelineCommandHandler (CreatePipelineCommandHandler.java:handle(110)) - Created Pipeline RATIS ONE #id: "fa73069b-6985-46d3-bf7c-18beba55fb2f"
uuid128 {
  mostSigBits: -399968677345802541
  leastSigBits: -4648813507904144593
}
.
2020-10-13 01:29:04,935 [Command processor thread] INFO  impl.RaftServerProxy (RaftServerProxy.java:addNew(92)) - 8da8ca2d-f214-46c6-bb1d-19300cf99b91: addNew group-36FC0918866C:[8da8ca2d-f214-46c6-bb1d-19300cf99b91:172.17.0.2:37947:0] returns group-36FC0918866C:java.util.concurrent.CompletableFuture@797b9217[Not completed]
2020-10-13 01:29:04,936 [pool-213-thread-1] INFO  impl.RaftServerImpl (RaftServerImpl.java:<init>(120)) - 8da8ca2d-f214-46c6-bb1d-19300cf99b91: new RaftServerImpl for group-36FC0918866C:[8da8ca2d-f214-46c6-bb1d-19300cf99b91:172.17.0.2:37947:0] with ContainerStateMachine:uninitialized
2020-10-13 01:29:04,937 [pool-213-thread-1] INFO  server.RaftServerConfigKeys (ConfUtils.java:logGet(44)) - raft.server.rpc.timeout.min = 5s (custom)
2020-10-13 01:29:04,937 [pool-213-thread-1] INFO  server.RaftServerConfigKeys (ConfUtils.java:logGet(44)) - raft.server.rpc.timeout.max = 5200ms (custom)
2020-10-13 01:29:04,937 [pool-213-thread-1] INFO  server.RaftServerConfigKeys (ConfUtils.java:logGet(44)) - raft.server.rpcslowness.timeout = 300s (custom)
2020-10-13 01:29:04,937 [pool-213-thread-1] INFO  server.RaftServerConfigKeys (ConfUtils.java:logGet(44)) - raft.server.sleep.deviation.threshold = 300 (default)
2020-10-13 01:29:04,937 [pool-213-thread-1] INFO  server.RaftServerConfigKeys (ConfUtils.java:logGet(44)) - raft.server.log.appender.install.snapshot.enabled = false (custom)
2020-10-13 01:29:04,937 [pool-213-thread-1] INFO  impl.RaftServerImpl (ServerState.java:<init>(104)) - 8da8ca2d-f214-46c6-bb1d-19300cf99b91@group-36FC0918866C: ConfigurationManager, init=-1: [8da8ca2d-f214-46c6-bb1d-19300cf99b91:172.17.0.2:37947:0], old=null, confs=<EMPTY_MAP>
2020-10-13 01:29:04,937 [pool-213-thread-1] INFO  server.RaftServerConfigKeys (ConfUtils.java:logGet(44)) - raft.server.storage.dir = [/github/workspace/mnt/ozone/hadoop-ozone/integration-test/target/test-dir/MiniOzoneClusterImpl-4b926bf3-aee9-4ef9-a274-c573270b78ea/datanode-3/data/ratis] (custom)
2020-10-13 01:29:04,937 [pool-213-thread-1] INFO  server.RaftServerConfigKeys (ConfUtils.java:logGet(44)) - raft.server.log.corruption.policy = EXCEPTION (default)
2020-10-13 01:29:04,938 [pool-213-thread-1] INFO  storage.RaftStorageDirectory (RaftStorageDirectory.java:analyzeStorage(261)) - The storage directory /github/workspace/mnt/ozone/hadoop-ozone/integration-test/target/test-dir/MiniOzoneClusterImpl-4b926bf3-aee9-4ef9-a274-c573270b78ea/datanode-3/data/ratis/1962f348-5d4b-4e43-8e53-36fc0918866c does not exist. Creating ...
2020-10-13 01:29:04,939 [pool-213-thread-1] INFO  storage.RaftStorageDirectory (RaftStorageDirectory.java:tryLock(343)) - Lock on /github/workspace/mnt/ozone/hadoop-ozone/integration-test/target/test-dir/MiniOzoneClusterImpl-4b926bf3-aee9-4ef9-a274-c573270b78ea/datanode-3/data/ratis/1962f348-5d4b-4e43-8e53-36fc0918866c/in_use.lock acquired by nodename 3115@4c549b8e0644
2020-10-13 01:29:04,940 [pool-213-thread-1] INFO  storage.RaftStorage (RaftStorage.java:format(84)) - Storage directory /github/workspace/mnt/ozone/hadoop-ozone/integration-test/target/test-dir/MiniOzoneClusterImpl-4b926bf3-aee9-4ef9-a274-c573270b78ea/datanode-3/data/ratis/1962f348-5d4b-4e43-8e53-36fc0918866c has been successfully formatted.
2020-10-13 01:29:04,941 [pool-213-thread-1] INFO  ratis.ContainerStateMachine (ContainerStateMachine.java:loadSnapshot(225)) - group-36FC0918866C: The snapshot info is null. Setting the last applied indexto:(t:0, i:~)
2020-10-13 01:29:04,942 [pool-213-thread-1] INFO  server.RaftServerConfigKeys (ConfUtils.java:logGet(44)) - raft.server.notification.no-leader.timeout = 300s (custom)
2020-10-13 01:29:04,943 [pool-213-thread-1] INFO  server.RaftServerConfigKeys (ConfUtils.java:logGet(44)) - raft.server.log.use.memory = false (default)
2020-10-13 01:29:04,943 [pool-213-thread-1] INFO  server.RaftServerConfigKeys (ConfUtils.java:logGet(44)) - raft.server.log.purge.gap = 1000000 (custom)
2020-10-13 01:29:04,943 [pool-213-thread-1] INFO  metrics.RatisMetrics (RatisMetrics.java:lambda$create$0(36)) - Creating Metrics Registry : ratis.log_worker.8da8ca2d-f214-46c6-bb1d-19300cf99b91@group-36FC0918866C
2020-10-13 01:29:04,943 [EventQueue-PipelineReportForPipelineReportHandler] INFO  pipeline.PipelineStateManager (PipelineStateManager.java:openPipeline(131)) - Pipeline Pipeline[ Id: 1962f348-5d4b-4e43-8e53-36fc0918866c, Nodes: 8da8ca2d-f214-46c6-bb1d-19300cf99b91{ip: 172.17.0.2, host: 4c549b8e0644, networkLocation: /default-rack, certSerialId: null}, Type:RATIS, Factor:ONE, State:ALLOCATED, leaderId:8da8ca2d-f214-46c6-bb1d-19300cf99b91, CreationTimestamp2020-10-13T01:29:01.937Z] moved to OPEN state
2020-10-13 01:29:04,944 [EventQueue-OpenPipelineForHealthyPipelineSafeModeRule] INFO  safemode.SCMSafeModeManager (HealthyPipelineSafeModeRule.java:process(129)) - SCM in safe mode. Healthy pipelines reported count is 0, required healthy pipeline reported count is 1
2020-10-13 01:29:04,944 [EventQueue-OpenPipelineForOneReplicaPipelineSafeModeRule] INFO  safemode.SCMSafeModeManager (SCMSafeModeManager.java:validateSafeModeExitRules(214)) - AtleastOneDatanodeReportedRule rule is successfully validated
2020-10-13 01:29:04,944 [pool-213-thread-1] INFO  server.RaftServerConfigKeys (ConfUtils.java:logGet(44)) - raft.server.log.appender.buffer.byte-limit = 33554432 (custom)
2020-10-13 01:29:04,944 [pool-213-thread-1] INFO  server.RaftServerConfigKeys (ConfUtils.java:logGet(44)) - raft.server.log.segment.size.max = 1048576 (custom)
2020-10-13 01:29:04,945 [pool-213-thread-1] INFO  server.RaftServerConfigKeys (ConfUtils.java:logGet(44)) - raft.server.log.segment.cache.num.max = 2 (custom)
2020-10-13 01:29:04,945 [pool-213-thread-1] INFO  segmented.SegmentedRaftLogWorker (SegmentedRaftLogWorker.java:<init>(180)) - new 8da8ca2d-f214-46c6-bb1d-19300cf99b91@group-36FC0918866C-SegmentedRaftLogWorker for RaftStorage:Storage Directory /github/workspace/mnt/ozone/hadoop-ozone/integration-test/target/test-dir/MiniOzoneClusterImpl-4b926bf3-aee9-4ef9-a274-c573270b78ea/datanode-3/data/ratis/1962f348-5d4b-4e43-8e53-36fc0918866c
2020-10-13 01:29:04,945 [pool-213-thread-1] INFO  server.RaftServerConfigKeys (ConfUtils.java:logGet(44)) - raft.server.log.queue.byte-limit = 2147483647 (custom)
2020-10-13 01:29:04,945 [pool-213-thread-1] INFO  server.RaftServerConfigKeys (ConfUtils.java:logGet(44)) - raft.server.log.queue.element-limit = 1024 (custom)
2020-10-13 01:29:04,945 [pool-213-thread-1] INFO  server.RaftServerConfigKeys (ConfUtils.java:logGet(44)) - raft.server.log.segment.size.max = 1048576 (custom)
2020-10-13 01:29:04,945 [pool-213-thread-1] INFO  server.RaftServerConfigKeys (ConfUtils.java:logGet(44)) - raft.server.log.preallocated.size = 16384 (custom)
2020-10-13 01:29:04,945 [pool-213-thread-1] INFO  server.RaftServerConfigKeys (ConfUtils.java:logGet(44)) - raft.server.log.write.buffer.size = 1048576 (custom)
2020-10-13 01:29:04,946 [pool-213-thread-1] INFO  server.RaftServerConfigKeys (ConfUtils.java:logGet(44)) - raft.server.log.force.sync.num = 128 (default)
2020-10-13 01:29:04,946 [pool-213-thread-1] INFO  server.RaftServerConfigKeys (ConfUtils.java:logGet(44)) - raft.server.log.statemachine.data.sync = true (default)
2020-10-13 01:29:04,946 [pool-213-thread-1] INFO  server.RaftServerConfigKeys (ConfUtils.java:logGet(44)) - raft.server.log.statemachine.data.sync.timeout = 10s (default)
2020-10-13 01:29:04,946 [pool-213-thread-1] INFO  server.RaftServerConfigKeys (ConfUtils.java:logGet(44)) - raft.server.log.statemachine.data.sync.timeout.retry = -1 (default)
2020-10-13 01:29:04,948 [pool-213-thread-1] INFO  server.RaftServerConfigKeys (ConfUtils.java:logGet(44)) - raft.server.log.statemachine.data.caching.enabled = true (custom)
2020-10-13 01:29:04,948 [pool-213-thread-1] INFO  segmented.SegmentedRaftLogWorker (SegmentedRaftLogWorker.java:lambda$new$0(129)) - 8da8ca2d-f214-46c6-bb1d-19300cf99b91@group-36FC0918866C-SegmentedRaftLogWorker: flushIndex: setUnconditionally 0 -> -1
2020-10-13 01:29:04,948 [pool-213-thread-1] INFO  segmented.SegmentedRaftLogWorker (SegmentedRaftLogWorker.java:lambda$new$0(129)) - 8da8ca2d-f214-46c6-bb1d-19300cf99b91@group-36FC0918866C-SegmentedRaftLogWorker: safeCacheEvictIndex: setUnconditionally 0 -> -1
2020-10-13 01:29:04,948 [pool-213-thread-1] INFO  server.RaftServerConfigKeys (ConfUtils.java:logGet(44)) - raft.server.snapshot.auto.trigger.enabled = true (custom)
2020-10-13 01:29:04,948 [pool-213-thread-1] INFO  server.RaftServerConfigKeys (ConfUtils.java:logGet(44)) - raft.server.snapshot.auto.trigger.threshold = 10000 (custom)
2020-10-13 01:29:04,948 [pool-213-thread-1] INFO  server.RaftServerConfigKeys (ConfUtils.java:logGet(44)) - raft.server.snapshot.retention.file.num = 5 (custom)
2020-10-13 01:29:04,948 [pool-213-thread-1] INFO  server.RaftServerConfigKeys (ConfUtils.java:logGet(44)) - raft.server.log.purge.upto.snapshot.index = false (default)
2020-10-13 01:29:04,948 [pool-213-thread-1] INFO  server.RaftServerConfigKeys (ConfUtils.java:logGet(44)) - raft.server.retrycache.expirytime = 600000ms (custom)
2020-10-13 01:29:04,949 [pool-213-thread-1] INFO  metrics.RatisMetrics (RatisMetrics.java:lambda$create$0(36)) - Creating Metrics Registry : ratis.leader_election.8da8ca2d-f214-46c6-bb1d-19300cf99b91@group-36FC0918866C
2020-10-13 01:29:04,949 [pool-213-thread-1] INFO  metrics.RatisMetrics (RatisMetrics.java:lambda$create$0(36)) - Creating Metrics Registry : ratis.server.8da8ca2d-f214-46c6-bb1d-19300cf99b91@group-36FC0918866C
2020-10-13 01:29:04,950 [pool-213-thread-1] INFO  impl.RaftServerImpl (RaftServerImpl.java:start(209)) - 8da8ca2d-f214-46c6-bb1d-19300cf99b91@group-36FC0918866C: start as a follower, conf=-1: [8da8ca2d-f214-46c6-bb1d-19300cf99b91:172.17.0.2:37947:0], old=null
2020-10-13 01:29:04,950 [pool-213-thread-1] INFO  impl.RaftServerImpl (RaftServerImpl.java:setRole(198)) - 8da8ca2d-f214-46c6-bb1d-19300cf99b91@group-36FC0918866C: changes role from      null to FOLLOWER at term 0 for startAsFollower
2020-10-13 01:29:04,950 [pool-213-thread-1] INFO  impl.RoleInfo (RoleInfo.java:updateAndGet(143)) - 8da8ca2d-f214-46c6-bb1d-19300cf99b91: start FollowerState
2020-10-13 01:29:04,951 [pool-213-thread-1] INFO  util.JmxRegister (JmxRegister.java:tryRegister(44)) - Successfully registered JMX Bean with object name Ratis:service=RaftServer,group=group-36FC0918866C,id=8da8ca2d-f214-46c6-bb1d-19300cf99b91
2020-10-13 01:29:04,951 [pool-213-thread-1] INFO  metrics.RatisMetrics (RatisMetrics.java:lambda$create$0(36)) - Creating Metrics Registry : ratis.state_machine.8da8ca2d-f214-46c6-bb1d-19300cf99b91@group-36FC0918866C
2020-10-13 01:29:04,952 [Command processor thread] INFO  commandhandler.CreatePipelineCommandHandler (CreatePipelineCommandHandler.java:handle(110)) - Created Pipeline RATIS ONE #id: "1962f348-5d4b-4e43-8e53-36fc0918866c"
uuid128 {
  mostSigBits: 1829291890794253891
  leastSigBits: -8191142841144539540
}
.
2020-10-13 01:29:04,952 [Command processor thread] INFO  impl.RaftServerProxy (RaftServerProxy.java:addNew(92)) - 8da8ca2d-f214-46c6-bb1d-19300cf99b91: addNew group-41B73AB5C21E:[557e4ca5-6b8d-4b4c-bd98-c7916be59d80:172.17.0.2:34559:0, 38f6e796-8c18-4c71-95ad-19caff00ba17:172.17.0.2:38399:0, 8da8ca2d-f214-46c6-bb1d-19300cf99b91:172.17.0.2:37947:0] returns group-41B73AB5C21E:java.util.concurrent.CompletableFuture@7d4419e0[Not completed]
2020-10-13 01:29:04,953 [pool-213-thread-1] INFO  impl.RaftServerImpl (RaftServerImpl.java:<init>(120)) - 8da8ca2d-f214-46c6-bb1d-19300cf99b91: new RaftServerImpl for group-41B73AB5C21E:[557e4ca5-6b8d-4b4c-bd98-c7916be59d80:172.17.0.2:34559:0, 38f6e796-8c18-4c71-95ad-19caff00ba17:172.17.0.2:38399:0, 8da8ca2d-f214-46c6-bb1d-19300cf99b91:172.17.0.2:37947:0] with ContainerStateMachine:uninitialized
2020-10-13 01:29:04,953 [pool-213-thread-1] INFO  server.RaftServerConfigKeys (ConfUtils.java:logGet(44)) - raft.server.rpc.timeout.min = 5s (custom)
2020-10-13 01:29:04,953 [pool-213-thread-1] INFO  server.RaftServerConfigKeys (ConfUtils.java:logGet(44)) - raft.server.rpc.timeout.max = 5200ms (custom)
2020-10-13 01:29:04,953 [pool-213-thread-1] INFO  server.RaftServerConfigKeys (ConfUtils.java:logGet(44)) - raft.server.rpcslowness.timeout = 300s (custom)
2020-10-13 01:29:04,953 [pool-213-thread-1] INFO  server.RaftServerConfigKeys (ConfUtils.java:logGet(44)) - raft.server.sleep.deviation.threshold = 300 (default)
2020-10-13 01:29:04,954 [pool-213-thread-1] INFO  server.RaftServerConfigKeys (ConfUtils.java:logGet(44)) - raft.server.log.appender.install.snapshot.enabled = false (custom)
2020-10-13 01:29:04,954 [pool-213-thread-1] INFO  impl.RaftServerImpl (ServerState.java:<init>(104)) - 8da8ca2d-f214-46c6-bb1d-19300cf99b91@group-41B73AB5C21E: ConfigurationManager, init=-1: [557e4ca5-6b8d-4b4c-bd98-c7916be59d80:172.17.0.2:34559:0, 38f6e796-8c18-4c71-95ad-19caff00ba17:172.17.0.2:38399:0, 8da8ca2d-f214-46c6-bb1d-19300cf99b91:172.17.0.2:37947:0], old=null, confs=<EMPTY_MAP>
2020-10-13 01:29:04,954 [pool-213-thread-1] INFO  server.RaftServerConfigKeys (ConfUtils.java:logGet(44)) - raft.server.storage.dir = [/github/workspace/mnt/ozone/hadoop-ozone/integration-test/target/test-dir/MiniOzoneClusterImpl-4b926bf3-aee9-4ef9-a274-c573270b78ea/datanode-3/data/ratis] (custom)
2020-10-13 01:29:04,955 [pool-213-thread-1] INFO  server.RaftServerConfigKeys (ConfUtils.java:logGet(44)) - raft.server.log.corruption.policy = EXCEPTION (default)
2020-10-13 01:29:04,955 [pool-213-thread-1] INFO  storage.RaftStorageDirectory (RaftStorageDirectory.java:analyzeStorage(261)) - The storage directory /github/workspace/mnt/ozone/hadoop-ozone/integration-test/target/test-dir/MiniOzoneClusterImpl-4b926bf3-aee9-4ef9-a274-c573270b78ea/datanode-3/data/ratis/a9303f12-9bb1-4dba-9bf4-41b73ab5c21e does not exist. Creating ...
2020-10-13 01:29:04,956 [pool-213-thread-1] INFO  storage.RaftStorageDirectory (RaftStorageDirectory.java:tryLock(343)) - Lock on /github/workspace/mnt/ozone/hadoop-ozone/integration-test/target/test-dir/MiniOzoneClusterImpl-4b926bf3-aee9-4ef9-a274-c573270b78ea/datanode-3/data/ratis/a9303f12-9bb1-4dba-9bf4-41b73ab5c21e/in_use.lock acquired by nodename 3115@4c549b8e0644
2020-10-13 01:29:04,957 [pool-213-thread-1] INFO  storage.RaftStorage (RaftStorage.java:format(84)) - Storage directory /github/workspace/mnt/ozone/hadoop-ozone/integration-test/target/test-dir/MiniOzoneClusterImpl-4b926bf3-aee9-4ef9-a274-c573270b78ea/datanode-3/data/ratis/a9303f12-9bb1-4dba-9bf4-41b73ab5c21e has been successfully formatted.
2020-10-13 01:29:04,957 [pool-213-thread-1] INFO  ratis.ContainerStateMachine (ContainerStateMachine.java:loadSnapshot(225)) - group-41B73AB5C21E: The snapshot info is null. Setting the last applied indexto:(t:0, i:~)
2020-10-13 01:29:04,957 [pool-213-thread-1] INFO  server.RaftServerConfigKeys (ConfUtils.java:logGet(44)) - raft.server.notification.no-leader.timeout = 300s (custom)
2020-10-13 01:29:04,957 [pool-213-thread-1] INFO  server.RaftServerConfigKeys (ConfUtils.java:logGet(44)) - raft.server.log.use.memory = false (default)
2020-10-13 01:29:04,957 [pool-213-thread-1] INFO  server.RaftServerConfigKeys (ConfUtils.java:logGet(44)) - raft.server.log.purge.gap = 1000000 (custom)
2020-10-13 01:29:04,957 [pool-213-thread-1] INFO  metrics.RatisMetrics (RatisMetrics.java:lambda$create$0(36)) - Creating Metrics Registry : ratis.log_worker.8da8ca2d-f214-46c6-bb1d-19300cf99b91@group-41B73AB5C21E
2020-10-13 01:29:04,958 [pool-213-thread-1] INFO  server.RaftServerConfigKeys (ConfUtils.java:logGet(44)) - raft.server.log.appender.buffer.byte-limit = 33554432 (custom)
2020-10-13 01:29:04,958 [pool-213-thread-1] INFO  server.RaftServerConfigKeys (ConfUtils.java:logGet(44)) - raft.server.log.segment.size.max = 1048576 (custom)
2020-10-13 01:29:04,958 [pool-213-thread-1] INFO  server.RaftServerConfigKeys (ConfUtils.java:logGet(44)) - raft.server.log.segment.cache.num.max = 2 (custom)
2020-10-13 01:29:04,958 [pool-213-thread-1] INFO  segmented.SegmentedRaftLogWorker (SegmentedRaftLogWorker.java:<init>(180)) - new 8da8ca2d-f214-46c6-bb1d-19300cf99b91@group-41B73AB5C21E-SegmentedRaftLogWorker for RaftStorage:Storage Directory /github/workspace/mnt/ozone/hadoop-ozone/integration-test/target/test-dir/MiniOzoneClusterImpl-4b926bf3-aee9-4ef9-a274-c573270b78ea/datanode-3/data/ratis/a9303f12-9bb1-4dba-9bf4-41b73ab5c21e
2020-10-13 01:29:04,958 [pool-213-thread-1] INFO  server.RaftServerConfigKeys (ConfUtils.java:logGet(44)) - raft.server.log.queue.byte-limit = 2147483647 (custom)
2020-10-13 01:29:04,958 [pool-213-thread-1] INFO  server.RaftServerConfigKeys (ConfUtils.java:logGet(44)) - raft.server.log.queue.element-limit = 1024 (custom)
2020-10-13 01:29:04,958 [pool-213-thread-1] INFO  server.RaftServerConfigKeys (ConfUtils.java:logGet(44)) - raft.server.log.segment.size.max = 1048576 (custom)
2020-10-13 01:29:04,958 [pool-213-thread-1] INFO  server.RaftServerConfigKeys (ConfUtils.java:logGet(44)) - raft.server.log.preallocated.size = 16384 (custom)
2020-10-13 01:29:04,958 [pool-213-thread-1] INFO  server.RaftServerConfigKeys (ConfUtils.java:logGet(44)) - raft.server.log.write.buffer.size = 1048576 (custom)
2020-10-13 01:29:04,959 [pool-213-thread-1] INFO  server.RaftServerConfigKeys (ConfUtils.java:logGet(44)) - raft.server.log.force.sync.num = 128 (default)
2020-10-13 01:29:04,959 [pool-213-thread-1] INFO  server.RaftServerConfigKeys (ConfUtils.java:logGet(44)) - raft.server.log.statemachine.data.sync = true (default)
2020-10-13 01:29:04,959 [pool-213-thread-1] INFO  server.RaftServerConfigKeys (ConfUtils.java:logGet(44)) - raft.server.log.statemachine.data.sync.timeout = 10s (default)
2020-10-13 01:29:04,959 [pool-213-thread-1] INFO  server.RaftServerConfigKeys (ConfUtils.java:logGet(44)) - raft.server.log.statemachine.data.sync.timeout.retry = -1 (default)
2020-10-13 01:29:04,961 [pool-213-thread-1] INFO  server.RaftServerConfigKeys (ConfUtils.java:logGet(44)) - raft.server.log.statemachine.data.caching.enabled = true (custom)
2020-10-13 01:29:04,961 [pool-213-thread-1] INFO  segmented.SegmentedRaftLogWorker (SegmentedRaftLogWorker.java:lambda$new$0(129)) - 8da8ca2d-f214-46c6-bb1d-19300cf99b91@group-41B73AB5C21E-SegmentedRaftLogWorker: flushIndex: setUnconditionally 0 -> -1
2020-10-13 01:29:04,961 [pool-213-thread-1] INFO  segmented.SegmentedRaftLogWorker (SegmentedRaftLogWorker.java:lambda$new$0(129)) - 8da8ca2d-f214-46c6-bb1d-19300cf99b91@group-41B73AB5C21E-SegmentedRaftLogWorker: safeCacheEvictIndex: setUnconditionally 0 -> -1
2020-10-13 01:29:04,961 [pool-213-thread-1] INFO  server.RaftServerConfigKeys (ConfUtils.java:logGet(44)) - raft.server.snapshot.auto.trigger.enabled = true (custom)
2020-10-13 01:29:04,961 [pool-213-thread-1] INFO  server.RaftServerConfigKeys (ConfUtils.java:logGet(44)) - raft.server.snapshot.auto.trigger.threshold = 10000 (custom)
2020-10-13 01:29:04,961 [pool-213-thread-1] INFO  server.RaftServerConfigKeys (ConfUtils.java:logGet(44)) - raft.server.snapshot.retention.file.num = 5 (custom)
2020-10-13 01:29:04,961 [pool-213-thread-1] INFO  server.RaftServerConfigKeys (ConfUtils.java:logGet(44)) - raft.server.log.purge.upto.snapshot.index = false (default)
2020-10-13 01:29:04,961 [pool-213-thread-1] INFO  server.RaftServerConfigKeys (ConfUtils.java:logGet(44)) - raft.server.retrycache.expirytime = 600000ms (custom)
2020-10-13 01:29:04,961 [pool-213-thread-1] INFO  metrics.RatisMetrics (RatisMetrics.java:lambda$create$0(36)) - Creating Metrics Registry : ratis.leader_election.8da8ca2d-f214-46c6-bb1d-19300cf99b91@group-41B73AB5C21E
2020-10-13 01:29:04,962 [pool-213-thread-1] INFO  metrics.RatisMetrics (RatisMetrics.java:lambda$create$0(36)) - Creating Metrics Registry : ratis.server.8da8ca2d-f214-46c6-bb1d-19300cf99b91@group-41B73AB5C21E
2020-10-13 01:29:04,963 [pool-213-thread-1] INFO  impl.RaftServerImpl (RaftServerImpl.java:start(209)) - 8da8ca2d-f214-46c6-bb1d-19300cf99b91@group-41B73AB5C21E: start as a follower, conf=-1: [557e4ca5-6b8d-4b4c-bd98-c7916be59d80:172.17.0.2:34559:0, 38f6e796-8c18-4c71-95ad-19caff00ba17:172.17.0.2:38399:0, 8da8ca2d-f214-46c6-bb1d-19300cf99b91:172.17.0.2:37947:0], old=null
2020-10-13 01:29:04,963 [pool-213-thread-1] INFO  impl.RaftServerImpl (RaftServerImpl.java:setRole(198)) - 8da8ca2d-f214-46c6-bb1d-19300cf99b91@group-41B73AB5C21E: changes role from      null to FOLLOWER at term 0 for startAsFollower
2020-10-13 01:29:04,963 [pool-213-thread-1] INFO  impl.RoleInfo (RoleInfo.java:updateAndGet(143)) - 8da8ca2d-f214-46c6-bb1d-19300cf99b91: start FollowerState
2020-10-13 01:29:04,966 [pool-213-thread-1] INFO  util.JmxRegister (JmxRegister.java:tryRegister(44)) - Successfully registered JMX Bean with object name Ratis:service=RaftServer,group=group-41B73AB5C21E,id=8da8ca2d-f214-46c6-bb1d-19300cf99b91
2020-10-13 01:29:04,966 [pool-213-thread-1] INFO  metrics.RatisMetrics (RatisMetrics.java:lambda$create$0(36)) - Creating Metrics Registry : ratis.state_machine.8da8ca2d-f214-46c6-bb1d-19300cf99b91@group-41B73AB5C21E
2020-10-13 01:29:05,014 [Command processor thread] INFO  metrics.RatisMetrics (RatisMetrics.java:lambda$create$0(36)) - Creating Metrics Registry : ratis.client_message_metrics.client-4DEE8FD91C0A->557e4ca5-6b8d-4b4c-bd98-c7916be59d80
2020-10-13 01:29:05,024 [grpc-default-executor-3] INFO  metrics.RatisMetrics (RatisMetrics.java:lambda$create$0(36)) - Creating Metrics Registry : ratis.server_message_metrics.557e4ca5-6b8d-4b4c-bd98-c7916be59d80
2020-10-13 01:29:05,032 [grpc-default-executor-3] INFO  impl.RaftServerProxy (RaftServerProxy.java:addNew(92)) - 557e4ca5-6b8d-4b4c-bd98-c7916be59d80: addNew group-41B73AB5C21E:[557e4ca5-6b8d-4b4c-bd98-c7916be59d80:172.17.0.2:34559:0, 38f6e796-8c18-4c71-95ad-19caff00ba17:172.17.0.2:38399:0, 8da8ca2d-f214-46c6-bb1d-19300cf99b91:172.17.0.2:37947:0] returns group-41B73AB5C21E:java.util.concurrent.CompletableFuture@3899a0b6[Not completed]
2020-10-13 01:29:05,048 [pool-228-thread-1] INFO  impl.RaftServerImpl (RaftServerImpl.java:<init>(120)) - 557e4ca5-6b8d-4b4c-bd98-c7916be59d80: new RaftServerImpl for group-41B73AB5C21E:[557e4ca5-6b8d-4b4c-bd98-c7916be59d80:172.17.0.2:34559:0, 38f6e796-8c18-4c71-95ad-19caff00ba17:172.17.0.2:38399:0, 8da8ca2d-f214-46c6-bb1d-19300cf99b91:172.17.0.2:37947:0] with ContainerStateMachine:uninitialized
2020-10-13 01:29:05,050 [pool-228-thread-1] INFO  server.RaftServerConfigKeys (ConfUtils.java:logGet(44)) - raft.server.rpc.timeout.min = 5s (custom)
2020-10-13 01:29:05,051 [pool-228-thread-1] INFO  server.RaftServerConfigKeys (ConfUtils.java:logGet(44)) - raft.server.rpc.timeout.max = 5200ms (custom)
2020-10-13 01:29:05,051 [pool-228-thread-1] INFO  server.RaftServerConfigKeys (ConfUtils.java:logGet(44)) - raft.server.rpcslowness.timeout = 300s (custom)
2020-10-13 01:29:05,051 [pool-228-thread-1] INFO  server.RaftServerConfigKeys (ConfUtils.java:logGet(44)) - raft.server.sleep.deviation.threshold = 300 (default)
2020-10-13 01:29:05,051 [pool-228-thread-1] INFO  server.RaftServerConfigKeys (ConfUtils.java:logGet(44)) - raft.server.log.appender.install.snapshot.enabled = false (custom)
2020-10-13 01:29:05,051 [pool-228-thread-1] INFO  impl.RaftServerImpl (ServerState.java:<init>(104)) - 557e4ca5-6b8d-4b4c-bd98-c7916be59d80@group-41B73AB5C21E: ConfigurationManager, init=-1: [557e4ca5-6b8d-4b4c-bd98-c7916be59d80:172.17.0.2:34559:0, 38f6e796-8c18-4c71-95ad-19caff00ba17:172.17.0.2:38399:0, 8da8ca2d-f214-46c6-bb1d-19300cf99b91:172.17.0.2:37947:0], old=null, confs=<EMPTY_MAP>
2020-10-13 01:29:05,051 [pool-228-thread-1] INFO  server.RaftServerConfigKeys (ConfUtils.java:logGet(44)) - raft.server.storage.dir = [/github/workspace/mnt/ozone/hadoop-ozone/integration-test/target/test-dir/MiniOzoneClusterImpl-4b926bf3-aee9-4ef9-a274-c573270b78ea/datanode-4/data/ratis] (custom)
2020-10-13 01:29:05,051 [pool-228-thread-1] INFO  server.RaftServerConfigKeys (ConfUtils.java:logGet(44)) - raft.server.log.corruption.policy = EXCEPTION (default)
2020-10-13 01:29:05,052 [pool-228-thread-1] INFO  storage.RaftStorageDirectory (RaftStorageDirectory.java:analyzeStorage(261)) - The storage directory /github/workspace/mnt/ozone/hadoop-ozone/integration-test/target/test-dir/MiniOzoneClusterImpl-4b926bf3-aee9-4ef9-a274-c573270b78ea/datanode-4/data/ratis/a9303f12-9bb1-4dba-9bf4-41b73ab5c21e does not exist. Creating ...
2020-10-13 01:29:05,053 [pool-228-thread-1] INFO  storage.RaftStorageDirectory (RaftStorageDirectory.java:tryLock(343)) - Lock on /github/workspace/mnt/ozone/hadoop-ozone/integration-test/target/test-dir/MiniOzoneClusterImpl-4b926bf3-aee9-4ef9-a274-c573270b78ea/datanode-4/data/ratis/a9303f12-9bb1-4dba-9bf4-41b73ab5c21e/in_use.lock acquired by nodename 3115@4c549b8e0644
2020-10-13 01:29:05,054 [pool-228-thread-1] INFO  storage.RaftStorage (RaftStorage.java:format(84)) - Storage directory /github/workspace/mnt/ozone/hadoop-ozone/integration-test/target/test-dir/MiniOzoneClusterImpl-4b926bf3-aee9-4ef9-a274-c573270b78ea/datanode-4/data/ratis/a9303f12-9bb1-4dba-9bf4-41b73ab5c21e has been successfully formatted.
2020-10-13 01:29:05,055 [pool-228-thread-1] INFO  ratis.ContainerStateMachine (ContainerStateMachine.java:loadSnapshot(225)) - group-41B73AB5C21E: The snapshot info is null. Setting the last applied indexto:(t:0, i:~)
2020-10-13 01:29:05,056 [pool-228-thread-1] INFO  server.RaftServerConfigKeys (ConfUtils.java:logGet(44)) - raft.server.notification.no-leader.timeout = 300s (custom)
2020-10-13 01:29:05,056 [pool-228-thread-1] INFO  server.RaftServerConfigKeys (ConfUtils.java:logGet(44)) - raft.server.log.use.memory = false (default)
2020-10-13 01:29:05,056 [pool-228-thread-1] INFO  server.RaftServerConfigKeys (ConfUtils.java:logGet(44)) - raft.server.log.purge.gap = 1000000 (custom)
2020-10-13 01:29:05,056 [pool-228-thread-1] INFO  metrics.RatisMetrics (RatisMetrics.java:lambda$create$0(36)) - Creating Metrics Registry : ratis.log_worker.557e4ca5-6b8d-4b4c-bd98-c7916be59d80@group-41B73AB5C21E
2020-10-13 01:29:05,056 [pool-228-thread-1] INFO  server.RaftServerConfigKeys (ConfUtils.java:logGet(44)) - raft.server.log.appender.buffer.byte-limit = 33554432 (custom)
2020-10-13 01:29:05,057 [pool-228-thread-1] INFO  server.RaftServerConfigKeys (ConfUtils.java:logGet(44)) - raft.server.log.segment.size.max = 1048576 (custom)
2020-10-13 01:29:05,058 [pool-228-thread-1] INFO  server.RaftServerConfigKeys (ConfUtils.java:logGet(44)) - raft.server.log.segment.cache.num.max = 2 (custom)
2020-10-13 01:29:05,059 [pool-228-thread-1] INFO  segmented.SegmentedRaftLogWorker (SegmentedRaftLogWorker.java:<init>(180)) - new 557e4ca5-6b8d-4b4c-bd98-c7916be59d80@group-41B73AB5C21E-SegmentedRaftLogWorker for RaftStorage:Storage Directory /github/workspace/mnt/ozone/hadoop-ozone/integration-test/target/test-dir/MiniOzoneClusterImpl-4b926bf3-aee9-4ef9-a274-c573270b78ea/datanode-4/data/ratis/a9303f12-9bb1-4dba-9bf4-41b73ab5c21e
2020-10-13 01:29:05,059 [pool-228-thread-1] INFO  server.RaftServerConfigKeys (ConfUtils.java:logGet(44)) - raft.server.log.queue.byte-limit = 2147483647 (custom)
2020-10-13 01:29:05,060 [pool-228-thread-1] INFO  server.RaftServerConfigKeys (ConfUtils.java:logGet(44)) - raft.server.log.queue.element-limit = 1024 (custom)
2020-10-13 01:29:05,060 [pool-228-thread-1] INFO  server.RaftServerConfigKeys (ConfUtils.java:logGet(44)) - raft.server.log.segment.size.max = 1048576 (custom)
2020-10-13 01:29:05,060 [pool-228-thread-1] INFO  server.RaftServerConfigKeys (ConfUtils.java:logGet(44)) - raft.server.log.preallocated.size = 16384 (custom)
2020-10-13 01:29:05,060 [pool-228-thread-1] INFO  server.RaftServerConfigKeys (ConfUtils.java:logGet(44)) - raft.server.log.write.buffer.size = 1048576 (custom)
2020-10-13 01:29:05,060 [pool-228-thread-1] INFO  server.RaftServerConfigKeys (ConfUtils.java:logGet(44)) - raft.server.log.force.sync.num = 128 (default)
2020-10-13 01:29:05,060 [pool-228-thread-1] INFO  server.RaftServerConfigKeys (ConfUtils.java:logGet(44)) - raft.server.log.statemachine.data.sync = true (default)
2020-10-13 01:29:05,060 [pool-228-thread-1] INFO  server.RaftServerConfigKeys (ConfUtils.java:logGet(44)) - raft.server.log.statemachine.data.sync.timeout = 10s (default)
2020-10-13 01:29:05,061 [pool-228-thread-1] INFO  server.RaftServerConfigKeys (ConfUtils.java:logGet(44)) - raft.server.log.statemachine.data.sync.timeout.retry = -1 (default)
2020-10-13 01:29:05,062 [pool-228-thread-1] INFO  server.RaftServerConfigKeys (ConfUtils.java:logGet(44)) - raft.server.log.statemachine.data.caching.enabled = true (custom)
2020-10-13 01:29:05,063 [pool-228-thread-1] INFO  segmented.SegmentedRaftLogWorker (SegmentedRaftLogWorker.java:lambda$new$0(129)) - 557e4ca5-6b8d-4b4c-bd98-c7916be59d80@group-41B73AB5C21E-SegmentedRaftLogWorker: flushIndex: setUnconditionally 0 -> -1
2020-10-13 01:29:05,063 [pool-228-thread-1] INFO  segmented.SegmentedRaftLogWorker (SegmentedRaftLogWorker.java:lambda$new$0(129)) - 557e4ca5-6b8d-4b4c-bd98-c7916be59d80@group-41B73AB5C21E-SegmentedRaftLogWorker: safeCacheEvictIndex: setUnconditionally 0 -> -1
2020-10-13 01:29:05,070 [pool-228-thread-1] INFO  server.RaftServerConfigKeys (ConfUtils.java:logGet(44)) - raft.server.snapshot.auto.trigger.enabled = true (custom)
2020-10-13 01:29:05,070 [pool-228-thread-1] INFO  server.RaftServerConfigKeys (ConfUtils.java:logGet(44)) - raft.server.snapshot.auto.trigger.threshold = 10000 (custom)
2020-10-13 01:29:05,070 [pool-228-thread-1] INFO  server.RaftServerConfigKeys (ConfUtils.java:logGet(44)) - raft.server.snapshot.retention.file.num = 5 (custom)
2020-10-13 01:29:05,070 [pool-228-thread-1] INFO  server.RaftServerConfigKeys (ConfUtils.java:logGet(44)) - raft.server.log.purge.upto.snapshot.index = false (default)
2020-10-13 01:29:05,070 [pool-228-thread-1] INFO  server.RaftServerConfigKeys (ConfUtils.java:logGet(44)) - raft.server.retrycache.expirytime = 600000ms (custom)
2020-10-13 01:29:05,070 [pool-228-thread-1] INFO  metrics.RatisMetrics (RatisMetrics.java:lambda$create$0(36)) - Creating Metrics Registry : ratis.leader_election.557e4ca5-6b8d-4b4c-bd98-c7916be59d80@group-41B73AB5C21E
2020-10-13 01:29:05,071 [pool-228-thread-1] INFO  metrics.RatisMetrics (RatisMetrics.java:lambda$create$0(36)) - Creating Metrics Registry : ratis.server.557e4ca5-6b8d-4b4c-bd98-c7916be59d80@group-41B73AB5C21E
2020-10-13 01:29:05,072 [pool-228-thread-1] INFO  impl.RaftServerImpl (RaftServerImpl.java:start(209)) - 557e4ca5-6b8d-4b4c-bd98-c7916be59d80@group-41B73AB5C21E: start as a follower, conf=-1: [557e4ca5-6b8d-4b4c-bd98-c7916be59d80:172.17.0.2:34559:0, 38f6e796-8c18-4c71-95ad-19caff00ba17:172.17.0.2:38399:0, 8da8ca2d-f214-46c6-bb1d-19300cf99b91:172.17.0.2:37947:0], old=null
2020-10-13 01:29:05,072 [pool-228-thread-1] INFO  impl.RaftServerImpl (RaftServerImpl.java:setRole(198)) - 557e4ca5-6b8d-4b4c-bd98-c7916be59d80@group-41B73AB5C21E: changes role from      null to FOLLOWER at term 0 for startAsFollower
2020-10-13 01:29:05,072 [pool-228-thread-1] INFO  impl.RoleInfo (RoleInfo.java:updateAndGet(143)) - 557e4ca5-6b8d-4b4c-bd98-c7916be59d80: start FollowerState
2020-10-13 01:29:05,073 [pool-228-thread-1] INFO  util.JmxRegister (JmxRegister.java:tryRegister(44)) - Successfully registered JMX Bean with object name Ratis:service=RaftServer,group=group-41B73AB5C21E,id=557e4ca5-6b8d-4b4c-bd98-c7916be59d80
2020-10-13 01:29:05,073 [pool-228-thread-1] INFO  metrics.RatisMetrics (RatisMetrics.java:lambda$create$0(36)) - Creating Metrics Registry : ratis.state_machine.557e4ca5-6b8d-4b4c-bd98-c7916be59d80@group-41B73AB5C21E
2020-10-13 01:29:05,090 [Command processor thread] INFO  metrics.RatisMetrics (RatisMetrics.java:lambda$create$0(36)) - Creating Metrics Registry : ratis.client_message_metrics.client-BBE226CF8305->38f6e796-8c18-4c71-95ad-19caff00ba17
2020-10-13 01:29:05,097 [grpc-default-executor-3] INFO  metrics.RatisMetrics (RatisMetrics.java:lambda$create$0(36)) - Creating Metrics Registry : ratis.server_message_metrics.38f6e796-8c18-4c71-95ad-19caff00ba17
2020-10-13 01:29:05,099 [grpc-default-executor-3] INFO  impl.RaftServerProxy (RaftServerProxy.java:addNew(92)) - 38f6e796-8c18-4c71-95ad-19caff00ba17: addNew group-41B73AB5C21E:[557e4ca5-6b8d-4b4c-bd98-c7916be59d80:172.17.0.2:34559:0, 38f6e796-8c18-4c71-95ad-19caff00ba17:172.17.0.2:38399:0, 8da8ca2d-f214-46c6-bb1d-19300cf99b91:172.17.0.2:37947:0] returns group-41B73AB5C21E:java.util.concurrent.CompletableFuture@5c5dc204[Not completed]
2020-10-13 01:29:05,102 [pool-243-thread-1] INFO  impl.RaftServerImpl (RaftServerImpl.java:<init>(120)) - 38f6e796-8c18-4c71-95ad-19caff00ba17: new RaftServerImpl for group-41B73AB5C21E:[557e4ca5-6b8d-4b4c-bd98-c7916be59d80:172.17.0.2:34559:0, 38f6e796-8c18-4c71-95ad-19caff00ba17:172.17.0.2:38399:0, 8da8ca2d-f214-46c6-bb1d-19300cf99b91:172.17.0.2:37947:0] with ContainerStateMachine:uninitialized
2020-10-13 01:29:05,103 [pool-243-thread-1] INFO  server.RaftServerConfigKeys (ConfUtils.java:logGet(44)) - raft.server.rpc.timeout.min = 5s (custom)
2020-10-13 01:29:05,103 [pool-243-thread-1] INFO  server.RaftServerConfigKeys (ConfUtils.java:logGet(44)) - raft.server.rpc.timeout.max = 5200ms (custom)
2020-10-13 01:29:05,103 [pool-243-thread-1] INFO  server.RaftServerConfigKeys (ConfUtils.java:logGet(44)) - raft.server.rpcslowness.timeout = 300s (custom)
2020-10-13 01:29:05,104 [pool-243-thread-1] INFO  server.RaftServerConfigKeys (ConfUtils.java:logGet(44)) - raft.server.sleep.deviation.threshold = 300 (default)
2020-10-13 01:29:05,104 [pool-243-thread-1] INFO  server.RaftServerConfigKeys (ConfUtils.java:logGet(44)) - raft.server.log.appender.install.snapshot.enabled = false (custom)
2020-10-13 01:29:05,104 [pool-243-thread-1] INFO  impl.RaftServerImpl (ServerState.java:<init>(104)) - 38f6e796-8c18-4c71-95ad-19caff00ba17@group-41B73AB5C21E: ConfigurationManager, init=-1: [557e4ca5-6b8d-4b4c-bd98-c7916be59d80:172.17.0.2:34559:0, 38f6e796-8c18-4c71-95ad-19caff00ba17:172.17.0.2:38399:0, 8da8ca2d-f214-46c6-bb1d-19300cf99b91:172.17.0.2:37947:0], old=null, confs=<EMPTY_MAP>
2020-10-13 01:29:05,104 [pool-243-thread-1] INFO  server.RaftServerConfigKeys (ConfUtils.java:logGet(44)) - raft.server.storage.dir = [/github/workspace/mnt/ozone/hadoop-ozone/integration-test/target/test-dir/MiniOzoneClusterImpl-4b926bf3-aee9-4ef9-a274-c573270b78ea/datanode-5/data/ratis] (custom)
2020-10-13 01:29:05,104 [pool-243-thread-1] INFO  server.RaftServerConfigKeys (ConfUtils.java:logGet(44)) - raft.server.log.corruption.policy = EXCEPTION (default)
2020-10-13 01:29:05,104 [pool-243-thread-1] INFO  storage.RaftStorageDirectory (RaftStorageDirectory.java:analyzeStorage(261)) - The storage directory /github/workspace/mnt/ozone/hadoop-ozone/integration-test/target/test-dir/MiniOzoneClusterImpl-4b926bf3-aee9-4ef9-a274-c573270b78ea/datanode-5/data/ratis/a9303f12-9bb1-4dba-9bf4-41b73ab5c21e does not exist. Creating ...
2020-10-13 01:29:05,105 [pool-243-thread-1] INFO  storage.RaftStorageDirectory (RaftStorageDirectory.java:tryLock(343)) - Lock on /github/workspace/mnt/ozone/hadoop-ozone/integration-test/target/test-dir/MiniOzoneClusterImpl-4b926bf3-aee9-4ef9-a274-c573270b78ea/datanode-5/data/ratis/a9303f12-9bb1-4dba-9bf4-41b73ab5c21e/in_use.lock acquired by nodename 3115@4c549b8e0644
2020-10-13 01:29:05,106 [pool-243-thread-1] INFO  storage.RaftStorage (RaftStorage.java:format(84)) - Storage directory /github/workspace/mnt/ozone/hadoop-ozone/integration-test/target/test-dir/MiniOzoneClusterImpl-4b926bf3-aee9-4ef9-a274-c573270b78ea/datanode-5/data/ratis/a9303f12-9bb1-4dba-9bf4-41b73ab5c21e has been successfully formatted.
2020-10-13 01:29:05,106 [pool-243-thread-1] INFO  ratis.ContainerStateMachine (ContainerStateMachine.java:loadSnapshot(225)) - group-41B73AB5C21E: The snapshot info is null. Setting the last applied indexto:(t:0, i:~)
2020-10-13 01:29:05,107 [pool-243-thread-1] INFO  server.RaftServerConfigKeys (ConfUtils.java:logGet(44)) - raft.server.notification.no-leader.timeout = 300s (custom)
2020-10-13 01:29:05,108 [pool-243-thread-1] INFO  server.RaftServerConfigKeys (ConfUtils.java:logGet(44)) - raft.server.log.use.memory = false (default)
2020-10-13 01:29:05,108 [pool-243-thread-1] INFO  server.RaftServerConfigKeys (ConfUtils.java:logGet(44)) - raft.server.log.purge.gap = 1000000 (custom)
2020-10-13 01:29:05,108 [pool-243-thread-1] INFO  metrics.RatisMetrics (RatisMetrics.java:lambda$create$0(36)) - Creating Metrics Registry : ratis.log_worker.38f6e796-8c18-4c71-95ad-19caff00ba17@group-41B73AB5C21E
2020-10-13 01:29:05,109 [pool-243-thread-1] INFO  server.RaftServerConfigKeys (ConfUtils.java:logGet(44)) - raft.server.log.appender.buffer.byte-limit = 33554432 (custom)
2020-10-13 01:29:05,109 [pool-243-thread-1] INFO  server.RaftServerConfigKeys (ConfUtils.java:logGet(44)) - raft.server.log.segment.size.max = 1048576 (custom)
2020-10-13 01:29:05,109 [pool-243-thread-1] INFO  server.RaftServerConfigKeys (ConfUtils.java:logGet(44)) - raft.server.log.segment.cache.num.max = 2 (custom)
2020-10-13 01:29:05,110 [pool-243-thread-1] INFO  segmented.SegmentedRaftLogWorker (SegmentedRaftLogWorker.java:<init>(180)) - new 38f6e796-8c18-4c71-95ad-19caff00ba17@group-41B73AB5C21E-SegmentedRaftLogWorker for RaftStorage:Storage Directory /github/workspace/mnt/ozone/hadoop-ozone/integration-test/target/test-dir/MiniOzoneClusterImpl-4b926bf3-aee9-4ef9-a274-c573270b78ea/datanode-5/data/ratis/a9303f12-9bb1-4dba-9bf4-41b73ab5c21e
2020-10-13 01:29:05,110 [pool-243-thread-1] INFO  server.RaftServerConfigKeys (ConfUtils.java:logGet(44)) - raft.server.log.queue.byte-limit = 2147483647 (custom)
2020-10-13 01:29:05,110 [pool-243-thread-1] INFO  server.RaftServerConfigKeys (ConfUtils.java:logGet(44)) - raft.server.log.queue.element-limit = 1024 (custom)
2020-10-13 01:29:05,110 [pool-243-thread-1] INFO  server.RaftServerConfigKeys (ConfUtils.java:logGet(44)) - raft.server.log.segment.size.max = 1048576 (custom)
2020-10-13 01:29:05,111 [pool-243-thread-1] INFO  server.RaftServerConfigKeys (ConfUtils.java:logGet(44)) - raft.server.log.preallocated.size = 16384 (custom)
2020-10-13 01:29:05,111 [pool-243-thread-1] INFO  server.RaftServerConfigKeys (ConfUtils.java:logGet(44)) - raft.server.log.write.buffer.size = 1048576 (custom)
2020-10-13 01:29:05,111 [pool-243-thread-1] INFO  server.RaftServerConfigKeys (ConfUtils.java:logGet(44)) - raft.server.log.force.sync.num = 128 (default)
2020-10-13 01:29:05,111 [pool-243-thread-1] INFO  server.RaftServerConfigKeys (ConfUtils.java:logGet(44)) - raft.server.log.statemachine.data.sync = true (default)
2020-10-13 01:29:05,111 [pool-243-thread-1] INFO  server.RaftServerConfigKeys (ConfUtils.java:logGet(44)) - raft.server.log.statemachine.data.sync.timeout = 10s (default)
2020-10-13 01:29:05,112 [pool-243-thread-1] INFO  server.RaftServerConfigKeys (ConfUtils.java:logGet(44)) - raft.server.log.statemachine.data.sync.timeout.retry = -1 (default)
2020-10-13 01:29:05,113 [pool-243-thread-1] INFO  server.RaftServerConfigKeys (ConfUtils.java:logGet(44)) - raft.server.log.statemachine.data.caching.enabled = true (custom)
2020-10-13 01:29:05,114 [pool-243-thread-1] INFO  segmented.SegmentedRaftLogWorker (SegmentedRaftLogWorker.java:lambda$new$0(129)) - 38f6e796-8c18-4c71-95ad-19caff00ba17@group-41B73AB5C21E-SegmentedRaftLogWorker: flushIndex: setUnconditionally 0 -> -1
2020-10-13 01:29:05,114 [pool-243-thread-1] INFO  segmented.SegmentedRaftLogWorker (SegmentedRaftLogWorker.java:lambda$new$0(129)) - 38f6e796-8c18-4c71-95ad-19caff00ba17@group-41B73AB5C21E-SegmentedRaftLogWorker: safeCacheEvictIndex: setUnconditionally 0 -> -1
2020-10-13 01:29:05,118 [pool-243-thread-1] INFO  server.RaftServerConfigKeys (ConfUtils.java:logGet(44)) - raft.server.snapshot.auto.trigger.enabled = true (custom)
2020-10-13 01:29:05,118 [pool-243-thread-1] INFO  server.RaftServerConfigKeys (ConfUtils.java:logGet(44)) - raft.server.snapshot.auto.trigger.threshold = 10000 (custom)
2020-10-13 01:29:05,118 [pool-243-thread-1] INFO  server.RaftServerConfigKeys (ConfUtils.java:logGet(44)) - raft.server.snapshot.retention.file.num = 5 (custom)
2020-10-13 01:29:05,118 [pool-243-thread-1] INFO  server.RaftServerConfigKeys (ConfUtils.java:logGet(44)) - raft.server.log.purge.upto.snapshot.index = false (default)
2020-10-13 01:29:05,118 [pool-243-thread-1] INFO  server.RaftServerConfigKeys (ConfUtils.java:logGet(44)) - raft.server.retrycache.expirytime = 600000ms (custom)
2020-10-13 01:29:05,118 [pool-243-thread-1] INFO  metrics.RatisMetrics (RatisMetrics.java:lambda$create$0(36)) - Creating Metrics Registry : ratis.leader_election.38f6e796-8c18-4c71-95ad-19caff00ba17@group-41B73AB5C21E
2020-10-13 01:29:05,119 [pool-243-thread-1] INFO  metrics.RatisMetrics (RatisMetrics.java:lambda$create$0(36)) - Creating Metrics Registry : ratis.server.38f6e796-8c18-4c71-95ad-19caff00ba17@group-41B73AB5C21E
2020-10-13 01:29:05,120 [pool-243-thread-1] INFO  impl.RaftServerImpl (RaftServerImpl.java:start(209)) - 38f6e796-8c18-4c71-95ad-19caff00ba17@group-41B73AB5C21E: start as a follower, conf=-1: [557e4ca5-6b8d-4b4c-bd98-c7916be59d80:172.17.0.2:34559:0, 38f6e796-8c18-4c71-95ad-19caff00ba17:172.17.0.2:38399:0, 8da8ca2d-f214-46c6-bb1d-19300cf99b91:172.17.0.2:37947:0], old=null
2020-10-13 01:29:05,120 [pool-243-thread-1] INFO  impl.RaftServerImpl (RaftServerImpl.java:setRole(198)) - 38f6e796-8c18-4c71-95ad-19caff00ba17@group-41B73AB5C21E: changes role from      null to FOLLOWER at term 0 for startAsFollower
2020-10-13 01:29:05,120 [pool-243-thread-1] INFO  impl.RoleInfo (RoleInfo.java:updateAndGet(143)) - 38f6e796-8c18-4c71-95ad-19caff00ba17: start FollowerState
2020-10-13 01:29:05,120 [pool-243-thread-1] INFO  util.JmxRegister (JmxRegister.java:tryRegister(44)) - Successfully registered JMX Bean with object name Ratis:service=RaftServer,group=group-41B73AB5C21E,id=38f6e796-8c18-4c71-95ad-19caff00ba17
2020-10-13 01:29:05,121 [pool-243-thread-1] INFO  metrics.RatisMetrics (RatisMetrics.java:lambda$create$0(36)) - Creating Metrics Registry : ratis.state_machine.38f6e796-8c18-4c71-95ad-19caff00ba17@group-41B73AB5C21E
2020-10-13 01:29:05,128 [Command processor thread] INFO  commandhandler.CreatePipelineCommandHandler (CreatePipelineCommandHandler.java:handle(110)) - Created Pipeline RATIS THREE #id: "a9303f12-9bb1-4dba-9bf4-41b73ab5c21e"
uuid128 {
  mostSigBits: -6255430533263569478
  leastSigBits: -7209064848293510626
}
.
2020-10-13 01:29:05,165 [Command processor thread] INFO  impl.RaftServerProxy (RaftServerProxy.java:addNew(92)) - 557e4ca5-6b8d-4b4c-bd98-c7916be59d80: addNew group-FCBDF8B71D47:[557e4ca5-6b8d-4b4c-bd98-c7916be59d80:172.17.0.2:34559:0] returns group-FCBDF8B71D47:java.util.concurrent.CompletableFuture@306db83c[Not completed]
2020-10-13 01:29:05,166 [pool-228-thread-1] INFO  impl.RaftServerImpl (RaftServerImpl.java:<init>(120)) - 557e4ca5-6b8d-4b4c-bd98-c7916be59d80: new RaftServerImpl for group-FCBDF8B71D47:[557e4ca5-6b8d-4b4c-bd98-c7916be59d80:172.17.0.2:34559:0] with ContainerStateMachine:uninitialized
2020-10-13 01:29:05,166 [pool-228-thread-1] INFO  server.RaftServerConfigKeys (ConfUtils.java:logGet(44)) - raft.server.rpc.timeout.min = 5s (custom)
2020-10-13 01:29:05,166 [pool-228-thread-1] INFO  server.RaftServerConfigKeys (ConfUtils.java:logGet(44)) - raft.server.rpc.timeout.max = 5200ms (custom)
2020-10-13 01:29:05,166 [pool-228-thread-1] INFO  server.RaftServerConfigKeys (ConfUtils.java:logGet(44)) - raft.server.rpcslowness.timeout = 300s (custom)
2020-10-13 01:29:05,166 [pool-228-thread-1] INFO  server.RaftServerConfigKeys (ConfUtils.java:logGet(44)) - raft.server.sleep.deviation.threshold = 300 (default)
2020-10-13 01:29:05,167 [pool-228-thread-1] INFO  server.RaftServerConfigKeys (ConfUtils.java:logGet(44)) - raft.server.log.appender.install.snapshot.enabled = false (custom)
2020-10-13 01:29:05,167 [pool-228-thread-1] INFO  impl.RaftServerImpl (ServerState.java:<init>(104)) - 557e4ca5-6b8d-4b4c-bd98-c7916be59d80@group-FCBDF8B71D47: ConfigurationManager, init=-1: [557e4ca5-6b8d-4b4c-bd98-c7916be59d80:172.17.0.2:34559:0], old=null, confs=<EMPTY_MAP>
2020-10-13 01:29:05,167 [pool-228-thread-1] INFO  server.RaftServerConfigKeys (ConfUtils.java:logGet(44)) - raft.server.storage.dir = [/github/workspace/mnt/ozone/hadoop-ozone/integration-test/target/test-dir/MiniOzoneClusterImpl-4b926bf3-aee9-4ef9-a274-c573270b78ea/datanode-4/data/ratis] (custom)
2020-10-13 01:29:05,167 [pool-228-thread-1] INFO  server.RaftServerConfigKeys (ConfUtils.java:logGet(44)) - raft.server.log.corruption.policy = EXCEPTION (default)
2020-10-13 01:29:05,167 [pool-228-thread-1] INFO  storage.RaftStorageDirectory (RaftStorageDirectory.java:analyzeStorage(261)) - The storage directory /github/workspace/mnt/ozone/hadoop-ozone/integration-test/target/test-dir/MiniOzoneClusterImpl-4b926bf3-aee9-4ef9-a274-c573270b78ea/datanode-4/data/ratis/7d044e20-3de5-4034-a102-fcbdf8b71d47 does not exist. Creating ...
2020-10-13 01:29:05,168 [pool-228-thread-1] INFO  storage.RaftStorageDirectory (RaftStorageDirectory.java:tryLock(343)) - Lock on /github/workspace/mnt/ozone/hadoop-ozone/integration-test/target/test-dir/MiniOzoneClusterImpl-4b926bf3-aee9-4ef9-a274-c573270b78ea/datanode-4/data/ratis/7d044e20-3de5-4034-a102-fcbdf8b71d47/in_use.lock acquired by nodename 3115@4c549b8e0644
2020-10-13 01:29:05,169 [pool-228-thread-1] INFO  storage.RaftStorage (RaftStorage.java:format(84)) - Storage directory /github/workspace/mnt/ozone/hadoop-ozone/integration-test/target/test-dir/MiniOzoneClusterImpl-4b926bf3-aee9-4ef9-a274-c573270b78ea/datanode-4/data/ratis/7d044e20-3de5-4034-a102-fcbdf8b71d47 has been successfully formatted.
2020-10-13 01:29:05,169 [pool-228-thread-1] INFO  ratis.ContainerStateMachine (ContainerStateMachine.java:loadSnapshot(225)) - group-FCBDF8B71D47: The snapshot info is null. Setting the last applied indexto:(t:0, i:~)
2020-10-13 01:29:05,179 [pool-228-thread-1] INFO  server.RaftServerConfigKeys (ConfUtils.java:logGet(44)) - raft.server.notification.no-leader.timeout = 300s (custom)
2020-10-13 01:29:05,179 [pool-228-thread-1] INFO  server.RaftServerConfigKeys (ConfUtils.java:logGet(44)) - raft.server.log.use.memory = false (default)
2020-10-13 01:29:05,179 [pool-228-thread-1] INFO  server.RaftServerConfigKeys (ConfUtils.java:logGet(44)) - raft.server.log.purge.gap = 1000000 (custom)
2020-10-13 01:29:05,179 [pool-228-thread-1] INFO  metrics.RatisMetrics (RatisMetrics.java:lambda$create$0(36)) - Creating Metrics Registry : ratis.log_worker.557e4ca5-6b8d-4b4c-bd98-c7916be59d80@group-FCBDF8B71D47
2020-10-13 01:29:05,179 [pool-228-thread-1] INFO  server.RaftServerConfigKeys (ConfUtils.java:logGet(44)) - raft.server.log.appender.buffer.byte-limit = 33554432 (custom)
2020-10-13 01:29:05,179 [pool-228-thread-1] INFO  server.RaftServerConfigKeys (ConfUtils.java:logGet(44)) - raft.server.log.segment.size.max = 1048576 (custom)
2020-10-13 01:29:05,180 [pool-228-thread-1] INFO  server.RaftServerConfigKeys (ConfUtils.java:logGet(44)) - raft.server.log.segment.cache.num.max = 2 (custom)
2020-10-13 01:29:05,180 [pool-228-thread-1] INFO  segmented.SegmentedRaftLogWorker (SegmentedRaftLogWorker.java:<init>(180)) - new 557e4ca5-6b8d-4b4c-bd98-c7916be59d80@group-FCBDF8B71D47-SegmentedRaftLogWorker for RaftStorage:Storage Directory /github/workspace/mnt/ozone/hadoop-ozone/integration-test/target/test-dir/MiniOzoneClusterImpl-4b926bf3-aee9-4ef9-a274-c573270b78ea/datanode-4/data/ratis/7d044e20-3de5-4034-a102-fcbdf8b71d47
2020-10-13 01:29:05,181 [pool-228-thread-1] INFO  server.RaftServerConfigKeys (ConfUtils.java:logGet(44)) - raft.server.log.queue.byte-limit = 2147483647 (custom)
2020-10-13 01:29:05,181 [pool-228-thread-1] INFO  server.RaftServerConfigKeys (ConfUtils.java:logGet(44)) - raft.server.log.queue.element-limit = 1024 (custom)
2020-10-13 01:29:05,181 [pool-228-thread-1] INFO  server.RaftServerConfigKeys (ConfUtils.java:logGet(44)) - raft.server.log.segment.size.max = 1048576 (custom)
2020-10-13 01:29:05,181 [pool-228-thread-1] INFO  server.RaftServerConfigKeys (ConfUtils.java:logGet(44)) - raft.server.log.preallocated.size = 16384 (custom)
2020-10-13 01:29:05,181 [pool-228-thread-1] INFO  server.RaftServerConfigKeys (ConfUtils.java:logGet(44)) - raft.server.log.write.buffer.size = 1048576 (custom)
2020-10-13 01:29:05,181 [pool-228-thread-1] INFO  server.RaftServerConfigKeys (ConfUtils.java:logGet(44)) - raft.server.log.force.sync.num = 128 (default)
2020-10-13 01:29:05,181 [pool-228-thread-1] INFO  server.RaftServerConfigKeys (ConfUtils.java:logGet(44)) - raft.server.log.statemachine.data.sync = true (default)
2020-10-13 01:29:05,181 [pool-228-thread-1] INFO  server.RaftServerConfigKeys (ConfUtils.java:logGet(44)) - raft.server.log.statemachine.data.sync.timeout = 10s (default)
2020-10-13 01:29:05,181 [pool-228-thread-1] INFO  server.RaftServerConfigKeys (ConfUtils.java:logGet(44)) - raft.server.log.statemachine.data.sync.timeout.retry = -1 (default)
2020-10-13 01:29:05,183 [pool-228-thread-1] INFO  server.RaftServerConfigKeys (ConfUtils.java:logGet(44)) - raft.server.log.statemachine.data.caching.enabled = true (custom)
2020-10-13 01:29:05,183 [pool-228-thread-1] INFO  segmented.SegmentedRaftLogWorker (SegmentedRaftLogWorker.java:lambda$new$0(129)) - 557e4ca5-6b8d-4b4c-bd98-c7916be59d80@group-FCBDF8B71D47-SegmentedRaftLogWorker: flushIndex: setUnconditionally 0 -> -1
2020-10-13 01:29:05,183 [pool-228-thread-1] INFO  segmented.SegmentedRaftLogWorker (SegmentedRaftLogWorker.java:lambda$new$0(129)) - 557e4ca5-6b8d-4b4c-bd98-c7916be59d80@group-FCBDF8B71D47-SegmentedRaftLogWorker: safeCacheEvictIndex: setUnconditionally 0 -> -1
2020-10-13 01:29:05,184 [EventQueue-PipelineReportForPipelineReportHandler] INFO  pipeline.PipelineStateManager (PipelineStateManager.java:openPipeline(131)) - Pipeline Pipeline[ Id: 7d044e20-3de5-4034-a102-fcbdf8b71d47, Nodes: 557e4ca5-6b8d-4b4c-bd98-c7916be59d80{ip: 172.17.0.2, host: 4c549b8e0644, networkLocation: /default-rack, certSerialId: null}, Type:RATIS, Factor:ONE, State:ALLOCATED, leaderId:557e4ca5-6b8d-4b4c-bd98-c7916be59d80, CreationTimestamp2020-10-13T01:29:02.166Z] moved to OPEN state
2020-10-13 01:29:05,184 [EventQueue-OpenPipelineForHealthyPipelineSafeModeRule] INFO  safemode.SCMSafeModeManager (HealthyPipelineSafeModeRule.java:process(129)) - SCM in safe mode. Healthy pipelines reported count is 0, required healthy pipeline reported count is 1
2020-10-13 01:29:05,184 [EventQueue-OpenPipelineForOneReplicaPipelineSafeModeRule] INFO  safemode.SCMSafeModeManager (SCMSafeModeManager.java:validateSafeModeExitRules(214)) - AtleastOneDatanodeReportedRule rule is successfully validated
2020-10-13 01:29:05,184 [pool-228-thread-1] INFO  server.RaftServerConfigKeys (ConfUtils.java:logGet(44)) - raft.server.snapshot.auto.trigger.enabled = true (custom)
2020-10-13 01:29:05,184 [pool-228-thread-1] INFO  server.RaftServerConfigKeys (ConfUtils.java:logGet(44)) - raft.server.snapshot.auto.trigger.threshold = 10000 (custom)
2020-10-13 01:29:05,184 [pool-228-thread-1] INFO  server.RaftServerConfigKeys (ConfUtils.java:logGet(44)) - raft.server.snapshot.retention.file.num = 5 (custom)
2020-10-13 01:29:05,184 [pool-228-thread-1] INFO  server.RaftServerConfigKeys (ConfUtils.java:logGet(44)) - raft.server.log.purge.upto.snapshot.index = false (default)
2020-10-13 01:29:05,185 [pool-228-thread-1] INFO  server.RaftServerConfigKeys (ConfUtils.java:logGet(44)) - raft.server.retrycache.expirytime = 600000ms (custom)
2020-10-13 01:29:05,185 [pool-228-thread-1] INFO  metrics.RatisMetrics (RatisMetrics.java:lambda$create$0(36)) - Creating Metrics Registry : ratis.leader_election.557e4ca5-6b8d-4b4c-bd98-c7916be59d80@group-FCBDF8B71D47
2020-10-13 01:29:05,185 [pool-228-thread-1] INFO  metrics.RatisMetrics (RatisMetrics.java:lambda$create$0(36)) - Creating Metrics Registry : ratis.server.557e4ca5-6b8d-4b4c-bd98-c7916be59d80@group-FCBDF8B71D47
2020-10-13 01:29:05,186 [pool-228-thread-1] INFO  impl.RaftServerImpl (RaftServerImpl.java:start(209)) - 557e4ca5-6b8d-4b4c-bd98-c7916be59d80@group-FCBDF8B71D47: start as a follower, conf=-1: [557e4ca5-6b8d-4b4c-bd98-c7916be59d80:172.17.0.2:34559:0], old=null
2020-10-13 01:29:05,186 [pool-228-thread-1] INFO  impl.RaftServerImpl (RaftServerImpl.java:setRole(198)) - 557e4ca5-6b8d-4b4c-bd98-c7916be59d80@group-FCBDF8B71D47: changes role from      null to FOLLOWER at term 0 for startAsFollower
2020-10-13 01:29:05,186 [pool-228-thread-1] INFO  impl.RoleInfo (RoleInfo.java:updateAndGet(143)) - 557e4ca5-6b8d-4b4c-bd98-c7916be59d80: start FollowerState
2020-10-13 01:29:05,190 [pool-228-thread-1] INFO  util.JmxRegister (JmxRegister.java:tryRegister(44)) - Successfully registered JMX Bean with object name Ratis:service=RaftServer,group=group-FCBDF8B71D47,id=557e4ca5-6b8d-4b4c-bd98-c7916be59d80
2020-10-13 01:29:05,190 [pool-228-thread-1] INFO  metrics.RatisMetrics (RatisMetrics.java:lambda$create$0(36)) - Creating Metrics Registry : ratis.state_machine.557e4ca5-6b8d-4b4c-bd98-c7916be59d80@group-FCBDF8B71D47
2020-10-13 01:29:05,195 [Command processor thread] INFO  commandhandler.CreatePipelineCommandHandler (CreatePipelineCommandHandler.java:handle(110)) - Created Pipeline RATIS ONE #id: "7d044e20-3de5-4034-a102-fcbdf8b71d47"
uuid128 {
  mostSigBits: 9008411055032188980
  leastSigBits: -6844630590797963961
}
.
2020-10-13 01:29:05,331 [Command processor thread] INFO  impl.RaftServerProxy (RaftServerProxy.java:addNew(92)) - 38f6e796-8c18-4c71-95ad-19caff00ba17: addNew group-5EA73EF34191:[38f6e796-8c18-4c71-95ad-19caff00ba17:172.17.0.2:38399:0] returns group-5EA73EF34191:java.util.concurrent.CompletableFuture@7483b76e[Not completed]
2020-10-13 01:29:05,332 [pool-243-thread-1] INFO  impl.RaftServerImpl (RaftServerImpl.java:<init>(120)) - 38f6e796-8c18-4c71-95ad-19caff00ba17: new RaftServerImpl for group-5EA73EF34191:[38f6e796-8c18-4c71-95ad-19caff00ba17:172.17.0.2:38399:0] with ContainerStateMachine:uninitialized
2020-10-13 01:29:05,332 [pool-243-thread-1] INFO  server.RaftServerConfigKeys (ConfUtils.java:logGet(44)) - raft.server.rpc.timeout.min = 5s (custom)
2020-10-13 01:29:05,332 [pool-243-thread-1] INFO  server.RaftServerConfigKeys (ConfUtils.java:logGet(44)) - raft.server.rpc.timeout.max = 5200ms (custom)
2020-10-13 01:29:05,332 [pool-243-thread-1] INFO  server.RaftServerConfigKeys (ConfUtils.java:logGet(44)) - raft.server.rpcslowness.timeout = 300s (custom)
2020-10-13 01:29:05,332 [pool-243-thread-1] INFO  server.RaftServerConfigKeys (ConfUtils.java:logGet(44)) - raft.server.sleep.deviation.threshold = 300 (default)
2020-10-13 01:29:05,332 [pool-243-thread-1] INFO  server.RaftServerConfigKeys (ConfUtils.java:logGet(44)) - raft.server.log.appender.install.snapshot.enabled = false (custom)
2020-10-13 01:29:05,332 [pool-243-thread-1] INFO  impl.RaftServerImpl (ServerState.java:<init>(104)) - 38f6e796-8c18-4c71-95ad-19caff00ba17@group-5EA73EF34191: ConfigurationManager, init=-1: [38f6e796-8c18-4c71-95ad-19caff00ba17:172.17.0.2:38399:0], old=null, confs=<EMPTY_MAP>
2020-10-13 01:29:05,332 [pool-243-thread-1] INFO  server.RaftServerConfigKeys (ConfUtils.java:logGet(44)) - raft.server.storage.dir = [/github/workspace/mnt/ozone/hadoop-ozone/integration-test/target/test-dir/MiniOzoneClusterImpl-4b926bf3-aee9-4ef9-a274-c573270b78ea/datanode-5/data/ratis] (custom)
2020-10-13 01:29:05,332 [pool-243-thread-1] INFO  server.RaftServerConfigKeys (ConfUtils.java:logGet(44)) - raft.server.log.corruption.policy = EXCEPTION (default)
2020-10-13 01:29:05,333 [pool-243-thread-1] INFO  storage.RaftStorageDirectory (RaftStorageDirectory.java:analyzeStorage(261)) - The storage directory /github/workspace/mnt/ozone/hadoop-ozone/integration-test/target/test-dir/MiniOzoneClusterImpl-4b926bf3-aee9-4ef9-a274-c573270b78ea/datanode-5/data/ratis/f8f99d1a-8ba3-4467-8598-5ea73ef34191 does not exist. Creating ...
2020-10-13 01:29:05,334 [pool-243-thread-1] INFO  storage.RaftStorageDirectory (RaftStorageDirectory.java:tryLock(343)) - Lock on /github/workspace/mnt/ozone/hadoop-ozone/integration-test/target/test-dir/MiniOzoneClusterImpl-4b926bf3-aee9-4ef9-a274-c573270b78ea/datanode-5/data/ratis/f8f99d1a-8ba3-4467-8598-5ea73ef34191/in_use.lock acquired by nodename 3115@4c549b8e0644
2020-10-13 01:29:05,335 [pool-243-thread-1] INFO  storage.RaftStorage (RaftStorage.java:format(84)) - Storage directory /github/workspace/mnt/ozone/hadoop-ozone/integration-test/target/test-dir/MiniOzoneClusterImpl-4b926bf3-aee9-4ef9-a274-c573270b78ea/datanode-5/data/ratis/f8f99d1a-8ba3-4467-8598-5ea73ef34191 has been successfully formatted.
2020-10-13 01:29:05,337 [pool-243-thread-1] INFO  ratis.ContainerStateMachine (ContainerStateMachine.java:loadSnapshot(225)) - group-5EA73EF34191: The snapshot info is null. Setting the last applied indexto:(t:0, i:~)
2020-10-13 01:29:05,337 [pool-243-thread-1] INFO  server.RaftServerConfigKeys (ConfUtils.java:logGet(44)) - raft.server.notification.no-leader.timeout = 300s (custom)
2020-10-13 01:29:05,337 [pool-243-thread-1] INFO  server.RaftServerConfigKeys (ConfUtils.java:logGet(44)) - raft.server.log.use.memory = false (default)
2020-10-13 01:29:05,337 [pool-243-thread-1] INFO  server.RaftServerConfigKeys (ConfUtils.java:logGet(44)) - raft.server.log.purge.gap = 1000000 (custom)
2020-10-13 01:29:05,338 [EventQueue-PipelineReportForPipelineReportHandler] INFO  pipeline.PipelineStateManager (PipelineStateManager.java:openPipeline(131)) - Pipeline Pipeline[ Id: f8f99d1a-8ba3-4467-8598-5ea73ef34191, Nodes: 38f6e796-8c18-4c71-95ad-19caff00ba17{ip: 172.17.0.2, host: 4c549b8e0644, networkLocation: /default-rack, certSerialId: null}, Type:RATIS, Factor:ONE, State:ALLOCATED, leaderId:38f6e796-8c18-4c71-95ad-19caff00ba17, CreationTimestamp2020-10-13T01:29:02.333Z] moved to OPEN state
2020-10-13 01:29:05,338 [pool-243-thread-1] INFO  metrics.RatisMetrics (RatisMetrics.java:lambda$create$0(36)) - Creating Metrics Registry : ratis.log_worker.38f6e796-8c18-4c71-95ad-19caff00ba17@group-5EA73EF34191
2020-10-13 01:29:05,338 [EventQueue-OpenPipelineForOneReplicaPipelineSafeModeRule] INFO  safemode.SCMSafeModeManager (SCMSafeModeManager.java:validateSafeModeExitRules(214)) - AtleastOneDatanodeReportedRule rule is successfully validated
2020-10-13 01:29:05,338 [EventQueue-OpenPipelineForHealthyPipelineSafeModeRule] INFO  safemode.SCMSafeModeManager (HealthyPipelineSafeModeRule.java:process(129)) - SCM in safe mode. Healthy pipelines reported count is 0, required healthy pipeline reported count is 1
2020-10-13 01:29:05,339 [pool-243-thread-1] INFO  server.RaftServerConfigKeys (ConfUtils.java:logGet(44)) - raft.server.log.appender.buffer.byte-limit = 33554432 (custom)
2020-10-13 01:29:05,339 [pool-243-thread-1] INFO  server.RaftServerConfigKeys (ConfUtils.java:logGet(44)) - raft.server.log.segment.size.max = 1048576 (custom)
2020-10-13 01:29:05,339 [pool-243-thread-1] INFO  server.RaftServerConfigKeys (ConfUtils.java:logGet(44)) - raft.server.log.segment.cache.num.max = 2 (custom)
2020-10-13 01:29:05,339 [pool-243-thread-1] INFO  segmented.SegmentedRaftLogWorker (SegmentedRaftLogWorker.java:<init>(180)) - new 38f6e796-8c18-4c71-95ad-19caff00ba17@group-5EA73EF34191-SegmentedRaftLogWorker for RaftStorage:Storage Directory /github/workspace/mnt/ozone/hadoop-ozone/integration-test/target/test-dir/MiniOzoneClusterImpl-4b926bf3-aee9-4ef9-a274-c573270b78ea/datanode-5/data/ratis/f8f99d1a-8ba3-4467-8598-5ea73ef34191
2020-10-13 01:29:05,339 [pool-243-thread-1] INFO  server.RaftServerConfigKeys (ConfUtils.java:logGet(44)) - raft.server.log.queue.byte-limit = 2147483647 (custom)
2020-10-13 01:29:05,339 [pool-243-thread-1] INFO  server.RaftServerConfigKeys (ConfUtils.java:logGet(44)) - raft.server.log.queue.element-limit = 1024 (custom)
2020-10-13 01:29:05,339 [pool-243-thread-1] INFO  server.RaftServerConfigKeys (ConfUtils.java:logGet(44)) - raft.server.log.segment.size.max = 1048576 (custom)
2020-10-13 01:29:05,340 [pool-243-thread-1] INFO  server.RaftServerConfigKeys (ConfUtils.java:logGet(44)) - raft.server.log.preallocated.size = 16384 (custom)
2020-10-13 01:29:05,340 [pool-243-thread-1] INFO  server.RaftServerConfigKeys (ConfUtils.java:logGet(44)) - raft.server.log.write.buffer.size = 1048576 (custom)
2020-10-13 01:29:05,340 [pool-243-thread-1] INFO  server.RaftServerConfigKeys (ConfUtils.java:logGet(44)) - raft.server.log.force.sync.num = 128 (default)
2020-10-13 01:29:05,340 [pool-243-thread-1] INFO  server.RaftServerConfigKeys (ConfUtils.java:logGet(44)) - raft.server.log.statemachine.data.sync = true (default)
2020-10-13 01:29:05,340 [pool-243-thread-1] INFO  server.RaftServerConfigKeys (ConfUtils.java:logGet(44)) - raft.server.log.statemachine.data.sync.timeout = 10s (default)
2020-10-13 01:29:05,340 [pool-243-thread-1] INFO  server.RaftServerConfigKeys (ConfUtils.java:logGet(44)) - raft.server.log.statemachine.data.sync.timeout.retry = -1 (default)
2020-10-13 01:29:05,341 [pool-243-thread-1] INFO  server.RaftServerConfigKeys (ConfUtils.java:logGet(44)) - raft.server.log.statemachine.data.caching.enabled = true (custom)
2020-10-13 01:29:05,342 [pool-243-thread-1] INFO  segmented.SegmentedRaftLogWorker (SegmentedRaftLogWorker.java:lambda$new$0(129)) - 38f6e796-8c18-4c71-95ad-19caff00ba17@group-5EA73EF34191-SegmentedRaftLogWorker: flushIndex: setUnconditionally 0 -> -1
2020-10-13 01:29:05,342 [pool-243-thread-1] INFO  segmented.SegmentedRaftLogWorker (SegmentedRaftLogWorker.java:lambda$new$0(129)) - 38f6e796-8c18-4c71-95ad-19caff00ba17@group-5EA73EF34191-SegmentedRaftLogWorker: safeCacheEvictIndex: setUnconditionally 0 -> -1
2020-10-13 01:29:05,344 [pool-243-thread-1] INFO  server.RaftServerConfigKeys (ConfUtils.java:logGet(44)) - raft.server.snapshot.auto.trigger.enabled = true (custom)
2020-10-13 01:29:05,344 [pool-243-thread-1] INFO  server.RaftServerConfigKeys (ConfUtils.java:logGet(44)) - raft.server.snapshot.auto.trigger.threshold = 10000 (custom)
2020-10-13 01:29:05,344 [pool-243-thread-1] INFO  server.RaftServerConfigKeys (ConfUtils.java:logGet(44)) - raft.server.snapshot.retention.file.num = 5 (custom)
2020-10-13 01:29:05,344 [pool-243-thread-1] INFO  server.RaftServerConfigKeys (ConfUtils.java:logGet(44)) - raft.server.log.purge.upto.snapshot.index = false (default)
2020-10-13 01:29:05,344 [pool-243-thread-1] INFO  server.RaftServerConfigKeys (ConfUtils.java:logGet(44)) - raft.server.retrycache.expirytime = 600000ms (custom)
2020-10-13 01:29:05,344 [pool-243-thread-1] INFO  metrics.RatisMetrics (RatisMetrics.java:lambda$create$0(36)) - Creating Metrics Registry : ratis.leader_election.38f6e796-8c18-4c71-95ad-19caff00ba17@group-5EA73EF34191
2020-10-13 01:29:05,345 [pool-243-thread-1] INFO  metrics.RatisMetrics (RatisMetrics.java:lambda$create$0(36)) - Creating Metrics Registry : ratis.server.38f6e796-8c18-4c71-95ad-19caff00ba17@group-5EA73EF34191
2020-10-13 01:29:05,345 [pool-243-thread-1] INFO  impl.RaftServerImpl (RaftServerImpl.java:start(209)) - 38f6e796-8c18-4c71-95ad-19caff00ba17@group-5EA73EF34191: start as a follower, conf=-1: [38f6e796-8c18-4c71-95ad-19caff00ba17:172.17.0.2:38399:0], old=null
2020-10-13 01:29:05,345 [pool-243-thread-1] INFO  impl.RaftServerImpl (RaftServerImpl.java:setRole(198)) - 38f6e796-8c18-4c71-95ad-19caff00ba17@group-5EA73EF34191: changes role from      null to FOLLOWER at term 0 for startAsFollower
2020-10-13 01:29:05,345 [pool-243-thread-1] INFO  impl.RoleInfo (RoleInfo.java:updateAndGet(143)) - 38f6e796-8c18-4c71-95ad-19caff00ba17: start FollowerState
2020-10-13 01:29:05,346 [pool-243-thread-1] INFO  util.JmxRegister (JmxRegister.java:tryRegister(44)) - Successfully registered JMX Bean with object name Ratis:service=RaftServer,group=group-5EA73EF34191,id=38f6e796-8c18-4c71-95ad-19caff00ba17
2020-10-13 01:29:05,346 [pool-243-thread-1] INFO  metrics.RatisMetrics (RatisMetrics.java:lambda$create$0(36)) - Creating Metrics Registry : ratis.state_machine.38f6e796-8c18-4c71-95ad-19caff00ba17@group-5EA73EF34191
2020-10-13 01:29:05,347 [Command processor thread] INFO  commandhandler.CreatePipelineCommandHandler (CreatePipelineCommandHandler.java:handle(110)) - Created Pipeline RATIS ONE #id: "f8f99d1a-8ba3-4467-8598-5ea73ef34191"
uuid128 {
  mostSigBits: -506200745765026713
  leastSigBits: -8820195797796437615
}
.
2020-10-13 01:29:05,530 [Listener at 127.0.0.1/32995] INFO  ozone.MiniOzoneClusterImpl (MiniOzoneClusterImpl.java:lambda$waitForClusterToBeReady$0(177)) - Nodes are ready. Got 7 of 7 DN Heartbeats.
2020-10-13 01:29:05,530 [Listener at 127.0.0.1/32995] INFO  ozone.MiniOzoneClusterImpl (MiniOzoneClusterImpl.java:lambda$waitForClusterToBeReady$0(180)) - Waiting for cluster to exit safe mode
2020-10-13 01:29:05,536 [Command processor thread] INFO  impl.RaftServerProxy (RaftServerProxy.java:addNew(92)) - 15e97f69-99d4-48de-9335-a5bc72d66d58: addNew group-0F84A8C3469F:[15e97f69-99d4-48de-9335-a5bc72d66d58:172.17.0.2:35409:0] returns group-0F84A8C3469F:java.util.concurrent.CompletableFuture@814178[Not completed]
2020-10-13 01:29:05,537 [pool-258-thread-1] INFO  impl.RaftServerImpl (RaftServerImpl.java:<init>(120)) - 15e97f69-99d4-48de-9335-a5bc72d66d58: new RaftServerImpl for group-0F84A8C3469F:[15e97f69-99d4-48de-9335-a5bc72d66d58:172.17.0.2:35409:0] with ContainerStateMachine:uninitialized
2020-10-13 01:29:05,538 [pool-258-thread-1] INFO  server.RaftServerConfigKeys (ConfUtils.java:logGet(44)) - raft.server.rpc.timeout.min = 5s (custom)
2020-10-13 01:29:05,538 [pool-258-thread-1] INFO  server.RaftServerConfigKeys (ConfUtils.java:logGet(44)) - raft.server.rpc.timeout.max = 5200ms (custom)
2020-10-13 01:29:05,538 [pool-258-thread-1] INFO  server.RaftServerConfigKeys (ConfUtils.java:logGet(44)) - raft.server.rpcslowness.timeout = 300s (custom)
2020-10-13 01:29:05,538 [pool-258-thread-1] INFO  server.RaftServerConfigKeys (ConfUtils.java:logGet(44)) - raft.server.sleep.deviation.threshold = 300 (default)
2020-10-13 01:29:05,538 [pool-258-thread-1] INFO  server.RaftServerConfigKeys (ConfUtils.java:logGet(44)) - raft.server.log.appender.install.snapshot.enabled = false (custom)
2020-10-13 01:29:05,539 [pool-258-thread-1] INFO  impl.RaftServerImpl (ServerState.java:<init>(104)) - 15e97f69-99d4-48de-9335-a5bc72d66d58@group-0F84A8C3469F: ConfigurationManager, init=-1: [15e97f69-99d4-48de-9335-a5bc72d66d58:172.17.0.2:35409:0], old=null, confs=<EMPTY_MAP>
2020-10-13 01:29:05,539 [pool-258-thread-1] INFO  server.RaftServerConfigKeys (ConfUtils.java:logGet(44)) - raft.server.storage.dir = [/github/workspace/mnt/ozone/hadoop-ozone/integration-test/target/test-dir/MiniOzoneClusterImpl-4b926bf3-aee9-4ef9-a274-c573270b78ea/datanode-6/data/ratis] (custom)
2020-10-13 01:29:05,539 [pool-258-thread-1] INFO  server.RaftServerConfigKeys (ConfUtils.java:logGet(44)) - raft.server.log.corruption.policy = EXCEPTION (default)
2020-10-13 01:29:05,539 [pool-258-thread-1] INFO  storage.RaftStorageDirectory (RaftStorageDirectory.java:analyzeStorage(261)) - The storage directory /github/workspace/mnt/ozone/hadoop-ozone/integration-test/target/test-dir/MiniOzoneClusterImpl-4b926bf3-aee9-4ef9-a274-c573270b78ea/datanode-6/data/ratis/0640ae2d-37c0-4317-b51a-0f84a8c3469f does not exist. Creating ...
2020-10-13 01:29:05,541 [pool-258-thread-1] INFO  storage.RaftStorageDirectory (RaftStorageDirectory.java:tryLock(343)) - Lock on /github/workspace/mnt/ozone/hadoop-ozone/integration-test/target/test-dir/MiniOzoneClusterImpl-4b926bf3-aee9-4ef9-a274-c573270b78ea/datanode-6/data/ratis/0640ae2d-37c0-4317-b51a-0f84a8c3469f/in_use.lock acquired by nodename 3115@4c549b8e0644
2020-10-13 01:29:05,542 [pool-258-thread-1] INFO  storage.RaftStorage (RaftStorage.java:format(84)) - Storage directory /github/workspace/mnt/ozone/hadoop-ozone/integration-test/target/test-dir/MiniOzoneClusterImpl-4b926bf3-aee9-4ef9-a274-c573270b78ea/datanode-6/data/ratis/0640ae2d-37c0-4317-b51a-0f84a8c3469f has been successfully formatted.
2020-10-13 01:29:05,542 [pool-258-thread-1] INFO  ratis.ContainerStateMachine (ContainerStateMachine.java:loadSnapshot(225)) - group-0F84A8C3469F: The snapshot info is null. Setting the last applied indexto:(t:0, i:~)
2020-10-13 01:29:05,542 [pool-258-thread-1] INFO  server.RaftServerConfigKeys (ConfUtils.java:logGet(44)) - raft.server.notification.no-leader.timeout = 300s (custom)
2020-10-13 01:29:05,542 [pool-258-thread-1] INFO  server.RaftServerConfigKeys (ConfUtils.java:logGet(44)) - raft.server.log.use.memory = false (default)
2020-10-13 01:29:05,542 [pool-258-thread-1] INFO  server.RaftServerConfigKeys (ConfUtils.java:logGet(44)) - raft.server.log.purge.gap = 1000000 (custom)
2020-10-13 01:29:05,542 [pool-258-thread-1] INFO  metrics.RatisMetrics (RatisMetrics.java:lambda$create$0(36)) - Creating Metrics Registry : ratis.log_worker.15e97f69-99d4-48de-9335-a5bc72d66d58@group-0F84A8C3469F
2020-10-13 01:29:05,543 [pool-258-thread-1] INFO  server.RaftServerConfigKeys (ConfUtils.java:logGet(44)) - raft.server.log.appender.buffer.byte-limit = 33554432 (custom)
2020-10-13 01:29:05,543 [pool-258-thread-1] INFO  server.RaftServerConfigKeys (ConfUtils.java:logGet(44)) - raft.server.log.segment.size.max = 1048576 (custom)
2020-10-13 01:29:05,544 [pool-258-thread-1] INFO  server.RaftServerConfigKeys (ConfUtils.java:logGet(44)) - raft.server.log.segment.cache.num.max = 2 (custom)
2020-10-13 01:29:05,544 [pool-258-thread-1] INFO  segmented.SegmentedRaftLogWorker (SegmentedRaftLogWorker.java:<init>(180)) - new 15e97f69-99d4-48de-9335-a5bc72d66d58@group-0F84A8C3469F-SegmentedRaftLogWorker for RaftStorage:Storage Directory /github/workspace/mnt/ozone/hadoop-ozone/integration-test/target/test-dir/MiniOzoneClusterImpl-4b926bf3-aee9-4ef9-a274-c573270b78ea/datanode-6/data/ratis/0640ae2d-37c0-4317-b51a-0f84a8c3469f
2020-10-13 01:29:05,544 [pool-258-thread-1] INFO  server.RaftServerConfigKeys (ConfUtils.java:logGet(44)) - raft.server.log.queue.byte-limit = 2147483647 (custom)
2020-10-13 01:29:05,544 [pool-258-thread-1] INFO  server.RaftServerConfigKeys (ConfUtils.java:logGet(44)) - raft.server.log.queue.element-limit = 1024 (custom)
2020-10-13 01:29:05,544 [pool-258-thread-1] INFO  server.RaftServerConfigKeys (ConfUtils.java:logGet(44)) - raft.server.log.segment.size.max = 1048576 (custom)
2020-10-13 01:29:05,544 [pool-258-thread-1] INFO  server.RaftServerConfigKeys (ConfUtils.java:logGet(44)) - raft.server.log.preallocated.size = 16384 (custom)
2020-10-13 01:29:05,544 [pool-258-thread-1] INFO  server.RaftServerConfigKeys (ConfUtils.java:logGet(44)) - raft.server.log.write.buffer.size = 1048576 (custom)
2020-10-13 01:29:05,544 [pool-258-thread-1] INFO  server.RaftServerConfigKeys (ConfUtils.java:logGet(44)) - raft.server.log.force.sync.num = 128 (default)
2020-10-13 01:29:05,544 [pool-258-thread-1] INFO  server.RaftServerConfigKeys (ConfUtils.java:logGet(44)) - raft.server.log.statemachine.data.sync = true (default)
2020-10-13 01:29:05,544 [pool-258-thread-1] INFO  server.RaftServerConfigKeys (ConfUtils.java:logGet(44)) - raft.server.log.statemachine.data.sync.timeout = 10s (default)
2020-10-13 01:29:05,544 [pool-258-thread-1] INFO  server.RaftServerConfigKeys (ConfUtils.java:logGet(44)) - raft.server.log.statemachine.data.sync.timeout.retry = -1 (default)
2020-10-13 01:29:05,546 [pool-258-thread-1] INFO  server.RaftServerConfigKeys (ConfUtils.java:logGet(44)) - raft.server.log.statemachine.data.caching.enabled = true (custom)
2020-10-13 01:29:05,546 [pool-258-thread-1] INFO  segmented.SegmentedRaftLogWorker (SegmentedRaftLogWorker.java:lambda$new$0(129)) - 15e97f69-99d4-48de-9335-a5bc72d66d58@group-0F84A8C3469F-SegmentedRaftLogWorker: flushIndex: setUnconditionally 0 -> -1
2020-10-13 01:29:05,546 [pool-258-thread-1] INFO  segmented.SegmentedRaftLogWorker (SegmentedRaftLogWorker.java:lambda$new$0(129)) - 15e97f69-99d4-48de-9335-a5bc72d66d58@group-0F84A8C3469F-SegmentedRaftLogWorker: safeCacheEvictIndex: setUnconditionally 0 -> -1
2020-10-13 01:29:05,546 [EventQueue-PipelineReportForPipelineReportHandler] INFO  pipeline.PipelineStateManager (PipelineStateManager.java:openPipeline(131)) - Pipeline Pipeline[ Id: 0640ae2d-37c0-4317-b51a-0f84a8c3469f, Nodes: 15e97f69-99d4-48de-9335-a5bc72d66d58{ip: 172.17.0.2, host: 4c549b8e0644, networkLocation: /default-rack, certSerialId: null}, Type:RATIS, Factor:ONE, State:ALLOCATED, leaderId:15e97f69-99d4-48de-9335-a5bc72d66d58, CreationTimestamp2020-10-13T01:29:02.535Z] moved to OPEN state
2020-10-13 01:29:05,546 [EventQueue-OpenPipelineForHealthyPipelineSafeModeRule] INFO  safemode.SCMSafeModeManager (HealthyPipelineSafeModeRule.java:process(129)) - SCM in safe mode. Healthy pipelines reported count is 0, required healthy pipeline reported count is 1
2020-10-13 01:29:05,546 [EventQueue-OpenPipelineForOneReplicaPipelineSafeModeRule] INFO  safemode.SCMSafeModeManager (SCMSafeModeManager.java:validateSafeModeExitRules(214)) - AtleastOneDatanodeReportedRule rule is successfully validated
2020-10-13 01:29:05,553 [pool-258-thread-1] INFO  server.RaftServerConfigKeys (ConfUtils.java:logGet(44)) - raft.server.snapshot.auto.trigger.enabled = true (custom)
2020-10-13 01:29:05,553 [pool-258-thread-1] INFO  server.RaftServerConfigKeys (ConfUtils.java:logGet(44)) - raft.server.snapshot.auto.trigger.threshold = 10000 (custom)
2020-10-13 01:29:05,553 [pool-258-thread-1] INFO  server.RaftServerConfigKeys (ConfUtils.java:logGet(44)) - raft.server.snapshot.retention.file.num = 5 (custom)
2020-10-13 01:29:05,553 [pool-258-thread-1] INFO  server.RaftServerConfigKeys (ConfUtils.java:logGet(44)) - raft.server.log.purge.upto.snapshot.index = false (default)
2020-10-13 01:29:05,553 [pool-258-thread-1] INFO  server.RaftServerConfigKeys (ConfUtils.java:logGet(44)) - raft.server.retrycache.expirytime = 600000ms (custom)
2020-10-13 01:29:05,553 [pool-258-thread-1] INFO  metrics.RatisMetrics (RatisMetrics.java:lambda$create$0(36)) - Creating Metrics Registry : ratis.leader_election.15e97f69-99d4-48de-9335-a5bc72d66d58@group-0F84A8C3469F
2020-10-13 01:29:05,554 [pool-258-thread-1] INFO  metrics.RatisMetrics (RatisMetrics.java:lambda$create$0(36)) - Creating Metrics Registry : ratis.server.15e97f69-99d4-48de-9335-a5bc72d66d58@group-0F84A8C3469F
2020-10-13 01:29:05,554 [pool-258-thread-1] INFO  impl.RaftServerImpl (RaftServerImpl.java:start(209)) - 15e97f69-99d4-48de-9335-a5bc72d66d58@group-0F84A8C3469F: start as a follower, conf=-1: [15e97f69-99d4-48de-9335-a5bc72d66d58:172.17.0.2:35409:0], old=null
2020-10-13 01:29:05,555 [pool-258-thread-1] INFO  impl.RaftServerImpl (RaftServerImpl.java:setRole(198)) - 15e97f69-99d4-48de-9335-a5bc72d66d58@group-0F84A8C3469F: changes role from      null to FOLLOWER at term 0 for startAsFollower
2020-10-13 01:29:05,555 [pool-258-thread-1] INFO  impl.RoleInfo (RoleInfo.java:updateAndGet(143)) - 15e97f69-99d4-48de-9335-a5bc72d66d58: start FollowerState
2020-10-13 01:29:05,556 [pool-258-thread-1] INFO  util.JmxRegister (JmxRegister.java:tryRegister(44)) - Successfully registered JMX Bean with object name Ratis:service=RaftServer,group=group-0F84A8C3469F,id=15e97f69-99d4-48de-9335-a5bc72d66d58
2020-10-13 01:29:05,556 [pool-258-thread-1] INFO  metrics.RatisMetrics (RatisMetrics.java:lambda$create$0(36)) - Creating Metrics Registry : ratis.state_machine.15e97f69-99d4-48de-9335-a5bc72d66d58@group-0F84A8C3469F
2020-10-13 01:29:05,557 [Command processor thread] INFO  commandhandler.CreatePipelineCommandHandler (CreatePipelineCommandHandler.java:handle(110)) - Created Pipeline RATIS ONE #id: "0640ae2d-37c0-4317-b51a-0f84a8c3469f"
uuid128 {
  mostSigBits: 450551471969157911
  leastSigBits: -5396984141008648545
}
.
2020-10-13 01:29:06,530 [Listener at 127.0.0.1/32995] INFO  ozone.MiniOzoneClusterImpl (MiniOzoneClusterImpl.java:lambda$waitForClusterToBeReady$0(177)) - Nodes are ready. Got 7 of 7 DN Heartbeats.
2020-10-13 01:29:06,530 [Listener at 127.0.0.1/32995] INFO  ozone.MiniOzoneClusterImpl (MiniOzoneClusterImpl.java:lambda$waitForClusterToBeReady$0(180)) - Waiting for cluster to exit safe mode
2020-10-13 01:29:07,530 [Listener at 127.0.0.1/32995] INFO  ozone.MiniOzoneClusterImpl (MiniOzoneClusterImpl.java:lambda$waitForClusterToBeReady$0(177)) - Nodes are ready. Got 7 of 7 DN Heartbeats.
2020-10-13 01:29:07,531 [Listener at 127.0.0.1/32995] INFO  ozone.MiniOzoneClusterImpl (MiniOzoneClusterImpl.java:lambda$waitForClusterToBeReady$0(180)) - Waiting for cluster to exit safe mode
2020-10-13 01:29:08,531 [Listener at 127.0.0.1/32995] INFO  ozone.MiniOzoneClusterImpl (MiniOzoneClusterImpl.java:lambda$waitForClusterToBeReady$0(177)) - Nodes are ready. Got 7 of 7 DN Heartbeats.
2020-10-13 01:29:08,531 [Listener at 127.0.0.1/32995] INFO  ozone.MiniOzoneClusterImpl (MiniOzoneClusterImpl.java:lambda$waitForClusterToBeReady$0(180)) - Waiting for cluster to exit safe mode
2020-10-13 01:29:09,531 [Listener at 127.0.0.1/32995] INFO  ozone.MiniOzoneClusterImpl (MiniOzoneClusterImpl.java:lambda$waitForClusterToBeReady$0(177)) - Nodes are ready. Got 7 of 7 DN Heartbeats.
2020-10-13 01:29:09,531 [Thread-594] INFO  impl.FollowerState (FollowerState.java:run(108)) - a12b145a-ffb8-402d-9bd1-7a149c253a62@group-456545EDC826-FollowerState: change to CANDIDATE, lastRpcTime:5054ms, electionTimeout:5049ms
2020-10-13 01:29:09,531 [Listener at 127.0.0.1/32995] INFO  ozone.MiniOzoneClusterImpl (MiniOzoneClusterImpl.java:lambda$waitForClusterToBeReady$0(180)) - Waiting for cluster to exit safe mode
2020-10-13 01:29:09,532 [Thread-594] INFO  impl.RoleInfo (RoleInfo.java:shutdownFollowerState(121)) - a12b145a-ffb8-402d-9bd1-7a149c253a62: shutdown FollowerState
2020-10-13 01:29:09,532 [Thread-594] INFO  impl.RaftServerImpl (RaftServerImpl.java:setRole(198)) - a12b145a-ffb8-402d-9bd1-7a149c253a62@group-456545EDC826: changes role from  FOLLOWER to CANDIDATE at term 0 for changeToCandidate
2020-10-13 01:29:09,532 [Thread-594] INFO  impl.RoleInfo (RoleInfo.java:updateAndGet(143)) - a12b145a-ffb8-402d-9bd1-7a149c253a62: start LeaderElection
2020-10-13 01:29:09,536 [a12b145a-ffb8-402d-9bd1-7a149c253a62@group-456545EDC826-LeaderElection14] INFO  impl.LeaderElection (LeaderElection.java:askForVotes(210)) - a12b145a-ffb8-402d-9bd1-7a149c253a62@group-456545EDC826-LeaderElection14: begin an election at term 1 for -1: [a12b145a-ffb8-402d-9bd1-7a149c253a62:172.17.0.2:38553:0, dacc0b49-37d4-4467-a9c0-6b3478b804ce:172.17.0.2:36251:0, 8bba907c-2e93-4fda-916b-59f0297d61f4:172.17.0.2:40303:0], old=null
2020-10-13 01:29:09,551 [grpc-default-executor-3] INFO  impl.RaftServerImpl (RaftServerImpl.java:setRole(198)) - 8bba907c-2e93-4fda-916b-59f0297d61f4@group-456545EDC826: changes role from  FOLLOWER to FOLLOWER at term 1 for recognizeCandidate:a12b145a-ffb8-402d-9bd1-7a149c253a62
2020-10-13 01:29:09,551 [grpc-default-executor-3] INFO  impl.RoleInfo (RoleInfo.java:shutdownFollowerState(121)) - 8bba907c-2e93-4fda-916b-59f0297d61f4: shutdown FollowerState
2020-10-13 01:29:09,551 [grpc-default-executor-3] INFO  impl.RoleInfo (RoleInfo.java:updateAndGet(143)) - 8bba907c-2e93-4fda-916b-59f0297d61f4: start FollowerState
2020-10-13 01:29:09,551 [Thread-597] INFO  impl.FollowerState (FollowerState.java:run(117)) - 8bba907c-2e93-4fda-916b-59f0297d61f4@group-456545EDC826-FollowerState was interrupted: java.lang.InterruptedException: sleep interrupted
2020-10-13 01:29:09,551 [grpc-default-executor-3] INFO  impl.RaftServerImpl (RaftServerImpl.java:requestVote(923)) -  FOLLOWER 8bba907c-2e93-4fda-916b-59f0297d61f4@group-456545EDC826:t1, leader=null, voted=null, raftlog=8bba907c-2e93-4fda-916b-59f0297d61f4@group-456545EDC826-SegmentedRaftLog:OPENED:c-1,f-1,i0, conf=-1: [a12b145a-ffb8-402d-9bd1-7a149c253a62:172.17.0.2:38553:0, dacc0b49-37d4-4467-a9c0-6b3478b804ce:172.17.0.2:36251:0, 8bba907c-2e93-4fda-916b-59f0297d61f4:172.17.0.2:40303:0], old=null RUNNING priority:0 candidate:a12b145a-ffb8-402d-9bd1-7a149c253a62:172.17.0.2:38553:0 candidatePriority:0 compare:0
2020-10-13 01:29:09,558 [a12b145a-ffb8-402d-9bd1-7a149c253a62@group-456545EDC826-LeaderElection14] INFO  impl.LeaderElection (LeaderElection.java:logAndReturn(62)) - a12b145a-ffb8-402d-9bd1-7a149c253a62@group-456545EDC826-LeaderElection14: Election PASSED; received 1 response(s) [a12b145a-ffb8-402d-9bd1-7a149c253a62<-8bba907c-2e93-4fda-916b-59f0297d61f4#0:OK-t1] and 0 exception(s); a12b145a-ffb8-402d-9bd1-7a149c253a62@group-456545EDC826:t1, leader=null, voted=a12b145a-ffb8-402d-9bd1-7a149c253a62, raftlog=a12b145a-ffb8-402d-9bd1-7a149c253a62@group-456545EDC826-SegmentedRaftLog:OPENED:c-1,f-1,i0, conf=-1: [a12b145a-ffb8-402d-9bd1-7a149c253a62:172.17.0.2:38553:0, dacc0b49-37d4-4467-a9c0-6b3478b804ce:172.17.0.2:36251:0, 8bba907c-2e93-4fda-916b-59f0297d61f4:172.17.0.2:40303:0], old=null
2020-10-13 01:29:09,558 [a12b145a-ffb8-402d-9bd1-7a149c253a62@group-456545EDC826-LeaderElection14] INFO  impl.RoleInfo (RoleInfo.java:shutdownLeaderElection(134)) - a12b145a-ffb8-402d-9bd1-7a149c253a62: shutdown LeaderElection
2020-10-13 01:29:09,558 [a12b145a-ffb8-402d-9bd1-7a149c253a62@group-456545EDC826-LeaderElection14] INFO  impl.RaftServerImpl (RaftServerImpl.java:setRole(198)) - a12b145a-ffb8-402d-9bd1-7a149c253a62@group-456545EDC826: changes role from CANDIDATE to LEADER at term 1 for changeToLeader
2020-10-13 01:29:09,558 [a12b145a-ffb8-402d-9bd1-7a149c253a62@group-456545EDC826-LeaderElection14] INFO  ratis.XceiverServerRatis (XceiverServerRatis.java:handleLeaderChangedNotification(822)) - Leader change notification received for group: group-456545EDC826 with new leaderId: a12b145a-ffb8-402d-9bd1-7a149c253a62
2020-10-13 01:29:09,558 [a12b145a-ffb8-402d-9bd1-7a149c253a62@group-456545EDC826-LeaderElection14] INFO  impl.RaftServerImpl (ServerState.java:setLeader(256)) - a12b145a-ffb8-402d-9bd1-7a149c253a62@group-456545EDC826: change Leader from null to a12b145a-ffb8-402d-9bd1-7a149c253a62 at term 1 for becomeLeader, leader elected after 5096ms
2020-10-13 01:29:09,567 [EventQueue-PipelineReportForPipelineReportHandler] INFO  pipeline.PipelineStateManager (PipelineStateManager.java:openPipeline(131)) - Pipeline Pipeline[ Id: 5d7ca41b-101c-4b68-9eab-456545edc826, Nodes: dacc0b49-37d4-4467-a9c0-6b3478b804ce{ip: 172.17.0.2, host: 4c549b8e0644, networkLocation: /default-rack, certSerialId: null}a12b145a-ffb8-402d-9bd1-7a149c253a62{ip: 172.17.0.2, host: 4c549b8e0644, networkLocation: /default-rack, certSerialId: null}8bba907c-2e93-4fda-916b-59f0297d61f4{ip: 172.17.0.2, host: 4c549b8e0644, networkLocation: /default-rack, certSerialId: null}, Type:RATIS, Factor:THREE, State:ALLOCATED, leaderId:a12b145a-ffb8-402d-9bd1-7a149c253a62, CreationTimestamp2020-10-13T01:29:01.755Z] moved to OPEN state
2020-10-13 01:29:09,569 [EventQueue-OpenPipelineForHealthyPipelineSafeModeRule] INFO  safemode.SCMSafeModeManager (HealthyPipelineSafeModeRule.java:process(129)) - SCM in safe mode. Healthy pipelines reported count is 1, required healthy pipeline reported count is 1
2020-10-13 01:29:09,569 [EventQueue-OpenPipelineForHealthyPipelineSafeModeRule] INFO  safemode.SCMSafeModeManager (SCMSafeModeManager.java:validateSafeModeExitRules(214)) - HealthyPipelineSafeModeRule rule is successfully validated
2020-10-13 01:29:09,569 [EventQueue-OpenPipelineForHealthyPipelineSafeModeRule] INFO  safemode.SCMSafeModeManager (SCMSafeModeManager.java:validateSafeModeExitRules(228)) - ScmSafeModeManager, all rules are successfully validated
2020-10-13 01:29:09,569 [EventQueue-OpenPipelineForHealthyPipelineSafeModeRule] INFO  safemode.SCMSafeModeManager (SCMSafeModeManager.java:exitSafeMode(257)) - SCM exiting safe mode.
2020-10-13 01:29:09,569 [grpc-default-executor-3] INFO  metrics.RatisMetrics (RatisMetrics.java:lambda$create$0(36)) - Creating Metrics Registry : ratis.server_message_metrics.dacc0b49-37d4-4467-a9c0-6b3478b804ce
2020-10-13 01:29:09,568 [a12b145a-ffb8-402d-9bd1-7a149c253a62@group-456545EDC826-LeaderElection14] INFO  server.RaftServerConfigKeys (ConfUtils.java:logGet(44)) - raft.server.staging.catchup.gap = 1000 (default)
2020-10-13 01:29:09,570 [a12b145a-ffb8-402d-9bd1-7a149c253a62@group-456545EDC826-LeaderElection14] INFO  server.RaftServerConfigKeys (ConfUtils.java:logGet(44)) - raft.server.rpc.sleep.time = 25ms (default)
2020-10-13 01:29:09,571 [a12b145a-ffb8-402d-9bd1-7a149c253a62@group-456545EDC826-LeaderElection14] INFO  metrics.RatisMetrics (RatisMetrics.java:lambda$create$0(36)) - Creating Metrics Registry : ratis.log_appender.a12b145a-ffb8-402d-9bd1-7a149c253a62@group-456545EDC826
2020-10-13 01:29:09,571 [a12b145a-ffb8-402d-9bd1-7a149c253a62@group-456545EDC826-LeaderElection14] INFO  server.RaftServerConfigKeys (ConfUtils.java:logGet(44)) - raft.server.write.element-limit = 1024 (custom)
2020-10-13 01:29:09,571 [a12b145a-ffb8-402d-9bd1-7a149c253a62@group-456545EDC826-LeaderElection14] INFO  server.RaftServerConfigKeys (ConfUtils.java:logGet(44)) - raft.server.write.byte-limit = 1073741824 (custom)
2020-10-13 01:29:09,571 [a12b145a-ffb8-402d-9bd1-7a149c253a62@group-456545EDC826-LeaderElection14] INFO  server.RaftServerConfigKeys (ConfUtils.java:logGet(44)) - raft.server.watch.timeout = 180s (custom)
2020-10-13 01:29:09,571 [a12b145a-ffb8-402d-9bd1-7a149c253a62@group-456545EDC826-LeaderElection14] INFO  server.RaftServerConfigKeys (ConfUtils.java:logGet(44)) - raft.server.watch.timeout.denomination = 1s (default)
2020-10-13 01:29:09,571 [a12b145a-ffb8-402d-9bd1-7a149c253a62@group-456545EDC826-LeaderElection14] INFO  server.RaftServerConfigKeys (ConfUtils.java:logGet(44)) - raft.server.watch.element-limit = 65536 (default)
2020-10-13 01:29:09,571 [a12b145a-ffb8-402d-9bd1-7a149c253a62@group-456545EDC826-LeaderElection14] INFO  server.RaftServerConfigKeys (ConfUtils.java:logGet(44)) - raft.server.log.appender.snapshot.chunk.size.max = 16MB (=16777216) (default)
2020-10-13 01:29:09,571 [a12b145a-ffb8-402d-9bd1-7a149c253a62@group-456545EDC826-LeaderElection14] INFO  server.RaftServerConfigKeys (ConfUtils.java:logGet(44)) - raft.server.log.appender.buffer.byte-limit = 33554432 (custom)
2020-10-13 01:29:09,572 [a12b145a-ffb8-402d-9bd1-7a149c253a62@group-456545EDC826-LeaderElection14] INFO  server.RaftServerConfigKeys (ConfUtils.java:logGet(44)) - raft.server.log.appender.buffer.element-limit = 1 (custom)
2020-10-13 01:29:09,572 [a12b145a-ffb8-402d-9bd1-7a149c253a62@group-456545EDC826-LeaderElection14] INFO  grpc.GrpcConfigKeys (ConfUtils.java:logGet(44)) - raft.grpc.server.leader.outstanding.appends.max = 128 (default)
2020-10-13 01:29:09,572 [a12b145a-ffb8-402d-9bd1-7a149c253a62@group-456545EDC826-LeaderElection14] INFO  server.RaftServerConfigKeys (ConfUtils.java:logGet(44)) - raft.server.rpc.request.timeout = 60s (custom)
2020-10-13 01:29:09,572 [a12b145a-ffb8-402d-9bd1-7a149c253a62@group-456545EDC826-LeaderElection14] INFO  server.RaftServerConfigKeys (ConfUtils.java:logGet(44)) - raft.server.log.appender.install.snapshot.enabled = false (custom)
2020-10-13 01:29:09,572 [a12b145a-ffb8-402d-9bd1-7a149c253a62@group-456545EDC826-LeaderElection14] INFO  metrics.RatisMetrics (RatisMetrics.java:lambda$create$0(36)) - Creating Metrics Registry : ratis_grpc.log_appender.a12b145a-ffb8-402d-9bd1-7a149c253a62@group-456545EDC826
2020-10-13 01:29:09,573 [a12b145a-ffb8-402d-9bd1-7a149c253a62@group-456545EDC826-LeaderElection14] INFO  server.RaftServerConfigKeys (ConfUtils.java:logGet(44)) - raft.server.log.appender.snapshot.chunk.size.max = 16MB (=16777216) (default)
2020-10-13 01:29:09,573 [a12b145a-ffb8-402d-9bd1-7a149c253a62@group-456545EDC826-LeaderElection14] INFO  server.RaftServerConfigKeys (ConfUtils.java:logGet(44)) - raft.server.log.appender.buffer.byte-limit = 33554432 (custom)
2020-10-13 01:29:09,573 [a12b145a-ffb8-402d-9bd1-7a149c253a62@group-456545EDC826-LeaderElection14] INFO  server.RaftServerConfigKeys (ConfUtils.java:logGet(44)) - raft.server.log.appender.buffer.element-limit = 1 (custom)
2020-10-13 01:29:09,573 [a12b145a-ffb8-402d-9bd1-7a149c253a62@group-456545EDC826-LeaderElection14] INFO  grpc.GrpcConfigKeys (ConfUtils.java:logGet(44)) - raft.grpc.server.leader.outstanding.appends.max = 128 (default)
2020-10-13 01:29:09,573 [a12b145a-ffb8-402d-9bd1-7a149c253a62@group-456545EDC826-LeaderElection14] INFO  server.RaftServerConfigKeys (ConfUtils.java:logGet(44)) - raft.server.rpc.request.timeout = 60s (custom)
2020-10-13 01:29:09,573 [a12b145a-ffb8-402d-9bd1-7a149c253a62@group-456545EDC826-LeaderElection14] INFO  server.RaftServerConfigKeys (ConfUtils.java:logGet(44)) - raft.server.log.appender.install.snapshot.enabled = false (custom)
2020-10-13 01:29:09,574 [a12b145a-ffb8-402d-9bd1-7a149c253a62@group-456545EDC826-LeaderElection14] INFO  impl.RoleInfo (RoleInfo.java:updateAndGet(143)) - a12b145a-ffb8-402d-9bd1-7a149c253a62: start LeaderState
2020-10-13 01:29:09,574 [a12b145a-ffb8-402d-9bd1-7a149c253a62@group-456545EDC826-LeaderElection14] INFO  segmented.SegmentedRaftLogWorker (SegmentedRaftLogWorker.java:startLogSegment(397)) - a12b145a-ffb8-402d-9bd1-7a149c253a62@group-456545EDC826-SegmentedRaftLogWorker: Starting segment from index:0
2020-10-13 01:29:09,576 [a12b145a-ffb8-402d-9bd1-7a149c253a62@group-456545EDC826-LeaderElection14] INFO  impl.RaftServerImpl (ServerState.java:setRaftConf(374)) - a12b145a-ffb8-402d-9bd1-7a149c253a62@group-456545EDC826: set configuration 0: [a12b145a-ffb8-402d-9bd1-7a149c253a62:172.17.0.2:38553:0, dacc0b49-37d4-4467-a9c0-6b3478b804ce:172.17.0.2:36251:0, 8bba907c-2e93-4fda-916b-59f0297d61f4:172.17.0.2:40303:0], old=null at 0
2020-10-13 01:29:09,576 [a12b145a-ffb8-402d-9bd1-7a149c253a62@group-456545EDC826-SegmentedRaftLogWorker] INFO  segmented.SegmentedRaftLogWorker (SegmentedRaftLogWorker.java:execute(596)) - a12b145a-ffb8-402d-9bd1-7a149c253a62@group-456545EDC826-SegmentedRaftLogWorker: created new log segment /github/workspace/mnt/ozone/hadoop-ozone/integration-test/target/test-dir/MiniOzoneClusterImpl-4b926bf3-aee9-4ef9-a274-c573270b78ea/datanode-2/data/ratis/5d7ca41b-101c-4b68-9eab-456545edc826/current/log_inprogress_0
2020-10-13 01:29:09,577 [Thread-590] INFO  impl.FollowerState (FollowerState.java:run(108)) - dacc0b49-37d4-4467-a9c0-6b3478b804ce@group-CCBDA1CC1B1C-FollowerState: change to CANDIDATE, lastRpcTime:5153ms, electionTimeout:5152ms
2020-10-13 01:29:09,577 [Thread-590] INFO  impl.RoleInfo (RoleInfo.java:shutdownFollowerState(121)) - dacc0b49-37d4-4467-a9c0-6b3478b804ce: shutdown FollowerState
2020-10-13 01:29:09,577 [Thread-590] INFO  impl.RaftServerImpl (RaftServerImpl.java:setRole(198)) - dacc0b49-37d4-4467-a9c0-6b3478b804ce@group-CCBDA1CC1B1C: changes role from  FOLLOWER to CANDIDATE at term 0 for changeToCandidate
2020-10-13 01:29:09,577 [Thread-590] INFO  impl.RoleInfo (RoleInfo.java:updateAndGet(143)) - dacc0b49-37d4-4467-a9c0-6b3478b804ce: start LeaderElection
2020-10-13 01:29:09,590 [grpc-default-executor-3] INFO  impl.RaftServerImpl (RaftServerImpl.java:setRole(198)) - dacc0b49-37d4-4467-a9c0-6b3478b804ce@group-456545EDC826: changes role from  FOLLOWER to FOLLOWER at term 1 for recognizeCandidate:a12b145a-ffb8-402d-9bd1-7a149c253a62
2020-10-13 01:29:09,591 [grpc-default-executor-3] INFO  impl.RoleInfo (RoleInfo.java:shutdownFollowerState(121)) - dacc0b49-37d4-4467-a9c0-6b3478b804ce: shutdown FollowerState
2020-10-13 01:29:09,591 [grpc-default-executor-3] INFO  impl.RoleInfo (RoleInfo.java:updateAndGet(143)) - dacc0b49-37d4-4467-a9c0-6b3478b804ce: start FollowerState
2020-10-13 01:29:09,591 [grpc-default-executor-0] INFO  ratis.XceiverServerRatis (XceiverServerRatis.java:handleLeaderChangedNotification(822)) - Leader change notification received for group: group-456545EDC826 with new leaderId: a12b145a-ffb8-402d-9bd1-7a149c253a62
2020-10-13 01:29:09,591 [Thread-592] INFO  impl.FollowerState (FollowerState.java:run(117)) - dacc0b49-37d4-4467-a9c0-6b3478b804ce@group-456545EDC826-FollowerState was interrupted: java.lang.InterruptedException: sleep interrupted
2020-10-13 01:29:09,591 [grpc-default-executor-0] INFO  impl.RaftServerImpl (ServerState.java:setLeader(256)) - 8bba907c-2e93-4fda-916b-59f0297d61f4@group-456545EDC826: change Leader from null to a12b145a-ffb8-402d-9bd1-7a149c253a62 at term 1 for appendEntries, leader elected after 5078ms
2020-10-13 01:29:09,591 [grpc-default-executor-3] INFO  impl.RaftServerImpl (RaftServerImpl.java:requestVote(923)) -  FOLLOWER dacc0b49-37d4-4467-a9c0-6b3478b804ce@group-456545EDC826:t1, leader=null, voted=null, raftlog=dacc0b49-37d4-4467-a9c0-6b3478b804ce@group-456545EDC826-SegmentedRaftLog:OPENED:c-1,f-1,i0, conf=-1: [a12b145a-ffb8-402d-9bd1-7a149c253a62:172.17.0.2:38553:0, dacc0b49-37d4-4467-a9c0-6b3478b804ce:172.17.0.2:36251:0, 8bba907c-2e93-4fda-916b-59f0297d61f4:172.17.0.2:40303:0], old=null RUNNING priority:0 candidate:a12b145a-ffb8-402d-9bd1-7a149c253a62:172.17.0.2:38553:0 candidatePriority:0 compare:0
2020-10-13 01:29:09,595 [grpc-default-executor-1] INFO  ratis.XceiverServerRatis (XceiverServerRatis.java:handleLeaderChangedNotification(822)) - Leader change notification received for group: group-456545EDC826 with new leaderId: a12b145a-ffb8-402d-9bd1-7a149c253a62
2020-10-13 01:29:09,595 [grpc-default-executor-1] INFO  impl.RaftServerImpl (ServerState.java:setLeader(256)) - dacc0b49-37d4-4467-a9c0-6b3478b804ce@group-456545EDC826: change Leader from null to a12b145a-ffb8-402d-9bd1-7a149c253a62 at term 1 for appendEntries, leader elected after 5163ms
2020-10-13 01:29:09,604 [dacc0b49-37d4-4467-a9c0-6b3478b804ce@group-CCBDA1CC1B1C-LeaderElection15] INFO  impl.LeaderElection (LeaderElection.java:askForVotes(210)) - dacc0b49-37d4-4467-a9c0-6b3478b804ce@group-CCBDA1CC1B1C-LeaderElection15: begin an election at term 1 for -1: [dacc0b49-37d4-4467-a9c0-6b3478b804ce:172.17.0.2:36251:0], old=null
2020-10-13 01:29:09,605 [grpc-default-executor-1] INFO  impl.RaftServerImpl (ServerState.java:setRaftConf(374)) - dacc0b49-37d4-4467-a9c0-6b3478b804ce@group-456545EDC826: set configuration 0: [a12b145a-ffb8-402d-9bd1-7a149c253a62:172.17.0.2:38553:0, dacc0b49-37d4-4467-a9c0-6b3478b804ce:172.17.0.2:36251:0, 8bba907c-2e93-4fda-916b-59f0297d61f4:172.17.0.2:40303:0], old=null at 0
2020-10-13 01:29:09,607 [grpc-default-executor-1] INFO  segmented.SegmentedRaftLogWorker (SegmentedRaftLogWorker.java:startLogSegment(397)) - dacc0b49-37d4-4467-a9c0-6b3478b804ce@group-456545EDC826-SegmentedRaftLogWorker: Starting segment from index:0
2020-10-13 01:29:09,607 [dacc0b49-37d4-4467-a9c0-6b3478b804ce@group-CCBDA1CC1B1C-LeaderElection15] INFO  impl.RoleInfo (RoleInfo.java:shutdownLeaderElection(134)) - dacc0b49-37d4-4467-a9c0-6b3478b804ce: shutdown LeaderElection
2020-10-13 01:29:09,608 [dacc0b49-37d4-4467-a9c0-6b3478b804ce@group-CCBDA1CC1B1C-LeaderElection15] INFO  impl.RaftServerImpl (RaftServerImpl.java:setRole(198)) - dacc0b49-37d4-4467-a9c0-6b3478b804ce@group-CCBDA1CC1B1C: changes role from CANDIDATE to LEADER at term 1 for changeToLeader
2020-10-13 01:29:09,608 [dacc0b49-37d4-4467-a9c0-6b3478b804ce@group-CCBDA1CC1B1C-LeaderElection15] INFO  ratis.XceiverServerRatis (XceiverServerRatis.java:handleLeaderChangedNotification(822)) - Leader change notification received for group: group-CCBDA1CC1B1C with new leaderId: dacc0b49-37d4-4467-a9c0-6b3478b804ce
2020-10-13 01:29:09,608 [dacc0b49-37d4-4467-a9c0-6b3478b804ce@group-CCBDA1CC1B1C-LeaderElection15] INFO  impl.RaftServerImpl (ServerState.java:setLeader(256)) - dacc0b49-37d4-4467-a9c0-6b3478b804ce@group-CCBDA1CC1B1C: change Leader from null to dacc0b49-37d4-4467-a9c0-6b3478b804ce at term 1 for becomeLeader, leader elected after 5193ms
2020-10-13 01:29:09,610 [dacc0b49-37d4-4467-a9c0-6b3478b804ce@group-CCBDA1CC1B1C-LeaderElection15] INFO  server.RaftServerConfigKeys (ConfUtils.java:logGet(44)) - raft.server.staging.catchup.gap = 1000 (default)
2020-10-13 01:29:09,610 [dacc0b49-37d4-4467-a9c0-6b3478b804ce@group-CCBDA1CC1B1C-LeaderElection15] INFO  server.RaftServerConfigKeys (ConfUtils.java:logGet(44)) - raft.server.rpc.sleep.time = 25ms (default)
2020-10-13 01:29:09,610 [dacc0b49-37d4-4467-a9c0-6b3478b804ce@group-CCBDA1CC1B1C-LeaderElection15] INFO  metrics.RatisMetrics (RatisMetrics.java:lambda$create$0(36)) - Creating Metrics Registry : ratis.log_appender.dacc0b49-37d4-4467-a9c0-6b3478b804ce@group-CCBDA1CC1B1C
2020-10-13 01:29:09,611 [dacc0b49-37d4-4467-a9c0-6b3478b804ce@group-CCBDA1CC1B1C-LeaderElection15] INFO  server.RaftServerConfigKeys (ConfUtils.java:logGet(44)) - raft.server.write.element-limit = 1024 (custom)
2020-10-13 01:29:09,611 [dacc0b49-37d4-4467-a9c0-6b3478b804ce@group-CCBDA1CC1B1C-LeaderElection15] INFO  server.RaftServerConfigKeys (ConfUtils.java:logGet(44)) - raft.server.write.byte-limit = 1073741824 (custom)
2020-10-13 01:29:09,611 [dacc0b49-37d4-4467-a9c0-6b3478b804ce@group-CCBDA1CC1B1C-LeaderElection15] INFO  server.RaftServerConfigKeys (ConfUtils.java:logGet(44)) - raft.server.watch.timeout = 180s (custom)
2020-10-13 01:29:09,611 [dacc0b49-37d4-4467-a9c0-6b3478b804ce@group-CCBDA1CC1B1C-LeaderElection15] INFO  server.RaftServerConfigKeys (ConfUtils.java:logGet(44)) - raft.server.watch.timeout.denomination = 1s (default)
2020-10-13 01:29:09,611 [dacc0b49-37d4-4467-a9c0-6b3478b804ce@group-CCBDA1CC1B1C-LeaderElection15] INFO  server.RaftServerConfigKeys (ConfUtils.java:logGet(44)) - raft.server.watch.element-limit = 65536 (default)
2020-10-13 01:29:09,611 [dacc0b49-37d4-4467-a9c0-6b3478b804ce@group-CCBDA1CC1B1C-LeaderElection15] INFO  impl.RoleInfo (RoleInfo.java:updateAndGet(143)) - dacc0b49-37d4-4467-a9c0-6b3478b804ce: start LeaderState
2020-10-13 01:29:09,612 [dacc0b49-37d4-4467-a9c0-6b3478b804ce@group-CCBDA1CC1B1C-LeaderElection15] INFO  segmented.SegmentedRaftLogWorker (SegmentedRaftLogWorker.java:startLogSegment(397)) - dacc0b49-37d4-4467-a9c0-6b3478b804ce@group-CCBDA1CC1B1C-SegmentedRaftLogWorker: Starting segment from index:0
2020-10-13 01:29:09,613 [dacc0b49-37d4-4467-a9c0-6b3478b804ce@group-CCBDA1CC1B1C-LeaderElection15] INFO  impl.RaftServerImpl (ServerState.java:setRaftConf(374)) - dacc0b49-37d4-4467-a9c0-6b3478b804ce@group-CCBDA1CC1B1C: set configuration 0: [dacc0b49-37d4-4467-a9c0-6b3478b804ce:172.17.0.2:36251:0], old=null at 0
2020-10-13 01:29:09,613 [dacc0b49-37d4-4467-a9c0-6b3478b804ce@group-456545EDC826-SegmentedRaftLogWorker] INFO  segmented.SegmentedRaftLogWorker (SegmentedRaftLogWorker.java:execute(596)) - dacc0b49-37d4-4467-a9c0-6b3478b804ce@group-456545EDC826-SegmentedRaftLogWorker: created new log segment /github/workspace/mnt/ozone/hadoop-ozone/integration-test/target/test-dir/MiniOzoneClusterImpl-4b926bf3-aee9-4ef9-a274-c573270b78ea/datanode-0/data/ratis/5d7ca41b-101c-4b68-9eab-456545edc826/current/log_inprogress_0
2020-10-13 01:29:09,613 [grpc-default-executor-0] INFO  impl.RaftServerImpl (ServerState.java:setRaftConf(374)) - 8bba907c-2e93-4fda-916b-59f0297d61f4@group-456545EDC826: set configuration 0: [a12b145a-ffb8-402d-9bd1-7a149c253a62:172.17.0.2:38553:0, dacc0b49-37d4-4467-a9c0-6b3478b804ce:172.17.0.2:36251:0, 8bba907c-2e93-4fda-916b-59f0297d61f4:172.17.0.2:40303:0], old=null at 0
2020-10-13 01:29:09,613 [dacc0b49-37d4-4467-a9c0-6b3478b804ce@group-CCBDA1CC1B1C-SegmentedRaftLogWorker] INFO  segmented.SegmentedRaftLogWorker (SegmentedRaftLogWorker.java:execute(596)) - dacc0b49-37d4-4467-a9c0-6b3478b804ce@group-CCBDA1CC1B1C-SegmentedRaftLogWorker: created new log segment /github/workspace/mnt/ozone/hadoop-ozone/integration-test/target/test-dir/MiniOzoneClusterImpl-4b926bf3-aee9-4ef9-a274-c573270b78ea/datanode-0/data/ratis/7fea3d92-e93c-4775-afb3-ccbda1cc1b1c/current/log_inprogress_0
2020-10-13 01:29:09,628 [grpc-default-executor-0] INFO  segmented.SegmentedRaftLogWorker (SegmentedRaftLogWorker.java:startLogSegment(397)) - 8bba907c-2e93-4fda-916b-59f0297d61f4@group-456545EDC826-SegmentedRaftLogWorker: Starting segment from index:0
2020-10-13 01:29:09,637 [8bba907c-2e93-4fda-916b-59f0297d61f4@group-456545EDC826-SegmentedRaftLogWorker] INFO  segmented.SegmentedRaftLogWorker (SegmentedRaftLogWorker.java:execute(596)) - 8bba907c-2e93-4fda-916b-59f0297d61f4@group-456545EDC826-SegmentedRaftLogWorker: created new log segment /github/workspace/mnt/ozone/hadoop-ozone/integration-test/target/test-dir/MiniOzoneClusterImpl-4b926bf3-aee9-4ef9-a274-c573270b78ea/datanode-1/data/ratis/5d7ca41b-101c-4b68-9eab-456545edc826/current/log_inprogress_0
2020-10-13 01:29:09,652 [Thread-600] INFO  impl.FollowerState (FollowerState.java:run(108)) - 8bba907c-2e93-4fda-916b-59f0297d61f4@group-CB3A39B265B7-FollowerState: change to CANDIDATE, lastRpcTime:5066ms, electionTimeout:5065ms
2020-10-13 01:29:09,652 [Thread-600] INFO  impl.RoleInfo (RoleInfo.java:shutdownFollowerState(121)) - 8bba907c-2e93-4fda-916b-59f0297d61f4: shutdown FollowerState
2020-10-13 01:29:09,652 [Thread-600] INFO  impl.RaftServerImpl (RaftServerImpl.java:setRole(198)) - 8bba907c-2e93-4fda-916b-59f0297d61f4@group-CB3A39B265B7: changes role from  FOLLOWER to CANDIDATE at term 0 for changeToCandidate
2020-10-13 01:29:09,652 [Thread-600] INFO  impl.RoleInfo (RoleInfo.java:updateAndGet(143)) - 8bba907c-2e93-4fda-916b-59f0297d61f4: start LeaderElection
2020-10-13 01:29:09,660 [8bba907c-2e93-4fda-916b-59f0297d61f4@group-CB3A39B265B7-LeaderElection16] INFO  impl.LeaderElection (LeaderElection.java:askForVotes(210)) - 8bba907c-2e93-4fda-916b-59f0297d61f4@group-CB3A39B265B7-LeaderElection16: begin an election at term 1 for -1: [8bba907c-2e93-4fda-916b-59f0297d61f4:172.17.0.2:40303:0], old=null
2020-10-13 01:29:09,660 [8bba907c-2e93-4fda-916b-59f0297d61f4@group-CB3A39B265B7-LeaderElection16] INFO  impl.RoleInfo (RoleInfo.java:shutdownLeaderElection(134)) - 8bba907c-2e93-4fda-916b-59f0297d61f4: shutdown LeaderElection
2020-10-13 01:29:09,660 [8bba907c-2e93-4fda-916b-59f0297d61f4@group-CB3A39B265B7-LeaderElection16] INFO  impl.RaftServerImpl (RaftServerImpl.java:setRole(198)) - 8bba907c-2e93-4fda-916b-59f0297d61f4@group-CB3A39B265B7: changes role from CANDIDATE to LEADER at term 1 for changeToLeader
2020-10-13 01:29:09,660 [8bba907c-2e93-4fda-916b-59f0297d61f4@group-CB3A39B265B7-LeaderElection16] INFO  ratis.XceiverServerRatis (XceiverServerRatis.java:handleLeaderChangedNotification(822)) - Leader change notification received for group: group-CB3A39B265B7 with new leaderId: 8bba907c-2e93-4fda-916b-59f0297d61f4
2020-10-13 01:29:09,661 [8bba907c-2e93-4fda-916b-59f0297d61f4@group-CB3A39B265B7-LeaderElection16] INFO  impl.RaftServerImpl (ServerState.java:setLeader(256)) - 8bba907c-2e93-4fda-916b-59f0297d61f4@group-CB3A39B265B7: change Leader from null to 8bba907c-2e93-4fda-916b-59f0297d61f4 at term 1 for becomeLeader, leader elected after 5081ms
2020-10-13 01:29:09,662 [8bba907c-2e93-4fda-916b-59f0297d61f4@group-CB3A39B265B7-LeaderElection16] INFO  server.RaftServerConfigKeys (ConfUtils.java:logGet(44)) - raft.server.staging.catchup.gap = 1000 (default)
2020-10-13 01:29:09,662 [8bba907c-2e93-4fda-916b-59f0297d61f4@group-CB3A39B265B7-LeaderElection16] INFO  server.RaftServerConfigKeys (ConfUtils.java:logGet(44)) - raft.server.rpc.sleep.time = 25ms (default)
2020-10-13 01:29:09,662 [8bba907c-2e93-4fda-916b-59f0297d61f4@group-CB3A39B265B7-LeaderElection16] INFO  metrics.RatisMetrics (RatisMetrics.java:lambda$create$0(36)) - Creating Metrics Registry : ratis.log_appender.8bba907c-2e93-4fda-916b-59f0297d61f4@group-CB3A39B265B7
2020-10-13 01:29:09,663 [8bba907c-2e93-4fda-916b-59f0297d61f4@group-CB3A39B265B7-LeaderElection16] INFO  server.RaftServerConfigKeys (ConfUtils.java:logGet(44)) - raft.server.write.element-limit = 1024 (custom)
2020-10-13 01:29:09,663 [8bba907c-2e93-4fda-916b-59f0297d61f4@group-CB3A39B265B7-LeaderElection16] INFO  server.RaftServerConfigKeys (ConfUtils.java:logGet(44)) - raft.server.write.byte-limit = 1073741824 (custom)
2020-10-13 01:29:09,663 [8bba907c-2e93-4fda-916b-59f0297d61f4@group-CB3A39B265B7-LeaderElection16] INFO  server.RaftServerConfigKeys (ConfUtils.java:logGet(44)) - raft.server.watch.timeout = 180s (custom)
2020-10-13 01:29:09,663 [8bba907c-2e93-4fda-916b-59f0297d61f4@group-CB3A39B265B7-LeaderElection16] INFO  server.RaftServerConfigKeys (ConfUtils.java:logGet(44)) - raft.server.watch.timeout.denomination = 1s (default)
2020-10-13 01:29:09,663 [8bba907c-2e93-4fda-916b-59f0297d61f4@group-CB3A39B265B7-LeaderElection16] INFO  server.RaftServerConfigKeys (ConfUtils.java:logGet(44)) - raft.server.watch.element-limit = 65536 (default)
2020-10-13 01:29:09,664 [8bba907c-2e93-4fda-916b-59f0297d61f4@group-CB3A39B265B7-LeaderElection16] INFO  impl.RoleInfo (RoleInfo.java:updateAndGet(143)) - 8bba907c-2e93-4fda-916b-59f0297d61f4: start LeaderState
2020-10-13 01:29:09,664 [8bba907c-2e93-4fda-916b-59f0297d61f4@group-CB3A39B265B7-LeaderElection16] INFO  segmented.SegmentedRaftLogWorker (SegmentedRaftLogWorker.java:startLogSegment(397)) - 8bba907c-2e93-4fda-916b-59f0297d61f4@group-CB3A39B265B7-SegmentedRaftLogWorker: Starting segment from index:0
2020-10-13 01:29:09,665 [8bba907c-2e93-4fda-916b-59f0297d61f4@group-CB3A39B265B7-SegmentedRaftLogWorker] INFO  segmented.SegmentedRaftLogWorker (SegmentedRaftLogWorker.java:execute(596)) - 8bba907c-2e93-4fda-916b-59f0297d61f4@group-CB3A39B265B7-SegmentedRaftLogWorker: created new log segment /github/workspace/mnt/ozone/hadoop-ozone/integration-test/target/test-dir/MiniOzoneClusterImpl-4b926bf3-aee9-4ef9-a274-c573270b78ea/datanode-1/data/ratis/db8f4dc3-8021-44a0-80d4-cb3a39b265b7/current/log_inprogress_0
2020-10-13 01:29:09,670 [8bba907c-2e93-4fda-916b-59f0297d61f4@group-CB3A39B265B7-LeaderElection16] INFO  impl.RaftServerImpl (ServerState.java:setRaftConf(374)) - 8bba907c-2e93-4fda-916b-59f0297d61f4@group-CB3A39B265B7: set configuration 0: [8bba907c-2e93-4fda-916b-59f0297d61f4:172.17.0.2:40303:0], old=null at 0
2020-10-13 01:29:09,801 [Thread-602] INFO  impl.FollowerState (FollowerState.java:run(108)) - a12b145a-ffb8-402d-9bd1-7a149c253a62@group-18BEBA55FB2F-FollowerState: change to CANDIDATE, lastRpcTime:5033ms, electionTimeout:5033ms
2020-10-13 01:29:09,801 [Thread-602] INFO  impl.RoleInfo (RoleInfo.java:shutdownFollowerState(121)) - a12b145a-ffb8-402d-9bd1-7a149c253a62: shutdown FollowerState
2020-10-13 01:29:09,801 [Thread-602] INFO  impl.RaftServerImpl (RaftServerImpl.java:setRole(198)) - a12b145a-ffb8-402d-9bd1-7a149c253a62@group-18BEBA55FB2F: changes role from  FOLLOWER to CANDIDATE at term 0 for changeToCandidate
2020-10-13 01:29:09,801 [Thread-602] INFO  impl.RoleInfo (RoleInfo.java:updateAndGet(143)) - a12b145a-ffb8-402d-9bd1-7a149c253a62: start LeaderElection
2020-10-13 01:29:09,810 [a12b145a-ffb8-402d-9bd1-7a149c253a62@group-18BEBA55FB2F-LeaderElection17] INFO  impl.LeaderElection (LeaderElection.java:askForVotes(210)) - a12b145a-ffb8-402d-9bd1-7a149c253a62@group-18BEBA55FB2F-LeaderElection17: begin an election at term 1 for -1: [a12b145a-ffb8-402d-9bd1-7a149c253a62:172.17.0.2:38553:0], old=null
2020-10-13 01:29:09,810 [a12b145a-ffb8-402d-9bd1-7a149c253a62@group-18BEBA55FB2F-LeaderElection17] INFO  impl.RoleInfo (RoleInfo.java:shutdownLeaderElection(134)) - a12b145a-ffb8-402d-9bd1-7a149c253a62: shutdown LeaderElection
2020-10-13 01:29:09,811 [a12b145a-ffb8-402d-9bd1-7a149c253a62@group-18BEBA55FB2F-LeaderElection17] INFO  impl.RaftServerImpl (RaftServerImpl.java:setRole(198)) - a12b145a-ffb8-402d-9bd1-7a149c253a62@group-18BEBA55FB2F: changes role from CANDIDATE to LEADER at term 1 for changeToLeader
2020-10-13 01:29:09,811 [a12b145a-ffb8-402d-9bd1-7a149c253a62@group-18BEBA55FB2F-LeaderElection17] INFO  ratis.XceiverServerRatis (XceiverServerRatis.java:handleLeaderChangedNotification(822)) - Leader change notification received for group: group-18BEBA55FB2F with new leaderId: a12b145a-ffb8-402d-9bd1-7a149c253a62
2020-10-13 01:29:09,811 [a12b145a-ffb8-402d-9bd1-7a149c253a62@group-18BEBA55FB2F-LeaderElection17] INFO  impl.RaftServerImpl (ServerState.java:setLeader(256)) - a12b145a-ffb8-402d-9bd1-7a149c253a62@group-18BEBA55FB2F: change Leader from null to a12b145a-ffb8-402d-9bd1-7a149c253a62 at term 1 for becomeLeader, leader elected after 5053ms
2020-10-13 01:29:09,811 [a12b145a-ffb8-402d-9bd1-7a149c253a62@group-18BEBA55FB2F-LeaderElection17] INFO  server.RaftServerConfigKeys (ConfUtils.java:logGet(44)) - raft.server.staging.catchup.gap = 1000 (default)
2020-10-13 01:29:09,811 [a12b145a-ffb8-402d-9bd1-7a149c253a62@group-18BEBA55FB2F-LeaderElection17] INFO  server.RaftServerConfigKeys (ConfUtils.java:logGet(44)) - raft.server.rpc.sleep.time = 25ms (default)
2020-10-13 01:29:09,811 [a12b145a-ffb8-402d-9bd1-7a149c253a62@group-18BEBA55FB2F-LeaderElection17] INFO  metrics.RatisMetrics (RatisMetrics.java:lambda$create$0(36)) - Creating Metrics Registry : ratis.log_appender.a12b145a-ffb8-402d-9bd1-7a149c253a62@group-18BEBA55FB2F
2020-10-13 01:29:09,812 [a12b145a-ffb8-402d-9bd1-7a149c253a62@group-18BEBA55FB2F-LeaderElection17] INFO  server.RaftServerConfigKeys (ConfUtils.java:logGet(44)) - raft.server.write.element-limit = 1024 (custom)
2020-10-13 01:29:09,812 [a12b145a-ffb8-402d-9bd1-7a149c253a62@group-18BEBA55FB2F-LeaderElection17] INFO  server.RaftServerConfigKeys (ConfUtils.java:logGet(44)) - raft.server.write.byte-limit = 1073741824 (custom)
2020-10-13 01:29:09,812 [a12b145a-ffb8-402d-9bd1-7a149c253a62@group-18BEBA55FB2F-LeaderElection17] INFO  server.RaftServerConfigKeys (ConfUtils.java:logGet(44)) - raft.server.watch.timeout = 180s (custom)
2020-10-13 01:29:09,813 [a12b145a-ffb8-402d-9bd1-7a149c253a62@group-18BEBA55FB2F-LeaderElection17] INFO  server.RaftServerConfigKeys (ConfUtils.java:logGet(44)) - raft.server.watch.timeout.denomination = 1s (default)
2020-10-13 01:29:09,813 [a12b145a-ffb8-402d-9bd1-7a149c253a62@group-18BEBA55FB2F-LeaderElection17] INFO  server.RaftServerConfigKeys (ConfUtils.java:logGet(44)) - raft.server.watch.element-limit = 65536 (default)
2020-10-13 01:29:09,813 [a12b145a-ffb8-402d-9bd1-7a149c253a62@group-18BEBA55FB2F-LeaderElection17] INFO  impl.RoleInfo (RoleInfo.java:updateAndGet(143)) - a12b145a-ffb8-402d-9bd1-7a149c253a62: start LeaderState
2020-10-13 01:29:09,813 [a12b145a-ffb8-402d-9bd1-7a149c253a62@group-18BEBA55FB2F-LeaderElection17] INFO  segmented.SegmentedRaftLogWorker (SegmentedRaftLogWorker.java:startLogSegment(397)) - a12b145a-ffb8-402d-9bd1-7a149c253a62@group-18BEBA55FB2F-SegmentedRaftLogWorker: Starting segment from index:0
2020-10-13 01:29:09,815 [a12b145a-ffb8-402d-9bd1-7a149c253a62@group-18BEBA55FB2F-LeaderElection17] INFO  impl.RaftServerImpl (ServerState.java:setRaftConf(374)) - a12b145a-ffb8-402d-9bd1-7a149c253a62@group-18BEBA55FB2F: set configuration 0: [a12b145a-ffb8-402d-9bd1-7a149c253a62:172.17.0.2:38553:0], old=null at 0
2020-10-13 01:29:09,816 [a12b145a-ffb8-402d-9bd1-7a149c253a62@group-18BEBA55FB2F-SegmentedRaftLogWorker] INFO  segmented.SegmentedRaftLogWorker (SegmentedRaftLogWorker.java:execute(596)) - a12b145a-ffb8-402d-9bd1-7a149c253a62@group-18BEBA55FB2F-SegmentedRaftLogWorker: created new log segment /github/workspace/mnt/ozone/hadoop-ozone/integration-test/target/test-dir/MiniOzoneClusterImpl-4b926bf3-aee9-4ef9-a274-c573270b78ea/datanode-2/data/ratis/fa73069b-6985-46d3-bf7c-18beba55fb2f/current/log_inprogress_0
2020-10-13 01:29:09,955 [Thread-604] INFO  impl.FollowerState (FollowerState.java:run(108)) - 8da8ca2d-f214-46c6-bb1d-19300cf99b91@group-36FC0918866C-FollowerState: change to CANDIDATE, lastRpcTime:5004ms, electionTimeout:5003ms
2020-10-13 01:29:09,955 [Thread-604] INFO  impl.RoleInfo (RoleInfo.java:shutdownFollowerState(121)) - 8da8ca2d-f214-46c6-bb1d-19300cf99b91: shutdown FollowerState
2020-10-13 01:29:09,955 [Thread-604] INFO  impl.RaftServerImpl (RaftServerImpl.java:setRole(198)) - 8da8ca2d-f214-46c6-bb1d-19300cf99b91@group-36FC0918866C: changes role from  FOLLOWER to CANDIDATE at term 0 for changeToCandidate
2020-10-13 01:29:09,955 [Thread-604] INFO  impl.RoleInfo (RoleInfo.java:updateAndGet(143)) - 8da8ca2d-f214-46c6-bb1d-19300cf99b91: start LeaderElection
2020-10-13 01:29:09,958 [8da8ca2d-f214-46c6-bb1d-19300cf99b91@group-36FC0918866C-LeaderElection18] INFO  impl.LeaderElection (LeaderElection.java:askForVotes(210)) - 8da8ca2d-f214-46c6-bb1d-19300cf99b91@group-36FC0918866C-LeaderElection18: begin an election at term 1 for -1: [8da8ca2d-f214-46c6-bb1d-19300cf99b91:172.17.0.2:37947:0], old=null
2020-10-13 01:29:09,958 [8da8ca2d-f214-46c6-bb1d-19300cf99b91@group-36FC0918866C-LeaderElection18] INFO  impl.RoleInfo (RoleInfo.java:shutdownLeaderElection(134)) - 8da8ca2d-f214-46c6-bb1d-19300cf99b91: shutdown LeaderElection
2020-10-13 01:29:09,958 [8da8ca2d-f214-46c6-bb1d-19300cf99b91@group-36FC0918866C-LeaderElection18] INFO  impl.RaftServerImpl (RaftServerImpl.java:setRole(198)) - 8da8ca2d-f214-46c6-bb1d-19300cf99b91@group-36FC0918866C: changes role from CANDIDATE to LEADER at term 1 for changeToLeader
2020-10-13 01:29:09,958 [8da8ca2d-f214-46c6-bb1d-19300cf99b91@group-36FC0918866C-LeaderElection18] INFO  ratis.XceiverServerRatis (XceiverServerRatis.java:handleLeaderChangedNotification(822)) - Leader change notification received for group: group-36FC0918866C with new leaderId: 8da8ca2d-f214-46c6-bb1d-19300cf99b91
2020-10-13 01:29:09,958 [8da8ca2d-f214-46c6-bb1d-19300cf99b91@group-36FC0918866C-LeaderElection18] INFO  impl.RaftServerImpl (ServerState.java:setLeader(256)) - 8da8ca2d-f214-46c6-bb1d-19300cf99b91@group-36FC0918866C: change Leader from null to 8da8ca2d-f214-46c6-bb1d-19300cf99b91 at term 1 for becomeLeader, leader elected after 5016ms
2020-10-13 01:29:09,959 [8da8ca2d-f214-46c6-bb1d-19300cf99b91@group-36FC0918866C-LeaderElection18] INFO  server.RaftServerConfigKeys (ConfUtils.java:logGet(44)) - raft.server.staging.catchup.gap = 1000 (default)
2020-10-13 01:29:09,959 [8da8ca2d-f214-46c6-bb1d-19300cf99b91@group-36FC0918866C-LeaderElection18] INFO  server.RaftServerConfigKeys (ConfUtils.java:logGet(44)) - raft.server.rpc.sleep.time = 25ms (default)
2020-10-13 01:29:09,959 [8da8ca2d-f214-46c6-bb1d-19300cf99b91@group-36FC0918866C-LeaderElection18] INFO  metrics.RatisMetrics (RatisMetrics.java:lambda$create$0(36)) - Creating Metrics Registry : ratis.log_appender.8da8ca2d-f214-46c6-bb1d-19300cf99b91@group-36FC0918866C
2020-10-13 01:29:09,959 [8da8ca2d-f214-46c6-bb1d-19300cf99b91@group-36FC0918866C-LeaderElection18] INFO  server.RaftServerConfigKeys (ConfUtils.java:logGet(44)) - raft.server.write.element-limit = 1024 (custom)
2020-10-13 01:29:09,959 [8da8ca2d-f214-46c6-bb1d-19300cf99b91@group-36FC0918866C-LeaderElection18] INFO  server.RaftServerConfigKeys (ConfUtils.java:logGet(44)) - raft.server.write.byte-limit = 1073741824 (custom)
2020-10-13 01:29:09,960 [8da8ca2d-f214-46c6-bb1d-19300cf99b91@group-36FC0918866C-LeaderElection18] INFO  server.RaftServerConfigKeys (ConfUtils.java:logGet(44)) - raft.server.watch.timeout = 180s (custom)
2020-10-13 01:29:09,960 [8da8ca2d-f214-46c6-bb1d-19300cf99b91@group-36FC0918866C-LeaderElection18] INFO  server.RaftServerConfigKeys (ConfUtils.java:logGet(44)) - raft.server.watch.timeout.denomination = 1s (default)
2020-10-13 01:29:09,960 [8da8ca2d-f214-46c6-bb1d-19300cf99b91@group-36FC0918866C-LeaderElection18] INFO  server.RaftServerConfigKeys (ConfUtils.java:logGet(44)) - raft.server.watch.element-limit = 65536 (default)
2020-10-13 01:29:09,960 [8da8ca2d-f214-46c6-bb1d-19300cf99b91@group-36FC0918866C-LeaderElection18] INFO  impl.RoleInfo (RoleInfo.java:updateAndGet(143)) - 8da8ca2d-f214-46c6-bb1d-19300cf99b91: start LeaderState
2020-10-13 01:29:09,960 [8da8ca2d-f214-46c6-bb1d-19300cf99b91@group-36FC0918866C-LeaderElection18] INFO  segmented.SegmentedRaftLogWorker (SegmentedRaftLogWorker.java:startLogSegment(397)) - 8da8ca2d-f214-46c6-bb1d-19300cf99b91@group-36FC0918866C-SegmentedRaftLogWorker: Starting segment from index:0
2020-10-13 01:29:09,961 [8da8ca2d-f214-46c6-bb1d-19300cf99b91@group-36FC0918866C-SegmentedRaftLogWorker] INFO  segmented.SegmentedRaftLogWorker (SegmentedRaftLogWorker.java:execute(596)) - 8da8ca2d-f214-46c6-bb1d-19300cf99b91@group-36FC0918866C-SegmentedRaftLogWorker: created new log segment /github/workspace/mnt/ozone/hadoop-ozone/integration-test/target/test-dir/MiniOzoneClusterImpl-4b926bf3-aee9-4ef9-a274-c573270b78ea/datanode-3/data/ratis/1962f348-5d4b-4e43-8e53-36fc0918866c/current/log_inprogress_0
2020-10-13 01:29:09,968 [8da8ca2d-f214-46c6-bb1d-19300cf99b91@group-36FC0918866C-LeaderElection18] INFO  impl.RaftServerImpl (ServerState.java:setRaftConf(374)) - 8da8ca2d-f214-46c6-bb1d-19300cf99b91@group-36FC0918866C: set configuration 0: [8da8ca2d-f214-46c6-bb1d-19300cf99b91:172.17.0.2:37947:0], old=null at 0
2020-10-13 01:29:10,050 [Thread-606] INFO  impl.FollowerState (FollowerState.java:run(108)) - 8da8ca2d-f214-46c6-bb1d-19300cf99b91@group-41B73AB5C21E-FollowerState: change to CANDIDATE, lastRpcTime:5086ms, electionTimeout:5040ms
2020-10-13 01:29:10,050 [Thread-606] INFO  impl.RoleInfo (RoleInfo.java:shutdownFollowerState(121)) - 8da8ca2d-f214-46c6-bb1d-19300cf99b91: shutdown FollowerState
2020-10-13 01:29:10,050 [Thread-606] INFO  impl.RaftServerImpl (RaftServerImpl.java:setRole(198)) - 8da8ca2d-f214-46c6-bb1d-19300cf99b91@group-41B73AB5C21E: changes role from  FOLLOWER to CANDIDATE at term 0 for changeToCandidate
2020-10-13 01:29:10,050 [Thread-606] INFO  impl.RoleInfo (RoleInfo.java:updateAndGet(143)) - 8da8ca2d-f214-46c6-bb1d-19300cf99b91: start LeaderElection
2020-10-13 01:29:10,053 [8da8ca2d-f214-46c6-bb1d-19300cf99b91@group-41B73AB5C21E-LeaderElection19] INFO  impl.LeaderElection (LeaderElection.java:askForVotes(210)) - 8da8ca2d-f214-46c6-bb1d-19300cf99b91@group-41B73AB5C21E-LeaderElection19: begin an election at term 1 for -1: [557e4ca5-6b8d-4b4c-bd98-c7916be59d80:172.17.0.2:34559:0, 38f6e796-8c18-4c71-95ad-19caff00ba17:172.17.0.2:38399:0, 8da8ca2d-f214-46c6-bb1d-19300cf99b91:172.17.0.2:37947:0], old=null
2020-10-13 01:29:10,073 [grpc-default-executor-0] INFO  impl.RaftServerImpl (RaftServerImpl.java:setRole(198)) - 38f6e796-8c18-4c71-95ad-19caff00ba17@group-41B73AB5C21E: changes role from  FOLLOWER to FOLLOWER at term 1 for recognizeCandidate:8da8ca2d-f214-46c6-bb1d-19300cf99b91
2020-10-13 01:29:10,073 [grpc-default-executor-0] INFO  impl.RoleInfo (RoleInfo.java:shutdownFollowerState(121)) - 38f6e796-8c18-4c71-95ad-19caff00ba17: shutdown FollowerState
2020-10-13 01:29:10,073 [grpc-default-executor-0] INFO  impl.RoleInfo (RoleInfo.java:updateAndGet(143)) - 38f6e796-8c18-4c71-95ad-19caff00ba17: start FollowerState
2020-10-13 01:29:10,073 [Thread-611] INFO  impl.FollowerState (FollowerState.java:run(117)) - 38f6e796-8c18-4c71-95ad-19caff00ba17@group-41B73AB5C21E-FollowerState was interrupted: java.lang.InterruptedException: sleep interrupted
2020-10-13 01:29:10,074 [grpc-default-executor-0] INFO  impl.RaftServerImpl (RaftServerImpl.java:requestVote(923)) -  FOLLOWER 38f6e796-8c18-4c71-95ad-19caff00ba17@group-41B73AB5C21E:t1, leader=null, voted=null, raftlog=38f6e796-8c18-4c71-95ad-19caff00ba17@group-41B73AB5C21E-SegmentedRaftLog:OPENED:c-1,f-1,i0, conf=-1: [557e4ca5-6b8d-4b4c-bd98-c7916be59d80:172.17.0.2:34559:0, 38f6e796-8c18-4c71-95ad-19caff00ba17:172.17.0.2:38399:0, 8da8ca2d-f214-46c6-bb1d-19300cf99b91:172.17.0.2:37947:0], old=null RUNNING priority:0 candidate:8da8ca2d-f214-46c6-bb1d-19300cf99b91:172.17.0.2:37947:0 candidatePriority:0 compare:0
2020-10-13 01:29:10,083 [grpc-default-executor-1] INFO  impl.RaftServerImpl (RaftServerImpl.java:setRole(198)) - 557e4ca5-6b8d-4b4c-bd98-c7916be59d80@group-41B73AB5C21E: changes role from  FOLLOWER to FOLLOWER at term 1 for recognizeCandidate:8da8ca2d-f214-46c6-bb1d-19300cf99b91
2020-10-13 01:29:10,083 [grpc-default-executor-1] INFO  impl.RoleInfo (RoleInfo.java:shutdownFollowerState(121)) - 557e4ca5-6b8d-4b4c-bd98-c7916be59d80: shutdown FollowerState
2020-10-13 01:29:10,083 [grpc-default-executor-1] INFO  impl.RoleInfo (RoleInfo.java:updateAndGet(143)) - 557e4ca5-6b8d-4b4c-bd98-c7916be59d80: start FollowerState
2020-10-13 01:29:10,083 [Thread-608] INFO  impl.FollowerState (FollowerState.java:run(117)) - 557e4ca5-6b8d-4b4c-bd98-c7916be59d80@group-41B73AB5C21E-FollowerState was interrupted: java.lang.InterruptedException: sleep interrupted
2020-10-13 01:29:10,083 [grpc-default-executor-1] INFO  impl.RaftServerImpl (RaftServerImpl.java:requestVote(923)) -  FOLLOWER 557e4ca5-6b8d-4b4c-bd98-c7916be59d80@group-41B73AB5C21E:t1, leader=null, voted=null, raftlog=557e4ca5-6b8d-4b4c-bd98-c7916be59d80@group-41B73AB5C21E-SegmentedRaftLog:OPENED:c-1,f-1,i0, conf=-1: [557e4ca5-6b8d-4b4c-bd98-c7916be59d80:172.17.0.2:34559:0, 38f6e796-8c18-4c71-95ad-19caff00ba17:172.17.0.2:38399:0, 8da8ca2d-f214-46c6-bb1d-19300cf99b91:172.17.0.2:37947:0], old=null RUNNING priority:0 candidate:8da8ca2d-f214-46c6-bb1d-19300cf99b91:172.17.0.2:37947:0 candidatePriority:0 compare:0
2020-10-13 01:29:10,089 [8da8ca2d-f214-46c6-bb1d-19300cf99b91@group-41B73AB5C21E-LeaderElection19] INFO  impl.LeaderElection (LeaderElection.java:logAndReturn(62)) - 8da8ca2d-f214-46c6-bb1d-19300cf99b91@group-41B73AB5C21E-LeaderElection19: Election PASSED; received 1 response(s) [8da8ca2d-f214-46c6-bb1d-19300cf99b91<-38f6e796-8c18-4c71-95ad-19caff00ba17#0:OK-t1] and 0 exception(s); 8da8ca2d-f214-46c6-bb1d-19300cf99b91@group-41B73AB5C21E:t1, leader=null, voted=8da8ca2d-f214-46c6-bb1d-19300cf99b91, raftlog=8da8ca2d-f214-46c6-bb1d-19300cf99b91@group-41B73AB5C21E-SegmentedRaftLog:OPENED:c-1,f-1,i0, conf=-1: [557e4ca5-6b8d-4b4c-bd98-c7916be59d80:172.17.0.2:34559:0, 38f6e796-8c18-4c71-95ad-19caff00ba17:172.17.0.2:38399:0, 8da8ca2d-f214-46c6-bb1d-19300cf99b91:172.17.0.2:37947:0], old=null
2020-10-13 01:29:10,089 [8da8ca2d-f214-46c6-bb1d-19300cf99b91@group-41B73AB5C21E-LeaderElection19] INFO  impl.RoleInfo (RoleInfo.java:shutdownLeaderElection(134)) - 8da8ca2d-f214-46c6-bb1d-19300cf99b91: shutdown LeaderElection
2020-10-13 01:29:10,089 [8da8ca2d-f214-46c6-bb1d-19300cf99b91@group-41B73AB5C21E-LeaderElection19] INFO  impl.RaftServerImpl (RaftServerImpl.java:setRole(198)) - 8da8ca2d-f214-46c6-bb1d-19300cf99b91@group-41B73AB5C21E: changes role from CANDIDATE to LEADER at term 1 for changeToLeader
2020-10-13 01:29:10,089 [8da8ca2d-f214-46c6-bb1d-19300cf99b91@group-41B73AB5C21E-LeaderElection19] INFO  ratis.XceiverServerRatis (XceiverServerRatis.java:handleLeaderChangedNotification(822)) - Leader change notification received for group: group-41B73AB5C21E with new leaderId: 8da8ca2d-f214-46c6-bb1d-19300cf99b91
2020-10-13 01:29:10,089 [8da8ca2d-f214-46c6-bb1d-19300cf99b91@group-41B73AB5C21E-LeaderElection19] INFO  impl.RaftServerImpl (ServerState.java:setLeader(256)) - 8da8ca2d-f214-46c6-bb1d-19300cf99b91@group-41B73AB5C21E: change Leader from null to 8da8ca2d-f214-46c6-bb1d-19300cf99b91 at term 1 for becomeLeader, leader elected after 5132ms
2020-10-13 01:29:10,089 [8da8ca2d-f214-46c6-bb1d-19300cf99b91@group-41B73AB5C21E-LeaderElection19] INFO  server.RaftServerConfigKeys (ConfUtils.java:logGet(44)) - raft.server.staging.catchup.gap = 1000 (default)
2020-10-13 01:29:10,090 [8da8ca2d-f214-46c6-bb1d-19300cf99b91@group-41B73AB5C21E-LeaderElection19] INFO  server.RaftServerConfigKeys (ConfUtils.java:logGet(44)) - raft.server.rpc.sleep.time = 25ms (default)
2020-10-13 01:29:10,090 [8da8ca2d-f214-46c6-bb1d-19300cf99b91@group-41B73AB5C21E-LeaderElection19] INFO  metrics.RatisMetrics (RatisMetrics.java:lambda$create$0(36)) - Creating Metrics Registry : ratis.log_appender.8da8ca2d-f214-46c6-bb1d-19300cf99b91@group-41B73AB5C21E
2020-10-13 01:29:10,090 [8da8ca2d-f214-46c6-bb1d-19300cf99b91@group-41B73AB5C21E-LeaderElection19] INFO  server.RaftServerConfigKeys (ConfUtils.java:logGet(44)) - raft.server.write.element-limit = 1024 (custom)
2020-10-13 01:29:10,090 [8da8ca2d-f214-46c6-bb1d-19300cf99b91@group-41B73AB5C21E-LeaderElection19] INFO  server.RaftServerConfigKeys (ConfUtils.java:logGet(44)) - raft.server.write.byte-limit = 1073741824 (custom)
2020-10-13 01:29:10,090 [8da8ca2d-f214-46c6-bb1d-19300cf99b91@group-41B73AB5C21E-LeaderElection19] INFO  server.RaftServerConfigKeys (ConfUtils.java:logGet(44)) - raft.server.watch.timeout = 180s (custom)
2020-10-13 01:29:10,090 [8da8ca2d-f214-46c6-bb1d-19300cf99b91@group-41B73AB5C21E-LeaderElection19] INFO  server.RaftServerConfigKeys (ConfUtils.java:logGet(44)) - raft.server.watch.timeout.denomination = 1s (default)
2020-10-13 01:29:10,090 [8da8ca2d-f214-46c6-bb1d-19300cf99b91@group-41B73AB5C21E-LeaderElection19] INFO  server.RaftServerConfigKeys (ConfUtils.java:logGet(44)) - raft.server.watch.element-limit = 65536 (default)
2020-10-13 01:29:10,090 [8da8ca2d-f214-46c6-bb1d-19300cf99b91@group-41B73AB5C21E-LeaderElection19] INFO  server.RaftServerConfigKeys (ConfUtils.java:logGet(44)) - raft.server.log.appender.snapshot.chunk.size.max = 16MB (=16777216) (default)
2020-10-13 01:29:10,091 [8da8ca2d-f214-46c6-bb1d-19300cf99b91@group-41B73AB5C21E-LeaderElection19] INFO  server.RaftServerConfigKeys (ConfUtils.java:logGet(44)) - raft.server.log.appender.buffer.byte-limit = 33554432 (custom)
2020-10-13 01:29:10,091 [8da8ca2d-f214-46c6-bb1d-19300cf99b91@group-41B73AB5C21E-LeaderElection19] INFO  server.RaftServerConfigKeys (ConfUtils.java:logGet(44)) - raft.server.log.appender.buffer.element-limit = 1 (custom)
2020-10-13 01:29:10,091 [8da8ca2d-f214-46c6-bb1d-19300cf99b91@group-41B73AB5C21E-LeaderElection19] INFO  grpc.GrpcConfigKeys (ConfUtils.java:logGet(44)) - raft.grpc.server.leader.outstanding.appends.max = 128 (default)
2020-10-13 01:29:10,091 [8da8ca2d-f214-46c6-bb1d-19300cf99b91@group-41B73AB5C21E-LeaderElection19] INFO  server.RaftServerConfigKeys (ConfUtils.java:logGet(44)) - raft.server.rpc.request.timeout = 60s (custom)
2020-10-13 01:29:10,091 [8da8ca2d-f214-46c6-bb1d-19300cf99b91@group-41B73AB5C21E-LeaderElection19] INFO  server.RaftServerConfigKeys (ConfUtils.java:logGet(44)) - raft.server.log.appender.install.snapshot.enabled = false (custom)
2020-10-13 01:29:10,093 [8da8ca2d-f214-46c6-bb1d-19300cf99b91@group-41B73AB5C21E-LeaderElection19] INFO  metrics.RatisMetrics (RatisMetrics.java:lambda$create$0(36)) - Creating Metrics Registry : ratis_grpc.log_appender.8da8ca2d-f214-46c6-bb1d-19300cf99b91@group-41B73AB5C21E
2020-10-13 01:29:10,093 [EventQueue-PipelineReportForPipelineReportHandler] INFO  pipeline.PipelineStateManager (PipelineStateManager.java:openPipeline(131)) - Pipeline Pipeline[ Id: a9303f12-9bb1-4dba-9bf4-41b73ab5c21e, Nodes: 8da8ca2d-f214-46c6-bb1d-19300cf99b91{ip: 172.17.0.2, host: 4c549b8e0644, networkLocation: /default-rack, certSerialId: null}557e4ca5-6b8d-4b4c-bd98-c7916be59d80{ip: 172.17.0.2, host: 4c549b8e0644, networkLocation: /default-rack, certSerialId: null}38f6e796-8c18-4c71-95ad-19caff00ba17{ip: 172.17.0.2, host: 4c549b8e0644, networkLocation: /default-rack, certSerialId: null}, Type:RATIS, Factor:THREE, State:ALLOCATED, leaderId:8da8ca2d-f214-46c6-bb1d-19300cf99b91, CreationTimestamp2020-10-13T01:29:02.334Z] moved to OPEN state
2020-10-13 01:29:10,096 [8da8ca2d-f214-46c6-bb1d-19300cf99b91@group-41B73AB5C21E-LeaderElection19] INFO  server.RaftServerConfigKeys (ConfUtils.java:logGet(44)) - raft.server.log.appender.snapshot.chunk.size.max = 16MB (=16777216) (default)
2020-10-13 01:29:10,096 [8da8ca2d-f214-46c6-bb1d-19300cf99b91@group-41B73AB5C21E-LeaderElection19] INFO  server.RaftServerConfigKeys (ConfUtils.java:logGet(44)) - raft.server.log.appender.buffer.byte-limit = 33554432 (custom)
2020-10-13 01:29:10,096 [8da8ca2d-f214-46c6-bb1d-19300cf99b91@group-41B73AB5C21E-LeaderElection19] INFO  server.RaftServerConfigKeys (ConfUtils.java:logGet(44)) - raft.server.log.appender.buffer.element-limit = 1 (custom)
2020-10-13 01:29:10,096 [8da8ca2d-f214-46c6-bb1d-19300cf99b91@group-41B73AB5C21E-LeaderElection19] INFO  grpc.GrpcConfigKeys (ConfUtils.java:logGet(44)) - raft.grpc.server.leader.outstanding.appends.max = 128 (default)
2020-10-13 01:29:10,096 [8da8ca2d-f214-46c6-bb1d-19300cf99b91@group-41B73AB5C21E-LeaderElection19] INFO  server.RaftServerConfigKeys (ConfUtils.java:logGet(44)) - raft.server.rpc.request.timeout = 60s (custom)
2020-10-13 01:29:10,097 [8da8ca2d-f214-46c6-bb1d-19300cf99b91@group-41B73AB5C21E-LeaderElection19] INFO  server.RaftServerConfigKeys (ConfUtils.java:logGet(44)) - raft.server.log.appender.install.snapshot.enabled = false (custom)
2020-10-13 01:29:10,098 [8da8ca2d-f214-46c6-bb1d-19300cf99b91@group-41B73AB5C21E-LeaderElection19] INFO  impl.RoleInfo (RoleInfo.java:updateAndGet(143)) - 8da8ca2d-f214-46c6-bb1d-19300cf99b91: start LeaderState
2020-10-13 01:29:10,098 [8da8ca2d-f214-46c6-bb1d-19300cf99b91@group-41B73AB5C21E-LeaderElection19] INFO  segmented.SegmentedRaftLogWorker (SegmentedRaftLogWorker.java:startLogSegment(397)) - 8da8ca2d-f214-46c6-bb1d-19300cf99b91@group-41B73AB5C21E-SegmentedRaftLogWorker: Starting segment from index:0
2020-10-13 01:29:10,100 [8da8ca2d-f214-46c6-bb1d-19300cf99b91@group-41B73AB5C21E-SegmentedRaftLogWorker] INFO  segmented.SegmentedRaftLogWorker (SegmentedRaftLogWorker.java:execute(596)) - 8da8ca2d-f214-46c6-bb1d-19300cf99b91@group-41B73AB5C21E-SegmentedRaftLogWorker: created new log segment /github/workspace/mnt/ozone/hadoop-ozone/integration-test/target/test-dir/MiniOzoneClusterImpl-4b926bf3-aee9-4ef9-a274-c573270b78ea/datanode-3/data/ratis/a9303f12-9bb1-4dba-9bf4-41b73ab5c21e/current/log_inprogress_0
2020-10-13 01:29:10,100 [8da8ca2d-f214-46c6-bb1d-19300cf99b91@group-41B73AB5C21E-LeaderElection19] INFO  impl.RaftServerImpl (ServerState.java:setRaftConf(374)) - 8da8ca2d-f214-46c6-bb1d-19300cf99b91@group-41B73AB5C21E: set configuration 0: [557e4ca5-6b8d-4b4c-bd98-c7916be59d80:172.17.0.2:34559:0, 38f6e796-8c18-4c71-95ad-19caff00ba17:172.17.0.2:38399:0, 8da8ca2d-f214-46c6-bb1d-19300cf99b91:172.17.0.2:37947:0], old=null at 0
2020-10-13 01:29:10,109 [grpc-default-executor-0] INFO  ratis.XceiverServerRatis (XceiverServerRatis.java:handleLeaderChangedNotification(822)) - Leader change notification received for group: group-41B73AB5C21E with new leaderId: 8da8ca2d-f214-46c6-bb1d-19300cf99b91
2020-10-13 01:29:10,110 [grpc-default-executor-0] INFO  impl.RaftServerImpl (ServerState.java:setLeader(256)) - 557e4ca5-6b8d-4b4c-bd98-c7916be59d80@group-41B73AB5C21E: change Leader from null to 8da8ca2d-f214-46c6-bb1d-19300cf99b91 at term 1 for appendEntries, leader elected after 5053ms
2020-10-13 01:29:10,118 [grpc-default-executor-0] INFO  impl.RaftServerImpl (ServerState.java:setRaftConf(374)) - 557e4ca5-6b8d-4b4c-bd98-c7916be59d80@group-41B73AB5C21E: set configuration 0: [557e4ca5-6b8d-4b4c-bd98-c7916be59d80:172.17.0.2:34559:0, 38f6e796-8c18-4c71-95ad-19caff00ba17:172.17.0.2:38399:0, 8da8ca2d-f214-46c6-bb1d-19300cf99b91:172.17.0.2:37947:0], old=null at 0
2020-10-13 01:29:10,118 [grpc-default-executor-0] INFO  segmented.SegmentedRaftLogWorker (SegmentedRaftLogWorker.java:startLogSegment(397)) - 557e4ca5-6b8d-4b4c-bd98-c7916be59d80@group-41B73AB5C21E-SegmentedRaftLogWorker: Starting segment from index:0
2020-10-13 01:29:10,121 [557e4ca5-6b8d-4b4c-bd98-c7916be59d80@group-41B73AB5C21E-SegmentedRaftLogWorker] INFO  segmented.SegmentedRaftLogWorker (SegmentedRaftLogWorker.java:execute(596)) - 557e4ca5-6b8d-4b4c-bd98-c7916be59d80@group-41B73AB5C21E-SegmentedRaftLogWorker: created new log segment /github/workspace/mnt/ozone/hadoop-ozone/integration-test/target/test-dir/MiniOzoneClusterImpl-4b926bf3-aee9-4ef9-a274-c573270b78ea/datanode-4/data/ratis/a9303f12-9bb1-4dba-9bf4-41b73ab5c21e/current/log_inprogress_0
2020-10-13 01:29:10,124 [grpc-default-executor-3] INFO  ratis.XceiverServerRatis (XceiverServerRatis.java:handleLeaderChangedNotification(822)) - Leader change notification received for group: group-41B73AB5C21E with new leaderId: 8da8ca2d-f214-46c6-bb1d-19300cf99b91
2020-10-13 01:29:10,124 [grpc-default-executor-3] INFO  impl.RaftServerImpl (ServerState.java:setLeader(256)) - 38f6e796-8c18-4c71-95ad-19caff00ba17@group-41B73AB5C21E: change Leader from null to 8da8ca2d-f214-46c6-bb1d-19300cf99b91 at term 1 for appendEntries, leader elected after 5017ms
2020-10-13 01:29:10,129 [grpc-default-executor-0] INFO  impl.RaftServerImpl (ServerState.java:setRaftConf(374)) - 38f6e796-8c18-4c71-95ad-19caff00ba17@group-41B73AB5C21E: set configuration 0: [557e4ca5-6b8d-4b4c-bd98-c7916be59d80:172.17.0.2:34559:0, 38f6e796-8c18-4c71-95ad-19caff00ba17:172.17.0.2:38399:0, 8da8ca2d-f214-46c6-bb1d-19300cf99b91:172.17.0.2:37947:0], old=null at 0
2020-10-13 01:29:10,129 [grpc-default-executor-0] INFO  segmented.SegmentedRaftLogWorker (SegmentedRaftLogWorker.java:startLogSegment(397)) - 38f6e796-8c18-4c71-95ad-19caff00ba17@group-41B73AB5C21E-SegmentedRaftLogWorker: Starting segment from index:0
2020-10-13 01:29:10,130 [38f6e796-8c18-4c71-95ad-19caff00ba17@group-41B73AB5C21E-SegmentedRaftLogWorker] INFO  segmented.SegmentedRaftLogWorker (SegmentedRaftLogWorker.java:execute(596)) - 38f6e796-8c18-4c71-95ad-19caff00ba17@group-41B73AB5C21E-SegmentedRaftLogWorker: created new log segment /github/workspace/mnt/ozone/hadoop-ozone/integration-test/target/test-dir/MiniOzoneClusterImpl-4b926bf3-aee9-4ef9-a274-c573270b78ea/datanode-5/data/ratis/a9303f12-9bb1-4dba-9bf4-41b73ab5c21e/current/log_inprogress_0
2020-10-13 01:29:10,324 [Thread-614] INFO  impl.FollowerState (FollowerState.java:run(108)) - 557e4ca5-6b8d-4b4c-bd98-c7916be59d80@group-FCBDF8B71D47-FollowerState: change to CANDIDATE, lastRpcTime:5137ms, electionTimeout:5133ms
2020-10-13 01:29:10,324 [Thread-614] INFO  impl.RoleInfo (RoleInfo.java:shutdownFollowerState(121)) - 557e4ca5-6b8d-4b4c-bd98-c7916be59d80: shutdown FollowerState
2020-10-13 01:29:10,324 [Thread-614] INFO  impl.RaftServerImpl (RaftServerImpl.java:setRole(198)) - 557e4ca5-6b8d-4b4c-bd98-c7916be59d80@group-FCBDF8B71D47: changes role from  FOLLOWER to CANDIDATE at term 0 for changeToCandidate
2020-10-13 01:29:10,324 [Thread-614] INFO  impl.RoleInfo (RoleInfo.java:updateAndGet(143)) - 557e4ca5-6b8d-4b4c-bd98-c7916be59d80: start LeaderElection
2020-10-13 01:29:10,327 [557e4ca5-6b8d-4b4c-bd98-c7916be59d80@group-FCBDF8B71D47-LeaderElection20] INFO  impl.LeaderElection (LeaderElection.java:askForVotes(210)) - 557e4ca5-6b8d-4b4c-bd98-c7916be59d80@group-FCBDF8B71D47-LeaderElection20: begin an election at term 1 for -1: [557e4ca5-6b8d-4b4c-bd98-c7916be59d80:172.17.0.2:34559:0], old=null
2020-10-13 01:29:10,327 [557e4ca5-6b8d-4b4c-bd98-c7916be59d80@group-FCBDF8B71D47-LeaderElection20] INFO  impl.RoleInfo (RoleInfo.java:shutdownLeaderElection(134)) - 557e4ca5-6b8d-4b4c-bd98-c7916be59d80: shutdown LeaderElection
2020-10-13 01:29:10,327 [557e4ca5-6b8d-4b4c-bd98-c7916be59d80@group-FCBDF8B71D47-LeaderElection20] INFO  impl.RaftServerImpl (RaftServerImpl.java:setRole(198)) - 557e4ca5-6b8d-4b4c-bd98-c7916be59d80@group-FCBDF8B71D47: changes role from CANDIDATE to LEADER at term 1 for changeToLeader
2020-10-13 01:29:10,328 [557e4ca5-6b8d-4b4c-bd98-c7916be59d80@group-FCBDF8B71D47-LeaderElection20] INFO  ratis.XceiverServerRatis (XceiverServerRatis.java:handleLeaderChangedNotification(822)) - Leader change notification received for group: group-FCBDF8B71D47 with new leaderId: 557e4ca5-6b8d-4b4c-bd98-c7916be59d80
2020-10-13 01:29:10,328 [557e4ca5-6b8d-4b4c-bd98-c7916be59d80@group-FCBDF8B71D47-LeaderElection20] INFO  impl.RaftServerImpl (ServerState.java:setLeader(256)) - 557e4ca5-6b8d-4b4c-bd98-c7916be59d80@group-FCBDF8B71D47: change Leader from null to 557e4ca5-6b8d-4b4c-bd98-c7916be59d80 at term 1 for becomeLeader, leader elected after 5158ms
2020-10-13 01:29:10,328 [557e4ca5-6b8d-4b4c-bd98-c7916be59d80@group-FCBDF8B71D47-LeaderElection20] INFO  server.RaftServerConfigKeys (ConfUtils.java:logGet(44)) - raft.server.staging.catchup.gap = 1000 (default)
2020-10-13 01:29:10,329 [557e4ca5-6b8d-4b4c-bd98-c7916be59d80@group-FCBDF8B71D47-LeaderElection20] INFO  server.RaftServerConfigKeys (ConfUtils.java:logGet(44)) - raft.server.rpc.sleep.time = 25ms (default)
2020-10-13 01:29:10,330 [557e4ca5-6b8d-4b4c-bd98-c7916be59d80@group-FCBDF8B71D47-LeaderElection20] INFO  metrics.RatisMetrics (RatisMetrics.java:lambda$create$0(36)) - Creating Metrics Registry : ratis.log_appender.557e4ca5-6b8d-4b4c-bd98-c7916be59d80@group-FCBDF8B71D47
2020-10-13 01:29:10,330 [557e4ca5-6b8d-4b4c-bd98-c7916be59d80@group-FCBDF8B71D47-LeaderElection20] INFO  server.RaftServerConfigKeys (ConfUtils.java:logGet(44)) - raft.server.write.element-limit = 1024 (custom)
2020-10-13 01:29:10,330 [557e4ca5-6b8d-4b4c-bd98-c7916be59d80@group-FCBDF8B71D47-LeaderElection20] INFO  server.RaftServerConfigKeys (ConfUtils.java:logGet(44)) - raft.server.write.byte-limit = 1073741824 (custom)
2020-10-13 01:29:10,331 [557e4ca5-6b8d-4b4c-bd98-c7916be59d80@group-FCBDF8B71D47-LeaderElection20] INFO  server.RaftServerConfigKeys (ConfUtils.java:logGet(44)) - raft.server.watch.timeout = 180s (custom)
2020-10-13 01:29:10,331 [557e4ca5-6b8d-4b4c-bd98-c7916be59d80@group-FCBDF8B71D47-LeaderElection20] INFO  server.RaftServerConfigKeys (ConfUtils.java:logGet(44)) - raft.server.watch.timeout.denomination = 1s (default)
2020-10-13 01:29:10,331 [557e4ca5-6b8d-4b4c-bd98-c7916be59d80@group-FCBDF8B71D47-LeaderElection20] INFO  server.RaftServerConfigKeys (ConfUtils.java:logGet(44)) - raft.server.watch.element-limit = 65536 (default)
2020-10-13 01:29:10,331 [557e4ca5-6b8d-4b4c-bd98-c7916be59d80@group-FCBDF8B71D47-LeaderElection20] INFO  impl.RoleInfo (RoleInfo.java:updateAndGet(143)) - 557e4ca5-6b8d-4b4c-bd98-c7916be59d80: start LeaderState
2020-10-13 01:29:10,331 [557e4ca5-6b8d-4b4c-bd98-c7916be59d80@group-FCBDF8B71D47-LeaderElection20] INFO  segmented.SegmentedRaftLogWorker (SegmentedRaftLogWorker.java:startLogSegment(397)) - 557e4ca5-6b8d-4b4c-bd98-c7916be59d80@group-FCBDF8B71D47-SegmentedRaftLogWorker: Starting segment from index:0
2020-10-13 01:29:10,332 [557e4ca5-6b8d-4b4c-bd98-c7916be59d80@group-FCBDF8B71D47-LeaderElection20] INFO  impl.RaftServerImpl (ServerState.java:setRaftConf(374)) - 557e4ca5-6b8d-4b4c-bd98-c7916be59d80@group-FCBDF8B71D47: set configuration 0: [557e4ca5-6b8d-4b4c-bd98-c7916be59d80:172.17.0.2:34559:0], old=null at 0
2020-10-13 01:29:10,333 [557e4ca5-6b8d-4b4c-bd98-c7916be59d80@group-FCBDF8B71D47-SegmentedRaftLogWorker] INFO  segmented.SegmentedRaftLogWorker (SegmentedRaftLogWorker.java:execute(596)) - 557e4ca5-6b8d-4b4c-bd98-c7916be59d80@group-FCBDF8B71D47-SegmentedRaftLogWorker: created new log segment /github/workspace/mnt/ozone/hadoop-ozone/integration-test/target/test-dir/MiniOzoneClusterImpl-4b926bf3-aee9-4ef9-a274-c573270b78ea/datanode-4/data/ratis/7d044e20-3de5-4034-a102-fcbdf8b71d47/current/log_inprogress_0
2020-10-13 01:29:10,428 [Thread-616] INFO  impl.FollowerState (FollowerState.java:run(108)) - 38f6e796-8c18-4c71-95ad-19caff00ba17@group-5EA73EF34191-FollowerState: change to CANDIDATE, lastRpcTime:5082ms, electionTimeout:5081ms
2020-10-13 01:29:10,429 [Thread-616] INFO  impl.RoleInfo (RoleInfo.java:shutdownFollowerState(121)) - 38f6e796-8c18-4c71-95ad-19caff00ba17: shutdown FollowerState
2020-10-13 01:29:10,429 [Thread-616] INFO  impl.RaftServerImpl (RaftServerImpl.java:setRole(198)) - 38f6e796-8c18-4c71-95ad-19caff00ba17@group-5EA73EF34191: changes role from  FOLLOWER to CANDIDATE at term 0 for changeToCandidate
2020-10-13 01:29:10,429 [Thread-616] INFO  impl.RoleInfo (RoleInfo.java:updateAndGet(143)) - 38f6e796-8c18-4c71-95ad-19caff00ba17: start LeaderElection
2020-10-13 01:29:10,432 [38f6e796-8c18-4c71-95ad-19caff00ba17@group-5EA73EF34191-LeaderElection21] INFO  impl.LeaderElection (LeaderElection.java:askForVotes(210)) - 38f6e796-8c18-4c71-95ad-19caff00ba17@group-5EA73EF34191-LeaderElection21: begin an election at term 1 for -1: [38f6e796-8c18-4c71-95ad-19caff00ba17:172.17.0.2:38399:0], old=null
2020-10-13 01:29:10,432 [38f6e796-8c18-4c71-95ad-19caff00ba17@group-5EA73EF34191-LeaderElection21] INFO  impl.RoleInfo (RoleInfo.java:shutdownLeaderElection(134)) - 38f6e796-8c18-4c71-95ad-19caff00ba17: shutdown LeaderElection
2020-10-13 01:29:10,432 [38f6e796-8c18-4c71-95ad-19caff00ba17@group-5EA73EF34191-LeaderElection21] INFO  impl.RaftServerImpl (RaftServerImpl.java:setRole(198)) - 38f6e796-8c18-4c71-95ad-19caff00ba17@group-5EA73EF34191: changes role from CANDIDATE to LEADER at term 1 for changeToLeader
2020-10-13 01:29:10,432 [38f6e796-8c18-4c71-95ad-19caff00ba17@group-5EA73EF34191-LeaderElection21] INFO  ratis.XceiverServerRatis (XceiverServerRatis.java:handleLeaderChangedNotification(822)) - Leader change notification received for group: group-5EA73EF34191 with new leaderId: 38f6e796-8c18-4c71-95ad-19caff00ba17
2020-10-13 01:29:10,432 [38f6e796-8c18-4c71-95ad-19caff00ba17@group-5EA73EF34191-LeaderElection21] INFO  impl.RaftServerImpl (ServerState.java:setLeader(256)) - 38f6e796-8c18-4c71-95ad-19caff00ba17@group-5EA73EF34191: change Leader from null to 38f6e796-8c18-4c71-95ad-19caff00ba17 at term 1 for becomeLeader, leader elected after 5094ms
2020-10-13 01:29:10,432 [38f6e796-8c18-4c71-95ad-19caff00ba17@group-5EA73EF34191-LeaderElection21] INFO  server.RaftServerConfigKeys (ConfUtils.java:logGet(44)) - raft.server.staging.catchup.gap = 1000 (default)
2020-10-13 01:29:10,432 [38f6e796-8c18-4c71-95ad-19caff00ba17@group-5EA73EF34191-LeaderElection21] INFO  server.RaftServerConfigKeys (ConfUtils.java:logGet(44)) - raft.server.rpc.sleep.time = 25ms (default)
2020-10-13 01:29:10,432 [38f6e796-8c18-4c71-95ad-19caff00ba17@group-5EA73EF34191-LeaderElection21] INFO  metrics.RatisMetrics (RatisMetrics.java:lambda$create$0(36)) - Creating Metrics Registry : ratis.log_appender.38f6e796-8c18-4c71-95ad-19caff00ba17@group-5EA73EF34191
2020-10-13 01:29:10,433 [38f6e796-8c18-4c71-95ad-19caff00ba17@group-5EA73EF34191-LeaderElection21] INFO  server.RaftServerConfigKeys (ConfUtils.java:logGet(44)) - raft.server.write.element-limit = 1024 (custom)
2020-10-13 01:29:10,433 [38f6e796-8c18-4c71-95ad-19caff00ba17@group-5EA73EF34191-LeaderElection21] INFO  server.RaftServerConfigKeys (ConfUtils.java:logGet(44)) - raft.server.write.byte-limit = 1073741824 (custom)
2020-10-13 01:29:10,434 [38f6e796-8c18-4c71-95ad-19caff00ba17@group-5EA73EF34191-LeaderElection21] INFO  server.RaftServerConfigKeys (ConfUtils.java:logGet(44)) - raft.server.watch.timeout = 180s (custom)
2020-10-13 01:29:10,434 [38f6e796-8c18-4c71-95ad-19caff00ba17@group-5EA73EF34191-LeaderElection21] INFO  server.RaftServerConfigKeys (ConfUtils.java:logGet(44)) - raft.server.watch.timeout.denomination = 1s (default)
2020-10-13 01:29:10,434 [38f6e796-8c18-4c71-95ad-19caff00ba17@group-5EA73EF34191-LeaderElection21] INFO  server.RaftServerConfigKeys (ConfUtils.java:logGet(44)) - raft.server.watch.element-limit = 65536 (default)
2020-10-13 01:29:10,434 [38f6e796-8c18-4c71-95ad-19caff00ba17@group-5EA73EF34191-LeaderElection21] INFO  impl.RoleInfo (RoleInfo.java:updateAndGet(143)) - 38f6e796-8c18-4c71-95ad-19caff00ba17: start LeaderState
2020-10-13 01:29:10,434 [38f6e796-8c18-4c71-95ad-19caff00ba17@group-5EA73EF34191-LeaderElection21] INFO  segmented.SegmentedRaftLogWorker (SegmentedRaftLogWorker.java:startLogSegment(397)) - 38f6e796-8c18-4c71-95ad-19caff00ba17@group-5EA73EF34191-SegmentedRaftLogWorker: Starting segment from index:0
2020-10-13 01:29:10,435 [38f6e796-8c18-4c71-95ad-19caff00ba17@group-5EA73EF34191-LeaderElection21] INFO  impl.RaftServerImpl (ServerState.java:setRaftConf(374)) - 38f6e796-8c18-4c71-95ad-19caff00ba17@group-5EA73EF34191: set configuration 0: [38f6e796-8c18-4c71-95ad-19caff00ba17:172.17.0.2:38399:0], old=null at 0
2020-10-13 01:29:10,436 [38f6e796-8c18-4c71-95ad-19caff00ba17@group-5EA73EF34191-SegmentedRaftLogWorker] INFO  segmented.SegmentedRaftLogWorker (SegmentedRaftLogWorker.java:execute(596)) - 38f6e796-8c18-4c71-95ad-19caff00ba17@group-5EA73EF34191-SegmentedRaftLogWorker: created new log segment /github/workspace/mnt/ozone/hadoop-ozone/integration-test/target/test-dir/MiniOzoneClusterImpl-4b926bf3-aee9-4ef9-a274-c573270b78ea/datanode-5/data/ratis/f8f99d1a-8ba3-4467-8598-5ea73ef34191/current/log_inprogress_0
2020-10-13 01:29:10,532 [Listener at 127.0.0.1/32995] INFO  ozone.MiniOzoneClusterImpl (MiniOzoneClusterImpl.java:lambda$waitForClusterToBeReady$0(177)) - Nodes are ready. Got 7 of 7 DN Heartbeats.
2020-10-13 01:29:10,532 [Listener at 127.0.0.1/32995] INFO  ozone.MiniOzoneClusterImpl (MiniOzoneClusterImpl.java:lambda$waitForClusterToBeReady$0(180)) - Cluster exits safe mode
2020-10-13 01:29:10,543 [Listener at 127.0.0.1/32995] INFO  rpc.RpcClient (RpcClient.java:createVolume(321)) - Creating Volume: testblockoutputstreamwithretries, with jenkins1001 as owner.
2020-10-13 01:29:10,546 [IPC Server handler 0 on default port 32995] INFO  volume.OMVolumeCreateRequest (OMVolumeCreateRequest.java:validateAndUpdateCache(196)) - created volume:testblockoutputstreamwithretries for user:jenkins1001
2020-10-13 01:29:10,550 [Listener at 127.0.0.1/32995] INFO  rpc.RpcClient (RpcClient.java:createBucket(476)) - Creating Bucket: testblockoutputstreamwithretries/testblockoutputstreamwithretries, with Versioning false and Storage Type set to DISK and Encryption set to false 
2020-10-13 01:29:10,575 [Listener at 127.0.0.1/32995] INFO  metrics.RatisMetrics (RatisMetrics.java:lambda$create$0(36)) - Creating Metrics Registry : ratis.client_message_metrics.client-DFD44E09366D->dacc0b49-37d4-4467-a9c0-6b3478b804ce
2020-10-13 01:29:10,649 [Listener at 127.0.0.1/32995] INFO  metrics.RatisMetrics (RatisMetrics.java:lambda$create$0(36)) - Creating Metrics Registry : ratis.client_message_metrics.client-7A141EDFA487->38f6e796-8c18-4c71-95ad-19caff00ba17
2020-10-13 01:29:10,721 [Listener at 127.0.0.1/32995] INFO  metrics.RatisMetrics (RatisMetrics.java:lambda$create$0(36)) - Creating Metrics Registry : ratis.client_message_metrics.client-AA76EE550A32->dacc0b49-37d4-4467-a9c0-6b3478b804ce
2020-10-13 01:29:10,741 [Thread-618] INFO  impl.FollowerState (FollowerState.java:run(108)) - 15e97f69-99d4-48de-9335-a5bc72d66d58@group-0F84A8C3469F-FollowerState: change to CANDIDATE, lastRpcTime:5186ms, electionTimeout:5184ms
2020-10-13 01:29:10,741 [Thread-618] INFO  impl.RoleInfo (RoleInfo.java:shutdownFollowerState(121)) - 15e97f69-99d4-48de-9335-a5bc72d66d58: shutdown FollowerState
2020-10-13 01:29:10,741 [Thread-618] INFO  impl.RaftServerImpl (RaftServerImpl.java:setRole(198)) - 15e97f69-99d4-48de-9335-a5bc72d66d58@group-0F84A8C3469F: changes role from  FOLLOWER to CANDIDATE at term 0 for changeToCandidate
2020-10-13 01:29:10,743 [Thread-618] INFO  impl.RoleInfo (RoleInfo.java:updateAndGet(143)) - 15e97f69-99d4-48de-9335-a5bc72d66d58: start LeaderElection
2020-10-13 01:29:10,749 [15e97f69-99d4-48de-9335-a5bc72d66d58@group-0F84A8C3469F-LeaderElection22] INFO  impl.LeaderElection (LeaderElection.java:askForVotes(210)) - 15e97f69-99d4-48de-9335-a5bc72d66d58@group-0F84A8C3469F-LeaderElection22: begin an election at term 1 for -1: [15e97f69-99d4-48de-9335-a5bc72d66d58:172.17.0.2:35409:0], old=null
2020-10-13 01:29:10,750 [15e97f69-99d4-48de-9335-a5bc72d66d58@group-0F84A8C3469F-LeaderElection22] INFO  impl.RoleInfo (RoleInfo.java:shutdownLeaderElection(134)) - 15e97f69-99d4-48de-9335-a5bc72d66d58: shutdown LeaderElection
2020-10-13 01:29:10,750 [15e97f69-99d4-48de-9335-a5bc72d66d58@group-0F84A8C3469F-LeaderElection22] INFO  impl.RaftServerImpl (RaftServerImpl.java:setRole(198)) - 15e97f69-99d4-48de-9335-a5bc72d66d58@group-0F84A8C3469F: changes role from CANDIDATE to LEADER at term 1 for changeToLeader
2020-10-13 01:29:10,750 [15e97f69-99d4-48de-9335-a5bc72d66d58@group-0F84A8C3469F-LeaderElection22] INFO  ratis.XceiverServerRatis (XceiverServerRatis.java:handleLeaderChangedNotification(822)) - Leader change notification received for group: group-0F84A8C3469F with new leaderId: 15e97f69-99d4-48de-9335-a5bc72d66d58
2020-10-13 01:29:10,760 [15e97f69-99d4-48de-9335-a5bc72d66d58@group-0F84A8C3469F-LeaderElection22] INFO  impl.RaftServerImpl (ServerState.java:setLeader(256)) - 15e97f69-99d4-48de-9335-a5bc72d66d58@group-0F84A8C3469F: change Leader from null to 15e97f69-99d4-48de-9335-a5bc72d66d58 at term 1 for becomeLeader, leader elected after 5207ms
2020-10-13 01:29:10,760 [15e97f69-99d4-48de-9335-a5bc72d66d58@group-0F84A8C3469F-LeaderElection22] INFO  server.RaftServerConfigKeys (ConfUtils.java:logGet(44)) - raft.server.staging.catchup.gap = 1000 (default)
2020-10-13 01:29:10,760 [15e97f69-99d4-48de-9335-a5bc72d66d58@group-0F84A8C3469F-LeaderElection22] INFO  server.RaftServerConfigKeys (ConfUtils.java:logGet(44)) - raft.server.rpc.sleep.time = 25ms (default)
2020-10-13 01:29:10,760 [15e97f69-99d4-48de-9335-a5bc72d66d58@group-0F84A8C3469F-LeaderElection22] INFO  metrics.RatisMetrics (RatisMetrics.java:lambda$create$0(36)) - Creating Metrics Registry : ratis.log_appender.15e97f69-99d4-48de-9335-a5bc72d66d58@group-0F84A8C3469F
2020-10-13 01:29:10,760 [15e97f69-99d4-48de-9335-a5bc72d66d58@group-0F84A8C3469F-LeaderElection22] INFO  server.RaftServerConfigKeys (ConfUtils.java:logGet(44)) - raft.server.write.element-limit = 1024 (custom)
2020-10-13 01:29:10,760 [15e97f69-99d4-48de-9335-a5bc72d66d58@group-0F84A8C3469F-LeaderElection22] INFO  server.RaftServerConfigKeys (ConfUtils.java:logGet(44)) - raft.server.write.byte-limit = 1073741824 (custom)
2020-10-13 01:29:10,760 [15e97f69-99d4-48de-9335-a5bc72d66d58@group-0F84A8C3469F-LeaderElection22] INFO  server.RaftServerConfigKeys (ConfUtils.java:logGet(44)) - raft.server.watch.timeout = 180s (custom)
2020-10-13 01:29:10,761 [15e97f69-99d4-48de-9335-a5bc72d66d58@group-0F84A8C3469F-LeaderElection22] INFO  server.RaftServerConfigKeys (ConfUtils.java:logGet(44)) - raft.server.watch.timeout.denomination = 1s (default)
2020-10-13 01:29:10,761 [15e97f69-99d4-48de-9335-a5bc72d66d58@group-0F84A8C3469F-LeaderElection22] INFO  server.RaftServerConfigKeys (ConfUtils.java:logGet(44)) - raft.server.watch.element-limit = 65536 (default)
2020-10-13 01:29:10,761 [15e97f69-99d4-48de-9335-a5bc72d66d58@group-0F84A8C3469F-LeaderElection22] INFO  impl.RoleInfo (RoleInfo.java:updateAndGet(143)) - 15e97f69-99d4-48de-9335-a5bc72d66d58: start LeaderState
2020-10-13 01:29:10,761 [15e97f69-99d4-48de-9335-a5bc72d66d58@group-0F84A8C3469F-LeaderElection22] INFO  segmented.SegmentedRaftLogWorker (SegmentedRaftLogWorker.java:startLogSegment(397)) - 15e97f69-99d4-48de-9335-a5bc72d66d58@group-0F84A8C3469F-SegmentedRaftLogWorker: Starting segment from index:0
2020-10-13 01:29:10,761 [15e97f69-99d4-48de-9335-a5bc72d66d58@group-0F84A8C3469F-LeaderElection22] INFO  impl.RaftServerImpl (ServerState.java:setRaftConf(374)) - 15e97f69-99d4-48de-9335-a5bc72d66d58@group-0F84A8C3469F: set configuration 0: [15e97f69-99d4-48de-9335-a5bc72d66d58:172.17.0.2:35409:0], old=null at 0
2020-10-13 01:29:10,765 [15e97f69-99d4-48de-9335-a5bc72d66d58@group-0F84A8C3469F-SegmentedRaftLogWorker] INFO  segmented.SegmentedRaftLogWorker (SegmentedRaftLogWorker.java:execute(596)) - 15e97f69-99d4-48de-9335-a5bc72d66d58@group-0F84A8C3469F-SegmentedRaftLogWorker: created new log segment /github/workspace/mnt/ozone/hadoop-ozone/integration-test/target/test-dir/MiniOzoneClusterImpl-4b926bf3-aee9-4ef9-a274-c573270b78ea/datanode-6/data/ratis/0640ae2d-37c0-4317-b51a-0f84a8c3469f/current/log_inprogress_0
2020-10-13 01:29:10,769 [EventQueue-CloseContainerForCloseContainerEventHandler] INFO  container.CloseContainerEventHandler (CloseContainerEventHandler.java:onMessage(61)) - Close container Event triggered for container : #1
2020-10-13 01:29:10,770 [EventQueue-CloseContainerForCloseContainerEventHandler] INFO  container.CloseContainerEventHandler (CloseContainerEventHandler.java:onMessage(61)) - Close container Event triggered for container : #2
2020-10-13 01:29:10,770 [EventQueue-CloseContainerForCloseContainerEventHandler] INFO  container.CloseContainerEventHandler (CloseContainerEventHandler.java:onMessage(61)) - Close container Event triggered for container : #3
2020-10-13 01:29:12,572 [EventQueue-Delayed safe mode statusForReplicationManager] INFO  container.ReplicationManager (ReplicationManager.java:start(178)) - Starting Replication Monitor Thread.
2020-10-13 01:29:12,574 [ReplicationMonitor] INFO  container.ReplicationManager (ReplicationManager.java:sendCloseCommand(881)) - Sending close container command for container #1 to datanode dacc0b49-37d4-4467-a9c0-6b3478b804ce{ip: 172.17.0.2, host: 4c549b8e0644, networkLocation: /default-rack, certSerialId: null}.
2020-10-13 01:29:12,574 [ReplicationMonitor] INFO  container.ReplicationManager (ReplicationManager.java:sendCloseCommand(881)) - Sending close container command for container #2 to datanode dacc0b49-37d4-4467-a9c0-6b3478b804ce{ip: 172.17.0.2, host: 4c549b8e0644, networkLocation: /default-rack, certSerialId: null}.
2020-10-13 01:29:12,574 [ReplicationMonitor] INFO  container.ReplicationManager (ReplicationManager.java:sendCloseCommand(881)) - Sending close container command for container #3 to datanode 38f6e796-8c18-4c71-95ad-19caff00ba17{ip: 172.17.0.2, host: 4c549b8e0644, networkLocation: /default-rack, certSerialId: null}.
2020-10-13 01:29:12,574 [ReplicationMonitor] INFO  container.ReplicationManager (ReplicationManager.java:run(242)) - Replication Monitor Thread took 1 milliseconds for processing 3 containers.
2020-10-13 01:29:12,655 [RatisApplyTransactionExecutor 1] INFO  keyvalue.KeyValueContainer (KeyValueContainer.java:flushAndSyncDB(388)) - Container 1 is synced with bcsId 13.
2020-10-13 01:29:12,656 [RatisApplyTransactionExecutor 1] INFO  keyvalue.KeyValueContainer (KeyValueContainer.java:flushAndSyncDB(388)) - Container 1 is synced with bcsId 13.
2020-10-13 01:29:12,658 [RatisApplyTransactionExecutor 1] INFO  keyvalue.KeyValueContainer (KeyValueContainer.java:close(326)) - Container 1 is closed with bcsId 13.
2020-10-13 01:29:12,659 [EventQueue-IncrementalContainerReportForIncrementalContainerReportHandler] INFO  container.IncrementalContainerReportHandler (AbstractContainerReportHandler.java:updateContainerState(215)) - Moving container #1 to CLOSED state, datanode dacc0b49-37d4-4467-a9c0-6b3478b804ce{ip: 172.17.0.2, host: 4c549b8e0644, networkLocation: /default-rack, certSerialId: null} reported CLOSED replica.
2020-10-13 01:29:12,669 [RatisApplyTransactionExecutor 2] INFO  keyvalue.KeyValueContainer (KeyValueContainer.java:flushAndSyncDB(388)) - Container 2 is synced with bcsId 0.
2020-10-13 01:29:12,669 [RatisApplyTransactionExecutor 2] INFO  keyvalue.KeyValueContainer (KeyValueContainer.java:flushAndSyncDB(388)) - Container 2 is synced with bcsId 0.
2020-10-13 01:29:12,674 [RatisApplyTransactionExecutor 2] INFO  keyvalue.KeyValueContainer (KeyValueContainer.java:close(326)) - Container 2 is closed with bcsId 0.
2020-10-13 01:29:12,676 [EventQueue-IncrementalContainerReportForIncrementalContainerReportHandler] INFO  container.IncrementalContainerReportHandler (AbstractContainerReportHandler.java:updateContainerState(215)) - Moving container #2 to CLOSED state, datanode dacc0b49-37d4-4467-a9c0-6b3478b804ce{ip: 172.17.0.2, host: 4c549b8e0644, networkLocation: /default-rack, certSerialId: null} reported CLOSED replica.
2020-10-13 01:29:12,717 [RatisApplyTransactionExecutor 3] INFO  keyvalue.KeyValueContainer (KeyValueContainer.java:flushAndSyncDB(388)) - Container 3 is synced with bcsId 0.
2020-10-13 01:29:12,717 [RatisApplyTransactionExecutor 3] INFO  keyvalue.KeyValueContainer (KeyValueContainer.java:flushAndSyncDB(388)) - Container 3 is synced with bcsId 0.
2020-10-13 01:29:12,719 [RatisApplyTransactionExecutor 3] INFO  keyvalue.KeyValueContainer (KeyValueContainer.java:close(326)) - Container 3 is closed with bcsId 0.
2020-10-13 01:29:12,721 [EventQueue-IncrementalContainerReportForIncrementalContainerReportHandler] INFO  container.IncrementalContainerReportHandler (AbstractContainerReportHandler.java:updateContainerState(215)) - Moving container #3 to CLOSED state, datanode 38f6e796-8c18-4c71-95ad-19caff00ba17{ip: 172.17.0.2, host: 4c549b8e0644, networkLocation: /default-rack, certSerialId: null} reported CLOSED replica.
01:29:12.776 [grpc-default-executor-0] ERROR DNAudit - user=null | ip=null | op=WRITE_CHUNK {blockData=conID: 1 locID: 105024883953762307 bcsId: 13} | ret=FAILURE
org.apache.hadoop.hdds.scm.container.common.helpers.ContainerNotOpenException: Container 1 in CLOSED state
	at org.apache.hadoop.ozone.container.common.impl.HddsDispatcher.validateContainerCommand(HddsDispatcher.java:484) ~[hadoop-hdds-container-service-1.1.0-SNAPSHOT.jar:?]
	at org.apache.hadoop.ozone.container.common.transport.server.ratis.ContainerStateMachine.startTransaction(ContainerStateMachine.java:319) ~[hadoop-hdds-container-service-1.1.0-SNAPSHOT.jar:?]
	at org.apache.ratis.server.impl.RaftServerImpl.submitClientRequestAsync(RaftServerImpl.java:684) ~[ratis-server-1.1.0-11689cd-SNAPSHOT.jar:1.1.0-11689cd-SNAPSHOT]
	at org.apache.ratis.server.impl.RaftServerProxy.lambda$submitClientRequestAsync$7(RaftServerProxy.java:341) ~[ratis-server-1.1.0-11689cd-SNAPSHOT.jar:1.1.0-11689cd-SNAPSHOT]
	at org.apache.ratis.server.impl.RaftServerProxy.lambda$null$5(RaftServerProxy.java:336) ~[ratis-server-1.1.0-11689cd-SNAPSHOT.jar:1.1.0-11689cd-SNAPSHOT]
	at org.apache.ratis.util.JavaUtils.callAsUnchecked(JavaUtils.java:109) ~[ratis-common-1.1.0-11689cd-SNAPSHOT.jar:1.1.0-11689cd-SNAPSHOT]
	at org.apache.ratis.server.impl.RaftServerProxy.lambda$submitRequest$6(RaftServerProxy.java:336) ~[ratis-server-1.1.0-11689cd-SNAPSHOT.jar:1.1.0-11689cd-SNAPSHOT]
	at java.util.concurrent.CompletableFuture.uniComposeStage(CompletableFuture.java:995) ~[?:1.8.0_232]
	at java.util.concurrent.CompletableFuture.thenCompose(CompletableFuture.java:2137) ~[?:1.8.0_232]
	at org.apache.ratis.server.impl.RaftServerProxy.submitRequest(RaftServerProxy.java:335) ~[ratis-server-1.1.0-11689cd-SNAPSHOT.jar:1.1.0-11689cd-SNAPSHOT]
	at org.apache.ratis.server.impl.RaftServerProxy.submitClientRequestAsync(RaftServerProxy.java:341) ~[ratis-server-1.1.0-11689cd-SNAPSHOT.jar:1.1.0-11689cd-SNAPSHOT]
	at org.apache.ratis.grpc.client.GrpcClientProtocolService$RequestStreamObserver.processClientRequest(GrpcClientProtocolService.java:228) ~[ratis-grpc-1.1.0-11689cd-SNAPSHOT.jar:1.1.0-11689cd-SNAPSHOT]
	at org.apache.ratis.grpc.client.GrpcClientProtocolService$OrderedRequestStreamObserver.processClientRequest(GrpcClientProtocolService.java:334) ~[ratis-grpc-1.1.0-11689cd-SNAPSHOT.jar:1.1.0-11689cd-SNAPSHOT]
	at org.apache.ratis.util.SlidingWindow$Server.processRequestsFromHead(SlidingWindow.java:429) [ratis-common-1.1.0-11689cd-SNAPSHOT.jar:1.1.0-11689cd-SNAPSHOT]
	at org.apache.ratis.util.SlidingWindow$Server.receivedRequest(SlidingWindow.java:421) [ratis-common-1.1.0-11689cd-SNAPSHOT.jar:1.1.0-11689cd-SNAPSHOT]
	at org.apache.ratis.grpc.client.GrpcClientProtocolService$OrderedRequestStreamObserver.processClientRequest(GrpcClientProtocolService.java:358) [ratis-grpc-1.1.0-11689cd-SNAPSHOT.jar:1.1.0-11689cd-SNAPSHOT]
	at org.apache.ratis.grpc.client.GrpcClientProtocolService$RequestStreamObserver.onNext(GrpcClientProtocolService.java:248) [ratis-grpc-1.1.0-11689cd-SNAPSHOT.jar:1.1.0-11689cd-SNAPSHOT]
	at org.apache.ratis.grpc.client.GrpcClientProtocolService$RequestStreamObserver.onNext(GrpcClientProtocolService.java:171) [ratis-grpc-1.1.0-11689cd-SNAPSHOT.jar:1.1.0-11689cd-SNAPSHOT]
	at org.apache.ratis.thirdparty.io.grpc.stub.ServerCalls$StreamingServerCallHandler$StreamingServerCallListener.onMessage(ServerCalls.java:251) [ratis-thirdparty-misc-0.6.0-SNAPSHOT.jar:0.6.0-SNAPSHOT]
	at org.apache.ratis.thirdparty.io.grpc.ForwardingServerCallListener.onMessage(ForwardingServerCallListener.java:33) [ratis-thirdparty-misc-0.6.0-SNAPSHOT.jar:0.6.0-SNAPSHOT]
	at org.apache.ratis.thirdparty.io.grpc.internal.ServerCallImpl$ServerStreamListenerImpl.messagesAvailableInternal(ServerCallImpl.java:309) [ratis-thirdparty-misc-0.6.0-SNAPSHOT.jar:0.6.0-SNAPSHOT]
	at org.apache.ratis.thirdparty.io.grpc.internal.ServerCallImpl$ServerStreamListenerImpl.messagesAvailable(ServerCallImpl.java:292) [ratis-thirdparty-misc-0.6.0-SNAPSHOT.jar:0.6.0-SNAPSHOT]
	at org.apache.ratis.thirdparty.io.grpc.internal.ServerImpl$JumpToApplicationThreadServerStreamListener$1MessagesAvailable.runInContext(ServerImpl.java:783) [ratis-thirdparty-misc-0.6.0-SNAPSHOT.jar:0.6.0-SNAPSHOT]
	at org.apache.ratis.thirdparty.io.grpc.internal.ContextRunnable.run(ContextRunnable.java:37) [ratis-thirdparty-misc-0.6.0-SNAPSHOT.jar:0.6.0-SNAPSHOT]
	at org.apache.ratis.thirdparty.io.grpc.internal.SerializingExecutor.run(SerializingExecutor.java:123) [ratis-thirdparty-misc-0.6.0-SNAPSHOT.jar:0.6.0-SNAPSHOT]
	at java.util.concurrent.ThreadPoolExecutor.runWorker(ThreadPoolExecutor.java:1149) [?:1.8.0_232]
	at java.util.concurrent.ThreadPoolExecutor$Worker.run(ThreadPoolExecutor.java:624) [?:1.8.0_232]
	at java.lang.Thread.run(Thread.java:748) [?:1.8.0_232]
01:29:12.802 [grpc-default-executor-0] ERROR DNAudit - user=null | ip=null | op=WRITE_CHUNK {blockData=conID: 1 locID: 105024883953762307 bcsId: 13} | ret=FAILURE
org.apache.hadoop.hdds.scm.container.common.helpers.ContainerNotOpenException: Container 1 in CLOSED state
	at org.apache.hadoop.ozone.container.common.impl.HddsDispatcher.validateContainerCommand(HddsDispatcher.java:484) ~[hadoop-hdds-container-service-1.1.0-SNAPSHOT.jar:?]
	at org.apache.hadoop.ozone.container.common.transport.server.ratis.ContainerStateMachine.startTransaction(ContainerStateMachine.java:319) ~[hadoop-hdds-container-service-1.1.0-SNAPSHOT.jar:?]
	at org.apache.ratis.server.impl.RaftServerImpl.submitClientRequestAsync(RaftServerImpl.java:684) ~[ratis-server-1.1.0-11689cd-SNAPSHOT.jar:1.1.0-11689cd-SNAPSHOT]
	at org.apache.ratis.server.impl.RaftServerProxy.lambda$submitClientRequestAsync$7(RaftServerProxy.java:341) ~[ratis-server-1.1.0-11689cd-SNAPSHOT.jar:1.1.0-11689cd-SNAPSHOT]
	at org.apache.ratis.server.impl.RaftServerProxy.lambda$null$5(RaftServerProxy.java:336) ~[ratis-server-1.1.0-11689cd-SNAPSHOT.jar:1.1.0-11689cd-SNAPSHOT]
	at org.apache.ratis.util.JavaUtils.callAsUnchecked(JavaUtils.java:109) ~[ratis-common-1.1.0-11689cd-SNAPSHOT.jar:1.1.0-11689cd-SNAPSHOT]
	at org.apache.ratis.server.impl.RaftServerProxy.lambda$submitRequest$6(RaftServerProxy.java:336) ~[ratis-server-1.1.0-11689cd-SNAPSHOT.jar:1.1.0-11689cd-SNAPSHOT]
	at java.util.concurrent.CompletableFuture.uniComposeStage(CompletableFuture.java:995) ~[?:1.8.0_232]
	at java.util.concurrent.CompletableFuture.thenCompose(CompletableFuture.java:2137) ~[?:1.8.0_232]
	at org.apache.ratis.server.impl.RaftServerProxy.submitRequest(RaftServerProxy.java:335) ~[ratis-server-1.1.0-11689cd-SNAPSHOT.jar:1.1.0-11689cd-SNAPSHOT]
	at org.apache.ratis.server.impl.RaftServerProxy.submitClientRequestAsync(RaftServerProxy.java:341) ~[ratis-server-1.1.0-11689cd-SNAPSHOT.jar:1.1.0-11689cd-SNAPSHOT]
	at org.apache.ratis.grpc.client.GrpcClientProtocolService$RequestStreamObserver.processClientRequest(GrpcClientProtocolService.java:228) ~[ratis-grpc-1.1.0-11689cd-SNAPSHOT.jar:1.1.0-11689cd-SNAPSHOT]
	at org.apache.ratis.grpc.client.GrpcClientProtocolService$OrderedRequestStreamObserver.processClientRequest(GrpcClientProtocolService.java:334) ~[ratis-grpc-1.1.0-11689cd-SNAPSHOT.jar:1.1.0-11689cd-SNAPSHOT]
	at org.apache.ratis.util.SlidingWindow$Server.processRequestsFromHead(SlidingWindow.java:429) [ratis-common-1.1.0-11689cd-SNAPSHOT.jar:1.1.0-11689cd-SNAPSHOT]
	at org.apache.ratis.util.SlidingWindow$Server.receivedRequest(SlidingWindow.java:421) [ratis-common-1.1.0-11689cd-SNAPSHOT.jar:1.1.0-11689cd-SNAPSHOT]
	at org.apache.ratis.grpc.client.GrpcClientProtocolService$OrderedRequestStreamObserver.processClientRequest(GrpcClientProtocolService.java:358) [ratis-grpc-1.1.0-11689cd-SNAPSHOT.jar:1.1.0-11689cd-SNAPSHOT]
	at org.apache.ratis.grpc.client.GrpcClientProtocolService$RequestStreamObserver.onNext(GrpcClientProtocolService.java:248) [ratis-grpc-1.1.0-11689cd-SNAPSHOT.jar:1.1.0-11689cd-SNAPSHOT]
	at org.apache.ratis.grpc.client.GrpcClientProtocolService$RequestStreamObserver.onNext(GrpcClientProtocolService.java:171) [ratis-grpc-1.1.0-11689cd-SNAPSHOT.jar:1.1.0-11689cd-SNAPSHOT]
	at org.apache.ratis.thirdparty.io.grpc.stub.ServerCalls$StreamingServerCallHandler$StreamingServerCallListener.onMessage(ServerCalls.java:251) [ratis-thirdparty-misc-0.6.0-SNAPSHOT.jar:0.6.0-SNAPSHOT]
	at org.apache.ratis.thirdparty.io.grpc.ForwardingServerCallListener.onMessage(ForwardingServerCallListener.java:33) [ratis-thirdparty-misc-0.6.0-SNAPSHOT.jar:0.6.0-SNAPSHOT]
	at org.apache.ratis.thirdparty.io.grpc.internal.ServerCallImpl$ServerStreamListenerImpl.messagesAvailableInternal(ServerCallImpl.java:309) [ratis-thirdparty-misc-0.6.0-SNAPSHOT.jar:0.6.0-SNAPSHOT]
	at org.apache.ratis.thirdparty.io.grpc.internal.ServerCallImpl$ServerStreamListenerImpl.messagesAvailable(ServerCallImpl.java:292) [ratis-thirdparty-misc-0.6.0-SNAPSHOT.jar:0.6.0-SNAPSHOT]
	at org.apache.ratis.thirdparty.io.grpc.internal.ServerImpl$JumpToApplicationThreadServerStreamListener$1MessagesAvailable.runInContext(ServerImpl.java:783) [ratis-thirdparty-misc-0.6.0-SNAPSHOT.jar:0.6.0-SNAPSHOT]
	at org.apache.ratis.thirdparty.io.grpc.internal.ContextRunnable.run(ContextRunnable.java:37) [ratis-thirdparty-misc-0.6.0-SNAPSHOT.jar:0.6.0-SNAPSHOT]
	at org.apache.ratis.thirdparty.io.grpc.internal.SerializingExecutor.run(SerializingExecutor.java:123) [ratis-thirdparty-misc-0.6.0-SNAPSHOT.jar:0.6.0-SNAPSHOT]
	at java.util.concurrent.ThreadPoolExecutor.runWorker(ThreadPoolExecutor.java:1149) [?:1.8.0_232]
	at java.util.concurrent.ThreadPoolExecutor$Worker.run(ThreadPoolExecutor.java:624) [?:1.8.0_232]
	at java.lang.Thread.run(Thread.java:748) [?:1.8.0_232]
2020-10-13 01:29:12,804 [grpc-default-executor-3] ERROR storage.BlockOutputStream (BlockOutputStream.java:lambda$writeChunkToContainer$3(685)) - writing chunk failed 105024883953762307_chunk_5 blockID conID: 1 locID: 105024883953762307 bcsId: 13 with exception org.apache.ratis.protocol.exceptions.StateMachineException: org.apache.hadoop.hdds.scm.container.common.helpers.ContainerNotOpenException from Server dacc0b49-37d4-4467-a9c0-6b3478b804ce@group-CCBDA1CC1B1C: Container 1 in CLOSED state
2020-10-13 01:29:12,808 [grpc-default-executor-3] ERROR storage.BlockOutputStream (BlockOutputStream.java:lambda$writeChunkToContainer$3(685)) - writing chunk failed 105024883953762307_chunk_6 blockID conID: 1 locID: 105024883953762307 bcsId: 13 with exception org.apache.ratis.protocol.exceptions.StateMachineException: org.apache.hadoop.hdds.scm.container.common.helpers.ContainerNotOpenException from Server dacc0b49-37d4-4467-a9c0-6b3478b804ce@group-CCBDA1CC1B1C: Container 1 in CLOSED state
01:29:12.810 [grpc-default-executor-0] ERROR DNAudit - user=null | ip=null | op=PUT_BLOCK {blockData=[blockId=conID: 1 locID: 105024883953762307 bcsId: 0,size=600]} | ret=FAILURE
org.apache.hadoop.hdds.scm.container.common.helpers.ContainerNotOpenException: Container 1 in CLOSED state
	at org.apache.hadoop.ozone.container.common.impl.HddsDispatcher.validateContainerCommand(HddsDispatcher.java:484) ~[hadoop-hdds-container-service-1.1.0-SNAPSHOT.jar:?]
	at org.apache.hadoop.ozone.container.common.transport.server.ratis.ContainerStateMachine.startTransaction(ContainerStateMachine.java:319) ~[hadoop-hdds-container-service-1.1.0-SNAPSHOT.jar:?]
	at org.apache.ratis.server.impl.RaftServerImpl.submitClientRequestAsync(RaftServerImpl.java:684) ~[ratis-server-1.1.0-11689cd-SNAPSHOT.jar:1.1.0-11689cd-SNAPSHOT]
	at org.apache.ratis.server.impl.RaftServerProxy.lambda$submitClientRequestAsync$7(RaftServerProxy.java:341) ~[ratis-server-1.1.0-11689cd-SNAPSHOT.jar:1.1.0-11689cd-SNAPSHOT]
	at org.apache.ratis.server.impl.RaftServerProxy.lambda$null$5(RaftServerProxy.java:336) ~[ratis-server-1.1.0-11689cd-SNAPSHOT.jar:1.1.0-11689cd-SNAPSHOT]
	at org.apache.ratis.util.JavaUtils.callAsUnchecked(JavaUtils.java:109) ~[ratis-common-1.1.0-11689cd-SNAPSHOT.jar:1.1.0-11689cd-SNAPSHOT]
	at org.apache.ratis.server.impl.RaftServerProxy.lambda$submitRequest$6(RaftServerProxy.java:336) ~[ratis-server-1.1.0-11689cd-SNAPSHOT.jar:1.1.0-11689cd-SNAPSHOT]
	at java.util.concurrent.CompletableFuture.uniComposeStage(CompletableFuture.java:995) ~[?:1.8.0_232]
	at java.util.concurrent.CompletableFuture.thenCompose(CompletableFuture.java:2137) ~[?:1.8.0_232]
	at org.apache.ratis.server.impl.RaftServerProxy.submitRequest(RaftServerProxy.java:335) ~[ratis-server-1.1.0-11689cd-SNAPSHOT.jar:1.1.0-11689cd-SNAPSHOT]
	at org.apache.ratis.server.impl.RaftServerProxy.submitClientRequestAsync(RaftServerProxy.java:341) ~[ratis-server-1.1.0-11689cd-SNAPSHOT.jar:1.1.0-11689cd-SNAPSHOT]
	at org.apache.ratis.grpc.client.GrpcClientProtocolService$RequestStreamObserver.processClientRequest(GrpcClientProtocolService.java:228) ~[ratis-grpc-1.1.0-11689cd-SNAPSHOT.jar:1.1.0-11689cd-SNAPSHOT]
	at org.apache.ratis.grpc.client.GrpcClientProtocolService$OrderedRequestStreamObserver.processClientRequest(GrpcClientProtocolService.java:334) ~[ratis-grpc-1.1.0-11689cd-SNAPSHOT.jar:1.1.0-11689cd-SNAPSHOT]
	at org.apache.ratis.util.SlidingWindow$Server.processRequestsFromHead(SlidingWindow.java:429) [ratis-common-1.1.0-11689cd-SNAPSHOT.jar:1.1.0-11689cd-SNAPSHOT]
	at org.apache.ratis.util.SlidingWindow$Server.receivedRequest(SlidingWindow.java:421) [ratis-common-1.1.0-11689cd-SNAPSHOT.jar:1.1.0-11689cd-SNAPSHOT]
	at org.apache.ratis.grpc.client.GrpcClientProtocolService$OrderedRequestStreamObserver.processClientRequest(GrpcClientProtocolService.java:358) [ratis-grpc-1.1.0-11689cd-SNAPSHOT.jar:1.1.0-11689cd-SNAPSHOT]
	at org.apache.ratis.grpc.client.GrpcClientProtocolService$RequestStreamObserver.onNext(GrpcClientProtocolService.java:248) [ratis-grpc-1.1.0-11689cd-SNAPSHOT.jar:1.1.0-11689cd-SNAPSHOT]
	at org.apache.ratis.grpc.client.GrpcClientProtocolService$RequestStreamObserver.onNext(GrpcClientProtocolService.java:171) [ratis-grpc-1.1.0-11689cd-SNAPSHOT.jar:1.1.0-11689cd-SNAPSHOT]
	at org.apache.ratis.thirdparty.io.grpc.stub.ServerCalls$StreamingServerCallHandler$StreamingServerCallListener.onMessage(ServerCalls.java:251) [ratis-thirdparty-misc-0.6.0-SNAPSHOT.jar:0.6.0-SNAPSHOT]
	at org.apache.ratis.thirdparty.io.grpc.ForwardingServerCallListener.onMessage(ForwardingServerCallListener.java:33) [ratis-thirdparty-misc-0.6.0-SNAPSHOT.jar:0.6.0-SNAPSHOT]
	at org.apache.ratis.thirdparty.io.grpc.internal.ServerCallImpl$ServerStreamListenerImpl.messagesAvailableInternal(ServerCallImpl.java:309) [ratis-thirdparty-misc-0.6.0-SNAPSHOT.jar:0.6.0-SNAPSHOT]
	at org.apache.ratis.thirdparty.io.grpc.internal.ServerCallImpl$ServerStreamListenerImpl.messagesAvailable(ServerCallImpl.java:292) [ratis-thirdparty-misc-0.6.0-SNAPSHOT.jar:0.6.0-SNAPSHOT]
	at org.apache.ratis.thirdparty.io.grpc.internal.ServerImpl$JumpToApplicationThreadServerStreamListener$1MessagesAvailable.runInContext(ServerImpl.java:783) [ratis-thirdparty-misc-0.6.0-SNAPSHOT.jar:0.6.0-SNAPSHOT]
	at org.apache.ratis.thirdparty.io.grpc.internal.ContextRunnable.run(ContextRunnable.java:37) [ratis-thirdparty-misc-0.6.0-SNAPSHOT.jar:0.6.0-SNAPSHOT]
	at org.apache.ratis.thirdparty.io.grpc.internal.SerializingExecutor.run(SerializingExecutor.java:123) [ratis-thirdparty-misc-0.6.0-SNAPSHOT.jar:0.6.0-SNAPSHOT]
	at java.util.concurrent.ThreadPoolExecutor.runWorker(ThreadPoolExecutor.java:1149) [?:1.8.0_232]
	at java.util.concurrent.ThreadPoolExecutor$Worker.run(ThreadPoolExecutor.java:624) [?:1.8.0_232]
	at java.lang.Thread.run(Thread.java:748) [?:1.8.0_232]
01:29:12.811 [grpc-default-executor-0] ERROR DNAudit - user=null | ip=null | op=WRITE_CHUNK {blockData=conID: 1 locID: 105024883953762307 bcsId: 13} | ret=FAILURE
org.apache.hadoop.hdds.scm.container.common.helpers.ContainerNotOpenException: Container 1 in CLOSED state
	at org.apache.hadoop.ozone.container.common.impl.HddsDispatcher.validateContainerCommand(HddsDispatcher.java:484) ~[hadoop-hdds-container-service-1.1.0-SNAPSHOT.jar:?]
	at org.apache.hadoop.ozone.container.common.transport.server.ratis.ContainerStateMachine.startTransaction(ContainerStateMachine.java:319) ~[hadoop-hdds-container-service-1.1.0-SNAPSHOT.jar:?]
	at org.apache.ratis.server.impl.RaftServerImpl.submitClientRequestAsync(RaftServerImpl.java:684) ~[ratis-server-1.1.0-11689cd-SNAPSHOT.jar:1.1.0-11689cd-SNAPSHOT]
	at org.apache.ratis.server.impl.RaftServerProxy.lambda$submitClientRequestAsync$7(RaftServerProxy.java:341) ~[ratis-server-1.1.0-11689cd-SNAPSHOT.jar:1.1.0-11689cd-SNAPSHOT]
	at org.apache.ratis.server.impl.RaftServerProxy.lambda$null$5(RaftServerProxy.java:336) ~[ratis-server-1.1.0-11689cd-SNAPSHOT.jar:1.1.0-11689cd-SNAPSHOT]
	at org.apache.ratis.util.JavaUtils.callAsUnchecked(JavaUtils.java:109) ~[ratis-common-1.1.0-11689cd-SNAPSHOT.jar:1.1.0-11689cd-SNAPSHOT]
	at org.apache.ratis.server.impl.RaftServerProxy.lambda$submitRequest$6(RaftServerProxy.java:336) ~[ratis-server-1.1.0-11689cd-SNAPSHOT.jar:1.1.0-11689cd-SNAPSHOT]
	at java.util.concurrent.CompletableFuture.uniComposeStage(CompletableFuture.java:995) ~[?:1.8.0_232]
	at java.util.concurrent.CompletableFuture.thenCompose(CompletableFuture.java:2137) ~[?:1.8.0_232]
	at org.apache.ratis.server.impl.RaftServerProxy.submitRequest(RaftServerProxy.java:335) ~[ratis-server-1.1.0-11689cd-SNAPSHOT.jar:1.1.0-11689cd-SNAPSHOT]
	at org.apache.ratis.server.impl.RaftServerProxy.submitClientRequestAsync(RaftServerProxy.java:341) ~[ratis-server-1.1.0-11689cd-SNAPSHOT.jar:1.1.0-11689cd-SNAPSHOT]
	at org.apache.ratis.grpc.client.GrpcClientProtocolService$RequestStreamObserver.processClientRequest(GrpcClientProtocolService.java:228) ~[ratis-grpc-1.1.0-11689cd-SNAPSHOT.jar:1.1.0-11689cd-SNAPSHOT]
	at org.apache.ratis.grpc.client.GrpcClientProtocolService$OrderedRequestStreamObserver.processClientRequest(GrpcClientProtocolService.java:334) ~[ratis-grpc-1.1.0-11689cd-SNAPSHOT.jar:1.1.0-11689cd-SNAPSHOT]
	at org.apache.ratis.util.SlidingWindow$Server.processRequestsFromHead(SlidingWindow.java:429) [ratis-common-1.1.0-11689cd-SNAPSHOT.jar:1.1.0-11689cd-SNAPSHOT]
	at org.apache.ratis.util.SlidingWindow$Server.receivedRequest(SlidingWindow.java:421) [ratis-common-1.1.0-11689cd-SNAPSHOT.jar:1.1.0-11689cd-SNAPSHOT]
	at org.apache.ratis.grpc.client.GrpcClientProtocolService$OrderedRequestStreamObserver.processClientRequest(GrpcClientProtocolService.java:358) [ratis-grpc-1.1.0-11689cd-SNAPSHOT.jar:1.1.0-11689cd-SNAPSHOT]
	at org.apache.ratis.grpc.client.GrpcClientProtocolService$RequestStreamObserver.onNext(GrpcClientProtocolService.java:248) [ratis-grpc-1.1.0-11689cd-SNAPSHOT.jar:1.1.0-11689cd-SNAPSHOT]
	at org.apache.ratis.grpc.client.GrpcClientProtocolService$RequestStreamObserver.onNext(GrpcClientProtocolService.java:171) [ratis-grpc-1.1.0-11689cd-SNAPSHOT.jar:1.1.0-11689cd-SNAPSHOT]
	at org.apache.ratis.thirdparty.io.grpc.stub.ServerCalls$StreamingServerCallHandler$StreamingServerCallListener.onMessage(ServerCalls.java:251) [ratis-thirdparty-misc-0.6.0-SNAPSHOT.jar:0.6.0-SNAPSHOT]
	at org.apache.ratis.thirdparty.io.grpc.ForwardingServerCallListener.onMessage(ForwardingServerCallListener.java:33) [ratis-thirdparty-misc-0.6.0-SNAPSHOT.jar:0.6.0-SNAPSHOT]
	at org.apache.ratis.thirdparty.io.grpc.internal.ServerCallImpl$ServerStreamListenerImpl.messagesAvailableInternal(ServerCallImpl.java:309) [ratis-thirdparty-misc-0.6.0-SNAPSHOT.jar:0.6.0-SNAPSHOT]
	at org.apache.ratis.thirdparty.io.grpc.internal.ServerCallImpl$ServerStreamListenerImpl.messagesAvailable(ServerCallImpl.java:292) [ratis-thirdparty-misc-0.6.0-SNAPSHOT.jar:0.6.0-SNAPSHOT]
	at org.apache.ratis.thirdparty.io.grpc.internal.ServerImpl$JumpToApplicationThreadServerStreamListener$1MessagesAvailable.runInContext(ServerImpl.java:783) [ratis-thirdparty-misc-0.6.0-SNAPSHOT.jar:0.6.0-SNAPSHOT]
	at org.apache.ratis.thirdparty.io.grpc.internal.ContextRunnable.run(ContextRunnable.java:37) [ratis-thirdparty-misc-0.6.0-SNAPSHOT.jar:0.6.0-SNAPSHOT]
	at org.apache.ratis.thirdparty.io.grpc.internal.SerializingExecutor.run(SerializingExecutor.java:123) [ratis-thirdparty-misc-0.6.0-SNAPSHOT.jar:0.6.0-SNAPSHOT]
	at java.util.concurrent.ThreadPoolExecutor.runWorker(ThreadPoolExecutor.java:1149) [?:1.8.0_232]
	at java.util.concurrent.ThreadPoolExecutor$Worker.run(ThreadPoolExecutor.java:624) [?:1.8.0_232]
	at java.lang.Thread.run(Thread.java:748) [?:1.8.0_232]
01:29:12.817 [grpc-default-executor-0] ERROR DNAudit - user=null | ip=null | op=WRITE_CHUNK {blockData=conID: 1 locID: 105024883953762307 bcsId: 13} | ret=FAILURE
org.apache.hadoop.hdds.scm.container.common.helpers.ContainerNotOpenException: Container 1 in CLOSED state
	at org.apache.hadoop.ozone.container.common.impl.HddsDispatcher.validateContainerCommand(HddsDispatcher.java:484) ~[hadoop-hdds-container-service-1.1.0-SNAPSHOT.jar:?]
	at org.apache.hadoop.ozone.container.common.transport.server.ratis.ContainerStateMachine.startTransaction(ContainerStateMachine.java:319) ~[hadoop-hdds-container-service-1.1.0-SNAPSHOT.jar:?]
	at org.apache.ratis.server.impl.RaftServerImpl.submitClientRequestAsync(RaftServerImpl.java:684) ~[ratis-server-1.1.0-11689cd-SNAPSHOT.jar:1.1.0-11689cd-SNAPSHOT]
	at org.apache.ratis.server.impl.RaftServerProxy.lambda$submitClientRequestAsync$7(RaftServerProxy.java:341) ~[ratis-server-1.1.0-11689cd-SNAPSHOT.jar:1.1.0-11689cd-SNAPSHOT]
	at org.apache.ratis.server.impl.RaftServerProxy.lambda$null$5(RaftServerProxy.java:336) ~[ratis-server-1.1.0-11689cd-SNAPSHOT.jar:1.1.0-11689cd-SNAPSHOT]
	at org.apache.ratis.util.JavaUtils.callAsUnchecked(JavaUtils.java:109) ~[ratis-common-1.1.0-11689cd-SNAPSHOT.jar:1.1.0-11689cd-SNAPSHOT]
	at org.apache.ratis.server.impl.RaftServerProxy.lambda$submitRequest$6(RaftServerProxy.java:336) ~[ratis-server-1.1.0-11689cd-SNAPSHOT.jar:1.1.0-11689cd-SNAPSHOT]
	at java.util.concurrent.CompletableFuture.uniComposeStage(CompletableFuture.java:995) ~[?:1.8.0_232]
	at java.util.concurrent.CompletableFuture.thenCompose(CompletableFuture.java:2137) ~[?:1.8.0_232]
	at org.apache.ratis.server.impl.RaftServerProxy.submitRequest(RaftServerProxy.java:335) ~[ratis-server-1.1.0-11689cd-SNAPSHOT.jar:1.1.0-11689cd-SNAPSHOT]
	at org.apache.ratis.server.impl.RaftServerProxy.submitClientRequestAsync(RaftServerProxy.java:341) ~[ratis-server-1.1.0-11689cd-SNAPSHOT.jar:1.1.0-11689cd-SNAPSHOT]
	at org.apache.ratis.grpc.client.GrpcClientProtocolService$RequestStreamObserver.processClientRequest(GrpcClientProtocolService.java:228) ~[ratis-grpc-1.1.0-11689cd-SNAPSHOT.jar:1.1.0-11689cd-SNAPSHOT]
	at org.apache.ratis.grpc.client.GrpcClientProtocolService$OrderedRequestStreamObserver.processClientRequest(GrpcClientProtocolService.java:334) ~[ratis-grpc-1.1.0-11689cd-SNAPSHOT.jar:1.1.0-11689cd-SNAPSHOT]
	at org.apache.ratis.util.SlidingWindow$Server.processRequestsFromHead(SlidingWindow.java:429) [ratis-common-1.1.0-11689cd-SNAPSHOT.jar:1.1.0-11689cd-SNAPSHOT]
	at org.apache.ratis.util.SlidingWindow$Server.receivedRequest(SlidingWindow.java:421) [ratis-common-1.1.0-11689cd-SNAPSHOT.jar:1.1.0-11689cd-SNAPSHOT]
	at org.apache.ratis.grpc.client.GrpcClientProtocolService$OrderedRequestStreamObserver.processClientRequest(GrpcClientProtocolService.java:358) [ratis-grpc-1.1.0-11689cd-SNAPSHOT.jar:1.1.0-11689cd-SNAPSHOT]
	at org.apache.ratis.grpc.client.GrpcClientProtocolService$RequestStreamObserver.onNext(GrpcClientProtocolService.java:248) [ratis-grpc-1.1.0-11689cd-SNAPSHOT.jar:1.1.0-11689cd-SNAPSHOT]
	at org.apache.ratis.grpc.client.GrpcClientProtocolService$RequestStreamObserver.onNext(GrpcClientProtocolService.java:171) [ratis-grpc-1.1.0-11689cd-SNAPSHOT.jar:1.1.0-11689cd-SNAPSHOT]
	at org.apache.ratis.thirdparty.io.grpc.stub.ServerCalls$StreamingServerCallHandler$StreamingServerCallListener.onMessage(ServerCalls.java:251) [ratis-thirdparty-misc-0.6.0-SNAPSHOT.jar:0.6.0-SNAPSHOT]
	at org.apache.ratis.thirdparty.io.grpc.ForwardingServerCallListener.onMessage(ForwardingServerCallListener.java:33) [ratis-thirdparty-misc-0.6.0-SNAPSHOT.jar:0.6.0-SNAPSHOT]
	at org.apache.ratis.thirdparty.io.grpc.internal.ServerCallImpl$ServerStreamListenerImpl.messagesAvailableInternal(ServerCallImpl.java:309) [ratis-thirdparty-misc-0.6.0-SNAPSHOT.jar:0.6.0-SNAPSHOT]
	at org.apache.ratis.thirdparty.io.grpc.internal.ServerCallImpl$ServerStreamListenerImpl.messagesAvailable(ServerCallImpl.java:292) [ratis-thirdparty-misc-0.6.0-SNAPSHOT.jar:0.6.0-SNAPSHOT]
	at org.apache.ratis.thirdparty.io.grpc.internal.ServerImpl$JumpToApplicationThreadServerStreamListener$1MessagesAvailable.runInContext(ServerImpl.java:783) [ratis-thirdparty-misc-0.6.0-SNAPSHOT.jar:0.6.0-SNAPSHOT]
	at org.apache.ratis.thirdparty.io.grpc.internal.ContextRunnable.run(ContextRunnable.java:37) [ratis-thirdparty-misc-0.6.0-SNAPSHOT.jar:0.6.0-SNAPSHOT]
	at org.apache.ratis.thirdparty.io.grpc.internal.SerializingExecutor.run(SerializingExecutor.java:123) [ratis-thirdparty-misc-0.6.0-SNAPSHOT.jar:0.6.0-SNAPSHOT]
	at java.util.concurrent.ThreadPoolExecutor.runWorker(ThreadPoolExecutor.java:1149) [?:1.8.0_232]
	at java.util.concurrent.ThreadPoolExecutor$Worker.run(ThreadPoolExecutor.java:624) [?:1.8.0_232]
	at java.lang.Thread.run(Thread.java:748) [?:1.8.0_232]
2020-10-13 01:29:12,821 [grpc-default-executor-3] ERROR storage.BlockOutputStream (BlockOutputStream.java:lambda$writeChunkToContainer$3(685)) - writing chunk failed 105024883953762307_chunk_7 blockID conID: 1 locID: 105024883953762307 bcsId: 13 with exception org.apache.ratis.protocol.exceptions.StateMachineException: org.apache.hadoop.hdds.scm.container.common.helpers.ContainerNotOpenException from Server dacc0b49-37d4-4467-a9c0-6b3478b804ce@group-CCBDA1CC1B1C: Container 1 in CLOSED state
01:29:12.823 [grpc-default-executor-0] ERROR DNAudit - user=null | ip=null | op=PUT_BLOCK {blockData=[blockId=conID: 1 locID: 105024883953762307 bcsId: 0,size=800]} | ret=FAILURE
org.apache.hadoop.hdds.scm.container.common.helpers.ContainerNotOpenException: Container 1 in CLOSED state
	at org.apache.hadoop.ozone.container.common.impl.HddsDispatcher.validateContainerCommand(HddsDispatcher.java:484) ~[hadoop-hdds-container-service-1.1.0-SNAPSHOT.jar:?]
	at org.apache.hadoop.ozone.container.common.transport.server.ratis.ContainerStateMachine.startTransaction(ContainerStateMachine.java:319) ~[hadoop-hdds-container-service-1.1.0-SNAPSHOT.jar:?]
	at org.apache.ratis.server.impl.RaftServerImpl.submitClientRequestAsync(RaftServerImpl.java:684) ~[ratis-server-1.1.0-11689cd-SNAPSHOT.jar:1.1.0-11689cd-SNAPSHOT]
	at org.apache.ratis.server.impl.RaftServerProxy.lambda$submitClientRequestAsync$7(RaftServerProxy.java:341) ~[ratis-server-1.1.0-11689cd-SNAPSHOT.jar:1.1.0-11689cd-SNAPSHOT]
	at org.apache.ratis.server.impl.RaftServerProxy.lambda$null$5(RaftServerProxy.java:336) ~[ratis-server-1.1.0-11689cd-SNAPSHOT.jar:1.1.0-11689cd-SNAPSHOT]
	at org.apache.ratis.util.JavaUtils.callAsUnchecked(JavaUtils.java:109) ~[ratis-common-1.1.0-11689cd-SNAPSHOT.jar:1.1.0-11689cd-SNAPSHOT]
	at org.apache.ratis.server.impl.RaftServerProxy.lambda$submitRequest$6(RaftServerProxy.java:336) ~[ratis-server-1.1.0-11689cd-SNAPSHOT.jar:1.1.0-11689cd-SNAPSHOT]
	at java.util.concurrent.CompletableFuture.uniComposeStage(CompletableFuture.java:995) ~[?:1.8.0_232]
	at java.util.concurrent.CompletableFuture.thenCompose(CompletableFuture.java:2137) ~[?:1.8.0_232]
	at org.apache.ratis.server.impl.RaftServerProxy.submitRequest(RaftServerProxy.java:335) ~[ratis-server-1.1.0-11689cd-SNAPSHOT.jar:1.1.0-11689cd-SNAPSHOT]
	at org.apache.ratis.server.impl.RaftServerProxy.submitClientRequestAsync(RaftServerProxy.java:341) ~[ratis-server-1.1.0-11689cd-SNAPSHOT.jar:1.1.0-11689cd-SNAPSHOT]
	at org.apache.ratis.grpc.client.GrpcClientProtocolService$RequestStreamObserver.processClientRequest(GrpcClientProtocolService.java:228) ~[ratis-grpc-1.1.0-11689cd-SNAPSHOT.jar:1.1.0-11689cd-SNAPSHOT]
	at org.apache.ratis.grpc.client.GrpcClientProtocolService$OrderedRequestStreamObserver.processClientRequest(GrpcClientProtocolService.java:334) ~[ratis-grpc-1.1.0-11689cd-SNAPSHOT.jar:1.1.0-11689cd-SNAPSHOT]
	at org.apache.ratis.util.SlidingWindow$Server.processRequestsFromHead(SlidingWindow.java:429) [ratis-common-1.1.0-11689cd-SNAPSHOT.jar:1.1.0-11689cd-SNAPSHOT]
	at org.apache.ratis.util.SlidingWindow$Server.receivedRequest(SlidingWindow.java:421) [ratis-common-1.1.0-11689cd-SNAPSHOT.jar:1.1.0-11689cd-SNAPSHOT]
	at org.apache.ratis.grpc.client.GrpcClientProtocolService$OrderedRequestStreamObserver.processClientRequest(GrpcClientProtocolService.java:358) [ratis-grpc-1.1.0-11689cd-SNAPSHOT.jar:1.1.0-11689cd-SNAPSHOT]
	at org.apache.ratis.grpc.client.GrpcClientProtocolService$RequestStreamObserver.onNext(GrpcClientProtocolService.java:248) [ratis-grpc-1.1.0-11689cd-SNAPSHOT.jar:1.1.0-11689cd-SNAPSHOT]
	at org.apache.ratis.grpc.client.GrpcClientProtocolService$RequestStreamObserver.onNext(GrpcClientProtocolService.java:171) [ratis-grpc-1.1.0-11689cd-SNAPSHOT.jar:1.1.0-11689cd-SNAPSHOT]
	at org.apache.ratis.thirdparty.io.grpc.stub.ServerCalls$StreamingServerCallHandler$StreamingServerCallListener.onMessage(ServerCalls.java:251) [ratis-thirdparty-misc-0.6.0-SNAPSHOT.jar:0.6.0-SNAPSHOT]
	at org.apache.ratis.thirdparty.io.grpc.ForwardingServerCallListener.onMessage(ForwardingServerCallListener.java:33) [ratis-thirdparty-misc-0.6.0-SNAPSHOT.jar:0.6.0-SNAPSHOT]
	at org.apache.ratis.thirdparty.io.grpc.internal.ServerCallImpl$ServerStreamListenerImpl.messagesAvailableInternal(ServerCallImpl.java:309) [ratis-thirdparty-misc-0.6.0-SNAPSHOT.jar:0.6.0-SNAPSHOT]
	at org.apache.ratis.thirdparty.io.grpc.internal.ServerCallImpl$ServerStreamListenerImpl.messagesAvailable(ServerCallImpl.java:292) [ratis-thirdparty-misc-0.6.0-SNAPSHOT.jar:0.6.0-SNAPSHOT]
	at org.apache.ratis.thirdparty.io.grpc.internal.ServerImpl$JumpToApplicationThreadServerStreamListener$1MessagesAvailable.runInContext(ServerImpl.java:783) [ratis-thirdparty-misc-0.6.0-SNAPSHOT.jar:0.6.0-SNAPSHOT]
	at org.apache.ratis.thirdparty.io.grpc.internal.ContextRunnable.run(ContextRunnable.java:37) [ratis-thirdparty-misc-0.6.0-SNAPSHOT.jar:0.6.0-SNAPSHOT]
	at org.apache.ratis.thirdparty.io.grpc.internal.SerializingExecutor.run(SerializingExecutor.java:123) [ratis-thirdparty-misc-0.6.0-SNAPSHOT.jar:0.6.0-SNAPSHOT]
	at java.util.concurrent.ThreadPoolExecutor.runWorker(ThreadPoolExecutor.java:1149) [?:1.8.0_232]
	at java.util.concurrent.ThreadPoolExecutor$Worker.run(ThreadPoolExecutor.java:624) [?:1.8.0_232]
	at java.lang.Thread.run(Thread.java:748) [?:1.8.0_232]
2020-10-13 01:29:12,827 [grpc-default-executor-0] ERROR storage.BlockOutputStream (BlockOutputStream.java:lambda$writeChunkToContainer$3(685)) - writing chunk failed 105024883953762307_chunk_8 blockID conID: 1 locID: 105024883953762307 bcsId: 13 with exception org.apache.ratis.protocol.exceptions.StateMachineException: org.apache.hadoop.hdds.scm.container.common.helpers.ContainerNotOpenException from Server dacc0b49-37d4-4467-a9c0-6b3478b804ce@group-CCBDA1CC1B1C: Container 1 in CLOSED state
01:29:12.843 [grpc-default-executor-0] ERROR DNAudit - user=null | ip=null | op=WRITE_CHUNK {blockData=conID: 2 locID: 105024883953762308 bcsId: 0} | ret=FAILURE
org.apache.hadoop.hdds.scm.container.common.helpers.ContainerNotOpenException: Container 2 in CLOSED state
	at org.apache.hadoop.ozone.container.common.impl.HddsDispatcher.validateContainerCommand(HddsDispatcher.java:484) ~[hadoop-hdds-container-service-1.1.0-SNAPSHOT.jar:?]
	at org.apache.hadoop.ozone.container.common.transport.server.ratis.ContainerStateMachine.startTransaction(ContainerStateMachine.java:319) ~[hadoop-hdds-container-service-1.1.0-SNAPSHOT.jar:?]
	at org.apache.ratis.server.impl.RaftServerImpl.submitClientRequestAsync(RaftServerImpl.java:684) ~[ratis-server-1.1.0-11689cd-SNAPSHOT.jar:1.1.0-11689cd-SNAPSHOT]
	at org.apache.ratis.server.impl.RaftServerProxy.lambda$submitClientRequestAsync$7(RaftServerProxy.java:341) ~[ratis-server-1.1.0-11689cd-SNAPSHOT.jar:1.1.0-11689cd-SNAPSHOT]
	at org.apache.ratis.server.impl.RaftServerProxy.lambda$null$5(RaftServerProxy.java:336) ~[ratis-server-1.1.0-11689cd-SNAPSHOT.jar:1.1.0-11689cd-SNAPSHOT]
	at org.apache.ratis.util.JavaUtils.callAsUnchecked(JavaUtils.java:109) ~[ratis-common-1.1.0-11689cd-SNAPSHOT.jar:1.1.0-11689cd-SNAPSHOT]
	at org.apache.ratis.server.impl.RaftServerProxy.lambda$submitRequest$6(RaftServerProxy.java:336) ~[ratis-server-1.1.0-11689cd-SNAPSHOT.jar:1.1.0-11689cd-SNAPSHOT]
	at java.util.concurrent.CompletableFuture.uniComposeStage(CompletableFuture.java:995) ~[?:1.8.0_232]
	at java.util.concurrent.CompletableFuture.thenCompose(CompletableFuture.java:2137) ~[?:1.8.0_232]
	at org.apache.ratis.server.impl.RaftServerProxy.submitRequest(RaftServerProxy.java:335) ~[ratis-server-1.1.0-11689cd-SNAPSHOT.jar:1.1.0-11689cd-SNAPSHOT]
	at org.apache.ratis.server.impl.RaftServerProxy.submitClientRequestAsync(RaftServerProxy.java:341) ~[ratis-server-1.1.0-11689cd-SNAPSHOT.jar:1.1.0-11689cd-SNAPSHOT]
	at org.apache.ratis.grpc.client.GrpcClientProtocolService$RequestStreamObserver.processClientRequest(GrpcClientProtocolService.java:228) ~[ratis-grpc-1.1.0-11689cd-SNAPSHOT.jar:1.1.0-11689cd-SNAPSHOT]
	at org.apache.ratis.grpc.client.GrpcClientProtocolService$OrderedRequestStreamObserver.processClientRequest(GrpcClientProtocolService.java:334) ~[ratis-grpc-1.1.0-11689cd-SNAPSHOT.jar:1.1.0-11689cd-SNAPSHOT]
	at org.apache.ratis.util.SlidingWindow$Server.processRequestsFromHead(SlidingWindow.java:429) [ratis-common-1.1.0-11689cd-SNAPSHOT.jar:1.1.0-11689cd-SNAPSHOT]
	at org.apache.ratis.util.SlidingWindow$Server.receivedRequest(SlidingWindow.java:421) [ratis-common-1.1.0-11689cd-SNAPSHOT.jar:1.1.0-11689cd-SNAPSHOT]
	at org.apache.ratis.grpc.client.GrpcClientProtocolService$OrderedRequestStreamObserver.processClientRequest(GrpcClientProtocolService.java:358) [ratis-grpc-1.1.0-11689cd-SNAPSHOT.jar:1.1.0-11689cd-SNAPSHOT]
	at org.apache.ratis.grpc.client.GrpcClientProtocolService$RequestStreamObserver.onNext(GrpcClientProtocolService.java:248) [ratis-grpc-1.1.0-11689cd-SNAPSHOT.jar:1.1.0-11689cd-SNAPSHOT]
	at org.apache.ratis.grpc.client.GrpcClientProtocolService$RequestStreamObserver.onNext(GrpcClientProtocolService.java:171) [ratis-grpc-1.1.0-11689cd-SNAPSHOT.jar:1.1.0-11689cd-SNAPSHOT]
	at org.apache.ratis.thirdparty.io.grpc.stub.ServerCalls$StreamingServerCallHandler$StreamingServerCallListener.onMessage(ServerCalls.java:251) [ratis-thirdparty-misc-0.6.0-SNAPSHOT.jar:0.6.0-SNAPSHOT]
	at org.apache.ratis.thirdparty.io.grpc.ForwardingServerCallListener.onMessage(ForwardingServerCallListener.java:33) [ratis-thirdparty-misc-0.6.0-SNAPSHOT.jar:0.6.0-SNAPSHOT]
	at org.apache.ratis.thirdparty.io.grpc.internal.ServerCallImpl$ServerStreamListenerImpl.messagesAvailableInternal(ServerCallImpl.java:309) [ratis-thirdparty-misc-0.6.0-SNAPSHOT.jar:0.6.0-SNAPSHOT]
	at org.apache.ratis.thirdparty.io.grpc.internal.ServerCallImpl$ServerStreamListenerImpl.messagesAvailable(ServerCallImpl.java:292) [ratis-thirdparty-misc-0.6.0-SNAPSHOT.jar:0.6.0-SNAPSHOT]
	at org.apache.ratis.thirdparty.io.grpc.internal.ServerImpl$JumpToApplicationThreadServerStreamListener$1MessagesAvailable.runInContext(ServerImpl.java:783) [ratis-thirdparty-misc-0.6.0-SNAPSHOT.jar:0.6.0-SNAPSHOT]
	at org.apache.ratis.thirdparty.io.grpc.internal.ContextRunnable.run(ContextRunnable.java:37) [ratis-thirdparty-misc-0.6.0-SNAPSHOT.jar:0.6.0-SNAPSHOT]
	at org.apache.ratis.thirdparty.io.grpc.internal.SerializingExecutor.run(SerializingExecutor.java:123) [ratis-thirdparty-misc-0.6.0-SNAPSHOT.jar:0.6.0-SNAPSHOT]
	at java.util.concurrent.ThreadPoolExecutor.runWorker(ThreadPoolExecutor.java:1149) [?:1.8.0_232]
	at java.util.concurrent.ThreadPoolExecutor$Worker.run(ThreadPoolExecutor.java:624) [?:1.8.0_232]
	at java.lang.Thread.run(Thread.java:748) [?:1.8.0_232]
01:29:12.844 [grpc-default-executor-0] ERROR DNAudit - user=null | ip=null | op=WRITE_CHUNK {blockData=conID: 2 locID: 105024883953762308 bcsId: 0} | ret=FAILURE
org.apache.hadoop.hdds.scm.container.common.helpers.ContainerNotOpenException: Container 2 in CLOSED state
	at org.apache.hadoop.ozone.container.common.impl.HddsDispatcher.validateContainerCommand(HddsDispatcher.java:484) ~[hadoop-hdds-container-service-1.1.0-SNAPSHOT.jar:?]
	at org.apache.hadoop.ozone.container.common.transport.server.ratis.ContainerStateMachine.startTransaction(ContainerStateMachine.java:319) ~[hadoop-hdds-container-service-1.1.0-SNAPSHOT.jar:?]
	at org.apache.ratis.server.impl.RaftServerImpl.submitClientRequestAsync(RaftServerImpl.java:684) ~[ratis-server-1.1.0-11689cd-SNAPSHOT.jar:1.1.0-11689cd-SNAPSHOT]
	at org.apache.ratis.server.impl.RaftServerProxy.lambda$submitClientRequestAsync$7(RaftServerProxy.java:341) ~[ratis-server-1.1.0-11689cd-SNAPSHOT.jar:1.1.0-11689cd-SNAPSHOT]
	at org.apache.ratis.server.impl.RaftServerProxy.lambda$null$5(RaftServerProxy.java:336) ~[ratis-server-1.1.0-11689cd-SNAPSHOT.jar:1.1.0-11689cd-SNAPSHOT]
	at org.apache.ratis.util.JavaUtils.callAsUnchecked(JavaUtils.java:109) ~[ratis-common-1.1.0-11689cd-SNAPSHOT.jar:1.1.0-11689cd-SNAPSHOT]
	at org.apache.ratis.server.impl.RaftServerProxy.lambda$submitRequest$6(RaftServerProxy.java:336) ~[ratis-server-1.1.0-11689cd-SNAPSHOT.jar:1.1.0-11689cd-SNAPSHOT]
	at java.util.concurrent.CompletableFuture.uniComposeStage(CompletableFuture.java:995) ~[?:1.8.0_232]
	at java.util.concurrent.CompletableFuture.thenCompose(CompletableFuture.java:2137) ~[?:1.8.0_232]
	at org.apache.ratis.server.impl.RaftServerProxy.submitRequest(RaftServerProxy.java:335) ~[ratis-server-1.1.0-11689cd-SNAPSHOT.jar:1.1.0-11689cd-SNAPSHOT]
	at org.apache.ratis.server.impl.RaftServerProxy.submitClientRequestAsync(RaftServerProxy.java:341) ~[ratis-server-1.1.0-11689cd-SNAPSHOT.jar:1.1.0-11689cd-SNAPSHOT]
	at org.apache.ratis.grpc.client.GrpcClientProtocolService$RequestStreamObserver.processClientRequest(GrpcClientProtocolService.java:228) ~[ratis-grpc-1.1.0-11689cd-SNAPSHOT.jar:1.1.0-11689cd-SNAPSHOT]
	at org.apache.ratis.grpc.client.GrpcClientProtocolService$OrderedRequestStreamObserver.processClientRequest(GrpcClientProtocolService.java:334) ~[ratis-grpc-1.1.0-11689cd-SNAPSHOT.jar:1.1.0-11689cd-SNAPSHOT]
	at org.apache.ratis.util.SlidingWindow$Server.processRequestsFromHead(SlidingWindow.java:429) [ratis-common-1.1.0-11689cd-SNAPSHOT.jar:1.1.0-11689cd-SNAPSHOT]
	at org.apache.ratis.util.SlidingWindow$Server.receivedRequest(SlidingWindow.java:421) [ratis-common-1.1.0-11689cd-SNAPSHOT.jar:1.1.0-11689cd-SNAPSHOT]
	at org.apache.ratis.grpc.client.GrpcClientProtocolService$OrderedRequestStreamObserver.processClientRequest(GrpcClientProtocolService.java:358) [ratis-grpc-1.1.0-11689cd-SNAPSHOT.jar:1.1.0-11689cd-SNAPSHOT]
	at org.apache.ratis.grpc.client.GrpcClientProtocolService$RequestStreamObserver.onNext(GrpcClientProtocolService.java:248) [ratis-grpc-1.1.0-11689cd-SNAPSHOT.jar:1.1.0-11689cd-SNAPSHOT]
	at org.apache.ratis.grpc.client.GrpcClientProtocolService$RequestStreamObserver.onNext(GrpcClientProtocolService.java:171) [ratis-grpc-1.1.0-11689cd-SNAPSHOT.jar:1.1.0-11689cd-SNAPSHOT]
	at org.apache.ratis.thirdparty.io.grpc.stub.ServerCalls$StreamingServerCallHandler$StreamingServerCallListener.onMessage(ServerCalls.java:251) [ratis-thirdparty-misc-0.6.0-SNAPSHOT.jar:0.6.0-SNAPSHOT]
	at org.apache.ratis.thirdparty.io.grpc.ForwardingServerCallListener.onMessage(ForwardingServerCallListener.java:33) [ratis-thirdparty-misc-0.6.0-SNAPSHOT.jar:0.6.0-SNAPSHOT]
	at org.apache.ratis.thirdparty.io.grpc.internal.ServerCallImpl$ServerStreamListenerImpl.messagesAvailableInternal(ServerCallImpl.java:309) [ratis-thirdparty-misc-0.6.0-SNAPSHOT.jar:0.6.0-SNAPSHOT]
	at org.apache.ratis.thirdparty.io.grpc.internal.ServerCallImpl$ServerStreamListenerImpl.messagesAvailable(ServerCallImpl.java:292) [ratis-thirdparty-misc-0.6.0-SNAPSHOT.jar:0.6.0-SNAPSHOT]
	at org.apache.ratis.thirdparty.io.grpc.internal.ServerImpl$JumpToApplicationThreadServerStreamListener$1MessagesAvailable.runInContext(ServerImpl.java:783) [ratis-thirdparty-misc-0.6.0-SNAPSHOT.jar:0.6.0-SNAPSHOT]
	at org.apache.ratis.thirdparty.io.grpc.internal.ContextRunnable.run(ContextRunnable.java:37) [ratis-thirdparty-misc-0.6.0-SNAPSHOT.jar:0.6.0-SNAPSHOT]
	at org.apache.ratis.thirdparty.io.grpc.internal.SerializingExecutor.run(SerializingExecutor.java:123) [ratis-thirdparty-misc-0.6.0-SNAPSHOT.jar:0.6.0-SNAPSHOT]
	at java.util.concurrent.ThreadPoolExecutor.runWorker(ThreadPoolExecutor.java:1149) [?:1.8.0_232]
	at java.util.concurrent.ThreadPoolExecutor$Worker.run(ThreadPoolExecutor.java:624) [?:1.8.0_232]
	at java.lang.Thread.run(Thread.java:748) [?:1.8.0_232]
2020-10-13 01:29:12,855 [grpc-default-executor-3] ERROR storage.BlockOutputStream (BlockOutputStream.java:lambda$writeChunkToContainer$3(685)) - writing chunk failed 105024883953762308_chunk_1 blockID conID: 2 locID: 105024883953762308 bcsId: 0 with exception org.apache.ratis.protocol.exceptions.StateMachineException: org.apache.hadoop.hdds.scm.container.common.helpers.ContainerNotOpenException from Server dacc0b49-37d4-4467-a9c0-6b3478b804ce@group-CCBDA1CC1B1C: Container 2 in CLOSED state
01:29:12.857 [grpc-default-executor-0] ERROR DNAudit - user=null | ip=null | op=PUT_BLOCK {blockData=[blockId=conID: 2 locID: 105024883953762308 bcsId: 0,size=200]} | ret=FAILURE
org.apache.hadoop.hdds.scm.container.common.helpers.ContainerNotOpenException: Container 2 in CLOSED state
	at org.apache.hadoop.ozone.container.common.impl.HddsDispatcher.validateContainerCommand(HddsDispatcher.java:484) ~[hadoop-hdds-container-service-1.1.0-SNAPSHOT.jar:?]
	at org.apache.hadoop.ozone.container.common.transport.server.ratis.ContainerStateMachine.startTransaction(ContainerStateMachine.java:319) ~[hadoop-hdds-container-service-1.1.0-SNAPSHOT.jar:?]
	at org.apache.ratis.server.impl.RaftServerImpl.submitClientRequestAsync(RaftServerImpl.java:684) ~[ratis-server-1.1.0-11689cd-SNAPSHOT.jar:1.1.0-11689cd-SNAPSHOT]
	at org.apache.ratis.server.impl.RaftServerProxy.lambda$submitClientRequestAsync$7(RaftServerProxy.java:341) ~[ratis-server-1.1.0-11689cd-SNAPSHOT.jar:1.1.0-11689cd-SNAPSHOT]
	at org.apache.ratis.server.impl.RaftServerProxy.lambda$null$5(RaftServerProxy.java:336) ~[ratis-server-1.1.0-11689cd-SNAPSHOT.jar:1.1.0-11689cd-SNAPSHOT]
	at org.apache.ratis.util.JavaUtils.callAsUnchecked(JavaUtils.java:109) ~[ratis-common-1.1.0-11689cd-SNAPSHOT.jar:1.1.0-11689cd-SNAPSHOT]
	at org.apache.ratis.server.impl.RaftServerProxy.lambda$submitRequest$6(RaftServerProxy.java:336) ~[ratis-server-1.1.0-11689cd-SNAPSHOT.jar:1.1.0-11689cd-SNAPSHOT]
	at java.util.concurrent.CompletableFuture.uniComposeStage(CompletableFuture.java:995) ~[?:1.8.0_232]
	at java.util.concurrent.CompletableFuture.thenCompose(CompletableFuture.java:2137) ~[?:1.8.0_232]
	at org.apache.ratis.server.impl.RaftServerProxy.submitRequest(RaftServerProxy.java:335) ~[ratis-server-1.1.0-11689cd-SNAPSHOT.jar:1.1.0-11689cd-SNAPSHOT]
	at org.apache.ratis.server.impl.RaftServerProxy.submitClientRequestAsync(RaftServerProxy.java:341) ~[ratis-server-1.1.0-11689cd-SNAPSHOT.jar:1.1.0-11689cd-SNAPSHOT]
	at org.apache.ratis.grpc.client.GrpcClientProtocolService$RequestStreamObserver.processClientRequest(GrpcClientProtocolService.java:228) ~[ratis-grpc-1.1.0-11689cd-SNAPSHOT.jar:1.1.0-11689cd-SNAPSHOT]
	at org.apache.ratis.grpc.client.GrpcClientProtocolService$OrderedRequestStreamObserver.processClientRequest(GrpcClientProtocolService.java:334) ~[ratis-grpc-1.1.0-11689cd-SNAPSHOT.jar:1.1.0-11689cd-SNAPSHOT]
	at org.apache.ratis.util.SlidingWindow$Server.processRequestsFromHead(SlidingWindow.java:429) [ratis-common-1.1.0-11689cd-SNAPSHOT.jar:1.1.0-11689cd-SNAPSHOT]
	at org.apache.ratis.util.SlidingWindow$Server.receivedRequest(SlidingWindow.java:421) [ratis-common-1.1.0-11689cd-SNAPSHOT.jar:1.1.0-11689cd-SNAPSHOT]
	at org.apache.ratis.grpc.client.GrpcClientProtocolService$OrderedRequestStreamObserver.processClientRequest(GrpcClientProtocolService.java:358) [ratis-grpc-1.1.0-11689cd-SNAPSHOT.jar:1.1.0-11689cd-SNAPSHOT]
	at org.apache.ratis.grpc.client.GrpcClientProtocolService$RequestStreamObserver.onNext(GrpcClientProtocolService.java:248) [ratis-grpc-1.1.0-11689cd-SNAPSHOT.jar:1.1.0-11689cd-SNAPSHOT]
	at org.apache.ratis.grpc.client.GrpcClientProtocolService$RequestStreamObserver.onNext(GrpcClientProtocolService.java:171) [ratis-grpc-1.1.0-11689cd-SNAPSHOT.jar:1.1.0-11689cd-SNAPSHOT]
	at org.apache.ratis.thirdparty.io.grpc.stub.ServerCalls$StreamingServerCallHandler$StreamingServerCallListener.onMessage(ServerCalls.java:251) [ratis-thirdparty-misc-0.6.0-SNAPSHOT.jar:0.6.0-SNAPSHOT]
	at org.apache.ratis.thirdparty.io.grpc.ForwardingServerCallListener.onMessage(ForwardingServerCallListener.java:33) [ratis-thirdparty-misc-0.6.0-SNAPSHOT.jar:0.6.0-SNAPSHOT]
	at org.apache.ratis.thirdparty.io.grpc.internal.ServerCallImpl$ServerStreamListenerImpl.messagesAvailableInternal(ServerCallImpl.java:309) [ratis-thirdparty-misc-0.6.0-SNAPSHOT.jar:0.6.0-SNAPSHOT]
	at org.apache.ratis.thirdparty.io.grpc.internal.ServerCallImpl$ServerStreamListenerImpl.messagesAvailable(ServerCallImpl.java:292) [ratis-thirdparty-misc-0.6.0-SNAPSHOT.jar:0.6.0-SNAPSHOT]
	at org.apache.ratis.thirdparty.io.grpc.internal.ServerImpl$JumpToApplicationThreadServerStreamListener$1MessagesAvailable.runInContext(ServerImpl.java:783) [ratis-thirdparty-misc-0.6.0-SNAPSHOT.jar:0.6.0-SNAPSHOT]
	at org.apache.ratis.thirdparty.io.grpc.internal.ContextRunnable.run(ContextRunnable.java:37) [ratis-thirdparty-misc-0.6.0-SNAPSHOT.jar:0.6.0-SNAPSHOT]
	at org.apache.ratis.thirdparty.io.grpc.internal.SerializingExecutor.run(SerializingExecutor.java:123) [ratis-thirdparty-misc-0.6.0-SNAPSHOT.jar:0.6.0-SNAPSHOT]
	at java.util.concurrent.ThreadPoolExecutor.runWorker(ThreadPoolExecutor.java:1149) [?:1.8.0_232]
	at java.util.concurrent.ThreadPoolExecutor$Worker.run(ThreadPoolExecutor.java:624) [?:1.8.0_232]
	at java.lang.Thread.run(Thread.java:748) [?:1.8.0_232]
2020-10-13 01:29:12,857 [grpc-default-executor-3] ERROR storage.BlockOutputStream (BlockOutputStream.java:lambda$writeChunkToContainer$3(685)) - writing chunk failed 105024883953762308_chunk_2 blockID conID: 2 locID: 105024883953762308 bcsId: 0 with exception org.apache.ratis.protocol.exceptions.StateMachineException: org.apache.hadoop.hdds.scm.container.common.helpers.ContainerNotOpenException from Server dacc0b49-37d4-4467-a9c0-6b3478b804ce@group-CCBDA1CC1B1C: Container 2 in CLOSED state
01:29:12.867 [grpc-default-executor-0] ERROR DNAudit - user=null | ip=null | op=WRITE_CHUNK {blockData=conID: 2 locID: 105024883953762308 bcsId: 0} | ret=FAILURE
org.apache.hadoop.hdds.scm.container.common.helpers.ContainerNotOpenException: Container 2 in CLOSED state
	at org.apache.hadoop.ozone.container.common.impl.HddsDispatcher.validateContainerCommand(HddsDispatcher.java:484) ~[hadoop-hdds-container-service-1.1.0-SNAPSHOT.jar:?]
	at org.apache.hadoop.ozone.container.common.transport.server.ratis.ContainerStateMachine.startTransaction(ContainerStateMachine.java:319) ~[hadoop-hdds-container-service-1.1.0-SNAPSHOT.jar:?]
	at org.apache.ratis.server.impl.RaftServerImpl.submitClientRequestAsync(RaftServerImpl.java:684) ~[ratis-server-1.1.0-11689cd-SNAPSHOT.jar:1.1.0-11689cd-SNAPSHOT]
	at org.apache.ratis.server.impl.RaftServerProxy.lambda$submitClientRequestAsync$7(RaftServerProxy.java:341) ~[ratis-server-1.1.0-11689cd-SNAPSHOT.jar:1.1.0-11689cd-SNAPSHOT]
	at org.apache.ratis.server.impl.RaftServerProxy.lambda$null$5(RaftServerProxy.java:336) ~[ratis-server-1.1.0-11689cd-SNAPSHOT.jar:1.1.0-11689cd-SNAPSHOT]
	at org.apache.ratis.util.JavaUtils.callAsUnchecked(JavaUtils.java:109) ~[ratis-common-1.1.0-11689cd-SNAPSHOT.jar:1.1.0-11689cd-SNAPSHOT]
	at org.apache.ratis.server.impl.RaftServerProxy.lambda$submitRequest$6(RaftServerProxy.java:336) ~[ratis-server-1.1.0-11689cd-SNAPSHOT.jar:1.1.0-11689cd-SNAPSHOT]
	at java.util.concurrent.CompletableFuture.uniComposeStage(CompletableFuture.java:995) ~[?:1.8.0_232]
	at java.util.concurrent.CompletableFuture.thenCompose(CompletableFuture.java:2137) ~[?:1.8.0_232]
	at org.apache.ratis.server.impl.RaftServerProxy.submitRequest(RaftServerProxy.java:335) ~[ratis-server-1.1.0-11689cd-SNAPSHOT.jar:1.1.0-11689cd-SNAPSHOT]
	at org.apache.ratis.server.impl.RaftServerProxy.submitClientRequestAsync(RaftServerProxy.java:341) ~[ratis-server-1.1.0-11689cd-SNAPSHOT.jar:1.1.0-11689cd-SNAPSHOT]
	at org.apache.ratis.grpc.client.GrpcClientProtocolService$RequestStreamObserver.processClientRequest(GrpcClientProtocolService.java:228) ~[ratis-grpc-1.1.0-11689cd-SNAPSHOT.jar:1.1.0-11689cd-SNAPSHOT]
	at org.apache.ratis.grpc.client.GrpcClientProtocolService$OrderedRequestStreamObserver.processClientRequest(GrpcClientProtocolService.java:334) ~[ratis-grpc-1.1.0-11689cd-SNAPSHOT.jar:1.1.0-11689cd-SNAPSHOT]
	at org.apache.ratis.util.SlidingWindow$Server.processRequestsFromHead(SlidingWindow.java:429) [ratis-common-1.1.0-11689cd-SNAPSHOT.jar:1.1.0-11689cd-SNAPSHOT]
	at org.apache.ratis.util.SlidingWindow$Server.receivedRequest(SlidingWindow.java:421) [ratis-common-1.1.0-11689cd-SNAPSHOT.jar:1.1.0-11689cd-SNAPSHOT]
	at org.apache.ratis.grpc.client.GrpcClientProtocolService$OrderedRequestStreamObserver.processClientRequest(GrpcClientProtocolService.java:358) [ratis-grpc-1.1.0-11689cd-SNAPSHOT.jar:1.1.0-11689cd-SNAPSHOT]
	at org.apache.ratis.grpc.client.GrpcClientProtocolService$RequestStreamObserver.onNext(GrpcClientProtocolService.java:248) [ratis-grpc-1.1.0-11689cd-SNAPSHOT.jar:1.1.0-11689cd-SNAPSHOT]
	at org.apache.ratis.grpc.client.GrpcClientProtocolService$RequestStreamObserver.onNext(GrpcClientProtocolService.java:171) [ratis-grpc-1.1.0-11689cd-SNAPSHOT.jar:1.1.0-11689cd-SNAPSHOT]
	at org.apache.ratis.thirdparty.io.grpc.stub.ServerCalls$StreamingServerCallHandler$StreamingServerCallListener.onMessage(ServerCalls.java:251) [ratis-thirdparty-misc-0.6.0-SNAPSHOT.jar:0.6.0-SNAPSHOT]
	at org.apache.ratis.thirdparty.io.grpc.ForwardingServerCallListener.onMessage(ForwardingServerCallListener.java:33) [ratis-thirdparty-misc-0.6.0-SNAPSHOT.jar:0.6.0-SNAPSHOT]
	at org.apache.ratis.thirdparty.io.grpc.internal.ServerCallImpl$ServerStreamListenerImpl.messagesAvailableInternal(ServerCallImpl.java:309) [ratis-thirdparty-misc-0.6.0-SNAPSHOT.jar:0.6.0-SNAPSHOT]
	at org.apache.ratis.thirdparty.io.grpc.internal.ServerCallImpl$ServerStreamListenerImpl.messagesAvailable(ServerCallImpl.java:292) [ratis-thirdparty-misc-0.6.0-SNAPSHOT.jar:0.6.0-SNAPSHOT]
	at org.apache.ratis.thirdparty.io.grpc.internal.ServerImpl$JumpToApplicationThreadServerStreamListener$1MessagesAvailable.runInContext(ServerImpl.java:783) [ratis-thirdparty-misc-0.6.0-SNAPSHOT.jar:0.6.0-SNAPSHOT]
	at org.apache.ratis.thirdparty.io.grpc.internal.ContextRunnable.run(ContextRunnable.java:37) [ratis-thirdparty-misc-0.6.0-SNAPSHOT.jar:0.6.0-SNAPSHOT]
	at org.apache.ratis.thirdparty.io.grpc.internal.SerializingExecutor.run(SerializingExecutor.java:123) [ratis-thirdparty-misc-0.6.0-SNAPSHOT.jar:0.6.0-SNAPSHOT]
	at java.util.concurrent.ThreadPoolExecutor.runWorker(ThreadPoolExecutor.java:1149) [?:1.8.0_232]
	at java.util.concurrent.ThreadPoolExecutor$Worker.run(ThreadPoolExecutor.java:624) [?:1.8.0_232]
	at java.lang.Thread.run(Thread.java:748) [?:1.8.0_232]
01:29:12.874 [grpc-default-executor-0] ERROR DNAudit - user=null | ip=null | op=WRITE_CHUNK {blockData=conID: 2 locID: 105024883953762308 bcsId: 0} | ret=FAILURE
org.apache.hadoop.hdds.scm.container.common.helpers.ContainerNotOpenException: Container 2 in CLOSED state
	at org.apache.hadoop.ozone.container.common.impl.HddsDispatcher.validateContainerCommand(HddsDispatcher.java:484) ~[hadoop-hdds-container-service-1.1.0-SNAPSHOT.jar:?]
	at org.apache.hadoop.ozone.container.common.transport.server.ratis.ContainerStateMachine.startTransaction(ContainerStateMachine.java:319) ~[hadoop-hdds-container-service-1.1.0-SNAPSHOT.jar:?]
	at org.apache.ratis.server.impl.RaftServerImpl.submitClientRequestAsync(RaftServerImpl.java:684) ~[ratis-server-1.1.0-11689cd-SNAPSHOT.jar:1.1.0-11689cd-SNAPSHOT]
	at org.apache.ratis.server.impl.RaftServerProxy.lambda$submitClientRequestAsync$7(RaftServerProxy.java:341) ~[ratis-server-1.1.0-11689cd-SNAPSHOT.jar:1.1.0-11689cd-SNAPSHOT]
	at org.apache.ratis.server.impl.RaftServerProxy.lambda$null$5(RaftServerProxy.java:336) ~[ratis-server-1.1.0-11689cd-SNAPSHOT.jar:1.1.0-11689cd-SNAPSHOT]
	at org.apache.ratis.util.JavaUtils.callAsUnchecked(JavaUtils.java:109) ~[ratis-common-1.1.0-11689cd-SNAPSHOT.jar:1.1.0-11689cd-SNAPSHOT]
	at org.apache.ratis.server.impl.RaftServerProxy.lambda$submitRequest$6(RaftServerProxy.java:336) ~[ratis-server-1.1.0-11689cd-SNAPSHOT.jar:1.1.0-11689cd-SNAPSHOT]
	at java.util.concurrent.CompletableFuture.uniComposeStage(CompletableFuture.java:995) ~[?:1.8.0_232]
	at java.util.concurrent.CompletableFuture.thenCompose(CompletableFuture.java:2137) ~[?:1.8.0_232]
	at org.apache.ratis.server.impl.RaftServerProxy.submitRequest(RaftServerProxy.java:335) ~[ratis-server-1.1.0-11689cd-SNAPSHOT.jar:1.1.0-11689cd-SNAPSHOT]
	at org.apache.ratis.server.impl.RaftServerProxy.submitClientRequestAsync(RaftServerProxy.java:341) ~[ratis-server-1.1.0-11689cd-SNAPSHOT.jar:1.1.0-11689cd-SNAPSHOT]
	at org.apache.ratis.grpc.client.GrpcClientProtocolService$RequestStreamObserver.processClientRequest(GrpcClientProtocolService.java:228) ~[ratis-grpc-1.1.0-11689cd-SNAPSHOT.jar:1.1.0-11689cd-SNAPSHOT]
	at org.apache.ratis.grpc.client.GrpcClientProtocolService$OrderedRequestStreamObserver.processClientRequest(GrpcClientProtocolService.java:334) ~[ratis-grpc-1.1.0-11689cd-SNAPSHOT.jar:1.1.0-11689cd-SNAPSHOT]
	at org.apache.ratis.util.SlidingWindow$Server.processRequestsFromHead(SlidingWindow.java:429) [ratis-common-1.1.0-11689cd-SNAPSHOT.jar:1.1.0-11689cd-SNAPSHOT]
	at org.apache.ratis.util.SlidingWindow$Server.receivedRequest(SlidingWindow.java:421) [ratis-common-1.1.0-11689cd-SNAPSHOT.jar:1.1.0-11689cd-SNAPSHOT]
	at org.apache.ratis.grpc.client.GrpcClientProtocolService$OrderedRequestStreamObserver.processClientRequest(GrpcClientProtocolService.java:358) [ratis-grpc-1.1.0-11689cd-SNAPSHOT.jar:1.1.0-11689cd-SNAPSHOT]
	at org.apache.ratis.grpc.client.GrpcClientProtocolService$RequestStreamObserver.onNext(GrpcClientProtocolService.java:248) [ratis-grpc-1.1.0-11689cd-SNAPSHOT.jar:1.1.0-11689cd-SNAPSHOT]
	at org.apache.ratis.grpc.client.GrpcClientProtocolService$RequestStreamObserver.onNext(GrpcClientProtocolService.java:171) [ratis-grpc-1.1.0-11689cd-SNAPSHOT.jar:1.1.0-11689cd-SNAPSHOT]
	at org.apache.ratis.thirdparty.io.grpc.stub.ServerCalls$StreamingServerCallHandler$StreamingServerCallListener.onMessage(ServerCalls.java:251) [ratis-thirdparty-misc-0.6.0-SNAPSHOT.jar:0.6.0-SNAPSHOT]
	at org.apache.ratis.thirdparty.io.grpc.ForwardingServerCallListener.onMessage(ForwardingServerCallListener.java:33) [ratis-thirdparty-misc-0.6.0-SNAPSHOT.jar:0.6.0-SNAPSHOT]
	at org.apache.ratis.thirdparty.io.grpc.internal.ServerCallImpl$ServerStreamListenerImpl.messagesAvailableInternal(ServerCallImpl.java:309) [ratis-thirdparty-misc-0.6.0-SNAPSHOT.jar:0.6.0-SNAPSHOT]
	at org.apache.ratis.thirdparty.io.grpc.internal.ServerCallImpl$ServerStreamListenerImpl.messagesAvailable(ServerCallImpl.java:292) [ratis-thirdparty-misc-0.6.0-SNAPSHOT.jar:0.6.0-SNAPSHOT]
	at org.apache.ratis.thirdparty.io.grpc.internal.ServerImpl$JumpToApplicationThreadServerStreamListener$1MessagesAvailable.runInContext(ServerImpl.java:783) [ratis-thirdparty-misc-0.6.0-SNAPSHOT.jar:0.6.0-SNAPSHOT]
	at org.apache.ratis.thirdparty.io.grpc.internal.ContextRunnable.run(ContextRunnable.java:37) [ratis-thirdparty-misc-0.6.0-SNAPSHOT.jar:0.6.0-SNAPSHOT]
	at org.apache.ratis.thirdparty.io.grpc.internal.SerializingExecutor.run(SerializingExecutor.java:123) [ratis-thirdparty-misc-0.6.0-SNAPSHOT.jar:0.6.0-SNAPSHOT]
	at java.util.concurrent.ThreadPoolExecutor.runWorker(ThreadPoolExecutor.java:1149) [?:1.8.0_232]
	at java.util.concurrent.ThreadPoolExecutor$Worker.run(ThreadPoolExecutor.java:624) [?:1.8.0_232]
	at java.lang.Thread.run(Thread.java:748) [?:1.8.0_232]
2020-10-13 01:29:12,875 [grpc-default-executor-3] ERROR storage.BlockOutputStream (BlockOutputStream.java:lambda$writeChunkToContainer$3(685)) - writing chunk failed 105024883953762308_chunk_3 blockID conID: 2 locID: 105024883953762308 bcsId: 0 with exception org.apache.ratis.protocol.exceptions.StateMachineException: org.apache.hadoop.hdds.scm.container.common.helpers.ContainerNotOpenException from Server dacc0b49-37d4-4467-a9c0-6b3478b804ce@group-CCBDA1CC1B1C: Container 2 in CLOSED state
01:29:12.875 [grpc-default-executor-0] ERROR DNAudit - user=null | ip=null | op=PUT_BLOCK {blockData=[blockId=conID: 2 locID: 105024883953762308 bcsId: 0,size=400]} | ret=FAILURE
org.apache.hadoop.hdds.scm.container.common.helpers.ContainerNotOpenException: Container 2 in CLOSED state
	at org.apache.hadoop.ozone.container.common.impl.HddsDispatcher.validateContainerCommand(HddsDispatcher.java:484) ~[hadoop-hdds-container-service-1.1.0-SNAPSHOT.jar:?]
	at org.apache.hadoop.ozone.container.common.transport.server.ratis.ContainerStateMachine.startTransaction(ContainerStateMachine.java:319) ~[hadoop-hdds-container-service-1.1.0-SNAPSHOT.jar:?]
	at org.apache.ratis.server.impl.RaftServerImpl.submitClientRequestAsync(RaftServerImpl.java:684) ~[ratis-server-1.1.0-11689cd-SNAPSHOT.jar:1.1.0-11689cd-SNAPSHOT]
	at org.apache.ratis.server.impl.RaftServerProxy.lambda$submitClientRequestAsync$7(RaftServerProxy.java:341) ~[ratis-server-1.1.0-11689cd-SNAPSHOT.jar:1.1.0-11689cd-SNAPSHOT]
	at org.apache.ratis.server.impl.RaftServerProxy.lambda$null$5(RaftServerProxy.java:336) ~[ratis-server-1.1.0-11689cd-SNAPSHOT.jar:1.1.0-11689cd-SNAPSHOT]
	at org.apache.ratis.util.JavaUtils.callAsUnchecked(JavaUtils.java:109) ~[ratis-common-1.1.0-11689cd-SNAPSHOT.jar:1.1.0-11689cd-SNAPSHOT]
	at org.apache.ratis.server.impl.RaftServerProxy.lambda$submitRequest$6(RaftServerProxy.java:336) ~[ratis-server-1.1.0-11689cd-SNAPSHOT.jar:1.1.0-11689cd-SNAPSHOT]
	at java.util.concurrent.CompletableFuture.uniComposeStage(CompletableFuture.java:995) ~[?:1.8.0_232]
	at java.util.concurrent.CompletableFuture.thenCompose(CompletableFuture.java:2137) ~[?:1.8.0_232]
	at org.apache.ratis.server.impl.RaftServerProxy.submitRequest(RaftServerProxy.java:335) ~[ratis-server-1.1.0-11689cd-SNAPSHOT.jar:1.1.0-11689cd-SNAPSHOT]
	at org.apache.ratis.server.impl.RaftServerProxy.submitClientRequestAsync(RaftServerProxy.java:341) ~[ratis-server-1.1.0-11689cd-SNAPSHOT.jar:1.1.0-11689cd-SNAPSHOT]
	at org.apache.ratis.grpc.client.GrpcClientProtocolService$RequestStreamObserver.processClientRequest(GrpcClientProtocolService.java:228) ~[ratis-grpc-1.1.0-11689cd-SNAPSHOT.jar:1.1.0-11689cd-SNAPSHOT]
	at org.apache.ratis.grpc.client.GrpcClientProtocolService$OrderedRequestStreamObserver.processClientRequest(GrpcClientProtocolService.java:334) ~[ratis-grpc-1.1.0-11689cd-SNAPSHOT.jar:1.1.0-11689cd-SNAPSHOT]
	at org.apache.ratis.util.SlidingWindow$Server.processRequestsFromHead(SlidingWindow.java:429) [ratis-common-1.1.0-11689cd-SNAPSHOT.jar:1.1.0-11689cd-SNAPSHOT]
	at org.apache.ratis.util.SlidingWindow$Server.receivedRequest(SlidingWindow.java:421) [ratis-common-1.1.0-11689cd-SNAPSHOT.jar:1.1.0-11689cd-SNAPSHOT]
	at org.apache.ratis.grpc.client.GrpcClientProtocolService$OrderedRequestStreamObserver.processClientRequest(GrpcClientProtocolService.java:358) [ratis-grpc-1.1.0-11689cd-SNAPSHOT.jar:1.1.0-11689cd-SNAPSHOT]
	at org.apache.ratis.grpc.client.GrpcClientProtocolService$RequestStreamObserver.onNext(GrpcClientProtocolService.java:248) [ratis-grpc-1.1.0-11689cd-SNAPSHOT.jar:1.1.0-11689cd-SNAPSHOT]
	at org.apache.ratis.grpc.client.GrpcClientProtocolService$RequestStreamObserver.onNext(GrpcClientProtocolService.java:171) [ratis-grpc-1.1.0-11689cd-SNAPSHOT.jar:1.1.0-11689cd-SNAPSHOT]
	at org.apache.ratis.thirdparty.io.grpc.stub.ServerCalls$StreamingServerCallHandler$StreamingServerCallListener.onMessage(ServerCalls.java:251) [ratis-thirdparty-misc-0.6.0-SNAPSHOT.jar:0.6.0-SNAPSHOT]
	at org.apache.ratis.thirdparty.io.grpc.ForwardingServerCallListener.onMessage(ForwardingServerCallListener.java:33) [ratis-thirdparty-misc-0.6.0-SNAPSHOT.jar:0.6.0-SNAPSHOT]
	at org.apache.ratis.thirdparty.io.grpc.internal.ServerCallImpl$ServerStreamListenerImpl.messagesAvailableInternal(ServerCallImpl.java:309) [ratis-thirdparty-misc-0.6.0-SNAPSHOT.jar:0.6.0-SNAPSHOT]
	at org.apache.ratis.thirdparty.io.grpc.internal.ServerCallImpl$ServerStreamListenerImpl.messagesAvailable(ServerCallImpl.java:292) [ratis-thirdparty-misc-0.6.0-SNAPSHOT.jar:0.6.0-SNAPSHOT]
	at org.apache.ratis.thirdparty.io.grpc.internal.ServerImpl$JumpToApplicationThreadServerStreamListener$1MessagesAvailable.runInContext(ServerImpl.java:783) [ratis-thirdparty-misc-0.6.0-SNAPSHOT.jar:0.6.0-SNAPSHOT]
	at org.apache.ratis.thirdparty.io.grpc.internal.ContextRunnable.run(ContextRunnable.java:37) [ratis-thirdparty-misc-0.6.0-SNAPSHOT.jar:0.6.0-SNAPSHOT]
	at org.apache.ratis.thirdparty.io.grpc.internal.SerializingExecutor.run(SerializingExecutor.java:123) [ratis-thirdparty-misc-0.6.0-SNAPSHOT.jar:0.6.0-SNAPSHOT]
	at java.util.concurrent.ThreadPoolExecutor.runWorker(ThreadPoolExecutor.java:1149) [?:1.8.0_232]
	at java.util.concurrent.ThreadPoolExecutor$Worker.run(ThreadPoolExecutor.java:624) [?:1.8.0_232]
	at java.lang.Thread.run(Thread.java:748) [?:1.8.0_232]
2020-10-13 01:29:12,890 [grpc-default-executor-0] ERROR storage.BlockOutputStream (BlockOutputStream.java:lambda$writeChunkToContainer$3(685)) - writing chunk failed 105024883953762308_chunk_4 blockID conID: 2 locID: 105024883953762308 bcsId: 0 with exception org.apache.ratis.protocol.exceptions.StateMachineException: org.apache.hadoop.hdds.scm.container.common.helpers.ContainerNotOpenException from Server dacc0b49-37d4-4467-a9c0-6b3478b804ce@group-CCBDA1CC1B1C: Container 2 in CLOSED state
2020-10-13 01:29:12,898 [Listener at 127.0.0.1/32995] INFO  metrics.RatisMetrics (RatisMetrics.java:lambda$create$0(36)) - Creating Metrics Registry : ratis.client_message_metrics.client-CBCFFCBFF0EA->38f6e796-8c18-4c71-95ad-19caff00ba17
01:29:12.914 [grpc-default-executor-0] ERROR DNAudit - user=null | ip=null | op=WRITE_CHUNK {blockData=conID: 3 locID: 105024883953762310 bcsId: 0} | ret=FAILURE
org.apache.hadoop.hdds.scm.container.common.helpers.ContainerNotOpenException: Container 3 in CLOSED state
	at org.apache.hadoop.ozone.container.common.impl.HddsDispatcher.validateContainerCommand(HddsDispatcher.java:484) ~[hadoop-hdds-container-service-1.1.0-SNAPSHOT.jar:?]
	at org.apache.hadoop.ozone.container.common.transport.server.ratis.ContainerStateMachine.startTransaction(ContainerStateMachine.java:319) ~[hadoop-hdds-container-service-1.1.0-SNAPSHOT.jar:?]
	at org.apache.ratis.server.impl.RaftServerImpl.submitClientRequestAsync(RaftServerImpl.java:684) ~[ratis-server-1.1.0-11689cd-SNAPSHOT.jar:1.1.0-11689cd-SNAPSHOT]
	at org.apache.ratis.server.impl.RaftServerProxy.lambda$submitClientRequestAsync$7(RaftServerProxy.java:341) ~[ratis-server-1.1.0-11689cd-SNAPSHOT.jar:1.1.0-11689cd-SNAPSHOT]
	at org.apache.ratis.server.impl.RaftServerProxy.lambda$null$5(RaftServerProxy.java:336) ~[ratis-server-1.1.0-11689cd-SNAPSHOT.jar:1.1.0-11689cd-SNAPSHOT]
	at org.apache.ratis.util.JavaUtils.callAsUnchecked(JavaUtils.java:109) ~[ratis-common-1.1.0-11689cd-SNAPSHOT.jar:1.1.0-11689cd-SNAPSHOT]
	at org.apache.ratis.server.impl.RaftServerProxy.lambda$submitRequest$6(RaftServerProxy.java:336) ~[ratis-server-1.1.0-11689cd-SNAPSHOT.jar:1.1.0-11689cd-SNAPSHOT]
	at java.util.concurrent.CompletableFuture.uniComposeStage(CompletableFuture.java:995) ~[?:1.8.0_232]
	at java.util.concurrent.CompletableFuture.thenCompose(CompletableFuture.java:2137) ~[?:1.8.0_232]
	at org.apache.ratis.server.impl.RaftServerProxy.submitRequest(RaftServerProxy.java:335) ~[ratis-server-1.1.0-11689cd-SNAPSHOT.jar:1.1.0-11689cd-SNAPSHOT]
	at org.apache.ratis.server.impl.RaftServerProxy.submitClientRequestAsync(RaftServerProxy.java:341) ~[ratis-server-1.1.0-11689cd-SNAPSHOT.jar:1.1.0-11689cd-SNAPSHOT]
	at org.apache.ratis.grpc.client.GrpcClientProtocolService$RequestStreamObserver.processClientRequest(GrpcClientProtocolService.java:228) ~[ratis-grpc-1.1.0-11689cd-SNAPSHOT.jar:1.1.0-11689cd-SNAPSHOT]
	at org.apache.ratis.grpc.client.GrpcClientProtocolService$OrderedRequestStreamObserver.processClientRequest(GrpcClientProtocolService.java:334) ~[ratis-grpc-1.1.0-11689cd-SNAPSHOT.jar:1.1.0-11689cd-SNAPSHOT]
	at org.apache.ratis.util.SlidingWindow$Server.processRequestsFromHead(SlidingWindow.java:429) [ratis-common-1.1.0-11689cd-SNAPSHOT.jar:1.1.0-11689cd-SNAPSHOT]
	at org.apache.ratis.util.SlidingWindow$Server.receivedRequest(SlidingWindow.java:421) [ratis-common-1.1.0-11689cd-SNAPSHOT.jar:1.1.0-11689cd-SNAPSHOT]
	at org.apache.ratis.grpc.client.GrpcClientProtocolService$OrderedRequestStreamObserver.processClientRequest(GrpcClientProtocolService.java:358) [ratis-grpc-1.1.0-11689cd-SNAPSHOT.jar:1.1.0-11689cd-SNAPSHOT]
	at org.apache.ratis.grpc.client.GrpcClientProtocolService$RequestStreamObserver.onNext(GrpcClientProtocolService.java:248) [ratis-grpc-1.1.0-11689cd-SNAPSHOT.jar:1.1.0-11689cd-SNAPSHOT]
	at org.apache.ratis.grpc.client.GrpcClientProtocolService$RequestStreamObserver.onNext(GrpcClientProtocolService.java:171) [ratis-grpc-1.1.0-11689cd-SNAPSHOT.jar:1.1.0-11689cd-SNAPSHOT]
	at org.apache.ratis.thirdparty.io.grpc.stub.ServerCalls$StreamingServerCallHandler$StreamingServerCallListener.onMessage(ServerCalls.java:251) [ratis-thirdparty-misc-0.6.0-SNAPSHOT.jar:0.6.0-SNAPSHOT]
	at org.apache.ratis.thirdparty.io.grpc.ForwardingServerCallListener.onMessage(ForwardingServerCallListener.java:33) [ratis-thirdparty-misc-0.6.0-SNAPSHOT.jar:0.6.0-SNAPSHOT]
	at org.apache.ratis.thirdparty.io.grpc.internal.ServerCallImpl$ServerStreamListenerImpl.messagesAvailableInternal(ServerCallImpl.java:309) [ratis-thirdparty-misc-0.6.0-SNAPSHOT.jar:0.6.0-SNAPSHOT]
	at org.apache.ratis.thirdparty.io.grpc.internal.ServerCallImpl$ServerStreamListenerImpl.messagesAvailable(ServerCallImpl.java:292) [ratis-thirdparty-misc-0.6.0-SNAPSHOT.jar:0.6.0-SNAPSHOT]
	at org.apache.ratis.thirdparty.io.grpc.internal.ServerImpl$JumpToApplicationThreadServerStreamListener$1MessagesAvailable.runInContext(ServerImpl.java:783) [ratis-thirdparty-misc-0.6.0-SNAPSHOT.jar:0.6.0-SNAPSHOT]
	at org.apache.ratis.thirdparty.io.grpc.internal.ContextRunnable.run(ContextRunnable.java:37) [ratis-thirdparty-misc-0.6.0-SNAPSHOT.jar:0.6.0-SNAPSHOT]
	at org.apache.ratis.thirdparty.io.grpc.internal.SerializingExecutor.run(SerializingExecutor.java:123) [ratis-thirdparty-misc-0.6.0-SNAPSHOT.jar:0.6.0-SNAPSHOT]
	at java.util.concurrent.ThreadPoolExecutor.runWorker(ThreadPoolExecutor.java:1149) [?:1.8.0_232]
	at java.util.concurrent.ThreadPoolExecutor$Worker.run(ThreadPoolExecutor.java:624) [?:1.8.0_232]
	at java.lang.Thread.run(Thread.java:748) [?:1.8.0_232]
01:29:12.919 [grpc-default-executor-0] ERROR DNAudit - user=null | ip=null | op=WRITE_CHUNK {blockData=conID: 3 locID: 105024883953762310 bcsId: 0} | ret=FAILURE
org.apache.hadoop.hdds.scm.container.common.helpers.ContainerNotOpenException: Container 3 in CLOSED state
	at org.apache.hadoop.ozone.container.common.impl.HddsDispatcher.validateContainerCommand(HddsDispatcher.java:484) ~[hadoop-hdds-container-service-1.1.0-SNAPSHOT.jar:?]
	at org.apache.hadoop.ozone.container.common.transport.server.ratis.ContainerStateMachine.startTransaction(ContainerStateMachine.java:319) ~[hadoop-hdds-container-service-1.1.0-SNAPSHOT.jar:?]
	at org.apache.ratis.server.impl.RaftServerImpl.submitClientRequestAsync(RaftServerImpl.java:684) ~[ratis-server-1.1.0-11689cd-SNAPSHOT.jar:1.1.0-11689cd-SNAPSHOT]
	at org.apache.ratis.server.impl.RaftServerProxy.lambda$submitClientRequestAsync$7(RaftServerProxy.java:341) ~[ratis-server-1.1.0-11689cd-SNAPSHOT.jar:1.1.0-11689cd-SNAPSHOT]
	at org.apache.ratis.server.impl.RaftServerProxy.lambda$null$5(RaftServerProxy.java:336) ~[ratis-server-1.1.0-11689cd-SNAPSHOT.jar:1.1.0-11689cd-SNAPSHOT]
	at org.apache.ratis.util.JavaUtils.callAsUnchecked(JavaUtils.java:109) ~[ratis-common-1.1.0-11689cd-SNAPSHOT.jar:1.1.0-11689cd-SNAPSHOT]
	at org.apache.ratis.server.impl.RaftServerProxy.lambda$submitRequest$6(RaftServerProxy.java:336) ~[ratis-server-1.1.0-11689cd-SNAPSHOT.jar:1.1.0-11689cd-SNAPSHOT]
	at java.util.concurrent.CompletableFuture.uniComposeStage(CompletableFuture.java:995) ~[?:1.8.0_232]
	at java.util.concurrent.CompletableFuture.thenCompose(CompletableFuture.java:2137) ~[?:1.8.0_232]
	at org.apache.ratis.server.impl.RaftServerProxy.submitRequest(RaftServerProxy.java:335) ~[ratis-server-1.1.0-11689cd-SNAPSHOT.jar:1.1.0-11689cd-SNAPSHOT]
	at org.apache.ratis.server.impl.RaftServerProxy.submitClientRequestAsync(RaftServerProxy.java:341) ~[ratis-server-1.1.0-11689cd-SNAPSHOT.jar:1.1.0-11689cd-SNAPSHOT]
	at org.apache.ratis.grpc.client.GrpcClientProtocolService$RequestStreamObserver.processClientRequest(GrpcClientProtocolService.java:228) ~[ratis-grpc-1.1.0-11689cd-SNAPSHOT.jar:1.1.0-11689cd-SNAPSHOT]
	at org.apache.ratis.grpc.client.GrpcClientProtocolService$OrderedRequestStreamObserver.processClientRequest(GrpcClientProtocolService.java:334) ~[ratis-grpc-1.1.0-11689cd-SNAPSHOT.jar:1.1.0-11689cd-SNAPSHOT]
	at org.apache.ratis.util.SlidingWindow$Server.processRequestsFromHead(SlidingWindow.java:429) [ratis-common-1.1.0-11689cd-SNAPSHOT.jar:1.1.0-11689cd-SNAPSHOT]
	at org.apache.ratis.util.SlidingWindow$Server.receivedRequest(SlidingWindow.java:421) [ratis-common-1.1.0-11689cd-SNAPSHOT.jar:1.1.0-11689cd-SNAPSHOT]
	at org.apache.ratis.grpc.client.GrpcClientProtocolService$OrderedRequestStreamObserver.processClientRequest(GrpcClientProtocolService.java:358) [ratis-grpc-1.1.0-11689cd-SNAPSHOT.jar:1.1.0-11689cd-SNAPSHOT]
	at org.apache.ratis.grpc.client.GrpcClientProtocolService$RequestStreamObserver.onNext(GrpcClientProtocolService.java:248) [ratis-grpc-1.1.0-11689cd-SNAPSHOT.jar:1.1.0-11689cd-SNAPSHOT]
	at org.apache.ratis.grpc.client.GrpcClientProtocolService$RequestStreamObserver.onNext(GrpcClientProtocolService.java:171) [ratis-grpc-1.1.0-11689cd-SNAPSHOT.jar:1.1.0-11689cd-SNAPSHOT]
	at org.apache.ratis.thirdparty.io.grpc.stub.ServerCalls$StreamingServerCallHandler$StreamingServerCallListener.onMessage(ServerCalls.java:251) [ratis-thirdparty-misc-0.6.0-SNAPSHOT.jar:0.6.0-SNAPSHOT]
	at org.apache.ratis.thirdparty.io.grpc.ForwardingServerCallListener.onMessage(ForwardingServerCallListener.java:33) [ratis-thirdparty-misc-0.6.0-SNAPSHOT.jar:0.6.0-SNAPSHOT]
	at org.apache.ratis.thirdparty.io.grpc.internal.ServerCallImpl$ServerStreamListenerImpl.messagesAvailableInternal(ServerCallImpl.java:309) [ratis-thirdparty-misc-0.6.0-SNAPSHOT.jar:0.6.0-SNAPSHOT]
	at org.apache.ratis.thirdparty.io.grpc.internal.ServerCallImpl$ServerStreamListenerImpl.messagesAvailable(ServerCallImpl.java:292) [ratis-thirdparty-misc-0.6.0-SNAPSHOT.jar:0.6.0-SNAPSHOT]
	at org.apache.ratis.thirdparty.io.grpc.internal.ServerImpl$JumpToApplicationThreadServerStreamListener$1MessagesAvailable.runInContext(ServerImpl.java:783) [ratis-thirdparty-misc-0.6.0-SNAPSHOT.jar:0.6.0-SNAPSHOT]
	at org.apache.ratis.thirdparty.io.grpc.internal.ContextRunnable.run(ContextRunnable.java:37) [ratis-thirdparty-misc-0.6.0-SNAPSHOT.jar:0.6.0-SNAPSHOT]
	at org.apache.ratis.thirdparty.io.grpc.internal.SerializingExecutor.run(SerializingExecutor.java:123) [ratis-thirdparty-misc-0.6.0-SNAPSHOT.jar:0.6.0-SNAPSHOT]
	at java.util.concurrent.ThreadPoolExecutor.runWorker(ThreadPoolExecutor.java:1149) [?:1.8.0_232]
	at java.util.concurrent.ThreadPoolExecutor$Worker.run(ThreadPoolExecutor.java:624) [?:1.8.0_232]
	at java.lang.Thread.run(Thread.java:748) [?:1.8.0_232]
01:29:12.920 [grpc-default-executor-0] ERROR DNAudit - user=null | ip=null | op=PUT_BLOCK {blockData=[blockId=conID: 3 locID: 105024883953762310 bcsId: 0,size=200]} | ret=FAILURE
org.apache.hadoop.hdds.scm.container.common.helpers.ContainerNotOpenException: Container 3 in CLOSED state
	at org.apache.hadoop.ozone.container.common.impl.HddsDispatcher.validateContainerCommand(HddsDispatcher.java:484) ~[hadoop-hdds-container-service-1.1.0-SNAPSHOT.jar:?]
	at org.apache.hadoop.ozone.container.common.transport.server.ratis.ContainerStateMachine.startTransaction(ContainerStateMachine.java:319) ~[hadoop-hdds-container-service-1.1.0-SNAPSHOT.jar:?]
	at org.apache.ratis.server.impl.RaftServerImpl.submitClientRequestAsync(RaftServerImpl.java:684) ~[ratis-server-1.1.0-11689cd-SNAPSHOT.jar:1.1.0-11689cd-SNAPSHOT]
	at org.apache.ratis.server.impl.RaftServerProxy.lambda$submitClientRequestAsync$7(RaftServerProxy.java:341) ~[ratis-server-1.1.0-11689cd-SNAPSHOT.jar:1.1.0-11689cd-SNAPSHOT]
	at org.apache.ratis.server.impl.RaftServerProxy.lambda$null$5(RaftServerProxy.java:336) ~[ratis-server-1.1.0-11689cd-SNAPSHOT.jar:1.1.0-11689cd-SNAPSHOT]
	at org.apache.ratis.util.JavaUtils.callAsUnchecked(JavaUtils.java:109) ~[ratis-common-1.1.0-11689cd-SNAPSHOT.jar:1.1.0-11689cd-SNAPSHOT]
	at org.apache.ratis.server.impl.RaftServerProxy.lambda$submitRequest$6(RaftServerProxy.java:336) ~[ratis-server-1.1.0-11689cd-SNAPSHOT.jar:1.1.0-11689cd-SNAPSHOT]
	at java.util.concurrent.CompletableFuture.uniComposeStage(CompletableFuture.java:995) ~[?:1.8.0_232]
	at java.util.concurrent.CompletableFuture.thenCompose(CompletableFuture.java:2137) ~[?:1.8.0_232]
	at org.apache.ratis.server.impl.RaftServerProxy.submitRequest(RaftServerProxy.java:335) ~[ratis-server-1.1.0-11689cd-SNAPSHOT.jar:1.1.0-11689cd-SNAPSHOT]
	at org.apache.ratis.server.impl.RaftServerProxy.submitClientRequestAsync(RaftServerProxy.java:341) ~[ratis-server-1.1.0-11689cd-SNAPSHOT.jar:1.1.0-11689cd-SNAPSHOT]
	at org.apache.ratis.grpc.client.GrpcClientProtocolService$RequestStreamObserver.processClientRequest(GrpcClientProtocolService.java:228) ~[ratis-grpc-1.1.0-11689cd-SNAPSHOT.jar:1.1.0-11689cd-SNAPSHOT]
	at org.apache.ratis.grpc.client.GrpcClientProtocolService$OrderedRequestStreamObserver.processClientRequest(GrpcClientProtocolService.java:334) ~[ratis-grpc-1.1.0-11689cd-SNAPSHOT.jar:1.1.0-11689cd-SNAPSHOT]
	at org.apache.ratis.util.SlidingWindow$Server.processRequestsFromHead(SlidingWindow.java:429) [ratis-common-1.1.0-11689cd-SNAPSHOT.jar:1.1.0-11689cd-SNAPSHOT]
	at org.apache.ratis.util.SlidingWindow$Server.receivedRequest(SlidingWindow.java:421) [ratis-common-1.1.0-11689cd-SNAPSHOT.jar:1.1.0-11689cd-SNAPSHOT]
	at org.apache.ratis.grpc.client.GrpcClientProtocolService$OrderedRequestStreamObserver.processClientRequest(GrpcClientProtocolService.java:358) [ratis-grpc-1.1.0-11689cd-SNAPSHOT.jar:1.1.0-11689cd-SNAPSHOT]
	at org.apache.ratis.grpc.client.GrpcClientProtocolService$RequestStreamObserver.onNext(GrpcClientProtocolService.java:248) [ratis-grpc-1.1.0-11689cd-SNAPSHOT.jar:1.1.0-11689cd-SNAPSHOT]
	at org.apache.ratis.grpc.client.GrpcClientProtocolService$RequestStreamObserver.onNext(GrpcClientProtocolService.java:171) [ratis-grpc-1.1.0-11689cd-SNAPSHOT.jar:1.1.0-11689cd-SNAPSHOT]
	at org.apache.ratis.thirdparty.io.grpc.stub.ServerCalls$StreamingServerCallHandler$StreamingServerCallListener.onMessage(ServerCalls.java:251) [ratis-thirdparty-misc-0.6.0-SNAPSHOT.jar:0.6.0-SNAPSHOT]
	at org.apache.ratis.thirdparty.io.grpc.ForwardingServerCallListener.onMessage(ForwardingServerCallListener.java:33) [ratis-thirdparty-misc-0.6.0-SNAPSHOT.jar:0.6.0-SNAPSHOT]
	at org.apache.ratis.thirdparty.io.grpc.internal.ServerCallImpl$ServerStreamListenerImpl.messagesAvailableInternal(ServerCallImpl.java:309) [ratis-thirdparty-misc-0.6.0-SNAPSHOT.jar:0.6.0-SNAPSHOT]
	at org.apache.ratis.thirdparty.io.grpc.internal.ServerCallImpl$ServerStreamListenerImpl.messagesAvailable(ServerCallImpl.java:292) [ratis-thirdparty-misc-0.6.0-SNAPSHOT.jar:0.6.0-SNAPSHOT]
	at org.apache.ratis.thirdparty.io.grpc.internal.ServerImpl$JumpToApplicationThreadServerStreamListener$1MessagesAvailable.runInContext(ServerImpl.java:783) [ratis-thirdparty-misc-0.6.0-SNAPSHOT.jar:0.6.0-SNAPSHOT]
	at org.apache.ratis.thirdparty.io.grpc.internal.ContextRunnable.run(ContextRunnable.java:37) [ratis-thirdparty-misc-0.6.0-SNAPSHOT.jar:0.6.0-SNAPSHOT]
	at org.apache.ratis.thirdparty.io.grpc.internal.SerializingExecutor.run(SerializingExecutor.java:123) [ratis-thirdparty-misc-0.6.0-SNAPSHOT.jar:0.6.0-SNAPSHOT]
	at java.util.concurrent.ThreadPoolExecutor.runWorker(ThreadPoolExecutor.java:1149) [?:1.8.0_232]
	at java.util.concurrent.ThreadPoolExecutor$Worker.run(ThreadPoolExecutor.java:624) [?:1.8.0_232]
	at java.lang.Thread.run(Thread.java:748) [?:1.8.0_232]
2020-10-13 01:29:12,927 [grpc-default-executor-3] ERROR storage.BlockOutputStream (BlockOutputStream.java:lambda$writeChunkToContainer$3(685)) - writing chunk failed 105024883953762310_chunk_1 blockID conID: 3 locID: 105024883953762310 bcsId: 0 with exception org.apache.ratis.protocol.exceptions.StateMachineException: org.apache.hadoop.hdds.scm.container.common.helpers.ContainerNotOpenException from Server 38f6e796-8c18-4c71-95ad-19caff00ba17@group-5EA73EF34191: Container 3 in CLOSED state
01:29:12.929 [grpc-default-executor-0] ERROR DNAudit - user=null | ip=null | op=WRITE_CHUNK {blockData=conID: 3 locID: 105024883953762310 bcsId: 0} | ret=FAILURE
org.apache.hadoop.hdds.scm.container.common.helpers.ContainerNotOpenException: Container 3 in CLOSED state
	at org.apache.hadoop.ozone.container.common.impl.HddsDispatcher.validateContainerCommand(HddsDispatcher.java:484) ~[hadoop-hdds-container-service-1.1.0-SNAPSHOT.jar:?]
	at org.apache.hadoop.ozone.container.common.transport.server.ratis.ContainerStateMachine.startTransaction(ContainerStateMachine.java:319) ~[hadoop-hdds-container-service-1.1.0-SNAPSHOT.jar:?]
	at org.apache.ratis.server.impl.RaftServerImpl.submitClientRequestAsync(RaftServerImpl.java:684) ~[ratis-server-1.1.0-11689cd-SNAPSHOT.jar:1.1.0-11689cd-SNAPSHOT]
	at org.apache.ratis.server.impl.RaftServerProxy.lambda$submitClientRequestAsync$7(RaftServerProxy.java:341) ~[ratis-server-1.1.0-11689cd-SNAPSHOT.jar:1.1.0-11689cd-SNAPSHOT]
	at org.apache.ratis.server.impl.RaftServerProxy.lambda$null$5(RaftServerProxy.java:336) ~[ratis-server-1.1.0-11689cd-SNAPSHOT.jar:1.1.0-11689cd-SNAPSHOT]
	at org.apache.ratis.util.JavaUtils.callAsUnchecked(JavaUtils.java:109) ~[ratis-common-1.1.0-11689cd-SNAPSHOT.jar:1.1.0-11689cd-SNAPSHOT]
	at org.apache.ratis.server.impl.RaftServerProxy.lambda$submitRequest$6(RaftServerProxy.java:336) ~[ratis-server-1.1.0-11689cd-SNAPSHOT.jar:1.1.0-11689cd-SNAPSHOT]
	at java.util.concurrent.CompletableFuture.uniComposeStage(CompletableFuture.java:995) ~[?:1.8.0_232]
	at java.util.concurrent.CompletableFuture.thenCompose(CompletableFuture.java:2137) ~[?:1.8.0_232]
	at org.apache.ratis.server.impl.RaftServerProxy.submitRequest(RaftServerProxy.java:335) ~[ratis-server-1.1.0-11689cd-SNAPSHOT.jar:1.1.0-11689cd-SNAPSHOT]
	at org.apache.ratis.server.impl.RaftServerProxy.submitClientRequestAsync(RaftServerProxy.java:341) ~[ratis-server-1.1.0-11689cd-SNAPSHOT.jar:1.1.0-11689cd-SNAPSHOT]
	at org.apache.ratis.grpc.client.GrpcClientProtocolService$RequestStreamObserver.processClientRequest(GrpcClientProtocolService.java:228) ~[ratis-grpc-1.1.0-11689cd-SNAPSHOT.jar:1.1.0-11689cd-SNAPSHOT]
	at org.apache.ratis.grpc.client.GrpcClientProtocolService$OrderedRequestStreamObserver.processClientRequest(GrpcClientProtocolService.java:334) ~[ratis-grpc-1.1.0-11689cd-SNAPSHOT.jar:1.1.0-11689cd-SNAPSHOT]
	at org.apache.ratis.util.SlidingWindow$Server.processRequestsFromHead(SlidingWindow.java:429) [ratis-common-1.1.0-11689cd-SNAPSHOT.jar:1.1.0-11689cd-SNAPSHOT]
	at org.apache.ratis.util.SlidingWindow$Server.receivedRequest(SlidingWindow.java:421) [ratis-common-1.1.0-11689cd-SNAPSHOT.jar:1.1.0-11689cd-SNAPSHOT]
	at org.apache.ratis.grpc.client.GrpcClientProtocolService$OrderedRequestStreamObserver.processClientRequest(GrpcClientProtocolService.java:358) [ratis-grpc-1.1.0-11689cd-SNAPSHOT.jar:1.1.0-11689cd-SNAPSHOT]
	at org.apache.ratis.grpc.client.GrpcClientProtocolService$RequestStreamObserver.onNext(GrpcClientProtocolService.java:248) [ratis-grpc-1.1.0-11689cd-SNAPSHOT.jar:1.1.0-11689cd-SNAPSHOT]
	at org.apache.ratis.grpc.client.GrpcClientProtocolService$RequestStreamObserver.onNext(GrpcClientProtocolService.java:171) [ratis-grpc-1.1.0-11689cd-SNAPSHOT.jar:1.1.0-11689cd-SNAPSHOT]
	at org.apache.ratis.thirdparty.io.grpc.stub.ServerCalls$StreamingServerCallHandler$StreamingServerCallListener.onMessage(ServerCalls.java:251) [ratis-thirdparty-misc-0.6.0-SNAPSHOT.jar:0.6.0-SNAPSHOT]
	at org.apache.ratis.thirdparty.io.grpc.ForwardingServerCallListener.onMessage(ForwardingServerCallListener.java:33) [ratis-thirdparty-misc-0.6.0-SNAPSHOT.jar:0.6.0-SNAPSHOT]
	at org.apache.ratis.thirdparty.io.grpc.internal.ServerCallImpl$ServerStreamListenerImpl.messagesAvailableInternal(ServerCallImpl.java:309) [ratis-thirdparty-misc-0.6.0-SNAPSHOT.jar:0.6.0-SNAPSHOT]
	at org.apache.ratis.thirdparty.io.grpc.internal.ServerCallImpl$ServerStreamListenerImpl.messagesAvailable(ServerCallImpl.java:292) [ratis-thirdparty-misc-0.6.0-SNAPSHOT.jar:0.6.0-SNAPSHOT]
	at org.apache.ratis.thirdparty.io.grpc.internal.ServerImpl$JumpToApplicationThreadServerStreamListener$1MessagesAvailable.runInContext(ServerImpl.java:783) [ratis-thirdparty-misc-0.6.0-SNAPSHOT.jar:0.6.0-SNAPSHOT]
	at org.apache.ratis.thirdparty.io.grpc.internal.ContextRunnable.run(ContextRunnable.java:37) [ratis-thirdparty-misc-0.6.0-SNAPSHOT.jar:0.6.0-SNAPSHOT]
	at org.apache.ratis.thirdparty.io.grpc.internal.SerializingExecutor.run(SerializingExecutor.java:123) [ratis-thirdparty-misc-0.6.0-SNAPSHOT.jar:0.6.0-SNAPSHOT]
	at java.util.concurrent.ThreadPoolExecutor.runWorker(ThreadPoolExecutor.java:1149) [?:1.8.0_232]
	at java.util.concurrent.ThreadPoolExecutor$Worker.run(ThreadPoolExecutor.java:624) [?:1.8.0_232]
	at java.lang.Thread.run(Thread.java:748) [?:1.8.0_232]
2020-10-13 01:29:12,936 [grpc-default-executor-3] ERROR storage.BlockOutputStream (BlockOutputStream.java:lambda$writeChunkToContainer$3(685)) - writing chunk failed 105024883953762310_chunk_2 blockID conID: 3 locID: 105024883953762310 bcsId: 0 with exception org.apache.ratis.protocol.exceptions.StateMachineException: org.apache.hadoop.hdds.scm.container.common.helpers.ContainerNotOpenException from Server 38f6e796-8c18-4c71-95ad-19caff00ba17@group-5EA73EF34191: Container 3 in CLOSED state
2020-10-13 01:29:12,941 [grpc-default-executor-3] ERROR storage.BlockOutputStream (BlockOutputStream.java:lambda$writeChunkToContainer$3(685)) - writing chunk failed 105024883953762310_chunk_3 blockID conID: 3 locID: 105024883953762310 bcsId: 0 with exception org.apache.ratis.protocol.exceptions.StateMachineException: org.apache.hadoop.hdds.scm.container.common.helpers.ContainerNotOpenException from Server 38f6e796-8c18-4c71-95ad-19caff00ba17@group-5EA73EF34191: Container 3 in CLOSED state
01:29:12.941 [grpc-default-executor-0] ERROR DNAudit - user=null | ip=null | op=WRITE_CHUNK {blockData=conID: 3 locID: 105024883953762310 bcsId: 0} | ret=FAILURE
org.apache.hadoop.hdds.scm.container.common.helpers.ContainerNotOpenException: Container 3 in CLOSED state
	at org.apache.hadoop.ozone.container.common.impl.HddsDispatcher.validateContainerCommand(HddsDispatcher.java:484) ~[hadoop-hdds-container-service-1.1.0-SNAPSHOT.jar:?]
	at org.apache.hadoop.ozone.container.common.transport.server.ratis.ContainerStateMachine.startTransaction(ContainerStateMachine.java:319) ~[hadoop-hdds-container-service-1.1.0-SNAPSHOT.jar:?]
	at org.apache.ratis.server.impl.RaftServerImpl.submitClientRequestAsync(RaftServerImpl.java:684) ~[ratis-server-1.1.0-11689cd-SNAPSHOT.jar:1.1.0-11689cd-SNAPSHOT]
	at org.apache.ratis.server.impl.RaftServerProxy.lambda$submitClientRequestAsync$7(RaftServerProxy.java:341) ~[ratis-server-1.1.0-11689cd-SNAPSHOT.jar:1.1.0-11689cd-SNAPSHOT]
	at org.apache.ratis.server.impl.RaftServerProxy.lambda$null$5(RaftServerProxy.java:336) ~[ratis-server-1.1.0-11689cd-SNAPSHOT.jar:1.1.0-11689cd-SNAPSHOT]
	at org.apache.ratis.util.JavaUtils.callAsUnchecked(JavaUtils.java:109) ~[ratis-common-1.1.0-11689cd-SNAPSHOT.jar:1.1.0-11689cd-SNAPSHOT]
	at org.apache.ratis.server.impl.RaftServerProxy.lambda$submitRequest$6(RaftServerProxy.java:336) ~[ratis-server-1.1.0-11689cd-SNAPSHOT.jar:1.1.0-11689cd-SNAPSHOT]
	at java.util.concurrent.CompletableFuture.uniComposeStage(CompletableFuture.java:995) ~[?:1.8.0_232]
	at java.util.concurrent.CompletableFuture.thenCompose(CompletableFuture.java:2137) ~[?:1.8.0_232]
	at org.apache.ratis.server.impl.RaftServerProxy.submitRequest(RaftServerProxy.java:335) ~[ratis-server-1.1.0-11689cd-SNAPSHOT.jar:1.1.0-11689cd-SNAPSHOT]
	at org.apache.ratis.server.impl.RaftServerProxy.submitClientRequestAsync(RaftServerProxy.java:341) ~[ratis-server-1.1.0-11689cd-SNAPSHOT.jar:1.1.0-11689cd-SNAPSHOT]
	at org.apache.ratis.grpc.client.GrpcClientProtocolService$RequestStreamObserver.processClientRequest(GrpcClientProtocolService.java:228) ~[ratis-grpc-1.1.0-11689cd-SNAPSHOT.jar:1.1.0-11689cd-SNAPSHOT]
	at org.apache.ratis.grpc.client.GrpcClientProtocolService$OrderedRequestStreamObserver.processClientRequest(GrpcClientProtocolService.java:334) ~[ratis-grpc-1.1.0-11689cd-SNAPSHOT.jar:1.1.0-11689cd-SNAPSHOT]
	at org.apache.ratis.util.SlidingWindow$Server.processRequestsFromHead(SlidingWindow.java:429) [ratis-common-1.1.0-11689cd-SNAPSHOT.jar:1.1.0-11689cd-SNAPSHOT]
	at org.apache.ratis.util.SlidingWindow$Server.receivedRequest(SlidingWindow.java:421) [ratis-common-1.1.0-11689cd-SNAPSHOT.jar:1.1.0-11689cd-SNAPSHOT]
	at org.apache.ratis.grpc.client.GrpcClientProtocolService$OrderedRequestStreamObserver.processClientRequest(GrpcClientProtocolService.java:358) [ratis-grpc-1.1.0-11689cd-SNAPSHOT.jar:1.1.0-11689cd-SNAPSHOT]
	at org.apache.ratis.grpc.client.GrpcClientProtocolService$RequestStreamObserver.onNext(GrpcClientProtocolService.java:248) [ratis-grpc-1.1.0-11689cd-SNAPSHOT.jar:1.1.0-11689cd-SNAPSHOT]
	at org.apache.ratis.grpc.client.GrpcClientProtocolService$RequestStreamObserver.onNext(GrpcClientProtocolService.java:171) [ratis-grpc-1.1.0-11689cd-SNAPSHOT.jar:1.1.0-11689cd-SNAPSHOT]
	at org.apache.ratis.thirdparty.io.grpc.stub.ServerCalls$StreamingServerCallHandler$StreamingServerCallListener.onMessage(ServerCalls.java:251) [ratis-thirdparty-misc-0.6.0-SNAPSHOT.jar:0.6.0-SNAPSHOT]
	at org.apache.ratis.thirdparty.io.grpc.ForwardingServerCallListener.onMessage(ForwardingServerCallListener.java:33) [ratis-thirdparty-misc-0.6.0-SNAPSHOT.jar:0.6.0-SNAPSHOT]
	at org.apache.ratis.thirdparty.io.grpc.internal.ServerCallImpl$ServerStreamListenerImpl.messagesAvailableInternal(ServerCallImpl.java:309) [ratis-thirdparty-misc-0.6.0-SNAPSHOT.jar:0.6.0-SNAPSHOT]
	at org.apache.ratis.thirdparty.io.grpc.internal.ServerCallImpl$ServerStreamListenerImpl.messagesAvailable(ServerCallImpl.java:292) [ratis-thirdparty-misc-0.6.0-SNAPSHOT.jar:0.6.0-SNAPSHOT]
	at org.apache.ratis.thirdparty.io.grpc.internal.ServerImpl$JumpToApplicationThreadServerStreamListener$1MessagesAvailable.runInContext(ServerImpl.java:783) [ratis-thirdparty-misc-0.6.0-SNAPSHOT.jar:0.6.0-SNAPSHOT]
	at org.apache.ratis.thirdparty.io.grpc.internal.ContextRunnable.run(ContextRunnable.java:37) [ratis-thirdparty-misc-0.6.0-SNAPSHOT.jar:0.6.0-SNAPSHOT]
	at org.apache.ratis.thirdparty.io.grpc.internal.SerializingExecutor.run(SerializingExecutor.java:123) [ratis-thirdparty-misc-0.6.0-SNAPSHOT.jar:0.6.0-SNAPSHOT]
	at java.util.concurrent.ThreadPoolExecutor.runWorker(ThreadPoolExecutor.java:1149) [?:1.8.0_232]
	at java.util.concurrent.ThreadPoolExecutor$Worker.run(ThreadPoolExecutor.java:624) [?:1.8.0_232]
	at java.lang.Thread.run(Thread.java:748) [?:1.8.0_232]
01:29:12.947 [grpc-default-executor-0] ERROR DNAudit - user=null | ip=null | op=PUT_BLOCK {blockData=[blockId=conID: 3 locID: 105024883953762310 bcsId: 0,size=400]} | ret=FAILURE
org.apache.hadoop.hdds.scm.container.common.helpers.ContainerNotOpenException: Container 3 in CLOSED state
	at org.apache.hadoop.ozone.container.common.impl.HddsDispatcher.validateContainerCommand(HddsDispatcher.java:484) ~[hadoop-hdds-container-service-1.1.0-SNAPSHOT.jar:?]
	at org.apache.hadoop.ozone.container.common.transport.server.ratis.ContainerStateMachine.startTransaction(ContainerStateMachine.java:319) ~[hadoop-hdds-container-service-1.1.0-SNAPSHOT.jar:?]
	at org.apache.ratis.server.impl.RaftServerImpl.submitClientRequestAsync(RaftServerImpl.java:684) ~[ratis-server-1.1.0-11689cd-SNAPSHOT.jar:1.1.0-11689cd-SNAPSHOT]
	at org.apache.ratis.server.impl.RaftServerProxy.lambda$submitClientRequestAsync$7(RaftServerProxy.java:341) ~[ratis-server-1.1.0-11689cd-SNAPSHOT.jar:1.1.0-11689cd-SNAPSHOT]
	at org.apache.ratis.server.impl.RaftServerProxy.lambda$null$5(RaftServerProxy.java:336) ~[ratis-server-1.1.0-11689cd-SNAPSHOT.jar:1.1.0-11689cd-SNAPSHOT]
	at org.apache.ratis.util.JavaUtils.callAsUnchecked(JavaUtils.java:109) ~[ratis-common-1.1.0-11689cd-SNAPSHOT.jar:1.1.0-11689cd-SNAPSHOT]
	at org.apache.ratis.server.impl.RaftServerProxy.lambda$submitRequest$6(RaftServerProxy.java:336) ~[ratis-server-1.1.0-11689cd-SNAPSHOT.jar:1.1.0-11689cd-SNAPSHOT]
	at java.util.concurrent.CompletableFuture.uniComposeStage(CompletableFuture.java:995) ~[?:1.8.0_232]
	at java.util.concurrent.CompletableFuture.thenCompose(CompletableFuture.java:2137) ~[?:1.8.0_232]
	at org.apache.ratis.server.impl.RaftServerProxy.submitRequest(RaftServerProxy.java:335) ~[ratis-server-1.1.0-11689cd-SNAPSHOT.jar:1.1.0-11689cd-SNAPSHOT]
	at org.apache.ratis.server.impl.RaftServerProxy.submitClientRequestAsync(RaftServerProxy.java:341) ~[ratis-server-1.1.0-11689cd-SNAPSHOT.jar:1.1.0-11689cd-SNAPSHOT]
	at org.apache.ratis.grpc.client.GrpcClientProtocolService$RequestStreamObserver.processClientRequest(GrpcClientProtocolService.java:228) ~[ratis-grpc-1.1.0-11689cd-SNAPSHOT.jar:1.1.0-11689cd-SNAPSHOT]
	at org.apache.ratis.grpc.client.GrpcClientProtocolService$OrderedRequestStreamObserver.processClientRequest(GrpcClientProtocolService.java:334) ~[ratis-grpc-1.1.0-11689cd-SNAPSHOT.jar:1.1.0-11689cd-SNAPSHOT]
	at org.apache.ratis.util.SlidingWindow$Server.processRequestsFromHead(SlidingWindow.java:429) [ratis-common-1.1.0-11689cd-SNAPSHOT.jar:1.1.0-11689cd-SNAPSHOT]
	at org.apache.ratis.util.SlidingWindow$Server.receivedRequest(SlidingWindow.java:421) [ratis-common-1.1.0-11689cd-SNAPSHOT.jar:1.1.0-11689cd-SNAPSHOT]
	at org.apache.ratis.grpc.client.GrpcClientProtocolService$OrderedRequestStreamObserver.processClientRequest(GrpcClientProtocolService.java:358) [ratis-grpc-1.1.0-11689cd-SNAPSHOT.jar:1.1.0-11689cd-SNAPSHOT]
	at org.apache.ratis.grpc.client.GrpcClientProtocolService$RequestStreamObserver.onNext(GrpcClientProtocolService.java:248) [ratis-grpc-1.1.0-11689cd-SNAPSHOT.jar:1.1.0-11689cd-SNAPSHOT]
	at org.apache.ratis.grpc.client.GrpcClientProtocolService$RequestStreamObserver.onNext(GrpcClientProtocolService.java:171) [ratis-grpc-1.1.0-11689cd-SNAPSHOT.jar:1.1.0-11689cd-SNAPSHOT]
	at org.apache.ratis.thirdparty.io.grpc.stub.ServerCalls$StreamingServerCallHandler$StreamingServerCallListener.onMessage(ServerCalls.java:251) [ratis-thirdparty-misc-0.6.0-SNAPSHOT.jar:0.6.0-SNAPSHOT]
	at org.apache.ratis.thirdparty.io.grpc.ForwardingServerCallListener.onMessage(ForwardingServerCallListener.java:33) [ratis-thirdparty-misc-0.6.0-SNAPSHOT.jar:0.6.0-SNAPSHOT]
	at org.apache.ratis.thirdparty.io.grpc.internal.ServerCallImpl$ServerStreamListenerImpl.messagesAvailableInternal(ServerCallImpl.java:309) [ratis-thirdparty-misc-0.6.0-SNAPSHOT.jar:0.6.0-SNAPSHOT]
	at org.apache.ratis.thirdparty.io.grpc.internal.ServerCallImpl$ServerStreamListenerImpl.messagesAvailable(ServerCallImpl.java:292) [ratis-thirdparty-misc-0.6.0-SNAPSHOT.jar:0.6.0-SNAPSHOT]
	at org.apache.ratis.thirdparty.io.grpc.internal.ServerImpl$JumpToApplicationThreadServerStreamListener$1MessagesAvailable.runInContext(ServerImpl.java:783) [ratis-thirdparty-misc-0.6.0-SNAPSHOT.jar:0.6.0-SNAPSHOT]
	at org.apache.ratis.thirdparty.io.grpc.internal.ContextRunnable.run(ContextRunnable.java:37) [ratis-thirdparty-misc-0.6.0-SNAPSHOT.jar:0.6.0-SNAPSHOT]
	at org.apache.ratis.thirdparty.io.grpc.internal.SerializingExecutor.run(SerializingExecutor.java:123) [ratis-thirdparty-misc-0.6.0-SNAPSHOT.jar:0.6.0-SNAPSHOT]
	at java.util.concurrent.ThreadPoolExecutor.runWorker(ThreadPoolExecutor.java:1149) [?:1.8.0_232]
	at java.util.concurrent.ThreadPoolExecutor$Worker.run(ThreadPoolExecutor.java:624) [?:1.8.0_232]
	at java.lang.Thread.run(Thread.java:748) [?:1.8.0_232]
2020-10-13 01:29:12,948 [grpc-default-executor-3] ERROR storage.BlockOutputStream (BlockOutputStream.java:lambda$writeChunkToContainer$3(685)) - writing chunk failed 105024883953762310_chunk_4 blockID conID: 3 locID: 105024883953762310 bcsId: 0 with exception org.apache.ratis.protocol.exceptions.StateMachineException: org.apache.hadoop.hdds.scm.container.common.helpers.ContainerNotOpenException from Server 38f6e796-8c18-4c71-95ad-19caff00ba17@group-5EA73EF34191: Container 3 in CLOSED state
2020-10-13 01:29:12,957 [Listener at 127.0.0.1/32995] INFO  io.BlockOutputStreamEntryPool (BlockOutputStreamEntryPool.java:allocateNewBlock(284)) - Allocating block with ExcludeList {datanodes = [], containerIds = [#1, #2, #3], pipelineIds = []}
2020-10-13 01:29:13,013 [Listener at 127.0.0.1/32995] INFO  ozone.MiniOzoneClusterImpl (MiniOzoneClusterImpl.java:shutdown(387)) - Shutting down the Mini Ozone Cluster
2020-10-13 01:29:13,013 [Listener at 127.0.0.1/32995] INFO  ozone.MiniOzoneClusterImpl (MiniOzoneClusterImpl.java:stop(402)) - Stopping the Mini Ozone Cluster
2020-10-13 01:29:13,013 [Listener at 127.0.0.1/32995] INFO  ozone.MiniOzoneClusterImpl (MiniOzoneClusterImpl.java:stopOM(484)) - Stopping the OzoneManager
2020-10-13 01:29:13,013 [Listener at 127.0.0.1/32995] INFO  ipc.Server (Server.java:stop(3359)) - Stopping server on 32995
2020-10-13 01:29:13,021 [Listener at 127.0.0.1/32995] INFO  ratis.OzoneManagerDoubleBuffer (OzoneManagerDoubleBuffer.java:stop(458)) - Stopping OMDoubleBuffer flush thread
2020-10-13 01:29:13,021 [IPC Server Responder] INFO  ipc.Server (Server.java:run(1465)) - Stopping IPC Server Responder
2020-10-13 01:29:13,021 [OMDoubleBufferFlushThread] INFO  ratis.OzoneManagerDoubleBuffer (OzoneManagerDoubleBuffer.java:flushTransactions(357)) - OMDoubleBuffer flush thread OMDoubleBufferFlushThread is interrupted and will exit. OMDoubleBufferFlushThread
2020-10-13 01:29:13,021 [IPC Server listener on 0] INFO  ipc.Server (Server.java:run(1330)) - Stopping IPC Server listener on 0
2020-10-13 01:29:13,021 [Listener at 127.0.0.1/32995] INFO  utils.BackgroundService (BackgroundService.java:shutdown(132)) - Shutting down service KeyDeletingService
2020-10-13 01:29:13,024 [Listener at 127.0.0.1/32995] INFO  handler.ContextHandler (ContextHandler.java:doStop(1016)) - Stopped o.e.j.w.WebAppContext@72eae30d{ozoneManager,/,null,UNAVAILABLE}{file:/github/workspace/mnt/ozone/hadoop-ozone/integration-test/target/test-classes/webapps/ozoneManager}
2020-10-13 01:29:13,025 [Listener at 127.0.0.1/32995] INFO  server.AbstractConnector (AbstractConnector.java:doStop(380)) - Stopped ServerConnector@535f93b7{HTTP/1.1,[http/1.1]}{0.0.0.0:0}
2020-10-13 01:29:13,025 [Listener at 127.0.0.1/32995] INFO  server.session (HouseKeeper.java:stopScavenging(158)) - node0 Stopped scavenging
2020-10-13 01:29:13,026 [Listener at 127.0.0.1/32995] INFO  handler.ContextHandler (ContextHandler.java:doStop(1016)) - Stopped o.e.j.s.ServletContextHandler@62cd00c7{static,/static,file:///github/workspace/mnt/ozone/hadoop-ozone/integration-test/target/test-classes/webapps/static,UNAVAILABLE}
2020-10-13 01:29:13,026 [Listener at 127.0.0.1/32995] INFO  handler.ContextHandler (ContextHandler.java:doStop(1016)) - Stopped o.e.j.s.ServletContextHandler@61aaffd4{logs,/logs,file:///github/workspace/mnt/ozone/hadoop-ozone/integration-test/target/log,UNAVAILABLE}
2020-10-13 01:29:13,030 [Listener at 127.0.0.1/32995] INFO  ozone.MiniOzoneClusterImpl (MiniOzoneClusterImpl.java:stopDatanodes(461)) - Stopping the HddsDatanodes
2020-10-13 01:29:13,329 [Datanode State Machine Thread - 0] INFO  statemachine.DatanodeStateMachine (DatanodeStateMachine.java:lambda$startDaemon$0(405)) - Ozone container server started.
2020-10-13 01:29:13,662 [Datanode State Machine Thread - 0] INFO  statemachine.DatanodeStateMachine (DatanodeStateMachine.java:lambda$startDaemon$0(405)) - Ozone container server started.
2020-10-13 01:29:18,031 [Listener at 127.0.0.1/32995] INFO  ozoneimpl.OzoneContainer (OzoneContainer.java:stop(259)) - Attempting to stop container services.
2020-10-13 01:29:18,032 [ForkJoinPool.commonPool-worker-0] INFO  ozoneimpl.OzoneContainer (OzoneContainer.java:stop(259)) - Attempting to stop container services.
2020-10-13 01:29:18,032 [Listener at 127.0.0.1/32995] INFO  impl.RaftServerProxy (RaftServerProxy.java:lambda$close$4(322)) - 557e4ca5-6b8d-4b4c-bd98-c7916be59d80: close
2020-10-13 01:29:18,032 [ForkJoinPool.commonPool-worker-0] INFO  impl.RaftServerProxy (RaftServerProxy.java:lambda$close$4(322)) - 8bba907c-2e93-4fda-916b-59f0297d61f4: close
2020-10-13 01:29:18,032 [ForkJoinPool.commonPool-worker-0] INFO  impl.RaftServerImpl (RaftServerImpl.java:lambda$shutdown$3(321)) - 8bba907c-2e93-4fda-916b-59f0297d61f4@group-456545EDC826: shutdown
2020-10-13 01:29:18,032 [Listener at 127.0.0.1/32995] INFO  impl.RaftServerImpl (RaftServerImpl.java:lambda$shutdown$3(321)) - 557e4ca5-6b8d-4b4c-bd98-c7916be59d80@group-41B73AB5C21E: shutdown
2020-10-13 01:29:18,033 [ForkJoinPool.commonPool-worker-0] INFO  util.JmxRegister (JmxRegister.java:unregister(73)) - Successfully un-registered JMX Bean with object name Ratis:service=RaftServer,group=group-456545EDC826,id=8bba907c-2e93-4fda-916b-59f0297d61f4
2020-10-13 01:29:18,033 [ForkJoinPool.commonPool-worker-0] INFO  impl.RoleInfo (RoleInfo.java:shutdownFollowerState(121)) - 8bba907c-2e93-4fda-916b-59f0297d61f4: shutdown FollowerState
2020-10-13 01:29:18,033 [ForkJoinPool.commonPool-worker-0] INFO  impl.StateMachineUpdater (StateMachineUpdater.java:stopAndJoin(142)) - 8bba907c-2e93-4fda-916b-59f0297d61f4@group-456545EDC826-StateMachineUpdater: set stopIndex = 0
2020-10-13 01:29:18,033 [Thread-622] INFO  impl.FollowerState (FollowerState.java:run(117)) - 8bba907c-2e93-4fda-916b-59f0297d61f4@group-456545EDC826-FollowerState was interrupted: java.lang.InterruptedException: sleep interrupted
2020-10-13 01:29:18,033 [Listener at 127.0.0.1/32995] INFO  util.JmxRegister (JmxRegister.java:unregister(73)) - Successfully un-registered JMX Bean with object name Ratis:service=RaftServer,group=group-41B73AB5C21E,id=557e4ca5-6b8d-4b4c-bd98-c7916be59d80
2020-10-13 01:29:18,034 [Listener at 127.0.0.1/32995] INFO  impl.RoleInfo (RoleInfo.java:shutdownFollowerState(121)) - 557e4ca5-6b8d-4b4c-bd98-c7916be59d80: shutdown FollowerState
2020-10-13 01:29:18,034 [Listener at 127.0.0.1/32995] INFO  impl.StateMachineUpdater (StateMachineUpdater.java:stopAndJoin(142)) - 557e4ca5-6b8d-4b4c-bd98-c7916be59d80@group-41B73AB5C21E-StateMachineUpdater: set stopIndex = 0
2020-10-13 01:29:18,035 [Thread-645] INFO  impl.FollowerState (FollowerState.java:run(117)) - 557e4ca5-6b8d-4b4c-bd98-c7916be59d80@group-41B73AB5C21E-FollowerState was interrupted: java.lang.InterruptedException: sleep interrupted
2020-10-13 01:29:18,035 [557e4ca5-6b8d-4b4c-bd98-c7916be59d80@group-41B73AB5C21E-StateMachineUpdater] INFO  ratis.ContainerStateMachine (ContainerStateMachine.java:takeSnapshot(293)) - group-41B73AB5C21E: Taking a snapshot at:(t:1, i:0) file /github/workspace/mnt/ozone/hadoop-ozone/integration-test/target/test-dir/MiniOzoneClusterImpl-4b926bf3-aee9-4ef9-a274-c573270b78ea/datanode-4/data/ratis/a9303f12-9bb1-4dba-9bf4-41b73ab5c21e/sm/snapshot.1_0
2020-10-13 01:29:18,034 [8bba907c-2e93-4fda-916b-59f0297d61f4@group-456545EDC826-StateMachineUpdater] INFO  ratis.ContainerStateMachine (ContainerStateMachine.java:takeSnapshot(293)) - group-456545EDC826: Taking a snapshot at:(t:1, i:0) file /github/workspace/mnt/ozone/hadoop-ozone/integration-test/target/test-dir/MiniOzoneClusterImpl-4b926bf3-aee9-4ef9-a274-c573270b78ea/datanode-1/data/ratis/5d7ca41b-101c-4b68-9eab-456545edc826/sm/snapshot.1_0
2020-10-13 01:29:18,036 [557e4ca5-6b8d-4b4c-bd98-c7916be59d80@group-41B73AB5C21E-StateMachineUpdater] INFO  ratis.ContainerStateMachine (ContainerStateMachine.java:takeSnapshot(304)) - group-41B73AB5C21E: Finished taking a snapshot at:(t:1, i:0) file:/github/workspace/mnt/ozone/hadoop-ozone/integration-test/target/test-dir/MiniOzoneClusterImpl-4b926bf3-aee9-4ef9-a274-c573270b78ea/datanode-4/data/ratis/a9303f12-9bb1-4dba-9bf4-41b73ab5c21e/sm/snapshot.1_0 time:1
2020-10-13 01:29:18,037 [8bba907c-2e93-4fda-916b-59f0297d61f4@group-456545EDC826-StateMachineUpdater] INFO  ratis.ContainerStateMachine (ContainerStateMachine.java:takeSnapshot(304)) - group-456545EDC826: Finished taking a snapshot at:(t:1, i:0) file:/github/workspace/mnt/ozone/hadoop-ozone/integration-test/target/test-dir/MiniOzoneClusterImpl-4b926bf3-aee9-4ef9-a274-c573270b78ea/datanode-1/data/ratis/5d7ca41b-101c-4b68-9eab-456545edc826/sm/snapshot.1_0 time:2
2020-10-13 01:29:18,037 [557e4ca5-6b8d-4b4c-bd98-c7916be59d80@group-41B73AB5C21E-StateMachineUpdater] INFO  impl.StateMachineUpdater (StateMachineUpdater.java:takeSnapshot(277)) - 557e4ca5-6b8d-4b4c-bd98-c7916be59d80@group-41B73AB5C21E-StateMachineUpdater: Took a snapshot at index 0
2020-10-13 01:29:18,037 [557e4ca5-6b8d-4b4c-bd98-c7916be59d80@group-41B73AB5C21E-StateMachineUpdater] INFO  impl.StateMachineUpdater (StateMachineUpdater.java:lambda$new$0(87)) - 557e4ca5-6b8d-4b4c-bd98-c7916be59d80@group-41B73AB5C21E-StateMachineUpdater: snapshotIndex: updateIncreasingly -1 -> 0
2020-10-13 01:29:18,037 [557e4ca5-6b8d-4b4c-bd98-c7916be59d80@group-41B73AB5C21E-StateMachineUpdater] INFO  metrics.RatisMetrics (RatisMetrics.java:unregister(43)) - Unregistering Metrics Registry : ratis.state_machine.557e4ca5-6b8d-4b4c-bd98-c7916be59d80@group-41B73AB5C21E
2020-10-13 01:29:18,037 [8bba907c-2e93-4fda-916b-59f0297d61f4@group-456545EDC826-StateMachineUpdater] INFO  impl.StateMachineUpdater (StateMachineUpdater.java:takeSnapshot(277)) - 8bba907c-2e93-4fda-916b-59f0297d61f4@group-456545EDC826-StateMachineUpdater: Took a snapshot at index 0
2020-10-13 01:29:18,037 [8bba907c-2e93-4fda-916b-59f0297d61f4@group-456545EDC826-StateMachineUpdater] INFO  impl.StateMachineUpdater (StateMachineUpdater.java:lambda$new$0(87)) - 8bba907c-2e93-4fda-916b-59f0297d61f4@group-456545EDC826-StateMachineUpdater: snapshotIndex: updateIncreasingly -1 -> 0
2020-10-13 01:29:18,038 [Listener at 127.0.0.1/32995] INFO  impl.RaftServerImpl (ServerState.java:close(405)) - 557e4ca5-6b8d-4b4c-bd98-c7916be59d80@group-41B73AB5C21E: closes. applyIndex: 0
2020-10-13 01:29:18,038 [557e4ca5-6b8d-4b4c-bd98-c7916be59d80@group-41B73AB5C21E-SegmentedRaftLogWorker] INFO  segmented.SegmentedRaftLogWorker (SegmentedRaftLogWorker.java:run(327)) - 557e4ca5-6b8d-4b4c-bd98-c7916be59d80@group-41B73AB5C21E-SegmentedRaftLogWorker was interrupted, exiting. There are 0 tasks remaining in the queue.
2020-10-13 01:29:18,038 [8bba907c-2e93-4fda-916b-59f0297d61f4@group-456545EDC826-StateMachineUpdater] INFO  metrics.RatisMetrics (RatisMetrics.java:unregister(43)) - Unregistering Metrics Registry : ratis.state_machine.8bba907c-2e93-4fda-916b-59f0297d61f4@group-456545EDC826
2020-10-13 01:29:18,039 [ForkJoinPool.commonPool-worker-0] INFO  impl.RaftServerImpl (ServerState.java:close(405)) - 8bba907c-2e93-4fda-916b-59f0297d61f4@group-456545EDC826: closes. applyIndex: 0
2020-10-13 01:29:18,039 [Listener at 127.0.0.1/32995] INFO  segmented.SegmentedRaftLogWorker (SegmentedRaftLogWorker.java:close(234)) - 557e4ca5-6b8d-4b4c-bd98-c7916be59d80@group-41B73AB5C21E-SegmentedRaftLogWorker close()
2020-10-13 01:29:18,039 [8bba907c-2e93-4fda-916b-59f0297d61f4@group-456545EDC826-SegmentedRaftLogWorker] INFO  segmented.SegmentedRaftLogWorker (SegmentedRaftLogWorker.java:run(327)) - 8bba907c-2e93-4fda-916b-59f0297d61f4@group-456545EDC826-SegmentedRaftLogWorker was interrupted, exiting. There are 0 tasks remaining in the queue.
2020-10-13 01:29:18,041 [ForkJoinPool.commonPool-worker-0] INFO  segmented.SegmentedRaftLogWorker (SegmentedRaftLogWorker.java:close(234)) - 8bba907c-2e93-4fda-916b-59f0297d61f4@group-456545EDC826-SegmentedRaftLogWorker close()
2020-10-13 01:29:18,043 [Listener at 127.0.0.1/32995] INFO  metrics.RatisMetrics (RatisMetrics.java:unregister(43)) - Unregistering Metrics Registry : ratis.log_worker.557e4ca5-6b8d-4b4c-bd98-c7916be59d80@group-41B73AB5C21E
2020-10-13 01:29:18,043 [Listener at 127.0.0.1/32995] INFO  metrics.RatisMetrics (RatisMetrics.java:unregister(43)) - Unregistering Metrics Registry : ratis.leader_election.557e4ca5-6b8d-4b4c-bd98-c7916be59d80@group-41B73AB5C21E
2020-10-13 01:29:18,043 [Listener at 127.0.0.1/32995] INFO  metrics.RatisMetrics (RatisMetrics.java:unregister(43)) - Unregistering Metrics Registry : ratis.server.557e4ca5-6b8d-4b4c-bd98-c7916be59d80@group-41B73AB5C21E
2020-10-13 01:29:18,043 [Listener at 127.0.0.1/32995] INFO  impl.RaftServerImpl (RaftServerImpl.java:lambda$shutdown$3(321)) - 557e4ca5-6b8d-4b4c-bd98-c7916be59d80@group-FCBDF8B71D47: shutdown
2020-10-13 01:29:18,043 [Listener at 127.0.0.1/32995] INFO  util.JmxRegister (JmxRegister.java:unregister(73)) - Successfully un-registered JMX Bean with object name Ratis:service=RaftServer,group=group-FCBDF8B71D47,id=557e4ca5-6b8d-4b4c-bd98-c7916be59d80
2020-10-13 01:29:18,044 [Listener at 127.0.0.1/32995] INFO  impl.RoleInfo (RoleInfo.java:shutdownLeaderState(104)) - 557e4ca5-6b8d-4b4c-bd98-c7916be59d80: shutdown LeaderState
2020-10-13 01:29:18,044 [Listener at 127.0.0.1/32995] INFO  impl.PendingRequests (PendingRequests.java:sendNotLeaderResponses(249)) - 557e4ca5-6b8d-4b4c-bd98-c7916be59d80@group-FCBDF8B71D47-PendingRequests: sendNotLeaderResponses
2020-10-13 01:29:18,044 [Listener at 127.0.0.1/32995] INFO  metrics.RatisMetrics (RatisMetrics.java:unregister(43)) - Unregistering Metrics Registry : ratis.log_appender.557e4ca5-6b8d-4b4c-bd98-c7916be59d80@group-FCBDF8B71D47
2020-10-13 01:29:18,044 [Listener at 127.0.0.1/32995] INFO  metrics.RatisMetrics (RatisMetrics.java:unregister(43)) - Unregistering Metrics Registry : ratis.server.557e4ca5-6b8d-4b4c-bd98-c7916be59d80@group-FCBDF8B71D47
2020-10-13 01:29:18,045 [557e4ca5-6b8d-4b4c-bd98-c7916be59d80@group-FCBDF8B71D47-StateMachineUpdater] INFO  ratis.ContainerStateMachine (ContainerStateMachine.java:takeSnapshot(293)) - group-FCBDF8B71D47: Taking a snapshot at:(t:1, i:0) file /github/workspace/mnt/ozone/hadoop-ozone/integration-test/target/test-dir/MiniOzoneClusterImpl-4b926bf3-aee9-4ef9-a274-c573270b78ea/datanode-4/data/ratis/7d044e20-3de5-4034-a102-fcbdf8b71d47/sm/snapshot.1_0
2020-10-13 01:29:18,045 [Listener at 127.0.0.1/32995] INFO  impl.StateMachineUpdater (StateMachineUpdater.java:stopAndJoin(142)) - 557e4ca5-6b8d-4b4c-bd98-c7916be59d80@group-FCBDF8B71D47-StateMachineUpdater: set stopIndex = 0
2020-10-13 01:29:18,046 [ForkJoinPool.commonPool-worker-0] INFO  metrics.RatisMetrics (RatisMetrics.java:unregister(43)) - Unregistering Metrics Registry : ratis.log_worker.8bba907c-2e93-4fda-916b-59f0297d61f4@group-456545EDC826
2020-10-13 01:29:18,046 [ForkJoinPool.commonPool-worker-0] INFO  metrics.RatisMetrics (RatisMetrics.java:unregister(43)) - Unregistering Metrics Registry : ratis.leader_election.8bba907c-2e93-4fda-916b-59f0297d61f4@group-456545EDC826
2020-10-13 01:29:18,046 [ForkJoinPool.commonPool-worker-0] INFO  metrics.RatisMetrics (RatisMetrics.java:unregister(43)) - Unregistering Metrics Registry : ratis.server.8bba907c-2e93-4fda-916b-59f0297d61f4@group-456545EDC826
2020-10-13 01:29:18,046 [ForkJoinPool.commonPool-worker-0] INFO  impl.RaftServerImpl (RaftServerImpl.java:lambda$shutdown$3(321)) - 8bba907c-2e93-4fda-916b-59f0297d61f4@group-CB3A39B265B7: shutdown
2020-10-13 01:29:18,046 [ForkJoinPool.commonPool-worker-0] INFO  util.JmxRegister (JmxRegister.java:unregister(73)) - Successfully un-registered JMX Bean with object name Ratis:service=RaftServer,group=group-CB3A39B265B7,id=8bba907c-2e93-4fda-916b-59f0297d61f4
2020-10-13 01:29:18,047 [ForkJoinPool.commonPool-worker-0] INFO  impl.RoleInfo (RoleInfo.java:shutdownLeaderState(104)) - 8bba907c-2e93-4fda-916b-59f0297d61f4: shutdown LeaderState
2020-10-13 01:29:18,047 [ForkJoinPool.commonPool-worker-0] INFO  impl.PendingRequests (PendingRequests.java:sendNotLeaderResponses(249)) - 8bba907c-2e93-4fda-916b-59f0297d61f4@group-CB3A39B265B7-PendingRequests: sendNotLeaderResponses
2020-10-13 01:29:18,047 [ForkJoinPool.commonPool-worker-0] INFO  metrics.RatisMetrics (RatisMetrics.java:unregister(43)) - Unregistering Metrics Registry : ratis.log_appender.8bba907c-2e93-4fda-916b-59f0297d61f4@group-CB3A39B265B7
2020-10-13 01:29:18,047 [ForkJoinPool.commonPool-worker-0] INFO  metrics.RatisMetrics (RatisMetrics.java:unregister(43)) - Unregistering Metrics Registry : ratis.server.8bba907c-2e93-4fda-916b-59f0297d61f4@group-CB3A39B265B7
2020-10-13 01:29:18,046 [557e4ca5-6b8d-4b4c-bd98-c7916be59d80@group-FCBDF8B71D47-StateMachineUpdater] INFO  ratis.ContainerStateMachine (ContainerStateMachine.java:takeSnapshot(304)) - group-FCBDF8B71D47: Finished taking a snapshot at:(t:1, i:0) file:/github/workspace/mnt/ozone/hadoop-ozone/integration-test/target/test-dir/MiniOzoneClusterImpl-4b926bf3-aee9-4ef9-a274-c573270b78ea/datanode-4/data/ratis/7d044e20-3de5-4034-a102-fcbdf8b71d47/sm/snapshot.1_0 time:1
2020-10-13 01:29:18,048 [557e4ca5-6b8d-4b4c-bd98-c7916be59d80@group-FCBDF8B71D47-StateMachineUpdater] INFO  impl.StateMachineUpdater (StateMachineUpdater.java:takeSnapshot(277)) - 557e4ca5-6b8d-4b4c-bd98-c7916be59d80@group-FCBDF8B71D47-StateMachineUpdater: Took a snapshot at index 0
2020-10-13 01:29:18,048 [557e4ca5-6b8d-4b4c-bd98-c7916be59d80@group-FCBDF8B71D47-StateMachineUpdater] INFO  impl.StateMachineUpdater (StateMachineUpdater.java:lambda$new$0(87)) - 557e4ca5-6b8d-4b4c-bd98-c7916be59d80@group-FCBDF8B71D47-StateMachineUpdater: snapshotIndex: updateIncreasingly -1 -> 0
2020-10-13 01:29:18,048 [557e4ca5-6b8d-4b4c-bd98-c7916be59d80@group-FCBDF8B71D47-StateMachineUpdater] INFO  metrics.RatisMetrics (RatisMetrics.java:unregister(43)) - Unregistering Metrics Registry : ratis.state_machine.557e4ca5-6b8d-4b4c-bd98-c7916be59d80@group-FCBDF8B71D47
2020-10-13 01:29:18,048 [8bba907c-2e93-4fda-916b-59f0297d61f4@group-CB3A39B265B7-StateMachineUpdater] INFO  ratis.ContainerStateMachine (ContainerStateMachine.java:takeSnapshot(293)) - group-CB3A39B265B7: Taking a snapshot at:(t:1, i:0) file /github/workspace/mnt/ozone/hadoop-ozone/integration-test/target/test-dir/MiniOzoneClusterImpl-4b926bf3-aee9-4ef9-a274-c573270b78ea/datanode-1/data/ratis/db8f4dc3-8021-44a0-80d4-cb3a39b265b7/sm/snapshot.1_0
2020-10-13 01:29:18,048 [ForkJoinPool.commonPool-worker-0] INFO  impl.StateMachineUpdater (StateMachineUpdater.java:stopAndJoin(142)) - 8bba907c-2e93-4fda-916b-59f0297d61f4@group-CB3A39B265B7-StateMachineUpdater: set stopIndex = 0
2020-10-13 01:29:18,048 [Listener at 127.0.0.1/32995] INFO  impl.RaftServerImpl (ServerState.java:close(405)) - 557e4ca5-6b8d-4b4c-bd98-c7916be59d80@group-FCBDF8B71D47: closes. applyIndex: 0
2020-10-13 01:29:18,049 [8bba907c-2e93-4fda-916b-59f0297d61f4@group-CB3A39B265B7-StateMachineUpdater] INFO  ratis.ContainerStateMachine (ContainerStateMachine.java:takeSnapshot(304)) - group-CB3A39B265B7: Finished taking a snapshot at:(t:1, i:0) file:/github/workspace/mnt/ozone/hadoop-ozone/integration-test/target/test-dir/MiniOzoneClusterImpl-4b926bf3-aee9-4ef9-a274-c573270b78ea/datanode-1/data/ratis/db8f4dc3-8021-44a0-80d4-cb3a39b265b7/sm/snapshot.1_0 time:1
2020-10-13 01:29:18,049 [8bba907c-2e93-4fda-916b-59f0297d61f4@group-CB3A39B265B7-StateMachineUpdater] INFO  impl.StateMachineUpdater (StateMachineUpdater.java:takeSnapshot(277)) - 8bba907c-2e93-4fda-916b-59f0297d61f4@group-CB3A39B265B7-StateMachineUpdater: Took a snapshot at index 0
2020-10-13 01:29:18,049 [8bba907c-2e93-4fda-916b-59f0297d61f4@group-CB3A39B265B7-StateMachineUpdater] INFO  impl.StateMachineUpdater (StateMachineUpdater.java:lambda$new$0(87)) - 8bba907c-2e93-4fda-916b-59f0297d61f4@group-CB3A39B265B7-StateMachineUpdater: snapshotIndex: updateIncreasingly -1 -> 0
2020-10-13 01:29:18,049 [8bba907c-2e93-4fda-916b-59f0297d61f4@group-CB3A39B265B7-StateMachineUpdater] INFO  metrics.RatisMetrics (RatisMetrics.java:unregister(43)) - Unregistering Metrics Registry : ratis.state_machine.8bba907c-2e93-4fda-916b-59f0297d61f4@group-CB3A39B265B7
2020-10-13 01:29:18,050 [557e4ca5-6b8d-4b4c-bd98-c7916be59d80@group-FCBDF8B71D47-SegmentedRaftLogWorker] INFO  segmented.SegmentedRaftLogWorker (SegmentedRaftLogWorker.java:run(327)) - 557e4ca5-6b8d-4b4c-bd98-c7916be59d80@group-FCBDF8B71D47-SegmentedRaftLogWorker was interrupted, exiting. There are 0 tasks remaining in the queue.
2020-10-13 01:29:18,058 [ForkJoinPool.commonPool-worker-0] INFO  impl.RaftServerImpl (ServerState.java:close(405)) - 8bba907c-2e93-4fda-916b-59f0297d61f4@group-CB3A39B265B7: closes. applyIndex: 0
2020-10-13 01:29:18,058 [8bba907c-2e93-4fda-916b-59f0297d61f4@group-CB3A39B265B7-SegmentedRaftLogWorker] INFO  segmented.SegmentedRaftLogWorker (SegmentedRaftLogWorker.java:run(327)) - 8bba907c-2e93-4fda-916b-59f0297d61f4@group-CB3A39B265B7-SegmentedRaftLogWorker was interrupted, exiting. There are 0 tasks remaining in the queue.
2020-10-13 01:29:18,059 [Listener at 127.0.0.1/32995] INFO  segmented.SegmentedRaftLogWorker (SegmentedRaftLogWorker.java:close(234)) - 557e4ca5-6b8d-4b4c-bd98-c7916be59d80@group-FCBDF8B71D47-SegmentedRaftLogWorker close()
2020-10-13 01:29:18,060 [ForkJoinPool.commonPool-worker-0] INFO  segmented.SegmentedRaftLogWorker (SegmentedRaftLogWorker.java:close(234)) - 8bba907c-2e93-4fda-916b-59f0297d61f4@group-CB3A39B265B7-SegmentedRaftLogWorker close()
2020-10-13 01:29:18,061 [Listener at 127.0.0.1/32995] INFO  metrics.RatisMetrics (RatisMetrics.java:unregister(43)) - Unregistering Metrics Registry : ratis.log_worker.557e4ca5-6b8d-4b4c-bd98-c7916be59d80@group-FCBDF8B71D47
2020-10-13 01:29:18,061 [ForkJoinPool.commonPool-worker-0] INFO  metrics.RatisMetrics (RatisMetrics.java:unregister(43)) - Unregistering Metrics Registry : ratis.log_worker.8bba907c-2e93-4fda-916b-59f0297d61f4@group-CB3A39B265B7
2020-10-13 01:29:18,061 [Listener at 127.0.0.1/32995] INFO  metrics.RatisMetrics (RatisMetrics.java:unregister(43)) - Unregistering Metrics Registry : ratis.leader_election.557e4ca5-6b8d-4b4c-bd98-c7916be59d80@group-FCBDF8B71D47
2020-10-13 01:29:18,061 [ForkJoinPool.commonPool-worker-0] INFO  metrics.RatisMetrics (RatisMetrics.java:unregister(43)) - Unregistering Metrics Registry : ratis.leader_election.8bba907c-2e93-4fda-916b-59f0297d61f4@group-CB3A39B265B7
2020-10-13 01:29:18,061 [Listener at 127.0.0.1/32995] INFO  metrics.RatisMetrics (RatisMetrics.java:unregister(43)) - Unregistering Metrics Registry : ratis.server.557e4ca5-6b8d-4b4c-bd98-c7916be59d80@group-FCBDF8B71D47
2020-10-13 01:29:18,061 [ForkJoinPool.commonPool-worker-0] INFO  metrics.RatisMetrics (RatisMetrics.java:unregister(43)) - Unregistering Metrics Registry : ratis.server.8bba907c-2e93-4fda-916b-59f0297d61f4@group-CB3A39B265B7
2020-10-13 01:29:18,061 [Listener at 127.0.0.1/32995] INFO  server.GrpcService (GrpcService.java:closeImpl(183)) - 557e4ca5-6b8d-4b4c-bd98-c7916be59d80: shutdown server with port 34559 now
2020-10-13 01:29:18,061 [ForkJoinPool.commonPool-worker-0] INFO  server.GrpcService (GrpcService.java:closeImpl(183)) - 8bba907c-2e93-4fda-916b-59f0297d61f4: shutdown server with port 40303 now
2020-10-13 01:29:18,063 [Listener at 127.0.0.1/32995] INFO  server.GrpcService (GrpcService.java:closeImpl(191)) - 557e4ca5-6b8d-4b4c-bd98-c7916be59d80: shutdown server with port 34559 successfully
2020-10-13 01:29:18,063 [grpc-default-executor-0] WARN  server.GrpcLogAppender (LogUtils.java:warn(122)) - 8da8ca2d-f214-46c6-bb1d-19300cf99b91@group-41B73AB5C21E->557e4ca5-6b8d-4b4c-bd98-c7916be59d80-AppendLogResponseHandler: Failed appendEntries: org.apache.ratis.thirdparty.io.grpc.StatusRuntimeException: CANCELLED: HTTP/2 error code: CANCEL
Received Rst Stream
2020-10-13 01:29:18,063 [grpc-default-executor-3] WARN  server.GrpcServerProtocolService (LogUtils.java:warn(122)) - 557e4ca5-6b8d-4b4c-bd98-c7916be59d80: installSnapshot onError, lastRequest: 8da8ca2d-f214-46c6-bb1d-19300cf99b91->557e4ca5-6b8d-4b4c-bd98-c7916be59d80#1-t1, previous=(t:0, i:0), leaderCommit=-1, initializing? false, entries: size=1, first=(t:1, i:0), CONFIGURATIONENTRY: org.apache.ratis.thirdparty.io.grpc.StatusRuntimeException: CANCELLED: cancelled before receiving half close
2020-10-13 01:29:18,064 [grpc-default-executor-0] WARN  server.GrpcLogAppender (GrpcLogAppender.java:resetClient(107)) - 8da8ca2d-f214-46c6-bb1d-19300cf99b91@group-41B73AB5C21E->557e4ca5-6b8d-4b4c-bd98-c7916be59d80-GrpcLogAppender: Leader has not got in touch with Follower 8da8ca2d-f214-46c6-bb1d-19300cf99b91@group-41B73AB5C21E->557e4ca5-6b8d-4b4c-bd98-c7916be59d80(c0,m0,n1, attendVote=true, lastRpcSendTime=425, lastRpcResponseTime=423) yet, just keep nextIndex unchanged and retry.
2020-10-13 01:29:18,065 [grpc-default-executor-0] WARN  server.GrpcServerProtocolService (LogUtils.java:warn(122)) - 8bba907c-2e93-4fda-916b-59f0297d61f4: installSnapshot onError, lastRequest: a12b145a-ffb8-402d-9bd1-7a149c253a62->8bba907c-2e93-4fda-916b-59f0297d61f4#1-t1, previous=(t:0, i:0), leaderCommit=0, initializing? false, entries: size=1, first=(t:1, i:0), CONFIGURATIONENTRY: org.apache.ratis.thirdparty.io.grpc.StatusRuntimeException: CANCELLED: cancelled before receiving half close
2020-10-13 01:29:18,065 [ForkJoinPool.commonPool-worker-0] INFO  server.GrpcService (GrpcService.java:closeImpl(191)) - 8bba907c-2e93-4fda-916b-59f0297d61f4: shutdown server with port 40303 successfully
2020-10-13 01:29:18,067 [grpc-default-executor-0] WARN  server.GrpcLogAppender (LogUtils.java:warn(122)) - a12b145a-ffb8-402d-9bd1-7a149c253a62@group-456545EDC826->8bba907c-2e93-4fda-916b-59f0297d61f4-AppendLogResponseHandler: Failed appendEntries: org.apache.ratis.thirdparty.io.grpc.StatusRuntimeException: CANCELLED: HTTP/2 error code: CANCEL
Received Rst Stream
2020-10-13 01:29:18,068 [Listener at 127.0.0.1/32995] INFO  utils.BackgroundService (BackgroundService.java:shutdown(132)) - Shutting down service BlockDeletingService
2020-10-13 01:29:18,069 [grpc-default-executor-0] WARN  server.GrpcLogAppender (GrpcLogAppender.java:resetClient(107)) - a12b145a-ffb8-402d-9bd1-7a149c253a62@group-456545EDC826->8bba907c-2e93-4fda-916b-59f0297d61f4-GrpcLogAppender: Leader has not got in touch with Follower a12b145a-ffb8-402d-9bd1-7a149c253a62@group-456545EDC826->8bba907c-2e93-4fda-916b-59f0297d61f4(c0,m0,n1, attendVote=true, lastRpcSendTime=907, lastRpcResponseTime=905) yet, just keep nextIndex unchanged and retry.
2020-10-13 01:29:18,072 [ForkJoinPool.commonPool-worker-0] INFO  utils.BackgroundService (BackgroundService.java:shutdown(132)) - Shutting down service BlockDeletingService
2020-10-13 01:29:18,073 [Listener at 127.0.0.1/32995] INFO  statemachine.DatanodeStateMachine (DatanodeStateMachine.java:stopDaemon(453)) - Ozone container server stopped.
2020-10-13 01:29:18,080 [Listener at 127.0.0.1/32995] INFO  handler.ContextHandler (ContextHandler.java:doStop(1016)) - Stopped o.e.j.w.WebAppContext@3fcc4092{hddsDatanode,/,null,UNAVAILABLE}{jar:file:/home/user/.m2/repository/org/apache/hadoop/hadoop-hdds-container-service/1.1.0-SNAPSHOT/hadoop-hdds-container-service-1.1.0-SNAPSHOT.jar!/webapps/hddsDatanode}
2020-10-13 01:29:18,081 [ForkJoinPool.commonPool-worker-0] INFO  statemachine.DatanodeStateMachine (DatanodeStateMachine.java:stopDaemon(453)) - Ozone container server stopped.
2020-10-13 01:29:18,083 [Listener at 127.0.0.1/32995] INFO  server.AbstractConnector (AbstractConnector.java:doStop(380)) - Stopped ServerConnector@43983e13{HTTP/1.1,[http/1.1]}{0.0.0.0:0}
2020-10-13 01:29:18,083 [Listener at 127.0.0.1/32995] INFO  server.session (HouseKeeper.java:stopScavenging(158)) - node0 Stopped scavenging
2020-10-13 01:29:18,084 [Listener at 127.0.0.1/32995] INFO  handler.ContextHandler (ContextHandler.java:doStop(1016)) - Stopped o.e.j.s.ServletContextHandler@3c21021a{static,/static,jar:file:/home/user/.m2/repository/org/apache/hadoop/hadoop-hdds-container-service/1.1.0-SNAPSHOT/hadoop-hdds-container-service-1.1.0-SNAPSHOT.jar!/webapps/static,UNAVAILABLE}
2020-10-13 01:29:18,085 [Listener at 127.0.0.1/32995] INFO  handler.ContextHandler (ContextHandler.java:doStop(1016)) - Stopped o.e.j.s.ServletContextHandler@68f790b8{logs,/logs,file:///github/workspace/mnt/ozone/hadoop-ozone/integration-test/target/log,UNAVAILABLE}
2020-10-13 01:29:18,093 [Datanode State Machine Thread - 0] WARN  statemachine.StateContext (StateContext.java:setState(165)) - Ignore disallowed transition from SHUTDOWN to RUNNING
2020-10-13 01:29:18,096 [ForkJoinPool.commonPool-worker-0] INFO  handler.ContextHandler (ContextHandler.java:doStop(1016)) - Stopped o.e.j.w.WebAppContext@a3f851a{hddsDatanode,/,null,UNAVAILABLE}{jar:file:/home/user/.m2/repository/org/apache/hadoop/hadoop-hdds-container-service/1.1.0-SNAPSHOT/hadoop-hdds-container-service-1.1.0-SNAPSHOT.jar!/webapps/hddsDatanode}
2020-10-13 01:29:18,097 [ForkJoinPool.commonPool-worker-0] INFO  server.AbstractConnector (AbstractConnector.java:doStop(380)) - Stopped ServerConnector@e91cca4{HTTP/1.1,[http/1.1]}{0.0.0.0:0}
2020-10-13 01:29:18,097 [ForkJoinPool.commonPool-worker-0] INFO  server.session (HouseKeeper.java:stopScavenging(158)) - node0 Stopped scavenging
2020-10-13 01:29:18,098 [ForkJoinPool.commonPool-worker-0] INFO  handler.ContextHandler (ContextHandler.java:doStop(1016)) - Stopped o.e.j.s.ServletContextHandler@9c035c9{static,/static,jar:file:/home/user/.m2/repository/org/apache/hadoop/hadoop-hdds-container-service/1.1.0-SNAPSHOT/hadoop-hdds-container-service-1.1.0-SNAPSHOT.jar!/webapps/static,UNAVAILABLE}
2020-10-13 01:29:18,099 [ForkJoinPool.commonPool-worker-0] INFO  handler.ContextHandler (ContextHandler.java:doStop(1016)) - Stopped o.e.j.s.ServletContextHandler@7124b491{logs,/logs,file:///github/workspace/mnt/ozone/hadoop-ozone/integration-test/target/log,UNAVAILABLE}
2020-10-13 01:29:18,813 [Datanode State Machine Thread - 0] INFO  statemachine.DatanodeStateMachine (DatanodeStateMachine.java:lambda$startDaemon$0(405)) - Ozone container server started.
2020-10-13 01:29:19,091 [Datanode State Machine Thread - 0] INFO  statemachine.DatanodeStateMachine (DatanodeStateMachine.java:lambda$startDaemon$0(405)) - Ozone container server started.
2020-10-13 01:29:19,666 [grpc-default-executor-1] WARN  server.GrpcLogAppender (LogUtils.java:warn(122)) - a12b145a-ffb8-402d-9bd1-7a149c253a62@group-456545EDC826->8bba907c-2e93-4fda-916b-59f0297d61f4-AppendLogResponseHandler: Failed appendEntries: org.apache.ratis.thirdparty.io.grpc.StatusRuntimeException: UNAVAILABLE: io exception
2020-10-13 01:29:19,667 [grpc-default-executor-1] WARN  server.GrpcLogAppender (GrpcLogAppender.java:resetClient(107)) - a12b145a-ffb8-402d-9bd1-7a149c253a62@group-456545EDC826->8bba907c-2e93-4fda-916b-59f0297d61f4-GrpcLogAppender: Leader has not got in touch with Follower a12b145a-ffb8-402d-9bd1-7a149c253a62@group-456545EDC826->8bba907c-2e93-4fda-916b-59f0297d61f4(c0,m0,n1, attendVote=true, lastRpcSendTime=2, lastRpcResponseTime=2503) yet, just keep nextIndex unchanged and retry.
2020-10-13 01:29:20,143 [grpc-default-executor-3] WARN  server.GrpcLogAppender (LogUtils.java:warn(122)) - 8da8ca2d-f214-46c6-bb1d-19300cf99b91@group-41B73AB5C21E->557e4ca5-6b8d-4b4c-bd98-c7916be59d80-AppendLogResponseHandler: Failed appendEntries: org.apache.ratis.thirdparty.io.grpc.StatusRuntimeException: UNAVAILABLE: io exception
2020-10-13 01:29:20,143 [grpc-default-executor-3] WARN  server.GrpcLogAppender (GrpcLogAppender.java:resetClient(107)) - 8da8ca2d-f214-46c6-bb1d-19300cf99b91@group-41B73AB5C21E->557e4ca5-6b8d-4b4c-bd98-c7916be59d80-GrpcLogAppender: Leader has not got in touch with Follower 8da8ca2d-f214-46c6-bb1d-19300cf99b91@group-41B73AB5C21E->557e4ca5-6b8d-4b4c-bd98-c7916be59d80(c0,m0,n1, attendVote=true, lastRpcSendTime=1, lastRpcResponseTime=2503) yet, just keep nextIndex unchanged and retry.
2020-10-13 01:29:22,166 [grpc-default-executor-3] WARN  server.GrpcLogAppender (LogUtils.java:warn(122)) - a12b145a-ffb8-402d-9bd1-7a149c253a62@group-456545EDC826->8bba907c-2e93-4fda-916b-59f0297d61f4-AppendLogResponseHandler: Failed appendEntries: org.apache.ratis.thirdparty.io.grpc.StatusRuntimeException: UNAVAILABLE: io exception
2020-10-13 01:29:22,167 [grpc-default-executor-3] WARN  server.GrpcLogAppender (GrpcLogAppender.java:resetClient(107)) - a12b145a-ffb8-402d-9bd1-7a149c253a62@group-456545EDC826->8bba907c-2e93-4fda-916b-59f0297d61f4-GrpcLogAppender: Leader has not got in touch with Follower a12b145a-ffb8-402d-9bd1-7a149c253a62@group-456545EDC826->8bba907c-2e93-4fda-916b-59f0297d61f4(c0,m0,n1, attendVote=true, lastRpcSendTime=2502, lastRpcResponseTime=5003) yet, just keep nextIndex unchanged and retry.
2020-10-13 01:29:22,643 [grpc-default-executor-3] WARN  server.GrpcLogAppender (LogUtils.java:warn(122)) - 8da8ca2d-f214-46c6-bb1d-19300cf99b91@group-41B73AB5C21E->557e4ca5-6b8d-4b4c-bd98-c7916be59d80-AppendLogResponseHandler: Failed appendEntries: org.apache.ratis.thirdparty.io.grpc.StatusRuntimeException: UNAVAILABLE: io exception
2020-10-13 01:29:22,644 [grpc-default-executor-3] WARN  server.GrpcLogAppender (GrpcLogAppender.java:resetClient(107)) - 8da8ca2d-f214-46c6-bb1d-19300cf99b91@group-41B73AB5C21E->557e4ca5-6b8d-4b4c-bd98-c7916be59d80-GrpcLogAppender: Leader has not got in touch with Follower 8da8ca2d-f214-46c6-bb1d-19300cf99b91@group-41B73AB5C21E->557e4ca5-6b8d-4b4c-bd98-c7916be59d80(c0,m0,n1, attendVote=true, lastRpcSendTime=1, lastRpcResponseTime=5004) yet, just keep nextIndex unchanged and retry.
2020-10-13 01:29:23,093 [Listener at 127.0.0.1/32995] INFO  ozoneimpl.OzoneContainer (OzoneContainer.java:stop(259)) - Attempting to stop container services.
2020-10-13 01:29:23,093 [Listener at 127.0.0.1/32995] INFO  impl.RaftServerProxy (RaftServerProxy.java:lambda$close$4(322)) - 8da8ca2d-f214-46c6-bb1d-19300cf99b91: close
2020-10-13 01:29:23,093 [Listener at 127.0.0.1/32995] INFO  impl.RaftServerImpl (RaftServerImpl.java:lambda$shutdown$3(321)) - 8da8ca2d-f214-46c6-bb1d-19300cf99b91@group-41B73AB5C21E: shutdown
2020-10-13 01:29:23,093 [Listener at 127.0.0.1/32995] INFO  util.JmxRegister (JmxRegister.java:unregister(73)) - Successfully un-registered JMX Bean with object name Ratis:service=RaftServer,group=group-41B73AB5C21E,id=8da8ca2d-f214-46c6-bb1d-19300cf99b91
2020-10-13 01:29:23,093 [Listener at 127.0.0.1/32995] INFO  impl.RoleInfo (RoleInfo.java:shutdownLeaderState(104)) - 8da8ca2d-f214-46c6-bb1d-19300cf99b91: shutdown LeaderState
2020-10-13 01:29:23,093 [Listener at 127.0.0.1/32995] INFO  metrics.RatisMetrics (RatisMetrics.java:unregister(43)) - Unregistering Metrics Registry : ratis_grpc.log_appender.8da8ca2d-f214-46c6-bb1d-19300cf99b91@group-41B73AB5C21E
2020-10-13 01:29:23,094 [Listener at 127.0.0.1/32995] INFO  metrics.RatisMetrics (RatisMetrics.java:unregister(43)) - Unregistering Metrics Registry : ratis_grpc.log_appender.8da8ca2d-f214-46c6-bb1d-19300cf99b91@group-41B73AB5C21E
2020-10-13 01:29:23,094 [org.apache.ratis.server.impl.LogAppender$AppenderDaemon$$Lambda$458/1763511675@279706dc] WARN  server.GrpcLogAppender (GrpcLogAppender.java:mayWait(168)) - 8da8ca2d-f214-46c6-bb1d-19300cf99b91@group-41B73AB5C21E->557e4ca5-6b8d-4b4c-bd98-c7916be59d80-GrpcLogAppender: Wait interrupted by java.lang.InterruptedException
2020-10-13 01:29:23,094 [org.apache.ratis.server.impl.LogAppender$AppenderDaemon$$Lambda$458/1763511675@78428b0e] WARN  server.GrpcLogAppender (GrpcLogAppender.java:mayWait(168)) - 8da8ca2d-f214-46c6-bb1d-19300cf99b91@group-41B73AB5C21E->38f6e796-8c18-4c71-95ad-19caff00ba17-GrpcLogAppender: Wait interrupted by java.lang.InterruptedException
2020-10-13 01:29:23,094 [Listener at 127.0.0.1/32995] INFO  impl.PendingRequests (PendingRequests.java:sendNotLeaderResponses(249)) - 8da8ca2d-f214-46c6-bb1d-19300cf99b91@group-41B73AB5C21E-PendingRequests: sendNotLeaderResponses
2020-10-13 01:29:23,096 [Listener at 127.0.0.1/32995] INFO  metrics.RatisMetrics (RatisMetrics.java:unregister(43)) - Unregistering Metrics Registry : ratis.log_appender.8da8ca2d-f214-46c6-bb1d-19300cf99b91@group-41B73AB5C21E
2020-10-13 01:29:23,096 [Listener at 127.0.0.1/32995] INFO  metrics.RatisMetrics (RatisMetrics.java:unregister(43)) - Unregistering Metrics Registry : ratis.server.8da8ca2d-f214-46c6-bb1d-19300cf99b91@group-41B73AB5C21E
2020-10-13 01:29:23,096 [Listener at 127.0.0.1/32995] INFO  impl.StateMachineUpdater (StateMachineUpdater.java:stopAndJoin(142)) - 8da8ca2d-f214-46c6-bb1d-19300cf99b91@group-41B73AB5C21E-StateMachineUpdater: set stopIndex = 0
2020-10-13 01:29:23,097 [8da8ca2d-f214-46c6-bb1d-19300cf99b91@group-41B73AB5C21E-StateMachineUpdater] INFO  ratis.ContainerStateMachine (ContainerStateMachine.java:takeSnapshot(293)) - group-41B73AB5C21E: Taking a snapshot at:(t:1, i:0) file /github/workspace/mnt/ozone/hadoop-ozone/integration-test/target/test-dir/MiniOzoneClusterImpl-4b926bf3-aee9-4ef9-a274-c573270b78ea/datanode-3/data/ratis/a9303f12-9bb1-4dba-9bf4-41b73ab5c21e/sm/snapshot.1_0
2020-10-13 01:29:23,099 [8da8ca2d-f214-46c6-bb1d-19300cf99b91@group-41B73AB5C21E-StateMachineUpdater] INFO  ratis.ContainerStateMachine (ContainerStateMachine.java:takeSnapshot(304)) - group-41B73AB5C21E: Finished taking a snapshot at:(t:1, i:0) file:/github/workspace/mnt/ozone/hadoop-ozone/integration-test/target/test-dir/MiniOzoneClusterImpl-4b926bf3-aee9-4ef9-a274-c573270b78ea/datanode-3/data/ratis/a9303f12-9bb1-4dba-9bf4-41b73ab5c21e/sm/snapshot.1_0 time:3
2020-10-13 01:29:23,099 [grpc-default-executor-3] INFO  server.GrpcServerProtocolService (GrpcServerProtocolService.java:onCompleted(138)) - 38f6e796-8c18-4c71-95ad-19caff00ba17: Completed APPEND_ENTRIES, lastRequest: 8da8ca2d-f214-46c6-bb1d-19300cf99b91->38f6e796-8c18-4c71-95ad-19caff00ba17#1-t1, previous=(t:0, i:0), leaderCommit=0, initializing? false, entries: size=1, first=(t:1, i:0), CONFIGURATIONENTRY
2020-10-13 01:29:23,099 [8da8ca2d-f214-46c6-bb1d-19300cf99b91@group-41B73AB5C21E-StateMachineUpdater] INFO  impl.StateMachineUpdater (StateMachineUpdater.java:takeSnapshot(277)) - 8da8ca2d-f214-46c6-bb1d-19300cf99b91@group-41B73AB5C21E-StateMachineUpdater: Took a snapshot at index 0
2020-10-13 01:29:23,099 [8da8ca2d-f214-46c6-bb1d-19300cf99b91@group-41B73AB5C21E-StateMachineUpdater] INFO  impl.StateMachineUpdater (StateMachineUpdater.java:lambda$new$0(87)) - 8da8ca2d-f214-46c6-bb1d-19300cf99b91@group-41B73AB5C21E-StateMachineUpdater: snapshotIndex: updateIncreasingly -1 -> 0
2020-10-13 01:29:23,100 [8da8ca2d-f214-46c6-bb1d-19300cf99b91@group-41B73AB5C21E-StateMachineUpdater] INFO  metrics.RatisMetrics (RatisMetrics.java:unregister(43)) - Unregistering Metrics Registry : ratis.state_machine.8da8ca2d-f214-46c6-bb1d-19300cf99b91@group-41B73AB5C21E
2020-10-13 01:29:23,100 [Listener at 127.0.0.1/32995] INFO  impl.RaftServerImpl (ServerState.java:close(405)) - 8da8ca2d-f214-46c6-bb1d-19300cf99b91@group-41B73AB5C21E: closes. applyIndex: 0
2020-10-13 01:29:23,100 [grpc-default-executor-3] INFO  server.GrpcLogAppender (GrpcLogAppender.java:onCompleted(336)) - 8da8ca2d-f214-46c6-bb1d-19300cf99b91@group-41B73AB5C21E->38f6e796-8c18-4c71-95ad-19caff00ba17-AppendLogResponseHandler: follower responses appendEntries COMPLETED
2020-10-13 01:29:23,101 [grpc-default-executor-3] INFO  impl.FollowerInfo (FollowerInfo.java:lambda$new$0(51)) - 8da8ca2d-f214-46c6-bb1d-19300cf99b91@group-41B73AB5C21E->38f6e796-8c18-4c71-95ad-19caff00ba17: nextIndex: updateUnconditionally 1 -> 0
2020-10-13 01:29:23,101 [8da8ca2d-f214-46c6-bb1d-19300cf99b91@group-41B73AB5C21E-SegmentedRaftLogWorker] INFO  segmented.SegmentedRaftLogWorker (SegmentedRaftLogWorker.java:run(327)) - 8da8ca2d-f214-46c6-bb1d-19300cf99b91@group-41B73AB5C21E-SegmentedRaftLogWorker was interrupted, exiting. There are 0 tasks remaining in the queue.
2020-10-13 01:29:23,101 [Listener at 127.0.0.1/32995] INFO  segmented.SegmentedRaftLogWorker (SegmentedRaftLogWorker.java:close(234)) - 8da8ca2d-f214-46c6-bb1d-19300cf99b91@group-41B73AB5C21E-SegmentedRaftLogWorker close()
2020-10-13 01:29:23,103 [ForkJoinPool.commonPool-worker-0] INFO  ozoneimpl.OzoneContainer (OzoneContainer.java:stop(259)) - Attempting to stop container services.
2020-10-13 01:29:23,103 [ForkJoinPool.commonPool-worker-0] INFO  impl.RaftServerProxy (RaftServerProxy.java:lambda$close$4(322)) - a12b145a-ffb8-402d-9bd1-7a149c253a62: close
2020-10-13 01:29:23,104 [ForkJoinPool.commonPool-worker-0] INFO  impl.RaftServerImpl (RaftServerImpl.java:lambda$shutdown$3(321)) - a12b145a-ffb8-402d-9bd1-7a149c253a62@group-456545EDC826: shutdown
2020-10-13 01:29:23,104 [ForkJoinPool.commonPool-worker-0] INFO  util.JmxRegister (JmxRegister.java:unregister(73)) - Successfully un-registered JMX Bean with object name Ratis:service=RaftServer,group=group-456545EDC826,id=a12b145a-ffb8-402d-9bd1-7a149c253a62
2020-10-13 01:29:23,104 [ForkJoinPool.commonPool-worker-0] INFO  impl.RoleInfo (RoleInfo.java:shutdownLeaderState(104)) - a12b145a-ffb8-402d-9bd1-7a149c253a62: shutdown LeaderState
2020-10-13 01:29:23,104 [ForkJoinPool.commonPool-worker-0] INFO  metrics.RatisMetrics (RatisMetrics.java:unregister(43)) - Unregistering Metrics Registry : ratis_grpc.log_appender.a12b145a-ffb8-402d-9bd1-7a149c253a62@group-456545EDC826
2020-10-13 01:29:23,104 [ForkJoinPool.commonPool-worker-0] INFO  metrics.RatisMetrics (RatisMetrics.java:unregister(43)) - Unregistering Metrics Registry : ratis_grpc.log_appender.a12b145a-ffb8-402d-9bd1-7a149c253a62@group-456545EDC826
2020-10-13 01:29:23,104 [org.apache.ratis.server.impl.LogAppender$AppenderDaemon$$Lambda$458/1763511675@240f90bd] WARN  server.GrpcLogAppender (GrpcLogAppender.java:mayWait(168)) - a12b145a-ffb8-402d-9bd1-7a149c253a62@group-456545EDC826->dacc0b49-37d4-4467-a9c0-6b3478b804ce-GrpcLogAppender: Wait interrupted by java.lang.InterruptedException
2020-10-13 01:29:23,104 [ForkJoinPool.commonPool-worker-0] INFO  impl.PendingRequests (PendingRequests.java:sendNotLeaderResponses(249)) - a12b145a-ffb8-402d-9bd1-7a149c253a62@group-456545EDC826-PendingRequests: sendNotLeaderResponses
2020-10-13 01:29:23,105 [ForkJoinPool.commonPool-worker-0] INFO  metrics.RatisMetrics (RatisMetrics.java:unregister(43)) - Unregistering Metrics Registry : ratis.log_appender.a12b145a-ffb8-402d-9bd1-7a149c253a62@group-456545EDC826
2020-10-13 01:29:23,105 [ForkJoinPool.commonPool-worker-0] INFO  metrics.RatisMetrics (RatisMetrics.java:unregister(43)) - Unregistering Metrics Registry : ratis.server.a12b145a-ffb8-402d-9bd1-7a149c253a62@group-456545EDC826
2020-10-13 01:29:23,105 [ForkJoinPool.commonPool-worker-0] INFO  impl.StateMachineUpdater (StateMachineUpdater.java:stopAndJoin(142)) - a12b145a-ffb8-402d-9bd1-7a149c253a62@group-456545EDC826-StateMachineUpdater: set stopIndex = 0
2020-10-13 01:29:23,105 [org.apache.ratis.server.impl.LogAppender$AppenderDaemon$$Lambda$458/1763511675@69a1e1c0] WARN  server.GrpcLogAppender (GrpcLogAppender.java:mayWait(168)) - a12b145a-ffb8-402d-9bd1-7a149c253a62@group-456545EDC826->8bba907c-2e93-4fda-916b-59f0297d61f4-GrpcLogAppender: Wait interrupted by java.lang.InterruptedException
2020-10-13 01:29:23,105 [a12b145a-ffb8-402d-9bd1-7a149c253a62@group-456545EDC826-StateMachineUpdater] INFO  ratis.ContainerStateMachine (ContainerStateMachine.java:takeSnapshot(293)) - group-456545EDC826: Taking a snapshot at:(t:1, i:0) file /github/workspace/mnt/ozone/hadoop-ozone/integration-test/target/test-dir/MiniOzoneClusterImpl-4b926bf3-aee9-4ef9-a274-c573270b78ea/datanode-2/data/ratis/5d7ca41b-101c-4b68-9eab-456545edc826/sm/snapshot.1_0
2020-10-13 01:29:23,106 [Listener at 127.0.0.1/32995] INFO  metrics.RatisMetrics (RatisMetrics.java:unregister(43)) - Unregistering Metrics Registry : ratis.log_worker.8da8ca2d-f214-46c6-bb1d-19300cf99b91@group-41B73AB5C21E
2020-10-13 01:29:23,106 [grpc-default-executor-3] INFO  server.GrpcServerProtocolService (GrpcServerProtocolService.java:onCompleted(138)) - dacc0b49-37d4-4467-a9c0-6b3478b804ce: Completed APPEND_ENTRIES, lastRequest: a12b145a-ffb8-402d-9bd1-7a149c253a62->dacc0b49-37d4-4467-a9c0-6b3478b804ce#1-t1, previous=(t:0, i:0), leaderCommit=0, initializing? false, entries: size=1, first=(t:1, i:0), CONFIGURATIONENTRY
2020-10-13 01:29:23,106 [a12b145a-ffb8-402d-9bd1-7a149c253a62@group-456545EDC826-StateMachineUpdater] INFO  ratis.ContainerStateMachine (ContainerStateMachine.java:takeSnapshot(304)) - group-456545EDC826: Finished taking a snapshot at:(t:1, i:0) file:/github/workspace/mnt/ozone/hadoop-ozone/integration-test/target/test-dir/MiniOzoneClusterImpl-4b926bf3-aee9-4ef9-a274-c573270b78ea/datanode-2/data/ratis/5d7ca41b-101c-4b68-9eab-456545edc826/sm/snapshot.1_0 time:1
2020-10-13 01:29:23,107 [a12b145a-ffb8-402d-9bd1-7a149c253a62@group-456545EDC826-StateMachineUpdater] INFO  impl.StateMachineUpdater (StateMachineUpdater.java:takeSnapshot(277)) - a12b145a-ffb8-402d-9bd1-7a149c253a62@group-456545EDC826-StateMachineUpdater: Took a snapshot at index 0
2020-10-13 01:29:23,107 [a12b145a-ffb8-402d-9bd1-7a149c253a62@group-456545EDC826-StateMachineUpdater] INFO  impl.StateMachineUpdater (StateMachineUpdater.java:lambda$new$0(87)) - a12b145a-ffb8-402d-9bd1-7a149c253a62@group-456545EDC826-StateMachineUpdater: snapshotIndex: updateIncreasingly -1 -> 0
2020-10-13 01:29:23,107 [a12b145a-ffb8-402d-9bd1-7a149c253a62@group-456545EDC826-StateMachineUpdater] INFO  metrics.RatisMetrics (RatisMetrics.java:unregister(43)) - Unregistering Metrics Registry : ratis.state_machine.a12b145a-ffb8-402d-9bd1-7a149c253a62@group-456545EDC826
2020-10-13 01:29:23,106 [Listener at 127.0.0.1/32995] INFO  metrics.RatisMetrics (RatisMetrics.java:unregister(43)) - Unregistering Metrics Registry : ratis.leader_election.8da8ca2d-f214-46c6-bb1d-19300cf99b91@group-41B73AB5C21E
2020-10-13 01:29:23,108 [grpc-default-executor-3] INFO  server.GrpcLogAppender (GrpcLogAppender.java:onCompleted(336)) - a12b145a-ffb8-402d-9bd1-7a149c253a62@group-456545EDC826->dacc0b49-37d4-4467-a9c0-6b3478b804ce-AppendLogResponseHandler: follower responses appendEntries COMPLETED
2020-10-13 01:29:23,108 [grpc-default-executor-3] INFO  impl.FollowerInfo (FollowerInfo.java:lambda$new$0(51)) - a12b145a-ffb8-402d-9bd1-7a149c253a62@group-456545EDC826->dacc0b49-37d4-4467-a9c0-6b3478b804ce: nextIndex: updateUnconditionally 1 -> 0
2020-10-13 01:29:23,108 [ForkJoinPool.commonPool-worker-0] INFO  impl.RaftServerImpl (ServerState.java:close(405)) - a12b145a-ffb8-402d-9bd1-7a149c253a62@group-456545EDC826: closes. applyIndex: 0
2020-10-13 01:29:23,108 [a12b145a-ffb8-402d-9bd1-7a149c253a62@group-456545EDC826-SegmentedRaftLogWorker] INFO  segmented.SegmentedRaftLogWorker (SegmentedRaftLogWorker.java:run(327)) - a12b145a-ffb8-402d-9bd1-7a149c253a62@group-456545EDC826-SegmentedRaftLogWorker was interrupted, exiting. There are 0 tasks remaining in the queue.
2020-10-13 01:29:23,108 [Listener at 127.0.0.1/32995] INFO  metrics.RatisMetrics (RatisMetrics.java:unregister(43)) - Unregistering Metrics Registry : ratis.server.8da8ca2d-f214-46c6-bb1d-19300cf99b91@group-41B73AB5C21E
2020-10-13 01:29:23,109 [Listener at 127.0.0.1/32995] INFO  impl.RaftServerImpl (RaftServerImpl.java:lambda$shutdown$3(321)) - 8da8ca2d-f214-46c6-bb1d-19300cf99b91@group-36FC0918866C: shutdown
2020-10-13 01:29:23,109 [Listener at 127.0.0.1/32995] INFO  util.JmxRegister (JmxRegister.java:unregister(73)) - Successfully un-registered JMX Bean with object name Ratis:service=RaftServer,group=group-36FC0918866C,id=8da8ca2d-f214-46c6-bb1d-19300cf99b91
2020-10-13 01:29:23,109 [Listener at 127.0.0.1/32995] INFO  impl.RoleInfo (RoleInfo.java:shutdownLeaderState(104)) - 8da8ca2d-f214-46c6-bb1d-19300cf99b91: shutdown LeaderState
2020-10-13 01:29:23,109 [Listener at 127.0.0.1/32995] INFO  impl.PendingRequests (PendingRequests.java:sendNotLeaderResponses(249)) - 8da8ca2d-f214-46c6-bb1d-19300cf99b91@group-36FC0918866C-PendingRequests: sendNotLeaderResponses
2020-10-13 01:29:23,110 [Listener at 127.0.0.1/32995] INFO  metrics.RatisMetrics (RatisMetrics.java:unregister(43)) - Unregistering Metrics Registry : ratis.log_appender.8da8ca2d-f214-46c6-bb1d-19300cf99b91@group-36FC0918866C
2020-10-13 01:29:23,109 [ForkJoinPool.commonPool-worker-0] INFO  segmented.SegmentedRaftLogWorker (SegmentedRaftLogWorker.java:close(234)) - a12b145a-ffb8-402d-9bd1-7a149c253a62@group-456545EDC826-SegmentedRaftLogWorker close()
2020-10-13 01:29:23,110 [Listener at 127.0.0.1/32995] INFO  metrics.RatisMetrics (RatisMetrics.java:unregister(43)) - Unregistering Metrics Registry : ratis.server.8da8ca2d-f214-46c6-bb1d-19300cf99b91@group-36FC0918866C
2020-10-13 01:29:23,112 [ForkJoinPool.commonPool-worker-0] INFO  metrics.RatisMetrics (RatisMetrics.java:unregister(43)) - Unregistering Metrics Registry : ratis.log_worker.a12b145a-ffb8-402d-9bd1-7a149c253a62@group-456545EDC826
2020-10-13 01:29:23,112 [ForkJoinPool.commonPool-worker-0] INFO  metrics.RatisMetrics (RatisMetrics.java:unregister(43)) - Unregistering Metrics Registry : ratis.leader_election.a12b145a-ffb8-402d-9bd1-7a149c253a62@group-456545EDC826
2020-10-13 01:29:23,112 [ForkJoinPool.commonPool-worker-0] INFO  metrics.RatisMetrics (RatisMetrics.java:unregister(43)) - Unregistering Metrics Registry : ratis.server.a12b145a-ffb8-402d-9bd1-7a149c253a62@group-456545EDC826
2020-10-13 01:29:23,113 [ForkJoinPool.commonPool-worker-0] INFO  impl.RaftServerImpl (RaftServerImpl.java:lambda$shutdown$3(321)) - a12b145a-ffb8-402d-9bd1-7a149c253a62@group-18BEBA55FB2F: shutdown
2020-10-13 01:29:23,113 [ForkJoinPool.commonPool-worker-0] INFO  util.JmxRegister (JmxRegister.java:unregister(73)) - Successfully un-registered JMX Bean with object name Ratis:service=RaftServer,group=group-18BEBA55FB2F,id=a12b145a-ffb8-402d-9bd1-7a149c253a62
2020-10-13 01:29:23,113 [ForkJoinPool.commonPool-worker-0] INFO  impl.RoleInfo (RoleInfo.java:shutdownLeaderState(104)) - a12b145a-ffb8-402d-9bd1-7a149c253a62: shutdown LeaderState
2020-10-13 01:29:23,113 [ForkJoinPool.commonPool-worker-0] INFO  impl.PendingRequests (PendingRequests.java:sendNotLeaderResponses(249)) - a12b145a-ffb8-402d-9bd1-7a149c253a62@group-18BEBA55FB2F-PendingRequests: sendNotLeaderResponses
2020-10-13 01:29:23,113 [ForkJoinPool.commonPool-worker-0] INFO  metrics.RatisMetrics (RatisMetrics.java:unregister(43)) - Unregistering Metrics Registry : ratis.log_appender.a12b145a-ffb8-402d-9bd1-7a149c253a62@group-18BEBA55FB2F
2020-10-13 01:29:23,113 [ForkJoinPool.commonPool-worker-0] INFO  metrics.RatisMetrics (RatisMetrics.java:unregister(43)) - Unregistering Metrics Registry : ratis.server.a12b145a-ffb8-402d-9bd1-7a149c253a62@group-18BEBA55FB2F
2020-10-13 01:29:23,114 [ForkJoinPool.commonPool-worker-0] INFO  impl.StateMachineUpdater (StateMachineUpdater.java:stopAndJoin(142)) - a12b145a-ffb8-402d-9bd1-7a149c253a62@group-18BEBA55FB2F-StateMachineUpdater: set stopIndex = 0
2020-10-13 01:29:23,114 [a12b145a-ffb8-402d-9bd1-7a149c253a62@group-18BEBA55FB2F-StateMachineUpdater] INFO  ratis.ContainerStateMachine (ContainerStateMachine.java:takeSnapshot(293)) - group-18BEBA55FB2F: Taking a snapshot at:(t:1, i:0) file /github/workspace/mnt/ozone/hadoop-ozone/integration-test/target/test-dir/MiniOzoneClusterImpl-4b926bf3-aee9-4ef9-a274-c573270b78ea/datanode-2/data/ratis/fa73069b-6985-46d3-bf7c-18beba55fb2f/sm/snapshot.1_0
2020-10-13 01:29:23,114 [8da8ca2d-f214-46c6-bb1d-19300cf99b91@group-36FC0918866C-StateMachineUpdater] INFO  ratis.ContainerStateMachine (ContainerStateMachine.java:takeSnapshot(293)) - group-36FC0918866C: Taking a snapshot at:(t:1, i:0) file /github/workspace/mnt/ozone/hadoop-ozone/integration-test/target/test-dir/MiniOzoneClusterImpl-4b926bf3-aee9-4ef9-a274-c573270b78ea/datanode-3/data/ratis/1962f348-5d4b-4e43-8e53-36fc0918866c/sm/snapshot.1_0
2020-10-13 01:29:23,114 [Listener at 127.0.0.1/32995] INFO  impl.StateMachineUpdater (StateMachineUpdater.java:stopAndJoin(142)) - 8da8ca2d-f214-46c6-bb1d-19300cf99b91@group-36FC0918866C-StateMachineUpdater: set stopIndex = 0
2020-10-13 01:29:23,115 [a12b145a-ffb8-402d-9bd1-7a149c253a62@group-18BEBA55FB2F-StateMachineUpdater] INFO  ratis.ContainerStateMachine (ContainerStateMachine.java:takeSnapshot(304)) - group-18BEBA55FB2F: Finished taking a snapshot at:(t:1, i:0) file:/github/workspace/mnt/ozone/hadoop-ozone/integration-test/target/test-dir/MiniOzoneClusterImpl-4b926bf3-aee9-4ef9-a274-c573270b78ea/datanode-2/data/ratis/fa73069b-6985-46d3-bf7c-18beba55fb2f/sm/snapshot.1_0 time:0
2020-10-13 01:29:23,115 [8da8ca2d-f214-46c6-bb1d-19300cf99b91@group-36FC0918866C-StateMachineUpdater] INFO  ratis.ContainerStateMachine (ContainerStateMachine.java:takeSnapshot(304)) - group-36FC0918866C: Finished taking a snapshot at:(t:1, i:0) file:/github/workspace/mnt/ozone/hadoop-ozone/integration-test/target/test-dir/MiniOzoneClusterImpl-4b926bf3-aee9-4ef9-a274-c573270b78ea/datanode-3/data/ratis/1962f348-5d4b-4e43-8e53-36fc0918866c/sm/snapshot.1_0 time:1
2020-10-13 01:29:23,115 [a12b145a-ffb8-402d-9bd1-7a149c253a62@group-18BEBA55FB2F-StateMachineUpdater] INFO  impl.StateMachineUpdater (StateMachineUpdater.java:takeSnapshot(277)) - a12b145a-ffb8-402d-9bd1-7a149c253a62@group-18BEBA55FB2F-StateMachineUpdater: Took a snapshot at index 0
2020-10-13 01:29:23,115 [8da8ca2d-f214-46c6-bb1d-19300cf99b91@group-36FC0918866C-StateMachineUpdater] INFO  impl.StateMachineUpdater (StateMachineUpdater.java:takeSnapshot(277)) - 8da8ca2d-f214-46c6-bb1d-19300cf99b91@group-36FC0918866C-StateMachineUpdater: Took a snapshot at index 0
2020-10-13 01:29:23,115 [8da8ca2d-f214-46c6-bb1d-19300cf99b91@group-36FC0918866C-StateMachineUpdater] INFO  impl.StateMachineUpdater (StateMachineUpdater.java:lambda$new$0(87)) - 8da8ca2d-f214-46c6-bb1d-19300cf99b91@group-36FC0918866C-StateMachineUpdater: snapshotIndex: updateIncreasingly -1 -> 0
2020-10-13 01:29:23,115 [a12b145a-ffb8-402d-9bd1-7a149c253a62@group-18BEBA55FB2F-StateMachineUpdater] INFO  impl.StateMachineUpdater (StateMachineUpdater.java:lambda$new$0(87)) - a12b145a-ffb8-402d-9bd1-7a149c253a62@group-18BEBA55FB2F-StateMachineUpdater: snapshotIndex: updateIncreasingly -1 -> 0
2020-10-13 01:29:23,115 [8da8ca2d-f214-46c6-bb1d-19300cf99b91@group-36FC0918866C-StateMachineUpdater] INFO  metrics.RatisMetrics (RatisMetrics.java:unregister(43)) - Unregistering Metrics Registry : ratis.state_machine.8da8ca2d-f214-46c6-bb1d-19300cf99b91@group-36FC0918866C
2020-10-13 01:29:23,115 [a12b145a-ffb8-402d-9bd1-7a149c253a62@group-18BEBA55FB2F-StateMachineUpdater] INFO  metrics.RatisMetrics (RatisMetrics.java:unregister(43)) - Unregistering Metrics Registry : ratis.state_machine.a12b145a-ffb8-402d-9bd1-7a149c253a62@group-18BEBA55FB2F
2020-10-13 01:29:23,115 [ForkJoinPool.commonPool-worker-0] INFO  impl.RaftServerImpl (ServerState.java:close(405)) - a12b145a-ffb8-402d-9bd1-7a149c253a62@group-18BEBA55FB2F: closes. applyIndex: 0
2020-10-13 01:29:23,116 [Listener at 127.0.0.1/32995] INFO  impl.RaftServerImpl (ServerState.java:close(405)) - 8da8ca2d-f214-46c6-bb1d-19300cf99b91@group-36FC0918866C: closes. applyIndex: 0
2020-10-13 01:29:23,116 [a12b145a-ffb8-402d-9bd1-7a149c253a62@group-18BEBA55FB2F-SegmentedRaftLogWorker] INFO  segmented.SegmentedRaftLogWorker (SegmentedRaftLogWorker.java:run(327)) - a12b145a-ffb8-402d-9bd1-7a149c253a62@group-18BEBA55FB2F-SegmentedRaftLogWorker was interrupted, exiting. There are 0 tasks remaining in the queue.
2020-10-13 01:29:23,116 [8da8ca2d-f214-46c6-bb1d-19300cf99b91@group-36FC0918866C-SegmentedRaftLogWorker] INFO  segmented.SegmentedRaftLogWorker (SegmentedRaftLogWorker.java:run(327)) - 8da8ca2d-f214-46c6-bb1d-19300cf99b91@group-36FC0918866C-SegmentedRaftLogWorker was interrupted, exiting. There are 0 tasks remaining in the queue.
2020-10-13 01:29:23,117 [ForkJoinPool.commonPool-worker-0] INFO  segmented.SegmentedRaftLogWorker (SegmentedRaftLogWorker.java:close(234)) - a12b145a-ffb8-402d-9bd1-7a149c253a62@group-18BEBA55FB2F-SegmentedRaftLogWorker close()
2020-10-13 01:29:23,117 [Listener at 127.0.0.1/32995] INFO  segmented.SegmentedRaftLogWorker (SegmentedRaftLogWorker.java:close(234)) - 8da8ca2d-f214-46c6-bb1d-19300cf99b91@group-36FC0918866C-SegmentedRaftLogWorker close()
2020-10-13 01:29:23,117 [ForkJoinPool.commonPool-worker-0] INFO  metrics.RatisMetrics (RatisMetrics.java:unregister(43)) - Unregistering Metrics Registry : ratis.log_worker.a12b145a-ffb8-402d-9bd1-7a149c253a62@group-18BEBA55FB2F
2020-10-13 01:29:23,117 [ForkJoinPool.commonPool-worker-0] INFO  metrics.RatisMetrics (RatisMetrics.java:unregister(43)) - Unregistering Metrics Registry : ratis.leader_election.a12b145a-ffb8-402d-9bd1-7a149c253a62@group-18BEBA55FB2F
2020-10-13 01:29:23,118 [ForkJoinPool.commonPool-worker-0] INFO  metrics.RatisMetrics (RatisMetrics.java:unregister(43)) - Unregistering Metrics Registry : ratis.server.a12b145a-ffb8-402d-9bd1-7a149c253a62@group-18BEBA55FB2F
2020-10-13 01:29:23,118 [ForkJoinPool.commonPool-worker-0] INFO  server.GrpcService (GrpcService.java:closeImpl(183)) - a12b145a-ffb8-402d-9bd1-7a149c253a62: shutdown server with port 38553 now
2020-10-13 01:29:23,119 [Listener at 127.0.0.1/32995] INFO  metrics.RatisMetrics (RatisMetrics.java:unregister(43)) - Unregistering Metrics Registry : ratis.log_worker.8da8ca2d-f214-46c6-bb1d-19300cf99b91@group-36FC0918866C
2020-10-13 01:29:23,120 [Listener at 127.0.0.1/32995] INFO  metrics.RatisMetrics (RatisMetrics.java:unregister(43)) - Unregistering Metrics Registry : ratis.leader_election.8da8ca2d-f214-46c6-bb1d-19300cf99b91@group-36FC0918866C
2020-10-13 01:29:23,120 [Listener at 127.0.0.1/32995] INFO  metrics.RatisMetrics (RatisMetrics.java:unregister(43)) - Unregistering Metrics Registry : ratis.server.8da8ca2d-f214-46c6-bb1d-19300cf99b91@group-36FC0918866C
2020-10-13 01:29:23,120 [Listener at 127.0.0.1/32995] INFO  server.GrpcService (GrpcService.java:closeImpl(183)) - 8da8ca2d-f214-46c6-bb1d-19300cf99b91: shutdown server with port 37947 now
2020-10-13 01:29:23,121 [ForkJoinPool.commonPool-worker-0] INFO  server.GrpcService (GrpcService.java:closeImpl(191)) - a12b145a-ffb8-402d-9bd1-7a149c253a62: shutdown server with port 38553 successfully
2020-10-13 01:29:23,123 [ForkJoinPool.commonPool-worker-0] INFO  utils.BackgroundService (BackgroundService.java:shutdown(132)) - Shutting down service BlockDeletingService
2020-10-13 01:29:23,125 [Listener at 127.0.0.1/32995] INFO  server.GrpcService (GrpcService.java:closeImpl(191)) - 8da8ca2d-f214-46c6-bb1d-19300cf99b91: shutdown server with port 37947 successfully
2020-10-13 01:29:23,126 [Listener at 127.0.0.1/32995] INFO  utils.BackgroundService (BackgroundService.java:shutdown(132)) - Shutting down service BlockDeletingService
2020-10-13 01:29:23,126 [ForkJoinPool.commonPool-worker-0] INFO  statemachine.DatanodeStateMachine (DatanodeStateMachine.java:stopDaemon(453)) - Ozone container server stopped.
2020-10-13 01:29:23,136 [ForkJoinPool.commonPool-worker-0] INFO  handler.ContextHandler (ContextHandler.java:doStop(1016)) - Stopped o.e.j.w.WebAppContext@1d225c7e{hddsDatanode,/,null,UNAVAILABLE}{jar:file:/home/user/.m2/repository/org/apache/hadoop/hadoop-hdds-container-service/1.1.0-SNAPSHOT/hadoop-hdds-container-service-1.1.0-SNAPSHOT.jar!/webapps/hddsDatanode}
2020-10-13 01:29:23,138 [Listener at 127.0.0.1/32995] INFO  statemachine.DatanodeStateMachine (DatanodeStateMachine.java:stopDaemon(453)) - Ozone container server stopped.
2020-10-13 01:29:23,145 [Listener at 127.0.0.1/32995] INFO  handler.ContextHandler (ContextHandler.java:doStop(1016)) - Stopped o.e.j.w.WebAppContext@1f50e24c{hddsDatanode,/,null,UNAVAILABLE}{jar:file:/home/user/.m2/repository/org/apache/hadoop/hadoop-hdds-container-service/1.1.0-SNAPSHOT/hadoop-hdds-container-service-1.1.0-SNAPSHOT.jar!/webapps/hddsDatanode}
2020-10-13 01:29:23,146 [ForkJoinPool.commonPool-worker-0] INFO  server.AbstractConnector (AbstractConnector.java:doStop(380)) - Stopped ServerConnector@67560f64{HTTP/1.1,[http/1.1]}{0.0.0.0:0}
2020-10-13 01:29:23,146 [ForkJoinPool.commonPool-worker-0] INFO  server.session (HouseKeeper.java:stopScavenging(158)) - node0 Stopped scavenging
2020-10-13 01:29:23,147 [ForkJoinPool.commonPool-worker-0] INFO  handler.ContextHandler (ContextHandler.java:doStop(1016)) - Stopped o.e.j.s.ServletContextHandler@63d30482{static,/static,jar:file:/home/user/.m2/repository/org/apache/hadoop/hadoop-hdds-container-service/1.1.0-SNAPSHOT/hadoop-hdds-container-service-1.1.0-SNAPSHOT.jar!/webapps/static,UNAVAILABLE}
2020-10-13 01:29:23,147 [Listener at 127.0.0.1/32995] INFO  server.AbstractConnector (AbstractConnector.java:doStop(380)) - Stopped ServerConnector@7cf7489d{HTTP/1.1,[http/1.1]}{0.0.0.0:0}
2020-10-13 01:29:23,149 [Listener at 127.0.0.1/32995] INFO  server.session (HouseKeeper.java:stopScavenging(158)) - node0 Stopped scavenging
2020-10-13 01:29:23,150 [Listener at 127.0.0.1/32995] INFO  handler.ContextHandler (ContextHandler.java:doStop(1016)) - Stopped o.e.j.s.ServletContextHandler@87cb586{static,/static,jar:file:/home/user/.m2/repository/org/apache/hadoop/hadoop-hdds-container-service/1.1.0-SNAPSHOT/hadoop-hdds-container-service-1.1.0-SNAPSHOT.jar!/webapps/static,UNAVAILABLE}
2020-10-13 01:29:23,150 [Listener at 127.0.0.1/32995] INFO  handler.ContextHandler (ContextHandler.java:doStop(1016)) - Stopped o.e.j.s.ServletContextHandler@295cc629{logs,/logs,file:///github/workspace/mnt/ozone/hadoop-ozone/integration-test/target/log,UNAVAILABLE}
2020-10-13 01:29:23,150 [ForkJoinPool.commonPool-worker-0] INFO  handler.ContextHandler (ContextHandler.java:doStop(1016)) - Stopped o.e.j.s.ServletContextHandler@6883dbbd{logs,/logs,file:///github/workspace/mnt/ozone/hadoop-ozone/integration-test/target/log,UNAVAILABLE}
2020-10-13 01:29:23,760 [Datanode State Machine Thread - 0] INFO  statemachine.DatanodeStateMachine (DatanodeStateMachine.java:lambda$startDaemon$0(405)) - Ozone container server started.
2020-10-13 01:29:23,990 [Datanode State Machine Thread - 0] INFO  statemachine.DatanodeStateMachine (DatanodeStateMachine.java:lambda$startDaemon$0(405)) - Ozone container server started.
2020-10-13 01:29:28,153 [ForkJoinPool.commonPool-worker-0] INFO  ozoneimpl.OzoneContainer (OzoneContainer.java:stop(259)) - Attempting to stop container services.
2020-10-13 01:29:28,154 [Listener at 127.0.0.1/32995] INFO  ozoneimpl.OzoneContainer (OzoneContainer.java:stop(259)) - Attempting to stop container services.
2020-10-13 01:29:28,154 [ForkJoinPool.commonPool-worker-0] INFO  impl.RaftServerProxy (RaftServerProxy.java:lambda$close$4(322)) - dacc0b49-37d4-4467-a9c0-6b3478b804ce: close
2020-10-13 01:29:28,154 [ForkJoinPool.commonPool-worker-0] INFO  impl.RaftServerImpl (RaftServerImpl.java:lambda$shutdown$3(321)) - dacc0b49-37d4-4467-a9c0-6b3478b804ce@group-456545EDC826: shutdown
2020-10-13 01:29:28,154 [ForkJoinPool.commonPool-worker-0] INFO  util.JmxRegister (JmxRegister.java:unregister(73)) - Successfully un-registered JMX Bean with object name Ratis:service=RaftServer,group=group-456545EDC826,id=dacc0b49-37d4-4467-a9c0-6b3478b804ce
2020-10-13 01:29:28,154 [ForkJoinPool.commonPool-worker-0] INFO  impl.RoleInfo (RoleInfo.java:shutdownFollowerState(121)) - dacc0b49-37d4-4467-a9c0-6b3478b804ce: shutdown FollowerState
2020-10-13 01:29:28,154 [Listener at 127.0.0.1/32995] INFO  impl.RaftServerProxy (RaftServerProxy.java:lambda$close$4(322)) - 15e97f69-99d4-48de-9335-a5bc72d66d58: close
2020-10-13 01:29:28,155 [Listener at 127.0.0.1/32995] INFO  impl.RaftServerImpl (RaftServerImpl.java:lambda$shutdown$3(321)) - 15e97f69-99d4-48de-9335-a5bc72d66d58@group-0F84A8C3469F: shutdown
2020-10-13 01:29:28,154 [ForkJoinPool.commonPool-worker-0] INFO  impl.StateMachineUpdater (StateMachineUpdater.java:stopAndJoin(142)) - dacc0b49-37d4-4467-a9c0-6b3478b804ce@group-456545EDC826-StateMachineUpdater: set stopIndex = 0
2020-10-13 01:29:28,155 [Listener at 127.0.0.1/32995] INFO  util.JmxRegister (JmxRegister.java:unregister(73)) - Successfully un-registered JMX Bean with object name Ratis:service=RaftServer,group=group-0F84A8C3469F,id=15e97f69-99d4-48de-9335-a5bc72d66d58
2020-10-13 01:29:28,155 [Thread-629] INFO  impl.FollowerState (FollowerState.java:run(117)) - dacc0b49-37d4-4467-a9c0-6b3478b804ce@group-456545EDC826-FollowerState was interrupted: java.lang.InterruptedException: sleep interrupted
2020-10-13 01:29:28,155 [dacc0b49-37d4-4467-a9c0-6b3478b804ce@group-456545EDC826-StateMachineUpdater] INFO  ratis.ContainerStateMachine (ContainerStateMachine.java:takeSnapshot(293)) - group-456545EDC826: Taking a snapshot at:(t:1, i:0) file /github/workspace/mnt/ozone/hadoop-ozone/integration-test/target/test-dir/MiniOzoneClusterImpl-4b926bf3-aee9-4ef9-a274-c573270b78ea/datanode-0/data/ratis/5d7ca41b-101c-4b68-9eab-456545edc826/sm/snapshot.1_0
2020-10-13 01:29:28,155 [Listener at 127.0.0.1/32995] INFO  impl.RoleInfo (RoleInfo.java:shutdownLeaderState(104)) - 15e97f69-99d4-48de-9335-a5bc72d66d58: shutdown LeaderState
2020-10-13 01:29:28,156 [Listener at 127.0.0.1/32995] INFO  impl.PendingRequests (PendingRequests.java:sendNotLeaderResponses(249)) - 15e97f69-99d4-48de-9335-a5bc72d66d58@group-0F84A8C3469F-PendingRequests: sendNotLeaderResponses
2020-10-13 01:29:28,157 [Listener at 127.0.0.1/32995] INFO  metrics.RatisMetrics (RatisMetrics.java:unregister(43)) - Unregistering Metrics Registry : ratis.log_appender.15e97f69-99d4-48de-9335-a5bc72d66d58@group-0F84A8C3469F
2020-10-13 01:29:28,157 [Listener at 127.0.0.1/32995] INFO  metrics.RatisMetrics (RatisMetrics.java:unregister(43)) - Unregistering Metrics Registry : ratis.server.15e97f69-99d4-48de-9335-a5bc72d66d58@group-0F84A8C3469F
2020-10-13 01:29:28,157 [Listener at 127.0.0.1/32995] INFO  impl.StateMachineUpdater (StateMachineUpdater.java:stopAndJoin(142)) - 15e97f69-99d4-48de-9335-a5bc72d66d58@group-0F84A8C3469F-StateMachineUpdater: set stopIndex = 0
2020-10-13 01:29:28,157 [15e97f69-99d4-48de-9335-a5bc72d66d58@group-0F84A8C3469F-StateMachineUpdater] INFO  ratis.ContainerStateMachine (ContainerStateMachine.java:takeSnapshot(293)) - group-0F84A8C3469F: Taking a snapshot at:(t:1, i:0) file /github/workspace/mnt/ozone/hadoop-ozone/integration-test/target/test-dir/MiniOzoneClusterImpl-4b926bf3-aee9-4ef9-a274-c573270b78ea/datanode-6/data/ratis/0640ae2d-37c0-4317-b51a-0f84a8c3469f/sm/snapshot.1_0
2020-10-13 01:29:28,166 [dacc0b49-37d4-4467-a9c0-6b3478b804ce@group-456545EDC826-StateMachineUpdater] INFO  ratis.ContainerStateMachine (ContainerStateMachine.java:takeSnapshot(304)) - group-456545EDC826: Finished taking a snapshot at:(t:1, i:0) file:/github/workspace/mnt/ozone/hadoop-ozone/integration-test/target/test-dir/MiniOzoneClusterImpl-4b926bf3-aee9-4ef9-a274-c573270b78ea/datanode-0/data/ratis/5d7ca41b-101c-4b68-9eab-456545edc826/sm/snapshot.1_0 time:11
2020-10-13 01:29:28,166 [dacc0b49-37d4-4467-a9c0-6b3478b804ce@group-456545EDC826-StateMachineUpdater] INFO  impl.StateMachineUpdater (StateMachineUpdater.java:takeSnapshot(277)) - dacc0b49-37d4-4467-a9c0-6b3478b804ce@group-456545EDC826-StateMachineUpdater: Took a snapshot at index 0
2020-10-13 01:29:28,166 [dacc0b49-37d4-4467-a9c0-6b3478b804ce@group-456545EDC826-StateMachineUpdater] INFO  impl.StateMachineUpdater (StateMachineUpdater.java:lambda$new$0(87)) - dacc0b49-37d4-4467-a9c0-6b3478b804ce@group-456545EDC826-StateMachineUpdater: snapshotIndex: updateIncreasingly -1 -> 0
2020-10-13 01:29:28,167 [dacc0b49-37d4-4467-a9c0-6b3478b804ce@group-456545EDC826-StateMachineUpdater] INFO  metrics.RatisMetrics (RatisMetrics.java:unregister(43)) - Unregistering Metrics Registry : ratis.state_machine.dacc0b49-37d4-4467-a9c0-6b3478b804ce@group-456545EDC826
2020-10-13 01:29:28,167 [ForkJoinPool.commonPool-worker-0] INFO  impl.RaftServerImpl (ServerState.java:close(405)) - dacc0b49-37d4-4467-a9c0-6b3478b804ce@group-456545EDC826: closes. applyIndex: 0
2020-10-13 01:29:28,167 [dacc0b49-37d4-4467-a9c0-6b3478b804ce@group-456545EDC826-SegmentedRaftLogWorker] INFO  segmented.SegmentedRaftLogWorker (SegmentedRaftLogWorker.java:run(327)) - dacc0b49-37d4-4467-a9c0-6b3478b804ce@group-456545EDC826-SegmentedRaftLogWorker was interrupted, exiting. There are 0 tasks remaining in the queue.
2020-10-13 01:29:28,168 [15e97f69-99d4-48de-9335-a5bc72d66d58@group-0F84A8C3469F-StateMachineUpdater] INFO  ratis.ContainerStateMachine (ContainerStateMachine.java:takeSnapshot(304)) - group-0F84A8C3469F: Finished taking a snapshot at:(t:1, i:0) file:/github/workspace/mnt/ozone/hadoop-ozone/integration-test/target/test-dir/MiniOzoneClusterImpl-4b926bf3-aee9-4ef9-a274-c573270b78ea/datanode-6/data/ratis/0640ae2d-37c0-4317-b51a-0f84a8c3469f/sm/snapshot.1_0 time:11
2020-10-13 01:29:28,168 [15e97f69-99d4-48de-9335-a5bc72d66d58@group-0F84A8C3469F-StateMachineUpdater] INFO  impl.StateMachineUpdater (StateMachineUpdater.java:takeSnapshot(277)) - 15e97f69-99d4-48de-9335-a5bc72d66d58@group-0F84A8C3469F-StateMachineUpdater: Took a snapshot at index 0
2020-10-13 01:29:28,168 [15e97f69-99d4-48de-9335-a5bc72d66d58@group-0F84A8C3469F-StateMachineUpdater] INFO  impl.StateMachineUpdater (StateMachineUpdater.java:lambda$new$0(87)) - 15e97f69-99d4-48de-9335-a5bc72d66d58@group-0F84A8C3469F-StateMachineUpdater: snapshotIndex: updateIncreasingly -1 -> 0
2020-10-13 01:29:28,168 [15e97f69-99d4-48de-9335-a5bc72d66d58@group-0F84A8C3469F-StateMachineUpdater] INFO  metrics.RatisMetrics (RatisMetrics.java:unregister(43)) - Unregistering Metrics Registry : ratis.state_machine.15e97f69-99d4-48de-9335-a5bc72d66d58@group-0F84A8C3469F
2020-10-13 01:29:28,168 [Listener at 127.0.0.1/32995] INFO  impl.RaftServerImpl (ServerState.java:close(405)) - 15e97f69-99d4-48de-9335-a5bc72d66d58@group-0F84A8C3469F: closes. applyIndex: 0
2020-10-13 01:29:28,169 [ForkJoinPool.commonPool-worker-0] INFO  segmented.SegmentedRaftLogWorker (SegmentedRaftLogWorker.java:close(234)) - dacc0b49-37d4-4467-a9c0-6b3478b804ce@group-456545EDC826-SegmentedRaftLogWorker close()
2020-10-13 01:29:28,169 [15e97f69-99d4-48de-9335-a5bc72d66d58@group-0F84A8C3469F-SegmentedRaftLogWorker] INFO  segmented.SegmentedRaftLogWorker (SegmentedRaftLogWorker.java:run(327)) - 15e97f69-99d4-48de-9335-a5bc72d66d58@group-0F84A8C3469F-SegmentedRaftLogWorker was interrupted, exiting. There are 0 tasks remaining in the queue.
2020-10-13 01:29:28,170 [ForkJoinPool.commonPool-worker-0] INFO  metrics.RatisMetrics (RatisMetrics.java:unregister(43)) - Unregistering Metrics Registry : ratis.log_worker.dacc0b49-37d4-4467-a9c0-6b3478b804ce@group-456545EDC826
2020-10-13 01:29:28,170 [ForkJoinPool.commonPool-worker-0] INFO  metrics.RatisMetrics (RatisMetrics.java:unregister(43)) - Unregistering Metrics Registry : ratis.leader_election.dacc0b49-37d4-4467-a9c0-6b3478b804ce@group-456545EDC826
2020-10-13 01:29:28,170 [ForkJoinPool.commonPool-worker-0] INFO  metrics.RatisMetrics (RatisMetrics.java:unregister(43)) - Unregistering Metrics Registry : ratis.server.dacc0b49-37d4-4467-a9c0-6b3478b804ce@group-456545EDC826
2020-10-13 01:29:28,170 [Listener at 127.0.0.1/32995] INFO  segmented.SegmentedRaftLogWorker (SegmentedRaftLogWorker.java:close(234)) - 15e97f69-99d4-48de-9335-a5bc72d66d58@group-0F84A8C3469F-SegmentedRaftLogWorker close()
2020-10-13 01:29:28,170 [ForkJoinPool.commonPool-worker-0] INFO  impl.RaftServerImpl (RaftServerImpl.java:lambda$shutdown$3(321)) - dacc0b49-37d4-4467-a9c0-6b3478b804ce@group-CCBDA1CC1B1C: shutdown
2020-10-13 01:29:28,172 [ForkJoinPool.commonPool-worker-0] INFO  util.JmxRegister (JmxRegister.java:unregister(73)) - Successfully un-registered JMX Bean with object name Ratis:service=RaftServer,group=group-CCBDA1CC1B1C,id=dacc0b49-37d4-4467-a9c0-6b3478b804ce
2020-10-13 01:29:28,172 [ForkJoinPool.commonPool-worker-0] INFO  impl.RoleInfo (RoleInfo.java:shutdownLeaderState(104)) - dacc0b49-37d4-4467-a9c0-6b3478b804ce: shutdown LeaderState
2020-10-13 01:29:28,172 [ForkJoinPool.commonPool-worker-0] INFO  impl.PendingRequests (PendingRequests.java:sendNotLeaderResponses(249)) - dacc0b49-37d4-4467-a9c0-6b3478b804ce@group-CCBDA1CC1B1C-PendingRequests: sendNotLeaderResponses
2020-10-13 01:29:28,172 [Listener at 127.0.0.1/32995] INFO  metrics.RatisMetrics (RatisMetrics.java:unregister(43)) - Unregistering Metrics Registry : ratis.log_worker.15e97f69-99d4-48de-9335-a5bc72d66d58@group-0F84A8C3469F
2020-10-13 01:29:28,173 [Listener at 127.0.0.1/32995] INFO  metrics.RatisMetrics (RatisMetrics.java:unregister(43)) - Unregistering Metrics Registry : ratis.leader_election.15e97f69-99d4-48de-9335-a5bc72d66d58@group-0F84A8C3469F
2020-10-13 01:29:28,173 [Listener at 127.0.0.1/32995] INFO  metrics.RatisMetrics (RatisMetrics.java:unregister(43)) - Unregistering Metrics Registry : ratis.server.15e97f69-99d4-48de-9335-a5bc72d66d58@group-0F84A8C3469F
2020-10-13 01:29:28,174 [ForkJoinPool.commonPool-worker-0] INFO  metrics.RatisMetrics (RatisMetrics.java:unregister(43)) - Unregistering Metrics Registry : ratis.log_appender.dacc0b49-37d4-4467-a9c0-6b3478b804ce@group-CCBDA1CC1B1C
2020-10-13 01:29:28,175 [ForkJoinPool.commonPool-worker-0] INFO  metrics.RatisMetrics (RatisMetrics.java:unregister(43)) - Unregistering Metrics Registry : ratis.server.dacc0b49-37d4-4467-a9c0-6b3478b804ce@group-CCBDA1CC1B1C
2020-10-13 01:29:28,176 [ForkJoinPool.commonPool-worker-0] INFO  impl.StateMachineUpdater (StateMachineUpdater.java:stopAndJoin(142)) - dacc0b49-37d4-4467-a9c0-6b3478b804ce@group-CCBDA1CC1B1C-StateMachineUpdater: set stopIndex = 29
2020-10-13 01:29:28,176 [dacc0b49-37d4-4467-a9c0-6b3478b804ce@group-CCBDA1CC1B1C-StateMachineUpdater] INFO  ratis.ContainerStateMachine (ContainerStateMachine.java:takeSnapshot(293)) - group-CCBDA1CC1B1C: Taking a snapshot at:(t:1, i:29) file /github/workspace/mnt/ozone/hadoop-ozone/integration-test/target/test-dir/MiniOzoneClusterImpl-4b926bf3-aee9-4ef9-a274-c573270b78ea/datanode-0/data/ratis/7fea3d92-e93c-4775-afb3-ccbda1cc1b1c/sm/snapshot.1_29
2020-10-13 01:29:28,176 [Listener at 127.0.0.1/32995] INFO  server.GrpcService (GrpcService.java:closeImpl(183)) - 15e97f69-99d4-48de-9335-a5bc72d66d58: shutdown server with port 35409 now
2020-10-13 01:29:28,177 [Listener at 127.0.0.1/32995] INFO  server.GrpcService (GrpcService.java:closeImpl(191)) - 15e97f69-99d4-48de-9335-a5bc72d66d58: shutdown server with port 35409 successfully
2020-10-13 01:29:28,177 [dacc0b49-37d4-4467-a9c0-6b3478b804ce@group-CCBDA1CC1B1C-StateMachineUpdater] INFO  ratis.ContainerStateMachine (ContainerStateMachine.java:takeSnapshot(304)) - group-CCBDA1CC1B1C: Finished taking a snapshot at:(t:1, i:29) file:/github/workspace/mnt/ozone/hadoop-ozone/integration-test/target/test-dir/MiniOzoneClusterImpl-4b926bf3-aee9-4ef9-a274-c573270b78ea/datanode-0/data/ratis/7fea3d92-e93c-4775-afb3-ccbda1cc1b1c/sm/snapshot.1_29 time:1
2020-10-13 01:29:28,177 [dacc0b49-37d4-4467-a9c0-6b3478b804ce@group-CCBDA1CC1B1C-StateMachineUpdater] INFO  impl.StateMachineUpdater (StateMachineUpdater.java:takeSnapshot(277)) - dacc0b49-37d4-4467-a9c0-6b3478b804ce@group-CCBDA1CC1B1C-StateMachineUpdater: Took a snapshot at index 29
2020-10-13 01:29:28,177 [dacc0b49-37d4-4467-a9c0-6b3478b804ce@group-CCBDA1CC1B1C-StateMachineUpdater] INFO  impl.StateMachineUpdater (StateMachineUpdater.java:lambda$new$0(87)) - dacc0b49-37d4-4467-a9c0-6b3478b804ce@group-CCBDA1CC1B1C-StateMachineUpdater: snapshotIndex: updateIncreasingly -1 -> 29
2020-10-13 01:29:28,177 [dacc0b49-37d4-4467-a9c0-6b3478b804ce@group-CCBDA1CC1B1C-StateMachineUpdater] INFO  metrics.RatisMetrics (RatisMetrics.java:unregister(43)) - Unregistering Metrics Registry : ratis.state_machine.dacc0b49-37d4-4467-a9c0-6b3478b804ce@group-CCBDA1CC1B1C
2020-10-13 01:29:28,178 [ForkJoinPool.commonPool-worker-0] INFO  impl.RaftServerImpl (ServerState.java:close(405)) - dacc0b49-37d4-4467-a9c0-6b3478b804ce@group-CCBDA1CC1B1C: closes. applyIndex: 29
2020-10-13 01:29:28,178 [dacc0b49-37d4-4467-a9c0-6b3478b804ce@group-CCBDA1CC1B1C-SegmentedRaftLogWorker] INFO  segmented.SegmentedRaftLogWorker (SegmentedRaftLogWorker.java:run(327)) - dacc0b49-37d4-4467-a9c0-6b3478b804ce@group-CCBDA1CC1B1C-SegmentedRaftLogWorker was interrupted, exiting. There are 0 tasks remaining in the queue.
2020-10-13 01:29:28,178 [ForkJoinPool.commonPool-worker-0] INFO  segmented.SegmentedRaftLogWorker (SegmentedRaftLogWorker.java:close(234)) - dacc0b49-37d4-4467-a9c0-6b3478b804ce@group-CCBDA1CC1B1C-SegmentedRaftLogWorker close()
2020-10-13 01:29:28,179 [ForkJoinPool.commonPool-worker-0] INFO  metrics.RatisMetrics (RatisMetrics.java:unregister(43)) - Unregistering Metrics Registry : ratis.log_worker.dacc0b49-37d4-4467-a9c0-6b3478b804ce@group-CCBDA1CC1B1C
2020-10-13 01:29:28,179 [Listener at 127.0.0.1/32995] INFO  utils.BackgroundService (BackgroundService.java:shutdown(132)) - Shutting down service BlockDeletingService
2020-10-13 01:29:28,179 [ForkJoinPool.commonPool-worker-0] INFO  metrics.RatisMetrics (RatisMetrics.java:unregister(43)) - Unregistering Metrics Registry : ratis.leader_election.dacc0b49-37d4-4467-a9c0-6b3478b804ce@group-CCBDA1CC1B1C
2020-10-13 01:29:28,180 [Listener at 127.0.0.1/32995] INFO  statemachine.DatanodeStateMachine (DatanodeStateMachine.java:stopDaemon(453)) - Ozone container server stopped.
2020-10-13 01:29:28,186 [ForkJoinPool.commonPool-worker-0] INFO  metrics.RatisMetrics (RatisMetrics.java:unregister(43)) - Unregistering Metrics Registry : ratis.server.dacc0b49-37d4-4467-a9c0-6b3478b804ce@group-CCBDA1CC1B1C
2020-10-13 01:29:28,186 [ForkJoinPool.commonPool-worker-0] INFO  server.GrpcService (GrpcService.java:closeImpl(183)) - dacc0b49-37d4-4467-a9c0-6b3478b804ce: shutdown server with port 36251 now
2020-10-13 01:29:28,188 [ForkJoinPool.commonPool-worker-0] INFO  server.GrpcService (GrpcService.java:closeImpl(191)) - dacc0b49-37d4-4467-a9c0-6b3478b804ce: shutdown server with port 36251 successfully
2020-10-13 01:29:28,190 [ForkJoinPool.commonPool-worker-0] INFO  utils.BackgroundService (BackgroundService.java:shutdown(132)) - Shutting down service BlockDeletingService
2020-10-13 01:29:28,191 [ForkJoinPool.commonPool-worker-0] INFO  statemachine.DatanodeStateMachine (DatanodeStateMachine.java:stopDaemon(453)) - Ozone container server stopped.
2020-10-13 01:29:28,193 [Listener at 127.0.0.1/32995] INFO  handler.ContextHandler (ContextHandler.java:doStop(1016)) - Stopped o.e.j.w.WebAppContext@7cc861a8{hddsDatanode,/,null,UNAVAILABLE}{jar:file:/home/user/.m2/repository/org/apache/hadoop/hadoop-hdds-container-service/1.1.0-SNAPSHOT/hadoop-hdds-container-service-1.1.0-SNAPSHOT.jar!/webapps/hddsDatanode}
2020-10-13 01:29:28,198 [Listener at 127.0.0.1/32995] INFO  server.AbstractConnector (AbstractConnector.java:doStop(380)) - Stopped ServerConnector@6a2d00ef{HTTP/1.1,[http/1.1]}{0.0.0.0:0}
2020-10-13 01:29:28,198 [Listener at 127.0.0.1/32995] INFO  server.session (HouseKeeper.java:stopScavenging(158)) - node0 Stopped scavenging
2020-10-13 01:29:28,199 [Listener at 127.0.0.1/32995] INFO  handler.ContextHandler (ContextHandler.java:doStop(1016)) - Stopped o.e.j.s.ServletContextHandler@734532{static,/static,jar:file:/home/user/.m2/repository/org/apache/hadoop/hadoop-hdds-container-service/1.1.0-SNAPSHOT/hadoop-hdds-container-service-1.1.0-SNAPSHOT.jar!/webapps/static,UNAVAILABLE}
2020-10-13 01:29:28,199 [Listener at 127.0.0.1/32995] INFO  handler.ContextHandler (ContextHandler.java:doStop(1016)) - Stopped o.e.j.s.ServletContextHandler@6fdb5799{logs,/logs,file:///github/workspace/mnt/ozone/hadoop-ozone/integration-test/target/log,UNAVAILABLE}
2020-10-13 01:29:28,207 [ForkJoinPool.commonPool-worker-0] INFO  handler.ContextHandler (ContextHandler.java:doStop(1016)) - Stopped o.e.j.w.WebAppContext@388f7322{hddsDatanode,/,null,UNAVAILABLE}{jar:file:/home/user/.m2/repository/org/apache/hadoop/hadoop-hdds-container-service/1.1.0-SNAPSHOT/hadoop-hdds-container-service-1.1.0-SNAPSHOT.jar!/webapps/hddsDatanode}
2020-10-13 01:29:28,207 [ForkJoinPool.commonPool-worker-0] INFO  server.AbstractConnector (AbstractConnector.java:doStop(380)) - Stopped ServerConnector@1b5c6a6{HTTP/1.1,[http/1.1]}{0.0.0.0:0}
2020-10-13 01:29:28,208 [ForkJoinPool.commonPool-worker-0] INFO  server.session (HouseKeeper.java:stopScavenging(158)) - node0 Stopped scavenging
2020-10-13 01:29:28,209 [ForkJoinPool.commonPool-worker-0] INFO  handler.ContextHandler (ContextHandler.java:doStop(1016)) - Stopped o.e.j.s.ServletContextHandler@7ed439e0{static,/static,jar:file:/home/user/.m2/repository/org/apache/hadoop/hadoop-hdds-container-service/1.1.0-SNAPSHOT/hadoop-hdds-container-service-1.1.0-SNAPSHOT.jar!/webapps/static,UNAVAILABLE}
2020-10-13 01:29:28,210 [ForkJoinPool.commonPool-worker-0] INFO  handler.ContextHandler (ContextHandler.java:doStop(1016)) - Stopped o.e.j.s.ServletContextHandler@103a41b9{logs,/logs,file:///github/workspace/mnt/ozone/hadoop-ozone/integration-test/target/log,UNAVAILABLE}
2020-10-13 01:29:28,722 [Datanode State Machine Thread - 0] INFO  statemachine.DatanodeStateMachine (DatanodeStateMachine.java:lambda$startDaemon$0(405)) - Ozone container server started.
2020-10-13 01:29:30,437 [Thread-644] INFO  impl.FollowerState (FollowerState.java:run(108)) - 38f6e796-8c18-4c71-95ad-19caff00ba17@group-41B73AB5C21E-FollowerState: change to CANDIDATE, lastRpcTime:7785ms, electionTimeout:5137ms
2020-10-13 01:29:30,438 [Thread-644] INFO  impl.RoleInfo (RoleInfo.java:shutdownFollowerState(121)) - 38f6e796-8c18-4c71-95ad-19caff00ba17: shutdown FollowerState
2020-10-13 01:29:30,438 [Thread-644] INFO  impl.RaftServerImpl (RaftServerImpl.java:setRole(198)) - 38f6e796-8c18-4c71-95ad-19caff00ba17@group-41B73AB5C21E: changes role from  FOLLOWER to CANDIDATE at term 1 for changeToCandidate
2020-10-13 01:29:30,438 [Thread-644] INFO  impl.RoleInfo (RoleInfo.java:updateAndGet(143)) - 38f6e796-8c18-4c71-95ad-19caff00ba17: start LeaderElection
2020-10-13 01:29:30,439 [38f6e796-8c18-4c71-95ad-19caff00ba17@group-41B73AB5C21E-LeaderElection23] INFO  impl.RaftServerImpl (ServerState.java:setLeader(256)) - 38f6e796-8c18-4c71-95ad-19caff00ba17@group-41B73AB5C21E: change Leader from 8da8ca2d-f214-46c6-bb1d-19300cf99b91 to null at term 1 for initElection
2020-10-13 01:29:30,441 [38f6e796-8c18-4c71-95ad-19caff00ba17@group-41B73AB5C21E-LeaderElection23] INFO  impl.LeaderElection (LeaderElection.java:askForVotes(210)) - 38f6e796-8c18-4c71-95ad-19caff00ba17@group-41B73AB5C21E-LeaderElection23: begin an election at term 2 for 0: [557e4ca5-6b8d-4b4c-bd98-c7916be59d80:172.17.0.2:34559:0, 38f6e796-8c18-4c71-95ad-19caff00ba17:172.17.0.2:38399:0, 8da8ca2d-f214-46c6-bb1d-19300cf99b91:172.17.0.2:37947:0], old=null
2020-10-13 01:29:30,447 [38f6e796-8c18-4c71-95ad-19caff00ba17@group-41B73AB5C21E-LeaderElection23] INFO  impl.LeaderElection (LogUtils.java:infoOrTrace(137)) - 38f6e796-8c18-4c71-95ad-19caff00ba17@group-41B73AB5C21E-LeaderElection23 got exception when requesting votes: java.util.concurrent.ExecutionException: org.apache.ratis.thirdparty.io.grpc.StatusRuntimeException: UNAVAILABLE: io exception
2020-10-13 01:29:30,449 [38f6e796-8c18-4c71-95ad-19caff00ba17@group-41B73AB5C21E-LeaderElection23] INFO  impl.LeaderElection (LogUtils.java:infoOrTrace(137)) - 38f6e796-8c18-4c71-95ad-19caff00ba17@group-41B73AB5C21E-LeaderElection23 got exception when requesting votes: java.util.concurrent.ExecutionException: org.apache.ratis.thirdparty.io.grpc.StatusRuntimeException: UNAVAILABLE: io exception
2020-10-13 01:29:30,449 [38f6e796-8c18-4c71-95ad-19caff00ba17@group-41B73AB5C21E-LeaderElection23] INFO  impl.LeaderElection (LeaderElection.java:logAndReturn(62)) - 38f6e796-8c18-4c71-95ad-19caff00ba17@group-41B73AB5C21E-LeaderElection23: Election REJECTED; received 0 response(s) [] and 2 exception(s); 38f6e796-8c18-4c71-95ad-19caff00ba17@group-41B73AB5C21E:t2, leader=null, voted=38f6e796-8c18-4c71-95ad-19caff00ba17, raftlog=38f6e796-8c18-4c71-95ad-19caff00ba17@group-41B73AB5C21E-SegmentedRaftLog:OPENED:c0,f0,i0, conf=0: [557e4ca5-6b8d-4b4c-bd98-c7916be59d80:172.17.0.2:34559:0, 38f6e796-8c18-4c71-95ad-19caff00ba17:172.17.0.2:38399:0, 8da8ca2d-f214-46c6-bb1d-19300cf99b91:172.17.0.2:37947:0], old=null
2020-10-13 01:29:30,449 [38f6e796-8c18-4c71-95ad-19caff00ba17@group-41B73AB5C21E-LeaderElection23] INFO  impl.LeaderElection (LogUtils.java:infoOrTrace(137)) -   Exception 0: java.util.concurrent.ExecutionException: org.apache.ratis.thirdparty.io.grpc.StatusRuntimeException: UNAVAILABLE: io exception
2020-10-13 01:29:30,449 [38f6e796-8c18-4c71-95ad-19caff00ba17@group-41B73AB5C21E-LeaderElection23] INFO  impl.LeaderElection (LogUtils.java:infoOrTrace(137)) -   Exception 1: java.util.concurrent.ExecutionException: org.apache.ratis.thirdparty.io.grpc.StatusRuntimeException: UNAVAILABLE: io exception
2020-10-13 01:29:30,449 [38f6e796-8c18-4c71-95ad-19caff00ba17@group-41B73AB5C21E-LeaderElection23] INFO  impl.RaftServerImpl (RaftServerImpl.java:setRole(198)) - 38f6e796-8c18-4c71-95ad-19caff00ba17@group-41B73AB5C21E: changes role from CANDIDATE to FOLLOWER at term 2 for DISCOVERED_A_NEW_TERM
2020-10-13 01:29:30,449 [38f6e796-8c18-4c71-95ad-19caff00ba17@group-41B73AB5C21E-LeaderElection23] INFO  impl.RoleInfo (RoleInfo.java:shutdownLeaderElection(134)) - 38f6e796-8c18-4c71-95ad-19caff00ba17: shutdown LeaderElection
2020-10-13 01:29:30,449 [38f6e796-8c18-4c71-95ad-19caff00ba17@group-41B73AB5C21E-LeaderElection23] INFO  impl.RoleInfo (RoleInfo.java:updateAndGet(143)) - 38f6e796-8c18-4c71-95ad-19caff00ba17: start FollowerState
2020-10-13 01:29:33,202 [Listener at 127.0.0.1/32995] INFO  ozoneimpl.OzoneContainer (OzoneContainer.java:stop(259)) - Attempting to stop container services.
2020-10-13 01:29:33,203 [Listener at 127.0.0.1/32995] INFO  impl.RaftServerProxy (RaftServerProxy.java:lambda$close$4(322)) - 38f6e796-8c18-4c71-95ad-19caff00ba17: close
2020-10-13 01:29:33,203 [Listener at 127.0.0.1/32995] INFO  impl.RaftServerImpl (RaftServerImpl.java:lambda$shutdown$3(321)) - 38f6e796-8c18-4c71-95ad-19caff00ba17@group-41B73AB5C21E: shutdown
2020-10-13 01:29:33,203 [Listener at 127.0.0.1/32995] INFO  util.JmxRegister (JmxRegister.java:unregister(73)) - Successfully un-registered JMX Bean with object name Ratis:service=RaftServer,group=group-41B73AB5C21E,id=38f6e796-8c18-4c71-95ad-19caff00ba17
2020-10-13 01:29:33,203 [Listener at 127.0.0.1/32995] INFO  impl.RoleInfo (RoleInfo.java:shutdownFollowerState(121)) - 38f6e796-8c18-4c71-95ad-19caff00ba17: shutdown FollowerState
2020-10-13 01:29:33,203 [Listener at 127.0.0.1/32995] INFO  impl.StateMachineUpdater (StateMachineUpdater.java:stopAndJoin(142)) - 38f6e796-8c18-4c71-95ad-19caff00ba17@group-41B73AB5C21E-StateMachineUpdater: set stopIndex = 0
2020-10-13 01:29:33,203 [Thread-728] INFO  impl.FollowerState (FollowerState.java:run(117)) - 38f6e796-8c18-4c71-95ad-19caff00ba17@group-41B73AB5C21E-FollowerState was interrupted: java.lang.InterruptedException: sleep interrupted
2020-10-13 01:29:33,204 [ForkJoinPool.commonPool-worker-1] INFO  impl.RaftServerImpl (RaftServerImpl.java:lambda$shutdown$3(321)) - 38f6e796-8c18-4c71-95ad-19caff00ba17@group-5EA73EF34191: shutdown
2020-10-13 01:29:33,204 [38f6e796-8c18-4c71-95ad-19caff00ba17@group-41B73AB5C21E-StateMachineUpdater] INFO  ratis.ContainerStateMachine (ContainerStateMachine.java:takeSnapshot(293)) - group-41B73AB5C21E: Taking a snapshot at:(t:1, i:0) file /github/workspace/mnt/ozone/hadoop-ozone/integration-test/target/test-dir/MiniOzoneClusterImpl-4b926bf3-aee9-4ef9-a274-c573270b78ea/datanode-5/data/ratis/a9303f12-9bb1-4dba-9bf4-41b73ab5c21e/sm/snapshot.1_0
2020-10-13 01:29:33,204 [ForkJoinPool.commonPool-worker-1] INFO  util.JmxRegister (JmxRegister.java:unregister(73)) - Successfully un-registered JMX Bean with object name Ratis:service=RaftServer,group=group-5EA73EF34191,id=38f6e796-8c18-4c71-95ad-19caff00ba17
2020-10-13 01:29:33,204 [ForkJoinPool.commonPool-worker-1] INFO  impl.RoleInfo (RoleInfo.java:shutdownLeaderState(104)) - 38f6e796-8c18-4c71-95ad-19caff00ba17: shutdown LeaderState
2020-10-13 01:29:33,204 [ForkJoinPool.commonPool-worker-1] INFO  impl.PendingRequests (PendingRequests.java:sendNotLeaderResponses(249)) - 38f6e796-8c18-4c71-95ad-19caff00ba17@group-5EA73EF34191-PendingRequests: sendNotLeaderResponses
2020-10-13 01:29:33,206 [38f6e796-8c18-4c71-95ad-19caff00ba17@group-41B73AB5C21E-StateMachineUpdater] INFO  ratis.ContainerStateMachine (ContainerStateMachine.java:takeSnapshot(304)) - group-41B73AB5C21E: Finished taking a snapshot at:(t:1, i:0) file:/github/workspace/mnt/ozone/hadoop-ozone/integration-test/target/test-dir/MiniOzoneClusterImpl-4b926bf3-aee9-4ef9-a274-c573270b78ea/datanode-5/data/ratis/a9303f12-9bb1-4dba-9bf4-41b73ab5c21e/sm/snapshot.1_0 time:2
2020-10-13 01:29:33,206 [38f6e796-8c18-4c71-95ad-19caff00ba17@group-41B73AB5C21E-StateMachineUpdater] INFO  impl.StateMachineUpdater (StateMachineUpdater.java:takeSnapshot(277)) - 38f6e796-8c18-4c71-95ad-19caff00ba17@group-41B73AB5C21E-StateMachineUpdater: Took a snapshot at index 0
2020-10-13 01:29:33,206 [38f6e796-8c18-4c71-95ad-19caff00ba17@group-41B73AB5C21E-StateMachineUpdater] INFO  impl.StateMachineUpdater (StateMachineUpdater.java:lambda$new$0(87)) - 38f6e796-8c18-4c71-95ad-19caff00ba17@group-41B73AB5C21E-StateMachineUpdater: snapshotIndex: updateIncreasingly -1 -> 0
2020-10-13 01:29:33,206 [38f6e796-8c18-4c71-95ad-19caff00ba17@group-41B73AB5C21E-StateMachineUpdater] INFO  metrics.RatisMetrics (RatisMetrics.java:unregister(43)) - Unregistering Metrics Registry : ratis.state_machine.38f6e796-8c18-4c71-95ad-19caff00ba17@group-41B73AB5C21E
2020-10-13 01:29:33,206 [Listener at 127.0.0.1/32995] INFO  impl.RaftServerImpl (ServerState.java:close(405)) - 38f6e796-8c18-4c71-95ad-19caff00ba17@group-41B73AB5C21E: closes. applyIndex: 0
2020-10-13 01:29:33,207 [38f6e796-8c18-4c71-95ad-19caff00ba17@group-41B73AB5C21E-SegmentedRaftLogWorker] INFO  segmented.SegmentedRaftLogWorker (SegmentedRaftLogWorker.java:run(327)) - 38f6e796-8c18-4c71-95ad-19caff00ba17@group-41B73AB5C21E-SegmentedRaftLogWorker was interrupted, exiting. There are 0 tasks remaining in the queue.
2020-10-13 01:29:33,207 [Listener at 127.0.0.1/32995] INFO  segmented.SegmentedRaftLogWorker (SegmentedRaftLogWorker.java:close(234)) - 38f6e796-8c18-4c71-95ad-19caff00ba17@group-41B73AB5C21E-SegmentedRaftLogWorker close()
2020-10-13 01:29:33,207 [Listener at 127.0.0.1/32995] INFO  metrics.RatisMetrics (RatisMetrics.java:unregister(43)) - Unregistering Metrics Registry : ratis.log_worker.38f6e796-8c18-4c71-95ad-19caff00ba17@group-41B73AB5C21E
2020-10-13 01:29:33,207 [Listener at 127.0.0.1/32995] INFO  metrics.RatisMetrics (RatisMetrics.java:unregister(43)) - Unregistering Metrics Registry : ratis.leader_election.38f6e796-8c18-4c71-95ad-19caff00ba17@group-41B73AB5C21E
2020-10-13 01:29:33,208 [Listener at 127.0.0.1/32995] INFO  metrics.RatisMetrics (RatisMetrics.java:unregister(43)) - Unregistering Metrics Registry : ratis.server.38f6e796-8c18-4c71-95ad-19caff00ba17@group-41B73AB5C21E
2020-10-13 01:29:33,208 [ForkJoinPool.commonPool-worker-1] INFO  metrics.RatisMetrics (RatisMetrics.java:unregister(43)) - Unregistering Metrics Registry : ratis.log_appender.38f6e796-8c18-4c71-95ad-19caff00ba17@group-5EA73EF34191
2020-10-13 01:29:33,208 [ForkJoinPool.commonPool-worker-1] INFO  metrics.RatisMetrics (RatisMetrics.java:unregister(43)) - Unregistering Metrics Registry : ratis.server.38f6e796-8c18-4c71-95ad-19caff00ba17@group-5EA73EF34191
2020-10-13 01:29:33,208 [ForkJoinPool.commonPool-worker-1] INFO  impl.StateMachineUpdater (StateMachineUpdater.java:stopAndJoin(142)) - 38f6e796-8c18-4c71-95ad-19caff00ba17@group-5EA73EF34191-StateMachineUpdater: set stopIndex = 4
2020-10-13 01:29:33,209 [38f6e796-8c18-4c71-95ad-19caff00ba17@group-5EA73EF34191-StateMachineUpdater] INFO  ratis.ContainerStateMachine (ContainerStateMachine.java:takeSnapshot(293)) - group-5EA73EF34191: Taking a snapshot at:(t:1, i:4) file /github/workspace/mnt/ozone/hadoop-ozone/integration-test/target/test-dir/MiniOzoneClusterImpl-4b926bf3-aee9-4ef9-a274-c573270b78ea/datanode-5/data/ratis/f8f99d1a-8ba3-4467-8598-5ea73ef34191/sm/snapshot.1_4
2020-10-13 01:29:33,217 [38f6e796-8c18-4c71-95ad-19caff00ba17@group-5EA73EF34191-StateMachineUpdater] INFO  ratis.ContainerStateMachine (ContainerStateMachine.java:takeSnapshot(304)) - group-5EA73EF34191: Finished taking a snapshot at:(t:1, i:4) file:/github/workspace/mnt/ozone/hadoop-ozone/integration-test/target/test-dir/MiniOzoneClusterImpl-4b926bf3-aee9-4ef9-a274-c573270b78ea/datanode-5/data/ratis/f8f99d1a-8ba3-4467-8598-5ea73ef34191/sm/snapshot.1_4 time:7
2020-10-13 01:29:33,217 [38f6e796-8c18-4c71-95ad-19caff00ba17@group-5EA73EF34191-StateMachineUpdater] INFO  impl.StateMachineUpdater (StateMachineUpdater.java:takeSnapshot(277)) - 38f6e796-8c18-4c71-95ad-19caff00ba17@group-5EA73EF34191-StateMachineUpdater: Took a snapshot at index 4
2020-10-13 01:29:33,217 [38f6e796-8c18-4c71-95ad-19caff00ba17@group-5EA73EF34191-StateMachineUpdater] INFO  impl.StateMachineUpdater (StateMachineUpdater.java:lambda$new$0(87)) - 38f6e796-8c18-4c71-95ad-19caff00ba17@group-5EA73EF34191-StateMachineUpdater: snapshotIndex: updateIncreasingly -1 -> 4
2020-10-13 01:29:33,217 [38f6e796-8c18-4c71-95ad-19caff00ba17@group-5EA73EF34191-StateMachineUpdater] INFO  metrics.RatisMetrics (RatisMetrics.java:unregister(43)) - Unregistering Metrics Registry : ratis.state_machine.38f6e796-8c18-4c71-95ad-19caff00ba17@group-5EA73EF34191
2020-10-13 01:29:33,217 [ForkJoinPool.commonPool-worker-1] INFO  impl.RaftServerImpl (ServerState.java:close(405)) - 38f6e796-8c18-4c71-95ad-19caff00ba17@group-5EA73EF34191: closes. applyIndex: 4
2020-10-13 01:29:33,217 [38f6e796-8c18-4c71-95ad-19caff00ba17@group-5EA73EF34191-SegmentedRaftLogWorker] INFO  segmented.SegmentedRaftLogWorker (SegmentedRaftLogWorker.java:run(327)) - 38f6e796-8c18-4c71-95ad-19caff00ba17@group-5EA73EF34191-SegmentedRaftLogWorker was interrupted, exiting. There are 0 tasks remaining in the queue.
2020-10-13 01:29:33,218 [ForkJoinPool.commonPool-worker-1] INFO  segmented.SegmentedRaftLogWorker (SegmentedRaftLogWorker.java:close(234)) - 38f6e796-8c18-4c71-95ad-19caff00ba17@group-5EA73EF34191-SegmentedRaftLogWorker close()
2020-10-13 01:29:33,218 [ForkJoinPool.commonPool-worker-1] INFO  metrics.RatisMetrics (RatisMetrics.java:unregister(43)) - Unregistering Metrics Registry : ratis.log_worker.38f6e796-8c18-4c71-95ad-19caff00ba17@group-5EA73EF34191
2020-10-13 01:29:33,218 [ForkJoinPool.commonPool-worker-1] INFO  metrics.RatisMetrics (RatisMetrics.java:unregister(43)) - Unregistering Metrics Registry : ratis.leader_election.38f6e796-8c18-4c71-95ad-19caff00ba17@group-5EA73EF34191
2020-10-13 01:29:33,218 [ForkJoinPool.commonPool-worker-1] INFO  metrics.RatisMetrics (RatisMetrics.java:unregister(43)) - Unregistering Metrics Registry : ratis.server.38f6e796-8c18-4c71-95ad-19caff00ba17@group-5EA73EF34191
2020-10-13 01:29:33,218 [Listener at 127.0.0.1/32995] INFO  server.GrpcService (GrpcService.java:closeImpl(183)) - 38f6e796-8c18-4c71-95ad-19caff00ba17: shutdown server with port 38399 now
2020-10-13 01:29:33,223 [Listener at 127.0.0.1/32995] INFO  server.GrpcService (GrpcService.java:closeImpl(191)) - 38f6e796-8c18-4c71-95ad-19caff00ba17: shutdown server with port 38399 successfully
2020-10-13 01:29:33,224 [Listener at 127.0.0.1/32995] INFO  utils.BackgroundService (BackgroundService.java:shutdown(132)) - Shutting down service BlockDeletingService
2020-10-13 01:29:33,225 [Listener at 127.0.0.1/32995] INFO  statemachine.DatanodeStateMachine (DatanodeStateMachine.java:stopDaemon(453)) - Ozone container server stopped.
2020-10-13 01:29:33,233 [Listener at 127.0.0.1/32995] INFO  handler.ContextHandler (ContextHandler.java:doStop(1016)) - Stopped o.e.j.w.WebAppContext@f0a5b20{hddsDatanode,/,null,UNAVAILABLE}{jar:file:/home/user/.m2/repository/org/apache/hadoop/hadoop-hdds-container-service/1.1.0-SNAPSHOT/hadoop-hdds-container-service-1.1.0-SNAPSHOT.jar!/webapps/hddsDatanode}
2020-10-13 01:29:33,234 [Listener at 127.0.0.1/32995] INFO  server.AbstractConnector (AbstractConnector.java:doStop(380)) - Stopped ServerConnector@7976eae7{HTTP/1.1,[http/1.1]}{0.0.0.0:0}
2020-10-13 01:29:33,234 [Listener at 127.0.0.1/32995] INFO  server.session (HouseKeeper.java:stopScavenging(158)) - node0 Stopped scavenging
2020-10-13 01:29:33,234 [Listener at 127.0.0.1/32995] INFO  handler.ContextHandler (ContextHandler.java:doStop(1016)) - Stopped o.e.j.s.ServletContextHandler@2337fd44{static,/static,jar:file:/home/user/.m2/repository/org/apache/hadoop/hadoop-hdds-container-service/1.1.0-SNAPSHOT/hadoop-hdds-container-service-1.1.0-SNAPSHOT.jar!/webapps/static,UNAVAILABLE}
2020-10-13 01:29:33,234 [Listener at 127.0.0.1/32995] INFO  handler.ContextHandler (ContextHandler.java:doStop(1016)) - Stopped o.e.j.s.ServletContextHandler@4e17758{logs,/logs,file:///github/workspace/mnt/ozone/hadoop-ozone/integration-test/target/log,UNAVAILABLE}
2020-10-13 01:29:33,235 [Listener at 127.0.0.1/32995] INFO  ozone.MiniOzoneClusterImpl (MiniOzoneClusterImpl.java:stopSCM(476)) - Stopping the StorageContainerManager
2020-10-13 01:29:33,235 [Listener at 127.0.0.1/32995] INFO  server.StorageContainerManager (StorageContainerManager.java:stop(832)) - Stopping Replication Manager Service.
2020-10-13 01:29:33,235 [Listener at 127.0.0.1/32995] INFO  container.ReplicationManager (ReplicationManager.java:stop(219)) - Stopping Replication Monitor Thread.
2020-10-13 01:29:33,235 [Listener at 127.0.0.1/32995] INFO  server.StorageContainerManager (StorageContainerManager.java:stop(839)) - Stopping Lease Manager of the command watchers
2020-10-13 01:29:33,235 [Listener at 127.0.0.1/32995] INFO  server.StorageContainerManager (StorageContainerManager.java:stop(846)) - Stopping datanode service RPC server
2020-10-13 01:29:33,235 [Listener at 127.0.0.1/32995] INFO  server.SCMDatanodeProtocolServer (SCMDatanodeProtocolServer.java:stop(361)) - Stopping the RPC server for DataNodes
2020-10-13 01:29:33,236 [CommandWatcher-LeaseManager#LeaseMonitor] ERROR lease.LeaseManager (LeaseManager.java:run(238)) - Execution was interrupted 
java.lang.InterruptedException: sleep interrupted
	at java.lang.Thread.sleep(Native Method)
	at org.apache.hadoop.ozone.lease.LeaseManager$LeaseMonitor.run(LeaseManager.java:234)
	at java.lang.Thread.run(Thread.java:748)
2020-10-13 01:29:33,236 [Listener at 127.0.0.1/32995] INFO  ipc.Server (Server.java:stop(3359)) - Stopping server on 43001
2020-10-13 01:29:33,238 [IPC Server listener on 0] INFO  ipc.Server (Server.java:run(1330)) - Stopping IPC Server listener on 0
2020-10-13 01:29:33,238 [IPC Server Responder] INFO  ipc.Server (Server.java:run(1465)) - Stopping IPC Server Responder
2020-10-13 01:29:33,313 [SCM Heartbeat Processing Thread - 0] WARN  node.NodeStateManager (NodeStateManager.java:scheduleNextHealthCheck(661)) - Current Thread is interrupted, shutting down HB processing thread for Node Manager.
2020-10-13 01:29:33,313 [Listener at 127.0.0.1/32995] INFO  server.StorageContainerManager (StorageContainerManager.java:stop(854)) - Stopping block service RPC server
2020-10-13 01:29:33,313 [Listener at 127.0.0.1/32995] INFO  server.SCMBlockProtocolServer (SCMBlockProtocolServer.java:stop(158)) - Stopping the RPC server for Block Protocol
2020-10-13 01:29:33,313 [Listener at 127.0.0.1/32995] INFO  ipc.Server (Server.java:stop(3359)) - Stopping server on 45289
2020-10-13 01:29:33,315 [IPC Server listener on 0] INFO  ipc.Server (Server.java:run(1330)) - Stopping IPC Server listener on 0
2020-10-13 01:29:33,316 [IPC Server Responder] INFO  ipc.Server (Server.java:run(1465)) - Stopping IPC Server Responder
2020-10-13 01:29:33,316 [Listener at 127.0.0.1/32995] INFO  server.StorageContainerManager (StorageContainerManager.java:stop(861)) - Stopping the StorageContainerLocationProtocol RPC server
2020-10-13 01:29:33,317 [Listener at 127.0.0.1/32995] INFO  server.SCMClientProtocolServer (SCMClientProtocolServer.java:stop(165)) - Stopping the RPC server for Client Protocol
2020-10-13 01:29:33,317 [Listener at 127.0.0.1/32995] INFO  ipc.Server (Server.java:stop(3359)) - Stopping server on 39461
2020-10-13 01:29:33,318 [IPC Server listener on 0] INFO  ipc.Server (Server.java:run(1330)) - Stopping IPC Server listener on 0
2020-10-13 01:29:33,319 [IPC Server Responder] INFO  ipc.Server (Server.java:run(1465)) - Stopping IPC Server Responder
2020-10-13 01:29:33,319 [Listener at 127.0.0.1/32995] INFO  server.StorageContainerManager (StorageContainerManager.java:stop(868)) - Stopping Storage Container Manager HTTP server.
2020-10-13 01:29:33,323 [Listener at 127.0.0.1/32995] INFO  handler.ContextHandler (ContextHandler.java:doStop(1016)) - Stopped o.e.j.w.WebAppContext@6e53e200{scm,/,null,UNAVAILABLE}{file:/github/workspace/mnt/ozone/hadoop-ozone/integration-test/target/test-classes/webapps/scm}
2020-10-13 01:29:33,323 [Listener at 127.0.0.1/32995] INFO  server.AbstractConnector (AbstractConnector.java:doStop(380)) - Stopped ServerConnector@5900ef6a{HTTP/1.1,[http/1.1]}{0.0.0.0:0}
2020-10-13 01:29:33,323 [Listener at 127.0.0.1/32995] INFO  server.session (HouseKeeper.java:stopScavenging(158)) - node0 Stopped scavenging
2020-10-13 01:29:33,324 [Listener at 127.0.0.1/32995] INFO  handler.ContextHandler (ContextHandler.java:doStop(1016)) - Stopped o.e.j.s.ServletContextHandler@34186574{static,/static,file:///github/workspace/mnt/ozone/hadoop-ozone/integration-test/target/test-classes/webapps/static,UNAVAILABLE}
2020-10-13 01:29:33,324 [Listener at 127.0.0.1/32995] INFO  handler.ContextHandler (ContextHandler.java:doStop(1016)) - Stopped o.e.j.s.ServletContextHandler@29f82e7b{logs,/logs,file:///github/workspace/mnt/ozone/hadoop-ozone/integration-test/target/log,UNAVAILABLE}
2020-10-13 01:29:33,324 [Listener at 127.0.0.1/32995] INFO  server.StorageContainerManager (StorageContainerManager.java:stop(879)) - Stopping Block Manager Service.
2020-10-13 01:29:33,325 [Listener at 127.0.0.1/32995] INFO  utils.BackgroundService (BackgroundService.java:shutdown(132)) - Shutting down service SCMBlockDeletingService
2020-10-13 01:29:33,325 [Listener at 127.0.0.1/32995] INFO  utils.BackgroundService (BackgroundService.java:shutdown(132)) - Shutting down service SCMBlockDeletingService
2020-10-13 01:29:33,325 [Listener at 127.0.0.1/32995] INFO  server.StorageContainerManager (StorageContainerManager.java:stop(904)) - Stopping SCM Event Queue.
2020-10-13 01:29:33,328 [Listener at 127.0.0.1/32995] INFO  impl.MetricsSystemImpl (MetricsSystemImpl.java:stop(210)) - Stopping HddsDatanode metrics system...
2020-10-13 01:29:33,337 [Listener at 127.0.0.1/32995] INFO  impl.MetricsSystemImpl (MetricsSystemImpl.java:stop(216)) - HddsDatanode metrics system stopped.
]]></system-out>
  </testcase>
</testsuite>