<?xml version="1.0" encoding="UTF-8"?>
<testsuite xmlns:xsi="http://www.w3.org/2001/XMLSchema-instance" xsi:noNamespaceSchemaLocation="https://maven.apache.org/surefire/maven-surefire-plugin/xsd/surefire-test-report-3.0.xsd" version="3.0" name="org.apache.hadoop.ozone.client.rpc.TestOzoneAtRestEncryption" time="66.549" tests="22" errors="1" skipped="0" failures="0">
  <properties>
    <property name="awt.toolkit" value="sun.awt.X11.XToolkit"/>
    <property name="log4j.configuration" value="kms-log4j.properties"/>
    <property name="java.specification.version" value="1.8"/>
    <property name="file.encoding.pkg" value="sun.io"/>
    <property name="sun.cpu.isalist" value=""/>
    <property name="sun.jnu.encoding" value="UTF-8"/>
    <property name="java.class.path" value="/home/runner/work/ozone/ozone/hadoop-ozone/integration-test/target/test-classes:/home/runner/work/ozone/ozone/hadoop-ozone/integration-test/target/classes:/home/runner/.m2/repository/org/apache/ozone/ozone-common/1.4.0-SNAPSHOT/ozone-common-1.4.0-SNAPSHOT.jar:/home/runner/.m2/repository/io/grpc/grpc-netty/1.51.1/grpc-netty-1.51.1.jar:/home/runner/.m2/repository/io/grpc/grpc-core/1.51.1/grpc-core-1.51.1.jar:/home/runner/.m2/repository/com/google/android/annotations/4.1.1.4/annotations-4.1.1.4.jar:/home/runner/.m2/repository/org/codehaus/mojo/animal-sniffer-annotations/1.21/animal-sniffer-annotations-1.21.jar:/home/runner/.m2/repository/com/google/errorprone/error_prone_annotations/2.2.0/error_prone_annotations-2.2.0.jar:/home/runner/.m2/repository/io/perfmark/perfmark-api/0.25.0/perfmark-api-0.25.0.jar:/home/runner/.m2/repository/io/netty/netty-codec-http2/4.1.86.Final/netty-codec-http2-4.1.86.Final.jar:/home/runner/.m2/repository/io/netty/netty-common/4.1.86.Final/netty-common-4.1.86.Final.jar:/home/runner/.m2/repository/io/netty/netty-buffer/4.1.86.Final/netty-buffer-4.1.86.Final.jar:/home/runner/.m2/repository/io/netty/netty-codec-http/4.1.86.Final/netty-codec-http-4.1.86.Final.jar:/home/runner/.m2/repository/io/netty/netty-handler-proxy/4.1.86.Final/netty-handler-proxy-4.1.86.Final.jar:/home/runner/.m2/repository/io/netty/netty-codec-socks/4.1.86.Final/netty-codec-socks-4.1.86.Final.jar:/home/runner/.m2/repository/io/netty/netty-tcnative-boringssl-static/2.0.54.Final/netty-tcnative-boringssl-static-2.0.54.Final.jar:/home/runner/.m2/repository/io/netty/netty-tcnative-classes/2.0.54.Final/netty-tcnative-classes-2.0.54.Final.jar:/home/runner/.m2/repository/io/netty/netty-tcnative-boringssl-static/2.0.54.Final/netty-tcnative-boringssl-static-2.0.54.Final-linux-x86_64.jar:/home/runner/.m2/repository/io/netty/netty-tcnative-boringssl-static/2.0.54.Final/netty-tcnative-boringssl-static-2.0.54.Final-linux-aarch_64.jar:/home/runner/.m2/repository/io/netty/netty-tcnative-boringssl-static/2.0.54.Final/netty-tcnative-boringssl-static-2.0.54.Final-osx-x86_64.jar:/home/runner/.m2/repository/io/netty/netty-tcnative-boringssl-static/2.0.54.Final/netty-tcnative-boringssl-static-2.0.54.Final-osx-aarch_64.jar:/home/runner/.m2/repository/io/netty/netty-tcnative-boringssl-static/2.0.54.Final/netty-tcnative-boringssl-static-2.0.54.Final-windows-x86_64.jar:/home/runner/.m2/repository/org/apache/commons/commons-compress/1.21/commons-compress-1.21.jar:/home/runner/.m2/repository/org/apache/ozone/hdds-common/1.4.0-SNAPSHOT/hdds-common-1.4.0-SNAPSHOT.jar:/home/runner/.m2/repository/org/apache/ozone/hdds-client/1.4.0-SNAPSHOT/hdds-client-1.4.0-SNAPSHOT.jar:/home/runner/.m2/repository/org/apache/ozone/ozone-interface-client/1.4.0-SNAPSHOT/ozone-interface-client-1.4.0-SNAPSHOT.jar:/home/runner/.m2/repository/org/apache/hadoop/hadoop-hdfs-client/3.3.6/hadoop-hdfs-client-3.3.6.jar:/home/runner/.m2/repository/com/squareup/okhttp3/okhttp/4.9.3/okhttp-4.9.3.jar:/home/runner/.m2/repository/com/squareup/okio/okio/3.4.0/okio-3.4.0.jar:/home/runner/.m2/repository/com/squareup/okio/okio-jvm/3.4.0/okio-jvm-3.4.0.jar:/home/runner/.m2/repository/org/jetbrains/kotlin/kotlin-stdlib-jdk8/1.8.0/kotlin-stdlib-jdk8-1.8.0.jar:/home/runner/.m2/repository/org/jetbrains/kotlin/kotlin-stdlib-jdk7/1.8.0/kotlin-stdlib-jdk7-1.8.0.jar:/home/runner/.m2/repository/org/jetbrains/kotlin/kotlin-stdlib-common/1.6.21/kotlin-stdlib-common-1.6.21.jar:/home/runner/.m2/repository/org/apache/ozone/hdds-test-utils/1.4.0-SNAPSHOT/hdds-test-utils-1.4.0-SNAPSHOT.jar:/home/runner/.m2/repository/com/google/guava/guava/32.0.0-jre/guava-32.0.0-jre.jar:/home/runner/.m2/repository/com/google/guava/failureaccess/1.0.1/failureaccess-1.0.1.jar:/home/runner/.m2/repository/com/google/guava/listenablefuture/9999.0-empty-to-avoid-conflict-with-guava/listenablefuture-9999.0-empty-to-avoid-conflict-with-guava.jar:/home/runner/.m2/repository/com/google/code/findbugs/jsr305/3.0.0/jsr305-3.0.0.jar:/home/runner/.m2/repository/org/checkerframework/checker-qual/3.33.0/checker-qual-3.33.0.jar:/home/runner/.m2/repository/com/google/j2objc/j2objc-annotations/2.8/j2objc-annotations-2.8.jar:/home/runner/.m2/repository/commons-io/commons-io/2.11.0/commons-io-2.11.0.jar:/home/runner/.m2/repository/commons-logging/commons-logging/1.2/commons-logging-1.2.jar:/home/runner/.m2/repository/ch/qos/reload4j/reload4j/1.2.22/reload4j-1.2.22.jar:/home/runner/.m2/repository/org/slf4j/slf4j-api/1.7.36/slf4j-api-1.7.36.jar:/home/runner/.m2/repository/org/apache/logging/log4j/log4j-api/2.17.1/log4j-api-2.17.1.jar:/home/runner/.m2/repository/org/apache/ozone/hdds-server-scm/1.4.0-SNAPSHOT/hdds-server-scm-1.4.0-SNAPSHOT.jar:/home/runner/.m2/repository/org/apache/ozone/hdds-container-service/1.4.0-SNAPSHOT/hdds-container-service-1.4.0-SNAPSHOT.jar:/home/runner/.m2/repository/org/apache/ozone/hdds-hadoop-dependency-server/1.4.0-SNAPSHOT/hdds-hadoop-dependency-server-1.4.0-SNAPSHOT.jar:/home/runner/.m2/repository/org/apache/hadoop/hadoop-hdfs/3.3.6/hadoop-hdfs-3.3.6.jar:/home/runner/.m2/repository/commons-daemon/commons-daemon/1.0.13/commons-daemon-1.0.13.jar:/home/runner/.m2/repository/org/apache/ozone/hdds-server-framework/1.4.0-SNAPSHOT/hdds-server-framework-1.4.0-SNAPSHOT.jar:/home/runner/.m2/repository/io/dropwizard/metrics/metrics-core/3.2.4/metrics-core-3.2.4.jar:/home/runner/.m2/repository/org/apache/commons/commons-text/1.10.0/commons-text-1.10.0.jar:/home/runner/.m2/repository/org/bouncycastle/bcprov-jdk15on/1.67/bcprov-jdk15on-1.67.jar:/home/runner/.m2/repository/com/google/protobuf/protobuf-java/2.5.0/protobuf-java-2.5.0.jar:/home/runner/.m2/repository/org/apache/ozone/hdds-server-framework/1.4.0-SNAPSHOT/hdds-server-framework-1.4.0-SNAPSHOT-tests.jar:/home/runner/.m2/repository/org/apache/ozone/hdds-interface-server/1.4.0-SNAPSHOT/hdds-interface-server-1.4.0-SNAPSHOT.jar:/home/runner/.m2/repository/org/apache/ozone/hdds-interface-admin/1.4.0-SNAPSHOT/hdds-interface-admin-1.4.0-SNAPSHOT.jar:/home/runner/.m2/repository/org/apache/ozone/hdds-managed-rocksdb/1.4.0-SNAPSHOT/hdds-managed-rocksdb-1.4.0-SNAPSHOT.jar:/home/runner/.m2/repository/org/rocksdb/rocksdbjni/7.7.3/rocksdbjni-7.7.3.jar:/home/runner/.m2/repository/org/slf4j/slf4j-reload4j/1.7.36/slf4j-reload4j-1.7.36.jar:/home/runner/.m2/repository/org/apache/commons/commons-configuration2/2.1.1/commons-configuration2-2.1.1.jar:/home/runner/.m2/repository/commons-fileupload/commons-fileupload/1.5/commons-fileupload-1.5.jar:/home/runner/.m2/repository/org/apache/logging/log4j/log4j-core/2.17.1/log4j-core-2.17.1.jar:/home/runner/.m2/repository/com/lmax/disruptor/3.4.2/disruptor-3.4.2.jar:/home/runner/.m2/repository/org/eclipse/jetty/jetty-util/9.4.51.v20230217/jetty-util-9.4.51.v20230217.jar:/home/runner/.m2/repository/org/eclipse/jetty/jetty-server/9.4.51.v20230217/jetty-server-9.4.51.v20230217.jar:/home/runner/.m2/repository/org/eclipse/jetty/jetty-http/9.4.51.v20230217/jetty-http-9.4.51.v20230217.jar:/home/runner/.m2/repository/org/eclipse/jetty/jetty-io/9.4.51.v20230217/jetty-io-9.4.51.v20230217.jar:/home/runner/.m2/repository/org/eclipse/jetty/jetty-servlet/9.4.51.v20230217/jetty-servlet-9.4.51.v20230217.jar:/home/runner/.m2/repository/org/eclipse/jetty/jetty-security/9.4.51.v20230217/jetty-security-9.4.51.v20230217.jar:/home/runner/.m2/repository/org/eclipse/jetty/jetty-util-ajax/9.4.51.v20230217/jetty-util-ajax-9.4.51.v20230217.jar:/home/runner/.m2/repository/org/eclipse/jetty/jetty-webapp/9.4.51.v20230217/jetty-webapp-9.4.51.v20230217.jar:/home/runner/.m2/repository/org/eclipse/jetty/jetty-xml/9.4.51.v20230217/jetty-xml-9.4.51.v20230217.jar:/home/runner/.m2/repository/org/apache/ratis/ratis-server/2.5.1/ratis-server-2.5.1.jar:/home/runner/.m2/repository/org/apache/ratis/ratis-thirdparty-misc/1.0.4/ratis-thirdparty-misc-1.0.4.jar:/home/runner/.m2/repository/org/apache/ratis/ratis-proto/2.5.1/ratis-proto-2.5.1.jar:/home/runner/.m2/repository/org/apache/ratis/ratis-common/2.5.1/ratis-common-2.5.1.jar:/home/runner/.m2/repository/org/apache/ratis/ratis-client/2.5.1/ratis-client-2.5.1.jar:/home/runner/.m2/repository/org/apache/ratis/ratis-server-api/2.5.1/ratis-server-api-2.5.1.jar:/home/runner/.m2/repository/org/apache/ratis/ratis-metrics/2.5.1/ratis-metrics-2.5.1.jar:/home/runner/.m2/repository/io/prometheus/simpleclient_dropwizard/0.7.0/simpleclient_dropwizard-0.7.0.jar:/home/runner/.m2/repository/io/prometheus/simpleclient/0.7.0/simpleclient-0.7.0.jar:/home/runner/.m2/repository/io/prometheus/simpleclient_common/0.7.0/simpleclient_common-0.7.0.jar:/home/runner/.m2/repository/com/fasterxml/jackson/datatype/jackson-datatype-jsr310/2.13.4/jackson-datatype-jsr310-2.13.4.jar:/home/runner/.m2/repository/com/fasterxml/jackson/core/jackson-core/2.13.4/jackson-core-2.13.4.jar:/home/runner/.m2/repository/com/github/spotbugs/spotbugs-annotations/3.1.12/spotbugs-annotations-3.1.12.jar:/home/runner/.m2/repository/org/apache/ozone/rocksdb-checkpoint-differ/1.4.0-SNAPSHOT/rocksdb-checkpoint-differ-1.4.0-SNAPSHOT.jar:/home/runner/.m2/repository/org/jgrapht/jgrapht-core/1.0.1/jgrapht-core-1.0.1.jar:/home/runner/.m2/repository/org/jgrapht/jgrapht-ext/1.0.1/jgrapht-ext-1.0.1.jar:/home/runner/.m2/repository/org/tinyjee/jgraphx/jgraphx/2.0.0.1/jgraphx-2.0.0.1.jar:/home/runner/.m2/repository/jgraph/jgraph/5.13.0.0/jgraph-5.13.0.0.jar:/home/runner/.m2/repository/org/antlr/antlr4-runtime/4.5.3/antlr4-runtime-4.5.3.jar:/home/runner/.m2/repository/org/awaitility/awaitility/4.2.0/awaitility-4.2.0.jar:/home/runner/.m2/repository/org/hamcrest/hamcrest/2.1/hamcrest-2.1.jar:/home/runner/.m2/repository/org/apache/ozone/ozone-manager/1.4.0-SNAPSHOT/ozone-manager-1.4.0-SNAPSHOT.jar:/home/runner/.m2/repository/org/aspectj/aspectjrt/1.9.7/aspectjrt-1.9.7.jar:/home/runner/.m2/repository/org/aspectj/aspectjweaver/1.9.7/aspectjweaver-1.9.7.jar:/home/runner/.m2/repository/org/apache/ozone/hdds-interface-client/1.4.0-SNAPSHOT/hdds-interface-client-1.4.0-SNAPSHOT.jar:/home/runner/.m2/repository/org/apache/hadoop/thirdparty/hadoop-shaded-protobuf_3_7/1.1.1/hadoop-shaded-protobuf_3_7-1.1.1.jar:/home/runner/.m2/repository/org/apache/ozone/ozone-interface-storage/1.4.0-SNAPSHOT/ozone-interface-storage-1.4.0-SNAPSHOT.jar:/home/runner/.m2/repository/org/reflections/reflections/0.9.11/reflections-0.9.11.jar:/home/runner/.m2/repository/com/sun/jersey/jersey-client/1.19/jersey-client-1.19.jar:/home/runner/.m2/repository/org/codehaus/jackson/jackson-core-asl/1.9.13/jackson-core-asl-1.9.13.jar:/home/runner/.m2/repository/org/codehaus/jackson/jackson-mapper-asl/1.9.13/jackson-mapper-asl-1.9.13.jar:/home/runner/.m2/repository/org/codehaus/jackson/jackson-jaxrs/1.9.13/jackson-jaxrs-1.9.13.jar:/home/runner/.m2/repository/org/apache/ranger/ranger-intg/2.3.0/ranger-intg-2.3.0.jar:/home/runner/.m2/repository/org/apache/ranger/ranger-plugins-common/2.3.0/ranger-plugins-common-2.3.0.jar:/home/runner/.m2/repository/commons-lang/commons-lang/2.6/commons-lang-2.6.jar:/home/runner/.m2/repository/org/apache/ranger/ranger-plugins-cred/2.3.0/ranger-plugins-cred-2.3.0.jar:/home/runner/.m2/repository/org/apache/ranger/ranger-plugins-audit/2.3.0/ranger-plugins-audit-2.3.0.jar:/home/runner/.m2/repository/org/eclipse/jetty/jetty-client/9.4.51.v20230217/jetty-client-9.4.51.v20230217.jar:/home/runner/.m2/repository/org/apache/httpcomponents/httpmime/4.5.6/httpmime-4.5.6.jar:/home/runner/.m2/repository/org/apache/httpcomponents/httpcore-nio/4.4.13/httpcore-nio-4.4.13.jar:/home/runner/.m2/repository/org/apache/httpcomponents/httpasyncclient/4.1.3/httpasyncclient-4.1.3.jar:/home/runner/.m2/repository/com/carrotsearch/hppc/0.8.0/hppc-0.8.0.jar:/home/runner/.m2/repository/org/apache/orc/orc-core/1.5.8/orc-core-1.5.8.jar:/home/runner/.m2/repository/net/java/dev/jna/jna/5.2.0/jna-5.2.0.jar:/home/runner/.m2/repository/net/java/dev/jna/jna-platform/5.2.0/jna-platform-5.2.0.jar:/home/runner/.m2/repository/com/kstruct/gethostname4j/0.0.2/gethostname4j-0.0.2.jar:/home/runner/.m2/repository/org/apache/ranger/ranger-plugin-classloader/2.3.0/ranger-plugin-classloader-2.3.0.jar:/home/runner/.m2/repository/org/apache/ozone/hdds-rocks-native/1.4.0-SNAPSHOT/hdds-rocks-native-1.4.0-SNAPSHOT.jar:/home/runner/.m2/repository/org/apache/hadoop/hadoop-minikdc/3.3.6/hadoop-minikdc-3.3.6.jar:/home/runner/.m2/repository/org/apache/kerby/kerb-simplekdc/1.0.1/kerb-simplekdc-1.0.1.jar:/home/runner/.m2/repository/org/apache/kerby/kerb-client/1.0.1/kerb-client-1.0.1.jar:/home/runner/.m2/repository/org/apache/kerby/kerby-config/1.0.1/kerby-config-1.0.1.jar:/home/runner/.m2/repository/org/apache/kerby/kerb-common/1.0.1/kerb-common-1.0.1.jar:/home/runner/.m2/repository/org/apache/kerby/kerb-crypto/1.0.1/kerb-crypto-1.0.1.jar:/home/runner/.m2/repository/org/apache/kerby/kerb-util/1.0.1/kerb-util-1.0.1.jar:/home/runner/.m2/repository/org/apache/kerby/token-provider/1.0.1/token-provider-1.0.1.jar:/home/runner/.m2/repository/org/apache/kerby/kerb-admin/1.0.1/kerb-admin-1.0.1.jar:/home/runner/.m2/repository/org/apache/kerby/kerb-server/1.0.1/kerb-server-1.0.1.jar:/home/runner/.m2/repository/org/apache/kerby/kerb-identity/1.0.1/kerb-identity-1.0.1.jar:/home/runner/.m2/repository/org/apache/kerby/kerby-xdr/1.0.1/kerby-xdr-1.0.1.jar:/home/runner/.m2/repository/org/apache/ozone/ozone-s3gateway/1.4.0-SNAPSHOT/ozone-s3gateway-1.4.0-SNAPSHOT.jar:/home/runner/.m2/repository/org/javassist/javassist/3.21.0-GA/javassist-3.21.0-GA.jar:/home/runner/.m2/repository/org/jboss/weld/servlet/weld-servlet-shaded/3.1.9.Final/weld-servlet-shaded-3.1.9.Final.jar:/home/runner/.m2/repository/org/glassfish/jersey/containers/jersey-container-servlet-core/2.34/jersey-container-servlet-core-2.34.jar:/home/runner/.m2/repository/org/glassfish/hk2/external/jakarta.inject/2.6.1/jakarta.inject-2.6.1.jar:/home/runner/.m2/repository/org/glassfish/jersey/core/jersey-common/2.34/jersey-common-2.34.jar:/home/runner/.m2/repository/jakarta/ws/rs/jakarta.ws.rs-api/2.1.6/jakarta.ws.rs-api-2.1.6.jar:/home/runner/.m2/repository/org/glassfish/jersey/ext/cdi/jersey-cdi1x/2.34/jersey-cdi1x-2.34.jar:/home/runner/.m2/repository/org/glassfish/jersey/inject/jersey-hk2/2.34/jersey-hk2-2.34.jar:/home/runner/.m2/repository/org/glassfish/hk2/hk2-locator/2.6.1/hk2-locator-2.6.1.jar:/home/runner/.m2/repository/org/glassfish/jersey/media/jersey-media-jaxb/2.34/jersey-media-jaxb-2.34.jar:/home/runner/.m2/repository/org/glassfish/hk2/osgi-resource-locator/1.0.3/osgi-resource-locator-1.0.3.jar:/home/runner/.m2/repository/org/glassfish/hk2/hk2-api/2.5.0/hk2-api-2.5.0.jar:/home/runner/.m2/repository/org/glassfish/hk2/hk2-utils/2.5.0/hk2-utils-2.5.0.jar:/home/runner/.m2/repository/org/glassfish/hk2/external/aopalliance-repackaged/2.5.0/aopalliance-repackaged-2.5.0.jar:/home/runner/.m2/repository/com/fasterxml/jackson/dataformat/jackson-dataformat-xml/2.13.4/jackson-dataformat-xml-2.13.4.jar:/home/runner/.m2/repository/org/codehaus/woodstox/stax2-api/4.2.1/stax2-api-4.2.1.jar:/home/runner/.m2/repository/com/fasterxml/woodstox/woodstox-core/5.4.0/woodstox-core-5.4.0.jar:/home/runner/.m2/repository/com/fasterxml/jackson/module/jackson-module-jaxb-annotations/2.13.4/jackson-module-jaxb-annotations-2.13.4.jar:/home/runner/.m2/repository/jakarta/xml/bind/jakarta.xml.bind-api/2.3.3/jakarta.xml.bind-api-2.3.3.jar:/home/runner/.m2/repository/jakarta/activation/jakarta.activation-api/1.2.2/jakarta.activation-api-1.2.2.jar:/home/runner/.m2/repository/javax/enterprise/cdi-api/2.0/cdi-api-2.0.jar:/home/runner/.m2/repository/javax/el/javax.el-api/3.0.0/javax.el-api-3.0.0.jar:/home/runner/.m2/repository/javax/interceptor/javax.interceptor-api/1.2/javax.interceptor-api-1.2.jar:/home/runner/.m2/repository/javax/inject/javax.inject/1/javax.inject-1.jar:/home/runner/.m2/repository/javax/xml/bind/jaxb-api/2.3.0/jaxb-api-2.3.0.jar:/home/runner/.m2/repository/org/glassfish/jaxb/jaxb-runtime/2.3.0.1/jaxb-runtime-2.3.0.1.jar:/home/runner/.m2/repository/org/glassfish/jaxb/jaxb-core/2.3.0.1/jaxb-core-2.3.0.1.jar:/home/runner/.m2/repository/org/glassfish/jaxb/txw2/2.3.0.1/txw2-2.3.0.1.jar:/home/runner/.m2/repository/com/sun/istack/istack-commons-runtime/3.0.5/istack-commons-runtime-3.0.5.jar:/home/runner/.m2/repository/org/jvnet/staxex/stax-ex/1.7.8/stax-ex-1.7.8.jar:/home/runner/.m2/repository/com/sun/xml/fastinfoset/FastInfoset/1.2.13/FastInfoset-1.2.13.jar:/home/runner/.m2/repository/javax/activation/activation/1.1.1/activation-1.1.1.jar:/home/runner/.m2/repository/io/grpc/grpc-protobuf/1.51.1/grpc-protobuf-1.51.1.jar:/home/runner/.m2/repository/com/google/api/grpc/proto-google-common-protos/2.9.0/proto-google-common-protos-2.9.0.jar:/home/runner/.m2/repository/io/grpc/grpc-protobuf-lite/1.51.1/grpc-protobuf-lite-1.51.1.jar:/home/runner/.m2/repository/io/grpc/grpc-stub/1.51.1/grpc-stub-1.51.1.jar:/home/runner/.m2/repository/io/netty/netty-transport/4.1.86.Final/netty-transport-4.1.86.Final.jar:/home/runner/.m2/repository/io/netty/netty-resolver/4.1.86.Final/netty-resolver-4.1.86.Final.jar:/home/runner/.m2/repository/org/apache/ozone/ozone-csi/1.4.0-SNAPSHOT/ozone-csi-1.4.0-SNAPSHOT.jar:/home/runner/.m2/repository/com/google/protobuf/protobuf-java-util/3.19.6/protobuf-java-util-3.19.6.jar:/home/runner/.m2/repository/com/google/code/gson/gson/2.9.0/gson-2.9.0.jar:/home/runner/.m2/repository/org/apache/ozone/hdds-config/1.4.0-SNAPSHOT/hdds-config-1.4.0-SNAPSHOT.jar:/home/runner/.m2/repository/io/netty/netty-transport-native-epoll/4.1.86.Final/netty-transport-native-epoll-4.1.86.Final-linux-x86_64.jar:/home/runner/.m2/repository/io/netty/netty-transport-classes-epoll/4.1.86.Final/netty-transport-classes-epoll-4.1.86.Final.jar:/home/runner/.m2/repository/io/netty/netty-transport-native-unix-common/4.1.86.Final/netty-transport-native-unix-common-4.1.86.Final.jar:/home/runner/.m2/repository/org/apache/ozone/ozone-recon/1.4.0-SNAPSHOT/ozone-recon-1.4.0-SNAPSHOT.jar:/home/runner/.m2/repository/org/apache/ozone/ozone-reconcodegen/1.4.0-SNAPSHOT/ozone-reconcodegen-1.4.0-SNAPSHOT.jar:/home/runner/.m2/repository/com/google/inject/guice/5.1.0/guice-5.1.0.jar:/home/runner/.m2/repository/aopalliance/aopalliance/1.0/aopalliance-1.0.jar:/home/runner/.m2/repository/com/google/inject/extensions/guice-assistedinject/5.1.0/guice-assistedinject-5.1.0.jar:/home/runner/.m2/repository/com/google/inject/extensions/guice-servlet/5.1.0/guice-servlet-5.1.0.jar:/home/runner/.m2/repository/org/glassfish/jersey/containers/jersey-container-servlet/2.34/jersey-container-servlet-2.34.jar:/home/runner/.m2/repository/org/glassfish/hk2/guice-bridge/2.5.0/guice-bridge-2.5.0.jar:/home/runner/.m2/repository/org/glassfish/jersey/core/jersey-server/2.34/jersey-server-2.34.jar:/home/runner/.m2/repository/org/glassfish/jersey/core/jersey-client/2.34/jersey-client-2.34.jar:/home/runner/.m2/repository/jakarta/annotation/jakarta.annotation-api/1.3.5/jakarta.annotation-api-1.3.5.jar:/home/runner/.m2/repository/jakarta/validation/jakarta.validation-api/2.0.2/jakarta.validation-api-2.0.2.jar:/home/runner/.m2/repository/org/glassfish/jersey/media/jersey-media-json-jackson/2.34/jersey-media-json-jackson-2.34.jar:/home/runner/.m2/repository/org/glassfish/jersey/ext/jersey-entity-filtering/2.34/jersey-entity-filtering-2.34.jar:/home/runner/.m2/repository/org/jooq/jooq/3.11.10/jooq-3.11.10.jar:/home/runner/.m2/repository/org/jooq/jooq-meta/3.11.10/jooq-meta-3.11.10.jar:/home/runner/.m2/repository/org/jooq/jooq-codegen/3.11.10/jooq-codegen-3.11.10.jar:/home/runner/.m2/repository/com/jolbox/bonecp/0.8.0.RELEASE/bonecp-0.8.0.RELEASE.jar:/home/runner/.m2/repository/org/apache/derby/derby/10.14.2.0/derby-10.14.2.0.jar:/home/runner/.m2/repository/org/xerial/sqlite-jdbc/3.41.2.2/sqlite-jdbc-3.41.2.2.jar:/home/runner/.m2/repository/org/springframework/spring-jdbc/5.3.27/spring-jdbc-5.3.27.jar:/home/runner/.m2/repository/org/springframework/spring-beans/5.3.27/spring-beans-5.3.27.jar:/home/runner/.m2/repository/org/springframework/spring-core/5.3.27/spring-core-5.3.27.jar:/home/runner/.m2/repository/org/springframework/spring-tx/5.3.27/spring-tx-5.3.27.jar:/home/runner/.m2/repository/org/apache/ozone/ozone-client/1.4.0-SNAPSHOT/ozone-client-1.4.0-SNAPSHOT.jar:/home/runner/.m2/repository/org/apache/ozone/hdds-erasurecode/1.4.0-SNAPSHOT/hdds-erasurecode-1.4.0-SNAPSHOT.jar:/home/runner/.m2/repository/org/apache/ozone/ozone-filesystem/1.4.0-SNAPSHOT/ozone-filesystem-1.4.0-SNAPSHOT.jar:/home/runner/.m2/repository/org/apache/ozone/ozone-filesystem-common/1.4.0-SNAPSHOT/ozone-filesystem-common-1.4.0-SNAPSHOT.jar:/home/runner/.m2/repository/org/apache/ozone/ozone-tools/1.4.0-SNAPSHOT/ozone-tools-1.4.0-SNAPSHOT.jar:/home/runner/.m2/repository/com/amazonaws/aws-java-sdk-core/1.12.261/aws-java-sdk-core-1.12.261.jar:/home/runner/.m2/repository/org/apache/httpcomponents/httpclient/4.5.13/httpclient-4.5.13.jar:/home/runner/.m2/repository/org/apache/httpcomponents/httpcore/4.4.13/httpcore-4.4.13.jar:/home/runner/.m2/repository/software/amazon/ion/ion-java/1.0.2/ion-java-1.0.2.jar:/home/runner/.m2/repository/com/fasterxml/jackson/dataformat/jackson-dataformat-cbor/2.13.4/jackson-dataformat-cbor-2.13.4.jar:/home/runner/.m2/repository/joda-time/joda-time/2.10.6/joda-time-2.10.6.jar:/home/runner/.m2/repository/com/amazonaws/aws-java-sdk-s3/1.12.261/aws-java-sdk-s3-1.12.261.jar:/home/runner/.m2/repository/com/amazonaws/aws-java-sdk-kms/1.12.261/aws-java-sdk-kms-1.12.261.jar:/home/runner/.m2/repository/com/amazonaws/jmespath-java/1.12.261/jmespath-java-1.12.261.jar:/home/runner/.m2/repository/org/kohsuke/metainf-services/metainf-services/1.8/metainf-services-1.8.jar:/home/runner/.m2/repository/org/apache/ozone/hdds-tools/1.4.0-SNAPSHOT/hdds-tools-1.4.0-SNAPSHOT.jar:/home/runner/.m2/repository/org/apache/ratis/ratis-tools/2.5.1/ratis-tools-2.5.1.jar:/home/runner/.m2/repository/commons-cli/commons-cli/1.2/commons-cli-1.2.jar:/home/runner/.m2/repository/org/apache/commons/commons-lang3/3.7/commons-lang3-3.7.jar:/home/runner/.m2/repository/org/apache/ozone/ozone-manager/1.4.0-SNAPSHOT/ozone-manager-1.4.0-SNAPSHOT-tests.jar:/home/runner/.m2/repository/org/apache/ozone/hdds-common/1.4.0-SNAPSHOT/hdds-common-1.4.0-SNAPSHOT-tests.jar:/home/runner/.m2/repository/org/apache/ozone/hdds-hadoop-dependency-client/1.4.0-SNAPSHOT/hdds-hadoop-dependency-client-1.4.0-SNAPSHOT.jar:/home/runner/.m2/repository/info/picocli/picocli/4.6.1/picocli-4.6.1.jar:/home/runner/.m2/repository/com/fasterxml/jackson/core/jackson-annotations/2.13.4/jackson-annotations-2.13.4.jar:/home/runner/.m2/repository/org/apache/ozone/hdds-annotation-processing/1.4.0-SNAPSHOT/hdds-annotation-processing-1.4.0-SNAPSHOT.jar:/home/runner/.m2/repository/javax/annotation/javax.annotation-api/1.2/javax.annotation-api-1.2.jar:/home/runner/.m2/repository/org/apache/ratis/ratis-netty/2.5.1/ratis-netty-2.5.1.jar:/home/runner/.m2/repository/org/apache/ratis/ratis-grpc/2.5.1/ratis-grpc-2.5.1.jar:/home/runner/.m2/repository/org/apache/commons/commons-pool2/2.6.0/commons-pool2-2.6.0.jar:/home/runner/.m2/repository/org/bouncycastle/bcpkix-jdk15on/1.67/bcpkix-jdk15on-1.67.jar:/home/runner/.m2/repository/commons-validator/commons-validator/1.6/commons-validator-1.6.jar:/home/runner/.m2/repository/commons-beanutils/commons-beanutils/1.9.4/commons-beanutils-1.9.4.jar:/home/runner/.m2/repository/commons-digester/commons-digester/1.8.1/commons-digester-1.8.1.jar:/home/runner/.m2/repository/commons-collections/commons-collections/3.2.2/commons-collections-3.2.2.jar:/home/runner/.m2/repository/io/jaegertracing/jaeger-client/1.6.0/jaeger-client-1.6.0.jar:/home/runner/.m2/repository/io/jaegertracing/jaeger-thrift/1.6.0/jaeger-thrift-1.6.0.jar:/home/runner/.m2/repository/org/apache/thrift/libthrift/0.14.1/libthrift-0.14.1.jar:/home/runner/.m2/repository/io/jaegertracing/jaeger-core/1.6.0/jaeger-core-1.6.0.jar:/home/runner/.m2/repository/io/jaegertracing/jaeger-tracerresolver/1.6.0/jaeger-tracerresolver-1.6.0.jar:/home/runner/.m2/repository/io/opentracing/contrib/opentracing-tracerresolver/0.1.8/opentracing-tracerresolver-0.1.8.jar:/home/runner/.m2/repository/org/jetbrains/kotlin/kotlin-stdlib/1.6.21/kotlin-stdlib-1.6.21.jar:/home/runner/.m2/repository/org/jetbrains/annotations/13.0/annotations-13.0.jar:/home/runner/.m2/repository/io/opentracing/opentracing-util/0.33.0/opentracing-util-0.33.0.jar:/home/runner/.m2/repository/io/opentracing/opentracing-api/0.33.0/opentracing-api-0.33.0.jar:/home/runner/.m2/repository/io/opentracing/opentracing-noop/0.33.0/opentracing-noop-0.33.0.jar:/home/runner/.m2/repository/org/yaml/snakeyaml/2.0/snakeyaml-2.0.jar:/home/runner/.m2/repository/io/grpc/grpc-api/1.51.1/grpc-api-1.51.1.jar:/home/runner/.m2/repository/io/grpc/grpc-context/1.51.1/grpc-context-1.51.1.jar:/home/runner/.m2/repository/junit/junit/4.13.1/junit-4.13.1.jar:/home/runner/.m2/repository/org/hamcrest/hamcrest-core/1.3/hamcrest-core-1.3.jar:/home/runner/.m2/repository/org/junit/jupiter/junit-jupiter-api/5.8.2/junit-jupiter-api-5.8.2.jar:/home/runner/.m2/repository/org/opentest4j/opentest4j/1.2.0/opentest4j-1.2.0.jar:/home/runner/.m2/repository/org/junit/platform/junit-platform-commons/1.8.2/junit-platform-commons-1.8.2.jar:/home/runner/.m2/repository/org/apiguardian/apiguardian-api/1.1.2/apiguardian-api-1.1.2.jar:/home/runner/.m2/repository/org/junit/jupiter/junit-jupiter-params/5.8.2/junit-jupiter-params-5.8.2.jar:/home/runner/.m2/repository/org/junit/jupiter/junit-jupiter-migrationsupport/5.8.2/junit-jupiter-migrationsupport-5.8.2.jar:/home/runner/.m2/repository/org/junit/jupiter/junit-jupiter-engine/5.8.2/junit-jupiter-engine-5.8.2.jar:/home/runner/.m2/repository/org/junit/platform/junit-platform-engine/1.8.2/junit-platform-engine-1.8.2.jar:/home/runner/.m2/repository/org/junit/vintage/junit-vintage-engine/5.8.2/junit-vintage-engine-5.8.2.jar:/home/runner/.m2/repository/org/junit/platform/junit-platform-launcher/1.8.2/junit-platform-launcher-1.8.2.jar:/home/runner/.m2/repository/org/mockito/mockito-core/3.5.9/mockito-core-3.5.9.jar:/home/runner/.m2/repository/net/bytebuddy/byte-buddy/1.10.13/byte-buddy-1.10.13.jar:/home/runner/.m2/repository/net/bytebuddy/byte-buddy-agent/1.10.13/byte-buddy-agent-1.10.13.jar:/home/runner/.m2/repository/org/objenesis/objenesis/1.0/objenesis-1.0.jar:/home/runner/.m2/repository/org/apache/hadoop/hadoop-kms/3.3.6/hadoop-kms-3.3.6.jar:/home/runner/.m2/repository/org/apache/hadoop/hadoop-auth/3.3.6/hadoop-auth-3.3.6.jar:/home/runner/.m2/repository/com/nimbusds/nimbus-jose-jwt/9.8.1/nimbus-jose-jwt-9.8.1.jar:/home/runner/.m2/repository/com/github/stephenc/jcip/jcip-annotations/1.0-1/jcip-annotations-1.0-1.jar:/home/runner/.m2/repository/org/apache/zookeeper/zookeeper/3.5.6/zookeeper-3.5.6.jar:/home/runner/.m2/repository/org/apache/zookeeper/zookeeper-jute/3.5.6/zookeeper-jute-3.5.6.jar:/home/runner/.m2/repository/org/apache/yetus/audience-annotations/0.5.0/audience-annotations-0.5.0.jar:/home/runner/.m2/repository/org/apache/curator/curator-framework/4.2.0/curator-framework-4.2.0.jar:/home/runner/.m2/repository/org/apache/hadoop/thirdparty/hadoop-shaded-guava/1.1.1/hadoop-shaded-guava-1.1.1.jar:/home/runner/.m2/repository/com/sun/jersey/jersey-core/1.19/jersey-core-1.19.jar:/home/runner/.m2/repository/javax/ws/rs/jsr311-api/1.1.1/jsr311-api-1.1.1.jar:/home/runner/.m2/repository/com/sun/jersey/jersey-server/1.19/jersey-server-1.19.jar:/home/runner/.m2/repository/javax/servlet/javax.servlet-api/3.1.0/javax.servlet-api-3.1.0.jar:/home/runner/.m2/repository/org/apache/hadoop/hadoop-common/3.3.6/hadoop-common-3.3.6.jar:/home/runner/.m2/repository/org/apache/commons/commons-math3/3.1.1/commons-math3-3.1.1.jar:/home/runner/.m2/repository/commons-net/commons-net/3.9.0/commons-net-3.9.0.jar:/home/runner/.m2/repository/com/sun/jersey/jersey-servlet/1.19/jersey-servlet-1.19.jar:/home/runner/.m2/repository/com/github/pjfanning/jersey-json/1.20/jersey-json-1.20.jar:/home/runner/.m2/repository/org/codehaus/jettison/jettison/1.1/jettison-1.1.jar:/home/runner/.m2/repository/com/sun/xml/bind/jaxb-impl/2.2.3-1/jaxb-impl-2.2.3-1.jar:/home/runner/.m2/repository/com/google/re2j/re2j/1.1/re2j-1.1.jar:/home/runner/.m2/repository/com/jcraft/jsch/0.1.54/jsch-0.1.54.jar:/home/runner/.m2/repository/org/apache/curator/curator-client/4.2.0/curator-client-4.2.0.jar:/home/runner/.m2/repository/org/apache/curator/curator-recipes/5.2.0/curator-recipes-5.2.0.jar:/home/runner/.m2/repository/org/apache/kerby/kerb-core/1.0.1/kerb-core-1.0.1.jar:/home/runner/.m2/repository/org/apache/kerby/kerby-pkix/1.0.1/kerby-pkix-1.0.1.jar:/home/runner/.m2/repository/org/apache/kerby/kerby-asn1/1.0.1/kerby-asn1-1.0.1.jar:/home/runner/.m2/repository/org/apache/kerby/kerby-util/1.0.1/kerby-util-1.0.1.jar:/home/runner/.m2/repository/dnsjava/dnsjava/2.1.7/dnsjava-2.1.7.jar:/home/runner/.m2/repository/org/xerial/snappy/snappy-java/1.1.8.2/snappy-java-1.1.8.2.jar:/home/runner/.m2/repository/com/fasterxml/jackson/core/jackson-databind/2.13.4.2/jackson-databind-2.13.4.2.jar:/home/runner/.m2/repository/org/apache/hadoop/hadoop-kms/3.3.6/hadoop-kms-3.3.6-tests.jar:/home/runner/.m2/repository/org/apache/ozone/hdds-server-scm/1.4.0-SNAPSHOT/hdds-server-scm-1.4.0-SNAPSHOT-tests.jar:/home/runner/.m2/repository/org/apache/ozone/hdds-container-service/1.4.0-SNAPSHOT/hdds-container-service-1.4.0-SNAPSHOT-tests.jar:/home/runner/.m2/repository/com/github/luben/zstd-jni/1.5.2-5/zstd-jni-1.5.2-5.jar:/home/runner/.m2/repository/commons-codec/commons-codec/1.15/commons-codec-1.15.jar:/home/runner/.m2/repository/io/netty/netty-codec/4.1.86.Final/netty-codec-4.1.86.Final.jar:/home/runner/.m2/repository/io/netty/netty-handler/4.1.86.Final/netty-handler-4.1.86.Final.jar:/home/runner/.m2/repository/org/apache/ozone/hdds-hadoop-dependency-test/1.4.0-SNAPSHOT/hdds-hadoop-dependency-test-1.4.0-SNAPSHOT.jar:/home/runner/.m2/repository/org/apache/hadoop/hadoop-common/3.3.6/hadoop-common-3.3.6-tests.jar:/home/runner/.m2/repository/org/apache/hadoop/hadoop-hdfs/3.3.6/hadoop-hdfs-3.3.6-tests.jar:/home/runner/.m2/repository/org/assertj/assertj-core/3.12.2/assertj-core-3.12.2.jar:/home/runner/.m2/repository/org/apache/hadoop/hadoop-distcp/3.3.6/hadoop-distcp-3.3.6.jar:/home/runner/.m2/repository/org/apache/hadoop/hadoop-mapreduce-client-jobclient/3.3.6/hadoop-mapreduce-client-jobclient-3.3.6.jar:/home/runner/.m2/repository/org/apache/hadoop/hadoop-mapreduce-client-common/3.3.6/hadoop-mapreduce-client-common-3.3.6.jar:/home/runner/.m2/repository/org/apache/hadoop/hadoop-yarn-common/3.3.6/hadoop-yarn-common-3.3.6.jar:/home/runner/.m2/repository/org/apache/hadoop/hadoop-yarn-api/3.3.6/hadoop-yarn-api-3.3.6.jar:/home/runner/.m2/repository/com/sun/jersey/contribs/jersey-guice/1.19/jersey-guice-1.19.jar:/home/runner/.m2/repository/com/fasterxml/jackson/jaxrs/jackson-jaxrs-json-provider/2.13.4/jackson-jaxrs-json-provider-2.13.4.jar:/home/runner/.m2/repository/com/fasterxml/jackson/jaxrs/jackson-jaxrs-base/2.13.4/jackson-jaxrs-base-2.13.4.jar:/home/runner/.m2/repository/org/apache/hadoop/hadoop-yarn-client/3.3.6/hadoop-yarn-client-3.3.6.jar:/home/runner/.m2/repository/org/eclipse/jetty/websocket/websocket-client/9.4.51.v20230217/websocket-client-9.4.51.v20230217.jar:/home/runner/.m2/repository/org/eclipse/jetty/websocket/websocket-common/9.4.51.v20230217/websocket-common-9.4.51.v20230217.jar:/home/runner/.m2/repository/org/eclipse/jetty/websocket/websocket-api/9.4.51.v20230217/websocket-api-9.4.51.v20230217.jar:/home/runner/.m2/repository/org/jline/jline/3.9.0/jline-3.9.0.jar:/home/runner/.m2/repository/org/apache/hadoop/hadoop-mapreduce-client-core/3.3.6/hadoop-mapreduce-client-core-3.3.6.jar:/home/runner/.m2/repository/org/apache/avro/avro/1.7.7/avro-1.7.7.jar:/home/runner/.m2/repository/com/thoughtworks/paranamer/paranamer/2.3/paranamer-2.3.jar:/home/runner/.m2/repository/org/apache/hadoop/hadoop-annotations/3.3.6/hadoop-annotations-3.3.6.jar:/usr/lib/jvm/temurin-8-jdk-amd64/jre/../lib/tools.jar:/home/runner/.m2/repository/io/netty/netty/3.10.6.Final/netty-3.10.6.Final.jar:/home/runner/.m2/repository/org/apache/hadoop/hadoop-distcp/3.3.6/hadoop-distcp-3.3.6-tests.jar:/home/runner/.m2/repository/org/slf4j/jul-to-slf4j/1.7.36/jul-to-slf4j-1.7.36.jar:"/>
    <property name="java.vm.vendor" value="Temurin"/>
    <property name="sun.arch.data.model" value="64"/>
    <property name="jceks.key.serialFilter" value="java.lang.Enum;java.security.KeyRep;java.security.KeyRep$Type;javax.crypto.spec.SecretKeySpec;org.apache.hadoop.crypto.key.JavaKeyStoreProvider$KeyMetadata;!*"/>
    <property name="test.build.dir" value="/home/runner/work/ozone/ozone/hadoop-ozone/integration-test/target/test-dir"/>
    <property name="test.cache.data" value=""/>
    <property name="java.vendor.url" value="https://adoptium.net/"/>
    <property name="user.timezone" value="Etc/UTC"/>
    <property name="os.name" value="Linux"/>
    <property name="java.vm.specification.version" value="1.8"/>
    <property name="test.build.data" value="/home/runner/work/ozone/ozone/hadoop-ozone/integration-test/target/test-dir"/>
    <property name="sun.java.launcher" value="SUN_STANDARD"/>
    <property name="sun.boot.library.path" value="/usr/lib/jvm/temurin-8-jdk-amd64/jre/lib/amd64"/>
    <property name="sun.java.command" value="/home/runner/work/ozone/ozone/hadoop-ozone/integration-test/target/surefire/surefirebooter2056791884327285903.jar /home/runner/work/ozone/ozone/hadoop-ozone/integration-test/target/surefire 2023-07-16T18-22-07_089-jvmRun1 surefire7147057199520236331tmp surefire_288352047843795977716tmp"/>
    <property name="native.lib.tmp.dir" value="/tmp"/>
    <property name="surefire.test.class.path" value="/home/runner/work/ozone/ozone/hadoop-ozone/integration-test/target/test-classes:/home/runner/work/ozone/ozone/hadoop-ozone/integration-test/target/classes:/home/runner/.m2/repository/org/apache/ozone/ozone-common/1.4.0-SNAPSHOT/ozone-common-1.4.0-SNAPSHOT.jar:/home/runner/.m2/repository/io/grpc/grpc-netty/1.51.1/grpc-netty-1.51.1.jar:/home/runner/.m2/repository/io/grpc/grpc-core/1.51.1/grpc-core-1.51.1.jar:/home/runner/.m2/repository/com/google/android/annotations/4.1.1.4/annotations-4.1.1.4.jar:/home/runner/.m2/repository/org/codehaus/mojo/animal-sniffer-annotations/1.21/animal-sniffer-annotations-1.21.jar:/home/runner/.m2/repository/com/google/errorprone/error_prone_annotations/2.2.0/error_prone_annotations-2.2.0.jar:/home/runner/.m2/repository/io/perfmark/perfmark-api/0.25.0/perfmark-api-0.25.0.jar:/home/runner/.m2/repository/io/netty/netty-codec-http2/4.1.86.Final/netty-codec-http2-4.1.86.Final.jar:/home/runner/.m2/repository/io/netty/netty-common/4.1.86.Final/netty-common-4.1.86.Final.jar:/home/runner/.m2/repository/io/netty/netty-buffer/4.1.86.Final/netty-buffer-4.1.86.Final.jar:/home/runner/.m2/repository/io/netty/netty-codec-http/4.1.86.Final/netty-codec-http-4.1.86.Final.jar:/home/runner/.m2/repository/io/netty/netty-handler-proxy/4.1.86.Final/netty-handler-proxy-4.1.86.Final.jar:/home/runner/.m2/repository/io/netty/netty-codec-socks/4.1.86.Final/netty-codec-socks-4.1.86.Final.jar:/home/runner/.m2/repository/io/netty/netty-tcnative-boringssl-static/2.0.54.Final/netty-tcnative-boringssl-static-2.0.54.Final.jar:/home/runner/.m2/repository/io/netty/netty-tcnative-classes/2.0.54.Final/netty-tcnative-classes-2.0.54.Final.jar:/home/runner/.m2/repository/io/netty/netty-tcnative-boringssl-static/2.0.54.Final/netty-tcnative-boringssl-static-2.0.54.Final-linux-x86_64.jar:/home/runner/.m2/repository/io/netty/netty-tcnative-boringssl-static/2.0.54.Final/netty-tcnative-boringssl-static-2.0.54.Final-linux-aarch_64.jar:/home/runner/.m2/repository/io/netty/netty-tcnative-boringssl-static/2.0.54.Final/netty-tcnative-boringssl-static-2.0.54.Final-osx-x86_64.jar:/home/runner/.m2/repository/io/netty/netty-tcnative-boringssl-static/2.0.54.Final/netty-tcnative-boringssl-static-2.0.54.Final-osx-aarch_64.jar:/home/runner/.m2/repository/io/netty/netty-tcnative-boringssl-static/2.0.54.Final/netty-tcnative-boringssl-static-2.0.54.Final-windows-x86_64.jar:/home/runner/.m2/repository/org/apache/commons/commons-compress/1.21/commons-compress-1.21.jar:/home/runner/.m2/repository/org/apache/ozone/hdds-common/1.4.0-SNAPSHOT/hdds-common-1.4.0-SNAPSHOT.jar:/home/runner/.m2/repository/org/apache/ozone/hdds-client/1.4.0-SNAPSHOT/hdds-client-1.4.0-SNAPSHOT.jar:/home/runner/.m2/repository/org/apache/ozone/ozone-interface-client/1.4.0-SNAPSHOT/ozone-interface-client-1.4.0-SNAPSHOT.jar:/home/runner/.m2/repository/org/apache/hadoop/hadoop-hdfs-client/3.3.6/hadoop-hdfs-client-3.3.6.jar:/home/runner/.m2/repository/com/squareup/okhttp3/okhttp/4.9.3/okhttp-4.9.3.jar:/home/runner/.m2/repository/com/squareup/okio/okio/3.4.0/okio-3.4.0.jar:/home/runner/.m2/repository/com/squareup/okio/okio-jvm/3.4.0/okio-jvm-3.4.0.jar:/home/runner/.m2/repository/org/jetbrains/kotlin/kotlin-stdlib-jdk8/1.8.0/kotlin-stdlib-jdk8-1.8.0.jar:/home/runner/.m2/repository/org/jetbrains/kotlin/kotlin-stdlib-jdk7/1.8.0/kotlin-stdlib-jdk7-1.8.0.jar:/home/runner/.m2/repository/org/jetbrains/kotlin/kotlin-stdlib-common/1.6.21/kotlin-stdlib-common-1.6.21.jar:/home/runner/.m2/repository/org/apache/ozone/hdds-test-utils/1.4.0-SNAPSHOT/hdds-test-utils-1.4.0-SNAPSHOT.jar:/home/runner/.m2/repository/com/google/guava/guava/32.0.0-jre/guava-32.0.0-jre.jar:/home/runner/.m2/repository/com/google/guava/failureaccess/1.0.1/failureaccess-1.0.1.jar:/home/runner/.m2/repository/com/google/guava/listenablefuture/9999.0-empty-to-avoid-conflict-with-guava/listenablefuture-9999.0-empty-to-avoid-conflict-with-guava.jar:/home/runner/.m2/repository/com/google/code/findbugs/jsr305/3.0.0/jsr305-3.0.0.jar:/home/runner/.m2/repository/org/checkerframework/checker-qual/3.33.0/checker-qual-3.33.0.jar:/home/runner/.m2/repository/com/google/j2objc/j2objc-annotations/2.8/j2objc-annotations-2.8.jar:/home/runner/.m2/repository/commons-io/commons-io/2.11.0/commons-io-2.11.0.jar:/home/runner/.m2/repository/commons-logging/commons-logging/1.2/commons-logging-1.2.jar:/home/runner/.m2/repository/ch/qos/reload4j/reload4j/1.2.22/reload4j-1.2.22.jar:/home/runner/.m2/repository/org/slf4j/slf4j-api/1.7.36/slf4j-api-1.7.36.jar:/home/runner/.m2/repository/org/apache/logging/log4j/log4j-api/2.17.1/log4j-api-2.17.1.jar:/home/runner/.m2/repository/org/apache/ozone/hdds-server-scm/1.4.0-SNAPSHOT/hdds-server-scm-1.4.0-SNAPSHOT.jar:/home/runner/.m2/repository/org/apache/ozone/hdds-container-service/1.4.0-SNAPSHOT/hdds-container-service-1.4.0-SNAPSHOT.jar:/home/runner/.m2/repository/org/apache/ozone/hdds-hadoop-dependency-server/1.4.0-SNAPSHOT/hdds-hadoop-dependency-server-1.4.0-SNAPSHOT.jar:/home/runner/.m2/repository/org/apache/hadoop/hadoop-hdfs/3.3.6/hadoop-hdfs-3.3.6.jar:/home/runner/.m2/repository/commons-daemon/commons-daemon/1.0.13/commons-daemon-1.0.13.jar:/home/runner/.m2/repository/org/apache/ozone/hdds-server-framework/1.4.0-SNAPSHOT/hdds-server-framework-1.4.0-SNAPSHOT.jar:/home/runner/.m2/repository/io/dropwizard/metrics/metrics-core/3.2.4/metrics-core-3.2.4.jar:/home/runner/.m2/repository/org/apache/commons/commons-text/1.10.0/commons-text-1.10.0.jar:/home/runner/.m2/repository/org/bouncycastle/bcprov-jdk15on/1.67/bcprov-jdk15on-1.67.jar:/home/runner/.m2/repository/com/google/protobuf/protobuf-java/2.5.0/protobuf-java-2.5.0.jar:/home/runner/.m2/repository/org/apache/ozone/hdds-server-framework/1.4.0-SNAPSHOT/hdds-server-framework-1.4.0-SNAPSHOT-tests.jar:/home/runner/.m2/repository/org/apache/ozone/hdds-interface-server/1.4.0-SNAPSHOT/hdds-interface-server-1.4.0-SNAPSHOT.jar:/home/runner/.m2/repository/org/apache/ozone/hdds-interface-admin/1.4.0-SNAPSHOT/hdds-interface-admin-1.4.0-SNAPSHOT.jar:/home/runner/.m2/repository/org/apache/ozone/hdds-managed-rocksdb/1.4.0-SNAPSHOT/hdds-managed-rocksdb-1.4.0-SNAPSHOT.jar:/home/runner/.m2/repository/org/rocksdb/rocksdbjni/7.7.3/rocksdbjni-7.7.3.jar:/home/runner/.m2/repository/org/slf4j/slf4j-reload4j/1.7.36/slf4j-reload4j-1.7.36.jar:/home/runner/.m2/repository/org/apache/commons/commons-configuration2/2.1.1/commons-configuration2-2.1.1.jar:/home/runner/.m2/repository/commons-fileupload/commons-fileupload/1.5/commons-fileupload-1.5.jar:/home/runner/.m2/repository/org/apache/logging/log4j/log4j-core/2.17.1/log4j-core-2.17.1.jar:/home/runner/.m2/repository/com/lmax/disruptor/3.4.2/disruptor-3.4.2.jar:/home/runner/.m2/repository/org/eclipse/jetty/jetty-util/9.4.51.v20230217/jetty-util-9.4.51.v20230217.jar:/home/runner/.m2/repository/org/eclipse/jetty/jetty-server/9.4.51.v20230217/jetty-server-9.4.51.v20230217.jar:/home/runner/.m2/repository/org/eclipse/jetty/jetty-http/9.4.51.v20230217/jetty-http-9.4.51.v20230217.jar:/home/runner/.m2/repository/org/eclipse/jetty/jetty-io/9.4.51.v20230217/jetty-io-9.4.51.v20230217.jar:/home/runner/.m2/repository/org/eclipse/jetty/jetty-servlet/9.4.51.v20230217/jetty-servlet-9.4.51.v20230217.jar:/home/runner/.m2/repository/org/eclipse/jetty/jetty-security/9.4.51.v20230217/jetty-security-9.4.51.v20230217.jar:/home/runner/.m2/repository/org/eclipse/jetty/jetty-util-ajax/9.4.51.v20230217/jetty-util-ajax-9.4.51.v20230217.jar:/home/runner/.m2/repository/org/eclipse/jetty/jetty-webapp/9.4.51.v20230217/jetty-webapp-9.4.51.v20230217.jar:/home/runner/.m2/repository/org/eclipse/jetty/jetty-xml/9.4.51.v20230217/jetty-xml-9.4.51.v20230217.jar:/home/runner/.m2/repository/org/apache/ratis/ratis-server/2.5.1/ratis-server-2.5.1.jar:/home/runner/.m2/repository/org/apache/ratis/ratis-thirdparty-misc/1.0.4/ratis-thirdparty-misc-1.0.4.jar:/home/runner/.m2/repository/org/apache/ratis/ratis-proto/2.5.1/ratis-proto-2.5.1.jar:/home/runner/.m2/repository/org/apache/ratis/ratis-common/2.5.1/ratis-common-2.5.1.jar:/home/runner/.m2/repository/org/apache/ratis/ratis-client/2.5.1/ratis-client-2.5.1.jar:/home/runner/.m2/repository/org/apache/ratis/ratis-server-api/2.5.1/ratis-server-api-2.5.1.jar:/home/runner/.m2/repository/org/apache/ratis/ratis-metrics/2.5.1/ratis-metrics-2.5.1.jar:/home/runner/.m2/repository/io/prometheus/simpleclient_dropwizard/0.7.0/simpleclient_dropwizard-0.7.0.jar:/home/runner/.m2/repository/io/prometheus/simpleclient/0.7.0/simpleclient-0.7.0.jar:/home/runner/.m2/repository/io/prometheus/simpleclient_common/0.7.0/simpleclient_common-0.7.0.jar:/home/runner/.m2/repository/com/fasterxml/jackson/datatype/jackson-datatype-jsr310/2.13.4/jackson-datatype-jsr310-2.13.4.jar:/home/runner/.m2/repository/com/fasterxml/jackson/core/jackson-core/2.13.4/jackson-core-2.13.4.jar:/home/runner/.m2/repository/com/github/spotbugs/spotbugs-annotations/3.1.12/spotbugs-annotations-3.1.12.jar:/home/runner/.m2/repository/org/apache/ozone/rocksdb-checkpoint-differ/1.4.0-SNAPSHOT/rocksdb-checkpoint-differ-1.4.0-SNAPSHOT.jar:/home/runner/.m2/repository/org/jgrapht/jgrapht-core/1.0.1/jgrapht-core-1.0.1.jar:/home/runner/.m2/repository/org/jgrapht/jgrapht-ext/1.0.1/jgrapht-ext-1.0.1.jar:/home/runner/.m2/repository/org/tinyjee/jgraphx/jgraphx/2.0.0.1/jgraphx-2.0.0.1.jar:/home/runner/.m2/repository/jgraph/jgraph/5.13.0.0/jgraph-5.13.0.0.jar:/home/runner/.m2/repository/org/antlr/antlr4-runtime/4.5.3/antlr4-runtime-4.5.3.jar:/home/runner/.m2/repository/org/awaitility/awaitility/4.2.0/awaitility-4.2.0.jar:/home/runner/.m2/repository/org/hamcrest/hamcrest/2.1/hamcrest-2.1.jar:/home/runner/.m2/repository/org/apache/ozone/ozone-manager/1.4.0-SNAPSHOT/ozone-manager-1.4.0-SNAPSHOT.jar:/home/runner/.m2/repository/org/aspectj/aspectjrt/1.9.7/aspectjrt-1.9.7.jar:/home/runner/.m2/repository/org/aspectj/aspectjweaver/1.9.7/aspectjweaver-1.9.7.jar:/home/runner/.m2/repository/org/apache/ozone/hdds-interface-client/1.4.0-SNAPSHOT/hdds-interface-client-1.4.0-SNAPSHOT.jar:/home/runner/.m2/repository/org/apache/hadoop/thirdparty/hadoop-shaded-protobuf_3_7/1.1.1/hadoop-shaded-protobuf_3_7-1.1.1.jar:/home/runner/.m2/repository/org/apache/ozone/ozone-interface-storage/1.4.0-SNAPSHOT/ozone-interface-storage-1.4.0-SNAPSHOT.jar:/home/runner/.m2/repository/org/reflections/reflections/0.9.11/reflections-0.9.11.jar:/home/runner/.m2/repository/com/sun/jersey/jersey-client/1.19/jersey-client-1.19.jar:/home/runner/.m2/repository/org/codehaus/jackson/jackson-core-asl/1.9.13/jackson-core-asl-1.9.13.jar:/home/runner/.m2/repository/org/codehaus/jackson/jackson-mapper-asl/1.9.13/jackson-mapper-asl-1.9.13.jar:/home/runner/.m2/repository/org/codehaus/jackson/jackson-jaxrs/1.9.13/jackson-jaxrs-1.9.13.jar:/home/runner/.m2/repository/org/apache/ranger/ranger-intg/2.3.0/ranger-intg-2.3.0.jar:/home/runner/.m2/repository/org/apache/ranger/ranger-plugins-common/2.3.0/ranger-plugins-common-2.3.0.jar:/home/runner/.m2/repository/commons-lang/commons-lang/2.6/commons-lang-2.6.jar:/home/runner/.m2/repository/org/apache/ranger/ranger-plugins-cred/2.3.0/ranger-plugins-cred-2.3.0.jar:/home/runner/.m2/repository/org/apache/ranger/ranger-plugins-audit/2.3.0/ranger-plugins-audit-2.3.0.jar:/home/runner/.m2/repository/org/eclipse/jetty/jetty-client/9.4.51.v20230217/jetty-client-9.4.51.v20230217.jar:/home/runner/.m2/repository/org/apache/httpcomponents/httpmime/4.5.6/httpmime-4.5.6.jar:/home/runner/.m2/repository/org/apache/httpcomponents/httpcore-nio/4.4.13/httpcore-nio-4.4.13.jar:/home/runner/.m2/repository/org/apache/httpcomponents/httpasyncclient/4.1.3/httpasyncclient-4.1.3.jar:/home/runner/.m2/repository/com/carrotsearch/hppc/0.8.0/hppc-0.8.0.jar:/home/runner/.m2/repository/org/apache/orc/orc-core/1.5.8/orc-core-1.5.8.jar:/home/runner/.m2/repository/net/java/dev/jna/jna/5.2.0/jna-5.2.0.jar:/home/runner/.m2/repository/net/java/dev/jna/jna-platform/5.2.0/jna-platform-5.2.0.jar:/home/runner/.m2/repository/com/kstruct/gethostname4j/0.0.2/gethostname4j-0.0.2.jar:/home/runner/.m2/repository/org/apache/ranger/ranger-plugin-classloader/2.3.0/ranger-plugin-classloader-2.3.0.jar:/home/runner/.m2/repository/org/apache/ozone/hdds-rocks-native/1.4.0-SNAPSHOT/hdds-rocks-native-1.4.0-SNAPSHOT.jar:/home/runner/.m2/repository/org/apache/hadoop/hadoop-minikdc/3.3.6/hadoop-minikdc-3.3.6.jar:/home/runner/.m2/repository/org/apache/kerby/kerb-simplekdc/1.0.1/kerb-simplekdc-1.0.1.jar:/home/runner/.m2/repository/org/apache/kerby/kerb-client/1.0.1/kerb-client-1.0.1.jar:/home/runner/.m2/repository/org/apache/kerby/kerby-config/1.0.1/kerby-config-1.0.1.jar:/home/runner/.m2/repository/org/apache/kerby/kerb-common/1.0.1/kerb-common-1.0.1.jar:/home/runner/.m2/repository/org/apache/kerby/kerb-crypto/1.0.1/kerb-crypto-1.0.1.jar:/home/runner/.m2/repository/org/apache/kerby/kerb-util/1.0.1/kerb-util-1.0.1.jar:/home/runner/.m2/repository/org/apache/kerby/token-provider/1.0.1/token-provider-1.0.1.jar:/home/runner/.m2/repository/org/apache/kerby/kerb-admin/1.0.1/kerb-admin-1.0.1.jar:/home/runner/.m2/repository/org/apache/kerby/kerb-server/1.0.1/kerb-server-1.0.1.jar:/home/runner/.m2/repository/org/apache/kerby/kerb-identity/1.0.1/kerb-identity-1.0.1.jar:/home/runner/.m2/repository/org/apache/kerby/kerby-xdr/1.0.1/kerby-xdr-1.0.1.jar:/home/runner/.m2/repository/org/apache/ozone/ozone-s3gateway/1.4.0-SNAPSHOT/ozone-s3gateway-1.4.0-SNAPSHOT.jar:/home/runner/.m2/repository/org/javassist/javassist/3.21.0-GA/javassist-3.21.0-GA.jar:/home/runner/.m2/repository/org/jboss/weld/servlet/weld-servlet-shaded/3.1.9.Final/weld-servlet-shaded-3.1.9.Final.jar:/home/runner/.m2/repository/org/glassfish/jersey/containers/jersey-container-servlet-core/2.34/jersey-container-servlet-core-2.34.jar:/home/runner/.m2/repository/org/glassfish/hk2/external/jakarta.inject/2.6.1/jakarta.inject-2.6.1.jar:/home/runner/.m2/repository/org/glassfish/jersey/core/jersey-common/2.34/jersey-common-2.34.jar:/home/runner/.m2/repository/jakarta/ws/rs/jakarta.ws.rs-api/2.1.6/jakarta.ws.rs-api-2.1.6.jar:/home/runner/.m2/repository/org/glassfish/jersey/ext/cdi/jersey-cdi1x/2.34/jersey-cdi1x-2.34.jar:/home/runner/.m2/repository/org/glassfish/jersey/inject/jersey-hk2/2.34/jersey-hk2-2.34.jar:/home/runner/.m2/repository/org/glassfish/hk2/hk2-locator/2.6.1/hk2-locator-2.6.1.jar:/home/runner/.m2/repository/org/glassfish/jersey/media/jersey-media-jaxb/2.34/jersey-media-jaxb-2.34.jar:/home/runner/.m2/repository/org/glassfish/hk2/osgi-resource-locator/1.0.3/osgi-resource-locator-1.0.3.jar:/home/runner/.m2/repository/org/glassfish/hk2/hk2-api/2.5.0/hk2-api-2.5.0.jar:/home/runner/.m2/repository/org/glassfish/hk2/hk2-utils/2.5.0/hk2-utils-2.5.0.jar:/home/runner/.m2/repository/org/glassfish/hk2/external/aopalliance-repackaged/2.5.0/aopalliance-repackaged-2.5.0.jar:/home/runner/.m2/repository/com/fasterxml/jackson/dataformat/jackson-dataformat-xml/2.13.4/jackson-dataformat-xml-2.13.4.jar:/home/runner/.m2/repository/org/codehaus/woodstox/stax2-api/4.2.1/stax2-api-4.2.1.jar:/home/runner/.m2/repository/com/fasterxml/woodstox/woodstox-core/5.4.0/woodstox-core-5.4.0.jar:/home/runner/.m2/repository/com/fasterxml/jackson/module/jackson-module-jaxb-annotations/2.13.4/jackson-module-jaxb-annotations-2.13.4.jar:/home/runner/.m2/repository/jakarta/xml/bind/jakarta.xml.bind-api/2.3.3/jakarta.xml.bind-api-2.3.3.jar:/home/runner/.m2/repository/jakarta/activation/jakarta.activation-api/1.2.2/jakarta.activation-api-1.2.2.jar:/home/runner/.m2/repository/javax/enterprise/cdi-api/2.0/cdi-api-2.0.jar:/home/runner/.m2/repository/javax/el/javax.el-api/3.0.0/javax.el-api-3.0.0.jar:/home/runner/.m2/repository/javax/interceptor/javax.interceptor-api/1.2/javax.interceptor-api-1.2.jar:/home/runner/.m2/repository/javax/inject/javax.inject/1/javax.inject-1.jar:/home/runner/.m2/repository/javax/xml/bind/jaxb-api/2.3.0/jaxb-api-2.3.0.jar:/home/runner/.m2/repository/org/glassfish/jaxb/jaxb-runtime/2.3.0.1/jaxb-runtime-2.3.0.1.jar:/home/runner/.m2/repository/org/glassfish/jaxb/jaxb-core/2.3.0.1/jaxb-core-2.3.0.1.jar:/home/runner/.m2/repository/org/glassfish/jaxb/txw2/2.3.0.1/txw2-2.3.0.1.jar:/home/runner/.m2/repository/com/sun/istack/istack-commons-runtime/3.0.5/istack-commons-runtime-3.0.5.jar:/home/runner/.m2/repository/org/jvnet/staxex/stax-ex/1.7.8/stax-ex-1.7.8.jar:/home/runner/.m2/repository/com/sun/xml/fastinfoset/FastInfoset/1.2.13/FastInfoset-1.2.13.jar:/home/runner/.m2/repository/javax/activation/activation/1.1.1/activation-1.1.1.jar:/home/runner/.m2/repository/io/grpc/grpc-protobuf/1.51.1/grpc-protobuf-1.51.1.jar:/home/runner/.m2/repository/com/google/api/grpc/proto-google-common-protos/2.9.0/proto-google-common-protos-2.9.0.jar:/home/runner/.m2/repository/io/grpc/grpc-protobuf-lite/1.51.1/grpc-protobuf-lite-1.51.1.jar:/home/runner/.m2/repository/io/grpc/grpc-stub/1.51.1/grpc-stub-1.51.1.jar:/home/runner/.m2/repository/io/netty/netty-transport/4.1.86.Final/netty-transport-4.1.86.Final.jar:/home/runner/.m2/repository/io/netty/netty-resolver/4.1.86.Final/netty-resolver-4.1.86.Final.jar:/home/runner/.m2/repository/org/apache/ozone/ozone-csi/1.4.0-SNAPSHOT/ozone-csi-1.4.0-SNAPSHOT.jar:/home/runner/.m2/repository/com/google/protobuf/protobuf-java-util/3.19.6/protobuf-java-util-3.19.6.jar:/home/runner/.m2/repository/com/google/code/gson/gson/2.9.0/gson-2.9.0.jar:/home/runner/.m2/repository/org/apache/ozone/hdds-config/1.4.0-SNAPSHOT/hdds-config-1.4.0-SNAPSHOT.jar:/home/runner/.m2/repository/io/netty/netty-transport-native-epoll/4.1.86.Final/netty-transport-native-epoll-4.1.86.Final-linux-x86_64.jar:/home/runner/.m2/repository/io/netty/netty-transport-classes-epoll/4.1.86.Final/netty-transport-classes-epoll-4.1.86.Final.jar:/home/runner/.m2/repository/io/netty/netty-transport-native-unix-common/4.1.86.Final/netty-transport-native-unix-common-4.1.86.Final.jar:/home/runner/.m2/repository/org/apache/ozone/ozone-recon/1.4.0-SNAPSHOT/ozone-recon-1.4.0-SNAPSHOT.jar:/home/runner/.m2/repository/org/apache/ozone/ozone-reconcodegen/1.4.0-SNAPSHOT/ozone-reconcodegen-1.4.0-SNAPSHOT.jar:/home/runner/.m2/repository/com/google/inject/guice/5.1.0/guice-5.1.0.jar:/home/runner/.m2/repository/aopalliance/aopalliance/1.0/aopalliance-1.0.jar:/home/runner/.m2/repository/com/google/inject/extensions/guice-assistedinject/5.1.0/guice-assistedinject-5.1.0.jar:/home/runner/.m2/repository/com/google/inject/extensions/guice-servlet/5.1.0/guice-servlet-5.1.0.jar:/home/runner/.m2/repository/org/glassfish/jersey/containers/jersey-container-servlet/2.34/jersey-container-servlet-2.34.jar:/home/runner/.m2/repository/org/glassfish/hk2/guice-bridge/2.5.0/guice-bridge-2.5.0.jar:/home/runner/.m2/repository/org/glassfish/jersey/core/jersey-server/2.34/jersey-server-2.34.jar:/home/runner/.m2/repository/org/glassfish/jersey/core/jersey-client/2.34/jersey-client-2.34.jar:/home/runner/.m2/repository/jakarta/annotation/jakarta.annotation-api/1.3.5/jakarta.annotation-api-1.3.5.jar:/home/runner/.m2/repository/jakarta/validation/jakarta.validation-api/2.0.2/jakarta.validation-api-2.0.2.jar:/home/runner/.m2/repository/org/glassfish/jersey/media/jersey-media-json-jackson/2.34/jersey-media-json-jackson-2.34.jar:/home/runner/.m2/repository/org/glassfish/jersey/ext/jersey-entity-filtering/2.34/jersey-entity-filtering-2.34.jar:/home/runner/.m2/repository/org/jooq/jooq/3.11.10/jooq-3.11.10.jar:/home/runner/.m2/repository/org/jooq/jooq-meta/3.11.10/jooq-meta-3.11.10.jar:/home/runner/.m2/repository/org/jooq/jooq-codegen/3.11.10/jooq-codegen-3.11.10.jar:/home/runner/.m2/repository/com/jolbox/bonecp/0.8.0.RELEASE/bonecp-0.8.0.RELEASE.jar:/home/runner/.m2/repository/org/apache/derby/derby/10.14.2.0/derby-10.14.2.0.jar:/home/runner/.m2/repository/org/xerial/sqlite-jdbc/3.41.2.2/sqlite-jdbc-3.41.2.2.jar:/home/runner/.m2/repository/org/springframework/spring-jdbc/5.3.27/spring-jdbc-5.3.27.jar:/home/runner/.m2/repository/org/springframework/spring-beans/5.3.27/spring-beans-5.3.27.jar:/home/runner/.m2/repository/org/springframework/spring-core/5.3.27/spring-core-5.3.27.jar:/home/runner/.m2/repository/org/springframework/spring-tx/5.3.27/spring-tx-5.3.27.jar:/home/runner/.m2/repository/org/apache/ozone/ozone-client/1.4.0-SNAPSHOT/ozone-client-1.4.0-SNAPSHOT.jar:/home/runner/.m2/repository/org/apache/ozone/hdds-erasurecode/1.4.0-SNAPSHOT/hdds-erasurecode-1.4.0-SNAPSHOT.jar:/home/runner/.m2/repository/org/apache/ozone/ozone-filesystem/1.4.0-SNAPSHOT/ozone-filesystem-1.4.0-SNAPSHOT.jar:/home/runner/.m2/repository/org/apache/ozone/ozone-filesystem-common/1.4.0-SNAPSHOT/ozone-filesystem-common-1.4.0-SNAPSHOT.jar:/home/runner/.m2/repository/org/apache/ozone/ozone-tools/1.4.0-SNAPSHOT/ozone-tools-1.4.0-SNAPSHOT.jar:/home/runner/.m2/repository/com/amazonaws/aws-java-sdk-core/1.12.261/aws-java-sdk-core-1.12.261.jar:/home/runner/.m2/repository/org/apache/httpcomponents/httpclient/4.5.13/httpclient-4.5.13.jar:/home/runner/.m2/repository/org/apache/httpcomponents/httpcore/4.4.13/httpcore-4.4.13.jar:/home/runner/.m2/repository/software/amazon/ion/ion-java/1.0.2/ion-java-1.0.2.jar:/home/runner/.m2/repository/com/fasterxml/jackson/dataformat/jackson-dataformat-cbor/2.13.4/jackson-dataformat-cbor-2.13.4.jar:/home/runner/.m2/repository/joda-time/joda-time/2.10.6/joda-time-2.10.6.jar:/home/runner/.m2/repository/com/amazonaws/aws-java-sdk-s3/1.12.261/aws-java-sdk-s3-1.12.261.jar:/home/runner/.m2/repository/com/amazonaws/aws-java-sdk-kms/1.12.261/aws-java-sdk-kms-1.12.261.jar:/home/runner/.m2/repository/com/amazonaws/jmespath-java/1.12.261/jmespath-java-1.12.261.jar:/home/runner/.m2/repository/org/kohsuke/metainf-services/metainf-services/1.8/metainf-services-1.8.jar:/home/runner/.m2/repository/org/apache/ozone/hdds-tools/1.4.0-SNAPSHOT/hdds-tools-1.4.0-SNAPSHOT.jar:/home/runner/.m2/repository/org/apache/ratis/ratis-tools/2.5.1/ratis-tools-2.5.1.jar:/home/runner/.m2/repository/commons-cli/commons-cli/1.2/commons-cli-1.2.jar:/home/runner/.m2/repository/org/apache/commons/commons-lang3/3.7/commons-lang3-3.7.jar:/home/runner/.m2/repository/org/apache/ozone/ozone-manager/1.4.0-SNAPSHOT/ozone-manager-1.4.0-SNAPSHOT-tests.jar:/home/runner/.m2/repository/org/apache/ozone/hdds-common/1.4.0-SNAPSHOT/hdds-common-1.4.0-SNAPSHOT-tests.jar:/home/runner/.m2/repository/org/apache/ozone/hdds-hadoop-dependency-client/1.4.0-SNAPSHOT/hdds-hadoop-dependency-client-1.4.0-SNAPSHOT.jar:/home/runner/.m2/repository/info/picocli/picocli/4.6.1/picocli-4.6.1.jar:/home/runner/.m2/repository/com/fasterxml/jackson/core/jackson-annotations/2.13.4/jackson-annotations-2.13.4.jar:/home/runner/.m2/repository/org/apache/ozone/hdds-annotation-processing/1.4.0-SNAPSHOT/hdds-annotation-processing-1.4.0-SNAPSHOT.jar:/home/runner/.m2/repository/javax/annotation/javax.annotation-api/1.2/javax.annotation-api-1.2.jar:/home/runner/.m2/repository/org/apache/ratis/ratis-netty/2.5.1/ratis-netty-2.5.1.jar:/home/runner/.m2/repository/org/apache/ratis/ratis-grpc/2.5.1/ratis-grpc-2.5.1.jar:/home/runner/.m2/repository/org/apache/commons/commons-pool2/2.6.0/commons-pool2-2.6.0.jar:/home/runner/.m2/repository/org/bouncycastle/bcpkix-jdk15on/1.67/bcpkix-jdk15on-1.67.jar:/home/runner/.m2/repository/commons-validator/commons-validator/1.6/commons-validator-1.6.jar:/home/runner/.m2/repository/commons-beanutils/commons-beanutils/1.9.4/commons-beanutils-1.9.4.jar:/home/runner/.m2/repository/commons-digester/commons-digester/1.8.1/commons-digester-1.8.1.jar:/home/runner/.m2/repository/commons-collections/commons-collections/3.2.2/commons-collections-3.2.2.jar:/home/runner/.m2/repository/io/jaegertracing/jaeger-client/1.6.0/jaeger-client-1.6.0.jar:/home/runner/.m2/repository/io/jaegertracing/jaeger-thrift/1.6.0/jaeger-thrift-1.6.0.jar:/home/runner/.m2/repository/org/apache/thrift/libthrift/0.14.1/libthrift-0.14.1.jar:/home/runner/.m2/repository/io/jaegertracing/jaeger-core/1.6.0/jaeger-core-1.6.0.jar:/home/runner/.m2/repository/io/jaegertracing/jaeger-tracerresolver/1.6.0/jaeger-tracerresolver-1.6.0.jar:/home/runner/.m2/repository/io/opentracing/contrib/opentracing-tracerresolver/0.1.8/opentracing-tracerresolver-0.1.8.jar:/home/runner/.m2/repository/org/jetbrains/kotlin/kotlin-stdlib/1.6.21/kotlin-stdlib-1.6.21.jar:/home/runner/.m2/repository/org/jetbrains/annotations/13.0/annotations-13.0.jar:/home/runner/.m2/repository/io/opentracing/opentracing-util/0.33.0/opentracing-util-0.33.0.jar:/home/runner/.m2/repository/io/opentracing/opentracing-api/0.33.0/opentracing-api-0.33.0.jar:/home/runner/.m2/repository/io/opentracing/opentracing-noop/0.33.0/opentracing-noop-0.33.0.jar:/home/runner/.m2/repository/org/yaml/snakeyaml/2.0/snakeyaml-2.0.jar:/home/runner/.m2/repository/io/grpc/grpc-api/1.51.1/grpc-api-1.51.1.jar:/home/runner/.m2/repository/io/grpc/grpc-context/1.51.1/grpc-context-1.51.1.jar:/home/runner/.m2/repository/junit/junit/4.13.1/junit-4.13.1.jar:/home/runner/.m2/repository/org/hamcrest/hamcrest-core/1.3/hamcrest-core-1.3.jar:/home/runner/.m2/repository/org/junit/jupiter/junit-jupiter-api/5.8.2/junit-jupiter-api-5.8.2.jar:/home/runner/.m2/repository/org/opentest4j/opentest4j/1.2.0/opentest4j-1.2.0.jar:/home/runner/.m2/repository/org/junit/platform/junit-platform-commons/1.8.2/junit-platform-commons-1.8.2.jar:/home/runner/.m2/repository/org/apiguardian/apiguardian-api/1.1.2/apiguardian-api-1.1.2.jar:/home/runner/.m2/repository/org/junit/jupiter/junit-jupiter-params/5.8.2/junit-jupiter-params-5.8.2.jar:/home/runner/.m2/repository/org/junit/jupiter/junit-jupiter-migrationsupport/5.8.2/junit-jupiter-migrationsupport-5.8.2.jar:/home/runner/.m2/repository/org/junit/jupiter/junit-jupiter-engine/5.8.2/junit-jupiter-engine-5.8.2.jar:/home/runner/.m2/repository/org/junit/platform/junit-platform-engine/1.8.2/junit-platform-engine-1.8.2.jar:/home/runner/.m2/repository/org/junit/vintage/junit-vintage-engine/5.8.2/junit-vintage-engine-5.8.2.jar:/home/runner/.m2/repository/org/junit/platform/junit-platform-launcher/1.8.2/junit-platform-launcher-1.8.2.jar:/home/runner/.m2/repository/org/mockito/mockito-core/3.5.9/mockito-core-3.5.9.jar:/home/runner/.m2/repository/net/bytebuddy/byte-buddy/1.10.13/byte-buddy-1.10.13.jar:/home/runner/.m2/repository/net/bytebuddy/byte-buddy-agent/1.10.13/byte-buddy-agent-1.10.13.jar:/home/runner/.m2/repository/org/objenesis/objenesis/1.0/objenesis-1.0.jar:/home/runner/.m2/repository/org/apache/hadoop/hadoop-kms/3.3.6/hadoop-kms-3.3.6.jar:/home/runner/.m2/repository/org/apache/hadoop/hadoop-auth/3.3.6/hadoop-auth-3.3.6.jar:/home/runner/.m2/repository/com/nimbusds/nimbus-jose-jwt/9.8.1/nimbus-jose-jwt-9.8.1.jar:/home/runner/.m2/repository/com/github/stephenc/jcip/jcip-annotations/1.0-1/jcip-annotations-1.0-1.jar:/home/runner/.m2/repository/org/apache/zookeeper/zookeeper/3.5.6/zookeeper-3.5.6.jar:/home/runner/.m2/repository/org/apache/zookeeper/zookeeper-jute/3.5.6/zookeeper-jute-3.5.6.jar:/home/runner/.m2/repository/org/apache/yetus/audience-annotations/0.5.0/audience-annotations-0.5.0.jar:/home/runner/.m2/repository/org/apache/curator/curator-framework/4.2.0/curator-framework-4.2.0.jar:/home/runner/.m2/repository/org/apache/hadoop/thirdparty/hadoop-shaded-guava/1.1.1/hadoop-shaded-guava-1.1.1.jar:/home/runner/.m2/repository/com/sun/jersey/jersey-core/1.19/jersey-core-1.19.jar:/home/runner/.m2/repository/javax/ws/rs/jsr311-api/1.1.1/jsr311-api-1.1.1.jar:/home/runner/.m2/repository/com/sun/jersey/jersey-server/1.19/jersey-server-1.19.jar:/home/runner/.m2/repository/javax/servlet/javax.servlet-api/3.1.0/javax.servlet-api-3.1.0.jar:/home/runner/.m2/repository/org/apache/hadoop/hadoop-common/3.3.6/hadoop-common-3.3.6.jar:/home/runner/.m2/repository/org/apache/commons/commons-math3/3.1.1/commons-math3-3.1.1.jar:/home/runner/.m2/repository/commons-net/commons-net/3.9.0/commons-net-3.9.0.jar:/home/runner/.m2/repository/com/sun/jersey/jersey-servlet/1.19/jersey-servlet-1.19.jar:/home/runner/.m2/repository/com/github/pjfanning/jersey-json/1.20/jersey-json-1.20.jar:/home/runner/.m2/repository/org/codehaus/jettison/jettison/1.1/jettison-1.1.jar:/home/runner/.m2/repository/com/sun/xml/bind/jaxb-impl/2.2.3-1/jaxb-impl-2.2.3-1.jar:/home/runner/.m2/repository/com/google/re2j/re2j/1.1/re2j-1.1.jar:/home/runner/.m2/repository/com/jcraft/jsch/0.1.54/jsch-0.1.54.jar:/home/runner/.m2/repository/org/apache/curator/curator-client/4.2.0/curator-client-4.2.0.jar:/home/runner/.m2/repository/org/apache/curator/curator-recipes/5.2.0/curator-recipes-5.2.0.jar:/home/runner/.m2/repository/org/apache/kerby/kerb-core/1.0.1/kerb-core-1.0.1.jar:/home/runner/.m2/repository/org/apache/kerby/kerby-pkix/1.0.1/kerby-pkix-1.0.1.jar:/home/runner/.m2/repository/org/apache/kerby/kerby-asn1/1.0.1/kerby-asn1-1.0.1.jar:/home/runner/.m2/repository/org/apache/kerby/kerby-util/1.0.1/kerby-util-1.0.1.jar:/home/runner/.m2/repository/dnsjava/dnsjava/2.1.7/dnsjava-2.1.7.jar:/home/runner/.m2/repository/org/xerial/snappy/snappy-java/1.1.8.2/snappy-java-1.1.8.2.jar:/home/runner/.m2/repository/com/fasterxml/jackson/core/jackson-databind/2.13.4.2/jackson-databind-2.13.4.2.jar:/home/runner/.m2/repository/org/apache/hadoop/hadoop-kms/3.3.6/hadoop-kms-3.3.6-tests.jar:/home/runner/.m2/repository/org/apache/ozone/hdds-server-scm/1.4.0-SNAPSHOT/hdds-server-scm-1.4.0-SNAPSHOT-tests.jar:/home/runner/.m2/repository/org/apache/ozone/hdds-container-service/1.4.0-SNAPSHOT/hdds-container-service-1.4.0-SNAPSHOT-tests.jar:/home/runner/.m2/repository/com/github/luben/zstd-jni/1.5.2-5/zstd-jni-1.5.2-5.jar:/home/runner/.m2/repository/commons-codec/commons-codec/1.15/commons-codec-1.15.jar:/home/runner/.m2/repository/io/netty/netty-codec/4.1.86.Final/netty-codec-4.1.86.Final.jar:/home/runner/.m2/repository/io/netty/netty-handler/4.1.86.Final/netty-handler-4.1.86.Final.jar:/home/runner/.m2/repository/org/apache/ozone/hdds-hadoop-dependency-test/1.4.0-SNAPSHOT/hdds-hadoop-dependency-test-1.4.0-SNAPSHOT.jar:/home/runner/.m2/repository/org/apache/hadoop/hadoop-common/3.3.6/hadoop-common-3.3.6-tests.jar:/home/runner/.m2/repository/org/apache/hadoop/hadoop-hdfs/3.3.6/hadoop-hdfs-3.3.6-tests.jar:/home/runner/.m2/repository/org/assertj/assertj-core/3.12.2/assertj-core-3.12.2.jar:/home/runner/.m2/repository/org/apache/hadoop/hadoop-distcp/3.3.6/hadoop-distcp-3.3.6.jar:/home/runner/.m2/repository/org/apache/hadoop/hadoop-mapreduce-client-jobclient/3.3.6/hadoop-mapreduce-client-jobclient-3.3.6.jar:/home/runner/.m2/repository/org/apache/hadoop/hadoop-mapreduce-client-common/3.3.6/hadoop-mapreduce-client-common-3.3.6.jar:/home/runner/.m2/repository/org/apache/hadoop/hadoop-yarn-common/3.3.6/hadoop-yarn-common-3.3.6.jar:/home/runner/.m2/repository/org/apache/hadoop/hadoop-yarn-api/3.3.6/hadoop-yarn-api-3.3.6.jar:/home/runner/.m2/repository/com/sun/jersey/contribs/jersey-guice/1.19/jersey-guice-1.19.jar:/home/runner/.m2/repository/com/fasterxml/jackson/jaxrs/jackson-jaxrs-json-provider/2.13.4/jackson-jaxrs-json-provider-2.13.4.jar:/home/runner/.m2/repository/com/fasterxml/jackson/jaxrs/jackson-jaxrs-base/2.13.4/jackson-jaxrs-base-2.13.4.jar:/home/runner/.m2/repository/org/apache/hadoop/hadoop-yarn-client/3.3.6/hadoop-yarn-client-3.3.6.jar:/home/runner/.m2/repository/org/eclipse/jetty/websocket/websocket-client/9.4.51.v20230217/websocket-client-9.4.51.v20230217.jar:/home/runner/.m2/repository/org/eclipse/jetty/websocket/websocket-common/9.4.51.v20230217/websocket-common-9.4.51.v20230217.jar:/home/runner/.m2/repository/org/eclipse/jetty/websocket/websocket-api/9.4.51.v20230217/websocket-api-9.4.51.v20230217.jar:/home/runner/.m2/repository/org/jline/jline/3.9.0/jline-3.9.0.jar:/home/runner/.m2/repository/org/apache/hadoop/hadoop-mapreduce-client-core/3.3.6/hadoop-mapreduce-client-core-3.3.6.jar:/home/runner/.m2/repository/org/apache/avro/avro/1.7.7/avro-1.7.7.jar:/home/runner/.m2/repository/com/thoughtworks/paranamer/paranamer/2.3/paranamer-2.3.jar:/home/runner/.m2/repository/org/apache/hadoop/hadoop-annotations/3.3.6/hadoop-annotations-3.3.6.jar:/usr/lib/jvm/temurin-8-jdk-amd64/jre/../lib/tools.jar:/home/runner/.m2/repository/io/netty/netty/3.10.6.Final/netty-3.10.6.Final.jar:/home/runner/.m2/repository/org/apache/hadoop/hadoop-distcp/3.3.6/hadoop-distcp-3.3.6-tests.jar:/home/runner/.m2/repository/org/slf4j/jul-to-slf4j/1.7.36/jul-to-slf4j-1.7.36.jar:"/>
    <property name="sun.cpu.endian" value="little"/>
    <property name="user.home" value="/home/runner"/>
    <property name="user.language" value="en"/>
    <property name="java.specification.vendor" value="Oracle Corporation"/>
    <property name="java.home" value="/usr/lib/jvm/temurin-8-jdk-amd64/jre"/>
    <property name="java.security.krb5.conf" value="/home/runner/work/ozone/ozone/hadoop-ozone/integration-test/target/test-classes/krb5.conf"/>
    <property name="file.separator" value="/"/>
    <property name="basedir" value="/home/runner/work/ozone/ozone/hadoop-ozone/integration-test"/>
    <property name="line.separator" value="&#10;"/>
    <property name="java.vm.specification.vendor" value="Oracle Corporation"/>
    <property name="java.specification.name" value="Java Platform API Specification"/>
    <property name="skip.installnpx" value="true"/>
    <property name="java.awt.graphicsenv" value="sun.awt.X11GraphicsEnvironment"/>
    <property name="surefire.real.class.path" value="/home/runner/work/ozone/ozone/hadoop-ozone/integration-test/target/surefire/surefirebooter2056791884327285903.jar:/home/runner/.m2/repository/org/jacoco/org.jacoco.agent/0.8.5/org.jacoco.agent-0.8.5-runtime.jar"/>
    <property name="sun.boot.class.path" value="/usr/lib/jvm/temurin-8-jdk-amd64/jre/lib/resources.jar:/usr/lib/jvm/temurin-8-jdk-amd64/jre/lib/rt.jar:/usr/lib/jvm/temurin-8-jdk-amd64/jre/lib/sunrsasign.jar:/usr/lib/jvm/temurin-8-jdk-amd64/jre/lib/jsse.jar:/usr/lib/jvm/temurin-8-jdk-amd64/jre/lib/jce.jar:/usr/lib/jvm/temurin-8-jdk-amd64/jre/lib/charsets.jar:/usr/lib/jvm/temurin-8-jdk-amd64/jre/lib/jfr.jar:/usr/lib/jvm/temurin-8-jdk-amd64/jre/classes"/>
    <property name="hadoop.log.dir" value="/home/runner/work/ozone/ozone/hadoop-ozone/integration-test/target/log"/>
    <property name="sun.management.compiler" value="HotSpot 64-Bit Tiered Compilers"/>
    <property name="java.runtime.version" value="1.8.0_372-b07"/>
    <property name="skip.npx" value="true"/>
    <property name="user.name" value="runner"/>
    <property name="java.net.preferIPv4Stack" value="true"/>
    <property name="path.separator" value=":"/>
    <property name="java.security.egd" value="file:///dev/urandom"/>
    <property name="os.version" value="5.15.0-1041-azure"/>
    <property name="java.endorsed.dirs" value="/usr/lib/jvm/temurin-8-jdk-amd64/jre/lib/endorsed"/>
    <property name="java.runtime.name" value="OpenJDK Runtime Environment"/>
    <property name="file.encoding" value="UTF-8"/>
    <property name="java.vm.name" value="OpenJDK 64-Bit Server VM"/>
    <property name="test.build.webapps" value=""/>
    <property name="log4j1.compatibility" value="true"/>
    <property name="localRepository" value="/home/runner/.m2/repository"/>
    <property name="jetty.git.hash" value="b45c405e4544384de066f814ed42ae3dceacdd49"/>
    <property name="java.vendor.url.bug" value="https://github.com/adoptium/adoptium-support/issues"/>
    <property name="require.test.libhadoop" value=""/>
    <property name="java.io.tmpdir" value="/tmp"/>
    <property name="java.version" value="1.8.0_372"/>
    <property name="user.dir" value="/home/runner/work/ozone/ozone/hadoop-ozone/integration-test"/>
    <property name="os.arch" value="amd64"/>
    <property name="test.build.classes" value="/home/runner/work/ozone/ozone/hadoop-ozone/integration-test/target/test-classes"/>
    <property name="java.vm.specification.name" value="Java Virtual Machine Specification"/>
    <property name="java.awt.printerjob" value="sun.print.PSPrinterJob"/>
    <property name="sun.os.patch.level" value="unknown"/>
    <property name="org.apache.ratis.thirdparty.io.netty.allocator.useCacheForAllThreads" value="false"/>
    <property name="hadoop.tmp.dir" value="/home/runner/work/ozone/ozone/hadoop-ozone/integration-test/target/tmp"/>
    <property name="java.library.path" value="/usr/java/packages/lib/amd64:/usr/lib64:/lib64:/lib:/usr/lib"/>
    <property name="java.vendor" value="Temurin"/>
    <property name="java.vm.info" value="mixed mode"/>
    <property name="java.vm.version" value="25.372-b07"/>
    <property name="java.specification.maintenance.version" value="4"/>
    <property name="sun.io.unicode.encoding" value="UnicodeLittle"/>
    <property name="java.ext.dirs" value="/usr/lib/jvm/temurin-8-jdk-amd64/jre/lib/ext:/usr/java/packages/lib/ext"/>
    <property name="java.class.version" value="52.0"/>
    <property name="kms.config.dir" value="/home/runner/work/ozone/ozone/hadoop-ozone/integration-test/target/test-dir/TestSecureOzoneRpcClient/46eacb9a-0f2f-43d1-b2e4-810645a42f48"/>
  </properties>
  <testcase name="testPutKeyWithEncryption" classname="TestOzoneAtRestEncryption" time="1.654">
    <system-out><![CDATA[2023-07-16 18:56:54,444 [main] INFO  util.log (Log.java:initialized(170)) - Logging initialized @1616ms to org.eclipse.jetty.util.log.Slf4jLog
2023-07-16 18:56:54,603 [main] INFO  http.HttpRequestLog (HttpRequestLog.java:getRequestLog(82)) - Http request log for http.requests.kms is not defined
2023-07-16 18:56:54,653 [main] INFO  http.HttpServer2 (HttpServer2.java:addGlobalFilter(1124)) - Added global filter 'safety' (class=org.apache.hadoop.http.HttpServer2$QuotingInputFilter)
2023-07-16 18:56:54,655 [main] INFO  http.HttpServer2 (HttpServer2.java:addFilter(1097)) - Added filter static_user_filter (class=org.apache.hadoop.http.lib.StaticUserWebFilter$StaticUserFilter) to context kms
2023-07-16 18:56:54,655 [main] INFO  http.HttpServer2 (HttpServer2.java:addFilter(1107)) - Added filter static_user_filter (class=org.apache.hadoop.http.lib.StaticUserWebFilter$StaticUserFilter) to context static
2023-07-16 18:56:54,656 [main] INFO  http.HttpServer2 (HttpServer2.java:addFilter(1107)) - Added filter static_user_filter (class=org.apache.hadoop.http.lib.StaticUserWebFilter$StaticUserFilter) to context logs
2023-07-16 18:56:54,692 [main] INFO  http.HttpServer2 (HttpServer2.java:bindListener(1357)) - Jetty bound to port 34289
2023-07-16 18:56:54,693 [main] INFO  server.Server (Server.java:doStart(375)) - jetty-9.4.51.v20230217; built: 2023-02-17T08:19:37.309Z; git: b45c405e4544384de066f814ed42ae3dceacdd49; jvm 1.8.0_372-b07
2023-07-16 18:56:54,718 [main] INFO  server.session (DefaultSessionIdManager.java:doStart(334)) - DefaultSessionIdManager workerName=node0
2023-07-16 18:56:54,718 [main] INFO  server.session (DefaultSessionIdManager.java:doStart(339)) - No SessionScavenger set, using defaults
2023-07-16 18:56:54,719 [main] INFO  server.session (HouseKeeper.java:startScavenging(132)) - node0 Scavenging every 600000ms
2023-07-16 18:56:54,734 [main] INFO  handler.ContextHandler (ContextHandler.java:doStart(921)) - Started o.e.j.s.ServletContextHandler@58496c97{logs,/logs,file:///home/runner/work/ozone/ozone/hadoop-ozone/integration-test/target/log,AVAILABLE}
2023-07-16 18:56:54,736 [main] INFO  handler.ContextHandler (ContextHandler.java:doStart(921)) - Started o.e.j.s.ServletContextHandler@12968227{static,/static,jar:file:/home/runner/.m2/repository/org/apache/hadoop/hadoop-kms/3.3.6/hadoop-kms-3.3.6.jar!/webapps/static,AVAILABLE}
2023-07-16 18:56:54,841 [main] INFO  server.KMSWebApp (KMSWebApp.java:contextInitialized(94)) - -------------------------------------------------------------
2023-07-16 18:56:54,841 [main] INFO  server.KMSWebApp (KMSWebApp.java:contextInitialized(95)) -   Java runtime version : 1.8.0_372-b07
2023-07-16 18:56:54,841 [main] INFO  server.KMSWebApp (KMSWebApp.java:contextInitialized(97)) -   User: runner
2023-07-16 18:56:54,845 [main] INFO  server.KMSWebApp (KMSWebApp.java:contextInitialized(98)) -   KMS Hadoop Version: 3.3.6
2023-07-16 18:56:54,846 [main] INFO  server.KMSWebApp (KMSWebApp.java:contextInitialized(99)) - -------------------------------------------------------------
2023-07-16 18:56:54,857 [main] INFO  server.KMSACLs (KMSACLs.java:setKMSACLs(107)) - 'CREATE' ACL '*'
2023-07-16 18:56:54,857 [main] INFO  server.KMSACLs (KMSACLs.java:setKMSACLs(107)) - 'DELETE' ACL '*'
2023-07-16 18:56:54,857 [main] INFO  server.KMSACLs (KMSACLs.java:setKMSACLs(107)) - 'ROLLOVER' ACL '*'
2023-07-16 18:56:54,857 [main] INFO  server.KMSACLs (KMSACLs.java:setKMSACLs(107)) - 'GET' ACL '*'
2023-07-16 18:56:54,858 [main] INFO  server.KMSACLs (KMSACLs.java:setKMSACLs(107)) - 'GET_KEYS' ACL '*'
2023-07-16 18:56:54,858 [main] INFO  server.KMSACLs (KMSACLs.java:setKMSACLs(107)) - 'GET_METADATA' ACL '*'
2023-07-16 18:56:54,858 [main] INFO  server.KMSACLs (KMSACLs.java:setKMSACLs(107)) - 'SET_KEY_MATERIAL' ACL '*'
2023-07-16 18:56:54,858 [main] INFO  server.KMSACLs (KMSACLs.java:setKMSACLs(107)) - 'GENERATE_EEK' ACL '*'
2023-07-16 18:56:54,859 [main] INFO  server.KMSACLs (KMSACLs.java:setKMSACLs(107)) - 'DECRYPT_EEK' ACL '*'
2023-07-16 18:56:54,859 [main] INFO  server.KMSACLs (KMSACLs.java:parseAclsWithPrefix(185)) - default.key.acl. for KEY_OP 'READ' is set to '*'
2023-07-16 18:56:54,860 [main] INFO  server.KMSACLs (KMSACLs.java:parseAclsWithPrefix(185)) - default.key.acl. for KEY_OP 'MANAGEMENT' is set to '*'
2023-07-16 18:56:54,860 [main] INFO  server.KMSACLs (KMSACLs.java:parseAclsWithPrefix(185)) - default.key.acl. for KEY_OP 'GENERATE_EEK' is set to '*'
2023-07-16 18:56:54,860 [main] INFO  server.KMSACLs (KMSACLs.java:parseAclsWithPrefix(185)) - default.key.acl. for KEY_OP 'DECRYPT_EEK' is set to '*'
2023-07-16 18:56:54,938 [main] INFO  server.KMSAudit (KMSAudit.java:initializeAuditLoggers(157)) - Initializing audit logger class org.apache.hadoop.crypto.key.kms.server.SimpleKMSAuditLogger
2023-07-16 18:56:55,120 [main] INFO  server.KMSWebApp (KMSWebApp.java:contextInitialized(149)) - Initialized KeyProvider CachingKeyProvider: jceks://file@/home/runner/work/ozone/ozone/hadoop-ozone/integration-test/target/test-dir/TestSecureOzoneRpcClient/46eacb9a-0f2f-43d1-b2e4-810645a42f48/kms.keystore
2023-07-16 18:56:55,128 [main] INFO  server.KMSWebApp (KMSWebApp.java:contextInitialized(163)) - Initialized KeyProviderCryptoExtension org.apache.hadoop.crypto.key.kms.server.KeyAuthorizationKeyProvider: EagerKeyGeneratorKeyProviderCryptoExtension: KeyProviderCryptoExtension: CachingKeyProvider: jceks://file@/home/runner/work/ozone/ozone/hadoop-ozone/integration-test/target/test-dir/TestSecureOzoneRpcClient/46eacb9a-0f2f-43d1-b2e4-810645a42f48/kms.keystore
2023-07-16 18:56:55,129 [main] INFO  server.KMSWebApp (KMSWebApp.java:contextInitialized(168)) - Default key bitlength is 128
2023-07-16 18:56:55,129 [main] INFO  server.KMSWebApp (KMSWebApp.java:contextInitialized(169)) - KMS Started
2023-07-16 18:56:55,172 [main] INFO  delegation.AbstractDelegationTokenSecretManager (AbstractDelegationTokenSecretManager.java:updateCurrentKey(415)) - Updating the current master key for generating delegation tokens
2023-07-16 18:56:55,175 [Thread[Thread-14,5,main]] INFO  delegation.AbstractDelegationTokenSecretManager (AbstractDelegationTokenSecretManager.java:run(797)) - Starting expired delegation token remover thread, tokenRemoverScanInterval=60 min(s)
2023-07-16 18:56:55,175 [Thread[Thread-14,5,main]] INFO  delegation.AbstractDelegationTokenSecretManager (AbstractDelegationTokenSecretManager.java:updateCurrentKey(415)) - Updating the current master key for generating delegation tokens
2023-07-16 18:56:55,227 [main] INFO  core.PackagesResourceConfig (PackagesResourceConfig.java:init(101)) - Scanning for root resource and provider classes in the packages:
  org.apache.hadoop.crypto.key.kms.server
2023-07-16 18:56:55,271 [main] INFO  core.ScanningResourceConfig (ScanningResourceConfig.java:logClasses(153)) - Root resource classes found:
  class org.apache.hadoop.crypto.key.kms.server.KMS
2023-07-16 18:56:55,271 [main] INFO  core.ScanningResourceConfig (ScanningResourceConfig.java:logClasses(153)) - Provider classes found:
  class org.apache.hadoop.crypto.key.kms.server.KMSJSONReader
  class org.apache.hadoop.crypto.key.kms.server.KMSJSONWriter
  class org.apache.hadoop.crypto.key.kms.server.KMSExceptionsProvider
2023-07-16 18:56:55,399 [main] INFO  application.WebApplicationImpl (WebApplicationImpl.java:_initiate(815)) - Initiating Jersey application, version 'Jersey: 1.19 02/11/2015 03:25 AM'
2023-07-16 18:56:56,193 [main] INFO  handler.ContextHandler (ContextHandler.java:doStart(921)) - Started o.e.j.w.WebAppContext@33d7765a{kms,/,file:///home/runner/work/ozone/ozone/hadoop-ozone/integration-test/target/tmp/kms/webapp/,AVAILABLE}{jar:file:/home/runner/.m2/repository/org/apache/hadoop/hadoop-kms/3.3.6/hadoop-kms-3.3.6.jar!/webapps/kms}
2023-07-16 18:56:56,202 [main] INFO  server.AbstractConnector (AbstractConnector.java:doStart(333)) - Started ServerConnector@fb6097b{HTTP/1.1, (http/1.1)}{localhost:34289}
2023-07-16 18:56:56,203 [main] INFO  server.Server (Server.java:doStart(415)) - Started @3376ms
2023-07-16 18:56:56,251 [main] WARN  impl.MetricsConfig (MetricsConfig.java:loadFirst(136)) - Cannot locate configuration: tried hadoop-metrics2-kms.properties,hadoop-metrics2.properties
2023-07-16 18:56:56,324 [main] INFO  impl.MetricsSystemImpl (MetricsSystemImpl.java:startTimer(378)) - Scheduled Metric snapshot period at 10 second(s).
2023-07-16 18:56:56,325 [main] INFO  impl.MetricsSystemImpl (MetricsSystemImpl.java:start(191)) - KMS metrics system started
2023-07-16 18:56:56,354 [org.apache.hadoop.util.JvmPauseMonitor$Monitor@5cfed0ba] INFO  util.JvmPauseMonitor (JvmPauseMonitor.java:run(188)) - Starting JVM pause monitor
2023-07-16 18:56:56,597 [main] INFO  audit.AuditLogger (AuditLogger.java:refreshDebugCmdSet(126)) - Refresh DebugCmdSet for OMAudit to [].
2023-07-16 18:56:57,725 [main] INFO  utils.SelfSignedCertificate (SelfSignedCertificate.java:generateCertificate(157)) - Certificate 1 is issued by CN=rootCA@localhost,OU=scm1,O=cluster1 to CN=rootCA@localhost,OU=scm1,O=cluster1, valid from Sun Jul 16 18:56:57 UTC 2023 to Wed Aug 23 18:56:57 UTC 2028
2023-07-16 18:56:57,779 [main] INFO  ssl.ReloadingX509KeyManager (ReloadingX509KeyManager.java:loadKeyManager(222)) - Key manager is loaded with certificate chain
2023-07-16 18:56:57,781 [main] INFO  ssl.ReloadingX509KeyManager (ReloadingX509KeyManager.java:loadKeyManager(224)) - [
[
  Version: V3
  Subject: O=cluster1, OU=scm1, CN=localhost
  Signature Algorithm: SHA256withRSA, OID = 1.2.840.113549.1.1.11

  Key:  Sun RSA public key, 2048 bits
  params: null
  modulus: 25383460421066418218065336287257652102650244836074254853416139330881382704611781431731173684220134282260296342993538075772018211968382727998044403154352636945221421668961412307293054983744366583075007646057812216375735335434311979118414383520241975628782369684771736993452310332361693311375574780469299427100017736745848142356340447304636843139846322705742659042625697622294593320597455949201743564129307100326075385692800200532107615750589483523128669972620551131619220720986655873289280711661821134324362610588093225708357134460338958389794302309962636248477451402998997586249771761338940199302033197477897661415871
  public exponent: 65537
  Validity: [From: Sun Jul 16 18:56:57 UTC 2023,
               To: Mon Jul 15 18:56:57 UTC 2024]
  Issuer: O=cluster1, OU=scm1, CN=rootCA@localhost
  SerialNumber: [    02dce294 b740]

Certificate Extensions: 1
[1]: ObjectId: 2.5.29.15 Criticality=true
KeyUsage [
  DigitalSignature
  Key_Encipherment
  Data_Encipherment
  Key_Agreement
]

]
  Algorithm: [SHA256withRSA]
  Signature:
0000: 10 B6 C5 05 36 62 2F 22   09 02 C9 EA C9 A6 D2 6E  ....6b/".......n
0010: 9D 22 02 9A 90 49 CA 17   A7 2A B7 88 92 08 D0 B0  ."...I...*......
0020: 8E 6A 7C 07 1E F3 34 AB   E6 01 75 7C 15 C0 06 C5  .j....4...u.....
0030: FB 35 B5 A7 7A EC 9B 00   EA F7 BC 62 E5 31 47 AC  .5..z......b.1G.
0040: 89 D4 CC C2 DD 28 BF A6   A2 1A A6 6C 21 67 EC C7  .....(.....l!g..
0050: F7 64 F1 FB 2B 15 F6 51   B5 DB B3 7C 1F 42 67 B0  .d..+..Q.....Bg.
0060: 91 F0 89 F0 1D 2C 6E 79   D5 0E 13 73 10 7F 2E 69  .....,ny...s...i
0070: E1 FD 9F B4 B6 27 05 0A   81 46 8F ED 68 F7 70 EF  .....'...F..h.p.
0080: 1D 6D BB 77 6D 2D 45 F6   DD 2D 13 FB 8A CA 6A EE  .m.wm-E..-....j.
0090: 96 7A 51 24 BA 54 31 72   0E 1B 72 13 15 2E 47 EE  .zQ$.T1r..r...G.
00A0: 22 20 7D 34 C5 66 A3 07   C7 05 BC 80 F3 57 3C DC  " .4.f.......W<.
00B0: 67 A7 3B C8 C4 C2 55 53   33 CB 96 42 9B BE 6D F9  g.;...US3..B..m.
00C0: 7B 99 D3 F8 10 B6 2F CA   80 85 69 CF 39 A3 1F 9B  ....../...i.9...
00D0: 35 85 9D 8A D4 A4 50 16   E1 22 31 58 93 08 C6 4D  5.....P.."1X...M
00E0: 08 2B D3 34 80 9A E2 FE   75 41 43 60 59 3B 27 29  .+.4....uAC`Y;')
00F0: FE 6D 0B 3D DA F9 A6 92   B9 94 DD AE 8F 29 A2 71  .m.=.........).q

]
2023-07-16 18:56:57,782 [main] INFO  ssl.ReloadingX509KeyManager (ReloadingX509KeyManager.java:loadKeyManager(224)) - [
[
  Version: V3
  Subject: O=cluster1, OU=scm1, CN=rootCA@localhost
  Signature Algorithm: SHA256withRSA, OID = 1.2.840.113549.1.1.11

  Key:  Sun RSA public key, 2048 bits
  params: null
  modulus: 22686306507152966622915985111698506361966920013790020611438795800722093426298628426070282072659238422473720371785547770856630616409127959935288622706904164237319093318714788500482058873714165972159686106590123106580248074874905888823283958724503237028297775299084410081555354253505433852236508997530218832579403739802026756106199050347147850567620566836844822898185930593582234243902223008960839085030382113248712687353611036167144058106577932868870708367487873360614735135800970589835608198677648083881574942035052641015095901365067646907449526991236069724470712184683726115478249806904338680186327384988032721881341
  public exponent: 65537
  Validity: [From: Sun Jul 16 18:56:57 UTC 2023,
               To: Wed Aug 23 18:56:57 UTC 2028]
  Issuer: O=cluster1, OU=scm1, CN=rootCA@localhost
  SerialNumber: [    01]

Certificate Extensions: 2
[1]: ObjectId: 2.5.29.19 Criticality=true
BasicConstraints:[
  CA:true
  PathLen:2147483647
]

[2]: ObjectId: 2.5.29.15 Criticality=true
KeyUsage [
  Key_CertSign
  Crl_Sign
]

]
  Algorithm: [SHA256withRSA]
  Signature:
0000: 44 7A 33 B8 AC 66 E4 65   0F 7F 2A 6C BE 56 A8 38  Dz3..f.e..*l.V.8
0010: F5 99 B1 0A A5 2F D7 CF   AF A1 D7 27 04 A4 11 1F  ...../.....'....
0020: 40 D4 26 FC A3 64 D7 58   52 E8 40 2C CA 99 35 FF  @.&..d.XR.@,..5.
0030: CD 15 75 25 E8 FD 10 00   F7 1C 7A 90 F2 5F 3A 52  ..u%......z.._:R
0040: 9D FA 6E C9 4A 0F 91 4B   BF 4A BE EF 20 92 F0 42  ..n.J..K.J.. ..B
0050: B0 1D 4E 16 4C DA 90 07   36 7C FB E7 E8 BF 6D 8A  ..N.L...6.....m.
0060: 24 50 A0 FE 48 62 5D 27   17 F1 0F EF CD 80 FD B4  $P..Hb]'........
0070: 38 D5 0F 13 17 DE 68 1A   B7 C7 A4 8F A9 01 FC D1  8.....h.........
0080: D7 D8 0E 2D 1A 02 FC 47   7C 1F F6 7B 6A 34 50 58  ...-...G....j4PX
0090: 13 48 08 92 BC 94 F7 DA   09 65 78 45 66 E2 2F 3F  .H.......exEf./?
00A0: D2 A1 AA 3D 73 AE E3 95   96 7D FF D7 8F 99 ED A7  ...=s...........
00B0: F1 2A 6D 69 EE C0 D2 C8   F7 D2 C8 A7 FF 7F 87 76  .*mi...........v
00C0: 43 08 37 F6 C3 0D DA 6F   E5 9F 90 0A 7C 8F B3 88  C.7....o........
00D0: 96 38 1B CA 0A 09 F8 00   8A 38 3C 52 A6 B8 D6 E4  .8.......8<R....
00E0: A1 34 D2 A1 E9 27 93 92   51 37 65 65 2E F4 C4 3C  .4...'..Q7ee...<
00F0: B3 2E 3E 99 1E A9 32 E7   80 08 D2 71 3C 41 11 9B  ..>...2....q<A..

]
2023-07-16 18:56:57,785 [main] INFO  ssl.ReloadingX509TrustManager (ReloadingX509TrustManager.java:insertCertsToKeystore(188)) - Trust manager is loaded with certificates
2023-07-16 18:56:57,786 [main] INFO  ssl.ReloadingX509TrustManager (ReloadingX509TrustManager.java:insertCertsToKeystore(192)) - [
[
  Version: V3
  Subject: O=cluster1, OU=scm1, CN=rootCA@localhost
  Signature Algorithm: SHA256withRSA, OID = 1.2.840.113549.1.1.11

  Key:  Sun RSA public key, 2048 bits
  params: null
  modulus: 22686306507152966622915985111698506361966920013790020611438795800722093426298628426070282072659238422473720371785547770856630616409127959935288622706904164237319093318714788500482058873714165972159686106590123106580248074874905888823283958724503237028297775299084410081555354253505433852236508997530218832579403739802026756106199050347147850567620566836844822898185930593582234243902223008960839085030382113248712687353611036167144058106577932868870708367487873360614735135800970589835608198677648083881574942035052641015095901365067646907449526991236069724470712184683726115478249806904338680186327384988032721881341
  public exponent: 65537
  Validity: [From: Sun Jul 16 18:56:57 UTC 2023,
               To: Wed Aug 23 18:56:57 UTC 2028]
  Issuer: O=cluster1, OU=scm1, CN=rootCA@localhost
  SerialNumber: [    01]

Certificate Extensions: 2
[1]: ObjectId: 2.5.29.19 Criticality=true
BasicConstraints:[
  CA:true
  PathLen:2147483647
]

[2]: ObjectId: 2.5.29.15 Criticality=true
KeyUsage [
  Key_CertSign
  Crl_Sign
]

]
  Algorithm: [SHA256withRSA]
  Signature:
0000: 44 7A 33 B8 AC 66 E4 65   0F 7F 2A 6C BE 56 A8 38  Dz3..f.e..*l.V.8
0010: F5 99 B1 0A A5 2F D7 CF   AF A1 D7 27 04 A4 11 1F  ...../.....'....
0020: 40 D4 26 FC A3 64 D7 58   52 E8 40 2C CA 99 35 FF  @.&..d.XR.@,..5.
0030: CD 15 75 25 E8 FD 10 00   F7 1C 7A 90 F2 5F 3A 52  ..u%......z.._:R
0040: 9D FA 6E C9 4A 0F 91 4B   BF 4A BE EF 20 92 F0 42  ..n.J..K.J.. ..B
0050: B0 1D 4E 16 4C DA 90 07   36 7C FB E7 E8 BF 6D 8A  ..N.L...6.....m.
0060: 24 50 A0 FE 48 62 5D 27   17 F1 0F EF CD 80 FD B4  $P..Hb]'........
0070: 38 D5 0F 13 17 DE 68 1A   B7 C7 A4 8F A9 01 FC D1  8.....h.........
0080: D7 D8 0E 2D 1A 02 FC 47   7C 1F F6 7B 6A 34 50 58  ...-...G....j4PX
0090: 13 48 08 92 BC 94 F7 DA   09 65 78 45 66 E2 2F 3F  .H.......exEf./?
00A0: D2 A1 AA 3D 73 AE E3 95   96 7D FF D7 8F 99 ED A7  ...=s...........
00B0: F1 2A 6D 69 EE C0 D2 C8   F7 D2 C8 A7 FF 7F 87 76  .*mi...........v
00C0: 43 08 37 F6 C3 0D DA 6F   E5 9F 90 0A 7C 8F B3 88  C.7....o........
00D0: 96 38 1B CA 0A 09 F8 00   8A 38 3C 52 A6 B8 D6 E4  .8.......8<R....
00E0: A1 34 D2 A1 E9 27 93 92   51 37 65 65 2E F4 C4 3C  .4...'..Q7ee...<
00F0: B3 2E 3E 99 1E A9 32 E7   80 08 D2 71 3C 41 11 9B  ..>...2....q<A..

]
2023-07-16 18:56:57,788 [main] INFO  ssl.ReloadingX509KeyManager (ReloadingX509KeyManager.java:loadKeyManager(222)) - Key manager is loaded with certificate chain
2023-07-16 18:56:57,788 [main] INFO  ssl.ReloadingX509KeyManager (ReloadingX509KeyManager.java:loadKeyManager(224)) - [
[
  Version: V3
  Subject: O=cluster1, OU=scm1, CN=localhost
  Signature Algorithm: SHA256withRSA, OID = 1.2.840.113549.1.1.11

  Key:  Sun RSA public key, 2048 bits
  params: null
  modulus: 25383460421066418218065336287257652102650244836074254853416139330881382704611781431731173684220134282260296342993538075772018211968382727998044403154352636945221421668961412307293054983744366583075007646057812216375735335434311979118414383520241975628782369684771736993452310332361693311375574780469299427100017736745848142356340447304636843139846322705742659042625697622294593320597455949201743564129307100326075385692800200532107615750589483523128669972620551131619220720986655873289280711661821134324362610588093225708357134460338958389794302309962636248477451402998997586249771761338940199302033197477897661415871
  public exponent: 65537
  Validity: [From: Sun Jul 16 18:56:57 UTC 2023,
               To: Mon Jul 15 18:56:57 UTC 2024]
  Issuer: O=cluster1, OU=scm1, CN=rootCA@localhost
  SerialNumber: [    02dce294 b740]

Certificate Extensions: 1
[1]: ObjectId: 2.5.29.15 Criticality=true
KeyUsage [
  DigitalSignature
  Key_Encipherment
  Data_Encipherment
  Key_Agreement
]

]
  Algorithm: [SHA256withRSA]
  Signature:
0000: 10 B6 C5 05 36 62 2F 22   09 02 C9 EA C9 A6 D2 6E  ....6b/".......n
0010: 9D 22 02 9A 90 49 CA 17   A7 2A B7 88 92 08 D0 B0  ."...I...*......
0020: 8E 6A 7C 07 1E F3 34 AB   E6 01 75 7C 15 C0 06 C5  .j....4...u.....
0030: FB 35 B5 A7 7A EC 9B 00   EA F7 BC 62 E5 31 47 AC  .5..z......b.1G.
0040: 89 D4 CC C2 DD 28 BF A6   A2 1A A6 6C 21 67 EC C7  .....(.....l!g..
0050: F7 64 F1 FB 2B 15 F6 51   B5 DB B3 7C 1F 42 67 B0  .d..+..Q.....Bg.
0060: 91 F0 89 F0 1D 2C 6E 79   D5 0E 13 73 10 7F 2E 69  .....,ny...s...i
0070: E1 FD 9F B4 B6 27 05 0A   81 46 8F ED 68 F7 70 EF  .....'...F..h.p.
0080: 1D 6D BB 77 6D 2D 45 F6   DD 2D 13 FB 8A CA 6A EE  .m.wm-E..-....j.
0090: 96 7A 51 24 BA 54 31 72   0E 1B 72 13 15 2E 47 EE  .zQ$.T1r..r...G.
00A0: 22 20 7D 34 C5 66 A3 07   C7 05 BC 80 F3 57 3C DC  " .4.f.......W<.
00B0: 67 A7 3B C8 C4 C2 55 53   33 CB 96 42 9B BE 6D F9  g.;...US3..B..m.
00C0: 7B 99 D3 F8 10 B6 2F CA   80 85 69 CF 39 A3 1F 9B  ....../...i.9...
00D0: 35 85 9D 8A D4 A4 50 16   E1 22 31 58 93 08 C6 4D  5.....P.."1X...M
00E0: 08 2B D3 34 80 9A E2 FE   75 41 43 60 59 3B 27 29  .+.4....uAC`Y;')
00F0: FE 6D 0B 3D DA F9 A6 92   B9 94 DD AE 8F 29 A2 71  .m.=.........).q

]
2023-07-16 18:56:57,790 [main] INFO  ssl.ReloadingX509KeyManager (ReloadingX509KeyManager.java:loadKeyManager(224)) - [
[
  Version: V3
  Subject: O=cluster1, OU=scm1, CN=rootCA@localhost
  Signature Algorithm: SHA256withRSA, OID = 1.2.840.113549.1.1.11

  Key:  Sun RSA public key, 2048 bits
  params: null
  modulus: 22686306507152966622915985111698506361966920013790020611438795800722093426298628426070282072659238422473720371785547770856630616409127959935288622706904164237319093318714788500482058873714165972159686106590123106580248074874905888823283958724503237028297775299084410081555354253505433852236508997530218832579403739802026756106199050347147850567620566836844822898185930593582234243902223008960839085030382113248712687353611036167144058106577932868870708367487873360614735135800970589835608198677648083881574942035052641015095901365067646907449526991236069724470712184683726115478249806904338680186327384988032721881341
  public exponent: 65537
  Validity: [From: Sun Jul 16 18:56:57 UTC 2023,
               To: Wed Aug 23 18:56:57 UTC 2028]
  Issuer: O=cluster1, OU=scm1, CN=rootCA@localhost
  SerialNumber: [    01]

Certificate Extensions: 2
[1]: ObjectId: 2.5.29.19 Criticality=true
BasicConstraints:[
  CA:true
  PathLen:2147483647
]

[2]: ObjectId: 2.5.29.15 Criticality=true
KeyUsage [
  Key_CertSign
  Crl_Sign
]

]
  Algorithm: [SHA256withRSA]
  Signature:
0000: 44 7A 33 B8 AC 66 E4 65   0F 7F 2A 6C BE 56 A8 38  Dz3..f.e..*l.V.8
0010: F5 99 B1 0A A5 2F D7 CF   AF A1 D7 27 04 A4 11 1F  ...../.....'....
0020: 40 D4 26 FC A3 64 D7 58   52 E8 40 2C CA 99 35 FF  @.&..d.XR.@,..5.
0030: CD 15 75 25 E8 FD 10 00   F7 1C 7A 90 F2 5F 3A 52  ..u%......z.._:R
0040: 9D FA 6E C9 4A 0F 91 4B   BF 4A BE EF 20 92 F0 42  ..n.J..K.J.. ..B
0050: B0 1D 4E 16 4C DA 90 07   36 7C FB E7 E8 BF 6D 8A  ..N.L...6.....m.
0060: 24 50 A0 FE 48 62 5D 27   17 F1 0F EF CD 80 FD B4  $P..Hb]'........
0070: 38 D5 0F 13 17 DE 68 1A   B7 C7 A4 8F A9 01 FC D1  8.....h.........
0080: D7 D8 0E 2D 1A 02 FC 47   7C 1F F6 7B 6A 34 50 58  ...-...G....j4PX
0090: 13 48 08 92 BC 94 F7 DA   09 65 78 45 66 E2 2F 3F  .H.......exEf./?
00A0: D2 A1 AA 3D 73 AE E3 95   96 7D FF D7 8F 99 ED A7  ...=s...........
00B0: F1 2A 6D 69 EE C0 D2 C8   F7 D2 C8 A7 FF 7F 87 76  .*mi...........v
00C0: 43 08 37 F6 C3 0D DA 6F   E5 9F 90 0A 7C 8F B3 88  C.7....o........
00D0: 96 38 1B CA 0A 09 F8 00   8A 38 3C 52 A6 B8 D6 E4  .8.......8<R....
00E0: A1 34 D2 A1 E9 27 93 92   51 37 65 65 2E F4 C4 3C  .4...'..Q7ee...<
00F0: B3 2E 3E 99 1E A9 32 E7   80 08 D2 71 3C 41 11 9B  ..>...2....q<A..

]
2023-07-16 18:56:57,790 [main] INFO  ssl.ReloadingX509TrustManager (ReloadingX509TrustManager.java:insertCertsToKeystore(188)) - Trust manager is loaded with certificates
2023-07-16 18:56:57,791 [main] INFO  ssl.ReloadingX509TrustManager (ReloadingX509TrustManager.java:insertCertsToKeystore(192)) - [
[
  Version: V3
  Subject: O=cluster1, OU=scm1, CN=rootCA@localhost
  Signature Algorithm: SHA256withRSA, OID = 1.2.840.113549.1.1.11

  Key:  Sun RSA public key, 2048 bits
  params: null
  modulus: 22686306507152966622915985111698506361966920013790020611438795800722093426298628426070282072659238422473720371785547770856630616409127959935288622706904164237319093318714788500482058873714165972159686106590123106580248074874905888823283958724503237028297775299084410081555354253505433852236508997530218832579403739802026756106199050347147850567620566836844822898185930593582234243902223008960839085030382113248712687353611036167144058106577932868870708367487873360614735135800970589835608198677648083881574942035052641015095901365067646907449526991236069724470712184683726115478249806904338680186327384988032721881341
  public exponent: 65537
  Validity: [From: Sun Jul 16 18:56:57 UTC 2023,
               To: Wed Aug 23 18:56:57 UTC 2028]
  Issuer: O=cluster1, OU=scm1, CN=rootCA@localhost
  SerialNumber: [    01]

Certificate Extensions: 2
[1]: ObjectId: 2.5.29.19 Criticality=true
BasicConstraints:[
  CA:true
  PathLen:2147483647
]

[2]: ObjectId: 2.5.29.15 Criticality=true
KeyUsage [
  Key_CertSign
  Crl_Sign
]

]
  Algorithm: [SHA256withRSA]
  Signature:
0000: 44 7A 33 B8 AC 66 E4 65   0F 7F 2A 6C BE 56 A8 38  Dz3..f.e..*l.V.8
0010: F5 99 B1 0A A5 2F D7 CF   AF A1 D7 27 04 A4 11 1F  ...../.....'....
0020: 40 D4 26 FC A3 64 D7 58   52 E8 40 2C CA 99 35 FF  @.&..d.XR.@,..5.
0030: CD 15 75 25 E8 FD 10 00   F7 1C 7A 90 F2 5F 3A 52  ..u%......z.._:R
0040: 9D FA 6E C9 4A 0F 91 4B   BF 4A BE EF 20 92 F0 42  ..n.J..K.J.. ..B
0050: B0 1D 4E 16 4C DA 90 07   36 7C FB E7 E8 BF 6D 8A  ..N.L...6.....m.
0060: 24 50 A0 FE 48 62 5D 27   17 F1 0F EF CD 80 FD B4  $P..Hb]'........
0070: 38 D5 0F 13 17 DE 68 1A   B7 C7 A4 8F A9 01 FC D1  8.....h.........
0080: D7 D8 0E 2D 1A 02 FC 47   7C 1F F6 7B 6A 34 50 58  ...-...G....j4PX
0090: 13 48 08 92 BC 94 F7 DA   09 65 78 45 66 E2 2F 3F  .H.......exEf./?
00A0: D2 A1 AA 3D 73 AE E3 95   96 7D FF D7 8F 99 ED A7  ...=s...........
00B0: F1 2A 6D 69 EE C0 D2 C8   F7 D2 C8 A7 FF 7F 87 76  .*mi...........v
00C0: 43 08 37 F6 C3 0D DA 6F   E5 9F 90 0A 7C 8F B3 88  C.7....o........
00D0: 96 38 1B CA 0A 09 F8 00   8A 38 3C 52 A6 B8 D6 E4  .8.......8<R....
00E0: A1 34 D2 A1 E9 27 93 92   51 37 65 65 2E F4 C4 3C  .4...'..Q7ee...<
00F0: B3 2E 3E 99 1E A9 32 E7   80 08 D2 71 3C 41 11 9B  ..>...2....q<A..

]
2023-07-16 18:56:57,844 [main] WARN  server.ServerUtils (ServerUtils.java:getScmDbDir(155)) - ozone.scm.db.dirs is not configured. We recommend adding this setting. Falling back to ozone.metadata.dirs instead.
2023-07-16 18:56:58,005 [main] INFO  reflections.Reflections (Reflections.java:scan(232)) - Reflections took 129 ms to scan 7 urls, producing 160 keys and 377 values 
2023-07-16 18:56:58,100 [main] WARN  server.ServerUtils (ServerUtils.java:getScmDbDir(155)) - ozone.scm.db.dirs is not configured. We recommend adding this setting. Falling back to ozone.metadata.dirs instead.
2023-07-16 18:56:58,103 [main] INFO  ha.SCMHANodeDetails (SCMHANodeDetails.java:loadSCMHAConfig(210)) - ServiceID for StorageContainerManager is null
2023-07-16 18:56:58,111 [main] WARN  ha.SCMHANodeDetails (SCMHANodeDetails.java:validateSCMHAConfig(183)) - Invalid config ozone.scm.ratis.enable. The config was not specified, but the default value true conflicts with the expected config value false. Falling back to the expected value. Current State of SCM: SCM is running in Non-HA without Ratis Ratis SCM -> Non Ratis SCM or Non HA SCM -> HA SCM is not supported
2023-07-16 18:56:58,111 [main] INFO  ha.SCMHANodeDetails (SCMHANodeDetails.java:loadSCMHAConfig(215)) - ozone.scm.default.service.id is not defined, falling back to ozone.scm.service.ids to find serviceID for StorageContainerManager if it is HA enabled cluster
2023-07-16 18:56:58,230 [main] WARN  utils.HAUtils (HAUtils.java:getMetaDir(339)) - ozone.scm.db.dirs is not configured. We recommend adding this setting. Falling back to ozone.metadata.dirs instead.
2023-07-16 18:56:58,361 [main] WARN  db.DBStoreBuilder (DBStoreBuilder.java:applyDBDefinition(166)) - ozone.scm.db.dirs is not configured. We recommend adding this setting. Falling back to ozone.metadata.dirs instead.
2023-07-16 18:56:58,569 [main] INFO  net.NodeSchemaLoader (NodeSchemaLoader.java:loadSchemaFromFile(129)) - Loading schema from [jar:file:/home/runner/.m2/repository/org/apache/ozone/hdds-common/1.4.0-SNAPSHOT/hdds-common-1.4.0-SNAPSHOT.jar!/network-topology-default.xml]
2023-07-16 18:56:58,571 [main] INFO  net.NodeSchemaLoader (NodeSchemaLoader.java:loadSchema(176)) - Loading network topology layer schema file
2023-07-16 18:56:58,593 [main] INFO  metrics.MetricRegistries (MetricRegistriesLoader.java:load(64)) - Loaded MetricRegistries class org.apache.ratis.metrics.impl.MetricRegistriesImpl
2023-07-16 18:56:58,606 [main] INFO  upgrade.AbstractLayoutVersionManager (AbstractLayoutVersionManager.java:init(83)) - Initializing Layout version manager with metadata layout = HADOOP_PRC_PORTS_IN_DATANODEDETAILS (version = 7), software layout = HADOOP_PRC_PORTS_IN_DATANODEDETAILS (version = 7)
2023-07-16 18:56:58,725 [main] INFO  ha.SequenceIdGenerator (SequenceIdGenerator.java:upgradeToSequenceId(361)) - upgrade localId to 111677748019200000
2023-07-16 18:56:58,726 [main] INFO  ha.SequenceIdGenerator (SequenceIdGenerator.java:upgradeToSequenceId(371)) - upgrade delTxnId to 0
2023-07-16 18:56:58,732 [main] INFO  ha.SequenceIdGenerator (SequenceIdGenerator.java:upgradeToSequenceId(388)) - upgrade containerId to 0
2023-07-16 18:56:58,734 [main] INFO  ha.SequenceIdGenerator (SequenceIdGenerator.java:upgradeToSequenceId(424)) - upgrade rootCertificateId to 1
2023-07-16 18:56:58,736 [main] INFO  ha.SequenceIdGenerator (SequenceIdGenerator.java:<init>(232)) - Init the HA SequenceIdGenerator.
2023-07-16 18:56:58,787 [main] WARN  server.ServerUtils (ServerUtils.java:sanitizeUserArgs(80)) - ozone.scm.stale.node.interval value = 300000 is larger than max = 100000 based on the key value of ozone.scm.heartbeat.thread.interval, reset to the max value 100000.
2023-07-16 18:56:58,787 [main] WARN  server.ServerUtils (ServerUtils.java:sanitizeUserArgs(80)) - ozone.scm.stale.node.interval value = 300000 is larger than max = 100000 based on the key value of ozone.scm.heartbeat.thread.interval, reset to the max value 100000.
2023-07-16 18:56:58,792 [main] INFO  node.SCMNodeManager (SCMNodeManager.java:<init>(157)) - Entering startup safe mode.
2023-07-16 18:56:58,810 [main] INFO  algorithms.ContainerPlacementPolicyFactory (ContainerPlacementPolicyFactory.java:getPolicyInternal(86)) - Create container placement policy of type org.apache.hadoop.hdds.scm.container.placement.algorithms.SCMContainerPlacementRackAware
2023-07-16 18:56:58,813 [main] INFO  algorithms.ContainerPlacementPolicyFactory (ContainerPlacementPolicyFactory.java:getPolicyInternal(86)) - Create container placement policy of type org.apache.hadoop.hdds.scm.container.placement.algorithms.SCMContainerPlacementRackScatter
2023-07-16 18:56:58,822 [main] INFO  pipeline.PipelineStateManagerImpl (PipelineStateManagerImpl.java:initialize(78)) - No pipeline exists in current db
2023-07-16 18:56:58,835 [main] INFO  algorithms.LeaderChoosePolicyFactory (LeaderChoosePolicyFactory.java:getPolicy(57)) - Create leader choose policy of type org.apache.hadoop.hdds.scm.pipeline.leader.choose.algorithms.MinLeaderCountChoosePolicy
2023-07-16 18:56:58,835 [main] INFO  algorithms.ContainerPlacementPolicyFactory (ContainerPlacementPolicyFactory.java:getPolicyInternal(86)) - Create container placement policy of type org.apache.hadoop.hdds.scm.container.placement.algorithms.SCMContainerPlacementRackScatter
2023-07-16 18:56:58,841 [main] INFO  ha.SCMServiceManager (SCMServiceManager.java:register(42)) - Registering service BackgroundPipelineCreator.
2023-07-16 18:56:58,841 [main] INFO  pipeline.BackgroundPipelineCreator (BackgroundPipelineCreator.java:start(124)) - Starting RatisPipelineUtilsThread.
2023-07-16 18:56:58,844 [main] INFO  BackgroundPipelineScrubber (BackgroundSCMService.java:start(68)) - Starting BackgroundPipelineScrubber Service.
2023-07-16 18:56:58,846 [main] INFO  ha.SCMServiceManager (SCMServiceManager.java:register(42)) - Registering service BackgroundPipelineScrubber.
2023-07-16 18:56:58,853 [main] INFO  ExpiredContainerReplicaOpScrubber (BackgroundSCMService.java:start(68)) - Starting ExpiredContainerReplicaOpScrubber Service.
2023-07-16 18:56:58,854 [main] INFO  ha.SCMServiceManager (SCMServiceManager.java:register(42)) - Registering service ExpiredContainerReplicaOpScrubber.
2023-07-16 18:56:58,876 [main] INFO  algorithms.PipelineChoosePolicyFactory (PipelineChoosePolicyFactory.java:createPipelineChoosePolicyFromClass(78)) - Create pipeline choose policy of type org.apache.hadoop.hdds.scm.pipeline.choose.algorithms.RandomPipelineChoosePolicy
2023-07-16 18:56:58,876 [main] INFO  algorithms.PipelineChoosePolicyFactory (PipelineChoosePolicyFactory.java:createPipelineChoosePolicyFromClass(78)) - Create pipeline choose policy of type org.apache.hadoop.hdds.scm.pipeline.choose.algorithms.RandomPipelineChoosePolicy
2023-07-16 18:56:58,895 [main] INFO  ha.SCMServiceManager (SCMServiceManager.java:register(42)) - Registering service SCMBlockDeletingService.
2023-07-16 18:56:58,950 [main] INFO  replication.ReplicationManager (ReplicationManager.java:start(286)) - Starting Replication Monitor Thread.
2023-07-16 18:56:58,965 [main] INFO  ha.SCMServiceManager (SCMServiceManager.java:register(42)) - Registering service ReplicationManager.
2023-07-16 18:56:58,975 [ReplicationMonitor] INFO  replication.ReplicationManager (ReplicationManager.java:processAll(361)) - Replication Manager is not ready to run until 3000ms after safemode exit
2023-07-16 18:56:58,981 [main] INFO  safemode.ContainerSafeModeRule (ContainerSafeModeRule.java:<init>(89)) - containers with one replica threshold count 0
2023-07-16 18:56:58,987 [main] INFO  safemode.HealthyPipelineSafeModeRule (HealthyPipelineSafeModeRule.java:initializeRule(169)) - Total pipeline count is 0, healthy pipeline threshold count is 1
2023-07-16 18:56:58,992 [main] INFO  safemode.OneReplicaPipelineSafeModeRule (OneReplicaPipelineSafeModeRule.java:initializeRule(180)) - Total pipeline count is 0, pipeline's with at least one datanode reported threshold count is 0
2023-07-16 18:56:59,005 [main] INFO  server.StorageContainerManager (StorageContainerManager.java:<init>(424)) - SCM start with adminUsers: [runner]
2023-07-16 18:56:59,033 [main] INFO  audit.AuditLogger (AuditLogger.java:refreshDebugCmdSet(126)) - Refresh DebugCmdSet for SCMAudit to [].
2023-07-16 18:56:59,064 [main] INFO  ipc.CallQueueManager (CallQueueManager.java:<init>(90)) - Using callQueue: class java.util.concurrent.LinkedBlockingQueue, queueCapacity: 2000, scheduler: class org.apache.hadoop.ipc.DefaultRpcScheduler, ipcBackoff: false.
2023-07-16 18:56:59,096 [main] INFO  ipc.Server (Server.java:<init>(1287)) - Listener at 0.0.0.0:15002
2023-07-16 18:56:59,099 [Socket Reader #1 for port 15002] INFO  ipc.Server (Server.java:run(1323)) - Starting Socket Reader #1 for port 15002
2023-07-16 18:56:59,166 [main] INFO  audit.AuditLogger (AuditLogger.java:refreshDebugCmdSet(126)) - Refresh DebugCmdSet for SCMAudit to [].
2023-07-16 18:56:59,173 [main] INFO  ipc.CallQueueManager (CallQueueManager.java:<init>(90)) - Using callQueue: class java.util.concurrent.LinkedBlockingQueue, queueCapacity: 2000, scheduler: class org.apache.hadoop.ipc.DefaultRpcScheduler, ipcBackoff: false.
2023-07-16 18:56:59,173 [main] INFO  ipc.Server (Server.java:<init>(1287)) - Listener at 0.0.0.0:15001
2023-07-16 18:56:59,174 [Socket Reader #1 for port 15001] INFO  ipc.Server (Server.java:run(1323)) - Starting Socket Reader #1 for port 15001
2023-07-16 18:56:59,212 [main] INFO  audit.AuditLogger (AuditLogger.java:refreshDebugCmdSet(126)) - Refresh DebugCmdSet for SCMAudit to [].
2023-07-16 18:56:59,225 [main] INFO  ipc.CallQueueManager (CallQueueManager.java:<init>(90)) - Using callQueue: class java.util.concurrent.LinkedBlockingQueue, queueCapacity: 2000, scheduler: class org.apache.hadoop.ipc.DefaultRpcScheduler, ipcBackoff: false.
2023-07-16 18:56:59,225 [main] INFO  ipc.Server (Server.java:<init>(1287)) - Listener at 0.0.0.0:15000
2023-07-16 18:56:59,227 [Socket Reader #1 for port 15000] INFO  ipc.Server (Server.java:run(1323)) - Starting Socket Reader #1 for port 15000
2023-07-16 18:56:59,341 [main] INFO  ha.SCMServiceManager (SCMServiceManager.java:register(42)) - Registering service ContainerBalancer.
2023-07-16 18:56:59,341 [main] INFO  server.StorageContainerManager (StorageContainerManager.java:<init>(437)) - 
Container Balancer status:
Key                            Value
Running                        false
Container Balancer Configuration values:
Key                                                Value
Threshold                                          10
Max Datanodes to Involve per Iteration(percent)    20
Max Size to Move per Iteration                     500GB
Max Size Entering Target per Iteration             26GB
Max Size Leaving Source per Iteration              26GB

2023-07-16 18:56:59,342 [main] INFO  ha.SCMContext (SCMContext.java:updateSafeModeStatus(228)) - Update SafeModeStatus from SafeModeStatus{safeModeStatus=true, preCheckPassed=false} to SafeModeStatus{safeModeStatus=true, preCheckPassed=false}.
2023-07-16 18:56:59,345 [main] INFO  server.StorageContainerManager (StorageContainerManager.java:start(1491)) - StorageContainerLocationProtocol RPC server is listening at /0.0.0.0:15000
2023-07-16 18:56:59,345 [main] INFO  impl.MetricsSystemImpl (MetricsSystemImpl.java:init(158)) - StorageContainerManager metrics system started (again)
2023-07-16 18:56:59,364 [main] INFO  server.SCMClientProtocolServer (SCMClientProtocolServer.java:start(200)) - RPC server for Client  is listening at /0.0.0.0:15000
2023-07-16 18:56:59,364 [IPC Server Responder] INFO  ipc.Server (Server.java:run(1562)) - IPC Server Responder: starting
2023-07-16 18:56:59,371 [main] INFO  server.StorageContainerManager (StorageContainerManager.java:start(1504)) - ScmBlockLocationProtocol RPC server is listening at /0.0.0.0:15001
2023-07-16 18:56:59,376 [main] INFO  server.SCMBlockProtocolServer (SCMBlockProtocolServer.java:start(152)) - RPC server for Block Protocol is listening at /0.0.0.0:15001
2023-07-16 18:56:59,366 [IPC Server listener on 15000] INFO  ipc.Server (Server.java:run(1402)) - IPC Server listener on 15000: starting
2023-07-16 18:56:59,376 [IPC Server Responder] INFO  ipc.Server (Server.java:run(1562)) - IPC Server Responder: starting
2023-07-16 18:56:59,376 [IPC Server listener on 15001] INFO  ipc.Server (Server.java:run(1402)) - IPC Server listener on 15001: starting
2023-07-16 18:56:59,379 [main] INFO  server.SCMDatanodeProtocolServer (SCMDatanodeProtocolServer.java:start(193)) - ScmDatanodeProtocol RPC server for DataNodes is listening at /0.0.0.0:15002
2023-07-16 18:56:59,381 [IPC Server Responder] INFO  ipc.Server (Server.java:run(1562)) - IPC Server Responder: starting
2023-07-16 18:56:59,399 [IPC Server listener on 15002] INFO  ipc.Server (Server.java:run(1402)) - IPC Server listener on 15002: starting
2023-07-16 18:56:59,404 [main] INFO  http.BaseHttpServer (BaseHttpServer.java:newHttpServer2BuilderForOzone(224)) - Starting Web-server for scm at: http://0.0.0.0:15003
2023-07-16 18:56:59,404 [main] INFO  http.BaseHttpServer (BaseHttpServer.java:<init>(111)) - Hadoop Security Enabled: false Ozone Security Enabled: false Ozone HTTP Security Enabled: false 
2023-07-16 18:56:59,405 [JvmPauseMonitor0] INFO  util.JvmPauseMonitor (JvmPauseMonitor.java:run(103)) - JvmPauseMonitor-262803b3-ac48-46f1-a8b8-24b53ff9384b: Started
2023-07-16 18:56:59,429 [main] WARN  server.AuthenticationFilter (AuthenticationFilter.java:constructSecretProvider(240)) - Unable to initialize FileSignerSecretProvider, falling back to use random secrets. Reason: Could not read signature secret file: /home/runner/hadoop-http-auth-signature-secret
2023-07-16 18:56:59,432 [main] INFO  http.HttpRequestLog (HttpRequestLog.java:getRequestLog(86)) - Http request log for http.requests.scm is not defined
2023-07-16 18:56:59,437 [main] INFO  http.HttpServer2 (HttpServer2.java:addGlobalFilter(1031)) - Added global filter 'safety' (class=org.apache.hadoop.hdds.server.http.HttpServer2$QuotingInputFilter)
2023-07-16 18:56:59,439 [main] INFO  http.HttpServer2 (HttpServer2.java:addFilter(1007)) - Added filter static_user_filter (class=org.apache.hadoop.http.lib.StaticUserWebFilter$StaticUserFilter) to context scm
2023-07-16 18:56:59,439 [main] INFO  http.HttpServer2 (HttpServer2.java:addFilter(1015)) - Added filter static_user_filter (class=org.apache.hadoop.http.lib.StaticUserWebFilter$StaticUserFilter) to context static
2023-07-16 18:56:59,439 [main] INFO  http.HttpServer2 (HttpServer2.java:addFilter(1015)) - Added filter static_user_filter (class=org.apache.hadoop.http.lib.StaticUserWebFilter$StaticUserFilter) to context logs
2023-07-16 18:56:59,446 [main] INFO  http.BaseHttpServer (BaseHttpServer.java:<init>(190)) - HTTP server of scm uses base directory /home/runner/work/ozone/ozone/hadoop-ozone/integration-test/target/test-dir/MiniOzoneClusterImpl-8e52da8c-19f0-467e-9375-6950100829a3/ozone-meta/webserver
2023-07-16 18:56:59,447 [main] INFO  http.HttpServer2 (HttpServer2.java:bindListener(1250)) - Jetty bound to port 15003
2023-07-16 18:56:59,448 [main] INFO  server.Server (Server.java:doStart(375)) - jetty-9.4.51.v20230217; built: 2023-02-17T08:19:37.309Z; git: b45c405e4544384de066f814ed42ae3dceacdd49; jvm 1.8.0_372-b07
2023-07-16 18:56:59,455 [main] INFO  server.session (DefaultSessionIdManager.java:doStart(334)) - DefaultSessionIdManager workerName=node0
2023-07-16 18:56:59,455 [main] INFO  server.session (DefaultSessionIdManager.java:doStart(339)) - No SessionScavenger set, using defaults
2023-07-16 18:56:59,456 [main] INFO  server.session (HouseKeeper.java:startScavenging(132)) - node0 Scavenging every 660000ms
2023-07-16 18:56:59,459 [main] INFO  handler.ContextHandler (ContextHandler.java:doStart(921)) - Started o.e.j.s.ServletContextHandler@27e688ad{logs,/logs,file:///home/runner/work/ozone/ozone/hadoop-ozone/integration-test/target/log,AVAILABLE}
2023-07-16 18:56:59,460 [main] INFO  handler.ContextHandler (ContextHandler.java:doStart(921)) - Started o.e.j.s.ServletContextHandler@62f11904{static,/static,file:///home/runner/work/ozone/ozone/hadoop-ozone/integration-test/target/test-classes/webapps/static,AVAILABLE}
2023-07-16 18:56:59,467 [main] INFO  handler.ContextHandler (ContextHandler.java:doStart(921)) - Started o.e.j.w.WebAppContext@39c78cf9{scm,/,file:///home/runner/work/ozone/ozone/hadoop-ozone/integration-test/target/test-classes/webapps/scm/,AVAILABLE}{file:/home/runner/work/ozone/ozone/hadoop-ozone/integration-test/target/test-classes/webapps/scm}
2023-07-16 18:56:59,470 [main] INFO  server.AbstractConnector (AbstractConnector.java:doStart(333)) - Started ServerConnector@52c0c594{HTTP/1.1, (http/1.1)}{0.0.0.0:15003}
2023-07-16 18:56:59,470 [main] INFO  server.Server (Server.java:doStart(415)) - Started @6643ms
2023-07-16 18:56:59,474 [main] INFO  impl.MetricsSinkAdapter (MetricsSinkAdapter.java:start(204)) - Sink prometheus started
2023-07-16 18:56:59,475 [main] INFO  impl.MetricsSystemImpl (MetricsSystemImpl.java:registerSink(305)) - Registered sink prometheus
2023-07-16 18:56:59,476 [main] INFO  http.BaseHttpServer (BaseHttpServer.java:updateConnectorAddress(344)) - HTTP server of scm listening at http://0.0.0.0:15003
2023-07-16 18:56:59,480 [main] WARN  server.ServerUtils (ServerUtils.java:getDBPath(311)) - ozone.om.db.dirs is not configured. We recommend adding this setting. Falling back to ozone.metadata.dirs instead.
2023-07-16 18:56:59,491 [main] INFO  ha.OMHANodeDetails (OMHANodeDetails.java:loadOMHAConfig(115)) - ozone.om.internal.service.id is not defined, falling back to ozone.om.service.ids to find serviceID for OzoneManager if it is HA enabled cluster
2023-07-16 18:56:59,495 [main] INFO  ha.OMHANodeDetails (OMHANodeDetails.java:loadOMHAConfig(226)) - Configuration does not have ozone.om.address set. Falling back to the default OM address /127.0.0.1:15004
2023-07-16 18:56:59,495 [main] INFO  ha.OMHANodeDetails (OMHANodeDetails.java:getOMNodeDetailsForNonHA(254)) - OM Service ID is not set. Setting it to the default ID: omServiceIdDefault
2023-07-16 18:56:59,496 [main] INFO  ha.OMHANodeDetails (OMHANodeDetails.java:getOMNodeDetailsForNonHA(261)) - OM Node ID is not set. Setting it to the default ID: om1
2023-07-16 18:56:59,500 [main] WARN  server.ServerUtils (ServerUtils.java:getDBPath(311)) - ozone.om.db.dirs is not configured. We recommend adding this setting. Falling back to ozone.metadata.dirs instead.
2023-07-16 18:56:59,504 [main] INFO  upgrade.AbstractLayoutVersionManager (AbstractLayoutVersionManager.java:init(83)) - Initializing Layout version manager with metadata layout = QUOTA (version = 6), software layout = QUOTA (version = 6)
2023-07-16 18:56:59,597 [main] INFO  reflections.Reflections (Reflections.java:scan(232)) - Reflections took 89 ms to scan 2 urls, producing 187 keys and 510 values [using 2 cores]
2023-07-16 18:56:59,605 [main] INFO  upgrade.OMLayoutVersionManager (OMLayoutVersionManager.java:lambda$0(115)) - Skipping Upgrade Action MockOmUpgradeAction since it has been finalized.
2023-07-16 18:56:59,605 [main] INFO  upgrade.OMLayoutVersionManager (OMLayoutVersionManager.java:lambda$0(115)) - Skipping Upgrade Action QuotaRepairUpgradeAction since it has been finalized.
2023-07-16 18:56:59,607 [main] WARN  server.ServerUtils (ServerUtils.java:getDBPath(311)) - ozone.om.db.dirs is not configured. We recommend adding this setting. Falling back to ozone.metadata.dirs instead.
2023-07-16 18:56:59,767 [main] INFO  proxy.SCMBlockLocationFailoverProxyProvider (SCMBlockLocationFailoverProxyProvider.java:<init>(114)) - Created block location fail-over proxy with 1 nodes: [nodeId=scmNodeId,nodeAddress=/0.0.0.0:15001]
2023-07-16 18:56:59,844 [main] INFO  om.OzoneManager (OzoneManager.java:<init>(662)) - OM start with adminUsers: [runner]
2023-07-16 18:56:59,877 [main] WARN  server.ServerUtils (ServerUtils.java:getDBPath(311)) - ozone.om.db.dirs is not configured. We recommend adding this setting. Falling back to ozone.metadata.dirs instead.
2023-07-16 18:56:59,906 [main] INFO  helpers.OmKeyInfo (OmKeyInfo.java:getCodec(71)) - OmKeyInfo.getCodec ignorePipeline = true
2023-07-16 18:57:00,369 [main] INFO  om.OzoneManager (OzoneManager.java:instantiateServices(791)) - S3 Multi-Tenancy is disabled
2023-07-16 18:57:00,380 [main] INFO  security.OzoneSecretStore (OzoneSecretStore.java:loadState(69)) - Loaded 0 tokens
2023-07-16 18:57:00,380 [main] INFO  security.OzoneDelegationTokenSecretManager (OzoneDelegationTokenSecretManager.java:loadTokenSecretState(530)) - Loading token state into token manager.
2023-07-16 18:57:00,404 [main] INFO  om.OmSnapshotManager (OmSnapshotManager.java:<init>(175)) - Ozone filesystem snapshot feature is enabled.
2023-07-16 18:57:00,413 [main] WARN  server.ServerUtils (ServerUtils.java:getDBPath(311)) - ozone.om.snapshot.diff.db.dir is not configured. We recommend adding this setting. Falling back to ozone.metadata.dirs instead.
2023-07-16 18:57:00,460 [main] INFO  utils.NativeLibraryLoader (NativeLibraryLoader.java:loadLibrary(105)) - Loading Library: ozone_rocksdb_tools
2023-07-16 18:57:00,462 [main] INFO  snapshot.SnapshotDiffManager (SnapshotDiffManager.java:closeExecutorService(1720)) - Shutting down executorService: 'SstDumpToolExecutor'
2023-07-16 18:57:00,536 [main] INFO  om.OzoneManager (OzoneManager.java:addS3GVolumeToDB(4296)) - Created Volume s3v With Owner runner required for S3Gateway operations.
2023-07-16 18:57:00,597 [main] WARN  server.ServerUtils (ServerUtils.java:getDefaultRatisDirectory(323)) - Storage directory for Ratis is not configured. It is a good idea to map this to an SSD disk. Falling back to ozone.metadata.dirs
2023-07-16 18:57:00,597 [main] WARN  utils.OzoneManagerRatisUtils (OzoneManagerRatisUtils.java:getOMRatisSnapshotDirectory(461)) - ozone.om.ratis.snapshot.dir is not configured. Falling back to ozone.metadata.dirs config
2023-07-16 18:57:00,611 [main] WARN  server.ServerUtils (ServerUtils.java:getDefaultRatisDirectory(323)) - Storage directory for Ratis is not configured. It is a good idea to map this to an SSD disk. Falling back to ozone.metadata.dirs
2023-07-16 18:57:00,634 [main] INFO  ratis.OzoneManagerRatisServer (OzoneManagerRatisServer.java:<init>(163)) - Instantiating OM Ratis server with groupID: omServiceIdDefault and peers: localhost:15007
2023-07-16 18:57:00,644 [main] INFO  ratis.OzoneManagerStateMachine (OzoneManagerStateMachine.java:loadSnapshotInfoFromDB(670)) - LastAppliedIndex is set from TransactionInfo from OM DB as (t:0, i:~)
2023-07-16 18:57:00,704 [main] INFO  server.RaftServer (ConfUtils.java:logGet(46)) - raft.rpc.type = GRPC (default)
2023-07-16 18:57:00,712 [main] INFO  grpc.GrpcConfigKeys (ConfUtils.java:logFallback(53)) - raft.grpc.admin.host = null (fallback to raft.grpc.server.host)
2023-07-16 18:57:00,714 [main] INFO  grpc.GrpcConfigKeys (ConfUtils.java:logFallback(53)) - raft.grpc.admin.port = 15007 (fallback to raft.grpc.server.port)
2023-07-16 18:57:00,714 [main] INFO  grpc.GrpcConfigKeys (ConfUtils.java:logFallback(53)) - raft.grpc.client.host = null (fallback to raft.grpc.server.host)
2023-07-16 18:57:00,715 [main] INFO  grpc.GrpcConfigKeys (ConfUtils.java:logFallback(53)) - raft.grpc.client.port = 15007 (fallback to raft.grpc.server.port)
2023-07-16 18:57:00,715 [main] INFO  grpc.GrpcConfigKeys (ConfUtils.java:logGet(46)) - raft.grpc.server.host = null (default)
2023-07-16 18:57:00,715 [main] INFO  grpc.GrpcConfigKeys (ConfUtils.java:logGet(46)) - raft.grpc.server.port = 15007 (custom)
2023-07-16 18:57:00,716 [main] INFO  server.GrpcService (ConfUtils.java:logGet(46)) - raft.grpc.message.size.max = 33554432 (custom)
2023-07-16 18:57:00,717 [main] INFO  server.RaftServerConfigKeys (ConfUtils.java:logGet(46)) - raft.server.log.appender.buffer.byte-limit = 33554432 (custom)
2023-07-16 18:57:00,717 [main] INFO  server.GrpcService (ConfUtils.java:logGet(46)) - raft.grpc.flow.control.window = 1MB (=1048576) (default)
2023-07-16 18:57:00,718 [main] INFO  server.RaftServerConfigKeys (ConfUtils.java:logGet(46)) - raft.server.rpc.request.timeout = 3000ms (default)
2023-07-16 18:57:00,729 [main] INFO  grpc.GrpcConfigKeys (ConfUtils.java:logGet(46)) - raft.grpc.server.heartbeat.channel = true (default)
2023-07-16 18:57:00,732 [main] INFO  grpc.GrpcConfigKeys (ConfUtils.java:logGet(46)) - raft.grpc.server.async.request.thread.pool.cached = true (default)
2023-07-16 18:57:00,733 [main] INFO  grpc.GrpcConfigKeys (ConfUtils.java:logGet(46)) - raft.grpc.server.async.request.thread.pool.size = 32 (default)
2023-07-16 18:57:00,947 [main] INFO  impl.DataStreamServerImpl (ConfUtils.java:logGet(46)) - raft.datastream.type = DISABLED (default)
2023-07-16 18:57:00,949 [main] INFO  server.RaftServerConfigKeys (ConfUtils.java:logGet(46)) - raft.server.threadpool.proxy.cached = true (default)
2023-07-16 18:57:00,950 [main] INFO  server.RaftServerConfigKeys (ConfUtils.java:logGet(46)) - raft.server.threadpool.proxy.size = 0 (default)
2023-07-16 18:57:00,950 [main] INFO  server.RaftServerConfigKeys (ConfUtils.java:logGet(46)) - raft.server.rpc.slowness.timeout = 120s (custom)
2023-07-16 18:57:00,950 [main] INFO  server.RaftServerConfigKeys (ConfUtils.java:logGet(46)) - raft.server.leaderelection.leader.step-down.wait-time = 10s (default)
2023-07-16 18:57:00,952 [main] INFO  server.RaftServerConfigKeys (ConfUtils.java:logGet(46)) - raft.server.storage.dir = [/home/runner/work/ozone/ozone/hadoop-ozone/integration-test/target/test-dir/MiniOzoneClusterImpl-8e52da8c-19f0-467e-9375-6950100829a3/ozone-meta/ratis] (custom)
2023-07-16 18:57:00,963 [main] INFO  server.RaftServer (RaftServerProxy.java:addNew(98)) - om1: addNew group-C5BA1605619E:[om1|rpc:localhost:15007|priority:0|startupRole:FOLLOWER] returns group-C5BA1605619E:java.util.concurrent.CompletableFuture@47884230[Not completed]
2023-07-16 18:57:00,963 [main] INFO  om.OzoneManager (OzoneManager.java:initializeRatisServer(2137)) - OzoneManager Ratis server initialized at port 15007
2023-07-16 18:57:00,970 [main] INFO  om.OzoneManager (OzoneManager.java:getRpcServer(1192)) - Creating RPC Server
2023-07-16 18:57:00,995 [om1-groupManagement] INFO  server.RaftServer$Division (RaftServerImpl.java:<init>(198)) - om1: new RaftServerImpl for group-C5BA1605619E:[om1|rpc:localhost:15007|priority:0|startupRole:FOLLOWER] with OzoneManagerStateMachine:uninitialized
2023-07-16 18:57:00,997 [om1-groupManagement] INFO  server.RaftServerConfigKeys (ConfUtils.java:logGet(46)) - raft.server.rpc.timeout.min = 1s (custom)
2023-07-16 18:57:00,997 [om1-groupManagement] INFO  server.RaftServerConfigKeys (ConfUtils.java:logGet(46)) - raft.server.rpc.timeout.max = 1200ms (custom)
2023-07-16 18:57:00,997 [om1-groupManagement] INFO  server.RaftServerConfigKeys (ConfUtils.java:logGet(46)) - raft.server.rpc.sleep.time = 25ms (default)
2023-07-16 18:57:00,998 [om1-groupManagement] INFO  server.RaftServerConfigKeys (ConfUtils.java:logGet(46)) - raft.server.rpc.slowness.timeout = 120s (custom)
2023-07-16 18:57:00,998 [om1-groupManagement] INFO  server.RaftServerConfigKeys (ConfUtils.java:logGet(46)) - raft.server.leaderelection.leader.step-down.wait-time = 10s (default)
2023-07-16 18:57:00,998 [om1-groupManagement] INFO  server.RaftServerConfigKeys (ConfUtils.java:logGet(46)) - raft.server.sleep.deviation.threshold = 300ms (default)
2023-07-16 18:57:01,017 [om1-groupManagement] INFO  server.RaftServer$Division (ServerState.java:<init>(120)) - om1@group-C5BA1605619E: ConfigurationManager, init=-1: peers:[om1|rpc:localhost:15007|priority:0|startupRole:FOLLOWER]|listeners:[], old=null, confs=<EMPTY_MAP>
2023-07-16 18:57:01,018 [om1-groupManagement] INFO  server.RaftServerConfigKeys (ConfUtils.java:logGet(46)) - raft.server.storage.dir = [/home/runner/work/ozone/ozone/hadoop-ozone/integration-test/target/test-dir/MiniOzoneClusterImpl-8e52da8c-19f0-467e-9375-6950100829a3/ozone-meta/ratis] (custom)
2023-07-16 18:57:01,030 [om1-groupManagement] INFO  server.RaftServerConfigKeys (ConfUtils.java:logGet(46)) - raft.server.log.corruption.policy = EXCEPTION (default)
2023-07-16 18:57:01,031 [om1-groupManagement] INFO  server.RaftServerConfigKeys (ConfUtils.java:logGet(46)) - raft.server.storage.free-space.min = 0MB (=0) (default)
2023-07-16 18:57:01,045 [om1-groupManagement] INFO  server.RaftServerConfigKeys (ConfUtils.java:logGet(46)) - raft.server.notification.no-leader.timeout = 120s (custom)
2023-07-16 18:57:01,068 [om1-groupManagement] INFO  server.RaftServerConfigKeys (ConfUtils.java:logGet(46)) - raft.server.read.timeout = 10s (default)
2023-07-16 18:57:01,081 [om1-groupManagement] INFO  server.RaftServerConfigKeys (ConfUtils.java:logGet(46)) - raft.server.retrycache.expirytime = 300s (custom)
2023-07-16 18:57:01,081 [om1-groupManagement] INFO  server.RaftServerConfigKeys (ConfUtils.java:logGet(46)) - raft.server.retrycache.statistics.expirytime = 100μs (default)
2023-07-16 18:57:01,161 [om1-groupManagement] INFO  server.RaftServerConfigKeys (ConfUtils.java:logGet(46)) - raft.server.read.option = DEFAULT (default)
2023-07-16 18:57:01,218 [om1-groupManagement] INFO  server.RaftServerConfigKeys (ConfUtils.java:logGet(46)) - raft.server.rpc.request.timeout = 3000ms (default)
2023-07-16 18:57:01,221 [om1-groupManagement] INFO  server.RaftServerConfigKeys (ConfUtils.java:logGet(46)) - raft.server.log.appender.install.snapshot.enabled = false (custom)
2023-07-16 18:57:01,221 [om1-groupManagement] INFO  server.RaftServerConfigKeys (ConfUtils.java:logGet(46)) - raft.server.threadpool.server.cached = true (default)
2023-07-16 18:57:01,241 [om1-groupManagement] INFO  server.RaftServerConfigKeys (ConfUtils.java:logGet(46)) - raft.server.threadpool.server.size = 0 (default)
2023-07-16 18:57:01,241 [om1-groupManagement] INFO  server.RaftServerConfigKeys (ConfUtils.java:logGet(46)) - raft.server.threadpool.client.cached = true (default)
2023-07-16 18:57:01,244 [om1-groupManagement] INFO  server.RaftServerConfigKeys (ConfUtils.java:logGet(46)) - raft.server.threadpool.client.size = 0 (default)
2023-07-16 18:57:01,792 [main] INFO  reflections.Reflections (Reflections.java:scan(232)) - Reflections took 745 ms to scan 19 urls, producing 70 keys and 5547 values [using 2 cores]
2023-07-16 18:57:01,962 [main] INFO  ipc.CallQueueManager (CallQueueManager.java:<init>(90)) - Using callQueue: class java.util.concurrent.LinkedBlockingQueue, queueCapacity: 2000, scheduler: class org.apache.hadoop.ipc.DefaultRpcScheduler, ipcBackoff: false.
2023-07-16 18:57:01,970 [main] INFO  ipc.Server (Server.java:<init>(1287)) - Listener at 127.0.0.1:15004
2023-07-16 18:57:01,971 [Socket Reader #1 for port 15004] INFO  ipc.Server (Server.java:run(1323)) - Starting Socket Reader #1 for port 15004
2023-07-16 18:57:02,008 [main] INFO  impl.MetricsSystemImpl (MetricsSystemImpl.java:init(158)) - OzoneManager metrics system started (again)
2023-07-16 18:57:02,023 [main] INFO  om.OzoneManager (OzoneManager.java:start(1622)) - OzoneManager RPC server is listening at localhost/127.0.0.1:15004
2023-07-16 18:57:02,023 [main] INFO  ratis.OzoneManagerRatisServer (OzoneManagerRatisServer.java:start(558)) - Starting OzoneManagerRatisServer om1 at port 15007
2023-07-16 18:57:02,026 [om1-impl-thread1] INFO  storage.RaftStorageDirectory (RaftStorageDirectoryImpl.java:analyzeStorage(137)) - The storage directory /home/runner/work/ozone/ozone/hadoop-ozone/integration-test/target/test-dir/MiniOzoneClusterImpl-8e52da8c-19f0-467e-9375-6950100829a3/ozone-meta/ratis/bf265839-605b-3f16-9796-c5ba1605619e does not exist. Creating ...
2023-07-16 18:57:02,031 [om1-impl-thread1] INFO  storage.RaftStorageDirectory (RaftStorageDirectoryImpl.java:tryLock(231)) - Lock on /home/runner/work/ozone/ozone/hadoop-ozone/integration-test/target/test-dir/MiniOzoneClusterImpl-8e52da8c-19f0-467e-9375-6950100829a3/ozone-meta/ratis/bf265839-605b-3f16-9796-c5ba1605619e/in_use.lock acquired by nodename 109267@fv-az587-727
2023-07-16 18:57:02,037 [om1-impl-thread1] INFO  storage.RaftStorage (RaftStorageImpl.java:format(96)) - Storage directory /home/runner/work/ozone/ozone/hadoop-ozone/integration-test/target/test-dir/MiniOzoneClusterImpl-8e52da8c-19f0-467e-9375-6950100829a3/ozone-meta/ratis/bf265839-605b-3f16-9796-c5ba1605619e has been successfully formatted.
2023-07-16 18:57:02,040 [om1-impl-thread1] INFO  server.RaftServerConfigKeys (ConfUtils.java:logGet(46)) - raft.server.log.use.memory = false (default)
2023-07-16 18:57:02,048 [om1-impl-thread1] INFO  server.RaftServerConfigKeys (ConfUtils.java:logGet(46)) - raft.server.log.purge.gap = 1000000 (custom)
2023-07-16 18:57:02,048 [om1-impl-thread1] INFO  server.RaftServerConfigKeys (ConfUtils.java:logGet(46)) - raft.server.log.appender.buffer.byte-limit = 33554432 (custom)
2023-07-16 18:57:02,050 [om1-impl-thread1] INFO  server.RaftServerConfigKeys (ConfUtils.java:logGet(46)) - raft.server.log.statemachine.data.read.timeout = 1000ms (default)
2023-07-16 18:57:02,050 [om1-impl-thread1] INFO  server.RaftServerConfigKeys (ConfUtils.java:logGet(46)) - raft.server.log.purge.preservation.log.num = 0 (default)
2023-07-16 18:57:02,053 [om1-impl-thread1] INFO  server.RaftServerConfigKeys (ConfUtils.java:logGet(46)) - raft.server.log.segment.size.max = 4194304 (custom)
2023-07-16 18:57:02,059 [om1-impl-thread1] INFO  server.RaftServerConfigKeys (ConfUtils.java:logGet(46)) - raft.server.log.segment.cache.num.max = 2 (custom)
2023-07-16 18:57:02,059 [om1-impl-thread1] INFO  server.RaftServerConfigKeys (ConfUtils.java:logGet(46)) - raft.server.log.segment.cache.size.max = 200MB (=209715200) (default)
2023-07-16 18:57:02,059 [om1-impl-thread1] INFO  server.RaftServerConfigKeys (ConfUtils.java:logGet(46)) - raft.server.log.appender.buffer.byte-limit = 33554432 (custom)
2023-07-16 18:57:02,065 [om1-impl-thread1] INFO  segmented.SegmentedRaftLogWorker (SegmentedRaftLogWorker.java:<init>(188)) - new om1@group-C5BA1605619E-SegmentedRaftLogWorker for RaftStorageImpl:Storage Directory /home/runner/work/ozone/ozone/hadoop-ozone/integration-test/target/test-dir/MiniOzoneClusterImpl-8e52da8c-19f0-467e-9375-6950100829a3/ozone-meta/ratis/bf265839-605b-3f16-9796-c5ba1605619e
2023-07-16 18:57:02,066 [om1-impl-thread1] INFO  server.RaftServerConfigKeys (ConfUtils.java:logGet(46)) - raft.server.log.queue.byte-limit = 64MB (=67108864) (default)
2023-07-16 18:57:02,066 [om1-impl-thread1] INFO  server.RaftServerConfigKeys (ConfUtils.java:logGet(46)) - raft.server.log.queue.element-limit = 4096 (default)
2023-07-16 18:57:02,067 [om1-impl-thread1] INFO  server.RaftServerConfigKeys (ConfUtils.java:logGet(46)) - raft.server.log.segment.size.max = 4194304 (custom)
2023-07-16 18:57:02,068 [om1-impl-thread1] INFO  server.RaftServerConfigKeys (ConfUtils.java:logGet(46)) - raft.server.log.preallocated.size = 4194304 (custom)
2023-07-16 18:57:02,068 [om1-impl-thread1] INFO  server.RaftServerConfigKeys (ConfUtils.java:logGet(46)) - raft.server.log.force.sync.num = 128 (default)
2023-07-16 18:57:02,069 [om1-impl-thread1] INFO  server.RaftServerConfigKeys (ConfUtils.java:logGet(46)) - raft.server.log.statemachine.data.sync = true (default)
2023-07-16 18:57:02,069 [om1-impl-thread1] INFO  server.RaftServerConfigKeys (ConfUtils.java:logGet(46)) - raft.server.log.statemachine.data.sync.timeout = 10s (default)
2023-07-16 18:57:02,069 [om1-impl-thread1] INFO  server.RaftServerConfigKeys (ConfUtils.java:logGet(46)) - raft.server.log.statemachine.data.sync.timeout.retry = -1 (default)
2023-07-16 18:57:02,076 [om1-impl-thread1] INFO  server.RaftServerConfigKeys (ConfUtils.java:logGet(46)) - raft.server.log.write.buffer.size = 64KB (=65536) (default)
2023-07-16 18:57:02,076 [om1-impl-thread1] INFO  server.RaftServerConfigKeys (ConfUtils.java:logGet(46)) - raft.server.log.appender.buffer.byte-limit = 33554432 (custom)
2023-07-16 18:57:02,113 [om1-impl-thread1] INFO  server.RaftServerConfigKeys (ConfUtils.java:logGet(46)) - raft.server.log.unsafe-flush.enabled = false (default)
2023-07-16 18:57:02,116 [om1-impl-thread1] INFO  server.RaftServerConfigKeys (ConfUtils.java:logGet(46)) - raft.server.log.async-flush.enabled = false (default)
2023-07-16 18:57:02,116 [om1-impl-thread1] INFO  server.RaftServerConfigKeys (ConfUtils.java:logGet(46)) - raft.server.log.statemachine.data.caching.enabled = false (default)
2023-07-16 18:57:02,122 [om1-impl-thread1] INFO  segmented.SegmentedRaftLogWorker (SegmentedRaftLogWorker.java:lambda$new$0(135)) - om1@group-C5BA1605619E-SegmentedRaftLogWorker: flushIndex: setUnconditionally 0 -> -1
2023-07-16 18:57:02,122 [om1-impl-thread1] INFO  segmented.SegmentedRaftLogWorker (SegmentedRaftLogWorker.java:lambda$new$0(135)) - om1@group-C5BA1605619E-SegmentedRaftLogWorker: safeCacheEvictIndex: setUnconditionally 0 -> -1
2023-07-16 18:57:02,123 [om1-impl-thread1] INFO  server.RaftServer$Division (RaftServerImpl.java:start(342)) - om1@group-C5BA1605619E: start as a follower, conf=-1: peers:[om1|rpc:localhost:15007|priority:0|startupRole:FOLLOWER]|listeners:[], old=null
2023-07-16 18:57:02,128 [om1-impl-thread1] INFO  server.RaftServer$Division (RaftServerImpl.java:setRole(329)) - om1@group-C5BA1605619E: changes role from      null to FOLLOWER at term 0 for startAsFollower
2023-07-16 18:57:02,129 [om1-impl-thread1] INFO  impl.RoleInfo (RoleInfo.java:updateAndGet(139)) - om1: start om1@group-C5BA1605619E-FollowerState
2023-07-16 18:57:02,130 [om1-impl-thread1] INFO  util.JmxRegister (JmxRegister.java:tryRegister(44)) - Successfully registered JMX Bean with object name Ratis:service=RaftServer,group=group-C5BA1605619E,id=om1
2023-07-16 18:57:02,132 [om1-impl-thread1] INFO  server.RaftServerConfigKeys (ConfUtils.java:logGet(46)) - raft.server.snapshot.auto.trigger.enabled = true (custom)
2023-07-16 18:57:02,132 [om1-impl-thread1] INFO  server.RaftServerConfigKeys (ConfUtils.java:logGet(46)) - raft.server.snapshot.auto.trigger.threshold = 400000 (default)
2023-07-16 18:57:02,132 [om1-impl-thread1] INFO  server.RaftServerConfigKeys (ConfUtils.java:logGet(46)) - raft.server.snapshot.retention.file.num = -1 (default)
2023-07-16 18:57:02,133 [om1-impl-thread1] INFO  server.RaftServerConfigKeys (ConfUtils.java:logGet(46)) - raft.server.log.purge.upto.snapshot.index = true (custom)
2023-07-16 18:57:02,136 [om1@group-C5BA1605619E-FollowerState] INFO  server.RaftServerConfigKeys (ConfUtils.java:logFallback(53)) - raft.server.rpc.first-election.timeout.min = 1s (fallback to raft.server.rpc.timeout.min)
2023-07-16 18:57:02,136 [om1@group-C5BA1605619E-FollowerState] INFO  server.RaftServerConfigKeys (ConfUtils.java:logFallback(53)) - raft.server.rpc.first-election.timeout.max = 1200ms (fallback to raft.server.rpc.timeout.max)
2023-07-16 18:57:02,136 [main] INFO  server.RaftServer (RaftServerProxy.java:startImpl(400)) - om1: start RPC server
2023-07-16 18:57:02,188 [main] INFO  server.GrpcService (GrpcService.java:startImpl(302)) - om1: GrpcService started, listening on 15007
2023-07-16 18:57:02,190 [main] INFO  om.OzoneManager (OzoneManager.java:start(1638)) - Version File has different layout version (6) than OM DB (null). That is expected if this OM has never been finalized to a newer layout version.
2023-07-16 18:57:02,195 [JvmPauseMonitor1] INFO  util.JvmPauseMonitor (JvmPauseMonitor.java:run(103)) - JvmPauseMonitor-om1: Started
2023-07-16 18:57:02,226 [main] INFO  http.BaseHttpServer (BaseHttpServer.java:newHttpServer2BuilderForOzone(224)) - Starting Web-server for ozoneManager at: http://0.0.0.0:15005
2023-07-16 18:57:02,226 [main] INFO  http.BaseHttpServer (BaseHttpServer.java:<init>(111)) - Hadoop Security Enabled: false Ozone Security Enabled: false Ozone HTTP Security Enabled: false 
2023-07-16 18:57:02,228 [main] WARN  server.AuthenticationFilter (AuthenticationFilter.java:constructSecretProvider(240)) - Unable to initialize FileSignerSecretProvider, falling back to use random secrets. Reason: Could not read signature secret file: /home/runner/hadoop-http-auth-signature-secret
2023-07-16 18:57:02,230 [main] INFO  http.HttpRequestLog (HttpRequestLog.java:getRequestLog(86)) - Http request log for http.requests.ozoneManager is not defined
2023-07-16 18:57:02,232 [main] INFO  http.HttpServer2 (HttpServer2.java:addGlobalFilter(1031)) - Added global filter 'safety' (class=org.apache.hadoop.hdds.server.http.HttpServer2$QuotingInputFilter)
2023-07-16 18:57:02,235 [main] INFO  http.HttpServer2 (HttpServer2.java:addFilter(1007)) - Added filter static_user_filter (class=org.apache.hadoop.http.lib.StaticUserWebFilter$StaticUserFilter) to context ozoneManager
2023-07-16 18:57:02,235 [main] INFO  http.HttpServer2 (HttpServer2.java:addFilter(1015)) - Added filter static_user_filter (class=org.apache.hadoop.http.lib.StaticUserWebFilter$StaticUserFilter) to context logs
2023-07-16 18:57:02,235 [main] INFO  http.HttpServer2 (HttpServer2.java:addFilter(1015)) - Added filter static_user_filter (class=org.apache.hadoop.http.lib.StaticUserWebFilter$StaticUserFilter) to context static
2023-07-16 18:57:02,239 [main] INFO  http.BaseHttpServer (BaseHttpServer.java:<init>(190)) - HTTP server of ozoneManager uses base directory /home/runner/work/ozone/ozone/hadoop-ozone/integration-test/target/test-dir/MiniOzoneClusterImpl-8e52da8c-19f0-467e-9375-6950100829a3/ozone-meta/webserver
2023-07-16 18:57:02,244 [main] INFO  http.HttpServer2 (HttpServer2.java:bindListener(1250)) - Jetty bound to port 15005
2023-07-16 18:57:02,244 [main] INFO  server.Server (Server.java:doStart(375)) - jetty-9.4.51.v20230217; built: 2023-02-17T08:19:37.309Z; git: b45c405e4544384de066f814ed42ae3dceacdd49; jvm 1.8.0_372-b07
2023-07-16 18:57:02,255 [main] INFO  server.session (DefaultSessionIdManager.java:doStart(334)) - DefaultSessionIdManager workerName=node0
2023-07-16 18:57:02,255 [main] INFO  server.session (DefaultSessionIdManager.java:doStart(339)) - No SessionScavenger set, using defaults
2023-07-16 18:57:02,255 [main] INFO  server.session (HouseKeeper.java:startScavenging(132)) - node0 Scavenging every 600000ms
2023-07-16 18:57:02,256 [main] INFO  handler.ContextHandler (ContextHandler.java:doStart(921)) - Started o.e.j.s.ServletContextHandler@6febc148{logs,/logs,file:///home/runner/work/ozone/ozone/hadoop-ozone/integration-test/target/log,AVAILABLE}
2023-07-16 18:57:02,257 [main] INFO  handler.ContextHandler (ContextHandler.java:doStart(921)) - Started o.e.j.s.ServletContextHandler@2a7fa6a6{static,/static,file:///home/runner/work/ozone/ozone/hadoop-ozone/integration-test/target/test-classes/webapps/static,AVAILABLE}
2023-07-16 18:57:02,262 [main] INFO  handler.ContextHandler (ContextHandler.java:doStart(921)) - Started o.e.j.w.WebAppContext@4ba52076{ozoneManager,/,file:///home/runner/work/ozone/ozone/hadoop-ozone/integration-test/target/test-classes/webapps/ozoneManager/,AVAILABLE}{file:/home/runner/work/ozone/ozone/hadoop-ozone/integration-test/target/test-classes/webapps/ozoneManager}
2023-07-16 18:57:02,263 [main] INFO  server.AbstractConnector (AbstractConnector.java:doStart(333)) - Started ServerConnector@14ad34d6{HTTP/1.1, (http/1.1)}{0.0.0.0:15005}
2023-07-16 18:57:02,263 [main] INFO  server.Server (Server.java:doStart(415)) - Started @9437ms
2023-07-16 18:57:02,264 [main] WARN  impl.MetricsSystemImpl (MetricsSystemImpl.java:register(279)) - Sink prometheus already exists!
2023-07-16 18:57:02,264 [main] INFO  http.BaseHttpServer (BaseHttpServer.java:updateConnectorAddress(344)) - HTTP server of ozoneManager listening at http://0.0.0.0:15005
2023-07-16 18:57:02,266 [IPC Server Responder] INFO  ipc.Server (Server.java:run(1562)) - IPC Server Responder: starting
2023-07-16 18:57:02,267 [IPC Server listener on 15004] INFO  ipc.Server (Server.java:run(1402)) - IPC Server listener on 15004: starting
2023-07-16 18:57:02,269 [main] INFO  om.OzoneManager (OzoneManager.java:startTrashEmptier(2090)) - Trash Interval set to 0. Files deleted won't move to trash
2023-07-16 18:57:02,409 [main] WARN  impl.MetricRegistriesImpl (MetricRegistriesImpl.java:addReporterRegistration(111)) - New reporters are added after registries were created. Some metrics will be missing from the reporter. Please add reporter before adding any new registry.
2023-07-16 18:57:02,409 [main] WARN  impl.MetricRegistriesImpl (MetricRegistriesImpl.java:addReporterRegistration(111)) - New reporters are added after registries were created. Some metrics will be missing from the reporter. Please add reporter before adding any new registry.
2023-07-16 18:57:02,409 [main] INFO  impl.MetricsSystemImpl (MetricsSystemImpl.java:init(158)) - HddsDatanode metrics system started (again)
2023-07-16 18:57:02,434 [main] INFO  ozone.HddsDatanodeService (HddsDatanodeService.java:start(237)) - HddsDatanodeService host:fv-az587-727.eelbpncqjxkupcyqmv043tjoah.jx.internal.cloudapp.net ip:10.1.0.14
2023-07-16 18:57:02,469 [main] INFO  upgrade.AbstractLayoutVersionManager (AbstractLayoutVersionManager.java:init(83)) - Initializing Layout version manager with metadata layout = HADOOP_PRC_PORTS_IN_DATANODEDETAILS (version = 7), software layout = HADOOP_PRC_PORTS_IN_DATANODEDETAILS (version = 7)
2023-07-16 18:57:02,471 [main] INFO  statemachine.DatanodeStateMachine (DatanodeStateMachine.java:getEndPointTaskThreadPoolSize(279)) - Datanode State Machine Task Thread Pool size 2
2023-07-16 18:57:02,580 [main] INFO  volume.HddsVolume (HddsVolume.java:<init>(126)) - Creating HddsVolume: /home/runner/work/ozone/ozone/hadoop-ozone/integration-test/target/test-dir/MiniOzoneClusterImpl-8e52da8c-19f0-467e-9375-6950100829a3/datanode-0/data-0/containers/hdds of storage type : DISK capacity : 9223372036854775807
2023-07-16 18:57:02,583 [main] INFO  volume.MutableVolumeSet (MutableVolumeSet.java:initializeVolumeSet(175)) - Added Volume : /home/runner/work/ozone/ozone/hadoop-ozone/integration-test/target/test-dir/MiniOzoneClusterImpl-8e52da8c-19f0-467e-9375-6950100829a3/datanode-0/data-0/containers/hdds to VolumeSet
2023-07-16 18:57:02,584 [main] INFO  volume.ThrottledAsyncChecker (ThrottledAsyncChecker.java:schedule(141)) - Scheduling a check for /home/runner/work/ozone/ozone/hadoop-ozone/integration-test/target/test-dir/MiniOzoneClusterImpl-8e52da8c-19f0-467e-9375-6950100829a3/datanode-0/data-0/containers/hdds
2023-07-16 18:57:02,611 [main] INFO  volume.StorageVolumeChecker (StorageVolumeChecker.java:checkAllVolumes(202)) - Scheduled health check for volume /home/runner/work/ozone/ozone/hadoop-ozone/integration-test/target/test-dir/MiniOzoneClusterImpl-8e52da8c-19f0-467e-9375-6950100829a3/datanode-0/data-0/containers/hdds
2023-07-16 18:57:02,616 [main] INFO  volume.MutableVolumeSet (MutableVolumeSet.java:initializeVolumeSet(175)) - Added Volume : /home/runner/work/ozone/ozone/hadoop-ozone/integration-test/target/test-dir/MiniOzoneClusterImpl-8e52da8c-19f0-467e-9375-6950100829a3/datanode-0/data/ratis to VolumeSet
2023-07-16 18:57:02,616 [main] INFO  volume.ThrottledAsyncChecker (ThrottledAsyncChecker.java:schedule(141)) - Scheduling a check for /home/runner/work/ozone/ozone/hadoop-ozone/integration-test/target/test-dir/MiniOzoneClusterImpl-8e52da8c-19f0-467e-9375-6950100829a3/datanode-0/data/ratis
2023-07-16 18:57:02,617 [main] INFO  volume.StorageVolumeChecker (StorageVolumeChecker.java:checkAllVolumes(202)) - Scheduled health check for volume /home/runner/work/ozone/ozone/hadoop-ozone/integration-test/target/test-dir/MiniOzoneClusterImpl-8e52da8c-19f0-467e-9375-6950100829a3/datanode-0/data/ratis
2023-07-16 18:57:02,631 [Thread-151] INFO  ozoneimpl.ContainerReader (ContainerReader.java:readVolume(177)) - Finish verifying containers on volume /home/runner/work/ozone/ozone/hadoop-ozone/integration-test/target/test-dir/MiniOzoneClusterImpl-8e52da8c-19f0-467e-9375-6950100829a3/datanode-0/data-0/containers/hdds
2023-07-16 18:57:02,631 [main] INFO  ozoneimpl.OzoneContainer (OzoneContainer.java:buildContainerSet(316)) - Build ContainerSet costs 0s
2023-07-16 18:57:02,685 [main] INFO  audit.AuditLogger (AuditLogger.java:refreshDebugCmdSet(126)) - Refresh DebugCmdSet for DNAudit to [].
2023-07-16 18:57:02,718 [main] INFO  server.RaftServer (ConfUtils.java:logGet(46)) - raft.rpc.type = GRPC (default)
2023-07-16 18:57:02,719 [main] INFO  grpc.GrpcConfigKeys (ConfUtils.java:logFallback(53)) - raft.grpc.admin.host = null (fallback to raft.grpc.server.host)
2023-07-16 18:57:02,719 [main] INFO  grpc.GrpcConfigKeys (ConfUtils.java:logGet(46)) - raft.grpc.admin.port = 15013 (custom)
2023-07-16 18:57:02,719 [main] INFO  grpc.GrpcConfigKeys (ConfUtils.java:logFallback(53)) - raft.grpc.client.host = null (fallback to raft.grpc.server.host)
2023-07-16 18:57:02,719 [main] INFO  grpc.GrpcConfigKeys (ConfUtils.java:logGet(46)) - raft.grpc.client.port = 15012 (custom)
2023-07-16 18:57:02,719 [main] INFO  grpc.GrpcConfigKeys (ConfUtils.java:logGet(46)) - raft.grpc.server.host = null (default)
2023-07-16 18:57:02,719 [main] INFO  grpc.GrpcConfigKeys (ConfUtils.java:logGet(46)) - raft.grpc.server.port = 15014 (custom)
2023-07-16 18:57:02,720 [main] INFO  server.GrpcService (ConfUtils.java:logGet(46)) - raft.grpc.message.size.max = 32MB (=33554432) (custom)
2023-07-16 18:57:02,720 [main] INFO  server.RaftServerConfigKeys (ConfUtils.java:logGet(46)) - raft.server.log.appender.buffer.byte-limit = 33554432 (custom)
2023-07-16 18:57:02,720 [main] INFO  server.GrpcService (ConfUtils.java:logGet(46)) - raft.grpc.flow.control.window = 5MB (=5242880) (custom)
2023-07-16 18:57:02,720 [main] INFO  server.RaftServerConfigKeys (ConfUtils.java:logGet(46)) - raft.server.rpc.request.timeout = 60s (custom)
2023-07-16 18:57:02,720 [main] INFO  grpc.GrpcConfigKeys (ConfUtils.java:logGet(46)) - raft.grpc.server.heartbeat.channel = true (default)
2023-07-16 18:57:02,720 [main] INFO  grpc.GrpcConfigKeys (ConfUtils.java:logGet(46)) - raft.grpc.server.async.request.thread.pool.cached = true (default)
2023-07-16 18:57:02,720 [main] INFO  grpc.GrpcConfigKeys (ConfUtils.java:logGet(46)) - raft.grpc.server.async.request.thread.pool.size = 32 (default)
2023-07-16 18:57:02,723 [main] INFO  impl.DataStreamServerImpl (ConfUtils.java:logGet(46)) - raft.datastream.type = NETTY (custom)
2023-07-16 18:57:02,733 [main] INFO  server.RaftServerConfigKeys (ConfUtils.java:logGet(46)) - raft.server.data-stream.async.request.thread.pool.cached = false (default)
2023-07-16 18:57:02,734 [main] INFO  server.RaftServerConfigKeys (ConfUtils.java:logGet(46)) - raft.server.data-stream.async.request.thread.pool.size = 20 (custom)
2023-07-16 18:57:02,734 [main] INFO  server.RaftServerConfigKeys (ConfUtils.java:logGet(46)) - raft.server.data-stream.async.write.thread.pool.size = 16 (default)
2023-07-16 18:57:02,736 [main] INFO  server.RaftServerConfigKeys (ConfUtils.java:logGet(46)) - raft.server.data-stream.client.pool.size = 10 (default)
2023-07-16 18:57:02,739 [main] INFO  netty.NettyConfigKeys$DataStream (ConfUtils.java:logGet(46)) - raft.netty.dataStream.server.use-epoll = false (default)
2023-07-16 18:57:02,739 [main] INFO  netty.NettyConfigKeys$DataStream (ConfUtils.java:logGet(46)) - raft.netty.dataStream.server.boss-group.size = 0 (default)
2023-07-16 18:57:02,747 [main] INFO  netty.NettyConfigKeys$DataStream (ConfUtils.java:logGet(46)) - raft.netty.dataStream.server.worker-group.size = 0 (default)
2023-07-16 18:57:02,764 [main] INFO  netty.NettyConfigKeys$DataStream (ConfUtils.java:logGet(46)) - raft.netty.dataStream.server.tls.conf = null (default)
2023-07-16 18:57:02,765 [main] INFO  netty.NettyConfigKeys$DataStream (ConfUtils.java:logGet(46)) - raft.netty.dataStream.host = null (default)
2023-07-16 18:57:02,766 [main] INFO  netty.NettyConfigKeys$DataStream (ConfUtils.java:logGet(46)) - raft.netty.dataStream.port = 15015 (custom)
2023-07-16 18:57:02,775 [main] INFO  server.RaftServerConfigKeys (ConfUtils.java:logGet(46)) - raft.server.threadpool.proxy.cached = true (default)
2023-07-16 18:57:02,776 [main] INFO  server.RaftServerConfigKeys (ConfUtils.java:logGet(46)) - raft.server.threadpool.proxy.size = 0 (default)
2023-07-16 18:57:02,776 [main] INFO  server.RaftServerConfigKeys (ConfUtils.java:logGet(46)) - raft.server.rpc.slowness.timeout = 300s (custom)
2023-07-16 18:57:02,776 [main] INFO  server.RaftServerConfigKeys (ConfUtils.java:logGet(46)) - raft.server.leaderelection.leader.step-down.wait-time = 10s (default)
2023-07-16 18:57:02,776 [main] INFO  server.RaftServerConfigKeys (ConfUtils.java:logGet(46)) - raft.server.storage.dir = [/home/runner/work/ozone/ozone/hadoop-ozone/integration-test/target/test-dir/MiniOzoneClusterImpl-8e52da8c-19f0-467e-9375-6950100829a3/datanode-0/data/ratis] (custom)
2023-07-16 18:57:02,798 [0e76f3da-5374-4d3e-bc44-9848a147cb1b-NettyServerStreamRpc-bossGroup--thread1] INFO  logging.LoggingHandler (AbstractInternalLogger.java:log(148)) - [id: 0xc4381082] REGISTERED
2023-07-16 18:57:02,799 [0e76f3da-5374-4d3e-bc44-9848a147cb1b-NettyServerStreamRpc-bossGroup--thread1] INFO  logging.LoggingHandler (AbstractInternalLogger.java:log(148)) - [id: 0xc4381082] BIND: 0.0.0.0/0.0.0.0:15015
2023-07-16 18:57:02,800 [0e76f3da-5374-4d3e-bc44-9848a147cb1b-NettyServerStreamRpc-bossGroup--thread1] INFO  logging.LoggingHandler (AbstractInternalLogger.java:log(148)) - [id: 0xc4381082, L:/0:0:0:0:0:0:0:0:15015] ACTIVE
2023-07-16 18:57:02,805 [main] INFO  server.XceiverServerGrpc (XceiverServerGrpc.java:<init>(132)) - GrpcServer channel type EpollServerSocketChannel
2023-07-16 18:57:02,845 [main] INFO  replication.ReplicationSupervisor (ReplicationSupervisor.java:nodeStateUpdated(305)) - Node state updated to IN_SERVICE, scaling executor pool size to 10
2023-07-16 18:57:02,900 [main] INFO  http.BaseHttpServer (BaseHttpServer.java:newHttpServer2BuilderForOzone(224)) - Starting Web-server for hddsDatanode at: http://0.0.0.0:15009
2023-07-16 18:57:02,900 [main] INFO  http.BaseHttpServer (BaseHttpServer.java:<init>(111)) - Hadoop Security Enabled: false Ozone Security Enabled: false Ozone HTTP Security Enabled: false 
2023-07-16 18:57:02,902 [main] WARN  server.AuthenticationFilter (AuthenticationFilter.java:constructSecretProvider(240)) - Unable to initialize FileSignerSecretProvider, falling back to use random secrets. Reason: Could not read signature secret file: /home/runner/hadoop-http-auth-signature-secret
2023-07-16 18:57:02,906 [main] INFO  http.HttpRequestLog (HttpRequestLog.java:getRequestLog(86)) - Http request log for http.requests.hddsDatanode is not defined
2023-07-16 18:57:02,909 [main] INFO  http.HttpServer2 (HttpServer2.java:addGlobalFilter(1031)) - Added global filter 'safety' (class=org.apache.hadoop.hdds.server.http.HttpServer2$QuotingInputFilter)
2023-07-16 18:57:02,910 [main] INFO  http.HttpServer2 (HttpServer2.java:addFilter(1007)) - Added filter static_user_filter (class=org.apache.hadoop.http.lib.StaticUserWebFilter$StaticUserFilter) to context hddsDatanode
2023-07-16 18:57:02,910 [main] INFO  http.HttpServer2 (HttpServer2.java:addFilter(1015)) - Added filter static_user_filter (class=org.apache.hadoop.http.lib.StaticUserWebFilter$StaticUserFilter) to context logs
2023-07-16 18:57:02,910 [main] INFO  http.HttpServer2 (HttpServer2.java:addFilter(1015)) - Added filter static_user_filter (class=org.apache.hadoop.http.lib.StaticUserWebFilter$StaticUserFilter) to context static
2023-07-16 18:57:02,911 [main] INFO  http.BaseHttpServer (BaseHttpServer.java:<init>(190)) - HTTP server of hddsDatanode uses base directory /home/runner/work/ozone/ozone/hadoop-ozone/integration-test/target/test-dir/MiniOzoneClusterImpl-8e52da8c-19f0-467e-9375-6950100829a3/datanode-0/meta/webserver
2023-07-16 18:57:02,911 [main] INFO  http.HttpServer2 (HttpServer2.java:bindListener(1250)) - Jetty bound to port 15009
2023-07-16 18:57:02,912 [main] INFO  server.Server (Server.java:doStart(375)) - jetty-9.4.51.v20230217; built: 2023-02-17T08:19:37.309Z; git: b45c405e4544384de066f814ed42ae3dceacdd49; jvm 1.8.0_372-b07
2023-07-16 18:57:02,913 [main] INFO  server.session (DefaultSessionIdManager.java:doStart(334)) - DefaultSessionIdManager workerName=node0
2023-07-16 18:57:02,913 [main] INFO  server.session (DefaultSessionIdManager.java:doStart(339)) - No SessionScavenger set, using defaults
2023-07-16 18:57:02,914 [main] INFO  server.session (HouseKeeper.java:startScavenging(132)) - node0 Scavenging every 600000ms
2023-07-16 18:57:02,914 [main] INFO  handler.ContextHandler (ContextHandler.java:doStart(921)) - Started o.e.j.s.ServletContextHandler@755d9fac{logs,/logs,file:///home/runner/work/ozone/ozone/hadoop-ozone/integration-test/target/log,AVAILABLE}
2023-07-16 18:57:02,915 [main] INFO  handler.ContextHandler (ContextHandler.java:doStart(921)) - Started o.e.j.s.ServletContextHandler@33f09cbf{static,/static,jar:file:/home/runner/.m2/repository/org/apache/ozone/hdds-container-service/1.4.0-SNAPSHOT/hdds-container-service-1.4.0-SNAPSHOT.jar!/webapps/static,AVAILABLE}
2023-07-16 18:57:03,128 [main] INFO  handler.ContextHandler (ContextHandler.java:doStart(921)) - Started o.e.j.w.WebAppContext@11efae36{hddsDatanode,/,file:///home/runner/work/ozone/ozone/hadoop-ozone/integration-test/target/tmp/kms/webapp/,AVAILABLE}{jar:file:/home/runner/.m2/repository/org/apache/ozone/hdds-container-service/1.4.0-SNAPSHOT/hdds-container-service-1.4.0-SNAPSHOT.jar!/webapps/hddsDatanode}
2023-07-16 18:57:03,130 [main] INFO  server.AbstractConnector (AbstractConnector.java:doStart(333)) - Started ServerConnector@6178c6b{HTTP/1.1, (http/1.1)}{0.0.0.0:15009}
2023-07-16 18:57:03,131 [main] INFO  server.Server (Server.java:doStart(415)) - Started @10304ms
2023-07-16 18:57:03,131 [main] WARN  impl.MetricsSystemImpl (MetricsSystemImpl.java:register(279)) - Sink prometheus already exists!
2023-07-16 18:57:03,132 [main] INFO  http.BaseHttpServer (BaseHttpServer.java:updateConnectorAddress(344)) - HTTP server of hddsDatanode listening at http://0.0.0.0:15009
2023-07-16 18:57:03,148 [om1@group-C5BA1605619E-FollowerState] INFO  impl.FollowerState (FollowerState.java:run(143)) - om1@group-C5BA1605619E-FollowerState: change to CANDIDATE, lastRpcElapsedTime:1019065446ns, electionTimeout:1011ms
2023-07-16 18:57:03,149 [om1@group-C5BA1605619E-FollowerState] INFO  impl.RoleInfo (RoleInfo.java:shutdownFollowerState(110)) - om1: shutdown om1@group-C5BA1605619E-FollowerState
2023-07-16 18:57:03,151 [om1@group-C5BA1605619E-FollowerState] INFO  server.RaftServer$Division (RaftServerImpl.java:setRole(329)) - om1@group-C5BA1605619E: changes role from  FOLLOWER to CANDIDATE at term 0 for changeToCandidate
2023-07-16 18:57:03,156 [om1@group-C5BA1605619E-FollowerState] INFO  server.RaftServerConfigKeys (ConfUtils.java:logGet(46)) - raft.server.leaderelection.pre-vote = true (default)
2023-07-16 18:57:03,156 [om1@group-C5BA1605619E-FollowerState] INFO  impl.RoleInfo (RoleInfo.java:updateAndGet(139)) - om1: start om1@group-C5BA1605619E-LeaderElection1
2023-07-16 18:57:03,162 [main] INFO  ipc.CallQueueManager (CallQueueManager.java:<init>(90)) - Using callQueue: class java.util.concurrent.LinkedBlockingQueue, queueCapacity: 100, scheduler: class org.apache.hadoop.ipc.DefaultRpcScheduler, ipcBackoff: false.
2023-07-16 18:57:03,162 [main] INFO  ipc.Server (Server.java:<init>(1287)) - Listener at 0.0.0.0:15010
2023-07-16 18:57:03,171 [om1@group-C5BA1605619E-LeaderElection1] INFO  impl.LeaderElection (LeaderElection.java:askForVotes(321)) - om1@group-C5BA1605619E-LeaderElection1 PRE_VOTE round 0: submit vote requests at term 0 for -1: peers:[om1|rpc:localhost:15007|priority:0|startupRole:FOLLOWER]|listeners:[], old=null
2023-07-16 18:57:03,172 [om1@group-C5BA1605619E-LeaderElection1] INFO  impl.LeaderElection (LeaderElection.java:askForVotes(323)) - om1@group-C5BA1605619E-LeaderElection1 PRE_VOTE round 0: result PASSED (term=0)
2023-07-16 18:57:03,175 [Socket Reader #1 for port 15010] INFO  ipc.Server (Server.java:run(1323)) - Starting Socket Reader #1 for port 15010
2023-07-16 18:57:03,179 [om1@group-C5BA1605619E-LeaderElection1] INFO  impl.LeaderElection (LeaderElection.java:askForVotes(321)) - om1@group-C5BA1605619E-LeaderElection1 ELECTION round 0: submit vote requests at term 1 for -1: peers:[om1|rpc:localhost:15007|priority:0|startupRole:FOLLOWER]|listeners:[], old=null
2023-07-16 18:57:03,179 [om1@group-C5BA1605619E-LeaderElection1] INFO  impl.LeaderElection (LeaderElection.java:askForVotes(323)) - om1@group-C5BA1605619E-LeaderElection1 ELECTION round 0: result PASSED (term=1)
2023-07-16 18:57:03,179 [om1@group-C5BA1605619E-LeaderElection1] INFO  impl.RoleInfo (RoleInfo.java:shutdownLeaderElection(130)) - om1: shutdown om1@group-C5BA1605619E-LeaderElection1
2023-07-16 18:57:03,179 [om1@group-C5BA1605619E-LeaderElection1] INFO  server.RaftServer$Division (RaftServerImpl.java:setRole(329)) - om1@group-C5BA1605619E: changes role from CANDIDATE to LEADER at term 1 for changeToLeader
2023-07-16 18:57:03,187 [om1@group-C5BA1605619E-LeaderElection1] INFO  server.RaftServer$Division (ServerState.java:setLeader(317)) - om1@group-C5BA1605619E: change Leader from null to om1 at term 1 for becomeLeader, leader elected after 2134ms
2023-07-16 18:57:03,188 [main] INFO  ozone.HddsDatanodeService (HddsDatanodeService.java:start(315)) - Datanode start with admins: [runner]
2023-07-16 18:57:03,188 [main] INFO  ozone.HddsDatanodeClientProtocolServer (HddsDatanodeClientProtocolServer.java:start(72)) - RPC server for Client /0.0.0.0:15010
2023-07-16 18:57:03,192 [IPC Server Responder] INFO  ipc.Server (Server.java:run(1562)) - IPC Server Responder: starting
2023-07-16 18:57:03,203 [om1@group-C5BA1605619E-LeaderElection1] INFO  server.RaftServerConfigKeys (ConfUtils.java:logGet(46)) - raft.server.staging.catchup.gap = 1000 (default)
2023-07-16 18:57:03,207 [IPC Server listener on 15010] INFO  ipc.Server (Server.java:run(1402)) - IPC Server listener on 15010: starting
2023-07-16 18:57:03,214 [om1@group-C5BA1605619E-LeaderElection1] INFO  server.RaftServerConfigKeys (ConfUtils.java:logGet(46)) - raft.server.write.element-limit = 4096 (default)
2023-07-16 18:57:03,215 [om1@group-C5BA1605619E-LeaderElection1] INFO  server.RaftServerConfigKeys (ConfUtils.java:logGet(46)) - raft.server.write.byte-limit = 64MB (=67108864) (default)
2023-07-16 18:57:03,218 [main] WARN  impl.MetricRegistriesImpl (MetricRegistriesImpl.java:addReporterRegistration(111)) - New reporters are added after registries were created. Some metrics will be missing from the reporter. Please add reporter before adding any new registry.
2023-07-16 18:57:03,219 [main] WARN  impl.MetricRegistriesImpl (MetricRegistriesImpl.java:addReporterRegistration(111)) - New reporters are added after registries were created. Some metrics will be missing from the reporter. Please add reporter before adding any new registry.
2023-07-16 18:57:03,219 [main] INFO  impl.MetricsSystemImpl (MetricsSystemImpl.java:init(158)) - HddsDatanode metrics system started (again)
2023-07-16 18:57:03,217 [Datanode State Machine Daemon Thread] INFO  statemachine.DatanodeStateMachine (DatanodeStateMachine.java:lambda$startDaemon$0(531)) - Ozone container server started.
2023-07-16 18:57:03,221 [om1@group-C5BA1605619E-LeaderElection1] INFO  server.RaftServerConfigKeys (ConfUtils.java:logGet(46)) - raft.server.watch.timeout = 10s (default)
2023-07-16 18:57:03,222 [om1@group-C5BA1605619E-LeaderElection1] INFO  server.RaftServerConfigKeys (ConfUtils.java:logGet(46)) - raft.server.watch.timeout.denomination = 1s (default)
2023-07-16 18:57:03,222 [om1@group-C5BA1605619E-LeaderElection1] INFO  server.RaftServerConfigKeys (ConfUtils.java:logGet(46)) - raft.server.watch.element-limit = 65536 (default)
2023-07-16 18:57:03,227 [om1@group-C5BA1605619E-LeaderElection1] INFO  server.RaftServerConfigKeys (ConfUtils.java:logGet(46)) - raft.server.write.element-limit = 4096 (default)
2023-07-16 18:57:03,231 [om1@group-C5BA1605619E-LeaderElection1] INFO  server.RaftServerConfigKeys (ConfUtils.java:logGet(46)) - raft.server.write.follower.gap.ratio.max = -1.0 (default)
2023-07-16 18:57:03,233 [om1@group-C5BA1605619E-LeaderElection1] INFO  impl.RoleInfo (RoleInfo.java:updateAndGet(139)) - om1: start om1@group-C5BA1605619E-LeaderStateImpl
2023-07-16 18:57:03,253 [main] INFO  ozone.HddsDatanodeService (HddsDatanodeService.java:start(237)) - HddsDatanodeService host:fv-az587-727.eelbpncqjxkupcyqmv043tjoah.jx.internal.cloudapp.net ip:10.1.0.14
2023-07-16 18:57:03,268 [om1@group-C5BA1605619E-LeaderElection1] INFO  segmented.SegmentedRaftLogWorker (SegmentedRaftLogWorker.java:startLogSegment(447)) - om1@group-C5BA1605619E-SegmentedRaftLogWorker: Starting segment from index:0
2023-07-16 18:57:03,283 [main] INFO  upgrade.AbstractLayoutVersionManager (AbstractLayoutVersionManager.java:init(83)) - Initializing Layout version manager with metadata layout = HADOOP_PRC_PORTS_IN_DATANODEDETAILS (version = 7), software layout = HADOOP_PRC_PORTS_IN_DATANODEDETAILS (version = 7)
2023-07-16 18:57:03,284 [main] INFO  statemachine.DatanodeStateMachine (DatanodeStateMachine.java:getEndPointTaskThreadPoolSize(279)) - Datanode State Machine Task Thread Pool size 2
2023-07-16 18:57:03,294 [main] INFO  volume.HddsVolume (HddsVolume.java:<init>(126)) - Creating HddsVolume: /home/runner/work/ozone/ozone/hadoop-ozone/integration-test/target/test-dir/MiniOzoneClusterImpl-8e52da8c-19f0-467e-9375-6950100829a3/datanode-1/data-0/containers/hdds of storage type : DISK capacity : 9223372036854775807
2023-07-16 18:57:03,294 [main] INFO  volume.MutableVolumeSet (MutableVolumeSet.java:initializeVolumeSet(175)) - Added Volume : /home/runner/work/ozone/ozone/hadoop-ozone/integration-test/target/test-dir/MiniOzoneClusterImpl-8e52da8c-19f0-467e-9375-6950100829a3/datanode-1/data-0/containers/hdds to VolumeSet
2023-07-16 18:57:03,294 [main] INFO  volume.ThrottledAsyncChecker (ThrottledAsyncChecker.java:schedule(141)) - Scheduling a check for /home/runner/work/ozone/ozone/hadoop-ozone/integration-test/target/test-dir/MiniOzoneClusterImpl-8e52da8c-19f0-467e-9375-6950100829a3/datanode-1/data-0/containers/hdds
2023-07-16 18:57:03,306 [main] INFO  volume.StorageVolumeChecker (StorageVolumeChecker.java:checkAllVolumes(202)) - Scheduled health check for volume /home/runner/work/ozone/ozone/hadoop-ozone/integration-test/target/test-dir/MiniOzoneClusterImpl-8e52da8c-19f0-467e-9375-6950100829a3/datanode-1/data-0/containers/hdds
2023-07-16 18:57:03,313 [main] INFO  volume.MutableVolumeSet (MutableVolumeSet.java:initializeVolumeSet(175)) - Added Volume : /home/runner/work/ozone/ozone/hadoop-ozone/integration-test/target/test-dir/MiniOzoneClusterImpl-8e52da8c-19f0-467e-9375-6950100829a3/datanode-1/data/ratis to VolumeSet
2023-07-16 18:57:03,313 [main] INFO  volume.ThrottledAsyncChecker (ThrottledAsyncChecker.java:schedule(141)) - Scheduling a check for /home/runner/work/ozone/ozone/hadoop-ozone/integration-test/target/test-dir/MiniOzoneClusterImpl-8e52da8c-19f0-467e-9375-6950100829a3/datanode-1/data/ratis
2023-07-16 18:57:03,313 [main] INFO  volume.StorageVolumeChecker (StorageVolumeChecker.java:checkAllVolumes(202)) - Scheduled health check for volume /home/runner/work/ozone/ozone/hadoop-ozone/integration-test/target/test-dir/MiniOzoneClusterImpl-8e52da8c-19f0-467e-9375-6950100829a3/datanode-1/data/ratis
2023-07-16 18:57:03,318 [Thread-170] INFO  ozoneimpl.ContainerReader (ContainerReader.java:readVolume(177)) - Finish verifying containers on volume /home/runner/work/ozone/ozone/hadoop-ozone/integration-test/target/test-dir/MiniOzoneClusterImpl-8e52da8c-19f0-467e-9375-6950100829a3/datanode-1/data-0/containers/hdds
2023-07-16 18:57:03,322 [main] INFO  ozoneimpl.OzoneContainer (OzoneContainer.java:buildContainerSet(316)) - Build ContainerSet costs 0s
2023-07-16 18:57:03,329 [main] INFO  server.RaftServer (ConfUtils.java:logGet(46)) - raft.rpc.type = GRPC (default)
2023-07-16 18:57:03,329 [main] INFO  grpc.GrpcConfigKeys (ConfUtils.java:logFallback(53)) - raft.grpc.admin.host = null (fallback to raft.grpc.server.host)
2023-07-16 18:57:03,330 [main] INFO  grpc.GrpcConfigKeys (ConfUtils.java:logGet(46)) - raft.grpc.admin.port = 15022 (custom)
2023-07-16 18:57:03,331 [main] INFO  grpc.GrpcConfigKeys (ConfUtils.java:logFallback(53)) - raft.grpc.client.host = null (fallback to raft.grpc.server.host)
2023-07-16 18:57:03,331 [main] INFO  grpc.GrpcConfigKeys (ConfUtils.java:logGet(46)) - raft.grpc.client.port = 15021 (custom)
2023-07-16 18:57:03,331 [main] INFO  grpc.GrpcConfigKeys (ConfUtils.java:logGet(46)) - raft.grpc.server.host = null (default)
2023-07-16 18:57:03,331 [main] INFO  grpc.GrpcConfigKeys (ConfUtils.java:logGet(46)) - raft.grpc.server.port = 15023 (custom)
2023-07-16 18:57:03,331 [main] INFO  server.GrpcService (ConfUtils.java:logGet(46)) - raft.grpc.message.size.max = 32MB (=33554432) (custom)
2023-07-16 18:57:03,331 [main] INFO  server.RaftServerConfigKeys (ConfUtils.java:logGet(46)) - raft.server.log.appender.buffer.byte-limit = 33554432 (custom)
2023-07-16 18:57:03,331 [main] INFO  server.GrpcService (ConfUtils.java:logGet(46)) - raft.grpc.flow.control.window = 5MB (=5242880) (custom)
2023-07-16 18:57:03,331 [main] INFO  server.RaftServerConfigKeys (ConfUtils.java:logGet(46)) - raft.server.rpc.request.timeout = 60s (custom)
2023-07-16 18:57:03,331 [main] INFO  grpc.GrpcConfigKeys (ConfUtils.java:logGet(46)) - raft.grpc.server.heartbeat.channel = true (default)
2023-07-16 18:57:03,332 [main] INFO  grpc.GrpcConfigKeys (ConfUtils.java:logGet(46)) - raft.grpc.server.async.request.thread.pool.cached = true (default)
2023-07-16 18:57:03,332 [main] INFO  grpc.GrpcConfigKeys (ConfUtils.java:logGet(46)) - raft.grpc.server.async.request.thread.pool.size = 32 (default)
2023-07-16 18:57:03,337 [main] INFO  impl.DataStreamServerImpl (ConfUtils.java:logGet(46)) - raft.datastream.type = NETTY (custom)
2023-07-16 18:57:03,337 [main] INFO  server.RaftServerConfigKeys (ConfUtils.java:logGet(46)) - raft.server.data-stream.async.request.thread.pool.cached = false (default)
2023-07-16 18:57:03,338 [main] INFO  server.RaftServerConfigKeys (ConfUtils.java:logGet(46)) - raft.server.data-stream.async.request.thread.pool.size = 20 (custom)
2023-07-16 18:57:03,338 [main] INFO  server.RaftServerConfigKeys (ConfUtils.java:logGet(46)) - raft.server.data-stream.async.write.thread.pool.size = 16 (default)
2023-07-16 18:57:03,338 [main] INFO  server.RaftServerConfigKeys (ConfUtils.java:logGet(46)) - raft.server.data-stream.client.pool.size = 10 (default)
2023-07-16 18:57:03,339 [main] INFO  netty.NettyConfigKeys$DataStream (ConfUtils.java:logGet(46)) - raft.netty.dataStream.server.use-epoll = false (default)
2023-07-16 18:57:03,339 [main] INFO  netty.NettyConfigKeys$DataStream (ConfUtils.java:logGet(46)) - raft.netty.dataStream.server.boss-group.size = 0 (default)
2023-07-16 18:57:03,339 [main] INFO  netty.NettyConfigKeys$DataStream (ConfUtils.java:logGet(46)) - raft.netty.dataStream.server.worker-group.size = 0 (default)
2023-07-16 18:57:03,341 [main] INFO  netty.NettyConfigKeys$DataStream (ConfUtils.java:logGet(46)) - raft.netty.dataStream.server.tls.conf = null (default)
2023-07-16 18:57:03,344 [main] INFO  netty.NettyConfigKeys$DataStream (ConfUtils.java:logGet(46)) - raft.netty.dataStream.host = null (default)
2023-07-16 18:57:03,344 [main] INFO  netty.NettyConfigKeys$DataStream (ConfUtils.java:logGet(46)) - raft.netty.dataStream.port = 15024 (custom)
2023-07-16 18:57:03,349 [main] INFO  server.RaftServerConfigKeys (ConfUtils.java:logGet(46)) - raft.server.threadpool.proxy.cached = true (default)
2023-07-16 18:57:03,350 [main] INFO  server.RaftServerConfigKeys (ConfUtils.java:logGet(46)) - raft.server.threadpool.proxy.size = 0 (default)
2023-07-16 18:57:03,350 [main] INFO  server.RaftServerConfigKeys (ConfUtils.java:logGet(46)) - raft.server.rpc.slowness.timeout = 300s (custom)
2023-07-16 18:57:03,350 [main] INFO  server.RaftServerConfigKeys (ConfUtils.java:logGet(46)) - raft.server.leaderelection.leader.step-down.wait-time = 10s (default)
2023-07-16 18:57:03,350 [main] INFO  server.RaftServerConfigKeys (ConfUtils.java:logGet(46)) - raft.server.storage.dir = [/home/runner/work/ozone/ozone/hadoop-ozone/integration-test/target/test-dir/MiniOzoneClusterImpl-8e52da8c-19f0-467e-9375-6950100829a3/datanode-1/data/ratis] (custom)
2023-07-16 18:57:03,358 [main] INFO  server.XceiverServerGrpc (XceiverServerGrpc.java:<init>(132)) - GrpcServer channel type EpollServerSocketChannel
2023-07-16 18:57:03,366 [e061ba01-06b3-4f38-a151-c7c4cf78ce5a-NettyServerStreamRpc-bossGroup--thread1] INFO  logging.LoggingHandler (AbstractInternalLogger.java:log(148)) - [id: 0x8042f1c7] REGISTERED
2023-07-16 18:57:03,366 [e061ba01-06b3-4f38-a151-c7c4cf78ce5a-NettyServerStreamRpc-bossGroup--thread1] INFO  logging.LoggingHandler (AbstractInternalLogger.java:log(148)) - [id: 0x8042f1c7] BIND: 0.0.0.0/0.0.0.0:15024
2023-07-16 18:57:03,367 [e061ba01-06b3-4f38-a151-c7c4cf78ce5a-NettyServerStreamRpc-bossGroup--thread1] INFO  logging.LoggingHandler (AbstractInternalLogger.java:log(148)) - [id: 0x8042f1c7, L:/0:0:0:0:0:0:0:0:15024] ACTIVE
2023-07-16 18:57:03,369 [om1@group-C5BA1605619E-LeaderElection1] INFO  server.RaftServer$Division (ServerState.java:setRaftConf(434)) - om1@group-C5BA1605619E: set configuration 0: peers:[om1|rpc:localhost:15007|admin:|client:|dataStream:|priority:0|startupRole:FOLLOWER]|listeners:[], old=null
2023-07-16 18:57:03,371 [main] INFO  replication.ReplicationSupervisor (ReplicationSupervisor.java:nodeStateUpdated(305)) - Node state updated to IN_SERVICE, scaling executor pool size to 10
2023-07-16 18:57:03,374 [main] INFO  http.BaseHttpServer (BaseHttpServer.java:newHttpServer2BuilderForOzone(224)) - Starting Web-server for hddsDatanode at: http://0.0.0.0:15018
2023-07-16 18:57:03,374 [main] INFO  http.BaseHttpServer (BaseHttpServer.java:<init>(111)) - Hadoop Security Enabled: false Ozone Security Enabled: false Ozone HTTP Security Enabled: false 
2023-07-16 18:57:03,376 [main] WARN  server.AuthenticationFilter (AuthenticationFilter.java:constructSecretProvider(240)) - Unable to initialize FileSignerSecretProvider, falling back to use random secrets. Reason: Could not read signature secret file: /home/runner/hadoop-http-auth-signature-secret
2023-07-16 18:57:03,376 [main] INFO  http.HttpRequestLog (HttpRequestLog.java:getRequestLog(86)) - Http request log for http.requests.hddsDatanode is not defined
2023-07-16 18:57:03,378 [main] INFO  http.HttpServer2 (HttpServer2.java:addGlobalFilter(1031)) - Added global filter 'safety' (class=org.apache.hadoop.hdds.server.http.HttpServer2$QuotingInputFilter)
2023-07-16 18:57:03,379 [main] INFO  http.HttpServer2 (HttpServer2.java:addFilter(1007)) - Added filter static_user_filter (class=org.apache.hadoop.http.lib.StaticUserWebFilter$StaticUserFilter) to context hddsDatanode
2023-07-16 18:57:03,380 [main] INFO  http.HttpServer2 (HttpServer2.java:addFilter(1015)) - Added filter static_user_filter (class=org.apache.hadoop.http.lib.StaticUserWebFilter$StaticUserFilter) to context logs
2023-07-16 18:57:03,380 [main] INFO  http.HttpServer2 (HttpServer2.java:addFilter(1015)) - Added filter static_user_filter (class=org.apache.hadoop.http.lib.StaticUserWebFilter$StaticUserFilter) to context static
2023-07-16 18:57:03,382 [main] INFO  http.BaseHttpServer (BaseHttpServer.java:<init>(190)) - HTTP server of hddsDatanode uses base directory /home/runner/work/ozone/ozone/hadoop-ozone/integration-test/target/test-dir/MiniOzoneClusterImpl-8e52da8c-19f0-467e-9375-6950100829a3/datanode-1/meta/webserver
2023-07-16 18:57:03,382 [main] INFO  http.HttpServer2 (HttpServer2.java:bindListener(1250)) - Jetty bound to port 15018
2023-07-16 18:57:03,382 [main] INFO  server.Server (Server.java:doStart(375)) - jetty-9.4.51.v20230217; built: 2023-02-17T08:19:37.309Z; git: b45c405e4544384de066f814ed42ae3dceacdd49; jvm 1.8.0_372-b07
2023-07-16 18:57:03,399 [main] INFO  server.session (DefaultSessionIdManager.java:doStart(334)) - DefaultSessionIdManager workerName=node0
2023-07-16 18:57:03,399 [main] INFO  server.session (DefaultSessionIdManager.java:doStart(339)) - No SessionScavenger set, using defaults
2023-07-16 18:57:03,399 [main] INFO  server.session (HouseKeeper.java:startScavenging(132)) - node0 Scavenging every 600000ms
2023-07-16 18:57:03,400 [main] INFO  handler.ContextHandler (ContextHandler.java:doStart(921)) - Started o.e.j.s.ServletContextHandler@551f251d{logs,/logs,file:///home/runner/work/ozone/ozone/hadoop-ozone/integration-test/target/log,AVAILABLE}
2023-07-16 18:57:03,400 [main] INFO  handler.ContextHandler (ContextHandler.java:doStart(921)) - Started o.e.j.s.ServletContextHandler@78e73e85{static,/static,jar:file:/home/runner/.m2/repository/org/apache/ozone/hdds-container-service/1.4.0-SNAPSHOT/hdds-container-service-1.4.0-SNAPSHOT.jar!/webapps/static,AVAILABLE}
2023-07-16 18:57:03,452 [om1@group-C5BA1605619E-SegmentedRaftLogWorker] INFO  segmented.SegmentedRaftLogWorker (SegmentedRaftLogWorker.java:execute(651)) - om1@group-C5BA1605619E-SegmentedRaftLogWorker: created new log segment /home/runner/work/ozone/ozone/hadoop-ozone/integration-test/target/test-dir/MiniOzoneClusterImpl-8e52da8c-19f0-467e-9375-6950100829a3/ozone-meta/ratis/bf265839-605b-3f16-9796-c5ba1605619e/current/log_inprogress_0
2023-07-16 18:57:03,534 [Datanode State Machine Task Thread - 0] INFO  datanode.InitDatanodeState (InitDatanodeState.java:persistContainerDatanodeDetails(138)) - DatanodeDetails is persisted to /home/runner/work/ozone/ozone/hadoop-ozone/integration-test/target/test-dir/MiniOzoneClusterImpl-8e52da8c-19f0-467e-9375-6950100829a3/datanode-0/meta/datanode.id
2023-07-16 18:57:03,614 [om1@group-C5BA1605619E-StateMachineUpdater] INFO  ratis.OzoneManagerStateMachine (OzoneManagerStateMachine.java:notifyConfigurationChanged(201)) - Received Configuration change notification from Ratis. New Peer list:
[id: "om1"
address: "localhost:15007"
startupRole: FOLLOWER
]
2023-07-16 18:57:03,704 [main] INFO  handler.ContextHandler (ContextHandler.java:doStart(921)) - Started o.e.j.w.WebAppContext@72b0b4a{hddsDatanode,/,file:///home/runner/work/ozone/ozone/hadoop-ozone/integration-test/target/tmp/kms/webapp/,AVAILABLE}{jar:file:/home/runner/.m2/repository/org/apache/ozone/hdds-container-service/1.4.0-SNAPSHOT/hdds-container-service-1.4.0-SNAPSHOT.jar!/webapps/hddsDatanode}
2023-07-16 18:57:03,706 [main] INFO  server.AbstractConnector (AbstractConnector.java:doStart(333)) - Started ServerConnector@305f1f58{HTTP/1.1, (http/1.1)}{0.0.0.0:15018}
2023-07-16 18:57:03,706 [main] INFO  server.Server (Server.java:doStart(415)) - Started @10880ms
2023-07-16 18:57:03,707 [main] WARN  impl.MetricsSystemImpl (MetricsSystemImpl.java:register(279)) - Sink prometheus already exists!
2023-07-16 18:57:03,707 [main] INFO  http.BaseHttpServer (BaseHttpServer.java:updateConnectorAddress(344)) - HTTP server of hddsDatanode listening at http://0.0.0.0:15018
2023-07-16 18:57:03,708 [main] INFO  ipc.CallQueueManager (CallQueueManager.java:<init>(90)) - Using callQueue: class java.util.concurrent.LinkedBlockingQueue, queueCapacity: 100, scheduler: class org.apache.hadoop.ipc.DefaultRpcScheduler, ipcBackoff: false.
2023-07-16 18:57:03,708 [main] INFO  ipc.Server (Server.java:<init>(1287)) - Listener at 0.0.0.0:15019
2023-07-16 18:57:03,710 [Socket Reader #1 for port 15019] INFO  ipc.Server (Server.java:run(1323)) - Starting Socket Reader #1 for port 15019
2023-07-16 18:57:03,713 [main] INFO  ozone.HddsDatanodeService (HddsDatanodeService.java:start(315)) - Datanode start with admins: [runner]
2023-07-16 18:57:03,713 [main] INFO  ozone.HddsDatanodeClientProtocolServer (HddsDatanodeClientProtocolServer.java:start(72)) - RPC server for Client /0.0.0.0:15019
2023-07-16 18:57:03,714 [IPC Server Responder] INFO  ipc.Server (Server.java:run(1562)) - IPC Server Responder: starting
2023-07-16 18:57:03,714 [IPC Server listener on 15019] INFO  ipc.Server (Server.java:run(1402)) - IPC Server listener on 15019: starting
2023-07-16 18:57:03,714 [main] WARN  impl.MetricRegistriesImpl (MetricRegistriesImpl.java:addReporterRegistration(111)) - New reporters are added after registries were created. Some metrics will be missing from the reporter. Please add reporter before adding any new registry.
2023-07-16 18:57:03,715 [main] WARN  impl.MetricRegistriesImpl (MetricRegistriesImpl.java:addReporterRegistration(111)) - New reporters are added after registries were created. Some metrics will be missing from the reporter. Please add reporter before adding any new registry.
2023-07-16 18:57:03,715 [main] INFO  impl.MetricsSystemImpl (MetricsSystemImpl.java:init(158)) - HddsDatanode metrics system started (again)
2023-07-16 18:57:03,722 [Datanode State Machine Daemon Thread] INFO  statemachine.DatanodeStateMachine (DatanodeStateMachine.java:lambda$startDaemon$0(531)) - Ozone container server started.
2023-07-16 18:57:03,731 [main] INFO  ozone.HddsDatanodeService (HddsDatanodeService.java:start(237)) - HddsDatanodeService host:fv-az587-727.eelbpncqjxkupcyqmv043tjoah.jx.internal.cloudapp.net ip:10.1.0.14
2023-07-16 18:57:03,746 [Datanode State Machine Task Thread - 0] INFO  datanode.InitDatanodeState (InitDatanodeState.java:persistContainerDatanodeDetails(138)) - DatanodeDetails is persisted to /home/runner/work/ozone/ozone/hadoop-ozone/integration-test/target/test-dir/MiniOzoneClusterImpl-8e52da8c-19f0-467e-9375-6950100829a3/datanode-1/meta/datanode.id
2023-07-16 18:57:03,761 [main] INFO  upgrade.AbstractLayoutVersionManager (AbstractLayoutVersionManager.java:init(83)) - Initializing Layout version manager with metadata layout = HADOOP_PRC_PORTS_IN_DATANODEDETAILS (version = 7), software layout = HADOOP_PRC_PORTS_IN_DATANODEDETAILS (version = 7)
2023-07-16 18:57:03,763 [main] INFO  statemachine.DatanodeStateMachine (DatanodeStateMachine.java:getEndPointTaskThreadPoolSize(279)) - Datanode State Machine Task Thread Pool size 2
2023-07-16 18:57:03,771 [main] INFO  volume.HddsVolume (HddsVolume.java:<init>(126)) - Creating HddsVolume: /home/runner/work/ozone/ozone/hadoop-ozone/integration-test/target/test-dir/MiniOzoneClusterImpl-8e52da8c-19f0-467e-9375-6950100829a3/datanode-2/data-0/containers/hdds of storage type : DISK capacity : 9223372036854775807
2023-07-16 18:57:03,771 [main] INFO  volume.MutableVolumeSet (MutableVolumeSet.java:initializeVolumeSet(175)) - Added Volume : /home/runner/work/ozone/ozone/hadoop-ozone/integration-test/target/test-dir/MiniOzoneClusterImpl-8e52da8c-19f0-467e-9375-6950100829a3/datanode-2/data-0/containers/hdds to VolumeSet
2023-07-16 18:57:03,771 [main] INFO  volume.ThrottledAsyncChecker (ThrottledAsyncChecker.java:schedule(141)) - Scheduling a check for /home/runner/work/ozone/ozone/hadoop-ozone/integration-test/target/test-dir/MiniOzoneClusterImpl-8e52da8c-19f0-467e-9375-6950100829a3/datanode-2/data-0/containers/hdds
2023-07-16 18:57:03,779 [main] INFO  volume.StorageVolumeChecker (StorageVolumeChecker.java:checkAllVolumes(202)) - Scheduled health check for volume /home/runner/work/ozone/ozone/hadoop-ozone/integration-test/target/test-dir/MiniOzoneClusterImpl-8e52da8c-19f0-467e-9375-6950100829a3/datanode-2/data-0/containers/hdds
2023-07-16 18:57:03,781 [main] INFO  volume.MutableVolumeSet (MutableVolumeSet.java:initializeVolumeSet(175)) - Added Volume : /home/runner/work/ozone/ozone/hadoop-ozone/integration-test/target/test-dir/MiniOzoneClusterImpl-8e52da8c-19f0-467e-9375-6950100829a3/datanode-2/data/ratis to VolumeSet
2023-07-16 18:57:03,781 [main] INFO  volume.ThrottledAsyncChecker (ThrottledAsyncChecker.java:schedule(141)) - Scheduling a check for /home/runner/work/ozone/ozone/hadoop-ozone/integration-test/target/test-dir/MiniOzoneClusterImpl-8e52da8c-19f0-467e-9375-6950100829a3/datanode-2/data/ratis
2023-07-16 18:57:03,782 [main] INFO  volume.StorageVolumeChecker (StorageVolumeChecker.java:checkAllVolumes(202)) - Scheduled health check for volume /home/runner/work/ozone/ozone/hadoop-ozone/integration-test/target/test-dir/MiniOzoneClusterImpl-8e52da8c-19f0-467e-9375-6950100829a3/datanode-2/data/ratis
2023-07-16 18:57:03,788 [Thread-187] INFO  ozoneimpl.ContainerReader (ContainerReader.java:readVolume(177)) - Finish verifying containers on volume /home/runner/work/ozone/ozone/hadoop-ozone/integration-test/target/test-dir/MiniOzoneClusterImpl-8e52da8c-19f0-467e-9375-6950100829a3/datanode-2/data-0/containers/hdds
2023-07-16 18:57:03,788 [main] INFO  ozoneimpl.OzoneContainer (OzoneContainer.java:buildContainerSet(316)) - Build ContainerSet costs 0s
2023-07-16 18:57:03,793 [main] INFO  server.RaftServer (ConfUtils.java:logGet(46)) - raft.rpc.type = GRPC (default)
2023-07-16 18:57:03,793 [main] INFO  grpc.GrpcConfigKeys (ConfUtils.java:logFallback(53)) - raft.grpc.admin.host = null (fallback to raft.grpc.server.host)
2023-07-16 18:57:03,793 [main] INFO  grpc.GrpcConfigKeys (ConfUtils.java:logGet(46)) - raft.grpc.admin.port = 15031 (custom)
2023-07-16 18:57:03,794 [main] INFO  grpc.GrpcConfigKeys (ConfUtils.java:logFallback(53)) - raft.grpc.client.host = null (fallback to raft.grpc.server.host)
2023-07-16 18:57:03,794 [main] INFO  grpc.GrpcConfigKeys (ConfUtils.java:logGet(46)) - raft.grpc.client.port = 15030 (custom)
2023-07-16 18:57:03,794 [main] INFO  grpc.GrpcConfigKeys (ConfUtils.java:logGet(46)) - raft.grpc.server.host = null (default)
2023-07-16 18:57:03,794 [main] INFO  grpc.GrpcConfigKeys (ConfUtils.java:logGet(46)) - raft.grpc.server.port = 15032 (custom)
2023-07-16 18:57:03,794 [main] INFO  server.GrpcService (ConfUtils.java:logGet(46)) - raft.grpc.message.size.max = 32MB (=33554432) (custom)
2023-07-16 18:57:03,794 [main] INFO  server.RaftServerConfigKeys (ConfUtils.java:logGet(46)) - raft.server.log.appender.buffer.byte-limit = 33554432 (custom)
2023-07-16 18:57:03,794 [main] INFO  server.GrpcService (ConfUtils.java:logGet(46)) - raft.grpc.flow.control.window = 5MB (=5242880) (custom)
2023-07-16 18:57:03,794 [main] INFO  server.RaftServerConfigKeys (ConfUtils.java:logGet(46)) - raft.server.rpc.request.timeout = 60s (custom)
2023-07-16 18:57:03,794 [main] INFO  grpc.GrpcConfigKeys (ConfUtils.java:logGet(46)) - raft.grpc.server.heartbeat.channel = true (default)
2023-07-16 18:57:03,795 [main] INFO  grpc.GrpcConfigKeys (ConfUtils.java:logGet(46)) - raft.grpc.server.async.request.thread.pool.cached = true (default)
2023-07-16 18:57:03,795 [main] INFO  grpc.GrpcConfigKeys (ConfUtils.java:logGet(46)) - raft.grpc.server.async.request.thread.pool.size = 32 (default)
2023-07-16 18:57:03,801 [main] INFO  impl.DataStreamServerImpl (ConfUtils.java:logGet(46)) - raft.datastream.type = NETTY (custom)
2023-07-16 18:57:03,801 [main] INFO  server.RaftServerConfigKeys (ConfUtils.java:logGet(46)) - raft.server.data-stream.async.request.thread.pool.cached = false (default)
2023-07-16 18:57:03,801 [main] INFO  server.RaftServerConfigKeys (ConfUtils.java:logGet(46)) - raft.server.data-stream.async.request.thread.pool.size = 20 (custom)
2023-07-16 18:57:03,801 [main] INFO  server.RaftServerConfigKeys (ConfUtils.java:logGet(46)) - raft.server.data-stream.async.write.thread.pool.size = 16 (default)
2023-07-16 18:57:03,802 [main] INFO  server.RaftServerConfigKeys (ConfUtils.java:logGet(46)) - raft.server.data-stream.client.pool.size = 10 (default)
2023-07-16 18:57:03,802 [main] INFO  netty.NettyConfigKeys$DataStream (ConfUtils.java:logGet(46)) - raft.netty.dataStream.server.use-epoll = false (default)
2023-07-16 18:57:03,802 [main] INFO  netty.NettyConfigKeys$DataStream (ConfUtils.java:logGet(46)) - raft.netty.dataStream.server.boss-group.size = 0 (default)
2023-07-16 18:57:03,802 [main] INFO  netty.NettyConfigKeys$DataStream (ConfUtils.java:logGet(46)) - raft.netty.dataStream.server.worker-group.size = 0 (default)
2023-07-16 18:57:03,805 [main] INFO  netty.NettyConfigKeys$DataStream (ConfUtils.java:logGet(46)) - raft.netty.dataStream.server.tls.conf = null (default)
2023-07-16 18:57:03,806 [main] INFO  netty.NettyConfigKeys$DataStream (ConfUtils.java:logGet(46)) - raft.netty.dataStream.host = null (default)
2023-07-16 18:57:03,806 [main] INFO  netty.NettyConfigKeys$DataStream (ConfUtils.java:logGet(46)) - raft.netty.dataStream.port = 15033 (custom)
2023-07-16 18:57:03,807 [main] INFO  server.RaftServerConfigKeys (ConfUtils.java:logGet(46)) - raft.server.threadpool.proxy.cached = true (default)
2023-07-16 18:57:03,807 [main] INFO  server.RaftServerConfigKeys (ConfUtils.java:logGet(46)) - raft.server.threadpool.proxy.size = 0 (default)
2023-07-16 18:57:03,807 [main] INFO  server.RaftServerConfigKeys (ConfUtils.java:logGet(46)) - raft.server.rpc.slowness.timeout = 300s (custom)
2023-07-16 18:57:03,807 [main] INFO  server.RaftServerConfigKeys (ConfUtils.java:logGet(46)) - raft.server.leaderelection.leader.step-down.wait-time = 10s (default)
2023-07-16 18:57:03,807 [main] INFO  server.RaftServerConfigKeys (ConfUtils.java:logGet(46)) - raft.server.storage.dir = [/home/runner/work/ozone/ozone/hadoop-ozone/integration-test/target/test-dir/MiniOzoneClusterImpl-8e52da8c-19f0-467e-9375-6950100829a3/datanode-2/data/ratis] (custom)
2023-07-16 18:57:03,813 [c23d9737-c121-4244-9e77-c55c15e0a23c-NettyServerStreamRpc-bossGroup--thread1] INFO  logging.LoggingHandler (AbstractInternalLogger.java:log(148)) - [id: 0xa8d24431] REGISTERED
2023-07-16 18:57:03,813 [c23d9737-c121-4244-9e77-c55c15e0a23c-NettyServerStreamRpc-bossGroup--thread1] INFO  logging.LoggingHandler (AbstractInternalLogger.java:log(148)) - [id: 0xa8d24431] BIND: 0.0.0.0/0.0.0.0:15033
2023-07-16 18:57:03,813 [c23d9737-c121-4244-9e77-c55c15e0a23c-NettyServerStreamRpc-bossGroup--thread1] INFO  logging.LoggingHandler (AbstractInternalLogger.java:log(148)) - [id: 0xa8d24431, L:/0:0:0:0:0:0:0:0:15033] ACTIVE
2023-07-16 18:57:03,815 [main] INFO  server.XceiverServerGrpc (XceiverServerGrpc.java:<init>(132)) - GrpcServer channel type EpollServerSocketChannel
2023-07-16 18:57:03,817 [main] INFO  replication.ReplicationSupervisor (ReplicationSupervisor.java:nodeStateUpdated(305)) - Node state updated to IN_SERVICE, scaling executor pool size to 10
2023-07-16 18:57:03,823 [main] INFO  http.BaseHttpServer (BaseHttpServer.java:newHttpServer2BuilderForOzone(224)) - Starting Web-server for hddsDatanode at: http://0.0.0.0:15027
2023-07-16 18:57:03,823 [main] INFO  http.BaseHttpServer (BaseHttpServer.java:<init>(111)) - Hadoop Security Enabled: false Ozone Security Enabled: false Ozone HTTP Security Enabled: false 
2023-07-16 18:57:03,825 [main] WARN  server.AuthenticationFilter (AuthenticationFilter.java:constructSecretProvider(240)) - Unable to initialize FileSignerSecretProvider, falling back to use random secrets. Reason: Could not read signature secret file: /home/runner/hadoop-http-auth-signature-secret
2023-07-16 18:57:03,827 [main] INFO  http.HttpRequestLog (HttpRequestLog.java:getRequestLog(86)) - Http request log for http.requests.hddsDatanode is not defined
2023-07-16 18:57:03,828 [main] INFO  http.HttpServer2 (HttpServer2.java:addGlobalFilter(1031)) - Added global filter 'safety' (class=org.apache.hadoop.hdds.server.http.HttpServer2$QuotingInputFilter)
2023-07-16 18:57:03,830 [main] INFO  http.HttpServer2 (HttpServer2.java:addFilter(1007)) - Added filter static_user_filter (class=org.apache.hadoop.http.lib.StaticUserWebFilter$StaticUserFilter) to context hddsDatanode
2023-07-16 18:57:03,830 [main] INFO  http.HttpServer2 (HttpServer2.java:addFilter(1015)) - Added filter static_user_filter (class=org.apache.hadoop.http.lib.StaticUserWebFilter$StaticUserFilter) to context logs
2023-07-16 18:57:03,830 [main] INFO  http.HttpServer2 (HttpServer2.java:addFilter(1015)) - Added filter static_user_filter (class=org.apache.hadoop.http.lib.StaticUserWebFilter$StaticUserFilter) to context static
2023-07-16 18:57:03,831 [main] INFO  http.BaseHttpServer (BaseHttpServer.java:<init>(190)) - HTTP server of hddsDatanode uses base directory /home/runner/work/ozone/ozone/hadoop-ozone/integration-test/target/test-dir/MiniOzoneClusterImpl-8e52da8c-19f0-467e-9375-6950100829a3/datanode-2/meta/webserver
2023-07-16 18:57:03,831 [main] INFO  http.HttpServer2 (HttpServer2.java:bindListener(1250)) - Jetty bound to port 15027
2023-07-16 18:57:03,832 [main] INFO  server.Server (Server.java:doStart(375)) - jetty-9.4.51.v20230217; built: 2023-02-17T08:19:37.309Z; git: b45c405e4544384de066f814ed42ae3dceacdd49; jvm 1.8.0_372-b07
2023-07-16 18:57:03,835 [main] INFO  server.session (DefaultSessionIdManager.java:doStart(334)) - DefaultSessionIdManager workerName=node0
2023-07-16 18:57:03,836 [main] INFO  server.session (DefaultSessionIdManager.java:doStart(339)) - No SessionScavenger set, using defaults
2023-07-16 18:57:03,836 [main] INFO  server.session (HouseKeeper.java:startScavenging(132)) - node0 Scavenging every 660000ms
2023-07-16 18:57:03,837 [main] INFO  handler.ContextHandler (ContextHandler.java:doStart(921)) - Started o.e.j.s.ServletContextHandler@13be06e5{logs,/logs,file:///home/runner/work/ozone/ozone/hadoop-ozone/integration-test/target/log,AVAILABLE}
2023-07-16 18:57:03,838 [main] INFO  handler.ContextHandler (ContextHandler.java:doStart(921)) - Started o.e.j.s.ServletContextHandler@543d5160{static,/static,jar:file:/home/runner/.m2/repository/org/apache/ozone/hdds-container-service/1.4.0-SNAPSHOT/hdds-container-service-1.4.0-SNAPSHOT.jar!/webapps/static,AVAILABLE}
2023-07-16 18:57:04,047 [main] INFO  handler.ContextHandler (ContextHandler.java:doStart(921)) - Started o.e.j.w.WebAppContext@222b3f2{hddsDatanode,/,file:///home/runner/work/ozone/ozone/hadoop-ozone/integration-test/target/tmp/kms/webapp/,AVAILABLE}{jar:file:/home/runner/.m2/repository/org/apache/ozone/hdds-container-service/1.4.0-SNAPSHOT/hdds-container-service-1.4.0-SNAPSHOT.jar!/webapps/hddsDatanode}
2023-07-16 18:57:04,048 [main] INFO  server.AbstractConnector (AbstractConnector.java:doStart(333)) - Started ServerConnector@3d3a12cf{HTTP/1.1, (http/1.1)}{0.0.0.0:15027}
2023-07-16 18:57:04,049 [main] INFO  server.Server (Server.java:doStart(415)) - Started @11222ms
2023-07-16 18:57:04,049 [main] WARN  impl.MetricsSystemImpl (MetricsSystemImpl.java:register(279)) - Sink prometheus already exists!
2023-07-16 18:57:04,049 [main] INFO  http.BaseHttpServer (BaseHttpServer.java:updateConnectorAddress(344)) - HTTP server of hddsDatanode listening at http://0.0.0.0:15027
2023-07-16 18:57:04,050 [main] INFO  ipc.CallQueueManager (CallQueueManager.java:<init>(90)) - Using callQueue: class java.util.concurrent.LinkedBlockingQueue, queueCapacity: 100, scheduler: class org.apache.hadoop.ipc.DefaultRpcScheduler, ipcBackoff: false.
2023-07-16 18:57:04,050 [main] INFO  ipc.Server (Server.java:<init>(1287)) - Listener at 0.0.0.0:15028
2023-07-16 18:57:04,051 [Socket Reader #1 for port 15028] INFO  ipc.Server (Server.java:run(1323)) - Starting Socket Reader #1 for port 15028
2023-07-16 18:57:04,054 [main] INFO  ozone.HddsDatanodeService (HddsDatanodeService.java:start(315)) - Datanode start with admins: [runner]
2023-07-16 18:57:04,054 [main] INFO  ozone.HddsDatanodeClientProtocolServer (HddsDatanodeClientProtocolServer.java:start(72)) - RPC server for Client /0.0.0.0:15028
2023-07-16 18:57:04,056 [IPC Server Responder] INFO  ipc.Server (Server.java:run(1562)) - IPC Server Responder: starting
2023-07-16 18:57:04,056 [IPC Server listener on 15028] INFO  ipc.Server (Server.java:run(1402)) - IPC Server listener on 15028: starting
2023-07-16 18:57:04,057 [Datanode State Machine Daemon Thread] INFO  statemachine.DatanodeStateMachine (DatanodeStateMachine.java:lambda$startDaemon$0(531)) - Ozone container server started.
2023-07-16 18:57:04,057 [main] WARN  impl.MetricRegistriesImpl (MetricRegistriesImpl.java:addReporterRegistration(111)) - New reporters are added after registries were created. Some metrics will be missing from the reporter. Please add reporter before adding any new registry.
2023-07-16 18:57:04,057 [main] WARN  impl.MetricRegistriesImpl (MetricRegistriesImpl.java:addReporterRegistration(111)) - New reporters are added after registries were created. Some metrics will be missing from the reporter. Please add reporter before adding any new registry.
2023-07-16 18:57:04,057 [main] INFO  impl.MetricsSystemImpl (MetricsSystemImpl.java:init(158)) - HddsDatanode metrics system started (again)
2023-07-16 18:57:04,071 [main] INFO  ozone.HddsDatanodeService (HddsDatanodeService.java:start(237)) - HddsDatanodeService host:fv-az587-727.eelbpncqjxkupcyqmv043tjoah.jx.internal.cloudapp.net ip:10.1.0.14
2023-07-16 18:57:04,073 [Datanode State Machine Task Thread - 0] INFO  datanode.InitDatanodeState (InitDatanodeState.java:persistContainerDatanodeDetails(138)) - DatanodeDetails is persisted to /home/runner/work/ozone/ozone/hadoop-ozone/integration-test/target/test-dir/MiniOzoneClusterImpl-8e52da8c-19f0-467e-9375-6950100829a3/datanode-2/meta/datanode.id
2023-07-16 18:57:04,093 [main] INFO  upgrade.AbstractLayoutVersionManager (AbstractLayoutVersionManager.java:init(83)) - Initializing Layout version manager with metadata layout = HADOOP_PRC_PORTS_IN_DATANODEDETAILS (version = 7), software layout = HADOOP_PRC_PORTS_IN_DATANODEDETAILS (version = 7)
2023-07-16 18:57:04,094 [main] INFO  statemachine.DatanodeStateMachine (DatanodeStateMachine.java:getEndPointTaskThreadPoolSize(279)) - Datanode State Machine Task Thread Pool size 2
2023-07-16 18:57:04,096 [main] INFO  volume.HddsVolume (HddsVolume.java:<init>(126)) - Creating HddsVolume: /home/runner/work/ozone/ozone/hadoop-ozone/integration-test/target/test-dir/MiniOzoneClusterImpl-8e52da8c-19f0-467e-9375-6950100829a3/datanode-3/data-0/containers/hdds of storage type : DISK capacity : 9223372036854775807
2023-07-16 18:57:04,096 [main] INFO  volume.MutableVolumeSet (MutableVolumeSet.java:initializeVolumeSet(175)) - Added Volume : /home/runner/work/ozone/ozone/hadoop-ozone/integration-test/target/test-dir/MiniOzoneClusterImpl-8e52da8c-19f0-467e-9375-6950100829a3/datanode-3/data-0/containers/hdds to VolumeSet
2023-07-16 18:57:04,096 [main] INFO  volume.ThrottledAsyncChecker (ThrottledAsyncChecker.java:schedule(141)) - Scheduling a check for /home/runner/work/ozone/ozone/hadoop-ozone/integration-test/target/test-dir/MiniOzoneClusterImpl-8e52da8c-19f0-467e-9375-6950100829a3/datanode-3/data-0/containers/hdds
2023-07-16 18:57:04,097 [main] INFO  volume.StorageVolumeChecker (StorageVolumeChecker.java:checkAllVolumes(202)) - Scheduled health check for volume /home/runner/work/ozone/ozone/hadoop-ozone/integration-test/target/test-dir/MiniOzoneClusterImpl-8e52da8c-19f0-467e-9375-6950100829a3/datanode-3/data-0/containers/hdds
2023-07-16 18:57:04,104 [main] INFO  volume.MutableVolumeSet (MutableVolumeSet.java:initializeVolumeSet(175)) - Added Volume : /home/runner/work/ozone/ozone/hadoop-ozone/integration-test/target/test-dir/MiniOzoneClusterImpl-8e52da8c-19f0-467e-9375-6950100829a3/datanode-3/data/ratis to VolumeSet
2023-07-16 18:57:04,104 [main] INFO  volume.ThrottledAsyncChecker (ThrottledAsyncChecker.java:schedule(141)) - Scheduling a check for /home/runner/work/ozone/ozone/hadoop-ozone/integration-test/target/test-dir/MiniOzoneClusterImpl-8e52da8c-19f0-467e-9375-6950100829a3/datanode-3/data/ratis
2023-07-16 18:57:04,104 [main] INFO  volume.StorageVolumeChecker (StorageVolumeChecker.java:checkAllVolumes(202)) - Scheduled health check for volume /home/runner/work/ozone/ozone/hadoop-ozone/integration-test/target/test-dir/MiniOzoneClusterImpl-8e52da8c-19f0-467e-9375-6950100829a3/datanode-3/data/ratis
2023-07-16 18:57:04,111 [Thread-204] INFO  ozoneimpl.ContainerReader (ContainerReader.java:readVolume(177)) - Finish verifying containers on volume /home/runner/work/ozone/ozone/hadoop-ozone/integration-test/target/test-dir/MiniOzoneClusterImpl-8e52da8c-19f0-467e-9375-6950100829a3/datanode-3/data-0/containers/hdds
2023-07-16 18:57:04,111 [main] INFO  ozoneimpl.OzoneContainer (OzoneContainer.java:buildContainerSet(316)) - Build ContainerSet costs 0s
2023-07-16 18:57:04,116 [main] INFO  server.RaftServer (ConfUtils.java:logGet(46)) - raft.rpc.type = GRPC (default)
2023-07-16 18:57:04,116 [main] INFO  grpc.GrpcConfigKeys (ConfUtils.java:logFallback(53)) - raft.grpc.admin.host = null (fallback to raft.grpc.server.host)
2023-07-16 18:57:04,116 [main] INFO  grpc.GrpcConfigKeys (ConfUtils.java:logGet(46)) - raft.grpc.admin.port = 15040 (custom)
2023-07-16 18:57:04,116 [main] INFO  grpc.GrpcConfigKeys (ConfUtils.java:logFallback(53)) - raft.grpc.client.host = null (fallback to raft.grpc.server.host)
2023-07-16 18:57:04,116 [main] INFO  grpc.GrpcConfigKeys (ConfUtils.java:logGet(46)) - raft.grpc.client.port = 15039 (custom)
2023-07-16 18:57:04,116 [main] INFO  grpc.GrpcConfigKeys (ConfUtils.java:logGet(46)) - raft.grpc.server.host = null (default)
2023-07-16 18:57:04,117 [main] INFO  grpc.GrpcConfigKeys (ConfUtils.java:logGet(46)) - raft.grpc.server.port = 15041 (custom)
2023-07-16 18:57:04,117 [main] INFO  server.GrpcService (ConfUtils.java:logGet(46)) - raft.grpc.message.size.max = 32MB (=33554432) (custom)
2023-07-16 18:57:04,117 [main] INFO  server.RaftServerConfigKeys (ConfUtils.java:logGet(46)) - raft.server.log.appender.buffer.byte-limit = 33554432 (custom)
2023-07-16 18:57:04,117 [main] INFO  server.GrpcService (ConfUtils.java:logGet(46)) - raft.grpc.flow.control.window = 5MB (=5242880) (custom)
2023-07-16 18:57:04,117 [main] INFO  server.RaftServerConfigKeys (ConfUtils.java:logGet(46)) - raft.server.rpc.request.timeout = 60s (custom)
2023-07-16 18:57:04,117 [main] INFO  grpc.GrpcConfigKeys (ConfUtils.java:logGet(46)) - raft.grpc.server.heartbeat.channel = true (default)
2023-07-16 18:57:04,117 [main] INFO  grpc.GrpcConfigKeys (ConfUtils.java:logGet(46)) - raft.grpc.server.async.request.thread.pool.cached = true (default)
2023-07-16 18:57:04,117 [main] INFO  grpc.GrpcConfigKeys (ConfUtils.java:logGet(46)) - raft.grpc.server.async.request.thread.pool.size = 32 (default)
2023-07-16 18:57:04,122 [main] INFO  impl.DataStreamServerImpl (ConfUtils.java:logGet(46)) - raft.datastream.type = NETTY (custom)
2023-07-16 18:57:04,123 [main] INFO  server.RaftServerConfigKeys (ConfUtils.java:logGet(46)) - raft.server.data-stream.async.request.thread.pool.cached = false (default)
2023-07-16 18:57:04,123 [main] INFO  server.RaftServerConfigKeys (ConfUtils.java:logGet(46)) - raft.server.data-stream.async.request.thread.pool.size = 20 (custom)
2023-07-16 18:57:04,123 [main] INFO  server.RaftServerConfigKeys (ConfUtils.java:logGet(46)) - raft.server.data-stream.async.write.thread.pool.size = 16 (default)
2023-07-16 18:57:04,123 [main] INFO  server.RaftServerConfigKeys (ConfUtils.java:logGet(46)) - raft.server.data-stream.client.pool.size = 10 (default)
2023-07-16 18:57:04,123 [main] INFO  netty.NettyConfigKeys$DataStream (ConfUtils.java:logGet(46)) - raft.netty.dataStream.server.use-epoll = false (default)
2023-07-16 18:57:04,124 [main] INFO  netty.NettyConfigKeys$DataStream (ConfUtils.java:logGet(46)) - raft.netty.dataStream.server.boss-group.size = 0 (default)
2023-07-16 18:57:04,125 [main] INFO  netty.NettyConfigKeys$DataStream (ConfUtils.java:logGet(46)) - raft.netty.dataStream.server.worker-group.size = 0 (default)
2023-07-16 18:57:04,125 [main] INFO  netty.NettyConfigKeys$DataStream (ConfUtils.java:logGet(46)) - raft.netty.dataStream.server.tls.conf = null (default)
2023-07-16 18:57:04,125 [main] INFO  netty.NettyConfigKeys$DataStream (ConfUtils.java:logGet(46)) - raft.netty.dataStream.host = null (default)
2023-07-16 18:57:04,126 [main] INFO  netty.NettyConfigKeys$DataStream (ConfUtils.java:logGet(46)) - raft.netty.dataStream.port = 15042 (custom)
2023-07-16 18:57:04,133 [main] INFO  server.RaftServerConfigKeys (ConfUtils.java:logGet(46)) - raft.server.threadpool.proxy.cached = true (default)
2023-07-16 18:57:04,133 [main] INFO  server.RaftServerConfigKeys (ConfUtils.java:logGet(46)) - raft.server.threadpool.proxy.size = 0 (default)
2023-07-16 18:57:04,133 [main] INFO  server.RaftServerConfigKeys (ConfUtils.java:logGet(46)) - raft.server.rpc.slowness.timeout = 300s (custom)
2023-07-16 18:57:04,133 [main] INFO  server.RaftServerConfigKeys (ConfUtils.java:logGet(46)) - raft.server.leaderelection.leader.step-down.wait-time = 10s (default)
2023-07-16 18:57:04,133 [main] INFO  server.RaftServerConfigKeys (ConfUtils.java:logGet(46)) - raft.server.storage.dir = [/home/runner/work/ozone/ozone/hadoop-ozone/integration-test/target/test-dir/MiniOzoneClusterImpl-8e52da8c-19f0-467e-9375-6950100829a3/datanode-3/data/ratis] (custom)
2023-07-16 18:57:04,143 [262e2cc5-1901-4d20-b00f-c120f2342a1b-NettyServerStreamRpc-bossGroup--thread1] INFO  logging.LoggingHandler (AbstractInternalLogger.java:log(148)) - [id: 0x87407e09] REGISTERED
2023-07-16 18:57:04,143 [262e2cc5-1901-4d20-b00f-c120f2342a1b-NettyServerStreamRpc-bossGroup--thread1] INFO  logging.LoggingHandler (AbstractInternalLogger.java:log(148)) - [id: 0x87407e09] BIND: 0.0.0.0/0.0.0.0:15042
2023-07-16 18:57:04,143 [262e2cc5-1901-4d20-b00f-c120f2342a1b-NettyServerStreamRpc-bossGroup--thread1] INFO  logging.LoggingHandler (AbstractInternalLogger.java:log(148)) - [id: 0x87407e09, L:/0:0:0:0:0:0:0:0:15042] ACTIVE
2023-07-16 18:57:04,146 [main] INFO  server.XceiverServerGrpc (XceiverServerGrpc.java:<init>(132)) - GrpcServer channel type EpollServerSocketChannel
2023-07-16 18:57:04,148 [main] INFO  replication.ReplicationSupervisor (ReplicationSupervisor.java:nodeStateUpdated(305)) - Node state updated to IN_SERVICE, scaling executor pool size to 10
2023-07-16 18:57:04,151 [main] INFO  http.BaseHttpServer (BaseHttpServer.java:newHttpServer2BuilderForOzone(224)) - Starting Web-server for hddsDatanode at: http://0.0.0.0:15036
2023-07-16 18:57:04,151 [main] INFO  http.BaseHttpServer (BaseHttpServer.java:<init>(111)) - Hadoop Security Enabled: false Ozone Security Enabled: false Ozone HTTP Security Enabled: false 
2023-07-16 18:57:04,154 [main] WARN  server.AuthenticationFilter (AuthenticationFilter.java:constructSecretProvider(240)) - Unable to initialize FileSignerSecretProvider, falling back to use random secrets. Reason: Could not read signature secret file: /home/runner/hadoop-http-auth-signature-secret
2023-07-16 18:57:04,159 [main] INFO  http.HttpRequestLog (HttpRequestLog.java:getRequestLog(86)) - Http request log for http.requests.hddsDatanode is not defined
2023-07-16 18:57:04,161 [main] INFO  http.HttpServer2 (HttpServer2.java:addGlobalFilter(1031)) - Added global filter 'safety' (class=org.apache.hadoop.hdds.server.http.HttpServer2$QuotingInputFilter)
2023-07-16 18:57:04,162 [main] INFO  http.HttpServer2 (HttpServer2.java:addFilter(1007)) - Added filter static_user_filter (class=org.apache.hadoop.http.lib.StaticUserWebFilter$StaticUserFilter) to context hddsDatanode
2023-07-16 18:57:04,162 [main] INFO  http.HttpServer2 (HttpServer2.java:addFilter(1015)) - Added filter static_user_filter (class=org.apache.hadoop.http.lib.StaticUserWebFilter$StaticUserFilter) to context static
2023-07-16 18:57:04,162 [main] INFO  http.HttpServer2 (HttpServer2.java:addFilter(1015)) - Added filter static_user_filter (class=org.apache.hadoop.http.lib.StaticUserWebFilter$StaticUserFilter) to context logs
2023-07-16 18:57:04,163 [main] INFO  http.BaseHttpServer (BaseHttpServer.java:<init>(190)) - HTTP server of hddsDatanode uses base directory /home/runner/work/ozone/ozone/hadoop-ozone/integration-test/target/test-dir/MiniOzoneClusterImpl-8e52da8c-19f0-467e-9375-6950100829a3/datanode-3/meta/webserver
2023-07-16 18:57:04,163 [main] INFO  http.HttpServer2 (HttpServer2.java:bindListener(1250)) - Jetty bound to port 15036
2023-07-16 18:57:04,163 [main] INFO  server.Server (Server.java:doStart(375)) - jetty-9.4.51.v20230217; built: 2023-02-17T08:19:37.309Z; git: b45c405e4544384de066f814ed42ae3dceacdd49; jvm 1.8.0_372-b07
2023-07-16 18:57:04,192 [main] INFO  server.session (DefaultSessionIdManager.java:doStart(334)) - DefaultSessionIdManager workerName=node0
2023-07-16 18:57:04,192 [main] INFO  server.session (DefaultSessionIdManager.java:doStart(339)) - No SessionScavenger set, using defaults
2023-07-16 18:57:04,193 [main] INFO  server.session (HouseKeeper.java:startScavenging(132)) - node0 Scavenging every 660000ms
2023-07-16 18:57:04,193 [main] INFO  handler.ContextHandler (ContextHandler.java:doStart(921)) - Started o.e.j.s.ServletContextHandler@2953bba6{logs,/logs,file:///home/runner/work/ozone/ozone/hadoop-ozone/integration-test/target/log,AVAILABLE}
2023-07-16 18:57:04,194 [main] INFO  handler.ContextHandler (ContextHandler.java:doStart(921)) - Started o.e.j.s.ServletContextHandler@11f25030{static,/static,jar:file:/home/runner/.m2/repository/org/apache/ozone/hdds-container-service/1.4.0-SNAPSHOT/hdds-container-service-1.4.0-SNAPSHOT.jar!/webapps/static,AVAILABLE}
2023-07-16 18:57:04,404 [main] INFO  handler.ContextHandler (ContextHandler.java:doStart(921)) - Started o.e.j.w.WebAppContext@33d55c86{hddsDatanode,/,file:///home/runner/work/ozone/ozone/hadoop-ozone/integration-test/target/tmp/kms/webapp/,AVAILABLE}{jar:file:/home/runner/.m2/repository/org/apache/ozone/hdds-container-service/1.4.0-SNAPSHOT/hdds-container-service-1.4.0-SNAPSHOT.jar!/webapps/hddsDatanode}
2023-07-16 18:57:04,405 [main] INFO  server.AbstractConnector (AbstractConnector.java:doStart(333)) - Started ServerConnector@319fe6a6{HTTP/1.1, (http/1.1)}{0.0.0.0:15036}
2023-07-16 18:57:04,405 [main] INFO  server.Server (Server.java:doStart(415)) - Started @11579ms
2023-07-16 18:57:04,405 [main] WARN  impl.MetricsSystemImpl (MetricsSystemImpl.java:register(279)) - Sink prometheus already exists!
2023-07-16 18:57:04,406 [main] INFO  http.BaseHttpServer (BaseHttpServer.java:updateConnectorAddress(344)) - HTTP server of hddsDatanode listening at http://0.0.0.0:15036
2023-07-16 18:57:04,407 [main] INFO  ipc.CallQueueManager (CallQueueManager.java:<init>(90)) - Using callQueue: class java.util.concurrent.LinkedBlockingQueue, queueCapacity: 100, scheduler: class org.apache.hadoop.ipc.DefaultRpcScheduler, ipcBackoff: false.
2023-07-16 18:57:04,407 [main] INFO  ipc.Server (Server.java:<init>(1287)) - Listener at 0.0.0.0:15037
2023-07-16 18:57:04,407 [Socket Reader #1 for port 15037] INFO  ipc.Server (Server.java:run(1323)) - Starting Socket Reader #1 for port 15037
2023-07-16 18:57:04,411 [main] INFO  ozone.HddsDatanodeService (HddsDatanodeService.java:start(315)) - Datanode start with admins: [runner]
2023-07-16 18:57:04,411 [main] INFO  ozone.HddsDatanodeClientProtocolServer (HddsDatanodeClientProtocolServer.java:start(72)) - RPC server for Client /0.0.0.0:15037
2023-07-16 18:57:04,417 [IPC Server Responder] INFO  ipc.Server (Server.java:run(1562)) - IPC Server Responder: starting
2023-07-16 18:57:04,418 [IPC Server listener on 15037] INFO  ipc.Server (Server.java:run(1402)) - IPC Server listener on 15037: starting
2023-07-16 18:57:04,418 [main] WARN  impl.MetricRegistriesImpl (MetricRegistriesImpl.java:addReporterRegistration(111)) - New reporters are added after registries were created. Some metrics will be missing from the reporter. Please add reporter before adding any new registry.
2023-07-16 18:57:04,418 [main] WARN  impl.MetricRegistriesImpl (MetricRegistriesImpl.java:addReporterRegistration(111)) - New reporters are added after registries were created. Some metrics will be missing from the reporter. Please add reporter before adding any new registry.
2023-07-16 18:57:04,418 [main] INFO  impl.MetricsSystemImpl (MetricsSystemImpl.java:init(158)) - HddsDatanode metrics system started (again)
2023-07-16 18:57:04,422 [Datanode State Machine Daemon Thread] INFO  statemachine.DatanodeStateMachine (DatanodeStateMachine.java:lambda$startDaemon$0(531)) - Ozone container server started.
2023-07-16 18:57:04,433 [main] INFO  ozone.HddsDatanodeService (HddsDatanodeService.java:start(237)) - HddsDatanodeService host:fv-az587-727.eelbpncqjxkupcyqmv043tjoah.jx.internal.cloudapp.net ip:10.1.0.14
2023-07-16 18:57:04,439 [Datanode State Machine Task Thread - 0] INFO  datanode.InitDatanodeState (InitDatanodeState.java:persistContainerDatanodeDetails(138)) - DatanodeDetails is persisted to /home/runner/work/ozone/ozone/hadoop-ozone/integration-test/target/test-dir/MiniOzoneClusterImpl-8e52da8c-19f0-467e-9375-6950100829a3/datanode-3/meta/datanode.id
2023-07-16 18:57:04,456 [main] INFO  upgrade.AbstractLayoutVersionManager (AbstractLayoutVersionManager.java:init(83)) - Initializing Layout version manager with metadata layout = HADOOP_PRC_PORTS_IN_DATANODEDETAILS (version = 7), software layout = HADOOP_PRC_PORTS_IN_DATANODEDETAILS (version = 7)
2023-07-16 18:57:04,457 [main] INFO  statemachine.DatanodeStateMachine (DatanodeStateMachine.java:getEndPointTaskThreadPoolSize(279)) - Datanode State Machine Task Thread Pool size 2
2023-07-16 18:57:04,464 [main] INFO  volume.HddsVolume (HddsVolume.java:<init>(126)) - Creating HddsVolume: /home/runner/work/ozone/ozone/hadoop-ozone/integration-test/target/test-dir/MiniOzoneClusterImpl-8e52da8c-19f0-467e-9375-6950100829a3/datanode-4/data-0/containers/hdds of storage type : DISK capacity : 9223372036854775807
2023-07-16 18:57:04,464 [main] INFO  volume.MutableVolumeSet (MutableVolumeSet.java:initializeVolumeSet(175)) - Added Volume : /home/runner/work/ozone/ozone/hadoop-ozone/integration-test/target/test-dir/MiniOzoneClusterImpl-8e52da8c-19f0-467e-9375-6950100829a3/datanode-4/data-0/containers/hdds to VolumeSet
2023-07-16 18:57:04,464 [main] INFO  volume.ThrottledAsyncChecker (ThrottledAsyncChecker.java:schedule(141)) - Scheduling a check for /home/runner/work/ozone/ozone/hadoop-ozone/integration-test/target/test-dir/MiniOzoneClusterImpl-8e52da8c-19f0-467e-9375-6950100829a3/datanode-4/data-0/containers/hdds
2023-07-16 18:57:04,465 [main] INFO  volume.StorageVolumeChecker (StorageVolumeChecker.java:checkAllVolumes(202)) - Scheduled health check for volume /home/runner/work/ozone/ozone/hadoop-ozone/integration-test/target/test-dir/MiniOzoneClusterImpl-8e52da8c-19f0-467e-9375-6950100829a3/datanode-4/data-0/containers/hdds
2023-07-16 18:57:04,468 [main] INFO  volume.MutableVolumeSet (MutableVolumeSet.java:initializeVolumeSet(175)) - Added Volume : /home/runner/work/ozone/ozone/hadoop-ozone/integration-test/target/test-dir/MiniOzoneClusterImpl-8e52da8c-19f0-467e-9375-6950100829a3/datanode-4/data/ratis to VolumeSet
2023-07-16 18:57:04,468 [main] INFO  volume.ThrottledAsyncChecker (ThrottledAsyncChecker.java:schedule(141)) - Scheduling a check for /home/runner/work/ozone/ozone/hadoop-ozone/integration-test/target/test-dir/MiniOzoneClusterImpl-8e52da8c-19f0-467e-9375-6950100829a3/datanode-4/data/ratis
2023-07-16 18:57:04,470 [main] INFO  volume.StorageVolumeChecker (StorageVolumeChecker.java:checkAllVolumes(202)) - Scheduled health check for volume /home/runner/work/ozone/ozone/hadoop-ozone/integration-test/target/test-dir/MiniOzoneClusterImpl-8e52da8c-19f0-467e-9375-6950100829a3/datanode-4/data/ratis
2023-07-16 18:57:04,472 [Thread-221] INFO  ozoneimpl.ContainerReader (ContainerReader.java:readVolume(177)) - Finish verifying containers on volume /home/runner/work/ozone/ozone/hadoop-ozone/integration-test/target/test-dir/MiniOzoneClusterImpl-8e52da8c-19f0-467e-9375-6950100829a3/datanode-4/data-0/containers/hdds
2023-07-16 18:57:04,472 [main] INFO  ozoneimpl.OzoneContainer (OzoneContainer.java:buildContainerSet(316)) - Build ContainerSet costs 0s
2023-07-16 18:57:04,476 [main] INFO  server.RaftServer (ConfUtils.java:logGet(46)) - raft.rpc.type = GRPC (default)
2023-07-16 18:57:04,476 [main] INFO  grpc.GrpcConfigKeys (ConfUtils.java:logFallback(53)) - raft.grpc.admin.host = null (fallback to raft.grpc.server.host)
2023-07-16 18:57:04,476 [main] INFO  grpc.GrpcConfigKeys (ConfUtils.java:logGet(46)) - raft.grpc.admin.port = 15049 (custom)
2023-07-16 18:57:04,476 [main] INFO  grpc.GrpcConfigKeys (ConfUtils.java:logFallback(53)) - raft.grpc.client.host = null (fallback to raft.grpc.server.host)
2023-07-16 18:57:04,476 [main] INFO  grpc.GrpcConfigKeys (ConfUtils.java:logGet(46)) - raft.grpc.client.port = 15048 (custom)
2023-07-16 18:57:04,476 [main] INFO  grpc.GrpcConfigKeys (ConfUtils.java:logGet(46)) - raft.grpc.server.host = null (default)
2023-07-16 18:57:04,476 [main] INFO  grpc.GrpcConfigKeys (ConfUtils.java:logGet(46)) - raft.grpc.server.port = 15050 (custom)
2023-07-16 18:57:04,477 [main] INFO  server.GrpcService (ConfUtils.java:logGet(46)) - raft.grpc.message.size.max = 32MB (=33554432) (custom)
2023-07-16 18:57:04,477 [main] INFO  server.RaftServerConfigKeys (ConfUtils.java:logGet(46)) - raft.server.log.appender.buffer.byte-limit = 33554432 (custom)
2023-07-16 18:57:04,477 [main] INFO  server.GrpcService (ConfUtils.java:logGet(46)) - raft.grpc.flow.control.window = 5MB (=5242880) (custom)
2023-07-16 18:57:04,477 [main] INFO  server.RaftServerConfigKeys (ConfUtils.java:logGet(46)) - raft.server.rpc.request.timeout = 60s (custom)
2023-07-16 18:57:04,477 [main] INFO  grpc.GrpcConfigKeys (ConfUtils.java:logGet(46)) - raft.grpc.server.heartbeat.channel = true (default)
2023-07-16 18:57:04,478 [main] INFO  grpc.GrpcConfigKeys (ConfUtils.java:logGet(46)) - raft.grpc.server.async.request.thread.pool.cached = true (default)
2023-07-16 18:57:04,479 [main] INFO  grpc.GrpcConfigKeys (ConfUtils.java:logGet(46)) - raft.grpc.server.async.request.thread.pool.size = 32 (default)
2023-07-16 18:57:04,482 [main] INFO  impl.DataStreamServerImpl (ConfUtils.java:logGet(46)) - raft.datastream.type = NETTY (custom)
2023-07-16 18:57:04,483 [main] INFO  server.RaftServerConfigKeys (ConfUtils.java:logGet(46)) - raft.server.data-stream.async.request.thread.pool.cached = false (default)
2023-07-16 18:57:04,483 [main] INFO  server.RaftServerConfigKeys (ConfUtils.java:logGet(46)) - raft.server.data-stream.async.request.thread.pool.size = 20 (custom)
2023-07-16 18:57:04,483 [main] INFO  server.RaftServerConfigKeys (ConfUtils.java:logGet(46)) - raft.server.data-stream.async.write.thread.pool.size = 16 (default)
2023-07-16 18:57:04,483 [main] INFO  server.RaftServerConfigKeys (ConfUtils.java:logGet(46)) - raft.server.data-stream.client.pool.size = 10 (default)
2023-07-16 18:57:04,483 [main] INFO  netty.NettyConfigKeys$DataStream (ConfUtils.java:logGet(46)) - raft.netty.dataStream.server.use-epoll = false (default)
2023-07-16 18:57:04,483 [main] INFO  netty.NettyConfigKeys$DataStream (ConfUtils.java:logGet(46)) - raft.netty.dataStream.server.boss-group.size = 0 (default)
2023-07-16 18:57:04,484 [main] INFO  netty.NettyConfigKeys$DataStream (ConfUtils.java:logGet(46)) - raft.netty.dataStream.server.worker-group.size = 0 (default)
2023-07-16 18:57:04,485 [main] INFO  netty.NettyConfigKeys$DataStream (ConfUtils.java:logGet(46)) - raft.netty.dataStream.server.tls.conf = null (default)
2023-07-16 18:57:04,486 [main] INFO  netty.NettyConfigKeys$DataStream (ConfUtils.java:logGet(46)) - raft.netty.dataStream.host = null (default)
2023-07-16 18:57:04,487 [main] INFO  netty.NettyConfigKeys$DataStream (ConfUtils.java:logGet(46)) - raft.netty.dataStream.port = 15051 (custom)
2023-07-16 18:57:04,490 [main] INFO  server.RaftServerConfigKeys (ConfUtils.java:logGet(46)) - raft.server.threadpool.proxy.cached = true (default)
2023-07-16 18:57:04,490 [main] INFO  server.RaftServerConfigKeys (ConfUtils.java:logGet(46)) - raft.server.threadpool.proxy.size = 0 (default)
2023-07-16 18:57:04,490 [main] INFO  server.RaftServerConfigKeys (ConfUtils.java:logGet(46)) - raft.server.rpc.slowness.timeout = 300s (custom)
2023-07-16 18:57:04,490 [main] INFO  server.RaftServerConfigKeys (ConfUtils.java:logGet(46)) - raft.server.leaderelection.leader.step-down.wait-time = 10s (default)
2023-07-16 18:57:04,491 [main] INFO  server.RaftServerConfigKeys (ConfUtils.java:logGet(46)) - raft.server.storage.dir = [/home/runner/work/ozone/ozone/hadoop-ozone/integration-test/target/test-dir/MiniOzoneClusterImpl-8e52da8c-19f0-467e-9375-6950100829a3/datanode-4/data/ratis] (custom)
2023-07-16 18:57:04,496 [9a50ebc8-888b-4605-8efe-fc16cf713d78-NettyServerStreamRpc-bossGroup--thread1] INFO  logging.LoggingHandler (AbstractInternalLogger.java:log(148)) - [id: 0x9678e0cc] REGISTERED
2023-07-16 18:57:04,497 [9a50ebc8-888b-4605-8efe-fc16cf713d78-NettyServerStreamRpc-bossGroup--thread1] INFO  logging.LoggingHandler (AbstractInternalLogger.java:log(148)) - [id: 0x9678e0cc] BIND: 0.0.0.0/0.0.0.0:15051
2023-07-16 18:57:04,497 [9a50ebc8-888b-4605-8efe-fc16cf713d78-NettyServerStreamRpc-bossGroup--thread1] INFO  logging.LoggingHandler (AbstractInternalLogger.java:log(148)) - [id: 0x9678e0cc, L:/0:0:0:0:0:0:0:0:15051] ACTIVE
2023-07-16 18:57:04,500 [main] INFO  server.XceiverServerGrpc (XceiverServerGrpc.java:<init>(132)) - GrpcServer channel type EpollServerSocketChannel
2023-07-16 18:57:04,502 [main] INFO  replication.ReplicationSupervisor (ReplicationSupervisor.java:nodeStateUpdated(305)) - Node state updated to IN_SERVICE, scaling executor pool size to 10
2023-07-16 18:57:04,505 [main] INFO  http.BaseHttpServer (BaseHttpServer.java:newHttpServer2BuilderForOzone(224)) - Starting Web-server for hddsDatanode at: http://0.0.0.0:15045
2023-07-16 18:57:04,505 [main] INFO  http.BaseHttpServer (BaseHttpServer.java:<init>(111)) - Hadoop Security Enabled: false Ozone Security Enabled: false Ozone HTTP Security Enabled: false 
2023-07-16 18:57:04,506 [main] WARN  server.AuthenticationFilter (AuthenticationFilter.java:constructSecretProvider(240)) - Unable to initialize FileSignerSecretProvider, falling back to use random secrets. Reason: Could not read signature secret file: /home/runner/hadoop-http-auth-signature-secret
2023-07-16 18:57:04,507 [main] INFO  http.HttpRequestLog (HttpRequestLog.java:getRequestLog(86)) - Http request log for http.requests.hddsDatanode is not defined
2023-07-16 18:57:04,508 [main] INFO  http.HttpServer2 (HttpServer2.java:addGlobalFilter(1031)) - Added global filter 'safety' (class=org.apache.hadoop.hdds.server.http.HttpServer2$QuotingInputFilter)
2023-07-16 18:57:04,509 [main] INFO  http.HttpServer2 (HttpServer2.java:addFilter(1007)) - Added filter static_user_filter (class=org.apache.hadoop.http.lib.StaticUserWebFilter$StaticUserFilter) to context hddsDatanode
2023-07-16 18:57:04,509 [main] INFO  http.HttpServer2 (HttpServer2.java:addFilter(1015)) - Added filter static_user_filter (class=org.apache.hadoop.http.lib.StaticUserWebFilter$StaticUserFilter) to context logs
2023-07-16 18:57:04,509 [main] INFO  http.HttpServer2 (HttpServer2.java:addFilter(1015)) - Added filter static_user_filter (class=org.apache.hadoop.http.lib.StaticUserWebFilter$StaticUserFilter) to context static
2023-07-16 18:57:04,510 [main] INFO  http.BaseHttpServer (BaseHttpServer.java:<init>(190)) - HTTP server of hddsDatanode uses base directory /home/runner/work/ozone/ozone/hadoop-ozone/integration-test/target/test-dir/MiniOzoneClusterImpl-8e52da8c-19f0-467e-9375-6950100829a3/datanode-4/meta/webserver
2023-07-16 18:57:04,510 [main] INFO  http.HttpServer2 (HttpServer2.java:bindListener(1250)) - Jetty bound to port 15045
2023-07-16 18:57:04,510 [main] INFO  server.Server (Server.java:doStart(375)) - jetty-9.4.51.v20230217; built: 2023-02-17T08:19:37.309Z; git: b45c405e4544384de066f814ed42ae3dceacdd49; jvm 1.8.0_372-b07
2023-07-16 18:57:04,512 [main] INFO  server.session (DefaultSessionIdManager.java:doStart(334)) - DefaultSessionIdManager workerName=node0
2023-07-16 18:57:04,512 [main] INFO  server.session (DefaultSessionIdManager.java:doStart(339)) - No SessionScavenger set, using defaults
2023-07-16 18:57:04,512 [main] INFO  server.session (HouseKeeper.java:startScavenging(132)) - node0 Scavenging every 660000ms
2023-07-16 18:57:04,513 [main] INFO  handler.ContextHandler (ContextHandler.java:doStart(921)) - Started o.e.j.s.ServletContextHandler@788381b{logs,/logs,file:///home/runner/work/ozone/ozone/hadoop-ozone/integration-test/target/log,AVAILABLE}
2023-07-16 18:57:04,513 [main] INFO  handler.ContextHandler (ContextHandler.java:doStart(921)) - Started o.e.j.s.ServletContextHandler@116278cd{static,/static,jar:file:/home/runner/.m2/repository/org/apache/ozone/hdds-container-service/1.4.0-SNAPSHOT/hdds-container-service-1.4.0-SNAPSHOT.jar!/webapps/static,AVAILABLE}
2023-07-16 18:57:04,719 [main] INFO  handler.ContextHandler (ContextHandler.java:doStart(921)) - Started o.e.j.w.WebAppContext@85b4160{hddsDatanode,/,file:///home/runner/work/ozone/ozone/hadoop-ozone/integration-test/target/tmp/kms/webapp/,AVAILABLE}{jar:file:/home/runner/.m2/repository/org/apache/ozone/hdds-container-service/1.4.0-SNAPSHOT/hdds-container-service-1.4.0-SNAPSHOT.jar!/webapps/hddsDatanode}
2023-07-16 18:57:04,721 [main] INFO  server.AbstractConnector (AbstractConnector.java:doStart(333)) - Started ServerConnector@2697db23{HTTP/1.1, (http/1.1)}{0.0.0.0:15045}
2023-07-16 18:57:04,721 [main] INFO  server.Server (Server.java:doStart(415)) - Started @11894ms
2023-07-16 18:57:04,721 [main] WARN  impl.MetricsSystemImpl (MetricsSystemImpl.java:register(279)) - Sink prometheus already exists!
2023-07-16 18:57:04,722 [main] INFO  http.BaseHttpServer (BaseHttpServer.java:updateConnectorAddress(344)) - HTTP server of hddsDatanode listening at http://0.0.0.0:15045
2023-07-16 18:57:04,723 [main] INFO  ipc.CallQueueManager (CallQueueManager.java:<init>(90)) - Using callQueue: class java.util.concurrent.LinkedBlockingQueue, queueCapacity: 100, scheduler: class org.apache.hadoop.ipc.DefaultRpcScheduler, ipcBackoff: false.
2023-07-16 18:57:04,723 [main] INFO  ipc.Server (Server.java:<init>(1287)) - Listener at 0.0.0.0:15046
2023-07-16 18:57:04,723 [Socket Reader #1 for port 15046] INFO  ipc.Server (Server.java:run(1323)) - Starting Socket Reader #1 for port 15046
2023-07-16 18:57:04,729 [main] INFO  ozone.HddsDatanodeService (HddsDatanodeService.java:start(315)) - Datanode start with admins: [runner]
2023-07-16 18:57:04,729 [main] INFO  ozone.HddsDatanodeClientProtocolServer (HddsDatanodeClientProtocolServer.java:start(72)) - RPC server for Client /0.0.0.0:15046
2023-07-16 18:57:04,729 [IPC Server Responder] INFO  ipc.Server (Server.java:run(1562)) - IPC Server Responder: starting
2023-07-16 18:57:04,729 [IPC Server listener on 15046] INFO  ipc.Server (Server.java:run(1402)) - IPC Server listener on 15046: starting
2023-07-16 18:57:04,731 [Datanode State Machine Daemon Thread] INFO  statemachine.DatanodeStateMachine (DatanodeStateMachine.java:lambda$startDaemon$0(531)) - Ozone container server started.
2023-07-16 18:57:04,731 [main] WARN  impl.MetricRegistriesImpl (MetricRegistriesImpl.java:addReporterRegistration(111)) - New reporters are added after registries were created. Some metrics will be missing from the reporter. Please add reporter before adding any new registry.
2023-07-16 18:57:04,731 [main] WARN  impl.MetricRegistriesImpl (MetricRegistriesImpl.java:addReporterRegistration(111)) - New reporters are added after registries were created. Some metrics will be missing from the reporter. Please add reporter before adding any new registry.
2023-07-16 18:57:04,732 [main] INFO  impl.MetricsSystemImpl (MetricsSystemImpl.java:init(158)) - HddsDatanode metrics system started (again)
2023-07-16 18:57:04,747 [main] INFO  ozone.HddsDatanodeService (HddsDatanodeService.java:start(237)) - HddsDatanodeService host:fv-az587-727.eelbpncqjxkupcyqmv043tjoah.jx.internal.cloudapp.net ip:10.1.0.14
2023-07-16 18:57:04,752 [Datanode State Machine Task Thread - 0] INFO  datanode.InitDatanodeState (InitDatanodeState.java:persistContainerDatanodeDetails(138)) - DatanodeDetails is persisted to /home/runner/work/ozone/ozone/hadoop-ozone/integration-test/target/test-dir/MiniOzoneClusterImpl-8e52da8c-19f0-467e-9375-6950100829a3/datanode-4/meta/datanode.id
2023-07-16 18:57:04,766 [main] INFO  upgrade.AbstractLayoutVersionManager (AbstractLayoutVersionManager.java:init(83)) - Initializing Layout version manager with metadata layout = HADOOP_PRC_PORTS_IN_DATANODEDETAILS (version = 7), software layout = HADOOP_PRC_PORTS_IN_DATANODEDETAILS (version = 7)
2023-07-16 18:57:04,766 [main] INFO  statemachine.DatanodeStateMachine (DatanodeStateMachine.java:getEndPointTaskThreadPoolSize(279)) - Datanode State Machine Task Thread Pool size 2
2023-07-16 18:57:04,768 [main] INFO  volume.HddsVolume (HddsVolume.java:<init>(126)) - Creating HddsVolume: /home/runner/work/ozone/ozone/hadoop-ozone/integration-test/target/test-dir/MiniOzoneClusterImpl-8e52da8c-19f0-467e-9375-6950100829a3/datanode-5/data-0/containers/hdds of storage type : DISK capacity : 9223372036854775807
2023-07-16 18:57:04,768 [main] INFO  volume.MutableVolumeSet (MutableVolumeSet.java:initializeVolumeSet(175)) - Added Volume : /home/runner/work/ozone/ozone/hadoop-ozone/integration-test/target/test-dir/MiniOzoneClusterImpl-8e52da8c-19f0-467e-9375-6950100829a3/datanode-5/data-0/containers/hdds to VolumeSet
2023-07-16 18:57:04,769 [main] INFO  volume.ThrottledAsyncChecker (ThrottledAsyncChecker.java:schedule(141)) - Scheduling a check for /home/runner/work/ozone/ozone/hadoop-ozone/integration-test/target/test-dir/MiniOzoneClusterImpl-8e52da8c-19f0-467e-9375-6950100829a3/datanode-5/data-0/containers/hdds
2023-07-16 18:57:04,769 [main] INFO  volume.StorageVolumeChecker (StorageVolumeChecker.java:checkAllVolumes(202)) - Scheduled health check for volume /home/runner/work/ozone/ozone/hadoop-ozone/integration-test/target/test-dir/MiniOzoneClusterImpl-8e52da8c-19f0-467e-9375-6950100829a3/datanode-5/data-0/containers/hdds
2023-07-16 18:57:04,772 [main] INFO  volume.MutableVolumeSet (MutableVolumeSet.java:initializeVolumeSet(175)) - Added Volume : /home/runner/work/ozone/ozone/hadoop-ozone/integration-test/target/test-dir/MiniOzoneClusterImpl-8e52da8c-19f0-467e-9375-6950100829a3/datanode-5/data/ratis to VolumeSet
2023-07-16 18:57:04,772 [main] INFO  volume.ThrottledAsyncChecker (ThrottledAsyncChecker.java:schedule(141)) - Scheduling a check for /home/runner/work/ozone/ozone/hadoop-ozone/integration-test/target/test-dir/MiniOzoneClusterImpl-8e52da8c-19f0-467e-9375-6950100829a3/datanode-5/data/ratis
2023-07-16 18:57:04,777 [main] INFO  volume.StorageVolumeChecker (StorageVolumeChecker.java:checkAllVolumes(202)) - Scheduled health check for volume /home/runner/work/ozone/ozone/hadoop-ozone/integration-test/target/test-dir/MiniOzoneClusterImpl-8e52da8c-19f0-467e-9375-6950100829a3/datanode-5/data/ratis
2023-07-16 18:57:04,782 [Thread-238] INFO  ozoneimpl.ContainerReader (ContainerReader.java:readVolume(177)) - Finish verifying containers on volume /home/runner/work/ozone/ozone/hadoop-ozone/integration-test/target/test-dir/MiniOzoneClusterImpl-8e52da8c-19f0-467e-9375-6950100829a3/datanode-5/data-0/containers/hdds
2023-07-16 18:57:04,782 [main] INFO  ozoneimpl.OzoneContainer (OzoneContainer.java:buildContainerSet(316)) - Build ContainerSet costs 0s
2023-07-16 18:57:04,786 [main] INFO  server.RaftServer (ConfUtils.java:logGet(46)) - raft.rpc.type = GRPC (default)
2023-07-16 18:57:04,786 [main] INFO  grpc.GrpcConfigKeys (ConfUtils.java:logFallback(53)) - raft.grpc.admin.host = null (fallback to raft.grpc.server.host)
2023-07-16 18:57:04,786 [main] INFO  grpc.GrpcConfigKeys (ConfUtils.java:logGet(46)) - raft.grpc.admin.port = 15058 (custom)
2023-07-16 18:57:04,786 [main] INFO  grpc.GrpcConfigKeys (ConfUtils.java:logFallback(53)) - raft.grpc.client.host = null (fallback to raft.grpc.server.host)
2023-07-16 18:57:04,786 [main] INFO  grpc.GrpcConfigKeys (ConfUtils.java:logGet(46)) - raft.grpc.client.port = 15057 (custom)
2023-07-16 18:57:04,786 [main] INFO  grpc.GrpcConfigKeys (ConfUtils.java:logGet(46)) - raft.grpc.server.host = null (default)
2023-07-16 18:57:04,787 [main] INFO  grpc.GrpcConfigKeys (ConfUtils.java:logGet(46)) - raft.grpc.server.port = 15059 (custom)
2023-07-16 18:57:04,787 [main] INFO  server.GrpcService (ConfUtils.java:logGet(46)) - raft.grpc.message.size.max = 32MB (=33554432) (custom)
2023-07-16 18:57:04,787 [main] INFO  server.RaftServerConfigKeys (ConfUtils.java:logGet(46)) - raft.server.log.appender.buffer.byte-limit = 33554432 (custom)
2023-07-16 18:57:04,787 [main] INFO  server.GrpcService (ConfUtils.java:logGet(46)) - raft.grpc.flow.control.window = 5MB (=5242880) (custom)
2023-07-16 18:57:04,787 [main] INFO  server.RaftServerConfigKeys (ConfUtils.java:logGet(46)) - raft.server.rpc.request.timeout = 60s (custom)
2023-07-16 18:57:04,787 [main] INFO  grpc.GrpcConfigKeys (ConfUtils.java:logGet(46)) - raft.grpc.server.heartbeat.channel = true (default)
2023-07-16 18:57:04,787 [main] INFO  grpc.GrpcConfigKeys (ConfUtils.java:logGet(46)) - raft.grpc.server.async.request.thread.pool.cached = true (default)
2023-07-16 18:57:04,787 [main] INFO  grpc.GrpcConfigKeys (ConfUtils.java:logGet(46)) - raft.grpc.server.async.request.thread.pool.size = 32 (default)
2023-07-16 18:57:04,792 [main] INFO  impl.DataStreamServerImpl (ConfUtils.java:logGet(46)) - raft.datastream.type = NETTY (custom)
2023-07-16 18:57:04,792 [main] INFO  server.RaftServerConfigKeys (ConfUtils.java:logGet(46)) - raft.server.data-stream.async.request.thread.pool.cached = false (default)
2023-07-16 18:57:04,792 [main] INFO  server.RaftServerConfigKeys (ConfUtils.java:logGet(46)) - raft.server.data-stream.async.request.thread.pool.size = 20 (custom)
2023-07-16 18:57:04,792 [main] INFO  server.RaftServerConfigKeys (ConfUtils.java:logGet(46)) - raft.server.data-stream.async.write.thread.pool.size = 16 (default)
2023-07-16 18:57:04,792 [main] INFO  server.RaftServerConfigKeys (ConfUtils.java:logGet(46)) - raft.server.data-stream.client.pool.size = 10 (default)
2023-07-16 18:57:04,792 [main] INFO  netty.NettyConfigKeys$DataStream (ConfUtils.java:logGet(46)) - raft.netty.dataStream.server.use-epoll = false (default)
2023-07-16 18:57:04,793 [main] INFO  netty.NettyConfigKeys$DataStream (ConfUtils.java:logGet(46)) - raft.netty.dataStream.server.boss-group.size = 0 (default)
2023-07-16 18:57:04,793 [main] INFO  netty.NettyConfigKeys$DataStream (ConfUtils.java:logGet(46)) - raft.netty.dataStream.server.worker-group.size = 0 (default)
2023-07-16 18:57:04,793 [main] INFO  netty.NettyConfigKeys$DataStream (ConfUtils.java:logGet(46)) - raft.netty.dataStream.server.tls.conf = null (default)
2023-07-16 18:57:04,793 [main] INFO  netty.NettyConfigKeys$DataStream (ConfUtils.java:logGet(46)) - raft.netty.dataStream.host = null (default)
2023-07-16 18:57:04,793 [main] INFO  netty.NettyConfigKeys$DataStream (ConfUtils.java:logGet(46)) - raft.netty.dataStream.port = 15060 (custom)
2023-07-16 18:57:04,794 [main] INFO  server.RaftServerConfigKeys (ConfUtils.java:logGet(46)) - raft.server.threadpool.proxy.cached = true (default)
2023-07-16 18:57:04,794 [main] INFO  server.RaftServerConfigKeys (ConfUtils.java:logGet(46)) - raft.server.threadpool.proxy.size = 0 (default)
2023-07-16 18:57:04,794 [main] INFO  server.RaftServerConfigKeys (ConfUtils.java:logGet(46)) - raft.server.rpc.slowness.timeout = 300s (custom)
2023-07-16 18:57:04,794 [main] INFO  server.RaftServerConfigKeys (ConfUtils.java:logGet(46)) - raft.server.leaderelection.leader.step-down.wait-time = 10s (default)
2023-07-16 18:57:04,795 [main] INFO  server.RaftServerConfigKeys (ConfUtils.java:logGet(46)) - raft.server.storage.dir = [/home/runner/work/ozone/ozone/hadoop-ozone/integration-test/target/test-dir/MiniOzoneClusterImpl-8e52da8c-19f0-467e-9375-6950100829a3/datanode-5/data/ratis] (custom)
2023-07-16 18:57:04,797 [0b1f3054-766a-487f-b63d-c6e216ac8926-NettyServerStreamRpc-bossGroup--thread1] INFO  logging.LoggingHandler (AbstractInternalLogger.java:log(148)) - [id: 0x5a0a41da] REGISTERED
2023-07-16 18:57:04,797 [0b1f3054-766a-487f-b63d-c6e216ac8926-NettyServerStreamRpc-bossGroup--thread1] INFO  logging.LoggingHandler (AbstractInternalLogger.java:log(148)) - [id: 0x5a0a41da] BIND: 0.0.0.0/0.0.0.0:15060
2023-07-16 18:57:04,797 [0b1f3054-766a-487f-b63d-c6e216ac8926-NettyServerStreamRpc-bossGroup--thread1] INFO  logging.LoggingHandler (AbstractInternalLogger.java:log(148)) - [id: 0x5a0a41da, L:/0:0:0:0:0:0:0:0:15060] ACTIVE
2023-07-16 18:57:04,799 [main] INFO  server.XceiverServerGrpc (XceiverServerGrpc.java:<init>(132)) - GrpcServer channel type EpollServerSocketChannel
2023-07-16 18:57:04,801 [main] INFO  replication.ReplicationSupervisor (ReplicationSupervisor.java:nodeStateUpdated(305)) - Node state updated to IN_SERVICE, scaling executor pool size to 10
2023-07-16 18:57:04,804 [main] INFO  http.BaseHttpServer (BaseHttpServer.java:newHttpServer2BuilderForOzone(224)) - Starting Web-server for hddsDatanode at: http://0.0.0.0:15054
2023-07-16 18:57:04,804 [main] INFO  http.BaseHttpServer (BaseHttpServer.java:<init>(111)) - Hadoop Security Enabled: false Ozone Security Enabled: false Ozone HTTP Security Enabled: false 
2023-07-16 18:57:04,806 [main] WARN  server.AuthenticationFilter (AuthenticationFilter.java:constructSecretProvider(240)) - Unable to initialize FileSignerSecretProvider, falling back to use random secrets. Reason: Could not read signature secret file: /home/runner/hadoop-http-auth-signature-secret
2023-07-16 18:57:04,806 [main] INFO  http.HttpRequestLog (HttpRequestLog.java:getRequestLog(86)) - Http request log for http.requests.hddsDatanode is not defined
2023-07-16 18:57:04,808 [main] INFO  http.HttpServer2 (HttpServer2.java:addGlobalFilter(1031)) - Added global filter 'safety' (class=org.apache.hadoop.hdds.server.http.HttpServer2$QuotingInputFilter)
2023-07-16 18:57:04,808 [main] INFO  http.HttpServer2 (HttpServer2.java:addFilter(1007)) - Added filter static_user_filter (class=org.apache.hadoop.http.lib.StaticUserWebFilter$StaticUserFilter) to context hddsDatanode
2023-07-16 18:57:04,809 [main] INFO  http.HttpServer2 (HttpServer2.java:addFilter(1015)) - Added filter static_user_filter (class=org.apache.hadoop.http.lib.StaticUserWebFilter$StaticUserFilter) to context static
2023-07-16 18:57:04,809 [main] INFO  http.HttpServer2 (HttpServer2.java:addFilter(1015)) - Added filter static_user_filter (class=org.apache.hadoop.http.lib.StaticUserWebFilter$StaticUserFilter) to context logs
2023-07-16 18:57:04,810 [main] INFO  http.BaseHttpServer (BaseHttpServer.java:<init>(190)) - HTTP server of hddsDatanode uses base directory /home/runner/work/ozone/ozone/hadoop-ozone/integration-test/target/test-dir/MiniOzoneClusterImpl-8e52da8c-19f0-467e-9375-6950100829a3/datanode-5/meta/webserver
2023-07-16 18:57:04,810 [main] INFO  http.HttpServer2 (HttpServer2.java:bindListener(1250)) - Jetty bound to port 15054
2023-07-16 18:57:04,810 [main] INFO  server.Server (Server.java:doStart(375)) - jetty-9.4.51.v20230217; built: 2023-02-17T08:19:37.309Z; git: b45c405e4544384de066f814ed42ae3dceacdd49; jvm 1.8.0_372-b07
2023-07-16 18:57:04,827 [main] INFO  server.session (DefaultSessionIdManager.java:doStart(334)) - DefaultSessionIdManager workerName=node0
2023-07-16 18:57:04,827 [main] INFO  server.session (DefaultSessionIdManager.java:doStart(339)) - No SessionScavenger set, using defaults
2023-07-16 18:57:04,828 [main] INFO  server.session (HouseKeeper.java:startScavenging(132)) - node0 Scavenging every 660000ms
2023-07-16 18:57:04,828 [main] INFO  handler.ContextHandler (ContextHandler.java:doStart(921)) - Started o.e.j.s.ServletContextHandler@1f34fada{logs,/logs,file:///home/runner/work/ozone/ozone/hadoop-ozone/integration-test/target/log,AVAILABLE}
2023-07-16 18:57:04,829 [main] INFO  handler.ContextHandler (ContextHandler.java:doStart(921)) - Started o.e.j.s.ServletContextHandler@7aa371c4{static,/static,jar:file:/home/runner/.m2/repository/org/apache/ozone/hdds-container-service/1.4.0-SNAPSHOT/hdds-container-service-1.4.0-SNAPSHOT.jar!/webapps/static,AVAILABLE}
2023-07-16 18:57:05,041 [JvmPauseMonitor0] WARN  util.JvmPauseMonitor (JvmPauseMonitor.java:detectPause(124)) - JvmPauseMonitor-262803b3-ac48-46f1-a8b8-24b53ff9384b: Detected pause in JVM or host machine approximately 0.120s with 0.156s GC time.
GC pool 'PS MarkSweep' had collection(s): count=1 time=121ms
GC pool 'PS Scavenge' had collection(s): count=1 time=35ms
2023-07-16 18:57:05,195 [main] INFO  handler.ContextHandler (ContextHandler.java:doStart(921)) - Started o.e.j.w.WebAppContext@4b86ed6b{hddsDatanode,/,file:///home/runner/work/ozone/ozone/hadoop-ozone/integration-test/target/tmp/kms/webapp/,AVAILABLE}{jar:file:/home/runner/.m2/repository/org/apache/ozone/hdds-container-service/1.4.0-SNAPSHOT/hdds-container-service-1.4.0-SNAPSHOT.jar!/webapps/hddsDatanode}
2023-07-16 18:57:05,197 [main] INFO  server.AbstractConnector (AbstractConnector.java:doStart(333)) - Started ServerConnector@2da3ae4c{HTTP/1.1, (http/1.1)}{0.0.0.0:15054}
2023-07-16 18:57:05,198 [main] INFO  server.Server (Server.java:doStart(415)) - Started @12371ms
2023-07-16 18:57:05,198 [main] WARN  impl.MetricsSystemImpl (MetricsSystemImpl.java:register(279)) - Sink prometheus already exists!
2023-07-16 18:57:05,198 [main] INFO  http.BaseHttpServer (BaseHttpServer.java:updateConnectorAddress(344)) - HTTP server of hddsDatanode listening at http://0.0.0.0:15054
2023-07-16 18:57:05,199 [main] INFO  ipc.CallQueueManager (CallQueueManager.java:<init>(90)) - Using callQueue: class java.util.concurrent.LinkedBlockingQueue, queueCapacity: 100, scheduler: class org.apache.hadoop.ipc.DefaultRpcScheduler, ipcBackoff: false.
2023-07-16 18:57:05,199 [main] INFO  ipc.Server (Server.java:<init>(1287)) - Listener at 0.0.0.0:15055
2023-07-16 18:57:05,200 [Socket Reader #1 for port 15055] INFO  ipc.Server (Server.java:run(1323)) - Starting Socket Reader #1 for port 15055
2023-07-16 18:57:05,204 [main] INFO  ozone.HddsDatanodeService (HddsDatanodeService.java:start(315)) - Datanode start with admins: [runner]
2023-07-16 18:57:05,204 [main] INFO  ozone.HddsDatanodeClientProtocolServer (HddsDatanodeClientProtocolServer.java:start(72)) - RPC server for Client /0.0.0.0:15055
2023-07-16 18:57:05,204 [IPC Server Responder] INFO  ipc.Server (Server.java:run(1562)) - IPC Server Responder: starting
2023-07-16 18:57:05,205 [Datanode State Machine Daemon Thread] INFO  statemachine.DatanodeStateMachine (DatanodeStateMachine.java:lambda$startDaemon$0(531)) - Ozone container server started.
2023-07-16 18:57:05,205 [main] WARN  impl.MetricRegistriesImpl (MetricRegistriesImpl.java:addReporterRegistration(111)) - New reporters are added after registries were created. Some metrics will be missing from the reporter. Please add reporter before adding any new registry.
2023-07-16 18:57:05,205 [main] WARN  impl.MetricRegistriesImpl (MetricRegistriesImpl.java:addReporterRegistration(111)) - New reporters are added after registries were created. Some metrics will be missing from the reporter. Please add reporter before adding any new registry.
2023-07-16 18:57:05,205 [main] INFO  impl.MetricsSystemImpl (MetricsSystemImpl.java:init(158)) - HddsDatanode metrics system started (again)
2023-07-16 18:57:05,206 [IPC Server listener on 15055] INFO  ipc.Server (Server.java:run(1402)) - IPC Server listener on 15055: starting
2023-07-16 18:57:05,230 [Datanode State Machine Task Thread - 0] INFO  datanode.InitDatanodeState (InitDatanodeState.java:persistContainerDatanodeDetails(138)) - DatanodeDetails is persisted to /home/runner/work/ozone/ozone/hadoop-ozone/integration-test/target/test-dir/MiniOzoneClusterImpl-8e52da8c-19f0-467e-9375-6950100829a3/datanode-5/meta/datanode.id
2023-07-16 18:57:05,232 [main] INFO  ozone.HddsDatanodeService (HddsDatanodeService.java:start(237)) - HddsDatanodeService host:fv-az587-727.eelbpncqjxkupcyqmv043tjoah.jx.internal.cloudapp.net ip:10.1.0.14
2023-07-16 18:57:05,250 [main] INFO  upgrade.AbstractLayoutVersionManager (AbstractLayoutVersionManager.java:init(83)) - Initializing Layout version manager with metadata layout = HADOOP_PRC_PORTS_IN_DATANODEDETAILS (version = 7), software layout = HADOOP_PRC_PORTS_IN_DATANODEDETAILS (version = 7)
2023-07-16 18:57:05,251 [main] INFO  statemachine.DatanodeStateMachine (DatanodeStateMachine.java:getEndPointTaskThreadPoolSize(279)) - Datanode State Machine Task Thread Pool size 2
2023-07-16 18:57:05,254 [main] INFO  volume.HddsVolume (HddsVolume.java:<init>(126)) - Creating HddsVolume: /home/runner/work/ozone/ozone/hadoop-ozone/integration-test/target/test-dir/MiniOzoneClusterImpl-8e52da8c-19f0-467e-9375-6950100829a3/datanode-6/data-0/containers/hdds of storage type : DISK capacity : 9223372036854775807
2023-07-16 18:57:05,254 [main] INFO  volume.MutableVolumeSet (MutableVolumeSet.java:initializeVolumeSet(175)) - Added Volume : /home/runner/work/ozone/ozone/hadoop-ozone/integration-test/target/test-dir/MiniOzoneClusterImpl-8e52da8c-19f0-467e-9375-6950100829a3/datanode-6/data-0/containers/hdds to VolumeSet
2023-07-16 18:57:05,255 [main] INFO  volume.ThrottledAsyncChecker (ThrottledAsyncChecker.java:schedule(141)) - Scheduling a check for /home/runner/work/ozone/ozone/hadoop-ozone/integration-test/target/test-dir/MiniOzoneClusterImpl-8e52da8c-19f0-467e-9375-6950100829a3/datanode-6/data-0/containers/hdds
2023-07-16 18:57:05,257 [main] INFO  volume.StorageVolumeChecker (StorageVolumeChecker.java:checkAllVolumes(202)) - Scheduled health check for volume /home/runner/work/ozone/ozone/hadoop-ozone/integration-test/target/test-dir/MiniOzoneClusterImpl-8e52da8c-19f0-467e-9375-6950100829a3/datanode-6/data-0/containers/hdds
2023-07-16 18:57:05,260 [main] INFO  volume.MutableVolumeSet (MutableVolumeSet.java:initializeVolumeSet(175)) - Added Volume : /home/runner/work/ozone/ozone/hadoop-ozone/integration-test/target/test-dir/MiniOzoneClusterImpl-8e52da8c-19f0-467e-9375-6950100829a3/datanode-6/data/ratis to VolumeSet
2023-07-16 18:57:05,260 [main] INFO  volume.ThrottledAsyncChecker (ThrottledAsyncChecker.java:schedule(141)) - Scheduling a check for /home/runner/work/ozone/ozone/hadoop-ozone/integration-test/target/test-dir/MiniOzoneClusterImpl-8e52da8c-19f0-467e-9375-6950100829a3/datanode-6/data/ratis
2023-07-16 18:57:05,272 [main] INFO  volume.StorageVolumeChecker (StorageVolumeChecker.java:checkAllVolumes(202)) - Scheduled health check for volume /home/runner/work/ozone/ozone/hadoop-ozone/integration-test/target/test-dir/MiniOzoneClusterImpl-8e52da8c-19f0-467e-9375-6950100829a3/datanode-6/data/ratis
2023-07-16 18:57:05,276 [Thread-255] INFO  ozoneimpl.ContainerReader (ContainerReader.java:readVolume(177)) - Finish verifying containers on volume /home/runner/work/ozone/ozone/hadoop-ozone/integration-test/target/test-dir/MiniOzoneClusterImpl-8e52da8c-19f0-467e-9375-6950100829a3/datanode-6/data-0/containers/hdds
2023-07-16 18:57:05,276 [main] INFO  ozoneimpl.OzoneContainer (OzoneContainer.java:buildContainerSet(316)) - Build ContainerSet costs 0s
2023-07-16 18:57:05,278 [main] INFO  server.RaftServer (ConfUtils.java:logGet(46)) - raft.rpc.type = GRPC (default)
2023-07-16 18:57:05,279 [main] INFO  grpc.GrpcConfigKeys (ConfUtils.java:logFallback(53)) - raft.grpc.admin.host = null (fallback to raft.grpc.server.host)
2023-07-16 18:57:05,279 [main] INFO  grpc.GrpcConfigKeys (ConfUtils.java:logGet(46)) - raft.grpc.admin.port = 15067 (custom)
2023-07-16 18:57:05,279 [main] INFO  grpc.GrpcConfigKeys (ConfUtils.java:logFallback(53)) - raft.grpc.client.host = null (fallback to raft.grpc.server.host)
2023-07-16 18:57:05,279 [main] INFO  grpc.GrpcConfigKeys (ConfUtils.java:logGet(46)) - raft.grpc.client.port = 15066 (custom)
2023-07-16 18:57:05,279 [main] INFO  grpc.GrpcConfigKeys (ConfUtils.java:logGet(46)) - raft.grpc.server.host = null (default)
2023-07-16 18:57:05,279 [main] INFO  grpc.GrpcConfigKeys (ConfUtils.java:logGet(46)) - raft.grpc.server.port = 15068 (custom)
2023-07-16 18:57:05,279 [main] INFO  server.GrpcService (ConfUtils.java:logGet(46)) - raft.grpc.message.size.max = 32MB (=33554432) (custom)
2023-07-16 18:57:05,279 [main] INFO  server.RaftServerConfigKeys (ConfUtils.java:logGet(46)) - raft.server.log.appender.buffer.byte-limit = 33554432 (custom)
2023-07-16 18:57:05,279 [main] INFO  server.GrpcService (ConfUtils.java:logGet(46)) - raft.grpc.flow.control.window = 5MB (=5242880) (custom)
2023-07-16 18:57:05,279 [main] INFO  server.RaftServerConfigKeys (ConfUtils.java:logGet(46)) - raft.server.rpc.request.timeout = 60s (custom)
2023-07-16 18:57:05,279 [main] INFO  grpc.GrpcConfigKeys (ConfUtils.java:logGet(46)) - raft.grpc.server.heartbeat.channel = true (default)
2023-07-16 18:57:05,280 [main] INFO  grpc.GrpcConfigKeys (ConfUtils.java:logGet(46)) - raft.grpc.server.async.request.thread.pool.cached = true (default)
2023-07-16 18:57:05,280 [main] INFO  grpc.GrpcConfigKeys (ConfUtils.java:logGet(46)) - raft.grpc.server.async.request.thread.pool.size = 32 (default)
2023-07-16 18:57:05,282 [main] INFO  impl.DataStreamServerImpl (ConfUtils.java:logGet(46)) - raft.datastream.type = NETTY (custom)
2023-07-16 18:57:05,288 [main] INFO  server.RaftServerConfigKeys (ConfUtils.java:logGet(46)) - raft.server.data-stream.async.request.thread.pool.cached = false (default)
2023-07-16 18:57:05,288 [main] INFO  server.RaftServerConfigKeys (ConfUtils.java:logGet(46)) - raft.server.data-stream.async.request.thread.pool.size = 20 (custom)
2023-07-16 18:57:05,288 [main] INFO  server.RaftServerConfigKeys (ConfUtils.java:logGet(46)) - raft.server.data-stream.async.write.thread.pool.size = 16 (default)
2023-07-16 18:57:05,288 [main] INFO  server.RaftServerConfigKeys (ConfUtils.java:logGet(46)) - raft.server.data-stream.client.pool.size = 10 (default)
2023-07-16 18:57:05,288 [main] INFO  netty.NettyConfigKeys$DataStream (ConfUtils.java:logGet(46)) - raft.netty.dataStream.server.use-epoll = false (default)
2023-07-16 18:57:05,288 [main] INFO  netty.NettyConfigKeys$DataStream (ConfUtils.java:logGet(46)) - raft.netty.dataStream.server.boss-group.size = 0 (default)
2023-07-16 18:57:05,291 [main] INFO  netty.NettyConfigKeys$DataStream (ConfUtils.java:logGet(46)) - raft.netty.dataStream.server.worker-group.size = 0 (default)
2023-07-16 18:57:05,292 [main] INFO  netty.NettyConfigKeys$DataStream (ConfUtils.java:logGet(46)) - raft.netty.dataStream.server.tls.conf = null (default)
2023-07-16 18:57:05,292 [main] INFO  netty.NettyConfigKeys$DataStream (ConfUtils.java:logGet(46)) - raft.netty.dataStream.host = null (default)
2023-07-16 18:57:05,292 [main] INFO  netty.NettyConfigKeys$DataStream (ConfUtils.java:logGet(46)) - raft.netty.dataStream.port = 15069 (custom)
2023-07-16 18:57:05,294 [main] INFO  server.RaftServerConfigKeys (ConfUtils.java:logGet(46)) - raft.server.threadpool.proxy.cached = true (default)
2023-07-16 18:57:05,295 [main] INFO  server.RaftServerConfigKeys (ConfUtils.java:logGet(46)) - raft.server.threadpool.proxy.size = 0 (default)
2023-07-16 18:57:05,295 [main] INFO  server.RaftServerConfigKeys (ConfUtils.java:logGet(46)) - raft.server.rpc.slowness.timeout = 300s (custom)
2023-07-16 18:57:05,295 [main] INFO  server.RaftServerConfigKeys (ConfUtils.java:logGet(46)) - raft.server.leaderelection.leader.step-down.wait-time = 10s (default)
2023-07-16 18:57:05,295 [main] INFO  server.RaftServerConfigKeys (ConfUtils.java:logGet(46)) - raft.server.storage.dir = [/home/runner/work/ozone/ozone/hadoop-ozone/integration-test/target/test-dir/MiniOzoneClusterImpl-8e52da8c-19f0-467e-9375-6950100829a3/datanode-6/data/ratis] (custom)
2023-07-16 18:57:05,305 [main] INFO  server.XceiverServerGrpc (XceiverServerGrpc.java:<init>(132)) - GrpcServer channel type EpollServerSocketChannel
2023-07-16 18:57:05,306 [main] INFO  replication.ReplicationSupervisor (ReplicationSupervisor.java:nodeStateUpdated(305)) - Node state updated to IN_SERVICE, scaling executor pool size to 10
2023-07-16 18:57:05,315 [83d11254-7599-4cbf-9408-65e5a9156a74-NettyServerStreamRpc-bossGroup--thread1] INFO  logging.LoggingHandler (AbstractInternalLogger.java:log(148)) - [id: 0x3c2e06f1] REGISTERED
2023-07-16 18:57:05,315 [83d11254-7599-4cbf-9408-65e5a9156a74-NettyServerStreamRpc-bossGroup--thread1] INFO  logging.LoggingHandler (AbstractInternalLogger.java:log(148)) - [id: 0x3c2e06f1] BIND: 0.0.0.0/0.0.0.0:15069
2023-07-16 18:57:05,315 [83d11254-7599-4cbf-9408-65e5a9156a74-NettyServerStreamRpc-bossGroup--thread1] INFO  logging.LoggingHandler (AbstractInternalLogger.java:log(148)) - [id: 0x3c2e06f1, L:/0:0:0:0:0:0:0:0:15069] ACTIVE
2023-07-16 18:57:05,316 [main] INFO  http.BaseHttpServer (BaseHttpServer.java:newHttpServer2BuilderForOzone(224)) - Starting Web-server for hddsDatanode at: http://0.0.0.0:15063
2023-07-16 18:57:05,316 [main] INFO  http.BaseHttpServer (BaseHttpServer.java:<init>(111)) - Hadoop Security Enabled: false Ozone Security Enabled: false Ozone HTTP Security Enabled: false 
2023-07-16 18:57:05,318 [main] WARN  server.AuthenticationFilter (AuthenticationFilter.java:constructSecretProvider(240)) - Unable to initialize FileSignerSecretProvider, falling back to use random secrets. Reason: Could not read signature secret file: /home/runner/hadoop-http-auth-signature-secret
2023-07-16 18:57:05,319 [main] INFO  http.HttpRequestLog (HttpRequestLog.java:getRequestLog(86)) - Http request log for http.requests.hddsDatanode is not defined
2023-07-16 18:57:05,320 [main] INFO  http.HttpServer2 (HttpServer2.java:addGlobalFilter(1031)) - Added global filter 'safety' (class=org.apache.hadoop.hdds.server.http.HttpServer2$QuotingInputFilter)
2023-07-16 18:57:05,321 [main] INFO  http.HttpServer2 (HttpServer2.java:addFilter(1007)) - Added filter static_user_filter (class=org.apache.hadoop.http.lib.StaticUserWebFilter$StaticUserFilter) to context hddsDatanode
2023-07-16 18:57:05,321 [main] INFO  http.HttpServer2 (HttpServer2.java:addFilter(1015)) - Added filter static_user_filter (class=org.apache.hadoop.http.lib.StaticUserWebFilter$StaticUserFilter) to context logs
2023-07-16 18:57:05,321 [main] INFO  http.HttpServer2 (HttpServer2.java:addFilter(1015)) - Added filter static_user_filter (class=org.apache.hadoop.http.lib.StaticUserWebFilter$StaticUserFilter) to context static
2023-07-16 18:57:05,322 [main] INFO  http.BaseHttpServer (BaseHttpServer.java:<init>(190)) - HTTP server of hddsDatanode uses base directory /home/runner/work/ozone/ozone/hadoop-ozone/integration-test/target/test-dir/MiniOzoneClusterImpl-8e52da8c-19f0-467e-9375-6950100829a3/datanode-6/meta/webserver
2023-07-16 18:57:05,322 [main] INFO  http.HttpServer2 (HttpServer2.java:bindListener(1250)) - Jetty bound to port 15063
2023-07-16 18:57:05,322 [main] INFO  server.Server (Server.java:doStart(375)) - jetty-9.4.51.v20230217; built: 2023-02-17T08:19:37.309Z; git: b45c405e4544384de066f814ed42ae3dceacdd49; jvm 1.8.0_372-b07
2023-07-16 18:57:05,330 [main] INFO  server.session (DefaultSessionIdManager.java:doStart(334)) - DefaultSessionIdManager workerName=node0
2023-07-16 18:57:05,330 [main] INFO  server.session (DefaultSessionIdManager.java:doStart(339)) - No SessionScavenger set, using defaults
2023-07-16 18:57:05,330 [main] INFO  server.session (HouseKeeper.java:startScavenging(132)) - node0 Scavenging every 660000ms
2023-07-16 18:57:05,331 [main] INFO  handler.ContextHandler (ContextHandler.java:doStart(921)) - Started o.e.j.s.ServletContextHandler@4df85d38{logs,/logs,file:///home/runner/work/ozone/ozone/hadoop-ozone/integration-test/target/log,AVAILABLE}
2023-07-16 18:57:05,331 [main] INFO  handler.ContextHandler (ContextHandler.java:doStart(921)) - Started o.e.j.s.ServletContextHandler@504afa3c{static,/static,jar:file:/home/runner/.m2/repository/org/apache/ozone/hdds-container-service/1.4.0-SNAPSHOT/hdds-container-service-1.4.0-SNAPSHOT.jar!/webapps/static,AVAILABLE}
2023-07-16 18:57:05,650 [main] INFO  handler.ContextHandler (ContextHandler.java:doStart(921)) - Started o.e.j.w.WebAppContext@5d4bb2a9{hddsDatanode,/,file:///home/runner/work/ozone/ozone/hadoop-ozone/integration-test/target/tmp/kms/webapp/,AVAILABLE}{jar:file:/home/runner/.m2/repository/org/apache/ozone/hdds-container-service/1.4.0-SNAPSHOT/hdds-container-service-1.4.0-SNAPSHOT.jar!/webapps/hddsDatanode}
2023-07-16 18:57:05,652 [main] INFO  server.AbstractConnector (AbstractConnector.java:doStart(333)) - Started ServerConnector@74d9fd6c{HTTP/1.1, (http/1.1)}{0.0.0.0:15063}
2023-07-16 18:57:05,652 [main] INFO  server.Server (Server.java:doStart(415)) - Started @12826ms
2023-07-16 18:57:05,652 [main] WARN  impl.MetricsSystemImpl (MetricsSystemImpl.java:register(279)) - Sink prometheus already exists!
2023-07-16 18:57:05,653 [main] INFO  http.BaseHttpServer (BaseHttpServer.java:updateConnectorAddress(344)) - HTTP server of hddsDatanode listening at http://0.0.0.0:15063
2023-07-16 18:57:05,653 [main] INFO  ipc.CallQueueManager (CallQueueManager.java:<init>(90)) - Using callQueue: class java.util.concurrent.LinkedBlockingQueue, queueCapacity: 100, scheduler: class org.apache.hadoop.ipc.DefaultRpcScheduler, ipcBackoff: false.
2023-07-16 18:57:05,654 [main] INFO  ipc.Server (Server.java:<init>(1287)) - Listener at 0.0.0.0:15064
2023-07-16 18:57:05,654 [Socket Reader #1 for port 15064] INFO  ipc.Server (Server.java:run(1323)) - Starting Socket Reader #1 for port 15064
2023-07-16 18:57:05,662 [main] INFO  ozone.HddsDatanodeService (HddsDatanodeService.java:start(315)) - Datanode start with admins: [runner]
2023-07-16 18:57:05,662 [main] INFO  ozone.HddsDatanodeClientProtocolServer (HddsDatanodeClientProtocolServer.java:start(72)) - RPC server for Client /0.0.0.0:15064
2023-07-16 18:57:05,664 [IPC Server Responder] INFO  ipc.Server (Server.java:run(1562)) - IPC Server Responder: starting
2023-07-16 18:57:05,666 [IPC Server listener on 15064] INFO  ipc.Server (Server.java:run(1402)) - IPC Server listener on 15064: starting
2023-07-16 18:57:05,666 [main] WARN  impl.MetricRegistriesImpl (MetricRegistriesImpl.java:addReporterRegistration(111)) - New reporters are added after registries were created. Some metrics will be missing from the reporter. Please add reporter before adding any new registry.
2023-07-16 18:57:05,666 [main] WARN  impl.MetricRegistriesImpl (MetricRegistriesImpl.java:addReporterRegistration(111)) - New reporters are added after registries were created. Some metrics will be missing from the reporter. Please add reporter before adding any new registry.
2023-07-16 18:57:05,666 [main] INFO  impl.MetricsSystemImpl (MetricsSystemImpl.java:init(158)) - HddsDatanode metrics system started (again)
2023-07-16 18:57:05,687 [Datanode State Machine Daemon Thread] INFO  statemachine.DatanodeStateMachine (DatanodeStateMachine.java:lambda$startDaemon$0(531)) - Ozone container server started.
2023-07-16 18:57:05,687 [EndpointStateMachine task thread for /0.0.0.0:15002 - 0 ] INFO  utils.DatanodeStoreCache (DatanodeStoreCache.java:addDB(66)) - Added db /home/runner/work/ozone/ozone/hadoop-ozone/integration-test/target/test-dir/MiniOzoneClusterImpl-8e52da8c-19f0-467e-9375-6950100829a3/datanode-0/data-0/containers/hdds/8e52da8c-19f0-467e-9375-6950100829a3/DS-66b4c990-c663-4c10-9d5d-ca80d922bd1b/container.db to cache
2023-07-16 18:57:05,688 [main] INFO  ozone.HddsDatanodeService (HddsDatanodeService.java:start(237)) - HddsDatanodeService host:fv-az587-727.eelbpncqjxkupcyqmv043tjoah.jx.internal.cloudapp.net ip:10.1.0.14
2023-07-16 18:57:05,687 [EndpointStateMachine task thread for /0.0.0.0:15002 - 0 ] INFO  volume.HddsVolume (HddsVolume.java:createDbStore(422)) - SchemaV3 db is created and loaded at /home/runner/work/ozone/ozone/hadoop-ozone/integration-test/target/test-dir/MiniOzoneClusterImpl-8e52da8c-19f0-467e-9375-6950100829a3/datanode-0/data-0/containers/hdds/8e52da8c-19f0-467e-9375-6950100829a3/DS-66b4c990-c663-4c10-9d5d-ca80d922bd1b/container.db for volume DS-66b4c990-c663-4c10-9d5d-ca80d922bd1b
2023-07-16 18:57:05,708 [Datanode State Machine Task Thread - 0] INFO  datanode.InitDatanodeState (InitDatanodeState.java:persistContainerDatanodeDetails(138)) - DatanodeDetails is persisted to /home/runner/work/ozone/ozone/hadoop-ozone/integration-test/target/test-dir/MiniOzoneClusterImpl-8e52da8c-19f0-467e-9375-6950100829a3/datanode-6/meta/datanode.id
2023-07-16 18:57:05,704 [EndpointStateMachine task thread for /0.0.0.0:15002 - 0 ] INFO  ozoneimpl.OzoneContainer (OzoneContainer.java:start(419)) - Attempting to start container services.
2023-07-16 18:57:05,711 [EndpointStateMachine task thread for /0.0.0.0:15002 - 0 ] INFO  ozoneimpl.OzoneContainer (OzoneContainer.java:startContainerScrub(327)) - Scheduled background container scanners and the on-demand container scanner have been disabled.
2023-07-16 18:57:05,716 [EndpointStateMachine task thread for /0.0.0.0:15002 - 0 ] INFO  replication.ReplicationServer (ReplicationServer.java:start(128)) - ReplicationServer is started using port 15016
2023-07-16 18:57:05,716 [EndpointStateMachine task thread for /0.0.0.0:15002 - 0 ] INFO  ratis.XceiverServerRatis (XceiverServerRatis.java:start(517)) - Starting XceiverServerRatis 0e76f3da-5374-4d3e-bc44-9848a147cb1b
2023-07-16 18:57:05,723 [main] INFO  upgrade.AbstractLayoutVersionManager (AbstractLayoutVersionManager.java:init(83)) - Initializing Layout version manager with metadata layout = HADOOP_PRC_PORTS_IN_DATANODEDETAILS (version = 7), software layout = HADOOP_PRC_PORTS_IN_DATANODEDETAILS (version = 7)
2023-07-16 18:57:05,724 [main] INFO  statemachine.DatanodeStateMachine (DatanodeStateMachine.java:getEndPointTaskThreadPoolSize(279)) - Datanode State Machine Task Thread Pool size 2
2023-07-16 18:57:05,732 [main] INFO  volume.HddsVolume (HddsVolume.java:<init>(126)) - Creating HddsVolume: /home/runner/work/ozone/ozone/hadoop-ozone/integration-test/target/test-dir/MiniOzoneClusterImpl-8e52da8c-19f0-467e-9375-6950100829a3/datanode-7/data-0/containers/hdds of storage type : DISK capacity : 9223372036854775807
2023-07-16 18:57:05,732 [main] INFO  volume.MutableVolumeSet (MutableVolumeSet.java:initializeVolumeSet(175)) - Added Volume : /home/runner/work/ozone/ozone/hadoop-ozone/integration-test/target/test-dir/MiniOzoneClusterImpl-8e52da8c-19f0-467e-9375-6950100829a3/datanode-7/data-0/containers/hdds to VolumeSet
2023-07-16 18:57:05,732 [main] INFO  volume.ThrottledAsyncChecker (ThrottledAsyncChecker.java:schedule(141)) - Scheduling a check for /home/runner/work/ozone/ozone/hadoop-ozone/integration-test/target/test-dir/MiniOzoneClusterImpl-8e52da8c-19f0-467e-9375-6950100829a3/datanode-7/data-0/containers/hdds
2023-07-16 18:57:05,733 [main] INFO  volume.StorageVolumeChecker (StorageVolumeChecker.java:checkAllVolumes(202)) - Scheduled health check for volume /home/runner/work/ozone/ozone/hadoop-ozone/integration-test/target/test-dir/MiniOzoneClusterImpl-8e52da8c-19f0-467e-9375-6950100829a3/datanode-7/data-0/containers/hdds
2023-07-16 18:57:05,731 [EndpointStateMachine task thread for /0.0.0.0:15002 - 0 ] INFO  server.RaftServer (RaftServerProxy.java:startImpl(400)) - 0e76f3da-5374-4d3e-bc44-9848a147cb1b: start RPC server
2023-07-16 18:57:05,737 [EndpointStateMachine task thread for /0.0.0.0:15002 - 0 ] INFO  server.GrpcService (GrpcService.java:startImpl(302)) - 0e76f3da-5374-4d3e-bc44-9848a147cb1b: GrpcService started, listening on 15012
2023-07-16 18:57:05,740 [main] INFO  volume.MutableVolumeSet (MutableVolumeSet.java:initializeVolumeSet(175)) - Added Volume : /home/runner/work/ozone/ozone/hadoop-ozone/integration-test/target/test-dir/MiniOzoneClusterImpl-8e52da8c-19f0-467e-9375-6950100829a3/datanode-7/data/ratis to VolumeSet
2023-07-16 18:57:05,741 [main] INFO  volume.ThrottledAsyncChecker (ThrottledAsyncChecker.java:schedule(141)) - Scheduling a check for /home/runner/work/ozone/ozone/hadoop-ozone/integration-test/target/test-dir/MiniOzoneClusterImpl-8e52da8c-19f0-467e-9375-6950100829a3/datanode-7/data/ratis
2023-07-16 18:57:05,741 [main] INFO  volume.StorageVolumeChecker (StorageVolumeChecker.java:checkAllVolumes(202)) - Scheduled health check for volume /home/runner/work/ozone/ozone/hadoop-ozone/integration-test/target/test-dir/MiniOzoneClusterImpl-8e52da8c-19f0-467e-9375-6950100829a3/datanode-7/data/ratis
2023-07-16 18:57:05,742 [EndpointStateMachine task thread for /0.0.0.0:15002 - 0 ] INFO  server.GrpcService (GrpcService.java:startImpl(302)) - 0e76f3da-5374-4d3e-bc44-9848a147cb1b: GrpcService started, listening on 15014
2023-07-16 18:57:05,744 [EndpointStateMachine task thread for /0.0.0.0:15002 - 0 ] INFO  server.GrpcService (GrpcService.java:startImpl(302)) - 0e76f3da-5374-4d3e-bc44-9848a147cb1b: GrpcService started, listening on 15013
2023-07-16 18:57:05,749 [EndpointStateMachine task thread for /0.0.0.0:15002 - 0 ] INFO  ratis.XceiverServerRatis (XceiverServerRatis.java:getRealPort(543)) - XceiverServerRatis 0e76f3da-5374-4d3e-bc44-9848a147cb1b is started using port 15012 for RATIS
2023-07-16 18:57:05,749 [EndpointStateMachine task thread for /0.0.0.0:15002 - 0 ] INFO  ratis.XceiverServerRatis (XceiverServerRatis.java:getRealPort(543)) - XceiverServerRatis 0e76f3da-5374-4d3e-bc44-9848a147cb1b is started using port 15013 for RATIS_ADMIN
2023-07-16 18:57:05,749 [EndpointStateMachine task thread for /0.0.0.0:15002 - 0 ] INFO  ratis.XceiverServerRatis (XceiverServerRatis.java:getRealPort(543)) - XceiverServerRatis 0e76f3da-5374-4d3e-bc44-9848a147cb1b is started using port 15014 for RATIS_SERVER
2023-07-16 18:57:05,751 [EndpointStateMachine task thread for /0.0.0.0:15002 - 0 ] INFO  ratis.XceiverServerRatis (XceiverServerRatis.java:getRealPort(543)) - XceiverServerRatis 0e76f3da-5374-4d3e-bc44-9848a147cb1b is started using port 15015 for RATIS_DATASTREAM
2023-07-16 18:57:05,753 [JvmPauseMonitor2] INFO  util.JvmPauseMonitor (JvmPauseMonitor.java:run(103)) - JvmPauseMonitor-0e76f3da-5374-4d3e-bc44-9848a147cb1b: Started
2023-07-16 18:57:05,765 [Thread-274] INFO  ozoneimpl.ContainerReader (ContainerReader.java:readVolume(177)) - Finish verifying containers on volume /home/runner/work/ozone/ozone/hadoop-ozone/integration-test/target/test-dir/MiniOzoneClusterImpl-8e52da8c-19f0-467e-9375-6950100829a3/datanode-7/data-0/containers/hdds
2023-07-16 18:57:05,765 [main] INFO  ozoneimpl.OzoneContainer (OzoneContainer.java:buildContainerSet(316)) - Build ContainerSet costs 0s
2023-07-16 18:57:05,772 [main] INFO  server.RaftServer (ConfUtils.java:logGet(46)) - raft.rpc.type = GRPC (default)
2023-07-16 18:57:05,772 [main] INFO  grpc.GrpcConfigKeys (ConfUtils.java:logFallback(53)) - raft.grpc.admin.host = null (fallback to raft.grpc.server.host)
2023-07-16 18:57:05,772 [main] INFO  grpc.GrpcConfigKeys (ConfUtils.java:logGet(46)) - raft.grpc.admin.port = 15076 (custom)
2023-07-16 18:57:05,779 [main] INFO  grpc.GrpcConfigKeys (ConfUtils.java:logFallback(53)) - raft.grpc.client.host = null (fallback to raft.grpc.server.host)
2023-07-16 18:57:05,779 [main] INFO  grpc.GrpcConfigKeys (ConfUtils.java:logGet(46)) - raft.grpc.client.port = 15075 (custom)
2023-07-16 18:57:05,780 [main] INFO  grpc.GrpcConfigKeys (ConfUtils.java:logGet(46)) - raft.grpc.server.host = null (default)
2023-07-16 18:57:05,780 [main] INFO  grpc.GrpcConfigKeys (ConfUtils.java:logGet(46)) - raft.grpc.server.port = 15077 (custom)
2023-07-16 18:57:05,780 [main] INFO  server.GrpcService (ConfUtils.java:logGet(46)) - raft.grpc.message.size.max = 32MB (=33554432) (custom)
2023-07-16 18:57:05,780 [main] INFO  server.RaftServerConfigKeys (ConfUtils.java:logGet(46)) - raft.server.log.appender.buffer.byte-limit = 33554432 (custom)
2023-07-16 18:57:05,780 [main] INFO  server.GrpcService (ConfUtils.java:logGet(46)) - raft.grpc.flow.control.window = 5MB (=5242880) (custom)
2023-07-16 18:57:05,780 [main] INFO  server.RaftServerConfigKeys (ConfUtils.java:logGet(46)) - raft.server.rpc.request.timeout = 60s (custom)
2023-07-16 18:57:05,780 [main] INFO  grpc.GrpcConfigKeys (ConfUtils.java:logGet(46)) - raft.grpc.server.heartbeat.channel = true (default)
2023-07-16 18:57:05,781 [main] INFO  grpc.GrpcConfigKeys (ConfUtils.java:logGet(46)) - raft.grpc.server.async.request.thread.pool.cached = true (default)
2023-07-16 18:57:05,781 [main] INFO  grpc.GrpcConfigKeys (ConfUtils.java:logGet(46)) - raft.grpc.server.async.request.thread.pool.size = 32 (default)
2023-07-16 18:57:05,783 [main] INFO  impl.DataStreamServerImpl (ConfUtils.java:logGet(46)) - raft.datastream.type = NETTY (custom)
2023-07-16 18:57:05,783 [main] INFO  server.RaftServerConfigKeys (ConfUtils.java:logGet(46)) - raft.server.data-stream.async.request.thread.pool.cached = false (default)
2023-07-16 18:57:05,784 [main] INFO  server.RaftServerConfigKeys (ConfUtils.java:logGet(46)) - raft.server.data-stream.async.request.thread.pool.size = 20 (custom)
2023-07-16 18:57:05,784 [main] INFO  server.RaftServerConfigKeys (ConfUtils.java:logGet(46)) - raft.server.data-stream.async.write.thread.pool.size = 16 (default)
2023-07-16 18:57:05,784 [main] INFO  server.RaftServerConfigKeys (ConfUtils.java:logGet(46)) - raft.server.data-stream.client.pool.size = 10 (default)
2023-07-16 18:57:05,784 [main] INFO  netty.NettyConfigKeys$DataStream (ConfUtils.java:logGet(46)) - raft.netty.dataStream.server.use-epoll = false (default)
2023-07-16 18:57:05,784 [main] INFO  netty.NettyConfigKeys$DataStream (ConfUtils.java:logGet(46)) - raft.netty.dataStream.server.boss-group.size = 0 (default)
2023-07-16 18:57:05,784 [main] INFO  netty.NettyConfigKeys$DataStream (ConfUtils.java:logGet(46)) - raft.netty.dataStream.server.worker-group.size = 0 (default)
2023-07-16 18:57:05,785 [main] INFO  netty.NettyConfigKeys$DataStream (ConfUtils.java:logGet(46)) - raft.netty.dataStream.server.tls.conf = null (default)
2023-07-16 18:57:05,787 [main] INFO  netty.NettyConfigKeys$DataStream (ConfUtils.java:logGet(46)) - raft.netty.dataStream.host = null (default)
2023-07-16 18:57:05,787 [main] INFO  netty.NettyConfigKeys$DataStream (ConfUtils.java:logGet(46)) - raft.netty.dataStream.port = 15078 (custom)
2023-07-16 18:57:05,791 [main] INFO  server.RaftServerConfigKeys (ConfUtils.java:logGet(46)) - raft.server.threadpool.proxy.cached = true (default)
2023-07-16 18:57:05,791 [main] INFO  server.RaftServerConfigKeys (ConfUtils.java:logGet(46)) - raft.server.threadpool.proxy.size = 0 (default)
2023-07-16 18:57:05,793 [main] INFO  server.RaftServerConfigKeys (ConfUtils.java:logGet(46)) - raft.server.rpc.slowness.timeout = 300s (custom)
2023-07-16 18:57:05,793 [main] INFO  server.RaftServerConfigKeys (ConfUtils.java:logGet(46)) - raft.server.leaderelection.leader.step-down.wait-time = 10s (default)
2023-07-16 18:57:05,793 [main] INFO  server.RaftServerConfigKeys (ConfUtils.java:logGet(46)) - raft.server.storage.dir = [/home/runner/work/ozone/ozone/hadoop-ozone/integration-test/target/test-dir/MiniOzoneClusterImpl-8e52da8c-19f0-467e-9375-6950100829a3/datanode-7/data/ratis] (custom)
2023-07-16 18:57:05,797 [BlockDeletingService#0] INFO  interfaces.ContainerDeletionChoosingPolicyTemplate (ContainerDeletionChoosingPolicyTemplate.java:chooseContainerForBlockDeletion(83)) - Chosen 0/5000 blocks from 0 candidate containers.
2023-07-16 18:57:05,818 [2d677a35-33b0-4d15-8cfd-318274acedab-NettyServerStreamRpc-bossGroup--thread1] INFO  logging.LoggingHandler (AbstractInternalLogger.java:log(148)) - [id: 0x89700594] REGISTERED
2023-07-16 18:57:05,819 [2d677a35-33b0-4d15-8cfd-318274acedab-NettyServerStreamRpc-bossGroup--thread1] INFO  logging.LoggingHandler (AbstractInternalLogger.java:log(148)) - [id: 0x89700594] BIND: 0.0.0.0/0.0.0.0:15078
2023-07-16 18:57:05,819 [2d677a35-33b0-4d15-8cfd-318274acedab-NettyServerStreamRpc-bossGroup--thread1] INFO  logging.LoggingHandler (AbstractInternalLogger.java:log(148)) - [id: 0x89700594, L:/0:0:0:0:0:0:0:0:15078] ACTIVE
2023-07-16 18:57:05,824 [main] INFO  server.XceiverServerGrpc (XceiverServerGrpc.java:<init>(132)) - GrpcServer channel type EpollServerSocketChannel
2023-07-16 18:57:05,826 [main] INFO  replication.ReplicationSupervisor (ReplicationSupervisor.java:nodeStateUpdated(305)) - Node state updated to IN_SERVICE, scaling executor pool size to 10
2023-07-16 18:57:05,829 [main] INFO  http.BaseHttpServer (BaseHttpServer.java:newHttpServer2BuilderForOzone(224)) - Starting Web-server for hddsDatanode at: http://0.0.0.0:15072
2023-07-16 18:57:05,829 [main] INFO  http.BaseHttpServer (BaseHttpServer.java:<init>(111)) - Hadoop Security Enabled: false Ozone Security Enabled: false Ozone HTTP Security Enabled: false 
2023-07-16 18:57:05,830 [main] WARN  server.AuthenticationFilter (AuthenticationFilter.java:constructSecretProvider(240)) - Unable to initialize FileSignerSecretProvider, falling back to use random secrets. Reason: Could not read signature secret file: /home/runner/hadoop-http-auth-signature-secret
2023-07-16 18:57:05,831 [main] INFO  http.HttpRequestLog (HttpRequestLog.java:getRequestLog(86)) - Http request log for http.requests.hddsDatanode is not defined
2023-07-16 18:57:05,832 [main] INFO  http.HttpServer2 (HttpServer2.java:addGlobalFilter(1031)) - Added global filter 'safety' (class=org.apache.hadoop.hdds.server.http.HttpServer2$QuotingInputFilter)
2023-07-16 18:57:05,833 [main] INFO  http.HttpServer2 (HttpServer2.java:addFilter(1007)) - Added filter static_user_filter (class=org.apache.hadoop.http.lib.StaticUserWebFilter$StaticUserFilter) to context hddsDatanode
2023-07-16 18:57:05,833 [main] INFO  http.HttpServer2 (HttpServer2.java:addFilter(1015)) - Added filter static_user_filter (class=org.apache.hadoop.http.lib.StaticUserWebFilter$StaticUserFilter) to context logs
2023-07-16 18:57:05,833 [main] INFO  http.HttpServer2 (HttpServer2.java:addFilter(1015)) - Added filter static_user_filter (class=org.apache.hadoop.http.lib.StaticUserWebFilter$StaticUserFilter) to context static
2023-07-16 18:57:05,834 [main] INFO  http.BaseHttpServer (BaseHttpServer.java:<init>(190)) - HTTP server of hddsDatanode uses base directory /home/runner/work/ozone/ozone/hadoop-ozone/integration-test/target/test-dir/MiniOzoneClusterImpl-8e52da8c-19f0-467e-9375-6950100829a3/datanode-7/meta/webserver
2023-07-16 18:57:05,834 [main] INFO  http.HttpServer2 (HttpServer2.java:bindListener(1250)) - Jetty bound to port 15072
2023-07-16 18:57:05,834 [main] INFO  server.Server (Server.java:doStart(375)) - jetty-9.4.51.v20230217; built: 2023-02-17T08:19:37.309Z; git: b45c405e4544384de066f814ed42ae3dceacdd49; jvm 1.8.0_372-b07
2023-07-16 18:57:05,836 [main] INFO  server.session (DefaultSessionIdManager.java:doStart(334)) - DefaultSessionIdManager workerName=node0
2023-07-16 18:57:05,837 [main] INFO  server.session (DefaultSessionIdManager.java:doStart(339)) - No SessionScavenger set, using defaults
2023-07-16 18:57:05,837 [main] INFO  server.session (HouseKeeper.java:startScavenging(132)) - node0 Scavenging every 600000ms
2023-07-16 18:57:05,838 [main] INFO  handler.ContextHandler (ContextHandler.java:doStart(921)) - Started o.e.j.s.ServletContextHandler@4f48296c{logs,/logs,file:///home/runner/work/ozone/ozone/hadoop-ozone/integration-test/target/log,AVAILABLE}
2023-07-16 18:57:05,838 [main] INFO  handler.ContextHandler (ContextHandler.java:doStart(921)) - Started o.e.j.s.ServletContextHandler@2e1ce704{static,/static,jar:file:/home/runner/.m2/repository/org/apache/ozone/hdds-container-service/1.4.0-SNAPSHOT/hdds-container-service-1.4.0-SNAPSHOT.jar!/webapps/static,AVAILABLE}
2023-07-16 18:57:05,870 [EndpointStateMachine task thread for /0.0.0.0:15002 - 0 ] INFO  utils.DatanodeStoreCache (DatanodeStoreCache.java:addDB(66)) - Added db /home/runner/work/ozone/ozone/hadoop-ozone/integration-test/target/test-dir/MiniOzoneClusterImpl-8e52da8c-19f0-467e-9375-6950100829a3/datanode-1/data-0/containers/hdds/8e52da8c-19f0-467e-9375-6950100829a3/DS-dda08b28-8e33-40da-b627-364383e0c0ba/container.db to cache
2023-07-16 18:57:05,872 [EndpointStateMachine task thread for /0.0.0.0:15002 - 0 ] INFO  volume.HddsVolume (HddsVolume.java:createDbStore(422)) - SchemaV3 db is created and loaded at /home/runner/work/ozone/ozone/hadoop-ozone/integration-test/target/test-dir/MiniOzoneClusterImpl-8e52da8c-19f0-467e-9375-6950100829a3/datanode-1/data-0/containers/hdds/8e52da8c-19f0-467e-9375-6950100829a3/DS-dda08b28-8e33-40da-b627-364383e0c0ba/container.db for volume DS-dda08b28-8e33-40da-b627-364383e0c0ba
2023-07-16 18:57:05,872 [EndpointStateMachine task thread for /0.0.0.0:15002 - 0 ] INFO  ozoneimpl.OzoneContainer (OzoneContainer.java:start(419)) - Attempting to start container services.
2023-07-16 18:57:05,872 [EndpointStateMachine task thread for /0.0.0.0:15002 - 0 ] INFO  ozoneimpl.OzoneContainer (OzoneContainer.java:startContainerScrub(327)) - Scheduled background container scanners and the on-demand container scanner have been disabled.
2023-07-16 18:57:05,875 [EndpointStateMachine task thread for /0.0.0.0:15002 - 0 ] INFO  replication.ReplicationServer (ReplicationServer.java:start(128)) - ReplicationServer is started using port 15025
2023-07-16 18:57:05,876 [EndpointStateMachine task thread for /0.0.0.0:15002 - 0 ] INFO  ratis.XceiverServerRatis (XceiverServerRatis.java:start(517)) - Starting XceiverServerRatis e061ba01-06b3-4f38-a151-c7c4cf78ce5a
2023-07-16 18:57:05,893 [EndpointStateMachine task thread for /0.0.0.0:15002 - 0 ] INFO  server.RaftServer (RaftServerProxy.java:startImpl(400)) - e061ba01-06b3-4f38-a151-c7c4cf78ce5a: start RPC server
2023-07-16 18:57:05,896 [EndpointStateMachine task thread for /0.0.0.0:15002 - 0 ] INFO  server.GrpcService (GrpcService.java:startImpl(302)) - e061ba01-06b3-4f38-a151-c7c4cf78ce5a: GrpcService started, listening on 15021
2023-07-16 18:57:05,897 [EndpointStateMachine task thread for /0.0.0.0:15002 - 0 ] INFO  server.GrpcService (GrpcService.java:startImpl(302)) - e061ba01-06b3-4f38-a151-c7c4cf78ce5a: GrpcService started, listening on 15023
2023-07-16 18:57:05,900 [EndpointStateMachine task thread for /0.0.0.0:15002 - 0 ] INFO  server.GrpcService (GrpcService.java:startImpl(302)) - e061ba01-06b3-4f38-a151-c7c4cf78ce5a: GrpcService started, listening on 15022
2023-07-16 18:57:05,900 [EndpointStateMachine task thread for /0.0.0.0:15002 - 0 ] INFO  ratis.XceiverServerRatis (XceiverServerRatis.java:getRealPort(543)) - XceiverServerRatis e061ba01-06b3-4f38-a151-c7c4cf78ce5a is started using port 15021 for RATIS
2023-07-16 18:57:05,900 [EndpointStateMachine task thread for /0.0.0.0:15002 - 0 ] INFO  ratis.XceiverServerRatis (XceiverServerRatis.java:getRealPort(543)) - XceiverServerRatis e061ba01-06b3-4f38-a151-c7c4cf78ce5a is started using port 15022 for RATIS_ADMIN
2023-07-16 18:57:05,900 [EndpointStateMachine task thread for /0.0.0.0:15002 - 0 ] INFO  ratis.XceiverServerRatis (XceiverServerRatis.java:getRealPort(543)) - XceiverServerRatis e061ba01-06b3-4f38-a151-c7c4cf78ce5a is started using port 15023 for RATIS_SERVER
2023-07-16 18:57:05,900 [EndpointStateMachine task thread for /0.0.0.0:15002 - 0 ] INFO  ratis.XceiverServerRatis (XceiverServerRatis.java:getRealPort(543)) - XceiverServerRatis e061ba01-06b3-4f38-a151-c7c4cf78ce5a is started using port 15024 for RATIS_DATASTREAM
2023-07-16 18:57:05,901 [JvmPauseMonitor3] INFO  util.JvmPauseMonitor (JvmPauseMonitor.java:run(103)) - JvmPauseMonitor-e061ba01-06b3-4f38-a151-c7c4cf78ce5a: Started
2023-07-16 18:57:05,911 [BlockDeletingService#0] INFO  interfaces.ContainerDeletionChoosingPolicyTemplate (ContainerDeletionChoosingPolicyTemplate.java:chooseContainerForBlockDeletion(83)) - Chosen 0/5000 blocks from 0 candidate containers.
2023-07-16 18:57:06,103 [EndpointStateMachine task thread for /0.0.0.0:15002 - 0 ] INFO  utils.DatanodeStoreCache (DatanodeStoreCache.java:addDB(66)) - Added db /home/runner/work/ozone/ozone/hadoop-ozone/integration-test/target/test-dir/MiniOzoneClusterImpl-8e52da8c-19f0-467e-9375-6950100829a3/datanode-2/data-0/containers/hdds/8e52da8c-19f0-467e-9375-6950100829a3/DS-328f6b22-7901-4bb0-b475-59fd42cee6e4/container.db to cache
2023-07-16 18:57:06,103 [EndpointStateMachine task thread for /0.0.0.0:15002 - 0 ] INFO  volume.HddsVolume (HddsVolume.java:createDbStore(422)) - SchemaV3 db is created and loaded at /home/runner/work/ozone/ozone/hadoop-ozone/integration-test/target/test-dir/MiniOzoneClusterImpl-8e52da8c-19f0-467e-9375-6950100829a3/datanode-2/data-0/containers/hdds/8e52da8c-19f0-467e-9375-6950100829a3/DS-328f6b22-7901-4bb0-b475-59fd42cee6e4/container.db for volume DS-328f6b22-7901-4bb0-b475-59fd42cee6e4
2023-07-16 18:57:06,107 [EndpointStateMachine task thread for /0.0.0.0:15002 - 0 ] INFO  ozoneimpl.OzoneContainer (OzoneContainer.java:start(419)) - Attempting to start container services.
2023-07-16 18:57:06,108 [EndpointStateMachine task thread for /0.0.0.0:15002 - 0 ] INFO  ozoneimpl.OzoneContainer (OzoneContainer.java:startContainerScrub(327)) - Scheduled background container scanners and the on-demand container scanner have been disabled.
2023-07-16 18:57:06,110 [EndpointStateMachine task thread for /0.0.0.0:15002 - 0 ] INFO  replication.ReplicationServer (ReplicationServer.java:start(128)) - ReplicationServer is started using port 15034
2023-07-16 18:57:06,110 [EndpointStateMachine task thread for /0.0.0.0:15002 - 0 ] INFO  ratis.XceiverServerRatis (XceiverServerRatis.java:start(517)) - Starting XceiverServerRatis c23d9737-c121-4244-9e77-c55c15e0a23c
2023-07-16 18:57:06,111 [main] INFO  handler.ContextHandler (ContextHandler.java:doStart(921)) - Started o.e.j.w.WebAppContext@27d45d8{hddsDatanode,/,file:///home/runner/work/ozone/ozone/hadoop-ozone/integration-test/target/tmp/kms/webapp/,AVAILABLE}{jar:file:/home/runner/.m2/repository/org/apache/ozone/hdds-container-service/1.4.0-SNAPSHOT/hdds-container-service-1.4.0-SNAPSHOT.jar!/webapps/hddsDatanode}
2023-07-16 18:57:06,115 [EndpointStateMachine task thread for /0.0.0.0:15002 - 0 ] INFO  server.RaftServer (RaftServerProxy.java:startImpl(400)) - c23d9737-c121-4244-9e77-c55c15e0a23c: start RPC server
2023-07-16 18:57:06,119 [main] INFO  server.AbstractConnector (AbstractConnector.java:doStart(333)) - Started ServerConnector@4e70f959{HTTP/1.1, (http/1.1)}{0.0.0.0:15072}
2023-07-16 18:57:06,120 [EndpointStateMachine task thread for /0.0.0.0:15002 - 0 ] INFO  server.GrpcService (GrpcService.java:startImpl(302)) - c23d9737-c121-4244-9e77-c55c15e0a23c: GrpcService started, listening on 15030
2023-07-16 18:57:06,120 [main] INFO  server.Server (Server.java:doStart(415)) - Started @13294ms
2023-07-16 18:57:06,122 [EndpointStateMachine task thread for /0.0.0.0:15002 - 0 ] INFO  server.GrpcService (GrpcService.java:startImpl(302)) - c23d9737-c121-4244-9e77-c55c15e0a23c: GrpcService started, listening on 15032
2023-07-16 18:57:06,122 [main] WARN  impl.MetricsSystemImpl (MetricsSystemImpl.java:register(279)) - Sink prometheus already exists!
2023-07-16 18:57:06,124 [EndpointStateMachine task thread for /0.0.0.0:15002 - 0 ] INFO  server.GrpcService (GrpcService.java:startImpl(302)) - c23d9737-c121-4244-9e77-c55c15e0a23c: GrpcService started, listening on 15031
2023-07-16 18:57:06,124 [EndpointStateMachine task thread for /0.0.0.0:15002 - 0 ] INFO  ratis.XceiverServerRatis (XceiverServerRatis.java:getRealPort(543)) - XceiverServerRatis c23d9737-c121-4244-9e77-c55c15e0a23c is started using port 15030 for RATIS
2023-07-16 18:57:06,124 [EndpointStateMachine task thread for /0.0.0.0:15002 - 0 ] INFO  ratis.XceiverServerRatis (XceiverServerRatis.java:getRealPort(543)) - XceiverServerRatis c23d9737-c121-4244-9e77-c55c15e0a23c is started using port 15031 for RATIS_ADMIN
2023-07-16 18:57:06,124 [EndpointStateMachine task thread for /0.0.0.0:15002 - 0 ] INFO  ratis.XceiverServerRatis (XceiverServerRatis.java:getRealPort(543)) - XceiverServerRatis c23d9737-c121-4244-9e77-c55c15e0a23c is started using port 15032 for RATIS_SERVER
2023-07-16 18:57:06,125 [EndpointStateMachine task thread for /0.0.0.0:15002 - 0 ] INFO  ratis.XceiverServerRatis (XceiverServerRatis.java:getRealPort(543)) - XceiverServerRatis c23d9737-c121-4244-9e77-c55c15e0a23c is started using port 15033 for RATIS_DATASTREAM
2023-07-16 18:57:06,124 [main] INFO  http.BaseHttpServer (BaseHttpServer.java:updateConnectorAddress(344)) - HTTP server of hddsDatanode listening at http://0.0.0.0:15072
2023-07-16 18:57:06,125 [main] INFO  ipc.CallQueueManager (CallQueueManager.java:<init>(90)) - Using callQueue: class java.util.concurrent.LinkedBlockingQueue, queueCapacity: 100, scheduler: class org.apache.hadoop.ipc.DefaultRpcScheduler, ipcBackoff: false.
2023-07-16 18:57:06,126 [JvmPauseMonitor4] INFO  util.JvmPauseMonitor (JvmPauseMonitor.java:run(103)) - JvmPauseMonitor-c23d9737-c121-4244-9e77-c55c15e0a23c: Started
2023-07-16 18:57:06,129 [main] INFO  ipc.Server (Server.java:<init>(1287)) - Listener at 0.0.0.0:15073
2023-07-16 18:57:06,131 [Socket Reader #1 for port 15073] INFO  ipc.Server (Server.java:run(1323)) - Starting Socket Reader #1 for port 15073
2023-07-16 18:57:06,134 [main] INFO  ozone.HddsDatanodeService (HddsDatanodeService.java:start(315)) - Datanode start with admins: [runner]
2023-07-16 18:57:06,134 [main] INFO  ozone.HddsDatanodeClientProtocolServer (HddsDatanodeClientProtocolServer.java:start(72)) - RPC server for Client /0.0.0.0:15073
2023-07-16 18:57:06,134 [IPC Server Responder] INFO  ipc.Server (Server.java:run(1562)) - IPC Server Responder: starting
2023-07-16 18:57:06,134 [IPC Server listener on 15073] INFO  ipc.Server (Server.java:run(1402)) - IPC Server listener on 15073: starting
2023-07-16 18:57:06,141 [Datanode State Machine Daemon Thread] INFO  statemachine.DatanodeStateMachine (DatanodeStateMachine.java:lambda$startDaemon$0(531)) - Ozone container server started.
2023-07-16 18:57:06,141 [main] WARN  impl.MetricRegistriesImpl (MetricRegistriesImpl.java:addReporterRegistration(111)) - New reporters are added after registries were created. Some metrics will be missing from the reporter. Please add reporter before adding any new registry.
2023-07-16 18:57:06,141 [main] WARN  impl.MetricRegistriesImpl (MetricRegistriesImpl.java:addReporterRegistration(111)) - New reporters are added after registries were created. Some metrics will be missing from the reporter. Please add reporter before adding any new registry.
2023-07-16 18:57:06,141 [main] INFO  impl.MetricsSystemImpl (MetricsSystemImpl.java:init(158)) - HddsDatanode metrics system started (again)
2023-07-16 18:57:06,158 [BlockDeletingService#0] INFO  interfaces.ContainerDeletionChoosingPolicyTemplate (ContainerDeletionChoosingPolicyTemplate.java:chooseContainerForBlockDeletion(83)) - Chosen 0/5000 blocks from 0 candidate containers.
2023-07-16 18:57:06,162 [Datanode State Machine Task Thread - 0] INFO  datanode.InitDatanodeState (InitDatanodeState.java:persistContainerDatanodeDetails(138)) - DatanodeDetails is persisted to /home/runner/work/ozone/ozone/hadoop-ozone/integration-test/target/test-dir/MiniOzoneClusterImpl-8e52da8c-19f0-467e-9375-6950100829a3/datanode-7/meta/datanode.id
2023-07-16 18:57:06,163 [main] INFO  ozone.HddsDatanodeService (HddsDatanodeService.java:start(237)) - HddsDatanodeService host:fv-az587-727.eelbpncqjxkupcyqmv043tjoah.jx.internal.cloudapp.net ip:10.1.0.14
2023-07-16 18:57:06,184 [main] INFO  upgrade.AbstractLayoutVersionManager (AbstractLayoutVersionManager.java:init(83)) - Initializing Layout version manager with metadata layout = HADOOP_PRC_PORTS_IN_DATANODEDETAILS (version = 7), software layout = HADOOP_PRC_PORTS_IN_DATANODEDETAILS (version = 7)
2023-07-16 18:57:06,185 [main] INFO  statemachine.DatanodeStateMachine (DatanodeStateMachine.java:getEndPointTaskThreadPoolSize(279)) - Datanode State Machine Task Thread Pool size 2
2023-07-16 18:57:06,187 [main] INFO  volume.HddsVolume (HddsVolume.java:<init>(126)) - Creating HddsVolume: /home/runner/work/ozone/ozone/hadoop-ozone/integration-test/target/test-dir/MiniOzoneClusterImpl-8e52da8c-19f0-467e-9375-6950100829a3/datanode-8/data-0/containers/hdds of storage type : DISK capacity : 9223372036854775807
2023-07-16 18:57:06,187 [main] INFO  volume.MutableVolumeSet (MutableVolumeSet.java:initializeVolumeSet(175)) - Added Volume : /home/runner/work/ozone/ozone/hadoop-ozone/integration-test/target/test-dir/MiniOzoneClusterImpl-8e52da8c-19f0-467e-9375-6950100829a3/datanode-8/data-0/containers/hdds to VolumeSet
2023-07-16 18:57:06,187 [main] INFO  volume.ThrottledAsyncChecker (ThrottledAsyncChecker.java:schedule(141)) - Scheduling a check for /home/runner/work/ozone/ozone/hadoop-ozone/integration-test/target/test-dir/MiniOzoneClusterImpl-8e52da8c-19f0-467e-9375-6950100829a3/datanode-8/data-0/containers/hdds
2023-07-16 18:57:06,187 [main] INFO  volume.StorageVolumeChecker (StorageVolumeChecker.java:checkAllVolumes(202)) - Scheduled health check for volume /home/runner/work/ozone/ozone/hadoop-ozone/integration-test/target/test-dir/MiniOzoneClusterImpl-8e52da8c-19f0-467e-9375-6950100829a3/datanode-8/data-0/containers/hdds
2023-07-16 18:57:06,190 [main] INFO  volume.MutableVolumeSet (MutableVolumeSet.java:initializeVolumeSet(175)) - Added Volume : /home/runner/work/ozone/ozone/hadoop-ozone/integration-test/target/test-dir/MiniOzoneClusterImpl-8e52da8c-19f0-467e-9375-6950100829a3/datanode-8/data/ratis to VolumeSet
2023-07-16 18:57:06,190 [main] INFO  volume.ThrottledAsyncChecker (ThrottledAsyncChecker.java:schedule(141)) - Scheduling a check for /home/runner/work/ozone/ozone/hadoop-ozone/integration-test/target/test-dir/MiniOzoneClusterImpl-8e52da8c-19f0-467e-9375-6950100829a3/datanode-8/data/ratis
2023-07-16 18:57:06,190 [main] INFO  volume.StorageVolumeChecker (StorageVolumeChecker.java:checkAllVolumes(202)) - Scheduled health check for volume /home/runner/work/ozone/ozone/hadoop-ozone/integration-test/target/test-dir/MiniOzoneClusterImpl-8e52da8c-19f0-467e-9375-6950100829a3/datanode-8/data/ratis
2023-07-16 18:57:06,193 [Thread-305] INFO  ozoneimpl.ContainerReader (ContainerReader.java:readVolume(177)) - Finish verifying containers on volume /home/runner/work/ozone/ozone/hadoop-ozone/integration-test/target/test-dir/MiniOzoneClusterImpl-8e52da8c-19f0-467e-9375-6950100829a3/datanode-8/data-0/containers/hdds
2023-07-16 18:57:06,193 [main] INFO  ozoneimpl.OzoneContainer (OzoneContainer.java:buildContainerSet(316)) - Build ContainerSet costs 0s
2023-07-16 18:57:06,196 [main] INFO  server.RaftServer (ConfUtils.java:logGet(46)) - raft.rpc.type = GRPC (default)
2023-07-16 18:57:06,196 [main] INFO  grpc.GrpcConfigKeys (ConfUtils.java:logFallback(53)) - raft.grpc.admin.host = null (fallback to raft.grpc.server.host)
2023-07-16 18:57:06,196 [main] INFO  grpc.GrpcConfigKeys (ConfUtils.java:logGet(46)) - raft.grpc.admin.port = 15085 (custom)
2023-07-16 18:57:06,196 [main] INFO  grpc.GrpcConfigKeys (ConfUtils.java:logFallback(53)) - raft.grpc.client.host = null (fallback to raft.grpc.server.host)
2023-07-16 18:57:06,196 [main] INFO  grpc.GrpcConfigKeys (ConfUtils.java:logGet(46)) - raft.grpc.client.port = 15084 (custom)
2023-07-16 18:57:06,196 [main] INFO  grpc.GrpcConfigKeys (ConfUtils.java:logGet(46)) - raft.grpc.server.host = null (default)
2023-07-16 18:57:06,196 [main] INFO  grpc.GrpcConfigKeys (ConfUtils.java:logGet(46)) - raft.grpc.server.port = 15086 (custom)
2023-07-16 18:57:06,197 [main] INFO  server.GrpcService (ConfUtils.java:logGet(46)) - raft.grpc.message.size.max = 32MB (=33554432) (custom)
2023-07-16 18:57:06,197 [main] INFO  server.RaftServerConfigKeys (ConfUtils.java:logGet(46)) - raft.server.log.appender.buffer.byte-limit = 33554432 (custom)
2023-07-16 18:57:06,197 [main] INFO  server.GrpcService (ConfUtils.java:logGet(46)) - raft.grpc.flow.control.window = 5MB (=5242880) (custom)
2023-07-16 18:57:06,197 [main] INFO  server.RaftServerConfigKeys (ConfUtils.java:logGet(46)) - raft.server.rpc.request.timeout = 60s (custom)
2023-07-16 18:57:06,202 [main] INFO  grpc.GrpcConfigKeys (ConfUtils.java:logGet(46)) - raft.grpc.server.heartbeat.channel = true (default)
2023-07-16 18:57:06,203 [main] INFO  grpc.GrpcConfigKeys (ConfUtils.java:logGet(46)) - raft.grpc.server.async.request.thread.pool.cached = true (default)
2023-07-16 18:57:06,203 [main] INFO  grpc.GrpcConfigKeys (ConfUtils.java:logGet(46)) - raft.grpc.server.async.request.thread.pool.size = 32 (default)
2023-07-16 18:57:06,207 [main] INFO  impl.DataStreamServerImpl (ConfUtils.java:logGet(46)) - raft.datastream.type = NETTY (custom)
2023-07-16 18:57:06,208 [main] INFO  server.RaftServerConfigKeys (ConfUtils.java:logGet(46)) - raft.server.data-stream.async.request.thread.pool.cached = false (default)
2023-07-16 18:57:06,209 [main] INFO  server.RaftServerConfigKeys (ConfUtils.java:logGet(46)) - raft.server.data-stream.async.request.thread.pool.size = 20 (custom)
2023-07-16 18:57:06,209 [main] INFO  server.RaftServerConfigKeys (ConfUtils.java:logGet(46)) - raft.server.data-stream.async.write.thread.pool.size = 16 (default)
2023-07-16 18:57:06,209 [main] INFO  server.RaftServerConfigKeys (ConfUtils.java:logGet(46)) - raft.server.data-stream.client.pool.size = 10 (default)
2023-07-16 18:57:06,209 [main] INFO  netty.NettyConfigKeys$DataStream (ConfUtils.java:logGet(46)) - raft.netty.dataStream.server.use-epoll = false (default)
2023-07-16 18:57:06,209 [main] INFO  netty.NettyConfigKeys$DataStream (ConfUtils.java:logGet(46)) - raft.netty.dataStream.server.boss-group.size = 0 (default)
2023-07-16 18:57:06,210 [main] INFO  netty.NettyConfigKeys$DataStream (ConfUtils.java:logGet(46)) - raft.netty.dataStream.server.worker-group.size = 0 (default)
2023-07-16 18:57:06,210 [main] INFO  netty.NettyConfigKeys$DataStream (ConfUtils.java:logGet(46)) - raft.netty.dataStream.server.tls.conf = null (default)
2023-07-16 18:57:06,210 [main] INFO  netty.NettyConfigKeys$DataStream (ConfUtils.java:logGet(46)) - raft.netty.dataStream.host = null (default)
2023-07-16 18:57:06,211 [main] INFO  netty.NettyConfigKeys$DataStream (ConfUtils.java:logGet(46)) - raft.netty.dataStream.port = 15087 (custom)
2023-07-16 18:57:06,212 [main] INFO  server.RaftServerConfigKeys (ConfUtils.java:logGet(46)) - raft.server.threadpool.proxy.cached = true (default)
2023-07-16 18:57:06,215 [6a04ed34-8094-474b-9acd-b8edff3f6d46-NettyServerStreamRpc-bossGroup--thread1] INFO  logging.LoggingHandler (AbstractInternalLogger.java:log(148)) - [id: 0xa6232cca] REGISTERED
2023-07-16 18:57:06,215 [6a04ed34-8094-474b-9acd-b8edff3f6d46-NettyServerStreamRpc-bossGroup--thread1] INFO  logging.LoggingHandler (AbstractInternalLogger.java:log(148)) - [id: 0xa6232cca] BIND: 0.0.0.0/0.0.0.0:15087
2023-07-16 18:57:06,216 [6a04ed34-8094-474b-9acd-b8edff3f6d46-NettyServerStreamRpc-bossGroup--thread1] INFO  logging.LoggingHandler (AbstractInternalLogger.java:log(148)) - [id: 0xa6232cca, L:/0:0:0:0:0:0:0:0:15087] ACTIVE
2023-07-16 18:57:06,216 [main] INFO  server.RaftServerConfigKeys (ConfUtils.java:logGet(46)) - raft.server.threadpool.proxy.size = 0 (default)
2023-07-16 18:57:06,216 [main] INFO  server.RaftServerConfigKeys (ConfUtils.java:logGet(46)) - raft.server.rpc.slowness.timeout = 300s (custom)
2023-07-16 18:57:06,216 [main] INFO  server.RaftServerConfigKeys (ConfUtils.java:logGet(46)) - raft.server.leaderelection.leader.step-down.wait-time = 10s (default)
2023-07-16 18:57:06,216 [main] INFO  server.RaftServerConfigKeys (ConfUtils.java:logGet(46)) - raft.server.storage.dir = [/home/runner/work/ozone/ozone/hadoop-ozone/integration-test/target/test-dir/MiniOzoneClusterImpl-8e52da8c-19f0-467e-9375-6950100829a3/datanode-8/data/ratis] (custom)
2023-07-16 18:57:06,219 [main] INFO  server.XceiverServerGrpc (XceiverServerGrpc.java:<init>(132)) - GrpcServer channel type EpollServerSocketChannel
2023-07-16 18:57:06,223 [main] INFO  replication.ReplicationSupervisor (ReplicationSupervisor.java:nodeStateUpdated(305)) - Node state updated to IN_SERVICE, scaling executor pool size to 10
2023-07-16 18:57:06,228 [main] INFO  http.BaseHttpServer (BaseHttpServer.java:newHttpServer2BuilderForOzone(224)) - Starting Web-server for hddsDatanode at: http://0.0.0.0:15081
2023-07-16 18:57:06,228 [main] INFO  http.BaseHttpServer (BaseHttpServer.java:<init>(111)) - Hadoop Security Enabled: false Ozone Security Enabled: false Ozone HTTP Security Enabled: false 
2023-07-16 18:57:06,231 [main] WARN  server.AuthenticationFilter (AuthenticationFilter.java:constructSecretProvider(240)) - Unable to initialize FileSignerSecretProvider, falling back to use random secrets. Reason: Could not read signature secret file: /home/runner/hadoop-http-auth-signature-secret
2023-07-16 18:57:06,232 [main] INFO  http.HttpRequestLog (HttpRequestLog.java:getRequestLog(86)) - Http request log for http.requests.hddsDatanode is not defined
2023-07-16 18:57:06,234 [main] INFO  http.HttpServer2 (HttpServer2.java:addGlobalFilter(1031)) - Added global filter 'safety' (class=org.apache.hadoop.hdds.server.http.HttpServer2$QuotingInputFilter)
2023-07-16 18:57:06,235 [main] INFO  http.HttpServer2 (HttpServer2.java:addFilter(1007)) - Added filter static_user_filter (class=org.apache.hadoop.http.lib.StaticUserWebFilter$StaticUserFilter) to context hddsDatanode
2023-07-16 18:57:06,236 [main] INFO  http.HttpServer2 (HttpServer2.java:addFilter(1015)) - Added filter static_user_filter (class=org.apache.hadoop.http.lib.StaticUserWebFilter$StaticUserFilter) to context logs
2023-07-16 18:57:06,236 [main] INFO  http.HttpServer2 (HttpServer2.java:addFilter(1015)) - Added filter static_user_filter (class=org.apache.hadoop.http.lib.StaticUserWebFilter$StaticUserFilter) to context static
2023-07-16 18:57:06,237 [main] INFO  http.BaseHttpServer (BaseHttpServer.java:<init>(190)) - HTTP server of hddsDatanode uses base directory /home/runner/work/ozone/ozone/hadoop-ozone/integration-test/target/test-dir/MiniOzoneClusterImpl-8e52da8c-19f0-467e-9375-6950100829a3/datanode-8/meta/webserver
2023-07-16 18:57:06,237 [main] INFO  http.HttpServer2 (HttpServer2.java:bindListener(1250)) - Jetty bound to port 15081
2023-07-16 18:57:06,237 [main] INFO  server.Server (Server.java:doStart(375)) - jetty-9.4.51.v20230217; built: 2023-02-17T08:19:37.309Z; git: b45c405e4544384de066f814ed42ae3dceacdd49; jvm 1.8.0_372-b07
2023-07-16 18:57:06,239 [main] INFO  server.session (DefaultSessionIdManager.java:doStart(334)) - DefaultSessionIdManager workerName=node0
2023-07-16 18:57:06,239 [main] INFO  server.session (DefaultSessionIdManager.java:doStart(339)) - No SessionScavenger set, using defaults
2023-07-16 18:57:06,239 [main] INFO  server.session (HouseKeeper.java:startScavenging(132)) - node0 Scavenging every 600000ms
2023-07-16 18:57:06,240 [main] INFO  handler.ContextHandler (ContextHandler.java:doStart(921)) - Started o.e.j.s.ServletContextHandler@5b0d2129{logs,/logs,file:///home/runner/work/ozone/ozone/hadoop-ozone/integration-test/target/log,AVAILABLE}
2023-07-16 18:57:06,240 [main] INFO  handler.ContextHandler (ContextHandler.java:doStart(921)) - Started o.e.j.s.ServletContextHandler@5c4f2b59{static,/static,jar:file:/home/runner/.m2/repository/org/apache/ozone/hdds-container-service/1.4.0-SNAPSHOT/hdds-container-service-1.4.0-SNAPSHOT.jar!/webapps/static,AVAILABLE}
2023-07-16 18:57:06,505 [EndpointStateMachine task thread for /0.0.0.0:15002 - 0 ] INFO  utils.DatanodeStoreCache (DatanodeStoreCache.java:addDB(66)) - Added db /home/runner/work/ozone/ozone/hadoop-ozone/integration-test/target/test-dir/MiniOzoneClusterImpl-8e52da8c-19f0-467e-9375-6950100829a3/datanode-3/data-0/containers/hdds/8e52da8c-19f0-467e-9375-6950100829a3/DS-14413a9c-9c8a-4500-b26e-62c6d20c2782/container.db to cache
2023-07-16 18:57:06,505 [EndpointStateMachine task thread for /0.0.0.0:15002 - 0 ] INFO  volume.HddsVolume (HddsVolume.java:createDbStore(422)) - SchemaV3 db is created and loaded at /home/runner/work/ozone/ozone/hadoop-ozone/integration-test/target/test-dir/MiniOzoneClusterImpl-8e52da8c-19f0-467e-9375-6950100829a3/datanode-3/data-0/containers/hdds/8e52da8c-19f0-467e-9375-6950100829a3/DS-14413a9c-9c8a-4500-b26e-62c6d20c2782/container.db for volume DS-14413a9c-9c8a-4500-b26e-62c6d20c2782
2023-07-16 18:57:06,505 [EndpointStateMachine task thread for /0.0.0.0:15002 - 0 ] INFO  ozoneimpl.OzoneContainer (OzoneContainer.java:start(419)) - Attempting to start container services.
2023-07-16 18:57:06,505 [EndpointStateMachine task thread for /0.0.0.0:15002 - 0 ] INFO  ozoneimpl.OzoneContainer (OzoneContainer.java:startContainerScrub(327)) - Scheduled background container scanners and the on-demand container scanner have been disabled.
2023-07-16 18:57:06,509 [EndpointStateMachine task thread for /0.0.0.0:15002 - 0 ] INFO  replication.ReplicationServer (ReplicationServer.java:start(128)) - ReplicationServer is started using port 15043
2023-07-16 18:57:06,509 [EndpointStateMachine task thread for /0.0.0.0:15002 - 0 ] INFO  ratis.XceiverServerRatis (XceiverServerRatis.java:start(517)) - Starting XceiverServerRatis 262e2cc5-1901-4d20-b00f-c120f2342a1b
2023-07-16 18:57:06,532 [EndpointStateMachine task thread for /0.0.0.0:15002 - 0 ] INFO  server.RaftServer (RaftServerProxy.java:startImpl(400)) - 262e2cc5-1901-4d20-b00f-c120f2342a1b: start RPC server
2023-07-16 18:57:06,571 [EndpointStateMachine task thread for /0.0.0.0:15002 - 0 ] INFO  server.GrpcService (GrpcService.java:startImpl(302)) - 262e2cc5-1901-4d20-b00f-c120f2342a1b: GrpcService started, listening on 15039
2023-07-16 18:57:06,574 [EndpointStateMachine task thread for /0.0.0.0:15002 - 0 ] INFO  server.GrpcService (GrpcService.java:startImpl(302)) - 262e2cc5-1901-4d20-b00f-c120f2342a1b: GrpcService started, listening on 15041
2023-07-16 18:57:06,579 [EndpointStateMachine task thread for /0.0.0.0:15002 - 0 ] INFO  server.GrpcService (GrpcService.java:startImpl(302)) - 262e2cc5-1901-4d20-b00f-c120f2342a1b: GrpcService started, listening on 15040
2023-07-16 18:57:06,579 [EndpointStateMachine task thread for /0.0.0.0:15002 - 0 ] INFO  ratis.XceiverServerRatis (XceiverServerRatis.java:getRealPort(543)) - XceiverServerRatis 262e2cc5-1901-4d20-b00f-c120f2342a1b is started using port 15039 for RATIS
2023-07-16 18:57:06,579 [JvmPauseMonitor5] INFO  util.JvmPauseMonitor (JvmPauseMonitor.java:run(103)) - JvmPauseMonitor-262e2cc5-1901-4d20-b00f-c120f2342a1b: Started
2023-07-16 18:57:06,579 [EndpointStateMachine task thread for /0.0.0.0:15002 - 0 ] INFO  ratis.XceiverServerRatis (XceiverServerRatis.java:getRealPort(543)) - XceiverServerRatis 262e2cc5-1901-4d20-b00f-c120f2342a1b is started using port 15040 for RATIS_ADMIN
2023-07-16 18:57:06,579 [EndpointStateMachine task thread for /0.0.0.0:15002 - 0 ] INFO  ratis.XceiverServerRatis (XceiverServerRatis.java:getRealPort(543)) - XceiverServerRatis 262e2cc5-1901-4d20-b00f-c120f2342a1b is started using port 15041 for RATIS_SERVER
2023-07-16 18:57:06,579 [EndpointStateMachine task thread for /0.0.0.0:15002 - 0 ] INFO  ratis.XceiverServerRatis (XceiverServerRatis.java:getRealPort(543)) - XceiverServerRatis 262e2cc5-1901-4d20-b00f-c120f2342a1b is started using port 15042 for RATIS_DATASTREAM
2023-07-16 18:57:06,621 [BlockDeletingService#0] INFO  interfaces.ContainerDeletionChoosingPolicyTemplate (ContainerDeletionChoosingPolicyTemplate.java:chooseContainerForBlockDeletion(83)) - Chosen 0/5000 blocks from 0 candidate containers.
2023-07-16 18:57:06,672 [main] INFO  handler.ContextHandler (ContextHandler.java:doStart(921)) - Started o.e.j.w.WebAppContext@71c24598{hddsDatanode,/,file:///home/runner/work/ozone/ozone/hadoop-ozone/integration-test/target/tmp/kms/webapp/,AVAILABLE}{jar:file:/home/runner/.m2/repository/org/apache/ozone/hdds-container-service/1.4.0-SNAPSHOT/hdds-container-service-1.4.0-SNAPSHOT.jar!/webapps/hddsDatanode}
2023-07-16 18:57:06,674 [main] INFO  server.AbstractConnector (AbstractConnector.java:doStart(333)) - Started ServerConnector@5d41cff1{HTTP/1.1, (http/1.1)}{0.0.0.0:15081}
2023-07-16 18:57:06,674 [main] INFO  server.Server (Server.java:doStart(415)) - Started @13847ms
2023-07-16 18:57:06,674 [main] WARN  impl.MetricsSystemImpl (MetricsSystemImpl.java:register(279)) - Sink prometheus already exists!
2023-07-16 18:57:06,675 [main] INFO  http.BaseHttpServer (BaseHttpServer.java:updateConnectorAddress(344)) - HTTP server of hddsDatanode listening at http://0.0.0.0:15081
2023-07-16 18:57:06,675 [main] INFO  ipc.CallQueueManager (CallQueueManager.java:<init>(90)) - Using callQueue: class java.util.concurrent.LinkedBlockingQueue, queueCapacity: 100, scheduler: class org.apache.hadoop.ipc.DefaultRpcScheduler, ipcBackoff: false.
2023-07-16 18:57:06,675 [main] INFO  ipc.Server (Server.java:<init>(1287)) - Listener at 0.0.0.0:15082
2023-07-16 18:57:06,676 [Socket Reader #1 for port 15082] INFO  ipc.Server (Server.java:run(1323)) - Starting Socket Reader #1 for port 15082
2023-07-16 18:57:06,680 [main] INFO  ozone.HddsDatanodeService (HddsDatanodeService.java:start(315)) - Datanode start with admins: [runner]
2023-07-16 18:57:06,681 [main] INFO  ozone.HddsDatanodeClientProtocolServer (HddsDatanodeClientProtocolServer.java:start(72)) - RPC server for Client /0.0.0.0:15082
2023-07-16 18:57:06,681 [IPC Server Responder] INFO  ipc.Server (Server.java:run(1562)) - IPC Server Responder: starting
2023-07-16 18:57:06,681 [IPC Server listener on 15082] INFO  ipc.Server (Server.java:run(1402)) - IPC Server listener on 15082: starting
2023-07-16 18:57:06,682 [main] WARN  impl.MetricRegistriesImpl (MetricRegistriesImpl.java:addReporterRegistration(111)) - New reporters are added after registries were created. Some metrics will be missing from the reporter. Please add reporter before adding any new registry.
2023-07-16 18:57:06,682 [main] WARN  impl.MetricRegistriesImpl (MetricRegistriesImpl.java:addReporterRegistration(111)) - New reporters are added after registries were created. Some metrics will be missing from the reporter. Please add reporter before adding any new registry.
2023-07-16 18:57:06,682 [main] INFO  impl.MetricsSystemImpl (MetricsSystemImpl.java:init(158)) - HddsDatanode metrics system started (again)
2023-07-16 18:57:06,683 [Datanode State Machine Daemon Thread] INFO  statemachine.DatanodeStateMachine (DatanodeStateMachine.java:lambda$startDaemon$0(531)) - Ozone container server started.
2023-07-16 18:57:06,705 [Datanode State Machine Task Thread - 0] INFO  datanode.InitDatanodeState (InitDatanodeState.java:persistContainerDatanodeDetails(138)) - DatanodeDetails is persisted to /home/runner/work/ozone/ozone/hadoop-ozone/integration-test/target/test-dir/MiniOzoneClusterImpl-8e52da8c-19f0-467e-9375-6950100829a3/datanode-8/meta/datanode.id
2023-07-16 18:57:06,708 [main] INFO  ozone.HddsDatanodeService (HddsDatanodeService.java:start(237)) - HddsDatanodeService host:fv-az587-727.eelbpncqjxkupcyqmv043tjoah.jx.internal.cloudapp.net ip:10.1.0.14
2023-07-16 18:57:06,729 [main] INFO  upgrade.AbstractLayoutVersionManager (AbstractLayoutVersionManager.java:init(83)) - Initializing Layout version manager with metadata layout = HADOOP_PRC_PORTS_IN_DATANODEDETAILS (version = 7), software layout = HADOOP_PRC_PORTS_IN_DATANODEDETAILS (version = 7)
2023-07-16 18:57:06,730 [main] INFO  statemachine.DatanodeStateMachine (DatanodeStateMachine.java:getEndPointTaskThreadPoolSize(279)) - Datanode State Machine Task Thread Pool size 2
2023-07-16 18:57:06,735 [main] INFO  volume.HddsVolume (HddsVolume.java:<init>(126)) - Creating HddsVolume: /home/runner/work/ozone/ozone/hadoop-ozone/integration-test/target/test-dir/MiniOzoneClusterImpl-8e52da8c-19f0-467e-9375-6950100829a3/datanode-9/data-0/containers/hdds of storage type : DISK capacity : 9223372036854775807
2023-07-16 18:57:06,735 [main] INFO  volume.MutableVolumeSet (MutableVolumeSet.java:initializeVolumeSet(175)) - Added Volume : /home/runner/work/ozone/ozone/hadoop-ozone/integration-test/target/test-dir/MiniOzoneClusterImpl-8e52da8c-19f0-467e-9375-6950100829a3/datanode-9/data-0/containers/hdds to VolumeSet
2023-07-16 18:57:06,735 [main] INFO  volume.ThrottledAsyncChecker (ThrottledAsyncChecker.java:schedule(141)) - Scheduling a check for /home/runner/work/ozone/ozone/hadoop-ozone/integration-test/target/test-dir/MiniOzoneClusterImpl-8e52da8c-19f0-467e-9375-6950100829a3/datanode-9/data-0/containers/hdds
2023-07-16 18:57:06,739 [main] INFO  volume.StorageVolumeChecker (StorageVolumeChecker.java:checkAllVolumes(202)) - Scheduled health check for volume /home/runner/work/ozone/ozone/hadoop-ozone/integration-test/target/test-dir/MiniOzoneClusterImpl-8e52da8c-19f0-467e-9375-6950100829a3/datanode-9/data-0/containers/hdds
2023-07-16 18:57:06,744 [main] INFO  volume.MutableVolumeSet (MutableVolumeSet.java:initializeVolumeSet(175)) - Added Volume : /home/runner/work/ozone/ozone/hadoop-ozone/integration-test/target/test-dir/MiniOzoneClusterImpl-8e52da8c-19f0-467e-9375-6950100829a3/datanode-9/data/ratis to VolumeSet
2023-07-16 18:57:06,745 [main] INFO  volume.ThrottledAsyncChecker (ThrottledAsyncChecker.java:schedule(141)) - Scheduling a check for /home/runner/work/ozone/ozone/hadoop-ozone/integration-test/target/test-dir/MiniOzoneClusterImpl-8e52da8c-19f0-467e-9375-6950100829a3/datanode-9/data/ratis
2023-07-16 18:57:06,745 [main] INFO  volume.StorageVolumeChecker (StorageVolumeChecker.java:checkAllVolumes(202)) - Scheduled health check for volume /home/runner/work/ozone/ozone/hadoop-ozone/integration-test/target/test-dir/MiniOzoneClusterImpl-8e52da8c-19f0-467e-9375-6950100829a3/datanode-9/data/ratis
2023-07-16 18:57:06,746 [Thread-327] INFO  ozoneimpl.ContainerReader (ContainerReader.java:readVolume(177)) - Finish verifying containers on volume /home/runner/work/ozone/ozone/hadoop-ozone/integration-test/target/test-dir/MiniOzoneClusterImpl-8e52da8c-19f0-467e-9375-6950100829a3/datanode-9/data-0/containers/hdds
2023-07-16 18:57:06,746 [main] INFO  ozoneimpl.OzoneContainer (OzoneContainer.java:buildContainerSet(316)) - Build ContainerSet costs 0s
2023-07-16 18:57:06,751 [main] INFO  server.RaftServer (ConfUtils.java:logGet(46)) - raft.rpc.type = GRPC (default)
2023-07-16 18:57:06,751 [main] INFO  grpc.GrpcConfigKeys (ConfUtils.java:logFallback(53)) - raft.grpc.admin.host = null (fallback to raft.grpc.server.host)
2023-07-16 18:57:06,751 [main] INFO  grpc.GrpcConfigKeys (ConfUtils.java:logGet(46)) - raft.grpc.admin.port = 15094 (custom)
2023-07-16 18:57:06,751 [main] INFO  grpc.GrpcConfigKeys (ConfUtils.java:logFallback(53)) - raft.grpc.client.host = null (fallback to raft.grpc.server.host)
2023-07-16 18:57:06,751 [main] INFO  grpc.GrpcConfigKeys (ConfUtils.java:logGet(46)) - raft.grpc.client.port = 15093 (custom)
2023-07-16 18:57:06,751 [main] INFO  grpc.GrpcConfigKeys (ConfUtils.java:logGet(46)) - raft.grpc.server.host = null (default)
2023-07-16 18:57:06,751 [main] INFO  grpc.GrpcConfigKeys (ConfUtils.java:logGet(46)) - raft.grpc.server.port = 15095 (custom)
2023-07-16 18:57:06,751 [main] INFO  server.GrpcService (ConfUtils.java:logGet(46)) - raft.grpc.message.size.max = 32MB (=33554432) (custom)
2023-07-16 18:57:06,751 [main] INFO  server.RaftServerConfigKeys (ConfUtils.java:logGet(46)) - raft.server.log.appender.buffer.byte-limit = 33554432 (custom)
2023-07-16 18:57:06,752 [main] INFO  server.GrpcService (ConfUtils.java:logGet(46)) - raft.grpc.flow.control.window = 5MB (=5242880) (custom)
2023-07-16 18:57:06,752 [main] INFO  server.RaftServerConfigKeys (ConfUtils.java:logGet(46)) - raft.server.rpc.request.timeout = 60s (custom)
2023-07-16 18:57:06,752 [main] INFO  grpc.GrpcConfigKeys (ConfUtils.java:logGet(46)) - raft.grpc.server.heartbeat.channel = true (default)
2023-07-16 18:57:06,753 [main] INFO  grpc.GrpcConfigKeys (ConfUtils.java:logGet(46)) - raft.grpc.server.async.request.thread.pool.cached = true (default)
2023-07-16 18:57:06,753 [main] INFO  grpc.GrpcConfigKeys (ConfUtils.java:logGet(46)) - raft.grpc.server.async.request.thread.pool.size = 32 (default)
2023-07-16 18:57:06,756 [main] INFO  impl.DataStreamServerImpl (ConfUtils.java:logGet(46)) - raft.datastream.type = NETTY (custom)
2023-07-16 18:57:06,758 [main] INFO  server.RaftServerConfigKeys (ConfUtils.java:logGet(46)) - raft.server.data-stream.async.request.thread.pool.cached = false (default)
2023-07-16 18:57:06,758 [main] INFO  server.RaftServerConfigKeys (ConfUtils.java:logGet(46)) - raft.server.data-stream.async.request.thread.pool.size = 20 (custom)
2023-07-16 18:57:06,758 [main] INFO  server.RaftServerConfigKeys (ConfUtils.java:logGet(46)) - raft.server.data-stream.async.write.thread.pool.size = 16 (default)
2023-07-16 18:57:06,758 [main] INFO  server.RaftServerConfigKeys (ConfUtils.java:logGet(46)) - raft.server.data-stream.client.pool.size = 10 (default)
2023-07-16 18:57:06,758 [main] INFO  netty.NettyConfigKeys$DataStream (ConfUtils.java:logGet(46)) - raft.netty.dataStream.server.use-epoll = false (default)
2023-07-16 18:57:06,758 [main] INFO  netty.NettyConfigKeys$DataStream (ConfUtils.java:logGet(46)) - raft.netty.dataStream.server.boss-group.size = 0 (default)
2023-07-16 18:57:06,775 [main] INFO  netty.NettyConfigKeys$DataStream (ConfUtils.java:logGet(46)) - raft.netty.dataStream.server.worker-group.size = 0 (default)
2023-07-16 18:57:06,775 [main] INFO  netty.NettyConfigKeys$DataStream (ConfUtils.java:logGet(46)) - raft.netty.dataStream.server.tls.conf = null (default)
2023-07-16 18:57:06,775 [main] INFO  netty.NettyConfigKeys$DataStream (ConfUtils.java:logGet(46)) - raft.netty.dataStream.host = null (default)
2023-07-16 18:57:06,775 [main] INFO  netty.NettyConfigKeys$DataStream (ConfUtils.java:logGet(46)) - raft.netty.dataStream.port = 15096 (custom)
2023-07-16 18:57:06,776 [main] INFO  server.RaftServerConfigKeys (ConfUtils.java:logGet(46)) - raft.server.threadpool.proxy.cached = true (default)
2023-07-16 18:57:06,776 [main] INFO  server.RaftServerConfigKeys (ConfUtils.java:logGet(46)) - raft.server.threadpool.proxy.size = 0 (default)
2023-07-16 18:57:06,776 [main] INFO  server.RaftServerConfigKeys (ConfUtils.java:logGet(46)) - raft.server.rpc.slowness.timeout = 300s (custom)
2023-07-16 18:57:06,777 [main] INFO  server.RaftServerConfigKeys (ConfUtils.java:logGet(46)) - raft.server.leaderelection.leader.step-down.wait-time = 10s (default)
2023-07-16 18:57:06,777 [main] INFO  server.RaftServerConfigKeys (ConfUtils.java:logGet(46)) - raft.server.storage.dir = [/home/runner/work/ozone/ozone/hadoop-ozone/integration-test/target/test-dir/MiniOzoneClusterImpl-8e52da8c-19f0-467e-9375-6950100829a3/datanode-9/data/ratis] (custom)
2023-07-16 18:57:06,781 [7fbcf281-0606-4cdd-9e49-7a456e1aa2a0-NettyServerStreamRpc-bossGroup--thread1] INFO  logging.LoggingHandler (AbstractInternalLogger.java:log(148)) - [id: 0x0256e492] REGISTERED
2023-07-16 18:57:06,781 [7fbcf281-0606-4cdd-9e49-7a456e1aa2a0-NettyServerStreamRpc-bossGroup--thread1] INFO  logging.LoggingHandler (AbstractInternalLogger.java:log(148)) - [id: 0x0256e492] BIND: 0.0.0.0/0.0.0.0:15096
2023-07-16 18:57:06,781 [7fbcf281-0606-4cdd-9e49-7a456e1aa2a0-NettyServerStreamRpc-bossGroup--thread1] INFO  logging.LoggingHandler (AbstractInternalLogger.java:log(148)) - [id: 0x0256e492, L:/0:0:0:0:0:0:0:0:15096] ACTIVE
2023-07-16 18:57:06,781 [main] INFO  server.XceiverServerGrpc (XceiverServerGrpc.java:<init>(132)) - GrpcServer channel type EpollServerSocketChannel
2023-07-16 18:57:06,784 [main] INFO  replication.ReplicationSupervisor (ReplicationSupervisor.java:nodeStateUpdated(305)) - Node state updated to IN_SERVICE, scaling executor pool size to 10
2023-07-16 18:57:06,786 [main] INFO  http.BaseHttpServer (BaseHttpServer.java:newHttpServer2BuilderForOzone(224)) - Starting Web-server for hddsDatanode at: http://0.0.0.0:15090
2023-07-16 18:57:06,786 [main] INFO  http.BaseHttpServer (BaseHttpServer.java:<init>(111)) - Hadoop Security Enabled: false Ozone Security Enabled: false Ozone HTTP Security Enabled: false 
2023-07-16 18:57:06,788 [main] WARN  server.AuthenticationFilter (AuthenticationFilter.java:constructSecretProvider(240)) - Unable to initialize FileSignerSecretProvider, falling back to use random secrets. Reason: Could not read signature secret file: /home/runner/hadoop-http-auth-signature-secret
2023-07-16 18:57:06,788 [main] INFO  http.HttpRequestLog (HttpRequestLog.java:getRequestLog(86)) - Http request log for http.requests.hddsDatanode is not defined
2023-07-16 18:57:06,790 [main] INFO  http.HttpServer2 (HttpServer2.java:addGlobalFilter(1031)) - Added global filter 'safety' (class=org.apache.hadoop.hdds.server.http.HttpServer2$QuotingInputFilter)
2023-07-16 18:57:06,790 [main] INFO  http.HttpServer2 (HttpServer2.java:addFilter(1007)) - Added filter static_user_filter (class=org.apache.hadoop.http.lib.StaticUserWebFilter$StaticUserFilter) to context hddsDatanode
2023-07-16 18:57:06,790 [main] INFO  http.HttpServer2 (HttpServer2.java:addFilter(1015)) - Added filter static_user_filter (class=org.apache.hadoop.http.lib.StaticUserWebFilter$StaticUserFilter) to context logs
2023-07-16 18:57:06,791 [main] INFO  http.HttpServer2 (HttpServer2.java:addFilter(1015)) - Added filter static_user_filter (class=org.apache.hadoop.http.lib.StaticUserWebFilter$StaticUserFilter) to context static
2023-07-16 18:57:06,791 [main] INFO  http.BaseHttpServer (BaseHttpServer.java:<init>(190)) - HTTP server of hddsDatanode uses base directory /home/runner/work/ozone/ozone/hadoop-ozone/integration-test/target/test-dir/MiniOzoneClusterImpl-8e52da8c-19f0-467e-9375-6950100829a3/datanode-9/meta/webserver
2023-07-16 18:57:06,791 [main] INFO  http.HttpServer2 (HttpServer2.java:bindListener(1250)) - Jetty bound to port 15090
2023-07-16 18:57:06,792 [main] INFO  server.Server (Server.java:doStart(375)) - jetty-9.4.51.v20230217; built: 2023-02-17T08:19:37.309Z; git: b45c405e4544384de066f814ed42ae3dceacdd49; jvm 1.8.0_372-b07
2023-07-16 18:57:06,801 [main] INFO  server.session (DefaultSessionIdManager.java:doStart(334)) - DefaultSessionIdManager workerName=node0
2023-07-16 18:57:06,801 [main] INFO  server.session (DefaultSessionIdManager.java:doStart(339)) - No SessionScavenger set, using defaults
2023-07-16 18:57:06,801 [main] INFO  server.session (HouseKeeper.java:startScavenging(132)) - node0 Scavenging every 600000ms
2023-07-16 18:57:06,804 [main] INFO  handler.ContextHandler (ContextHandler.java:doStart(921)) - Started o.e.j.s.ServletContextHandler@55d658d7{logs,/logs,file:///home/runner/work/ozone/ozone/hadoop-ozone/integration-test/target/log,AVAILABLE}
2023-07-16 18:57:06,805 [main] INFO  handler.ContextHandler (ContextHandler.java:doStart(921)) - Started o.e.j.s.ServletContextHandler@5bbeb572{static,/static,jar:file:/home/runner/.m2/repository/org/apache/ozone/hdds-container-service/1.4.0-SNAPSHOT/hdds-container-service-1.4.0-SNAPSHOT.jar!/webapps/static,AVAILABLE}
2023-07-16 18:57:06,809 [EndpointStateMachine task thread for /0.0.0.0:15002 - 0 ] INFO  utils.DatanodeStoreCache (DatanodeStoreCache.java:addDB(66)) - Added db /home/runner/work/ozone/ozone/hadoop-ozone/integration-test/target/test-dir/MiniOzoneClusterImpl-8e52da8c-19f0-467e-9375-6950100829a3/datanode-4/data-0/containers/hdds/8e52da8c-19f0-467e-9375-6950100829a3/DS-018ac5c0-78b8-4878-85ff-92768c516e2f/container.db to cache
2023-07-16 18:57:06,809 [EndpointStateMachine task thread for /0.0.0.0:15002 - 0 ] INFO  volume.HddsVolume (HddsVolume.java:createDbStore(422)) - SchemaV3 db is created and loaded at /home/runner/work/ozone/ozone/hadoop-ozone/integration-test/target/test-dir/MiniOzoneClusterImpl-8e52da8c-19f0-467e-9375-6950100829a3/datanode-4/data-0/containers/hdds/8e52da8c-19f0-467e-9375-6950100829a3/DS-018ac5c0-78b8-4878-85ff-92768c516e2f/container.db for volume DS-018ac5c0-78b8-4878-85ff-92768c516e2f
2023-07-16 18:57:06,810 [EndpointStateMachine task thread for /0.0.0.0:15002 - 0 ] INFO  ozoneimpl.OzoneContainer (OzoneContainer.java:start(419)) - Attempting to start container services.
2023-07-16 18:57:06,810 [EndpointStateMachine task thread for /0.0.0.0:15002 - 0 ] INFO  ozoneimpl.OzoneContainer (OzoneContainer.java:startContainerScrub(327)) - Scheduled background container scanners and the on-demand container scanner have been disabled.
2023-07-16 18:57:06,812 [EndpointStateMachine task thread for /0.0.0.0:15002 - 0 ] INFO  replication.ReplicationServer (ReplicationServer.java:start(128)) - ReplicationServer is started using port 15052
2023-07-16 18:57:06,812 [EndpointStateMachine task thread for /0.0.0.0:15002 - 0 ] INFO  ratis.XceiverServerRatis (XceiverServerRatis.java:start(517)) - Starting XceiverServerRatis 9a50ebc8-888b-4605-8efe-fc16cf713d78
2023-07-16 18:57:06,814 [EndpointStateMachine task thread for /0.0.0.0:15002 - 0 ] INFO  server.RaftServer (RaftServerProxy.java:startImpl(400)) - 9a50ebc8-888b-4605-8efe-fc16cf713d78: start RPC server
2023-07-16 18:57:06,816 [EndpointStateMachine task thread for /0.0.0.0:15002 - 0 ] INFO  server.GrpcService (GrpcService.java:startImpl(302)) - 9a50ebc8-888b-4605-8efe-fc16cf713d78: GrpcService started, listening on 15048
2023-07-16 18:57:06,817 [EndpointStateMachine task thread for /0.0.0.0:15002 - 0 ] INFO  server.GrpcService (GrpcService.java:startImpl(302)) - 9a50ebc8-888b-4605-8efe-fc16cf713d78: GrpcService started, listening on 15050
2023-07-16 18:57:06,819 [EndpointStateMachine task thread for /0.0.0.0:15002 - 0 ] INFO  server.GrpcService (GrpcService.java:startImpl(302)) - 9a50ebc8-888b-4605-8efe-fc16cf713d78: GrpcService started, listening on 15049
2023-07-16 18:57:06,819 [EndpointStateMachine task thread for /0.0.0.0:15002 - 0 ] INFO  ratis.XceiverServerRatis (XceiverServerRatis.java:getRealPort(543)) - XceiverServerRatis 9a50ebc8-888b-4605-8efe-fc16cf713d78 is started using port 15048 for RATIS
2023-07-16 18:57:06,819 [EndpointStateMachine task thread for /0.0.0.0:15002 - 0 ] INFO  ratis.XceiverServerRatis (XceiverServerRatis.java:getRealPort(543)) - XceiverServerRatis 9a50ebc8-888b-4605-8efe-fc16cf713d78 is started using port 15049 for RATIS_ADMIN
2023-07-16 18:57:06,819 [EndpointStateMachine task thread for /0.0.0.0:15002 - 0 ] INFO  ratis.XceiverServerRatis (XceiverServerRatis.java:getRealPort(543)) - XceiverServerRatis 9a50ebc8-888b-4605-8efe-fc16cf713d78 is started using port 15050 for RATIS_SERVER
2023-07-16 18:57:06,819 [EndpointStateMachine task thread for /0.0.0.0:15002 - 0 ] INFO  ratis.XceiverServerRatis (XceiverServerRatis.java:getRealPort(543)) - XceiverServerRatis 9a50ebc8-888b-4605-8efe-fc16cf713d78 is started using port 15051 for RATIS_DATASTREAM
2023-07-16 18:57:06,819 [JvmPauseMonitor6] INFO  util.JvmPauseMonitor (JvmPauseMonitor.java:run(103)) - JvmPauseMonitor-9a50ebc8-888b-4605-8efe-fc16cf713d78: Started
2023-07-16 18:57:06,825 [BlockDeletingService#0] INFO  interfaces.ContainerDeletionChoosingPolicyTemplate (ContainerDeletionChoosingPolicyTemplate.java:chooseContainerForBlockDeletion(83)) - Chosen 0/5000 blocks from 0 candidate containers.
2023-07-16 18:57:07,024 [main] INFO  handler.ContextHandler (ContextHandler.java:doStart(921)) - Started o.e.j.w.WebAppContext@4942cabd{hddsDatanode,/,file:///home/runner/work/ozone/ozone/hadoop-ozone/integration-test/target/tmp/kms/webapp/,AVAILABLE}{jar:file:/home/runner/.m2/repository/org/apache/ozone/hdds-container-service/1.4.0-SNAPSHOT/hdds-container-service-1.4.0-SNAPSHOT.jar!/webapps/hddsDatanode}
2023-07-16 18:57:07,026 [main] INFO  server.AbstractConnector (AbstractConnector.java:doStart(333)) - Started ServerConnector@2df721a{HTTP/1.1, (http/1.1)}{0.0.0.0:15090}
2023-07-16 18:57:07,026 [main] INFO  server.Server (Server.java:doStart(415)) - Started @14199ms
2023-07-16 18:57:07,026 [main] WARN  impl.MetricsSystemImpl (MetricsSystemImpl.java:register(279)) - Sink prometheus already exists!
2023-07-16 18:57:07,027 [main] INFO  http.BaseHttpServer (BaseHttpServer.java:updateConnectorAddress(344)) - HTTP server of hddsDatanode listening at http://0.0.0.0:15090
2023-07-16 18:57:07,027 [main] INFO  ipc.CallQueueManager (CallQueueManager.java:<init>(90)) - Using callQueue: class java.util.concurrent.LinkedBlockingQueue, queueCapacity: 100, scheduler: class org.apache.hadoop.ipc.DefaultRpcScheduler, ipcBackoff: false.
2023-07-16 18:57:07,027 [main] INFO  ipc.Server (Server.java:<init>(1287)) - Listener at 0.0.0.0:15091
2023-07-16 18:57:07,028 [Socket Reader #1 for port 15091] INFO  ipc.Server (Server.java:run(1323)) - Starting Socket Reader #1 for port 15091
2023-07-16 18:57:07,038 [main] INFO  ozone.HddsDatanodeService (HddsDatanodeService.java:start(315)) - Datanode start with admins: [runner]
2023-07-16 18:57:07,038 [main] INFO  ozone.HddsDatanodeClientProtocolServer (HddsDatanodeClientProtocolServer.java:start(72)) - RPC server for Client /0.0.0.0:15091
2023-07-16 18:57:07,038 [IPC Server Responder] INFO  ipc.Server (Server.java:run(1562)) - IPC Server Responder: starting
2023-07-16 18:57:07,039 [IPC Server listener on 15091] INFO  ipc.Server (Server.java:run(1402)) - IPC Server listener on 15091: starting
2023-07-16 18:57:07,041 [Datanode State Machine Daemon Thread] INFO  statemachine.DatanodeStateMachine (DatanodeStateMachine.java:lambda$startDaemon$0(531)) - Ozone container server started.
2023-07-16 18:57:07,041 [main] INFO  om.OzoneManager (OzoneManager.java:startSecretManager(1091)) - Starting secret key client.
2023-07-16 18:57:07,041 [main] INFO  om.OzoneManager (OzoneManager.java:startSecretManager(1102)) - Starting OM delegation token secret manager
2023-07-16 18:57:07,041 [main] INFO  security.OzoneDelegationTokenSecretManager (OzoneSecretManager.java:updateCurrentKey(175)) - Updating current master key for generating tokens. Cert id 3147717457728
2023-07-16 18:57:07,045 [main] INFO  ozone.MiniOzoneClusterImpl (MiniOzoneClusterImpl.java:lambda$waitForClusterToBeReady$0(224)) - Waiting for nodes to be ready. Got 0 of 10 DN Heartbeats.
2023-07-16 18:57:07,045 [main] INFO  ozone.MiniOzoneClusterImpl (MiniOzoneClusterImpl.java:lambda$waitForClusterToBeReady$0(227)) - Waiting for cluster to exit safe mode
2023-07-16 18:57:07,045 [main] INFO  ozone.MiniOzoneClusterImpl (MiniOzoneClusterImpl.java:lambda$waitForClusterToBeReady$0(229)) - SCM became leader
2023-07-16 18:57:07,045 [Thread[Thread-348,5,main]] INFO  security.OzoneDelegationTokenSecretManager (OzoneDelegationTokenSecretManager.java:run(636)) - Starting expired delegation token remover thread, tokenRemoverScanInterval=60 min(s)
2023-07-16 18:57:07,057 [Datanode State Machine Task Thread - 0] INFO  datanode.InitDatanodeState (InitDatanodeState.java:persistContainerDatanodeDetails(138)) - DatanodeDetails is persisted to /home/runner/work/ozone/ozone/hadoop-ozone/integration-test/target/test-dir/MiniOzoneClusterImpl-8e52da8c-19f0-467e-9375-6950100829a3/datanode-9/meta/datanode.id
2023-07-16 18:57:07,251 [EndpointStateMachine task thread for /0.0.0.0:15002 - 0 ] INFO  utils.DatanodeStoreCache (DatanodeStoreCache.java:addDB(66)) - Added db /home/runner/work/ozone/ozone/hadoop-ozone/integration-test/target/test-dir/MiniOzoneClusterImpl-8e52da8c-19f0-467e-9375-6950100829a3/datanode-5/data-0/containers/hdds/8e52da8c-19f0-467e-9375-6950100829a3/DS-1be89d9c-07ae-4fb3-bc8f-a3e6a0b0ab0f/container.db to cache
2023-07-16 18:57:07,251 [EndpointStateMachine task thread for /0.0.0.0:15002 - 0 ] INFO  volume.HddsVolume (HddsVolume.java:createDbStore(422)) - SchemaV3 db is created and loaded at /home/runner/work/ozone/ozone/hadoop-ozone/integration-test/target/test-dir/MiniOzoneClusterImpl-8e52da8c-19f0-467e-9375-6950100829a3/datanode-5/data-0/containers/hdds/8e52da8c-19f0-467e-9375-6950100829a3/DS-1be89d9c-07ae-4fb3-bc8f-a3e6a0b0ab0f/container.db for volume DS-1be89d9c-07ae-4fb3-bc8f-a3e6a0b0ab0f
2023-07-16 18:57:07,251 [EndpointStateMachine task thread for /0.0.0.0:15002 - 0 ] INFO  ozoneimpl.OzoneContainer (OzoneContainer.java:start(419)) - Attempting to start container services.
2023-07-16 18:57:07,251 [EndpointStateMachine task thread for /0.0.0.0:15002 - 0 ] INFO  ozoneimpl.OzoneContainer (OzoneContainer.java:startContainerScrub(327)) - Scheduled background container scanners and the on-demand container scanner have been disabled.
2023-07-16 18:57:07,253 [EndpointStateMachine task thread for /0.0.0.0:15002 - 0 ] INFO  replication.ReplicationServer (ReplicationServer.java:start(128)) - ReplicationServer is started using port 15061
2023-07-16 18:57:07,253 [EndpointStateMachine task thread for /0.0.0.0:15002 - 0 ] INFO  ratis.XceiverServerRatis (XceiverServerRatis.java:start(517)) - Starting XceiverServerRatis 0b1f3054-766a-487f-b63d-c6e216ac8926
2023-07-16 18:57:07,254 [EndpointStateMachine task thread for /0.0.0.0:15002 - 0 ] INFO  server.RaftServer (RaftServerProxy.java:startImpl(400)) - 0b1f3054-766a-487f-b63d-c6e216ac8926: start RPC server
2023-07-16 18:57:07,259 [EndpointStateMachine task thread for /0.0.0.0:15002 - 0 ] INFO  server.GrpcService (GrpcService.java:startImpl(302)) - 0b1f3054-766a-487f-b63d-c6e216ac8926: GrpcService started, listening on 15057
2023-07-16 18:57:07,275 [EndpointStateMachine task thread for /0.0.0.0:15002 - 0 ] INFO  server.GrpcService (GrpcService.java:startImpl(302)) - 0b1f3054-766a-487f-b63d-c6e216ac8926: GrpcService started, listening on 15059
2023-07-16 18:57:07,277 [EndpointStateMachine task thread for /0.0.0.0:15002 - 0 ] INFO  server.GrpcService (GrpcService.java:startImpl(302)) - 0b1f3054-766a-487f-b63d-c6e216ac8926: GrpcService started, listening on 15058
2023-07-16 18:57:07,282 [EndpointStateMachine task thread for /0.0.0.0:15002 - 0 ] INFO  ratis.XceiverServerRatis (XceiverServerRatis.java:getRealPort(543)) - XceiverServerRatis 0b1f3054-766a-487f-b63d-c6e216ac8926 is started using port 15057 for RATIS
2023-07-16 18:57:07,283 [EndpointStateMachine task thread for /0.0.0.0:15002 - 0 ] INFO  ratis.XceiverServerRatis (XceiverServerRatis.java:getRealPort(543)) - XceiverServerRatis 0b1f3054-766a-487f-b63d-c6e216ac8926 is started using port 15058 for RATIS_ADMIN
2023-07-16 18:57:07,283 [EndpointStateMachine task thread for /0.0.0.0:15002 - 0 ] INFO  ratis.XceiverServerRatis (XceiverServerRatis.java:getRealPort(543)) - XceiverServerRatis 0b1f3054-766a-487f-b63d-c6e216ac8926 is started using port 15059 for RATIS_SERVER
2023-07-16 18:57:07,283 [EndpointStateMachine task thread for /0.0.0.0:15002 - 0 ] INFO  ratis.XceiverServerRatis (XceiverServerRatis.java:getRealPort(543)) - XceiverServerRatis 0b1f3054-766a-487f-b63d-c6e216ac8926 is started using port 15060 for RATIS_DATASTREAM
2023-07-16 18:57:07,283 [JvmPauseMonitor7] INFO  util.JvmPauseMonitor (JvmPauseMonitor.java:run(103)) - JvmPauseMonitor-0b1f3054-766a-487f-b63d-c6e216ac8926: Started
2023-07-16 18:57:07,290 [BlockDeletingService#0] INFO  interfaces.ContainerDeletionChoosingPolicyTemplate (ContainerDeletionChoosingPolicyTemplate.java:chooseContainerForBlockDeletion(83)) - Chosen 0/5000 blocks from 0 candidate containers.
2023-07-16 18:57:07,325 [IPC Server handler 5 on default port 15002] INFO  net.NetworkTopologyImpl (NetworkTopologyImpl.java:add(112)) - Added a new node: /default-rack/0e76f3da-5374-4d3e-bc44-9848a147cb1b
2023-07-16 18:57:07,328 [IPC Server handler 5 on default port 15002] INFO  node.SCMNodeManager (SCMNodeManager.java:register(405)) - Registered Data node : 0e76f3da-5374-4d3e-bc44-9848a147cb1b{ip: 10.1.0.14, host: fv-az587-727.eelbpncqjxkupcyqmv043tjoah.jx.internal.cloudapp.net, ports: [HTTP=15009, CLIENT_RPC=15010, REPLICATION=15016, RATIS=15012, RATIS_ADMIN=15013, RATIS_SERVER=15014, RATIS_DATASTREAM=15015, STANDALONE=15011], networkLocation: /default-rack, certSerialId: null, persistedOpState: null, persistedOpStateExpiryEpochSec: 0}
2023-07-16 18:57:07,335 [EventQueue-NewNodeForNewNodeHandler] INFO  pipeline.BackgroundPipelineCreator (BackgroundPipelineCreator.java:notifyEventTriggered(277)) - trigger a one-shot run on RatisPipelineUtilsThread.
2023-07-16 18:57:07,357 [RatisPipelineUtilsThread - 0] INFO  pipeline.RatisPipelineProvider (RatisPipelineProvider.java:lambda$create$0(206)) - Sending CreatePipelineCommand for pipeline:PipelineID=1bbb3769-8918-43f5-bb14-d2f81e9815cc to datanode:0e76f3da-5374-4d3e-bc44-9848a147cb1b
2023-07-16 18:57:07,367 [EventQueue-NodeRegistrationContainerReportForContainerSafeModeRule] INFO  safemode.SCMSafeModeManager (SCMSafeModeManager.java:validateSafeModeExitRules(200)) - ContainerSafeModeRule rule is successfully validated
2023-07-16 18:57:07,374 [EventQueue-NodeRegistrationContainerReportForDataNodeSafeModeRule] INFO  safemode.SCMSafeModeManager (DataNodeSafeModeRule.java:process(71)) - SCM in safe mode. 1 DataNodes registered, 3 required.
2023-07-16 18:57:07,377 [EventQueue-PipelineReportForOneReplicaPipelineSafeModeRule] INFO  safemode.SCMSafeModeManager (SCMSafeModeManager.java:validateSafeModeExitRules(200)) - AtleastOneDatanodeReportedRule rule is successfully validated
2023-07-16 18:57:07,394 [RatisPipelineUtilsThread - 0] INFO  pipeline.BackgroundPipelineCreator (BackgroundPipelineCreator.java:createPipelines(233)) - Created new pipeline Pipeline[ Id: 1bbb3769-8918-43f5-bb14-d2f81e9815cc, Nodes: 0e76f3da-5374-4d3e-bc44-9848a147cb1b(fv-az587-727.eelbpncqjxkupcyqmv043tjoah.jx.internal.cloudapp.net/10.1.0.14), ReplicationConfig: RATIS/ONE, State:ALLOCATED, leaderId:, CreationTimestamp2023-07-16T18:57:07.356Z[Etc/UTC]]
2023-07-16 18:57:07,723 [EndpointStateMachine task thread for /0.0.0.0:15002 - 0 ] INFO  utils.DatanodeStoreCache (DatanodeStoreCache.java:addDB(66)) - Added db /home/runner/work/ozone/ozone/hadoop-ozone/integration-test/target/test-dir/MiniOzoneClusterImpl-8e52da8c-19f0-467e-9375-6950100829a3/datanode-6/data-0/containers/hdds/8e52da8c-19f0-467e-9375-6950100829a3/DS-f4f24ae6-2654-4b09-94be-6171f2e2739f/container.db to cache
2023-07-16 18:57:07,723 [EndpointStateMachine task thread for /0.0.0.0:15002 - 0 ] INFO  volume.HddsVolume (HddsVolume.java:createDbStore(422)) - SchemaV3 db is created and loaded at /home/runner/work/ozone/ozone/hadoop-ozone/integration-test/target/test-dir/MiniOzoneClusterImpl-8e52da8c-19f0-467e-9375-6950100829a3/datanode-6/data-0/containers/hdds/8e52da8c-19f0-467e-9375-6950100829a3/DS-f4f24ae6-2654-4b09-94be-6171f2e2739f/container.db for volume DS-f4f24ae6-2654-4b09-94be-6171f2e2739f
2023-07-16 18:57:07,724 [EndpointStateMachine task thread for /0.0.0.0:15002 - 0 ] INFO  ozoneimpl.OzoneContainer (OzoneContainer.java:start(419)) - Attempting to start container services.
2023-07-16 18:57:07,724 [EndpointStateMachine task thread for /0.0.0.0:15002 - 0 ] INFO  ozoneimpl.OzoneContainer (OzoneContainer.java:startContainerScrub(327)) - Scheduled background container scanners and the on-demand container scanner have been disabled.
2023-07-16 18:57:07,726 [EndpointStateMachine task thread for /0.0.0.0:15002 - 0 ] INFO  replication.ReplicationServer (ReplicationServer.java:start(128)) - ReplicationServer is started using port 15070
2023-07-16 18:57:07,726 [EndpointStateMachine task thread for /0.0.0.0:15002 - 0 ] INFO  ratis.XceiverServerRatis (XceiverServerRatis.java:start(517)) - Starting XceiverServerRatis 83d11254-7599-4cbf-9408-65e5a9156a74
2023-07-16 18:57:07,726 [EndpointStateMachine task thread for /0.0.0.0:15002 - 0 ] INFO  server.RaftServer (RaftServerProxy.java:startImpl(400)) - 83d11254-7599-4cbf-9408-65e5a9156a74: start RPC server
2023-07-16 18:57:07,728 [EndpointStateMachine task thread for /0.0.0.0:15002 - 0 ] INFO  server.GrpcService (GrpcService.java:startImpl(302)) - 83d11254-7599-4cbf-9408-65e5a9156a74: GrpcService started, listening on 15066
2023-07-16 18:57:07,729 [EndpointStateMachine task thread for /0.0.0.0:15002 - 0 ] INFO  server.GrpcService (GrpcService.java:startImpl(302)) - 83d11254-7599-4cbf-9408-65e5a9156a74: GrpcService started, listening on 15068
2023-07-16 18:57:07,730 [EndpointStateMachine task thread for /0.0.0.0:15002 - 0 ] INFO  server.GrpcService (GrpcService.java:startImpl(302)) - 83d11254-7599-4cbf-9408-65e5a9156a74: GrpcService started, listening on 15067
2023-07-16 18:57:07,730 [EndpointStateMachine task thread for /0.0.0.0:15002 - 0 ] INFO  ratis.XceiverServerRatis (XceiverServerRatis.java:getRealPort(543)) - XceiverServerRatis 83d11254-7599-4cbf-9408-65e5a9156a74 is started using port 15066 for RATIS
2023-07-16 18:57:07,730 [EndpointStateMachine task thread for /0.0.0.0:15002 - 0 ] INFO  ratis.XceiverServerRatis (XceiverServerRatis.java:getRealPort(543)) - XceiverServerRatis 83d11254-7599-4cbf-9408-65e5a9156a74 is started using port 15067 for RATIS_ADMIN
2023-07-16 18:57:07,730 [JvmPauseMonitor8] INFO  util.JvmPauseMonitor (JvmPauseMonitor.java:run(103)) - JvmPauseMonitor-83d11254-7599-4cbf-9408-65e5a9156a74: Started
2023-07-16 18:57:07,730 [EndpointStateMachine task thread for /0.0.0.0:15002 - 0 ] INFO  ratis.XceiverServerRatis (XceiverServerRatis.java:getRealPort(543)) - XceiverServerRatis 83d11254-7599-4cbf-9408-65e5a9156a74 is started using port 15068 for RATIS_SERVER
2023-07-16 18:57:07,731 [EndpointStateMachine task thread for /0.0.0.0:15002 - 0 ] INFO  ratis.XceiverServerRatis (XceiverServerRatis.java:getRealPort(543)) - XceiverServerRatis 83d11254-7599-4cbf-9408-65e5a9156a74 is started using port 15069 for RATIS_DATASTREAM
2023-07-16 18:57:07,736 [BlockDeletingService#0] INFO  interfaces.ContainerDeletionChoosingPolicyTemplate (ContainerDeletionChoosingPolicyTemplate.java:chooseContainerForBlockDeletion(83)) - Chosen 0/5000 blocks from 0 candidate containers.
2023-07-16 18:57:07,740 [IPC Server handler 8 on default port 15002] INFO  net.NetworkTopologyImpl (NetworkTopologyImpl.java:add(112)) - Added a new node: /default-rack/e061ba01-06b3-4f38-a151-c7c4cf78ce5a
2023-07-16 18:57:07,743 [IPC Server handler 8 on default port 15002] INFO  node.SCMNodeManager (SCMNodeManager.java:register(405)) - Registered Data node : e061ba01-06b3-4f38-a151-c7c4cf78ce5a{ip: 10.1.0.14, host: fv-az587-727.eelbpncqjxkupcyqmv043tjoah.jx.internal.cloudapp.net, ports: [HTTP=15018, CLIENT_RPC=15019, REPLICATION=15025, RATIS=15021, RATIS_ADMIN=15022, RATIS_SERVER=15023, RATIS_DATASTREAM=15024, STANDALONE=15020], networkLocation: /default-rack, certSerialId: null, persistedOpState: null, persistedOpStateExpiryEpochSec: 0}
2023-07-16 18:57:07,744 [EventQueue-NodeRegistrationContainerReportForDataNodeSafeModeRule] INFO  safemode.SCMSafeModeManager (DataNodeSafeModeRule.java:process(71)) - SCM in safe mode. 2 DataNodes registered, 3 required.
2023-07-16 18:57:07,744 [EventQueue-NewNodeForNewNodeHandler] INFO  pipeline.BackgroundPipelineCreator (BackgroundPipelineCreator.java:notifyEventTriggered(277)) - trigger a one-shot run on RatisPipelineUtilsThread.
2023-07-16 18:57:07,746 [RatisPipelineUtilsThread - 0] INFO  pipeline.RatisPipelineProvider (RatisPipelineProvider.java:lambda$create$0(206)) - Sending CreatePipelineCommand for pipeline:PipelineID=f450f055-a296-4477-9a04-9172e3d3c7d7 to datanode:e061ba01-06b3-4f38-a151-c7c4cf78ce5a
2023-07-16 18:57:07,747 [RatisPipelineUtilsThread - 0] INFO  pipeline.BackgroundPipelineCreator (BackgroundPipelineCreator.java:createPipelines(233)) - Created new pipeline Pipeline[ Id: f450f055-a296-4477-9a04-9172e3d3c7d7, Nodes: e061ba01-06b3-4f38-a151-c7c4cf78ce5a(fv-az587-727.eelbpncqjxkupcyqmv043tjoah.jx.internal.cloudapp.net/10.1.0.14), ReplicationConfig: RATIS/ONE, State:ALLOCATED, leaderId:, CreationTimestamp2023-07-16T18:57:07.746Z[Etc/UTC]]
2023-07-16 18:57:08,045 [main] INFO  ozone.MiniOzoneClusterImpl (MiniOzoneClusterImpl.java:lambda$waitForClusterToBeReady$0(224)) - Waiting for nodes to be ready. Got 2 of 10 DN Heartbeats.
2023-07-16 18:57:08,045 [main] INFO  ozone.MiniOzoneClusterImpl (MiniOzoneClusterImpl.java:lambda$waitForClusterToBeReady$0(227)) - Waiting for cluster to exit safe mode
2023-07-16 18:57:08,046 [main] INFO  ozone.MiniOzoneClusterImpl (MiniOzoneClusterImpl.java:lambda$waitForClusterToBeReady$0(229)) - SCM became leader
2023-07-16 18:57:08,061 [IPC Server handler 6 on default port 15002] INFO  net.NetworkTopologyImpl (NetworkTopologyImpl.java:add(112)) - Added a new node: /default-rack/c23d9737-c121-4244-9e77-c55c15e0a23c
2023-07-16 18:57:08,061 [IPC Server handler 6 on default port 15002] INFO  node.SCMNodeManager (SCMNodeManager.java:register(405)) - Registered Data node : c23d9737-c121-4244-9e77-c55c15e0a23c{ip: 10.1.0.14, host: fv-az587-727.eelbpncqjxkupcyqmv043tjoah.jx.internal.cloudapp.net, ports: [HTTP=15027, CLIENT_RPC=15028, REPLICATION=15034, RATIS=15030, RATIS_ADMIN=15031, RATIS_SERVER=15032, RATIS_DATASTREAM=15033, STANDALONE=15029], networkLocation: /default-rack, certSerialId: null, persistedOpState: null, persistedOpStateExpiryEpochSec: 0}
2023-07-16 18:57:08,061 [EventQueue-NewNodeForNewNodeHandler] INFO  pipeline.BackgroundPipelineCreator (BackgroundPipelineCreator.java:notifyEventTriggered(277)) - trigger a one-shot run on RatisPipelineUtilsThread.
2023-07-16 18:57:08,061 [EventQueue-NodeRegistrationContainerReportForDataNodeSafeModeRule] INFO  safemode.SCMSafeModeManager (DataNodeSafeModeRule.java:process(71)) - SCM in safe mode. 3 DataNodes registered, 3 required.
2023-07-16 18:57:08,062 [EventQueue-NodeRegistrationContainerReportForDataNodeSafeModeRule] INFO  safemode.SCMSafeModeManager (SCMSafeModeManager.java:validateSafeModeExitRules(200)) - DataNodeSafeModeRule rule is successfully validated
2023-07-16 18:57:08,063 [EventQueue-NodeRegistrationContainerReportForDataNodeSafeModeRule] INFO  safemode.SCMSafeModeManager (SCMSafeModeManager.java:completePreCheck(229)) - All SCM safe mode pre check rules have passed
2023-07-16 18:57:08,063 [EventQueue-NodeRegistrationContainerReportForDataNodeSafeModeRule] INFO  ha.SCMContext (SCMContext.java:updateSafeModeStatus(228)) - Update SafeModeStatus from SafeModeStatus{safeModeStatus=true, preCheckPassed=false} to SafeModeStatus{safeModeStatus=true, preCheckPassed=true}.
2023-07-16 18:57:08,063 [EventQueue-NodeRegistrationContainerReportForDataNodeSafeModeRule] INFO  pipeline.BackgroundPipelineCreator (BackgroundPipelineCreator.java:notifyEventTriggered(277)) - trigger a one-shot run on RatisPipelineUtilsThread.
2023-07-16 18:57:08,063 [RatisPipelineUtilsThread - 0] INFO  pipeline.RatisPipelineProvider (RatisPipelineProvider.java:lambda$create$0(206)) - Sending CreatePipelineCommand for pipeline:PipelineID=a0be9edf-cc92-42c3-b8f8-22273f6c5a48 to datanode:c23d9737-c121-4244-9e77-c55c15e0a23c
2023-07-16 18:57:08,064 [RatisPipelineUtilsThread - 0] INFO  pipeline.BackgroundPipelineCreator (BackgroundPipelineCreator.java:createPipelines(233)) - Created new pipeline Pipeline[ Id: a0be9edf-cc92-42c3-b8f8-22273f6c5a48, Nodes: c23d9737-c121-4244-9e77-c55c15e0a23c(fv-az587-727.eelbpncqjxkupcyqmv043tjoah.jx.internal.cloudapp.net/10.1.0.14), ReplicationConfig: RATIS/ONE, State:ALLOCATED, leaderId:, CreationTimestamp2023-07-16T18:57:08.063Z[Etc/UTC]]
2023-07-16 18:57:08,068 [RatisPipelineUtilsThread - 0] INFO  pipeline.RatisPipelineProvider (RatisPipelineProvider.java:lambda$create$0(206)) - Sending CreatePipelineCommand for pipeline:PipelineID=623028da-18e9-42af-b4e8-fa062bef04b9 to datanode:e061ba01-06b3-4f38-a151-c7c4cf78ce5a
2023-07-16 18:57:08,068 [RatisPipelineUtilsThread - 0] INFO  pipeline.RatisPipelineProvider (RatisPipelineProvider.java:lambda$create$0(206)) - Sending CreatePipelineCommand for pipeline:PipelineID=623028da-18e9-42af-b4e8-fa062bef04b9 to datanode:0e76f3da-5374-4d3e-bc44-9848a147cb1b
2023-07-16 18:57:08,068 [RatisPipelineUtilsThread - 0] INFO  pipeline.RatisPipelineProvider (RatisPipelineProvider.java:lambda$create$0(206)) - Sending CreatePipelineCommand for pipeline:PipelineID=623028da-18e9-42af-b4e8-fa062bef04b9 to datanode:c23d9737-c121-4244-9e77-c55c15e0a23c
2023-07-16 18:57:08,069 [RatisPipelineUtilsThread - 0] INFO  pipeline.BackgroundPipelineCreator (BackgroundPipelineCreator.java:createPipelines(233)) - Created new pipeline Pipeline[ Id: 623028da-18e9-42af-b4e8-fa062bef04b9, Nodes: e061ba01-06b3-4f38-a151-c7c4cf78ce5a(fv-az587-727.eelbpncqjxkupcyqmv043tjoah.jx.internal.cloudapp.net/10.1.0.14)0e76f3da-5374-4d3e-bc44-9848a147cb1b(fv-az587-727.eelbpncqjxkupcyqmv043tjoah.jx.internal.cloudapp.net/10.1.0.14)c23d9737-c121-4244-9e77-c55c15e0a23c(fv-az587-727.eelbpncqjxkupcyqmv043tjoah.jx.internal.cloudapp.net/10.1.0.14), ReplicationConfig: RATIS/THREE, State:ALLOCATED, leaderId:, CreationTimestamp2023-07-16T18:57:08.068Z[Etc/UTC]]
2023-07-16 18:57:08,070 [RatisPipelineUtilsThread - 0] INFO  pipeline.RatisPipelineProvider (RatisPipelineProvider.java:lambda$create$0(206)) - Sending CreatePipelineCommand for pipeline:PipelineID=ad28fbcc-3ba8-4a13-af59-5330b41cc205 to datanode:c23d9737-c121-4244-9e77-c55c15e0a23c
2023-07-16 18:57:08,070 [RatisPipelineUtilsThread - 0] INFO  pipeline.RatisPipelineProvider (RatisPipelineProvider.java:lambda$create$0(206)) - Sending CreatePipelineCommand for pipeline:PipelineID=ad28fbcc-3ba8-4a13-af59-5330b41cc205 to datanode:0e76f3da-5374-4d3e-bc44-9848a147cb1b
2023-07-16 18:57:08,071 [RatisPipelineUtilsThread - 0] INFO  pipeline.RatisPipelineProvider (RatisPipelineProvider.java:lambda$create$0(206)) - Sending CreatePipelineCommand for pipeline:PipelineID=ad28fbcc-3ba8-4a13-af59-5330b41cc205 to datanode:e061ba01-06b3-4f38-a151-c7c4cf78ce5a
2023-07-16 18:57:08,072 [RatisPipelineUtilsThread - 0] INFO  pipeline.PipelineManagerImpl (PipelineManagerImpl.java:recordMetricsForPipeline(895)) - Pipeline: PipelineID=ad28fbcc-3ba8-4a13-af59-5330b41cc205 contains same datanodes as previous pipelines: PipelineID=623028da-18e9-42af-b4e8-fa062bef04b9 nodeIds: c23d9737-c121-4244-9e77-c55c15e0a23c, 0e76f3da-5374-4d3e-bc44-9848a147cb1b, e061ba01-06b3-4f38-a151-c7c4cf78ce5a
2023-07-16 18:57:08,072 [RatisPipelineUtilsThread - 0] INFO  pipeline.BackgroundPipelineCreator (BackgroundPipelineCreator.java:createPipelines(233)) - Created new pipeline Pipeline[ Id: ad28fbcc-3ba8-4a13-af59-5330b41cc205, Nodes: c23d9737-c121-4244-9e77-c55c15e0a23c(fv-az587-727.eelbpncqjxkupcyqmv043tjoah.jx.internal.cloudapp.net/10.1.0.14)0e76f3da-5374-4d3e-bc44-9848a147cb1b(fv-az587-727.eelbpncqjxkupcyqmv043tjoah.jx.internal.cloudapp.net/10.1.0.14)e061ba01-06b3-4f38-a151-c7c4cf78ce5a(fv-az587-727.eelbpncqjxkupcyqmv043tjoah.jx.internal.cloudapp.net/10.1.0.14), ReplicationConfig: RATIS/THREE, State:ALLOCATED, leaderId:, CreationTimestamp2023-07-16T18:57:08.070Z[Etc/UTC]]
2023-07-16 18:57:08,072 [RatisPipelineUtilsThread - 0] WARN  pipeline.PipelinePlacementPolicy (PipelinePlacementPolicy.java:filterViableNodes(166)) - Pipeline creation failed due to no sufficient healthy datanodes. Required 3. Found 0. Excluded 3.
2023-07-16 18:57:08,187 [EndpointStateMachine task thread for /0.0.0.0:15002 - 0 ] INFO  utils.DatanodeStoreCache (DatanodeStoreCache.java:addDB(66)) - Added db /home/runner/work/ozone/ozone/hadoop-ozone/integration-test/target/test-dir/MiniOzoneClusterImpl-8e52da8c-19f0-467e-9375-6950100829a3/datanode-7/data-0/containers/hdds/8e52da8c-19f0-467e-9375-6950100829a3/DS-9ac97700-0eee-4e57-a97c-8323d74d1998/container.db to cache
2023-07-16 18:57:08,189 [EndpointStateMachine task thread for /0.0.0.0:15002 - 0 ] INFO  volume.HddsVolume (HddsVolume.java:createDbStore(422)) - SchemaV3 db is created and loaded at /home/runner/work/ozone/ozone/hadoop-ozone/integration-test/target/test-dir/MiniOzoneClusterImpl-8e52da8c-19f0-467e-9375-6950100829a3/datanode-7/data-0/containers/hdds/8e52da8c-19f0-467e-9375-6950100829a3/DS-9ac97700-0eee-4e57-a97c-8323d74d1998/container.db for volume DS-9ac97700-0eee-4e57-a97c-8323d74d1998
2023-07-16 18:57:08,189 [EndpointStateMachine task thread for /0.0.0.0:15002 - 0 ] INFO  ozoneimpl.OzoneContainer (OzoneContainer.java:start(419)) - Attempting to start container services.
2023-07-16 18:57:08,189 [EndpointStateMachine task thread for /0.0.0.0:15002 - 0 ] INFO  ozoneimpl.OzoneContainer (OzoneContainer.java:startContainerScrub(327)) - Scheduled background container scanners and the on-demand container scanner have been disabled.
2023-07-16 18:57:08,191 [EndpointStateMachine task thread for /0.0.0.0:15002 - 0 ] INFO  replication.ReplicationServer (ReplicationServer.java:start(128)) - ReplicationServer is started using port 15079
2023-07-16 18:57:08,191 [EndpointStateMachine task thread for /0.0.0.0:15002 - 0 ] INFO  ratis.XceiverServerRatis (XceiverServerRatis.java:start(517)) - Starting XceiverServerRatis 2d677a35-33b0-4d15-8cfd-318274acedab
2023-07-16 18:57:08,191 [EndpointStateMachine task thread for /0.0.0.0:15002 - 0 ] INFO  server.RaftServer (RaftServerProxy.java:startImpl(400)) - 2d677a35-33b0-4d15-8cfd-318274acedab: start RPC server
2023-07-16 18:57:08,193 [EndpointStateMachine task thread for /0.0.0.0:15002 - 0 ] INFO  server.GrpcService (GrpcService.java:startImpl(302)) - 2d677a35-33b0-4d15-8cfd-318274acedab: GrpcService started, listening on 15075
2023-07-16 18:57:08,193 [EndpointStateMachine task thread for /0.0.0.0:15002 - 0 ] INFO  server.GrpcService (GrpcService.java:startImpl(302)) - 2d677a35-33b0-4d15-8cfd-318274acedab: GrpcService started, listening on 15077
2023-07-16 18:57:08,196 [EndpointStateMachine task thread for /0.0.0.0:15002 - 0 ] INFO  server.GrpcService (GrpcService.java:startImpl(302)) - 2d677a35-33b0-4d15-8cfd-318274acedab: GrpcService started, listening on 15076
2023-07-16 18:57:08,197 [EndpointStateMachine task thread for /0.0.0.0:15002 - 0 ] INFO  ratis.XceiverServerRatis (XceiverServerRatis.java:getRealPort(543)) - XceiverServerRatis 2d677a35-33b0-4d15-8cfd-318274acedab is started using port 15075 for RATIS
2023-07-16 18:57:08,197 [EndpointStateMachine task thread for /0.0.0.0:15002 - 0 ] INFO  ratis.XceiverServerRatis (XceiverServerRatis.java:getRealPort(543)) - XceiverServerRatis 2d677a35-33b0-4d15-8cfd-318274acedab is started using port 15076 for RATIS_ADMIN
2023-07-16 18:57:08,197 [JvmPauseMonitor9] INFO  util.JvmPauseMonitor (JvmPauseMonitor.java:run(103)) - JvmPauseMonitor-2d677a35-33b0-4d15-8cfd-318274acedab: Started
2023-07-16 18:57:08,197 [EndpointStateMachine task thread for /0.0.0.0:15002 - 0 ] INFO  ratis.XceiverServerRatis (XceiverServerRatis.java:getRealPort(543)) - XceiverServerRatis 2d677a35-33b0-4d15-8cfd-318274acedab is started using port 15077 for RATIS_SERVER
2023-07-16 18:57:08,197 [EndpointStateMachine task thread for /0.0.0.0:15002 - 0 ] INFO  ratis.XceiverServerRatis (XceiverServerRatis.java:getRealPort(543)) - XceiverServerRatis 2d677a35-33b0-4d15-8cfd-318274acedab is started using port 15078 for RATIS_DATASTREAM
2023-07-16 18:57:08,198 [BlockDeletingService#0] INFO  interfaces.ContainerDeletionChoosingPolicyTemplate (ContainerDeletionChoosingPolicyTemplate.java:chooseContainerForBlockDeletion(83)) - Chosen 0/5000 blocks from 0 candidate containers.
2023-07-16 18:57:08,431 [IPC Server handler 0 on default port 15002] INFO  net.NetworkTopologyImpl (NetworkTopologyImpl.java:add(112)) - Added a new node: /default-rack/262e2cc5-1901-4d20-b00f-c120f2342a1b
2023-07-16 18:57:08,431 [IPC Server handler 0 on default port 15002] INFO  node.SCMNodeManager (SCMNodeManager.java:register(405)) - Registered Data node : 262e2cc5-1901-4d20-b00f-c120f2342a1b{ip: 10.1.0.14, host: fv-az587-727.eelbpncqjxkupcyqmv043tjoah.jx.internal.cloudapp.net, ports: [HTTP=15036, CLIENT_RPC=15037, REPLICATION=15043, RATIS=15039, RATIS_ADMIN=15040, RATIS_SERVER=15041, RATIS_DATASTREAM=15042, STANDALONE=15038], networkLocation: /default-rack, certSerialId: null, persistedOpState: null, persistedOpStateExpiryEpochSec: 0}
2023-07-16 18:57:08,432 [EventQueue-NewNodeForNewNodeHandler] INFO  pipeline.BackgroundPipelineCreator (BackgroundPipelineCreator.java:notifyEventTriggered(277)) - trigger a one-shot run on RatisPipelineUtilsThread.
2023-07-16 18:57:08,434 [RatisPipelineUtilsThread - 0] INFO  pipeline.RatisPipelineProvider (RatisPipelineProvider.java:lambda$create$0(206)) - Sending CreatePipelineCommand for pipeline:PipelineID=f1812f62-89a5-4202-a8b1-a58c9c2b4a74 to datanode:262e2cc5-1901-4d20-b00f-c120f2342a1b
2023-07-16 18:57:08,436 [RatisPipelineUtilsThread - 0] INFO  pipeline.BackgroundPipelineCreator (BackgroundPipelineCreator.java:createPipelines(233)) - Created new pipeline Pipeline[ Id: f1812f62-89a5-4202-a8b1-a58c9c2b4a74, Nodes: 262e2cc5-1901-4d20-b00f-c120f2342a1b(fv-az587-727.eelbpncqjxkupcyqmv043tjoah.jx.internal.cloudapp.net/10.1.0.14), ReplicationConfig: RATIS/ONE, State:ALLOCATED, leaderId:, CreationTimestamp2023-07-16T18:57:08.434Z[Etc/UTC]]
2023-07-16 18:57:08,436 [RatisPipelineUtilsThread - 0] WARN  pipeline.PipelinePlacementPolicy (PipelinePlacementPolicy.java:filterViableNodes(166)) - Pipeline creation failed due to no sufficient healthy datanodes. Required 3. Found 1. Excluded 3.
2023-07-16 18:57:08,717 [EndpointStateMachine task thread for /0.0.0.0:15002 - 0 ] INFO  utils.DatanodeStoreCache (DatanodeStoreCache.java:addDB(66)) - Added db /home/runner/work/ozone/ozone/hadoop-ozone/integration-test/target/test-dir/MiniOzoneClusterImpl-8e52da8c-19f0-467e-9375-6950100829a3/datanode-8/data-0/containers/hdds/8e52da8c-19f0-467e-9375-6950100829a3/DS-2a44c395-b8ad-4abd-8f70-227754032317/container.db to cache
2023-07-16 18:57:08,717 [EndpointStateMachine task thread for /0.0.0.0:15002 - 0 ] INFO  volume.HddsVolume (HddsVolume.java:createDbStore(422)) - SchemaV3 db is created and loaded at /home/runner/work/ozone/ozone/hadoop-ozone/integration-test/target/test-dir/MiniOzoneClusterImpl-8e52da8c-19f0-467e-9375-6950100829a3/datanode-8/data-0/containers/hdds/8e52da8c-19f0-467e-9375-6950100829a3/DS-2a44c395-b8ad-4abd-8f70-227754032317/container.db for volume DS-2a44c395-b8ad-4abd-8f70-227754032317
2023-07-16 18:57:08,718 [EndpointStateMachine task thread for /0.0.0.0:15002 - 0 ] INFO  ozoneimpl.OzoneContainer (OzoneContainer.java:start(419)) - Attempting to start container services.
2023-07-16 18:57:08,718 [EndpointStateMachine task thread for /0.0.0.0:15002 - 0 ] INFO  ozoneimpl.OzoneContainer (OzoneContainer.java:startContainerScrub(327)) - Scheduled background container scanners and the on-demand container scanner have been disabled.
2023-07-16 18:57:08,718 [EndpointStateMachine task thread for /0.0.0.0:15002 - 0 ] INFO  replication.ReplicationServer (ReplicationServer.java:start(128)) - ReplicationServer is started using port 15088
2023-07-16 18:57:08,719 [EndpointStateMachine task thread for /0.0.0.0:15002 - 0 ] INFO  ratis.XceiverServerRatis (XceiverServerRatis.java:start(517)) - Starting XceiverServerRatis 6a04ed34-8094-474b-9acd-b8edff3f6d46
2023-07-16 18:57:08,737 [EndpointStateMachine task thread for /0.0.0.0:15002 - 0 ] INFO  server.RaftServer (RaftServerProxy.java:startImpl(400)) - 6a04ed34-8094-474b-9acd-b8edff3f6d46: start RPC server
2023-07-16 18:57:08,751 [IPC Server handler 6 on default port 15002] INFO  net.NetworkTopologyImpl (NetworkTopologyImpl.java:add(112)) - Added a new node: /default-rack/9a50ebc8-888b-4605-8efe-fc16cf713d78
2023-07-16 18:57:08,751 [IPC Server handler 6 on default port 15002] INFO  node.SCMNodeManager (SCMNodeManager.java:register(405)) - Registered Data node : 9a50ebc8-888b-4605-8efe-fc16cf713d78{ip: 10.1.0.14, host: fv-az587-727.eelbpncqjxkupcyqmv043tjoah.jx.internal.cloudapp.net, ports: [HTTP=15045, CLIENT_RPC=15046, REPLICATION=15052, RATIS=15048, RATIS_ADMIN=15049, RATIS_SERVER=15050, RATIS_DATASTREAM=15051, STANDALONE=15047], networkLocation: /default-rack, certSerialId: null, persistedOpState: null, persistedOpStateExpiryEpochSec: 0}
2023-07-16 18:57:08,752 [EventQueue-NewNodeForNewNodeHandler] INFO  pipeline.BackgroundPipelineCreator (BackgroundPipelineCreator.java:notifyEventTriggered(277)) - trigger a one-shot run on RatisPipelineUtilsThread.
2023-07-16 18:57:08,752 [RatisPipelineUtilsThread - 0] INFO  pipeline.RatisPipelineProvider (RatisPipelineProvider.java:lambda$create$0(206)) - Sending CreatePipelineCommand for pipeline:PipelineID=e3e3f43b-5dae-48cf-97e3-3e6d570fd02e to datanode:9a50ebc8-888b-4605-8efe-fc16cf713d78
2023-07-16 18:57:08,754 [EndpointStateMachine task thread for /0.0.0.0:15002 - 0 ] INFO  server.GrpcService (GrpcService.java:startImpl(302)) - 6a04ed34-8094-474b-9acd-b8edff3f6d46: GrpcService started, listening on 15084
2023-07-16 18:57:08,755 [EndpointStateMachine task thread for /0.0.0.0:15002 - 0 ] INFO  server.GrpcService (GrpcService.java:startImpl(302)) - 6a04ed34-8094-474b-9acd-b8edff3f6d46: GrpcService started, listening on 15086
2023-07-16 18:57:08,755 [RatisPipelineUtilsThread - 0] INFO  pipeline.BackgroundPipelineCreator (BackgroundPipelineCreator.java:createPipelines(233)) - Created new pipeline Pipeline[ Id: e3e3f43b-5dae-48cf-97e3-3e6d570fd02e, Nodes: 9a50ebc8-888b-4605-8efe-fc16cf713d78(fv-az587-727.eelbpncqjxkupcyqmv043tjoah.jx.internal.cloudapp.net/10.1.0.14), ReplicationConfig: RATIS/ONE, State:ALLOCATED, leaderId:, CreationTimestamp2023-07-16T18:57:08.752Z[Etc/UTC]]
2023-07-16 18:57:08,755 [RatisPipelineUtilsThread - 0] WARN  pipeline.PipelinePlacementPolicy (PipelinePlacementPolicy.java:filterViableNodes(166)) - Pipeline creation failed due to no sufficient healthy datanodes. Required 3. Found 2. Excluded 3.
2023-07-16 18:57:08,756 [EndpointStateMachine task thread for /0.0.0.0:15002 - 0 ] INFO  server.GrpcService (GrpcService.java:startImpl(302)) - 6a04ed34-8094-474b-9acd-b8edff3f6d46: GrpcService started, listening on 15085
2023-07-16 18:57:08,756 [EndpointStateMachine task thread for /0.0.0.0:15002 - 0 ] INFO  ratis.XceiverServerRatis (XceiverServerRatis.java:getRealPort(543)) - XceiverServerRatis 6a04ed34-8094-474b-9acd-b8edff3f6d46 is started using port 15084 for RATIS
2023-07-16 18:57:08,756 [EndpointStateMachine task thread for /0.0.0.0:15002 - 0 ] INFO  ratis.XceiverServerRatis (XceiverServerRatis.java:getRealPort(543)) - XceiverServerRatis 6a04ed34-8094-474b-9acd-b8edff3f6d46 is started using port 15085 for RATIS_ADMIN
2023-07-16 18:57:08,756 [JvmPauseMonitor10] INFO  util.JvmPauseMonitor (JvmPauseMonitor.java:run(103)) - JvmPauseMonitor-6a04ed34-8094-474b-9acd-b8edff3f6d46: Started
2023-07-16 18:57:08,756 [EndpointStateMachine task thread for /0.0.0.0:15002 - 0 ] INFO  ratis.XceiverServerRatis (XceiverServerRatis.java:getRealPort(543)) - XceiverServerRatis 6a04ed34-8094-474b-9acd-b8edff3f6d46 is started using port 15086 for RATIS_SERVER
2023-07-16 18:57:08,756 [EndpointStateMachine task thread for /0.0.0.0:15002 - 0 ] INFO  ratis.XceiverServerRatis (XceiverServerRatis.java:getRealPort(543)) - XceiverServerRatis 6a04ed34-8094-474b-9acd-b8edff3f6d46 is started using port 15087 for RATIS_DATASTREAM
2023-07-16 18:57:08,758 [BlockDeletingService#0] INFO  interfaces.ContainerDeletionChoosingPolicyTemplate (ContainerDeletionChoosingPolicyTemplate.java:chooseContainerForBlockDeletion(83)) - Chosen 0/5000 blocks from 0 candidate containers.
2023-07-16 18:57:09,046 [main] INFO  ozone.MiniOzoneClusterImpl (MiniOzoneClusterImpl.java:lambda$waitForClusterToBeReady$0(224)) - Waiting for nodes to be ready. Got 5 of 10 DN Heartbeats.
2023-07-16 18:57:09,046 [main] INFO  ozone.MiniOzoneClusterImpl (MiniOzoneClusterImpl.java:lambda$waitForClusterToBeReady$0(227)) - Waiting for cluster to exit safe mode
2023-07-16 18:57:09,046 [main] INFO  ozone.MiniOzoneClusterImpl (MiniOzoneClusterImpl.java:lambda$waitForClusterToBeReady$0(229)) - SCM became leader
2023-07-16 18:57:09,081 [EndpointStateMachine task thread for /0.0.0.0:15002 - 0 ] INFO  utils.DatanodeStoreCache (DatanodeStoreCache.java:addDB(66)) - Added db /home/runner/work/ozone/ozone/hadoop-ozone/integration-test/target/test-dir/MiniOzoneClusterImpl-8e52da8c-19f0-467e-9375-6950100829a3/datanode-9/data-0/containers/hdds/8e52da8c-19f0-467e-9375-6950100829a3/DS-621b63c9-0557-440d-bff1-d5213dd13ad8/container.db to cache
2023-07-16 18:57:09,081 [EndpointStateMachine task thread for /0.0.0.0:15002 - 0 ] INFO  volume.HddsVolume (HddsVolume.java:createDbStore(422)) - SchemaV3 db is created and loaded at /home/runner/work/ozone/ozone/hadoop-ozone/integration-test/target/test-dir/MiniOzoneClusterImpl-8e52da8c-19f0-467e-9375-6950100829a3/datanode-9/data-0/containers/hdds/8e52da8c-19f0-467e-9375-6950100829a3/DS-621b63c9-0557-440d-bff1-d5213dd13ad8/container.db for volume DS-621b63c9-0557-440d-bff1-d5213dd13ad8
2023-07-16 18:57:09,082 [EndpointStateMachine task thread for /0.0.0.0:15002 - 0 ] INFO  ozoneimpl.OzoneContainer (OzoneContainer.java:start(419)) - Attempting to start container services.
2023-07-16 18:57:09,082 [EndpointStateMachine task thread for /0.0.0.0:15002 - 0 ] INFO  ozoneimpl.OzoneContainer (OzoneContainer.java:startContainerScrub(327)) - Scheduled background container scanners and the on-demand container scanner have been disabled.
2023-07-16 18:57:09,083 [EndpointStateMachine task thread for /0.0.0.0:15002 - 0 ] INFO  replication.ReplicationServer (ReplicationServer.java:start(128)) - ReplicationServer is started using port 15097
2023-07-16 18:57:09,083 [EndpointStateMachine task thread for /0.0.0.0:15002 - 0 ] INFO  ratis.XceiverServerRatis (XceiverServerRatis.java:start(517)) - Starting XceiverServerRatis 7fbcf281-0606-4cdd-9e49-7a456e1aa2a0
2023-07-16 18:57:09,083 [EndpointStateMachine task thread for /0.0.0.0:15002 - 0 ] INFO  server.RaftServer (RaftServerProxy.java:startImpl(400)) - 7fbcf281-0606-4cdd-9e49-7a456e1aa2a0: start RPC server
2023-07-16 18:57:09,084 [EndpointStateMachine task thread for /0.0.0.0:15002 - 0 ] INFO  server.GrpcService (GrpcService.java:startImpl(302)) - 7fbcf281-0606-4cdd-9e49-7a456e1aa2a0: GrpcService started, listening on 15093
2023-07-16 18:57:09,085 [EndpointStateMachine task thread for /0.0.0.0:15002 - 0 ] INFO  server.GrpcService (GrpcService.java:startImpl(302)) - 7fbcf281-0606-4cdd-9e49-7a456e1aa2a0: GrpcService started, listening on 15095
2023-07-16 18:57:09,085 [EndpointStateMachine task thread for /0.0.0.0:15002 - 0 ] INFO  server.GrpcService (GrpcService.java:startImpl(302)) - 7fbcf281-0606-4cdd-9e49-7a456e1aa2a0: GrpcService started, listening on 15094
2023-07-16 18:57:09,086 [EndpointStateMachine task thread for /0.0.0.0:15002 - 0 ] INFO  ratis.XceiverServerRatis (XceiverServerRatis.java:getRealPort(543)) - XceiverServerRatis 7fbcf281-0606-4cdd-9e49-7a456e1aa2a0 is started using port 15093 for RATIS
2023-07-16 18:57:09,086 [EndpointStateMachine task thread for /0.0.0.0:15002 - 0 ] INFO  ratis.XceiverServerRatis (XceiverServerRatis.java:getRealPort(543)) - XceiverServerRatis 7fbcf281-0606-4cdd-9e49-7a456e1aa2a0 is started using port 15094 for RATIS_ADMIN
2023-07-16 18:57:09,086 [EndpointStateMachine task thread for /0.0.0.0:15002 - 0 ] INFO  ratis.XceiverServerRatis (XceiverServerRatis.java:getRealPort(543)) - XceiverServerRatis 7fbcf281-0606-4cdd-9e49-7a456e1aa2a0 is started using port 15095 for RATIS_SERVER
2023-07-16 18:57:09,086 [EndpointStateMachine task thread for /0.0.0.0:15002 - 0 ] INFO  ratis.XceiverServerRatis (XceiverServerRatis.java:getRealPort(543)) - XceiverServerRatis 7fbcf281-0606-4cdd-9e49-7a456e1aa2a0 is started using port 15096 for RATIS_DATASTREAM
2023-07-16 18:57:09,086 [JvmPauseMonitor11] INFO  util.JvmPauseMonitor (JvmPauseMonitor.java:run(103)) - JvmPauseMonitor-7fbcf281-0606-4cdd-9e49-7a456e1aa2a0: Started
2023-07-16 18:57:09,095 [BlockDeletingService#0] INFO  interfaces.ContainerDeletionChoosingPolicyTemplate (ContainerDeletionChoosingPolicyTemplate.java:chooseContainerForBlockDeletion(83)) - Chosen 0/5000 blocks from 0 candidate containers.
2023-07-16 18:57:09,218 [IPC Server handler 4 on default port 15002] INFO  net.NetworkTopologyImpl (NetworkTopologyImpl.java:add(112)) - Added a new node: /default-rack/0b1f3054-766a-487f-b63d-c6e216ac8926
2023-07-16 18:57:09,218 [IPC Server handler 4 on default port 15002] INFO  node.SCMNodeManager (SCMNodeManager.java:register(405)) - Registered Data node : 0b1f3054-766a-487f-b63d-c6e216ac8926{ip: 10.1.0.14, host: fv-az587-727.eelbpncqjxkupcyqmv043tjoah.jx.internal.cloudapp.net, ports: [HTTP=15054, CLIENT_RPC=15055, REPLICATION=15061, RATIS=15057, RATIS_ADMIN=15058, RATIS_SERVER=15059, RATIS_DATASTREAM=15060, STANDALONE=15056], networkLocation: /default-rack, certSerialId: null, persistedOpState: null, persistedOpStateExpiryEpochSec: 0}
2023-07-16 18:57:09,219 [EventQueue-NewNodeForNewNodeHandler] INFO  pipeline.BackgroundPipelineCreator (BackgroundPipelineCreator.java:notifyEventTriggered(277)) - trigger a one-shot run on RatisPipelineUtilsThread.
2023-07-16 18:57:09,219 [RatisPipelineUtilsThread - 0] INFO  pipeline.RatisPipelineProvider (RatisPipelineProvider.java:lambda$create$0(206)) - Sending CreatePipelineCommand for pipeline:PipelineID=1b43ab8b-e29b-44cb-8908-3e4d33d197c0 to datanode:0b1f3054-766a-487f-b63d-c6e216ac8926
2023-07-16 18:57:09,222 [RatisPipelineUtilsThread - 0] INFO  pipeline.BackgroundPipelineCreator (BackgroundPipelineCreator.java:createPipelines(233)) - Created new pipeline Pipeline[ Id: 1b43ab8b-e29b-44cb-8908-3e4d33d197c0, Nodes: 0b1f3054-766a-487f-b63d-c6e216ac8926(fv-az587-727.eelbpncqjxkupcyqmv043tjoah.jx.internal.cloudapp.net/10.1.0.14), ReplicationConfig: RATIS/ONE, State:ALLOCATED, leaderId:, CreationTimestamp2023-07-16T18:57:09.219Z[Etc/UTC]]
2023-07-16 18:57:09,223 [RatisPipelineUtilsThread - 0] INFO  pipeline.RatisPipelineProvider (RatisPipelineProvider.java:lambda$create$0(206)) - Sending CreatePipelineCommand for pipeline:PipelineID=90836b84-b0b2-4deb-a2da-0f5175baafbd to datanode:262e2cc5-1901-4d20-b00f-c120f2342a1b
2023-07-16 18:57:09,223 [RatisPipelineUtilsThread - 0] INFO  pipeline.RatisPipelineProvider (RatisPipelineProvider.java:lambda$create$0(206)) - Sending CreatePipelineCommand for pipeline:PipelineID=90836b84-b0b2-4deb-a2da-0f5175baafbd to datanode:9a50ebc8-888b-4605-8efe-fc16cf713d78
2023-07-16 18:57:09,224 [RatisPipelineUtilsThread - 0] INFO  pipeline.RatisPipelineProvider (RatisPipelineProvider.java:lambda$create$0(206)) - Sending CreatePipelineCommand for pipeline:PipelineID=90836b84-b0b2-4deb-a2da-0f5175baafbd to datanode:0b1f3054-766a-487f-b63d-c6e216ac8926
2023-07-16 18:57:09,225 [RatisPipelineUtilsThread - 0] INFO  pipeline.BackgroundPipelineCreator (BackgroundPipelineCreator.java:createPipelines(233)) - Created new pipeline Pipeline[ Id: 90836b84-b0b2-4deb-a2da-0f5175baafbd, Nodes: 262e2cc5-1901-4d20-b00f-c120f2342a1b(fv-az587-727.eelbpncqjxkupcyqmv043tjoah.jx.internal.cloudapp.net/10.1.0.14)9a50ebc8-888b-4605-8efe-fc16cf713d78(fv-az587-727.eelbpncqjxkupcyqmv043tjoah.jx.internal.cloudapp.net/10.1.0.14)0b1f3054-766a-487f-b63d-c6e216ac8926(fv-az587-727.eelbpncqjxkupcyqmv043tjoah.jx.internal.cloudapp.net/10.1.0.14), ReplicationConfig: RATIS/THREE, State:ALLOCATED, leaderId:, CreationTimestamp2023-07-16T18:57:09.223Z[Etc/UTC]]
2023-07-16 18:57:09,225 [RatisPipelineUtilsThread - 0] INFO  pipeline.RatisPipelineProvider (RatisPipelineProvider.java:lambda$create$0(206)) - Sending CreatePipelineCommand for pipeline:PipelineID=a02033fd-bff8-494c-aa9b-49059d15333a to datanode:0b1f3054-766a-487f-b63d-c6e216ac8926
2023-07-16 18:57:09,226 [RatisPipelineUtilsThread - 0] INFO  pipeline.RatisPipelineProvider (RatisPipelineProvider.java:lambda$create$0(206)) - Sending CreatePipelineCommand for pipeline:PipelineID=a02033fd-bff8-494c-aa9b-49059d15333a to datanode:9a50ebc8-888b-4605-8efe-fc16cf713d78
2023-07-16 18:57:09,226 [RatisPipelineUtilsThread - 0] INFO  pipeline.RatisPipelineProvider (RatisPipelineProvider.java:lambda$create$0(206)) - Sending CreatePipelineCommand for pipeline:PipelineID=a02033fd-bff8-494c-aa9b-49059d15333a to datanode:262e2cc5-1901-4d20-b00f-c120f2342a1b
2023-07-16 18:57:09,227 [RatisPipelineUtilsThread - 0] INFO  pipeline.PipelineManagerImpl (PipelineManagerImpl.java:recordMetricsForPipeline(895)) - Pipeline: PipelineID=a02033fd-bff8-494c-aa9b-49059d15333a contains same datanodes as previous pipelines: PipelineID=90836b84-b0b2-4deb-a2da-0f5175baafbd nodeIds: 0b1f3054-766a-487f-b63d-c6e216ac8926, 9a50ebc8-888b-4605-8efe-fc16cf713d78, 262e2cc5-1901-4d20-b00f-c120f2342a1b
2023-07-16 18:57:09,227 [RatisPipelineUtilsThread - 0] INFO  pipeline.BackgroundPipelineCreator (BackgroundPipelineCreator.java:createPipelines(233)) - Created new pipeline Pipeline[ Id: a02033fd-bff8-494c-aa9b-49059d15333a, Nodes: 0b1f3054-766a-487f-b63d-c6e216ac8926(fv-az587-727.eelbpncqjxkupcyqmv043tjoah.jx.internal.cloudapp.net/10.1.0.14)9a50ebc8-888b-4605-8efe-fc16cf713d78(fv-az587-727.eelbpncqjxkupcyqmv043tjoah.jx.internal.cloudapp.net/10.1.0.14)262e2cc5-1901-4d20-b00f-c120f2342a1b(fv-az587-727.eelbpncqjxkupcyqmv043tjoah.jx.internal.cloudapp.net/10.1.0.14), ReplicationConfig: RATIS/THREE, State:ALLOCATED, leaderId:, CreationTimestamp2023-07-16T18:57:09.225Z[Etc/UTC]]
2023-07-16 18:57:09,227 [RatisPipelineUtilsThread - 0] WARN  pipeline.PipelinePlacementPolicy (PipelinePlacementPolicy.java:filterViableNodes(166)) - Pipeline creation failed due to no sufficient healthy datanodes. Required 3. Found 0. Excluded 6.
2023-07-16 18:57:09,693 [IPC Server handler 8 on default port 15002] INFO  net.NetworkTopologyImpl (NetworkTopologyImpl.java:add(112)) - Added a new node: /default-rack/83d11254-7599-4cbf-9408-65e5a9156a74
2023-07-16 18:57:09,694 [IPC Server handler 8 on default port 15002] INFO  node.SCMNodeManager (SCMNodeManager.java:register(405)) - Registered Data node : 83d11254-7599-4cbf-9408-65e5a9156a74{ip: 10.1.0.14, host: fv-az587-727.eelbpncqjxkupcyqmv043tjoah.jx.internal.cloudapp.net, ports: [HTTP=15063, CLIENT_RPC=15064, REPLICATION=15070, RATIS=15066, RATIS_ADMIN=15067, RATIS_SERVER=15068, RATIS_DATASTREAM=15069, STANDALONE=15065], networkLocation: /default-rack, certSerialId: null, persistedOpState: null, persistedOpStateExpiryEpochSec: 0}
2023-07-16 18:57:09,695 [EventQueue-NewNodeForNewNodeHandler] INFO  pipeline.BackgroundPipelineCreator (BackgroundPipelineCreator.java:notifyEventTriggered(277)) - trigger a one-shot run on RatisPipelineUtilsThread.
2023-07-16 18:57:09,696 [RatisPipelineUtilsThread - 0] INFO  pipeline.RatisPipelineProvider (RatisPipelineProvider.java:lambda$create$0(206)) - Sending CreatePipelineCommand for pipeline:PipelineID=68c2a2da-b435-4652-a078-7ac1eaaa5b8d to datanode:83d11254-7599-4cbf-9408-65e5a9156a74
2023-07-16 18:57:09,697 [RatisPipelineUtilsThread - 0] INFO  pipeline.BackgroundPipelineCreator (BackgroundPipelineCreator.java:createPipelines(233)) - Created new pipeline Pipeline[ Id: 68c2a2da-b435-4652-a078-7ac1eaaa5b8d, Nodes: 83d11254-7599-4cbf-9408-65e5a9156a74(fv-az587-727.eelbpncqjxkupcyqmv043tjoah.jx.internal.cloudapp.net/10.1.0.14), ReplicationConfig: RATIS/ONE, State:ALLOCATED, leaderId:, CreationTimestamp2023-07-16T18:57:09.696Z[Etc/UTC]]
2023-07-16 18:57:09,698 [RatisPipelineUtilsThread - 0] WARN  pipeline.PipelinePlacementPolicy (PipelinePlacementPolicy.java:filterViableNodes(166)) - Pipeline creation failed due to no sufficient healthy datanodes. Required 3. Found 1. Excluded 6.
2023-07-16 18:57:10,046 [main] INFO  ozone.MiniOzoneClusterImpl (MiniOzoneClusterImpl.java:lambda$waitForClusterToBeReady$0(224)) - Waiting for nodes to be ready. Got 7 of 10 DN Heartbeats.
2023-07-16 18:57:10,047 [main] INFO  ozone.MiniOzoneClusterImpl (MiniOzoneClusterImpl.java:lambda$waitForClusterToBeReady$0(227)) - Waiting for cluster to exit safe mode
2023-07-16 18:57:10,047 [main] INFO  ozone.MiniOzoneClusterImpl (MiniOzoneClusterImpl.java:lambda$waitForClusterToBeReady$0(229)) - SCM became leader
2023-07-16 18:57:10,154 [IPC Server handler 3 on default port 15002] INFO  net.NetworkTopologyImpl (NetworkTopologyImpl.java:add(112)) - Added a new node: /default-rack/2d677a35-33b0-4d15-8cfd-318274acedab
2023-07-16 18:57:10,154 [IPC Server handler 3 on default port 15002] INFO  node.SCMNodeManager (SCMNodeManager.java:register(405)) - Registered Data node : 2d677a35-33b0-4d15-8cfd-318274acedab{ip: 10.1.0.14, host: fv-az587-727.eelbpncqjxkupcyqmv043tjoah.jx.internal.cloudapp.net, ports: [HTTP=15072, CLIENT_RPC=15073, REPLICATION=15079, RATIS=15075, RATIS_ADMIN=15076, RATIS_SERVER=15077, RATIS_DATASTREAM=15078, STANDALONE=15074], networkLocation: /default-rack, certSerialId: null, persistedOpState: null, persistedOpStateExpiryEpochSec: 0}
2023-07-16 18:57:10,156 [EventQueue-NewNodeForNewNodeHandler] INFO  pipeline.BackgroundPipelineCreator (BackgroundPipelineCreator.java:notifyEventTriggered(277)) - trigger a one-shot run on RatisPipelineUtilsThread.
2023-07-16 18:57:10,157 [RatisPipelineUtilsThread - 0] INFO  pipeline.RatisPipelineProvider (RatisPipelineProvider.java:lambda$create$0(206)) - Sending CreatePipelineCommand for pipeline:PipelineID=ffe0e75e-f810-4d6b-ac33-c287f8508e9f to datanode:2d677a35-33b0-4d15-8cfd-318274acedab
2023-07-16 18:57:10,159 [RatisPipelineUtilsThread - 0] INFO  pipeline.BackgroundPipelineCreator (BackgroundPipelineCreator.java:createPipelines(233)) - Created new pipeline Pipeline[ Id: ffe0e75e-f810-4d6b-ac33-c287f8508e9f, Nodes: 2d677a35-33b0-4d15-8cfd-318274acedab(fv-az587-727.eelbpncqjxkupcyqmv043tjoah.jx.internal.cloudapp.net/10.1.0.14), ReplicationConfig: RATIS/ONE, State:ALLOCATED, leaderId:, CreationTimestamp2023-07-16T18:57:10.157Z[Etc/UTC]]
2023-07-16 18:57:10,160 [RatisPipelineUtilsThread - 0] WARN  pipeline.PipelinePlacementPolicy (PipelinePlacementPolicy.java:filterViableNodes(166)) - Pipeline creation failed due to no sufficient healthy datanodes. Required 3. Found 2. Excluded 6.
2023-07-16 18:57:10,294 [PipelineCommandHandlerThread-0] INFO  server.RaftServer (RaftServerProxy.java:addNew(98)) - 0e76f3da-5374-4d3e-bc44-9848a147cb1b: addNew group-D2F81E9815CC:[0e76f3da-5374-4d3e-bc44-9848a147cb1b|rpc:10.1.0.14:15014|admin:10.1.0.14:15013|client:10.1.0.14:15012|dataStream:10.1.0.14:15015|priority:1|startupRole:FOLLOWER] returns group-D2F81E9815CC:java.util.concurrent.CompletableFuture@78ea1a29[Not completed]
2023-07-16 18:57:10,303 [0e76f3da-5374-4d3e-bc44-9848a147cb1b-groupManagement] INFO  server.RaftServer$Division (RaftServerImpl.java:<init>(198)) - 0e76f3da-5374-4d3e-bc44-9848a147cb1b: new RaftServerImpl for group-D2F81E9815CC:[0e76f3da-5374-4d3e-bc44-9848a147cb1b|rpc:10.1.0.14:15014|admin:10.1.0.14:15013|client:10.1.0.14:15012|dataStream:10.1.0.14:15015|priority:1|startupRole:FOLLOWER] with ContainerStateMachine:uninitialized
2023-07-16 18:57:10,303 [0e76f3da-5374-4d3e-bc44-9848a147cb1b-groupManagement] INFO  server.RaftServerConfigKeys (ConfUtils.java:logGet(46)) - raft.server.rpc.timeout.min = 5s (custom)
2023-07-16 18:57:10,303 [0e76f3da-5374-4d3e-bc44-9848a147cb1b-groupManagement] INFO  server.RaftServerConfigKeys (ConfUtils.java:logGet(46)) - raft.server.rpc.timeout.max = 5200ms (custom)
2023-07-16 18:57:10,303 [0e76f3da-5374-4d3e-bc44-9848a147cb1b-groupManagement] INFO  server.RaftServerConfigKeys (ConfUtils.java:logGet(46)) - raft.server.rpc.sleep.time = 25ms (default)
2023-07-16 18:57:10,303 [0e76f3da-5374-4d3e-bc44-9848a147cb1b-groupManagement] INFO  server.RaftServerConfigKeys (ConfUtils.java:logGet(46)) - raft.server.rpc.slowness.timeout = 300s (custom)
2023-07-16 18:57:10,303 [0e76f3da-5374-4d3e-bc44-9848a147cb1b-groupManagement] INFO  server.RaftServerConfigKeys (ConfUtils.java:logGet(46)) - raft.server.leaderelection.leader.step-down.wait-time = 10s (default)
2023-07-16 18:57:10,304 [0e76f3da-5374-4d3e-bc44-9848a147cb1b-groupManagement] INFO  server.RaftServerConfigKeys (ConfUtils.java:logGet(46)) - raft.server.sleep.deviation.threshold = 300ms (default)
2023-07-16 18:57:10,304 [0e76f3da-5374-4d3e-bc44-9848a147cb1b-groupManagement] INFO  server.RaftServer$Division (ServerState.java:<init>(120)) - 0e76f3da-5374-4d3e-bc44-9848a147cb1b@group-D2F81E9815CC: ConfigurationManager, init=-1: peers:[0e76f3da-5374-4d3e-bc44-9848a147cb1b|rpc:10.1.0.14:15014|admin:10.1.0.14:15013|client:10.1.0.14:15012|dataStream:10.1.0.14:15015|priority:1|startupRole:FOLLOWER]|listeners:[], old=null, confs=<EMPTY_MAP>
2023-07-16 18:57:10,304 [0e76f3da-5374-4d3e-bc44-9848a147cb1b-groupManagement] INFO  server.RaftServerConfigKeys (ConfUtils.java:logGet(46)) - raft.server.storage.dir = [/home/runner/work/ozone/ozone/hadoop-ozone/integration-test/target/test-dir/MiniOzoneClusterImpl-8e52da8c-19f0-467e-9375-6950100829a3/datanode-0/data/ratis] (custom)
2023-07-16 18:57:10,304 [0e76f3da-5374-4d3e-bc44-9848a147cb1b-groupManagement] INFO  server.RaftServerConfigKeys (ConfUtils.java:logGet(46)) - raft.server.log.corruption.policy = EXCEPTION (default)
2023-07-16 18:57:10,304 [0e76f3da-5374-4d3e-bc44-9848a147cb1b-groupManagement] INFO  server.RaftServerConfigKeys (ConfUtils.java:logGet(46)) - raft.server.storage.free-space.min = 0MB (=0) (default)
2023-07-16 18:57:10,304 [0e76f3da-5374-4d3e-bc44-9848a147cb1b-groupManagement] INFO  server.RaftServerConfigKeys (ConfUtils.java:logGet(46)) - raft.server.notification.no-leader.timeout = 300s (custom)
2023-07-16 18:57:10,304 [0e76f3da-5374-4d3e-bc44-9848a147cb1b-groupManagement] INFO  server.RaftServerConfigKeys (ConfUtils.java:logGet(46)) - raft.server.read.timeout = 10s (default)
2023-07-16 18:57:10,304 [0e76f3da-5374-4d3e-bc44-9848a147cb1b-groupManagement] INFO  server.RaftServerConfigKeys (ConfUtils.java:logGet(46)) - raft.server.retrycache.expirytime = 600000ms (custom)
2023-07-16 18:57:10,304 [0e76f3da-5374-4d3e-bc44-9848a147cb1b-groupManagement] INFO  server.RaftServerConfigKeys (ConfUtils.java:logGet(46)) - raft.server.retrycache.statistics.expirytime = 100μs (default)
2023-07-16 18:57:10,304 [0e76f3da-5374-4d3e-bc44-9848a147cb1b-groupManagement] INFO  server.RaftServerConfigKeys (ConfUtils.java:logGet(46)) - raft.server.read.option = DEFAULT (default)
2023-07-16 18:57:10,308 [0e76f3da-5374-4d3e-bc44-9848a147cb1b-groupManagement] INFO  server.RaftServerConfigKeys (ConfUtils.java:logGet(46)) - raft.server.rpc.request.timeout = 60s (custom)
2023-07-16 18:57:10,308 [0e76f3da-5374-4d3e-bc44-9848a147cb1b-groupManagement] INFO  server.RaftServerConfigKeys (ConfUtils.java:logGet(46)) - raft.server.log.appender.install.snapshot.enabled = false (custom)
2023-07-16 18:57:10,308 [0e76f3da-5374-4d3e-bc44-9848a147cb1b-groupManagement] INFO  server.RaftServerConfigKeys (ConfUtils.java:logGet(46)) - raft.server.threadpool.server.cached = true (default)
2023-07-16 18:57:10,308 [0e76f3da-5374-4d3e-bc44-9848a147cb1b-groupManagement] INFO  server.RaftServerConfigKeys (ConfUtils.java:logGet(46)) - raft.server.threadpool.server.size = 0 (default)
2023-07-16 18:57:10,308 [0e76f3da-5374-4d3e-bc44-9848a147cb1b-groupManagement] INFO  server.RaftServerConfigKeys (ConfUtils.java:logGet(46)) - raft.server.threadpool.client.cached = true (default)
2023-07-16 18:57:10,308 [0e76f3da-5374-4d3e-bc44-9848a147cb1b-groupManagement] INFO  server.RaftServerConfigKeys (ConfUtils.java:logGet(46)) - raft.server.threadpool.client.size = 0 (default)
2023-07-16 18:57:10,308 [0e76f3da-5374-4d3e-bc44-9848a147cb1b-groupManagement] INFO  storage.RaftStorageDirectory (RaftStorageDirectoryImpl.java:analyzeStorage(137)) - The storage directory /home/runner/work/ozone/ozone/hadoop-ozone/integration-test/target/test-dir/MiniOzoneClusterImpl-8e52da8c-19f0-467e-9375-6950100829a3/datanode-0/data/ratis/1bbb3769-8918-43f5-bb14-d2f81e9815cc does not exist. Creating ...
2023-07-16 18:57:10,309 [0e76f3da-5374-4d3e-bc44-9848a147cb1b-groupManagement] INFO  storage.RaftStorageDirectory (RaftStorageDirectoryImpl.java:tryLock(231)) - Lock on /home/runner/work/ozone/ozone/hadoop-ozone/integration-test/target/test-dir/MiniOzoneClusterImpl-8e52da8c-19f0-467e-9375-6950100829a3/datanode-0/data/ratis/1bbb3769-8918-43f5-bb14-d2f81e9815cc/in_use.lock acquired by nodename 109267@fv-az587-727
2023-07-16 18:57:10,311 [0e76f3da-5374-4d3e-bc44-9848a147cb1b-groupManagement] INFO  storage.RaftStorage (RaftStorageImpl.java:format(96)) - Storage directory /home/runner/work/ozone/ozone/hadoop-ozone/integration-test/target/test-dir/MiniOzoneClusterImpl-8e52da8c-19f0-467e-9375-6950100829a3/datanode-0/data/ratis/1bbb3769-8918-43f5-bb14-d2f81e9815cc has been successfully formatted.
2023-07-16 18:57:10,316 [0e76f3da-5374-4d3e-bc44-9848a147cb1b-groupManagement] INFO  ratis.ContainerStateMachine (ContainerStateMachine.java:loadSnapshot(262)) - group-D2F81E9815CC: The snapshot info is null. Setting the last applied indexto:(t:0, i:~)
2023-07-16 18:57:10,316 [0e76f3da-5374-4d3e-bc44-9848a147cb1b-groupManagement] INFO  server.RaftServerConfigKeys (ConfUtils.java:logGet(46)) - raft.server.log.use.memory = false (default)
2023-07-16 18:57:10,316 [0e76f3da-5374-4d3e-bc44-9848a147cb1b-groupManagement] INFO  server.RaftServerConfigKeys (ConfUtils.java:logGet(46)) - raft.server.log.purge.gap = 1000000 (custom)
2023-07-16 18:57:10,316 [0e76f3da-5374-4d3e-bc44-9848a147cb1b-groupManagement] INFO  server.RaftServerConfigKeys (ConfUtils.java:logGet(46)) - raft.server.log.appender.buffer.byte-limit = 33554432 (custom)
2023-07-16 18:57:10,317 [0e76f3da-5374-4d3e-bc44-9848a147cb1b-groupManagement] INFO  server.RaftServerConfigKeys (ConfUtils.java:logGet(46)) - raft.server.log.statemachine.data.read.timeout = 1000ms (default)
2023-07-16 18:57:10,317 [0e76f3da-5374-4d3e-bc44-9848a147cb1b-groupManagement] INFO  server.RaftServerConfigKeys (ConfUtils.java:logGet(46)) - raft.server.log.purge.preservation.log.num = 0 (default)
2023-07-16 18:57:10,317 [0e76f3da-5374-4d3e-bc44-9848a147cb1b-groupManagement] INFO  server.RaftServerConfigKeys (ConfUtils.java:logGet(46)) - raft.server.log.segment.size.max = 1048576 (custom)
2023-07-16 18:57:10,318 [0e76f3da-5374-4d3e-bc44-9848a147cb1b-groupManagement] INFO  server.RaftServerConfigKeys (ConfUtils.java:logGet(46)) - raft.server.log.segment.cache.num.max = 2 (custom)
2023-07-16 18:57:10,318 [0e76f3da-5374-4d3e-bc44-9848a147cb1b-groupManagement] INFO  server.RaftServerConfigKeys (ConfUtils.java:logGet(46)) - raft.server.log.segment.cache.size.max = 200MB (=209715200) (default)
2023-07-16 18:57:10,318 [0e76f3da-5374-4d3e-bc44-9848a147cb1b-groupManagement] INFO  server.RaftServerConfigKeys (ConfUtils.java:logGet(46)) - raft.server.log.appender.buffer.byte-limit = 33554432 (custom)
2023-07-16 18:57:10,318 [0e76f3da-5374-4d3e-bc44-9848a147cb1b-groupManagement] INFO  segmented.SegmentedRaftLogWorker (SegmentedRaftLogWorker.java:<init>(188)) - new 0e76f3da-5374-4d3e-bc44-9848a147cb1b@group-D2F81E9815CC-SegmentedRaftLogWorker for RaftStorageImpl:Storage Directory /home/runner/work/ozone/ozone/hadoop-ozone/integration-test/target/test-dir/MiniOzoneClusterImpl-8e52da8c-19f0-467e-9375-6950100829a3/datanode-0/data/ratis/1bbb3769-8918-43f5-bb14-d2f81e9815cc
2023-07-16 18:57:10,318 [0e76f3da-5374-4d3e-bc44-9848a147cb1b-groupManagement] INFO  server.RaftServerConfigKeys (ConfUtils.java:logGet(46)) - raft.server.log.queue.byte-limit = 4294967296 (custom)
2023-07-16 18:57:10,318 [0e76f3da-5374-4d3e-bc44-9848a147cb1b-groupManagement] INFO  server.RaftServerConfigKeys (ConfUtils.java:logGet(46)) - raft.server.log.queue.element-limit = 1024 (custom)
2023-07-16 18:57:10,318 [0e76f3da-5374-4d3e-bc44-9848a147cb1b-groupManagement] INFO  server.RaftServerConfigKeys (ConfUtils.java:logGet(46)) - raft.server.log.segment.size.max = 1048576 (custom)
2023-07-16 18:57:10,318 [0e76f3da-5374-4d3e-bc44-9848a147cb1b-groupManagement] INFO  server.RaftServerConfigKeys (ConfUtils.java:logGet(46)) - raft.server.log.preallocated.size = 16384 (custom)
2023-07-16 18:57:10,318 [0e76f3da-5374-4d3e-bc44-9848a147cb1b-groupManagement] INFO  server.RaftServerConfigKeys (ConfUtils.java:logGet(46)) - raft.server.log.force.sync.num = 128 (default)
2023-07-16 18:57:10,318 [0e76f3da-5374-4d3e-bc44-9848a147cb1b-groupManagement] INFO  server.RaftServerConfigKeys (ConfUtils.java:logGet(46)) - raft.server.log.statemachine.data.sync = true (default)
2023-07-16 18:57:10,318 [0e76f3da-5374-4d3e-bc44-9848a147cb1b-groupManagement] INFO  server.RaftServerConfigKeys (ConfUtils.java:logGet(46)) - raft.server.log.statemachine.data.sync.timeout = 10s (default)
2023-07-16 18:57:10,318 [0e76f3da-5374-4d3e-bc44-9848a147cb1b-groupManagement] INFO  server.RaftServerConfigKeys (ConfUtils.java:logGet(46)) - raft.server.log.statemachine.data.sync.timeout.retry = -1 (default)
2023-07-16 18:57:10,327 [0e76f3da-5374-4d3e-bc44-9848a147cb1b-groupManagement] INFO  server.RaftServerConfigKeys (ConfUtils.java:logGet(46)) - raft.server.log.write.buffer.size = 1048576 (custom)
2023-07-16 18:57:10,327 [0e76f3da-5374-4d3e-bc44-9848a147cb1b-groupManagement] INFO  server.RaftServerConfigKeys (ConfUtils.java:logGet(46)) - raft.server.log.appender.buffer.byte-limit = 33554432 (custom)
2023-07-16 18:57:10,334 [0e76f3da-5374-4d3e-bc44-9848a147cb1b-groupManagement] INFO  server.RaftServerConfigKeys (ConfUtils.java:logGet(46)) - raft.server.log.unsafe-flush.enabled = false (default)
2023-07-16 18:57:10,334 [0e76f3da-5374-4d3e-bc44-9848a147cb1b-groupManagement] INFO  server.RaftServerConfigKeys (ConfUtils.java:logGet(46)) - raft.server.log.async-flush.enabled = false (default)
2023-07-16 18:57:10,334 [0e76f3da-5374-4d3e-bc44-9848a147cb1b-groupManagement] INFO  server.RaftServerConfigKeys (ConfUtils.java:logGet(46)) - raft.server.log.statemachine.data.caching.enabled = true (custom)
2023-07-16 18:57:10,334 [0e76f3da-5374-4d3e-bc44-9848a147cb1b-groupManagement] INFO  segmented.SegmentedRaftLogWorker (SegmentedRaftLogWorker.java:lambda$new$0(135)) - 0e76f3da-5374-4d3e-bc44-9848a147cb1b@group-D2F81E9815CC-SegmentedRaftLogWorker: flushIndex: setUnconditionally 0 -> -1
2023-07-16 18:57:10,334 [0e76f3da-5374-4d3e-bc44-9848a147cb1b-groupManagement] INFO  segmented.SegmentedRaftLogWorker (SegmentedRaftLogWorker.java:lambda$new$0(135)) - 0e76f3da-5374-4d3e-bc44-9848a147cb1b@group-D2F81E9815CC-SegmentedRaftLogWorker: safeCacheEvictIndex: setUnconditionally 0 -> -1
2023-07-16 18:57:10,335 [0e76f3da-5374-4d3e-bc44-9848a147cb1b-groupManagement] INFO  server.RaftServer$Division (RaftServerImpl.java:start(342)) - 0e76f3da-5374-4d3e-bc44-9848a147cb1b@group-D2F81E9815CC: start as a follower, conf=-1: peers:[0e76f3da-5374-4d3e-bc44-9848a147cb1b|rpc:10.1.0.14:15014|admin:10.1.0.14:15013|client:10.1.0.14:15012|dataStream:10.1.0.14:15015|priority:1|startupRole:FOLLOWER]|listeners:[], old=null
2023-07-16 18:57:10,335 [0e76f3da-5374-4d3e-bc44-9848a147cb1b-groupManagement] INFO  server.RaftServer$Division (RaftServerImpl.java:setRole(329)) - 0e76f3da-5374-4d3e-bc44-9848a147cb1b@group-D2F81E9815CC: changes role from      null to FOLLOWER at term 0 for startAsFollower
2023-07-16 18:57:10,335 [0e76f3da-5374-4d3e-bc44-9848a147cb1b-groupManagement] INFO  impl.RoleInfo (RoleInfo.java:updateAndGet(139)) - 0e76f3da-5374-4d3e-bc44-9848a147cb1b: start 0e76f3da-5374-4d3e-bc44-9848a147cb1b@group-D2F81E9815CC-FollowerState
2023-07-16 18:57:10,339 [0e76f3da-5374-4d3e-bc44-9848a147cb1b-groupManagement] INFO  util.JmxRegister (JmxRegister.java:tryRegister(44)) - Successfully registered JMX Bean with object name Ratis:service=RaftServer,group=group-D2F81E9815CC,id=0e76f3da-5374-4d3e-bc44-9848a147cb1b
2023-07-16 18:57:10,339 [0e76f3da-5374-4d3e-bc44-9848a147cb1b-groupManagement] INFO  server.RaftServerConfigKeys (ConfUtils.java:logGet(46)) - raft.server.snapshot.auto.trigger.enabled = true (custom)
2023-07-16 18:57:10,339 [0e76f3da-5374-4d3e-bc44-9848a147cb1b-groupManagement] INFO  server.RaftServerConfigKeys (ConfUtils.java:logGet(46)) - raft.server.snapshot.auto.trigger.threshold = 10000 (custom)
2023-07-16 18:57:10,339 [0e76f3da-5374-4d3e-bc44-9848a147cb1b-groupManagement] INFO  server.RaftServerConfigKeys (ConfUtils.java:logGet(46)) - raft.server.snapshot.retention.file.num = 5 (custom)
2023-07-16 18:57:10,339 [0e76f3da-5374-4d3e-bc44-9848a147cb1b-groupManagement] INFO  server.RaftServerConfigKeys (ConfUtils.java:logGet(46)) - raft.server.log.purge.upto.snapshot.index = false (default)
2023-07-16 18:57:10,342 [EventQueue-PipelineReportForPipelineReportHandler] INFO  pipeline.PipelineReportHandler (PipelineReportHandler.java:processPipelineReport(136)) - Opened pipeline PipelineID=1bbb3769-8918-43f5-bb14-d2f81e9815cc
2023-07-16 18:57:10,357 [PipelineCommandHandlerThread-0] INFO  ratis.XceiverServerRatis (XceiverServerRatis.java:addGroup(804)) - Created group PipelineID=1bbb3769-8918-43f5-bb14-d2f81e9815cc
2023-07-16 18:57:10,359 [EventQueue-OpenPipelineForHealthyPipelineSafeModeRule] INFO  safemode.SCMSafeModeManager (HealthyPipelineSafeModeRule.java:process(137)) - SCM in safe mode. Healthy pipelines reported count is 0, required healthy pipeline reported count is 1
2023-07-16 18:57:10,359 [PipelineCommandHandlerThread-0] INFO  commandhandler.CreatePipelineCommandHandler (CreatePipelineCommandHandler.java:lambda$handle$2(124)) - Created Pipeline RATIS ONE PipelineID=1bbb3769-8918-43f5-bb14-d2f81e9815cc.
2023-07-16 18:57:10,360 [PipelineCommandHandlerThread-0] INFO  server.RaftServer (RaftServerProxy.java:addNew(98)) - 0e76f3da-5374-4d3e-bc44-9848a147cb1b: addNew group-FA062BEF04B9:[0e76f3da-5374-4d3e-bc44-9848a147cb1b|rpc:10.1.0.14:15014|admin:10.1.0.14:15013|client:10.1.0.14:15012|dataStream:10.1.0.14:15015|priority:1|startupRole:FOLLOWER, e061ba01-06b3-4f38-a151-c7c4cf78ce5a|rpc:10.1.0.14:15023|admin:10.1.0.14:15022|client:10.1.0.14:15021|dataStream:10.1.0.14:15024|priority:0|startupRole:FOLLOWER, c23d9737-c121-4244-9e77-c55c15e0a23c|rpc:10.1.0.14:15032|admin:10.1.0.14:15031|client:10.1.0.14:15030|dataStream:10.1.0.14:15033|priority:0|startupRole:FOLLOWER] returns group-FA062BEF04B9:java.util.concurrent.CompletableFuture@81feb61[Not completed]
2023-07-16 18:57:10,361 [0e76f3da-5374-4d3e-bc44-9848a147cb1b-groupManagement] INFO  server.RaftServer$Division (RaftServerImpl.java:<init>(198)) - 0e76f3da-5374-4d3e-bc44-9848a147cb1b: new RaftServerImpl for group-FA062BEF04B9:[0e76f3da-5374-4d3e-bc44-9848a147cb1b|rpc:10.1.0.14:15014|admin:10.1.0.14:15013|client:10.1.0.14:15012|dataStream:10.1.0.14:15015|priority:1|startupRole:FOLLOWER, e061ba01-06b3-4f38-a151-c7c4cf78ce5a|rpc:10.1.0.14:15023|admin:10.1.0.14:15022|client:10.1.0.14:15021|dataStream:10.1.0.14:15024|priority:0|startupRole:FOLLOWER, c23d9737-c121-4244-9e77-c55c15e0a23c|rpc:10.1.0.14:15032|admin:10.1.0.14:15031|client:10.1.0.14:15030|dataStream:10.1.0.14:15033|priority:0|startupRole:FOLLOWER] with ContainerStateMachine:uninitialized
2023-07-16 18:57:10,361 [0e76f3da-5374-4d3e-bc44-9848a147cb1b-groupManagement] INFO  server.RaftServerConfigKeys (ConfUtils.java:logGet(46)) - raft.server.rpc.timeout.min = 5s (custom)
2023-07-16 18:57:10,361 [0e76f3da-5374-4d3e-bc44-9848a147cb1b-groupManagement] INFO  server.RaftServerConfigKeys (ConfUtils.java:logGet(46)) - raft.server.rpc.timeout.max = 5200ms (custom)
2023-07-16 18:57:10,361 [0e76f3da-5374-4d3e-bc44-9848a147cb1b-groupManagement] INFO  server.RaftServerConfigKeys (ConfUtils.java:logGet(46)) - raft.server.rpc.sleep.time = 25ms (default)
2023-07-16 18:57:10,361 [0e76f3da-5374-4d3e-bc44-9848a147cb1b-groupManagement] INFO  server.RaftServerConfigKeys (ConfUtils.java:logGet(46)) - raft.server.rpc.slowness.timeout = 300s (custom)
2023-07-16 18:57:10,361 [0e76f3da-5374-4d3e-bc44-9848a147cb1b-groupManagement] INFO  server.RaftServerConfigKeys (ConfUtils.java:logGet(46)) - raft.server.leaderelection.leader.step-down.wait-time = 10s (default)
2023-07-16 18:57:10,361 [0e76f3da-5374-4d3e-bc44-9848a147cb1b-groupManagement] INFO  server.RaftServerConfigKeys (ConfUtils.java:logGet(46)) - raft.server.sleep.deviation.threshold = 300ms (default)
2023-07-16 18:57:10,359 [0e76f3da-5374-4d3e-bc44-9848a147cb1b@group-D2F81E9815CC-FollowerState] INFO  server.RaftServerConfigKeys (ConfUtils.java:logFallback(53)) - raft.server.rpc.first-election.timeout.min = 5s (fallback to raft.server.rpc.timeout.min)
2023-07-16 18:57:10,370 [0e76f3da-5374-4d3e-bc44-9848a147cb1b@group-D2F81E9815CC-FollowerState] INFO  server.RaftServerConfigKeys (ConfUtils.java:logFallback(53)) - raft.server.rpc.first-election.timeout.max = 5200ms (fallback to raft.server.rpc.timeout.max)
2023-07-16 18:57:10,370 [0e76f3da-5374-4d3e-bc44-9848a147cb1b-groupManagement] INFO  server.RaftServer$Division (ServerState.java:<init>(120)) - 0e76f3da-5374-4d3e-bc44-9848a147cb1b@group-FA062BEF04B9: ConfigurationManager, init=-1: peers:[0e76f3da-5374-4d3e-bc44-9848a147cb1b|rpc:10.1.0.14:15014|admin:10.1.0.14:15013|client:10.1.0.14:15012|dataStream:10.1.0.14:15015|priority:1|startupRole:FOLLOWER, e061ba01-06b3-4f38-a151-c7c4cf78ce5a|rpc:10.1.0.14:15023|admin:10.1.0.14:15022|client:10.1.0.14:15021|dataStream:10.1.0.14:15024|priority:0|startupRole:FOLLOWER, c23d9737-c121-4244-9e77-c55c15e0a23c|rpc:10.1.0.14:15032|admin:10.1.0.14:15031|client:10.1.0.14:15030|dataStream:10.1.0.14:15033|priority:0|startupRole:FOLLOWER]|listeners:[], old=null, confs=<EMPTY_MAP>
2023-07-16 18:57:10,371 [0e76f3da-5374-4d3e-bc44-9848a147cb1b-groupManagement] INFO  server.RaftServerConfigKeys (ConfUtils.java:logGet(46)) - raft.server.storage.dir = [/home/runner/work/ozone/ozone/hadoop-ozone/integration-test/target/test-dir/MiniOzoneClusterImpl-8e52da8c-19f0-467e-9375-6950100829a3/datanode-0/data/ratis] (custom)
2023-07-16 18:57:10,371 [0e76f3da-5374-4d3e-bc44-9848a147cb1b-groupManagement] INFO  server.RaftServerConfigKeys (ConfUtils.java:logGet(46)) - raft.server.log.corruption.policy = EXCEPTION (default)
2023-07-16 18:57:10,371 [0e76f3da-5374-4d3e-bc44-9848a147cb1b-groupManagement] INFO  server.RaftServerConfigKeys (ConfUtils.java:logGet(46)) - raft.server.storage.free-space.min = 0MB (=0) (default)
2023-07-16 18:57:10,371 [0e76f3da-5374-4d3e-bc44-9848a147cb1b-groupManagement] INFO  server.RaftServerConfigKeys (ConfUtils.java:logGet(46)) - raft.server.notification.no-leader.timeout = 300s (custom)
2023-07-16 18:57:10,371 [0e76f3da-5374-4d3e-bc44-9848a147cb1b-groupManagement] INFO  server.RaftServerConfigKeys (ConfUtils.java:logGet(46)) - raft.server.read.timeout = 10s (default)
2023-07-16 18:57:10,371 [0e76f3da-5374-4d3e-bc44-9848a147cb1b-groupManagement] INFO  server.RaftServerConfigKeys (ConfUtils.java:logGet(46)) - raft.server.retrycache.expirytime = 600000ms (custom)
2023-07-16 18:57:10,371 [0e76f3da-5374-4d3e-bc44-9848a147cb1b-groupManagement] INFO  server.RaftServerConfigKeys (ConfUtils.java:logGet(46)) - raft.server.retrycache.statistics.expirytime = 100μs (default)
2023-07-16 18:57:10,371 [0e76f3da-5374-4d3e-bc44-9848a147cb1b-groupManagement] INFO  server.RaftServerConfigKeys (ConfUtils.java:logGet(46)) - raft.server.read.option = DEFAULT (default)
2023-07-16 18:57:10,373 [0e76f3da-5374-4d3e-bc44-9848a147cb1b-groupManagement] INFO  server.RaftServerConfigKeys (ConfUtils.java:logGet(46)) - raft.server.rpc.request.timeout = 60s (custom)
2023-07-16 18:57:10,373 [0e76f3da-5374-4d3e-bc44-9848a147cb1b-groupManagement] INFO  server.RaftServerConfigKeys (ConfUtils.java:logGet(46)) - raft.server.log.appender.install.snapshot.enabled = false (custom)
2023-07-16 18:57:10,374 [0e76f3da-5374-4d3e-bc44-9848a147cb1b-groupManagement] INFO  server.RaftServerConfigKeys (ConfUtils.java:logGet(46)) - raft.server.threadpool.server.cached = true (default)
2023-07-16 18:57:10,374 [0e76f3da-5374-4d3e-bc44-9848a147cb1b-groupManagement] INFO  server.RaftServerConfigKeys (ConfUtils.java:logGet(46)) - raft.server.threadpool.server.size = 0 (default)
2023-07-16 18:57:10,374 [0e76f3da-5374-4d3e-bc44-9848a147cb1b-groupManagement] INFO  server.RaftServerConfigKeys (ConfUtils.java:logGet(46)) - raft.server.threadpool.client.cached = true (default)
2023-07-16 18:57:10,374 [0e76f3da-5374-4d3e-bc44-9848a147cb1b-groupManagement] INFO  server.RaftServerConfigKeys (ConfUtils.java:logGet(46)) - raft.server.threadpool.client.size = 0 (default)
2023-07-16 18:57:10,374 [0e76f3da-5374-4d3e-bc44-9848a147cb1b-groupManagement] INFO  storage.RaftStorageDirectory (RaftStorageDirectoryImpl.java:analyzeStorage(137)) - The storage directory /home/runner/work/ozone/ozone/hadoop-ozone/integration-test/target/test-dir/MiniOzoneClusterImpl-8e52da8c-19f0-467e-9375-6950100829a3/datanode-0/data/ratis/623028da-18e9-42af-b4e8-fa062bef04b9 does not exist. Creating ...
2023-07-16 18:57:10,376 [0e76f3da-5374-4d3e-bc44-9848a147cb1b-groupManagement] INFO  storage.RaftStorageDirectory (RaftStorageDirectoryImpl.java:tryLock(231)) - Lock on /home/runner/work/ozone/ozone/hadoop-ozone/integration-test/target/test-dir/MiniOzoneClusterImpl-8e52da8c-19f0-467e-9375-6950100829a3/datanode-0/data/ratis/623028da-18e9-42af-b4e8-fa062bef04b9/in_use.lock acquired by nodename 109267@fv-az587-727
2023-07-16 18:57:10,378 [0e76f3da-5374-4d3e-bc44-9848a147cb1b-groupManagement] INFO  storage.RaftStorage (RaftStorageImpl.java:format(96)) - Storage directory /home/runner/work/ozone/ozone/hadoop-ozone/integration-test/target/test-dir/MiniOzoneClusterImpl-8e52da8c-19f0-467e-9375-6950100829a3/datanode-0/data/ratis/623028da-18e9-42af-b4e8-fa062bef04b9 has been successfully formatted.
2023-07-16 18:57:10,378 [0e76f3da-5374-4d3e-bc44-9848a147cb1b-groupManagement] INFO  ratis.ContainerStateMachine (ContainerStateMachine.java:loadSnapshot(262)) - group-FA062BEF04B9: The snapshot info is null. Setting the last applied indexto:(t:0, i:~)
2023-07-16 18:57:10,378 [0e76f3da-5374-4d3e-bc44-9848a147cb1b-groupManagement] INFO  server.RaftServerConfigKeys (ConfUtils.java:logGet(46)) - raft.server.log.use.memory = false (default)
2023-07-16 18:57:10,381 [EventQueue-OpenPipelineForHealthyPipelineSafeModeRule] INFO  safemode.SCMSafeModeManager (HealthyPipelineSafeModeRule.java:process(137)) - SCM in safe mode. Healthy pipelines reported count is 0, required healthy pipeline reported count is 1
2023-07-16 18:57:10,384 [0e76f3da-5374-4d3e-bc44-9848a147cb1b-groupManagement] INFO  server.RaftServerConfigKeys (ConfUtils.java:logGet(46)) - raft.server.log.purge.gap = 1000000 (custom)
2023-07-16 18:57:10,384 [0e76f3da-5374-4d3e-bc44-9848a147cb1b-groupManagement] INFO  server.RaftServerConfigKeys (ConfUtils.java:logGet(46)) - raft.server.log.appender.buffer.byte-limit = 33554432 (custom)
2023-07-16 18:57:10,384 [0e76f3da-5374-4d3e-bc44-9848a147cb1b-groupManagement] INFO  server.RaftServerConfigKeys (ConfUtils.java:logGet(46)) - raft.server.log.statemachine.data.read.timeout = 1000ms (default)
2023-07-16 18:57:10,384 [0e76f3da-5374-4d3e-bc44-9848a147cb1b-groupManagement] INFO  server.RaftServerConfigKeys (ConfUtils.java:logGet(46)) - raft.server.log.purge.preservation.log.num = 0 (default)
2023-07-16 18:57:10,384 [0e76f3da-5374-4d3e-bc44-9848a147cb1b-groupManagement] INFO  server.RaftServerConfigKeys (ConfUtils.java:logGet(46)) - raft.server.log.segment.size.max = 1048576 (custom)
2023-07-16 18:57:10,386 [0e76f3da-5374-4d3e-bc44-9848a147cb1b-groupManagement] INFO  server.RaftServerConfigKeys (ConfUtils.java:logGet(46)) - raft.server.log.segment.cache.num.max = 2 (custom)
2023-07-16 18:57:10,386 [0e76f3da-5374-4d3e-bc44-9848a147cb1b-groupManagement] INFO  server.RaftServerConfigKeys (ConfUtils.java:logGet(46)) - raft.server.log.segment.cache.size.max = 200MB (=209715200) (default)
2023-07-16 18:57:10,386 [0e76f3da-5374-4d3e-bc44-9848a147cb1b-groupManagement] INFO  server.RaftServerConfigKeys (ConfUtils.java:logGet(46)) - raft.server.log.appender.buffer.byte-limit = 33554432 (custom)
2023-07-16 18:57:10,386 [0e76f3da-5374-4d3e-bc44-9848a147cb1b-groupManagement] INFO  segmented.SegmentedRaftLogWorker (SegmentedRaftLogWorker.java:<init>(188)) - new 0e76f3da-5374-4d3e-bc44-9848a147cb1b@group-FA062BEF04B9-SegmentedRaftLogWorker for RaftStorageImpl:Storage Directory /home/runner/work/ozone/ozone/hadoop-ozone/integration-test/target/test-dir/MiniOzoneClusterImpl-8e52da8c-19f0-467e-9375-6950100829a3/datanode-0/data/ratis/623028da-18e9-42af-b4e8-fa062bef04b9
2023-07-16 18:57:10,386 [0e76f3da-5374-4d3e-bc44-9848a147cb1b-groupManagement] INFO  server.RaftServerConfigKeys (ConfUtils.java:logGet(46)) - raft.server.log.queue.byte-limit = 4294967296 (custom)
2023-07-16 18:57:10,386 [0e76f3da-5374-4d3e-bc44-9848a147cb1b-groupManagement] INFO  server.RaftServerConfigKeys (ConfUtils.java:logGet(46)) - raft.server.log.queue.element-limit = 1024 (custom)
2023-07-16 18:57:10,387 [0e76f3da-5374-4d3e-bc44-9848a147cb1b-groupManagement] INFO  server.RaftServerConfigKeys (ConfUtils.java:logGet(46)) - raft.server.log.segment.size.max = 1048576 (custom)
2023-07-16 18:57:10,387 [0e76f3da-5374-4d3e-bc44-9848a147cb1b-groupManagement] INFO  server.RaftServerConfigKeys (ConfUtils.java:logGet(46)) - raft.server.log.preallocated.size = 16384 (custom)
2023-07-16 18:57:10,387 [0e76f3da-5374-4d3e-bc44-9848a147cb1b-groupManagement] INFO  server.RaftServerConfigKeys (ConfUtils.java:logGet(46)) - raft.server.log.force.sync.num = 128 (default)
2023-07-16 18:57:10,387 [0e76f3da-5374-4d3e-bc44-9848a147cb1b-groupManagement] INFO  server.RaftServerConfigKeys (ConfUtils.java:logGet(46)) - raft.server.log.statemachine.data.sync = true (default)
2023-07-16 18:57:10,387 [0e76f3da-5374-4d3e-bc44-9848a147cb1b-groupManagement] INFO  server.RaftServerConfigKeys (ConfUtils.java:logGet(46)) - raft.server.log.statemachine.data.sync.timeout = 10s (default)
2023-07-16 18:57:10,387 [0e76f3da-5374-4d3e-bc44-9848a147cb1b-groupManagement] INFO  server.RaftServerConfigKeys (ConfUtils.java:logGet(46)) - raft.server.log.statemachine.data.sync.timeout.retry = -1 (default)
2023-07-16 18:57:10,391 [0e76f3da-5374-4d3e-bc44-9848a147cb1b-groupManagement] INFO  server.RaftServerConfigKeys (ConfUtils.java:logGet(46)) - raft.server.log.write.buffer.size = 1048576 (custom)
2023-07-16 18:57:10,393 [0e76f3da-5374-4d3e-bc44-9848a147cb1b-groupManagement] INFO  server.RaftServerConfigKeys (ConfUtils.java:logGet(46)) - raft.server.log.appender.buffer.byte-limit = 33554432 (custom)
2023-07-16 18:57:10,399 [0e76f3da-5374-4d3e-bc44-9848a147cb1b-groupManagement] INFO  server.RaftServerConfigKeys (ConfUtils.java:logGet(46)) - raft.server.log.unsafe-flush.enabled = false (default)
2023-07-16 18:57:10,399 [0e76f3da-5374-4d3e-bc44-9848a147cb1b-groupManagement] INFO  server.RaftServerConfigKeys (ConfUtils.java:logGet(46)) - raft.server.log.async-flush.enabled = false (default)
2023-07-16 18:57:10,399 [0e76f3da-5374-4d3e-bc44-9848a147cb1b-groupManagement] INFO  server.RaftServerConfigKeys (ConfUtils.java:logGet(46)) - raft.server.log.statemachine.data.caching.enabled = true (custom)
2023-07-16 18:57:10,399 [0e76f3da-5374-4d3e-bc44-9848a147cb1b-groupManagement] INFO  segmented.SegmentedRaftLogWorker (SegmentedRaftLogWorker.java:lambda$new$0(135)) - 0e76f3da-5374-4d3e-bc44-9848a147cb1b@group-FA062BEF04B9-SegmentedRaftLogWorker: flushIndex: setUnconditionally 0 -> -1
2023-07-16 18:57:10,399 [0e76f3da-5374-4d3e-bc44-9848a147cb1b-groupManagement] INFO  segmented.SegmentedRaftLogWorker (SegmentedRaftLogWorker.java:lambda$new$0(135)) - 0e76f3da-5374-4d3e-bc44-9848a147cb1b@group-FA062BEF04B9-SegmentedRaftLogWorker: safeCacheEvictIndex: setUnconditionally 0 -> -1
2023-07-16 18:57:10,402 [0e76f3da-5374-4d3e-bc44-9848a147cb1b-groupManagement] INFO  server.RaftServer$Division (RaftServerImpl.java:start(342)) - 0e76f3da-5374-4d3e-bc44-9848a147cb1b@group-FA062BEF04B9: start as a follower, conf=-1: peers:[0e76f3da-5374-4d3e-bc44-9848a147cb1b|rpc:10.1.0.14:15014|admin:10.1.0.14:15013|client:10.1.0.14:15012|dataStream:10.1.0.14:15015|priority:1|startupRole:FOLLOWER, e061ba01-06b3-4f38-a151-c7c4cf78ce5a|rpc:10.1.0.14:15023|admin:10.1.0.14:15022|client:10.1.0.14:15021|dataStream:10.1.0.14:15024|priority:0|startupRole:FOLLOWER, c23d9737-c121-4244-9e77-c55c15e0a23c|rpc:10.1.0.14:15032|admin:10.1.0.14:15031|client:10.1.0.14:15030|dataStream:10.1.0.14:15033|priority:0|startupRole:FOLLOWER]|listeners:[], old=null
2023-07-16 18:57:10,402 [0e76f3da-5374-4d3e-bc44-9848a147cb1b-groupManagement] INFO  server.RaftServer$Division (RaftServerImpl.java:setRole(329)) - 0e76f3da-5374-4d3e-bc44-9848a147cb1b@group-FA062BEF04B9: changes role from      null to FOLLOWER at term 0 for startAsFollower
2023-07-16 18:57:10,402 [0e76f3da-5374-4d3e-bc44-9848a147cb1b-groupManagement] INFO  impl.RoleInfo (RoleInfo.java:updateAndGet(139)) - 0e76f3da-5374-4d3e-bc44-9848a147cb1b: start 0e76f3da-5374-4d3e-bc44-9848a147cb1b@group-FA062BEF04B9-FollowerState
2023-07-16 18:57:10,403 [0e76f3da-5374-4d3e-bc44-9848a147cb1b-groupManagement] INFO  util.JmxRegister (JmxRegister.java:tryRegister(44)) - Successfully registered JMX Bean with object name Ratis:service=RaftServer,group=group-FA062BEF04B9,id=0e76f3da-5374-4d3e-bc44-9848a147cb1b
2023-07-16 18:57:10,403 [0e76f3da-5374-4d3e-bc44-9848a147cb1b-groupManagement] INFO  server.RaftServerConfigKeys (ConfUtils.java:logGet(46)) - raft.server.snapshot.auto.trigger.enabled = true (custom)
2023-07-16 18:57:10,403 [0e76f3da-5374-4d3e-bc44-9848a147cb1b-groupManagement] INFO  server.RaftServerConfigKeys (ConfUtils.java:logGet(46)) - raft.server.snapshot.auto.trigger.threshold = 10000 (custom)
2023-07-16 18:57:10,403 [0e76f3da-5374-4d3e-bc44-9848a147cb1b-groupManagement] INFO  server.RaftServerConfigKeys (ConfUtils.java:logGet(46)) - raft.server.snapshot.retention.file.num = 5 (custom)
2023-07-16 18:57:10,403 [0e76f3da-5374-4d3e-bc44-9848a147cb1b-groupManagement] INFO  server.RaftServerConfigKeys (ConfUtils.java:logGet(46)) - raft.server.log.purge.upto.snapshot.index = false (default)
2023-07-16 18:57:10,406 [0e76f3da-5374-4d3e-bc44-9848a147cb1b@group-FA062BEF04B9-FollowerState] INFO  server.RaftServerConfigKeys (ConfUtils.java:logFallback(53)) - raft.server.rpc.first-election.timeout.min = 5s (fallback to raft.server.rpc.timeout.min)
2023-07-16 18:57:10,416 [PipelineCommandHandlerThread-0] INFO  ratis.XceiverServerRatis (XceiverServerRatis.java:addGroup(804)) - Created group PipelineID=623028da-18e9-42af-b4e8-fa062bef04b9
2023-07-16 18:57:10,416 [0e76f3da-5374-4d3e-bc44-9848a147cb1b@group-FA062BEF04B9-FollowerState] INFO  server.RaftServerConfigKeys (ConfUtils.java:logFallback(53)) - raft.server.rpc.first-election.timeout.max = 5200ms (fallback to raft.server.rpc.timeout.max)
2023-07-16 18:57:10,687 [IPC Server handler 7 on default port 15002] INFO  net.NetworkTopologyImpl (NetworkTopologyImpl.java:add(112)) - Added a new node: /default-rack/6a04ed34-8094-474b-9acd-b8edff3f6d46
2023-07-16 18:57:10,688 [IPC Server handler 7 on default port 15002] INFO  node.SCMNodeManager (SCMNodeManager.java:register(405)) - Registered Data node : 6a04ed34-8094-474b-9acd-b8edff3f6d46{ip: 10.1.0.14, host: fv-az587-727.eelbpncqjxkupcyqmv043tjoah.jx.internal.cloudapp.net, ports: [HTTP=15081, CLIENT_RPC=15082, REPLICATION=15088, RATIS=15084, RATIS_ADMIN=15085, RATIS_SERVER=15086, RATIS_DATASTREAM=15087, STANDALONE=15083], networkLocation: /default-rack, certSerialId: null, persistedOpState: null, persistedOpStateExpiryEpochSec: 0}
2023-07-16 18:57:10,689 [EventQueue-NewNodeForNewNodeHandler] INFO  pipeline.BackgroundPipelineCreator (BackgroundPipelineCreator.java:notifyEventTriggered(277)) - trigger a one-shot run on RatisPipelineUtilsThread.
2023-07-16 18:57:10,689 [RatisPipelineUtilsThread - 0] INFO  pipeline.RatisPipelineProvider (RatisPipelineProvider.java:lambda$create$0(206)) - Sending CreatePipelineCommand for pipeline:PipelineID=94356f18-cc3e-4bc8-af4a-d09c874424ca to datanode:6a04ed34-8094-474b-9acd-b8edff3f6d46
2023-07-16 18:57:10,692 [RatisPipelineUtilsThread - 0] INFO  pipeline.BackgroundPipelineCreator (BackgroundPipelineCreator.java:createPipelines(233)) - Created new pipeline Pipeline[ Id: 94356f18-cc3e-4bc8-af4a-d09c874424ca, Nodes: 6a04ed34-8094-474b-9acd-b8edff3f6d46(fv-az587-727.eelbpncqjxkupcyqmv043tjoah.jx.internal.cloudapp.net/10.1.0.14), ReplicationConfig: RATIS/ONE, State:ALLOCATED, leaderId:, CreationTimestamp2023-07-16T18:57:10.689Z[Etc/UTC]]
2023-07-16 18:57:10,692 [RatisPipelineUtilsThread - 0] INFO  pipeline.RatisPipelineProvider (RatisPipelineProvider.java:lambda$create$0(206)) - Sending CreatePipelineCommand for pipeline:PipelineID=3b8ba39d-10d1-403b-8c95-02aef562936d to datanode:6a04ed34-8094-474b-9acd-b8edff3f6d46
2023-07-16 18:57:10,693 [RatisPipelineUtilsThread - 0] INFO  pipeline.RatisPipelineProvider (RatisPipelineProvider.java:lambda$create$0(206)) - Sending CreatePipelineCommand for pipeline:PipelineID=3b8ba39d-10d1-403b-8c95-02aef562936d to datanode:2d677a35-33b0-4d15-8cfd-318274acedab
2023-07-16 18:57:10,693 [RatisPipelineUtilsThread - 0] INFO  pipeline.RatisPipelineProvider (RatisPipelineProvider.java:lambda$create$0(206)) - Sending CreatePipelineCommand for pipeline:PipelineID=3b8ba39d-10d1-403b-8c95-02aef562936d to datanode:83d11254-7599-4cbf-9408-65e5a9156a74
2023-07-16 18:57:10,693 [RatisPipelineUtilsThread - 0] INFO  pipeline.BackgroundPipelineCreator (BackgroundPipelineCreator.java:createPipelines(233)) - Created new pipeline Pipeline[ Id: 3b8ba39d-10d1-403b-8c95-02aef562936d, Nodes: 6a04ed34-8094-474b-9acd-b8edff3f6d46(fv-az587-727.eelbpncqjxkupcyqmv043tjoah.jx.internal.cloudapp.net/10.1.0.14)2d677a35-33b0-4d15-8cfd-318274acedab(fv-az587-727.eelbpncqjxkupcyqmv043tjoah.jx.internal.cloudapp.net/10.1.0.14)83d11254-7599-4cbf-9408-65e5a9156a74(fv-az587-727.eelbpncqjxkupcyqmv043tjoah.jx.internal.cloudapp.net/10.1.0.14), ReplicationConfig: RATIS/THREE, State:ALLOCATED, leaderId:, CreationTimestamp2023-07-16T18:57:10.692Z[Etc/UTC]]
2023-07-16 18:57:10,694 [RatisPipelineUtilsThread - 0] INFO  pipeline.RatisPipelineProvider (RatisPipelineProvider.java:lambda$create$0(206)) - Sending CreatePipelineCommand for pipeline:PipelineID=0d25dd17-e3b2-44be-a4f7-d59098dac26d to datanode:2d677a35-33b0-4d15-8cfd-318274acedab
2023-07-16 18:57:10,694 [RatisPipelineUtilsThread - 0] INFO  pipeline.RatisPipelineProvider (RatisPipelineProvider.java:lambda$create$0(206)) - Sending CreatePipelineCommand for pipeline:PipelineID=0d25dd17-e3b2-44be-a4f7-d59098dac26d to datanode:6a04ed34-8094-474b-9acd-b8edff3f6d46
2023-07-16 18:57:10,695 [RatisPipelineUtilsThread - 0] INFO  pipeline.RatisPipelineProvider (RatisPipelineProvider.java:lambda$create$0(206)) - Sending CreatePipelineCommand for pipeline:PipelineID=0d25dd17-e3b2-44be-a4f7-d59098dac26d to datanode:83d11254-7599-4cbf-9408-65e5a9156a74
2023-07-16 18:57:10,695 [RatisPipelineUtilsThread - 0] INFO  pipeline.PipelineManagerImpl (PipelineManagerImpl.java:recordMetricsForPipeline(895)) - Pipeline: PipelineID=0d25dd17-e3b2-44be-a4f7-d59098dac26d contains same datanodes as previous pipelines: PipelineID=3b8ba39d-10d1-403b-8c95-02aef562936d nodeIds: 2d677a35-33b0-4d15-8cfd-318274acedab, 6a04ed34-8094-474b-9acd-b8edff3f6d46, 83d11254-7599-4cbf-9408-65e5a9156a74
2023-07-16 18:57:10,695 [RatisPipelineUtilsThread - 0] INFO  pipeline.BackgroundPipelineCreator (BackgroundPipelineCreator.java:createPipelines(233)) - Created new pipeline Pipeline[ Id: 0d25dd17-e3b2-44be-a4f7-d59098dac26d, Nodes: 2d677a35-33b0-4d15-8cfd-318274acedab(fv-az587-727.eelbpncqjxkupcyqmv043tjoah.jx.internal.cloudapp.net/10.1.0.14)6a04ed34-8094-474b-9acd-b8edff3f6d46(fv-az587-727.eelbpncqjxkupcyqmv043tjoah.jx.internal.cloudapp.net/10.1.0.14)83d11254-7599-4cbf-9408-65e5a9156a74(fv-az587-727.eelbpncqjxkupcyqmv043tjoah.jx.internal.cloudapp.net/10.1.0.14), ReplicationConfig: RATIS/THREE, State:ALLOCATED, leaderId:, CreationTimestamp2023-07-16T18:57:10.694Z[Etc/UTC]]
2023-07-16 18:57:10,696 [RatisPipelineUtilsThread - 0] WARN  pipeline.PipelinePlacementPolicy (PipelinePlacementPolicy.java:filterViableNodes(166)) - Pipeline creation failed due to no sufficient healthy datanodes. Required 3. Found 0. Excluded 9.
2023-07-16 18:57:10,759 [PipelineCommandHandlerThread-0] INFO  server.RaftServer (RaftServerProxy.java:addNew(98)) - e061ba01-06b3-4f38-a151-c7c4cf78ce5a: addNew group-9172E3D3C7D7:[e061ba01-06b3-4f38-a151-c7c4cf78ce5a|rpc:10.1.0.14:15023|admin:10.1.0.14:15022|client:10.1.0.14:15021|dataStream:10.1.0.14:15024|priority:1|startupRole:FOLLOWER] returns group-9172E3D3C7D7:java.util.concurrent.CompletableFuture@2977be22[Not completed]
2023-07-16 18:57:10,771 [e061ba01-06b3-4f38-a151-c7c4cf78ce5a-groupManagement] INFO  server.RaftServer$Division (RaftServerImpl.java:<init>(198)) - e061ba01-06b3-4f38-a151-c7c4cf78ce5a: new RaftServerImpl for group-9172E3D3C7D7:[e061ba01-06b3-4f38-a151-c7c4cf78ce5a|rpc:10.1.0.14:15023|admin:10.1.0.14:15022|client:10.1.0.14:15021|dataStream:10.1.0.14:15024|priority:1|startupRole:FOLLOWER] with ContainerStateMachine:uninitialized
2023-07-16 18:57:10,773 [e061ba01-06b3-4f38-a151-c7c4cf78ce5a-groupManagement] INFO  server.RaftServerConfigKeys (ConfUtils.java:logGet(46)) - raft.server.rpc.timeout.min = 5s (custom)
2023-07-16 18:57:10,773 [e061ba01-06b3-4f38-a151-c7c4cf78ce5a-groupManagement] INFO  server.RaftServerConfigKeys (ConfUtils.java:logGet(46)) - raft.server.rpc.timeout.max = 5200ms (custom)
2023-07-16 18:57:10,773 [e061ba01-06b3-4f38-a151-c7c4cf78ce5a-groupManagement] INFO  server.RaftServerConfigKeys (ConfUtils.java:logGet(46)) - raft.server.rpc.sleep.time = 25ms (default)
2023-07-16 18:57:10,773 [e061ba01-06b3-4f38-a151-c7c4cf78ce5a-groupManagement] INFO  server.RaftServerConfigKeys (ConfUtils.java:logGet(46)) - raft.server.rpc.slowness.timeout = 300s (custom)
2023-07-16 18:57:10,773 [e061ba01-06b3-4f38-a151-c7c4cf78ce5a-groupManagement] INFO  server.RaftServerConfigKeys (ConfUtils.java:logGet(46)) - raft.server.leaderelection.leader.step-down.wait-time = 10s (default)
2023-07-16 18:57:10,773 [e061ba01-06b3-4f38-a151-c7c4cf78ce5a-groupManagement] INFO  server.RaftServerConfigKeys (ConfUtils.java:logGet(46)) - raft.server.sleep.deviation.threshold = 300ms (default)
2023-07-16 18:57:10,773 [e061ba01-06b3-4f38-a151-c7c4cf78ce5a-groupManagement] INFO  server.RaftServer$Division (ServerState.java:<init>(120)) - e061ba01-06b3-4f38-a151-c7c4cf78ce5a@group-9172E3D3C7D7: ConfigurationManager, init=-1: peers:[e061ba01-06b3-4f38-a151-c7c4cf78ce5a|rpc:10.1.0.14:15023|admin:10.1.0.14:15022|client:10.1.0.14:15021|dataStream:10.1.0.14:15024|priority:1|startupRole:FOLLOWER]|listeners:[], old=null, confs=<EMPTY_MAP>
2023-07-16 18:57:10,773 [e061ba01-06b3-4f38-a151-c7c4cf78ce5a-groupManagement] INFO  server.RaftServerConfigKeys (ConfUtils.java:logGet(46)) - raft.server.storage.dir = [/home/runner/work/ozone/ozone/hadoop-ozone/integration-test/target/test-dir/MiniOzoneClusterImpl-8e52da8c-19f0-467e-9375-6950100829a3/datanode-1/data/ratis] (custom)
2023-07-16 18:57:10,773 [e061ba01-06b3-4f38-a151-c7c4cf78ce5a-groupManagement] INFO  server.RaftServerConfigKeys (ConfUtils.java:logGet(46)) - raft.server.log.corruption.policy = EXCEPTION (default)
2023-07-16 18:57:10,773 [e061ba01-06b3-4f38-a151-c7c4cf78ce5a-groupManagement] INFO  server.RaftServerConfigKeys (ConfUtils.java:logGet(46)) - raft.server.storage.free-space.min = 0MB (=0) (default)
2023-07-16 18:57:10,773 [e061ba01-06b3-4f38-a151-c7c4cf78ce5a-groupManagement] INFO  server.RaftServerConfigKeys (ConfUtils.java:logGet(46)) - raft.server.notification.no-leader.timeout = 300s (custom)
2023-07-16 18:57:10,773 [e061ba01-06b3-4f38-a151-c7c4cf78ce5a-groupManagement] INFO  server.RaftServerConfigKeys (ConfUtils.java:logGet(46)) - raft.server.read.timeout = 10s (default)
2023-07-16 18:57:10,774 [e061ba01-06b3-4f38-a151-c7c4cf78ce5a-groupManagement] INFO  server.RaftServerConfigKeys (ConfUtils.java:logGet(46)) - raft.server.retrycache.expirytime = 600000ms (custom)
2023-07-16 18:57:10,774 [e061ba01-06b3-4f38-a151-c7c4cf78ce5a-groupManagement] INFO  server.RaftServerConfigKeys (ConfUtils.java:logGet(46)) - raft.server.retrycache.statistics.expirytime = 100μs (default)
2023-07-16 18:57:10,775 [e061ba01-06b3-4f38-a151-c7c4cf78ce5a-groupManagement] INFO  server.RaftServerConfigKeys (ConfUtils.java:logGet(46)) - raft.server.read.option = DEFAULT (default)
2023-07-16 18:57:10,778 [e061ba01-06b3-4f38-a151-c7c4cf78ce5a-groupManagement] INFO  server.RaftServerConfigKeys (ConfUtils.java:logGet(46)) - raft.server.rpc.request.timeout = 60s (custom)
2023-07-16 18:57:10,779 [e061ba01-06b3-4f38-a151-c7c4cf78ce5a-groupManagement] INFO  server.RaftServerConfigKeys (ConfUtils.java:logGet(46)) - raft.server.log.appender.install.snapshot.enabled = false (custom)
2023-07-16 18:57:10,779 [e061ba01-06b3-4f38-a151-c7c4cf78ce5a-groupManagement] INFO  server.RaftServerConfigKeys (ConfUtils.java:logGet(46)) - raft.server.threadpool.server.cached = true (default)
2023-07-16 18:57:10,779 [e061ba01-06b3-4f38-a151-c7c4cf78ce5a-groupManagement] INFO  server.RaftServerConfigKeys (ConfUtils.java:logGet(46)) - raft.server.threadpool.server.size = 0 (default)
2023-07-16 18:57:10,779 [e061ba01-06b3-4f38-a151-c7c4cf78ce5a-groupManagement] INFO  server.RaftServerConfigKeys (ConfUtils.java:logGet(46)) - raft.server.threadpool.client.cached = true (default)
2023-07-16 18:57:10,779 [e061ba01-06b3-4f38-a151-c7c4cf78ce5a-groupManagement] INFO  server.RaftServerConfigKeys (ConfUtils.java:logGet(46)) - raft.server.threadpool.client.size = 0 (default)
2023-07-16 18:57:10,779 [e061ba01-06b3-4f38-a151-c7c4cf78ce5a-groupManagement] INFO  storage.RaftStorageDirectory (RaftStorageDirectoryImpl.java:analyzeStorage(137)) - The storage directory /home/runner/work/ozone/ozone/hadoop-ozone/integration-test/target/test-dir/MiniOzoneClusterImpl-8e52da8c-19f0-467e-9375-6950100829a3/datanode-1/data/ratis/f450f055-a296-4477-9a04-9172e3d3c7d7 does not exist. Creating ...
2023-07-16 18:57:10,783 [e061ba01-06b3-4f38-a151-c7c4cf78ce5a-groupManagement] INFO  storage.RaftStorageDirectory (RaftStorageDirectoryImpl.java:tryLock(231)) - Lock on /home/runner/work/ozone/ozone/hadoop-ozone/integration-test/target/test-dir/MiniOzoneClusterImpl-8e52da8c-19f0-467e-9375-6950100829a3/datanode-1/data/ratis/f450f055-a296-4477-9a04-9172e3d3c7d7/in_use.lock acquired by nodename 109267@fv-az587-727
2023-07-16 18:57:10,785 [e061ba01-06b3-4f38-a151-c7c4cf78ce5a-groupManagement] INFO  storage.RaftStorage (RaftStorageImpl.java:format(96)) - Storage directory /home/runner/work/ozone/ozone/hadoop-ozone/integration-test/target/test-dir/MiniOzoneClusterImpl-8e52da8c-19f0-467e-9375-6950100829a3/datanode-1/data/ratis/f450f055-a296-4477-9a04-9172e3d3c7d7 has been successfully formatted.
2023-07-16 18:57:10,788 [e061ba01-06b3-4f38-a151-c7c4cf78ce5a-groupManagement] INFO  ratis.ContainerStateMachine (ContainerStateMachine.java:loadSnapshot(262)) - group-9172E3D3C7D7: The snapshot info is null. Setting the last applied indexto:(t:0, i:~)
2023-07-16 18:57:10,790 [e061ba01-06b3-4f38-a151-c7c4cf78ce5a-groupManagement] INFO  server.RaftServerConfigKeys (ConfUtils.java:logGet(46)) - raft.server.log.use.memory = false (default)
2023-07-16 18:57:10,790 [e061ba01-06b3-4f38-a151-c7c4cf78ce5a-groupManagement] INFO  server.RaftServerConfigKeys (ConfUtils.java:logGet(46)) - raft.server.log.purge.gap = 1000000 (custom)
2023-07-16 18:57:10,790 [e061ba01-06b3-4f38-a151-c7c4cf78ce5a-groupManagement] INFO  server.RaftServerConfigKeys (ConfUtils.java:logGet(46)) - raft.server.log.appender.buffer.byte-limit = 33554432 (custom)
2023-07-16 18:57:10,790 [e061ba01-06b3-4f38-a151-c7c4cf78ce5a-groupManagement] INFO  server.RaftServerConfigKeys (ConfUtils.java:logGet(46)) - raft.server.log.statemachine.data.read.timeout = 1000ms (default)
2023-07-16 18:57:10,791 [e061ba01-06b3-4f38-a151-c7c4cf78ce5a-groupManagement] INFO  server.RaftServerConfigKeys (ConfUtils.java:logGet(46)) - raft.server.log.purge.preservation.log.num = 0 (default)
2023-07-16 18:57:10,792 [EventQueue-PipelineReportForPipelineReportHandler] INFO  pipeline.PipelineReportHandler (PipelineReportHandler.java:processPipelineReport(136)) - Opened pipeline PipelineID=f450f055-a296-4477-9a04-9172e3d3c7d7
2023-07-16 18:57:10,793 [EventQueue-OpenPipelineForHealthyPipelineSafeModeRule] INFO  safemode.SCMSafeModeManager (HealthyPipelineSafeModeRule.java:process(137)) - SCM in safe mode. Healthy pipelines reported count is 0, required healthy pipeline reported count is 1
2023-07-16 18:57:10,793 [e061ba01-06b3-4f38-a151-c7c4cf78ce5a-groupManagement] INFO  server.RaftServerConfigKeys (ConfUtils.java:logGet(46)) - raft.server.log.segment.size.max = 1048576 (custom)
2023-07-16 18:57:10,794 [e061ba01-06b3-4f38-a151-c7c4cf78ce5a-groupManagement] INFO  server.RaftServerConfigKeys (ConfUtils.java:logGet(46)) - raft.server.log.segment.cache.num.max = 2 (custom)
2023-07-16 18:57:10,794 [e061ba01-06b3-4f38-a151-c7c4cf78ce5a-groupManagement] INFO  server.RaftServerConfigKeys (ConfUtils.java:logGet(46)) - raft.server.log.segment.cache.size.max = 200MB (=209715200) (default)
2023-07-16 18:57:10,794 [e061ba01-06b3-4f38-a151-c7c4cf78ce5a-groupManagement] INFO  server.RaftServerConfigKeys (ConfUtils.java:logGet(46)) - raft.server.log.appender.buffer.byte-limit = 33554432 (custom)
2023-07-16 18:57:10,794 [e061ba01-06b3-4f38-a151-c7c4cf78ce5a-groupManagement] INFO  segmented.SegmentedRaftLogWorker (SegmentedRaftLogWorker.java:<init>(188)) - new e061ba01-06b3-4f38-a151-c7c4cf78ce5a@group-9172E3D3C7D7-SegmentedRaftLogWorker for RaftStorageImpl:Storage Directory /home/runner/work/ozone/ozone/hadoop-ozone/integration-test/target/test-dir/MiniOzoneClusterImpl-8e52da8c-19f0-467e-9375-6950100829a3/datanode-1/data/ratis/f450f055-a296-4477-9a04-9172e3d3c7d7
2023-07-16 18:57:10,794 [e061ba01-06b3-4f38-a151-c7c4cf78ce5a-groupManagement] INFO  server.RaftServerConfigKeys (ConfUtils.java:logGet(46)) - raft.server.log.queue.byte-limit = 4294967296 (custom)
2023-07-16 18:57:10,794 [e061ba01-06b3-4f38-a151-c7c4cf78ce5a-groupManagement] INFO  server.RaftServerConfigKeys (ConfUtils.java:logGet(46)) - raft.server.log.queue.element-limit = 1024 (custom)
2023-07-16 18:57:10,794 [e061ba01-06b3-4f38-a151-c7c4cf78ce5a-groupManagement] INFO  server.RaftServerConfigKeys (ConfUtils.java:logGet(46)) - raft.server.log.segment.size.max = 1048576 (custom)
2023-07-16 18:57:10,794 [e061ba01-06b3-4f38-a151-c7c4cf78ce5a-groupManagement] INFO  server.RaftServerConfigKeys (ConfUtils.java:logGet(46)) - raft.server.log.preallocated.size = 16384 (custom)
2023-07-16 18:57:10,794 [e061ba01-06b3-4f38-a151-c7c4cf78ce5a-groupManagement] INFO  server.RaftServerConfigKeys (ConfUtils.java:logGet(46)) - raft.server.log.force.sync.num = 128 (default)
2023-07-16 18:57:10,794 [e061ba01-06b3-4f38-a151-c7c4cf78ce5a-groupManagement] INFO  server.RaftServerConfigKeys (ConfUtils.java:logGet(46)) - raft.server.log.statemachine.data.sync = true (default)
2023-07-16 18:57:10,794 [e061ba01-06b3-4f38-a151-c7c4cf78ce5a-groupManagement] INFO  server.RaftServerConfigKeys (ConfUtils.java:logGet(46)) - raft.server.log.statemachine.data.sync.timeout = 10s (default)
2023-07-16 18:57:10,794 [e061ba01-06b3-4f38-a151-c7c4cf78ce5a-groupManagement] INFO  server.RaftServerConfigKeys (ConfUtils.java:logGet(46)) - raft.server.log.statemachine.data.sync.timeout.retry = -1 (default)
2023-07-16 18:57:10,795 [e061ba01-06b3-4f38-a151-c7c4cf78ce5a-groupManagement] INFO  server.RaftServerConfigKeys (ConfUtils.java:logGet(46)) - raft.server.log.write.buffer.size = 1048576 (custom)
2023-07-16 18:57:10,796 [e061ba01-06b3-4f38-a151-c7c4cf78ce5a-groupManagement] INFO  server.RaftServerConfigKeys (ConfUtils.java:logGet(46)) - raft.server.log.appender.buffer.byte-limit = 33554432 (custom)
2023-07-16 18:57:10,804 [e061ba01-06b3-4f38-a151-c7c4cf78ce5a-groupManagement] INFO  server.RaftServerConfigKeys (ConfUtils.java:logGet(46)) - raft.server.log.unsafe-flush.enabled = false (default)
2023-07-16 18:57:10,804 [e061ba01-06b3-4f38-a151-c7c4cf78ce5a-groupManagement] INFO  server.RaftServerConfigKeys (ConfUtils.java:logGet(46)) - raft.server.log.async-flush.enabled = false (default)
2023-07-16 18:57:10,804 [e061ba01-06b3-4f38-a151-c7c4cf78ce5a-groupManagement] INFO  server.RaftServerConfigKeys (ConfUtils.java:logGet(46)) - raft.server.log.statemachine.data.caching.enabled = true (custom)
2023-07-16 18:57:10,804 [e061ba01-06b3-4f38-a151-c7c4cf78ce5a-groupManagement] INFO  segmented.SegmentedRaftLogWorker (SegmentedRaftLogWorker.java:lambda$new$0(135)) - e061ba01-06b3-4f38-a151-c7c4cf78ce5a@group-9172E3D3C7D7-SegmentedRaftLogWorker: flushIndex: setUnconditionally 0 -> -1
2023-07-16 18:57:10,804 [e061ba01-06b3-4f38-a151-c7c4cf78ce5a-groupManagement] INFO  segmented.SegmentedRaftLogWorker (SegmentedRaftLogWorker.java:lambda$new$0(135)) - e061ba01-06b3-4f38-a151-c7c4cf78ce5a@group-9172E3D3C7D7-SegmentedRaftLogWorker: safeCacheEvictIndex: setUnconditionally 0 -> -1
2023-07-16 18:57:10,805 [e061ba01-06b3-4f38-a151-c7c4cf78ce5a-groupManagement] INFO  server.RaftServer$Division (RaftServerImpl.java:start(342)) - e061ba01-06b3-4f38-a151-c7c4cf78ce5a@group-9172E3D3C7D7: start as a follower, conf=-1: peers:[e061ba01-06b3-4f38-a151-c7c4cf78ce5a|rpc:10.1.0.14:15023|admin:10.1.0.14:15022|client:10.1.0.14:15021|dataStream:10.1.0.14:15024|priority:1|startupRole:FOLLOWER]|listeners:[], old=null
2023-07-16 18:57:10,805 [e061ba01-06b3-4f38-a151-c7c4cf78ce5a-groupManagement] INFO  server.RaftServer$Division (RaftServerImpl.java:setRole(329)) - e061ba01-06b3-4f38-a151-c7c4cf78ce5a@group-9172E3D3C7D7: changes role from      null to FOLLOWER at term 0 for startAsFollower
2023-07-16 18:57:10,805 [e061ba01-06b3-4f38-a151-c7c4cf78ce5a-groupManagement] INFO  impl.RoleInfo (RoleInfo.java:updateAndGet(139)) - e061ba01-06b3-4f38-a151-c7c4cf78ce5a: start e061ba01-06b3-4f38-a151-c7c4cf78ce5a@group-9172E3D3C7D7-FollowerState
2023-07-16 18:57:10,805 [e061ba01-06b3-4f38-a151-c7c4cf78ce5a-groupManagement] INFO  util.JmxRegister (JmxRegister.java:tryRegister(44)) - Successfully registered JMX Bean with object name Ratis:service=RaftServer,group=group-9172E3D3C7D7,id=e061ba01-06b3-4f38-a151-c7c4cf78ce5a
2023-07-16 18:57:10,807 [e061ba01-06b3-4f38-a151-c7c4cf78ce5a-groupManagement] INFO  server.RaftServerConfigKeys (ConfUtils.java:logGet(46)) - raft.server.snapshot.auto.trigger.enabled = true (custom)
2023-07-16 18:57:10,807 [e061ba01-06b3-4f38-a151-c7c4cf78ce5a-groupManagement] INFO  server.RaftServerConfigKeys (ConfUtils.java:logGet(46)) - raft.server.snapshot.auto.trigger.threshold = 10000 (custom)
2023-07-16 18:57:10,807 [e061ba01-06b3-4f38-a151-c7c4cf78ce5a-groupManagement] INFO  server.RaftServerConfigKeys (ConfUtils.java:logGet(46)) - raft.server.snapshot.retention.file.num = 5 (custom)
2023-07-16 18:57:10,807 [e061ba01-06b3-4f38-a151-c7c4cf78ce5a-groupManagement] INFO  server.RaftServerConfigKeys (ConfUtils.java:logGet(46)) - raft.server.log.purge.upto.snapshot.index = false (default)
2023-07-16 18:57:10,808 [PipelineCommandHandlerThread-0] INFO  ratis.XceiverServerRatis (XceiverServerRatis.java:addGroup(804)) - Created group PipelineID=f450f055-a296-4477-9a04-9172e3d3c7d7
2023-07-16 18:57:10,808 [PipelineCommandHandlerThread-0] INFO  commandhandler.CreatePipelineCommandHandler (CreatePipelineCommandHandler.java:lambda$handle$2(124)) - Created Pipeline RATIS ONE PipelineID=f450f055-a296-4477-9a04-9172e3d3c7d7.
2023-07-16 18:57:10,809 [PipelineCommandHandlerThread-0] INFO  server.RaftServer (RaftServerProxy.java:addNew(98)) - e061ba01-06b3-4f38-a151-c7c4cf78ce5a: addNew group-FA062BEF04B9:[0e76f3da-5374-4d3e-bc44-9848a147cb1b|rpc:10.1.0.14:15014|admin:10.1.0.14:15013|client:10.1.0.14:15012|dataStream:10.1.0.14:15015|priority:1|startupRole:FOLLOWER, e061ba01-06b3-4f38-a151-c7c4cf78ce5a|rpc:10.1.0.14:15023|admin:10.1.0.14:15022|client:10.1.0.14:15021|dataStream:10.1.0.14:15024|priority:0|startupRole:FOLLOWER, c23d9737-c121-4244-9e77-c55c15e0a23c|rpc:10.1.0.14:15032|admin:10.1.0.14:15031|client:10.1.0.14:15030|dataStream:10.1.0.14:15033|priority:0|startupRole:FOLLOWER] returns group-FA062BEF04B9:java.util.concurrent.CompletableFuture@2d483fd4[Not completed]
2023-07-16 18:57:10,811 [e061ba01-06b3-4f38-a151-c7c4cf78ce5a-groupManagement] INFO  server.RaftServer$Division (RaftServerImpl.java:<init>(198)) - e061ba01-06b3-4f38-a151-c7c4cf78ce5a: new RaftServerImpl for group-FA062BEF04B9:[0e76f3da-5374-4d3e-bc44-9848a147cb1b|rpc:10.1.0.14:15014|admin:10.1.0.14:15013|client:10.1.0.14:15012|dataStream:10.1.0.14:15015|priority:1|startupRole:FOLLOWER, e061ba01-06b3-4f38-a151-c7c4cf78ce5a|rpc:10.1.0.14:15023|admin:10.1.0.14:15022|client:10.1.0.14:15021|dataStream:10.1.0.14:15024|priority:0|startupRole:FOLLOWER, c23d9737-c121-4244-9e77-c55c15e0a23c|rpc:10.1.0.14:15032|admin:10.1.0.14:15031|client:10.1.0.14:15030|dataStream:10.1.0.14:15033|priority:0|startupRole:FOLLOWER] with ContainerStateMachine:uninitialized
2023-07-16 18:57:10,811 [e061ba01-06b3-4f38-a151-c7c4cf78ce5a-groupManagement] INFO  server.RaftServerConfigKeys (ConfUtils.java:logGet(46)) - raft.server.rpc.timeout.min = 5s (custom)
2023-07-16 18:57:10,811 [e061ba01-06b3-4f38-a151-c7c4cf78ce5a-groupManagement] INFO  server.RaftServerConfigKeys (ConfUtils.java:logGet(46)) - raft.server.rpc.timeout.max = 5200ms (custom)
2023-07-16 18:57:10,811 [e061ba01-06b3-4f38-a151-c7c4cf78ce5a-groupManagement] INFO  server.RaftServerConfigKeys (ConfUtils.java:logGet(46)) - raft.server.rpc.sleep.time = 25ms (default)
2023-07-16 18:57:10,811 [e061ba01-06b3-4f38-a151-c7c4cf78ce5a-groupManagement] INFO  server.RaftServerConfigKeys (ConfUtils.java:logGet(46)) - raft.server.rpc.slowness.timeout = 300s (custom)
2023-07-16 18:57:10,811 [e061ba01-06b3-4f38-a151-c7c4cf78ce5a-groupManagement] INFO  server.RaftServerConfigKeys (ConfUtils.java:logGet(46)) - raft.server.leaderelection.leader.step-down.wait-time = 10s (default)
2023-07-16 18:57:10,811 [e061ba01-06b3-4f38-a151-c7c4cf78ce5a-groupManagement] INFO  server.RaftServerConfigKeys (ConfUtils.java:logGet(46)) - raft.server.sleep.deviation.threshold = 300ms (default)
2023-07-16 18:57:10,812 [e061ba01-06b3-4f38-a151-c7c4cf78ce5a-groupManagement] INFO  server.RaftServer$Division (ServerState.java:<init>(120)) - e061ba01-06b3-4f38-a151-c7c4cf78ce5a@group-FA062BEF04B9: ConfigurationManager, init=-1: peers:[0e76f3da-5374-4d3e-bc44-9848a147cb1b|rpc:10.1.0.14:15014|admin:10.1.0.14:15013|client:10.1.0.14:15012|dataStream:10.1.0.14:15015|priority:1|startupRole:FOLLOWER, e061ba01-06b3-4f38-a151-c7c4cf78ce5a|rpc:10.1.0.14:15023|admin:10.1.0.14:15022|client:10.1.0.14:15021|dataStream:10.1.0.14:15024|priority:0|startupRole:FOLLOWER, c23d9737-c121-4244-9e77-c55c15e0a23c|rpc:10.1.0.14:15032|admin:10.1.0.14:15031|client:10.1.0.14:15030|dataStream:10.1.0.14:15033|priority:0|startupRole:FOLLOWER]|listeners:[], old=null, confs=<EMPTY_MAP>
2023-07-16 18:57:10,812 [e061ba01-06b3-4f38-a151-c7c4cf78ce5a-groupManagement] INFO  server.RaftServerConfigKeys (ConfUtils.java:logGet(46)) - raft.server.storage.dir = [/home/runner/work/ozone/ozone/hadoop-ozone/integration-test/target/test-dir/MiniOzoneClusterImpl-8e52da8c-19f0-467e-9375-6950100829a3/datanode-1/data/ratis] (custom)
2023-07-16 18:57:10,812 [e061ba01-06b3-4f38-a151-c7c4cf78ce5a-groupManagement] INFO  server.RaftServerConfigKeys (ConfUtils.java:logGet(46)) - raft.server.log.corruption.policy = EXCEPTION (default)
2023-07-16 18:57:10,812 [e061ba01-06b3-4f38-a151-c7c4cf78ce5a-groupManagement] INFO  server.RaftServerConfigKeys (ConfUtils.java:logGet(46)) - raft.server.storage.free-space.min = 0MB (=0) (default)
2023-07-16 18:57:10,812 [e061ba01-06b3-4f38-a151-c7c4cf78ce5a-groupManagement] INFO  server.RaftServerConfigKeys (ConfUtils.java:logGet(46)) - raft.server.notification.no-leader.timeout = 300s (custom)
2023-07-16 18:57:10,812 [e061ba01-06b3-4f38-a151-c7c4cf78ce5a-groupManagement] INFO  server.RaftServerConfigKeys (ConfUtils.java:logGet(46)) - raft.server.read.timeout = 10s (default)
2023-07-16 18:57:10,812 [e061ba01-06b3-4f38-a151-c7c4cf78ce5a-groupManagement] INFO  server.RaftServerConfigKeys (ConfUtils.java:logGet(46)) - raft.server.retrycache.expirytime = 600000ms (custom)
2023-07-16 18:57:10,812 [e061ba01-06b3-4f38-a151-c7c4cf78ce5a-groupManagement] INFO  server.RaftServerConfigKeys (ConfUtils.java:logGet(46)) - raft.server.retrycache.statistics.expirytime = 100μs (default)
2023-07-16 18:57:10,812 [e061ba01-06b3-4f38-a151-c7c4cf78ce5a-groupManagement] INFO  server.RaftServerConfigKeys (ConfUtils.java:logGet(46)) - raft.server.read.option = DEFAULT (default)
2023-07-16 18:57:10,813 [e061ba01-06b3-4f38-a151-c7c4cf78ce5a-groupManagement] INFO  server.RaftServerConfigKeys (ConfUtils.java:logGet(46)) - raft.server.rpc.request.timeout = 60s (custom)
2023-07-16 18:57:10,814 [e061ba01-06b3-4f38-a151-c7c4cf78ce5a-groupManagement] INFO  server.RaftServerConfigKeys (ConfUtils.java:logGet(46)) - raft.server.log.appender.install.snapshot.enabled = false (custom)
2023-07-16 18:57:10,814 [e061ba01-06b3-4f38-a151-c7c4cf78ce5a-groupManagement] INFO  server.RaftServerConfigKeys (ConfUtils.java:logGet(46)) - raft.server.threadpool.server.cached = true (default)
2023-07-16 18:57:10,814 [e061ba01-06b3-4f38-a151-c7c4cf78ce5a-groupManagement] INFO  server.RaftServerConfigKeys (ConfUtils.java:logGet(46)) - raft.server.threadpool.server.size = 0 (default)
2023-07-16 18:57:10,814 [e061ba01-06b3-4f38-a151-c7c4cf78ce5a-groupManagement] INFO  server.RaftServerConfigKeys (ConfUtils.java:logGet(46)) - raft.server.threadpool.client.cached = true (default)
2023-07-16 18:57:10,814 [e061ba01-06b3-4f38-a151-c7c4cf78ce5a-groupManagement] INFO  server.RaftServerConfigKeys (ConfUtils.java:logGet(46)) - raft.server.threadpool.client.size = 0 (default)
2023-07-16 18:57:10,814 [e061ba01-06b3-4f38-a151-c7c4cf78ce5a-groupManagement] INFO  storage.RaftStorageDirectory (RaftStorageDirectoryImpl.java:analyzeStorage(137)) - The storage directory /home/runner/work/ozone/ozone/hadoop-ozone/integration-test/target/test-dir/MiniOzoneClusterImpl-8e52da8c-19f0-467e-9375-6950100829a3/datanode-1/data/ratis/623028da-18e9-42af-b4e8-fa062bef04b9 does not exist. Creating ...
2023-07-16 18:57:10,814 [e061ba01-06b3-4f38-a151-c7c4cf78ce5a@group-9172E3D3C7D7-FollowerState] INFO  server.RaftServerConfigKeys (ConfUtils.java:logFallback(53)) - raft.server.rpc.first-election.timeout.min = 5s (fallback to raft.server.rpc.timeout.min)
2023-07-16 18:57:10,816 [e061ba01-06b3-4f38-a151-c7c4cf78ce5a@group-9172E3D3C7D7-FollowerState] INFO  server.RaftServerConfigKeys (ConfUtils.java:logFallback(53)) - raft.server.rpc.first-election.timeout.max = 5200ms (fallback to raft.server.rpc.timeout.max)
2023-07-16 18:57:10,816 [e061ba01-06b3-4f38-a151-c7c4cf78ce5a-groupManagement] INFO  storage.RaftStorageDirectory (RaftStorageDirectoryImpl.java:tryLock(231)) - Lock on /home/runner/work/ozone/ozone/hadoop-ozone/integration-test/target/test-dir/MiniOzoneClusterImpl-8e52da8c-19f0-467e-9375-6950100829a3/datanode-1/data/ratis/623028da-18e9-42af-b4e8-fa062bef04b9/in_use.lock acquired by nodename 109267@fv-az587-727
2023-07-16 18:57:10,817 [e061ba01-06b3-4f38-a151-c7c4cf78ce5a-groupManagement] INFO  storage.RaftStorage (RaftStorageImpl.java:format(96)) - Storage directory /home/runner/work/ozone/ozone/hadoop-ozone/integration-test/target/test-dir/MiniOzoneClusterImpl-8e52da8c-19f0-467e-9375-6950100829a3/datanode-1/data/ratis/623028da-18e9-42af-b4e8-fa062bef04b9 has been successfully formatted.
2023-07-16 18:57:10,817 [e061ba01-06b3-4f38-a151-c7c4cf78ce5a-groupManagement] INFO  ratis.ContainerStateMachine (ContainerStateMachine.java:loadSnapshot(262)) - group-FA062BEF04B9: The snapshot info is null. Setting the last applied indexto:(t:0, i:~)
2023-07-16 18:57:10,817 [e061ba01-06b3-4f38-a151-c7c4cf78ce5a-groupManagement] INFO  server.RaftServerConfigKeys (ConfUtils.java:logGet(46)) - raft.server.log.use.memory = false (default)
2023-07-16 18:57:10,817 [e061ba01-06b3-4f38-a151-c7c4cf78ce5a-groupManagement] INFO  server.RaftServerConfigKeys (ConfUtils.java:logGet(46)) - raft.server.log.purge.gap = 1000000 (custom)
2023-07-16 18:57:10,817 [e061ba01-06b3-4f38-a151-c7c4cf78ce5a-groupManagement] INFO  server.RaftServerConfigKeys (ConfUtils.java:logGet(46)) - raft.server.log.appender.buffer.byte-limit = 33554432 (custom)
2023-07-16 18:57:10,818 [e061ba01-06b3-4f38-a151-c7c4cf78ce5a-groupManagement] INFO  server.RaftServerConfigKeys (ConfUtils.java:logGet(46)) - raft.server.log.statemachine.data.read.timeout = 1000ms (default)
2023-07-16 18:57:10,818 [e061ba01-06b3-4f38-a151-c7c4cf78ce5a-groupManagement] INFO  server.RaftServerConfigKeys (ConfUtils.java:logGet(46)) - raft.server.log.purge.preservation.log.num = 0 (default)
2023-07-16 18:57:10,827 [e061ba01-06b3-4f38-a151-c7c4cf78ce5a-groupManagement] INFO  server.RaftServerConfigKeys (ConfUtils.java:logGet(46)) - raft.server.log.segment.size.max = 1048576 (custom)
2023-07-16 18:57:10,828 [e061ba01-06b3-4f38-a151-c7c4cf78ce5a-groupManagement] INFO  server.RaftServerConfigKeys (ConfUtils.java:logGet(46)) - raft.server.log.segment.cache.num.max = 2 (custom)
2023-07-16 18:57:10,828 [e061ba01-06b3-4f38-a151-c7c4cf78ce5a-groupManagement] INFO  server.RaftServerConfigKeys (ConfUtils.java:logGet(46)) - raft.server.log.segment.cache.size.max = 200MB (=209715200) (default)
2023-07-16 18:57:10,828 [e061ba01-06b3-4f38-a151-c7c4cf78ce5a-groupManagement] INFO  server.RaftServerConfigKeys (ConfUtils.java:logGet(46)) - raft.server.log.appender.buffer.byte-limit = 33554432 (custom)
2023-07-16 18:57:10,828 [e061ba01-06b3-4f38-a151-c7c4cf78ce5a-groupManagement] INFO  segmented.SegmentedRaftLogWorker (SegmentedRaftLogWorker.java:<init>(188)) - new e061ba01-06b3-4f38-a151-c7c4cf78ce5a@group-FA062BEF04B9-SegmentedRaftLogWorker for RaftStorageImpl:Storage Directory /home/runner/work/ozone/ozone/hadoop-ozone/integration-test/target/test-dir/MiniOzoneClusterImpl-8e52da8c-19f0-467e-9375-6950100829a3/datanode-1/data/ratis/623028da-18e9-42af-b4e8-fa062bef04b9
2023-07-16 18:57:10,828 [e061ba01-06b3-4f38-a151-c7c4cf78ce5a-groupManagement] INFO  server.RaftServerConfigKeys (ConfUtils.java:logGet(46)) - raft.server.log.queue.byte-limit = 4294967296 (custom)
2023-07-16 18:57:10,828 [e061ba01-06b3-4f38-a151-c7c4cf78ce5a-groupManagement] INFO  server.RaftServerConfigKeys (ConfUtils.java:logGet(46)) - raft.server.log.queue.element-limit = 1024 (custom)
2023-07-16 18:57:10,828 [e061ba01-06b3-4f38-a151-c7c4cf78ce5a-groupManagement] INFO  server.RaftServerConfigKeys (ConfUtils.java:logGet(46)) - raft.server.log.segment.size.max = 1048576 (custom)
2023-07-16 18:57:10,828 [e061ba01-06b3-4f38-a151-c7c4cf78ce5a-groupManagement] INFO  server.RaftServerConfigKeys (ConfUtils.java:logGet(46)) - raft.server.log.preallocated.size = 16384 (custom)
2023-07-16 18:57:10,828 [e061ba01-06b3-4f38-a151-c7c4cf78ce5a-groupManagement] INFO  server.RaftServerConfigKeys (ConfUtils.java:logGet(46)) - raft.server.log.force.sync.num = 128 (default)
2023-07-16 18:57:10,828 [e061ba01-06b3-4f38-a151-c7c4cf78ce5a-groupManagement] INFO  server.RaftServerConfigKeys (ConfUtils.java:logGet(46)) - raft.server.log.statemachine.data.sync = true (default)
2023-07-16 18:57:10,828 [e061ba01-06b3-4f38-a151-c7c4cf78ce5a-groupManagement] INFO  server.RaftServerConfigKeys (ConfUtils.java:logGet(46)) - raft.server.log.statemachine.data.sync.timeout = 10s (default)
2023-07-16 18:57:10,828 [e061ba01-06b3-4f38-a151-c7c4cf78ce5a-groupManagement] INFO  server.RaftServerConfigKeys (ConfUtils.java:logGet(46)) - raft.server.log.statemachine.data.sync.timeout.retry = -1 (default)
2023-07-16 18:57:10,830 [e061ba01-06b3-4f38-a151-c7c4cf78ce5a-groupManagement] INFO  server.RaftServerConfigKeys (ConfUtils.java:logGet(46)) - raft.server.log.write.buffer.size = 1048576 (custom)
2023-07-16 18:57:10,832 [EventQueue-OpenPipelineForHealthyPipelineSafeModeRule] INFO  safemode.SCMSafeModeManager (HealthyPipelineSafeModeRule.java:process(137)) - SCM in safe mode. Healthy pipelines reported count is 0, required healthy pipeline reported count is 1
2023-07-16 18:57:10,832 [e061ba01-06b3-4f38-a151-c7c4cf78ce5a-groupManagement] INFO  server.RaftServerConfigKeys (ConfUtils.java:logGet(46)) - raft.server.log.appender.buffer.byte-limit = 33554432 (custom)
2023-07-16 18:57:10,844 [e061ba01-06b3-4f38-a151-c7c4cf78ce5a-groupManagement] INFO  server.RaftServerConfigKeys (ConfUtils.java:logGet(46)) - raft.server.log.unsafe-flush.enabled = false (default)
2023-07-16 18:57:10,844 [e061ba01-06b3-4f38-a151-c7c4cf78ce5a-groupManagement] INFO  server.RaftServerConfigKeys (ConfUtils.java:logGet(46)) - raft.server.log.async-flush.enabled = false (default)
2023-07-16 18:57:10,844 [e061ba01-06b3-4f38-a151-c7c4cf78ce5a-groupManagement] INFO  server.RaftServerConfigKeys (ConfUtils.java:logGet(46)) - raft.server.log.statemachine.data.caching.enabled = true (custom)
2023-07-16 18:57:10,845 [e061ba01-06b3-4f38-a151-c7c4cf78ce5a-groupManagement] INFO  segmented.SegmentedRaftLogWorker (SegmentedRaftLogWorker.java:lambda$new$0(135)) - e061ba01-06b3-4f38-a151-c7c4cf78ce5a@group-FA062BEF04B9-SegmentedRaftLogWorker: flushIndex: setUnconditionally 0 -> -1
2023-07-16 18:57:10,845 [e061ba01-06b3-4f38-a151-c7c4cf78ce5a-groupManagement] INFO  segmented.SegmentedRaftLogWorker (SegmentedRaftLogWorker.java:lambda$new$0(135)) - e061ba01-06b3-4f38-a151-c7c4cf78ce5a@group-FA062BEF04B9-SegmentedRaftLogWorker: safeCacheEvictIndex: setUnconditionally 0 -> -1
2023-07-16 18:57:10,845 [e061ba01-06b3-4f38-a151-c7c4cf78ce5a-groupManagement] INFO  server.RaftServer$Division (RaftServerImpl.java:start(342)) - e061ba01-06b3-4f38-a151-c7c4cf78ce5a@group-FA062BEF04B9: start as a follower, conf=-1: peers:[0e76f3da-5374-4d3e-bc44-9848a147cb1b|rpc:10.1.0.14:15014|admin:10.1.0.14:15013|client:10.1.0.14:15012|dataStream:10.1.0.14:15015|priority:1|startupRole:FOLLOWER, e061ba01-06b3-4f38-a151-c7c4cf78ce5a|rpc:10.1.0.14:15023|admin:10.1.0.14:15022|client:10.1.0.14:15021|dataStream:10.1.0.14:15024|priority:0|startupRole:FOLLOWER, c23d9737-c121-4244-9e77-c55c15e0a23c|rpc:10.1.0.14:15032|admin:10.1.0.14:15031|client:10.1.0.14:15030|dataStream:10.1.0.14:15033|priority:0|startupRole:FOLLOWER]|listeners:[], old=null
2023-07-16 18:57:10,845 [e061ba01-06b3-4f38-a151-c7c4cf78ce5a-groupManagement] INFO  server.RaftServer$Division (RaftServerImpl.java:setRole(329)) - e061ba01-06b3-4f38-a151-c7c4cf78ce5a@group-FA062BEF04B9: changes role from      null to FOLLOWER at term 0 for startAsFollower
2023-07-16 18:57:10,845 [e061ba01-06b3-4f38-a151-c7c4cf78ce5a-groupManagement] INFO  impl.RoleInfo (RoleInfo.java:updateAndGet(139)) - e061ba01-06b3-4f38-a151-c7c4cf78ce5a: start e061ba01-06b3-4f38-a151-c7c4cf78ce5a@group-FA062BEF04B9-FollowerState
2023-07-16 18:57:10,854 [e061ba01-06b3-4f38-a151-c7c4cf78ce5a-groupManagement] INFO  util.JmxRegister (JmxRegister.java:tryRegister(44)) - Successfully registered JMX Bean with object name Ratis:service=RaftServer,group=group-FA062BEF04B9,id=e061ba01-06b3-4f38-a151-c7c4cf78ce5a
2023-07-16 18:57:10,854 [e061ba01-06b3-4f38-a151-c7c4cf78ce5a-groupManagement] INFO  server.RaftServerConfigKeys (ConfUtils.java:logGet(46)) - raft.server.snapshot.auto.trigger.enabled = true (custom)
2023-07-16 18:57:10,854 [e061ba01-06b3-4f38-a151-c7c4cf78ce5a-groupManagement] INFO  server.RaftServerConfigKeys (ConfUtils.java:logGet(46)) - raft.server.snapshot.auto.trigger.threshold = 10000 (custom)
2023-07-16 18:57:10,854 [e061ba01-06b3-4f38-a151-c7c4cf78ce5a-groupManagement] INFO  server.RaftServerConfigKeys (ConfUtils.java:logGet(46)) - raft.server.snapshot.retention.file.num = 5 (custom)
2023-07-16 18:57:10,854 [e061ba01-06b3-4f38-a151-c7c4cf78ce5a-groupManagement] INFO  server.RaftServerConfigKeys (ConfUtils.java:logGet(46)) - raft.server.log.purge.upto.snapshot.index = false (default)
2023-07-16 18:57:10,856 [PipelineCommandHandlerThread-0] INFO  ratis.XceiverServerRatis (XceiverServerRatis.java:addGroup(804)) - Created group PipelineID=623028da-18e9-42af-b4e8-fa062bef04b9
2023-07-16 18:57:10,864 [e061ba01-06b3-4f38-a151-c7c4cf78ce5a@group-FA062BEF04B9-FollowerState] INFO  server.RaftServerConfigKeys (ConfUtils.java:logFallback(53)) - raft.server.rpc.first-election.timeout.min = 5s (fallback to raft.server.rpc.timeout.min)
2023-07-16 18:57:10,865 [e061ba01-06b3-4f38-a151-c7c4cf78ce5a@group-FA062BEF04B9-FollowerState] INFO  server.RaftServerConfigKeys (ConfUtils.java:logFallback(53)) - raft.server.rpc.first-election.timeout.max = 5200ms (fallback to raft.server.rpc.timeout.max)
2023-07-16 18:57:11,374 [JvmPauseMonitor10] WARN  util.JvmPauseMonitor (JvmPauseMonitor.java:detectPause(124)) - JvmPauseMonitor-6a04ed34-8094-474b-9acd-b8edff3f6d46: Detected pause in JVM or host machine approximately 0.117s with 0.373s GC time.
GC pool 'PS MarkSweep' had collection(s): count=1 time=325ms
GC pool 'PS Scavenge' had collection(s): count=1 time=48ms
2023-07-16 18:57:11,374 [JvmPauseMonitor9] WARN  util.JvmPauseMonitor (JvmPauseMonitor.java:detectPause(124)) - JvmPauseMonitor-2d677a35-33b0-4d15-8cfd-318274acedab: Detected pause in JVM or host machine approximately 0.176s with 0.373s GC time.
GC pool 'PS MarkSweep' had collection(s): count=1 time=325ms
GC pool 'PS Scavenge' had collection(s): count=1 time=48ms
2023-07-16 18:57:11,374 [JvmPauseMonitor1] WARN  util.JvmPauseMonitor (JvmPauseMonitor.java:detectPause(124)) - JvmPauseMonitor-om1: Detected pause in JVM or host machine approximately 0.172s with 0.373s GC time.
GC pool 'PS MarkSweep' had collection(s): count=1 time=325ms
GC pool 'PS Scavenge' had collection(s): count=1 time=48ms
2023-07-16 18:57:11,375 [JvmPauseMonitor4] WARN  util.JvmPauseMonitor (JvmPauseMonitor.java:detectPause(124)) - JvmPauseMonitor-c23d9737-c121-4244-9e77-c55c15e0a23c: Detected pause in JVM or host machine approximately 0.246s with 0.373s GC time.
GC pool 'PS MarkSweep' had collection(s): count=1 time=325ms
GC pool 'PS Scavenge' had collection(s): count=1 time=48ms
2023-07-16 18:57:11,375 [JvmPauseMonitor2] WARN  util.JvmPauseMonitor (JvmPauseMonitor.java:detectPause(124)) - JvmPauseMonitor-0e76f3da-5374-4d3e-bc44-9848a147cb1b: Detected pause in JVM or host machine approximately 0.118s with 0.373s GC time.
GC pool 'PS MarkSweep' had collection(s): count=1 time=325ms
GC pool 'PS Scavenge' had collection(s): count=1 time=48ms
2023-07-16 18:57:11,375 [JvmPauseMonitor8] WARN  util.JvmPauseMonitor (JvmPauseMonitor.java:detectPause(124)) - JvmPauseMonitor-83d11254-7599-4cbf-9408-65e5a9156a74: Detected pause in JVM or host machine approximately 0.142s with 0.373s GC time.
GC pool 'PS MarkSweep' had collection(s): count=1 time=325ms
GC pool 'PS Scavenge' had collection(s): count=1 time=48ms
2023-07-16 18:57:11,375 [JvmPauseMonitor11] WARN  util.JvmPauseMonitor (JvmPauseMonitor.java:detectPause(124)) - JvmPauseMonitor-7fbcf281-0606-4cdd-9e49-7a456e1aa2a0: Detected pause in JVM or host machine approximately 0.287s with 0.373s GC time.
GC pool 'PS MarkSweep' had collection(s): count=1 time=325ms
GC pool 'PS Scavenge' had collection(s): count=1 time=48ms
2023-07-16 18:57:11,377 [JvmPauseMonitor0] WARN  util.JvmPauseMonitor (JvmPauseMonitor.java:detectPause(124)) - JvmPauseMonitor-262803b3-ac48-46f1-a8b8-24b53ff9384b: Detected pause in JVM or host machine approximately 0.330s with 0.373s GC time.
GC pool 'PS MarkSweep' had collection(s): count=1 time=325ms
GC pool 'PS Scavenge' had collection(s): count=1 time=48ms
2023-07-16 18:57:11,380 [JvmPauseMonitor5] WARN  util.JvmPauseMonitor (JvmPauseMonitor.java:detectPause(124)) - JvmPauseMonitor-262e2cc5-1901-4d20-b00f-c120f2342a1b: Detected pause in JVM or host machine approximately 0.294s with 0.373s GC time.
GC pool 'PS MarkSweep' had collection(s): count=1 time=325ms
GC pool 'PS Scavenge' had collection(s): count=1 time=48ms
2023-07-16 18:57:11,386 [main] INFO  ozone.MiniOzoneClusterImpl (MiniOzoneClusterImpl.java:lambda$waitForClusterToBeReady$0(224)) - Waiting for nodes to be ready. Got 9 of 10 DN Heartbeats.
2023-07-16 18:57:11,386 [main] INFO  ozone.MiniOzoneClusterImpl (MiniOzoneClusterImpl.java:lambda$waitForClusterToBeReady$0(227)) - Waiting for cluster to exit safe mode
2023-07-16 18:57:11,389 [main] INFO  ozone.MiniOzoneClusterImpl (MiniOzoneClusterImpl.java:lambda$waitForClusterToBeReady$0(229)) - SCM became leader
2023-07-16 18:57:11,393 [grpc-default-executor-1] INFO  server.RaftServer (RaftServerProxy.java:addNew(98)) - c23d9737-c121-4244-9e77-c55c15e0a23c: addNew group-FA062BEF04B9:[0e76f3da-5374-4d3e-bc44-9848a147cb1b|rpc:10.1.0.14:15014|admin:10.1.0.14:15013|client:10.1.0.14:15012|dataStream:10.1.0.14:15015|priority:1|startupRole:FOLLOWER, e061ba01-06b3-4f38-a151-c7c4cf78ce5a|rpc:10.1.0.14:15023|admin:10.1.0.14:15022|client:10.1.0.14:15021|dataStream:10.1.0.14:15024|priority:0|startupRole:FOLLOWER, c23d9737-c121-4244-9e77-c55c15e0a23c|rpc:10.1.0.14:15032|admin:10.1.0.14:15031|client:10.1.0.14:15030|dataStream:10.1.0.14:15033|priority:0|startupRole:FOLLOWER] returns group-FA062BEF04B9:java.util.concurrent.CompletableFuture@30798903[Not completed]
2023-07-16 18:57:11,393 [PipelineCommandHandlerThread-0] INFO  server.RaftServer (RaftServerProxy.java:addNew(98)) - c23d9737-c121-4244-9e77-c55c15e0a23c: addNew group-22273F6C5A48:[c23d9737-c121-4244-9e77-c55c15e0a23c|rpc:10.1.0.14:15032|admin:10.1.0.14:15031|client:10.1.0.14:15030|dataStream:10.1.0.14:15033|priority:1|startupRole:FOLLOWER] returns group-22273F6C5A48:java.util.concurrent.CompletableFuture@4547d86f[Not completed]
2023-07-16 18:57:11,402 [c23d9737-c121-4244-9e77-c55c15e0a23c-groupManagement] INFO  server.RaftServer$Division (RaftServerImpl.java:<init>(198)) - c23d9737-c121-4244-9e77-c55c15e0a23c: new RaftServerImpl for group-FA062BEF04B9:[0e76f3da-5374-4d3e-bc44-9848a147cb1b|rpc:10.1.0.14:15014|admin:10.1.0.14:15013|client:10.1.0.14:15012|dataStream:10.1.0.14:15015|priority:1|startupRole:FOLLOWER, e061ba01-06b3-4f38-a151-c7c4cf78ce5a|rpc:10.1.0.14:15023|admin:10.1.0.14:15022|client:10.1.0.14:15021|dataStream:10.1.0.14:15024|priority:0|startupRole:FOLLOWER, c23d9737-c121-4244-9e77-c55c15e0a23c|rpc:10.1.0.14:15032|admin:10.1.0.14:15031|client:10.1.0.14:15030|dataStream:10.1.0.14:15033|priority:0|startupRole:FOLLOWER] with ContainerStateMachine:uninitialized
2023-07-16 18:57:11,407 [IPC Server handler 0 on default port 15002] INFO  net.NetworkTopologyImpl (NetworkTopologyImpl.java:add(112)) - Added a new node: /default-rack/7fbcf281-0606-4cdd-9e49-7a456e1aa2a0
2023-07-16 18:57:11,412 [IPC Server handler 0 on default port 15002] INFO  node.SCMNodeManager (SCMNodeManager.java:register(405)) - Registered Data node : 7fbcf281-0606-4cdd-9e49-7a456e1aa2a0{ip: 10.1.0.14, host: fv-az587-727.eelbpncqjxkupcyqmv043tjoah.jx.internal.cloudapp.net, ports: [HTTP=15090, CLIENT_RPC=15091, REPLICATION=15097, RATIS=15093, RATIS_ADMIN=15094, RATIS_SERVER=15095, RATIS_DATASTREAM=15096, STANDALONE=15092], networkLocation: /default-rack, certSerialId: null, persistedOpState: null, persistedOpStateExpiryEpochSec: 0}
2023-07-16 18:57:11,413 [EventQueue-NewNodeForNewNodeHandler] INFO  pipeline.BackgroundPipelineCreator (BackgroundPipelineCreator.java:notifyEventTriggered(277)) - trigger a one-shot run on RatisPipelineUtilsThread.
2023-07-16 18:57:11,409 [c23d9737-c121-4244-9e77-c55c15e0a23c-groupManagement] INFO  server.RaftServerConfigKeys (ConfUtils.java:logGet(46)) - raft.server.rpc.timeout.min = 5s (custom)
2023-07-16 18:57:11,423 [RatisPipelineUtilsThread - 0] INFO  pipeline.RatisPipelineProvider (RatisPipelineProvider.java:lambda$create$0(206)) - Sending CreatePipelineCommand for pipeline:PipelineID=6995b20d-7a2a-4778-8d99-c37a9f251b32 to datanode:7fbcf281-0606-4cdd-9e49-7a456e1aa2a0
2023-07-16 18:57:11,425 [c23d9737-c121-4244-9e77-c55c15e0a23c-groupManagement] INFO  server.RaftServerConfigKeys (ConfUtils.java:logGet(46)) - raft.server.rpc.timeout.max = 5200ms (custom)
2023-07-16 18:57:11,425 [c23d9737-c121-4244-9e77-c55c15e0a23c-groupManagement] INFO  server.RaftServerConfigKeys (ConfUtils.java:logGet(46)) - raft.server.rpc.sleep.time = 25ms (default)
2023-07-16 18:57:11,425 [c23d9737-c121-4244-9e77-c55c15e0a23c-groupManagement] INFO  server.RaftServerConfigKeys (ConfUtils.java:logGet(46)) - raft.server.rpc.slowness.timeout = 300s (custom)
2023-07-16 18:57:11,425 [c23d9737-c121-4244-9e77-c55c15e0a23c-groupManagement] INFO  server.RaftServerConfigKeys (ConfUtils.java:logGet(46)) - raft.server.leaderelection.leader.step-down.wait-time = 10s (default)
2023-07-16 18:57:11,425 [c23d9737-c121-4244-9e77-c55c15e0a23c-groupManagement] INFO  server.RaftServerConfigKeys (ConfUtils.java:logGet(46)) - raft.server.sleep.deviation.threshold = 300ms (default)
2023-07-16 18:57:11,425 [c23d9737-c121-4244-9e77-c55c15e0a23c-groupManagement] INFO  server.RaftServer$Division (ServerState.java:<init>(120)) - c23d9737-c121-4244-9e77-c55c15e0a23c@group-FA062BEF04B9: ConfigurationManager, init=-1: peers:[0e76f3da-5374-4d3e-bc44-9848a147cb1b|rpc:10.1.0.14:15014|admin:10.1.0.14:15013|client:10.1.0.14:15012|dataStream:10.1.0.14:15015|priority:1|startupRole:FOLLOWER, e061ba01-06b3-4f38-a151-c7c4cf78ce5a|rpc:10.1.0.14:15023|admin:10.1.0.14:15022|client:10.1.0.14:15021|dataStream:10.1.0.14:15024|priority:0|startupRole:FOLLOWER, c23d9737-c121-4244-9e77-c55c15e0a23c|rpc:10.1.0.14:15032|admin:10.1.0.14:15031|client:10.1.0.14:15030|dataStream:10.1.0.14:15033|priority:0|startupRole:FOLLOWER]|listeners:[], old=null, confs=<EMPTY_MAP>
2023-07-16 18:57:11,425 [c23d9737-c121-4244-9e77-c55c15e0a23c-groupManagement] INFO  server.RaftServerConfigKeys (ConfUtils.java:logGet(46)) - raft.server.storage.dir = [/home/runner/work/ozone/ozone/hadoop-ozone/integration-test/target/test-dir/MiniOzoneClusterImpl-8e52da8c-19f0-467e-9375-6950100829a3/datanode-2/data/ratis] (custom)
2023-07-16 18:57:11,426 [c23d9737-c121-4244-9e77-c55c15e0a23c-groupManagement] INFO  server.RaftServerConfigKeys (ConfUtils.java:logGet(46)) - raft.server.log.corruption.policy = EXCEPTION (default)
2023-07-16 18:57:11,426 [c23d9737-c121-4244-9e77-c55c15e0a23c-groupManagement] INFO  server.RaftServerConfigKeys (ConfUtils.java:logGet(46)) - raft.server.storage.free-space.min = 0MB (=0) (default)
2023-07-16 18:57:11,426 [c23d9737-c121-4244-9e77-c55c15e0a23c-groupManagement] INFO  server.RaftServerConfigKeys (ConfUtils.java:logGet(46)) - raft.server.notification.no-leader.timeout = 300s (custom)
2023-07-16 18:57:11,426 [c23d9737-c121-4244-9e77-c55c15e0a23c-groupManagement] INFO  server.RaftServerConfigKeys (ConfUtils.java:logGet(46)) - raft.server.read.timeout = 10s (default)
2023-07-16 18:57:11,426 [c23d9737-c121-4244-9e77-c55c15e0a23c-groupManagement] INFO  server.RaftServerConfigKeys (ConfUtils.java:logGet(46)) - raft.server.retrycache.expirytime = 600000ms (custom)
2023-07-16 18:57:11,426 [c23d9737-c121-4244-9e77-c55c15e0a23c-groupManagement] INFO  server.RaftServerConfigKeys (ConfUtils.java:logGet(46)) - raft.server.retrycache.statistics.expirytime = 100μs (default)
2023-07-16 18:57:11,426 [c23d9737-c121-4244-9e77-c55c15e0a23c-groupManagement] INFO  server.RaftServerConfigKeys (ConfUtils.java:logGet(46)) - raft.server.read.option = DEFAULT (default)
2023-07-16 18:57:11,426 [RatisPipelineUtilsThread - 0] INFO  pipeline.BackgroundPipelineCreator (BackgroundPipelineCreator.java:createPipelines(233)) - Created new pipeline Pipeline[ Id: 6995b20d-7a2a-4778-8d99-c37a9f251b32, Nodes: 7fbcf281-0606-4cdd-9e49-7a456e1aa2a0(fv-az587-727.eelbpncqjxkupcyqmv043tjoah.jx.internal.cloudapp.net/10.1.0.14), ReplicationConfig: RATIS/ONE, State:ALLOCATED, leaderId:, CreationTimestamp2023-07-16T18:57:11.423Z[Etc/UTC]]
2023-07-16 18:57:11,430 [c23d9737-c121-4244-9e77-c55c15e0a23c-groupManagement] INFO  server.RaftServerConfigKeys (ConfUtils.java:logGet(46)) - raft.server.rpc.request.timeout = 60s (custom)
2023-07-16 18:57:11,440 [c23d9737-c121-4244-9e77-c55c15e0a23c-groupManagement] INFO  server.RaftServerConfigKeys (ConfUtils.java:logGet(46)) - raft.server.log.appender.install.snapshot.enabled = false (custom)
2023-07-16 18:57:11,440 [c23d9737-c121-4244-9e77-c55c15e0a23c-groupManagement] INFO  server.RaftServerConfigKeys (ConfUtils.java:logGet(46)) - raft.server.threadpool.server.cached = true (default)
2023-07-16 18:57:11,440 [c23d9737-c121-4244-9e77-c55c15e0a23c-groupManagement] INFO  server.RaftServerConfigKeys (ConfUtils.java:logGet(46)) - raft.server.threadpool.server.size = 0 (default)
2023-07-16 18:57:11,440 [c23d9737-c121-4244-9e77-c55c15e0a23c-groupManagement] INFO  server.RaftServerConfigKeys (ConfUtils.java:logGet(46)) - raft.server.threadpool.client.cached = true (default)
2023-07-16 18:57:11,440 [c23d9737-c121-4244-9e77-c55c15e0a23c-groupManagement] INFO  server.RaftServerConfigKeys (ConfUtils.java:logGet(46)) - raft.server.threadpool.client.size = 0 (default)
2023-07-16 18:57:11,441 [RatisPipelineUtilsThread - 0] WARN  pipeline.PipelinePlacementPolicy (PipelinePlacementPolicy.java:filterViableNodes(166)) - Pipeline creation failed due to no sufficient healthy datanodes. Required 3. Found 1. Excluded 9.
2023-07-16 18:57:11,441 [c23d9737-c121-4244-9e77-c55c15e0a23c-groupManagement] INFO  server.RaftServer$Division (RaftServerImpl.java:<init>(198)) - c23d9737-c121-4244-9e77-c55c15e0a23c: new RaftServerImpl for group-22273F6C5A48:[c23d9737-c121-4244-9e77-c55c15e0a23c|rpc:10.1.0.14:15032|admin:10.1.0.14:15031|client:10.1.0.14:15030|dataStream:10.1.0.14:15033|priority:1|startupRole:FOLLOWER] with ContainerStateMachine:uninitialized
2023-07-16 18:57:11,441 [c23d9737-c121-4244-9e77-c55c15e0a23c-groupManagement] INFO  server.RaftServerConfigKeys (ConfUtils.java:logGet(46)) - raft.server.rpc.timeout.min = 5s (custom)
2023-07-16 18:57:11,441 [c23d9737-c121-4244-9e77-c55c15e0a23c-groupManagement] INFO  server.RaftServerConfigKeys (ConfUtils.java:logGet(46)) - raft.server.rpc.timeout.max = 5200ms (custom)
2023-07-16 18:57:11,441 [c23d9737-c121-4244-9e77-c55c15e0a23c-groupManagement] INFO  server.RaftServerConfigKeys (ConfUtils.java:logGet(46)) - raft.server.rpc.sleep.time = 25ms (default)
2023-07-16 18:57:11,441 [c23d9737-c121-4244-9e77-c55c15e0a23c-groupManagement] INFO  server.RaftServerConfigKeys (ConfUtils.java:logGet(46)) - raft.server.rpc.slowness.timeout = 300s (custom)
2023-07-16 18:57:11,441 [c23d9737-c121-4244-9e77-c55c15e0a23c-groupManagement] INFO  server.RaftServerConfigKeys (ConfUtils.java:logGet(46)) - raft.server.leaderelection.leader.step-down.wait-time = 10s (default)
2023-07-16 18:57:11,441 [c23d9737-c121-4244-9e77-c55c15e0a23c-groupManagement] INFO  server.RaftServerConfigKeys (ConfUtils.java:logGet(46)) - raft.server.sleep.deviation.threshold = 300ms (default)
2023-07-16 18:57:11,441 [c23d9737-c121-4244-9e77-c55c15e0a23c-groupManagement] INFO  server.RaftServer$Division (ServerState.java:<init>(120)) - c23d9737-c121-4244-9e77-c55c15e0a23c@group-22273F6C5A48: ConfigurationManager, init=-1: peers:[c23d9737-c121-4244-9e77-c55c15e0a23c|rpc:10.1.0.14:15032|admin:10.1.0.14:15031|client:10.1.0.14:15030|dataStream:10.1.0.14:15033|priority:1|startupRole:FOLLOWER]|listeners:[], old=null, confs=<EMPTY_MAP>
2023-07-16 18:57:11,442 [c23d9737-c121-4244-9e77-c55c15e0a23c-groupManagement] INFO  server.RaftServerConfigKeys (ConfUtils.java:logGet(46)) - raft.server.storage.dir = [/home/runner/work/ozone/ozone/hadoop-ozone/integration-test/target/test-dir/MiniOzoneClusterImpl-8e52da8c-19f0-467e-9375-6950100829a3/datanode-2/data/ratis] (custom)
2023-07-16 18:57:11,442 [c23d9737-c121-4244-9e77-c55c15e0a23c-groupManagement] INFO  server.RaftServerConfigKeys (ConfUtils.java:logGet(46)) - raft.server.log.corruption.policy = EXCEPTION (default)
2023-07-16 18:57:11,442 [c23d9737-c121-4244-9e77-c55c15e0a23c-groupManagement] INFO  server.RaftServerConfigKeys (ConfUtils.java:logGet(46)) - raft.server.storage.free-space.min = 0MB (=0) (default)
2023-07-16 18:57:11,442 [c23d9737-c121-4244-9e77-c55c15e0a23c-groupManagement] INFO  server.RaftServerConfigKeys (ConfUtils.java:logGet(46)) - raft.server.notification.no-leader.timeout = 300s (custom)
2023-07-16 18:57:11,442 [c23d9737-c121-4244-9e77-c55c15e0a23c-groupManagement] INFO  server.RaftServerConfigKeys (ConfUtils.java:logGet(46)) - raft.server.read.timeout = 10s (default)
2023-07-16 18:57:11,442 [c23d9737-c121-4244-9e77-c55c15e0a23c-groupManagement] INFO  server.RaftServerConfigKeys (ConfUtils.java:logGet(46)) - raft.server.retrycache.expirytime = 600000ms (custom)
2023-07-16 18:57:11,442 [c23d9737-c121-4244-9e77-c55c15e0a23c-groupManagement] INFO  server.RaftServerConfigKeys (ConfUtils.java:logGet(46)) - raft.server.retrycache.statistics.expirytime = 100μs (default)
2023-07-16 18:57:11,442 [c23d9737-c121-4244-9e77-c55c15e0a23c-groupManagement] INFO  server.RaftServerConfigKeys (ConfUtils.java:logGet(46)) - raft.server.read.option = DEFAULT (default)
2023-07-16 18:57:11,445 [c23d9737-c121-4244-9e77-c55c15e0a23c-groupManagement] INFO  server.RaftServerConfigKeys (ConfUtils.java:logGet(46)) - raft.server.rpc.request.timeout = 60s (custom)
2023-07-16 18:57:11,445 [c23d9737-c121-4244-9e77-c55c15e0a23c-groupManagement] INFO  server.RaftServerConfigKeys (ConfUtils.java:logGet(46)) - raft.server.log.appender.install.snapshot.enabled = false (custom)
2023-07-16 18:57:11,445 [c23d9737-c121-4244-9e77-c55c15e0a23c-groupManagement] INFO  server.RaftServerConfigKeys (ConfUtils.java:logGet(46)) - raft.server.threadpool.server.cached = true (default)
2023-07-16 18:57:11,445 [c23d9737-c121-4244-9e77-c55c15e0a23c-groupManagement] INFO  server.RaftServerConfigKeys (ConfUtils.java:logGet(46)) - raft.server.threadpool.server.size = 0 (default)
2023-07-16 18:57:11,445 [c23d9737-c121-4244-9e77-c55c15e0a23c-groupManagement] INFO  server.RaftServerConfigKeys (ConfUtils.java:logGet(46)) - raft.server.threadpool.client.cached = true (default)
2023-07-16 18:57:11,445 [c23d9737-c121-4244-9e77-c55c15e0a23c-groupManagement] INFO  server.RaftServerConfigKeys (ConfUtils.java:logGet(46)) - raft.server.threadpool.client.size = 0 (default)
2023-07-16 18:57:11,445 [c23d9737-c121-4244-9e77-c55c15e0a23c-groupManagement] INFO  storage.RaftStorageDirectory (RaftStorageDirectoryImpl.java:analyzeStorage(137)) - The storage directory /home/runner/work/ozone/ozone/hadoop-ozone/integration-test/target/test-dir/MiniOzoneClusterImpl-8e52da8c-19f0-467e-9375-6950100829a3/datanode-2/data/ratis/623028da-18e9-42af-b4e8-fa062bef04b9 does not exist. Creating ...
2023-07-16 18:57:11,447 [c23d9737-c121-4244-9e77-c55c15e0a23c-groupManagement] INFO  storage.RaftStorageDirectory (RaftStorageDirectoryImpl.java:tryLock(231)) - Lock on /home/runner/work/ozone/ozone/hadoop-ozone/integration-test/target/test-dir/MiniOzoneClusterImpl-8e52da8c-19f0-467e-9375-6950100829a3/datanode-2/data/ratis/623028da-18e9-42af-b4e8-fa062bef04b9/in_use.lock acquired by nodename 109267@fv-az587-727
2023-07-16 18:57:11,447 [PipelineCommandHandlerThread-0] INFO  server.RaftServer (RaftServerProxy.java:addNew(98)) - 262e2cc5-1901-4d20-b00f-c120f2342a1b: addNew group-A58C9C2B4A74:[262e2cc5-1901-4d20-b00f-c120f2342a1b|rpc:10.1.0.14:15041|admin:10.1.0.14:15040|client:10.1.0.14:15039|dataStream:10.1.0.14:15042|priority:1|startupRole:FOLLOWER] returns group-A58C9C2B4A74:java.util.concurrent.CompletableFuture@72fac015[Not completed]
2023-07-16 18:57:11,449 [c23d9737-c121-4244-9e77-c55c15e0a23c-groupManagement] INFO  storage.RaftStorage (RaftStorageImpl.java:format(96)) - Storage directory /home/runner/work/ozone/ozone/hadoop-ozone/integration-test/target/test-dir/MiniOzoneClusterImpl-8e52da8c-19f0-467e-9375-6950100829a3/datanode-2/data/ratis/623028da-18e9-42af-b4e8-fa062bef04b9 has been successfully formatted.
2023-07-16 18:57:11,450 [262e2cc5-1901-4d20-b00f-c120f2342a1b-groupManagement] INFO  server.RaftServer$Division (RaftServerImpl.java:<init>(198)) - 262e2cc5-1901-4d20-b00f-c120f2342a1b: new RaftServerImpl for group-A58C9C2B4A74:[262e2cc5-1901-4d20-b00f-c120f2342a1b|rpc:10.1.0.14:15041|admin:10.1.0.14:15040|client:10.1.0.14:15039|dataStream:10.1.0.14:15042|priority:1|startupRole:FOLLOWER] with ContainerStateMachine:uninitialized
2023-07-16 18:57:11,451 [262e2cc5-1901-4d20-b00f-c120f2342a1b-groupManagement] INFO  server.RaftServerConfigKeys (ConfUtils.java:logGet(46)) - raft.server.rpc.timeout.min = 5s (custom)
2023-07-16 18:57:11,451 [262e2cc5-1901-4d20-b00f-c120f2342a1b-groupManagement] INFO  server.RaftServerConfigKeys (ConfUtils.java:logGet(46)) - raft.server.rpc.timeout.max = 5200ms (custom)
2023-07-16 18:57:11,451 [262e2cc5-1901-4d20-b00f-c120f2342a1b-groupManagement] INFO  server.RaftServerConfigKeys (ConfUtils.java:logGet(46)) - raft.server.rpc.sleep.time = 25ms (default)
2023-07-16 18:57:11,451 [262e2cc5-1901-4d20-b00f-c120f2342a1b-groupManagement] INFO  server.RaftServerConfigKeys (ConfUtils.java:logGet(46)) - raft.server.rpc.slowness.timeout = 300s (custom)
2023-07-16 18:57:11,451 [262e2cc5-1901-4d20-b00f-c120f2342a1b-groupManagement] INFO  server.RaftServerConfigKeys (ConfUtils.java:logGet(46)) - raft.server.leaderelection.leader.step-down.wait-time = 10s (default)
2023-07-16 18:57:11,451 [262e2cc5-1901-4d20-b00f-c120f2342a1b-groupManagement] INFO  server.RaftServerConfigKeys (ConfUtils.java:logGet(46)) - raft.server.sleep.deviation.threshold = 300ms (default)
2023-07-16 18:57:11,451 [PipelineCommandHandlerThread-0] INFO  commandhandler.CreatePipelineCommandHandler (CreatePipelineCommandHandler.java:lambda$handle$2(124)) - Created Pipeline RATIS THREE PipelineID=623028da-18e9-42af-b4e8-fa062bef04b9.
2023-07-16 18:57:11,455 [PipelineCommandHandlerThread-0] INFO  server.RaftServer (RaftServerProxy.java:addNew(98)) - e061ba01-06b3-4f38-a151-c7c4cf78ce5a: addNew group-5330B41CC205:[0e76f3da-5374-4d3e-bc44-9848a147cb1b|rpc:10.1.0.14:15014|admin:10.1.0.14:15013|client:10.1.0.14:15012|dataStream:10.1.0.14:15015|priority:0|startupRole:FOLLOWER, c23d9737-c121-4244-9e77-c55c15e0a23c|rpc:10.1.0.14:15032|admin:10.1.0.14:15031|client:10.1.0.14:15030|dataStream:10.1.0.14:15033|priority:1|startupRole:FOLLOWER, e061ba01-06b3-4f38-a151-c7c4cf78ce5a|rpc:10.1.0.14:15023|admin:10.1.0.14:15022|client:10.1.0.14:15021|dataStream:10.1.0.14:15024|priority:0|startupRole:FOLLOWER] returns group-5330B41CC205:java.util.concurrent.CompletableFuture@54e89b47[Not completed]
2023-07-16 18:57:11,451 [c23d9737-c121-4244-9e77-c55c15e0a23c-groupManagement] INFO  ratis.ContainerStateMachine (ContainerStateMachine.java:loadSnapshot(262)) - group-FA062BEF04B9: The snapshot info is null. Setting the last applied indexto:(t:0, i:~)
2023-07-16 18:57:11,456 [c23d9737-c121-4244-9e77-c55c15e0a23c-groupManagement] INFO  server.RaftServerConfigKeys (ConfUtils.java:logGet(46)) - raft.server.log.use.memory = false (default)
2023-07-16 18:57:11,456 [c23d9737-c121-4244-9e77-c55c15e0a23c-groupManagement] INFO  server.RaftServerConfigKeys (ConfUtils.java:logGet(46)) - raft.server.log.purge.gap = 1000000 (custom)
2023-07-16 18:57:11,456 [c23d9737-c121-4244-9e77-c55c15e0a23c-groupManagement] INFO  server.RaftServerConfigKeys (ConfUtils.java:logGet(46)) - raft.server.log.appender.buffer.byte-limit = 33554432 (custom)
2023-07-16 18:57:11,456 [c23d9737-c121-4244-9e77-c55c15e0a23c-groupManagement] INFO  server.RaftServerConfigKeys (ConfUtils.java:logGet(46)) - raft.server.log.statemachine.data.read.timeout = 1000ms (default)
2023-07-16 18:57:11,456 [c23d9737-c121-4244-9e77-c55c15e0a23c-groupManagement] INFO  server.RaftServerConfigKeys (ConfUtils.java:logGet(46)) - raft.server.log.purge.preservation.log.num = 0 (default)
2023-07-16 18:57:11,456 [c23d9737-c121-4244-9e77-c55c15e0a23c-groupManagement] INFO  server.RaftServerConfigKeys (ConfUtils.java:logGet(46)) - raft.server.log.segment.size.max = 1048576 (custom)
2023-07-16 18:57:11,457 [e061ba01-06b3-4f38-a151-c7c4cf78ce5a-groupManagement] INFO  server.RaftServer$Division (RaftServerImpl.java:<init>(198)) - e061ba01-06b3-4f38-a151-c7c4cf78ce5a: new RaftServerImpl for group-5330B41CC205:[0e76f3da-5374-4d3e-bc44-9848a147cb1b|rpc:10.1.0.14:15014|admin:10.1.0.14:15013|client:10.1.0.14:15012|dataStream:10.1.0.14:15015|priority:0|startupRole:FOLLOWER, c23d9737-c121-4244-9e77-c55c15e0a23c|rpc:10.1.0.14:15032|admin:10.1.0.14:15031|client:10.1.0.14:15030|dataStream:10.1.0.14:15033|priority:1|startupRole:FOLLOWER, e061ba01-06b3-4f38-a151-c7c4cf78ce5a|rpc:10.1.0.14:15023|admin:10.1.0.14:15022|client:10.1.0.14:15021|dataStream:10.1.0.14:15024|priority:0|startupRole:FOLLOWER] with ContainerStateMachine:uninitialized
2023-07-16 18:57:11,463 [e061ba01-06b3-4f38-a151-c7c4cf78ce5a-groupManagement] INFO  server.RaftServerConfigKeys (ConfUtils.java:logGet(46)) - raft.server.rpc.timeout.min = 5s (custom)
2023-07-16 18:57:11,463 [e061ba01-06b3-4f38-a151-c7c4cf78ce5a-groupManagement] INFO  server.RaftServerConfigKeys (ConfUtils.java:logGet(46)) - raft.server.rpc.timeout.max = 5200ms (custom)
2023-07-16 18:57:11,463 [e061ba01-06b3-4f38-a151-c7c4cf78ce5a-groupManagement] INFO  server.RaftServerConfigKeys (ConfUtils.java:logGet(46)) - raft.server.rpc.sleep.time = 25ms (default)
2023-07-16 18:57:11,463 [e061ba01-06b3-4f38-a151-c7c4cf78ce5a-groupManagement] INFO  server.RaftServerConfigKeys (ConfUtils.java:logGet(46)) - raft.server.rpc.slowness.timeout = 300s (custom)
2023-07-16 18:57:11,463 [e061ba01-06b3-4f38-a151-c7c4cf78ce5a-groupManagement] INFO  server.RaftServerConfigKeys (ConfUtils.java:logGet(46)) - raft.server.leaderelection.leader.step-down.wait-time = 10s (default)
2023-07-16 18:57:11,464 [e061ba01-06b3-4f38-a151-c7c4cf78ce5a-groupManagement] INFO  server.RaftServerConfigKeys (ConfUtils.java:logGet(46)) - raft.server.sleep.deviation.threshold = 300ms (default)
2023-07-16 18:57:11,464 [e061ba01-06b3-4f38-a151-c7c4cf78ce5a-groupManagement] INFO  server.RaftServer$Division (ServerState.java:<init>(120)) - e061ba01-06b3-4f38-a151-c7c4cf78ce5a@group-5330B41CC205: ConfigurationManager, init=-1: peers:[0e76f3da-5374-4d3e-bc44-9848a147cb1b|rpc:10.1.0.14:15014|admin:10.1.0.14:15013|client:10.1.0.14:15012|dataStream:10.1.0.14:15015|priority:0|startupRole:FOLLOWER, c23d9737-c121-4244-9e77-c55c15e0a23c|rpc:10.1.0.14:15032|admin:10.1.0.14:15031|client:10.1.0.14:15030|dataStream:10.1.0.14:15033|priority:1|startupRole:FOLLOWER, e061ba01-06b3-4f38-a151-c7c4cf78ce5a|rpc:10.1.0.14:15023|admin:10.1.0.14:15022|client:10.1.0.14:15021|dataStream:10.1.0.14:15024|priority:0|startupRole:FOLLOWER]|listeners:[], old=null, confs=<EMPTY_MAP>
2023-07-16 18:57:11,464 [e061ba01-06b3-4f38-a151-c7c4cf78ce5a-groupManagement] INFO  server.RaftServerConfigKeys (ConfUtils.java:logGet(46)) - raft.server.storage.dir = [/home/runner/work/ozone/ozone/hadoop-ozone/integration-test/target/test-dir/MiniOzoneClusterImpl-8e52da8c-19f0-467e-9375-6950100829a3/datanode-1/data/ratis] (custom)
2023-07-16 18:57:11,464 [e061ba01-06b3-4f38-a151-c7c4cf78ce5a-groupManagement] INFO  server.RaftServerConfigKeys (ConfUtils.java:logGet(46)) - raft.server.log.corruption.policy = EXCEPTION (default)
2023-07-16 18:57:11,464 [e061ba01-06b3-4f38-a151-c7c4cf78ce5a-groupManagement] INFO  server.RaftServerConfigKeys (ConfUtils.java:logGet(46)) - raft.server.storage.free-space.min = 0MB (=0) (default)
2023-07-16 18:57:11,464 [e061ba01-06b3-4f38-a151-c7c4cf78ce5a-groupManagement] INFO  server.RaftServerConfigKeys (ConfUtils.java:logGet(46)) - raft.server.notification.no-leader.timeout = 300s (custom)
2023-07-16 18:57:11,464 [e061ba01-06b3-4f38-a151-c7c4cf78ce5a-groupManagement] INFO  server.RaftServerConfigKeys (ConfUtils.java:logGet(46)) - raft.server.read.timeout = 10s (default)
2023-07-16 18:57:11,464 [e061ba01-06b3-4f38-a151-c7c4cf78ce5a-groupManagement] INFO  server.RaftServerConfigKeys (ConfUtils.java:logGet(46)) - raft.server.retrycache.expirytime = 600000ms (custom)
2023-07-16 18:57:11,464 [e061ba01-06b3-4f38-a151-c7c4cf78ce5a-groupManagement] INFO  server.RaftServerConfigKeys (ConfUtils.java:logGet(46)) - raft.server.retrycache.statistics.expirytime = 100μs (default)
2023-07-16 18:57:11,464 [e061ba01-06b3-4f38-a151-c7c4cf78ce5a-groupManagement] INFO  server.RaftServerConfigKeys (ConfUtils.java:logGet(46)) - raft.server.read.option = DEFAULT (default)
2023-07-16 18:57:11,465 [262e2cc5-1901-4d20-b00f-c120f2342a1b-groupManagement] INFO  server.RaftServer$Division (ServerState.java:<init>(120)) - 262e2cc5-1901-4d20-b00f-c120f2342a1b@group-A58C9C2B4A74: ConfigurationManager, init=-1: peers:[262e2cc5-1901-4d20-b00f-c120f2342a1b|rpc:10.1.0.14:15041|admin:10.1.0.14:15040|client:10.1.0.14:15039|dataStream:10.1.0.14:15042|priority:1|startupRole:FOLLOWER]|listeners:[], old=null, confs=<EMPTY_MAP>
2023-07-16 18:57:11,469 [e061ba01-06b3-4f38-a151-c7c4cf78ce5a-groupManagement] INFO  server.RaftServerConfigKeys (ConfUtils.java:logGet(46)) - raft.server.rpc.request.timeout = 60s (custom)
2023-07-16 18:57:11,469 [e061ba01-06b3-4f38-a151-c7c4cf78ce5a-groupManagement] INFO  server.RaftServerConfigKeys (ConfUtils.java:logGet(46)) - raft.server.log.appender.install.snapshot.enabled = false (custom)
2023-07-16 18:57:11,469 [e061ba01-06b3-4f38-a151-c7c4cf78ce5a-groupManagement] INFO  server.RaftServerConfigKeys (ConfUtils.java:logGet(46)) - raft.server.threadpool.server.cached = true (default)
2023-07-16 18:57:11,469 [e061ba01-06b3-4f38-a151-c7c4cf78ce5a-groupManagement] INFO  server.RaftServerConfigKeys (ConfUtils.java:logGet(46)) - raft.server.threadpool.server.size = 0 (default)
2023-07-16 18:57:11,469 [e061ba01-06b3-4f38-a151-c7c4cf78ce5a-groupManagement] INFO  server.RaftServerConfigKeys (ConfUtils.java:logGet(46)) - raft.server.threadpool.client.cached = true (default)
2023-07-16 18:57:11,469 [e061ba01-06b3-4f38-a151-c7c4cf78ce5a-groupManagement] INFO  server.RaftServerConfigKeys (ConfUtils.java:logGet(46)) - raft.server.threadpool.client.size = 0 (default)
2023-07-16 18:57:11,469 [e061ba01-06b3-4f38-a151-c7c4cf78ce5a-groupManagement] INFO  storage.RaftStorageDirectory (RaftStorageDirectoryImpl.java:analyzeStorage(137)) - The storage directory /home/runner/work/ozone/ozone/hadoop-ozone/integration-test/target/test-dir/MiniOzoneClusterImpl-8e52da8c-19f0-467e-9375-6950100829a3/datanode-1/data/ratis/ad28fbcc-3ba8-4a13-af59-5330b41cc205 does not exist. Creating ...
2023-07-16 18:57:11,468 [c23d9737-c121-4244-9e77-c55c15e0a23c-groupManagement] INFO  server.RaftServerConfigKeys (ConfUtils.java:logGet(46)) - raft.server.log.segment.cache.num.max = 2 (custom)
2023-07-16 18:57:11,467 [EventQueue-PipelineReportForPipelineReportHandler] INFO  pipeline.PipelineReportHandler (PipelineReportHandler.java:processPipelineReport(136)) - Opened pipeline PipelineID=a0be9edf-cc92-42c3-b8f8-22273f6c5a48
2023-07-16 18:57:11,470 [EventQueue-OpenPipelineForHealthyPipelineSafeModeRule] INFO  safemode.SCMSafeModeManager (HealthyPipelineSafeModeRule.java:process(137)) - SCM in safe mode. Healthy pipelines reported count is 0, required healthy pipeline reported count is 1
2023-07-16 18:57:11,470 [c23d9737-c121-4244-9e77-c55c15e0a23c-groupManagement] INFO  server.RaftServerConfigKeys (ConfUtils.java:logGet(46)) - raft.server.log.segment.cache.size.max = 200MB (=209715200) (default)
2023-07-16 18:57:11,470 [c23d9737-c121-4244-9e77-c55c15e0a23c-groupManagement] INFO  server.RaftServerConfigKeys (ConfUtils.java:logGet(46)) - raft.server.log.appender.buffer.byte-limit = 33554432 (custom)
2023-07-16 18:57:11,470 [c23d9737-c121-4244-9e77-c55c15e0a23c-groupManagement] INFO  segmented.SegmentedRaftLogWorker (SegmentedRaftLogWorker.java:<init>(188)) - new c23d9737-c121-4244-9e77-c55c15e0a23c@group-FA062BEF04B9-SegmentedRaftLogWorker for RaftStorageImpl:Storage Directory /home/runner/work/ozone/ozone/hadoop-ozone/integration-test/target/test-dir/MiniOzoneClusterImpl-8e52da8c-19f0-467e-9375-6950100829a3/datanode-2/data/ratis/623028da-18e9-42af-b4e8-fa062bef04b9
2023-07-16 18:57:11,470 [c23d9737-c121-4244-9e77-c55c15e0a23c-groupManagement] INFO  server.RaftServerConfigKeys (ConfUtils.java:logGet(46)) - raft.server.log.queue.byte-limit = 4294967296 (custom)
2023-07-16 18:57:11,470 [c23d9737-c121-4244-9e77-c55c15e0a23c-groupManagement] INFO  server.RaftServerConfigKeys (ConfUtils.java:logGet(46)) - raft.server.log.queue.element-limit = 1024 (custom)
2023-07-16 18:57:11,470 [c23d9737-c121-4244-9e77-c55c15e0a23c-groupManagement] INFO  server.RaftServerConfigKeys (ConfUtils.java:logGet(46)) - raft.server.log.segment.size.max = 1048576 (custom)
2023-07-16 18:57:11,470 [c23d9737-c121-4244-9e77-c55c15e0a23c-groupManagement] INFO  server.RaftServerConfigKeys (ConfUtils.java:logGet(46)) - raft.server.log.preallocated.size = 16384 (custom)
2023-07-16 18:57:11,470 [c23d9737-c121-4244-9e77-c55c15e0a23c-groupManagement] INFO  server.RaftServerConfigKeys (ConfUtils.java:logGet(46)) - raft.server.log.force.sync.num = 128 (default)
2023-07-16 18:57:11,470 [c23d9737-c121-4244-9e77-c55c15e0a23c-groupManagement] INFO  server.RaftServerConfigKeys (ConfUtils.java:logGet(46)) - raft.server.log.statemachine.data.sync = true (default)
2023-07-16 18:57:11,471 [c23d9737-c121-4244-9e77-c55c15e0a23c-groupManagement] INFO  server.RaftServerConfigKeys (ConfUtils.java:logGet(46)) - raft.server.log.statemachine.data.sync.timeout = 10s (default)
2023-07-16 18:57:11,471 [c23d9737-c121-4244-9e77-c55c15e0a23c-groupManagement] INFO  server.RaftServerConfigKeys (ConfUtils.java:logGet(46)) - raft.server.log.statemachine.data.sync.timeout.retry = -1 (default)
2023-07-16 18:57:11,471 [e061ba01-06b3-4f38-a151-c7c4cf78ce5a-groupManagement] INFO  storage.RaftStorageDirectory (RaftStorageDirectoryImpl.java:tryLock(231)) - Lock on /home/runner/work/ozone/ozone/hadoop-ozone/integration-test/target/test-dir/MiniOzoneClusterImpl-8e52da8c-19f0-467e-9375-6950100829a3/datanode-1/data/ratis/ad28fbcc-3ba8-4a13-af59-5330b41cc205/in_use.lock acquired by nodename 109267@fv-az587-727
2023-07-16 18:57:11,472 [c23d9737-c121-4244-9e77-c55c15e0a23c-groupManagement] INFO  server.RaftServerConfigKeys (ConfUtils.java:logGet(46)) - raft.server.log.write.buffer.size = 1048576 (custom)
2023-07-16 18:57:11,473 [262e2cc5-1901-4d20-b00f-c120f2342a1b-groupManagement] INFO  server.RaftServerConfigKeys (ConfUtils.java:logGet(46)) - raft.server.storage.dir = [/home/runner/work/ozone/ozone/hadoop-ozone/integration-test/target/test-dir/MiniOzoneClusterImpl-8e52da8c-19f0-467e-9375-6950100829a3/datanode-3/data/ratis] (custom)
2023-07-16 18:57:11,473 [262e2cc5-1901-4d20-b00f-c120f2342a1b-groupManagement] INFO  server.RaftServerConfigKeys (ConfUtils.java:logGet(46)) - raft.server.log.corruption.policy = EXCEPTION (default)
2023-07-16 18:57:11,473 [262e2cc5-1901-4d20-b00f-c120f2342a1b-groupManagement] INFO  server.RaftServerConfigKeys (ConfUtils.java:logGet(46)) - raft.server.storage.free-space.min = 0MB (=0) (default)
2023-07-16 18:57:11,473 [262e2cc5-1901-4d20-b00f-c120f2342a1b-groupManagement] INFO  server.RaftServerConfigKeys (ConfUtils.java:logGet(46)) - raft.server.notification.no-leader.timeout = 300s (custom)
2023-07-16 18:57:11,473 [262e2cc5-1901-4d20-b00f-c120f2342a1b-groupManagement] INFO  server.RaftServerConfigKeys (ConfUtils.java:logGet(46)) - raft.server.read.timeout = 10s (default)
2023-07-16 18:57:11,473 [262e2cc5-1901-4d20-b00f-c120f2342a1b-groupManagement] INFO  server.RaftServerConfigKeys (ConfUtils.java:logGet(46)) - raft.server.retrycache.expirytime = 600000ms (custom)
2023-07-16 18:57:11,473 [262e2cc5-1901-4d20-b00f-c120f2342a1b-groupManagement] INFO  server.RaftServerConfigKeys (ConfUtils.java:logGet(46)) - raft.server.retrycache.statistics.expirytime = 100μs (default)
2023-07-16 18:57:11,473 [262e2cc5-1901-4d20-b00f-c120f2342a1b-groupManagement] INFO  server.RaftServerConfigKeys (ConfUtils.java:logGet(46)) - raft.server.read.option = DEFAULT (default)
2023-07-16 18:57:11,474 [e061ba01-06b3-4f38-a151-c7c4cf78ce5a-groupManagement] INFO  storage.RaftStorage (RaftStorageImpl.java:format(96)) - Storage directory /home/runner/work/ozone/ozone/hadoop-ozone/integration-test/target/test-dir/MiniOzoneClusterImpl-8e52da8c-19f0-467e-9375-6950100829a3/datanode-1/data/ratis/ad28fbcc-3ba8-4a13-af59-5330b41cc205 has been successfully formatted.
2023-07-16 18:57:11,474 [e061ba01-06b3-4f38-a151-c7c4cf78ce5a-groupManagement] INFO  ratis.ContainerStateMachine (ContainerStateMachine.java:loadSnapshot(262)) - group-5330B41CC205: The snapshot info is null. Setting the last applied indexto:(t:0, i:~)
2023-07-16 18:57:11,474 [e061ba01-06b3-4f38-a151-c7c4cf78ce5a-groupManagement] INFO  server.RaftServerConfigKeys (ConfUtils.java:logGet(46)) - raft.server.log.use.memory = false (default)
2023-07-16 18:57:11,474 [e061ba01-06b3-4f38-a151-c7c4cf78ce5a-groupManagement] INFO  server.RaftServerConfigKeys (ConfUtils.java:logGet(46)) - raft.server.log.purge.gap = 1000000 (custom)
2023-07-16 18:57:11,474 [e061ba01-06b3-4f38-a151-c7c4cf78ce5a-groupManagement] INFO  server.RaftServerConfigKeys (ConfUtils.java:logGet(46)) - raft.server.log.appender.buffer.byte-limit = 33554432 (custom)
2023-07-16 18:57:11,474 [e061ba01-06b3-4f38-a151-c7c4cf78ce5a-groupManagement] INFO  server.RaftServerConfigKeys (ConfUtils.java:logGet(46)) - raft.server.log.statemachine.data.read.timeout = 1000ms (default)
2023-07-16 18:57:11,474 [e061ba01-06b3-4f38-a151-c7c4cf78ce5a-groupManagement] INFO  server.RaftServerConfigKeys (ConfUtils.java:logGet(46)) - raft.server.log.purge.preservation.log.num = 0 (default)
2023-07-16 18:57:11,475 [e061ba01-06b3-4f38-a151-c7c4cf78ce5a-groupManagement] INFO  server.RaftServerConfigKeys (ConfUtils.java:logGet(46)) - raft.server.log.segment.size.max = 1048576 (custom)
2023-07-16 18:57:11,483 [c23d9737-c121-4244-9e77-c55c15e0a23c-groupManagement] INFO  server.RaftServerConfigKeys (ConfUtils.java:logGet(46)) - raft.server.log.appender.buffer.byte-limit = 33554432 (custom)
2023-07-16 18:57:11,486 [e061ba01-06b3-4f38-a151-c7c4cf78ce5a-groupManagement] INFO  server.RaftServerConfigKeys (ConfUtils.java:logGet(46)) - raft.server.log.segment.cache.num.max = 2 (custom)
2023-07-16 18:57:11,486 [e061ba01-06b3-4f38-a151-c7c4cf78ce5a-groupManagement] INFO  server.RaftServerConfigKeys (ConfUtils.java:logGet(46)) - raft.server.log.segment.cache.size.max = 200MB (=209715200) (default)
2023-07-16 18:57:11,486 [e061ba01-06b3-4f38-a151-c7c4cf78ce5a-groupManagement] INFO  server.RaftServerConfigKeys (ConfUtils.java:logGet(46)) - raft.server.log.appender.buffer.byte-limit = 33554432 (custom)
2023-07-16 18:57:11,486 [e061ba01-06b3-4f38-a151-c7c4cf78ce5a-groupManagement] INFO  segmented.SegmentedRaftLogWorker (SegmentedRaftLogWorker.java:<init>(188)) - new e061ba01-06b3-4f38-a151-c7c4cf78ce5a@group-5330B41CC205-SegmentedRaftLogWorker for RaftStorageImpl:Storage Directory /home/runner/work/ozone/ozone/hadoop-ozone/integration-test/target/test-dir/MiniOzoneClusterImpl-8e52da8c-19f0-467e-9375-6950100829a3/datanode-1/data/ratis/ad28fbcc-3ba8-4a13-af59-5330b41cc205
2023-07-16 18:57:11,486 [e061ba01-06b3-4f38-a151-c7c4cf78ce5a-groupManagement] INFO  server.RaftServerConfigKeys (ConfUtils.java:logGet(46)) - raft.server.log.queue.byte-limit = 4294967296 (custom)
2023-07-16 18:57:11,486 [e061ba01-06b3-4f38-a151-c7c4cf78ce5a-groupManagement] INFO  server.RaftServerConfigKeys (ConfUtils.java:logGet(46)) - raft.server.log.queue.element-limit = 1024 (custom)
2023-07-16 18:57:11,486 [e061ba01-06b3-4f38-a151-c7c4cf78ce5a-groupManagement] INFO  server.RaftServerConfigKeys (ConfUtils.java:logGet(46)) - raft.server.log.segment.size.max = 1048576 (custom)
2023-07-16 18:57:11,487 [e061ba01-06b3-4f38-a151-c7c4cf78ce5a-groupManagement] INFO  server.RaftServerConfigKeys (ConfUtils.java:logGet(46)) - raft.server.log.preallocated.size = 16384 (custom)
2023-07-16 18:57:11,487 [e061ba01-06b3-4f38-a151-c7c4cf78ce5a-groupManagement] INFO  server.RaftServerConfigKeys (ConfUtils.java:logGet(46)) - raft.server.log.force.sync.num = 128 (default)
2023-07-16 18:57:11,487 [e061ba01-06b3-4f38-a151-c7c4cf78ce5a-groupManagement] INFO  server.RaftServerConfigKeys (ConfUtils.java:logGet(46)) - raft.server.log.statemachine.data.sync = true (default)
2023-07-16 18:57:11,487 [e061ba01-06b3-4f38-a151-c7c4cf78ce5a-groupManagement] INFO  server.RaftServerConfigKeys (ConfUtils.java:logGet(46)) - raft.server.log.statemachine.data.sync.timeout = 10s (default)
2023-07-16 18:57:11,487 [e061ba01-06b3-4f38-a151-c7c4cf78ce5a-groupManagement] INFO  server.RaftServerConfigKeys (ConfUtils.java:logGet(46)) - raft.server.log.statemachine.data.sync.timeout.retry = -1 (default)
2023-07-16 18:57:11,487 [262e2cc5-1901-4d20-b00f-c120f2342a1b-groupManagement] INFO  server.RaftServerConfigKeys (ConfUtils.java:logGet(46)) - raft.server.rpc.request.timeout = 60s (custom)
2023-07-16 18:57:11,487 [262e2cc5-1901-4d20-b00f-c120f2342a1b-groupManagement] INFO  server.RaftServerConfigKeys (ConfUtils.java:logGet(46)) - raft.server.log.appender.install.snapshot.enabled = false (custom)
2023-07-16 18:57:11,487 [262e2cc5-1901-4d20-b00f-c120f2342a1b-groupManagement] INFO  server.RaftServerConfigKeys (ConfUtils.java:logGet(46)) - raft.server.threadpool.server.cached = true (default)
2023-07-16 18:57:11,487 [262e2cc5-1901-4d20-b00f-c120f2342a1b-groupManagement] INFO  server.RaftServerConfigKeys (ConfUtils.java:logGet(46)) - raft.server.threadpool.server.size = 0 (default)
2023-07-16 18:57:11,487 [262e2cc5-1901-4d20-b00f-c120f2342a1b-groupManagement] INFO  server.RaftServerConfigKeys (ConfUtils.java:logGet(46)) - raft.server.threadpool.client.cached = true (default)
2023-07-16 18:57:11,487 [262e2cc5-1901-4d20-b00f-c120f2342a1b-groupManagement] INFO  server.RaftServerConfigKeys (ConfUtils.java:logGet(46)) - raft.server.threadpool.client.size = 0 (default)
2023-07-16 18:57:11,488 [262e2cc5-1901-4d20-b00f-c120f2342a1b-groupManagement] INFO  storage.RaftStorageDirectory (RaftStorageDirectoryImpl.java:analyzeStorage(137)) - The storage directory /home/runner/work/ozone/ozone/hadoop-ozone/integration-test/target/test-dir/MiniOzoneClusterImpl-8e52da8c-19f0-467e-9375-6950100829a3/datanode-3/data/ratis/f1812f62-89a5-4202-a8b1-a58c9c2b4a74 does not exist. Creating ...
2023-07-16 18:57:11,488 [e061ba01-06b3-4f38-a151-c7c4cf78ce5a-groupManagement] INFO  server.RaftServerConfigKeys (ConfUtils.java:logGet(46)) - raft.server.log.write.buffer.size = 1048576 (custom)
2023-07-16 18:57:11,489 [e061ba01-06b3-4f38-a151-c7c4cf78ce5a-groupManagement] INFO  server.RaftServerConfigKeys (ConfUtils.java:logGet(46)) - raft.server.log.appender.buffer.byte-limit = 33554432 (custom)
2023-07-16 18:57:11,494 [c23d9737-c121-4244-9e77-c55c15e0a23c-groupManagement] INFO  server.RaftServerConfigKeys (ConfUtils.java:logGet(46)) - raft.server.log.unsafe-flush.enabled = false (default)
2023-07-16 18:57:11,494 [c23d9737-c121-4244-9e77-c55c15e0a23c-groupManagement] INFO  server.RaftServerConfigKeys (ConfUtils.java:logGet(46)) - raft.server.log.async-flush.enabled = false (default)
2023-07-16 18:57:11,494 [c23d9737-c121-4244-9e77-c55c15e0a23c-groupManagement] INFO  server.RaftServerConfigKeys (ConfUtils.java:logGet(46)) - raft.server.log.statemachine.data.caching.enabled = true (custom)
2023-07-16 18:57:11,496 [c23d9737-c121-4244-9e77-c55c15e0a23c-groupManagement] INFO  segmented.SegmentedRaftLogWorker (SegmentedRaftLogWorker.java:lambda$new$0(135)) - c23d9737-c121-4244-9e77-c55c15e0a23c@group-FA062BEF04B9-SegmentedRaftLogWorker: flushIndex: setUnconditionally 0 -> -1
2023-07-16 18:57:11,496 [c23d9737-c121-4244-9e77-c55c15e0a23c-groupManagement] INFO  segmented.SegmentedRaftLogWorker (SegmentedRaftLogWorker.java:lambda$new$0(135)) - c23d9737-c121-4244-9e77-c55c15e0a23c@group-FA062BEF04B9-SegmentedRaftLogWorker: safeCacheEvictIndex: setUnconditionally 0 -> -1
2023-07-16 18:57:11,497 [EventQueue-OpenPipelineForHealthyPipelineSafeModeRule] INFO  safemode.SCMSafeModeManager (HealthyPipelineSafeModeRule.java:process(137)) - SCM in safe mode. Healthy pipelines reported count is 0, required healthy pipeline reported count is 1
2023-07-16 18:57:11,498 [262e2cc5-1901-4d20-b00f-c120f2342a1b-groupManagement] INFO  storage.RaftStorageDirectory (RaftStorageDirectoryImpl.java:tryLock(231)) - Lock on /home/runner/work/ozone/ozone/hadoop-ozone/integration-test/target/test-dir/MiniOzoneClusterImpl-8e52da8c-19f0-467e-9375-6950100829a3/datanode-3/data/ratis/f1812f62-89a5-4202-a8b1-a58c9c2b4a74/in_use.lock acquired by nodename 109267@fv-az587-727
2023-07-16 18:57:11,499 [e061ba01-06b3-4f38-a151-c7c4cf78ce5a-groupManagement] INFO  server.RaftServerConfigKeys (ConfUtils.java:logGet(46)) - raft.server.log.unsafe-flush.enabled = false (default)
2023-07-16 18:57:11,499 [e061ba01-06b3-4f38-a151-c7c4cf78ce5a-groupManagement] INFO  server.RaftServerConfigKeys (ConfUtils.java:logGet(46)) - raft.server.log.async-flush.enabled = false (default)
2023-07-16 18:57:11,499 [e061ba01-06b3-4f38-a151-c7c4cf78ce5a-groupManagement] INFO  server.RaftServerConfigKeys (ConfUtils.java:logGet(46)) - raft.server.log.statemachine.data.caching.enabled = true (custom)
2023-07-16 18:57:11,499 [e061ba01-06b3-4f38-a151-c7c4cf78ce5a-groupManagement] INFO  segmented.SegmentedRaftLogWorker (SegmentedRaftLogWorker.java:lambda$new$0(135)) - e061ba01-06b3-4f38-a151-c7c4cf78ce5a@group-5330B41CC205-SegmentedRaftLogWorker: flushIndex: setUnconditionally 0 -> -1
2023-07-16 18:57:11,499 [e061ba01-06b3-4f38-a151-c7c4cf78ce5a-groupManagement] INFO  segmented.SegmentedRaftLogWorker (SegmentedRaftLogWorker.java:lambda$new$0(135)) - e061ba01-06b3-4f38-a151-c7c4cf78ce5a@group-5330B41CC205-SegmentedRaftLogWorker: safeCacheEvictIndex: setUnconditionally 0 -> -1
2023-07-16 18:57:11,499 [c23d9737-c121-4244-9e77-c55c15e0a23c-groupManagement] INFO  server.RaftServer$Division (RaftServerImpl.java:start(342)) - c23d9737-c121-4244-9e77-c55c15e0a23c@group-FA062BEF04B9: start as a follower, conf=-1: peers:[0e76f3da-5374-4d3e-bc44-9848a147cb1b|rpc:10.1.0.14:15014|admin:10.1.0.14:15013|client:10.1.0.14:15012|dataStream:10.1.0.14:15015|priority:1|startupRole:FOLLOWER, e061ba01-06b3-4f38-a151-c7c4cf78ce5a|rpc:10.1.0.14:15023|admin:10.1.0.14:15022|client:10.1.0.14:15021|dataStream:10.1.0.14:15024|priority:0|startupRole:FOLLOWER, c23d9737-c121-4244-9e77-c55c15e0a23c|rpc:10.1.0.14:15032|admin:10.1.0.14:15031|client:10.1.0.14:15030|dataStream:10.1.0.14:15033|priority:0|startupRole:FOLLOWER]|listeners:[], old=null
2023-07-16 18:57:11,499 [c23d9737-c121-4244-9e77-c55c15e0a23c-groupManagement] INFO  server.RaftServer$Division (RaftServerImpl.java:setRole(329)) - c23d9737-c121-4244-9e77-c55c15e0a23c@group-FA062BEF04B9: changes role from      null to FOLLOWER at term 0 for startAsFollower
2023-07-16 18:57:11,500 [c23d9737-c121-4244-9e77-c55c15e0a23c-groupManagement] INFO  impl.RoleInfo (RoleInfo.java:updateAndGet(139)) - c23d9737-c121-4244-9e77-c55c15e0a23c: start c23d9737-c121-4244-9e77-c55c15e0a23c@group-FA062BEF04B9-FollowerState
2023-07-16 18:57:11,500 [c23d9737-c121-4244-9e77-c55c15e0a23c-groupManagement] INFO  util.JmxRegister (JmxRegister.java:tryRegister(44)) - Successfully registered JMX Bean with object name Ratis:service=RaftServer,group=group-FA062BEF04B9,id=c23d9737-c121-4244-9e77-c55c15e0a23c
2023-07-16 18:57:11,500 [c23d9737-c121-4244-9e77-c55c15e0a23c-groupManagement] INFO  server.RaftServerConfigKeys (ConfUtils.java:logGet(46)) - raft.server.snapshot.auto.trigger.enabled = true (custom)
2023-07-16 18:57:11,500 [c23d9737-c121-4244-9e77-c55c15e0a23c-groupManagement] INFO  server.RaftServerConfigKeys (ConfUtils.java:logGet(46)) - raft.server.snapshot.auto.trigger.threshold = 10000 (custom)
2023-07-16 18:57:11,500 [c23d9737-c121-4244-9e77-c55c15e0a23c-groupManagement] INFO  server.RaftServerConfigKeys (ConfUtils.java:logGet(46)) - raft.server.snapshot.retention.file.num = 5 (custom)
2023-07-16 18:57:11,500 [c23d9737-c121-4244-9e77-c55c15e0a23c-groupManagement] INFO  server.RaftServerConfigKeys (ConfUtils.java:logGet(46)) - raft.server.log.purge.upto.snapshot.index = false (default)
2023-07-16 18:57:11,500 [262e2cc5-1901-4d20-b00f-c120f2342a1b-groupManagement] INFO  storage.RaftStorage (RaftStorageImpl.java:format(96)) - Storage directory /home/runner/work/ozone/ozone/hadoop-ozone/integration-test/target/test-dir/MiniOzoneClusterImpl-8e52da8c-19f0-467e-9375-6950100829a3/datanode-3/data/ratis/f1812f62-89a5-4202-a8b1-a58c9c2b4a74 has been successfully formatted.
2023-07-16 18:57:11,502 [e061ba01-06b3-4f38-a151-c7c4cf78ce5a-groupManagement] INFO  server.RaftServer$Division (RaftServerImpl.java:start(342)) - e061ba01-06b3-4f38-a151-c7c4cf78ce5a@group-5330B41CC205: start as a follower, conf=-1: peers:[0e76f3da-5374-4d3e-bc44-9848a147cb1b|rpc:10.1.0.14:15014|admin:10.1.0.14:15013|client:10.1.0.14:15012|dataStream:10.1.0.14:15015|priority:0|startupRole:FOLLOWER, c23d9737-c121-4244-9e77-c55c15e0a23c|rpc:10.1.0.14:15032|admin:10.1.0.14:15031|client:10.1.0.14:15030|dataStream:10.1.0.14:15033|priority:1|startupRole:FOLLOWER, e061ba01-06b3-4f38-a151-c7c4cf78ce5a|rpc:10.1.0.14:15023|admin:10.1.0.14:15022|client:10.1.0.14:15021|dataStream:10.1.0.14:15024|priority:0|startupRole:FOLLOWER]|listeners:[], old=null
2023-07-16 18:57:11,503 [e061ba01-06b3-4f38-a151-c7c4cf78ce5a-groupManagement] INFO  server.RaftServer$Division (RaftServerImpl.java:setRole(329)) - e061ba01-06b3-4f38-a151-c7c4cf78ce5a@group-5330B41CC205: changes role from      null to FOLLOWER at term 0 for startAsFollower
2023-07-16 18:57:11,504 [c23d9737-c121-4244-9e77-c55c15e0a23c@group-FA062BEF04B9-FollowerState] INFO  server.RaftServerConfigKeys (ConfUtils.java:logFallback(53)) - raft.server.rpc.first-election.timeout.min = 5s (fallback to raft.server.rpc.timeout.min)
2023-07-16 18:57:11,506 [c23d9737-c121-4244-9e77-c55c15e0a23c@group-FA062BEF04B9-FollowerState] INFO  server.RaftServerConfigKeys (ConfUtils.java:logFallback(53)) - raft.server.rpc.first-election.timeout.max = 5200ms (fallback to raft.server.rpc.timeout.max)
2023-07-16 18:57:11,505 [e061ba01-06b3-4f38-a151-c7c4cf78ce5a-groupManagement] INFO  impl.RoleInfo (RoleInfo.java:updateAndGet(139)) - e061ba01-06b3-4f38-a151-c7c4cf78ce5a: start e061ba01-06b3-4f38-a151-c7c4cf78ce5a@group-5330B41CC205-FollowerState
2023-07-16 18:57:11,504 [c23d9737-c121-4244-9e77-c55c15e0a23c-groupManagement] INFO  storage.RaftStorageDirectory (RaftStorageDirectoryImpl.java:analyzeStorage(137)) - The storage directory /home/runner/work/ozone/ozone/hadoop-ozone/integration-test/target/test-dir/MiniOzoneClusterImpl-8e52da8c-19f0-467e-9375-6950100829a3/datanode-2/data/ratis/a0be9edf-cc92-42c3-b8f8-22273f6c5a48 does not exist. Creating ...
2023-07-16 18:57:11,508 [c23d9737-c121-4244-9e77-c55c15e0a23c-groupManagement] INFO  storage.RaftStorageDirectory (RaftStorageDirectoryImpl.java:tryLock(231)) - Lock on /home/runner/work/ozone/ozone/hadoop-ozone/integration-test/target/test-dir/MiniOzoneClusterImpl-8e52da8c-19f0-467e-9375-6950100829a3/datanode-2/data/ratis/a0be9edf-cc92-42c3-b8f8-22273f6c5a48/in_use.lock acquired by nodename 109267@fv-az587-727
2023-07-16 18:57:11,509 [c23d9737-c121-4244-9e77-c55c15e0a23c-groupManagement] INFO  storage.RaftStorage (RaftStorageImpl.java:format(96)) - Storage directory /home/runner/work/ozone/ozone/hadoop-ozone/integration-test/target/test-dir/MiniOzoneClusterImpl-8e52da8c-19f0-467e-9375-6950100829a3/datanode-2/data/ratis/a0be9edf-cc92-42c3-b8f8-22273f6c5a48 has been successfully formatted.
2023-07-16 18:57:11,511 [c23d9737-c121-4244-9e77-c55c15e0a23c-groupManagement] INFO  ratis.ContainerStateMachine (ContainerStateMachine.java:loadSnapshot(262)) - group-22273F6C5A48: The snapshot info is null. Setting the last applied indexto:(t:0, i:~)
2023-07-16 18:57:11,511 [c23d9737-c121-4244-9e77-c55c15e0a23c-groupManagement] INFO  server.RaftServerConfigKeys (ConfUtils.java:logGet(46)) - raft.server.log.use.memory = false (default)
2023-07-16 18:57:11,515 [e061ba01-06b3-4f38-a151-c7c4cf78ce5a-groupManagement] INFO  util.JmxRegister (JmxRegister.java:tryRegister(44)) - Successfully registered JMX Bean with object name Ratis:service=RaftServer,group=group-5330B41CC205,id=e061ba01-06b3-4f38-a151-c7c4cf78ce5a
2023-07-16 18:57:11,515 [e061ba01-06b3-4f38-a151-c7c4cf78ce5a-groupManagement] INFO  server.RaftServerConfigKeys (ConfUtils.java:logGet(46)) - raft.server.snapshot.auto.trigger.enabled = true (custom)
2023-07-16 18:57:11,515 [e061ba01-06b3-4f38-a151-c7c4cf78ce5a-groupManagement] INFO  server.RaftServerConfigKeys (ConfUtils.java:logGet(46)) - raft.server.snapshot.auto.trigger.threshold = 10000 (custom)
2023-07-16 18:57:11,515 [e061ba01-06b3-4f38-a151-c7c4cf78ce5a-groupManagement] INFO  server.RaftServerConfigKeys (ConfUtils.java:logGet(46)) - raft.server.snapshot.retention.file.num = 5 (custom)
2023-07-16 18:57:11,515 [e061ba01-06b3-4f38-a151-c7c4cf78ce5a-groupManagement] INFO  server.RaftServerConfigKeys (ConfUtils.java:logGet(46)) - raft.server.log.purge.upto.snapshot.index = false (default)
2023-07-16 18:57:11,515 [262e2cc5-1901-4d20-b00f-c120f2342a1b-groupManagement] INFO  ratis.ContainerStateMachine (ContainerStateMachine.java:loadSnapshot(262)) - group-A58C9C2B4A74: The snapshot info is null. Setting the last applied indexto:(t:0, i:~)
2023-07-16 18:57:11,515 [262e2cc5-1901-4d20-b00f-c120f2342a1b-groupManagement] INFO  server.RaftServerConfigKeys (ConfUtils.java:logGet(46)) - raft.server.log.use.memory = false (default)
2023-07-16 18:57:11,515 [262e2cc5-1901-4d20-b00f-c120f2342a1b-groupManagement] INFO  server.RaftServerConfigKeys (ConfUtils.java:logGet(46)) - raft.server.log.purge.gap = 1000000 (custom)
2023-07-16 18:57:11,515 [262e2cc5-1901-4d20-b00f-c120f2342a1b-groupManagement] INFO  server.RaftServerConfigKeys (ConfUtils.java:logGet(46)) - raft.server.log.appender.buffer.byte-limit = 33554432 (custom)
2023-07-16 18:57:11,515 [262e2cc5-1901-4d20-b00f-c120f2342a1b-groupManagement] INFO  server.RaftServerConfigKeys (ConfUtils.java:logGet(46)) - raft.server.log.statemachine.data.read.timeout = 1000ms (default)
2023-07-16 18:57:11,516 [262e2cc5-1901-4d20-b00f-c120f2342a1b-groupManagement] INFO  server.RaftServerConfigKeys (ConfUtils.java:logGet(46)) - raft.server.log.purge.preservation.log.num = 0 (default)
2023-07-16 18:57:11,516 [c23d9737-c121-4244-9e77-c55c15e0a23c-groupManagement] INFO  server.RaftServerConfigKeys (ConfUtils.java:logGet(46)) - raft.server.log.purge.gap = 1000000 (custom)
2023-07-16 18:57:11,516 [c23d9737-c121-4244-9e77-c55c15e0a23c-groupManagement] INFO  server.RaftServerConfigKeys (ConfUtils.java:logGet(46)) - raft.server.log.appender.buffer.byte-limit = 33554432 (custom)
2023-07-16 18:57:11,516 [c23d9737-c121-4244-9e77-c55c15e0a23c-groupManagement] INFO  server.RaftServerConfigKeys (ConfUtils.java:logGet(46)) - raft.server.log.statemachine.data.read.timeout = 1000ms (default)
2023-07-16 18:57:11,517 [c23d9737-c121-4244-9e77-c55c15e0a23c-groupManagement] INFO  server.RaftServerConfigKeys (ConfUtils.java:logGet(46)) - raft.server.log.purge.preservation.log.num = 0 (default)
2023-07-16 18:57:11,517 [c23d9737-c121-4244-9e77-c55c15e0a23c-groupManagement] INFO  server.RaftServerConfigKeys (ConfUtils.java:logGet(46)) - raft.server.log.segment.size.max = 1048576 (custom)
2023-07-16 18:57:11,517 [c23d9737-c121-4244-9e77-c55c15e0a23c-groupManagement] INFO  server.RaftServerConfigKeys (ConfUtils.java:logGet(46)) - raft.server.log.segment.cache.num.max = 2 (custom)
2023-07-16 18:57:11,517 [c23d9737-c121-4244-9e77-c55c15e0a23c-groupManagement] INFO  server.RaftServerConfigKeys (ConfUtils.java:logGet(46)) - raft.server.log.segment.cache.size.max = 200MB (=209715200) (default)
2023-07-16 18:57:11,517 [c23d9737-c121-4244-9e77-c55c15e0a23c-groupManagement] INFO  server.RaftServerConfigKeys (ConfUtils.java:logGet(46)) - raft.server.log.appender.buffer.byte-limit = 33554432 (custom)
2023-07-16 18:57:11,517 [c23d9737-c121-4244-9e77-c55c15e0a23c-groupManagement] INFO  segmented.SegmentedRaftLogWorker (SegmentedRaftLogWorker.java:<init>(188)) - new c23d9737-c121-4244-9e77-c55c15e0a23c@group-22273F6C5A48-SegmentedRaftLogWorker for RaftStorageImpl:Storage Directory /home/runner/work/ozone/ozone/hadoop-ozone/integration-test/target/test-dir/MiniOzoneClusterImpl-8e52da8c-19f0-467e-9375-6950100829a3/datanode-2/data/ratis/a0be9edf-cc92-42c3-b8f8-22273f6c5a48
2023-07-16 18:57:11,518 [c23d9737-c121-4244-9e77-c55c15e0a23c-groupManagement] INFO  server.RaftServerConfigKeys (ConfUtils.java:logGet(46)) - raft.server.log.queue.byte-limit = 4294967296 (custom)
2023-07-16 18:57:11,518 [c23d9737-c121-4244-9e77-c55c15e0a23c-groupManagement] INFO  server.RaftServerConfigKeys (ConfUtils.java:logGet(46)) - raft.server.log.queue.element-limit = 1024 (custom)
2023-07-16 18:57:11,518 [c23d9737-c121-4244-9e77-c55c15e0a23c-groupManagement] INFO  server.RaftServerConfigKeys (ConfUtils.java:logGet(46)) - raft.server.log.segment.size.max = 1048576 (custom)
2023-07-16 18:57:11,518 [c23d9737-c121-4244-9e77-c55c15e0a23c-groupManagement] INFO  server.RaftServerConfigKeys (ConfUtils.java:logGet(46)) - raft.server.log.preallocated.size = 16384 (custom)
2023-07-16 18:57:11,518 [c23d9737-c121-4244-9e77-c55c15e0a23c-groupManagement] INFO  server.RaftServerConfigKeys (ConfUtils.java:logGet(46)) - raft.server.log.force.sync.num = 128 (default)
2023-07-16 18:57:11,518 [c23d9737-c121-4244-9e77-c55c15e0a23c-groupManagement] INFO  server.RaftServerConfigKeys (ConfUtils.java:logGet(46)) - raft.server.log.statemachine.data.sync = true (default)
2023-07-16 18:57:11,518 [c23d9737-c121-4244-9e77-c55c15e0a23c-groupManagement] INFO  server.RaftServerConfigKeys (ConfUtils.java:logGet(46)) - raft.server.log.statemachine.data.sync.timeout = 10s (default)
2023-07-16 18:57:11,518 [c23d9737-c121-4244-9e77-c55c15e0a23c-groupManagement] INFO  server.RaftServerConfigKeys (ConfUtils.java:logGet(46)) - raft.server.log.statemachine.data.sync.timeout.retry = -1 (default)
2023-07-16 18:57:11,519 [e061ba01-06b3-4f38-a151-c7c4cf78ce5a@group-5330B41CC205-FollowerState] INFO  server.RaftServerConfigKeys (ConfUtils.java:logFallback(53)) - raft.server.rpc.first-election.timeout.min = 5s (fallback to raft.server.rpc.timeout.min)
2023-07-16 18:57:11,519 [e061ba01-06b3-4f38-a151-c7c4cf78ce5a@group-5330B41CC205-FollowerState] INFO  server.RaftServerConfigKeys (ConfUtils.java:logFallback(53)) - raft.server.rpc.first-election.timeout.max = 5200ms (fallback to raft.server.rpc.timeout.max)
2023-07-16 18:57:11,519 [262e2cc5-1901-4d20-b00f-c120f2342a1b-groupManagement] INFO  server.RaftServerConfigKeys (ConfUtils.java:logGet(46)) - raft.server.log.segment.size.max = 1048576 (custom)
2023-07-16 18:57:11,519 [262e2cc5-1901-4d20-b00f-c120f2342a1b-groupManagement] INFO  server.RaftServerConfigKeys (ConfUtils.java:logGet(46)) - raft.server.log.segment.cache.num.max = 2 (custom)
2023-07-16 18:57:11,519 [262e2cc5-1901-4d20-b00f-c120f2342a1b-groupManagement] INFO  server.RaftServerConfigKeys (ConfUtils.java:logGet(46)) - raft.server.log.segment.cache.size.max = 200MB (=209715200) (default)
2023-07-16 18:57:11,519 [262e2cc5-1901-4d20-b00f-c120f2342a1b-groupManagement] INFO  server.RaftServerConfigKeys (ConfUtils.java:logGet(46)) - raft.server.log.appender.buffer.byte-limit = 33554432 (custom)
2023-07-16 18:57:11,519 [262e2cc5-1901-4d20-b00f-c120f2342a1b-groupManagement] INFO  segmented.SegmentedRaftLogWorker (SegmentedRaftLogWorker.java:<init>(188)) - new 262e2cc5-1901-4d20-b00f-c120f2342a1b@group-A58C9C2B4A74-SegmentedRaftLogWorker for RaftStorageImpl:Storage Directory /home/runner/work/ozone/ozone/hadoop-ozone/integration-test/target/test-dir/MiniOzoneClusterImpl-8e52da8c-19f0-467e-9375-6950100829a3/datanode-3/data/ratis/f1812f62-89a5-4202-a8b1-a58c9c2b4a74
2023-07-16 18:57:11,520 [262e2cc5-1901-4d20-b00f-c120f2342a1b-groupManagement] INFO  server.RaftServerConfigKeys (ConfUtils.java:logGet(46)) - raft.server.log.queue.byte-limit = 4294967296 (custom)
2023-07-16 18:57:11,520 [262e2cc5-1901-4d20-b00f-c120f2342a1b-groupManagement] INFO  server.RaftServerConfigKeys (ConfUtils.java:logGet(46)) - raft.server.log.queue.element-limit = 1024 (custom)
2023-07-16 18:57:11,520 [262e2cc5-1901-4d20-b00f-c120f2342a1b-groupManagement] INFO  server.RaftServerConfigKeys (ConfUtils.java:logGet(46)) - raft.server.log.segment.size.max = 1048576 (custom)
2023-07-16 18:57:11,520 [262e2cc5-1901-4d20-b00f-c120f2342a1b-groupManagement] INFO  server.RaftServerConfigKeys (ConfUtils.java:logGet(46)) - raft.server.log.preallocated.size = 16384 (custom)
2023-07-16 18:57:11,520 [262e2cc5-1901-4d20-b00f-c120f2342a1b-groupManagement] INFO  server.RaftServerConfigKeys (ConfUtils.java:logGet(46)) - raft.server.log.force.sync.num = 128 (default)
2023-07-16 18:57:11,520 [262e2cc5-1901-4d20-b00f-c120f2342a1b-groupManagement] INFO  server.RaftServerConfigKeys (ConfUtils.java:logGet(46)) - raft.server.log.statemachine.data.sync = true (default)
2023-07-16 18:57:11,520 [262e2cc5-1901-4d20-b00f-c120f2342a1b-groupManagement] INFO  server.RaftServerConfigKeys (ConfUtils.java:logGet(46)) - raft.server.log.statemachine.data.sync.timeout = 10s (default)
2023-07-16 18:57:11,520 [262e2cc5-1901-4d20-b00f-c120f2342a1b-groupManagement] INFO  server.RaftServerConfigKeys (ConfUtils.java:logGet(46)) - raft.server.log.statemachine.data.sync.timeout.retry = -1 (default)
2023-07-16 18:57:11,521 [262e2cc5-1901-4d20-b00f-c120f2342a1b-groupManagement] INFO  server.RaftServerConfigKeys (ConfUtils.java:logGet(46)) - raft.server.log.write.buffer.size = 1048576 (custom)
2023-07-16 18:57:11,521 [262e2cc5-1901-4d20-b00f-c120f2342a1b-groupManagement] INFO  server.RaftServerConfigKeys (ConfUtils.java:logGet(46)) - raft.server.log.appender.buffer.byte-limit = 33554432 (custom)
2023-07-16 18:57:11,523 [EventQueue-PipelineReportForPipelineReportHandler] INFO  pipeline.PipelineReportHandler (PipelineReportHandler.java:processPipelineReport(136)) - Opened pipeline PipelineID=f1812f62-89a5-4202-a8b1-a58c9c2b4a74
2023-07-16 18:57:11,523 [EventQueue-OpenPipelineForHealthyPipelineSafeModeRule] INFO  safemode.SCMSafeModeManager (HealthyPipelineSafeModeRule.java:process(137)) - SCM in safe mode. Healthy pipelines reported count is 0, required healthy pipeline reported count is 1
2023-07-16 18:57:11,536 [PipelineCommandHandlerThread-0] INFO  ratis.XceiverServerRatis (XceiverServerRatis.java:addGroup(804)) - Created group PipelineID=ad28fbcc-3ba8-4a13-af59-5330b41cc205
2023-07-16 18:57:11,538 [EventQueue-OpenPipelineForHealthyPipelineSafeModeRule] INFO  safemode.SCMSafeModeManager (HealthyPipelineSafeModeRule.java:process(137)) - SCM in safe mode. Healthy pipelines reported count is 0, required healthy pipeline reported count is 1
2023-07-16 18:57:11,539 [c23d9737-c121-4244-9e77-c55c15e0a23c-groupManagement] INFO  server.RaftServerConfigKeys (ConfUtils.java:logGet(46)) - raft.server.log.write.buffer.size = 1048576 (custom)
2023-07-16 18:57:11,539 [c23d9737-c121-4244-9e77-c55c15e0a23c-groupManagement] INFO  server.RaftServerConfigKeys (ConfUtils.java:logGet(46)) - raft.server.log.appender.buffer.byte-limit = 33554432 (custom)
2023-07-16 18:57:11,544 [262e2cc5-1901-4d20-b00f-c120f2342a1b-groupManagement] INFO  server.RaftServerConfigKeys (ConfUtils.java:logGet(46)) - raft.server.log.unsafe-flush.enabled = false (default)
2023-07-16 18:57:11,544 [262e2cc5-1901-4d20-b00f-c120f2342a1b-groupManagement] INFO  server.RaftServerConfigKeys (ConfUtils.java:logGet(46)) - raft.server.log.async-flush.enabled = false (default)
2023-07-16 18:57:11,544 [262e2cc5-1901-4d20-b00f-c120f2342a1b-groupManagement] INFO  server.RaftServerConfigKeys (ConfUtils.java:logGet(46)) - raft.server.log.statemachine.data.caching.enabled = true (custom)
2023-07-16 18:57:11,545 [262e2cc5-1901-4d20-b00f-c120f2342a1b-groupManagement] INFO  segmented.SegmentedRaftLogWorker (SegmentedRaftLogWorker.java:lambda$new$0(135)) - 262e2cc5-1901-4d20-b00f-c120f2342a1b@group-A58C9C2B4A74-SegmentedRaftLogWorker: flushIndex: setUnconditionally 0 -> -1
2023-07-16 18:57:11,545 [262e2cc5-1901-4d20-b00f-c120f2342a1b-groupManagement] INFO  segmented.SegmentedRaftLogWorker (SegmentedRaftLogWorker.java:lambda$new$0(135)) - 262e2cc5-1901-4d20-b00f-c120f2342a1b@group-A58C9C2B4A74-SegmentedRaftLogWorker: safeCacheEvictIndex: setUnconditionally 0 -> -1
2023-07-16 18:57:11,545 [c23d9737-c121-4244-9e77-c55c15e0a23c-groupManagement] INFO  server.RaftServerConfigKeys (ConfUtils.java:logGet(46)) - raft.server.log.unsafe-flush.enabled = false (default)
2023-07-16 18:57:11,545 [c23d9737-c121-4244-9e77-c55c15e0a23c-groupManagement] INFO  server.RaftServerConfigKeys (ConfUtils.java:logGet(46)) - raft.server.log.async-flush.enabled = false (default)
2023-07-16 18:57:11,545 [c23d9737-c121-4244-9e77-c55c15e0a23c-groupManagement] INFO  server.RaftServerConfigKeys (ConfUtils.java:logGet(46)) - raft.server.log.statemachine.data.caching.enabled = true (custom)
2023-07-16 18:57:11,545 [c23d9737-c121-4244-9e77-c55c15e0a23c-groupManagement] INFO  segmented.SegmentedRaftLogWorker (SegmentedRaftLogWorker.java:lambda$new$0(135)) - c23d9737-c121-4244-9e77-c55c15e0a23c@group-22273F6C5A48-SegmentedRaftLogWorker: flushIndex: setUnconditionally 0 -> -1
2023-07-16 18:57:11,545 [c23d9737-c121-4244-9e77-c55c15e0a23c-groupManagement] INFO  segmented.SegmentedRaftLogWorker (SegmentedRaftLogWorker.java:lambda$new$0(135)) - c23d9737-c121-4244-9e77-c55c15e0a23c@group-22273F6C5A48-SegmentedRaftLogWorker: safeCacheEvictIndex: setUnconditionally 0 -> -1
2023-07-16 18:57:11,546 [262e2cc5-1901-4d20-b00f-c120f2342a1b-groupManagement] INFO  server.RaftServer$Division (RaftServerImpl.java:start(342)) - 262e2cc5-1901-4d20-b00f-c120f2342a1b@group-A58C9C2B4A74: start as a follower, conf=-1: peers:[262e2cc5-1901-4d20-b00f-c120f2342a1b|rpc:10.1.0.14:15041|admin:10.1.0.14:15040|client:10.1.0.14:15039|dataStream:10.1.0.14:15042|priority:1|startupRole:FOLLOWER]|listeners:[], old=null
2023-07-16 18:57:11,547 [262e2cc5-1901-4d20-b00f-c120f2342a1b-groupManagement] INFO  server.RaftServer$Division (RaftServerImpl.java:setRole(329)) - 262e2cc5-1901-4d20-b00f-c120f2342a1b@group-A58C9C2B4A74: changes role from      null to FOLLOWER at term 0 for startAsFollower
2023-07-16 18:57:11,547 [262e2cc5-1901-4d20-b00f-c120f2342a1b-groupManagement] INFO  impl.RoleInfo (RoleInfo.java:updateAndGet(139)) - 262e2cc5-1901-4d20-b00f-c120f2342a1b: start 262e2cc5-1901-4d20-b00f-c120f2342a1b@group-A58C9C2B4A74-FollowerState
2023-07-16 18:57:11,551 [262e2cc5-1901-4d20-b00f-c120f2342a1b-groupManagement] INFO  util.JmxRegister (JmxRegister.java:tryRegister(44)) - Successfully registered JMX Bean with object name Ratis:service=RaftServer,group=group-A58C9C2B4A74,id=262e2cc5-1901-4d20-b00f-c120f2342a1b
2023-07-16 18:57:11,551 [262e2cc5-1901-4d20-b00f-c120f2342a1b-groupManagement] INFO  server.RaftServerConfigKeys (ConfUtils.java:logGet(46)) - raft.server.snapshot.auto.trigger.enabled = true (custom)
2023-07-16 18:57:11,551 [262e2cc5-1901-4d20-b00f-c120f2342a1b-groupManagement] INFO  server.RaftServerConfigKeys (ConfUtils.java:logGet(46)) - raft.server.snapshot.auto.trigger.threshold = 10000 (custom)
2023-07-16 18:57:11,551 [262e2cc5-1901-4d20-b00f-c120f2342a1b-groupManagement] INFO  server.RaftServerConfigKeys (ConfUtils.java:logGet(46)) - raft.server.snapshot.retention.file.num = 5 (custom)
2023-07-16 18:57:11,551 [262e2cc5-1901-4d20-b00f-c120f2342a1b-groupManagement] INFO  server.RaftServerConfigKeys (ConfUtils.java:logGet(46)) - raft.server.log.purge.upto.snapshot.index = false (default)
2023-07-16 18:57:11,552 [262e2cc5-1901-4d20-b00f-c120f2342a1b@group-A58C9C2B4A74-FollowerState] INFO  server.RaftServerConfigKeys (ConfUtils.java:logFallback(53)) - raft.server.rpc.first-election.timeout.min = 5s (fallback to raft.server.rpc.timeout.min)
2023-07-16 18:57:11,552 [262e2cc5-1901-4d20-b00f-c120f2342a1b@group-A58C9C2B4A74-FollowerState] INFO  server.RaftServerConfigKeys (ConfUtils.java:logFallback(53)) - raft.server.rpc.first-election.timeout.max = 5200ms (fallback to raft.server.rpc.timeout.max)
2023-07-16 18:57:11,552 [PipelineCommandHandlerThread-0] INFO  ratis.XceiverServerRatis (XceiverServerRatis.java:addGroup(804)) - Created group PipelineID=f1812f62-89a5-4202-a8b1-a58c9c2b4a74
2023-07-16 18:57:11,552 [PipelineCommandHandlerThread-0] INFO  commandhandler.CreatePipelineCommandHandler (CreatePipelineCommandHandler.java:lambda$handle$2(124)) - Created Pipeline RATIS ONE PipelineID=f1812f62-89a5-4202-a8b1-a58c9c2b4a74.
2023-07-16 18:57:11,552 [PipelineCommandHandlerThread-0] INFO  server.RaftServer (RaftServerProxy.java:addNew(98)) - 262e2cc5-1901-4d20-b00f-c120f2342a1b: addNew group-0F5175BAAFBD:[262e2cc5-1901-4d20-b00f-c120f2342a1b|rpc:10.1.0.14:15041|admin:10.1.0.14:15040|client:10.1.0.14:15039|dataStream:10.1.0.14:15042|priority:0|startupRole:FOLLOWER, 9a50ebc8-888b-4605-8efe-fc16cf713d78|rpc:10.1.0.14:15050|admin:10.1.0.14:15049|client:10.1.0.14:15048|dataStream:10.1.0.14:15051|priority:1|startupRole:FOLLOWER, 0b1f3054-766a-487f-b63d-c6e216ac8926|rpc:10.1.0.14:15059|admin:10.1.0.14:15058|client:10.1.0.14:15057|dataStream:10.1.0.14:15060|priority:0|startupRole:FOLLOWER] returns group-0F5175BAAFBD:java.util.concurrent.CompletableFuture@76c54a92[Not completed]
2023-07-16 18:57:11,553 [262e2cc5-1901-4d20-b00f-c120f2342a1b-groupManagement] INFO  server.RaftServer$Division (RaftServerImpl.java:<init>(198)) - 262e2cc5-1901-4d20-b00f-c120f2342a1b: new RaftServerImpl for group-0F5175BAAFBD:[262e2cc5-1901-4d20-b00f-c120f2342a1b|rpc:10.1.0.14:15041|admin:10.1.0.14:15040|client:10.1.0.14:15039|dataStream:10.1.0.14:15042|priority:0|startupRole:FOLLOWER, 9a50ebc8-888b-4605-8efe-fc16cf713d78|rpc:10.1.0.14:15050|admin:10.1.0.14:15049|client:10.1.0.14:15048|dataStream:10.1.0.14:15051|priority:1|startupRole:FOLLOWER, 0b1f3054-766a-487f-b63d-c6e216ac8926|rpc:10.1.0.14:15059|admin:10.1.0.14:15058|client:10.1.0.14:15057|dataStream:10.1.0.14:15060|priority:0|startupRole:FOLLOWER] with ContainerStateMachine:uninitialized
2023-07-16 18:57:11,554 [262e2cc5-1901-4d20-b00f-c120f2342a1b-groupManagement] INFO  server.RaftServerConfigKeys (ConfUtils.java:logGet(46)) - raft.server.rpc.timeout.min = 5s (custom)
2023-07-16 18:57:11,554 [262e2cc5-1901-4d20-b00f-c120f2342a1b-groupManagement] INFO  server.RaftServerConfigKeys (ConfUtils.java:logGet(46)) - raft.server.rpc.timeout.max = 5200ms (custom)
2023-07-16 18:57:11,554 [262e2cc5-1901-4d20-b00f-c120f2342a1b-groupManagement] INFO  server.RaftServerConfigKeys (ConfUtils.java:logGet(46)) - raft.server.rpc.sleep.time = 25ms (default)
2023-07-16 18:57:11,554 [262e2cc5-1901-4d20-b00f-c120f2342a1b-groupManagement] INFO  server.RaftServerConfigKeys (ConfUtils.java:logGet(46)) - raft.server.rpc.slowness.timeout = 300s (custom)
2023-07-16 18:57:11,554 [262e2cc5-1901-4d20-b00f-c120f2342a1b-groupManagement] INFO  server.RaftServerConfigKeys (ConfUtils.java:logGet(46)) - raft.server.leaderelection.leader.step-down.wait-time = 10s (default)
2023-07-16 18:57:11,554 [262e2cc5-1901-4d20-b00f-c120f2342a1b-groupManagement] INFO  server.RaftServerConfigKeys (ConfUtils.java:logGet(46)) - raft.server.sleep.deviation.threshold = 300ms (default)
2023-07-16 18:57:11,554 [262e2cc5-1901-4d20-b00f-c120f2342a1b-groupManagement] INFO  server.RaftServer$Division (ServerState.java:<init>(120)) - 262e2cc5-1901-4d20-b00f-c120f2342a1b@group-0F5175BAAFBD: ConfigurationManager, init=-1: peers:[262e2cc5-1901-4d20-b00f-c120f2342a1b|rpc:10.1.0.14:15041|admin:10.1.0.14:15040|client:10.1.0.14:15039|dataStream:10.1.0.14:15042|priority:0|startupRole:FOLLOWER, 9a50ebc8-888b-4605-8efe-fc16cf713d78|rpc:10.1.0.14:15050|admin:10.1.0.14:15049|client:10.1.0.14:15048|dataStream:10.1.0.14:15051|priority:1|startupRole:FOLLOWER, 0b1f3054-766a-487f-b63d-c6e216ac8926|rpc:10.1.0.14:15059|admin:10.1.0.14:15058|client:10.1.0.14:15057|dataStream:10.1.0.14:15060|priority:0|startupRole:FOLLOWER]|listeners:[], old=null, confs=<EMPTY_MAP>
2023-07-16 18:57:11,554 [262e2cc5-1901-4d20-b00f-c120f2342a1b-groupManagement] INFO  server.RaftServerConfigKeys (ConfUtils.java:logGet(46)) - raft.server.storage.dir = [/home/runner/work/ozone/ozone/hadoop-ozone/integration-test/target/test-dir/MiniOzoneClusterImpl-8e52da8c-19f0-467e-9375-6950100829a3/datanode-3/data/ratis] (custom)
2023-07-16 18:57:11,554 [262e2cc5-1901-4d20-b00f-c120f2342a1b-groupManagement] INFO  server.RaftServerConfigKeys (ConfUtils.java:logGet(46)) - raft.server.log.corruption.policy = EXCEPTION (default)
2023-07-16 18:57:11,554 [262e2cc5-1901-4d20-b00f-c120f2342a1b-groupManagement] INFO  server.RaftServerConfigKeys (ConfUtils.java:logGet(46)) - raft.server.storage.free-space.min = 0MB (=0) (default)
2023-07-16 18:57:11,556 [c23d9737-c121-4244-9e77-c55c15e0a23c-groupManagement] INFO  server.RaftServer$Division (RaftServerImpl.java:start(342)) - c23d9737-c121-4244-9e77-c55c15e0a23c@group-22273F6C5A48: start as a follower, conf=-1: peers:[c23d9737-c121-4244-9e77-c55c15e0a23c|rpc:10.1.0.14:15032|admin:10.1.0.14:15031|client:10.1.0.14:15030|dataStream:10.1.0.14:15033|priority:1|startupRole:FOLLOWER]|listeners:[], old=null
2023-07-16 18:57:11,559 [c23d9737-c121-4244-9e77-c55c15e0a23c-groupManagement] INFO  server.RaftServer$Division (RaftServerImpl.java:setRole(329)) - c23d9737-c121-4244-9e77-c55c15e0a23c@group-22273F6C5A48: changes role from      null to FOLLOWER at term 0 for startAsFollower
2023-07-16 18:57:11,559 [262e2cc5-1901-4d20-b00f-c120f2342a1b-groupManagement] INFO  server.RaftServerConfigKeys (ConfUtils.java:logGet(46)) - raft.server.notification.no-leader.timeout = 300s (custom)
2023-07-16 18:57:11,559 [262e2cc5-1901-4d20-b00f-c120f2342a1b-groupManagement] INFO  server.RaftServerConfigKeys (ConfUtils.java:logGet(46)) - raft.server.read.timeout = 10s (default)
2023-07-16 18:57:11,559 [c23d9737-c121-4244-9e77-c55c15e0a23c-groupManagement] INFO  impl.RoleInfo (RoleInfo.java:updateAndGet(139)) - c23d9737-c121-4244-9e77-c55c15e0a23c: start c23d9737-c121-4244-9e77-c55c15e0a23c@group-22273F6C5A48-FollowerState
2023-07-16 18:57:11,559 [262e2cc5-1901-4d20-b00f-c120f2342a1b-groupManagement] INFO  server.RaftServerConfigKeys (ConfUtils.java:logGet(46)) - raft.server.retrycache.expirytime = 600000ms (custom)
2023-07-16 18:57:11,559 [262e2cc5-1901-4d20-b00f-c120f2342a1b-groupManagement] INFO  server.RaftServerConfigKeys (ConfUtils.java:logGet(46)) - raft.server.retrycache.statistics.expirytime = 100μs (default)
2023-07-16 18:57:11,559 [262e2cc5-1901-4d20-b00f-c120f2342a1b-groupManagement] INFO  server.RaftServerConfigKeys (ConfUtils.java:logGet(46)) - raft.server.read.option = DEFAULT (default)
2023-07-16 18:57:11,560 [c23d9737-c121-4244-9e77-c55c15e0a23c-groupManagement] INFO  util.JmxRegister (JmxRegister.java:tryRegister(44)) - Successfully registered JMX Bean with object name Ratis:service=RaftServer,group=group-22273F6C5A48,id=c23d9737-c121-4244-9e77-c55c15e0a23c
2023-07-16 18:57:11,560 [262e2cc5-1901-4d20-b00f-c120f2342a1b-groupManagement] INFO  server.RaftServerConfigKeys (ConfUtils.java:logGet(46)) - raft.server.rpc.request.timeout = 60s (custom)
2023-07-16 18:57:11,561 [c23d9737-c121-4244-9e77-c55c15e0a23c-groupManagement] INFO  server.RaftServerConfigKeys (ConfUtils.java:logGet(46)) - raft.server.snapshot.auto.trigger.enabled = true (custom)
2023-07-16 18:57:11,561 [262e2cc5-1901-4d20-b00f-c120f2342a1b-groupManagement] INFO  server.RaftServerConfigKeys (ConfUtils.java:logGet(46)) - raft.server.log.appender.install.snapshot.enabled = false (custom)
2023-07-16 18:57:11,561 [262e2cc5-1901-4d20-b00f-c120f2342a1b-groupManagement] INFO  server.RaftServerConfigKeys (ConfUtils.java:logGet(46)) - raft.server.threadpool.server.cached = true (default)
2023-07-16 18:57:11,562 [262e2cc5-1901-4d20-b00f-c120f2342a1b-groupManagement] INFO  server.RaftServerConfigKeys (ConfUtils.java:logGet(46)) - raft.server.threadpool.server.size = 0 (default)
2023-07-16 18:57:11,562 [262e2cc5-1901-4d20-b00f-c120f2342a1b-groupManagement] INFO  server.RaftServerConfigKeys (ConfUtils.java:logGet(46)) - raft.server.threadpool.client.cached = true (default)
2023-07-16 18:57:11,562 [262e2cc5-1901-4d20-b00f-c120f2342a1b-groupManagement] INFO  server.RaftServerConfigKeys (ConfUtils.java:logGet(46)) - raft.server.threadpool.client.size = 0 (default)
2023-07-16 18:57:11,561 [c23d9737-c121-4244-9e77-c55c15e0a23c-groupManagement] INFO  server.RaftServerConfigKeys (ConfUtils.java:logGet(46)) - raft.server.snapshot.auto.trigger.threshold = 10000 (custom)
2023-07-16 18:57:11,562 [c23d9737-c121-4244-9e77-c55c15e0a23c-groupManagement] INFO  server.RaftServerConfigKeys (ConfUtils.java:logGet(46)) - raft.server.snapshot.retention.file.num = 5 (custom)
2023-07-16 18:57:11,562 [c23d9737-c121-4244-9e77-c55c15e0a23c-groupManagement] INFO  server.RaftServerConfigKeys (ConfUtils.java:logGet(46)) - raft.server.log.purge.upto.snapshot.index = false (default)
2023-07-16 18:57:11,562 [262e2cc5-1901-4d20-b00f-c120f2342a1b-groupManagement] INFO  storage.RaftStorageDirectory (RaftStorageDirectoryImpl.java:analyzeStorage(137)) - The storage directory /home/runner/work/ozone/ozone/hadoop-ozone/integration-test/target/test-dir/MiniOzoneClusterImpl-8e52da8c-19f0-467e-9375-6950100829a3/datanode-3/data/ratis/90836b84-b0b2-4deb-a2da-0f5175baafbd does not exist. Creating ...
2023-07-16 18:57:11,561 [c23d9737-c121-4244-9e77-c55c15e0a23c@group-22273F6C5A48-FollowerState] INFO  server.RaftServerConfigKeys (ConfUtils.java:logFallback(53)) - raft.server.rpc.first-election.timeout.min = 5s (fallback to raft.server.rpc.timeout.min)
2023-07-16 18:57:11,563 [c23d9737-c121-4244-9e77-c55c15e0a23c@group-22273F6C5A48-FollowerState] INFO  server.RaftServerConfigKeys (ConfUtils.java:logFallback(53)) - raft.server.rpc.first-election.timeout.max = 5200ms (fallback to raft.server.rpc.timeout.max)
2023-07-16 18:57:11,577 [262e2cc5-1901-4d20-b00f-c120f2342a1b-groupManagement] INFO  storage.RaftStorageDirectory (RaftStorageDirectoryImpl.java:tryLock(231)) - Lock on /home/runner/work/ozone/ozone/hadoop-ozone/integration-test/target/test-dir/MiniOzoneClusterImpl-8e52da8c-19f0-467e-9375-6950100829a3/datanode-3/data/ratis/90836b84-b0b2-4deb-a2da-0f5175baafbd/in_use.lock acquired by nodename 109267@fv-az587-727
2023-07-16 18:57:11,579 [PipelineCommandHandlerThread-0] INFO  ratis.XceiverServerRatis (XceiverServerRatis.java:addGroup(804)) - Created group PipelineID=a0be9edf-cc92-42c3-b8f8-22273f6c5a48
2023-07-16 18:57:11,579 [PipelineCommandHandlerThread-0] INFO  commandhandler.CreatePipelineCommandHandler (CreatePipelineCommandHandler.java:lambda$handle$2(124)) - Created Pipeline RATIS ONE PipelineID=a0be9edf-cc92-42c3-b8f8-22273f6c5a48.
2023-07-16 18:57:11,579 [PipelineCommandHandlerThread-0] INFO  server.RaftServer (RaftServerProxy.java:addNew(98)) - c23d9737-c121-4244-9e77-c55c15e0a23c: addNew group-5330B41CC205:[0e76f3da-5374-4d3e-bc44-9848a147cb1b|rpc:10.1.0.14:15014|admin:10.1.0.14:15013|client:10.1.0.14:15012|dataStream:10.1.0.14:15015|priority:0|startupRole:FOLLOWER, c23d9737-c121-4244-9e77-c55c15e0a23c|rpc:10.1.0.14:15032|admin:10.1.0.14:15031|client:10.1.0.14:15030|dataStream:10.1.0.14:15033|priority:1|startupRole:FOLLOWER, e061ba01-06b3-4f38-a151-c7c4cf78ce5a|rpc:10.1.0.14:15023|admin:10.1.0.14:15022|client:10.1.0.14:15021|dataStream:10.1.0.14:15024|priority:0|startupRole:FOLLOWER] returns group-5330B41CC205:java.util.concurrent.CompletableFuture@4b802eb7[Not completed]
2023-07-16 18:57:11,580 [c23d9737-c121-4244-9e77-c55c15e0a23c-groupManagement] INFO  server.RaftServer$Division (RaftServerImpl.java:<init>(198)) - c23d9737-c121-4244-9e77-c55c15e0a23c: new RaftServerImpl for group-5330B41CC205:[0e76f3da-5374-4d3e-bc44-9848a147cb1b|rpc:10.1.0.14:15014|admin:10.1.0.14:15013|client:10.1.0.14:15012|dataStream:10.1.0.14:15015|priority:0|startupRole:FOLLOWER, c23d9737-c121-4244-9e77-c55c15e0a23c|rpc:10.1.0.14:15032|admin:10.1.0.14:15031|client:10.1.0.14:15030|dataStream:10.1.0.14:15033|priority:1|startupRole:FOLLOWER, e061ba01-06b3-4f38-a151-c7c4cf78ce5a|rpc:10.1.0.14:15023|admin:10.1.0.14:15022|client:10.1.0.14:15021|dataStream:10.1.0.14:15024|priority:0|startupRole:FOLLOWER] with ContainerStateMachine:uninitialized
2023-07-16 18:57:11,581 [c23d9737-c121-4244-9e77-c55c15e0a23c-groupManagement] INFO  server.RaftServerConfigKeys (ConfUtils.java:logGet(46)) - raft.server.rpc.timeout.min = 5s (custom)
2023-07-16 18:57:11,581 [c23d9737-c121-4244-9e77-c55c15e0a23c-groupManagement] INFO  server.RaftServerConfigKeys (ConfUtils.java:logGet(46)) - raft.server.rpc.timeout.max = 5200ms (custom)
2023-07-16 18:57:11,581 [c23d9737-c121-4244-9e77-c55c15e0a23c-groupManagement] INFO  server.RaftServerConfigKeys (ConfUtils.java:logGet(46)) - raft.server.rpc.sleep.time = 25ms (default)
2023-07-16 18:57:11,581 [c23d9737-c121-4244-9e77-c55c15e0a23c-groupManagement] INFO  server.RaftServerConfigKeys (ConfUtils.java:logGet(46)) - raft.server.rpc.slowness.timeout = 300s (custom)
2023-07-16 18:57:11,581 [c23d9737-c121-4244-9e77-c55c15e0a23c-groupManagement] INFO  server.RaftServerConfigKeys (ConfUtils.java:logGet(46)) - raft.server.leaderelection.leader.step-down.wait-time = 10s (default)
2023-07-16 18:57:11,581 [c23d9737-c121-4244-9e77-c55c15e0a23c-groupManagement] INFO  server.RaftServerConfigKeys (ConfUtils.java:logGet(46)) - raft.server.sleep.deviation.threshold = 300ms (default)
2023-07-16 18:57:11,581 [c23d9737-c121-4244-9e77-c55c15e0a23c-groupManagement] INFO  server.RaftServer$Division (ServerState.java:<init>(120)) - c23d9737-c121-4244-9e77-c55c15e0a23c@group-5330B41CC205: ConfigurationManager, init=-1: peers:[0e76f3da-5374-4d3e-bc44-9848a147cb1b|rpc:10.1.0.14:15014|admin:10.1.0.14:15013|client:10.1.0.14:15012|dataStream:10.1.0.14:15015|priority:0|startupRole:FOLLOWER, c23d9737-c121-4244-9e77-c55c15e0a23c|rpc:10.1.0.14:15032|admin:10.1.0.14:15031|client:10.1.0.14:15030|dataStream:10.1.0.14:15033|priority:1|startupRole:FOLLOWER, e061ba01-06b3-4f38-a151-c7c4cf78ce5a|rpc:10.1.0.14:15023|admin:10.1.0.14:15022|client:10.1.0.14:15021|dataStream:10.1.0.14:15024|priority:0|startupRole:FOLLOWER]|listeners:[], old=null, confs=<EMPTY_MAP>
2023-07-16 18:57:11,581 [c23d9737-c121-4244-9e77-c55c15e0a23c-groupManagement] INFO  server.RaftServerConfigKeys (ConfUtils.java:logGet(46)) - raft.server.storage.dir = [/home/runner/work/ozone/ozone/hadoop-ozone/integration-test/target/test-dir/MiniOzoneClusterImpl-8e52da8c-19f0-467e-9375-6950100829a3/datanode-2/data/ratis] (custom)
2023-07-16 18:57:11,581 [c23d9737-c121-4244-9e77-c55c15e0a23c-groupManagement] INFO  server.RaftServerConfigKeys (ConfUtils.java:logGet(46)) - raft.server.log.corruption.policy = EXCEPTION (default)
2023-07-16 18:57:11,581 [c23d9737-c121-4244-9e77-c55c15e0a23c-groupManagement] INFO  server.RaftServerConfigKeys (ConfUtils.java:logGet(46)) - raft.server.storage.free-space.min = 0MB (=0) (default)
2023-07-16 18:57:11,581 [c23d9737-c121-4244-9e77-c55c15e0a23c-groupManagement] INFO  server.RaftServerConfigKeys (ConfUtils.java:logGet(46)) - raft.server.notification.no-leader.timeout = 300s (custom)
2023-07-16 18:57:11,581 [c23d9737-c121-4244-9e77-c55c15e0a23c-groupManagement] INFO  server.RaftServerConfigKeys (ConfUtils.java:logGet(46)) - raft.server.read.timeout = 10s (default)
2023-07-16 18:57:11,581 [c23d9737-c121-4244-9e77-c55c15e0a23c-groupManagement] INFO  server.RaftServerConfigKeys (ConfUtils.java:logGet(46)) - raft.server.retrycache.expirytime = 600000ms (custom)
2023-07-16 18:57:11,581 [c23d9737-c121-4244-9e77-c55c15e0a23c-groupManagement] INFO  server.RaftServerConfigKeys (ConfUtils.java:logGet(46)) - raft.server.retrycache.statistics.expirytime = 100μs (default)
2023-07-16 18:57:11,582 [c23d9737-c121-4244-9e77-c55c15e0a23c-groupManagement] INFO  server.RaftServerConfigKeys (ConfUtils.java:logGet(46)) - raft.server.read.option = DEFAULT (default)
2023-07-16 18:57:11,583 [c23d9737-c121-4244-9e77-c55c15e0a23c-groupManagement] INFO  server.RaftServerConfigKeys (ConfUtils.java:logGet(46)) - raft.server.rpc.request.timeout = 60s (custom)
2023-07-16 18:57:11,583 [c23d9737-c121-4244-9e77-c55c15e0a23c-groupManagement] INFO  server.RaftServerConfigKeys (ConfUtils.java:logGet(46)) - raft.server.log.appender.install.snapshot.enabled = false (custom)
2023-07-16 18:57:11,583 [c23d9737-c121-4244-9e77-c55c15e0a23c-groupManagement] INFO  server.RaftServerConfigKeys (ConfUtils.java:logGet(46)) - raft.server.threadpool.server.cached = true (default)
2023-07-16 18:57:11,583 [c23d9737-c121-4244-9e77-c55c15e0a23c-groupManagement] INFO  server.RaftServerConfigKeys (ConfUtils.java:logGet(46)) - raft.server.threadpool.server.size = 0 (default)
2023-07-16 18:57:11,583 [c23d9737-c121-4244-9e77-c55c15e0a23c-groupManagement] INFO  server.RaftServerConfigKeys (ConfUtils.java:logGet(46)) - raft.server.threadpool.client.cached = true (default)
2023-07-16 18:57:11,583 [c23d9737-c121-4244-9e77-c55c15e0a23c-groupManagement] INFO  server.RaftServerConfigKeys (ConfUtils.java:logGet(46)) - raft.server.threadpool.client.size = 0 (default)
2023-07-16 18:57:11,584 [c23d9737-c121-4244-9e77-c55c15e0a23c-groupManagement] INFO  storage.RaftStorageDirectory (RaftStorageDirectoryImpl.java:analyzeStorage(137)) - The storage directory /home/runner/work/ozone/ozone/hadoop-ozone/integration-test/target/test-dir/MiniOzoneClusterImpl-8e52da8c-19f0-467e-9375-6950100829a3/datanode-2/data/ratis/ad28fbcc-3ba8-4a13-af59-5330b41cc205 does not exist. Creating ...
2023-07-16 18:57:11,587 [c23d9737-c121-4244-9e77-c55c15e0a23c-groupManagement] INFO  storage.RaftStorageDirectory (RaftStorageDirectoryImpl.java:tryLock(231)) - Lock on /home/runner/work/ozone/ozone/hadoop-ozone/integration-test/target/test-dir/MiniOzoneClusterImpl-8e52da8c-19f0-467e-9375-6950100829a3/datanode-2/data/ratis/ad28fbcc-3ba8-4a13-af59-5330b41cc205/in_use.lock acquired by nodename 109267@fv-az587-727
2023-07-16 18:57:11,587 [262e2cc5-1901-4d20-b00f-c120f2342a1b-groupManagement] INFO  storage.RaftStorage (RaftStorageImpl.java:format(96)) - Storage directory /home/runner/work/ozone/ozone/hadoop-ozone/integration-test/target/test-dir/MiniOzoneClusterImpl-8e52da8c-19f0-467e-9375-6950100829a3/datanode-3/data/ratis/90836b84-b0b2-4deb-a2da-0f5175baafbd has been successfully formatted.
2023-07-16 18:57:11,604 [262e2cc5-1901-4d20-b00f-c120f2342a1b-groupManagement] INFO  ratis.ContainerStateMachine (ContainerStateMachine.java:loadSnapshot(262)) - group-0F5175BAAFBD: The snapshot info is null. Setting the last applied indexto:(t:0, i:~)
2023-07-16 18:57:11,604 [262e2cc5-1901-4d20-b00f-c120f2342a1b-groupManagement] INFO  server.RaftServerConfigKeys (ConfUtils.java:logGet(46)) - raft.server.log.use.memory = false (default)
2023-07-16 18:57:11,604 [262e2cc5-1901-4d20-b00f-c120f2342a1b-groupManagement] INFO  server.RaftServerConfigKeys (ConfUtils.java:logGet(46)) - raft.server.log.purge.gap = 1000000 (custom)
2023-07-16 18:57:11,605 [262e2cc5-1901-4d20-b00f-c120f2342a1b-groupManagement] INFO  server.RaftServerConfigKeys (ConfUtils.java:logGet(46)) - raft.server.log.appender.buffer.byte-limit = 33554432 (custom)
2023-07-16 18:57:11,605 [262e2cc5-1901-4d20-b00f-c120f2342a1b-groupManagement] INFO  server.RaftServerConfigKeys (ConfUtils.java:logGet(46)) - raft.server.log.statemachine.data.read.timeout = 1000ms (default)
2023-07-16 18:57:11,605 [262e2cc5-1901-4d20-b00f-c120f2342a1b-groupManagement] INFO  server.RaftServerConfigKeys (ConfUtils.java:logGet(46)) - raft.server.log.purge.preservation.log.num = 0 (default)
2023-07-16 18:57:11,605 [262e2cc5-1901-4d20-b00f-c120f2342a1b-groupManagement] INFO  server.RaftServerConfigKeys (ConfUtils.java:logGet(46)) - raft.server.log.segment.size.max = 1048576 (custom)
2023-07-16 18:57:11,605 [262e2cc5-1901-4d20-b00f-c120f2342a1b-groupManagement] INFO  server.RaftServerConfigKeys (ConfUtils.java:logGet(46)) - raft.server.log.segment.cache.num.max = 2 (custom)
2023-07-16 18:57:11,606 [262e2cc5-1901-4d20-b00f-c120f2342a1b-groupManagement] INFO  server.RaftServerConfigKeys (ConfUtils.java:logGet(46)) - raft.server.log.segment.cache.size.max = 200MB (=209715200) (default)
2023-07-16 18:57:11,588 [c23d9737-c121-4244-9e77-c55c15e0a23c-groupManagement] INFO  storage.RaftStorage (RaftStorageImpl.java:format(96)) - Storage directory /home/runner/work/ozone/ozone/hadoop-ozone/integration-test/target/test-dir/MiniOzoneClusterImpl-8e52da8c-19f0-467e-9375-6950100829a3/datanode-2/data/ratis/ad28fbcc-3ba8-4a13-af59-5330b41cc205 has been successfully formatted.
2023-07-16 18:57:11,607 [c23d9737-c121-4244-9e77-c55c15e0a23c-groupManagement] INFO  ratis.ContainerStateMachine (ContainerStateMachine.java:loadSnapshot(262)) - group-5330B41CC205: The snapshot info is null. Setting the last applied indexto:(t:0, i:~)
2023-07-16 18:57:11,608 [c23d9737-c121-4244-9e77-c55c15e0a23c-groupManagement] INFO  server.RaftServerConfigKeys (ConfUtils.java:logGet(46)) - raft.server.log.use.memory = false (default)
2023-07-16 18:57:11,608 [c23d9737-c121-4244-9e77-c55c15e0a23c-groupManagement] INFO  server.RaftServerConfigKeys (ConfUtils.java:logGet(46)) - raft.server.log.purge.gap = 1000000 (custom)
2023-07-16 18:57:11,608 [c23d9737-c121-4244-9e77-c55c15e0a23c-groupManagement] INFO  server.RaftServerConfigKeys (ConfUtils.java:logGet(46)) - raft.server.log.appender.buffer.byte-limit = 33554432 (custom)
2023-07-16 18:57:11,608 [c23d9737-c121-4244-9e77-c55c15e0a23c-groupManagement] INFO  server.RaftServerConfigKeys (ConfUtils.java:logGet(46)) - raft.server.log.statemachine.data.read.timeout = 1000ms (default)
2023-07-16 18:57:11,608 [c23d9737-c121-4244-9e77-c55c15e0a23c-groupManagement] INFO  server.RaftServerConfigKeys (ConfUtils.java:logGet(46)) - raft.server.log.purge.preservation.log.num = 0 (default)
2023-07-16 18:57:11,617 [262e2cc5-1901-4d20-b00f-c120f2342a1b-groupManagement] INFO  server.RaftServerConfigKeys (ConfUtils.java:logGet(46)) - raft.server.log.appender.buffer.byte-limit = 33554432 (custom)
2023-07-16 18:57:11,617 [262e2cc5-1901-4d20-b00f-c120f2342a1b-groupManagement] INFO  segmented.SegmentedRaftLogWorker (SegmentedRaftLogWorker.java:<init>(188)) - new 262e2cc5-1901-4d20-b00f-c120f2342a1b@group-0F5175BAAFBD-SegmentedRaftLogWorker for RaftStorageImpl:Storage Directory /home/runner/work/ozone/ozone/hadoop-ozone/integration-test/target/test-dir/MiniOzoneClusterImpl-8e52da8c-19f0-467e-9375-6950100829a3/datanode-3/data/ratis/90836b84-b0b2-4deb-a2da-0f5175baafbd
2023-07-16 18:57:11,617 [262e2cc5-1901-4d20-b00f-c120f2342a1b-groupManagement] INFO  server.RaftServerConfigKeys (ConfUtils.java:logGet(46)) - raft.server.log.queue.byte-limit = 4294967296 (custom)
2023-07-16 18:57:11,617 [262e2cc5-1901-4d20-b00f-c120f2342a1b-groupManagement] INFO  server.RaftServerConfigKeys (ConfUtils.java:logGet(46)) - raft.server.log.queue.element-limit = 1024 (custom)
2023-07-16 18:57:11,617 [262e2cc5-1901-4d20-b00f-c120f2342a1b-groupManagement] INFO  server.RaftServerConfigKeys (ConfUtils.java:logGet(46)) - raft.server.log.segment.size.max = 1048576 (custom)
2023-07-16 18:57:11,618 [262e2cc5-1901-4d20-b00f-c120f2342a1b-groupManagement] INFO  server.RaftServerConfigKeys (ConfUtils.java:logGet(46)) - raft.server.log.preallocated.size = 16384 (custom)
2023-07-16 18:57:11,618 [262e2cc5-1901-4d20-b00f-c120f2342a1b-groupManagement] INFO  server.RaftServerConfigKeys (ConfUtils.java:logGet(46)) - raft.server.log.force.sync.num = 128 (default)
2023-07-16 18:57:11,618 [262e2cc5-1901-4d20-b00f-c120f2342a1b-groupManagement] INFO  server.RaftServerConfigKeys (ConfUtils.java:logGet(46)) - raft.server.log.statemachine.data.sync = true (default)
2023-07-16 18:57:11,618 [262e2cc5-1901-4d20-b00f-c120f2342a1b-groupManagement] INFO  server.RaftServerConfigKeys (ConfUtils.java:logGet(46)) - raft.server.log.statemachine.data.sync.timeout = 10s (default)
2023-07-16 18:57:11,618 [262e2cc5-1901-4d20-b00f-c120f2342a1b-groupManagement] INFO  server.RaftServerConfigKeys (ConfUtils.java:logGet(46)) - raft.server.log.statemachine.data.sync.timeout.retry = -1 (default)
2023-07-16 18:57:11,619 [262e2cc5-1901-4d20-b00f-c120f2342a1b-groupManagement] INFO  server.RaftServerConfigKeys (ConfUtils.java:logGet(46)) - raft.server.log.write.buffer.size = 1048576 (custom)
2023-07-16 18:57:11,620 [262e2cc5-1901-4d20-b00f-c120f2342a1b-groupManagement] INFO  server.RaftServerConfigKeys (ConfUtils.java:logGet(46)) - raft.server.log.appender.buffer.byte-limit = 33554432 (custom)
2023-07-16 18:57:11,623 [c23d9737-c121-4244-9e77-c55c15e0a23c-groupManagement] INFO  server.RaftServerConfigKeys (ConfUtils.java:logGet(46)) - raft.server.log.segment.size.max = 1048576 (custom)
2023-07-16 18:57:11,623 [c23d9737-c121-4244-9e77-c55c15e0a23c-groupManagement] INFO  server.RaftServerConfigKeys (ConfUtils.java:logGet(46)) - raft.server.log.segment.cache.num.max = 2 (custom)
2023-07-16 18:57:11,623 [c23d9737-c121-4244-9e77-c55c15e0a23c-groupManagement] INFO  server.RaftServerConfigKeys (ConfUtils.java:logGet(46)) - raft.server.log.segment.cache.size.max = 200MB (=209715200) (default)
2023-07-16 18:57:11,623 [c23d9737-c121-4244-9e77-c55c15e0a23c-groupManagement] INFO  server.RaftServerConfigKeys (ConfUtils.java:logGet(46)) - raft.server.log.appender.buffer.byte-limit = 33554432 (custom)
2023-07-16 18:57:11,623 [c23d9737-c121-4244-9e77-c55c15e0a23c-groupManagement] INFO  segmented.SegmentedRaftLogWorker (SegmentedRaftLogWorker.java:<init>(188)) - new c23d9737-c121-4244-9e77-c55c15e0a23c@group-5330B41CC205-SegmentedRaftLogWorker for RaftStorageImpl:Storage Directory /home/runner/work/ozone/ozone/hadoop-ozone/integration-test/target/test-dir/MiniOzoneClusterImpl-8e52da8c-19f0-467e-9375-6950100829a3/datanode-2/data/ratis/ad28fbcc-3ba8-4a13-af59-5330b41cc205
2023-07-16 18:57:11,623 [c23d9737-c121-4244-9e77-c55c15e0a23c-groupManagement] INFO  server.RaftServerConfigKeys (ConfUtils.java:logGet(46)) - raft.server.log.queue.byte-limit = 4294967296 (custom)
2023-07-16 18:57:11,624 [c23d9737-c121-4244-9e77-c55c15e0a23c-groupManagement] INFO  server.RaftServerConfigKeys (ConfUtils.java:logGet(46)) - raft.server.log.queue.element-limit = 1024 (custom)
2023-07-16 18:57:11,624 [c23d9737-c121-4244-9e77-c55c15e0a23c-groupManagement] INFO  server.RaftServerConfigKeys (ConfUtils.java:logGet(46)) - raft.server.log.segment.size.max = 1048576 (custom)
2023-07-16 18:57:11,624 [c23d9737-c121-4244-9e77-c55c15e0a23c-groupManagement] INFO  server.RaftServerConfigKeys (ConfUtils.java:logGet(46)) - raft.server.log.preallocated.size = 16384 (custom)
2023-07-16 18:57:11,624 [c23d9737-c121-4244-9e77-c55c15e0a23c-groupManagement] INFO  server.RaftServerConfigKeys (ConfUtils.java:logGet(46)) - raft.server.log.force.sync.num = 128 (default)
2023-07-16 18:57:11,624 [c23d9737-c121-4244-9e77-c55c15e0a23c-groupManagement] INFO  server.RaftServerConfigKeys (ConfUtils.java:logGet(46)) - raft.server.log.statemachine.data.sync = true (default)
2023-07-16 18:57:11,624 [c23d9737-c121-4244-9e77-c55c15e0a23c-groupManagement] INFO  server.RaftServerConfigKeys (ConfUtils.java:logGet(46)) - raft.server.log.statemachine.data.sync.timeout = 10s (default)
2023-07-16 18:57:11,624 [c23d9737-c121-4244-9e77-c55c15e0a23c-groupManagement] INFO  server.RaftServerConfigKeys (ConfUtils.java:logGet(46)) - raft.server.log.statemachine.data.sync.timeout.retry = -1 (default)
2023-07-16 18:57:11,625 [c23d9737-c121-4244-9e77-c55c15e0a23c-groupManagement] INFO  server.RaftServerConfigKeys (ConfUtils.java:logGet(46)) - raft.server.log.write.buffer.size = 1048576 (custom)
2023-07-16 18:57:11,628 [EventQueue-OpenPipelineForHealthyPipelineSafeModeRule] INFO  safemode.SCMSafeModeManager (HealthyPipelineSafeModeRule.java:process(137)) - SCM in safe mode. Healthy pipelines reported count is 0, required healthy pipeline reported count is 1
2023-07-16 18:57:11,629 [EventQueue-OpenPipelineForHealthyPipelineSafeModeRule] INFO  safemode.SCMSafeModeManager (HealthyPipelineSafeModeRule.java:process(137)) - SCM in safe mode. Healthy pipelines reported count is 0, required healthy pipeline reported count is 1
2023-07-16 18:57:11,629 [c23d9737-c121-4244-9e77-c55c15e0a23c-groupManagement] INFO  server.RaftServerConfigKeys (ConfUtils.java:logGet(46)) - raft.server.log.appender.buffer.byte-limit = 33554432 (custom)
2023-07-16 18:57:11,631 [262e2cc5-1901-4d20-b00f-c120f2342a1b-groupManagement] INFO  server.RaftServerConfigKeys (ConfUtils.java:logGet(46)) - raft.server.log.unsafe-flush.enabled = false (default)
2023-07-16 18:57:11,639 [262e2cc5-1901-4d20-b00f-c120f2342a1b-groupManagement] INFO  server.RaftServerConfigKeys (ConfUtils.java:logGet(46)) - raft.server.log.async-flush.enabled = false (default)
2023-07-16 18:57:11,639 [262e2cc5-1901-4d20-b00f-c120f2342a1b-groupManagement] INFO  server.RaftServerConfigKeys (ConfUtils.java:logGet(46)) - raft.server.log.statemachine.data.caching.enabled = true (custom)
2023-07-16 18:57:11,639 [262e2cc5-1901-4d20-b00f-c120f2342a1b-groupManagement] INFO  segmented.SegmentedRaftLogWorker (SegmentedRaftLogWorker.java:lambda$new$0(135)) - 262e2cc5-1901-4d20-b00f-c120f2342a1b@group-0F5175BAAFBD-SegmentedRaftLogWorker: flushIndex: setUnconditionally 0 -> -1
2023-07-16 18:57:11,639 [262e2cc5-1901-4d20-b00f-c120f2342a1b-groupManagement] INFO  segmented.SegmentedRaftLogWorker (SegmentedRaftLogWorker.java:lambda$new$0(135)) - 262e2cc5-1901-4d20-b00f-c120f2342a1b@group-0F5175BAAFBD-SegmentedRaftLogWorker: safeCacheEvictIndex: setUnconditionally 0 -> -1
2023-07-16 18:57:11,637 [c23d9737-c121-4244-9e77-c55c15e0a23c-groupManagement] INFO  server.RaftServerConfigKeys (ConfUtils.java:logGet(46)) - raft.server.log.unsafe-flush.enabled = false (default)
2023-07-16 18:57:11,639 [c23d9737-c121-4244-9e77-c55c15e0a23c-groupManagement] INFO  server.RaftServerConfigKeys (ConfUtils.java:logGet(46)) - raft.server.log.async-flush.enabled = false (default)
2023-07-16 18:57:11,639 [c23d9737-c121-4244-9e77-c55c15e0a23c-groupManagement] INFO  server.RaftServerConfigKeys (ConfUtils.java:logGet(46)) - raft.server.log.statemachine.data.caching.enabled = true (custom)
2023-07-16 18:57:11,639 [c23d9737-c121-4244-9e77-c55c15e0a23c-groupManagement] INFO  segmented.SegmentedRaftLogWorker (SegmentedRaftLogWorker.java:lambda$new$0(135)) - c23d9737-c121-4244-9e77-c55c15e0a23c@group-5330B41CC205-SegmentedRaftLogWorker: flushIndex: setUnconditionally 0 -> -1
2023-07-16 18:57:11,639 [c23d9737-c121-4244-9e77-c55c15e0a23c-groupManagement] INFO  segmented.SegmentedRaftLogWorker (SegmentedRaftLogWorker.java:lambda$new$0(135)) - c23d9737-c121-4244-9e77-c55c15e0a23c@group-5330B41CC205-SegmentedRaftLogWorker: safeCacheEvictIndex: setUnconditionally 0 -> -1
2023-07-16 18:57:11,631 [PipelineCommandHandlerThread-0] INFO  commandhandler.CreatePipelineCommandHandler (CreatePipelineCommandHandler.java:lambda$handle$2(124)) - Created Pipeline RATIS THREE PipelineID=623028da-18e9-42af-b4e8-fa062bef04b9.
2023-07-16 18:57:11,641 [PipelineCommandHandlerThread-0] INFO  server.RaftServer (RaftServerProxy.java:addNew(98)) - 0e76f3da-5374-4d3e-bc44-9848a147cb1b: addNew group-5330B41CC205:[0e76f3da-5374-4d3e-bc44-9848a147cb1b|rpc:10.1.0.14:15014|admin:10.1.0.14:15013|client:10.1.0.14:15012|dataStream:10.1.0.14:15015|priority:0|startupRole:FOLLOWER, c23d9737-c121-4244-9e77-c55c15e0a23c|rpc:10.1.0.14:15032|admin:10.1.0.14:15031|client:10.1.0.14:15030|dataStream:10.1.0.14:15033|priority:1|startupRole:FOLLOWER, e061ba01-06b3-4f38-a151-c7c4cf78ce5a|rpc:10.1.0.14:15023|admin:10.1.0.14:15022|client:10.1.0.14:15021|dataStream:10.1.0.14:15024|priority:0|startupRole:FOLLOWER] returns group-5330B41CC205:java.util.concurrent.CompletableFuture@154b12d4[Not completed]
2023-07-16 18:57:11,642 [0e76f3da-5374-4d3e-bc44-9848a147cb1b-groupManagement] INFO  server.RaftServer$Division (RaftServerImpl.java:<init>(198)) - 0e76f3da-5374-4d3e-bc44-9848a147cb1b: new RaftServerImpl for group-5330B41CC205:[0e76f3da-5374-4d3e-bc44-9848a147cb1b|rpc:10.1.0.14:15014|admin:10.1.0.14:15013|client:10.1.0.14:15012|dataStream:10.1.0.14:15015|priority:0|startupRole:FOLLOWER, c23d9737-c121-4244-9e77-c55c15e0a23c|rpc:10.1.0.14:15032|admin:10.1.0.14:15031|client:10.1.0.14:15030|dataStream:10.1.0.14:15033|priority:1|startupRole:FOLLOWER, e061ba01-06b3-4f38-a151-c7c4cf78ce5a|rpc:10.1.0.14:15023|admin:10.1.0.14:15022|client:10.1.0.14:15021|dataStream:10.1.0.14:15024|priority:0|startupRole:FOLLOWER] with ContainerStateMachine:uninitialized
2023-07-16 18:57:11,642 [0e76f3da-5374-4d3e-bc44-9848a147cb1b-groupManagement] INFO  server.RaftServerConfigKeys (ConfUtils.java:logGet(46)) - raft.server.rpc.timeout.min = 5s (custom)
2023-07-16 18:57:11,642 [0e76f3da-5374-4d3e-bc44-9848a147cb1b-groupManagement] INFO  server.RaftServerConfigKeys (ConfUtils.java:logGet(46)) - raft.server.rpc.timeout.max = 5200ms (custom)
2023-07-16 18:57:11,642 [0e76f3da-5374-4d3e-bc44-9848a147cb1b-groupManagement] INFO  server.RaftServerConfigKeys (ConfUtils.java:logGet(46)) - raft.server.rpc.sleep.time = 25ms (default)
2023-07-16 18:57:11,642 [0e76f3da-5374-4d3e-bc44-9848a147cb1b-groupManagement] INFO  server.RaftServerConfigKeys (ConfUtils.java:logGet(46)) - raft.server.rpc.slowness.timeout = 300s (custom)
2023-07-16 18:57:11,642 [0e76f3da-5374-4d3e-bc44-9848a147cb1b-groupManagement] INFO  server.RaftServerConfigKeys (ConfUtils.java:logGet(46)) - raft.server.leaderelection.leader.step-down.wait-time = 10s (default)
2023-07-16 18:57:11,642 [0e76f3da-5374-4d3e-bc44-9848a147cb1b-groupManagement] INFO  server.RaftServerConfigKeys (ConfUtils.java:logGet(46)) - raft.server.sleep.deviation.threshold = 300ms (default)
2023-07-16 18:57:11,643 [0e76f3da-5374-4d3e-bc44-9848a147cb1b-groupManagement] INFO  server.RaftServer$Division (ServerState.java:<init>(120)) - 0e76f3da-5374-4d3e-bc44-9848a147cb1b@group-5330B41CC205: ConfigurationManager, init=-1: peers:[0e76f3da-5374-4d3e-bc44-9848a147cb1b|rpc:10.1.0.14:15014|admin:10.1.0.14:15013|client:10.1.0.14:15012|dataStream:10.1.0.14:15015|priority:0|startupRole:FOLLOWER, c23d9737-c121-4244-9e77-c55c15e0a23c|rpc:10.1.0.14:15032|admin:10.1.0.14:15031|client:10.1.0.14:15030|dataStream:10.1.0.14:15033|priority:1|startupRole:FOLLOWER, e061ba01-06b3-4f38-a151-c7c4cf78ce5a|rpc:10.1.0.14:15023|admin:10.1.0.14:15022|client:10.1.0.14:15021|dataStream:10.1.0.14:15024|priority:0|startupRole:FOLLOWER]|listeners:[], old=null, confs=<EMPTY_MAP>
2023-07-16 18:57:11,643 [0e76f3da-5374-4d3e-bc44-9848a147cb1b-groupManagement] INFO  server.RaftServerConfigKeys (ConfUtils.java:logGet(46)) - raft.server.storage.dir = [/home/runner/work/ozone/ozone/hadoop-ozone/integration-test/target/test-dir/MiniOzoneClusterImpl-8e52da8c-19f0-467e-9375-6950100829a3/datanode-0/data/ratis] (custom)
2023-07-16 18:57:11,643 [0e76f3da-5374-4d3e-bc44-9848a147cb1b-groupManagement] INFO  server.RaftServerConfigKeys (ConfUtils.java:logGet(46)) - raft.server.log.corruption.policy = EXCEPTION (default)
2023-07-16 18:57:11,643 [0e76f3da-5374-4d3e-bc44-9848a147cb1b-groupManagement] INFO  server.RaftServerConfigKeys (ConfUtils.java:logGet(46)) - raft.server.storage.free-space.min = 0MB (=0) (default)
2023-07-16 18:57:11,643 [0e76f3da-5374-4d3e-bc44-9848a147cb1b-groupManagement] INFO  server.RaftServerConfigKeys (ConfUtils.java:logGet(46)) - raft.server.notification.no-leader.timeout = 300s (custom)
2023-07-16 18:57:11,643 [0e76f3da-5374-4d3e-bc44-9848a147cb1b-groupManagement] INFO  server.RaftServerConfigKeys (ConfUtils.java:logGet(46)) - raft.server.read.timeout = 10s (default)
2023-07-16 18:57:11,643 [0e76f3da-5374-4d3e-bc44-9848a147cb1b-groupManagement] INFO  server.RaftServerConfigKeys (ConfUtils.java:logGet(46)) - raft.server.retrycache.expirytime = 600000ms (custom)
2023-07-16 18:57:11,643 [0e76f3da-5374-4d3e-bc44-9848a147cb1b-groupManagement] INFO  server.RaftServerConfigKeys (ConfUtils.java:logGet(46)) - raft.server.retrycache.statistics.expirytime = 100μs (default)
2023-07-16 18:57:11,643 [0e76f3da-5374-4d3e-bc44-9848a147cb1b-groupManagement] INFO  server.RaftServerConfigKeys (ConfUtils.java:logGet(46)) - raft.server.read.option = DEFAULT (default)
2023-07-16 18:57:11,645 [0e76f3da-5374-4d3e-bc44-9848a147cb1b-groupManagement] INFO  server.RaftServerConfigKeys (ConfUtils.java:logGet(46)) - raft.server.rpc.request.timeout = 60s (custom)
2023-07-16 18:57:11,645 [0e76f3da-5374-4d3e-bc44-9848a147cb1b-groupManagement] INFO  server.RaftServerConfigKeys (ConfUtils.java:logGet(46)) - raft.server.log.appender.install.snapshot.enabled = false (custom)
2023-07-16 18:57:11,645 [0e76f3da-5374-4d3e-bc44-9848a147cb1b-groupManagement] INFO  server.RaftServerConfigKeys (ConfUtils.java:logGet(46)) - raft.server.threadpool.server.cached = true (default)
2023-07-16 18:57:11,645 [0e76f3da-5374-4d3e-bc44-9848a147cb1b-groupManagement] INFO  server.RaftServerConfigKeys (ConfUtils.java:logGet(46)) - raft.server.threadpool.server.size = 0 (default)
2023-07-16 18:57:11,645 [0e76f3da-5374-4d3e-bc44-9848a147cb1b-groupManagement] INFO  server.RaftServerConfigKeys (ConfUtils.java:logGet(46)) - raft.server.threadpool.client.cached = true (default)
2023-07-16 18:57:11,645 [0e76f3da-5374-4d3e-bc44-9848a147cb1b-groupManagement] INFO  server.RaftServerConfigKeys (ConfUtils.java:logGet(46)) - raft.server.threadpool.client.size = 0 (default)
2023-07-16 18:57:11,645 [0e76f3da-5374-4d3e-bc44-9848a147cb1b-groupManagement] INFO  storage.RaftStorageDirectory (RaftStorageDirectoryImpl.java:analyzeStorage(137)) - The storage directory /home/runner/work/ozone/ozone/hadoop-ozone/integration-test/target/test-dir/MiniOzoneClusterImpl-8e52da8c-19f0-467e-9375-6950100829a3/datanode-0/data/ratis/ad28fbcc-3ba8-4a13-af59-5330b41cc205 does not exist. Creating ...
2023-07-16 18:57:11,646 [0e76f3da-5374-4d3e-bc44-9848a147cb1b-groupManagement] INFO  storage.RaftStorageDirectory (RaftStorageDirectoryImpl.java:tryLock(231)) - Lock on /home/runner/work/ozone/ozone/hadoop-ozone/integration-test/target/test-dir/MiniOzoneClusterImpl-8e52da8c-19f0-467e-9375-6950100829a3/datanode-0/data/ratis/ad28fbcc-3ba8-4a13-af59-5330b41cc205/in_use.lock acquired by nodename 109267@fv-az587-727
2023-07-16 18:57:11,648 [0e76f3da-5374-4d3e-bc44-9848a147cb1b-groupManagement] INFO  storage.RaftStorage (RaftStorageImpl.java:format(96)) - Storage directory /home/runner/work/ozone/ozone/hadoop-ozone/integration-test/target/test-dir/MiniOzoneClusterImpl-8e52da8c-19f0-467e-9375-6950100829a3/datanode-0/data/ratis/ad28fbcc-3ba8-4a13-af59-5330b41cc205 has been successfully formatted.
2023-07-16 18:57:11,651 [262e2cc5-1901-4d20-b00f-c120f2342a1b-groupManagement] INFO  server.RaftServer$Division (RaftServerImpl.java:start(342)) - 262e2cc5-1901-4d20-b00f-c120f2342a1b@group-0F5175BAAFBD: start as a follower, conf=-1: peers:[262e2cc5-1901-4d20-b00f-c120f2342a1b|rpc:10.1.0.14:15041|admin:10.1.0.14:15040|client:10.1.0.14:15039|dataStream:10.1.0.14:15042|priority:0|startupRole:FOLLOWER, 9a50ebc8-888b-4605-8efe-fc16cf713d78|rpc:10.1.0.14:15050|admin:10.1.0.14:15049|client:10.1.0.14:15048|dataStream:10.1.0.14:15051|priority:1|startupRole:FOLLOWER, 0b1f3054-766a-487f-b63d-c6e216ac8926|rpc:10.1.0.14:15059|admin:10.1.0.14:15058|client:10.1.0.14:15057|dataStream:10.1.0.14:15060|priority:0|startupRole:FOLLOWER]|listeners:[], old=null
2023-07-16 18:57:11,655 [EventQueue-OpenPipelineForHealthyPipelineSafeModeRule] INFO  safemode.SCMSafeModeManager (HealthyPipelineSafeModeRule.java:process(137)) - SCM in safe mode. Healthy pipelines reported count is 0, required healthy pipeline reported count is 1
2023-07-16 18:57:11,653 [c23d9737-c121-4244-9e77-c55c15e0a23c-groupManagement] INFO  server.RaftServer$Division (RaftServerImpl.java:start(342)) - c23d9737-c121-4244-9e77-c55c15e0a23c@group-5330B41CC205: start as a follower, conf=-1: peers:[0e76f3da-5374-4d3e-bc44-9848a147cb1b|rpc:10.1.0.14:15014|admin:10.1.0.14:15013|client:10.1.0.14:15012|dataStream:10.1.0.14:15015|priority:0|startupRole:FOLLOWER, c23d9737-c121-4244-9e77-c55c15e0a23c|rpc:10.1.0.14:15032|admin:10.1.0.14:15031|client:10.1.0.14:15030|dataStream:10.1.0.14:15033|priority:1|startupRole:FOLLOWER, e061ba01-06b3-4f38-a151-c7c4cf78ce5a|rpc:10.1.0.14:15023|admin:10.1.0.14:15022|client:10.1.0.14:15021|dataStream:10.1.0.14:15024|priority:0|startupRole:FOLLOWER]|listeners:[], old=null
2023-07-16 18:57:11,660 [c23d9737-c121-4244-9e77-c55c15e0a23c-groupManagement] INFO  server.RaftServer$Division (RaftServerImpl.java:setRole(329)) - c23d9737-c121-4244-9e77-c55c15e0a23c@group-5330B41CC205: changes role from      null to FOLLOWER at term 0 for startAsFollower
2023-07-16 18:57:11,660 [c23d9737-c121-4244-9e77-c55c15e0a23c-groupManagement] INFO  impl.RoleInfo (RoleInfo.java:updateAndGet(139)) - c23d9737-c121-4244-9e77-c55c15e0a23c: start c23d9737-c121-4244-9e77-c55c15e0a23c@group-5330B41CC205-FollowerState
2023-07-16 18:57:11,651 [0e76f3da-5374-4d3e-bc44-9848a147cb1b-groupManagement] INFO  ratis.ContainerStateMachine (ContainerStateMachine.java:loadSnapshot(262)) - group-5330B41CC205: The snapshot info is null. Setting the last applied indexto:(t:0, i:~)
2023-07-16 18:57:11,662 [0e76f3da-5374-4d3e-bc44-9848a147cb1b-groupManagement] INFO  server.RaftServerConfigKeys (ConfUtils.java:logGet(46)) - raft.server.log.use.memory = false (default)
2023-07-16 18:57:11,662 [0e76f3da-5374-4d3e-bc44-9848a147cb1b-groupManagement] INFO  server.RaftServerConfigKeys (ConfUtils.java:logGet(46)) - raft.server.log.purge.gap = 1000000 (custom)
2023-07-16 18:57:11,662 [0e76f3da-5374-4d3e-bc44-9848a147cb1b-groupManagement] INFO  server.RaftServerConfigKeys (ConfUtils.java:logGet(46)) - raft.server.log.appender.buffer.byte-limit = 33554432 (custom)
2023-07-16 18:57:11,662 [0e76f3da-5374-4d3e-bc44-9848a147cb1b-groupManagement] INFO  server.RaftServerConfigKeys (ConfUtils.java:logGet(46)) - raft.server.log.statemachine.data.read.timeout = 1000ms (default)
2023-07-16 18:57:11,662 [0e76f3da-5374-4d3e-bc44-9848a147cb1b-groupManagement] INFO  server.RaftServerConfigKeys (ConfUtils.java:logGet(46)) - raft.server.log.purge.preservation.log.num = 0 (default)
2023-07-16 18:57:11,663 [0e76f3da-5374-4d3e-bc44-9848a147cb1b-groupManagement] INFO  server.RaftServerConfigKeys (ConfUtils.java:logGet(46)) - raft.server.log.segment.size.max = 1048576 (custom)
2023-07-16 18:57:11,663 [0e76f3da-5374-4d3e-bc44-9848a147cb1b-groupManagement] INFO  server.RaftServerConfigKeys (ConfUtils.java:logGet(46)) - raft.server.log.segment.cache.num.max = 2 (custom)
2023-07-16 18:57:11,663 [0e76f3da-5374-4d3e-bc44-9848a147cb1b-groupManagement] INFO  server.RaftServerConfigKeys (ConfUtils.java:logGet(46)) - raft.server.log.segment.cache.size.max = 200MB (=209715200) (default)
2023-07-16 18:57:11,663 [0e76f3da-5374-4d3e-bc44-9848a147cb1b-groupManagement] INFO  server.RaftServerConfigKeys (ConfUtils.java:logGet(46)) - raft.server.log.appender.buffer.byte-limit = 33554432 (custom)
2023-07-16 18:57:11,663 [0e76f3da-5374-4d3e-bc44-9848a147cb1b-groupManagement] INFO  segmented.SegmentedRaftLogWorker (SegmentedRaftLogWorker.java:<init>(188)) - new 0e76f3da-5374-4d3e-bc44-9848a147cb1b@group-5330B41CC205-SegmentedRaftLogWorker for RaftStorageImpl:Storage Directory /home/runner/work/ozone/ozone/hadoop-ozone/integration-test/target/test-dir/MiniOzoneClusterImpl-8e52da8c-19f0-467e-9375-6950100829a3/datanode-0/data/ratis/ad28fbcc-3ba8-4a13-af59-5330b41cc205
2023-07-16 18:57:11,663 [0e76f3da-5374-4d3e-bc44-9848a147cb1b-groupManagement] INFO  server.RaftServerConfigKeys (ConfUtils.java:logGet(46)) - raft.server.log.queue.byte-limit = 4294967296 (custom)
2023-07-16 18:57:11,663 [0e76f3da-5374-4d3e-bc44-9848a147cb1b-groupManagement] INFO  server.RaftServerConfigKeys (ConfUtils.java:logGet(46)) - raft.server.log.queue.element-limit = 1024 (custom)
2023-07-16 18:57:11,663 [0e76f3da-5374-4d3e-bc44-9848a147cb1b-groupManagement] INFO  server.RaftServerConfigKeys (ConfUtils.java:logGet(46)) - raft.server.log.segment.size.max = 1048576 (custom)
2023-07-16 18:57:11,663 [0e76f3da-5374-4d3e-bc44-9848a147cb1b-groupManagement] INFO  server.RaftServerConfigKeys (ConfUtils.java:logGet(46)) - raft.server.log.preallocated.size = 16384 (custom)
2023-07-16 18:57:11,664 [0e76f3da-5374-4d3e-bc44-9848a147cb1b-groupManagement] INFO  server.RaftServerConfigKeys (ConfUtils.java:logGet(46)) - raft.server.log.force.sync.num = 128 (default)
2023-07-16 18:57:11,664 [0e76f3da-5374-4d3e-bc44-9848a147cb1b-groupManagement] INFO  server.RaftServerConfigKeys (ConfUtils.java:logGet(46)) - raft.server.log.statemachine.data.sync = true (default)
2023-07-16 18:57:11,664 [0e76f3da-5374-4d3e-bc44-9848a147cb1b-groupManagement] INFO  server.RaftServerConfigKeys (ConfUtils.java:logGet(46)) - raft.server.log.statemachine.data.sync.timeout = 10s (default)
2023-07-16 18:57:11,664 [0e76f3da-5374-4d3e-bc44-9848a147cb1b-groupManagement] INFO  server.RaftServerConfigKeys (ConfUtils.java:logGet(46)) - raft.server.log.statemachine.data.sync.timeout.retry = -1 (default)
2023-07-16 18:57:11,665 [0e76f3da-5374-4d3e-bc44-9848a147cb1b-groupManagement] INFO  server.RaftServerConfigKeys (ConfUtils.java:logGet(46)) - raft.server.log.write.buffer.size = 1048576 (custom)
2023-07-16 18:57:11,665 [0e76f3da-5374-4d3e-bc44-9848a147cb1b-groupManagement] INFO  server.RaftServerConfigKeys (ConfUtils.java:logGet(46)) - raft.server.log.appender.buffer.byte-limit = 33554432 (custom)
2023-07-16 18:57:11,661 [c23d9737-c121-4244-9e77-c55c15e0a23c@group-5330B41CC205-FollowerState] INFO  server.RaftServerConfigKeys (ConfUtils.java:logFallback(53)) - raft.server.rpc.first-election.timeout.min = 5s (fallback to raft.server.rpc.timeout.min)
2023-07-16 18:57:11,661 [c23d9737-c121-4244-9e77-c55c15e0a23c-groupManagement] INFO  util.JmxRegister (JmxRegister.java:tryRegister(44)) - Successfully registered JMX Bean with object name Ratis:service=RaftServer,group=group-5330B41CC205,id=c23d9737-c121-4244-9e77-c55c15e0a23c
2023-07-16 18:57:11,656 [262e2cc5-1901-4d20-b00f-c120f2342a1b-groupManagement] INFO  server.RaftServer$Division (RaftServerImpl.java:setRole(329)) - 262e2cc5-1901-4d20-b00f-c120f2342a1b@group-0F5175BAAFBD: changes role from      null to FOLLOWER at term 0 for startAsFollower
2023-07-16 18:57:11,680 [c23d9737-c121-4244-9e77-c55c15e0a23c@group-5330B41CC205-FollowerState] INFO  server.RaftServerConfigKeys (ConfUtils.java:logFallback(53)) - raft.server.rpc.first-election.timeout.max = 5200ms (fallback to raft.server.rpc.timeout.max)
2023-07-16 18:57:11,680 [262e2cc5-1901-4d20-b00f-c120f2342a1b-groupManagement] INFO  impl.RoleInfo (RoleInfo.java:updateAndGet(139)) - 262e2cc5-1901-4d20-b00f-c120f2342a1b: start 262e2cc5-1901-4d20-b00f-c120f2342a1b@group-0F5175BAAFBD-FollowerState
2023-07-16 18:57:11,680 [c23d9737-c121-4244-9e77-c55c15e0a23c-groupManagement] INFO  server.RaftServerConfigKeys (ConfUtils.java:logGet(46)) - raft.server.snapshot.auto.trigger.enabled = true (custom)
2023-07-16 18:57:11,680 [c23d9737-c121-4244-9e77-c55c15e0a23c-groupManagement] INFO  server.RaftServerConfigKeys (ConfUtils.java:logGet(46)) - raft.server.snapshot.auto.trigger.threshold = 10000 (custom)
2023-07-16 18:57:11,680 [c23d9737-c121-4244-9e77-c55c15e0a23c-groupManagement] INFO  server.RaftServerConfigKeys (ConfUtils.java:logGet(46)) - raft.server.snapshot.retention.file.num = 5 (custom)
2023-07-16 18:57:11,680 [c23d9737-c121-4244-9e77-c55c15e0a23c-groupManagement] INFO  server.RaftServerConfigKeys (ConfUtils.java:logGet(46)) - raft.server.log.purge.upto.snapshot.index = false (default)
2023-07-16 18:57:11,672 [0e76f3da-5374-4d3e-bc44-9848a147cb1b-groupManagement] INFO  server.RaftServerConfigKeys (ConfUtils.java:logGet(46)) - raft.server.log.unsafe-flush.enabled = false (default)
2023-07-16 18:57:11,681 [0e76f3da-5374-4d3e-bc44-9848a147cb1b-groupManagement] INFO  server.RaftServerConfigKeys (ConfUtils.java:logGet(46)) - raft.server.log.async-flush.enabled = false (default)
2023-07-16 18:57:11,681 [262e2cc5-1901-4d20-b00f-c120f2342a1b-groupManagement] INFO  util.JmxRegister (JmxRegister.java:tryRegister(44)) - Successfully registered JMX Bean with object name Ratis:service=RaftServer,group=group-0F5175BAAFBD,id=262e2cc5-1901-4d20-b00f-c120f2342a1b
2023-07-16 18:57:11,681 [262e2cc5-1901-4d20-b00f-c120f2342a1b-groupManagement] INFO  server.RaftServerConfigKeys (ConfUtils.java:logGet(46)) - raft.server.snapshot.auto.trigger.enabled = true (custom)
2023-07-16 18:57:11,681 [262e2cc5-1901-4d20-b00f-c120f2342a1b-groupManagement] INFO  server.RaftServerConfigKeys (ConfUtils.java:logGet(46)) - raft.server.snapshot.auto.trigger.threshold = 10000 (custom)
2023-07-16 18:57:11,681 [262e2cc5-1901-4d20-b00f-c120f2342a1b-groupManagement] INFO  server.RaftServerConfigKeys (ConfUtils.java:logGet(46)) - raft.server.snapshot.retention.file.num = 5 (custom)
2023-07-16 18:57:11,681 [262e2cc5-1901-4d20-b00f-c120f2342a1b-groupManagement] INFO  server.RaftServerConfigKeys (ConfUtils.java:logGet(46)) - raft.server.log.purge.upto.snapshot.index = false (default)
2023-07-16 18:57:11,681 [0e76f3da-5374-4d3e-bc44-9848a147cb1b-groupManagement] INFO  server.RaftServerConfigKeys (ConfUtils.java:logGet(46)) - raft.server.log.statemachine.data.caching.enabled = true (custom)
2023-07-16 18:57:11,684 [0e76f3da-5374-4d3e-bc44-9848a147cb1b-groupManagement] INFO  segmented.SegmentedRaftLogWorker (SegmentedRaftLogWorker.java:lambda$new$0(135)) - 0e76f3da-5374-4d3e-bc44-9848a147cb1b@group-5330B41CC205-SegmentedRaftLogWorker: flushIndex: setUnconditionally 0 -> -1
2023-07-16 18:57:11,685 [262e2cc5-1901-4d20-b00f-c120f2342a1b@group-0F5175BAAFBD-FollowerState] INFO  server.RaftServerConfigKeys (ConfUtils.java:logFallback(53)) - raft.server.rpc.first-election.timeout.min = 5s (fallback to raft.server.rpc.timeout.min)
2023-07-16 18:57:11,685 [262e2cc5-1901-4d20-b00f-c120f2342a1b@group-0F5175BAAFBD-FollowerState] INFO  server.RaftServerConfigKeys (ConfUtils.java:logFallback(53)) - raft.server.rpc.first-election.timeout.max = 5200ms (fallback to raft.server.rpc.timeout.max)
2023-07-16 18:57:11,688 [0e76f3da-5374-4d3e-bc44-9848a147cb1b-groupManagement] INFO  segmented.SegmentedRaftLogWorker (SegmentedRaftLogWorker.java:lambda$new$0(135)) - 0e76f3da-5374-4d3e-bc44-9848a147cb1b@group-5330B41CC205-SegmentedRaftLogWorker: safeCacheEvictIndex: setUnconditionally 0 -> -1
2023-07-16 18:57:11,688 [PipelineCommandHandlerThread-0] INFO  ratis.XceiverServerRatis (XceiverServerRatis.java:addGroup(804)) - Created group PipelineID=90836b84-b0b2-4deb-a2da-0f5175baafbd
2023-07-16 18:57:11,691 [0e76f3da-5374-4d3e-bc44-9848a147cb1b-groupManagement] INFO  server.RaftServer$Division (RaftServerImpl.java:start(342)) - 0e76f3da-5374-4d3e-bc44-9848a147cb1b@group-5330B41CC205: start as a follower, conf=-1: peers:[0e76f3da-5374-4d3e-bc44-9848a147cb1b|rpc:10.1.0.14:15014|admin:10.1.0.14:15013|client:10.1.0.14:15012|dataStream:10.1.0.14:15015|priority:0|startupRole:FOLLOWER, c23d9737-c121-4244-9e77-c55c15e0a23c|rpc:10.1.0.14:15032|admin:10.1.0.14:15031|client:10.1.0.14:15030|dataStream:10.1.0.14:15033|priority:1|startupRole:FOLLOWER, e061ba01-06b3-4f38-a151-c7c4cf78ce5a|rpc:10.1.0.14:15023|admin:10.1.0.14:15022|client:10.1.0.14:15021|dataStream:10.1.0.14:15024|priority:0|startupRole:FOLLOWER]|listeners:[], old=null
2023-07-16 18:57:11,692 [0e76f3da-5374-4d3e-bc44-9848a147cb1b-groupManagement] INFO  server.RaftServer$Division (RaftServerImpl.java:setRole(329)) - 0e76f3da-5374-4d3e-bc44-9848a147cb1b@group-5330B41CC205: changes role from      null to FOLLOWER at term 0 for startAsFollower
2023-07-16 18:57:11,692 [0e76f3da-5374-4d3e-bc44-9848a147cb1b-groupManagement] INFO  impl.RoleInfo (RoleInfo.java:updateAndGet(139)) - 0e76f3da-5374-4d3e-bc44-9848a147cb1b: start 0e76f3da-5374-4d3e-bc44-9848a147cb1b@group-5330B41CC205-FollowerState
2023-07-16 18:57:11,693 [0e76f3da-5374-4d3e-bc44-9848a147cb1b-groupManagement] INFO  util.JmxRegister (JmxRegister.java:tryRegister(44)) - Successfully registered JMX Bean with object name Ratis:service=RaftServer,group=group-5330B41CC205,id=0e76f3da-5374-4d3e-bc44-9848a147cb1b
2023-07-16 18:57:11,693 [0e76f3da-5374-4d3e-bc44-9848a147cb1b-groupManagement] INFO  server.RaftServerConfigKeys (ConfUtils.java:logGet(46)) - raft.server.snapshot.auto.trigger.enabled = true (custom)
2023-07-16 18:57:11,693 [0e76f3da-5374-4d3e-bc44-9848a147cb1b-groupManagement] INFO  server.RaftServerConfigKeys (ConfUtils.java:logGet(46)) - raft.server.snapshot.auto.trigger.threshold = 10000 (custom)
2023-07-16 18:57:11,693 [0e76f3da-5374-4d3e-bc44-9848a147cb1b-groupManagement] INFO  server.RaftServerConfigKeys (ConfUtils.java:logGet(46)) - raft.server.snapshot.retention.file.num = 5 (custom)
2023-07-16 18:57:11,693 [0e76f3da-5374-4d3e-bc44-9848a147cb1b-groupManagement] INFO  server.RaftServerConfigKeys (ConfUtils.java:logGet(46)) - raft.server.log.purge.upto.snapshot.index = false (default)
2023-07-16 18:57:11,694 [0e76f3da-5374-4d3e-bc44-9848a147cb1b@group-5330B41CC205-FollowerState] INFO  server.RaftServerConfigKeys (ConfUtils.java:logFallback(53)) - raft.server.rpc.first-election.timeout.min = 5s (fallback to raft.server.rpc.timeout.min)
2023-07-16 18:57:11,701 [0e76f3da-5374-4d3e-bc44-9848a147cb1b@group-5330B41CC205-FollowerState] INFO  server.RaftServerConfigKeys (ConfUtils.java:logFallback(53)) - raft.server.rpc.first-election.timeout.max = 5200ms (fallback to raft.server.rpc.timeout.max)
2023-07-16 18:57:11,697 [PipelineCommandHandlerThread-0] INFO  ratis.XceiverServerRatis (XceiverServerRatis.java:addGroup(804)) - Created group PipelineID=ad28fbcc-3ba8-4a13-af59-5330b41cc205
2023-07-16 18:57:11,697 [PipelineCommandHandlerThread-0] INFO  ratis.XceiverServerRatis (XceiverServerRatis.java:addGroup(804)) - Created group PipelineID=ad28fbcc-3ba8-4a13-af59-5330b41cc205
2023-07-16 18:57:11,746 [grpc-default-executor-2] INFO  server.RaftServer (RaftServerProxy.java:addNew(98)) - 9a50ebc8-888b-4605-8efe-fc16cf713d78: addNew group-0F5175BAAFBD:[262e2cc5-1901-4d20-b00f-c120f2342a1b|rpc:10.1.0.14:15041|admin:10.1.0.14:15040|client:10.1.0.14:15039|dataStream:10.1.0.14:15042|priority:0|startupRole:FOLLOWER, 9a50ebc8-888b-4605-8efe-fc16cf713d78|rpc:10.1.0.14:15050|admin:10.1.0.14:15049|client:10.1.0.14:15048|dataStream:10.1.0.14:15051|priority:1|startupRole:FOLLOWER, 0b1f3054-766a-487f-b63d-c6e216ac8926|rpc:10.1.0.14:15059|admin:10.1.0.14:15058|client:10.1.0.14:15057|dataStream:10.1.0.14:15060|priority:0|startupRole:FOLLOWER] returns group-0F5175BAAFBD:java.util.concurrent.CompletableFuture@5f045b23[Not completed]
2023-07-16 18:57:11,749 [PipelineCommandHandlerThread-0] INFO  server.RaftServer (RaftServerProxy.java:addNew(98)) - 9a50ebc8-888b-4605-8efe-fc16cf713d78: addNew group-3E6D570FD02E:[9a50ebc8-888b-4605-8efe-fc16cf713d78|rpc:10.1.0.14:15050|admin:10.1.0.14:15049|client:10.1.0.14:15048|dataStream:10.1.0.14:15051|priority:1|startupRole:FOLLOWER] returns group-3E6D570FD02E:java.util.concurrent.CompletableFuture@1e59a797[Not completed]
2023-07-16 18:57:11,765 [9a50ebc8-888b-4605-8efe-fc16cf713d78-groupManagement] INFO  server.RaftServer$Division (RaftServerImpl.java:<init>(198)) - 9a50ebc8-888b-4605-8efe-fc16cf713d78: new RaftServerImpl for group-0F5175BAAFBD:[262e2cc5-1901-4d20-b00f-c120f2342a1b|rpc:10.1.0.14:15041|admin:10.1.0.14:15040|client:10.1.0.14:15039|dataStream:10.1.0.14:15042|priority:0|startupRole:FOLLOWER, 9a50ebc8-888b-4605-8efe-fc16cf713d78|rpc:10.1.0.14:15050|admin:10.1.0.14:15049|client:10.1.0.14:15048|dataStream:10.1.0.14:15051|priority:1|startupRole:FOLLOWER, 0b1f3054-766a-487f-b63d-c6e216ac8926|rpc:10.1.0.14:15059|admin:10.1.0.14:15058|client:10.1.0.14:15057|dataStream:10.1.0.14:15060|priority:0|startupRole:FOLLOWER] with ContainerStateMachine:uninitialized
2023-07-16 18:57:11,770 [PipelineCommandHandlerThread-0] INFO  commandhandler.CreatePipelineCommandHandler (CreatePipelineCommandHandler.java:lambda$handle$2(124)) - Created Pipeline RATIS THREE PipelineID=ad28fbcc-3ba8-4a13-af59-5330b41cc205.
2023-07-16 18:57:11,774 [9a50ebc8-888b-4605-8efe-fc16cf713d78-groupManagement] INFO  server.RaftServerConfigKeys (ConfUtils.java:logGet(46)) - raft.server.rpc.timeout.min = 5s (custom)
2023-07-16 18:57:11,775 [9a50ebc8-888b-4605-8efe-fc16cf713d78-groupManagement] INFO  server.RaftServerConfigKeys (ConfUtils.java:logGet(46)) - raft.server.rpc.timeout.max = 5200ms (custom)
2023-07-16 18:57:11,775 [9a50ebc8-888b-4605-8efe-fc16cf713d78-groupManagement] INFO  server.RaftServerConfigKeys (ConfUtils.java:logGet(46)) - raft.server.rpc.sleep.time = 25ms (default)
2023-07-16 18:57:11,775 [9a50ebc8-888b-4605-8efe-fc16cf713d78-groupManagement] INFO  server.RaftServerConfigKeys (ConfUtils.java:logGet(46)) - raft.server.rpc.slowness.timeout = 300s (custom)
2023-07-16 18:57:11,775 [9a50ebc8-888b-4605-8efe-fc16cf713d78-groupManagement] INFO  server.RaftServerConfigKeys (ConfUtils.java:logGet(46)) - raft.server.leaderelection.leader.step-down.wait-time = 10s (default)
2023-07-16 18:57:11,775 [9a50ebc8-888b-4605-8efe-fc16cf713d78-groupManagement] INFO  server.RaftServerConfigKeys (ConfUtils.java:logGet(46)) - raft.server.sleep.deviation.threshold = 300ms (default)
2023-07-16 18:57:11,776 [9a50ebc8-888b-4605-8efe-fc16cf713d78-groupManagement] INFO  server.RaftServer$Division (ServerState.java:<init>(120)) - 9a50ebc8-888b-4605-8efe-fc16cf713d78@group-0F5175BAAFBD: ConfigurationManager, init=-1: peers:[262e2cc5-1901-4d20-b00f-c120f2342a1b|rpc:10.1.0.14:15041|admin:10.1.0.14:15040|client:10.1.0.14:15039|dataStream:10.1.0.14:15042|priority:0|startupRole:FOLLOWER, 9a50ebc8-888b-4605-8efe-fc16cf713d78|rpc:10.1.0.14:15050|admin:10.1.0.14:15049|client:10.1.0.14:15048|dataStream:10.1.0.14:15051|priority:1|startupRole:FOLLOWER, 0b1f3054-766a-487f-b63d-c6e216ac8926|rpc:10.1.0.14:15059|admin:10.1.0.14:15058|client:10.1.0.14:15057|dataStream:10.1.0.14:15060|priority:0|startupRole:FOLLOWER]|listeners:[], old=null, confs=<EMPTY_MAP>
2023-07-16 18:57:11,776 [9a50ebc8-888b-4605-8efe-fc16cf713d78-groupManagement] INFO  server.RaftServerConfigKeys (ConfUtils.java:logGet(46)) - raft.server.storage.dir = [/home/runner/work/ozone/ozone/hadoop-ozone/integration-test/target/test-dir/MiniOzoneClusterImpl-8e52da8c-19f0-467e-9375-6950100829a3/datanode-4/data/ratis] (custom)
2023-07-16 18:57:11,776 [9a50ebc8-888b-4605-8efe-fc16cf713d78-groupManagement] INFO  server.RaftServerConfigKeys (ConfUtils.java:logGet(46)) - raft.server.log.corruption.policy = EXCEPTION (default)
2023-07-16 18:57:11,776 [9a50ebc8-888b-4605-8efe-fc16cf713d78-groupManagement] INFO  server.RaftServerConfigKeys (ConfUtils.java:logGet(46)) - raft.server.storage.free-space.min = 0MB (=0) (default)
2023-07-16 18:57:11,776 [9a50ebc8-888b-4605-8efe-fc16cf713d78-groupManagement] INFO  server.RaftServerConfigKeys (ConfUtils.java:logGet(46)) - raft.server.notification.no-leader.timeout = 300s (custom)
2023-07-16 18:57:11,776 [9a50ebc8-888b-4605-8efe-fc16cf713d78-groupManagement] INFO  server.RaftServerConfigKeys (ConfUtils.java:logGet(46)) - raft.server.read.timeout = 10s (default)
2023-07-16 18:57:11,776 [9a50ebc8-888b-4605-8efe-fc16cf713d78-groupManagement] INFO  server.RaftServerConfigKeys (ConfUtils.java:logGet(46)) - raft.server.retrycache.expirytime = 600000ms (custom)
2023-07-16 18:57:11,776 [9a50ebc8-888b-4605-8efe-fc16cf713d78-groupManagement] INFO  server.RaftServerConfigKeys (ConfUtils.java:logGet(46)) - raft.server.retrycache.statistics.expirytime = 100μs (default)
2023-07-16 18:57:11,776 [9a50ebc8-888b-4605-8efe-fc16cf713d78-groupManagement] INFO  server.RaftServerConfigKeys (ConfUtils.java:logGet(46)) - raft.server.read.option = DEFAULT (default)
2023-07-16 18:57:11,777 [9a50ebc8-888b-4605-8efe-fc16cf713d78-groupManagement] INFO  server.RaftServerConfigKeys (ConfUtils.java:logGet(46)) - raft.server.rpc.request.timeout = 60s (custom)
2023-07-16 18:57:11,778 [9a50ebc8-888b-4605-8efe-fc16cf713d78-groupManagement] INFO  server.RaftServerConfigKeys (ConfUtils.java:logGet(46)) - raft.server.log.appender.install.snapshot.enabled = false (custom)
2023-07-16 18:57:11,778 [9a50ebc8-888b-4605-8efe-fc16cf713d78-groupManagement] INFO  server.RaftServerConfigKeys (ConfUtils.java:logGet(46)) - raft.server.threadpool.server.cached = true (default)
2023-07-16 18:57:11,778 [9a50ebc8-888b-4605-8efe-fc16cf713d78-groupManagement] INFO  server.RaftServerConfigKeys (ConfUtils.java:logGet(46)) - raft.server.threadpool.server.size = 0 (default)
2023-07-16 18:57:11,778 [9a50ebc8-888b-4605-8efe-fc16cf713d78-groupManagement] INFO  server.RaftServerConfigKeys (ConfUtils.java:logGet(46)) - raft.server.threadpool.client.cached = true (default)
2023-07-16 18:57:11,778 [9a50ebc8-888b-4605-8efe-fc16cf713d78-groupManagement] INFO  server.RaftServerConfigKeys (ConfUtils.java:logGet(46)) - raft.server.threadpool.client.size = 0 (default)
2023-07-16 18:57:11,783 [9a50ebc8-888b-4605-8efe-fc16cf713d78-groupManagement] INFO  server.RaftServer$Division (RaftServerImpl.java:<init>(198)) - 9a50ebc8-888b-4605-8efe-fc16cf713d78: new RaftServerImpl for group-3E6D570FD02E:[9a50ebc8-888b-4605-8efe-fc16cf713d78|rpc:10.1.0.14:15050|admin:10.1.0.14:15049|client:10.1.0.14:15048|dataStream:10.1.0.14:15051|priority:1|startupRole:FOLLOWER] with ContainerStateMachine:uninitialized
2023-07-16 18:57:11,783 [9a50ebc8-888b-4605-8efe-fc16cf713d78-groupManagement] INFO  server.RaftServerConfigKeys (ConfUtils.java:logGet(46)) - raft.server.rpc.timeout.min = 5s (custom)
2023-07-16 18:57:11,783 [9a50ebc8-888b-4605-8efe-fc16cf713d78-groupManagement] INFO  server.RaftServerConfigKeys (ConfUtils.java:logGet(46)) - raft.server.rpc.timeout.max = 5200ms (custom)
2023-07-16 18:57:11,783 [9a50ebc8-888b-4605-8efe-fc16cf713d78-groupManagement] INFO  server.RaftServerConfigKeys (ConfUtils.java:logGet(46)) - raft.server.rpc.sleep.time = 25ms (default)
2023-07-16 18:57:11,783 [9a50ebc8-888b-4605-8efe-fc16cf713d78-groupManagement] INFO  server.RaftServerConfigKeys (ConfUtils.java:logGet(46)) - raft.server.rpc.slowness.timeout = 300s (custom)
2023-07-16 18:57:11,783 [9a50ebc8-888b-4605-8efe-fc16cf713d78-groupManagement] INFO  server.RaftServerConfigKeys (ConfUtils.java:logGet(46)) - raft.server.leaderelection.leader.step-down.wait-time = 10s (default)
2023-07-16 18:57:11,783 [9a50ebc8-888b-4605-8efe-fc16cf713d78-groupManagement] INFO  server.RaftServerConfigKeys (ConfUtils.java:logGet(46)) - raft.server.sleep.deviation.threshold = 300ms (default)
2023-07-16 18:57:11,783 [9a50ebc8-888b-4605-8efe-fc16cf713d78-groupManagement] INFO  server.RaftServer$Division (ServerState.java:<init>(120)) - 9a50ebc8-888b-4605-8efe-fc16cf713d78@group-3E6D570FD02E: ConfigurationManager, init=-1: peers:[9a50ebc8-888b-4605-8efe-fc16cf713d78|rpc:10.1.0.14:15050|admin:10.1.0.14:15049|client:10.1.0.14:15048|dataStream:10.1.0.14:15051|priority:1|startupRole:FOLLOWER]|listeners:[], old=null, confs=<EMPTY_MAP>
2023-07-16 18:57:11,784 [9a50ebc8-888b-4605-8efe-fc16cf713d78-groupManagement] INFO  server.RaftServerConfigKeys (ConfUtils.java:logGet(46)) - raft.server.storage.dir = [/home/runner/work/ozone/ozone/hadoop-ozone/integration-test/target/test-dir/MiniOzoneClusterImpl-8e52da8c-19f0-467e-9375-6950100829a3/datanode-4/data/ratis] (custom)
2023-07-16 18:57:11,784 [9a50ebc8-888b-4605-8efe-fc16cf713d78-groupManagement] INFO  server.RaftServerConfigKeys (ConfUtils.java:logGet(46)) - raft.server.log.corruption.policy = EXCEPTION (default)
2023-07-16 18:57:11,784 [9a50ebc8-888b-4605-8efe-fc16cf713d78-groupManagement] INFO  server.RaftServerConfigKeys (ConfUtils.java:logGet(46)) - raft.server.storage.free-space.min = 0MB (=0) (default)
2023-07-16 18:57:11,784 [9a50ebc8-888b-4605-8efe-fc16cf713d78-groupManagement] INFO  server.RaftServerConfigKeys (ConfUtils.java:logGet(46)) - raft.server.notification.no-leader.timeout = 300s (custom)
2023-07-16 18:57:11,784 [9a50ebc8-888b-4605-8efe-fc16cf713d78-groupManagement] INFO  server.RaftServerConfigKeys (ConfUtils.java:logGet(46)) - raft.server.read.timeout = 10s (default)
2023-07-16 18:57:11,784 [9a50ebc8-888b-4605-8efe-fc16cf713d78-groupManagement] INFO  server.RaftServerConfigKeys (ConfUtils.java:logGet(46)) - raft.server.retrycache.expirytime = 600000ms (custom)
2023-07-16 18:57:11,784 [9a50ebc8-888b-4605-8efe-fc16cf713d78-groupManagement] INFO  server.RaftServerConfigKeys (ConfUtils.java:logGet(46)) - raft.server.retrycache.statistics.expirytime = 100μs (default)
2023-07-16 18:57:11,784 [9a50ebc8-888b-4605-8efe-fc16cf713d78-groupManagement] INFO  server.RaftServerConfigKeys (ConfUtils.java:logGet(46)) - raft.server.read.option = DEFAULT (default)
2023-07-16 18:57:11,786 [9a50ebc8-888b-4605-8efe-fc16cf713d78-groupManagement] INFO  server.RaftServerConfigKeys (ConfUtils.java:logGet(46)) - raft.server.rpc.request.timeout = 60s (custom)
2023-07-16 18:57:11,786 [9a50ebc8-888b-4605-8efe-fc16cf713d78-groupManagement] INFO  server.RaftServerConfigKeys (ConfUtils.java:logGet(46)) - raft.server.log.appender.install.snapshot.enabled = false (custom)
2023-07-16 18:57:11,786 [9a50ebc8-888b-4605-8efe-fc16cf713d78-groupManagement] INFO  server.RaftServerConfigKeys (ConfUtils.java:logGet(46)) - raft.server.threadpool.server.cached = true (default)
2023-07-16 18:57:11,786 [9a50ebc8-888b-4605-8efe-fc16cf713d78-groupManagement] INFO  server.RaftServerConfigKeys (ConfUtils.java:logGet(46)) - raft.server.threadpool.server.size = 0 (default)
2023-07-16 18:57:11,786 [9a50ebc8-888b-4605-8efe-fc16cf713d78-groupManagement] INFO  server.RaftServerConfigKeys (ConfUtils.java:logGet(46)) - raft.server.threadpool.client.cached = true (default)
2023-07-16 18:57:11,786 [9a50ebc8-888b-4605-8efe-fc16cf713d78-groupManagement] INFO  server.RaftServerConfigKeys (ConfUtils.java:logGet(46)) - raft.server.threadpool.client.size = 0 (default)
2023-07-16 18:57:11,786 [9a50ebc8-888b-4605-8efe-fc16cf713d78-groupManagement] INFO  storage.RaftStorageDirectory (RaftStorageDirectoryImpl.java:analyzeStorage(137)) - The storage directory /home/runner/work/ozone/ozone/hadoop-ozone/integration-test/target/test-dir/MiniOzoneClusterImpl-8e52da8c-19f0-467e-9375-6950100829a3/datanode-4/data/ratis/90836b84-b0b2-4deb-a2da-0f5175baafbd does not exist. Creating ...
2023-07-16 18:57:11,788 [9a50ebc8-888b-4605-8efe-fc16cf713d78-groupManagement] INFO  storage.RaftStorageDirectory (RaftStorageDirectoryImpl.java:tryLock(231)) - Lock on /home/runner/work/ozone/ozone/hadoop-ozone/integration-test/target/test-dir/MiniOzoneClusterImpl-8e52da8c-19f0-467e-9375-6950100829a3/datanode-4/data/ratis/90836b84-b0b2-4deb-a2da-0f5175baafbd/in_use.lock acquired by nodename 109267@fv-az587-727
2023-07-16 18:57:11,789 [9a50ebc8-888b-4605-8efe-fc16cf713d78-groupManagement] INFO  storage.RaftStorage (RaftStorageImpl.java:format(96)) - Storage directory /home/runner/work/ozone/ozone/hadoop-ozone/integration-test/target/test-dir/MiniOzoneClusterImpl-8e52da8c-19f0-467e-9375-6950100829a3/datanode-4/data/ratis/90836b84-b0b2-4deb-a2da-0f5175baafbd has been successfully formatted.
2023-07-16 18:57:11,804 [9a50ebc8-888b-4605-8efe-fc16cf713d78-groupManagement] INFO  ratis.ContainerStateMachine (ContainerStateMachine.java:loadSnapshot(262)) - group-0F5175BAAFBD: The snapshot info is null. Setting the last applied indexto:(t:0, i:~)
2023-07-16 18:57:11,804 [9a50ebc8-888b-4605-8efe-fc16cf713d78-groupManagement] INFO  server.RaftServerConfigKeys (ConfUtils.java:logGet(46)) - raft.server.log.use.memory = false (default)
2023-07-16 18:57:11,804 [9a50ebc8-888b-4605-8efe-fc16cf713d78-groupManagement] INFO  server.RaftServerConfigKeys (ConfUtils.java:logGet(46)) - raft.server.log.purge.gap = 1000000 (custom)
2023-07-16 18:57:11,804 [9a50ebc8-888b-4605-8efe-fc16cf713d78-groupManagement] INFO  server.RaftServerConfigKeys (ConfUtils.java:logGet(46)) - raft.server.log.appender.buffer.byte-limit = 33554432 (custom)
2023-07-16 18:57:11,804 [9a50ebc8-888b-4605-8efe-fc16cf713d78-groupManagement] INFO  server.RaftServerConfigKeys (ConfUtils.java:logGet(46)) - raft.server.log.statemachine.data.read.timeout = 1000ms (default)
2023-07-16 18:57:11,804 [9a50ebc8-888b-4605-8efe-fc16cf713d78-groupManagement] INFO  server.RaftServerConfigKeys (ConfUtils.java:logGet(46)) - raft.server.log.purge.preservation.log.num = 0 (default)
2023-07-16 18:57:11,805 [9a50ebc8-888b-4605-8efe-fc16cf713d78-groupManagement] INFO  server.RaftServerConfigKeys (ConfUtils.java:logGet(46)) - raft.server.log.segment.size.max = 1048576 (custom)
2023-07-16 18:57:11,805 [9a50ebc8-888b-4605-8efe-fc16cf713d78-groupManagement] INFO  server.RaftServerConfigKeys (ConfUtils.java:logGet(46)) - raft.server.log.segment.cache.num.max = 2 (custom)
2023-07-16 18:57:11,808 [9a50ebc8-888b-4605-8efe-fc16cf713d78-groupManagement] INFO  server.RaftServerConfigKeys (ConfUtils.java:logGet(46)) - raft.server.log.segment.cache.size.max = 200MB (=209715200) (default)
2023-07-16 18:57:11,808 [9a50ebc8-888b-4605-8efe-fc16cf713d78-groupManagement] INFO  server.RaftServerConfigKeys (ConfUtils.java:logGet(46)) - raft.server.log.appender.buffer.byte-limit = 33554432 (custom)
2023-07-16 18:57:11,808 [9a50ebc8-888b-4605-8efe-fc16cf713d78-groupManagement] INFO  segmented.SegmentedRaftLogWorker (SegmentedRaftLogWorker.java:<init>(188)) - new 9a50ebc8-888b-4605-8efe-fc16cf713d78@group-0F5175BAAFBD-SegmentedRaftLogWorker for RaftStorageImpl:Storage Directory /home/runner/work/ozone/ozone/hadoop-ozone/integration-test/target/test-dir/MiniOzoneClusterImpl-8e52da8c-19f0-467e-9375-6950100829a3/datanode-4/data/ratis/90836b84-b0b2-4deb-a2da-0f5175baafbd
2023-07-16 18:57:11,808 [9a50ebc8-888b-4605-8efe-fc16cf713d78-groupManagement] INFO  server.RaftServerConfigKeys (ConfUtils.java:logGet(46)) - raft.server.log.queue.byte-limit = 4294967296 (custom)
2023-07-16 18:57:11,809 [9a50ebc8-888b-4605-8efe-fc16cf713d78-groupManagement] INFO  server.RaftServerConfigKeys (ConfUtils.java:logGet(46)) - raft.server.log.queue.element-limit = 1024 (custom)
2023-07-16 18:57:11,809 [9a50ebc8-888b-4605-8efe-fc16cf713d78-groupManagement] INFO  server.RaftServerConfigKeys (ConfUtils.java:logGet(46)) - raft.server.log.segment.size.max = 1048576 (custom)
2023-07-16 18:57:11,809 [9a50ebc8-888b-4605-8efe-fc16cf713d78-groupManagement] INFO  server.RaftServerConfigKeys (ConfUtils.java:logGet(46)) - raft.server.log.preallocated.size = 16384 (custom)
2023-07-16 18:57:11,809 [9a50ebc8-888b-4605-8efe-fc16cf713d78-groupManagement] INFO  server.RaftServerConfigKeys (ConfUtils.java:logGet(46)) - raft.server.log.force.sync.num = 128 (default)
2023-07-16 18:57:11,809 [9a50ebc8-888b-4605-8efe-fc16cf713d78-groupManagement] INFO  server.RaftServerConfigKeys (ConfUtils.java:logGet(46)) - raft.server.log.statemachine.data.sync = true (default)
2023-07-16 18:57:11,809 [9a50ebc8-888b-4605-8efe-fc16cf713d78-groupManagement] INFO  server.RaftServerConfigKeys (ConfUtils.java:logGet(46)) - raft.server.log.statemachine.data.sync.timeout = 10s (default)
2023-07-16 18:57:11,809 [9a50ebc8-888b-4605-8efe-fc16cf713d78-groupManagement] INFO  server.RaftServerConfigKeys (ConfUtils.java:logGet(46)) - raft.server.log.statemachine.data.sync.timeout.retry = -1 (default)
2023-07-16 18:57:11,812 [EventQueue-PipelineReportForPipelineReportHandler] INFO  pipeline.PipelineReportHandler (PipelineReportHandler.java:processPipelineReport(136)) - Opened pipeline PipelineID=e3e3f43b-5dae-48cf-97e3-3e6d570fd02e
2023-07-16 18:57:11,821 [EventQueue-OpenPipelineForHealthyPipelineSafeModeRule] INFO  safemode.SCMSafeModeManager (HealthyPipelineSafeModeRule.java:process(137)) - SCM in safe mode. Healthy pipelines reported count is 0, required healthy pipeline reported count is 1
2023-07-16 18:57:11,825 [9a50ebc8-888b-4605-8efe-fc16cf713d78-groupManagement] INFO  server.RaftServerConfigKeys (ConfUtils.java:logGet(46)) - raft.server.log.write.buffer.size = 1048576 (custom)
2023-07-16 18:57:11,826 [9a50ebc8-888b-4605-8efe-fc16cf713d78-groupManagement] INFO  server.RaftServerConfigKeys (ConfUtils.java:logGet(46)) - raft.server.log.appender.buffer.byte-limit = 33554432 (custom)
2023-07-16 18:57:11,841 [9a50ebc8-888b-4605-8efe-fc16cf713d78-groupManagement] INFO  server.RaftServerConfigKeys (ConfUtils.java:logGet(46)) - raft.server.log.unsafe-flush.enabled = false (default)
2023-07-16 18:57:11,841 [9a50ebc8-888b-4605-8efe-fc16cf713d78-groupManagement] INFO  server.RaftServerConfigKeys (ConfUtils.java:logGet(46)) - raft.server.log.async-flush.enabled = false (default)
2023-07-16 18:57:11,841 [9a50ebc8-888b-4605-8efe-fc16cf713d78-groupManagement] INFO  server.RaftServerConfigKeys (ConfUtils.java:logGet(46)) - raft.server.log.statemachine.data.caching.enabled = true (custom)
2023-07-16 18:57:11,841 [9a50ebc8-888b-4605-8efe-fc16cf713d78-groupManagement] INFO  segmented.SegmentedRaftLogWorker (SegmentedRaftLogWorker.java:lambda$new$0(135)) - 9a50ebc8-888b-4605-8efe-fc16cf713d78@group-0F5175BAAFBD-SegmentedRaftLogWorker: flushIndex: setUnconditionally 0 -> -1
2023-07-16 18:57:11,848 [9a50ebc8-888b-4605-8efe-fc16cf713d78-groupManagement] INFO  segmented.SegmentedRaftLogWorker (SegmentedRaftLogWorker.java:lambda$new$0(135)) - 9a50ebc8-888b-4605-8efe-fc16cf713d78@group-0F5175BAAFBD-SegmentedRaftLogWorker: safeCacheEvictIndex: setUnconditionally 0 -> -1
2023-07-16 18:57:11,848 [9a50ebc8-888b-4605-8efe-fc16cf713d78-groupManagement] INFO  server.RaftServer$Division (RaftServerImpl.java:start(342)) - 9a50ebc8-888b-4605-8efe-fc16cf713d78@group-0F5175BAAFBD: start as a follower, conf=-1: peers:[262e2cc5-1901-4d20-b00f-c120f2342a1b|rpc:10.1.0.14:15041|admin:10.1.0.14:15040|client:10.1.0.14:15039|dataStream:10.1.0.14:15042|priority:0|startupRole:FOLLOWER, 9a50ebc8-888b-4605-8efe-fc16cf713d78|rpc:10.1.0.14:15050|admin:10.1.0.14:15049|client:10.1.0.14:15048|dataStream:10.1.0.14:15051|priority:1|startupRole:FOLLOWER, 0b1f3054-766a-487f-b63d-c6e216ac8926|rpc:10.1.0.14:15059|admin:10.1.0.14:15058|client:10.1.0.14:15057|dataStream:10.1.0.14:15060|priority:0|startupRole:FOLLOWER]|listeners:[], old=null
2023-07-16 18:57:11,848 [9a50ebc8-888b-4605-8efe-fc16cf713d78-groupManagement] INFO  server.RaftServer$Division (RaftServerImpl.java:setRole(329)) - 9a50ebc8-888b-4605-8efe-fc16cf713d78@group-0F5175BAAFBD: changes role from      null to FOLLOWER at term 0 for startAsFollower
2023-07-16 18:57:11,848 [9a50ebc8-888b-4605-8efe-fc16cf713d78-groupManagement] INFO  impl.RoleInfo (RoleInfo.java:updateAndGet(139)) - 9a50ebc8-888b-4605-8efe-fc16cf713d78: start 9a50ebc8-888b-4605-8efe-fc16cf713d78@group-0F5175BAAFBD-FollowerState
2023-07-16 18:57:11,849 [9a50ebc8-888b-4605-8efe-fc16cf713d78-groupManagement] INFO  util.JmxRegister (JmxRegister.java:tryRegister(44)) - Successfully registered JMX Bean with object name Ratis:service=RaftServer,group=group-0F5175BAAFBD,id=9a50ebc8-888b-4605-8efe-fc16cf713d78
2023-07-16 18:57:11,849 [9a50ebc8-888b-4605-8efe-fc16cf713d78-groupManagement] INFO  server.RaftServerConfigKeys (ConfUtils.java:logGet(46)) - raft.server.snapshot.auto.trigger.enabled = true (custom)
2023-07-16 18:57:11,849 [9a50ebc8-888b-4605-8efe-fc16cf713d78-groupManagement] INFO  server.RaftServerConfigKeys (ConfUtils.java:logGet(46)) - raft.server.snapshot.auto.trigger.threshold = 10000 (custom)
2023-07-16 18:57:11,849 [9a50ebc8-888b-4605-8efe-fc16cf713d78-groupManagement] INFO  server.RaftServerConfigKeys (ConfUtils.java:logGet(46)) - raft.server.snapshot.retention.file.num = 5 (custom)
2023-07-16 18:57:11,849 [9a50ebc8-888b-4605-8efe-fc16cf713d78-groupManagement] INFO  server.RaftServerConfigKeys (ConfUtils.java:logGet(46)) - raft.server.log.purge.upto.snapshot.index = false (default)
2023-07-16 18:57:11,851 [9a50ebc8-888b-4605-8efe-fc16cf713d78-groupManagement] INFO  storage.RaftStorageDirectory (RaftStorageDirectoryImpl.java:analyzeStorage(137)) - The storage directory /home/runner/work/ozone/ozone/hadoop-ozone/integration-test/target/test-dir/MiniOzoneClusterImpl-8e52da8c-19f0-467e-9375-6950100829a3/datanode-4/data/ratis/e3e3f43b-5dae-48cf-97e3-3e6d570fd02e does not exist. Creating ...
2023-07-16 18:57:11,851 [9a50ebc8-888b-4605-8efe-fc16cf713d78@group-0F5175BAAFBD-FollowerState] INFO  server.RaftServerConfigKeys (ConfUtils.java:logFallback(53)) - raft.server.rpc.first-election.timeout.min = 5s (fallback to raft.server.rpc.timeout.min)
2023-07-16 18:57:11,853 [9a50ebc8-888b-4605-8efe-fc16cf713d78@group-0F5175BAAFBD-FollowerState] INFO  server.RaftServerConfigKeys (ConfUtils.java:logFallback(53)) - raft.server.rpc.first-election.timeout.max = 5200ms (fallback to raft.server.rpc.timeout.max)
2023-07-16 18:57:11,853 [9a50ebc8-888b-4605-8efe-fc16cf713d78-groupManagement] INFO  storage.RaftStorageDirectory (RaftStorageDirectoryImpl.java:tryLock(231)) - Lock on /home/runner/work/ozone/ozone/hadoop-ozone/integration-test/target/test-dir/MiniOzoneClusterImpl-8e52da8c-19f0-467e-9375-6950100829a3/datanode-4/data/ratis/e3e3f43b-5dae-48cf-97e3-3e6d570fd02e/in_use.lock acquired by nodename 109267@fv-az587-727
2023-07-16 18:57:11,855 [9a50ebc8-888b-4605-8efe-fc16cf713d78-groupManagement] INFO  storage.RaftStorage (RaftStorageImpl.java:format(96)) - Storage directory /home/runner/work/ozone/ozone/hadoop-ozone/integration-test/target/test-dir/MiniOzoneClusterImpl-8e52da8c-19f0-467e-9375-6950100829a3/datanode-4/data/ratis/e3e3f43b-5dae-48cf-97e3-3e6d570fd02e has been successfully formatted.
2023-07-16 18:57:11,855 [9a50ebc8-888b-4605-8efe-fc16cf713d78-groupManagement] INFO  ratis.ContainerStateMachine (ContainerStateMachine.java:loadSnapshot(262)) - group-3E6D570FD02E: The snapshot info is null. Setting the last applied indexto:(t:0, i:~)
2023-07-16 18:57:11,855 [9a50ebc8-888b-4605-8efe-fc16cf713d78-groupManagement] INFO  server.RaftServerConfigKeys (ConfUtils.java:logGet(46)) - raft.server.log.use.memory = false (default)
2023-07-16 18:57:11,855 [9a50ebc8-888b-4605-8efe-fc16cf713d78-groupManagement] INFO  server.RaftServerConfigKeys (ConfUtils.java:logGet(46)) - raft.server.log.purge.gap = 1000000 (custom)
2023-07-16 18:57:11,855 [9a50ebc8-888b-4605-8efe-fc16cf713d78-groupManagement] INFO  server.RaftServerConfigKeys (ConfUtils.java:logGet(46)) - raft.server.log.appender.buffer.byte-limit = 33554432 (custom)
2023-07-16 18:57:11,856 [9a50ebc8-888b-4605-8efe-fc16cf713d78-groupManagement] INFO  server.RaftServerConfigKeys (ConfUtils.java:logGet(46)) - raft.server.log.statemachine.data.read.timeout = 1000ms (default)
2023-07-16 18:57:11,856 [9a50ebc8-888b-4605-8efe-fc16cf713d78-groupManagement] INFO  server.RaftServerConfigKeys (ConfUtils.java:logGet(46)) - raft.server.log.purge.preservation.log.num = 0 (default)
2023-07-16 18:57:11,856 [9a50ebc8-888b-4605-8efe-fc16cf713d78-groupManagement] INFO  server.RaftServerConfigKeys (ConfUtils.java:logGet(46)) - raft.server.log.segment.size.max = 1048576 (custom)
2023-07-16 18:57:11,856 [9a50ebc8-888b-4605-8efe-fc16cf713d78-groupManagement] INFO  server.RaftServerConfigKeys (ConfUtils.java:logGet(46)) - raft.server.log.segment.cache.num.max = 2 (custom)
2023-07-16 18:57:11,856 [9a50ebc8-888b-4605-8efe-fc16cf713d78-groupManagement] INFO  server.RaftServerConfigKeys (ConfUtils.java:logGet(46)) - raft.server.log.segment.cache.size.max = 200MB (=209715200) (default)
2023-07-16 18:57:11,856 [9a50ebc8-888b-4605-8efe-fc16cf713d78-groupManagement] INFO  server.RaftServerConfigKeys (ConfUtils.java:logGet(46)) - raft.server.log.appender.buffer.byte-limit = 33554432 (custom)
2023-07-16 18:57:11,856 [9a50ebc8-888b-4605-8efe-fc16cf713d78-groupManagement] INFO  segmented.SegmentedRaftLogWorker (SegmentedRaftLogWorker.java:<init>(188)) - new 9a50ebc8-888b-4605-8efe-fc16cf713d78@group-3E6D570FD02E-SegmentedRaftLogWorker for RaftStorageImpl:Storage Directory /home/runner/work/ozone/ozone/hadoop-ozone/integration-test/target/test-dir/MiniOzoneClusterImpl-8e52da8c-19f0-467e-9375-6950100829a3/datanode-4/data/ratis/e3e3f43b-5dae-48cf-97e3-3e6d570fd02e
2023-07-16 18:57:11,856 [9a50ebc8-888b-4605-8efe-fc16cf713d78-groupManagement] INFO  server.RaftServerConfigKeys (ConfUtils.java:logGet(46)) - raft.server.log.queue.byte-limit = 4294967296 (custom)
2023-07-16 18:57:11,856 [9a50ebc8-888b-4605-8efe-fc16cf713d78-groupManagement] INFO  server.RaftServerConfigKeys (ConfUtils.java:logGet(46)) - raft.server.log.queue.element-limit = 1024 (custom)
2023-07-16 18:57:11,856 [9a50ebc8-888b-4605-8efe-fc16cf713d78-groupManagement] INFO  server.RaftServerConfigKeys (ConfUtils.java:logGet(46)) - raft.server.log.segment.size.max = 1048576 (custom)
2023-07-16 18:57:11,856 [9a50ebc8-888b-4605-8efe-fc16cf713d78-groupManagement] INFO  server.RaftServerConfigKeys (ConfUtils.java:logGet(46)) - raft.server.log.preallocated.size = 16384 (custom)
2023-07-16 18:57:11,857 [9a50ebc8-888b-4605-8efe-fc16cf713d78-groupManagement] INFO  server.RaftServerConfigKeys (ConfUtils.java:logGet(46)) - raft.server.log.force.sync.num = 128 (default)
2023-07-16 18:57:11,857 [9a50ebc8-888b-4605-8efe-fc16cf713d78-groupManagement] INFO  server.RaftServerConfigKeys (ConfUtils.java:logGet(46)) - raft.server.log.statemachine.data.sync = true (default)
2023-07-16 18:57:11,857 [9a50ebc8-888b-4605-8efe-fc16cf713d78-groupManagement] INFO  server.RaftServerConfigKeys (ConfUtils.java:logGet(46)) - raft.server.log.statemachine.data.sync.timeout = 10s (default)
2023-07-16 18:57:11,857 [9a50ebc8-888b-4605-8efe-fc16cf713d78-groupManagement] INFO  server.RaftServerConfigKeys (ConfUtils.java:logGet(46)) - raft.server.log.statemachine.data.sync.timeout.retry = -1 (default)
2023-07-16 18:57:11,857 [9a50ebc8-888b-4605-8efe-fc16cf713d78-groupManagement] INFO  server.RaftServerConfigKeys (ConfUtils.java:logGet(46)) - raft.server.log.write.buffer.size = 1048576 (custom)
2023-07-16 18:57:11,859 [9a50ebc8-888b-4605-8efe-fc16cf713d78-groupManagement] INFO  server.RaftServerConfigKeys (ConfUtils.java:logGet(46)) - raft.server.log.appender.buffer.byte-limit = 33554432 (custom)
2023-07-16 18:57:11,864 [9a50ebc8-888b-4605-8efe-fc16cf713d78-groupManagement] INFO  server.RaftServerConfigKeys (ConfUtils.java:logGet(46)) - raft.server.log.unsafe-flush.enabled = false (default)
2023-07-16 18:57:11,865 [9a50ebc8-888b-4605-8efe-fc16cf713d78-groupManagement] INFO  server.RaftServerConfigKeys (ConfUtils.java:logGet(46)) - raft.server.log.async-flush.enabled = false (default)
2023-07-16 18:57:11,865 [9a50ebc8-888b-4605-8efe-fc16cf713d78-groupManagement] INFO  server.RaftServerConfigKeys (ConfUtils.java:logGet(46)) - raft.server.log.statemachine.data.caching.enabled = true (custom)
2023-07-16 18:57:11,866 [9a50ebc8-888b-4605-8efe-fc16cf713d78-groupManagement] INFO  segmented.SegmentedRaftLogWorker (SegmentedRaftLogWorker.java:lambda$new$0(135)) - 9a50ebc8-888b-4605-8efe-fc16cf713d78@group-3E6D570FD02E-SegmentedRaftLogWorker: flushIndex: setUnconditionally 0 -> -1
2023-07-16 18:57:11,866 [9a50ebc8-888b-4605-8efe-fc16cf713d78-groupManagement] INFO  segmented.SegmentedRaftLogWorker (SegmentedRaftLogWorker.java:lambda$new$0(135)) - 9a50ebc8-888b-4605-8efe-fc16cf713d78@group-3E6D570FD02E-SegmentedRaftLogWorker: safeCacheEvictIndex: setUnconditionally 0 -> -1
2023-07-16 18:57:11,867 [EventQueue-OpenPipelineForHealthyPipelineSafeModeRule] INFO  safemode.SCMSafeModeManager (HealthyPipelineSafeModeRule.java:process(137)) - SCM in safe mode. Healthy pipelines reported count is 0, required healthy pipeline reported count is 1
2023-07-16 18:57:11,871 [9a50ebc8-888b-4605-8efe-fc16cf713d78-groupManagement] INFO  server.RaftServer$Division (RaftServerImpl.java:start(342)) - 9a50ebc8-888b-4605-8efe-fc16cf713d78@group-3E6D570FD02E: start as a follower, conf=-1: peers:[9a50ebc8-888b-4605-8efe-fc16cf713d78|rpc:10.1.0.14:15050|admin:10.1.0.14:15049|client:10.1.0.14:15048|dataStream:10.1.0.14:15051|priority:1|startupRole:FOLLOWER]|listeners:[], old=null
2023-07-16 18:57:11,871 [9a50ebc8-888b-4605-8efe-fc16cf713d78-groupManagement] INFO  server.RaftServer$Division (RaftServerImpl.java:setRole(329)) - 9a50ebc8-888b-4605-8efe-fc16cf713d78@group-3E6D570FD02E: changes role from      null to FOLLOWER at term 0 for startAsFollower
2023-07-16 18:57:11,871 [9a50ebc8-888b-4605-8efe-fc16cf713d78-groupManagement] INFO  impl.RoleInfo (RoleInfo.java:updateAndGet(139)) - 9a50ebc8-888b-4605-8efe-fc16cf713d78: start 9a50ebc8-888b-4605-8efe-fc16cf713d78@group-3E6D570FD02E-FollowerState
2023-07-16 18:57:11,873 [9a50ebc8-888b-4605-8efe-fc16cf713d78-groupManagement] INFO  util.JmxRegister (JmxRegister.java:tryRegister(44)) - Successfully registered JMX Bean with object name Ratis:service=RaftServer,group=group-3E6D570FD02E,id=9a50ebc8-888b-4605-8efe-fc16cf713d78
2023-07-16 18:57:11,873 [9a50ebc8-888b-4605-8efe-fc16cf713d78-groupManagement] INFO  server.RaftServerConfigKeys (ConfUtils.java:logGet(46)) - raft.server.snapshot.auto.trigger.enabled = true (custom)
2023-07-16 18:57:11,873 [9a50ebc8-888b-4605-8efe-fc16cf713d78-groupManagement] INFO  server.RaftServerConfigKeys (ConfUtils.java:logGet(46)) - raft.server.snapshot.auto.trigger.threshold = 10000 (custom)
2023-07-16 18:57:11,873 [9a50ebc8-888b-4605-8efe-fc16cf713d78-groupManagement] INFO  server.RaftServerConfigKeys (ConfUtils.java:logGet(46)) - raft.server.snapshot.retention.file.num = 5 (custom)
2023-07-16 18:57:11,873 [9a50ebc8-888b-4605-8efe-fc16cf713d78-groupManagement] INFO  server.RaftServerConfigKeys (ConfUtils.java:logGet(46)) - raft.server.log.purge.upto.snapshot.index = false (default)
2023-07-16 18:57:11,874 [9a50ebc8-888b-4605-8efe-fc16cf713d78@group-3E6D570FD02E-FollowerState] INFO  server.RaftServerConfigKeys (ConfUtils.java:logFallback(53)) - raft.server.rpc.first-election.timeout.min = 5s (fallback to raft.server.rpc.timeout.min)
2023-07-16 18:57:11,874 [9a50ebc8-888b-4605-8efe-fc16cf713d78@group-3E6D570FD02E-FollowerState] INFO  server.RaftServerConfigKeys (ConfUtils.java:logFallback(53)) - raft.server.rpc.first-election.timeout.max = 5200ms (fallback to raft.server.rpc.timeout.max)
2023-07-16 18:57:11,874 [PipelineCommandHandlerThread-0] INFO  ratis.XceiverServerRatis (XceiverServerRatis.java:addGroup(804)) - Created group PipelineID=e3e3f43b-5dae-48cf-97e3-3e6d570fd02e
2023-07-16 18:57:11,874 [PipelineCommandHandlerThread-0] INFO  commandhandler.CreatePipelineCommandHandler (CreatePipelineCommandHandler.java:lambda$handle$2(124)) - Created Pipeline RATIS ONE PipelineID=e3e3f43b-5dae-48cf-97e3-3e6d570fd02e.
2023-07-16 18:57:11,874 [PipelineCommandHandlerThread-0] INFO  server.RaftServer (RaftServerProxy.java:addNew(98)) - 9a50ebc8-888b-4605-8efe-fc16cf713d78: addNew group-49059D15333A:[262e2cc5-1901-4d20-b00f-c120f2342a1b|rpc:10.1.0.14:15041|admin:10.1.0.14:15040|client:10.1.0.14:15039|dataStream:10.1.0.14:15042|priority:1|startupRole:FOLLOWER, 9a50ebc8-888b-4605-8efe-fc16cf713d78|rpc:10.1.0.14:15050|admin:10.1.0.14:15049|client:10.1.0.14:15048|dataStream:10.1.0.14:15051|priority:0|startupRole:FOLLOWER, 0b1f3054-766a-487f-b63d-c6e216ac8926|rpc:10.1.0.14:15059|admin:10.1.0.14:15058|client:10.1.0.14:15057|dataStream:10.1.0.14:15060|priority:0|startupRole:FOLLOWER] returns group-49059D15333A:java.util.concurrent.CompletableFuture@109e4a2c[Not completed]
2023-07-16 18:57:11,875 [9a50ebc8-888b-4605-8efe-fc16cf713d78-groupManagement] INFO  server.RaftServer$Division (RaftServerImpl.java:<init>(198)) - 9a50ebc8-888b-4605-8efe-fc16cf713d78: new RaftServerImpl for group-49059D15333A:[262e2cc5-1901-4d20-b00f-c120f2342a1b|rpc:10.1.0.14:15041|admin:10.1.0.14:15040|client:10.1.0.14:15039|dataStream:10.1.0.14:15042|priority:1|startupRole:FOLLOWER, 9a50ebc8-888b-4605-8efe-fc16cf713d78|rpc:10.1.0.14:15050|admin:10.1.0.14:15049|client:10.1.0.14:15048|dataStream:10.1.0.14:15051|priority:0|startupRole:FOLLOWER, 0b1f3054-766a-487f-b63d-c6e216ac8926|rpc:10.1.0.14:15059|admin:10.1.0.14:15058|client:10.1.0.14:15057|dataStream:10.1.0.14:15060|priority:0|startupRole:FOLLOWER] with ContainerStateMachine:uninitialized
2023-07-16 18:57:11,875 [9a50ebc8-888b-4605-8efe-fc16cf713d78-groupManagement] INFO  server.RaftServerConfigKeys (ConfUtils.java:logGet(46)) - raft.server.rpc.timeout.min = 5s (custom)
2023-07-16 18:57:11,875 [9a50ebc8-888b-4605-8efe-fc16cf713d78-groupManagement] INFO  server.RaftServerConfigKeys (ConfUtils.java:logGet(46)) - raft.server.rpc.timeout.max = 5200ms (custom)
2023-07-16 18:57:11,876 [9a50ebc8-888b-4605-8efe-fc16cf713d78-groupManagement] INFO  server.RaftServerConfigKeys (ConfUtils.java:logGet(46)) - raft.server.rpc.sleep.time = 25ms (default)
2023-07-16 18:57:11,876 [9a50ebc8-888b-4605-8efe-fc16cf713d78-groupManagement] INFO  server.RaftServerConfigKeys (ConfUtils.java:logGet(46)) - raft.server.rpc.slowness.timeout = 300s (custom)
2023-07-16 18:57:11,876 [9a50ebc8-888b-4605-8efe-fc16cf713d78-groupManagement] INFO  server.RaftServerConfigKeys (ConfUtils.java:logGet(46)) - raft.server.leaderelection.leader.step-down.wait-time = 10s (default)
2023-07-16 18:57:11,876 [9a50ebc8-888b-4605-8efe-fc16cf713d78-groupManagement] INFO  server.RaftServerConfigKeys (ConfUtils.java:logGet(46)) - raft.server.sleep.deviation.threshold = 300ms (default)
2023-07-16 18:57:11,876 [9a50ebc8-888b-4605-8efe-fc16cf713d78-groupManagement] INFO  server.RaftServer$Division (ServerState.java:<init>(120)) - 9a50ebc8-888b-4605-8efe-fc16cf713d78@group-49059D15333A: ConfigurationManager, init=-1: peers:[262e2cc5-1901-4d20-b00f-c120f2342a1b|rpc:10.1.0.14:15041|admin:10.1.0.14:15040|client:10.1.0.14:15039|dataStream:10.1.0.14:15042|priority:1|startupRole:FOLLOWER, 9a50ebc8-888b-4605-8efe-fc16cf713d78|rpc:10.1.0.14:15050|admin:10.1.0.14:15049|client:10.1.0.14:15048|dataStream:10.1.0.14:15051|priority:0|startupRole:FOLLOWER, 0b1f3054-766a-487f-b63d-c6e216ac8926|rpc:10.1.0.14:15059|admin:10.1.0.14:15058|client:10.1.0.14:15057|dataStream:10.1.0.14:15060|priority:0|startupRole:FOLLOWER]|listeners:[], old=null, confs=<EMPTY_MAP>
2023-07-16 18:57:11,876 [9a50ebc8-888b-4605-8efe-fc16cf713d78-groupManagement] INFO  server.RaftServerConfigKeys (ConfUtils.java:logGet(46)) - raft.server.storage.dir = [/home/runner/work/ozone/ozone/hadoop-ozone/integration-test/target/test-dir/MiniOzoneClusterImpl-8e52da8c-19f0-467e-9375-6950100829a3/datanode-4/data/ratis] (custom)
2023-07-16 18:57:11,876 [9a50ebc8-888b-4605-8efe-fc16cf713d78-groupManagement] INFO  server.RaftServerConfigKeys (ConfUtils.java:logGet(46)) - raft.server.log.corruption.policy = EXCEPTION (default)
2023-07-16 18:57:11,876 [9a50ebc8-888b-4605-8efe-fc16cf713d78-groupManagement] INFO  server.RaftServerConfigKeys (ConfUtils.java:logGet(46)) - raft.server.storage.free-space.min = 0MB (=0) (default)
2023-07-16 18:57:11,876 [9a50ebc8-888b-4605-8efe-fc16cf713d78-groupManagement] INFO  server.RaftServerConfigKeys (ConfUtils.java:logGet(46)) - raft.server.notification.no-leader.timeout = 300s (custom)
2023-07-16 18:57:11,876 [9a50ebc8-888b-4605-8efe-fc16cf713d78-groupManagement] INFO  server.RaftServerConfigKeys (ConfUtils.java:logGet(46)) - raft.server.read.timeout = 10s (default)
2023-07-16 18:57:11,876 [9a50ebc8-888b-4605-8efe-fc16cf713d78-groupManagement] INFO  server.RaftServerConfigKeys (ConfUtils.java:logGet(46)) - raft.server.retrycache.expirytime = 600000ms (custom)
2023-07-16 18:57:11,876 [9a50ebc8-888b-4605-8efe-fc16cf713d78-groupManagement] INFO  server.RaftServerConfigKeys (ConfUtils.java:logGet(46)) - raft.server.retrycache.statistics.expirytime = 100μs (default)
2023-07-16 18:57:11,876 [9a50ebc8-888b-4605-8efe-fc16cf713d78-groupManagement] INFO  server.RaftServerConfigKeys (ConfUtils.java:logGet(46)) - raft.server.read.option = DEFAULT (default)
2023-07-16 18:57:11,886 [9a50ebc8-888b-4605-8efe-fc16cf713d78-groupManagement] INFO  server.RaftServerConfigKeys (ConfUtils.java:logGet(46)) - raft.server.rpc.request.timeout = 60s (custom)
2023-07-16 18:57:11,886 [9a50ebc8-888b-4605-8efe-fc16cf713d78-groupManagement] INFO  server.RaftServerConfigKeys (ConfUtils.java:logGet(46)) - raft.server.log.appender.install.snapshot.enabled = false (custom)
2023-07-16 18:57:11,886 [9a50ebc8-888b-4605-8efe-fc16cf713d78-groupManagement] INFO  server.RaftServerConfigKeys (ConfUtils.java:logGet(46)) - raft.server.threadpool.server.cached = true (default)
2023-07-16 18:57:11,886 [9a50ebc8-888b-4605-8efe-fc16cf713d78-groupManagement] INFO  server.RaftServerConfigKeys (ConfUtils.java:logGet(46)) - raft.server.threadpool.server.size = 0 (default)
2023-07-16 18:57:11,886 [9a50ebc8-888b-4605-8efe-fc16cf713d78-groupManagement] INFO  server.RaftServerConfigKeys (ConfUtils.java:logGet(46)) - raft.server.threadpool.client.cached = true (default)
2023-07-16 18:57:11,887 [9a50ebc8-888b-4605-8efe-fc16cf713d78-groupManagement] INFO  server.RaftServerConfigKeys (ConfUtils.java:logGet(46)) - raft.server.threadpool.client.size = 0 (default)
2023-07-16 18:57:11,887 [9a50ebc8-888b-4605-8efe-fc16cf713d78-groupManagement] INFO  storage.RaftStorageDirectory (RaftStorageDirectoryImpl.java:analyzeStorage(137)) - The storage directory /home/runner/work/ozone/ozone/hadoop-ozone/integration-test/target/test-dir/MiniOzoneClusterImpl-8e52da8c-19f0-467e-9375-6950100829a3/datanode-4/data/ratis/a02033fd-bff8-494c-aa9b-49059d15333a does not exist. Creating ...
2023-07-16 18:57:11,888 [9a50ebc8-888b-4605-8efe-fc16cf713d78-groupManagement] INFO  storage.RaftStorageDirectory (RaftStorageDirectoryImpl.java:tryLock(231)) - Lock on /home/runner/work/ozone/ozone/hadoop-ozone/integration-test/target/test-dir/MiniOzoneClusterImpl-8e52da8c-19f0-467e-9375-6950100829a3/datanode-4/data/ratis/a02033fd-bff8-494c-aa9b-49059d15333a/in_use.lock acquired by nodename 109267@fv-az587-727
2023-07-16 18:57:11,889 [9a50ebc8-888b-4605-8efe-fc16cf713d78-groupManagement] INFO  storage.RaftStorage (RaftStorageImpl.java:format(96)) - Storage directory /home/runner/work/ozone/ozone/hadoop-ozone/integration-test/target/test-dir/MiniOzoneClusterImpl-8e52da8c-19f0-467e-9375-6950100829a3/datanode-4/data/ratis/a02033fd-bff8-494c-aa9b-49059d15333a has been successfully formatted.
2023-07-16 18:57:11,889 [9a50ebc8-888b-4605-8efe-fc16cf713d78-groupManagement] INFO  ratis.ContainerStateMachine (ContainerStateMachine.java:loadSnapshot(262)) - group-49059D15333A: The snapshot info is null. Setting the last applied indexto:(t:0, i:~)
2023-07-16 18:57:11,889 [9a50ebc8-888b-4605-8efe-fc16cf713d78-groupManagement] INFO  server.RaftServerConfigKeys (ConfUtils.java:logGet(46)) - raft.server.log.use.memory = false (default)
2023-07-16 18:57:11,890 [9a50ebc8-888b-4605-8efe-fc16cf713d78-groupManagement] INFO  server.RaftServerConfigKeys (ConfUtils.java:logGet(46)) - raft.server.log.purge.gap = 1000000 (custom)
2023-07-16 18:57:11,890 [9a50ebc8-888b-4605-8efe-fc16cf713d78-groupManagement] INFO  server.RaftServerConfigKeys (ConfUtils.java:logGet(46)) - raft.server.log.appender.buffer.byte-limit = 33554432 (custom)
2023-07-16 18:57:11,890 [9a50ebc8-888b-4605-8efe-fc16cf713d78-groupManagement] INFO  server.RaftServerConfigKeys (ConfUtils.java:logGet(46)) - raft.server.log.statemachine.data.read.timeout = 1000ms (default)
2023-07-16 18:57:11,890 [9a50ebc8-888b-4605-8efe-fc16cf713d78-groupManagement] INFO  server.RaftServerConfigKeys (ConfUtils.java:logGet(46)) - raft.server.log.purge.preservation.log.num = 0 (default)
2023-07-16 18:57:11,890 [9a50ebc8-888b-4605-8efe-fc16cf713d78-groupManagement] INFO  server.RaftServerConfigKeys (ConfUtils.java:logGet(46)) - raft.server.log.segment.size.max = 1048576 (custom)
2023-07-16 18:57:11,891 [EventQueue-OpenPipelineForHealthyPipelineSafeModeRule] INFO  safemode.SCMSafeModeManager (HealthyPipelineSafeModeRule.java:process(137)) - SCM in safe mode. Healthy pipelines reported count is 0, required healthy pipeline reported count is 1
2023-07-16 18:57:11,898 [9a50ebc8-888b-4605-8efe-fc16cf713d78-groupManagement] INFO  server.RaftServerConfigKeys (ConfUtils.java:logGet(46)) - raft.server.log.segment.cache.num.max = 2 (custom)
2023-07-16 18:57:11,899 [9a50ebc8-888b-4605-8efe-fc16cf713d78-groupManagement] INFO  server.RaftServerConfigKeys (ConfUtils.java:logGet(46)) - raft.server.log.segment.cache.size.max = 200MB (=209715200) (default)
2023-07-16 18:57:11,899 [9a50ebc8-888b-4605-8efe-fc16cf713d78-groupManagement] INFO  server.RaftServerConfigKeys (ConfUtils.java:logGet(46)) - raft.server.log.appender.buffer.byte-limit = 33554432 (custom)
2023-07-16 18:57:11,899 [9a50ebc8-888b-4605-8efe-fc16cf713d78-groupManagement] INFO  segmented.SegmentedRaftLogWorker (SegmentedRaftLogWorker.java:<init>(188)) - new 9a50ebc8-888b-4605-8efe-fc16cf713d78@group-49059D15333A-SegmentedRaftLogWorker for RaftStorageImpl:Storage Directory /home/runner/work/ozone/ozone/hadoop-ozone/integration-test/target/test-dir/MiniOzoneClusterImpl-8e52da8c-19f0-467e-9375-6950100829a3/datanode-4/data/ratis/a02033fd-bff8-494c-aa9b-49059d15333a
2023-07-16 18:57:11,899 [9a50ebc8-888b-4605-8efe-fc16cf713d78-groupManagement] INFO  server.RaftServerConfigKeys (ConfUtils.java:logGet(46)) - raft.server.log.queue.byte-limit = 4294967296 (custom)
2023-07-16 18:57:11,899 [9a50ebc8-888b-4605-8efe-fc16cf713d78-groupManagement] INFO  server.RaftServerConfigKeys (ConfUtils.java:logGet(46)) - raft.server.log.queue.element-limit = 1024 (custom)
2023-07-16 18:57:11,899 [9a50ebc8-888b-4605-8efe-fc16cf713d78-groupManagement] INFO  server.RaftServerConfigKeys (ConfUtils.java:logGet(46)) - raft.server.log.segment.size.max = 1048576 (custom)
2023-07-16 18:57:11,899 [9a50ebc8-888b-4605-8efe-fc16cf713d78-groupManagement] INFO  server.RaftServerConfigKeys (ConfUtils.java:logGet(46)) - raft.server.log.preallocated.size = 16384 (custom)
2023-07-16 18:57:11,899 [9a50ebc8-888b-4605-8efe-fc16cf713d78-groupManagement] INFO  server.RaftServerConfigKeys (ConfUtils.java:logGet(46)) - raft.server.log.force.sync.num = 128 (default)
2023-07-16 18:57:11,899 [9a50ebc8-888b-4605-8efe-fc16cf713d78-groupManagement] INFO  server.RaftServerConfigKeys (ConfUtils.java:logGet(46)) - raft.server.log.statemachine.data.sync = true (default)
2023-07-16 18:57:11,899 [9a50ebc8-888b-4605-8efe-fc16cf713d78-groupManagement] INFO  server.RaftServerConfigKeys (ConfUtils.java:logGet(46)) - raft.server.log.statemachine.data.sync.timeout = 10s (default)
2023-07-16 18:57:11,899 [9a50ebc8-888b-4605-8efe-fc16cf713d78-groupManagement] INFO  server.RaftServerConfigKeys (ConfUtils.java:logGet(46)) - raft.server.log.statemachine.data.sync.timeout.retry = -1 (default)
2023-07-16 18:57:11,900 [9a50ebc8-888b-4605-8efe-fc16cf713d78-groupManagement] INFO  server.RaftServerConfigKeys (ConfUtils.java:logGet(46)) - raft.server.log.write.buffer.size = 1048576 (custom)
2023-07-16 18:57:11,901 [9a50ebc8-888b-4605-8efe-fc16cf713d78-groupManagement] INFO  server.RaftServerConfigKeys (ConfUtils.java:logGet(46)) - raft.server.log.appender.buffer.byte-limit = 33554432 (custom)
2023-07-16 18:57:11,906 [9a50ebc8-888b-4605-8efe-fc16cf713d78-groupManagement] INFO  server.RaftServerConfigKeys (ConfUtils.java:logGet(46)) - raft.server.log.unsafe-flush.enabled = false (default)
2023-07-16 18:57:11,906 [9a50ebc8-888b-4605-8efe-fc16cf713d78-groupManagement] INFO  server.RaftServerConfigKeys (ConfUtils.java:logGet(46)) - raft.server.log.async-flush.enabled = false (default)
2023-07-16 18:57:11,906 [9a50ebc8-888b-4605-8efe-fc16cf713d78-groupManagement] INFO  server.RaftServerConfigKeys (ConfUtils.java:logGet(46)) - raft.server.log.statemachine.data.caching.enabled = true (custom)
2023-07-16 18:57:11,907 [9a50ebc8-888b-4605-8efe-fc16cf713d78-groupManagement] INFO  segmented.SegmentedRaftLogWorker (SegmentedRaftLogWorker.java:lambda$new$0(135)) - 9a50ebc8-888b-4605-8efe-fc16cf713d78@group-49059D15333A-SegmentedRaftLogWorker: flushIndex: setUnconditionally 0 -> -1
2023-07-16 18:57:11,907 [9a50ebc8-888b-4605-8efe-fc16cf713d78-groupManagement] INFO  segmented.SegmentedRaftLogWorker (SegmentedRaftLogWorker.java:lambda$new$0(135)) - 9a50ebc8-888b-4605-8efe-fc16cf713d78@group-49059D15333A-SegmentedRaftLogWorker: safeCacheEvictIndex: setUnconditionally 0 -> -1
2023-07-16 18:57:11,920 [9a50ebc8-888b-4605-8efe-fc16cf713d78-groupManagement] INFO  server.RaftServer$Division (RaftServerImpl.java:start(342)) - 9a50ebc8-888b-4605-8efe-fc16cf713d78@group-49059D15333A: start as a follower, conf=-1: peers:[262e2cc5-1901-4d20-b00f-c120f2342a1b|rpc:10.1.0.14:15041|admin:10.1.0.14:15040|client:10.1.0.14:15039|dataStream:10.1.0.14:15042|priority:1|startupRole:FOLLOWER, 9a50ebc8-888b-4605-8efe-fc16cf713d78|rpc:10.1.0.14:15050|admin:10.1.0.14:15049|client:10.1.0.14:15048|dataStream:10.1.0.14:15051|priority:0|startupRole:FOLLOWER, 0b1f3054-766a-487f-b63d-c6e216ac8926|rpc:10.1.0.14:15059|admin:10.1.0.14:15058|client:10.1.0.14:15057|dataStream:10.1.0.14:15060|priority:0|startupRole:FOLLOWER]|listeners:[], old=null
2023-07-16 18:57:11,920 [9a50ebc8-888b-4605-8efe-fc16cf713d78-groupManagement] INFO  server.RaftServer$Division (RaftServerImpl.java:setRole(329)) - 9a50ebc8-888b-4605-8efe-fc16cf713d78@group-49059D15333A: changes role from      null to FOLLOWER at term 0 for startAsFollower
2023-07-16 18:57:11,920 [9a50ebc8-888b-4605-8efe-fc16cf713d78-groupManagement] INFO  impl.RoleInfo (RoleInfo.java:updateAndGet(139)) - 9a50ebc8-888b-4605-8efe-fc16cf713d78: start 9a50ebc8-888b-4605-8efe-fc16cf713d78@group-49059D15333A-FollowerState
2023-07-16 18:57:11,920 [9a50ebc8-888b-4605-8efe-fc16cf713d78@group-49059D15333A-FollowerState] INFO  server.RaftServerConfigKeys (ConfUtils.java:logFallback(53)) - raft.server.rpc.first-election.timeout.min = 5s (fallback to raft.server.rpc.timeout.min)
2023-07-16 18:57:11,926 [9a50ebc8-888b-4605-8efe-fc16cf713d78@group-49059D15333A-FollowerState] INFO  server.RaftServerConfigKeys (ConfUtils.java:logFallback(53)) - raft.server.rpc.first-election.timeout.max = 5200ms (fallback to raft.server.rpc.timeout.max)
2023-07-16 18:57:11,927 [PipelineCommandHandlerThread-0] INFO  commandhandler.CreatePipelineCommandHandler (CreatePipelineCommandHandler.java:lambda$handle$2(124)) - Created Pipeline RATIS THREE PipelineID=ad28fbcc-3ba8-4a13-af59-5330b41cc205.
2023-07-16 18:57:11,920 [9a50ebc8-888b-4605-8efe-fc16cf713d78-groupManagement] INFO  util.JmxRegister (JmxRegister.java:tryRegister(44)) - Successfully registered JMX Bean with object name Ratis:service=RaftServer,group=group-49059D15333A,id=9a50ebc8-888b-4605-8efe-fc16cf713d78
2023-07-16 18:57:11,927 [9a50ebc8-888b-4605-8efe-fc16cf713d78-groupManagement] INFO  server.RaftServerConfigKeys (ConfUtils.java:logGet(46)) - raft.server.snapshot.auto.trigger.enabled = true (custom)
2023-07-16 18:57:11,927 [9a50ebc8-888b-4605-8efe-fc16cf713d78-groupManagement] INFO  server.RaftServerConfigKeys (ConfUtils.java:logGet(46)) - raft.server.snapshot.auto.trigger.threshold = 10000 (custom)
2023-07-16 18:57:11,927 [9a50ebc8-888b-4605-8efe-fc16cf713d78-groupManagement] INFO  server.RaftServerConfigKeys (ConfUtils.java:logGet(46)) - raft.server.snapshot.retention.file.num = 5 (custom)
2023-07-16 18:57:11,927 [9a50ebc8-888b-4605-8efe-fc16cf713d78-groupManagement] INFO  server.RaftServerConfigKeys (ConfUtils.java:logGet(46)) - raft.server.log.purge.upto.snapshot.index = false (default)
2023-07-16 18:57:11,928 [PipelineCommandHandlerThread-0] INFO  ratis.XceiverServerRatis (XceiverServerRatis.java:addGroup(804)) - Created group PipelineID=a02033fd-bff8-494c-aa9b-49059d15333a
2023-07-16 18:57:11,939 [grpc-default-executor-1] INFO  server.RaftServer (RaftServerProxy.java:addNew(98)) - 0b1f3054-766a-487f-b63d-c6e216ac8926: addNew group-0F5175BAAFBD:[262e2cc5-1901-4d20-b00f-c120f2342a1b|rpc:10.1.0.14:15041|admin:10.1.0.14:15040|client:10.1.0.14:15039|dataStream:10.1.0.14:15042|priority:0|startupRole:FOLLOWER, 9a50ebc8-888b-4605-8efe-fc16cf713d78|rpc:10.1.0.14:15050|admin:10.1.0.14:15049|client:10.1.0.14:15048|dataStream:10.1.0.14:15051|priority:1|startupRole:FOLLOWER, 0b1f3054-766a-487f-b63d-c6e216ac8926|rpc:10.1.0.14:15059|admin:10.1.0.14:15058|client:10.1.0.14:15057|dataStream:10.1.0.14:15060|priority:0|startupRole:FOLLOWER] returns group-0F5175BAAFBD:java.util.concurrent.CompletableFuture@775aebdb[Not completed]
2023-07-16 18:57:11,940 [PipelineCommandHandlerThread-0] INFO  commandhandler.CreatePipelineCommandHandler (CreatePipelineCommandHandler.java:lambda$handle$2(124)) - Created Pipeline RATIS THREE PipelineID=ad28fbcc-3ba8-4a13-af59-5330b41cc205.
2023-07-16 18:57:11,940 [0b1f3054-766a-487f-b63d-c6e216ac8926-groupManagement] INFO  server.RaftServer$Division (RaftServerImpl.java:<init>(198)) - 0b1f3054-766a-487f-b63d-c6e216ac8926: new RaftServerImpl for group-0F5175BAAFBD:[262e2cc5-1901-4d20-b00f-c120f2342a1b|rpc:10.1.0.14:15041|admin:10.1.0.14:15040|client:10.1.0.14:15039|dataStream:10.1.0.14:15042|priority:0|startupRole:FOLLOWER, 9a50ebc8-888b-4605-8efe-fc16cf713d78|rpc:10.1.0.14:15050|admin:10.1.0.14:15049|client:10.1.0.14:15048|dataStream:10.1.0.14:15051|priority:1|startupRole:FOLLOWER, 0b1f3054-766a-487f-b63d-c6e216ac8926|rpc:10.1.0.14:15059|admin:10.1.0.14:15058|client:10.1.0.14:15057|dataStream:10.1.0.14:15060|priority:0|startupRole:FOLLOWER] with ContainerStateMachine:uninitialized
2023-07-16 18:57:11,941 [0b1f3054-766a-487f-b63d-c6e216ac8926-groupManagement] INFO  server.RaftServerConfigKeys (ConfUtils.java:logGet(46)) - raft.server.rpc.timeout.min = 5s (custom)
2023-07-16 18:57:11,941 [0b1f3054-766a-487f-b63d-c6e216ac8926-groupManagement] INFO  server.RaftServerConfigKeys (ConfUtils.java:logGet(46)) - raft.server.rpc.timeout.max = 5200ms (custom)
2023-07-16 18:57:11,941 [0b1f3054-766a-487f-b63d-c6e216ac8926-groupManagement] INFO  server.RaftServerConfigKeys (ConfUtils.java:logGet(46)) - raft.server.rpc.sleep.time = 25ms (default)
2023-07-16 18:57:11,941 [0b1f3054-766a-487f-b63d-c6e216ac8926-groupManagement] INFO  server.RaftServerConfigKeys (ConfUtils.java:logGet(46)) - raft.server.rpc.slowness.timeout = 300s (custom)
2023-07-16 18:57:11,941 [0b1f3054-766a-487f-b63d-c6e216ac8926-groupManagement] INFO  server.RaftServerConfigKeys (ConfUtils.java:logGet(46)) - raft.server.leaderelection.leader.step-down.wait-time = 10s (default)
2023-07-16 18:57:11,941 [0b1f3054-766a-487f-b63d-c6e216ac8926-groupManagement] INFO  server.RaftServerConfigKeys (ConfUtils.java:logGet(46)) - raft.server.sleep.deviation.threshold = 300ms (default)
2023-07-16 18:57:11,941 [0b1f3054-766a-487f-b63d-c6e216ac8926-groupManagement] INFO  server.RaftServer$Division (ServerState.java:<init>(120)) - 0b1f3054-766a-487f-b63d-c6e216ac8926@group-0F5175BAAFBD: ConfigurationManager, init=-1: peers:[262e2cc5-1901-4d20-b00f-c120f2342a1b|rpc:10.1.0.14:15041|admin:10.1.0.14:15040|client:10.1.0.14:15039|dataStream:10.1.0.14:15042|priority:0|startupRole:FOLLOWER, 9a50ebc8-888b-4605-8efe-fc16cf713d78|rpc:10.1.0.14:15050|admin:10.1.0.14:15049|client:10.1.0.14:15048|dataStream:10.1.0.14:15051|priority:1|startupRole:FOLLOWER, 0b1f3054-766a-487f-b63d-c6e216ac8926|rpc:10.1.0.14:15059|admin:10.1.0.14:15058|client:10.1.0.14:15057|dataStream:10.1.0.14:15060|priority:0|startupRole:FOLLOWER]|listeners:[], old=null, confs=<EMPTY_MAP>
2023-07-16 18:57:11,941 [0b1f3054-766a-487f-b63d-c6e216ac8926-groupManagement] INFO  server.RaftServerConfigKeys (ConfUtils.java:logGet(46)) - raft.server.storage.dir = [/home/runner/work/ozone/ozone/hadoop-ozone/integration-test/target/test-dir/MiniOzoneClusterImpl-8e52da8c-19f0-467e-9375-6950100829a3/datanode-5/data/ratis] (custom)
2023-07-16 18:57:11,943 [0b1f3054-766a-487f-b63d-c6e216ac8926-groupManagement] INFO  server.RaftServerConfigKeys (ConfUtils.java:logGet(46)) - raft.server.log.corruption.policy = EXCEPTION (default)
2023-07-16 18:57:11,943 [0b1f3054-766a-487f-b63d-c6e216ac8926-groupManagement] INFO  server.RaftServerConfigKeys (ConfUtils.java:logGet(46)) - raft.server.storage.free-space.min = 0MB (=0) (default)
2023-07-16 18:57:11,944 [0b1f3054-766a-487f-b63d-c6e216ac8926-groupManagement] INFO  server.RaftServerConfigKeys (ConfUtils.java:logGet(46)) - raft.server.notification.no-leader.timeout = 300s (custom)
2023-07-16 18:57:11,944 [0b1f3054-766a-487f-b63d-c6e216ac8926-groupManagement] INFO  server.RaftServerConfigKeys (ConfUtils.java:logGet(46)) - raft.server.read.timeout = 10s (default)
2023-07-16 18:57:11,944 [0b1f3054-766a-487f-b63d-c6e216ac8926-groupManagement] INFO  server.RaftServerConfigKeys (ConfUtils.java:logGet(46)) - raft.server.retrycache.expirytime = 600000ms (custom)
2023-07-16 18:57:11,944 [0b1f3054-766a-487f-b63d-c6e216ac8926-groupManagement] INFO  server.RaftServerConfigKeys (ConfUtils.java:logGet(46)) - raft.server.retrycache.statistics.expirytime = 100μs (default)
2023-07-16 18:57:11,945 [0b1f3054-766a-487f-b63d-c6e216ac8926-groupManagement] INFO  server.RaftServerConfigKeys (ConfUtils.java:logGet(46)) - raft.server.read.option = DEFAULT (default)
2023-07-16 18:57:11,946 [0b1f3054-766a-487f-b63d-c6e216ac8926-groupManagement] INFO  server.RaftServerConfigKeys (ConfUtils.java:logGet(46)) - raft.server.rpc.request.timeout = 60s (custom)
2023-07-16 18:57:11,946 [0b1f3054-766a-487f-b63d-c6e216ac8926-groupManagement] INFO  server.RaftServerConfigKeys (ConfUtils.java:logGet(46)) - raft.server.log.appender.install.snapshot.enabled = false (custom)
2023-07-16 18:57:11,946 [0b1f3054-766a-487f-b63d-c6e216ac8926-groupManagement] INFO  server.RaftServerConfigKeys (ConfUtils.java:logGet(46)) - raft.server.threadpool.server.cached = true (default)
2023-07-16 18:57:11,946 [0b1f3054-766a-487f-b63d-c6e216ac8926-groupManagement] INFO  server.RaftServerConfigKeys (ConfUtils.java:logGet(46)) - raft.server.threadpool.server.size = 0 (default)
2023-07-16 18:57:11,947 [0b1f3054-766a-487f-b63d-c6e216ac8926-groupManagement] INFO  server.RaftServerConfigKeys (ConfUtils.java:logGet(46)) - raft.server.threadpool.client.cached = true (default)
2023-07-16 18:57:11,947 [0b1f3054-766a-487f-b63d-c6e216ac8926-groupManagement] INFO  server.RaftServerConfigKeys (ConfUtils.java:logGet(46)) - raft.server.threadpool.client.size = 0 (default)
2023-07-16 18:57:11,947 [0b1f3054-766a-487f-b63d-c6e216ac8926-groupManagement] INFO  storage.RaftStorageDirectory (RaftStorageDirectoryImpl.java:analyzeStorage(137)) - The storage directory /home/runner/work/ozone/ozone/hadoop-ozone/integration-test/target/test-dir/MiniOzoneClusterImpl-8e52da8c-19f0-467e-9375-6950100829a3/datanode-5/data/ratis/90836b84-b0b2-4deb-a2da-0f5175baafbd does not exist. Creating ...
2023-07-16 18:57:11,948 [0b1f3054-766a-487f-b63d-c6e216ac8926-groupManagement] INFO  storage.RaftStorageDirectory (RaftStorageDirectoryImpl.java:tryLock(231)) - Lock on /home/runner/work/ozone/ozone/hadoop-ozone/integration-test/target/test-dir/MiniOzoneClusterImpl-8e52da8c-19f0-467e-9375-6950100829a3/datanode-5/data/ratis/90836b84-b0b2-4deb-a2da-0f5175baafbd/in_use.lock acquired by nodename 109267@fv-az587-727
2023-07-16 18:57:11,949 [0b1f3054-766a-487f-b63d-c6e216ac8926-groupManagement] INFO  storage.RaftStorage (RaftStorageImpl.java:format(96)) - Storage directory /home/runner/work/ozone/ozone/hadoop-ozone/integration-test/target/test-dir/MiniOzoneClusterImpl-8e52da8c-19f0-467e-9375-6950100829a3/datanode-5/data/ratis/90836b84-b0b2-4deb-a2da-0f5175baafbd has been successfully formatted.
2023-07-16 18:57:11,958 [0b1f3054-766a-487f-b63d-c6e216ac8926-groupManagement] INFO  ratis.ContainerStateMachine (ContainerStateMachine.java:loadSnapshot(262)) - group-0F5175BAAFBD: The snapshot info is null. Setting the last applied indexto:(t:0, i:~)
2023-07-16 18:57:11,959 [0b1f3054-766a-487f-b63d-c6e216ac8926-groupManagement] INFO  server.RaftServerConfigKeys (ConfUtils.java:logGet(46)) - raft.server.log.use.memory = false (default)
2023-07-16 18:57:11,959 [0b1f3054-766a-487f-b63d-c6e216ac8926-groupManagement] INFO  server.RaftServerConfigKeys (ConfUtils.java:logGet(46)) - raft.server.log.purge.gap = 1000000 (custom)
2023-07-16 18:57:11,960 [0b1f3054-766a-487f-b63d-c6e216ac8926-groupManagement] INFO  server.RaftServerConfigKeys (ConfUtils.java:logGet(46)) - raft.server.log.appender.buffer.byte-limit = 33554432 (custom)
2023-07-16 18:57:11,960 [0b1f3054-766a-487f-b63d-c6e216ac8926-groupManagement] INFO  server.RaftServerConfigKeys (ConfUtils.java:logGet(46)) - raft.server.log.statemachine.data.read.timeout = 1000ms (default)
2023-07-16 18:57:11,960 [0b1f3054-766a-487f-b63d-c6e216ac8926-groupManagement] INFO  server.RaftServerConfigKeys (ConfUtils.java:logGet(46)) - raft.server.log.purge.preservation.log.num = 0 (default)
2023-07-16 18:57:11,961 [0b1f3054-766a-487f-b63d-c6e216ac8926-groupManagement] INFO  server.RaftServerConfigKeys (ConfUtils.java:logGet(46)) - raft.server.log.segment.size.max = 1048576 (custom)
2023-07-16 18:57:11,961 [grpc-default-executor-1] INFO  server.RaftServer (RaftServerProxy.java:addNew(98)) - 0b1f3054-766a-487f-b63d-c6e216ac8926: addNew group-49059D15333A:[262e2cc5-1901-4d20-b00f-c120f2342a1b|rpc:10.1.0.14:15041|admin:10.1.0.14:15040|client:10.1.0.14:15039|dataStream:10.1.0.14:15042|priority:1|startupRole:FOLLOWER, 9a50ebc8-888b-4605-8efe-fc16cf713d78|rpc:10.1.0.14:15050|admin:10.1.0.14:15049|client:10.1.0.14:15048|dataStream:10.1.0.14:15051|priority:0|startupRole:FOLLOWER, 0b1f3054-766a-487f-b63d-c6e216ac8926|rpc:10.1.0.14:15059|admin:10.1.0.14:15058|client:10.1.0.14:15057|dataStream:10.1.0.14:15060|priority:0|startupRole:FOLLOWER] returns group-49059D15333A:java.util.concurrent.CompletableFuture@2c696bbb[Not completed]
2023-07-16 18:57:11,961 [0b1f3054-766a-487f-b63d-c6e216ac8926-groupManagement] INFO  server.RaftServerConfigKeys (ConfUtils.java:logGet(46)) - raft.server.log.segment.cache.num.max = 2 (custom)
2023-07-16 18:57:11,961 [0b1f3054-766a-487f-b63d-c6e216ac8926-groupManagement] INFO  server.RaftServerConfigKeys (ConfUtils.java:logGet(46)) - raft.server.log.segment.cache.size.max = 200MB (=209715200) (default)
2023-07-16 18:57:11,961 [0b1f3054-766a-487f-b63d-c6e216ac8926-groupManagement] INFO  server.RaftServerConfigKeys (ConfUtils.java:logGet(46)) - raft.server.log.appender.buffer.byte-limit = 33554432 (custom)
2023-07-16 18:57:11,961 [0b1f3054-766a-487f-b63d-c6e216ac8926-groupManagement] INFO  segmented.SegmentedRaftLogWorker (SegmentedRaftLogWorker.java:<init>(188)) - new 0b1f3054-766a-487f-b63d-c6e216ac8926@group-0F5175BAAFBD-SegmentedRaftLogWorker for RaftStorageImpl:Storage Directory /home/runner/work/ozone/ozone/hadoop-ozone/integration-test/target/test-dir/MiniOzoneClusterImpl-8e52da8c-19f0-467e-9375-6950100829a3/datanode-5/data/ratis/90836b84-b0b2-4deb-a2da-0f5175baafbd
2023-07-16 18:57:11,962 [0b1f3054-766a-487f-b63d-c6e216ac8926-groupManagement] INFO  server.RaftServerConfigKeys (ConfUtils.java:logGet(46)) - raft.server.log.queue.byte-limit = 4294967296 (custom)
2023-07-16 18:57:11,962 [0b1f3054-766a-487f-b63d-c6e216ac8926-groupManagement] INFO  server.RaftServerConfigKeys (ConfUtils.java:logGet(46)) - raft.server.log.queue.element-limit = 1024 (custom)
2023-07-16 18:57:11,962 [0b1f3054-766a-487f-b63d-c6e216ac8926-groupManagement] INFO  server.RaftServerConfigKeys (ConfUtils.java:logGet(46)) - raft.server.log.segment.size.max = 1048576 (custom)
2023-07-16 18:57:11,962 [0b1f3054-766a-487f-b63d-c6e216ac8926-groupManagement] INFO  server.RaftServerConfigKeys (ConfUtils.java:logGet(46)) - raft.server.log.preallocated.size = 16384 (custom)
2023-07-16 18:57:11,962 [0b1f3054-766a-487f-b63d-c6e216ac8926-groupManagement] INFO  server.RaftServerConfigKeys (ConfUtils.java:logGet(46)) - raft.server.log.force.sync.num = 128 (default)
2023-07-16 18:57:11,962 [0b1f3054-766a-487f-b63d-c6e216ac8926-groupManagement] INFO  server.RaftServerConfigKeys (ConfUtils.java:logGet(46)) - raft.server.log.statemachine.data.sync = true (default)
2023-07-16 18:57:11,962 [0b1f3054-766a-487f-b63d-c6e216ac8926-groupManagement] INFO  server.RaftServerConfigKeys (ConfUtils.java:logGet(46)) - raft.server.log.statemachine.data.sync.timeout = 10s (default)
2023-07-16 18:57:11,962 [0b1f3054-766a-487f-b63d-c6e216ac8926-groupManagement] INFO  server.RaftServerConfigKeys (ConfUtils.java:logGet(46)) - raft.server.log.statemachine.data.sync.timeout.retry = -1 (default)
2023-07-16 18:57:11,963 [0b1f3054-766a-487f-b63d-c6e216ac8926-groupManagement] INFO  server.RaftServerConfigKeys (ConfUtils.java:logGet(46)) - raft.server.log.write.buffer.size = 1048576 (custom)
2023-07-16 18:57:11,964 [0b1f3054-766a-487f-b63d-c6e216ac8926-groupManagement] INFO  server.RaftServerConfigKeys (ConfUtils.java:logGet(46)) - raft.server.log.appender.buffer.byte-limit = 33554432 (custom)
2023-07-16 18:57:11,969 [0b1f3054-766a-487f-b63d-c6e216ac8926-groupManagement] INFO  server.RaftServerConfigKeys (ConfUtils.java:logGet(46)) - raft.server.log.unsafe-flush.enabled = false (default)
2023-07-16 18:57:11,969 [0b1f3054-766a-487f-b63d-c6e216ac8926-groupManagement] INFO  server.RaftServerConfigKeys (ConfUtils.java:logGet(46)) - raft.server.log.async-flush.enabled = false (default)
2023-07-16 18:57:11,969 [0b1f3054-766a-487f-b63d-c6e216ac8926-groupManagement] INFO  server.RaftServerConfigKeys (ConfUtils.java:logGet(46)) - raft.server.log.statemachine.data.caching.enabled = true (custom)
2023-07-16 18:57:11,969 [0b1f3054-766a-487f-b63d-c6e216ac8926-groupManagement] INFO  segmented.SegmentedRaftLogWorker (SegmentedRaftLogWorker.java:lambda$new$0(135)) - 0b1f3054-766a-487f-b63d-c6e216ac8926@group-0F5175BAAFBD-SegmentedRaftLogWorker: flushIndex: setUnconditionally 0 -> -1
2023-07-16 18:57:11,969 [0b1f3054-766a-487f-b63d-c6e216ac8926-groupManagement] INFO  segmented.SegmentedRaftLogWorker (SegmentedRaftLogWorker.java:lambda$new$0(135)) - 0b1f3054-766a-487f-b63d-c6e216ac8926@group-0F5175BAAFBD-SegmentedRaftLogWorker: safeCacheEvictIndex: setUnconditionally 0 -> -1
2023-07-16 18:57:11,970 [0b1f3054-766a-487f-b63d-c6e216ac8926-groupManagement] INFO  server.RaftServer$Division (RaftServerImpl.java:start(342)) - 0b1f3054-766a-487f-b63d-c6e216ac8926@group-0F5175BAAFBD: start as a follower, conf=-1: peers:[262e2cc5-1901-4d20-b00f-c120f2342a1b|rpc:10.1.0.14:15041|admin:10.1.0.14:15040|client:10.1.0.14:15039|dataStream:10.1.0.14:15042|priority:0|startupRole:FOLLOWER, 9a50ebc8-888b-4605-8efe-fc16cf713d78|rpc:10.1.0.14:15050|admin:10.1.0.14:15049|client:10.1.0.14:15048|dataStream:10.1.0.14:15051|priority:1|startupRole:FOLLOWER, 0b1f3054-766a-487f-b63d-c6e216ac8926|rpc:10.1.0.14:15059|admin:10.1.0.14:15058|client:10.1.0.14:15057|dataStream:10.1.0.14:15060|priority:0|startupRole:FOLLOWER]|listeners:[], old=null
2023-07-16 18:57:11,970 [0b1f3054-766a-487f-b63d-c6e216ac8926-groupManagement] INFO  server.RaftServer$Division (RaftServerImpl.java:setRole(329)) - 0b1f3054-766a-487f-b63d-c6e216ac8926@group-0F5175BAAFBD: changes role from      null to FOLLOWER at term 0 for startAsFollower
2023-07-16 18:57:11,970 [0b1f3054-766a-487f-b63d-c6e216ac8926-groupManagement] INFO  impl.RoleInfo (RoleInfo.java:updateAndGet(139)) - 0b1f3054-766a-487f-b63d-c6e216ac8926: start 0b1f3054-766a-487f-b63d-c6e216ac8926@group-0F5175BAAFBD-FollowerState
2023-07-16 18:57:11,971 [0b1f3054-766a-487f-b63d-c6e216ac8926-groupManagement] INFO  util.JmxRegister (JmxRegister.java:tryRegister(44)) - Successfully registered JMX Bean with object name Ratis:service=RaftServer,group=group-0F5175BAAFBD,id=0b1f3054-766a-487f-b63d-c6e216ac8926
2023-07-16 18:57:11,972 [0b1f3054-766a-487f-b63d-c6e216ac8926@group-0F5175BAAFBD-FollowerState] INFO  server.RaftServerConfigKeys (ConfUtils.java:logFallback(53)) - raft.server.rpc.first-election.timeout.min = 5s (fallback to raft.server.rpc.timeout.min)
2023-07-16 18:57:11,972 [0b1f3054-766a-487f-b63d-c6e216ac8926@group-0F5175BAAFBD-FollowerState] INFO  server.RaftServerConfigKeys (ConfUtils.java:logFallback(53)) - raft.server.rpc.first-election.timeout.max = 5200ms (fallback to raft.server.rpc.timeout.max)
2023-07-16 18:57:11,972 [0b1f3054-766a-487f-b63d-c6e216ac8926-groupManagement] INFO  server.RaftServerConfigKeys (ConfUtils.java:logGet(46)) - raft.server.snapshot.auto.trigger.enabled = true (custom)
2023-07-16 18:57:11,972 [0b1f3054-766a-487f-b63d-c6e216ac8926-groupManagement] INFO  server.RaftServerConfigKeys (ConfUtils.java:logGet(46)) - raft.server.snapshot.auto.trigger.threshold = 10000 (custom)
2023-07-16 18:57:11,972 [0b1f3054-766a-487f-b63d-c6e216ac8926-groupManagement] INFO  server.RaftServerConfigKeys (ConfUtils.java:logGet(46)) - raft.server.snapshot.retention.file.num = 5 (custom)
2023-07-16 18:57:11,972 [0b1f3054-766a-487f-b63d-c6e216ac8926-groupManagement] INFO  server.RaftServerConfigKeys (ConfUtils.java:logGet(46)) - raft.server.log.purge.upto.snapshot.index = false (default)
2023-07-16 18:57:11,975 [0b1f3054-766a-487f-b63d-c6e216ac8926-groupManagement] INFO  server.RaftServer$Division (RaftServerImpl.java:<init>(198)) - 0b1f3054-766a-487f-b63d-c6e216ac8926: new RaftServerImpl for group-49059D15333A:[262e2cc5-1901-4d20-b00f-c120f2342a1b|rpc:10.1.0.14:15041|admin:10.1.0.14:15040|client:10.1.0.14:15039|dataStream:10.1.0.14:15042|priority:1|startupRole:FOLLOWER, 9a50ebc8-888b-4605-8efe-fc16cf713d78|rpc:10.1.0.14:15050|admin:10.1.0.14:15049|client:10.1.0.14:15048|dataStream:10.1.0.14:15051|priority:0|startupRole:FOLLOWER, 0b1f3054-766a-487f-b63d-c6e216ac8926|rpc:10.1.0.14:15059|admin:10.1.0.14:15058|client:10.1.0.14:15057|dataStream:10.1.0.14:15060|priority:0|startupRole:FOLLOWER] with ContainerStateMachine:uninitialized
2023-07-16 18:57:11,975 [0b1f3054-766a-487f-b63d-c6e216ac8926-groupManagement] INFO  server.RaftServerConfigKeys (ConfUtils.java:logGet(46)) - raft.server.rpc.timeout.min = 5s (custom)
2023-07-16 18:57:11,975 [0b1f3054-766a-487f-b63d-c6e216ac8926-groupManagement] INFO  server.RaftServerConfigKeys (ConfUtils.java:logGet(46)) - raft.server.rpc.timeout.max = 5200ms (custom)
2023-07-16 18:57:11,975 [0b1f3054-766a-487f-b63d-c6e216ac8926-groupManagement] INFO  server.RaftServerConfigKeys (ConfUtils.java:logGet(46)) - raft.server.rpc.sleep.time = 25ms (default)
2023-07-16 18:57:11,975 [0b1f3054-766a-487f-b63d-c6e216ac8926-groupManagement] INFO  server.RaftServerConfigKeys (ConfUtils.java:logGet(46)) - raft.server.rpc.slowness.timeout = 300s (custom)
2023-07-16 18:57:11,975 [0b1f3054-766a-487f-b63d-c6e216ac8926-groupManagement] INFO  server.RaftServerConfigKeys (ConfUtils.java:logGet(46)) - raft.server.leaderelection.leader.step-down.wait-time = 10s (default)
2023-07-16 18:57:11,975 [0b1f3054-766a-487f-b63d-c6e216ac8926-groupManagement] INFO  server.RaftServerConfigKeys (ConfUtils.java:logGet(46)) - raft.server.sleep.deviation.threshold = 300ms (default)
2023-07-16 18:57:11,975 [0b1f3054-766a-487f-b63d-c6e216ac8926-groupManagement] INFO  server.RaftServer$Division (ServerState.java:<init>(120)) - 0b1f3054-766a-487f-b63d-c6e216ac8926@group-49059D15333A: ConfigurationManager, init=-1: peers:[262e2cc5-1901-4d20-b00f-c120f2342a1b|rpc:10.1.0.14:15041|admin:10.1.0.14:15040|client:10.1.0.14:15039|dataStream:10.1.0.14:15042|priority:1|startupRole:FOLLOWER, 9a50ebc8-888b-4605-8efe-fc16cf713d78|rpc:10.1.0.14:15050|admin:10.1.0.14:15049|client:10.1.0.14:15048|dataStream:10.1.0.14:15051|priority:0|startupRole:FOLLOWER, 0b1f3054-766a-487f-b63d-c6e216ac8926|rpc:10.1.0.14:15059|admin:10.1.0.14:15058|client:10.1.0.14:15057|dataStream:10.1.0.14:15060|priority:0|startupRole:FOLLOWER]|listeners:[], old=null, confs=<EMPTY_MAP>
2023-07-16 18:57:11,976 [0b1f3054-766a-487f-b63d-c6e216ac8926-groupManagement] INFO  server.RaftServerConfigKeys (ConfUtils.java:logGet(46)) - raft.server.storage.dir = [/home/runner/work/ozone/ozone/hadoop-ozone/integration-test/target/test-dir/MiniOzoneClusterImpl-8e52da8c-19f0-467e-9375-6950100829a3/datanode-5/data/ratis] (custom)
2023-07-16 18:57:11,976 [0b1f3054-766a-487f-b63d-c6e216ac8926-groupManagement] INFO  server.RaftServerConfigKeys (ConfUtils.java:logGet(46)) - raft.server.log.corruption.policy = EXCEPTION (default)
2023-07-16 18:57:11,976 [0b1f3054-766a-487f-b63d-c6e216ac8926-groupManagement] INFO  server.RaftServerConfigKeys (ConfUtils.java:logGet(46)) - raft.server.storage.free-space.min = 0MB (=0) (default)
2023-07-16 18:57:11,976 [0b1f3054-766a-487f-b63d-c6e216ac8926-groupManagement] INFO  server.RaftServerConfigKeys (ConfUtils.java:logGet(46)) - raft.server.notification.no-leader.timeout = 300s (custom)
2023-07-16 18:57:11,976 [0b1f3054-766a-487f-b63d-c6e216ac8926-groupManagement] INFO  server.RaftServerConfigKeys (ConfUtils.java:logGet(46)) - raft.server.read.timeout = 10s (default)
2023-07-16 18:57:11,976 [0b1f3054-766a-487f-b63d-c6e216ac8926-groupManagement] INFO  server.RaftServerConfigKeys (ConfUtils.java:logGet(46)) - raft.server.retrycache.expirytime = 600000ms (custom)
2023-07-16 18:57:11,976 [0b1f3054-766a-487f-b63d-c6e216ac8926-groupManagement] INFO  server.RaftServerConfigKeys (ConfUtils.java:logGet(46)) - raft.server.retrycache.statistics.expirytime = 100μs (default)
2023-07-16 18:57:11,976 [0b1f3054-766a-487f-b63d-c6e216ac8926-groupManagement] INFO  server.RaftServerConfigKeys (ConfUtils.java:logGet(46)) - raft.server.read.option = DEFAULT (default)
2023-07-16 18:57:11,977 [0b1f3054-766a-487f-b63d-c6e216ac8926-groupManagement] INFO  server.RaftServerConfigKeys (ConfUtils.java:logGet(46)) - raft.server.rpc.request.timeout = 60s (custom)
2023-07-16 18:57:11,977 [0b1f3054-766a-487f-b63d-c6e216ac8926-groupManagement] INFO  server.RaftServerConfigKeys (ConfUtils.java:logGet(46)) - raft.server.log.appender.install.snapshot.enabled = false (custom)
2023-07-16 18:57:11,978 [0b1f3054-766a-487f-b63d-c6e216ac8926-groupManagement] INFO  server.RaftServerConfigKeys (ConfUtils.java:logGet(46)) - raft.server.threadpool.server.cached = true (default)
2023-07-16 18:57:11,978 [0b1f3054-766a-487f-b63d-c6e216ac8926-groupManagement] INFO  server.RaftServerConfigKeys (ConfUtils.java:logGet(46)) - raft.server.threadpool.server.size = 0 (default)
2023-07-16 18:57:11,978 [0b1f3054-766a-487f-b63d-c6e216ac8926-groupManagement] INFO  server.RaftServerConfigKeys (ConfUtils.java:logGet(46)) - raft.server.threadpool.client.cached = true (default)
2023-07-16 18:57:11,978 [0b1f3054-766a-487f-b63d-c6e216ac8926-groupManagement] INFO  server.RaftServerConfigKeys (ConfUtils.java:logGet(46)) - raft.server.threadpool.client.size = 0 (default)
2023-07-16 18:57:11,978 [0b1f3054-766a-487f-b63d-c6e216ac8926-groupManagement] INFO  storage.RaftStorageDirectory (RaftStorageDirectoryImpl.java:analyzeStorage(137)) - The storage directory /home/runner/work/ozone/ozone/hadoop-ozone/integration-test/target/test-dir/MiniOzoneClusterImpl-8e52da8c-19f0-467e-9375-6950100829a3/datanode-5/data/ratis/a02033fd-bff8-494c-aa9b-49059d15333a does not exist. Creating ...
2023-07-16 18:57:11,980 [0b1f3054-766a-487f-b63d-c6e216ac8926-groupManagement] INFO  storage.RaftStorageDirectory (RaftStorageDirectoryImpl.java:tryLock(231)) - Lock on /home/runner/work/ozone/ozone/hadoop-ozone/integration-test/target/test-dir/MiniOzoneClusterImpl-8e52da8c-19f0-467e-9375-6950100829a3/datanode-5/data/ratis/a02033fd-bff8-494c-aa9b-49059d15333a/in_use.lock acquired by nodename 109267@fv-az587-727
2023-07-16 18:57:11,982 [0b1f3054-766a-487f-b63d-c6e216ac8926-groupManagement] INFO  storage.RaftStorage (RaftStorageImpl.java:format(96)) - Storage directory /home/runner/work/ozone/ozone/hadoop-ozone/integration-test/target/test-dir/MiniOzoneClusterImpl-8e52da8c-19f0-467e-9375-6950100829a3/datanode-5/data/ratis/a02033fd-bff8-494c-aa9b-49059d15333a has been successfully formatted.
2023-07-16 18:57:11,982 [0b1f3054-766a-487f-b63d-c6e216ac8926-groupManagement] INFO  ratis.ContainerStateMachine (ContainerStateMachine.java:loadSnapshot(262)) - group-49059D15333A: The snapshot info is null. Setting the last applied indexto:(t:0, i:~)
2023-07-16 18:57:11,982 [0b1f3054-766a-487f-b63d-c6e216ac8926-groupManagement] INFO  server.RaftServerConfigKeys (ConfUtils.java:logGet(46)) - raft.server.log.use.memory = false (default)
2023-07-16 18:57:11,982 [0b1f3054-766a-487f-b63d-c6e216ac8926-groupManagement] INFO  server.RaftServerConfigKeys (ConfUtils.java:logGet(46)) - raft.server.log.purge.gap = 1000000 (custom)
2023-07-16 18:57:11,983 [0b1f3054-766a-487f-b63d-c6e216ac8926-groupManagement] INFO  server.RaftServerConfigKeys (ConfUtils.java:logGet(46)) - raft.server.log.appender.buffer.byte-limit = 33554432 (custom)
2023-07-16 18:57:11,983 [0b1f3054-766a-487f-b63d-c6e216ac8926-groupManagement] INFO  server.RaftServerConfigKeys (ConfUtils.java:logGet(46)) - raft.server.log.statemachine.data.read.timeout = 1000ms (default)
2023-07-16 18:57:11,983 [0b1f3054-766a-487f-b63d-c6e216ac8926-groupManagement] INFO  server.RaftServerConfigKeys (ConfUtils.java:logGet(46)) - raft.server.log.purge.preservation.log.num = 0 (default)
2023-07-16 18:57:11,983 [0b1f3054-766a-487f-b63d-c6e216ac8926-groupManagement] INFO  server.RaftServerConfigKeys (ConfUtils.java:logGet(46)) - raft.server.log.segment.size.max = 1048576 (custom)
2023-07-16 18:57:11,983 [0b1f3054-766a-487f-b63d-c6e216ac8926-groupManagement] INFO  server.RaftServerConfigKeys (ConfUtils.java:logGet(46)) - raft.server.log.segment.cache.num.max = 2 (custom)
2023-07-16 18:57:11,983 [0b1f3054-766a-487f-b63d-c6e216ac8926-groupManagement] INFO  server.RaftServerConfigKeys (ConfUtils.java:logGet(46)) - raft.server.log.segment.cache.size.max = 200MB (=209715200) (default)
2023-07-16 18:57:11,983 [0b1f3054-766a-487f-b63d-c6e216ac8926-groupManagement] INFO  server.RaftServerConfigKeys (ConfUtils.java:logGet(46)) - raft.server.log.appender.buffer.byte-limit = 33554432 (custom)
2023-07-16 18:57:11,983 [0b1f3054-766a-487f-b63d-c6e216ac8926-groupManagement] INFO  segmented.SegmentedRaftLogWorker (SegmentedRaftLogWorker.java:<init>(188)) - new 0b1f3054-766a-487f-b63d-c6e216ac8926@group-49059D15333A-SegmentedRaftLogWorker for RaftStorageImpl:Storage Directory /home/runner/work/ozone/ozone/hadoop-ozone/integration-test/target/test-dir/MiniOzoneClusterImpl-8e52da8c-19f0-467e-9375-6950100829a3/datanode-5/data/ratis/a02033fd-bff8-494c-aa9b-49059d15333a
2023-07-16 18:57:11,983 [0b1f3054-766a-487f-b63d-c6e216ac8926-groupManagement] INFO  server.RaftServerConfigKeys (ConfUtils.java:logGet(46)) - raft.server.log.queue.byte-limit = 4294967296 (custom)
2023-07-16 18:57:11,983 [0b1f3054-766a-487f-b63d-c6e216ac8926-groupManagement] INFO  server.RaftServerConfigKeys (ConfUtils.java:logGet(46)) - raft.server.log.queue.element-limit = 1024 (custom)
2023-07-16 18:57:11,983 [0b1f3054-766a-487f-b63d-c6e216ac8926-groupManagement] INFO  server.RaftServerConfigKeys (ConfUtils.java:logGet(46)) - raft.server.log.segment.size.max = 1048576 (custom)
2023-07-16 18:57:11,983 [0b1f3054-766a-487f-b63d-c6e216ac8926-groupManagement] INFO  server.RaftServerConfigKeys (ConfUtils.java:logGet(46)) - raft.server.log.preallocated.size = 16384 (custom)
2023-07-16 18:57:11,984 [0b1f3054-766a-487f-b63d-c6e216ac8926-groupManagement] INFO  server.RaftServerConfigKeys (ConfUtils.java:logGet(46)) - raft.server.log.force.sync.num = 128 (default)
2023-07-16 18:57:11,984 [0b1f3054-766a-487f-b63d-c6e216ac8926-groupManagement] INFO  server.RaftServerConfigKeys (ConfUtils.java:logGet(46)) - raft.server.log.statemachine.data.sync = true (default)
2023-07-16 18:57:11,984 [0b1f3054-766a-487f-b63d-c6e216ac8926-groupManagement] INFO  server.RaftServerConfigKeys (ConfUtils.java:logGet(46)) - raft.server.log.statemachine.data.sync.timeout = 10s (default)
2023-07-16 18:57:11,984 [0b1f3054-766a-487f-b63d-c6e216ac8926-groupManagement] INFO  server.RaftServerConfigKeys (ConfUtils.java:logGet(46)) - raft.server.log.statemachine.data.sync.timeout.retry = -1 (default)
2023-07-16 18:57:11,984 [0b1f3054-766a-487f-b63d-c6e216ac8926-groupManagement] INFO  server.RaftServerConfigKeys (ConfUtils.java:logGet(46)) - raft.server.log.write.buffer.size = 1048576 (custom)
2023-07-16 18:57:11,985 [0b1f3054-766a-487f-b63d-c6e216ac8926-groupManagement] INFO  server.RaftServerConfigKeys (ConfUtils.java:logGet(46)) - raft.server.log.appender.buffer.byte-limit = 33554432 (custom)
2023-07-16 18:57:11,993 [0b1f3054-766a-487f-b63d-c6e216ac8926-groupManagement] INFO  server.RaftServerConfigKeys (ConfUtils.java:logGet(46)) - raft.server.log.unsafe-flush.enabled = false (default)
2023-07-16 18:57:11,994 [0b1f3054-766a-487f-b63d-c6e216ac8926-groupManagement] INFO  server.RaftServerConfigKeys (ConfUtils.java:logGet(46)) - raft.server.log.async-flush.enabled = false (default)
2023-07-16 18:57:11,994 [0b1f3054-766a-487f-b63d-c6e216ac8926-groupManagement] INFO  server.RaftServerConfigKeys (ConfUtils.java:logGet(46)) - raft.server.log.statemachine.data.caching.enabled = true (custom)
2023-07-16 18:57:11,994 [0b1f3054-766a-487f-b63d-c6e216ac8926-groupManagement] INFO  segmented.SegmentedRaftLogWorker (SegmentedRaftLogWorker.java:lambda$new$0(135)) - 0b1f3054-766a-487f-b63d-c6e216ac8926@group-49059D15333A-SegmentedRaftLogWorker: flushIndex: setUnconditionally 0 -> -1
2023-07-16 18:57:11,994 [0b1f3054-766a-487f-b63d-c6e216ac8926-groupManagement] INFO  segmented.SegmentedRaftLogWorker (SegmentedRaftLogWorker.java:lambda$new$0(135)) - 0b1f3054-766a-487f-b63d-c6e216ac8926@group-49059D15333A-SegmentedRaftLogWorker: safeCacheEvictIndex: setUnconditionally 0 -> -1
2023-07-16 18:57:11,994 [0b1f3054-766a-487f-b63d-c6e216ac8926-groupManagement] INFO  server.RaftServer$Division (RaftServerImpl.java:start(342)) - 0b1f3054-766a-487f-b63d-c6e216ac8926@group-49059D15333A: start as a follower, conf=-1: peers:[262e2cc5-1901-4d20-b00f-c120f2342a1b|rpc:10.1.0.14:15041|admin:10.1.0.14:15040|client:10.1.0.14:15039|dataStream:10.1.0.14:15042|priority:1|startupRole:FOLLOWER, 9a50ebc8-888b-4605-8efe-fc16cf713d78|rpc:10.1.0.14:15050|admin:10.1.0.14:15049|client:10.1.0.14:15048|dataStream:10.1.0.14:15051|priority:0|startupRole:FOLLOWER, 0b1f3054-766a-487f-b63d-c6e216ac8926|rpc:10.1.0.14:15059|admin:10.1.0.14:15058|client:10.1.0.14:15057|dataStream:10.1.0.14:15060|priority:0|startupRole:FOLLOWER]|listeners:[], old=null
2023-07-16 18:57:11,994 [0b1f3054-766a-487f-b63d-c6e216ac8926-groupManagement] INFO  server.RaftServer$Division (RaftServerImpl.java:setRole(329)) - 0b1f3054-766a-487f-b63d-c6e216ac8926@group-49059D15333A: changes role from      null to FOLLOWER at term 0 for startAsFollower
2023-07-16 18:57:11,994 [0b1f3054-766a-487f-b63d-c6e216ac8926-groupManagement] INFO  impl.RoleInfo (RoleInfo.java:updateAndGet(139)) - 0b1f3054-766a-487f-b63d-c6e216ac8926: start 0b1f3054-766a-487f-b63d-c6e216ac8926@group-49059D15333A-FollowerState
2023-07-16 18:57:11,995 [0b1f3054-766a-487f-b63d-c6e216ac8926-groupManagement] INFO  util.JmxRegister (JmxRegister.java:tryRegister(44)) - Successfully registered JMX Bean with object name Ratis:service=RaftServer,group=group-49059D15333A,id=0b1f3054-766a-487f-b63d-c6e216ac8926
2023-07-16 18:57:11,995 [0b1f3054-766a-487f-b63d-c6e216ac8926-groupManagement] INFO  server.RaftServerConfigKeys (ConfUtils.java:logGet(46)) - raft.server.snapshot.auto.trigger.enabled = true (custom)
2023-07-16 18:57:11,995 [0b1f3054-766a-487f-b63d-c6e216ac8926-groupManagement] INFO  server.RaftServerConfigKeys (ConfUtils.java:logGet(46)) - raft.server.snapshot.auto.trigger.threshold = 10000 (custom)
2023-07-16 18:57:11,995 [0b1f3054-766a-487f-b63d-c6e216ac8926-groupManagement] INFO  server.RaftServerConfigKeys (ConfUtils.java:logGet(46)) - raft.server.snapshot.retention.file.num = 5 (custom)
2023-07-16 18:57:11,995 [0b1f3054-766a-487f-b63d-c6e216ac8926-groupManagement] INFO  server.RaftServerConfigKeys (ConfUtils.java:logGet(46)) - raft.server.log.purge.upto.snapshot.index = false (default)
2023-07-16 18:57:11,996 [0b1f3054-766a-487f-b63d-c6e216ac8926@group-49059D15333A-FollowerState] INFO  server.RaftServerConfigKeys (ConfUtils.java:logFallback(53)) - raft.server.rpc.first-election.timeout.min = 5s (fallback to raft.server.rpc.timeout.min)
2023-07-16 18:57:11,996 [0b1f3054-766a-487f-b63d-c6e216ac8926@group-49059D15333A-FollowerState] INFO  server.RaftServerConfigKeys (ConfUtils.java:logFallback(53)) - raft.server.rpc.first-election.timeout.max = 5200ms (fallback to raft.server.rpc.timeout.max)
2023-07-16 18:57:12,001 [PipelineCommandHandlerThread-0] INFO  commandhandler.CreatePipelineCommandHandler (CreatePipelineCommandHandler.java:lambda$handle$2(124)) - Created Pipeline RATIS THREE PipelineID=90836b84-b0b2-4deb-a2da-0f5175baafbd.
2023-07-16 18:57:12,002 [PipelineCommandHandlerThread-0] INFO  server.RaftServer (RaftServerProxy.java:addNew(98)) - 262e2cc5-1901-4d20-b00f-c120f2342a1b: addNew group-49059D15333A:[262e2cc5-1901-4d20-b00f-c120f2342a1b|rpc:10.1.0.14:15041|admin:10.1.0.14:15040|client:10.1.0.14:15039|dataStream:10.1.0.14:15042|priority:1|startupRole:FOLLOWER, 9a50ebc8-888b-4605-8efe-fc16cf713d78|rpc:10.1.0.14:15050|admin:10.1.0.14:15049|client:10.1.0.14:15048|dataStream:10.1.0.14:15051|priority:0|startupRole:FOLLOWER, 0b1f3054-766a-487f-b63d-c6e216ac8926|rpc:10.1.0.14:15059|admin:10.1.0.14:15058|client:10.1.0.14:15057|dataStream:10.1.0.14:15060|priority:0|startupRole:FOLLOWER] returns group-49059D15333A:java.util.concurrent.CompletableFuture@b9ff4fb[Not completed]
2023-07-16 18:57:12,003 [262e2cc5-1901-4d20-b00f-c120f2342a1b-groupManagement] INFO  server.RaftServer$Division (RaftServerImpl.java:<init>(198)) - 262e2cc5-1901-4d20-b00f-c120f2342a1b: new RaftServerImpl for group-49059D15333A:[262e2cc5-1901-4d20-b00f-c120f2342a1b|rpc:10.1.0.14:15041|admin:10.1.0.14:15040|client:10.1.0.14:15039|dataStream:10.1.0.14:15042|priority:1|startupRole:FOLLOWER, 9a50ebc8-888b-4605-8efe-fc16cf713d78|rpc:10.1.0.14:15050|admin:10.1.0.14:15049|client:10.1.0.14:15048|dataStream:10.1.0.14:15051|priority:0|startupRole:FOLLOWER, 0b1f3054-766a-487f-b63d-c6e216ac8926|rpc:10.1.0.14:15059|admin:10.1.0.14:15058|client:10.1.0.14:15057|dataStream:10.1.0.14:15060|priority:0|startupRole:FOLLOWER] with ContainerStateMachine:uninitialized
2023-07-16 18:57:12,003 [262e2cc5-1901-4d20-b00f-c120f2342a1b-groupManagement] INFO  server.RaftServerConfigKeys (ConfUtils.java:logGet(46)) - raft.server.rpc.timeout.min = 5s (custom)
2023-07-16 18:57:12,003 [262e2cc5-1901-4d20-b00f-c120f2342a1b-groupManagement] INFO  server.RaftServerConfigKeys (ConfUtils.java:logGet(46)) - raft.server.rpc.timeout.max = 5200ms (custom)
2023-07-16 18:57:12,003 [262e2cc5-1901-4d20-b00f-c120f2342a1b-groupManagement] INFO  server.RaftServerConfigKeys (ConfUtils.java:logGet(46)) - raft.server.rpc.sleep.time = 25ms (default)
2023-07-16 18:57:12,003 [262e2cc5-1901-4d20-b00f-c120f2342a1b-groupManagement] INFO  server.RaftServerConfigKeys (ConfUtils.java:logGet(46)) - raft.server.rpc.slowness.timeout = 300s (custom)
2023-07-16 18:57:12,003 [262e2cc5-1901-4d20-b00f-c120f2342a1b-groupManagement] INFO  server.RaftServerConfigKeys (ConfUtils.java:logGet(46)) - raft.server.leaderelection.leader.step-down.wait-time = 10s (default)
2023-07-16 18:57:12,003 [262e2cc5-1901-4d20-b00f-c120f2342a1b-groupManagement] INFO  server.RaftServerConfigKeys (ConfUtils.java:logGet(46)) - raft.server.sleep.deviation.threshold = 300ms (default)
2023-07-16 18:57:12,003 [262e2cc5-1901-4d20-b00f-c120f2342a1b-groupManagement] INFO  server.RaftServer$Division (ServerState.java:<init>(120)) - 262e2cc5-1901-4d20-b00f-c120f2342a1b@group-49059D15333A: ConfigurationManager, init=-1: peers:[262e2cc5-1901-4d20-b00f-c120f2342a1b|rpc:10.1.0.14:15041|admin:10.1.0.14:15040|client:10.1.0.14:15039|dataStream:10.1.0.14:15042|priority:1|startupRole:FOLLOWER, 9a50ebc8-888b-4605-8efe-fc16cf713d78|rpc:10.1.0.14:15050|admin:10.1.0.14:15049|client:10.1.0.14:15048|dataStream:10.1.0.14:15051|priority:0|startupRole:FOLLOWER, 0b1f3054-766a-487f-b63d-c6e216ac8926|rpc:10.1.0.14:15059|admin:10.1.0.14:15058|client:10.1.0.14:15057|dataStream:10.1.0.14:15060|priority:0|startupRole:FOLLOWER]|listeners:[], old=null, confs=<EMPTY_MAP>
2023-07-16 18:57:12,003 [262e2cc5-1901-4d20-b00f-c120f2342a1b-groupManagement] INFO  server.RaftServerConfigKeys (ConfUtils.java:logGet(46)) - raft.server.storage.dir = [/home/runner/work/ozone/ozone/hadoop-ozone/integration-test/target/test-dir/MiniOzoneClusterImpl-8e52da8c-19f0-467e-9375-6950100829a3/datanode-3/data/ratis] (custom)
2023-07-16 18:57:12,003 [262e2cc5-1901-4d20-b00f-c120f2342a1b-groupManagement] INFO  server.RaftServerConfigKeys (ConfUtils.java:logGet(46)) - raft.server.log.corruption.policy = EXCEPTION (default)
2023-07-16 18:57:12,004 [262e2cc5-1901-4d20-b00f-c120f2342a1b-groupManagement] INFO  server.RaftServerConfigKeys (ConfUtils.java:logGet(46)) - raft.server.storage.free-space.min = 0MB (=0) (default)
2023-07-16 18:57:12,004 [262e2cc5-1901-4d20-b00f-c120f2342a1b-groupManagement] INFO  server.RaftServerConfigKeys (ConfUtils.java:logGet(46)) - raft.server.notification.no-leader.timeout = 300s (custom)
2023-07-16 18:57:12,004 [262e2cc5-1901-4d20-b00f-c120f2342a1b-groupManagement] INFO  server.RaftServerConfigKeys (ConfUtils.java:logGet(46)) - raft.server.read.timeout = 10s (default)
2023-07-16 18:57:12,004 [262e2cc5-1901-4d20-b00f-c120f2342a1b-groupManagement] INFO  server.RaftServerConfigKeys (ConfUtils.java:logGet(46)) - raft.server.retrycache.expirytime = 600000ms (custom)
2023-07-16 18:57:12,004 [262e2cc5-1901-4d20-b00f-c120f2342a1b-groupManagement] INFO  server.RaftServerConfigKeys (ConfUtils.java:logGet(46)) - raft.server.retrycache.statistics.expirytime = 100μs (default)
2023-07-16 18:57:12,004 [262e2cc5-1901-4d20-b00f-c120f2342a1b-groupManagement] INFO  server.RaftServerConfigKeys (ConfUtils.java:logGet(46)) - raft.server.read.option = DEFAULT (default)
2023-07-16 18:57:12,005 [262e2cc5-1901-4d20-b00f-c120f2342a1b-groupManagement] INFO  server.RaftServerConfigKeys (ConfUtils.java:logGet(46)) - raft.server.rpc.request.timeout = 60s (custom)
2023-07-16 18:57:12,005 [262e2cc5-1901-4d20-b00f-c120f2342a1b-groupManagement] INFO  server.RaftServerConfigKeys (ConfUtils.java:logGet(46)) - raft.server.log.appender.install.snapshot.enabled = false (custom)
2023-07-16 18:57:12,005 [262e2cc5-1901-4d20-b00f-c120f2342a1b-groupManagement] INFO  server.RaftServerConfigKeys (ConfUtils.java:logGet(46)) - raft.server.threadpool.server.cached = true (default)
2023-07-16 18:57:12,005 [262e2cc5-1901-4d20-b00f-c120f2342a1b-groupManagement] INFO  server.RaftServerConfigKeys (ConfUtils.java:logGet(46)) - raft.server.threadpool.server.size = 0 (default)
2023-07-16 18:57:12,005 [262e2cc5-1901-4d20-b00f-c120f2342a1b-groupManagement] INFO  server.RaftServerConfigKeys (ConfUtils.java:logGet(46)) - raft.server.threadpool.client.cached = true (default)
2023-07-16 18:57:12,005 [262e2cc5-1901-4d20-b00f-c120f2342a1b-groupManagement] INFO  server.RaftServerConfigKeys (ConfUtils.java:logGet(46)) - raft.server.threadpool.client.size = 0 (default)
2023-07-16 18:57:12,005 [262e2cc5-1901-4d20-b00f-c120f2342a1b-groupManagement] INFO  storage.RaftStorageDirectory (RaftStorageDirectoryImpl.java:analyzeStorage(137)) - The storage directory /home/runner/work/ozone/ozone/hadoop-ozone/integration-test/target/test-dir/MiniOzoneClusterImpl-8e52da8c-19f0-467e-9375-6950100829a3/datanode-3/data/ratis/a02033fd-bff8-494c-aa9b-49059d15333a does not exist. Creating ...
2023-07-16 18:57:12,007 [262e2cc5-1901-4d20-b00f-c120f2342a1b-groupManagement] INFO  storage.RaftStorageDirectory (RaftStorageDirectoryImpl.java:tryLock(231)) - Lock on /home/runner/work/ozone/ozone/hadoop-ozone/integration-test/target/test-dir/MiniOzoneClusterImpl-8e52da8c-19f0-467e-9375-6950100829a3/datanode-3/data/ratis/a02033fd-bff8-494c-aa9b-49059d15333a/in_use.lock acquired by nodename 109267@fv-az587-727
2023-07-16 18:57:12,010 [262e2cc5-1901-4d20-b00f-c120f2342a1b-groupManagement] INFO  storage.RaftStorage (RaftStorageImpl.java:format(96)) - Storage directory /home/runner/work/ozone/ozone/hadoop-ozone/integration-test/target/test-dir/MiniOzoneClusterImpl-8e52da8c-19f0-467e-9375-6950100829a3/datanode-3/data/ratis/a02033fd-bff8-494c-aa9b-49059d15333a has been successfully formatted.
2023-07-16 18:57:12,011 [262e2cc5-1901-4d20-b00f-c120f2342a1b-groupManagement] INFO  ratis.ContainerStateMachine (ContainerStateMachine.java:loadSnapshot(262)) - group-49059D15333A: The snapshot info is null. Setting the last applied indexto:(t:0, i:~)
2023-07-16 18:57:12,011 [262e2cc5-1901-4d20-b00f-c120f2342a1b-groupManagement] INFO  server.RaftServerConfigKeys (ConfUtils.java:logGet(46)) - raft.server.log.use.memory = false (default)
2023-07-16 18:57:12,011 [262e2cc5-1901-4d20-b00f-c120f2342a1b-groupManagement] INFO  server.RaftServerConfigKeys (ConfUtils.java:logGet(46)) - raft.server.log.purge.gap = 1000000 (custom)
2023-07-16 18:57:12,011 [262e2cc5-1901-4d20-b00f-c120f2342a1b-groupManagement] INFO  server.RaftServerConfigKeys (ConfUtils.java:logGet(46)) - raft.server.log.appender.buffer.byte-limit = 33554432 (custom)
2023-07-16 18:57:12,011 [262e2cc5-1901-4d20-b00f-c120f2342a1b-groupManagement] INFO  server.RaftServerConfigKeys (ConfUtils.java:logGet(46)) - raft.server.log.statemachine.data.read.timeout = 1000ms (default)
2023-07-16 18:57:12,011 [262e2cc5-1901-4d20-b00f-c120f2342a1b-groupManagement] INFO  server.RaftServerConfigKeys (ConfUtils.java:logGet(46)) - raft.server.log.purge.preservation.log.num = 0 (default)
2023-07-16 18:57:12,011 [262e2cc5-1901-4d20-b00f-c120f2342a1b-groupManagement] INFO  server.RaftServerConfigKeys (ConfUtils.java:logGet(46)) - raft.server.log.segment.size.max = 1048576 (custom)
2023-07-16 18:57:12,012 [EventQueue-OpenPipelineForHealthyPipelineSafeModeRule] INFO  safemode.SCMSafeModeManager (HealthyPipelineSafeModeRule.java:process(137)) - SCM in safe mode. Healthy pipelines reported count is 0, required healthy pipeline reported count is 1
2023-07-16 18:57:12,013 [262e2cc5-1901-4d20-b00f-c120f2342a1b-groupManagement] INFO  server.RaftServerConfigKeys (ConfUtils.java:logGet(46)) - raft.server.log.segment.cache.num.max = 2 (custom)
2023-07-16 18:57:12,013 [262e2cc5-1901-4d20-b00f-c120f2342a1b-groupManagement] INFO  server.RaftServerConfigKeys (ConfUtils.java:logGet(46)) - raft.server.log.segment.cache.size.max = 200MB (=209715200) (default)
2023-07-16 18:57:12,013 [262e2cc5-1901-4d20-b00f-c120f2342a1b-groupManagement] INFO  server.RaftServerConfigKeys (ConfUtils.java:logGet(46)) - raft.server.log.appender.buffer.byte-limit = 33554432 (custom)
2023-07-16 18:57:12,013 [262e2cc5-1901-4d20-b00f-c120f2342a1b-groupManagement] INFO  segmented.SegmentedRaftLogWorker (SegmentedRaftLogWorker.java:<init>(188)) - new 262e2cc5-1901-4d20-b00f-c120f2342a1b@group-49059D15333A-SegmentedRaftLogWorker for RaftStorageImpl:Storage Directory /home/runner/work/ozone/ozone/hadoop-ozone/integration-test/target/test-dir/MiniOzoneClusterImpl-8e52da8c-19f0-467e-9375-6950100829a3/datanode-3/data/ratis/a02033fd-bff8-494c-aa9b-49059d15333a
2023-07-16 18:57:12,013 [262e2cc5-1901-4d20-b00f-c120f2342a1b-groupManagement] INFO  server.RaftServerConfigKeys (ConfUtils.java:logGet(46)) - raft.server.log.queue.byte-limit = 4294967296 (custom)
2023-07-16 18:57:12,013 [262e2cc5-1901-4d20-b00f-c120f2342a1b-groupManagement] INFO  server.RaftServerConfigKeys (ConfUtils.java:logGet(46)) - raft.server.log.queue.element-limit = 1024 (custom)
2023-07-16 18:57:12,013 [262e2cc5-1901-4d20-b00f-c120f2342a1b-groupManagement] INFO  server.RaftServerConfigKeys (ConfUtils.java:logGet(46)) - raft.server.log.segment.size.max = 1048576 (custom)
2023-07-16 18:57:12,013 [262e2cc5-1901-4d20-b00f-c120f2342a1b-groupManagement] INFO  server.RaftServerConfigKeys (ConfUtils.java:logGet(46)) - raft.server.log.preallocated.size = 16384 (custom)
2023-07-16 18:57:12,014 [262e2cc5-1901-4d20-b00f-c120f2342a1b-groupManagement] INFO  server.RaftServerConfigKeys (ConfUtils.java:logGet(46)) - raft.server.log.force.sync.num = 128 (default)
2023-07-16 18:57:12,014 [262e2cc5-1901-4d20-b00f-c120f2342a1b-groupManagement] INFO  server.RaftServerConfigKeys (ConfUtils.java:logGet(46)) - raft.server.log.statemachine.data.sync = true (default)
2023-07-16 18:57:12,014 [262e2cc5-1901-4d20-b00f-c120f2342a1b-groupManagement] INFO  server.RaftServerConfigKeys (ConfUtils.java:logGet(46)) - raft.server.log.statemachine.data.sync.timeout = 10s (default)
2023-07-16 18:57:12,014 [262e2cc5-1901-4d20-b00f-c120f2342a1b-groupManagement] INFO  server.RaftServerConfigKeys (ConfUtils.java:logGet(46)) - raft.server.log.statemachine.data.sync.timeout.retry = -1 (default)
2023-07-16 18:57:12,017 [262e2cc5-1901-4d20-b00f-c120f2342a1b-groupManagement] INFO  server.RaftServerConfigKeys (ConfUtils.java:logGet(46)) - raft.server.log.write.buffer.size = 1048576 (custom)
2023-07-16 18:57:12,019 [262e2cc5-1901-4d20-b00f-c120f2342a1b-groupManagement] INFO  server.RaftServerConfigKeys (ConfUtils.java:logGet(46)) - raft.server.log.appender.buffer.byte-limit = 33554432 (custom)
2023-07-16 18:57:12,035 [262e2cc5-1901-4d20-b00f-c120f2342a1b-groupManagement] INFO  server.RaftServerConfigKeys (ConfUtils.java:logGet(46)) - raft.server.log.unsafe-flush.enabled = false (default)
2023-07-16 18:57:12,035 [262e2cc5-1901-4d20-b00f-c120f2342a1b-groupManagement] INFO  server.RaftServerConfigKeys (ConfUtils.java:logGet(46)) - raft.server.log.async-flush.enabled = false (default)
2023-07-16 18:57:12,035 [262e2cc5-1901-4d20-b00f-c120f2342a1b-groupManagement] INFO  server.RaftServerConfigKeys (ConfUtils.java:logGet(46)) - raft.server.log.statemachine.data.caching.enabled = true (custom)
2023-07-16 18:57:12,035 [262e2cc5-1901-4d20-b00f-c120f2342a1b-groupManagement] INFO  segmented.SegmentedRaftLogWorker (SegmentedRaftLogWorker.java:lambda$new$0(135)) - 262e2cc5-1901-4d20-b00f-c120f2342a1b@group-49059D15333A-SegmentedRaftLogWorker: flushIndex: setUnconditionally 0 -> -1
2023-07-16 18:57:12,035 [262e2cc5-1901-4d20-b00f-c120f2342a1b-groupManagement] INFO  segmented.SegmentedRaftLogWorker (SegmentedRaftLogWorker.java:lambda$new$0(135)) - 262e2cc5-1901-4d20-b00f-c120f2342a1b@group-49059D15333A-SegmentedRaftLogWorker: safeCacheEvictIndex: setUnconditionally 0 -> -1
2023-07-16 18:57:12,036 [262e2cc5-1901-4d20-b00f-c120f2342a1b-groupManagement] INFO  server.RaftServer$Division (RaftServerImpl.java:start(342)) - 262e2cc5-1901-4d20-b00f-c120f2342a1b@group-49059D15333A: start as a follower, conf=-1: peers:[262e2cc5-1901-4d20-b00f-c120f2342a1b|rpc:10.1.0.14:15041|admin:10.1.0.14:15040|client:10.1.0.14:15039|dataStream:10.1.0.14:15042|priority:1|startupRole:FOLLOWER, 9a50ebc8-888b-4605-8efe-fc16cf713d78|rpc:10.1.0.14:15050|admin:10.1.0.14:15049|client:10.1.0.14:15048|dataStream:10.1.0.14:15051|priority:0|startupRole:FOLLOWER, 0b1f3054-766a-487f-b63d-c6e216ac8926|rpc:10.1.0.14:15059|admin:10.1.0.14:15058|client:10.1.0.14:15057|dataStream:10.1.0.14:15060|priority:0|startupRole:FOLLOWER]|listeners:[], old=null
2023-07-16 18:57:12,036 [262e2cc5-1901-4d20-b00f-c120f2342a1b-groupManagement] INFO  server.RaftServer$Division (RaftServerImpl.java:setRole(329)) - 262e2cc5-1901-4d20-b00f-c120f2342a1b@group-49059D15333A: changes role from      null to FOLLOWER at term 0 for startAsFollower
2023-07-16 18:57:12,036 [262e2cc5-1901-4d20-b00f-c120f2342a1b-groupManagement] INFO  impl.RoleInfo (RoleInfo.java:updateAndGet(139)) - 262e2cc5-1901-4d20-b00f-c120f2342a1b: start 262e2cc5-1901-4d20-b00f-c120f2342a1b@group-49059D15333A-FollowerState
2023-07-16 18:57:12,043 [262e2cc5-1901-4d20-b00f-c120f2342a1b-groupManagement] INFO  util.JmxRegister (JmxRegister.java:tryRegister(44)) - Successfully registered JMX Bean with object name Ratis:service=RaftServer,group=group-49059D15333A,id=262e2cc5-1901-4d20-b00f-c120f2342a1b
2023-07-16 18:57:12,043 [262e2cc5-1901-4d20-b00f-c120f2342a1b-groupManagement] INFO  server.RaftServerConfigKeys (ConfUtils.java:logGet(46)) - raft.server.snapshot.auto.trigger.enabled = true (custom)
2023-07-16 18:57:12,043 [262e2cc5-1901-4d20-b00f-c120f2342a1b-groupManagement] INFO  server.RaftServerConfigKeys (ConfUtils.java:logGet(46)) - raft.server.snapshot.auto.trigger.threshold = 10000 (custom)
2023-07-16 18:57:12,043 [262e2cc5-1901-4d20-b00f-c120f2342a1b-groupManagement] INFO  server.RaftServerConfigKeys (ConfUtils.java:logGet(46)) - raft.server.snapshot.retention.file.num = 5 (custom)
2023-07-16 18:57:12,043 [262e2cc5-1901-4d20-b00f-c120f2342a1b-groupManagement] INFO  server.RaftServerConfigKeys (ConfUtils.java:logGet(46)) - raft.server.log.purge.upto.snapshot.index = false (default)
2023-07-16 18:57:12,045 [262e2cc5-1901-4d20-b00f-c120f2342a1b@group-49059D15333A-FollowerState] INFO  server.RaftServerConfigKeys (ConfUtils.java:logFallback(53)) - raft.server.rpc.first-election.timeout.min = 5s (fallback to raft.server.rpc.timeout.min)
2023-07-16 18:57:12,045 [PipelineCommandHandlerThread-0] INFO  ratis.XceiverServerRatis (XceiverServerRatis.java:addGroup(804)) - Created group PipelineID=a02033fd-bff8-494c-aa9b-49059d15333a
2023-07-16 18:57:12,045 [262e2cc5-1901-4d20-b00f-c120f2342a1b@group-49059D15333A-FollowerState] INFO  server.RaftServerConfigKeys (ConfUtils.java:logFallback(53)) - raft.server.rpc.first-election.timeout.max = 5200ms (fallback to raft.server.rpc.timeout.max)
2023-07-16 18:57:12,091 [PipelineCommandHandlerThread-0] INFO  commandhandler.CreatePipelineCommandHandler (CreatePipelineCommandHandler.java:lambda$handle$2(124)) - Created Pipeline RATIS THREE PipelineID=a02033fd-bff8-494c-aa9b-49059d15333a.
2023-07-16 18:57:12,127 [PipelineCommandHandlerThread-0] INFO  commandhandler.CreatePipelineCommandHandler (CreatePipelineCommandHandler.java:lambda$handle$2(124)) - Created Pipeline RATIS THREE PipelineID=a02033fd-bff8-494c-aa9b-49059d15333a.
2023-07-16 18:57:12,215 [PipelineCommandHandlerThread-0] INFO  server.RaftServer (RaftServerProxy.java:addNew(98)) - 0b1f3054-766a-487f-b63d-c6e216ac8926: addNew group-3E4D33D197C0:[0b1f3054-766a-487f-b63d-c6e216ac8926|rpc:10.1.0.14:15059|admin:10.1.0.14:15058|client:10.1.0.14:15057|dataStream:10.1.0.14:15060|priority:1|startupRole:FOLLOWER] returns group-3E4D33D197C0:java.util.concurrent.CompletableFuture@7d485565[Not completed]
2023-07-16 18:57:12,216 [0b1f3054-766a-487f-b63d-c6e216ac8926-groupManagement] INFO  server.RaftServer$Division (RaftServerImpl.java:<init>(198)) - 0b1f3054-766a-487f-b63d-c6e216ac8926: new RaftServerImpl for group-3E4D33D197C0:[0b1f3054-766a-487f-b63d-c6e216ac8926|rpc:10.1.0.14:15059|admin:10.1.0.14:15058|client:10.1.0.14:15057|dataStream:10.1.0.14:15060|priority:1|startupRole:FOLLOWER] with ContainerStateMachine:uninitialized
2023-07-16 18:57:12,216 [0b1f3054-766a-487f-b63d-c6e216ac8926-groupManagement] INFO  server.RaftServerConfigKeys (ConfUtils.java:logGet(46)) - raft.server.rpc.timeout.min = 5s (custom)
2023-07-16 18:57:12,216 [0b1f3054-766a-487f-b63d-c6e216ac8926-groupManagement] INFO  server.RaftServerConfigKeys (ConfUtils.java:logGet(46)) - raft.server.rpc.timeout.max = 5200ms (custom)
2023-07-16 18:57:12,216 [0b1f3054-766a-487f-b63d-c6e216ac8926-groupManagement] INFO  server.RaftServerConfigKeys (ConfUtils.java:logGet(46)) - raft.server.rpc.sleep.time = 25ms (default)
2023-07-16 18:57:12,216 [0b1f3054-766a-487f-b63d-c6e216ac8926-groupManagement] INFO  server.RaftServerConfigKeys (ConfUtils.java:logGet(46)) - raft.server.rpc.slowness.timeout = 300s (custom)
2023-07-16 18:57:12,217 [0b1f3054-766a-487f-b63d-c6e216ac8926-groupManagement] INFO  server.RaftServerConfigKeys (ConfUtils.java:logGet(46)) - raft.server.leaderelection.leader.step-down.wait-time = 10s (default)
2023-07-16 18:57:12,217 [0b1f3054-766a-487f-b63d-c6e216ac8926-groupManagement] INFO  server.RaftServerConfigKeys (ConfUtils.java:logGet(46)) - raft.server.sleep.deviation.threshold = 300ms (default)
2023-07-16 18:57:12,217 [0b1f3054-766a-487f-b63d-c6e216ac8926-groupManagement] INFO  server.RaftServer$Division (ServerState.java:<init>(120)) - 0b1f3054-766a-487f-b63d-c6e216ac8926@group-3E4D33D197C0: ConfigurationManager, init=-1: peers:[0b1f3054-766a-487f-b63d-c6e216ac8926|rpc:10.1.0.14:15059|admin:10.1.0.14:15058|client:10.1.0.14:15057|dataStream:10.1.0.14:15060|priority:1|startupRole:FOLLOWER]|listeners:[], old=null, confs=<EMPTY_MAP>
2023-07-16 18:57:12,217 [0b1f3054-766a-487f-b63d-c6e216ac8926-groupManagement] INFO  server.RaftServerConfigKeys (ConfUtils.java:logGet(46)) - raft.server.storage.dir = [/home/runner/work/ozone/ozone/hadoop-ozone/integration-test/target/test-dir/MiniOzoneClusterImpl-8e52da8c-19f0-467e-9375-6950100829a3/datanode-5/data/ratis] (custom)
2023-07-16 18:57:12,217 [0b1f3054-766a-487f-b63d-c6e216ac8926-groupManagement] INFO  server.RaftServerConfigKeys (ConfUtils.java:logGet(46)) - raft.server.log.corruption.policy = EXCEPTION (default)
2023-07-16 18:57:12,217 [0b1f3054-766a-487f-b63d-c6e216ac8926-groupManagement] INFO  server.RaftServerConfigKeys (ConfUtils.java:logGet(46)) - raft.server.storage.free-space.min = 0MB (=0) (default)
2023-07-16 18:57:12,217 [0b1f3054-766a-487f-b63d-c6e216ac8926-groupManagement] INFO  server.RaftServerConfigKeys (ConfUtils.java:logGet(46)) - raft.server.notification.no-leader.timeout = 300s (custom)
2023-07-16 18:57:12,217 [0b1f3054-766a-487f-b63d-c6e216ac8926-groupManagement] INFO  server.RaftServerConfigKeys (ConfUtils.java:logGet(46)) - raft.server.read.timeout = 10s (default)
2023-07-16 18:57:12,217 [0b1f3054-766a-487f-b63d-c6e216ac8926-groupManagement] INFO  server.RaftServerConfigKeys (ConfUtils.java:logGet(46)) - raft.server.retrycache.expirytime = 600000ms (custom)
2023-07-16 18:57:12,217 [0b1f3054-766a-487f-b63d-c6e216ac8926-groupManagement] INFO  server.RaftServerConfigKeys (ConfUtils.java:logGet(46)) - raft.server.retrycache.statistics.expirytime = 100μs (default)
2023-07-16 18:57:12,217 [0b1f3054-766a-487f-b63d-c6e216ac8926-groupManagement] INFO  server.RaftServerConfigKeys (ConfUtils.java:logGet(46)) - raft.server.read.option = DEFAULT (default)
2023-07-16 18:57:12,218 [0b1f3054-766a-487f-b63d-c6e216ac8926-groupManagement] INFO  server.RaftServerConfigKeys (ConfUtils.java:logGet(46)) - raft.server.rpc.request.timeout = 60s (custom)
2023-07-16 18:57:12,218 [0b1f3054-766a-487f-b63d-c6e216ac8926-groupManagement] INFO  server.RaftServerConfigKeys (ConfUtils.java:logGet(46)) - raft.server.log.appender.install.snapshot.enabled = false (custom)
2023-07-16 18:57:12,219 [0b1f3054-766a-487f-b63d-c6e216ac8926-groupManagement] INFO  server.RaftServerConfigKeys (ConfUtils.java:logGet(46)) - raft.server.threadpool.server.cached = true (default)
2023-07-16 18:57:12,219 [0b1f3054-766a-487f-b63d-c6e216ac8926-groupManagement] INFO  server.RaftServerConfigKeys (ConfUtils.java:logGet(46)) - raft.server.threadpool.server.size = 0 (default)
2023-07-16 18:57:12,219 [0b1f3054-766a-487f-b63d-c6e216ac8926-groupManagement] INFO  server.RaftServerConfigKeys (ConfUtils.java:logGet(46)) - raft.server.threadpool.client.cached = true (default)
2023-07-16 18:57:12,219 [0b1f3054-766a-487f-b63d-c6e216ac8926-groupManagement] INFO  server.RaftServerConfigKeys (ConfUtils.java:logGet(46)) - raft.server.threadpool.client.size = 0 (default)
2023-07-16 18:57:12,219 [0b1f3054-766a-487f-b63d-c6e216ac8926-groupManagement] INFO  storage.RaftStorageDirectory (RaftStorageDirectoryImpl.java:analyzeStorage(137)) - The storage directory /home/runner/work/ozone/ozone/hadoop-ozone/integration-test/target/test-dir/MiniOzoneClusterImpl-8e52da8c-19f0-467e-9375-6950100829a3/datanode-5/data/ratis/1b43ab8b-e29b-44cb-8908-3e4d33d197c0 does not exist. Creating ...
2023-07-16 18:57:12,221 [0b1f3054-766a-487f-b63d-c6e216ac8926-groupManagement] INFO  storage.RaftStorageDirectory (RaftStorageDirectoryImpl.java:tryLock(231)) - Lock on /home/runner/work/ozone/ozone/hadoop-ozone/integration-test/target/test-dir/MiniOzoneClusterImpl-8e52da8c-19f0-467e-9375-6950100829a3/datanode-5/data/ratis/1b43ab8b-e29b-44cb-8908-3e4d33d197c0/in_use.lock acquired by nodename 109267@fv-az587-727
2023-07-16 18:57:12,222 [0b1f3054-766a-487f-b63d-c6e216ac8926-groupManagement] INFO  storage.RaftStorage (RaftStorageImpl.java:format(96)) - Storage directory /home/runner/work/ozone/ozone/hadoop-ozone/integration-test/target/test-dir/MiniOzoneClusterImpl-8e52da8c-19f0-467e-9375-6950100829a3/datanode-5/data/ratis/1b43ab8b-e29b-44cb-8908-3e4d33d197c0 has been successfully formatted.
2023-07-16 18:57:12,222 [0b1f3054-766a-487f-b63d-c6e216ac8926-groupManagement] INFO  ratis.ContainerStateMachine (ContainerStateMachine.java:loadSnapshot(262)) - group-3E4D33D197C0: The snapshot info is null. Setting the last applied indexto:(t:0, i:~)
2023-07-16 18:57:12,222 [0b1f3054-766a-487f-b63d-c6e216ac8926-groupManagement] INFO  server.RaftServerConfigKeys (ConfUtils.java:logGet(46)) - raft.server.log.use.memory = false (default)
2023-07-16 18:57:12,222 [0b1f3054-766a-487f-b63d-c6e216ac8926-groupManagement] INFO  server.RaftServerConfigKeys (ConfUtils.java:logGet(46)) - raft.server.log.purge.gap = 1000000 (custom)
2023-07-16 18:57:12,222 [0b1f3054-766a-487f-b63d-c6e216ac8926-groupManagement] INFO  server.RaftServerConfigKeys (ConfUtils.java:logGet(46)) - raft.server.log.appender.buffer.byte-limit = 33554432 (custom)
2023-07-16 18:57:12,223 [0b1f3054-766a-487f-b63d-c6e216ac8926-groupManagement] INFO  server.RaftServerConfigKeys (ConfUtils.java:logGet(46)) - raft.server.log.statemachine.data.read.timeout = 1000ms (default)
2023-07-16 18:57:12,223 [0b1f3054-766a-487f-b63d-c6e216ac8926-groupManagement] INFO  server.RaftServerConfigKeys (ConfUtils.java:logGet(46)) - raft.server.log.purge.preservation.log.num = 0 (default)
2023-07-16 18:57:12,223 [0b1f3054-766a-487f-b63d-c6e216ac8926-groupManagement] INFO  server.RaftServerConfigKeys (ConfUtils.java:logGet(46)) - raft.server.log.segment.size.max = 1048576 (custom)
2023-07-16 18:57:12,223 [0b1f3054-766a-487f-b63d-c6e216ac8926-groupManagement] INFO  server.RaftServerConfigKeys (ConfUtils.java:logGet(46)) - raft.server.log.segment.cache.num.max = 2 (custom)
2023-07-16 18:57:12,223 [0b1f3054-766a-487f-b63d-c6e216ac8926-groupManagement] INFO  server.RaftServerConfigKeys (ConfUtils.java:logGet(46)) - raft.server.log.segment.cache.size.max = 200MB (=209715200) (default)
2023-07-16 18:57:12,223 [0b1f3054-766a-487f-b63d-c6e216ac8926-groupManagement] INFO  server.RaftServerConfigKeys (ConfUtils.java:logGet(46)) - raft.server.log.appender.buffer.byte-limit = 33554432 (custom)
2023-07-16 18:57:12,223 [0b1f3054-766a-487f-b63d-c6e216ac8926-groupManagement] INFO  segmented.SegmentedRaftLogWorker (SegmentedRaftLogWorker.java:<init>(188)) - new 0b1f3054-766a-487f-b63d-c6e216ac8926@group-3E4D33D197C0-SegmentedRaftLogWorker for RaftStorageImpl:Storage Directory /home/runner/work/ozone/ozone/hadoop-ozone/integration-test/target/test-dir/MiniOzoneClusterImpl-8e52da8c-19f0-467e-9375-6950100829a3/datanode-5/data/ratis/1b43ab8b-e29b-44cb-8908-3e4d33d197c0
2023-07-16 18:57:12,224 [0b1f3054-766a-487f-b63d-c6e216ac8926-groupManagement] INFO  server.RaftServerConfigKeys (ConfUtils.java:logGet(46)) - raft.server.log.queue.byte-limit = 4294967296 (custom)
2023-07-16 18:57:12,224 [0b1f3054-766a-487f-b63d-c6e216ac8926-groupManagement] INFO  server.RaftServerConfigKeys (ConfUtils.java:logGet(46)) - raft.server.log.queue.element-limit = 1024 (custom)
2023-07-16 18:57:12,224 [0b1f3054-766a-487f-b63d-c6e216ac8926-groupManagement] INFO  server.RaftServerConfigKeys (ConfUtils.java:logGet(46)) - raft.server.log.segment.size.max = 1048576 (custom)
2023-07-16 18:57:12,224 [0b1f3054-766a-487f-b63d-c6e216ac8926-groupManagement] INFO  server.RaftServerConfigKeys (ConfUtils.java:logGet(46)) - raft.server.log.preallocated.size = 16384 (custom)
2023-07-16 18:57:12,224 [0b1f3054-766a-487f-b63d-c6e216ac8926-groupManagement] INFO  server.RaftServerConfigKeys (ConfUtils.java:logGet(46)) - raft.server.log.force.sync.num = 128 (default)
2023-07-16 18:57:12,224 [0b1f3054-766a-487f-b63d-c6e216ac8926-groupManagement] INFO  server.RaftServerConfigKeys (ConfUtils.java:logGet(46)) - raft.server.log.statemachine.data.sync = true (default)
2023-07-16 18:57:12,224 [0b1f3054-766a-487f-b63d-c6e216ac8926-groupManagement] INFO  server.RaftServerConfigKeys (ConfUtils.java:logGet(46)) - raft.server.log.statemachine.data.sync.timeout = 10s (default)
2023-07-16 18:57:12,224 [0b1f3054-766a-487f-b63d-c6e216ac8926-groupManagement] INFO  server.RaftServerConfigKeys (ConfUtils.java:logGet(46)) - raft.server.log.statemachine.data.sync.timeout.retry = -1 (default)
2023-07-16 18:57:12,226 [EventQueue-PipelineReportForPipelineReportHandler] INFO  pipeline.PipelineReportHandler (PipelineReportHandler.java:processPipelineReport(136)) - Opened pipeline PipelineID=1b43ab8b-e29b-44cb-8908-3e4d33d197c0
2023-07-16 18:57:12,226 [EventQueue-OpenPipelineForHealthyPipelineSafeModeRule] INFO  safemode.SCMSafeModeManager (HealthyPipelineSafeModeRule.java:process(137)) - SCM in safe mode. Healthy pipelines reported count is 0, required healthy pipeline reported count is 1
2023-07-16 18:57:12,227 [0b1f3054-766a-487f-b63d-c6e216ac8926-groupManagement] INFO  server.RaftServerConfigKeys (ConfUtils.java:logGet(46)) - raft.server.log.write.buffer.size = 1048576 (custom)
2023-07-16 18:57:12,228 [0b1f3054-766a-487f-b63d-c6e216ac8926-groupManagement] INFO  server.RaftServerConfigKeys (ConfUtils.java:logGet(46)) - raft.server.log.appender.buffer.byte-limit = 33554432 (custom)
2023-07-16 18:57:12,233 [0b1f3054-766a-487f-b63d-c6e216ac8926-groupManagement] INFO  server.RaftServerConfigKeys (ConfUtils.java:logGet(46)) - raft.server.log.unsafe-flush.enabled = false (default)
2023-07-16 18:57:12,233 [0b1f3054-766a-487f-b63d-c6e216ac8926-groupManagement] INFO  server.RaftServerConfigKeys (ConfUtils.java:logGet(46)) - raft.server.log.async-flush.enabled = false (default)
2023-07-16 18:57:12,233 [0b1f3054-766a-487f-b63d-c6e216ac8926-groupManagement] INFO  server.RaftServerConfigKeys (ConfUtils.java:logGet(46)) - raft.server.log.statemachine.data.caching.enabled = true (custom)
2023-07-16 18:57:12,234 [0b1f3054-766a-487f-b63d-c6e216ac8926-groupManagement] INFO  segmented.SegmentedRaftLogWorker (SegmentedRaftLogWorker.java:lambda$new$0(135)) - 0b1f3054-766a-487f-b63d-c6e216ac8926@group-3E4D33D197C0-SegmentedRaftLogWorker: flushIndex: setUnconditionally 0 -> -1
2023-07-16 18:57:12,234 [0b1f3054-766a-487f-b63d-c6e216ac8926-groupManagement] INFO  segmented.SegmentedRaftLogWorker (SegmentedRaftLogWorker.java:lambda$new$0(135)) - 0b1f3054-766a-487f-b63d-c6e216ac8926@group-3E4D33D197C0-SegmentedRaftLogWorker: safeCacheEvictIndex: setUnconditionally 0 -> -1
2023-07-16 18:57:12,629 [JvmPauseMonitor6] WARN  util.JvmPauseMonitor (JvmPauseMonitor.java:detectPause(124)) - JvmPauseMonitor-9a50ebc8-888b-4605-8efe-fc16cf713d78: Detected pause in JVM or host machine approximately 0.257s with 0.389s GC time.
GC pool 'PS MarkSweep' had collection(s): count=1 time=250ms
GC pool 'PS Scavenge' had collection(s): count=1 time=139ms
2023-07-16 18:57:12,629 [JvmPauseMonitor1] WARN  util.JvmPauseMonitor (JvmPauseMonitor.java:detectPause(124)) - JvmPauseMonitor-om1: Detected pause in JVM or host machine approximately 0.254s with 0.389s GC time.
GC pool 'PS MarkSweep' had collection(s): count=1 time=250ms
GC pool 'PS Scavenge' had collection(s): count=1 time=139ms
2023-07-16 18:57:12,630 [0b1f3054-766a-487f-b63d-c6e216ac8926-groupManagement] INFO  server.RaftServer$Division (RaftServerImpl.java:start(342)) - 0b1f3054-766a-487f-b63d-c6e216ac8926@group-3E4D33D197C0: start as a follower, conf=-1: peers:[0b1f3054-766a-487f-b63d-c6e216ac8926|rpc:10.1.0.14:15059|admin:10.1.0.14:15058|client:10.1.0.14:15057|dataStream:10.1.0.14:15060|priority:1|startupRole:FOLLOWER]|listeners:[], old=null
2023-07-16 18:57:12,630 [0b1f3054-766a-487f-b63d-c6e216ac8926-groupManagement] INFO  server.RaftServer$Division (RaftServerImpl.java:setRole(329)) - 0b1f3054-766a-487f-b63d-c6e216ac8926@group-3E4D33D197C0: changes role from      null to FOLLOWER at term 0 for startAsFollower
2023-07-16 18:57:12,631 [0b1f3054-766a-487f-b63d-c6e216ac8926-groupManagement] INFO  impl.RoleInfo (RoleInfo.java:updateAndGet(139)) - 0b1f3054-766a-487f-b63d-c6e216ac8926: start 0b1f3054-766a-487f-b63d-c6e216ac8926@group-3E4D33D197C0-FollowerState
2023-07-16 18:57:12,629 [JvmPauseMonitor10] WARN  util.JvmPauseMonitor (JvmPauseMonitor.java:detectPause(124)) - JvmPauseMonitor-6a04ed34-8094-474b-9acd-b8edff3f6d46: Detected pause in JVM or host machine approximately 0.254s with 0.389s GC time.
GC pool 'PS MarkSweep' had collection(s): count=1 time=250ms
GC pool 'PS Scavenge' had collection(s): count=1 time=139ms
2023-07-16 18:57:12,631 [0b1f3054-766a-487f-b63d-c6e216ac8926-groupManagement] INFO  util.JmxRegister (JmxRegister.java:tryRegister(44)) - Successfully registered JMX Bean with object name Ratis:service=RaftServer,group=group-3E4D33D197C0,id=0b1f3054-766a-487f-b63d-c6e216ac8926
2023-07-16 18:57:12,632 [0b1f3054-766a-487f-b63d-c6e216ac8926-groupManagement] INFO  server.RaftServerConfigKeys (ConfUtils.java:logGet(46)) - raft.server.snapshot.auto.trigger.enabled = true (custom)
2023-07-16 18:57:12,632 [0b1f3054-766a-487f-b63d-c6e216ac8926-groupManagement] INFO  server.RaftServerConfigKeys (ConfUtils.java:logGet(46)) - raft.server.snapshot.auto.trigger.threshold = 10000 (custom)
2023-07-16 18:57:12,632 [0b1f3054-766a-487f-b63d-c6e216ac8926-groupManagement] INFO  server.RaftServerConfigKeys (ConfUtils.java:logGet(46)) - raft.server.snapshot.retention.file.num = 5 (custom)
2023-07-16 18:57:12,632 [0b1f3054-766a-487f-b63d-c6e216ac8926-groupManagement] INFO  server.RaftServerConfigKeys (ConfUtils.java:logGet(46)) - raft.server.log.purge.upto.snapshot.index = false (default)
2023-07-16 18:57:12,633 [0b1f3054-766a-487f-b63d-c6e216ac8926@group-3E4D33D197C0-FollowerState] INFO  server.RaftServerConfigKeys (ConfUtils.java:logFallback(53)) - raft.server.rpc.first-election.timeout.min = 5s (fallback to raft.server.rpc.timeout.min)
2023-07-16 18:57:12,633 [0b1f3054-766a-487f-b63d-c6e216ac8926@group-3E4D33D197C0-FollowerState] INFO  server.RaftServerConfigKeys (ConfUtils.java:logFallback(53)) - raft.server.rpc.first-election.timeout.max = 5200ms (fallback to raft.server.rpc.timeout.max)
2023-07-16 18:57:12,633 [PipelineCommandHandlerThread-0] INFO  ratis.XceiverServerRatis (XceiverServerRatis.java:addGroup(804)) - Created group PipelineID=1b43ab8b-e29b-44cb-8908-3e4d33d197c0
2023-07-16 18:57:12,633 [PipelineCommandHandlerThread-0] INFO  commandhandler.CreatePipelineCommandHandler (CreatePipelineCommandHandler.java:lambda$handle$2(124)) - Created Pipeline RATIS ONE PipelineID=1b43ab8b-e29b-44cb-8908-3e4d33d197c0.
2023-07-16 18:57:12,629 [JvmPauseMonitor7] WARN  util.JvmPauseMonitor (JvmPauseMonitor.java:detectPause(124)) - JvmPauseMonitor-0b1f3054-766a-487f-b63d-c6e216ac8926: Detected pause in JVM or host machine approximately 0.254s with 0.389s GC time.
GC pool 'PS MarkSweep' had collection(s): count=1 time=250ms
GC pool 'PS Scavenge' had collection(s): count=1 time=139ms
2023-07-16 18:57:12,629 [JvmPauseMonitor9] WARN  util.JvmPauseMonitor (JvmPauseMonitor.java:detectPause(124)) - JvmPauseMonitor-2d677a35-33b0-4d15-8cfd-318274acedab: Detected pause in JVM or host machine approximately 0.254s with 0.389s GC time.
GC pool 'PS MarkSweep' had collection(s): count=1 time=250ms
GC pool 'PS Scavenge' had collection(s): count=1 time=139ms
2023-07-16 18:57:12,628 [JvmPauseMonitor4] WARN  util.JvmPauseMonitor (JvmPauseMonitor.java:detectPause(124)) - JvmPauseMonitor-c23d9737-c121-4244-9e77-c55c15e0a23c: Detected pause in JVM or host machine approximately 0.253s with 0.389s GC time.
GC pool 'PS MarkSweep' had collection(s): count=1 time=250ms
GC pool 'PS Scavenge' had collection(s): count=1 time=139ms
2023-07-16 18:57:12,628 [JvmPauseMonitor2] WARN  util.JvmPauseMonitor (JvmPauseMonitor.java:detectPause(124)) - JvmPauseMonitor-0e76f3da-5374-4d3e-bc44-9848a147cb1b: Detected pause in JVM or host machine approximately 0.253s with 0.389s GC time.
GC pool 'PS MarkSweep' had collection(s): count=1 time=250ms
GC pool 'PS Scavenge' had collection(s): count=1 time=139ms
2023-07-16 18:57:12,628 [JvmPauseMonitor8] WARN  util.JvmPauseMonitor (JvmPauseMonitor.java:detectPause(124)) - JvmPauseMonitor-83d11254-7599-4cbf-9408-65e5a9156a74: Detected pause in JVM or host machine approximately 0.253s with 0.389s GC time.
GC pool 'PS MarkSweep' had collection(s): count=1 time=250ms
GC pool 'PS Scavenge' had collection(s): count=1 time=139ms
2023-07-16 18:57:12,628 [JvmPauseMonitor0] WARN  util.JvmPauseMonitor (JvmPauseMonitor.java:detectPause(124)) - JvmPauseMonitor-262803b3-ac48-46f1-a8b8-24b53ff9384b: Detected pause in JVM or host machine approximately 0.251s with 0.389s GC time.
GC pool 'PS MarkSweep' had collection(s): count=1 time=250ms
GC pool 'PS Scavenge' had collection(s): count=1 time=139ms
2023-07-16 18:57:12,628 [JvmPauseMonitor11] WARN  util.JvmPauseMonitor (JvmPauseMonitor.java:detectPause(124)) - JvmPauseMonitor-7fbcf281-0606-4cdd-9e49-7a456e1aa2a0: Detected pause in JVM or host machine approximately 0.244s with 0.389s GC time.
GC pool 'PS MarkSweep' had collection(s): count=1 time=250ms
GC pool 'PS Scavenge' had collection(s): count=1 time=139ms
2023-07-16 18:57:12,627 [JvmPauseMonitor5] WARN  util.JvmPauseMonitor (JvmPauseMonitor.java:detectPause(124)) - JvmPauseMonitor-262e2cc5-1901-4d20-b00f-c120f2342a1b: Detected pause in JVM or host machine approximately 0.242s with 0.389s GC time.
GC pool 'PS MarkSweep' had collection(s): count=1 time=250ms
GC pool 'PS Scavenge' had collection(s): count=1 time=139ms
2023-07-16 18:57:12,627 [main] INFO  ozone.MiniOzoneClusterImpl (MiniOzoneClusterImpl.java:lambda$waitForClusterToBeReady$0(224)) - Nodes are ready. Got 10 of 10 DN Heartbeats.
2023-07-16 18:57:12,644 [main] INFO  ozone.MiniOzoneClusterImpl (MiniOzoneClusterImpl.java:lambda$waitForClusterToBeReady$0(227)) - Waiting for cluster to exit safe mode
2023-07-16 18:57:12,644 [main] INFO  ozone.MiniOzoneClusterImpl (MiniOzoneClusterImpl.java:lambda$waitForClusterToBeReady$0(229)) - SCM became leader
2023-07-16 18:57:12,626 [JvmPauseMonitor3] WARN  util.JvmPauseMonitor (JvmPauseMonitor.java:detectPause(124)) - JvmPauseMonitor-e061ba01-06b3-4f38-a151-c7c4cf78ce5a: Detected pause in JVM or host machine approximately 0.219s with 0.389s GC time.
GC pool 'PS MarkSweep' had collection(s): count=1 time=250ms
GC pool 'PS Scavenge' had collection(s): count=1 time=139ms
2023-07-16 18:57:12,695 [PipelineCommandHandlerThread-0] INFO  server.RaftServer (RaftServerProxy.java:addNew(98)) - 83d11254-7599-4cbf-9408-65e5a9156a74: addNew group-7AC1EAAA5B8D:[83d11254-7599-4cbf-9408-65e5a9156a74|rpc:10.1.0.14:15068|admin:10.1.0.14:15067|client:10.1.0.14:15066|dataStream:10.1.0.14:15069|priority:1|startupRole:FOLLOWER] returns group-7AC1EAAA5B8D:java.util.concurrent.CompletableFuture@4059ea4d[Not completed]
2023-07-16 18:57:12,696 [83d11254-7599-4cbf-9408-65e5a9156a74-groupManagement] INFO  server.RaftServer$Division (RaftServerImpl.java:<init>(198)) - 83d11254-7599-4cbf-9408-65e5a9156a74: new RaftServerImpl for group-7AC1EAAA5B8D:[83d11254-7599-4cbf-9408-65e5a9156a74|rpc:10.1.0.14:15068|admin:10.1.0.14:15067|client:10.1.0.14:15066|dataStream:10.1.0.14:15069|priority:1|startupRole:FOLLOWER] with ContainerStateMachine:uninitialized
2023-07-16 18:57:12,696 [83d11254-7599-4cbf-9408-65e5a9156a74-groupManagement] INFO  server.RaftServerConfigKeys (ConfUtils.java:logGet(46)) - raft.server.rpc.timeout.min = 5s (custom)
2023-07-16 18:57:12,696 [83d11254-7599-4cbf-9408-65e5a9156a74-groupManagement] INFO  server.RaftServerConfigKeys (ConfUtils.java:logGet(46)) - raft.server.rpc.timeout.max = 5200ms (custom)
2023-07-16 18:57:12,696 [83d11254-7599-4cbf-9408-65e5a9156a74-groupManagement] INFO  server.RaftServerConfigKeys (ConfUtils.java:logGet(46)) - raft.server.rpc.sleep.time = 25ms (default)
2023-07-16 18:57:12,696 [83d11254-7599-4cbf-9408-65e5a9156a74-groupManagement] INFO  server.RaftServerConfigKeys (ConfUtils.java:logGet(46)) - raft.server.rpc.slowness.timeout = 300s (custom)
2023-07-16 18:57:12,696 [83d11254-7599-4cbf-9408-65e5a9156a74-groupManagement] INFO  server.RaftServerConfigKeys (ConfUtils.java:logGet(46)) - raft.server.leaderelection.leader.step-down.wait-time = 10s (default)
2023-07-16 18:57:12,696 [83d11254-7599-4cbf-9408-65e5a9156a74-groupManagement] INFO  server.RaftServerConfigKeys (ConfUtils.java:logGet(46)) - raft.server.sleep.deviation.threshold = 300ms (default)
2023-07-16 18:57:12,697 [83d11254-7599-4cbf-9408-65e5a9156a74-groupManagement] INFO  server.RaftServer$Division (ServerState.java:<init>(120)) - 83d11254-7599-4cbf-9408-65e5a9156a74@group-7AC1EAAA5B8D: ConfigurationManager, init=-1: peers:[83d11254-7599-4cbf-9408-65e5a9156a74|rpc:10.1.0.14:15068|admin:10.1.0.14:15067|client:10.1.0.14:15066|dataStream:10.1.0.14:15069|priority:1|startupRole:FOLLOWER]|listeners:[], old=null, confs=<EMPTY_MAP>
2023-07-16 18:57:12,697 [83d11254-7599-4cbf-9408-65e5a9156a74-groupManagement] INFO  server.RaftServerConfigKeys (ConfUtils.java:logGet(46)) - raft.server.storage.dir = [/home/runner/work/ozone/ozone/hadoop-ozone/integration-test/target/test-dir/MiniOzoneClusterImpl-8e52da8c-19f0-467e-9375-6950100829a3/datanode-6/data/ratis] (custom)
2023-07-16 18:57:12,697 [83d11254-7599-4cbf-9408-65e5a9156a74-groupManagement] INFO  server.RaftServerConfigKeys (ConfUtils.java:logGet(46)) - raft.server.log.corruption.policy = EXCEPTION (default)
2023-07-16 18:57:12,697 [83d11254-7599-4cbf-9408-65e5a9156a74-groupManagement] INFO  server.RaftServerConfigKeys (ConfUtils.java:logGet(46)) - raft.server.storage.free-space.min = 0MB (=0) (default)
2023-07-16 18:57:12,697 [83d11254-7599-4cbf-9408-65e5a9156a74-groupManagement] INFO  server.RaftServerConfigKeys (ConfUtils.java:logGet(46)) - raft.server.notification.no-leader.timeout = 300s (custom)
2023-07-16 18:57:12,697 [83d11254-7599-4cbf-9408-65e5a9156a74-groupManagement] INFO  server.RaftServerConfigKeys (ConfUtils.java:logGet(46)) - raft.server.read.timeout = 10s (default)
2023-07-16 18:57:12,697 [83d11254-7599-4cbf-9408-65e5a9156a74-groupManagement] INFO  server.RaftServerConfigKeys (ConfUtils.java:logGet(46)) - raft.server.retrycache.expirytime = 600000ms (custom)
2023-07-16 18:57:12,697 [83d11254-7599-4cbf-9408-65e5a9156a74-groupManagement] INFO  server.RaftServerConfigKeys (ConfUtils.java:logGet(46)) - raft.server.retrycache.statistics.expirytime = 100μs (default)
2023-07-16 18:57:12,697 [83d11254-7599-4cbf-9408-65e5a9156a74-groupManagement] INFO  server.RaftServerConfigKeys (ConfUtils.java:logGet(46)) - raft.server.read.option = DEFAULT (default)
2023-07-16 18:57:12,699 [83d11254-7599-4cbf-9408-65e5a9156a74-groupManagement] INFO  server.RaftServerConfigKeys (ConfUtils.java:logGet(46)) - raft.server.rpc.request.timeout = 60s (custom)
2023-07-16 18:57:12,699 [83d11254-7599-4cbf-9408-65e5a9156a74-groupManagement] INFO  server.RaftServerConfigKeys (ConfUtils.java:logGet(46)) - raft.server.log.appender.install.snapshot.enabled = false (custom)
2023-07-16 18:57:12,699 [83d11254-7599-4cbf-9408-65e5a9156a74-groupManagement] INFO  server.RaftServerConfigKeys (ConfUtils.java:logGet(46)) - raft.server.threadpool.server.cached = true (default)
2023-07-16 18:57:12,699 [83d11254-7599-4cbf-9408-65e5a9156a74-groupManagement] INFO  server.RaftServerConfigKeys (ConfUtils.java:logGet(46)) - raft.server.threadpool.server.size = 0 (default)
2023-07-16 18:57:12,699 [83d11254-7599-4cbf-9408-65e5a9156a74-groupManagement] INFO  server.RaftServerConfigKeys (ConfUtils.java:logGet(46)) - raft.server.threadpool.client.cached = true (default)
2023-07-16 18:57:12,699 [83d11254-7599-4cbf-9408-65e5a9156a74-groupManagement] INFO  server.RaftServerConfigKeys (ConfUtils.java:logGet(46)) - raft.server.threadpool.client.size = 0 (default)
2023-07-16 18:57:12,699 [83d11254-7599-4cbf-9408-65e5a9156a74-groupManagement] INFO  storage.RaftStorageDirectory (RaftStorageDirectoryImpl.java:analyzeStorage(137)) - The storage directory /home/runner/work/ozone/ozone/hadoop-ozone/integration-test/target/test-dir/MiniOzoneClusterImpl-8e52da8c-19f0-467e-9375-6950100829a3/datanode-6/data/ratis/68c2a2da-b435-4652-a078-7ac1eaaa5b8d does not exist. Creating ...
2023-07-16 18:57:12,701 [83d11254-7599-4cbf-9408-65e5a9156a74-groupManagement] INFO  storage.RaftStorageDirectory (RaftStorageDirectoryImpl.java:tryLock(231)) - Lock on /home/runner/work/ozone/ozone/hadoop-ozone/integration-test/target/test-dir/MiniOzoneClusterImpl-8e52da8c-19f0-467e-9375-6950100829a3/datanode-6/data/ratis/68c2a2da-b435-4652-a078-7ac1eaaa5b8d/in_use.lock acquired by nodename 109267@fv-az587-727
2023-07-16 18:57:12,702 [83d11254-7599-4cbf-9408-65e5a9156a74-groupManagement] INFO  storage.RaftStorage (RaftStorageImpl.java:format(96)) - Storage directory /home/runner/work/ozone/ozone/hadoop-ozone/integration-test/target/test-dir/MiniOzoneClusterImpl-8e52da8c-19f0-467e-9375-6950100829a3/datanode-6/data/ratis/68c2a2da-b435-4652-a078-7ac1eaaa5b8d has been successfully formatted.
2023-07-16 18:57:12,704 [83d11254-7599-4cbf-9408-65e5a9156a74-groupManagement] INFO  ratis.ContainerStateMachine (ContainerStateMachine.java:loadSnapshot(262)) - group-7AC1EAAA5B8D: The snapshot info is null. Setting the last applied indexto:(t:0, i:~)
2023-07-16 18:57:12,704 [83d11254-7599-4cbf-9408-65e5a9156a74-groupManagement] INFO  server.RaftServerConfigKeys (ConfUtils.java:logGet(46)) - raft.server.log.use.memory = false (default)
2023-07-16 18:57:12,704 [83d11254-7599-4cbf-9408-65e5a9156a74-groupManagement] INFO  server.RaftServerConfigKeys (ConfUtils.java:logGet(46)) - raft.server.log.purge.gap = 1000000 (custom)
2023-07-16 18:57:12,704 [83d11254-7599-4cbf-9408-65e5a9156a74-groupManagement] INFO  server.RaftServerConfigKeys (ConfUtils.java:logGet(46)) - raft.server.log.appender.buffer.byte-limit = 33554432 (custom)
2023-07-16 18:57:12,704 [83d11254-7599-4cbf-9408-65e5a9156a74-groupManagement] INFO  server.RaftServerConfigKeys (ConfUtils.java:logGet(46)) - raft.server.log.statemachine.data.read.timeout = 1000ms (default)
2023-07-16 18:57:12,704 [83d11254-7599-4cbf-9408-65e5a9156a74-groupManagement] INFO  server.RaftServerConfigKeys (ConfUtils.java:logGet(46)) - raft.server.log.purge.preservation.log.num = 0 (default)
2023-07-16 18:57:12,705 [83d11254-7599-4cbf-9408-65e5a9156a74-groupManagement] INFO  server.RaftServerConfigKeys (ConfUtils.java:logGet(46)) - raft.server.log.segment.size.max = 1048576 (custom)
2023-07-16 18:57:12,705 [83d11254-7599-4cbf-9408-65e5a9156a74-groupManagement] INFO  server.RaftServerConfigKeys (ConfUtils.java:logGet(46)) - raft.server.log.segment.cache.num.max = 2 (custom)
2023-07-16 18:57:12,705 [83d11254-7599-4cbf-9408-65e5a9156a74-groupManagement] INFO  server.RaftServerConfigKeys (ConfUtils.java:logGet(46)) - raft.server.log.segment.cache.size.max = 200MB (=209715200) (default)
2023-07-16 18:57:12,705 [83d11254-7599-4cbf-9408-65e5a9156a74-groupManagement] INFO  server.RaftServerConfigKeys (ConfUtils.java:logGet(46)) - raft.server.log.appender.buffer.byte-limit = 33554432 (custom)
2023-07-16 18:57:12,705 [83d11254-7599-4cbf-9408-65e5a9156a74-groupManagement] INFO  segmented.SegmentedRaftLogWorker (SegmentedRaftLogWorker.java:<init>(188)) - new 83d11254-7599-4cbf-9408-65e5a9156a74@group-7AC1EAAA5B8D-SegmentedRaftLogWorker for RaftStorageImpl:Storage Directory /home/runner/work/ozone/ozone/hadoop-ozone/integration-test/target/test-dir/MiniOzoneClusterImpl-8e52da8c-19f0-467e-9375-6950100829a3/datanode-6/data/ratis/68c2a2da-b435-4652-a078-7ac1eaaa5b8d
2023-07-16 18:57:12,705 [83d11254-7599-4cbf-9408-65e5a9156a74-groupManagement] INFO  server.RaftServerConfigKeys (ConfUtils.java:logGet(46)) - raft.server.log.queue.byte-limit = 4294967296 (custom)
2023-07-16 18:57:12,705 [83d11254-7599-4cbf-9408-65e5a9156a74-groupManagement] INFO  server.RaftServerConfigKeys (ConfUtils.java:logGet(46)) - raft.server.log.queue.element-limit = 1024 (custom)
2023-07-16 18:57:12,705 [83d11254-7599-4cbf-9408-65e5a9156a74-groupManagement] INFO  server.RaftServerConfigKeys (ConfUtils.java:logGet(46)) - raft.server.log.segment.size.max = 1048576 (custom)
2023-07-16 18:57:12,705 [83d11254-7599-4cbf-9408-65e5a9156a74-groupManagement] INFO  server.RaftServerConfigKeys (ConfUtils.java:logGet(46)) - raft.server.log.preallocated.size = 16384 (custom)
2023-07-16 18:57:12,706 [83d11254-7599-4cbf-9408-65e5a9156a74-groupManagement] INFO  server.RaftServerConfigKeys (ConfUtils.java:logGet(46)) - raft.server.log.force.sync.num = 128 (default)
2023-07-16 18:57:12,706 [83d11254-7599-4cbf-9408-65e5a9156a74-groupManagement] INFO  server.RaftServerConfigKeys (ConfUtils.java:logGet(46)) - raft.server.log.statemachine.data.sync = true (default)
2023-07-16 18:57:12,706 [83d11254-7599-4cbf-9408-65e5a9156a74-groupManagement] INFO  server.RaftServerConfigKeys (ConfUtils.java:logGet(46)) - raft.server.log.statemachine.data.sync.timeout = 10s (default)
2023-07-16 18:57:12,706 [83d11254-7599-4cbf-9408-65e5a9156a74-groupManagement] INFO  server.RaftServerConfigKeys (ConfUtils.java:logGet(46)) - raft.server.log.statemachine.data.sync.timeout.retry = -1 (default)
2023-07-16 18:57:12,706 [EventQueue-PipelineReportForPipelineReportHandler] INFO  pipeline.PipelineReportHandler (PipelineReportHandler.java:processPipelineReport(136)) - Opened pipeline PipelineID=68c2a2da-b435-4652-a078-7ac1eaaa5b8d
2023-07-16 18:57:12,706 [EventQueue-OpenPipelineForHealthyPipelineSafeModeRule] INFO  safemode.SCMSafeModeManager (HealthyPipelineSafeModeRule.java:process(137)) - SCM in safe mode. Healthy pipelines reported count is 0, required healthy pipeline reported count is 1
2023-07-16 18:57:12,707 [83d11254-7599-4cbf-9408-65e5a9156a74-groupManagement] INFO  server.RaftServerConfigKeys (ConfUtils.java:logGet(46)) - raft.server.log.write.buffer.size = 1048576 (custom)
2023-07-16 18:57:12,707 [83d11254-7599-4cbf-9408-65e5a9156a74-groupManagement] INFO  server.RaftServerConfigKeys (ConfUtils.java:logGet(46)) - raft.server.log.appender.buffer.byte-limit = 33554432 (custom)
2023-07-16 18:57:12,712 [83d11254-7599-4cbf-9408-65e5a9156a74-groupManagement] INFO  server.RaftServerConfigKeys (ConfUtils.java:logGet(46)) - raft.server.log.unsafe-flush.enabled = false (default)
2023-07-16 18:57:12,712 [83d11254-7599-4cbf-9408-65e5a9156a74-groupManagement] INFO  server.RaftServerConfigKeys (ConfUtils.java:logGet(46)) - raft.server.log.async-flush.enabled = false (default)
2023-07-16 18:57:12,713 [83d11254-7599-4cbf-9408-65e5a9156a74-groupManagement] INFO  server.RaftServerConfigKeys (ConfUtils.java:logGet(46)) - raft.server.log.statemachine.data.caching.enabled = true (custom)
2023-07-16 18:57:12,713 [83d11254-7599-4cbf-9408-65e5a9156a74-groupManagement] INFO  segmented.SegmentedRaftLogWorker (SegmentedRaftLogWorker.java:lambda$new$0(135)) - 83d11254-7599-4cbf-9408-65e5a9156a74@group-7AC1EAAA5B8D-SegmentedRaftLogWorker: flushIndex: setUnconditionally 0 -> -1
2023-07-16 18:57:12,713 [83d11254-7599-4cbf-9408-65e5a9156a74-groupManagement] INFO  segmented.SegmentedRaftLogWorker (SegmentedRaftLogWorker.java:lambda$new$0(135)) - 83d11254-7599-4cbf-9408-65e5a9156a74@group-7AC1EAAA5B8D-SegmentedRaftLogWorker: safeCacheEvictIndex: setUnconditionally 0 -> -1
2023-07-16 18:57:12,713 [83d11254-7599-4cbf-9408-65e5a9156a74-groupManagement] INFO  server.RaftServer$Division (RaftServerImpl.java:start(342)) - 83d11254-7599-4cbf-9408-65e5a9156a74@group-7AC1EAAA5B8D: start as a follower, conf=-1: peers:[83d11254-7599-4cbf-9408-65e5a9156a74|rpc:10.1.0.14:15068|admin:10.1.0.14:15067|client:10.1.0.14:15066|dataStream:10.1.0.14:15069|priority:1|startupRole:FOLLOWER]|listeners:[], old=null
2023-07-16 18:57:12,713 [83d11254-7599-4cbf-9408-65e5a9156a74-groupManagement] INFO  server.RaftServer$Division (RaftServerImpl.java:setRole(329)) - 83d11254-7599-4cbf-9408-65e5a9156a74@group-7AC1EAAA5B8D: changes role from      null to FOLLOWER at term 0 for startAsFollower
2023-07-16 18:57:12,713 [83d11254-7599-4cbf-9408-65e5a9156a74-groupManagement] INFO  impl.RoleInfo (RoleInfo.java:updateAndGet(139)) - 83d11254-7599-4cbf-9408-65e5a9156a74: start 83d11254-7599-4cbf-9408-65e5a9156a74@group-7AC1EAAA5B8D-FollowerState
2023-07-16 18:57:12,718 [83d11254-7599-4cbf-9408-65e5a9156a74-groupManagement] INFO  util.JmxRegister (JmxRegister.java:tryRegister(44)) - Successfully registered JMX Bean with object name Ratis:service=RaftServer,group=group-7AC1EAAA5B8D,id=83d11254-7599-4cbf-9408-65e5a9156a74
2023-07-16 18:57:12,718 [83d11254-7599-4cbf-9408-65e5a9156a74-groupManagement] INFO  server.RaftServerConfigKeys (ConfUtils.java:logGet(46)) - raft.server.snapshot.auto.trigger.enabled = true (custom)
2023-07-16 18:57:12,718 [83d11254-7599-4cbf-9408-65e5a9156a74-groupManagement] INFO  server.RaftServerConfigKeys (ConfUtils.java:logGet(46)) - raft.server.snapshot.auto.trigger.threshold = 10000 (custom)
2023-07-16 18:57:12,718 [83d11254-7599-4cbf-9408-65e5a9156a74-groupManagement] INFO  server.RaftServerConfigKeys (ConfUtils.java:logGet(46)) - raft.server.snapshot.retention.file.num = 5 (custom)
2023-07-16 18:57:12,718 [83d11254-7599-4cbf-9408-65e5a9156a74-groupManagement] INFO  server.RaftServerConfigKeys (ConfUtils.java:logGet(46)) - raft.server.log.purge.upto.snapshot.index = false (default)
2023-07-16 18:57:12,718 [83d11254-7599-4cbf-9408-65e5a9156a74@group-7AC1EAAA5B8D-FollowerState] INFO  server.RaftServerConfigKeys (ConfUtils.java:logFallback(53)) - raft.server.rpc.first-election.timeout.min = 5s (fallback to raft.server.rpc.timeout.min)
2023-07-16 18:57:12,719 [83d11254-7599-4cbf-9408-65e5a9156a74@group-7AC1EAAA5B8D-FollowerState] INFO  server.RaftServerConfigKeys (ConfUtils.java:logFallback(53)) - raft.server.rpc.first-election.timeout.max = 5200ms (fallback to raft.server.rpc.timeout.max)
2023-07-16 18:57:12,719 [PipelineCommandHandlerThread-0] INFO  ratis.XceiverServerRatis (XceiverServerRatis.java:addGroup(804)) - Created group PipelineID=68c2a2da-b435-4652-a078-7ac1eaaa5b8d
2023-07-16 18:57:12,719 [PipelineCommandHandlerThread-0] INFO  commandhandler.CreatePipelineCommandHandler (CreatePipelineCommandHandler.java:lambda$handle$2(124)) - Created Pipeline RATIS ONE PipelineID=68c2a2da-b435-4652-a078-7ac1eaaa5b8d.
2023-07-16 18:57:12,719 [PipelineCommandHandlerThread-0] INFO  server.RaftServer (RaftServerProxy.java:addNew(98)) - 83d11254-7599-4cbf-9408-65e5a9156a74: addNew group-02AEF562936D:[2d677a35-33b0-4d15-8cfd-318274acedab|rpc:10.1.0.14:15077|admin:10.1.0.14:15076|client:10.1.0.14:15075|dataStream:10.1.0.14:15078|priority:0|startupRole:FOLLOWER, 6a04ed34-8094-474b-9acd-b8edff3f6d46|rpc:10.1.0.14:15086|admin:10.1.0.14:15085|client:10.1.0.14:15084|dataStream:10.1.0.14:15087|priority:1|startupRole:FOLLOWER, 83d11254-7599-4cbf-9408-65e5a9156a74|rpc:10.1.0.14:15068|admin:10.1.0.14:15067|client:10.1.0.14:15066|dataStream:10.1.0.14:15069|priority:0|startupRole:FOLLOWER] returns group-02AEF562936D:java.util.concurrent.CompletableFuture@4466769e[Not completed]
2023-07-16 18:57:12,721 [83d11254-7599-4cbf-9408-65e5a9156a74-groupManagement] INFO  server.RaftServer$Division (RaftServerImpl.java:<init>(198)) - 83d11254-7599-4cbf-9408-65e5a9156a74: new RaftServerImpl for group-02AEF562936D:[2d677a35-33b0-4d15-8cfd-318274acedab|rpc:10.1.0.14:15077|admin:10.1.0.14:15076|client:10.1.0.14:15075|dataStream:10.1.0.14:15078|priority:0|startupRole:FOLLOWER, 6a04ed34-8094-474b-9acd-b8edff3f6d46|rpc:10.1.0.14:15086|admin:10.1.0.14:15085|client:10.1.0.14:15084|dataStream:10.1.0.14:15087|priority:1|startupRole:FOLLOWER, 83d11254-7599-4cbf-9408-65e5a9156a74|rpc:10.1.0.14:15068|admin:10.1.0.14:15067|client:10.1.0.14:15066|dataStream:10.1.0.14:15069|priority:0|startupRole:FOLLOWER] with ContainerStateMachine:uninitialized
2023-07-16 18:57:12,721 [83d11254-7599-4cbf-9408-65e5a9156a74-groupManagement] INFO  server.RaftServerConfigKeys (ConfUtils.java:logGet(46)) - raft.server.rpc.timeout.min = 5s (custom)
2023-07-16 18:57:12,721 [83d11254-7599-4cbf-9408-65e5a9156a74-groupManagement] INFO  server.RaftServerConfigKeys (ConfUtils.java:logGet(46)) - raft.server.rpc.timeout.max = 5200ms (custom)
2023-07-16 18:57:12,722 [83d11254-7599-4cbf-9408-65e5a9156a74-groupManagement] INFO  server.RaftServerConfigKeys (ConfUtils.java:logGet(46)) - raft.server.rpc.sleep.time = 25ms (default)
2023-07-16 18:57:12,722 [83d11254-7599-4cbf-9408-65e5a9156a74-groupManagement] INFO  server.RaftServerConfigKeys (ConfUtils.java:logGet(46)) - raft.server.rpc.slowness.timeout = 300s (custom)
2023-07-16 18:57:12,722 [83d11254-7599-4cbf-9408-65e5a9156a74-groupManagement] INFO  server.RaftServerConfigKeys (ConfUtils.java:logGet(46)) - raft.server.leaderelection.leader.step-down.wait-time = 10s (default)
2023-07-16 18:57:12,722 [83d11254-7599-4cbf-9408-65e5a9156a74-groupManagement] INFO  server.RaftServerConfigKeys (ConfUtils.java:logGet(46)) - raft.server.sleep.deviation.threshold = 300ms (default)
2023-07-16 18:57:12,722 [83d11254-7599-4cbf-9408-65e5a9156a74-groupManagement] INFO  server.RaftServer$Division (ServerState.java:<init>(120)) - 83d11254-7599-4cbf-9408-65e5a9156a74@group-02AEF562936D: ConfigurationManager, init=-1: peers:[2d677a35-33b0-4d15-8cfd-318274acedab|rpc:10.1.0.14:15077|admin:10.1.0.14:15076|client:10.1.0.14:15075|dataStream:10.1.0.14:15078|priority:0|startupRole:FOLLOWER, 6a04ed34-8094-474b-9acd-b8edff3f6d46|rpc:10.1.0.14:15086|admin:10.1.0.14:15085|client:10.1.0.14:15084|dataStream:10.1.0.14:15087|priority:1|startupRole:FOLLOWER, 83d11254-7599-4cbf-9408-65e5a9156a74|rpc:10.1.0.14:15068|admin:10.1.0.14:15067|client:10.1.0.14:15066|dataStream:10.1.0.14:15069|priority:0|startupRole:FOLLOWER]|listeners:[], old=null, confs=<EMPTY_MAP>
2023-07-16 18:57:12,722 [83d11254-7599-4cbf-9408-65e5a9156a74-groupManagement] INFO  server.RaftServerConfigKeys (ConfUtils.java:logGet(46)) - raft.server.storage.dir = [/home/runner/work/ozone/ozone/hadoop-ozone/integration-test/target/test-dir/MiniOzoneClusterImpl-8e52da8c-19f0-467e-9375-6950100829a3/datanode-6/data/ratis] (custom)
2023-07-16 18:57:12,722 [83d11254-7599-4cbf-9408-65e5a9156a74-groupManagement] INFO  server.RaftServerConfigKeys (ConfUtils.java:logGet(46)) - raft.server.log.corruption.policy = EXCEPTION (default)
2023-07-16 18:57:12,722 [83d11254-7599-4cbf-9408-65e5a9156a74-groupManagement] INFO  server.RaftServerConfigKeys (ConfUtils.java:logGet(46)) - raft.server.storage.free-space.min = 0MB (=0) (default)
2023-07-16 18:57:12,722 [83d11254-7599-4cbf-9408-65e5a9156a74-groupManagement] INFO  server.RaftServerConfigKeys (ConfUtils.java:logGet(46)) - raft.server.notification.no-leader.timeout = 300s (custom)
2023-07-16 18:57:12,722 [83d11254-7599-4cbf-9408-65e5a9156a74-groupManagement] INFO  server.RaftServerConfigKeys (ConfUtils.java:logGet(46)) - raft.server.read.timeout = 10s (default)
2023-07-16 18:57:12,722 [83d11254-7599-4cbf-9408-65e5a9156a74-groupManagement] INFO  server.RaftServerConfigKeys (ConfUtils.java:logGet(46)) - raft.server.retrycache.expirytime = 600000ms (custom)
2023-07-16 18:57:12,722 [83d11254-7599-4cbf-9408-65e5a9156a74-groupManagement] INFO  server.RaftServerConfigKeys (ConfUtils.java:logGet(46)) - raft.server.retrycache.statistics.expirytime = 100μs (default)
2023-07-16 18:57:12,722 [83d11254-7599-4cbf-9408-65e5a9156a74-groupManagement] INFO  server.RaftServerConfigKeys (ConfUtils.java:logGet(46)) - raft.server.read.option = DEFAULT (default)
2023-07-16 18:57:12,723 [83d11254-7599-4cbf-9408-65e5a9156a74-groupManagement] INFO  server.RaftServerConfigKeys (ConfUtils.java:logGet(46)) - raft.server.rpc.request.timeout = 60s (custom)
2023-07-16 18:57:12,723 [83d11254-7599-4cbf-9408-65e5a9156a74-groupManagement] INFO  server.RaftServerConfigKeys (ConfUtils.java:logGet(46)) - raft.server.log.appender.install.snapshot.enabled = false (custom)
2023-07-16 18:57:12,724 [83d11254-7599-4cbf-9408-65e5a9156a74-groupManagement] INFO  server.RaftServerConfigKeys (ConfUtils.java:logGet(46)) - raft.server.threadpool.server.cached = true (default)
2023-07-16 18:57:12,724 [83d11254-7599-4cbf-9408-65e5a9156a74-groupManagement] INFO  server.RaftServerConfigKeys (ConfUtils.java:logGet(46)) - raft.server.threadpool.server.size = 0 (default)
2023-07-16 18:57:12,724 [83d11254-7599-4cbf-9408-65e5a9156a74-groupManagement] INFO  server.RaftServerConfigKeys (ConfUtils.java:logGet(46)) - raft.server.threadpool.client.cached = true (default)
2023-07-16 18:57:12,724 [83d11254-7599-4cbf-9408-65e5a9156a74-groupManagement] INFO  server.RaftServerConfigKeys (ConfUtils.java:logGet(46)) - raft.server.threadpool.client.size = 0 (default)
2023-07-16 18:57:12,724 [83d11254-7599-4cbf-9408-65e5a9156a74-groupManagement] INFO  storage.RaftStorageDirectory (RaftStorageDirectoryImpl.java:analyzeStorage(137)) - The storage directory /home/runner/work/ozone/ozone/hadoop-ozone/integration-test/target/test-dir/MiniOzoneClusterImpl-8e52da8c-19f0-467e-9375-6950100829a3/datanode-6/data/ratis/3b8ba39d-10d1-403b-8c95-02aef562936d does not exist. Creating ...
2023-07-16 18:57:12,725 [83d11254-7599-4cbf-9408-65e5a9156a74-groupManagement] INFO  storage.RaftStorageDirectory (RaftStorageDirectoryImpl.java:tryLock(231)) - Lock on /home/runner/work/ozone/ozone/hadoop-ozone/integration-test/target/test-dir/MiniOzoneClusterImpl-8e52da8c-19f0-467e-9375-6950100829a3/datanode-6/data/ratis/3b8ba39d-10d1-403b-8c95-02aef562936d/in_use.lock acquired by nodename 109267@fv-az587-727
2023-07-16 18:57:12,728 [83d11254-7599-4cbf-9408-65e5a9156a74-groupManagement] INFO  storage.RaftStorage (RaftStorageImpl.java:format(96)) - Storage directory /home/runner/work/ozone/ozone/hadoop-ozone/integration-test/target/test-dir/MiniOzoneClusterImpl-8e52da8c-19f0-467e-9375-6950100829a3/datanode-6/data/ratis/3b8ba39d-10d1-403b-8c95-02aef562936d has been successfully formatted.
2023-07-16 18:57:12,731 [EventQueue-OpenPipelineForHealthyPipelineSafeModeRule] INFO  safemode.SCMSafeModeManager (HealthyPipelineSafeModeRule.java:process(137)) - SCM in safe mode. Healthy pipelines reported count is 0, required healthy pipeline reported count is 1
2023-07-16 18:57:12,733 [83d11254-7599-4cbf-9408-65e5a9156a74-groupManagement] INFO  ratis.ContainerStateMachine (ContainerStateMachine.java:loadSnapshot(262)) - group-02AEF562936D: The snapshot info is null. Setting the last applied indexto:(t:0, i:~)
2023-07-16 18:57:12,733 [83d11254-7599-4cbf-9408-65e5a9156a74-groupManagement] INFO  server.RaftServerConfigKeys (ConfUtils.java:logGet(46)) - raft.server.log.use.memory = false (default)
2023-07-16 18:57:12,733 [83d11254-7599-4cbf-9408-65e5a9156a74-groupManagement] INFO  server.RaftServerConfigKeys (ConfUtils.java:logGet(46)) - raft.server.log.purge.gap = 1000000 (custom)
2023-07-16 18:57:12,733 [83d11254-7599-4cbf-9408-65e5a9156a74-groupManagement] INFO  server.RaftServerConfigKeys (ConfUtils.java:logGet(46)) - raft.server.log.appender.buffer.byte-limit = 33554432 (custom)
2023-07-16 18:57:12,733 [83d11254-7599-4cbf-9408-65e5a9156a74-groupManagement] INFO  server.RaftServerConfigKeys (ConfUtils.java:logGet(46)) - raft.server.log.statemachine.data.read.timeout = 1000ms (default)
2023-07-16 18:57:12,733 [83d11254-7599-4cbf-9408-65e5a9156a74-groupManagement] INFO  server.RaftServerConfigKeys (ConfUtils.java:logGet(46)) - raft.server.log.purge.preservation.log.num = 0 (default)
2023-07-16 18:57:12,734 [83d11254-7599-4cbf-9408-65e5a9156a74-groupManagement] INFO  server.RaftServerConfigKeys (ConfUtils.java:logGet(46)) - raft.server.log.segment.size.max = 1048576 (custom)
2023-07-16 18:57:12,734 [83d11254-7599-4cbf-9408-65e5a9156a74-groupManagement] INFO  server.RaftServerConfigKeys (ConfUtils.java:logGet(46)) - raft.server.log.segment.cache.num.max = 2 (custom)
2023-07-16 18:57:12,735 [83d11254-7599-4cbf-9408-65e5a9156a74-groupManagement] INFO  server.RaftServerConfigKeys (ConfUtils.java:logGet(46)) - raft.server.log.segment.cache.size.max = 200MB (=209715200) (default)
2023-07-16 18:57:12,735 [83d11254-7599-4cbf-9408-65e5a9156a74-groupManagement] INFO  server.RaftServerConfigKeys (ConfUtils.java:logGet(46)) - raft.server.log.appender.buffer.byte-limit = 33554432 (custom)
2023-07-16 18:57:12,735 [83d11254-7599-4cbf-9408-65e5a9156a74-groupManagement] INFO  segmented.SegmentedRaftLogWorker (SegmentedRaftLogWorker.java:<init>(188)) - new 83d11254-7599-4cbf-9408-65e5a9156a74@group-02AEF562936D-SegmentedRaftLogWorker for RaftStorageImpl:Storage Directory /home/runner/work/ozone/ozone/hadoop-ozone/integration-test/target/test-dir/MiniOzoneClusterImpl-8e52da8c-19f0-467e-9375-6950100829a3/datanode-6/data/ratis/3b8ba39d-10d1-403b-8c95-02aef562936d
2023-07-16 18:57:12,735 [83d11254-7599-4cbf-9408-65e5a9156a74-groupManagement] INFO  server.RaftServerConfigKeys (ConfUtils.java:logGet(46)) - raft.server.log.queue.byte-limit = 4294967296 (custom)
2023-07-16 18:57:12,735 [83d11254-7599-4cbf-9408-65e5a9156a74-groupManagement] INFO  server.RaftServerConfigKeys (ConfUtils.java:logGet(46)) - raft.server.log.queue.element-limit = 1024 (custom)
2023-07-16 18:57:12,735 [83d11254-7599-4cbf-9408-65e5a9156a74-groupManagement] INFO  server.RaftServerConfigKeys (ConfUtils.java:logGet(46)) - raft.server.log.segment.size.max = 1048576 (custom)
2023-07-16 18:57:12,736 [83d11254-7599-4cbf-9408-65e5a9156a74-groupManagement] INFO  server.RaftServerConfigKeys (ConfUtils.java:logGet(46)) - raft.server.log.preallocated.size = 16384 (custom)
2023-07-16 18:57:12,737 [83d11254-7599-4cbf-9408-65e5a9156a74-groupManagement] INFO  server.RaftServerConfigKeys (ConfUtils.java:logGet(46)) - raft.server.log.force.sync.num = 128 (default)
2023-07-16 18:57:12,737 [83d11254-7599-4cbf-9408-65e5a9156a74-groupManagement] INFO  server.RaftServerConfigKeys (ConfUtils.java:logGet(46)) - raft.server.log.statemachine.data.sync = true (default)
2023-07-16 18:57:12,737 [83d11254-7599-4cbf-9408-65e5a9156a74-groupManagement] INFO  server.RaftServerConfigKeys (ConfUtils.java:logGet(46)) - raft.server.log.statemachine.data.sync.timeout = 10s (default)
2023-07-16 18:57:12,737 [83d11254-7599-4cbf-9408-65e5a9156a74-groupManagement] INFO  server.RaftServerConfigKeys (ConfUtils.java:logGet(46)) - raft.server.log.statemachine.data.sync.timeout.retry = -1 (default)
2023-07-16 18:57:12,741 [83d11254-7599-4cbf-9408-65e5a9156a74-groupManagement] INFO  server.RaftServerConfigKeys (ConfUtils.java:logGet(46)) - raft.server.log.write.buffer.size = 1048576 (custom)
2023-07-16 18:57:12,743 [83d11254-7599-4cbf-9408-65e5a9156a74-groupManagement] INFO  server.RaftServerConfigKeys (ConfUtils.java:logGet(46)) - raft.server.log.appender.buffer.byte-limit = 33554432 (custom)
2023-07-16 18:57:12,750 [83d11254-7599-4cbf-9408-65e5a9156a74-groupManagement] INFO  server.RaftServerConfigKeys (ConfUtils.java:logGet(46)) - raft.server.log.unsafe-flush.enabled = false (default)
2023-07-16 18:57:12,750 [83d11254-7599-4cbf-9408-65e5a9156a74-groupManagement] INFO  server.RaftServerConfigKeys (ConfUtils.java:logGet(46)) - raft.server.log.async-flush.enabled = false (default)
2023-07-16 18:57:12,750 [83d11254-7599-4cbf-9408-65e5a9156a74-groupManagement] INFO  server.RaftServerConfigKeys (ConfUtils.java:logGet(46)) - raft.server.log.statemachine.data.caching.enabled = true (custom)
2023-07-16 18:57:12,750 [83d11254-7599-4cbf-9408-65e5a9156a74-groupManagement] INFO  segmented.SegmentedRaftLogWorker (SegmentedRaftLogWorker.java:lambda$new$0(135)) - 83d11254-7599-4cbf-9408-65e5a9156a74@group-02AEF562936D-SegmentedRaftLogWorker: flushIndex: setUnconditionally 0 -> -1
2023-07-16 18:57:12,751 [83d11254-7599-4cbf-9408-65e5a9156a74-groupManagement] INFO  segmented.SegmentedRaftLogWorker (SegmentedRaftLogWorker.java:lambda$new$0(135)) - 83d11254-7599-4cbf-9408-65e5a9156a74@group-02AEF562936D-SegmentedRaftLogWorker: safeCacheEvictIndex: setUnconditionally 0 -> -1
2023-07-16 18:57:12,751 [83d11254-7599-4cbf-9408-65e5a9156a74-groupManagement] INFO  server.RaftServer$Division (RaftServerImpl.java:start(342)) - 83d11254-7599-4cbf-9408-65e5a9156a74@group-02AEF562936D: start as a follower, conf=-1: peers:[2d677a35-33b0-4d15-8cfd-318274acedab|rpc:10.1.0.14:15077|admin:10.1.0.14:15076|client:10.1.0.14:15075|dataStream:10.1.0.14:15078|priority:0|startupRole:FOLLOWER, 6a04ed34-8094-474b-9acd-b8edff3f6d46|rpc:10.1.0.14:15086|admin:10.1.0.14:15085|client:10.1.0.14:15084|dataStream:10.1.0.14:15087|priority:1|startupRole:FOLLOWER, 83d11254-7599-4cbf-9408-65e5a9156a74|rpc:10.1.0.14:15068|admin:10.1.0.14:15067|client:10.1.0.14:15066|dataStream:10.1.0.14:15069|priority:0|startupRole:FOLLOWER]|listeners:[], old=null
2023-07-16 18:57:12,751 [83d11254-7599-4cbf-9408-65e5a9156a74-groupManagement] INFO  server.RaftServer$Division (RaftServerImpl.java:setRole(329)) - 83d11254-7599-4cbf-9408-65e5a9156a74@group-02AEF562936D: changes role from      null to FOLLOWER at term 0 for startAsFollower
2023-07-16 18:57:12,751 [83d11254-7599-4cbf-9408-65e5a9156a74-groupManagement] INFO  impl.RoleInfo (RoleInfo.java:updateAndGet(139)) - 83d11254-7599-4cbf-9408-65e5a9156a74: start 83d11254-7599-4cbf-9408-65e5a9156a74@group-02AEF562936D-FollowerState
2023-07-16 18:57:12,755 [83d11254-7599-4cbf-9408-65e5a9156a74-groupManagement] INFO  util.JmxRegister (JmxRegister.java:tryRegister(44)) - Successfully registered JMX Bean with object name Ratis:service=RaftServer,group=group-02AEF562936D,id=83d11254-7599-4cbf-9408-65e5a9156a74
2023-07-16 18:57:12,755 [83d11254-7599-4cbf-9408-65e5a9156a74-groupManagement] INFO  server.RaftServerConfigKeys (ConfUtils.java:logGet(46)) - raft.server.snapshot.auto.trigger.enabled = true (custom)
2023-07-16 18:57:12,755 [83d11254-7599-4cbf-9408-65e5a9156a74-groupManagement] INFO  server.RaftServerConfigKeys (ConfUtils.java:logGet(46)) - raft.server.snapshot.auto.trigger.threshold = 10000 (custom)
2023-07-16 18:57:12,755 [83d11254-7599-4cbf-9408-65e5a9156a74-groupManagement] INFO  server.RaftServerConfigKeys (ConfUtils.java:logGet(46)) - raft.server.snapshot.retention.file.num = 5 (custom)
2023-07-16 18:57:12,755 [83d11254-7599-4cbf-9408-65e5a9156a74-groupManagement] INFO  server.RaftServerConfigKeys (ConfUtils.java:logGet(46)) - raft.server.log.purge.upto.snapshot.index = false (default)
2023-07-16 18:57:12,756 [83d11254-7599-4cbf-9408-65e5a9156a74@group-02AEF562936D-FollowerState] INFO  server.RaftServerConfigKeys (ConfUtils.java:logFallback(53)) - raft.server.rpc.first-election.timeout.min = 5s (fallback to raft.server.rpc.timeout.min)
2023-07-16 18:57:12,756 [83d11254-7599-4cbf-9408-65e5a9156a74@group-02AEF562936D-FollowerState] INFO  server.RaftServerConfigKeys (ConfUtils.java:logFallback(53)) - raft.server.rpc.first-election.timeout.max = 5200ms (fallback to raft.server.rpc.timeout.max)
2023-07-16 18:57:12,760 [PipelineCommandHandlerThread-0] INFO  ratis.XceiverServerRatis (XceiverServerRatis.java:addGroup(804)) - Created group PipelineID=3b8ba39d-10d1-403b-8c95-02aef562936d
2023-07-16 18:57:12,788 [grpc-default-executor-1] INFO  server.RaftServer (RaftServerProxy.java:addNew(98)) - 6a04ed34-8094-474b-9acd-b8edff3f6d46: addNew group-02AEF562936D:[2d677a35-33b0-4d15-8cfd-318274acedab|rpc:10.1.0.14:15077|admin:10.1.0.14:15076|client:10.1.0.14:15075|dataStream:10.1.0.14:15078|priority:0|startupRole:FOLLOWER, 6a04ed34-8094-474b-9acd-b8edff3f6d46|rpc:10.1.0.14:15086|admin:10.1.0.14:15085|client:10.1.0.14:15084|dataStream:10.1.0.14:15087|priority:1|startupRole:FOLLOWER, 83d11254-7599-4cbf-9408-65e5a9156a74|rpc:10.1.0.14:15068|admin:10.1.0.14:15067|client:10.1.0.14:15066|dataStream:10.1.0.14:15069|priority:0|startupRole:FOLLOWER] returns group-02AEF562936D:java.util.concurrent.CompletableFuture@3df4a55e[Not completed]
2023-07-16 18:57:12,796 [6a04ed34-8094-474b-9acd-b8edff3f6d46-groupManagement] INFO  server.RaftServer$Division (RaftServerImpl.java:<init>(198)) - 6a04ed34-8094-474b-9acd-b8edff3f6d46: new RaftServerImpl for group-02AEF562936D:[2d677a35-33b0-4d15-8cfd-318274acedab|rpc:10.1.0.14:15077|admin:10.1.0.14:15076|client:10.1.0.14:15075|dataStream:10.1.0.14:15078|priority:0|startupRole:FOLLOWER, 6a04ed34-8094-474b-9acd-b8edff3f6d46|rpc:10.1.0.14:15086|admin:10.1.0.14:15085|client:10.1.0.14:15084|dataStream:10.1.0.14:15087|priority:1|startupRole:FOLLOWER, 83d11254-7599-4cbf-9408-65e5a9156a74|rpc:10.1.0.14:15068|admin:10.1.0.14:15067|client:10.1.0.14:15066|dataStream:10.1.0.14:15069|priority:0|startupRole:FOLLOWER] with ContainerStateMachine:uninitialized
2023-07-16 18:57:12,796 [6a04ed34-8094-474b-9acd-b8edff3f6d46-groupManagement] INFO  server.RaftServerConfigKeys (ConfUtils.java:logGet(46)) - raft.server.rpc.timeout.min = 5s (custom)
2023-07-16 18:57:12,796 [6a04ed34-8094-474b-9acd-b8edff3f6d46-groupManagement] INFO  server.RaftServerConfigKeys (ConfUtils.java:logGet(46)) - raft.server.rpc.timeout.max = 5200ms (custom)
2023-07-16 18:57:12,796 [6a04ed34-8094-474b-9acd-b8edff3f6d46-groupManagement] INFO  server.RaftServerConfigKeys (ConfUtils.java:logGet(46)) - raft.server.rpc.sleep.time = 25ms (default)
2023-07-16 18:57:12,796 [6a04ed34-8094-474b-9acd-b8edff3f6d46-groupManagement] INFO  server.RaftServerConfigKeys (ConfUtils.java:logGet(46)) - raft.server.rpc.slowness.timeout = 300s (custom)
2023-07-16 18:57:12,796 [6a04ed34-8094-474b-9acd-b8edff3f6d46-groupManagement] INFO  server.RaftServerConfigKeys (ConfUtils.java:logGet(46)) - raft.server.leaderelection.leader.step-down.wait-time = 10s (default)
2023-07-16 18:57:12,796 [6a04ed34-8094-474b-9acd-b8edff3f6d46-groupManagement] INFO  server.RaftServerConfigKeys (ConfUtils.java:logGet(46)) - raft.server.sleep.deviation.threshold = 300ms (default)
2023-07-16 18:57:12,796 [6a04ed34-8094-474b-9acd-b8edff3f6d46-groupManagement] INFO  server.RaftServer$Division (ServerState.java:<init>(120)) - 6a04ed34-8094-474b-9acd-b8edff3f6d46@group-02AEF562936D: ConfigurationManager, init=-1: peers:[2d677a35-33b0-4d15-8cfd-318274acedab|rpc:10.1.0.14:15077|admin:10.1.0.14:15076|client:10.1.0.14:15075|dataStream:10.1.0.14:15078|priority:0|startupRole:FOLLOWER, 6a04ed34-8094-474b-9acd-b8edff3f6d46|rpc:10.1.0.14:15086|admin:10.1.0.14:15085|client:10.1.0.14:15084|dataStream:10.1.0.14:15087|priority:1|startupRole:FOLLOWER, 83d11254-7599-4cbf-9408-65e5a9156a74|rpc:10.1.0.14:15068|admin:10.1.0.14:15067|client:10.1.0.14:15066|dataStream:10.1.0.14:15069|priority:0|startupRole:FOLLOWER]|listeners:[], old=null, confs=<EMPTY_MAP>
2023-07-16 18:57:12,796 [6a04ed34-8094-474b-9acd-b8edff3f6d46-groupManagement] INFO  server.RaftServerConfigKeys (ConfUtils.java:logGet(46)) - raft.server.storage.dir = [/home/runner/work/ozone/ozone/hadoop-ozone/integration-test/target/test-dir/MiniOzoneClusterImpl-8e52da8c-19f0-467e-9375-6950100829a3/datanode-8/data/ratis] (custom)
2023-07-16 18:57:12,797 [6a04ed34-8094-474b-9acd-b8edff3f6d46-groupManagement] INFO  server.RaftServerConfigKeys (ConfUtils.java:logGet(46)) - raft.server.log.corruption.policy = EXCEPTION (default)
2023-07-16 18:57:12,797 [6a04ed34-8094-474b-9acd-b8edff3f6d46-groupManagement] INFO  server.RaftServerConfigKeys (ConfUtils.java:logGet(46)) - raft.server.storage.free-space.min = 0MB (=0) (default)
2023-07-16 18:57:12,797 [6a04ed34-8094-474b-9acd-b8edff3f6d46-groupManagement] INFO  server.RaftServerConfigKeys (ConfUtils.java:logGet(46)) - raft.server.notification.no-leader.timeout = 300s (custom)
2023-07-16 18:57:12,797 [6a04ed34-8094-474b-9acd-b8edff3f6d46-groupManagement] INFO  server.RaftServerConfigKeys (ConfUtils.java:logGet(46)) - raft.server.read.timeout = 10s (default)
2023-07-16 18:57:12,797 [6a04ed34-8094-474b-9acd-b8edff3f6d46-groupManagement] INFO  server.RaftServerConfigKeys (ConfUtils.java:logGet(46)) - raft.server.retrycache.expirytime = 600000ms (custom)
2023-07-16 18:57:12,797 [6a04ed34-8094-474b-9acd-b8edff3f6d46-groupManagement] INFO  server.RaftServerConfigKeys (ConfUtils.java:logGet(46)) - raft.server.retrycache.statistics.expirytime = 100μs (default)
2023-07-16 18:57:12,797 [6a04ed34-8094-474b-9acd-b8edff3f6d46-groupManagement] INFO  server.RaftServerConfigKeys (ConfUtils.java:logGet(46)) - raft.server.read.option = DEFAULT (default)
2023-07-16 18:57:12,801 [6a04ed34-8094-474b-9acd-b8edff3f6d46-groupManagement] INFO  server.RaftServerConfigKeys (ConfUtils.java:logGet(46)) - raft.server.rpc.request.timeout = 60s (custom)
2023-07-16 18:57:12,801 [6a04ed34-8094-474b-9acd-b8edff3f6d46-groupManagement] INFO  server.RaftServerConfigKeys (ConfUtils.java:logGet(46)) - raft.server.log.appender.install.snapshot.enabled = false (custom)
2023-07-16 18:57:12,801 [6a04ed34-8094-474b-9acd-b8edff3f6d46-groupManagement] INFO  server.RaftServerConfigKeys (ConfUtils.java:logGet(46)) - raft.server.threadpool.server.cached = true (default)
2023-07-16 18:57:12,801 [6a04ed34-8094-474b-9acd-b8edff3f6d46-groupManagement] INFO  server.RaftServerConfigKeys (ConfUtils.java:logGet(46)) - raft.server.threadpool.server.size = 0 (default)
2023-07-16 18:57:12,801 [6a04ed34-8094-474b-9acd-b8edff3f6d46-groupManagement] INFO  server.RaftServerConfigKeys (ConfUtils.java:logGet(46)) - raft.server.threadpool.client.cached = true (default)
2023-07-16 18:57:12,801 [6a04ed34-8094-474b-9acd-b8edff3f6d46-groupManagement] INFO  server.RaftServerConfigKeys (ConfUtils.java:logGet(46)) - raft.server.threadpool.client.size = 0 (default)
2023-07-16 18:57:12,805 [6a04ed34-8094-474b-9acd-b8edff3f6d46-groupManagement] INFO  storage.RaftStorageDirectory (RaftStorageDirectoryImpl.java:analyzeStorage(137)) - The storage directory /home/runner/work/ozone/ozone/hadoop-ozone/integration-test/target/test-dir/MiniOzoneClusterImpl-8e52da8c-19f0-467e-9375-6950100829a3/datanode-8/data/ratis/3b8ba39d-10d1-403b-8c95-02aef562936d does not exist. Creating ...
2023-07-16 18:57:12,807 [6a04ed34-8094-474b-9acd-b8edff3f6d46-groupManagement] INFO  storage.RaftStorageDirectory (RaftStorageDirectoryImpl.java:tryLock(231)) - Lock on /home/runner/work/ozone/ozone/hadoop-ozone/integration-test/target/test-dir/MiniOzoneClusterImpl-8e52da8c-19f0-467e-9375-6950100829a3/datanode-8/data/ratis/3b8ba39d-10d1-403b-8c95-02aef562936d/in_use.lock acquired by nodename 109267@fv-az587-727
2023-07-16 18:57:12,809 [6a04ed34-8094-474b-9acd-b8edff3f6d46-groupManagement] INFO  storage.RaftStorage (RaftStorageImpl.java:format(96)) - Storage directory /home/runner/work/ozone/ozone/hadoop-ozone/integration-test/target/test-dir/MiniOzoneClusterImpl-8e52da8c-19f0-467e-9375-6950100829a3/datanode-8/data/ratis/3b8ba39d-10d1-403b-8c95-02aef562936d has been successfully formatted.
2023-07-16 18:57:12,811 [6a04ed34-8094-474b-9acd-b8edff3f6d46-groupManagement] INFO  ratis.ContainerStateMachine (ContainerStateMachine.java:loadSnapshot(262)) - group-02AEF562936D: The snapshot info is null. Setting the last applied indexto:(t:0, i:~)
2023-07-16 18:57:12,811 [6a04ed34-8094-474b-9acd-b8edff3f6d46-groupManagement] INFO  server.RaftServerConfigKeys (ConfUtils.java:logGet(46)) - raft.server.log.use.memory = false (default)
2023-07-16 18:57:12,812 [6a04ed34-8094-474b-9acd-b8edff3f6d46-groupManagement] INFO  server.RaftServerConfigKeys (ConfUtils.java:logGet(46)) - raft.server.log.purge.gap = 1000000 (custom)
2023-07-16 18:57:12,812 [6a04ed34-8094-474b-9acd-b8edff3f6d46-groupManagement] INFO  server.RaftServerConfigKeys (ConfUtils.java:logGet(46)) - raft.server.log.appender.buffer.byte-limit = 33554432 (custom)
2023-07-16 18:57:12,812 [6a04ed34-8094-474b-9acd-b8edff3f6d46-groupManagement] INFO  server.RaftServerConfigKeys (ConfUtils.java:logGet(46)) - raft.server.log.statemachine.data.read.timeout = 1000ms (default)
2023-07-16 18:57:12,812 [6a04ed34-8094-474b-9acd-b8edff3f6d46-groupManagement] INFO  server.RaftServerConfigKeys (ConfUtils.java:logGet(46)) - raft.server.log.purge.preservation.log.num = 0 (default)
2023-07-16 18:57:12,812 [6a04ed34-8094-474b-9acd-b8edff3f6d46-groupManagement] INFO  server.RaftServerConfigKeys (ConfUtils.java:logGet(46)) - raft.server.log.segment.size.max = 1048576 (custom)
2023-07-16 18:57:12,813 [6a04ed34-8094-474b-9acd-b8edff3f6d46-groupManagement] INFO  server.RaftServerConfigKeys (ConfUtils.java:logGet(46)) - raft.server.log.segment.cache.num.max = 2 (custom)
2023-07-16 18:57:12,813 [6a04ed34-8094-474b-9acd-b8edff3f6d46-groupManagement] INFO  server.RaftServerConfigKeys (ConfUtils.java:logGet(46)) - raft.server.log.segment.cache.size.max = 200MB (=209715200) (default)
2023-07-16 18:57:12,813 [6a04ed34-8094-474b-9acd-b8edff3f6d46-groupManagement] INFO  server.RaftServerConfigKeys (ConfUtils.java:logGet(46)) - raft.server.log.appender.buffer.byte-limit = 33554432 (custom)
2023-07-16 18:57:12,813 [6a04ed34-8094-474b-9acd-b8edff3f6d46-groupManagement] INFO  segmented.SegmentedRaftLogWorker (SegmentedRaftLogWorker.java:<init>(188)) - new 6a04ed34-8094-474b-9acd-b8edff3f6d46@group-02AEF562936D-SegmentedRaftLogWorker for RaftStorageImpl:Storage Directory /home/runner/work/ozone/ozone/hadoop-ozone/integration-test/target/test-dir/MiniOzoneClusterImpl-8e52da8c-19f0-467e-9375-6950100829a3/datanode-8/data/ratis/3b8ba39d-10d1-403b-8c95-02aef562936d
2023-07-16 18:57:12,813 [6a04ed34-8094-474b-9acd-b8edff3f6d46-groupManagement] INFO  server.RaftServerConfigKeys (ConfUtils.java:logGet(46)) - raft.server.log.queue.byte-limit = 4294967296 (custom)
2023-07-16 18:57:12,813 [6a04ed34-8094-474b-9acd-b8edff3f6d46-groupManagement] INFO  server.RaftServerConfigKeys (ConfUtils.java:logGet(46)) - raft.server.log.queue.element-limit = 1024 (custom)
2023-07-16 18:57:12,813 [6a04ed34-8094-474b-9acd-b8edff3f6d46-groupManagement] INFO  server.RaftServerConfigKeys (ConfUtils.java:logGet(46)) - raft.server.log.segment.size.max = 1048576 (custom)
2023-07-16 18:57:12,813 [6a04ed34-8094-474b-9acd-b8edff3f6d46-groupManagement] INFO  server.RaftServerConfigKeys (ConfUtils.java:logGet(46)) - raft.server.log.preallocated.size = 16384 (custom)
2023-07-16 18:57:12,813 [6a04ed34-8094-474b-9acd-b8edff3f6d46-groupManagement] INFO  server.RaftServerConfigKeys (ConfUtils.java:logGet(46)) - raft.server.log.force.sync.num = 128 (default)
2023-07-16 18:57:12,813 [6a04ed34-8094-474b-9acd-b8edff3f6d46-groupManagement] INFO  server.RaftServerConfigKeys (ConfUtils.java:logGet(46)) - raft.server.log.statemachine.data.sync = true (default)
2023-07-16 18:57:12,814 [6a04ed34-8094-474b-9acd-b8edff3f6d46-groupManagement] INFO  server.RaftServerConfigKeys (ConfUtils.java:logGet(46)) - raft.server.log.statemachine.data.sync.timeout = 10s (default)
2023-07-16 18:57:12,814 [6a04ed34-8094-474b-9acd-b8edff3f6d46-groupManagement] INFO  server.RaftServerConfigKeys (ConfUtils.java:logGet(46)) - raft.server.log.statemachine.data.sync.timeout.retry = -1 (default)
2023-07-16 18:57:12,815 [6a04ed34-8094-474b-9acd-b8edff3f6d46-groupManagement] INFO  server.RaftServerConfigKeys (ConfUtils.java:logGet(46)) - raft.server.log.write.buffer.size = 1048576 (custom)
2023-07-16 18:57:12,817 [6a04ed34-8094-474b-9acd-b8edff3f6d46-groupManagement] INFO  server.RaftServerConfigKeys (ConfUtils.java:logGet(46)) - raft.server.log.appender.buffer.byte-limit = 33554432 (custom)
2023-07-16 18:57:12,825 [6a04ed34-8094-474b-9acd-b8edff3f6d46-groupManagement] INFO  server.RaftServerConfigKeys (ConfUtils.java:logGet(46)) - raft.server.log.unsafe-flush.enabled = false (default)
2023-07-16 18:57:12,825 [6a04ed34-8094-474b-9acd-b8edff3f6d46-groupManagement] INFO  server.RaftServerConfigKeys (ConfUtils.java:logGet(46)) - raft.server.log.async-flush.enabled = false (default)
2023-07-16 18:57:12,825 [6a04ed34-8094-474b-9acd-b8edff3f6d46-groupManagement] INFO  server.RaftServerConfigKeys (ConfUtils.java:logGet(46)) - raft.server.log.statemachine.data.caching.enabled = true (custom)
2023-07-16 18:57:12,825 [6a04ed34-8094-474b-9acd-b8edff3f6d46-groupManagement] INFO  segmented.SegmentedRaftLogWorker (SegmentedRaftLogWorker.java:lambda$new$0(135)) - 6a04ed34-8094-474b-9acd-b8edff3f6d46@group-02AEF562936D-SegmentedRaftLogWorker: flushIndex: setUnconditionally 0 -> -1
2023-07-16 18:57:12,825 [6a04ed34-8094-474b-9acd-b8edff3f6d46-groupManagement] INFO  segmented.SegmentedRaftLogWorker (SegmentedRaftLogWorker.java:lambda$new$0(135)) - 6a04ed34-8094-474b-9acd-b8edff3f6d46@group-02AEF562936D-SegmentedRaftLogWorker: safeCacheEvictIndex: setUnconditionally 0 -> -1
2023-07-16 18:57:12,826 [6a04ed34-8094-474b-9acd-b8edff3f6d46-groupManagement] INFO  server.RaftServer$Division (RaftServerImpl.java:start(342)) - 6a04ed34-8094-474b-9acd-b8edff3f6d46@group-02AEF562936D: start as a follower, conf=-1: peers:[2d677a35-33b0-4d15-8cfd-318274acedab|rpc:10.1.0.14:15077|admin:10.1.0.14:15076|client:10.1.0.14:15075|dataStream:10.1.0.14:15078|priority:0|startupRole:FOLLOWER, 6a04ed34-8094-474b-9acd-b8edff3f6d46|rpc:10.1.0.14:15086|admin:10.1.0.14:15085|client:10.1.0.14:15084|dataStream:10.1.0.14:15087|priority:1|startupRole:FOLLOWER, 83d11254-7599-4cbf-9408-65e5a9156a74|rpc:10.1.0.14:15068|admin:10.1.0.14:15067|client:10.1.0.14:15066|dataStream:10.1.0.14:15069|priority:0|startupRole:FOLLOWER]|listeners:[], old=null
2023-07-16 18:57:12,826 [6a04ed34-8094-474b-9acd-b8edff3f6d46-groupManagement] INFO  server.RaftServer$Division (RaftServerImpl.java:setRole(329)) - 6a04ed34-8094-474b-9acd-b8edff3f6d46@group-02AEF562936D: changes role from      null to FOLLOWER at term 0 for startAsFollower
2023-07-16 18:57:12,826 [6a04ed34-8094-474b-9acd-b8edff3f6d46-groupManagement] INFO  impl.RoleInfo (RoleInfo.java:updateAndGet(139)) - 6a04ed34-8094-474b-9acd-b8edff3f6d46: start 6a04ed34-8094-474b-9acd-b8edff3f6d46@group-02AEF562936D-FollowerState
2023-07-16 18:57:12,826 [6a04ed34-8094-474b-9acd-b8edff3f6d46-groupManagement] INFO  util.JmxRegister (JmxRegister.java:tryRegister(44)) - Successfully registered JMX Bean with object name Ratis:service=RaftServer,group=group-02AEF562936D,id=6a04ed34-8094-474b-9acd-b8edff3f6d46
2023-07-16 18:57:12,827 [6a04ed34-8094-474b-9acd-b8edff3f6d46-groupManagement] INFO  server.RaftServerConfigKeys (ConfUtils.java:logGet(46)) - raft.server.snapshot.auto.trigger.enabled = true (custom)
2023-07-16 18:57:12,827 [6a04ed34-8094-474b-9acd-b8edff3f6d46-groupManagement] INFO  server.RaftServerConfigKeys (ConfUtils.java:logGet(46)) - raft.server.snapshot.auto.trigger.threshold = 10000 (custom)
2023-07-16 18:57:12,827 [6a04ed34-8094-474b-9acd-b8edff3f6d46-groupManagement] INFO  server.RaftServerConfigKeys (ConfUtils.java:logGet(46)) - raft.server.snapshot.retention.file.num = 5 (custom)
2023-07-16 18:57:12,827 [6a04ed34-8094-474b-9acd-b8edff3f6d46-groupManagement] INFO  server.RaftServerConfigKeys (ConfUtils.java:logGet(46)) - raft.server.log.purge.upto.snapshot.index = false (default)
2023-07-16 18:57:12,827 [6a04ed34-8094-474b-9acd-b8edff3f6d46@group-02AEF562936D-FollowerState] INFO  server.RaftServerConfigKeys (ConfUtils.java:logFallback(53)) - raft.server.rpc.first-election.timeout.min = 5s (fallback to raft.server.rpc.timeout.min)
2023-07-16 18:57:12,827 [6a04ed34-8094-474b-9acd-b8edff3f6d46@group-02AEF562936D-FollowerState] INFO  server.RaftServerConfigKeys (ConfUtils.java:logFallback(53)) - raft.server.rpc.first-election.timeout.max = 5200ms (fallback to raft.server.rpc.timeout.max)
2023-07-16 18:57:12,858 [grpc-default-executor-1] INFO  server.RaftServer (RaftServerProxy.java:addNew(98)) - 2d677a35-33b0-4d15-8cfd-318274acedab: addNew group-02AEF562936D:[2d677a35-33b0-4d15-8cfd-318274acedab|rpc:10.1.0.14:15077|admin:10.1.0.14:15076|client:10.1.0.14:15075|dataStream:10.1.0.14:15078|priority:0|startupRole:FOLLOWER, 6a04ed34-8094-474b-9acd-b8edff3f6d46|rpc:10.1.0.14:15086|admin:10.1.0.14:15085|client:10.1.0.14:15084|dataStream:10.1.0.14:15087|priority:1|startupRole:FOLLOWER, 83d11254-7599-4cbf-9408-65e5a9156a74|rpc:10.1.0.14:15068|admin:10.1.0.14:15067|client:10.1.0.14:15066|dataStream:10.1.0.14:15069|priority:0|startupRole:FOLLOWER] returns group-02AEF562936D:java.util.concurrent.CompletableFuture@84c1a1a[Not completed]
2023-07-16 18:57:12,860 [2d677a35-33b0-4d15-8cfd-318274acedab-groupManagement] INFO  server.RaftServer$Division (RaftServerImpl.java:<init>(198)) - 2d677a35-33b0-4d15-8cfd-318274acedab: new RaftServerImpl for group-02AEF562936D:[2d677a35-33b0-4d15-8cfd-318274acedab|rpc:10.1.0.14:15077|admin:10.1.0.14:15076|client:10.1.0.14:15075|dataStream:10.1.0.14:15078|priority:0|startupRole:FOLLOWER, 6a04ed34-8094-474b-9acd-b8edff3f6d46|rpc:10.1.0.14:15086|admin:10.1.0.14:15085|client:10.1.0.14:15084|dataStream:10.1.0.14:15087|priority:1|startupRole:FOLLOWER, 83d11254-7599-4cbf-9408-65e5a9156a74|rpc:10.1.0.14:15068|admin:10.1.0.14:15067|client:10.1.0.14:15066|dataStream:10.1.0.14:15069|priority:0|startupRole:FOLLOWER] with ContainerStateMachine:uninitialized
2023-07-16 18:57:12,860 [2d677a35-33b0-4d15-8cfd-318274acedab-groupManagement] INFO  server.RaftServerConfigKeys (ConfUtils.java:logGet(46)) - raft.server.rpc.timeout.min = 5s (custom)
2023-07-16 18:57:12,860 [2d677a35-33b0-4d15-8cfd-318274acedab-groupManagement] INFO  server.RaftServerConfigKeys (ConfUtils.java:logGet(46)) - raft.server.rpc.timeout.max = 5200ms (custom)
2023-07-16 18:57:12,860 [2d677a35-33b0-4d15-8cfd-318274acedab-groupManagement] INFO  server.RaftServerConfigKeys (ConfUtils.java:logGet(46)) - raft.server.rpc.sleep.time = 25ms (default)
2023-07-16 18:57:12,860 [2d677a35-33b0-4d15-8cfd-318274acedab-groupManagement] INFO  server.RaftServerConfigKeys (ConfUtils.java:logGet(46)) - raft.server.rpc.slowness.timeout = 300s (custom)
2023-07-16 18:57:12,860 [2d677a35-33b0-4d15-8cfd-318274acedab-groupManagement] INFO  server.RaftServerConfigKeys (ConfUtils.java:logGet(46)) - raft.server.leaderelection.leader.step-down.wait-time = 10s (default)
2023-07-16 18:57:12,860 [2d677a35-33b0-4d15-8cfd-318274acedab-groupManagement] INFO  server.RaftServerConfigKeys (ConfUtils.java:logGet(46)) - raft.server.sleep.deviation.threshold = 300ms (default)
2023-07-16 18:57:12,860 [2d677a35-33b0-4d15-8cfd-318274acedab-groupManagement] INFO  server.RaftServer$Division (ServerState.java:<init>(120)) - 2d677a35-33b0-4d15-8cfd-318274acedab@group-02AEF562936D: ConfigurationManager, init=-1: peers:[2d677a35-33b0-4d15-8cfd-318274acedab|rpc:10.1.0.14:15077|admin:10.1.0.14:15076|client:10.1.0.14:15075|dataStream:10.1.0.14:15078|priority:0|startupRole:FOLLOWER, 6a04ed34-8094-474b-9acd-b8edff3f6d46|rpc:10.1.0.14:15086|admin:10.1.0.14:15085|client:10.1.0.14:15084|dataStream:10.1.0.14:15087|priority:1|startupRole:FOLLOWER, 83d11254-7599-4cbf-9408-65e5a9156a74|rpc:10.1.0.14:15068|admin:10.1.0.14:15067|client:10.1.0.14:15066|dataStream:10.1.0.14:15069|priority:0|startupRole:FOLLOWER]|listeners:[], old=null, confs=<EMPTY_MAP>
2023-07-16 18:57:12,860 [2d677a35-33b0-4d15-8cfd-318274acedab-groupManagement] INFO  server.RaftServerConfigKeys (ConfUtils.java:logGet(46)) - raft.server.storage.dir = [/home/runner/work/ozone/ozone/hadoop-ozone/integration-test/target/test-dir/MiniOzoneClusterImpl-8e52da8c-19f0-467e-9375-6950100829a3/datanode-7/data/ratis] (custom)
2023-07-16 18:57:12,861 [2d677a35-33b0-4d15-8cfd-318274acedab-groupManagement] INFO  server.RaftServerConfigKeys (ConfUtils.java:logGet(46)) - raft.server.log.corruption.policy = EXCEPTION (default)
2023-07-16 18:57:12,861 [2d677a35-33b0-4d15-8cfd-318274acedab-groupManagement] INFO  server.RaftServerConfigKeys (ConfUtils.java:logGet(46)) - raft.server.storage.free-space.min = 0MB (=0) (default)
2023-07-16 18:57:12,861 [2d677a35-33b0-4d15-8cfd-318274acedab-groupManagement] INFO  server.RaftServerConfigKeys (ConfUtils.java:logGet(46)) - raft.server.notification.no-leader.timeout = 300s (custom)
2023-07-16 18:57:12,861 [2d677a35-33b0-4d15-8cfd-318274acedab-groupManagement] INFO  server.RaftServerConfigKeys (ConfUtils.java:logGet(46)) - raft.server.read.timeout = 10s (default)
2023-07-16 18:57:12,861 [2d677a35-33b0-4d15-8cfd-318274acedab-groupManagement] INFO  server.RaftServerConfigKeys (ConfUtils.java:logGet(46)) - raft.server.retrycache.expirytime = 600000ms (custom)
2023-07-16 18:57:12,861 [2d677a35-33b0-4d15-8cfd-318274acedab-groupManagement] INFO  server.RaftServerConfigKeys (ConfUtils.java:logGet(46)) - raft.server.retrycache.statistics.expirytime = 100μs (default)
2023-07-16 18:57:12,861 [2d677a35-33b0-4d15-8cfd-318274acedab-groupManagement] INFO  server.RaftServerConfigKeys (ConfUtils.java:logGet(46)) - raft.server.read.option = DEFAULT (default)
2023-07-16 18:57:12,862 [2d677a35-33b0-4d15-8cfd-318274acedab-groupManagement] INFO  server.RaftServerConfigKeys (ConfUtils.java:logGet(46)) - raft.server.rpc.request.timeout = 60s (custom)
2023-07-16 18:57:12,862 [2d677a35-33b0-4d15-8cfd-318274acedab-groupManagement] INFO  server.RaftServerConfigKeys (ConfUtils.java:logGet(46)) - raft.server.log.appender.install.snapshot.enabled = false (custom)
2023-07-16 18:57:12,862 [2d677a35-33b0-4d15-8cfd-318274acedab-groupManagement] INFO  server.RaftServerConfigKeys (ConfUtils.java:logGet(46)) - raft.server.threadpool.server.cached = true (default)
2023-07-16 18:57:12,862 [2d677a35-33b0-4d15-8cfd-318274acedab-groupManagement] INFO  server.RaftServerConfigKeys (ConfUtils.java:logGet(46)) - raft.server.threadpool.server.size = 0 (default)
2023-07-16 18:57:12,862 [2d677a35-33b0-4d15-8cfd-318274acedab-groupManagement] INFO  server.RaftServerConfigKeys (ConfUtils.java:logGet(46)) - raft.server.threadpool.client.cached = true (default)
2023-07-16 18:57:12,862 [2d677a35-33b0-4d15-8cfd-318274acedab-groupManagement] INFO  server.RaftServerConfigKeys (ConfUtils.java:logGet(46)) - raft.server.threadpool.client.size = 0 (default)
2023-07-16 18:57:12,863 [2d677a35-33b0-4d15-8cfd-318274acedab-groupManagement] INFO  storage.RaftStorageDirectory (RaftStorageDirectoryImpl.java:analyzeStorage(137)) - The storage directory /home/runner/work/ozone/ozone/hadoop-ozone/integration-test/target/test-dir/MiniOzoneClusterImpl-8e52da8c-19f0-467e-9375-6950100829a3/datanode-7/data/ratis/3b8ba39d-10d1-403b-8c95-02aef562936d does not exist. Creating ...
2023-07-16 18:57:12,864 [2d677a35-33b0-4d15-8cfd-318274acedab-groupManagement] INFO  storage.RaftStorageDirectory (RaftStorageDirectoryImpl.java:tryLock(231)) - Lock on /home/runner/work/ozone/ozone/hadoop-ozone/integration-test/target/test-dir/MiniOzoneClusterImpl-8e52da8c-19f0-467e-9375-6950100829a3/datanode-7/data/ratis/3b8ba39d-10d1-403b-8c95-02aef562936d/in_use.lock acquired by nodename 109267@fv-az587-727
2023-07-16 18:57:12,865 [2d677a35-33b0-4d15-8cfd-318274acedab-groupManagement] INFO  storage.RaftStorage (RaftStorageImpl.java:format(96)) - Storage directory /home/runner/work/ozone/ozone/hadoop-ozone/integration-test/target/test-dir/MiniOzoneClusterImpl-8e52da8c-19f0-467e-9375-6950100829a3/datanode-7/data/ratis/3b8ba39d-10d1-403b-8c95-02aef562936d has been successfully formatted.
2023-07-16 18:57:12,867 [2d677a35-33b0-4d15-8cfd-318274acedab-groupManagement] INFO  ratis.ContainerStateMachine (ContainerStateMachine.java:loadSnapshot(262)) - group-02AEF562936D: The snapshot info is null. Setting the last applied indexto:(t:0, i:~)
2023-07-16 18:57:12,867 [2d677a35-33b0-4d15-8cfd-318274acedab-groupManagement] INFO  server.RaftServerConfigKeys (ConfUtils.java:logGet(46)) - raft.server.log.use.memory = false (default)
2023-07-16 18:57:12,869 [2d677a35-33b0-4d15-8cfd-318274acedab-groupManagement] INFO  server.RaftServerConfigKeys (ConfUtils.java:logGet(46)) - raft.server.log.purge.gap = 1000000 (custom)
2023-07-16 18:57:12,869 [2d677a35-33b0-4d15-8cfd-318274acedab-groupManagement] INFO  server.RaftServerConfigKeys (ConfUtils.java:logGet(46)) - raft.server.log.appender.buffer.byte-limit = 33554432 (custom)
2023-07-16 18:57:12,870 [2d677a35-33b0-4d15-8cfd-318274acedab-groupManagement] INFO  server.RaftServerConfigKeys (ConfUtils.java:logGet(46)) - raft.server.log.statemachine.data.read.timeout = 1000ms (default)
2023-07-16 18:57:12,870 [2d677a35-33b0-4d15-8cfd-318274acedab-groupManagement] INFO  server.RaftServerConfigKeys (ConfUtils.java:logGet(46)) - raft.server.log.purge.preservation.log.num = 0 (default)
2023-07-16 18:57:12,870 [2d677a35-33b0-4d15-8cfd-318274acedab-groupManagement] INFO  server.RaftServerConfigKeys (ConfUtils.java:logGet(46)) - raft.server.log.segment.size.max = 1048576 (custom)
2023-07-16 18:57:12,870 [2d677a35-33b0-4d15-8cfd-318274acedab-groupManagement] INFO  server.RaftServerConfigKeys (ConfUtils.java:logGet(46)) - raft.server.log.segment.cache.num.max = 2 (custom)
2023-07-16 18:57:12,870 [2d677a35-33b0-4d15-8cfd-318274acedab-groupManagement] INFO  server.RaftServerConfigKeys (ConfUtils.java:logGet(46)) - raft.server.log.segment.cache.size.max = 200MB (=209715200) (default)
2023-07-16 18:57:12,870 [2d677a35-33b0-4d15-8cfd-318274acedab-groupManagement] INFO  server.RaftServerConfigKeys (ConfUtils.java:logGet(46)) - raft.server.log.appender.buffer.byte-limit = 33554432 (custom)
2023-07-16 18:57:12,870 [2d677a35-33b0-4d15-8cfd-318274acedab-groupManagement] INFO  segmented.SegmentedRaftLogWorker (SegmentedRaftLogWorker.java:<init>(188)) - new 2d677a35-33b0-4d15-8cfd-318274acedab@group-02AEF562936D-SegmentedRaftLogWorker for RaftStorageImpl:Storage Directory /home/runner/work/ozone/ozone/hadoop-ozone/integration-test/target/test-dir/MiniOzoneClusterImpl-8e52da8c-19f0-467e-9375-6950100829a3/datanode-7/data/ratis/3b8ba39d-10d1-403b-8c95-02aef562936d
2023-07-16 18:57:12,870 [2d677a35-33b0-4d15-8cfd-318274acedab-groupManagement] INFO  server.RaftServerConfigKeys (ConfUtils.java:logGet(46)) - raft.server.log.queue.byte-limit = 4294967296 (custom)
2023-07-16 18:57:12,871 [2d677a35-33b0-4d15-8cfd-318274acedab-groupManagement] INFO  server.RaftServerConfigKeys (ConfUtils.java:logGet(46)) - raft.server.log.queue.element-limit = 1024 (custom)
2023-07-16 18:57:12,871 [2d677a35-33b0-4d15-8cfd-318274acedab-groupManagement] INFO  server.RaftServerConfigKeys (ConfUtils.java:logGet(46)) - raft.server.log.segment.size.max = 1048576 (custom)
2023-07-16 18:57:12,871 [2d677a35-33b0-4d15-8cfd-318274acedab-groupManagement] INFO  server.RaftServerConfigKeys (ConfUtils.java:logGet(46)) - raft.server.log.preallocated.size = 16384 (custom)
2023-07-16 18:57:12,871 [2d677a35-33b0-4d15-8cfd-318274acedab-groupManagement] INFO  server.RaftServerConfigKeys (ConfUtils.java:logGet(46)) - raft.server.log.force.sync.num = 128 (default)
2023-07-16 18:57:12,871 [2d677a35-33b0-4d15-8cfd-318274acedab-groupManagement] INFO  server.RaftServerConfigKeys (ConfUtils.java:logGet(46)) - raft.server.log.statemachine.data.sync = true (default)
2023-07-16 18:57:12,871 [2d677a35-33b0-4d15-8cfd-318274acedab-groupManagement] INFO  server.RaftServerConfigKeys (ConfUtils.java:logGet(46)) - raft.server.log.statemachine.data.sync.timeout = 10s (default)
2023-07-16 18:57:12,871 [2d677a35-33b0-4d15-8cfd-318274acedab-groupManagement] INFO  server.RaftServerConfigKeys (ConfUtils.java:logGet(46)) - raft.server.log.statemachine.data.sync.timeout.retry = -1 (default)
2023-07-16 18:57:12,873 [2d677a35-33b0-4d15-8cfd-318274acedab-groupManagement] INFO  server.RaftServerConfigKeys (ConfUtils.java:logGet(46)) - raft.server.log.write.buffer.size = 1048576 (custom)
2023-07-16 18:57:12,875 [2d677a35-33b0-4d15-8cfd-318274acedab-groupManagement] INFO  server.RaftServerConfigKeys (ConfUtils.java:logGet(46)) - raft.server.log.appender.buffer.byte-limit = 33554432 (custom)
2023-07-16 18:57:12,882 [2d677a35-33b0-4d15-8cfd-318274acedab-groupManagement] INFO  server.RaftServerConfigKeys (ConfUtils.java:logGet(46)) - raft.server.log.unsafe-flush.enabled = false (default)
2023-07-16 18:57:12,882 [2d677a35-33b0-4d15-8cfd-318274acedab-groupManagement] INFO  server.RaftServerConfigKeys (ConfUtils.java:logGet(46)) - raft.server.log.async-flush.enabled = false (default)
2023-07-16 18:57:12,882 [2d677a35-33b0-4d15-8cfd-318274acedab-groupManagement] INFO  server.RaftServerConfigKeys (ConfUtils.java:logGet(46)) - raft.server.log.statemachine.data.caching.enabled = true (custom)
2023-07-16 18:57:12,882 [2d677a35-33b0-4d15-8cfd-318274acedab-groupManagement] INFO  segmented.SegmentedRaftLogWorker (SegmentedRaftLogWorker.java:lambda$new$0(135)) - 2d677a35-33b0-4d15-8cfd-318274acedab@group-02AEF562936D-SegmentedRaftLogWorker: flushIndex: setUnconditionally 0 -> -1
2023-07-16 18:57:12,882 [2d677a35-33b0-4d15-8cfd-318274acedab-groupManagement] INFO  segmented.SegmentedRaftLogWorker (SegmentedRaftLogWorker.java:lambda$new$0(135)) - 2d677a35-33b0-4d15-8cfd-318274acedab@group-02AEF562936D-SegmentedRaftLogWorker: safeCacheEvictIndex: setUnconditionally 0 -> -1
2023-07-16 18:57:12,890 [2d677a35-33b0-4d15-8cfd-318274acedab-groupManagement] INFO  server.RaftServer$Division (RaftServerImpl.java:start(342)) - 2d677a35-33b0-4d15-8cfd-318274acedab@group-02AEF562936D: start as a follower, conf=-1: peers:[2d677a35-33b0-4d15-8cfd-318274acedab|rpc:10.1.0.14:15077|admin:10.1.0.14:15076|client:10.1.0.14:15075|dataStream:10.1.0.14:15078|priority:0|startupRole:FOLLOWER, 6a04ed34-8094-474b-9acd-b8edff3f6d46|rpc:10.1.0.14:15086|admin:10.1.0.14:15085|client:10.1.0.14:15084|dataStream:10.1.0.14:15087|priority:1|startupRole:FOLLOWER, 83d11254-7599-4cbf-9408-65e5a9156a74|rpc:10.1.0.14:15068|admin:10.1.0.14:15067|client:10.1.0.14:15066|dataStream:10.1.0.14:15069|priority:0|startupRole:FOLLOWER]|listeners:[], old=null
2023-07-16 18:57:12,891 [2d677a35-33b0-4d15-8cfd-318274acedab-groupManagement] INFO  server.RaftServer$Division (RaftServerImpl.java:setRole(329)) - 2d677a35-33b0-4d15-8cfd-318274acedab@group-02AEF562936D: changes role from      null to FOLLOWER at term 0 for startAsFollower
2023-07-16 18:57:12,891 [2d677a35-33b0-4d15-8cfd-318274acedab-groupManagement] INFO  impl.RoleInfo (RoleInfo.java:updateAndGet(139)) - 2d677a35-33b0-4d15-8cfd-318274acedab: start 2d677a35-33b0-4d15-8cfd-318274acedab@group-02AEF562936D-FollowerState
2023-07-16 18:57:12,892 [2d677a35-33b0-4d15-8cfd-318274acedab-groupManagement] INFO  util.JmxRegister (JmxRegister.java:tryRegister(44)) - Successfully registered JMX Bean with object name Ratis:service=RaftServer,group=group-02AEF562936D,id=2d677a35-33b0-4d15-8cfd-318274acedab
2023-07-16 18:57:12,892 [2d677a35-33b0-4d15-8cfd-318274acedab-groupManagement] INFO  server.RaftServerConfigKeys (ConfUtils.java:logGet(46)) - raft.server.snapshot.auto.trigger.enabled = true (custom)
2023-07-16 18:57:12,892 [2d677a35-33b0-4d15-8cfd-318274acedab-groupManagement] INFO  server.RaftServerConfigKeys (ConfUtils.java:logGet(46)) - raft.server.snapshot.auto.trigger.threshold = 10000 (custom)
2023-07-16 18:57:12,892 [2d677a35-33b0-4d15-8cfd-318274acedab-groupManagement] INFO  server.RaftServerConfigKeys (ConfUtils.java:logGet(46)) - raft.server.snapshot.retention.file.num = 5 (custom)
2023-07-16 18:57:12,892 [2d677a35-33b0-4d15-8cfd-318274acedab-groupManagement] INFO  server.RaftServerConfigKeys (ConfUtils.java:logGet(46)) - raft.server.log.purge.upto.snapshot.index = false (default)
2023-07-16 18:57:12,893 [2d677a35-33b0-4d15-8cfd-318274acedab@group-02AEF562936D-FollowerState] INFO  server.RaftServerConfigKeys (ConfUtils.java:logFallback(53)) - raft.server.rpc.first-election.timeout.min = 5s (fallback to raft.server.rpc.timeout.min)
2023-07-16 18:57:12,893 [2d677a35-33b0-4d15-8cfd-318274acedab@group-02AEF562936D-FollowerState] INFO  server.RaftServerConfigKeys (ConfUtils.java:logFallback(53)) - raft.server.rpc.first-election.timeout.max = 5200ms (fallback to raft.server.rpc.timeout.max)
2023-07-16 18:57:12,915 [PipelineCommandHandlerThread-0] INFO  commandhandler.CreatePipelineCommandHandler (CreatePipelineCommandHandler.java:lambda$handle$2(124)) - Created Pipeline RATIS THREE PipelineID=3b8ba39d-10d1-403b-8c95-02aef562936d.
2023-07-16 18:57:12,915 [PipelineCommandHandlerThread-0] INFO  server.RaftServer (RaftServerProxy.java:addNew(98)) - 83d11254-7599-4cbf-9408-65e5a9156a74: addNew group-D59098DAC26D:[2d677a35-33b0-4d15-8cfd-318274acedab|rpc:10.1.0.14:15077|admin:10.1.0.14:15076|client:10.1.0.14:15075|dataStream:10.1.0.14:15078|priority:1|startupRole:FOLLOWER, 6a04ed34-8094-474b-9acd-b8edff3f6d46|rpc:10.1.0.14:15086|admin:10.1.0.14:15085|client:10.1.0.14:15084|dataStream:10.1.0.14:15087|priority:0|startupRole:FOLLOWER, 83d11254-7599-4cbf-9408-65e5a9156a74|rpc:10.1.0.14:15068|admin:10.1.0.14:15067|client:10.1.0.14:15066|dataStream:10.1.0.14:15069|priority:0|startupRole:FOLLOWER] returns group-D59098DAC26D:java.util.concurrent.CompletableFuture@3e042708[Not completed]
2023-07-16 18:57:12,917 [83d11254-7599-4cbf-9408-65e5a9156a74-groupManagement] INFO  server.RaftServer$Division (RaftServerImpl.java:<init>(198)) - 83d11254-7599-4cbf-9408-65e5a9156a74: new RaftServerImpl for group-D59098DAC26D:[2d677a35-33b0-4d15-8cfd-318274acedab|rpc:10.1.0.14:15077|admin:10.1.0.14:15076|client:10.1.0.14:15075|dataStream:10.1.0.14:15078|priority:1|startupRole:FOLLOWER, 6a04ed34-8094-474b-9acd-b8edff3f6d46|rpc:10.1.0.14:15086|admin:10.1.0.14:15085|client:10.1.0.14:15084|dataStream:10.1.0.14:15087|priority:0|startupRole:FOLLOWER, 83d11254-7599-4cbf-9408-65e5a9156a74|rpc:10.1.0.14:15068|admin:10.1.0.14:15067|client:10.1.0.14:15066|dataStream:10.1.0.14:15069|priority:0|startupRole:FOLLOWER] with ContainerStateMachine:uninitialized
2023-07-16 18:57:12,917 [83d11254-7599-4cbf-9408-65e5a9156a74-groupManagement] INFO  server.RaftServerConfigKeys (ConfUtils.java:logGet(46)) - raft.server.rpc.timeout.min = 5s (custom)
2023-07-16 18:57:12,917 [83d11254-7599-4cbf-9408-65e5a9156a74-groupManagement] INFO  server.RaftServerConfigKeys (ConfUtils.java:logGet(46)) - raft.server.rpc.timeout.max = 5200ms (custom)
2023-07-16 18:57:12,917 [83d11254-7599-4cbf-9408-65e5a9156a74-groupManagement] INFO  server.RaftServerConfigKeys (ConfUtils.java:logGet(46)) - raft.server.rpc.sleep.time = 25ms (default)
2023-07-16 18:57:12,917 [83d11254-7599-4cbf-9408-65e5a9156a74-groupManagement] INFO  server.RaftServerConfigKeys (ConfUtils.java:logGet(46)) - raft.server.rpc.slowness.timeout = 300s (custom)
2023-07-16 18:57:12,917 [83d11254-7599-4cbf-9408-65e5a9156a74-groupManagement] INFO  server.RaftServerConfigKeys (ConfUtils.java:logGet(46)) - raft.server.leaderelection.leader.step-down.wait-time = 10s (default)
2023-07-16 18:57:12,917 [83d11254-7599-4cbf-9408-65e5a9156a74-groupManagement] INFO  server.RaftServerConfigKeys (ConfUtils.java:logGet(46)) - raft.server.sleep.deviation.threshold = 300ms (default)
2023-07-16 18:57:12,917 [83d11254-7599-4cbf-9408-65e5a9156a74-groupManagement] INFO  server.RaftServer$Division (ServerState.java:<init>(120)) - 83d11254-7599-4cbf-9408-65e5a9156a74@group-D59098DAC26D: ConfigurationManager, init=-1: peers:[2d677a35-33b0-4d15-8cfd-318274acedab|rpc:10.1.0.14:15077|admin:10.1.0.14:15076|client:10.1.0.14:15075|dataStream:10.1.0.14:15078|priority:1|startupRole:FOLLOWER, 6a04ed34-8094-474b-9acd-b8edff3f6d46|rpc:10.1.0.14:15086|admin:10.1.0.14:15085|client:10.1.0.14:15084|dataStream:10.1.0.14:15087|priority:0|startupRole:FOLLOWER, 83d11254-7599-4cbf-9408-65e5a9156a74|rpc:10.1.0.14:15068|admin:10.1.0.14:15067|client:10.1.0.14:15066|dataStream:10.1.0.14:15069|priority:0|startupRole:FOLLOWER]|listeners:[], old=null, confs=<EMPTY_MAP>
2023-07-16 18:57:12,917 [83d11254-7599-4cbf-9408-65e5a9156a74-groupManagement] INFO  server.RaftServerConfigKeys (ConfUtils.java:logGet(46)) - raft.server.storage.dir = [/home/runner/work/ozone/ozone/hadoop-ozone/integration-test/target/test-dir/MiniOzoneClusterImpl-8e52da8c-19f0-467e-9375-6950100829a3/datanode-6/data/ratis] (custom)
2023-07-16 18:57:12,917 [83d11254-7599-4cbf-9408-65e5a9156a74-groupManagement] INFO  server.RaftServerConfigKeys (ConfUtils.java:logGet(46)) - raft.server.log.corruption.policy = EXCEPTION (default)
2023-07-16 18:57:12,917 [83d11254-7599-4cbf-9408-65e5a9156a74-groupManagement] INFO  server.RaftServerConfigKeys (ConfUtils.java:logGet(46)) - raft.server.storage.free-space.min = 0MB (=0) (default)
2023-07-16 18:57:12,917 [83d11254-7599-4cbf-9408-65e5a9156a74-groupManagement] INFO  server.RaftServerConfigKeys (ConfUtils.java:logGet(46)) - raft.server.notification.no-leader.timeout = 300s (custom)
2023-07-16 18:57:12,917 [83d11254-7599-4cbf-9408-65e5a9156a74-groupManagement] INFO  server.RaftServerConfigKeys (ConfUtils.java:logGet(46)) - raft.server.read.timeout = 10s (default)
2023-07-16 18:57:12,918 [83d11254-7599-4cbf-9408-65e5a9156a74-groupManagement] INFO  server.RaftServerConfigKeys (ConfUtils.java:logGet(46)) - raft.server.retrycache.expirytime = 600000ms (custom)
2023-07-16 18:57:12,918 [83d11254-7599-4cbf-9408-65e5a9156a74-groupManagement] INFO  server.RaftServerConfigKeys (ConfUtils.java:logGet(46)) - raft.server.retrycache.statistics.expirytime = 100μs (default)
2023-07-16 18:57:12,918 [83d11254-7599-4cbf-9408-65e5a9156a74-groupManagement] INFO  server.RaftServerConfigKeys (ConfUtils.java:logGet(46)) - raft.server.read.option = DEFAULT (default)
2023-07-16 18:57:12,919 [83d11254-7599-4cbf-9408-65e5a9156a74-groupManagement] INFO  server.RaftServerConfigKeys (ConfUtils.java:logGet(46)) - raft.server.rpc.request.timeout = 60s (custom)
2023-07-16 18:57:12,919 [83d11254-7599-4cbf-9408-65e5a9156a74-groupManagement] INFO  server.RaftServerConfigKeys (ConfUtils.java:logGet(46)) - raft.server.log.appender.install.snapshot.enabled = false (custom)
2023-07-16 18:57:12,919 [83d11254-7599-4cbf-9408-65e5a9156a74-groupManagement] INFO  server.RaftServerConfigKeys (ConfUtils.java:logGet(46)) - raft.server.threadpool.server.cached = true (default)
2023-07-16 18:57:12,919 [83d11254-7599-4cbf-9408-65e5a9156a74-groupManagement] INFO  server.RaftServerConfigKeys (ConfUtils.java:logGet(46)) - raft.server.threadpool.server.size = 0 (default)
2023-07-16 18:57:12,919 [83d11254-7599-4cbf-9408-65e5a9156a74-groupManagement] INFO  server.RaftServerConfigKeys (ConfUtils.java:logGet(46)) - raft.server.threadpool.client.cached = true (default)
2023-07-16 18:57:12,919 [83d11254-7599-4cbf-9408-65e5a9156a74-groupManagement] INFO  server.RaftServerConfigKeys (ConfUtils.java:logGet(46)) - raft.server.threadpool.client.size = 0 (default)
2023-07-16 18:57:12,919 [83d11254-7599-4cbf-9408-65e5a9156a74-groupManagement] INFO  storage.RaftStorageDirectory (RaftStorageDirectoryImpl.java:analyzeStorage(137)) - The storage directory /home/runner/work/ozone/ozone/hadoop-ozone/integration-test/target/test-dir/MiniOzoneClusterImpl-8e52da8c-19f0-467e-9375-6950100829a3/datanode-6/data/ratis/0d25dd17-e3b2-44be-a4f7-d59098dac26d does not exist. Creating ...
2023-07-16 18:57:12,920 [83d11254-7599-4cbf-9408-65e5a9156a74-groupManagement] INFO  storage.RaftStorageDirectory (RaftStorageDirectoryImpl.java:tryLock(231)) - Lock on /home/runner/work/ozone/ozone/hadoop-ozone/integration-test/target/test-dir/MiniOzoneClusterImpl-8e52da8c-19f0-467e-9375-6950100829a3/datanode-6/data/ratis/0d25dd17-e3b2-44be-a4f7-d59098dac26d/in_use.lock acquired by nodename 109267@fv-az587-727
2023-07-16 18:57:12,921 [83d11254-7599-4cbf-9408-65e5a9156a74-groupManagement] INFO  storage.RaftStorage (RaftStorageImpl.java:format(96)) - Storage directory /home/runner/work/ozone/ozone/hadoop-ozone/integration-test/target/test-dir/MiniOzoneClusterImpl-8e52da8c-19f0-467e-9375-6950100829a3/datanode-6/data/ratis/0d25dd17-e3b2-44be-a4f7-d59098dac26d has been successfully formatted.
2023-07-16 18:57:12,926 [83d11254-7599-4cbf-9408-65e5a9156a74-groupManagement] INFO  ratis.ContainerStateMachine (ContainerStateMachine.java:loadSnapshot(262)) - group-D59098DAC26D: The snapshot info is null. Setting the last applied indexto:(t:0, i:~)
2023-07-16 18:57:12,926 [EventQueue-OpenPipelineForHealthyPipelineSafeModeRule] INFO  safemode.SCMSafeModeManager (HealthyPipelineSafeModeRule.java:process(137)) - SCM in safe mode. Healthy pipelines reported count is 0, required healthy pipeline reported count is 1
2023-07-16 18:57:12,928 [83d11254-7599-4cbf-9408-65e5a9156a74-groupManagement] INFO  server.RaftServerConfigKeys (ConfUtils.java:logGet(46)) - raft.server.log.use.memory = false (default)
2023-07-16 18:57:12,928 [83d11254-7599-4cbf-9408-65e5a9156a74-groupManagement] INFO  server.RaftServerConfigKeys (ConfUtils.java:logGet(46)) - raft.server.log.purge.gap = 1000000 (custom)
2023-07-16 18:57:12,928 [83d11254-7599-4cbf-9408-65e5a9156a74-groupManagement] INFO  server.RaftServerConfigKeys (ConfUtils.java:logGet(46)) - raft.server.log.appender.buffer.byte-limit = 33554432 (custom)
2023-07-16 18:57:12,928 [83d11254-7599-4cbf-9408-65e5a9156a74-groupManagement] INFO  server.RaftServerConfigKeys (ConfUtils.java:logGet(46)) - raft.server.log.statemachine.data.read.timeout = 1000ms (default)
2023-07-16 18:57:12,928 [83d11254-7599-4cbf-9408-65e5a9156a74-groupManagement] INFO  server.RaftServerConfigKeys (ConfUtils.java:logGet(46)) - raft.server.log.purge.preservation.log.num = 0 (default)
2023-07-16 18:57:12,929 [83d11254-7599-4cbf-9408-65e5a9156a74-groupManagement] INFO  server.RaftServerConfigKeys (ConfUtils.java:logGet(46)) - raft.server.log.segment.size.max = 1048576 (custom)
2023-07-16 18:57:12,929 [83d11254-7599-4cbf-9408-65e5a9156a74-groupManagement] INFO  server.RaftServerConfigKeys (ConfUtils.java:logGet(46)) - raft.server.log.segment.cache.num.max = 2 (custom)
2023-07-16 18:57:12,929 [83d11254-7599-4cbf-9408-65e5a9156a74-groupManagement] INFO  server.RaftServerConfigKeys (ConfUtils.java:logGet(46)) - raft.server.log.segment.cache.size.max = 200MB (=209715200) (default)
2023-07-16 18:57:12,929 [83d11254-7599-4cbf-9408-65e5a9156a74-groupManagement] INFO  server.RaftServerConfigKeys (ConfUtils.java:logGet(46)) - raft.server.log.appender.buffer.byte-limit = 33554432 (custom)
2023-07-16 18:57:12,929 [83d11254-7599-4cbf-9408-65e5a9156a74-groupManagement] INFO  segmented.SegmentedRaftLogWorker (SegmentedRaftLogWorker.java:<init>(188)) - new 83d11254-7599-4cbf-9408-65e5a9156a74@group-D59098DAC26D-SegmentedRaftLogWorker for RaftStorageImpl:Storage Directory /home/runner/work/ozone/ozone/hadoop-ozone/integration-test/target/test-dir/MiniOzoneClusterImpl-8e52da8c-19f0-467e-9375-6950100829a3/datanode-6/data/ratis/0d25dd17-e3b2-44be-a4f7-d59098dac26d
2023-07-16 18:57:12,929 [83d11254-7599-4cbf-9408-65e5a9156a74-groupManagement] INFO  server.RaftServerConfigKeys (ConfUtils.java:logGet(46)) - raft.server.log.queue.byte-limit = 4294967296 (custom)
2023-07-16 18:57:12,929 [83d11254-7599-4cbf-9408-65e5a9156a74-groupManagement] INFO  server.RaftServerConfigKeys (ConfUtils.java:logGet(46)) - raft.server.log.queue.element-limit = 1024 (custom)
2023-07-16 18:57:12,929 [83d11254-7599-4cbf-9408-65e5a9156a74-groupManagement] INFO  server.RaftServerConfigKeys (ConfUtils.java:logGet(46)) - raft.server.log.segment.size.max = 1048576 (custom)
2023-07-16 18:57:12,929 [83d11254-7599-4cbf-9408-65e5a9156a74-groupManagement] INFO  server.RaftServerConfigKeys (ConfUtils.java:logGet(46)) - raft.server.log.preallocated.size = 16384 (custom)
2023-07-16 18:57:12,929 [83d11254-7599-4cbf-9408-65e5a9156a74-groupManagement] INFO  server.RaftServerConfigKeys (ConfUtils.java:logGet(46)) - raft.server.log.force.sync.num = 128 (default)
2023-07-16 18:57:12,929 [83d11254-7599-4cbf-9408-65e5a9156a74-groupManagement] INFO  server.RaftServerConfigKeys (ConfUtils.java:logGet(46)) - raft.server.log.statemachine.data.sync = true (default)
2023-07-16 18:57:12,930 [83d11254-7599-4cbf-9408-65e5a9156a74-groupManagement] INFO  server.RaftServerConfigKeys (ConfUtils.java:logGet(46)) - raft.server.log.statemachine.data.sync.timeout = 10s (default)
2023-07-16 18:57:12,930 [83d11254-7599-4cbf-9408-65e5a9156a74-groupManagement] INFO  server.RaftServerConfigKeys (ConfUtils.java:logGet(46)) - raft.server.log.statemachine.data.sync.timeout.retry = -1 (default)
2023-07-16 18:57:12,932 [83d11254-7599-4cbf-9408-65e5a9156a74-groupManagement] INFO  server.RaftServerConfigKeys (ConfUtils.java:logGet(46)) - raft.server.log.write.buffer.size = 1048576 (custom)
2023-07-16 18:57:12,932 [83d11254-7599-4cbf-9408-65e5a9156a74-groupManagement] INFO  server.RaftServerConfigKeys (ConfUtils.java:logGet(46)) - raft.server.log.appender.buffer.byte-limit = 33554432 (custom)
2023-07-16 18:57:12,938 [83d11254-7599-4cbf-9408-65e5a9156a74-groupManagement] INFO  server.RaftServerConfigKeys (ConfUtils.java:logGet(46)) - raft.server.log.unsafe-flush.enabled = false (default)
2023-07-16 18:57:12,938 [83d11254-7599-4cbf-9408-65e5a9156a74-groupManagement] INFO  server.RaftServerConfigKeys (ConfUtils.java:logGet(46)) - raft.server.log.async-flush.enabled = false (default)
2023-07-16 18:57:12,938 [83d11254-7599-4cbf-9408-65e5a9156a74-groupManagement] INFO  server.RaftServerConfigKeys (ConfUtils.java:logGet(46)) - raft.server.log.statemachine.data.caching.enabled = true (custom)
2023-07-16 18:57:12,938 [83d11254-7599-4cbf-9408-65e5a9156a74-groupManagement] INFO  segmented.SegmentedRaftLogWorker (SegmentedRaftLogWorker.java:lambda$new$0(135)) - 83d11254-7599-4cbf-9408-65e5a9156a74@group-D59098DAC26D-SegmentedRaftLogWorker: flushIndex: setUnconditionally 0 -> -1
2023-07-16 18:57:12,938 [83d11254-7599-4cbf-9408-65e5a9156a74-groupManagement] INFO  segmented.SegmentedRaftLogWorker (SegmentedRaftLogWorker.java:lambda$new$0(135)) - 83d11254-7599-4cbf-9408-65e5a9156a74@group-D59098DAC26D-SegmentedRaftLogWorker: safeCacheEvictIndex: setUnconditionally 0 -> -1
2023-07-16 18:57:12,938 [83d11254-7599-4cbf-9408-65e5a9156a74-groupManagement] INFO  server.RaftServer$Division (RaftServerImpl.java:start(342)) - 83d11254-7599-4cbf-9408-65e5a9156a74@group-D59098DAC26D: start as a follower, conf=-1: peers:[2d677a35-33b0-4d15-8cfd-318274acedab|rpc:10.1.0.14:15077|admin:10.1.0.14:15076|client:10.1.0.14:15075|dataStream:10.1.0.14:15078|priority:1|startupRole:FOLLOWER, 6a04ed34-8094-474b-9acd-b8edff3f6d46|rpc:10.1.0.14:15086|admin:10.1.0.14:15085|client:10.1.0.14:15084|dataStream:10.1.0.14:15087|priority:0|startupRole:FOLLOWER, 83d11254-7599-4cbf-9408-65e5a9156a74|rpc:10.1.0.14:15068|admin:10.1.0.14:15067|client:10.1.0.14:15066|dataStream:10.1.0.14:15069|priority:0|startupRole:FOLLOWER]|listeners:[], old=null
2023-07-16 18:57:12,938 [83d11254-7599-4cbf-9408-65e5a9156a74-groupManagement] INFO  server.RaftServer$Division (RaftServerImpl.java:setRole(329)) - 83d11254-7599-4cbf-9408-65e5a9156a74@group-D59098DAC26D: changes role from      null to FOLLOWER at term 0 for startAsFollower
2023-07-16 18:57:12,938 [83d11254-7599-4cbf-9408-65e5a9156a74-groupManagement] INFO  impl.RoleInfo (RoleInfo.java:updateAndGet(139)) - 83d11254-7599-4cbf-9408-65e5a9156a74: start 83d11254-7599-4cbf-9408-65e5a9156a74@group-D59098DAC26D-FollowerState
2023-07-16 18:57:12,943 [83d11254-7599-4cbf-9408-65e5a9156a74-groupManagement] INFO  util.JmxRegister (JmxRegister.java:tryRegister(44)) - Successfully registered JMX Bean with object name Ratis:service=RaftServer,group=group-D59098DAC26D,id=83d11254-7599-4cbf-9408-65e5a9156a74
2023-07-16 18:57:12,943 [83d11254-7599-4cbf-9408-65e5a9156a74-groupManagement] INFO  server.RaftServerConfigKeys (ConfUtils.java:logGet(46)) - raft.server.snapshot.auto.trigger.enabled = true (custom)
2023-07-16 18:57:12,943 [83d11254-7599-4cbf-9408-65e5a9156a74-groupManagement] INFO  server.RaftServerConfigKeys (ConfUtils.java:logGet(46)) - raft.server.snapshot.auto.trigger.threshold = 10000 (custom)
2023-07-16 18:57:12,943 [83d11254-7599-4cbf-9408-65e5a9156a74-groupManagement] INFO  server.RaftServerConfigKeys (ConfUtils.java:logGet(46)) - raft.server.snapshot.retention.file.num = 5 (custom)
2023-07-16 18:57:12,943 [83d11254-7599-4cbf-9408-65e5a9156a74-groupManagement] INFO  server.RaftServerConfigKeys (ConfUtils.java:logGet(46)) - raft.server.log.purge.upto.snapshot.index = false (default)
2023-07-16 18:57:12,944 [83d11254-7599-4cbf-9408-65e5a9156a74@group-D59098DAC26D-FollowerState] INFO  server.RaftServerConfigKeys (ConfUtils.java:logFallback(53)) - raft.server.rpc.first-election.timeout.min = 5s (fallback to raft.server.rpc.timeout.min)
2023-07-16 18:57:12,944 [83d11254-7599-4cbf-9408-65e5a9156a74@group-D59098DAC26D-FollowerState] INFO  server.RaftServerConfigKeys (ConfUtils.java:logFallback(53)) - raft.server.rpc.first-election.timeout.max = 5200ms (fallback to raft.server.rpc.timeout.max)
2023-07-16 18:57:12,944 [PipelineCommandHandlerThread-0] INFO  ratis.XceiverServerRatis (XceiverServerRatis.java:addGroup(804)) - Created group PipelineID=0d25dd17-e3b2-44be-a4f7-d59098dac26d
2023-07-16 18:57:12,962 [grpc-default-executor-1] INFO  server.RaftServer (RaftServerProxy.java:addNew(98)) - 2d677a35-33b0-4d15-8cfd-318274acedab: addNew group-D59098DAC26D:[2d677a35-33b0-4d15-8cfd-318274acedab|rpc:10.1.0.14:15077|admin:10.1.0.14:15076|client:10.1.0.14:15075|dataStream:10.1.0.14:15078|priority:1|startupRole:FOLLOWER, 6a04ed34-8094-474b-9acd-b8edff3f6d46|rpc:10.1.0.14:15086|admin:10.1.0.14:15085|client:10.1.0.14:15084|dataStream:10.1.0.14:15087|priority:0|startupRole:FOLLOWER, 83d11254-7599-4cbf-9408-65e5a9156a74|rpc:10.1.0.14:15068|admin:10.1.0.14:15067|client:10.1.0.14:15066|dataStream:10.1.0.14:15069|priority:0|startupRole:FOLLOWER] returns group-D59098DAC26D:java.util.concurrent.CompletableFuture@3f572889[Not completed]
2023-07-16 18:57:12,963 [2d677a35-33b0-4d15-8cfd-318274acedab-groupManagement] INFO  server.RaftServer$Division (RaftServerImpl.java:<init>(198)) - 2d677a35-33b0-4d15-8cfd-318274acedab: new RaftServerImpl for group-D59098DAC26D:[2d677a35-33b0-4d15-8cfd-318274acedab|rpc:10.1.0.14:15077|admin:10.1.0.14:15076|client:10.1.0.14:15075|dataStream:10.1.0.14:15078|priority:1|startupRole:FOLLOWER, 6a04ed34-8094-474b-9acd-b8edff3f6d46|rpc:10.1.0.14:15086|admin:10.1.0.14:15085|client:10.1.0.14:15084|dataStream:10.1.0.14:15087|priority:0|startupRole:FOLLOWER, 83d11254-7599-4cbf-9408-65e5a9156a74|rpc:10.1.0.14:15068|admin:10.1.0.14:15067|client:10.1.0.14:15066|dataStream:10.1.0.14:15069|priority:0|startupRole:FOLLOWER] with ContainerStateMachine:uninitialized
2023-07-16 18:57:12,963 [2d677a35-33b0-4d15-8cfd-318274acedab-groupManagement] INFO  server.RaftServerConfigKeys (ConfUtils.java:logGet(46)) - raft.server.rpc.timeout.min = 5s (custom)
2023-07-16 18:57:12,963 [2d677a35-33b0-4d15-8cfd-318274acedab-groupManagement] INFO  server.RaftServerConfigKeys (ConfUtils.java:logGet(46)) - raft.server.rpc.timeout.max = 5200ms (custom)
2023-07-16 18:57:12,963 [2d677a35-33b0-4d15-8cfd-318274acedab-groupManagement] INFO  server.RaftServerConfigKeys (ConfUtils.java:logGet(46)) - raft.server.rpc.sleep.time = 25ms (default)
2023-07-16 18:57:12,963 [2d677a35-33b0-4d15-8cfd-318274acedab-groupManagement] INFO  server.RaftServerConfigKeys (ConfUtils.java:logGet(46)) - raft.server.rpc.slowness.timeout = 300s (custom)
2023-07-16 18:57:12,963 [2d677a35-33b0-4d15-8cfd-318274acedab-groupManagement] INFO  server.RaftServerConfigKeys (ConfUtils.java:logGet(46)) - raft.server.leaderelection.leader.step-down.wait-time = 10s (default)
2023-07-16 18:57:12,963 [2d677a35-33b0-4d15-8cfd-318274acedab-groupManagement] INFO  server.RaftServerConfigKeys (ConfUtils.java:logGet(46)) - raft.server.sleep.deviation.threshold = 300ms (default)
2023-07-16 18:57:12,963 [2d677a35-33b0-4d15-8cfd-318274acedab-groupManagement] INFO  server.RaftServer$Division (ServerState.java:<init>(120)) - 2d677a35-33b0-4d15-8cfd-318274acedab@group-D59098DAC26D: ConfigurationManager, init=-1: peers:[2d677a35-33b0-4d15-8cfd-318274acedab|rpc:10.1.0.14:15077|admin:10.1.0.14:15076|client:10.1.0.14:15075|dataStream:10.1.0.14:15078|priority:1|startupRole:FOLLOWER, 6a04ed34-8094-474b-9acd-b8edff3f6d46|rpc:10.1.0.14:15086|admin:10.1.0.14:15085|client:10.1.0.14:15084|dataStream:10.1.0.14:15087|priority:0|startupRole:FOLLOWER, 83d11254-7599-4cbf-9408-65e5a9156a74|rpc:10.1.0.14:15068|admin:10.1.0.14:15067|client:10.1.0.14:15066|dataStream:10.1.0.14:15069|priority:0|startupRole:FOLLOWER]|listeners:[], old=null, confs=<EMPTY_MAP>
2023-07-16 18:57:12,964 [2d677a35-33b0-4d15-8cfd-318274acedab-groupManagement] INFO  server.RaftServerConfigKeys (ConfUtils.java:logGet(46)) - raft.server.storage.dir = [/home/runner/work/ozone/ozone/hadoop-ozone/integration-test/target/test-dir/MiniOzoneClusterImpl-8e52da8c-19f0-467e-9375-6950100829a3/datanode-7/data/ratis] (custom)
2023-07-16 18:57:12,964 [2d677a35-33b0-4d15-8cfd-318274acedab-groupManagement] INFO  server.RaftServerConfigKeys (ConfUtils.java:logGet(46)) - raft.server.log.corruption.policy = EXCEPTION (default)
2023-07-16 18:57:12,964 [2d677a35-33b0-4d15-8cfd-318274acedab-groupManagement] INFO  server.RaftServerConfigKeys (ConfUtils.java:logGet(46)) - raft.server.storage.free-space.min = 0MB (=0) (default)
2023-07-16 18:57:12,964 [2d677a35-33b0-4d15-8cfd-318274acedab-groupManagement] INFO  server.RaftServerConfigKeys (ConfUtils.java:logGet(46)) - raft.server.notification.no-leader.timeout = 300s (custom)
2023-07-16 18:57:12,964 [2d677a35-33b0-4d15-8cfd-318274acedab-groupManagement] INFO  server.RaftServerConfigKeys (ConfUtils.java:logGet(46)) - raft.server.read.timeout = 10s (default)
2023-07-16 18:57:12,964 [2d677a35-33b0-4d15-8cfd-318274acedab-groupManagement] INFO  server.RaftServerConfigKeys (ConfUtils.java:logGet(46)) - raft.server.retrycache.expirytime = 600000ms (custom)
2023-07-16 18:57:12,964 [2d677a35-33b0-4d15-8cfd-318274acedab-groupManagement] INFO  server.RaftServerConfigKeys (ConfUtils.java:logGet(46)) - raft.server.retrycache.statistics.expirytime = 100μs (default)
2023-07-16 18:57:12,964 [2d677a35-33b0-4d15-8cfd-318274acedab-groupManagement] INFO  server.RaftServerConfigKeys (ConfUtils.java:logGet(46)) - raft.server.read.option = DEFAULT (default)
2023-07-16 18:57:12,965 [2d677a35-33b0-4d15-8cfd-318274acedab-groupManagement] INFO  server.RaftServerConfigKeys (ConfUtils.java:logGet(46)) - raft.server.rpc.request.timeout = 60s (custom)
2023-07-16 18:57:12,965 [2d677a35-33b0-4d15-8cfd-318274acedab-groupManagement] INFO  server.RaftServerConfigKeys (ConfUtils.java:logGet(46)) - raft.server.log.appender.install.snapshot.enabled = false (custom)
2023-07-16 18:57:12,965 [2d677a35-33b0-4d15-8cfd-318274acedab-groupManagement] INFO  server.RaftServerConfigKeys (ConfUtils.java:logGet(46)) - raft.server.threadpool.server.cached = true (default)
2023-07-16 18:57:12,965 [2d677a35-33b0-4d15-8cfd-318274acedab-groupManagement] INFO  server.RaftServerConfigKeys (ConfUtils.java:logGet(46)) - raft.server.threadpool.server.size = 0 (default)
2023-07-16 18:57:12,965 [2d677a35-33b0-4d15-8cfd-318274acedab-groupManagement] INFO  server.RaftServerConfigKeys (ConfUtils.java:logGet(46)) - raft.server.threadpool.client.cached = true (default)
2023-07-16 18:57:12,966 [2d677a35-33b0-4d15-8cfd-318274acedab-groupManagement] INFO  server.RaftServerConfigKeys (ConfUtils.java:logGet(46)) - raft.server.threadpool.client.size = 0 (default)
2023-07-16 18:57:12,966 [2d677a35-33b0-4d15-8cfd-318274acedab-groupManagement] INFO  storage.RaftStorageDirectory (RaftStorageDirectoryImpl.java:analyzeStorage(137)) - The storage directory /home/runner/work/ozone/ozone/hadoop-ozone/integration-test/target/test-dir/MiniOzoneClusterImpl-8e52da8c-19f0-467e-9375-6950100829a3/datanode-7/data/ratis/0d25dd17-e3b2-44be-a4f7-d59098dac26d does not exist. Creating ...
2023-07-16 18:57:12,967 [2d677a35-33b0-4d15-8cfd-318274acedab-groupManagement] INFO  storage.RaftStorageDirectory (RaftStorageDirectoryImpl.java:tryLock(231)) - Lock on /home/runner/work/ozone/ozone/hadoop-ozone/integration-test/target/test-dir/MiniOzoneClusterImpl-8e52da8c-19f0-467e-9375-6950100829a3/datanode-7/data/ratis/0d25dd17-e3b2-44be-a4f7-d59098dac26d/in_use.lock acquired by nodename 109267@fv-az587-727
2023-07-16 18:57:12,968 [2d677a35-33b0-4d15-8cfd-318274acedab-groupManagement] INFO  storage.RaftStorage (RaftStorageImpl.java:format(96)) - Storage directory /home/runner/work/ozone/ozone/hadoop-ozone/integration-test/target/test-dir/MiniOzoneClusterImpl-8e52da8c-19f0-467e-9375-6950100829a3/datanode-7/data/ratis/0d25dd17-e3b2-44be-a4f7-d59098dac26d has been successfully formatted.
2023-07-16 18:57:12,969 [2d677a35-33b0-4d15-8cfd-318274acedab-groupManagement] INFO  ratis.ContainerStateMachine (ContainerStateMachine.java:loadSnapshot(262)) - group-D59098DAC26D: The snapshot info is null. Setting the last applied indexto:(t:0, i:~)
2023-07-16 18:57:12,970 [2d677a35-33b0-4d15-8cfd-318274acedab-groupManagement] INFO  server.RaftServerConfigKeys (ConfUtils.java:logGet(46)) - raft.server.log.use.memory = false (default)
2023-07-16 18:57:12,971 [2d677a35-33b0-4d15-8cfd-318274acedab-groupManagement] INFO  server.RaftServerConfigKeys (ConfUtils.java:logGet(46)) - raft.server.log.purge.gap = 1000000 (custom)
2023-07-16 18:57:12,971 [2d677a35-33b0-4d15-8cfd-318274acedab-groupManagement] INFO  server.RaftServerConfigKeys (ConfUtils.java:logGet(46)) - raft.server.log.appender.buffer.byte-limit = 33554432 (custom)
2023-07-16 18:57:12,971 [2d677a35-33b0-4d15-8cfd-318274acedab-groupManagement] INFO  server.RaftServerConfigKeys (ConfUtils.java:logGet(46)) - raft.server.log.statemachine.data.read.timeout = 1000ms (default)
2023-07-16 18:57:12,971 [2d677a35-33b0-4d15-8cfd-318274acedab-groupManagement] INFO  server.RaftServerConfigKeys (ConfUtils.java:logGet(46)) - raft.server.log.purge.preservation.log.num = 0 (default)
2023-07-16 18:57:12,971 [2d677a35-33b0-4d15-8cfd-318274acedab-groupManagement] INFO  server.RaftServerConfigKeys (ConfUtils.java:logGet(46)) - raft.server.log.segment.size.max = 1048576 (custom)
2023-07-16 18:57:12,972 [2d677a35-33b0-4d15-8cfd-318274acedab-groupManagement] INFO  server.RaftServerConfigKeys (ConfUtils.java:logGet(46)) - raft.server.log.segment.cache.num.max = 2 (custom)
2023-07-16 18:57:12,972 [2d677a35-33b0-4d15-8cfd-318274acedab-groupManagement] INFO  server.RaftServerConfigKeys (ConfUtils.java:logGet(46)) - raft.server.log.segment.cache.size.max = 200MB (=209715200) (default)
2023-07-16 18:57:12,972 [2d677a35-33b0-4d15-8cfd-318274acedab-groupManagement] INFO  server.RaftServerConfigKeys (ConfUtils.java:logGet(46)) - raft.server.log.appender.buffer.byte-limit = 33554432 (custom)
2023-07-16 18:57:12,972 [2d677a35-33b0-4d15-8cfd-318274acedab-groupManagement] INFO  segmented.SegmentedRaftLogWorker (SegmentedRaftLogWorker.java:<init>(188)) - new 2d677a35-33b0-4d15-8cfd-318274acedab@group-D59098DAC26D-SegmentedRaftLogWorker for RaftStorageImpl:Storage Directory /home/runner/work/ozone/ozone/hadoop-ozone/integration-test/target/test-dir/MiniOzoneClusterImpl-8e52da8c-19f0-467e-9375-6950100829a3/datanode-7/data/ratis/0d25dd17-e3b2-44be-a4f7-d59098dac26d
2023-07-16 18:57:12,972 [2d677a35-33b0-4d15-8cfd-318274acedab-groupManagement] INFO  server.RaftServerConfigKeys (ConfUtils.java:logGet(46)) - raft.server.log.queue.byte-limit = 4294967296 (custom)
2023-07-16 18:57:12,972 [2d677a35-33b0-4d15-8cfd-318274acedab-groupManagement] INFO  server.RaftServerConfigKeys (ConfUtils.java:logGet(46)) - raft.server.log.queue.element-limit = 1024 (custom)
2023-07-16 18:57:12,973 [2d677a35-33b0-4d15-8cfd-318274acedab-groupManagement] INFO  server.RaftServerConfigKeys (ConfUtils.java:logGet(46)) - raft.server.log.segment.size.max = 1048576 (custom)
2023-07-16 18:57:12,973 [2d677a35-33b0-4d15-8cfd-318274acedab-groupManagement] INFO  server.RaftServerConfigKeys (ConfUtils.java:logGet(46)) - raft.server.log.preallocated.size = 16384 (custom)
2023-07-16 18:57:12,973 [2d677a35-33b0-4d15-8cfd-318274acedab-groupManagement] INFO  server.RaftServerConfigKeys (ConfUtils.java:logGet(46)) - raft.server.log.force.sync.num = 128 (default)
2023-07-16 18:57:12,973 [2d677a35-33b0-4d15-8cfd-318274acedab-groupManagement] INFO  server.RaftServerConfigKeys (ConfUtils.java:logGet(46)) - raft.server.log.statemachine.data.sync = true (default)
2023-07-16 18:57:12,973 [2d677a35-33b0-4d15-8cfd-318274acedab-groupManagement] INFO  server.RaftServerConfigKeys (ConfUtils.java:logGet(46)) - raft.server.log.statemachine.data.sync.timeout = 10s (default)
2023-07-16 18:57:12,974 [2d677a35-33b0-4d15-8cfd-318274acedab-groupManagement] INFO  server.RaftServerConfigKeys (ConfUtils.java:logGet(46)) - raft.server.log.statemachine.data.sync.timeout.retry = -1 (default)
2023-07-16 18:57:12,975 [2d677a35-33b0-4d15-8cfd-318274acedab-groupManagement] INFO  server.RaftServerConfigKeys (ConfUtils.java:logGet(46)) - raft.server.log.write.buffer.size = 1048576 (custom)
2023-07-16 18:57:12,976 [2d677a35-33b0-4d15-8cfd-318274acedab-groupManagement] INFO  server.RaftServerConfigKeys (ConfUtils.java:logGet(46)) - raft.server.log.appender.buffer.byte-limit = 33554432 (custom)
2023-07-16 18:57:12,981 [2d677a35-33b0-4d15-8cfd-318274acedab-groupManagement] INFO  server.RaftServerConfigKeys (ConfUtils.java:logGet(46)) - raft.server.log.unsafe-flush.enabled = false (default)
2023-07-16 18:57:12,982 [2d677a35-33b0-4d15-8cfd-318274acedab-groupManagement] INFO  server.RaftServerConfigKeys (ConfUtils.java:logGet(46)) - raft.server.log.async-flush.enabled = false (default)
2023-07-16 18:57:12,982 [2d677a35-33b0-4d15-8cfd-318274acedab-groupManagement] INFO  server.RaftServerConfigKeys (ConfUtils.java:logGet(46)) - raft.server.log.statemachine.data.caching.enabled = true (custom)
2023-07-16 18:57:12,982 [2d677a35-33b0-4d15-8cfd-318274acedab-groupManagement] INFO  segmented.SegmentedRaftLogWorker (SegmentedRaftLogWorker.java:lambda$new$0(135)) - 2d677a35-33b0-4d15-8cfd-318274acedab@group-D59098DAC26D-SegmentedRaftLogWorker: flushIndex: setUnconditionally 0 -> -1
2023-07-16 18:57:12,982 [2d677a35-33b0-4d15-8cfd-318274acedab-groupManagement] INFO  segmented.SegmentedRaftLogWorker (SegmentedRaftLogWorker.java:lambda$new$0(135)) - 2d677a35-33b0-4d15-8cfd-318274acedab@group-D59098DAC26D-SegmentedRaftLogWorker: safeCacheEvictIndex: setUnconditionally 0 -> -1
2023-07-16 18:57:12,982 [2d677a35-33b0-4d15-8cfd-318274acedab-groupManagement] INFO  server.RaftServer$Division (RaftServerImpl.java:start(342)) - 2d677a35-33b0-4d15-8cfd-318274acedab@group-D59098DAC26D: start as a follower, conf=-1: peers:[2d677a35-33b0-4d15-8cfd-318274acedab|rpc:10.1.0.14:15077|admin:10.1.0.14:15076|client:10.1.0.14:15075|dataStream:10.1.0.14:15078|priority:1|startupRole:FOLLOWER, 6a04ed34-8094-474b-9acd-b8edff3f6d46|rpc:10.1.0.14:15086|admin:10.1.0.14:15085|client:10.1.0.14:15084|dataStream:10.1.0.14:15087|priority:0|startupRole:FOLLOWER, 83d11254-7599-4cbf-9408-65e5a9156a74|rpc:10.1.0.14:15068|admin:10.1.0.14:15067|client:10.1.0.14:15066|dataStream:10.1.0.14:15069|priority:0|startupRole:FOLLOWER]|listeners:[], old=null
2023-07-16 18:57:12,982 [2d677a35-33b0-4d15-8cfd-318274acedab-groupManagement] INFO  server.RaftServer$Division (RaftServerImpl.java:setRole(329)) - 2d677a35-33b0-4d15-8cfd-318274acedab@group-D59098DAC26D: changes role from      null to FOLLOWER at term 0 for startAsFollower
2023-07-16 18:57:12,982 [2d677a35-33b0-4d15-8cfd-318274acedab-groupManagement] INFO  impl.RoleInfo (RoleInfo.java:updateAndGet(139)) - 2d677a35-33b0-4d15-8cfd-318274acedab: start 2d677a35-33b0-4d15-8cfd-318274acedab@group-D59098DAC26D-FollowerState
2023-07-16 18:57:12,983 [2d677a35-33b0-4d15-8cfd-318274acedab@group-D59098DAC26D-FollowerState] INFO  server.RaftServerConfigKeys (ConfUtils.java:logFallback(53)) - raft.server.rpc.first-election.timeout.min = 5s (fallback to raft.server.rpc.timeout.min)
2023-07-16 18:57:12,983 [2d677a35-33b0-4d15-8cfd-318274acedab@group-D59098DAC26D-FollowerState] INFO  server.RaftServerConfigKeys (ConfUtils.java:logFallback(53)) - raft.server.rpc.first-election.timeout.max = 5200ms (fallback to raft.server.rpc.timeout.max)
2023-07-16 18:57:12,984 [2d677a35-33b0-4d15-8cfd-318274acedab-groupManagement] INFO  util.JmxRegister (JmxRegister.java:tryRegister(44)) - Successfully registered JMX Bean with object name Ratis:service=RaftServer,group=group-D59098DAC26D,id=2d677a35-33b0-4d15-8cfd-318274acedab
2023-07-16 18:57:12,984 [2d677a35-33b0-4d15-8cfd-318274acedab-groupManagement] INFO  server.RaftServerConfigKeys (ConfUtils.java:logGet(46)) - raft.server.snapshot.auto.trigger.enabled = true (custom)
2023-07-16 18:57:12,984 [2d677a35-33b0-4d15-8cfd-318274acedab-groupManagement] INFO  server.RaftServerConfigKeys (ConfUtils.java:logGet(46)) - raft.server.snapshot.auto.trigger.threshold = 10000 (custom)
2023-07-16 18:57:12,984 [2d677a35-33b0-4d15-8cfd-318274acedab-groupManagement] INFO  server.RaftServerConfigKeys (ConfUtils.java:logGet(46)) - raft.server.snapshot.retention.file.num = 5 (custom)
2023-07-16 18:57:12,984 [2d677a35-33b0-4d15-8cfd-318274acedab-groupManagement] INFO  server.RaftServerConfigKeys (ConfUtils.java:logGet(46)) - raft.server.log.purge.upto.snapshot.index = false (default)
2023-07-16 18:57:13,014 [grpc-default-executor-1] INFO  server.RaftServer (RaftServerProxy.java:addNew(98)) - 6a04ed34-8094-474b-9acd-b8edff3f6d46: addNew group-D59098DAC26D:[2d677a35-33b0-4d15-8cfd-318274acedab|rpc:10.1.0.14:15077|admin:10.1.0.14:15076|client:10.1.0.14:15075|dataStream:10.1.0.14:15078|priority:1|startupRole:FOLLOWER, 6a04ed34-8094-474b-9acd-b8edff3f6d46|rpc:10.1.0.14:15086|admin:10.1.0.14:15085|client:10.1.0.14:15084|dataStream:10.1.0.14:15087|priority:0|startupRole:FOLLOWER, 83d11254-7599-4cbf-9408-65e5a9156a74|rpc:10.1.0.14:15068|admin:10.1.0.14:15067|client:10.1.0.14:15066|dataStream:10.1.0.14:15069|priority:0|startupRole:FOLLOWER] returns group-D59098DAC26D:java.util.concurrent.CompletableFuture@6046c7b2[Not completed]
2023-07-16 18:57:13,016 [6a04ed34-8094-474b-9acd-b8edff3f6d46-groupManagement] INFO  server.RaftServer$Division (RaftServerImpl.java:<init>(198)) - 6a04ed34-8094-474b-9acd-b8edff3f6d46: new RaftServerImpl for group-D59098DAC26D:[2d677a35-33b0-4d15-8cfd-318274acedab|rpc:10.1.0.14:15077|admin:10.1.0.14:15076|client:10.1.0.14:15075|dataStream:10.1.0.14:15078|priority:1|startupRole:FOLLOWER, 6a04ed34-8094-474b-9acd-b8edff3f6d46|rpc:10.1.0.14:15086|admin:10.1.0.14:15085|client:10.1.0.14:15084|dataStream:10.1.0.14:15087|priority:0|startupRole:FOLLOWER, 83d11254-7599-4cbf-9408-65e5a9156a74|rpc:10.1.0.14:15068|admin:10.1.0.14:15067|client:10.1.0.14:15066|dataStream:10.1.0.14:15069|priority:0|startupRole:FOLLOWER] with ContainerStateMachine:uninitialized
2023-07-16 18:57:13,016 [6a04ed34-8094-474b-9acd-b8edff3f6d46-groupManagement] INFO  server.RaftServerConfigKeys (ConfUtils.java:logGet(46)) - raft.server.rpc.timeout.min = 5s (custom)
2023-07-16 18:57:13,017 [6a04ed34-8094-474b-9acd-b8edff3f6d46-groupManagement] INFO  server.RaftServerConfigKeys (ConfUtils.java:logGet(46)) - raft.server.rpc.timeout.max = 5200ms (custom)
2023-07-16 18:57:13,017 [6a04ed34-8094-474b-9acd-b8edff3f6d46-groupManagement] INFO  server.RaftServerConfigKeys (ConfUtils.java:logGet(46)) - raft.server.rpc.sleep.time = 25ms (default)
2023-07-16 18:57:13,017 [6a04ed34-8094-474b-9acd-b8edff3f6d46-groupManagement] INFO  server.RaftServerConfigKeys (ConfUtils.java:logGet(46)) - raft.server.rpc.slowness.timeout = 300s (custom)
2023-07-16 18:57:13,017 [6a04ed34-8094-474b-9acd-b8edff3f6d46-groupManagement] INFO  server.RaftServerConfigKeys (ConfUtils.java:logGet(46)) - raft.server.leaderelection.leader.step-down.wait-time = 10s (default)
2023-07-16 18:57:13,017 [6a04ed34-8094-474b-9acd-b8edff3f6d46-groupManagement] INFO  server.RaftServerConfigKeys (ConfUtils.java:logGet(46)) - raft.server.sleep.deviation.threshold = 300ms (default)
2023-07-16 18:57:13,017 [6a04ed34-8094-474b-9acd-b8edff3f6d46-groupManagement] INFO  server.RaftServer$Division (ServerState.java:<init>(120)) - 6a04ed34-8094-474b-9acd-b8edff3f6d46@group-D59098DAC26D: ConfigurationManager, init=-1: peers:[2d677a35-33b0-4d15-8cfd-318274acedab|rpc:10.1.0.14:15077|admin:10.1.0.14:15076|client:10.1.0.14:15075|dataStream:10.1.0.14:15078|priority:1|startupRole:FOLLOWER, 6a04ed34-8094-474b-9acd-b8edff3f6d46|rpc:10.1.0.14:15086|admin:10.1.0.14:15085|client:10.1.0.14:15084|dataStream:10.1.0.14:15087|priority:0|startupRole:FOLLOWER, 83d11254-7599-4cbf-9408-65e5a9156a74|rpc:10.1.0.14:15068|admin:10.1.0.14:15067|client:10.1.0.14:15066|dataStream:10.1.0.14:15069|priority:0|startupRole:FOLLOWER]|listeners:[], old=null, confs=<EMPTY_MAP>
2023-07-16 18:57:13,017 [6a04ed34-8094-474b-9acd-b8edff3f6d46-groupManagement] INFO  server.RaftServerConfigKeys (ConfUtils.java:logGet(46)) - raft.server.storage.dir = [/home/runner/work/ozone/ozone/hadoop-ozone/integration-test/target/test-dir/MiniOzoneClusterImpl-8e52da8c-19f0-467e-9375-6950100829a3/datanode-8/data/ratis] (custom)
2023-07-16 18:57:13,017 [6a04ed34-8094-474b-9acd-b8edff3f6d46-groupManagement] INFO  server.RaftServerConfigKeys (ConfUtils.java:logGet(46)) - raft.server.log.corruption.policy = EXCEPTION (default)
2023-07-16 18:57:13,017 [6a04ed34-8094-474b-9acd-b8edff3f6d46-groupManagement] INFO  server.RaftServerConfigKeys (ConfUtils.java:logGet(46)) - raft.server.storage.free-space.min = 0MB (=0) (default)
2023-07-16 18:57:13,017 [6a04ed34-8094-474b-9acd-b8edff3f6d46-groupManagement] INFO  server.RaftServerConfigKeys (ConfUtils.java:logGet(46)) - raft.server.notification.no-leader.timeout = 300s (custom)
2023-07-16 18:57:13,017 [6a04ed34-8094-474b-9acd-b8edff3f6d46-groupManagement] INFO  server.RaftServerConfigKeys (ConfUtils.java:logGet(46)) - raft.server.read.timeout = 10s (default)
2023-07-16 18:57:13,017 [6a04ed34-8094-474b-9acd-b8edff3f6d46-groupManagement] INFO  server.RaftServerConfigKeys (ConfUtils.java:logGet(46)) - raft.server.retrycache.expirytime = 600000ms (custom)
2023-07-16 18:57:13,017 [6a04ed34-8094-474b-9acd-b8edff3f6d46-groupManagement] INFO  server.RaftServerConfigKeys (ConfUtils.java:logGet(46)) - raft.server.retrycache.statistics.expirytime = 100μs (default)
2023-07-16 18:57:13,017 [6a04ed34-8094-474b-9acd-b8edff3f6d46-groupManagement] INFO  server.RaftServerConfigKeys (ConfUtils.java:logGet(46)) - raft.server.read.option = DEFAULT (default)
2023-07-16 18:57:13,018 [6a04ed34-8094-474b-9acd-b8edff3f6d46-groupManagement] INFO  server.RaftServerConfigKeys (ConfUtils.java:logGet(46)) - raft.server.rpc.request.timeout = 60s (custom)
2023-07-16 18:57:13,019 [6a04ed34-8094-474b-9acd-b8edff3f6d46-groupManagement] INFO  server.RaftServerConfigKeys (ConfUtils.java:logGet(46)) - raft.server.log.appender.install.snapshot.enabled = false (custom)
2023-07-16 18:57:13,019 [6a04ed34-8094-474b-9acd-b8edff3f6d46-groupManagement] INFO  server.RaftServerConfigKeys (ConfUtils.java:logGet(46)) - raft.server.threadpool.server.cached = true (default)
2023-07-16 18:57:13,019 [6a04ed34-8094-474b-9acd-b8edff3f6d46-groupManagement] INFO  server.RaftServerConfigKeys (ConfUtils.java:logGet(46)) - raft.server.threadpool.server.size = 0 (default)
2023-07-16 18:57:13,019 [6a04ed34-8094-474b-9acd-b8edff3f6d46-groupManagement] INFO  server.RaftServerConfigKeys (ConfUtils.java:logGet(46)) - raft.server.threadpool.client.cached = true (default)
2023-07-16 18:57:13,019 [6a04ed34-8094-474b-9acd-b8edff3f6d46-groupManagement] INFO  server.RaftServerConfigKeys (ConfUtils.java:logGet(46)) - raft.server.threadpool.client.size = 0 (default)
2023-07-16 18:57:13,019 [6a04ed34-8094-474b-9acd-b8edff3f6d46-groupManagement] INFO  storage.RaftStorageDirectory (RaftStorageDirectoryImpl.java:analyzeStorage(137)) - The storage directory /home/runner/work/ozone/ozone/hadoop-ozone/integration-test/target/test-dir/MiniOzoneClusterImpl-8e52da8c-19f0-467e-9375-6950100829a3/datanode-8/data/ratis/0d25dd17-e3b2-44be-a4f7-d59098dac26d does not exist. Creating ...
2023-07-16 18:57:13,020 [6a04ed34-8094-474b-9acd-b8edff3f6d46-groupManagement] INFO  storage.RaftStorageDirectory (RaftStorageDirectoryImpl.java:tryLock(231)) - Lock on /home/runner/work/ozone/ozone/hadoop-ozone/integration-test/target/test-dir/MiniOzoneClusterImpl-8e52da8c-19f0-467e-9375-6950100829a3/datanode-8/data/ratis/0d25dd17-e3b2-44be-a4f7-d59098dac26d/in_use.lock acquired by nodename 109267@fv-az587-727
2023-07-16 18:57:13,022 [6a04ed34-8094-474b-9acd-b8edff3f6d46-groupManagement] INFO  storage.RaftStorage (RaftStorageImpl.java:format(96)) - Storage directory /home/runner/work/ozone/ozone/hadoop-ozone/integration-test/target/test-dir/MiniOzoneClusterImpl-8e52da8c-19f0-467e-9375-6950100829a3/datanode-8/data/ratis/0d25dd17-e3b2-44be-a4f7-d59098dac26d has been successfully formatted.
2023-07-16 18:57:13,023 [6a04ed34-8094-474b-9acd-b8edff3f6d46-groupManagement] INFO  ratis.ContainerStateMachine (ContainerStateMachine.java:loadSnapshot(262)) - group-D59098DAC26D: The snapshot info is null. Setting the last applied indexto:(t:0, i:~)
2023-07-16 18:57:13,024 [6a04ed34-8094-474b-9acd-b8edff3f6d46-groupManagement] INFO  server.RaftServerConfigKeys (ConfUtils.java:logGet(46)) - raft.server.log.use.memory = false (default)
2023-07-16 18:57:13,024 [6a04ed34-8094-474b-9acd-b8edff3f6d46-groupManagement] INFO  server.RaftServerConfigKeys (ConfUtils.java:logGet(46)) - raft.server.log.purge.gap = 1000000 (custom)
2023-07-16 18:57:13,024 [6a04ed34-8094-474b-9acd-b8edff3f6d46-groupManagement] INFO  server.RaftServerConfigKeys (ConfUtils.java:logGet(46)) - raft.server.log.appender.buffer.byte-limit = 33554432 (custom)
2023-07-16 18:57:13,024 [6a04ed34-8094-474b-9acd-b8edff3f6d46-groupManagement] INFO  server.RaftServerConfigKeys (ConfUtils.java:logGet(46)) - raft.server.log.statemachine.data.read.timeout = 1000ms (default)
2023-07-16 18:57:13,024 [6a04ed34-8094-474b-9acd-b8edff3f6d46-groupManagement] INFO  server.RaftServerConfigKeys (ConfUtils.java:logGet(46)) - raft.server.log.purge.preservation.log.num = 0 (default)
2023-07-16 18:57:13,024 [6a04ed34-8094-474b-9acd-b8edff3f6d46-groupManagement] INFO  server.RaftServerConfigKeys (ConfUtils.java:logGet(46)) - raft.server.log.segment.size.max = 1048576 (custom)
2023-07-16 18:57:13,026 [6a04ed34-8094-474b-9acd-b8edff3f6d46-groupManagement] INFO  server.RaftServerConfigKeys (ConfUtils.java:logGet(46)) - raft.server.log.segment.cache.num.max = 2 (custom)
2023-07-16 18:57:13,026 [6a04ed34-8094-474b-9acd-b8edff3f6d46-groupManagement] INFO  server.RaftServerConfigKeys (ConfUtils.java:logGet(46)) - raft.server.log.segment.cache.size.max = 200MB (=209715200) (default)
2023-07-16 18:57:13,026 [6a04ed34-8094-474b-9acd-b8edff3f6d46-groupManagement] INFO  server.RaftServerConfigKeys (ConfUtils.java:logGet(46)) - raft.server.log.appender.buffer.byte-limit = 33554432 (custom)
2023-07-16 18:57:13,026 [6a04ed34-8094-474b-9acd-b8edff3f6d46-groupManagement] INFO  segmented.SegmentedRaftLogWorker (SegmentedRaftLogWorker.java:<init>(188)) - new 6a04ed34-8094-474b-9acd-b8edff3f6d46@group-D59098DAC26D-SegmentedRaftLogWorker for RaftStorageImpl:Storage Directory /home/runner/work/ozone/ozone/hadoop-ozone/integration-test/target/test-dir/MiniOzoneClusterImpl-8e52da8c-19f0-467e-9375-6950100829a3/datanode-8/data/ratis/0d25dd17-e3b2-44be-a4f7-d59098dac26d
2023-07-16 18:57:13,026 [6a04ed34-8094-474b-9acd-b8edff3f6d46-groupManagement] INFO  server.RaftServerConfigKeys (ConfUtils.java:logGet(46)) - raft.server.log.queue.byte-limit = 4294967296 (custom)
2023-07-16 18:57:13,026 [6a04ed34-8094-474b-9acd-b8edff3f6d46-groupManagement] INFO  server.RaftServerConfigKeys (ConfUtils.java:logGet(46)) - raft.server.log.queue.element-limit = 1024 (custom)
2023-07-16 18:57:13,026 [6a04ed34-8094-474b-9acd-b8edff3f6d46-groupManagement] INFO  server.RaftServerConfigKeys (ConfUtils.java:logGet(46)) - raft.server.log.segment.size.max = 1048576 (custom)
2023-07-16 18:57:13,026 [6a04ed34-8094-474b-9acd-b8edff3f6d46-groupManagement] INFO  server.RaftServerConfigKeys (ConfUtils.java:logGet(46)) - raft.server.log.preallocated.size = 16384 (custom)
2023-07-16 18:57:13,026 [6a04ed34-8094-474b-9acd-b8edff3f6d46-groupManagement] INFO  server.RaftServerConfigKeys (ConfUtils.java:logGet(46)) - raft.server.log.force.sync.num = 128 (default)
2023-07-16 18:57:13,026 [6a04ed34-8094-474b-9acd-b8edff3f6d46-groupManagement] INFO  server.RaftServerConfigKeys (ConfUtils.java:logGet(46)) - raft.server.log.statemachine.data.sync = true (default)
2023-07-16 18:57:13,026 [6a04ed34-8094-474b-9acd-b8edff3f6d46-groupManagement] INFO  server.RaftServerConfigKeys (ConfUtils.java:logGet(46)) - raft.server.log.statemachine.data.sync.timeout = 10s (default)
2023-07-16 18:57:13,026 [6a04ed34-8094-474b-9acd-b8edff3f6d46-groupManagement] INFO  server.RaftServerConfigKeys (ConfUtils.java:logGet(46)) - raft.server.log.statemachine.data.sync.timeout.retry = -1 (default)
2023-07-16 18:57:13,029 [6a04ed34-8094-474b-9acd-b8edff3f6d46-groupManagement] INFO  server.RaftServerConfigKeys (ConfUtils.java:logGet(46)) - raft.server.log.write.buffer.size = 1048576 (custom)
2023-07-16 18:57:13,029 [6a04ed34-8094-474b-9acd-b8edff3f6d46-groupManagement] INFO  server.RaftServerConfigKeys (ConfUtils.java:logGet(46)) - raft.server.log.appender.buffer.byte-limit = 33554432 (custom)
2023-07-16 18:57:13,038 [6a04ed34-8094-474b-9acd-b8edff3f6d46-groupManagement] INFO  server.RaftServerConfigKeys (ConfUtils.java:logGet(46)) - raft.server.log.unsafe-flush.enabled = false (default)
2023-07-16 18:57:13,038 [6a04ed34-8094-474b-9acd-b8edff3f6d46-groupManagement] INFO  server.RaftServerConfigKeys (ConfUtils.java:logGet(46)) - raft.server.log.async-flush.enabled = false (default)
2023-07-16 18:57:13,039 [6a04ed34-8094-474b-9acd-b8edff3f6d46-groupManagement] INFO  server.RaftServerConfigKeys (ConfUtils.java:logGet(46)) - raft.server.log.statemachine.data.caching.enabled = true (custom)
2023-07-16 18:57:13,039 [6a04ed34-8094-474b-9acd-b8edff3f6d46-groupManagement] INFO  segmented.SegmentedRaftLogWorker (SegmentedRaftLogWorker.java:lambda$new$0(135)) - 6a04ed34-8094-474b-9acd-b8edff3f6d46@group-D59098DAC26D-SegmentedRaftLogWorker: flushIndex: setUnconditionally 0 -> -1
2023-07-16 18:57:13,039 [6a04ed34-8094-474b-9acd-b8edff3f6d46-groupManagement] INFO  segmented.SegmentedRaftLogWorker (SegmentedRaftLogWorker.java:lambda$new$0(135)) - 6a04ed34-8094-474b-9acd-b8edff3f6d46@group-D59098DAC26D-SegmentedRaftLogWorker: safeCacheEvictIndex: setUnconditionally 0 -> -1
2023-07-16 18:57:13,039 [6a04ed34-8094-474b-9acd-b8edff3f6d46-groupManagement] INFO  server.RaftServer$Division (RaftServerImpl.java:start(342)) - 6a04ed34-8094-474b-9acd-b8edff3f6d46@group-D59098DAC26D: start as a follower, conf=-1: peers:[2d677a35-33b0-4d15-8cfd-318274acedab|rpc:10.1.0.14:15077|admin:10.1.0.14:15076|client:10.1.0.14:15075|dataStream:10.1.0.14:15078|priority:1|startupRole:FOLLOWER, 6a04ed34-8094-474b-9acd-b8edff3f6d46|rpc:10.1.0.14:15086|admin:10.1.0.14:15085|client:10.1.0.14:15084|dataStream:10.1.0.14:15087|priority:0|startupRole:FOLLOWER, 83d11254-7599-4cbf-9408-65e5a9156a74|rpc:10.1.0.14:15068|admin:10.1.0.14:15067|client:10.1.0.14:15066|dataStream:10.1.0.14:15069|priority:0|startupRole:FOLLOWER]|listeners:[], old=null
2023-07-16 18:57:13,039 [6a04ed34-8094-474b-9acd-b8edff3f6d46-groupManagement] INFO  server.RaftServer$Division (RaftServerImpl.java:setRole(329)) - 6a04ed34-8094-474b-9acd-b8edff3f6d46@group-D59098DAC26D: changes role from      null to FOLLOWER at term 0 for startAsFollower
2023-07-16 18:57:13,039 [6a04ed34-8094-474b-9acd-b8edff3f6d46-groupManagement] INFO  impl.RoleInfo (RoleInfo.java:updateAndGet(139)) - 6a04ed34-8094-474b-9acd-b8edff3f6d46: start 6a04ed34-8094-474b-9acd-b8edff3f6d46@group-D59098DAC26D-FollowerState
2023-07-16 18:57:13,040 [6a04ed34-8094-474b-9acd-b8edff3f6d46-groupManagement] INFO  util.JmxRegister (JmxRegister.java:tryRegister(44)) - Successfully registered JMX Bean with object name Ratis:service=RaftServer,group=group-D59098DAC26D,id=6a04ed34-8094-474b-9acd-b8edff3f6d46
2023-07-16 18:57:13,040 [6a04ed34-8094-474b-9acd-b8edff3f6d46-groupManagement] INFO  server.RaftServerConfigKeys (ConfUtils.java:logGet(46)) - raft.server.snapshot.auto.trigger.enabled = true (custom)
2023-07-16 18:57:13,040 [6a04ed34-8094-474b-9acd-b8edff3f6d46-groupManagement] INFO  server.RaftServerConfigKeys (ConfUtils.java:logGet(46)) - raft.server.snapshot.auto.trigger.threshold = 10000 (custom)
2023-07-16 18:57:13,040 [6a04ed34-8094-474b-9acd-b8edff3f6d46-groupManagement] INFO  server.RaftServerConfigKeys (ConfUtils.java:logGet(46)) - raft.server.snapshot.retention.file.num = 5 (custom)
2023-07-16 18:57:13,040 [6a04ed34-8094-474b-9acd-b8edff3f6d46-groupManagement] INFO  server.RaftServerConfigKeys (ConfUtils.java:logGet(46)) - raft.server.log.purge.upto.snapshot.index = false (default)
2023-07-16 18:57:13,040 [6a04ed34-8094-474b-9acd-b8edff3f6d46@group-D59098DAC26D-FollowerState] INFO  server.RaftServerConfigKeys (ConfUtils.java:logFallback(53)) - raft.server.rpc.first-election.timeout.min = 5s (fallback to raft.server.rpc.timeout.min)
2023-07-16 18:57:13,040 [6a04ed34-8094-474b-9acd-b8edff3f6d46@group-D59098DAC26D-FollowerState] INFO  server.RaftServerConfigKeys (ConfUtils.java:logFallback(53)) - raft.server.rpc.first-election.timeout.max = 5200ms (fallback to raft.server.rpc.timeout.max)
2023-07-16 18:57:13,057 [PipelineCommandHandlerThread-0] INFO  commandhandler.CreatePipelineCommandHandler (CreatePipelineCommandHandler.java:lambda$handle$2(124)) - Created Pipeline RATIS THREE PipelineID=0d25dd17-e3b2-44be-a4f7-d59098dac26d.
2023-07-16 18:57:13,151 [PipelineCommandHandlerThread-0] INFO  server.RaftServer (RaftServerProxy.java:addNew(98)) - 2d677a35-33b0-4d15-8cfd-318274acedab: addNew group-C287F8508E9F:[2d677a35-33b0-4d15-8cfd-318274acedab|rpc:10.1.0.14:15077|admin:10.1.0.14:15076|client:10.1.0.14:15075|dataStream:10.1.0.14:15078|priority:1|startupRole:FOLLOWER] returns group-C287F8508E9F:java.util.concurrent.CompletableFuture@5706fbce[Not completed]
2023-07-16 18:57:13,152 [2d677a35-33b0-4d15-8cfd-318274acedab-groupManagement] INFO  server.RaftServer$Division (RaftServerImpl.java:<init>(198)) - 2d677a35-33b0-4d15-8cfd-318274acedab: new RaftServerImpl for group-C287F8508E9F:[2d677a35-33b0-4d15-8cfd-318274acedab|rpc:10.1.0.14:15077|admin:10.1.0.14:15076|client:10.1.0.14:15075|dataStream:10.1.0.14:15078|priority:1|startupRole:FOLLOWER] with ContainerStateMachine:uninitialized
2023-07-16 18:57:13,152 [2d677a35-33b0-4d15-8cfd-318274acedab-groupManagement] INFO  server.RaftServerConfigKeys (ConfUtils.java:logGet(46)) - raft.server.rpc.timeout.min = 5s (custom)
2023-07-16 18:57:13,152 [2d677a35-33b0-4d15-8cfd-318274acedab-groupManagement] INFO  server.RaftServerConfigKeys (ConfUtils.java:logGet(46)) - raft.server.rpc.timeout.max = 5200ms (custom)
2023-07-16 18:57:13,152 [2d677a35-33b0-4d15-8cfd-318274acedab-groupManagement] INFO  server.RaftServerConfigKeys (ConfUtils.java:logGet(46)) - raft.server.rpc.sleep.time = 25ms (default)
2023-07-16 18:57:13,152 [2d677a35-33b0-4d15-8cfd-318274acedab-groupManagement] INFO  server.RaftServerConfigKeys (ConfUtils.java:logGet(46)) - raft.server.rpc.slowness.timeout = 300s (custom)
2023-07-16 18:57:13,152 [2d677a35-33b0-4d15-8cfd-318274acedab-groupManagement] INFO  server.RaftServerConfigKeys (ConfUtils.java:logGet(46)) - raft.server.leaderelection.leader.step-down.wait-time = 10s (default)
2023-07-16 18:57:13,153 [2d677a35-33b0-4d15-8cfd-318274acedab-groupManagement] INFO  server.RaftServerConfigKeys (ConfUtils.java:logGet(46)) - raft.server.sleep.deviation.threshold = 300ms (default)
2023-07-16 18:57:13,153 [2d677a35-33b0-4d15-8cfd-318274acedab-groupManagement] INFO  server.RaftServer$Division (ServerState.java:<init>(120)) - 2d677a35-33b0-4d15-8cfd-318274acedab@group-C287F8508E9F: ConfigurationManager, init=-1: peers:[2d677a35-33b0-4d15-8cfd-318274acedab|rpc:10.1.0.14:15077|admin:10.1.0.14:15076|client:10.1.0.14:15075|dataStream:10.1.0.14:15078|priority:1|startupRole:FOLLOWER]|listeners:[], old=null, confs=<EMPTY_MAP>
2023-07-16 18:57:13,153 [2d677a35-33b0-4d15-8cfd-318274acedab-groupManagement] INFO  server.RaftServerConfigKeys (ConfUtils.java:logGet(46)) - raft.server.storage.dir = [/home/runner/work/ozone/ozone/hadoop-ozone/integration-test/target/test-dir/MiniOzoneClusterImpl-8e52da8c-19f0-467e-9375-6950100829a3/datanode-7/data/ratis] (custom)
2023-07-16 18:57:13,153 [2d677a35-33b0-4d15-8cfd-318274acedab-groupManagement] INFO  server.RaftServerConfigKeys (ConfUtils.java:logGet(46)) - raft.server.log.corruption.policy = EXCEPTION (default)
2023-07-16 18:57:13,153 [2d677a35-33b0-4d15-8cfd-318274acedab-groupManagement] INFO  server.RaftServerConfigKeys (ConfUtils.java:logGet(46)) - raft.server.storage.free-space.min = 0MB (=0) (default)
2023-07-16 18:57:13,153 [2d677a35-33b0-4d15-8cfd-318274acedab-groupManagement] INFO  server.RaftServerConfigKeys (ConfUtils.java:logGet(46)) - raft.server.notification.no-leader.timeout = 300s (custom)
2023-07-16 18:57:13,153 [2d677a35-33b0-4d15-8cfd-318274acedab-groupManagement] INFO  server.RaftServerConfigKeys (ConfUtils.java:logGet(46)) - raft.server.read.timeout = 10s (default)
2023-07-16 18:57:13,153 [2d677a35-33b0-4d15-8cfd-318274acedab-groupManagement] INFO  server.RaftServerConfigKeys (ConfUtils.java:logGet(46)) - raft.server.retrycache.expirytime = 600000ms (custom)
2023-07-16 18:57:13,153 [2d677a35-33b0-4d15-8cfd-318274acedab-groupManagement] INFO  server.RaftServerConfigKeys (ConfUtils.java:logGet(46)) - raft.server.retrycache.statistics.expirytime = 100μs (default)
2023-07-16 18:57:13,153 [2d677a35-33b0-4d15-8cfd-318274acedab-groupManagement] INFO  server.RaftServerConfigKeys (ConfUtils.java:logGet(46)) - raft.server.read.option = DEFAULT (default)
2023-07-16 18:57:13,154 [2d677a35-33b0-4d15-8cfd-318274acedab-groupManagement] INFO  server.RaftServerConfigKeys (ConfUtils.java:logGet(46)) - raft.server.rpc.request.timeout = 60s (custom)
2023-07-16 18:57:13,154 [2d677a35-33b0-4d15-8cfd-318274acedab-groupManagement] INFO  server.RaftServerConfigKeys (ConfUtils.java:logGet(46)) - raft.server.log.appender.install.snapshot.enabled = false (custom)
2023-07-16 18:57:13,154 [2d677a35-33b0-4d15-8cfd-318274acedab-groupManagement] INFO  server.RaftServerConfigKeys (ConfUtils.java:logGet(46)) - raft.server.threadpool.server.cached = true (default)
2023-07-16 18:57:13,154 [2d677a35-33b0-4d15-8cfd-318274acedab-groupManagement] INFO  server.RaftServerConfigKeys (ConfUtils.java:logGet(46)) - raft.server.threadpool.server.size = 0 (default)
2023-07-16 18:57:13,154 [2d677a35-33b0-4d15-8cfd-318274acedab-groupManagement] INFO  server.RaftServerConfigKeys (ConfUtils.java:logGet(46)) - raft.server.threadpool.client.cached = true (default)
2023-07-16 18:57:13,155 [2d677a35-33b0-4d15-8cfd-318274acedab-groupManagement] INFO  server.RaftServerConfigKeys (ConfUtils.java:logGet(46)) - raft.server.threadpool.client.size = 0 (default)
2023-07-16 18:57:13,155 [2d677a35-33b0-4d15-8cfd-318274acedab-groupManagement] INFO  storage.RaftStorageDirectory (RaftStorageDirectoryImpl.java:analyzeStorage(137)) - The storage directory /home/runner/work/ozone/ozone/hadoop-ozone/integration-test/target/test-dir/MiniOzoneClusterImpl-8e52da8c-19f0-467e-9375-6950100829a3/datanode-7/data/ratis/ffe0e75e-f810-4d6b-ac33-c287f8508e9f does not exist. Creating ...
2023-07-16 18:57:13,156 [2d677a35-33b0-4d15-8cfd-318274acedab-groupManagement] INFO  storage.RaftStorageDirectory (RaftStorageDirectoryImpl.java:tryLock(231)) - Lock on /home/runner/work/ozone/ozone/hadoop-ozone/integration-test/target/test-dir/MiniOzoneClusterImpl-8e52da8c-19f0-467e-9375-6950100829a3/datanode-7/data/ratis/ffe0e75e-f810-4d6b-ac33-c287f8508e9f/in_use.lock acquired by nodename 109267@fv-az587-727
2023-07-16 18:57:13,157 [2d677a35-33b0-4d15-8cfd-318274acedab-groupManagement] INFO  storage.RaftStorage (RaftStorageImpl.java:format(96)) - Storage directory /home/runner/work/ozone/ozone/hadoop-ozone/integration-test/target/test-dir/MiniOzoneClusterImpl-8e52da8c-19f0-467e-9375-6950100829a3/datanode-7/data/ratis/ffe0e75e-f810-4d6b-ac33-c287f8508e9f has been successfully formatted.
2023-07-16 18:57:13,159 [EventQueue-PipelineReportForPipelineReportHandler] INFO  pipeline.PipelineReportHandler (PipelineReportHandler.java:processPipelineReport(136)) - Opened pipeline PipelineID=ffe0e75e-f810-4d6b-ac33-c287f8508e9f
2023-07-16 18:57:13,159 [EventQueue-OpenPipelineForHealthyPipelineSafeModeRule] INFO  safemode.SCMSafeModeManager (HealthyPipelineSafeModeRule.java:process(137)) - SCM in safe mode. Healthy pipelines reported count is 0, required healthy pipeline reported count is 1
2023-07-16 18:57:13,160 [2d677a35-33b0-4d15-8cfd-318274acedab-groupManagement] INFO  ratis.ContainerStateMachine (ContainerStateMachine.java:loadSnapshot(262)) - group-C287F8508E9F: The snapshot info is null. Setting the last applied indexto:(t:0, i:~)
2023-07-16 18:57:13,160 [2d677a35-33b0-4d15-8cfd-318274acedab-groupManagement] INFO  server.RaftServerConfigKeys (ConfUtils.java:logGet(46)) - raft.server.log.use.memory = false (default)
2023-07-16 18:57:13,160 [2d677a35-33b0-4d15-8cfd-318274acedab-groupManagement] INFO  server.RaftServerConfigKeys (ConfUtils.java:logGet(46)) - raft.server.log.purge.gap = 1000000 (custom)
2023-07-16 18:57:13,160 [2d677a35-33b0-4d15-8cfd-318274acedab-groupManagement] INFO  server.RaftServerConfigKeys (ConfUtils.java:logGet(46)) - raft.server.log.appender.buffer.byte-limit = 33554432 (custom)
2023-07-16 18:57:13,160 [2d677a35-33b0-4d15-8cfd-318274acedab-groupManagement] INFO  server.RaftServerConfigKeys (ConfUtils.java:logGet(46)) - raft.server.log.statemachine.data.read.timeout = 1000ms (default)
2023-07-16 18:57:13,160 [2d677a35-33b0-4d15-8cfd-318274acedab-groupManagement] INFO  server.RaftServerConfigKeys (ConfUtils.java:logGet(46)) - raft.server.log.purge.preservation.log.num = 0 (default)
2023-07-16 18:57:13,160 [2d677a35-33b0-4d15-8cfd-318274acedab-groupManagement] INFO  server.RaftServerConfigKeys (ConfUtils.java:logGet(46)) - raft.server.log.segment.size.max = 1048576 (custom)
2023-07-16 18:57:13,160 [2d677a35-33b0-4d15-8cfd-318274acedab-groupManagement] INFO  server.RaftServerConfigKeys (ConfUtils.java:logGet(46)) - raft.server.log.segment.cache.num.max = 2 (custom)
2023-07-16 18:57:13,160 [2d677a35-33b0-4d15-8cfd-318274acedab-groupManagement] INFO  server.RaftServerConfigKeys (ConfUtils.java:logGet(46)) - raft.server.log.segment.cache.size.max = 200MB (=209715200) (default)
2023-07-16 18:57:13,160 [2d677a35-33b0-4d15-8cfd-318274acedab-groupManagement] INFO  server.RaftServerConfigKeys (ConfUtils.java:logGet(46)) - raft.server.log.appender.buffer.byte-limit = 33554432 (custom)
2023-07-16 18:57:13,161 [2d677a35-33b0-4d15-8cfd-318274acedab-groupManagement] INFO  segmented.SegmentedRaftLogWorker (SegmentedRaftLogWorker.java:<init>(188)) - new 2d677a35-33b0-4d15-8cfd-318274acedab@group-C287F8508E9F-SegmentedRaftLogWorker for RaftStorageImpl:Storage Directory /home/runner/work/ozone/ozone/hadoop-ozone/integration-test/target/test-dir/MiniOzoneClusterImpl-8e52da8c-19f0-467e-9375-6950100829a3/datanode-7/data/ratis/ffe0e75e-f810-4d6b-ac33-c287f8508e9f
2023-07-16 18:57:13,161 [2d677a35-33b0-4d15-8cfd-318274acedab-groupManagement] INFO  server.RaftServerConfigKeys (ConfUtils.java:logGet(46)) - raft.server.log.queue.byte-limit = 4294967296 (custom)
2023-07-16 18:57:13,161 [2d677a35-33b0-4d15-8cfd-318274acedab-groupManagement] INFO  server.RaftServerConfigKeys (ConfUtils.java:logGet(46)) - raft.server.log.queue.element-limit = 1024 (custom)
2023-07-16 18:57:13,161 [2d677a35-33b0-4d15-8cfd-318274acedab-groupManagement] INFO  server.RaftServerConfigKeys (ConfUtils.java:logGet(46)) - raft.server.log.segment.size.max = 1048576 (custom)
2023-07-16 18:57:13,161 [2d677a35-33b0-4d15-8cfd-318274acedab-groupManagement] INFO  server.RaftServerConfigKeys (ConfUtils.java:logGet(46)) - raft.server.log.preallocated.size = 16384 (custom)
2023-07-16 18:57:13,161 [2d677a35-33b0-4d15-8cfd-318274acedab-groupManagement] INFO  server.RaftServerConfigKeys (ConfUtils.java:logGet(46)) - raft.server.log.force.sync.num = 128 (default)
2023-07-16 18:57:13,161 [2d677a35-33b0-4d15-8cfd-318274acedab-groupManagement] INFO  server.RaftServerConfigKeys (ConfUtils.java:logGet(46)) - raft.server.log.statemachine.data.sync = true (default)
2023-07-16 18:57:13,161 [2d677a35-33b0-4d15-8cfd-318274acedab-groupManagement] INFO  server.RaftServerConfigKeys (ConfUtils.java:logGet(46)) - raft.server.log.statemachine.data.sync.timeout = 10s (default)
2023-07-16 18:57:13,161 [2d677a35-33b0-4d15-8cfd-318274acedab-groupManagement] INFO  server.RaftServerConfigKeys (ConfUtils.java:logGet(46)) - raft.server.log.statemachine.data.sync.timeout.retry = -1 (default)
2023-07-16 18:57:13,162 [2d677a35-33b0-4d15-8cfd-318274acedab-groupManagement] INFO  server.RaftServerConfigKeys (ConfUtils.java:logGet(46)) - raft.server.log.write.buffer.size = 1048576 (custom)
2023-07-16 18:57:13,163 [2d677a35-33b0-4d15-8cfd-318274acedab-groupManagement] INFO  server.RaftServerConfigKeys (ConfUtils.java:logGet(46)) - raft.server.log.appender.buffer.byte-limit = 33554432 (custom)
2023-07-16 18:57:13,170 [2d677a35-33b0-4d15-8cfd-318274acedab-groupManagement] INFO  server.RaftServerConfigKeys (ConfUtils.java:logGet(46)) - raft.server.log.unsafe-flush.enabled = false (default)
2023-07-16 18:57:13,170 [2d677a35-33b0-4d15-8cfd-318274acedab-groupManagement] INFO  server.RaftServerConfigKeys (ConfUtils.java:logGet(46)) - raft.server.log.async-flush.enabled = false (default)
2023-07-16 18:57:13,170 [2d677a35-33b0-4d15-8cfd-318274acedab-groupManagement] INFO  server.RaftServerConfigKeys (ConfUtils.java:logGet(46)) - raft.server.log.statemachine.data.caching.enabled = true (custom)
2023-07-16 18:57:13,170 [2d677a35-33b0-4d15-8cfd-318274acedab-groupManagement] INFO  segmented.SegmentedRaftLogWorker (SegmentedRaftLogWorker.java:lambda$new$0(135)) - 2d677a35-33b0-4d15-8cfd-318274acedab@group-C287F8508E9F-SegmentedRaftLogWorker: flushIndex: setUnconditionally 0 -> -1
2023-07-16 18:57:13,170 [2d677a35-33b0-4d15-8cfd-318274acedab-groupManagement] INFO  segmented.SegmentedRaftLogWorker (SegmentedRaftLogWorker.java:lambda$new$0(135)) - 2d677a35-33b0-4d15-8cfd-318274acedab@group-C287F8508E9F-SegmentedRaftLogWorker: safeCacheEvictIndex: setUnconditionally 0 -> -1
2023-07-16 18:57:13,173 [2d677a35-33b0-4d15-8cfd-318274acedab-groupManagement] INFO  server.RaftServer$Division (RaftServerImpl.java:start(342)) - 2d677a35-33b0-4d15-8cfd-318274acedab@group-C287F8508E9F: start as a follower, conf=-1: peers:[2d677a35-33b0-4d15-8cfd-318274acedab|rpc:10.1.0.14:15077|admin:10.1.0.14:15076|client:10.1.0.14:15075|dataStream:10.1.0.14:15078|priority:1|startupRole:FOLLOWER]|listeners:[], old=null
2023-07-16 18:57:13,174 [2d677a35-33b0-4d15-8cfd-318274acedab-groupManagement] INFO  server.RaftServer$Division (RaftServerImpl.java:setRole(329)) - 2d677a35-33b0-4d15-8cfd-318274acedab@group-C287F8508E9F: changes role from      null to FOLLOWER at term 0 for startAsFollower
2023-07-16 18:57:13,174 [2d677a35-33b0-4d15-8cfd-318274acedab-groupManagement] INFO  impl.RoleInfo (RoleInfo.java:updateAndGet(139)) - 2d677a35-33b0-4d15-8cfd-318274acedab: start 2d677a35-33b0-4d15-8cfd-318274acedab@group-C287F8508E9F-FollowerState
2023-07-16 18:57:13,174 [2d677a35-33b0-4d15-8cfd-318274acedab-groupManagement] INFO  util.JmxRegister (JmxRegister.java:tryRegister(44)) - Successfully registered JMX Bean with object name Ratis:service=RaftServer,group=group-C287F8508E9F,id=2d677a35-33b0-4d15-8cfd-318274acedab
2023-07-16 18:57:13,175 [2d677a35-33b0-4d15-8cfd-318274acedab@group-C287F8508E9F-FollowerState] INFO  server.RaftServerConfigKeys (ConfUtils.java:logFallback(53)) - raft.server.rpc.first-election.timeout.min = 5s (fallback to raft.server.rpc.timeout.min)
2023-07-16 18:57:13,175 [2d677a35-33b0-4d15-8cfd-318274acedab-groupManagement] INFO  server.RaftServerConfigKeys (ConfUtils.java:logGet(46)) - raft.server.snapshot.auto.trigger.enabled = true (custom)
2023-07-16 18:57:13,175 [2d677a35-33b0-4d15-8cfd-318274acedab-groupManagement] INFO  server.RaftServerConfigKeys (ConfUtils.java:logGet(46)) - raft.server.snapshot.auto.trigger.threshold = 10000 (custom)
2023-07-16 18:57:13,175 [2d677a35-33b0-4d15-8cfd-318274acedab-groupManagement] INFO  server.RaftServerConfigKeys (ConfUtils.java:logGet(46)) - raft.server.snapshot.retention.file.num = 5 (custom)
2023-07-16 18:57:13,175 [2d677a35-33b0-4d15-8cfd-318274acedab-groupManagement] INFO  server.RaftServerConfigKeys (ConfUtils.java:logGet(46)) - raft.server.log.purge.upto.snapshot.index = false (default)
2023-07-16 18:57:13,175 [2d677a35-33b0-4d15-8cfd-318274acedab@group-C287F8508E9F-FollowerState] INFO  server.RaftServerConfigKeys (ConfUtils.java:logFallback(53)) - raft.server.rpc.first-election.timeout.max = 5200ms (fallback to raft.server.rpc.timeout.max)
2023-07-16 18:57:13,177 [PipelineCommandHandlerThread-0] INFO  ratis.XceiverServerRatis (XceiverServerRatis.java:addGroup(804)) - Created group PipelineID=ffe0e75e-f810-4d6b-ac33-c287f8508e9f
2023-07-16 18:57:13,177 [PipelineCommandHandlerThread-0] INFO  commandhandler.CreatePipelineCommandHandler (CreatePipelineCommandHandler.java:lambda$handle$2(124)) - Created Pipeline RATIS ONE PipelineID=ffe0e75e-f810-4d6b-ac33-c287f8508e9f.
2023-07-16 18:57:13,644 [main] INFO  ozone.MiniOzoneClusterImpl (MiniOzoneClusterImpl.java:lambda$waitForClusterToBeReady$0(224)) - Nodes are ready. Got 10 of 10 DN Heartbeats.
2023-07-16 18:57:13,645 [main] INFO  ozone.MiniOzoneClusterImpl (MiniOzoneClusterImpl.java:lambda$waitForClusterToBeReady$0(227)) - Waiting for cluster to exit safe mode
2023-07-16 18:57:13,645 [main] INFO  ozone.MiniOzoneClusterImpl (MiniOzoneClusterImpl.java:lambda$waitForClusterToBeReady$0(229)) - SCM became leader
2023-07-16 18:57:13,685 [PipelineCommandHandlerThread-0] INFO  server.RaftServer (RaftServerProxy.java:addNew(98)) - 6a04ed34-8094-474b-9acd-b8edff3f6d46: addNew group-D09C874424CA:[6a04ed34-8094-474b-9acd-b8edff3f6d46|rpc:10.1.0.14:15086|admin:10.1.0.14:15085|client:10.1.0.14:15084|dataStream:10.1.0.14:15087|priority:1|startupRole:FOLLOWER] returns group-D09C874424CA:java.util.concurrent.CompletableFuture@5b8c6703[Not completed]
2023-07-16 18:57:13,686 [6a04ed34-8094-474b-9acd-b8edff3f6d46-groupManagement] INFO  server.RaftServer$Division (RaftServerImpl.java:<init>(198)) - 6a04ed34-8094-474b-9acd-b8edff3f6d46: new RaftServerImpl for group-D09C874424CA:[6a04ed34-8094-474b-9acd-b8edff3f6d46|rpc:10.1.0.14:15086|admin:10.1.0.14:15085|client:10.1.0.14:15084|dataStream:10.1.0.14:15087|priority:1|startupRole:FOLLOWER] with ContainerStateMachine:uninitialized
2023-07-16 18:57:13,686 [6a04ed34-8094-474b-9acd-b8edff3f6d46-groupManagement] INFO  server.RaftServerConfigKeys (ConfUtils.java:logGet(46)) - raft.server.rpc.timeout.min = 5s (custom)
2023-07-16 18:57:13,686 [6a04ed34-8094-474b-9acd-b8edff3f6d46-groupManagement] INFO  server.RaftServerConfigKeys (ConfUtils.java:logGet(46)) - raft.server.rpc.timeout.max = 5200ms (custom)
2023-07-16 18:57:13,686 [6a04ed34-8094-474b-9acd-b8edff3f6d46-groupManagement] INFO  server.RaftServerConfigKeys (ConfUtils.java:logGet(46)) - raft.server.rpc.sleep.time = 25ms (default)
2023-07-16 18:57:13,686 [6a04ed34-8094-474b-9acd-b8edff3f6d46-groupManagement] INFO  server.RaftServerConfigKeys (ConfUtils.java:logGet(46)) - raft.server.rpc.slowness.timeout = 300s (custom)
2023-07-16 18:57:13,686 [6a04ed34-8094-474b-9acd-b8edff3f6d46-groupManagement] INFO  server.RaftServerConfigKeys (ConfUtils.java:logGet(46)) - raft.server.leaderelection.leader.step-down.wait-time = 10s (default)
2023-07-16 18:57:13,686 [6a04ed34-8094-474b-9acd-b8edff3f6d46-groupManagement] INFO  server.RaftServerConfigKeys (ConfUtils.java:logGet(46)) - raft.server.sleep.deviation.threshold = 300ms (default)
2023-07-16 18:57:13,687 [6a04ed34-8094-474b-9acd-b8edff3f6d46-groupManagement] INFO  server.RaftServer$Division (ServerState.java:<init>(120)) - 6a04ed34-8094-474b-9acd-b8edff3f6d46@group-D09C874424CA: ConfigurationManager, init=-1: peers:[6a04ed34-8094-474b-9acd-b8edff3f6d46|rpc:10.1.0.14:15086|admin:10.1.0.14:15085|client:10.1.0.14:15084|dataStream:10.1.0.14:15087|priority:1|startupRole:FOLLOWER]|listeners:[], old=null, confs=<EMPTY_MAP>
2023-07-16 18:57:13,687 [6a04ed34-8094-474b-9acd-b8edff3f6d46-groupManagement] INFO  server.RaftServerConfigKeys (ConfUtils.java:logGet(46)) - raft.server.storage.dir = [/home/runner/work/ozone/ozone/hadoop-ozone/integration-test/target/test-dir/MiniOzoneClusterImpl-8e52da8c-19f0-467e-9375-6950100829a3/datanode-8/data/ratis] (custom)
2023-07-16 18:57:13,687 [6a04ed34-8094-474b-9acd-b8edff3f6d46-groupManagement] INFO  server.RaftServerConfigKeys (ConfUtils.java:logGet(46)) - raft.server.log.corruption.policy = EXCEPTION (default)
2023-07-16 18:57:13,687 [6a04ed34-8094-474b-9acd-b8edff3f6d46-groupManagement] INFO  server.RaftServerConfigKeys (ConfUtils.java:logGet(46)) - raft.server.storage.free-space.min = 0MB (=0) (default)
2023-07-16 18:57:13,687 [6a04ed34-8094-474b-9acd-b8edff3f6d46-groupManagement] INFO  server.RaftServerConfigKeys (ConfUtils.java:logGet(46)) - raft.server.notification.no-leader.timeout = 300s (custom)
2023-07-16 18:57:13,687 [6a04ed34-8094-474b-9acd-b8edff3f6d46-groupManagement] INFO  server.RaftServerConfigKeys (ConfUtils.java:logGet(46)) - raft.server.read.timeout = 10s (default)
2023-07-16 18:57:13,687 [6a04ed34-8094-474b-9acd-b8edff3f6d46-groupManagement] INFO  server.RaftServerConfigKeys (ConfUtils.java:logGet(46)) - raft.server.retrycache.expirytime = 600000ms (custom)
2023-07-16 18:57:13,687 [6a04ed34-8094-474b-9acd-b8edff3f6d46-groupManagement] INFO  server.RaftServerConfigKeys (ConfUtils.java:logGet(46)) - raft.server.retrycache.statistics.expirytime = 100μs (default)
2023-07-16 18:57:13,687 [6a04ed34-8094-474b-9acd-b8edff3f6d46-groupManagement] INFO  server.RaftServerConfigKeys (ConfUtils.java:logGet(46)) - raft.server.read.option = DEFAULT (default)
2023-07-16 18:57:13,688 [6a04ed34-8094-474b-9acd-b8edff3f6d46-groupManagement] INFO  server.RaftServerConfigKeys (ConfUtils.java:logGet(46)) - raft.server.rpc.request.timeout = 60s (custom)
2023-07-16 18:57:13,688 [6a04ed34-8094-474b-9acd-b8edff3f6d46-groupManagement] INFO  server.RaftServerConfigKeys (ConfUtils.java:logGet(46)) - raft.server.log.appender.install.snapshot.enabled = false (custom)
2023-07-16 18:57:13,689 [6a04ed34-8094-474b-9acd-b8edff3f6d46-groupManagement] INFO  server.RaftServerConfigKeys (ConfUtils.java:logGet(46)) - raft.server.threadpool.server.cached = true (default)
2023-07-16 18:57:13,689 [6a04ed34-8094-474b-9acd-b8edff3f6d46-groupManagement] INFO  server.RaftServerConfigKeys (ConfUtils.java:logGet(46)) - raft.server.threadpool.server.size = 0 (default)
2023-07-16 18:57:13,689 [6a04ed34-8094-474b-9acd-b8edff3f6d46-groupManagement] INFO  server.RaftServerConfigKeys (ConfUtils.java:logGet(46)) - raft.server.threadpool.client.cached = true (default)
2023-07-16 18:57:13,689 [6a04ed34-8094-474b-9acd-b8edff3f6d46-groupManagement] INFO  server.RaftServerConfigKeys (ConfUtils.java:logGet(46)) - raft.server.threadpool.client.size = 0 (default)
2023-07-16 18:57:13,689 [6a04ed34-8094-474b-9acd-b8edff3f6d46-groupManagement] INFO  storage.RaftStorageDirectory (RaftStorageDirectoryImpl.java:analyzeStorage(137)) - The storage directory /home/runner/work/ozone/ozone/hadoop-ozone/integration-test/target/test-dir/MiniOzoneClusterImpl-8e52da8c-19f0-467e-9375-6950100829a3/datanode-8/data/ratis/94356f18-cc3e-4bc8-af4a-d09c874424ca does not exist. Creating ...
2023-07-16 18:57:13,690 [6a04ed34-8094-474b-9acd-b8edff3f6d46-groupManagement] INFO  storage.RaftStorageDirectory (RaftStorageDirectoryImpl.java:tryLock(231)) - Lock on /home/runner/work/ozone/ozone/hadoop-ozone/integration-test/target/test-dir/MiniOzoneClusterImpl-8e52da8c-19f0-467e-9375-6950100829a3/datanode-8/data/ratis/94356f18-cc3e-4bc8-af4a-d09c874424ca/in_use.lock acquired by nodename 109267@fv-az587-727
2023-07-16 18:57:13,691 [6a04ed34-8094-474b-9acd-b8edff3f6d46-groupManagement] INFO  storage.RaftStorage (RaftStorageImpl.java:format(96)) - Storage directory /home/runner/work/ozone/ozone/hadoop-ozone/integration-test/target/test-dir/MiniOzoneClusterImpl-8e52da8c-19f0-467e-9375-6950100829a3/datanode-8/data/ratis/94356f18-cc3e-4bc8-af4a-d09c874424ca has been successfully formatted.
2023-07-16 18:57:13,694 [EventQueue-PipelineReportForPipelineReportHandler] INFO  pipeline.PipelineReportHandler (PipelineReportHandler.java:processPipelineReport(136)) - Opened pipeline PipelineID=94356f18-cc3e-4bc8-af4a-d09c874424ca
2023-07-16 18:57:13,694 [EventQueue-OpenPipelineForHealthyPipelineSafeModeRule] INFO  safemode.SCMSafeModeManager (HealthyPipelineSafeModeRule.java:process(137)) - SCM in safe mode. Healthy pipelines reported count is 0, required healthy pipeline reported count is 1
2023-07-16 18:57:13,696 [6a04ed34-8094-474b-9acd-b8edff3f6d46-groupManagement] INFO  ratis.ContainerStateMachine (ContainerStateMachine.java:loadSnapshot(262)) - group-D09C874424CA: The snapshot info is null. Setting the last applied indexto:(t:0, i:~)
2023-07-16 18:57:13,696 [6a04ed34-8094-474b-9acd-b8edff3f6d46-groupManagement] INFO  server.RaftServerConfigKeys (ConfUtils.java:logGet(46)) - raft.server.log.use.memory = false (default)
2023-07-16 18:57:13,696 [6a04ed34-8094-474b-9acd-b8edff3f6d46-groupManagement] INFO  server.RaftServerConfigKeys (ConfUtils.java:logGet(46)) - raft.server.log.purge.gap = 1000000 (custom)
2023-07-16 18:57:13,696 [6a04ed34-8094-474b-9acd-b8edff3f6d46-groupManagement] INFO  server.RaftServerConfigKeys (ConfUtils.java:logGet(46)) - raft.server.log.appender.buffer.byte-limit = 33554432 (custom)
2023-07-16 18:57:13,696 [6a04ed34-8094-474b-9acd-b8edff3f6d46-groupManagement] INFO  server.RaftServerConfigKeys (ConfUtils.java:logGet(46)) - raft.server.log.statemachine.data.read.timeout = 1000ms (default)
2023-07-16 18:57:13,696 [6a04ed34-8094-474b-9acd-b8edff3f6d46-groupManagement] INFO  server.RaftServerConfigKeys (ConfUtils.java:logGet(46)) - raft.server.log.purge.preservation.log.num = 0 (default)
2023-07-16 18:57:13,697 [6a04ed34-8094-474b-9acd-b8edff3f6d46-groupManagement] INFO  server.RaftServerConfigKeys (ConfUtils.java:logGet(46)) - raft.server.log.segment.size.max = 1048576 (custom)
2023-07-16 18:57:13,697 [6a04ed34-8094-474b-9acd-b8edff3f6d46-groupManagement] INFO  server.RaftServerConfigKeys (ConfUtils.java:logGet(46)) - raft.server.log.segment.cache.num.max = 2 (custom)
2023-07-16 18:57:13,697 [6a04ed34-8094-474b-9acd-b8edff3f6d46-groupManagement] INFO  server.RaftServerConfigKeys (ConfUtils.java:logGet(46)) - raft.server.log.segment.cache.size.max = 200MB (=209715200) (default)
2023-07-16 18:57:13,697 [6a04ed34-8094-474b-9acd-b8edff3f6d46-groupManagement] INFO  server.RaftServerConfigKeys (ConfUtils.java:logGet(46)) - raft.server.log.appender.buffer.byte-limit = 33554432 (custom)
2023-07-16 18:57:13,697 [6a04ed34-8094-474b-9acd-b8edff3f6d46-groupManagement] INFO  segmented.SegmentedRaftLogWorker (SegmentedRaftLogWorker.java:<init>(188)) - new 6a04ed34-8094-474b-9acd-b8edff3f6d46@group-D09C874424CA-SegmentedRaftLogWorker for RaftStorageImpl:Storage Directory /home/runner/work/ozone/ozone/hadoop-ozone/integration-test/target/test-dir/MiniOzoneClusterImpl-8e52da8c-19f0-467e-9375-6950100829a3/datanode-8/data/ratis/94356f18-cc3e-4bc8-af4a-d09c874424ca
2023-07-16 18:57:13,697 [6a04ed34-8094-474b-9acd-b8edff3f6d46-groupManagement] INFO  server.RaftServerConfigKeys (ConfUtils.java:logGet(46)) - raft.server.log.queue.byte-limit = 4294967296 (custom)
2023-07-16 18:57:13,697 [6a04ed34-8094-474b-9acd-b8edff3f6d46-groupManagement] INFO  server.RaftServerConfigKeys (ConfUtils.java:logGet(46)) - raft.server.log.queue.element-limit = 1024 (custom)
2023-07-16 18:57:13,697 [6a04ed34-8094-474b-9acd-b8edff3f6d46-groupManagement] INFO  server.RaftServerConfigKeys (ConfUtils.java:logGet(46)) - raft.server.log.segment.size.max = 1048576 (custom)
2023-07-16 18:57:13,698 [6a04ed34-8094-474b-9acd-b8edff3f6d46-groupManagement] INFO  server.RaftServerConfigKeys (ConfUtils.java:logGet(46)) - raft.server.log.preallocated.size = 16384 (custom)
2023-07-16 18:57:13,698 [6a04ed34-8094-474b-9acd-b8edff3f6d46-groupManagement] INFO  server.RaftServerConfigKeys (ConfUtils.java:logGet(46)) - raft.server.log.force.sync.num = 128 (default)
2023-07-16 18:57:13,698 [6a04ed34-8094-474b-9acd-b8edff3f6d46-groupManagement] INFO  server.RaftServerConfigKeys (ConfUtils.java:logGet(46)) - raft.server.log.statemachine.data.sync = true (default)
2023-07-16 18:57:13,698 [6a04ed34-8094-474b-9acd-b8edff3f6d46-groupManagement] INFO  server.RaftServerConfigKeys (ConfUtils.java:logGet(46)) - raft.server.log.statemachine.data.sync.timeout = 10s (default)
2023-07-16 18:57:13,698 [6a04ed34-8094-474b-9acd-b8edff3f6d46-groupManagement] INFO  server.RaftServerConfigKeys (ConfUtils.java:logGet(46)) - raft.server.log.statemachine.data.sync.timeout.retry = -1 (default)
2023-07-16 18:57:13,700 [6a04ed34-8094-474b-9acd-b8edff3f6d46-groupManagement] INFO  server.RaftServerConfigKeys (ConfUtils.java:logGet(46)) - raft.server.log.write.buffer.size = 1048576 (custom)
2023-07-16 18:57:13,701 [6a04ed34-8094-474b-9acd-b8edff3f6d46-groupManagement] INFO  server.RaftServerConfigKeys (ConfUtils.java:logGet(46)) - raft.server.log.appender.buffer.byte-limit = 33554432 (custom)
2023-07-16 18:57:13,708 [6a04ed34-8094-474b-9acd-b8edff3f6d46-groupManagement] INFO  server.RaftServerConfigKeys (ConfUtils.java:logGet(46)) - raft.server.log.unsafe-flush.enabled = false (default)
2023-07-16 18:57:13,709 [6a04ed34-8094-474b-9acd-b8edff3f6d46-groupManagement] INFO  server.RaftServerConfigKeys (ConfUtils.java:logGet(46)) - raft.server.log.async-flush.enabled = false (default)
2023-07-16 18:57:13,709 [6a04ed34-8094-474b-9acd-b8edff3f6d46-groupManagement] INFO  server.RaftServerConfigKeys (ConfUtils.java:logGet(46)) - raft.server.log.statemachine.data.caching.enabled = true (custom)
2023-07-16 18:57:13,709 [6a04ed34-8094-474b-9acd-b8edff3f6d46-groupManagement] INFO  segmented.SegmentedRaftLogWorker (SegmentedRaftLogWorker.java:lambda$new$0(135)) - 6a04ed34-8094-474b-9acd-b8edff3f6d46@group-D09C874424CA-SegmentedRaftLogWorker: flushIndex: setUnconditionally 0 -> -1
2023-07-16 18:57:13,709 [6a04ed34-8094-474b-9acd-b8edff3f6d46-groupManagement] INFO  segmented.SegmentedRaftLogWorker (SegmentedRaftLogWorker.java:lambda$new$0(135)) - 6a04ed34-8094-474b-9acd-b8edff3f6d46@group-D09C874424CA-SegmentedRaftLogWorker: safeCacheEvictIndex: setUnconditionally 0 -> -1
2023-07-16 18:57:13,710 [6a04ed34-8094-474b-9acd-b8edff3f6d46-groupManagement] INFO  server.RaftServer$Division (RaftServerImpl.java:start(342)) - 6a04ed34-8094-474b-9acd-b8edff3f6d46@group-D09C874424CA: start as a follower, conf=-1: peers:[6a04ed34-8094-474b-9acd-b8edff3f6d46|rpc:10.1.0.14:15086|admin:10.1.0.14:15085|client:10.1.0.14:15084|dataStream:10.1.0.14:15087|priority:1|startupRole:FOLLOWER]|listeners:[], old=null
2023-07-16 18:57:13,710 [6a04ed34-8094-474b-9acd-b8edff3f6d46-groupManagement] INFO  server.RaftServer$Division (RaftServerImpl.java:setRole(329)) - 6a04ed34-8094-474b-9acd-b8edff3f6d46@group-D09C874424CA: changes role from      null to FOLLOWER at term 0 for startAsFollower
2023-07-16 18:57:13,710 [6a04ed34-8094-474b-9acd-b8edff3f6d46-groupManagement] INFO  impl.RoleInfo (RoleInfo.java:updateAndGet(139)) - 6a04ed34-8094-474b-9acd-b8edff3f6d46: start 6a04ed34-8094-474b-9acd-b8edff3f6d46@group-D09C874424CA-FollowerState
2023-07-16 18:57:13,710 [6a04ed34-8094-474b-9acd-b8edff3f6d46-groupManagement] INFO  util.JmxRegister (JmxRegister.java:tryRegister(44)) - Successfully registered JMX Bean with object name Ratis:service=RaftServer,group=group-D09C874424CA,id=6a04ed34-8094-474b-9acd-b8edff3f6d46
2023-07-16 18:57:13,710 [6a04ed34-8094-474b-9acd-b8edff3f6d46-groupManagement] INFO  server.RaftServerConfigKeys (ConfUtils.java:logGet(46)) - raft.server.snapshot.auto.trigger.enabled = true (custom)
2023-07-16 18:57:13,711 [6a04ed34-8094-474b-9acd-b8edff3f6d46-groupManagement] INFO  server.RaftServerConfigKeys (ConfUtils.java:logGet(46)) - raft.server.snapshot.auto.trigger.threshold = 10000 (custom)
2023-07-16 18:57:13,711 [6a04ed34-8094-474b-9acd-b8edff3f6d46-groupManagement] INFO  server.RaftServerConfigKeys (ConfUtils.java:logGet(46)) - raft.server.snapshot.retention.file.num = 5 (custom)
2023-07-16 18:57:13,711 [6a04ed34-8094-474b-9acd-b8edff3f6d46-groupManagement] INFO  server.RaftServerConfigKeys (ConfUtils.java:logGet(46)) - raft.server.log.purge.upto.snapshot.index = false (default)
2023-07-16 18:57:13,711 [6a04ed34-8094-474b-9acd-b8edff3f6d46@group-D09C874424CA-FollowerState] INFO  server.RaftServerConfigKeys (ConfUtils.java:logFallback(53)) - raft.server.rpc.first-election.timeout.min = 5s (fallback to raft.server.rpc.timeout.min)
2023-07-16 18:57:13,712 [6a04ed34-8094-474b-9acd-b8edff3f6d46@group-D09C874424CA-FollowerState] INFO  server.RaftServerConfigKeys (ConfUtils.java:logFallback(53)) - raft.server.rpc.first-election.timeout.max = 5200ms (fallback to raft.server.rpc.timeout.max)
2023-07-16 18:57:13,713 [PipelineCommandHandlerThread-0] INFO  ratis.XceiverServerRatis (XceiverServerRatis.java:addGroup(804)) - Created group PipelineID=94356f18-cc3e-4bc8-af4a-d09c874424ca
2023-07-16 18:57:13,714 [PipelineCommandHandlerThread-0] INFO  commandhandler.CreatePipelineCommandHandler (CreatePipelineCommandHandler.java:lambda$handle$2(124)) - Created Pipeline RATIS ONE PipelineID=94356f18-cc3e-4bc8-af4a-d09c874424ca.
2023-07-16 18:57:14,380 [PipelineCommandHandlerThread-0] INFO  server.RaftServer (RaftServerProxy.java:addNew(98)) - 7fbcf281-0606-4cdd-9e49-7a456e1aa2a0: addNew group-C37A9F251B32:[7fbcf281-0606-4cdd-9e49-7a456e1aa2a0|rpc:10.1.0.14:15095|admin:10.1.0.14:15094|client:10.1.0.14:15093|dataStream:10.1.0.14:15096|priority:1|startupRole:FOLLOWER] returns group-C37A9F251B32:java.util.concurrent.CompletableFuture@432d7bd8[Not completed]
2023-07-16 18:57:14,382 [7fbcf281-0606-4cdd-9e49-7a456e1aa2a0-groupManagement] INFO  server.RaftServer$Division (RaftServerImpl.java:<init>(198)) - 7fbcf281-0606-4cdd-9e49-7a456e1aa2a0: new RaftServerImpl for group-C37A9F251B32:[7fbcf281-0606-4cdd-9e49-7a456e1aa2a0|rpc:10.1.0.14:15095|admin:10.1.0.14:15094|client:10.1.0.14:15093|dataStream:10.1.0.14:15096|priority:1|startupRole:FOLLOWER] with ContainerStateMachine:uninitialized
2023-07-16 18:57:14,382 [7fbcf281-0606-4cdd-9e49-7a456e1aa2a0-groupManagement] INFO  server.RaftServerConfigKeys (ConfUtils.java:logGet(46)) - raft.server.rpc.timeout.min = 5s (custom)
2023-07-16 18:57:14,382 [7fbcf281-0606-4cdd-9e49-7a456e1aa2a0-groupManagement] INFO  server.RaftServerConfigKeys (ConfUtils.java:logGet(46)) - raft.server.rpc.timeout.max = 5200ms (custom)
2023-07-16 18:57:14,382 [7fbcf281-0606-4cdd-9e49-7a456e1aa2a0-groupManagement] INFO  server.RaftServerConfigKeys (ConfUtils.java:logGet(46)) - raft.server.rpc.sleep.time = 25ms (default)
2023-07-16 18:57:14,382 [7fbcf281-0606-4cdd-9e49-7a456e1aa2a0-groupManagement] INFO  server.RaftServerConfigKeys (ConfUtils.java:logGet(46)) - raft.server.rpc.slowness.timeout = 300s (custom)
2023-07-16 18:57:14,382 [7fbcf281-0606-4cdd-9e49-7a456e1aa2a0-groupManagement] INFO  server.RaftServerConfigKeys (ConfUtils.java:logGet(46)) - raft.server.leaderelection.leader.step-down.wait-time = 10s (default)
2023-07-16 18:57:14,382 [7fbcf281-0606-4cdd-9e49-7a456e1aa2a0-groupManagement] INFO  server.RaftServerConfigKeys (ConfUtils.java:logGet(46)) - raft.server.sleep.deviation.threshold = 300ms (default)
2023-07-16 18:57:14,382 [7fbcf281-0606-4cdd-9e49-7a456e1aa2a0-groupManagement] INFO  server.RaftServer$Division (ServerState.java:<init>(120)) - 7fbcf281-0606-4cdd-9e49-7a456e1aa2a0@group-C37A9F251B32: ConfigurationManager, init=-1: peers:[7fbcf281-0606-4cdd-9e49-7a456e1aa2a0|rpc:10.1.0.14:15095|admin:10.1.0.14:15094|client:10.1.0.14:15093|dataStream:10.1.0.14:15096|priority:1|startupRole:FOLLOWER]|listeners:[], old=null, confs=<EMPTY_MAP>
2023-07-16 18:57:14,382 [7fbcf281-0606-4cdd-9e49-7a456e1aa2a0-groupManagement] INFO  server.RaftServerConfigKeys (ConfUtils.java:logGet(46)) - raft.server.storage.dir = [/home/runner/work/ozone/ozone/hadoop-ozone/integration-test/target/test-dir/MiniOzoneClusterImpl-8e52da8c-19f0-467e-9375-6950100829a3/datanode-9/data/ratis] (custom)
2023-07-16 18:57:14,382 [7fbcf281-0606-4cdd-9e49-7a456e1aa2a0-groupManagement] INFO  server.RaftServerConfigKeys (ConfUtils.java:logGet(46)) - raft.server.log.corruption.policy = EXCEPTION (default)
2023-07-16 18:57:14,382 [7fbcf281-0606-4cdd-9e49-7a456e1aa2a0-groupManagement] INFO  server.RaftServerConfigKeys (ConfUtils.java:logGet(46)) - raft.server.storage.free-space.min = 0MB (=0) (default)
2023-07-16 18:57:14,383 [7fbcf281-0606-4cdd-9e49-7a456e1aa2a0-groupManagement] INFO  server.RaftServerConfigKeys (ConfUtils.java:logGet(46)) - raft.server.notification.no-leader.timeout = 300s (custom)
2023-07-16 18:57:14,383 [7fbcf281-0606-4cdd-9e49-7a456e1aa2a0-groupManagement] INFO  server.RaftServerConfigKeys (ConfUtils.java:logGet(46)) - raft.server.read.timeout = 10s (default)
2023-07-16 18:57:14,383 [7fbcf281-0606-4cdd-9e49-7a456e1aa2a0-groupManagement] INFO  server.RaftServerConfigKeys (ConfUtils.java:logGet(46)) - raft.server.retrycache.expirytime = 600000ms (custom)
2023-07-16 18:57:14,383 [7fbcf281-0606-4cdd-9e49-7a456e1aa2a0-groupManagement] INFO  server.RaftServerConfigKeys (ConfUtils.java:logGet(46)) - raft.server.retrycache.statistics.expirytime = 100μs (default)
2023-07-16 18:57:14,383 [7fbcf281-0606-4cdd-9e49-7a456e1aa2a0-groupManagement] INFO  server.RaftServerConfigKeys (ConfUtils.java:logGet(46)) - raft.server.read.option = DEFAULT (default)
2023-07-16 18:57:14,384 [7fbcf281-0606-4cdd-9e49-7a456e1aa2a0-groupManagement] INFO  server.RaftServerConfigKeys (ConfUtils.java:logGet(46)) - raft.server.rpc.request.timeout = 60s (custom)
2023-07-16 18:57:14,384 [7fbcf281-0606-4cdd-9e49-7a456e1aa2a0-groupManagement] INFO  server.RaftServerConfigKeys (ConfUtils.java:logGet(46)) - raft.server.log.appender.install.snapshot.enabled = false (custom)
2023-07-16 18:57:14,384 [7fbcf281-0606-4cdd-9e49-7a456e1aa2a0-groupManagement] INFO  server.RaftServerConfigKeys (ConfUtils.java:logGet(46)) - raft.server.threadpool.server.cached = true (default)
2023-07-16 18:57:14,384 [7fbcf281-0606-4cdd-9e49-7a456e1aa2a0-groupManagement] INFO  server.RaftServerConfigKeys (ConfUtils.java:logGet(46)) - raft.server.threadpool.server.size = 0 (default)
2023-07-16 18:57:14,384 [7fbcf281-0606-4cdd-9e49-7a456e1aa2a0-groupManagement] INFO  server.RaftServerConfigKeys (ConfUtils.java:logGet(46)) - raft.server.threadpool.client.cached = true (default)
2023-07-16 18:57:14,384 [7fbcf281-0606-4cdd-9e49-7a456e1aa2a0-groupManagement] INFO  server.RaftServerConfigKeys (ConfUtils.java:logGet(46)) - raft.server.threadpool.client.size = 0 (default)
2023-07-16 18:57:14,384 [7fbcf281-0606-4cdd-9e49-7a456e1aa2a0-groupManagement] INFO  storage.RaftStorageDirectory (RaftStorageDirectoryImpl.java:analyzeStorage(137)) - The storage directory /home/runner/work/ozone/ozone/hadoop-ozone/integration-test/target/test-dir/MiniOzoneClusterImpl-8e52da8c-19f0-467e-9375-6950100829a3/datanode-9/data/ratis/6995b20d-7a2a-4778-8d99-c37a9f251b32 does not exist. Creating ...
2023-07-16 18:57:14,385 [7fbcf281-0606-4cdd-9e49-7a456e1aa2a0-groupManagement] INFO  storage.RaftStorageDirectory (RaftStorageDirectoryImpl.java:tryLock(231)) - Lock on /home/runner/work/ozone/ozone/hadoop-ozone/integration-test/target/test-dir/MiniOzoneClusterImpl-8e52da8c-19f0-467e-9375-6950100829a3/datanode-9/data/ratis/6995b20d-7a2a-4778-8d99-c37a9f251b32/in_use.lock acquired by nodename 109267@fv-az587-727
2023-07-16 18:57:14,386 [7fbcf281-0606-4cdd-9e49-7a456e1aa2a0-groupManagement] INFO  storage.RaftStorage (RaftStorageImpl.java:format(96)) - Storage directory /home/runner/work/ozone/ozone/hadoop-ozone/integration-test/target/test-dir/MiniOzoneClusterImpl-8e52da8c-19f0-467e-9375-6950100829a3/datanode-9/data/ratis/6995b20d-7a2a-4778-8d99-c37a9f251b32 has been successfully formatted.
2023-07-16 18:57:14,389 [7fbcf281-0606-4cdd-9e49-7a456e1aa2a0-groupManagement] INFO  ratis.ContainerStateMachine (ContainerStateMachine.java:loadSnapshot(262)) - group-C37A9F251B32: The snapshot info is null. Setting the last applied indexto:(t:0, i:~)
2023-07-16 18:57:14,389 [7fbcf281-0606-4cdd-9e49-7a456e1aa2a0-groupManagement] INFO  server.RaftServerConfigKeys (ConfUtils.java:logGet(46)) - raft.server.log.use.memory = false (default)
2023-07-16 18:57:14,389 [7fbcf281-0606-4cdd-9e49-7a456e1aa2a0-groupManagement] INFO  server.RaftServerConfigKeys (ConfUtils.java:logGet(46)) - raft.server.log.purge.gap = 1000000 (custom)
2023-07-16 18:57:14,389 [7fbcf281-0606-4cdd-9e49-7a456e1aa2a0-groupManagement] INFO  server.RaftServerConfigKeys (ConfUtils.java:logGet(46)) - raft.server.log.appender.buffer.byte-limit = 33554432 (custom)
2023-07-16 18:57:14,389 [7fbcf281-0606-4cdd-9e49-7a456e1aa2a0-groupManagement] INFO  server.RaftServerConfigKeys (ConfUtils.java:logGet(46)) - raft.server.log.statemachine.data.read.timeout = 1000ms (default)
2023-07-16 18:57:14,389 [7fbcf281-0606-4cdd-9e49-7a456e1aa2a0-groupManagement] INFO  server.RaftServerConfigKeys (ConfUtils.java:logGet(46)) - raft.server.log.purge.preservation.log.num = 0 (default)
2023-07-16 18:57:14,389 [7fbcf281-0606-4cdd-9e49-7a456e1aa2a0-groupManagement] INFO  server.RaftServerConfigKeys (ConfUtils.java:logGet(46)) - raft.server.log.segment.size.max = 1048576 (custom)
2023-07-16 18:57:14,390 [7fbcf281-0606-4cdd-9e49-7a456e1aa2a0-groupManagement] INFO  server.RaftServerConfigKeys (ConfUtils.java:logGet(46)) - raft.server.log.segment.cache.num.max = 2 (custom)
2023-07-16 18:57:14,390 [7fbcf281-0606-4cdd-9e49-7a456e1aa2a0-groupManagement] INFO  server.RaftServerConfigKeys (ConfUtils.java:logGet(46)) - raft.server.log.segment.cache.size.max = 200MB (=209715200) (default)
2023-07-16 18:57:14,390 [7fbcf281-0606-4cdd-9e49-7a456e1aa2a0-groupManagement] INFO  server.RaftServerConfigKeys (ConfUtils.java:logGet(46)) - raft.server.log.appender.buffer.byte-limit = 33554432 (custom)
2023-07-16 18:57:14,390 [7fbcf281-0606-4cdd-9e49-7a456e1aa2a0-groupManagement] INFO  segmented.SegmentedRaftLogWorker (SegmentedRaftLogWorker.java:<init>(188)) - new 7fbcf281-0606-4cdd-9e49-7a456e1aa2a0@group-C37A9F251B32-SegmentedRaftLogWorker for RaftStorageImpl:Storage Directory /home/runner/work/ozone/ozone/hadoop-ozone/integration-test/target/test-dir/MiniOzoneClusterImpl-8e52da8c-19f0-467e-9375-6950100829a3/datanode-9/data/ratis/6995b20d-7a2a-4778-8d99-c37a9f251b32
2023-07-16 18:57:14,390 [7fbcf281-0606-4cdd-9e49-7a456e1aa2a0-groupManagement] INFO  server.RaftServerConfigKeys (ConfUtils.java:logGet(46)) - raft.server.log.queue.byte-limit = 4294967296 (custom)
2023-07-16 18:57:14,390 [7fbcf281-0606-4cdd-9e49-7a456e1aa2a0-groupManagement] INFO  server.RaftServerConfigKeys (ConfUtils.java:logGet(46)) - raft.server.log.queue.element-limit = 1024 (custom)
2023-07-16 18:57:14,390 [7fbcf281-0606-4cdd-9e49-7a456e1aa2a0-groupManagement] INFO  server.RaftServerConfigKeys (ConfUtils.java:logGet(46)) - raft.server.log.segment.size.max = 1048576 (custom)
2023-07-16 18:57:14,390 [7fbcf281-0606-4cdd-9e49-7a456e1aa2a0-groupManagement] INFO  server.RaftServerConfigKeys (ConfUtils.java:logGet(46)) - raft.server.log.preallocated.size = 16384 (custom)
2023-07-16 18:57:14,390 [7fbcf281-0606-4cdd-9e49-7a456e1aa2a0-groupManagement] INFO  server.RaftServerConfigKeys (ConfUtils.java:logGet(46)) - raft.server.log.force.sync.num = 128 (default)
2023-07-16 18:57:14,390 [7fbcf281-0606-4cdd-9e49-7a456e1aa2a0-groupManagement] INFO  server.RaftServerConfigKeys (ConfUtils.java:logGet(46)) - raft.server.log.statemachine.data.sync = true (default)
2023-07-16 18:57:14,390 [7fbcf281-0606-4cdd-9e49-7a456e1aa2a0-groupManagement] INFO  server.RaftServerConfigKeys (ConfUtils.java:logGet(46)) - raft.server.log.statemachine.data.sync.timeout = 10s (default)
2023-07-16 18:57:14,390 [7fbcf281-0606-4cdd-9e49-7a456e1aa2a0-groupManagement] INFO  server.RaftServerConfigKeys (ConfUtils.java:logGet(46)) - raft.server.log.statemachine.data.sync.timeout.retry = -1 (default)
2023-07-16 18:57:14,391 [7fbcf281-0606-4cdd-9e49-7a456e1aa2a0-groupManagement] INFO  server.RaftServerConfigKeys (ConfUtils.java:logGet(46)) - raft.server.log.write.buffer.size = 1048576 (custom)
2023-07-16 18:57:14,392 [7fbcf281-0606-4cdd-9e49-7a456e1aa2a0-groupManagement] INFO  server.RaftServerConfigKeys (ConfUtils.java:logGet(46)) - raft.server.log.appender.buffer.byte-limit = 33554432 (custom)
2023-07-16 18:57:14,394 [EventQueue-PipelineReportForPipelineReportHandler] INFO  pipeline.PipelineReportHandler (PipelineReportHandler.java:processPipelineReport(136)) - Opened pipeline PipelineID=6995b20d-7a2a-4778-8d99-c37a9f251b32
2023-07-16 18:57:14,394 [EventQueue-OpenPipelineForHealthyPipelineSafeModeRule] INFO  safemode.SCMSafeModeManager (HealthyPipelineSafeModeRule.java:process(137)) - SCM in safe mode. Healthy pipelines reported count is 0, required healthy pipeline reported count is 1
2023-07-16 18:57:14,397 [7fbcf281-0606-4cdd-9e49-7a456e1aa2a0-groupManagement] INFO  server.RaftServerConfigKeys (ConfUtils.java:logGet(46)) - raft.server.log.unsafe-flush.enabled = false (default)
2023-07-16 18:57:14,397 [7fbcf281-0606-4cdd-9e49-7a456e1aa2a0-groupManagement] INFO  server.RaftServerConfigKeys (ConfUtils.java:logGet(46)) - raft.server.log.async-flush.enabled = false (default)
2023-07-16 18:57:14,397 [7fbcf281-0606-4cdd-9e49-7a456e1aa2a0-groupManagement] INFO  server.RaftServerConfigKeys (ConfUtils.java:logGet(46)) - raft.server.log.statemachine.data.caching.enabled = true (custom)
2023-07-16 18:57:14,397 [7fbcf281-0606-4cdd-9e49-7a456e1aa2a0-groupManagement] INFO  segmented.SegmentedRaftLogWorker (SegmentedRaftLogWorker.java:lambda$new$0(135)) - 7fbcf281-0606-4cdd-9e49-7a456e1aa2a0@group-C37A9F251B32-SegmentedRaftLogWorker: flushIndex: setUnconditionally 0 -> -1
2023-07-16 18:57:14,397 [7fbcf281-0606-4cdd-9e49-7a456e1aa2a0-groupManagement] INFO  segmented.SegmentedRaftLogWorker (SegmentedRaftLogWorker.java:lambda$new$0(135)) - 7fbcf281-0606-4cdd-9e49-7a456e1aa2a0@group-C37A9F251B32-SegmentedRaftLogWorker: safeCacheEvictIndex: setUnconditionally 0 -> -1
2023-07-16 18:57:14,397 [7fbcf281-0606-4cdd-9e49-7a456e1aa2a0-groupManagement] INFO  server.RaftServer$Division (RaftServerImpl.java:start(342)) - 7fbcf281-0606-4cdd-9e49-7a456e1aa2a0@group-C37A9F251B32: start as a follower, conf=-1: peers:[7fbcf281-0606-4cdd-9e49-7a456e1aa2a0|rpc:10.1.0.14:15095|admin:10.1.0.14:15094|client:10.1.0.14:15093|dataStream:10.1.0.14:15096|priority:1|startupRole:FOLLOWER]|listeners:[], old=null
2023-07-16 18:57:14,397 [7fbcf281-0606-4cdd-9e49-7a456e1aa2a0-groupManagement] INFO  server.RaftServer$Division (RaftServerImpl.java:setRole(329)) - 7fbcf281-0606-4cdd-9e49-7a456e1aa2a0@group-C37A9F251B32: changes role from      null to FOLLOWER at term 0 for startAsFollower
2023-07-16 18:57:14,398 [7fbcf281-0606-4cdd-9e49-7a456e1aa2a0-groupManagement] INFO  impl.RoleInfo (RoleInfo.java:updateAndGet(139)) - 7fbcf281-0606-4cdd-9e49-7a456e1aa2a0: start 7fbcf281-0606-4cdd-9e49-7a456e1aa2a0@group-C37A9F251B32-FollowerState
2023-07-16 18:57:14,398 [7fbcf281-0606-4cdd-9e49-7a456e1aa2a0-groupManagement] INFO  util.JmxRegister (JmxRegister.java:tryRegister(44)) - Successfully registered JMX Bean with object name Ratis:service=RaftServer,group=group-C37A9F251B32,id=7fbcf281-0606-4cdd-9e49-7a456e1aa2a0
2023-07-16 18:57:14,399 [7fbcf281-0606-4cdd-9e49-7a456e1aa2a0-groupManagement] INFO  server.RaftServerConfigKeys (ConfUtils.java:logGet(46)) - raft.server.snapshot.auto.trigger.enabled = true (custom)
2023-07-16 18:57:14,399 [7fbcf281-0606-4cdd-9e49-7a456e1aa2a0-groupManagement] INFO  server.RaftServerConfigKeys (ConfUtils.java:logGet(46)) - raft.server.snapshot.auto.trigger.threshold = 10000 (custom)
2023-07-16 18:57:14,399 [7fbcf281-0606-4cdd-9e49-7a456e1aa2a0-groupManagement] INFO  server.RaftServerConfigKeys (ConfUtils.java:logGet(46)) - raft.server.snapshot.retention.file.num = 5 (custom)
2023-07-16 18:57:14,399 [7fbcf281-0606-4cdd-9e49-7a456e1aa2a0-groupManagement] INFO  server.RaftServerConfigKeys (ConfUtils.java:logGet(46)) - raft.server.log.purge.upto.snapshot.index = false (default)
2023-07-16 18:57:14,399 [7fbcf281-0606-4cdd-9e49-7a456e1aa2a0@group-C37A9F251B32-FollowerState] INFO  server.RaftServerConfigKeys (ConfUtils.java:logFallback(53)) - raft.server.rpc.first-election.timeout.min = 5s (fallback to raft.server.rpc.timeout.min)
2023-07-16 18:57:14,399 [7fbcf281-0606-4cdd-9e49-7a456e1aa2a0@group-C37A9F251B32-FollowerState] INFO  server.RaftServerConfigKeys (ConfUtils.java:logFallback(53)) - raft.server.rpc.first-election.timeout.max = 5200ms (fallback to raft.server.rpc.timeout.max)
2023-07-16 18:57:14,401 [PipelineCommandHandlerThread-0] INFO  ratis.XceiverServerRatis (XceiverServerRatis.java:addGroup(804)) - Created group PipelineID=6995b20d-7a2a-4778-8d99-c37a9f251b32
2023-07-16 18:57:14,401 [PipelineCommandHandlerThread-0] INFO  commandhandler.CreatePipelineCommandHandler (CreatePipelineCommandHandler.java:lambda$handle$2(124)) - Created Pipeline RATIS ONE PipelineID=6995b20d-7a2a-4778-8d99-c37a9f251b32.
2023-07-16 18:57:14,645 [main] INFO  ozone.MiniOzoneClusterImpl (MiniOzoneClusterImpl.java:lambda$waitForClusterToBeReady$0(224)) - Nodes are ready. Got 10 of 10 DN Heartbeats.
2023-07-16 18:57:14,646 [main] INFO  ozone.MiniOzoneClusterImpl (MiniOzoneClusterImpl.java:lambda$waitForClusterToBeReady$0(227)) - Waiting for cluster to exit safe mode
2023-07-16 18:57:14,646 [main] INFO  ozone.MiniOzoneClusterImpl (MiniOzoneClusterImpl.java:lambda$waitForClusterToBeReady$0(229)) - SCM became leader
2023-07-16 18:57:15,445 [0e76f3da-5374-4d3e-bc44-9848a147cb1b@group-FA062BEF04B9-FollowerState] INFO  impl.FollowerState (FollowerState.java:run(143)) - 0e76f3da-5374-4d3e-bc44-9848a147cb1b@group-FA062BEF04B9-FollowerState: change to CANDIDATE, lastRpcElapsedTime:5042460715ns, electionTimeout:5028ms
2023-07-16 18:57:15,445 [0e76f3da-5374-4d3e-bc44-9848a147cb1b@group-FA062BEF04B9-FollowerState] INFO  impl.RoleInfo (RoleInfo.java:shutdownFollowerState(110)) - 0e76f3da-5374-4d3e-bc44-9848a147cb1b: shutdown 0e76f3da-5374-4d3e-bc44-9848a147cb1b@group-FA062BEF04B9-FollowerState
2023-07-16 18:57:15,445 [0e76f3da-5374-4d3e-bc44-9848a147cb1b@group-FA062BEF04B9-FollowerState] INFO  server.RaftServer$Division (RaftServerImpl.java:setRole(329)) - 0e76f3da-5374-4d3e-bc44-9848a147cb1b@group-FA062BEF04B9: changes role from  FOLLOWER to CANDIDATE at term 0 for changeToCandidate
2023-07-16 18:57:15,449 [0e76f3da-5374-4d3e-bc44-9848a147cb1b@group-FA062BEF04B9-FollowerState] INFO  server.RaftServerConfigKeys (ConfUtils.java:logGet(46)) - raft.server.leaderelection.pre-vote = true (default)
2023-07-16 18:57:15,449 [0e76f3da-5374-4d3e-bc44-9848a147cb1b@group-FA062BEF04B9-FollowerState] INFO  impl.RoleInfo (RoleInfo.java:updateAndGet(139)) - 0e76f3da-5374-4d3e-bc44-9848a147cb1b: start 0e76f3da-5374-4d3e-bc44-9848a147cb1b@group-FA062BEF04B9-LeaderElection2
2023-07-16 18:57:15,453 [0e76f3da-5374-4d3e-bc44-9848a147cb1b@group-FA062BEF04B9-LeaderElection2] INFO  impl.LeaderElection (LeaderElection.java:askForVotes(321)) - 0e76f3da-5374-4d3e-bc44-9848a147cb1b@group-FA062BEF04B9-LeaderElection2 PRE_VOTE round 0: submit vote requests at term 0 for -1: peers:[0e76f3da-5374-4d3e-bc44-9848a147cb1b|rpc:10.1.0.14:15014|admin:10.1.0.14:15013|client:10.1.0.14:15012|dataStream:10.1.0.14:15015|priority:1|startupRole:FOLLOWER, e061ba01-06b3-4f38-a151-c7c4cf78ce5a|rpc:10.1.0.14:15023|admin:10.1.0.14:15022|client:10.1.0.14:15021|dataStream:10.1.0.14:15024|priority:0|startupRole:FOLLOWER, c23d9737-c121-4244-9e77-c55c15e0a23c|rpc:10.1.0.14:15032|admin:10.1.0.14:15031|client:10.1.0.14:15030|dataStream:10.1.0.14:15033|priority:0|startupRole:FOLLOWER]|listeners:[], old=null
2023-07-16 18:57:15,458 [0e76f3da-5374-4d3e-bc44-9848a147cb1b@group-FA062BEF04B9-LeaderElection2] INFO  server.RaftServerConfigKeys (ConfUtils.java:logFallback(53)) - raft.server.rpc.first-election.timeout.min = 5s (fallback to raft.server.rpc.timeout.min)
2023-07-16 18:57:15,458 [0e76f3da-5374-4d3e-bc44-9848a147cb1b@group-FA062BEF04B9-LeaderElection2] INFO  server.RaftServerConfigKeys (ConfUtils.java:logFallback(53)) - raft.server.rpc.first-election.timeout.max = 5200ms (fallback to raft.server.rpc.timeout.max)
2023-07-16 18:57:15,459 [0e76f3da-5374-4d3e-bc44-9848a147cb1b@group-FA062BEF04B9-LeaderElection2-1] INFO  server.GrpcServerProtocolClient (GrpcServerProtocolClient.java:<init>(65)) - Build channel for e061ba01-06b3-4f38-a151-c7c4cf78ce5a
2023-07-16 18:57:15,460 [0e76f3da-5374-4d3e-bc44-9848a147cb1b@group-FA062BEF04B9-LeaderElection2-2] INFO  server.GrpcServerProtocolClient (GrpcServerProtocolClient.java:<init>(65)) - Build channel for c23d9737-c121-4244-9e77-c55c15e0a23c
2023-07-16 18:57:15,477 [grpc-default-executor-0] INFO  server.RaftServer$Division (RaftServerImpl.java:requestVote(1302)) - c23d9737-c121-4244-9e77-c55c15e0a23c@group-FA062BEF04B9: receive requestVote(PRE_VOTE, 0e76f3da-5374-4d3e-bc44-9848a147cb1b, group-FA062BEF04B9, 0, (t:0, i:0))
2023-07-16 18:57:15,478 [0e76f3da-5374-4d3e-bc44-9848a147cb1b@group-D2F81E9815CC-FollowerState] INFO  impl.FollowerState (FollowerState.java:run(143)) - 0e76f3da-5374-4d3e-bc44-9848a147cb1b@group-D2F81E9815CC-FollowerState: change to CANDIDATE, lastRpcElapsedTime:5143321857ns, electionTimeout:5108ms
2023-07-16 18:57:15,479 [0e76f3da-5374-4d3e-bc44-9848a147cb1b@group-D2F81E9815CC-FollowerState] INFO  impl.RoleInfo (RoleInfo.java:shutdownFollowerState(110)) - 0e76f3da-5374-4d3e-bc44-9848a147cb1b: shutdown 0e76f3da-5374-4d3e-bc44-9848a147cb1b@group-D2F81E9815CC-FollowerState
2023-07-16 18:57:15,480 [0e76f3da-5374-4d3e-bc44-9848a147cb1b@group-D2F81E9815CC-FollowerState] INFO  server.RaftServer$Division (RaftServerImpl.java:setRole(329)) - 0e76f3da-5374-4d3e-bc44-9848a147cb1b@group-D2F81E9815CC: changes role from  FOLLOWER to CANDIDATE at term 0 for changeToCandidate
2023-07-16 18:57:15,480 [0e76f3da-5374-4d3e-bc44-9848a147cb1b@group-D2F81E9815CC-FollowerState] INFO  server.RaftServerConfigKeys (ConfUtils.java:logGet(46)) - raft.server.leaderelection.pre-vote = true (default)
2023-07-16 18:57:15,480 [0e76f3da-5374-4d3e-bc44-9848a147cb1b@group-D2F81E9815CC-FollowerState] INFO  impl.RoleInfo (RoleInfo.java:updateAndGet(139)) - 0e76f3da-5374-4d3e-bc44-9848a147cb1b: start 0e76f3da-5374-4d3e-bc44-9848a147cb1b@group-D2F81E9815CC-LeaderElection3
2023-07-16 18:57:15,484 [grpc-default-executor-0] INFO  impl.VoteContext (VoteContext.java:log(49)) - c23d9737-c121-4244-9e77-c55c15e0a23c@group-FA062BEF04B9-FOLLOWER: accept PRE_VOTE from 0e76f3da-5374-4d3e-bc44-9848a147cb1b: our priority 0 <= candidate's priority 1
2023-07-16 18:57:15,487 [grpc-default-executor-0] INFO  server.RaftServer$Division (RaftServerImpl.java:requestVote(1335)) - c23d9737-c121-4244-9e77-c55c15e0a23c@group-FA062BEF04B9 replies to PRE_VOTE vote request: 0e76f3da-5374-4d3e-bc44-9848a147cb1b<-c23d9737-c121-4244-9e77-c55c15e0a23c#0:OK-t0. Peer's state: c23d9737-c121-4244-9e77-c55c15e0a23c@group-FA062BEF04B9:t0, leader=null, voted=, raftlog=Memoized:c23d9737-c121-4244-9e77-c55c15e0a23c@group-FA062BEF04B9-SegmentedRaftLog:OPENED:c-1, conf=-1: peers:[0e76f3da-5374-4d3e-bc44-9848a147cb1b|rpc:10.1.0.14:15014|admin:10.1.0.14:15013|client:10.1.0.14:15012|dataStream:10.1.0.14:15015|priority:1|startupRole:FOLLOWER, e061ba01-06b3-4f38-a151-c7c4cf78ce5a|rpc:10.1.0.14:15023|admin:10.1.0.14:15022|client:10.1.0.14:15021|dataStream:10.1.0.14:15024|priority:0|startupRole:FOLLOWER, c23d9737-c121-4244-9e77-c55c15e0a23c|rpc:10.1.0.14:15032|admin:10.1.0.14:15031|client:10.1.0.14:15030|dataStream:10.1.0.14:15033|priority:0|startupRole:FOLLOWER]|listeners:[], old=null
2023-07-16 18:57:15,489 [0e76f3da-5374-4d3e-bc44-9848a147cb1b@group-FA062BEF04B9-LeaderElection2] INFO  impl.LeaderElection (LeaderElection.java:logAndReturn(90)) - 0e76f3da-5374-4d3e-bc44-9848a147cb1b@group-FA062BEF04B9-LeaderElection2: PRE_VOTE PASSED received 1 response(s) and 0 exception(s):
2023-07-16 18:57:15,489 [0e76f3da-5374-4d3e-bc44-9848a147cb1b@group-FA062BEF04B9-LeaderElection2] INFO  impl.LeaderElection (LeaderElection.java:logAndReturn(94)) -   Response 0: 0e76f3da-5374-4d3e-bc44-9848a147cb1b<-c23d9737-c121-4244-9e77-c55c15e0a23c#0:OK-t0
2023-07-16 18:57:15,489 [0e76f3da-5374-4d3e-bc44-9848a147cb1b@group-FA062BEF04B9-LeaderElection2] INFO  impl.LeaderElection (LeaderElection.java:askForVotes(323)) - 0e76f3da-5374-4d3e-bc44-9848a147cb1b@group-FA062BEF04B9-LeaderElection2 PRE_VOTE round 0: result PASSED
2023-07-16 18:57:15,491 [0e76f3da-5374-4d3e-bc44-9848a147cb1b@group-FA062BEF04B9-LeaderElection2] INFO  impl.LeaderElection (LeaderElection.java:askForVotes(321)) - 0e76f3da-5374-4d3e-bc44-9848a147cb1b@group-FA062BEF04B9-LeaderElection2 ELECTION round 0: submit vote requests at term 1 for -1: peers:[0e76f3da-5374-4d3e-bc44-9848a147cb1b|rpc:10.1.0.14:15014|admin:10.1.0.14:15013|client:10.1.0.14:15012|dataStream:10.1.0.14:15015|priority:1|startupRole:FOLLOWER, e061ba01-06b3-4f38-a151-c7c4cf78ce5a|rpc:10.1.0.14:15023|admin:10.1.0.14:15022|client:10.1.0.14:15021|dataStream:10.1.0.14:15024|priority:0|startupRole:FOLLOWER, c23d9737-c121-4244-9e77-c55c15e0a23c|rpc:10.1.0.14:15032|admin:10.1.0.14:15031|client:10.1.0.14:15030|dataStream:10.1.0.14:15033|priority:0|startupRole:FOLLOWER]|listeners:[], old=null
2023-07-16 18:57:15,495 [0e76f3da-5374-4d3e-bc44-9848a147cb1b@group-FA062BEF04B9-LeaderElection2] INFO  server.RaftServerConfigKeys (ConfUtils.java:logFallback(53)) - raft.server.rpc.first-election.timeout.min = 5s (fallback to raft.server.rpc.timeout.min)
2023-07-16 18:57:15,495 [0e76f3da-5374-4d3e-bc44-9848a147cb1b@group-FA062BEF04B9-LeaderElection2] INFO  server.RaftServerConfigKeys (ConfUtils.java:logFallback(53)) - raft.server.rpc.first-election.timeout.max = 5200ms (fallback to raft.server.rpc.timeout.max)
2023-07-16 18:57:15,497 [0e76f3da-5374-4d3e-bc44-9848a147cb1b@group-D2F81E9815CC-LeaderElection3] INFO  impl.LeaderElection (LeaderElection.java:askForVotes(321)) - 0e76f3da-5374-4d3e-bc44-9848a147cb1b@group-D2F81E9815CC-LeaderElection3 PRE_VOTE round 0: submit vote requests at term 0 for -1: peers:[0e76f3da-5374-4d3e-bc44-9848a147cb1b|rpc:10.1.0.14:15014|admin:10.1.0.14:15013|client:10.1.0.14:15012|dataStream:10.1.0.14:15015|priority:1|startupRole:FOLLOWER]|listeners:[], old=null
2023-07-16 18:57:15,502 [0e76f3da-5374-4d3e-bc44-9848a147cb1b@group-D2F81E9815CC-LeaderElection3] INFO  impl.LeaderElection (LeaderElection.java:askForVotes(323)) - 0e76f3da-5374-4d3e-bc44-9848a147cb1b@group-D2F81E9815CC-LeaderElection3 PRE_VOTE round 0: result PASSED (term=0)
2023-07-16 18:57:15,502 [grpc-default-executor-1] INFO  server.RaftServer$Division (RaftServerImpl.java:requestVote(1302)) - e061ba01-06b3-4f38-a151-c7c4cf78ce5a@group-FA062BEF04B9: receive requestVote(ELECTION, 0e76f3da-5374-4d3e-bc44-9848a147cb1b, group-FA062BEF04B9, 1, (t:0, i:0))
2023-07-16 18:57:15,503 [grpc-default-executor-0] INFO  server.RaftServer$Division (RaftServerImpl.java:requestVote(1302)) - e061ba01-06b3-4f38-a151-c7c4cf78ce5a@group-FA062BEF04B9: receive requestVote(PRE_VOTE, 0e76f3da-5374-4d3e-bc44-9848a147cb1b, group-FA062BEF04B9, 0, (t:0, i:0))
2023-07-16 18:57:15,503 [grpc-default-executor-2] INFO  server.RaftServer$Division (RaftServerImpl.java:requestVote(1302)) - c23d9737-c121-4244-9e77-c55c15e0a23c@group-FA062BEF04B9: receive requestVote(ELECTION, 0e76f3da-5374-4d3e-bc44-9848a147cb1b, group-FA062BEF04B9, 1, (t:0, i:0))
2023-07-16 18:57:15,504 [0e76f3da-5374-4d3e-bc44-9848a147cb1b@group-D2F81E9815CC-LeaderElection3] INFO  impl.LeaderElection (LeaderElection.java:askForVotes(321)) - 0e76f3da-5374-4d3e-bc44-9848a147cb1b@group-D2F81E9815CC-LeaderElection3 ELECTION round 0: submit vote requests at term 1 for -1: peers:[0e76f3da-5374-4d3e-bc44-9848a147cb1b|rpc:10.1.0.14:15014|admin:10.1.0.14:15013|client:10.1.0.14:15012|dataStream:10.1.0.14:15015|priority:1|startupRole:FOLLOWER]|listeners:[], old=null
2023-07-16 18:57:15,504 [0e76f3da-5374-4d3e-bc44-9848a147cb1b@group-D2F81E9815CC-LeaderElection3] INFO  impl.LeaderElection (LeaderElection.java:askForVotes(323)) - 0e76f3da-5374-4d3e-bc44-9848a147cb1b@group-D2F81E9815CC-LeaderElection3 ELECTION round 0: result PASSED (term=1)
2023-07-16 18:57:15,504 [0e76f3da-5374-4d3e-bc44-9848a147cb1b@group-D2F81E9815CC-LeaderElection3] INFO  impl.RoleInfo (RoleInfo.java:shutdownLeaderElection(130)) - 0e76f3da-5374-4d3e-bc44-9848a147cb1b: shutdown 0e76f3da-5374-4d3e-bc44-9848a147cb1b@group-D2F81E9815CC-LeaderElection3
2023-07-16 18:57:15,504 [0e76f3da-5374-4d3e-bc44-9848a147cb1b@group-D2F81E9815CC-LeaderElection3] INFO  server.RaftServer$Division (RaftServerImpl.java:setRole(329)) - 0e76f3da-5374-4d3e-bc44-9848a147cb1b@group-D2F81E9815CC: changes role from CANDIDATE to LEADER at term 1 for changeToLeader
2023-07-16 18:57:15,504 [0e76f3da-5374-4d3e-bc44-9848a147cb1b@group-D2F81E9815CC-LeaderElection3] INFO  ratis.XceiverServerRatis (XceiverServerRatis.java:handleLeaderChangedNotification(902)) - Leader change notification received for group: group-D2F81E9815CC with new leaderId: 0e76f3da-5374-4d3e-bc44-9848a147cb1b
2023-07-16 18:57:15,504 [0e76f3da-5374-4d3e-bc44-9848a147cb1b@group-D2F81E9815CC-LeaderElection3] INFO  server.RaftServer$Division (ServerState.java:setLeader(317)) - 0e76f3da-5374-4d3e-bc44-9848a147cb1b@group-D2F81E9815CC: change Leader from null to 0e76f3da-5374-4d3e-bc44-9848a147cb1b at term 1 for becomeLeader, leader elected after 5199ms
2023-07-16 18:57:15,504 [0e76f3da-5374-4d3e-bc44-9848a147cb1b@group-D2F81E9815CC-LeaderElection3] INFO  server.RaftServerConfigKeys (ConfUtils.java:logGet(46)) - raft.server.staging.catchup.gap = 1000 (default)
2023-07-16 18:57:15,505 [0e76f3da-5374-4d3e-bc44-9848a147cb1b@group-D2F81E9815CC-LeaderElection3] INFO  server.RaftServerConfigKeys (ConfUtils.java:logGet(46)) - raft.server.write.element-limit = 1024 (custom)
2023-07-16 18:57:15,505 [0e76f3da-5374-4d3e-bc44-9848a147cb1b@group-D2F81E9815CC-LeaderElection3] INFO  server.RaftServerConfigKeys (ConfUtils.java:logGet(46)) - raft.server.write.byte-limit = 1024 M (=1073741824) (custom)
2023-07-16 18:57:15,505 [0e76f3da-5374-4d3e-bc44-9848a147cb1b@group-D2F81E9815CC-LeaderElection3] INFO  server.RaftServerConfigKeys (ConfUtils.java:logGet(46)) - raft.server.watch.timeout = 180s (custom)
2023-07-16 18:57:15,505 [0e76f3da-5374-4d3e-bc44-9848a147cb1b@group-D2F81E9815CC-LeaderElection3] INFO  server.RaftServerConfigKeys (ConfUtils.java:logGet(46)) - raft.server.watch.timeout.denomination = 1s (default)
2023-07-16 18:57:15,505 [0e76f3da-5374-4d3e-bc44-9848a147cb1b@group-D2F81E9815CC-LeaderElection3] INFO  server.RaftServerConfigKeys (ConfUtils.java:logGet(46)) - raft.server.watch.element-limit = 65536 (default)
2023-07-16 18:57:15,505 [0e76f3da-5374-4d3e-bc44-9848a147cb1b@group-D2F81E9815CC-LeaderElection3] INFO  server.RaftServerConfigKeys (ConfUtils.java:logGet(46)) - raft.server.write.element-limit = 1024 (custom)
2023-07-16 18:57:15,505 [0e76f3da-5374-4d3e-bc44-9848a147cb1b@group-D2F81E9815CC-LeaderElection3] INFO  server.RaftServerConfigKeys (ConfUtils.java:logGet(46)) - raft.server.write.follower.gap.ratio.max = -1.0 (default)
2023-07-16 18:57:15,505 [0e76f3da-5374-4d3e-bc44-9848a147cb1b@group-D2F81E9815CC-LeaderElection3] INFO  impl.RoleInfo (RoleInfo.java:updateAndGet(139)) - 0e76f3da-5374-4d3e-bc44-9848a147cb1b: start 0e76f3da-5374-4d3e-bc44-9848a147cb1b@group-D2F81E9815CC-LeaderStateImpl
2023-07-16 18:57:15,506 [0e76f3da-5374-4d3e-bc44-9848a147cb1b@group-D2F81E9815CC-LeaderElection3] INFO  segmented.SegmentedRaftLogWorker (SegmentedRaftLogWorker.java:startLogSegment(447)) - 0e76f3da-5374-4d3e-bc44-9848a147cb1b@group-D2F81E9815CC-SegmentedRaftLogWorker: Starting segment from index:0
2023-07-16 18:57:15,503 [grpc-default-executor-1] INFO  impl.VoteContext (VoteContext.java:log(49)) - e061ba01-06b3-4f38-a151-c7c4cf78ce5a@group-FA062BEF04B9-FOLLOWER: accept ELECTION from 0e76f3da-5374-4d3e-bc44-9848a147cb1b: our priority 0 <= candidate's priority 1
2023-07-16 18:57:15,507 [grpc-default-executor-1] INFO  server.RaftServer$Division (RaftServerImpl.java:setRole(329)) - e061ba01-06b3-4f38-a151-c7c4cf78ce5a@group-FA062BEF04B9: changes role from  FOLLOWER to FOLLOWER at term 1 for candidate:0e76f3da-5374-4d3e-bc44-9848a147cb1b
2023-07-16 18:57:15,507 [grpc-default-executor-1] INFO  impl.RoleInfo (RoleInfo.java:shutdownFollowerState(110)) - e061ba01-06b3-4f38-a151-c7c4cf78ce5a: shutdown e061ba01-06b3-4f38-a151-c7c4cf78ce5a@group-FA062BEF04B9-FollowerState
2023-07-16 18:57:15,507 [grpc-default-executor-2] INFO  impl.VoteContext (VoteContext.java:log(49)) - c23d9737-c121-4244-9e77-c55c15e0a23c@group-FA062BEF04B9-FOLLOWER: accept ELECTION from 0e76f3da-5374-4d3e-bc44-9848a147cb1b: our priority 0 <= candidate's priority 1
2023-07-16 18:57:15,507 [grpc-default-executor-2] INFO  server.RaftServer$Division (RaftServerImpl.java:setRole(329)) - c23d9737-c121-4244-9e77-c55c15e0a23c@group-FA062BEF04B9: changes role from  FOLLOWER to FOLLOWER at term 1 for candidate:0e76f3da-5374-4d3e-bc44-9848a147cb1b
2023-07-16 18:57:15,507 [grpc-default-executor-2] INFO  impl.RoleInfo (RoleInfo.java:shutdownFollowerState(110)) - c23d9737-c121-4244-9e77-c55c15e0a23c: shutdown c23d9737-c121-4244-9e77-c55c15e0a23c@group-FA062BEF04B9-FollowerState
2023-07-16 18:57:15,508 [0e76f3da-5374-4d3e-bc44-9848a147cb1b@group-D2F81E9815CC-SegmentedRaftLogWorker] INFO  segmented.SegmentedRaftLogWorker (SegmentedRaftLogWorker.java:execute(651)) - 0e76f3da-5374-4d3e-bc44-9848a147cb1b@group-D2F81E9815CC-SegmentedRaftLogWorker: created new log segment /home/runner/work/ozone/ozone/hadoop-ozone/integration-test/target/test-dir/MiniOzoneClusterImpl-8e52da8c-19f0-467e-9375-6950100829a3/datanode-0/data/ratis/1bbb3769-8918-43f5-bb14-d2f81e9815cc/current/log_inprogress_0
2023-07-16 18:57:15,509 [EventQueue-OpenPipelineForHealthyPipelineSafeModeRule] INFO  safemode.SCMSafeModeManager (HealthyPipelineSafeModeRule.java:process(137)) - SCM in safe mode. Healthy pipelines reported count is 0, required healthy pipeline reported count is 1
2023-07-16 18:57:15,514 [grpc-default-executor-2] INFO  impl.RoleInfo (RoleInfo.java:updateAndGet(139)) - c23d9737-c121-4244-9e77-c55c15e0a23c: start c23d9737-c121-4244-9e77-c55c15e0a23c@group-FA062BEF04B9-FollowerState
2023-07-16 18:57:15,514 [c23d9737-c121-4244-9e77-c55c15e0a23c@group-FA062BEF04B9-FollowerState] INFO  impl.FollowerState (FollowerState.java:run(152)) - c23d9737-c121-4244-9e77-c55c15e0a23c@group-FA062BEF04B9-FollowerState was interrupted
2023-07-16 18:57:15,517 [grpc-default-executor-1] INFO  impl.RoleInfo (RoleInfo.java:updateAndGet(139)) - e061ba01-06b3-4f38-a151-c7c4cf78ce5a: start e061ba01-06b3-4f38-a151-c7c4cf78ce5a@group-FA062BEF04B9-FollowerState
2023-07-16 18:57:15,517 [e061ba01-06b3-4f38-a151-c7c4cf78ce5a@group-FA062BEF04B9-FollowerState] INFO  impl.FollowerState (FollowerState.java:run(152)) - e061ba01-06b3-4f38-a151-c7c4cf78ce5a@group-FA062BEF04B9-FollowerState was interrupted
2023-07-16 18:57:15,525 [grpc-default-executor-1] INFO  server.RaftServer$Division (RaftServerImpl.java:requestVote(1335)) - e061ba01-06b3-4f38-a151-c7c4cf78ce5a@group-FA062BEF04B9 replies to ELECTION vote request: 0e76f3da-5374-4d3e-bc44-9848a147cb1b<-e061ba01-06b3-4f38-a151-c7c4cf78ce5a#0:OK-t1. Peer's state: e061ba01-06b3-4f38-a151-c7c4cf78ce5a@group-FA062BEF04B9:t1, leader=null, voted=0e76f3da-5374-4d3e-bc44-9848a147cb1b, raftlog=Memoized:e061ba01-06b3-4f38-a151-c7c4cf78ce5a@group-FA062BEF04B9-SegmentedRaftLog:OPENED:c-1, conf=-1: peers:[0e76f3da-5374-4d3e-bc44-9848a147cb1b|rpc:10.1.0.14:15014|admin:10.1.0.14:15013|client:10.1.0.14:15012|dataStream:10.1.0.14:15015|priority:1|startupRole:FOLLOWER, e061ba01-06b3-4f38-a151-c7c4cf78ce5a|rpc:10.1.0.14:15023|admin:10.1.0.14:15022|client:10.1.0.14:15021|dataStream:10.1.0.14:15024|priority:0|startupRole:FOLLOWER, c23d9737-c121-4244-9e77-c55c15e0a23c|rpc:10.1.0.14:15032|admin:10.1.0.14:15031|client:10.1.0.14:15030|dataStream:10.1.0.14:15033|priority:0|startupRole:FOLLOWER]|listeners:[], old=null
2023-07-16 18:57:15,525 [grpc-default-executor-2] INFO  server.RaftServer$Division (RaftServerImpl.java:requestVote(1335)) - c23d9737-c121-4244-9e77-c55c15e0a23c@group-FA062BEF04B9 replies to ELECTION vote request: 0e76f3da-5374-4d3e-bc44-9848a147cb1b<-c23d9737-c121-4244-9e77-c55c15e0a23c#0:OK-t1. Peer's state: c23d9737-c121-4244-9e77-c55c15e0a23c@group-FA062BEF04B9:t1, leader=null, voted=0e76f3da-5374-4d3e-bc44-9848a147cb1b, raftlog=Memoized:c23d9737-c121-4244-9e77-c55c15e0a23c@group-FA062BEF04B9-SegmentedRaftLog:OPENED:c-1, conf=-1: peers:[0e76f3da-5374-4d3e-bc44-9848a147cb1b|rpc:10.1.0.14:15014|admin:10.1.0.14:15013|client:10.1.0.14:15012|dataStream:10.1.0.14:15015|priority:1|startupRole:FOLLOWER, e061ba01-06b3-4f38-a151-c7c4cf78ce5a|rpc:10.1.0.14:15023|admin:10.1.0.14:15022|client:10.1.0.14:15021|dataStream:10.1.0.14:15024|priority:0|startupRole:FOLLOWER, c23d9737-c121-4244-9e77-c55c15e0a23c|rpc:10.1.0.14:15032|admin:10.1.0.14:15031|client:10.1.0.14:15030|dataStream:10.1.0.14:15033|priority:0|startupRole:FOLLOWER]|listeners:[], old=null
2023-07-16 18:57:15,526 [grpc-default-executor-0] INFO  impl.VoteContext (VoteContext.java:log(49)) - e061ba01-06b3-4f38-a151-c7c4cf78ce5a@group-FA062BEF04B9-FOLLOWER: accept PRE_VOTE from 0e76f3da-5374-4d3e-bc44-9848a147cb1b: our priority 0 <= candidate's priority 1
2023-07-16 18:57:15,526 [grpc-default-executor-0] INFO  server.RaftServer$Division (RaftServerImpl.java:requestVote(1335)) - e061ba01-06b3-4f38-a151-c7c4cf78ce5a@group-FA062BEF04B9 replies to PRE_VOTE vote request: 0e76f3da-5374-4d3e-bc44-9848a147cb1b<-e061ba01-06b3-4f38-a151-c7c4cf78ce5a#0:OK-t1. Peer's state: e061ba01-06b3-4f38-a151-c7c4cf78ce5a@group-FA062BEF04B9:t1, leader=null, voted=0e76f3da-5374-4d3e-bc44-9848a147cb1b, raftlog=Memoized:e061ba01-06b3-4f38-a151-c7c4cf78ce5a@group-FA062BEF04B9-SegmentedRaftLog:OPENED:c-1, conf=-1: peers:[0e76f3da-5374-4d3e-bc44-9848a147cb1b|rpc:10.1.0.14:15014|admin:10.1.0.14:15013|client:10.1.0.14:15012|dataStream:10.1.0.14:15015|priority:1|startupRole:FOLLOWER, e061ba01-06b3-4f38-a151-c7c4cf78ce5a|rpc:10.1.0.14:15023|admin:10.1.0.14:15022|client:10.1.0.14:15021|dataStream:10.1.0.14:15024|priority:0|startupRole:FOLLOWER, c23d9737-c121-4244-9e77-c55c15e0a23c|rpc:10.1.0.14:15032|admin:10.1.0.14:15031|client:10.1.0.14:15030|dataStream:10.1.0.14:15033|priority:0|startupRole:FOLLOWER]|listeners:[], old=null
2023-07-16 18:57:15,527 [0e76f3da-5374-4d3e-bc44-9848a147cb1b@group-FA062BEF04B9-LeaderElection2] INFO  impl.LeaderElection (LeaderElection.java:logAndReturn(90)) - 0e76f3da-5374-4d3e-bc44-9848a147cb1b@group-FA062BEF04B9-LeaderElection2: ELECTION PASSED received 1 response(s) and 0 exception(s):
2023-07-16 18:57:15,527 [0e76f3da-5374-4d3e-bc44-9848a147cb1b@group-FA062BEF04B9-LeaderElection2] INFO  impl.LeaderElection (LeaderElection.java:logAndReturn(94)) -   Response 0: 0e76f3da-5374-4d3e-bc44-9848a147cb1b<-e061ba01-06b3-4f38-a151-c7c4cf78ce5a#0:OK-t1
2023-07-16 18:57:15,527 [0e76f3da-5374-4d3e-bc44-9848a147cb1b@group-D2F81E9815CC-LeaderElection3] INFO  server.RaftServer$Division (ServerState.java:setRaftConf(434)) - 0e76f3da-5374-4d3e-bc44-9848a147cb1b@group-D2F81E9815CC: set configuration 0: peers:[0e76f3da-5374-4d3e-bc44-9848a147cb1b|rpc:10.1.0.14:15014|admin:10.1.0.14:15013|client:10.1.0.14:15012|dataStream:10.1.0.14:15015|priority:1|startupRole:FOLLOWER]|listeners:[], old=null
2023-07-16 18:57:15,528 [0e76f3da-5374-4d3e-bc44-9848a147cb1b@group-FA062BEF04B9-LeaderElection2] INFO  impl.LeaderElection (LeaderElection.java:askForVotes(323)) - 0e76f3da-5374-4d3e-bc44-9848a147cb1b@group-FA062BEF04B9-LeaderElection2 ELECTION round 0: result PASSED
2023-07-16 18:57:15,530 [0e76f3da-5374-4d3e-bc44-9848a147cb1b@group-FA062BEF04B9-LeaderElection2] INFO  impl.RoleInfo (RoleInfo.java:shutdownLeaderElection(130)) - 0e76f3da-5374-4d3e-bc44-9848a147cb1b: shutdown 0e76f3da-5374-4d3e-bc44-9848a147cb1b@group-FA062BEF04B9-LeaderElection2
2023-07-16 18:57:15,530 [0e76f3da-5374-4d3e-bc44-9848a147cb1b@group-FA062BEF04B9-LeaderElection2] INFO  server.RaftServer$Division (RaftServerImpl.java:setRole(329)) - 0e76f3da-5374-4d3e-bc44-9848a147cb1b@group-FA062BEF04B9: changes role from CANDIDATE to LEADER at term 1 for changeToLeader
2023-07-16 18:57:15,530 [0e76f3da-5374-4d3e-bc44-9848a147cb1b@group-FA062BEF04B9-LeaderElection2] INFO  ratis.XceiverServerRatis (XceiverServerRatis.java:handleLeaderChangedNotification(902)) - Leader change notification received for group: group-FA062BEF04B9 with new leaderId: 0e76f3da-5374-4d3e-bc44-9848a147cb1b
2023-07-16 18:57:15,530 [0e76f3da-5374-4d3e-bc44-9848a147cb1b@group-FA062BEF04B9-LeaderElection2] INFO  server.RaftServer$Division (ServerState.java:setLeader(317)) - 0e76f3da-5374-4d3e-bc44-9848a147cb1b@group-FA062BEF04B9: change Leader from null to 0e76f3da-5374-4d3e-bc44-9848a147cb1b at term 1 for becomeLeader, leader elected after 5158ms
2023-07-16 18:57:15,530 [0e76f3da-5374-4d3e-bc44-9848a147cb1b@group-FA062BEF04B9-LeaderElection2] INFO  server.RaftServerConfigKeys (ConfUtils.java:logGet(46)) - raft.server.staging.catchup.gap = 1000 (default)
2023-07-16 18:57:15,530 [0e76f3da-5374-4d3e-bc44-9848a147cb1b@group-FA062BEF04B9-LeaderElection2] INFO  server.RaftServerConfigKeys (ConfUtils.java:logGet(46)) - raft.server.write.element-limit = 1024 (custom)
2023-07-16 18:57:15,530 [0e76f3da-5374-4d3e-bc44-9848a147cb1b@group-FA062BEF04B9-LeaderElection2] INFO  server.RaftServerConfigKeys (ConfUtils.java:logGet(46)) - raft.server.write.byte-limit = 1024 M (=1073741824) (custom)
2023-07-16 18:57:15,531 [0e76f3da-5374-4d3e-bc44-9848a147cb1b@group-FA062BEF04B9-LeaderElection2] INFO  server.RaftServerConfigKeys (ConfUtils.java:logGet(46)) - raft.server.watch.timeout = 180s (custom)
2023-07-16 18:57:15,531 [0e76f3da-5374-4d3e-bc44-9848a147cb1b@group-FA062BEF04B9-LeaderElection2] INFO  server.RaftServerConfigKeys (ConfUtils.java:logGet(46)) - raft.server.watch.timeout.denomination = 1s (default)
2023-07-16 18:57:15,531 [0e76f3da-5374-4d3e-bc44-9848a147cb1b@group-FA062BEF04B9-LeaderElection2] INFO  server.RaftServerConfigKeys (ConfUtils.java:logGet(46)) - raft.server.watch.element-limit = 65536 (default)
2023-07-16 18:57:15,531 [0e76f3da-5374-4d3e-bc44-9848a147cb1b@group-FA062BEF04B9-LeaderElection2] INFO  server.RaftServerConfigKeys (ConfUtils.java:logGet(46)) - raft.server.write.element-limit = 1024 (custom)
2023-07-16 18:57:15,531 [0e76f3da-5374-4d3e-bc44-9848a147cb1b@group-FA062BEF04B9-LeaderElection2] INFO  server.RaftServerConfigKeys (ConfUtils.java:logGet(46)) - raft.server.write.follower.gap.ratio.max = -1.0 (default)
2023-07-16 18:57:15,537 [EventQueue-PipelineReportForPipelineReportHandler] INFO  pipeline.PipelineReportHandler (PipelineReportHandler.java:processPipelineReport(136)) - Opened pipeline PipelineID=623028da-18e9-42af-b4e8-fa062bef04b9
2023-07-16 18:57:15,537 [EventQueue-OpenPipelineForHealthyPipelineSafeModeRule] INFO  safemode.SCMSafeModeManager (HealthyPipelineSafeModeRule.java:process(137)) - SCM in safe mode. Healthy pipelines reported count is 1, required healthy pipeline reported count is 1
2023-07-16 18:57:15,537 [EventQueue-OpenPipelineForHealthyPipelineSafeModeRule] INFO  safemode.SCMSafeModeManager (SCMSafeModeManager.java:validateSafeModeExitRules(200)) - HealthyPipelineSafeModeRule rule is successfully validated
2023-07-16 18:57:15,537 [EventQueue-OpenPipelineForHealthyPipelineSafeModeRule] INFO  safemode.SCMSafeModeManager (SCMSafeModeManager.java:validateSafeModeExitRules(215)) - ScmSafeModeManager, all rules are successfully validated
2023-07-16 18:57:15,537 [EventQueue-OpenPipelineForHealthyPipelineSafeModeRule] INFO  safemode.SCMSafeModeManager (SCMSafeModeManager.java:exitSafeMode(244)) - SCM exiting safe mode.
2023-07-16 18:57:15,537 [EventQueue-OpenPipelineForHealthyPipelineSafeModeRule] INFO  ha.SCMContext (SCMContext.java:updateSafeModeStatus(228)) - Update SafeModeStatus from SafeModeStatus{safeModeStatus=true, preCheckPassed=true} to SafeModeStatus{safeModeStatus=false, preCheckPassed=true}.
2023-07-16 18:57:15,539 [EventQueue-OpenPipelineForHealthyPipelineSafeModeRule] INFO  pipeline.BackgroundPipelineCreator (BackgroundPipelineCreator.java:notifyStatusChanged(255)) - Service BackgroundPipelineCreator transitions to RUNNING.
2023-07-16 18:57:15,539 [EventQueue-OpenPipelineForHealthyPipelineSafeModeRule] INFO  BackgroundPipelineScrubber (BackgroundSCMService.java:notifyStatusChanged(82)) - Service BackgroundPipelineScrubber transitions to RUNNING.
2023-07-16 18:57:15,539 [EventQueue-OpenPipelineForHealthyPipelineSafeModeRule] INFO  ExpiredContainerReplicaOpScrubber (BackgroundSCMService.java:notifyStatusChanged(82)) - Service ExpiredContainerReplicaOpScrubber transitions to RUNNING.
2023-07-16 18:57:15,539 [EventQueue-OpenPipelineForHealthyPipelineSafeModeRule] INFO  replication.ReplicationManager (ReplicationManager.java:notifyStatusChanged(1366)) - Service ReplicationManager transitions to RUNNING.
2023-07-16 18:57:15,543 [EventQueue-OpenPipelineForHealthyPipelineSafeModeRule] WARN  balancer.ContainerBalancer (ContainerBalancer.java:shouldRun(134)) - Could not find persisted configuration for ContainerBalancer when checking if ContainerBalancer should run. ContainerBalancer should not run now.
2023-07-16 18:57:15,555 [0e76f3da-5374-4d3e-bc44-9848a147cb1b@group-FA062BEF04B9-LeaderElection2] INFO  server.RaftServerConfigKeys (ConfUtils.java:logGet(46)) - raft.server.log.appender.snapshot.chunk.size.max = 16MB (=16777216) (default)
2023-07-16 18:57:15,555 [0e76f3da-5374-4d3e-bc44-9848a147cb1b@group-FA062BEF04B9-LeaderElection2] INFO  server.RaftServerConfigKeys (ConfUtils.java:logGet(46)) - raft.server.log.appender.buffer.byte-limit = 33554432 (custom)
2023-07-16 18:57:15,555 [0e76f3da-5374-4d3e-bc44-9848a147cb1b@group-FA062BEF04B9-LeaderElection2] INFO  server.RaftServerConfigKeys (ConfUtils.java:logGet(46)) - raft.server.log.appender.buffer.element-limit = 1 (custom)
2023-07-16 18:57:15,557 [0e76f3da-5374-4d3e-bc44-9848a147cb1b@group-FA062BEF04B9-LeaderElection2] INFO  server.RaftServerConfigKeys (ConfUtils.java:logGet(46)) - raft.server.log.appender.wait-time.min = 10ms (default)
2023-07-16 18:57:15,558 [0e76f3da-5374-4d3e-bc44-9848a147cb1b@group-FA062BEF04B9-LeaderElection2] INFO  grpc.GrpcConfigKeys (ConfUtils.java:logGet(46)) - raft.grpc.server.leader.outstanding.appends.max = 128 (default)
2023-07-16 18:57:15,560 [0e76f3da-5374-4d3e-bc44-9848a147cb1b@group-FA062BEF04B9-LeaderElection2] INFO  server.RaftServerConfigKeys (ConfUtils.java:logGet(46)) - raft.server.rpc.request.timeout = 60s (custom)
2023-07-16 18:57:15,561 [0e76f3da-5374-4d3e-bc44-9848a147cb1b@group-FA062BEF04B9-LeaderElection2] INFO  grpc.GrpcConfigKeys (ConfUtils.java:logGet(46)) - raft.grpc.server.install_snapshot.request.element-limit = 8 (default)
2023-07-16 18:57:15,561 [0e76f3da-5374-4d3e-bc44-9848a147cb1b@group-FA062BEF04B9-LeaderElection2] INFO  grpc.GrpcConfigKeys (ConfUtils.java:logGet(46)) - raft.grpc.server.install_snapshot.request.timeout = 3000ms (default)
2023-07-16 18:57:15,561 [0e76f3da-5374-4d3e-bc44-9848a147cb1b@group-FA062BEF04B9-LeaderElection2] INFO  server.RaftServerConfigKeys (ConfUtils.java:logGet(46)) - raft.server.log.appender.install.snapshot.enabled = false (custom)
2023-07-16 18:57:15,561 [0e76f3da-5374-4d3e-bc44-9848a147cb1b@group-FA062BEF04B9-LeaderElection2] INFO  grpc.GrpcConfigKeys (ConfUtils.java:logGet(46)) - raft.grpc.server.heartbeat.channel = true (default)
2023-07-16 18:57:15,563 [0e76f3da-5374-4d3e-bc44-9848a147cb1b@group-FA062BEF04B9-LeaderElection2] INFO  server.RaftServerConfigKeys (ConfUtils.java:logGet(46)) - raft.server.log.appender.snapshot.chunk.size.max = 16MB (=16777216) (default)
2023-07-16 18:57:15,563 [0e76f3da-5374-4d3e-bc44-9848a147cb1b@group-FA062BEF04B9-LeaderElection2] INFO  server.RaftServerConfigKeys (ConfUtils.java:logGet(46)) - raft.server.log.appender.buffer.byte-limit = 33554432 (custom)
2023-07-16 18:57:15,563 [0e76f3da-5374-4d3e-bc44-9848a147cb1b@group-FA062BEF04B9-LeaderElection2] INFO  server.RaftServerConfigKeys (ConfUtils.java:logGet(46)) - raft.server.log.appender.buffer.element-limit = 1 (custom)
2023-07-16 18:57:15,563 [0e76f3da-5374-4d3e-bc44-9848a147cb1b@group-FA062BEF04B9-LeaderElection2] INFO  server.RaftServerConfigKeys (ConfUtils.java:logGet(46)) - raft.server.log.appender.wait-time.min = 10ms (default)
2023-07-16 18:57:15,563 [0e76f3da-5374-4d3e-bc44-9848a147cb1b@group-FA062BEF04B9-LeaderElection2] INFO  grpc.GrpcConfigKeys (ConfUtils.java:logGet(46)) - raft.grpc.server.leader.outstanding.appends.max = 128 (default)
2023-07-16 18:57:15,563 [0e76f3da-5374-4d3e-bc44-9848a147cb1b@group-FA062BEF04B9-LeaderElection2] INFO  server.RaftServerConfigKeys (ConfUtils.java:logGet(46)) - raft.server.rpc.request.timeout = 60s (custom)
2023-07-16 18:57:15,563 [0e76f3da-5374-4d3e-bc44-9848a147cb1b@group-FA062BEF04B9-LeaderElection2] INFO  grpc.GrpcConfigKeys (ConfUtils.java:logGet(46)) - raft.grpc.server.install_snapshot.request.element-limit = 8 (default)
2023-07-16 18:57:15,563 [0e76f3da-5374-4d3e-bc44-9848a147cb1b@group-FA062BEF04B9-LeaderElection2] INFO  grpc.GrpcConfigKeys (ConfUtils.java:logGet(46)) - raft.grpc.server.install_snapshot.request.timeout = 3000ms (default)
2023-07-16 18:57:15,563 [0e76f3da-5374-4d3e-bc44-9848a147cb1b@group-FA062BEF04B9-LeaderElection2] INFO  server.RaftServerConfigKeys (ConfUtils.java:logGet(46)) - raft.server.log.appender.install.snapshot.enabled = false (custom)
2023-07-16 18:57:15,564 [0e76f3da-5374-4d3e-bc44-9848a147cb1b@group-FA062BEF04B9-LeaderElection2] INFO  grpc.GrpcConfigKeys (ConfUtils.java:logGet(46)) - raft.grpc.server.heartbeat.channel = true (default)
2023-07-16 18:57:15,566 [0e76f3da-5374-4d3e-bc44-9848a147cb1b@group-FA062BEF04B9-LeaderElection2] INFO  impl.RoleInfo (RoleInfo.java:updateAndGet(139)) - 0e76f3da-5374-4d3e-bc44-9848a147cb1b: start 0e76f3da-5374-4d3e-bc44-9848a147cb1b@group-FA062BEF04B9-LeaderStateImpl
2023-07-16 18:57:15,567 [0e76f3da-5374-4d3e-bc44-9848a147cb1b@group-FA062BEF04B9-LeaderElection2] INFO  segmented.SegmentedRaftLogWorker (SegmentedRaftLogWorker.java:startLogSegment(447)) - 0e76f3da-5374-4d3e-bc44-9848a147cb1b@group-FA062BEF04B9-SegmentedRaftLogWorker: Starting segment from index:0
2023-07-16 18:57:15,568 [0e76f3da-5374-4d3e-bc44-9848a147cb1b@group-FA062BEF04B9-SegmentedRaftLogWorker] INFO  segmented.SegmentedRaftLogWorker (SegmentedRaftLogWorker.java:execute(651)) - 0e76f3da-5374-4d3e-bc44-9848a147cb1b@group-FA062BEF04B9-SegmentedRaftLogWorker: created new log segment /home/runner/work/ozone/ozone/hadoop-ozone/integration-test/target/test-dir/MiniOzoneClusterImpl-8e52da8c-19f0-467e-9375-6950100829a3/datanode-0/data/ratis/623028da-18e9-42af-b4e8-fa062bef04b9/current/log_inprogress_0
2023-07-16 18:57:15,604 [0e76f3da-5374-4d3e-bc44-9848a147cb1b@group-FA062BEF04B9-LeaderElection2] INFO  server.RaftServer$Division (ServerState.java:setRaftConf(434)) - 0e76f3da-5374-4d3e-bc44-9848a147cb1b@group-FA062BEF04B9: set configuration 0: peers:[0e76f3da-5374-4d3e-bc44-9848a147cb1b|rpc:10.1.0.14:15014|admin:10.1.0.14:15013|client:10.1.0.14:15012|dataStream:10.1.0.14:15015|priority:1|startupRole:FOLLOWER, e061ba01-06b3-4f38-a151-c7c4cf78ce5a|rpc:10.1.0.14:15023|admin:10.1.0.14:15022|client:10.1.0.14:15021|dataStream:10.1.0.14:15024|priority:0|startupRole:FOLLOWER, c23d9737-c121-4244-9e77-c55c15e0a23c|rpc:10.1.0.14:15032|admin:10.1.0.14:15031|client:10.1.0.14:15030|dataStream:10.1.0.14:15033|priority:0|startupRole:FOLLOWER]|listeners:[], old=null
2023-07-16 18:57:15,627 [e061ba01-06b3-4f38-a151-c7c4cf78ce5a-server-thread1] INFO  ratis.XceiverServerRatis (XceiverServerRatis.java:handleLeaderChangedNotification(902)) - Leader change notification received for group: group-FA062BEF04B9 with new leaderId: 0e76f3da-5374-4d3e-bc44-9848a147cb1b
2023-07-16 18:57:15,627 [e061ba01-06b3-4f38-a151-c7c4cf78ce5a-server-thread1] INFO  server.RaftServer$Division (ServerState.java:setLeader(317)) - e061ba01-06b3-4f38-a151-c7c4cf78ce5a@group-FA062BEF04B9: change Leader from null to 0e76f3da-5374-4d3e-bc44-9848a147cb1b at term 1 for appendEntries, leader elected after 4814ms
2023-07-16 18:57:15,636 [c23d9737-c121-4244-9e77-c55c15e0a23c-server-thread1] INFO  ratis.XceiverServerRatis (XceiverServerRatis.java:handleLeaderChangedNotification(902)) - Leader change notification received for group: group-FA062BEF04B9 with new leaderId: 0e76f3da-5374-4d3e-bc44-9848a147cb1b
2023-07-16 18:57:15,636 [c23d9737-c121-4244-9e77-c55c15e0a23c-server-thread1] INFO  server.RaftServer$Division (ServerState.java:setLeader(317)) - c23d9737-c121-4244-9e77-c55c15e0a23c@group-FA062BEF04B9: change Leader from null to 0e76f3da-5374-4d3e-bc44-9848a147cb1b at term 1 for appendEntries, leader elected after 4209ms
2023-07-16 18:57:15,641 [c23d9737-c121-4244-9e77-c55c15e0a23c-server-thread1] INFO  server.RaftServer$Division (ServerState.java:setRaftConf(434)) - c23d9737-c121-4244-9e77-c55c15e0a23c@group-FA062BEF04B9: set configuration 0: peers:[0e76f3da-5374-4d3e-bc44-9848a147cb1b|rpc:10.1.0.14:15014|admin:10.1.0.14:15013|client:10.1.0.14:15012|dataStream:10.1.0.14:15015|priority:1|startupRole:FOLLOWER, e061ba01-06b3-4f38-a151-c7c4cf78ce5a|rpc:10.1.0.14:15023|admin:10.1.0.14:15022|client:10.1.0.14:15021|dataStream:10.1.0.14:15024|priority:0|startupRole:FOLLOWER, c23d9737-c121-4244-9e77-c55c15e0a23c|rpc:10.1.0.14:15032|admin:10.1.0.14:15031|client:10.1.0.14:15030|dataStream:10.1.0.14:15033|priority:0|startupRole:FOLLOWER]|listeners:[], old=null
2023-07-16 18:57:15,642 [c23d9737-c121-4244-9e77-c55c15e0a23c-server-thread1] INFO  segmented.SegmentedRaftLogWorker (SegmentedRaftLogWorker.java:startLogSegment(447)) - c23d9737-c121-4244-9e77-c55c15e0a23c@group-FA062BEF04B9-SegmentedRaftLogWorker: Starting segment from index:0
2023-07-16 18:57:15,646 [e061ba01-06b3-4f38-a151-c7c4cf78ce5a-server-thread2] INFO  server.RaftServer$Division (ServerState.java:setRaftConf(434)) - e061ba01-06b3-4f38-a151-c7c4cf78ce5a@group-FA062BEF04B9: set configuration 0: peers:[0e76f3da-5374-4d3e-bc44-9848a147cb1b|rpc:10.1.0.14:15014|admin:10.1.0.14:15013|client:10.1.0.14:15012|dataStream:10.1.0.14:15015|priority:1|startupRole:FOLLOWER, e061ba01-06b3-4f38-a151-c7c4cf78ce5a|rpc:10.1.0.14:15023|admin:10.1.0.14:15022|client:10.1.0.14:15021|dataStream:10.1.0.14:15024|priority:0|startupRole:FOLLOWER, c23d9737-c121-4244-9e77-c55c15e0a23c|rpc:10.1.0.14:15032|admin:10.1.0.14:15031|client:10.1.0.14:15030|dataStream:10.1.0.14:15033|priority:0|startupRole:FOLLOWER]|listeners:[], old=null
2023-07-16 18:57:15,646 [e061ba01-06b3-4f38-a151-c7c4cf78ce5a-server-thread2] INFO  segmented.SegmentedRaftLogWorker (SegmentedRaftLogWorker.java:startLogSegment(447)) - e061ba01-06b3-4f38-a151-c7c4cf78ce5a@group-FA062BEF04B9-SegmentedRaftLogWorker: Starting segment from index:0
2023-07-16 18:57:15,647 [main] INFO  ozone.MiniOzoneClusterImpl (MiniOzoneClusterImpl.java:lambda$waitForClusterToBeReady$0(224)) - Nodes are ready. Got 10 of 10 DN Heartbeats.
2023-07-16 18:57:15,650 [main] INFO  ozone.MiniOzoneClusterImpl (MiniOzoneClusterImpl.java:lambda$waitForClusterToBeReady$0(227)) - Cluster exits safe mode
2023-07-16 18:57:15,650 [main] INFO  ozone.MiniOzoneClusterImpl (MiniOzoneClusterImpl.java:lambda$waitForClusterToBeReady$0(229)) - SCM became leader
2023-07-16 18:57:15,647 [e061ba01-06b3-4f38-a151-c7c4cf78ce5a@group-FA062BEF04B9-SegmentedRaftLogWorker] INFO  segmented.SegmentedRaftLogWorker (SegmentedRaftLogWorker.java:execute(651)) - e061ba01-06b3-4f38-a151-c7c4cf78ce5a@group-FA062BEF04B9-SegmentedRaftLogWorker: created new log segment /home/runner/work/ozone/ozone/hadoop-ozone/integration-test/target/test-dir/MiniOzoneClusterImpl-8e52da8c-19f0-467e-9375-6950100829a3/datanode-1/data/ratis/623028da-18e9-42af-b4e8-fa062bef04b9/current/log_inprogress_0
2023-07-16 18:57:15,654 [c23d9737-c121-4244-9e77-c55c15e0a23c@group-FA062BEF04B9-SegmentedRaftLogWorker] INFO  segmented.SegmentedRaftLogWorker (SegmentedRaftLogWorker.java:execute(651)) - c23d9737-c121-4244-9e77-c55c15e0a23c@group-FA062BEF04B9-SegmentedRaftLogWorker: created new log segment /home/runner/work/ozone/ozone/hadoop-ozone/integration-test/target/test-dir/MiniOzoneClusterImpl-8e52da8c-19f0-467e-9375-6950100829a3/datanode-2/data/ratis/623028da-18e9-42af-b4e8-fa062bef04b9/current/log_inprogress_0
2023-07-16 18:57:15,894 [e061ba01-06b3-4f38-a151-c7c4cf78ce5a@group-9172E3D3C7D7-FollowerState] INFO  impl.FollowerState (FollowerState.java:run(143)) - e061ba01-06b3-4f38-a151-c7c4cf78ce5a@group-9172E3D3C7D7-FollowerState: change to CANDIDATE, lastRpcElapsedTime:5088847885ns, electionTimeout:5078ms
2023-07-16 18:57:15,894 [e061ba01-06b3-4f38-a151-c7c4cf78ce5a@group-9172E3D3C7D7-FollowerState] INFO  impl.RoleInfo (RoleInfo.java:shutdownFollowerState(110)) - e061ba01-06b3-4f38-a151-c7c4cf78ce5a: shutdown e061ba01-06b3-4f38-a151-c7c4cf78ce5a@group-9172E3D3C7D7-FollowerState
2023-07-16 18:57:15,894 [e061ba01-06b3-4f38-a151-c7c4cf78ce5a@group-9172E3D3C7D7-FollowerState] INFO  server.RaftServer$Division (RaftServerImpl.java:setRole(329)) - e061ba01-06b3-4f38-a151-c7c4cf78ce5a@group-9172E3D3C7D7: changes role from  FOLLOWER to CANDIDATE at term 0 for changeToCandidate
2023-07-16 18:57:15,894 [e061ba01-06b3-4f38-a151-c7c4cf78ce5a@group-9172E3D3C7D7-FollowerState] INFO  server.RaftServerConfigKeys (ConfUtils.java:logGet(46)) - raft.server.leaderelection.pre-vote = true (default)
2023-07-16 18:57:15,894 [e061ba01-06b3-4f38-a151-c7c4cf78ce5a@group-9172E3D3C7D7-FollowerState] INFO  impl.RoleInfo (RoleInfo.java:updateAndGet(139)) - e061ba01-06b3-4f38-a151-c7c4cf78ce5a: start e061ba01-06b3-4f38-a151-c7c4cf78ce5a@group-9172E3D3C7D7-LeaderElection4
2023-07-16 18:57:15,899 [e061ba01-06b3-4f38-a151-c7c4cf78ce5a@group-9172E3D3C7D7-LeaderElection4] INFO  impl.LeaderElection (LeaderElection.java:askForVotes(321)) - e061ba01-06b3-4f38-a151-c7c4cf78ce5a@group-9172E3D3C7D7-LeaderElection4 PRE_VOTE round 0: submit vote requests at term 0 for -1: peers:[e061ba01-06b3-4f38-a151-c7c4cf78ce5a|rpc:10.1.0.14:15023|admin:10.1.0.14:15022|client:10.1.0.14:15021|dataStream:10.1.0.14:15024|priority:1|startupRole:FOLLOWER]|listeners:[], old=null
2023-07-16 18:57:15,899 [e061ba01-06b3-4f38-a151-c7c4cf78ce5a@group-9172E3D3C7D7-LeaderElection4] INFO  impl.LeaderElection (LeaderElection.java:askForVotes(323)) - e061ba01-06b3-4f38-a151-c7c4cf78ce5a@group-9172E3D3C7D7-LeaderElection4 PRE_VOTE round 0: result PASSED (term=0)
2023-07-16 18:57:15,901 [e061ba01-06b3-4f38-a151-c7c4cf78ce5a@group-9172E3D3C7D7-LeaderElection4] INFO  impl.LeaderElection (LeaderElection.java:askForVotes(321)) - e061ba01-06b3-4f38-a151-c7c4cf78ce5a@group-9172E3D3C7D7-LeaderElection4 ELECTION round 0: submit vote requests at term 1 for -1: peers:[e061ba01-06b3-4f38-a151-c7c4cf78ce5a|rpc:10.1.0.14:15023|admin:10.1.0.14:15022|client:10.1.0.14:15021|dataStream:10.1.0.14:15024|priority:1|startupRole:FOLLOWER]|listeners:[], old=null
2023-07-16 18:57:15,901 [e061ba01-06b3-4f38-a151-c7c4cf78ce5a@group-9172E3D3C7D7-LeaderElection4] INFO  impl.LeaderElection (LeaderElection.java:askForVotes(323)) - e061ba01-06b3-4f38-a151-c7c4cf78ce5a@group-9172E3D3C7D7-LeaderElection4 ELECTION round 0: result PASSED (term=1)
2023-07-16 18:57:15,901 [e061ba01-06b3-4f38-a151-c7c4cf78ce5a@group-9172E3D3C7D7-LeaderElection4] INFO  impl.RoleInfo (RoleInfo.java:shutdownLeaderElection(130)) - e061ba01-06b3-4f38-a151-c7c4cf78ce5a: shutdown e061ba01-06b3-4f38-a151-c7c4cf78ce5a@group-9172E3D3C7D7-LeaderElection4
2023-07-16 18:57:15,901 [e061ba01-06b3-4f38-a151-c7c4cf78ce5a@group-9172E3D3C7D7-LeaderElection4] INFO  server.RaftServer$Division (RaftServerImpl.java:setRole(329)) - e061ba01-06b3-4f38-a151-c7c4cf78ce5a@group-9172E3D3C7D7: changes role from CANDIDATE to LEADER at term 1 for changeToLeader
2023-07-16 18:57:15,901 [e061ba01-06b3-4f38-a151-c7c4cf78ce5a@group-9172E3D3C7D7-LeaderElection4] INFO  ratis.XceiverServerRatis (XceiverServerRatis.java:handleLeaderChangedNotification(902)) - Leader change notification received for group: group-9172E3D3C7D7 with new leaderId: e061ba01-06b3-4f38-a151-c7c4cf78ce5a
2023-07-16 18:57:15,901 [e061ba01-06b3-4f38-a151-c7c4cf78ce5a@group-9172E3D3C7D7-LeaderElection4] INFO  server.RaftServer$Division (ServerState.java:setLeader(317)) - e061ba01-06b3-4f38-a151-c7c4cf78ce5a@group-9172E3D3C7D7: change Leader from null to e061ba01-06b3-4f38-a151-c7c4cf78ce5a at term 1 for becomeLeader, leader elected after 5127ms
2023-07-16 18:57:15,901 [e061ba01-06b3-4f38-a151-c7c4cf78ce5a@group-9172E3D3C7D7-LeaderElection4] INFO  server.RaftServerConfigKeys (ConfUtils.java:logGet(46)) - raft.server.staging.catchup.gap = 1000 (default)
2023-07-16 18:57:15,901 [e061ba01-06b3-4f38-a151-c7c4cf78ce5a@group-9172E3D3C7D7-LeaderElection4] INFO  server.RaftServerConfigKeys (ConfUtils.java:logGet(46)) - raft.server.write.element-limit = 1024 (custom)
2023-07-16 18:57:15,904 [e061ba01-06b3-4f38-a151-c7c4cf78ce5a@group-9172E3D3C7D7-LeaderElection4] INFO  server.RaftServerConfigKeys (ConfUtils.java:logGet(46)) - raft.server.write.byte-limit = 1024 M (=1073741824) (custom)
2023-07-16 18:57:15,904 [e061ba01-06b3-4f38-a151-c7c4cf78ce5a@group-9172E3D3C7D7-LeaderElection4] INFO  server.RaftServerConfigKeys (ConfUtils.java:logGet(46)) - raft.server.watch.timeout = 180s (custom)
2023-07-16 18:57:15,911 [e061ba01-06b3-4f38-a151-c7c4cf78ce5a@group-9172E3D3C7D7-LeaderElection4] INFO  server.RaftServerConfigKeys (ConfUtils.java:logGet(46)) - raft.server.watch.timeout.denomination = 1s (default)
2023-07-16 18:57:15,911 [e061ba01-06b3-4f38-a151-c7c4cf78ce5a@group-9172E3D3C7D7-LeaderElection4] INFO  server.RaftServerConfigKeys (ConfUtils.java:logGet(46)) - raft.server.watch.element-limit = 65536 (default)
2023-07-16 18:57:15,911 [e061ba01-06b3-4f38-a151-c7c4cf78ce5a@group-9172E3D3C7D7-LeaderElection4] INFO  server.RaftServerConfigKeys (ConfUtils.java:logGet(46)) - raft.server.write.element-limit = 1024 (custom)
2023-07-16 18:57:15,911 [e061ba01-06b3-4f38-a151-c7c4cf78ce5a@group-9172E3D3C7D7-LeaderElection4] INFO  server.RaftServerConfigKeys (ConfUtils.java:logGet(46)) - raft.server.write.follower.gap.ratio.max = -1.0 (default)
2023-07-16 18:57:15,912 [e061ba01-06b3-4f38-a151-c7c4cf78ce5a@group-9172E3D3C7D7-LeaderElection4] INFO  impl.RoleInfo (RoleInfo.java:updateAndGet(139)) - e061ba01-06b3-4f38-a151-c7c4cf78ce5a: start e061ba01-06b3-4f38-a151-c7c4cf78ce5a@group-9172E3D3C7D7-LeaderStateImpl
2023-07-16 18:57:15,914 [e061ba01-06b3-4f38-a151-c7c4cf78ce5a@group-9172E3D3C7D7-LeaderElection4] INFO  segmented.SegmentedRaftLogWorker (SegmentedRaftLogWorker.java:startLogSegment(447)) - e061ba01-06b3-4f38-a151-c7c4cf78ce5a@group-9172E3D3C7D7-SegmentedRaftLogWorker: Starting segment from index:0
2023-07-16 18:57:15,915 [e061ba01-06b3-4f38-a151-c7c4cf78ce5a@group-9172E3D3C7D7-SegmentedRaftLogWorker] INFO  segmented.SegmentedRaftLogWorker (SegmentedRaftLogWorker.java:execute(651)) - e061ba01-06b3-4f38-a151-c7c4cf78ce5a@group-9172E3D3C7D7-SegmentedRaftLogWorker: created new log segment /home/runner/work/ozone/ozone/hadoop-ozone/integration-test/target/test-dir/MiniOzoneClusterImpl-8e52da8c-19f0-467e-9375-6950100829a3/datanode-1/data/ratis/f450f055-a296-4477-9a04-9172e3d3c7d7/current/log_inprogress_0
2023-07-16 18:57:15,926 [e061ba01-06b3-4f38-a151-c7c4cf78ce5a@group-9172E3D3C7D7-LeaderElection4] INFO  server.RaftServer$Division (ServerState.java:setRaftConf(434)) - e061ba01-06b3-4f38-a151-c7c4cf78ce5a@group-9172E3D3C7D7: set configuration 0: peers:[e061ba01-06b3-4f38-a151-c7c4cf78ce5a|rpc:10.1.0.14:15023|admin:10.1.0.14:15022|client:10.1.0.14:15021|dataStream:10.1.0.14:15024|priority:1|startupRole:FOLLOWER]|listeners:[], old=null
2023-07-16 18:57:16,456 [qtp1568159144-15] ERROR generators.WadlGeneratorJAXBGrammarGenerator (WadlGeneratorJAXBGrammarGenerator.java:buildModelAndSchemas(207)) - Failed to generate the schema for the JAX-B elements
com.sun.xml.bind.v2.runtime.IllegalAnnotationsException: 1 counts of IllegalAnnotationExceptions
java.util.Map is an interface, and JAXB can't handle interfaces.
	this problem is related to the following location:
		at java.util.Map

	at com.sun.xml.bind.v2.runtime.IllegalAnnotationsException$Builder.check(IllegalAnnotationsException.java:106)
	at com.sun.xml.bind.v2.runtime.JAXBContextImpl.getTypeInfoSet(JAXBContextImpl.java:471)
	at com.sun.xml.bind.v2.runtime.JAXBContextImpl.<init>(JAXBContextImpl.java:303)
	at com.sun.xml.bind.v2.runtime.JAXBContextImpl.<init>(JAXBContextImpl.java:139)
	at com.sun.xml.bind.v2.runtime.JAXBContextImpl$JAXBContextBuilder.build(JAXBContextImpl.java:1156)
	at com.sun.xml.bind.v2.ContextFactory.createContext(ContextFactory.java:165)
	at sun.reflect.NativeMethodAccessorImpl.invoke0(Native Method)
	at sun.reflect.NativeMethodAccessorImpl.invoke(NativeMethodAccessorImpl.java:62)
	at sun.reflect.DelegatingMethodAccessorImpl.invoke(DelegatingMethodAccessorImpl.java:43)
	at java.lang.reflect.Method.invoke(Method.java:498)
	at javax.xml.bind.ContextFinder.newInstance(ContextFinder.java:247)
	at javax.xml.bind.ContextFinder.newInstance(ContextFinder.java:234)
	at javax.xml.bind.ContextFinder.find(ContextFinder.java:441)
	at javax.xml.bind.JAXBContext.newInstance(JAXBContext.java:641)
	at javax.xml.bind.JAXBContext.newInstance(JAXBContext.java:584)
	at com.sun.jersey.server.wadl.generators.WadlGeneratorJAXBGrammarGenerator.buildModelAndSchemas(WadlGeneratorJAXBGrammarGenerator.java:169)
	at com.sun.jersey.server.wadl.generators.AbstractWadlGeneratorGrammarGenerator.createExternalGrammar(AbstractWadlGeneratorGrammarGenerator.java:405)
	at com.sun.jersey.server.wadl.WadlBuilder.generate(WadlBuilder.java:149)
	at com.sun.jersey.server.impl.wadl.WadlApplicationContextImpl.getApplication(WadlApplicationContextImpl.java:119)
	at com.sun.jersey.server.impl.wadl.WadlApplicationContextImpl.getApplication(WadlApplicationContextImpl.java:138)
	at com.sun.jersey.server.impl.wadl.WadlMethodFactory$WadlOptionsMethodDispatcher.dispatch(WadlMethodFactory.java:110)
	at com.sun.jersey.server.impl.uri.rules.HttpMethodRule.accept(HttpMethodRule.java:302)
	at com.sun.jersey.server.impl.uri.rules.RightHandPathRule.accept(RightHandPathRule.java:147)
	at com.sun.jersey.server.impl.uri.rules.ResourceClassRule.accept(ResourceClassRule.java:108)
	at com.sun.jersey.server.impl.uri.rules.RightHandPathRule.accept(RightHandPathRule.java:147)
	at com.sun.jersey.server.impl.uri.rules.RootResourceClassesRule.accept(RootResourceClassesRule.java:84)
	at com.sun.jersey.server.impl.application.WebApplicationImpl._handleRequest(WebApplicationImpl.java:1542)
	at com.sun.jersey.server.impl.application.WebApplicationImpl._handleRequest(WebApplicationImpl.java:1473)
	at com.sun.jersey.server.impl.application.WebApplicationImpl.handleRequest(WebApplicationImpl.java:1419)
	at com.sun.jersey.server.impl.application.WebApplicationImpl.handleRequest(WebApplicationImpl.java:1409)
	at com.sun.jersey.spi.container.servlet.WebComponent.service(WebComponent.java:409)
	at com.sun.jersey.spi.container.servlet.ServletContainer.service(ServletContainer.java:558)
	at com.sun.jersey.spi.container.servlet.ServletContainer.service(ServletContainer.java:733)
	at javax.servlet.http.HttpServlet.service(HttpServlet.java:590)
	at org.eclipse.jetty.servlet.ServletHolder$NotAsync.service(ServletHolder.java:1459)
	at org.eclipse.jetty.servlet.ServletHolder.handle(ServletHolder.java:799)
	at org.eclipse.jetty.servlet.ServletHandler$ChainEnd.doFilter(ServletHandler.java:1656)
	at org.apache.hadoop.crypto.key.kms.server.KMSMDCFilter.doFilter(KMSMDCFilter.java:98)
	at org.eclipse.jetty.servlet.FilterHolder.doFilter(FilterHolder.java:193)
	at org.eclipse.jetty.servlet.ServletHandler$Chain.doFilter(ServletHandler.java:1626)
	at org.apache.hadoop.security.authentication.server.AuthenticationFilter.doFilter(AuthenticationFilter.java:650)
	at org.apache.hadoop.security.token.delegation.web.DelegationTokenAuthenticationFilter.doFilter(DelegationTokenAuthenticationFilter.java:305)
	at org.apache.hadoop.security.authentication.server.AuthenticationFilter.doFilter(AuthenticationFilter.java:592)
	at org.apache.hadoop.crypto.key.kms.server.KMSAuthenticationFilter.doFilter(KMSAuthenticationFilter.java:162)
	at org.eclipse.jetty.servlet.FilterHolder.doFilter(FilterHolder.java:201)
	at org.eclipse.jetty.servlet.ServletHandler$Chain.doFilter(ServletHandler.java:1626)
	at org.apache.hadoop.http.lib.StaticUserWebFilter$StaticUserFilter.doFilter(StaticUserWebFilter.java:110)
	at org.eclipse.jetty.servlet.FilterHolder.doFilter(FilterHolder.java:193)
	at org.eclipse.jetty.servlet.ServletHandler$Chain.doFilter(ServletHandler.java:1626)
	at org.apache.hadoop.http.HttpServer2$QuotingInputFilter.doFilter(HttpServer2.java:1794)
	at org.eclipse.jetty.servlet.FilterHolder.doFilter(FilterHolder.java:193)
	at org.eclipse.jetty.servlet.ServletHandler$Chain.doFilter(ServletHandler.java:1626)
	at org.apache.hadoop.http.NoCacheFilter.doFilter(NoCacheFilter.java:45)
	at org.eclipse.jetty.servlet.FilterHolder.doFilter(FilterHolder.java:193)
	at org.eclipse.jetty.servlet.ServletHandler$Chain.doFilter(ServletHandler.java:1626)
	at org.eclipse.jetty.servlet.ServletHandler.doHandle(ServletHandler.java:552)
	at org.eclipse.jetty.server.handler.ScopedHandler.handle(ScopedHandler.java:143)
	at org.eclipse.jetty.security.SecurityHandler.handle(SecurityHandler.java:600)
	at org.eclipse.jetty.server.handler.HandlerWrapper.handle(HandlerWrapper.java:127)
	at org.eclipse.jetty.server.handler.ScopedHandler.nextHandle(ScopedHandler.java:235)
	at org.eclipse.jetty.server.session.SessionHandler.doHandle(SessionHandler.java:1624)
	at org.eclipse.jetty.server.handler.ScopedHandler.nextHandle(ScopedHandler.java:233)
	at org.eclipse.jetty.server.handler.ContextHandler.doHandle(ContextHandler.java:1440)
	at org.eclipse.jetty.server.handler.ScopedHandler.nextScope(ScopedHandler.java:188)
	at org.eclipse.jetty.servlet.ServletHandler.doScope(ServletHandler.java:505)
	at org.eclipse.jetty.server.session.SessionHandler.doScope(SessionHandler.java:1594)
	at org.eclipse.jetty.server.handler.ScopedHandler.nextScope(ScopedHandler.java:186)
	at org.eclipse.jetty.server.handler.ContextHandler.doScope(ContextHandler.java:1355)
	at org.eclipse.jetty.server.handler.ScopedHandler.handle(ScopedHandler.java:141)
	at org.eclipse.jetty.server.handler.HandlerCollection.handle(HandlerCollection.java:146)
	at org.eclipse.jetty.server.handler.HandlerWrapper.handle(HandlerWrapper.java:127)
	at org.eclipse.jetty.server.Server.handle(Server.java:512)
	at org.eclipse.jetty.server.HttpChannel.lambda$handle$1(HttpChannel.java:487)
	at org.eclipse.jetty.server.HttpChannel.dispatch(HttpChannel.java:732)
	at org.eclipse.jetty.server.HttpChannel.handle(HttpChannel.java:479)
	at org.eclipse.jetty.server.HttpConnection.onFillable(HttpConnection.java:277)
	at org.eclipse.jetty.io.AbstractConnection$ReadCallback.succeeded(AbstractConnection.java:311)
	at org.eclipse.jetty.io.FillInterest.fillable(FillInterest.java:105)
	at org.eclipse.jetty.io.ChannelEndPoint$1.run(ChannelEndPoint.java:104)
	at org.eclipse.jetty.util.thread.strategy.EatWhatYouKill.runTask(EatWhatYouKill.java:338)
	at org.eclipse.jetty.util.thread.strategy.EatWhatYouKill.doProduce(EatWhatYouKill.java:315)
	at org.eclipse.jetty.util.thread.strategy.EatWhatYouKill.tryProduce(EatWhatYouKill.java:173)
	at org.eclipse.jetty.util.thread.strategy.EatWhatYouKill.produce(EatWhatYouKill.java:137)
	at org.eclipse.jetty.util.thread.QueuedThreadPool.runJob(QueuedThreadPool.java:883)
	at org.eclipse.jetty.util.thread.QueuedThreadPool$Runner.run(QueuedThreadPool.java:1034)
	at java.lang.Thread.run(Thread.java:750)
2023-07-16 18:57:16,462 [qtp1568159144-15] INFO  generators.AbstractWadlGeneratorGrammarGenerator (AbstractWadlGeneratorGrammarGenerator.java:attachTypes(479)) - Couldn't find grammar element for class javax.ws.rs.core.Response
2023-07-16 18:57:16,462 [qtp1568159144-15] INFO  generators.AbstractWadlGeneratorGrammarGenerator (AbstractWadlGeneratorGrammarGenerator.java:attachTypes(479)) - Couldn't find grammar element for class java.util.Map
2023-07-16 18:57:16,462 [qtp1568159144-15] INFO  generators.AbstractWadlGeneratorGrammarGenerator (AbstractWadlGeneratorGrammarGenerator.java:attachTypes(479)) - Couldn't find grammar element for class java.util.Map
2023-07-16 18:57:16,463 [qtp1568159144-15] INFO  generators.AbstractWadlGeneratorGrammarGenerator (AbstractWadlGeneratorGrammarGenerator.java:attachTypes(479)) - Couldn't find grammar element for class javax.ws.rs.core.Response
2023-07-16 18:57:16,463 [qtp1568159144-15] INFO  generators.AbstractWadlGeneratorGrammarGenerator (AbstractWadlGeneratorGrammarGenerator.java:attachTypes(479)) - Couldn't find grammar element for class java.util.Map
2023-07-16 18:57:16,463 [qtp1568159144-15] INFO  generators.AbstractWadlGeneratorGrammarGenerator (AbstractWadlGeneratorGrammarGenerator.java:attachTypes(479)) - Couldn't find grammar element for class java.util.Map
2023-07-16 18:57:16,463 [qtp1568159144-15] INFO  generators.AbstractWadlGeneratorGrammarGenerator (AbstractWadlGeneratorGrammarGenerator.java:attachTypes(479)) - Couldn't find grammar element for class javax.ws.rs.core.Response
2023-07-16 18:57:16,464 [qtp1568159144-15] INFO  generators.AbstractWadlGeneratorGrammarGenerator (AbstractWadlGeneratorGrammarGenerator.java:attachTypes(479)) - Couldn't find grammar element for class java.util.Map
2023-07-16 18:57:16,546 [e061ba01-06b3-4f38-a151-c7c4cf78ce5a@group-5330B41CC205-FollowerState] INFO  impl.FollowerState (FollowerState.java:run(143)) - e061ba01-06b3-4f38-a151-c7c4cf78ce5a@group-5330B41CC205-FollowerState: change to CANDIDATE, lastRpcElapsedTime:5041273392ns, electionTimeout:5027ms
2023-07-16 18:57:16,546 [e061ba01-06b3-4f38-a151-c7c4cf78ce5a@group-5330B41CC205-FollowerState] INFO  impl.RoleInfo (RoleInfo.java:shutdownFollowerState(110)) - e061ba01-06b3-4f38-a151-c7c4cf78ce5a: shutdown e061ba01-06b3-4f38-a151-c7c4cf78ce5a@group-5330B41CC205-FollowerState
2023-07-16 18:57:16,546 [e061ba01-06b3-4f38-a151-c7c4cf78ce5a@group-5330B41CC205-FollowerState] INFO  server.RaftServer$Division (RaftServerImpl.java:setRole(329)) - e061ba01-06b3-4f38-a151-c7c4cf78ce5a@group-5330B41CC205: changes role from  FOLLOWER to CANDIDATE at term 0 for changeToCandidate
2023-07-16 18:57:16,546 [e061ba01-06b3-4f38-a151-c7c4cf78ce5a@group-5330B41CC205-FollowerState] INFO  server.RaftServerConfigKeys (ConfUtils.java:logGet(46)) - raft.server.leaderelection.pre-vote = true (default)
2023-07-16 18:57:16,546 [e061ba01-06b3-4f38-a151-c7c4cf78ce5a@group-5330B41CC205-FollowerState] INFO  impl.RoleInfo (RoleInfo.java:updateAndGet(139)) - e061ba01-06b3-4f38-a151-c7c4cf78ce5a: start e061ba01-06b3-4f38-a151-c7c4cf78ce5a@group-5330B41CC205-LeaderElection5
2023-07-16 18:57:16,556 [e061ba01-06b3-4f38-a151-c7c4cf78ce5a@group-5330B41CC205-LeaderElection5] INFO  impl.LeaderElection (LeaderElection.java:askForVotes(321)) - e061ba01-06b3-4f38-a151-c7c4cf78ce5a@group-5330B41CC205-LeaderElection5 PRE_VOTE round 0: submit vote requests at term 0 for -1: peers:[0e76f3da-5374-4d3e-bc44-9848a147cb1b|rpc:10.1.0.14:15014|admin:10.1.0.14:15013|client:10.1.0.14:15012|dataStream:10.1.0.14:15015|priority:0|startupRole:FOLLOWER, c23d9737-c121-4244-9e77-c55c15e0a23c|rpc:10.1.0.14:15032|admin:10.1.0.14:15031|client:10.1.0.14:15030|dataStream:10.1.0.14:15033|priority:1|startupRole:FOLLOWER, e061ba01-06b3-4f38-a151-c7c4cf78ce5a|rpc:10.1.0.14:15023|admin:10.1.0.14:15022|client:10.1.0.14:15021|dataStream:10.1.0.14:15024|priority:0|startupRole:FOLLOWER]|listeners:[], old=null
2023-07-16 18:57:16,557 [e061ba01-06b3-4f38-a151-c7c4cf78ce5a@group-5330B41CC205-LeaderElection5-1] INFO  server.GrpcServerProtocolClient (GrpcServerProtocolClient.java:<init>(65)) - Build channel for 0e76f3da-5374-4d3e-bc44-9848a147cb1b
2023-07-16 18:57:16,557 [e061ba01-06b3-4f38-a151-c7c4cf78ce5a@group-5330B41CC205-LeaderElection5] INFO  server.RaftServerConfigKeys (ConfUtils.java:logFallback(53)) - raft.server.rpc.first-election.timeout.min = 5s (fallback to raft.server.rpc.timeout.min)
2023-07-16 18:57:16,558 [e061ba01-06b3-4f38-a151-c7c4cf78ce5a@group-5330B41CC205-LeaderElection5] INFO  server.RaftServerConfigKeys (ConfUtils.java:logFallback(53)) - raft.server.rpc.first-election.timeout.max = 5200ms (fallback to raft.server.rpc.timeout.max)
2023-07-16 18:57:16,558 [e061ba01-06b3-4f38-a151-c7c4cf78ce5a@group-5330B41CC205-LeaderElection5-2] INFO  server.GrpcServerProtocolClient (GrpcServerProtocolClient.java:<init>(65)) - Build channel for c23d9737-c121-4244-9e77-c55c15e0a23c
2023-07-16 18:57:16,572 [grpc-default-executor-2] INFO  server.RaftServer$Division (RaftServerImpl.java:requestVote(1302)) - 0e76f3da-5374-4d3e-bc44-9848a147cb1b@group-5330B41CC205: receive requestVote(PRE_VOTE, e061ba01-06b3-4f38-a151-c7c4cf78ce5a, group-5330B41CC205, 0, (t:0, i:0))
2023-07-16 18:57:16,572 [grpc-default-executor-2] INFO  impl.VoteContext (VoteContext.java:log(49)) - 0e76f3da-5374-4d3e-bc44-9848a147cb1b@group-5330B41CC205-FOLLOWER: accept PRE_VOTE from e061ba01-06b3-4f38-a151-c7c4cf78ce5a: our priority 0 <= candidate's priority 0
2023-07-16 18:57:16,572 [grpc-default-executor-2] INFO  server.RaftServer$Division (RaftServerImpl.java:requestVote(1335)) - 0e76f3da-5374-4d3e-bc44-9848a147cb1b@group-5330B41CC205 replies to PRE_VOTE vote request: e061ba01-06b3-4f38-a151-c7c4cf78ce5a<-0e76f3da-5374-4d3e-bc44-9848a147cb1b#0:OK-t0. Peer's state: 0e76f3da-5374-4d3e-bc44-9848a147cb1b@group-5330B41CC205:t0, leader=null, voted=, raftlog=Memoized:0e76f3da-5374-4d3e-bc44-9848a147cb1b@group-5330B41CC205-SegmentedRaftLog:OPENED:c-1, conf=-1: peers:[0e76f3da-5374-4d3e-bc44-9848a147cb1b|rpc:10.1.0.14:15014|admin:10.1.0.14:15013|client:10.1.0.14:15012|dataStream:10.1.0.14:15015|priority:0|startupRole:FOLLOWER, c23d9737-c121-4244-9e77-c55c15e0a23c|rpc:10.1.0.14:15032|admin:10.1.0.14:15031|client:10.1.0.14:15030|dataStream:10.1.0.14:15033|priority:1|startupRole:FOLLOWER, e061ba01-06b3-4f38-a151-c7c4cf78ce5a|rpc:10.1.0.14:15023|admin:10.1.0.14:15022|client:10.1.0.14:15021|dataStream:10.1.0.14:15024|priority:0|startupRole:FOLLOWER]|listeners:[], old=null
2023-07-16 18:57:16,583 [grpc-default-executor-3] INFO  server.RaftServer$Division (RaftServerImpl.java:requestVote(1302)) - c23d9737-c121-4244-9e77-c55c15e0a23c@group-5330B41CC205: receive requestVote(PRE_VOTE, e061ba01-06b3-4f38-a151-c7c4cf78ce5a, group-5330B41CC205, 0, (t:0, i:0))
2023-07-16 18:57:16,583 [grpc-default-executor-3] INFO  impl.VoteContext (VoteContext.java:log(49)) - c23d9737-c121-4244-9e77-c55c15e0a23c@group-5330B41CC205-FOLLOWER: reject PRE_VOTE from e061ba01-06b3-4f38-a151-c7c4cf78ce5a: our priority 1 > candidate's priority 0
2023-07-16 18:57:16,583 [grpc-default-executor-3] INFO  server.RaftServer$Division (RaftServerImpl.java:requestVote(1335)) - c23d9737-c121-4244-9e77-c55c15e0a23c@group-5330B41CC205 replies to PRE_VOTE vote request: e061ba01-06b3-4f38-a151-c7c4cf78ce5a<-c23d9737-c121-4244-9e77-c55c15e0a23c#0:FAIL-t0. Peer's state: c23d9737-c121-4244-9e77-c55c15e0a23c@group-5330B41CC205:t0, leader=null, voted=, raftlog=Memoized:c23d9737-c121-4244-9e77-c55c15e0a23c@group-5330B41CC205-SegmentedRaftLog:OPENED:c-1, conf=-1: peers:[0e76f3da-5374-4d3e-bc44-9848a147cb1b|rpc:10.1.0.14:15014|admin:10.1.0.14:15013|client:10.1.0.14:15012|dataStream:10.1.0.14:15015|priority:0|startupRole:FOLLOWER, c23d9737-c121-4244-9e77-c55c15e0a23c|rpc:10.1.0.14:15032|admin:10.1.0.14:15031|client:10.1.0.14:15030|dataStream:10.1.0.14:15033|priority:1|startupRole:FOLLOWER, e061ba01-06b3-4f38-a151-c7c4cf78ce5a|rpc:10.1.0.14:15023|admin:10.1.0.14:15022|client:10.1.0.14:15021|dataStream:10.1.0.14:15024|priority:0|startupRole:FOLLOWER]|listeners:[], old=null
2023-07-16 18:57:16,587 [e061ba01-06b3-4f38-a151-c7c4cf78ce5a@group-5330B41CC205-LeaderElection5] INFO  impl.LeaderElection (LeaderElection.java:logAndReturn(90)) - e061ba01-06b3-4f38-a151-c7c4cf78ce5a@group-5330B41CC205-LeaderElection5: PRE_VOTE REJECTED received 2 response(s) and 0 exception(s):
2023-07-16 18:57:16,587 [e061ba01-06b3-4f38-a151-c7c4cf78ce5a@group-5330B41CC205-LeaderElection5] INFO  impl.LeaderElection (LeaderElection.java:logAndReturn(94)) -   Response 0: e061ba01-06b3-4f38-a151-c7c4cf78ce5a<-0e76f3da-5374-4d3e-bc44-9848a147cb1b#0:OK-t0
2023-07-16 18:57:16,587 [e061ba01-06b3-4f38-a151-c7c4cf78ce5a@group-5330B41CC205-LeaderElection5] INFO  impl.LeaderElection (LeaderElection.java:logAndReturn(94)) -   Response 1: e061ba01-06b3-4f38-a151-c7c4cf78ce5a<-c23d9737-c121-4244-9e77-c55c15e0a23c#0:FAIL-t0
2023-07-16 18:57:16,587 [e061ba01-06b3-4f38-a151-c7c4cf78ce5a@group-5330B41CC205-LeaderElection5] INFO  impl.LeaderElection (LeaderElection.java:askForVotes(323)) - e061ba01-06b3-4f38-a151-c7c4cf78ce5a@group-5330B41CC205-LeaderElection5 PRE_VOTE round 0: result REJECTED
2023-07-16 18:57:16,587 [e061ba01-06b3-4f38-a151-c7c4cf78ce5a@group-5330B41CC205-LeaderElection5] INFO  server.RaftServer$Division (RaftServerImpl.java:setRole(329)) - e061ba01-06b3-4f38-a151-c7c4cf78ce5a@group-5330B41CC205: changes role from CANDIDATE to FOLLOWER at term 0 for REJECTED
2023-07-16 18:57:16,587 [e061ba01-06b3-4f38-a151-c7c4cf78ce5a@group-5330B41CC205-LeaderElection5] INFO  impl.RoleInfo (RoleInfo.java:shutdownLeaderElection(130)) - e061ba01-06b3-4f38-a151-c7c4cf78ce5a: shutdown e061ba01-06b3-4f38-a151-c7c4cf78ce5a@group-5330B41CC205-LeaderElection5
2023-07-16 18:57:16,587 [e061ba01-06b3-4f38-a151-c7c4cf78ce5a@group-5330B41CC205-LeaderElection5] INFO  impl.RoleInfo (RoleInfo.java:updateAndGet(139)) - e061ba01-06b3-4f38-a151-c7c4cf78ce5a: start e061ba01-06b3-4f38-a151-c7c4cf78ce5a@group-5330B41CC205-FollowerState
2023-07-16 18:57:16,597 [c23d9737-c121-4244-9e77-c55c15e0a23c@group-22273F6C5A48-FollowerState] INFO  impl.FollowerState (FollowerState.java:run(143)) - c23d9737-c121-4244-9e77-c55c15e0a23c@group-22273F6C5A48-FollowerState: change to CANDIDATE, lastRpcElapsedTime:5038228286ns, electionTimeout:5030ms
2023-07-16 18:57:16,597 [c23d9737-c121-4244-9e77-c55c15e0a23c@group-22273F6C5A48-FollowerState] INFO  impl.RoleInfo (RoleInfo.java:shutdownFollowerState(110)) - c23d9737-c121-4244-9e77-c55c15e0a23c: shutdown c23d9737-c121-4244-9e77-c55c15e0a23c@group-22273F6C5A48-FollowerState
2023-07-16 18:57:16,597 [c23d9737-c121-4244-9e77-c55c15e0a23c@group-22273F6C5A48-FollowerState] INFO  server.RaftServer$Division (RaftServerImpl.java:setRole(329)) - c23d9737-c121-4244-9e77-c55c15e0a23c@group-22273F6C5A48: changes role from  FOLLOWER to CANDIDATE at term 0 for changeToCandidate
2023-07-16 18:57:16,597 [c23d9737-c121-4244-9e77-c55c15e0a23c@group-22273F6C5A48-FollowerState] INFO  server.RaftServerConfigKeys (ConfUtils.java:logGet(46)) - raft.server.leaderelection.pre-vote = true (default)
2023-07-16 18:57:16,597 [c23d9737-c121-4244-9e77-c55c15e0a23c@group-22273F6C5A48-FollowerState] INFO  impl.RoleInfo (RoleInfo.java:updateAndGet(139)) - c23d9737-c121-4244-9e77-c55c15e0a23c: start c23d9737-c121-4244-9e77-c55c15e0a23c@group-22273F6C5A48-LeaderElection6
2023-07-16 18:57:16,617 [c23d9737-c121-4244-9e77-c55c15e0a23c@group-22273F6C5A48-LeaderElection6] INFO  impl.LeaderElection (LeaderElection.java:askForVotes(321)) - c23d9737-c121-4244-9e77-c55c15e0a23c@group-22273F6C5A48-LeaderElection6 PRE_VOTE round 0: submit vote requests at term 0 for -1: peers:[c23d9737-c121-4244-9e77-c55c15e0a23c|rpc:10.1.0.14:15032|admin:10.1.0.14:15031|client:10.1.0.14:15030|dataStream:10.1.0.14:15033|priority:1|startupRole:FOLLOWER]|listeners:[], old=null
2023-07-16 18:57:16,618 [c23d9737-c121-4244-9e77-c55c15e0a23c@group-22273F6C5A48-LeaderElection6] INFO  impl.LeaderElection (LeaderElection.java:askForVotes(323)) - c23d9737-c121-4244-9e77-c55c15e0a23c@group-22273F6C5A48-LeaderElection6 PRE_VOTE round 0: result PASSED (term=0)
2023-07-16 18:57:16,623 [c23d9737-c121-4244-9e77-c55c15e0a23c@group-22273F6C5A48-LeaderElection6] INFO  impl.LeaderElection (LeaderElection.java:askForVotes(321)) - c23d9737-c121-4244-9e77-c55c15e0a23c@group-22273F6C5A48-LeaderElection6 ELECTION round 0: submit vote requests at term 1 for -1: peers:[c23d9737-c121-4244-9e77-c55c15e0a23c|rpc:10.1.0.14:15032|admin:10.1.0.14:15031|client:10.1.0.14:15030|dataStream:10.1.0.14:15033|priority:1|startupRole:FOLLOWER]|listeners:[], old=null
2023-07-16 18:57:16,623 [c23d9737-c121-4244-9e77-c55c15e0a23c@group-22273F6C5A48-LeaderElection6] INFO  impl.LeaderElection (LeaderElection.java:askForVotes(323)) - c23d9737-c121-4244-9e77-c55c15e0a23c@group-22273F6C5A48-LeaderElection6 ELECTION round 0: result PASSED (term=1)
2023-07-16 18:57:16,623 [c23d9737-c121-4244-9e77-c55c15e0a23c@group-22273F6C5A48-LeaderElection6] INFO  impl.RoleInfo (RoleInfo.java:shutdownLeaderElection(130)) - c23d9737-c121-4244-9e77-c55c15e0a23c: shutdown c23d9737-c121-4244-9e77-c55c15e0a23c@group-22273F6C5A48-LeaderElection6
2023-07-16 18:57:16,623 [c23d9737-c121-4244-9e77-c55c15e0a23c@group-22273F6C5A48-LeaderElection6] INFO  server.RaftServer$Division (RaftServerImpl.java:setRole(329)) - c23d9737-c121-4244-9e77-c55c15e0a23c@group-22273F6C5A48: changes role from CANDIDATE to LEADER at term 1 for changeToLeader
2023-07-16 18:57:16,624 [c23d9737-c121-4244-9e77-c55c15e0a23c@group-22273F6C5A48-LeaderElection6] INFO  ratis.XceiverServerRatis (XceiverServerRatis.java:handleLeaderChangedNotification(902)) - Leader change notification received for group: group-22273F6C5A48 with new leaderId: c23d9737-c121-4244-9e77-c55c15e0a23c
2023-07-16 18:57:16,624 [c23d9737-c121-4244-9e77-c55c15e0a23c@group-22273F6C5A48-LeaderElection6] INFO  server.RaftServer$Division (ServerState.java:setLeader(317)) - c23d9737-c121-4244-9e77-c55c15e0a23c@group-22273F6C5A48: change Leader from null to c23d9737-c121-4244-9e77-c55c15e0a23c at term 1 for becomeLeader, leader elected after 5181ms
2023-07-16 18:57:16,624 [c23d9737-c121-4244-9e77-c55c15e0a23c@group-22273F6C5A48-LeaderElection6] INFO  server.RaftServerConfigKeys (ConfUtils.java:logGet(46)) - raft.server.staging.catchup.gap = 1000 (default)
2023-07-16 18:57:16,627 [c23d9737-c121-4244-9e77-c55c15e0a23c@group-22273F6C5A48-LeaderElection6] INFO  server.RaftServerConfigKeys (ConfUtils.java:logGet(46)) - raft.server.write.element-limit = 1024 (custom)
2023-07-16 18:57:16,628 [c23d9737-c121-4244-9e77-c55c15e0a23c@group-22273F6C5A48-LeaderElection6] INFO  server.RaftServerConfigKeys (ConfUtils.java:logGet(46)) - raft.server.write.byte-limit = 1024 M (=1073741824) (custom)
2023-07-16 18:57:16,632 [c23d9737-c121-4244-9e77-c55c15e0a23c@group-22273F6C5A48-LeaderElection6] INFO  server.RaftServerConfigKeys (ConfUtils.java:logGet(46)) - raft.server.watch.timeout = 180s (custom)
2023-07-16 18:57:16,632 [c23d9737-c121-4244-9e77-c55c15e0a23c@group-22273F6C5A48-LeaderElection6] INFO  server.RaftServerConfigKeys (ConfUtils.java:logGet(46)) - raft.server.watch.timeout.denomination = 1s (default)
2023-07-16 18:57:16,633 [c23d9737-c121-4244-9e77-c55c15e0a23c@group-22273F6C5A48-LeaderElection6] INFO  server.RaftServerConfigKeys (ConfUtils.java:logGet(46)) - raft.server.watch.element-limit = 65536 (default)
2023-07-16 18:57:16,633 [c23d9737-c121-4244-9e77-c55c15e0a23c@group-22273F6C5A48-LeaderElection6] INFO  server.RaftServerConfigKeys (ConfUtils.java:logGet(46)) - raft.server.write.element-limit = 1024 (custom)
2023-07-16 18:57:16,633 [c23d9737-c121-4244-9e77-c55c15e0a23c@group-22273F6C5A48-LeaderElection6] INFO  server.RaftServerConfigKeys (ConfUtils.java:logGet(46)) - raft.server.write.follower.gap.ratio.max = -1.0 (default)
2023-07-16 18:57:16,633 [c23d9737-c121-4244-9e77-c55c15e0a23c@group-22273F6C5A48-LeaderElection6] INFO  impl.RoleInfo (RoleInfo.java:updateAndGet(139)) - c23d9737-c121-4244-9e77-c55c15e0a23c: start c23d9737-c121-4244-9e77-c55c15e0a23c@group-22273F6C5A48-LeaderStateImpl
2023-07-16 18:57:16,633 [c23d9737-c121-4244-9e77-c55c15e0a23c@group-22273F6C5A48-LeaderElection6] INFO  segmented.SegmentedRaftLogWorker (SegmentedRaftLogWorker.java:startLogSegment(447)) - c23d9737-c121-4244-9e77-c55c15e0a23c@group-22273F6C5A48-SegmentedRaftLogWorker: Starting segment from index:0
2023-07-16 18:57:16,636 [c23d9737-c121-4244-9e77-c55c15e0a23c@group-22273F6C5A48-SegmentedRaftLogWorker] INFO  segmented.SegmentedRaftLogWorker (SegmentedRaftLogWorker.java:execute(651)) - c23d9737-c121-4244-9e77-c55c15e0a23c@group-22273F6C5A48-SegmentedRaftLogWorker: created new log segment /home/runner/work/ozone/ozone/hadoop-ozone/integration-test/target/test-dir/MiniOzoneClusterImpl-8e52da8c-19f0-467e-9375-6950100829a3/datanode-2/data/ratis/a0be9edf-cc92-42c3-b8f8-22273f6c5a48/current/log_inprogress_0
2023-07-16 18:57:16,648 [c23d9737-c121-4244-9e77-c55c15e0a23c@group-22273F6C5A48-LeaderElection6] INFO  server.RaftServer$Division (ServerState.java:setRaftConf(434)) - c23d9737-c121-4244-9e77-c55c15e0a23c@group-22273F6C5A48: set configuration 0: peers:[c23d9737-c121-4244-9e77-c55c15e0a23c|rpc:10.1.0.14:15032|admin:10.1.0.14:15031|client:10.1.0.14:15030|dataStream:10.1.0.14:15033|priority:1|startupRole:FOLLOWER]|listeners:[], old=null
2023-07-16 18:57:16,674 [262e2cc5-1901-4d20-b00f-c120f2342a1b@group-A58C9C2B4A74-FollowerState] INFO  impl.FollowerState (FollowerState.java:run(143)) - 262e2cc5-1901-4d20-b00f-c120f2342a1b@group-A58C9C2B4A74-FollowerState: change to CANDIDATE, lastRpcElapsedTime:5127233947ns, electionTimeout:5122ms
2023-07-16 18:57:16,674 [262e2cc5-1901-4d20-b00f-c120f2342a1b@group-A58C9C2B4A74-FollowerState] INFO  impl.RoleInfo (RoleInfo.java:shutdownFollowerState(110)) - 262e2cc5-1901-4d20-b00f-c120f2342a1b: shutdown 262e2cc5-1901-4d20-b00f-c120f2342a1b@group-A58C9C2B4A74-FollowerState
2023-07-16 18:57:16,674 [262e2cc5-1901-4d20-b00f-c120f2342a1b@group-A58C9C2B4A74-FollowerState] INFO  server.RaftServer$Division (RaftServerImpl.java:setRole(329)) - 262e2cc5-1901-4d20-b00f-c120f2342a1b@group-A58C9C2B4A74: changes role from  FOLLOWER to CANDIDATE at term 0 for changeToCandidate
2023-07-16 18:57:16,674 [262e2cc5-1901-4d20-b00f-c120f2342a1b@group-A58C9C2B4A74-FollowerState] INFO  server.RaftServerConfigKeys (ConfUtils.java:logGet(46)) - raft.server.leaderelection.pre-vote = true (default)
2023-07-16 18:57:16,674 [262e2cc5-1901-4d20-b00f-c120f2342a1b@group-A58C9C2B4A74-FollowerState] INFO  impl.RoleInfo (RoleInfo.java:updateAndGet(139)) - 262e2cc5-1901-4d20-b00f-c120f2342a1b: start 262e2cc5-1901-4d20-b00f-c120f2342a1b@group-A58C9C2B4A74-LeaderElection7
2023-07-16 18:57:16,720 [262e2cc5-1901-4d20-b00f-c120f2342a1b@group-A58C9C2B4A74-LeaderElection7] INFO  impl.LeaderElection (LeaderElection.java:askForVotes(321)) - 262e2cc5-1901-4d20-b00f-c120f2342a1b@group-A58C9C2B4A74-LeaderElection7 PRE_VOTE round 0: submit vote requests at term 0 for -1: peers:[262e2cc5-1901-4d20-b00f-c120f2342a1b|rpc:10.1.0.14:15041|admin:10.1.0.14:15040|client:10.1.0.14:15039|dataStream:10.1.0.14:15042|priority:1|startupRole:FOLLOWER]|listeners:[], old=null
2023-07-16 18:57:16,721 [262e2cc5-1901-4d20-b00f-c120f2342a1b@group-A58C9C2B4A74-LeaderElection7] INFO  impl.LeaderElection (LeaderElection.java:askForVotes(323)) - 262e2cc5-1901-4d20-b00f-c120f2342a1b@group-A58C9C2B4A74-LeaderElection7 PRE_VOTE round 0: result PASSED (term=0)
2023-07-16 18:57:16,721 [0e76f3da-5374-4d3e-bc44-9848a147cb1b@group-5330B41CC205-FollowerState] INFO  server.RaftServerConfigKeys (ConfUtils.java:logFallback(53)) - raft.server.rpc.first-election.timeout.min = 5s (fallback to raft.server.rpc.timeout.min)
2023-07-16 18:57:16,721 [0e76f3da-5374-4d3e-bc44-9848a147cb1b@group-5330B41CC205-FollowerState] INFO  server.RaftServerConfigKeys (ConfUtils.java:logFallback(53)) - raft.server.rpc.first-election.timeout.max = 5200ms (fallback to raft.server.rpc.timeout.max)
2023-07-16 18:57:16,723 [262e2cc5-1901-4d20-b00f-c120f2342a1b@group-A58C9C2B4A74-LeaderElection7] INFO  impl.LeaderElection (LeaderElection.java:askForVotes(321)) - 262e2cc5-1901-4d20-b00f-c120f2342a1b@group-A58C9C2B4A74-LeaderElection7 ELECTION round 0: submit vote requests at term 1 for -1: peers:[262e2cc5-1901-4d20-b00f-c120f2342a1b|rpc:10.1.0.14:15041|admin:10.1.0.14:15040|client:10.1.0.14:15039|dataStream:10.1.0.14:15042|priority:1|startupRole:FOLLOWER]|listeners:[], old=null
2023-07-16 18:57:16,723 [262e2cc5-1901-4d20-b00f-c120f2342a1b@group-A58C9C2B4A74-LeaderElection7] INFO  impl.LeaderElection (LeaderElection.java:askForVotes(323)) - 262e2cc5-1901-4d20-b00f-c120f2342a1b@group-A58C9C2B4A74-LeaderElection7 ELECTION round 0: result PASSED (term=1)
2023-07-16 18:57:16,723 [262e2cc5-1901-4d20-b00f-c120f2342a1b@group-A58C9C2B4A74-LeaderElection7] INFO  impl.RoleInfo (RoleInfo.java:shutdownLeaderElection(130)) - 262e2cc5-1901-4d20-b00f-c120f2342a1b: shutdown 262e2cc5-1901-4d20-b00f-c120f2342a1b@group-A58C9C2B4A74-LeaderElection7
2023-07-16 18:57:16,724 [262e2cc5-1901-4d20-b00f-c120f2342a1b@group-A58C9C2B4A74-LeaderElection7] INFO  server.RaftServer$Division (RaftServerImpl.java:setRole(329)) - 262e2cc5-1901-4d20-b00f-c120f2342a1b@group-A58C9C2B4A74: changes role from CANDIDATE to LEADER at term 1 for changeToLeader
2023-07-16 18:57:16,724 [262e2cc5-1901-4d20-b00f-c120f2342a1b@group-A58C9C2B4A74-LeaderElection7] INFO  ratis.XceiverServerRatis (XceiverServerRatis.java:handleLeaderChangedNotification(902)) - Leader change notification received for group: group-A58C9C2B4A74 with new leaderId: 262e2cc5-1901-4d20-b00f-c120f2342a1b
2023-07-16 18:57:16,724 [262e2cc5-1901-4d20-b00f-c120f2342a1b@group-A58C9C2B4A74-LeaderElection7] INFO  server.RaftServer$Division (ServerState.java:setLeader(317)) - 262e2cc5-1901-4d20-b00f-c120f2342a1b@group-A58C9C2B4A74: change Leader from null to 262e2cc5-1901-4d20-b00f-c120f2342a1b at term 1 for becomeLeader, leader elected after 5250ms
2023-07-16 18:57:16,724 [262e2cc5-1901-4d20-b00f-c120f2342a1b@group-A58C9C2B4A74-LeaderElection7] INFO  server.RaftServerConfigKeys (ConfUtils.java:logGet(46)) - raft.server.staging.catchup.gap = 1000 (default)
2023-07-16 18:57:16,724 [262e2cc5-1901-4d20-b00f-c120f2342a1b@group-A58C9C2B4A74-LeaderElection7] INFO  server.RaftServerConfigKeys (ConfUtils.java:logGet(46)) - raft.server.write.element-limit = 1024 (custom)
2023-07-16 18:57:16,724 [262e2cc5-1901-4d20-b00f-c120f2342a1b@group-A58C9C2B4A74-LeaderElection7] INFO  server.RaftServerConfigKeys (ConfUtils.java:logGet(46)) - raft.server.write.byte-limit = 1024 M (=1073741824) (custom)
2023-07-16 18:57:16,724 [262e2cc5-1901-4d20-b00f-c120f2342a1b@group-A58C9C2B4A74-LeaderElection7] INFO  server.RaftServerConfigKeys (ConfUtils.java:logGet(46)) - raft.server.watch.timeout = 180s (custom)
2023-07-16 18:57:16,724 [262e2cc5-1901-4d20-b00f-c120f2342a1b@group-A58C9C2B4A74-LeaderElection7] INFO  server.RaftServerConfigKeys (ConfUtils.java:logGet(46)) - raft.server.watch.timeout.denomination = 1s (default)
2023-07-16 18:57:16,725 [262e2cc5-1901-4d20-b00f-c120f2342a1b@group-A58C9C2B4A74-LeaderElection7] INFO  server.RaftServerConfigKeys (ConfUtils.java:logGet(46)) - raft.server.watch.element-limit = 65536 (default)
2023-07-16 18:57:16,725 [262e2cc5-1901-4d20-b00f-c120f2342a1b@group-A58C9C2B4A74-LeaderElection7] INFO  server.RaftServerConfigKeys (ConfUtils.java:logGet(46)) - raft.server.write.element-limit = 1024 (custom)
2023-07-16 18:57:16,726 [262e2cc5-1901-4d20-b00f-c120f2342a1b@group-A58C9C2B4A74-LeaderElection7] INFO  server.RaftServerConfigKeys (ConfUtils.java:logGet(46)) - raft.server.write.follower.gap.ratio.max = -1.0 (default)
2023-07-16 18:57:16,727 [262e2cc5-1901-4d20-b00f-c120f2342a1b@group-A58C9C2B4A74-LeaderElection7] INFO  impl.RoleInfo (RoleInfo.java:updateAndGet(139)) - 262e2cc5-1901-4d20-b00f-c120f2342a1b: start 262e2cc5-1901-4d20-b00f-c120f2342a1b@group-A58C9C2B4A74-LeaderStateImpl
2023-07-16 18:57:16,727 [262e2cc5-1901-4d20-b00f-c120f2342a1b@group-A58C9C2B4A74-LeaderElection7] INFO  segmented.SegmentedRaftLogWorker (SegmentedRaftLogWorker.java:startLogSegment(447)) - 262e2cc5-1901-4d20-b00f-c120f2342a1b@group-A58C9C2B4A74-SegmentedRaftLogWorker: Starting segment from index:0
2023-07-16 18:57:16,729 [262e2cc5-1901-4d20-b00f-c120f2342a1b@group-A58C9C2B4A74-SegmentedRaftLogWorker] INFO  segmented.SegmentedRaftLogWorker (SegmentedRaftLogWorker.java:execute(651)) - 262e2cc5-1901-4d20-b00f-c120f2342a1b@group-A58C9C2B4A74-SegmentedRaftLogWorker: created new log segment /home/runner/work/ozone/ozone/hadoop-ozone/integration-test/target/test-dir/MiniOzoneClusterImpl-8e52da8c-19f0-467e-9375-6950100829a3/datanode-3/data/ratis/f1812f62-89a5-4202-a8b1-a58c9c2b4a74/current/log_inprogress_0
2023-07-16 18:57:16,741 [262e2cc5-1901-4d20-b00f-c120f2342a1b@group-A58C9C2B4A74-LeaderElection7] INFO  server.RaftServer$Division (ServerState.java:setRaftConf(434)) - 262e2cc5-1901-4d20-b00f-c120f2342a1b@group-A58C9C2B4A74: set configuration 0: peers:[262e2cc5-1901-4d20-b00f-c120f2342a1b|rpc:10.1.0.14:15041|admin:10.1.0.14:15040|client:10.1.0.14:15039|dataStream:10.1.0.14:15042|priority:1|startupRole:FOLLOWER]|listeners:[], old=null
2023-07-16 18:57:16,787 [c23d9737-c121-4244-9e77-c55c15e0a23c@group-5330B41CC205-FollowerState] INFO  impl.FollowerState (FollowerState.java:run(143)) - c23d9737-c121-4244-9e77-c55c15e0a23c@group-5330B41CC205-FollowerState: change to CANDIDATE, lastRpcElapsedTime:5127791136ns, electionTimeout:5106ms
2023-07-16 18:57:16,788 [c23d9737-c121-4244-9e77-c55c15e0a23c@group-5330B41CC205-FollowerState] INFO  impl.RoleInfo (RoleInfo.java:shutdownFollowerState(110)) - c23d9737-c121-4244-9e77-c55c15e0a23c: shutdown c23d9737-c121-4244-9e77-c55c15e0a23c@group-5330B41CC205-FollowerState
2023-07-16 18:57:16,788 [c23d9737-c121-4244-9e77-c55c15e0a23c@group-5330B41CC205-FollowerState] INFO  server.RaftServer$Division (RaftServerImpl.java:setRole(329)) - c23d9737-c121-4244-9e77-c55c15e0a23c@group-5330B41CC205: changes role from  FOLLOWER to CANDIDATE at term 0 for changeToCandidate
2023-07-16 18:57:16,788 [c23d9737-c121-4244-9e77-c55c15e0a23c@group-5330B41CC205-FollowerState] INFO  server.RaftServerConfigKeys (ConfUtils.java:logGet(46)) - raft.server.leaderelection.pre-vote = true (default)
2023-07-16 18:57:16,788 [c23d9737-c121-4244-9e77-c55c15e0a23c@group-5330B41CC205-FollowerState] INFO  impl.RoleInfo (RoleInfo.java:updateAndGet(139)) - c23d9737-c121-4244-9e77-c55c15e0a23c: start c23d9737-c121-4244-9e77-c55c15e0a23c@group-5330B41CC205-LeaderElection8
2023-07-16 18:57:16,794 [c23d9737-c121-4244-9e77-c55c15e0a23c@group-5330B41CC205-LeaderElection8] INFO  impl.LeaderElection (LeaderElection.java:askForVotes(321)) - c23d9737-c121-4244-9e77-c55c15e0a23c@group-5330B41CC205-LeaderElection8 PRE_VOTE round 0: submit vote requests at term 0 for -1: peers:[0e76f3da-5374-4d3e-bc44-9848a147cb1b|rpc:10.1.0.14:15014|admin:10.1.0.14:15013|client:10.1.0.14:15012|dataStream:10.1.0.14:15015|priority:0|startupRole:FOLLOWER, c23d9737-c121-4244-9e77-c55c15e0a23c|rpc:10.1.0.14:15032|admin:10.1.0.14:15031|client:10.1.0.14:15030|dataStream:10.1.0.14:15033|priority:1|startupRole:FOLLOWER, e061ba01-06b3-4f38-a151-c7c4cf78ce5a|rpc:10.1.0.14:15023|admin:10.1.0.14:15022|client:10.1.0.14:15021|dataStream:10.1.0.14:15024|priority:0|startupRole:FOLLOWER]|listeners:[], old=null
2023-07-16 18:57:16,803 [c23d9737-c121-4244-9e77-c55c15e0a23c@group-5330B41CC205-LeaderElection8-1] INFO  server.GrpcServerProtocolClient (GrpcServerProtocolClient.java:<init>(65)) - Build channel for 0e76f3da-5374-4d3e-bc44-9848a147cb1b
2023-07-16 18:57:16,818 [262e2cc5-1901-4d20-b00f-c120f2342a1b@group-0F5175BAAFBD-FollowerState] INFO  impl.FollowerState (FollowerState.java:run(143)) - 262e2cc5-1901-4d20-b00f-c120f2342a1b@group-0F5175BAAFBD-FollowerState: change to CANDIDATE, lastRpcElapsedTime:5138394888ns, electionTimeout:5133ms
2023-07-16 18:57:16,819 [262e2cc5-1901-4d20-b00f-c120f2342a1b@group-0F5175BAAFBD-FollowerState] INFO  impl.RoleInfo (RoleInfo.java:shutdownFollowerState(110)) - 262e2cc5-1901-4d20-b00f-c120f2342a1b: shutdown 262e2cc5-1901-4d20-b00f-c120f2342a1b@group-0F5175BAAFBD-FollowerState
2023-07-16 18:57:16,819 [262e2cc5-1901-4d20-b00f-c120f2342a1b@group-0F5175BAAFBD-FollowerState] INFO  server.RaftServer$Division (RaftServerImpl.java:setRole(329)) - 262e2cc5-1901-4d20-b00f-c120f2342a1b@group-0F5175BAAFBD: changes role from  FOLLOWER to CANDIDATE at term 0 for changeToCandidate
2023-07-16 18:57:16,819 [c23d9737-c121-4244-9e77-c55c15e0a23c@group-5330B41CC205-LeaderElection8] INFO  server.RaftServerConfigKeys (ConfUtils.java:logFallback(53)) - raft.server.rpc.first-election.timeout.min = 5s (fallback to raft.server.rpc.timeout.min)
2023-07-16 18:57:16,819 [c23d9737-c121-4244-9e77-c55c15e0a23c@group-5330B41CC205-LeaderElection8] INFO  server.RaftServerConfigKeys (ConfUtils.java:logFallback(53)) - raft.server.rpc.first-election.timeout.max = 5200ms (fallback to raft.server.rpc.timeout.max)
2023-07-16 18:57:16,822 [grpc-default-executor-3] INFO  server.RaftServer$Division (RaftServerImpl.java:requestVote(1302)) - 0e76f3da-5374-4d3e-bc44-9848a147cb1b@group-5330B41CC205: receive requestVote(PRE_VOTE, c23d9737-c121-4244-9e77-c55c15e0a23c, group-5330B41CC205, 0, (t:0, i:0))
2023-07-16 18:57:16,822 [grpc-default-executor-3] INFO  impl.VoteContext (VoteContext.java:log(49)) - 0e76f3da-5374-4d3e-bc44-9848a147cb1b@group-5330B41CC205-FOLLOWER: accept PRE_VOTE from c23d9737-c121-4244-9e77-c55c15e0a23c: our priority 0 <= candidate's priority 1
2023-07-16 18:57:16,822 [grpc-default-executor-3] INFO  server.RaftServer$Division (RaftServerImpl.java:requestVote(1335)) - 0e76f3da-5374-4d3e-bc44-9848a147cb1b@group-5330B41CC205 replies to PRE_VOTE vote request: c23d9737-c121-4244-9e77-c55c15e0a23c<-0e76f3da-5374-4d3e-bc44-9848a147cb1b#0:OK-t0. Peer's state: 0e76f3da-5374-4d3e-bc44-9848a147cb1b@group-5330B41CC205:t0, leader=null, voted=, raftlog=Memoized:0e76f3da-5374-4d3e-bc44-9848a147cb1b@group-5330B41CC205-SegmentedRaftLog:OPENED:c-1, conf=-1: peers:[0e76f3da-5374-4d3e-bc44-9848a147cb1b|rpc:10.1.0.14:15014|admin:10.1.0.14:15013|client:10.1.0.14:15012|dataStream:10.1.0.14:15015|priority:0|startupRole:FOLLOWER, c23d9737-c121-4244-9e77-c55c15e0a23c|rpc:10.1.0.14:15032|admin:10.1.0.14:15031|client:10.1.0.14:15030|dataStream:10.1.0.14:15033|priority:1|startupRole:FOLLOWER, e061ba01-06b3-4f38-a151-c7c4cf78ce5a|rpc:10.1.0.14:15023|admin:10.1.0.14:15022|client:10.1.0.14:15021|dataStream:10.1.0.14:15024|priority:0|startupRole:FOLLOWER]|listeners:[], old=null
2023-07-16 18:57:16,822 [262e2cc5-1901-4d20-b00f-c120f2342a1b@group-0F5175BAAFBD-FollowerState] INFO  server.RaftServerConfigKeys (ConfUtils.java:logGet(46)) - raft.server.leaderelection.pre-vote = true (default)
2023-07-16 18:57:16,823 [262e2cc5-1901-4d20-b00f-c120f2342a1b@group-0F5175BAAFBD-FollowerState] INFO  impl.RoleInfo (RoleInfo.java:updateAndGet(139)) - 262e2cc5-1901-4d20-b00f-c120f2342a1b: start 262e2cc5-1901-4d20-b00f-c120f2342a1b@group-0F5175BAAFBD-LeaderElection9
2023-07-16 18:57:16,823 [c23d9737-c121-4244-9e77-c55c15e0a23c@group-5330B41CC205-LeaderElection8-2] INFO  server.GrpcServerProtocolClient (GrpcServerProtocolClient.java:<init>(65)) - Build channel for e061ba01-06b3-4f38-a151-c7c4cf78ce5a
2023-07-16 18:57:16,827 [c23d9737-c121-4244-9e77-c55c15e0a23c@group-5330B41CC205-LeaderElection8] INFO  impl.LeaderElection (LeaderElection.java:logAndReturn(90)) - c23d9737-c121-4244-9e77-c55c15e0a23c@group-5330B41CC205-LeaderElection8: PRE_VOTE PASSED received 1 response(s) and 0 exception(s):
2023-07-16 18:57:16,827 [c23d9737-c121-4244-9e77-c55c15e0a23c@group-5330B41CC205-LeaderElection8] INFO  impl.LeaderElection (LeaderElection.java:logAndReturn(94)) -   Response 0: c23d9737-c121-4244-9e77-c55c15e0a23c<-0e76f3da-5374-4d3e-bc44-9848a147cb1b#0:OK-t0
2023-07-16 18:57:16,827 [c23d9737-c121-4244-9e77-c55c15e0a23c@group-5330B41CC205-LeaderElection8] INFO  impl.LeaderElection (LeaderElection.java:askForVotes(323)) - c23d9737-c121-4244-9e77-c55c15e0a23c@group-5330B41CC205-LeaderElection8 PRE_VOTE round 0: result PASSED
2023-07-16 18:57:16,829 [c23d9737-c121-4244-9e77-c55c15e0a23c@group-5330B41CC205-LeaderElection8] INFO  impl.LeaderElection (LeaderElection.java:askForVotes(321)) - c23d9737-c121-4244-9e77-c55c15e0a23c@group-5330B41CC205-LeaderElection8 ELECTION round 0: submit vote requests at term 1 for -1: peers:[0e76f3da-5374-4d3e-bc44-9848a147cb1b|rpc:10.1.0.14:15014|admin:10.1.0.14:15013|client:10.1.0.14:15012|dataStream:10.1.0.14:15015|priority:0|startupRole:FOLLOWER, c23d9737-c121-4244-9e77-c55c15e0a23c|rpc:10.1.0.14:15032|admin:10.1.0.14:15031|client:10.1.0.14:15030|dataStream:10.1.0.14:15033|priority:1|startupRole:FOLLOWER, e061ba01-06b3-4f38-a151-c7c4cf78ce5a|rpc:10.1.0.14:15023|admin:10.1.0.14:15022|client:10.1.0.14:15021|dataStream:10.1.0.14:15024|priority:0|startupRole:FOLLOWER]|listeners:[], old=null
2023-07-16 18:57:16,830 [c23d9737-c121-4244-9e77-c55c15e0a23c@group-5330B41CC205-LeaderElection8] INFO  server.RaftServerConfigKeys (ConfUtils.java:logFallback(53)) - raft.server.rpc.first-election.timeout.min = 5s (fallback to raft.server.rpc.timeout.min)
2023-07-16 18:57:16,830 [c23d9737-c121-4244-9e77-c55c15e0a23c@group-5330B41CC205-LeaderElection8] INFO  server.RaftServerConfigKeys (ConfUtils.java:logFallback(53)) - raft.server.rpc.first-election.timeout.max = 5200ms (fallback to raft.server.rpc.timeout.max)
2023-07-16 18:57:16,836 [262e2cc5-1901-4d20-b00f-c120f2342a1b@group-0F5175BAAFBD-LeaderElection9] INFO  impl.LeaderElection (LeaderElection.java:askForVotes(321)) - 262e2cc5-1901-4d20-b00f-c120f2342a1b@group-0F5175BAAFBD-LeaderElection9 PRE_VOTE round 0: submit vote requests at term 0 for -1: peers:[262e2cc5-1901-4d20-b00f-c120f2342a1b|rpc:10.1.0.14:15041|admin:10.1.0.14:15040|client:10.1.0.14:15039|dataStream:10.1.0.14:15042|priority:0|startupRole:FOLLOWER, 9a50ebc8-888b-4605-8efe-fc16cf713d78|rpc:10.1.0.14:15050|admin:10.1.0.14:15049|client:10.1.0.14:15048|dataStream:10.1.0.14:15051|priority:1|startupRole:FOLLOWER, 0b1f3054-766a-487f-b63d-c6e216ac8926|rpc:10.1.0.14:15059|admin:10.1.0.14:15058|client:10.1.0.14:15057|dataStream:10.1.0.14:15060|priority:0|startupRole:FOLLOWER]|listeners:[], old=null
2023-07-16 18:57:16,839 [grpc-default-executor-3] INFO  server.RaftServer$Division (RaftServerImpl.java:requestVote(1302)) - 0e76f3da-5374-4d3e-bc44-9848a147cb1b@group-5330B41CC205: receive requestVote(ELECTION, c23d9737-c121-4244-9e77-c55c15e0a23c, group-5330B41CC205, 1, (t:0, i:0))
2023-07-16 18:57:16,839 [grpc-default-executor-3] INFO  impl.VoteContext (VoteContext.java:log(49)) - 0e76f3da-5374-4d3e-bc44-9848a147cb1b@group-5330B41CC205-FOLLOWER: accept ELECTION from c23d9737-c121-4244-9e77-c55c15e0a23c: our priority 0 <= candidate's priority 1
2023-07-16 18:57:16,840 [grpc-default-executor-3] INFO  server.RaftServer$Division (RaftServerImpl.java:setRole(329)) - 0e76f3da-5374-4d3e-bc44-9848a147cb1b@group-5330B41CC205: changes role from  FOLLOWER to FOLLOWER at term 1 for candidate:c23d9737-c121-4244-9e77-c55c15e0a23c
2023-07-16 18:57:16,840 [grpc-default-executor-3] INFO  impl.RoleInfo (RoleInfo.java:shutdownFollowerState(110)) - 0e76f3da-5374-4d3e-bc44-9848a147cb1b: shutdown 0e76f3da-5374-4d3e-bc44-9848a147cb1b@group-5330B41CC205-FollowerState
2023-07-16 18:57:16,843 [262e2cc5-1901-4d20-b00f-c120f2342a1b@group-0F5175BAAFBD-LeaderElection9-1] INFO  server.GrpcServerProtocolClient (GrpcServerProtocolClient.java:<init>(65)) - Build channel for 9a50ebc8-888b-4605-8efe-fc16cf713d78
2023-07-16 18:57:16,849 [262e2cc5-1901-4d20-b00f-c120f2342a1b@group-0F5175BAAFBD-LeaderElection9] INFO  server.RaftServerConfigKeys (ConfUtils.java:logFallback(53)) - raft.server.rpc.first-election.timeout.min = 5s (fallback to raft.server.rpc.timeout.min)
2023-07-16 18:57:16,849 [262e2cc5-1901-4d20-b00f-c120f2342a1b@group-0F5175BAAFBD-LeaderElection9] INFO  server.RaftServerConfigKeys (ConfUtils.java:logFallback(53)) - raft.server.rpc.first-election.timeout.max = 5200ms (fallback to raft.server.rpc.timeout.max)
2023-07-16 18:57:16,856 [grpc-default-executor-3] INFO  impl.RoleInfo (RoleInfo.java:updateAndGet(139)) - 0e76f3da-5374-4d3e-bc44-9848a147cb1b: start 0e76f3da-5374-4d3e-bc44-9848a147cb1b@group-5330B41CC205-FollowerState
2023-07-16 18:57:16,856 [0e76f3da-5374-4d3e-bc44-9848a147cb1b@group-5330B41CC205-FollowerState] INFO  impl.FollowerState (FollowerState.java:run(152)) - 0e76f3da-5374-4d3e-bc44-9848a147cb1b@group-5330B41CC205-FollowerState was interrupted
2023-07-16 18:57:16,860 [262e2cc5-1901-4d20-b00f-c120f2342a1b@group-0F5175BAAFBD-LeaderElection9-2] INFO  server.GrpcServerProtocolClient (GrpcServerProtocolClient.java:<init>(65)) - Build channel for 0b1f3054-766a-487f-b63d-c6e216ac8926
2023-07-16 18:57:16,862 [grpc-default-executor-3] INFO  server.RaftServer$Division (RaftServerImpl.java:requestVote(1335)) - 0e76f3da-5374-4d3e-bc44-9848a147cb1b@group-5330B41CC205 replies to ELECTION vote request: c23d9737-c121-4244-9e77-c55c15e0a23c<-0e76f3da-5374-4d3e-bc44-9848a147cb1b#0:OK-t1. Peer's state: 0e76f3da-5374-4d3e-bc44-9848a147cb1b@group-5330B41CC205:t1, leader=null, voted=c23d9737-c121-4244-9e77-c55c15e0a23c, raftlog=Memoized:0e76f3da-5374-4d3e-bc44-9848a147cb1b@group-5330B41CC205-SegmentedRaftLog:OPENED:c-1, conf=-1: peers:[0e76f3da-5374-4d3e-bc44-9848a147cb1b|rpc:10.1.0.14:15014|admin:10.1.0.14:15013|client:10.1.0.14:15012|dataStream:10.1.0.14:15015|priority:0|startupRole:FOLLOWER, c23d9737-c121-4244-9e77-c55c15e0a23c|rpc:10.1.0.14:15032|admin:10.1.0.14:15031|client:10.1.0.14:15030|dataStream:10.1.0.14:15033|priority:1|startupRole:FOLLOWER, e061ba01-06b3-4f38-a151-c7c4cf78ce5a|rpc:10.1.0.14:15023|admin:10.1.0.14:15022|client:10.1.0.14:15021|dataStream:10.1.0.14:15024|priority:0|startupRole:FOLLOWER]|listeners:[], old=null
2023-07-16 18:57:16,872 [9a50ebc8-888b-4605-8efe-fc16cf713d78@group-0F5175BAAFBD-FollowerState] INFO  impl.FollowerState (FollowerState.java:run(143)) - 9a50ebc8-888b-4605-8efe-fc16cf713d78@group-0F5175BAAFBD-FollowerState: change to CANDIDATE, lastRpcElapsedTime:5023468541ns, electionTimeout:5010ms
2023-07-16 18:57:16,872 [9a50ebc8-888b-4605-8efe-fc16cf713d78@group-0F5175BAAFBD-FollowerState] INFO  impl.RoleInfo (RoleInfo.java:shutdownFollowerState(110)) - 9a50ebc8-888b-4605-8efe-fc16cf713d78: shutdown 9a50ebc8-888b-4605-8efe-fc16cf713d78@group-0F5175BAAFBD-FollowerState
2023-07-16 18:57:16,872 [9a50ebc8-888b-4605-8efe-fc16cf713d78@group-0F5175BAAFBD-FollowerState] INFO  server.RaftServer$Division (RaftServerImpl.java:setRole(329)) - 9a50ebc8-888b-4605-8efe-fc16cf713d78@group-0F5175BAAFBD: changes role from  FOLLOWER to CANDIDATE at term 0 for changeToCandidate
2023-07-16 18:57:16,872 [9a50ebc8-888b-4605-8efe-fc16cf713d78@group-0F5175BAAFBD-FollowerState] INFO  server.RaftServerConfigKeys (ConfUtils.java:logGet(46)) - raft.server.leaderelection.pre-vote = true (default)
2023-07-16 18:57:16,872 [9a50ebc8-888b-4605-8efe-fc16cf713d78@group-0F5175BAAFBD-FollowerState] INFO  impl.RoleInfo (RoleInfo.java:updateAndGet(139)) - 9a50ebc8-888b-4605-8efe-fc16cf713d78: start 9a50ebc8-888b-4605-8efe-fc16cf713d78@group-0F5175BAAFBD-LeaderElection10
2023-07-16 18:57:16,889 [c23d9737-c121-4244-9e77-c55c15e0a23c@group-5330B41CC205-LeaderElection8] INFO  impl.LeaderElection (LeaderElection.java:logAndReturn(90)) - c23d9737-c121-4244-9e77-c55c15e0a23c@group-5330B41CC205-LeaderElection8: ELECTION PASSED received 1 response(s) and 0 exception(s):
2023-07-16 18:57:16,889 [c23d9737-c121-4244-9e77-c55c15e0a23c@group-5330B41CC205-LeaderElection8] INFO  impl.LeaderElection (LeaderElection.java:logAndReturn(94)) -   Response 0: c23d9737-c121-4244-9e77-c55c15e0a23c<-0e76f3da-5374-4d3e-bc44-9848a147cb1b#0:OK-t1
2023-07-16 18:57:16,889 [c23d9737-c121-4244-9e77-c55c15e0a23c@group-5330B41CC205-LeaderElection8] INFO  impl.LeaderElection (LeaderElection.java:askForVotes(323)) - c23d9737-c121-4244-9e77-c55c15e0a23c@group-5330B41CC205-LeaderElection8 ELECTION round 0: result PASSED
2023-07-16 18:57:16,889 [c23d9737-c121-4244-9e77-c55c15e0a23c@group-5330B41CC205-LeaderElection8] INFO  impl.RoleInfo (RoleInfo.java:shutdownLeaderElection(130)) - c23d9737-c121-4244-9e77-c55c15e0a23c: shutdown c23d9737-c121-4244-9e77-c55c15e0a23c@group-5330B41CC205-LeaderElection8
2023-07-16 18:57:16,889 [c23d9737-c121-4244-9e77-c55c15e0a23c@group-5330B41CC205-LeaderElection8] INFO  server.RaftServer$Division (RaftServerImpl.java:setRole(329)) - c23d9737-c121-4244-9e77-c55c15e0a23c@group-5330B41CC205: changes role from CANDIDATE to LEADER at term 1 for changeToLeader
2023-07-16 18:57:16,889 [c23d9737-c121-4244-9e77-c55c15e0a23c@group-5330B41CC205-LeaderElection8] INFO  ratis.XceiverServerRatis (XceiverServerRatis.java:handleLeaderChangedNotification(902)) - Leader change notification received for group: group-5330B41CC205 with new leaderId: c23d9737-c121-4244-9e77-c55c15e0a23c
2023-07-16 18:57:16,889 [c23d9737-c121-4244-9e77-c55c15e0a23c@group-5330B41CC205-LeaderElection8] INFO  server.RaftServer$Division (ServerState.java:setLeader(317)) - c23d9737-c121-4244-9e77-c55c15e0a23c@group-5330B41CC205: change Leader from null to c23d9737-c121-4244-9e77-c55c15e0a23c at term 1 for becomeLeader, leader elected after 5307ms
2023-07-16 18:57:16,889 [c23d9737-c121-4244-9e77-c55c15e0a23c@group-5330B41CC205-LeaderElection8] INFO  server.RaftServerConfigKeys (ConfUtils.java:logGet(46)) - raft.server.staging.catchup.gap = 1000 (default)
2023-07-16 18:57:16,889 [c23d9737-c121-4244-9e77-c55c15e0a23c@group-5330B41CC205-LeaderElection8] INFO  server.RaftServerConfigKeys (ConfUtils.java:logGet(46)) - raft.server.write.element-limit = 1024 (custom)
2023-07-16 18:57:16,889 [c23d9737-c121-4244-9e77-c55c15e0a23c@group-5330B41CC205-LeaderElection8] INFO  server.RaftServerConfigKeys (ConfUtils.java:logGet(46)) - raft.server.write.byte-limit = 1024 M (=1073741824) (custom)
2023-07-16 18:57:16,890 [c23d9737-c121-4244-9e77-c55c15e0a23c@group-5330B41CC205-LeaderElection8] INFO  server.RaftServerConfigKeys (ConfUtils.java:logGet(46)) - raft.server.watch.timeout = 180s (custom)
2023-07-16 18:57:16,890 [c23d9737-c121-4244-9e77-c55c15e0a23c@group-5330B41CC205-LeaderElection8] INFO  server.RaftServerConfigKeys (ConfUtils.java:logGet(46)) - raft.server.watch.timeout.denomination = 1s (default)
2023-07-16 18:57:16,890 [c23d9737-c121-4244-9e77-c55c15e0a23c@group-5330B41CC205-LeaderElection8] INFO  server.RaftServerConfigKeys (ConfUtils.java:logGet(46)) - raft.server.watch.element-limit = 65536 (default)
2023-07-16 18:57:16,890 [c23d9737-c121-4244-9e77-c55c15e0a23c@group-5330B41CC205-LeaderElection8] INFO  server.RaftServerConfigKeys (ConfUtils.java:logGet(46)) - raft.server.write.element-limit = 1024 (custom)
2023-07-16 18:57:16,890 [c23d9737-c121-4244-9e77-c55c15e0a23c@group-5330B41CC205-LeaderElection8] INFO  server.RaftServerConfigKeys (ConfUtils.java:logGet(46)) - raft.server.write.follower.gap.ratio.max = -1.0 (default)
2023-07-16 18:57:16,893 [EventQueue-PipelineReportForPipelineReportHandler] INFO  pipeline.PipelineReportHandler (PipelineReportHandler.java:processPipelineReport(136)) - Opened pipeline PipelineID=ad28fbcc-3ba8-4a13-af59-5330b41cc205
2023-07-16 18:57:16,898 [c23d9737-c121-4244-9e77-c55c15e0a23c@group-5330B41CC205-LeaderElection8] INFO  server.RaftServerConfigKeys (ConfUtils.java:logGet(46)) - raft.server.log.appender.snapshot.chunk.size.max = 16MB (=16777216) (default)
2023-07-16 18:57:16,898 [c23d9737-c121-4244-9e77-c55c15e0a23c@group-5330B41CC205-LeaderElection8] INFO  server.RaftServerConfigKeys (ConfUtils.java:logGet(46)) - raft.server.log.appender.buffer.byte-limit = 33554432 (custom)
2023-07-16 18:57:16,898 [c23d9737-c121-4244-9e77-c55c15e0a23c@group-5330B41CC205-LeaderElection8] INFO  server.RaftServerConfigKeys (ConfUtils.java:logGet(46)) - raft.server.log.appender.buffer.element-limit = 1 (custom)
2023-07-16 18:57:16,899 [c23d9737-c121-4244-9e77-c55c15e0a23c@group-5330B41CC205-LeaderElection8] INFO  server.RaftServerConfigKeys (ConfUtils.java:logGet(46)) - raft.server.log.appender.wait-time.min = 10ms (default)
2023-07-16 18:57:16,899 [c23d9737-c121-4244-9e77-c55c15e0a23c@group-5330B41CC205-LeaderElection8] INFO  grpc.GrpcConfigKeys (ConfUtils.java:logGet(46)) - raft.grpc.server.leader.outstanding.appends.max = 128 (default)
2023-07-16 18:57:16,899 [c23d9737-c121-4244-9e77-c55c15e0a23c@group-5330B41CC205-LeaderElection8] INFO  server.RaftServerConfigKeys (ConfUtils.java:logGet(46)) - raft.server.rpc.request.timeout = 60s (custom)
2023-07-16 18:57:16,899 [c23d9737-c121-4244-9e77-c55c15e0a23c@group-5330B41CC205-LeaderElection8] INFO  grpc.GrpcConfigKeys (ConfUtils.java:logGet(46)) - raft.grpc.server.install_snapshot.request.element-limit = 8 (default)
2023-07-16 18:57:16,899 [c23d9737-c121-4244-9e77-c55c15e0a23c@group-5330B41CC205-LeaderElection8] INFO  grpc.GrpcConfigKeys (ConfUtils.java:logGet(46)) - raft.grpc.server.install_snapshot.request.timeout = 3000ms (default)
2023-07-16 18:57:16,899 [c23d9737-c121-4244-9e77-c55c15e0a23c@group-5330B41CC205-LeaderElection8] INFO  server.RaftServerConfigKeys (ConfUtils.java:logGet(46)) - raft.server.log.appender.install.snapshot.enabled = false (custom)
2023-07-16 18:57:16,899 [c23d9737-c121-4244-9e77-c55c15e0a23c@group-5330B41CC205-LeaderElection8] INFO  grpc.GrpcConfigKeys (ConfUtils.java:logGet(46)) - raft.grpc.server.heartbeat.channel = true (default)
2023-07-16 18:57:16,900 [c23d9737-c121-4244-9e77-c55c15e0a23c@group-5330B41CC205-LeaderElection8] INFO  server.RaftServerConfigKeys (ConfUtils.java:logGet(46)) - raft.server.log.appender.snapshot.chunk.size.max = 16MB (=16777216) (default)
2023-07-16 18:57:16,900 [c23d9737-c121-4244-9e77-c55c15e0a23c@group-5330B41CC205-LeaderElection8] INFO  server.RaftServerConfigKeys (ConfUtils.java:logGet(46)) - raft.server.log.appender.buffer.byte-limit = 33554432 (custom)
2023-07-16 18:57:16,900 [c23d9737-c121-4244-9e77-c55c15e0a23c@group-5330B41CC205-LeaderElection8] INFO  server.RaftServerConfigKeys (ConfUtils.java:logGet(46)) - raft.server.log.appender.buffer.element-limit = 1 (custom)
2023-07-16 18:57:16,900 [c23d9737-c121-4244-9e77-c55c15e0a23c@group-5330B41CC205-LeaderElection8] INFO  server.RaftServerConfigKeys (ConfUtils.java:logGet(46)) - raft.server.log.appender.wait-time.min = 10ms (default)
2023-07-16 18:57:16,900 [c23d9737-c121-4244-9e77-c55c15e0a23c@group-5330B41CC205-LeaderElection8] INFO  grpc.GrpcConfigKeys (ConfUtils.java:logGet(46)) - raft.grpc.server.leader.outstanding.appends.max = 128 (default)
2023-07-16 18:57:16,900 [c23d9737-c121-4244-9e77-c55c15e0a23c@group-5330B41CC205-LeaderElection8] INFO  server.RaftServerConfigKeys (ConfUtils.java:logGet(46)) - raft.server.rpc.request.timeout = 60s (custom)
2023-07-16 18:57:16,900 [c23d9737-c121-4244-9e77-c55c15e0a23c@group-5330B41CC205-LeaderElection8] INFO  grpc.GrpcConfigKeys (ConfUtils.java:logGet(46)) - raft.grpc.server.install_snapshot.request.element-limit = 8 (default)
2023-07-16 18:57:16,900 [c23d9737-c121-4244-9e77-c55c15e0a23c@group-5330B41CC205-LeaderElection8] INFO  grpc.GrpcConfigKeys (ConfUtils.java:logGet(46)) - raft.grpc.server.install_snapshot.request.timeout = 3000ms (default)
2023-07-16 18:57:16,900 [c23d9737-c121-4244-9e77-c55c15e0a23c@group-5330B41CC205-LeaderElection8] INFO  server.RaftServerConfigKeys (ConfUtils.java:logGet(46)) - raft.server.log.appender.install.snapshot.enabled = false (custom)
2023-07-16 18:57:16,900 [c23d9737-c121-4244-9e77-c55c15e0a23c@group-5330B41CC205-LeaderElection8] INFO  grpc.GrpcConfigKeys (ConfUtils.java:logGet(46)) - raft.grpc.server.heartbeat.channel = true (default)
2023-07-16 18:57:16,900 [c23d9737-c121-4244-9e77-c55c15e0a23c@group-5330B41CC205-LeaderElection8] INFO  impl.RoleInfo (RoleInfo.java:updateAndGet(139)) - c23d9737-c121-4244-9e77-c55c15e0a23c: start c23d9737-c121-4244-9e77-c55c15e0a23c@group-5330B41CC205-LeaderStateImpl
2023-07-16 18:57:16,907 [c23d9737-c121-4244-9e77-c55c15e0a23c@group-5330B41CC205-LeaderElection8] INFO  segmented.SegmentedRaftLogWorker (SegmentedRaftLogWorker.java:startLogSegment(447)) - c23d9737-c121-4244-9e77-c55c15e0a23c@group-5330B41CC205-SegmentedRaftLogWorker: Starting segment from index:0
2023-07-16 18:57:16,908 [c23d9737-c121-4244-9e77-c55c15e0a23c@group-5330B41CC205-SegmentedRaftLogWorker] INFO  segmented.SegmentedRaftLogWorker (SegmentedRaftLogWorker.java:execute(651)) - c23d9737-c121-4244-9e77-c55c15e0a23c@group-5330B41CC205-SegmentedRaftLogWorker: created new log segment /home/runner/work/ozone/ozone/hadoop-ozone/integration-test/target/test-dir/MiniOzoneClusterImpl-8e52da8c-19f0-467e-9375-6950100829a3/datanode-2/data/ratis/ad28fbcc-3ba8-4a13-af59-5330b41cc205/current/log_inprogress_0
2023-07-16 18:57:16,923 [grpc-default-executor-4] INFO  server.RaftServer$Division (RaftServerImpl.java:requestVote(1302)) - e061ba01-06b3-4f38-a151-c7c4cf78ce5a@group-5330B41CC205: receive requestVote(PRE_VOTE, c23d9737-c121-4244-9e77-c55c15e0a23c, group-5330B41CC205, 0, (t:0, i:0))
2023-07-16 18:57:16,924 [grpc-default-executor-4] INFO  impl.VoteContext (VoteContext.java:log(49)) - e061ba01-06b3-4f38-a151-c7c4cf78ce5a@group-5330B41CC205-FOLLOWER: accept PRE_VOTE from c23d9737-c121-4244-9e77-c55c15e0a23c: our priority 0 <= candidate's priority 1
2023-07-16 18:57:16,924 [grpc-default-executor-4] INFO  server.RaftServer$Division (RaftServerImpl.java:requestVote(1335)) - e061ba01-06b3-4f38-a151-c7c4cf78ce5a@group-5330B41CC205 replies to PRE_VOTE vote request: c23d9737-c121-4244-9e77-c55c15e0a23c<-e061ba01-06b3-4f38-a151-c7c4cf78ce5a#0:OK-t0. Peer's state: e061ba01-06b3-4f38-a151-c7c4cf78ce5a@group-5330B41CC205:t0, leader=null, voted=, raftlog=Memoized:e061ba01-06b3-4f38-a151-c7c4cf78ce5a@group-5330B41CC205-SegmentedRaftLog:OPENED:c-1, conf=-1: peers:[0e76f3da-5374-4d3e-bc44-9848a147cb1b|rpc:10.1.0.14:15014|admin:10.1.0.14:15013|client:10.1.0.14:15012|dataStream:10.1.0.14:15015|priority:0|startupRole:FOLLOWER, c23d9737-c121-4244-9e77-c55c15e0a23c|rpc:10.1.0.14:15032|admin:10.1.0.14:15031|client:10.1.0.14:15030|dataStream:10.1.0.14:15033|priority:1|startupRole:FOLLOWER, e061ba01-06b3-4f38-a151-c7c4cf78ce5a|rpc:10.1.0.14:15023|admin:10.1.0.14:15022|client:10.1.0.14:15021|dataStream:10.1.0.14:15024|priority:0|startupRole:FOLLOWER]|listeners:[], old=null
2023-07-16 18:57:16,925 [grpc-default-executor-1] INFO  server.RaftServer$Division (RaftServerImpl.java:requestVote(1302)) - e061ba01-06b3-4f38-a151-c7c4cf78ce5a@group-5330B41CC205: receive requestVote(ELECTION, c23d9737-c121-4244-9e77-c55c15e0a23c, group-5330B41CC205, 1, (t:0, i:0))
2023-07-16 18:57:16,925 [grpc-default-executor-2] INFO  server.RaftServer$Division (RaftServerImpl.java:requestVote(1302)) - 0b1f3054-766a-487f-b63d-c6e216ac8926@group-0F5175BAAFBD: receive requestVote(PRE_VOTE, 262e2cc5-1901-4d20-b00f-c120f2342a1b, group-0F5175BAAFBD, 0, (t:0, i:0))
2023-07-16 18:57:16,925 [grpc-default-executor-1] INFO  impl.VoteContext (VoteContext.java:log(49)) - e061ba01-06b3-4f38-a151-c7c4cf78ce5a@group-5330B41CC205-FOLLOWER: accept ELECTION from c23d9737-c121-4244-9e77-c55c15e0a23c: our priority 0 <= candidate's priority 1
2023-07-16 18:57:16,925 [grpc-default-executor-1] INFO  server.RaftServer$Division (RaftServerImpl.java:setRole(329)) - e061ba01-06b3-4f38-a151-c7c4cf78ce5a@group-5330B41CC205: changes role from  FOLLOWER to FOLLOWER at term 1 for candidate:c23d9737-c121-4244-9e77-c55c15e0a23c
2023-07-16 18:57:16,925 [grpc-default-executor-1] INFO  impl.RoleInfo (RoleInfo.java:shutdownFollowerState(110)) - e061ba01-06b3-4f38-a151-c7c4cf78ce5a: shutdown e061ba01-06b3-4f38-a151-c7c4cf78ce5a@group-5330B41CC205-FollowerState
2023-07-16 18:57:16,924 [9a50ebc8-888b-4605-8efe-fc16cf713d78@group-0F5175BAAFBD-LeaderElection10] INFO  impl.LeaderElection (LeaderElection.java:askForVotes(321)) - 9a50ebc8-888b-4605-8efe-fc16cf713d78@group-0F5175BAAFBD-LeaderElection10 PRE_VOTE round 0: submit vote requests at term 0 for -1: peers:[262e2cc5-1901-4d20-b00f-c120f2342a1b|rpc:10.1.0.14:15041|admin:10.1.0.14:15040|client:10.1.0.14:15039|dataStream:10.1.0.14:15042|priority:0|startupRole:FOLLOWER, 9a50ebc8-888b-4605-8efe-fc16cf713d78|rpc:10.1.0.14:15050|admin:10.1.0.14:15049|client:10.1.0.14:15048|dataStream:10.1.0.14:15051|priority:1|startupRole:FOLLOWER, 0b1f3054-766a-487f-b63d-c6e216ac8926|rpc:10.1.0.14:15059|admin:10.1.0.14:15058|client:10.1.0.14:15057|dataStream:10.1.0.14:15060|priority:0|startupRole:FOLLOWER]|listeners:[], old=null
2023-07-16 18:57:16,925 [grpc-default-executor-3] INFO  server.RaftServer$Division (RaftServerImpl.java:requestVote(1302)) - 9a50ebc8-888b-4605-8efe-fc16cf713d78@group-0F5175BAAFBD: receive requestVote(PRE_VOTE, 262e2cc5-1901-4d20-b00f-c120f2342a1b, group-0F5175BAAFBD, 0, (t:0, i:0))
2023-07-16 18:57:16,925 [grpc-default-executor-2] INFO  impl.VoteContext (VoteContext.java:log(49)) - 0b1f3054-766a-487f-b63d-c6e216ac8926@group-0F5175BAAFBD-FOLLOWER: accept PRE_VOTE from 262e2cc5-1901-4d20-b00f-c120f2342a1b: our priority 0 <= candidate's priority 0
2023-07-16 18:57:16,925 [grpc-default-executor-3] INFO  impl.VoteContext (VoteContext.java:log(49)) - 9a50ebc8-888b-4605-8efe-fc16cf713d78@group-0F5175BAAFBD-CANDIDATE: reject PRE_VOTE from 262e2cc5-1901-4d20-b00f-c120f2342a1b: our priority 1 > candidate's priority 0
2023-07-16 18:57:16,925 [grpc-default-executor-2] INFO  server.RaftServer$Division (RaftServerImpl.java:requestVote(1335)) - 0b1f3054-766a-487f-b63d-c6e216ac8926@group-0F5175BAAFBD replies to PRE_VOTE vote request: 262e2cc5-1901-4d20-b00f-c120f2342a1b<-0b1f3054-766a-487f-b63d-c6e216ac8926#0:OK-t0. Peer's state: 0b1f3054-766a-487f-b63d-c6e216ac8926@group-0F5175BAAFBD:t0, leader=null, voted=, raftlog=Memoized:0b1f3054-766a-487f-b63d-c6e216ac8926@group-0F5175BAAFBD-SegmentedRaftLog:OPENED:c-1, conf=-1: peers:[262e2cc5-1901-4d20-b00f-c120f2342a1b|rpc:10.1.0.14:15041|admin:10.1.0.14:15040|client:10.1.0.14:15039|dataStream:10.1.0.14:15042|priority:0|startupRole:FOLLOWER, 9a50ebc8-888b-4605-8efe-fc16cf713d78|rpc:10.1.0.14:15050|admin:10.1.0.14:15049|client:10.1.0.14:15048|dataStream:10.1.0.14:15051|priority:1|startupRole:FOLLOWER, 0b1f3054-766a-487f-b63d-c6e216ac8926|rpc:10.1.0.14:15059|admin:10.1.0.14:15058|client:10.1.0.14:15057|dataStream:10.1.0.14:15060|priority:0|startupRole:FOLLOWER]|listeners:[], old=null
2023-07-16 18:57:16,926 [grpc-default-executor-3] INFO  server.RaftServer$Division (RaftServerImpl.java:requestVote(1335)) - 9a50ebc8-888b-4605-8efe-fc16cf713d78@group-0F5175BAAFBD replies to PRE_VOTE vote request: 262e2cc5-1901-4d20-b00f-c120f2342a1b<-9a50ebc8-888b-4605-8efe-fc16cf713d78#0:FAIL-t0. Peer's state: 9a50ebc8-888b-4605-8efe-fc16cf713d78@group-0F5175BAAFBD:t0, leader=null, voted=, raftlog=Memoized:9a50ebc8-888b-4605-8efe-fc16cf713d78@group-0F5175BAAFBD-SegmentedRaftLog:OPENED:c-1, conf=-1: peers:[262e2cc5-1901-4d20-b00f-c120f2342a1b|rpc:10.1.0.14:15041|admin:10.1.0.14:15040|client:10.1.0.14:15039|dataStream:10.1.0.14:15042|priority:0|startupRole:FOLLOWER, 9a50ebc8-888b-4605-8efe-fc16cf713d78|rpc:10.1.0.14:15050|admin:10.1.0.14:15049|client:10.1.0.14:15048|dataStream:10.1.0.14:15051|priority:1|startupRole:FOLLOWER, 0b1f3054-766a-487f-b63d-c6e216ac8926|rpc:10.1.0.14:15059|admin:10.1.0.14:15058|client:10.1.0.14:15057|dataStream:10.1.0.14:15060|priority:0|startupRole:FOLLOWER]|listeners:[], old=null
2023-07-16 18:57:16,928 [c23d9737-c121-4244-9e77-c55c15e0a23c@group-5330B41CC205-LeaderElection8] INFO  server.RaftServer$Division (ServerState.java:setRaftConf(434)) - c23d9737-c121-4244-9e77-c55c15e0a23c@group-5330B41CC205: set configuration 0: peers:[0e76f3da-5374-4d3e-bc44-9848a147cb1b|rpc:10.1.0.14:15014|admin:10.1.0.14:15013|client:10.1.0.14:15012|dataStream:10.1.0.14:15015|priority:0|startupRole:FOLLOWER, c23d9737-c121-4244-9e77-c55c15e0a23c|rpc:10.1.0.14:15032|admin:10.1.0.14:15031|client:10.1.0.14:15030|dataStream:10.1.0.14:15033|priority:1|startupRole:FOLLOWER, e061ba01-06b3-4f38-a151-c7c4cf78ce5a|rpc:10.1.0.14:15023|admin:10.1.0.14:15022|client:10.1.0.14:15021|dataStream:10.1.0.14:15024|priority:0|startupRole:FOLLOWER]|listeners:[], old=null
2023-07-16 18:57:16,938 [9a50ebc8-888b-4605-8efe-fc16cf713d78@group-0F5175BAAFBD-LeaderElection10-1] INFO  server.GrpcServerProtocolClient (GrpcServerProtocolClient.java:<init>(65)) - Build channel for 262e2cc5-1901-4d20-b00f-c120f2342a1b
2023-07-16 18:57:16,941 [grpc-default-executor-1] INFO  impl.RoleInfo (RoleInfo.java:updateAndGet(139)) - e061ba01-06b3-4f38-a151-c7c4cf78ce5a: start e061ba01-06b3-4f38-a151-c7c4cf78ce5a@group-5330B41CC205-FollowerState
2023-07-16 18:57:16,941 [e061ba01-06b3-4f38-a151-c7c4cf78ce5a@group-5330B41CC205-FollowerState] INFO  impl.FollowerState (FollowerState.java:run(152)) - e061ba01-06b3-4f38-a151-c7c4cf78ce5a@group-5330B41CC205-FollowerState was interrupted
2023-07-16 18:57:16,941 [9a50ebc8-888b-4605-8efe-fc16cf713d78@group-0F5175BAAFBD-LeaderElection10] INFO  server.RaftServerConfigKeys (ConfUtils.java:logFallback(53)) - raft.server.rpc.first-election.timeout.min = 5s (fallback to raft.server.rpc.timeout.min)
2023-07-16 18:57:16,942 [9a50ebc8-888b-4605-8efe-fc16cf713d78@group-0F5175BAAFBD-LeaderElection10] INFO  server.RaftServerConfigKeys (ConfUtils.java:logFallback(53)) - raft.server.rpc.first-election.timeout.max = 5200ms (fallback to raft.server.rpc.timeout.max)
2023-07-16 18:57:16,942 [9a50ebc8-888b-4605-8efe-fc16cf713d78@group-0F5175BAAFBD-LeaderElection10-2] INFO  server.GrpcServerProtocolClient (GrpcServerProtocolClient.java:<init>(65)) - Build channel for 0b1f3054-766a-487f-b63d-c6e216ac8926
2023-07-16 18:57:16,970 [grpc-default-executor-1] INFO  server.RaftServer$Division (RaftServerImpl.java:requestVote(1335)) - e061ba01-06b3-4f38-a151-c7c4cf78ce5a@group-5330B41CC205 replies to ELECTION vote request: c23d9737-c121-4244-9e77-c55c15e0a23c<-e061ba01-06b3-4f38-a151-c7c4cf78ce5a#0:OK-t1. Peer's state: e061ba01-06b3-4f38-a151-c7c4cf78ce5a@group-5330B41CC205:t1, leader=null, voted=c23d9737-c121-4244-9e77-c55c15e0a23c, raftlog=Memoized:e061ba01-06b3-4f38-a151-c7c4cf78ce5a@group-5330B41CC205-SegmentedRaftLog:OPENED:c-1, conf=-1: peers:[0e76f3da-5374-4d3e-bc44-9848a147cb1b|rpc:10.1.0.14:15014|admin:10.1.0.14:15013|client:10.1.0.14:15012|dataStream:10.1.0.14:15015|priority:0|startupRole:FOLLOWER, c23d9737-c121-4244-9e77-c55c15e0a23c|rpc:10.1.0.14:15032|admin:10.1.0.14:15031|client:10.1.0.14:15030|dataStream:10.1.0.14:15033|priority:1|startupRole:FOLLOWER, e061ba01-06b3-4f38-a151-c7c4cf78ce5a|rpc:10.1.0.14:15023|admin:10.1.0.14:15022|client:10.1.0.14:15021|dataStream:10.1.0.14:15024|priority:0|startupRole:FOLLOWER]|listeners:[], old=null
2023-07-16 18:57:16,971 [e061ba01-06b3-4f38-a151-c7c4cf78ce5a-server-thread1] INFO  ratis.XceiverServerRatis (XceiverServerRatis.java:handleLeaderChangedNotification(902)) - Leader change notification received for group: group-5330B41CC205 with new leaderId: c23d9737-c121-4244-9e77-c55c15e0a23c
2023-07-16 18:57:16,971 [e061ba01-06b3-4f38-a151-c7c4cf78ce5a-server-thread1] INFO  server.RaftServer$Division (ServerState.java:setLeader(317)) - e061ba01-06b3-4f38-a151-c7c4cf78ce5a@group-5330B41CC205: change Leader from null to c23d9737-c121-4244-9e77-c55c15e0a23c at term 1 for appendEntries, leader elected after 5507ms
2023-07-16 18:57:16,945 [262e2cc5-1901-4d20-b00f-c120f2342a1b@group-0F5175BAAFBD-LeaderElection9] INFO  impl.LeaderElection (LeaderElection.java:logAndReturn(90)) - 262e2cc5-1901-4d20-b00f-c120f2342a1b@group-0F5175BAAFBD-LeaderElection9: PRE_VOTE REJECTED received 1 response(s) and 0 exception(s):
2023-07-16 18:57:16,973 [262e2cc5-1901-4d20-b00f-c120f2342a1b@group-0F5175BAAFBD-LeaderElection9] INFO  impl.LeaderElection (LeaderElection.java:logAndReturn(94)) -   Response 0: 262e2cc5-1901-4d20-b00f-c120f2342a1b<-9a50ebc8-888b-4605-8efe-fc16cf713d78#0:FAIL-t0
2023-07-16 18:57:16,978 [e061ba01-06b3-4f38-a151-c7c4cf78ce5a-server-thread1] INFO  server.RaftServer$Division (ServerState.java:setRaftConf(434)) - e061ba01-06b3-4f38-a151-c7c4cf78ce5a@group-5330B41CC205: set configuration 0: peers:[0e76f3da-5374-4d3e-bc44-9848a147cb1b|rpc:10.1.0.14:15014|admin:10.1.0.14:15013|client:10.1.0.14:15012|dataStream:10.1.0.14:15015|priority:0|startupRole:FOLLOWER, c23d9737-c121-4244-9e77-c55c15e0a23c|rpc:10.1.0.14:15032|admin:10.1.0.14:15031|client:10.1.0.14:15030|dataStream:10.1.0.14:15033|priority:1|startupRole:FOLLOWER, e061ba01-06b3-4f38-a151-c7c4cf78ce5a|rpc:10.1.0.14:15023|admin:10.1.0.14:15022|client:10.1.0.14:15021|dataStream:10.1.0.14:15024|priority:0|startupRole:FOLLOWER]|listeners:[], old=null
2023-07-16 18:57:16,980 [262e2cc5-1901-4d20-b00f-c120f2342a1b@group-0F5175BAAFBD-LeaderElection9] INFO  impl.LeaderElection (LeaderElection.java:askForVotes(323)) - 262e2cc5-1901-4d20-b00f-c120f2342a1b@group-0F5175BAAFBD-LeaderElection9 PRE_VOTE round 0: result REJECTED
2023-07-16 18:57:16,980 [262e2cc5-1901-4d20-b00f-c120f2342a1b@group-0F5175BAAFBD-LeaderElection9] INFO  server.RaftServer$Division (RaftServerImpl.java:setRole(329)) - 262e2cc5-1901-4d20-b00f-c120f2342a1b@group-0F5175BAAFBD: changes role from CANDIDATE to FOLLOWER at term 0 for REJECTED
2023-07-16 18:57:16,980 [262e2cc5-1901-4d20-b00f-c120f2342a1b@group-0F5175BAAFBD-LeaderElection9] INFO  impl.RoleInfo (RoleInfo.java:shutdownLeaderElection(130)) - 262e2cc5-1901-4d20-b00f-c120f2342a1b: shutdown 262e2cc5-1901-4d20-b00f-c120f2342a1b@group-0F5175BAAFBD-LeaderElection9
2023-07-16 18:57:16,980 [262e2cc5-1901-4d20-b00f-c120f2342a1b@group-0F5175BAAFBD-LeaderElection9] INFO  impl.RoleInfo (RoleInfo.java:updateAndGet(139)) - 262e2cc5-1901-4d20-b00f-c120f2342a1b: start 262e2cc5-1901-4d20-b00f-c120f2342a1b@group-0F5175BAAFBD-FollowerState
2023-07-16 18:57:16,980 [e061ba01-06b3-4f38-a151-c7c4cf78ce5a-server-thread1] INFO  segmented.SegmentedRaftLogWorker (SegmentedRaftLogWorker.java:startLogSegment(447)) - e061ba01-06b3-4f38-a151-c7c4cf78ce5a@group-5330B41CC205-SegmentedRaftLogWorker: Starting segment from index:0
2023-07-16 18:57:16,987 [0e76f3da-5374-4d3e-bc44-9848a147cb1b-server-thread1] INFO  ratis.XceiverServerRatis (XceiverServerRatis.java:handleLeaderChangedNotification(902)) - Leader change notification received for group: group-5330B41CC205 with new leaderId: c23d9737-c121-4244-9e77-c55c15e0a23c
2023-07-16 18:57:16,987 [0e76f3da-5374-4d3e-bc44-9848a147cb1b-server-thread1] INFO  server.RaftServer$Division (ServerState.java:setLeader(317)) - 0e76f3da-5374-4d3e-bc44-9848a147cb1b@group-5330B41CC205: change Leader from null to c23d9737-c121-4244-9e77-c55c15e0a23c at term 1 for appendEntries, leader elected after 5343ms
2023-07-16 18:57:17,004 [0e76f3da-5374-4d3e-bc44-9848a147cb1b-server-thread1] INFO  server.RaftServer$Division (ServerState.java:setRaftConf(434)) - 0e76f3da-5374-4d3e-bc44-9848a147cb1b@group-5330B41CC205: set configuration 0: peers:[0e76f3da-5374-4d3e-bc44-9848a147cb1b|rpc:10.1.0.14:15014|admin:10.1.0.14:15013|client:10.1.0.14:15012|dataStream:10.1.0.14:15015|priority:0|startupRole:FOLLOWER, c23d9737-c121-4244-9e77-c55c15e0a23c|rpc:10.1.0.14:15032|admin:10.1.0.14:15031|client:10.1.0.14:15030|dataStream:10.1.0.14:15033|priority:1|startupRole:FOLLOWER, e061ba01-06b3-4f38-a151-c7c4cf78ce5a|rpc:10.1.0.14:15023|admin:10.1.0.14:15022|client:10.1.0.14:15021|dataStream:10.1.0.14:15024|priority:0|startupRole:FOLLOWER]|listeners:[], old=null
2023-07-16 18:57:17,004 [grpc-default-executor-3] INFO  server.RaftServer$Division (RaftServerImpl.java:requestVote(1302)) - 0b1f3054-766a-487f-b63d-c6e216ac8926@group-0F5175BAAFBD: receive requestVote(PRE_VOTE, 9a50ebc8-888b-4605-8efe-fc16cf713d78, group-0F5175BAAFBD, 0, (t:0, i:0))
2023-07-16 18:57:17,004 [grpc-default-executor-2] INFO  server.RaftServer$Division (RaftServerImpl.java:requestVote(1302)) - 262e2cc5-1901-4d20-b00f-c120f2342a1b@group-0F5175BAAFBD: receive requestVote(PRE_VOTE, 9a50ebc8-888b-4605-8efe-fc16cf713d78, group-0F5175BAAFBD, 0, (t:0, i:0))
2023-07-16 18:57:17,005 [grpc-default-executor-2] INFO  impl.VoteContext (VoteContext.java:log(49)) - 262e2cc5-1901-4d20-b00f-c120f2342a1b@group-0F5175BAAFBD-FOLLOWER: accept PRE_VOTE from 9a50ebc8-888b-4605-8efe-fc16cf713d78: our priority 0 <= candidate's priority 1
2023-07-16 18:57:17,005 [grpc-default-executor-2] INFO  server.RaftServer$Division (RaftServerImpl.java:requestVote(1335)) - 262e2cc5-1901-4d20-b00f-c120f2342a1b@group-0F5175BAAFBD replies to PRE_VOTE vote request: 9a50ebc8-888b-4605-8efe-fc16cf713d78<-262e2cc5-1901-4d20-b00f-c120f2342a1b#0:OK-t0. Peer's state: 262e2cc5-1901-4d20-b00f-c120f2342a1b@group-0F5175BAAFBD:t0, leader=null, voted=, raftlog=Memoized:262e2cc5-1901-4d20-b00f-c120f2342a1b@group-0F5175BAAFBD-SegmentedRaftLog:OPENED:c-1, conf=-1: peers:[262e2cc5-1901-4d20-b00f-c120f2342a1b|rpc:10.1.0.14:15041|admin:10.1.0.14:15040|client:10.1.0.14:15039|dataStream:10.1.0.14:15042|priority:0|startupRole:FOLLOWER, 9a50ebc8-888b-4605-8efe-fc16cf713d78|rpc:10.1.0.14:15050|admin:10.1.0.14:15049|client:10.1.0.14:15048|dataStream:10.1.0.14:15051|priority:1|startupRole:FOLLOWER, 0b1f3054-766a-487f-b63d-c6e216ac8926|rpc:10.1.0.14:15059|admin:10.1.0.14:15058|client:10.1.0.14:15057|dataStream:10.1.0.14:15060|priority:0|startupRole:FOLLOWER]|listeners:[], old=null
2023-07-16 18:57:17,004 [0e76f3da-5374-4d3e-bc44-9848a147cb1b-server-thread1] INFO  segmented.SegmentedRaftLogWorker (SegmentedRaftLogWorker.java:startLogSegment(447)) - 0e76f3da-5374-4d3e-bc44-9848a147cb1b@group-5330B41CC205-SegmentedRaftLogWorker: Starting segment from index:0
2023-07-16 18:57:17,006 [e061ba01-06b3-4f38-a151-c7c4cf78ce5a@group-5330B41CC205-SegmentedRaftLogWorker] INFO  segmented.SegmentedRaftLogWorker (SegmentedRaftLogWorker.java:execute(651)) - e061ba01-06b3-4f38-a151-c7c4cf78ce5a@group-5330B41CC205-SegmentedRaftLogWorker: created new log segment /home/runner/work/ozone/ozone/hadoop-ozone/integration-test/target/test-dir/MiniOzoneClusterImpl-8e52da8c-19f0-467e-9375-6950100829a3/datanode-1/data/ratis/ad28fbcc-3ba8-4a13-af59-5330b41cc205/current/log_inprogress_0
2023-07-16 18:57:17,016 [grpc-default-executor-3] INFO  impl.VoteContext (VoteContext.java:log(49)) - 0b1f3054-766a-487f-b63d-c6e216ac8926@group-0F5175BAAFBD-FOLLOWER: accept PRE_VOTE from 9a50ebc8-888b-4605-8efe-fc16cf713d78: our priority 0 <= candidate's priority 1
2023-07-16 18:57:17,016 [grpc-default-executor-3] INFO  server.RaftServer$Division (RaftServerImpl.java:requestVote(1335)) - 0b1f3054-766a-487f-b63d-c6e216ac8926@group-0F5175BAAFBD replies to PRE_VOTE vote request: 9a50ebc8-888b-4605-8efe-fc16cf713d78<-0b1f3054-766a-487f-b63d-c6e216ac8926#0:OK-t0. Peer's state: 0b1f3054-766a-487f-b63d-c6e216ac8926@group-0F5175BAAFBD:t0, leader=null, voted=, raftlog=Memoized:0b1f3054-766a-487f-b63d-c6e216ac8926@group-0F5175BAAFBD-SegmentedRaftLog:OPENED:c-1, conf=-1: peers:[262e2cc5-1901-4d20-b00f-c120f2342a1b|rpc:10.1.0.14:15041|admin:10.1.0.14:15040|client:10.1.0.14:15039|dataStream:10.1.0.14:15042|priority:0|startupRole:FOLLOWER, 9a50ebc8-888b-4605-8efe-fc16cf713d78|rpc:10.1.0.14:15050|admin:10.1.0.14:15049|client:10.1.0.14:15048|dataStream:10.1.0.14:15051|priority:1|startupRole:FOLLOWER, 0b1f3054-766a-487f-b63d-c6e216ac8926|rpc:10.1.0.14:15059|admin:10.1.0.14:15058|client:10.1.0.14:15057|dataStream:10.1.0.14:15060|priority:0|startupRole:FOLLOWER]|listeners:[], old=null
2023-07-16 18:57:17,021 [0e76f3da-5374-4d3e-bc44-9848a147cb1b@group-5330B41CC205-SegmentedRaftLogWorker] INFO  segmented.SegmentedRaftLogWorker (SegmentedRaftLogWorker.java:execute(651)) - 0e76f3da-5374-4d3e-bc44-9848a147cb1b@group-5330B41CC205-SegmentedRaftLogWorker: created new log segment /home/runner/work/ozone/ozone/hadoop-ozone/integration-test/target/test-dir/MiniOzoneClusterImpl-8e52da8c-19f0-467e-9375-6950100829a3/datanode-0/data/ratis/ad28fbcc-3ba8-4a13-af59-5330b41cc205/current/log_inprogress_0
2023-07-16 18:57:17,023 [9a50ebc8-888b-4605-8efe-fc16cf713d78@group-0F5175BAAFBD-LeaderElection10] INFO  impl.LeaderElection (LeaderElection.java:logAndReturn(90)) - 9a50ebc8-888b-4605-8efe-fc16cf713d78@group-0F5175BAAFBD-LeaderElection10: PRE_VOTE PASSED received 1 response(s) and 0 exception(s):
2023-07-16 18:57:17,023 [9a50ebc8-888b-4605-8efe-fc16cf713d78@group-0F5175BAAFBD-LeaderElection10] INFO  impl.LeaderElection (LeaderElection.java:logAndReturn(94)) -   Response 0: 9a50ebc8-888b-4605-8efe-fc16cf713d78<-262e2cc5-1901-4d20-b00f-c120f2342a1b#0:OK-t0
2023-07-16 18:57:17,023 [9a50ebc8-888b-4605-8efe-fc16cf713d78@group-0F5175BAAFBD-LeaderElection10] INFO  impl.LeaderElection (LeaderElection.java:askForVotes(323)) - 9a50ebc8-888b-4605-8efe-fc16cf713d78@group-0F5175BAAFBD-LeaderElection10 PRE_VOTE round 0: result PASSED
2023-07-16 18:57:17,029 [9a50ebc8-888b-4605-8efe-fc16cf713d78@group-0F5175BAAFBD-LeaderElection10] INFO  impl.LeaderElection (LeaderElection.java:askForVotes(321)) - 9a50ebc8-888b-4605-8efe-fc16cf713d78@group-0F5175BAAFBD-LeaderElection10 ELECTION round 0: submit vote requests at term 1 for -1: peers:[262e2cc5-1901-4d20-b00f-c120f2342a1b|rpc:10.1.0.14:15041|admin:10.1.0.14:15040|client:10.1.0.14:15039|dataStream:10.1.0.14:15042|priority:0|startupRole:FOLLOWER, 9a50ebc8-888b-4605-8efe-fc16cf713d78|rpc:10.1.0.14:15050|admin:10.1.0.14:15049|client:10.1.0.14:15048|dataStream:10.1.0.14:15051|priority:1|startupRole:FOLLOWER, 0b1f3054-766a-487f-b63d-c6e216ac8926|rpc:10.1.0.14:15059|admin:10.1.0.14:15058|client:10.1.0.14:15057|dataStream:10.1.0.14:15060|priority:0|startupRole:FOLLOWER]|listeners:[], old=null
2023-07-16 18:57:17,035 [9a50ebc8-888b-4605-8efe-fc16cf713d78@group-0F5175BAAFBD-LeaderElection10] INFO  server.RaftServerConfigKeys (ConfUtils.java:logFallback(53)) - raft.server.rpc.first-election.timeout.min = 5s (fallback to raft.server.rpc.timeout.min)
2023-07-16 18:57:17,035 [9a50ebc8-888b-4605-8efe-fc16cf713d78@group-0F5175BAAFBD-LeaderElection10] INFO  server.RaftServerConfigKeys (ConfUtils.java:logFallback(53)) - raft.server.rpc.first-election.timeout.max = 5200ms (fallback to raft.server.rpc.timeout.max)
2023-07-16 18:57:17,044 [grpc-default-executor-2] INFO  server.RaftServer$Division (RaftServerImpl.java:requestVote(1302)) - 262e2cc5-1901-4d20-b00f-c120f2342a1b@group-0F5175BAAFBD: receive requestVote(ELECTION, 9a50ebc8-888b-4605-8efe-fc16cf713d78, group-0F5175BAAFBD, 1, (t:0, i:0))
2023-07-16 18:57:17,045 [grpc-default-executor-2] INFO  impl.VoteContext (VoteContext.java:log(49)) - 262e2cc5-1901-4d20-b00f-c120f2342a1b@group-0F5175BAAFBD-FOLLOWER: accept ELECTION from 9a50ebc8-888b-4605-8efe-fc16cf713d78: our priority 0 <= candidate's priority 1
2023-07-16 18:57:17,045 [grpc-default-executor-2] INFO  server.RaftServer$Division (RaftServerImpl.java:setRole(329)) - 262e2cc5-1901-4d20-b00f-c120f2342a1b@group-0F5175BAAFBD: changes role from  FOLLOWER to FOLLOWER at term 1 for candidate:9a50ebc8-888b-4605-8efe-fc16cf713d78
2023-07-16 18:57:17,045 [grpc-default-executor-2] INFO  impl.RoleInfo (RoleInfo.java:shutdownFollowerState(110)) - 262e2cc5-1901-4d20-b00f-c120f2342a1b: shutdown 262e2cc5-1901-4d20-b00f-c120f2342a1b@group-0F5175BAAFBD-FollowerState
2023-07-16 18:57:17,045 [grpc-default-executor-2] INFO  impl.RoleInfo (RoleInfo.java:updateAndGet(139)) - 262e2cc5-1901-4d20-b00f-c120f2342a1b: start 262e2cc5-1901-4d20-b00f-c120f2342a1b@group-0F5175BAAFBD-FollowerState
2023-07-16 18:57:17,045 [262e2cc5-1901-4d20-b00f-c120f2342a1b@group-0F5175BAAFBD-FollowerState] INFO  impl.FollowerState (FollowerState.java:run(152)) - 262e2cc5-1901-4d20-b00f-c120f2342a1b@group-0F5175BAAFBD-FollowerState was interrupted
2023-07-16 18:57:17,046 [grpc-default-executor-2] INFO  server.RaftServer$Division (RaftServerImpl.java:requestVote(1335)) - 262e2cc5-1901-4d20-b00f-c120f2342a1b@group-0F5175BAAFBD replies to ELECTION vote request: 9a50ebc8-888b-4605-8efe-fc16cf713d78<-262e2cc5-1901-4d20-b00f-c120f2342a1b#0:OK-t1. Peer's state: 262e2cc5-1901-4d20-b00f-c120f2342a1b@group-0F5175BAAFBD:t1, leader=null, voted=9a50ebc8-888b-4605-8efe-fc16cf713d78, raftlog=Memoized:262e2cc5-1901-4d20-b00f-c120f2342a1b@group-0F5175BAAFBD-SegmentedRaftLog:OPENED:c-1, conf=-1: peers:[262e2cc5-1901-4d20-b00f-c120f2342a1b|rpc:10.1.0.14:15041|admin:10.1.0.14:15040|client:10.1.0.14:15039|dataStream:10.1.0.14:15042|priority:0|startupRole:FOLLOWER, 9a50ebc8-888b-4605-8efe-fc16cf713d78|rpc:10.1.0.14:15050|admin:10.1.0.14:15049|client:10.1.0.14:15048|dataStream:10.1.0.14:15051|priority:1|startupRole:FOLLOWER, 0b1f3054-766a-487f-b63d-c6e216ac8926|rpc:10.1.0.14:15059|admin:10.1.0.14:15058|client:10.1.0.14:15057|dataStream:10.1.0.14:15060|priority:0|startupRole:FOLLOWER]|listeners:[], old=null
2023-07-16 18:57:17,048 [9a50ebc8-888b-4605-8efe-fc16cf713d78@group-0F5175BAAFBD-LeaderElection10] INFO  impl.LeaderElection (LeaderElection.java:logAndReturn(90)) - 9a50ebc8-888b-4605-8efe-fc16cf713d78@group-0F5175BAAFBD-LeaderElection10: ELECTION PASSED received 1 response(s) and 0 exception(s):
2023-07-16 18:57:17,048 [9a50ebc8-888b-4605-8efe-fc16cf713d78@group-0F5175BAAFBD-LeaderElection10] INFO  impl.LeaderElection (LeaderElection.java:logAndReturn(94)) -   Response 0: 9a50ebc8-888b-4605-8efe-fc16cf713d78<-262e2cc5-1901-4d20-b00f-c120f2342a1b#0:OK-t1
2023-07-16 18:57:17,048 [9a50ebc8-888b-4605-8efe-fc16cf713d78@group-0F5175BAAFBD-LeaderElection10] INFO  impl.LeaderElection (LeaderElection.java:askForVotes(323)) - 9a50ebc8-888b-4605-8efe-fc16cf713d78@group-0F5175BAAFBD-LeaderElection10 ELECTION round 0: result PASSED
2023-07-16 18:57:17,048 [9a50ebc8-888b-4605-8efe-fc16cf713d78@group-0F5175BAAFBD-LeaderElection10] INFO  impl.RoleInfo (RoleInfo.java:shutdownLeaderElection(130)) - 9a50ebc8-888b-4605-8efe-fc16cf713d78: shutdown 9a50ebc8-888b-4605-8efe-fc16cf713d78@group-0F5175BAAFBD-LeaderElection10
2023-07-16 18:57:17,048 [9a50ebc8-888b-4605-8efe-fc16cf713d78@group-0F5175BAAFBD-LeaderElection10] INFO  server.RaftServer$Division (RaftServerImpl.java:setRole(329)) - 9a50ebc8-888b-4605-8efe-fc16cf713d78@group-0F5175BAAFBD: changes role from CANDIDATE to LEADER at term 1 for changeToLeader
2023-07-16 18:57:17,048 [9a50ebc8-888b-4605-8efe-fc16cf713d78@group-0F5175BAAFBD-LeaderElection10] INFO  ratis.XceiverServerRatis (XceiverServerRatis.java:handleLeaderChangedNotification(902)) - Leader change notification received for group: group-0F5175BAAFBD with new leaderId: 9a50ebc8-888b-4605-8efe-fc16cf713d78
2023-07-16 18:57:17,048 [9a50ebc8-888b-4605-8efe-fc16cf713d78@group-0F5175BAAFBD-LeaderElection10] INFO  server.RaftServer$Division (ServerState.java:setLeader(317)) - 9a50ebc8-888b-4605-8efe-fc16cf713d78@group-0F5175BAAFBD: change Leader from null to 9a50ebc8-888b-4605-8efe-fc16cf713d78 at term 1 for becomeLeader, leader elected after 5271ms
2023-07-16 18:57:17,048 [9a50ebc8-888b-4605-8efe-fc16cf713d78@group-0F5175BAAFBD-LeaderElection10] INFO  server.RaftServerConfigKeys (ConfUtils.java:logGet(46)) - raft.server.staging.catchup.gap = 1000 (default)
2023-07-16 18:57:17,048 [9a50ebc8-888b-4605-8efe-fc16cf713d78@group-0F5175BAAFBD-LeaderElection10] INFO  server.RaftServerConfigKeys (ConfUtils.java:logGet(46)) - raft.server.write.element-limit = 1024 (custom)
2023-07-16 18:57:17,048 [9a50ebc8-888b-4605-8efe-fc16cf713d78@group-0F5175BAAFBD-LeaderElection10] INFO  server.RaftServerConfigKeys (ConfUtils.java:logGet(46)) - raft.server.write.byte-limit = 1024 M (=1073741824) (custom)
2023-07-16 18:57:17,049 [9a50ebc8-888b-4605-8efe-fc16cf713d78@group-0F5175BAAFBD-LeaderElection10] INFO  server.RaftServerConfigKeys (ConfUtils.java:logGet(46)) - raft.server.watch.timeout = 180s (custom)
2023-07-16 18:57:17,049 [9a50ebc8-888b-4605-8efe-fc16cf713d78@group-0F5175BAAFBD-LeaderElection10] INFO  server.RaftServerConfigKeys (ConfUtils.java:logGet(46)) - raft.server.watch.timeout.denomination = 1s (default)
2023-07-16 18:57:17,049 [9a50ebc8-888b-4605-8efe-fc16cf713d78@group-0F5175BAAFBD-LeaderElection10] INFO  server.RaftServerConfigKeys (ConfUtils.java:logGet(46)) - raft.server.watch.element-limit = 65536 (default)
2023-07-16 18:57:17,049 [9a50ebc8-888b-4605-8efe-fc16cf713d78@group-0F5175BAAFBD-LeaderElection10] INFO  server.RaftServerConfigKeys (ConfUtils.java:logGet(46)) - raft.server.write.element-limit = 1024 (custom)
2023-07-16 18:57:17,049 [9a50ebc8-888b-4605-8efe-fc16cf713d78@group-0F5175BAAFBD-LeaderElection10] INFO  server.RaftServerConfigKeys (ConfUtils.java:logGet(46)) - raft.server.write.follower.gap.ratio.max = -1.0 (default)
2023-07-16 18:57:17,049 [9a50ebc8-888b-4605-8efe-fc16cf713d78@group-0F5175BAAFBD-LeaderElection10] INFO  server.RaftServerConfigKeys (ConfUtils.java:logGet(46)) - raft.server.log.appender.snapshot.chunk.size.max = 16MB (=16777216) (default)
2023-07-16 18:57:17,049 [9a50ebc8-888b-4605-8efe-fc16cf713d78@group-0F5175BAAFBD-LeaderElection10] INFO  server.RaftServerConfigKeys (ConfUtils.java:logGet(46)) - raft.server.log.appender.buffer.byte-limit = 33554432 (custom)
2023-07-16 18:57:17,050 [9a50ebc8-888b-4605-8efe-fc16cf713d78@group-0F5175BAAFBD-LeaderElection10] INFO  server.RaftServerConfigKeys (ConfUtils.java:logGet(46)) - raft.server.log.appender.buffer.element-limit = 1 (custom)
2023-07-16 18:57:17,050 [9a50ebc8-888b-4605-8efe-fc16cf713d78@group-0F5175BAAFBD-LeaderElection10] INFO  server.RaftServerConfigKeys (ConfUtils.java:logGet(46)) - raft.server.log.appender.wait-time.min = 10ms (default)
2023-07-16 18:57:17,050 [9a50ebc8-888b-4605-8efe-fc16cf713d78@group-0F5175BAAFBD-LeaderElection10] INFO  grpc.GrpcConfigKeys (ConfUtils.java:logGet(46)) - raft.grpc.server.leader.outstanding.appends.max = 128 (default)
2023-07-16 18:57:17,050 [9a50ebc8-888b-4605-8efe-fc16cf713d78@group-0F5175BAAFBD-LeaderElection10] INFO  server.RaftServerConfigKeys (ConfUtils.java:logGet(46)) - raft.server.rpc.request.timeout = 60s (custom)
2023-07-16 18:57:17,050 [9a50ebc8-888b-4605-8efe-fc16cf713d78@group-0F5175BAAFBD-LeaderElection10] INFO  grpc.GrpcConfigKeys (ConfUtils.java:logGet(46)) - raft.grpc.server.install_snapshot.request.element-limit = 8 (default)
2023-07-16 18:57:17,050 [9a50ebc8-888b-4605-8efe-fc16cf713d78@group-0F5175BAAFBD-LeaderElection10] INFO  grpc.GrpcConfigKeys (ConfUtils.java:logGet(46)) - raft.grpc.server.install_snapshot.request.timeout = 3000ms (default)
2023-07-16 18:57:17,050 [9a50ebc8-888b-4605-8efe-fc16cf713d78@group-0F5175BAAFBD-LeaderElection10] INFO  server.RaftServerConfigKeys (ConfUtils.java:logGet(46)) - raft.server.log.appender.install.snapshot.enabled = false (custom)
2023-07-16 18:57:17,050 [9a50ebc8-888b-4605-8efe-fc16cf713d78@group-0F5175BAAFBD-LeaderElection10] INFO  grpc.GrpcConfigKeys (ConfUtils.java:logGet(46)) - raft.grpc.server.heartbeat.channel = true (default)
2023-07-16 18:57:17,054 [EventQueue-PipelineReportForPipelineReportHandler] INFO  pipeline.PipelineReportHandler (PipelineReportHandler.java:processPipelineReport(136)) - Opened pipeline PipelineID=90836b84-b0b2-4deb-a2da-0f5175baafbd
2023-07-16 18:57:17,640 [grpc-default-executor-3] INFO  server.RaftServer$Division (RaftServerImpl.java:requestVote(1302)) - 0b1f3054-766a-487f-b63d-c6e216ac8926@group-0F5175BAAFBD: receive requestVote(ELECTION, 9a50ebc8-888b-4605-8efe-fc16cf713d78, group-0F5175BAAFBD, 1, (t:0, i:0))
2023-07-16 18:57:17,640 [grpc-default-executor-3] INFO  impl.VoteContext (VoteContext.java:log(49)) - 0b1f3054-766a-487f-b63d-c6e216ac8926@group-0F5175BAAFBD-FOLLOWER: accept ELECTION from 9a50ebc8-888b-4605-8efe-fc16cf713d78: our priority 0 <= candidate's priority 1
2023-07-16 18:57:17,640 [grpc-default-executor-3] INFO  server.RaftServer$Division (RaftServerImpl.java:setRole(329)) - 0b1f3054-766a-487f-b63d-c6e216ac8926@group-0F5175BAAFBD: changes role from  FOLLOWER to FOLLOWER at term 1 for candidate:9a50ebc8-888b-4605-8efe-fc16cf713d78
2023-07-16 18:57:17,640 [grpc-default-executor-3] INFO  impl.RoleInfo (RoleInfo.java:shutdownFollowerState(110)) - 0b1f3054-766a-487f-b63d-c6e216ac8926: shutdown 0b1f3054-766a-487f-b63d-c6e216ac8926@group-0F5175BAAFBD-FollowerState
2023-07-16 18:57:17,640 [grpc-default-executor-3] INFO  impl.RoleInfo (RoleInfo.java:updateAndGet(139)) - 0b1f3054-766a-487f-b63d-c6e216ac8926: start 0b1f3054-766a-487f-b63d-c6e216ac8926@group-0F5175BAAFBD-FollowerState
2023-07-16 18:57:17,640 [9a50ebc8-888b-4605-8efe-fc16cf713d78@group-0F5175BAAFBD-LeaderElection10] INFO  server.RaftServerConfigKeys (ConfUtils.java:logGet(46)) - raft.server.log.appender.snapshot.chunk.size.max = 16MB (=16777216) (default)
2023-07-16 18:57:17,640 [9a50ebc8-888b-4605-8efe-fc16cf713d78@group-0F5175BAAFBD-LeaderElection10] INFO  server.RaftServerConfigKeys (ConfUtils.java:logGet(46)) - raft.server.log.appender.buffer.byte-limit = 33554432 (custom)
2023-07-16 18:57:17,641 [9a50ebc8-888b-4605-8efe-fc16cf713d78@group-0F5175BAAFBD-LeaderElection10] INFO  server.RaftServerConfigKeys (ConfUtils.java:logGet(46)) - raft.server.log.appender.buffer.element-limit = 1 (custom)
2023-07-16 18:57:17,641 [9a50ebc8-888b-4605-8efe-fc16cf713d78@group-0F5175BAAFBD-LeaderElection10] INFO  server.RaftServerConfigKeys (ConfUtils.java:logGet(46)) - raft.server.log.appender.wait-time.min = 10ms (default)
2023-07-16 18:57:17,641 [9a50ebc8-888b-4605-8efe-fc16cf713d78@group-0F5175BAAFBD-LeaderElection10] INFO  grpc.GrpcConfigKeys (ConfUtils.java:logGet(46)) - raft.grpc.server.leader.outstanding.appends.max = 128 (default)
2023-07-16 18:57:17,641 [9a50ebc8-888b-4605-8efe-fc16cf713d78@group-0F5175BAAFBD-LeaderElection10] INFO  server.RaftServerConfigKeys (ConfUtils.java:logGet(46)) - raft.server.rpc.request.timeout = 60s (custom)
2023-07-16 18:57:17,641 [9a50ebc8-888b-4605-8efe-fc16cf713d78@group-0F5175BAAFBD-LeaderElection10] INFO  grpc.GrpcConfigKeys (ConfUtils.java:logGet(46)) - raft.grpc.server.install_snapshot.request.element-limit = 8 (default)
2023-07-16 18:57:17,641 [9a50ebc8-888b-4605-8efe-fc16cf713d78@group-0F5175BAAFBD-LeaderElection10] INFO  grpc.GrpcConfigKeys (ConfUtils.java:logGet(46)) - raft.grpc.server.install_snapshot.request.timeout = 3000ms (default)
2023-07-16 18:57:17,641 [9a50ebc8-888b-4605-8efe-fc16cf713d78@group-0F5175BAAFBD-LeaderElection10] INFO  server.RaftServerConfigKeys (ConfUtils.java:logGet(46)) - raft.server.log.appender.install.snapshot.enabled = false (custom)
2023-07-16 18:57:17,641 [9a50ebc8-888b-4605-8efe-fc16cf713d78@group-0F5175BAAFBD-LeaderElection10] INFO  grpc.GrpcConfigKeys (ConfUtils.java:logGet(46)) - raft.grpc.server.heartbeat.channel = true (default)
2023-07-16 18:57:17,641 [9a50ebc8-888b-4605-8efe-fc16cf713d78@group-0F5175BAAFBD-LeaderElection10] INFO  impl.RoleInfo (RoleInfo.java:updateAndGet(139)) - 9a50ebc8-888b-4605-8efe-fc16cf713d78: start 9a50ebc8-888b-4605-8efe-fc16cf713d78@group-0F5175BAAFBD-LeaderStateImpl
2023-07-16 18:57:17,641 [9a50ebc8-888b-4605-8efe-fc16cf713d78@group-3E6D570FD02E-FollowerState] INFO  impl.FollowerState (FollowerState.java:run(143)) - 9a50ebc8-888b-4605-8efe-fc16cf713d78@group-3E6D570FD02E-FollowerState: change to CANDIDATE, lastRpcElapsedTime:5770289268ns, electionTimeout:5186ms
2023-07-16 18:57:17,650 [262e2cc5-1901-4d20-b00f-c120f2342a1b@group-49059D15333A-FollowerState] WARN  impl.FollowerState (FollowerState.java:run(130)) - Unexpected long sleep: sleep 5168ms but took extra 436061780ns (> threshold = 300ms)
2023-07-16 18:57:17,650 [0b1f3054-766a-487f-b63d-c6e216ac8926@group-49059D15333A-FollowerState] WARN  impl.FollowerState (FollowerState.java:run(130)) - Unexpected long sleep: sleep 5198ms but took extra 456073147ns (> threshold = 300ms)
2023-07-16 18:57:17,650 [262e2cc5-1901-4d20-b00f-c120f2342a1b@group-49059D15333A-FollowerState] INFO  server.RaftServerConfigKeys (ConfUtils.java:logFallback(53)) - raft.server.rpc.first-election.timeout.min = 5s (fallback to raft.server.rpc.timeout.min)
2023-07-16 18:57:17,650 [0b1f3054-766a-487f-b63d-c6e216ac8926@group-49059D15333A-FollowerState] INFO  server.RaftServerConfigKeys (ConfUtils.java:logFallback(53)) - raft.server.rpc.first-election.timeout.min = 5s (fallback to raft.server.rpc.timeout.min)
2023-07-16 18:57:17,650 [262e2cc5-1901-4d20-b00f-c120f2342a1b@group-49059D15333A-FollowerState] INFO  server.RaftServerConfigKeys (ConfUtils.java:logFallback(53)) - raft.server.rpc.first-election.timeout.max = 5200ms (fallback to raft.server.rpc.timeout.max)
2023-07-16 18:57:17,650 [0b1f3054-766a-487f-b63d-c6e216ac8926@group-49059D15333A-FollowerState] INFO  server.RaftServerConfigKeys (ConfUtils.java:logFallback(53)) - raft.server.rpc.first-election.timeout.max = 5200ms (fallback to raft.server.rpc.timeout.max)
2023-07-16 18:57:17,655 [JvmPauseMonitor4] WARN  util.JvmPauseMonitor (JvmPauseMonitor.java:detectPause(124)) - JvmPauseMonitor-c23d9737-c121-4244-9e77-c55c15e0a23c: Detected pause in JVM or host machine approximately 0.505s with 0.577s GC time.
GC pool 'PS MarkSweep' had collection(s): count=1 time=454ms
GC pool 'PS Scavenge' had collection(s): count=1 time=123ms
2023-07-16 18:57:17,655 [JvmPauseMonitor9] WARN  util.JvmPauseMonitor (JvmPauseMonitor.java:detectPause(124)) - JvmPauseMonitor-2d677a35-33b0-4d15-8cfd-318274acedab: Detected pause in JVM or host machine approximately 0.505s with 0.577s GC time.
GC pool 'PS MarkSweep' had collection(s): count=1 time=454ms
GC pool 'PS Scavenge' had collection(s): count=1 time=123ms
2023-07-16 18:57:17,655 [JvmPauseMonitor2] WARN  util.JvmPauseMonitor (JvmPauseMonitor.java:detectPause(124)) - JvmPauseMonitor-0e76f3da-5374-4d3e-bc44-9848a147cb1b: Detected pause in JVM or host machine approximately 0.505s with 0.577s GC time.
GC pool 'PS MarkSweep' had collection(s): count=1 time=454ms
GC pool 'PS Scavenge' had collection(s): count=1 time=123ms
2023-07-16 18:57:17,655 [JvmPauseMonitor11] WARN  util.JvmPauseMonitor (JvmPauseMonitor.java:detectPause(124)) - JvmPauseMonitor-7fbcf281-0606-4cdd-9e49-7a456e1aa2a0: Detected pause in JVM or host machine approximately 0.505s with 0.577s GC time.
GC pool 'PS MarkSweep' had collection(s): count=1 time=454ms
GC pool 'PS Scavenge' had collection(s): count=1 time=123ms
2023-07-16 18:57:17,655 [JvmPauseMonitor5] WARN  util.JvmPauseMonitor (JvmPauseMonitor.java:detectPause(124)) - JvmPauseMonitor-262e2cc5-1901-4d20-b00f-c120f2342a1b: Detected pause in JVM or host machine approximately 0.506s with 0.577s GC time.
GC pool 'PS MarkSweep' had collection(s): count=1 time=454ms
GC pool 'PS Scavenge' had collection(s): count=1 time=123ms
2023-07-16 18:57:17,655 [JvmPauseMonitor8] WARN  util.JvmPauseMonitor (JvmPauseMonitor.java:detectPause(124)) - JvmPauseMonitor-83d11254-7599-4cbf-9408-65e5a9156a74: Detected pause in JVM or host machine approximately 0.506s with 0.577s GC time.
GC pool 'PS MarkSweep' had collection(s): count=1 time=454ms
GC pool 'PS Scavenge' had collection(s): count=1 time=123ms
2023-07-16 18:57:17,655 [JvmPauseMonitor0] WARN  util.JvmPauseMonitor (JvmPauseMonitor.java:detectPause(124)) - JvmPauseMonitor-262803b3-ac48-46f1-a8b8-24b53ff9384b: Detected pause in JVM or host machine approximately 0.507s with 0.577s GC time.
GC pool 'PS MarkSweep' had collection(s): count=1 time=454ms
GC pool 'PS Scavenge' had collection(s): count=1 time=123ms
2023-07-16 18:57:17,655 [JvmPauseMonitor3] WARN  util.JvmPauseMonitor (JvmPauseMonitor.java:detectPause(124)) - JvmPauseMonitor-e061ba01-06b3-4f38-a151-c7c4cf78ce5a: Detected pause in JVM or host machine approximately 0.510s with 0.577s GC time.
GC pool 'PS MarkSweep' had collection(s): count=1 time=454ms
GC pool 'PS Scavenge' had collection(s): count=1 time=123ms
2023-07-16 18:57:17,655 [JvmPauseMonitor7] WARN  util.JvmPauseMonitor (JvmPauseMonitor.java:detectPause(124)) - JvmPauseMonitor-0b1f3054-766a-487f-b63d-c6e216ac8926: Detected pause in JVM or host machine approximately 0.519s with 0.577s GC time.
GC pool 'PS MarkSweep' had collection(s): count=1 time=454ms
GC pool 'PS Scavenge' had collection(s): count=1 time=123ms
2023-07-16 18:57:17,656 [JvmPauseMonitor10] WARN  util.JvmPauseMonitor (JvmPauseMonitor.java:detectPause(124)) - JvmPauseMonitor-6a04ed34-8094-474b-9acd-b8edff3f6d46: Detected pause in JVM or host machine approximately 0.524s with 0.577s GC time.
GC pool 'PS MarkSweep' had collection(s): count=1 time=454ms
GC pool 'PS Scavenge' had collection(s): count=1 time=123ms
2023-07-16 18:57:17,656 [JvmPauseMonitor6] WARN  util.JvmPauseMonitor (JvmPauseMonitor.java:detectPause(124)) - JvmPauseMonitor-9a50ebc8-888b-4605-8efe-fc16cf713d78: Detected pause in JVM or host machine approximately 0.524s with 0.577s GC time.
GC pool 'PS MarkSweep' had collection(s): count=1 time=454ms
GC pool 'PS Scavenge' had collection(s): count=1 time=123ms
2023-07-16 18:57:17,656 [JvmPauseMonitor1] WARN  util.JvmPauseMonitor (JvmPauseMonitor.java:detectPause(124)) - JvmPauseMonitor-om1: Detected pause in JVM or host machine approximately 0.524s with 0.577s GC time.
GC pool 'PS MarkSweep' had collection(s): count=1 time=454ms
GC pool 'PS Scavenge' had collection(s): count=1 time=123ms
2023-07-16 18:57:17,656 [9a50ebc8-888b-4605-8efe-fc16cf713d78@group-49059D15333A-FollowerState] WARN  impl.FollowerState (FollowerState.java:run(130)) - Unexpected long sleep: sleep 5174ms but took extra 555587948ns (> threshold = 300ms)
2023-07-16 18:57:17,656 [9a50ebc8-888b-4605-8efe-fc16cf713d78@group-49059D15333A-FollowerState] INFO  server.RaftServerConfigKeys (ConfUtils.java:logFallback(53)) - raft.server.rpc.first-election.timeout.min = 5s (fallback to raft.server.rpc.timeout.min)
2023-07-16 18:57:17,656 [9a50ebc8-888b-4605-8efe-fc16cf713d78@group-49059D15333A-FollowerState] INFO  server.RaftServerConfigKeys (ConfUtils.java:logFallback(53)) - raft.server.rpc.first-election.timeout.max = 5200ms (fallback to raft.server.rpc.timeout.max)
2023-07-16 18:57:17,656 [0b1f3054-766a-487f-b63d-c6e216ac8926@group-0F5175BAAFBD-FollowerState] INFO  impl.FollowerState (FollowerState.java:run(152)) - 0b1f3054-766a-487f-b63d-c6e216ac8926@group-0F5175BAAFBD-FollowerState was interrupted
2023-07-16 18:57:17,663 [grpc-default-executor-3] INFO  server.RaftServer$Division (RaftServerImpl.java:requestVote(1335)) - 0b1f3054-766a-487f-b63d-c6e216ac8926@group-0F5175BAAFBD replies to ELECTION vote request: 9a50ebc8-888b-4605-8efe-fc16cf713d78<-0b1f3054-766a-487f-b63d-c6e216ac8926#0:OK-t1. Peer's state: 0b1f3054-766a-487f-b63d-c6e216ac8926@group-0F5175BAAFBD:t1, leader=null, voted=9a50ebc8-888b-4605-8efe-fc16cf713d78, raftlog=Memoized:0b1f3054-766a-487f-b63d-c6e216ac8926@group-0F5175BAAFBD-SegmentedRaftLog:OPENED:c-1, conf=-1: peers:[262e2cc5-1901-4d20-b00f-c120f2342a1b|rpc:10.1.0.14:15041|admin:10.1.0.14:15040|client:10.1.0.14:15039|dataStream:10.1.0.14:15042|priority:0|startupRole:FOLLOWER, 9a50ebc8-888b-4605-8efe-fc16cf713d78|rpc:10.1.0.14:15050|admin:10.1.0.14:15049|client:10.1.0.14:15048|dataStream:10.1.0.14:15051|priority:1|startupRole:FOLLOWER, 0b1f3054-766a-487f-b63d-c6e216ac8926|rpc:10.1.0.14:15059|admin:10.1.0.14:15058|client:10.1.0.14:15057|dataStream:10.1.0.14:15060|priority:0|startupRole:FOLLOWER]|listeners:[], old=null
2023-07-16 18:57:17,665 [9a50ebc8-888b-4605-8efe-fc16cf713d78@group-3E6D570FD02E-FollowerState] INFO  impl.RoleInfo (RoleInfo.java:shutdownFollowerState(110)) - 9a50ebc8-888b-4605-8efe-fc16cf713d78: shutdown 9a50ebc8-888b-4605-8efe-fc16cf713d78@group-3E6D570FD02E-FollowerState
2023-07-16 18:57:17,665 [9a50ebc8-888b-4605-8efe-fc16cf713d78@group-3E6D570FD02E-FollowerState] INFO  server.RaftServer$Division (RaftServerImpl.java:setRole(329)) - 9a50ebc8-888b-4605-8efe-fc16cf713d78@group-3E6D570FD02E: changes role from  FOLLOWER to CANDIDATE at term 0 for changeToCandidate
2023-07-16 18:57:17,665 [9a50ebc8-888b-4605-8efe-fc16cf713d78@group-3E6D570FD02E-FollowerState] INFO  server.RaftServerConfigKeys (ConfUtils.java:logGet(46)) - raft.server.leaderelection.pre-vote = true (default)
2023-07-16 18:57:17,666 [9a50ebc8-888b-4605-8efe-fc16cf713d78@group-3E6D570FD02E-FollowerState] INFO  impl.RoleInfo (RoleInfo.java:updateAndGet(139)) - 9a50ebc8-888b-4605-8efe-fc16cf713d78: start 9a50ebc8-888b-4605-8efe-fc16cf713d78@group-3E6D570FD02E-LeaderElection11
2023-07-16 18:57:17,666 [9a50ebc8-888b-4605-8efe-fc16cf713d78@group-0F5175BAAFBD-LeaderElection10] INFO  segmented.SegmentedRaftLogWorker (SegmentedRaftLogWorker.java:startLogSegment(447)) - 9a50ebc8-888b-4605-8efe-fc16cf713d78@group-0F5175BAAFBD-SegmentedRaftLogWorker: Starting segment from index:0
2023-07-16 18:57:17,682 [9a50ebc8-888b-4605-8efe-fc16cf713d78@group-0F5175BAAFBD-SegmentedRaftLogWorker] INFO  segmented.SegmentedRaftLogWorker (SegmentedRaftLogWorker.java:execute(651)) - 9a50ebc8-888b-4605-8efe-fc16cf713d78@group-0F5175BAAFBD-SegmentedRaftLogWorker: created new log segment /home/runner/work/ozone/ozone/hadoop-ozone/integration-test/target/test-dir/MiniOzoneClusterImpl-8e52da8c-19f0-467e-9375-6950100829a3/datanode-4/data/ratis/90836b84-b0b2-4deb-a2da-0f5175baafbd/current/log_inprogress_0
2023-07-16 18:57:17,695 [9a50ebc8-888b-4605-8efe-fc16cf713d78@group-3E6D570FD02E-LeaderElection11] INFO  impl.LeaderElection (LeaderElection.java:askForVotes(321)) - 9a50ebc8-888b-4605-8efe-fc16cf713d78@group-3E6D570FD02E-LeaderElection11 PRE_VOTE round 0: submit vote requests at term 0 for -1: peers:[9a50ebc8-888b-4605-8efe-fc16cf713d78|rpc:10.1.0.14:15050|admin:10.1.0.14:15049|client:10.1.0.14:15048|dataStream:10.1.0.14:15051|priority:1|startupRole:FOLLOWER]|listeners:[], old=null
2023-07-16 18:57:17,696 [9a50ebc8-888b-4605-8efe-fc16cf713d78@group-3E6D570FD02E-LeaderElection11] INFO  impl.LeaderElection (LeaderElection.java:askForVotes(323)) - 9a50ebc8-888b-4605-8efe-fc16cf713d78@group-3E6D570FD02E-LeaderElection11 PRE_VOTE round 0: result PASSED (term=0)
2023-07-16 18:57:17,695 [9a50ebc8-888b-4605-8efe-fc16cf713d78@group-0F5175BAAFBD-LeaderElection10] INFO  server.RaftServer$Division (ServerState.java:setRaftConf(434)) - 9a50ebc8-888b-4605-8efe-fc16cf713d78@group-0F5175BAAFBD: set configuration 0: peers:[262e2cc5-1901-4d20-b00f-c120f2342a1b|rpc:10.1.0.14:15041|admin:10.1.0.14:15040|client:10.1.0.14:15039|dataStream:10.1.0.14:15042|priority:0|startupRole:FOLLOWER, 9a50ebc8-888b-4605-8efe-fc16cf713d78|rpc:10.1.0.14:15050|admin:10.1.0.14:15049|client:10.1.0.14:15048|dataStream:10.1.0.14:15051|priority:1|startupRole:FOLLOWER, 0b1f3054-766a-487f-b63d-c6e216ac8926|rpc:10.1.0.14:15059|admin:10.1.0.14:15058|client:10.1.0.14:15057|dataStream:10.1.0.14:15060|priority:0|startupRole:FOLLOWER]|listeners:[], old=null
2023-07-16 18:57:17,697 [9a50ebc8-888b-4605-8efe-fc16cf713d78@group-3E6D570FD02E-LeaderElection11] INFO  impl.LeaderElection (LeaderElection.java:askForVotes(321)) - 9a50ebc8-888b-4605-8efe-fc16cf713d78@group-3E6D570FD02E-LeaderElection11 ELECTION round 0: submit vote requests at term 1 for -1: peers:[9a50ebc8-888b-4605-8efe-fc16cf713d78|rpc:10.1.0.14:15050|admin:10.1.0.14:15049|client:10.1.0.14:15048|dataStream:10.1.0.14:15051|priority:1|startupRole:FOLLOWER]|listeners:[], old=null
2023-07-16 18:57:17,697 [9a50ebc8-888b-4605-8efe-fc16cf713d78@group-3E6D570FD02E-LeaderElection11] INFO  impl.LeaderElection (LeaderElection.java:askForVotes(323)) - 9a50ebc8-888b-4605-8efe-fc16cf713d78@group-3E6D570FD02E-LeaderElection11 ELECTION round 0: result PASSED (term=1)
2023-07-16 18:57:17,698 [9a50ebc8-888b-4605-8efe-fc16cf713d78@group-3E6D570FD02E-LeaderElection11] INFO  impl.RoleInfo (RoleInfo.java:shutdownLeaderElection(130)) - 9a50ebc8-888b-4605-8efe-fc16cf713d78: shutdown 9a50ebc8-888b-4605-8efe-fc16cf713d78@group-3E6D570FD02E-LeaderElection11
2023-07-16 18:57:17,698 [9a50ebc8-888b-4605-8efe-fc16cf713d78@group-3E6D570FD02E-LeaderElection11] INFO  server.RaftServer$Division (RaftServerImpl.java:setRole(329)) - 9a50ebc8-888b-4605-8efe-fc16cf713d78@group-3E6D570FD02E: changes role from CANDIDATE to LEADER at term 1 for changeToLeader
2023-07-16 18:57:17,698 [9a50ebc8-888b-4605-8efe-fc16cf713d78@group-3E6D570FD02E-LeaderElection11] INFO  ratis.XceiverServerRatis (XceiverServerRatis.java:handleLeaderChangedNotification(902)) - Leader change notification received for group: group-3E6D570FD02E with new leaderId: 9a50ebc8-888b-4605-8efe-fc16cf713d78
2023-07-16 18:57:17,698 [9a50ebc8-888b-4605-8efe-fc16cf713d78@group-3E6D570FD02E-LeaderElection11] INFO  server.RaftServer$Division (ServerState.java:setLeader(317)) - 9a50ebc8-888b-4605-8efe-fc16cf713d78@group-3E6D570FD02E: change Leader from null to 9a50ebc8-888b-4605-8efe-fc16cf713d78 at term 1 for becomeLeader, leader elected after 5913ms
2023-07-16 18:57:17,698 [9a50ebc8-888b-4605-8efe-fc16cf713d78@group-3E6D570FD02E-LeaderElection11] INFO  server.RaftServerConfigKeys (ConfUtils.java:logGet(46)) - raft.server.staging.catchup.gap = 1000 (default)
2023-07-16 18:57:17,698 [9a50ebc8-888b-4605-8efe-fc16cf713d78@group-3E6D570FD02E-LeaderElection11] INFO  server.RaftServerConfigKeys (ConfUtils.java:logGet(46)) - raft.server.write.element-limit = 1024 (custom)
2023-07-16 18:57:17,698 [9a50ebc8-888b-4605-8efe-fc16cf713d78@group-3E6D570FD02E-LeaderElection11] INFO  server.RaftServerConfigKeys (ConfUtils.java:logGet(46)) - raft.server.write.byte-limit = 1024 M (=1073741824) (custom)
2023-07-16 18:57:17,699 [9a50ebc8-888b-4605-8efe-fc16cf713d78@group-3E6D570FD02E-LeaderElection11] INFO  server.RaftServerConfigKeys (ConfUtils.java:logGet(46)) - raft.server.watch.timeout = 180s (custom)
2023-07-16 18:57:17,699 [9a50ebc8-888b-4605-8efe-fc16cf713d78@group-3E6D570FD02E-LeaderElection11] INFO  server.RaftServerConfigKeys (ConfUtils.java:logGet(46)) - raft.server.watch.timeout.denomination = 1s (default)
2023-07-16 18:57:17,699 [9a50ebc8-888b-4605-8efe-fc16cf713d78@group-3E6D570FD02E-LeaderElection11] INFO  server.RaftServerConfigKeys (ConfUtils.java:logGet(46)) - raft.server.watch.element-limit = 65536 (default)
2023-07-16 18:57:17,699 [9a50ebc8-888b-4605-8efe-fc16cf713d78@group-3E6D570FD02E-LeaderElection11] INFO  server.RaftServerConfigKeys (ConfUtils.java:logGet(46)) - raft.server.write.element-limit = 1024 (custom)
2023-07-16 18:57:17,699 [9a50ebc8-888b-4605-8efe-fc16cf713d78@group-3E6D570FD02E-LeaderElection11] INFO  server.RaftServerConfigKeys (ConfUtils.java:logGet(46)) - raft.server.write.follower.gap.ratio.max = -1.0 (default)
2023-07-16 18:57:17,699 [9a50ebc8-888b-4605-8efe-fc16cf713d78@group-3E6D570FD02E-LeaderElection11] INFO  impl.RoleInfo (RoleInfo.java:updateAndGet(139)) - 9a50ebc8-888b-4605-8efe-fc16cf713d78: start 9a50ebc8-888b-4605-8efe-fc16cf713d78@group-3E6D570FD02E-LeaderStateImpl
2023-07-16 18:57:17,699 [9a50ebc8-888b-4605-8efe-fc16cf713d78@group-3E6D570FD02E-LeaderElection11] INFO  segmented.SegmentedRaftLogWorker (SegmentedRaftLogWorker.java:startLogSegment(447)) - 9a50ebc8-888b-4605-8efe-fc16cf713d78@group-3E6D570FD02E-SegmentedRaftLogWorker: Starting segment from index:0
2023-07-16 18:57:17,702 [9a50ebc8-888b-4605-8efe-fc16cf713d78@group-3E6D570FD02E-SegmentedRaftLogWorker] INFO  segmented.SegmentedRaftLogWorker (SegmentedRaftLogWorker.java:execute(651)) - 9a50ebc8-888b-4605-8efe-fc16cf713d78@group-3E6D570FD02E-SegmentedRaftLogWorker: created new log segment /home/runner/work/ozone/ozone/hadoop-ozone/integration-test/target/test-dir/MiniOzoneClusterImpl-8e52da8c-19f0-467e-9375-6950100829a3/datanode-4/data/ratis/e3e3f43b-5dae-48cf-97e3-3e6d570fd02e/current/log_inprogress_0
2023-07-16 18:57:17,705 [262e2cc5-1901-4d20-b00f-c120f2342a1b-server-thread1] INFO  ratis.XceiverServerRatis (XceiverServerRatis.java:handleLeaderChangedNotification(902)) - Leader change notification received for group: group-0F5175BAAFBD with new leaderId: 9a50ebc8-888b-4605-8efe-fc16cf713d78
2023-07-16 18:57:17,705 [262e2cc5-1901-4d20-b00f-c120f2342a1b-server-thread1] INFO  server.RaftServer$Division (ServerState.java:setLeader(317)) - 262e2cc5-1901-4d20-b00f-c120f2342a1b@group-0F5175BAAFBD: change Leader from null to 9a50ebc8-888b-4605-8efe-fc16cf713d78 at term 1 for appendEntries, leader elected after 6150ms
2023-07-16 18:57:17,711 [9a50ebc8-888b-4605-8efe-fc16cf713d78@group-3E6D570FD02E-LeaderElection11] INFO  server.RaftServer$Division (ServerState.java:setRaftConf(434)) - 9a50ebc8-888b-4605-8efe-fc16cf713d78@group-3E6D570FD02E: set configuration 0: peers:[9a50ebc8-888b-4605-8efe-fc16cf713d78|rpc:10.1.0.14:15050|admin:10.1.0.14:15049|client:10.1.0.14:15048|dataStream:10.1.0.14:15051|priority:1|startupRole:FOLLOWER]|listeners:[], old=null
2023-07-16 18:57:17,711 [262e2cc5-1901-4d20-b00f-c120f2342a1b-server-thread1] INFO  server.RaftServer$Division (ServerState.java:setRaftConf(434)) - 262e2cc5-1901-4d20-b00f-c120f2342a1b@group-0F5175BAAFBD: set configuration 0: peers:[262e2cc5-1901-4d20-b00f-c120f2342a1b|rpc:10.1.0.14:15041|admin:10.1.0.14:15040|client:10.1.0.14:15039|dataStream:10.1.0.14:15042|priority:0|startupRole:FOLLOWER, 9a50ebc8-888b-4605-8efe-fc16cf713d78|rpc:10.1.0.14:15050|admin:10.1.0.14:15049|client:10.1.0.14:15048|dataStream:10.1.0.14:15051|priority:1|startupRole:FOLLOWER, 0b1f3054-766a-487f-b63d-c6e216ac8926|rpc:10.1.0.14:15059|admin:10.1.0.14:15058|client:10.1.0.14:15057|dataStream:10.1.0.14:15060|priority:0|startupRole:FOLLOWER]|listeners:[], old=null
2023-07-16 18:57:17,720 [262e2cc5-1901-4d20-b00f-c120f2342a1b-server-thread1] INFO  segmented.SegmentedRaftLogWorker (SegmentedRaftLogWorker.java:startLogSegment(447)) - 262e2cc5-1901-4d20-b00f-c120f2342a1b@group-0F5175BAAFBD-SegmentedRaftLogWorker: Starting segment from index:0
2023-07-16 18:57:17,726 [262e2cc5-1901-4d20-b00f-c120f2342a1b@group-0F5175BAAFBD-SegmentedRaftLogWorker] INFO  segmented.SegmentedRaftLogWorker (SegmentedRaftLogWorker.java:execute(651)) - 262e2cc5-1901-4d20-b00f-c120f2342a1b@group-0F5175BAAFBD-SegmentedRaftLogWorker: created new log segment /home/runner/work/ozone/ozone/hadoop-ozone/integration-test/target/test-dir/MiniOzoneClusterImpl-8e52da8c-19f0-467e-9375-6950100829a3/datanode-3/data/ratis/90836b84-b0b2-4deb-a2da-0f5175baafbd/current/log_inprogress_0
2023-07-16 18:57:17,735 [0b1f3054-766a-487f-b63d-c6e216ac8926-server-thread1] INFO  ratis.XceiverServerRatis (XceiverServerRatis.java:handleLeaderChangedNotification(902)) - Leader change notification received for group: group-0F5175BAAFBD with new leaderId: 9a50ebc8-888b-4605-8efe-fc16cf713d78
2023-07-16 18:57:17,735 [0b1f3054-766a-487f-b63d-c6e216ac8926-server-thread1] INFO  server.RaftServer$Division (ServerState.java:setLeader(317)) - 0b1f3054-766a-487f-b63d-c6e216ac8926@group-0F5175BAAFBD: change Leader from null to 9a50ebc8-888b-4605-8efe-fc16cf713d78 at term 1 for appendEntries, leader elected after 5791ms
2023-07-16 18:57:17,740 [0b1f3054-766a-487f-b63d-c6e216ac8926-server-thread2] INFO  server.RaftServer$Division (ServerState.java:setRaftConf(434)) - 0b1f3054-766a-487f-b63d-c6e216ac8926@group-0F5175BAAFBD: set configuration 0: peers:[262e2cc5-1901-4d20-b00f-c120f2342a1b|rpc:10.1.0.14:15041|admin:10.1.0.14:15040|client:10.1.0.14:15039|dataStream:10.1.0.14:15042|priority:0|startupRole:FOLLOWER, 9a50ebc8-888b-4605-8efe-fc16cf713d78|rpc:10.1.0.14:15050|admin:10.1.0.14:15049|client:10.1.0.14:15048|dataStream:10.1.0.14:15051|priority:1|startupRole:FOLLOWER, 0b1f3054-766a-487f-b63d-c6e216ac8926|rpc:10.1.0.14:15059|admin:10.1.0.14:15058|client:10.1.0.14:15057|dataStream:10.1.0.14:15060|priority:0|startupRole:FOLLOWER]|listeners:[], old=null
2023-07-16 18:57:17,741 [0b1f3054-766a-487f-b63d-c6e216ac8926-server-thread2] INFO  segmented.SegmentedRaftLogWorker (SegmentedRaftLogWorker.java:startLogSegment(447)) - 0b1f3054-766a-487f-b63d-c6e216ac8926@group-0F5175BAAFBD-SegmentedRaftLogWorker: Starting segment from index:0
2023-07-16 18:57:17,742 [0b1f3054-766a-487f-b63d-c6e216ac8926@group-0F5175BAAFBD-SegmentedRaftLogWorker] INFO  segmented.SegmentedRaftLogWorker (SegmentedRaftLogWorker.java:execute(651)) - 0b1f3054-766a-487f-b63d-c6e216ac8926@group-0F5175BAAFBD-SegmentedRaftLogWorker: created new log segment /home/runner/work/ozone/ozone/hadoop-ozone/integration-test/target/test-dir/MiniOzoneClusterImpl-8e52da8c-19f0-467e-9375-6950100829a3/datanode-5/data/ratis/90836b84-b0b2-4deb-a2da-0f5175baafbd/current/log_inprogress_0
2023-07-16 18:57:17,758 [83d11254-7599-4cbf-9408-65e5a9156a74@group-02AEF562936D-FollowerState] INFO  impl.FollowerState (FollowerState.java:run(143)) - 83d11254-7599-4cbf-9408-65e5a9156a74@group-02AEF562936D-FollowerState: change to CANDIDATE, lastRpcElapsedTime:5006835520ns, electionTimeout:5002ms
2023-07-16 18:57:17,758 [83d11254-7599-4cbf-9408-65e5a9156a74@group-02AEF562936D-FollowerState] INFO  impl.RoleInfo (RoleInfo.java:shutdownFollowerState(110)) - 83d11254-7599-4cbf-9408-65e5a9156a74: shutdown 83d11254-7599-4cbf-9408-65e5a9156a74@group-02AEF562936D-FollowerState
2023-07-16 18:57:17,758 [83d11254-7599-4cbf-9408-65e5a9156a74@group-02AEF562936D-FollowerState] INFO  server.RaftServer$Division (RaftServerImpl.java:setRole(329)) - 83d11254-7599-4cbf-9408-65e5a9156a74@group-02AEF562936D: changes role from  FOLLOWER to CANDIDATE at term 0 for changeToCandidate
2023-07-16 18:57:17,758 [83d11254-7599-4cbf-9408-65e5a9156a74@group-02AEF562936D-FollowerState] INFO  server.RaftServerConfigKeys (ConfUtils.java:logGet(46)) - raft.server.leaderelection.pre-vote = true (default)
2023-07-16 18:57:17,758 [83d11254-7599-4cbf-9408-65e5a9156a74@group-02AEF562936D-FollowerState] INFO  impl.RoleInfo (RoleInfo.java:updateAndGet(139)) - 83d11254-7599-4cbf-9408-65e5a9156a74: start 83d11254-7599-4cbf-9408-65e5a9156a74@group-02AEF562936D-LeaderElection12
2023-07-16 18:57:17,765 [83d11254-7599-4cbf-9408-65e5a9156a74@group-02AEF562936D-LeaderElection12] INFO  impl.LeaderElection (LeaderElection.java:askForVotes(321)) - 83d11254-7599-4cbf-9408-65e5a9156a74@group-02AEF562936D-LeaderElection12 PRE_VOTE round 0: submit vote requests at term 0 for -1: peers:[2d677a35-33b0-4d15-8cfd-318274acedab|rpc:10.1.0.14:15077|admin:10.1.0.14:15076|client:10.1.0.14:15075|dataStream:10.1.0.14:15078|priority:0|startupRole:FOLLOWER, 6a04ed34-8094-474b-9acd-b8edff3f6d46|rpc:10.1.0.14:15086|admin:10.1.0.14:15085|client:10.1.0.14:15084|dataStream:10.1.0.14:15087|priority:1|startupRole:FOLLOWER, 83d11254-7599-4cbf-9408-65e5a9156a74|rpc:10.1.0.14:15068|admin:10.1.0.14:15067|client:10.1.0.14:15066|dataStream:10.1.0.14:15069|priority:0|startupRole:FOLLOWER]|listeners:[], old=null
2023-07-16 18:57:17,767 [83d11254-7599-4cbf-9408-65e5a9156a74@group-02AEF562936D-LeaderElection12-1] INFO  server.GrpcServerProtocolClient (GrpcServerProtocolClient.java:<init>(65)) - Build channel for 2d677a35-33b0-4d15-8cfd-318274acedab
2023-07-16 18:57:17,773 [83d11254-7599-4cbf-9408-65e5a9156a74@group-02AEF562936D-LeaderElection12] INFO  server.RaftServerConfigKeys (ConfUtils.java:logFallback(53)) - raft.server.rpc.first-election.timeout.min = 5s (fallback to raft.server.rpc.timeout.min)
2023-07-16 18:57:17,773 [83d11254-7599-4cbf-9408-65e5a9156a74@group-02AEF562936D-LeaderElection12] INFO  server.RaftServerConfigKeys (ConfUtils.java:logFallback(53)) - raft.server.rpc.first-election.timeout.max = 5200ms (fallback to raft.server.rpc.timeout.max)
2023-07-16 18:57:17,773 [0b1f3054-766a-487f-b63d-c6e216ac8926@group-3E4D33D197C0-FollowerState] INFO  impl.FollowerState (FollowerState.java:run(143)) - 0b1f3054-766a-487f-b63d-c6e216ac8926@group-3E4D33D197C0-FollowerState: change to CANDIDATE, lastRpcElapsedTime:5142271950ns, electionTimeout:5139ms
2023-07-16 18:57:17,773 [0b1f3054-766a-487f-b63d-c6e216ac8926@group-3E4D33D197C0-FollowerState] INFO  impl.RoleInfo (RoleInfo.java:shutdownFollowerState(110)) - 0b1f3054-766a-487f-b63d-c6e216ac8926: shutdown 0b1f3054-766a-487f-b63d-c6e216ac8926@group-3E4D33D197C0-FollowerState
2023-07-16 18:57:17,773 [0b1f3054-766a-487f-b63d-c6e216ac8926@group-3E4D33D197C0-FollowerState] INFO  server.RaftServer$Division (RaftServerImpl.java:setRole(329)) - 0b1f3054-766a-487f-b63d-c6e216ac8926@group-3E4D33D197C0: changes role from  FOLLOWER to CANDIDATE at term 0 for changeToCandidate
2023-07-16 18:57:17,773 [0b1f3054-766a-487f-b63d-c6e216ac8926@group-3E4D33D197C0-FollowerState] INFO  server.RaftServerConfigKeys (ConfUtils.java:logGet(46)) - raft.server.leaderelection.pre-vote = true (default)
2023-07-16 18:57:17,773 [0b1f3054-766a-487f-b63d-c6e216ac8926@group-3E4D33D197C0-FollowerState] INFO  impl.RoleInfo (RoleInfo.java:updateAndGet(139)) - 0b1f3054-766a-487f-b63d-c6e216ac8926: start 0b1f3054-766a-487f-b63d-c6e216ac8926@group-3E4D33D197C0-LeaderElection13
2023-07-16 18:57:17,783 [83d11254-7599-4cbf-9408-65e5a9156a74@group-02AEF562936D-LeaderElection12-2] INFO  server.GrpcServerProtocolClient (GrpcServerProtocolClient.java:<init>(65)) - Build channel for 6a04ed34-8094-474b-9acd-b8edff3f6d46
2023-07-16 18:57:17,784 [0b1f3054-766a-487f-b63d-c6e216ac8926@group-3E4D33D197C0-LeaderElection13] INFO  impl.LeaderElection (LeaderElection.java:askForVotes(321)) - 0b1f3054-766a-487f-b63d-c6e216ac8926@group-3E4D33D197C0-LeaderElection13 PRE_VOTE round 0: submit vote requests at term 0 for -1: peers:[0b1f3054-766a-487f-b63d-c6e216ac8926|rpc:10.1.0.14:15059|admin:10.1.0.14:15058|client:10.1.0.14:15057|dataStream:10.1.0.14:15060|priority:1|startupRole:FOLLOWER]|listeners:[], old=null
2023-07-16 18:57:17,795 [grpc-default-executor-2] INFO  server.RaftServer$Division (RaftServerImpl.java:requestVote(1302)) - 2d677a35-33b0-4d15-8cfd-318274acedab@group-02AEF562936D: receive requestVote(PRE_VOTE, 83d11254-7599-4cbf-9408-65e5a9156a74, group-02AEF562936D, 0, (t:0, i:0))
2023-07-16 18:57:17,795 [grpc-default-executor-2] INFO  impl.VoteContext (VoteContext.java:log(49)) - 2d677a35-33b0-4d15-8cfd-318274acedab@group-02AEF562936D-FOLLOWER: accept PRE_VOTE from 83d11254-7599-4cbf-9408-65e5a9156a74: our priority 0 <= candidate's priority 0
2023-07-16 18:57:17,795 [grpc-default-executor-2] INFO  server.RaftServer$Division (RaftServerImpl.java:requestVote(1335)) - 2d677a35-33b0-4d15-8cfd-318274acedab@group-02AEF562936D replies to PRE_VOTE vote request: 83d11254-7599-4cbf-9408-65e5a9156a74<-2d677a35-33b0-4d15-8cfd-318274acedab#0:OK-t0. Peer's state: 2d677a35-33b0-4d15-8cfd-318274acedab@group-02AEF562936D:t0, leader=null, voted=, raftlog=Memoized:2d677a35-33b0-4d15-8cfd-318274acedab@group-02AEF562936D-SegmentedRaftLog:OPENED:c-1, conf=-1: peers:[2d677a35-33b0-4d15-8cfd-318274acedab|rpc:10.1.0.14:15077|admin:10.1.0.14:15076|client:10.1.0.14:15075|dataStream:10.1.0.14:15078|priority:0|startupRole:FOLLOWER, 6a04ed34-8094-474b-9acd-b8edff3f6d46|rpc:10.1.0.14:15086|admin:10.1.0.14:15085|client:10.1.0.14:15084|dataStream:10.1.0.14:15087|priority:1|startupRole:FOLLOWER, 83d11254-7599-4cbf-9408-65e5a9156a74|rpc:10.1.0.14:15068|admin:10.1.0.14:15067|client:10.1.0.14:15066|dataStream:10.1.0.14:15069|priority:0|startupRole:FOLLOWER]|listeners:[], old=null
2023-07-16 18:57:17,796 [0b1f3054-766a-487f-b63d-c6e216ac8926@group-3E4D33D197C0-LeaderElection13] INFO  impl.LeaderElection (LeaderElection.java:askForVotes(323)) - 0b1f3054-766a-487f-b63d-c6e216ac8926@group-3E4D33D197C0-LeaderElection13 PRE_VOTE round 0: result PASSED (term=0)
2023-07-16 18:57:17,798 [0b1f3054-766a-487f-b63d-c6e216ac8926@group-3E4D33D197C0-LeaderElection13] INFO  impl.LeaderElection (LeaderElection.java:askForVotes(321)) - 0b1f3054-766a-487f-b63d-c6e216ac8926@group-3E4D33D197C0-LeaderElection13 ELECTION round 0: submit vote requests at term 1 for -1: peers:[0b1f3054-766a-487f-b63d-c6e216ac8926|rpc:10.1.0.14:15059|admin:10.1.0.14:15058|client:10.1.0.14:15057|dataStream:10.1.0.14:15060|priority:1|startupRole:FOLLOWER]|listeners:[], old=null
2023-07-16 18:57:17,798 [0b1f3054-766a-487f-b63d-c6e216ac8926@group-3E4D33D197C0-LeaderElection13] INFO  impl.LeaderElection (LeaderElection.java:askForVotes(323)) - 0b1f3054-766a-487f-b63d-c6e216ac8926@group-3E4D33D197C0-LeaderElection13 ELECTION round 0: result PASSED (term=1)
2023-07-16 18:57:17,798 [0b1f3054-766a-487f-b63d-c6e216ac8926@group-3E4D33D197C0-LeaderElection13] INFO  impl.RoleInfo (RoleInfo.java:shutdownLeaderElection(130)) - 0b1f3054-766a-487f-b63d-c6e216ac8926: shutdown 0b1f3054-766a-487f-b63d-c6e216ac8926@group-3E4D33D197C0-LeaderElection13
2023-07-16 18:57:17,798 [0b1f3054-766a-487f-b63d-c6e216ac8926@group-3E4D33D197C0-LeaderElection13] INFO  server.RaftServer$Division (RaftServerImpl.java:setRole(329)) - 0b1f3054-766a-487f-b63d-c6e216ac8926@group-3E4D33D197C0: changes role from CANDIDATE to LEADER at term 1 for changeToLeader
2023-07-16 18:57:17,798 [0b1f3054-766a-487f-b63d-c6e216ac8926@group-3E4D33D197C0-LeaderElection13] INFO  ratis.XceiverServerRatis (XceiverServerRatis.java:handleLeaderChangedNotification(902)) - Leader change notification received for group: group-3E4D33D197C0 with new leaderId: 0b1f3054-766a-487f-b63d-c6e216ac8926
2023-07-16 18:57:17,799 [0b1f3054-766a-487f-b63d-c6e216ac8926@group-3E4D33D197C0-LeaderElection13] INFO  server.RaftServer$Division (ServerState.java:setLeader(317)) - 0b1f3054-766a-487f-b63d-c6e216ac8926@group-3E4D33D197C0: change Leader from null to 0b1f3054-766a-487f-b63d-c6e216ac8926 at term 1 for becomeLeader, leader elected after 5581ms
2023-07-16 18:57:17,799 [0b1f3054-766a-487f-b63d-c6e216ac8926@group-3E4D33D197C0-LeaderElection13] INFO  server.RaftServerConfigKeys (ConfUtils.java:logGet(46)) - raft.server.staging.catchup.gap = 1000 (default)
2023-07-16 18:57:17,799 [0b1f3054-766a-487f-b63d-c6e216ac8926@group-3E4D33D197C0-LeaderElection13] INFO  server.RaftServerConfigKeys (ConfUtils.java:logGet(46)) - raft.server.write.element-limit = 1024 (custom)
2023-07-16 18:57:17,799 [0b1f3054-766a-487f-b63d-c6e216ac8926@group-3E4D33D197C0-LeaderElection13] INFO  server.RaftServerConfigKeys (ConfUtils.java:logGet(46)) - raft.server.write.byte-limit = 1024 M (=1073741824) (custom)
2023-07-16 18:57:17,803 [grpc-default-executor-2] INFO  server.RaftServer$Division (RaftServerImpl.java:requestVote(1302)) - 6a04ed34-8094-474b-9acd-b8edff3f6d46@group-02AEF562936D: receive requestVote(PRE_VOTE, 83d11254-7599-4cbf-9408-65e5a9156a74, group-02AEF562936D, 0, (t:0, i:0))
2023-07-16 18:57:17,803 [grpc-default-executor-2] INFO  impl.VoteContext (VoteContext.java:log(49)) - 6a04ed34-8094-474b-9acd-b8edff3f6d46@group-02AEF562936D-FOLLOWER: reject PRE_VOTE from 83d11254-7599-4cbf-9408-65e5a9156a74: our priority 1 > candidate's priority 0
2023-07-16 18:57:17,803 [grpc-default-executor-2] INFO  server.RaftServer$Division (RaftServerImpl.java:requestVote(1335)) - 6a04ed34-8094-474b-9acd-b8edff3f6d46@group-02AEF562936D replies to PRE_VOTE vote request: 83d11254-7599-4cbf-9408-65e5a9156a74<-6a04ed34-8094-474b-9acd-b8edff3f6d46#0:FAIL-t0. Peer's state: 6a04ed34-8094-474b-9acd-b8edff3f6d46@group-02AEF562936D:t0, leader=null, voted=, raftlog=Memoized:6a04ed34-8094-474b-9acd-b8edff3f6d46@group-02AEF562936D-SegmentedRaftLog:OPENED:c-1, conf=-1: peers:[2d677a35-33b0-4d15-8cfd-318274acedab|rpc:10.1.0.14:15077|admin:10.1.0.14:15076|client:10.1.0.14:15075|dataStream:10.1.0.14:15078|priority:0|startupRole:FOLLOWER, 6a04ed34-8094-474b-9acd-b8edff3f6d46|rpc:10.1.0.14:15086|admin:10.1.0.14:15085|client:10.1.0.14:15084|dataStream:10.1.0.14:15087|priority:1|startupRole:FOLLOWER, 83d11254-7599-4cbf-9408-65e5a9156a74|rpc:10.1.0.14:15068|admin:10.1.0.14:15067|client:10.1.0.14:15066|dataStream:10.1.0.14:15069|priority:0|startupRole:FOLLOWER]|listeners:[], old=null
2023-07-16 18:57:17,805 [83d11254-7599-4cbf-9408-65e5a9156a74@group-7AC1EAAA5B8D-FollowerState] INFO  impl.FollowerState (FollowerState.java:run(143)) - 83d11254-7599-4cbf-9408-65e5a9156a74@group-7AC1EAAA5B8D-FollowerState: change to CANDIDATE, lastRpcElapsedTime:5091490037ns, electionTimeout:5086ms
2023-07-16 18:57:17,805 [83d11254-7599-4cbf-9408-65e5a9156a74@group-7AC1EAAA5B8D-FollowerState] INFO  impl.RoleInfo (RoleInfo.java:shutdownFollowerState(110)) - 83d11254-7599-4cbf-9408-65e5a9156a74: shutdown 83d11254-7599-4cbf-9408-65e5a9156a74@group-7AC1EAAA5B8D-FollowerState
2023-07-16 18:57:17,805 [83d11254-7599-4cbf-9408-65e5a9156a74@group-7AC1EAAA5B8D-FollowerState] INFO  server.RaftServer$Division (RaftServerImpl.java:setRole(329)) - 83d11254-7599-4cbf-9408-65e5a9156a74@group-7AC1EAAA5B8D: changes role from  FOLLOWER to CANDIDATE at term 0 for changeToCandidate
2023-07-16 18:57:17,805 [83d11254-7599-4cbf-9408-65e5a9156a74@group-7AC1EAAA5B8D-FollowerState] INFO  server.RaftServerConfigKeys (ConfUtils.java:logGet(46)) - raft.server.leaderelection.pre-vote = true (default)
2023-07-16 18:57:17,805 [83d11254-7599-4cbf-9408-65e5a9156a74@group-7AC1EAAA5B8D-FollowerState] INFO  impl.RoleInfo (RoleInfo.java:updateAndGet(139)) - 83d11254-7599-4cbf-9408-65e5a9156a74: start 83d11254-7599-4cbf-9408-65e5a9156a74@group-7AC1EAAA5B8D-LeaderElection14
2023-07-16 18:57:17,811 [83d11254-7599-4cbf-9408-65e5a9156a74@group-02AEF562936D-LeaderElection12] INFO  impl.LeaderElection (LeaderElection.java:logAndReturn(90)) - 83d11254-7599-4cbf-9408-65e5a9156a74@group-02AEF562936D-LeaderElection12: PRE_VOTE REJECTED received 2 response(s) and 0 exception(s):
2023-07-16 18:57:17,812 [83d11254-7599-4cbf-9408-65e5a9156a74@group-02AEF562936D-LeaderElection12] INFO  impl.LeaderElection (LeaderElection.java:logAndReturn(94)) -   Response 0: 83d11254-7599-4cbf-9408-65e5a9156a74<-2d677a35-33b0-4d15-8cfd-318274acedab#0:OK-t0
2023-07-16 18:57:17,812 [83d11254-7599-4cbf-9408-65e5a9156a74@group-02AEF562936D-LeaderElection12] INFO  impl.LeaderElection (LeaderElection.java:logAndReturn(94)) -   Response 1: 83d11254-7599-4cbf-9408-65e5a9156a74<-6a04ed34-8094-474b-9acd-b8edff3f6d46#0:FAIL-t0
2023-07-16 18:57:17,812 [83d11254-7599-4cbf-9408-65e5a9156a74@group-02AEF562936D-LeaderElection12] INFO  impl.LeaderElection (LeaderElection.java:askForVotes(323)) - 83d11254-7599-4cbf-9408-65e5a9156a74@group-02AEF562936D-LeaderElection12 PRE_VOTE round 0: result REJECTED
2023-07-16 18:57:17,812 [83d11254-7599-4cbf-9408-65e5a9156a74@group-02AEF562936D-LeaderElection12] INFO  server.RaftServer$Division (RaftServerImpl.java:setRole(329)) - 83d11254-7599-4cbf-9408-65e5a9156a74@group-02AEF562936D: changes role from CANDIDATE to FOLLOWER at term 0 for REJECTED
2023-07-16 18:57:17,812 [83d11254-7599-4cbf-9408-65e5a9156a74@group-02AEF562936D-LeaderElection12] INFO  impl.RoleInfo (RoleInfo.java:shutdownLeaderElection(130)) - 83d11254-7599-4cbf-9408-65e5a9156a74: shutdown 83d11254-7599-4cbf-9408-65e5a9156a74@group-02AEF562936D-LeaderElection12
2023-07-16 18:57:17,812 [83d11254-7599-4cbf-9408-65e5a9156a74@group-02AEF562936D-LeaderElection12] INFO  impl.RoleInfo (RoleInfo.java:updateAndGet(139)) - 83d11254-7599-4cbf-9408-65e5a9156a74: start 83d11254-7599-4cbf-9408-65e5a9156a74@group-02AEF562936D-FollowerState
2023-07-16 18:57:17,816 [0b1f3054-766a-487f-b63d-c6e216ac8926@group-3E4D33D197C0-LeaderElection13] INFO  server.RaftServerConfigKeys (ConfUtils.java:logGet(46)) - raft.server.watch.timeout = 180s (custom)
2023-07-16 18:57:17,817 [0b1f3054-766a-487f-b63d-c6e216ac8926@group-3E4D33D197C0-LeaderElection13] INFO  server.RaftServerConfigKeys (ConfUtils.java:logGet(46)) - raft.server.watch.timeout.denomination = 1s (default)
2023-07-16 18:57:17,817 [0b1f3054-766a-487f-b63d-c6e216ac8926@group-3E4D33D197C0-LeaderElection13] INFO  server.RaftServerConfigKeys (ConfUtils.java:logGet(46)) - raft.server.watch.element-limit = 65536 (default)
2023-07-16 18:57:17,817 [0b1f3054-766a-487f-b63d-c6e216ac8926@group-3E4D33D197C0-LeaderElection13] INFO  server.RaftServerConfigKeys (ConfUtils.java:logGet(46)) - raft.server.write.element-limit = 1024 (custom)
2023-07-16 18:57:17,820 [0b1f3054-766a-487f-b63d-c6e216ac8926@group-3E4D33D197C0-LeaderElection13] INFO  server.RaftServerConfigKeys (ConfUtils.java:logGet(46)) - raft.server.write.follower.gap.ratio.max = -1.0 (default)
2023-07-16 18:57:17,819 [83d11254-7599-4cbf-9408-65e5a9156a74@group-7AC1EAAA5B8D-LeaderElection14] INFO  impl.LeaderElection (LeaderElection.java:askForVotes(321)) - 83d11254-7599-4cbf-9408-65e5a9156a74@group-7AC1EAAA5B8D-LeaderElection14 PRE_VOTE round 0: submit vote requests at term 0 for -1: peers:[83d11254-7599-4cbf-9408-65e5a9156a74|rpc:10.1.0.14:15068|admin:10.1.0.14:15067|client:10.1.0.14:15066|dataStream:10.1.0.14:15069|priority:1|startupRole:FOLLOWER]|listeners:[], old=null
2023-07-16 18:57:17,820 [83d11254-7599-4cbf-9408-65e5a9156a74@group-7AC1EAAA5B8D-LeaderElection14] INFO  impl.LeaderElection (LeaderElection.java:askForVotes(323)) - 83d11254-7599-4cbf-9408-65e5a9156a74@group-7AC1EAAA5B8D-LeaderElection14 PRE_VOTE round 0: result PASSED (term=0)
2023-07-16 18:57:17,821 [0b1f3054-766a-487f-b63d-c6e216ac8926@group-3E4D33D197C0-LeaderElection13] INFO  impl.RoleInfo (RoleInfo.java:updateAndGet(139)) - 0b1f3054-766a-487f-b63d-c6e216ac8926: start 0b1f3054-766a-487f-b63d-c6e216ac8926@group-3E4D33D197C0-LeaderStateImpl
2023-07-16 18:57:17,821 [0b1f3054-766a-487f-b63d-c6e216ac8926@group-3E4D33D197C0-LeaderElection13] INFO  segmented.SegmentedRaftLogWorker (SegmentedRaftLogWorker.java:startLogSegment(447)) - 0b1f3054-766a-487f-b63d-c6e216ac8926@group-3E4D33D197C0-SegmentedRaftLogWorker: Starting segment from index:0
2023-07-16 18:57:17,822 [83d11254-7599-4cbf-9408-65e5a9156a74@group-7AC1EAAA5B8D-LeaderElection14] INFO  impl.LeaderElection (LeaderElection.java:askForVotes(321)) - 83d11254-7599-4cbf-9408-65e5a9156a74@group-7AC1EAAA5B8D-LeaderElection14 ELECTION round 0: submit vote requests at term 1 for -1: peers:[83d11254-7599-4cbf-9408-65e5a9156a74|rpc:10.1.0.14:15068|admin:10.1.0.14:15067|client:10.1.0.14:15066|dataStream:10.1.0.14:15069|priority:1|startupRole:FOLLOWER]|listeners:[], old=null
2023-07-16 18:57:17,822 [83d11254-7599-4cbf-9408-65e5a9156a74@group-7AC1EAAA5B8D-LeaderElection14] INFO  impl.LeaderElection (LeaderElection.java:askForVotes(323)) - 83d11254-7599-4cbf-9408-65e5a9156a74@group-7AC1EAAA5B8D-LeaderElection14 ELECTION round 0: result PASSED (term=1)
2023-07-16 18:57:17,822 [83d11254-7599-4cbf-9408-65e5a9156a74@group-7AC1EAAA5B8D-LeaderElection14] INFO  impl.RoleInfo (RoleInfo.java:shutdownLeaderElection(130)) - 83d11254-7599-4cbf-9408-65e5a9156a74: shutdown 83d11254-7599-4cbf-9408-65e5a9156a74@group-7AC1EAAA5B8D-LeaderElection14
2023-07-16 18:57:17,822 [83d11254-7599-4cbf-9408-65e5a9156a74@group-7AC1EAAA5B8D-LeaderElection14] INFO  server.RaftServer$Division (RaftServerImpl.java:setRole(329)) - 83d11254-7599-4cbf-9408-65e5a9156a74@group-7AC1EAAA5B8D: changes role from CANDIDATE to LEADER at term 1 for changeToLeader
2023-07-16 18:57:17,822 [83d11254-7599-4cbf-9408-65e5a9156a74@group-7AC1EAAA5B8D-LeaderElection14] INFO  ratis.XceiverServerRatis (XceiverServerRatis.java:handleLeaderChangedNotification(902)) - Leader change notification received for group: group-7AC1EAAA5B8D with new leaderId: 83d11254-7599-4cbf-9408-65e5a9156a74
2023-07-16 18:57:17,823 [0b1f3054-766a-487f-b63d-c6e216ac8926@group-3E4D33D197C0-SegmentedRaftLogWorker] INFO  segmented.SegmentedRaftLogWorker (SegmentedRaftLogWorker.java:execute(651)) - 0b1f3054-766a-487f-b63d-c6e216ac8926@group-3E4D33D197C0-SegmentedRaftLogWorker: created new log segment /home/runner/work/ozone/ozone/hadoop-ozone/integration-test/target/test-dir/MiniOzoneClusterImpl-8e52da8c-19f0-467e-9375-6950100829a3/datanode-5/data/ratis/1b43ab8b-e29b-44cb-8908-3e4d33d197c0/current/log_inprogress_0
2023-07-16 18:57:17,824 [83d11254-7599-4cbf-9408-65e5a9156a74@group-7AC1EAAA5B8D-LeaderElection14] INFO  server.RaftServer$Division (ServerState.java:setLeader(317)) - 83d11254-7599-4cbf-9408-65e5a9156a74@group-7AC1EAAA5B8D: change Leader from null to 83d11254-7599-4cbf-9408-65e5a9156a74 at term 1 for becomeLeader, leader elected after 5125ms
2023-07-16 18:57:17,824 [83d11254-7599-4cbf-9408-65e5a9156a74@group-7AC1EAAA5B8D-LeaderElection14] INFO  server.RaftServerConfigKeys (ConfUtils.java:logGet(46)) - raft.server.staging.catchup.gap = 1000 (default)
2023-07-16 18:57:17,824 [83d11254-7599-4cbf-9408-65e5a9156a74@group-7AC1EAAA5B8D-LeaderElection14] INFO  server.RaftServerConfigKeys (ConfUtils.java:logGet(46)) - raft.server.write.element-limit = 1024 (custom)
2023-07-16 18:57:17,824 [83d11254-7599-4cbf-9408-65e5a9156a74@group-7AC1EAAA5B8D-LeaderElection14] INFO  server.RaftServerConfigKeys (ConfUtils.java:logGet(46)) - raft.server.write.byte-limit = 1024 M (=1073741824) (custom)
2023-07-16 18:57:17,824 [83d11254-7599-4cbf-9408-65e5a9156a74@group-7AC1EAAA5B8D-LeaderElection14] INFO  server.RaftServerConfigKeys (ConfUtils.java:logGet(46)) - raft.server.watch.timeout = 180s (custom)
2023-07-16 18:57:17,824 [83d11254-7599-4cbf-9408-65e5a9156a74@group-7AC1EAAA5B8D-LeaderElection14] INFO  server.RaftServerConfigKeys (ConfUtils.java:logGet(46)) - raft.server.watch.timeout.denomination = 1s (default)
2023-07-16 18:57:17,824 [83d11254-7599-4cbf-9408-65e5a9156a74@group-7AC1EAAA5B8D-LeaderElection14] INFO  server.RaftServerConfigKeys (ConfUtils.java:logGet(46)) - raft.server.watch.element-limit = 65536 (default)
2023-07-16 18:57:17,825 [83d11254-7599-4cbf-9408-65e5a9156a74@group-7AC1EAAA5B8D-LeaderElection14] INFO  server.RaftServerConfigKeys (ConfUtils.java:logGet(46)) - raft.server.write.element-limit = 1024 (custom)
2023-07-16 18:57:17,825 [83d11254-7599-4cbf-9408-65e5a9156a74@group-7AC1EAAA5B8D-LeaderElection14] INFO  server.RaftServerConfigKeys (ConfUtils.java:logGet(46)) - raft.server.write.follower.gap.ratio.max = -1.0 (default)
2023-07-16 18:57:17,825 [83d11254-7599-4cbf-9408-65e5a9156a74@group-7AC1EAAA5B8D-LeaderElection14] INFO  impl.RoleInfo (RoleInfo.java:updateAndGet(139)) - 83d11254-7599-4cbf-9408-65e5a9156a74: start 83d11254-7599-4cbf-9408-65e5a9156a74@group-7AC1EAAA5B8D-LeaderStateImpl
2023-07-16 18:57:17,825 [83d11254-7599-4cbf-9408-65e5a9156a74@group-7AC1EAAA5B8D-LeaderElection14] INFO  segmented.SegmentedRaftLogWorker (SegmentedRaftLogWorker.java:startLogSegment(447)) - 83d11254-7599-4cbf-9408-65e5a9156a74@group-7AC1EAAA5B8D-SegmentedRaftLogWorker: Starting segment from index:0
2023-07-16 18:57:17,827 [83d11254-7599-4cbf-9408-65e5a9156a74@group-7AC1EAAA5B8D-SegmentedRaftLogWorker] INFO  segmented.SegmentedRaftLogWorker (SegmentedRaftLogWorker.java:execute(651)) - 83d11254-7599-4cbf-9408-65e5a9156a74@group-7AC1EAAA5B8D-SegmentedRaftLogWorker: created new log segment /home/runner/work/ozone/ozone/hadoop-ozone/integration-test/target/test-dir/MiniOzoneClusterImpl-8e52da8c-19f0-467e-9375-6950100829a3/datanode-6/data/ratis/68c2a2da-b435-4652-a078-7ac1eaaa5b8d/current/log_inprogress_0
2023-07-16 18:57:17,839 [0b1f3054-766a-487f-b63d-c6e216ac8926@group-3E4D33D197C0-LeaderElection13] INFO  server.RaftServer$Division (ServerState.java:setRaftConf(434)) - 0b1f3054-766a-487f-b63d-c6e216ac8926@group-3E4D33D197C0: set configuration 0: peers:[0b1f3054-766a-487f-b63d-c6e216ac8926|rpc:10.1.0.14:15059|admin:10.1.0.14:15058|client:10.1.0.14:15057|dataStream:10.1.0.14:15060|priority:1|startupRole:FOLLOWER]|listeners:[], old=null
2023-07-16 18:57:17,840 [83d11254-7599-4cbf-9408-65e5a9156a74@group-7AC1EAAA5B8D-LeaderElection14] INFO  server.RaftServer$Division (ServerState.java:setRaftConf(434)) - 83d11254-7599-4cbf-9408-65e5a9156a74@group-7AC1EAAA5B8D: set configuration 0: peers:[83d11254-7599-4cbf-9408-65e5a9156a74|rpc:10.1.0.14:15068|admin:10.1.0.14:15067|client:10.1.0.14:15066|dataStream:10.1.0.14:15069|priority:1|startupRole:FOLLOWER]|listeners:[], old=null
2023-07-16 18:57:17,915 [6a04ed34-8094-474b-9acd-b8edff3f6d46@group-02AEF562936D-FollowerState] INFO  impl.FollowerState (FollowerState.java:run(143)) - 6a04ed34-8094-474b-9acd-b8edff3f6d46@group-02AEF562936D-FollowerState: change to CANDIDATE, lastRpcElapsedTime:5089239082ns, electionTimeout:5086ms
2023-07-16 18:57:17,915 [6a04ed34-8094-474b-9acd-b8edff3f6d46@group-02AEF562936D-FollowerState] INFO  impl.RoleInfo (RoleInfo.java:shutdownFollowerState(110)) - 6a04ed34-8094-474b-9acd-b8edff3f6d46: shutdown 6a04ed34-8094-474b-9acd-b8edff3f6d46@group-02AEF562936D-FollowerState
2023-07-16 18:57:17,915 [6a04ed34-8094-474b-9acd-b8edff3f6d46@group-02AEF562936D-FollowerState] INFO  server.RaftServer$Division (RaftServerImpl.java:setRole(329)) - 6a04ed34-8094-474b-9acd-b8edff3f6d46@group-02AEF562936D: changes role from  FOLLOWER to CANDIDATE at term 0 for changeToCandidate
2023-07-16 18:57:17,916 [6a04ed34-8094-474b-9acd-b8edff3f6d46@group-02AEF562936D-FollowerState] INFO  server.RaftServerConfigKeys (ConfUtils.java:logGet(46)) - raft.server.leaderelection.pre-vote = true (default)
2023-07-16 18:57:17,916 [6a04ed34-8094-474b-9acd-b8edff3f6d46@group-02AEF562936D-FollowerState] INFO  impl.RoleInfo (RoleInfo.java:updateAndGet(139)) - 6a04ed34-8094-474b-9acd-b8edff3f6d46: start 6a04ed34-8094-474b-9acd-b8edff3f6d46@group-02AEF562936D-LeaderElection15
2023-07-16 18:57:17,916 [6a04ed34-8094-474b-9acd-b8edff3f6d46@group-02AEF562936D-LeaderElection15] INFO  impl.LeaderElection (LeaderElection.java:askForVotes(321)) - 6a04ed34-8094-474b-9acd-b8edff3f6d46@group-02AEF562936D-LeaderElection15 PRE_VOTE round 0: submit vote requests at term 0 for -1: peers:[2d677a35-33b0-4d15-8cfd-318274acedab|rpc:10.1.0.14:15077|admin:10.1.0.14:15076|client:10.1.0.14:15075|dataStream:10.1.0.14:15078|priority:0|startupRole:FOLLOWER, 6a04ed34-8094-474b-9acd-b8edff3f6d46|rpc:10.1.0.14:15086|admin:10.1.0.14:15085|client:10.1.0.14:15084|dataStream:10.1.0.14:15087|priority:1|startupRole:FOLLOWER, 83d11254-7599-4cbf-9408-65e5a9156a74|rpc:10.1.0.14:15068|admin:10.1.0.14:15067|client:10.1.0.14:15066|dataStream:10.1.0.14:15069|priority:0|startupRole:FOLLOWER]|listeners:[], old=null
2023-07-16 18:57:17,917 [6a04ed34-8094-474b-9acd-b8edff3f6d46@group-02AEF562936D-LeaderElection15-1] INFO  server.GrpcServerProtocolClient (GrpcServerProtocolClient.java:<init>(65)) - Build channel for 2d677a35-33b0-4d15-8cfd-318274acedab
2023-07-16 18:57:17,917 [6a04ed34-8094-474b-9acd-b8edff3f6d46@group-02AEF562936D-LeaderElection15] INFO  server.RaftServerConfigKeys (ConfUtils.java:logFallback(53)) - raft.server.rpc.first-election.timeout.min = 5s (fallback to raft.server.rpc.timeout.min)
2023-07-16 18:57:17,917 [6a04ed34-8094-474b-9acd-b8edff3f6d46@group-02AEF562936D-LeaderElection15] INFO  server.RaftServerConfigKeys (ConfUtils.java:logFallback(53)) - raft.server.rpc.first-election.timeout.max = 5200ms (fallback to raft.server.rpc.timeout.max)
2023-07-16 18:57:17,918 [6a04ed34-8094-474b-9acd-b8edff3f6d46@group-02AEF562936D-LeaderElection15-2] INFO  server.GrpcServerProtocolClient (GrpcServerProtocolClient.java:<init>(65)) - Build channel for 83d11254-7599-4cbf-9408-65e5a9156a74
2023-07-16 18:57:17,933 [grpc-default-executor-2] INFO  server.RaftServer$Division (RaftServerImpl.java:requestVote(1302)) - 2d677a35-33b0-4d15-8cfd-318274acedab@group-02AEF562936D: receive requestVote(PRE_VOTE, 6a04ed34-8094-474b-9acd-b8edff3f6d46, group-02AEF562936D, 0, (t:0, i:0))
2023-07-16 18:57:17,934 [grpc-default-executor-2] INFO  impl.VoteContext (VoteContext.java:log(49)) - 2d677a35-33b0-4d15-8cfd-318274acedab@group-02AEF562936D-FOLLOWER: accept PRE_VOTE from 6a04ed34-8094-474b-9acd-b8edff3f6d46: our priority 0 <= candidate's priority 1
2023-07-16 18:57:17,934 [grpc-default-executor-2] INFO  server.RaftServer$Division (RaftServerImpl.java:requestVote(1335)) - 2d677a35-33b0-4d15-8cfd-318274acedab@group-02AEF562936D replies to PRE_VOTE vote request: 6a04ed34-8094-474b-9acd-b8edff3f6d46<-2d677a35-33b0-4d15-8cfd-318274acedab#0:OK-t0. Peer's state: 2d677a35-33b0-4d15-8cfd-318274acedab@group-02AEF562936D:t0, leader=null, voted=, raftlog=Memoized:2d677a35-33b0-4d15-8cfd-318274acedab@group-02AEF562936D-SegmentedRaftLog:OPENED:c-1, conf=-1: peers:[2d677a35-33b0-4d15-8cfd-318274acedab|rpc:10.1.0.14:15077|admin:10.1.0.14:15076|client:10.1.0.14:15075|dataStream:10.1.0.14:15078|priority:0|startupRole:FOLLOWER, 6a04ed34-8094-474b-9acd-b8edff3f6d46|rpc:10.1.0.14:15086|admin:10.1.0.14:15085|client:10.1.0.14:15084|dataStream:10.1.0.14:15087|priority:1|startupRole:FOLLOWER, 83d11254-7599-4cbf-9408-65e5a9156a74|rpc:10.1.0.14:15068|admin:10.1.0.14:15067|client:10.1.0.14:15066|dataStream:10.1.0.14:15069|priority:0|startupRole:FOLLOWER]|listeners:[], old=null
2023-07-16 18:57:17,935 [6a04ed34-8094-474b-9acd-b8edff3f6d46@group-02AEF562936D-LeaderElection15] INFO  impl.LeaderElection (LeaderElection.java:logAndReturn(90)) - 6a04ed34-8094-474b-9acd-b8edff3f6d46@group-02AEF562936D-LeaderElection15: PRE_VOTE PASSED received 1 response(s) and 0 exception(s):
2023-07-16 18:57:17,935 [6a04ed34-8094-474b-9acd-b8edff3f6d46@group-02AEF562936D-LeaderElection15] INFO  impl.LeaderElection (LeaderElection.java:logAndReturn(94)) -   Response 0: 6a04ed34-8094-474b-9acd-b8edff3f6d46<-2d677a35-33b0-4d15-8cfd-318274acedab#0:OK-t0
2023-07-16 18:57:17,935 [6a04ed34-8094-474b-9acd-b8edff3f6d46@group-02AEF562936D-LeaderElection15] INFO  impl.LeaderElection (LeaderElection.java:askForVotes(323)) - 6a04ed34-8094-474b-9acd-b8edff3f6d46@group-02AEF562936D-LeaderElection15 PRE_VOTE round 0: result PASSED
2023-07-16 18:57:17,937 [6a04ed34-8094-474b-9acd-b8edff3f6d46@group-02AEF562936D-LeaderElection15] INFO  impl.LeaderElection (LeaderElection.java:askForVotes(321)) - 6a04ed34-8094-474b-9acd-b8edff3f6d46@group-02AEF562936D-LeaderElection15 ELECTION round 0: submit vote requests at term 1 for -1: peers:[2d677a35-33b0-4d15-8cfd-318274acedab|rpc:10.1.0.14:15077|admin:10.1.0.14:15076|client:10.1.0.14:15075|dataStream:10.1.0.14:15078|priority:0|startupRole:FOLLOWER, 6a04ed34-8094-474b-9acd-b8edff3f6d46|rpc:10.1.0.14:15086|admin:10.1.0.14:15085|client:10.1.0.14:15084|dataStream:10.1.0.14:15087|priority:1|startupRole:FOLLOWER, 83d11254-7599-4cbf-9408-65e5a9156a74|rpc:10.1.0.14:15068|admin:10.1.0.14:15067|client:10.1.0.14:15066|dataStream:10.1.0.14:15069|priority:0|startupRole:FOLLOWER]|listeners:[], old=null
2023-07-16 18:57:17,940 [6a04ed34-8094-474b-9acd-b8edff3f6d46@group-02AEF562936D-LeaderElection15] INFO  server.RaftServerConfigKeys (ConfUtils.java:logFallback(53)) - raft.server.rpc.first-election.timeout.min = 5s (fallback to raft.server.rpc.timeout.min)
2023-07-16 18:57:17,940 [6a04ed34-8094-474b-9acd-b8edff3f6d46@group-02AEF562936D-LeaderElection15] INFO  server.RaftServerConfigKeys (ConfUtils.java:logFallback(53)) - raft.server.rpc.first-election.timeout.max = 5200ms (fallback to raft.server.rpc.timeout.max)
2023-07-16 18:57:17,945 [grpc-default-executor-2] INFO  server.RaftServer$Division (RaftServerImpl.java:requestVote(1302)) - 83d11254-7599-4cbf-9408-65e5a9156a74@group-02AEF562936D: receive requestVote(PRE_VOTE, 6a04ed34-8094-474b-9acd-b8edff3f6d46, group-02AEF562936D, 0, (t:0, i:0))
2023-07-16 18:57:17,946 [grpc-default-executor-3] INFO  server.RaftServer$Division (RaftServerImpl.java:requestVote(1302)) - 83d11254-7599-4cbf-9408-65e5a9156a74@group-02AEF562936D: receive requestVote(ELECTION, 6a04ed34-8094-474b-9acd-b8edff3f6d46, group-02AEF562936D, 1, (t:0, i:0))
2023-07-16 18:57:17,947 [grpc-default-executor-3] INFO  impl.VoteContext (VoteContext.java:log(49)) - 83d11254-7599-4cbf-9408-65e5a9156a74@group-02AEF562936D-FOLLOWER: accept ELECTION from 6a04ed34-8094-474b-9acd-b8edff3f6d46: our priority 0 <= candidate's priority 1
2023-07-16 18:57:17,947 [grpc-default-executor-3] INFO  server.RaftServer$Division (RaftServerImpl.java:setRole(329)) - 83d11254-7599-4cbf-9408-65e5a9156a74@group-02AEF562936D: changes role from  FOLLOWER to FOLLOWER at term 1 for candidate:6a04ed34-8094-474b-9acd-b8edff3f6d46
2023-07-16 18:57:17,947 [grpc-default-executor-3] INFO  impl.RoleInfo (RoleInfo.java:shutdownFollowerState(110)) - 83d11254-7599-4cbf-9408-65e5a9156a74: shutdown 83d11254-7599-4cbf-9408-65e5a9156a74@group-02AEF562936D-FollowerState
2023-07-16 18:57:17,947 [grpc-default-executor-3] INFO  impl.RoleInfo (RoleInfo.java:updateAndGet(139)) - 83d11254-7599-4cbf-9408-65e5a9156a74: start 83d11254-7599-4cbf-9408-65e5a9156a74@group-02AEF562936D-FollowerState
2023-07-16 18:57:17,947 [83d11254-7599-4cbf-9408-65e5a9156a74@group-02AEF562936D-FollowerState] INFO  impl.FollowerState (FollowerState.java:run(152)) - 83d11254-7599-4cbf-9408-65e5a9156a74@group-02AEF562936D-FollowerState was interrupted
2023-07-16 18:57:17,947 [grpc-default-executor-5] INFO  server.RaftServer$Division (RaftServerImpl.java:requestVote(1302)) - 2d677a35-33b0-4d15-8cfd-318274acedab@group-02AEF562936D: receive requestVote(ELECTION, 6a04ed34-8094-474b-9acd-b8edff3f6d46, group-02AEF562936D, 1, (t:0, i:0))
2023-07-16 18:57:17,954 [2d677a35-33b0-4d15-8cfd-318274acedab@group-02AEF562936D-FollowerState] INFO  server.RaftServerConfigKeys (ConfUtils.java:logFallback(53)) - raft.server.rpc.first-election.timeout.min = 5s (fallback to raft.server.rpc.timeout.min)
2023-07-16 18:57:17,954 [2d677a35-33b0-4d15-8cfd-318274acedab@group-02AEF562936D-FollowerState] INFO  server.RaftServerConfigKeys (ConfUtils.java:logFallback(53)) - raft.server.rpc.first-election.timeout.max = 5200ms (fallback to raft.server.rpc.timeout.max)
2023-07-16 18:57:17,954 [grpc-default-executor-5] INFO  impl.VoteContext (VoteContext.java:log(49)) - 2d677a35-33b0-4d15-8cfd-318274acedab@group-02AEF562936D-FOLLOWER: accept ELECTION from 6a04ed34-8094-474b-9acd-b8edff3f6d46: our priority 0 <= candidate's priority 1
2023-07-16 18:57:17,954 [grpc-default-executor-5] INFO  server.RaftServer$Division (RaftServerImpl.java:setRole(329)) - 2d677a35-33b0-4d15-8cfd-318274acedab@group-02AEF562936D: changes role from  FOLLOWER to FOLLOWER at term 1 for candidate:6a04ed34-8094-474b-9acd-b8edff3f6d46
2023-07-16 18:57:17,954 [grpc-default-executor-3] INFO  server.RaftServer$Division (RaftServerImpl.java:requestVote(1335)) - 83d11254-7599-4cbf-9408-65e5a9156a74@group-02AEF562936D replies to ELECTION vote request: 6a04ed34-8094-474b-9acd-b8edff3f6d46<-83d11254-7599-4cbf-9408-65e5a9156a74#0:OK-t1. Peer's state: 83d11254-7599-4cbf-9408-65e5a9156a74@group-02AEF562936D:t1, leader=null, voted=6a04ed34-8094-474b-9acd-b8edff3f6d46, raftlog=Memoized:83d11254-7599-4cbf-9408-65e5a9156a74@group-02AEF562936D-SegmentedRaftLog:OPENED:c-1, conf=-1: peers:[2d677a35-33b0-4d15-8cfd-318274acedab|rpc:10.1.0.14:15077|admin:10.1.0.14:15076|client:10.1.0.14:15075|dataStream:10.1.0.14:15078|priority:0|startupRole:FOLLOWER, 6a04ed34-8094-474b-9acd-b8edff3f6d46|rpc:10.1.0.14:15086|admin:10.1.0.14:15085|client:10.1.0.14:15084|dataStream:10.1.0.14:15087|priority:1|startupRole:FOLLOWER, 83d11254-7599-4cbf-9408-65e5a9156a74|rpc:10.1.0.14:15068|admin:10.1.0.14:15067|client:10.1.0.14:15066|dataStream:10.1.0.14:15069|priority:0|startupRole:FOLLOWER]|listeners:[], old=null
2023-07-16 18:57:17,954 [grpc-default-executor-5] INFO  impl.RoleInfo (RoleInfo.java:shutdownFollowerState(110)) - 2d677a35-33b0-4d15-8cfd-318274acedab: shutdown 2d677a35-33b0-4d15-8cfd-318274acedab@group-02AEF562936D-FollowerState
2023-07-16 18:57:17,955 [grpc-default-executor-5] INFO  impl.RoleInfo (RoleInfo.java:updateAndGet(139)) - 2d677a35-33b0-4d15-8cfd-318274acedab: start 2d677a35-33b0-4d15-8cfd-318274acedab@group-02AEF562936D-FollowerState
2023-07-16 18:57:17,955 [2d677a35-33b0-4d15-8cfd-318274acedab@group-02AEF562936D-FollowerState] INFO  impl.FollowerState (FollowerState.java:run(152)) - 2d677a35-33b0-4d15-8cfd-318274acedab@group-02AEF562936D-FollowerState was interrupted
2023-07-16 18:57:17,955 [grpc-default-executor-2] INFO  impl.VoteContext (VoteContext.java:log(49)) - 83d11254-7599-4cbf-9408-65e5a9156a74@group-02AEF562936D-FOLLOWER: accept PRE_VOTE from 6a04ed34-8094-474b-9acd-b8edff3f6d46: our priority 0 <= candidate's priority 1
2023-07-16 18:57:17,955 [grpc-default-executor-2] INFO  server.RaftServer$Division (RaftServerImpl.java:requestVote(1335)) - 83d11254-7599-4cbf-9408-65e5a9156a74@group-02AEF562936D replies to PRE_VOTE vote request: 6a04ed34-8094-474b-9acd-b8edff3f6d46<-83d11254-7599-4cbf-9408-65e5a9156a74#0:OK-t1. Peer's state: 83d11254-7599-4cbf-9408-65e5a9156a74@group-02AEF562936D:t1, leader=null, voted=6a04ed34-8094-474b-9acd-b8edff3f6d46, raftlog=Memoized:83d11254-7599-4cbf-9408-65e5a9156a74@group-02AEF562936D-SegmentedRaftLog:OPENED:c-1, conf=-1: peers:[2d677a35-33b0-4d15-8cfd-318274acedab|rpc:10.1.0.14:15077|admin:10.1.0.14:15076|client:10.1.0.14:15075|dataStream:10.1.0.14:15078|priority:0|startupRole:FOLLOWER, 6a04ed34-8094-474b-9acd-b8edff3f6d46|rpc:10.1.0.14:15086|admin:10.1.0.14:15085|client:10.1.0.14:15084|dataStream:10.1.0.14:15087|priority:1|startupRole:FOLLOWER, 83d11254-7599-4cbf-9408-65e5a9156a74|rpc:10.1.0.14:15068|admin:10.1.0.14:15067|client:10.1.0.14:15066|dataStream:10.1.0.14:15069|priority:0|startupRole:FOLLOWER]|listeners:[], old=null
2023-07-16 18:57:17,959 [6a04ed34-8094-474b-9acd-b8edff3f6d46@group-02AEF562936D-LeaderElection15] INFO  impl.LeaderElection (LeaderElection.java:logAndReturn(90)) - 6a04ed34-8094-474b-9acd-b8edff3f6d46@group-02AEF562936D-LeaderElection15: ELECTION PASSED received 1 response(s) and 0 exception(s):
2023-07-16 18:57:17,959 [6a04ed34-8094-474b-9acd-b8edff3f6d46@group-02AEF562936D-LeaderElection15] INFO  impl.LeaderElection (LeaderElection.java:logAndReturn(94)) -   Response 0: 6a04ed34-8094-474b-9acd-b8edff3f6d46<-83d11254-7599-4cbf-9408-65e5a9156a74#0:OK-t1
2023-07-16 18:57:17,959 [6a04ed34-8094-474b-9acd-b8edff3f6d46@group-02AEF562936D-LeaderElection15] INFO  impl.LeaderElection (LeaderElection.java:askForVotes(323)) - 6a04ed34-8094-474b-9acd-b8edff3f6d46@group-02AEF562936D-LeaderElection15 ELECTION round 0: result PASSED
2023-07-16 18:57:17,959 [6a04ed34-8094-474b-9acd-b8edff3f6d46@group-02AEF562936D-LeaderElection15] INFO  impl.RoleInfo (RoleInfo.java:shutdownLeaderElection(130)) - 6a04ed34-8094-474b-9acd-b8edff3f6d46: shutdown 6a04ed34-8094-474b-9acd-b8edff3f6d46@group-02AEF562936D-LeaderElection15
2023-07-16 18:57:17,959 [6a04ed34-8094-474b-9acd-b8edff3f6d46@group-02AEF562936D-LeaderElection15] INFO  server.RaftServer$Division (RaftServerImpl.java:setRole(329)) - 6a04ed34-8094-474b-9acd-b8edff3f6d46@group-02AEF562936D: changes role from CANDIDATE to LEADER at term 1 for changeToLeader
2023-07-16 18:57:17,959 [6a04ed34-8094-474b-9acd-b8edff3f6d46@group-02AEF562936D-LeaderElection15] INFO  ratis.XceiverServerRatis (XceiverServerRatis.java:handleLeaderChangedNotification(902)) - Leader change notification received for group: group-02AEF562936D with new leaderId: 6a04ed34-8094-474b-9acd-b8edff3f6d46
2023-07-16 18:57:17,960 [6a04ed34-8094-474b-9acd-b8edff3f6d46@group-02AEF562936D-LeaderElection15] INFO  server.RaftServer$Division (ServerState.java:setLeader(317)) - 6a04ed34-8094-474b-9acd-b8edff3f6d46@group-02AEF562936D: change Leader from null to 6a04ed34-8094-474b-9acd-b8edff3f6d46 at term 1 for becomeLeader, leader elected after 5162ms
2023-07-16 18:57:17,960 [6a04ed34-8094-474b-9acd-b8edff3f6d46@group-02AEF562936D-LeaderElection15] INFO  server.RaftServerConfigKeys (ConfUtils.java:logGet(46)) - raft.server.staging.catchup.gap = 1000 (default)
2023-07-16 18:57:17,960 [6a04ed34-8094-474b-9acd-b8edff3f6d46@group-02AEF562936D-LeaderElection15] INFO  server.RaftServerConfigKeys (ConfUtils.java:logGet(46)) - raft.server.write.element-limit = 1024 (custom)
2023-07-16 18:57:17,960 [6a04ed34-8094-474b-9acd-b8edff3f6d46@group-02AEF562936D-LeaderElection15] INFO  server.RaftServerConfigKeys (ConfUtils.java:logGet(46)) - raft.server.write.byte-limit = 1024 M (=1073741824) (custom)
2023-07-16 18:57:17,961 [6a04ed34-8094-474b-9acd-b8edff3f6d46@group-02AEF562936D-LeaderElection15] INFO  server.RaftServerConfigKeys (ConfUtils.java:logGet(46)) - raft.server.watch.timeout = 180s (custom)
2023-07-16 18:57:17,961 [6a04ed34-8094-474b-9acd-b8edff3f6d46@group-02AEF562936D-LeaderElection15] INFO  server.RaftServerConfigKeys (ConfUtils.java:logGet(46)) - raft.server.watch.timeout.denomination = 1s (default)
2023-07-16 18:57:17,961 [6a04ed34-8094-474b-9acd-b8edff3f6d46@group-02AEF562936D-LeaderElection15] INFO  server.RaftServerConfigKeys (ConfUtils.java:logGet(46)) - raft.server.watch.element-limit = 65536 (default)
2023-07-16 18:57:17,961 [6a04ed34-8094-474b-9acd-b8edff3f6d46@group-02AEF562936D-LeaderElection15] INFO  server.RaftServerConfigKeys (ConfUtils.java:logGet(46)) - raft.server.write.element-limit = 1024 (custom)
2023-07-16 18:57:17,961 [6a04ed34-8094-474b-9acd-b8edff3f6d46@group-02AEF562936D-LeaderElection15] INFO  server.RaftServerConfigKeys (ConfUtils.java:logGet(46)) - raft.server.write.follower.gap.ratio.max = -1.0 (default)
2023-07-16 18:57:17,962 [6a04ed34-8094-474b-9acd-b8edff3f6d46@group-02AEF562936D-LeaderElection15] INFO  server.RaftServerConfigKeys (ConfUtils.java:logGet(46)) - raft.server.log.appender.snapshot.chunk.size.max = 16MB (=16777216) (default)
2023-07-16 18:57:17,962 [6a04ed34-8094-474b-9acd-b8edff3f6d46@group-02AEF562936D-LeaderElection15] INFO  server.RaftServerConfigKeys (ConfUtils.java:logGet(46)) - raft.server.log.appender.buffer.byte-limit = 33554432 (custom)
2023-07-16 18:57:17,962 [6a04ed34-8094-474b-9acd-b8edff3f6d46@group-02AEF562936D-LeaderElection15] INFO  server.RaftServerConfigKeys (ConfUtils.java:logGet(46)) - raft.server.log.appender.buffer.element-limit = 1 (custom)
2023-07-16 18:57:17,962 [6a04ed34-8094-474b-9acd-b8edff3f6d46@group-02AEF562936D-LeaderElection15] INFO  server.RaftServerConfigKeys (ConfUtils.java:logGet(46)) - raft.server.log.appender.wait-time.min = 10ms (default)
2023-07-16 18:57:17,962 [6a04ed34-8094-474b-9acd-b8edff3f6d46@group-02AEF562936D-LeaderElection15] INFO  grpc.GrpcConfigKeys (ConfUtils.java:logGet(46)) - raft.grpc.server.leader.outstanding.appends.max = 128 (default)
2023-07-16 18:57:17,962 [6a04ed34-8094-474b-9acd-b8edff3f6d46@group-02AEF562936D-LeaderElection15] INFO  server.RaftServerConfigKeys (ConfUtils.java:logGet(46)) - raft.server.rpc.request.timeout = 60s (custom)
2023-07-16 18:57:17,962 [6a04ed34-8094-474b-9acd-b8edff3f6d46@group-02AEF562936D-LeaderElection15] INFO  grpc.GrpcConfigKeys (ConfUtils.java:logGet(46)) - raft.grpc.server.install_snapshot.request.element-limit = 8 (default)
2023-07-16 18:57:17,962 [6a04ed34-8094-474b-9acd-b8edff3f6d46@group-02AEF562936D-LeaderElection15] INFO  grpc.GrpcConfigKeys (ConfUtils.java:logGet(46)) - raft.grpc.server.install_snapshot.request.timeout = 3000ms (default)
2023-07-16 18:57:17,962 [6a04ed34-8094-474b-9acd-b8edff3f6d46@group-02AEF562936D-LeaderElection15] INFO  server.RaftServerConfigKeys (ConfUtils.java:logGet(46)) - raft.server.log.appender.install.snapshot.enabled = false (custom)
2023-07-16 18:57:17,962 [EventQueue-PipelineReportForPipelineReportHandler] INFO  pipeline.PipelineReportHandler (PipelineReportHandler.java:processPipelineReport(136)) - Opened pipeline PipelineID=3b8ba39d-10d1-403b-8c95-02aef562936d
2023-07-16 18:57:17,962 [83d11254-7599-4cbf-9408-65e5a9156a74@group-D59098DAC26D-FollowerState] INFO  impl.FollowerState (FollowerState.java:run(143)) - 83d11254-7599-4cbf-9408-65e5a9156a74@group-D59098DAC26D-FollowerState: change to CANDIDATE, lastRpcElapsedTime:5023867099ns, electionTimeout:5018ms
2023-07-16 18:57:17,962 [83d11254-7599-4cbf-9408-65e5a9156a74@group-D59098DAC26D-FollowerState] INFO  impl.RoleInfo (RoleInfo.java:shutdownFollowerState(110)) - 83d11254-7599-4cbf-9408-65e5a9156a74: shutdown 83d11254-7599-4cbf-9408-65e5a9156a74@group-D59098DAC26D-FollowerState
2023-07-16 18:57:17,963 [83d11254-7599-4cbf-9408-65e5a9156a74@group-D59098DAC26D-FollowerState] INFO  server.RaftServer$Division (RaftServerImpl.java:setRole(329)) - 83d11254-7599-4cbf-9408-65e5a9156a74@group-D59098DAC26D: changes role from  FOLLOWER to CANDIDATE at term 0 for changeToCandidate
2023-07-16 18:57:17,963 [83d11254-7599-4cbf-9408-65e5a9156a74@group-D59098DAC26D-FollowerState] INFO  server.RaftServerConfigKeys (ConfUtils.java:logGet(46)) - raft.server.leaderelection.pre-vote = true (default)
2023-07-16 18:57:17,963 [83d11254-7599-4cbf-9408-65e5a9156a74@group-D59098DAC26D-FollowerState] INFO  impl.RoleInfo (RoleInfo.java:updateAndGet(139)) - 83d11254-7599-4cbf-9408-65e5a9156a74: start 83d11254-7599-4cbf-9408-65e5a9156a74@group-D59098DAC26D-LeaderElection16
2023-07-16 18:57:17,961 [grpc-default-executor-5] INFO  server.RaftServer$Division (RaftServerImpl.java:requestVote(1335)) - 2d677a35-33b0-4d15-8cfd-318274acedab@group-02AEF562936D replies to ELECTION vote request: 6a04ed34-8094-474b-9acd-b8edff3f6d46<-2d677a35-33b0-4d15-8cfd-318274acedab#0:OK-t1. Peer's state: 2d677a35-33b0-4d15-8cfd-318274acedab@group-02AEF562936D:t1, leader=null, voted=6a04ed34-8094-474b-9acd-b8edff3f6d46, raftlog=Memoized:2d677a35-33b0-4d15-8cfd-318274acedab@group-02AEF562936D-SegmentedRaftLog:OPENED:c-1, conf=-1: peers:[2d677a35-33b0-4d15-8cfd-318274acedab|rpc:10.1.0.14:15077|admin:10.1.0.14:15076|client:10.1.0.14:15075|dataStream:10.1.0.14:15078|priority:0|startupRole:FOLLOWER, 6a04ed34-8094-474b-9acd-b8edff3f6d46|rpc:10.1.0.14:15086|admin:10.1.0.14:15085|client:10.1.0.14:15084|dataStream:10.1.0.14:15087|priority:1|startupRole:FOLLOWER, 83d11254-7599-4cbf-9408-65e5a9156a74|rpc:10.1.0.14:15068|admin:10.1.0.14:15067|client:10.1.0.14:15066|dataStream:10.1.0.14:15069|priority:0|startupRole:FOLLOWER]|listeners:[], old=null
2023-07-16 18:57:17,962 [6a04ed34-8094-474b-9acd-b8edff3f6d46@group-02AEF562936D-LeaderElection15] INFO  grpc.GrpcConfigKeys (ConfUtils.java:logGet(46)) - raft.grpc.server.heartbeat.channel = true (default)
2023-07-16 18:57:17,965 [6a04ed34-8094-474b-9acd-b8edff3f6d46@group-02AEF562936D-LeaderElection15] INFO  server.RaftServerConfigKeys (ConfUtils.java:logGet(46)) - raft.server.log.appender.snapshot.chunk.size.max = 16MB (=16777216) (default)
2023-07-16 18:57:17,965 [6a04ed34-8094-474b-9acd-b8edff3f6d46@group-02AEF562936D-LeaderElection15] INFO  server.RaftServerConfigKeys (ConfUtils.java:logGet(46)) - raft.server.log.appender.buffer.byte-limit = 33554432 (custom)
2023-07-16 18:57:17,965 [6a04ed34-8094-474b-9acd-b8edff3f6d46@group-02AEF562936D-LeaderElection15] INFO  server.RaftServerConfigKeys (ConfUtils.java:logGet(46)) - raft.server.log.appender.buffer.element-limit = 1 (custom)
2023-07-16 18:57:17,969 [6a04ed34-8094-474b-9acd-b8edff3f6d46@group-02AEF562936D-LeaderElection15] INFO  server.RaftServerConfigKeys (ConfUtils.java:logGet(46)) - raft.server.log.appender.wait-time.min = 10ms (default)
2023-07-16 18:57:17,969 [6a04ed34-8094-474b-9acd-b8edff3f6d46@group-02AEF562936D-LeaderElection15] INFO  grpc.GrpcConfigKeys (ConfUtils.java:logGet(46)) - raft.grpc.server.leader.outstanding.appends.max = 128 (default)
2023-07-16 18:57:17,969 [6a04ed34-8094-474b-9acd-b8edff3f6d46@group-02AEF562936D-LeaderElection15] INFO  server.RaftServerConfigKeys (ConfUtils.java:logGet(46)) - raft.server.rpc.request.timeout = 60s (custom)
2023-07-16 18:57:17,969 [6a04ed34-8094-474b-9acd-b8edff3f6d46@group-02AEF562936D-LeaderElection15] INFO  grpc.GrpcConfigKeys (ConfUtils.java:logGet(46)) - raft.grpc.server.install_snapshot.request.element-limit = 8 (default)
2023-07-16 18:57:17,969 [6a04ed34-8094-474b-9acd-b8edff3f6d46@group-02AEF562936D-LeaderElection15] INFO  grpc.GrpcConfigKeys (ConfUtils.java:logGet(46)) - raft.grpc.server.install_snapshot.request.timeout = 3000ms (default)
2023-07-16 18:57:17,969 [6a04ed34-8094-474b-9acd-b8edff3f6d46@group-02AEF562936D-LeaderElection15] INFO  server.RaftServerConfigKeys (ConfUtils.java:logGet(46)) - raft.server.log.appender.install.snapshot.enabled = false (custom)
2023-07-16 18:57:17,969 [6a04ed34-8094-474b-9acd-b8edff3f6d46@group-02AEF562936D-LeaderElection15] INFO  grpc.GrpcConfigKeys (ConfUtils.java:logGet(46)) - raft.grpc.server.heartbeat.channel = true (default)
2023-07-16 18:57:17,976 [6a04ed34-8094-474b-9acd-b8edff3f6d46@group-02AEF562936D-LeaderElection15] INFO  impl.RoleInfo (RoleInfo.java:updateAndGet(139)) - 6a04ed34-8094-474b-9acd-b8edff3f6d46: start 6a04ed34-8094-474b-9acd-b8edff3f6d46@group-02AEF562936D-LeaderStateImpl
2023-07-16 18:57:17,984 [6a04ed34-8094-474b-9acd-b8edff3f6d46@group-02AEF562936D-LeaderElection15] INFO  segmented.SegmentedRaftLogWorker (SegmentedRaftLogWorker.java:startLogSegment(447)) - 6a04ed34-8094-474b-9acd-b8edff3f6d46@group-02AEF562936D-SegmentedRaftLogWorker: Starting segment from index:0
2023-07-16 18:57:17,985 [6a04ed34-8094-474b-9acd-b8edff3f6d46@group-02AEF562936D-SegmentedRaftLogWorker] INFO  segmented.SegmentedRaftLogWorker (SegmentedRaftLogWorker.java:execute(651)) - 6a04ed34-8094-474b-9acd-b8edff3f6d46@group-02AEF562936D-SegmentedRaftLogWorker: created new log segment /home/runner/work/ozone/ozone/hadoop-ozone/integration-test/target/test-dir/MiniOzoneClusterImpl-8e52da8c-19f0-467e-9375-6950100829a3/datanode-8/data/ratis/3b8ba39d-10d1-403b-8c95-02aef562936d/current/log_inprogress_0
2023-07-16 18:57:18,009 [83d11254-7599-4cbf-9408-65e5a9156a74@group-D59098DAC26D-LeaderElection16] INFO  impl.LeaderElection (LeaderElection.java:askForVotes(321)) - 83d11254-7599-4cbf-9408-65e5a9156a74@group-D59098DAC26D-LeaderElection16 PRE_VOTE round 0: submit vote requests at term 0 for -1: peers:[2d677a35-33b0-4d15-8cfd-318274acedab|rpc:10.1.0.14:15077|admin:10.1.0.14:15076|client:10.1.0.14:15075|dataStream:10.1.0.14:15078|priority:1|startupRole:FOLLOWER, 6a04ed34-8094-474b-9acd-b8edff3f6d46|rpc:10.1.0.14:15086|admin:10.1.0.14:15085|client:10.1.0.14:15084|dataStream:10.1.0.14:15087|priority:0|startupRole:FOLLOWER, 83d11254-7599-4cbf-9408-65e5a9156a74|rpc:10.1.0.14:15068|admin:10.1.0.14:15067|client:10.1.0.14:15066|dataStream:10.1.0.14:15069|priority:0|startupRole:FOLLOWER]|listeners:[], old=null
2023-07-16 18:57:18,009 [6a04ed34-8094-474b-9acd-b8edff3f6d46@group-02AEF562936D-LeaderElection15] INFO  server.RaftServer$Division (ServerState.java:setRaftConf(434)) - 6a04ed34-8094-474b-9acd-b8edff3f6d46@group-02AEF562936D: set configuration 0: peers:[2d677a35-33b0-4d15-8cfd-318274acedab|rpc:10.1.0.14:15077|admin:10.1.0.14:15076|client:10.1.0.14:15075|dataStream:10.1.0.14:15078|priority:0|startupRole:FOLLOWER, 6a04ed34-8094-474b-9acd-b8edff3f6d46|rpc:10.1.0.14:15086|admin:10.1.0.14:15085|client:10.1.0.14:15084|dataStream:10.1.0.14:15087|priority:1|startupRole:FOLLOWER, 83d11254-7599-4cbf-9408-65e5a9156a74|rpc:10.1.0.14:15068|admin:10.1.0.14:15067|client:10.1.0.14:15066|dataStream:10.1.0.14:15069|priority:0|startupRole:FOLLOWER]|listeners:[], old=null
2023-07-16 18:57:18,010 [2d677a35-33b0-4d15-8cfd-318274acedab-server-thread1] INFO  ratis.XceiverServerRatis (XceiverServerRatis.java:handleLeaderChangedNotification(902)) - Leader change notification received for group: group-02AEF562936D with new leaderId: 6a04ed34-8094-474b-9acd-b8edff3f6d46
2023-07-16 18:57:18,010 [2d677a35-33b0-4d15-8cfd-318274acedab-server-thread1] INFO  server.RaftServer$Division (ServerState.java:setLeader(317)) - 2d677a35-33b0-4d15-8cfd-318274acedab@group-02AEF562936D: change Leader from null to 6a04ed34-8094-474b-9acd-b8edff3f6d46 at term 1 for appendEntries, leader elected after 5149ms
2023-07-16 18:57:18,014 [grpc-default-executor-2] INFO  server.RaftServer$Division (RaftServerImpl.java:requestVote(1302)) - 2d677a35-33b0-4d15-8cfd-318274acedab@group-D59098DAC26D: receive requestVote(PRE_VOTE, 83d11254-7599-4cbf-9408-65e5a9156a74, group-D59098DAC26D, 0, (t:0, i:0))
2023-07-16 18:57:18,015 [grpc-default-executor-2] INFO  impl.VoteContext (VoteContext.java:log(49)) - 2d677a35-33b0-4d15-8cfd-318274acedab@group-D59098DAC26D-FOLLOWER: reject PRE_VOTE from 83d11254-7599-4cbf-9408-65e5a9156a74: our priority 1 > candidate's priority 0
2023-07-16 18:57:18,015 [grpc-default-executor-2] INFO  server.RaftServer$Division (RaftServerImpl.java:requestVote(1335)) - 2d677a35-33b0-4d15-8cfd-318274acedab@group-D59098DAC26D replies to PRE_VOTE vote request: 83d11254-7599-4cbf-9408-65e5a9156a74<-2d677a35-33b0-4d15-8cfd-318274acedab#0:FAIL-t0. Peer's state: 2d677a35-33b0-4d15-8cfd-318274acedab@group-D59098DAC26D:t0, leader=null, voted=, raftlog=Memoized:2d677a35-33b0-4d15-8cfd-318274acedab@group-D59098DAC26D-SegmentedRaftLog:OPENED:c-1, conf=-1: peers:[2d677a35-33b0-4d15-8cfd-318274acedab|rpc:10.1.0.14:15077|admin:10.1.0.14:15076|client:10.1.0.14:15075|dataStream:10.1.0.14:15078|priority:1|startupRole:FOLLOWER, 6a04ed34-8094-474b-9acd-b8edff3f6d46|rpc:10.1.0.14:15086|admin:10.1.0.14:15085|client:10.1.0.14:15084|dataStream:10.1.0.14:15087|priority:0|startupRole:FOLLOWER, 83d11254-7599-4cbf-9408-65e5a9156a74|rpc:10.1.0.14:15068|admin:10.1.0.14:15067|client:10.1.0.14:15066|dataStream:10.1.0.14:15069|priority:0|startupRole:FOLLOWER]|listeners:[], old=null
2023-07-16 18:57:18,024 [83d11254-7599-4cbf-9408-65e5a9156a74@group-D59098DAC26D-LeaderElection16] INFO  server.RaftServerConfigKeys (ConfUtils.java:logFallback(53)) - raft.server.rpc.first-election.timeout.min = 5s (fallback to raft.server.rpc.timeout.min)
2023-07-16 18:57:18,024 [83d11254-7599-4cbf-9408-65e5a9156a74@group-D59098DAC26D-LeaderElection16] INFO  server.RaftServerConfigKeys (ConfUtils.java:logFallback(53)) - raft.server.rpc.first-election.timeout.max = 5200ms (fallback to raft.server.rpc.timeout.max)
2023-07-16 18:57:18,025 [83d11254-7599-4cbf-9408-65e5a9156a74@group-D59098DAC26D-LeaderElection16] INFO  impl.LeaderElection (LeaderElection.java:logAndReturn(90)) - 83d11254-7599-4cbf-9408-65e5a9156a74@group-D59098DAC26D-LeaderElection16: PRE_VOTE REJECTED received 1 response(s) and 0 exception(s):
2023-07-16 18:57:18,025 [83d11254-7599-4cbf-9408-65e5a9156a74@group-D59098DAC26D-LeaderElection16] INFO  impl.LeaderElection (LeaderElection.java:logAndReturn(94)) -   Response 0: 83d11254-7599-4cbf-9408-65e5a9156a74<-2d677a35-33b0-4d15-8cfd-318274acedab#0:FAIL-t0
2023-07-16 18:57:18,025 [83d11254-7599-4cbf-9408-65e5a9156a74@group-D59098DAC26D-LeaderElection16] INFO  impl.LeaderElection (LeaderElection.java:askForVotes(323)) - 83d11254-7599-4cbf-9408-65e5a9156a74@group-D59098DAC26D-LeaderElection16 PRE_VOTE round 0: result REJECTED
2023-07-16 18:57:18,025 [83d11254-7599-4cbf-9408-65e5a9156a74@group-D59098DAC26D-LeaderElection16] INFO  server.RaftServer$Division (RaftServerImpl.java:setRole(329)) - 83d11254-7599-4cbf-9408-65e5a9156a74@group-D59098DAC26D: changes role from CANDIDATE to FOLLOWER at term 0 for REJECTED
2023-07-16 18:57:18,025 [83d11254-7599-4cbf-9408-65e5a9156a74@group-D59098DAC26D-LeaderElection16] INFO  impl.RoleInfo (RoleInfo.java:shutdownLeaderElection(130)) - 83d11254-7599-4cbf-9408-65e5a9156a74: shutdown 83d11254-7599-4cbf-9408-65e5a9156a74@group-D59098DAC26D-LeaderElection16
2023-07-16 18:57:18,025 [83d11254-7599-4cbf-9408-65e5a9156a74@group-D59098DAC26D-LeaderElection16] INFO  impl.RoleInfo (RoleInfo.java:updateAndGet(139)) - 83d11254-7599-4cbf-9408-65e5a9156a74: start 83d11254-7599-4cbf-9408-65e5a9156a74@group-D59098DAC26D-FollowerState
2023-07-16 18:57:18,034 [grpc-default-executor-4] INFO  server.RaftServer$Division (RaftServerImpl.java:requestVote(1302)) - 6a04ed34-8094-474b-9acd-b8edff3f6d46@group-D59098DAC26D: receive requestVote(PRE_VOTE, 83d11254-7599-4cbf-9408-65e5a9156a74, group-D59098DAC26D, 0, (t:0, i:0))
2023-07-16 18:57:18,034 [grpc-default-executor-4] INFO  impl.VoteContext (VoteContext.java:log(49)) - 6a04ed34-8094-474b-9acd-b8edff3f6d46@group-D59098DAC26D-FOLLOWER: accept PRE_VOTE from 83d11254-7599-4cbf-9408-65e5a9156a74: our priority 0 <= candidate's priority 0
2023-07-16 18:57:18,034 [grpc-default-executor-4] INFO  server.RaftServer$Division (RaftServerImpl.java:requestVote(1335)) - 6a04ed34-8094-474b-9acd-b8edff3f6d46@group-D59098DAC26D replies to PRE_VOTE vote request: 83d11254-7599-4cbf-9408-65e5a9156a74<-6a04ed34-8094-474b-9acd-b8edff3f6d46#0:OK-t0. Peer's state: 6a04ed34-8094-474b-9acd-b8edff3f6d46@group-D59098DAC26D:t0, leader=null, voted=, raftlog=Memoized:6a04ed34-8094-474b-9acd-b8edff3f6d46@group-D59098DAC26D-SegmentedRaftLog:OPENED:c-1, conf=-1: peers:[2d677a35-33b0-4d15-8cfd-318274acedab|rpc:10.1.0.14:15077|admin:10.1.0.14:15076|client:10.1.0.14:15075|dataStream:10.1.0.14:15078|priority:1|startupRole:FOLLOWER, 6a04ed34-8094-474b-9acd-b8edff3f6d46|rpc:10.1.0.14:15086|admin:10.1.0.14:15085|client:10.1.0.14:15084|dataStream:10.1.0.14:15087|priority:0|startupRole:FOLLOWER, 83d11254-7599-4cbf-9408-65e5a9156a74|rpc:10.1.0.14:15068|admin:10.1.0.14:15067|client:10.1.0.14:15066|dataStream:10.1.0.14:15069|priority:0|startupRole:FOLLOWER]|listeners:[], old=null
2023-07-16 18:57:18,035 [2d677a35-33b0-4d15-8cfd-318274acedab@group-D59098DAC26D-FollowerState] INFO  impl.FollowerState (FollowerState.java:run(143)) - 2d677a35-33b0-4d15-8cfd-318274acedab@group-D59098DAC26D-FollowerState: change to CANDIDATE, lastRpcElapsedTime:5052759123ns, electionTimeout:5041ms
2023-07-16 18:57:18,035 [2d677a35-33b0-4d15-8cfd-318274acedab@group-D59098DAC26D-FollowerState] INFO  impl.RoleInfo (RoleInfo.java:shutdownFollowerState(110)) - 2d677a35-33b0-4d15-8cfd-318274acedab: shutdown 2d677a35-33b0-4d15-8cfd-318274acedab@group-D59098DAC26D-FollowerState
2023-07-16 18:57:18,035 [2d677a35-33b0-4d15-8cfd-318274acedab@group-D59098DAC26D-FollowerState] INFO  server.RaftServer$Division (RaftServerImpl.java:setRole(329)) - 2d677a35-33b0-4d15-8cfd-318274acedab@group-D59098DAC26D: changes role from  FOLLOWER to CANDIDATE at term 0 for changeToCandidate
2023-07-16 18:57:18,045 [2d677a35-33b0-4d15-8cfd-318274acedab@group-D59098DAC26D-FollowerState] INFO  server.RaftServerConfigKeys (ConfUtils.java:logGet(46)) - raft.server.leaderelection.pre-vote = true (default)
2023-07-16 18:57:18,045 [2d677a35-33b0-4d15-8cfd-318274acedab@group-D59098DAC26D-FollowerState] INFO  impl.RoleInfo (RoleInfo.java:updateAndGet(139)) - 2d677a35-33b0-4d15-8cfd-318274acedab: start 2d677a35-33b0-4d15-8cfd-318274acedab@group-D59098DAC26D-LeaderElection17
2023-07-16 18:57:18,046 [2d677a35-33b0-4d15-8cfd-318274acedab@group-D59098DAC26D-LeaderElection17] INFO  impl.LeaderElection (LeaderElection.java:askForVotes(321)) - 2d677a35-33b0-4d15-8cfd-318274acedab@group-D59098DAC26D-LeaderElection17 PRE_VOTE round 0: submit vote requests at term 0 for -1: peers:[2d677a35-33b0-4d15-8cfd-318274acedab|rpc:10.1.0.14:15077|admin:10.1.0.14:15076|client:10.1.0.14:15075|dataStream:10.1.0.14:15078|priority:1|startupRole:FOLLOWER, 6a04ed34-8094-474b-9acd-b8edff3f6d46|rpc:10.1.0.14:15086|admin:10.1.0.14:15085|client:10.1.0.14:15084|dataStream:10.1.0.14:15087|priority:0|startupRole:FOLLOWER, 83d11254-7599-4cbf-9408-65e5a9156a74|rpc:10.1.0.14:15068|admin:10.1.0.14:15067|client:10.1.0.14:15066|dataStream:10.1.0.14:15069|priority:0|startupRole:FOLLOWER]|listeners:[], old=null
2023-07-16 18:57:18,047 [83d11254-7599-4cbf-9408-65e5a9156a74-server-thread1] INFO  ratis.XceiverServerRatis (XceiverServerRatis.java:handleLeaderChangedNotification(902)) - Leader change notification received for group: group-02AEF562936D with new leaderId: 6a04ed34-8094-474b-9acd-b8edff3f6d46
2023-07-16 18:57:18,047 [83d11254-7599-4cbf-9408-65e5a9156a74-server-thread1] INFO  server.RaftServer$Division (ServerState.java:setLeader(317)) - 83d11254-7599-4cbf-9408-65e5a9156a74@group-02AEF562936D: change Leader from null to 6a04ed34-8094-474b-9acd-b8edff3f6d46 at term 1 for appendEntries, leader elected after 5325ms
2023-07-16 18:57:18,057 [83d11254-7599-4cbf-9408-65e5a9156a74-server-thread2] INFO  server.RaftServer$Division (ServerState.java:setRaftConf(434)) - 83d11254-7599-4cbf-9408-65e5a9156a74@group-02AEF562936D: set configuration 0: peers:[2d677a35-33b0-4d15-8cfd-318274acedab|rpc:10.1.0.14:15077|admin:10.1.0.14:15076|client:10.1.0.14:15075|dataStream:10.1.0.14:15078|priority:0|startupRole:FOLLOWER, 6a04ed34-8094-474b-9acd-b8edff3f6d46|rpc:10.1.0.14:15086|admin:10.1.0.14:15085|client:10.1.0.14:15084|dataStream:10.1.0.14:15087|priority:1|startupRole:FOLLOWER, 83d11254-7599-4cbf-9408-65e5a9156a74|rpc:10.1.0.14:15068|admin:10.1.0.14:15067|client:10.1.0.14:15066|dataStream:10.1.0.14:15069|priority:0|startupRole:FOLLOWER]|listeners:[], old=null
2023-07-16 18:57:18,057 [83d11254-7599-4cbf-9408-65e5a9156a74-server-thread2] INFO  segmented.SegmentedRaftLogWorker (SegmentedRaftLogWorker.java:startLogSegment(447)) - 83d11254-7599-4cbf-9408-65e5a9156a74@group-02AEF562936D-SegmentedRaftLogWorker: Starting segment from index:0
2023-07-16 18:57:18,057 [2d677a35-33b0-4d15-8cfd-318274acedab@group-D59098DAC26D-LeaderElection17-1] INFO  server.GrpcServerProtocolClient (GrpcServerProtocolClient.java:<init>(65)) - Build channel for 6a04ed34-8094-474b-9acd-b8edff3f6d46
2023-07-16 18:57:18,060 [2d677a35-33b0-4d15-8cfd-318274acedab@group-D59098DAC26D-LeaderElection17] INFO  server.RaftServerConfigKeys (ConfUtils.java:logFallback(53)) - raft.server.rpc.first-election.timeout.min = 5s (fallback to raft.server.rpc.timeout.min)
2023-07-16 18:57:18,060 [2d677a35-33b0-4d15-8cfd-318274acedab@group-D59098DAC26D-LeaderElection17] INFO  server.RaftServerConfigKeys (ConfUtils.java:logFallback(53)) - raft.server.rpc.first-election.timeout.max = 5200ms (fallback to raft.server.rpc.timeout.max)
2023-07-16 18:57:18,075 [2d677a35-33b0-4d15-8cfd-318274acedab-server-thread3] INFO  server.RaftServer$Division (ServerState.java:setRaftConf(434)) - 2d677a35-33b0-4d15-8cfd-318274acedab@group-02AEF562936D: set configuration 0: peers:[2d677a35-33b0-4d15-8cfd-318274acedab|rpc:10.1.0.14:15077|admin:10.1.0.14:15076|client:10.1.0.14:15075|dataStream:10.1.0.14:15078|priority:0|startupRole:FOLLOWER, 6a04ed34-8094-474b-9acd-b8edff3f6d46|rpc:10.1.0.14:15086|admin:10.1.0.14:15085|client:10.1.0.14:15084|dataStream:10.1.0.14:15087|priority:1|startupRole:FOLLOWER, 83d11254-7599-4cbf-9408-65e5a9156a74|rpc:10.1.0.14:15068|admin:10.1.0.14:15067|client:10.1.0.14:15066|dataStream:10.1.0.14:15069|priority:0|startupRole:FOLLOWER]|listeners:[], old=null
2023-07-16 18:57:18,075 [2d677a35-33b0-4d15-8cfd-318274acedab@group-D59098DAC26D-LeaderElection17-2] INFO  server.GrpcServerProtocolClient (GrpcServerProtocolClient.java:<init>(65)) - Build channel for 83d11254-7599-4cbf-9408-65e5a9156a74
2023-07-16 18:57:18,075 [2d677a35-33b0-4d15-8cfd-318274acedab-server-thread3] INFO  segmented.SegmentedRaftLogWorker (SegmentedRaftLogWorker.java:startLogSegment(447)) - 2d677a35-33b0-4d15-8cfd-318274acedab@group-02AEF562936D-SegmentedRaftLogWorker: Starting segment from index:0
2023-07-16 18:57:18,081 [83d11254-7599-4cbf-9408-65e5a9156a74@group-02AEF562936D-SegmentedRaftLogWorker] INFO  segmented.SegmentedRaftLogWorker (SegmentedRaftLogWorker.java:execute(651)) - 83d11254-7599-4cbf-9408-65e5a9156a74@group-02AEF562936D-SegmentedRaftLogWorker: created new log segment /home/runner/work/ozone/ozone/hadoop-ozone/integration-test/target/test-dir/MiniOzoneClusterImpl-8e52da8c-19f0-467e-9375-6950100829a3/datanode-6/data/ratis/3b8ba39d-10d1-403b-8c95-02aef562936d/current/log_inprogress_0
2023-07-16 18:57:18,087 [2d677a35-33b0-4d15-8cfd-318274acedab@group-02AEF562936D-SegmentedRaftLogWorker] INFO  segmented.SegmentedRaftLogWorker (SegmentedRaftLogWorker.java:execute(651)) - 2d677a35-33b0-4d15-8cfd-318274acedab@group-02AEF562936D-SegmentedRaftLogWorker: created new log segment /home/runner/work/ozone/ozone/hadoop-ozone/integration-test/target/test-dir/MiniOzoneClusterImpl-8e52da8c-19f0-467e-9375-6950100829a3/datanode-7/data/ratis/3b8ba39d-10d1-403b-8c95-02aef562936d/current/log_inprogress_0
2023-07-16 18:57:18,095 [grpc-default-executor-2] INFO  server.RaftServer$Division (RaftServerImpl.java:requestVote(1302)) - 6a04ed34-8094-474b-9acd-b8edff3f6d46@group-D59098DAC26D: receive requestVote(PRE_VOTE, 2d677a35-33b0-4d15-8cfd-318274acedab, group-D59098DAC26D, 0, (t:0, i:0))
2023-07-16 18:57:18,104 [grpc-default-executor-2] INFO  impl.VoteContext (VoteContext.java:log(49)) - 6a04ed34-8094-474b-9acd-b8edff3f6d46@group-D59098DAC26D-FOLLOWER: accept PRE_VOTE from 2d677a35-33b0-4d15-8cfd-318274acedab: our priority 0 <= candidate's priority 1
2023-07-16 18:57:18,104 [grpc-default-executor-2] INFO  server.RaftServer$Division (RaftServerImpl.java:requestVote(1335)) - 6a04ed34-8094-474b-9acd-b8edff3f6d46@group-D59098DAC26D replies to PRE_VOTE vote request: 2d677a35-33b0-4d15-8cfd-318274acedab<-6a04ed34-8094-474b-9acd-b8edff3f6d46#0:OK-t0. Peer's state: 6a04ed34-8094-474b-9acd-b8edff3f6d46@group-D59098DAC26D:t0, leader=null, voted=, raftlog=Memoized:6a04ed34-8094-474b-9acd-b8edff3f6d46@group-D59098DAC26D-SegmentedRaftLog:OPENED:c-1, conf=-1: peers:[2d677a35-33b0-4d15-8cfd-318274acedab|rpc:10.1.0.14:15077|admin:10.1.0.14:15076|client:10.1.0.14:15075|dataStream:10.1.0.14:15078|priority:1|startupRole:FOLLOWER, 6a04ed34-8094-474b-9acd-b8edff3f6d46|rpc:10.1.0.14:15086|admin:10.1.0.14:15085|client:10.1.0.14:15084|dataStream:10.1.0.14:15087|priority:0|startupRole:FOLLOWER, 83d11254-7599-4cbf-9408-65e5a9156a74|rpc:10.1.0.14:15068|admin:10.1.0.14:15067|client:10.1.0.14:15066|dataStream:10.1.0.14:15069|priority:0|startupRole:FOLLOWER]|listeners:[], old=null
2023-07-16 18:57:18,111 [grpc-default-executor-5] INFO  server.RaftServer$Division (RaftServerImpl.java:requestVote(1302)) - 83d11254-7599-4cbf-9408-65e5a9156a74@group-D59098DAC26D: receive requestVote(PRE_VOTE, 2d677a35-33b0-4d15-8cfd-318274acedab, group-D59098DAC26D, 0, (t:0, i:0))
2023-07-16 18:57:18,111 [grpc-default-executor-5] INFO  impl.VoteContext (VoteContext.java:log(49)) - 83d11254-7599-4cbf-9408-65e5a9156a74@group-D59098DAC26D-FOLLOWER: accept PRE_VOTE from 2d677a35-33b0-4d15-8cfd-318274acedab: our priority 0 <= candidate's priority 1
2023-07-16 18:57:18,111 [grpc-default-executor-5] INFO  server.RaftServer$Division (RaftServerImpl.java:requestVote(1335)) - 83d11254-7599-4cbf-9408-65e5a9156a74@group-D59098DAC26D replies to PRE_VOTE vote request: 2d677a35-33b0-4d15-8cfd-318274acedab<-83d11254-7599-4cbf-9408-65e5a9156a74#0:OK-t0. Peer's state: 83d11254-7599-4cbf-9408-65e5a9156a74@group-D59098DAC26D:t0, leader=null, voted=, raftlog=Memoized:83d11254-7599-4cbf-9408-65e5a9156a74@group-D59098DAC26D-SegmentedRaftLog:OPENED:c-1, conf=-1: peers:[2d677a35-33b0-4d15-8cfd-318274acedab|rpc:10.1.0.14:15077|admin:10.1.0.14:15076|client:10.1.0.14:15075|dataStream:10.1.0.14:15078|priority:1|startupRole:FOLLOWER, 6a04ed34-8094-474b-9acd-b8edff3f6d46|rpc:10.1.0.14:15086|admin:10.1.0.14:15085|client:10.1.0.14:15084|dataStream:10.1.0.14:15087|priority:0|startupRole:FOLLOWER, 83d11254-7599-4cbf-9408-65e5a9156a74|rpc:10.1.0.14:15068|admin:10.1.0.14:15067|client:10.1.0.14:15066|dataStream:10.1.0.14:15069|priority:0|startupRole:FOLLOWER]|listeners:[], old=null
2023-07-16 18:57:18,114 [2d677a35-33b0-4d15-8cfd-318274acedab@group-D59098DAC26D-LeaderElection17] INFO  impl.LeaderElection (LeaderElection.java:logAndReturn(90)) - 2d677a35-33b0-4d15-8cfd-318274acedab@group-D59098DAC26D-LeaderElection17: PRE_VOTE PASSED received 1 response(s) and 0 exception(s):
2023-07-16 18:57:18,114 [2d677a35-33b0-4d15-8cfd-318274acedab@group-D59098DAC26D-LeaderElection17] INFO  impl.LeaderElection (LeaderElection.java:logAndReturn(94)) -   Response 0: 2d677a35-33b0-4d15-8cfd-318274acedab<-6a04ed34-8094-474b-9acd-b8edff3f6d46#0:OK-t0
2023-07-16 18:57:18,114 [2d677a35-33b0-4d15-8cfd-318274acedab@group-D59098DAC26D-LeaderElection17] INFO  impl.LeaderElection (LeaderElection.java:askForVotes(323)) - 2d677a35-33b0-4d15-8cfd-318274acedab@group-D59098DAC26D-LeaderElection17 PRE_VOTE round 0: result PASSED
2023-07-16 18:57:18,116 [2d677a35-33b0-4d15-8cfd-318274acedab@group-D59098DAC26D-LeaderElection17] INFO  impl.LeaderElection (LeaderElection.java:askForVotes(321)) - 2d677a35-33b0-4d15-8cfd-318274acedab@group-D59098DAC26D-LeaderElection17 ELECTION round 0: submit vote requests at term 1 for -1: peers:[2d677a35-33b0-4d15-8cfd-318274acedab|rpc:10.1.0.14:15077|admin:10.1.0.14:15076|client:10.1.0.14:15075|dataStream:10.1.0.14:15078|priority:1|startupRole:FOLLOWER, 6a04ed34-8094-474b-9acd-b8edff3f6d46|rpc:10.1.0.14:15086|admin:10.1.0.14:15085|client:10.1.0.14:15084|dataStream:10.1.0.14:15087|priority:0|startupRole:FOLLOWER, 83d11254-7599-4cbf-9408-65e5a9156a74|rpc:10.1.0.14:15068|admin:10.1.0.14:15067|client:10.1.0.14:15066|dataStream:10.1.0.14:15069|priority:0|startupRole:FOLLOWER]|listeners:[], old=null
2023-07-16 18:57:18,121 [grpc-default-executor-2] INFO  server.RaftServer$Division (RaftServerImpl.java:requestVote(1302)) - 6a04ed34-8094-474b-9acd-b8edff3f6d46@group-D59098DAC26D: receive requestVote(ELECTION, 2d677a35-33b0-4d15-8cfd-318274acedab, group-D59098DAC26D, 1, (t:0, i:0))
2023-07-16 18:57:18,121 [grpc-default-executor-2] INFO  impl.VoteContext (VoteContext.java:log(49)) - 6a04ed34-8094-474b-9acd-b8edff3f6d46@group-D59098DAC26D-FOLLOWER: accept ELECTION from 2d677a35-33b0-4d15-8cfd-318274acedab: our priority 0 <= candidate's priority 1
2023-07-16 18:57:18,121 [grpc-default-executor-2] INFO  server.RaftServer$Division (RaftServerImpl.java:setRole(329)) - 6a04ed34-8094-474b-9acd-b8edff3f6d46@group-D59098DAC26D: changes role from  FOLLOWER to FOLLOWER at term 1 for candidate:2d677a35-33b0-4d15-8cfd-318274acedab
2023-07-16 18:57:18,121 [grpc-default-executor-2] INFO  impl.RoleInfo (RoleInfo.java:shutdownFollowerState(110)) - 6a04ed34-8094-474b-9acd-b8edff3f6d46: shutdown 6a04ed34-8094-474b-9acd-b8edff3f6d46@group-D59098DAC26D-FollowerState
2023-07-16 18:57:18,122 [6a04ed34-8094-474b-9acd-b8edff3f6d46@group-D59098DAC26D-FollowerState] INFO  impl.FollowerState (FollowerState.java:shouldRun(117)) - 6a04ed34-8094-474b-9acd-b8edff3f6d46@group-D59098DAC26D-FollowerState: Stopping now (isRunning? false, role = FOLLOWER)
2023-07-16 18:57:18,122 [2d677a35-33b0-4d15-8cfd-318274acedab@group-D59098DAC26D-LeaderElection17] INFO  server.RaftServerConfigKeys (ConfUtils.java:logFallback(53)) - raft.server.rpc.first-election.timeout.min = 5s (fallback to raft.server.rpc.timeout.min)
2023-07-16 18:57:18,122 [2d677a35-33b0-4d15-8cfd-318274acedab@group-D59098DAC26D-LeaderElection17] INFO  server.RaftServerConfigKeys (ConfUtils.java:logFallback(53)) - raft.server.rpc.first-election.timeout.max = 5200ms (fallback to raft.server.rpc.timeout.max)
2023-07-16 18:57:18,132 [grpc-default-executor-2] INFO  impl.RoleInfo (RoleInfo.java:updateAndGet(139)) - 6a04ed34-8094-474b-9acd-b8edff3f6d46: start 6a04ed34-8094-474b-9acd-b8edff3f6d46@group-D59098DAC26D-FollowerState
2023-07-16 18:57:18,135 [grpc-default-executor-5] INFO  server.RaftServer$Division (RaftServerImpl.java:requestVote(1302)) - 83d11254-7599-4cbf-9408-65e5a9156a74@group-D59098DAC26D: receive requestVote(ELECTION, 2d677a35-33b0-4d15-8cfd-318274acedab, group-D59098DAC26D, 1, (t:0, i:0))
2023-07-16 18:57:18,136 [grpc-default-executor-5] INFO  impl.VoteContext (VoteContext.java:log(49)) - 83d11254-7599-4cbf-9408-65e5a9156a74@group-D59098DAC26D-FOLLOWER: accept ELECTION from 2d677a35-33b0-4d15-8cfd-318274acedab: our priority 0 <= candidate's priority 1
2023-07-16 18:57:18,136 [grpc-default-executor-5] INFO  server.RaftServer$Division (RaftServerImpl.java:setRole(329)) - 83d11254-7599-4cbf-9408-65e5a9156a74@group-D59098DAC26D: changes role from  FOLLOWER to FOLLOWER at term 1 for candidate:2d677a35-33b0-4d15-8cfd-318274acedab
2023-07-16 18:57:18,136 [grpc-default-executor-5] INFO  impl.RoleInfo (RoleInfo.java:shutdownFollowerState(110)) - 83d11254-7599-4cbf-9408-65e5a9156a74: shutdown 83d11254-7599-4cbf-9408-65e5a9156a74@group-D59098DAC26D-FollowerState
2023-07-16 18:57:18,136 [grpc-default-executor-5] INFO  impl.RoleInfo (RoleInfo.java:updateAndGet(139)) - 83d11254-7599-4cbf-9408-65e5a9156a74: start 83d11254-7599-4cbf-9408-65e5a9156a74@group-D59098DAC26D-FollowerState
2023-07-16 18:57:18,140 [grpc-default-executor-2] INFO  server.RaftServer$Division (RaftServerImpl.java:requestVote(1335)) - 6a04ed34-8094-474b-9acd-b8edff3f6d46@group-D59098DAC26D replies to ELECTION vote request: 2d677a35-33b0-4d15-8cfd-318274acedab<-6a04ed34-8094-474b-9acd-b8edff3f6d46#0:OK-t1. Peer's state: 6a04ed34-8094-474b-9acd-b8edff3f6d46@group-D59098DAC26D:t1, leader=null, voted=2d677a35-33b0-4d15-8cfd-318274acedab, raftlog=Memoized:6a04ed34-8094-474b-9acd-b8edff3f6d46@group-D59098DAC26D-SegmentedRaftLog:OPENED:c-1, conf=-1: peers:[2d677a35-33b0-4d15-8cfd-318274acedab|rpc:10.1.0.14:15077|admin:10.1.0.14:15076|client:10.1.0.14:15075|dataStream:10.1.0.14:15078|priority:1|startupRole:FOLLOWER, 6a04ed34-8094-474b-9acd-b8edff3f6d46|rpc:10.1.0.14:15086|admin:10.1.0.14:15085|client:10.1.0.14:15084|dataStream:10.1.0.14:15087|priority:0|startupRole:FOLLOWER, 83d11254-7599-4cbf-9408-65e5a9156a74|rpc:10.1.0.14:15068|admin:10.1.0.14:15067|client:10.1.0.14:15066|dataStream:10.1.0.14:15069|priority:0|startupRole:FOLLOWER]|listeners:[], old=null
2023-07-16 18:57:18,140 [83d11254-7599-4cbf-9408-65e5a9156a74@group-D59098DAC26D-FollowerState] INFO  impl.FollowerState (FollowerState.java:run(152)) - 83d11254-7599-4cbf-9408-65e5a9156a74@group-D59098DAC26D-FollowerState was interrupted
2023-07-16 18:57:18,148 [grpc-default-executor-5] INFO  server.RaftServer$Division (RaftServerImpl.java:requestVote(1335)) - 83d11254-7599-4cbf-9408-65e5a9156a74@group-D59098DAC26D replies to ELECTION vote request: 2d677a35-33b0-4d15-8cfd-318274acedab<-83d11254-7599-4cbf-9408-65e5a9156a74#0:OK-t1. Peer's state: 83d11254-7599-4cbf-9408-65e5a9156a74@group-D59098DAC26D:t1, leader=null, voted=2d677a35-33b0-4d15-8cfd-318274acedab, raftlog=Memoized:83d11254-7599-4cbf-9408-65e5a9156a74@group-D59098DAC26D-SegmentedRaftLog:OPENED:c-1, conf=-1: peers:[2d677a35-33b0-4d15-8cfd-318274acedab|rpc:10.1.0.14:15077|admin:10.1.0.14:15076|client:10.1.0.14:15075|dataStream:10.1.0.14:15078|priority:1|startupRole:FOLLOWER, 6a04ed34-8094-474b-9acd-b8edff3f6d46|rpc:10.1.0.14:15086|admin:10.1.0.14:15085|client:10.1.0.14:15084|dataStream:10.1.0.14:15087|priority:0|startupRole:FOLLOWER, 83d11254-7599-4cbf-9408-65e5a9156a74|rpc:10.1.0.14:15068|admin:10.1.0.14:15067|client:10.1.0.14:15066|dataStream:10.1.0.14:15069|priority:0|startupRole:FOLLOWER]|listeners:[], old=null
2023-07-16 18:57:18,148 [2d677a35-33b0-4d15-8cfd-318274acedab@group-D59098DAC26D-LeaderElection17] INFO  impl.LeaderElection (LeaderElection.java:logAndReturn(90)) - 2d677a35-33b0-4d15-8cfd-318274acedab@group-D59098DAC26D-LeaderElection17: ELECTION PASSED received 1 response(s) and 0 exception(s):
2023-07-16 18:57:18,148 [2d677a35-33b0-4d15-8cfd-318274acedab@group-D59098DAC26D-LeaderElection17] INFO  impl.LeaderElection (LeaderElection.java:logAndReturn(94)) -   Response 0: 2d677a35-33b0-4d15-8cfd-318274acedab<-6a04ed34-8094-474b-9acd-b8edff3f6d46#0:OK-t1
2023-07-16 18:57:18,148 [2d677a35-33b0-4d15-8cfd-318274acedab@group-D59098DAC26D-LeaderElection17] INFO  impl.LeaderElection (LeaderElection.java:askForVotes(323)) - 2d677a35-33b0-4d15-8cfd-318274acedab@group-D59098DAC26D-LeaderElection17 ELECTION round 0: result PASSED
2023-07-16 18:57:18,149 [2d677a35-33b0-4d15-8cfd-318274acedab@group-D59098DAC26D-LeaderElection17] INFO  impl.RoleInfo (RoleInfo.java:shutdownLeaderElection(130)) - 2d677a35-33b0-4d15-8cfd-318274acedab: shutdown 2d677a35-33b0-4d15-8cfd-318274acedab@group-D59098DAC26D-LeaderElection17
2023-07-16 18:57:18,149 [2d677a35-33b0-4d15-8cfd-318274acedab@group-D59098DAC26D-LeaderElection17] INFO  server.RaftServer$Division (RaftServerImpl.java:setRole(329)) - 2d677a35-33b0-4d15-8cfd-318274acedab@group-D59098DAC26D: changes role from CANDIDATE to LEADER at term 1 for changeToLeader
2023-07-16 18:57:18,149 [2d677a35-33b0-4d15-8cfd-318274acedab@group-D59098DAC26D-LeaderElection17] INFO  ratis.XceiverServerRatis (XceiverServerRatis.java:handleLeaderChangedNotification(902)) - Leader change notification received for group: group-D59098DAC26D with new leaderId: 2d677a35-33b0-4d15-8cfd-318274acedab
2023-07-16 18:57:18,149 [2d677a35-33b0-4d15-8cfd-318274acedab@group-D59098DAC26D-LeaderElection17] INFO  server.RaftServer$Division (ServerState.java:setLeader(317)) - 2d677a35-33b0-4d15-8cfd-318274acedab@group-D59098DAC26D: change Leader from null to 2d677a35-33b0-4d15-8cfd-318274acedab at term 1 for becomeLeader, leader elected after 5184ms
2023-07-16 18:57:18,149 [2d677a35-33b0-4d15-8cfd-318274acedab@group-D59098DAC26D-LeaderElection17] INFO  server.RaftServerConfigKeys (ConfUtils.java:logGet(46)) - raft.server.staging.catchup.gap = 1000 (default)
2023-07-16 18:57:18,149 [2d677a35-33b0-4d15-8cfd-318274acedab@group-D59098DAC26D-LeaderElection17] INFO  server.RaftServerConfigKeys (ConfUtils.java:logGet(46)) - raft.server.write.element-limit = 1024 (custom)
2023-07-16 18:57:18,149 [2d677a35-33b0-4d15-8cfd-318274acedab@group-D59098DAC26D-LeaderElection17] INFO  server.RaftServerConfigKeys (ConfUtils.java:logGet(46)) - raft.server.write.byte-limit = 1024 M (=1073741824) (custom)
2023-07-16 18:57:18,160 [2d677a35-33b0-4d15-8cfd-318274acedab@group-D59098DAC26D-LeaderElection17] INFO  server.RaftServerConfigKeys (ConfUtils.java:logGet(46)) - raft.server.watch.timeout = 180s (custom)
2023-07-16 18:57:18,160 [2d677a35-33b0-4d15-8cfd-318274acedab@group-D59098DAC26D-LeaderElection17] INFO  server.RaftServerConfigKeys (ConfUtils.java:logGet(46)) - raft.server.watch.timeout.denomination = 1s (default)
2023-07-16 18:57:18,160 [2d677a35-33b0-4d15-8cfd-318274acedab@group-D59098DAC26D-LeaderElection17] INFO  server.RaftServerConfigKeys (ConfUtils.java:logGet(46)) - raft.server.watch.element-limit = 65536 (default)
2023-07-16 18:57:18,160 [2d677a35-33b0-4d15-8cfd-318274acedab@group-D59098DAC26D-LeaderElection17] INFO  server.RaftServerConfigKeys (ConfUtils.java:logGet(46)) - raft.server.write.element-limit = 1024 (custom)
2023-07-16 18:57:18,160 [2d677a35-33b0-4d15-8cfd-318274acedab@group-D59098DAC26D-LeaderElection17] INFO  server.RaftServerConfigKeys (ConfUtils.java:logGet(46)) - raft.server.write.follower.gap.ratio.max = -1.0 (default)
2023-07-16 18:57:18,167 [2d677a35-33b0-4d15-8cfd-318274acedab@group-D59098DAC26D-LeaderElection17] INFO  server.RaftServerConfigKeys (ConfUtils.java:logGet(46)) - raft.server.log.appender.snapshot.chunk.size.max = 16MB (=16777216) (default)
2023-07-16 18:57:18,167 [2d677a35-33b0-4d15-8cfd-318274acedab@group-D59098DAC26D-LeaderElection17] INFO  server.RaftServerConfigKeys (ConfUtils.java:logGet(46)) - raft.server.log.appender.buffer.byte-limit = 33554432 (custom)
2023-07-16 18:57:18,167 [2d677a35-33b0-4d15-8cfd-318274acedab@group-D59098DAC26D-LeaderElection17] INFO  server.RaftServerConfigKeys (ConfUtils.java:logGet(46)) - raft.server.log.appender.buffer.element-limit = 1 (custom)
2023-07-16 18:57:18,167 [2d677a35-33b0-4d15-8cfd-318274acedab@group-D59098DAC26D-LeaderElection17] INFO  server.RaftServerConfigKeys (ConfUtils.java:logGet(46)) - raft.server.log.appender.wait-time.min = 10ms (default)
2023-07-16 18:57:18,167 [2d677a35-33b0-4d15-8cfd-318274acedab@group-D59098DAC26D-LeaderElection17] INFO  grpc.GrpcConfigKeys (ConfUtils.java:logGet(46)) - raft.grpc.server.leader.outstanding.appends.max = 128 (default)
2023-07-16 18:57:18,167 [2d677a35-33b0-4d15-8cfd-318274acedab@group-D59098DAC26D-LeaderElection17] INFO  server.RaftServerConfigKeys (ConfUtils.java:logGet(46)) - raft.server.rpc.request.timeout = 60s (custom)
2023-07-16 18:57:18,167 [2d677a35-33b0-4d15-8cfd-318274acedab@group-D59098DAC26D-LeaderElection17] INFO  grpc.GrpcConfigKeys (ConfUtils.java:logGet(46)) - raft.grpc.server.install_snapshot.request.element-limit = 8 (default)
2023-07-16 18:57:18,167 [2d677a35-33b0-4d15-8cfd-318274acedab@group-D59098DAC26D-LeaderElection17] INFO  grpc.GrpcConfigKeys (ConfUtils.java:logGet(46)) - raft.grpc.server.install_snapshot.request.timeout = 3000ms (default)
2023-07-16 18:57:18,167 [2d677a35-33b0-4d15-8cfd-318274acedab@group-D59098DAC26D-LeaderElection17] INFO  server.RaftServerConfigKeys (ConfUtils.java:logGet(46)) - raft.server.log.appender.install.snapshot.enabled = false (custom)
2023-07-16 18:57:18,168 [2d677a35-33b0-4d15-8cfd-318274acedab@group-D59098DAC26D-LeaderElection17] INFO  grpc.GrpcConfigKeys (ConfUtils.java:logGet(46)) - raft.grpc.server.heartbeat.channel = true (default)
2023-07-16 18:57:18,168 [2d677a35-33b0-4d15-8cfd-318274acedab@group-D59098DAC26D-LeaderElection17] INFO  server.RaftServerConfigKeys (ConfUtils.java:logGet(46)) - raft.server.log.appender.snapshot.chunk.size.max = 16MB (=16777216) (default)
2023-07-16 18:57:18,168 [2d677a35-33b0-4d15-8cfd-318274acedab@group-D59098DAC26D-LeaderElection17] INFO  server.RaftServerConfigKeys (ConfUtils.java:logGet(46)) - raft.server.log.appender.buffer.byte-limit = 33554432 (custom)
2023-07-16 18:57:18,168 [2d677a35-33b0-4d15-8cfd-318274acedab@group-D59098DAC26D-LeaderElection17] INFO  server.RaftServerConfigKeys (ConfUtils.java:logGet(46)) - raft.server.log.appender.buffer.element-limit = 1 (custom)
2023-07-16 18:57:18,168 [2d677a35-33b0-4d15-8cfd-318274acedab@group-D59098DAC26D-LeaderElection17] INFO  server.RaftServerConfigKeys (ConfUtils.java:logGet(46)) - raft.server.log.appender.wait-time.min = 10ms (default)
2023-07-16 18:57:18,168 [2d677a35-33b0-4d15-8cfd-318274acedab@group-D59098DAC26D-LeaderElection17] INFO  grpc.GrpcConfigKeys (ConfUtils.java:logGet(46)) - raft.grpc.server.leader.outstanding.appends.max = 128 (default)
2023-07-16 18:57:18,168 [2d677a35-33b0-4d15-8cfd-318274acedab@group-D59098DAC26D-LeaderElection17] INFO  server.RaftServerConfigKeys (ConfUtils.java:logGet(46)) - raft.server.rpc.request.timeout = 60s (custom)
2023-07-16 18:57:18,169 [2d677a35-33b0-4d15-8cfd-318274acedab@group-D59098DAC26D-LeaderElection17] INFO  grpc.GrpcConfigKeys (ConfUtils.java:logGet(46)) - raft.grpc.server.install_snapshot.request.element-limit = 8 (default)
2023-07-16 18:57:18,169 [2d677a35-33b0-4d15-8cfd-318274acedab@group-D59098DAC26D-LeaderElection17] INFO  grpc.GrpcConfigKeys (ConfUtils.java:logGet(46)) - raft.grpc.server.install_snapshot.request.timeout = 3000ms (default)
2023-07-16 18:57:18,169 [2d677a35-33b0-4d15-8cfd-318274acedab@group-D59098DAC26D-LeaderElection17] INFO  server.RaftServerConfigKeys (ConfUtils.java:logGet(46)) - raft.server.log.appender.install.snapshot.enabled = false (custom)
2023-07-16 18:57:18,169 [2d677a35-33b0-4d15-8cfd-318274acedab@group-D59098DAC26D-LeaderElection17] INFO  grpc.GrpcConfigKeys (ConfUtils.java:logGet(46)) - raft.grpc.server.heartbeat.channel = true (default)
2023-07-16 18:57:18,169 [2d677a35-33b0-4d15-8cfd-318274acedab@group-D59098DAC26D-LeaderElection17] INFO  impl.RoleInfo (RoleInfo.java:updateAndGet(139)) - 2d677a35-33b0-4d15-8cfd-318274acedab: start 2d677a35-33b0-4d15-8cfd-318274acedab@group-D59098DAC26D-LeaderStateImpl
2023-07-16 18:57:18,169 [2d677a35-33b0-4d15-8cfd-318274acedab@group-D59098DAC26D-LeaderElection17] INFO  segmented.SegmentedRaftLogWorker (SegmentedRaftLogWorker.java:startLogSegment(447)) - 2d677a35-33b0-4d15-8cfd-318274acedab@group-D59098DAC26D-SegmentedRaftLogWorker: Starting segment from index:0
2023-07-16 18:57:18,172 [2d677a35-33b0-4d15-8cfd-318274acedab@group-D59098DAC26D-SegmentedRaftLogWorker] INFO  segmented.SegmentedRaftLogWorker (SegmentedRaftLogWorker.java:execute(651)) - 2d677a35-33b0-4d15-8cfd-318274acedab@group-D59098DAC26D-SegmentedRaftLogWorker: created new log segment /home/runner/work/ozone/ozone/hadoop-ozone/integration-test/target/test-dir/MiniOzoneClusterImpl-8e52da8c-19f0-467e-9375-6950100829a3/datanode-7/data/ratis/0d25dd17-e3b2-44be-a4f7-d59098dac26d/current/log_inprogress_0
2023-07-16 18:57:18,172 [EventQueue-PipelineReportForPipelineReportHandler] INFO  pipeline.PipelineReportHandler (PipelineReportHandler.java:processPipelineReport(136)) - Opened pipeline PipelineID=0d25dd17-e3b2-44be-a4f7-d59098dac26d
2023-07-16 18:57:18,182 [2d677a35-33b0-4d15-8cfd-318274acedab@group-C287F8508E9F-FollowerState] INFO  impl.FollowerState (FollowerState.java:run(143)) - 2d677a35-33b0-4d15-8cfd-318274acedab@group-C287F8508E9F-FollowerState: change to CANDIDATE, lastRpcElapsedTime:5007886637ns, electionTimeout:5006ms
2023-07-16 18:57:18,182 [2d677a35-33b0-4d15-8cfd-318274acedab@group-C287F8508E9F-FollowerState] INFO  impl.RoleInfo (RoleInfo.java:shutdownFollowerState(110)) - 2d677a35-33b0-4d15-8cfd-318274acedab: shutdown 2d677a35-33b0-4d15-8cfd-318274acedab@group-C287F8508E9F-FollowerState
2023-07-16 18:57:18,182 [2d677a35-33b0-4d15-8cfd-318274acedab@group-C287F8508E9F-FollowerState] INFO  server.RaftServer$Division (RaftServerImpl.java:setRole(329)) - 2d677a35-33b0-4d15-8cfd-318274acedab@group-C287F8508E9F: changes role from  FOLLOWER to CANDIDATE at term 0 for changeToCandidate
2023-07-16 18:57:18,183 [qtp1568159144-18] INFO  kms-audit (SimpleKMSAuditLogger.java:logAuditSimpleFormat(93)) - OK[op=CREATE_KEY, key=key1, user=runner] UserProvidedMaterial:false Description:key1
2023-07-16 18:57:18,188 [2d677a35-33b0-4d15-8cfd-318274acedab@group-D59098DAC26D-LeaderElection17] INFO  server.RaftServer$Division (ServerState.java:setRaftConf(434)) - 2d677a35-33b0-4d15-8cfd-318274acedab@group-D59098DAC26D: set configuration 0: peers:[2d677a35-33b0-4d15-8cfd-318274acedab|rpc:10.1.0.14:15077|admin:10.1.0.14:15076|client:10.1.0.14:15075|dataStream:10.1.0.14:15078|priority:1|startupRole:FOLLOWER, 6a04ed34-8094-474b-9acd-b8edff3f6d46|rpc:10.1.0.14:15086|admin:10.1.0.14:15085|client:10.1.0.14:15084|dataStream:10.1.0.14:15087|priority:0|startupRole:FOLLOWER, 83d11254-7599-4cbf-9408-65e5a9156a74|rpc:10.1.0.14:15068|admin:10.1.0.14:15067|client:10.1.0.14:15066|dataStream:10.1.0.14:15069|priority:0|startupRole:FOLLOWER]|listeners:[], old=null
2023-07-16 18:57:18,189 [2d677a35-33b0-4d15-8cfd-318274acedab@group-C287F8508E9F-FollowerState] INFO  server.RaftServerConfigKeys (ConfUtils.java:logGet(46)) - raft.server.leaderelection.pre-vote = true (default)
2023-07-16 18:57:18,189 [2d677a35-33b0-4d15-8cfd-318274acedab@group-C287F8508E9F-FollowerState] INFO  impl.RoleInfo (RoleInfo.java:updateAndGet(139)) - 2d677a35-33b0-4d15-8cfd-318274acedab: start 2d677a35-33b0-4d15-8cfd-318274acedab@group-C287F8508E9F-LeaderElection18
2023-07-16 18:57:18,196 [2d677a35-33b0-4d15-8cfd-318274acedab@group-C287F8508E9F-LeaderElection18] INFO  impl.LeaderElection (LeaderElection.java:askForVotes(321)) - 2d677a35-33b0-4d15-8cfd-318274acedab@group-C287F8508E9F-LeaderElection18 PRE_VOTE round 0: submit vote requests at term 0 for -1: peers:[2d677a35-33b0-4d15-8cfd-318274acedab|rpc:10.1.0.14:15077|admin:10.1.0.14:15076|client:10.1.0.14:15075|dataStream:10.1.0.14:15078|priority:1|startupRole:FOLLOWER]|listeners:[], old=null
2023-07-16 18:57:18,196 [2d677a35-33b0-4d15-8cfd-318274acedab@group-C287F8508E9F-LeaderElection18] INFO  impl.LeaderElection (LeaderElection.java:askForVotes(323)) - 2d677a35-33b0-4d15-8cfd-318274acedab@group-C287F8508E9F-LeaderElection18 PRE_VOTE round 0: result PASSED (term=0)
2023-07-16 18:57:18,203 [2d677a35-33b0-4d15-8cfd-318274acedab@group-C287F8508E9F-LeaderElection18] INFO  impl.LeaderElection (LeaderElection.java:askForVotes(321)) - 2d677a35-33b0-4d15-8cfd-318274acedab@group-C287F8508E9F-LeaderElection18 ELECTION round 0: submit vote requests at term 1 for -1: peers:[2d677a35-33b0-4d15-8cfd-318274acedab|rpc:10.1.0.14:15077|admin:10.1.0.14:15076|client:10.1.0.14:15075|dataStream:10.1.0.14:15078|priority:1|startupRole:FOLLOWER]|listeners:[], old=null
2023-07-16 18:57:18,205 [2d677a35-33b0-4d15-8cfd-318274acedab@group-C287F8508E9F-LeaderElection18] INFO  impl.LeaderElection (LeaderElection.java:askForVotes(323)) - 2d677a35-33b0-4d15-8cfd-318274acedab@group-C287F8508E9F-LeaderElection18 ELECTION round 0: result PASSED (term=1)
2023-07-16 18:57:18,205 [2d677a35-33b0-4d15-8cfd-318274acedab@group-C287F8508E9F-LeaderElection18] INFO  impl.RoleInfo (RoleInfo.java:shutdownLeaderElection(130)) - 2d677a35-33b0-4d15-8cfd-318274acedab: shutdown 2d677a35-33b0-4d15-8cfd-318274acedab@group-C287F8508E9F-LeaderElection18
2023-07-16 18:57:18,205 [2d677a35-33b0-4d15-8cfd-318274acedab@group-C287F8508E9F-LeaderElection18] INFO  server.RaftServer$Division (RaftServerImpl.java:setRole(329)) - 2d677a35-33b0-4d15-8cfd-318274acedab@group-C287F8508E9F: changes role from CANDIDATE to LEADER at term 1 for changeToLeader
2023-07-16 18:57:18,205 [2d677a35-33b0-4d15-8cfd-318274acedab@group-C287F8508E9F-LeaderElection18] INFO  ratis.XceiverServerRatis (XceiverServerRatis.java:handleLeaderChangedNotification(902)) - Leader change notification received for group: group-C287F8508E9F with new leaderId: 2d677a35-33b0-4d15-8cfd-318274acedab
2023-07-16 18:57:18,206 [6a04ed34-8094-474b-9acd-b8edff3f6d46-server-thread1] INFO  ratis.XceiverServerRatis (XceiverServerRatis.java:handleLeaderChangedNotification(902)) - Leader change notification received for group: group-D59098DAC26D with new leaderId: 2d677a35-33b0-4d15-8cfd-318274acedab
2023-07-16 18:57:18,206 [6a04ed34-8094-474b-9acd-b8edff3f6d46-server-thread1] INFO  server.RaftServer$Division (ServerState.java:setLeader(317)) - 6a04ed34-8094-474b-9acd-b8edff3f6d46@group-D59098DAC26D: change Leader from null to 2d677a35-33b0-4d15-8cfd-318274acedab at term 1 for appendEntries, leader elected after 5188ms
2023-07-16 18:57:18,207 [2d677a35-33b0-4d15-8cfd-318274acedab@group-C287F8508E9F-LeaderElection18] INFO  server.RaftServer$Division (ServerState.java:setLeader(317)) - 2d677a35-33b0-4d15-8cfd-318274acedab@group-C287F8508E9F: change Leader from null to 2d677a35-33b0-4d15-8cfd-318274acedab at term 1 for becomeLeader, leader elected after 5051ms
2023-07-16 18:57:18,207 [2d677a35-33b0-4d15-8cfd-318274acedab@group-C287F8508E9F-LeaderElection18] INFO  server.RaftServerConfigKeys (ConfUtils.java:logGet(46)) - raft.server.staging.catchup.gap = 1000 (default)
2023-07-16 18:57:18,208 [6a04ed34-8094-474b-9acd-b8edff3f6d46-server-thread2] INFO  server.RaftServer$Division (ServerState.java:setRaftConf(434)) - 6a04ed34-8094-474b-9acd-b8edff3f6d46@group-D59098DAC26D: set configuration 0: peers:[2d677a35-33b0-4d15-8cfd-318274acedab|rpc:10.1.0.14:15077|admin:10.1.0.14:15076|client:10.1.0.14:15075|dataStream:10.1.0.14:15078|priority:1|startupRole:FOLLOWER, 6a04ed34-8094-474b-9acd-b8edff3f6d46|rpc:10.1.0.14:15086|admin:10.1.0.14:15085|client:10.1.0.14:15084|dataStream:10.1.0.14:15087|priority:0|startupRole:FOLLOWER, 83d11254-7599-4cbf-9408-65e5a9156a74|rpc:10.1.0.14:15068|admin:10.1.0.14:15067|client:10.1.0.14:15066|dataStream:10.1.0.14:15069|priority:0|startupRole:FOLLOWER]|listeners:[], old=null
2023-07-16 18:57:18,208 [6a04ed34-8094-474b-9acd-b8edff3f6d46-server-thread2] INFO  segmented.SegmentedRaftLogWorker (SegmentedRaftLogWorker.java:startLogSegment(447)) - 6a04ed34-8094-474b-9acd-b8edff3f6d46@group-D59098DAC26D-SegmentedRaftLogWorker: Starting segment from index:0
2023-07-16 18:57:18,209 [83d11254-7599-4cbf-9408-65e5a9156a74-server-thread1] INFO  ratis.XceiverServerRatis (XceiverServerRatis.java:handleLeaderChangedNotification(902)) - Leader change notification received for group: group-D59098DAC26D with new leaderId: 2d677a35-33b0-4d15-8cfd-318274acedab
2023-07-16 18:57:18,209 [83d11254-7599-4cbf-9408-65e5a9156a74-server-thread1] INFO  server.RaftServer$Division (ServerState.java:setLeader(317)) - 83d11254-7599-4cbf-9408-65e5a9156a74@group-D59098DAC26D: change Leader from null to 2d677a35-33b0-4d15-8cfd-318274acedab at term 1 for appendEntries, leader elected after 5291ms
2023-07-16 18:57:18,209 [83d11254-7599-4cbf-9408-65e5a9156a74-server-thread1] INFO  server.RaftServer$Division (ServerState.java:setRaftConf(434)) - 83d11254-7599-4cbf-9408-65e5a9156a74@group-D59098DAC26D: set configuration 0: peers:[2d677a35-33b0-4d15-8cfd-318274acedab|rpc:10.1.0.14:15077|admin:10.1.0.14:15076|client:10.1.0.14:15075|dataStream:10.1.0.14:15078|priority:1|startupRole:FOLLOWER, 6a04ed34-8094-474b-9acd-b8edff3f6d46|rpc:10.1.0.14:15086|admin:10.1.0.14:15085|client:10.1.0.14:15084|dataStream:10.1.0.14:15087|priority:0|startupRole:FOLLOWER, 83d11254-7599-4cbf-9408-65e5a9156a74|rpc:10.1.0.14:15068|admin:10.1.0.14:15067|client:10.1.0.14:15066|dataStream:10.1.0.14:15069|priority:0|startupRole:FOLLOWER]|listeners:[], old=null
2023-07-16 18:57:18,209 [83d11254-7599-4cbf-9408-65e5a9156a74-server-thread1] INFO  segmented.SegmentedRaftLogWorker (SegmentedRaftLogWorker.java:startLogSegment(447)) - 83d11254-7599-4cbf-9408-65e5a9156a74@group-D59098DAC26D-SegmentedRaftLogWorker: Starting segment from index:0
2023-07-16 18:57:18,212 [2d677a35-33b0-4d15-8cfd-318274acedab@group-C287F8508E9F-LeaderElection18] INFO  server.RaftServerConfigKeys (ConfUtils.java:logGet(46)) - raft.server.write.element-limit = 1024 (custom)
2023-07-16 18:57:18,212 [2d677a35-33b0-4d15-8cfd-318274acedab@group-C287F8508E9F-LeaderElection18] INFO  server.RaftServerConfigKeys (ConfUtils.java:logGet(46)) - raft.server.write.byte-limit = 1024 M (=1073741824) (custom)
2023-07-16 18:57:18,212 [2d677a35-33b0-4d15-8cfd-318274acedab@group-C287F8508E9F-LeaderElection18] INFO  server.RaftServerConfigKeys (ConfUtils.java:logGet(46)) - raft.server.watch.timeout = 180s (custom)
2023-07-16 18:57:18,212 [2d677a35-33b0-4d15-8cfd-318274acedab@group-C287F8508E9F-LeaderElection18] INFO  server.RaftServerConfigKeys (ConfUtils.java:logGet(46)) - raft.server.watch.timeout.denomination = 1s (default)
2023-07-16 18:57:18,212 [2d677a35-33b0-4d15-8cfd-318274acedab@group-C287F8508E9F-LeaderElection18] INFO  server.RaftServerConfigKeys (ConfUtils.java:logGet(46)) - raft.server.watch.element-limit = 65536 (default)
2023-07-16 18:57:18,213 [2d677a35-33b0-4d15-8cfd-318274acedab@group-C287F8508E9F-LeaderElection18] INFO  server.RaftServerConfigKeys (ConfUtils.java:logGet(46)) - raft.server.write.element-limit = 1024 (custom)
2023-07-16 18:57:18,213 [2d677a35-33b0-4d15-8cfd-318274acedab@group-C287F8508E9F-LeaderElection18] INFO  server.RaftServerConfigKeys (ConfUtils.java:logGet(46)) - raft.server.write.follower.gap.ratio.max = -1.0 (default)
2023-07-16 18:57:18,213 [2d677a35-33b0-4d15-8cfd-318274acedab@group-C287F8508E9F-LeaderElection18] INFO  impl.RoleInfo (RoleInfo.java:updateAndGet(139)) - 2d677a35-33b0-4d15-8cfd-318274acedab: start 2d677a35-33b0-4d15-8cfd-318274acedab@group-C287F8508E9F-LeaderStateImpl
2023-07-16 18:57:18,213 [2d677a35-33b0-4d15-8cfd-318274acedab@group-C287F8508E9F-LeaderElection18] INFO  segmented.SegmentedRaftLogWorker (SegmentedRaftLogWorker.java:startLogSegment(447)) - 2d677a35-33b0-4d15-8cfd-318274acedab@group-C287F8508E9F-SegmentedRaftLogWorker: Starting segment from index:0
2023-07-16 18:57:18,213 [83d11254-7599-4cbf-9408-65e5a9156a74@group-D59098DAC26D-SegmentedRaftLogWorker] INFO  segmented.SegmentedRaftLogWorker (SegmentedRaftLogWorker.java:execute(651)) - 83d11254-7599-4cbf-9408-65e5a9156a74@group-D59098DAC26D-SegmentedRaftLogWorker: created new log segment /home/runner/work/ozone/ozone/hadoop-ozone/integration-test/target/test-dir/MiniOzoneClusterImpl-8e52da8c-19f0-467e-9375-6950100829a3/datanode-6/data/ratis/0d25dd17-e3b2-44be-a4f7-d59098dac26d/current/log_inprogress_0
2023-07-16 18:57:18,214 [6a04ed34-8094-474b-9acd-b8edff3f6d46@group-D59098DAC26D-SegmentedRaftLogWorker] INFO  segmented.SegmentedRaftLogWorker (SegmentedRaftLogWorker.java:execute(651)) - 6a04ed34-8094-474b-9acd-b8edff3f6d46@group-D59098DAC26D-SegmentedRaftLogWorker: created new log segment /home/runner/work/ozone/ozone/hadoop-ozone/integration-test/target/test-dir/MiniOzoneClusterImpl-8e52da8c-19f0-467e-9375-6950100829a3/datanode-8/data/ratis/0d25dd17-e3b2-44be-a4f7-d59098dac26d/current/log_inprogress_0
2023-07-16 18:57:18,226 [2d677a35-33b0-4d15-8cfd-318274acedab@group-C287F8508E9F-LeaderElection18] INFO  server.RaftServer$Division (ServerState.java:setRaftConf(434)) - 2d677a35-33b0-4d15-8cfd-318274acedab@group-C287F8508E9F: set configuration 0: peers:[2d677a35-33b0-4d15-8cfd-318274acedab|rpc:10.1.0.14:15077|admin:10.1.0.14:15076|client:10.1.0.14:15075|dataStream:10.1.0.14:15078|priority:1|startupRole:FOLLOWER]|listeners:[], old=null
2023-07-16 18:57:18,227 [2d677a35-33b0-4d15-8cfd-318274acedab@group-C287F8508E9F-SegmentedRaftLogWorker] INFO  segmented.SegmentedRaftLogWorker (SegmentedRaftLogWorker.java:execute(651)) - 2d677a35-33b0-4d15-8cfd-318274acedab@group-C287F8508E9F-SegmentedRaftLogWorker: created new log segment /home/runner/work/ozone/ozone/hadoop-ozone/integration-test/target/test-dir/MiniOzoneClusterImpl-8e52da8c-19f0-467e-9375-6950100829a3/datanode-7/data/ratis/ffe0e75e-f810-4d6b-ac33-c287f8508e9f/current/log_inprogress_0
2023-07-16 18:57:18,259 [main] INFO  rpc.RpcClient (RpcClient.java:createVolume(460)) - Creating Volume: 9de2bc28-9000-4b33-8a50-96ddeb36e71d, with runner as owner and space quota set to -1 bytes, counts quota set to -1
2023-07-16 18:57:18,310 [OM StateMachine ApplyTransaction Thread - 0] INFO  volume.OMVolumeCreateRequest (OMVolumeCreateRequest.java:validateAndUpdateCache(196)) - created volume:9de2bc28-9000-4b33-8a50-96ddeb36e71d for user:runner
2023-07-16 18:57:18,338 [main] INFO  rpc.RpcClient (RpcClient.java:createBucket(687)) - Creating Bucket: 9de2bc28-9000-4b33-8a50-96ddeb36e71d/7606e5dc-5ede-45a3-9660-ace63725db61, with bucket layout FILE_SYSTEM_OPTIMIZED, runner as owner, Versioning false, Storage Type set to DISK and Encryption set to true, Replication Type set to server-side default replication type, Namespace Quota set to -1, Space Quota set to -1 
2023-07-16 18:57:18,367 [qtp1568159144-20] INFO  kms-audit (SimpleKMSAuditLogger.java:logAuditSimpleFormat(93)) - OK[op=GET_METADATA, key=key1, user=runner] 
2023-07-16 18:57:18,549 [qtp1568159144-20] INFO  kms-audit (SimpleKMSAuditLogger.java:logAuditEvent(59)) - OK[op=GENERATE_EEK, key=key1, user=runner, accessCount=1, interval=0ms] 
2023-07-16 18:57:18,578 [OM StateMachine ApplyTransaction Thread - 0] INFO  bucket.OMBucketCreateRequest (OMBucketCreateRequest.java:validateAndUpdateCache(270)) - created bucket: 7606e5dc-5ede-45a3-9660-ace63725db61 of layout FILE_SYSTEM_OPTIMIZED in volume: 9de2bc28-9000-4b33-8a50-96ddeb36e71d
2023-07-16 18:57:18,671 [IPC Server handler 2 on default port 15001] INFO  ha.SequenceIdGenerator (SequenceIdGenerator.java:getNextId(140)) - Allocate a batch for containerId, change lastId from 0 to 1000.
2023-07-16 18:57:18,679 [IPC Server handler 2 on default port 15001] WARN  ha.SequenceIdGenerator (SequenceIdGenerator.java:allocateBatch(249)) - Failed to allocate a batch for localId, expected lastId is 0, actual lastId is 111677748019200000.
2023-07-16 18:57:18,679 [IPC Server handler 2 on default port 15001] INFO  ha.SequenceIdGenerator (SequenceIdGenerator.java:getNextId(140)) - Allocate a batch for localId, change lastId from 111677748019200000 to 111677748019201000.
2023-07-16 18:57:18,838 [6a04ed34-8094-474b-9acd-b8edff3f6d46@group-D09C874424CA-FollowerState] INFO  impl.FollowerState (FollowerState.java:run(143)) - 6a04ed34-8094-474b-9acd-b8edff3f6d46@group-D09C874424CA-FollowerState: change to CANDIDATE, lastRpcElapsedTime:5127859213ns, electionTimeout:5126ms
2023-07-16 18:57:18,838 [6a04ed34-8094-474b-9acd-b8edff3f6d46@group-D09C874424CA-FollowerState] INFO  impl.RoleInfo (RoleInfo.java:shutdownFollowerState(110)) - 6a04ed34-8094-474b-9acd-b8edff3f6d46: shutdown 6a04ed34-8094-474b-9acd-b8edff3f6d46@group-D09C874424CA-FollowerState
2023-07-16 18:57:18,838 [6a04ed34-8094-474b-9acd-b8edff3f6d46@group-D09C874424CA-FollowerState] INFO  server.RaftServer$Division (RaftServerImpl.java:setRole(329)) - 6a04ed34-8094-474b-9acd-b8edff3f6d46@group-D09C874424CA: changes role from  FOLLOWER to CANDIDATE at term 0 for changeToCandidate
2023-07-16 18:57:18,838 [6a04ed34-8094-474b-9acd-b8edff3f6d46@group-D09C874424CA-FollowerState] INFO  server.RaftServerConfigKeys (ConfUtils.java:logGet(46)) - raft.server.leaderelection.pre-vote = true (default)
2023-07-16 18:57:18,838 [6a04ed34-8094-474b-9acd-b8edff3f6d46@group-D09C874424CA-FollowerState] INFO  impl.RoleInfo (RoleInfo.java:updateAndGet(139)) - 6a04ed34-8094-474b-9acd-b8edff3f6d46: start 6a04ed34-8094-474b-9acd-b8edff3f6d46@group-D09C874424CA-LeaderElection19
2023-07-16 18:57:18,843 [6a04ed34-8094-474b-9acd-b8edff3f6d46@group-D09C874424CA-LeaderElection19] INFO  impl.LeaderElection (LeaderElection.java:askForVotes(321)) - 6a04ed34-8094-474b-9acd-b8edff3f6d46@group-D09C874424CA-LeaderElection19 PRE_VOTE round 0: submit vote requests at term 0 for -1: peers:[6a04ed34-8094-474b-9acd-b8edff3f6d46|rpc:10.1.0.14:15086|admin:10.1.0.14:15085|client:10.1.0.14:15084|dataStream:10.1.0.14:15087|priority:1|startupRole:FOLLOWER]|listeners:[], old=null
2023-07-16 18:57:18,844 [6a04ed34-8094-474b-9acd-b8edff3f6d46@group-D09C874424CA-LeaderElection19] INFO  impl.LeaderElection (LeaderElection.java:askForVotes(323)) - 6a04ed34-8094-474b-9acd-b8edff3f6d46@group-D09C874424CA-LeaderElection19 PRE_VOTE round 0: result PASSED (term=0)
2023-07-16 18:57:18,845 [6a04ed34-8094-474b-9acd-b8edff3f6d46@group-D09C874424CA-LeaderElection19] INFO  impl.LeaderElection (LeaderElection.java:askForVotes(321)) - 6a04ed34-8094-474b-9acd-b8edff3f6d46@group-D09C874424CA-LeaderElection19 ELECTION round 0: submit vote requests at term 1 for -1: peers:[6a04ed34-8094-474b-9acd-b8edff3f6d46|rpc:10.1.0.14:15086|admin:10.1.0.14:15085|client:10.1.0.14:15084|dataStream:10.1.0.14:15087|priority:1|startupRole:FOLLOWER]|listeners:[], old=null
2023-07-16 18:57:18,845 [6a04ed34-8094-474b-9acd-b8edff3f6d46@group-D09C874424CA-LeaderElection19] INFO  impl.LeaderElection (LeaderElection.java:askForVotes(323)) - 6a04ed34-8094-474b-9acd-b8edff3f6d46@group-D09C874424CA-LeaderElection19 ELECTION round 0: result PASSED (term=1)
2023-07-16 18:57:18,845 [6a04ed34-8094-474b-9acd-b8edff3f6d46@group-D09C874424CA-LeaderElection19] INFO  impl.RoleInfo (RoleInfo.java:shutdownLeaderElection(130)) - 6a04ed34-8094-474b-9acd-b8edff3f6d46: shutdown 6a04ed34-8094-474b-9acd-b8edff3f6d46@group-D09C874424CA-LeaderElection19
2023-07-16 18:57:18,845 [6a04ed34-8094-474b-9acd-b8edff3f6d46@group-D09C874424CA-LeaderElection19] INFO  server.RaftServer$Division (RaftServerImpl.java:setRole(329)) - 6a04ed34-8094-474b-9acd-b8edff3f6d46@group-D09C874424CA: changes role from CANDIDATE to LEADER at term 1 for changeToLeader
2023-07-16 18:57:18,845 [6a04ed34-8094-474b-9acd-b8edff3f6d46@group-D09C874424CA-LeaderElection19] INFO  ratis.XceiverServerRatis (XceiverServerRatis.java:handleLeaderChangedNotification(902)) - Leader change notification received for group: group-D09C874424CA with new leaderId: 6a04ed34-8094-474b-9acd-b8edff3f6d46
2023-07-16 18:57:18,845 [6a04ed34-8094-474b-9acd-b8edff3f6d46@group-D09C874424CA-LeaderElection19] INFO  server.RaftServer$Division (ServerState.java:setLeader(317)) - 6a04ed34-8094-474b-9acd-b8edff3f6d46@group-D09C874424CA: change Leader from null to 6a04ed34-8094-474b-9acd-b8edff3f6d46 at term 1 for becomeLeader, leader elected after 5158ms
2023-07-16 18:57:18,845 [6a04ed34-8094-474b-9acd-b8edff3f6d46@group-D09C874424CA-LeaderElection19] INFO  server.RaftServerConfigKeys (ConfUtils.java:logGet(46)) - raft.server.staging.catchup.gap = 1000 (default)
2023-07-16 18:57:18,846 [6a04ed34-8094-474b-9acd-b8edff3f6d46@group-D09C874424CA-LeaderElection19] INFO  server.RaftServerConfigKeys (ConfUtils.java:logGet(46)) - raft.server.write.element-limit = 1024 (custom)
2023-07-16 18:57:18,846 [6a04ed34-8094-474b-9acd-b8edff3f6d46@group-D09C874424CA-LeaderElection19] INFO  server.RaftServerConfigKeys (ConfUtils.java:logGet(46)) - raft.server.write.byte-limit = 1024 M (=1073741824) (custom)
2023-07-16 18:57:18,846 [6a04ed34-8094-474b-9acd-b8edff3f6d46@group-D09C874424CA-LeaderElection19] INFO  server.RaftServerConfigKeys (ConfUtils.java:logGet(46)) - raft.server.watch.timeout = 180s (custom)
2023-07-16 18:57:18,846 [6a04ed34-8094-474b-9acd-b8edff3f6d46@group-D09C874424CA-LeaderElection19] INFO  server.RaftServerConfigKeys (ConfUtils.java:logGet(46)) - raft.server.watch.timeout.denomination = 1s (default)
2023-07-16 18:57:18,846 [6a04ed34-8094-474b-9acd-b8edff3f6d46@group-D09C874424CA-LeaderElection19] INFO  server.RaftServerConfigKeys (ConfUtils.java:logGet(46)) - raft.server.watch.element-limit = 65536 (default)
2023-07-16 18:57:18,846 [6a04ed34-8094-474b-9acd-b8edff3f6d46@group-D09C874424CA-LeaderElection19] INFO  server.RaftServerConfigKeys (ConfUtils.java:logGet(46)) - raft.server.write.element-limit = 1024 (custom)
2023-07-16 18:57:18,846 [6a04ed34-8094-474b-9acd-b8edff3f6d46@group-D09C874424CA-LeaderElection19] INFO  server.RaftServerConfigKeys (ConfUtils.java:logGet(46)) - raft.server.write.follower.gap.ratio.max = -1.0 (default)
2023-07-16 18:57:18,846 [6a04ed34-8094-474b-9acd-b8edff3f6d46@group-D09C874424CA-LeaderElection19] INFO  impl.RoleInfo (RoleInfo.java:updateAndGet(139)) - 6a04ed34-8094-474b-9acd-b8edff3f6d46: start 6a04ed34-8094-474b-9acd-b8edff3f6d46@group-D09C874424CA-LeaderStateImpl
2023-07-16 18:57:18,846 [6a04ed34-8094-474b-9acd-b8edff3f6d46@group-D09C874424CA-LeaderElection19] INFO  segmented.SegmentedRaftLogWorker (SegmentedRaftLogWorker.java:startLogSegment(447)) - 6a04ed34-8094-474b-9acd-b8edff3f6d46@group-D09C874424CA-SegmentedRaftLogWorker: Starting segment from index:0
2023-07-16 18:57:18,848 [6a04ed34-8094-474b-9acd-b8edff3f6d46@group-D09C874424CA-LeaderElection19] INFO  server.RaftServer$Division (ServerState.java:setRaftConf(434)) - 6a04ed34-8094-474b-9acd-b8edff3f6d46@group-D09C874424CA: set configuration 0: peers:[6a04ed34-8094-474b-9acd-b8edff3f6d46|rpc:10.1.0.14:15086|admin:10.1.0.14:15085|client:10.1.0.14:15084|dataStream:10.1.0.14:15087|priority:1|startupRole:FOLLOWER]|listeners:[], old=null
2023-07-16 18:57:18,854 [qtp1568159144-17] ERROR generators.WadlGeneratorJAXBGrammarGenerator (WadlGeneratorJAXBGrammarGenerator.java:buildModelAndSchemas(207)) - Failed to generate the schema for the JAX-B elements
com.sun.xml.bind.v2.runtime.IllegalAnnotationsException: 1 counts of IllegalAnnotationExceptions
java.util.Map is an interface, and JAXB can't handle interfaces.
	this problem is related to the following location:
		at java.util.Map

	at com.sun.xml.bind.v2.runtime.IllegalAnnotationsException$Builder.check(IllegalAnnotationsException.java:106)
	at com.sun.xml.bind.v2.runtime.JAXBContextImpl.getTypeInfoSet(JAXBContextImpl.java:471)
	at com.sun.xml.bind.v2.runtime.JAXBContextImpl.<init>(JAXBContextImpl.java:303)
	at com.sun.xml.bind.v2.runtime.JAXBContextImpl.<init>(JAXBContextImpl.java:139)
	at com.sun.xml.bind.v2.runtime.JAXBContextImpl$JAXBContextBuilder.build(JAXBContextImpl.java:1156)
	at com.sun.xml.bind.v2.ContextFactory.createContext(ContextFactory.java:165)
	at sun.reflect.NativeMethodAccessorImpl.invoke0(Native Method)
	at sun.reflect.NativeMethodAccessorImpl.invoke(NativeMethodAccessorImpl.java:62)
	at sun.reflect.DelegatingMethodAccessorImpl.invoke(DelegatingMethodAccessorImpl.java:43)
	at java.lang.reflect.Method.invoke(Method.java:498)
	at javax.xml.bind.ContextFinder.newInstance(ContextFinder.java:247)
	at javax.xml.bind.ContextFinder.newInstance(ContextFinder.java:234)
	at javax.xml.bind.ContextFinder.find(ContextFinder.java:441)
	at javax.xml.bind.JAXBContext.newInstance(JAXBContext.java:641)
	at javax.xml.bind.JAXBContext.newInstance(JAXBContext.java:584)
	at com.sun.jersey.server.wadl.generators.WadlGeneratorJAXBGrammarGenerator.buildModelAndSchemas(WadlGeneratorJAXBGrammarGenerator.java:169)
	at com.sun.jersey.server.wadl.generators.AbstractWadlGeneratorGrammarGenerator.createExternalGrammar(AbstractWadlGeneratorGrammarGenerator.java:405)
	at com.sun.jersey.server.wadl.WadlBuilder.generate(WadlBuilder.java:149)
	at com.sun.jersey.server.impl.wadl.WadlApplicationContextImpl.getApplication(WadlApplicationContextImpl.java:119)
	at com.sun.jersey.server.impl.wadl.WadlApplicationContextImpl.getApplication(WadlApplicationContextImpl.java:138)
	at com.sun.jersey.server.impl.wadl.WadlMethodFactory$WadlOptionsMethodDispatcher.dispatch(WadlMethodFactory.java:110)
	at com.sun.jersey.server.impl.uri.rules.HttpMethodRule.accept(HttpMethodRule.java:302)
	at com.sun.jersey.server.impl.uri.rules.RightHandPathRule.accept(RightHandPathRule.java:147)
	at com.sun.jersey.server.impl.uri.rules.ResourceClassRule.accept(ResourceClassRule.java:108)
	at com.sun.jersey.server.impl.uri.rules.RightHandPathRule.accept(RightHandPathRule.java:147)
	at com.sun.jersey.server.impl.uri.rules.RootResourceClassesRule.accept(RootResourceClassesRule.java:84)
	at com.sun.jersey.server.impl.application.WebApplicationImpl._handleRequest(WebApplicationImpl.java:1542)
	at com.sun.jersey.server.impl.application.WebApplicationImpl._handleRequest(WebApplicationImpl.java:1473)
	at com.sun.jersey.server.impl.application.WebApplicationImpl.handleRequest(WebApplicationImpl.java:1419)
	at com.sun.jersey.server.impl.application.WebApplicationImpl.handleRequest(WebApplicationImpl.java:1409)
	at com.sun.jersey.spi.container.servlet.WebComponent.service(WebComponent.java:409)
	at com.sun.jersey.spi.container.servlet.ServletContainer.service(ServletContainer.java:558)
	at com.sun.jersey.spi.container.servlet.ServletContainer.service(ServletContainer.java:733)
	at javax.servlet.http.HttpServlet.service(HttpServlet.java:590)
	at org.eclipse.jetty.servlet.ServletHolder$NotAsync.service(ServletHolder.java:1459)
	at org.eclipse.jetty.servlet.ServletHolder.handle(ServletHolder.java:799)
	at org.eclipse.jetty.servlet.ServletHandler$ChainEnd.doFilter(ServletHandler.java:1656)
	at org.apache.hadoop.crypto.key.kms.server.KMSMDCFilter.doFilter(KMSMDCFilter.java:98)
	at org.eclipse.jetty.servlet.FilterHolder.doFilter(FilterHolder.java:193)
	at org.eclipse.jetty.servlet.ServletHandler$Chain.doFilter(ServletHandler.java:1626)
	at org.apache.hadoop.security.authentication.server.AuthenticationFilter.doFilter(AuthenticationFilter.java:650)
	at org.apache.hadoop.security.token.delegation.web.DelegationTokenAuthenticationFilter.doFilter(DelegationTokenAuthenticationFilter.java:305)
	at org.apache.hadoop.security.authentication.server.AuthenticationFilter.doFilter(AuthenticationFilter.java:592)
	at org.apache.hadoop.crypto.key.kms.server.KMSAuthenticationFilter.doFilter(KMSAuthenticationFilter.java:162)
	at org.eclipse.jetty.servlet.FilterHolder.doFilter(FilterHolder.java:201)
	at org.eclipse.jetty.servlet.ServletHandler$Chain.doFilter(ServletHandler.java:1626)
	at org.apache.hadoop.http.lib.StaticUserWebFilter$StaticUserFilter.doFilter(StaticUserWebFilter.java:110)
	at org.eclipse.jetty.servlet.FilterHolder.doFilter(FilterHolder.java:193)
	at org.eclipse.jetty.servlet.ServletHandler$Chain.doFilter(ServletHandler.java:1626)
	at org.apache.hadoop.http.HttpServer2$QuotingInputFilter.doFilter(HttpServer2.java:1794)
	at org.eclipse.jetty.servlet.FilterHolder.doFilter(FilterHolder.java:193)
	at org.eclipse.jetty.servlet.ServletHandler$Chain.doFilter(ServletHandler.java:1626)
	at org.apache.hadoop.http.NoCacheFilter.doFilter(NoCacheFilter.java:45)
	at org.eclipse.jetty.servlet.FilterHolder.doFilter(FilterHolder.java:193)
	at org.eclipse.jetty.servlet.ServletHandler$Chain.doFilter(ServletHandler.java:1626)
	at org.eclipse.jetty.servlet.ServletHandler.doHandle(ServletHandler.java:552)
	at org.eclipse.jetty.server.handler.ScopedHandler.handle(ScopedHandler.java:143)
	at org.eclipse.jetty.security.SecurityHandler.handle(SecurityHandler.java:600)
	at org.eclipse.jetty.server.handler.HandlerWrapper.handle(HandlerWrapper.java:127)
	at org.eclipse.jetty.server.handler.ScopedHandler.nextHandle(ScopedHandler.java:235)
	at org.eclipse.jetty.server.session.SessionHandler.doHandle(SessionHandler.java:1624)
	at org.eclipse.jetty.server.handler.ScopedHandler.nextHandle(ScopedHandler.java:233)
	at org.eclipse.jetty.server.handler.ContextHandler.doHandle(ContextHandler.java:1440)
	at org.eclipse.jetty.server.handler.ScopedHandler.nextScope(ScopedHandler.java:188)
	at org.eclipse.jetty.servlet.ServletHandler.doScope(ServletHandler.java:505)
	at org.eclipse.jetty.server.session.SessionHandler.doScope(SessionHandler.java:1594)
	at org.eclipse.jetty.server.handler.ScopedHandler.nextScope(ScopedHandler.java:186)
	at org.eclipse.jetty.server.handler.ContextHandler.doScope(ContextHandler.java:1355)
	at org.eclipse.jetty.server.handler.ScopedHandler.handle(ScopedHandler.java:141)
	at org.eclipse.jetty.server.handler.HandlerCollection.handle(HandlerCollection.java:146)
	at org.eclipse.jetty.server.handler.HandlerWrapper.handle(HandlerWrapper.java:127)
	at org.eclipse.jetty.server.Server.handle(Server.java:512)
	at org.eclipse.jetty.server.HttpChannel.lambda$handle$1(HttpChannel.java:487)
	at org.eclipse.jetty.server.HttpChannel.dispatch(HttpChannel.java:732)
	at org.eclipse.jetty.server.HttpChannel.handle(HttpChannel.java:479)
	at org.eclipse.jetty.server.HttpConnection.onFillable(HttpConnection.java:277)
	at org.eclipse.jetty.io.AbstractConnection$ReadCallback.succeeded(AbstractConnection.java:311)
	at org.eclipse.jetty.io.FillInterest.fillable(FillInterest.java:105)
	at org.eclipse.jetty.io.ChannelEndPoint$1.run(ChannelEndPoint.java:104)
	at org.eclipse.jetty.util.thread.strategy.EatWhatYouKill.runTask(EatWhatYouKill.java:338)
	at org.eclipse.jetty.util.thread.strategy.EatWhatYouKill.doProduce(EatWhatYouKill.java:315)
	at org.eclipse.jetty.util.thread.strategy.EatWhatYouKill.tryProduce(EatWhatYouKill.java:173)
	at org.eclipse.jetty.util.thread.strategy.EatWhatYouKill.run(EatWhatYouKill.java:131)
	at org.eclipse.jetty.util.thread.ReservedThreadExecutor$ReservedThread.run(ReservedThreadExecutor.java:409)
	at org.eclipse.jetty.util.thread.QueuedThreadPool.runJob(QueuedThreadPool.java:883)
	at org.eclipse.jetty.util.thread.QueuedThreadPool$Runner.run(QueuedThreadPool.java:1034)
	at java.lang.Thread.run(Thread.java:750)
2023-07-16 18:57:18,856 [qtp1568159144-17] INFO  generators.AbstractWadlGeneratorGrammarGenerator (AbstractWadlGeneratorGrammarGenerator.java:attachTypes(479)) - Couldn't find grammar element for class javax.ws.rs.core.Response
2023-07-16 18:57:18,856 [6a04ed34-8094-474b-9acd-b8edff3f6d46@group-D09C874424CA-SegmentedRaftLogWorker] INFO  segmented.SegmentedRaftLogWorker (SegmentedRaftLogWorker.java:execute(651)) - 6a04ed34-8094-474b-9acd-b8edff3f6d46@group-D09C874424CA-SegmentedRaftLogWorker: created new log segment /home/runner/work/ozone/ozone/hadoop-ozone/integration-test/target/test-dir/MiniOzoneClusterImpl-8e52da8c-19f0-467e-9375-6950100829a3/datanode-8/data/ratis/94356f18-cc3e-4bc8-af4a-d09c874424ca/current/log_inprogress_0
2023-07-16 18:57:18,857 [qtp1568159144-17] INFO  generators.AbstractWadlGeneratorGrammarGenerator (AbstractWadlGeneratorGrammarGenerator.java:attachTypes(479)) - Couldn't find grammar element for class java.util.Map
2023-07-16 18:57:18,857 [qtp1568159144-17] INFO  generators.AbstractWadlGeneratorGrammarGenerator (AbstractWadlGeneratorGrammarGenerator.java:attachTypes(479)) - Couldn't find grammar element for class java.util.Map
2023-07-16 18:57:18,857 [qtp1568159144-17] INFO  generators.AbstractWadlGeneratorGrammarGenerator (AbstractWadlGeneratorGrammarGenerator.java:attachTypes(479)) - Couldn't find grammar element for class javax.ws.rs.core.Response
2023-07-16 18:57:18,857 [qtp1568159144-17] INFO  generators.AbstractWadlGeneratorGrammarGenerator (AbstractWadlGeneratorGrammarGenerator.java:attachTypes(479)) - Couldn't find grammar element for class java.util.Map
2023-07-16 18:57:18,858 [qtp1568159144-17] INFO  generators.AbstractWadlGeneratorGrammarGenerator (AbstractWadlGeneratorGrammarGenerator.java:attachTypes(479)) - Couldn't find grammar element for class java.util.Map
2023-07-16 18:57:18,858 [qtp1568159144-17] INFO  generators.AbstractWadlGeneratorGrammarGenerator (AbstractWadlGeneratorGrammarGenerator.java:attachTypes(479)) - Couldn't find grammar element for class javax.ws.rs.core.Response
2023-07-16 18:57:18,858 [qtp1568159144-17] INFO  generators.AbstractWadlGeneratorGrammarGenerator (AbstractWadlGeneratorGrammarGenerator.java:attachTypes(479)) - Couldn't find grammar element for class java.util.Map
2023-07-16 18:57:18,972 [qtp1568159144-20] INFO  kms-audit (SimpleKMSAuditLogger.java:logAuditEvent(59)) - OK[op=DECRYPT_EEK, key=key1, user=runner, accessCount=1, interval=0ms] 
2023-07-16 18:57:19,001 [main] INFO  impl.MetricsSystemImpl (MetricsSystemImpl.java:init(158)) - XceiverClientMetrics metrics system started (again)
2023-07-16 18:57:19,002 [main] INFO  lib.Interns (Interns.java:removeEldestEntry(50)) - Metrics intern cache overflow at 2011 for MetricsSystem={MetricsSystem=MetricsInfoImpl{name=MetricsSystem, description=MetricsSystem}, MetricsSystem record=MetricsInfoImpl{name=MetricsSystem, description=MetricsSystem record}}
2023-07-16 18:57:19,493 [IPC Server handler 19 on default port 15001] WARN  node.SCMNodeManager (SCMNodeManager.java:getNodesByAddress(1373)) - Cannot find node for address 127.0.0.1
2023-07-16 18:57:19,511 [IPC Server handler 4 on default port 15001] WARN  node.SCMNodeManager (SCMNodeManager.java:getNodesByAddress(1373)) - Cannot find node for address 127.0.0.1
2023-07-16 18:57:19,597 [7fbcf281-0606-4cdd-9e49-7a456e1aa2a0@group-C37A9F251B32-FollowerState] INFO  impl.FollowerState (FollowerState.java:run(143)) - 7fbcf281-0606-4cdd-9e49-7a456e1aa2a0@group-C37A9F251B32-FollowerState: change to CANDIDATE, lastRpcElapsedTime:5199070307ns, electionTimeout:5192ms
2023-07-16 18:57:19,597 [7fbcf281-0606-4cdd-9e49-7a456e1aa2a0@group-C37A9F251B32-FollowerState] INFO  impl.RoleInfo (RoleInfo.java:shutdownFollowerState(110)) - 7fbcf281-0606-4cdd-9e49-7a456e1aa2a0: shutdown 7fbcf281-0606-4cdd-9e49-7a456e1aa2a0@group-C37A9F251B32-FollowerState
2023-07-16 18:57:19,597 [7fbcf281-0606-4cdd-9e49-7a456e1aa2a0@group-C37A9F251B32-FollowerState] INFO  server.RaftServer$Division (RaftServerImpl.java:setRole(329)) - 7fbcf281-0606-4cdd-9e49-7a456e1aa2a0@group-C37A9F251B32: changes role from  FOLLOWER to CANDIDATE at term 0 for changeToCandidate
2023-07-16 18:57:19,597 [7fbcf281-0606-4cdd-9e49-7a456e1aa2a0@group-C37A9F251B32-FollowerState] INFO  server.RaftServerConfigKeys (ConfUtils.java:logGet(46)) - raft.server.leaderelection.pre-vote = true (default)
2023-07-16 18:57:19,597 [7fbcf281-0606-4cdd-9e49-7a456e1aa2a0@group-C37A9F251B32-FollowerState] INFO  impl.RoleInfo (RoleInfo.java:updateAndGet(139)) - 7fbcf281-0606-4cdd-9e49-7a456e1aa2a0: start 7fbcf281-0606-4cdd-9e49-7a456e1aa2a0@group-C37A9F251B32-LeaderElection20
2023-07-16 18:57:19,600 [7fbcf281-0606-4cdd-9e49-7a456e1aa2a0@group-C37A9F251B32-LeaderElection20] INFO  impl.LeaderElection (LeaderElection.java:askForVotes(321)) - 7fbcf281-0606-4cdd-9e49-7a456e1aa2a0@group-C37A9F251B32-LeaderElection20 PRE_VOTE round 0: submit vote requests at term 0 for -1: peers:[7fbcf281-0606-4cdd-9e49-7a456e1aa2a0|rpc:10.1.0.14:15095|admin:10.1.0.14:15094|client:10.1.0.14:15093|dataStream:10.1.0.14:15096|priority:1|startupRole:FOLLOWER]|listeners:[], old=null
2023-07-16 18:57:19,600 [7fbcf281-0606-4cdd-9e49-7a456e1aa2a0@group-C37A9F251B32-LeaderElection20] INFO  impl.LeaderElection (LeaderElection.java:askForVotes(323)) - 7fbcf281-0606-4cdd-9e49-7a456e1aa2a0@group-C37A9F251B32-LeaderElection20 PRE_VOTE round 0: result PASSED (term=0)
2023-07-16 18:57:19,601 [7fbcf281-0606-4cdd-9e49-7a456e1aa2a0@group-C37A9F251B32-LeaderElection20] INFO  impl.LeaderElection (LeaderElection.java:askForVotes(321)) - 7fbcf281-0606-4cdd-9e49-7a456e1aa2a0@group-C37A9F251B32-LeaderElection20 ELECTION round 0: submit vote requests at term 1 for -1: peers:[7fbcf281-0606-4cdd-9e49-7a456e1aa2a0|rpc:10.1.0.14:15095|admin:10.1.0.14:15094|client:10.1.0.14:15093|dataStream:10.1.0.14:15096|priority:1|startupRole:FOLLOWER]|listeners:[], old=null
2023-07-16 18:57:19,602 [7fbcf281-0606-4cdd-9e49-7a456e1aa2a0@group-C37A9F251B32-LeaderElection20] INFO  impl.LeaderElection (LeaderElection.java:askForVotes(323)) - 7fbcf281-0606-4cdd-9e49-7a456e1aa2a0@group-C37A9F251B32-LeaderElection20 ELECTION round 0: result PASSED (term=1)
2023-07-16 18:57:19,602 [7fbcf281-0606-4cdd-9e49-7a456e1aa2a0@group-C37A9F251B32-LeaderElection20] INFO  impl.RoleInfo (RoleInfo.java:shutdownLeaderElection(130)) - 7fbcf281-0606-4cdd-9e49-7a456e1aa2a0: shutdown 7fbcf281-0606-4cdd-9e49-7a456e1aa2a0@group-C37A9F251B32-LeaderElection20
2023-07-16 18:57:19,602 [7fbcf281-0606-4cdd-9e49-7a456e1aa2a0@group-C37A9F251B32-LeaderElection20] INFO  server.RaftServer$Division (RaftServerImpl.java:setRole(329)) - 7fbcf281-0606-4cdd-9e49-7a456e1aa2a0@group-C37A9F251B32: changes role from CANDIDATE to LEADER at term 1 for changeToLeader
2023-07-16 18:57:19,602 [7fbcf281-0606-4cdd-9e49-7a456e1aa2a0@group-C37A9F251B32-LeaderElection20] INFO  ratis.XceiverServerRatis (XceiverServerRatis.java:handleLeaderChangedNotification(902)) - Leader change notification received for group: group-C37A9F251B32 with new leaderId: 7fbcf281-0606-4cdd-9e49-7a456e1aa2a0
2023-07-16 18:57:19,602 [7fbcf281-0606-4cdd-9e49-7a456e1aa2a0@group-C37A9F251B32-LeaderElection20] INFO  server.RaftServer$Division (ServerState.java:setLeader(317)) - 7fbcf281-0606-4cdd-9e49-7a456e1aa2a0@group-C37A9F251B32: change Leader from null to 7fbcf281-0606-4cdd-9e49-7a456e1aa2a0 at term 1 for becomeLeader, leader elected after 5219ms
2023-07-16 18:57:19,602 [7fbcf281-0606-4cdd-9e49-7a456e1aa2a0@group-C37A9F251B32-LeaderElection20] INFO  server.RaftServerConfigKeys (ConfUtils.java:logGet(46)) - raft.server.staging.catchup.gap = 1000 (default)
2023-07-16 18:57:19,602 [7fbcf281-0606-4cdd-9e49-7a456e1aa2a0@group-C37A9F251B32-LeaderElection20] INFO  server.RaftServerConfigKeys (ConfUtils.java:logGet(46)) - raft.server.write.element-limit = 1024 (custom)
2023-07-16 18:57:19,602 [7fbcf281-0606-4cdd-9e49-7a456e1aa2a0@group-C37A9F251B32-LeaderElection20] INFO  server.RaftServerConfigKeys (ConfUtils.java:logGet(46)) - raft.server.write.byte-limit = 1024 M (=1073741824) (custom)
2023-07-16 18:57:19,602 [7fbcf281-0606-4cdd-9e49-7a456e1aa2a0@group-C37A9F251B32-LeaderElection20] INFO  server.RaftServerConfigKeys (ConfUtils.java:logGet(46)) - raft.server.watch.timeout = 180s (custom)
2023-07-16 18:57:19,602 [7fbcf281-0606-4cdd-9e49-7a456e1aa2a0@group-C37A9F251B32-LeaderElection20] INFO  server.RaftServerConfigKeys (ConfUtils.java:logGet(46)) - raft.server.watch.timeout.denomination = 1s (default)
2023-07-16 18:57:19,603 [7fbcf281-0606-4cdd-9e49-7a456e1aa2a0@group-C37A9F251B32-LeaderElection20] INFO  server.RaftServerConfigKeys (ConfUtils.java:logGet(46)) - raft.server.watch.element-limit = 65536 (default)
2023-07-16 18:57:19,603 [7fbcf281-0606-4cdd-9e49-7a456e1aa2a0@group-C37A9F251B32-LeaderElection20] INFO  server.RaftServerConfigKeys (ConfUtils.java:logGet(46)) - raft.server.write.element-limit = 1024 (custom)
2023-07-16 18:57:19,603 [7fbcf281-0606-4cdd-9e49-7a456e1aa2a0@group-C37A9F251B32-LeaderElection20] INFO  server.RaftServerConfigKeys (ConfUtils.java:logGet(46)) - raft.server.write.follower.gap.ratio.max = -1.0 (default)
2023-07-16 18:57:19,603 [7fbcf281-0606-4cdd-9e49-7a456e1aa2a0@group-C37A9F251B32-LeaderElection20] INFO  impl.RoleInfo (RoleInfo.java:updateAndGet(139)) - 7fbcf281-0606-4cdd-9e49-7a456e1aa2a0: start 7fbcf281-0606-4cdd-9e49-7a456e1aa2a0@group-C37A9F251B32-LeaderStateImpl
2023-07-16 18:57:19,603 [7fbcf281-0606-4cdd-9e49-7a456e1aa2a0@group-C37A9F251B32-LeaderElection20] INFO  segmented.SegmentedRaftLogWorker (SegmentedRaftLogWorker.java:startLogSegment(447)) - 7fbcf281-0606-4cdd-9e49-7a456e1aa2a0@group-C37A9F251B32-SegmentedRaftLogWorker: Starting segment from index:0
2023-07-16 18:57:19,606 [7fbcf281-0606-4cdd-9e49-7a456e1aa2a0@group-C37A9F251B32-SegmentedRaftLogWorker] INFO  segmented.SegmentedRaftLogWorker (SegmentedRaftLogWorker.java:execute(651)) - 7fbcf281-0606-4cdd-9e49-7a456e1aa2a0@group-C37A9F251B32-SegmentedRaftLogWorker: created new log segment /home/runner/work/ozone/ozone/hadoop-ozone/integration-test/target/test-dir/MiniOzoneClusterImpl-8e52da8c-19f0-467e-9375-6950100829a3/datanode-9/data/ratis/6995b20d-7a2a-4778-8d99-c37a9f251b32/current/log_inprogress_0
2023-07-16 18:57:19,607 [7fbcf281-0606-4cdd-9e49-7a456e1aa2a0@group-C37A9F251B32-LeaderElection20] INFO  server.RaftServer$Division (ServerState.java:setRaftConf(434)) - 7fbcf281-0606-4cdd-9e49-7a456e1aa2a0@group-C37A9F251B32: set configuration 0: peers:[7fbcf281-0606-4cdd-9e49-7a456e1aa2a0|rpc:10.1.0.14:15095|admin:10.1.0.14:15094|client:10.1.0.14:15093|dataStream:10.1.0.14:15096|priority:1|startupRole:FOLLOWER]|listeners:[], old=null
2023-07-16 18:57:19,681 [main] INFO  client.DataStreamClient (ConfUtils.java:logGet(46)) - raft.datastream.type = NETTY (custom)
2023-07-16 18:57:19,686 [main] INFO  netty.NettyConfigKeys$DataStream (ConfUtils.java:logGet(46)) - raft.netty.dataStream.client.tls.conf = null (default)
2023-07-16 18:57:19,686 [main] INFO  netty.NettyConfigKeys$DataStream (ConfUtils.java:logGet(46)) - raft.netty.dataStream.client.reply.queue.grace-period = 1s (default)
2023-07-16 18:57:19,690 [main] INFO  netty.NettyConfigKeys$DataStream (ConfUtils.java:logGet(46)) - raft.netty.dataStream.client.worker-group.share = false (default)
2023-07-16 18:57:19,690 [main] INFO  netty.NettyConfigKeys$DataStream (ConfUtils.java:logGet(46)) - raft.netty.dataStream.client.worker-group.size = 4 (default)
2023-07-16 18:57:19,719 [262e2cc5-1901-4d20-b00f-c120f2342a1b-NettyServerStreamRpc-bossGroup--thread1] INFO  logging.LoggingHandler (AbstractInternalLogger.java:log(148)) - [id: 0x87407e09, L:/0:0:0:0:0:0:0:0:15042] READ: [id: 0x8c676be4, L:/10.1.0.14:15042 - R:/10.1.0.14:36660]
2023-07-16 18:57:19,721 [262e2cc5-1901-4d20-b00f-c120f2342a1b-NettyServerStreamRpc-bossGroup--thread1] INFO  logging.LoggingHandler (AbstractInternalLogger.java:log(148)) - [id: 0x87407e09, L:/0:0:0:0:0:0:0:0:15042] READ COMPLETE
2023-07-16 18:57:19,860 [IPC Server handler 19 on default port 15001] WARN  node.SCMNodeManager (SCMNodeManager.java:getNodesByAddress(1373)) - Cannot find node for address 127.0.0.1
2023-07-16 18:57:19,866 [IPC Server handler 4 on default port 15001] WARN  node.SCMNodeManager (SCMNodeManager.java:getNodesByAddress(1373)) - Cannot find node for address 127.0.0.1
]]></system-out>
    <system-err><![CDATA[ERROR StatusLogger Reconfiguration failed: No configuration found for '18b4aac2' at 'null' in 'null'
]]></system-err>
  </testcase>
  <testcase name="testPutKeyWithEncryption" classname="TestOzoneAtRestEncryption" time="0.095">
    <system-out><![CDATA[2023-07-16 18:57:41,143 [main] INFO  rpc.RpcClient (RpcClient.java:createVolume(460)) - Creating Volume: ff7e0876-ecf7-4e9a-8c38-032ee46aa3c2, with runner as owner and space quota set to -1 bytes, counts quota set to -1
2023-07-16 18:57:41,146 [OM StateMachine ApplyTransaction Thread - 0] INFO  volume.OMVolumeCreateRequest (OMVolumeCreateRequest.java:validateAndUpdateCache(196)) - created volume:ff7e0876-ecf7-4e9a-8c38-032ee46aa3c2 for user:runner
2023-07-16 18:57:41,148 [main] INFO  rpc.RpcClient (RpcClient.java:createBucket(687)) - Creating Bucket: ff7e0876-ecf7-4e9a-8c38-032ee46aa3c2/6c3a331e-e03f-4ed6-bcda-5f001706aec8, with bucket layout OBJECT_STORE, runner as owner, Versioning false, Storage Type set to DISK and Encryption set to true, Replication Type set to server-side default replication type, Namespace Quota set to -1, Space Quota set to -1 
2023-07-16 18:57:41,150 [qtp1568159144-20] INFO  kms-audit (SimpleKMSAuditLogger.java:logAuditSimpleFormat(93)) - OK[op=GET_METADATA, key=key1, user=runner] 
2023-07-16 18:57:41,153 [OM StateMachine ApplyTransaction Thread - 0] INFO  bucket.OMBucketCreateRequest (OMBucketCreateRequest.java:validateAndUpdateCache(270)) - created bucket: 6c3a331e-e03f-4ed6-bcda-5f001706aec8 of layout OBJECT_STORE in volume: ff7e0876-ecf7-4e9a-8c38-032ee46aa3c2
2023-07-16 18:57:41,178 [IPC Server handler 17 on default port 15001] WARN  node.SCMNodeManager (SCMNodeManager.java:getNodesByAddress(1373)) - Cannot find node for address 127.0.0.1
2023-07-16 18:57:41,181 [IPC Server handler 8 on default port 15001] WARN  node.SCMNodeManager (SCMNodeManager.java:getNodesByAddress(1373)) - Cannot find node for address 127.0.0.1
2023-07-16 18:57:41,215 [IPC Server handler 13 on default port 15001] WARN  node.SCMNodeManager (SCMNodeManager.java:getNodesByAddress(1373)) - Cannot find node for address 127.0.0.1
2023-07-16 18:57:41,218 [IPC Server handler 1 on default port 15001] WARN  node.SCMNodeManager (SCMNodeManager.java:getNodesByAddress(1373)) - Cannot find node for address 127.0.0.1
]]></system-out>
  </testcase>
  <testcase name="testMPUwithOnePart" classname="TestOzoneAtRestEncryption" time="1.368">
    <system-out><![CDATA[2023-07-16 18:57:19,902 [main] INFO  rpc.RpcClient (RpcClient.java:createVolume(460)) - Creating Volume: 94d4e9a3-9d3c-4fd6-bae2-951d9b1aaba6, with runner as owner and space quota set to -1 bytes, counts quota set to -1
2023-07-16 18:57:19,906 [OM StateMachine ApplyTransaction Thread - 0] INFO  volume.OMVolumeCreateRequest (OMVolumeCreateRequest.java:validateAndUpdateCache(196)) - created volume:94d4e9a3-9d3c-4fd6-bae2-951d9b1aaba6 for user:runner
2023-07-16 18:57:19,909 [main] INFO  rpc.RpcClient (RpcClient.java:createBucket(687)) - Creating Bucket: 94d4e9a3-9d3c-4fd6-bae2-951d9b1aaba6/af3ae4bd-524a-4dd5-a1dd-f023262f795c, with bucket layout FILE_SYSTEM_OPTIMIZED, runner as owner, Versioning false, Storage Type set to DISK and Encryption set to true, Replication Type set to server-side default replication type, Namespace Quota set to -1, Space Quota set to -1 
2023-07-16 18:57:19,922 [qtp1568159144-20] INFO  kms-audit (SimpleKMSAuditLogger.java:logAuditSimpleFormat(93)) - OK[op=GET_METADATA, key=key1, user=runner] 
2023-07-16 18:57:19,926 [OM StateMachine ApplyTransaction Thread - 0] INFO  bucket.OMBucketCreateRequest (OMBucketCreateRequest.java:validateAndUpdateCache(270)) - created bucket: af3ae4bd-524a-4dd5-a1dd-f023262f795c of layout FILE_SYSTEM_OPTIMIZED in volume: 94d4e9a3-9d3c-4fd6-bae2-951d9b1aaba6
2023-07-16 18:57:20,494 [IPC Server handler 17 on default port 15001] WARN  node.SCMNodeManager (SCMNodeManager.java:getNodesByAddress(1373)) - Cannot find node for address 127.0.0.1
2023-07-16 18:57:20,496 [IPC Server handler 12 on default port 15001] WARN  node.SCMNodeManager (SCMNodeManager.java:getNodesByAddress(1373)) - Cannot find node for address 127.0.0.1
2023-07-16 18:57:20,497 [IPC Server handler 5 on default port 15001] WARN  node.SCMNodeManager (SCMNodeManager.java:getNodesByAddress(1373)) - Cannot find node for address 127.0.0.1
2023-07-16 18:57:20,498 [IPC Server handler 10 on default port 15001] WARN  node.SCMNodeManager (SCMNodeManager.java:getNodesByAddress(1373)) - Cannot find node for address 127.0.0.1
]]></system-out>
  </testcase>
  <testcase name="testMPUwithOnePart" classname="TestOzoneAtRestEncryption" time="0.392">
    <system-out><![CDATA[2023-07-16 18:57:41,238 [main] INFO  rpc.RpcClient (RpcClient.java:createVolume(460)) - Creating Volume: 701a764d-9869-4917-a30c-476c3f811f7a, with runner as owner and space quota set to -1 bytes, counts quota set to -1
2023-07-16 18:57:41,241 [OM StateMachine ApplyTransaction Thread - 0] INFO  volume.OMVolumeCreateRequest (OMVolumeCreateRequest.java:validateAndUpdateCache(196)) - created volume:701a764d-9869-4917-a30c-476c3f811f7a for user:runner
2023-07-16 18:57:41,243 [main] INFO  rpc.RpcClient (RpcClient.java:createBucket(687)) - Creating Bucket: 701a764d-9869-4917-a30c-476c3f811f7a/a62fce7e-1025-4681-bcb4-8b6ef2de596d, with bucket layout OBJECT_STORE, runner as owner, Versioning false, Storage Type set to DISK and Encryption set to true, Replication Type set to server-side default replication type, Namespace Quota set to -1, Space Quota set to -1 
2023-07-16 18:57:41,245 [qtp1568159144-17] INFO  kms-audit (SimpleKMSAuditLogger.java:logAuditSimpleFormat(93)) - OK[op=GET_METADATA, key=key1, user=runner] 
2023-07-16 18:57:41,248 [OM StateMachine ApplyTransaction Thread - 0] INFO  bucket.OMBucketCreateRequest (OMBucketCreateRequest.java:validateAndUpdateCache(270)) - created bucket: a62fce7e-1025-4681-bcb4-8b6ef2de596d of layout OBJECT_STORE in volume: 701a764d-9869-4917-a30c-476c3f811f7a
2023-07-16 18:57:41,373 [IPC Server handler 18 on default port 15001] WARN  node.SCMNodeManager (SCMNodeManager.java:getNodesByAddress(1373)) - Cannot find node for address 127.0.0.1
2023-07-16 18:57:41,374 [IPC Server handler 6 on default port 15001] WARN  node.SCMNodeManager (SCMNodeManager.java:getNodesByAddress(1373)) - Cannot find node for address 127.0.0.1
2023-07-16 18:57:41,374 [IPC Server handler 4 on default port 15001] WARN  node.SCMNodeManager (SCMNodeManager.java:getNodesByAddress(1373)) - Cannot find node for address 127.0.0.1
2023-07-16 18:57:41,375 [IPC Server handler 2 on default port 15001] WARN  node.SCMNodeManager (SCMNodeManager.java:getNodesByAddress(1373)) - Cannot find node for address 127.0.0.1
2023-07-16 18:57:41,376 [IPC Server handler 15 on default port 15001] WARN  node.SCMNodeManager (SCMNodeManager.java:getNodesByAddress(1373)) - Cannot find node for address 127.0.0.1
]]></system-out>
  </testcase>
  <testcase name="testLinkEncryptedBuckets" classname="TestOzoneAtRestEncryption" time="0.302">
    <system-out><![CDATA[2023-07-16 18:57:21,272 [main] INFO  rpc.RpcClient (RpcClient.java:createVolume(460)) - Creating Volume: 043a22ff-cc5f-4357-8a14-cd7ef46ae961, with runner as owner and space quota set to -1 bytes, counts quota set to -1
2023-07-16 18:57:21,276 [OM StateMachine ApplyTransaction Thread - 0] INFO  volume.OMVolumeCreateRequest (OMVolumeCreateRequest.java:validateAndUpdateCache(196)) - created volume:043a22ff-cc5f-4357-8a14-cd7ef46ae961 for user:runner
2023-07-16 18:57:21,278 [main] INFO  rpc.RpcClient (RpcClient.java:createBucket(687)) - Creating Bucket: 043a22ff-cc5f-4357-8a14-cd7ef46ae961/95f85259-9e6f-46dd-b493-3dbc1fd4995f, with bucket layout FILE_SYSTEM_OPTIMIZED, runner as owner, Versioning false, Storage Type set to DISK and Encryption set to true, Replication Type set to server-side default replication type, Namespace Quota set to -1, Space Quota set to -1 
2023-07-16 18:57:21,281 [qtp1568159144-20] INFO  kms-audit (SimpleKMSAuditLogger.java:logAuditSimpleFormat(93)) - OK[op=GET_METADATA, key=key1, user=runner] 
2023-07-16 18:57:21,285 [OM StateMachine ApplyTransaction Thread - 0] INFO  bucket.OMBucketCreateRequest (OMBucketCreateRequest.java:validateAndUpdateCache(270)) - created bucket: 95f85259-9e6f-46dd-b493-3dbc1fd4995f of layout FILE_SYSTEM_OPTIMIZED in volume: 043a22ff-cc5f-4357-8a14-cd7ef46ae961
2023-07-16 18:57:21,287 [main] INFO  rpc.RpcClient (RpcClient.java:createVolume(460)) - Creating Volume: 9b4a0a68-c952-46b2-be66-17c86e56e86e, with runner as owner and space quota set to -1 bytes, counts quota set to -1
2023-07-16 18:57:21,290 [OM StateMachine ApplyTransaction Thread - 0] INFO  volume.OMVolumeCreateRequest (OMVolumeCreateRequest.java:validateAndUpdateCache(196)) - created volume:9b4a0a68-c952-46b2-be66-17c86e56e86e for user:runner
2023-07-16 18:57:21,292 [main] INFO  rpc.RpcClient (RpcClient.java:createBucket(687)) - Creating Bucket: 9b4a0a68-c952-46b2-be66-17c86e56e86e/e59dabe2-3c56-4ef8-894d-39a9f855b040, with bucket layout FILE_SYSTEM_OPTIMIZED, runner as owner, Versioning false, Storage Type set to DISK and Encryption set to false, Replication Type set to server-side default replication type, Namespace Quota set to -1, Space Quota set to -1 
2023-07-16 18:57:21,295 [OM StateMachine ApplyTransaction Thread - 0] INFO  bucket.OMBucketCreateRequest (OMBucketCreateRequest.java:validateAndUpdateCache(270)) - created bucket: e59dabe2-3c56-4ef8-894d-39a9f855b040 of layout FILE_SYSTEM_OPTIMIZED in volume: 9b4a0a68-c952-46b2-be66-17c86e56e86e
2023-07-16 18:57:21,370 [IPC Server handler 0 on default port 15001] WARN  node.SCMNodeManager (SCMNodeManager.java:getNodesByAddress(1373)) - Cannot find node for address 127.0.0.1
2023-07-16 18:57:21,374 [IPC Server handler 17 on default port 15001] WARN  node.SCMNodeManager (SCMNodeManager.java:getNodesByAddress(1373)) - Cannot find node for address 127.0.0.1
2023-07-16 18:57:21,419 [main] INFO  client.DataStreamClient (ConfUtils.java:logGet(46)) - raft.datastream.type = NETTY (custom)
2023-07-16 18:57:21,419 [main] INFO  netty.NettyConfigKeys$DataStream (ConfUtils.java:logGet(46)) - raft.netty.dataStream.client.tls.conf = null (default)
2023-07-16 18:57:21,419 [main] INFO  netty.NettyConfigKeys$DataStream (ConfUtils.java:logGet(46)) - raft.netty.dataStream.client.reply.queue.grace-period = 1s (default)
2023-07-16 18:57:21,419 [main] INFO  netty.NettyConfigKeys$DataStream (ConfUtils.java:logGet(46)) - raft.netty.dataStream.client.worker-group.share = false (default)
2023-07-16 18:57:21,420 [main] INFO  netty.NettyConfigKeys$DataStream (ConfUtils.java:logGet(46)) - raft.netty.dataStream.client.worker-group.size = 4 (default)
2023-07-16 18:57:21,425 [0b1f3054-766a-487f-b63d-c6e216ac8926-NettyServerStreamRpc-bossGroup--thread1] INFO  logging.LoggingHandler (AbstractInternalLogger.java:log(148)) - [id: 0x5a0a41da, L:/0:0:0:0:0:0:0:0:15060] READ: [id: 0xe6588943, L:/10.1.0.14:15060 - R:/10.1.0.14:42696]
2023-07-16 18:57:21,427 [0b1f3054-766a-487f-b63d-c6e216ac8926-NettyServerStreamRpc-bossGroup--thread1] INFO  logging.LoggingHandler (AbstractInternalLogger.java:log(148)) - [id: 0x5a0a41da, L:/0:0:0:0:0:0:0:0:15060] READ COMPLETE
2023-07-16 18:57:21,540 [IPC Server handler 1 on default port 15001] WARN  node.SCMNodeManager (SCMNodeManager.java:getNodesByAddress(1373)) - Cannot find node for address 127.0.0.1
2023-07-16 18:57:21,544 [IPC Server handler 13 on default port 15001] WARN  node.SCMNodeManager (SCMNodeManager.java:getNodesByAddress(1373)) - Cannot find node for address 127.0.0.1
]]></system-out>
  </testcase>
  <testcase name="testLinkEncryptedBuckets" classname="TestOzoneAtRestEncryption" time="0.095">
    <system-out><![CDATA[2023-07-16 18:57:41,633 [main] INFO  rpc.RpcClient (RpcClient.java:createVolume(460)) - Creating Volume: 1a196af0-61d0-412e-a89a-475afa216917, with runner as owner and space quota set to -1 bytes, counts quota set to -1
2023-07-16 18:57:41,637 [OM StateMachine ApplyTransaction Thread - 0] INFO  volume.OMVolumeCreateRequest (OMVolumeCreateRequest.java:validateAndUpdateCache(196)) - created volume:1a196af0-61d0-412e-a89a-475afa216917 for user:runner
2023-07-16 18:57:41,639 [main] INFO  rpc.RpcClient (RpcClient.java:createBucket(687)) - Creating Bucket: 1a196af0-61d0-412e-a89a-475afa216917/9075ddcb-6d12-4bbb-9f24-dd62fd96ae5b, with bucket layout OBJECT_STORE, runner as owner, Versioning false, Storage Type set to DISK and Encryption set to true, Replication Type set to server-side default replication type, Namespace Quota set to -1, Space Quota set to -1 
2023-07-16 18:57:41,641 [qtp1568159144-20] INFO  kms-audit (SimpleKMSAuditLogger.java:logAuditSimpleFormat(93)) - OK[op=GET_METADATA, key=key1, user=runner] 
2023-07-16 18:57:41,644 [OM StateMachine ApplyTransaction Thread - 0] INFO  bucket.OMBucketCreateRequest (OMBucketCreateRequest.java:validateAndUpdateCache(270)) - created bucket: 9075ddcb-6d12-4bbb-9f24-dd62fd96ae5b of layout OBJECT_STORE in volume: 1a196af0-61d0-412e-a89a-475afa216917
2023-07-16 18:57:41,645 [main] INFO  rpc.RpcClient (RpcClient.java:createVolume(460)) - Creating Volume: 4d8e4d5e-ab56-4155-b575-69715a51ad38, with runner as owner and space quota set to -1 bytes, counts quota set to -1
2023-07-16 18:57:41,647 [OM StateMachine ApplyTransaction Thread - 0] INFO  volume.OMVolumeCreateRequest (OMVolumeCreateRequest.java:validateAndUpdateCache(196)) - created volume:4d8e4d5e-ab56-4155-b575-69715a51ad38 for user:runner
2023-07-16 18:57:41,648 [main] INFO  rpc.RpcClient (RpcClient.java:createBucket(687)) - Creating Bucket: 4d8e4d5e-ab56-4155-b575-69715a51ad38/cc756322-fd72-4b27-8f2e-0771c63b22a3, with bucket layout OBJECT_STORE, runner as owner, Versioning false, Storage Type set to DISK and Encryption set to false, Replication Type set to server-side default replication type, Namespace Quota set to -1, Space Quota set to -1 
2023-07-16 18:57:41,650 [OM StateMachine ApplyTransaction Thread - 0] INFO  bucket.OMBucketCreateRequest (OMBucketCreateRequest.java:validateAndUpdateCache(270)) - created bucket: cc756322-fd72-4b27-8f2e-0771c63b22a3 of layout OBJECT_STORE in volume: 4d8e4d5e-ab56-4155-b575-69715a51ad38
2023-07-16 18:57:41,675 [IPC Server handler 17 on default port 15001] WARN  node.SCMNodeManager (SCMNodeManager.java:getNodesByAddress(1373)) - Cannot find node for address 127.0.0.1
2023-07-16 18:57:41,678 [IPC Server handler 8 on default port 15001] WARN  node.SCMNodeManager (SCMNodeManager.java:getNodesByAddress(1373)) - Cannot find node for address 127.0.0.1
2023-07-16 18:57:41,710 [IPC Server handler 13 on default port 15001] WARN  node.SCMNodeManager (SCMNodeManager.java:getNodesByAddress(1373)) - Cannot find node for address 127.0.0.1
2023-07-16 18:57:41,713 [IPC Server handler 1 on default port 15001] WARN  node.SCMNodeManager (SCMNodeManager.java:getNodesByAddress(1373)) - Cannot find node for address 127.0.0.1
]]></system-out>
  </testcase>
  <testcase name="testMPUwithTwoParts" classname="TestOzoneAtRestEncryption" time="2.137">
    <system-out><![CDATA[2023-07-16 18:57:21,575 [main] INFO  rpc.RpcClient (RpcClient.java:createVolume(460)) - Creating Volume: faae909a-44e8-444a-bd1a-108cb12d3ec8, with runner as owner and space quota set to -1 bytes, counts quota set to -1
2023-07-16 18:57:21,578 [OM StateMachine ApplyTransaction Thread - 0] INFO  volume.OMVolumeCreateRequest (OMVolumeCreateRequest.java:validateAndUpdateCache(196)) - created volume:faae909a-44e8-444a-bd1a-108cb12d3ec8 for user:runner
2023-07-16 18:57:21,581 [main] INFO  rpc.RpcClient (RpcClient.java:createBucket(687)) - Creating Bucket: faae909a-44e8-444a-bd1a-108cb12d3ec8/7d4b4718-5360-4655-953c-22b5d6036d24, with bucket layout FILE_SYSTEM_OPTIMIZED, runner as owner, Versioning false, Storage Type set to DISK and Encryption set to true, Replication Type set to server-side default replication type, Namespace Quota set to -1, Space Quota set to -1 
2023-07-16 18:57:21,583 [qtp1568159144-17] INFO  kms-audit (SimpleKMSAuditLogger.java:logAuditSimpleFormat(93)) - OK[op=GET_METADATA, key=key1, user=runner] 
2023-07-16 18:57:21,587 [OM StateMachine ApplyTransaction Thread - 0] INFO  bucket.OMBucketCreateRequest (OMBucketCreateRequest.java:validateAndUpdateCache(270)) - created bucket: 7d4b4718-5360-4655-953c-22b5d6036d24 of layout FILE_SYSTEM_OPTIMIZED in volume: faae909a-44e8-444a-bd1a-108cb12d3ec8
2023-07-16 18:57:22,549 [OM StateMachine ApplyTransaction Thread - 0] DEBUG db.CodecBuffer (CodecBuffer.java:setCapacity(212)) - setCapacity: 4096 -> 10898, max=2147483647
2023-07-16 18:57:22,560 [IPC Server handler 11 on default port 15001] WARN  node.SCMNodeManager (SCMNodeManager.java:getNodesByAddress(1373)) - Cannot find node for address 127.0.0.1
2023-07-16 18:57:22,561 [IPC Server handler 9 on default port 15001] WARN  node.SCMNodeManager (SCMNodeManager.java:getNodesByAddress(1373)) - Cannot find node for address 127.0.0.1
2023-07-16 18:57:22,562 [IPC Server handler 18 on default port 15001] WARN  node.SCMNodeManager (SCMNodeManager.java:getNodesByAddress(1373)) - Cannot find node for address 127.0.0.1
2023-07-16 18:57:22,563 [IPC Server handler 6 on default port 15001] WARN  node.SCMNodeManager (SCMNodeManager.java:getNodesByAddress(1373)) - Cannot find node for address 127.0.0.1
2023-07-16 18:57:22,564 [IPC Server handler 15 on default port 15001] WARN  node.SCMNodeManager (SCMNodeManager.java:getNodesByAddress(1373)) - Cannot find node for address 127.0.0.1
2023-07-16 18:57:22,565 [IPC Server handler 2 on default port 15001] WARN  node.SCMNodeManager (SCMNodeManager.java:getNodesByAddress(1373)) - Cannot find node for address 127.0.0.1
2023-07-16 18:57:22,565 [IPC Server handler 19 on default port 15001] WARN  node.SCMNodeManager (SCMNodeManager.java:getNodesByAddress(1373)) - Cannot find node for address 127.0.0.1
2023-07-16 18:57:22,566 [IPC Server handler 4 on default port 15001] WARN  node.SCMNodeManager (SCMNodeManager.java:getNodesByAddress(1373)) - Cannot find node for address 127.0.0.1
2023-07-16 18:57:22,701 [262e2cc5-1901-4d20-b00f-c120f2342a1b@group-49059D15333A-FollowerState] INFO  impl.FollowerState (FollowerState.java:run(143)) - 262e2cc5-1901-4d20-b00f-c120f2342a1b@group-49059D15333A-FollowerState: change to CANDIDATE, lastRpcElapsedTime:10665275778ns, electionTimeout:5051ms
2023-07-16 18:57:22,701 [262e2cc5-1901-4d20-b00f-c120f2342a1b@group-49059D15333A-FollowerState] INFO  impl.RoleInfo (RoleInfo.java:shutdownFollowerState(110)) - 262e2cc5-1901-4d20-b00f-c120f2342a1b: shutdown 262e2cc5-1901-4d20-b00f-c120f2342a1b@group-49059D15333A-FollowerState
2023-07-16 18:57:22,701 [262e2cc5-1901-4d20-b00f-c120f2342a1b@group-49059D15333A-FollowerState] INFO  server.RaftServer$Division (RaftServerImpl.java:setRole(329)) - 262e2cc5-1901-4d20-b00f-c120f2342a1b@group-49059D15333A: changes role from  FOLLOWER to CANDIDATE at term 0 for changeToCandidate
2023-07-16 18:57:22,701 [262e2cc5-1901-4d20-b00f-c120f2342a1b@group-49059D15333A-FollowerState] INFO  server.RaftServerConfigKeys (ConfUtils.java:logGet(46)) - raft.server.leaderelection.pre-vote = true (default)
2023-07-16 18:57:22,701 [262e2cc5-1901-4d20-b00f-c120f2342a1b@group-49059D15333A-FollowerState] INFO  impl.RoleInfo (RoleInfo.java:updateAndGet(139)) - 262e2cc5-1901-4d20-b00f-c120f2342a1b: start 262e2cc5-1901-4d20-b00f-c120f2342a1b@group-49059D15333A-LeaderElection21
2023-07-16 18:57:22,720 [262e2cc5-1901-4d20-b00f-c120f2342a1b@group-49059D15333A-LeaderElection21] INFO  impl.LeaderElection (LeaderElection.java:askForVotes(321)) - 262e2cc5-1901-4d20-b00f-c120f2342a1b@group-49059D15333A-LeaderElection21 PRE_VOTE round 0: submit vote requests at term 0 for -1: peers:[262e2cc5-1901-4d20-b00f-c120f2342a1b|rpc:10.1.0.14:15041|admin:10.1.0.14:15040|client:10.1.0.14:15039|dataStream:10.1.0.14:15042|priority:1|startupRole:FOLLOWER, 9a50ebc8-888b-4605-8efe-fc16cf713d78|rpc:10.1.0.14:15050|admin:10.1.0.14:15049|client:10.1.0.14:15048|dataStream:10.1.0.14:15051|priority:0|startupRole:FOLLOWER, 0b1f3054-766a-487f-b63d-c6e216ac8926|rpc:10.1.0.14:15059|admin:10.1.0.14:15058|client:10.1.0.14:15057|dataStream:10.1.0.14:15060|priority:0|startupRole:FOLLOWER]|listeners:[], old=null
2023-07-16 18:57:22,724 [grpc-default-executor-2] INFO  server.RaftServer$Division (RaftServerImpl.java:requestVote(1302)) - 9a50ebc8-888b-4605-8efe-fc16cf713d78@group-49059D15333A: receive requestVote(PRE_VOTE, 262e2cc5-1901-4d20-b00f-c120f2342a1b, group-49059D15333A, 0, (t:0, i:0))
2023-07-16 18:57:22,724 [grpc-default-executor-2] INFO  impl.VoteContext (VoteContext.java:log(49)) - 9a50ebc8-888b-4605-8efe-fc16cf713d78@group-49059D15333A-FOLLOWER: accept PRE_VOTE from 262e2cc5-1901-4d20-b00f-c120f2342a1b: our priority 0 <= candidate's priority 1
2023-07-16 18:57:22,724 [grpc-default-executor-2] INFO  server.RaftServer$Division (RaftServerImpl.java:requestVote(1335)) - 9a50ebc8-888b-4605-8efe-fc16cf713d78@group-49059D15333A replies to PRE_VOTE vote request: 262e2cc5-1901-4d20-b00f-c120f2342a1b<-9a50ebc8-888b-4605-8efe-fc16cf713d78#0:OK-t0. Peer's state: 9a50ebc8-888b-4605-8efe-fc16cf713d78@group-49059D15333A:t0, leader=null, voted=, raftlog=Memoized:9a50ebc8-888b-4605-8efe-fc16cf713d78@group-49059D15333A-SegmentedRaftLog:OPENED:c-1, conf=-1: peers:[262e2cc5-1901-4d20-b00f-c120f2342a1b|rpc:10.1.0.14:15041|admin:10.1.0.14:15040|client:10.1.0.14:15039|dataStream:10.1.0.14:15042|priority:1|startupRole:FOLLOWER, 9a50ebc8-888b-4605-8efe-fc16cf713d78|rpc:10.1.0.14:15050|admin:10.1.0.14:15049|client:10.1.0.14:15048|dataStream:10.1.0.14:15051|priority:0|startupRole:FOLLOWER, 0b1f3054-766a-487f-b63d-c6e216ac8926|rpc:10.1.0.14:15059|admin:10.1.0.14:15058|client:10.1.0.14:15057|dataStream:10.1.0.14:15060|priority:0|startupRole:FOLLOWER]|listeners:[], old=null
2023-07-16 18:57:22,725 [262e2cc5-1901-4d20-b00f-c120f2342a1b@group-49059D15333A-LeaderElection21] INFO  server.RaftServerConfigKeys (ConfUtils.java:logFallback(53)) - raft.server.rpc.first-election.timeout.min = 5s (fallback to raft.server.rpc.timeout.min)
2023-07-16 18:57:22,725 [262e2cc5-1901-4d20-b00f-c120f2342a1b@group-49059D15333A-LeaderElection21] INFO  server.RaftServerConfigKeys (ConfUtils.java:logFallback(53)) - raft.server.rpc.first-election.timeout.max = 5200ms (fallback to raft.server.rpc.timeout.max)
2023-07-16 18:57:22,725 [262e2cc5-1901-4d20-b00f-c120f2342a1b@group-49059D15333A-LeaderElection21] INFO  impl.LeaderElection (LeaderElection.java:logAndReturn(90)) - 262e2cc5-1901-4d20-b00f-c120f2342a1b@group-49059D15333A-LeaderElection21: PRE_VOTE PASSED received 1 response(s) and 0 exception(s):
2023-07-16 18:57:22,725 [262e2cc5-1901-4d20-b00f-c120f2342a1b@group-49059D15333A-LeaderElection21] INFO  impl.LeaderElection (LeaderElection.java:logAndReturn(94)) -   Response 0: 262e2cc5-1901-4d20-b00f-c120f2342a1b<-9a50ebc8-888b-4605-8efe-fc16cf713d78#0:OK-t0
2023-07-16 18:57:22,725 [262e2cc5-1901-4d20-b00f-c120f2342a1b@group-49059D15333A-LeaderElection21] INFO  impl.LeaderElection (LeaderElection.java:askForVotes(323)) - 262e2cc5-1901-4d20-b00f-c120f2342a1b@group-49059D15333A-LeaderElection21 PRE_VOTE round 0: result PASSED
2023-07-16 18:57:22,727 [262e2cc5-1901-4d20-b00f-c120f2342a1b@group-49059D15333A-LeaderElection21] INFO  impl.LeaderElection (LeaderElection.java:askForVotes(321)) - 262e2cc5-1901-4d20-b00f-c120f2342a1b@group-49059D15333A-LeaderElection21 ELECTION round 0: submit vote requests at term 1 for -1: peers:[262e2cc5-1901-4d20-b00f-c120f2342a1b|rpc:10.1.0.14:15041|admin:10.1.0.14:15040|client:10.1.0.14:15039|dataStream:10.1.0.14:15042|priority:1|startupRole:FOLLOWER, 9a50ebc8-888b-4605-8efe-fc16cf713d78|rpc:10.1.0.14:15050|admin:10.1.0.14:15049|client:10.1.0.14:15048|dataStream:10.1.0.14:15051|priority:0|startupRole:FOLLOWER, 0b1f3054-766a-487f-b63d-c6e216ac8926|rpc:10.1.0.14:15059|admin:10.1.0.14:15058|client:10.1.0.14:15057|dataStream:10.1.0.14:15060|priority:0|startupRole:FOLLOWER]|listeners:[], old=null
2023-07-16 18:57:22,727 [grpc-default-executor-2] INFO  server.RaftServer$Division (RaftServerImpl.java:requestVote(1302)) - 0b1f3054-766a-487f-b63d-c6e216ac8926@group-49059D15333A: receive requestVote(PRE_VOTE, 262e2cc5-1901-4d20-b00f-c120f2342a1b, group-49059D15333A, 0, (t:0, i:0))
2023-07-16 18:57:22,727 [grpc-default-executor-2] INFO  impl.VoteContext (VoteContext.java:log(49)) - 0b1f3054-766a-487f-b63d-c6e216ac8926@group-49059D15333A-FOLLOWER: accept PRE_VOTE from 262e2cc5-1901-4d20-b00f-c120f2342a1b: our priority 0 <= candidate's priority 1
2023-07-16 18:57:22,728 [grpc-default-executor-2] INFO  server.RaftServer$Division (RaftServerImpl.java:requestVote(1335)) - 0b1f3054-766a-487f-b63d-c6e216ac8926@group-49059D15333A replies to PRE_VOTE vote request: 262e2cc5-1901-4d20-b00f-c120f2342a1b<-0b1f3054-766a-487f-b63d-c6e216ac8926#0:OK-t0. Peer's state: 0b1f3054-766a-487f-b63d-c6e216ac8926@group-49059D15333A:t0, leader=null, voted=, raftlog=Memoized:0b1f3054-766a-487f-b63d-c6e216ac8926@group-49059D15333A-SegmentedRaftLog:OPENED:c-1, conf=-1: peers:[262e2cc5-1901-4d20-b00f-c120f2342a1b|rpc:10.1.0.14:15041|admin:10.1.0.14:15040|client:10.1.0.14:15039|dataStream:10.1.0.14:15042|priority:1|startupRole:FOLLOWER, 9a50ebc8-888b-4605-8efe-fc16cf713d78|rpc:10.1.0.14:15050|admin:10.1.0.14:15049|client:10.1.0.14:15048|dataStream:10.1.0.14:15051|priority:0|startupRole:FOLLOWER, 0b1f3054-766a-487f-b63d-c6e216ac8926|rpc:10.1.0.14:15059|admin:10.1.0.14:15058|client:10.1.0.14:15057|dataStream:10.1.0.14:15060|priority:0|startupRole:FOLLOWER]|listeners:[], old=null
2023-07-16 18:57:22,732 [grpc-default-executor-2] INFO  server.RaftServer$Division (RaftServerImpl.java:requestVote(1302)) - 9a50ebc8-888b-4605-8efe-fc16cf713d78@group-49059D15333A: receive requestVote(ELECTION, 262e2cc5-1901-4d20-b00f-c120f2342a1b, group-49059D15333A, 1, (t:0, i:0))
2023-07-16 18:57:22,732 [grpc-default-executor-2] INFO  impl.VoteContext (VoteContext.java:log(49)) - 9a50ebc8-888b-4605-8efe-fc16cf713d78@group-49059D15333A-FOLLOWER: accept ELECTION from 262e2cc5-1901-4d20-b00f-c120f2342a1b: our priority 0 <= candidate's priority 1
2023-07-16 18:57:22,732 [grpc-default-executor-2] INFO  server.RaftServer$Division (RaftServerImpl.java:setRole(329)) - 9a50ebc8-888b-4605-8efe-fc16cf713d78@group-49059D15333A: changes role from  FOLLOWER to FOLLOWER at term 1 for candidate:262e2cc5-1901-4d20-b00f-c120f2342a1b
2023-07-16 18:57:22,732 [grpc-default-executor-2] INFO  impl.RoleInfo (RoleInfo.java:shutdownFollowerState(110)) - 9a50ebc8-888b-4605-8efe-fc16cf713d78: shutdown 9a50ebc8-888b-4605-8efe-fc16cf713d78@group-49059D15333A-FollowerState
2023-07-16 18:57:22,734 [262e2cc5-1901-4d20-b00f-c120f2342a1b@group-49059D15333A-LeaderElection21] INFO  server.RaftServerConfigKeys (ConfUtils.java:logFallback(53)) - raft.server.rpc.first-election.timeout.min = 5s (fallback to raft.server.rpc.timeout.min)
2023-07-16 18:57:22,734 [262e2cc5-1901-4d20-b00f-c120f2342a1b@group-49059D15333A-LeaderElection21] INFO  server.RaftServerConfigKeys (ConfUtils.java:logFallback(53)) - raft.server.rpc.first-election.timeout.max = 5200ms (fallback to raft.server.rpc.timeout.max)
2023-07-16 18:57:22,734 [grpc-default-executor-2] INFO  impl.RoleInfo (RoleInfo.java:updateAndGet(139)) - 9a50ebc8-888b-4605-8efe-fc16cf713d78: start 9a50ebc8-888b-4605-8efe-fc16cf713d78@group-49059D15333A-FollowerState
2023-07-16 18:57:22,734 [9a50ebc8-888b-4605-8efe-fc16cf713d78@group-49059D15333A-FollowerState] INFO  impl.FollowerState (FollowerState.java:run(152)) - 9a50ebc8-888b-4605-8efe-fc16cf713d78@group-49059D15333A-FollowerState was interrupted
2023-07-16 18:57:22,735 [grpc-default-executor-5] INFO  server.RaftServer$Division (RaftServerImpl.java:requestVote(1302)) - 0b1f3054-766a-487f-b63d-c6e216ac8926@group-49059D15333A: receive requestVote(ELECTION, 262e2cc5-1901-4d20-b00f-c120f2342a1b, group-49059D15333A, 1, (t:0, i:0))
2023-07-16 18:57:22,738 [grpc-default-executor-5] INFO  impl.VoteContext (VoteContext.java:log(49)) - 0b1f3054-766a-487f-b63d-c6e216ac8926@group-49059D15333A-FOLLOWER: accept ELECTION from 262e2cc5-1901-4d20-b00f-c120f2342a1b: our priority 0 <= candidate's priority 1
2023-07-16 18:57:22,738 [grpc-default-executor-2] INFO  server.RaftServer$Division (RaftServerImpl.java:requestVote(1335)) - 9a50ebc8-888b-4605-8efe-fc16cf713d78@group-49059D15333A replies to ELECTION vote request: 262e2cc5-1901-4d20-b00f-c120f2342a1b<-9a50ebc8-888b-4605-8efe-fc16cf713d78#0:OK-t1. Peer's state: 9a50ebc8-888b-4605-8efe-fc16cf713d78@group-49059D15333A:t1, leader=null, voted=262e2cc5-1901-4d20-b00f-c120f2342a1b, raftlog=Memoized:9a50ebc8-888b-4605-8efe-fc16cf713d78@group-49059D15333A-SegmentedRaftLog:OPENED:c-1, conf=-1: peers:[262e2cc5-1901-4d20-b00f-c120f2342a1b|rpc:10.1.0.14:15041|admin:10.1.0.14:15040|client:10.1.0.14:15039|dataStream:10.1.0.14:15042|priority:1|startupRole:FOLLOWER, 9a50ebc8-888b-4605-8efe-fc16cf713d78|rpc:10.1.0.14:15050|admin:10.1.0.14:15049|client:10.1.0.14:15048|dataStream:10.1.0.14:15051|priority:0|startupRole:FOLLOWER, 0b1f3054-766a-487f-b63d-c6e216ac8926|rpc:10.1.0.14:15059|admin:10.1.0.14:15058|client:10.1.0.14:15057|dataStream:10.1.0.14:15060|priority:0|startupRole:FOLLOWER]|listeners:[], old=null
2023-07-16 18:57:22,738 [grpc-default-executor-5] INFO  server.RaftServer$Division (RaftServerImpl.java:setRole(329)) - 0b1f3054-766a-487f-b63d-c6e216ac8926@group-49059D15333A: changes role from  FOLLOWER to FOLLOWER at term 1 for candidate:262e2cc5-1901-4d20-b00f-c120f2342a1b
2023-07-16 18:57:22,738 [grpc-default-executor-5] INFO  impl.RoleInfo (RoleInfo.java:shutdownFollowerState(110)) - 0b1f3054-766a-487f-b63d-c6e216ac8926: shutdown 0b1f3054-766a-487f-b63d-c6e216ac8926@group-49059D15333A-FollowerState
2023-07-16 18:57:22,738 [grpc-default-executor-5] INFO  impl.RoleInfo (RoleInfo.java:updateAndGet(139)) - 0b1f3054-766a-487f-b63d-c6e216ac8926: start 0b1f3054-766a-487f-b63d-c6e216ac8926@group-49059D15333A-FollowerState
2023-07-16 18:57:22,738 [0b1f3054-766a-487f-b63d-c6e216ac8926@group-49059D15333A-FollowerState] INFO  impl.FollowerState (FollowerState.java:run(152)) - 0b1f3054-766a-487f-b63d-c6e216ac8926@group-49059D15333A-FollowerState was interrupted
2023-07-16 18:57:22,740 [grpc-default-executor-5] INFO  server.RaftServer$Division (RaftServerImpl.java:requestVote(1335)) - 0b1f3054-766a-487f-b63d-c6e216ac8926@group-49059D15333A replies to ELECTION vote request: 262e2cc5-1901-4d20-b00f-c120f2342a1b<-0b1f3054-766a-487f-b63d-c6e216ac8926#0:OK-t1. Peer's state: 0b1f3054-766a-487f-b63d-c6e216ac8926@group-49059D15333A:t1, leader=null, voted=262e2cc5-1901-4d20-b00f-c120f2342a1b, raftlog=Memoized:0b1f3054-766a-487f-b63d-c6e216ac8926@group-49059D15333A-SegmentedRaftLog:OPENED:c-1, conf=-1: peers:[262e2cc5-1901-4d20-b00f-c120f2342a1b|rpc:10.1.0.14:15041|admin:10.1.0.14:15040|client:10.1.0.14:15039|dataStream:10.1.0.14:15042|priority:1|startupRole:FOLLOWER, 9a50ebc8-888b-4605-8efe-fc16cf713d78|rpc:10.1.0.14:15050|admin:10.1.0.14:15049|client:10.1.0.14:15048|dataStream:10.1.0.14:15051|priority:0|startupRole:FOLLOWER, 0b1f3054-766a-487f-b63d-c6e216ac8926|rpc:10.1.0.14:15059|admin:10.1.0.14:15058|client:10.1.0.14:15057|dataStream:10.1.0.14:15060|priority:0|startupRole:FOLLOWER]|listeners:[], old=null
2023-07-16 18:57:22,740 [262e2cc5-1901-4d20-b00f-c120f2342a1b@group-49059D15333A-LeaderElection21] INFO  impl.LeaderElection (LeaderElection.java:logAndReturn(90)) - 262e2cc5-1901-4d20-b00f-c120f2342a1b@group-49059D15333A-LeaderElection21: ELECTION PASSED received 1 response(s) and 0 exception(s):
2023-07-16 18:57:22,740 [262e2cc5-1901-4d20-b00f-c120f2342a1b@group-49059D15333A-LeaderElection21] INFO  impl.LeaderElection (LeaderElection.java:logAndReturn(94)) -   Response 0: 262e2cc5-1901-4d20-b00f-c120f2342a1b<-0b1f3054-766a-487f-b63d-c6e216ac8926#0:OK-t1
2023-07-16 18:57:22,740 [262e2cc5-1901-4d20-b00f-c120f2342a1b@group-49059D15333A-LeaderElection21] INFO  impl.LeaderElection (LeaderElection.java:askForVotes(323)) - 262e2cc5-1901-4d20-b00f-c120f2342a1b@group-49059D15333A-LeaderElection21 ELECTION round 0: result PASSED
2023-07-16 18:57:22,740 [262e2cc5-1901-4d20-b00f-c120f2342a1b@group-49059D15333A-LeaderElection21] INFO  impl.RoleInfo (RoleInfo.java:shutdownLeaderElection(130)) - 262e2cc5-1901-4d20-b00f-c120f2342a1b: shutdown 262e2cc5-1901-4d20-b00f-c120f2342a1b@group-49059D15333A-LeaderElection21
2023-07-16 18:57:22,740 [262e2cc5-1901-4d20-b00f-c120f2342a1b@group-49059D15333A-LeaderElection21] INFO  server.RaftServer$Division (RaftServerImpl.java:setRole(329)) - 262e2cc5-1901-4d20-b00f-c120f2342a1b@group-49059D15333A: changes role from CANDIDATE to LEADER at term 1 for changeToLeader
2023-07-16 18:57:22,740 [262e2cc5-1901-4d20-b00f-c120f2342a1b@group-49059D15333A-LeaderElection21] INFO  ratis.XceiverServerRatis (XceiverServerRatis.java:handleLeaderChangedNotification(902)) - Leader change notification received for group: group-49059D15333A with new leaderId: 262e2cc5-1901-4d20-b00f-c120f2342a1b
2023-07-16 18:57:22,740 [262e2cc5-1901-4d20-b00f-c120f2342a1b@group-49059D15333A-LeaderElection21] INFO  server.RaftServer$Division (ServerState.java:setLeader(317)) - 262e2cc5-1901-4d20-b00f-c120f2342a1b@group-49059D15333A: change Leader from null to 262e2cc5-1901-4d20-b00f-c120f2342a1b at term 1 for becomeLeader, leader elected after 10736ms
2023-07-16 18:57:22,741 [262e2cc5-1901-4d20-b00f-c120f2342a1b@group-49059D15333A-LeaderElection21] INFO  server.RaftServerConfigKeys (ConfUtils.java:logGet(46)) - raft.server.staging.catchup.gap = 1000 (default)
2023-07-16 18:57:22,741 [262e2cc5-1901-4d20-b00f-c120f2342a1b@group-49059D15333A-LeaderElection21] INFO  server.RaftServerConfigKeys (ConfUtils.java:logGet(46)) - raft.server.write.element-limit = 1024 (custom)
2023-07-16 18:57:22,741 [262e2cc5-1901-4d20-b00f-c120f2342a1b@group-49059D15333A-LeaderElection21] INFO  server.RaftServerConfigKeys (ConfUtils.java:logGet(46)) - raft.server.write.byte-limit = 1024 M (=1073741824) (custom)
2023-07-16 18:57:22,741 [262e2cc5-1901-4d20-b00f-c120f2342a1b@group-49059D15333A-LeaderElection21] INFO  server.RaftServerConfigKeys (ConfUtils.java:logGet(46)) - raft.server.watch.timeout = 180s (custom)
2023-07-16 18:57:22,741 [262e2cc5-1901-4d20-b00f-c120f2342a1b@group-49059D15333A-LeaderElection21] INFO  server.RaftServerConfigKeys (ConfUtils.java:logGet(46)) - raft.server.watch.timeout.denomination = 1s (default)
2023-07-16 18:57:22,741 [262e2cc5-1901-4d20-b00f-c120f2342a1b@group-49059D15333A-LeaderElection21] INFO  server.RaftServerConfigKeys (ConfUtils.java:logGet(46)) - raft.server.watch.element-limit = 65536 (default)
2023-07-16 18:57:22,741 [262e2cc5-1901-4d20-b00f-c120f2342a1b@group-49059D15333A-LeaderElection21] INFO  server.RaftServerConfigKeys (ConfUtils.java:logGet(46)) - raft.server.write.element-limit = 1024 (custom)
2023-07-16 18:57:22,741 [262e2cc5-1901-4d20-b00f-c120f2342a1b@group-49059D15333A-LeaderElection21] INFO  server.RaftServerConfigKeys (ConfUtils.java:logGet(46)) - raft.server.write.follower.gap.ratio.max = -1.0 (default)
2023-07-16 18:57:22,742 [262e2cc5-1901-4d20-b00f-c120f2342a1b@group-49059D15333A-LeaderElection21] INFO  server.RaftServerConfigKeys (ConfUtils.java:logGet(46)) - raft.server.log.appender.snapshot.chunk.size.max = 16MB (=16777216) (default)
2023-07-16 18:57:22,742 [262e2cc5-1901-4d20-b00f-c120f2342a1b@group-49059D15333A-LeaderElection21] INFO  server.RaftServerConfigKeys (ConfUtils.java:logGet(46)) - raft.server.log.appender.buffer.byte-limit = 33554432 (custom)
2023-07-16 18:57:22,742 [262e2cc5-1901-4d20-b00f-c120f2342a1b@group-49059D15333A-LeaderElection21] INFO  server.RaftServerConfigKeys (ConfUtils.java:logGet(46)) - raft.server.log.appender.buffer.element-limit = 1 (custom)
2023-07-16 18:57:22,742 [262e2cc5-1901-4d20-b00f-c120f2342a1b@group-49059D15333A-LeaderElection21] INFO  server.RaftServerConfigKeys (ConfUtils.java:logGet(46)) - raft.server.log.appender.wait-time.min = 10ms (default)
2023-07-16 18:57:22,742 [262e2cc5-1901-4d20-b00f-c120f2342a1b@group-49059D15333A-LeaderElection21] INFO  grpc.GrpcConfigKeys (ConfUtils.java:logGet(46)) - raft.grpc.server.leader.outstanding.appends.max = 128 (default)
2023-07-16 18:57:22,742 [262e2cc5-1901-4d20-b00f-c120f2342a1b@group-49059D15333A-LeaderElection21] INFO  server.RaftServerConfigKeys (ConfUtils.java:logGet(46)) - raft.server.rpc.request.timeout = 60s (custom)
2023-07-16 18:57:22,742 [262e2cc5-1901-4d20-b00f-c120f2342a1b@group-49059D15333A-LeaderElection21] INFO  grpc.GrpcConfigKeys (ConfUtils.java:logGet(46)) - raft.grpc.server.install_snapshot.request.element-limit = 8 (default)
2023-07-16 18:57:22,742 [262e2cc5-1901-4d20-b00f-c120f2342a1b@group-49059D15333A-LeaderElection21] INFO  grpc.GrpcConfigKeys (ConfUtils.java:logGet(46)) - raft.grpc.server.install_snapshot.request.timeout = 3000ms (default)
2023-07-16 18:57:22,742 [262e2cc5-1901-4d20-b00f-c120f2342a1b@group-49059D15333A-LeaderElection21] INFO  server.RaftServerConfigKeys (ConfUtils.java:logGet(46)) - raft.server.log.appender.install.snapshot.enabled = false (custom)
2023-07-16 18:57:22,742 [262e2cc5-1901-4d20-b00f-c120f2342a1b@group-49059D15333A-LeaderElection21] INFO  grpc.GrpcConfigKeys (ConfUtils.java:logGet(46)) - raft.grpc.server.heartbeat.channel = true (default)
2023-07-16 18:57:22,745 [262e2cc5-1901-4d20-b00f-c120f2342a1b@group-49059D15333A-LeaderElection21] INFO  server.RaftServerConfigKeys (ConfUtils.java:logGet(46)) - raft.server.log.appender.snapshot.chunk.size.max = 16MB (=16777216) (default)
2023-07-16 18:57:22,745 [262e2cc5-1901-4d20-b00f-c120f2342a1b@group-49059D15333A-LeaderElection21] INFO  server.RaftServerConfigKeys (ConfUtils.java:logGet(46)) - raft.server.log.appender.buffer.byte-limit = 33554432 (custom)
2023-07-16 18:57:22,745 [262e2cc5-1901-4d20-b00f-c120f2342a1b@group-49059D15333A-LeaderElection21] INFO  server.RaftServerConfigKeys (ConfUtils.java:logGet(46)) - raft.server.log.appender.buffer.element-limit = 1 (custom)
2023-07-16 18:57:22,746 [262e2cc5-1901-4d20-b00f-c120f2342a1b@group-49059D15333A-LeaderElection21] INFO  server.RaftServerConfigKeys (ConfUtils.java:logGet(46)) - raft.server.log.appender.wait-time.min = 10ms (default)
2023-07-16 18:57:22,746 [262e2cc5-1901-4d20-b00f-c120f2342a1b@group-49059D15333A-LeaderElection21] INFO  grpc.GrpcConfigKeys (ConfUtils.java:logGet(46)) - raft.grpc.server.leader.outstanding.appends.max = 128 (default)
2023-07-16 18:57:22,746 [262e2cc5-1901-4d20-b00f-c120f2342a1b@group-49059D15333A-LeaderElection21] INFO  server.RaftServerConfigKeys (ConfUtils.java:logGet(46)) - raft.server.rpc.request.timeout = 60s (custom)
2023-07-16 18:57:22,746 [262e2cc5-1901-4d20-b00f-c120f2342a1b@group-49059D15333A-LeaderElection21] INFO  grpc.GrpcConfigKeys (ConfUtils.java:logGet(46)) - raft.grpc.server.install_snapshot.request.element-limit = 8 (default)
2023-07-16 18:57:22,746 [262e2cc5-1901-4d20-b00f-c120f2342a1b@group-49059D15333A-LeaderElection21] INFO  grpc.GrpcConfigKeys (ConfUtils.java:logGet(46)) - raft.grpc.server.install_snapshot.request.timeout = 3000ms (default)
2023-07-16 18:57:22,746 [262e2cc5-1901-4d20-b00f-c120f2342a1b@group-49059D15333A-LeaderElection21] INFO  server.RaftServerConfigKeys (ConfUtils.java:logGet(46)) - raft.server.log.appender.install.snapshot.enabled = false (custom)
2023-07-16 18:57:22,746 [262e2cc5-1901-4d20-b00f-c120f2342a1b@group-49059D15333A-LeaderElection21] INFO  grpc.GrpcConfigKeys (ConfUtils.java:logGet(46)) - raft.grpc.server.heartbeat.channel = true (default)
2023-07-16 18:57:22,746 [262e2cc5-1901-4d20-b00f-c120f2342a1b@group-49059D15333A-LeaderElection21] INFO  impl.RoleInfo (RoleInfo.java:updateAndGet(139)) - 262e2cc5-1901-4d20-b00f-c120f2342a1b: start 262e2cc5-1901-4d20-b00f-c120f2342a1b@group-49059D15333A-LeaderStateImpl
2023-07-16 18:57:22,746 [262e2cc5-1901-4d20-b00f-c120f2342a1b@group-49059D15333A-LeaderElection21] INFO  segmented.SegmentedRaftLogWorker (SegmentedRaftLogWorker.java:startLogSegment(447)) - 262e2cc5-1901-4d20-b00f-c120f2342a1b@group-49059D15333A-SegmentedRaftLogWorker: Starting segment from index:0
2023-07-16 18:57:22,747 [262e2cc5-1901-4d20-b00f-c120f2342a1b@group-49059D15333A-SegmentedRaftLogWorker] INFO  segmented.SegmentedRaftLogWorker (SegmentedRaftLogWorker.java:execute(651)) - 262e2cc5-1901-4d20-b00f-c120f2342a1b@group-49059D15333A-SegmentedRaftLogWorker: created new log segment /home/runner/work/ozone/ozone/hadoop-ozone/integration-test/target/test-dir/MiniOzoneClusterImpl-8e52da8c-19f0-467e-9375-6950100829a3/datanode-3/data/ratis/a02033fd-bff8-494c-aa9b-49059d15333a/current/log_inprogress_0
2023-07-16 18:57:22,749 [EventQueue-PipelineReportForPipelineReportHandler] INFO  pipeline.PipelineReportHandler (PipelineReportHandler.java:processPipelineReport(136)) - Opened pipeline PipelineID=a02033fd-bff8-494c-aa9b-49059d15333a
2023-07-16 18:57:22,763 [262e2cc5-1901-4d20-b00f-c120f2342a1b@group-49059D15333A-LeaderElection21] INFO  server.RaftServer$Division (ServerState.java:setRaftConf(434)) - 262e2cc5-1901-4d20-b00f-c120f2342a1b@group-49059D15333A: set configuration 0: peers:[262e2cc5-1901-4d20-b00f-c120f2342a1b|rpc:10.1.0.14:15041|admin:10.1.0.14:15040|client:10.1.0.14:15039|dataStream:10.1.0.14:15042|priority:1|startupRole:FOLLOWER, 9a50ebc8-888b-4605-8efe-fc16cf713d78|rpc:10.1.0.14:15050|admin:10.1.0.14:15049|client:10.1.0.14:15048|dataStream:10.1.0.14:15051|priority:0|startupRole:FOLLOWER, 0b1f3054-766a-487f-b63d-c6e216ac8926|rpc:10.1.0.14:15059|admin:10.1.0.14:15058|client:10.1.0.14:15057|dataStream:10.1.0.14:15060|priority:0|startupRole:FOLLOWER]|listeners:[], old=null
2023-07-16 18:57:22,767 [9a50ebc8-888b-4605-8efe-fc16cf713d78-server-thread1] INFO  ratis.XceiverServerRatis (XceiverServerRatis.java:handleLeaderChangedNotification(902)) - Leader change notification received for group: group-49059D15333A with new leaderId: 262e2cc5-1901-4d20-b00f-c120f2342a1b
2023-07-16 18:57:22,767 [9a50ebc8-888b-4605-8efe-fc16cf713d78-server-thread1] INFO  server.RaftServer$Division (ServerState.java:setLeader(317)) - 9a50ebc8-888b-4605-8efe-fc16cf713d78@group-49059D15333A: change Leader from null to 262e2cc5-1901-4d20-b00f-c120f2342a1b at term 1 for appendEntries, leader elected after 10891ms
2023-07-16 18:57:22,772 [0b1f3054-766a-487f-b63d-c6e216ac8926-server-thread1] INFO  ratis.XceiverServerRatis (XceiverServerRatis.java:handleLeaderChangedNotification(902)) - Leader change notification received for group: group-49059D15333A with new leaderId: 262e2cc5-1901-4d20-b00f-c120f2342a1b
2023-07-16 18:57:22,772 [0b1f3054-766a-487f-b63d-c6e216ac8926-server-thread1] INFO  server.RaftServer$Division (ServerState.java:setLeader(317)) - 0b1f3054-766a-487f-b63d-c6e216ac8926@group-49059D15333A: change Leader from null to 262e2cc5-1901-4d20-b00f-c120f2342a1b at term 1 for appendEntries, leader elected after 10796ms
2023-07-16 18:57:22,775 [9a50ebc8-888b-4605-8efe-fc16cf713d78-server-thread2] INFO  server.RaftServer$Division (ServerState.java:setRaftConf(434)) - 9a50ebc8-888b-4605-8efe-fc16cf713d78@group-49059D15333A: set configuration 0: peers:[262e2cc5-1901-4d20-b00f-c120f2342a1b|rpc:10.1.0.14:15041|admin:10.1.0.14:15040|client:10.1.0.14:15039|dataStream:10.1.0.14:15042|priority:1|startupRole:FOLLOWER, 9a50ebc8-888b-4605-8efe-fc16cf713d78|rpc:10.1.0.14:15050|admin:10.1.0.14:15049|client:10.1.0.14:15048|dataStream:10.1.0.14:15051|priority:0|startupRole:FOLLOWER, 0b1f3054-766a-487f-b63d-c6e216ac8926|rpc:10.1.0.14:15059|admin:10.1.0.14:15058|client:10.1.0.14:15057|dataStream:10.1.0.14:15060|priority:0|startupRole:FOLLOWER]|listeners:[], old=null
2023-07-16 18:57:22,780 [0b1f3054-766a-487f-b63d-c6e216ac8926-server-thread2] INFO  server.RaftServer$Division (ServerState.java:setRaftConf(434)) - 0b1f3054-766a-487f-b63d-c6e216ac8926@group-49059D15333A: set configuration 0: peers:[262e2cc5-1901-4d20-b00f-c120f2342a1b|rpc:10.1.0.14:15041|admin:10.1.0.14:15040|client:10.1.0.14:15039|dataStream:10.1.0.14:15042|priority:1|startupRole:FOLLOWER, 9a50ebc8-888b-4605-8efe-fc16cf713d78|rpc:10.1.0.14:15050|admin:10.1.0.14:15049|client:10.1.0.14:15048|dataStream:10.1.0.14:15051|priority:0|startupRole:FOLLOWER, 0b1f3054-766a-487f-b63d-c6e216ac8926|rpc:10.1.0.14:15059|admin:10.1.0.14:15058|client:10.1.0.14:15057|dataStream:10.1.0.14:15060|priority:0|startupRole:FOLLOWER]|listeners:[], old=null
2023-07-16 18:57:22,780 [0b1f3054-766a-487f-b63d-c6e216ac8926-server-thread2] INFO  segmented.SegmentedRaftLogWorker (SegmentedRaftLogWorker.java:startLogSegment(447)) - 0b1f3054-766a-487f-b63d-c6e216ac8926@group-49059D15333A-SegmentedRaftLogWorker: Starting segment from index:0
2023-07-16 18:57:22,782 [0b1f3054-766a-487f-b63d-c6e216ac8926@group-49059D15333A-SegmentedRaftLogWorker] INFO  segmented.SegmentedRaftLogWorker (SegmentedRaftLogWorker.java:execute(651)) - 0b1f3054-766a-487f-b63d-c6e216ac8926@group-49059D15333A-SegmentedRaftLogWorker: created new log segment /home/runner/work/ozone/ozone/hadoop-ozone/integration-test/target/test-dir/MiniOzoneClusterImpl-8e52da8c-19f0-467e-9375-6950100829a3/datanode-5/data/ratis/a02033fd-bff8-494c-aa9b-49059d15333a/current/log_inprogress_0
2023-07-16 18:57:22,782 [9a50ebc8-888b-4605-8efe-fc16cf713d78-server-thread2] INFO  segmented.SegmentedRaftLogWorker (SegmentedRaftLogWorker.java:startLogSegment(447)) - 9a50ebc8-888b-4605-8efe-fc16cf713d78@group-49059D15333A-SegmentedRaftLogWorker: Starting segment from index:0
2023-07-16 18:57:22,784 [9a50ebc8-888b-4605-8efe-fc16cf713d78@group-49059D15333A-SegmentedRaftLogWorker] INFO  segmented.SegmentedRaftLogWorker (SegmentedRaftLogWorker.java:execute(651)) - 9a50ebc8-888b-4605-8efe-fc16cf713d78@group-49059D15333A-SegmentedRaftLogWorker: created new log segment /home/runner/work/ozone/ozone/hadoop-ozone/integration-test/target/test-dir/MiniOzoneClusterImpl-8e52da8c-19f0-467e-9375-6950100829a3/datanode-4/data/ratis/a02033fd-bff8-494c-aa9b-49059d15333a/current/log_inprogress_0
]]></system-out>
  </testcase>
  <testcase name="testMPUwithTwoParts" classname="TestOzoneAtRestEncryption" time="0.822">
    <system-out><![CDATA[2023-07-16 18:57:41,727 [main] INFO  rpc.RpcClient (RpcClient.java:createVolume(460)) - Creating Volume: a0fd1c04-3f1a-46f8-9836-524a94bfb31f, with runner as owner and space quota set to -1 bytes, counts quota set to -1
2023-07-16 18:57:41,729 [OM StateMachine ApplyTransaction Thread - 0] INFO  volume.OMVolumeCreateRequest (OMVolumeCreateRequest.java:validateAndUpdateCache(196)) - created volume:a0fd1c04-3f1a-46f8-9836-524a94bfb31f for user:runner
2023-07-16 18:57:41,731 [main] INFO  rpc.RpcClient (RpcClient.java:createBucket(687)) - Creating Bucket: a0fd1c04-3f1a-46f8-9836-524a94bfb31f/011fc69f-2b64-4265-8b42-d05aa47f54ab, with bucket layout OBJECT_STORE, runner as owner, Versioning false, Storage Type set to DISK and Encryption set to true, Replication Type set to server-side default replication type, Namespace Quota set to -1, Space Quota set to -1 
2023-07-16 18:57:41,733 [qtp1568159144-17] INFO  kms-audit (SimpleKMSAuditLogger.java:logAuditSimpleFormat(93)) - OK[op=GET_METADATA, key=key1, user=runner] 
2023-07-16 18:57:41,735 [OM StateMachine ApplyTransaction Thread - 0] INFO  bucket.OMBucketCreateRequest (OMBucketCreateRequest.java:validateAndUpdateCache(270)) - created bucket: 011fc69f-2b64-4265-8b42-d05aa47f54ab of layout OBJECT_STORE in volume: a0fd1c04-3f1a-46f8-9836-524a94bfb31f
2023-07-16 18:57:42,013 [OM StateMachine ApplyTransaction Thread - 0] DEBUG db.CodecBuffer (CodecBuffer.java:setCapacity(212)) - setCapacity: 4096 -> 10888, max=2147483647
2023-07-16 18:57:42,016 [IPC Server handler 12 on default port 15001] WARN  node.SCMNodeManager (SCMNodeManager.java:getNodesByAddress(1373)) - Cannot find node for address 127.0.0.1
2023-07-16 18:57:42,017 [IPC Server handler 17 on default port 15001] WARN  node.SCMNodeManager (SCMNodeManager.java:getNodesByAddress(1373)) - Cannot find node for address 127.0.0.1
2023-07-16 18:57:42,017 [IPC Server handler 8 on default port 15001] WARN  node.SCMNodeManager (SCMNodeManager.java:getNodesByAddress(1373)) - Cannot find node for address 127.0.0.1
2023-07-16 18:57:42,018 [IPC Server handler 7 on default port 15001] WARN  node.SCMNodeManager (SCMNodeManager.java:getNodesByAddress(1373)) - Cannot find node for address 127.0.0.1
2023-07-16 18:57:42,019 [IPC Server handler 13 on default port 15001] WARN  node.SCMNodeManager (SCMNodeManager.java:getNodesByAddress(1373)) - Cannot find node for address 127.0.0.1
2023-07-16 18:57:42,019 [IPC Server handler 1 on default port 15001] WARN  node.SCMNodeManager (SCMNodeManager.java:getNodesByAddress(1373)) - Cannot find node for address 127.0.0.1
2023-07-16 18:57:42,020 [IPC Server handler 5 on default port 15001] WARN  node.SCMNodeManager (SCMNodeManager.java:getNodesByAddress(1373)) - Cannot find node for address 127.0.0.1
]]></system-out>
  </testcase>
  <testcase name="testGetKeyProvider" classname="TestOzoneAtRestEncryption" time="1.958"/>
  <testcase name="testGetKeyProvider" classname="TestOzoneAtRestEncryption" time="0.218"/>
  <testcase name="testMPUwithOneStreamPart" classname="TestOzoneAtRestEncryption" time="3.374">
    <system-out><![CDATA[2023-07-16 18:57:25,677 [main] INFO  rpc.RpcClient (RpcClient.java:createVolume(460)) - Creating Volume: d4b64062-3956-4fff-9bba-dd5e6d822dc4, with runner as owner and space quota set to -1 bytes, counts quota set to -1
2023-07-16 18:57:25,685 [OM StateMachine ApplyTransaction Thread - 0] INFO  volume.OMVolumeCreateRequest (OMVolumeCreateRequest.java:validateAndUpdateCache(196)) - created volume:d4b64062-3956-4fff-9bba-dd5e6d822dc4 for user:runner
2023-07-16 18:57:25,690 [main] INFO  rpc.RpcClient (RpcClient.java:createBucket(687)) - Creating Bucket: d4b64062-3956-4fff-9bba-dd5e6d822dc4/4f9c2bfb-a8bf-4903-a1bd-39cac7ae8103, with bucket layout FILE_SYSTEM_OPTIMIZED, runner as owner, Versioning false, Storage Type set to DISK and Encryption set to true, Replication Type set to server-side default replication type, Namespace Quota set to -1, Space Quota set to -1 
2023-07-16 18:57:25,695 [qtp1568159144-20] INFO  kms-audit (SimpleKMSAuditLogger.java:logAuditSimpleFormat(93)) - OK[op=GET_METADATA, key=key1, user=runner] 
2023-07-16 18:57:25,700 [OM StateMachine ApplyTransaction Thread - 0] INFO  bucket.OMBucketCreateRequest (OMBucketCreateRequest.java:validateAndUpdateCache(270)) - created bucket: 4f9c2bfb-a8bf-4903-a1bd-39cac7ae8103 of layout FILE_SYSTEM_OPTIMIZED in volume: d4b64062-3956-4fff-9bba-dd5e6d822dc4
2023-07-16 18:57:25,763 [qtp1568159144-20] ERROR generators.WadlGeneratorJAXBGrammarGenerator (WadlGeneratorJAXBGrammarGenerator.java:buildModelAndSchemas(207)) - Failed to generate the schema for the JAX-B elements
com.sun.xml.bind.v2.runtime.IllegalAnnotationsException: 1 counts of IllegalAnnotationExceptions
java.util.Map is an interface, and JAXB can't handle interfaces.
	this problem is related to the following location:
		at java.util.Map

	at com.sun.xml.bind.v2.runtime.IllegalAnnotationsException$Builder.check(IllegalAnnotationsException.java:106)
	at com.sun.xml.bind.v2.runtime.JAXBContextImpl.getTypeInfoSet(JAXBContextImpl.java:471)
	at com.sun.xml.bind.v2.runtime.JAXBContextImpl.<init>(JAXBContextImpl.java:303)
	at com.sun.xml.bind.v2.runtime.JAXBContextImpl.<init>(JAXBContextImpl.java:139)
	at com.sun.xml.bind.v2.runtime.JAXBContextImpl$JAXBContextBuilder.build(JAXBContextImpl.java:1156)
	at com.sun.xml.bind.v2.ContextFactory.createContext(ContextFactory.java:165)
	at sun.reflect.NativeMethodAccessorImpl.invoke0(Native Method)
	at sun.reflect.NativeMethodAccessorImpl.invoke(NativeMethodAccessorImpl.java:62)
	at sun.reflect.DelegatingMethodAccessorImpl.invoke(DelegatingMethodAccessorImpl.java:43)
	at java.lang.reflect.Method.invoke(Method.java:498)
	at javax.xml.bind.ContextFinder.newInstance(ContextFinder.java:247)
	at javax.xml.bind.ContextFinder.newInstance(ContextFinder.java:234)
	at javax.xml.bind.ContextFinder.find(ContextFinder.java:441)
	at javax.xml.bind.JAXBContext.newInstance(JAXBContext.java:641)
	at javax.xml.bind.JAXBContext.newInstance(JAXBContext.java:584)
	at com.sun.jersey.server.wadl.generators.WadlGeneratorJAXBGrammarGenerator.buildModelAndSchemas(WadlGeneratorJAXBGrammarGenerator.java:169)
	at com.sun.jersey.server.wadl.generators.AbstractWadlGeneratorGrammarGenerator.createExternalGrammar(AbstractWadlGeneratorGrammarGenerator.java:405)
	at com.sun.jersey.server.wadl.WadlBuilder.generate(WadlBuilder.java:149)
	at com.sun.jersey.server.impl.wadl.WadlApplicationContextImpl.getApplication(WadlApplicationContextImpl.java:119)
	at com.sun.jersey.server.impl.wadl.WadlApplicationContextImpl.getApplication(WadlApplicationContextImpl.java:138)
	at com.sun.jersey.server.impl.wadl.WadlMethodFactory$WadlOptionsMethodDispatcher.dispatch(WadlMethodFactory.java:110)
	at com.sun.jersey.server.impl.uri.rules.HttpMethodRule.accept(HttpMethodRule.java:302)
	at com.sun.jersey.server.impl.uri.rules.RightHandPathRule.accept(RightHandPathRule.java:147)
	at com.sun.jersey.server.impl.uri.rules.ResourceClassRule.accept(ResourceClassRule.java:108)
	at com.sun.jersey.server.impl.uri.rules.RightHandPathRule.accept(RightHandPathRule.java:147)
	at com.sun.jersey.server.impl.uri.rules.RootResourceClassesRule.accept(RootResourceClassesRule.java:84)
	at com.sun.jersey.server.impl.application.WebApplicationImpl._handleRequest(WebApplicationImpl.java:1542)
	at com.sun.jersey.server.impl.application.WebApplicationImpl._handleRequest(WebApplicationImpl.java:1473)
	at com.sun.jersey.server.impl.application.WebApplicationImpl.handleRequest(WebApplicationImpl.java:1419)
	at com.sun.jersey.server.impl.application.WebApplicationImpl.handleRequest(WebApplicationImpl.java:1409)
	at com.sun.jersey.spi.container.servlet.WebComponent.service(WebComponent.java:409)
	at com.sun.jersey.spi.container.servlet.ServletContainer.service(ServletContainer.java:558)
	at com.sun.jersey.spi.container.servlet.ServletContainer.service(ServletContainer.java:733)
	at javax.servlet.http.HttpServlet.service(HttpServlet.java:590)
	at org.eclipse.jetty.servlet.ServletHolder$NotAsync.service(ServletHolder.java:1459)
	at org.eclipse.jetty.servlet.ServletHolder.handle(ServletHolder.java:799)
	at org.eclipse.jetty.servlet.ServletHandler$ChainEnd.doFilter(ServletHandler.java:1656)
	at org.apache.hadoop.crypto.key.kms.server.KMSMDCFilter.doFilter(KMSMDCFilter.java:98)
	at org.eclipse.jetty.servlet.FilterHolder.doFilter(FilterHolder.java:193)
	at org.eclipse.jetty.servlet.ServletHandler$Chain.doFilter(ServletHandler.java:1626)
	at org.apache.hadoop.security.authentication.server.AuthenticationFilter.doFilter(AuthenticationFilter.java:650)
	at org.apache.hadoop.security.token.delegation.web.DelegationTokenAuthenticationFilter.doFilter(DelegationTokenAuthenticationFilter.java:305)
	at org.apache.hadoop.security.authentication.server.AuthenticationFilter.doFilter(AuthenticationFilter.java:592)
	at org.apache.hadoop.crypto.key.kms.server.KMSAuthenticationFilter.doFilter(KMSAuthenticationFilter.java:162)
	at org.eclipse.jetty.servlet.FilterHolder.doFilter(FilterHolder.java:201)
	at org.eclipse.jetty.servlet.ServletHandler$Chain.doFilter(ServletHandler.java:1626)
	at org.apache.hadoop.http.lib.StaticUserWebFilter$StaticUserFilter.doFilter(StaticUserWebFilter.java:110)
	at org.eclipse.jetty.servlet.FilterHolder.doFilter(FilterHolder.java:193)
	at org.eclipse.jetty.servlet.ServletHandler$Chain.doFilter(ServletHandler.java:1626)
	at org.apache.hadoop.http.HttpServer2$QuotingInputFilter.doFilter(HttpServer2.java:1794)
	at org.eclipse.jetty.servlet.FilterHolder.doFilter(FilterHolder.java:193)
	at org.eclipse.jetty.servlet.ServletHandler$Chain.doFilter(ServletHandler.java:1626)
	at org.apache.hadoop.http.NoCacheFilter.doFilter(NoCacheFilter.java:45)
	at org.eclipse.jetty.servlet.FilterHolder.doFilter(FilterHolder.java:193)
	at org.eclipse.jetty.servlet.ServletHandler$Chain.doFilter(ServletHandler.java:1626)
	at org.eclipse.jetty.servlet.ServletHandler.doHandle(ServletHandler.java:552)
	at org.eclipse.jetty.server.handler.ScopedHandler.handle(ScopedHandler.java:143)
	at org.eclipse.jetty.security.SecurityHandler.handle(SecurityHandler.java:600)
	at org.eclipse.jetty.server.handler.HandlerWrapper.handle(HandlerWrapper.java:127)
	at org.eclipse.jetty.server.handler.ScopedHandler.nextHandle(ScopedHandler.java:235)
	at org.eclipse.jetty.server.session.SessionHandler.doHandle(SessionHandler.java:1624)
	at org.eclipse.jetty.server.handler.ScopedHandler.nextHandle(ScopedHandler.java:233)
	at org.eclipse.jetty.server.handler.ContextHandler.doHandle(ContextHandler.java:1440)
	at org.eclipse.jetty.server.handler.ScopedHandler.nextScope(ScopedHandler.java:188)
	at org.eclipse.jetty.servlet.ServletHandler.doScope(ServletHandler.java:505)
	at org.eclipse.jetty.server.session.SessionHandler.doScope(SessionHandler.java:1594)
	at org.eclipse.jetty.server.handler.ScopedHandler.nextScope(ScopedHandler.java:186)
	at org.eclipse.jetty.server.handler.ContextHandler.doScope(ContextHandler.java:1355)
	at org.eclipse.jetty.server.handler.ScopedHandler.handle(ScopedHandler.java:141)
	at org.eclipse.jetty.server.handler.HandlerCollection.handle(HandlerCollection.java:146)
	at org.eclipse.jetty.server.handler.HandlerWrapper.handle(HandlerWrapper.java:127)
	at org.eclipse.jetty.server.Server.handle(Server.java:512)
	at org.eclipse.jetty.server.HttpChannel.lambda$handle$1(HttpChannel.java:487)
	at org.eclipse.jetty.server.HttpChannel.dispatch(HttpChannel.java:732)
	at org.eclipse.jetty.server.HttpChannel.handle(HttpChannel.java:479)
	at org.eclipse.jetty.server.HttpConnection.onFillable(HttpConnection.java:277)
	at org.eclipse.jetty.io.AbstractConnection$ReadCallback.succeeded(AbstractConnection.java:311)
	at org.eclipse.jetty.io.FillInterest.fillable(FillInterest.java:105)
	at org.eclipse.jetty.io.ChannelEndPoint$1.run(ChannelEndPoint.java:104)
	at org.eclipse.jetty.util.thread.strategy.EatWhatYouKill.runTask(EatWhatYouKill.java:338)
	at org.eclipse.jetty.util.thread.strategy.EatWhatYouKill.doProduce(EatWhatYouKill.java:315)
	at org.eclipse.jetty.util.thread.strategy.EatWhatYouKill.tryProduce(EatWhatYouKill.java:173)
	at org.eclipse.jetty.util.thread.strategy.EatWhatYouKill.run(EatWhatYouKill.java:131)
	at org.eclipse.jetty.util.thread.ReservedThreadExecutor$ReservedThread.run(ReservedThreadExecutor.java:409)
	at org.eclipse.jetty.util.thread.QueuedThreadPool.runJob(QueuedThreadPool.java:883)
	at org.eclipse.jetty.util.thread.QueuedThreadPool$Runner.run(QueuedThreadPool.java:1034)
	at java.lang.Thread.run(Thread.java:750)
2023-07-16 18:57:25,769 [qtp1568159144-20] INFO  generators.AbstractWadlGeneratorGrammarGenerator (AbstractWadlGeneratorGrammarGenerator.java:attachTypes(479)) - Couldn't find grammar element for class javax.ws.rs.core.Response
2023-07-16 18:57:25,771 [qtp1568159144-20] INFO  generators.AbstractWadlGeneratorGrammarGenerator (AbstractWadlGeneratorGrammarGenerator.java:attachTypes(479)) - Couldn't find grammar element for class java.util.Map
2023-07-16 18:57:25,771 [qtp1568159144-20] INFO  generators.AbstractWadlGeneratorGrammarGenerator (AbstractWadlGeneratorGrammarGenerator.java:attachTypes(479)) - Couldn't find grammar element for class java.util.Map
2023-07-16 18:57:25,771 [qtp1568159144-20] INFO  generators.AbstractWadlGeneratorGrammarGenerator (AbstractWadlGeneratorGrammarGenerator.java:attachTypes(479)) - Couldn't find grammar element for class javax.ws.rs.core.Response
2023-07-16 18:57:25,771 [qtp1568159144-20] INFO  generators.AbstractWadlGeneratorGrammarGenerator (AbstractWadlGeneratorGrammarGenerator.java:attachTypes(479)) - Couldn't find grammar element for class java.util.Map
2023-07-16 18:57:25,773 [qtp1568159144-20] INFO  generators.AbstractWadlGeneratorGrammarGenerator (AbstractWadlGeneratorGrammarGenerator.java:attachTypes(479)) - Couldn't find grammar element for class java.util.Map
2023-07-16 18:57:25,773 [qtp1568159144-20] INFO  generators.AbstractWadlGeneratorGrammarGenerator (AbstractWadlGeneratorGrammarGenerator.java:attachTypes(479)) - Couldn't find grammar element for class javax.ws.rs.core.Response
2023-07-16 18:57:25,773 [qtp1568159144-20] INFO  generators.AbstractWadlGeneratorGrammarGenerator (AbstractWadlGeneratorGrammarGenerator.java:attachTypes(479)) - Couldn't find grammar element for class java.util.Map
2023-07-16 18:57:25,808 [main] INFO  client.DataStreamClient (ConfUtils.java:logGet(46)) - raft.datastream.type = NETTY (custom)
2023-07-16 18:57:25,808 [main] INFO  netty.NettyConfigKeys$DataStream (ConfUtils.java:logGet(46)) - raft.netty.dataStream.client.tls.conf = null (default)
2023-07-16 18:57:25,810 [main] INFO  netty.NettyConfigKeys$DataStream (ConfUtils.java:logGet(46)) - raft.netty.dataStream.client.reply.queue.grace-period = 1s (default)
2023-07-16 18:57:25,811 [main] INFO  netty.NettyConfigKeys$DataStream (ConfUtils.java:logGet(46)) - raft.netty.dataStream.client.worker-group.share = false (default)
2023-07-16 18:57:25,811 [main] INFO  netty.NettyConfigKeys$DataStream (ConfUtils.java:logGet(46)) - raft.netty.dataStream.client.worker-group.size = 4 (default)
2023-07-16 18:57:25,827 [0e76f3da-5374-4d3e-bc44-9848a147cb1b-NettyServerStreamRpc-bossGroup--thread1] INFO  logging.LoggingHandler (AbstractInternalLogger.java:log(148)) - [id: 0xc4381082, L:/0:0:0:0:0:0:0:0:15015] READ: [id: 0xaac7dfab, L:/10.1.0.14:15015 - R:/10.1.0.14:36498]
2023-07-16 18:57:25,838 [0e76f3da-5374-4d3e-bc44-9848a147cb1b-NettyServerStreamRpc-bossGroup--thread1] INFO  logging.LoggingHandler (AbstractInternalLogger.java:log(148)) - [id: 0xc4381082, L:/0:0:0:0:0:0:0:0:15015] READ COMPLETE
2023-07-16 18:57:26,301 [main] INFO  client.DataStreamClient (ConfUtils.java:logGet(46)) - raft.datastream.type = NETTY (custom)
2023-07-16 18:57:26,302 [main] INFO  netty.NettyConfigKeys$DataStream (ConfUtils.java:logGet(46)) - raft.netty.dataStream.client.tls.conf = null (default)
2023-07-16 18:57:26,302 [main] INFO  netty.NettyConfigKeys$DataStream (ConfUtils.java:logGet(46)) - raft.netty.dataStream.client.reply.queue.grace-period = 1s (default)
2023-07-16 18:57:26,302 [main] INFO  netty.NettyConfigKeys$DataStream (ConfUtils.java:logGet(46)) - raft.netty.dataStream.client.worker-group.share = false (default)
2023-07-16 18:57:26,303 [main] INFO  netty.NettyConfigKeys$DataStream (ConfUtils.java:logGet(46)) - raft.netty.dataStream.client.worker-group.size = 4 (default)
2023-07-16 18:57:26,315 [e061ba01-06b3-4f38-a151-c7c4cf78ce5a-NettyServerStreamRpc-bossGroup--thread1] INFO  logging.LoggingHandler (AbstractInternalLogger.java:log(148)) - [id: 0x8042f1c7, L:/0:0:0:0:0:0:0:0:15024] READ: [id: 0x3ffad1ac, L:/10.1.0.14:15024 - R:/10.1.0.14:54124]
2023-07-16 18:57:26,328 [e061ba01-06b3-4f38-a151-c7c4cf78ce5a-NettyServerStreamRpc-bossGroup--thread1] INFO  logging.LoggingHandler (AbstractInternalLogger.java:log(148)) - [id: 0x8042f1c7, L:/0:0:0:0:0:0:0:0:15024] READ COMPLETE
2023-07-16 18:57:26,610 [main] INFO  client.DataStreamClient (ConfUtils.java:logGet(46)) - raft.datastream.type = NETTY (custom)
2023-07-16 18:57:26,611 [main] INFO  netty.NettyConfigKeys$DataStream (ConfUtils.java:logGet(46)) - raft.netty.dataStream.client.tls.conf = null (default)
2023-07-16 18:57:26,611 [main] INFO  netty.NettyConfigKeys$DataStream (ConfUtils.java:logGet(46)) - raft.netty.dataStream.client.reply.queue.grace-period = 1s (default)
2023-07-16 18:57:26,612 [main] INFO  netty.NettyConfigKeys$DataStream (ConfUtils.java:logGet(46)) - raft.netty.dataStream.client.worker-group.share = false (default)
2023-07-16 18:57:26,612 [main] INFO  netty.NettyConfigKeys$DataStream (ConfUtils.java:logGet(46)) - raft.netty.dataStream.client.worker-group.size = 4 (default)
2023-07-16 18:57:26,638 [9a50ebc8-888b-4605-8efe-fc16cf713d78-NettyServerStreamRpc-bossGroup--thread1] INFO  logging.LoggingHandler (AbstractInternalLogger.java:log(148)) - [id: 0x9678e0cc, L:/0:0:0:0:0:0:0:0:15051] READ: [id: 0xaa23b4b2, L:/10.1.0.14:15051 - R:/10.1.0.14:49264]
2023-07-16 18:57:26,639 [9a50ebc8-888b-4605-8efe-fc16cf713d78-NettyServerStreamRpc-bossGroup--thread1] INFO  logging.LoggingHandler (AbstractInternalLogger.java:log(148)) - [id: 0x9678e0cc, L:/0:0:0:0:0:0:0:0:15051] READ COMPLETE
2023-07-16 18:57:26,931 [main] INFO  client.DataStreamClient (ConfUtils.java:logGet(46)) - raft.datastream.type = NETTY (custom)
2023-07-16 18:57:26,932 [main] INFO  netty.NettyConfigKeys$DataStream (ConfUtils.java:logGet(46)) - raft.netty.dataStream.client.tls.conf = null (default)
2023-07-16 18:57:26,932 [main] INFO  netty.NettyConfigKeys$DataStream (ConfUtils.java:logGet(46)) - raft.netty.dataStream.client.reply.queue.grace-period = 1s (default)
2023-07-16 18:57:26,932 [main] INFO  netty.NettyConfigKeys$DataStream (ConfUtils.java:logGet(46)) - raft.netty.dataStream.client.worker-group.share = false (default)
2023-07-16 18:57:26,933 [main] INFO  netty.NettyConfigKeys$DataStream (ConfUtils.java:logGet(46)) - raft.netty.dataStream.client.worker-group.size = 4 (default)
2023-07-16 18:57:26,941 [2d677a35-33b0-4d15-8cfd-318274acedab-NettyServerStreamRpc-bossGroup--thread1] INFO  logging.LoggingHandler (AbstractInternalLogger.java:log(148)) - [id: 0x89700594, L:/0:0:0:0:0:0:0:0:15078] READ: [id: 0x0ff7e2e5, L:/10.1.0.14:15078 - R:/10.1.0.14:38660]
2023-07-16 18:57:26,945 [2d677a35-33b0-4d15-8cfd-318274acedab-NettyServerStreamRpc-bossGroup--thread1] INFO  logging.LoggingHandler (AbstractInternalLogger.java:log(148)) - [id: 0x89700594, L:/0:0:0:0:0:0:0:0:15078] READ COMPLETE
2023-07-16 18:57:27,236 [IPC Server handler 5 on default port 15001] WARN  node.SCMNodeManager (SCMNodeManager.java:getNodesByAddress(1373)) - Cannot find node for address 127.0.0.1
2023-07-16 18:57:27,237 [IPC Server handler 10 on default port 15001] WARN  node.SCMNodeManager (SCMNodeManager.java:getNodesByAddress(1373)) - Cannot find node for address 127.0.0.1
2023-07-16 18:57:27,238 [IPC Server handler 13 on default port 15001] WARN  node.SCMNodeManager (SCMNodeManager.java:getNodesByAddress(1373)) - Cannot find node for address 127.0.0.1
2023-07-16 18:57:27,239 [IPC Server handler 1 on default port 15001] WARN  node.SCMNodeManager (SCMNodeManager.java:getNodesByAddress(1373)) - Cannot find node for address 127.0.0.1
2023-07-16 18:57:28,943 [kms-audit_thread] INFO  kms-audit (SimpleKMSAuditLogger.java:logAuditEvent(59)) - OK[op=GENERATE_EEK, key=key1, user=runner, accessCount=2, interval=10395ms] 
]]></system-out>
  </testcase>
  <testcase name="testMPUwithOneStreamPart" classname="TestOzoneAtRestEncryption" time="1.164">
    <system-out><![CDATA[2023-07-16 18:57:42,768 [main] INFO  rpc.RpcClient (RpcClient.java:createVolume(460)) - Creating Volume: 605fea5c-5dbd-4954-a51a-fef09adef5bc, with runner as owner and space quota set to -1 bytes, counts quota set to -1
2023-07-16 18:57:42,772 [OM StateMachine ApplyTransaction Thread - 0] INFO  volume.OMVolumeCreateRequest (OMVolumeCreateRequest.java:validateAndUpdateCache(196)) - created volume:605fea5c-5dbd-4954-a51a-fef09adef5bc for user:runner
2023-07-16 18:57:42,775 [main] INFO  rpc.RpcClient (RpcClient.java:createBucket(687)) - Creating Bucket: 605fea5c-5dbd-4954-a51a-fef09adef5bc/31e87cd0-d55a-473b-bce8-42ae5ed93b3a, with bucket layout OBJECT_STORE, runner as owner, Versioning false, Storage Type set to DISK and Encryption set to true, Replication Type set to server-side default replication type, Namespace Quota set to -1, Space Quota set to -1 
2023-07-16 18:57:42,777 [qtp1568159144-17] INFO  kms-audit (SimpleKMSAuditLogger.java:logAuditSimpleFormat(93)) - OK[op=GET_METADATA, key=key1, user=runner] 
2023-07-16 18:57:42,781 [OM StateMachine ApplyTransaction Thread - 0] INFO  bucket.OMBucketCreateRequest (OMBucketCreateRequest.java:validateAndUpdateCache(270)) - created bucket: 31e87cd0-d55a-473b-bce8-42ae5ed93b3a of layout OBJECT_STORE in volume: 605fea5c-5dbd-4954-a51a-fef09adef5bc
2023-07-16 18:57:42,799 [qtp1568159144-20] ERROR generators.WadlGeneratorJAXBGrammarGenerator (WadlGeneratorJAXBGrammarGenerator.java:buildModelAndSchemas(207)) - Failed to generate the schema for the JAX-B elements
com.sun.xml.bind.v2.runtime.IllegalAnnotationsException: 1 counts of IllegalAnnotationExceptions
java.util.Map is an interface, and JAXB can't handle interfaces.
	this problem is related to the following location:
		at java.util.Map

	at com.sun.xml.bind.v2.runtime.IllegalAnnotationsException$Builder.check(IllegalAnnotationsException.java:106)
	at com.sun.xml.bind.v2.runtime.JAXBContextImpl.getTypeInfoSet(JAXBContextImpl.java:471)
	at com.sun.xml.bind.v2.runtime.JAXBContextImpl.<init>(JAXBContextImpl.java:303)
	at com.sun.xml.bind.v2.runtime.JAXBContextImpl.<init>(JAXBContextImpl.java:139)
	at com.sun.xml.bind.v2.runtime.JAXBContextImpl$JAXBContextBuilder.build(JAXBContextImpl.java:1156)
	at com.sun.xml.bind.v2.ContextFactory.createContext(ContextFactory.java:165)
	at sun.reflect.NativeMethodAccessorImpl.invoke0(Native Method)
	at sun.reflect.NativeMethodAccessorImpl.invoke(NativeMethodAccessorImpl.java:62)
	at sun.reflect.DelegatingMethodAccessorImpl.invoke(DelegatingMethodAccessorImpl.java:43)
	at java.lang.reflect.Method.invoke(Method.java:498)
	at javax.xml.bind.ContextFinder.newInstance(ContextFinder.java:247)
	at javax.xml.bind.ContextFinder.newInstance(ContextFinder.java:234)
	at javax.xml.bind.ContextFinder.find(ContextFinder.java:441)
	at javax.xml.bind.JAXBContext.newInstance(JAXBContext.java:641)
	at javax.xml.bind.JAXBContext.newInstance(JAXBContext.java:584)
	at com.sun.jersey.server.wadl.generators.WadlGeneratorJAXBGrammarGenerator.buildModelAndSchemas(WadlGeneratorJAXBGrammarGenerator.java:169)
	at com.sun.jersey.server.wadl.generators.AbstractWadlGeneratorGrammarGenerator.createExternalGrammar(AbstractWadlGeneratorGrammarGenerator.java:405)
	at com.sun.jersey.server.wadl.WadlBuilder.generate(WadlBuilder.java:149)
	at com.sun.jersey.server.impl.wadl.WadlApplicationContextImpl.getApplication(WadlApplicationContextImpl.java:119)
	at com.sun.jersey.server.impl.wadl.WadlApplicationContextImpl.getApplication(WadlApplicationContextImpl.java:138)
	at com.sun.jersey.server.impl.wadl.WadlMethodFactory$WadlOptionsMethodDispatcher.dispatch(WadlMethodFactory.java:110)
	at com.sun.jersey.server.impl.uri.rules.HttpMethodRule.accept(HttpMethodRule.java:302)
	at com.sun.jersey.server.impl.uri.rules.RightHandPathRule.accept(RightHandPathRule.java:147)
	at com.sun.jersey.server.impl.uri.rules.ResourceClassRule.accept(ResourceClassRule.java:108)
	at com.sun.jersey.server.impl.uri.rules.RightHandPathRule.accept(RightHandPathRule.java:147)
	at com.sun.jersey.server.impl.uri.rules.RootResourceClassesRule.accept(RootResourceClassesRule.java:84)
	at com.sun.jersey.server.impl.application.WebApplicationImpl._handleRequest(WebApplicationImpl.java:1542)
	at com.sun.jersey.server.impl.application.WebApplicationImpl._handleRequest(WebApplicationImpl.java:1473)
	at com.sun.jersey.server.impl.application.WebApplicationImpl.handleRequest(WebApplicationImpl.java:1419)
	at com.sun.jersey.server.impl.application.WebApplicationImpl.handleRequest(WebApplicationImpl.java:1409)
	at com.sun.jersey.spi.container.servlet.WebComponent.service(WebComponent.java:409)
	at com.sun.jersey.spi.container.servlet.ServletContainer.service(ServletContainer.java:558)
	at com.sun.jersey.spi.container.servlet.ServletContainer.service(ServletContainer.java:733)
	at javax.servlet.http.HttpServlet.service(HttpServlet.java:590)
	at org.eclipse.jetty.servlet.ServletHolder$NotAsync.service(ServletHolder.java:1459)
	at org.eclipse.jetty.servlet.ServletHolder.handle(ServletHolder.java:799)
	at org.eclipse.jetty.servlet.ServletHandler$ChainEnd.doFilter(ServletHandler.java:1656)
	at org.apache.hadoop.crypto.key.kms.server.KMSMDCFilter.doFilter(KMSMDCFilter.java:98)
	at org.eclipse.jetty.servlet.FilterHolder.doFilter(FilterHolder.java:193)
	at org.eclipse.jetty.servlet.ServletHandler$Chain.doFilter(ServletHandler.java:1626)
	at org.apache.hadoop.security.authentication.server.AuthenticationFilter.doFilter(AuthenticationFilter.java:650)
	at org.apache.hadoop.security.token.delegation.web.DelegationTokenAuthenticationFilter.doFilter(DelegationTokenAuthenticationFilter.java:305)
	at org.apache.hadoop.security.authentication.server.AuthenticationFilter.doFilter(AuthenticationFilter.java:592)
	at org.apache.hadoop.crypto.key.kms.server.KMSAuthenticationFilter.doFilter(KMSAuthenticationFilter.java:162)
	at org.eclipse.jetty.servlet.FilterHolder.doFilter(FilterHolder.java:201)
	at org.eclipse.jetty.servlet.ServletHandler$Chain.doFilter(ServletHandler.java:1626)
	at org.apache.hadoop.http.lib.StaticUserWebFilter$StaticUserFilter.doFilter(StaticUserWebFilter.java:110)
	at org.eclipse.jetty.servlet.FilterHolder.doFilter(FilterHolder.java:193)
	at org.eclipse.jetty.servlet.ServletHandler$Chain.doFilter(ServletHandler.java:1626)
	at org.apache.hadoop.http.HttpServer2$QuotingInputFilter.doFilter(HttpServer2.java:1794)
	at org.eclipse.jetty.servlet.FilterHolder.doFilter(FilterHolder.java:193)
	at org.eclipse.jetty.servlet.ServletHandler$Chain.doFilter(ServletHandler.java:1626)
	at org.apache.hadoop.http.NoCacheFilter.doFilter(NoCacheFilter.java:45)
	at org.eclipse.jetty.servlet.FilterHolder.doFilter(FilterHolder.java:193)
	at org.eclipse.jetty.servlet.ServletHandler$Chain.doFilter(ServletHandler.java:1626)
	at org.eclipse.jetty.servlet.ServletHandler.doHandle(ServletHandler.java:552)
	at org.eclipse.jetty.server.handler.ScopedHandler.handle(ScopedHandler.java:143)
	at org.eclipse.jetty.security.SecurityHandler.handle(SecurityHandler.java:600)
	at org.eclipse.jetty.server.handler.HandlerWrapper.handle(HandlerWrapper.java:127)
	at org.eclipse.jetty.server.handler.ScopedHandler.nextHandle(ScopedHandler.java:235)
	at org.eclipse.jetty.server.session.SessionHandler.doHandle(SessionHandler.java:1624)
	at org.eclipse.jetty.server.handler.ScopedHandler.nextHandle(ScopedHandler.java:233)
	at org.eclipse.jetty.server.handler.ContextHandler.doHandle(ContextHandler.java:1440)
	at org.eclipse.jetty.server.handler.ScopedHandler.nextScope(ScopedHandler.java:188)
	at org.eclipse.jetty.servlet.ServletHandler.doScope(ServletHandler.java:505)
	at org.eclipse.jetty.server.session.SessionHandler.doScope(SessionHandler.java:1594)
	at org.eclipse.jetty.server.handler.ScopedHandler.nextScope(ScopedHandler.java:186)
	at org.eclipse.jetty.server.handler.ContextHandler.doScope(ContextHandler.java:1355)
	at org.eclipse.jetty.server.handler.ScopedHandler.handle(ScopedHandler.java:141)
	at org.eclipse.jetty.server.handler.HandlerCollection.handle(HandlerCollection.java:146)
	at org.eclipse.jetty.server.handler.HandlerWrapper.handle(HandlerWrapper.java:127)
	at org.eclipse.jetty.server.Server.handle(Server.java:512)
	at org.eclipse.jetty.server.HttpChannel.lambda$handle$1(HttpChannel.java:487)
	at org.eclipse.jetty.server.HttpChannel.dispatch(HttpChannel.java:732)
	at org.eclipse.jetty.server.HttpChannel.handle(HttpChannel.java:479)
	at org.eclipse.jetty.server.HttpConnection.onFillable(HttpConnection.java:277)
	at org.eclipse.jetty.io.AbstractConnection$ReadCallback.succeeded(AbstractConnection.java:311)
	at org.eclipse.jetty.io.FillInterest.fillable(FillInterest.java:105)
	at org.eclipse.jetty.io.ChannelEndPoint$1.run(ChannelEndPoint.java:104)
	at org.eclipse.jetty.util.thread.strategy.EatWhatYouKill.runTask(EatWhatYouKill.java:338)
	at org.eclipse.jetty.util.thread.strategy.EatWhatYouKill.doProduce(EatWhatYouKill.java:315)
	at org.eclipse.jetty.util.thread.strategy.EatWhatYouKill.tryProduce(EatWhatYouKill.java:173)
	at org.eclipse.jetty.util.thread.strategy.EatWhatYouKill.run(EatWhatYouKill.java:131)
	at org.eclipse.jetty.util.thread.ReservedThreadExecutor$ReservedThread.run(ReservedThreadExecutor.java:409)
	at org.eclipse.jetty.util.thread.QueuedThreadPool.runJob(QueuedThreadPool.java:883)
	at org.eclipse.jetty.util.thread.QueuedThreadPool$Runner.run(QueuedThreadPool.java:1034)
	at java.lang.Thread.run(Thread.java:750)
2023-07-16 18:57:42,801 [qtp1568159144-20] INFO  generators.AbstractWadlGeneratorGrammarGenerator (AbstractWadlGeneratorGrammarGenerator.java:attachTypes(479)) - Couldn't find grammar element for class javax.ws.rs.core.Response
2023-07-16 18:57:42,802 [qtp1568159144-20] INFO  generators.AbstractWadlGeneratorGrammarGenerator (AbstractWadlGeneratorGrammarGenerator.java:attachTypes(479)) - Couldn't find grammar element for class java.util.Map
2023-07-16 18:57:42,802 [qtp1568159144-20] INFO  generators.AbstractWadlGeneratorGrammarGenerator (AbstractWadlGeneratorGrammarGenerator.java:attachTypes(479)) - Couldn't find grammar element for class java.util.Map
2023-07-16 18:57:42,802 [qtp1568159144-20] INFO  generators.AbstractWadlGeneratorGrammarGenerator (AbstractWadlGeneratorGrammarGenerator.java:attachTypes(479)) - Couldn't find grammar element for class javax.ws.rs.core.Response
2023-07-16 18:57:42,802 [qtp1568159144-20] INFO  generators.AbstractWadlGeneratorGrammarGenerator (AbstractWadlGeneratorGrammarGenerator.java:attachTypes(479)) - Couldn't find grammar element for class java.util.Map
2023-07-16 18:57:42,802 [qtp1568159144-20] INFO  generators.AbstractWadlGeneratorGrammarGenerator (AbstractWadlGeneratorGrammarGenerator.java:attachTypes(479)) - Couldn't find grammar element for class java.util.Map
2023-07-16 18:57:42,802 [qtp1568159144-20] INFO  generators.AbstractWadlGeneratorGrammarGenerator (AbstractWadlGeneratorGrammarGenerator.java:attachTypes(479)) - Couldn't find grammar element for class javax.ws.rs.core.Response
2023-07-16 18:57:42,802 [qtp1568159144-20] INFO  generators.AbstractWadlGeneratorGrammarGenerator (AbstractWadlGeneratorGrammarGenerator.java:attachTypes(479)) - Couldn't find grammar element for class java.util.Map
2023-07-16 18:57:42,815 [main] INFO  client.DataStreamClient (ConfUtils.java:logGet(46)) - raft.datastream.type = NETTY (custom)
2023-07-16 18:57:42,816 [main] INFO  netty.NettyConfigKeys$DataStream (ConfUtils.java:logGet(46)) - raft.netty.dataStream.client.tls.conf = null (default)
2023-07-16 18:57:42,816 [main] INFO  netty.NettyConfigKeys$DataStream (ConfUtils.java:logGet(46)) - raft.netty.dataStream.client.reply.queue.grace-period = 1s (default)
2023-07-16 18:57:42,816 [main] INFO  netty.NettyConfigKeys$DataStream (ConfUtils.java:logGet(46)) - raft.netty.dataStream.client.worker-group.share = false (default)
2023-07-16 18:57:42,816 [main] INFO  netty.NettyConfigKeys$DataStream (ConfUtils.java:logGet(46)) - raft.netty.dataStream.client.worker-group.size = 4 (default)
2023-07-16 18:57:42,823 [e061ba01-06b3-4f38-a151-c7c4cf78ce5a-NettyServerStreamRpc-bossGroup--thread1] INFO  logging.LoggingHandler (AbstractInternalLogger.java:log(148)) - [id: 0x8042f1c7, L:/0:0:0:0:0:0:0:0:15024] READ: [id: 0xd98ab52d, L:/10.1.0.14:15024 - R:/10.1.0.14:35438]
2023-07-16 18:57:42,823 [e061ba01-06b3-4f38-a151-c7c4cf78ce5a-NettyServerStreamRpc-bossGroup--thread1] INFO  logging.LoggingHandler (AbstractInternalLogger.java:log(148)) - [id: 0x8042f1c7, L:/0:0:0:0:0:0:0:0:15024] READ COMPLETE
2023-07-16 18:57:42,882 [main] INFO  client.DataStreamClient (ConfUtils.java:logGet(46)) - raft.datastream.type = NETTY (custom)
2023-07-16 18:57:42,882 [main] INFO  netty.NettyConfigKeys$DataStream (ConfUtils.java:logGet(46)) - raft.netty.dataStream.client.tls.conf = null (default)
2023-07-16 18:57:42,882 [main] INFO  netty.NettyConfigKeys$DataStream (ConfUtils.java:logGet(46)) - raft.netty.dataStream.client.reply.queue.grace-period = 1s (default)
2023-07-16 18:57:42,882 [main] INFO  netty.NettyConfigKeys$DataStream (ConfUtils.java:logGet(46)) - raft.netty.dataStream.client.worker-group.share = false (default)
2023-07-16 18:57:42,883 [main] INFO  netty.NettyConfigKeys$DataStream (ConfUtils.java:logGet(46)) - raft.netty.dataStream.client.worker-group.size = 4 (default)
2023-07-16 18:57:42,898 [2d677a35-33b0-4d15-8cfd-318274acedab-NettyServerStreamRpc-bossGroup--thread1] INFO  logging.LoggingHandler (AbstractInternalLogger.java:log(148)) - [id: 0x89700594, L:/0:0:0:0:0:0:0:0:15078] READ: [id: 0x73c7fa5a, L:/10.1.0.14:15078 - R:/10.1.0.14:38230]
2023-07-16 18:57:42,903 [2d677a35-33b0-4d15-8cfd-318274acedab-NettyServerStreamRpc-bossGroup--thread1] INFO  logging.LoggingHandler (AbstractInternalLogger.java:log(148)) - [id: 0x89700594, L:/0:0:0:0:0:0:0:0:15078] READ COMPLETE
2023-07-16 18:57:42,949 [main] INFO  client.DataStreamClient (ConfUtils.java:logGet(46)) - raft.datastream.type = NETTY (custom)
2023-07-16 18:57:42,950 [main] INFO  netty.NettyConfigKeys$DataStream (ConfUtils.java:logGet(46)) - raft.netty.dataStream.client.tls.conf = null (default)
2023-07-16 18:57:42,950 [main] INFO  netty.NettyConfigKeys$DataStream (ConfUtils.java:logGet(46)) - raft.netty.dataStream.client.reply.queue.grace-period = 1s (default)
2023-07-16 18:57:42,950 [main] INFO  netty.NettyConfigKeys$DataStream (ConfUtils.java:logGet(46)) - raft.netty.dataStream.client.worker-group.share = false (default)
2023-07-16 18:57:42,950 [main] INFO  netty.NettyConfigKeys$DataStream (ConfUtils.java:logGet(46)) - raft.netty.dataStream.client.worker-group.size = 4 (default)
2023-07-16 18:57:42,959 [83d11254-7599-4cbf-9408-65e5a9156a74-NettyServerStreamRpc-bossGroup--thread1] INFO  logging.LoggingHandler (AbstractInternalLogger.java:log(148)) - [id: 0x3c2e06f1, L:/0:0:0:0:0:0:0:0:15069] READ: [id: 0xe5b4534b, L:/10.1.0.14:15069 - R:/10.1.0.14:42292]
2023-07-16 18:57:42,963 [83d11254-7599-4cbf-9408-65e5a9156a74-NettyServerStreamRpc-bossGroup--thread1] INFO  logging.LoggingHandler (AbstractInternalLogger.java:log(148)) - [id: 0x3c2e06f1, L:/0:0:0:0:0:0:0:0:15069] READ COMPLETE
2023-07-16 18:57:43,031 [main] INFO  client.DataStreamClient (ConfUtils.java:logGet(46)) - raft.datastream.type = NETTY (custom)
2023-07-16 18:57:43,032 [main] INFO  netty.NettyConfigKeys$DataStream (ConfUtils.java:logGet(46)) - raft.netty.dataStream.client.tls.conf = null (default)
2023-07-16 18:57:43,032 [main] INFO  netty.NettyConfigKeys$DataStream (ConfUtils.java:logGet(46)) - raft.netty.dataStream.client.reply.queue.grace-period = 1s (default)
2023-07-16 18:57:43,032 [main] INFO  netty.NettyConfigKeys$DataStream (ConfUtils.java:logGet(46)) - raft.netty.dataStream.client.worker-group.share = false (default)
2023-07-16 18:57:43,033 [main] INFO  netty.NettyConfigKeys$DataStream (ConfUtils.java:logGet(46)) - raft.netty.dataStream.client.worker-group.size = 4 (default)
2023-07-16 18:57:43,041 [9a50ebc8-888b-4605-8efe-fc16cf713d78-NettyServerStreamRpc-bossGroup--thread1] INFO  logging.LoggingHandler (AbstractInternalLogger.java:log(148)) - [id: 0x9678e0cc, L:/0:0:0:0:0:0:0:0:15051] READ: [id: 0xdbb55d85, L:/10.1.0.14:15051 - R:/10.1.0.14:47284]
2023-07-16 18:57:43,042 [9a50ebc8-888b-4605-8efe-fc16cf713d78-NettyServerStreamRpc-bossGroup--thread1] INFO  logging.LoggingHandler (AbstractInternalLogger.java:log(148)) - [id: 0x9678e0cc, L:/0:0:0:0:0:0:0:0:15051] READ COMPLETE
2023-07-16 18:57:43,117 [IPC Server handler 11 on default port 15001] WARN  node.SCMNodeManager (SCMNodeManager.java:getNodesByAddress(1373)) - Cannot find node for address 127.0.0.1
2023-07-16 18:57:43,117 [IPC Server handler 9 on default port 15001] WARN  node.SCMNodeManager (SCMNodeManager.java:getNodesByAddress(1373)) - Cannot find node for address 127.0.0.1
2023-07-16 18:57:43,118 [IPC Server handler 18 on default port 15001] WARN  node.SCMNodeManager (SCMNodeManager.java:getNodesByAddress(1373)) - Cannot find node for address 127.0.0.1
2023-07-16 18:57:43,119 [IPC Server handler 6 on default port 15001] WARN  node.SCMNodeManager (SCMNodeManager.java:getNodesByAddress(1373)) - Cannot find node for address 127.0.0.1
]]></system-out>
  </testcase>
  <testcase name="testMPUwithThreePartsOverride" classname="TestOzoneAtRestEncryption" time="4.128">
    <system-out><![CDATA[2023-07-16 18:57:29,051 [main] INFO  rpc.RpcClient (RpcClient.java:createVolume(460)) - Creating Volume: 9b317692-db95-4768-8423-2f0c1b094d5d, with runner as owner and space quota set to -1 bytes, counts quota set to -1
2023-07-16 18:57:29,059 [OM StateMachine ApplyTransaction Thread - 0] INFO  volume.OMVolumeCreateRequest (OMVolumeCreateRequest.java:validateAndUpdateCache(196)) - created volume:9b317692-db95-4768-8423-2f0c1b094d5d for user:runner
2023-07-16 18:57:29,062 [main] INFO  rpc.RpcClient (RpcClient.java:createBucket(687)) - Creating Bucket: 9b317692-db95-4768-8423-2f0c1b094d5d/32979587-25e2-4e18-8fc8-93d8a17b9871, with bucket layout FILE_SYSTEM_OPTIMIZED, runner as owner, Versioning false, Storage Type set to DISK and Encryption set to true, Replication Type set to server-side default replication type, Namespace Quota set to -1, Space Quota set to -1 
2023-07-16 18:57:29,075 [qtp1568159144-17] INFO  kms-audit (SimpleKMSAuditLogger.java:logAuditSimpleFormat(93)) - OK[op=GET_METADATA, key=key1, user=runner] 
2023-07-16 18:57:29,088 [OM StateMachine ApplyTransaction Thread - 0] INFO  bucket.OMBucketCreateRequest (OMBucketCreateRequest.java:validateAndUpdateCache(270)) - created bucket: 32979587-25e2-4e18-8fc8-93d8a17b9871 of layout FILE_SYSTEM_OPTIMIZED in volume: 9b317692-db95-4768-8423-2f0c1b094d5d
2023-07-16 18:57:29,123 [qtp1568159144-20] INFO  kms-audit (SimpleKMSAuditLogger.java:logAuditEvent(59)) - OK[op=DECRYPT_EEK, key=key1, user=runner, accessCount=15, interval=10151ms] 
2023-07-16 18:57:29,127 [qtp1568159144-20] INFO  kms-audit (SimpleKMSAuditLogger.java:logAuditEvent(59)) - OK[op=DECRYPT_EEK, key=key1, user=runner, accessCount=1, interval=4ms] 
2023-07-16 18:57:30,244 [OM StateMachine ApplyTransaction Thread - 0] DEBUG db.CodecBuffer (CodecBuffer.java:setCapacity(212)) - setCapacity: 4096 -> 10916, max=2147483647
2023-07-16 18:57:30,255 [OM StateMachine ApplyTransaction Thread - 0] DEBUG db.CodecBuffer (CodecBuffer.java:setCapacity(212)) - setCapacity: 4096 -> 20584, max=2147483647
2023-07-16 18:57:30,271 [IPC Server handler 16 on default port 15001] WARN  node.SCMNodeManager (SCMNodeManager.java:getNodesByAddress(1373)) - Cannot find node for address 127.0.0.1
2023-07-16 18:57:30,272 [IPC Server handler 3 on default port 15001] WARN  node.SCMNodeManager (SCMNodeManager.java:getNodesByAddress(1373)) - Cannot find node for address 127.0.0.1
2023-07-16 18:57:30,273 [IPC Server handler 0 on default port 15001] WARN  node.SCMNodeManager (SCMNodeManager.java:getNodesByAddress(1373)) - Cannot find node for address 127.0.0.1
2023-07-16 18:57:30,274 [IPC Server handler 12 on default port 15001] WARN  node.SCMNodeManager (SCMNodeManager.java:getNodesByAddress(1373)) - Cannot find node for address 127.0.0.1
2023-07-16 18:57:30,275 [IPC Server handler 17 on default port 15001] WARN  node.SCMNodeManager (SCMNodeManager.java:getNodesByAddress(1373)) - Cannot find node for address 127.0.0.1
2023-07-16 18:57:30,276 [IPC Server handler 8 on default port 15001] WARN  node.SCMNodeManager (SCMNodeManager.java:getNodesByAddress(1373)) - Cannot find node for address 127.0.0.1
2023-07-16 18:57:30,277 [IPC Server handler 7 on default port 15001] WARN  node.SCMNodeManager (SCMNodeManager.java:getNodesByAddress(1373)) - Cannot find node for address 127.0.0.1
2023-07-16 18:57:30,277 [IPC Server handler 5 on default port 15001] WARN  node.SCMNodeManager (SCMNodeManager.java:getNodesByAddress(1373)) - Cannot find node for address 127.0.0.1
2023-07-16 18:57:30,278 [IPC Server handler 1 on default port 15001] WARN  node.SCMNodeManager (SCMNodeManager.java:getNodesByAddress(1373)) - Cannot find node for address 127.0.0.1
2023-07-16 18:57:30,279 [IPC Server handler 13 on default port 15001] WARN  node.SCMNodeManager (SCMNodeManager.java:getNodesByAddress(1373)) - Cannot find node for address 127.0.0.1
2023-07-16 18:57:32,048 [OM StateMachine ApplyTransaction Thread - 0] DEBUG db.CodecBuffer (CodecBuffer.java:setCapacity(212)) - setCapacity: 4096 -> 10921, max=2147483647
2023-07-16 18:57:32,058 [OM StateMachine ApplyTransaction Thread - 0] DEBUG db.CodecBuffer (CodecBuffer.java:setCapacity(212)) - setCapacity: 4096 -> 20596, max=2147483647
2023-07-16 18:57:32,074 [IPC Server handler 2 on default port 15001] WARN  node.SCMNodeManager (SCMNodeManager.java:getNodesByAddress(1373)) - Cannot find node for address 127.0.0.1
2023-07-16 18:57:32,075 [IPC Server handler 15 on default port 15001] WARN  node.SCMNodeManager (SCMNodeManager.java:getNodesByAddress(1373)) - Cannot find node for address 127.0.0.1
2023-07-16 18:57:32,076 [IPC Server handler 19 on default port 15001] WARN  node.SCMNodeManager (SCMNodeManager.java:getNodesByAddress(1373)) - Cannot find node for address 127.0.0.1
2023-07-16 18:57:32,077 [IPC Server handler 16 on default port 15001] WARN  node.SCMNodeManager (SCMNodeManager.java:getNodesByAddress(1373)) - Cannot find node for address 127.0.0.1
2023-07-16 18:57:32,078 [IPC Server handler 3 on default port 15001] WARN  node.SCMNodeManager (SCMNodeManager.java:getNodesByAddress(1373)) - Cannot find node for address 127.0.0.1
2023-07-16 18:57:32,079 [IPC Server handler 0 on default port 15001] WARN  node.SCMNodeManager (SCMNodeManager.java:getNodesByAddress(1373)) - Cannot find node for address 127.0.0.1
2023-07-16 18:57:32,079 [IPC Server handler 12 on default port 15001] WARN  node.SCMNodeManager (SCMNodeManager.java:getNodesByAddress(1373)) - Cannot find node for address 127.0.0.1
2023-07-16 18:57:32,080 [IPC Server handler 17 on default port 15001] WARN  node.SCMNodeManager (SCMNodeManager.java:getNodesByAddress(1373)) - Cannot find node for address 127.0.0.1
2023-07-16 18:57:32,081 [IPC Server handler 8 on default port 15001] WARN  node.SCMNodeManager (SCMNodeManager.java:getNodesByAddress(1373)) - Cannot find node for address 127.0.0.1
2023-07-16 18:57:32,082 [IPC Server handler 7 on default port 15001] WARN  node.SCMNodeManager (SCMNodeManager.java:getNodesByAddress(1373)) - Cannot find node for address 127.0.0.1
]]></system-out>
  </testcase>
  <testcase name="testMPUwithThreePartsOverride" classname="TestOzoneAtRestEncryption" time="2.764">
    <system-out><![CDATA[2023-07-16 18:57:43,932 [main] INFO  rpc.RpcClient (RpcClient.java:createVolume(460)) - Creating Volume: f6af33cb-23c9-4d18-bfd9-2942834d286b, with runner as owner and space quota set to -1 bytes, counts quota set to -1
2023-07-16 18:57:43,937 [OM StateMachine ApplyTransaction Thread - 0] INFO  volume.OMVolumeCreateRequest (OMVolumeCreateRequest.java:validateAndUpdateCache(196)) - created volume:f6af33cb-23c9-4d18-bfd9-2942834d286b for user:runner
2023-07-16 18:57:43,939 [main] INFO  rpc.RpcClient (RpcClient.java:createBucket(687)) - Creating Bucket: f6af33cb-23c9-4d18-bfd9-2942834d286b/6d98becf-f8b8-430f-8f04-5fcdfaf84bbf, with bucket layout OBJECT_STORE, runner as owner, Versioning false, Storage Type set to DISK and Encryption set to true, Replication Type set to server-side default replication type, Namespace Quota set to -1, Space Quota set to -1 
2023-07-16 18:57:43,942 [qtp1568159144-20] INFO  kms-audit (SimpleKMSAuditLogger.java:logAuditSimpleFormat(93)) - OK[op=GET_METADATA, key=key1, user=runner] 
2023-07-16 18:57:43,945 [OM StateMachine ApplyTransaction Thread - 0] INFO  bucket.OMBucketCreateRequest (OMBucketCreateRequest.java:validateAndUpdateCache(270)) - created bucket: 6d98becf-f8b8-430f-8f04-5fcdfaf84bbf of layout OBJECT_STORE in volume: f6af33cb-23c9-4d18-bfd9-2942834d286b
2023-07-16 18:57:44,621 [OM StateMachine ApplyTransaction Thread - 0] DEBUG db.CodecBuffer (CodecBuffer.java:setCapacity(212)) - setCapacity: 4096 -> 10892, max=2147483647
2023-07-16 18:57:44,625 [OM StateMachine ApplyTransaction Thread - 0] DEBUG db.CodecBuffer (CodecBuffer.java:setCapacity(212)) - setCapacity: 4096 -> 20560, max=2147483647
2023-07-16 18:57:44,630 [IPC Server handler 2 on default port 15001] WARN  node.SCMNodeManager (SCMNodeManager.java:getNodesByAddress(1373)) - Cannot find node for address 127.0.0.1
2023-07-16 18:57:44,631 [IPC Server handler 15 on default port 15001] WARN  node.SCMNodeManager (SCMNodeManager.java:getNodesByAddress(1373)) - Cannot find node for address 127.0.0.1
2023-07-16 18:57:44,631 [IPC Server handler 19 on default port 15001] WARN  node.SCMNodeManager (SCMNodeManager.java:getNodesByAddress(1373)) - Cannot find node for address 127.0.0.1
2023-07-16 18:57:44,632 [IPC Server handler 16 on default port 15001] WARN  node.SCMNodeManager (SCMNodeManager.java:getNodesByAddress(1373)) - Cannot find node for address 127.0.0.1
2023-07-16 18:57:44,632 [IPC Server handler 3 on default port 15001] WARN  node.SCMNodeManager (SCMNodeManager.java:getNodesByAddress(1373)) - Cannot find node for address 127.0.0.1
2023-07-16 18:57:44,633 [IPC Server handler 0 on default port 15001] WARN  node.SCMNodeManager (SCMNodeManager.java:getNodesByAddress(1373)) - Cannot find node for address 127.0.0.1
2023-07-16 18:57:44,633 [IPC Server handler 12 on default port 15001] WARN  node.SCMNodeManager (SCMNodeManager.java:getNodesByAddress(1373)) - Cannot find node for address 127.0.0.1
2023-07-16 18:57:44,634 [IPC Server handler 17 on default port 15001] WARN  node.SCMNodeManager (SCMNodeManager.java:getNodesByAddress(1373)) - Cannot find node for address 127.0.0.1
2023-07-16 18:57:44,634 [IPC Server handler 8 on default port 15001] WARN  node.SCMNodeManager (SCMNodeManager.java:getNodesByAddress(1373)) - Cannot find node for address 127.0.0.1
2023-07-16 18:57:44,635 [IPC Server handler 5 on default port 15001] WARN  node.SCMNodeManager (SCMNodeManager.java:getNodesByAddress(1373)) - Cannot find node for address 127.0.0.1
2023-07-16 18:57:46,065 [OM StateMachine ApplyTransaction Thread - 0] DEBUG db.CodecBuffer (CodecBuffer.java:setCapacity(212)) - setCapacity: 4096 -> 10893, max=2147483647
2023-07-16 18:57:46,069 [OM StateMachine ApplyTransaction Thread - 0] DEBUG db.CodecBuffer (CodecBuffer.java:setCapacity(212)) - setCapacity: 4096 -> 20570, max=2147483647
2023-07-16 18:57:46,074 [IPC Server handler 7 on default port 15001] WARN  node.SCMNodeManager (SCMNodeManager.java:getNodesByAddress(1373)) - Cannot find node for address 127.0.0.1
2023-07-16 18:57:46,075 [IPC Server handler 10 on default port 15001] WARN  node.SCMNodeManager (SCMNodeManager.java:getNodesByAddress(1373)) - Cannot find node for address 127.0.0.1
2023-07-16 18:57:46,075 [IPC Server handler 14 on default port 15001] WARN  node.SCMNodeManager (SCMNodeManager.java:getNodesByAddress(1373)) - Cannot find node for address 127.0.0.1
2023-07-16 18:57:46,076 [IPC Server handler 11 on default port 15001] WARN  node.SCMNodeManager (SCMNodeManager.java:getNodesByAddress(1373)) - Cannot find node for address 127.0.0.1
2023-07-16 18:57:46,076 [IPC Server handler 9 on default port 15001] WARN  node.SCMNodeManager (SCMNodeManager.java:getNodesByAddress(1373)) - Cannot find node for address 127.0.0.1
2023-07-16 18:57:46,077 [IPC Server handler 18 on default port 15001] WARN  node.SCMNodeManager (SCMNodeManager.java:getNodesByAddress(1373)) - Cannot find node for address 127.0.0.1
2023-07-16 18:57:46,077 [IPC Server handler 6 on default port 15001] WARN  node.SCMNodeManager (SCMNodeManager.java:getNodesByAddress(1373)) - Cannot find node for address 127.0.0.1
2023-07-16 18:57:46,078 [IPC Server handler 4 on default port 15001] WARN  node.SCMNodeManager (SCMNodeManager.java:getNodesByAddress(1373)) - Cannot find node for address 127.0.0.1
2023-07-16 18:57:46,078 [IPC Server handler 2 on default port 15001] WARN  node.SCMNodeManager (SCMNodeManager.java:getNodesByAddress(1373)) - Cannot find node for address 127.0.0.1
2023-07-16 18:57:46,079 [IPC Server handler 15 on default port 15001] WARN  node.SCMNodeManager (SCMNodeManager.java:getNodesByAddress(1373)) - Cannot find node for address 127.0.0.1
]]></system-out>
  </testcase>
  <testcase name="testMPUwithTwoStreamParts" classname="TestOzoneAtRestEncryption" time="1.488">
    <error type="org.apache.hadoop.hdds.scm.container.common.helpers.StorageContainerException"><![CDATA[org.apache.hadoop.hdds.scm.container.common.helpers.StorageContainerException: Unable to find the block with bcsID 129 .Container 17 bcsId is 128.
	at org.apache.hadoop.hdds.scm.storage.ContainerProtocolCalls.validateContainerResponse(ContainerProtocolCalls.java:707)
	at org.apache.hadoop.hdds.scm.storage.ContainerProtocolCalls.lambda$createValidators$4(ContainerProtocolCalls.java:718)
	at org.apache.hadoop.hdds.scm.XceiverClientGrpc.sendCommandWithRetry(XceiverClientGrpc.java:407)
	at org.apache.hadoop.hdds.scm.XceiverClientGrpc.lambda$sendCommandWithTraceIDAndRetry$0(XceiverClientGrpc.java:347)
	at org.apache.hadoop.hdds.tracing.TracingUtil.executeInSpan(TracingUtil.java:169)
	at org.apache.hadoop.hdds.tracing.TracingUtil.executeInNewSpan(TracingUtil.java:149)
	at org.apache.hadoop.hdds.scm.XceiverClientGrpc.sendCommandWithTraceIDAndRetry(XceiverClientGrpc.java:342)
	at org.apache.hadoop.hdds.scm.XceiverClientGrpc.sendCommand(XceiverClientGrpc.java:323)
	at org.apache.hadoop.hdds.scm.storage.ContainerProtocolCalls.getBlock(ContainerProtocolCalls.java:208)
	at org.apache.hadoop.hdds.scm.storage.ContainerProtocolCalls.lambda$getBlock$0(ContainerProtocolCalls.java:186)
	at org.apache.hadoop.hdds.scm.storage.ContainerProtocolCalls.tryEachDatanode(ContainerProtocolCalls.java:146)
	at org.apache.hadoop.hdds.scm.storage.ContainerProtocolCalls.getBlock(ContainerProtocolCalls.java:185)
	at org.apache.hadoop.hdds.scm.storage.BlockInputStream.getChunkInfos(BlockInputStream.java:255)
	at org.apache.hadoop.hdds.scm.storage.BlockInputStream.initialize(BlockInputStream.java:146)
	at org.apache.hadoop.hdds.scm.storage.BlockInputStream.readWithStrategy(BlockInputStream.java:308)
	at org.apache.hadoop.hdds.scm.storage.ExtendedInputStream.read(ExtendedInputStream.java:66)
	at org.apache.hadoop.hdds.scm.storage.ByteBufferReader.readFromBlock(ByteBufferReader.java:56)
	at org.apache.hadoop.hdds.scm.storage.MultipartInputStream.readWithStrategy(MultipartInputStream.java:96)
	at org.apache.hadoop.hdds.scm.storage.ExtendedInputStream.read(ExtendedInputStream.java:66)
	at org.apache.hadoop.crypto.CryptoInputStream.read(CryptoInputStream.java:203)
	at org.apache.hadoop.ozone.client.io.OzoneCryptoInputStream.read(OzoneCryptoInputStream.java:130)
	at org.apache.hadoop.hdds.scm.storage.ByteArrayReader.readFromBlock(ByteArrayReader.java:57)
	at org.apache.hadoop.hdds.scm.storage.MultipartInputStream.readWithStrategy(MultipartInputStream.java:96)
	at org.apache.hadoop.hdds.scm.storage.ExtendedInputStream.read(ExtendedInputStream.java:56)
	at org.apache.hadoop.ozone.client.io.OzoneInputStream.read(OzoneInputStream.java:56)
	at org.apache.hadoop.ozone.client.rpc.TestOzoneAtRestEncryption.testMultipartUploadWithEncryption(TestOzoneAtRestEncryption.java:567)
	at org.apache.hadoop.ozone.client.rpc.TestOzoneAtRestEncryption.testMPUwithTwoStreamParts(TestOzoneAtRestEncryption.java:482)
	at sun.reflect.NativeMethodAccessorImpl.invoke0(Native Method)
	at sun.reflect.NativeMethodAccessorImpl.invoke(NativeMethodAccessorImpl.java:62)
	at sun.reflect.DelegatingMethodAccessorImpl.invoke(DelegatingMethodAccessorImpl.java:43)
	at java.lang.reflect.Method.invoke(Method.java:498)
	at org.junit.runners.model.FrameworkMethod$1.runReflectiveCall(FrameworkMethod.java:59)
	at org.junit.internal.runners.model.ReflectiveCallable.run(ReflectiveCallable.java:12)
	at org.junit.runners.model.FrameworkMethod.invokeExplosively(FrameworkMethod.java:56)
	at org.junit.internal.runners.statements.InvokeMethod.evaluate(InvokeMethod.java:17)
	at org.junit.runners.ParentRunner$3.evaluate(ParentRunner.java:306)
	at org.junit.runners.BlockJUnit4ClassRunner$1.evaluate(BlockJUnit4ClassRunner.java:100)
	at org.junit.runners.ParentRunner.runLeaf(ParentRunner.java:366)
	at org.junit.runners.BlockJUnit4ClassRunner.runChild(BlockJUnit4ClassRunner.java:103)
	at org.junit.runners.BlockJUnit4ClassRunner.runChild(BlockJUnit4ClassRunner.java:63)
	at org.junit.runners.ParentRunner$4.run(ParentRunner.java:331)
	at org.junit.runners.ParentRunner$1.schedule(ParentRunner.java:79)
	at org.junit.runners.ParentRunner.runChildren(ParentRunner.java:329)
	at org.junit.runners.ParentRunner.access$100(ParentRunner.java:66)
	at org.junit.runners.ParentRunner$2.evaluate(ParentRunner.java:293)
	at org.junit.runners.ParentRunner.run(ParentRunner.java:413)
	at org.junit.runners.Suite.runChild(Suite.java:128)
	at org.junit.runners.Suite.runChild(Suite.java:27)
	at org.junit.runners.ParentRunner$4.run(ParentRunner.java:331)
	at org.junit.runners.ParentRunner$1.schedule(ParentRunner.java:79)
	at org.junit.runners.ParentRunner.runChildren(ParentRunner.java:329)
	at org.junit.runners.ParentRunner.access$100(ParentRunner.java:66)
	at org.junit.runners.ParentRunner$2.evaluate(ParentRunner.java:293)
	at org.junit.internal.runners.statements.RunBefores.evaluate(RunBefores.java:26)
	at org.junit.internal.runners.statements.RunAfters.evaluate(RunAfters.java:27)
	at org.junit.runners.ParentRunner$3.evaluate(ParentRunner.java:306)
	at org.junit.runners.ParentRunner.run(ParentRunner.java:413)
	at org.junit.runner.JUnitCore.run(JUnitCore.java:137)
	at org.junit.runner.JUnitCore.run(JUnitCore.java:115)
	at org.junit.vintage.engine.execution.RunnerExecutor.execute(RunnerExecutor.java:42)
	at org.junit.vintage.engine.VintageTestEngine.executeAllChildren(VintageTestEngine.java:80)
	at org.junit.vintage.engine.VintageTestEngine.execute(VintageTestEngine.java:72)
	at org.junit.platform.launcher.core.EngineExecutionOrchestrator.execute(EngineExecutionOrchestrator.java:107)
	at org.junit.platform.launcher.core.EngineExecutionOrchestrator.execute(EngineExecutionOrchestrator.java:88)
	at org.junit.platform.launcher.core.EngineExecutionOrchestrator.lambda$execute$0(EngineExecutionOrchestrator.java:54)
	at org.junit.platform.launcher.core.EngineExecutionOrchestrator.withInterceptedStreams(EngineExecutionOrchestrator.java:67)
	at org.junit.platform.launcher.core.EngineExecutionOrchestrator.execute(EngineExecutionOrchestrator.java:52)
	at org.junit.platform.launcher.core.DefaultLauncher.execute(DefaultLauncher.java:114)
	at org.junit.platform.launcher.core.DefaultLauncher.execute(DefaultLauncher.java:86)
	at org.junit.platform.launcher.core.DefaultLauncherSession$DelegatingLauncher.execute(DefaultLauncherSession.java:86)
	at org.junit.platform.launcher.core.SessionPerRequestLauncher.execute(SessionPerRequestLauncher.java:53)
	at org.apache.maven.surefire.junitplatform.JUnitPlatformProvider.execute(JUnitPlatformProvider.java:188)
	at org.apache.maven.surefire.junitplatform.JUnitPlatformProvider.invokeAllTests(JUnitPlatformProvider.java:154)
	at org.apache.maven.surefire.junitplatform.JUnitPlatformProvider.invoke(JUnitPlatformProvider.java:124)
	at org.apache.maven.surefire.booter.ForkedBooter.runSuitesInProcess(ForkedBooter.java:428)
	at org.apache.maven.surefire.booter.ForkedBooter.execute(ForkedBooter.java:162)
	at org.apache.maven.surefire.booter.ForkedBooter.run(ForkedBooter.java:562)
	at org.apache.maven.surefire.booter.ForkedBooter.main(ForkedBooter.java:548)
]]></error>
    <system-out><![CDATA[2023-07-16 18:57:33,179 [main] INFO  rpc.RpcClient (RpcClient.java:createVolume(460)) - Creating Volume: 11cfe9a5-5ba6-4998-bb63-0534bbb057fd, with runner as owner and space quota set to -1 bytes, counts quota set to -1
2023-07-16 18:57:33,182 [OM StateMachine ApplyTransaction Thread - 0] INFO  volume.OMVolumeCreateRequest (OMVolumeCreateRequest.java:validateAndUpdateCache(196)) - created volume:11cfe9a5-5ba6-4998-bb63-0534bbb057fd for user:runner
2023-07-16 18:57:33,185 [main] INFO  rpc.RpcClient (RpcClient.java:createBucket(687)) - Creating Bucket: 11cfe9a5-5ba6-4998-bb63-0534bbb057fd/26be6881-0a43-4f13-8a6b-96c3b7ae4dd5, with bucket layout FILE_SYSTEM_OPTIMIZED, runner as owner, Versioning false, Storage Type set to DISK and Encryption set to true, Replication Type set to server-side default replication type, Namespace Quota set to -1, Space Quota set to -1 
2023-07-16 18:57:33,192 [qtp1568159144-17] INFO  kms-audit (SimpleKMSAuditLogger.java:logAuditSimpleFormat(93)) - OK[op=GET_METADATA, key=key1, user=runner] 
2023-07-16 18:57:33,195 [OM StateMachine ApplyTransaction Thread - 0] INFO  bucket.OMBucketCreateRequest (OMBucketCreateRequest.java:validateAndUpdateCache(270)) - created bucket: 26be6881-0a43-4f13-8a6b-96c3b7ae4dd5 of layout FILE_SYSTEM_OPTIMIZED in volume: 11cfe9a5-5ba6-4998-bb63-0534bbb057fd
2023-07-16 18:57:33,261 [main] INFO  client.DataStreamClient (ConfUtils.java:logGet(46)) - raft.datastream.type = NETTY (custom)
2023-07-16 18:57:33,261 [main] INFO  netty.NettyConfigKeys$DataStream (ConfUtils.java:logGet(46)) - raft.netty.dataStream.client.tls.conf = null (default)
2023-07-16 18:57:33,261 [main] INFO  netty.NettyConfigKeys$DataStream (ConfUtils.java:logGet(46)) - raft.netty.dataStream.client.reply.queue.grace-period = 1s (default)
2023-07-16 18:57:33,261 [main] INFO  netty.NettyConfigKeys$DataStream (ConfUtils.java:logGet(46)) - raft.netty.dataStream.client.worker-group.share = false (default)
2023-07-16 18:57:33,262 [main] INFO  netty.NettyConfigKeys$DataStream (ConfUtils.java:logGet(46)) - raft.netty.dataStream.client.worker-group.size = 4 (default)
2023-07-16 18:57:33,269 [83d11254-7599-4cbf-9408-65e5a9156a74-NettyServerStreamRpc-bossGroup--thread1] INFO  logging.LoggingHandler (AbstractInternalLogger.java:log(148)) - [id: 0x3c2e06f1, L:/0:0:0:0:0:0:0:0:15069] READ: [id: 0x6571416c, L:/10.1.0.14:15069 - R:/10.1.0.14:45394]
2023-07-16 18:57:33,280 [83d11254-7599-4cbf-9408-65e5a9156a74-NettyServerStreamRpc-bossGroup--thread1] INFO  logging.LoggingHandler (AbstractInternalLogger.java:log(148)) - [id: 0x3c2e06f1, L:/0:0:0:0:0:0:0:0:15069] READ COMPLETE
2023-07-16 18:57:33,383 [main] INFO  client.DataStreamClient (ConfUtils.java:logGet(46)) - raft.datastream.type = NETTY (custom)
2023-07-16 18:57:33,383 [main] INFO  netty.NettyConfigKeys$DataStream (ConfUtils.java:logGet(46)) - raft.netty.dataStream.client.tls.conf = null (default)
2023-07-16 18:57:33,384 [main] INFO  netty.NettyConfigKeys$DataStream (ConfUtils.java:logGet(46)) - raft.netty.dataStream.client.reply.queue.grace-period = 1s (default)
2023-07-16 18:57:33,384 [main] INFO  netty.NettyConfigKeys$DataStream (ConfUtils.java:logGet(46)) - raft.netty.dataStream.client.worker-group.share = false (default)
2023-07-16 18:57:33,384 [main] INFO  netty.NettyConfigKeys$DataStream (ConfUtils.java:logGet(46)) - raft.netty.dataStream.client.worker-group.size = 4 (default)
2023-07-16 18:57:33,392 [0b1f3054-766a-487f-b63d-c6e216ac8926-NettyServerStreamRpc-bossGroup--thread1] INFO  logging.LoggingHandler (AbstractInternalLogger.java:log(148)) - [id: 0x5a0a41da, L:/0:0:0:0:0:0:0:0:15060] READ: [id: 0xd36f01b8, L:/10.1.0.14:15060 - R:/10.1.0.14:54116]
2023-07-16 18:57:33,407 [0b1f3054-766a-487f-b63d-c6e216ac8926-NettyServerStreamRpc-bossGroup--thread1] INFO  logging.LoggingHandler (AbstractInternalLogger.java:log(148)) - [id: 0x5a0a41da, L:/0:0:0:0:0:0:0:0:15060] READ COMPLETE
2023-07-16 18:57:33,477 [main] INFO  client.DataStreamClient (ConfUtils.java:logGet(46)) - raft.datastream.type = NETTY (custom)
2023-07-16 18:57:33,478 [main] INFO  netty.NettyConfigKeys$DataStream (ConfUtils.java:logGet(46)) - raft.netty.dataStream.client.tls.conf = null (default)
2023-07-16 18:57:33,478 [main] INFO  netty.NettyConfigKeys$DataStream (ConfUtils.java:logGet(46)) - raft.netty.dataStream.client.reply.queue.grace-period = 1s (default)
2023-07-16 18:57:33,478 [main] INFO  netty.NettyConfigKeys$DataStream (ConfUtils.java:logGet(46)) - raft.netty.dataStream.client.worker-group.share = false (default)
2023-07-16 18:57:33,478 [main] INFO  netty.NettyConfigKeys$DataStream (ConfUtils.java:logGet(46)) - raft.netty.dataStream.client.worker-group.size = 4 (default)
2023-07-16 18:57:33,483 [6a04ed34-8094-474b-9acd-b8edff3f6d46-NettyServerStreamRpc-bossGroup--thread1] INFO  logging.LoggingHandler (AbstractInternalLogger.java:log(148)) - [id: 0xa6232cca, L:/0:0:0:0:0:0:0:0:15087] READ: [id: 0x3b8c801b, L:/10.1.0.14:15087 - R:/10.1.0.14:51748]
2023-07-16 18:57:33,492 [6a04ed34-8094-474b-9acd-b8edff3f6d46-NettyServerStreamRpc-bossGroup--thread1] INFO  logging.LoggingHandler (AbstractInternalLogger.java:log(148)) - [id: 0xa6232cca, L:/0:0:0:0:0:0:0:0:15087] READ COMPLETE
2023-07-16 18:57:33,573 [main] INFO  client.DataStreamClient (ConfUtils.java:logGet(46)) - raft.datastream.type = NETTY (custom)
2023-07-16 18:57:33,573 [main] INFO  netty.NettyConfigKeys$DataStream (ConfUtils.java:logGet(46)) - raft.netty.dataStream.client.tls.conf = null (default)
2023-07-16 18:57:33,573 [main] INFO  netty.NettyConfigKeys$DataStream (ConfUtils.java:logGet(46)) - raft.netty.dataStream.client.reply.queue.grace-period = 1s (default)
2023-07-16 18:57:33,574 [main] INFO  netty.NettyConfigKeys$DataStream (ConfUtils.java:logGet(46)) - raft.netty.dataStream.client.worker-group.share = false (default)
2023-07-16 18:57:33,574 [main] INFO  netty.NettyConfigKeys$DataStream (ConfUtils.java:logGet(46)) - raft.netty.dataStream.client.worker-group.size = 4 (default)
2023-07-16 18:57:33,582 [7fbcf281-0606-4cdd-9e49-7a456e1aa2a0-NettyServerStreamRpc-bossGroup--thread1] INFO  logging.LoggingHandler (AbstractInternalLogger.java:log(148)) - [id: 0x0256e492, L:/0:0:0:0:0:0:0:0:15096] READ: [id: 0xc203bc2f, L:/10.1.0.14:15096 - R:/10.1.0.14:53882]
2023-07-16 18:57:33,586 [7fbcf281-0606-4cdd-9e49-7a456e1aa2a0-NettyServerStreamRpc-bossGroup--thread1] INFO  logging.LoggingHandler (AbstractInternalLogger.java:log(148)) - [id: 0x0256e492, L:/0:0:0:0:0:0:0:0:15096] READ COMPLETE
2023-07-16 18:57:33,760 [main] INFO  client.DataStreamClient (ConfUtils.java:logGet(46)) - raft.datastream.type = NETTY (custom)
2023-07-16 18:57:33,760 [main] INFO  netty.NettyConfigKeys$DataStream (ConfUtils.java:logGet(46)) - raft.netty.dataStream.client.tls.conf = null (default)
2023-07-16 18:57:33,760 [main] INFO  netty.NettyConfigKeys$DataStream (ConfUtils.java:logGet(46)) - raft.netty.dataStream.client.reply.queue.grace-period = 1s (default)
2023-07-16 18:57:33,760 [main] INFO  netty.NettyConfigKeys$DataStream (ConfUtils.java:logGet(46)) - raft.netty.dataStream.client.worker-group.share = false (default)
2023-07-16 18:57:33,760 [main] INFO  netty.NettyConfigKeys$DataStream (ConfUtils.java:logGet(46)) - raft.netty.dataStream.client.worker-group.size = 4 (default)
2023-07-16 18:57:33,768 [c23d9737-c121-4244-9e77-c55c15e0a23c-NettyServerStreamRpc-bossGroup--thread1] INFO  logging.LoggingHandler (AbstractInternalLogger.java:log(148)) - [id: 0xa8d24431, L:/0:0:0:0:0:0:0:0:15033] READ: [id: 0x3c0898af, L:/10.1.0.14:15033 - R:/10.1.0.14:58154]
2023-07-16 18:57:33,772 [c23d9737-c121-4244-9e77-c55c15e0a23c-NettyServerStreamRpc-bossGroup--thread1] INFO  logging.LoggingHandler (AbstractInternalLogger.java:log(148)) - [id: 0xa8d24431, L:/0:0:0:0:0:0:0:0:15033] READ COMPLETE
2023-07-16 18:57:34,343 [OM StateMachine ApplyTransaction Thread - 0] DEBUG db.CodecBuffer (CodecBuffer.java:setCapacity(212)) - setCapacity: 4096 -> 10917, max=2147483647
2023-07-16 18:57:34,350 [IPC Server handler 14 on default port 15001] WARN  node.SCMNodeManager (SCMNodeManager.java:getNodesByAddress(1373)) - Cannot find node for address 127.0.0.1
2023-07-16 18:57:34,350 [IPC Server handler 11 on default port 15001] WARN  node.SCMNodeManager (SCMNodeManager.java:getNodesByAddress(1373)) - Cannot find node for address 127.0.0.1
2023-07-16 18:57:34,351 [IPC Server handler 9 on default port 15001] WARN  node.SCMNodeManager (SCMNodeManager.java:getNodesByAddress(1373)) - Cannot find node for address 127.0.0.1
2023-07-16 18:57:34,352 [IPC Server handler 18 on default port 15001] WARN  node.SCMNodeManager (SCMNodeManager.java:getNodesByAddress(1373)) - Cannot find node for address 127.0.0.1
2023-07-16 18:57:34,353 [IPC Server handler 6 on default port 15001] WARN  node.SCMNodeManager (SCMNodeManager.java:getNodesByAddress(1373)) - Cannot find node for address 127.0.0.1
2023-07-16 18:57:34,353 [IPC Server handler 4 on default port 15001] WARN  node.SCMNodeManager (SCMNodeManager.java:getNodesByAddress(1373)) - Cannot find node for address 127.0.0.1
2023-07-16 18:57:34,354 [IPC Server handler 2 on default port 15001] WARN  node.SCMNodeManager (SCMNodeManager.java:getNodesByAddress(1373)) - Cannot find node for address 127.0.0.1
2023-07-16 18:57:34,355 [IPC Server handler 15 on default port 15001] WARN  node.SCMNodeManager (SCMNodeManager.java:getNodesByAddress(1373)) - Cannot find node for address 127.0.0.1
2023-07-16 18:57:34,554 [ChunkReader-7] WARN  keyvalue.KeyValueHandler (ContainerUtils.java:logAndReturnError(95)) - Operation: GetBlock , Trace ID:  , Message: Unable to find the block with bcsID 129 .Container 17 bcsId is 128. , Result: UNKNOWN_BCSID , StorageContainerException Occurred.
org.apache.hadoop.hdds.scm.container.common.helpers.StorageContainerException: Unable to find the block with bcsID 129 .Container 17 bcsId is 128.
	at org.apache.hadoop.ozone.container.keyvalue.impl.BlockManagerImpl.getBlock(BlockManagerImpl.java:248)
	at org.apache.hadoop.ozone.container.keyvalue.KeyValueHandler.handleGetBlock(KeyValueHandler.java:588)
	at org.apache.hadoop.ozone.container.keyvalue.KeyValueHandler.dispatchRequest(KeyValueHandler.java:257)
	at org.apache.hadoop.ozone.container.keyvalue.KeyValueHandler.handle(KeyValueHandler.java:226)
	at org.apache.hadoop.ozone.container.common.impl.HddsDispatcher.dispatchRequest(HddsDispatcher.java:324)
	at org.apache.hadoop.ozone.container.common.impl.HddsDispatcher.lambda$dispatch$0(HddsDispatcher.java:175)
	at org.apache.hadoop.hdds.server.OzoneProtocolMessageDispatcher.processRequest(OzoneProtocolMessageDispatcher.java:87)
	at org.apache.hadoop.ozone.container.common.impl.HddsDispatcher.dispatch(HddsDispatcher.java:174)
	at org.apache.hadoop.ozone.container.common.transport.server.GrpcXceiverService$1.onNext(GrpcXceiverService.java:57)
	at org.apache.hadoop.ozone.container.common.transport.server.GrpcXceiverService$1.onNext(GrpcXceiverService.java:50)
	at org.apache.ratis.thirdparty.io.grpc.stub.ServerCalls$StreamingServerCallHandler$StreamingServerCallListener.onMessage(ServerCalls.java:262)
	at org.apache.ratis.thirdparty.io.grpc.ForwardingServerCallListener.onMessage(ForwardingServerCallListener.java:33)
	at org.apache.hadoop.hdds.tracing.GrpcServerInterceptor$1.onMessage(GrpcServerInterceptor.java:49)
	at org.apache.ratis.thirdparty.io.grpc.internal.ServerCallImpl$ServerStreamListenerImpl.messagesAvailableInternal(ServerCallImpl.java:333)
	at org.apache.ratis.thirdparty.io.grpc.internal.ServerCallImpl$ServerStreamListenerImpl.messagesAvailable(ServerCallImpl.java:316)
	at org.apache.ratis.thirdparty.io.grpc.internal.ServerImpl$JumpToApplicationThreadServerStreamListener$1MessagesAvailable.runInContext(ServerImpl.java:835)
	at org.apache.ratis.thirdparty.io.grpc.internal.ContextRunnable.run(ContextRunnable.java:37)
	at org.apache.ratis.thirdparty.io.grpc.internal.SerializingExecutor.run(SerializingExecutor.java:133)
	at java.util.concurrent.ThreadPoolExecutor.runWorker(ThreadPoolExecutor.java:1149)
	at java.util.concurrent.ThreadPoolExecutor$Worker.run(ThreadPoolExecutor.java:624)
	at java.lang.Thread.run(Thread.java:750)
18:57:34.589 [ChunkReader-7] ERROR DNAudit - user=null | ip=null | op=GET_BLOCK {blockData=conID: 17 locID: 111677748019200096 bcsId: 129} | ret=FAILURE
java.lang.Exception: Unable to find the block with bcsID 129 .Container 17 bcsId is 128.
	at org.apache.hadoop.ozone.container.common.impl.HddsDispatcher.dispatchRequest(HddsDispatcher.java:398) ~[hdds-container-service-1.4.0-SNAPSHOT.jar:?]
	at org.apache.hadoop.ozone.container.common.impl.HddsDispatcher.lambda$dispatch$0(HddsDispatcher.java:175) ~[hdds-container-service-1.4.0-SNAPSHOT.jar:?]
	at org.apache.hadoop.hdds.server.OzoneProtocolMessageDispatcher.processRequest(OzoneProtocolMessageDispatcher.java:87) [hdds-server-framework-1.4.0-SNAPSHOT.jar:?]
	at org.apache.hadoop.ozone.container.common.impl.HddsDispatcher.dispatch(HddsDispatcher.java:174) [hdds-container-service-1.4.0-SNAPSHOT.jar:?]
	at org.apache.hadoop.ozone.container.common.transport.server.GrpcXceiverService$1.onNext(GrpcXceiverService.java:57) [hdds-container-service-1.4.0-SNAPSHOT.jar:?]
	at org.apache.hadoop.ozone.container.common.transport.server.GrpcXceiverService$1.onNext(GrpcXceiverService.java:50) [hdds-container-service-1.4.0-SNAPSHOT.jar:?]
	at org.apache.ratis.thirdparty.io.grpc.stub.ServerCalls$StreamingServerCallHandler$StreamingServerCallListener.onMessage(ServerCalls.java:262) [ratis-thirdparty-misc-1.0.4.jar:1.0.4]
	at org.apache.ratis.thirdparty.io.grpc.ForwardingServerCallListener.onMessage(ForwardingServerCallListener.java:33) [ratis-thirdparty-misc-1.0.4.jar:1.0.4]
	at org.apache.hadoop.hdds.tracing.GrpcServerInterceptor$1.onMessage(GrpcServerInterceptor.java:49) [hdds-common-1.4.0-SNAPSHOT.jar:?]
	at org.apache.ratis.thirdparty.io.grpc.internal.ServerCallImpl$ServerStreamListenerImpl.messagesAvailableInternal(ServerCallImpl.java:333) [ratis-thirdparty-misc-1.0.4.jar:1.0.4]
	at org.apache.ratis.thirdparty.io.grpc.internal.ServerCallImpl$ServerStreamListenerImpl.messagesAvailable(ServerCallImpl.java:316) [ratis-thirdparty-misc-1.0.4.jar:1.0.4]
	at org.apache.ratis.thirdparty.io.grpc.internal.ServerImpl$JumpToApplicationThreadServerStreamListener$1MessagesAvailable.runInContext(ServerImpl.java:835) [ratis-thirdparty-misc-1.0.4.jar:1.0.4]
	at org.apache.ratis.thirdparty.io.grpc.internal.ContextRunnable.run(ContextRunnable.java:37) [ratis-thirdparty-misc-1.0.4.jar:1.0.4]
	at org.apache.ratis.thirdparty.io.grpc.internal.SerializingExecutor.run(SerializingExecutor.java:133) [ratis-thirdparty-misc-1.0.4.jar:1.0.4]
	at java.util.concurrent.ThreadPoolExecutor.runWorker(ThreadPoolExecutor.java:1149) [?:1.8.0_372]
	at java.util.concurrent.ThreadPoolExecutor$Worker.run(ThreadPoolExecutor.java:624) [?:1.8.0_372]
	at java.lang.Thread.run(Thread.java:750) [?:1.8.0_372]
2023-07-16 18:57:34,604 [main] ERROR scm.XceiverClientGrpc (XceiverClientGrpc.java:sendCommandWithRetry(450)) - Failed to execute command GetBlock on the pipeline Pipeline[ Id: f450f055-a296-4477-9a04-9172e3d3c7d7, Nodes: e061ba01-06b3-4f38-a151-c7c4cf78ce5a(fv-az587-727.eelbpncqjxkupcyqmv043tjoah.jx.internal.cloudapp.net/10.1.0.14), ReplicationConfig: STANDALONE/ONE, State:OPEN, leaderId:e061ba01-06b3-4f38-a151-c7c4cf78ce5a, CreationTimestamp2023-07-16T18:57:07.746Z[Etc/UTC]].
2023-07-16 18:57:34,605 [main] INFO  storage.BlockInputStream (BlockInputStream.java:refreshBlockInfo(205)) - Unable to read information for block conID: 17 locID: 111677748019200096 bcsId: 129 from pipeline PipelineID=f450f055-a296-4477-9a04-9172e3d3c7d7: Unable to find the block with bcsID 129 .Container 17 bcsId is 128.
2023-07-16 18:57:34,615 [IPC Server handler 19 on default port 15001] WARN  node.SCMNodeManager (SCMNodeManager.java:getNodesByAddress(1373)) - Cannot find node for address 127.0.0.1
2023-07-16 18:57:34,616 [IPC Server handler 16 on default port 15001] WARN  node.SCMNodeManager (SCMNodeManager.java:getNodesByAddress(1373)) - Cannot find node for address 127.0.0.1
2023-07-16 18:57:34,616 [IPC Server handler 3 on default port 15001] WARN  node.SCMNodeManager (SCMNodeManager.java:getNodesByAddress(1373)) - Cannot find node for address 127.0.0.1
2023-07-16 18:57:34,617 [IPC Server handler 0 on default port 15001] WARN  node.SCMNodeManager (SCMNodeManager.java:getNodesByAddress(1373)) - Cannot find node for address 127.0.0.1
2023-07-16 18:57:34,618 [IPC Server handler 12 on default port 15001] WARN  node.SCMNodeManager (SCMNodeManager.java:getNodesByAddress(1373)) - Cannot find node for address 127.0.0.1
2023-07-16 18:57:34,618 [IPC Server handler 17 on default port 15001] WARN  node.SCMNodeManager (SCMNodeManager.java:getNodesByAddress(1373)) - Cannot find node for address 127.0.0.1
2023-07-16 18:57:34,619 [IPC Server handler 8 on default port 15001] WARN  node.SCMNodeManager (SCMNodeManager.java:getNodesByAddress(1373)) - Cannot find node for address 127.0.0.1
2023-07-16 18:57:34,620 [IPC Server handler 7 on default port 15001] WARN  node.SCMNodeManager (SCMNodeManager.java:getNodesByAddress(1373)) - Cannot find node for address 127.0.0.1
2023-07-16 18:57:34,626 [ChunkReader-9] WARN  keyvalue.KeyValueHandler (ContainerUtils.java:logAndReturnError(95)) - Operation: GetBlock , Trace ID:  , Message: Unable to find the block with bcsID 129 .Container 17 bcsId is 128. , Result: UNKNOWN_BCSID , StorageContainerException Occurred.
org.apache.hadoop.hdds.scm.container.common.helpers.StorageContainerException: Unable to find the block with bcsID 129 .Container 17 bcsId is 128.
	at org.apache.hadoop.ozone.container.keyvalue.impl.BlockManagerImpl.getBlock(BlockManagerImpl.java:248)
	at org.apache.hadoop.ozone.container.keyvalue.KeyValueHandler.handleGetBlock(KeyValueHandler.java:588)
	at org.apache.hadoop.ozone.container.keyvalue.KeyValueHandler.dispatchRequest(KeyValueHandler.java:257)
	at org.apache.hadoop.ozone.container.keyvalue.KeyValueHandler.handle(KeyValueHandler.java:226)
	at org.apache.hadoop.ozone.container.common.impl.HddsDispatcher.dispatchRequest(HddsDispatcher.java:324)
	at org.apache.hadoop.ozone.container.common.impl.HddsDispatcher.lambda$dispatch$0(HddsDispatcher.java:175)
	at org.apache.hadoop.hdds.server.OzoneProtocolMessageDispatcher.processRequest(OzoneProtocolMessageDispatcher.java:87)
	at org.apache.hadoop.ozone.container.common.impl.HddsDispatcher.dispatch(HddsDispatcher.java:174)
	at org.apache.hadoop.ozone.container.common.transport.server.GrpcXceiverService$1.onNext(GrpcXceiverService.java:57)
	at org.apache.hadoop.ozone.container.common.transport.server.GrpcXceiverService$1.onNext(GrpcXceiverService.java:50)
	at org.apache.ratis.thirdparty.io.grpc.stub.ServerCalls$StreamingServerCallHandler$StreamingServerCallListener.onMessage(ServerCalls.java:262)
	at org.apache.ratis.thirdparty.io.grpc.ForwardingServerCallListener.onMessage(ForwardingServerCallListener.java:33)
	at org.apache.hadoop.hdds.tracing.GrpcServerInterceptor$1.onMessage(GrpcServerInterceptor.java:49)
	at org.apache.ratis.thirdparty.io.grpc.internal.ServerCallImpl$ServerStreamListenerImpl.messagesAvailableInternal(ServerCallImpl.java:333)
	at org.apache.ratis.thirdparty.io.grpc.internal.ServerCallImpl$ServerStreamListenerImpl.messagesAvailable(ServerCallImpl.java:316)
	at org.apache.ratis.thirdparty.io.grpc.internal.ServerImpl$JumpToApplicationThreadServerStreamListener$1MessagesAvailable.runInContext(ServerImpl.java:835)
	at org.apache.ratis.thirdparty.io.grpc.internal.ContextRunnable.run(ContextRunnable.java:37)
	at org.apache.ratis.thirdparty.io.grpc.internal.SerializingExecutor.run(SerializingExecutor.java:133)
	at java.util.concurrent.ThreadPoolExecutor.runWorker(ThreadPoolExecutor.java:1149)
	at java.util.concurrent.ThreadPoolExecutor$Worker.run(ThreadPoolExecutor.java:624)
	at java.lang.Thread.run(Thread.java:750)
18:57:34.629 [ChunkReader-9] ERROR DNAudit - user=null | ip=null | op=GET_BLOCK {blockData=conID: 17 locID: 111677748019200096 bcsId: 129} | ret=FAILURE
java.lang.Exception: Unable to find the block with bcsID 129 .Container 17 bcsId is 128.
	at org.apache.hadoop.ozone.container.common.impl.HddsDispatcher.dispatchRequest(HddsDispatcher.java:398) ~[hdds-container-service-1.4.0-SNAPSHOT.jar:?]
	at org.apache.hadoop.ozone.container.common.impl.HddsDispatcher.lambda$dispatch$0(HddsDispatcher.java:175) ~[hdds-container-service-1.4.0-SNAPSHOT.jar:?]
	at org.apache.hadoop.hdds.server.OzoneProtocolMessageDispatcher.processRequest(OzoneProtocolMessageDispatcher.java:87) [hdds-server-framework-1.4.0-SNAPSHOT.jar:?]
	at org.apache.hadoop.ozone.container.common.impl.HddsDispatcher.dispatch(HddsDispatcher.java:174) [hdds-container-service-1.4.0-SNAPSHOT.jar:?]
	at org.apache.hadoop.ozone.container.common.transport.server.GrpcXceiverService$1.onNext(GrpcXceiverService.java:57) [hdds-container-service-1.4.0-SNAPSHOT.jar:?]
	at org.apache.hadoop.ozone.container.common.transport.server.GrpcXceiverService$1.onNext(GrpcXceiverService.java:50) [hdds-container-service-1.4.0-SNAPSHOT.jar:?]
	at org.apache.ratis.thirdparty.io.grpc.stub.ServerCalls$StreamingServerCallHandler$StreamingServerCallListener.onMessage(ServerCalls.java:262) [ratis-thirdparty-misc-1.0.4.jar:1.0.4]
	at org.apache.ratis.thirdparty.io.grpc.ForwardingServerCallListener.onMessage(ForwardingServerCallListener.java:33) [ratis-thirdparty-misc-1.0.4.jar:1.0.4]
	at org.apache.hadoop.hdds.tracing.GrpcServerInterceptor$1.onMessage(GrpcServerInterceptor.java:49) [hdds-common-1.4.0-SNAPSHOT.jar:?]
	at org.apache.ratis.thirdparty.io.grpc.internal.ServerCallImpl$ServerStreamListenerImpl.messagesAvailableInternal(ServerCallImpl.java:333) [ratis-thirdparty-misc-1.0.4.jar:1.0.4]
	at org.apache.ratis.thirdparty.io.grpc.internal.ServerCallImpl$ServerStreamListenerImpl.messagesAvailable(ServerCallImpl.java:316) [ratis-thirdparty-misc-1.0.4.jar:1.0.4]
	at org.apache.ratis.thirdparty.io.grpc.internal.ServerImpl$JumpToApplicationThreadServerStreamListener$1MessagesAvailable.runInContext(ServerImpl.java:835) [ratis-thirdparty-misc-1.0.4.jar:1.0.4]
	at org.apache.ratis.thirdparty.io.grpc.internal.ContextRunnable.run(ContextRunnable.java:37) [ratis-thirdparty-misc-1.0.4.jar:1.0.4]
	at org.apache.ratis.thirdparty.io.grpc.internal.SerializingExecutor.run(SerializingExecutor.java:133) [ratis-thirdparty-misc-1.0.4.jar:1.0.4]
	at java.util.concurrent.ThreadPoolExecutor.runWorker(ThreadPoolExecutor.java:1149) [?:1.8.0_372]
	at java.util.concurrent.ThreadPoolExecutor$Worker.run(ThreadPoolExecutor.java:624) [?:1.8.0_372]
	at java.lang.Thread.run(Thread.java:750) [?:1.8.0_372]
2023-07-16 18:57:34,630 [main] ERROR scm.XceiverClientGrpc (XceiverClientGrpc.java:sendCommandWithRetry(450)) - Failed to execute command GetBlock on the pipeline Pipeline[ Id: f450f055-a296-4477-9a04-9172e3d3c7d7, Nodes: e061ba01-06b3-4f38-a151-c7c4cf78ce5a(fv-az587-727.eelbpncqjxkupcyqmv043tjoah.jx.internal.cloudapp.net/10.1.0.14), ReplicationConfig: STANDALONE/ONE, State:OPEN, leaderId:e061ba01-06b3-4f38-a151-c7c4cf78ce5a, CreationTimestamp2023-07-16T18:57:07.746Z[Etc/UTC]].
2023-07-16 18:57:34,631 [main] INFO  storage.BlockInputStream (BlockInputStream.java:refreshBlockInfo(205)) - Unable to read information for block conID: 17 locID: 111677748019200096 bcsId: 129 from pipeline PipelineID=f450f055-a296-4477-9a04-9172e3d3c7d7: Unable to find the block with bcsID 129 .Container 17 bcsId is 128.
2023-07-16 18:57:34,640 [IPC Server handler 13 on default port 15001] WARN  node.SCMNodeManager (SCMNodeManager.java:getNodesByAddress(1373)) - Cannot find node for address 127.0.0.1
2023-07-16 18:57:34,641 [IPC Server handler 1 on default port 15001] WARN  node.SCMNodeManager (SCMNodeManager.java:getNodesByAddress(1373)) - Cannot find node for address 127.0.0.1
2023-07-16 18:57:34,642 [IPC Server handler 5 on default port 15001] WARN  node.SCMNodeManager (SCMNodeManager.java:getNodesByAddress(1373)) - Cannot find node for address 127.0.0.1
2023-07-16 18:57:34,643 [IPC Server handler 10 on default port 15001] WARN  node.SCMNodeManager (SCMNodeManager.java:getNodesByAddress(1373)) - Cannot find node for address 127.0.0.1
2023-07-16 18:57:34,643 [IPC Server handler 14 on default port 15001] WARN  node.SCMNodeManager (SCMNodeManager.java:getNodesByAddress(1373)) - Cannot find node for address 127.0.0.1
2023-07-16 18:57:34,644 [IPC Server handler 11 on default port 15001] WARN  node.SCMNodeManager (SCMNodeManager.java:getNodesByAddress(1373)) - Cannot find node for address 127.0.0.1
2023-07-16 18:57:34,645 [IPC Server handler 9 on default port 15001] WARN  node.SCMNodeManager (SCMNodeManager.java:getNodesByAddress(1373)) - Cannot find node for address 127.0.0.1
2023-07-16 18:57:34,645 [IPC Server handler 18 on default port 15001] WARN  node.SCMNodeManager (SCMNodeManager.java:getNodesByAddress(1373)) - Cannot find node for address 127.0.0.1
2023-07-16 18:57:34,649 [ChunkReader-3] WARN  keyvalue.KeyValueHandler (ContainerUtils.java:logAndReturnError(95)) - Operation: GetBlock , Trace ID:  , Message: Unable to find the block with bcsID 129 .Container 17 bcsId is 128. , Result: UNKNOWN_BCSID , StorageContainerException Occurred.
org.apache.hadoop.hdds.scm.container.common.helpers.StorageContainerException: Unable to find the block with bcsID 129 .Container 17 bcsId is 128.
	at org.apache.hadoop.ozone.container.keyvalue.impl.BlockManagerImpl.getBlock(BlockManagerImpl.java:248)
	at org.apache.hadoop.ozone.container.keyvalue.KeyValueHandler.handleGetBlock(KeyValueHandler.java:588)
	at org.apache.hadoop.ozone.container.keyvalue.KeyValueHandler.dispatchRequest(KeyValueHandler.java:257)
	at org.apache.hadoop.ozone.container.keyvalue.KeyValueHandler.handle(KeyValueHandler.java:226)
	at org.apache.hadoop.ozone.container.common.impl.HddsDispatcher.dispatchRequest(HddsDispatcher.java:324)
	at org.apache.hadoop.ozone.container.common.impl.HddsDispatcher.lambda$dispatch$0(HddsDispatcher.java:175)
	at org.apache.hadoop.hdds.server.OzoneProtocolMessageDispatcher.processRequest(OzoneProtocolMessageDispatcher.java:87)
	at org.apache.hadoop.ozone.container.common.impl.HddsDispatcher.dispatch(HddsDispatcher.java:174)
	at org.apache.hadoop.ozone.container.common.transport.server.GrpcXceiverService$1.onNext(GrpcXceiverService.java:57)
	at org.apache.hadoop.ozone.container.common.transport.server.GrpcXceiverService$1.onNext(GrpcXceiverService.java:50)
	at org.apache.ratis.thirdparty.io.grpc.stub.ServerCalls$StreamingServerCallHandler$StreamingServerCallListener.onMessage(ServerCalls.java:262)
	at org.apache.ratis.thirdparty.io.grpc.ForwardingServerCallListener.onMessage(ForwardingServerCallListener.java:33)
	at org.apache.hadoop.hdds.tracing.GrpcServerInterceptor$1.onMessage(GrpcServerInterceptor.java:49)
	at org.apache.ratis.thirdparty.io.grpc.internal.ServerCallImpl$ServerStreamListenerImpl.messagesAvailableInternal(ServerCallImpl.java:333)
	at org.apache.ratis.thirdparty.io.grpc.internal.ServerCallImpl$ServerStreamListenerImpl.messagesAvailable(ServerCallImpl.java:316)
	at org.apache.ratis.thirdparty.io.grpc.internal.ServerImpl$JumpToApplicationThreadServerStreamListener$1MessagesAvailable.runInContext(ServerImpl.java:835)
	at org.apache.ratis.thirdparty.io.grpc.internal.ContextRunnable.run(ContextRunnable.java:37)
	at org.apache.ratis.thirdparty.io.grpc.internal.SerializingExecutor.run(SerializingExecutor.java:133)
	at java.util.concurrent.ThreadPoolExecutor.runWorker(ThreadPoolExecutor.java:1149)
	at java.util.concurrent.ThreadPoolExecutor$Worker.run(ThreadPoolExecutor.java:624)
	at java.lang.Thread.run(Thread.java:750)
18:57:34.649 [ChunkReader-3] ERROR DNAudit - user=null | ip=null | op=GET_BLOCK {blockData=conID: 17 locID: 111677748019200096 bcsId: 129} | ret=FAILURE
java.lang.Exception: Unable to find the block with bcsID 129 .Container 17 bcsId is 128.
	at org.apache.hadoop.ozone.container.common.impl.HddsDispatcher.dispatchRequest(HddsDispatcher.java:398) ~[hdds-container-service-1.4.0-SNAPSHOT.jar:?]
	at org.apache.hadoop.ozone.container.common.impl.HddsDispatcher.lambda$dispatch$0(HddsDispatcher.java:175) ~[hdds-container-service-1.4.0-SNAPSHOT.jar:?]
	at org.apache.hadoop.hdds.server.OzoneProtocolMessageDispatcher.processRequest(OzoneProtocolMessageDispatcher.java:87) [hdds-server-framework-1.4.0-SNAPSHOT.jar:?]
	at org.apache.hadoop.ozone.container.common.impl.HddsDispatcher.dispatch(HddsDispatcher.java:174) [hdds-container-service-1.4.0-SNAPSHOT.jar:?]
	at org.apache.hadoop.ozone.container.common.transport.server.GrpcXceiverService$1.onNext(GrpcXceiverService.java:57) [hdds-container-service-1.4.0-SNAPSHOT.jar:?]
	at org.apache.hadoop.ozone.container.common.transport.server.GrpcXceiverService$1.onNext(GrpcXceiverService.java:50) [hdds-container-service-1.4.0-SNAPSHOT.jar:?]
	at org.apache.ratis.thirdparty.io.grpc.stub.ServerCalls$StreamingServerCallHandler$StreamingServerCallListener.onMessage(ServerCalls.java:262) [ratis-thirdparty-misc-1.0.4.jar:1.0.4]
	at org.apache.ratis.thirdparty.io.grpc.ForwardingServerCallListener.onMessage(ForwardingServerCallListener.java:33) [ratis-thirdparty-misc-1.0.4.jar:1.0.4]
	at org.apache.hadoop.hdds.tracing.GrpcServerInterceptor$1.onMessage(GrpcServerInterceptor.java:49) [hdds-common-1.4.0-SNAPSHOT.jar:?]
	at org.apache.ratis.thirdparty.io.grpc.internal.ServerCallImpl$ServerStreamListenerImpl.messagesAvailableInternal(ServerCallImpl.java:333) [ratis-thirdparty-misc-1.0.4.jar:1.0.4]
	at org.apache.ratis.thirdparty.io.grpc.internal.ServerCallImpl$ServerStreamListenerImpl.messagesAvailable(ServerCallImpl.java:316) [ratis-thirdparty-misc-1.0.4.jar:1.0.4]
	at org.apache.ratis.thirdparty.io.grpc.internal.ServerImpl$JumpToApplicationThreadServerStreamListener$1MessagesAvailable.runInContext(ServerImpl.java:835) [ratis-thirdparty-misc-1.0.4.jar:1.0.4]
	at org.apache.ratis.thirdparty.io.grpc.internal.ContextRunnable.run(ContextRunnable.java:37) [ratis-thirdparty-misc-1.0.4.jar:1.0.4]
	at org.apache.ratis.thirdparty.io.grpc.internal.SerializingExecutor.run(SerializingExecutor.java:133) [ratis-thirdparty-misc-1.0.4.jar:1.0.4]
	at java.util.concurrent.ThreadPoolExecutor.runWorker(ThreadPoolExecutor.java:1149) [?:1.8.0_372]
	at java.util.concurrent.ThreadPoolExecutor$Worker.run(ThreadPoolExecutor.java:624) [?:1.8.0_372]
	at java.lang.Thread.run(Thread.java:750) [?:1.8.0_372]
2023-07-16 18:57:34,650 [main] ERROR scm.XceiverClientGrpc (XceiverClientGrpc.java:sendCommandWithRetry(450)) - Failed to execute command GetBlock on the pipeline Pipeline[ Id: f450f055-a296-4477-9a04-9172e3d3c7d7, Nodes: e061ba01-06b3-4f38-a151-c7c4cf78ce5a(fv-az587-727.eelbpncqjxkupcyqmv043tjoah.jx.internal.cloudapp.net/10.1.0.14), ReplicationConfig: STANDALONE/ONE, State:OPEN, leaderId:e061ba01-06b3-4f38-a151-c7c4cf78ce5a, CreationTimestamp2023-07-16T18:57:07.746Z[Etc/UTC]].
2023-07-16 18:57:34,651 [main] INFO  storage.BlockInputStream (BlockInputStream.java:refreshBlockInfo(205)) - Unable to read information for block conID: 17 locID: 111677748019200096 bcsId: 129 from pipeline PipelineID=f450f055-a296-4477-9a04-9172e3d3c7d7: Unable to find the block with bcsID 129 .Container 17 bcsId is 128.
2023-07-16 18:57:34,655 [IPC Server handler 6 on default port 15001] WARN  node.SCMNodeManager (SCMNodeManager.java:getNodesByAddress(1373)) - Cannot find node for address 127.0.0.1
2023-07-16 18:57:34,656 [IPC Server handler 4 on default port 15001] WARN  node.SCMNodeManager (SCMNodeManager.java:getNodesByAddress(1373)) - Cannot find node for address 127.0.0.1
2023-07-16 18:57:34,656 [IPC Server handler 2 on default port 15001] WARN  node.SCMNodeManager (SCMNodeManager.java:getNodesByAddress(1373)) - Cannot find node for address 127.0.0.1
2023-07-16 18:57:34,657 [IPC Server handler 15 on default port 15001] WARN  node.SCMNodeManager (SCMNodeManager.java:getNodesByAddress(1373)) - Cannot find node for address 127.0.0.1
2023-07-16 18:57:34,658 [IPC Server handler 19 on default port 15001] WARN  node.SCMNodeManager (SCMNodeManager.java:getNodesByAddress(1373)) - Cannot find node for address 127.0.0.1
2023-07-16 18:57:34,658 [IPC Server handler 16 on default port 15001] WARN  node.SCMNodeManager (SCMNodeManager.java:getNodesByAddress(1373)) - Cannot find node for address 127.0.0.1
2023-07-16 18:57:34,659 [IPC Server handler 3 on default port 15001] WARN  node.SCMNodeManager (SCMNodeManager.java:getNodesByAddress(1373)) - Cannot find node for address 127.0.0.1
2023-07-16 18:57:34,660 [IPC Server handler 0 on default port 15001] WARN  node.SCMNodeManager (SCMNodeManager.java:getNodesByAddress(1373)) - Cannot find node for address 127.0.0.1
]]></system-out>
  </testcase>
  <testcase name="testMPUwithTwoStreamParts" classname="TestOzoneAtRestEncryption" time="2.117">
    <system-out><![CDATA[2023-07-16 18:57:46,697 [main] INFO  rpc.RpcClient (RpcClient.java:createVolume(460)) - Creating Volume: 053a0877-6256-44fc-917f-b94fea088970, with runner as owner and space quota set to -1 bytes, counts quota set to -1
2023-07-16 18:57:46,701 [OM StateMachine ApplyTransaction Thread - 0] INFO  volume.OMVolumeCreateRequest (OMVolumeCreateRequest.java:validateAndUpdateCache(196)) - created volume:053a0877-6256-44fc-917f-b94fea088970 for user:runner
2023-07-16 18:57:46,709 [main] INFO  rpc.RpcClient (RpcClient.java:createBucket(687)) - Creating Bucket: 053a0877-6256-44fc-917f-b94fea088970/0a9a5209-86c2-4233-bf83-f138dfb8fec4, with bucket layout OBJECT_STORE, runner as owner, Versioning false, Storage Type set to DISK and Encryption set to true, Replication Type set to server-side default replication type, Namespace Quota set to -1, Space Quota set to -1 
2023-07-16 18:57:46,711 [qtp1568159144-17] INFO  kms-audit (SimpleKMSAuditLogger.java:logAuditSimpleFormat(93)) - OK[op=GET_METADATA, key=key1, user=runner] 
2023-07-16 18:57:46,714 [OM StateMachine ApplyTransaction Thread - 0] INFO  bucket.OMBucketCreateRequest (OMBucketCreateRequest.java:validateAndUpdateCache(270)) - created bucket: 0a9a5209-86c2-4233-bf83-f138dfb8fec4 of layout OBJECT_STORE in volume: 053a0877-6256-44fc-917f-b94fea088970
2023-07-16 18:57:46,770 [main] INFO  client.DataStreamClient (ConfUtils.java:logGet(46)) - raft.datastream.type = NETTY (custom)
2023-07-16 18:57:46,770 [main] INFO  netty.NettyConfigKeys$DataStream (ConfUtils.java:logGet(46)) - raft.netty.dataStream.client.tls.conf = null (default)
2023-07-16 18:57:46,770 [main] INFO  netty.NettyConfigKeys$DataStream (ConfUtils.java:logGet(46)) - raft.netty.dataStream.client.reply.queue.grace-period = 1s (default)
2023-07-16 18:57:46,771 [main] INFO  netty.NettyConfigKeys$DataStream (ConfUtils.java:logGet(46)) - raft.netty.dataStream.client.worker-group.share = false (default)
2023-07-16 18:57:46,771 [main] INFO  netty.NettyConfigKeys$DataStream (ConfUtils.java:logGet(46)) - raft.netty.dataStream.client.worker-group.size = 4 (default)
2023-07-16 18:57:46,775 [262e2cc5-1901-4d20-b00f-c120f2342a1b-NettyServerStreamRpc-bossGroup--thread1] INFO  logging.LoggingHandler (AbstractInternalLogger.java:log(148)) - [id: 0x87407e09, L:/0:0:0:0:0:0:0:0:15042] READ: [id: 0x288c1f41, L:/10.1.0.14:15042 - R:/10.1.0.14:47920]
2023-07-16 18:57:46,786 [262e2cc5-1901-4d20-b00f-c120f2342a1b-NettyServerStreamRpc-bossGroup--thread1] INFO  logging.LoggingHandler (AbstractInternalLogger.java:log(148)) - [id: 0x87407e09, L:/0:0:0:0:0:0:0:0:15042] READ COMPLETE
2023-07-16 18:57:46,906 [main] INFO  client.DataStreamClient (ConfUtils.java:logGet(46)) - raft.datastream.type = NETTY (custom)
2023-07-16 18:57:46,906 [main] INFO  netty.NettyConfigKeys$DataStream (ConfUtils.java:logGet(46)) - raft.netty.dataStream.client.tls.conf = null (default)
2023-07-16 18:57:46,906 [main] INFO  netty.NettyConfigKeys$DataStream (ConfUtils.java:logGet(46)) - raft.netty.dataStream.client.reply.queue.grace-period = 1s (default)
2023-07-16 18:57:46,907 [main] INFO  netty.NettyConfigKeys$DataStream (ConfUtils.java:logGet(46)) - raft.netty.dataStream.client.worker-group.share = false (default)
2023-07-16 18:57:46,908 [main] INFO  netty.NettyConfigKeys$DataStream (ConfUtils.java:logGet(46)) - raft.netty.dataStream.client.worker-group.size = 4 (default)
2023-07-16 18:57:46,916 [0b1f3054-766a-487f-b63d-c6e216ac8926-NettyServerStreamRpc-bossGroup--thread1] INFO  logging.LoggingHandler (AbstractInternalLogger.java:log(148)) - [id: 0x5a0a41da, L:/0:0:0:0:0:0:0:0:15060] READ: [id: 0x5fac76c8, L:/10.1.0.14:15060 - R:/10.1.0.14:45496]
2023-07-16 18:57:46,918 [0b1f3054-766a-487f-b63d-c6e216ac8926-NettyServerStreamRpc-bossGroup--thread1] INFO  logging.LoggingHandler (AbstractInternalLogger.java:log(148)) - [id: 0x5a0a41da, L:/0:0:0:0:0:0:0:0:15060] READ COMPLETE
2023-07-16 18:57:46,960 [main] INFO  client.DataStreamClient (ConfUtils.java:logGet(46)) - raft.datastream.type = NETTY (custom)
2023-07-16 18:57:46,960 [main] INFO  netty.NettyConfigKeys$DataStream (ConfUtils.java:logGet(46)) - raft.netty.dataStream.client.tls.conf = null (default)
2023-07-16 18:57:46,960 [main] INFO  netty.NettyConfigKeys$DataStream (ConfUtils.java:logGet(46)) - raft.netty.dataStream.client.reply.queue.grace-period = 1s (default)
2023-07-16 18:57:46,960 [main] INFO  netty.NettyConfigKeys$DataStream (ConfUtils.java:logGet(46)) - raft.netty.dataStream.client.worker-group.share = false (default)
2023-07-16 18:57:46,961 [main] INFO  netty.NettyConfigKeys$DataStream (ConfUtils.java:logGet(46)) - raft.netty.dataStream.client.worker-group.size = 4 (default)
2023-07-16 18:57:46,962 [0e76f3da-5374-4d3e-bc44-9848a147cb1b-NettyServerStreamRpc-bossGroup--thread1] INFO  logging.LoggingHandler (AbstractInternalLogger.java:log(148)) - [id: 0xc4381082, L:/0:0:0:0:0:0:0:0:15015] READ: [id: 0x542a6f55, L:/10.1.0.14:15015 - R:/10.1.0.14:44334]
2023-07-16 18:57:46,962 [0e76f3da-5374-4d3e-bc44-9848a147cb1b-NettyServerStreamRpc-bossGroup--thread1] INFO  logging.LoggingHandler (AbstractInternalLogger.java:log(148)) - [id: 0xc4381082, L:/0:0:0:0:0:0:0:0:15015] READ COMPLETE
2023-07-16 18:57:47,089 [main] INFO  client.DataStreamClient (ConfUtils.java:logGet(46)) - raft.datastream.type = NETTY (custom)
2023-07-16 18:57:47,089 [main] INFO  netty.NettyConfigKeys$DataStream (ConfUtils.java:logGet(46)) - raft.netty.dataStream.client.tls.conf = null (default)
2023-07-16 18:57:47,089 [main] INFO  netty.NettyConfigKeys$DataStream (ConfUtils.java:logGet(46)) - raft.netty.dataStream.client.reply.queue.grace-period = 1s (default)
2023-07-16 18:57:47,089 [main] INFO  netty.NettyConfigKeys$DataStream (ConfUtils.java:logGet(46)) - raft.netty.dataStream.client.worker-group.share = false (default)
2023-07-16 18:57:47,089 [main] INFO  netty.NettyConfigKeys$DataStream (ConfUtils.java:logGet(46)) - raft.netty.dataStream.client.worker-group.size = 4 (default)
2023-07-16 18:57:47,103 [c23d9737-c121-4244-9e77-c55c15e0a23c-NettyServerStreamRpc-bossGroup--thread1] INFO  logging.LoggingHandler (AbstractInternalLogger.java:log(148)) - [id: 0xa8d24431, L:/0:0:0:0:0:0:0:0:15033] READ: [id: 0x42d50c99, L:/10.1.0.14:15033 - R:/10.1.0.14:36424]
2023-07-16 18:57:47,109 [c23d9737-c121-4244-9e77-c55c15e0a23c-NettyServerStreamRpc-bossGroup--thread1] INFO  logging.LoggingHandler (AbstractInternalLogger.java:log(148)) - [id: 0xa8d24431, L:/0:0:0:0:0:0:0:0:15033] READ COMPLETE
2023-07-16 18:57:47,200 [OM StateMachine ApplyTransaction Thread - 0] DEBUG db.CodecBuffer (CodecBuffer.java:setCapacity(212)) - setCapacity: 4096 -> 10886, max=2147483647
2023-07-16 18:57:47,204 [IPC Server handler 12 on default port 15001] WARN  node.SCMNodeManager (SCMNodeManager.java:getNodesByAddress(1373)) - Cannot find node for address 127.0.0.1
2023-07-16 18:57:47,205 [IPC Server handler 17 on default port 15001] WARN  node.SCMNodeManager (SCMNodeManager.java:getNodesByAddress(1373)) - Cannot find node for address 127.0.0.1
2023-07-16 18:57:47,206 [IPC Server handler 8 on default port 15001] WARN  node.SCMNodeManager (SCMNodeManager.java:getNodesByAddress(1373)) - Cannot find node for address 127.0.0.1
2023-07-16 18:57:47,206 [IPC Server handler 5 on default port 15001] WARN  node.SCMNodeManager (SCMNodeManager.java:getNodesByAddress(1373)) - Cannot find node for address 127.0.0.1
2023-07-16 18:57:47,207 [IPC Server handler 1 on default port 15001] WARN  node.SCMNodeManager (SCMNodeManager.java:getNodesByAddress(1373)) - Cannot find node for address 127.0.0.1
2023-07-16 18:57:47,208 [IPC Server handler 13 on default port 15001] WARN  node.SCMNodeManager (SCMNodeManager.java:getNodesByAddress(1373)) - Cannot find node for address 127.0.0.1
2023-07-16 18:57:47,208 [IPC Server handler 7 on default port 15001] WARN  node.SCMNodeManager (SCMNodeManager.java:getNodesByAddress(1373)) - Cannot find node for address 127.0.0.1
]]></system-out>
  </testcase>
  <testcase name="testMPUwithThreeStreamPartsOverride" classname="TestOzoneAtRestEncryption" time="5.45">
    <system-out><![CDATA[2023-07-16 18:57:34,670 [main] INFO  rpc.RpcClient (RpcClient.java:createVolume(460)) - Creating Volume: 612b5efe-499c-4d81-a9e3-55b6064dc89b, with runner as owner and space quota set to -1 bytes, counts quota set to -1
2023-07-16 18:57:34,674 [OM StateMachine ApplyTransaction Thread - 0] INFO  volume.OMVolumeCreateRequest (OMVolumeCreateRequest.java:validateAndUpdateCache(196)) - created volume:612b5efe-499c-4d81-a9e3-55b6064dc89b for user:runner
2023-07-16 18:57:34,681 [main] INFO  rpc.RpcClient (RpcClient.java:createBucket(687)) - Creating Bucket: 612b5efe-499c-4d81-a9e3-55b6064dc89b/0ca5e3d9-ebe1-44f2-bbe6-3400d31846c2, with bucket layout FILE_SYSTEM_OPTIMIZED, runner as owner, Versioning false, Storage Type set to DISK and Encryption set to true, Replication Type set to server-side default replication type, Namespace Quota set to -1, Space Quota set to -1 
2023-07-16 18:57:34,683 [qtp1568159144-20] INFO  kms-audit (SimpleKMSAuditLogger.java:logAuditSimpleFormat(93)) - OK[op=GET_METADATA, key=key1, user=runner] 
2023-07-16 18:57:34,686 [OM StateMachine ApplyTransaction Thread - 0] INFO  bucket.OMBucketCreateRequest (OMBucketCreateRequest.java:validateAndUpdateCache(270)) - created bucket: 0ca5e3d9-ebe1-44f2-bbe6-3400d31846c2 of layout FILE_SYSTEM_OPTIMIZED in volume: 612b5efe-499c-4d81-a9e3-55b6064dc89b
2023-07-16 18:57:35,369 [OM StateMachine ApplyTransaction Thread - 0] DEBUG db.CodecBuffer (CodecBuffer.java:setCapacity(212)) - setCapacity: 4096 -> 10908, max=2147483647
2023-07-16 18:57:35,376 [OM StateMachine ApplyTransaction Thread - 0] DEBUG db.CodecBuffer (CodecBuffer.java:setCapacity(212)) - setCapacity: 4096 -> 20589, max=2147483647
2023-07-16 18:57:35,382 [IPC Server handler 10 on default port 15001] WARN  node.SCMNodeManager (SCMNodeManager.java:getNodesByAddress(1373)) - Cannot find node for address 127.0.0.1
2023-07-16 18:57:35,383 [IPC Server handler 14 on default port 15001] WARN  node.SCMNodeManager (SCMNodeManager.java:getNodesByAddress(1373)) - Cannot find node for address 127.0.0.1
2023-07-16 18:57:35,384 [IPC Server handler 11 on default port 15001] WARN  node.SCMNodeManager (SCMNodeManager.java:getNodesByAddress(1373)) - Cannot find node for address 127.0.0.1
2023-07-16 18:57:35,384 [IPC Server handler 9 on default port 15001] WARN  node.SCMNodeManager (SCMNodeManager.java:getNodesByAddress(1373)) - Cannot find node for address 127.0.0.1
2023-07-16 18:57:35,385 [IPC Server handler 18 on default port 15001] WARN  node.SCMNodeManager (SCMNodeManager.java:getNodesByAddress(1373)) - Cannot find node for address 127.0.0.1
2023-07-16 18:57:35,386 [IPC Server handler 6 on default port 15001] WARN  node.SCMNodeManager (SCMNodeManager.java:getNodesByAddress(1373)) - Cannot find node for address 127.0.0.1
2023-07-16 18:57:35,386 [IPC Server handler 4 on default port 15001] WARN  node.SCMNodeManager (SCMNodeManager.java:getNodesByAddress(1373)) - Cannot find node for address 127.0.0.1
2023-07-16 18:57:35,387 [IPC Server handler 2 on default port 15001] WARN  node.SCMNodeManager (SCMNodeManager.java:getNodesByAddress(1373)) - Cannot find node for address 127.0.0.1
2023-07-16 18:57:35,388 [IPC Server handler 15 on default port 15001] WARN  node.SCMNodeManager (SCMNodeManager.java:getNodesByAddress(1373)) - Cannot find node for address 127.0.0.1
2023-07-16 18:57:35,388 [IPC Server handler 19 on default port 15001] WARN  node.SCMNodeManager (SCMNodeManager.java:getNodesByAddress(1373)) - Cannot find node for address 127.0.0.1
2023-07-16 18:57:37,587 [main] INFO  client.DataStreamClient (ConfUtils.java:logGet(46)) - raft.datastream.type = NETTY (custom)
2023-07-16 18:57:37,587 [main] INFO  netty.NettyConfigKeys$DataStream (ConfUtils.java:logGet(46)) - raft.netty.dataStream.client.tls.conf = null (default)
2023-07-16 18:57:37,588 [main] INFO  netty.NettyConfigKeys$DataStream (ConfUtils.java:logGet(46)) - raft.netty.dataStream.client.reply.queue.grace-period = 1s (default)
2023-07-16 18:57:37,588 [main] INFO  netty.NettyConfigKeys$DataStream (ConfUtils.java:logGet(46)) - raft.netty.dataStream.client.worker-group.share = false (default)
2023-07-16 18:57:37,588 [main] INFO  netty.NettyConfigKeys$DataStream (ConfUtils.java:logGet(46)) - raft.netty.dataStream.client.worker-group.size = 4 (default)
2023-07-16 18:57:37,594 [262e2cc5-1901-4d20-b00f-c120f2342a1b-NettyServerStreamRpc-bossGroup--thread1] INFO  logging.LoggingHandler (AbstractInternalLogger.java:log(148)) - [id: 0x87407e09, L:/0:0:0:0:0:0:0:0:15042] READ: [id: 0x4e3729c8, L:/10.1.0.14:15042 - R:/10.1.0.14:50784]
2023-07-16 18:57:37,599 [262e2cc5-1901-4d20-b00f-c120f2342a1b-NettyServerStreamRpc-bossGroup--thread1] INFO  logging.LoggingHandler (AbstractInternalLogger.java:log(148)) - [id: 0x87407e09, L:/0:0:0:0:0:0:0:0:15042] READ COMPLETE
2023-07-16 18:57:37,740 [OM StateMachine ApplyTransaction Thread - 0] DEBUG db.CodecBuffer (CodecBuffer.java:setCapacity(212)) - setCapacity: 4096 -> 10920, max=2147483647
2023-07-16 18:57:37,744 [OM StateMachine ApplyTransaction Thread - 0] DEBUG db.CodecBuffer (CodecBuffer.java:setCapacity(212)) - setCapacity: 4096 -> 20590, max=2147483647
2023-07-16 18:57:37,752 [IPC Server handler 1 on default port 15001] WARN  node.SCMNodeManager (SCMNodeManager.java:getNodesByAddress(1373)) - Cannot find node for address 127.0.0.1
2023-07-16 18:57:37,753 [IPC Server handler 5 on default port 15001] WARN  node.SCMNodeManager (SCMNodeManager.java:getNodesByAddress(1373)) - Cannot find node for address 127.0.0.1
2023-07-16 18:57:37,754 [IPC Server handler 10 on default port 15001] WARN  node.SCMNodeManager (SCMNodeManager.java:getNodesByAddress(1373)) - Cannot find node for address 127.0.0.1
2023-07-16 18:57:37,754 [IPC Server handler 14 on default port 15001] WARN  node.SCMNodeManager (SCMNodeManager.java:getNodesByAddress(1373)) - Cannot find node for address 127.0.0.1
2023-07-16 18:57:37,755 [IPC Server handler 11 on default port 15001] WARN  node.SCMNodeManager (SCMNodeManager.java:getNodesByAddress(1373)) - Cannot find node for address 127.0.0.1
2023-07-16 18:57:37,756 [IPC Server handler 9 on default port 15001] WARN  node.SCMNodeManager (SCMNodeManager.java:getNodesByAddress(1373)) - Cannot find node for address 127.0.0.1
2023-07-16 18:57:37,756 [IPC Server handler 18 on default port 15001] WARN  node.SCMNodeManager (SCMNodeManager.java:getNodesByAddress(1373)) - Cannot find node for address 127.0.0.1
2023-07-16 18:57:37,757 [IPC Server handler 6 on default port 15001] WARN  node.SCMNodeManager (SCMNodeManager.java:getNodesByAddress(1373)) - Cannot find node for address 127.0.0.1
2023-07-16 18:57:37,758 [IPC Server handler 4 on default port 15001] WARN  node.SCMNodeManager (SCMNodeManager.java:getNodesByAddress(1373)) - Cannot find node for address 127.0.0.1
2023-07-16 18:57:37,758 [IPC Server handler 2 on default port 15001] WARN  node.SCMNodeManager (SCMNodeManager.java:getNodesByAddress(1373)) - Cannot find node for address 127.0.0.1
2023-07-16 18:57:39,937 [kms-audit_thread] INFO  kms-audit (SimpleKMSAuditLogger.java:logAuditEvent(59)) - OK[op=DECRYPT_EEK, key=key1, user=runner, accessCount=18, interval=20965ms] 
]]></system-out>
  </testcase>
  <testcase name="testMPUwithThreeStreamPartsOverride" classname="TestOzoneAtRestEncryption" time="4.028">
    <system-out><![CDATA[2023-07-16 18:57:48,815 [main] INFO  rpc.RpcClient (RpcClient.java:createVolume(460)) - Creating Volume: a98b1790-4035-47f5-ba83-e4c71847ba3e, with runner as owner and space quota set to -1 bytes, counts quota set to -1
2023-07-16 18:57:48,817 [OM StateMachine ApplyTransaction Thread - 0] INFO  volume.OMVolumeCreateRequest (OMVolumeCreateRequest.java:validateAndUpdateCache(196)) - created volume:a98b1790-4035-47f5-ba83-e4c71847ba3e for user:runner
2023-07-16 18:57:48,819 [main] INFO  rpc.RpcClient (RpcClient.java:createBucket(687)) - Creating Bucket: a98b1790-4035-47f5-ba83-e4c71847ba3e/3e8608a4-f1ba-464d-b8e6-e6a8447c5af2, with bucket layout OBJECT_STORE, runner as owner, Versioning false, Storage Type set to DISK and Encryption set to true, Replication Type set to server-side default replication type, Namespace Quota set to -1, Space Quota set to -1 
2023-07-16 18:57:48,822 [qtp1568159144-20] INFO  kms-audit (SimpleKMSAuditLogger.java:logAuditSimpleFormat(93)) - OK[op=GET_METADATA, key=key1, user=runner] 
2023-07-16 18:57:48,825 [OM StateMachine ApplyTransaction Thread - 0] INFO  bucket.OMBucketCreateRequest (OMBucketCreateRequest.java:validateAndUpdateCache(270)) - created bucket: 3e8608a4-f1ba-464d-b8e6-e6a8447c5af2 of layout OBJECT_STORE in volume: a98b1790-4035-47f5-ba83-e4c71847ba3e
2023-07-16 18:57:49,345 [OM StateMachine ApplyTransaction Thread - 0] DEBUG db.CodecBuffer (CodecBuffer.java:setCapacity(212)) - setCapacity: 4096 -> 10903, max=2147483647
2023-07-16 18:57:49,349 [OM StateMachine ApplyTransaction Thread - 0] DEBUG db.CodecBuffer (CodecBuffer.java:setCapacity(212)) - setCapacity: 4096 -> 20571, max=2147483647
2023-07-16 18:57:49,354 [IPC Server handler 15 on default port 15001] WARN  node.SCMNodeManager (SCMNodeManager.java:getNodesByAddress(1373)) - Cannot find node for address 127.0.0.1
2023-07-16 18:57:49,355 [IPC Server handler 4 on default port 15001] WARN  node.SCMNodeManager (SCMNodeManager.java:getNodesByAddress(1373)) - Cannot find node for address 127.0.0.1
2023-07-16 18:57:49,355 [IPC Server handler 19 on default port 15001] WARN  node.SCMNodeManager (SCMNodeManager.java:getNodesByAddress(1373)) - Cannot find node for address 127.0.0.1
2023-07-16 18:57:49,356 [IPC Server handler 16 on default port 15001] WARN  node.SCMNodeManager (SCMNodeManager.java:getNodesByAddress(1373)) - Cannot find node for address 127.0.0.1
2023-07-16 18:57:49,356 [IPC Server handler 3 on default port 15001] WARN  node.SCMNodeManager (SCMNodeManager.java:getNodesByAddress(1373)) - Cannot find node for address 127.0.0.1
2023-07-16 18:57:49,357 [IPC Server handler 0 on default port 15001] WARN  node.SCMNodeManager (SCMNodeManager.java:getNodesByAddress(1373)) - Cannot find node for address 127.0.0.1
2023-07-16 18:57:49,357 [IPC Server handler 12 on default port 15001] WARN  node.SCMNodeManager (SCMNodeManager.java:getNodesByAddress(1373)) - Cannot find node for address 127.0.0.1
2023-07-16 18:57:49,358 [IPC Server handler 17 on default port 15001] WARN  node.SCMNodeManager (SCMNodeManager.java:getNodesByAddress(1373)) - Cannot find node for address 127.0.0.1
2023-07-16 18:57:49,359 [IPC Server handler 8 on default port 15001] WARN  node.SCMNodeManager (SCMNodeManager.java:getNodesByAddress(1373)) - Cannot find node for address 127.0.0.1
2023-07-16 18:57:49,359 [IPC Server handler 5 on default port 15001] WARN  node.SCMNodeManager (SCMNodeManager.java:getNodesByAddress(1373)) - Cannot find node for address 127.0.0.1
2023-07-16 18:57:50,139 [qtp1568159144-20] INFO  kms-audit (SimpleKMSAuditLogger.java:logAuditEvent(59)) - OK[op=DECRYPT_EEK, key=key1, user=runner, accessCount=35, interval=31167ms] 
2023-07-16 18:57:50,140 [qtp1568159144-20] INFO  kms-audit (SimpleKMSAuditLogger.java:logAuditEvent(59)) - OK[op=DECRYPT_EEK, key=key1, user=runner, accessCount=1, interval=0ms] 
2023-07-16 18:57:50,718 [main] INFO  client.DataStreamClient (ConfUtils.java:logGet(46)) - raft.datastream.type = NETTY (custom)
2023-07-16 18:57:50,719 [main] INFO  netty.NettyConfigKeys$DataStream (ConfUtils.java:logGet(46)) - raft.netty.dataStream.client.tls.conf = null (default)
2023-07-16 18:57:50,719 [main] INFO  netty.NettyConfigKeys$DataStream (ConfUtils.java:logGet(46)) - raft.netty.dataStream.client.reply.queue.grace-period = 1s (default)
2023-07-16 18:57:50,719 [main] INFO  netty.NettyConfigKeys$DataStream (ConfUtils.java:logGet(46)) - raft.netty.dataStream.client.worker-group.share = false (default)
2023-07-16 18:57:50,719 [main] INFO  netty.NettyConfigKeys$DataStream (ConfUtils.java:logGet(46)) - raft.netty.dataStream.client.worker-group.size = 4 (default)
2023-07-16 18:57:50,721 [7fbcf281-0606-4cdd-9e49-7a456e1aa2a0-NettyServerStreamRpc-bossGroup--thread1] INFO  logging.LoggingHandler (AbstractInternalLogger.java:log(148)) - [id: 0x0256e492, L:/0:0:0:0:0:0:0:0:15096] READ: [id: 0xbd38ea07, L:/10.1.0.14:15096 - R:/10.1.0.14:52342]
2023-07-16 18:57:50,725 [7fbcf281-0606-4cdd-9e49-7a456e1aa2a0-NettyServerStreamRpc-bossGroup--thread1] INFO  logging.LoggingHandler (AbstractInternalLogger.java:log(148)) - [id: 0x0256e492, L:/0:0:0:0:0:0:0:0:15096] READ COMPLETE
2023-07-16 18:57:50,890 [OM StateMachine ApplyTransaction Thread - 0] DEBUG db.CodecBuffer (CodecBuffer.java:setCapacity(212)) - setCapacity: 4096 -> 10893, max=2147483647
2023-07-16 18:57:50,897 [OM StateMachine ApplyTransaction Thread - 0] DEBUG db.CodecBuffer (CodecBuffer.java:setCapacity(212)) - setCapacity: 4096 -> 20573, max=2147483647
2023-07-16 18:57:50,903 [IPC Server handler 5 on default port 15001] WARN  node.SCMNodeManager (SCMNodeManager.java:getNodesByAddress(1373)) - Cannot find node for address 127.0.0.1
2023-07-16 18:57:50,904 [IPC Server handler 1 on default port 15001] WARN  node.SCMNodeManager (SCMNodeManager.java:getNodesByAddress(1373)) - Cannot find node for address 127.0.0.1
2023-07-16 18:57:50,905 [IPC Server handler 13 on default port 15001] WARN  node.SCMNodeManager (SCMNodeManager.java:getNodesByAddress(1373)) - Cannot find node for address 127.0.0.1
2023-07-16 18:57:50,905 [IPC Server handler 7 on default port 15001] WARN  node.SCMNodeManager (SCMNodeManager.java:getNodesByAddress(1373)) - Cannot find node for address 127.0.0.1
2023-07-16 18:57:50,906 [IPC Server handler 10 on default port 15001] WARN  node.SCMNodeManager (SCMNodeManager.java:getNodesByAddress(1373)) - Cannot find node for address 127.0.0.1
2023-07-16 18:57:50,907 [IPC Server handler 14 on default port 15001] WARN  node.SCMNodeManager (SCMNodeManager.java:getNodesByAddress(1373)) - Cannot find node for address 127.0.0.1
2023-07-16 18:57:50,907 [IPC Server handler 11 on default port 15001] WARN  node.SCMNodeManager (SCMNodeManager.java:getNodesByAddress(1373)) - Cannot find node for address 127.0.0.1
2023-07-16 18:57:50,908 [IPC Server handler 9 on default port 15001] WARN  node.SCMNodeManager (SCMNodeManager.java:getNodesByAddress(1373)) - Cannot find node for address 127.0.0.1
2023-07-16 18:57:50,908 [IPC Server handler 18 on default port 15001] WARN  node.SCMNodeManager (SCMNodeManager.java:getNodesByAddress(1373)) - Cannot find node for address 127.0.0.1
]]></system-out>
  </testcase>
  <testcase name="testKeyWithEncryptionAndGdpr" classname="TestOzoneAtRestEncryption" time="0.135">
    <system-out><![CDATA[2023-07-16 18:57:40,122 [main] INFO  rpc.RpcClient (RpcClient.java:createVolume(460)) - Creating Volume: 077a6a59-668a-4378-a398-ab3d5a387c92, with runner as owner and space quota set to -1 bytes, counts quota set to -1
2023-07-16 18:57:40,124 [OM StateMachine ApplyTransaction Thread - 0] INFO  volume.OMVolumeCreateRequest (OMVolumeCreateRequest.java:validateAndUpdateCache(196)) - created volume:077a6a59-668a-4378-a398-ab3d5a387c92 for user:runner
2023-07-16 18:57:40,127 [main] INFO  rpc.RpcClient (RpcClient.java:createBucket(687)) - Creating Bucket: 077a6a59-668a-4378-a398-ab3d5a387c92/49cd3b9b-191f-406d-852e-4d4fda57e82c, with bucket layout FILE_SYSTEM_OPTIMIZED, runner as owner, Versioning false, Storage Type set to DISK and Encryption set to true, Replication Type set to server-side default replication type, Namespace Quota set to -1, Space Quota set to -1 
2023-07-16 18:57:40,129 [qtp1568159144-17] INFO  kms-audit (SimpleKMSAuditLogger.java:logAuditSimpleFormat(93)) - OK[op=GET_METADATA, key=key1, user=runner] 
2023-07-16 18:57:40,136 [OM StateMachine ApplyTransaction Thread - 0] INFO  bucket.OMBucketCreateRequest (OMBucketCreateRequest.java:validateAndUpdateCache(270)) - created bucket: 49cd3b9b-191f-406d-852e-4d4fda57e82c of layout FILE_SYSTEM_OPTIMIZED in volume: 077a6a59-668a-4378-a398-ab3d5a387c92
2023-07-16 18:57:40,185 [IPC Server handler 19 on default port 15001] WARN  node.SCMNodeManager (SCMNodeManager.java:getNodesByAddress(1373)) - Cannot find node for address 127.0.0.1
2023-07-16 18:57:40,188 [IPC Server handler 16 on default port 15001] WARN  node.SCMNodeManager (SCMNodeManager.java:getNodesByAddress(1373)) - Cannot find node for address 127.0.0.1
]]></system-out>
  </testcase>
  <testcase name="testKeyWithEncryptionAndGdpr" classname="TestOzoneAtRestEncryption" time="0.087">
    <system-out><![CDATA[2023-07-16 18:57:52,844 [main] INFO  rpc.RpcClient (RpcClient.java:createVolume(460)) - Creating Volume: 67ed2e3f-c7fe-4ee0-bd62-306b9dcef52a, with runner as owner and space quota set to -1 bytes, counts quota set to -1
2023-07-16 18:57:52,847 [OM StateMachine ApplyTransaction Thread - 0] INFO  volume.OMVolumeCreateRequest (OMVolumeCreateRequest.java:validateAndUpdateCache(196)) - created volume:67ed2e3f-c7fe-4ee0-bd62-306b9dcef52a for user:runner
2023-07-16 18:57:52,848 [main] INFO  rpc.RpcClient (RpcClient.java:createBucket(687)) - Creating Bucket: 67ed2e3f-c7fe-4ee0-bd62-306b9dcef52a/9b3ed563-5cbf-47e2-90e2-1c07d657bbbe, with bucket layout OBJECT_STORE, runner as owner, Versioning false, Storage Type set to DISK and Encryption set to true, Replication Type set to server-side default replication type, Namespace Quota set to -1, Space Quota set to -1 
2023-07-16 18:57:52,851 [qtp1568159144-20] INFO  kms-audit (SimpleKMSAuditLogger.java:logAuditSimpleFormat(93)) - OK[op=GET_METADATA, key=key1, user=runner] 
2023-07-16 18:57:52,853 [OM StateMachine ApplyTransaction Thread - 0] INFO  bucket.OMBucketCreateRequest (OMBucketCreateRequest.java:validateAndUpdateCache(270)) - created bucket: 9b3ed563-5cbf-47e2-90e2-1c07d657bbbe of layout OBJECT_STORE in volume: 67ed2e3f-c7fe-4ee0-bd62-306b9dcef52a
2023-07-16 18:57:52,873 [IPC Server handler 8 on default port 15001] WARN  node.SCMNodeManager (SCMNodeManager.java:getNodesByAddress(1373)) - Cannot find node for address 127.0.0.1
2023-07-16 18:57:52,875 [IPC Server handler 5 on default port 15001] WARN  node.SCMNodeManager (SCMNodeManager.java:getNodesByAddress(1373)) - Cannot find node for address 127.0.0.1
]]></system-out>
  </testcase>
  <testcase name="testMPUwithLinkBucket" classname="TestOzoneAtRestEncryption" time="0.883">
    <system-out><![CDATA[2023-07-16 18:57:40,257 [main] INFO  rpc.RpcClient (RpcClient.java:createVolume(460)) - Creating Volume: 11dad628-772e-439d-a590-8902ea36fbca, with runner as owner and space quota set to -1 bytes, counts quota set to -1
2023-07-16 18:57:40,260 [OM StateMachine ApplyTransaction Thread - 0] INFO  volume.OMVolumeCreateRequest (OMVolumeCreateRequest.java:validateAndUpdateCache(196)) - created volume:11dad628-772e-439d-a590-8902ea36fbca for user:runner
2023-07-16 18:57:40,262 [main] INFO  rpc.RpcClient (RpcClient.java:createBucket(687)) - Creating Bucket: 11dad628-772e-439d-a590-8902ea36fbca/5b237acf-f750-4543-8bcc-484b0c9d396e, with bucket layout FILE_SYSTEM_OPTIMIZED, runner as owner, Versioning false, Storage Type set to DISK and Encryption set to true, Replication Type set to server-side default replication type, Namespace Quota set to -1, Space Quota set to -1 
2023-07-16 18:57:40,264 [qtp1568159144-20] INFO  kms-audit (SimpleKMSAuditLogger.java:logAuditSimpleFormat(93)) - OK[op=GET_METADATA, key=key1, user=runner] 
2023-07-16 18:57:40,268 [OM StateMachine ApplyTransaction Thread - 0] INFO  bucket.OMBucketCreateRequest (OMBucketCreateRequest.java:validateAndUpdateCache(270)) - created bucket: 5b237acf-f750-4543-8bcc-484b0c9d396e of layout FILE_SYSTEM_OPTIMIZED in volume: 11dad628-772e-439d-a590-8902ea36fbca
2023-07-16 18:57:40,270 [main] INFO  rpc.RpcClient (RpcClient.java:createVolume(460)) - Creating Volume: 092b12b4-c8a7-4285-b990-6c087394ab8b, with runner as owner and space quota set to -1 bytes, counts quota set to -1
2023-07-16 18:57:40,273 [OM StateMachine ApplyTransaction Thread - 0] INFO  volume.OMVolumeCreateRequest (OMVolumeCreateRequest.java:validateAndUpdateCache(196)) - created volume:092b12b4-c8a7-4285-b990-6c087394ab8b for user:runner
2023-07-16 18:57:40,275 [main] INFO  rpc.RpcClient (RpcClient.java:createBucket(687)) - Creating Bucket: 092b12b4-c8a7-4285-b990-6c087394ab8b/4567b79a-3362-4b4e-a94c-50627b3ac5ca, with bucket layout FILE_SYSTEM_OPTIMIZED, runner as owner, Versioning false, Storage Type set to DISK and Encryption set to false, Replication Type set to server-side default replication type, Namespace Quota set to -1, Space Quota set to -1 
2023-07-16 18:57:40,277 [OM StateMachine ApplyTransaction Thread - 0] INFO  bucket.OMBucketCreateRequest (OMBucketCreateRequest.java:validateAndUpdateCache(270)) - created bucket: 4567b79a-3362-4b4e-a94c-50627b3ac5ca of layout FILE_SYSTEM_OPTIMIZED in volume: 092b12b4-c8a7-4285-b990-6c087394ab8b
2023-07-16 18:57:40,601 [OM StateMachine ApplyTransaction Thread - 0] DEBUG db.CodecBuffer (CodecBuffer.java:setCapacity(212)) - setCapacity: 4096 -> 10920, max=2147483647
2023-07-16 18:57:40,606 [IPC Server handler 6 on default port 15001] WARN  node.SCMNodeManager (SCMNodeManager.java:getNodesByAddress(1373)) - Cannot find node for address 127.0.0.1
2023-07-16 18:57:40,607 [IPC Server handler 4 on default port 15001] WARN  node.SCMNodeManager (SCMNodeManager.java:getNodesByAddress(1373)) - Cannot find node for address 127.0.0.1
2023-07-16 18:57:40,609 [IPC Server handler 2 on default port 15001] WARN  node.SCMNodeManager (SCMNodeManager.java:getNodesByAddress(1373)) - Cannot find node for address 127.0.0.1
2023-07-16 18:57:40,610 [IPC Server handler 15 on default port 15001] WARN  node.SCMNodeManager (SCMNodeManager.java:getNodesByAddress(1373)) - Cannot find node for address 127.0.0.1
2023-07-16 18:57:40,610 [IPC Server handler 19 on default port 15001] WARN  node.SCMNodeManager (SCMNodeManager.java:getNodesByAddress(1373)) - Cannot find node for address 127.0.0.1
2023-07-16 18:57:40,611 [IPC Server handler 16 on default port 15001] WARN  node.SCMNodeManager (SCMNodeManager.java:getNodesByAddress(1373)) - Cannot find node for address 127.0.0.1
2023-07-16 18:57:40,612 [IPC Server handler 3 on default port 15001] WARN  node.SCMNodeManager (SCMNodeManager.java:getNodesByAddress(1373)) - Cannot find node for address 127.0.0.1
2023-07-16 18:57:40,612 [IPC Server handler 0 on default port 15001] WARN  node.SCMNodeManager (SCMNodeManager.java:getNodesByAddress(1373)) - Cannot find node for address 127.0.0.1
]]></system-out>
  </testcase>
  <testcase name="testMPUwithLinkBucket" classname="TestOzoneAtRestEncryption" time="0.724">
    <system-out><![CDATA[2023-07-16 18:57:52,931 [main] INFO  rpc.RpcClient (RpcClient.java:createVolume(460)) - Creating Volume: fe90675b-44ab-42c9-abad-bb4095ef7010, with runner as owner and space quota set to -1 bytes, counts quota set to -1
2023-07-16 18:57:52,933 [OM StateMachine ApplyTransaction Thread - 0] INFO  volume.OMVolumeCreateRequest (OMVolumeCreateRequest.java:validateAndUpdateCache(196)) - created volume:fe90675b-44ab-42c9-abad-bb4095ef7010 for user:runner
2023-07-16 18:57:52,935 [main] INFO  rpc.RpcClient (RpcClient.java:createBucket(687)) - Creating Bucket: fe90675b-44ab-42c9-abad-bb4095ef7010/cc0cefeb-89dd-4412-a37f-f072b952aea5, with bucket layout OBJECT_STORE, runner as owner, Versioning false, Storage Type set to DISK and Encryption set to true, Replication Type set to server-side default replication type, Namespace Quota set to -1, Space Quota set to -1 
2023-07-16 18:57:52,936 [qtp1568159144-20] INFO  kms-audit (SimpleKMSAuditLogger.java:logAuditSimpleFormat(93)) - OK[op=GET_METADATA, key=key1, user=runner] 
2023-07-16 18:57:52,939 [OM StateMachine ApplyTransaction Thread - 0] INFO  bucket.OMBucketCreateRequest (OMBucketCreateRequest.java:validateAndUpdateCache(270)) - created bucket: cc0cefeb-89dd-4412-a37f-f072b952aea5 of layout OBJECT_STORE in volume: fe90675b-44ab-42c9-abad-bb4095ef7010
2023-07-16 18:57:52,940 [main] INFO  rpc.RpcClient (RpcClient.java:createVolume(460)) - Creating Volume: d52f1604-3bce-4b33-9e2e-25398efdc8c0, with runner as owner and space quota set to -1 bytes, counts quota set to -1
2023-07-16 18:57:52,942 [OM StateMachine ApplyTransaction Thread - 0] INFO  volume.OMVolumeCreateRequest (OMVolumeCreateRequest.java:validateAndUpdateCache(196)) - created volume:d52f1604-3bce-4b33-9e2e-25398efdc8c0 for user:runner
2023-07-16 18:57:52,943 [main] INFO  rpc.RpcClient (RpcClient.java:createBucket(687)) - Creating Bucket: d52f1604-3bce-4b33-9e2e-25398efdc8c0/95542a89-bf91-4e5a-be7c-f04f012c8e80, with bucket layout OBJECT_STORE, runner as owner, Versioning false, Storage Type set to DISK and Encryption set to false, Replication Type set to server-side default replication type, Namespace Quota set to -1, Space Quota set to -1 
2023-07-16 18:57:52,944 [OM StateMachine ApplyTransaction Thread - 0] INFO  bucket.OMBucketCreateRequest (OMBucketCreateRequest.java:validateAndUpdateCache(270)) - created bucket: 95542a89-bf91-4e5a-be7c-f04f012c8e80 of layout OBJECT_STORE in volume: d52f1604-3bce-4b33-9e2e-25398efdc8c0
2023-07-16 18:57:53,203 [OM StateMachine ApplyTransaction Thread - 0] DEBUG db.CodecBuffer (CodecBuffer.java:setCapacity(212)) - setCapacity: 4096 -> 10911, max=2147483647
2023-07-16 18:57:53,206 [IPC Server handler 7 on default port 15001] WARN  node.SCMNodeManager (SCMNodeManager.java:getNodesByAddress(1373)) - Cannot find node for address 127.0.0.1
2023-07-16 18:57:53,207 [IPC Server handler 10 on default port 15001] WARN  node.SCMNodeManager (SCMNodeManager.java:getNodesByAddress(1373)) - Cannot find node for address 127.0.0.1
2023-07-16 18:57:53,207 [IPC Server handler 14 on default port 15001] WARN  node.SCMNodeManager (SCMNodeManager.java:getNodesByAddress(1373)) - Cannot find node for address 127.0.0.1
2023-07-16 18:57:53,208 [IPC Server handler 11 on default port 15001] WARN  node.SCMNodeManager (SCMNodeManager.java:getNodesByAddress(1373)) - Cannot find node for address 127.0.0.1
2023-07-16 18:57:53,209 [IPC Server handler 9 on default port 15001] WARN  node.SCMNodeManager (SCMNodeManager.java:getNodesByAddress(1373)) - Cannot find node for address 127.0.0.1
2023-07-16 18:57:53,209 [IPC Server handler 18 on default port 15001] WARN  node.SCMNodeManager (SCMNodeManager.java:getNodesByAddress(1373)) - Cannot find node for address 127.0.0.1
2023-07-16 18:57:53,209 [IPC Server handler 6 on default port 15001] WARN  node.SCMNodeManager (SCMNodeManager.java:getNodesByAddress(1373)) - Cannot find node for address 127.0.0.1
2023-07-16 18:57:53,210 [IPC Server handler 2 on default port 15001] WARN  node.SCMNodeManager (SCMNodeManager.java:getNodesByAddress(1373)) - Cannot find node for address 127.0.0.1
]]></system-out>
  </testcase>
</testsuite>